x
0.3641
0.3728
0.3584
0.3686
0.362
0.3642
0.3669
0.3555
0.3591
0.376
0.3668
0.3741
0.3624
0.3797
0.3698
0.3501
0.3589
0.3667
0.3633
0.3668
0.3701
0.3672
0.3695
0.376
0.3578
0.3678
0.3528
0.3797
0.3621
0.3749
0.3702
0.3606
0.3615
0.3789
0.3778
0.3664
0.3762
0.3823
0.379
0.3625
0.375
0.3665
0.3372
0.3744
0.3639
0.3679
0.3593
0.3764
0.3604
0.3701
0.3653
0.3673
0.3597
0.3661
0.3692
0.3892
0.3678
0.3721
0.3517
0.3558
0.3564
0.3585
0.3443
0.3661
0.3735
0.3867
0.3747
0.3673
0.356
0.3676
0.3723
0.3639
0.3661
0.3682
0.3702
0.3655
0.3661
0.3777
0.3521
0.373
0.3739
0.3614
0.37
0.3639
0.3625
0.3775
0.3721
0.3771
0.3793
0.3669
0.354
0.3726
0.3747
0.3765
0.3545
0.3678
0.3629
0.3725
0.3757
0.3763
0.3577
0.3686
0.3673
0.38
0.375
0.3731
0.3799
0.3786
0.3685
0.3739
0.3848
0.3635
0.3783
0.3779
0.3669
0.3596
0.3797
0.3729
0.3723
0.3769
0.3859
0.3826
0.3841
0.3565
0.3588
0.3731
0.3734
0.3568
0.3752
0.3624
0.3717
0.3574
0.3493
0.3691
0.3698
0.3654
0.3536
0.3639
0.3662
0.3791
0.3577
0.3725
0.3686
0.3635
0.3828
0.3637
0.3689
0.3663
0.373
0.3762
0.3655
0.381
0.3718
0.3811
0.367
0.3683
0.3704
0.3667
0.3768
0.3648
0.3588
0.3849
0.3563
0.381
0.3668
0.3777
0.3558
0.3748
0.3657
0.3704
0.3578
0.3662
0.3795
0.3762
0.3681
0.3706
0.3734
0.357
0.3636
0.3563
0.3736
0.3553
0.3566
0.3576
0.3546
0.3534
0.3806
0.3875
0.3785
0.3671
0.377
0.3683
0.3524
0.3517
0.3529
0.349
0.3742
0.3642
0.3633
0.3649
0.3738
0.3672
0.3695
0.3672
0.3757
0.3733
0.3675
0.3668
0.3677
0.3612
0.3726
0.3734
0.3628
0.3705
0.3756
0.3737
0.3533
0.3727
0.3802
0.3604
0.3854
0.3641
0.3755
0.3669
0.3697
0.3572
0.36
0.3678
0.364
0.3678
0.3713
0.353
0.3642
0.3757
0.3601
0.3733
0.3701
0.377
0.3593
0.367
0.3696
0.3656
0.3683
0.3707
0.3718
0.3694
0.3674
0.3707
0.3647
0.3515
0.3779
0.3795
0.3825
0.3746
0.3629
0.3517
0.3688
0.3758
0.3765
0.3482
0.3672
0.3592
0.3751
0.3591
0.3778
0.3557
0.3591
0.3727
0.3572
0.3742
0.3699
0.331
0.3818
0.3676
0.3849
0.3757
0.3496
0.3707
0.3772
0.382
0.374
0.3604
0.374
0.373
0.3671
0.3487
0.3744
0.3726
0.3576
0.3608
0.3883
0.3715
0.3635
0.3758
0.3777
0.3714
0.3786
0.3641
0.3751
0.3726
0.3801
0.3713
0.3685
0.3583
0.3838
0.3853
0.3728
0.3759
0.3578
0.3525
0.3662
0.3787
0.3483
0.3738
0.3749
0.3789
0.3803
0.3496
0.3424
0.3818
0.3594
0.3574
0.3613
0.376
0.3528
0.3747
0.3573
0.3517
0.3547
0.3728
0.3622
0.3594
0.3563
0.3758
0.3626
0.3604
0.3595
0.371
0.3718
0.3703
0.3633
0.366
0.3722
0.3731
0.3824
0.3836
0.3789
0.3696
0.3763
0.3609
0.3805
0.3759
0.3368
0.3787
0.3717
0.3633
0.3703
0.3738
0.3615
0.3693
0.3692
0.3685
0.3608
0.3654
0.3754
0.374
0.3558
0.359
0.3526
0.3601
0.3822
0.3697
0.3579
0.3755
0.3913
0.3712
0.3656
0.3604
0.3595
0.3665
0.3757
0.3751
0.3715
0.3686
0.3514
0.3806
0.3538
0.3907
0.3482
0.3653
0.3481
0.3703
0.3883
0.3534
0.3653
0.3638
0.3707
0.3638
0.37
0.3429
0.3839
0.3722
0.3778
0.3613
0.3634
0.341
0.366
0.3676
0.3552
0.3652
0.3774
0.3504
0.3746
0.3648
0.382
0.3478
0.3504
0.3634
0.3602
0.3697
0.3677
0.3697
0.3661
0.3644
0.3702
0.3634
0.3805
0.365
0.3587
0.3741
0.3429
0.3736
0.3767
0.3663
0.3653
0.3717
0.3768
0.3831
0.351
0.366
0.3706
0.3504
0.3735
0.3629
0.3674
0.3746
0.3658
0.3703
0.374
0.3589
0.3615
0.3677
0.3768
0.3638
0.3738
0.388
0.36
0.3514
0.3708
0.3603
0.3745
0.377
0.3694
0.3675
0.3573
0.3749
0.3647
0.362
0.372
0.3632
0.3615
0.3793
0.3786
0.3679
0.3605
0.3715
0.3654
0.3568
0.3691
0.3751
0.3538
0.3641
0.3769
0.3762
0.3698
0.3725
0.3529
0.3642
0.3766
0.3583
0.3717
0.3655
0.3697
0.3541
0.3586
0.3699
0.3708
0.3617
0.3795
0.3727
0.3683
0.3526
0.345
0.3722
0.3405
0.3675
0.3847
0.3707
0.3728
0.3692
0.3576
0.3716
0.3546
0.357
0.3741
0.379
0.3777
0.3641
0.3802
0.3783
0.3717
0.3659
0.3555
0.3509
0.3617
0.3795
0.3848
0.3772
0.3909
0.3621
0.3588
0.3753
0.3696
0.3625
0.3753
0.3774
0.3832
0.3768
0.3691
0.376
0.3603
0.389
0.3764
0.3693
0.3733
0.378
0.3688
0.3713
0.3518
0.3705
0.3727
0.3817
0.3685
0.382
0.3532
0.3686
0.3759
0.3764
0.3579
0.3782
0.378
0.3744
0.3614
0.3713
0.3731
0.3454
0.3639
0.3668
0.3806
0.3675
0.3747
0.3501
0.3828
0.3589
0.3626
0.3546
0.3695
0.3508
0.3712
0.3674
0.3689
0.3398
0.3836
0.3737
0.356
0.3629
0.3685
0.3701
0.3766
0.3544
0.3793
0.3845
0.3625
0.3786
0.3717
0.3611
0.373
0.3641
0.3637
0.3761
0.3729
0.3636
0.3858
0.3611
0.3654
0.3781
0.3606
0.3716
0.3744
0.3538
0.3656
0.3811
0.3693
0.3536
0.3794
0.3614
0.3818
0.36
0.3556
0.3621
0.3781
0.3773
0.3697
0.372
0.3496
0.3833
0.3759
0.3342
0.378
0.3655
0.3789
0.3739
0.3677
0.3719
0.3659
0.3748
0.3706
0.362
0.3674
0.3777
0.3644
0.3616
0.3779
0.3742
0.3746
0.3856
0.3409
0.3266
0.3778
0.3661
0.3785
0.3359
0.3671
0.3676
0.358
0.3482
0.3765
0.3724
0.3788
0.3653
0.3596
0.377
0.3503
0.3498
0.3696
0.3801
0.3765
0.3624
0.3783
0.3591
0.3763
0.3489
0.3721
0.3764
0.3697
0.3839
0.3811
0.3804
0.3461
0.3532
0.3658
0.3624
0.378
0.3723
0.3714
0.3593
0.3676
0.3713
0.3649
0.3722
0.3792
0.3803
0.3569
0.3723
0.3705
0.3744
0.3769
0.3694
0.3822
0.3712
0.339
0.3749
0.3666
0.3663
0.3712
0.3696
0.3724
0.3496
0.3796
0.369
0.3759
0.3779
0.3858
0.3538
0.3582
0.3534
0.379
0.3784
0.3646
0.373
0.3714
0.3704
0.3771
0.3638
0.3568
0.36
0.3551
0.3659
0.3756
0.379
0.3757
0.3566
0.3509
0.379
0.3663
0.3698
0.3743
0.3658
0.374
0.3747
0.3775
0.3747
0.3712
0.3559
0.3634
0.3516
0.3761
0.3817
0.3826
0.3651
0.3698
0.3831
0.3512
0.365
0.3589
0.3747
0.3849
0.3666
0.3673
0.3759
0.361
0.3556
0.3654
0.3702
0.3516
0.3701
0.3666
0.3619
0.3772
0.3377
0.3746
0.3544
0.3761
0.3741
0.3686
0.3696
0.359
0.3596
0.3762
0.3654
0.3528
0.366
0.3405
0.3533
0.3501
0.3778
0.3817
0.3675
0.3702
0.3675
0.3708
0.3531
0.3772
0.3601
0.3584
0.3603
0.3665
0.3376
0.3688
0.3663
0.3747
0.3745
0.3517
0.3691
0.3771
0.3623
0.3667
0.3718
0.3772
0.3672
0.356
0.3627
0.3698
0.3753
0.3811
0.366
0.3793
0.3439
0.372
0.3615
0.3751
0.3841
0.3632
0.3494
0.3826
0.3724
0.3606
0.367
0.3649
0.3721
0.3658
0.3701
0.3509
0.3763
0.3549
0.3539
0.3682
0.3685
0.3613
0.3739
0.3833
0.3815
0.3695
0.3699
0.3606
0.3628
0.3674
0.379
0.3495
0.3689
0.3686
0.3827
0.3618
0.3705
0.3772
0.3608
0.3641
0.3646
0.3597
0.375
0.3552
0.3738
0.3806
0.3768
0.381
0.3663
0.3742
0.3472
0.3742
0.3739
0.3725
0.3702
0.3562
0.3738
0.337
0.3722
0.369
0.3756
0.35
0.3553
0.3654
0.3796
0.3742
0.3705
0.3767
0.3697
0.3596
0.366
0.3636
0.3525
0.3636
0.3744
0.3422
0.3828
0.3717
0.3898
0.3752
0.3549
0.3639
0.363
0.323
0.3565
0.3741
0.3735
0.3714
0.3416
0.347
0.3781
0.3799
0.3721
0.3419
0.3689
0.3653
0.3524
0.3711
0.3632
0.3637
0.3518
0.3646
0.3331
0.3605
0.3753
0.3622
0.3776
0.3574
0.3858
0.3715
0.3705
0.3691
0.3615
0.3754
0.3721
0.3721
0.3598
0.381
0.3836
0.3751
0.3686
0.3655
0.3634
0.38
0.3602
0.3786
0.3763
0.3773
0.3809
0.3747
0.3684
0.3788
0.3645
0.3671
0.3563
0.3685
0.3806
0.3817
0.3794
0.3633
0.363
0.3496
0.3658
0.3672
0.3685
0.3805
0.3485
0.3768
0.3625
0.3385
0.3647
0.3706
0.356
0.3817
0.3707
0.3709
0.3726
0.357
0.3425
0.3711
0.3542
0.37
0.3666
0.3534
0.3718
0.3546
0.3685
0.3657
0.3765
0.3564
0.3752
0.3649
0.3671
0.3609
0.3799
0.3656
0.3574
0.3617
0.3367
0.3668
0.3628
0.368
0.376
0.3855
0.3887
0.3505
0.374
0.3632
0.3719
0.3835
0.3489
0.3634
0.3677
0.3712
0.3766
0.373
0.3827
0.3668
0.389
0.3607
0.3687
0.3651
0.3563
0.3639
0.3727
0.3702
0.3824
0.3622
0.3865
0.3581
0.3724
0.3633
0.3854
0.3637
0.3533
0.3658
0.3691
0.3829
0.3699
0.3746
0.3834
0.3789
0.382
0.3908
0.3718
0.3393
0.3821
0.3712
0.3713
0.3643
0.377
0.3604
0.3709
0.3646
0.3752
0.3558
0.3709
0.367
0.3899
0.3696
0.3748
0.3597
0.3507
0.3537
0.3645
0.3436
0.3676
0.3702
0.3883
0.3701
0.3727
0.37
0.3677
0.3886
0.3579
0.3602
0.3642
0.3683
0.3645
0.3684
0.3801
0.358
0.3806
0.3764
0.36
0.3743
0.3702
0.3681
0.3806
0.3686
0.3735
0.3844
0.3652
0.3554
0.3735
0.3901
0.3753
0.3618
0.3568
0.3676
0.3746
0.3777
0.3646
0.3588
0.3623
0.3681
0.3861
0.3697
0.3775
0.3821
0.3813
0.3688
0.3728
0.3878
0.3626
0.3763
0.3817
0.3745
0.3689
0.3841
0.3767
0.3817
0.3774
0.3704
0.3814
0.3789
0.3612
0.3614
0.3775
0.397
0.3623
0.3792
0.3583
0.3719
0.3622
0.347
0.3706
0.3679
0.3692
0.3517
0.3632
0.3742
0.3972
0.36
0.3734
0.3686
0.3572
0.3664
0.3898
0.397
0.3683
0.3725
0.3778
0.3692
0.3859
0.3736
0.3937
0.3642
0.3704
0.3672
0.3636
0.3822
0.3781
0.3613
0.3831
0.3478
0.3867
0.3695
0.3744
0.3575
0.3775
0.3616
0.3746
0.3572
0.3655
0.3787
0.3787
0.3671
0.3802
0.3765
0.3564
0.3659
0.3602
0.3775
0.3571
0.3542
0.3598
0.3468
0.3558
0.3832
0.3829
0.3828
0.3706
0.3839
0.3723
0.3523
0.35
0.3533
0.3517
0.3728
0.3673
0.3862
0.3511
0.365
0.3693
0.3714
0.3701
0.3792
0.3738
0.3706
0.3676
0.3573
0.3846
0.369
0.3727
0.3702
0.3642
0.3726
0.3783
0.368
0.3753
0.3724
0.3628
0.3635
0.3624
0.3765
0.3637
0.372
0.3661
0.3674
0.3732
0.3636
0.3629
0.3768
0.3506
0.3698
0.3798
0.366
0.3913
0.3713
0.3815
0.3609
0.3677
0.3696
0.3616
0.365
0.3738
0.3675
0.372
0.3719
0.3734
0.3701
0.3591
0.3797
0.3821
0.3835
0.3844
0.3661
0.3481
0.3612
0.3752
0.3757
0.3434
0.3658
0.3573
0.3739
0.3507
0.376
0.3601
0.3566
0.3683
0.3637
0.3751
0.3699
0.3328
0.3805
0.3655
0.382
0.3733
0.3538
0.3834
0.3932
0.3799
0.3745
0.3884
0.3718
0.3719
0.3719
0.347
0.3793
0.3787
0.3623
0.3886
0.38
0.3776
0.3657
0.38
0.3851
0.3776
0.3793
0.3657
0.3731
0.3737
0.3758
0.3723
0.3667
0.3616
0.3804
0.3864
0.3731
0.3809
0.3589
0.3555
0.3738
0.384
0.3502
0.3688
0.3733
0.3788
0.3734
0.3489
0.3416
0.3868
0.3613
0.3711
0.36
0.3695
0.3725
0.3748
0.3586
0.3763
0.3579
0.3805
0.3629
0.3586
0.364
0.3716
0.3494
0.3578
0.3545
0.3728
0.3765
0.3728
0.3567
0.3686
0.365
0.3727
0.383
0.3793
0.3805
0.3957
0.3704
0.3743
0.3798
0.3771
0.3412
0.3798
0.3714
0.362
0.3593
0.3685
0.356
0.3681
0.3648
0.3691
0.3658
0.3691
0.3806
0.3679
0.3743
0.3586
0.3539
0.3644
0.3881
0.3666
0.3578
0.3684
0.376
0.3729
0.3649
0.375
0.3702
0.3655
0.3854
0.3874
0.3737
0.3817
0.3563
0.3812
0.3567
0.3943
0.3414
0.3659
0.3551
0.3666
0.372
0.3846
0.3669
0.3697
0.3756
0.3645
0.369
0.3392
0.3798
0.3673
0.3688
0.3598
0.3719
0.3451
0.3587
0.3668
0.3576
0.3697
0.3799
0.3633
0.3727
0.3688
0.3811
0.3614
0.3623
0.3625
0.3647
0.3662
0.369
0.3755
0.3747
0.3605
0.3761
0.3659
0.3811
0.3714
0.3547
0.377
0.344
0.3783
0.3695
0.3705
0.3706
0.377
0.3721
0.3889
0.3652
0.3622
0.3761
0.3495
0.3728
0.3671
0.3671
0.3782
0.3694
0.3731
0.3755
0.365
0.3735
0.3741
0.3778
0.3647
0.3794
0.3914
0.3969
0.3491
0.3758
0.3667
0.3847
0.3726
0.3709
0.3695
0.3687
0.3727
0.3558
0.3714
0.3741
0.3597
0.3666
0.3828
0.3731
0.3746
0.3595
0.3713
0.3686
0.3528
0.3795
0.3726
0.3634
0.3668
0.3738
0.3797
0.3717
0.3744
0.3517
0.3676
0.3709
0.364
0.3705
0.3655
0.3738
0.354
0.3773
0.3694
0.3711
0.3673
0.376
0.3738
0.3683
0.3623
0.3421
0.3688
0.3436
0.3742
0.3823
0.3657
0.3805
0.3738
0.3815
0.3744
0.3578
0.3575
0.3674
0.3762
0.3723
0.3572
0.3803
0.3785
0.3847
0.367
0.3534
0.3552
0.3624
0.379
0.3821
0.3785
0.38
0.3719
0.357
0.3809
0.3707
0.3478
0.3749
0.3786
0.3758
0.3758
0.372
0.3826
0.3573
0.3928
0.3821
0.3727
0.3788
0.3735
0.3745
0.3717
0.3498
0.3727
0.3755
0.379
0.3701
0.3821
0.3582
0.373
0.3684
0.3816
0.3604
0.3794
0.3816
0.3601
0.3607
0.3768
0.3706
0.358
0.3703
0.3692
0.3872
0.3679
0.3734
0.3533
0.3837
0.3611
0.3716
0.3573
0.368
0.3571
0.3762
0.375
0.3718
0.3382
0.3865
0.3722
0.3576
0.3647
0.375
0.3849
0.3811
0.3605
0.3823
0.3857
0.3673
0.3742
0.3758
0.366
0.3764
0.3663
0.3694
0.3753
0.364
0.368
0.3837
0.3869
0.3636
0.377
0.3661
0.3743
0.3794
0.3487
0.3697
0.3834
0.371
0.3507
0.3783
0.3591
0.3789
0.3602
0.3576
0.3643
0.3842
0.3779
0.371
0.3758
0.3491
0.3882
0.3778
0.3323
0.3817
0.3643
0.3783
0.3787
0.3751
0.3753
0.3709
0.3765
0.3745
0.363
0.367
0.3794
0.366
0.3694
0.3747
0.3737
0.3772
0.3706
0.351
0.3312
0.3817
0.3673
0.3984
0.3463
0.3751
0.3648
0.3656
0.3443
0.3798
0.3696
0.3761
0.3721
0.3587
0.3699
0.3411
0.37
0.3697
0.3805
0.3774
0.3644
0.3784
0.3761
0.378
0.3532
0.3783
0.3702
0.3734
0.3902
0.3873
0.3989
0.3914
0.3497
0.3686
0.3585
0.3768
0.3698
0.3727
0.3803
0.3617
0.3686
0.3659
0.3791
0.3819
0.3755
0.3604
0.3759
0.3702
0.3786
0.383
0.3512
0.385
0.3709
0.3348
0.3795
0.3709
0.378
0.3681
0.3711
0.3732
0.3483
0.379
0.376
0.3741
0.3696
0.3852
0.3558
0.3578
0.3526
0.3765
0.3827
0.3715
0.3759
0.3766
0.3704
0.3741
0.3626
0.3432
0.3621
0.3596
0.3624
0.3805
0.3833
0.3806
0.361
0.3549
0.377
0.3672
0.379
0.3817
0.3693
0.3688
0.3769
0.3842
0.3723
0.3871
0.3589
0.362
0.3581
0.3734
0.3821
0.3844
0.3652
0.3761
0.3849
0.3523
0.3794
0.3595
0.3762
0.3827
0.3703
0.3629
0.3792
0.3611
0.3606
0.3679
0.3758
0.3536
0.3705
0.3631
0.3559
0.3836
0.3558
0.3753
0.3466
0.3766
0.3601
0.3726
0.3704
0.359
0.3594
0.3725
0.3656
0.3641
0.3613
0.3428
0.3696
0.3567
0.3776
0.3869
0.3682
0.3826
0.3586
0.3725
0.3672
0.3784
0.3619
0.3607
0.3585
0.3679
0.3379
0.3779
0.3629
0.3759
0.3713
0.3555
0.378
0.3779
0.3845
0.3671
0.3845
0.3746
0.3623
0.3555
0.3624
0.3687
0.3794
0.3829
0.3709
0.3727
0.3444
0.3741
0.3593
0.38
0.3776
0.3635
0.3536
0.3793
0.3715
0.3674
0.3643
0.3637
0.3785
0.3608
0.3728
0.3541
0.371
0.3637
0.3485
0.3777
0.365
0.3623
0.3721
0.3834
0.3703
0.3785
0.374
0.3648
0.3603
0.3709
0.3835
0.3707
0.3663
0.3715
0.385
0.3771
0.3757
0.3792
0.3589
0.3629
0.3629
0.3563
0.3775
0.3563
0.3757
0.3838
0.3745
0.3772
0.3733
0.3742
0.3585
0.3915
0.3764
0.3778
0.3715
0.354
0.3737
0.3317
0.3716
0.3697
0.3716
0.3442
0.3697
0.3663
0.3813
0.3789
0.3742
0.3789
0.3821
0.365
0.3652
0.3623
0.3542
0.361
0.3717
0.3381
0.3671
0.3836
0.3899
0.3688
0.3534
0.369
0.3614
0.3154
0.3728
0.385
0.376
0.374
0.3631
0.3445
0.3769
0.3865
0.371
0.3421
0.3612
0.3764
0.354
0.3632
0.3659
0.3651
0.3588
0.3665
0.3419
0.3687
0.3897
0.3651
0.3719
0.3652
0.3841
0.3719
0.3785
0.375
0.3641
0.3734
0.3722
0.3748
0.369
0.3854
0.382
0.3764
0.3554
0.3818
0.367
0.3733
0.3547
0.3777
0.3849
0.3809
0.3676
0.3799
0.3653
0.3841
0.365
0.3691
0.3597
0.3711
0.3891
0.3866
0.3819
0.3937
0.3712
0.3549
0.3656
0.371
0.3733
0.3786
0.3535
0.3756
0.367
0.3381
0.3696
0.3746
0.3648
0.3792
0.3686
0.3718
0.3715
0.3601
0.3464
0.3712
0.35
0.367
0.3799
0.3627
0.3848
0.3615
0.3659
0.3702
0.378
0.3629
0.3773
0.368
0.3556
0.3638
0.3829
0.3667
0.3574
0.3604
0.3365
0.3619
0.384
0.3741
0.3795
0.3851
0.3935
0.3913
0.39
0.3676
0.3639
0.3962
0.3797
0.3968
0.3801
0.3989
0.3858
0.3744
0.395
0.3765
0.3978
0.3632
0.3816
0.3653
0.3681
0.3858
0.3989
0.3915
0.3817
0.3699
0.3789
0.3933
0.378
0.3616
0.3881
0.374
0.3726
0.3792
0.3696
0.3712
0.3862
0.3945
0.3908
0.3927
0.378
0.3977
0.3898
0.3971
0.3938
0.3822
0.3976
0.3937
0.3738
0.383
0.3983
0.3899
0.3948
0.3845
0.3811
0.3879
0.3973
0.3996
0.3854
0.3982
0.3846
0.3767
0.3739
0.3937
0.3892
0.3711
0.398
0.3893
0.377
0.3765
0.3782
0.3926
0.3822
0.3666
0.3742
0.3801
0.3687
0.3868
0.3894
0.3552
0.3946
0.3943
0.3839
0.3802
0.3726
0.3834
0.3865
0.3964
0.3946
0.3964
0.39
0.3713
0.374
0.392
0.3994
0.3703
0.3958
0.3697
0.3761
0.3957
0.3775
0.378
0.3995
0.3964
0.3884
0.3979
0.3928
0.3882
0.3834
0.3699
0.3938
0.3985
0.38
0.3784
0.3925
0.363
0.3835
0.3787
0.3867
0.3859
0.3996
0.3987
0.3945
0.3843
0.3981
0.3888
0.3815
0.3784
0.3721
0.3787
0.3894
0.3725
0.3839
0.3773
0.3977
0.3905
0.3962
0.389
0.3678
0.3964
0.3992
0.3697
0.3832
0.4
0.3795
0.3774
0.3989
0.3989
0.3922
0.3867
0.3855
0.374
0.3962
0.3778
0.3979
0.3629
0.3909
0.3828
0.3918
0.3991
0.3913
0.3719
0.3894
0.3519
0.3868
0.3712
0.3977
0.3895
0.3958
0.3752
0.4
0.3973
0.3947
0.3851
0.3961
0.392
0.3899
0.3857
0.3976
0.3743
0.3976
0.3744
0.368
0.4
0.3811
0.3965
0.3809
0.39
0.39
0.3881
0.3971
0.3841
0.39
0.3938
0.4
0.3914
0.3515
0.3731
0.3912
0.3844
0.3924
0.3905
0.3724
0.3916
0.3972
0.3985
0.3883
0.3689
0.3803
0.3902
0.3942
0.3827
0.3767
0.3982
0.3893
0.3807
0.3995
0.3855
0.3693
0.3951
0.3979
0.3673
0.3981
0.3923
0.3629
0.3771
0.3995
0.3597
0.3975
0.366
0.3725
0.3912
0.3791
0.3711
0.3782
0.3924
0.3942
0.399
0.399
0.3937
0.3955
0.3905
0.3941
0.3809
0.3982
0.3994
0.3985
0.3833
0.3755
0.3756
0.3808
0.3913
0.3965
0.3943
0.3987
0.3669
0.3626
0.3974
0.3975
0.386
0.3483
0.3996
0.378
0.3745
0.3841
0.3944
0.3624
0.3982
0.374
0.3991
0.3979
0.3622
0.3513
0.3966
0.3987
0.3809
0.3774
0.3877
0.4
0.3986
0.3975
0.3764
0.3853
0.3781
0.3903
0.3804
0.3616
0.388
0.3852
0.3711
0.3772
0.398
0.3975
0.391
0.3983
0.3968
0.3906
0.3918
0.395
0.3857
0.3779
0.3944
0.3878
0.3953
0.3948
0.3948
0.4
0.3927
0.3996
0.3591
0.3883
0.3734
0.3959
0.357
0.3838
0.3854
0.3914
0.3843
0.365
0.3646
0.396
0.3932
0.38
0.3664
0.3916
0.3552
0.3732
0.3846
0.397
0.3467
0.3936
0.3762
0.3843
0.4
0.3809
0.3882
0.3994
0.364
0.3754
0.3853
0.3737
0.3629
0.397
0.3859
0.3748
0.3951
0.3958
0.3994
0.39
0.379
0.3926
0.3855
0.3926
0.3698
0.3991
0.3714
0.3626
0.381
0.3983
0.3963
0.3693
0.3994
0.3848
0.365
0.3914
0.3844
0.3966
0.3975
0.3986
0.3952
0.3731
0.3874
0.398
0.3721
0.378
0.3929
0.3892
0.3961
0.383
0.3676
0.372
0.3911
0.3733
0.3906
0.3832
0.4
0.3818
0.3954
0.3924
0.3589
0.3979
0.3718
0.3981
0.3989
0.3976
0.3958
0.3959
0.37
0.3693
0.3699
0.3475
0.3944
0.3889
0.3909
0.3957
0.3839
0.3841
0.3834
0.38
0.3585
0.3901
0.3931
0.3986
0.397
0.3875
0.3872
0.387
0.3552
0.3902
0.389
0.3761
0.3889
0.3891
0.387
0.3984
0.3858
0.3675
0.3883
0.3617
0.3814
0.3975
0.3437
0.3889
0.3737
0.3772
0.3961
0.399
0.3977
0.3882
0.3541
0.3977
0.3818
0.3879
0.3717
0.3763
0.391
0.3972
0.3715
0.3972
0.3797
0.3731
0.3973
0.3911
0.3864
0.3696
0.3788
0.3995
0.3573
0.3842
0.3841
0.3837
0.3985
0.3756
0.3731
0.3826
0.3849
0.3887
0.3978
0.3986
0.3962
0.3867
0.3972
0.3979
0.3839
0.4
0.3823
0.3762
0.3914
0.3701
0.3899
0.3804
0.3854
0.3907
0.3738
0.3903
0.3856
0.3967
0.377
0.3994
0.3989
0.3985
0.3789
0.3773
0.3995
0.387
0.3876
0.3924
0.392
0.3826
0.392
0.3878
0.3882
0.3801
0.3435
0.3813
0.3882
0.3677
0.3928
0.3921
0.3827
0.3766
0.3917
0.3876
0.3968
0.3969
0.3787
0.3929
0.3896
0.3863
0.3889
0.3973
0.3947
0.3897
0.3869
0.3621
0.3983
0.3931
0.3955
0.394
0.3957
0.3739
0.3857
0.3935
0.3826
0.3681
0.3959
0.3961
0.3931
0.3885
0.3962
0.3883
0.3844
0.3969
0.38
0.3744
0.3879
0.3915
0.3833
0.3932
0.3678
0.373
0.3728
0.3813
0.3795
0.3918
0.3781
0.3918
0.3986
0.381
0.3624
0.39
0.3968
0.39
0.3975
0.3963
0.3706
0.3669
0.3979
0.3938
0.3912
0.3967
0.3965
0.3955
0.3811
0.3718
0.3747
0.3554
0.3826
0.3825
0.3766
0.3814
0.3824
0.3469
0.3977
0.3855
0.3753
0.3942
0.3933
0.3867
0.3958
0.3909
0.3897
0.3929
0.3965
0.3988
0.3874
0.3835
0.397
0.3613
0.382
0.3933
0.3709
0.3657
0.3918
0.3905
0.3985
0.393
0.3909
0.3888
0.3867
0.3684
0.392
0.3966
0.3736
0.3936
0.3991
0.3862
0.3995
0.3608
0.3675
0.3715
0.3959
0.3786
0.3978
0.3701
0.3581
0.3879
0.3894
0.3995
0.3954
0.3905
0.3995
0.3704
0.378
0.3991
0.3921
0.3873
0.3899
0.3667
0.373
0.384
0.3761
0.3862
0.3825
0.3915
0.3765
0.3752
0.3646
0.3442
0.3822
0.3767
0.3961
0.3928
0.3915
0.3726
0.3563
0.3494
0.3989
0.3898
0.39
0.3662
0.3955
0.3739
0.3629
0.3853
0.3972
0.377
0.3834
0.399
0.3859
0.3852
0.3835
0.3778
0.3979
0.3974
0.3818
0.3849
0.3963
0.3916
0.3891
0.358
0.381
0.3731
0.3841
0.3977
0.3748
0.3872
0.3961
0.4
0.3973
0.3942
0.3814
0.3894
0.3935
0.3943
0.3726
0.3978
0.3888
0.385
0.3937
0.4
0.3606
0.3987
0.3714
0.3714
0.3881
0.3668
0.3849
0.3891
0.3764
0.3777
0.3847
0.3936
0.3963
0.3776
0.3931
0.389
0.3887
0.3902
0.3799
0.3845
0.3837
0.3706
0.3779
0.3974
0.3547
0.3884
0.3826
0.3661
0.3854
0.3875
0.3858
0.3967
0.3856
0.3779
0.3894
0.3887
0.397
0.3686
0.3988
0.3808
0.3774
0.3945
0.3893
0.3567
0.3985
0.3875
0.3946
0.3955
0.392
0.3986
0.3878
0.398
0.3866
0.3736
0.3639
0.3851
0.3845
0.3711
0.3697
0.377
0.3793
0.3822
0.383
0.3931
0.3778
0.3907
0.3876
0.3761
0.3964
0.3774
0.3845
0.3603
0.3921
0.3771
0.3808
0.3853
0.3555
0.3975
0.3841
0.3784
0.3796
0.3657
0.3911
0.3916
0.3628
0.397
0.3976
0.3799
0.3757
0.398
0.3982
0.3996
0.3995
0.3798
0.3957
0.3545
0.3872
0.3463
0.3947
0.3861
0.3777
0.3747
0.3978
0.3967
0.3798
0.3821
0.4
0.3933
0.3823
0.3844
0.3855
0.3901
0.3879
0.3951
0.3911
0.3832
0.3722
0.3496
0.3939
0.3962
0.3991
0.3723
0.384
0.3972
0.3964
0.3995
0.3843
0.3859
0.3866
0.3971
0.3793
0.384
0.3581
0.379
0.384
0.3766
0.3795
0.3679
0.3929
0.3861
0.3985
0.3981
0.3705
0.3886
0.3773
0.4
0.3857
0.373
0.3833
0.3876
0.3848
0.3978
0.3711
0.3857
0.3939
0.3698
0.3995
0.3865
0.4
0.3889
0.3985
0.3873
0.3918
0.3756
0.3809
0.3867
0.3988
0.3884
0.3962
0.3932
0.3797
0.398
0.3976
0.3838
0.3411
0.3827
0.3956
0.3911
0.3963
0.3572
0.3722
0.3827
0.3981
0.3881
0.3835
0.3886
0.3905
0.3948
0.3971
0.3488
0.3616
0.3738
0.3701
0.3738
0.3952
0.3943
0.3891
0.3838
0.3899
0.3966
0.3968
0.3994
0.3885
0.3924
0.3942
0.3635
0.3983
0.3862
0.3866
0.384
0.3501
0.3726
0.3837
0.369
0.3689
0.3628
0.392
0.389
0.3742
0.3638
0.385
0.3942
0.3987
0.3896
0.3773
0.3948
0.3981
0.3867
0.3961
0.3722
0.4
0.3722
0.3934
0.3895
0.3852
0.3805
0.3874
0.3763
0.3923
0.3866
0.388
0.3875
0.3937
0.3955
0.3936
0.4
0.395
0.391
0.3861
0.3673
0.3797
0.381
0.3856
0.3992
0.397
0.3913
0.383
0.3843
0.3817
0.3688
0.3989
0.3817
0.3829
0.3686
0.3971
0.3983
0.3377
0.3839
0.3916
0.3815
0.3991
0.3969
0.3724
0.3977
0.3819
0.379
0.3973
0.3924
0.3938
0.3957
0.3873
0.3846
0.3863
0.3925
0.3865
0.3943
0.3824
0.3676
0.3719
0.3801
0.3906
0.3985
0.3859
0.3666
0.3618
0.3826
0.3956
0.3902
0.3806
0.38
NA
NA
NA
NA
NA
NA
NA
NA
NA
NA
NA
NA
NA
NA
NA
NA
NA
NA
NA
NA
NA
NA
NA
NA
NA
NA
NA
NA
NA
NA
NA
NA
NA
NA
NA
NA
NA
NA
NA
NA
NA
NA
NA
NA
NA
NA
NA
NA
NA
NA
NA
NA
NA
NA
NA
NA
NA
NA
NA
NA
NA
NA
NA
NA
NA
NA
NA
NA
NA
NA
NA
NA
NA
NA
NA
NA
NA
NA
NA
NA
NA
NA
NA
NA
NA
NA
NA
NA
NA
NA
NA
NA
NA
NA
NA
NA
NA
NA
NA
NA
NA
NA
NA
NA
NA
NA
NA
NA
NA
NA
NA
NA
NA
NA
NA
NA
NA
NA
NA
NA
NA
NA
NA
NA
NA
NA
NA
NA
NA
NA
NA
NA
NA
NA
NA
NA
NA
NA
NA
NA
NA
NA
NA
NA
NA
NA
NA
NA
NA
NA
NA
NA
NA
NA
NA
NA
NA
NA
NA
NA
NA
NA
NA
NA
NA
NA
NA
NA
NA
NA
NA
NA
NA
NA
NA
NA
NA
NA
NA
NA
NA
NA
NA
NA
NA
NA
NA
NA
NA
NA
NA
NA
NA
NA
NA
NA
NA
NA
NA
NA
NA
NA
NA
NA
NA
NA
NA
NA
NA
NA
NA
NA
NA
NA
NA
NA
NA
NA
NA
NA
NA
NA
NA
NA
NA
NA
NA
NA
NA
NA
NA
NA
NA
NA
NA
NA
NA
NA
NA
NA
NA
NA
NA
NA
NA
NA
NA
NA
NA
NA
NA
NA
NA
NA
NA
NA
NA
NA
NA
NA
NA
NA
NA
NA
NA
NA
NA
NA
NA
NA
NA
NA
NA
NA
NA
NA
NA
NA
NA
NA
NA
NA
NA
NA
NA
NA
NA
NA
NA
NA
NA
NA
NA
NA
NA
NA
NA
NA
NA
NA
NA
NA
NA
NA
NA
NA
NA
NA
NA
NA
NA
NA
NA
NA
NA
NA
NA
NA
NA
NA
NA
NA
NA
NA
NA
NA
NA
NA
NA
NA
NA
NA
NA
NA
NA
NA
NA
NA
NA
NA
NA
NA
NA
NA
NA
NA
NA
NA
NA
NA
NA
NA
NA
NA
NA
NA
NA
NA
NA
NA
NA
NA
NA
NA
NA
NA
NA
NA
NA
NA
NA
NA
NA
NA
NA
NA
NA
NA
NA
NA
NA
NA
NA
NA
NA
NA
NA
NA
NA
NA
NA
NA
NA
NA
NA
NA
NA
NA
NA
NA
NA
NA
NA
NA
NA
NA
NA
NA
NA
NA
NA
NA
NA
NA
NA
NA
NA
NA
NA
NA
NA
NA
NA
NA
NA
NA
NA
NA
NA
NA
NA
NA
NA
NA
NA
NA
NA
NA
NA
NA
NA
NA
NA
NA
NA
NA
NA
NA
NA
NA
NA
NA
NA
NA
NA
NA
NA
NA
NA
NA
NA
NA
NA
NA
NA
NA
NA
NA
NA
NA
NA
NA
NA
NA
NA
NA
NA
NA
NA
NA
NA
NA
NA
NA
NA
NA
NA
NA
NA
NA
NA
NA
NA
NA
NA
NA
NA
NA
NA
NA
NA
NA
NA
NA
NA
NA
NA
NA
NA
NA
NA
NA
NA
NA
NA
NA
NA
NA
NA
NA
NA
NA
NA
NA
NA
NA
NA
NA
NA
NA
NA
NA
NA
NA
NA
NA
NA
NA
NA
NA
NA
NA
NA
NA
NA
NA
NA
NA
NA
NA
NA
NA
NA
NA
NA
NA
NA
NA
NA
NA
NA
NA
NA
NA
NA
NA
NA
NA
NA
NA
NA
NA
NA
NA
NA
NA
NA
NA
NA
NA
NA
NA
NA
NA
NA
NA
NA
NA
NA
NA
NA
NA
NA
NA
NA
NA
NA
NA
NA
NA
NA
NA
NA
NA
NA
NA
NA
NA
NA
NA
NA
NA
NA
NA
NA
NA
NA
NA
NA
NA
NA
NA
NA
NA
NA
NA
NA
NA
NA
NA
NA
NA
NA
NA
NA
NA
NA
NA
NA
NA
NA
NA
NA
NA
NA
NA
NA
NA
NA
NA
NA
NA
NA
NA
NA
NA
NA
NA
NA
NA
NA
NA
NA
NA
NA
NA
NA
NA
NA
NA
NA
NA
NA
NA
NA
NA
NA
NA
NA
NA
NA
NA
NA
NA
NA
NA
NA
NA
NA
NA
NA
NA
NA
NA
NA
NA
NA
NA
NA
NA
NA
NA
NA
NA
NA
NA
NA
NA
NA
NA
NA
NA
NA
NA
NA
NA
NA
NA
NA
NA
NA
NA
NA
NA
NA
NA
NA
NA
NA
NA
NA
NA
NA
NA
NA
NA
NA
NA
NA
NA
NA
NA
NA
NA
NA
NA
NA
NA
NA
NA
NA
NA
NA
NA
NA
NA
NA
NA
NA
NA
NA
NA
NA
NA
NA
NA
NA
NA
NA
NA
NA
NA
NA
NA
NA
NA
NA
NA
NA
NA
NA
NA
NA
NA
NA
NA
NA
NA
NA
NA
NA
NA
NA
NA
NA
NA
NA
NA
NA
NA
NA
NA
NA
NA
NA
NA
NA
NA
NA
NA
NA
NA
NA
NA
NA
NA
NA
NA
NA
NA
NA
NA
NA
NA
NA
NA
NA
NA
NA
NA
NA
NA
NA
NA
NA
NA
NA
NA
NA
NA
NA
NA
NA
NA
NA
NA
NA
NA
NA
NA
NA
NA
NA
NA
NA
NA
NA
NA
NA
NA
NA
NA
NA
NA
NA
NA
NA
NA
NA
NA
NA
NA
NA
NA
NA
NA
NA
NA
NA
NA
NA
NA
NA
NA
NA
NA
NA
NA
NA
NA
NA
NA
NA
NA
NA
NA
NA
NA
NA
NA
NA
NA
NA
NA
NA
NA
NA
NA
NA
NA
NA
NA
NA
NA
NA
NA
NA
NA
NA
NA
NA
NA
NA
NA
NA
NA
NA
NA
NA
NA
NA
NA
NA
NA
NA
NA
NA
NA
NA
NA
NA
NA
NA
NA
NA
NA
NA
NA
NA
NA
NA
NA
NA
NA
NA
NA
NA
NA
NA
NA
NA
NA
NA
NA
NA
NA
NA
NA
NA
NA
NA
NA
NA
NA
NA
NA
NA
NA
NA
NA
NA
NA
NA
NA
NA
NA
NA
NA
NA
NA
NA
NA
NA
NA
NA
NA
NA
NA
NA
NA
NA
NA
NA
NA
NA
NA
NA
NA
NA
NA
NA
NA
NA
NA
NA
NA
NA
NA
NA
NA
NA
NA
NA
NA
NA
NA
NA
NA
NA
NA
NA
NA
NA
NA
NA
NA
NA
NA
NA
NA
NA
NA
NA
NA
NA
NA
NA
NA
NA
NA
NA
NA
NA
NA
NA
NA
NA
NA
NA
NA
NA
NA
NA
NA
NA
NA
NA
NA
NA
NA
NA
NA
NA
NA
NA
NA
NA
NA
NA
NA
NA
NA
NA
NA
NA
NA
NA
NA
NA
NA
NA
NA
NA
NA
NA
NA
NA
NA
NA
NA
NA
NA
NA
NA
NA
NA
NA
NA
NA
NA
NA
NA
NA
NA
NA
NA
NA
NA
NA
NA
NA
NA
NA
NA
NA
NA
NA
NA
NA
NA
NA
NA
NA
NA
NA
NA
NA
NA
NA
NA
NA
NA
NA
NA
NA
NA
NA
NA
NA
NA
NA
NA
NA
NA
NA
NA
NA
NA
NA
NA
NA
NA
NA
NA
NA
NA
NA
NA
NA
NA
NA
NA
NA
NA
NA
NA
NA
NA
NA
NA
NA
NA
NA
NA
NA
NA
NA
NA
NA
NA
NA
NA
NA
NA
NA
NA
NA
NA
NA
NA
NA
NA
NA
NA
NA
NA
NA
NA
NA
NA
NA
NA
NA
NA
NA
NA
NA
NA
NA
NA
NA
NA
NA
NA
NA
NA
NA
NA
NA
NA
NA
NA
NA
NA
NA
NA
NA
NA
NA
NA
NA
NA
NA
NA
NA
NA
NA
NA
NA
NA
NA
NA
NA
NA
NA
NA
NA
NA
NA
NA
NA
NA
NA
NA
NA
NA
NA
NA
NA
NA
NA
NA
NA
NA
NA
NA
NA
NA
NA
NA
NA
NA
NA
NA
NA
NA
NA
NA
NA
NA
NA
NA
NA
NA
NA
NA
NA
NA
NA
NA
NA
NA
NA
NA
NA
NA
NA
NA
NA
NA
NA
NA
NA
NA
NA
NA
NA
NA
NA
NA
NA
NA
NA
NA
NA
NA
NA
NA
NA
NA
NA
NA
NA
NA
NA
NA
NA
NA
NA
NA
NA
NA
NA
NA
NA
NA
NA
NA
NA
NA
NA
NA
NA
NA
NA
NA
NA
NA
NA
NA
NA
NA
NA
NA
NA
NA
NA
NA
NA
NA
NA
NA
NA
NA
NA
NA
NA
NA
NA
NA
NA
NA
NA
NA
NA
NA
NA
NA
NA
NA
NA
NA
NA
NA
NA
NA
NA
NA
NA
NA
NA
NA
NA
NA
NA
NA
NA
NA
NA
NA
NA
NA
NA
NA
NA
NA
NA
NA
NA
NA
NA
NA
NA
NA
NA
NA
NA
NA
NA
NA
NA
NA
NA
NA
NA
NA
NA
NA
NA
NA
NA
NA
NA
NA
NA
NA
NA
NA
NA
NA
NA
NA
NA
NA
NA
NA
NA
NA
NA
NA
NA
NA
NA
NA
NA
NA
NA
NA
NA
NA
NA
NA
NA
NA
NA
NA
NA
NA
NA
NA
NA
NA
NA
NA
NA
NA
NA
NA
NA
NA
NA
NA
NA
NA
NA
NA
NA
NA
NA
NA
NA
NA
NA
NA
NA
NA
NA
NA
NA
NA
NA
NA
NA
NA
NA
NA
NA
NA
NA
NA
NA
NA
NA
NA
NA
NA
NA
NA
NA
NA
NA
NA
NA
NA
NA
NA
NA
NA
NA
NA
NA
NA
NA
NA
NA
NA
NA
NA
NA
NA
NA
NA
NA
NA
NA
NA
NA
NA
NA
NA
NA
NA
NA
NA
NA
NA
NA
NA
NA
NA
NA
NA
NA
NA
NA
NA
NA
NA
NA
NA
NA
NA
NA
NA
NA
NA
NA
NA
NA
NA
NA
NA
NA
NA
NA
NA
NA
NA
NA
NA
NA
NA
NA
NA
NA
NA
NA
NA
NA
NA
NA
NA
NA
NA
NA
NA
NA
NA
NA
NA
NA
NA
NA
NA
NA
NA
NA
NA
NA
NA
NA
NA
NA
NA
NA
NA
NA
NA
NA
NA
NA
NA
NA
NA
NA
NA
NA
NA
NA
NA
NA
NA
NA
NA
NA
NA
NA
NA
NA
NA
NA
NA
NA
NA
NA
NA
NA
NA
NA
NA
NA
NA
NA
NA
NA
NA
NA
NA
NA
NA
NA
NA
NA
NA
NA
NA
NA
NA
NA
NA
NA
NA
NA
NA
NA
NA
NA
NA
NA
NA
NA
NA
NA
NA
NA
NA
NA
NA
NA
NA
NA
NA
NA
NA
NA
NA
NA
NA
NA
NA
NA
NA
NA
NA
NA
NA
NA
NA
NA
NA
NA
NA
NA
NA
NA
NA
NA
NA
NA
NA
NA
NA
NA
NA
NA
NA
NA
NA
NA
NA
NA
NA
NA
NA
NA
NA
NA
NA
NA
NA
NA
NA
NA
NA
NA
NA
NA
NA
NA
NA
NA
NA
NA
NA
NA
NA
NA
NA
NA
NA
NA
NA
NA
NA
NA
NA
NA
NA
NA
NA
NA
NA
NA
NA
NA
NA
NA
NA
NA
NA
NA
NA
NA
NA
NA
NA
NA
NA
NA
NA
NA
NA
NA
NA
NA
NA
NA
NA
NA
NA
NA
NA
NA
NA
NA
NA
NA
NA
NA
NA
NA
NA
NA
NA
NA
NA
NA
NA
NA
NA
NA
NA
NA
NA
NA
NA
NA
NA
NA
NA
NA
NA
NA
NA
NA
NA
NA
NA
NA
NA
NA
NA
NA
NA
NA
NA
NA
NA
NA
NA
NA
NA
NA
NA
NA
NA
NA
NA
NA
NA
NA
NA
NA
NA
NA
NA
NA
NA
NA
NA
NA
NA
NA
NA
NA
NA
NA
NA
NA
NA
NA
NA
NA
NA
NA
NA
NA
NA
NA
NA
NA
NA
NA
NA
NA
NA
NA
NA
NA
NA
NA
NA
NA
NA
NA
NA
NA
NA
NA
NA
NA
NA
NA
NA
NA
NA
NA
NA
NA
NA
NA
NA
NA
NA
NA
NA
NA
NA
NA
NA
NA
NA
NA
NA
NA
NA
NA
NA
NA
NA
NA
NA
NA
NA
NA
NA
NA
NA
NA
NA
NA
NA
NA
NA
NA
NA
NA
NA
NA
NA
NA
NA
NA
NA
NA
NA
NA
NA
NA
NA
NA
NA
NA
NA
NA
NA
NA
NA
NA
NA
NA
NA
NA
NA
NA
NA
NA
NA
NA
NA
NA
NA
NA
NA
NA
NA
NA
NA
NA
NA
NA
NA
NA
NA
NA
NA
NA
NA
NA
NA
NA
NA
NA
NA
NA
NA
NA
NA
NA
NA
NA
NA
NA
NA
NA
NA
NA
NA
NA
NA
NA
NA
NA
NA
NA
NA
NA
NA
NA
NA
NA
NA
NA
NA
NA
NA
NA
NA
NA
NA
NA
NA
NA
NA
NA
NA
NA
NA
NA
NA
NA
NA
NA
NA
NA
NA
NA
NA
NA
NA
NA
NA
NA
NA
NA
NA
NA
NA
NA
NA
NA
NA
NA
NA
NA
NA
NA
NA
NA
NA
NA
NA
NA
NA
NA
NA
NA
NA
NA
NA
NA
NA
NA
NA
NA
NA
NA
NA
NA
NA
NA
NA
NA
NA
NA
NA
NA
NA
NA
NA
NA
NA
NA
NA
NA
NA
NA
NA
NA
NA
NA
NA
NA
NA
NA
NA
NA
NA
NA
NA
NA
NA
NA
NA
NA
NA
NA
NA
NA
NA
NA
NA
NA
NA
NA
NA
NA
NA
NA
NA
NA
NA
NA
NA
NA
NA
NA
NA
NA
NA
NA
NA
NA
NA
NA
NA
NA
NA
NA
NA
NA
NA
NA
NA
NA
NA
NA
NA
NA
NA
NA
NA
NA
NA
NA
NA
NA
NA
NA
NA
NA
NA
NA
NA
NA
NA
NA
NA
NA
NA
NA
NA
NA
NA
NA
NA
NA
NA
NA
NA
NA
NA
NA
NA
NA
NA
NA
NA
NA
NA
NA
NA
NA
NA
NA
NA
NA
NA
NA
NA
NA
NA
NA
NA
NA
NA
NA
NA
NA
NA
NA
NA
NA
NA
NA
NA
NA
NA
NA
NA
NA
NA
NA
NA
NA
NA
NA
NA
NA
NA
NA
NA
NA
NA
NA
NA
NA
NA
NA
NA
NA
NA
NA
NA
NA
NA
NA
NA
NA
NA
NA
NA
NA
NA
NA
NA
NA
NA
NA
NA
NA
NA
NA
NA
NA
NA
NA
NA
NA
NA
NA
NA
NA
NA
NA
NA
NA
NA
NA
NA
NA
NA
NA
NA
NA
NA
NA
NA
NA
NA
NA
NA
NA
NA
NA
NA
NA
NA
NA
NA
NA
NA
NA
NA
NA
NA
NA
NA
NA
NA
NA
NA
NA
NA
NA
NA
NA
NA
NA
NA
NA
NA
NA
NA
NA
NA
NA
NA
NA
NA
NA
NA
NA
NA
NA
NA
NA
NA
NA
NA
NA
NA
NA
NA
NA
NA
NA
NA
NA
NA
NA
NA
NA
NA
NA
NA
NA
NA
NA
NA
NA
NA
NA
NA
NA
NA
NA
NA
NA
NA
NA
NA
NA
NA
NA
NA
NA
NA
NA
NA
NA
NA
NA
NA
NA
NA
NA
NA
NA
NA
NA
NA
NA
NA
NA
NA
NA
NA
NA
NA
NA
NA
NA
NA
NA
NA
NA
NA
NA
NA
NA
NA
NA
NA
NA
NA
NA
NA
NA
NA
NA
NA
NA
NA
NA
NA
NA
NA
NA
NA
NA
NA
NA
NA
NA
NA
NA
NA
NA
NA
NA
NA
NA
NA
NA
NA
NA
NA
NA
NA
NA
NA
NA
NA
NA
NA
NA
NA
NA
NA
NA
NA
NA
NA
NA
NA
NA
NA
NA
NA
NA
NA
NA
NA
NA
NA
NA
NA
NA
NA
NA
NA
NA
NA
NA
NA
NA
NA
NA
NA
NA
NA
NA
NA
NA
NA
NA
NA
NA
NA
NA
NA
NA
NA
NA
NA
NA
NA
NA
NA
NA
NA
NA
NA
NA
NA
NA
NA
NA
NA
NA
NA
NA
NA
NA
NA
NA
NA
NA
NA
NA
NA
NA
NA
NA
NA
NA
NA
NA
NA
NA
NA
NA
NA
NA
NA
NA
NA
NA
NA
NA
NA
NA
NA
NA
NA
NA
NA
NA
NA
NA
NA
NA
NA
NA
NA
NA
NA
NA
NA
NA
NA
NA
NA
NA
NA
NA
NA
NA
NA
NA
NA
NA
NA
NA
NA
NA
NA
NA
NA
NA
NA
NA
NA
NA
NA
NA
NA
NA
NA
NA
NA
NA
NA
NA
NA
NA
NA
NA
NA
NA
NA
NA
NA
NA
NA
NA
NA
NA
NA
NA
NA
NA
NA
NA
NA
NA
NA
NA
NA
NA
NA
NA
NA
NA
NA
NA
NA
NA
NA
NA
NA
NA
NA
NA
NA
NA
NA
NA
NA
NA
NA
NA
NA
NA
NA
NA
NA
NA
NA
NA
NA
NA
NA
NA
NA
NA
NA
NA
NA
NA
NA
NA
NA
NA
NA
NA
NA
NA
NA
NA
NA
NA
NA
NA
NA
NA
NA
NA
NA
NA
NA
NA
NA
NA
NA
NA
NA
NA
NA
NA
NA
NA
NA
NA
NA
NA
NA
NA
NA
NA
NA
NA
NA
NA
NA
NA
NA
NA
NA
NA
NA
NA
NA
NA
NA
NA
NA
NA
NA
NA
NA
NA
NA
NA
NA
NA
NA
NA
NA
NA
NA
NA
NA
NA
NA
NA
NA
NA
NA
NA
NA
NA
NA
NA
NA
NA
NA
NA
NA
NA
NA
NA
NA
NA
NA
NA
NA
NA
NA
NA
NA
NA
NA
NA
NA
NA
NA
NA
NA
NA
NA
NA
NA
NA
NA
NA
NA
NA
NA
NA
NA
NA
NA
NA
NA
NA
NA
NA
NA
NA
NA
NA
NA
NA
NA
NA
NA
NA
NA
NA
NA
NA
NA
NA
NA
NA
NA
NA
NA
NA
NA
NA
NA
NA
NA
NA
NA
NA
NA
NA
NA
NA
NA
NA
NA
NA
NA
NA
NA
NA
NA
NA
NA
NA
NA
NA
NA
NA
NA
NA
NA
NA
NA
NA
NA
NA
NA
NA
NA
NA
NA
NA
NA
NA
NA
NA
NA
NA
NA
NA
NA
NA
NA
NA
NA
NA
NA
NA
NA
NA
NA
NA
NA
NA
NA
NA
NA
NA
NA
NA
NA
NA
NA
NA
NA
NA
NA
NA
NA
NA
NA
NA
NA
NA
NA
NA
NA
NA
NA
NA
NA
NA
NA
NA
NA
NA
NA
NA
NA
NA
NA
NA
NA
NA
NA
NA
NA
NA
NA
NA
NA
NA
NA
NA
NA
NA
NA
NA
NA
0.3662
0.2887
0.4091
0.2887
0.359
0.3373
0.3467
0.5
0.3418
0.2234
0.2927
0.1772
0.4068
0.2255
0.3333
0.4792
0.3647
0.321
0.3421
0.338
0.2877
0.3377
0.2308
0.2532
0.3333
0.2805
0.5205
0.2093
0.4026
0.2143
0.2632
0.4429
0.3977
0.2625
0.2574
0.2561
0.2289
0.3059
0.2632
0.375
0.2474
0.2874
0.6119
0.2065
0.3636
0.25
0.4688
0.2703
0.369
0.2366
0.3093
0.3448
0.3563
0.2963
0.3649
0.0965
0.3592
0.2653
0.3415
0.3971
0.4096
0.3086
0.4559
0.3267
0.2396
0.1648
0.2871
0.3229
0.4023
0.2955
0.2466
0.3596
0.3188
0.3243
0.2778
0.3704
0.4242
0.1899
0.4421
0.2308
0.2794
0.3623
0.3875
0.3288
0.3012
0.1959
0.2697
0.17
0.1735
0.3235
0.4493
0.2118
0.2747
0.32
0.3412
0.3294
0.3718
0.2179
0.1786
0.2346
0.3906
0.3373
0.403
0.2609
0.2283
0.2411
0.1705
0.1875
0.2917
0.2574
0.125
0.3371
0.2436
0.2039
0.3377
0.35
0.1975
0.3061
0.2785
0.2241
0.2717
0.1889
0.2532
0.3882
0.3729
0.3258
0.2121
0.3929
0.2737
0.3651
0.2234
0.375
0.4744
0.3472
0.2941
0.3898
0.3864
0.3448
0.4058
0.193
0.4737
0.2771
0.2838
0.4074
0.2125
0.3827
0.2632
0.3553
0.2556
0.3971
0.3333
0.1923
0.25
0.1892
0.2857
0.2473
0.2644
0.3425
0.2292
0.3537
0.4762
0.1505
0.6364
0.2179
0.2887
0.2603
0.4143
0.1753
0.3086
0.2195
0.4348
0.3293
0.243
0.2
0.3482
0.2561
0.2333
0.3409
0.3699
0.6078
0.2268
0.3333
0.4058
0.4024
0.4154
0.3099
0.2024
0.1461
0.2396
0.2637
0.2842
0.375
0.3902
0.5077
0.4
0.5263
0.283
0.3467
0.35
0.4375
0.3158
0.2872
0.3043
0.3151
0.1928
0.1875
0.2727
0.3462
0.2716
0.3571
0.325
0.2065
0.3182
0.3118
0.2329
0.2651
0.3662
0.2821
0.2346
0.3636
0.2877
0.3103
0.2059
0.4211
0.3415
0.3415
0.3684
0.443
0.2989
0.2651
0.359
0.4189
0.2955
0.3846
0.4
0.2727
0.3034
0.2195
0.3108
0.2958
0.25
0.3125
0.274
0.2473
0.2778
0.4643
0.4
0.2857
0.375
0.5882
0.1478
0.1628
0.1609
0.2841
0.3857
0.4384
0.3415
0.2222
0.2828
0.5484
0.3299
0.3768
0.1979
0.4127
0.2346
0.3939
0.4603
0.2316
0.494
0.2875
0.2558
0.6914
0.2222
0.3061
0.1616
0.2159
0.5079
0.25
0.2447
0.1863
0.2526
0.35
0.2211
0.321
0.2308
0.5179
0.2414
0.25
0.4286
0.3614
0.1512
0.2857
0.3684
0.2051
0.25
0.2329
0.2316
0.2755
0.2043
0.2941
0.1635
0.2258
0.3077
0.4024
0.3333
0.1584
0.28
0.1881
0.3421
0.4688
0.2923
0.1913
0.4714
0.2073
0.1625
0.1928
0.2644
0.4648
0.5263
0.1881
0.3659
0.45
0.3165
0.2195
0.4032
0.2283
0.3438
0.48
0.475
0.1835
0.3125
0.3656
0.3608
0.3171
0.5
0.3472
0.3247
0.2658
0.2857
0.2338
0.4205
0.3085
0.3175
0.2111
0.2206
0.2198
0.1884
0.2771
0.2658
0.3816
0.1538
0.2429
0.6613
0.198
0.2328
0.3766
0.2727
0.2535
0.4607
0.25
0.2667
0.2381
0.3571
0.2674
0.2133
0.3239
0.4225
0.3483
0.5606
0.3651
0.2317
0.2588
0.4932
0.2143
0.1354
0.2308
0.2955
0.3953
0.3803
0.2812
0.2243
0.25
0.2963
0.2838
0.4074
0.1474
0.425
0.1207
0.5606
0.28
0.5072
0.3103
0.1867
0.4082
0.2911
0.2727
0.2955
0.3667
0.25
0.6571
0.1553
0.3377
0.2333
0.3784
0.2535
0.5484
0.3086
0.375
0.4444
0.2418
0.2045
0.407
0.2609
0.3636
0.2188
0.5934
0.4545
0.2772
0.3
0.2564
0.3077
0.2212
0.268
0.3506
0.3205
0.3412
0.2289
0.3867
0.4848
0.2326
0.5846
0.2278
0.241
0.337
0.3662
0.3034
0.186
0.1308
0.4
0.266
0.2703
0.35
0.25
0.314
0.3125
0.2353
0.2987
0.2471
0.2233
0.4861
0.3448
0.3253
0.2143
0.3448
0.25
0.1368
0.4286
0.4844
0.2297
0.3438
0.2069
0.2381
0.2683
0.2667
0.4368
0.2278
0.3958
0.382
0.2824
0.3846
0.3913
0.1869
0.2277
0.2791
0.4247
0.2561
0.2524
0.5424
0.3243
0.2708
0.3977
0.3625
0.1809
0.2326
0.3291
0.2644
0.3684
0.4737
0.1625
0.3659
0.25
0.3293
0.2785
0.3924
0.4103
0.3425
0.2809
0.3373
0.2935
0.2308
0.3333
0.5246
0.541
0.3034
0.6452
0.32
0.141
0.2763
0.3247
0.2566
0.3958
0.2809
0.4302
0.4457
0.2783
0.2125
0.1939
0.3026
0.1613
0.2308
0.25
0.2625
0.4487
0.4444
0.3944
0.2234
0.1368
0.2614
0.1184
0.5424
0.3175
0.2963
0.2524
0.411
0.2927
0.3768
0.1961
0.1963
0.2055
0.2903
0.3372
0.1468
0.186
0.2651
0.2907
0.28
0.2941
0.2706
0.45
0.2979
0.3882
0.219
0.3088
0.1868
0.4595
0.2796
0.3295
0.225
0.3333
0.2895
0.2169
0.3733
0.4242
0.2698
0.2625
0.5152
0.2697
0.2614
0.2021
0.3514
0.2317
0.4625
0.1828
0.3467
0.3855
0.4125
0.299
0.4571
0.3038
0.3297
0.3235
0.6078
0.1532
0.3377
0.4143
0.3563
0.2716
0.3333
0.3371
0.5333
0.2564
0.1429
0.4444
0.2237
0.4021
0.45
0.3077
0.3908
0.3625
0.1772
0.2763
0.3919
0.2056
0.3418
0.3412
0.24
0.2708
0.2174
0.2596
0.4937
0.3295
0.2178
0.2755
0.3662
0.15
0.5082
0.2588
0.3448
0.5294
0.2857
0.22
0.3
0.2222
0.3034
0.5789
0.1915
0.2558
0.6479
0.1977
0.2955
0.1735
0.2283
0.3
0.2609
0.28
0.2264
0.3881
0.35
0.2683
0.2391
0.4557
0.4353
0.2294
0.3165
0.186
0.2174
0.5068
0.6296
0.2277
0.4227
0.2277
0.6761
0.2418
0.2917
0.3951
0.5455
0.2469
0.2152
0.1905
0.3297
0.2759
0.2152
0.506
0.5135
0.3558
0.191
0.2222
0.2346
0.2099
0.4648
0.2436
0.4603
0.2785
0.3108
0.2619
0.1765
0.1807
0.2308
0.6441
0.5397
0.314
0.3516
0.2188
0.2333
0.2637
0.2941
0.2973
0.2892
0.4324
0.2658
0.2149
0.2222
0.4085
0.3067
0.2233
0.2165
0.1758
0.3684
0.2113
0.2574
0.4912
0.2609
0.2414
0.2674
0.2826
0.2195
0.3034
0.4776
0.175
0.3158
0.2222
0.2632
0.1429
0.5833
0.3818
0.3506
0.1882
0.2179
0.3472
0.2959
0.2626
0.2824
0.2308
0.3256
0.6515
0.4267
0.4595
0.3125
0.2754
0.2527
0.2373
0.3563
0.494
0.1429
0.3625
0.297
0.2065
0.2588
0.2222
0.2121
0.186
0.2394
0.2903
0.4211
0.2857
0.4861
0.2529
0.1489
0.1848
0.2907
0.3385
0.198
0.4394
0.2927
0.3944
0.2308
0.1778
0.2727
0.4133
0.2935
0.4211
0.4722
0.3438
0.2805
0.4595
0.2692
0.369
0.36
0.2262
0.6618
0.2308
0.4615
0.215
0.2973
0.2584
0.2556
0.3944
0.34
0.2933
0.378
0.3889
0.3286
0.5574
0.4247
0.5658
0.2198
0.1667
0.2295
0.2895
0.3289
0.2989
0.4078
0.1758
0.3556
0.5
0.3171
0.3611
0.5522
0.3556
0.2949
0.2532
0.284
0.5
0.28
0.1807
0.3378
0.2714
0.3151
0.2755
0.2603
0.3611
0.4286
0.2477
0.2018
0.1538
0.4054
0.2421
0.5595
0.3247
0.3649
0.2059
0.1667
0.3222
0.4353
0.1584
0.2841
0.3488
0.297
0.2584
0.2989
0.3146
0.2632
0.4556
0.2083
0.3875
0.4458
0.3014
0.36
0.3378
0.2911
0.2262
0.2816
0.3409
0.358
0.3086
0.3253
0.2933
0.2222
0.5205
0.3258
0.3222
0.1604
0.3924
0.2245
0.2474
0.3553
0.3827
0.3529
0.3617
0.2209
0.4074
0.2366
0.1842
0.2584
0.1731
0.3418
0.1549
0.5362
0.2778
0.2212
0.2857
0.28
0.425
0.2043
0.6076
0.3133
0.4091
0.2871
0.5156
0.3696
0.2947
0.1684
0.2874
0.3372
0.2714
0.3409
0.35
0.3371
0.3
0.5116
0.3333
0.266
0.55
0.268
0.2581
0.1447
0.2564
0.4167
0.3864
0.2788
0.7794
0.4478
0.2784
0.2273
0.2125
0.5333
0.5412
0.2444
0.1683
0.2703
0.5775
0.3684
0.3797
0.4103
0.3151
0.3929
0.4688
0.4805
0.3333
0.6324
0.4026
0.2967
0.3723
0.2
0.3286
0.1635
0.2358
0.3107
0.3614
0.3111
0.2464
0.25
0.2561
0.3704
0.2333
0.1456
0.2093
0.4667
0.2933
0.3214
0.2921
0.3385
0.188
0.2066
0.1688
0.2093
0.2632
0.2889
0.32
0.2824
0.2571
0.3846
0.2471
0.1961
0.1398
0.198
0.3623
0.4324
0.4713
0.4
0.3289
0.3095
0.172
0.4524
0.2603
0.3243
0.5373
0.3875
0.2152
0.4
0.1939
0.2386
0.2529
0.2526
0.3871
0.4783
0.25
0.4182
0.3372
0.3714
0.4595
0.29
0.381
0.2759
0.2553
0.2045
0.4328
0.2326
0.4713
0.4286
0.3951
0.1739
0.4219
0.3889
0.3125
0.7647
0.3256
0.2805
0.3068
0.2222
0.1467
0.1753
0.3485
0.1959
0.2692
0.2651
0.2267
0.3333
0.2785
0.2021
0.1951
0.1728
0.2373
0.1471
0.2593
0.3021
0.2588
0.2346
0.2368
0.3521
0.2877
0.1948
0.2051
0.1139
0.2464
0.1059
0.3117
0.1744
0.2727
0.1837
0.2632
0.4857
0.236
0.225
0.1058
0.1829
0.1928
0.1047
0.1948
0.1316
0.1327
0.1839
0.4412
0.1398
0.2597
0.1932
0.2656
0.1781
0.3452
0.2043
0.3093
0.2299
0.3103
0.1852
0.2568
0.0789
0.2718
0.1735
0.3293
0.3529
0.4458
0.3086
0.4265
0.2376
0.2188
0.0879
0.2079
0.2812
0.2874
0.25
0.1918
0.3034
0.2754
0.2432
0.25
0.2593
0.2273
0.1392
0.299
0.1923
0.2059
0.2899
0.2375
0.2192
0.241
0.1546
0.236
0.18
0.1111
0.2206
0.3478
0.2
0.0978
0.2533
0.2644
0.2941
0.2564
0.1538
0.1607
0.284
0.3281
0.2892
0.2239
0.0978
0.25
0.1696
0.1705
0.115
0.1979
0.2079
0.125
0.3034
0.1899
0.1165
0.2727
0.2549
0.1111
0.1837
0.1266
0.1724
0.2174
0.1556
0.175
0.2706
0.3051
0.2022
0.0367
0.2955
0.2105
0.2969
0.1809
0.2639
0.359
0.1806
0.2471
0.3051
0.3523
0.2759
0.1972
0.041
0.3789
0.2169
0.2162
0.284
0.2375
0.2469
0.0357
0.2368
0.2111
0.2647
0.2576
0.0874
0.1625
0.1261
0.2597
0.1935
0.2644
0.3562
0.1146
0.2805
0.2698
0.1183
0.431
0.125
0.2474
0.1918
0.3286
0.1856
0.2593
0.2317
0.2754
0.2439
0.1215
0.1667
0.2035
0.2073
0.1556
0.3182
0.2329
0.2549
0.1546
0.3778
0.4058
0.3049
0.4
0.3239
0.131
0.1573
0.1146
0.2308
0.1579
0.3281
0.3902
0.3846
0.4333
0.3636
0.2358
0.24
0.1512
0.4125
0.2632
0.2234
0.2065
0.2329
0.2169
0.2375
0.2436
0.2436
0.3086
0.1351
0.2625
0.1739
0.2879
0.2553
0.2466
0.1446
0.2105
0.2051
0.1852
0.2338
0.2192
0.2759
0.1569
0.2821
0.2805
0.3293
0.2468
0.175
0.2529
0.2892
0.1923
0.3378
0.3295
0.1375
0.2625
0.0783
0.2
0.1829
0.3243
0.2394
0.25
0.3125
0.2877
0.1935
0.2778
0.314
0.2222
0.2232
0.1939
0.3088
0.1217
0.1628
0.1494
0.25
0.2429
0.411
0.3171
0.1829
0.2121
0.4762
0.2577
0.3043
0.1667
0.381
0.1707
0.3182
0.3175
0.2421
0.2353
0.1875
0.2326
0.5309
0.1944
0.2755
0.1818
0.1705
0.3492
0.2381
0.1684
0.1359
0.1684
0.1047
0.1895
0.2099
0.1795
0.4286
0.1638
0.15
0.2987
0.1071
0.1512
0.1758
0.2316
0.1923
0.0976
0.2055
0.1458
0.2143
0.2151
0.2647
0.1635
0.2043
0.2179
0.3293
0.1587
0.0891
0.24
0.1287
0.3421
0.3125
0.2308
0.1304
0.3571
0.2073
0.175
0.1928
0.1954
0.3521
0.4386
0.099
0.3171
0.3
0.3291
0.1829
0.4194
0.1739
0.3333
0.3733
0.375
0.156
0.2625
0.2903
0.2784
0.1951
0.3393
0.2778
0.2857
0.3038
0.1696
0.1818
0.3409
0.234
0.3333
0.2333
0.1304
0.1978
0.1429
0.0682
0.2152
0.1875
0.1795
0.1571
0.5
0.1188
0.1983
0.2727
0.32
0.2394
0.3034
0.1842
0.2267
0.219
0.2442
0.1744
0.1467
0.2817
0.3099
0.2921
0.4242
0.3016
0.0732
0.2235
0.4247
0.2857
0.1562
0.2308
0.3182
0.2907
0.2254
0.2396
0.1028
0.125
0.1605
0.1316
0.2963
0.1383
0.3625
0.0431
0.4925
0.2533
0.4348
0.2386
0.2667
0.3571
0.2375
0.197
0.2045
0.2333
0.2386
0.4429
0.1845
0.2597
0.2
0.3649
0.2676
0.4677
0.325
0.2727
0.3333
0.2088
0.125
0.3953
0.2319
0.2468
0.1224
0.4176
0.303
0.2475
0.2444
0.2949
0.2418
0.2315
0.1735
0.3247
0.2179
0.2588
0.1446
0.28
0.3485
0.2093
0.4154
0.1899
0.2289
0.2826
0.1972
0.1798
0.2674
0.0833
0.2955
0.234
0.2027
0.325
0.2083
0.2907
0.25
0.1275
0.2338
0.2118
0.1748
0.3056
0.2874
0.2143
0.1667
0.2299
0.1136
0.0842
0.0381
0.375
0.1892
0.2917
0.092
0.2095
0.2439
0.2667
0.2184
0.2025
0.3021
0.2809
0.2674
0.2788
0.2754
0.1121
0.2524
0.2093
0.3014
0.1829
0.233
0.4407
0.1447
0.1771
0.2727
0.2073
0.1809
0.1395
0.2025
0.1494
0.3816
0.2308
0.2
0.3049
0.225
0.2683
0.1646
0.3924
0.3077
0.2568
0.1798
0.241
0.2065
0.1827
0.3194
0.3934
0.5574
0.191
0.4516
0.2267
0.1538
0.2632
0.1818
0.2
0.1456
0.2022
0.2907
0.337
0.2783
0.1375
0.1837
0.3553
0.1452
0.1282
0.1932
0.275
0.2821
0.3919
0.2535
0.1596
0.1263
0.1932
0.1974
0.1833
0.3333
0.1975
0.2427
0.3973
0.2169
0.1571
0.1667
0.1495
0.274
0.1129
0.3953
0.0826
0.1512
0.253
0.2209
0.2667
0.1748
0.2471
0.4167
0.266
0.2353
0.181
0.2794
0.1319
0.2667
0.1702
0.2273
0.15
0.2564
0.1299
0.1765
0.2533
0.3788
0.2063
0.1875
0.3636
0.2584
0.2273
0.1134
0.2703
0.2317
0.3125
0.129
0.2933
0.2143
0.325
0.2371
0.2857
0.1899
0.1702
0.25
0.4902
0.0721
0.1923
0.3
0.2184
0.1829
0.2051
0.1319
0.4
0.1667
0.0989
0.2222
0.1974
0.1959
0.35
0.1923
0.3295
0.2875
0.1519
0.25
0.2703
0.1215
0.1279
0.2235
0.1867
0.2396
0.1848
0.1619
0.3924
0.2135
0.1188
0.2245
0.3944
0.12
0.4426
0.1412
0.2644
0.3676
0.3377
0.0891
0.1714
0.2222
0.2135
0.4605
0.0745
0.1977
0.5775
0.1136
0.25
0.1633
0.2174
0.26
0.1739
0.2133
0.1509
0.209
0.2625
0.2927
0.1522
0.2658
0.2824
0.1835
0.2405
0.1977
0.2609
0.3836
0.5556
0.1584
0.2577
0.019
0.4225
0.2527
0.3056
0.2963
0.4545
0.1111
0.2405
0.1786
0.2088
0.2644
0.2405
0.4458
0.2133
0.2212
0.2135
0.1728
0.2593
0.1481
0.1622
0.1667
0.4286
0.1772
0.2432
0.1905
0.0805
0.0964
0.0244
0.0769
0.3651
0.2326
0.2967
0.1562
0.2222
0.1978
0.3824
0.2838
0.2169
0.2667
0.1519
0.157
0.2099
0.3662
0.2133
0.2233
0.1649
0.1522
0.3895
0.1408
0.2079
0.4561
0.1449
0.1839
0.2442
0.2717
0.1951
0.2135
0.3582
0.1875
0.2
0.2099
0.2632
0.1538
0.2742
0.2545
0.3636
0.2235
0.1154
0.2222
0.1837
0.2121
0.2118
0.1648
0.3023
0.4697
0.3467
0.2703
0.3438
0.1304
0.1064
0.1356
0.2644
0.3373
0.1818
0.2125
0.2277
0.1304
0.2471
0.2778
0.1818
0.0899
0.1972
0.0918
0.2857
0.2619
0.4306
0.2069
0.1809
0.087
0.2558
0.2
0.1359
0.3182
0.1585
0.3099
0.1667
0.1319
0.2386
0.32
0.1304
0.3684
0.3472
0.2188
0.1951
0.3514
0.2564
0.25
0.33
0.1176
0.5
0.1978
0.3718
0.1589
0.2703
0.1798
0.1889
0.3099
0.33
0.1842
0.2683
0.3056
0.2714
0.4918
0.2703
0.3684
0.1319
0.1154
0.1803
0.2078
0.3289
0.1954
0.1963
0.1538
0.2747
0.3472
0.2683
0.2361
0.5224
0.1848
0.2692
0.1899
0.284
0.3269
0.21
0.1446
0.1974
0.2286
0.1096
0.1939
0.274
0.3611
0.3333
0.211
0.1468
0.1209
0.2432
0.1895
0.4524
0.1818
0.2703
0.1667
0.2556
0.2556
0.3412
0.1584
0.2273
0.2442
0.2376
0.2472
0.1609
0.2809
0.1789
0.3556
0.2292
0.225
0.4819
0.1507
0.36
0.2703
0.2025
0.1071
0.2621
0.1667
0.2099
0.284
0.2651
0.2133
0.1205
0.3014
0.2809
0.2222
0.0943
0.1687
0.1837
0.1735
0.3289
0.2716
0.3333
0.2979
0.1977
0.3086
0.1613
0.114
0.2135
0.1538
0.2025
0.169
0.2754
0.1806
0.1731
0.1412
0.27
0.35
0.1935
0.4937
0.253
0.2571
0.1881
0.4531
0.3152
0.2842
0.1263
0.1954
0.1744
0.2
0.1818
0.2625
0.2308
0.2875
0.4302
0.2381
0.2021
0.45
0.2083
0.1935
0.0789
0.2436
0.3056
0.2159
0.25
0.6765
0.2985
0.11
0.1818
0.2
0.44
0.3765
0.1778
0.0882
0.2162
0.4648
0.2895
0.1899
0.3462
0.2838
0.25
0.2812
0.3766
0.2114
0.4783
0.3117
0.0761
0.2234
0.2125
0.2571
0.125
0.217
0.1845
0.2771
0.3
0.1739
0.25
0.1687
0.2073
0.1222
0.165
0.1977
0.3467
0.36
0.2143
0.1889
0.3538
0.1795
0.1322
0.1558
0.2442
0.1579
0.2333
0.15
0.2588
0.2286
0.3205
0.2235
0.098
0.086
0.1287
0.1389
0.2179
0.3793
0.303
0.2237
0.2262
0.1613
0.3333
0.1507
0.2027
0.4925
0.1852
0.1646
0.3067
0.1531
0.2135
0.1954
0.1789
0.4355
0.4493
0.2273
0.3818
0.2093
0.2143
0.3919
0.098
0.2857
0.3218
0.1915
0.1932
0.2985
0.1512
0.2581
0.3636
0.2963
0.1304
0.3438
0.3611
0.25
0.5147
0.2442
0.2073
0.1818
0.1548
0.1333
0.1111
0.1081
0.1753
0.2375
0.3373
0.0633
0.303
0.0333
0.2021
0.0238
0.1899
0.1864
0.0571
0.1852
0.0185
0.3059
0.1728
0.2632
0.3803
0.2192
0.0247
0.2051
0.1392
0.3043
0.1529
0.0667
0.2209
0.2727
0.0784
0.1974
0.3143
0.1383
0.225
0.1881
0.1829
0.1325
0.1279
0.1688
0.1757
0.0198
0.1724
0.0247
0.1398
0.2857
0.0538
0.1014
0.2603
0.2299
0.0297
0.2165
0.1236
0.125
0.2099
0.1351
0.0526
0.0091
0.0909
0.0215
0.3676
0.3929
0.2469
0.0488
0.0926
0.2812
0.0109
0.0865
0.3021
0.2874
0.25
0.1507
0.1739
0.2899
0.2703
0.25
0.2778
0.1818
0.1519
0.3196
0.037
0.0972
0.1549
0.1852
0.1644
0.253
0.12
0.0632
0.1287
0.0392
0.25
0.3623
0.1765
0.1
0.0128
0.2529
0.0632
0.2051
0.141
0.069
0.2099
0.3281
0.0112
0.0694
0.0978
0.0204
0.1518
0.1364
0.1239
0.2188
0.0654
0.0081
0.236
0.1538
0.1456
0.2597
0.1215
0.1605
0.0792
0.1772
0.0081
0.0204
0.033
0.1875
0.0412
0.1077
0.1011
0.1845
0.2235
0.1368
0.2344
0.2128
0.2361
0.3462
0.0519
0.1882
0.0615
0.08
0.2414
0.027
0.0164
0.1939
0.1325
0
0.2561
0.1625
0.023
0.0238
0.1974
0.2333
0.1714
0.197
0.0472
0.2375
0.0174
0.2597
0.2043
0.1954
0.0864
0.02
0.125
0.3175
0.0753
0.4035
0.1625
0.2268
0.0506
0.2254
0.0612
0.2593
0
0.0385
0.0814
0.1308
0.0426
0.2035
0.1707
0.1556
0.03
0.274
0.0545
0.1856
0.2667
0
0.2683
0.0548
0.338
0.1429
0.1798
0.125
0.0312
0.1031
0.2656
0.0538
0
0.2063
0.3506
0.2264
0.2133
0.1512
0.0581
0.2368
0.2234
0.1042
0.0625
0.0337
0.1111
0.2208
0.2436
0.2593
0.0405
0.275
0.1848
0.0278
0.2234
0.1644
0.0111
0.2237
0.2051
0.0588
0.0241
0.2329
0.0103
0.1667
0.2857
0.2289
0.0104
0.3247
0.0357
0.2414
0.2892
0.1923
0.3108
0.2386
0.175
0.069
0.0609
0.0208
0.0227
0.0625
0.0556
0.25
0.0865
0.1579
0.0309
0.0128
0.033
0.2099
0.1696
0.1837
0.3529
0.113
0.0814
0.0674
0.0104
0.2571
0.3151
0.0222
0.046
0.1919
0.381
0.0094
0.2899
0.1959
0.1061
0.1341
0.2879
0.0282
0.2211
0.0204
0.0357
0.2791
0.5679
0.0548
0.0283
0.1111
0.2045
0.3492
0
0.0297
0.0381
0.1562
0.1279
0.2316
0.1605
0.2179
0.5
0.1552
0.14
0.284
0.253
0.0444
0.0319
0.2
0.0366
0.0357
0.1781
0.1771
0.066
0.1828
0.1912
0.1346
0.1134
0.1111
0.0659
0.1094
0
0.1467
0.0094
0.3158
0.2812
0.2923
0.05
0.3286
0.2683
0.175
0.1205
0.1609
0.3425
0.4211
0.0485
0.0761
0.2
0.3418
0.0667
0.3871
0.2174
0.1238
0.0476
0.425
0.1284
0.2625
0.2258
0
0.2317
0.1148
0.0127
0.2857
0.2405
0.1875
0.1948
0.3068
0.0385
0.1212
0.2
0.1159
0.0989
0.0139
0.2048
0.1899
0.0723
0.1538
0.1571
0.4355
0.0189
0.181
0.2727
0.1795
0.038
0.051
0.25
0.012
0.1667
0.2558
0.2209
0.1867
0.0658
0.0366
0.03
0.0658
0.2576
0.1829
0.044
0.3562
0.1786
0.1667
0.2308
0.0638
0.2674
0.2394
0.2396
0.1028
0.1591
0.1975
0.1316
0
0.1596
0.0444
0.069
0.4328
0.0122
0.3944
0.0323
0.025
0.0459
0.0471
0.0588
0.25
0.3
0.1932
0.493
0.1154
0.1948
0.0825
0.061
0.1644
0.4194
0.119
0.2159
0.3333
0.102
0.125
0.0303
0.0417
0.2468
0.0918
0.1373
0.303
0.2376
0.2556
0.1667
0.1429
0.0909
0.1327
0.0349
0.2179
0.2824
0.1176
0.24
0.3333
0.0455
0.4154
0.1899
0.2169
0.2234
0.0658
0.0211
0.033
0.0833
0.3412
0.0291
0.2
0.325
0.2396
0.2222
0.2
0.0467
0.2468
0.0326
0.1748
0.2917
0.0426
0.0595
0.131
0.2414
0.1591
0.0103
0.3333
0.3906
0.1757
0.1176
0.0337
0.2
0.2439
0.1778
0.2299
0.0741
0.0182
0.0306
0.0659
0.1081
0.04
0.0179
0.1154
0
0.3014
0.1707
0.2039
0.3167
0.1892
0.1771
0.1667
0.2317
0.2234
0.1395
0.1341
0.0543
0.3289
0.0119
0.0238
0.0326
0.2125
0.2439
0.0115
0.3165
0.2692
0.1644
0.191
0.253
0.1042
0.1905
0.0959
0.2951
0.4918
0.2247
0.1304
0.2133
0.0633
0.0625
0.1558
0.2087
0.1456
0.1798
0.0421
0.0396
0.1966
0.1625
0.2245
0.3158
0.1613
0.0488
0.086
0.2
0.3077
0.3514
0.038
0.1383
0.1053
0.125
0.0759
0.3
0.3492
0.1481
0.2233
0.3699
0.0345
0.0417
0.0755
0.1589
0.0506
0.1613
0.1099
0.0531
0.1628
0.1928
0.1264
0.1842
0.165
0.0455
0.377
0.2979
0.2353
0.1238
0.125
0.2088
0.3784
0.1649
0.0316
0.125
0.2436
0.2105
0.0337
0.2667
0.0429
0.0714
0.2
0.4242
0.0303
0.0526
0.1702
0.0633
0.0588
0.0426
0.172
0.3333
0.2651
0.3625
0.2062
0.2055
0.1772
0.2391
0.1528
0.4314
0.0439
0.2179
0.3714
0.0978
0.1163
0.1795
0.0989
0.1364
0.141
0.0879
0.0506
0.026
0.1959
0.2619
0.0366
0.2614
0.325
0.1646
0.2895
0.3243
0.1402
0.0698
0.0333
0.16
0.0808
0.2283
0.1038
0.3671
0.2022
0.0769
0.1837
0.0824
0.0192
0.2951
0.0112
0.2759
0.2941
0.225
0.0288
0.1429
0.0316
0.1685
0.3553
0.0745
0.1395
0.0116
0.0769
0.2273
0.0099
0.2174
0.1782
0.0206
0.2
0.1887
0.209
0.25
0.2439
0.1304
0.1772
0.1
0.1651
0.0723
0.2093
0.1594
0.2237
0.5185
0.1089
0.2245
0.0381
0.0714
0.1978
0.2222
0.3086
0.3766
0.0235
0.1772
0.119
0.3077
0.0404
0.1899
0.3412
0.2267
0.0357
0.1667
0.1852
0.0114
0.1111
0.2027
0.1154
0.381
0.0357
0.0132
0.2381
0.1647
0.0581
0.1538
0.0923
0.4444
0.2093
0.2747
0.1385
0.0421
0.2527
0.3088
0.05
0
0.0617
0.0843
0.1488
0.1481
0.16
0.0617
0.2136
0.0392
0.1522
0.3158
0.1408
0
0.4737
0.0278
0.2414
0.2209
0.0816
0.2683
0.1209
0.2985
0.1625
0.2421
0.1481
0.0625
0.0538
0.3226
0.0645
0.0723
0.2
0.141
0.2222
0.1735
0.202
0.2235
0.2088
0.0408
0.3939
0.0864
0.2568
0.3125
0.1884
0.117
0.161
0.0515
0.3373
0.1429
0.2375
0.0667
0.0208
0.2235
0.0267
0.1717
0.1744
0.039
0.102
0.3117
0.033
0.3056
0.043
0.1064
0.087
0.0316
0.2154
0.0283
0.3333
0.1951
0.2958
0.1282
0.1429
0.25
0.2105
0.1739
0.2208
0.1867
0.2188
0.1707
0.2973
0.1772
0.2738
0.1635
0.0824
0.3158
0.1429
0.3333
0.0625
0.1486
0.1461
0.2222
0.3521
0.0273
0.2105
0.1548
0.1944
0.2
0.0959
0.2027
0.25
0.0312
0.025
0.1967
0.2078
0.0244
0.0213
0.0086
0.0104
0.2637
0.0385
0.3293
0.2361
0.4179
0.1064
0.1084
0.1899
0.1852
0.0492
0.0455
0.1566
0.2
0
0.1644
0.1429
0.2192
0.1184
0.25
0.0862
0.0526
0.0978
0.2162
0.1789
0.381
0.0741
0.0465
0.0185
0.2111
0.1087
0.0392
0.066
0.0106
0.2326
0.2574
0.2809
0.0659
0.3034
0.1
0.2778
0.2083
0.225
0.4337
0.137
0.3067
0.1299
0.1899
0.0233
0.0268
0.2045
0.1975
0.2222
0
0.28
0.1605
0.1899
0.191
0.2111
0.0273
0.2278
0.1212
0.1122
0.3026
0.0109
0.2029
0
0.1222
0.0337
0.172
0.0877
0.2022
0.1346
0.2532
0.0263
0.2899
0.0649
0.0556
0.2118
0.0187
0.0222
0.1613
0.4304
0.1529
0.0649
0.1881
0.0375
0.3696
0.2737
0.1684
0.0319
0.1628
0.1429
0.1236
0.25
0.0408
0.0556
0.3488
0.2976
0.2128
0.4333
0.1856
0.0404
0.0658
0.1538
0.3611
0.2159
0.0442
0.0465
0.0135
0.0693
0.1727
0.0723
0.4
0.01
0.1333
0.1386
0.2432
0.4366
0.2895
0.1235
0.2
0.2973
0.2619
0.2031
0.2857
0.2033
0.4203
0.1463
0.087
0.0288
0.15
0.2429
0.1058
0.0265
0.0962
0.0682
0.3111
0
0.25
0.0465
0.1023
0.1222
0.1359
0.1023
0.4
0.1026
0.1294
0.1556
0.2923
0.1453
0.1057
0.1558
0
0.1184
0.2333
0.15
0.2588
0.2143
0.3077
0.2118
0.0096
0.0316
0.1089
0.2222
0.1795
0.3864
0.2879
0.0247
0.2262
0.129
0.3929
0.0526
0.0375
0.5672
0.1852
0.2025
0.3067
0.0098
0.0521
0.2069
0.0291
0.3871
0.3623
0.0309
0.125
0.1512
0.0274
0.2838
0.1176
0.3214
0.0645
0.2021
0.1364
0.2239
0.2143
0.3333
0.1667
0.2469
0.0319
0.3281
0.2778
0.275
0.5
0.0543
0.0899
0.1364
0.1566
