x
0.3612
0.3635
0.3902
0.3828
0.3812
0.3699
0.3663
0.382
0.3785
0.3862
0.3731
0.3844
0.3806
0.3829
0.3662
0.3857
0.3684
0.3792
0.3706
0.36
0.3679
0.3695
0.3603
0.3682
0.347
0.3733
0.3763
0.3787
0.3734
0.3761
0.3705
0.3797
0.3819
0.3807
0.3673
0.3659
0.3731
0.3741
0.3816
0.3807
0.3755
0.3523
0.3812
0.3631
0.3788
0.3571
0.3668
0.3755
0.3856
0.3655
0.3679
0.3836
0.3762
0.3794
0.3807
0.371
0.3829
0.3698
0.3714
0.3762
0.3908
0.3828
0.3726
0.3845
0.3762
0.365
0.3687
0.3718
0.3662
0.3716
0.3832
0.3864
0.3673
0.3857
0.3696
0.3748
0.3639
0.376
0.3799
0.3712
0.3788
0.3757
0.364
0.3732
0.3752
0.3768
0.3661
0.3815
0.3605
0.3867
0.3782
0.3694
0.3745
0.369
0.3699
0.3817
0.3753
0.3858
0.3753
0.372
0.3762
0.383
0.3823
0.3675
0.3731
0.3791
0.3754
0.3939
0.3663
0.3734
0.3861
0.3778
0.3665
0.3793
0.3762
0.3729
0.3805
0.3656
0.3699
0.3854
0.3709
0.3676
0.3676
0.3734
0.3858
0.3626
0.3731
0.3746
0.372
0.3803
0.3798
0.3726
0.3859
0.3688
0.3764
0.3794
0.3769
0.3756
0.3821
0.3847
0.376
0.3712
0.3699
0.3702
0.3805
0.3903
0.3766
0.3826
0.3864
0.3915
0.3743
0.3708
0.3779
0.3805
0.3669
0.3742
0.3766
0.3499
0.3712
0.3846
0.3679
0.3794
0.3781
0.3706
0.3838
0.3711
0.3872
0.3803
0.3634
0.3711
0.3681
0.3827
0.3706
0.377
0.3846
0.3787
0.3745
0.3639
0.3793
0.3725
0.3816
0.3848
0.3844
0.3822
0.3591
0.368
0.3706
0.3896
0.3731
0.3812
0.384
0.3786
0.3719
0.3874
0.38
0.3743
0.362
0.3805
0.3808
0.381
0.3826
0.3687
0.381
0.3813
0.362
0.3816
0.3857
0.3897
0.378
0.3669
0.3787
0.3754
0.3735
0.3735
0.3679
0.3677
0.341
0.384
0.374
0.3544
0.3666
0.3577
0.3867
0.3749
0.3859
0.3831
0.386
0.3643
0.3715
0.3772
0.3785
0.3667
0.3792
0.3752
0.3817
0.3652
0.3815
0.3549
0.379
0.3886
0.368
0.3778
0.3678
0.3823
0.3809
0.3608
0.3606
0.3818
0.38
0.3766
0.3732
0.3595
0.3822
0.3897
0.3751
0.3842
0.3823
0.3857
0.376
0.3812
0.3683
0.3625
0.3704
0.381
0.378
0.3678
0.3774
0.382
0.3816
0.3633
0.3841
0.3466
0.3538
0.3764
0.36
0.3919
0.3685
0.3872
0.3713
0.3753
0.3593
0.371
0.3839
0.3773
0.3548
0.3757
0.3716
0.3786
0.3776
0.3807
0.3631
0.3739
0.3664
0.3883
0.3824
0.3649
0.37
0.369
0.3752
0.383
0.3928
0.3835
0.3471
0.3764
0.378
0.3718
0.3745
0.3608
0.3782
0.3673
0.3594
0.3787
0.3708
0.3894
0.3812
0.3639
0.3808
0.3734
0.3887
0.3795
0.3664
0.3854
0.3838
0.3786
0.3803
0.3571
0.356
0.3637
0.3692
0.3833
0.3778
0.38
0.3717
0.3783
0.381
0.3676
0.3708
0.3659
0.3626
0.3651
0.3699
0.3906
0.3692
0.3723
0.3871
0.365
0.3754
0.3797
0.3646
0.3824
0.3748
0.3783
0.3766
0.379
0.3785
0.3274
0.3603
0.3693
0.3781
0.3736
0.3556
0.3846
0.3797
0.3853
0.3749
0.3936
0.3579
0.3765
0.3672
0.3628
0.3703
0.3849
0.3827
0.3835
0.3799
0.3791
0.3722
0.3671
0.3844
0.3754
0.3518
0.3608
0.3744
0.3588
0.3618
0.3965
0.3583
0.3795
0.3787
0.3756
0.3701
0.3899
0.3871
0.3704
0.3805
0.3815
0.3826
0.3805
0.3768
0.3582
0.3837
0.3677
0.3825
0.3716
0.3723
0.3608
0.3727
0.3867
0.3696
0.3718
0.3806
0.3726
0.3738
0.3757
0.3783
0.3861
0.3823
0.3723
0.3642
0.3775
0.3774
0.3594
0.3798
0.3856
0.3853
0.3884
0.3871
0.3683
0.3796
0.3699
0.3548
0.3758
0.3654
0.3718
0.3841
0.3618
0.3606
0.3549
0.3645
0.3785
0.3865
0.3769
0.3635
0.3774
0.3697
0.3772
0.3656
0.3826
0.3867
0.3826
0.3816
0.3722
0.3773
0.3711
0.381
0.3837
0.3718
0.3639
0.3769
0.3706
0.3669
0.364
0.3766
0.3652
0.377
0.3832
0.3839
0.3486
0.3514
0.3803
0.3898
0.3506
0.3803
0.3915
0.3707
0.3836
0.3641
0.3596
0.3702
0.3725
0.3597
0.369
0.3853
0.3731
0.3566
0.3801
0.3658
0.3672
0.368
0.3826
0.3915
0.3606
0.3567
0.3842
0.3681
0.3838
0.3844
0.3805
0.3712
0.3655
0.3815
0.3788
0.3726
0.3678
0.368
0.3864
0.373
0.3779
0.3837
0.3775
0.3554
0.3746
0.3693
0.3675
0.3755
0.379
0.3695
0.3874
0.3561
0.3786
0.3713
0.3754
0.3843
0.3849
0.3561
0.3647
0.3765
0.3773
0.3655
0.3727
0.3864
0.3657
0.3633
0.3802
0.3712
0.3639
0.3828
0.3733
0.3708
0.3727
0.3686
0.3859
0.371
0.3742
0.3741
0.3559
0.3752
0.3795
0.3686
0.375
0.3704
0.3777
0.3661
0.3692
0.3634
0.3736
0.3614
0.3666
0.372
0.3716
0.3568
0.3676
0.3798
0.3498
0.3764
0.3662
0.3637
0.378
0.381
0.3675
0.3748
0.3736
0.3754
0.3823
0.364
0.3803
0.359
0.3853
0.3844
0.3718
0.3798
0.3803
0.3722
0.3525
0.3783
0.3817
0.3722
0.3814
0.3821
0.3757
0.3769
0.3712
0.3302
0.3806
0.3785
0.3731
0.3826
0.3751
0.3757
0.3833
0.3559
0.3794
0.3644
0.3756
0.3743
0.3773
0.3786
0.3793
0.3703
0.381
0.3894
0.3848
0.3747
0.377
0.3848
0.3729
0.3796
0.3745
0.3795
0.3726
0.3681
0.3736
0.3785
0.3639
0.3761
0.3807
0.378
0.3822
0.3749
0.385
0.3759
0.3859
0.3819
0.3754
0.388
0.3812
0.3821
0.3691
0.3799
0.3802
0.3768
0.3804
0.3674
0.378
0.3829
0.3469
0.3786
0.3642
0.3702
0.3852
0.3757
0.362
0.3734
0.3589
0.386
0.391
0.3786
0.3653
0.3759
0.3898
0.3823
0.3451
0.3727
0.3837
0.3756
0.3739
0.3846
0.3729
0.3551
0.3927
0.3729
0.3794
0.3751
0.3765
0.378
0.3695
0.3738
0.3771
0.3802
0.387
0.3737
0.3839
0.3758
0.3637
0.372
0.3757
0.3555
0.3837
0.374
0.3696
0.3827
0.3668
0.3824
0.3792
0.3695
0.3723
0.3724
0.3831
0.3698
0.3695
0.3726
0.3674
0.3648
0.371
0.3656
0.379
0.3807
0.3718
0.3435
0.3731
0.3605
0.3483
0.3786
0.3813
0.3694
0.3685
0.3741
0.3821
0.3805
0.3807
0.3548
0.3885
0.3819
0.3483
0.3686
0.3714
0.3726
0.3782
0.3837
0.3739
0.3835
0.3883
0.3743
0.3687
0.3711
0.3785
0.372
0.3752
0.3743
0.3803
0.3859
0.3945
0.3753
0.3801
0.3691
0.3703
0.3773
0.3733
0.3628
0.3731
0.3644
0.3729
0.3701
0.3692
0.3896
0.3938
0.3783
0.3506
0.3752
0.3818
0.3743
0.3534
0.3742
0.3714
0.382
0.3614
0.3697
0.3732
0.375
0.3839
0.3555
0.3747
0.3888
0.3772
0.3677
0.364
0.3823
0.3742
0.3582
0.3724
0.3713
0.3704
0.3818
0.382
0.3841
0.3803
0.3509
0.3793
0.3608
0.3696
0.3859
0.3799
0.3618
0.3908
0.3836
0.385
0.3705
0.3742
0.3871
0.3751
0.3722
0.3783
0.3723
0.3776
0.3788
0.3707
0.373
0.3741
0.3809
0.371
0.3854
0.3674
0.3795
0.3879
0.3739
0.3911
0.3799
0.3806
0.3823
0.3744
0.3701
0.3734
0.3803
0.3929
0.3812
0.3811
0.3595
0.3848
0.3754
0.3644
0.3814
0.361
0.3722
0.3833
0.3324
0.3677
0.365
0.3813
0.3641
0.364
0.3737
0.3782
0.3754
0.3666
0.3763
0.3814
0.3886
0.3778
0.3791
0.3561
0.3753
0.365
0.3613
0.3662
0.3829
0.3711
0.3797
0.3797
0.3887
0.3878
0.3686
0.3765
0.3606
0.3811
0.3859
0.3836
0.3619
0.3799
0.3814
0.3763
0.3769
0.3815
0.371
0.385
0.3859
0.3828
0.3693
0.3685
0.3892
0.3861
0.3784
0.3773
0.3624
0.3749
0.3745
0.3744
0.3752
0.3899
0.372
0.3756
0.3711
0.3716
0.3484
0.3608
0.3632
0.3719
0.3829
0.377
0.3849
0.3746
0.3593
0.365
0.3723
0.3858
0.3784
0.3691
0.3965
0.371
0.3672
0.3542
0.38
0.3668
0.3666
0.3566
0.3884
0.384
0.3819
0.3794
0.3783
0.3643
0.3897
0.3884
0.3754
0.3812
0.3841
0.3721
0.3816
0.3734
0.3709
0.3861
0.3808
0.3604
0.3726
0.3626
0.3602
0.3665
0.3831
0.3786
0.387
0.3725
0.3548
0.3784
0.3754
0.3738
0.3704
0.3647
0.3818
0.3795
0.3567
0.3718
0.383
0.3566
0.359
0.3837
0.3605
0.383
0.3769
0.3871
0.3745
0.3844
0.347
0.3748
0.3607
0.3702
0.3798
0.3677
0.3769
0.377
0.3868
0.3809
0.3834
0.3805
0.3709
0.3858
0.3803
0.3654
0.3801
0.3602
0.3804
0.3716
0.3862
0.3687
0.3619
0.381
0.3728
0.3822
0.3751
0.3742
0.3939
0.3731
0.3785
0.3853
0.3646
0.3804
0.379
0.3779
0.3475
0.3748
0.3764
0.3723
0.3744
0.3869
0.3904
0.3847
0.3736
0.3686
0.3601
0.3667
0.3903
0.3874
0.3887
0.3909
0.3909
0.3782
0.3779
0.3863
0.3712
0.3607
0.3958
0.3738
0.388
0.3846
0.3683
0.3624
0.3725
0.3757
0.3958
0.38
0.3748
0.3936
0.3703
0.3868
0.3947
0.3771
0.3689
0.3599
0.3761
0.3988
0.3928
0.375
0.3801
0.3565
0.3872
0.3491
0.3747
0.3677
0.3774
0.379
0.3956
0.3673
0.3849
0.3968
0.3973
0.3803
0.3794
0.3686
0.3925
0.3751
0.3684
0.3833
0.392
0.3977
0.3968
0.3916
0.3936
0.3932
0.3635
0.3805
0.3891
0.3868
0.3862
0.3768
0.3967
0.3872
0.3672
0.3901
0.3984
0.3789
0.3812
0.3716
0.3968
0.3867
0.3683
0.3827
0.3869
0.3884
0.3776
0.3991
0.371
0.3789
0.3763
0.3798
0.3633
0.3935
0.3953
0.3891
0.3678
0.3779
0.3845
0.3686
0.3977
0.3831
0.3857
0.3997
0.3748
0.3861
0.3813
0.3954
0.3981
0.3949
0.3909
0.3992
0.3658
0.3976
0.3752
0.387
0.3806
0.3789
0.3644
0.3765
0.3743
0.3811
0.3815
0.3942
0.3981
0.3963
0.365
0.3782
0.392
0.3824
0.3957
0.3792
0.391
0.3659
0.3981
0.3711
0.3958
0.3767
0.3895
0.3834
0.3718
0.3973
0.3684
0.3683
0.394
0.3978
0.3772
0.3874
0.379
0.3863
0.3969
0.3776
0.3861
0.3787
0.3779
0.3761
0.3939
0.3539
0.39
0.3982
0.3785
0.3995
0.3832
0.3927
0.3866
0.3862
0.3858
0.3976
0.3752
0.3986
0.3967
0.3904
0.3666
0.3797
0.3915
0.3776
0.3972
0.3738
0.3822
0.3751
0.3985
0.3893
0.3614
0.3813
0.3707
0.397
0.3888
0.3884
0.379
0.3916
0.3781
0.3968
0.3856
0.3814
0.3848
0.3719
0.3993
0.3783
0.3812
0.3802
0.4
0.3685
0.3875
0.3887
0.3848
0.387
0.3846
0.3983
0.3986
0.3953
0.3964
0.3789
0.3776
0.3827
0.3944
0.3618
0.3391
0.3861
0.3846
0.3563
0.3713
0.3871
0.3859
0.3823
0.3951
0.3821
0.3784
0.3686
0.3608
0.3697
0.3778
0.3759
0.3998
0.3809
0.3844
0.3479
0.3926
0.3835
0.3824
0.3835
0.3938
0.383
0.3946
0.3899
0.3827
0.3545
0.3907
0.3648
0.3925
0.3652
0.3918
0.3536
0.3748
0.3898
0.375
0.3974
0.3791
0.3977
0.383
0.3757
0.3631
0.3788
0.3637
0.3787
0.3969
0.3878
0.3716
0.3818
0.3974
0.3843
0.3806
0.3648
0.3843
0.3772
0.3682
0.3928
0.3835
0.3935
0.3766
0.3698
0.3555
0.373
0.3907
0.3956
0.3901
0.3899
0.3537
0.3993
0.3779
0.3995
0.3769
0.3651
0.3522
0.3926
0.3941
0.398
0.3753
0.396
0.3984
0.3863
0.3957
0.3959
0.3653
0.3806
0.37
0.3714
0.3573
0.3705
0.3892
0.3739
0.3681
0.3783
0.3787
0.3867
0.3875
0.3804
0.3986
0.3638
0.3826
0.3973
0.3781
0.3824
0.3888
0.3741
0.3763
0.3704
0.3771
0.3939
0.3648
0.3749
0.3872
0.3892
0.3945
0.3811
0.3966
0.396
0.3765
0.3644
0.3543
0.3869
0.38
0.3962
0.3668
0.3985
0.3875
0.3634
0.3722
0.3865
0.3911
0.3966
0.3703
0.3829
0.3859
0.385
0.382
0.3721
0.3639
0.3746
0.3928
0.3738
0.3597
0.3922
0.3799
0.3895
0.3868
0.393
0.3566
0.3881
0.3857
0.3617
0.3896
0.392
0.3878
0.3957
0.3983
0.3922
0.3632
0.3906
0.3799
0.3808
0.356
0.3594
0.3914
0.3734
0.3482
0.3948
0.3655
0.3986
0.3671
0.3639
0.3875
0.3897
0.3942
0.3883
0.3871
0.3945
0.3841
0.394
0.3735
0.3886
0.3964
0.3682
0.3858
0.3889
0.378
0.3966
0.388
0.3729
0.3634
0.3713
0.3922
0.3843
0.3862
0.3731
0.3933
0.3883
0.384
0.3722
0.3921
0.3734
0.3765
0.3925
0.397
0.3825
0.3852
0.394
0.3923
0.3765
0.3906
0.3944
0.3803
0.3882
0.3706
0.3752
0.3729
0.389
0.3594
0.3779
0.3669
0.3899
0.3951
0.3728
0.4
0.3881
0.3788
0.3968
0.3762
0.3846
0.3893
0.3846
0.3849
0.3989
0.3966
0.3763
0.3904
0.3872
0.3765
0.3637
0.3984
0.3838
0.3642
0.3578
0.3793
0.3904
0.3824
0.3839
0.386
0.3604
0.3798
0.392
0.3941
0.376
0.3855
0.3947
0.3766
0.3808
0.3945
0.3941
0.3876
0.3836
0.3573
0.3836
0.3961
0.396
0.3568
0.3909
0.3706
0.3707
0.3678
0.3866
0.389
0.3991
0.3867
0.3784
0.3581
0.3839
0.3981
0.3938
0.3724
0.3778
0.3794
0.3811
0.3739
0.3672
0.379
0.3893
0.388
0.3862
0.3875
0.3784
0.3985
0.3866
0.3664
0.3617
0.3991
0.3663
0.3952
0.3974
0.39
0.3834
0.3697
0.3974
0.3864
0.3983
0.3542
0.3758
0.3705
0.368
0.3711
0.395
0.3786
0.3944
0.3683
0.3796
0.399
0.3809
0.3821
0.3661
0.3702
0.3799
0.3788
0.3833
0.3631
0.3574
0.3967
0.3656
0.394
0.3711
0.3671
0.3746
0.3916
0.3989
0.3802
0.3935
0.3687
0.3706
0.3698
0.354
0.3691
0.3837
0.3675
0.3798
0.3806
0.3682
0.3806
0.3781
0.3727
0.39
0.3795
0.3571
0.376
0.3734
0.3728
0.3804
0.3804
0.3737
0.3663
0.3884
0.3944
0.3798
0.378
0.3798
0.3678
0.3544
0.3829
0.3922
0.3746
0.3994
0.3888
0.3832
0.3902
0.3923
0.3795
0.3993
0.3779
0.3761
0.3976
0.3985
0.3878
0.3941
0.3983
0.3905
0.3897
0.3811
0.3801
0.3815
0.3987
0.3893
0.3805
0.3674
0.3993
0.3993
0.3765
0.3986
0.3979
0.3798
0.3732
0.3757
0.389
0.387
0.3733
0.3685
0.3879
0.3974
0.3794
0.3798
0.374
0.3873
0.3787
0.3745
0.3957
0.3765
0.3846
0.3973
0.3952
0.3829
0.3823
0.3715
0.3802
0.3894
0.3738
0.3891
0.3692
0.3838
0.3801
0.3544
0.3898
0.3752
0.3642
0.3931
0.3868
0.3738
0.3726
0.3771
0.3903
0.3953
0.3715
0.3856
0.3812
0.3963
0.3851
0.3717
0.3725
0.3994
0.3876
0.3863
0.3834
0.3568
0.3617
0.3924
0.3735
0.3919
0.3856
0.3998
0.3959
0.3725
0.3814
0.3796
0.3775
0.3809
0.3669
0.3972
0.3966
0.3957
0.3796
0.3849
0.3814
0.3967
0.3863
0.3646
0.3822
0.3821
0.3726
0.3704
0.3725
0.3718
0.395
0.3919
0.3802
0.3832
0.3649
0.3902
0.3588
0.3773
0.3574
0.3749
0.3814
0.3854
0.3649
0.3743
0.3956
0.3622
0.3889
0.3782
0.3963
0.3677
0.391
0.3869
0.3774
0.3844
0.3424
0.399
0.3852
0.3637
0.3674
0.3811
0.3772
0.397
0.3792
0.375
0.3827
0.3937
0.3949
0.3755
0.3882
0.3788
0.3675
0.3994
0.3751
0.391
0.3945
0.3884
0.3937
0.381
0.3624
0.3748
0.382
0.3813
0.3662
0.3932
0.3865
0.3777
0.3666
0.3769
0.3968
0.397
0.3888
0.3581
0.3764
0.392
0.3832
0.3944
0.3769
0.388
0.3877
0.3605
0.3947
0.3989
0.3992
0.3895
0.3658
0.3874
0.3797
0.3857
0.3943
0.3691
0.3909
0.3772
0.3614
0.3818
0.3695
0.372
0.3817
0.3979
0.3833
0.3854
0.3492
0.3991
0.3637
0.3975
0.392
0.3994
0.3996
0.3697
0.3878
0.3929
0.3985
0.3792
0.3991
0.392
0.383
0.3744
0.3843
0.3958
0.368
0.3801
0.3738
0.3959
0.3953
0.3914
0.3824
0.3629
0.3866
0.384
0.3693
0.3854
0.3719
0.3935
0.3968
0.3821
0.3731
0.3753
0.3789
0.3908
0.3628
0.3829
0.3687
0.3929
0.3578
0.3887
0.3937
0.3976
0.3981
0.3884
0.3712
0.3888
0.3598
0.3811
0.3953
0.3742
0.3811
0.3813
0.3993
0.3771
0.3968
0.3958
0.3964
0.3876
0.3835
0.3544
0.3973
0.3717
0.3874
0.3862
0.3896
0.3687
0.3954
0.3936
0.3965
0.3925
0.3763
0.3991
0.399
0.3862
0.3877
0.388
0.3856
0.3979
0.3809
0.3672
0.3923
0.3753
0.3759
0.3891
0.389
0.3885
0.378
0.3995
0.3944
0.3837
0.3785
0.3976
0.3911
0.3952
0.3687
0.3772
0.3937
0.3976
0.3944
0.3989
0.3641
0.3933
0.3706
0.3903
0.393
0.3745
0.3883
0.3867
0.3817
0.3865
0.3458
0.3807
0.3726
0.3922
0.3802
0.3705
0.3808
0.3727
0.3942
0.3971
0.3962
0.3864
0.3783
0.3928
0.3921
0.3887
0.3838
0.3765
0.3795
0.3995
0.3949
0.3924
0.3786
0.3871
0.393
0.377
0.3807
0.3964
0.37
0.3791
0.3808
0.3796
0.3758
0.3695
0.3621
0.3696
0.3846
0.3776
0.3988
0.3784
0.3709
0.3831
0.3701
0.3964
0.3814
0.3782
0.3814
0.3983
0.3646
0.3788
0.3967
0.3869
0.3924
0.3869
0.3824
0.3729
0.3903
0.3981
0.3575
0.3751
0.3438
0.3964
0.3657
0.398
0.3723
0.3679
0.3846
0.3866
0.3993
0.3815
0.3826
0.3896
0.3533
0.3902
0.3884
0.3951
0.3762
0.3719
0.3865
0.3752
0.3867
0.3716
0.3951
0.3895
0.3879
0.3837
0.3678
0.3702
0.3785
0.3848
0.3839
0.3934
0.3602
0.3887
0.3822
0.3817
0.3686
0.397
0.3994
0.3639
0.3934
0.3983
0.3974
0.3817
0.3936
0.3805
0.3845
0.3903
0.398
0.3839
0.3942
0.3996
0.3967
0.3982
0.3981
0.3994
0.398
0.3943
0.3968
0.3765
0.3943
0.3922
0.3712
0.3937
0.3833
0.3898
0.398
0.3864
0.3998
0.3877
0.3996
0.3971
0.3916
0.3965
0.3794
0.3812
0.3826
0.3985
0.3903
0.397
0.3992
0.3751
0.3973
0.3962
0.3865
0.3894
0.3773
0.396
0.3998
0.3956
0.3966
0.3983
0.3899
0.3991
0.3937
0.3981
0.3993
0.3612
0.3827
0.3936
0.3981
0.3982
0.3989
0.3957
0.392
0.3961
0.3987
0.3878
0.3815
0.3989
0.3982
0.3924
0.3988
0.3912
0.376
0.3954
0.3986
0.393
0.3948
0.393
0.3977
0.3882
0.3756
0.3908
0.3953
0.3862
0.3997
0.3997
0.398
0.3984
0.3937
0.3987
0.3929
0.3892
0.395
0.3957
0.3995
0.3965
0.3949
0.397
0.398
0.3963
0.3936
0.399
0.3933
0.3994
0.3995
0.3983
0.3989
0.3992
0.3915
0.399
0.3869
0.3991
0.3843
0.3905
0.3998
0.3851
0.3963
0.3853
0.395
0.399
0.3992
0.3912
0.3977
0.3958
0.3926
0.3972
0.3878
0.3993
0.3965
0.3937
0.3977
0.3962
0.3984
0.3856
0.3985
0.3892
0.3955
0.3977
0.3943
0.3971
0.3826
0.3831
0.3895
0.3979
0.3989
0.388
0.3988
0.3989
0.3968
0.3821
0.3857
0.3934
0.3813
0.3843
0.393
0.3668
0.3949
0.3929
0.3954
0.395
0.3861
0.3983
0.3913
0.3913
0.3976
0.3964
0.3772
0.39
0.3996
0.3987
0.3952
0.3926
0.3958
0.3976
0.3998
0.3994
0.3944
0.3994
0.3981
0.3974
0.3981
0.3989
0.3837
0.3982
0.3792
0.3949
0.3991
0.3986
0.3982
0.3973
0.3834
0.3954
0.3908
0.3994
0.3977
0.3931
0.3931
0.3991
0.3987
0.3895
0.3981
0.3863
0.3838
0.3902
0.3936
0.3951
0.3984
0.3961
0.3993
0.3933
0.3831
0.3944
0.3959
0.3906
0.3928
0.3979
0.3963
0.3932
0.3998
0.3869
0.3991
0.3913
0.398
0.3976
0.3981
0.3905
0.3987
0.3754
0.3957
0.3758
0.3966
0.3959
0.3963
0.3893
0.3922
0.3917
0.399
0.3997
0.3976
0.3956
0.3951
0.3952
0.3986
0.3988
0.3902
0.3968
0.3982
0.3924
0.3975
0.3969
0.394
0.3956
0.3967
0.399
0.3992
0.3969
0.3978
0.3955
0.3629
0.3852
0.395
0.3946
0.3968
0.3956
0.3717
0.3991
0.3978
0.3882
0.3907
0.3907
0.3709
0.3717
0.372
0.3994
0.3907
0.3935
0.3928
0.3991
0.3995
0.3762
0.399
0.3954
0.3836
0.3988
0.3943
0.3989
0.3995
0.3989
0.3957
0.3801
0.3986
0.3986
0.3988
0.3662
0.3941
0.3978
0.3966
0.3871
0.399
0.3994
0.3931
0.3914
0.3905
0.3769
0.3942
0.3874
0.3928
0.3985
0.3997
0.3978
0.3846
0.3961
0.3955
0.3869
0.3967
0.3988
0.3987
0.3978
0.3783
0.398
0.3969
0.3981
0.4
0.3977
0.3757
0.3957
0.3856
0.3916
0.3948
0.3917
0.3919
0.3931
0.3993
0.3994
0.3956
0.3848
0.3958
0.3854
0.3804
0.3989
0.3975
0.3989
0.3976
0.3908
0.3851
0.3979
0.3902
0.3989
0.3731
0.3969
0.3862
0.3825
0.3991
0.3949
0.3976
0.3737
0.3987
0.3981
0.3969
0.3977
0.3829
0.3857
0.3897
0.3951
0.3826
0.3945
0.3886
0.3936
0.3944
0.3978
0.3995
0.3971
0.394
0.396
0.399
0.3913
0.3959
0.3919
0.3967
0.3992
0.381
0.3984
0.3895
0.3998
0.3975
0.3972
0.399
0.3988
0.3896
0.399
0.399
0.3975
0.3977
0.3963
0.3973
0.3923
0.3956
0.3779
0.3966
0.3984
0.3997
0.3913
0.3986
0.3983
0.3915
0.3977
0.395
0.3998
0.3844
0.393
0.3947
0.395
0.3953
0.3962
0.3976
0.3969
0.384
0.3987
0.391
0.3914
0.3985
0.3942
0.3957
0.3958
0.3958
0.4
0.3983
0.3918
0.3918
0.3857
0.3908
0.3945
0.3815
0.3874
0.396
0.3738
0.3749
0.3972
0.3987
0.3952
0.398
0.3983
0.3817
0.3975
0.3917
0.3978
0.3924
0.3948
0.384
0.3967
0.3947
0.376
0.3991
0.395
0.3938
0.3989
0.3917
0.3865
0.389
0.3645
0.398
0.3915
0.3966
0.3839
0.3878
0.3907
0.3998
0.3977
0.3964
0.3706
0.3877
0.3966
0.3856
0.3973
0.397
0.3962
0.3813
0.384
0.3943
0.3954
0.3971
0.3951
0.3615
0.3925
0.3943
0.3916
0.3694
0.398
0.3962
0.3989
0.3845
0.3987
0.3995
0.388
0.396
0.3918
0.391
0.3813
0.3951
0.3992
0.3901
0.3974
0.3728
0.3912
0.3944
0.3815
0.3922
0.3998
0.3942
0.4
0.3993
0.399
0.3963
0.3969
0.3988
0.3976
0.3937
0.3982
0.3981
0.3982
0.3995
0.3902
0.3912
0.3965
0.3984
0.3918
0.3973
0.3983
0.3929
0.3941
0.3905
0.3988
0.389
0.3788
0.3984
0.3957
0.3945
0.3895
0.3779
0.3983
0.3938
0.3962
0.3986
0.39
0.3912
0.3843
0.3703
0.3983
0.3993
0.3996
0.3824
0.3803
0.3891
0.3762
0.3653
0.3868
0.3955
0.3956
0.3932
0.3998
0.3896
0.3572
0.3864
0.3779
0.3986
0.392
0.3978
0.3866
0.3928
0.3961
0.3949
0.3946
0.3852
0.3969
0.3982
0.3994
0.3989
0.3976
0.383
0.3986
0.3877
0.3949
0.3992
0.3923
0.3918
0.3984
0.3967
0.3978
0.3901
0.3982
0.3894
0.3947
0.398
0.3977
0.3994
0.3955
0.3946
0.3976
0.3984
0.3965
0.3861
0.3806
0.3961
0.3972
0.3953
0.3978
0.387
0.3861
0.3993
0.3927
0.3913
0.3988
0.3965
0.3969
0.3955
0.3776
0.3866
0.3945
0.3809
0.3985
0.3967
0.3971
0.3977
0.39
0.3978
0.3986
0.3939
0.3889
0.3934
0.3989
0.3989
0.3965
0.3988
0.3967
0.3968
0.3958
0.3975
0.391
0.3953
0.3866
0.3955
0.3844
0.3988
0.3743
0.399
0.3978
0.3968
0.3927
0.3879
0.3915
0.3807
0.3816
0.3971
0.3962
0.3992
0.3838
0.3994
0.3935
0.3969
0.3994
0.375
0.3986
0.3829
0.3995
0.3954
0.3977
0.3779
0.3957
0.3932
0.3987
0.3995
0.3988
0.3953
0.3961
0.386
0.3927
0.3846
0.3792
0.3978
0.3991
0.3989
0.3978
0.3987
0.3956
0.398
0.3994
0.3985
0.3816
0.3791
0.3867
0.3957
0.3998
0.3884
0.3808
0.3965
0.3998
0.387
0.3879
0.3959
0.398
0.398
0.3984
0.3971
0.3931
0.3998
0.394
0.369
0.3956
0.3982
0.3993
0.3909
0.3948
0.3953
0.399
0.3938
0.395
0.3981
0.3976
0.3771
0.3968
0.3953
0.3922
0.3995
0.3946
0.3938
0.3986
0.3968
0.4
0.3979
0.3955
0.3995
0.3966
0.3876
0.3832
0.3996
0.3981
0.3817
0.394
0.3947
0.3997
0.3968
0.3988
0.3934
0.3937
0.3979
0.3873
0.3962
0.3937
0.3936
0.3994
0.3851
0.3942
0.3986
0.3994
0.3946
0.3883
0.3899
0.3949
0.3869
0.3973
0.3895
0.3996
0.3994
0.3935
0.3976
0.397
0.3992
0.3959
0.3619
0.3934
0.3986
0.3968
0.3927
0.3996
0.3981
0.3979
0.3966
0.3867
0.3854
0.3992
0.3995
0.3985
0.3949
0.3899
0.3966
0.3993
0.3843
0.3894
0.3931
0.3992
0.3976
0.3994
0.3953
0.3902
0.3912
0.3983
0.3962
0.3946
0.3862
0.3942
0.3864
0.3966
0.3956
0.3789
0.3807
0.395
0.3988
0.3981
0.3978
0.3941
0.3906
0.3958
0.3826
0.3979
0.399
0.3977
0.3993
0.3921
0.3983
0.3756
0.4
0.3958
0.397
0.3877
0.3998
0.396
0.3901
0.3827
0.3993
0.3969
0.3997
0.3984
0.3883
0.3739
0.3913
0.3977
0.3973
0.3736
0.3937
0.3968
0.3965
0.3673
0.3981
0.3935
0.3979
0.396
0.3967
0.3992
0.3994
0.3847
0.3896
0.3962
0.3957
0.3985
0.3993
0.3892
0.3918
0.3967
0.3991
0.3979
0.3984
0.3951
0.3926
0.3891
0.3983
0.3988
0.3918
0.383
0.3998
0.3923
0.3905
0.3913
0.3986
0.3966
0.3992
0.3974
0.3959
0.3944
0.396
0.3964
0.3901
0.3989
0.392
0.3886
0.3908
0.3963
0.3934
0.3936
0.3982
0.396
0.3771
0.3882
0.3923
0.3991
0.3973
0.3937
0.3941
0.3891
0.3773
0.3845
0.379
0.3919
0.3944
0.3525
0.3988
0.3997
0.3964
0.3974
0.4
0.3885
0.3757
0.3875
0.3989
0.3977
0.3934
0.3931
0.3985
0.3988
0.3989
0.3972
0.3972
0.3942
0.3981
0.3949
0.3986
0.3983
0.4
0.3953
0.399
0.3779
0.3954
0.3879
0.3783
0.3854
0.3978
0.3881
0.3997
0.395
0.3945
0.3926
0.3875
0.3933
0.3775
0.3991
0.3977
0.3968
0.3768
0.3944
0.3973
0.3849
0.3847
0.399
0.3878
0.3965
0.3939
0.3986
0.3911
0.3775
0.3524
0.3912
0.399
0.3998
0.3894
0.3976
0.3992
0.3986
0.3986
0.3945
0.3987
0.3908
0.3944
0.3966
0.3971
0.3978
0.3952
0.3993
0.3969
0.3931
0.3978
0.3959
0.3942
0.3953
0.3932
0.3977
0.3941
0.3994
0.3967
0.3974
0.3939
0.3995
0.3821
0.3957
0.3983
0.3949
0.3725
0.3965
0.397
0.3827
NA
NA
NA
NA
NA
NA
NA
NA
NA
NA
NA
NA
NA
NA
NA
NA
NA
NA
NA
NA
NA
NA
NA
NA
NA
NA
NA
NA
NA
NA
NA
NA
NA
NA
NA
NA
NA
NA
NA
NA
NA
NA
NA
NA
NA
NA
NA
NA
NA
NA
NA
NA
NA
NA
NA
NA
NA
NA
NA
NA
NA
NA
NA
NA
NA
NA
NA
NA
NA
NA
NA
NA
NA
NA
NA
NA
NA
NA
NA
NA
NA
NA
NA
NA
NA
NA
NA
NA
NA
NA
NA
NA
NA
NA
NA
NA
NA
NA
NA
NA
NA
NA
NA
NA
NA
NA
NA
NA
NA
NA
NA
NA
NA
NA
NA
NA
NA
NA
NA
NA
NA
NA
NA
NA
NA
NA
NA
NA
NA
NA
NA
NA
NA
NA
NA
NA
NA
NA
NA
NA
NA
NA
NA
NA
NA
NA
NA
NA
NA
NA
NA
NA
NA
NA
NA
NA
NA
NA
NA
NA
NA
NA
NA
NA
NA
NA
NA
NA
NA
NA
NA
NA
NA
NA
NA
NA
NA
NA
NA
NA
NA
NA
NA
NA
NA
NA
NA
NA
NA
NA
NA
NA
NA
NA
NA
NA
NA
NA
NA
NA
NA
NA
NA
NA
NA
NA
NA
NA
NA
NA
NA
NA
NA
NA
NA
NA
NA
NA
NA
NA
NA
NA
NA
NA
NA
NA
NA
NA
NA
NA
NA
NA
NA
NA
NA
NA
NA
NA
NA
NA
NA
NA
NA
NA
NA
NA
NA
NA
NA
NA
NA
NA
NA
NA
NA
NA
NA
NA
NA
NA
NA
NA
NA
NA
NA
NA
NA
NA
NA
NA
NA
NA
NA
NA
NA
NA
NA
NA
NA
NA
NA
NA
NA
NA
NA
NA
NA
NA
NA
NA
NA
NA
NA
NA
NA
NA
NA
NA
NA
NA
NA
NA
NA
NA
NA
NA
NA
NA
NA
NA
NA
NA
NA
NA
NA
NA
NA
NA
NA
NA
NA
NA
NA
NA
NA
NA
NA
NA
NA
NA
NA
NA
NA
NA
NA
NA
NA
NA
NA
NA
NA
NA
NA
NA
NA
NA
NA
NA
NA
NA
NA
NA
NA
NA
NA
NA
NA
NA
NA
NA
NA
NA
NA
NA
NA
NA
NA
NA
NA
NA
NA
NA
NA
NA
NA
NA
NA
NA
NA
NA
NA
NA
NA
NA
NA
NA
NA
NA
NA
NA
NA
NA
NA
NA
NA
NA
NA
NA
NA
NA
NA
NA
NA
NA
NA
NA
NA
NA
NA
NA
NA
NA
NA
NA
NA
NA
NA
NA
NA
NA
NA
NA
NA
NA
NA
NA
NA
NA
NA
NA
NA
NA
NA
NA
NA
NA
NA
NA
NA
NA
NA
NA
NA
NA
NA
NA
NA
NA
NA
NA
NA
NA
NA
NA
NA
NA
NA
NA
NA
NA
NA
NA
NA
NA
NA
NA
NA
NA
NA
NA
NA
NA
NA
NA
NA
NA
NA
NA
NA
NA
NA
NA
NA
NA
NA
NA
NA
NA
NA
NA
NA
NA
NA
NA
NA
NA
NA
NA
NA
NA
NA
NA
NA
NA
NA
NA
NA
NA
NA
NA
NA
NA
NA
NA
NA
NA
NA
NA
NA
NA
NA
NA
NA
NA
NA
NA
NA
NA
NA
NA
NA
NA
NA
NA
NA
NA
NA
NA
NA
NA
NA
NA
NA
NA
NA
NA
NA
NA
NA
NA
NA
NA
NA
NA
NA
NA
NA
NA
NA
NA
NA
NA
NA
NA
NA
NA
NA
NA
NA
NA
NA
NA
NA
NA
NA
NA
NA
NA
NA
NA
NA
NA
NA
NA
NA
NA
NA
NA
NA
NA
NA
NA
NA
NA
NA
NA
NA
NA
NA
NA
NA
NA
NA
NA
NA
NA
NA
NA
NA
NA
NA
NA
NA
NA
NA
NA
NA
NA
NA
NA
NA
NA
NA
NA
NA
NA
NA
NA
NA
NA
NA
NA
NA
NA
NA
NA
NA
NA
NA
NA
NA
NA
NA
NA
NA
NA
NA
NA
NA
NA
NA
NA
NA
NA
NA
NA
NA
NA
NA
NA
NA
NA
NA
NA
NA
NA
NA
NA
NA
NA
NA
NA
NA
NA
NA
NA
NA
NA
NA
NA
NA
NA
NA
NA
NA
NA
NA
NA
NA
NA
NA
NA
NA
NA
NA
NA
NA
NA
NA
NA
NA
NA
NA
NA
NA
NA
NA
NA
NA
NA
NA
NA
NA
NA
NA
NA
NA
NA
NA
NA
NA
NA
NA
NA
NA
NA
NA
NA
NA
NA
NA
NA
NA
NA
NA
NA
NA
NA
NA
NA
NA
NA
NA
NA
NA
NA
NA
NA
NA
NA
NA
NA
NA
NA
NA
NA
NA
NA
NA
NA
NA
NA
NA
NA
NA
NA
NA
NA
NA
NA
NA
NA
NA
NA
NA
NA
NA
NA
NA
NA
NA
NA
NA
NA
NA
NA
NA
NA
NA
NA
NA
NA
NA
NA
NA
NA
NA
NA
NA
NA
NA
NA
NA
NA
NA
NA
NA
NA
NA
NA
NA
NA
NA
NA
NA
NA
NA
NA
NA
NA
NA
NA
NA
NA
NA
NA
NA
NA
NA
NA
NA
NA
NA
NA
NA
NA
NA
NA
NA
NA
NA
NA
NA
NA
NA
NA
NA
NA
NA
NA
NA
NA
NA
NA
NA
NA
NA
NA
NA
NA
NA
NA
NA
NA
NA
NA
NA
NA
NA
NA
NA
NA
NA
NA
NA
NA
NA
NA
NA
NA
NA
NA
NA
NA
NA
NA
NA
NA
NA
NA
NA
NA
NA
NA
NA
NA
NA
NA
NA
NA
NA
NA
NA
NA
NA
NA
NA
NA
NA
NA
NA
NA
NA
NA
NA
NA
NA
NA
NA
NA
NA
NA
NA
NA
NA
NA
NA
NA
NA
NA
NA
NA
NA
NA
NA
NA
NA
NA
NA
NA
NA
NA
NA
NA
NA
NA
NA
NA
NA
NA
NA
NA
NA
NA
NA
NA
NA
NA
NA
NA
NA
NA
NA
NA
NA
NA
NA
NA
NA
NA
NA
NA
NA
NA
NA
NA
NA
NA
NA
NA
NA
NA
NA
NA
NA
NA
NA
NA
NA
NA
NA
NA
NA
NA
NA
NA
NA
NA
NA
NA
NA
NA
NA
NA
NA
NA
NA
NA
NA
NA
NA
NA
NA
NA
NA
NA
NA
NA
NA
NA
NA
NA
NA
NA
NA
NA
NA
NA
NA
NA
NA
NA
NA
NA
NA
NA
NA
NA
NA
NA
NA
NA
NA
NA
NA
NA
NA
NA
NA
NA
NA
NA
NA
NA
NA
NA
NA
NA
NA
NA
NA
NA
NA
NA
NA
NA
NA
NA
NA
NA
NA
NA
NA
NA
NA
NA
NA
NA
NA
NA
NA
NA
NA
NA
NA
NA
NA
NA
NA
NA
NA
NA
NA
NA
NA
NA
NA
NA
NA
NA
NA
NA
NA
NA
NA
NA
NA
NA
NA
NA
NA
NA
NA
NA
NA
NA
NA
NA
NA
NA
NA
NA
NA
NA
NA
NA
NA
NA
NA
NA
NA
NA
NA
NA
NA
NA
NA
NA
NA
NA
NA
NA
NA
NA
NA
NA
NA
NA
NA
NA
NA
NA
NA
NA
NA
NA
NA
NA
NA
NA
NA
NA
NA
NA
NA
NA
NA
NA
NA
NA
NA
NA
NA
NA
NA
NA
NA
NA
NA
NA
NA
NA
NA
NA
NA
NA
NA
NA
NA
NA
NA
NA
NA
NA
NA
NA
NA
NA
NA
NA
NA
NA
NA
NA
NA
NA
NA
NA
NA
NA
NA
NA
NA
NA
NA
NA
NA
NA
NA
NA
NA
NA
NA
NA
NA
NA
NA
NA
NA
NA
NA
NA
NA
NA
NA
NA
NA
NA
NA
NA
NA
NA
NA
NA
NA
NA
NA
NA
NA
NA
NA
NA
NA
NA
NA
NA
NA
NA
NA
NA
NA
NA
NA
NA
NA
NA
NA
NA
NA
NA
NA
NA
NA
NA
NA
NA
NA
NA
NA
NA
NA
NA
NA
NA
NA
NA
NA
NA
NA
NA
NA
NA
NA
NA
NA
NA
NA
NA
NA
NA
NA
NA
NA
NA
NA
NA
NA
NA
NA
NA
NA
NA
NA
NA
NA
NA
NA
NA
NA
NA
NA
NA
NA
NA
NA
NA
NA
NA
NA
NA
NA
NA
NA
NA
NA
NA
NA
NA
NA
NA
NA
NA
NA
NA
NA
NA
NA
NA
NA
NA
NA
NA
NA
NA
NA
NA
NA
NA
NA
NA
NA
NA
NA
NA
NA
NA
NA
NA
NA
NA
NA
NA
NA
NA
NA
NA
NA
NA
NA
NA
NA
NA
NA
NA
NA
NA
NA
NA
NA
NA
NA
NA
NA
NA
NA
NA
NA
NA
NA
NA
NA
NA
NA
NA
NA
NA
NA
NA
NA
NA
NA
NA
NA
NA
NA
NA
NA
NA
NA
NA
NA
NA
NA
NA
NA
NA
NA
NA
NA
NA
NA
NA
NA
NA
NA
NA
NA
NA
NA
NA
NA
NA
NA
NA
NA
NA
NA
NA
NA
NA
NA
NA
NA
NA
NA
NA
NA
NA
NA
NA
NA
NA
NA
NA
NA
NA
NA
NA
NA
NA
NA
NA
NA
NA
NA
NA
NA
NA
NA
NA
NA
NA
NA
NA
NA
NA
NA
NA
NA
NA
NA
NA
NA
NA
NA
NA
NA
NA
NA
NA
NA
NA
NA
NA
NA
NA
NA
NA
NA
NA
NA
NA
NA
NA
NA
NA
NA
NA
NA
NA
NA
NA
NA
NA
NA
NA
NA
NA
NA
NA
NA
NA
NA
NA
NA
NA
NA
NA
NA
NA
NA
NA
NA
NA
NA
NA
NA
NA
NA
NA
NA
NA
NA
NA
NA
NA
NA
NA
NA
NA
NA
NA
NA
NA
NA
NA
NA
NA
NA
NA
NA
NA
NA
NA
NA
NA
NA
NA
NA
NA
NA
NA
NA
NA
NA
NA
NA
NA
NA
NA
NA
NA
NA
NA
NA
NA
NA
NA
NA
NA
NA
NA
NA
NA
NA
NA
NA
NA
NA
NA
NA
NA
NA
NA
NA
NA
NA
NA
NA
NA
NA
NA
NA
NA
NA
NA
NA
NA
NA
NA
NA
NA
NA
NA
NA
NA
NA
NA
NA
NA
NA
NA
NA
NA
NA
NA
NA
NA
NA
NA
NA
NA
NA
NA
NA
NA
NA
NA
NA
NA
NA
NA
NA
NA
NA
NA
NA
NA
NA
NA
NA
NA
NA
NA
NA
NA
NA
NA
NA
NA
NA
NA
NA
NA
NA
NA
NA
NA
NA
NA
NA
NA
NA
NA
NA
NA
NA
NA
NA
NA
NA
NA
NA
NA
NA
NA
NA
NA
NA
NA
NA
NA
NA
NA
NA
NA
NA
NA
NA
NA
NA
NA
NA
NA
NA
NA
NA
NA
NA
NA
NA
NA
NA
NA
NA
NA
NA
NA
NA
NA
NA
NA
NA
NA
NA
NA
NA
NA
NA
NA
NA
NA
NA
NA
NA
NA
NA
NA
NA
NA
NA
NA
NA
NA
NA
NA
NA
NA
NA
NA
NA
NA
NA
NA
NA
NA
NA
NA
NA
NA
NA
NA
NA
NA
NA
NA
NA
NA
NA
NA
NA
NA
NA
NA
NA
NA
NA
NA
NA
NA
NA
NA
NA
NA
NA
NA
NA
NA
NA
NA
NA
NA
NA
NA
NA
NA
NA
NA
NA
NA
NA
NA
NA
NA
NA
NA
NA
NA
NA
NA
NA
NA
NA
NA
NA
NA
NA
NA
NA
NA
NA
NA
NA
NA
NA
NA
NA
NA
NA
NA
NA
NA
NA
NA
NA
NA
NA
NA
NA
NA
NA
NA
NA
NA
NA
NA
NA
NA
NA
NA
NA
NA
NA
NA
NA
NA
NA
NA
NA
NA
NA
NA
NA
NA
NA
NA
NA
NA
NA
NA
NA
NA
NA
NA
NA
NA
NA
NA
NA
NA
NA
NA
NA
NA
NA
NA
NA
NA
NA
NA
NA
NA
NA
NA
NA
NA
NA
NA
NA
NA
NA
NA
NA
NA
NA
NA
NA
NA
NA
NA
NA
NA
NA
NA
NA
NA
NA
NA
NA
NA
NA
NA
NA
NA
NA
NA
NA
NA
NA
NA
NA
NA
NA
NA
NA
NA
NA
NA
NA
NA
NA
NA
NA
NA
NA
NA
NA
NA
NA
NA
NA
NA
NA
NA
NA
NA
NA
NA
NA
NA
NA
NA
NA
NA
NA
NA
NA
NA
NA
NA
NA
NA
NA
NA
NA
NA
NA
NA
NA
NA
NA
NA
NA
NA
NA
NA
NA
NA
NA
NA
NA
NA
NA
NA
NA
NA
NA
NA
NA
NA
NA
NA
NA
NA
NA
NA
NA
NA
NA
NA
NA
NA
NA
NA
NA
NA
NA
NA
NA
NA
NA
NA
NA
NA
NA
NA
NA
NA
NA
NA
NA
NA
NA
NA
NA
NA
NA
NA
NA
NA
NA
NA
NA
NA
NA
NA
NA
NA
NA
NA
NA
NA
NA
NA
NA
NA
NA
NA
NA
NA
NA
NA
NA
NA
NA
NA
NA
NA
NA
NA
NA
NA
NA
NA
NA
NA
NA
NA
NA
NA
NA
NA
NA
NA
NA
NA
NA
NA
NA
NA
NA
NA
NA
NA
NA
NA
NA
NA
NA
NA
NA
NA
NA
NA
NA
NA
NA
NA
NA
NA
NA
NA
NA
NA
NA
NA
NA
NA
NA
NA
NA
NA
NA
NA
NA
NA
NA
NA
NA
NA
NA
NA
NA
NA
NA
NA
NA
NA
NA
NA
NA
NA
NA
NA
NA
NA
NA
NA
NA
NA
NA
NA
NA
NA
NA
NA
NA
NA
NA
NA
NA
NA
NA
NA
NA
NA
NA
NA
NA
NA
NA
NA
NA
NA
NA
NA
NA
NA
NA
NA
NA
NA
NA
NA
NA
NA
NA
NA
NA
NA
NA
NA
NA
NA
NA
NA
NA
NA
NA
NA
NA
NA
NA
NA
NA
NA
NA
NA
NA
NA
NA
NA
NA
NA
NA
NA
NA
NA
NA
NA
NA
NA
NA
NA
NA
NA
NA
NA
NA
NA
NA
NA
NA
NA
NA
NA
NA
NA
NA
NA
NA
NA
NA
NA
NA
NA
NA
NA
NA
NA
NA
NA
NA
NA
NA
NA
NA
NA
NA
NA
NA
NA
NA
NA
NA
NA
NA
NA
NA
NA
NA
NA
NA
NA
NA
NA
NA
NA
NA
NA
NA
NA
NA
NA
NA
NA
NA
NA
NA
NA
NA
NA
NA
NA
NA
NA
NA
NA
NA
NA
NA
NA
NA
NA
NA
NA
NA
NA
NA
NA
NA
NA
NA
NA
NA
NA
NA
NA
NA
NA
NA
NA
NA
NA
NA
NA
NA
NA
NA
NA
NA
NA
NA
NA
NA
NA
NA
NA
NA
NA
NA
NA
NA
NA
NA
NA
NA
NA
NA
NA
NA
NA
NA
NA
NA
NA
NA
NA
NA
NA
NA
NA
NA
NA
NA
NA
NA
NA
NA
NA
NA
NA
NA
NA
NA
NA
NA
NA
NA
NA
NA
NA
NA
NA
NA
NA
NA
NA
NA
NA
NA
NA
NA
NA
NA
NA
NA
NA
NA
NA
NA
NA
NA
NA
NA
NA
NA
NA
NA
NA
NA
NA
NA
NA
NA
NA
NA
NA
NA
NA
NA
NA
NA
NA
NA
NA
NA
NA
NA
NA
NA
NA
NA
NA
NA
NA
NA
NA
NA
NA
NA
NA
NA
NA
NA
NA
NA
NA
NA
NA
NA
NA
NA
NA
NA
NA
NA
NA
NA
NA
NA
NA
NA
NA
NA
NA
NA
NA
NA
NA
NA
NA
NA
NA
NA
NA
NA
NA
NA
NA
NA
NA
NA
NA
NA
NA
NA
NA
NA
NA
NA
NA
NA
NA
NA
NA
NA
NA
NA
NA
NA
NA
NA
NA
NA
NA
NA
NA
NA
NA
NA
NA
NA
NA
NA
NA
NA
NA
NA
NA
NA
NA
NA
NA
NA
NA
NA
NA
NA
NA
NA
NA
NA
NA
NA
NA
NA
NA
NA
NA
NA
NA
NA
NA
NA
NA
NA
NA
NA
NA
NA
NA
NA
NA
NA
NA
NA
NA
NA
NA
NA
NA
NA
NA
NA
NA
NA
NA
NA
NA
NA
NA
NA
NA
NA
NA
NA
NA
NA
NA
NA
NA
NA
NA
NA
NA
NA
NA
NA
NA
NA
NA
NA
NA
NA
NA
NA
NA
NA
NA
NA
NA
NA
NA
NA
NA
NA
NA
NA
NA
NA
NA
NA
NA
NA
NA
NA
NA
NA
NA
NA
NA
NA
NA
NA
NA
NA
NA
NA
NA
NA
NA
NA
NA
NA
NA
NA
NA
NA
NA
NA
NA
NA
NA
NA
NA
NA
NA
NA
NA
NA
NA
NA
NA
NA
NA
NA
NA
NA
NA
NA
NA
NA
NA
NA
NA
NA
NA
NA
NA
NA
NA
NA
NA
NA
NA
NA
NA
NA
NA
NA
NA
NA
NA
NA
NA
NA
NA
NA
NA
NA
NA
NA
NA
NA
NA
NA
NA
NA
NA
NA
NA
NA
NA
NA
NA
NA
NA
NA
NA
NA
NA
NA
NA
NA
NA
NA
NA
NA
NA
NA
NA
NA
NA
NA
NA
NA
NA
NA
NA
NA
NA
NA
NA
NA
NA
NA
NA
NA
NA
NA
NA
NA
NA
NA
NA
NA
NA
NA
NA
NA
NA
NA
NA
NA
NA
NA
NA
NA
NA
NA
NA
NA
NA
NA
NA
NA
NA
NA
NA
NA
NA
NA
NA
NA
NA
NA
NA
NA
NA
NA
NA
NA
NA
NA
NA
NA
NA
NA
NA
NA
NA
NA
NA
NA
NA
NA
NA
NA
NA
NA
NA
NA
NA
NA
NA
NA
NA
NA
NA
NA
NA
NA
NA
NA
NA
NA
NA
NA
NA
NA
NA
NA
NA
NA
NA
NA
NA
NA
NA
NA
NA
NA
NA
NA
NA
NA
NA
NA
NA
NA
NA
NA
NA
NA
NA
NA
NA
NA
NA
NA
NA
NA
NA
NA
NA
NA
NA
NA
NA
NA
NA
NA
NA
NA
NA
NA
NA
NA
NA
NA
NA
NA
NA
NA
NA
NA
NA
NA
NA
NA
NA
NA
NA
NA
NA
NA
NA
NA
NA
NA
NA
NA
NA
NA
NA
NA
NA
NA
NA
NA
NA
NA
NA
NA
NA
NA
NA
NA
NA
NA
NA
NA
NA
NA
NA
NA
NA
NA
NA
NA
NA
NA
NA
NA
NA
NA
NA
NA
NA
NA
NA
NA
NA
NA
NA
NA
NA
NA
NA
NA
NA
NA
NA
NA
NA
NA
NA
NA
NA
NA
NA
NA
NA
NA
NA
NA
NA
NA
NA
NA
NA
NA
NA
NA
NA
NA
NA
NA
NA
NA
NA
NA
NA
NA
NA
NA
NA
NA
NA
0.641
0.5588
0.3421
0.3409
0.4737
0.4634
0.5862
0.3846
0.3902
0.4048
0.5278
0.4468
0.4082
0.3333
0.4082
0.3542
0.5
0.4419
0.5
0.8333
0.5455
0.561
0.6667
0.6207
1.2143
0.4571
0.3607
0.4286
0.3478
0.5217
0.3778
0.3488
0.3953
0.4694
0.4565
0.5435
0.4
0.3714
0.5
0.3696
0.3333
0.8286
0.3256
0.6471
0.3654
0.8235
0.5357
0.2745
0.2564
0.4074
0.4211
0.2456
0.3421
0.3617
0.5
0.4872
0.2623
0.6757
0.5714
0.4
0.2059
0.35
0.5
0.4286
0.5333
0.5484
0.5938
0.5263
1
0.525
0.4167
0.3721
0.5435
0.3721
0.6667
0.2745
0.5455
0.383
0.5
0.5833
0.5814
0.4634
0.7105
0.641
0.5
0.3478
0.48
0.3871
0.5946
0.3171
0.5
0.6154
0.4054
0.5455
0.3654
0.3636
0.3333
0.1515
0.25
0.7333
0.56
0.35
0.4474
0.7222
0.375
0.3636
0.3889
0.1702
0.3571
0.449
0.2632
0.386
0.4375
0.3846
0.4259
0.3902
0.2979
0.5429
0.5476
0.4054
0.5366
0.5455
0.3721
0.4359
0.2667
0.7333
0.5
0.383
0.4318
0.375
0.3043
0.3265
0.2292
0.5938
0.5
0.475
0.3846
0.3636
0.3696
0.2449
0.4524
0.6667
0.5238
0.4878
0.4167
0.2708
0.5128
0.2353
0.3714
0.2041
0.4865
0.5897
0.4286
0.3036
0.6316
0.5122
0.45
1.2174
0.4688
0.2326
0.6757
0.5
0.5
0.5135
0.5238
0.425
0.3404
0.4565
0.7143
0.5135
0.5208
0.5
0.4324
0.4615
0.2222
0.3846
0.4318
0.4615
0.375
0.5862
0.5
0.3333
0.3784
0.359
0.5714
0.6216
0.5
0.2222
0.4681
0.3243
0.3684
0.3111
0.5789
0.3091
0.4722
0.3488
0.6111
0.4444
0.4634
0.3171
0.375
0.5897
0.4878
0.55
0.5556
0.1961
0.3333
0.15
0.4048
0.5333
0.5
0.5312
0.4324
0.8333
0.4694
0.7
0.7917
0.2128
0.5405
0.64
0.619
0.6154
0.3077
0.775
0.4286
0.28
0.4118
0.5192
0.4694
0.5122
0.4
0.5652
0.4524
0.4151
0.4211
0.6316
0.4783
0.4884
0.3778
0.1667
0.3684
0.3636
0.4706
0.359
0.3947
0.8485
0.6154
0.5429
0.2321
0.4186
0.4146
0.7241
0.3333
0.2941
0.4474
0.2647
0.381
0.3125
0.4571
0.2917
0.7105
0.963
0.5
0.3269
0.3043
0.6389
0.3953
0.4035
0.5429
0.6452
0.3778
0.75
0.697
0.8
0.9032
0.3548
0.6053
0.1915
0.3902
0.3913
0.7333
0.4615
0.3488
0.3043
0.6364
0.4103
0.7368
0.3654
0.5833
0.3962
0.6471
0.5952
0.9167
0.26
0.2955
0.6944
0.7143
0.625
0.3571
0.3158
0.2154
0.2791
0.5143
0.4043
0.4255
0.6923
0.6552
0.6
0.383
0.4783
0.6061
0.4634
0.5918
0.3514
0.3103
0.5581
0.3673
0.3962
0.3462
0.425
0.7941
0.4167
0.3333
0.4
0.3673
0.525
0.6279
0.8214
0.7368
0.3864
0.65
0.5778
0.5
0.3784
0.4118
0.55
0.3714
0.7308
0.5238
0.7027
0.5806
0.2381
0.3902
0.4528
0.3276
0.3
0.3902
0.2683
0.6579
0.4
0.5
0.35
0.3333
0.5385
0.3061
1.0741
0.5278
0.451
0.4865
0.5122
0.6571
0.3864
0.4762
0.359
0.4
0.2083
0.6216
0.5833
0.4
0.3947
0.6486
0.3529
0.4103
0.4074
0.2807
0.5789
0.7742
0.5294
0.3056
0.3043
0.6818
0.871
0.6053
0.5
0.8667
0.1373
0.6129
0.2941
0.6176
0.5263
0.4865
0.3235
0.697
0.45
0.3696
0.4043
0.3125
0.3125
0.3542
0.6327
0.4118
0.4318
0.375
0.8
0.5909
0.5938
0.3968
0.25
0.4474
0.4348
0.5
0.2927
0.4
0.5854
0.3902
0.2857
0.3556
0.4565
0.5946
0.5882
0.5862
0.8
0.45
0.45
0.2979
0.4444
0.2222
0.5
0.439
0.359
0.6154
0.42
0.4222
0.7419
0.383
0.7179
0.6585
0.6562
0.641
0.5122
0.275
0.4419
0.6585
0.3673
0.8519
0.3333
0.6875
0.3415
0.25
0.3333
0.4182
0.4259
0.2917
0.6765
0.3659
0.2895
0.4571
0.641
0.619
0.4902
0.6829
0.625
0.4
0.6452
0.3269
0.2609
0.3214
0.5714
0.7188
0.7
0.1875
0.5814
0.3333
0.24
0.7778
0.4762
0.5484
0.6279
0.5366
0.6286
0.5366
0.5278
0.2444
0.7059
0.75
0.4
0.3778
0.4595
0.4762
0.439
0.3871
0.561
0.8182
0.3684
0.6471
0.4255
0.2333
0.3778
0.4722
0.5814
0.5758
0.6154
0.3556
0.5227
0.6471
0.4286
0.451
0.7059
0.3529
0.4667
0.8214
0.4146
0.8182
0.6333
0.3617
0.4667
0.625
0.3333
0.6286
0.3396
0.475
0.5306
0.2679
0.2727
0.8
0.4359
0.5526
0.4706
0.6207
0.5366
0.3333
0.7429
0.5641
0.4186
0.6061
0.7419
0.34
0.6944
0.5263
0.5294
0.96
0.28
0.7333
0.5526
0.5714
0.6
0.7368
0.3636
0.5405
0.2727
0.4865
0.3934
0.4889
0.5435
0.6452
0.4737
0.7368
0.5333
0.5349
0.4681
0.8378
0.3953
0.4865
0.6216
0.5
0.5714
0.4872
0.4839
0.8333
0.6216
0.3261
0.4878
0.4186
0.2581
0.5952
0.5946
0.725
0.3333
0.3696
0.2857
0.3478
0.3953
0.5952
0.8214
0.4
0.3659
0.4211
0.2979
0.2917
0.4667
0.4464
0.5238
0.8108
0.5517
0.3061
0.3617
0.2143
0.3846
0.5
0.3871
0.6739
0.3636
0.4286
0.375
0.4186
0.2979
0.5238
0.3922
0.5143
0.4872
0.2941
0.2979
0.3111
0.3721
0.2857
0.2727
0.625
0.3864
0.3333
0.3
0.6
0.5882
0.3611
0.5312
0.3111
0.34
0.3409
0.2778
0.4474
0.3438
0.6333
0.3404
0.4167
0.2982
0.1864
0.3556
0.3
0.6316
0.4359
0.3659
0.3958
0.5526
0.6047
0.4667
0.3171
0.8421
0.4848
0.439
0.6316
0.4211
0.4255
0.5278
0.5854
0.6667
0.2432
0.2903
0.3902
0.9333
0.5366
0.1875
0.3864
0.5854
0.4865
0.2586
0.5
0.3673
0.3902
0.6667
0.6585
0.2558
0.5278
0.3333
0.5714
0.3488
0.5946
0.5581
0.3455
0.4444
0.4571
0.2727
0.5294
0.359
0.6286
0.5385
0.4091
0.5294
0.5676
0.5778
0.6
0.7188
0.4571
0.4091
0.5897
0.3514
0.3673
0.4242
0.5455
0.4468
0.6486
0.3636
0.3729
0.6
0.7632
0.8889
0.641
0.3958
0.4167
0.4722
0.7097
0.4222
0.6111
0.5455
0.4681
0.3696
0.4412
0.4848
0.475
0.2833
0.3774
0.3333
0.8
0.3043
0.3871
0.871
0.64
0.6176
0.4894
0.359
0.3261
0.4737
0.5227
0.3043
0.4211
0.7143
0.5349
0.3721
0.4595
0.5455
0.3556
0.3125
0.2333
0.15
0.525
0.3409
0.4857
0.5192
0.5217
0.3846
0.5
0.9355
0.6562
0.4
0.5556
0.7
0.2982
0.2391
0.3137
0.9524
0.3333
0.4762
0.75
0.6078
0.339
0.4348
0.5116
0.5106
0.4324
0.6875
0.625
0.3077
0.5
0.36
0.375
0.2581
0.561
0.5417
0.4737
0.3514
0.8889
0.325
0.3023
0.3571
0.2857
0.5152
0.2292
0.4048
0.75
0.4118
0.6757
0.3542
0.2353
0.4255
0.6154
0.3864
0.25
0.2558
0.6857
0.5714
0.2653
0.4146
0.5
0.4043
0.5952
0.25
0.4865
0.4231
0.5106
0.6122
0.3137
0.5854
0.283
0.6471
0.3429
0.2698
0.8462
0.2778
0.3833
0.3784
0.45
0.4091
0.5278
0.5405
0.2955
0.1228
0.4359
0.5143
0.4737
0.5484
0.5833
0.4651
0.48
0.7812
0.6129
0.2683
1.7
0.5312
0.6486
0.2857
0.8718
0.475
0.4
0.4048
0.3714
0.6486
0.4762
0.4773
0.4318
0.4054
0.3191
0.7368
0.3148
0.6486
0.6471
0.4082
0.3953
0.5
0.3673
0.5526
0.25
0.2653
0.2979
0.3542
0.4054
0.2889
0.2326
0.3396
0.5
0.4348
0.5
0.4043
0.3509
0.3824
0.5135
0.254
0.3095
0.2759
0.5882
0.56
0.3404
0.4
0.3333
0.4524
0.7021
0.5526
0.4872
0.4474
0.439
0.2206
0.3824
0.5455
0.5714
0.4091
0.8
0.5455
0.4318
0.4444
0.325
0.5
0.4375
0.4651
0.8333
0.5417
0.675
0.3636
0.5227
0.7714
0.2037
0.7333
0.3939
0.5946
0.2045
0.8
0.5862
0.5385
0.25
0.3529
0.325
0.2979
0.44
0.4286
0.3333
0.2222
0.2857
0.3333
0.6
0.4348
0.3333
0.5263
0.45
0.2
0.3571
0.4186
0.5116
0.6552
0.9118
0.32
0.3
0.4091
0.3393
0.875
0.7273
0.4815
0.5455
0.4681
0.4773
0.6829
0.5
0.5
0.617
0.4839
0.3448
0.8667
0.6977
0.4286
0.8966
0.3824
0.5
0.2553
0.6176
0.5135
0.6944
0.6
0.8333
0.3571
0.3404
0.5806
0.2909
0.2619
0.2881
0.3061
0.3696
0.4894
0.9286
0.3171
0.4865
0.3864
0.5952
0.5294
0.3019
0.617
0.1774
0.5102
0.6471
0.4545
0.5526
0.2182
0.7273
0.4524
0.2075
0.4146
0.4359
0.5128
0.5778
0.3898
0.5263
0.4902
0.6136
0.4048
0.5909
0.6429
0.5897
0.4118
0.2368
0.25
0.2895
0.3415
0.4483
0.4103
0.3171
0.2143
0.3056
0.1429
0.12
0.1556
0.2245
0.2292
0.3889
0.3256
0.122
0.3125
0.2286
0.3571
0.4286
0.6552
0.2857
0.4857
0.1692
0.2326
0.3478
0.2128
0.2889
0.2558
0.1087
0.32
0.4348
0.5652
0.3556
0.1081
0.325
0.3043
0.2549
0.6286
0.3023
0.5
0.3077
0.6765
0.2333
0.2745
0.1538
0.4444
0.2632
0.1724
0.0976
0.2979
0.3667
0.2821
0.1774
0.7297
0.3061
0.35
0.1471
0.0909
0.125
0.2857
0.2391
0.1818
0.2812
0.4211
0.3214
0.3333
0.3889
0.2558
0.1176
0.2558
0.4286
0.2941
0.0789
0.383
0.3529
0.4167
0.3864
0.1951
0.3684
0.3333
0.3488
0.1489
0.26
0.0645
0.5405
0.1707
0.4375
0.2564
0.4595
0.4091
0.2692
0.1765
0.3889
0.3333
0.3095
0.6
0.1724
0.275
0.125
0.0263
0.2708
0.3182
0.25
0.1489
0.1429
0.2449
0.1795
0.0923
0.3125
0.2564
0.2593
0.3902
0.2128
0.4
0.5
0.3243
0.4146
0.4242
0.3023
0.1951
0.1176
0.2353
0.5
0.3191
0.4318
0.2656
0.0408
0.2857
0.125
0.3636
0.0909
0.425
0.2564
0.3636
0.2391
0.3061
0.2381
0.1429
0.5238
0.4146
0.2778
0.0833
0.1795
0.2353
0.2857
0.1837
0.1622
0.2564
0.2286
0.1964
0.3421
0.1905
0.3
0.5
0.2812
0.1628
0.3243
0.05
0.1633
0.3514
0.2619
0.35
0.2979
0.0638
0.5429
0.1395
0.2708
0.1707
0.3784
0.2051
0.2
0.2051
0.2727
0.5128
0.3125
0.3793
0.1538
0.2821
0.3784
0.1538
0.5238
0.2308
0.1915
0.127
0.2979
0.1892
0.3684
0.0816
0.2368
0.2
0.25
0.3023
0.0488
0.3778
0.3902
0.3659
0
0.4615
0.186
0.1667
0.2432
0.1176
0.3333
0.15
0.1333
0.3333
0.1321
0.3438
0.3243
0.4
0.1481
0.4667
0.5833
0.1702
0.3784
0.64
0.3095
0.186
0.2115
0.45
0.0571
0.24
0.2647
0.3846
0.4082
0.3659
0.3
0.2857
0.0222
0.3208
0.3684
0.6842
0.3261
0.4186
0.4444
0.2
0.1707
0.4091
0.1795
0.1795
0.2895
0.5758
0.1404
0.3143
0.1964
0.3721
0.439
0.6552
0.359
0.1373
0.4474
0.2059
0.2381
0.1538
0.1714
0.3125
0.5789
0.5185
0.4737
0.1731
0.2391
0.3611
0.3023
0.2105
0.2857
0.1429
0.2222
0.65
0.4848
0.4286
0.5806
0.0968
0.5526
0.1915
0.4048
0.2391
0.5
0.3077
0.186
0.3478
0.4545
0.4103
0.4615
0.0727
0.3333
0.0536
0.3824
0.4048
0.7083
0.2
0.3182
0.1316
0.2286
0.2286
0.1964
0.1754
0.1385
0.2093
0.6286
0.3404
0.234
0.4359
0.4483
0.575
0.1489
0.2174
0.3333
0.3415
0.34
0.2432
0.2241
0.3488
0.098
0.3396
0.2308
0.186
0.5294
0.2222
0.2619
0.4
0.4286
0.425
0.3182
0.2812
0.45
0.25
0.1905
0.2083
0.375
0.3514
0.1455
0.1304
0.3714
0.4615
0.4286
0.2195
0.3438
0.2143
0.3659
0.0508
0.1897
0.4333
0.2927
0.1707
0.1905
0.0816
0.4737
0.225
0.4167
0.2564
0.2041
0.8889
0.5
0.3137
0.1892
0.439
0.5833
0.25
0.2222
0.125
0.2667
0.125
0.5405
0.3243
0.275
0.3421
0.4054
0.1373
0.2308
0.1667
0.1017
0.2895
0.4516
0.2222
0.3889
0.2174
0.5909
0.6452
0.4211
0.3529
0.7
0.1373
0.4839
0.0755
0.3824
0.5
0.2564
0.1176
0.3333
0.3
0.3261
0.2766
0.3125
0.16
0.25
0.1053
0.2162
0.3864
0.2188
0.5667
0.4318
0.2
0.2857
0.2917
0.4474
0.3478
0.2571
0.1667
0.375
0.3902
0.1702
0.1429
0.2667
0.3478
0.225
0.5588
0.3667
0.3333
0.225
0.275
0.1915
0.2432
0.1481
0.3529
0.2683
0.0488
0.6538
0.38
0.4222
0.4516
0.2553
0.1333
0.3902
0.5312
0.3846
0.2857
0.225
0.5116
0
0.2857
0.5357
0.2745
0.5
0.2683
0.1591
0.2143
0.2182
0.0462
0.0943
0.4118
0.2195
0.2368
0.4571
0.4615
0.1136
0.1964
0.3659
0.4688
0.3333
0.4516
0.2692
0.2391
0.2321
0.4857
0.625
0.5
0.1875
0.6047
0.3333
0.12
0.4324
0.2381
0.3226
0.1702
0.1591
0.4571
0.3171
0.2778
0.2667
0.1282
0.5
0.2439
0.2889
0.3784
0.2558
0.1707
0.2258
0.1042
0.6364
0.3421
0.3235
0.2766
0.0645
0.1739
0.3889
0.2609
0.2424
0.2308
0.4
0.3409
0.3529
0.2
0.3922
0.2941
0.3235
0.3778
0.1143
0.3415
0.4848
0.5
0.06
0.4444
0.3438
0.0417
0.4857
0.2453
0.325
0.0943
0.25
0.0571
0.5143
0.359
0.4211
0.3137
0.5172
0.2683
0.2
0.1892
0.4872
0.2326
0.0541
0.4194
0.18
0.2778
0.4737
0.3529
0.2692
0.2653
0.5
0.3158
0.3714
0.4667
0.0682
0.3636
0.4324
0.25
0.3784
0.0909
0.2609
0.25
0.4839
0.2895
0.4474
0.4444
0.5349
0.2245
0.4595
0.3256
0.1892
0.3784
0.3478
0.5476
0.3333
0.2903
0.3333
0.5405
0.2174
0.3902
0.2791
0.2419
0.5238
0.3243
0.5
0.2381
0.1522
0.3143
0.2174
0.2093
0.3333
0.7143
0.4
0.1429
0.3684
0.0612
0.1875
0.3778
0.1186
0.1556
0.7838
0.0645
0.3061
0.2766
0.2143
0.119
0.3421
0.2742
0.1071
0.3636
0.32
0.186
0.3953
0.2766
0.1064
0.2745
0.2857
0.4872
0.0385
0.0816
0.2667
0.1111
0.1395
0.4318
0.2812
0.2045
0.2083
0.275
0.375
0.2941
0.2222
0.1389
0.2667
0.26
0.2955
0.2778
0.2564
0.25
0.0857
0.2979
0.2292
0.1034
0.1186
0.2222
0.26
0.3684
0.2564
0.2683
0.2708
0.2308
0.4419
0.2979
0.2195
0.6316
0.4242
0.3659
0.4474
0.1316
0.4255
0.3611
0.4878
0.2353
0.1351
0.1562
0.3415
0.4375
0.3415
0.1667
0.2045
0.3256
0.3514
0.0645
0.3125
0.2449
0.1707
0.6667
0.5366
0.1163
0.4167
0.2745
0.4571
0.0217
0.2162
0.5581
0.2364
0.3056
0.4
0.2889
0.3824
0.2308
0.2286
0.1395
0.2727
0.3824
0.4595
0.3333
0.3143
0.4062
0.2571
0.2955
0.4872
0.2432
0.4082
0.3939
0.1304
0.1064
0.4054
0.2909
0.3729
0.25
0.475
0.7037
0.5641
0.2292
0.1875
0.4444
0.3235
0.2
0.1429
0.4242
0.2353
0.3261
0.1081
0.5455
0.0851
0.2
0.283
0.2292
0.7714
0.0426
0.3226
0.6452
0.5
0.3824
0.3404
0.05
0.2609
0.3947
0.2955
0.0638
0.2632
0.4762
0.2955
0.3023
0.4324
0.0625
0.3111
0.25
0.15
0.1667
0.1395
0.25
0.3143
0.2545
0.2826
0.2564
0.3542
0.1714
0.5938
0.3
0.4444
0.2558
0.05
0.087
0.1923
0.7619
0.3095
0.3571
0.5
0.3922
0.2542
0.3261
0.3256
0.383
0.4054
0.1212
0.0541
0.3269
0.3
0.26
0.225
0.2903
0.3415
0.3333
0.0789
0.3243
0.7037
0.325
0.3721
0.3333
0.2449
0.1111
0.2083
0.3571
0.5714
0.0566
0.5676
0.102
0.1471
0.0612
0.0444
0.2273
0.1875
0.0682
0.122
0.3333
0.08
0.1395
0.4091
0.2766
0.25
0.1346
0.2973
0.25
0.2553
0.1091
0.3333
0.3415
0.2075
0.5882
0.2571
0.1746
0.4074
0.1852
0.2167
0.2703
0.375
0.3636
0.3611
0.2051
0.2955
0.1404
0.4359
0.2286
0.2895
0.2258
0.5556
0.25
0.24
0.2162
0.1613
0.1707
1.3
0.2286
0.5676
0.381
0.1739
0.325
0.3556
0.381
0.05
0.4324
0.1087
0.1042
0.0667
0.3243
0.2128
0.5263
0.1429
0.4865
0.5
0.3673
0.1818
0.375
0.2449
0.2368
0.2045
0.2449
0.3617
0.0377
0.0682
0.2222
0.25
0.2075
0.325
0.1
0.3235
0.3617
0.2281
0.2353
0.4211
0.2063
0.2045
0.1724
0.5294
0.0526
0.1224
0.1714
0.2698
0.2
0.1111
0.1
0.3333
0.2895
0.14
0.0714
0.3235
0.0588
0.4
0.16
0.7333
0.16
0.0962
0.3111
0.275
0.4167
0.2292
0.2
0.4
0.4792
0.3171
0.25
0.25
0.6
0.2963
0.3667
0.5152
0.0909
0.1304
0.5143
0.3
0.093
0.2
0.1961
0.3
0.3404
0.24
0.0577
0.1429
0.1333
0.3673
0.3333
0.4
0.3696
0.2083
0.2
0.35
0.2364
0.2857
0.2667
0.4186
0.4138
0.5294
0.28
0.24
0.2273
0.1034
0.4688
0.4242
0.5556
0.3409
0.1346
0.2727
0.5854
0.35
0.1304
0.4043
0.2424
0.0323
0.1714
0.1837
0.1667
0.5172
0.2941
0.2778
0.234
0.3235
0.4865
0.6944
0.1
0.5938
0.0682
0.2553
0.3871
0.1818
0.2857
0.0484
0.3265
0.1739
0.1875
0.5714
0.2143
0.3243
0.3182
0.3571
0.4118
0.2453
0.3191
0.1774
0.3469
0.025
0.2045
0.3947
0.1636
0.6061
0.3571
0.2075
0.2927
0.1795
0.1282
0.3778
0.2203
0.3421
0.3529
0.5227
0.093
0.0638
0.7143
0.2273
0.0811
0.1842
0.2955
0.2368
0.2683
0.6207
0.4615
0.1429
0.2381
0.1282
0.0189
0.08
0.0612
0.2449
0.06
0.0769
0.3721
0.0732
0.375
0.0571
0.1556
0.2093
0.1562
0.3143
0.1316
0.0769
0.2326
0.02
0.1489
0.0408
0.1702
0.1739
0.0926
0.3261
0.22
0.4889
0.027
0.25
0.1224
0.0702
0.6
0.2558
0.1622
0.1132
0.4571
0.2667
0.2745
0.025
0.1724
0.3509
0.0862
0.3421
0.0833
0.4333
0.1591
0.0299
0.3947
0.2
0.119
0.0735
0.0909
0.125
0.2143
0.1429
0.1818
0.1143
0.2632
0.4643
0.0625
0.1026
0.3256
0.0784
0.2045
0.3333
0.1176
0.0789
0.4255
0.2941
0.3611
0.0612
0.1463
0.3158
0.093
0.1277
0.1957
0.0351
0.0323
0.1395
0.0698
0.4062
0.0714
0.2093
0.2157
0.3269
0.2059
0.0513
0.1176
0.1163
0.0588
0.2069
0.1429
0.15
0.0789
0.2708
0.0625
0.0526
0.1064
0.102
0.0714
0.2051
0.0462
0.3125
0.075
0.1852
0.1136
0.0196
0.2162
0.381
0.3243
0.3902
0.0833
0.0851
0.2381
0.1176
0.2353
0.4211
0.0962
0.1915
0.0597
0.1224
0.1538
0.0816
0.3939
0.1515
0.425
0.0952
0.1667
0.2174
0.1569
0.2558
0.3846
0.5
0.2927
0.2222
0.0625
0.0714
0.1923
0.1081
0.1224
0.1351
0.2051
0.1081
0.25
0.3421
0.2619
0.1707
0.52
0.2222
0.1395
0.3784
0.125
0.1224
0.1463
0.1591
0.25
0.0833
0.0638
0.35
0.3243
0.0385
0.0488
0.1951
0.3077
0.0652
0.2564
0.0213
0.0698
0.4242
0.0645
0.1538
0.2821
0.1463
0.0732
0.2174
0.1026
0.2766
0.2063
0.0392
0.0769
0.1026
0.0408
0.3684
0.2
0.1944
0.0652
0.0976
0.1489
0.0889
0.0698
0.119
0.3077
0.2093
0.1667
0.2703
0.1961
0.2821
0.175
0.0444
0.3333
0.0566
0.4375
0.2973
0.0571
0.0926
0.5667
0.3214
0.2128
0.15
0.1034
0.0213
0.2326
0.0962
0.525
0.1143
0.24
0.2059
0.3269
0.0727
0.2195
0.3
0.2245
0.0667
0.3019
0.1707
0.6316
0.0625
0.3256
0.0638
0.0328
0.0732
0.25
0.0513
0.2051
0.1026
0.1053
0.1228
0.1026
0.1207
0.3256
0.3415
0.1316
0.3077
0.1176
0.0714
0.1081
0.0652
0.0577
0.2857
0.0784
0.3171
0.1379
0.119
0.1923
0.18
0.2105
0.2444
0.05
0.0811
0.2941
0.1875
0.6
0.4848
0.3429
0.4839
0.0323
0.3684
0.0833
0.2857
0.06
0.0571
0.2692
0.0652
0.1373
0.5152
0.0682
0.1628
0.0909
0.0488
0.0179
0.4706
0.2174
0.1667
0.16
0.1333
0.3611
0.2571
0.1143
0.082
0.1404
0.0909
0.0682
0.5429
0.2553
0.3404
0.4103
0.1765
0.475
0.234
0.0638
0.027
0.0682
0.26
0.1622
0.1167
0.2667
0.0588
0.05
0.1091
0.1163
0.1622
0.1579
0.1818
0.0625
0
0.1458
0.2045
0.1875
0.186
0.087
0.1163
0.1458
0.425
0.1026
0.0545
0.0435
0.2
0.4615
0.0833
0.1463
0.1875
0.119
0.1136
0.0678
0.2069
0.4667
0.1951
0.2143
0.0952
0.0612
0.2632
0.25
0.1837
0.1795
0.06
0.8519
0.0476
0.3725
0.15
0.1591
0.1136
0.1458
0.1778
0.25
0.2128
0.1458
0.5676
0.15
0.2143
0.3947
0.1628
0.1961
0.0244
0.0702
0.0339
0.175
0.0811
0.1667
0.1667
0.0833
0.1091
0.0938
0.3947
0.1351
0.5333
0.0196
0.1622
0.1509
0.0541
0.0909
0.4054
0.0571
0.1111
0.0952
0.1
0.0769
0.1944
0.12
0.0816
0.551
0.1081
0.1224
0.0286
0.3
0.12
0.1143
0.1493
0.1667
0.3684
0.0213
0.2
0.1364
0.0714
0.1364
0.0851
0.2286
0.2889
0.1538
0.225
0.0857
0.3667
0.1765
0.0714
0.275
0.2128
0.1026
0.0714
0
0.1463
0.1463
0.1667
0.3
0.3778
0.1111
0.2553
0.2
0.125
0.2727
0.4615
0.119
0.0976
0.1042
0.1
0.1373
0.3448
0.0893
0.5
0.2195
0.2955
0.1364
0.1273
0.0769
0.1321
0.1429
0.0698
0.2632
0.3143
0.0465
0.2143
0.1786
0.3171
0.4688
0.14
0.1667
0.1429
0.1522
0.1207
0.1429
0.0238
0.2258
0.125
0.383
0.2667
0.098
0.2632
0.0889
0.3871
0.1277
0.2273
0.4571
0.2558
0.0244
0.0833
0.1538
0.475
0.1163
0.2667
0.4865
0.2791
0.1087
0.0323
0.0625
0.2564
0.0488
0.0526
0.1702
0.1613
0.1957
0.2162
0.2391
0.0833
0.0682
0.3778
0.2955
0.4118
0.1714
0.1923
0.2059
0.1714
0.0208
0.5714
0
0.0769
0.1111
0.14
0.1176
0.0811
0.0417
0.1316
0.0877
0.0714
0.0755
0.05
0.2879
0.4571
0.1136
0.0909
0.2745
0.2121
0.1556
0.087
0.1351
0.1429
0.087
0.0811
0.1562
0.1321
0.4444
0.4474
0.2353
0.3462
0.2041
0.5333
0.15
0.1081
0.2041
0.1591
0.3333
0.4054
0.087
0.0465
0.0455
0.2391
0.2083
0.7097
0.2368
0.4211
0.4
0.1042
0.2449
0.0476
0.0213
0.2162
0.3784
0.2708
0.2791
0.0909
0.2121
0.2059
0.4595
0.2391
0.1111
0.1111
0.2419
0.2273
0.1892
0.1277
0.0682
0.1224
0.1579
0.2391
0.1628
0.2045
0.1026
0.0278
0.3171
0.3158
0.0612
0.1458
0.16
0.0847
0.0889
0.0851
0.1613
0.2041
0.2766
0.0508
0.1905
0.122
0.0615
0.0536
0.2121
0.32
0.1628
0.3488
0.1569
0.1064
0.0714
0.1351
0.4359
0.0385
0.1915
0.2553
0.0889
0.093
0.2045
0.3438
0.3182
0.14
0.2045
0.25
0.1429
0.2703
0.0833
0.2667
0.2075
0.0816
0.0702
0.3421
0.25
0.1429
0.0833
0.0784
0.0862
0.082
0.0625
0.1321
0.1951
0.1463
0.2683
0.1154
0.3077
0.1042
0.1277
0.0909
0.6316
0.0571
0.2927
0.3684
0.2632
0.18
0.3889
0.2174
0.2647
0.1892
0.1562
0.087
0.4
0.0638
0.125
0.2444
0.0217
0.3243
0.0806
0.25
0.0577
0.2093
0.1351
0.4878
0.1163
0.3611
0.0741
0.0526
0.087
0.2821
0.087
0.2909
0.2222
0.3143
0.2889
0.1111
0.0732
0.1316
0.0465
0.0816
0.4412
0.1429
0.0612
0.1111
0.2857
0.2571
0.1522
0.093
0.0244
0.1731
0.4848
0.0851
0.0204
0.1463
0.1186
0.0909
0.25
0.1702
0.125
0.4103
0.25
0.0196
0.175
0.2941
0.3111
0.1667
0.0769
0.1765
0.2128
0.1351
0.0789
0.0851
0.1667
0.0517
0.0385
0.6857
0.1522
0.2581
0.2564
0.0526
0.3235
0.12
0.025
0.1633
0
0.1111
0.0638
0.0526
0.4762
0.1136
0.3488
0.0465
0.1875
0.3111
0.1667
0.1935
0.0333
0.093
0.0909
0.3429
0.2909
0.0408
0.1538
0.0769
0.1714
0.1316
0.0682
0.3091
0.1628
0.1667
0.0652
0.1509
0.5238
0.3095
0.1591
0.2258
0.1333
0.3729
0.04
0.0638
0.4468
0.125
0.3438
0.0541
0.1273
0.35
0.1176
0.1163
0.0462
0.1395
0.0189
0.1795
0.15
0.5185
0.2273
0.2791
0.0652
0.0577
0.1111
0.14
0.3333
0.1143
0.0755
0.5676
0.2041
0.3235
0.0612
0.1333
0.0625
0.1875
0.1628
0.4571
0.1778
0.04
0.186
0.4091
0.16
0.25
0.1091
0.3784
0.1923
0.234
0.1455
0.0545
0.087
0.0909
0.3143
0.1389
0.1905
0.1786
0.0926
0.0909
0.075
0.0233
0.1556
0.1463
0.3077
0
0.1207
0.359
0.3143
0.0238
0.1935
0.125
0.1136
0.0769
0.1892
0.0323
0.093
0.3
0.4062
0.4865
0.2381
0.1304
0.475
0.2889
0.0833
0.125
0.3243
0.087
0.125
0.0667
0.2105
0.1346
0.0833
0.069
0.4054
0.2222
0.1379
0.1591
0.0465
0.0769
0.1579
0.2045
0.098
0.1
0.1132
0.1136
0.1522
0.1591
0.1509
0.1064
0.1
0.2647
0.3404
0.0167
0.2353
0.2195
0.0923
0.0909
0.0492
0.0541
0.1053
0.0816
0.2857
0.1061
0.1778
0.1296
0.1
0.2821
0.2632
0.4146
0.0714
0.0811
0.4091
0.2286
0.16
0.4375
0.2
0.1154
0.0833
0.1163
0.1538
0.1875
0.1915
0.5333
0.18
0.2439
0.2045
0.0667
0.4857
0.0508
0.0303
0.1143
0.2619
0
0.1892
0.3667
0.1163
0.075
0.0755
0.2195
0.1277
0.0556
0.0962
0.0952
0.1277
0.1481
0.1176
0.1111
0.125
0.0377
0.15
0
0.0517
0.093
0.2444
0.3488
0.4483
0.2632
0.2642
0.0755
0.2727
0.0172
0.4062
0.1081
0.2
0.4318
0.3404
0.3864
0.08
0.2093
0.087
0.4167
0.1212
0.129
0.1714
0.3265
0.0652
0.0968
0.1892
0.1081
0.1458
0.5
0.2973
0.4722
0.3514
0.1081
0.0227
0.2128
0.1714
0.0517
0.0435
0.0806
0.1346
0.0426
0.1458
0.1667
0.1667
0.2105
0.1875
0.1136
0.0789
0.1455
0.1569
0.1613
0.3673
0.05
0.1136
0.0889
0.1636
0.1579
0.0638
0.0893
0.1333
0.2308
0.05
0.1277
0.0847
0.1463
0.2941
0.4
0.0909
0.1489
0.3448
