x
0.3712
0.3565
0.376
0.3814
0.3661
0.3609
0.3763
0.3706
0.3698
0.3692
0.3758
0.3717
0.3618
0.3762
0.377
0.3659
0.3594
0.3699
0.3673
0.3847
0.3803
0.3698
0.3598
0.3714
0.3765
0.3672
0.3576
0.3641
0.3611
0.3735
0.3519
0.364
0.3652
0.3599
0.3761
0.365
0.3756
0.3624
0.3639
0.3725
0.3838
0.3629
0.3787
0.3633
0.3758
0.3827
0.3763
0.368
0.3541
0.3546
0.3761
0.3727
0.3759
0.3765
0.3555
0.375
0.373
0.3515
0.3718
0.3718
0.3666
0.3673
0.3726
0.3608
0.3479
0.3632
0.3868
0.373
0.3726
0.3823
0.3673
0.3834
0.3732
0.3759
0.3654
0.3726
0.3661
0.368
0.3672
0.3731
0.3708
0.3728
0.3644
0.3662
0.3737
0.3657
0.3537
0.3696
0.366
0.3568
0.3765
0.3682
0.3763
0.38
0.3842
0.3726
0.376
0.3676
0.3558
0.3648
0.3698
0.3741
0.3686
0.3799
0.3648
0.3644
0.3793
0.3562
0.3792
0.3854
0.3725
0.3707
0.3628
0.3831
0.3507
0.3888
0.3766
0.3656
0.3718
0.3746
0.3747
0.3684
0.3642
0.3818
0.3698
0.3508
0.363
0.3692
0.3713
0.3768
0.3797
0.3703
0.3811
0.3841
0.3502
0.3694
0.3703
0.3646
0.3853
0.3834
0.3709
0.3702
0.3636
0.3768
0.3665
0.3634
0.3539
0.3789
0.3679
0.3857
0.3483
0.3713
0.3729
0.3698
0.3708
0.3711
0.3724
0.3749
0.3622
0.3786
0.3715
0.3619
0.3727
0.3656
0.3627
0.3888
0.3522
0.3542
0.3861
0.3622
0.3655
0.3796
0.3812
0.3691
0.3434
0.3635
0.3491
0.361
0.3727
0.383
0.3671
0.3537
0.358
0.352
0.3656
0.3702
0.3753
0.3701
0.3735
0.3679
0.3733
0.3657
0.3715
0.375
0.3738
0.3526
0.3768
0.3774
0.3812
0.3857
0.3621
0.3676
0.3664
0.3553
0.371
0.3656
0.3657
0.3787
0.3723
0.374
0.3654
0.3688
0.3561
0.3747
0.3744
0.365
0.3643
0.3614
0.3641
0.3683
0.3697
0.375
0.3747
0.376
0.3821
0.3444
0.3745
0.3645
0.3787
0.3666
0.3727
0.3654
0.351
0.3682
0.3719
0.3565
0.3832
0.372
0.3734
0.3791
0.3759
0.3768
0.3725
0.3746
0.3754
0.3713
0.3516
0.3457
0.3578
0.3696
0.3481
0.3677
0.3574
0.3661
0.3646
0.3684
0.3668
0.3701
0.3625
0.357
0.3656
0.3641
0.3758
0.3634
0.3751
0.3809
0.3685
0.3739
0.3563
0.3674
0.3706
0.3698
0.3745
0.3766
0.3643
0.3503
0.3646
0.3623
0.3784
0.37
0.3823
0.3707
0.3686
0.369
0.379
0.371
0.3593
0.3773
0.3667
0.374
0.3721
0.3656
0.382
0.3777
0.3719
0.3854
0.3582
0.3735
0.3615
0.3767
0.3678
0.3712
0.3714
0.3824
0.3726
0.3617
0.3756
0.3637
0.3706
0.3726
0.3645
0.3654
0.354
0.3751
0.3779
0.3686
0.3658
0.3697
0.358
0.372
0.3706
0.3757
0.3682
0.3648
0.3718
0.3711
0.3812
0.3771
0.3811
0.3747
0.3583
0.371
0.3781
0.3669
0.3638
0.3755
0.3658
0.3734
0.3742
0.3631
0.3702
0.363
0.375
0.376
0.3623
0.3724
0.3687
0.3839
0.3725
0.3723
0.3721
0.3716
0.3785
0.3813
0.3816
0.3747
0.3672
0.361
0.3626
0.3601
0.3671
0.3746
0.375
0.3551
0.3571
0.387
0.3652
0.3743
0.3776
0.3762
0.348
0.3739
0.3669
0.3501
0.3796
0.3721
0.3759
0.3835
0.3549
0.3811
0.3581
0.3744
0.3793
0.3707
0.3558
0.3621
0.3651
0.3735
0.3695
0.3492
0.3747
0.3451
0.374
0.3721
0.3759
0.3735
0.3801
0.3685
0.3641
0.3537
0.3654
0.3554
0.3789
0.3735
0.3573
0.3643
0.3625
0.385
0.3771
0.3567
0.3699
0.3614
0.3636
0.3692
0.3678
0.3706
0.3742
0.3702
0.3767
0.3674
0.3776
0.3714
0.3666
0.3602
0.3831
0.3611
0.3679
0.361
0.3614
0.3707
0.3706
0.3716
0.3751
0.3768
0.3775
0.3701
0.3582
0.366
0.3798
0.3831
0.3647
0.3583
0.3728
0.3738
0.3672
0.356
0.3491
0.37
0.3854
0.3676
0.3718
0.3695
0.3598
0.3567
0.3686
0.3646
0.3666
0.3631
0.3714
0.3604
0.3702
0.3671
0.3732
0.3785
0.3728
0.3758
0.3517
0.3635
0.3658
0.3837
0.3644
0.3792
0.374
0.3711
0.3751
0.355
0.3728
0.3658
0.3597
0.3696
0.3609
0.3775
0.3715
0.377
0.3792
0.375
0.3609
0.3654
0.3786
0.3804
0.3792
0.3669
0.372
0.368
0.3703
0.3653
0.377
0.3765
0.3517
0.3816
0.3592
0.3848
0.364
0.376
0.3682
0.3684
0.379
0.3606
0.3782
0.372
0.3756
0.3537
0.3675
0.3505
0.3709
0.3721
0.3672
0.3851
0.3532
0.3832
0.3472
0.372
0.3696
0.3735
0.378
0.3571
0.3734
0.3693
0.3834
0.3689
0.3756
0.3577
0.3649
0.3608
0.3603
0.3502
0.3845
0.3755
0.376
0.3578
0.372
0.3732
0.3847
0.3612
0.3606
0.3777
0.3732
0.374
0.3708
0.3733
0.3626
0.3736
0.3659
0.3712
0.369
0.3829
0.381
0.3686
0.372
0.3723
0.3836
0.3676
0.3713
0.3349
0.3707
0.3501
0.3681
0.3742
0.351
0.3816
0.3681
0.3773
0.3712
0.3747
0.378
0.3754
0.3719
0.3823
0.3678
0.3721
0.3461
0.3668
0.3647
0.367
0.3681
0.3597
0.3642
0.3693
0.3779
0.3776
0.3713
0.3794
0.3353
0.3768
0.3756
0.369
0.3558
0.3855
0.3662
0.3742
0.3766
0.3727
0.3648
0.3675
0.3729
0.358
0.37
0.3709
0.3516
0.3718
0.3661
0.3797
0.3521
0.3518
0.3725
0.353
0.3807
0.375
0.371
0.3693
0.3723
0.3658
0.377
0.3744
0.3604
0.3645
0.3636
0.3691
0.3754
0.3639
0.376
0.3749
0.367
0.3564
0.355
0.3738
0.3672
0.3723
0.3644
0.365
0.3777
0.3708
0.3756
0.3617
0.3626
0.3701
0.3723
0.3525
0.3771
0.3524
0.3806
0.3645
0.3781
0.3739
0.3697
0.3605
0.3693
0.3576
0.356
0.3595
0.374
0.3665
0.3677
0.3706
0.3559
0.3859
0.3791
0.3617
0.3759
0.3786
0.362
0.3715
0.368
0.3646
0.3661
0.3697
0.386
0.3668
0.3733
0.371
0.3645
0.3734
0.3729
0.3556
0.3752
0.3671
0.3873
0.3622
0.3468
0.3824
0.3748
0.3756
0.3597
0.3753
0.387
0.3706
0.3813
0.3717
0.3658
0.3711
0.374
0.3771
0.3772
0.3715
0.37
0.3693
0.3828
0.3701
0.37
0.3737
0.3691
0.3695
0.3702
0.3784
0.3791
0.3647
0.3628
0.3693
0.3536
0.369
0.3633
0.3533
0.3672
0.3562
0.3697
0.3603
0.3767
0.3623
0.3748
0.3715
0.3754
0.3618
0.3794
0.351
0.3699
0.3798
0.37
0.3749
0.373
0.3678
0.3606
0.3663
0.3708
0.3702
0.3781
0.3639
0.3798
0.3655
0.3796
0.3786
0.3531
0.3674
0.3684
0.3646
0.3537
0.3738
0.374
0.3752
0.3759
0.3696
0.3626
0.3746
0.3725
0.3739
0.3809
0.37
0.3621
0.3711
0.3591
0.3725
0.3624
0.3786
0.369
0.378
0.3612
0.37
0.3716
0.3808
0.3718
0.3664
0.3662
0.3707
0.3596
0.3714
0.364
0.3661
0.368
0.3682
0.3668
0.3758
0.3697
0.3697
0.3553
0.369
0.374
0.3747
0.3807
0.3806
0.3769
0.3715
0.375
0.3826
0.3666
0.3555
0.3807
0.3719
0.3665
0.3708
0.3711
0.3745
0.3775
0.3821
0.371
0.3642
0.3759
0.3642
0.3718
0.3625
0.367
0.3727
0.3625
0.3662
0.3721
0.382
0.3409
0.3652
0.3635
0.3698
0.3724
0.362
0.3666
0.3759
0.3634
0.3756
0.3791
0.3856
0.3611
0.3702
0.3772
0.354
0.3684
0.3841
0.3816
0.3722
0.3685
0.3761
0.3754
0.3666
0.3794
0.359
0.3771
0.3723
0.3693
0.3598
0.3563
0.377
0.3509
0.3719
0.3805
0.3661
0.3634
0.3643
0.3606
0.3756
0.3605
0.3673
0.3777
0.3673
0.361
0.3643
0.3797
0.3655
0.3671
0.3718
0.3756
0.3758
0.3682
0.3783
0.3789
0.3765
0.3699
0.3517
0.3859
0.3748
0.3717
0.3734
0.3568
0.3793
0.3783
0.3556
0.3734
0.3767
0.3771
0.3761
0.3687
0.3683
0.3614
0.3612
0.3733
0.3623
0.3627
0.3764
0.3665
0.3638
0.3809
0.374
0.371
0.3586
0.3678
0.3656
0.3772
0.3697
0.3708
0.3703
0.3611
0.3722
0.3744
0.3654
0.3834
0.3772
0.3612
0.3763
0.3572
0.372
0.3731
0.3582
0.3643
0.3735
0.3769
0.3525
0.3721
0.3795
0.364
0.3709
0.3749
0.3697
0.3557
0.3742
0.3709
0.3635
0.3511
0.3747
0.373
0.3664
0.3841
0.3742
0.3699
0.3777
0.3475
0.3739
0.3559
0.3595
0.3778
0.3823
0.3762
0.3788
0.3712
0.3601
0.369
0.3669
0.3648
0.3692
0.374
0.3676
0.3685
0.3598
0.3476
0.3763
0.3687
0.3672
0.3732
0.3784
0.3716
0.3619
0.3848
0.3731
0.3642
0.3741
0.3611
0.3764
0.3763
0.3555
0.361
0.3771
0.3759
0.3713
0.3841
0.3707
0.3717
0.3606
0.3616
0.3648
0.3626
0.3786
0.3709
0.37
0.3818
0.3768
0.3846
0.3683
0.3649
0.35
0.3721
0.37
0.3669
0.3558
0.3754
0.3707
0.3681
0.3649
0.368
0.3721
0.3645
0.3778
0.3805
0.3669
0.3632
0.3783
0.3646
0.3852
0.3814
0.3728
0.3848
0.3681
0.3737
0.3673
0.3631
0.3592
0.3595
0.3739
0.3547
0.3648
0.3704
0.3613
0.3777
0.3702
0.374
0.3625
0.3594
0.3755
0.3853
0.3622
0.377
0.3574
0.3717
0.382
0.3737
0.3717
0.3585
0.3527
0.374
0.3731
0.3752
0.3794
0.3533
0.3748
0.3692
0.3484
0.3693
0.3743
0.3626
0.369
0.3738
0.3676
0.3551
0.3649
0.3879
0.3727
0.3707
0.3833
0.3649
0.3825
0.3767
0.3697
0.3604
0.3773
0.3645
0.3663
0.3675
0.3837
0.3749
0.3741
0.3657
0.367
0.3696
0.366
0.3595
0.3703
0.3649
0.3548
0.3731
0.3718
0.3699
0.3786
0.386
0.3682
0.3775
0.37
0.3591
0.3663
0.3692
0.376
0.3725
0.3808
0.3684
0.3693
0.3764
0.3572
0.3863
0.3853
0.3696
0.3722
0.3551
0.3822
0.3485
0.379
0.3836
0.3643
0.3769
0.3701
0.3742
0.3728
0.3632
0.383
0.3721
0.3529
0.3637
0.3596
0.3694
0.3697
0.3714
0.3775
0.3847
0.3824
0.3495
0.3847
0.3714
0.3642
0.3897
0.3819
0.378
0.3705
0.3611
0.3777
0.3644
0.367
0.3587
0.3793
0.3682
0.3835
0.3512
0.3722
0.3726
0.368
0.3724
0.3705
0.3733
0.3745
0.3566
0.3813
0.3702
0.3544
0.3763
0.3715
0.3585
0.3861
0.3436
0.3465
0.3792
0.3582
0.365
0.3742
0.3727
0.3777
0.3461
0.3591
0.3598
0.3642
0.3742
0.3818
0.3702
0.3473
0.359
0.353
0.3609
0.3704
0.3734
0.3701
0.3737
0.3705
0.3691
0.3663
0.3724
0.3709
0.3737
0.3539
0.3769
0.3693
0.382
0.3873
0.3621
0.3659
0.3679
0.3561
0.3664
0.3632
0.3653
0.3849
0.3852
0.375
0.3725
0.3901
0.3534
0.3763
0.3705
0.3613
0.3596
0.361
0.3778
0.3695
0.3698
0.3753
0.3913
0.3699
0.3813
0.3411
0.3732
0.3688
0.3813
0.3625
0.3759
0.3667
0.3478
0.367
0.3753
0.3594
0.385
0.368
0.3731
0.3784
0.3783
0.3749
0.3769
0.3776
0.3709
0.3712
0.3428
0.3477
0.3565
0.371
0.356
0.368
0.3585
0.3625
0.3614
0.3744
0.3681
0.3688
0.3806
0.3604
0.3639
0.3651
0.3833
0.3671
0.3808
0.3845
0.3678
0.3744
0.3631
0.3689
0.3716
0.3716
0.3702
0.3744
0.3464
0.3522
0.3592
0.3602
0.3795
0.3701
0.3833
0.3721
0.3617
0.3635
0.3772
0.3694
0.3571
0.3802
0.3634
0.3766
0.3733
0.3669
0.3875
0.3773
0.3713
0.3851
0.3577
0.371
0.3663
0.3837
0.3586
0.3704
0.3734
0.3821
0.3811
0.3618
0.3669
0.3609
0.3701
0.3702
0.3643
0.3666
0.3535
0.3734
0.3768
0.3768
0.3677
0.376
0.3573
0.3688
0.3726
0.3758
0.3684
0.3638
0.373
0.3641
0.3834
0.375
0.3828
0.3734
0.3582
0.3637
0.3746
0.3696
0.3613
0.3772
0.3644
0.3759
0.3742
0.3597
0.3664
0.3646
0.3782
0.3696
0.3633
0.3682
0.3673
0.3836
0.3816
0.3711
0.374
0.3708
0.3877
0.3886
0.3695
0.3762
0.364
0.356
0.3675
0.3604
0.374
0.3773
0.3754
0.362
0.3602
0.3857
0.3693
0.3739
0.3802
0.3778
0.3464
0.3756
0.3729
0.3462
0.3798
0.3718
0.3711
0.3866
0.3559
0.3841
0.361
0.3718
0.3783
0.3675
0.3558
0.3628
0.3694
0.3723
0.3697
0.3515
0.3726
0.3483
0.377
0.3694
0.3738
0.3756
0.386
0.3677
0.3969
0.3559
0.3664
0.3578
0.3782
0.3739
0.3545
0.3602
0.3642
0.3854
0.3804
0.3476
0.3683
0.356
0.3641
0.3771
0.3698
0.3676
0.3726
0.3675
0.3809
0.367
0.3736
0.3706
0.37
0.3601
0.3832
0.3604
0.3748
0.3615
0.3599
0.3743
0.3734
0.374
0.3791
0.376
0.3759
0.3707
0.3516
0.3617
0.3684
0.3801
0.362
0.3567
0.3786
0.3733
0.3675
0.3547
0.348
0.3663
0.3867
0.3747
0.3861
0.3676
0.3563
0.3667
0.3644
0.3651
0.3705
0.3696
0.3779
0.366
0.3659
0.3664
0.3691
0.3799
0.3673
0.3766
0.3493
0.3635
0.358
0.3823
0.3655
0.3794
0.3766
0.3767
0.378
0.349
0.3728
0.3728
0.3643
0.3763
0.3677
0.3788
0.379
0.3838
0.3808
0.3742
0.363
0.3643
0.3756
0.3783
0.3786
0.3642
0.3783
0.3681
0.3727
0.3727
0.3817
0.3731
0.3526
0.3838
0.3657
0.3822
0.3651
0.3731
0.3708
0.3664
0.3906
0.3577
0.3817
0.3651
0.376
0.356
0.3657
0.3474
0.3695
0.3695
0.3642
0.3736
0.3542
0.3849
0.3459
0.3702
0.3701
0.3734
0.3789
0.3548
0.3736
0.3714
0.3838
0.3727
0.3704
0.3455
0.3726
0.3629
0.3635
0.352
0.3959
0.3705
0.3751
0.3576
0.3664
0.3858
0.3848
0.368
0.3557
0.3764
0.3765
0.3732
0.3693
0.3779
0.357
0.3785
0.3614
0.3707
0.3622
0.3815
0.3794
0.368
0.3693
0.3751
0.3806
0.3647
0.3725
0.333
0.3729
0.3551
0.3699
0.3712
0.3469
0.3823
0.3621
0.3741
0.375
0.3703
0.3753
0.3806
0.3694
0.3814
0.3692
0.3699
0.3523
0.3688
0.3704
0.3686
0.3736
0.3561
0.3691
0.375
0.3791
0.3757
0.3728
0.3767
0.3384
0.3753
0.3812
0.3682
0.3589
0.3829
0.3652
0.3747
0.3771
0.3724
0.3635
0.3674
0.3723
0.3528
0.3693
0.3634
0.374
0.3676
0.3703
0.3854
0.3555
0.353
0.3903
0.3558
0.383
0.3746
0.3745
0.3756
0.3763
0.3697
0.3818
0.3787
0.3654
0.3713
0.359
0.3715
0.3776
0.3611
0.3754
0.3937
0.369
0.3595
0.3519
0.3753
0.3708
0.371
0.3692
0.3658
0.38
0.3735
0.3753
0.3639
0.3667
0.3785
0.3758
0.3502
0.3774
0.3525
0.3807
0.3656
0.3824
0.3661
0.37
0.3608
0.3685
0.3593
0.3486
0.3604
0.3712
0.3776
0.364
0.3679
0.3503
0.3861
0.3846
0.3637
0.381
0.3801
0.3615
0.3733
0.3698
0.3713
0.3626
0.3692
0.3912
0.3655
0.3692
0.3794
0.3732
0.3715
0.3719
0.3574
0.3728
0.3728
0.3852
0.3579
0.3456
0.3839
0.3807
0.3786
0.3588
0.3756
0.3877
0.369
0.3801
0.3723
0.3677
0.3619
0.3813
0.3749
0.3802
0.3712
0.3695
0.3702
0.3879
0.3689
0.3641
0.3736
0.3677
0.369
0.3704
0.3788
0.3769
0.3784
0.3633
0.3687
0.3478
0.3708
0.3633
0.3543
0.3685
0.35
0.3725
0.3646
0.3946
0.364
0.3798
0.3692
0.3796
0.3631
0.3802
0.3478
0.3672
0.3785
0.3729
0.3722
0.374
0.3672
0.3585
0.3654
0.3725
0.3667
0.3797
0.3633
0.3779
0.365
0.3764
0.3804
0.3495
0.3646
0.3641
0.3624
0.3474
0.3752
0.3793
0.3785
0.3712
0.3668
0.3653
0.3794
0.375
0.3847
0.3779
0.3694
0.3607
0.3826
0.3567
0.3709
0.3615
0.382
0.359
0.377
0.3668
0.3717
0.3671
0.384
0.3745
0.3633
0.3633
0.3752
0.361
0.3713
0.3663
0.3652
0.3707
0.3698
0.3648
0.3761
0.3752
0.3783
0.3565
0.3761
0.3741
0.3914
0.3811
0.3804
0.3798
0.3677
0.3726
0.3777
0.3611
0.3551
0.3791
0.3706
0.3685
0.3726
0.3741
0.3742
0.3747
0.3839
0.3673
0.3619
0.3752
0.3638
0.3724
0.3521
0.3643
0.3779
0.3645
0.363
0.3732
0.3801
0.334
0.3689
0.3685
0.3722
0.3738
0.3714
0.3684
0.3777
0.3543
0.3719
0.3837
0.3878
0.3607
0.375
0.3726
0.3645
0.3688
0.385
0.3817
0.3727
0.3708
0.3779
0.3725
0.3612
0.3938
0.3604
0.3808
0.3693
0.3668
0.3653
0.3836
0.3785
0.35
0.3671
0.3743
0.3653
0.3627
0.3631
0.3537
0.3769
0.3597
0.3716
0.3806
0.378
0.3558
0.3719
0.3811
0.3681
0.3667
0.3702
0.3741
0.3756
0.3669
0.3719
0.3696
0.3795
0.3703
0.3543
0.3831
0.3756
0.3723
0.3734
0.3511
0.3852
0.3803
0.355
0.3721
0.372
0.3719
0.3767
0.3636
0.3636
0.3636
0.3637
0.3718
0.3668
0.3662
0.3751
0.3706
0.3645
0.3844
0.3737
0.3701
0.3613
0.3693
0.3638
0.3658
0.3741
0.3772
0.371
0.3661
0.3696
0.378
0.3644
0.3822
0.377
0.3618
0.3797
0.352
0.3745
0.3726
0.3597
0.3652
0.3744
0.3783
0.36
0.3749
0.3799
0.365
0.3885
0.3824
0.3692
0.353
0.3749
0.3678
0.3617
0.3496
0.3775
0.3739
0.3656
0.3742
0.3748
0.3668
0.381
0.3463
0.3755
0.3549
0.3559
0.3772
0.3798
0.3686
0.3795
0.367
0.3709
0.363
0.3623
0.367
0.3702
0.3865
0.3673
0.3672
0.3614
0.3627
0.3735
0.368
0.3641
0.3727
0.3762
0.364
0.3695
0.3856
0.3728
0.3603
0.3793
0.3589
0.3776
0.3758
0.354
0.3556
0.3819
0.3718
0.372
0.3824
0.3651
0.3725
0.3645
0.3645
0.363
0.3664
0.382
0.3724
0.3655
0.3755
0.3787
0.3878
0.3695
0.3916
0.3812
0.3907
0.385
0.3936
0.395
0.3964
0.395
0.3812
0.3861
0.3711
0.3935
0.3753
0.3965
0.3803
0.3762
0.3702
0.3798
0.3906
0.396
0.3881
0.3798
0.3801
0.372
0.3779
0.3735
0.3635
0.3706
0.3919
0.3894
0.3568
0.3763
0.3779
0.3877
0.3981
0.3641
0.3992
0.3675
0.3703
0.3983
0.3881
0.3941
0.3828
0.3642
0.3833
0.3973
0.3887
0.3901
0.3537
0.3581
0.3822
0.3921
0.392
0.3858
0.3897
0.375
0.3874
0.3835
0.3845
0.389
0.3952
0.3908
0.3953
0.3928
0.3968
0.3991
0.397
0.3938
0.3931
0.3953
0.3716
0.3925
0.3806
0.377
0.3846
0.3946
0.3866
0.3982
0.3892
0.3755
0.3975
0.3944
0.3853
0.3683
0.3826
0.3669
0.3696
0.3689
0.3856
0.3882
0.3867
0.3892
0.3742
0.3874
0.3982
0.3792
0.3987
0.3861
0.3749
0.3822
0.3888
0.3894
0.3899
0.3879
0.374
0.3903
0.3789
0.3915
0.3916
0.3916
0.3744
0.3965
0.3915
0.3857
0.3849
0.3945
0.398
0.3777
0.3741
0.3839
0.3818
0.3927
0.3785
0.3876
0.3771
0.3742
0.381
0.37
0.381
0.3893
0.3726
0.3631
0.3919
0.3972
0.3599
0.3914
0.396
0.3748
0.3944
0.3975
0.3792
0.3922
0.358
0.3911
0.3905
0.3839
0.3919
0.3778
0.381
0.3923
0.3631
0.3899
0.3935
0.3917
0.3854
0.3955
0.3816
0.398
0.3688
0.3951
0.398
0.3655
0.3903
0.365
0.3886
0.3966
0.3458
0.3575
0.3982
0.392
0.3903
0.3853
0.3872
0.376
0.3809
0.3954
0.3532
0.3718
0.3946
0.3946
0.3716
0.3543
0.3957
0.3494
0.39
0.372
0.3724
0.3863
0.3954
0.3785
0.3716
0.3581
0.3917
0.376
0.3981
0.3917
0.3914
0.3795
0.3917
0.3913
0.3629
0.3831
0.369
0.3709
0.3926
0.3889
0.3868
0.3894
0.3942
0.3938
0.372
0.3911
0.3851
0.3902
0.3757
0.3976
0.3838
0.362
0.3867
0.398
0.3657
0.3971
0.3824
0.3765
0.3868
0.3801
0.3799
0.3669
0.383
0.3864
0.37
0.3838
0.3563
0.3887
0.3734
0.3883
0.3928
0.3987
0.3973
0.3912
0.3949
0.3849
0.3846
0.3875
0.3888
0.3965
0.3493
0.3866
0.3739
0.3839
0.3568
0.3919
0.3777
0.397
0.3822
0.3814
0.3768
0.3933
0.3752
0.3979
0.3684
0.3835
0.3961
0.3903
0.3932
0.3883
0.3914
0.3734
0.3587
0.3965
0.3936
0.3976
0.3811
0.3771
0.3678
0.3596
0.3873
0.3923
0.3803
0.3892
0.3981
0.3775
0.3752
0.3958
0.3892
0.3968
0.3707
0.3883
0.3777
0.3833
0.3815
0.3978
0.3916
0.395
0.3941
0.3964
0.366
0.3891
0.3907
0.3875
0.3819
0.3963
0.3913
0.3886
0.3992
0.3767
0.3906
0.3951
0.3782
0.3686
0.39
0.3957
0.3729
0.3722
0.3958
0.3698
0.3967
0.3727
0.3873
0.3908
0.3711
0.3766
0.3915
0.3978
0.3874
0.3893
0.3838
0.387
0.3811
0.3896
0.3966
0.3896
0.3973
0.3759
0.3902
0.3934
0.3982
0.3773
0.3991
0.3891
0.3903
0.3713
0.397
0.3884
0.3904
0.3783
0.3968
0.3987
0.381
0.3752
0.3907
0.39
0.3876
0.3955
0.3901
0.3926
0.369
0.3675
0.3841
0.3688
0.3755
0.3762
0.3986
0.3918
0.371
0.3898
0.3866
0.3957
0.3693
0.3972
0.3956
0.3924
0.3888
0.3821
0.3839
0.3926
0.3797
0.3913
0.372
0.3981
0.3625
0.3775
0.3978
0.3906
0.3872
0.3959
0.368
0.3838
0.3873
0.3835
0.3798
0.3721
0.3982
0.3789
0.3921
0.3847
0.3879
0.3786
0.3958
0.3772
0.3808
0.38
0.3901
0.3852
0.3707
0.3966
0.3781
0.3962
0.3858
0.3559
0.3883
0.3796
0.3797
0.3933
0.3689
0.3953
0.3882
0.3926
0.396
0.3819
0.3974
0.3917
0.374
0.3921
0.3918
0.3677
0.3809
0.39
0.3665
0.3867
0.3895
0.3884
0.3775
0.3837
0.3985
0.3928
0.3751
0.396
0.3908
0.3834
0.3826
0.3842
0.3883
0.3988
0.3696
0.3752
0.3971
0.3736
0.3884
0.3749
0.3912
0.3956
0.3619
0.3569
0.3897
0.3925
0.3911
0.3982
0.3858
0.3697
0.3695
0.3891
0.3959
0.3861
0.3822
0.3767
0.3515
0.3849
0.3927
0.3894
0.3897
0.3866
0.3932
0.3814
0.3875
0.3947
0.388
0.3843
0.3892
0.3771
0.3869
0.399
0.3813
0.3868
0.3865
0.3862
0.3827
0.3949
0.3772
0.3925
0.38
0.3829
0.393
0.3798
0.3758
0.3968
0.3792
0.3887
0.3713
0.3966
0.3907
0.3872
0.3737
0.3876
0.3858
0.3872
0.3842
0.3902
0.3963
0.3897
0.3856
0.3939
0.3756
0.3645
0.3928
0.3894
0.3894
0.3989
0.3617
0.3946
0.3575
0.3969
0.3942
0.3806
0.3831
0.3864
0.3824
0.3928
0.3965
0.39
0.3853
0.3594
0.385
0.381
0.3949
0.3524
0.3977
0.3816
0.3908
0.3815
0.3844
0.3813
0.3988
0.3887
0.3621
0.3968
0.3825
0.3861
0.3818
0.3712
0.3794
0.3963
0.3719
0.3914
0.377
0.3949
0.397
0.386
0.3742
0.374
0.3925
0.3665
0.3892
0.3312
0.3898
0.3787
0.3911
0.3778
0.3908
0.3956
0.3936
0.3971
0.3731
0.3736
0.3795
0.3799
0.382
0.3986
0.3732
0.3697
0.365
0.3796
0.3823
0.3709
0.3746
0.3872
0.3906
0.3855
0.3991
0.3974
0.3795
0.3933
0.3833
0.3791
0.3961
0.3789
0.3549
0.3937
0.3974
0.3976
0.3771
0.3945
0.3831
0.3714
0.3942
0.3956
0.3847
0.3933
0.3922
0.3972
0.3915
0.3957
0.3566
0.3842
0.3845
0.3684
0.3925
0.3828
0.393
0.3784
0.3748
0.3886
0.395
0.3982
0.3888
0.3849
0.3642
0.3727
0.3985
0.3708
0.395
0.3897
0.3981
0.3599
0.3542
0.3819
0.39
0.3903
0.3992
0.3938
0.3746
0.3961
0.3745
0.3826
0.3985
0.3953
0.3944
0.3953
0.3942
0.3772
0.3976
0.3852
0.3919
0.3853
0.3734
0.3967
0.3723
0.36
0.3882
0.3929
0.3756
0.3864
0.3944
0.3878
0.3491
0.3981
0.3892
0.3764
0.3856
0.3938
0.3984
0.3794
0.3735
0.3983
0.3958
0.3717
0.3972
0.3849
0.3813
0.3948
0.392
0.3848
0.3648
0.3686
0.395
0.3937
0.3996
0.3601
0.3984
0.3964
0.372
0.3826
0.3829
0.3929
0.3924
0.3853
0.3979
0.3886
0.3845
0.3893
0.3859
0.3953
0.3784
0.3819
0.3993
0.393
0.3976
0.3713
0.3865
0.3926
0.3743
0.373
0.3733
0.3943
0.3937
0.387
0.3775
0.3724
0.3596
0.3982
0.3729
0.3539
0.377
0.3832
0.3945
0.3929
0.3939
0.374
0.3979
0.3866
0.3921
0.3794
0.3796
0.399
0.3906
0.3946
0.3686
0.3959
0.3852
0.3891
0.3603
0.3853
0.3902
0.3889
0.3927
0.3821
0.3897
0.3775
0.3788
0.3979
0.3986
0.3745
0.3679
0.3648
0.363
0.3854
0.3818
0.3722
0.3876
0.3904
0.3773
0.3924
0.3779
0.3996
0.3981
0.3862
0.3961
0.387
0.3634
0.3808
0.3765
0.3987
0.381
0.3912
0.3639
0.3762
0.3615
0.395
0.3945
0.392
0.3686
0.3984
0.3944
0.3848
0.3858
0.3688
0.3865
0.3753
0.3816
0.3801
0.3884
0.3757
0.3663
0.3812
0.3925
0.3986
0.3977
0.3876
0.3957
0.3927
0.3897
0.3991
0.3782
0.3736
0.3854
0.3944
0.3816
0.3802
0.3966
0.3916
0.396
0.3942
0.3899
0.3823
0.3861
0.3791
0.3919
0.3909
0.3937
0.3904
0.3751
0.3787
0.3935
0.3855
0.3583
0.3833
0.3826
0.3859
0.3903
0.367
0.3979
0.3765
0.3901
0.3914
0.3981
0.3984
0.3624
0.3858
0.3945
0.3932
0.3922
0.3923
0.3884
0.3964
0.3902
0.3966
0.3828
0.3916
0.3946
0.3955
0.3801
0.3664
0.3694
0.3893
0.3755
0.3853
0.3941
0.3943
0.3823
0.361
0.3764
0.3749
0.3878
0.3827
0.3995
0.3893
0.3818
0.3857
0.3862
0.3864
0.3839
0.374
0.3811
0.3889
0.3945
0.3861
0.3969
0.396
0.3756
0.398
0.3955
0.38
0.396
0.3994
0.3896
0.3952
0.3852
0.3972
0.3986
0.3685
0.3732
0.3953
0.3867
0.3906
0.3821
0.3835
0.3896
0.3875
0.3831
0.3945
0.3819
0.378
0.374
0.3888
0.3907
0.3718
0.3863
0.3969
0.3731
0.3938
0.3861
0.3989
0.3739
0.381
0.3749
0.3933
0.3889
0.3829
0.3927
0.3771
0.3849
0.3791
0.3967
0.3914
0.391
0.3662
0.3722
0.3949
0.3782
0.3793
0.3912
0.3955
0.3799
0.392
0.3979
0.3764
0.3985
0.3765
0.3951
0.3969
0.3832
0.3925
0.3786
0.3643
0.3861
0.3946
0.3955
0.3946
0.3526
0.3729
0.3952
0.3922
0.3831
0.3877
0.3852
0.391
0.3831
0.3952
0.3782
0.3988
0.3977
0.3921
0.3821
0.388
0.3689
0.3654
0.3456
0.3942
0.3878
0.3874
0.3972
0.3957
0.388
0.3804
0.3863
0.3771
0.3878
0.3977
0.3618
0.3967
0.3937
0.377
0.3702
0.3801
0.3727
0.3821
0.3926
0.3647
0.3987
0.3695
0.3832
0.3883
0.391
0.397
0.3968
0.3783
0.3974
0.3876
0.3923
0.3984
NA
NA
NA
NA
NA
NA
NA
NA
NA
NA
NA
NA
NA
NA
NA
NA
NA
NA
NA
NA
NA
NA
NA
NA
NA
NA
NA
NA
NA
NA
NA
NA
NA
NA
NA
NA
NA
NA
NA
NA
NA
NA
NA
NA
NA
NA
NA
NA
NA
NA
NA
NA
NA
NA
NA
NA
NA
NA
NA
NA
NA
NA
NA
NA
NA
NA
NA
NA
NA
NA
NA
NA
NA
NA
NA
NA
NA
NA
NA
NA
NA
NA
NA
NA
NA
NA
NA
NA
NA
NA
NA
NA
NA
NA
NA
NA
NA
NA
NA
NA
NA
NA
NA
NA
NA
NA
NA
NA
NA
NA
NA
NA
NA
NA
NA
NA
NA
NA
NA
NA
NA
NA
NA
NA
NA
NA
NA
NA
NA
NA
NA
NA
NA
NA
NA
NA
NA
NA
NA
NA
NA
NA
NA
NA
NA
NA
NA
NA
NA
NA
NA
NA
NA
NA
NA
NA
NA
NA
NA
NA
NA
NA
NA
NA
NA
NA
NA
NA
NA
NA
NA
NA
NA
NA
NA
NA
NA
NA
NA
NA
NA
NA
NA
NA
NA
NA
NA
NA
NA
NA
NA
NA
NA
NA
NA
NA
NA
NA
NA
NA
NA
NA
NA
NA
NA
NA
NA
NA
NA
NA
NA
NA
NA
NA
NA
NA
NA
NA
NA
NA
NA
NA
NA
NA
NA
NA
NA
NA
NA
NA
NA
NA
NA
NA
NA
NA
NA
NA
NA
NA
NA
NA
NA
NA
NA
NA
NA
NA
NA
NA
NA
NA
NA
NA
NA
NA
NA
NA
NA
NA
NA
NA
NA
NA
NA
NA
NA
NA
NA
NA
NA
NA
NA
NA
NA
NA
NA
NA
NA
NA
NA
NA
NA
NA
NA
NA
NA
NA
NA
NA
NA
NA
NA
NA
NA
NA
NA
NA
NA
NA
NA
NA
NA
NA
NA
NA
NA
NA
NA
NA
NA
NA
NA
NA
NA
NA
NA
NA
NA
NA
NA
NA
NA
NA
NA
NA
NA
NA
NA
NA
NA
NA
NA
NA
NA
NA
NA
NA
NA
NA
NA
NA
NA
NA
NA
NA
NA
NA
NA
NA
NA
NA
NA
NA
NA
NA
NA
NA
NA
NA
NA
NA
NA
NA
NA
NA
NA
NA
NA
NA
NA
NA
NA
NA
NA
NA
NA
NA
NA
NA
NA
NA
NA
NA
NA
NA
NA
NA
NA
NA
NA
NA
NA
NA
NA
NA
NA
NA
NA
NA
NA
NA
NA
NA
NA
NA
NA
NA
NA
NA
NA
NA
NA
NA
NA
NA
NA
NA
NA
NA
NA
NA
NA
NA
NA
NA
NA
NA
NA
NA
NA
NA
NA
NA
NA
NA
NA
NA
NA
NA
NA
NA
NA
NA
NA
NA
NA
NA
NA
NA
NA
NA
NA
NA
NA
NA
NA
NA
NA
NA
NA
NA
NA
NA
NA
NA
NA
NA
NA
NA
NA
NA
NA
NA
NA
NA
NA
NA
NA
NA
NA
NA
NA
NA
NA
NA
NA
NA
NA
NA
NA
NA
NA
NA
NA
NA
NA
NA
NA
NA
NA
NA
NA
NA
NA
NA
NA
NA
NA
NA
NA
NA
NA
NA
NA
NA
NA
NA
NA
NA
NA
NA
NA
NA
NA
NA
NA
NA
NA
NA
NA
NA
NA
NA
NA
NA
NA
NA
NA
NA
NA
NA
NA
NA
NA
NA
NA
NA
NA
NA
NA
NA
NA
NA
NA
NA
NA
NA
NA
NA
NA
NA
NA
NA
NA
NA
NA
NA
NA
NA
NA
NA
NA
NA
NA
NA
NA
NA
NA
NA
NA
NA
NA
NA
NA
NA
NA
NA
NA
NA
NA
NA
NA
NA
NA
NA
NA
NA
NA
NA
NA
NA
NA
NA
NA
NA
NA
NA
NA
NA
NA
NA
NA
NA
NA
NA
NA
NA
NA
NA
NA
NA
NA
NA
NA
NA
NA
NA
NA
NA
NA
NA
NA
NA
NA
NA
NA
NA
NA
NA
NA
NA
NA
NA
NA
NA
NA
NA
NA
NA
NA
NA
NA
NA
NA
NA
NA
NA
NA
NA
NA
NA
NA
NA
NA
NA
NA
NA
NA
NA
NA
NA
NA
NA
NA
NA
NA
NA
NA
NA
NA
NA
NA
NA
NA
NA
NA
NA
NA
NA
NA
NA
NA
NA
NA
NA
NA
NA
NA
NA
NA
NA
NA
NA
NA
NA
NA
NA
NA
NA
NA
NA
NA
NA
NA
NA
NA
NA
NA
NA
NA
NA
NA
NA
NA
NA
NA
NA
NA
NA
NA
NA
NA
NA
NA
NA
NA
NA
NA
NA
NA
NA
NA
NA
NA
NA
NA
NA
NA
NA
NA
NA
NA
NA
NA
NA
NA
NA
NA
NA
NA
NA
NA
NA
NA
NA
NA
NA
NA
NA
NA
NA
NA
NA
NA
NA
NA
NA
NA
NA
NA
NA
NA
NA
NA
NA
NA
NA
NA
NA
NA
NA
NA
NA
NA
NA
NA
NA
NA
NA
NA
NA
NA
NA
NA
NA
NA
NA
NA
NA
NA
NA
NA
NA
NA
NA
NA
NA
NA
NA
NA
NA
NA
NA
NA
NA
NA
NA
NA
NA
NA
NA
NA
NA
NA
NA
NA
NA
NA
NA
NA
NA
NA
NA
NA
NA
NA
NA
NA
NA
NA
NA
NA
NA
NA
NA
NA
NA
NA
NA
NA
NA
NA
NA
NA
NA
NA
NA
NA
NA
NA
NA
NA
NA
NA
NA
NA
NA
NA
NA
NA
NA
NA
NA
NA
NA
NA
NA
NA
NA
NA
NA
NA
NA
NA
NA
NA
NA
NA
NA
NA
NA
NA
NA
NA
NA
NA
NA
NA
NA
NA
NA
NA
NA
NA
NA
NA
NA
NA
NA
NA
NA
NA
NA
NA
NA
NA
NA
NA
NA
NA
NA
NA
NA
NA
NA
NA
NA
NA
NA
NA
NA
NA
NA
NA
NA
NA
NA
NA
NA
NA
NA
NA
NA
NA
NA
NA
NA
NA
NA
NA
NA
NA
NA
NA
NA
NA
NA
NA
NA
NA
NA
NA
NA
NA
NA
NA
NA
NA
NA
NA
NA
NA
NA
NA
NA
NA
NA
NA
NA
NA
NA
NA
NA
NA
NA
NA
NA
NA
NA
NA
NA
NA
NA
NA
NA
NA
NA
NA
NA
NA
NA
NA
NA
NA
NA
NA
NA
NA
NA
NA
NA
NA
NA
NA
NA
NA
NA
NA
NA
NA
NA
NA
NA
NA
NA
NA
NA
NA
NA
NA
NA
NA
NA
NA
NA
NA
NA
NA
NA
NA
NA
NA
NA
NA
NA
NA
NA
NA
NA
NA
NA
NA
NA
NA
NA
NA
NA
NA
NA
NA
NA
NA
NA
NA
NA
NA
NA
NA
NA
NA
NA
NA
NA
NA
NA
NA
NA
NA
NA
NA
NA
NA
NA
NA
NA
NA
NA
NA
NA
NA
NA
NA
NA
NA
NA
NA
NA
NA
NA
NA
NA
NA
NA
NA
NA
NA
NA
NA
NA
NA
NA
NA
NA
NA
NA
NA
NA
NA
NA
NA
NA
NA
NA
NA
NA
NA
NA
NA
NA
NA
NA
NA
NA
NA
NA
NA
NA
NA
NA
NA
NA
NA
NA
NA
NA
NA
NA
NA
NA
NA
NA
NA
NA
NA
NA
NA
NA
NA
NA
NA
NA
NA
NA
NA
NA
NA
NA
NA
NA
NA
NA
NA
NA
NA
NA
NA
NA
NA
NA
NA
NA
NA
NA
NA
NA
NA
NA
NA
NA
NA
NA
NA
NA
NA
NA
NA
NA
NA
NA
NA
NA
NA
NA
NA
NA
NA
NA
NA
NA
NA
NA
NA
NA
NA
NA
NA
NA
NA
NA
NA
NA
NA
NA
NA
NA
NA
NA
NA
NA
NA
NA
NA
NA
NA
NA
NA
NA
NA
NA
NA
NA
NA
NA
NA
NA
NA
NA
NA
NA
NA
NA
NA
NA
NA
NA
NA
NA
NA
NA
NA
NA
NA
NA
NA
NA
NA
NA
NA
NA
NA
NA
NA
NA
NA
NA
NA
NA
NA
NA
NA
NA
NA
NA
NA
NA
NA
NA
NA
NA
NA
NA
NA
NA
NA
NA
NA
NA
NA
NA
NA
NA
NA
NA
NA
NA
NA
NA
NA
NA
NA
NA
NA
NA
NA
NA
NA
NA
NA
NA
NA
NA
NA
NA
NA
NA
NA
NA
NA
NA
NA
NA
NA
NA
NA
NA
NA
NA
NA
NA
NA
NA
NA
NA
NA
NA
NA
NA
NA
NA
NA
NA
NA
NA
NA
NA
NA
NA
NA
NA
NA
NA
NA
NA
NA
NA
NA
NA
NA
NA
NA
NA
NA
NA
NA
NA
NA
NA
NA
NA
NA
NA
NA
NA
NA
NA
NA
NA
NA
NA
NA
NA
NA
NA
NA
NA
NA
NA
NA
NA
NA
NA
NA
NA
NA
NA
NA
NA
NA
NA
NA
NA
NA
NA
NA
NA
NA
NA
NA
NA
NA
NA
NA
NA
NA
NA
NA
NA
NA
NA
NA
NA
NA
NA
NA
NA
NA
NA
NA
NA
NA
NA
NA
NA
NA
NA
NA
NA
NA
NA
NA
NA
NA
NA
NA
NA
NA
NA
NA
NA
NA
NA
NA
NA
NA
NA
NA
NA
NA
NA
NA
NA
NA
NA
NA
NA
NA
NA
NA
NA
NA
NA
NA
NA
NA
NA
NA
NA
NA
NA
NA
NA
NA
NA
NA
NA
NA
NA
NA
NA
NA
NA
NA
NA
NA
NA
NA
NA
NA
NA
NA
NA
NA
NA
NA
NA
NA
NA
NA
NA
NA
NA
NA
NA
NA
NA
NA
NA
NA
NA
NA
NA
NA
NA
NA
NA
NA
NA
NA
NA
NA
NA
NA
NA
NA
NA
NA
NA
NA
NA
NA
NA
NA
NA
NA
NA
NA
NA
NA
NA
NA
NA
NA
NA
NA
NA
NA
NA
NA
NA
NA
NA
NA
NA
NA
NA
NA
NA
NA
NA
NA
NA
NA
NA
NA
NA
NA
NA
NA
NA
NA
NA
NA
NA
NA
NA
NA
NA
NA
NA
NA
NA
NA
NA
NA
NA
NA
NA
NA
NA
NA
NA
NA
NA
NA
NA
NA
NA
NA
NA
NA
NA
NA
NA
NA
NA
NA
NA
NA
NA
NA
NA
NA
NA
NA
NA
NA
NA
NA
NA
NA
NA
NA
NA
NA
NA
NA
NA
NA
NA
NA
NA
NA
NA
NA
NA
NA
NA
NA
NA
NA
NA
NA
NA
NA
NA
NA
NA
NA
NA
NA
NA
NA
NA
NA
NA
NA
NA
NA
NA
NA
NA
NA
NA
NA
NA
NA
NA
NA
NA
NA
NA
NA
NA
NA
NA
NA
NA
NA
NA
NA
NA
NA
NA
NA
NA
NA
NA
NA
NA
NA
NA
NA
NA
NA
NA
NA
NA
NA
NA
NA
NA
NA
NA
NA
NA
NA
NA
NA
NA
NA
NA
NA
NA
NA
NA
NA
NA
NA
NA
NA
NA
NA
NA
NA
NA
NA
NA
NA
NA
NA
NA
NA
NA
NA
NA
NA
NA
NA
NA
NA
NA
NA
NA
NA
NA
NA
NA
NA
NA
NA
NA
NA
NA
NA
NA
NA
NA
NA
NA
NA
NA
NA
NA
NA
NA
NA
NA
NA
NA
NA
NA
NA
NA
NA
NA
NA
NA
NA
NA
NA
NA
NA
NA
NA
NA
NA
NA
NA
NA
NA
NA
NA
NA
NA
NA
NA
NA
NA
NA
NA
NA
NA
NA
NA
NA
NA
NA
NA
NA
NA
NA
NA
NA
NA
NA
NA
NA
NA
NA
NA
NA
NA
NA
NA
NA
NA
NA
NA
NA
NA
NA
NA
NA
NA
NA
NA
NA
NA
NA
NA
NA
NA
NA
NA
NA
NA
NA
NA
NA
NA
NA
NA
NA
NA
NA
NA
NA
NA
NA
NA
NA
NA
NA
NA
NA
NA
NA
NA
NA
NA
NA
NA
NA
NA
NA
NA
NA
NA
NA
NA
NA
NA
NA
NA
NA
NA
NA
NA
NA
NA
NA
NA
NA
NA
NA
NA
NA
NA
NA
NA
NA
NA
NA
NA
NA
NA
NA
NA
NA
NA
NA
NA
NA
NA
NA
NA
NA
NA
NA
NA
NA
NA
NA
NA
NA
NA
NA
NA
NA
NA
NA
NA
NA
NA
NA
NA
NA
NA
NA
NA
NA
NA
NA
NA
NA
NA
NA
NA
NA
NA
NA
NA
NA
NA
NA
NA
NA
NA
NA
NA
NA
NA
NA
NA
NA
NA
NA
NA
NA
NA
NA
NA
NA
NA
NA
NA
NA
NA
NA
NA
NA
NA
NA
NA
NA
NA
NA
NA
NA
NA
NA
NA
NA
NA
NA
NA
NA
NA
NA
NA
NA
NA
NA
NA
NA
NA
NA
NA
NA
NA
NA
NA
NA
NA
NA
NA
NA
NA
NA
NA
NA
NA
NA
NA
NA
NA
NA
NA
NA
NA
NA
NA
NA
NA
NA
NA
NA
NA
NA
NA
NA
NA
NA
NA
NA
NA
NA
NA
NA
NA
NA
NA
NA
NA
NA
NA
NA
NA
NA
NA
NA
NA
NA
NA
NA
NA
NA
NA
NA
NA
NA
NA
NA
NA
NA
NA
NA
NA
NA
NA
NA
NA
NA
NA
NA
NA
NA
NA
NA
NA
NA
NA
NA
NA
NA
NA
NA
NA
NA
NA
NA
NA
NA
NA
NA
NA
NA
NA
NA
NA
NA
NA
NA
NA
NA
NA
NA
NA
NA
NA
NA
NA
NA
NA
NA
NA
NA
NA
NA
NA
NA
NA
NA
NA
NA
NA
NA
NA
NA
NA
NA
NA
NA
NA
NA
NA
NA
NA
NA
NA
NA
NA
NA
NA
NA
NA
NA
NA
NA
NA
NA
NA
NA
NA
NA
NA
NA
NA
NA
NA
NA
NA
NA
NA
NA
NA
NA
NA
NA
NA
NA
NA
NA
NA
NA
NA
NA
NA
NA
NA
NA
NA
NA
NA
NA
NA
NA
NA
NA
NA
NA
NA
NA
NA
NA
NA
NA
NA
NA
NA
NA
NA
NA
NA
NA
NA
NA
NA
NA
NA
NA
NA
NA
NA
NA
NA
NA
NA
NA
NA
NA
NA
NA
NA
NA
NA
NA
NA
NA
NA
NA
NA
NA
NA
NA
NA
NA
NA
NA
NA
NA
NA
NA
NA
NA
NA
NA
NA
NA
NA
NA
NA
NA
NA
NA
NA
NA
NA
NA
NA
NA
NA
NA
NA
NA
NA
NA
NA
NA
NA
NA
NA
NA
NA
NA
NA
NA
NA
NA
NA
NA
NA
NA
NA
NA
NA
NA
NA
NA
NA
NA
NA
NA
NA
NA
NA
NA
NA
NA
NA
NA
NA
NA
NA
NA
NA
NA
NA
NA
NA
NA
NA
NA
NA
NA
NA
NA
NA
NA
NA
NA
NA
NA
NA
NA
NA
NA
NA
NA
NA
NA
NA
NA
NA
NA
NA
NA
NA
NA
NA
NA
NA
NA
NA
NA
NA
NA
NA
NA
NA
NA
NA
NA
NA
NA
NA
NA
NA
NA
NA
NA
NA
NA
NA
NA
NA
NA
NA
NA
NA
NA
NA
NA
NA
NA
NA
NA
NA
NA
NA
NA
NA
NA
NA
NA
NA
NA
NA
NA
NA
NA
NA
NA
NA
NA
NA
NA
NA
NA
NA
NA
NA
NA
NA
NA
NA
NA
NA
NA
NA
NA
NA
NA
NA
NA
NA
NA
NA
NA
NA
NA
NA
NA
NA
NA
NA
NA
NA
NA
NA
NA
NA
NA
NA
NA
NA
NA
NA
NA
NA
NA
NA
NA
NA
NA
NA
NA
NA
NA
NA
NA
NA
NA
NA
NA
NA
NA
NA
NA
NA
NA
NA
NA
NA
NA
NA
NA
NA
NA
NA
NA
NA
NA
NA
NA
NA
NA
NA
NA
NA
NA
NA
NA
NA
NA
NA
NA
NA
NA
NA
NA
NA
NA
NA
NA
NA
NA
NA
NA
NA
NA
NA
NA
NA
NA
NA
NA
NA
NA
NA
NA
NA
NA
NA
NA
NA
NA
NA
NA
NA
NA
NA
NA
NA
NA
NA
NA
NA
NA
NA
NA
NA
NA
NA
NA
NA
NA
NA
NA
NA
NA
NA
NA
NA
NA
NA
NA
NA
NA
NA
NA
NA
NA
NA
NA
NA
NA
NA
NA
NA
NA
NA
NA
NA
NA
NA
NA
NA
NA
NA
NA
NA
NA
NA
NA
NA
NA
NA
NA
NA
NA
NA
NA
NA
NA
NA
NA
NA
NA
NA
NA
NA
NA
NA
NA
NA
NA
NA
NA
NA
NA
NA
NA
NA
NA
NA
NA
NA
NA
NA
NA
NA
NA
NA
NA
NA
NA
NA
NA
NA
NA
NA
NA
NA
NA
NA
NA
NA
NA
NA
NA
NA
NA
NA
NA
NA
NA
NA
NA
NA
NA
NA
NA
NA
NA
NA
NA
NA
NA
NA
NA
NA
NA
NA
NA
NA
NA
NA
NA
NA
NA
NA
NA
NA
NA
NA
NA
NA
NA
NA
NA
NA
NA
NA
NA
NA
NA
NA
NA
NA
NA
NA
NA
NA
NA
NA
NA
NA
NA
NA
NA
NA
NA
NA
NA
NA
NA
NA
NA
NA
NA
NA
NA
NA
NA
NA
NA
NA
NA
NA
NA
NA
NA
NA
NA
NA
NA
NA
NA
NA
NA
NA
NA
NA
NA
NA
NA
NA
NA
NA
NA
NA
NA
NA
NA
NA
NA
NA
NA
NA
NA
NA
NA
NA
NA
NA
NA
NA
NA
NA
NA
NA
NA
NA
NA
NA
NA
NA
NA
NA
NA
NA
NA
NA
NA
NA
NA
NA
NA
NA
NA
NA
NA
NA
NA
NA
NA
NA
NA
NA
NA
NA
NA
NA
NA
NA
NA
NA
NA
NA
NA
NA
NA
NA
NA
NA
NA
NA
NA
NA
NA
NA
NA
NA
NA
NA
NA
NA
NA
NA
NA
NA
NA
NA
NA
NA
NA
NA
NA
NA
NA
NA
NA
NA
NA
NA
NA
NA
NA
NA
NA
NA
NA
NA
NA
NA
NA
NA
NA
NA
NA
NA
NA
NA
NA
NA
NA
NA
NA
NA
NA
NA
NA
NA
NA
NA
NA
NA
NA
NA
NA
NA
NA
NA
NA
NA
NA
NA
NA
NA
NA
NA
NA
NA
NA
NA
NA
NA
NA
NA
NA
NA
NA
NA
NA
NA
NA
NA
NA
NA
NA
NA
NA
NA
NA
NA
NA
NA
NA
NA
NA
NA
NA
NA
NA
NA
NA
NA
NA
NA
NA
NA
NA
NA
NA
NA
NA
NA
NA
NA
NA
NA
NA
NA
NA
NA
NA
NA
NA
NA
NA
NA
NA
NA
NA
NA
NA
NA
NA
NA
NA
NA
NA
NA
NA
NA
NA
NA
NA
NA
NA
NA
NA
NA
NA
NA
NA
NA
NA
0.6418
0.6901
0.4396
0.3871
0.6143
0.6875
0.4578
0.4773
0.4211
0.5316
0.4138
0.3846
0.75
0.5854
0.5063
0.5753
0.6338
0.4815
0.3571
0.2243
0.2658
0.3516
0.6479
0.439
0.4521
0.5125
0.6203
0.407
0.7258
0.4607
0.7059
0.4756
0.36
0.4831
0.4737
0.5056
0.4557
0.5275
0.525
0.4938
0.3889
0.6912
0.3956
0.6377
0.3295
0.3978
0.2812
0.4789
0.5538
0.8254
0.4429
0.4878
0.4583
0.4125
0.4891
0.3846
0.4557
0.6582
0.4598
0.4921
0.6486
0.4082
0.3737
0.7821
0.6769
0.5625
0.25
0.525
0.4048
0.2933
0.4938
0.375
0.4194
0.3667
0.6806
0.3614
0.4533
0.5846
0.5672
0.4058
0.4865
0.2917
0.4444
0.3804
0.4598
0.5493
0.5696
0.4141
0.4773
0.5625
0.3596
0.44
0.4125
0.4375
0.241
0.3678
0.3944
0.3924
0.7089
0.4756
0.338
0.4079
0.6667
0.3465
0.716
0.5125
0.4
0.7465
0.4133
0.219
0.4302
0.4706
0.5625
0.3936
0.6667
0.3444
0.3113
0.7
0.3762
0.5333
0.4828
0.4
0.5385
0.2987
0.5833
0.7083
0.6883
0.4947
0.3875
0.383
0.3867
0.6905
0.2667
0.3564
0.7692
0.4444
0.321
0.5455
0.3048
0.3804
0.3333
0.3604
0.6812
0.3827
0.7761
0.3689
0.6585
0.3483
0.5618
0.2653
0.7097
0.4471
0.3929
0.2947
0.4458
0.3333
0.4059
0.5065
0.5823
0.25
0.4789
0.6389
0.4217
0.5581
0.6164
0.3068
0.7532
0.7869
0.3385
0.6667
0.45
0.3125
0.3085
0.4804
0.8308
0.5955
0.7463
0.5938
0.4103
0.2989
0.4353
0.5811
0.56
0.6053
0.597
0.4881
0.875
0.4598
0.3962
0.5488
0.5733
0.6066
0.4405
0.3068
0.475
0.5465
0.3714
0.4143
0.3146
0.1473
0.4762
0.4521
0.5119
0.6024
0.4222
0.5672
0.493
0.4375
0.3542
0.3696
0.6024
0.5278
0.6528
0.3551
0.3646
0.5405
0.5325
0.5902
0.4891
0.5205
0.6216
0.4719
0.358
0.4479
0.3298
0.7468
0.3913
0.5
0.3433
0.5
0.433
0.4111
0.697
0.5068
0.3708
0.5395
0.2955
0.4125
0.4066
0.4605
0.2821
0.3152
0.5797
0.398
0.3918
0.3168
0.6818
0.8519
0.6522
0.4021
0.6438
0.3727
0.589
0.4831
0.5556
0.6462
0.4824
0.5063
0.4902
0.5443
0.5072
0.6528
0.3853
0.557
0.3412
0.4043
0.5
0.4458
0.5172
0.3537
0.4257
0.3913
0.4824
0.3846
0.6
0.8939
0.5488
0.5109
0.2889
0.3889
0.3111
0.4
0.6304
0.4533
0.3667
0.369
0.5231
0.382
0.6341
0.4302
0.5625
0.4476
0.337
0.5222
0.3614
0.2921
0.407
0.3548
0.5676
0.5147
0.5753
0.4835
0.3827
0.2333
0.4231
0.527
0.44
0.404
0.3902
0.4138
0.5147
0.3896
0.7042
0.625
0.4713
0.6296
0.5634
0.5875
0.5122
0.486
0.3855
0.4253
0.5857
0.4713
0.4556
0.4767
0.301
0.3107
0.3291
0.2967
0.4348
0.4026
0.3412
0.5116
0.5227
0.4253
0.5
0.4474
0.4273
0.4947
0.5185
0.5844
0.2727
0.3924
0.4828
0.557
0.4805
0.2336
0.4938
0.3333
0.5574
0.358
0.3553
0.3704
0.4487
0.4167
0.4444
0.4588
0.5139
0.6528
0.375
0.5541
0.3367
0.5412
0.4432
0.3049
0.44
0.4337
0.4898
0.3483
0.5476
0.3861
0.3778
0.6418
0.3778
0.3689
0.4894
0.3187
0.5679
0.4211
0.5222
0.3913
0.375
0.3636
0.7
0.5714
0.5
0.3827
0.5185
0.5921
0.3929
0.7667
0.375
0.3656
0.4375
0.4545
0.4177
0.4138
0.4844
0.6027
0.4184
0.5735
0.319
0.3333
0.55
0.4944
0.6829
0.2527
0.297
0.5426
0.3465
0.5946
0.5658
0.5263
0.494
0.4634
0.4286
0.4787
0.3474
0.4894
0.3553
0.3214
0.5455
0.5909
0.3721
0.5362
0.5814
0.4891
0.4839
0.2959
0.3875
0.5
0.3627
0.4205
0.4432
0.3766
0.6269
0.6
0.5422
0.3295
0.5
0.5732
0.5857
0.4087
0.4894
0.726
0.5972
0.4554
0.369
0.494
0.4
0.3871
0.6618
0.6615
0.5205
0.5763
0.5211
0.5844
0.4074
0.5063
0.5
0.5426
0.5
0.3953
0.4087
0.5244
0.791
0.3889
0.4675
0.2198
0.3882
0.3853
0.3483
0.4314
0.4085
0.6522
0.4024
0.5634
0.6479
0.4545
0.5634
0.2529
0.4632
0.3261
0.3028
0.2925
0.5949
0.4157
0.3656
0.3667
0.3924
0.5
0.3735
0.5281
0.4568
0.5882
0.3535
0.5256
0.5714
0.3523
0.5405
0.2967
0.4819
0.3646
0.5059
0.381
0.3789
0.5658
0.5185
0.4024
0.3548
0.5714
0.4474
0.7313
0.4466
0.4943
0.4651
0.382
0.5185
0.2549
0.625
0.45
0.4556
0.5484
0.3953
0.7333
0.4804
0.5797
0.1923
0.4118
0.4
0.7794
0.5165
0.4884
0.52
0.7
0.1765
0.4714
0.3294
0.5699
0.5696
0.3846
0.2708
0.5325
0.6111
0.2747
0.4079
0.4737
0.5224
0.3797
0.5072
0.506
0.4634
0.5135
0.7901
0.4045
0.3855
0.6024
0.4382
0.3704
0.234
0.5122
0.5349
0.6761
0.4783
0.7937
0.5758
0.4545
0.6914
0.375
0.4583
0.3444
0.4154
0.4321
0.3375
0.5714
0.3976
0.2393
0.7015
0.5068
0.5867
0.5316
0.641
0.4375
0.449
0.5915
0.5
0.3797
0.3951
0.4157
0.2667
0.3333
0.8909
0.3514
0.4304
0.4588
0.5238
0.3587
0.4598
0.3827
0.3258
0.4231
0.6349
0.3194
0.4111
0.475
0.3793
0.6301
0.5301
0.4889
0.5152
0.404
0.6795
0.6438
0.5278
0.7353
0.3378
0.3367
0.4167
0.3976
0.4286
0.5395
0.3448
0.3131
0.5517
0.4211
0.5618
0.4235
0.4091
0.4744
0.4605
0.3398
0.3924
0.5
0.6316
0.4519
0.4571
0.4328
0.3494
0.5405
0.3625
0.5056
0.3402
0.5122
0.5412
0.4737
0.5244
0.5541
0.3978
0.6538
0.3434
0.4674
0.4405
0.5114
0.3704
0.4217
0.398
0.7581
0.7671
0.3976
0.4396
0.4634
0.5176
0.3696
0.8529
0.3867
0.3333
0.5233
0.4177
0.4699
0.4595
0.4
0.4321
0.4286
0.4388
0.4066
0.4615
0.4861
0.3936
0.3962
0.5
0.5176
0.5408
0.8056
0.4257
0.7302
0.2453
0.519
0.8082
0.3524
0.4156
0.2718
0.5735
0.5467
0.2783
0.3981
0.3469
0.4675
0.5205
0.4316
0.4944
0.3452
0.4625
0.5
0.4286
0.4625
0.2828
0.35
0.5278
0.4124
0.3694
0.449
0.3947
0.3191
0.3519
0.4861
0.5694
0.5714
0.7361
0.3393
0.52
0.5352
0.4643
0.5763
0.3596
0.7049
0.4158
0.4949
0.3933
0.4675
0.4444
0.5652
0.4286
0.76
0.4425
0.5072
0.4198
0.425
0.4257
0.5
0.439
0.5
0.5195
0.4048
0.3009
0.5
0.3516
0.5542
0.3118
0.3293
0.6136
0.6122
0.561
0.5526
0.6667
0.4598
0.4526
0.4342
0.4932
0.3727
0.5294
0.3857
0.5244
0.3864
0.2286
0.5696
0.5526
0.3563
0.5349
0.4643
0.6173
0.3451
0.5286
0.3913
0.6667
0.5301
0.5849
0.3333
0.3409
0.5077
0.527
0.3647
0.4615
0.5357
0.4891
0.5789
0.3659
0.5526
0.413
0.3529
0.5075
0.519
0.5732
0.4737
0.5616
0.3882
0.1558
0.3896
0.4196
0.5432
0.4
0.2529
0.6351
0.6216
0.2524
0.4691
0.5714
0.3375
0.3564
0.4474
0.3727
0.3571
0.5521
0.4946
0.3924
0.5513
0.4842
0.5714
0.4455
0.3864
0.5493
0.6212
0.3333
0.3504
1.0889
0.6
0.6216
0.3431
0.4634
0.4868
0.4468
0.3241
0.5789
0.5
0.2967
0.3048
0.4118
0.494
0.3626
0.6094
0.3924
0.2609
0.3684
0.4
0.3735
0.4217
0.407
0.6706
0.27
0.5733
0.3431
0.6329
0.4091
0.48
0.7879
0.3864
0.6479
0.4023
0.4143
0.5625
0.443
0.6494
0.5342
0.5385
0.5195
0.4333
0.4756
0.506
0.5802
0.506
0.3423
0.3516
0.5789
0.4598
0.3529
0.4648
0.4079
0.4536
0.4762
0.4024
0.3523
0.4805
0.1739
0.4419
0.3564
0.4625
0.6627
0.2719
0.3333
0.5753
0.4545
0.5395
0.2955
0.3924
0.4673
0.4694
0.625
0.5294
0.4167
0.4815
0.493
0.3297
0.5595
0.5455
0.3933
0.3953
0.4433
0.4026
0.5147
0.396
0.6667
0.5135
0.3908
0.4861
0.662
0.3488
0.4795
0.6
0.3548
0.4362
0.6364
0.319
0.597
0.4545
0.4271
0.5802
0.5233
0.4217
0.4545
0.5902
0.3981
0.2529
0.475
0.5469
0.3467
0.5205
0.8261
0.3542
0.6267
0.443
0.7294
0.3711
0.5114
0.5733
0.4286
0.5897
0.5
0.4643
0.7879
0.4268
0.5902
0.6207
0.3295
0.2903
0.5443
0.45
0.5571
0.5375
0.5143
0.5
0.3737
0.359
0.45
0.5
0.4337
0.5634
0.7308
0.3708
0.507
0.5
0.5556
0.3133
0.4659
0.527
0.1829
0.3571
0.5753
0.41
0.6575
0.3023
0.4157
0.6324
0.5357
0.2743
0.3793
0.5349
0.507
0.4762
0.4342
0.5556
0.5132
0.4805
0.5217
0.4795
0.5256
0.5443
0.359
0.4
0.3012
0.5065
0.3134
0.3803
0.2308
0.2581
0.4571
0.3906
0.3614
0.3523
0.4342
0.2911
0.3563
0.2527
0.4667
0.2805
0.2278
0.4247
0.5352
0.2222
0.3929
0.1028
0.1392
0.2967
0.4225
0.3659
0.274
0.3875
0.4684
0.4186
0.3548
0.2135
0.4706
0.3415
0.29
0.4494
0.2842
0.3146
0.2911
0.3077
0.358
0.2222
0.2111
0.4265
0.2418
0.3623
0.2614
0.2688
0.2396
0.2958
0.4
0.4286
0.3429
0.3171
0.2083
0.275
0.4022
0.2418
0.3038
0.5063
0.3333
0.3651
0.4865
0.4082
0.2222
0.5
0.4923
0.4375
0.1905
0.35
0.2976
0.2267
0.4568
0.1591
0.2151
0.3778
0.5
0.2289
0.3467
0.4308
0.4627
0.3188
0.3514
0.3194
0.4028
0.3587
0.2874
0.4085
0.4177
0.1782
0.3295
0.4
0.2472
0.3067
0.25
0.2292
0.2048
0.3218
0.2113
0.2785
0.5063
0.3415
0.338
0.3026
0.3167
0.2871
0.4074
0.3625
0.3125
0.507
0.1867
0.1619
0.3488
0.2824
0.4
0.1596
0.3968
0.2889
0.2358
0.4667
0.2475
0.3222
0.2529
0.3333
0.2769
0.2597
0.2976
0.4306
0.2597
0.4105
0.325
0.266
0.32
0.5595
0.1222
0.198
0.5077
0.284
0.2738
0.3506
0.0935
0.25
0.2381
0.2883
0.4638
0.2716
0.403
0.3107
0.4024
0.2809
0.3596
0.1633
0.4839
0.2353
0.2619
0.2842
0.253
0.3457
0.3663
0.2857
0.4177
0.1667
0.3239
0.3611
0.3012
0.3488
0.4521
0.1932
0.4675
0.459
0.2923
0.52
0.3875
0.2321
0.3085
0.2843
0.6462
0.3596
0.5522
0.3906
0.2564
0.1954
0.2706
0.5541
0.3467
0.4868
0.4776
0.369
0.4561
0.4138
0.2642
0.3614
0.2667
0.3934
0.3571
0.2584
0.3375
0.3837
0.3571
0.2857
0.2697
0.1473
0.3929
0.411
0.4048
0.4337
0.3444
0.3582
0.3662
0.2
0.1753
0.2391
0.3735
0.375
0.5
0.3364
0.2708
0.5
0.4805
0.5738
0.2935
0.2973
0.3243
0.3258
0.2469
0.2708
0.2553
0.5443
0.25
0.3
0.2985
0.4103
0.2577
0.3667
0.5909
0.2838
0.3146
0.3947
0.2614
0.375
0.3077
0.1974
0.1899
0.25
0.3913
0.2857
0.299
0.2376
0.7273
0.537
0.3913
0.3299
0.4189
0.2636
0.4658
0.382
0.4815
0.2923
0.3765
0.2152
0.3922
0.3544
0.2754
0.3973
0.2364
0.4177
0.3412
0.1809
0.3659
0.3855
0.4023
0.3537
0.3168
0.3043
0.4
0.3462
0.5867
0.5303
0.3095
0.3587
0.1778
0.3222
0.3
0.2941
0.3261
0.2533
0.2473
0.2857
0.4
0.2022
0.3415
0.3372
0.325
0.2476
0.2065
0.1556
0.3012
0.2135
0.4186
0.2553
0.3514
0.2941
0.411
0.3626
0.3333
0.2222
0.2436
0.4054
0.28
0.31
0.3415
0.2989
0.3971
0.3896
0.5775
0.4219
0.3333
0.5185
0.2958
0.3875
0.4024
0.2804
0.4217
0.2529
0.2973
0.3103
0.2556
0.3605
0.2718
0.233
0.2532
0.1868
0.4493
0.3377
0.2588
0.2841
0.3977
0.2989
0.3594
0.2895
0.2545
0.3474
0.3457
0.4545
0.2386
0.3291
0.3563
0.3924
0.3506
0.1308
0.1905
0.284
0.2787
0.321
0.2895
0.2716
0.3205
0.2041
0.425
0.3793
0.3611
0.4444
0.3875
0.2973
0.2449
0.4588
0.3977
0.1098
0.2933
0.3253
0.2451
0.3258
0.5357
0.2475
0.3187
0.4925
0.2667
0.3301
0.3191
0.2527
0.3827
0.2597
0.3778
0.3587
0.2347
0.3636
0.5143
0.3429
0.3152
0.2963
0.321
0.5
0.369
0.7
0.2019
0.3763
0.3125
0.2338
0.2152
0.2759
0.169
0.411
0.2857
0.4118
0.1897
0.3333
0.38
0.4138
0.4512
0.1758
0.2574
0.5851
0.3267
0.3919
0.4079
0.4342
0.241
0.3293
0.2812
0.3298
0.1979
0.2872
0.2763
0.3095
0.3506
0.4545
0.1744
0.4493
0.3023
0.3587
0.3763
0.2755
0.3125
0.2625
0.2059
0.3636
0.2614
0.2597
0.403
0.4588
0.3494
0.375
0.3415
0.3253
0.2571
0.2435
0.2396
0.5205
0.5833
0.3304
0.1429
0.4217
0.1727
0.3226
0.4706
0.3231
0.4384
0.4068
0.3944
0.3896
0.2469
0.4177
0.2838
0.2421
0.2561
0.2674
0.2991
0.3415
0.5821
0.3444
0.3506
0.1978
0.3059
0.2752
0.236
0.3824
0.338
0.4928
0.2317
0.338
0.6197
0.3636
0.3521
0.2414
0.2347
0.2391
0.1835
0.2453
0.3671
0.3483
0.2581
0.2778
0.2152
0.3333
0.253
0.3
0.2561
0.4824
0.2727
0.3333
0.5119
0.125
0.3919
0.2527
0.3373
0.2812
0.2353
0.2857
0.2211
0.3816
0.2716
0.2927
0.2258
0.4286
0.3947
0.5224
0.3107
0.3563
0.3372
0.1798
0.4321
0.2157
0.5694
0.35
0.2667
0.3548
0.1628
0.4333
0.2549
0.2817
0.181
0.2353
0.4
0.5882
0.3516
0.3837
0.2933
0.4085
0.2093
0.2286
0.2706
0.4516
0.3418
0.3077
0.2188
0.4667
0.5417
0.2637
0.3026
0.2105
0.4478
0.2025
0.3913
0.241
0.4634
0.3243
0.3704
0.2472
0.2289
0.3735
0.3483
0.284
0.2021
0.3902
0.2299
0.662
0.1857
0.5079
0.4697
0.2841
0.4444
0.25
0.3472
0.3222
0.3231
0.3333
0.2125
0.2571
0.2048
0.188
0.3582
0.3836
0.6
0.3418
0.3625
0.3625
0.3571
0.3803
0.2838
0.2405
0.284
0.236
0.2889
0.2667
0.8545
0.2411
0.2532
0.2824
0.4881
0.1739
0.2644
0.321
0.2921
0.2692
0.3333
0.3333
0.2889
0.475
0.3333
0.3973
0.5181
0.3111
0.4091
0.2525
0.5385
0.4795
0.2
0.5588
0.2838
0.2449
0.2235
0.2892
0.2619
0.3947
0.2247
0.21
0.4023
0.3368
0.427
0.3412
0.3182
0.4103
0.25
0.1604
0.2278
0.5128
0.4079
0.2404
0.3286
0.3731
0.3373
0.4189
0.2222
0.2857
0.299
0.5
0.3176
0.2842
0.2683
0.4865
0.2796
0.5897
0.1818
0.3152
0.2024
0.3523
0.2685
0.3494
0.2959
0.4677
0.4658
0.3012
0.3077
0.4024
0.3412
0.3152
0.5362
0.1467
0.1795
0.3721
0.2346
0.3373
0.3784
0.3
0.321
0.3247
0.3265
0.2527
0.1538
0.4028
0.3723
0.2358
0.3194
0.3529
0.3367
0.5417
0.2376
0.3968
0.1321
0.4051
0.5479
0.1905
0.2468
0.2212
0.4118
0.2933
0.1391
0.2621
0.2551
0.3117
0.3288
0.3684
0.2697
0.2381
0.25
0.4125
0.2857
0.325
0.202
0.2875
0.3333
0.2887
0.2703
0.2551
0.3026
0.2128
0.1667
0.3611
0.4028
0.3469
0.4444
0.2768
0.3733
0.4366
0.3214
0.4915
0.3708
0.541
0.1667
0.3737
0.1778
0.3467
0.3333
0.4022
0.2471
0.4933
0.3009
0.3188
0.2346
0.275
0.2871
0.3372
0.3659
0.3372
0.2857
0.3452
0.1947
0.375
0.2198
0.3012
0.2366
0.2683
0.5568
0.3367
0.3659
0.3247
0.4444
0.3793
0.2842
0.3289
0.3288
0.2636
0.4
0.2286
0.25
0.2614
0.2286
0.3797
0.3289
0.3908
0.407
0.2619
0.4198
0.1947
0.4
0.4058
0.4384
0.3012
0.3774
0.2581
0.3068
0.3077
0.3919
0.2471
0.4487
0.2976
0.3696
0.3895
0.3049
0.3684
0.337
0.2353
0.2537
0.3544
0.378
0.25
0.2466
0.3176
0.2078
0.2308
0.2456
0.358
0.23
0.2069
0.4324
0.5
0.1942
0.2963
0.2941
0.275
0.2574
0.2105
0.2636
0.1429
0.3542
0.3978
0.3924
0.3974
0.25
0.4048
0.297
0.2955
0.3521
0.5
0.2381
0.1795
0.8667
0.375
0.2973
0.3627
0.3293
0.3553
0.266
0.2037
0.4474
0.3837
0.2308
0.1619
0.3412
0.2135
0.2527
0.3636
0.3544
0.1848
0.3158
0.2824
0.2651
0.2289
0.407
0.3765
0.1863
0.3733
0.2255
0.4286
0.4318
0.4133
0.4394
0.2955
0.507
0.3793
0.3
0.3625
0.3418
0.4545
0.4247
0.3333
0.3377
0.3889
0.3171
0.2588
0.3827
0.2857
0.1802
0.3077
0.3289
0.2874
0.2185
0.2676
0.2895
0.2268
0.2619
0.1585
0.2727
0.4675
0.163
0.2209
0.3069
0.3
0.4337
0.1754
0.2095
0.4658
0.3737
0.3158
0.2273
0.2152
0.3271
0.3878
0.3973
0.3725
0.3333
0.3028
0.3944
0.2637
0.3333
0.4416
0.1573
0.2791
0.2577
0.3117
0.3088
0.3564
0.3194
0.2162
0.3103
0.4583
0.493
0.2442
0.3425
0.3
0.2473
0.3298
0.3636
0.2564
0.5522
0.4026
0.3333
0.3704
0.314
0.2771
0.2386
0.5082
0.2202
0.2759
0.35
0.197
0.1795
0.4521
0.4928
0.2396
0.36
0.3291
0.4353
0.268
0.2841
0.32
0.3152
0.225
0.3889
0.2353
0.6515
0.3415
0.623
0.5
0.2841
0.1935
0.3544
0.275
0.4
0.2289
0.3857
0.2812
0.2626
0.2532
0.3125
0.3108
0.3012
0.4789
0.443
0.191
0.3803
0.3478
0.3472
0.2048
0.3864
0.4054
0.122
0.3452
0.4795
0.25
0.4795
0.2093
0.2697
0.5
0.5238
0.177
0.3908
0.3953
0.3662
0.3333
0.3947
0.3951
0.4156
0.2857
0.3804
0.3973
0.2051
0.3291
0.2821
0.2667
0.2169
0.4416
0.3582
0.3521
0.2198
0.3226
0.1351
0.1667
0.241
0.3636
0.2632
0.3924
0.3448
0.1515
0.4167
0.1566
0.2532
0.3973
0.4789
0.2593
0.2976
0.1402
0.2405
0.2308
0.2267
0.3659
0.3151
0.2125
0.3165
0.3256
0.4032
0.3146
0.5
0.3659
0.37
0.3483
0.05
0.3933
0.0602
0.3516
0.4125
0.125
0.2222
0.3824
0.2088
0.4203
0.2386
0.1828
0.25
0.2817
0.4
0.4286
0.2857
0.2927
0.2396
0.3125
0.4022
0.2857
0.3038
0.481
0.2759
0.3594
0.3514
0.2755
0.2727
0.359
0.4308
0.0667
0.1548
0.3
0.3333
0.2133
0.4444
0.1932
0.2473
0.3333
0.2308
0.253
0.32
0.1143
0.4478
0.3478
0.1266
0.2639
0.3611
0.25
0.2989
0.3662
0.4557
0.3069
0.2841
0.4375
0.2697
0.2133
0.2875
0.2396
0.1047
0.3103
0.1528
0.2911
0.4304
0.3415
0.2958
0.3421
0.1613
0.2277
0.3457
0.2048
0.3125
0.4507
0.2133
0.1415
0.3372
0.0879
0.45
0.2021
0.4762
0.2556
0.0734
0.3587
0.3168
0.3222
0.2989
0.3222
0.4769
0.1429
0.2262
0.4861
0.4026
0.4421
0.275
0.3191
0.32
0.5
0.2111
0.1782
0.4923
0.1379
0.0659
0.3506
0.1121
0.1957
0.215
0.2523
0.4348
0.2469
0.3731
0.2621
0.4268
0.2584
0.2809
0.1837
0.5484
0.3294
0.2619
0.2842
0.1932
0.2222
0.1961
0.2338
0.481
0.2
0.1795
0.4167
0.2289
0.3837
0.4384
0.2273
0.5065
0.459
0.1538
0.4267
0.1461
0.25
0.234
0.2353
0.6462
0.0833
0.3286
0.3582
0.1463
0.2184
0.3294
0.527
0.3766
0.4737
0.403
0.2619
0.386
0.2529
0.211
0.2619
0.28
0.459
0.3095
0.2247
0.225
0.4186
0.3429
0.3143
0.1685
0.1783
0.3571
0.2877
0.3214
0.4217
0.3333
0.3433
0.3239
0.225
0.3229
0.2174
0.2471
0.2533
0.3889
0.2243
0.25
0.0732
0.2099
0.541
0.1753
0.2297
0.3649
0.1798
0.2593
0.2371
0.2234
0.6076
0.2609
0.3556
0.1912
0.3718
0.3299
0.3111
0.5455
0.3514
0.2247
0.1728
0.1667
0.0787
0.2527
0.2632
0.2025
0.2174
0.3478
0.2347
0.2268
0.2772
0.7727
0.5926
0.4239
0.2577
0.5205
0.2182
0.3836
0.102
0.4321
0.2879
0.3529
0.2532
0.3824
0.1
0.3188
0.3649
0.2364
0.3797
0.2471
0.1596
0.1978
0.2771
0.4138
0.3049
0.3168
0.16
0.3882
0.3205
0.56
0.5455
0.4643
0.3913
0.1556
0.2667
0.2111
0.2471
0.4565
0.32
0.3068
0.2262
0.2923
0.2135
0.3293
0.4186
0.3333
0.2476
0.2174
0.2222
0.2892
0.1685
0.4419
0.125
0.3784
0.1739
0.2763
0.1224
0.2099
0.1889
0.0814
0.5946
0.3467
0.34
0.3171
0.2759
0.3824
0.3377
0.5352
0.3281
0.1724
0.4691
0.3099
0.3333
0.1685
0.2897
0.3012
0.2529
0.2973
0.2644
0.2667
0.2529
0.1845
0.2233
0.2025
0.2747
0.4348
0.3377
0.1882
0.3372
0.2581
0.2299
0.087
0.3247
0.0783
0.3579
0.284
0.4416
0.1932
0.2658
0.3563
0.4557
0.1059
0.1071
0.1786
0.2469
0.3279
0.2222
0.1392
0.2222
0.2152
0.2143
0.375
0.4138
0.375
0.3472
0.3375
0.3108
0.068
0.1584
0.3977
0.1707
0.3733
0.2588
0.2857
0.1134
0.4762
0.2277
0.3444
0.6119
0.2333
0.2039
0.2021
0.2088
0.3457
0.1558
0.4444
0.1935
0.0777
0.3788
0.2564
0.3429
0.3043
0.321
0.284
0.4737
0.2674
0.4262
0.1731
0.2234
0.3
0.2468
0.1772
0.2644
0.1408
0.4658
0.3367
0.4559
0.2069
0.3563
0.35
0.0833
0.5366
0.1429
0.198
0.4787
0.3366
0.3919
0.3158
0.2593
0.3133
0.1395
0.3281
0.3723
0.2396
0.266
0.2632
0.2619
0.3896
0.3182
0.1744
0.3768
0.3488
0.4022
0.3978
0.2551
0.1928
0.35
0.1961
0.2727
0.0769
0.2208
0.403
0.2907
0.2892
0.1685
0.3902
0.3855
0.3143
0.0726
0.25
0.4795
0.0964
0.3036
0.2024
0.3133
0.1818
0.2903
0.4265
0.4154
0.3699
0.3559
0.3521
0.1163
0.2716
0.425
0.3514
0.2632
0.3171
0.2209
0.2066
0.2805
0.5522
0.2667
0.3377
0.1978
0.2824
0.1636
0.2921
0.2843
0.2297
0.5507
0.2805
0.3521
0.3378
0.3258
0.4366
0.0674
0.2653
0.2283
0.1743
0.2547
0.1951
0.3483
0.2151
0.2333
0.2025
0.2738
0.4337
0.3258
0.3049
0.2706
0.19
0.2308
0.4286
0.1818
0.2468
0.1209
0.3494
0.3125
0.3176
0.2976
0.2526
0.3684
0.1852
0.3171
0.2581
0.4167
0.3421
0.4925
0.1296
0.2989
0.3488
0.0638
0.4198
0.1569
0.5139
0.275
0.1277
0.3065
0.1512
0.4833
0.3039
0.3803
0.1923
0.3176
0.3733
0.5588
0.2637
0.2841
0.3067
0.4225
0.1023
0.2394
0.2588
0.3548
0.3797
0.3333
0.0833
0.5067
0.4444
0.1368
0.2368
0.2211
0.3284
0.3038
0.4348
0.3133
0.3659
0.3108
0.284
0.1667
0.092
0.1413
0.3483
0.2716
0.2234
0.2683
0.2069
0.6056
0.2429
0.4762
0.2576
0.2727
0.4938
0.2375
0.4028
0.2889
0.3077
0.3086
0.1875
0.4571
0.3373
0.0806
0.3731
0.3014
0.48
0.3797
0.3125
0.375
0.2551
0.4225
0.3784
0.2785
0.0706
0.0842
0.2556
0.2174
0.6207
0.3153
0.1899
0.2791
0.4643
0.25
0.0538
0.2469
0.2022
0.0833
0.4444
0.3056
0.1327
0.3827
0.2414
0.3699
0.1064
0.0928
0.4091
0.1919
0.5385
0.5342
0.24
0.3676
0.2703
0.2551
0.1628
0.3373
0.3095
0.4342
0.2472
0.0857
0.3908
0.2316
0.4045
0.3294
0.0769
0.3718
0.2632
0.1509
0.0941
0.4103
0.4211
0.2115
0.2714
0.2985
0.0787
0.3289
0.25
0.2527
0.2165
0.4756
0.1
0.0693
0.2561
0.4189
0.2366
0.5
0.0762
0.1771
0.2738
0.2955
0.2593
0.1087
0.3265
0.4677
0.4247
0.3494
0.2527
0.2235
0.3647
0.3478
0.5652
0.1733
0.2179
0.3605
0.2099
0.2048
0.0617
0.3
0.3333
0.0824
0.2755
0.2857
0.141
0.3611
0.2872
0.2925
0.2222
0.3412
0.3367
0.5694
0.2772
0.1594
0.037
0.443
0.0698
0.1604
0.2987
0.2039
0.4559
0.2667
0.1826
0.2718
0.2041
0.2727
0.411
0.2737
0.2366
0.2024
0.3125
0.2375
0.0366
0.275
0.1154
0.225
0.375
0.2268
0.2523
0.2449
0.2105
0.266
0.1071
0.2895
0.375
0.3061
0.5278
0.2143
0.4267
0.3803
0.3333
0.4754
0.1183
0.4262
0.1019
0.3636
0.2222
0.2597
0.1852
0.3804
0.2738
0.0659
0.2832
0.1408
0.321
0.2875
0.3168
0.2442
0.3902
0.3721
0.2468
0.3214
0.1416
0.4375
0.2308
0.1882
0.2581
0.1585
0.0777
0.3469
0.3293
0.3766
0.4938
0.2614
0.2526
0.3553
0.3425
0.2456
0.3034
0.2857
0.3049
0.0426
0.2095
0.3038
0.0706
0.2222
0.3605
0.2738
0.3333
0.1404
0.3857
0.3333
0.3836
0.2892
0.3585
0.2366
0.3182
0.3538
0.3514
0.1413
0.3462
0.2738
0.3696
0.3368
0.3537
0.3077
0.3587
0.2255
0.2239
0.4304
0.5122
0.3553
0.2466
0.0778
0.1558
0.1795
0.1017
0.2619
0.22
0.044
0.3919
0.4459
0.1942
0.2963
0.3059
0.275
0.1019
0.2763
0.2636
0.1837
0.1837
0.3441
0.2911
0.359
0.1979
0.4405
0.3267
0.2841
0.3803
0.4848
0.1468
0.2308
0.7778
0.321
0.3649
0.2745
0.3049
0.3816
0.0571
0.2315
0.4605
0.3372
0.0833
0.1238
0.3294
0.3012
0.2418
0.3333
0.3291
0.129
0.25
0.2235
0.253
0.241
0.3023
0.4118
0.1765
0.2933
0.1961
0.3544
0.4091
0.3733
0.4203
0.1818
0.4366
0.2644
0.2429
0.4
0.3291
0.3636
0.3973
0.2692
0.0349
0.2111
0.2651
0.1494
0.3333
0.3614
0.1892
0.2967
0.3816
0.2759
0.1765
0.2958
0.3553
0.2474
0.3095
0.0941
0.3068
0.4286
0.1739
0.044
0.2574
0.25
0.3976
0.1652
0.0818
0.4521
0.2727
0.2895
0.2273
0.1646
0.2212
0.2959
0.3699
0.2941
0.3333
0.2844
0.3803
0.2198
0.4286
0.3896
0.2247
0.3256
0.2474
0.3117
0.2794
0.297
0.4167
0.0886
0.2841
0.2297
0.4507
0.2135
0.3288
0.3625
0.1828
0.2872
0.4242
0.2586
0.0897
0.2987
0.2812
0.4198
0.3488
0.1047
0.1932
0.459
0.2593
0.2874
0.35
0.2576
0.1795
0.3562
0.1282
0.2396
0.4026
0.3418
0.4471
0.2165
0.2273
0.3733
0.2967
0.2875
0.2639
0.1264
0.6212
0.3049
0.459
0.5517
0.3068
0.1613
0.3797
0.25
0.2286
0.253
0.3429
0.0748
0.2121
0.3462
0.2875
0.3243
0.2771
0.4366
0.5385
0.2921
0.3099
0.1717
0.1154
0.2289
0.3295
0.2838
0.1829
0.3095
0.3699
0.18
0.3288
0.2209
0.3146
0.5147
0.4524
0.177
0.2874
0.3488
0.1972
0.3095
0.0976
0.321
0.2987
0.4026
0.3696
0.1918
0.2564
0.3418
0.0617
0.28
0.1325
0.0854
