x
0.3741
0.3647
0.358
0.3694
0.3567
0.3646
0.374
0.3602
0.3624
0.3591
0.357
0.3817
0.3665
0.3441
0.3568
0.353
0.361
0.3429
0.3684
0.3755
0.3628
0.3799
0.3654
0.3701
0.3431
0.3609
0.3725
0.3701
0.3622
0.3773
0.3718
0.3641
0.3765
0.3793
0.3636
0.3677
0.3805
0.3773
0.3718
0.3611
0.3675
0.3599
0.373
0.3631
0.3667
0.3569
0.3563
0.3611
0.3805
0.3671
0.358
0.3592
0.3612
0.3647
0.3425
0.3617
0.3663
0.3742
0.3696
0.3613
0.363
0.3646
0.3537
0.3646
0.3698
0.3671
0.3641
0.3749
0.3704
0.3667
0.3537
0.3684
0.3816
0.3698
0.3699
0.3501
0.3746
0.3523
0.3744
0.3682
0.3651
0.3774
0.3727
0.3642
0.371
0.3594
0.3674
0.365
0.3366
0.3765
0.3666
0.3606
0.3677
0.3702
0.3743
0.3678
0.3631
0.3707
0.3761
0.3738
0.3632
0.3701
0.3866
0.366
0.369
0.3726
0.3679
0.3712
0.3567
0.3739
0.3744
0.355
0.3711
0.3419
0.3714
0.3764
0.3765
0.3648
0.3475
0.3669
0.3739
0.3684
0.3566
0.3569
0.3643
0.3661
0.3635
0.3611
0.3555
0.3645
0.3701
0.373
0.3817
0.3561
0.3729
0.3634
0.3669
0.3751
0.355
0.3605
0.3726
0.374
0.3507
0.3755
0.3777
0.3695
0.3642
0.3589
0.3676
0.3395
0.359
0.3729
0.3736
0.349
0.3573
0.3733
0.37
0.3507
0.3685
0.3679
0.3411
0.3729
0.3685
0.3673
0.3585
0.3761
0.3573
0.3645
0.3595
0.3718
0.3602
0.3549
0.3578
0.3712
0.3732
0.3723
0.3687
0.3649
0.3696
0.3497
0.3747
0.3612
0.3684
0.3557
0.3677
0.3552
0.354
0.3772
0.3512
0.3582
0.3673
0.3441
0.3683
0.3659
0.3592
0.3697
0.3668
0.3696
0.3616
0.3589
0.3669
0.3564
0.3831
0.3622
0.3501
0.3668
0.3647
0.3846
0.3668
0.3716
0.3603
0.3558
0.3773
0.3312
0.3476
0.3483
0.368
0.3639
0.3823
0.3593
0.364
0.3625
0.3616
0.3546
0.3627
0.3674
0.3498
0.3792
0.3678
0.3732
0.3783
0.3593
0.376
0.3686
0.3548
0.3403
0.3599
0.3822
0.3788
0.3802
0.3728
0.3718
0.3594
0.3763
0.3659
0.3607
0.3628
0.3743
0.3681
0.3853
0.3516
0.375
0.3546
0.3618
0.3714
0.3626
0.3814
0.358
0.3744
0.3846
0.3754
0.3544
0.3812
0.3643
0.3779
0.3459
0.3746
0.3666
0.3786
0.3725
0.3688
0.3581
0.3693
0.3699
0.3821
0.3679
0.3707
0.3659
0.3808
0.3686
0.3767
0.3557
0.3601
0.3473
0.3649
0.3646
0.3573
0.3579
0.3747
0.3752
0.3606
0.3775
0.3391
0.3541
0.3627
0.3726
0.3738
0.3648
0.3682
0.3707
0.3615
0.3793
0.3687
0.3738
0.3618
0.3574
0.3481
0.3764
0.372
0.3595
0.3457
0.3383
0.3617
0.3578
0.3776
0.3711
0.3591
0.3662
0.3679
0.3658
0.3778
0.3701
0.3457
0.363
0.363
0.3507
0.373
0.3591
0.3777
0.3557
0.3859
0.3318
0.3728
0.3582
0.3696
0.3672
0.3787
0.3856
0.3581
0.3704
0.3521
0.3637
0.353
0.3628
0.382
0.3528
0.3702
0.3656
0.3742
0.3777
0.3709
0.3823
0.3857
0.3723
0.3373
0.3543
0.3579
0.3666
0.3784
0.3576
0.3702
0.3707
0.3687
0.3791
0.3689
0.38
0.3723
0.3544
0.3538
0.3684
0.378
0.3808
0.3714
0.3687
0.3676
0.3822
0.3539
0.3801
0.3667
0.3813
0.3642
0.3445
0.365
0.3682
0.3675
0.361
0.3655
0.3625
0.3703
0.3723
0.3747
0.371
0.3568
0.3558
0.3625
0.3477
0.3766
0.3689
0.3706
0.3756
0.3636
0.3541
0.3643
0.3643
0.3681
0.3657
0.3671
0.3633
0.3793
0.3518
0.3761
0.3606
0.3593
0.367
0.3596
0.3678
0.3699
0.3599
0.3667
0.3715
0.3769
0.3603
0.3665
0.3787
0.366
0.3679
0.3515
0.3667
0.3795
0.3665
0.3763
0.342
0.367
0.3604
0.363
0.364
0.3511
0.3458
0.3637
0.3821
0.3623
0.363
0.3646
0.371
0.3606
0.3513
0.3592
0.3653
0.3838
0.3577
0.3149
0.3566
0.371
0.3242
0.3722
0.3722
0.3628
0.3625
0.3625
0.354
0.3666
0.3694
0.3634
0.3484
0.364
0.3836
0.364
0.3658
0.3689
0.3757
0.3673
0.3815
0.3767
0.3533
0.3643
0.3774
0.3668
0.3836
0.3831
0.3731
0.3665
0.3708
0.3806
0.3706
0.3688
0.3499
0.3693
0.3664
0.3561
0.372
0.3846
0.3614
0.358
0.3581
0.3563
0.3695
0.3681
0.3663
0.3672
0.3686
0.3749
0.371
0.3447
0.3723
0.3692
0.3532
0.3499
0.3702
0.3602
0.3601
0.3626
0.3442
0.3664
0.3718
0.3623
0.3571
0.3471
0.3584
0.3761
0.3761
0.3683
0.3735
0.3749
0.3719
0.3669
0.3635
0.3658
0.3608
0.3482
0.3515
0.3626
0.3805
0.3726
0.3698
0.3698
0.374
0.3599
0.368
0.3648
0.3749
0.3515
0.3679
0.379
0.3545
0.3505
0.3522
0.3709
0.3755
0.368
0.3726
0.3737
0.3655
0.379
0.3642
0.3726
0.3619
0.3606
0.3449
0.3817
0.3398
0.3672
0.3259
0.3642
0.3564
0.3813
0.3731
0.3704
0.3718
0.3597
0.3634
0.3599
0.3726
0.3787
0.3672
0.3554
0.361
0.3636
0.361
0.367
0.3716
0.3525
0.3605
0.3712
0.3725
0.3762
0.374
0.3631
0.3645
0.3569
0.3314
0.3635
0.3655
0.3732
0.3799
0.3713
0.3559
0.3779
0.3692
0.3715
0.3687
0.3673
0.3402
0.3753
0.3734
0.357
0.3745
0.3576
0.3603
0.3755
0.3603
0.3688
0.3719
0.3689
0.3783
0.3681
0.3726
0.364
0.3757
0.3643
0.3697
0.3574
0.3718
0.3739
0.3742
0.3776
0.3704
0.3815
0.3651
0.3533
0.3651
0.3822
0.3657
0.367
0.3622
0.3494
0.3642
0.369
0.3621
0.3723
0.3622
0.3547
0.3725
0.3515
0.3564
0.38
0.3758
0.3625
0.3883
0.373
0.3648
0.3666
0.3662
0.3749
0.3629
0.3665
0.3647
0.3558
0.3611
0.3807
0.356
0.3725
0.37
0.361
0.3761
0.3744
0.3606
0.3554
0.3726
0.3749
0.3704
0.3682
0.3394
0.3606
0.3547
0.3677
0.3776
0.3596
0.3601
0.359
0.3698
0.3582
0.3746
0.3807
0.3703
0.3522
0.3712
0.3505
0.3701
0.3549
0.3608
0.3547
0.3595
0.3642
0.3819
0.3712
0.376
0.3771
0.3677
0.3706
0.3711
0.369
0.3507
0.3771
0.3709
0.3582
0.3744
0.3614
0.3618
0.3362
0.3707
0.3657
0.3761
0.3543
0.3661
0.381
0.3751
0.3827
0.3822
0.3662
0.3744
0.3547
0.3685
0.3797
0.3777
0.3753
0.3649
0.3582
0.3795
0.3719
0.3698
0.3737
0.372
0.3537
0.3702
0.3653
0.3734
0.3752
0.3637
0.3594
0.3699
0.3682
0.3752
0.3638
0.3691
0.3749
0.3821
0.3714
0.3652
0.374
0.3587
0.3652
0.3706
0.3757
0.369
0.3624
0.3791
0.3755
0.3588
0.3712
0.3599
0.3562
0.3657
0.3585
0.3742
0.3704
0.3695
0.3634
0.3586
0.3524
0.3706
0.3752
0.3677
0.3715
0.362
0.3563
0.3776
0.3609
0.3799
0.3591
0.3728
0.3501
0.3801
0.3716
0.3647
0.3646
0.3659
0.364
0.364
0.3815
0.3663
0.373
0.3712
0.3646
0.3575
0.3615
0.3676
0.3615
0.3695
0.3656
0.3646
0.3815
0.346
0.381
0.371
0.3787
0.3563
0.3764
0.3724
0.3595
0.3714
0.3688
0.3626
0.3713
0.365
0.3636
0.3633
0.3692
0.3732
0.3662
0.3711
0.3617
0.3597
0.3609
0.378
0.3561
0.35
0.3621
0.3662
0.3485
0.3648
0.3678
0.3563
0.3545
0.3707
0.3638
0.37
0.3836
0.3633
0.3782
0.3708
0.3622
0.3596
0.3642
0.3706
0.3534
0.3664
0.3735
0.3479
0.3505
0.3617
0.3687
0.3683
0.3693
0.3776
0.3336
0.3736
0.3796
0.363
0.3599
0.3765
0.3775
0.357
0.3777
0.3652
0.3548
0.3789
0.3701
0.3484
0.3724
0.3584
0.3487
0.3724
0.3612
0.3687
0.3672
0.3446
0.3804
0.3541
0.3609
0.3661
0.3675
0.3559
0.3647
0.3707
0.3645
0.365
0.3756
0.3537
0.3743
0.3761
0.3577
0.3847
0.3753
0.377
0.3733
0.3639
0.3679
0.3582
0.3599
0.3664
0.3638
0.3783
0.3528
0.3498
0.3716
0.3705
0.3682
0.3636
0.3689
0.3718
0.3702
0.3775
0.3591
0.3617
0.3674
0.3717
0.3709
0.3596
0.3782
0.3764
0.3562
0.3622
0.3752
0.3773
0.3406
0.3705
0.3715
0.3771
0.3796
0.3506
0.3774
0.3702
0.3713
0.3579
0.3792
0.364
0.364
0.3741
0.3597
0.3797
0.3605
0.3632
0.3577
0.349
0.3668
0.3673
0.3795
0.3779
0.3741
0.3531
0.3671
0.3674
0.3549
0.3661
0.3548
0.3653
0.3553
0.3867
0.376
0.367
0.3673
0.3692
0.3551
0.3779
0.3574
0.3653
0.3735
0.3497
0.3668
0.363
0.3821
0.3614
0.3725
0.367
0.3786
0.3588
0.3565
0.3601
0.3558
0.368
0.3729
0.3724
0.3732
0.3492
0.3647
0.3728
0.3587
0.3621
0.3771
0.3656
0.3677
0.3681
0.3735
0.3702
0.3779
0.3643
0.3623
0.3611
0.3653
0.3713
0.378
0.3743
0.3587
0.3737
0.3555
0.3655
0.3855
0.3601
0.3749
0.3593
0.358
0.3835
0.3629
0.3431
0.3634
0.3493
0.3612
0.3525
0.3712
0.3759
0.3676
0.3838
0.3588
0.3696
0.3435
0.3671
0.3756
0.3597
0.3602
0.3795
0.3622
0.3649
0.3903
0.3853
0.372
0.3606
0.3838
0.3803
0.371
0.3698
0.3745
0.36
0.3621
0.3659
0.3621
0.355
0.3566
0.3665
0.3672
0.373
0.3733
0.3603
0.3575
0.3723
0.3496
0.3614
0.3705
0.383
0.3746
0.369
0.365
0.3566
0.3503
0.3716
0.365
0.3625
0.3738
0.3788
0.3639
0.3682
0.3634
0.3687
0.3843
0.3725
0.3672
0.3472
0.3744
0.3504
0.3789
0.3752
0.377
0.379
0.3743
0.3659
0.3752
0.3812
0.3675
0.372
0.3365
0.3655
0.3734
0.3623
0.3711
0.375
0.378
0.3669
0.3673
0.3658
0.3748
0.3728
0.3689
0.3774
0.3821
0.3684
0.3835
0.3719
0.3743
0.3715
0.3613
0.3759
0.3793
0.3429
0.3728
0.3446
0.3656
0.3779
0.3792
0.3649
0.3474
0.3665
0.3791
0.3708
0.3681
0.3569
0.3625
0.37
0.3559
0.3713
0.3748
0.3707
0.3674
0.3868
0.3749
0.3586
0.3721
0.3683
0.3664
0.3822
0.3532
0.3751
0.3736
0.3751
0.3497
0.3717
0.3777
0.3638
0.365
0.3633
0.3829
0.3365
0.3533
0.38
0.3505
0.3442
0.3556
0.3763
0.3708
0.3522
0.3701
0.3702
0.3394
0.3722
0.3716
0.3841
0.3536
0.3798
0.3712
0.3716
0.3642
0.3713
0.3551
0.3575
0.3527
0.3687
0.3738
0.3831
0.3667
0.3649
0.3661
0.3497
0.376
0.356
0.3641
0.3602
0.3588
0.354
0.358
0.3813
0.366
0.3632
0.3686
0.3494
0.3693
0.3655
0.3647
0.3721
0.3686
0.3687
0.3621
0.3663
0.3678
0.3548
0.3801
0.3715
0.3522
0.3721
0.3632
0.388
0.3654
0.3732
0.3631
0.3566
0.385
0.3514
0.3478
0.3485
0.3699
0.358
0.3854
0.3623
0.3662
0.3609
0.3621
0.3545
0.3657
0.3643
0.3525
0.3836
0.3634
0.3775
0.3874
0.3625
0.3771
0.37
0.3582
0.3427
0.3611
0.3882
0.3613
0.3769
0.3753
0.3697
0.3605
0.3755
0.3713
0.3639
0.3614
0.3713
0.374
0.3839
0.3518
0.3759
0.3615
0.3623
0.3688
0.3654
0.3837
0.3633
0.3707
0.38
0.3803
0.3597
0.3709
0.3687
0.3797
0.3418
0.3765
0.3688
0.379
0.3753
0.3699
0.3573
0.368
0.3636
0.3828
0.3684
0.3732
0.3663
0.386
0.3641
0.3792
0.3502
0.3596
0.3482
0.3659
0.3628
0.3594
0.3557
0.3749
0.3733
0.3658
0.3756
0.3554
0.3542
0.366
0.3714
0.3788
0.3632
0.3823
0.3775
0.3703
0.3826
0.3658
0.3796
0.3587
0.3601
0.3503
0.3818
0.3677
0.3625
0.3364
0.3406
0.3639
0.3552
0.3771
0.3762
0.3668
0.3727
0.3728
0.37
0.3804
0.3764
0.3405
0.3663
0.3624
0.3518
0.3731
0.3564
0.3789
0.3554
0.3875
0.3378
0.378
0.3578
0.3736
0.3689
0.3836
0.3875
0.3635
0.3714
0.3579
0.3683
0.3546
0.3744
0.3857
0.3624
0.3806
0.3618
0.3736
0.3818
0.3703
0.3774
0.3868
0.3734
0.3412
0.3548
0.3557
0.3668
0.3744
0.3572
0.3716
0.3696
0.3568
0.3859
0.3732
0.3858
0.3809
0.3554
0.3617
0.3672
0.3784
0.3772
0.3673
0.3728
0.3674
0.3797
0.3601
0.3779
0.3624
0.3794
0.3627
0.3483
0.3734
0.3638
0.3606
0.3645
0.365
0.358
0.3776
0.3765
0.3773
0.3732
0.3702
0.3667
0.3681
0.3432
0.3806
0.3685
0.3803
0.3773
0.3615
0.3581
0.3724
0.3642
0.3723
0.3737
0.3734
0.3685
0.3785
0.3596
0.3776
0.3617
0.3679
0.373
0.3686
0.3751
0.3729
0.3608
0.3755
0.3727
0.3853
0.3632
0.3679
0.3776
0.369
0.3708
0.355
0.3764
0.3755
0.3668
0.3774
0.3451
0.3677
0.3553
0.3623
0.3681
0.3557
0.3518
0.3631
0.3777
0.3667
0.3578
0.3648
0.3748
0.3649
0.344
0.367
0.363
0.3835
0.3575
0.316
0.3697
0.3846
0.3284
0.3627
0.375
0.3645
0.3581
0.3747
0.3525
0.3739
0.3712
0.3581
0.344
0.3644
0.3781
0.3648
0.3828
0.3851
0.3751
0.3672
0.3804
0.3778
0.3529
0.3699
0.3741
0.3793
0.3913
0.3817
0.372
0.3649
0.3711
0.3811
0.371
0.3733
0.3509
0.3682
0.3743
0.3541
0.3699
0.3898
0.3531
0.3584
0.3619
0.3519
0.3641
0.3651
0.3661
0.3659
0.3703
0.3776
0.3697
0.3537
0.3778
0.3692
0.363
0.3451
0.3766
0.3675
0.3736
0.3664
0.3495
0.3658
0.3715
0.3667
0.3676
0.35
0.3678
0.379
0.3707
0.3693
0.3725
0.38
0.3715
0.3688
0.3626
0.3666
0.3652
0.3576
0.3496
0.3666
0.3839
0.3678
0.3694
0.374
0.3785
0.3549
0.367
0.3681
0.3825
0.3485
0.3687
0.3834
0.3635
0.3476
0.3494
0.3707
0.3776
0.3711
0.3785
0.3669
0.3669
0.3806
0.3702
0.3731
0.3682
0.3598
0.3373
0.3883
0.3443
0.3651
0.3607
0.3689
0.3562
0.3754
0.3775
0.3732
0.3654
0.3647
0.3699
0.3614
0.3703
0.374
0.3659
0.3508
0.3662
0.3624
0.3613
0.3738
0.3739
0.3539
0.3664
0.3728
0.3721
0.3844
0.3696
0.3616
0.3667
0.3594
0.332
0.361
0.3614
0.3701
0.3779
0.3771
0.3585
0.3805
0.3689
0.3728
0.3701
0.367
0.3446
0.3784
0.3771
0.3596
0.3746
0.3624
0.3777
0.369
0.3593
0.3773
0.377
0.3746
0.3779
0.3682
0.375
0.3613
0.3778
0.367
0.37
0.3583
0.3807
0.3745
0.3756
0.3817
0.3725
0.3827
0.3679
0.3555
0.3708
0.3842
0.3691
0.3641
0.3642
0.3474
0.3743
0.3719
0.3636
0.3782
0.3552
0.3564
0.3733
0.3536
0.3598
0.3814
0.3756
0.3684
0.3824
0.3752
0.37
0.3725
0.3659
0.3728
0.3687
0.3722
0.3645
0.3607
0.3561
0.3818
0.3695
0.3685
0.3743
0.3648
0.372
0.3797
0.3609
0.3634
0.3787
0.3807
0.3656
0.3733
0.339
0.35
0.3661
0.3684
0.3818
0.3609
0.3562
0.3556
0.3693
0.3651
0.3788
0.384
0.3747
0.3497
0.3814
0.3557
0.3687
0.3518
0.3728
0.3601
0.3702
0.3601
0.3845
0.3705
0.3811
0.3826
0.371
0.3743
0.374
0.3671
0.359
0.3758
0.3747
0.3591
0.378
0.3675
0.3633
0.3499
0.372
0.3682
0.3804
0.3663
0.3625
0.3799
0.3801
0.3879
0.381
0.3596
0.383
0.3742
0.3699
0.3803
0.364
0.3758
0.3732
0.3589
0.3739
0.3745
0.3759
0.3704
0.3746
0.3552
0.37
0.3665
0.3681
0.3661
0.3685
0.368
0.3693
0.3754
0.3983
0.368
0.3657
0.3696
0.3823
0.3701
0.3722
0.3762
0.3607
0.3607
0.3834
0.3788
0.3726
0.3677
0.3853
0.3759
0.3641
0.3776
0.3591
0.3539
0.3752
0.3544
0.3751
0.375
0.3725
0.364
0.3539
0.3712
0.3655
0.3744
0.3763
0.3753
0.3683
0.3495
0.3789
0.356
0.3816
0.3584
0.3697
0.3496
0.3863
0.3668
0.3706
0.3659
0.3714
0.3643
0.3682
0.3811
0.3748
0.3776
0.376
0.3488
0.3575
0.3701
0.3728
0.3536
0.3677
0.3512
0.3634
0.3809
0.3446
0.3789
0.3644
0.3812
0.3536
0.3739
0.376
0.3583
0.376
0.3758
0.3649
0.3699
0.3663
0.3666
0.3676
0.3828
0.377
0.3696
0.3666
0.3578
0.3614
0.3679
0.3762
0.3551
0.3454
0.3641
0.3702
0.3547
0.381
0.3677
0.3624
0.3564
0.3732
0.364
0.38
0.3834
0.3615
0.3784
0.3711
0.3674
0.3596
0.3654
0.3709
0.3494
0.3648
0.3753
0.3523
0.3482
0.3621
0.3701
0.3742
0.3739
0.3767
0.3351
0.3713
0.3807
0.3725
0.3616
0.3761
0.3796
0.3579
0.376
0.3556
0.3562
0.3811
0.3768
0.3528
0.3705
0.3589
0.3487
0.3786
0.3627
0.3652
0.3647
0.3372
0.3791
0.3633
0.3659
0.3804
0.3626
0.3648
0.3687
0.3648
0.3714
0.3755
0.3798
0.3532
0.3658
0.3766
0.3599
0.3847
0.3803
0.3851
0.3776
0.3708
0.3672
0.3519
0.3676
0.3695
0.3667
0.3765
0.355
0.3605
0.3717
0.376
0.3675
0.3637
0.3759
0.3737
0.3774
0.3694
0.3626
0.3632
0.3724
0.3662
0.3738
0.3674
0.3825
0.3811
0.3719
0.359
0.3775
0.3819
0.3517
0.3714
0.3839
0.3787
0.3793
0.3534
0.3816
0.3711
0.3746
0.3639
0.3795
0.3632
0.3661
0.378
0.3563
0.3715
0.362
0.3655
0.3556
0.3608
0.3664
0.3699
0.3891
0.3804
0.3757
0.3576
0.3644
0.363
0.3535
0.3611
0.3676
0.372
0.3596
0.389
0.3783
0.3769
0.3655
0.37
0.3587
0.3811
0.3592
0.3732
0.3776
0.3537
0.3734
0.3662
0.3784
0.3656
0.3796
0.3655
0.3798
0.3626
0.3584
0.3641
0.3578
0.362
0.3731
0.3727
0.3726
0.3518
0.3617
0.3774
0.3663
0.3778
0.3743
0.3724
0.3716
0.3773
0.3746
0.3778
0.3833
0.3573
0.3723
0.3593
0.3603
0.3741
0.3914
0.3989
0.3747
0.3727
0.3683
0.3918
0.3995
0.3734
0.3862
0.3653
0.3794
0.3914
0.3793
0.3773
0.3678
0.3512
0.3632
0.3556
0.369
0.3763
0.3931
0.3841
0.3622
0.3712
0.3433
0.399
0.3792
0.3733
0.3745
0.3808
0.3965
0.3593
0.3813
0.3874
0.3754
0.3739
0.3958
0.3831
0.3971
0.3733
0.3677
0.3614
0.363
0.3813
0.3656
0.3861
0.3682
0.3654
0.381
0.3883
0.3763
0.3608
0.3618
0.3672
0.389
0.3568
0.3873
0.3864
0.3948
0.3884
0.3739
0.3861
0.3947
0.3815
0.3778
0.3979
0.3718
0.3799
0.3718
0.3684
0.3622
0.3814
0.3802
0.3856
0.3762
0.3589
0.3734
0.3541
0.3752
0.3723
0.3749
0.3812
0.3859
0.3739
0.368
0.3764
0.3707
0.3789
0.3407
0.3989
0.3727
0.3971
0.3685
0.3764
0.3864
0.3689
0.3595
0.3944
0.3785
0.3812
0.3975
0.3729
0.3861
0.3962
0.3772
0.3741
0.378
0.3747
0.3799
0.3773
0.3755
0.3577
0.3735
0.3495
0.3727
0.3963
0.3787
0.3759
0.3534
0.3734
0.3844
0.3995
0.3617
0.3977
0.3617
0.3771
0.3598
0.3722
0.3893
0.3638
0.3782
0.3859
0.3977
0.3569
0.377
0.3656
0.3752
0.375
0.3947
0.3712
0.3906
0.3829
0.3873
0.378
0.375
0.3669
0.399
0.3567
0.3833
0.3544
0.3703
0.3958
0.349
0.352
0.3729
0.3969
0.3697
0.3475
0.3699
0.3709
0.3642
0.3772
0.3908
0.383
0.3953
0.3721
0.3548
0.3842
0.3723
0.3796
0.3711
0.3586
0.3781
0.3984
0.382
0.3789
0.371
0.3733
0.3698
0.3595
0.3927
0.3622
0.3703
0.3605
0.3615
0.3534
0.3549
0.3855
0.3688
0.3692
0.3729
0.3509
0.3743
0.3668
0.3654
0.3738
0.3815
0.3979
0.3634
0.3767
0.3667
0.3729
0.3831
0.3778
0.3502
0.3769
0.3653
0.3943
0.362
0.3933
0.3619
0.3688
0.3802
0.3512
0.3878
0.3613
0.375
0.369
0.3859
0.3621
0.3745
0.3935
0.3666
0.3938
0.3862
0.3767
0.3575
0.3848
0.368
0.4
0.3857
0.3616
0.3781
0.3752
0.3633
0.342
0.3771
0.3886
0.3785
0.3826
0.3728
0.3764
0.3741
0.3837
0.3681
0.3668
0.3826
0.3917
0.3842
0.3916
0.3683
0.3707
0.3987
0.3973
0.3799
0.367
0.3851
0.3632
0.3971
0.3863
0.3888
0.3568
0.3739
0.3679
0.379
0.3839
0.3776
0.3733
0.379
0.3743
0.3649
0.3888
0.3728
0.369
0.3829
0.3749
0.3832
0.3721
0.3964
0.3938
0.3786
0.3882
0.3967
0.3687
0.3654
0.3683
0.3663
0.3591
0.3809
0.3861
0.3608
0.3745
0.3624
0.3636
0.3843
0.3786
0.3791
0.3629
0.3719
0.3736
0.3707
0.38
0.3701
0.3815
0.3565
0.3815
0.3521
0.3954
0.3773
0.3611
0.3425
0.3972
0.3693
0.3828
0.3773
0.3943
0.383
0.4
0.3876
0.3691
0.393
0.3989
0.3427
0.3852
0.3624
0.3555
0.3915
0.3741
0.3862
0.3646
0.3905
0.3337
0.3887
0.3568
0.369
0.3856
0.3915
0.386
0.366
0.3814
0.3579
0.3811
0.3801
0.3761
0.3815
0.3658
0.3952
0.3669
0.3711
0.3773
0.3784
0.3952
0.3822
0.3727
0.3977
0.3964
0.3724
0.367
0.3784
0.3819
0.3743
0.3708
0.3664
0.3854
0.3942
0.3854
0.3767
0.3602
0.3898
0.3743
0.3779
0.388
0.3845
0.3768
0.3763
0.3974
0.3594
0.3799
0.3976
0.3803
0.3628
0.3417
0.3649
0.3906
0.3802
0.3723
0.3613
0.3822
0.3867
0.3739
0.3777
0.3829
0.3586
0.3622
0.3715
0.3668
0.3802
0.3745
0.3791
0.378
0.383
0.357
0.3644
0.3729
0.3661
0.3763
0.3719
0.3868
0.3816
0.3593
0.3788
0.3965
0.3663
0.3796
0.3636
0.3978
0.3701
0.3865
0.3766
0.3706
0.3885
0.3656
0.3682
0.3786
0.3821
0.3648
0.3985
0.3726
0.3839
0.3755
0.3758
0.333
0.3672
0.3627
0.3737
0.3694
0.3837
0.3707
0.3657
0.3983
0.3803
0.3715
0.3915
0.3756
0.3642
0.3886
0.3659
0.3627
0.3827
0.3683
0.3603
0.367
0.3989
0.3245
0.375
0.3702
0.3662
0.3506
0.3691
0.3983
0.3737
0.3787
0.3561
0.3842
0.3658
0.3821
0.3651
0.3829
0.3812
0.3789
0.3661
0.3821
0.3748
0.3626
0.3738
0.376
0.3778
0.392
0.383
0.3773
0.3906
0.3734
0.3981
0.3705
0.3866
0.3711
0.3833
0.3742
0.38
0.3684
0.3844
0.3615
0.3643
0.381
0.3517
0.3688
0.3837
0.3662
0.3842
0.3716
0.3914
0.3788
0.3548
0.3881
0.3881
0.386
0.3558
0.3783
0.3603
0.3771
0.3857
0.3527
0.3869
0.3768
0.3762
0.3716
0.3749
0.3975
0.3792
0.3749
0.3657
0.3729
0.3857
0.3717
0.3701
0.3714
0.3643
0.3687
0.3547
0.3755
0.3832
0.3891
0.3723
0.3743
0.3732
0.3813
0.3625
0.3822
0.3846
0.3745
0.3526
0.3685
0.377
0.3859
0.3483
0.3822
0.3891
0.3888
0.3733
0.3797
0.3662
0.3771
0.3832
0.3819
0.3796
0.3667
0.398
0.3449
0.3913
0.3361
0.367
0.3421
0.3649
0.3558
0.3893
0.3838
0.375
0.3696
0.3667
0.3836
0.3635
0.3861
0.3927
0.3705
0.3558
0.3757
0.3911
0.3582
0.3776
0.3874
0.3826
0.3665
0.3978
0.3862
0.3839
0.3844
0.3621
0.372
0.3603
0.3442
0.3637
0.3987
0.372
0.3955
0.3787
0.3881
0.3859
0.377
0.3746
0.3745
0.3806
0.3727
0.3822
0.3913
0.3579
0.3794
0.3637
0.3656
0.3723
0.3583
0.3898
0.3778
0.382
0.3728
0.3732
0.3812
0.3618
0.385
0.3663
0.3815
0.3563
0.3753
0.37
0.3971
0.3871
0.3783
0.387
0.3684
0.3652
0.3965
0.385
0.3707
0.3649
0.3643
0.3934
0.3802
0.3789
0.3699
0.3769
0.3584
0.359
0.3731
0.3974
0.3611
0.384
0.376
0.371
0.3832
0.3742
0.3641
0.3719
0.37
0.3661
0.371
0.3743
0.3597
0.3563
0.3602
0.3841
0.3994
0.3739
0.3767
0.3944
0.3795
0.3809
0.3954
0.3602
0.3942
0.3791
0.399
0.3765
0.3485
0.3675
0.3663
0.3674
0.3969
0.3915
0.3991
0.3724
0.3752
0.3612
0.3909
0.3821
0.3724
0.3639
0.3801
0.3784
0.373
0.3981
0.3823
0.3714
0.3931
0.3644
0.3825
0.3696
0.3782
0.3909
0.3796
0.3955
0.3718
0.3874
0.3773
0.3796
0.3738
0.3644
0.3767
0.3675
0.3609
0.3695
0.3789
0.3868
0.3885
0.3917
0.3679
0.3789
0.3979
0.3822
0.3755
0.3971
0.3887
0.3763
0.3691
0.387
0.3898
0.3783
0.3844
0.3842
0.3742
0.3989
0.3879
0.3991
0.396
0.3557
0.3714
0.3783
0.3984
0.3742
0.3836
0.3623
0.3784
0.3736
0.3983
0.3673
0.378
0.3859
0.3815
0.3757
0.3942
0.3797
0.3634
0.3689
0.3797
0.3935
0.3855
0.3985
0.3821
0.3857
0.3603
0.3983
0.3709
0.3542
0.4
0.397
0.3752
0.3745
0.3943
0.3991
0.3569
0.3543
0.3698
0.376
0.3739
0.3771
0.3811
0.3689
0.374
0.3572
0.3832
0.3654
0.3916
0.3779
0.3818
0.3893
0.3646
0.388
0.388
0.3717
0.3679
0.3831
0.3745
0.3806
0.3824
0.3779
0.3599
0.3654
0.3869
0.3876
0.3607
0.3609
0.365
0.3815
0.342
0.39
0.3767
0.3795
0.3587
0.3869
0.3862
0.3796
0.3891
0.3704
0.3608
0.371
0.3666
0.3909
0.3767
0.3902
0.3905
0.3781
0.3802
0.3877
0.4
0.3579
0.3782
0.3528
0.3506
0.3595
0.3709
0.353
0.388
0.3708
0.3606
0.3493
0.3693
0.3638
0.3785
0.3867
0.3897
0.3787
0.392
0.3655
0.363
0.3663
0.3728
0.3688
0.3665
0.3811
0.3538
0.3926
0.3664
0.3679
0.3823
0.3773
0.3768
0.3326
0.3772
0.3851
0.3701
0.3614
0.3786
0.3815
0.3975
0.3808
0.3629
0.3623
0.3831
0.378
0.3925
0.3731
0.3658
0.3513
0.374
0.3648
0.3662
0.367
0.3791
0.3891
0.3815
0.3677
0.3813
0.3652
0.4
0.3975
0.372
0.3696
0.3766
0.3791
0.3768
0.3762
0.3807
0.3618
0.3984
0.3967
0.3801
0.3823
0.3642
0.3602
0.3679
0.3673
0.3915
0.392
0.3899
0.3885
0.3509
0.3723
0.3846
0.3981
0.3642
0.3772
0.3729
0.3812
0.3724
0.3683
0.3686
0.3701
0.3814
0.3974
0.3637
0.3943
0.3824
0.3649
0.3735
0.395
0.3823
0.3505
0.3703
0.3843
0.3747
0.3896
0.3521
0.3807
0.3833
0.3734
0.3973
0.3847
0.3633
0.3646
0.3732
0.3869
0.3976
0.3608
0.3722
0.3577
0.3659
0.3694
0.3845
0.3818
0.3812
0.3805
0.3598
0.3851
0.3784
0.3718
0.3663
0.3914
0.3795
0.3576
0.3903
0.3782
0.3775
0.3639
0.3958
0.3577
0.3786
0.3701
0.3679
0.3744
0.3484
0.3907
0.3849
0.3837
0.3639
0.3805
0.369
0.3821
0.3748
0.354
0.3622
0.3632
0.3662
0.3944
0.3761
0.3909
0.3535
0.3894
0.3782
0.3603
0.3782
0.3903
0.3881
0.3784
0.3799
0.4
0.3734
0.3968
0.3995
0.3667
0.3716
0.3672
0.3729
NA
NA
NA
NA
NA
NA
NA
NA
NA
NA
NA
NA
NA
NA
NA
NA
NA
NA
NA
NA
NA
NA
NA
NA
NA
NA
NA
NA
NA
NA
NA
NA
NA
NA
NA
NA
NA
NA
NA
NA
NA
NA
NA
NA
NA
NA
NA
NA
NA
NA
NA
NA
NA
NA
NA
NA
NA
NA
NA
NA
NA
NA
NA
NA
NA
NA
NA
NA
NA
NA
NA
NA
NA
NA
NA
NA
NA
NA
NA
NA
NA
NA
NA
NA
NA
NA
NA
NA
NA
NA
NA
NA
NA
NA
NA
NA
NA
NA
NA
NA
NA
NA
NA
NA
NA
NA
NA
NA
NA
NA
NA
NA
NA
NA
NA
NA
NA
NA
NA
NA
NA
NA
NA
NA
NA
NA
NA
NA
NA
NA
NA
NA
NA
NA
NA
NA
NA
NA
NA
NA
NA
NA
NA
NA
NA
NA
NA
NA
NA
NA
NA
NA
NA
NA
NA
NA
NA
NA
NA
NA
NA
NA
NA
NA
NA
NA
NA
NA
NA
NA
NA
NA
NA
NA
NA
NA
NA
NA
NA
NA
NA
NA
NA
NA
NA
NA
NA
NA
NA
NA
NA
NA
NA
NA
NA
NA
NA
NA
NA
NA
NA
NA
NA
NA
NA
NA
NA
NA
NA
NA
NA
NA
NA
NA
NA
NA
NA
NA
NA
NA
NA
NA
NA
NA
NA
NA
NA
NA
NA
NA
NA
NA
NA
NA
NA
NA
NA
NA
NA
NA
NA
NA
NA
NA
NA
NA
NA
NA
NA
NA
NA
NA
NA
NA
NA
NA
NA
NA
NA
NA
NA
NA
NA
NA
NA
NA
NA
NA
NA
NA
NA
NA
NA
NA
NA
NA
NA
NA
NA
NA
NA
NA
NA
NA
NA
NA
NA
NA
NA
NA
NA
NA
NA
NA
NA
NA
NA
NA
NA
NA
NA
NA
NA
NA
NA
NA
NA
NA
NA
NA
NA
NA
NA
NA
NA
NA
NA
NA
NA
NA
NA
NA
NA
NA
NA
NA
NA
NA
NA
NA
NA
NA
NA
NA
NA
NA
NA
NA
NA
NA
NA
NA
NA
NA
NA
NA
NA
NA
NA
NA
NA
NA
NA
NA
NA
NA
NA
NA
NA
NA
NA
NA
NA
NA
NA
NA
NA
NA
NA
NA
NA
NA
NA
NA
NA
NA
NA
NA
NA
NA
NA
NA
NA
NA
NA
NA
NA
NA
NA
NA
NA
NA
NA
NA
NA
NA
NA
NA
NA
NA
NA
NA
NA
NA
NA
NA
NA
NA
NA
NA
NA
NA
NA
NA
NA
NA
NA
NA
NA
NA
NA
NA
NA
NA
NA
NA
NA
NA
NA
NA
NA
NA
NA
NA
NA
NA
NA
NA
NA
NA
NA
NA
NA
NA
NA
NA
NA
NA
NA
NA
NA
NA
NA
NA
NA
NA
NA
NA
NA
NA
NA
NA
NA
NA
NA
NA
NA
NA
NA
NA
NA
NA
NA
NA
NA
NA
NA
NA
NA
NA
NA
NA
NA
NA
NA
NA
NA
NA
NA
NA
NA
NA
NA
NA
NA
NA
NA
NA
NA
NA
NA
NA
NA
NA
NA
NA
NA
NA
NA
NA
NA
NA
NA
NA
NA
NA
NA
NA
NA
NA
NA
NA
NA
NA
NA
NA
NA
NA
NA
NA
NA
NA
NA
NA
NA
NA
NA
NA
NA
NA
NA
NA
NA
NA
NA
NA
NA
NA
NA
NA
NA
NA
NA
NA
NA
NA
NA
NA
NA
NA
NA
NA
NA
NA
NA
NA
NA
NA
NA
NA
NA
NA
NA
NA
NA
NA
NA
NA
NA
NA
NA
NA
NA
NA
NA
NA
NA
NA
NA
NA
NA
NA
NA
NA
NA
NA
NA
NA
NA
NA
NA
NA
NA
NA
NA
NA
NA
NA
NA
NA
NA
NA
NA
NA
NA
NA
NA
NA
NA
NA
NA
NA
NA
NA
NA
NA
NA
NA
NA
NA
NA
NA
NA
NA
NA
NA
NA
NA
NA
NA
NA
NA
NA
NA
NA
NA
NA
NA
NA
NA
NA
NA
NA
NA
NA
NA
NA
NA
NA
NA
NA
NA
NA
NA
NA
NA
NA
NA
NA
NA
NA
NA
NA
NA
NA
NA
NA
NA
NA
NA
NA
NA
NA
NA
NA
NA
NA
NA
NA
NA
NA
NA
NA
NA
NA
NA
NA
NA
NA
NA
NA
NA
NA
NA
NA
NA
NA
NA
NA
NA
NA
NA
NA
NA
NA
NA
NA
NA
NA
NA
NA
NA
NA
NA
NA
NA
NA
NA
NA
NA
NA
NA
NA
NA
NA
NA
NA
NA
NA
NA
NA
NA
NA
NA
NA
NA
NA
NA
NA
NA
NA
NA
NA
NA
NA
NA
NA
NA
NA
NA
NA
NA
NA
NA
NA
NA
NA
NA
NA
NA
NA
NA
NA
NA
NA
NA
NA
NA
NA
NA
NA
NA
NA
NA
NA
NA
NA
NA
NA
NA
NA
NA
NA
NA
NA
NA
NA
NA
NA
NA
NA
NA
NA
NA
NA
NA
NA
NA
NA
NA
NA
NA
NA
NA
NA
NA
NA
NA
NA
NA
NA
NA
NA
NA
NA
NA
NA
NA
NA
NA
NA
NA
NA
NA
NA
NA
NA
NA
NA
NA
NA
NA
NA
NA
NA
NA
NA
NA
NA
NA
NA
NA
NA
NA
NA
NA
NA
NA
NA
NA
NA
NA
NA
NA
NA
NA
NA
NA
NA
NA
NA
NA
NA
NA
NA
NA
NA
NA
NA
NA
NA
NA
NA
NA
NA
NA
NA
NA
NA
NA
NA
NA
NA
NA
NA
NA
NA
NA
NA
NA
NA
NA
NA
NA
NA
NA
NA
NA
NA
NA
NA
NA
NA
NA
NA
NA
NA
NA
NA
NA
NA
NA
NA
NA
NA
NA
NA
NA
NA
NA
NA
NA
NA
NA
NA
NA
NA
NA
NA
NA
NA
NA
NA
NA
NA
NA
NA
NA
NA
NA
NA
NA
NA
NA
NA
NA
NA
NA
NA
NA
NA
NA
NA
NA
NA
NA
NA
NA
NA
NA
NA
NA
NA
NA
NA
NA
NA
NA
NA
NA
NA
NA
NA
NA
NA
NA
NA
NA
NA
NA
NA
NA
NA
NA
NA
NA
NA
NA
NA
NA
NA
NA
NA
NA
NA
NA
NA
NA
NA
NA
NA
NA
NA
NA
NA
NA
NA
NA
NA
NA
NA
NA
NA
NA
NA
NA
NA
NA
NA
NA
NA
NA
NA
NA
NA
NA
NA
NA
NA
NA
NA
NA
NA
NA
NA
NA
NA
NA
NA
NA
NA
NA
NA
NA
NA
NA
NA
NA
NA
NA
NA
NA
NA
NA
NA
NA
NA
NA
NA
NA
NA
NA
NA
NA
NA
NA
NA
NA
NA
NA
NA
NA
NA
NA
NA
NA
NA
NA
NA
NA
NA
NA
NA
NA
NA
NA
NA
NA
NA
NA
NA
NA
NA
NA
NA
NA
NA
NA
NA
NA
NA
NA
NA
NA
NA
NA
NA
NA
NA
NA
NA
NA
NA
NA
NA
NA
NA
NA
NA
NA
NA
NA
NA
NA
NA
NA
NA
NA
NA
NA
NA
NA
NA
NA
NA
NA
NA
NA
NA
NA
NA
NA
NA
NA
NA
NA
NA
NA
NA
NA
NA
NA
NA
NA
NA
NA
NA
NA
NA
NA
NA
NA
NA
NA
NA
NA
NA
NA
NA
NA
NA
NA
NA
NA
NA
NA
NA
NA
NA
NA
NA
NA
NA
NA
NA
NA
NA
NA
NA
NA
NA
NA
NA
NA
NA
NA
NA
NA
NA
NA
NA
NA
NA
NA
NA
NA
NA
NA
NA
NA
NA
NA
NA
NA
NA
NA
NA
NA
NA
NA
NA
NA
NA
NA
NA
NA
NA
NA
NA
NA
NA
NA
NA
NA
NA
NA
NA
NA
NA
NA
NA
NA
NA
NA
NA
NA
NA
NA
NA
NA
NA
NA
NA
NA
NA
NA
NA
NA
NA
NA
NA
NA
NA
NA
NA
NA
NA
NA
NA
NA
NA
NA
NA
NA
NA
NA
NA
NA
NA
NA
NA
NA
NA
NA
NA
NA
NA
NA
NA
NA
NA
NA
NA
NA
NA
NA
NA
NA
NA
NA
NA
NA
NA
NA
NA
NA
NA
NA
NA
NA
NA
NA
NA
NA
NA
NA
NA
NA
NA
NA
NA
NA
NA
NA
NA
NA
NA
NA
NA
NA
NA
NA
NA
NA
NA
NA
NA
NA
NA
NA
NA
NA
NA
NA
NA
NA
NA
NA
NA
NA
NA
NA
NA
NA
NA
NA
NA
NA
NA
NA
NA
NA
NA
NA
NA
NA
NA
NA
NA
NA
NA
NA
NA
NA
NA
NA
NA
NA
NA
NA
NA
NA
NA
NA
NA
NA
NA
NA
NA
NA
NA
NA
NA
NA
NA
NA
NA
NA
NA
NA
NA
NA
NA
NA
NA
NA
NA
NA
NA
NA
NA
NA
NA
NA
NA
NA
NA
NA
NA
NA
NA
NA
NA
NA
NA
NA
NA
NA
NA
NA
NA
NA
NA
NA
NA
NA
NA
NA
NA
NA
NA
NA
NA
NA
NA
NA
NA
NA
NA
NA
NA
NA
NA
NA
NA
NA
NA
NA
NA
NA
NA
NA
NA
NA
NA
NA
NA
NA
NA
NA
NA
NA
NA
NA
NA
NA
NA
NA
NA
NA
NA
NA
NA
NA
NA
NA
NA
NA
NA
NA
NA
NA
NA
NA
NA
NA
NA
NA
NA
NA
NA
NA
NA
NA
NA
NA
NA
NA
NA
NA
NA
NA
NA
NA
NA
NA
NA
NA
NA
NA
NA
NA
NA
NA
NA
NA
NA
NA
NA
NA
NA
NA
NA
NA
NA
NA
NA
NA
NA
NA
NA
NA
NA
NA
NA
NA
NA
NA
NA
NA
NA
NA
NA
NA
NA
NA
NA
NA
NA
NA
NA
NA
NA
NA
NA
NA
NA
NA
NA
NA
NA
NA
NA
NA
NA
NA
NA
NA
NA
NA
NA
NA
NA
NA
NA
NA
NA
NA
NA
NA
NA
NA
NA
NA
NA
NA
NA
NA
NA
NA
NA
NA
NA
NA
NA
NA
NA
NA
NA
NA
NA
NA
NA
NA
NA
NA
NA
NA
NA
NA
NA
NA
NA
NA
NA
NA
NA
NA
NA
NA
NA
NA
NA
NA
NA
NA
NA
NA
NA
NA
NA
NA
NA
NA
NA
NA
NA
NA
NA
NA
NA
NA
NA
NA
NA
NA
NA
NA
NA
NA
NA
NA
NA
NA
NA
NA
NA
NA
NA
NA
NA
NA
NA
NA
NA
NA
NA
NA
NA
NA
NA
NA
NA
NA
NA
NA
NA
NA
NA
NA
NA
NA
NA
NA
NA
NA
NA
NA
NA
NA
NA
NA
NA
NA
NA
NA
NA
NA
NA
NA
NA
NA
NA
NA
NA
NA
NA
NA
NA
NA
NA
NA
NA
NA
NA
NA
NA
NA
NA
NA
NA
NA
NA
NA
NA
NA
NA
NA
NA
NA
NA
NA
NA
NA
NA
NA
NA
NA
NA
NA
NA
NA
NA
NA
NA
NA
NA
NA
NA
NA
NA
NA
NA
NA
NA
NA
NA
NA
NA
NA
NA
NA
NA
NA
NA
NA
NA
NA
NA
NA
NA
NA
NA
NA
NA
NA
NA
NA
NA
NA
NA
NA
NA
NA
NA
NA
NA
NA
NA
NA
NA
NA
NA
NA
NA
NA
NA
NA
NA
NA
NA
NA
NA
NA
NA
NA
NA
NA
NA
NA
NA
NA
NA
NA
NA
NA
NA
NA
NA
NA
NA
NA
NA
NA
NA
NA
NA
NA
NA
NA
NA
NA
NA
NA
NA
NA
NA
NA
NA
NA
NA
NA
NA
NA
NA
NA
NA
NA
NA
NA
NA
NA
NA
NA
NA
NA
NA
NA
NA
NA
NA
NA
NA
NA
NA
NA
NA
NA
NA
NA
NA
NA
NA
NA
NA
NA
NA
NA
NA
NA
NA
NA
NA
NA
NA
NA
NA
NA
NA
NA
NA
NA
NA
NA
NA
NA
NA
NA
NA
NA
NA
NA
NA
NA
NA
NA
NA
NA
NA
NA
NA
NA
NA
NA
NA
NA
NA
NA
NA
NA
NA
NA
NA
NA
NA
NA
NA
NA
NA
NA
NA
NA
NA
NA
NA
NA
NA
NA
NA
NA
NA
NA
NA
NA
NA
NA
NA
NA
NA
NA
NA
NA
NA
NA
NA
NA
NA
NA
NA
NA
NA
NA
NA
NA
NA
NA
NA
NA
NA
NA
NA
NA
NA
NA
NA
NA
NA
NA
NA
NA
NA
NA
NA
NA
NA
NA
NA
NA
NA
NA
NA
NA
NA
NA
NA
NA
NA
NA
NA
NA
NA
NA
NA
NA
NA
NA
NA
NA
NA
NA
NA
NA
NA
NA
NA
NA
NA
NA
NA
NA
NA
NA
NA
NA
NA
NA
NA
NA
NA
NA
NA
NA
NA
NA
NA
NA
NA
NA
NA
NA
NA
NA
NA
NA
NA
NA
NA
NA
NA
NA
NA
NA
NA
NA
NA
NA
NA
NA
NA
NA
NA
NA
NA
NA
NA
NA
NA
NA
NA
NA
NA
NA
NA
NA
NA
NA
NA
NA
NA
NA
NA
NA
NA
NA
NA
NA
NA
NA
NA
NA
NA
NA
NA
NA
NA
NA
NA
NA
NA
NA
NA
NA
NA
NA
NA
NA
NA
NA
NA
NA
NA
NA
NA
NA
NA
NA
NA
NA
NA
NA
NA
NA
NA
NA
NA
NA
NA
NA
NA
NA
NA
NA
NA
NA
NA
NA
NA
NA
NA
NA
NA
NA
NA
NA
NA
NA
NA
NA
NA
NA
NA
NA
NA
NA
NA
NA
NA
NA
NA
NA
NA
NA
NA
NA
NA
NA
NA
NA
NA
NA
NA
NA
NA
NA
NA
NA
NA
NA
NA
NA
NA
NA
NA
NA
NA
NA
NA
NA
NA
NA
NA
NA
NA
NA
NA
NA
NA
NA
NA
NA
NA
NA
NA
NA
NA
NA
NA
NA
NA
NA
NA
NA
NA
NA
NA
NA
NA
NA
NA
NA
NA
NA
NA
NA
NA
NA
NA
NA
NA
NA
NA
NA
NA
NA
NA
NA
NA
NA
NA
NA
NA
NA
NA
NA
NA
NA
NA
NA
NA
NA
NA
NA
NA
NA
NA
NA
NA
NA
NA
NA
NA
NA
NA
NA
NA
NA
NA
NA
NA
NA
NA
NA
NA
NA
NA
NA
NA
NA
NA
NA
NA
NA
NA
NA
NA
NA
NA
NA
NA
NA
NA
NA
NA
NA
NA
NA
NA
NA
NA
NA
NA
NA
NA
NA
NA
NA
NA
NA
NA
NA
NA
NA
NA
NA
NA
NA
NA
NA
NA
NA
NA
NA
NA
NA
NA
NA
NA
NA
NA
NA
NA
NA
NA
NA
NA
NA
NA
NA
NA
NA
NA
NA
NA
NA
NA
NA
NA
NA
NA
NA
NA
NA
NA
NA
NA
NA
NA
NA
NA
NA
NA
NA
NA
NA
NA
NA
NA
NA
NA
NA
NA
NA
NA
NA
NA
NA
NA
NA
NA
NA
NA
NA
NA
NA
NA
NA
NA
NA
NA
NA
NA
NA
NA
NA
NA
NA
NA
NA
NA
NA
NA
NA
NA
NA
NA
NA
NA
NA
NA
NA
NA
NA
NA
NA
NA
NA
NA
NA
NA
NA
NA
NA
NA
NA
NA
NA
NA
NA
NA
NA
NA
NA
NA
NA
NA
NA
NA
NA
NA
NA
NA
NA
NA
NA
NA
NA
NA
NA
NA
NA
NA
NA
NA
NA
NA
NA
NA
NA
NA
NA
NA
NA
NA
NA
NA
NA
NA
NA
NA
NA
NA
NA
NA
NA
NA
NA
NA
NA
NA
NA
NA
NA
NA
NA
NA
NA
NA
NA
NA
NA
NA
NA
NA
NA
NA
NA
NA
NA
NA
NA
NA
NA
NA
NA
NA
NA
NA
NA
NA
NA
NA
NA
NA
NA
NA
NA
NA
NA
NA
NA
NA
NA
NA
NA
NA
NA
NA
NA
NA
NA
NA
NA
NA
NA
NA
NA
NA
NA
NA
NA
NA
NA
NA
NA
NA
NA
NA
NA
NA
NA
NA
NA
NA
NA
NA
NA
NA
NA
NA
NA
NA
NA
NA
NA
NA
NA
NA
NA
NA
NA
NA
NA
NA
NA
NA
NA
NA
NA
NA
NA
NA
NA
NA
NA
NA
NA
NA
NA
NA
NA
NA
NA
NA
NA
NA
NA
NA
NA
NA
NA
NA
NA
NA
NA
NA
NA
NA
NA
NA
NA
NA
NA
NA
NA
NA
NA
NA
NA
NA
NA
NA
NA
NA
NA
NA
NA
NA
NA
NA
NA
NA
NA
NA
NA
NA
NA
NA
NA
NA
NA
NA
NA
NA
NA
NA
NA
NA
NA
NA
NA
NA
NA
NA
NA
NA
NA
NA
NA
NA
NA
NA
NA
NA
NA
NA
NA
NA
NA
NA
NA
NA
NA
NA
NA
NA
NA
NA
NA
NA
NA
NA
NA
NA
NA
NA
NA
NA
NA
NA
NA
NA
NA
NA
NA
NA
NA
NA
NA
NA
NA
NA
NA
NA
NA
NA
NA
NA
NA
NA
NA
NA
NA
NA
NA
NA
NA
NA
NA
NA
NA
NA
NA
NA
NA
NA
NA
NA
NA
NA
NA
NA
NA
NA
NA
NA
NA
NA
NA
NA
NA
NA
NA
NA
NA
NA
NA
NA
NA
NA
NA
NA
NA
NA
NA
NA
NA
NA
NA
NA
NA
NA
NA
NA
NA
NA
NA
NA
NA
NA
NA
NA
NA
NA
NA
NA
NA
NA
NA
NA
NA
NA
NA
NA
NA
NA
NA
NA
NA
NA
NA
NA
NA
NA
NA
NA
NA
NA
NA
NA
NA
NA
NA
NA
NA
NA
NA
NA
NA
NA
NA
NA
NA
NA
NA
NA
NA
NA
NA
NA
NA
NA
NA
NA
NA
NA
NA
NA
NA
NA
NA
NA
NA
NA
NA
NA
NA
NA
NA
NA
NA
NA
NA
NA
NA
NA
NA
NA
NA
NA
NA
NA
NA
NA
NA
NA
NA
NA
NA
NA
NA
NA
NA
NA
NA
NA
NA
NA
NA
NA
NA
NA
NA
NA
NA
NA
NA
NA
NA
NA
NA
NA
NA
NA
NA
NA
NA
NA
NA
NA
NA
NA
NA
NA
NA
NA
NA
NA
NA
NA
NA
NA
NA
NA
NA
NA
NA
NA
NA
NA
NA
NA
NA
NA
NA
NA
NA
NA
NA
NA
NA
NA
NA
NA
NA
NA
NA
NA
NA
NA
NA
NA
NA
NA
NA
NA
NA
NA
NA
NA
NA
NA
NA
NA
NA
NA
NA
NA
NA
NA
NA
NA
NA
NA
NA
NA
NA
NA
NA
NA
NA
NA
NA
NA
NA
NA
NA
NA
NA
NA
NA
NA
NA
NA
NA
NA
NA
NA
NA
NA
NA
0.254
0.3514
0.4595
0.2432
0.3765
0.3377
0.2619
0.3846
0.2907
0.3882
0.2727
0.1776
0.3294
0.4944
0.4935
0.4756
0.3291
0.5455
0.2469
0.2778
0.3247
0.2157
0.4583
0.2817
0.5152
0.3125
0.2716
0.314
0.2913
0.1905
0.2651
0.4884
0.3068
0.2099
0.2917
0.2838
0.1584
0.2027
0.2727
0.3953
0.4
0.3649
0.3684
0.3125
0.4225
0.407
0.4714
0.4186
0.2283
0.2929
0.337
0.3971
0.3151
0.3103
0.5
0.2973
0.369
0.297
0.2754
0.2976
0.4127
0.3867
0.4189
0.3457
0.3125
0.2755
0.3293
0.2086
0.3111
0.3043
0.4219
0.3133
0.1977
0.25
0.2464
0.4265
0.2188
0.3846
0.2525
0.2785
0.28
0.2022
0.3077
0.3684
0.2941
0.3889
0.2527
0.413
0.6098
0.3462
0.3538
0.4167
0.3151
0.2718
0.2951
0.2396
0.55
0.25
0.3115
0.2615
0.3205
0.3218
0.1266
0.2872
0.2667
0.2178
0.3605
0.2838
0.2911
0.3067
0.25
0.6111
0.2727
0.5441
0.225
0.2055
0.2025
0.2872
0.4156
0.2963
0.2018
0.2584
0.3488
0.4225
0.3636
0.3267
0.3134
0.2759
0.439
0.2667
0.3971
0.2955
0.1607
0.3906
0.3043
0.3
0.3836
0.1982
0.5167
0.4615
0.2151
0.2405
0.4848
0.2323
0.2346
0.26
0.3295
0.3333
0.3176
0.65
0.3151
0.2963
0.4651
0.4348
0.3671
0.3438
0.2949
0.3837
0.3731
0.3026
0.4528
0.3218
0.3182
0.3421
0.5077
0.2286
0.35
0.2899
0.3731
0.2651
0.3418
0.4103
0.3816
0.2525
0.2077
0.3333
0.2727
0.3176
0.3797
0.5294
0.2927
0.4205
0.4167
0.4167
0.2674
0.3857
0.3933
0.2125
0.5714
0.3924
0.3248
0.4559
0.3077
0.2828
0.4789
0.2527
0.3553
0.2759
0.4444
0.3452
0.2527
0.3659
0.1798
0.3605
0.473
0.3371
0.2708
0.1728
0.2396
0.2561
0.3929
0.3784
0.2336
0.5357
0.5
0.4176
0.301
0.3409
0.1923
0.3623
0.4342
0.3623
0.3375
0.4545
0.3718
0.2763
0.4643
0.2391
0.2911
0.1957
0.1913
0.3902
0.2414
0.284
0.4615
0.5469
0.3409
0.163
0.175
0.2021
0.2391
0.2048
0.3768
0.1977
0.3294
0.4286
0.2766
0.18
0.3385
0.141
0.5
0.3214
0.4032
0.3611
0.3103
0.3133
0.1489
0.3288
0.2857
0.1707
0.2083
0.3214
0.2128
0.3544
0.2525
0.5507
0.2644
0.3205
0.2222
0.2625
0.2766
0.3279
0.2479
0.2892
0.1154
0.325
0.2933
0.3523
0.1782
0.2692
0.2184
0.4062
0.2941
0.5275
0.3205
0.3418
0.4321
0.3676
0.2614
0.2184
0.3372
0.2466
0.5556
0.4133
0.4024
0.25
0.2759
0.3462
0.2551
0.2727
0.3625
0.1818
0.3125
0.2273
0.4194
0.3824
0.5616
0.1828
0.3261
0.3977
0.5125
0.6912
0.36
0.4268
0.2809
0.2529
0.3871
0.3563
0.3256
0.3837
0.2
0.35
0.5469
0.3125
0.3953
0.5205
0.2597
0.3582
0.1778
0.3514
0.1111
0.5921
0.2874
0.31
0.3462
0.3896
0.2022
0.1364
0.4607
0.2621
0.4872
0.3571
0.4096
0.4198
0.1923
0.5412
0.3048
0.3766
0.215
0.1649
0.2727
0.2
0.1786
0.2794
0.6508
0.4507
0.3797
0.2778
0.1818
0.4054
0.2588
0.3288
0.2326
0.1978
0.2258
0.2553
0.2706
0.4545
0.4691
0.3247
0.2024
0.1359
0.284
0.2927
0.2947
0.1597
0.4
0.1786
0.3947
0.1827
0.3623
0.6712
0.4286
0.2987
0.2973
0.3086
0.3382
0.3226
0.2874
0.3095
0.2195
0.236
0.4247
0.4459
0.3537
0.5
0.2529
0.473
0.2474
0.2805
0.4286
0.3684
0.3289
0.3467
0.3143
0.3944
0.3506
0.3692
0.1881
0.4231
0.2222
0.4677
0.3718
0.3544
0.4308
0.2967
0.2556
0.4507
0.3011
0.287
0.2308
0.3494
0.321
0.1685
0.2593
0.35
0.4875
0.3111
0.2
0.3253
0.236
0.625
0.3218
0.3636
0.3636
0.2985
0.4268
0.4386
0.3077
0.1596
0.3239
0.4048
0.3804
0.2889
0.4231
0.4194
0.4167
0.3288
0.2
0.3367
0.8
0.4872
0.4146
0.75
0.2414
0.2857
0.3295
0.3605
0.4
0.3973
0.2809
0.4194
0.3976
0.5
0.3171
0.1446
0.4306
0.411
0.303
0.1522
0.2989
0.1456
0.2375
0.493
0.369
0.2184
0.3596
0.141
0.1667
0.2941
0.3333
0.3049
0.163
0.2209
0.3026
0.4085
0.3247
0.3766
0.4111
0.3125
0.1667
0.3889
0.4024
0.3696
0.4938
0.2568
0.3012
0.2604
0.2558
0.3049
0.2184
0.3864
0.5429
0.2625
0.2958
0.3766
0.5224
0.3011
0.2857
0.3804
0.3333
0.4857
0.3038
0.2917
0.3382
0.4286
0.5397
0.3514
0.2527
0.3014
0.2883
0.2381
0.2025
0.2366
0.3188
0.3086
0.3521
0.3371
0.4722
0.5556
0.4286
0.1735
0.2133
0.2125
0.3176
0.1856
0.32
0.27
0.33
0.2222
0.52
0.297
0.2841
0.4321
0.5068
0.4819
0.2625
0.1782
0.3
0.3418
0.2687
0.3333
0.2069
0.314
0.2211
0.3731
0.325
0.5
0.25
0.507
0.2755
0.6615
0.3647
0.4658
0.2151
0.2639
0.1935
0.2703
0.3784
0.314
0.3614
0.3205
0.1951
0.2667
0.3976
0.3571
0.2949
0.5342
0.2821
0.2111
0.5357
0.3974
0.2747
0.3231
0.2184
0.2532
0.3537
0.4493
0.4286
0.7167
0.3784
0.3281
0.2078
0.2267
0.2157
0.3846
0.2474
0.3067
0.2524
0.2658
0.2754
0.5375
0.2375
0.2444
0.4
0.2099
0.3077
0.2929
0.2222
0.4085
0.3191
0.2796
0.4098
0.2283
0.2857
0.2451
0.3509
0.24
0.2632
0.186
0.3441
0.2836
0.3373
0.2821
0.2872
0.3158
0.1667
0.3146
0.4247
0.3409
0.2297
0.2391
0.3333
0.3462
0.6825
0.3086
0.2556
0.3415
0.2589
0.2738
0.4627
0.2593
0.44
0.4625
0.1546
0.2714
0.4127
0.1515
0.2466
0.3289
0.2683
0.325
0.2436
0.3649
0.337
0.3291
0.4533
0.403
0.1528
0.3485
0.3049
0.3636
0.3077
0.2269
0.2222
0.3976
0.4156
0.2706
0.2991
0.2442
0.411
0.5977
0.3793
0.473
0.3294
0.25
0.3103
0.4222
0.3068
0.3118
0.3896
0.2143
0.202
0.3067
0.5
0.2472
0.5541
0.2791
0.4133
0.3605
0.4205
0.4179
0.2429
0.1727
0.3103
0.2353
0.1807
0.25
0.3494
0.194
0.2771
0.4474
0.2151
0.2346
0.4179
0.321
0.3196
0.4306
0.5672
0.2769
0.3011
0.2386
0.5479
0.2577
0.2143
0.1885
0.1867
0.1899
0.2809
0.2105
0.5063
0.3684
0.2683
0.2857
0.2316
0.375
0.4062
0.1892
0.2593
0.2727
0.2128
0.2989
0.3944
0.314
0.3108
0.2653
0.2468
0.3375
0.4324
0.2418
0.3469
0.2405
0.4267
0.2688
0.2838
0.2162
0.3253
0.3205
0.2644
0.3488
0.3529
0.2667
0.24
0.3816
0.3816
0.1977
0.2182
0.3226
0.2525
0.44
0.4286
0.3099
0.3457
0.2105
0.3649
0.2526
0.3696
0.4474
0.4691
0.2419
0.2824
0.3521
0.2593
0.3871
0.4783
0.2212
0.2958
0.2278
0.3537
0.3067
0.52
0.2024
0.3333
0.3021
0.3049
0.4022
0.3472
0.3838
0.2581
0.3571
0.2184
0.3247
0.4211
0.3718
0.4337
0.3095
0.4189
0.3182
0.5294
0.3385
0.1932
0.5303
0.2027
0.25
0.1684
0.4684
0.2532
0.3187
0.3478
0.2683
0.3333
0.2987
0.2697
0.3333
0.3947
0.3855
0.3014
0.2527
0.314
0.2903
0.3457
0.3881
0.4545
0.2209
0.4605
0.5
0.3837
0.2963
0.4474
0.3415
0.2639
0.3571
0.4247
0.2874
0.36
0.2805
0.1386
0.3297
0.1625
0.3623
0.3271
0.3333
0.3288
0.2925
0.5172
0.2614
0.3158
0.4028
0.473
0.3736
0.3176
0.2525
0.3
0.1923
0.629
0.2614
0.1786
0.36
0.3253
0.2418
0.1887
0.3368
0.1778
0.338
0.6038
0.2375
0.3896
0.4795
0.3038
0.3363
0.4651
0.2826
0.4231
0.3286
0.3763
0.7358
0.1792
0.5
0.3333
0.3194
0.3529
0.527
0.3293
0.2949
0.3617
0.4493
0.2121
0.4638
0.3288
0.2174
0.3134
0.1754
0.2308
0.2353
0.2614
0.2892
0.3333
0.4722
0.4
0.2877
0.2979
0.1875
0.5714
0.425
0.3258
0.2525
0.2674
0.3855
0.2222
0.215
0.2549
0.1692
0.4217
0.382
0.3298
0.2947
0.3579
0.3288
0.1698
0.2111
0.4375
0.303
0.2895
0.2346
0.4375
0.2385
0.3243
0.1889
0.1935
0.4588
0.2222
0.2809
0.2474
0.4085
0.1579
0.2933
0.3488
0.2963
0.3626
0.2128
0.3608
0.2564
0.3671
0.4912
0.3158
0.3409
0.1809
0.2366
0.2424
0.4353
0.2809
0.2604
0.4651
0.3378
0.375
0.3377
0.4752
0.1728
0.2526
0.2778
0.3421
0.3043
0.3684
0.2273
0.3875
0.3387
0.3151
0.4426
0.2809
0.3973
0.1951
0.3205
0.3134
0.3152
0.1933
0.3256
0.3684
0.2935
0.4776
0.2192
0.2935
0.2477
0.25
0.527
0.3636
0.2083
0.3673
0.4353
0.1683
0.3506
0.2469
0.35
0.2619
0.3614
0.186
0.3827
0.3919
0.3625
0.2727
0.3204
0.1905
0.1867
0.2838
0.1486
0.2941
0.2987
0.1059
0.2923
0.2093
0.2941
0.2727
0.1308
0.2674
0.4831
0.2597
0.3659
0.2911
0.3881
0.2099
0.1944
0.2078
0.1373
0.4028
0.2083
0.4848
0.2875
0.1728
0.3023
0.2816
0.1667
0.2771
0.3721
0.0761
0.1235
0.2083
0.3108
0.1287
0.1757
0.2159
0.2674
0.1529
0.2838
0.2982
0.225
0.3662
0.3372
0.3288
0.2558
0.2609
0.1616
0.2043
0.2647
0.3151
0.2184
0.3667
0.3108
0.2262
0.1386
0.2029
0.1786
0.2857
0.3067
0.4054
0.1975
0.325
0.3061
0.1687
0.1583
0.2222
0.2391
0.2812
0.2289
0.1264
0.1806
0.2286
0.4412
0.1719
0.3333
0.1616
0.1899
0.17
0.2022
0.1667
0.2632
0.1647
0.1282
0.2444
0.1848
0.439
0.2821
0.2
0.2976
0.2329
0.2233
0.1803
0.2396
0.2667
0.2717
0.1803
0.2154
0.2564
0.1494
0.1392
0.2447
0.1467
0.1881
0.1818
0.1892
0.3671
0.1467
0.1974
0.6528
0.1932
0.4412
0.3
0.1781
0.1772
0.234
0.3766
0.2099
0.1667
0.2022
0.3372
0.3662
0.2821
0.2079
0.3731
0.1864
0.2439
0.1957
0.2754
0.0968
0.1964
0.2812
0.2065
0.24
0.25
0.1622
0.3667
0.2099
0.1613
0.2025
0.4242
0.202
0.2222
0.25
0.25
0.2933
0.1413
0.4833
0.3014
0.1802
0.3256
0.413
0.3165
0.2188
0.2179
0.3372
0.2239
0.1974
0.4717
0.1932
0.2955
0.1125
0.3692
0.1286
0.2875
0.2464
0.3088
0.241
0.3418
0.3462
0.3289
0.202
0.1769
0.1333
0.2159
0.2235
0.2658
0.4412
0.1829
0.2841
0.2917
0.3056
0.2907
0.3714
0.3034
0.1375
0.2462
0.3038
0.2222
0.3971
0.2436
0.2626
0.2535
0.2088
0.1974
0.2414
0.3016
0.2976
0.2308
0.3415
0.1798
0.1744
0.3649
0.236
0.2812
0.0741
0.2083
0.2561
0.2619
0.3378
0.1308
0.3708
0.3889
0.3736
0.2039
0.3182
0.1058
0.2754
0.1974
0.2464
0.275
0.3409
0.2152
0.2632
0.381
0.163
0.2658
0.1522
0.0855
0.2683
0.1609
0.2346
0.3231
0.4375
0.2841
0.087
0.2857
0.2021
0.1957
0.2651
0.3478
0.186
0.2
0.2338
0.2447
0.19
0.2154
0.1538
0.3205
0.1607
0.2581
0.2917
0.2644
0.2892
0.0957
0.3151
0.2286
0.1829
0.1354
0.2738
0.2553
0.2658
0.1856
0.4493
0.1954
0.1772
0.1414
0.1375
0.2553
0.3607
0.2051
0.2346
0.1058
0.2625
0.1867
0.25
0.1089
0.2885
0.1149
0.4062
0.2794
0.3626
0.2692
0.2658
0.321
0.3676
0.2386
0.1839
0.2558
0.1918
0.4444
0.36
0.2805
0.25
0.1609
0.2821
0.2347
0.1688
0.2195
0.1111
0.275
0.1573
0.3548
0.3824
0.4932
0.1183
0.234
0.3409
0.5
0.4706
0.32
0.4024
0.1573
0.1724
0.3387
0.2299
0.2093
0.2442
0.1176
0.1605
0.5469
0.25
0.2442
0.3425
0.2078
0.403
0.1889
0.3514
0.0988
0.5526
0.1954
0.3
0.2152
0.3117
0.1011
0.1091
0.2697
0.1845
0.3375
0.2143
0.3735
0.2469
0.1111
0.4706
0.1619
0.2857
0.1963
0.1237
0.2273
0.16
0.1429
0.2206
0.4697
0.4085
0.2911
0.2
0.186
0.3108
0.2235
0.2192
0.314
0.0978
0.1935
0.1053
0.1412
0.3939
0.2593
0.2468
0.1905
0.1456
0.2222
0.2439
0.2632
0.1345
0.2574
0.1786
0.3077
0.1442
0.3478
0.3562
0.2
0.2727
0.2703
0.2593
0.2794
0.3871
0.1954
0.1786
0.1707
0.191
0.2568
0.28
0.2195
0.4571
0.1264
0.3378
0.134
0.2073
0.2857
0.3026
0.2105
0.2533
0.2286
0.1667
0.1923
0.2308
0.1485
0.2375
0.1759
0.3226
0.2
0.2
0.2
0.2088
0.2444
0.2958
0.1613
0.1636
0.0989
0.2651
0.2346
0.1348
0.2099
0.1875
0.4125
0.2198
0.1882
0.3012
0.1573
0.5714
0.2184
0.4026
0.2857
0.2687
0.2927
0.3684
0.25
0.2128
0.2958
0.2738
0.25
0.2222
0.2308
0.5161
0.2778
0.274
0.1176
0.2959
0.7667
0.2375
0.0976
0.5588
0.2857
0.1688
0.2955
0.3412
0.1875
0.3288
0.191
0.2419
0.3133
0.4079
0.2683
0.2048
0.3194
0.1139
0.1313
0.163
0.2874
0.165
0.2222
0.3521
0.2353
0.2069
0.1579
0.0769
0.1325
0.1882
0.2874
0.2073
0.1522
0.2442
0.1974
0.3803
0.2078
0.2338
0.3444
0.225
0.0698
0.3472
0.2771
0.3043
0.3457
0.2162
0.2289
0.2396
0.2442
0.2073
0.1494
0.2727
0.338
0.175
0.2113
0.2727
0.5373
0.1398
0.2278
0.2826
0.2667
0.3714
0.2785
0.25
0.3529
0.3636
0.4762
0.2162
0.1538
0.2603
0.2342
0.2095
0.1266
0.2043
0.2319
0.2469
0.338
0.2697
0.3472
0.3492
0.25
0.1111
0.28
0.2
0.2706
0.1546
0.2933
0.22
0.23
0.1111
0.3867
0.198
0.1556
0.2976
0.4521
0.4217
0.225
0.1584
0.2333
0.1392
0.2388
0.24
0.1609
0.2976
0.1895
0.2059
0.3125
0.5263
0.0735
0.4366
0.2857
0.6769
0.2706
0.3151
0.1613
0.1528
0.172
0.2973
0.2838
0.1977
0.2738
0.2051
0.1585
0.2778
0.4337
0.25
0.359
0.32
0.2692
0.1889
0.386
0.2564
0.2088
0.2154
0.1379
0.2278
0.3049
0.3768
0.3429
0.5833
0.2703
0.2656
0.2078
0.1867
0.1584
0.359
0.1327
0.2267
0.1845
0.2152
0.2174
0.4444
0.1707
0.2
0.2667
0.2099
0.2857
0.1635
0.2222
0.3521
0.1489
0.1613
0.1562
0.1957
0.2381
0.1765
0.3158
0.16
0.2316
0.2209
0.3226
0.1194
0.2289
0.2564
0.117
0.2237
0.1042
0.2472
0.3014
0.2045
0.1333
0.1848
0.2529
0.2308
0.4444
0.2099
0.1889
0.2683
0.2018
0.3333
0.3134
0.1728
0.3733
0.2963
0.1134
0.2
0.2698
0.1212
0.1507
0.2237
0.2073
0.2625
0.2564
0.2432
0.1739
0.2658
0.3333
0.3433
0.1111
0.2273
0.2195
0.1667
0.2198
0.1933
0.1111
0.3373
0.3766
0.1628
0.1622
0.2791
0.274
0.4483
0.3621
0.24
0.2706
0.125
0.2644
0.3
0.3409
0.2151
0.2436
0.131
0.1313
0.1733
0.4118
0.1236
0.3108
0.2209
0.3733
0.2442
0.3295
0.2985
0.2429
0.1182
0.1839
0.1294
0.1446
0.2237
0.1548
0.1642
0.241
0.3289
0.1935
0.1728
0.3433
0.2
0.2474
0.2917
0.3521
0.2308
0.2043
0.1705
0.25
0.2577
0.1548
0.1393
0.1067
0.1266
0.2921
0.0921
0.1628
0.2368
0.1687
0.2571
0.1684
0.1951
0.3281
0.2162
0.1975
0.1591
0.2234
0.2184
0.2958
0.2442
0.3067
0.2347
0.2632
0.2375
0.2051
0.2418
0.1531
0.0375
0.2533
0.2581
0.2568
0.1351
0.2651
0.225
0.1494
0.2907
0.2824
0.1209
0.16
0.1667
0.2105
0.1163
0.2
0.2581
0.1313
0.2667
0.3766
0.2535
0.3457
0.1789
0.2297
0.2632
0.2717
0.3947
0.2022
0.2581
0.2118
0.1528
0.2099
0.1828
0.4348
0.1731
0.4085
0.1084
0.3049
0.2667
0.4605
0.119
0.2
0.1771
0.2195
0.1828
0.3333
0.2121
0.1505
0.1839
0.1609
0.2727
0.3816
0.2821
0.253
0.1667
0.3784
0.2727
0.3529
0.2308
0.1591
0.4242
0.1486
0.3611
0.1579
0.3291
0.2152
0.1758
0.3188
0.1341
0.2143
0.2597
0.2135
0.2464
0.25
0.2771
0.2055
0.1648
0.186
0.2151
0.3333
0.2985
0.2584
0.1977
0.3947
0.4333
0.2558
0.2222
0.3553
0.1512
0.2361
0.3095
0.3836
0.2069
0.24
0.1341
0.1188
0.3077
0.15
0.2174
0.2336
0.3067
0.2329
0.1887
0.5517
0.25
0.2903
0.3472
0.4054
0.2967
0.2118
0.202
0.1889
0.1635
0.5645
0.25
0.1327
0.1733
0.2771
0.2418
0.1415
0.2737
0.2
0.3521
0.3148
0.1375
0.1429
0.3836
0.2532
0.3009
0.3721
0.172
0.3205
0.3143
0.2903
0.5283
0.1321
0.2535
0.2556
0.1351
0.3176
0.2297
0.2073
0.2308
0.1915
0.1739
0.1414
0.3913
0.274
0.163
0.2537
0.1053
0.1538
0.1512
0.1591
0.253
0.3
0.3472
0.2277
0.2329
0.2128
0.1786
0.3968
0.3625
0.2135
0.1919
0.2558
0.2289
0.1644
0.1776
0.1471
0.2154
0.2892
0.2584
0.1915
0.2421
0.2211
0.3425
0.1132
0.1778
0.2099
0.2727
0.1711
0.1605
0.3457
0.211
0.1757
0.1667
0.1505
0.4
0.0988
0.2247
0.2165
0.2254
0.1228
0.32
0.2558
0.1481
0.3077
0.2979
0.2887
0.2308
0.3291
0.2807
0.2368
0.2045
0.0825
0.129
0.1515
0.314
0.2809
0.2708
0.3605
0.2838
0.2778
0.2597
0.2376
0.0988
0.1789
0.1528
0.3289
0.2391
0.3026
0.1364
0.3
0.2097
0.1918
0.3607
0.1685
0.2466
0.2439
0.2436
0.1493
0.2717
0.1345
0.2442
0.2632
0.2766
0.2836
0.3151
0.1739
0.1835
0.1875
0.36
0.2597
0.1528
0.3061
0.1818
0.1881
0.1948
0.2099
0.1463
0.1786
0.1494
0.1279
0.3333
0.2568
0.35
0.2468
0.2019
0.1587
0.025
0.3514
0.1757
0.2471
0.1948
0.0114
0.2769
0.2093
0.2471
0.3377
0.0748
0.2706
0.3933
0.2468
0.378
0.2405
0.3881
0.1975
0.1528
0.0488
0.1176
0.4028
0.1972
0.4545
0.0114
0.1605
0.1744
0.233
0.131
0.0426
0.2791
0.1304
0.0988
0.1875
0.1757
0.099
0.0946
0.0645
0.186
0.2235
0.2703
0.2632
0.275
0.2817
0.3488
0.3288
0.2674
0.2065
0.1515
0.2366
0.25
0.3562
0.2299
0.3
0.3108
0.1023
0.0891
0.0959
0.25
0.3333
0.2
0.0714
0.2099
0.2625
0.0377
0.2439
0.1439
0.2333
0.1957
0.3281
0.253
0.1279
0.2083
0.1429
0.4265
0.1875
0.3077
0.1717
0.1772
0.19
0.1011
0.2179
0.2316
0.2235
0.3056
0.1868
0.2391
0.4268
0.0125
0.2308
0.0323
0.2192
0.2039
0.1803
0.2604
0.339
0.0968
0.1967
0.2154
0.0361
0.1724
0.1646
0.0396
0.1333
0.1683
0.1818
0.2162
0.3038
0.16
0.1842
0.4054
0.2045
0.4412
0.25
0.0395
0.1646
0.1368
0.3766
0.2099
0.1491
0.0104
0.2907
0.0395
0.3506
0.198
0.2687
0.2034
0.1477
0.2778
0.2319
0.0968
0.0517
0.3438
0.2283
0.24
0.4384
0.1802
0.0615
0.2099
0.1935
0.1772
0.3636
0.1818
0.1605
0.2
0.0217
0.4
0.1087
0.45
0.3288
0.0721
0.3605
0.3913
0.3038
0.0448
0.2308
0.3605
0.2687
0.2237
0.2453
0.2273
0.0879
0.1585
0.0541
0.1857
0.375
0.1884
0.3284
0.2169
0.3038
0.3205
0.3158
0.0094
0.145
0.1333
0.1932
0.2471
0.2405
0.3676
0.1707
0.25
0.2222
0.2639
0.2558
0.3143
0.3371
0.125
0.3385
0.2785
0.1624
0.3382
0.1667
0.2121
0.2535
0.1848
0.141
0.0222
0.2381
0.3452
0.2198
0.3659
0.1573
0.2791
0.3514
0.1798
0.2371
0.0488
0.2604
0.0471
0.2262
0.2973
0.1682
0.3596
0.0988
0.3407
0.2233
0.2841
0.0962
0.2609
0.25
0.1594
0.2375
0.0421
0.1084
0.2237
0.3214
0.0978
0.2532
0
0.1282
0.2805
0.1839
0.1605
0.2424
0.4844
0.2955
0.1087
0.1625
0.1064
0.163
0.1687
0.2609
0.1512
0.2353
0.2208
0.266
0.16
0.1471
0.0897
0.359
0.2182
0.0286
0.039
0.1839
0.2048
0.117
0.3014
0.036
0.1463
0.1134
0.2738
0.1702
0.2658
0.1753
0.4348
0.1839
0.2152
0.1414
0.1875
0.234
0.2623
0.1795
0.2346
0.1058
0.1625
0.1467
0.2955
0.0594
0.1509
0.1379
0.3125
0.0278
0.2632
0.2308
0.2278
0.2716
0.2941
0.1932
0.1839
0.2907
0.1781
0.4306
0.2933
0.1364
0.1786
0.1149
0.2949
0.1939
0.1818
0.2317
0.1616
0.225
0.1591
0.3548
0.2609
0.3974
0.1075
0.1263
0.3068
0.3875
0.039
0.2
0.2805
0.1798
0.1379
0.2969
0
0.1744
0.2093
0.0465
0.0241
0.4531
0.2125
0.2326
0.3151
0.1948
0.3731
0.1333
0.2973
0.0864
0.5658
0.0899
0.34
0.2025
0.2208
0.1124
0.0909
0.3258
0.1154
0.3
0.1786
0.3494
0.1463
0.1667
0.4706
0.1143
0.2727
0.1963
0.1546
0.1515
0.0476
0.1071
0.2206
0.0506
0.0595
0.3038
0.2444
0.1744
0.3243
0.2235
0.2466
0.2558
0.0978
0.1398
0.1489
0.1647
0.2727
0.2593
0.1558
0.1905
0.1262
0.2346
0.1951
0.2421
0.0331
0.2574
0.1429
0.0349
0.2212
0.3043
0.4658
0.2143
0.2338
0.1299
0.2716
0.3824
0.3065
0.1954
0.2024
0.1707
0.2135
0.3514
0.3067
0.1928
0.4714
0.1379
0.2027
0.1443
0.1829
0.2727
0.3158
0.3026
0.2267
0.2714
0.1528
0.2051
0.2154
0.1683
0.3
0.1667
0.0294
0.25
0.1875
0.3538
0.0206
0.1778
0.2676
0.1828
0.2202
0.0879
0.25
0.2469
0.1461
0.1852
0.2625
0.033
0.2333
0.1412
0.253
0.1798
0.4821
0.2529
0.2564
0.2597
0.2239
0.3171
0.3158
0.2212
0.0208
0.3239
0.2976
0.2174
0.1889
0.2308
0.1618
0.2778
0.2603
0.1529
0.2959
0.7167
0.2692
0.0241
0.5441
0.3095
0.2338
0.2045
0.4235
0.225
0.0375
0.1685
0.2063
0.3614
0.3684
0.2439
0.1687
0.25
0.1392
0.101
0.163
0.2644
0.1165
0.2346
0.3521
0.2235
0.1609
0.1368
0.141
0.1446
0.1765
0.2045
0.1829
0.0412
0.2326
0.1842
0.2958
0.2338
0.1688
0.3
0.225
0.1548
0.2639
0.2892
0.2826
0.3827
0.2162
0.2289
0.2188
0.2674
0.1829
0.1379
0.2273
0.3803
0.175
0.1972
0.2857
0.403
0.1398
0.2857
0.1277
0.2
0.3571
0.2152
0.2222
0.3676
0.1772
0.1857
0.0366
0.1648
0.1733
0.2793
0.1619
0.1392
0.1828
0.2609
0.3086
0.2676
0.191
0.2917
0.3492
0.2381
0.1111
0.1974
0.175
0.2941
0.1443
0.28
0.21
0.22
0.1616
0.36
0.1881
0.2135
0.1149
0.3288
0.3855
0.1875
0.1961
0.1889
0.1392
0.2985
0.24
0.1149
0.1395
0.1579
0.2353
0.0337
0.4737
0.1176
0.4507
0.2245
0.5846
0.2706
0.3425
0.1398
0.1389
0.2258
0.2297
0.2703
0.2093
0.2262
0.2692
0.1829
0.2667
0.3373
0.2262
0.2308
0.36
0.1923
0.1889
0.2787
0.2692
0.0309
0.2308
0.1379
0.125
0.2317
0.2286
0.2571
0.55
0.2568
0.029
0.2208
0.1067
0.1176
0.0833
0.102
0.2
0.1748
0.2025
0.1714
0.3951
0.2073
0.0543
0.2889
0.1481
0.2527
0.2222
0.2099
0.3099
0.1489
0.1613
0.1875
0.2065
0.2381
0.1275
0.3158
0.16
0.2211
0.186
0.2903
0.1642
0.2619
0.0244
0.1489
0.2368
0.1458
0.2472
0.3288
0.0515
0.0933
0.2609
0.2299
0.2692
0.0563
0.1975
0.1444
0.2561
0.1579
0.2619
0.3731
0.1728
0.0482
0.3875
0.1134
0.1857
0.2188
0.1212
0.1781
0.3289
0.1707
0.2625
0.2821
0.1892
0.1739
0.3291
0.36
0.3134
0.1389
0.0133
0.2317
0.141
0.0612
0.1429
0.1806
0.0787
0.2857
0.1395
0.1441
0.022
0.2329
0.5057
0.3448
0.24
0.2706
0.0698
0.2184
0.0206
0.2386
0.2151
0.3205
0.1667
0.1717
0.2533
0.2958
0.1461
0.3243
0.1628
0.0235
0.2442
0.3295
0.0429
0.2714
0.1
0.1839
0.1529
0.1205
0.1948
0.046
0.1642
0.1294
0.3421
0.172
0.2222
0.3881
0.1882
0.2577
0.25
0.5373
0.1538
0.2258
0.1023
0.2125
0.2268
0.2143
0.0458
0.12
0.1772
0.0309
0.1184
0.1395
0.1842
0.1205
0.2
0.1474
0.0941
0.25
0.1757
0.023
0.1705
0.0196
0.0549
0.338
0.1977
0.2933
0.0278
0.2468
0.275
0.2838
0.1848
0.1939
0.0375
0.2533
0.1383
0.1892
0.1351
0.1687
0.0482
0.2299
0.2791
0.2824
0.1538
0.14
0.1795
0.0233
0.186
0.1545
0.2903
0.0374
0.2667
0.3117
0
0.043
0.1368
0.2297
0.1263
0.02
0.3421
0.358
0.2097
0.1882
0.2222
0.1829
0.2151
0.3333
0.2404
0.2958
0.1566
0.3171
0.2
0.44
0.1548
0.1889
0.2604
0.2439
0.1613
0.2917
0.2222
0.1183
0.1647
0.1494
0.1282
0.4079
0.2821
0.2651
0.1786
0.0824
0.3068
0.2941
0.2615
0.125
0.4242
0.1081
0.2361
0.1474
0.3165
0.2405
0.1538
0.1216
0.1463
0.2619
0.2727
0.2135
0.2319
0.1111
0.1429
0.0519
0.1319
0.1744
0.2473
0.2963
0
0.4091
0.1628
0.3684
0.5
0.2644
0.1852
0.3684
0.1512
0.1806
0.3214
0.3973
0.1954
0.24
0.1585
0.0792
0.2527
0.1375
0.1884
0.215
0.2267
0.2329
0.2075
0.4655
0.2273
0.1458
0.3056
0.122
0.3187
0.2588
0.1188
0.1333
0.1538
0.4677
0.1818
0.1339
0.2267
0.2771
0.1648
0.1132
0.0467
0.1333
0.2676
0.3333
0.1125
0.1688
0.1646
0.2532
0.2566
0.3605
0.2174
0.284
0.2714
0.2688
0.3962
0.1415
0.2254
0.2444
0.2027
0.3176
0
0.0449
0.2179
0.1809
0.2609
0.1515
0.4203
0.2162
0.1522
0.2687
0.0342
0.0421
0.1512
0.1477
0.2771
0.3667
0.4583
0.2079
0.2055
0.2021
0.1696
0.3175
0.3375
0.2472
0.0874
0.033
0.2289
0.2603
0.1869
0.2549
0.2308
0.2169
0.2809
0.234
0.1354
0.049
0.2838
0.0826
0.1222
0.284
0.2424
0.1184
0.1111
0.321
0.2018
0.1351
0.1889
0.0729
0.2941
0.1235
0.1556
0.1856
0.061
0.1316
0.28
0.2558
0.1975
0.2967
0.0194
0.2474
0.2436
0.3165
0.4211
0.1974
0.2159
0.1489
0.1828
0.1212
0.3023
0.2135
0.2396
0.3605
0.2568
0.2222
0.1667
0.3267
0.0988
0.1368
0.1806
0.25
0.0526
0.3026
0.1705
0.275
0.2097
0.1781
0.3607
0.0753
0.2055
0.122
0.2949
0.1194
0.2283
0.1176
0.2558
0.3553
0.2717
0.2836
0.2192
0.0316
0.1835
0.225
0.4
0.2597
0.1528
0.3265
0.1556
0.1238
0.1688
0.2222
0.1463
0
0.2892
0.0337
0.0114
0.2703
0.275
0.2468
0.2115
