x
0.3911
0.3735
0.3897
0.3983
0.3771
0.3776
0.3858
0.3855
0.3781
0.376
0.3757
0.3906
0.3923
0.3803
0.3751
0.383
0.3743
0.39
0.3763
0.3903
0.3691
0.3837
0.375
0.3827
0.387
0.3747
0.3863
0.3836
0.3662
0.3811
0.3779
0.386
0.3873
0.3818
0.3775
0.3832
0.3932
0.3742
0.3847
0.3771
0.3883
0.389
0.3939
0.3908
0.3952
0.3773
0.3495
0.3757
0.3831
0.3642
0.3862
0.3862
0.3936
0.3848
0.3729
0.3793
0.3887
0.384
0.3911
0.3873
0.3987
0.3759
0.3774
0.3923
0.3587
0.3879
0.3899
0.3842
0.3769
0.3901
0.3831
0.3855
0.384
0.3969
0.3896
0.3818
0.3937
0.3691
0.3787
0.3728
0.383
0.3863
0.3589
0.3967
0.3864
0.3747
0.3857
0.369
0.3826
0.378
0.3833
0.3869
0.3882
0.382
0.3813
0.3853
0.3877
0.3875
0.3887
0.3805
0.3742
0.3502
0.3957
0.3759
0.3755
0.378
0.398
0.3717
0.3843
0.3729
0.3812
0.391
0.3968
0.3842
0.3725
0.3892
0.379
0.382
0.3933
0.3723
0.3966
0.3917
0.367
0.3566
0.3772
0.384
0.3975
0.3755
0.3602
0.3794
0.3689
0.3778
0.3747
0.3866
0.3653
0.359
0.3745
0.3947
0.3728
0.386
0.3768
0.3629
0.3916
0.3881
0.3802
0.3827
0.3967
0.3838
0.3889
0.3939
0.3777
0.3811
0.389
0.3907
0.3801
0.3856
0.3707
0.3922
0.3888
0.3833
0.3809
0.3909
0.375
0.3789
0.3753
0.3883
0.3817
0.388
0.3564
0.3958
0.3789
0.392
0.3894
0.3783
0.3544
0.389
0.3886
0.3471
0.3864
0.375
0.3566
0.3933
0.3872
0.3852
0.3819
0.3798
0.3786
0.39
0.3799
0.3804
0.3962
0.3899
0.3736
0.3957
0.392
0.386
0.3825
0.368
0.3621
0.3918
0.3859
0.3847
0.3724
0.3906
0.3906
0.3817
0.396
0.3929
0.3851
0.3891
0.399
0.3886
0.382
0.3708
0.3899
0.3799
0.3875
0.3805
0.3877
0.3681
0.3904
0.3677
0.395
0.3926
0.3811
0.388
0.375
0.385
0.3818
0.3778
0.3961
0.3868
0.3615
0.3817
0.3691
0.3879
0.3749
0.3819
0.3894
0.3711
0.3603
0.3869
0.3861
0.3845
0.3888
0.3738
0.3902
0.3746
0.3814
0.3752
0.369
0.3732
0.3692
0.3882
0.3892
0.3654
0.3698
0.372
0.3787
0.3484
0.3924
0.3712
0.3837
0.3933
0.3903
0.3927
0.3832
0.3925
0.3852
0.389
0.3741
0.3765
0.3892
0.3993
0.3814
0.3848
0.3741
0.3905
0.3928
0.3806
0.3811
0.3774
0.3884
0.3819
0.362
0.3728
0.3891
0.3752
0.3785
0.3982
0.375
0.3825
0.3621
0.3898
0.3764
0.393
0.3673
0.3981
0.3781
0.3704
0.3891
0.3823
0.3804
0.3711
0.3881
0.3893
0.373
0.3624
0.3904
0.3936
0.3781
0.3883
0.3903
0.3978
0.366
0.3824
0.385
0.3723
0.3592
0.3779
0.3746
0.3738
0.3973
0.3884
0.398
0.3894
0.3854
0.3731
0.3837
0.3947
0.3918
0.3685
0.3847
0.3889
0.3867
0.3882
0.3925
0.3817
0.3917
0.3853
0.3778
0.3786
0.3911
0.3889
0.3972
0.3846
0.3924
0.3702
0.3784
0.3855
0.3838
0.3974
0.3972
0.3693
0.3836
0.3808
0.3776
0.3766
0.3663
0.3761
0.3866
0.3754
0.377
0.3752
0.3801
0.393
0.3922
0.3601
0.3807
0.3763
0.3776
0.3908
0.3906
0.3811
0.3895
0.3832
0.3908
0.3822
0.3644
0.3792
0.3749
0.3842
0.3865
0.3812
0.392
0.3788
0.3797
0.3869
0.3837
0.3801
0.391
0.3681
0.3765
0.3817
0.3857
0.3953
0.3752
0.3765
0.3843
0.3979
0.3922
0.3677
0.3784
0.3928
0.3701
0.3708
0.3552
0.3814
0.3693
0.3712
0.3696
0.3872
0.3793
0.3684
0.3921
0.3914
0.3907
0.3868
0.3727
0.376
0.3916
0.3896
0.3749
0.3713
0.3728
0.375
0.3565
0.3841
0.3692
0.3878
0.3963
0.3889
0.3791
0.3619
0.3942
0.3911
0.3839
0.3754
0.3692
0.3858
0.3861
0.3847
0.3639
0.3868
0.3922
0.3834
0.3893
0.3646
0.3829
0.3774
0.3789
0.369
0.3906
0.3969
0.3995
0.3712
0.3924
0.3913
0.3983
0.3749
0.3636
0.3654
0.3769
0.3758
0.3852
0.3685
0.3882
0.3939
0.3612
0.3717
0.3874
0.3849
0.3885
0.3856
0.384
0.3705
0.3779
0.3883
0.3907
0.3791
0.3867
0.3917
0.3746
0.391
0.3844
0.3879
0.3881
0.3809
0.3881
0.3863
0.381
0.3795
0.3772
0.3721
0.3859
0.3767
0.3849
0.376
0.375
0.3965
0.3896
0.38
0.3772
0.3924
0.3982
0.3972
0.3659
0.3813
0.3978
0.373
0.3823
0.3813
0.3665
0.3791
0.3839
0.3864
0.3843
0.3898
0.3784
0.3678
0.3775
0.3853
0.3861
0.3801
0.3794
0.376
0.3629
0.3968
0.3906
0.387
0.3758
0.3812
0.3915
0.3711
0.3718
0.3618
0.3923
0.3838
0.3801
0.3666
0.3896
0.3811
0.386
0.3956
0.38
0.394
0.3801
0.3826
0.3903
0.3806
0.3786
0.3771
0.389
0.3887
0.3795
0.3808
0.3785
0.3886
0.3689
0.3903
0.3823
0.388
0.3859
0.3951
0.3756
0.3893
0.3854
0.38
0.3779
0.395
0.3988
0.3953
0.3934
0.3888
0.3728
0.3927
0.3886
0.398
0.3766
0.3753
0.3843
0.3737
0.3722
0.3779
0.39
0.3968
0.3811
0.3874
0.3927
0.3799
0.3917
0.3867
0.3848
0.3898
0.3842
0.3831
0.3879
0.392
0.3869
0.385
0.3766
0.3904
0.3633
0.3792
0.3555
0.3826
0.3768
0.3733
0.385
0.367
0.3782
0.3953
0.3917
0.3892
0.3732
0.379
0.3868
0.3929
0.366
0.3871
0.3769
0.3667
0.3925
0.3796
0.3914
0.3909
0.3847
0.3896
0.3636
0.3869
0.3906
0.3863
0.3926
0.3752
0.3665
0.3748
0.3873
0.3744
0.3878
0.3838
0.3881
0.3881
0.3804
0.3659
0.38
0.3821
0.3966
0.381
0.3707
0.3881
0.3869
0.3902
0.3663
0.3969
0.3868
0.3801
0.3726
0.3933
0.3908
0.3798
0.3697
0.398
0.3879
0.3768
0.378
0.3824
0.3731
0.3856
0.3862
0.3921
0.3913
0.3639
0.3836
0.3807
0.3831
0.3926
0.3801
0.3861
0.3815
0.3784
0.3881
0.373
0.3846
0.3833
0.3855
0.3811
0.3783
0.3872
0.38
0.3877
0.3874
0.3685
0.3723
0.3754
0.3871
0.355
0.376
0.3739
0.3915
0.374
0.3667
0.3707
0.3751
0.3774
0.3888
0.3746
0.3774
0.3862
0.3874
0.3861
0.392
0.3906
0.3575
0.367
0.3655
0.3835
0.3627
0.3813
0.3681
0.3912
0.3781
0.383
0.3704
0.3869
0.3918
0.3838
0.3639
0.3838
0.3927
0.379
0.3834
0.3872
0.3849
0.3791
0.3807
0.3766
0.3704
0.3798
0.3928
0.3846
0.3838
0.3831
0.3876
0.3771
0.3731
0.3843
0.3812
0.3779
0.3754
0.3786
0.3856
0.3765
0.3958
0.3839
0.392
0.3893
0.3767
0.3926
0.384
0.3921
0.3786
0.3905
0.3865
0.3854
0.3955
0.3836
0.3831
0.3672
0.3899
0.392
0.3736
0.3849
0.3673
0.3801
0.3729
0.3946
0.3805
0.3844
0.375
0.387
0.3687
0.3891
0.397
0.3833
0.3914
0.3825
0.3948
0.3835
0.3865
0.3893
0.3929
0.3799
0.3808
0.3608
0.3808
0.3707
0.3947
0.3987
0.3719
0.3843
0.3906
0.3761
0.3821
0.39
0.359
0.375
0.3895
0.3897
0.3816
0.3801
0.3832
0.3732
0.3844
0.3978
0.3788
0.3894
0.3921
0.3807
0.3849
0.3875
0.3817
0.3884
0.3931
0.3634
0.3737
0.3859
0.3656
0.3795
0.3778
0.3491
0.3841
0.3519
0.3866
0.3754
0.3736
0.3904
0.3824
0.3615
0.3809
0.371
0.3653
0.3759
0.3825
0.3691
0.3781
0.3879
0.3746
0.3777
0.3827
0.3784
0.3737
0.3694
0.3907
0.381
0.3782
0.3942
0.3804
0.37
0.3883
0.385
0.3891
0.3865
0.3987
0.3723
0.3902
0.3876
0.3835
0.381
0.3918
0.3779
0.3799
0.3888
0.3889
0.3862
0.3769
0.3845
0.3891
0.379
0.3952
0.3816
0.3639
0.3949
0.3795
0.3816
0.3697
0.3886
0.3846
0.3736
0.3831
0.3834
0.3756
0.3818
0.379
0.3786
0.3782
0.3857
0.3795
0.3772
0.3869
0.3885
0.3857
0.3834
0.3703
0.3676
0.3878
0.3807
0.3533
0.3702
0.3741
0.3929
0.3963
0.3539
0.3823
0.3834
0.3851
0.3564
0.3749
0.3709
0.3822
0.3803
0.3981
0.3779
0.3657
0.3818
0.3812
0.3848
0.372
0.3792
0.3656
0.3844
0.3626
0.3889
0.3756
0.3855
0.3762
0.387
0.3918
0.3836
0.3847
0.3807
0.3842
0.3872
0.3717
0.3979
0.3868
0.3784
0.3702
0.3923
0.3901
0.3793
0.3847
0.3798
0.3835
0.3792
0.3817
0.3918
0.3819
0.3887
0.3845
0.3804
0.3771
0.3561
0.3716
0.3878
0.3809
0.3873
0.3793
0.3762
0.3832
0.3801
0.3968
0.3853
0.3863
0.3934
0.3859
0.3831
0.3744
0.3732
0.3877
0.3983
0.3884
0.3804
0.3755
0.3944
0.3899
0.3755
0.3634
0.3844
0.3963
0.3872
0.3533
0.38
0.3785
0.3771
0.3904
0.3809
0.374
0.392
0.3835
0.3744
0.3927
0.3923
0.3994
0.3976
0.3858
0.3949
0.3912
0.388
0.3978
0.3973
0.3823
0.3987
0.3742
0.3931
0.3939
0.3902
0.3893
0.3971
0.3924
0.3957
0.3976
0.3868
0.3938
0.39
0.3927
0.3836
0.3887
0.3877
0.3794
0.3965
0.3717
0.3986
0.3876
0.3902
0.3725
0.3909
0.3931
0.3988
0.3909
0.3974
0.3957
0.3989
0.3961
0.3784
0.3963
0.3828
0.3865
0.3995
0.3969
0.3829
0.3937
0.3925
0.3985
0.398
0.3772
0.3812
0.3971
0.396
0.3947
0.3962
0.3898
0.3958
0.396
0.3897
0.3863
0.3779
0.3907
0.3962
0.3808
0.3915
0.3906
0.3966
0.3903
0.3956
0.3908
0.3841
0.3991
0.3984
0.3888
0.396
0.3965
0.3991
0.3824
0.4
0.3993
0.3858
0.3945
0.3895
0.3884
0.3956
0.3876
0.3796
0.393
0.3819
0.3861
0.3711
0.3937
0.3878
0.3875
0.3904
0.3931
0.3865
0.3965
0.3726
0.3836
0.3795
0.3969
0.3809
0.398
0.3927
0.3977
0.398
0.3971
0.383
0.4
0.3932
0.3765
0.3961
0.3983
0.3964
0.3956
0.3976
0.3693
0.3612
0.3904
0.3713
0.3976
0.3968
0.3714
0.3969
0.3989
0.3869
0.3796
0.3906
0.3988
0.3983
0.3912
0.3981
0.3858
0.3908
0.3927
0.3979
0.3974
0.3977
0.3972
0.3868
0.3953
0.3911
0.3955
0.3886
0.3819
0.3903
0.397
0.3988
0.3842
0.3916
0.3866
0.3626
0.4
0.3934
0.3946
0.3979
0.397
0.3852
0.367
0.3929
0.3973
0.3955
0.3731
0.3983
0.3977
0.3929
0.3995
0.3995
0.3973
0.3941
0.3901
0.3948
0.3941
0.3843
0.3681
0.3968
0.3801
0.3989
0.3942
0.3916
0.3638
0.3996
0.3975
0.3894
0.3894
0.3733
0.3995
0.3937
0.3894
0.3969
0.3907
0.3867
0.3806
0.3962
0.4
0.3896
0.3754
0.3921
0.3921
0.3886
0.3983
0.3901
0.3874
0.376
0.3703
0.3921
0.3896
0.3929
0.3895
0.3871
0.399
0.3966
0.3783
0.3957
0.3976
0.3866
0.3904
0.3918
0.3887
0.3978
0.3962
0.3797
0.3813
0.3952
0.3962
0.3911
0.372
0.3829
0.3923
0.3855
0.3891
0.3982
0.3927
0.3776
0.3874
0.3987
0.3849
0.3902
0.397
0.3942
0.3972
0.3921
0.3696
0.3929
0.3901
0.3602
0.3862
0.3772
0.3928
0.3844
0.3883
0.3817
0.3953
0.3959
0.3995
0.3933
0.3801
0.3726
0.3954
0.3734
0.3942
0.3966
0.3704
0.3987
0.3932
0.3871
0.393
0.3948
0.3845
0.375
0.3787
0.3897
0.3942
0.3925
0.3821
0.3901
0.387
0.3958
0.3981
0.389
0.3913
0.3754
0.3951
0.3965
0.389
0.3787
0.3774
0.3991
0.3811
0.3888
0.3891
0.399
0.3752
0.3816
0.399
0.3863
0.3987
0.392
0.3961
0.3943
0.387
0.3765
0.3942
0.3957
0.3826
0.395
0.3888
0.3979
0.3656
0.3974
0.3688
0.3773
0.3899
0.3826
0.3684
0.396
0.3971
0.3945
0.3856
0.3974
0.3989
0.4
0.399
0.3946
0.3977
0.3936
0.399
0.3934
0.3948
0.3947
0.3852
0.3952
0.3968
0.3909
0.3679
0.3897
0.3932
0.3914
0.3915
0.3924
0.3884
0.3986
0.373
0.3918
0.3899
0.3915
0.3837
0.3724
0.398
0.3944
0.4
0.3988
0.375
0.3821
0.3925
0.3964
0.4
0.3954
0.3965
0.391
0.3979
0.3806
0.3871
0.3995
0.3811
0.3746
0.3982
0.3892
0.399
0.3884
0.3914
0.382
0.3784
0.3972
0.3835
0.3961
0.3842
0.3853
0.3996
0.3916
0.3846
0.3624
0.3977
0.3912
0.3971
0.3798
0.3955
0.3845
0.3974
0.4
0.3882
0.3892
0.3913
0.3874
0.3979
0.3953
0.3894
0.3962
0.3667
0.3862
0.3732
0.3972
0.3919
0.396
0.3657
0.3982
0.398
0.3989
0.3972
0.3833
0.3858
0.398
0.3976
0.3954
0.3891
0.3986
0.3665
0.3978
0.3851
0.3737
0.3607
0.3953
0.3971
0.3952
0.3987
0.3896
0.3949
0.3768
0.3927
0.3694
0.3928
0.389
0.3913
0.3995
0.391
0.3833
0.3719
0.3984
0.3981
0.3975
0.3924
0.3767
0.3958
0.3829
0.3814
0.3531
0.3905
0.3753
0.3961
0.3947
0.3836
0.3983
0.3983
0.3894
0.3781
0.3918
0.3877
0.374
0.3835
0.3827
0.3844
0.399
0.3765
0.3749
0.3938
0.3973
0.3953
0.3984
0.3822
0.3952
0.3854
0.3936
0.3969
0.3973
0.3799
0.3951
0.3905
0.3757
0.397
0.3976
0.3869
0.3934
0.3961
0.394
0.3971
0.3791
0.3912
0.3963
0.3908
0.3849
0.3967
0.3932
0.3949
0.3875
0.3916
0.3982
0.398
0.3835
0.3995
0.3832
0.3706
0.3869
0.3984
0.3976
0.3756
0.3954
0.3752
0.385
0.3951
0.392
0.3987
0.3835
0.3911
0.3961
0.376
0.3992
0.3856
0.3969
0.3778
0.3965
0.3681
0.3767
0.3895
0.3947
0.3958
0.3926
0.3904
0.3954
0.3915
0.3783
0.3963
0.3963
0.3766
0.3899
0.3989
0.3828
0.3989
0.3971
0.3826
0.3927
0.3971
0.3696
0.3966
0.3783
0.3978
0.3974
0.3852
0.3978
0.3823
0.3787
0.3942
0.396
0.398
0.3918
0.3952
0.3907
0.3939
0.3984
0.3988
0.3903
0.3879
0.3939
0.3875
0.39
0.3967
0.3943
0.3969
0.3992
0.3882
0.3963
0.3887
0.3975
0.3966
0.3995
0.383
0.3905
0.399
0.3881
0.3964
0.3995
0.3774
0.3926
0.3995
0.3939
0.383
0.3963
0.3801
0.392
0.3935
0.3897
0.3985
0.3996
0.3965
0.3933
0.3994
0.3926
0.3903
0.3991
0.3705
0.3991
0.3899
0.3996
0.3846
0.3721
0.381
0.3653
0.3826
0.3792
0.3989
0.3617
0.3994
0.396
0.379
0.3933
0.3784
0.3746
0.3962
0.38
0.3792
0.3995
0.3967
0.3727
0.3784
0.3886
0.3981
0.3954
0.3959
0.3872
0.3826
0.3703
0.3995
0.3838
0.398
0.3979
0.3983
0.3879
0.3949
0.3925
0.3949
0.3833
0.3973
0.3923
0.3517
0.3995
0.3944
0.3932
0.3913
0.3969
0.3962
0.3987
0.388
0.3957
0.3964
0.389
0.3832
0.3872
0.3879
0.3967
0.3865
0.3907
0.386
0.3858
0.395
0.3965
0.3983
0.397
0.3821
0.3784
0.389
0.398
0.3834
0.3941
0.3887
0.3966
0.3918
0.3798
0.3881
0.3857
0.3973
0.3948
0.3992
0.3978
0.3845
0.3947
0.3976
0.3835
0.3954
0.3796
0.3888
0.3839
0.388
0.388
0.3985
0.3801
0.3925
0.3811
0.3808
0.3912
0.3905
0.3793
0.3977
0.3958
0.3976
0.3985
0.3831
0.3949
0.3932
0.3808
0.3826
0.3955
0.385
0.3873
0.3724
0.3981
0.386
0.3973
0.3663
0.3956
0.3879
0.3964
0.3799
0.3921
0.3807
0.3836
0.3983
0.3956
0.3976
0.3912
0.3995
0.3733
0.3747
0.395
0.3936
0.3994
0.3883
0.3952
0.3938
0.3979
0.3873
0.3978
0.3995
0.3986
0.3991
0.3904
0.3967
0.3914
0.3937
0.3935
0.3793
0.3994
0.3707
0.3857
0.3824
0.3806
0.3984
0.3955
0.3858
0.3874
0.3871
0.3982
0.3902
0.3764
0.3992
0.3972
0.3984
0.3867
0.3749
0.3907
0.3758
0.3865
0.3836
0.3989
0.3906
0.3875
0.3884
0.3964
0.3696
0.3839
0.3949
0.3758
0.3825
0.3805
0.3816
0.3924
0.3987
0.3914
0.3891
0.3662
0.3848
0.3995
0.3936
0.3894
0.3729
0.3917
0.386
0.3656
0.3949
0.3782
0.3649
0.3893
0.3698
0.3977
0.3995
0.3995
0.3985
0.3856
0.3696
0.3968
0.3874
0.398
0.3881
0.3972
0.3917
0.3944
0.3895
0.3909
0.3953
0.3745
0.3984
0.3925
0.3903
0.3913
0.3982
0.3677
0.3961
0.3731
0.3987
0.3956
0.3883
0.3926
0.3857
0.3624
0.3956
0.3984
0.3885
0.3978
0.396
0.3617
0.3929
0.3853
0.367
0.3932
0.3964
0.3802
0.3984
0.3933
0.3718
0.3893
0.3746
0.3787
0.3849
0.3953
0.3822
0.3914
0.3957
0.3979
0.3966
0.3779
0.3951
0.3866
0.398
0.3968
0.3976
0.3792
0.3959
0.3942
0.3995
0.3891
0.3946
0.3973
0.3967
0.3969
0.3987
0.3883
0.3862
0.3965
0.3826
0.3837
0.3979
0.3799
0.3994
0.3742
0.3861
0.3878
0.3935
0.3991
0.3846
0.3989
0.3594
0.3922
0.3819
0.3901
0.3979
0.3995
0.3955
0.3943
0.3967
0.3862
0.3995
0.3854
0.3921
0.3989
0.3912
0.3996
0.3857
0.3761
0.3985
0.3883
0.3904
0.3737
0.3743
0.3771
0.3784
0.3876
0.3885
0.3829
0.3844
0.3994
0.3976
0.3966
0.3809
0.3824
0.3739
0.3817
0.3906
0.3971
0.3878
0.3994
0.3843
0.3923
0.3868
0.3836
0.3981
0.3982
0.3886
0.3958
0.3816
0.3973
0.3869
0.3859
0.3973
0.3859
0.3916
0.398
0.3758
0.3972
0.3886
0.391
0.3906
0.3895
0.376
0.3956
0.3983
0.3707
0.3915
0.3836
0.3793
0.3959
0.3779
0.384
0.3826
0.389
0.3863
0.396
0.3958
0.3913
0.3923
0.3967
0.3963
0.3907
0.3968
0.3988
0.3957
0.3976
0.3947
0.3834
0.3971
0.3967
0.3936
0.3576
0.3955
0.3896
0.3956
0.3974
0.3904
0.4
0.3961
0.3932
0.3987
0.3995
0.3807
0.3966
0.3928
0.3894
0.3917
0.3942
0.3994
0.3996
0.3976
0.3891
0.3915
0.397
0.3989
0.3951
0.3817
0.3955
0.3948
0.3965
0.396
0.3862
0.3912
0.3966
0.3903
0.4
0.3774
0.3912
0.3799
0.3889
0.3981
0.3837
0.3818
0.3974
0.3798
0.3964
0.3943
0.3982
0.3977
0.3946
0.3835
0.3881
0.3976
0.3992
0.3983
0.3983
0.3954
0.3981
0.3985
0.4
0.3955
0.3862
0.377
0.3977
0.4
0.3914
0.3966
0.3981
0.399
0.398
0.382
0.3785
0.398
0.3964
0.3978
0.3957
0.3991
0.3916
0.3985
0.3987
0.4
0.4
0.3866
0.3975
0.3885
0.3995
0.389
0.3954
0.3862
0.3995
0.3971
0.3877
0.3955
0.399
0.3869
0.3994
0.3875
0.3995
0.385
0.3977
0.3968
0.3809
0.3955
0.3898
0.3911
0.3968
0.3872
0.391
0.3968
0.3964
0.3783
0.392
0.3835
0.3951
0.3976
0.3907
0.38
0.3778
0.3964
0.3995
0.3906
0.3732
0.3974
0.4
0.3993
0.3962
0.3976
0.398
0.3971
0.386
0.3988
0.3971
0.3857
0.3985
0.3989
0.398
0.3974
0.3982
0.3814
0.3654
0.3951
0.3979
0.3982
0.3981
0.3994
0.3953
0.3989
0.3863
0.3981
0.3982
0.3988
0.3994
0.3989
0.3985
0.3991
0.3887
0.3853
0.3987
0.4
0.396
0.3967
0.3986
0.3957
0.3987
0.3977
0.394
0.3946
0.3971
0.3984
0.3976
0.3887
0.3956
0.3717
0.3916
0.399
0.3975
0.3939
0.3942
0.3961
0.3811
0.3865
0.3877
0.3966
0.3938
0.3803
0.3994
0.399
0.3969
0.3991
0.3995
0.3972
0.3973
0.3843
0.3898
0.3917
0.3988
0.393
0.3982
0.3971
0.3952
0.3972
0.3962
0.3974
0.3988
0.3965
0.3951
0.3915
0.3961
0.398
0.3965
0.3934
0.3976
0.3891
0.3858
0.3737
0.3983
0.3963
0.4
0.3959
0.3959
0.3895
0.3995
0.3978
0.392
0.391
0.3985
0.3989
0.3961
0.3984
0.3906
0.397
0.3869
0.3958
0.4
0.3994
0.3965
0.3938
0.398
0.3973
0.3925
0.3975
0.3989
0.3994
0.3986
0.39
0.3838
0.3975
0.3995
0.3811
0.3887
0.399
0.399
0.3827
0.399
0.3955
0.3985
0.3742
0.3987
0.391
0.3931
0.3994
0.3965
0.389
0.387
0.3949
0.3936
0.3986
0.3856
0.3944
0.3961
0.3953
0.3865
0.3931
0.3801
0.3934
0.3958
0.3995
0.3936
0.3942
0.3953
0.3968
0.3923
0.3961
0.395
0.3995
0.397
0.3961
0.3891
0.4
0.3964
0.3832
0.3872
0.3852
0.3895
0.3978
0.3966
0.388
0.3891
0.3976
0.3988
0.3717
0.3886
0.3957
0.3838
0.3971
0.3963
0.3957
0.399
0.3784
0.3975
0.3988
0.3995
0.3988
0.394
0.3892
0.3782
0.398
0.3946
0.3945
0.3857
0.3978
0.3964
0.3938
0.3948
0.3943
0.3964
0.3843
0.392
0.3968
0.3967
0.3647
0.3974
0.3843
0.3893
0.3852
0.3835
0.3964
0.3957
0.3974
0.3973
0.3953
0.3985
0.3984
0.3986
0.3981
0.3953
0.3945
0.3933
0.3985
0.3945
0.3973
0.3974
0.3969
0.3979
0.3965
0.3884
0.3674
0.3981
0.3958
0.3897
0.3947
0.3945
0.3977
0.3971
0.3764
0.4
0.3944
0.398
0.3994
0.3994
0.3943
0.3981
0.3989
0.3988
0.3733
0.3809
0.3933
0.386
0.3961
0.3975
0.3984
0.3985
0.4
0.3807
0.3941
0.3966
0.3963
0.396
0.3983
0.3973
0.3985
0.399
0.3895
0.3984
0.386
0.3955
0.3892
0.3972
0.3975
0.3879
0.3963
0.3974
0.3972
0.3975
0.3977
0.3989
0.3988
0.3948
0.3949
0.3877
0.398
0.3965
0.3976
0.3816
0.3888
0.3969
0.3977
0.3987
0.3932
0.3995
0.3824
0.3667
0.3606
0.3944
0.3925
0.3868
0.3767
0.3981
0.3951
0.3984
0.3957
0.3945
0.393
0.3977
0.3981
0.3983
0.3991
0.3961
0.3692
0.3981
0.3893
0.3842
0.3564
0.3956
0.3987
0.3934
0.3984
0.3983
0.3966
0.3994
0.3975
0.3977
0.3953
0.3932
0.3842
0.399
0.399
0.3995
0.3726
0.3984
0.3995
0.3995
0.3981
0.3801
0.3963
0.3965
0.3974
0.3661
0.3948
0.3951
0.3972
0.3947
0.394
0.398
0.3982
0.3911
0.4
0.3854
0.3804
0.3878
0.3803
0.3982
0.3912
0.3975
0.3979
0.398
0.3954
0.3962
0.3943
0.3962
0.393
0.3982
0.3995
0.3994
0.3986
0.3931
0.3922
0.399
0.3975
0.3793
0.396
0.3988
0.3984
0.391
0.3934
0.394
0.3963
0.3826
0.3946
0.3655
0.3905
0.3853
0.3957
0.3985
0.3989
0.3942
0.3956
0.3982
0.3995
0.3992
0.399
0.3953
0.3978
0.3995
0.3977
0.396
0.3983
0.3923
0.3799
0.3956
0.3959
0.3902
0.3991
0.3978
0.3995
0.3989
0.3898
0.3988
0.3995
0.4
0.3867
0.3976
0.3624
0.3981
0.3857
0.4
0.3971
0.3988
0.3933
0.3923
0.3888
0.3741
0.3952
0.3953
0.3949
0.3986
0.3973
0.3989
0.3978
0.3962
0.3855
0.3995
0.3963
0.393
0.3952
0.3885
0.3975
0.3924
0.3977
0.3995
0.399
0.3987
0.3971
0.3929
0.3983
0.3989
0.3981
0.4
0.3985
0.3989
0.3962
0.3922
0.3876
0.3922
0.3853
0.397
0.397
0.3953
0.3982
0.3983
0.399
0.3937
0.3965
0.3975
0.3815
0.3989
0.3982
0.3988
0.398
0.3834
0.3927
0.398
0.398
0.3973
0.3949
0.3899
0.3966
0.3995
0.3981
0.3871
0.3931
0.3929
0.3953
0.3957
0.3975
0.3824
0.3856
0.3948
0.3989
0.398
0.3738
0.3978
0.3806
0.3966
0.389
0.3705
0.3963
0.3989
0.398
0.3941
0.3971
0.3948
0.3978
0.3956
0.3784
0.3921
0.385
0.3776
0.3955
0.3787
0.3964
0.3893
0.3943
0.3946
0.3732
0.3973
0.3952
0.3935
0.3956
0.3947
0.3815
0.3846
0.3976
0.3868
0.3965
0.3996
0.3987
0.396
0.3994
0.3771
0.3995
0.396
0.3945
0.3987
0.3637
0.3962
0.3942
0.3995
0.3955
0.3973
0.3944
0.3975
0.397
0.3926
0.3979
0.39
0.3842
0.3973
0.3934
0.3967
0.383
0.3982
0.4
0.3892
0.3949
0.3944
0.398
0.3926
0.3981
0.3972
0.3933
0.399
0.3826
0.3973
0.3985
0.3964
0.3978
0.3903
0.397
0.3989
0.3983
0.399
0.3983
0.3986
0.3977
0.3939
0.3991
0.3911
0.3934
0.3925
0.3962
0.3972
0.3888
0.393
0.3978
0.3679
0.3929
0.3995
0.3899
0.3844
0.3963
0.3806
0.4
0.3964
0.3988
0.392
0.3977
0.3942
0.3855
0.389
0.3881
0.3932
0.3843
0.3874
0.3712
0.3965
0.3986
0.3973
0.3963
0.3975
0.3914
0.3953
0.3729
0.3893
0.3908
0.3963
0.4
0.3952
0.3986
0.3952
0.3972
0.3995
0.3986
0.3975
0.396
0.3973
0.3924
0.3955
0.391
0.3989
0.3862
0.3963
0.3991
0.3972
0.4
0.3966
0.399
0.3885
0.3925
0.391
0.3927
0.3959
0.375
0.3938
0.398
0.3985
0.3967
0.3962
0.3956
0.3977
0.3953
0.3976
0.3911
0.3967
0.3984
0.3988
0.398
0.3972
0.3985
0.3994
0.3951
0.3966
0.3893
0.4
0.3904
0.3973
0.399
0.3989
0.3914
0.3943
0.3967
0.3991
0.392
0.3973
0.3988
0.3889
0.3974
0.3953
0.379
0.373
0.3994
0.3949
0.3962
0.3975
0.3707
0.3916
0.3968
0.3935
0.3923
0.3716
0.3646
0.3939
0.3972
0.3946
0.399
0.4
0.3964
0.3857
0.3994
0.3945
0.3961
0.3958
0.3967
0.3926
0.3984
0.3995
0.3942
0.3974
0.3944
0.3921
0.3788
0.3994
0.3948
0.3994
0.3969
0.3713
0.3953
0.3692
0.3978
0.4
0.3941
0.3901
0.3901
0.378
0.3939
0.3939
0.3867
0.3995
0.399
0.3957
0.3913
0.4
0.397
0.3983
0.3959
0.392
0.3984
0.3965
0.3981
0.3847
0.3784
0.3983
0.3966
0.3939
0.3977
0.3926
0.3973
0.399
0.3938
0.3836
0.3983
0.3994
0.3991
0.3971
0.398
0.3788
0.3727
0.399
0.4
0.3972
0.3946
0.3963
0.3955
0.3906
0.3987
0.3973
0.394
0.3974
0.394
0.3856
0.3965
0.3987
0.4
0.3735
0.395
0.391
0.3966
0.3986
0.3852
0.4
0.3977
0.3946
0.3775
0.3995
0.398
0.3977
0.399
0.3944
0.3936
0.3976
0.3995
0.388
0.3936
0.3981
0.3965
0.4
0.3978
0.3976
0.3995
0.3971
0.3979
0.3891
0.3988
0.3777
0.3972
0.3966
0.3986
0.3856
0.3813
0.3983
0.3965
0.3996
0.3835
0.3815
0.377
0.3911
0.3827
0.3961
0.39
0.3971
0.3831
0.3942
0.3991
0.3991
0.3928
0.3981
0.396
0.3929
0.3809
0.3943
0.3979
0.3805
0.3961
0.3995
0.3951
0.3852
0.3994
0.3936
0.3924
0.3979
0.3969
0.397
0.3968
0.3954
0.394
0.3819
0.3979
0.3954
0.3953
0.3995
0.3933
0.3875
0.3887
0.3994
0.384
0.3938
0.399
0.3935
0.3892
0.3986
0.3989
0.3812
0.3978
0.3972
0.3987
0.3991
0.3989
0.393
0.3991
0.3941
0.3938
0.3878
0.3958
0.3974
0.3973
0.4
0.3969
0.3991
0.3961
0.3989
0.3986
0.3985
0.395
0.395
0.3847
0.3985
NA
NA
NA
NA
NA
NA
NA
NA
NA
NA
NA
NA
NA
NA
NA
NA
NA
NA
NA
NA
NA
NA
NA
NA
NA
NA
NA
NA
NA
NA
NA
NA
NA
NA
NA
NA
NA
NA
NA
NA
NA
NA
NA
NA
NA
NA
NA
NA
NA
NA
NA
NA
NA
NA
NA
NA
NA
NA
NA
NA
NA
NA
NA
NA
NA
NA
NA
NA
NA
NA
NA
NA
NA
NA
NA
NA
NA
NA
NA
NA
NA
NA
NA
NA
NA
NA
NA
NA
NA
NA
NA
NA
NA
NA
NA
NA
NA
NA
NA
NA
NA
NA
NA
NA
NA
NA
NA
NA
NA
NA
NA
NA
NA
NA
NA
NA
NA
NA
NA
NA
NA
NA
NA
NA
NA
NA
NA
NA
NA
NA
NA
NA
NA
NA
NA
NA
NA
NA
NA
NA
NA
NA
NA
NA
NA
NA
NA
NA
NA
NA
NA
NA
NA
NA
NA
NA
NA
NA
NA
NA
NA
NA
NA
NA
NA
NA
NA
NA
NA
NA
NA
NA
NA
NA
NA
NA
NA
NA
NA
NA
NA
NA
NA
NA
NA
NA
NA
NA
NA
NA
NA
NA
NA
NA
NA
NA
NA
NA
NA
NA
NA
NA
NA
NA
NA
NA
NA
NA
NA
NA
NA
NA
NA
NA
NA
NA
NA
NA
NA
NA
NA
NA
NA
NA
NA
NA
NA
NA
NA
NA
NA
NA
NA
NA
NA
NA
NA
NA
NA
NA
NA
NA
NA
NA
NA
NA
NA
NA
NA
NA
NA
NA
NA
NA
NA
NA
NA
NA
NA
NA
NA
NA
NA
NA
NA
NA
NA
NA
NA
NA
NA
NA
NA
NA
NA
NA
NA
NA
NA
NA
NA
NA
NA
NA
NA
NA
NA
NA
NA
NA
NA
NA
NA
NA
NA
NA
NA
NA
NA
NA
NA
NA
NA
NA
NA
NA
NA
NA
NA
NA
NA
NA
NA
NA
NA
NA
NA
NA
NA
NA
NA
NA
NA
NA
NA
NA
NA
NA
NA
NA
NA
NA
NA
NA
NA
NA
NA
NA
NA
NA
NA
NA
NA
NA
NA
NA
NA
NA
NA
NA
NA
NA
NA
NA
NA
NA
NA
NA
NA
NA
NA
NA
NA
NA
NA
NA
NA
NA
NA
NA
NA
NA
NA
NA
NA
NA
NA
NA
NA
NA
NA
NA
NA
NA
NA
NA
NA
NA
NA
NA
NA
NA
NA
NA
NA
NA
NA
NA
NA
NA
NA
NA
NA
NA
NA
NA
NA
NA
NA
NA
NA
NA
NA
NA
NA
NA
NA
NA
NA
NA
NA
NA
NA
NA
NA
NA
NA
NA
NA
NA
NA
NA
NA
NA
NA
NA
NA
NA
NA
NA
NA
NA
NA
NA
NA
NA
NA
NA
NA
NA
NA
NA
NA
NA
NA
NA
NA
NA
NA
NA
NA
NA
NA
NA
NA
NA
NA
NA
NA
NA
NA
NA
NA
NA
NA
NA
NA
NA
NA
NA
NA
NA
NA
NA
NA
NA
NA
NA
NA
NA
NA
NA
NA
NA
NA
NA
NA
NA
NA
NA
NA
NA
NA
NA
NA
NA
NA
NA
NA
NA
NA
NA
NA
NA
NA
NA
NA
NA
NA
NA
NA
NA
NA
NA
NA
NA
NA
NA
NA
NA
NA
NA
NA
NA
NA
NA
NA
NA
NA
NA
NA
NA
NA
NA
NA
NA
NA
NA
NA
NA
NA
NA
NA
NA
NA
NA
NA
NA
NA
NA
NA
NA
NA
NA
NA
NA
NA
NA
NA
NA
NA
NA
NA
NA
NA
NA
NA
NA
NA
NA
NA
NA
NA
NA
NA
NA
NA
NA
NA
NA
NA
NA
NA
NA
NA
NA
NA
NA
NA
NA
NA
NA
NA
NA
NA
NA
NA
NA
NA
NA
NA
NA
NA
NA
NA
NA
NA
NA
NA
NA
NA
NA
NA
NA
NA
NA
NA
NA
NA
NA
NA
NA
NA
NA
NA
NA
NA
NA
NA
NA
NA
NA
NA
NA
NA
NA
NA
NA
NA
NA
NA
NA
NA
NA
NA
NA
NA
NA
NA
NA
NA
NA
NA
NA
NA
NA
NA
NA
NA
NA
NA
NA
NA
NA
NA
NA
NA
NA
NA
NA
NA
NA
NA
NA
NA
NA
NA
NA
NA
NA
NA
NA
NA
NA
NA
NA
NA
NA
NA
NA
NA
NA
NA
NA
NA
NA
NA
NA
NA
NA
NA
NA
NA
NA
NA
NA
NA
NA
NA
NA
NA
NA
NA
NA
NA
NA
NA
NA
NA
NA
NA
NA
NA
NA
NA
NA
NA
NA
NA
NA
NA
NA
NA
NA
NA
NA
NA
NA
NA
NA
NA
NA
NA
NA
NA
NA
NA
NA
NA
NA
NA
NA
NA
NA
NA
NA
NA
NA
NA
NA
NA
NA
NA
NA
NA
NA
NA
NA
NA
NA
NA
NA
NA
NA
NA
NA
NA
NA
NA
NA
NA
NA
NA
NA
NA
NA
NA
NA
NA
NA
NA
NA
NA
NA
NA
NA
NA
NA
NA
NA
NA
NA
NA
NA
NA
NA
NA
NA
NA
NA
NA
NA
NA
NA
NA
NA
NA
NA
NA
NA
NA
NA
NA
NA
NA
NA
NA
NA
NA
NA
NA
NA
NA
NA
NA
NA
NA
NA
NA
NA
NA
NA
NA
NA
NA
NA
NA
NA
NA
NA
NA
NA
NA
NA
NA
NA
NA
NA
NA
NA
NA
NA
NA
NA
NA
NA
NA
NA
NA
NA
NA
NA
NA
NA
NA
NA
NA
NA
NA
NA
NA
NA
NA
NA
NA
NA
NA
NA
NA
NA
NA
NA
NA
NA
NA
NA
NA
NA
NA
NA
NA
NA
NA
NA
NA
NA
NA
NA
NA
NA
NA
NA
NA
NA
NA
NA
NA
NA
NA
NA
NA
NA
NA
NA
NA
NA
NA
NA
NA
NA
NA
NA
NA
NA
NA
NA
NA
NA
NA
NA
NA
NA
NA
NA
NA
NA
NA
NA
NA
NA
NA
NA
NA
NA
NA
NA
NA
NA
NA
NA
NA
NA
NA
NA
NA
NA
NA
NA
NA
NA
NA
NA
NA
NA
NA
NA
NA
NA
NA
NA
NA
NA
NA
NA
NA
NA
NA
NA
NA
NA
NA
NA
NA
NA
NA
NA
NA
NA
NA
NA
NA
NA
NA
NA
NA
NA
NA
NA
NA
NA
NA
NA
NA
NA
NA
NA
NA
NA
NA
NA
NA
NA
NA
NA
NA
NA
NA
NA
NA
NA
NA
NA
NA
NA
NA
NA
NA
NA
NA
NA
NA
NA
NA
NA
NA
NA
NA
NA
NA
NA
NA
NA
NA
NA
NA
NA
NA
NA
NA
NA
NA
NA
NA
NA
NA
NA
NA
NA
NA
NA
NA
NA
NA
NA
NA
NA
NA
NA
NA
NA
NA
NA
NA
NA
NA
NA
NA
NA
NA
NA
NA
NA
NA
NA
NA
NA
NA
NA
NA
NA
NA
NA
NA
NA
NA
NA
NA
NA
NA
NA
NA
NA
NA
NA
NA
NA
NA
NA
NA
NA
NA
NA
NA
NA
NA
NA
NA
NA
NA
NA
NA
NA
NA
NA
NA
NA
NA
NA
NA
NA
NA
NA
NA
NA
NA
NA
NA
NA
NA
NA
NA
NA
NA
NA
NA
NA
NA
NA
NA
NA
NA
NA
NA
NA
NA
NA
NA
NA
NA
NA
NA
NA
NA
NA
NA
NA
NA
NA
NA
NA
NA
NA
NA
NA
NA
NA
NA
NA
NA
NA
NA
NA
NA
NA
NA
NA
NA
NA
NA
NA
NA
NA
NA
NA
NA
NA
NA
NA
NA
NA
NA
NA
NA
NA
NA
NA
NA
NA
NA
NA
NA
NA
NA
NA
NA
NA
NA
NA
NA
NA
NA
NA
NA
NA
NA
NA
NA
NA
NA
NA
NA
NA
NA
NA
NA
NA
NA
NA
NA
NA
NA
NA
NA
NA
NA
NA
NA
NA
NA
NA
NA
NA
NA
NA
NA
NA
NA
NA
NA
NA
NA
NA
NA
NA
NA
NA
NA
NA
NA
NA
NA
NA
NA
NA
NA
NA
NA
NA
NA
NA
NA
NA
NA
NA
NA
NA
NA
NA
NA
NA
NA
NA
NA
NA
NA
NA
NA
NA
NA
NA
NA
NA
NA
NA
NA
NA
NA
NA
NA
NA
NA
NA
NA
NA
NA
NA
NA
NA
NA
NA
NA
NA
NA
NA
NA
NA
NA
NA
NA
NA
NA
NA
NA
NA
NA
NA
NA
NA
NA
NA
NA
NA
NA
NA
NA
NA
NA
NA
NA
NA
NA
NA
NA
NA
NA
NA
NA
NA
NA
NA
NA
NA
NA
NA
NA
NA
NA
NA
NA
NA
NA
NA
NA
NA
NA
NA
NA
NA
NA
NA
NA
NA
NA
NA
NA
NA
NA
NA
NA
NA
NA
NA
NA
NA
NA
NA
NA
NA
NA
NA
NA
NA
NA
NA
NA
NA
NA
NA
NA
NA
NA
NA
NA
NA
NA
NA
NA
NA
NA
NA
NA
NA
NA
NA
NA
NA
NA
NA
NA
NA
NA
NA
NA
NA
NA
NA
NA
NA
NA
NA
NA
NA
NA
NA
NA
NA
NA
NA
NA
NA
NA
NA
NA
NA
NA
NA
NA
NA
NA
NA
NA
NA
NA
NA
NA
NA
NA
NA
NA
NA
NA
NA
NA
NA
NA
NA
NA
NA
NA
NA
NA
NA
NA
NA
NA
NA
NA
NA
NA
NA
NA
NA
NA
NA
NA
NA
NA
NA
NA
NA
NA
NA
NA
NA
NA
NA
NA
NA
NA
NA
NA
NA
NA
NA
NA
NA
NA
NA
NA
NA
NA
NA
NA
NA
NA
NA
NA
NA
NA
NA
NA
NA
NA
NA
NA
NA
NA
NA
NA
NA
NA
NA
NA
NA
NA
NA
NA
NA
NA
NA
NA
NA
NA
NA
NA
NA
NA
NA
NA
NA
NA
NA
NA
NA
NA
NA
NA
NA
NA
NA
NA
NA
NA
NA
NA
NA
NA
NA
NA
NA
NA
NA
NA
NA
NA
NA
NA
NA
NA
NA
NA
NA
NA
NA
NA
NA
NA
NA
NA
NA
NA
NA
NA
NA
NA
NA
NA
NA
NA
NA
NA
NA
NA
NA
NA
NA
NA
NA
NA
NA
NA
NA
NA
NA
NA
NA
NA
NA
NA
NA
NA
NA
NA
NA
NA
NA
NA
NA
NA
NA
NA
NA
NA
NA
NA
NA
NA
NA
NA
NA
NA
NA
NA
NA
NA
NA
NA
NA
NA
NA
NA
NA
NA
NA
NA
NA
NA
NA
NA
NA
NA
NA
NA
NA
NA
NA
NA
NA
NA
NA
NA
NA
NA
NA
NA
NA
NA
NA
NA
NA
NA
NA
NA
NA
NA
NA
NA
NA
NA
NA
NA
NA
NA
NA
NA
NA
NA
NA
NA
NA
NA
NA
NA
NA
NA
NA
NA
NA
NA
NA
NA
NA
NA
NA
NA
NA
NA
NA
NA
NA
NA
NA
NA
NA
NA
NA
NA
NA
NA
NA
NA
NA
NA
NA
NA
NA
NA
NA
NA
NA
NA
NA
NA
NA
NA
NA
NA
NA
NA
NA
NA
NA
NA
NA
NA
NA
NA
NA
NA
NA
NA
NA
NA
NA
NA
NA
NA
NA
NA
NA
NA
NA
NA
NA
NA
NA
NA
NA
NA
NA
NA
NA
NA
NA
NA
NA
NA
NA
NA
NA
NA
NA
NA
NA
NA
NA
NA
NA
NA
NA
NA
NA
NA
NA
NA
NA
NA
NA
NA
NA
NA
NA
NA
NA
NA
NA
NA
NA
NA
NA
NA
NA
NA
NA
NA
NA
NA
NA
NA
NA
NA
NA
NA
NA
NA
NA
NA
NA
NA
NA
NA
NA
NA
NA
NA
NA
NA
NA
NA
NA
NA
NA
NA
NA
NA
NA
NA
NA
NA
NA
NA
NA
NA
NA
NA
NA
NA
NA
NA
NA
NA
NA
NA
NA
NA
NA
NA
NA
NA
NA
NA
NA
NA
NA
NA
NA
NA
NA
NA
NA
NA
NA
NA
NA
NA
NA
NA
NA
NA
NA
NA
NA
NA
NA
NA
NA
NA
NA
NA
NA
NA
NA
NA
NA
NA
NA
NA
NA
NA
NA
NA
NA
NA
NA
NA
NA
NA
NA
NA
NA
NA
NA
NA
NA
NA
NA
NA
NA
NA
NA
NA
NA
NA
NA
NA
NA
NA
NA
NA
NA
NA
NA
NA
NA
NA
NA
NA
NA
NA
NA
NA
NA
NA
NA
NA
NA
NA
NA
NA
NA
NA
NA
NA
NA
NA
NA
NA
NA
NA
NA
NA
NA
NA
NA
NA
NA
NA
NA
NA
NA
NA
NA
NA
NA
NA
NA
NA
NA
NA
NA
NA
NA
NA
NA
NA
NA
NA
NA
NA
NA
NA
NA
NA
NA
NA
NA
NA
NA
NA
NA
NA
NA
NA
NA
NA
NA
NA
NA
NA
NA
NA
NA
NA
NA
NA
NA
NA
NA
NA
NA
NA
NA
NA
NA
NA
NA
NA
NA
NA
NA
NA
NA
NA
NA
NA
NA
NA
NA
NA
NA
NA
NA
NA
NA
NA
NA
NA
NA
NA
NA
NA
NA
NA
NA
NA
NA
NA
NA
NA
NA
NA
NA
NA
NA
NA
NA
NA
NA
NA
NA
NA
NA
NA
NA
NA
NA
NA
NA
NA
NA
NA
NA
NA
NA
NA
NA
NA
NA
NA
NA
NA
NA
NA
NA
NA
NA
NA
NA
NA
NA
NA
NA
NA
NA
NA
NA
NA
NA
NA
NA
NA
NA
NA
NA
NA
NA
NA
NA
NA
NA
NA
NA
NA
NA
NA
NA
NA
NA
NA
NA
NA
NA
NA
NA
NA
NA
NA
NA
NA
NA
NA
NA
NA
NA
NA
NA
NA
NA
NA
NA
NA
NA
NA
NA
NA
NA
NA
NA
NA
NA
NA
NA
NA
NA
NA
NA
NA
NA
NA
NA
NA
NA
NA
NA
NA
NA
NA
NA
NA
NA
NA
NA
NA
NA
NA
NA
NA
NA
NA
NA
NA
NA
NA
NA
NA
NA
NA
NA
NA
NA
NA
NA
NA
NA
NA
NA
NA
NA
NA
NA
NA
NA
NA
NA
NA
NA
NA
NA
NA
NA
NA
NA
NA
NA
NA
NA
NA
NA
NA
NA
NA
NA
NA
NA
NA
NA
NA
NA
NA
NA
NA
NA
NA
NA
NA
NA
NA
NA
NA
NA
NA
NA
NA
NA
NA
NA
NA
NA
NA
NA
NA
NA
NA
NA
NA
NA
NA
NA
NA
NA
NA
NA
NA
NA
NA
NA
NA
NA
NA
NA
NA
NA
NA
NA
NA
NA
NA
NA
NA
NA
NA
NA
NA
NA
NA
NA
NA
NA
NA
NA
NA
NA
NA
NA
NA
NA
NA
NA
NA
NA
NA
NA
NA
NA
NA
NA
NA
NA
NA
NA
NA
NA
NA
NA
NA
NA
NA
NA
NA
NA
NA
NA
NA
NA
NA
NA
NA
NA
NA
NA
NA
NA
NA
NA
NA
NA
NA
NA
NA
NA
NA
NA
NA
NA
NA
NA
NA
NA
NA
NA
NA
NA
NA
NA
NA
NA
NA
NA
NA
NA
NA
NA
NA
NA
NA
NA
NA
NA
NA
NA
NA
NA
NA
NA
NA
NA
NA
NA
NA
NA
NA
NA
NA
NA
NA
NA
NA
NA
NA
NA
NA
NA
NA
NA
NA
NA
NA
NA
NA
NA
NA
NA
NA
NA
NA
NA
NA
NA
NA
NA
NA
NA
NA
NA
NA
NA
NA
NA
NA
NA
NA
NA
NA
NA
NA
NA
NA
NA
NA
NA
NA
NA
NA
NA
NA
NA
NA
NA
NA
NA
NA
NA
NA
NA
NA
NA
NA
NA
NA
NA
NA
NA
NA
NA
NA
NA
NA
NA
NA
NA
NA
NA
NA
NA
NA
NA
NA
NA
NA
NA
NA
NA
NA
NA
NA
NA
NA
NA
NA
NA
NA
NA
NA
NA
NA
NA
NA
NA
NA
NA
NA
NA
NA
NA
NA
NA
NA
NA
NA
NA
NA
NA
NA
NA
NA
NA
NA
NA
NA
NA
NA
NA
NA
NA
NA
NA
NA
NA
NA
NA
NA
NA
NA
NA
NA
NA
NA
NA
NA
NA
NA
NA
NA
NA
NA
NA
NA
NA
NA
NA
NA
NA
NA
NA
NA
NA
NA
NA
NA
NA
NA
NA
NA
NA
NA
NA
NA
NA
NA
NA
NA
NA
NA
NA
NA
NA
NA
NA
NA
NA
NA
NA
NA
NA
NA
NA
NA
NA
NA
NA
NA
NA
NA
NA
NA
NA
NA
NA
NA
NA
NA
NA
NA
NA
NA
NA
NA
NA
NA
NA
NA
NA
NA
NA
NA
NA
NA
NA
NA
NA
NA
NA
NA
NA
NA
NA
NA
NA
NA
NA
NA
NA
NA
NA
NA
NA
NA
NA
NA
NA
NA
NA
NA
NA
NA
NA
NA
NA
NA
NA
NA
NA
NA
NA
NA
NA
NA
NA
NA
NA
NA
NA
NA
NA
NA
NA
NA
NA
NA
NA
NA
NA
NA
NA
NA
NA
NA
NA
NA
NA
NA
NA
NA
NA
NA
NA
NA
NA
NA
NA
NA
NA
NA
NA
NA
NA
NA
NA
NA
NA
NA
NA
NA
NA
NA
NA
NA
NA
NA
NA
NA
NA
NA
NA
NA
NA
NA
NA
NA
NA
NA
NA
NA
NA
NA
NA
NA
NA
NA
NA
NA
NA
NA
NA
NA
NA
NA
NA
NA
NA
NA
NA
NA
NA
NA
NA
NA
NA
NA
NA
NA
NA
NA
NA
NA
NA
NA
NA
NA
NA
NA
NA
NA
NA
NA
NA
NA
NA
NA
NA
NA
NA
NA
NA
NA
NA
NA
NA
NA
NA
NA
NA
NA
NA
NA
NA
NA
NA
NA
NA
NA
NA
NA
NA
NA
NA
NA
NA
NA
NA
NA
NA
NA
NA
NA
NA
NA
NA
NA
NA
NA
NA
NA
NA
NA
NA
NA
NA
NA
NA
NA
NA
NA
NA
NA
NA
NA
NA
NA
NA
NA
NA
NA
NA
NA
NA
NA
NA
NA
NA
NA
NA
NA
NA
NA
NA
NA
NA
NA
NA
NA
NA
NA
NA
NA
NA
NA
NA
NA
NA
NA
NA
NA
NA
NA
NA
NA
NA
NA
NA
NA
NA
NA
NA
NA
NA
NA
NA
NA
NA
NA
NA
NA
NA
NA
NA
NA
NA
NA
NA
NA
NA
NA
NA
NA
NA
NA
NA
NA
NA
NA
NA
NA
NA
NA
NA
NA
NA
NA
NA
NA
NA
NA
NA
NA
NA
NA
NA
NA
NA
NA
NA
NA
NA
NA
NA
NA
NA
NA
NA
NA
NA
NA
NA
NA
NA
NA
NA
NA
NA
NA
NA
NA
NA
NA
NA
NA
NA
NA
NA
0.2029
0.3152
0.2208
0.0367
0.3827
0.2842
0.2192
0.1795
0.3571
0.2024
0.3077
0.16
0.0843
0.3095
0.3735
0.25
0.3194
0.2368
0.3373
0.1468
0.3291
0.3412
0.2771
0.3194
0.2135
0.2791
0.2235
0.225
0.3537
0.3
0.3846
0.2165
0.1837
0.3803
0.3291
0.3636
0.1458
0.2404
0.2258
0.325
0.3279
0.1744
0.1481
0.2152
0.0471
0.3953
0.4891
0.2667
0.3718
0.4658
0.2
0.2029
0.1264
0.2024
0.3516
0.3803
0.3117
0.1868
0.1019
0.3372
0.0204
0.303
0.3012
0.1515
0.3377
0.186
0.1429
0.2
0.3457
0.2308
0.2828
0.2281
0.2469
0.0706
0.2533
0.2093
0.1262
0.25
0.2466
0.3067
0.25
0.2
0.6842
0.0533
0.211
0.2247
0.1687
0.3867
0.3833
0.3492
0.2784
0.1789
0.1635
0.2584
0.2833
0.2727
0.3469
0.1556
0.1954
0.1915
0.3038
0.5823
0.0753
0.2857
0.3218
0.2683
0.0238
0.3253
0.2308
0.4328
0.2442
0.2209
0.037
0.2211
0.3824
0.1831
0.3827
0.3049
0.1646
0.2317
0.0606
0.1667
0.3766
0.4714
0.36
0.2128
0.0563
0.2045
0.4918
0.1753
0.4932
0.3175
0.2809
0.3059
0.5522
0.4265
0.2911
0.1263
0.2414
0.1624
0.2128
0.5294
0.1899
0.2113
0.3088
0.2674
0.0577
0.1649
0.19
0.0957
0.303
0.2708
0.274
0.1619
0.2237
0.2727
0.3902
0.1818
0.1882
0.2174
0.2128
0.1556
0.2642
0.2647
0.2632
0.1667
0.2824
0.2222
0.4521
0.0741
0.2289
0.2025
0.1758
0.2644
0.4595
0.2338
0.1268
0.7027
0.1237
0.338
0.6429
0.1134
0.3662
0.1728
0.1919
0.2405
0.3412
0.1364
0.301
0.3506
0.0777
0.2346
0.3038
0.1
0.1566
0.2
0.2903
0.6338
0.3452
0.186
0.2069
0.2262
0.3714
0.1364
0.1053
0.1628
0.061
0.1758
0.28
0.25
0.0116
0.2333
0.3067
0.2903
0.1712
0.3088
0.2414
0.3373
0.3
0.2895
0.24
0.3465
0.0833
0.1023
0.2381
0.274
0.3014
0.2222
0.3333
0.2247
0.0805
0.284
0.3846
0.3
0.2927
0.284
0.3881
0.3103
0.1341
0.275
0.5735
0.1224
0.2747
0.1918
0.1605
0.241
0.2588
0.25
0.3626
0.2558
0.2989
0.4074
0.4405
0.2716
0.1613
0.3827
0.3562
0.411
0.25
0.5811
0.1818
0.3614
0.2083
0.1233
0.1429
0.1818
0.1868
0.1449
0.1875
0.1328
0.266
0.3293
0.2
0.0154
0.2809
0.1867
0.2647
0.1463
0.1795
0.3125
0.2414
0.2301
0.2338
0.3194
0.4634
0.2391
0.1609
0.3235
0.2027
0.0408
0.2338
0.2927
0.5167
0.2418
0.2361
0.1724
0.4375
0.043
0.3415
0.3333
0.1954
0.2329
0.1818
0.2264
0.1828
0.25
0.2667
0.4203
0.0935
0.0964
0.2124
0.2083
0.2366
0.0495
0.3265
0.2838
0.2394
0.358
0.5625
0.3182
0.4308
0.4203
0.0375
0.0952
0.023
0.2727
0.2692
0.36
0.2593
0.0986
0.1196
0.3735
0.2289
0.2432
0.1609
0.2692
0.1667
0.2405
0.1875
0.2294
0.614
0.2262
0.1389
0.274
0.0532
0.2019
0.1039
0.2472
0.2527
0.2237
0.2159
0.0575
0.0641
0.3378
0.2278
0.2
0.3077
0.2714
0.3407
0.2857
0.2432
0.369
0.2581
0.1687
0.2338
0.1724
0.1684
0.4103
0.2143
0.2222
0.3605
0.1596
0.2329
0.1975
0.1461
0.2593
0.1348
0.3333
0.4085
0.25
0.2817
0.2254
0.2771
0.2024
0.1574
0.1753
0.2581
0.3
0.2
0.3291
0.2329
0.3151
0.2875
0.1735
0.3125
0.1011
0.3291
0.2874
0.2553
0.0357
0.122
0.4419
0.2021
0.1
0.473
0.3485
0.5
0.2584
0.3714
0.3333
0.4189
0.1978
0.2951
0.3205
0.1354
0.1974
0.2184
0.2045
0.2353
0.2551
0.1667
0.2791
0.3288
0.3452
0.4048
0.4938
0.625
0.1635
0.266
0.1733
0.0769
0.1829
0.2737
0.3731
0.1059
0.2299
0.2361
0.2532
0.3587
0.1585
0.1548
0.35
0.39
0.3553
0.1412
0.2561
0.2
0.3895
0.3115
0.2895
0.3898
0.5441
0.1667
0.0694
0.0106
0.4082
0.1798
0.1748
0.0206
0.3846
0.3375
0.325
0.4062
0.2614
0.202
0.3478
0.1486
0.1477
0.2667
0.2955
0.2151
0.181
0.2911
0.275
0.4658
0.3333
0.1975
0.1579
0.1848
0.2442
0.1792
0.1512
0.2473
0.2024
0.2
0.2917
0.2535
0.3377
0.1619
0.2727
0.2941
0.2796
0.2442
0.3171
0.1744
0.2159
0.3168
0.2874
0.4571
0.08
0.1959
0.2737
0.2658
0.1009
0.0312
0.0395
0.2933
0.1667
0.0482
0.4062
0.3011
0.2571
0.3718
0.3333
0.2414
0.2391
0.2889
0.2297
0.2527
0.4638
0.2388
0.2385
0.2558
0.4138
0.2558
0.2556
0.4474
0.0737
0.1919
0.1905
0.2933
0.2
0.1449
0.2927
0.2532
0.4337
0.1818
0.1884
0.3443
0.358
0.2647
0.1875
0.3288
0.0779
0.2418
0.1163
0.2432
0.2254
0.1711
0.2651
0.3077
0.2857
0.1758
0.1915
0.2169
0.2308
0.381
0.1594
0.3404
0.1667
0.2235
0.2027
0.2025
0.0706
0.4
0.141
0.1236
0.3093
0.2644
0.1196
0.0253
0.0889
0.1613
0.1835
0.1975
0.1461
0.169
0.0204
0.3684
0.2703
0.1735
0.2366
0.2791
0.3261
0.1778
0.0526
0.4103
0.1848
0.1084
0.3867
0.2125
0.1935
0.1648
0.1127
0.2826
0.3095
0.28
0.1538
0.35
0.1494
0.2805
0.141
0.4146
0.1959
0.6111
0.1458
0.2469
0.3068
0.17
0.48
0.2237
0.0875
0.1647
0.2466
0.6
0.3026
0.1795
0.1667
0.3111
0.1196
0.253
0.3333
0.175
0.3152
0.1507
0.2375
0.1494
0.1333
0.3684
0.2821
0.2346
0.2949
0.1154
0.2658
0.4026
0.2297
0.186
0.2286
0.2048
0.2421
0.1616
0.2029
0.3784
0.4179
0.2347
0.2099
0.0541
0.3651
0.4935
0.186
0.1316
0.2366
0.3882
0.0541
0.322
0.25
0.3281
0.1101
0.15
0.2959
0.3165
0.0244
0.2093
0.25
0.2529
0.1895
0.25
0.1818
0.2136
0.1304
0.2245
0.3043
0.2644
0.2439
0.3053
0.1852
0.2439
0.2151
0.2658
0.3827
0.1875
0.2887
0.2319
0.2375
0.15
0.2184
0.3196
0.1596
0.2371
0.2558
0.1538
0.4203
0.2584
0.1978
0.241
0.5
0.3171
0.507
0.2178
0.3902
0.3506
0.3494
0.3968
0.2717
0.1733
0.2805
0.2529
0.338
0.2571
0.2632
0.1795
0.2143
0.44
0.4583
0.4935
0.2245
0.4756
0.2933
0.3418
0.2
0.2381
0.322
0.4028
0.1386
0.1573
0.2581
0.2875
0.3723
0.1235
0.2963
0.4412
0.1647
0.2299
0.1705
0.2209
0.2706
0.4458
0.3766
0.1299
0.1875
0.1977
0.1852
0.1053
0.2911
0.2927
0.2267
0.25
0.1978
0.3444
0.3108
0.2118
0.4324
0.0854
0.1892
0.0682
0.2917
0.2088
0.1319
0.1731
0.1889
0.2024
0.25
0.3373
0.2222
0.0619
0.3544
0.1753
0.3286
0.1712
0.2029
0.3214
0.1481
0.2099
0.3378
0.2973
0.1304
0.2289
0.2692
0.3014
0.1667
0.2759
0.1667
0.0581
0.1818
0.1875
0.2347
0.0515
0.2556
0.2254
0.1392
0.1078
0.2099
0.2347
0.3918
0.2368
0.3205
0.1059
0.028
0.3297
0.2418
0.2466
0.3226
0.2917
0.1647
0.4706
0.3222
0.2667
0.2
0.3291
0.2174
0.3333
0.4342
0.3088
0.037
0.3108
0.2143
0.1
0.1842
0.2875
0.2174
0.1918
0.2857
0.1447
0.4459
0.3026
0.2078
0.3788
0.2537
0.4478
0.4744
0.1402
0.4828
0.3898
0.3247
0.3375
0.1429
0.2574
0.381
0.2875
0.3418
0.2976
0.3452
0.2529
0.4493
0.3208
0.1875
0.4444
0.3118
0.2877
0.3077
0.3425
0.2951
0.2442
0.1795
0.2262
0.1183
0.2169
0.2391
0.1758
0.2718
0.1266
0.2593
0.0294
0.2935
0.1648
0.2
0.2258
0.2609
0.1977
0.2368
0.2162
0.1429
0.1667
0.2235
0.3289
0.2564
0.2361
0.3243
0.0725
0.2447
0.4444
0.12
0.2907
0.2895
0.3026
0.2174
0.1711
0.2414
0.2235
0.2576
0.2985
0.2021
0.25
0.2162
0.3382
0.2326
0.2941
0.2717
0.2
0.1778
0.2874
0.2088
0.4022
0.3026
0.1546
0.3068
0.4857
0.3247
0.2637
0.1753
0.0625
0.5976
0.2381
0.2338
0.233
0.4167
0.1806
0.2976
0.2133
0.2135
0.0316
0.1951
0.4429
0.2603
0.2453
0.1496
0.27
0.337
0.4247
0.2105
0.3651
0.3038
0.5309
0.2879
0.2921
0.2292
0.1165
0.2316
0.4464
0.2353
0.1905
0.1364
0.3404
0.0476
0.1687
0.2597
0.284
0.1948
0.087
0.2584
0.25
0.2439
0.2316
0.2078
0.241
0.1217
0.2778
0.3108
0.1974
0.3478
0.2697
0.4507
0.3
0.2
0.2857
0.1149
0.2907
0.2329
0.1609
0.25
0.0625
0.2333
0.2697
0.1327
0.2048
0.1818
0.3026
0.3824
0.2211
0.0374
0.1875
0.3537
0.3118
0.1333
0.1818
0.2857
0.4714
0.3158
0.0652
0.1266
0.3671
0.2556
0.4426
0.1818
0.1957
0.2771
0.2817
0.2048
0.2716
0.3
0.1549
0.0594
0.012
0.0367
0.1954
0.0865
0.1918
0.2051
0.0494
0.0222
0.1277
0.019
0.2179
0.1163
0.1379
0.0778
0.1053
0.0241
0.0556
0.1009
0.023
0.1882
0.0575
0.0921
0.1124
0.1395
0.1023
0.175
0.1395
0.0385
0.3231
0.0297
0.1735
0.0811
0.2152
0.0952
0.0816
0.0177
0.1935
0.0575
0.0725
0.023
0.0581
0.2405
0.0353
0.1348
0.2
0.0104
0.0714
0.2603
0.0976
0.1884
0.0225
0.0333
0.1828
0.1579
0.0562
0.0316
0.0531
0.0625
0.2614
0.058
0.0455
0.1919
0.3636
0.1395
0.0714
0.0412
0.321
0.2198
0.0874
0.05
0.1059
0.0588
0.2267
0.1163
0.0187
0.0353
0.0959
0.0488
0.0294
0.0206
0.1875
0
0.0086
0.1685
0.069
0.0976
0.1159
0.0588
0.1212
0.1684
0.1731
0.2022
0.2
0.2326
0.0727
0.1209
0.1136
0.0842
0.1205
0.1705
0.0426
0.2381
0.1368
0.1951
0.0357
0.2771
0.0299
0.0886
0.033
0.0455
0.037
0.1263
0
0.0822
0.2346
0.0682
0.0366
0.0333
0.0404
0.0444
0.2
0.4714
0.2533
0.2979
0.035
0.0426
0.4262
0.0392
0.0244
0.0923
0.1667
0.2471
0.0263
0.0256
0.2278
0.02
0.1954
0.0756
0.0938
0.0476
0.0238
0.0274
0.0519
0.2442
0.11
0.1753
0.0381
0.2558
0.2121
0.134
0.0247
0.027
0.1184
0.1846
0.1294
0.3492
0
0.1613
0.0396
0.0206
0.0439
0.1618
0.2632
0.0769
0.0309
0.0706
0.2368
0.037
0.033
0.1772
0.0105
0.0104
0.0341
0.075
0.1111
0.0698
0.1031
0.2297
0.4857
0.0722
0.2727
0.0233
0.1111
0.2025
0.3059
0.0087
0.0265
0.2597
0.1633
0.284
0.0116
0.0875
0.0941
0.033
0.0729
0.1205
0.3452
0.0568
0
0.1163
0.3429
0.1477
0.0667
0.2093
0.0366
0.1429
0.25
0.2727
0.2597
0.0745
0.28
0.0606
0.1339
0.137
0.0227
0.0778
0.2143
0.0549
0.025
0.3168
0.1341
0.0682
0.2118
0.0375
0.0759
0.1667
0.28
0.0435
0.046
0.0795
0.225
0.2875
0.1829
0.2073
0.1408
0.0213
0.1605
0.1928
0.137
0.02
0.125
0.0822
0.0357
0.1412
0.0326
0.0784
0.3407
0.0899
0.2644
0.321
0.1136
0.2593
0.1053
0.1348
0.2329
0.1842
0.0392
0.0581
0.0097
0.0345
0.2174
0.45
0.0465
0.1818
0.1209
0.0282
0.2597
0.0224
0.1684
0.1236
0.175
0.0769
0.1739
0.1867
0.1429
0.0741
0.1282
0.1875
0.1149
0.0672
0.1818
0.0506
0.0417
0.0833
0.1149
0.2255
0.08
0.0612
0.0886
0.2317
0.2063
0.0196
0.12
0.1379
0.2969
0.0215
0.2073
0.1327
0.022
0.1867
0.0283
0.0435
0.04
0.125
0.2667
0.3333
0.0648
0.0361
0.1239
0.06
0.1613
0.0196
0.2755
0.0476
0.2535
0.1951
0.1176
0.1398
0.3692
0.0811
0.025
0.0833
0.2073
0.0575
0.0235
0
0.0116
0.0833
0.0505
0.117
0.0225
0.0641
0.0444
0.0602
0.1556
0.0488
0.0357
0.0957
0.3279
0.131
0.1067
0.2083
0.2184
0.1415
0.1299
0.0206
0.1758
0.2105
0.1932
0.2048
0.2329
0.2162
0.0244
0.1333
0
0.0256
0.1684
0.1039
0.1757
0.0532
0
0.0465
0.0476
0.1839
0.0388
0.1163
0.1149
0.0112
0.2674
0.2447
0.039
0.2469
0.0217
0.2716
0.0674
0.2667
0.4638
0.0633
0.1216
0.0789
0.2289
0.092
0.0089
0.08
0.172
0.2857
0.0426
0.2152
0.0526
0.1644
0.0562
0.1224
0.0448
0
0.3291
0.1333
0.0619
0.32
0.0357
0.0538
0.0729
0.0889
0.3067
0.0986
0.3562
0.04
0.0921
0.0405
0.2838
0.0309
0.0308
0.0241
0.0404
0.2105
0.1954
0.0435
0.0435
0.0481
0.1458
0.0215
0.3514
0.0312
0.1196
0.2619
0.3117
0.0796
0.0385
0.061
0.019
0.1463
0.05
0.3582
0.1412
0.2759
0.1667
0.0732
0.1313
0.0112
0.119
0.2375
0.2136
0.0357
0.0227
0.0562
0.0941
0.17
0.0469
0.1974
0.2712
0.3521
0.1048
0.2615
0.0638
0.0472
0.1573
0.0283
0.0206
0.2857
0.3375
0.15
0.209
0.2159
0.1782
0.2391
0.1892
0.0213
0.2556
0.2614
0.0825
0.0273
0.0345
0.0353
0.4384
0.0676
0.2125
0.1316
0.0309
0.0435
0.1604
0.0778
0.1935
0.1905
0.0471
0.013
0.2113
0.0864
0.028
0.058
0.0541
0.1828
0.1011
0.0449
0.093
0.1705
0.0455
0.125
0.0723
0.2687
0.1546
0.0388
0.0449
0.1731
0.0104
0.2143
0.2933
0.0938
0.0241
0.0541
0.1613
0.0811
0.2
0.3111
0.0556
0.0638
0.0204
0.2432
0.1758
0.038
0.2687
0.0169
0.186
0.0388
0.1724
0.0202
0.32
0.2209
0.1856
0.0606
0.0854
0.0909
0.1159
0.0568
0.046
0.1978
0.0745
0.0845
0.2419
0.2262
0.025
0.2821
0.0125
0.0649
0.1304
0.1395
0.0375
0.303
0.0779
0.253
0.0204
0.0215
0.1538
0.0202
0.241
0.2615
0.0795
0.0423
0.0204
0.0714
0.0556
0.1892
0.0795
0.0353
0.026
0.1026
0.1011
0.0943
0.314
0.1196
0.0759
0.0667
0.0619
0.0174
0.1728
0.0412
0.169
0.0306
0.0488
0.0118
0.1531
0.2151
0.0225
0.1398
0.0213
0.0105
0.359
0.0968
0.0118
0.0833
0.2125
0.0619
0.1648
0.0986
0.0722
0.1047
0.0235
0.0093
0.0222
0.0909
0.0119
0.1139
0.2439
0.0192
0.5185
0.0196
0.1728
0.0095
0.16
0.2025
0.1974
0.3014
0.1628
0.2055
0.0235
0.3421
0.0122
0.0396
0.2333
0.0435
0.2683
0.1781
0.037
0.163
0.1918
0.0116
0.0449
0.1867
0.2152
0.2692
0.0217
0.0854
0.0943
0.1235
0.2278
0.1892
0.0108
0.2319
0.0349
0.0288
0.0283
0.1594
0.1098
0.1594
0.1224
0.1358
0.0135
0.0882
0.4026
0.011
0.0625
0.1398
0.0769
0.0541
0.0469
0.0286
0.2812
0.1009
0.0595
0.1176
0.1325
0.2105
0.2093
0.0543
0.0909
0.2105
0.1932
0.1124
0.0748
0.0563
0.0367
0.0556
0.2414
0.2439
0.1895
0.0455
0.1463
0.05
0.1519
0.0426
0.134
0.2371
0.1159
0.1951
0.0381
0.0638
0.0095
0.0312
0.1856
0.0526
0.0435
0.3333
0.0515
0.1758
0.253
0.4714
0.1149
0.0854
0.0185
0.2927
0.0843
0.2048
0.1912
0.0816
0.1139
0.2805
0.0421
0.039
0.0541
0.0323
0.2692
0.0481
0.1429
0.3125
0.2785
0.0577
0.1444
0.1299
0.2532
0.0233
0.2118
0.0606
0.3056
0.037
0.0978
0.0435
0.2195
0.0826
0.1728
0.2963
0.0385
0.0581
0.0526
0.1932
0.0109
0.2235
0.3976
0.0602
0.0779
0.012
0.0909
0.0488
0.0921
0.0122
0.0909
0.0494
0.0099
0.0208
0.0101
0.1053
0.0549
0.0964
0.0864
0.039
0.2353
0.0122
0.1978
0.3049
0.2019
0.2
0.0345
0.0515
0.3373
0.1728
0.1613
0.0217
0.1134
0.1667
0.0169
0.0641
0.0345
0.1204
0.1852
0.2432
0.2133
0.1324
0.241
0.023
0.1333
0.2051
0.2184
0.0833
0.2317
0.2857
0.0957
0.2
0.2
0.2556
0.169
0.0864
0.0294
0.1605
0.1224
0.2784
0.1579
0.0116
0.0698
0.0857
0.2283
0.0625
0.3014
0.2903
0.04
0.2073
0.3472
0.117
0.2833
0.0225
0.0114
0.0102
0.0333
0.1358
0.3088
0.0617
0.1733
0.0341
0.13
0.0625
0.2125
0.1087
0.1733
0.2381
0.0519
0.2105
0.0357
0.0875
0.058
0.2239
0.039
0.2381
0.0734
0.2712
0.0294
0.061
0.275
0.0714
0.0891
0.3333
0.0588
0.0345
0.1294
0.0319
0.0659
0.3623
0.0522
0.15
0.3659
0.1684
0.0256
0.2154
0.0361
0.1061
0.2209
0.1125
0.1786
0.1398
0.1928
0.0297
0.1978
0.0841
0.1013
0.0217
0.0294
0.2609
0.1053
0.1375
0.0101
0.027
0.044
0.1842
0.0494
0.0652
0.0105
0.1412
0.0625
0.0235
0.04
0.0488
0.0145
0.1809
0.254
0.08
0.1477
0.1974
0.0366
0.1972
0.0125
0.1839
0.2706
0.1159
0.0822
0.0198
0.1196
0.0125
0.3382
0.1628
0.1529
0.0938
0.0476
0.0103
0.0625
0.0612
0.037
0.2895
0.01
0.125
0.0633
0.023
0.0729
0.0096
0.375
0.2235
0.033
0.2208
0.1845
0.3333
0.2361
0.1667
0.1467
0.1648
0.1609
0.1765
0.1579
0.0123
0.0459
0.0455
0.2
0.1053
0.1948
0.24
0.0725
0.0444
0.129
0.0137
0.1099
0.08
0.1456
0.2316
0.0156
0.022
0.1786
0.0562
0.1313
0.0235
0.119
0.141
0.0345
0.1818
0.087
0.0105
0.225
0.0449
0.0918
0.2078
0.1566
0.1043
0.2778
0.0241
0.0256
0.2286
0.1087
0.3803
0.325
0.0465
0.2338
0.1149
0.1379
0.274
0.1034
0.0755
0.0521
0.0761
0.1053
0.0594
0.0581
0.1154
0.037
0.026
0.0388
0.0374
0.0714
0.1341
0.04
0.0526
0.0526
0.3214
0.038
0.2105
0.0652
0.0482
0.1011
0
0.0429
0.1558
0.0202
0.0108
0.1757
0.0575
0.0964
0.2875
0.0822
0.0693
0.012
0.0092
0.0532
0.2526
0.0658
0.0361
0.0247
0.0556
0.1596
0.0476
0.0361
0.0698
0.0543
0.1111
0.1169
0.0361
0.0667
0
0.1463
0.0795
0.1744
0.0921
0.0326
0.1279
0.1494
0.0482
0.186
0.0513
0.0571
0.0396
0.019
0.0676
0.15
0.1071
0.0204
0.0177
0.0297
0.0115
0.0725
0.023
0.0233
0
0.0824
0.0957
0.19
0.0521
0
0.1266
0.0366
0.0417
0.0225
0.0444
0.172
0.2958
0.0449
0.0737
0.0265
0.0521
0.0102
0.0725
0.0227
0.0291
0
0
0.102
0.0206
0.1059
0.0098
0.068
0.0667
0.0824
0.0118
0.0375
0.1163
0.1068
0.0118
0.137
0.0122
0.101
0.0103
0.1538
0.04
0.0431
0.1798
0.046
0.0976
0.087
0.0588
0.1111
0.0714
0.0273
0.0625
0.2
0.1149
0.2308
0.0549
0.0337
0.0842
0.1205
0.1705
0.0532
0.0109
0.1158
0.2195
0.0595
0
0.0149
0.0886
0.0549
0.0455
0.0247
0.1158
0.0263
0.0274
0.1047
0.0341
0.0244
0.0444
0.0303
0.0222
0.225
0.2667
0.0476
0.0297
0.021
0.0426
0.0137
0.0588
0.0244
0.1231
0.0104
0.022
0.0263
0.0128
0.0235
0.01
0.0104
0.1008
0.1354
0.019
0
0.0548
0.039
0.0217
0.0571
0.0196
0.0286
0.0532
0.0392
0.0306
0.0247
0.045
0.1184
0.0746
0.2805
0.0857
0.0222
0.0396
0.0693
0.1031
0.0439
0.1594
0.1026
0.1068
0.0412
0.0941
0.1538
0.0123
0.022
0.0357
0.0105
0.0104
0.0341
0.0617
0.1408
0.1882
0.0722
0.0253
0.1071
0.0306
0.037
0.0814
0.0467
0.0476
0.0417
0.0174
0.0354
0.0568
0.1122
0.0349
0.0116
0.0375
0.0824
0.033
0.0947
0.1205
0.2299
0.0114
0.0435
0
0.0385
0.0652
0.0921
0.0106
0.0488
0.1739
0.066
0.0319
0.0233
0.0213
0.0357
0.1935
0.0339
0.1233
0.0682
0
0.0127
0.044
0.0875
0.0169
0.0602
0.0568
0.0316
0.0125
0.0127
0.0208
0.2667
0.0879
0.0345
0.0112
0.2375
0.3125
0.0217
0.0225
0.1268
0.0213
0.0714
0.0227
0.3043
0.02
0.1122
0.0548
0.0119
0.0543
0.3
0.1078
0.0408
0.0449
0.0309
0.2073
0.0667
0.0227
0.0408
0.1124
0.1125
0.1818
0.0792
0.0581
0.0097
0.046
0.0411
0.0411
0.0465
0.1948
0.0505
0.0423
0.0118
0.0373
0.08
0.0674
0
0.0308
0.1413
0.1333
0.1635
0.0741
0.0488
0.0435
0.1264
0.0924
0.0253
0.0253
0.2
0.0833
0.0674
0.1827
0.0667
0.051
0.1013
0.022
0.1429
0.0392
0.0253
0.0112
0.027
0.1222
0.2317
0.1939
0.044
0.0909
0.1313
0.1071
0.05
0.061
0.0938
0.0506
0.037
0.0476
0.1239
0.0909
0.0408
0.0392
0.2755
0.0357
0.2535
0.069
0.1471
0.1183
0.0563
0.0533
0.0375
0.0349
0.069
0.023
0.0353
0.0119
0.0233
0.0556
0.0808
0.117
0.0222
0.0769
0.0222
0.0482
0.0521
0.0366
0.0357
0.0789
0.2581
0.0227
0.0667
0.2778
0.0745
0.0727
0.0513
0.0645
0.2088
0
0.0851
0.0341
0.0128
0.0125
0.0488
0.0421
0.0233
0.0256
0.1684
0.1299
0.1026
0.1209
0.0396
0.0233
0.0238
0.0326
0
0.1395
0.0805
0.0562
0.051
0.0404
0.026
0.0337
0.0326
0.0112
0.0674
0.0247
0.1139
0.0759
0.1486
0.0395
0.0556
0.0805
0.0268
0.0194
0.0303
0.0263
0.0426
0.0233
0.0263
0.0769
0.0674
0.1429
0.0299
0.0444
0.0532
0.1222
0.0825
0.0595
0.0238
0.0106
0.0729
0.0109
0.1467
0.2353
0.3472
0.08
0.0933
0.303
0.1892
0.0103
0.0615
0.0241
0.0303
0.075
0.1724
0.0326
0.0109
0.0288
0.0196
0.0538
0.2162
0.0417
0.163
0.1786
0.3636
0.0619
0.0288
0.0732
0.019
0.0366
0.05
0.0122
0.0455
0.0521
0.0526
0.122
0.1111
0.0112
0.0227
0.0116
0.27
0.0357
0.0114
0.011
0.0225
0.14
0.0312
0.0375
0.0455
0.2838
0.0476
0.0556
0.0532
0.0472
0.0638
0.0283
0.0309
0.2198
0
0.0988
0.1642
0.1
0.1683
0.03
0.0769
0.0319
0.0202
0.0104
0.0825
0.0561
0.0575
0.0471
0.092
0.0405
0.0118
0.0122
0.0206
0.0761
0.1132
0.0222
0.04
0.1667
0.0353
0.026
0.0133
0.1111
0.0561
0.0725
0.0405
0.172
0.0899
0.2439
0.0698
0.1798
0.0455
0.033
0.0241
0.1389
0.1031
0.0388
0.0112
0.0088
0.0208
0.0526
0.05
0.01
0.0241
0.0811
0.0297
0.0631
0.2125
0.0412
0.0444
0.117
0.0102
0.0482
0.0104
0.0127
0.194
0.0254
0.0103
0
0.1264
0.0202
0.3067
0.0316
0.1753
0
0.0366
0.0265
0.058
0.093
0.1034
0.2529
0.0638
0.0714
0.0725
0.022
0.05
0.0233
0.0375
0.0519
0.1413
0.0111
0.05
0.0548
0.0779
0.0824
0.0204
0.0989
0.0421
0.0101
0.0227
0.0282
0.0455
0.0704
0.0204
0.023
0.0222
0
0.0341
0.0235
0.0519
0.0513
0.1348
0.1058
0.1398
0.0316
0.038
0.0444
0.0309
0.0174
0.0115
0.0825
0.0667
0.0306
0.3026
0.0235
0.03
0.0101
0.0449
0.1183
0.0638
0.0211
0.0435
0.0417
0.1205
0.0833
0.046
0.0103
0.0426
0.1268
0.0825
0.0814
0.0706
0.0561
0.0556
0.2073
0.131
0.0375
0.0233
0.0288
0.2295
0.049
0.1358
0.0286
0.07
0.28
0.0361
0.025
0.0444
0.0526
0.0353
0.0476
0.0488
0.0396
0.1556
0.0761
0.1294
0.1233
0.0494
0.2391
0.0395
0.225
0.1379
0.0741
0.2532
0.0233
0.0652
0.0854
0.1038
0.061
0.2125
0.1067
0.043
0.1127
0.0581
0.0096
0.0283
0.0556
0.0122
0.1449
0.0098
0.0595
0.0405
0.0294
0.3418
0.0769
0.0625
0.0102
0.0659
0.036
0.0625
0.0429
0.0441
0.1009
0.0476
0.098
0.1084
0.0488
0.0667
0.0435
0.2184
0.0303
0
0.1011
0.0467
0.0845
0.0367
0.0694
0.0426
0.0449
0.0707
0.0227
0.1341
0.02
0.023
0.0426
0.02
0.098
0.0282
0.023
0.0381
0.0213
0.0286
0.0312
0.0194
0.0526
0.0109
0.0886
0.0521
0.1758
0.0341
0.0353
0.0805
0.0976
0.0185
0.3049
0.0482
0.011
0.0882
0.1237
0.0633
0.3049
0
0.0513
0.027
0.15
0.0119
0.0577
0.0941
0.0865
0.0833
0.0577
0.1444
0.1299
0.2911
0.0465
0.022
0.0606
0.0244
0.0278
0.0761
0.058
0.2073
0.1009
0.0864
0.0337
0
0.0349
0.0316
0.0532
0.0435
0.0106
0.03
0.0361
0.037
0.0602
0.0682
0.0488
0.1316
0.0244
0.2317
0.037
0.0198
0.0625
0
0.0244
0.022
0.0843
0.0741
0.1039
0.1124
0.061
0.2088
0.0549
0.037
0.0102
0.046
0.0515
0.0652
0.0116
0.0412
0.0543
0.0816
0.039
0.0169
0.0256
0.0345
0.0427
0.0233
0.0123
0.0625
0.0548
0.2289
0
0.0779
0.061
0.0213
0.0233
0.0814
0.0494
0.0424
0.0187
0.0515
0.051
0.0256
0.0988
0.0588
0.0476
0.1531
0.2887
0.0127
0.0581
0.0465
0.0187
0.3043
0.0625
0.0625
0.0505
0.1389
0.1951
0.2639
0.1064
0.0484
0.0562
0.0114
0
0.0444
0.0988
0.0139
0.0741
0.0519
0.0568
0.0288
0.1842
0.0349
0.0104
0.08
0.0588
0.0779
0.1111
0.2237
0.0125
0.0725
0.0132
0.026
0.1667
0.1028
0.322
0.0147
0
0.0562
0.0714
0.1089
0.2727
0.0941
0.0575
0.1163
0.0106
0.022
0.0541
0.087
0
0.0435
0.0297
0.0641
0.0725
0.0241
0.0303
0.043
0.1923
0.1905
0.0208
0.0319
0.0594
0.051
0.1028
0.05
0.0217
0.098
0.1429
0.0204
0.0119
0.0101
0.0405
0.044
0.1579
0.2703
0.0217
0
0.0444
0.0625
0.0353
0.0933
0.061
0.029
0.0297
0.1014
0.0588
0.1011
0.1013
0.0488
0.0274
0
0.1839
0.0337
0.0725
0.0548
0.0297
0.1196
0
0.0506
0.0543
0.1529
0.0101
0.0238
0.0412
0.0208
0.0612
0.0463
0.0349
0.01
0.1023
0.0506
0.023
0.0417
0
0.05
0.0435
0.011
0.0375
0.0472
0.1266
0.0256
0.2262
0.0513
0.0417
0.0211
0.1294
0.1711
0.037
0.0459
0.0076
0.21
0.1684
0.1948
0.1333
0.1176
0.0444
0.1075
0.0274
0.1429
0.05
0.0189
0.0192
0.0938
0.033
0.0449
0.0449
0.1515
0.0588
0.0222
0.1154
0.0455
0.0118
0.0761
0.1398
0.0123
0.0787
0.0606
0.0357
0.033
0.025
0.0375
0.0361
0.1316
0.1857
0.0106
0.0244
0.0568
0.0116
0.1205
0.1724
0.125
0.0132
0.1264
0.0654
0.0208
0.0435
0.1053
0.0297
0.0233
0.1169
0.037
0.0519
0.0291
0.0187
0.0238
0.0723
0.02
0.0789
0.0632
0.0899
0.038
0.0375
0.0435
0
0.033
0.0204
0.0571
0.0238
0.0303
0.0323
0.0658
0.0575
0.1098
0.0227
