x
0.387
0.3619
0.376
0.3912
0.3757
0.3802
0.3861
0.386
0.3712
0.3888
0.3724
0.3837
0.3889
0.385
0.3772
0.3843
0.3848
0.3863
0.3763
0.3842
0.3814
0.3863
0.3728
0.3707
0.3847
0.3828
0.3787
0.394
0.3844
0.3802
0.3877
0.3787
0.3883
0.3862
0.386
0.3815
0.3896
0.3621
0.3907
0.3824
0.3591
0.3856
0.3831
0.3749
0.3757
0.372
0.3836
0.3837
0.3706
0.3708
0.3831
0.3877
0.3849
0.3825
0.3757
0.3801
0.3915
0.3771
0.3805
0.3664
0.3843
0.386
0.3741
0.3822
0.3923
0.3893
0.3874
0.38
0.3767
0.3709
0.3903
0.3901
0.3658
0.3944
0.3807
0.3658
0.374
0.3846
0.3953
0.377
0.3827
0.3924
0.3879
0.3811
0.3905
0.3773
0.3825
0.3871
0.392
0.3784
0.3875
0.3768
0.3783
0.3701
0.3849
0.3747
0.3819
0.3837
0.3878
0.387
0.3716
0.374
0.3733
0.3817
0.3746
0.3762
0.3623
0.3844
0.386
0.3761
0.3731
0.3884
0.3781
0.3787
0.3806
0.3849
0.3863
0.3725
0.3726
0.393
0.3938
0.3867
0.3805
0.3911
0.3899
0.3785
0.3735
0.3891
0.3892
0.3812
0.374
0.3821
0.3818
0.3785
0.3896
0.3816
0.3771
0.3749
0.383
0.3857
0.3792
0.3827
0.3903
0.3812
0.3923
0.3855
0.3774
0.3819
0.3721
0.3839
0.3879
0.3775
0.398
0.3898
0.3843
0.3762
0.3849
0.3802
0.3743
0.3943
0.3863
0.3749
0.3889
0.3691
0.3892
0.3853
0.3777
0.3802
0.3783
0.3842
0.386
0.3825
0.3893
0.3984
0.3809
0.3772
0.3862
0.3797
0.3862
0.3693
0.3936
0.3852
0.3757
0.3734
0.3827
0.385
0.3867
0.3818
0.3893
0.3878
0.3796
0.3885
0.3715
0.3866
0.3803
0.3842
0.3789
0.3784
0.3791
0.384
0.3913
0.3838
0.3789
0.3642
0.3935
0.3883
0.392
0.3704
0.3897
0.382
0.392
0.3817
0.3811
0.3958
0.3701
0.3824
0.3748
0.3718
0.384
0.3838
0.3783
0.3804
0.3739
0.3817
0.3675
0.3861
0.3956
0.3605
0.3879
0.3847
0.3937
0.3824
0.3848
0.3859
0.3811
0.3867
0.3751
0.3899
0.3911
0.3817
0.3683
0.3738
0.3837
0.3888
0.38
0.3854
0.3947
0.3629
0.3745
0.3884
0.3888
0.3853
0.3786
0.375
0.3867
0.3823
0.3824
0.3882
0.3929
0.3799
0.3903
0.3861
0.3945
0.3888
0.3891
0.3678
0.3799
0.3596
0.3757
0.3774
0.3843
0.3853
0.3816
0.3845
0.3896
0.3798
0.3908
0.388
0.3861
0.3891
0.3886
0.3638
0.383
0.3836
0.3844
0.3761
0.387
0.3778
0.3881
0.3866
0.3932
0.3731
0.3818
0.3921
0.3754
0.3852
0.3907
0.3836
0.3965
0.3815
0.3642
0.3774
0.3907
0.3924
0.3828
0.3914
0.3793
0.3886
0.3756
0.3885
0.3894
0.3903
0.3953
0.3702
0.3685
0.3672
0.385
0.3939
0.3639
0.391
0.3812
0.3908
0.3909
0.3883
0.3823
0.382
0.3704
0.3884
0.3803
0.3836
0.3669
0.3891
0.3855
0.3831
0.3898
0.3968
0.3749
0.3851
0.3585
0.3861
0.3807
0.378
0.3861
0.3833
0.3741
0.378
0.3711
0.3845
0.3745
0.3823
0.3843
0.3907
0.3898
0.387
0.38
0.3956
0.394
0.3917
0.3869
0.3914
0.3873
0.3921
0.3882
0.3746
0.3855
0.388
0.3785
0.3726
0.3903
0.3766
0.3872
0.3773
0.3862
0.3819
0.3917
0.39
0.3821
0.393
0.3905
0.3722
0.3856
0.3815
0.3904
0.3873
0.3877
0.3805
0.3779
0.3838
0.3887
0.3828
0.3719
0.3926
0.3755
0.3874
0.3842
0.3922
0.3738
0.3713
0.3856
0.3878
0.3787
0.3582
0.3704
0.3827
0.3758
0.3843
0.3871
0.3871
0.3836
0.388
0.3749
0.3764
0.3826
0.3782
0.388
0.3813
0.3795
0.3848
0.3929
0.3773
0.3749
0.3807
0.392
0.3859
0.3826
0.3733
0.3883
0.3829
0.3855
0.3855
0.3891
0.3913
0.3803
0.3832
0.3765
0.381
0.39
0.3813
0.3825
0.3758
0.376
0.38
0.3862
0.3663
0.3754
0.366
0.3867
0.3894
0.3683
0.3852
0.3834
0.3833
0.3848
0.3742
0.3847
0.387
0.3771
0.3838
0.3826
0.3911
0.3841
0.3792
0.3752
0.3753
0.3851
0.391
0.3846
0.3828
0.3726
0.3888
0.3889
0.382
0.3809
0.3785
0.3881
0.3584
0.3853
0.3895
0.3845
0.3896
0.3838
0.3898
0.384
0.3893
0.3847
0.372
0.3825
0.3919
0.3873
0.3818
0.3857
0.3838
0.3856
0.3874
0.3833
0.384
0.3643
0.3829
0.3895
0.3857
0.3709
0.3889
0.384
0.3704
0.3932
0.3813
0.376
0.3956
0.3816
0.381
0.3853
0.391
0.3934
0.3746
0.3767
0.3802
0.3869
0.3928
0.3827
0.3848
0.378
0.3801
0.3876
0.3805
0.3826
0.3765
0.3889
0.3869
0.3783
0.3774
0.3796
0.3836
0.3937
0.3884
0.3876
0.3907
0.3784
0.3806
0.377
0.3807
0.3842
0.3837
0.3838
0.3923
0.3783
0.3821
0.3922
0.3775
0.374
0.3735
0.3825
0.3849
0.3878
0.3924
0.3718
0.3921
0.3897
0.3786
0.3749
0.3644
0.38
0.391
0.3806
0.3955
0.3921
0.3798
0.3915
0.3895
0.3878
0.3852
0.3672
0.3863
0.385
0.3859
0.3779
0.387
0.3472
0.3639
0.3944
0.3694
0.3774
0.3868
0.3821
0.3661
0.3896
0.3936
0.3917
0.3954
0.3854
0.3694
0.379
0.3808
0.3821
0.3819
0.378
0.3806
0.3791
0.3884
0.3915
0.3871
0.3816
0.3756
0.3715
0.3779
0.3903
0.3926
0.383
0.3884
0.3912
0.3855
0.3871
0.3801
0.3866
0.3859
0.3858
0.3865
0.3825
0.3847
0.3806
0.3879
0.3857
0.3757
0.392
0.3864
0.3825
0.3738
0.3852
0.3787
0.3937
0.3853
0.383
0.3778
0.3766
0.3718
0.3867
0.3691
0.3808
0.3816
0.3823
0.3881
0.3796
0.3828
0.3895
0.3805
0.3804
0.3819
0.3851
0.3857
0.3788
0.3782
0.3845
0.3765
0.3793
0.3916
0.3727
0.3877
0.3853
0.3899
0.3759
0.3774
0.3707
0.3823
0.3733
0.3825
0.3773
0.3876
0.3873
0.3873
0.3883
0.3866
0.3862
0.3842
0.395
0.3755
0.3809
0.3801
0.3951
0.3929
0.3753
0.386
0.3863
0.38
0.3775
0.3797
0.3918
0.3879
0.3834
0.3685
0.3823
0.387
0.3886
0.3791
0.3716
0.3844
0.3703
0.3789
0.3832
0.3849
0.3942
0.387
0.3848
0.3817
0.3744
0.3902
0.3911
0.383
0.3777
0.3898
0.3815
0.3669
0.3905
0.3903
0.3785
0.3838
0.3833
0.3786
0.3822
0.393
0.3934
0.3805
0.3919
0.3919
0.3861
0.3918
0.3945
0.371
0.3787
0.3923
0.382
0.3733
0.3863
0.3852
0.3897
0.375
0.3886
0.387
0.3815
0.3844
0.3749
0.3837
0.3889
0.3828
0.3813
0.3858
0.389
0.3904
0.376
0.3861
0.3865
0.3874
0.3874
0.3966
0.3676
0.3898
0.3791
0.3858
0.3936
0.3844
0.377
0.3838
0.3861
0.3743
0.3821
0.3841
0.3733
0.3917
0.3828
0.3881
0.391
0.3954
0.3861
0.3884
0.3817
0.3846
0.3765
0.3853
0.3852
0.3858
0.3764
0.3828
0.3944
0.375
0.366
0.3758
0.3843
0.3876
0.3928
0.3717
0.3804
0.3885
0.3837
0.3799
0.379
0.3927
0.39
0.3891
0.3814
0.3713
0.3835
0.3787
0.389
0.3751
0.3898
0.3826
0.3766
0.3789
0.3893
0.3817
0.3857
0.3902
0.3925
0.3799
0.3796
0.3881
0.3756
0.3843
0.3854
0.382
0.386
0.3865
0.3871
0.385
0.3877
0.385
0.3905
0.3799
0.3817
0.3848
0.3818
0.3753
0.3756
0.3856
0.3787
0.393
0.3897
0.3825
0.3732
0.3796
0.3625
0.3851
0.3735
0.3769
0.3901
0.3893
0.3839
0.3892
0.3918
0.3811
0.3633
0.3874
0.3834
0.3724
0.3932
0.3754
0.3923
0.3836
0.3827
0.3932
0.3799
0.3786
0.3841
0.3893
0.3788
0.3838
0.3851
0.3806
0.3809
0.3745
0.3709
0.3715
0.3816
0.3814
0.3688
0.3666
0.3915
0.3937
0.3794
0.3839
0.3878
0.3885
0.3865
0.3867
0.3836
0.3917
0.3868
0.3876
0.3915
0.3875
0.3769
0.3864
0.3771
0.3919
0.3936
0.3751
0.3925
0.3755
0.3843
0.3782
0.3699
0.3907
0.3713
0.381
0.3884
0.3786
0.3775
0.3857
0.3806
0.3871
0.3779
0.3872
0.3945
0.3795
0.3849
0.3842
0.3884
0.3846
0.3754
0.3751
0.3857
0.377
0.3792
0.3909
0.3786
0.3886
0.3865
0.3839
0.3871
0.3707
0.3818
0.392
0.3828
0.384
0.3867
0.3823
0.3829
0.3766
0.3775
0.3848
0.3945
0.3854
0.3836
0.3852
0.3778
0.3524
0.3835
0.3942
0.3841
0.3807
0.3871
0.39
0.3921
0.3896
0.3901
0.3768
0.3821
0.3802
0.3892
0.3782
0.3893
0.3912
0.3863
0.3861
0.3732
0.3731
0.3858
0.3886
0.3838
0.383
0.3858
0.3876
0.3793
0.3747
0.3854
0.3755
0.3877
0.3875
0.3743
0.3698
0.3839
0.3831
0.3855
0.3891
0.3765
0.3913
0.3894
0.386
0.3852
0.376
0.3757
0.3801
0.383
0.3883
0.3814
0.3816
0.3867
0.378
0.3862
0.3803
0.3764
0.3743
0.3992
0.3704
0.3755
0.3983
0.3819
0.3792
0.3961
0.3836
0.3692
0.3974
0.373
0.382
0.3976
0.3781
0.3953
0.3921
0.3982
0.3861
0.3799
0.3979
0.3954
0.3978
0.3789
0.3881
0.397
0.3965
0.3787
0.3864
0.3972
0.3972
0.395
0.3876
0.3848
0.397
0.398
0.3844
0.3953
0.3865
0.3779
0.3986
0.3637
0.3966
0.391
0.3952
0.3852
0.3706
0.3946
0.3855
0.3829
0.3719
0.3974
0.3933
0.3982
0.3988
0.3899
0.3855
0.3966
0.3867
0.3917
0.369
0.3886
0.3916
0.3826
0.3961
0.3969
0.3952
0.3954
0.3922
0.3709
0.3786
0.3992
0.395
0.3622
0.3934
0.3978
0.3968
0.3716
0.3862
0.3924
0.3901
0.391
0.3926
0.3931
0.3915
0.3958
0.3852
0.388
0.398
0.3969
0.3889
0.3968
0.3951
0.3986
0.3852
0.3975
0.3947
0.3953
0.3928
0.3815
0.3965
0.3704
0.3954
0.3672
0.3982
0.3871
0.3811
0.3775
0.3914
0.3979
0.3884
0.383
0.3982
0.3924
0.3848
0.3907
0.3883
0.3969
0.3928
0.3817
0.3913
0.3966
0.3969
0.3813
0.3971
0.3984
0.3881
0.3884
0.3984
0.3891
0.389
0.3957
0.3964
0.3957
0.3972
0.3921
0.3931
0.3889
0.3899
0.3969
0.3757
0.3926
0.3877
0.3916
0.398
0.3952
0.3856
0.398
0.3848
0.3916
0.3958
0.3984
0.3842
0.398
0.387
0.3866
0.3837
0.3813
0.3907
0.3765
0.399
0.3982
0.3974
0.3918
0.3693
0.3817
0.3917
0.3771
0.398
0.381
0.3985
0.3975
0.3858
0.381
0.3859
0.3962
0.3745
0.3982
0.3827
0.3891
0.3699
0.3957
0.3964
0.3944
0.3858
0.3948
0.3971
0.3886
0.3929
0.388
0.396
0.3912
0.3886
0.3727
0.3776
0.3941
0.3825
0.3741
0.3916
0.3833
0.3972
0.3982
0.3972
0.3887
0.3668
0.3936
0.3954
0.3953
0.3949
0.3955
0.3757
0.3927
0.3873
0.3952
0.3982
0.3748
0.3899
0.3831
0.3842
0.3943
0.3887
0.3824
0.3886
0.3974
0.3981
0.3884
0.3808
0.3904
0.3634
0.397
0.3978
0.3984
0.3832
0.3908
0.3976
0.3849
0.3975
0.3878
0.3965
0.3969
0.3833
0.3641
0.3849
0.3969
0.391
0.3885
0.3879
0.3897
0.3784
0.383
0.3961
0.3915
0.3828
0.3949
0.3659
0.3927
0.3793
0.3934
0.3888
0.3953
0.3896
0.3976
0.3898
0.3969
0.3887
0.3948
0.3857
0.3782
0.381
0.3773
0.3895
0.3885
0.3794
0.399
0.3941
0.3907
0.3811
0.3961
0.3917
0.3956
0.3975
0.3979
0.3776
0.3968
0.387
0.3978
0.3809
0.3968
0.3941
0.3934
0.3943
0.3683
0.397
0.3984
0.3992
0.3837
0.3988
0.3918
0.3932
0.3975
0.3942
0.3745
0.3798
0.3983
0.3922
0.3769
0.3958
0.3862
0.398
0.3779
0.3984
0.3863
0.3986
0.3966
0.3911
0.3842
0.384
0.3962
0.3972
0.3724
0.3968
0.3833
0.3979
0.3787
0.3992
0.3976
0.3847
0.3922
0.3981
0.392
0.3973
0.368
0.3861
0.3983
0.3955
0.3968
0.3958
0.3721
0.3889
0.364
0.3948
0.3808
0.3758
0.388
0.3939
0.3971
0.3857
0.3696
0.3933
0.3965
0.3965
0.3974
0.3973
0.3983
0.388
0.388
0.3981
0.395
0.395
0.3788
0.3927
0.393
0.3951
0.397
0.3986
0.3952
0.3957
0.3837
0.3818
0.3829
0.3833
0.3945
0.3807
0.3867
0.3898
0.3961
0.3883
0.3787
0.3971
0.3914
0.3761
0.3986
0.3776
0.3974
0.399
0.3949
0.3855
0.3775
0.3879
0.3968
0.3898
0.3778
0.3967
0.393
0.3854
0.3863
0.3964
0.3784
0.3789
0.3902
0.3856
0.3763
0.367
0.3907
0.3981
0.3859
0.3859
0.389
0.3865
0.392
0.3977
0.3858
0.3896
0.3941
0.3823
0.3976
0.3911
0.3741
0.3901
0.3983
0.3966
0.3785
0.3872
0.3956
0.3895
0.3861
0.3821
0.397
0.3949
0.386
0.3797
0.3966
0.3968
0.3853
0.3967
0.3754
0.3693
0.3895
0.3979
0.3955
0.3826
0.3726
0.3872
0.3984
0.376
0.3771
0.3813
0.3962
0.3958
0.3852
0.3807
0.3869
0.3983
0.3928
0.376
0.3971
0.3844
0.3972
0.3861
0.3953
0.3977
0.3965
0.3953
0.3791
0.3825
0.3762
0.3959
0.3891
0.3839
0.3712
0.3881
0.3969
0.3828
0.3942
0.3979
0.3938
0.3621
0.3939
0.396
0.3975
0.3895
0.3811
0.3956
0.3904
0.3969
0.3859
0.3764
0.3896
0.3921
0.3866
0.3949
0.3854
0.3881
0.3953
0.3974
0.3933
0.3958
0.3862
0.3928
0.3873
0.3874
0.3906
0.3859
0.3961
0.3861
0.3905
0.3826
0.391
0.3976
0.3977
0.398
0.3927
0.3912
0.3918
0.3906
0.3772
0.3953
0.397
0.3986
0.3929
0.3899
0.3881
0.3956
0.3919
0.3978
0.3945
0.3862
0.3903
0.3938
0.386
0.385
0.381
0.3976
0.3855
0.3871
0.3966
0.3959
0.3876
0.3877
0.3736
0.3897
0.3856
0.3915
0.3791
0.3979
0.3811
0.3929
0.3987
0.3808
0.3811
0.3906
0.3868
0.3981
0.3867
0.3982
0.3756
0.3987
0.3989
0.3791
0.3898
0.3642
0.3782
0.3962
0.3775
0.399
0.3929
0.3847
0.3969
0.3966
0.3951
0.3882
0.3721
0.3888
0.3981
0.3966
0.3917
0.3856
0.3939
0.3691
0.3894
0.3861
0.3824
0.3876
0.3935
0.3723
0.3982
0.3979
0.3901
0.3933
0.3863
0.3833
0.3979
0.3978
0.3953
0.3902
0.3821
0.3893
0.3952
0.3974
0.3916
0.3977
0.3857
0.3821
0.3822
0.3874
0.3873
0.3985
0.3944
0.399
0.3981
0.3906
0.3972
0.3905
0.3918
0.3972
0.3911
0.3906
0.3749
0.3973
0.3883
0.3975
0.3973
0.3869
0.3953
0.3917
0.3909
0.3789
0.3964
0.3836
0.3958
0.3832
0.3918
0.3916
0.3876
0.3718
0.3939
0.3863
0.3946
0.3814
0.3917
0.3961
0.3974
0.397
0.3972
0.3775
0.3975
0.3882
0.3925
0.3959
0.3836
0.389
0.3972
0.3987
0.395
0.3926
0.3822
0.3837
0.3978
0.3977
0.3884
0.3763
0.3751
0.3985
0.3803
0.3953
0.3794
0.398
0.3964
0.3907
0.3973
0.392
0.3898
0.397
0.3846
0.3942
0.3882
0.3846
0.3935
0.3978
0.3973
0.3892
0.3861
0.3974
0.3917
0.3796
0.3941
0.398
0.3855
0.3544
0.3906
0.3963
0.3944
0.3981
0.3848
0.3801
0.3894
0.3908
0.3884
0.3944
0.396
0.3972
0.3921
0.3974
0.3886
0.3963
0.3868
0.3908
0.3952
0.3976
0.3775
0.3718
0.3935
0.3886
0.3917
0.3893
0.3939
0.3837
0.3907
0.3987
0.3967
0.3962
0.3885
0.3979
0.3927
0.3961
0.3807
0.3807
0.3814
0.3967
0.395
0.3907
0.3892
0.3864
0.3972
0.377
0.3959
0.392
0.3912
0.3913
0.3703
0.3928
0.3969
0.3873
0.3948
0.3805
0.3981
0.3954
0.3976
0.3982
0.3924
0.3862
0.3821
0.3974
0.3888
0.3986
0.3875
0.3929
0.3885
0.396
0.3893
0.3893
0.3851
0.3727
0.3843
0.3913
0.3712
0.3954
0.3825
0.3833
0.3976
0.3985
0.3957
0.3892
0.385
0.3972
0.3785
0.3975
0.3971
0.3889
0.3937
0.3885
0.3871
0.385
0.3817
0.3953
0.3972
0.3959
0.3966
0.3779
0.398
0.3975
0.3966
0.3842
0.3884
0.3973
0.3978
0.3986
0.3968
0.389
0.3962
0.3827
0.3866
0.3978
0.3916
0.3884
0.3872
0.39
0.3949
0.3769
0.3961
0.3873
0.3978
0.3919
0.3983
0.3921
0.3849
0.3882
0.3994
0.3928
0.3965
0.3963
0.3917
0.3968
0.3977
0.3935
0.3987
0.3786
0.3806
0.3978
0.3917
0.3799
0.3864
0.391
0.3884
0.3904
0.3955
0.386
0.3843
0.391
0.3672
0.3839
0.3703
0.3843
0.3884
0.3976
0.3839
0.3849
0.3942
0.3969
0.3702
0.3828
0.3983
0.3877
0.3952
0.3817
0.3981
0.3884
0.3912
0.3783
0.3906
0.3851
0.3908
0.3975
0.3951
0.3936
0.39
0.3859
0.386
0.3818
0.3693
0.3901
0.3974
0.3991
0.3967
0.3809
0.3961
0.3969
0.3831
0.3777
0.3954
0.3859
0.3923
0.3981
0.3968
0.3994
0.3949
0.3938
0.3979
0.3883
0.3624
0.3955
0.3985
0.393
0.3929
0.3832
0.3974
0.3831
0.3974
0.3925
0.3978
0.3892
0.389
0.3707
0.3967
0.3983
0.3924
0.3875
0.3801
0.3969
0.3817
0.3814
0.3966
0.3699
0.3968
0.3991
0.3919
0.3978
0.3902
0.3753
0.398
0.3944
0.3927
0.3931
0.3931
0.3959
0.3957
0.3854
0.3907
0.3778
0.396
0.3989
0.3867
0.3868
0.3915
0.3967
0.389
0.389
0.3885
0.3785
0.3882
0.3806
0.391
0.3976
0.3919
0.3595
0.3885
0.3967
0.3792
0.3962
0.3729
0.3978
0.3979
0.3845
0.3858
0.3845
0.3833
0.3862
0.3935
0.3938
0.3935
0.388
0.3984
0.3974
0.381
0.3796
0.3941
0.3981
0.3875
0.3865
0.3859
0.3918
0.3858
0.3909
0.399
0.3985
0.3846
0.3978
0.3856
0.3735
0.3985
0.3869
0.3972
0.3981
0.3832
0.3961
0.3763
0.3826
0.3937
0.3875
0.381
0.3889
0.3981
0.3806
0.3947
0.3886
0.3978
0.3844
0.3811
0.3847
0.3841
0.3823
0.3981
0.3679
0.3771
0.3993
0.3821
0.3901
0.3971
0.3939
0.3686
0.398
0.3783
0.3862
0.3978
0.388
0.394
0.3961
0.3963
0.3978
0.3943
0.3966
0.3959
0.3969
0.3886
0.3885
0.3983
0.3981
0.3797
0.3973
0.3984
0.3985
0.3969
0.3929
0.3962
0.3975
0.3985
0.385
0.3963
0.3898
0.3953
0.3979
0.3668
0.3954
0.382
0.3954
0.3786
0.3684
0.3938
0.3823
0.3828
0.3975
0.3978
0.3944
0.3972
0.3989
0.3892
0.3905
0.3973
0.3961
0.3943
0.368
0.3982
0.3869
0.3943
0.3935
0.3983
0.3943
0.3925
0.3901
0.3841
0.3763
0.3987
0.3926
0.3683
0.3978
0.3977
0.3986
0.3743
0.3959
0.3969
0.3906
0.3904
0.3988
0.3962
0.3893
0.3989
0.3833
0.3885
0.3982
0.3987
0.3858
0.3962
0.3982
0.3969
0.3825
0.3981
0.3956
0.3797
0.3986
0.3957
0.3991
0.3973
0.3969
0.3691
0.3986
0.3894
0.3835
0.3844
0.3958
0.3972
0.3978
0.3805
0.3967
0.3788
0.392
0.3928
0.3911
0.3977
0.3969
0.3824
0.3985
0.3962
0.3836
0.3954
0.3967
0.3971
0.3893
0.3884
0.3987
0.3968
0.3951
0.3954
0.3955
0.3976
0.3974
0.3974
0.3915
0.3834
0.3905
0.3966
0.3929
0.393
0.3887
0.3966
0.3981
0.3934
0.3983
0.3955
0.3939
0.3847
0.3974
0.3927
0.3865
0.3984
0.3952
0.3972
0.3816
0.3961
0.3905
0.3838
0.3984
0.3988
0.3973
0.399
0.3656
0.3963
0.3942
0.3849
0.3983
0.3847
0.3975
0.3978
0.385
0.3884
0.3977
0.3952
0.3928
0.3985
0.3837
0.3946
0.3712
0.3979
0.397
0.3894
0.3893
0.3973
0.3973
0.3887
0.3916
0.3989
0.3923
0.3982
0.3971
0.3873
0.3983
0.3946
0.3844
0.399
0.3885
0.3825
0.3958
0.3989
0.3959
0.3869
0.3861
0.3986
0.3981
0.3951
0.3986
0.3986
0.3939
0.3958
0.3894
0.3961
0.3975
0.3639
0.392
0.3822
0.3854
0.3931
0.3916
0.3866
0.3988
0.3974
0.3981
0.3984
0.3901
0.397
0.366
0.3974
0.3888
0.396
0.3988
0.387
0.3981
0.3945
0.3969
0.3834
0.3964
0.3964
0.3832
0.392
0.3792
0.3977
0.396
0.3971
0.3935
0.3966
0.3826
0.3929
0.3993
0.3984
0.3846
0.3938
0.3657
0.3924
0.3823
0.3982
0.389
0.3975
0.3978
0.3986
0.3981
0.3977
0.3891
0.398
0.3889
0.3756
0.382
0.3828
0.3837
0.3944
0.3983
0.3979
0.3956
0.3988
0.384
0.3969
0.398
0.3983
0.397
0.3985
0.3696
0.3973
0.3893
0.3977
0.3868
0.3965
0.3995
0.3979
0.3939
0.3957
0.3972
0.3971
0.3985
0.3974
0.3988
0.3965
0.3974
0.3988
0.3952
0.3785
0.3965
0.3973
0.3948
0.3904
0.3966
0.3988
0.3979
0.3803
0.3984
0.3985
0.3976
0.3971
0.3944
0.3753
0.385
0.3976
0.3978
0.3708
0.3972
0.3975
0.397
0.3971
0.3983
0.3979
0.3858
0.393
0.3977
0.3941
0.3977
0.3708
0.3975
0.396
0.3865
0.3953
0.3974
0.3713
0.3835
0.3698
0.3977
0.3865
0.3838
0.3898
0.3925
0.3963
0.3858
0.3781
0.3907
0.3972
0.3955
0.398
0.3968
0.3973
0.3965
0.3968
0.3964
0.3972
0.3981
0.392
0.3905
0.3959
0.3979
0.397
0.3988
0.3966
0.3908
0.3864
0.3937
0.3901
0.3969
0.3979
0.3836
0.3947
0.3952
0.3992
0.3973
0.3887
0.3982
0.3987
0.3833
0.397
0.3857
0.3974
0.3979
0.3969
0.3857
0.3954
0.3879
0.3968
0.3909
0.3808
0.3978
0.3913
0.3968
0.3862
0.3984
0.3779
0.3966
0.3971
0.3948
0.3882
0.3776
0.3795
0.3972
0.3973
0.3984
0.3893
0.3965
0.3939
0.3979
0.3839
0.3763
0.3927
0.3988
0.3988
0.3971
0.3811
0.3953
0.3971
0.397
0.3969
0.3917
0.3979
0.3812
0.3927
0.3953
0.3987
0.3956
0.3914
0.3966
0.3986
0.3985
0.3847
0.3983
0.3762
0.3967
0.3955
0.3956
0.3966
0.3838
0.3761
0.3869
0.3974
0.3758
0.3836
0.3879
0.3959
0.3969
0.38
0.3927
0.3821
0.3956
0.3973
0.3831
0.3978
0.3887
0.3975
0.3978
0.397
0.399
0.3989
0.3963
0.3791
0.379
0.3959
0.395
0.3964
0.3969
0.3791
0.398
0.3965
0.3849
0.398
0.397
0.3966
0.3615
0.397
0.3961
0.397
0.3983
0.3839
0.3933
0.3903
0.3987
0.3965
0.3779
0.3932
0.3991
0.3957
0.3973
0.3985
0.3909
0.3975
0.3981
0.3906
0.399
0.3663
0.3991
0.3944
0.3923
0.3863
0.3983
0.398
0.3851
0.396
0.3973
0.3964
0.3976
0.3955
0.3967
0.3975
0.3902
0.3989
0.386
0.3779
0.3991
0.3985
0.398
0.3864
0.3986
0.3971
0.398
0.3992
0.3969
0.3893
0.3812
0.398
0.3943
0.3856
0.3876
0.3775
0.3986
0.3909
0.3893
0.3974
0.3976
0.3885
0.398
0.3979
0.3916
0.3978
0.3939
0.3797
0.3975
0.3959
0.3938
0.3969
0.3853
0.3888
0.3956
0.3953
0.3982
0.3969
0.3987
0.3766
0.3974
0.399
0.385
0.3894
0.3694
0.3765
0.3967
0.3969
0.3967
0.398
0.3968
0.3978
0.3987
0.3921
0.3977
0.3713
0.3932
0.3993
0.3975
0.391
0.389
0.3911
0.3879
0.3982
0.385
0.3844
0.3948
0.3981
0.386
0.3994
0.3985
0.3964
0.395
0.3983
0.3817
0.3983
0.3973
0.3981
0.3851
0.3937
0.391
0.3977
0.3967
0.3899
0.3978
0.3898
0.3887
0.3767
0.3812
0.3983
0.3979
0.3954
0.3962
0.3981
0.393
0.3978
0.3976
0.3944
0.3976
0.3967
0.388
0.3764
0.3984
0.3825
0.3966
0.3986
0.3875
0.397
0.3976
0.3936
0.3863
0.3968
0.3904
0.3962
0.3923
0.3928
0.3969
0.3852
0.389
0.3992
0.3819
0.3955
0.3953
0.3985
0.3966
0.3989
0.3979
0.3972
0.3844
0.3976
0.3854
0.3954
0.3989
0.3911
0.3974
0.3975
0.3989
0.3978
0.3984
0.3821
0.3964
0.3973
0.3978
0.3909
0.3851
0.3968
0.3979
0.387
0.3946
0.3862
0.3975
0.3988
0.3937
0.398
0.3974
0.3965
0.3957
0.3962
0.3969
0.3963
0.3843
0.3954
0.3972
0.3972
0.3963
0.3859
0.3977
0.3944
0.3907
0.3944
0.3982
0.3926
0.3799
0.3983
0.3991
0.3978
0.3973
0.3862
0.3951
0.3956
0.3868
0.3874
0.3963
0.3966
0.3981
0.3861
0.3986
0.3906
0.3956
0.3961
0.396
0.3962
0.3977
0.3984
0.3834
0.397
0.3954
0.3968
0.3817
0.3931
0.3836
0.3983
0.3987
0.397
0.3941
0.398
0.3974
0.3935
0.396
0.3954
0.3868
0.3862
0.398
0.3961
0.3767
0.3902
0.3974
0.3985
0.3806
0.3953
0.3979
0.3979
0.3928
0.3974
0.3918
0.3972
0.3883
0.3899
0.3954
0.3985
0.3972
0.3971
0.3973
0.3928
0.3941
0.3954
0.3981
0.3916
0.3972
0.3864
0.3974
0.397
0.3966
0.3985
0.3965
0.3978
0.3752
0.3827
0.3911
0.3786
0.3986
0.3869
0.3954
0.3925
0.3988
0.3986
0.3963
0.3956
0.3979
0.3935
0.3978
0.3981
0.3979
0.3957
0.3965
0.3975
0.3803
0.3853
0.3897
0.3977
0.3958
0.3955
0.3771
0.3975
0.3976
0.3957
0.3808
0.3978
0.3964
0.3981
0.3987
0.3972
0.3869
0.3989
0.3817
0.392
0.3978
0.3937
0.3906
0.3922
0.3874
0.3968
0.3896
0.3964
0.3991
0.3987
0.3869
0.3986
0.3984
0.3873
0.3962
0.3981
0.3861
0.3962
0.3958
0.3983
0.3975
0.3969
0.3937
0.3969
0.3816
0.3966
0.3985
0.39
0.393
0.3886
0.3982
0.3855
0.3973
0.3982
0.3962
0.3792
0.3968
0.3723
0.3968
0.3798
0.3817
0.3979
0.3967
0.3986
0.3983
0.3932
0.3976
0.3706
0.3949
0.3975
0.3887
0.3963
0.3986
0.399
0.3849
0.3908
0.3959
0.3953
0.3848
0.393
0.3978
0.3962
0.3977
0.3985
0.3962
0.396
0.3943
0.3919
0.39
0.3989
0.3984
0.3963
0.3904
0.3976
0.3964
0.3853
0.387
0.3965
0.3976
0.398
0.3976
0.3956
0.398
0.3954
0.3966
0.3957
0.3972
0.3961
0.3958
0.3969
0.3979
0.3976
0.3948
0.3986
0.383
0.3986
0.3876
0.3985
0.3954
0.3727
0.3812
0.3984
0.3996
0.3911
0.3838
0.3814
0.3977
0.3729
0.396
0.3987
0.3701
0.3972
0.3979
0.3976
0.3972
0.3844
0.3781
0.3981
0.3952
0.3945
0.3962
0.3927
0.398
0.3923
0.3982
0.3922
0.3901
0.3972
0.3971
0.3984
0.3901
0.3917
0.3977
0.3945
0.3938
0.391
0.3983
0.3978
0.3969
0.3975
0.3989
0.3977
0.3896
0.3891
0.3983
0.384
0.397
0.3991
0.3972
0.3987
0.3971
0.3911
0.39
0.3818
0.3984
0.3951
0.3958
0.3989
0.3927
0.399
0.3973
0.3864
0.3886
0.3949
0.3974
0.3974
0.3904
0.3983
0.3939
0.395
0.3915
0.3988
0.3965
0.3988
0.3971
0.3954
0.3833
0.3948
0.3979
0.3977
0.398
0.3971
0.3983
0.3958
0.3855
0.3984
0.3883
0.3895
0.398
0.398
0.3976
0.3899
0.3943
0.3978
0.3963
0.3875
0.3956
0.3918
0.3851
NA
NA
NA
NA
NA
NA
NA
NA
NA
NA
NA
NA
NA
NA
NA
NA
NA
NA
NA
NA
NA
NA
NA
NA
NA
NA
NA
NA
NA
NA
NA
NA
NA
NA
NA
NA
NA
NA
NA
NA
NA
NA
NA
NA
NA
NA
NA
NA
NA
NA
NA
NA
NA
NA
NA
NA
NA
NA
NA
NA
NA
NA
NA
NA
NA
NA
NA
NA
NA
NA
NA
NA
NA
NA
NA
NA
NA
NA
NA
NA
NA
NA
NA
NA
NA
NA
NA
NA
NA
NA
NA
NA
NA
NA
NA
NA
NA
NA
NA
NA
NA
NA
NA
NA
NA
NA
NA
NA
NA
NA
NA
NA
NA
NA
NA
NA
NA
NA
NA
NA
NA
NA
NA
NA
NA
NA
NA
NA
NA
NA
NA
NA
NA
NA
NA
NA
NA
NA
NA
NA
NA
NA
NA
NA
NA
NA
NA
NA
NA
NA
NA
NA
NA
NA
NA
NA
NA
NA
NA
NA
NA
NA
NA
NA
NA
NA
NA
NA
NA
NA
NA
NA
NA
NA
NA
NA
NA
NA
NA
NA
NA
NA
NA
NA
NA
NA
NA
NA
NA
NA
NA
NA
NA
NA
NA
NA
NA
NA
NA
NA
NA
NA
NA
NA
NA
NA
NA
NA
NA
NA
NA
NA
NA
NA
NA
NA
NA
NA
NA
NA
NA
NA
NA
NA
NA
NA
NA
NA
NA
NA
NA
NA
NA
NA
NA
NA
NA
NA
NA
NA
NA
NA
NA
NA
NA
NA
NA
NA
NA
NA
NA
NA
NA
NA
NA
NA
NA
NA
NA
NA
NA
NA
NA
NA
NA
NA
NA
NA
NA
NA
NA
NA
NA
NA
NA
NA
NA
NA
NA
NA
NA
NA
NA
NA
NA
NA
NA
NA
NA
NA
NA
NA
NA
NA
NA
NA
NA
NA
NA
NA
NA
NA
NA
NA
NA
NA
NA
NA
NA
NA
NA
NA
NA
NA
NA
NA
NA
NA
NA
NA
NA
NA
NA
NA
NA
NA
NA
NA
NA
NA
NA
NA
NA
NA
NA
NA
NA
NA
NA
NA
NA
NA
NA
NA
NA
NA
NA
NA
NA
NA
NA
NA
NA
NA
NA
NA
NA
NA
NA
NA
NA
NA
NA
NA
NA
NA
NA
NA
NA
NA
NA
NA
NA
NA
NA
NA
NA
NA
NA
NA
NA
NA
NA
NA
NA
NA
NA
NA
NA
NA
NA
NA
NA
NA
NA
NA
NA
NA
NA
NA
NA
NA
NA
NA
NA
NA
NA
NA
NA
NA
NA
NA
NA
NA
NA
NA
NA
NA
NA
NA
NA
NA
NA
NA
NA
NA
NA
NA
NA
NA
NA
NA
NA
NA
NA
NA
NA
NA
NA
NA
NA
NA
NA
NA
NA
NA
NA
NA
NA
NA
NA
NA
NA
NA
NA
NA
NA
NA
NA
NA
NA
NA
NA
NA
NA
NA
NA
NA
NA
NA
NA
NA
NA
NA
NA
NA
NA
NA
NA
NA
NA
NA
NA
NA
NA
NA
NA
NA
NA
NA
NA
NA
NA
NA
NA
NA
NA
NA
NA
NA
NA
NA
NA
NA
NA
NA
NA
NA
NA
NA
NA
NA
NA
NA
NA
NA
NA
NA
NA
NA
NA
NA
NA
NA
NA
NA
NA
NA
NA
NA
NA
NA
NA
NA
NA
NA
NA
NA
NA
NA
NA
NA
NA
NA
NA
NA
NA
NA
NA
NA
NA
NA
NA
NA
NA
NA
NA
NA
NA
NA
NA
NA
NA
NA
NA
NA
NA
NA
NA
NA
NA
NA
NA
NA
NA
NA
NA
NA
NA
NA
NA
NA
NA
NA
NA
NA
NA
NA
NA
NA
NA
NA
NA
NA
NA
NA
NA
NA
NA
NA
NA
NA
NA
NA
NA
NA
NA
NA
NA
NA
NA
NA
NA
NA
NA
NA
NA
NA
NA
NA
NA
NA
NA
NA
NA
NA
NA
NA
NA
NA
NA
NA
NA
NA
NA
NA
NA
NA
NA
NA
NA
NA
NA
NA
NA
NA
NA
NA
NA
NA
NA
NA
NA
NA
NA
NA
NA
NA
NA
NA
NA
NA
NA
NA
NA
NA
NA
NA
NA
NA
NA
NA
NA
NA
NA
NA
NA
NA
NA
NA
NA
NA
NA
NA
NA
NA
NA
NA
NA
NA
NA
NA
NA
NA
NA
NA
NA
NA
NA
NA
NA
NA
NA
NA
NA
NA
NA
NA
NA
NA
NA
NA
NA
NA
NA
NA
NA
NA
NA
NA
NA
NA
NA
NA
NA
NA
NA
NA
NA
NA
NA
NA
NA
NA
NA
NA
NA
NA
NA
NA
NA
NA
NA
NA
NA
NA
NA
NA
NA
NA
NA
NA
NA
NA
NA
NA
NA
NA
NA
NA
NA
NA
NA
NA
NA
NA
NA
NA
NA
NA
NA
NA
NA
NA
NA
NA
NA
NA
NA
NA
NA
NA
NA
NA
NA
NA
NA
NA
NA
NA
NA
NA
NA
NA
NA
NA
NA
NA
NA
NA
NA
NA
NA
NA
NA
NA
NA
NA
NA
NA
NA
NA
NA
NA
NA
NA
NA
NA
NA
NA
NA
NA
NA
NA
NA
NA
NA
NA
NA
NA
NA
NA
NA
NA
NA
NA
NA
NA
NA
NA
NA
NA
NA
NA
NA
NA
NA
NA
NA
NA
NA
NA
NA
NA
NA
NA
NA
NA
NA
NA
NA
NA
NA
NA
NA
NA
NA
NA
NA
NA
NA
NA
NA
NA
NA
NA
NA
NA
NA
NA
NA
NA
NA
NA
NA
NA
NA
NA
NA
NA
NA
NA
NA
NA
NA
NA
NA
NA
NA
NA
NA
NA
NA
NA
NA
NA
NA
NA
NA
NA
NA
NA
NA
NA
NA
NA
NA
NA
NA
NA
NA
NA
NA
NA
NA
NA
NA
NA
NA
NA
NA
NA
NA
NA
NA
NA
NA
NA
NA
NA
NA
NA
NA
NA
NA
NA
NA
NA
NA
NA
NA
NA
NA
NA
NA
NA
NA
NA
NA
NA
NA
NA
NA
NA
NA
NA
NA
NA
NA
NA
NA
NA
NA
NA
NA
NA
NA
NA
NA
NA
NA
NA
NA
NA
NA
NA
NA
NA
NA
NA
NA
NA
NA
NA
NA
NA
NA
NA
NA
NA
NA
NA
NA
NA
NA
NA
NA
NA
NA
NA
NA
NA
NA
NA
NA
NA
NA
NA
NA
NA
NA
NA
NA
NA
NA
NA
NA
NA
NA
NA
NA
NA
NA
NA
NA
NA
NA
NA
NA
NA
NA
NA
NA
NA
NA
NA
NA
NA
NA
NA
NA
NA
NA
NA
NA
NA
NA
NA
NA
NA
NA
NA
NA
NA
NA
NA
NA
NA
NA
NA
NA
NA
NA
NA
NA
NA
NA
NA
NA
NA
NA
NA
NA
NA
NA
NA
NA
NA
NA
NA
NA
NA
NA
NA
NA
NA
NA
NA
NA
NA
NA
NA
NA
NA
NA
NA
NA
NA
NA
NA
NA
NA
NA
NA
NA
NA
NA
NA
NA
NA
NA
NA
NA
NA
NA
NA
NA
NA
NA
NA
NA
NA
NA
NA
NA
NA
NA
NA
NA
NA
NA
NA
NA
NA
NA
NA
NA
NA
NA
NA
NA
NA
NA
NA
NA
NA
NA
NA
NA
NA
NA
NA
NA
NA
NA
NA
NA
NA
NA
NA
NA
NA
NA
NA
NA
NA
NA
NA
NA
NA
NA
NA
NA
NA
NA
NA
NA
NA
NA
NA
NA
NA
NA
NA
NA
NA
NA
NA
NA
NA
NA
NA
NA
NA
NA
NA
NA
NA
NA
NA
NA
NA
NA
NA
NA
NA
NA
NA
NA
NA
NA
NA
NA
NA
NA
NA
NA
NA
NA
NA
NA
NA
NA
NA
NA
NA
NA
NA
NA
NA
NA
NA
NA
NA
NA
NA
NA
NA
NA
NA
NA
NA
NA
NA
NA
NA
NA
NA
NA
NA
NA
NA
NA
NA
NA
NA
NA
NA
NA
NA
NA
NA
NA
NA
NA
NA
NA
NA
NA
NA
NA
NA
NA
NA
NA
NA
NA
NA
NA
NA
NA
NA
NA
NA
NA
NA
NA
NA
NA
NA
NA
NA
NA
NA
NA
NA
NA
NA
NA
NA
NA
NA
NA
NA
NA
NA
NA
NA
NA
NA
NA
NA
NA
NA
NA
NA
NA
NA
NA
NA
NA
NA
NA
NA
NA
NA
NA
NA
NA
NA
NA
NA
NA
NA
NA
NA
NA
NA
NA
NA
NA
NA
NA
NA
NA
NA
NA
NA
NA
NA
NA
NA
NA
NA
NA
NA
NA
NA
NA
NA
NA
NA
NA
NA
NA
NA
NA
NA
NA
NA
NA
NA
NA
NA
NA
NA
NA
NA
NA
NA
NA
NA
NA
NA
NA
NA
NA
NA
NA
NA
NA
NA
NA
NA
NA
NA
NA
NA
NA
NA
NA
NA
NA
NA
NA
NA
NA
NA
NA
NA
NA
NA
NA
NA
NA
NA
NA
NA
NA
NA
NA
NA
NA
NA
NA
NA
NA
NA
NA
NA
NA
NA
NA
NA
NA
NA
NA
NA
NA
NA
NA
NA
NA
NA
NA
NA
NA
NA
NA
NA
NA
NA
NA
NA
NA
NA
NA
NA
NA
NA
NA
NA
NA
NA
NA
NA
NA
NA
NA
NA
NA
NA
NA
NA
NA
NA
NA
NA
NA
NA
NA
NA
NA
NA
NA
NA
NA
NA
NA
NA
NA
NA
NA
NA
NA
NA
NA
NA
NA
NA
NA
NA
NA
NA
NA
NA
NA
NA
NA
NA
NA
NA
NA
NA
NA
NA
NA
NA
NA
NA
NA
NA
NA
NA
NA
NA
NA
NA
NA
NA
NA
NA
NA
NA
NA
NA
NA
NA
NA
NA
NA
NA
NA
NA
NA
NA
NA
NA
NA
NA
NA
NA
NA
NA
NA
NA
NA
NA
NA
NA
NA
NA
NA
NA
NA
NA
NA
NA
NA
NA
NA
NA
NA
NA
NA
NA
NA
NA
NA
NA
NA
NA
NA
NA
NA
NA
NA
NA
NA
NA
NA
NA
NA
NA
NA
NA
NA
NA
NA
NA
NA
NA
NA
NA
NA
NA
NA
NA
NA
NA
NA
NA
NA
NA
NA
NA
NA
NA
NA
NA
NA
NA
NA
NA
NA
NA
NA
NA
NA
NA
NA
NA
NA
NA
NA
NA
NA
NA
NA
NA
NA
NA
NA
NA
NA
NA
NA
NA
NA
NA
NA
NA
NA
NA
NA
NA
NA
NA
NA
NA
NA
NA
NA
NA
NA
NA
NA
NA
NA
NA
NA
NA
NA
NA
NA
NA
NA
NA
NA
NA
NA
NA
NA
NA
NA
NA
NA
NA
NA
NA
NA
NA
NA
NA
NA
NA
NA
NA
NA
NA
NA
NA
NA
NA
NA
NA
NA
NA
NA
NA
NA
NA
NA
NA
NA
NA
NA
NA
NA
NA
NA
NA
NA
NA
NA
NA
NA
NA
NA
NA
NA
NA
NA
NA
NA
NA
NA
NA
NA
NA
NA
NA
NA
NA
NA
NA
NA
NA
NA
NA
NA
NA
NA
NA
NA
NA
NA
NA
NA
NA
NA
NA
NA
NA
NA
NA
NA
NA
NA
NA
NA
NA
NA
NA
NA
NA
NA
NA
NA
NA
NA
NA
NA
NA
NA
NA
NA
NA
NA
NA
NA
NA
NA
NA
NA
NA
NA
NA
NA
NA
NA
NA
NA
NA
NA
NA
NA
NA
NA
NA
NA
NA
NA
NA
NA
NA
NA
NA
NA
NA
NA
NA
NA
NA
NA
NA
NA
NA
NA
NA
NA
NA
NA
NA
NA
NA
NA
NA
NA
NA
NA
NA
NA
NA
NA
NA
NA
NA
NA
NA
NA
NA
NA
NA
NA
NA
NA
NA
NA
NA
NA
NA
NA
NA
NA
NA
NA
NA
NA
NA
NA
NA
NA
NA
NA
NA
NA
NA
NA
NA
NA
NA
NA
NA
NA
NA
NA
NA
NA
NA
NA
NA
NA
NA
NA
NA
NA
NA
NA
NA
NA
NA
NA
NA
NA
NA
NA
NA
NA
NA
NA
NA
NA
NA
NA
NA
NA
NA
NA
NA
NA
NA
NA
NA
NA
NA
NA
NA
NA
NA
NA
NA
NA
NA
NA
NA
NA
NA
NA
NA
NA
NA
NA
NA
NA
NA
NA
NA
NA
NA
NA
NA
NA
NA
NA
NA
NA
NA
NA
NA
NA
NA
NA
NA
NA
NA
NA
NA
NA
NA
NA
NA
NA
NA
NA
NA
NA
NA
NA
NA
NA
NA
NA
NA
NA
NA
NA
NA
NA
NA
NA
NA
NA
NA
NA
NA
NA
NA
NA
NA
NA
NA
NA
NA
NA
NA
NA
NA
NA
NA
NA
NA
NA
NA
NA
NA
NA
NA
NA
NA
NA
NA
NA
NA
NA
NA
NA
NA
NA
NA
NA
NA
NA
NA
NA
NA
NA
NA
NA
NA
NA
NA
NA
NA
NA
NA
NA
NA
NA
NA
NA
NA
NA
NA
NA
NA
NA
NA
NA
NA
NA
NA
NA
NA
NA
NA
NA
NA
NA
NA
NA
NA
NA
NA
NA
NA
NA
NA
NA
NA
NA
NA
NA
NA
NA
NA
NA
NA
NA
NA
NA
NA
NA
NA
NA
NA
NA
NA
NA
NA
NA
NA
NA
NA
NA
NA
NA
NA
NA
NA
NA
NA
NA
NA
NA
NA
NA
NA
NA
NA
NA
NA
NA
NA
NA
NA
NA
NA
NA
NA
NA
NA
NA
NA
NA
NA
NA
NA
NA
NA
NA
NA
NA
NA
NA
NA
NA
NA
NA
NA
NA
NA
NA
NA
NA
NA
NA
NA
NA
NA
NA
NA
NA
NA
NA
NA
NA
NA
NA
NA
NA
NA
NA
NA
NA
NA
NA
NA
NA
NA
NA
NA
NA
NA
NA
NA
NA
NA
NA
NA
NA
NA
NA
NA
NA
NA
NA
NA
NA
NA
NA
NA
NA
NA
NA
NA
NA
NA
NA
NA
NA
NA
NA
NA
NA
NA
NA
NA
NA
NA
NA
NA
NA
NA
NA
NA
NA
NA
NA
NA
NA
NA
NA
NA
NA
NA
NA
NA
NA
NA
NA
NA
NA
NA
NA
NA
NA
NA
NA
NA
NA
NA
NA
NA
NA
NA
NA
NA
NA
NA
NA
NA
NA
NA
NA
NA
NA
NA
NA
NA
NA
NA
NA
NA
NA
NA
NA
NA
NA
NA
NA
NA
NA
NA
NA
NA
NA
NA
NA
NA
NA
NA
NA
NA
NA
NA
NA
NA
NA
NA
NA
NA
NA
NA
NA
NA
NA
NA
NA
NA
NA
NA
NA
NA
NA
NA
NA
NA
NA
NA
NA
NA
NA
NA
NA
NA
NA
NA
NA
NA
NA
NA
NA
NA
NA
NA
NA
NA
NA
NA
NA
NA
NA
NA
NA
NA
NA
NA
NA
NA
NA
NA
NA
NA
NA
NA
NA
NA
NA
NA
NA
NA
NA
NA
NA
NA
NA
NA
NA
NA
NA
NA
NA
NA
NA
NA
NA
NA
NA
NA
NA
NA
NA
NA
NA
NA
NA
NA
NA
NA
NA
NA
NA
NA
NA
NA
NA
NA
NA
NA
NA
NA
NA
NA
NA
NA
NA
NA
NA
NA
NA
NA
NA
NA
NA
NA
NA
NA
NA
NA
NA
NA
NA
NA
NA
NA
NA
NA
NA
NA
NA
NA
NA
NA
NA
NA
NA
NA
NA
NA
NA
NA
NA
NA
NA
NA
NA
NA
NA
NA
NA
NA
NA
NA
NA
NA
NA
NA
NA
NA
NA
NA
NA
NA
NA
NA
NA
NA
NA
NA
NA
NA
NA
NA
NA
NA
NA
NA
NA
NA
NA
NA
NA
NA
NA
NA
NA
NA
NA
NA
NA
NA
NA
NA
NA
NA
NA
NA
NA
NA
NA
NA
NA
NA
NA
NA
NA
NA
NA
NA
NA
NA
NA
NA
NA
NA
NA
NA
NA
NA
NA
NA
NA
NA
NA
NA
NA
NA
NA
NA
NA
NA
NA
NA
NA
NA
NA
NA
NA
NA
NA
NA
NA
NA
NA
NA
NA
NA
NA
NA
NA
NA
NA
NA
NA
NA
NA
NA
NA
NA
NA
NA
NA
NA
NA
NA
NA
NA
NA
NA
NA
NA
NA
NA
NA
NA
NA
NA
NA
NA
NA
NA
NA
NA
NA
NA
NA
NA
NA
NA
NA
NA
NA
NA
NA
NA
NA
NA
NA
NA
NA
NA
NA
NA
NA
NA
NA
NA
NA
NA
NA
NA
NA
NA
NA
NA
NA
NA
NA
NA
NA
NA
NA
NA
NA
NA
NA
NA
NA
NA
NA
NA
NA
NA
NA
NA
NA
NA
NA
NA
NA
NA
NA
NA
NA
NA
NA
NA
NA
NA
NA
NA
NA
NA
NA
NA
NA
NA
NA
NA
NA
NA
NA
NA
NA
NA
NA
NA
NA
NA
NA
NA
NA
NA
NA
NA
NA
NA
NA
NA
NA
NA
NA
NA
NA
NA
NA
NA
NA
NA
NA
NA
NA
NA
NA
NA
NA
NA
NA
NA
NA
NA
NA
NA
NA
NA
NA
NA
NA
NA
NA
NA
NA
NA
NA
NA
NA
NA
NA
NA
NA
NA
NA
NA
NA
NA
NA
NA
NA
NA
NA
NA
NA
NA
NA
NA
NA
NA
NA
NA
NA
NA
NA
NA
NA
NA
NA
NA
NA
NA
NA
NA
NA
NA
NA
NA
NA
NA
NA
NA
NA
NA
NA
NA
NA
NA
NA
NA
NA
NA
NA
NA
NA
NA
NA
NA
NA
NA
NA
NA
NA
NA
NA
NA
NA
NA
NA
NA
NA
NA
NA
NA
NA
NA
NA
NA
NA
NA
NA
NA
NA
NA
NA
NA
NA
NA
NA
NA
NA
NA
NA
NA
NA
NA
NA
NA
NA
NA
NA
NA
NA
NA
NA
NA
NA
NA
NA
NA
NA
NA
NA
NA
NA
NA
NA
NA
NA
NA
NA
NA
NA
NA
NA
NA
NA
NA
NA
NA
NA
NA
NA
NA
NA
NA
NA
NA
NA
NA
NA
NA
NA
NA
NA
NA
NA
NA
NA
NA
NA
NA
NA
NA
NA
NA
NA
NA
NA
NA
NA
NA
NA
NA
NA
NA
NA
NA
NA
NA
NA
NA
NA
NA
NA
NA
NA
NA
NA
NA
NA
NA
NA
NA
NA
NA
NA
NA
NA
NA
NA
NA
NA
NA
NA
NA
NA
NA
NA
NA
NA
NA
NA
NA
NA
NA
NA
NA
NA
NA
NA
NA
NA
NA
NA
NA
NA
NA
NA
NA
NA
NA
NA
NA
NA
NA
NA
NA
NA
NA
NA
NA
NA
NA
NA
NA
NA
NA
NA
NA
NA
NA
NA
NA
NA
NA
NA
NA
NA
NA
NA
NA
NA
NA
NA
NA
NA
NA
NA
NA
NA
NA
NA
NA
NA
NA
NA
NA
NA
NA
NA
NA
0.1685
0.5549
0.4182
0.1622
0.3391
0.2843
0.2866
0.3006
0.6277
0.3456
0.6143
0.4161
0.2184
0.2663
0.2617
0.3832
0.2875
0.3064
0.3257
0.2323
0.3704
0.3987
0.4558
0.443
0.2551
0.2269
0.3506
0.2526
0.3713
0.3587
0.2443
0.3779
0.3118
0.2737
0.3684
0.3017
0.3198
0.4969
0.2554
0.2864
0.6125
0.1888
0.5145
0.4312
0.3404
0.616
0.3333
0.293
0.4965
0.5548
0.2874
0.2568
0.5
0.3188
0.3177
0.3559
0.3032
0.3669
0.2959
0.4
0.2907
0.4062
0.3667
0.386
0.4171
0.2208
0.2821
0.5182
0.4545
0.38
0.2713
0.4527
0.8279
0.2535
0.3037
0.474
0.4138
0.297
0.1885
0.4024
0.3315
0.3413
0.2516
0.4863
0.2198
0.3988
0.4742
0.4286
0.2874
0.4268
0.3246
0.4969
0.2922
0.3669
0.3605
0.457
0.3855
0.2629
0.2202
0.2517
0.5541
0.3819
0.4375
0.3438
0.4659
0.4806
0.5215
0.3237
0.3484
0.5034
0.4194
0.3099
0.5714
0.3459
0.3551
0.2874
0.3294
0.4114
0.3613
0.2828
0.1961
0.3091
0.3051
0.2364
0.2774
0.359
0.4471
0.3038
0.2706
0.3675
0.3207
0.3295
0.2121
0.3399
0.3185
0.3276
0.5
0.3385
0.2857
0.3377
0.3198
0.2917
0.3333
0.4134
0.3176
0.3855
0.3133
0.4645
0.5034
0.3125
0.2514
0.4574
0.0905
0.2697
0.2778
0.4417
0.2807
0.378
0.4114
0.1466
0.3356
0.3701
0.2462
0.5
0.3067
0.2727
0.4759
0.3512
0.422
0.2995
0.343
0.3804
0.3315
0.076
0.4056
0.4
0.3855
0.3498
0.3354
0.4651
0.25
0.2337
0.4191
0.4562
0.2948
0.2515
0.3147
0.3419
0.2667
0.2914
0.3582
0.2806
0.5246
0.3214
0.4727
0.4938
0.4474
0.4788
0.3836
0.3424
0.2763
0.2944
0.3956
0.4934
0.2039
0.2952
0.152
0.5352
0.2706
0.4054
0.2649
0.3966
0.3609
0.1546
0.4568
0.2
0.4848
0.554
0.2703
0.3529
0.4136
0.4348
0.4331
0.3851
0.4437
0.3621
0.1542
0.6303
0.3046
0.2543
0.2184
0.3214
0.2759
0.3397
0.3862
0.3032
0.4969
0.25
0.2081
0.36
0.5197
0.3922
0.3025
0.2559
0.4113
0.3333
0.1987
0.5231
0.4684
0.3053
0.3376
0.2584
0.3933
0.6
0.4057
0.3021
0.1768
0.2129
0.1735
0.396
0.2655
0.2903
0.3176
0.3757
0.3709
0.5115
0.375
0.6
0.4023
0.4863
0.2606
0.3141
0.3204
0.3764
0.2775
0.4151
0.1875
0.299
0.3211
0.2436
0.2333
0.6107
0.3446
0.2888
0.2925
0.3972
0.2874
0.381
0.2147
0.164
0.297
0.5573
0.3432
0.2018
0.3354
0.3765
0.25
0.257
0.1925
0.3254
0.5179
0.3312
0.2468
0.1915
0.2938
0.3571
0.4343
0.3987
0.5547
0.3028
0.2616
0.2768
0.1509
0.5629
0.425
0.4719
0.3367
0.1882
0.462
0.2071
0.3856
0.303
0.3243
0.3032
0.3222
0.3395
0.414
0.2428
0.4648
0.4043
0.5364
0.2625
0.2618
0.3333
0.3267
0.203
0.5742
0.3889
0.5168
0.3057
0.5168
0.3987
0.3463
0.2475
0.4468
0.3242
0.4403
0.2713
0.4226
0.3354
0.3235
0.2529
0.3254
0.3141
0.3694
0.1934
0.2658
0.2584
0.4476
0.2044
0.3212
0.2947
0.3069
0.3128
0.2961
0.2988
0.3851
0.4737
0.2832
0.3975
0.2963
0.288
0.3581
0.3704
0.2258
0.3537
0.3356
0.375
0.3028
0.4144
0.2934
0.4503
0.2281
0.4795
0.3379
0.2994
0.3567
0.4331
0.2096
0.4323
0.46
0.1854
0.4437
0.2843
0.3772
0.2622
0.3534
0.5592
0.2229
0.2432
0.479
0.5897
0.4246
0.3681
0.3423
0.3895
0.2525
0.3807
0.3608
0.3057
0.3908
0.5064
0.4037
0.4545
0.3059
0.3806
0.3692
0.4167
0.2789
0.415
0.4148
0.3077
0.2585
0.2767
0.32
0.3842
0.2822
0.2747
0.2446
0.3697
0.3333
0.2948
0.3558
0.3548
0.4062
0.4475
0.2809
0.3829
0.2616
0.4023
0.4422
0.3488
0.2722
0.5342
0.3333
0.4722
0.4573
0.2722
0.4894
0.3711
0.3807
0.2975
0.3195
0.3367
0.3194
0.2917
0.3933
0.3544
0.4094
0.2623
0.3
0.453
0.386
0.3442
0.3567
0.25
0.2898
0.5816
0.4207
0.2807
0.2222
0.3553
0.343
0.4013
0.3049
0.5671
0.2074
0.2434
0.2979
0.2613
0.3977
0.2671
0.3429
0.2675
0.2941
0.4503
0.4529
0.2416
0.2803
0.2526
0.2557
0.3439
0.2722
0.2714
0.3054
0.3273
0.4277
0.3402
0.3032
0.3298
0.3837
0.3504
0.2994
0.4474
0.2436
0.35
0.4521
0.2184
0.4046
0.3581
0.3464
0.2048
0.3631
0.5031
0.4244
0.4178
0.2619
0.2045
0.3182
0.3899
0.3393
0.335
0.3432
0.4412
0.4015
0.4321
0.2335
0.3161
0.3295
0.4286
0.3563
0.2839
0.2011
0.2989
0.2682
0.2147
0.4453
0.4122
0.4878
0.35
0.3141
0.4156
0.2683
0.2123
0.4645
0.3503
0.2486
0.4118
0.4364
0.4639
0.3732
0.2768
0.2982
0.1244
0.419
0.2407
0.1878
0.4103
0.3836
0.5062
0.3793
0.25
0.4605
0.1765
0.299
0.513
0.2197
0.2515
0.3068
0.366
0.5655
0.4294
0.2404
0.45
0.4607
0.2
0.6558
0.5852
0.1571
0.554
0.488
0.2857
0.3503
0.5243
0.1952
0.1854
0.2367
0.1737
0.2812
0.623
0.3548
0.3252
0.3057
0.3121
0.426
0.4773
0.2781
0.2611
0.2833
0.3152
0.3403
0.4867
0.4255
0.3684
0.3097
0.2632
0.3856
0.3182
0.3133
0.3171
0.3228
0.4
0.3595
0.2434
0.4452
0.2982
0.3568
0.4251
0.2443
0.2228
0.3194
0.474
0.2353
0.2905
0.3114
0.3624
0.2778
0.3904
0.2079
0.2616
0.3354
0.3294
0.3593
0.4304
0.3333
0.557
0.5238
0.4302
0.3869
0.2994
0.4172
0.3355
0.3462
0.3145
0.3819
0.3478
0.3464
0.309
0.3791
0.2982
0.3081
0.331
0.2994
0.2139
0.3721
0.2895
0.2584
0.298
0.3956
0.3728
0.4221
0.2629
0.3125
0.2883
0.4121
0.2049
0.2941
0.3401
0.2204
0.2081
0.3646
0.3152
0.2792
0.437
0.2874
0.4626
0.1316
0.2976
0.3974
0.4054
0.2973
0.3927
0.3975
0.4245
0.1854
0.2571
0.2444
0.7338
0.2632
0.2926
0.2811
0.3258
0.4768
0.245
0.5035
0.3494
0.2865
0.2249
0.1582
0.3155
0.2959
0.3165
0.3368
0.2303
0.2516
0.257
0.436
0.3007
0.3293
0.4654
0.2573
0.2925
0.4023
0.3701
0.323
0.4396
0.2951
0.2638
0.2876
0.3077
0.1818
0.204
0.3972
0.3448
0.3289
0.4631
0.3976
0.3179
0.4096
0.4417
0.3228
0.375
0.2471
0.3822
0.3333
0.3824
0.4702
0.3711
0.5
0.3394
0.3621
0.3121
0.4136
0.309
0.3688
0.2517
0.4743
0.2575
0.3091
0.3396
0.413
0.1279
0.5155
0.2273
0.3353
0.267
0.2429
0.2485
0.3742
0.3425
0.3222
0.3795
0.4074
0.4559
0.5168
0.2564
0.2914
0.3237
0.3023
0.2577
0.3121
0.3169
0.3515
0.32
0.4269
0.3775
0.2927
0.2626
0.4118
0.3446
0.2092
0.4057
0.5298
0.3373
0.3243
0.2517
0.2021
0.4222
0.3765
0.2989
0.2978
0.4452
0.3439
0.2264
0.1937
0.2552
0.3293
0.526
0.3125
0.3091
0.3605
0.436
0.2714
0.3416
0.4221
0.3758
0.2686
0.4236
0.2968
0.3333
0.331
0.3179
0.3222
0.2244
0.3896
0.2513
0.3438
0.3395
0.3355
0.3247
0.2969
0.3988
0.3224
0.2657
0.2644
0.3036
0.4701
0.2515
0.4233
0.3636
0.3509
0.2951
0.3818
0.2067
0.2332
0.4024
0.3962
0.2649
0.4408
0.2381
0.3775
0.3714
0.2128
0.2744
0.2788
0.2956
0.2626
0.3941
0.5226
0.2975
0.3258
0.5148
0.392
0.4485
0.2796
0.2228
0.3818
0.2911
0.2581
0.3121
0.2907
0.2616
0.2663
0.2616
0.2255
0.2722
0.4398
0.3349
0.5202
0.3829
0.3812
0.2454
0.4853
0.4366
0.2819
0.2685
0.3801
0.487
0.3043
0.2874
0.3014
0.3077
0.2874
0.2927
0.4183
0.4765
0.3057
0.3654
0.4188
0.3245
0.3284
0.2585
0.2222
0.3559
0.2567
0.4247
0.2928
0.4011
0.4408
0.237
0.3264
0.3509
0.1921
0.378
0.4387
0.3
0.3734
0.2622
0.4438
0.3292
0.1598
0.462
0.3101
0.4423
0.3439
0.3812
0.4213
0.4114
0.2974
0.3275
0.3704
0.3592
0.3776
0.2353
0.3483
0.3165
0.3838
0.4228
0.4151
0.1393
0.3308
0.3655
0.3257
0.38
0.2816
0.4012
0.4099
0.2809
0.2303
0.3567
0.5959
0.2705
0.3161
0.5906
0.3795
0.209
0.2587
0.3519
0.3758
0.2675
0.2264
0.2722
0.2621
0.3758
0.4152
0.3469
0.2632
0.2883
0.3148
0.2011
0.28
0.3185
0.4755
0.3729
0.3986
0.3242
0.3734
0.3333
0.2849
0.2932
0.3459
0.4478
0.2757
0.3926
0.271
0.2857
0.5071
0.4771
0.4713
0.2727
0.4046
0.2035
0.452
0.2115
0.2938
0.3051
0.2919
0.3765
0.4068
0.4238
0.3733
0.2628
0.2788
0.3468
0.2624
0.517
0.3455
0.5357
0.4845
0.3681
0.0435
0.4451
0.2471
0.0847
0.1921
0.2183
0.1548
0.185
0.3
0.0658
0.2905
0.3727
0.0549
0.1902
0.0667
0.0966
0.064
0.1445
0.1955
0.0673
0.0972
0.0686
0.3197
0.1647
0.1633
0.0889
0.2372
0.2158
0.0761
0.0686
0.1875
0.1798
0.1979
0.0714
0.0446
0.1967
0.0773
0.3681
0.3094
0.0569
0.3064
0.2028
0.3841
0.1056
0.224
0.3721
0.108
0.2102
0.2353
0.4452
0.0559
0.0914
0.0774
0.052
0.105
0.1105
0.0482
0.2353
0.1149
0.309
0.2151
0.1394
0.2517
0.1209
0.1058
0.1026
0.0927
0.1875
0.3333
0.2026
0.0398
0.1384
0.4252
0.2083
0.0721
0.0769
0.3333
0.2
0.1667
0.1714
0.1492
0.2047
0.1472
0.1242
0.1209
0.2635
0.1028
0.0909
0.0914
0.1429
0.085
0.3106
0.0482
0.1705
0.1013
0.1287
0.221
0.129
0.2024
0.1053
0.3176
0.1282
0.3188
0.0824
0.1405
0.2313
0.2011
0.185
0.0539
0.3469
0.1786
0.0444
0.125
0.2061
0.1096
0.1856
0.0667
0.2975
0.2774
0.1862
0.109
0.1061
0.2768
0.0882
0.0617
0.1617
0.1556
0.0585
0.1965
0.2604
0.2446
0.0957
0.2121
0.0599
0.2044
0.1105
0.1948
0.1535
0.0934
0.3245
0.1124
0.1494
0.2108
0.0737
0.1355
0.2108
0.0886
0.2756
0.1634
0.0495
0.0591
0.2279
0.0613
0.2584
0.2056
0.2024
0.1988
0.2988
0.2597
0.0556
0.0573
0.1124
0.1256
0.3986
0.2133
0.2364
0.2706
0.0559
0.2775
0.0663
0.0532
0.2283
0.2978
0.2595
0.0839
0.3
0.0743
0.2098
0.284
0.407
0.1964
0.0854
0.1164
0.2222
0.2486
0.1117
0.1608
0.135
0.1722
0.0753
0.2574
0.1871
0.3496
0.256
0.1136
0.1834
0.3289
0.1686
0.1818
0.0644
0.0881
0.0909
0.1649
0.3355
0.1505
0.2485
0.08
0.331
0.1706
0.277
0.1514
0.1081
0.0787
0.0547
0.358
0.1202
0.2679
0.3237
0.0781
0.1465
0.1976
0.1914
0.0971
0.0577
0.3709
0.2743
0.1343
0.5273
0.0625
0.0824
0.0497
0.1905
0.202
0.0833
0.1905
0.0746
0.2108
0.0988
0.1067
0.1582
0.3618
0.1758
0.1061
0.1896
0.2695
0.1964
0.1645
0.4462
0.3608
0.2105
0.2229
0.1611
0.1227
0.5214
0.1344
0.2188
0.1436
0.1675
0.2051
0.3179
0.0582
0.271
0.0886
0.1082
0.1699
0.2044
0.2102
0.224
0.2229
0.1788
0.1879
0.2308
0.0359
0.1576
0.1818
0.2609
0.1406
0.125
0.1842
0.0909
0.0489
0.4769
0.1173
0.1862
0.0892
0.305
0.2096
0.3067
0.2147
0.0876
0.3394
0.0844
0.0444
0.0294
0.3101
0.0706
0.2188
0.1271
0.0487
0.1011
0.4345
0.2625
0.0606
0.1862
0.209
0.1455
0.267
0.0773
0.2448
0.0719
0.1908
0.0635
0.075
0.3038
0.2057
0.1765
0.0794
0.0737
0.3086
0.0791
0.2895
0.05
0.25
0.0432
0.0561
0.1852
0.1397
0.0674
0.1837
0.1224
0.3506
0.1615
0.0697
0.0847
0.0732
0.2228
0.2628
0.1951
0.4094
0.1325
0.2941
0.2697
0.1476
0.1005
0.1039
0.1774
0.275
0.1746
0.0874
0.1118
0.0904
0.1038
0.0495
0.1987
0.2484
0.0588
0.0719
0.2472
0.3217
0.1093
0.2061
0.114
0.0704
0.0657
0.2745
0.2073
0.226
0.3487
0.185
0.2733
0.2209
0.2054
0.2162
0.2531
0.1774
0.2048
0.2819
0.0764
0.1818
0.3315
0.0618
0.3311
0.0782
0.0308
0.1519
0.1547
0.1977
0.1543
0.0904
0.2
0.3867
0.1461
0.1056
0.2157
0.1471
0.128
0.2836
0.3654
0.1807
0.1838
0.2635
0.3019
0.2682
0.0573
0.1812
0.237
0.1584
0.2528
0.195
0.0982
0.163
0.125
0.1515
0.3831
0.0703
0.2051
0.2513
0.2283
0.0637
0.0696
0.3295
0.2054
0.1429
0.1366
0.2273
0.2825
0.069
0.1066
0.2283
0.2765
0.1773
0.1087
0.2011
0.1047
0.2484
0.3132
0.1444
0.1042
0.1038
0.1818
0.3113
0.1364
0.0656
0.2905
0.1946
0.2787
0.0739
0.1073
0.3901
0.2166
0.1576
0.0898
0.1716
0.225
0.0692
0.1939
0.1124
0.2875
0.0842
0.0872
0.2556
0.3136
0.2807
0.3442
0.2865
0.1179
0.2386
0.3404
0.2866
0.2515
0.0692
0.2237
0.2326
0.0795
0.2439
0.5244
0.1489
0.1056
0.0754
0.145
0.25
0.1879
0.1412
0.0592
0.2941
0.2069
0.1695
0.1517
0.2739
0.2263
0.2159
0.15
0.2215
0.0946
0.2395
0.2424
0.2832
0.2113
0.2129
0.2394
0.123
0.2701
0.1257
0.1553
0.2
0.175
0.3699
0.0778
0.117
0.0886
0.0875
0.1327
0.2484
0.1156
0.2514
0.2533
0.0925
0.0598
0.1469
0.1138
0.3333
0.2379
0.2222
0.089
0.3504
0.3006
0.2156
0.2069
0.1436
0.201
0.1864
0.0893
0.2045
0.2184
0.1833
0.0806
0.1854
0.2905
0.2927
0.1452
0.1795
0.2338
0.2654
0.0691
0.2756
0.1506
0.0604
0.3706
0.1751
0.1886
0.2986
0.0419
0.1579
0.0509
0.2762
0.0828
0.0489
0.3141
0.2012
0.3875
0.2828
0.0583
0.3487
0.0573
0.1959
0.3701
0.073
0.1149
0.1027
0.2229
0.3333
0.2941
0.0838
0.106
0.1543
0.1479
0.539
0.3333
0.2087
0.1611
0.2573
0.2721
0.2516
0.2448
0.0586
0.0844
0.1953
0.1856
0.1875
0.1818
0.1012
0.0643
0.2591
0.1566
0.2339
0.1277
0.1706
0.0788
0.1514
0.0621
0.1769
0.2258
0.203
0.2304
0.172
0.0798
0.2092
0.0494
0.0494
0.1807
0.0741
0.2012
0.3268
0.0964
0.3467
0.1512
0.2486
0.0608
0.2159
0.0725
0.1069
0.1531
0.1871
0.1732
0.1345
0.2733
0.1902
0.1812
0.1292
0.2093
0.1506
0.1706
0.2395
0.2956
0.2381
0.2606
0.1164
0.2807
0.244
0.1
0.08
0.1069
0.0747
0.3462
0.0976
0.1739
0.1878
0.1094
0.3333
0.1921
0.0909
0.057
0.293
0.1485
0.3721
0.2065
0.1064
0.1118
0.1376
0.3254
0.2453
0.0531
0.2079
0.0702
0.2289
0.0472
0.1466
0.2313
0.0904
0.198
0.2228
0.0909
0.2829
0.3111
0.2575
0.1346
0.1447
0.0682
0.0894
0.1582
0.1622
0.0825
0.1488
0.2238
0.1798
0.0376
0.1547
0.4786
0.2057
0.1071
0.1946
0.0829
0.1761
0.245
0.2685
0.2229
0.1988
0.1117
0.1975
0.0847
0.1709
0.0828
0.1139
0.1027
0.2065
0.1211
0.2849
0.1634
0.2744
0.3006
0.1552
0.1905
0.1828
0.2102
0.097
0.2181
0.1803
0.0533
0.0727
0.2189
0.1534
0.0427
0.2222
0.0938
0.2222
0.1883
0.1916
0.0769
0.0947
0.1834
0.1152
0.2312
0.0939
0.2803
0.1127
0.3158
0.2715
0.1497
0.3091
0.0819
0.0773
0.2254
0.1313
0.1966
0.0578
0.1382
0.0722
0.0674
0.1387
0.3082
0.3478
0.0714
0.4074
0.0851
0.2575
0.1466
0.226
0.092
0.3355
0.1892
0.2167
0.241
0.2391
0.1241
0.2752
0.1385
0.2571
0.1782
0.096
0.0469
0.0964
0.1913
0.2899
0.0736
0.3392
0.0864
0.0952
0.2458
0.1267
0.2653
0.2288
0.3086
0.4286
0.1534
0.0765
0.0886
0.0761
0.2818
0.1163
0.067
0.0881
0.2264
0.1538
0.0542
0.0743
0.0784
0.1856
0.1497
0.2031
0.1939
0.185
0.0794
0.1084
0.2222
0.2357
0.142
0.1685
0.2847
0.0727
0.18
0.0584
0.1257
0.0513
0.2038
0.1519
0.1709
0.0395
0.2716
0.1024
0.2
0.1495
0.0618
0.0663
0.0933
0.0667
0.1893
0.2353
0.0667
0.2727
0.2443
0.0914
0.153
0.1988
0.1381
0.1495
0.2744
0.1758
0.2595
0.2961
0.1488
0.2781
0.2222
0.1809
0.0559
0.2303
0.1887
0.1173
0.0894
0.2595
0.2658
0.0642
0.2229
0.163
0.2303
0.067
0.1005
0.1272
0.2767
0.1158
0.1761
0.125
0.092
0.2485
0.1512
0.1814
0.1886
0.3598
0.2028
0.2841
0.2186
0.184
0.0585
0.1184
0.3287
0.245
0.0949
0.236
0.2532
0.0843
0.2414
0.2397
0.0529
0.1148
0.0391
0.2876
0.349
0.0859
0.2564
0.3875
0.0918
0.0905
0.1951
0.1833
0.2429
0.089
0.1771
0.0674
0.114
0.0751
0.1609
0.3109
0.345
0.1202
0.05
0.3484
0.2143
0.2284
0.0872
0.1943
0.2174
0.113
0.2812
0.0964
0.0438
0.2484
0.0809
0.2108
0.2364
0.0976
0.2924
0.108
0.1678
0.1225
0.1818
0.1351
0.3038
0.1371
0.3154
0.0893
0.0483
0.3385
0.1324
0.1319
0.1049
0.2299
0.3353
0.1796
0.2191
0.2237
0.3312
0.5034
0.1498
0.2516
0.4221
0.1882
0.1966
0.2537
0.1193
0.32
0.0727
0.0487
0.221
0.177
0.3879
0.209
0.2653
0.2222
0.1796
0.1975
0.1676
0.0635
0.0714
0.2083
0.3051
0.1126
0.0619
0.3291
0.1875
0.2402
0.2304
0.1747
0.1806
0.041
0.0686
0.2194
0.0534
0.3786
0.3399
0.0457
0.2727
0.089
0.0674
0.2155
0.1174
0.2821
0.2022
0.1784
0.1771
0.2825
0.2649
0.0663
0.2468
0.1361
0.185
0.0509
0.3092
0.2606
0.4357
0.2866
0.2097
0.0598
0.3293
0.2
0.037
0.1977
0.155
0.0983
0.1056
0.3
0.0789
0.2973
0.2857
0.044
0.117
0.1091
0.0909
0.0814
0.067
0.2971
0.101
0.1111
0.0629
0.2568
0.1412
0.0634
0.0444
0.2179
0.0758
0.0543
0.0539
0.071
0.1875
0.0918
0.0659
0.0644
0.1366
0.0552
0.1236
0.0918
0.0853
0.3121
0.1074
0.2606
0.1056
0.1875
0.3488
0.0966
0.2357
0.3061
0.0726
0.0782
0.086
0.0952
0.0578
0.11
0.1105
0.0843
0.1453
0.1092
0.2528
0.0978
0.1818
0.118
0.1573
0.0529
0.1154
0.0927
0.1486
0.3152
0.2222
0.0398
0.3333
0.582
0.1126
0.0625
0.0414
0.2816
0.2121
0.0606
0.1299
0.0994
0.0549
0.0848
0.1895
0.0598
0.2184
0.1308
0.0667
0.0571
0.1688
0.08
0.0514
0.1265
0.2045
0.1076
0.0698
0.1878
0.0579
0.1964
0.0526
0.0679
0.1154
0.3188
0.0647
0.1189
0.1866
0.2147
0.0714
0.0898
0.0732
0.1684
0.0611
0.4286
0.1053
0.1575
0.1078
0.0444
0.0843
0.1963
0.0641
0.1026
0.2229
0.1077
0.0824
0.0802
0.1131
0.1222
0.0585
0.0833
0.3133
0.2193
0.0851
0.0552
0.1018
0.0979
0.0939
0.2273
0.1415
0.0714
0.0915
0.1461
0.1552
0.0747
0.0842
0.1484
0.0636
0.121
0.25
0.2671
0.0604
0.1732
0.1838
0.0755
0.1105
0.0923
0.2048
0.1792
0.1617
0.1604
0.0455
0.051
0.0473
0.0526
0.3551
0.2
0.1143
0.1829
0.0503
0.1517
0.051
0.0904
0.1739
0.1676
0.076
0.1226
0.1016
0.0571
0.2098
0.1034
0.25
0.0395
0.0905
0.3603
0.1221
0.0688
0.095
0.2028
0.1288
0.0529
0.2
0.1027
0.1319
0.2846
0.0552
0.1023
0.1687
0.0526
0.1163
0.2086
0.1968
0.0503
0.0856
0.1383
0.3224
0.0625
0.0598
0.0743
0.0723
0.05
0.0875
0.0725
0.1351
0.0674
0.0498
0.2927
0.1148
0.3095
0.1875
0.1146
0.1274
0.2096
0.0578
0.0686
0.0577
0.0595
0.1304
0.0891
0.3158
0.0625
0.1792
0.2241
0.0556
0.125
0.0536
0.1497
0.0594
0.1627
0.0988
0.1561
0.1412
0.3487
0.2138
0.0559
0.0658
0.1146
0.0977
0.1226
0.4154
0.3019
0.0294
0.061
0.1278
0.1166
0.2933
0.1613
0.1813
0.037
0.1176
0.099
0.0807
0.0688
0.0854
0.0823
0.1392
0.0812
0.162
0.2166
0.1899
0.2514
0.1589
0.0843
0.0482
0.0718
0.0695
0.043
0.1852
0.0462
0.115
0.0606
0.0667
0.0652
0.4538
0.1173
0.1244
0.0828
0.2313
0.0678
0.0312
0.0743
0.1031
0.0703
0.1169
0.0722
0.0546
0.0857
0.0647
0.0904
0.0481
0.0575
0.0899
0.381
0.1183
0.103
0.1099
0.1237
0.0727
0.0615
0.0663
0.2517
0.0588
0.0769
0.0899
0.0688
0.0872
0.1866
0.2308
0.0561
0.0737
0.2629
0.0698
0.0833
0.0857
0.0886
0.0864
0.0867
0.2222
0.0838
0.0506
0.1438
0.0719
0.2611
0.0714
0.0896
0.1371
0.0854
0.0516
0.2885
0.1768
0.3289
0.0783
0.1975
0.2244
0.1362
0.11
0.1104
0.1559
0.3
0.1458
0.0929
0.1118
0.0479
0.0604
0.0769
0.0602
0.2138
0.0802
0.0539
0.0684
0.3287
0.1436
0.2121
0.0765
0.0603
0.0556
0.0926
0.1214
0.1864
0.1491
0.1236
0.076
0.0636
0.2108
0.1364
0.1369
0.0309
0.1044
0.1364
0.0892
0.0748
0.2032
0.073
0.1688
0.0503
0.0462
0.0759
0.1154
0.1695
0.1667
0.096
0.1562
0.2722
0.0707
0.0994
0.1569
0.1471
0.0585
0.2164
0.0629
0.0702
0.1838
0.1404
0.2704
0.2473
0.0892
0.071
0.0601
0.1683
0.0681
0.1205
0.0736
0.2473
0.3012
0.1325
0.0345
0.0595
0.1235
0.1837
0.2174
0.1019
0.0823
0.096
0.2253
0.0676
0.205
0.0864
0.2881
0.0517
0.0812
0.1176
0.0989
0.0694
0.0489
0.1954
0.093
0.3043
0.0896
0.0904
0.1075
0.0765
0.1818
0.2303
0.1875
0.0765
0.2349
0.2
0.2678
0.0682
0.0847
0.3264
0.242
0.2161
0.1377
0.0914
0.195
0.0755
0.1457
0.0828
0.0402
0.0737
0.041
0.0469
0.1053
0.269
0.1962
0.0856
0.1436
0.1989
0.0784
0.1786
0.0543
0.0943
0.1688
0.0761
0.0909
0.0791
0.4634
0.0804
0.118
0.0846
0.0676
0.2614
0.1235
0.1186
0.0592
0.0988
0.2069
0.1864
0.0541
0.0909
0.0545
0.0645
0.125
0.1059
0.0811
0.1657
0.0506
0.2832
0.058
0.2516
0.1357
0.1923
0.089
0.0659
0.175
0.0988
0.0526
0.0759
0.05
0.289
0.0696
0.1118
0.109
0.0462
0.104
0.1771
0.0573
0.0578
0.0652
0.1186
0.064
0.0552
0.0848
0.0323
0.1096
0.2701
0.1524
0.0925
0.1183
0.1602
0.1809
0.2203
0.0714
0.1989
0.1314
0.0909
0.0591
0.223
0.0595
0.0795
0.1129
0.0788
0.0539
0.2454
0.0745
0.0977
0.1145
0.0769
0.2247
0.1808
0.0955
0.1373
0.0419
0.071
0.0509
0.221
0.0769
0.0543
0.1557
0.0843
0.3043
0.2041
0.0735
0.183
0.0833
0.0474
0.0877
0.0562
0.0562
0.1154
0.0909
0.3129
0.0847
0.0314
0.0861
0.1383
0.1598
0.2299
0.2394
0.0645
0.1667
0.1404
0.1056
0.0714
0.2083
0.036
0.0844
0.104
0.1053
0.0505
0.2955
0.0536
0.184
0.0577
0.1506
0.0778
0.1351
0.0611
0.0788
0.1405
0.0565
0.1293
0.1871
0.1878
0.1804
0.0798
0.0675
0.128
0.0802
0.0679
0.0833
0.0679
0.0575
0.1677
0.0508
0.0976
0.1395
0.2541
0.0773
0.1591
0.1917
0.0755
0.1122
0.1358
0.0681
0.117
0.1447
0.0809
0.1745
0.0939
0.2093
0.1446
0.092
0.1754
0.3019
0.0503
0.2242
0.1096
0.0934
0.0829
0.1
0.0171
0.0818
0.0977
0.2628
0.0549
0.1429
0.1522
0.0365
0.3137
0.0879
0.0695
0.0633
0.0588
0.066
0.1908
0.1043
0.0957
0.0807
0.1204
0.2765
0.0966
0.058
0.2102
0.1228
0.1916
0.0708
0.0355
0.1733
0.0688
0.1029
0.0812
0.1136
0.0606
0.089
0.0686
0.1859
0.1053
0.0909
0.0615
0.1329
0.1745
0.0728
0.0925
0.1597
0.1854
0.0645
0.1547
0.22
0.0452
0.06
0.1055
0.0777
0.1761
0.0963
0.1083
0.2229
0.1299
0.1006
0.1145
0.0621
0.1457
0.0592
0.1238
0.129
0.0688
0.1031
0.0838
0.0683
0.0393
0.2515
0.1437
0.2109
0.0876
0.2166
0.1091
0.2116
0.0725
0.071
0.0424
0.2249
0.0489
0.0758
0.2553
0.0812
0.087
0.2273
0.1617
0.0913
0.0737
0.2367
0.1204
0.0769
0.0663
0.2516
0.0915
0.0642
0.0606
0.1796
0.0538
0.0819
0.0989
0.1292
0.1414
0.1854
0.0578
0.0688
0.067
0.0955
0.0578
0.2704
0.1172
0.0402
0.1954
0.0904
0.1919
0.0718
0.0635
0.1322
0.0539
0.1514
0.0459
0.2769
0.3261
0.1448
0.2349
0.0597
0.1714
0.1839
0.1686
0.0619
0.0723
0.0733
0.0688
0.092
0.314
0.0617
0.0714
0.0579
0.1067
0.2365
0.0964
0.28
0.2976
0.1364
0.0561
0.0823
0.1269
0.2983
0.0682
0.1237
0.2472
0.2264
0.0508
0.0964
0.0743
0.0523
0.0828
0.1557
0.0439
0.1488
0.1477
0.0794
0.0887
0.0994
0.1173
0.1829
0.0549
0.2109
0.0788
0.0513
0.0455
0.16
0.0513
0.0562
0.1709
0.058
0.0565
0.2654
0.0783
0.0888
0.04
0.0674
0.0843
0.16
0.1056
0.213
0.0845
0.0722
0.1214
0.1522
0.2222
0.0773
0.2364
0.0707
0.0402
0.069
0.2037
0.0837
0.2303
0.1193
0.2318
0.1889
0.0615
0.0726
0.0517
0.0602
0.1117
0.071
0.2405
0.2532
0.0588
0.1477
0.0815
0.0667
0.0567
0.1559
0.1676
0.0988
0.0663
0.1534
0.0625
0.1453
0.067
0.0929
0.0888
0.0601
0.0895
0.1156
0.1632
0.1967
0.0636
0.0585
0.1053
0.1622
0.0982
0.0823
0.2079
0.2273
0.0393
0.0588
0.0789
0.0765
0.1038
0.0782
0.1105
0.0655
0.1911
0.0599
0.2654
0.0816
0.0701
0.0607
0.0649
0.0745
0.0366
0.1443
0.0674
0.2889
0.0809
0.1965
0.3057
0.2035
0.0383
0.0222
0.0925
0.1703
0.2407
0.0756
0.3195
0.0941
0.0452
0.275
0.0904
0.0938
0.0291
0.0751
0.1989
0.2364
0.0628
0.129
0.0795
0.1267
0.0927
0.0513
0.1676
0.0636
0.1263
0.2237
0.0655
0.0676
0.0652
0.1373
0.0989
0.0736
0.0856
0.0884
0.1497
0.0524
0.0736
0.0765
0.0947
0.05
0.0898
0.3961
0.1353
0.0649
0.1527
0.0739
0.0485
0.0606
0.0487
0.1813
0.0935
0.1751
0.1966
0.0581
0.0843
0.1118
0.0575
0.1467
0.0529
0.0655
0.2361
0.1064
0.1457
0.1421
0.0791
0.1198
0.0677
0.1194
0.0882
0.1181
0.0564
0.08
0.0479
0.0728
0.0741
0.2745
0.1566
0.0585
0.0838
0.0674
0.067
0.0648
0.1139
0.1966
0.0667
0.1314
0.1295
0.1091
0.0964
0.0838
0.1598
0.2197
0.0602
0.0585
0.1834
0.0955
0.1953
0.127
