x
0.3897
0.3771
0.3915
0.3976
0.37
0.3823
0.384
0.3882
0.374
0.3704
0.3828
0.3875
0.3966
0.3779
0.3694
0.3814
0.3706
0.3873
0.3841
0.3854
0.3717
0.387
0.3717
0.3825
0.3805
0.3717
0.3864
0.3806
0.3623
0.3848
0.3777
0.3896
0.3833
0.3781
0.3757
0.3816
0.39
0.3735
0.3867
0.3844
0.3836
0.3857
0.3928
0.3862
0.3956
0.3795
0.3373
0.3759
0.3834
0.3658
0.3754
0.3899
0.3925
0.3886
0.3815
0.3815
0.3879
0.3801
0.3977
0.3882
0.3982
0.3806
0.3771
0.3894
0.3568
0.3831
0.3972
0.3791
0.368
0.39
0.3821
0.3746
0.3908
0.3955
0.3891
0.3873
0.3953
0.3783
0.3852
0.3754
0.3792
0.3884
0.3576
0.4
0.3824
0.3662
0.3856
0.3676
0.3819
0.3639
0.3815
0.387
0.3853
0.378
0.3941
0.376
0.3893
0.396
0.3901
0.3699
0.3726
0.3493
0.399
0.376
0.3863
0.3752
0.3973
0.357
0.3861
0.3822
0.3799
0.3894
0.398
0.3876
0.3536
0.3894
0.3838
0.3801
0.393
0.3645
0.3957
0.396
0.3681
0.3705
0.3728
0.3828
0.3972
0.372
0.3567
0.3831
0.3619
0.3853
0.3718
0.3841
0.3719
0.3533
0.3677
0.3979
0.373
0.3843
0.3705
0.368
0.3941
0.389
0.3714
0.3825
0.3983
0.3855
0.3932
0.3969
0.3785
0.388
0.3921
0.3895
0.391
0.3829
0.3608
0.396
0.3855
0.3819
0.3705
0.3899
0.3741
0.3791
0.3793
0.3844
0.3795
0.3931
0.3583
0.3978
0.3768
0.3898
0.3892
0.38
0.3469
0.3903
0.3909
0.3445
0.3849
0.3656
0.3551
0.3933
0.3847
0.3845
0.381
0.3857
0.372
0.396
0.3752
0.3798
0.3947
0.3869
0.3604
0.3976
0.3903
0.3871
0.3787
0.3602
0.3737
0.3915
0.3871
0.3863
0.3694
0.388
0.3989
0.3823
0.3987
0.3927
0.385
0.3891
0.398
0.3851
0.3787
0.3703
0.3887
0.3773
0.385
0.3725
0.3872
0.363
0.3876
0.3718
0.396
0.3962
0.3783
0.3878
0.3638
0.3898
0.3784
0.3707
0.3953
0.3818
0.3579
0.38
0.3616
0.387
0.3841
0.38
0.3869
0.3747
0.3638
0.3801
0.3871
0.389
0.3823
0.3656
0.3929
0.3664
0.3854
0.3677
0.3636
0.3708
0.3722
0.3896
0.3905
0.3631
0.3693
0.3691
0.3808
0.3513
0.3912
0.363
0.3796
0.3955
0.3928
0.3927
0.3811
0.3904
0.3824
0.3858
0.37
0.3731
0.3918
0.4
0.3838
0.3813
0.3753
0.3979
0.3916
0.3848
0.3858
0.3773
0.3888
0.3804
0.3709
0.368
0.3852
0.3812
0.3809
0.3974
0.3734
0.3827
0.3673
0.3921
0.3803
0.3941
0.3624
0.3977
0.387
0.3675
0.3886
0.3801
0.3718
0.3583
0.3838
0.3899
0.3682
0.3384
0.3926
0.392
0.3842
0.39
0.3919
0.3985
0.3633
0.385
0.3779
0.3721
0.3548
0.3822
0.3769
0.376
0.3976
0.3812
0.3952
0.39
0.3912
0.3701
0.3857
0.3929
0.3935
0.377
0.3846
0.3887
0.3813
0.3891
0.3947
0.3734
0.393
0.3857
0.3756
0.3799
0.3893
0.3893
0.3958
0.3944
0.3909
0.369
0.381
0.383
0.3765
0.399
0.3956
0.3676
0.3772
0.3747
0.3719
0.3723
0.3604
0.3819
0.3865
0.373
0.3679
0.3723
0.3796
0.3938
0.389
0.3579
0.3804
0.3719
0.3655
0.396
0.3918
0.3823
0.3879
0.3812
0.3886
0.3811
0.3437
0.377
0.3761
0.3767
0.3841
0.3689
0.3892
0.3823
0.3793
0.3894
0.3786
0.3747
0.3877
0.3695
0.3759
0.376
0.3805
0.3916
0.3741
0.3777
0.379
0.3969
0.3842
0.3776
0.3849
0.3931
0.3719
0.3671
0.3627
0.3834
0.3668
0.3672
0.3739
0.3846
0.379
0.3593
0.3892
0.3854
0.3886
0.3906
0.3704
0.3736
0.391
0.3903
0.3685
0.3792
0.3777
0.373
0.3608
0.3861
0.3748
0.3851
0.3973
0.3853
0.3768
0.3405
0.3942
0.3905
0.3785
0.3677
0.368
0.3834
0.3893
0.3822
0.3578
0.3838
0.3927
0.3852
0.3868
0.3635
0.3762
0.3698
0.3732
0.3766
0.3919
0.3988
0.3989
0.3697
0.39
0.3911
0.399
0.3827
0.3606
0.3676
0.3752
0.3729
0.38
0.3615
0.3916
0.3915
0.3641
0.3704
0.3847
0.3864
0.3872
0.3842
0.3809
0.3725
0.3776
0.3851
0.3864
0.3827
0.3883
0.3966
0.3758
0.389
0.384
0.3877
0.387
0.3852
0.3917
0.389
0.3765
0.3794
0.384
0.3652
0.3815
0.38
0.3859
0.3849
0.3662
0.3962
0.3973
0.3755
0.3765
0.3969
0.3971
0.3964
0.354
0.3838
0.399
0.3686
0.3798
0.3842
0.371
0.3848
0.381
0.389
0.3826
0.3901
0.3755
0.3577
0.3708
0.3764
0.3872
0.3805
0.3823
0.3652
0.3606
0.3981
0.3899
0.385
0.3787
0.3763
0.3976
0.377
0.354
0.3476
0.3928
0.3957
0.3761
0.3578
0.3911
0.3823
0.3881
0.4
0.3782
0.392
0.3823
0.3858
0.3923
0.3776
0.3781
0.378
0.3915
0.3896
0.3815
0.3779
0.3748
0.3913
0.373
0.389
0.3823
0.3887
0.3774
0.3964
0.3794
0.3891
0.3766
0.3811
0.3732
0.3943
0.3984
0.3929
0.3921
0.3836
0.362
0.3886
0.383
0.399
0.3787
0.3694
0.3819
0.3749
0.3736
0.3802
0.3937
0.4
0.382
0.3875
0.3923
0.38
0.3938
0.3852
0.3857
0.3917
0.3806
0.3871
0.3887
0.3926
0.3854
0.3841
0.3721
0.3945
0.3652
0.3762
0.3561
0.3865
0.3775
0.3708
0.387
0.3578
0.3849
0.399
0.3911
0.3914
0.3699
0.387
0.381
0.3916
0.3595
0.3969
0.3788
0.3747
0.3936
0.3762
0.3884
0.3921
0.3732
0.3846
0.3488
0.3843
0.3878
0.3813
0.3944
0.3632
0.3758
0.3784
0.3859
0.383
0.3872
0.3867
0.3858
0.3835
0.3786
0.3689
0.3731
0.3936
0.4
0.3756
0.38
0.3896
0.3819
0.3862
0.3553
0.3971
0.3917
0.3742
0.3682
0.3954
0.3843
0.3804
0.3808
0.3989
0.3931
0.3773
0.3818
0.3761
0.377
0.3856
0.3855
0.3893
0.3912
0.3659
0.3806
0.3871
0.3757
0.3864
0.3797
0.3773
0.3736
0.3734
0.391
0.3787
0.3841
0.388
0.3793
0.3768
0.3719
0.3817
0.3825
0.389
0.3828
0.3698
0.3612
0.3766
0.3822
0.3593
0.379
0.3785
0.3928
0.3795
0.3733
0.3667
0.3838
0.3821
0.3846
0.3701
0.3744
0.3828
0.3802
0.3861
0.3903
0.3866
0.3573
0.365
0.3615
0.3813
0.3696
0.3777
0.3799
0.3901
0.3772
0.3852
0.3659
0.3856
0.3941
0.3883
0.3493
0.3763
0.3944
0.3828
0.3808
0.3852
0.3816
0.3708
0.3765
0.3639
0.3786
0.3637
0.3878
0.3801
0.38
0.3772
0.3769
0.3764
0.364
0.381
0.3794
0.3841
0.3674
0.3861
0.3815
0.3776
0.3946
0.3792
0.395
0.3866
0.3751
0.3936
0.3822
0.3922
0.3884
0.3898
0.3892
0.3924
0.3947
0.3732
0.3763
0.3578
0.3878
0.3888
0.3623
0.3835
0.3726
0.3826
0.3606
0.3932
0.381
0.383
0.3731
0.3894
0.3614
0.3897
0.3989
0.3809
0.3916
0.3793
0.3942
0.3773
0.3833
0.3877
0.3935
0.3785
0.3852
0.3551
0.3785
0.3608
0.3979
0.399
0.3703
0.3792
0.3891
0.3677
0.3755
0.3868
0.3512
0.3769
0.3893
0.3863
0.383
0.3737
0.3836
0.3774
0.3856
0.3989
0.3748
0.3901
0.39
0.3842
0.3837
0.3884
0.3813
0.387
0.394
0.3663
0.3832
0.3852
0.3664
0.3732
0.3715
0.3516
0.3806
0.3552
0.3827
0.3749
0.3732
0.3891
0.3793
0.3763
0.3795
0.3763
0.3529
0.3753
0.3847
0.3551
0.3791
0.383
0.3832
0.3753
0.3807
0.3756
0.3711
0.3555
0.3894
0.3829
0.3857
0.3949
0.3704
0.3615
0.3848
0.3862
0.3821
0.3896
0.4
0.3678
0.3946
0.3814
0.3872
0.3789
0.3888
0.3797
0.3772
0.3877
0.3904
0.3832
0.3734
0.3773
0.388
0.3772
0.3941
0.3814
0.352
0.3938
0.3736
0.3796
0.3478
0.3869
0.3895
0.3724
0.3835
0.3855
0.3623
0.3804
0.38
0.3738
0.3769
0.3846
0.378
0.3814
0.3832
0.3863
0.3831
0.3792
0.3665
0.3667
0.3871
0.3839
0.36
0.37
0.3726
0.3919
0.3944
0.3584
0.3822
0.3782
0.3834
0.3529
0.3666
0.3753
0.3814
0.385
0.3982
0.3791
0.3702
0.3768
0.3852
0.392
0.3744
0.3756
0.3711
0.3832
0.3644
0.3907
0.3841
0.3829
0.3752
0.3932
0.3935
0.3787
0.3822
0.376
0.3817
0.3945
0.3683
0.3988
0.385
0.3768
0.3648
0.3912
0.3911
0.3775
0.387
0.3823
0.3857
0.3748
0.382
0.3937
0.3819
0.3876
0.3838
0.3839
0.3813
0.3489
0.3551
0.3877
0.3756
0.392
0.3764
0.3715
0.3833
0.3844
0.3971
0.3842
0.3876
0.3899
0.3834
0.3793
0.3699
0.3792
0.3855
0.3973
0.3888
0.3763
0.3698
0.3936
0.3897
0.3776
0.3598
0.3853
0.3951
0.3895
0.3422
0.3739
0.377
0.3676
0.3887
0.383
0.3744
0.3916
0.3828
0.3785
0.3896
0.3945
0.3991
0.3977
0.3807
0.3939
0.3936
0.3865
0.3987
0.3991
0.393
0.3986
0.3687
0.3943
0.3904
0.3905
0.3848
0.3938
0.3936
0.3937
0.3956
0.3854
0.3935
0.3915
0.3867
0.3847
0.3866
0.385
0.3789
0.3937
0.3712
0.3971
0.3866
0.3868
0.3677
0.3893
0.3944
0.3981
0.3912
0.3967
0.3953
0.399
0.396
0.3643
0.4
0.3729
0.3853
0.399
0.3978
0.3793
0.3954
0.3937
0.3966
0.3971
0.3864
0.3938
0.3975
0.3965
0.3932
0.3945
0.3869
0.3975
0.3944
0.3917
0.3842
0.3715
0.399
0.4
0.3725
0.392
0.3891
0.3984
0.3981
0.3946
0.3962
0.3924
0.3994
0.4
0.3881
0.398
0.3937
0.3982
0.3847
0.4
0.4
0.3802
0.3979
0.3942
0.3889
0.3987
0.3846
0.3858
0.3921
0.3749
0.3963
0.3641
0.3927
0.3957
0.396
0.3863
0.3955
0.3831
0.395
0.3715
0.3958
0.3772
0.3943
0.3712
0.4
0.3909
0.3981
0.3982
0.3948
0.3833
0.4
0.3959
0.3813
0.3953
0.4
0.4
0.3947
0.3991
0.3694
0.3742
0.3876
0.3662
0.3989
0.3942
0.3697
0.3992
0.3976
0.3958
0.3759
0.3872
0.3991
0.3978
0.3894
0.3966
0.3861
0.3889
0.3876
0.3964
0.3953
0.4
0.3943
0.3848
0.3964
0.3962
0.3992
0.3891
0.3774
0.3889
0.4
0.3985
0.3885
0.3889
0.3867
0.3603
0.4
0.3911
0.3919
0.3982
0.3977
0.3813
0.3664
0.3911
0.397
0.3942
0.3737
0.3967
0.3982
0.3917
0.399
0.3991
0.4
0.3965
0.3921
0.395
0.3958
0.3765
0.366
0.3982
0.3684
0.4
0.3954
0.3929
0.3533
0.4
0.3968
0.3867
0.3864
0.3639
0.4
0.3925
0.3831
0.3957
0.3909
0.3891
0.3878
0.3949
0.4
0.3924
0.3757
0.3887
0.3989
0.3875
0.3987
0.389
0.3826
0.3777
0.3658
0.3891
0.3884
0.3927
0.391
0.3853
0.4
0.398
0.378
0.3982
0.396
0.3883
0.3906
0.387
0.3879
0.3989
0.3941
0.3862
0.378
0.4
0.393
0.3928
0.3712
0.3814
0.3905
0.3828
0.3923
0.3969
0.3901
0.3819
0.3863
0.3974
0.3981
0.3975
0.3962
0.3918
0.3961
0.3981
0.3731
0.3881
0.3874
0.355
0.3938
0.3768
0.3966
0.384
0.3878
0.3785
0.3951
0.3923
0.3992
0.3904
0.3711
0.377
0.3958
0.3745
0.3923
0.393
0.3686
0.3987
0.392
0.3881
0.3918
0.3938
0.3875
0.3723
0.3788
0.393
0.3915
0.3917
0.3875
0.3943
0.3829
0.3922
0.3976
0.3869
0.3876
0.3813
0.3948
0.3966
0.3852
0.3804
0.3777
0.4
0.3907
0.3928
0.3865
0.3988
0.3883
0.3839
0.4
0.3776
0.3983
0.3903
0.3941
0.3944
0.3866
0.3639
0.3901
0.393
0.3858
0.4
0.3924
0.3965
0.3617
0.3989
0.3577
0.3758
0.3908
0.3851
0.3701
0.3976
0.4
0.3926
0.3807
0.3979
0.3978
0.4
0.4
0.3915
0.3978
0.3992
0.4
0.3912
0.3941
0.3903
0.3883
0.3924
0.3989
0.3985
0.3558
0.3908
0.3943
0.3902
0.3891
0.3944
0.385
0.3982
0.3732
0.3912
0.3887
0.3943
0.3823
0.3748
0.397
0.3936
0.4
0.3975
0.3742
0.3874
0.3909
0.4
0.4
0.3945
0.3951
0.3954
0.4
0.3957
0.3949
0.399
0.3709
0.3846
0.398
0.3898
0.4
0.3875
0.3841
0.3843
0.3728
0.3989
0.388
0.3966
0.3783
0.3834
0.4
0.3934
0.3848
0.3533
0.3956
0.3882
0.399
0.383
0.3917
0.3799
0.3958
0.4
0.3862
0.3908
0.3849
0.3889
0.3964
0.3953
0.3923
0.3959
0.3699
0.3952
0.3715
0.3959
0.3904
0.3916
0.3631
0.398
0.3975
0.3977
0.398
0.3778
0.3811
0.3982
0.399
0.3959
0.3854
0.399
0.3603
0.4
0.3922
0.3775
0.3672
0.394
0.3974
0.3935
0.3983
0.3902
0.3962
0.3639
0.3934
0.3677
0.3887
0.3861
0.3895
0.4
0.3937
0.3797
0.3636
0.398
0.3973
0.3962
0.3915
0.3799
0.4
0.3808
0.3789
0.3735
0.3878
0.3713
0.3958
0.3919
0.3783
0.398
0.4
0.3924
0.3767
0.3907
0.3844
0.3754
0.3804
0.3754
0.3934
0.4
0.379
0.3734
0.3955
0.3953
0.3961
0.3989
0.3795
0.3966
0.389
0.3898
0.3934
0.3983
0.382
0.3904
0.3878
0.3729
0.394
0.3956
0.381
0.3898
0.4
0.3957
0.3967
0.3746
0.399
0.3931
0.3887
0.3868
0.3992
0.3966
0.4
0.3833
0.3965
0.3979
0.398
0.385
0.4
0.3785
0.3518
0.3894
0.399
0.3976
0.3661
0.3972
0.38
0.3919
0.398
0.3954
0.3983
0.3807
0.389
0.4
0.3692
0.4
0.3843
0.3992
0.3733
0.397
0.3633
0.374
0.3943
0.3927
0.3946
0.3942
0.3988
0.3979
0.3956
0.3764
0.3946
0.3958
0.3693
0.3843
0.3991
0.3777
0.3982
0.3956
0.3839
0.3912
0.4
0.3695
0.3944
0.3839
0.3964
0.3953
0.3905
0.4
0.3771
0.3759
0.3941
0.3976
0.396
0.3928
0.394
0.3905
0.3954
0.3981
0.3989
0.3863
0.3819
0.3953
0.3877
0.3907
0.397
0.3962
0.3981
0.3991
0.3838
0.3991
0.384
0.4
0.3979
0.3983
0.382
0.3919
0.3989
0.3917
0.4
0.399
0.37
0.388
0.399
0.3962
0.3898
0.3991
0.3803
0.3973
0.3965
0.3949
0.3988
0.4
0.3966
0.3924
0.3987
0.3884
0.3891
0.3991
0.3787
0.399
0.3943
0.3991
0.381
0.3715
0.3805
0.3718
0.376
0.3797
0.3982
0.3677
0.4
0.3992
0.3774
0.395
0.3784
0.3784
0.3958
0.3829
0.3808
0.4
0.3959
0.3655
0.3753
0.3884
0.3982
0.3964
0.3974
0.38
0.3864
0.3764
0.3991
0.3829
0.4
0.3974
0.3984
0.3854
0.396
0.3918
0.3926
0.3966
0.4
0.3854
0.3598
0.4
0.3953
0.3877
0.3942
0.3958
0.3965
0.3988
0.3818
0.3981
0.3947
0.3916
0.3948
0.3868
0.3891
0.3972
0.3945
0.3872
0.3896
0.3866
0.3935
0.3954
0.3981
0.4
0.3821
0.3787
0.3858
0.3979
0.3932
0.3939
0.3822
0.3958
0.395
0.3812
0.3871
0.3852
0.3953
0.3961
0.3985
0.3991
0.3876
0.395
0.3958
0.3894
0.3946
0.3754
0.3853
0.3862
0.3903
0.3865
0.3991
0.3841
0.3978
0.3753
0.3858
0.3852
0.3816
0.376
0.3965
0.3946
0.3956
0.3987
0.3833
0.3935
0.3937
0.3825
0.3896
0.3993
0.3862
0.3761
0.3723
0.4
0.3841
0.3944
0.3619
0.397
0.3847
0.3947
0.3792
0.3894
0.3838
0.3913
0.3974
0.3945
0.3976
0.3913
0.4
0.3568
0.3783
0.3956
0.3899
0.3989
0.3867
0.3905
0.3876
0.4
0.3829
0.3979
0.4
0.4
0.3981
0.3954
0.3964
0.3949
0.399
0.3952
0.3857
0.3986
0.3668
0.3849
0.3831
0.383
0.399
0.3962
0.3867
0.389
0.386
0.4
0.3897
0.3664
0.3994
0.3984
0.3989
0.3835
0.3771
0.3913
0.3625
0.3808
0.3861
0.3989
0.3842
0.3853
0.3852
0.3972
0.3709
0.3767
0.3941
0.3774
0.3768
0.3757
0.3733
0.3953
0.4
0.3927
0.3874
0.3643
0.3824
0.4
0.4
0.3837
0.3719
0.3861
0.3884
0.3565
0.394
0.3714
0.3589
0.3896
0.3599
0.3982
0.4
0.3991
0.3988
0.3975
0.3656
0.3979
0.382
0.3967
0.3841
0.3978
0.3907
0.3907
0.3929
0.3907
0.3987
0.373
0.399
0.3892
0.3958
0.3893
0.3987
0.3761
0.3937
0.387
0.4
0.3971
0.386
0.396
0.381
0.3753
0.3963
0.399
0.3875
0.3983
0.398
0.348
0.395
0.3792
0.3689
0.3921
0.3938
0.3762
0.3987
0.3986
0.3615
0.3937
0.3851
0.379
0.3796
0.3941
0.3763
0.3907
0.3936
0.3954
0.3983
0.3758
0.397
0.3754
0.4
0.3972
0.3947
0.3781
0.3965
0.3918
0.3988
0.384
0.3899
0.4
0.3988
0.3955
0.3969
0.3887
0.3868
0.3952
0.3803
0.3803
0.3985
0.3747
0.399
0.3779
0.3903
0.3891
0.3932
0.4
0.3876
0.3975
0.3572
0.392
0.3832
0.3866
0.3988
0.4
0.4
0.398
0.3934
0.3859
0.3992
0.3838
0.4
0.3984
0.3957
0.4
0.3828
0.3892
0.3989
0.3858
0.393
0.3746
0.3642
0.3762
0.3785
0.3839
0.3848
0.3846
0.3889
0.4
0.3992
0.3968
0.3851
0.3734
0.3757
0.3851
0.3892
0.3984
0.3925
0.3984
0.3791
0.3974
0.3904
0.3799
0.4
0.3976
0.3866
0.3981
0.3759
0.4
0.3836
0.3862
0.3988
0.3825
0.395
0.4
0.3792
0.397
0.3929
0.3889
0.3932
0.3889
0.3713
0.3954
0.399
0.3677
0.3869
0.3851
0.3697
0.3954
0.3683
0.3848
0.3817
0.3849
0.3901
0.3938
0.3958
0.3904
0.3943
0.3966
0.3928
0.3858
0.3975
0.3977
0.3974
0.3993
0.3955
0.3846
0.399
0.3972
0.3923
0.3569
0.3969
0.3884
0.3953
0.399
0.3904
0.4
0.3923
0.3916
0.3976
0.4
0.3789
0.3931
0.3914
0.389
0.388
0.3966
0.3991
0.4
0.3989
0.3907
0.3978
0.3979
0.4
0.3982
0.3897
0.3932
0.4
0.3969
0.3954
0.3878
0.3874
0.3938
0.3935
0.4
0.3747
0.3887
0.3791
0.387
0.3971
0.386
0.3824
0.3978
0.3783
0.397
0.3976
0.399
0.3959
0.3913
0.3805
0.3902
0.4
0.3987
0.399
0.4
0.3983
0.3973
0.3989
0.4
0.3972
0.3864
0.3704
0.3972
0.4
0.3907
0.3937
0.3989
0.3988
0.399
0.3909
0.3871
0.3991
0.3973
0.3962
0.3936
0.3982
0.3918
0.399
0.3982
0.4
0.4
0.396
0.4
0.3801
0.3991
0.3827
0.3934
0.3962
0.4
0.3946
0.3954
0.3958
0.3979
0.3867
0.4
0.3892
0.3991
0.3881
0.3966
0.396
0.3722
0.3953
0.3945
0.393
0.3974
0.3838
0.3933
0.3952
0.3965
0.3935
0.3905
0.3858
0.397
0.3981
0.3831
0.3806
0.369
0.3939
0.399
0.3974
0.3721
0.3961
0.4
0.4
0.3971
0.3964
0.3966
0.3967
0.388
0.3968
0.3959
0.3932
0.399
0.3981
0.3972
0.399
0.3991
0.3823
0.3848
0.3896
0.3965
0.4
0.3991
0.3988
0.3984
0.3976
0.3922
0.3963
0.3972
0.3991
0.4
0.3976
0.3966
0.4
0.3885
0.3784
0.3982
0.4
0.398
0.3916
0.4
0.3983
0.3992
0.3984
0.398
0.3938
0.3991
0.399
0.3971
0.3884
0.3987
0.3638
0.3943
0.3979
0.3981
0.3964
0.3933
0.3971
0.3792
0.3916
0.3864
0.3957
0.3951
0.3869
0.3989
0.4
0.3942
0.3981
0.3991
0.399
0.3959
0.3789
0.3877
0.3951
0.3986
0.3943
0.3974
0.3987
0.394
0.3983
0.3952
0.3966
0.4
0.3962
0.3943
0.3876
0.3989
0.3952
0.3948
0.3904
0.3981
0.3905
0.3864
0.3833
0.3969
0.3942
0.4
0.394
0.3947
0.3989
0.3989
0.3975
0.3949
0.3899
0.399
0.3989
0.3928
0.3976
0.3872
0.3983
0.3892
0.3965
0.4
0.3989
0.4
0.3904
0.4
0.4
0.3874
0.399
0.4
0.4
0.3982
0.3884
0.3907
0.3963
0.3989
0.3801
0.3903
0.4
0.399
0.3957
0.3988
0.3928
0.399
0.3799
0.3974
0.3962
0.4
0.4
0.3969
0.3907
0.395
0.3991
0.3882
0.398
0.383
0.3955
0.3967
0.3967
0.383
0.396
0.3734
0.393
0.3966
0.4
0.3898
0.3855
0.4
0.3957
0.3907
0.3991
0.3897
0.4
0.3976
0.397
0.384
0.4
0.3943
0.3855
0.3825
0.3851
0.3924
0.3989
0.3987
0.3937
0.3919
0.3961
0.3985
0.3811
0.3854
0.397
0.3894
0.3966
0.3948
0.3942
0.4
0.3796
0.3955
0.3988
0.3991
0.3989
0.3898
0.3932
0.3813
0.3976
0.3921
0.3924
0.3826
0.3962
0.3947
0.3934
0.3948
0.3888
0.4
0.3899
0.3974
0.3948
0.398
0.3592
0.3961
0.3813
0.382
0.3881
0.3877
0.3976
0.3988
0.3967
0.3968
0.3943
0.3969
0.3978
0.4
0.3989
0.3908
0.3938
0.397
0.3991
0.3937
0.4
0.3964
0.3974
0.3979
0.3989
0.3948
0.3532
0.4
0.3975
0.3884
0.3938
0.3954
0.3981
0.3971
0.3793
0.4
0.3944
0.3963
0.3988
0.4
0.3979
0.3959
0.4
0.3975
0.371
0.3871
0.3978
0.3899
0.3938
0.3961
0.3989
0.399
0.4
0.3939
0.3983
0.3972
0.396
0.3957
0.3981
0.396
0.3979
0.4
0.3876
0.4
0.3766
0.3956
0.3912
0.3978
0.3961
0.3854
0.397
0.3973
0.3943
0.3963
0.3956
0.4
0.399
0.397
0.3921
0.3873
0.3972
0.4
0.3974
0.3805
0.3805
0.3959
0.3987
0.4
0.3936
0.3991
0.3863
0.3737
0.3676
0.3913
0.3914
0.382
0.3881
0.4
0.3953
0.4
0.3949
0.3869
0.3907
0.3968
0.3965
0.4
0.4
0.3961
0.3608
0.3982
0.3953
0.3824
0.362
0.3945
0.3993
0.3885
0.3983
0.398
0.3953
0.4
0.399
0.3979
0.3918
0.3907
0.3827
0.4
0.4
0.4
0.3674
0.399
0.399
0.399
0.3983
0.3821
0.3987
0.394
0.3973
0.3701
0.3941
0.3976
0.3949
0.3942
0.3957
0.4
0.399
0.3941
0.4
0.3803
0.3761
0.3887
0.3784
0.3965
0.3945
0.3958
0.3986
0.3958
0.3935
0.3964
0.3962
0.3979
0.3945
0.3976
0.399
0.3986
0.3971
0.3956
0.3918
0.3977
0.3974
0.3764
0.392
0.3989
0.4
0.394
0.3991
0.396
0.3989
0.3836
0.399
0.352
0.3894
0.3874
0.3985
0.3977
0.4
0.3938
0.3982
0.396
0.399
0.3985
0.398
0.3924
0.3989
0.3989
0.3958
0.3965
0.398
0.3979
0.3819
0.3992
0.399
0.3944
0.3983
0.3988
0.4
0.4
0.3841
0.3992
0.4
0.4
0.3774
0.4
0.3573
0.3964
0.3915
0.4
0.4
0.3985
0.4
0.3968
0.3952
0.369
0.3919
0.3945
0.3921
0.3973
0.3982
0.3987
0.3982
0.3957
0.3831
0.399
0.3988
0.3893
0.3968
0.3902
0.3959
0.3926
0.3992
0.3992
0.3988
0.399
0.398
0.3952
0.3975
0.3982
0.3981
0.4
0.3982
0.399
0.3941
0.3899
0.3853
0.3936
0.3854
0.4
0.395
0.3974
0.399
0.3991
0.4
0.3973
0.3937
0.399
0.3796
0.4
0.3982
0.4
0.3967
0.3896
0.3988
0.3969
0.3976
0.3965
0.3963
0.397
0.3958
0.4
0.3991
0.3906
0.3932
0.399
0.3954
0.3976
0.3973
0.3791
0.3932
0.3897
0.3987
0.3958
0.3935
0.399
0.3854
0.3964
0.3843
0.37
0.3965
0.399
0.3989
0.3989
0.3974
0.3987
0.399
0.3971
0.3803
0.3934
0.3848
0.3819
0.3957
0.3814
0.3958
0.3904
0.3916
0.3964
0.3608
0.3948
0.3981
0.3916
0.3966
0.3955
0.3862
0.3875
0.3959
0.3863
0.3969
0.4
0.3992
0.3969
0.4
0.3833
0.399
0.3966
0.4
0.3971
0.375
0.3972
0.3957
0.4
0.3957
0.3992
0.3962
0.3967
0.3925
0.3959
0.3966
0.3914
0.3952
0.3969
0.3932
0.3981
0.3873
0.3961
0.4
0.3896
0.3964
0.3987
0.399
0.3971
0.3983
0.399
0.3894
0.3989
0.3891
0.3942
0.3982
0.3934
0.3963
0.3928
0.3956
0.3989
0.3967
0.4
0.3992
0.3991
0.4
0.397
0.3979
0.4
0.3955
0.3924
0.3934
0.395
0.3926
0.3914
0.3964
0.3764
0.3989
0.3991
0.3937
0.3823
0.3983
0.3781
0.4
0.3949
0.3984
0.3931
0.3948
0.3917
0.3952
0.3901
0.3953
0.3973
0.3868
0.3773
0.3755
0.3982
0.3971
0.3944
0.3952
0.3993
0.3918
0.3928
0.376
0.3842
0.3989
0.3938
0.4
0.3988
0.3992
0.3972
0.3975
0.4
0.3981
0.397
0.398
0.3968
0.3916
0.3924
0.3844
0.3988
0.3828
0.3989
0.3991
0.3989
0.4
0.3932
0.399
0.3936
0.4
0.3912
0.3961
0.3938
0.3723
0.3934
0.3971
0.3969
0.3954
0.3919
0.3967
0.3954
0.3956
0.3956
0.3918
0.3988
0.3974
0.3984
0.3959
0.3979
0.4
0.3989
0.3987
0.3985
0.3874
0.4
0.3813
0.3988
0.3978
0.3991
0.3838
0.3928
0.3943
0.3991
0.3886
0.3973
0.4
0.3944
0.4
0.4
0.3806
0.3719
0.4
0.3968
0.3989
0.3981
0.3728
0.3857
0.3947
0.3911
0.3915
0.3627
0.3582
0.395
0.3932
0.3933
0.3977
0.4
0.3977
0.4
0.3987
0.3958
0.3939
0.3966
0.4
0.3928
0.399
0.4
0.3967
0.3987
0.3987
0.3919
0.3857
0.3989
0.4
0.3988
0.3987
0.3798
0.3955
0.3754
0.3961
0.4
0.3944
0.3954
0.3901
0.3877
0.399
0.3895
0.3847
0.4
0.399
0.3953
0.3942
0.4
0.399
0.3972
0.3953
0.3987
0.3976
0.4
0.399
0.3845
0.3849
0.3976
0.4
0.3912
0.3992
0.3919
0.3966
0.3989
0.3951
0.3845
0.4
0.3988
0.4
0.398
0.3977
0.378
0.3718
0.3991
0.4
0.3956
0.3908
0.3964
0.3965
0.3928
0.3983
0.3975
0.3964
0.3975
0.3919
0.3834
0.3971
0.3988
0.4
0.3788
0.4
0.393
0.393
0.3992
0.3902
0.4
0.3974
0.3941
0.3789
0.3991
0.3968
0.399
0.3992
0.3922
0.3881
0.3978
0.3992
0.388
0.4
0.4
0.3982
0.4
0.3976
0.397
0.3989
0.3949
0.4
0.3934
0.3978
0.3744
0.3978
0.394
0.3991
0.3856
0.3911
0.3989
0.4
0.4
0.3862
0.373
0.3813
0.3909
0.3874
0.4
0.396
0.394
0.3761
0.4
0.3986
0.3984
0.3934
0.3982
0.3923
0.4
0.3767
0.3988
0.396
0.3809
0.3988
0.3988
0.3969
0.3855
0.3989
0.3958
0.3935
0.399
0.3991
0.3942
0.3962
0.3958
0.3962
0.3848
0.3959
0.4
0.393
0.4
0.3898
0.3885
0.3883
0.3986
0.3914
0.3939
0.4
0.393
0.3929
0.3974
0.4
0.3727
0.3952
0.3957
0.398
0.3993
0.398
0.3903
0.399
0.3881
0.3927
0.3878
0.3945
0.3967
0.3979
0.4
0.395
0.399
0.3945
0.3989
0.3983
0.3989
0.3947
0.3924
0.387
0.397
NA
NA
NA
NA
NA
NA
NA
NA
NA
NA
NA
NA
NA
NA
NA
NA
NA
NA
NA
NA
NA
NA
NA
NA
NA
NA
NA
NA
NA
NA
NA
NA
NA
NA
NA
NA
NA
NA
NA
NA
NA
NA
NA
NA
NA
NA
NA
NA
NA
NA
NA
NA
NA
NA
NA
NA
NA
NA
NA
NA
NA
NA
NA
NA
NA
NA
NA
NA
NA
NA
NA
NA
NA
NA
NA
NA
NA
NA
NA
NA
NA
NA
NA
NA
NA
NA
NA
NA
NA
NA
NA
NA
NA
NA
NA
NA
NA
NA
NA
NA
NA
NA
NA
NA
NA
NA
NA
NA
NA
NA
NA
NA
NA
NA
NA
NA
NA
NA
NA
NA
NA
NA
NA
NA
NA
NA
NA
NA
NA
NA
NA
NA
NA
NA
NA
NA
NA
NA
NA
NA
NA
NA
NA
NA
NA
NA
NA
NA
NA
NA
NA
NA
NA
NA
NA
NA
NA
NA
NA
NA
NA
NA
NA
NA
NA
NA
NA
NA
NA
NA
NA
NA
NA
NA
NA
NA
NA
NA
NA
NA
NA
NA
NA
NA
NA
NA
NA
NA
NA
NA
NA
NA
NA
NA
NA
NA
NA
NA
NA
NA
NA
NA
NA
NA
NA
NA
NA
NA
NA
NA
NA
NA
NA
NA
NA
NA
NA
NA
NA
NA
NA
NA
NA
NA
NA
NA
NA
NA
NA
NA
NA
NA
NA
NA
NA
NA
NA
NA
NA
NA
NA
NA
NA
NA
NA
NA
NA
NA
NA
NA
NA
NA
NA
NA
NA
NA
NA
NA
NA
NA
NA
NA
NA
NA
NA
NA
NA
NA
NA
NA
NA
NA
NA
NA
NA
NA
NA
NA
NA
NA
NA
NA
NA
NA
NA
NA
NA
NA
NA
NA
NA
NA
NA
NA
NA
NA
NA
NA
NA
NA
NA
NA
NA
NA
NA
NA
NA
NA
NA
NA
NA
NA
NA
NA
NA
NA
NA
NA
NA
NA
NA
NA
NA
NA
NA
NA
NA
NA
NA
NA
NA
NA
NA
NA
NA
NA
NA
NA
NA
NA
NA
NA
NA
NA
NA
NA
NA
NA
NA
NA
NA
NA
NA
NA
NA
NA
NA
NA
NA
NA
NA
NA
NA
NA
NA
NA
NA
NA
NA
NA
NA
NA
NA
NA
NA
NA
NA
NA
NA
NA
NA
NA
NA
NA
NA
NA
NA
NA
NA
NA
NA
NA
NA
NA
NA
NA
NA
NA
NA
NA
NA
NA
NA
NA
NA
NA
NA
NA
NA
NA
NA
NA
NA
NA
NA
NA
NA
NA
NA
NA
NA
NA
NA
NA
NA
NA
NA
NA
NA
NA
NA
NA
NA
NA
NA
NA
NA
NA
NA
NA
NA
NA
NA
NA
NA
NA
NA
NA
NA
NA
NA
NA
NA
NA
NA
NA
NA
NA
NA
NA
NA
NA
NA
NA
NA
NA
NA
NA
NA
NA
NA
NA
NA
NA
NA
NA
NA
NA
NA
NA
NA
NA
NA
NA
NA
NA
NA
NA
NA
NA
NA
NA
NA
NA
NA
NA
NA
NA
NA
NA
NA
NA
NA
NA
NA
NA
NA
NA
NA
NA
NA
NA
NA
NA
NA
NA
NA
NA
NA
NA
NA
NA
NA
NA
NA
NA
NA
NA
NA
NA
NA
NA
NA
NA
NA
NA
NA
NA
NA
NA
NA
NA
NA
NA
NA
NA
NA
NA
NA
NA
NA
NA
NA
NA
NA
NA
NA
NA
NA
NA
NA
NA
NA
NA
NA
NA
NA
NA
NA
NA
NA
NA
NA
NA
NA
NA
NA
NA
NA
NA
NA
NA
NA
NA
NA
NA
NA
NA
NA
NA
NA
NA
NA
NA
NA
NA
NA
NA
NA
NA
NA
NA
NA
NA
NA
NA
NA
NA
NA
NA
NA
NA
NA
NA
NA
NA
NA
NA
NA
NA
NA
NA
NA
NA
NA
NA
NA
NA
NA
NA
NA
NA
NA
NA
NA
NA
NA
NA
NA
NA
NA
NA
NA
NA
NA
NA
NA
NA
NA
NA
NA
NA
NA
NA
NA
NA
NA
NA
NA
NA
NA
NA
NA
NA
NA
NA
NA
NA
NA
NA
NA
NA
NA
NA
NA
NA
NA
NA
NA
NA
NA
NA
NA
NA
NA
NA
NA
NA
NA
NA
NA
NA
NA
NA
NA
NA
NA
NA
NA
NA
NA
NA
NA
NA
NA
NA
NA
NA
NA
NA
NA
NA
NA
NA
NA
NA
NA
NA
NA
NA
NA
NA
NA
NA
NA
NA
NA
NA
NA
NA
NA
NA
NA
NA
NA
NA
NA
NA
NA
NA
NA
NA
NA
NA
NA
NA
NA
NA
NA
NA
NA
NA
NA
NA
NA
NA
NA
NA
NA
NA
NA
NA
NA
NA
NA
NA
NA
NA
NA
NA
NA
NA
NA
NA
NA
NA
NA
NA
NA
NA
NA
NA
NA
NA
NA
NA
NA
NA
NA
NA
NA
NA
NA
NA
NA
NA
NA
NA
NA
NA
NA
NA
NA
NA
NA
NA
NA
NA
NA
NA
NA
NA
NA
NA
NA
NA
NA
NA
NA
NA
NA
NA
NA
NA
NA
NA
NA
NA
NA
NA
NA
NA
NA
NA
NA
NA
NA
NA
NA
NA
NA
NA
NA
NA
NA
NA
NA
NA
NA
NA
NA
NA
NA
NA
NA
NA
NA
NA
NA
NA
NA
NA
NA
NA
NA
NA
NA
NA
NA
NA
NA
NA
NA
NA
NA
NA
NA
NA
NA
NA
NA
NA
NA
NA
NA
NA
NA
NA
NA
NA
NA
NA
NA
NA
NA
NA
NA
NA
NA
NA
NA
NA
NA
NA
NA
NA
NA
NA
NA
NA
NA
NA
NA
NA
NA
NA
NA
NA
NA
NA
NA
NA
NA
NA
NA
NA
NA
NA
NA
NA
NA
NA
NA
NA
NA
NA
NA
NA
NA
NA
NA
NA
NA
NA
NA
NA
NA
NA
NA
NA
NA
NA
NA
NA
NA
NA
NA
NA
NA
NA
NA
NA
NA
NA
NA
NA
NA
NA
NA
NA
NA
NA
NA
NA
NA
NA
NA
NA
NA
NA
NA
NA
NA
NA
NA
NA
NA
NA
NA
NA
NA
NA
NA
NA
NA
NA
NA
NA
NA
NA
NA
NA
NA
NA
NA
NA
NA
NA
NA
NA
NA
NA
NA
NA
NA
NA
NA
NA
NA
NA
NA
NA
NA
NA
NA
NA
NA
NA
NA
NA
NA
NA
NA
NA
NA
NA
NA
NA
NA
NA
NA
NA
NA
NA
NA
NA
NA
NA
NA
NA
NA
NA
NA
NA
NA
NA
NA
NA
NA
NA
NA
NA
NA
NA
NA
NA
NA
NA
NA
NA
NA
NA
NA
NA
NA
NA
NA
NA
NA
NA
NA
NA
NA
NA
NA
NA
NA
NA
NA
NA
NA
NA
NA
NA
NA
NA
NA
NA
NA
NA
NA
NA
NA
NA
NA
NA
NA
NA
NA
NA
NA
NA
NA
NA
NA
NA
NA
NA
NA
NA
NA
NA
NA
NA
NA
NA
NA
NA
NA
NA
NA
NA
NA
NA
NA
NA
NA
NA
NA
NA
NA
NA
NA
NA
NA
NA
NA
NA
NA
NA
NA
NA
NA
NA
NA
NA
NA
NA
NA
NA
NA
NA
NA
NA
NA
NA
NA
NA
NA
NA
NA
NA
NA
NA
NA
NA
NA
NA
NA
NA
NA
NA
NA
NA
NA
NA
NA
NA
NA
NA
NA
NA
NA
NA
NA
NA
NA
NA
NA
NA
NA
NA
NA
NA
NA
NA
NA
NA
NA
NA
NA
NA
NA
NA
NA
NA
NA
NA
NA
NA
NA
NA
NA
NA
NA
NA
NA
NA
NA
NA
NA
NA
NA
NA
NA
NA
NA
NA
NA
NA
NA
NA
NA
NA
NA
NA
NA
NA
NA
NA
NA
NA
NA
NA
NA
NA
NA
NA
NA
NA
NA
NA
NA
NA
NA
NA
NA
NA
NA
NA
NA
NA
NA
NA
NA
NA
NA
NA
NA
NA
NA
NA
NA
NA
NA
NA
NA
NA
NA
NA
NA
NA
NA
NA
NA
NA
NA
NA
NA
NA
NA
NA
NA
NA
NA
NA
NA
NA
NA
NA
NA
NA
NA
NA
NA
NA
NA
NA
NA
NA
NA
NA
NA
NA
NA
NA
NA
NA
NA
NA
NA
NA
NA
NA
NA
NA
NA
NA
NA
NA
NA
NA
NA
NA
NA
NA
NA
NA
NA
NA
NA
NA
NA
NA
NA
NA
NA
NA
NA
NA
NA
NA
NA
NA
NA
NA
NA
NA
NA
NA
NA
NA
NA
NA
NA
NA
NA
NA
NA
NA
NA
NA
NA
NA
NA
NA
NA
NA
NA
NA
NA
NA
NA
NA
NA
NA
NA
NA
NA
NA
NA
NA
NA
NA
NA
NA
NA
NA
NA
NA
NA
NA
NA
NA
NA
NA
NA
NA
NA
NA
NA
NA
NA
NA
NA
NA
NA
NA
NA
NA
NA
NA
NA
NA
NA
NA
NA
NA
NA
NA
NA
NA
NA
NA
NA
NA
NA
NA
NA
NA
NA
NA
NA
NA
NA
NA
NA
NA
NA
NA
NA
NA
NA
NA
NA
NA
NA
NA
NA
NA
NA
NA
NA
NA
NA
NA
NA
NA
NA
NA
NA
NA
NA
NA
NA
NA
NA
NA
NA
NA
NA
NA
NA
NA
NA
NA
NA
NA
NA
NA
NA
NA
NA
NA
NA
NA
NA
NA
NA
NA
NA
NA
NA
NA
NA
NA
NA
NA
NA
NA
NA
NA
NA
NA
NA
NA
NA
NA
NA
NA
NA
NA
NA
NA
NA
NA
NA
NA
NA
NA
NA
NA
NA
NA
NA
NA
NA
NA
NA
NA
NA
NA
NA
NA
NA
NA
NA
NA
NA
NA
NA
NA
NA
NA
NA
NA
NA
NA
NA
NA
NA
NA
NA
NA
NA
NA
NA
NA
NA
NA
NA
NA
NA
NA
NA
NA
NA
NA
NA
NA
NA
NA
NA
NA
NA
NA
NA
NA
NA
NA
NA
NA
NA
NA
NA
NA
NA
NA
NA
NA
NA
NA
NA
NA
NA
NA
NA
NA
NA
NA
NA
NA
NA
NA
NA
NA
NA
NA
NA
NA
NA
NA
NA
NA
NA
NA
NA
NA
NA
NA
NA
NA
NA
NA
NA
NA
NA
NA
NA
NA
NA
NA
NA
NA
NA
NA
NA
NA
NA
NA
NA
NA
NA
NA
NA
NA
NA
NA
NA
NA
NA
NA
NA
NA
NA
NA
NA
NA
NA
NA
NA
NA
NA
NA
NA
NA
NA
NA
NA
NA
NA
NA
NA
NA
NA
NA
NA
NA
NA
NA
NA
NA
NA
NA
NA
NA
NA
NA
NA
NA
NA
NA
NA
NA
NA
NA
NA
NA
NA
NA
NA
NA
NA
NA
NA
NA
NA
NA
NA
NA
NA
NA
NA
NA
NA
NA
NA
NA
NA
NA
NA
NA
NA
NA
NA
NA
NA
NA
NA
NA
NA
NA
NA
NA
NA
NA
NA
NA
NA
NA
NA
NA
NA
NA
NA
NA
NA
NA
NA
NA
NA
NA
NA
NA
NA
NA
NA
NA
NA
NA
NA
NA
NA
NA
NA
NA
NA
NA
NA
NA
NA
NA
NA
NA
NA
NA
NA
NA
NA
NA
NA
NA
NA
NA
NA
NA
NA
NA
NA
NA
NA
NA
NA
NA
NA
NA
NA
NA
NA
NA
NA
NA
NA
NA
NA
NA
NA
NA
NA
NA
NA
NA
NA
NA
NA
NA
NA
NA
NA
NA
NA
NA
NA
NA
NA
NA
NA
NA
NA
NA
NA
NA
NA
NA
NA
NA
NA
NA
NA
NA
NA
NA
NA
NA
NA
NA
NA
NA
NA
NA
NA
NA
NA
NA
NA
NA
NA
NA
NA
NA
NA
NA
NA
NA
NA
NA
NA
NA
NA
NA
NA
NA
NA
NA
NA
NA
NA
NA
NA
NA
NA
NA
NA
NA
NA
NA
NA
NA
NA
NA
NA
NA
NA
NA
NA
NA
NA
NA
NA
NA
NA
NA
NA
NA
NA
NA
NA
NA
NA
NA
NA
NA
NA
NA
NA
NA
NA
NA
NA
NA
NA
NA
NA
NA
NA
NA
NA
NA
NA
NA
NA
NA
NA
NA
NA
NA
NA
NA
NA
NA
NA
NA
NA
NA
NA
NA
NA
NA
NA
NA
NA
NA
NA
NA
NA
NA
NA
NA
NA
NA
NA
NA
NA
NA
NA
NA
NA
NA
NA
NA
NA
NA
NA
NA
NA
NA
NA
NA
NA
NA
NA
NA
NA
NA
NA
NA
NA
NA
NA
NA
NA
NA
NA
NA
NA
NA
NA
NA
NA
NA
NA
NA
NA
NA
NA
NA
NA
NA
NA
NA
NA
NA
NA
NA
NA
NA
NA
NA
NA
NA
NA
NA
NA
NA
NA
NA
NA
NA
NA
NA
NA
NA
NA
NA
NA
NA
NA
NA
NA
NA
NA
NA
NA
NA
NA
NA
NA
NA
NA
NA
NA
NA
NA
NA
NA
NA
NA
NA
NA
NA
NA
NA
NA
NA
NA
NA
NA
NA
NA
NA
NA
NA
NA
NA
NA
NA
NA
NA
NA
NA
NA
NA
NA
NA
NA
NA
NA
NA
NA
NA
NA
NA
NA
NA
NA
NA
NA
NA
NA
NA
NA
NA
NA
NA
NA
NA
NA
NA
NA
NA
NA
NA
NA
NA
NA
NA
NA
NA
NA
NA
NA
NA
NA
NA
NA
NA
NA
NA
NA
NA
NA
NA
NA
NA
NA
NA
NA
NA
NA
NA
NA
NA
NA
NA
NA
NA
NA
NA
NA
NA
NA
NA
NA
NA
NA
NA
NA
NA
NA
NA
NA
NA
NA
NA
NA
NA
NA
NA
NA
NA
NA
NA
NA
NA
NA
NA
NA
NA
NA
NA
NA
NA
NA
NA
NA
NA
NA
NA
NA
NA
NA
NA
NA
NA
NA
NA
NA
NA
NA
NA
NA
NA
NA
NA
NA
NA
NA
NA
NA
NA
NA
NA
NA
NA
NA
NA
NA
NA
NA
NA
NA
NA
NA
NA
NA
NA
NA
NA
NA
NA
NA
NA
NA
NA
NA
NA
NA
NA
NA
NA
NA
NA
NA
NA
NA
NA
NA
NA
NA
NA
NA
NA
NA
NA
NA
NA
NA
NA
NA
NA
NA
NA
NA
NA
NA
NA
NA
NA
NA
NA
NA
NA
NA
NA
NA
NA
NA
NA
NA
NA
NA
NA
NA
NA
NA
NA
NA
NA
NA
NA
NA
NA
NA
NA
NA
NA
NA
NA
NA
NA
NA
NA
NA
NA
NA
NA
NA
NA
NA
NA
NA
NA
NA
NA
NA
NA
NA
NA
NA
NA
NA
NA
NA
NA
NA
NA
NA
NA
NA
NA
NA
NA
NA
NA
NA
NA
NA
NA
NA
NA
NA
NA
NA
NA
NA
NA
NA
NA
NA
NA
NA
NA
NA
NA
NA
NA
NA
NA
NA
NA
NA
NA
NA
NA
NA
NA
NA
NA
NA
NA
NA
NA
NA
NA
NA
NA
NA
NA
NA
NA
NA
NA
NA
NA
NA
NA
NA
NA
NA
NA
NA
NA
NA
NA
NA
NA
NA
NA
NA
NA
NA
NA
NA
NA
NA
NA
NA
NA
NA
NA
NA
NA
NA
NA
NA
NA
NA
NA
NA
NA
NA
NA
NA
NA
NA
NA
NA
NA
NA
NA
NA
NA
NA
NA
NA
NA
NA
NA
NA
NA
NA
NA
NA
NA
NA
NA
NA
NA
NA
NA
NA
NA
NA
NA
NA
NA
NA
NA
NA
NA
NA
NA
NA
NA
NA
NA
NA
NA
NA
NA
NA
NA
NA
NA
NA
NA
NA
NA
NA
NA
NA
NA
NA
NA
NA
NA
NA
NA
NA
NA
NA
NA
NA
NA
NA
NA
NA
NA
NA
NA
NA
NA
NA
NA
NA
NA
NA
NA
NA
NA
NA
NA
NA
NA
NA
NA
NA
NA
NA
NA
NA
NA
NA
NA
NA
NA
NA
NA
NA
NA
NA
NA
NA
NA
NA
NA
NA
NA
NA
NA
NA
NA
NA
NA
NA
NA
NA
NA
NA
NA
NA
NA
NA
NA
NA
NA
NA
NA
NA
NA
NA
NA
NA
NA
NA
NA
NA
NA
NA
NA
NA
NA
NA
NA
NA
NA
NA
NA
NA
NA
NA
NA
NA
NA
NA
NA
NA
NA
NA
NA
NA
NA
NA
NA
NA
NA
NA
NA
NA
NA
NA
NA
NA
NA
NA
NA
NA
NA
NA
NA
NA
NA
NA
NA
NA
NA
NA
NA
NA
NA
NA
NA
NA
NA
NA
NA
NA
NA
NA
NA
NA
NA
NA
NA
NA
NA
NA
NA
NA
NA
NA
NA
NA
NA
NA
NA
NA
NA
NA
NA
NA
NA
NA
NA
NA
NA
NA
NA
NA
NA
NA
NA
NA
NA
NA
NA
NA
NA
NA
NA
NA
NA
NA
NA
NA
NA
NA
NA
NA
NA
NA
NA
NA
NA
NA
NA
NA
NA
NA
NA
NA
NA
NA
NA
NA
NA
NA
NA
NA
NA
NA
NA
NA
NA
NA
NA
NA
NA
NA
NA
NA
NA
NA
NA
NA
NA
NA
NA
NA
NA
NA
NA
NA
NA
NA
NA
NA
NA
NA
NA
NA
NA
NA
NA
NA
NA
NA
NA
NA
NA
NA
NA
NA
NA
NA
NA
NA
NA
NA
NA
NA
NA
NA
NA
NA
NA
NA
NA
NA
NA
NA
NA
NA
NA
NA
NA
NA
NA
NA
NA
NA
NA
NA
NA
NA
NA
NA
NA
NA
NA
NA
NA
NA
NA
NA
NA
NA
NA
NA
NA
NA
NA
NA
NA
NA
NA
NA
NA
NA
NA
NA
NA
NA
NA
NA
NA
NA
NA
NA
NA
NA
NA
NA
NA
NA
NA
NA
NA
NA
NA
NA
NA
NA
NA
NA
NA
NA
NA
NA
NA
NA
NA
NA
NA
NA
NA
NA
NA
NA
NA
NA
NA
NA
NA
NA
NA
NA
NA
NA
NA
NA
NA
NA
NA
NA
NA
NA
NA
NA
NA
NA
NA
NA
NA
NA
NA
NA
NA
NA
NA
NA
NA
NA
NA
NA
NA
NA
NA
NA
NA
NA
NA
NA
NA
NA
NA
NA
NA
NA
NA
NA
NA
NA
NA
NA
NA
NA
NA
NA
NA
NA
NA
NA
NA
NA
NA
NA
NA
NA
NA
NA
NA
NA
NA
NA
NA
NA
NA
NA
NA
NA
NA
NA
NA
NA
NA
NA
NA
NA
NA
NA
NA
NA
NA
NA
NA
NA
NA
NA
NA
NA
NA
NA
NA
NA
NA
NA
NA
NA
NA
NA
NA
NA
NA
NA
NA
NA
NA
NA
NA
NA
NA
NA
NA
NA
NA
NA
NA
NA
NA
NA
NA
NA
NA
NA
NA
NA
NA
NA
NA
0.2069
0.2917
0.2174
0.0526
0.5143
0.2245
0.2632
0.1316
0.4483
0.2174
0.3158
0.2105
0.0789
0.35
0.4359
0.2826
0.3714
0.3214
0.2222
0.25
0.3409
0.26
0.3261
0.303
0.2619
0.3158
0.1538
0.2051
0.4
0.3333
0.4375
0.1556
0.2444
0.4839
0.381
0.5
0.2143
0.25
0.25
0.2564
0.5217
0.2045
0.1795
0.3429
0.0625
0.5294
0.65
0.2791
0.4
0.4412
0.3429
0.1538
0.1892
0.1591
0.325
0.4
0.3409
0.2174
0.0156
0.3077
0.0213
0.2041
0.3182
0.1915
0.2927
0.2432
0.0638
0.2692
0.4857
0.2041
0.3333
0.48
0.2143
0.1053
0.2353
0.1522
0.1111
0.1622
0.1364
0.2105
0.2955
0.1739
0.75
0
0.2857
0.2791
0.1707
0.4211
0.3793
0.5862
0.3
0.1667
0.2222
0.303
0.0857
0.4375
0.2903
0.0926
0.1702
0.3438
0.3333
0.6364
0.0213
0.2558
0.2727
0.2432
0.0227
0.4878
0.1842
0.25
0.2
0.2653
0.0455
0.2
0.8095
0.175
0.4
0.2727
0.1739
0.3023
0.0638
0.0926
0.3714
0.375
0.4118
0.1591
0.0633
0.1957
0.5667
0.1481
0.6471
0.2333
0.2667
0.3947
0.4667
0.5
0.4
0.0465
0.2105
0.2
0.2683
0.5385
0.1429
0.2195
0.4583
0.2619
0.0192
0.1404
0.1296
0.0698
0.2414
0.2041
0.2
0.1818
0.0769
0.2941
0.5263
0.0938
0.25
0.186
0.3784
0.1739
0.2909
0.2941
0.2326
0.2222
0.3125
0.122
0.4286
0.05
0.2174
0.2727
0.1628
0.2222
0.6
0.2051
0.1538
0.6857
0.1373
0.5333
0.8286
0.102
0.4688
0.1818
0.1739
0.1778
0.4634
0.0492
0.3778
0.3333
0.1091
0.3784
0.5
0.0541
0.2564
0.1818
0.4167
0.7297
0.2549
0.2174
0.2083
0.2308
0.4
0.1556
0.025
0.15
0.0278
0.1837
0.3404
0.25
0.0238
0.3043
0.3824
0.3448
0.169
0.3438
0.2973
0.5263
0.3056
0.35
0.3529
0.3019
0.0698
0.0667
0.2564
0.2564
0.5135
0.1522
0.4412
0.2564
0.0889
0.4324
0.3514
0.3333
0.375
0.3171
0.2432
0.3824
0.1795
0.25
0.5946
0.1667
0.3415
0.2059
0.225
0.2703
0.1765
0.3256
0.2979
0.3571
0.3333
0.5
0.4
0.2558
0.1633
0.4043
0.3947
0.5405
0.2222
0.5143
0.2105
0.5135
0.2593
0.0851
0.1364
0.1818
0.2174
0.2188
0.2105
0.1739
0.2778
0.4545
0.186
0
0.2353
0.2308
0.3333
0.0476
0.2162
0.2059
0.2308
0.2097
0.2162
0.3448
0.3333
0.2889
0.1667
0.3469
0.1538
0.0588
0.2326
0.2564
0.4324
0.2
0.1892
0.1429
0.4242
0.0513
0.1875
0.3191
0.2075
0.2941
0.2553
0.32
0.25
0.2222
0.2692
0.7857
0.0943
0.12
0.15
0.1875
0.1724
0.0328
0.3462
0.2308
0.375
0.3256
0.5143
0.2826
0.3636
0.3889
0.0278
0.1364
0.0571
0.2368
0.175
0.3659
0.25
0.1176
0.0877
0.34
0.2653
0.2128
0.25
0.2647
0.1064
0.3514
0.175
0.25
0.7778
0.2093
0.1765
0.2903
0.075
0.1346
0.1087
0.2326
0.2292
0.2708
0.2564
0.0217
0.1026
0.3333
0.3684
0.2105
0.35
0.303
0.425
0.2045
0.2368
0.475
0.3636
0.1667
0.1892
0.1522
0.2391
0.4
0.2157
0.2439
0.6176
0.0926
0.2093
0.1818
0.1707
0.2973
0.1136
0.3784
0.76
0.2821
0.3077
0.2941
0.3333
0.4
0.2034
0.1538
0.2558
0.2857
0.2609
0.4324
0.3488
0.3333
0.3095
0.234
0.5185
0.2143
0.3864
0.25
0.3171
0.0488
0.2647
0.2791
0.1455
0.0943
0.5
0.3429
0.4737
0.24
0.4167
0.4333
0.3784
0.25
0.2812
0.4118
0.1628
0.3571
0.2889
0.1429
0.2727
0.2826
0.2093
0.2558
0.4375
0.2391
0.413
0.575
0.65
0.125
0.2373
0.2188
0.06
0.25
0.2881
0.6552
0.1395
0.25
0.2821
0.3611
0.3864
0.1707
0.1026
0.439
0.44
0.45
0.1395
0.2381
0.2553
0.3846
0.4375
0.3333
0.5
0.4444
0.1667
0.0263
0.0244
0.4783
0.2653
0.1452
0.0208
0.2619
0.3721
0.275
0.4138
0.3571
0.28
0.4318
0.1163
0.2195
0.2456
0.2683
0.2955
0.2115
0.3182
0.2857
0.6176
0.3056
0.1905
0.2
0.275
0.2
0.1667
0.0789
0.2653
0.2222
0.2105
0.3158
0.3158
0.3514
0.1458
0.2195
0.3714
0.3191
0.186
0.4286
0.2381
0.2143
0.3333
0.2564
0.6562
0.0882
0.0612
0.3171
0.275
0.0545
0.0444
0.0571
0.4
0.175
0.0222
0.5312
0.3421
0.1695
0.3684
0.2264
0.3415
0.26
0.2917
0.2647
0.2553
0.6667
0.2727
0.4038
0.2903
0.4681
0.2683
0.4146
0.5143
0.0417
0.2041
0.2353
0.2791
0.2593
0.0541
0.1951
0.4444
0.6389
0.18
0.1
0.4286
0.4524
0.2326
0.1875
0.3333
0
0.283
0.2045
0.1944
0.2
0.1667
0.2609
0.3148
0.3111
0.1429
0.1731
0.1944
0.25
0.3415
0.1143
0.3111
0.1875
0.2143
0.175
0.3659
0.0625
0.3143
0.1579
0.2105
0.3455
0.3171
0.1373
0.0345
0.1176
0.2
0.2979
0.2963
0.2326
0.25
0.0217
0.2927
0.3333
0.1633
0.2075
0.3077
0.3333
0.1538
0
0.5517
0.2
0.1064
0.5143
0.1522
0.2449
0.1569
0.1212
0.3571
0.2857
0.2424
0.1296
0.3864
0.1591
0.3429
0.1316
0.3824
0.2391
0.6333
0.1333
0.25
0.3636
0.1818
0.5938
0.1951
0.0213
0.2051
0.1951
0.7317
0.1714
0.2381
0.1964
0.3571
0.0208
0.2128
0.2683
0.1556
0.42
0.1905
0.2
0.2703
0.2093
0.5
0.2821
0.3171
0.4242
0.0962
0.4146
0.3158
0.2105
0.1875
0.1591
0.1951
0.25
0.2075
0.2895
0.4865
0.4062
0.2791
0.1579
0
0.4828
0.4286
0.1556
0.1951
0.375
0.5
0.0508
0.2121
0.3429
0.4
0.0563
0.2778
0.2955
0.2895
0.0244
0.1509
0.2791
0.2619
0.2619
0.2195
0.2093
0.2407
0.2
0.2273
0.3333
0.3125
0.2174
0.4348
0.4
0.2174
0.4
0.3571
0.5278
0.1404
0.25
0.2703
0.1951
0.2105
0.2105
0.3846
0.2157
0.2115
0.1961
0.175
0.4
0.3636
0.1702
0.35
0.5
0.3333
0.5278
0.18
0.3023
0.325
0.3696
0.2941
0.2703
0.2308
0.3261
0.2558
0.4412
0.4815
0.3125
0.2
0.3273
0.5455
0.4314
0.6471
0.2456
0.3778
0.3429
0.2195
0.2391
0.2683
0.2759
0.4242
0.1552
0.1429
0.1667
0.4211
0.7179
0.093
0.2857
0.6667
0.2162
0.2708
0.2453
0.2653
0.4375
0.3415
0.84
0.2308
0.2632
0.1957
0.2286
0.1875
0.3429
0.4167
0.3077
0.25
0.175
0.4146
0.2051
0.2727
0.4167
0.1087
0.1875
0.0476
0.3929
0.2857
0.12
0.193
0.1739
0.1136
0.275
0.2955
0.1429
0.0789
0.6129
0.2157
0.5152
0.2059
0.3077
0.4737
0.1525
0.1628
0.3
0.5172
0.1667
0.2444
0.3077
0.3548
0.1351
0.4103
0.1458
0.0244
0.2368
0.2143
0.3265
0.06
0.3864
0.2439
0.1522
0.1053
0.2424
0.1837
0.4259
0.2609
0.4412
0.0465
0.0217
0.4043
0.3333
0.2973
0.381
0.3243
0.2222
0.5312
0.2979
0.2917
0.2326
0.3529
0.3061
0.2895
0.3636
0.3125
0.025
0.3636
0.1892
0.1489
0.1538
0.2927
0.25
0.2093
0.303
0.1176
0.3421
0.1628
0.2564
0.3846
0.3548
0.6207
0.42
0.1579
0.375
0.5667
0.3182
0.3409
0.1905
0.2941
0.3333
0.3415
0.2927
0.4167
0.3913
0.2326
0.7407
0.3333
0.2564
0.4
0.3864
0.3333
0.3871
0.4
0.3929
0.2857
0.1579
0.1429
0.102
0.3529
0.3256
0.2264
0.2727
0.1579
0.25
0
0.3958
0.1111
0.3143
0.1628
0.275
0.2778
0.1628
0.25
0.125
0.1351
0.2647
0.4118
0.3871
0.3056
0.3415
0.0741
0.2549
0.5625
0.1509
0.3243
0.3421
0.6667
0.2778
0.087
0.2439
0.2308
0.2581
0.4483
0.2075
0.2889
0.2903
0.3448
0.2727
0.3684
0.2549
0.2647
0.2927
0.3265
0.2564
0.4737
0.3333
0.1667
0.2609
0.3947
0.2917
0.2955
0.2075
0.1081
0.55
0.2308
0.3023
0.2069
0.3871
0.2286
0.3
0.1842
0.186
0.0392
0.2128
0.3714
0.2973
0.1964
0.0758
0.2414
0.4634
0.3333
0.2222
0.3529
0.2449
0.3953
0.3462
0.2708
0.1667
0.0952
0.3
0.5385
0.2889
0.25
0.1111
0.3585
0.0263
0.186
0.2553
0.3611
0.2286
0.0952
0.2917
0.2093
0.1731
0.2414
0.2558
0.2292
0.1034
0.2683
0.3529
0.1957
0.2941
0.2
0.6452
0.4667
0.1765
0.3889
0.093
0.4
0.3226
0.1957
0.2653
0.0652
0.2826
0.2941
0.2041
0.2439
0.2
0.4062
0.2973
0.2927
0.0615
0.1628
0.4103
0.4048
0.1562
0.1778
0.2895
0.5161
0.3714
0.0698
0.0909
0.4706
0.3
0.5333
0.2703
0.2449
0.25
0.2632
0.2162
0.2857
0.275
0.2414
0.0392
0.02
0.0351
0.2895
0.1132
0.1579
0.2368
0.0286
0.0196
0.0769
0.0164
0.303
0.0952
0.225
0.0833
0.1351
0.0323
0.0417
0.1538
0.0435
0.18
0.0625
0.1111
0.2143
0.1316
0.1346
0.2308
0.1429
0.0345
0.4062
0.0667
0.1778
0.0968
0.2619
0.1026
0.0909
0.029
0.2273
0.075
0.0741
0.0222
0.0714
0.4
0
0.2286
0.2391
0.0213
0.0488
0.3529
0.1081
0.1538
0.0526
0.0444
0.0714
0.0526
0.0566
0.0208
0.0625
0.0877
0.35
0.0392
0.0625
0.2128
0.4146
0.1622
0.0213
0
0.4571
0.2041
0.125
0.0357
0.0222
0.0789
0.0882
0.0652
0.0137
0
0.0909
0.0238
0.0408
0.0408
0.1613
0
0
0.2558
0.0465
0.0488
0.0909
0.0294
0.1569
0.1111
0.2
0.2727
0.0857
0.3438
0.0556
0.0364
0.0208
0.0938
0.1053
0.2222
0.0426
0.2558
0.04
0.2432
0.0682
0.4634
0
0.0889
0.0417
0.0392
0.0682
0.14
0
0.0244
0.2286
0.0682
0
0
0.0638
0.0185
0.2222
0.25
0.3529
0.3636
0.025
0.08
0.5
0.0179
0.0526
0.0667
0.1957
0.3684
0.0204
0.0256
0.2857
0.0233
0.1842
0.0877
0.1463
0.0816
0.0444
0
0.1034
0.2857
0.0816
0.0877
0.0182
0.2973
0.2586
0.1429
0
0.0339
0.1026
0.2424
0.1707
0.3667
0
0.2326
0.0488
0.0208
0.0508
0.1765
0.2558
0.1064
0.0179
0.0698
0.2286
0.075
0.0392
0.2121
0.0222
0.0196
0
0.0238
0.1071
0.0952
0.0784
0.3548
0.6
0.0408
0.5312
0
0.1087
0.1778
0.439
0
0.0392
0.3333
0.2115
0.4324
0
0.1081
0.122
0.0222
0.0789
0.1111
0.2549
0.0625
0
0.1
0.3143
0.2
0.025
0.225
0.0278
0.1633
0.383
0.25
0.3243
0.1
0.3235
0.0625
0.1127
0.1765
0
0.0455
0.2222
0.0408
0.027
0.2642
0.1429
0.1111
0.2308
0.0238
0.119
0.1087
0.3235
0
0.0889
0.093
0.2632
0.3077
0.25
0.2381
0.1282
0.0256
0.2105
0.1778
0.1463
0.04
0.0217
0.0294
0.0465
0.2105
0.0364
0.0222
0.3404
0.1364
0.359
0.3947
0.093
0.2791
0.0408
0.1296
0.2368
0.2308
0.0526
0.1026
0.0164
0.05
0.3462
0.359
0.0227
0.1515
0.1522
0.0606
0.2973
0.0274
0.2037
0.1389
0.2093
0.075
0.1296
0.1795
0.1525
0.0488
0.1892
0.2121
0.0769
0.0303
0.2432
0.1
0.0545
0.1042
0.1905
0.1633
0.0769
0.0588
0.1163
0.2051
0.1795
0
0.0513
0.102
0.3939
0.0256
0.0833
0.1042
0
0.3235
0.037
0.0536
0.0667
0.1333
0.3462
0.6071
0.1132
0.06
0.1167
0
0.1034
0.0328
0.3269
0.0233
0.375
0.2326
0.1081
0.125
0.3333
0.0526
0
0.1136
0.2941
0.0476
0.0488
0
0
0.1143
0.05
0.0172
0
0.0833
0.0638
0.1143
0.1277
0.075
0.0244
0.0328
0.5
0.1163
0.1111
0.2258
0.2973
0.1154
0.1522
0.0213
0.1667
0.2292
0.2564
0.1364
0.2432
0.1944
0.025
0.1579
0
0.0556
0.186
0.0682
0.2368
0
0
0.0465
0.0732
0.1087
0
0.0222
0.0556
0.0213
0.4706
0.1296
0.0444
0.2727
0
0.3243
0.1136
0.2432
0.64
0.0233
0.0741
0.0789
0.3333
0.1053
0
0.0566
0.186
0.3714
0.0833
0.2973
0.0217
0.1429
0.1087
0.1702
0.0667
0
0.4091
0.1489
0.119
0.2308
0.0556
0.0444
0.0545
0.0943
0.3023
0.0263
0.375
0.0526
0.1026
0.0882
0.2973
0.0238
0.0294
0.0513
0.0435
0.3214
0.2667
0.0392
0.0208
0.0408
0.2093
0.0227
0.3939
0
0.0566
0.2326
0.2667
0.0847
0.0308
0.0857
0.0196
0.1364
0.0323
0.6552
0.1628
0.325
0.2821
0.1081
0.1702
0
0.0769
0.2927
0.28
0.0444
0.0227
0.0889
0.1064
0.1607
0
0.2222
0.3077
0.2051
0.1429
0.2941
0.0976
0.0833
0.2041
0.0312
0
0.1905
0.3488
0.15
0.2667
0.1905
0.2308
0.3636
0.093
0
0.2281
0.2927
0.0638
0.037
0.02
0.0233
0.5882
0.0526
0.1667
0.2
0.0682
0.0377
0.1364
0.1538
0.2245
0.2222
0.0976
0.0238
0.3158
0.1026
0
0.0233
0.075
0.2128
0.0217
0.075
0.119
0.1429
0.0164
0.0769
0
0.3929
0.0612
0.0465
0.0435
0.1509
0
0.3125
0.4571
0.075
0.0222
0.0541
0.2368
0.0484
0.1538
0.2075
0.0455
0.0392
0.0192
0.2941
0.234
0
0.4242
0
0.1935
0.0167
0.1951
0.0204
0.3824
0.25
0.1176
0.0833
0.1087
0.0877
0.027
0.0476
0.0227
0.2381
0.1111
0.0968
0.3214
0.381
0.0204
0.4062
0.0213
0.1026
0.1132
0.2045
0
0.3103
0.1351
0.2174
0.0339
0.0392
0.0893
0
0.3056
0.275
0.0667
0.0286
0.0417
0.0625
0.0682
0.15
0.0408
0.0417
0.0244
0.1053
0.1316
0.0656
0.35
0.1176
0.069
0.0588
0.0426
0.02
0.2222
0.0204
0.25
0
0.0465
0.037
0.1837
0.2075
0.025
0.1111
0
0.0208
0.5172
0.1714
0.0208
0.0465
0.1304
0.0196
0.1569
0.0606
0.0435
0.0455
0.027
0
0.02
0.1111
0.0278
0.2105
0.2647
0.0204
0.5
0.0217
0.1364
0.0185
0.1455
0.2
0.2195
0.2273
0.2308
0.122
0.04
0.2857
0
0.0169
0.2857
0.0417
0.3043
0.1707
0.0444
0.16
0.1667
0
0.0513
0.2558
0.2564
0.2308
0.0213
0.0833
0.0577
0.1905
0.1579
0.1579
0.0192
0.2093
0
0.04
0.0351
0.2105
0.0698
0.1515
0.186
0.0526
0
0.1613
0.3265
0
0.0682
0.275
0.0652
0.0678
0.0294
0.0256
0.44
0.0423
0.1026
0.1111
0.05
0.2308
0.1698
0.0638
0.0465
0.2857
0.1463
0.1136
0.0909
0.0571
0.0417
0
0.25
0.2609
0.3043
0.0476
0.087
0.0667
0.2619
0.0227
0.0862
0.2308
0.1351
0.2195
0.05
0.0488
0.0172
0.0189
0.1731
0.0556
0.075
0.2857
0.08
0.234
0.35
0.4062
0.1042
0.0952
0.0185
0.2326
0.0488
0.2609
0.1667
0.125
0.2593
0.3478
0.0612
0.0541
0.1034
0.0278
0.2286
0.0492
0.1282
0.3333
0.25
0.0161
0.14
0.2286
0.2439
0
0.2439
0.1333
0.3636
0.0317
0.1
0.0526
0.25
0.098
0.1628
0.1837
0.0588
0.0526
0.0536
0.1887
0
0.375
0.3171
0.1034
0.1282
0.0244
0.0833
0.0833
0.1875
0
0.122
0.0476
0
0
0.0217
0.025
0.0638
0.0488
0.0217
0.0286
0.1951
0.0303
0.2381
0.3488
0.1754
0.1739
0.0227
0.0465
0.3864
0.1429
0.2162
0
0.1176
0.2286
0.0137
0.0345
0.0244
0.1525
0.1628
0.225
0.3667
0.2069
0.2222
0.0233
0.1818
0.2432
0.2564
0.0625
0.25
0.3947
0.1429
0.1765
0.2889
0.3636
0.2683
0.0417
0
0.1818
0.1429
0.2963
0.1957
0
0
0.1364
0.2083
0.0952
0.3243
0.3571
0.0513
0.2857
0.4412
0.12
0.4167
0.0213
0
0.0189
0.0256
0.0571
0.3125
0.025
0.2727
0.0513
0.1915
0.0488
0.2439
0.1818
0.1111
0.2424
0.0294
0.2105
0.0222
0.1
0.025
0.2903
0.0278
0.1636
0.1228
0.1875
0
0.0667
0.3182
0.0238
0.1176
0.2143
0.0444
0.0222
0.1622
0.0385
0.0444
0.5926
0.0612
0.2051
0.3556
0.2
0.0323
0.2581
0.0286
0.0312
0.3095
0.1053
0.1224
0.1429
0.2941
0.0392
0.2453
0.1053
0.1579
0.0488
0.02
0.3542
0.0526
0.2857
0
0.0233
0.1026
0.186
0.0435
0.0816
0.027
0.2353
0.1081
0
0.027
0.0667
0.037
0.1569
0.3438
0.1132
0.1538
0.2632
0.0323
0.2703
0.0208
0.1463
0.2051
0.125
0.0588
0
0.0889
0.0294
0.3793
0.2045
0.1316
0.1346
0.027
0
0
0.0455
0.0638
0.3333
0.0182
0.1304
0
0.0364
0.0625
0
0.5625
0.0952
0.0233
0.2791
0.1552
0.3226
0.3714
0.175
0.1316
0.2273
0.2174
0.1633
0.1282
0
0.0169
0.0588
0.1724
0.1628
0.186
0.2286
0.0769
0.0185
0.0784
0.0357
0.1429
0.0588
0.0952
0.3
0
0.0204
0.2222
0.0217
0.1607
0
0.1591
0.125
0.027
0.2286
0.0714
0
0.186
0.037
0.0667
0.2558
0.1667
0.1207
0.3415
0.025
0.0213
0.2059
0.1778
0.4516
0.5333
0.0811
0.3333
0.1163
0.1463
0.3871
0.087
0.1154
0.0217
0.0833
0.0909
0.0769
0.119
0.1707
0.0571
0.0513
0.0217
0.0154
0.0667
0.125
0.0217
0.0625
0.0625
0.3421
0.0263
0.2286
0.0698
0.0217
0.1282
0
0.0882
0.2162
0.037
0
0.1795
0.125
0.0833
0.3
0.1
0.0588
0.02
0
0.0233
0.2041
0.05
0.025
0
0.0392
0.1026
0.0656
0
0.0714
0.0682
0.1042
0.1622
0.0323
0.0625
0
0.1818
0.1176
0.1667
0.1389
0.0444
0.0789
0.1373
0.05
0.2143
0.069
0.0278
0.0222
0.0213
0.0645
0.186
0.0769
0
0.029
0.0213
0
0.037
0.0222
0.0238
0
0.0625
0.0769
0.2174
0.0638
0
0.1579
0.0541
0.025
0.0263
0.0222
0.0952
0.2857
0.0189
0.0417
0.0469
0.0702
0.0213
0.0588
0.0208
0.04
0
0
0.0426
0
0.1842
0.0185
0.1042
0.0714
0.0222
0
0.0571
0.0435
0.0972
0.025
0.1364
0
0.0851
0.0204
0.0938
0.0526
0.0492
0.2558
0.0465
0.0488
0.0606
0.0588
0.1176
0.0545
0.0417
0.0541
0.0571
0.125
0.2121
0.0364
0.0417
0.1562
0.1053
0.25
0.0851
0.0222
0.04
0.2162
0.0909
0
0
0.0667
0.0833
0.0784
0.0227
0.08
0.0741
0.0244
0.0513
0.0227
0.0417
0.0625
0.0213
0.0185
0.25
0.1471
0.1053
0.0426
0
0.02
0.027
0.0357
0.0526
0.0667
0.02
0.0238
0.0204
0
0.0541
0.0233
0
0.1053
0.1951
0.0204
0
0.0238
0.1034
0
0.0385
0.0167
0.0364
0.0233
0.0339
0.02
0.0227
0.0508
0.1026
0.0294
0.3421
0.0606
0.0476
0.0426
0.0244
0.125
0.0339
0.1765
0.0682
0.1064
0.0357
0.0698
0.0811
0.025
0
0.0556
0.0222
0.0196
0.0227
0.0952
0.2308
0.1905
0.0588
0.0303
0.1136
0.0408
0.0286
0.0851
0.02
0.0625
0.0417
0
0.0196
0.08
0.1731
0.025
0.0286
0.027
0.122
0.0222
0.0789
0.1111
0.1481
0.0208
0.06
0
0.0513
0.0851
0.025
0.0233
0.0556
0.1224
0.0755
0.0222
0.0238
0.04
0.0526
0.2414
0.0263
0.1176
0.0541
0
0.025
0
0.1351
0
0
0.0667
0.0222
0
0
0.0204
0.3235
0.0488
0.0444
0.0233
0.2368
0.2564
0
0.0213
0.0256
0.0256
0.1
0.0217
0.2105
0.04
0.087
0
0
0.0698
0.2449
0.0444
0.0204
0.0682
0.0455
0.2632
0.0233
0.0227
0.04
0.1481
0.0714
0.2821
0.0893
0.0769
0
0.075
0.1071
0
0.0455
0.2424
0.02
0.0909
0
0.0411
0.0517
0.1111
0
0.05
0.1296
0.1795
0.1525
0.0732
0.025
0.0278
0.1026
0.0758
0.0263
0.0333
0.1509
0.125
0.0682
0.1429
0.0769
0.0588
0.1395
0
0.1282
0.0638
0.0256
0.0204
0.0244
0.2432
0.1458
0.1667
0.0536
0.1111
0.1915
0.1321
0.0889
0.087
0.1
0.0556
0.0755
0
0.1
0.0408
0.0678
0.0164
0.3077
0.0465
0.2812
0.1136
0.1622
0.0833
0.0286
0.0256
0.0278
0.0217
0.0857
0.0476
0.0488
0
0.025
0.1143
0.0667
0.069
0.0189
0.0625
0
0.0571
0.0408
0.025
0.0244
0.0333
0.3667
0
0.0556
0.3226
0.075
0.0727
0.0426
0.0667
0.2292
0
0.093
0.0652
0.0256
0
0.025
0.0952
0
0.0556
0.186
0.0909
0.05
0.0889
0.0612
0.0233
0.0244
0.0213
0
0.0444
0.037
0.0638
0.0698
0.0364
0.0222
0.0417
0.0476
0
0.0682
0
0.1818
0.0465
0.1481
0.0263
0.0909
0.1053
0.0161
0.0185
0.0638
0.025
0.0833
0
0.0217
0.0682
0.1087
0.1702
0.0333
0
0.0577
0.1277
0.1429
0.0732
0.0278
0
0.0727
0.0185
0.1163
0.1892
0.275
0.1228
0.1282
0.4
0.1081
0
0.0588
0
0.0435
0.1786
0.2444
0.0392
0.0208
0
0
0.0682
0.303
0.0392
0.0755
0.1628
0.3556
0.0678
0.0154
0.0857
0.0196
0.0455
0.0645
0
0.0217
0.0465
0.0952
0.1892
0.1489
0
0
0
0.28
0.0222
0.0227
0.0213
0.02
0.125
0.0294
0.0513
0.0323
0.2308
0.0408
0.0526
0.0976
0.0417
0.037
0
0.0208
0.1429
0
0.122
0.2
0.1136
0.1731
0.0612
0.0682
0.0444
0.0161
0.0217
0.1064
0.0185
0.04
0.0465
0.0488
0.0526
0.0227
0.0312
0.0455
0.0566
0.1061
0.0513
0.0588
0.1944
0.0732
0.0238
0
0.0513
0.0204
0.0698
0.025
0.1489
0.0217
0.3143
0.0714
0.1905
0.0328
0.0513
0
0.1515
0.0408
0.093
0.0217
0.0179
0.0444
0.0857
0.025
0.0244
0.0444
0.0811
0.0238
0.0323
0.1795
0.0182
0.0227
0.098
0.0192
0.027
0
0
0.303
0.0164
0
0
0.1707
0
0.3529
0.0625
0.098
0
0
0.0339
0
0.0732
0.0455
0.275
0.1111
0.1
0.0909
0.0417
0.0408
0.0286
0.0213
0.0769
0.1698
0.0208
0.0263
0.0667
0.027
0.0851
0.0339
0.08
0.0175
0.0179
0.0256
0.0227
0.0444
0.0571
0.0208
0.04
0.0227
0
0.0408
0.0208
0.0732
0.0526
0.1316
0.0833
0.1556
0
0.0345
0.0588
0.0213
0.02
0
0.0612
0.1282
0.0217
0.2683
0
0.0408
0
0.075
0.0667
0.0256
0.0208
0.0526
0.0541
0.0851
0.0465
0.04
0
0.0192
0.1212
0.087
0.0227
0.1081
0.0364
0.06
0.2619
0.1111
0.0769
0.0286
0.0612
0.0556
0.0217
0.0909
0.0185
0.0909
0.3125
0.0435
0.0213
0.0244
0.0233
0.04
0.0278
0.0222
0.0169
0.1429
0.0625
0.125
0.0976
0.0222
0.24
0.0227
0.225
0.2162
0.0625
0.3333
0.0465
0.0426
0.1111
0.0769
0.0233
0.2105
0.0769
0.0769
0.0909
0.0476
0
0.0175
0.0488
0
0.0909
0.0222
0.0526
0
0.0645
0.24
0.0638
0.0455
0
0.0217
0.0169
0.0588
0.0513
0.1154
0.0563
0.0769
0.0889
0.025
0.0488
0.0556
0.0426
0.2143
0.0682
0
0.0909
0.0182
0.0286
0.0208
0.0667
0.0377
0.0213
0.08
0.0238
0.087
0.0444
0.0204
0.0682
0.0345
0.0727
0.0263
0.0233
0.075
0
0.0172
0.0189
0
0.037
0.025
0
0.04
0.1915
0.0465
0.0526
0.0417
0.119
0.0185
0.2326
0.0244
0.0192
0.0556
0.15
0.037
0.3478
0
0.0541
0.0345
0.1429
0.027
0.082
0.025
0.0893
0.0256
0.0323
0.12
0.2286
0.2683
0.0408
0.0455
0.1333
0.0263
0.0159
0.06
0.0789
0.175
0.1373
0.0233
0.0577
0
0.0263
0.0179
0.0345
0.0377
0
0.0417
0.069
0.0233
0.0732
0.0625
0.0833
0.1875
0.027
0.3333
0.0238
0.0192
0.025
0
0.05
0.0213
0.0732
0
0.1143
0.0233
0.0909
0.2381
0.06
0.0508
0.0208
0.0455
0.1163
0.0408
0.0233
0.0526
0.1026
0.0577
0.0263
0.0274
0.0345
0.0732
0.0462
0
0.0244
0.0294
0.0323
0.2444
0
0.1176
0.0263
0.0488
0.0204
0.1463
0.075
0.069
0.0185
0.08
0.06
0
0.0625
0
0
0.1429
0.3148
0
0.05
0.0233
0.0217
0.3333
0.0952
0.1026
0.0652
0.1892
0.2381
0.2941
0.1
0.125
0.0638
0.027
0
0.0513
0
0.0278
0.075
0.0588
0.0769
0
0.1795
0.0227
0
0.0222
0.0278
0.0294
0.119
0.1628
0.025
0
0.0256
0.0278
0.1091
0.1053
0.2812
0.0263
0
0.0408
0.0238
0.098
0.1667
0.0222
0.0889
0.1351
0
0.0222
0.0323
0.0816
0
0.0208
0.0426
0.0323
0.0294
0.0286
0
0.0222
0.2368
0.1429
0.0196
0
0.0784
0.0172
0.1053
0.0769
0.0244
0.08
0.1509
0
0.0263
0
0.0233
0.0513
0.1628
0.275
0.0204
0
0.0541
0.0811
0.0571
0.0811
0.0444
0.037
0.0377
0.0556
0.0556
0.1538
0.125
0.0645
0.0263
0
0.122
0
0.0625
0.1176
0.0175
0.0667
0
0.0588
0.0625
0.1579
0.0185
0.027
0.0222
0.0182
0.1136
0.0638
0.05
0.0182
0.1087
0
0
0.0208
0
0.0541
0.0465
0.0233
0.0667
0
0.0833
0.05
0.175
0.05
0.0652
0.0196
0.1429
0.1538
0.0238
0
0
0.2069
0.2326
0.1395
0.1143
0.1053
0
0.0588
0.0357
0.1837
0
0.0317
0.0357
0.1
0.0204
0.0769
0
0.1607
0.0263
0.0417
0.1042
0.0263
0.0256
0.0714
0.16
0.0233
0.037
0.05
0.0208
0.0185
0.05
0.0222
0.025
0.087
0.2059
0.0213
0
0.0857
0
0.1707
0.1395
0.1429
0.0312
0.0652
0.0577
0
0.0417
0.0909
0.0577
0
0.175
0.0857
0.0769
0.0435
0.0154
0.0444
0.1
0.0217
0.1562
0.0833
0.1163
0.0526
0.0278
0.0465
0
0.0256
0.0217
0.0588
0.0238
0.037
0.025
0.1026
0.075
0.0857
0.0465
