ncvFD_AFR	ncvFD_EUR	ncvFD_ASN	ncv_AFR	ncv_EUR	ncv_ASN	hka_AFR	hka_EUR	hka_ASN	tajd_AFR
0.4696	0.4725	0.4949	0.3877	0.3345	0.4729	0.42	0.24	0.24	0.125186
0.4839	0.4991	0.494	0.4373	0.4801	0.46	0.3684	0.05	0.1842	-1.05386
0.458	0.4562	0.4832	0.3626	0.3412	0.4416	0.5143	0.4571	0.4286	0.684059
0.4768	0.473	0.4943	0.3951	0.3287	0.4657	0.3182	0.2273	0.2045	-0.0488524
0.4719	0.474	0.4794	0.4114	0.3657	0.3886	0.5116	0.2791	0.2558	-0.455425
0.4759	0.4793	0.4931	0.4161	0.3775	0.4584	0.4419	0.2326	0.2093	-0.564413
0.453	0.4973	0.4975	0.3614	0.471	0.4658	0.6	0.1042	0.0833	0.748211
0.4563	0.4547	0.4721	0.3379	0.2777	0.3593	0.4444	0.3333	0.2889	1.2174
0.4429	0.4444	0.4968	0.3273	0.3342	0.49	0.6053	0.6111	0.4737	1.45794
0.435	0.4323	0.4646	0.3512	0.3238	0.4112	0.9231	0.7692	0.7308	0.96235
0.481	0.4825	0.4832	0.406	0.2994	0.3399	0.28	0.12	0.14	-0.29888
0.4583	0.4826	0.4853	0.3736	0.4448	0.3697	0.5676	0.4865	0.1463	0.452428
0.4738	0.4696	0.4779	0.4226	0.3384	0.4158	0.5556	0.2778	0.3889	-0.732627
0.4666	0.4651	0.4787	0.3657	0.3393	0.4181	0.3846	0.3333	0.3846	0.598018
0.4692	0.4659	0.488	0.3971	0.309	0.4524	0.4792	0.2708	0.3542	-0.10262
0.4541	0.4552	0.4939	0.3486	0.3527	0.4838	0.5172	0.5172	0.6207	0.952147
0.4718	0.4713	0.4944	0.3804	0.3833	0.4698	0.3519	0.3704	0.2364	0.290853
0.46	0.4484	0.4792	0.4113	0.3001	0.4199	0.9062	0.4412	0.3824	-0.469188
0.4783	0.465	0.4948	0.421	0.2977	0.4277	0.4118	0.2647	0.0833	-0.652473
0.4569	0.4493	0.4996	0.377	0.2995	0.49	0.619	0.4286	0.0435	0.385125
0.4792	0.4736	0.4947	0.4138	0.3486	0.4766	0.35	0.25	0.3	-0.482519
0.4554	0.4689	0.4915	0.3704	0.383	0.474	0.6061	0.4118	0.5	0.521211
0.4544	0.4517	0.487	0.3758	0.2932	0.4564	0.6667	0.3889	0.4444	0.407562
0.4676	0.4585	0.4636	0.37	0.2769	0.2787	0.383	0.2979	0.2553	0.521886
0.4725	0.485	0.5	0.3847	0.3897	NA	0.3556	0.1778	0	0.187054
0.4737	0.4709	0.4948	0.4318	0.3768	0.484	0.6774	0.3548	0.4839	-0.978493
0.4487	0.4553	0.4981	0.3189	0.3069	0.464	0.4889	0.3778	0.0588	1.61725
0.4835	0.4853	0.4978	0.4351	0.3882	0.4851	0.3659	0.1707	0.1778	-1.01129
0.4745	0.4714	0.4942	0.388	0.3495	0.47	0.3333	0.2778	0.25	0.107633
0.4768	0.4766	0.4978	0.4057	0.371	0.4787	0.3617	0.2553	0.12	-0.300993
0.4722	0.4483	0.4911	0.3898	0.2543	0.46	0.38	0.36	0.3	0.0733182
0.4664	0.4701	0.4959	0.3628	0.3332	0.48	0.3774	0.2642	0.2642	0.689884
0.4626	0.4702	0.4865	0.3822	0.3789	0.4154	0.5294	0.3725	0.2075	0.261309
0.466	0.4585	0.4994	0.3873	0.2872	0.49	0.4889	0.3111	0.0612	0.134597
0.4385	0.4509	0.4994	0.272	0.3407	0.49	0.4884	0.5349	0.0612	2.4516
0.4748	0.4831	0.4934	0.4226	0.4155	0.4717	0.5238	0.2727	0.3095	-0.74158
0.4868	0.4935	0.4926	0.4335	0.4497	0.4483	0.2653	0.1569	0.1765	-0.946551
0.4857	0.4963	0.4979	0.4164	0.4707	0.4858	0.225	0.15	0.175	-0.495595
0.4475	0.4615	0.4879	0.2778	0.3418	0.4513	0.4038	0.3846	0.3462	2.35418
0.4539	0.4635	0.4869	0.3523	0.3635	0.4426	0.537	0.4259	0.3148	0.960005
0.4545	0.4451	0.4985	0.3458	0.2614	0.461	0.5	0.4	0.0426	1.05342
0.4852	0.4854	0.4986	0.4388	0.3649	0.4739	0.34	0.14	0.0588	-1.12779
0.4766	0.4779	0.4968	0.4076	0.3468	0.4681	0.375	0.2	0.1163	-0.339508
0.4691	0.4517	0.4663	0.4169	0.2708	0.3878	0.6486	0.3514	0.4865	-0.60287
0.4415	0.4792	0.4955	0.3462	0.4402	0.4571	0.7333	0.5667	0.1212	1.06042
0.4675	0.4669	0.498	0.4171	0.3665	0.4802	0.7059	0.3824	0.1143	-0.608299
0.4799	0.4693	0.4936	0.4009	0.3258	0.4659	0.2826	0.2609	0.2391	-0.179254
0.4689	0.4663	0.4767	0.4163	0.3788	0.3494	0.6471	0.4412	0.2162	-0.58135
0.4554	0.4559	0.4952	0.3522	0.3129	0.4832	0.5106	0.383	0.4043	0.942315
0.4702	0.4734	0.4933	0.3847	0.3847	0.4597	0.3962	0.3396	0.2075	0.194293
0.4746	0.4833	0.4962	0.3926	0.4063	0.4784	0.3478	0.2391	0.2174	0.00762353
0.4605	0.4471	0.4906	0.3822	0.2974	0.4628	0.575	0.45	0.35	0.255993
0.4697	0.4796	0.4972	0.3847	0.3804	0.486	0.4043	0.234	0.2553	0.191182
0.4786	0.4766	0.4987	0.3966	0.3573	0.4825	0.2917	0.2292	0.08	-0.0827613
0.4858	0.4862	0.4893	0.4299	0.4244	0.4092	0.2727	0.2424	0.1471	-0.793171
0.4862	0.4834	0.4976	0.4341	0.3704	0.4835	0.283	0.1698	0.1698	-0.986011
0.4616	0.4742	0.4857	0.4104	0.3983	0.4546	0.8276	0.3793	0.4828	-0.435865
0.4775	0.4831	0.4955	0.4205	0.3992	0.4666	0.4286	0.2245	0.1633	-0.684353
0.4806	0.4823	0.4825	0.4276	0.3931	0.4029	0.3953	0.2222	0.2444	-0.839909
0.4624	0.4738	0.4908	0.3995	0.4145	0.4206	0.6667	0.4848	0.1429	-0.160065
0.4609	0.4522	0.4864	0.3819	0.3163	0.4517	0.5641	0.4359	0.4103	0.263172
0.4733	0.4583	0.4876	0.4029	0.2414	0.4494	0.4211	0.2632	0.3421	-0.232166
0.4678	0.4457	0.4682	0.4188	0.2484	0.3703	0.7188	0.375	0.375	-0.647314
0.4593	0.4517	0.476	0.3782	0.3277	0.4142	0.575	0.475	0.425	0.349638
0.4786	0.4681	0.4945	0.4163	0.3095	0.4544	0.375	0.25	0.1429	-0.547354
0.4733	0.4663	0.4944	0.4343	0.3264	0.4393	0.7353	0.2941	0.1081	-1.06677
0.4463	0.4574	0.4777	0.3434	0.3628	0.424	0.625	0.525	0.45	1.13709
0.4633	0.4629	0.4776	0.3817	0.3067	0.3308	0.5135	0.2973	0.1842	0.261426
0.4708	0.4785	0.482	0.4029	0.2967	0.3961	0.4783	0.1489	0.234	-0.243039
0.4714	0.4721	0.4979	0.4034	0.3266	0.49	0.4667	0.2333	0.2667	-0.239029
0.4749	0.4719	0.4883	0.4302	0.3641	0.4513	0.6061	0.303	0.3333	-0.928402
0.4655	0.4756	0.4913	0.362	0.3621	0.4587	0.3889	0.25	0.2778	0.666913
0.4357	0.4397	0.4573	0.3154	0.2999	0.362	0.6667	0.5476	0.5238	1.7337
0.4739	0.4931	0.4851	0.3989	0.4675	0.4345	0.3889	0.2778	0.3158	-0.135055
0.466	0.4697	0.4934	0.3717	0.356	0.466	0.4167	0.3125	0.25	0.490626
0.4476	0.4889	0.4971	0.3577	0.4652	0.4829	0.6857	0.4857	0.2051	0.82081
0.4607	0.4618	0.479	0.3557	0.3678	0.4172	0.4412	0.4706	0.3714	0.806828
0.4696	0.4907	0.4996	0.4021	0.4483	0.48	0.5	0.2326	0.0233	-0.220099
0.4641	0.4696	0.4936	0.3474	0.3743	0.4634	0.3659	0.3659	0.2195	0.975305
0.4665	0.4664	0.4982	0.3376	0.3126	0.49	0.3125	0.2708	0.2292	1.16984
0.448	0.4433	0.4894	0.373	0.3639	0.4078	0.8	0.8333	0.1429	0.473615
0.4428	0.4492	0.4814	0.3586	0.3401	0.4487	0.8	0.56	0.6	0.780428
0.4591	0.4566	0.4934	0.3826	0.336	0.4529	0.6087	0.4348	0.1698	0.252653
0.467	0.459	0.4669	0.3946	0.2839	0.3551	0.5116	0.3023	0.3488	-0.0406942
0.4711	0.4574	0.4895	0.3972	0.2802	0.4544	0.4375	0.3125	0.3125	-0.0962432
0.4573	0.4682	0.4873	0.3997	0.4044	0.4181	0.8276	0.5517	0.2	-0.167649
0.4636	0.4644	0.499	0.3961	0.3319	0.45	0.6047	0.3256	0.0217	-0.0777205
0.4509	0.4723	0.496	0.3238	0.4034	0.4623	0.4737	0.4474	0.122	1.47802
0.4782	0.4644	0.4806	0.3976	0.3293	0.3985	0.3019	0.3208	0.2642	-0.107607
0.4785	0.4853	0.4959	0.4282	0.4446	0.478	0.4615	0.3846	0.2308	-0.86246
0.4816	0.4791	0.4845	0.43	0.3601	0.4109	0.3846	0.2051	0.2308	-0.884307
0.4843	0.4907	0.4923	0.4045	0.4125	0.4198	0.2174	0.1304	0.1159	-0.267524
0.4501	0.4952	0.496	0.3561	0.486	0.4592	0.625	0.5312	0.1143	0.835541
0.4727	0.482	0.4805	0.4045	0.4337	0.4023	0.4444	0.4	0.2766	-0.278393
0.4569	0.4836	0.4806	0.3582	0.4266	0.3979	0.5122	0.3095	0.2619	0.794624
0.4291	0.4275	0.4919	0.3581	0.3431	0.481	1.1786	1.0357	0.75	0.83948
0.474	0.479	0.4922	0.388	0.3989	0.4549	0.3415	0.2927	0.2195	0.109253
0.4633	0.4903	0.4975	0.3636	0.4682	0.4713	0.4286	0.4571	0.0976	0.641247
0.4662	0.48	0.4938	0.3599	0.4102	0.4778	0.3714	0.3143	0.4	0.701532
0.4628	0.456	0.4937	0.4068	0.2505	0.4397	0.7368	0.2895	0.125	-0.350639
0.4811	0.4814	0.4933	0.4167	0.3946	0.4418	0.32	0.24	0.1373	-0.563408
0.4674	0.4636	0.4892	0.3845	0.3629	0.4498	0.4474	0.4211	0.2895	0.192897
0.4361	0.4425	0.4722	0.3037	0.3431	0.3018	0.6111	0.6944	0.2051	1.90787
0.4776	0.4994	0.499	0.4227	0.485	0.4834	0.4419	0.0455	0.0682	-0.729423
0.4669	0.4516	0.4813	0.414	0.2981	0.4219	0.6857	0.4	0.3429	-0.528287
0.4476	0.4486	0.4947	0.344	0.291	0.4827	0.6047	0.4186	0.4419	1.13011
0.4726	0.4724	0.4991	0.377	0.3212	0.477	0.3284	0.2239	0.0429	0.376128
0.4767	0.4671	0.4983	0.4288	0.3326	0.49	0.5227	0.2955	0.2045	-0.908391
0.4737	0.4721	0.4837	0.4129	0.3702	0.4227	0.4737	0.3158	0.2895	-0.478978
0.4429	0.4588	0.4881	0.3248	0.3691	0.4598	0.5938	0.5312	0.4375	1.46981
0.4541	0.4938	0.4951	0.3444	0.4379	0.441	0.5	0.119	0.0952	1.07635
0.4697	0.4681	0.48	0.3782	0.3709	0.3674	0.3784	0.3784	0.2051	0.32578
0.4554	0.4578	0.4872	0.3899	0.3669	0.3143	0.7692	0.5385	0.0909	0.0759996
0.4889	0.4881	0.4916	0.4577	0.4334	0.444	0.3721	0.2326	0.186	-1.61292
0.4241	0.4201	0.453	0.3731	0.2861	0.2958	1.7222	0.7778	0.381	0.485446
0.4756	0.4716	0.4863	0.4142	0.3093	0.4178	0.4348	0.2174	0.2174	-0.520348
0.4508	0.4554	0.4843	0.3312	0.3309	0.4185	0.5	0.4348	0.26	1.38026
0.4602	0.4479	0.486	0.3811	0.2437	0.4401	0.575	0.35	0.325	0.282021
0.4622	0.4754	0.4855	0.3779	0.3897	0.4276	0.5135	0.3243	0.2703	0.348598
0.4689	0.4757	0.4875	0.4114	0.4051	0.41	0.5952	0.381	0.1778	-0.462305
0.4588	0.4591	0.4893	0.3926	0.3257	0.3585	0.7	0.375	0.0952	0.00842558
0.4665	0.4701	0.495	0.4004	0.4017	0.4784	0.5641	0.4872	0.3077	-0.180843
0.4499	0.453	0.4871	0.3816	0.3434	0.4645	0.8378	0.5135	0.5946	0.280596
0.4697	0.4745	0.4962	0.3977	0.3818	0.4828	0.4706	0.3137	0.2941	-0.117237
0.4617	0.4589	0.4551	0.3597	0.3545	0.2855	0.439	0.4634	0.3415	0.746509
0.486	0.4783	0.4868	0.4005	0.3884	0.4065	0.1818	0.2727	0.1818	-0.152446
0.4796	0.4876	0.4981	0.431	0.3901	0.49	0.4524	0.1429	0.2381	-0.943477
0.4437	0.4519	0.4973	0.3312	0.3245	0.49	0.6098	0.4634	0.3659	1.39349
0.4577	0.4487	0.4933	0.3344	0.3006	0.4777	0.4146	0.439	0.439	1.25769
0.4719	0.4666	0.4993	0.4194	0.3475	0.485	0.5833	0.3333	0.0526	-0.655316
0.4323	0.4875	0.4984	0.3275	0.4654	0.485	0.7931	0.5862	0.1212	1.45513
0.4675	0.4727	0.4909	0.3985	0.382	0.4672	0.5263	0.3421	0.3947	-0.134703
0.4381	0.4182	0.4509	0.3371	0.2713	0.3618	0.7419	0.7419	0.6452	1.25657
0.4749	0.4714	0.4838	0.4186	0.3807	0.439	0.4872	0.359	0.3846	-0.625798
0.4661	0.4661	0.4941	0.3385	0.3627	0.447	0.3191	0.383	0.1321	1.15266
0.4651	0.4537	0.4974	0.3973	0.2904	0.4818	0.5758	0.3636	0.1667	-0.104823
0.481	0.4975	0.4986	0.419	0.4734	0.4851	0.3333	0.1091	0.1091	-0.625386
0.4558	0.4586	0.4874	0.3824	0.3587	0.4566	0.6857	0.4857	0.4286	0.253871
0.4645	0.4674	0.4845	0.4044	0.3919	0.4428	0.6571	0.4857	0.3947	-0.283335
0.4633	0.4996	0.4968	0.4029	0.49	0.4882	0.6744	0.0392	0.3721	-0.25107
0.4763	0.4806	0.497	0.3887	0.3588	0.4821	0.3051	0.1864	0.2034	0.0984821
0.4674	0.4781	0.4838	0.3451	0.3753	0.3905	0.3171	0.2439	0.1951	0.996646
0.4602	0.4605	0.4917	0.3467	0.3874	0.42	0.4167	0.6111	0.125	0.990165
0.4736	0.4724	0.4995	0.4059	0.3833	0.49	0.4324	0.3514	0.0526	-0.304048
0.4779	0.4725	0.4961	0.4059	0.3861	0.4781	0.34	0.36	0.22	-0.307252
0.4648	0.4684	0.4674	0.4027	0.3627	0.3649	0.6304	0.3478	0.3696	-0.246259
0.4805	0.4808	0.4928	0.4227	0.3727	0.4276	0.3673	0.2041	0.12	-0.724638
0.4666	0.4564	0.4959	0.4106	0.3505	0.389	0.6585	0.4878	0.0435	-0.446149
0.4673	0.4793	0.4957	0.3373	0.3474	0.4801	0.3023	0.186	0.2791	1.14529
0.4743	0.4734	0.4863	0.3947	0.3731	0.4538	0.3611	0.3056	0.4444	-0.038641
0.4597	0.474	0.4967	0.3685	0.3944	0.4446	0.5122	0.3659	0.0667	0.565961
0.456	0.4894	0.4853	0.3488	0.4361	0.3995	0.4878	0.2128	0.1915	0.990133
0.4646	0.4627	0.4917	0.3451	0.3213	0.4723	0.3529	0.3235	0.4412	0.980946
0.4548	0.4548	0.4831	0.396	0.3705	0.4574	0.8621	0.6207	0.6897	-0.0764545
0.4571	0.4552	0.4771	0.3895	0.3308	0.4155	0.7188	0.4375	0.4062	0.0817179
0.4639	0.4585	0.4762	0.3735	0.2929	0.4106	0.46	0.32	0.4	0.460455
0.4666	0.461	0.4792	0.3932	0.312	0.38	0.5116	0.3256	0.2391	-0.00652842
0.4728	0.4944	0.4958	0.3819	0.4623	0.4793	0.34	0.18	0.26	0.253568
0.4715	0.4645	0.4963	0.4237	0.3861	0.4883	0.6486	0.5135	0.4595	-0.779441
0.4738	0.4795	0.4938	0.3758	0.4011	0.4575	0.3065	0.2903	0.1774	0.394953
0.4639	0.4583	0.4992	0.3582	0.2771	0.49	0.4	0.3	0.0909	0.764304
0.4503	0.4571	0.4957	0.3231	0.3262	0.4314	0.48	0.4	0.0714	1.55139
0.465	0.4676	0.4854	0.36	0.3	0.4458	0.3902	0.2439	0.3902	0.725894
0.457	0.4641	0.4932	0.3675	0.3575	0.4696	0.5581	0.3953	0.2955	0.598998
0.4635	0.4641	0.4731	0.4026	0.3161	0.4042	0.6667	0.3	0.4333	-0.231909
0.4745	0.4726	0.4935	0.4141	0.3639	0.4586	0.4634	0.2927	0.1951	-0.514578
0.4602	0.4542	0.4919	0.3454	0.3172	0.4718	0.413	0.413	0.413	1.0542
0.4624	0.4549	0.4995	0.3702	0.3021	0.49	0.4706	0.3725	0.0536	0.538762
0.4768	0.4612	0.4601	0.4257	0.3138	0.3072	0.4898	0.3265	0.3265	-0.831016
0.4798	0.4681	0.4906	0.438	0.3458	0.4672	0.5172	0.3103	0.4138	-1.08328
0.4674	0.4699	0.4942	0.3982	0.3387	0.4744	0.5263	0.275	0.3	-0.127133
0.4507	0.4427	0.4529	0.3702	0.2966	0.332	0.7105	0.5	0.4737	0.544782
0.4741	0.4766	0.4994	0.3826	0.3236	0.4867	0.322	0.1864	0.0462	0.240226
0.4438	0.4593	0.4954	0.3144	0.3012	0.4829	0.5405	0.3243	0.3784	1.68148
0.4638	0.4727	0.4792	0.3945	0.3635	0.4246	0.5862	0.2903	0.4138	-0.0365771
0.433	0.434	0.4924	0.3306	0.3403	0.481	0.8	0.85	0.675	1.44525
0.47	0.4743	0.4932	0.4135	0.3871	0.4723	0.5833	0.3333	0.3333	-0.505923
0.457	0.4651	0.4956	0.3773	0.3861	0.4641	0.619	0.5	0.1458	0.377656
0.4681	0.482	0.4913	0.3789	0.3984	0.4112	0.4082	0.24	0.12	0.328616
0.4464	0.4515	0.4981	0.3511	0.3438	0.4	0.6667	0.5385	0.0213	0.975668
0.4797	0.4845	0.4954	0.4126	0.3581	0.4704	0.3333	0.1429	0.1905	-0.453921
0.4818	0.4821	0.4938	0.4336	0.3744	0.448	0.4048	0.1905	0.1429	-0.993239
0.4634	0.4757	0.494	0.3509	0.3772	0.45	0.3846	0.2821	0.1429	0.904865
0.468	0.4669	0.4792	0.407	0.3966	0.4175	0.5789	0.5263	0.3684	-0.344421
0.4666	0.4717	0.4749	0.369	0.332	0.3729	0.3962	0.2453	0.283	0.556815
0.4733	0.4681	0.4826	0.3765	0.3589	0.4317	0.3158	0.3421	0.3684	0.351827
0.4673	0.4609	0.4981	0.4019	0.3574	0.4851	0.5556	0.4444	0.1463	-0.215405
0.4689	0.4649	0.4941	0.3893	0.3229	0.4723	0.4419	0.3023	0.2791	0.0853419
0.4785	0.4739	0.4954	0.4091	0.3801	0.4537	0.3415	0.3171	0.1163	-0.37017
0.4721	0.4641	0.4929	0.3805	0.2865	0.4698	0.3469	0.26	0.32	0.283643
0.4816	0.4778	0.499	0.4304	0.3763	0.4834	0.3864	0.25	0.0652	-0.912228
0.4751	0.4953	0.4927	0.4052	0.461	0.4665	0.3939	0.1429	0.2857	-0.276902
0.4515	0.4543	0.4968	0.3638	0.349	0.4892	0.6452	0.5161	0.4194	0.66808
0.4643	0.4662	0.4995	0.4057	0.3714	0.49	0.6765	0.4118	0.0541	-0.314192
0.4692	0.4867	0.4923	0.3656	0.4343	0.4579	0.3455	0.2727	0.2321	0.622612
0.4888	0.4931	0.4995	0.4562	0.4399	0.49	0.3611	0.1389	0.0556	-1.51638
0.4221	0.4137	0.4577	0.3309	0.3144	0.406	1.0455	1.0909	0.9091	1.38603
0.4813	0.4766	0.481	0.4142	0.3207	0.3572	0.3061	0.1837	0.18	-0.497371
0.4752	0.4714	0.4972	0.4116	0.3706	0.4822	0.4286	0.3265	0.1923	-0.457432
0.4711	0.4679	0.4987	0.3986	0.3626	0.4826	0.4444	0.3556	0.0851	-0.136974
0.4688	0.4704	0.4969	0.395	0.3496	0.4814	0.4737	0.2895	0.2	-0.049113
0.4665	0.4739	0.4986	0.3699	0.4107	0.4836	0.4	0.4545	0.0984	0.538729
0.4749	0.4798	0.4889	0.4175	0.3888	0.4249	0.4792	0.25	0.1875	-0.615786
0.4752	0.4733	0.4975	0.3875	0.3608	0.4825	0.3191	0.2766	0.1702	0.123272
0.4592	0.4433	0.4924	0.3923	0.2726	0.4717	0.6875	0.4375	0.375	0.0145288
0.4481	0.4531	0.4836	0.3738	0.368	0.3672	0.8056	0.6389	0.1628	0.46615
0.4497	0.4542	0.4985	0.3393	0.3557	0.4851	0.5484	0.5484	0.1143	1.15982
0.4394	0.4429	0.4704	0.324	0.3413	0.4005	0.6471	0.6765	0.4706	1.51517
0.4864	0.4846	0.497	0.4248	0.3843	0.483	0.2391	0.1739	0.2174	-0.710951
0.484	0.4764	0.4939	0.4058	0.3739	0.436	0.2264	0.2642	0.1132	-0.285855
0.479	0.4603	0.4932	0.4113	0.2857	0.471	0.3415	0.2927	0.3171	-0.423077
0.4578	0.477	0.4711	0.4055	0.3907	0.3312	0.8947	0.3	0.25	-0.323575
0.4477	0.4373	0.4927	0.3796	0.3375	0.4823	0.88	0.76	0.72	0.316164
0.4459	0.4457	0.4992	0.3149	0.2552	0.4867	0.5128	0.3846	0.0652	1.67254
0.4667	0.4975	0.4989	0.3995	0.4839	0.4875	0.5526	0.1905	0.0952	-0.15821
0.4464	0.4378	0.4928	0.3805	0.2933	0.4388	0.931	0.5517	0.1429	0.302438
0.4803	0.4755	0.4983	0.3977	0.388	0.4766	0.2667	0.3167	0.0781	-0.111265
0.4624	0.483	0.4789	0.3703	0.4422	0.4199	0.4722	0.4444	0.3889	0.510683
0.4599	0.475	0.4746	0.3863	0.3959	0.337	0.6176	0.3529	0.2222	0.158433
0.4635	0.4659	0.494	0.3683	0.3672	0.4709	0.4444	0.4	0.2667	0.568603
0.4552	0.4428	0.4829	0.3547	0.2622	0.4431	0.5254	0.4237	0.4576	0.912039
0.4513	0.45	0.4814	0.3258	0.3011	0.4315	0.475	0.425	0.4	1.45098
0.4691	0.4506	0.488	0.4129	0.3196	0.4624	0.6047	0.4651	0.4884	-0.502979
0.4543	0.4527	0.4952	0.3657	0.3423	0.4829	0.6	0.5143	0.4	0.630568
0.466	0.4663	0.4986	0.3996	0.4005	0.44	0.5714	0.5714	0.025	-0.160292
0.4574	0.4598	0.4824	0.3896	0.3411	0.4394	0.7097	0.4062	0.4375	0.0802107
0.4439	0.421	0.4748	0.3915	0.2924	0.3477	1.2069	0.7931	0.2353	0.0370219
0.4503	0.4425	0.486	0.4058	0.3529	0.4567	1.24	0.76	0.5	-0.329117
0.4573	0.4492	0.492	0.38	0.2891	0.4719	0.6327	0.4082	0.4082	0.318909
0.4898	0.4861	0.4942	0.4364	0.3924	0.4648	0.2037	0.1667	0.2037	-0.984326
0.4633	0.468	0.4866	0.3973	0.3389	0.4517	0.6216	0.2973	0.4054	-0.106108
0.4593	0.4511	0.4965	0.379	0.2927	0.4889	0.5789	0.3947	0.4737	0.330109
0.4727	0.4817	0.4894	0.4157	0.4085	0.4096	0.525	0.275	0.1463	-0.561383
0.4597	0.4576	0.481	0.3471	0.3119	0.3097	0.4255	0.3617	0.1373	1.02677
0.4727	0.4777	0.4962	0.4075	0.3783	0.486	0.4615	0.2564	0.3846	-0.347119
0.4607	0.4663	0.4911	0.3723	0.388	0.46	0.5135	0.4865	0.2973	0.473898
0.4799	0.479	0.4945	0.4207	0.3793	0.4636	0.3704	0.2407	0.1852	-0.683418
0.475	0.4634	0.4845	0.4047	0.3137	0.4165	0.3929	0.3036	0.25	-0.286966
0.4354	0.4837	0.4754	0.2994	0.3944	0.4219	0.6053	0.2045	0.5	1.99781
0.477	0.4754	0.4785	0.4205	0.3738	0.3665	0.4444	0.2778	0.2222	-0.656324
0.4408	0.4468	0.4969	0.3158	0.2899	0.49	0.5897	0.4359	0.4615	1.68588
0.4747	0.4702	0.491	0.4027	0.3162	0.4473	0.3913	0.2391	0.2174	-0.231661
0.466	0.4691	0.4905	0.3293	0.3476	0.4577	0.3023	0.3023	0.3023	1.29632
0.4721	0.4953	0.4989	0.3961	0.4745	0.45	0.4103	0.2308	0.0238	-0.0734037
0.4666	0.4787	0.4772	0.4123	0.3713	0.3412	0.6774	0.2286	0.2	-0.474854
0.486	0.4733	0.4881	0.4486	0.3467	0.419	0.3958	0.25	0.1875	-1.40813
0.4751	0.4728	0.499	0.4272	0.3828	0.49	0.5625	0.3438	0.1176	-0.837115
0.4635	0.4696	0.4979	0.365	0.3634	0.4826	0.4314	0.3333	0.1429	0.648617
0.4656	0.4704	0.4956	0.3531	0.3016	0.4342	0.36	0.22	0.0769	0.886484
0.4742	0.4741	0.4981	0.4069	0.386	0.4867	0.4242	0.3333	0.1714	-0.31992
0.4573	0.4985	0.4979	0.3674	0.4875	0.4652	0.5517	0.1333	0.0667	0.568046
0.4636	0.4631	0.4966	0.3449	0.2288	0.4866	0.3659	0.2195	0.3415	1.02548
0.4623	0.464	0.4967	0.3937	0.3265	0.4862	0.617	0.3191	0.3191	-0.0186294
0.4475	0.4541	0.4738	0.3602	0.3514	0.4082	0.7059	0.5294	0.4412	0.765744
0.4768	0.4904	0.4902	0.3946	0.4309	0.4286	0.3158	0.1724	0.1724	-0.0403335
0.4788	0.4744	0.4973	0.4037	0.3306	0.4873	0.3137	0.2157	0.2745	-0.25192
0.4169	0.4609	0.469	0.3049	0.4086	0.43	0.9429	0.8286	0.8571	1.97244
0.4744	0.4796	0.4839	0.3494	0.3559	0.3806	0.2419	0.1935	0.1774	0.935164
0.4692	0.4612	0.4892	0.3615	0.3054	0.4552	0.3333	0.3125	0.3333	0.694068
0.4637	0.4589	0.4975	0.3997	0.3853	0.4858	0.6333	0.6333	0.2121	-0.16067
0.4685	0.4724	0.491	0.4049	0.3843	0.4619	0.5484	0.3548	0.3226	-0.281871
0.4599	0.4575	0.492	0.372	0.3513	0.4185	0.5263	0.4737	0.119	0.48457
0.4659	0.47	0.4864	0.3765	0.3959	0.4328	0.4375	0.4545	0.2727	0.360506
0.4515	0.4626	0.4547	0.3695	0.3817	0.2398	0.6842	0.5263	0.2895	0.560168
0.4805	0.47	0.4976	0.3977	0.3318	0.4891	0.2632	0.2632	0.2895	-0.100745
0.4742	0.4815	0.4963	0.4044	0.4129	0.4752	0.4091	0.2955	0.1818	-0.271914
0.4374	0.4294	0.4964	0.3332	0.3074	0.4754	0.7297	0.7297	0.1739	1.36491
0.466	0.4611	0.4929	0.4037	0.3796	0.4688	0.6061	0.5455	0.303	-0.260829
0.4726	0.4753	0.4831	0.4182	0.4045	0.4199	0.5484	0.3871	0.2903	-0.605568
0.456	0.4539	0.4972	0.3592	0.3274	0.49	0.5333	0.4444	0.4	0.786685
0.4676	0.4842	0.4939	0.4142	0.4542	0.4696	0.6667	0.5556	0.2593	-0.510948
0.4741	0.4766	0.4896	0.4213	0.4164	0.4312	0.5319	0.4255	0.1915	-0.71958
0.441	0.4635	0.4955	0.312	0.3741	0.4385	0.5714	0.4694	0.0833	1.80115
0.4671	0.4654	0.4918	0.3437	0.3219	0.4575	0.3182	0.2955	0.25	1.03685
0.4502	0.4604	0.4912	0.3879	0.3889	0.4507	0.9062	0.625	0.2286	0.125361
0.4598	0.461	0.4963	0.3595	0.2803	0.4808	0.4694	0.28	0.24	0.776002
0.4746	0.4659	0.4937	0.4281	0.3817	0.4768	0.5897	0.4615	0.3846	-0.89189
0.4673	0.4533	0.4553	0.3867	0.3091	0.2927	0.4595	0.4054	0.3514	0.144394
0.4802	0.4865	0.4959	0.4379	0.4056	0.4759	0.5	0.1842	0.2105	-1.12257
0.4673	0.4692	0.4655	0.3407	0.3209	0.3392	0.3091	0.2545	0.3273	1.13252
0.4607	0.4676	0.4661	0.3946	0.4109	0.3924	0.6667	0.6296	0.5185	-0.0385114
0.4726	0.4606	0.4995	0.4104	0.3028	0.49	0.4857	0.3143	0.0556	-0.415556
0.4724	0.4676	0.493	0.4207	0.359	0.4669	0.5814	0.3488	0.2791	-0.703992
0.4786	0.4994	0.4994	0.423	0.49	0.485	0.4186	0.0652	0.0435	-0.731264
0.4853	0.4808	0.4922	0.4151	0.2961	0.4504	0.2295	0.1311	0.1967	-0.511526
0.4726	0.475	0.4981	0.3947	0.3301	0.4889	0.3953	0.2093	0.2093	-0.0412709
0.4757	0.475	0.476	0.3991	0.3777	0.3672	0.3529	0.2941	0.2549	-0.145853
0.4622	0.4758	0.4704	0.3924	0.3633	0.3405	0.6098	0.25	0.2727	0.0137102
0.4347	0.4604	0.4794	0.3073	0.3404	0.4309	0.6458	0.3958	0.4583	1.91343
0.417	0.4206	0.4891	0.2918	0.2731	0.4748	0.8571	0.7143	0.7857	2.24344
0.4856	0.4871	0.4954	0.3793	0.4269	0.4692	0.1538	0.2308	0.1795	0.247361
0.4495	0.4687	0.4701	0.3777	0.3666	0.3621	0.8065	0.3548	0.3226	0.366388
0.45	0.4572	0.4962	0.3663	0.3326	0.4696	0.6944	0.4167	0.1463	0.629275
0.4757	0.4764	0.4996	0.4094	0.387	0.49	0.4043	0.2979	0.0408	-0.396081
0.434	0.4489	0.4909	0.3418	0.3447	0.4768	0.8621	0.5862	0.6552	1.17089
0.4396	0.4433	0.4903	0.3737	0.3427	0.4702	1.0588	0.6765	0.5	0.476184
0.4611	0.4563	0.4958	0.3522	0.3122	0.4198	0.4222	0.3778	0.06	0.912605
0.481	0.4778	0.4891	0.4279	0.3304	0.4144	0.3864	0.1818	0.1591	-0.847384
0.4636	0.4743	0.4684	0.295	0.3723	0.3459	0.2742	0.2903	0.3065	1.99148
0.4739	0.4715	0.4946	0.3778	0.2895	0.4244	0.3111	0.2	0.0833	0.333543
0.4653	0.4537	0.4948	0.3803	0.3329	0.4785	0.4651	0.4651	0.3256	0.295911
0.4721	0.468	0.4977	0.3736	0.2822	0.4882	0.3256	0.2222	0.2444	0.424443
0.4641	0.4647	0.4943	0.3778	0.3107	0.4737	0.4762	0.2857	0.2857	0.352993
0.4513	0.4618	0.4896	0.3021	0.3604	0.432	0.4118	0.4412	0.1944	1.80491
0.4523	0.4621	0.49	0.3489	0.3881	0.4556	0.5484	0.5806	0.303	0.965806
0.4764	0.4763	0.495	0.4213	0.3946	0.4813	0.4651	0.3256	0.3721	-0.699165
0.4537	0.4374	0.4541	0.3913	0.2876	0.3328	0.8378	0.5405	0.4595	0.0419633
0.4832	0.4767	0.4923	0.4169	0.329	0.442	0.2766	0.1915	0.1633	-0.547496
0.4649	0.4619	0.4958	0.3751	0.3171	0.4801	0.45	0.325	0.275	0.407421
0.4643	0.4613	0.4987	0.3947	0.3697	0.4867	0.5745	0.4894	0.1132	-0.0429027
0.4817	0.4858	0.4949	0.4372	0.4216	0.4551	0.44	0.24	0.1346	-1.12814
0.4776	0.4865	0.4994	0.3974	0.4026	0.485	0.3111	0.1778	0.0435	-0.100124
0.4705	0.4747	0.4994	0.3854	0.3952	0.48	0.3929	0.3571	0.0333	0.159037
0.4535	0.4568	0.4889	0.3651	0.3575	0.4115	0.6122	0.5102	0.1579	0.671883
0.461	0.4615	0.4868	0.3513	0.3454	0.4459	0.4211	0.3947	0.3421	0.907336
0.4656	0.4751	0.4773	0.4094	0.3948	0.3309	0.6739	0.3478	0.1875	-0.421088
0.4656	0.4676	0.4865	0.3959	0.3796	0.4339	0.5526	0.4211	0.275	-0.0718266
0.4709	0.4714	0.4955	0.3758	0.3589	0.4328	0.3514	0.2973	0.0769	0.371481
0.476	0.4765	0.4953	0.4222	0.4152	0.4786	0.4839	0.4194	0.2903	-0.69055
0.4741	0.4676	0.4987	0.3924	0.2892	0.4709	0.3571	0.2321	0.0492	0.0118631
0.469	0.4641	0.4909	0.4017	0.3541	0.4569	0.5128	0.3846	0.2821	-0.211317
0.4814	0.4878	0.4932	0.4242	0.4321	0.4528	0.3529	0.2353	0.1765	-0.710823
0.4824	0.4667	0.5	0.4563	0.3483	NA	0.7037	0.3333	0	-1.61823
0.4704	0.4671	0.4979	0.3475	0.3109	0.489	0.2857	0.2619	0.2381	0.93419
0.4603	0.4658	0.4958	0.3473	0.3281	0.4675	0.4186	0.3023	0.1556	1.00608
0.4701	0.4702	0.4951	0.4074	0.3553	0.4771	0.5278	0.3056	0.2778	-0.348461
0.4754	0.4746	0.4967	0.4	0.2715	0.4815	0.3636	0.1636	0.2182	-0.168771
0.4578	0.4662	0.4841	0.3613	0.3717	0.4447	0.5106	0.4118	0.4255	0.740538
0.4764	0.4738	0.4889	0.4331	0.3496	0.4258	0.5833	0.25	0.1892	-1.01043
0.4753	0.4803	0.4974	0.4114	0.4123	0.4757	0.4255	0.3191	0.1224	-0.449942
0.4693	0.4801	0.499	0.393	0.4091	0.4834	0.4524	0.3095	0.0682	-0.00167183
0.4684	0.465	0.4959	0.3955	0.3021	0.4839	0.4865	0.2703	0.3514	-0.0595491
0.4439	0.4365	0.4852	0.3248	0.2786	0.4557	0.5789	0.5263	0.5263	1.50109
0.4632	0.4524	0.4926	0.414	0.3378	0.4794	0.8214	0.5	0.5714	-0.524422
0.4693	0.4784	0.4871	0.4023	0.39	0.4061	0.5098	0.2745	0.1765	-0.234331
0.4702	0.4699	0.4992	0.3665	0.3339	0.4867	0.3333	0.2667	0.0612	0.581228
0.4319	0.4385	0.4876	0.3653	0.3291	0.4682	1.1935	0.6875	0.6562	0.68117
0.4773	0.483	0.4945	0.4017	0.4159	0.4683	0.3333	0.2778	0.2182	-0.208801
0.468	0.469	0.494	0.3977	0.3124	0.4723	0.5094	0.2453	0.283	-0.117703
0.4342	0.4311	0.4564	0.3247	0.2811	0.3658	0.74	0.6	0.56	1.59057
0.4687	0.4679	0.489	0.3874	0.3515	0.4477	0.4348	0.3261	0.2826	0.131175
0.4732	0.4714	0.4877	0.3936	0.3782	0.4478	0.3784	0.3514	0.3243	-0.0149434
0.4787	0.4795	0.4954	0.3991	0.3848	0.4712	0.2982	0.2456	0.193	-0.145229
0.4774	0.4672	0.4963	0.4235	0.3296	0.4794	0.4545	0.2889	0.2222	-0.757004
0.4726	0.4844	0.4928	0.4138	0.4492	0.4704	0.5111	0.4667	0.3333	-0.518922
0.4701	0.4665	0.4991	0.3734	0.356	0.4875	0.3556	0.3556	0.08	0.438366
0.4767	0.4914	0.4875	0.4122	0.4207	0.4331	0.3962	0.1321	0.2453	-0.472096
0.4718	0.4759	0.4951	0.3824	0.3347	0.4734	0.359	0.2051	0.2308	0.233654
0.4658	0.4643	0.4889	0.3936	0.328	0.4525	0.5319	0.3191	0.3191	-0.0160953
0.4901	0.4786	0.4915	0.3972	0.4076	0.3916	0.119	0.3333	0.0952	-0.0759045
0.4715	0.472	0.4948	0.3837	0.3126	0.4725	0.3696	0.2174	0.2391	0.210802
0.4686	0.4651	0.4843	0.3898	0.3701	0.4278	0.45	0.425	0.3	0.0731375
0.4435	0.4785	0.4871	0.3678	0.4153	0.4039	0.8667	0.3714	0.1714	0.599441
0.4554	0.4546	0.4952	0.3869	0.3247	0.4644	0.7381	0.4286	0.1633	0.149075
0.4371	0.4453	0.463	0.3474	0.353	0.3929	0.8378	0.7027	0.5946	1.07713
0.4568	0.4506	0.4908	0.3872	0.3355	0.4651	0.7037	0.5185	0.3704	0.133279
0.46	0.4523	0.4945	0.4024	0.2953	0.4746	0.7742	0.3871	0.2857	-0.232796
0.474	0.4811	0.499	0.3947	0.3818	0.4861	0.3667	0.2167	0.0781	-0.0423676
0.4769	0.4737	0.4971	0.4243	0.3622	0.4852	0.475	0.275	0.25	-0.771348
0.4727	0.4716	0.4913	0.3864	0.3007	0.4574	0.3582	0.209	0.2687	0.158218
0.4438	0.4537	0.4918	0.3637	0.3427	0.4375	0.8214	0.5	0.1613	0.681418
0.469	0.473	0.4977	0.373	0.2502	0.4706	0.3721	0.1628	0.087	0.447146
0.4571	0.4377	0.4996	0.3765	0.2842	0.49	0.6111	0.5278	0.0455	0.387145
0.4547	0.4554	0.492	0.367	0.3466	0.4703	0.6	0.4889	0.3778	0.619233
0.4729	0.4651	0.4716	0.4215	0.3307	0.3506	0.5741	0.3148	0.2778	-0.74232
0.472	0.4701	0.4869	0.3856	0.355	0.4165	0.3673	0.3061	0.2041	0.170209
0.4497	0.4498	0.4909	0.3403	0.2697	0.3796	0.5526	0.3684	0.093	1.1766
0.4685	0.4697	0.4905	0.3048	0.3137	0.4549	0.2407	0.2407	0.2778	1.73508
0.4684	0.4707	0.4816	0.4117	0.369	0.4303	0.6129	0.3333	0.3871	-0.454934
0.4635	0.4638	0.4944	0.3597	0.341	0.4635	0.4118	0.3529	0.1892	0.715733
0.46	0.456	0.4975	0.3543	0.3302	0.49	0.4468	0.4255	0.3404	0.879556
0.4679	0.4648	0.4869	0.3847	0.3543	0.4329	0.4375	0.375	0.26	0.19589
0.4783	0.4968	0.4956	0.3826	0.4799	0.4532	0.2581	0.1935	0.1094	0.234426
0.4545	0.4585	0.4908	0.3804	0.3786	0.4613	0.7027	0.5946	0.3243	0.30453
0.4617	0.4492	0.496	0.4076	0.2884	0.4763	0.7812	0.4062	0.2059	-0.36578
0.4535	0.4545	0.4987	0.3078	0.2615	0.488	0.4	0.3143	0.122	1.70645
0.4604	0.4639	0.4537	0.3879	0.395	0.3429	0.6176	0.5882	0.5	0.119669
0.47	0.4687	0.499	0.3779	0.3014	0.485	0.3725	0.2353	0.0755	0.349231
0.4582	0.4633	0.4863	0.3363	0.376	0.4482	0.4138	0.4828	0.3793	1.14644
0.4731	0.476	0.4993	0.414	0.3574	0.485	0.5	0.2368	0.0488	-0.512363
0.4446	0.4375	0.4956	0.3545	0.262	0.4867	0.7273	0.4773	0.5111	0.919174
0.4711	0.4743	0.4969	0.3776	0.3404	0.4799	0.3542	0.2292	0.1875	0.348661
0.4655	0.4721	0.4936	0.369	0.3447	0.4767	0.413	0.2609	0.3913	0.547622
0.4254	0.4314	0.4678	0.3382	0.3334	0.4148	1.037	0.8519	0.6667	1.26374
0.4332	0.4277	0.4995	0.3233	0.2364	0.49	0.75	0.5278	0.05	1.56799
0.4916	0.4982	0.4987	0.4571	0.4726	0.4739	0.2545	0.0727	0.0545	-1.56046
0.4772	0.4817	0.4856	0.3431	0.4029	0.3851	0.2027	0.2568	0.1622	1.06234
0.45	0.4449	0.4958	0.3637	0.2784	0.4859	0.6757	0.4324	0.4324	0.68951
0.4386	0.4455	0.4452	0.3498	0.3291	0.3024	0.8235	0.5714	0.4857	1.01072
0.4653	0.4551	0.4928	0.4028	0.3485	0.4749	0.6176	0.5	0.4118	-0.238642
0.4736	0.4861	0.4899	0.3882	0.4187	0.4382	0.35	0.225	0.2093	0.104555
0.4675	0.4583	0.4958	0.3596	0.3454	0.4836	0.3529	0.4412	0.3529	0.696014
0.4745	0.4951	0.4948	0.4073	0.478	0.4337	0.4194	0.2903	0.0909	-0.323556
0.4788	0.498	0.4987	0.4054	0.4727	0.4827	0.3191	0.08	0.08	-0.289332
0.4495	0.449	0.489	0.3533	0.367	0.4653	0.6207	0.7241	0.4828	0.881018
0.4595	0.4467	0.4778	0.3862	0.3177	0.4351	0.6279	0.5116	0.5581	0.16507
0.4698	0.4922	0.4952	0.4169	0.4452	0.4801	0.625	0.175	0.325	-0.605222
0.4642	0.4681	0.4872	0.3923	0.3998	0.4543	0.56	0.52	0.4074	0.0134502
0.481	0.484	0.4879	0.4122	0.4004	0.4455	0.303	0.2121	0.303	-0.414883
0.4146	0.4441	0.4488	0.3163	0.3617	0.3712	1.0882	0.7941	0.7647	1.76343
0.4742	0.4809	0.4934	0.3674	0.3977	0.4608	0.2791	0.2558	0.2093	0.539544
0.4634	0.4681	0.488	0.369	0.3438	0.4303	0.449	0.3061	0.2245	0.560065
0.4539	0.4629	0.4956	0.3616	0.3118	0.459	0.5833	0.3056	0.125	0.721162
0.4849	0.4886	0.4942	0.4337	0.433	0.463	0.3171	0.2195	0.1951	-0.95024
0.4828	0.4765	0.4954	0.451	0.3778	0.4592	0.5682	0.2727	0.1333	-1.52894
0.4698	0.4611	0.4933	0.4184	0.3628	0.4507	0.641	0.4615	0.1667	-0.644505
0.4724	0.477	0.4914	0.4179	0.3772	0.4606	0.5526	0.2632	0.2895	-0.617278
0.4601	0.4657	0.485	0.3465	0.2956	0.3743	0.4186	0.2558	0.1556	1.02315
0.452	0.4662	0.4989	0.3595	0.3919	0.4802	0.6098	0.5122	0.0625	0.783291
0.46	0.4692	0.4652	0.3614	0.3647	0.3622	0.4737	0.3421	0.3947	0.708741
0.4645	0.4578	0.4946	0.366	0.2661	0.4729	0.4182	0.2909	0.2545	0.630303
0.4613	0.4633	0.4899	0.3748	0.3633	0.4167	0.5143	0.4286	0.15	0.414379
0.4768	0.4736	0.4783	0.3874	0.3785	0.4132	0.2927	0.3171	0.3659	0.120132
0.4671	0.4773	0.4936	0.393	0.3971	0.4685	0.5	0.3158	0.2632	-0.00198824
0.4639	0.4689	0.4705	0.3857	0.3768	0.3266	0.5238	0.3864	0.25	0.172528
0.4721	0.4978	0.4981	0.4027	0.4678	0.4888	0.4474	0.075	0.2105	-0.229196
0.4689	0.4717	0.496	0.375	0.3427	0.4817	0.381	0.2619	0.2857	0.4027
0.4708	0.4776	0.4983	0.4046	0.4067	0.4778	0.4884	0.3488	0.087	-0.283794
0.4477	0.4542	0.4693	0.3071	0.3205	0.3819	0.4667	0.4222	0.4	1.8321
0.473	0.4746	0.4986	0.4036	0.355	0.49	0.4318	0.25	0.1591	-0.256068
0.4641	0.4653	0.4956	0.3663	0.3092	0.4826	0.4255	0.2766	0.3404	0.611907
0.4711	0.4742	0.4981	0.3979	0.3966	0.49	0.4419	0.3721	0.2326	-0.118903
0.4735	0.4711	0.4967	0.4028	0.3155	0.4834	0.4167	0.2292	0.25	-0.23842
0.475	0.4836	0.4971	0.4041	0.4002	0.4815	0.3902	0.2195	0.1905	-0.26015
0.4463	0.4936	0.4972	0.3213	0.4806	0.4605	0.5294	0.5	0.0789	1.52557
0.4544	0.461	0.4803	0.3162	0.3479	0.4213	0.4091	0.4091	0.3636	1.62231
0.4658	0.4624	0.4864	0.3567	0.3575	0.4525	0.3684	0.4211	0.4211	0.777219
0.4743	0.4763	0.4917	0.417	0.3694	0.4462	0.4894	0.2553	0.1915	-0.600492
0.4757	0.4693	0.4993	0.4135	0.3145	0.49	0.4286	0.2449	0.0755	-0.504617
0.4668	0.4949	0.4898	0.4186	0.465	0.4596	0.75	0.1765	0.3529	-0.645785
0.475	0.4596	0.4991	0.4152	0.275	0.49	0.4571	0.2857	0.1026	-0.525912
0.4846	0.4844	0.496	0.4442	0.3924	0.467	0.4048	0.1905	0.1429	-1.26948
0.4544	0.4532	0.4818	0.3782	0.337	0.4442	0.6857	0.4857	0.5143	0.353014
0.4763	0.4579	0.4991	0.434	0.2977	0.49	0.6	0.3333	0.1	-1.01387
0.4648	0.4693	0.4799	0.3847	0.3916	0.3894	0.5	0.4444	0.25	0.189922
0.4744	0.4759	0.4804	0.4116	0.3899	0.4122	0.4474	0.3158	0.3158	-0.444936
0.4719	0.4895	0.4816	0.3922	0.4467	0.3884	0.3962	0.2593	0.2222	0.0183319
0.4759	0.4666	0.4949	0.4222	0.3638	0.4788	0.4865	0.3784	0.3243	-0.710227
0.4769	0.4963	0.4956	0.4083	0.4792	0.4545	0.3714	0.2222	0.1111	-0.348511
0.4507	0.443	0.4846	0.3849	0.2978	0.413	0.8529	0.5	0.2353	0.197849
0.4412	0.4855	0.4953	0.3886	0.3585	0.4884	1.2692	0.1333	0.6923	0.108086
0.4749	0.47	0.4986	0.4184	0.3623	0.4802	0.4865	0.3243	0.0789	-0.617296
0.4703	0.4718	0.4975	0.406	0.3632	0.4563	0.5116	0.3023	0.0638	-0.31918
0.4617	0.4566	0.4892	0.3707	0.2838	0.41	0.4865	0.3243	0.15	0.505653
0.4685	0.4744	0.498	0.3655	0.3171	0.4818	0.3556	0.2	0.1224	0.608468
0.4688	0.4716	0.4894	0.3687	0.2903	0.4259	0.36	0.2	0.18	0.549716
0.4433	0.4734	0.4897	0.3663	0.4255	0.4532	0.8571	0.6	0.2973	0.642503
0.4736	0.4786	0.4978	0.4001	0.3077	0.484	0.4	0.1556	0.1667	-0.170204
0.4818	0.4816	0.4965	0.3931	0.3825	0.4728	0.2308	0.2115	0.1538	-0.00277523
0.4683	0.468	0.4972	0.3956	0.3458	0.476	0.4889	0.3111	0.1373	-0.0650983
0.4679	0.4629	0.4993	0.3473	0.2522	0.49	0.3158	0.2368	0.0714	0.938356
0.4801	0.4796	0.4948	0.4306	0.3227	0.4734	0.4318	0.1591	0.25	-0.932244
0.4712	0.4755	0.4976	0.4062	0.3863	0.4884	0.4889	0.3111	0.2667	-0.3242
0.4573	0.4695	0.4856	0.3535	0.3811	0.4345	0.4848	0.3939	0.303	0.861976
0.4524	0.4583	0.4743	0.3779	0.3525	0.42	0.7333	0.4667	0.5152	0.354234
0.4607	0.4587	0.4951	0.3495	0.3226	0.4534	0.4186	0.3721	0.1224	0.960862
0.4575	0.4598	0.4851	0.3253	0.3632	0.448	0.3939	0.4848	0.4242	1.36944
0.4719	0.4666	0.4828	0.4203	0.3793	0.4337	0.5938	0.4375	0.375	-0.668988
0.4733	0.4945	0.497	0.424	0.4817	0.4838	0.5882	0.4412	0.2353	-0.769571
0.4659	0.4654	0.4733	0.3781	0.3104	0.3614	0.4444	0.2778	0.2778	0.353661
0.4741	0.4728	0.4982	0.3811	0.3533	0.49	0.3171	0.2683	0.2195	0.257558
0.4739	0.474	0.4989	0.3794	0.3232	0.49	0.3158	0.2105	0.1282	0.289564
0.4639	0.4982	0.4983	0.4018	0.4867	0.4825	0.6471	0.1622	0.1081	-0.217519
0.4651	0.4925	0.4937	0.3919	0.4626	0.4244	0.5357	0.2586	0.0984	0.0263603
0.4623	0.456	0.4845	0.4067	0.3229	0.4439	0.75	0.4062	0.4062	-0.341505
0.446	0.4613	0.4654	0.3618	0.4062	0.3488	0.75	0.7778	0.3514	0.739822
0.4587	0.4625	0.496	0.3195	0.311	0.482	0.3654	0.3077	0.2885	1.57296
0.4566	0.4513	0.4957	0.3812	0.3483	0.4571	0.6562	0.5625	0.1176	0.277048
0.4615	0.4651	0.4792	0.4018	0.3957	0.4348	0.7188	0.5625	0.5	-0.217193
0.474	0.4771	0.4959	0.3981	0.3017	0.3585	0.3818	0.1636	0.0351	-0.124238
0.4363	0.4426	0.4857	0.3707	0.3548	0.4649	1.129	0.7742	0.7097	0.547153
0.4594	0.4506	0.4928	0.3952	0.3131	0.478	0.7105	0.4474	0.5	-0.0565346
0.4716	0.4755	0.4966	0.3544	0.3875	0.4804	0.2857	0.3143	0.2162	0.768951
0.434	0.4995	0.4991	0.2868	0.49	0.4867	0.5806	0.0488	0.0732	2.15156
0.4954	0.4921	0.4939	0.4793	0.4605	0.4394	0.2927	0.2619	0.119	-2.09336
0.461	0.4647	0.4833	0.3673	0.3324	0.4441	0.4839	0.3226	0.4516	0.56328
0.4657	0.4842	0.4891	0.3779	0.4223	0.4165	0.4468	0.2766	0.1633	0.353123
0.4712	0.4754	0.4961	0.3932	0.3415	0.474	0.4146	0.2195	0.1818	-0.00737139
0.4774	0.4729	0.4945	0.4038	0.3439	0.4409	0.3409	0.25	0.1087	-0.250542
0.4777	0.476	0.4873	0.3996	0.3749	0.4328	0.3182	0.2727	0.25	-0.150171
0.4779	0.4773	0.4973	0.4128	0.2572	0.483	0.3725	0.1373	0.1961	-0.480406
0.46	0.4531	0.4734	0.3562	0.3266	0.3447	0.4528	0.4528	0.2456	0.853254
0.473	0.4938	0.4969	0.4269	0.4647	0.4737	0.6341	0.2195	0.1395	-0.872701
0.4703	0.4639	0.4993	0.4218	0.3327	0.49	0.6667	0.3333	0.0769	-0.730063
0.4656	0.4696	0.4901	0.3912	0.3116	0.4387	0.5217	0.2391	0.2041	0.0416246
0.4604	0.4607	0.4882	0.3492	0.3447	0.4423	0.4231	0.4038	0.2727	0.994877
0.4464	0.4747	0.4693	0.3687	0.3871	0.3646	0.8	0.3261	0.3409	0.590675
0.4564	0.4634	0.47	0.3592	0.3452	0.395	0.5263	0.3684	0.4474	0.767406
0.4645	0.4572	0.4916	0.3953	0.3266	0.4712	0.575	0.4	0.425	-0.0574072
0.4609	0.4435	0.4988	0.3988	0.2954	0.49	0.7027	0.4865	0.1429	-0.145907
0.471	0.4711	0.4974	0.3989	0.3409	0.4867	0.449	0.2653	0.2449	-0.144446
0.4618	0.4593	0.4841	0.402	0.3698	0.4441	0.7105	0.5263	0.4211	-0.227574
0.4472	0.4612	0.4971	0.3336	0.3491	0.4893	0.5641	0.4103	0.3846	1.32175
0.4565	0.4633	0.4721	0.3699	0.3669	0.3872	0.5814	0.4419	0.3721	0.547965
0.4717	0.4782	0.499	0.4149	0.3072	0.49	0.5455	0.1591	0.1064	-0.551295
0.4754	0.4742	0.494	0.415	0.3595	0.4746	0.4474	0.2632	0.3158	-0.527512
0.4687	0.4674	0.4969	0.356	0.3378	0.466	0.3256	0.3023	0.102	0.791722
0.4724	0.4753	0.4984	0.3691	0.3919	0.49	0.3095	0.3333	0.1905	0.51166
0.4669	0.4725	0.479	0.3468	0.3522	0.3979	0.3269	0.2692	0.2885	1.00857
0.4796	0.4787	0.494	0.4	0.3764	0.3961	0.2857	0.2381	0.0682	-0.15531
0.4575	0.4563	0.484	0.3671	0.3626	0.4338	0.5455	0.5455	0.3429	0.584337
0.4682	0.4823	0.4907	0.4247	0.35	0.444	0.7941	0.1579	0.2105	-0.816773
0.4654	0.463	0.4964	0.3852	0.3483	0.4809	0.4894	0.383	0.234	0.186229
0.4515	0.4629	0.4852	0.3655	0.369	0.4394	0.6571	0.4571	0.3429	0.64278
0.4599	0.4601	0.4858	0.3801	0.2844	0.3869	0.575	0.2927	0.1628	0.305365
0.4799	0.4864	0.4888	0.4112	0.391	0.3684	0.3214	0.1607	0.1071	-0.437896
0.4725	0.4668	0.499	0.3496	0.343	0.488	0.2642	0.3208	0.0877	0.921026
0.4718	0.4758	0.4799	0.3964	0.3813	0.3495	0.4182	0.2909	0.1818	-0.0843736
0.4665	0.4656	0.48	0.3592	0.2441	0.4028	0.3654	0.2115	0.2885	0.761834
0.4663	0.4597	0.4663	0.3834	0.3348	0.3836	0.4634	0.3902	0.4634	0.221242
0.4408	0.4398	0.4675	0.3536	0.3171	0.3965	0.8049	0.6098	0.5122	0.942185
0.4606	0.4503	0.4997	0.3919	0.2967	0.49	0.6471	0.4118	0.0263	0.024151
0.4691	0.4661	0.4847	0.4177	0.3816	0.4371	0.6571	0.4571	0.3429	-0.618872
0.4767	0.482	0.4955	0.4063	0.4081	0.4716	0.3659	0.2683	0.1951	-0.31056
0.4732	0.4734	0.4989	0.4073	0.3115	0.4802	0.449	0.2041	0.0577	-0.353067
0.4764	0.461	0.4885	0.4127	0.3045	0.4532	0.4062	0.3125	0.3438	-0.449197
0.4694	0.4639	0.4909	0.3658	0.2882	0.4582	0.3421	0.2632	0.2895	0.581316
0.467	0.4958	0.4951	0.3857	0.4753	0.3734	0.4595	0.2093	0.0465	0.16682
0.4761	0.4702	0.4888	0.4101	0.3532	0.4574	0.4	0.3	0.375	-0.404646
0.442	0.4559	0.4988	0.3044	0.322	0.4827	0.5319	0.4043	0.0741	1.92513
0.4612	0.4694	0.4875	0.3879	0.3942	0.4213	0.6	0.4571	0.2051	0.120395
0.4667	0.4636	0.495	0.383	0.3309	0.4109	0.4524	0.3333	0.0652	0.232474
0.4665	0.4683	0.4922	0.3817	0.3535	0.4707	0.45	0.325	0.375	0.258335
0.451	0.4569	0.4978	0.3253	0.3192	0.4816	0.4773	0.3864	0.14	1.48003
0.4697	0.4759	0.4861	0.4139	0.3732	0.431	0.5946	0.2703	0.2703	-0.519433
0.4547	0.4645	0.4941	0.3191	0.3717	0.4769	0.4118	0.4412	0.3529	1.50361
0.4715	0.4984	0.5	0.3932	0.4888	NA	0.4091	0.1739	0	-0.00620941
0.483	0.4825	0.4948	0.4292	0.3778	0.458	0.3404	0.1915	0.1489	-0.873616
0.4649	0.4551	0.4984	0.3592	0.3227	0.43	0.3889	0.4167	0.025	0.725947
0.4718	0.4735	0.4888	0.3797	0.3511	0.4551	0.3488	0.2558	0.3488	0.296574
0.4621	0.4607	0.4865	0.3924	0.3464	0.3866	0.6136	0.4091	0.1522	0.0124403
0.471	0.4671	0.4888	0.3951	0.3626	0.4571	0.4286	0.3673	0.3673	-0.0510655
0.4824	0.4799	0.4761	0.4433	0.4186	0.1745	0.4762	0.3571	0.119	-1.27574
0.465	0.4516	0.4695	0.3984	0.342	0.3917	0.5882	0.5294	0.4412	-0.131978
0.4668	0.4584	0.4865	0.403	0.2894	0.4409	0.5789	0.3158	0.3158	-0.245968
0.4418	0.4605	0.4976	0.3378	0.3746	0.49	0.6765	0.5294	0.3235	1.24288
0.4499	0.455	0.4741	0.3588	0.3346	0.356	0.6452	0.4516	0.2571	0.776945
0.4547	0.4581	0.4964	0.3398	0.3465	0.4423	0.4737	0.4474	0.0714	1.16163
0.464	0.4626	0.4964	0.3716	0.3406	0.467	0.449	0.3673	0.1273	0.499822
0.47	0.477	0.4963	0.3828	0.3655	0.4768	0.3913	0.2391	0.1957	0.235144
0.4745	0.4747	0.4869	0.413	0.3676	0.4356	0.4545	0.2727	0.2727	-0.468423
0.417	0.4246	0.4693	0.2984	0.2823	0.3946	0.8974	0.6923	0.4615	2.11022
0.475	0.4753	0.4719	0.3945	0.3333	0.3728	0.3488	0.2093	0.3256	-0.0363272
0.4721	0.4688	0.4878	0.4049	0.3065	0.4264	0.46	0.24	0.2157	-0.294872
0.4407	0.4373	0.4966	0.3482	0.3024	0.4742	0.7647	0.5882	0.1538	1.03747
0.4738	0.4678	0.4987	0.3992	0.3669	0.4827	0.3913	0.3696	0.08	-0.149166
0.4911	0.4928	0.4915	0.4114	0.4295	0.4549	0.122	0.122	0.2439	-0.330683
0.4561	0.4979	0.4971	0.3011	0.49	0.4684	0.3571	0.2619	0.1042	1.84529
0.4664	0.4551	0.4985	0.3744	0.2938	0.4851	0.4194	0.3548	0.1143	0.40121
0.4717	0.4994	0.4993	0.3868	0.485	0.4867	0.3778	0.04	0.06	0.142308
0.464	0.4644	0.4869	0.3569	0.3589	0.4485	0.3947	0.3947	0.359	0.781933
0.4793	0.4781	0.4946	0.3586	0.3339	0.474	0.2	0.1833	0.2667	0.71754
0.4556	0.4592	0.493	0.3662	0.3564	0.4741	0.5778	0.4667	0.3778	0.635582
0.4686	0.4708	0.4987	0.3984	0.3214	0.4861	0.5	0.2391	0.1064	-0.133879
0.4727	0.4719	0.4937	0.4024	0.3609	0.4674	0.4318	0.2955	0.25	-0.225534
0.4855	0.4842	0.4949	0.4169	0.3284	0.4665	0.2308	0.1231	0.1846	-0.561635
0.4807	0.4916	0.4937	0.3921	0.4612	0.4366	0.2449	0.2857	0.1176	0.0185194
0.4464	0.4871	0.482	0.3715	0.4638	0.4022	0.8286	0.5714	0.25	0.518849
0.4678	0.4653	0.491	0.3624	0.3644	0.4586	0.3556	0.4	0.2889	0.675046
0.4652	0.4666	0.4799	0.3559	0.3443	0.4036	0.375	0.325	0.2927	0.801618
0.4755	0.485	0.496	0.4056	0.4283	0.4795	0.3878	0.2857	0.2449	-0.304163
0.471	0.473	0.4951	0.3646	0.3405	0.4737	0.3171	0.2439	0.2381	0.604969
0.4585	0.4687	0.4941	0.3692	0.3305	0.4754	0.5385	0.275	0.325	0.551008
0.4761	0.4731	0.4978	0.399	0.3559	0.4826	0.3462	0.2692	0.1455	-0.143865
0.4519	0.4707	0.489	0.3208	0.4079	0.467	0.4516	0.5161	0.5161	1.47194
0.4288	0.4985	0.4949	0.2984	0.49	0.4204	0.697	0.175	0.075	2.01605
0.4568	0.4489	0.49	0.3489	0.3159	0.4683	0.4762	0.4762	0.4762	0.988467
0.4715	0.4679	0.4934	0.414	0.3886	0.4719	0.5429	0.4571	0.3143	-0.510465
0.4678	0.4771	0.4787	0.4097	0.3834	0.4011	0.6111	0.2778	0.3056	-0.41331
0.4671	0.4688	0.499	0.395	0.2865	0.4834	0.5122	0.2195	0.0667	-0.0497588
0.4784	0.4758	0.4975	0.4123	0.3605	0.4822	0.3585	0.2453	0.1698	-0.469015
0.4797	0.4804	0.4995	0.4029	0.3153	0.49	0.2927	0.1463	0.0488	-0.221277
0.4731	0.4832	0.4595	0.412	0.4231	0.225	0.4848	0.303	0.2424	-0.448543
0.4668	0.4674	0.4934	0.3636	0.3194	0.3956	0.375	0.2708	0.0755	0.661199
0.4704	0.4663	0.4979	0.3821	0.3347	0.4653	0.3818	0.3091	0.0678	0.255561
0.4602	0.4658	0.4788	0.2643	0.3484	0.3802	0.2692	0.3462	0.2453	2.4169
0.4668	0.4654	0.4937	0.3899	0.3514	0.4727	0.4872	0.359	0.3077	0.0720525
0.4694	0.4622	0.4959	0.3965	0.2938	0.4813	0.4694	0.2857	0.2857	-0.0862518
0.4779	0.4816	0.4914	0.4131	0.4125	0.4144	0.375	0.2927	0.122	-0.469581
0.4697	0.4738	0.4968	0.3799	0.3537	0.4826	0.3846	0.2564	0.2308	0.291942
0.4775	0.4851	0.4891	0.3675	0.4214	0.4059	0.2364	0.2545	0.1455	0.545512
0.4721	0.4626	0.4961	0.3599	0.2866	0.4832	0.2909	0.2727	0.3091	0.727906
0.4183	0.4436	0.4879	0.2808	0.3615	0.4293	0.7805	0.8049	0.2222	2.41884
0.4604	0.4943	0.4929	0.3407	0.4027	0.454	0.3962	0.069	0.1897	1.16716
0.4753	0.4725	0.482	0.4097	0.3603	0.4131	0.4146	0.2857	0.2857	-0.397477
0.4556	0.465	0.4697	0.3764	0.3744	0.4121	0.6444	0.4444	0.5778	0.403394
0.4807	0.4776	0.4962	0.4099	0.3582	0.4677	0.3	0.22	0.14	-0.394123
0.4768	0.4847	0.4985	0.3694	0.3761	0.4835	0.25	0.1607	0.1034	0.511871
0.4523	0.4428	0.4986	0.3543	0.3022	0.47	0.5758	0.5152	0.05	0.866725
0.4653	0.4934	0.4925	0.3847	0.4795	0.3959	0.4884	0.4884	0.087	0.195745
0.4623	0.4662	0.4978	0.3887	0.374	0.488	0.5789	0.4211	0.2326	0.101268
0.4817	0.4843	0.4986	0.4191	0.422	0.477	0.3182	0.2727	0.0667	-0.608963
0.428	0.427	0.4965	0.3257	0.2636	0.49	0.8667	0.6	0.5333	1.51369
0.4525	0.4528	0.4703	0.375	0.3212	0.3949	0.7059	0.4412	0.4412	0.427598
0.4677	0.4688	0.4888	0.38	0.354	0.4492	0.42	0.32	0.3	0.304632
0.4618	0.4631	0.4849	0.4114	0.343	0.4141	0.8333	0.3667	0.2333	-0.462929
0.4649	0.497	0.4967	0.4178	0.4783	0.4856	0.8148	0.1667	0.3	-0.618304
0.4613	0.4732	0.4949	0.3694	0.3891	0.4823	0.4872	0.359	0.4103	0.53987
0.4459	0.4487	0.4933	0.2693	0.2964	0.4782	0.4048	0.4286	0.4524	2.41931
0.4634	0.4539	0.49	0.4048	0.3196	0.4462	0.6923	0.4231	0.2414	-0.281522
0.4589	0.4546	0.4927	0.3422	0.2632	0.4724	0.4211	0.3158	0.3684	1.09042
0.4598	0.4732	0.492	0.3967	0.3498	0.463	0.7143	0.2571	0.2857	-0.0922926
0.4502	0.4467	0.493	0.3789	0.3094	0.4332	0.8	0.4857	0.125	0.34256
0.4574	0.47	0.4769	0.3571	0.3784	0.4195	0.5	0.375	0.4375	0.785887
0.4611	0.4587	0.4992	0.3542	0.3356	0.49	0.4286	0.4048	0.087	0.861802
0.4674	0.4648	0.4938	0.4003	0.3456	0.4743	0.5405	0.3514	0.3243	-0.176341
0.4683	0.4691	0.494	0.3566	0.3334	0.4232	0.3333	0.2745	0.0926	0.804826
0.473	0.4678	0.4852	0.3977	0.2803	0.419	0.4	0.2222	0.2444	-0.113551
0.4506	0.4587	0.495	0.3405	0.3374	0.4807	0.5385	0.4103	0.359	1.17181
0.4673	0.4683	0.4963	0.3845	0.3032	0.4849	0.4483	0.2414	0.3276	0.204781
0.4642	0.4776	0.4945	0.3997	0.4276	0.4321	0.6207	0.4828	0.0938	-0.161093
0.4697	0.4543	0.4918	0.3913	0.2541	0.4515	0.4359	0.3077	0.2143	0.0385234
0.4628	0.4718	0.4959	0.3776	0.33	0.4293	0.5	0.2407	0.0667	0.370597
0.4684	0.4495	0.492	0.417	0.3257	0.4634	0.6739	0.5	0.2917	-0.623776
0.4673	0.459	0.4921	0.4079	0.3633	0.4475	0.6071	0.5	0.1875	-0.353842
0.481	0.4777	0.4963	0.4347	0.3409	0.4648	0.439	0.1951	0.122	-1.02977
0.4711	0.4748	0.4913	0.3946	0.3313	0.4579	0.4242	0.2121	0.2727	-0.0384346
0.4637	0.4779	0.4886	0.3659	0.3553	0.4245	0.4314	0.2115	0.1923	0.629652
0.4801	0.4938	0.4986	0.3885	0.4602	0.4776	0.2456	0.193	0.0678	0.099244
0.468	0.463	0.4977	0.3912	0.3454	0.4821	0.4688	0.375	0.1471	0.0381654
0.4765	0.4763	0.4965	0.411	0.3568	0.4693	0.3953	0.2326	0.1333	-0.430159
0.4584	0.4672	0.4967	0.3511	0.3719	0.4879	0.4583	0.3958	0.375	0.955272
0.4787	0.482	0.4925	0.4381	0.4004	0.4318	0.5614	0.2456	0.1333	-1.20156
0.4767	0.4744	0.4977	0.4136	0.3905	0.4705	0.4062	0.3438	0.0882	-0.470897
0.4765	0.4721	0.4857	0.4081	0.2825	0.4015	0.3784	0.1892	0.1892	-0.348313
0.473	0.4692	0.4907	0.4104	0.3474	0.4609	0.475	0.3	0.325	-0.421553
0.4814	0.4887	0.4976	0.4358	0.4463	0.4727	0.4359	0.2821	0.1	-1.05061
0.4571	0.4503	0.4805	0.3702	0.2751	0.4402	0.5714	0.3714	0.5143	0.525451
0.46	0.4489	0.4925	0.3924	0.3071	0.4707	0.6667	0.4524	0.3571	0.0137275
0.473	0.4716	0.4987	0.3928	0.3132	0.4861	0.3778	0.2222	0.1	0.0041023
0.4821	0.4821	0.4892	0.4264	0.3928	0.4423	0.3469	0.2245	0.2449	-0.810703
0.4629	0.4648	0.4983	0.3779	0.356	0.4705	0.5	0.381	0.0638	0.354285
0.4654	0.4651	0.4778	0.3869	0.375	0.4038	0.5	0.4444	0.3333	0.139895
0.4726	0.4628	0.4935	0.3865	0.3197	0.4726	0.36	0.32	0.32	0.149171
0.4374	0.4466	0.4842	0.2966	0.318	0.3856	0.5676	0.5135	0.1818	2.02432
0.4702	0.4719	0.4981	0.3943	0.3535	0.4875	0.4419	0.2791	0.186	-0.0336296
0.4397	0.4193	0.4942	0.3756	0.2837	0.4641	1.0833	0.7778	0.2	0.433239
0.4637	0.4704	0.4897	0.4079	0.388	0.4632	0.7188	0.4062	0.4062	-0.369869
0.4758	0.48	0.4756	0.4117	0.3672	0.4108	0.4146	0.2045	0.4146	-0.446501
0.468	0.466	0.4768	0.3359	0.3629	0.3963	0.2923	0.3846	0.3231	1.24879
0.4629	0.4737	0.4706	0.3659	0.3843	0.3746	0.4444	0.3333	0.3519	0.636871
0.4591	0.4655	0.4801	0.3373	0.3664	0.3474	0.4048	0.4048	0.1778	1.20049
0.4394	0.4442	0.496	0.3641	0.3127	0.4883	0.9412	0.5294	0.5294	0.698773
0.4739	0.4774	0.4949	0.3996	0.3938	0.4668	0.3929	0.3036	0.1897	-0.163412
0.4672	0.4664	0.4917	0.388	0.3494	0.4429	0.4681	0.3404	0.18	0.118839
0.4744	0.4722	0.4933	0.3849	0.2829	0.456	0.3243	0.1892	0.1892	0.1736
0.4642	0.4747	0.4687	0.3604	0.3412	0.3698	0.4038	0.2264	0.3654	0.746278
0.4629	0.4552	0.455	0.3761	0.3288	0.2793	0.4902	0.4314	0.3333	0.403053
0.484	0.4873	0.4992	0.4203	0.381	0.485	0.2727	0.1364	0.0597	-0.663844
0.4743	0.4676	0.4945	0.3707	0.3423	0.4047	0.2857	0.3095	0.0682	0.4708
0.4543	0.4595	0.4924	0.3198	0.3156	0.4663	0.4186	0.3488	0.3023	1.55472
0.4738	0.476	0.4967	0.3971	0.3176	0.4758	0.381	0.186	0.1628	-0.095901
0.4772	0.468	0.4967	0.4251	0.3613	0.4669	0.475	0.35	0.1136	-0.792231
0.4439	0.4472	0.4491	0.3056	0.3045	0.2953	0.5111	0.4667	0.4222	1.88243
0.4483	0.4355	0.4848	0.3376	0.2787	0.4372	0.5641	0.5385	0.3415	1.24073
0.4818	0.4699	0.4972	0.4174	0.2877	0.4782	0.3077	0.2115	0.1538	-0.581333
0.4545	0.4557	0.4989	0.3554	0.3472	0.49	0.5405	0.4865	0.1282	0.849926
0.4776	0.4805	0.4928	0.4294	0.3883	0.4338	0.5	0.2391	0.1304	-0.925162
0.4555	0.4605	0.4979	0.3266	0.3247	0.4704	0.4222	0.3556	0.0769	1.43358
0.4544	0.4923	0.492	0.3597	0.4398	0.4731	0.5641	0.1556	0.4359	0.768267
0.4553	0.4579	0.4991	0.3028	0.3267	0.4834	0.3696	0.3913	0.0556	1.85223
0.4821	0.4787	0.4967	0.437	0.3923	0.4811	0.4255	0.2766	0.2128	-1.10813
0.4765	0.4763	0.4996	0.4077	0.3299	0.49	0.3778	0.1957	0.0417	-0.350539
0.4765	0.4674	0.4936	0.4293	0.3723	0.4152	0.5349	0.3953	0.0889	-0.921942
0.4809	0.4767	0.4897	0.4079	0.3585	0.4164	0.2885	0.2308	0.1538	-0.346456
0.4384	0.47	0.4939	0.3183	0.4056	0.4592	0.6364	0.5152	0.1842	1.61825
0.4544	0.459	0.4772	0.3635	0.3404	0.3753	0.5854	0.4146	0.2558	0.690385
0.4532	0.4903	0.4944	0.308	0.4626	0.4367	0.4038	0.3654	0.1034	1.81526
0.4716	0.4667	0.4881	0.3927	0.3311	0.4496	0.4054	0.2973	0.3243	0.00497182
0.4214	0.4612	0.4739	0.3003	0.398	0.3603	0.8286	0.6857	0.2683	2.03627
0.4699	0.4646	0.4702	0.398	0.337	0.358	0.4667	0.3333	0.3111	-0.121189
0.4703	0.4769	0.4993	0.4063	0.3945	0.49	0.5143	0.3143	0.0811	-0.317799
0.4694	0.4942	0.4974	0.4093	0.4756	0.4838	0.561	0.3171	0.1951	-0.405153
0.4838	0.4858	0.4967	0.4362	0.3733	0.4565	0.3623	0.1449	0.087	-1.11728
0.4508	0.4925	0.4947	0.3646	0.4229	0.4467	0.6667	0.1176	0.1176	0.649608
0.4547	0.4658	0.4956	0.3824	0.3909	0.4576	0.7143	0.5143	0.122	0.254274
0.4633	0.4466	0.4961	0.4027	0.3204	0.4658	0.6739	0.5217	0.1346	-0.247959
0.4619	0.4628	0.4899	0.3619	0.3529	0.4583	0.4444	0.4	0.3333	0.708507
0.4732	0.4903	0.4993	0.3281	0.4487	0.48	0.2245	0.2449	0.0377	1.27536
0.4645	0.4674	0.4838	0.4021	0.3878	0.4189	0.6341	0.4634	0.2727	-0.228308
0.4709	0.4727	0.4995	0.4048	0.3817	0.49	0.4878	0.3415	0.0476	-0.287477
0.4506	0.496	0.494	0.2995	0.4469	0.4466	0.4146	0.087	0.1333	1.91238
0.4404	0.4426	0.4878	0.3621	0.2309	0.4648	0.8929	0.3793	0.5517	0.725426
0.4804	0.4757	0.4872	0.4219	0.3731	0.4426	0.3636	0.2727	0.303	-0.655735
0.4789	0.4769	0.4895	0.4163	0.3647	0.4381	0.3696	0.2391	0.2174	-0.559847
0.4846	0.4852	0.4962	0.4076	0.3694	0.4509	0.2206	0.1471	0.087	-0.340087
0.4616	0.459	0.4641	0.3633	0.3045	0.318	0.4545	0.3333	0.303	0.649159
0.4827	0.4744	0.4985	0.4346	0.3751	0.49	0.3864	0.2955	0.1818	-1.01914
0.4681	0.4696	0.4798	0.3802	0.3573	0.3957	0.4146	0.3171	0.2683	0.290771
0.4657	0.4695	0.4748	0.3988	0.3828	0.4144	0.5714	0.4	0.4571	-0.1397
0.4599	0.4573	0.4666	0.3737	0.3404	0.3849	0.5366	0.439	0.4634	0.451711
0.4608	0.4502	0.4679	0.3675	0.2314	0.3734	0.4878	0.3171	0.3902	0.585864
0.477	0.4787	0.4945	0.3736	0.3917	0.4679	0.2549	0.2745	0.2157	0.417484
0.4674	0.4889	0.4979	0.387	0.4405	0.4804	0.4595	0.2432	0.122	0.136571
0.4704	0.4758	0.4924	0.3787	0.3981	0.4504	0.3696	0.3478	0.1915	0.324496
0.4699	0.4667	0.4927	0.3927	0.3522	0.4706	0.4375	0.3438	0.3438	0.00609649
0.4524	0.4633	0.4983	0.349	0.397	0.4821	0.5476	0.619	0.1042	1.00569
0.4399	0.4441	0.4878	0.364	0.3368	0.4665	0.9259	0.6296	0.5926	0.683773
0.4435	0.4565	0.4688	0.3284	0.3454	0.408	0.6	0.4667	0.5667	1.38824
0.419	0.4096	0.4914	0.3025	0.2472	0.48	0.8857	0.7714	0.7714	2.00715
0.4486	0.4507	0.4986	0.3151	0.2993	0.4735	0.4783	0.413	0.0566	1.69088
0.4691	0.4914	0.497	0.4001	0.4588	0.4878	0.5	0.275	0.325	-0.171193
0.4803	0.4835	0.4933	0.4225	0.2913	0.4683	0.3704	0.1091	0.2778	-0.72975
0.4605	0.4688	0.4961	0.3736	0.3594	0.4645	0.5238	0.3333	0.1277	0.453803
0.4702	0.4781	0.4974	0.3764	0.4288	0.4762	0.3636	0.4773	0.125	0.372337
0.44	0.4219	0.4719	0.3574	0.1846	0.4245	0.8571	0.5	0.6429	0.827273
0.4695	0.4881	0.4914	0.3768	0.3952	0.3503	0.3774	0.1429	0.0714	0.375705
0.4745	0.4826	0.498	0.376	0.4117	0.4888	0.2973	0.2703	0.2162	0.354518
0.4771	0.4799	0.4775	0.3617	0.2773	0.3472	0.2308	0.1282	0.2051	0.614949
0.4831	0.4838	0.4977	0.402	0.331	0.4863	0.2308	0.1282	0.2051	-0.187578
0.4643	0.4969	0.4952	0.3734	0.4894	0.4678	0.4524	0.4286	0.18	0.449218
0.4684	0.4755	0.496	0.4144	0.3775	0.4334	0.6429	0.2857	0.0682	-0.546349
0.481	0.4759	0.489	0.3591	0.3119	0.4423	0.1818	0.1818	0.25	0.645528
0.483	0.4772	0.4976	0.428	0.3297	0.4861	0.3333	0.1875	0.2083	-0.842522
0.4582	0.4561	0.4948	0.3571	0.3232	0.3624	0.4865	0.4054	0.0455	0.801671
0.4802	0.4632	0.4849	0.4196	0.2858	0.4395	0.3556	0.2667	0.3556	-0.633278
0.4672	0.4656	0.495	0.3706	0.3097	0.4775	0.3922	0.2745	0.2941	0.516215
0.4407	0.4328	0.4364	0.3581	0.3253	0.3466	0.8462	0.7692	0.8462	0.80313
0.4599	0.4904	0.4851	0.3407	0.3631	0.3409	0.4038	0.0877	0.1228	1.1676
0.4523	0.4626	0.4942	0.3626	0.3521	0.4762	0.6222	0.4	0.3333	0.722945
0.4532	0.4534	0.4774	0.3745	0.2238	0.4198	0.6857	0.2857	0.4286	0.438197
0.4736	0.4629	0.4862	0.4052	0.2791	0.4523	0.4286	0.2619	0.4286	-0.292289
0.4728	0.4636	0.4501	0.4335	0.3884	0.3236	0.7419	0.5484	0.4839	-1.0345
0.4745	0.4656	0.4973	0.4056	0.3687	0.4563	0.4103	0.4103	0.0682	-0.296183
0.4795	0.4917	0.4914	0.422	0.4241	0.4324	0.3864	0.1333	0.1556	-0.700834
0.4635	0.4607	0.4845	0.3862	0.3559	0.4116	0.5349	0.4419	0.234	0.162617
0.4716	0.4728	0.4646	0.3988	0.3548	0.2277	0.4348	0.2708	0.2083	-0.140305
0.4744	0.4705	0.474	0.4154	0.3799	0.366	0.4762	0.3721	0.2791	-0.549571
0.481	0.4674	0.4891	0.4346	0.3521	0.4386	0.4375	0.3333	0.2292	-1.05225
0.4446	0.4327	0.4973	0.3732	0.3022	0.4801	0.8966	0.6552	0.1579	0.472947
0.4533	0.4466	0.4945	0.3709	0.3077	0.482	0.6552	0.4828	0.4483	0.505539
0.4604	0.4614	0.4842	0.3739	0.3725	0.4265	0.5278	0.5	0.2973	0.438301
0.4593	0.4479	0.4854	0.3814	0.3112	0.4575	0.5952	0.4762	0.5476	0.278593
0.48	0.482	0.4995	0.4345	0.3911	0.48	0.4722	0.2222	0.0263	-1.01653
0.4769	0.4715	0.4965	0.3682	0.3308	0.4627	0.2453	0.2453	0.1071	0.530756
0.4778	0.4858	0.4939	0.4216	0.4375	0.4334	0.4286	0.3143	0.1081	-0.676655
0.4681	0.4796	0.4843	0.3752	0.4274	0.4307	0.3947	0.4211	0.3158	0.393839
0.4754	0.4655	0.4949	0.4256	0.2711	0.4527	0.5349	0.2326	0.1277	-0.824004
0.4599	0.4523	0.4988	0.3668	0.2889	0.49	0.5	0.375	0.1429	0.601156
0.4613	0.4601	0.4732	0.3801	0.3438	0.3838	0.5455	0.4091	0.3409	0.307773
0.4704	0.4758	0.4935	0.3843	0.3967	0.4726	0.3902	0.3415	0.3171	0.196565
0.4685	0.4688	0.4979	0.3745	0.2503	0.49	0.3846	0.1923	0.2692	0.427336
0.4622	0.4561	0.4963	0.3884	0.3481	0.4879	0.5806	0.4839	0.4516	0.104446
0.4797	0.478	0.4923	0.439	0.3901	0.4766	0.5312	0.2812	0.5	-1.13336
0.4675	0.4655	0.4761	0.368	0.3652	0.3957	0.3778	0.4	0.3333	0.561271
0.474	0.4828	0.4935	0.409	0.4193	0.468	0.4412	0.2941	0.2647	-0.373088
0.4709	0.4996	0.4982	0.4098	0.48	0.4709	0.5263	0.0233	0.0698	-0.410121
0.4739	0.4971	0.4984	0.41	0.4854	0.4678	0.451	0.2549	0.0526	-0.422191
0.4624	0.4599	0.4928	0.3883	0.3297	0.4659	0.575	0.375	0.275	0.111636
0.4685	0.4742	0.4993	0.398	0.3524	0.485	0.5	0.25	0.0488	-0.122287
0.4737	0.4769	0.4957	0.3936	0.3752	0.458	0.3696	0.2609	0.12	-0.0167589
0.4665	0.4865	0.4989	0.3682	0.3905	0.4834	0.3947	0.1579	0.075	0.545332
0.4629	0.4672	0.4777	0.3372	0.3593	0.3976	0.3556	0.3556	0.3111	1.18974
0.4742	0.4728	0.4888	0.3944	0.3884	0.4163	0.3636	0.3636	0.1695	-0.0358315
0.4657	0.4649	0.4862	0.4097	0.3829	0.4504	0.6757	0.4865	0.4054	-0.41928
0.4714	0.4721	0.4994	0.3763	0.2914	0.48	0.3443	0.1967	0.0303	0.389855
0.4447	0.487	0.4973	0.3713	0.4651	0.4299	0.8718	0.6154	0.0426	0.533592
0.4444	0.4243	0.4728	0.363	0.2865	0.4236	0.8	0.7143	0.6	0.714372
0.4627	0.4573	0.4931	0.3716	0.3569	0.4546	0.4722	0.5	0.1892	0.48252
0.4397	0.4318	0.4823	0.3471	0.2872	0.4488	0.7778	0.6111	0.5556	1.07095
0.4687	0.4744	0.4932	0.3915	0.3857	0.4024	0.4565	0.3261	0.0833	0.0351731
0.4496	0.4524	0.4836	0.3156	0.3405	0.4399	0.4667	0.5111	0.4	1.66964
0.4643	0.4599	0.4909	0.3798	0.3443	0.4729	0.4828	0.4138	0.5172	0.290237
0.4606	0.454	0.4933	0.3543	0.2868	0.4714	0.4375	0.3542	0.3125	0.880282
0.4857	0.4902	0.4944	0.405	0.397	0.4173	0.1961	0.1176	0.0784	-0.257948
0.4665	0.4613	0.4972	0.3622	0.2719	0.4847	0.375	0.2679	0.2321	0.708095
0.4527	0.4696	0.4567	0.3187	0.3634	0.3177	0.4359	0.3333	0.3846	1.56087
0.4744	0.4668	0.4868	0.4152	0.2742	0.456	0.475	0.225	0.45	-0.541948
0.4602	0.4482	0.4799	0.3879	0.3092	0.3968	0.6222	0.4667	0.2708	0.124504
0.4621	0.4596	0.4915	0.3975	0.3402	0.4752	0.6562	0.4062	0.5312	-0.110155
0.4669	0.4683	0.4989	0.3761	0.3434	0.485	0.4186	0.3023	0.08	0.386218
0.459	0.4745	0.4839	0.3324	0.3787	0.4073	0.3929	0.3036	0.2321	1.34644
0.4478	0.4571	0.4997	0.3646	0.3712	0.49	0.7308	0.5769	0.0333	0.645552
0.4688	0.4669	0.477	0.4027	0.3728	0.3835	0.5238	0.4048	0.2791	-0.237322
0.4846	0.4844	0.4842	0.4301	0.3568	0.3944	0.3036	0.1429	0.1964	-0.904579
0.4418	0.4441	0.4984	0.3508	0.3574	0.4883	0.7586	0.7586	0.1667	0.961966
0.4612	0.4791	0.4861	0.2774	0.4054	0.4316	0.2745	0.3137	0.2745	2.21508
0.4755	0.4686	0.4992	0.3973	0.313	0.49	0.35	0.25	0.0889	-0.0988987
0.4492	0.4309	0.4653	0.3893	0.3304	0.4202	0.96	0.84	0.84	0.0884171
0.4724	0.492	0.4936	0.4257	0.4691	0.3961	0.641	0.359	0.0732	-0.835934
0.4741	0.4725	0.4841	0.4104	0.381	0.4101	0.4474	0.3421	0.2368	-0.414513
0.4782	0.4869	0.4869	0.3981	0.3689	0.4015	0.3043	0.1277	0.1702	-0.11667
0.4758	0.4727	0.49	0.4189	0.3942	0.3931	0.4634	0.3902	0.1163	-0.634815
0.465	0.481	0.4998	0.3779	0.42	0.49	0.46	0.34	0.0182	0.357285
0.4594	0.4664	0.4987	0.3222	0.3653	0.4827	0.3636	0.3864	0.08	1.48093
0.4845	0.4839	0.4992	0.4448	0.3378	0.4875	0.4151	0.1321	0.0727	-1.33383
0.4661	0.4617	0.4905	0.4124	0.3788	0.4633	0.6944	0.5278	0.3611	-0.488369
0.4648	0.4507	0.471	0.3891	0.2571	0.3156	0.5263	0.3421	0.2308	0.0905971
0.4846	0.4803	0.4982	0.4293	0.3191	0.4736	0.3	0.15	0.0732	-0.831184
0.4726	0.4708	0.4966	0.3939	0.3484	0.4789	0.3913	0.2826	0.1957	-0.0239341
0.4728	0.4777	0.4906	0.3883	0.3689	0.4355	0.3636	0.2364	0.1818	0.109826
0.4507	0.4394	0.465	0.3991	0.3483	0.4144	1.069	0.7931	0.7586	-0.157223
0.4512	0.4954	0.4945	0.3772	0.4675	0.455	0.7576	0.1707	0.1463	0.377238
0.469	0.4831	0.4875	0.4095	0.4348	0.4159	0.575	0.375	0.1905	-0.410788
0.4696	0.4729	0.4846	0.3781	0.351	0.4261	0.381	0.2619	0.2857	0.333927
0.4767	0.4777	0.4878	0.3296	0.3655	0.4	0.1923	0.2308	0.1538	1.22372
0.458	0.465	0.4744	0.3641	0.3956	0.4057	0.5217	0.5652	0.413	0.677588
0.444	0.4504	0.4985	0.3215	0.2966	0.4841	0.5641	0.4103	0.1087	1.56468
0.4736	0.492	0.4986	0.4039	0.46	0.4734	0.42	0.26	0.0588	-0.265646
0.4751	0.4734	0.4971	0.4019	0.2953	0.4861	0.3784	0.1892	0.2703	-0.204915
0.4573	0.4567	0.4852	0.3787	0.315	0.4438	0.6216	0.3784	0.3784	0.338905
0.4806	0.4811	0.4986	0.4169	0.3947	0.4883	0.3333	0.2444	0.1333	-0.562793
0.4762	0.4764	0.4938	0.4206	0.3837	0.4577	0.4667	0.2889	0.1778	-0.685369
0.4587	0.4647	0.4839	0.356	0.3285	0.4533	0.4737	0.3158	0.5526	0.824365
0.4817	0.4832	0.4989	0.422	0.3986	0.49	0.3333	0.2222	0.1277	-0.685725
0.4731	0.4906	0.4978	0.3611	0.4404	0.4342	0.28	0.2	0.0377	0.686114
0.4657	0.464	0.4869	0.383	0.3867	0.4515	0.4722	0.5278	0.3889	0.227839
0.4731	0.4904	0.4987	0.4024	0.4392	0.4883	0.4222	0.2	0.1277	-0.2268
0.4693	0.4744	0.4976	0.3829	0.3876	0.4882	0.4048	0.3333	0.2619	0.228882
0.4773	0.4634	0.4906	0.4382	0.3868	0.4681	0.6216	0.5405	0.4324	-1.16142
0.4367	0.4285	0.465	0.3269	0.2326	0.3875	0.7073	0.5122	0.5122	1.50678
0.4805	0.4782	0.4967	0.427	0.3333	0.4829	0.3939	0.1818	0.2424	-0.788361
0.466	0.4886	0.4817	0.3893	0.3871	0.35	0.5	0.1273	0.1636	0.088287
0.4637	0.4972	0.4949	0.3614	0.4545	0.4619	0.4146	0.0682	0.1591	0.702433
0.4638	0.4641	0.499	0.3515	0.3069	0.49	0.381	0.2857	0.1111	0.903129
0.4686	0.4571	0.4773	0.4018	0.2414	0.4085	0.5227	0.2727	0.3636	-0.217596
0.4544	0.4842	0.4766	0.3611	0.4466	0.4192	0.5714	0.4444	0.4444	0.726222
0.4748	0.4738	0.4838	0.4306	0.4046	0.4393	0.6129	0.4194	0.3871	-0.932561
0.4891	0.4888	0.4917	0.3966	0.3775	0.4469	0.1311	0.1148	0.1967	-0.0737904
0.4713	0.4712	0.4797	0.3886	0.3607	0.4113	0.3913	0.3043	0.3261	0.101629
0.4666	0.464	0.4821	0.3847	0.3489	0.4326	0.463	0.3704	0.3889	0.200525
0.4753	0.4602	0.4837	0.4071	0.2903	0.4148	0.4	0.3	0.26	-0.343802
0.4668	0.4913	0.4925	0.3518	0.4307	0.4664	0.3404	0.1538	0.2979	0.895447
0.4751	0.4726	0.4831	0.4209	0.3716	0.4448	0.5	0.3125	0.4688	-0.665103
0.4686	0.4648	0.4934	0.353	0.3208	0.4721	0.32	0.3	0.32	0.871487
0.4815	0.4899	0.4979	0.3845	0.4286	0.4856	0.2157	0.1765	0.1765	0.179379
0.474	0.467	0.491	0.4028	0.3733	0.4177	0.4048	0.4048	0.1333	-0.231282
0.473	0.4677	0.4992	0.42	0.3325	0.49	0.5556	0.2889	0.0851	-0.687156
0.4705	0.4812	0.4901	0.4216	0.4272	0.4648	0.6562	0.375	0.4062	-0.711792
0.4637	0.4622	0.4957	0.2909	0.2937	0.4794	0.2679	0.2857	0.2679	2.02032
0.4658	0.4635	0.4644	0.3907	0.3644	0.3094	0.5143	0.4286	0.2857	0.0516028
0.4553	0.4656	0.4922	0.371	0.3905	0.4642	0.6129	0.5161	0.2903	0.503799
0.4639	0.4611	0.491	0.3898	0.3254	0.4207	0.55	0.35	0.1395	0.0758877
0.4656	0.4546	0.4859	0.3828	0.2981	0.4336	0.4737	0.3684	0.2895	0.233819
0.4531	0.4593	0.4972	0.3446	0.3353	0.4877	0.5172	0.3966	0.2931	1.13306
0.4723	0.4769	0.4934	0.3858	0.4014	0.4704	0.3636	0.3409	0.2955	0.162545
0.466	0.4638	0.4809	0.3996	0.3656	0.3979	0.5714	0.4286	0.2571	-0.159989
0.4582	0.4781	0.4821	0.3732	0.3833	0.398	0.5676	0.2619	0.2381	0.460559
0.4661	0.4967	0.4669	0.3545	0.4643	0.3257	0.3571	0.1064	0.2857	0.832303
0.4789	0.4858	0.4986	0.3914	0.3902	0.4801	0.2708	0.1667	0.08	0.0336186
0.4721	0.4911	0.4897	0.3937	0.4437	0.4452	0.4	0.2	0.2444	-0.017805
0.4534	0.4708	0.4844	0.3807	0.406	0.4538	0.7333	0.5	0.5333	0.291202
0.4839	0.4863	0.4788	0.4398	0.3942	0.3685	0.3889	0.1667	0.2222	-1.11515
0.4529	0.4996	0.4974	0.3262	0.49	0.4787	0.4545	0.04	0.14	1.45269
0.4576	0.4456	0.4685	0.3753	0.3419	0.3804	0.5926	0.6296	0.4074	0.397212
0.473	0.482	0.4994	0.4114	0.4354	0.49	0.4828	0.4138	0.0625	-0.424098
0.487	0.4826	0.4963	0.4352	0.3411	0.4704	0.2683	0.1463	0.1463	-0.954805
0.4789	0.4823	0.4855	0.3931	0.3935	0.4007	0.2759	0.2241	0.1897	-0.00463115
0.4548	0.4492	0.4947	0.381	0.3434	0.4011	0.7	0.575	0.0625	0.291233
0.4856	0.4851	0.4875	0.4579	0.3644	0.441	0.5429	0.1429	0.2857	-1.66205
0.4792	0.4932	0.4917	0.4229	0.468	0.3662	0.4	0.28	0.0769	-0.741409
0.4781	0.4706	0.4992	0.4245	0.2914	0.49	0.4419	0.2093	0.0851	-0.774828
0.4847	0.4875	0.4952	0.4413	0.4197	0.4704	0.375	0.2	0.2	-1.16703
0.456	0.4595	0.4936	0.3315	0.3126	0.4773	0.4286	0.3429	0.4	1.28794
0.4755	0.4726	0.4854	0.364	0.3723	0.4234	0.2549	0.3137	0.2549	0.618422
0.458	0.4667	0.4978	0.3226	0.3373	0.4891	0.381	0.3095	0.2619	1.47288
0.4741	0.4772	0.4813	0.4249	0.3872	0.4345	0.5714	0.2857	0.4286	-0.790769
0.4672	0.4672	0.491	0.4072	0.3774	0.4688	0.6047	0.4186	0.4186	-0.35709
0.4629	0.4598	0.4942	0.366	0.3531	0.4784	0.4444	0.4444	0.3778	0.617812
0.471	0.461	0.4953	0.3844	0.1938	0.4397	0.381	0.2143	0.0909	0.193821
0.4783	0.4806	0.498	0.4199	0.3613	0.4888	0.4054	0.1892	0.2162	-0.635163
0.4519	0.4998	0.4996	0.2996	0.49	0.49	0.4	0.0227	0.0455	1.89228
0.4702	0.4711	0.4871	0.352	0.3843	0.4362	0.2973	0.3784	0.2703	0.8328
0.4618	0.4609	0.4821	0.4016	0.3848	0.4443	0.7083	0.5833	0.5	-0.20451
0.4702	0.4733	0.4981	0.4137	0.3788	0.4826	0.5806	0.3226	0.125	-0.500347
0.4463	0.4525	0.4733	0.3349	0.3103	0.421	0.5833	0.4167	0.5556	1.28665
0.4725	0.4778	0.4958	0.3932	0.4152	0.4619	0.3889	0.3889	0.1282	-0.00718112
0.4799	0.4783	0.4889	0.4195	0.3662	0.436	0.3621	0.2241	0.2241	-0.657349
0.4539	0.4761	0.474	0.3606	0.4211	0.3662	0.5789	0.4737	0.2791	0.746234
0.4628	0.4634	0.4922	0.3806	0.3052	0.4486	0.5161	0.2903	0.1875	0.27997
0.4721	0.4724	0.4921	0.4015	0.3465	0.4648	0.44	0.26	0.3	-0.208176
0.4678	0.4662	0.4979	0.4041	0.318	0.478	0.5625	0.2812	0.1081	-0.266447
0.4526	0.4919	0.4892	0.3508	0.4405	0.4056	0.5526	0.1667	0.1429	0.955487
0.479	0.4719	0.4869	0.403	0.3333	0.4469	0.3061	0.2449	0.3469	-0.23298
0.4594	0.4627	0.4961	0.4043	0.385	0.4748	0.8182	0.5455	0.1892	-0.28513
0.4634	0.4687	0.459	0.3817	0.3686	0.3195	0.5106	0.3617	0.3617	0.268995
0.4682	0.4709	0.4902	0.3991	0.3909	0.4682	0.5128	0.4103	0.4615	-0.147573
0.4644	0.4546	0.4927	0.4075	0.3179	0.4718	0.6923	0.4103	0.359	-0.36797
0.4724	0.4768	0.4957	0.4133	0.3727	0.4695	0.5116	0.2558	0.1702	-0.503814
0.4665	0.4979	0.4899	0.4157	0.4858	0.4609	0.7222	0.175	0.3611	-0.576466
0.4581	0.4898	0.4902	0.3903	0.4437	0.4176	0.697	0.2353	0.1471	0.0641428
0.487	0.4859	0.4951	0.3839	0.3722	0.434	0.1429	0.1429	0.0857	0.186658
0.4615	0.4732	0.4908	0.3726	0.3948	0.4637	0.5	0.3824	0.3529	0.459225
0.4647	0.4626	0.4887	0.3898	0.3144	0.446	0.5312	0.3125	0.2812	0.0717275
0.4693	0.4756	0.4969	0.3521	0.3271	0.4825	0.3091	0.2	0.2182	0.898702
0.4747	0.4548	0.4979	0.4195	0.3246	0.4843	0.5	0.425	0.1556	-0.65359
0.4652	0.4563	0.4649	0.2745	0.3584	0.2943	0.2381	0.5238	0.2619	2.11373
0.4669	0.4774	0.4959	0.3604	0.3737	0.4851	0.3636	0.25	0.3864	0.717846
0.4372	0.4442	0.4966	0.2633	0.3276	0.4804	0.4828	0.5862	0.2162	2.43202
0.4724	0.4752	0.48	0.3901	0.2104	0.396	0.3778	0.1333	0.2667	0.0647738
0.4511	0.4522	0.4916	0.3848	0.3412	0.4132	0.8387	0.5161	0.1176	0.198156
0.4535	0.4564	0.4972	0.3471	0.3432	0.4888	0.52	0.46	0.34	1.06192
0.4555	0.4523	0.486	0.3292	0.2783	0.4443	0.4286	0.3571	0.3571	1.373
0.4618	0.4622	0.4988	0.3483	0.311	0.44	0.4	0.3111	0.0208	0.986538
0.4466	0.4759	0.4962	0.3531	0.4251	0.4675	0.6757	0.5135	0.1364	0.927206
0.4634	0.4482	0.4946	0.3963	0.3005	0.4793	0.6111	0.4444	0.3611	-0.0826692
0.4582	0.4994	0.4994	0.3577	0.485	0.49	0.4878	0.0435	0.0652	0.800717
0.475	0.4717	0.4967	0.3833	0.3576	0.4823	0.3091	0.2909	0.2364	0.220885
0.4729	0.4756	0.4885	0.3925	0.3715	0.4432	0.3784	0.2703	0.2703	0.00977336
0.4684	0.4748	0.4826	0.3832	0.404	0.4226	0.4211	0.3947	0.3158	0.219977
0.4804	0.47	0.498	0.431	0.3679	0.4891	0.4255	0.3404	0.234	-0.948691
0.4745	0.4765	0.4978	0.4039	0.3352	0.4732	0.4	0.2	0.093	-0.256858
0.483	0.4782	0.499	0.4231	0.3337	0.49	0.3091	0.1818	0.1091	-0.728301
0.4514	0.445	0.4995	0.3639	0.2643	0.49	0.6486	0.4054	0.0476	0.682113
0.4562	0.4751	0.4924	0.3103	0.4011	0.4752	0.375	0.375	0.45	1.68163
0.4893	0.4909	0.4971	0.4348	0.4196	0.4757	0.2093	0.1395	0.1395	-0.903675
0.4579	0.4598	0.4858	0.3562	0.2932	0.4517	0.4872	0.3077	0.4359	0.827806
0.48	0.4758	0.4956	0.4084	0.3663	0.4823	0.3077	0.2564	0.3333	-0.345342
0.4779	0.4821	0.4822	0.385	0.409	0.4276	0.2703	0.2703	0.3514	0.164468
0.4589	0.4686	0.499	0.3724	0.3944	0.4834	0.5476	0.4762	0.0667	0.485811
0.4713	0.4589	0.4974	0.4047	0.2569	0.455	0.4773	0.2727	0.0652	-0.286842
0.4902	0.4869	0.4951	0.4597	0.4203	0.4591	0.3333	0.2143	0.1429	-1.62868
0.4551	0.4944	0.4928	0.3457	0.4802	0.4549	0.4894	0.4043	0.2	1.07625
0.4723	0.4701	0.4947	0.3933	0.3593	0.4776	0.3947	0.3158	0.3158	-0.00873018
0.4638	0.4605	0.4899	0.3549	0.3306	0.4658	0.3913	0.3696	0.4348	0.847391
0.4437	0.4433	0.4915	0.3704	0.3411	0.4777	0.8889	0.6667	0.6296	0.53398
0.4853	0.4965	0.4985	0.4249	0.4728	0.4888	0.2642	0.1509	0.1509	-0.747663
0.4584	0.4973	0.4984	0.3927	0.49	0.4827	0.7143	0.3714	0.1026	0.00460647
0.4818	0.4833	0.4997	0.4224	0.3807	0.49	0.3333	0.1852	0.0357	-0.71619
0.47	0.4699	0.4879	0.3741	0.3675	0.3888	0.36	0.34	0.1373	0.430944
0.4733	0.4787	0.4922	0.3716	0.3737	0.4399	0.3023	0.2326	0.1591	0.459147
0.4551	0.4435	0.4844	0.3698	0.2452	0.4469	0.6098	0.3902	0.439	0.549087
0.4613	0.4863	0.4848	0.3441	0.4401	0.4201	0.3947	0.3158	0.2564	1.0415
0.4282	0.4866	0.4637	0.3545	0.4619	0.3913	1.1538	0.5641	0.5641	0.947957
0.4609	0.4614	0.4743	0.3745	0.3632	0.406	0.5208	0.4583	0.4167	0.440341
0.4495	0.4497	0.498	0.3665	0.3545	0.4801	0.7083	0.625	0.1154	0.593259
0.4858	0.4807	0.4855	0.4077	0.3808	0.3826	0.2	0.22	0.16	-0.3173
0.4793	0.4776	0.4973	0.3966	0.3793	0.4846	0.28	0.26	0.22	-0.0821485
0.4689	0.4879	0.4821	0.4106	0.4483	0.4075	0.5882	0.3235	0.2647	-0.429047
0.4688	0.4792	0.4929	0.405	0.3715	0.392	0.5429	0.2222	0.0789	-0.289292
0.4692	0.4673	0.4971	0.3853	0.3515	0.4873	0.4167	0.3333	0.3056	0.171326
0.4312	0.4401	0.456	0.3242	0.3283	0.3834	0.7931	0.6552	0.6897	1.52167
0.4694	0.4703	0.4956	0.4045	0.3332	0.459	0.5238	0.2619	0.125	-0.283899
0.467	0.4726	0.4899	0.3908	0.3851	0.4498	0.4889	0.3556	0.2667	0.0499497
0.4605	0.4648	0.4895	0.3575	0.3451	0.3856	0.45	0.35	0.1136	0.793223
0.4521	0.4441	0.4969	0.3674	0.2861	0.4521	0.6571	0.4571	0.0732	0.598238
0.4762	0.4766	0.4964	0.4344	0.3981	0.4846	0.6111	0.3333	0.3056	-1.05326
0.4709	0.4732	0.4976	0.3939	0.3702	0.4762	0.425	0.3	0.1163	-0.0224958
0.4612	0.46	0.4931	0.3911	0.3421	0.4743	0.625	0.4062	0.375	0.0435081
0.4704	0.4733	0.492	0.3551	0.371	0.4217	0.3016	0.3016	0.1231	0.850114
0.4758	0.4791	0.4934	0.4217	0.3689	0.4694	0.4872	0.2195	0.2821	-0.704901
0.4759	0.4691	0.4904	0.3753	0.32	0.4605	0.2745	0.2549	0.3333	0.387062
0.4543	0.4602	0.4844	0.3755	0.3546	0.4383	0.6667	0.4444	0.3611	0.416223
0.455	0.4607	0.4864	0.3707	0.3246	0.4458	0.6176	0.3529	0.3529	0.516744
0.4807	0.4896	0.497	0.4308	0.4119	0.4721	0.4146	0.1463	0.122	-0.921442
0.4672	0.4942	0.4957	0.3481	0.478	0.4385	0.3265	0.3673	0.08	0.972816
0.4669	0.4546	0.4828	0.3827	0.3056	0.4487	0.4468	0.383	0.5319	0.241333
0.467	0.474	0.4969	0.3624	0.3703	0.4801	0.3684	0.2895	0.1905	0.658742
0.479	0.4808	0.4969	0.4159	0.3851	0.4734	0.3636	0.2273	0.1364	-0.544386
0.4677	0.4643	0.4885	0.3678	0.352	0.4565	0.375	0.375	0.375	0.553824
0.4762	0.4696	0.4907	0.4246	0.3274	0.3511	0.5	0.26	0.0784	-0.807625
0.4667	0.4846	0.492	0.3574	0.4221	0.4607	0.3571	0.2679	0.2679	0.806168
0.4622	0.4808	0.4723	0.3906	0.4207	0.3904	0.5952	0.3488	0.381	0.0559867
0.4805	0.4817	0.4994	0.4273	0.4092	0.49	0.3953	0.2791	0.0682	-0.833477
0.4676	0.4987	0.4917	0.3822	0.4826	0.4431	0.4318	0.0833	0.1818	0.249719
0.4881	0.489	0.4977	0.4159	0.3614	0.4873	0.18	0.1	0.22	-0.485444
0.4765	0.4729	0.4976	0.3951	0.211	0.49	0.3235	0.1471	0.3235	-0.0461184
0.4651	0.4634	0.4914	0.3691	0.2982	0.4614	0.4211	0.2807	0.2982	0.563063
0.4828	0.4825	0.5	0.419	0.3631	NA	0.2927	0.1707	0	-0.587221
0.4736	0.4872	0.4954	0.3583	0.3654	0.4627	0.2683	0.122	0.1463	0.710749
0.455	0.4515	0.4951	0.3444	0.2864	0.4827	0.4865	0.3784	0.4054	1.06688
0.4749	0.4731	0.4954	0.385	0.3415	0.4761	0.3171	0.2439	0.2439	0.173364
0.4638	0.4791	0.4797	0.3991	0.4234	0.3995	0.625	0.4062	0.2812	-0.148633
0.4526	0.4325	0.4865	0.3812	0.2787	0.4609	0.7576	0.5758	0.5455	0.283456
0.4681	0.4649	0.489	0.4041	0.3303	0.3576	0.5526	0.3158	0.0976	-0.271308
0.4564	0.4692	0.4948	0.358	0.386	0.4801	0.52	0.42	0.36	0.820503
0.465	0.4971	0.4967	0.3855	0.4664	0.4865	0.5	0.0962	0.3333	0.178512
0.482	0.4854	0.4966	0.3743	0.4176	0.4802	0.1915	0.234	0.2128	0.37393
0.4731	0.4801	0.4952	0.398	0.3649	0.4722	0.4	0.2	0.2162	-0.114628
0.4669	0.4608	0.4845	0.3911	0.3023	0.41	0.4918	0.3115	0.2295	0.0443916
0.4505	0.4494	0.4905	0.364	0.3253	0.468	0.6667	0.5	0.4333	0.663387
0.4745	0.4716	0.4938	0.3479	0.3706	0.4585	0.2381	0.325	0.1818	0.892735
0.4789	0.4706	0.4866	0.4468	0.4136	0.4543	0.6957	0.5652	0.4348	-1.3232
0.4466	0.4451	0.4913	0.3625	0.3216	0.4727	0.7419	0.5484	0.4839	0.709726
0.4765	0.4786	0.4992	0.4257	0.3812	0.485	0.5	0.25	0.0588	-0.784541
0.4743	0.4779	0.4958	0.3851	0.3224	0.4793	0.3261	0.1739	0.2609	0.176922
0.4724	0.4753	0.4945	0.3532	0.3801	0.4717	0.2727	0.2955	0.25	0.823319
0.4636	0.4648	0.4977	0.3907	0.3758	0.478	0.5625	0.4545	0.1176	0.0511059
0.4641	0.447	0.497	0.3922	0.2804	0.4672	0.561	0.4146	0.1042	0.0178572
0.4803	0.4977	0.4966	0.394	0.4784	0.4764	0.2564	0.122	0.1707	-0.0224107
0.4745	0.4775	0.4941	0.3813	0.3813	0.4744	0.3111	0.2667	0.3111	0.256533
0.4678	0.4717	0.4972	0.3866	0.35	0.471	0.45	0.275	0.1111	0.147515
0.4597	0.4691	0.4761	0.3777	0.4086	0.3861	0.5641	0.5641	0.3	0.359533
0.4573	0.4521	0.4733	0.3883	0.3264	0.3882	0.7	0.4667	0.3548	0.110378
0.4778	0.4711	0.4935	0.4095	0.3712	0.4449	0.359	0.3333	0.1429	-0.38018
0.467	0.4645	0.4985	0.3704	0.3594	0.4861	0.3947	0.3947	0.122	0.498823
0.4772	0.4787	0.4943	0.3925	0.4001	0.4385	0.3023	0.3023	0.1087	0.0095321
0.4648	0.4533	0.4973	0.4104	0.2685	0.4893	0.7143	0.3333	0.3333	-0.447652
0.4636	0.4681	0.4975	0.401	0.3394	0.488	0.6486	0.2973	0.2703	-0.198154
0.4398	0.4359	0.4447	0.3409	0.2881	0.3397	0.7317	0.561	0.6341	1.21537
0.4791	0.4736	0.495	0.3986	0.3678	0.476	0.2889	0.2889	0.2667	-0.125656
0.4332	0.4569	0.4939	0.3152	0.3555	0.4822	0.7059	0.5	0.5294	1.70844
0.4633	0.4669	0.4987	0.3984	0.3828	0.4851	0.6316	0.4474	0.1	-0.133912
0.4552	0.455	0.4718	0.3184	0.3331	0.3886	0.4043	0.4468	0.383	1.59289
0.4379	0.4852	0.4504	0.3173	0.4477	0.2857	0.6389	0.4167	0.3889	1.65784
0.4671	0.4581	0.4712	0.3948	0.2775	0.3488	0.5116	0.3023	0.2791	-0.0454355
0.4447	0.4442	0.4746	0.3504	0.3253	0.2767	0.697	0.5758	0.1667	0.9755
0.4494	0.4562	0.4772	0.3347	0.3601	0.4243	0.5333	0.5333	0.4667	1.24041
0.4622	0.4693	0.4976	0.4035	0.4171	0.49	0.7143	0.6429	0.3214	-0.254621
0.4615	0.4765	0.4905	0.3811	0.4112	0.4161	0.5472	0.3962	0.1404	0.291109
