ncvFD_AFR	ncvFD_EUR	ncvFD_ASN	ncv_AFR	ncv_EUR	ncv_ASN	hka_AFR	hka_EUR	hka_ASN	tajd_AFR
0.4728	0.4695	0.4707	0.383	0.3455	0.344	0.3448	0.2931	0.2759	0.232318
0.4677	0.4547	0.452	0.4231	0.3371	0.3127	0.7857	0.4643	0.4286	-0.756223
0.4593	0.4476	0.4746	0.3719	0.2543	0.407	0.5366	0.3659	0.4146	0.493965
0.4589	0.461	0.4687	0.3125	0.3433	0.3455	0.3488	0.3953	0.3023	1.64149
0.4608	0.4656	0.4599	0.3113	0.3147	0.2916	0.3261	0.2826	0.3043	1.66349
0.4571	0.4568	0.4583	0.3674	0.333	0.3317	0.5556	0.4222	0.4	0.60558
0.4285	0.4219	0.4755	0.2828	0.1483	0.4326	0.641	0.4615	0.6154	2.32033
0.439	0.4422	0.4934	0.3031	0.2275	0.4777	0.5676	0.3784	0.4324	1.90687
0.4798	0.4742	0.4856	0.42	0.3494	0.3862	0.3673	0.2449	0.1633	-0.656224
0.4423	0.4346	0.4784	0.3357	0.1957	0.4348	0.6562	0.4062	0.5312	1.2714
0.4731	0.474	0.4758	0.4158	0.4121	0.4107	0.5128	0.4615	0.4103	-0.560624
0.4699	0.4668	0.4566	0.3812	0.3769	0.3384	0.386	0.4231	0.4423	0.278372
0.4689	0.4693	0.4761	0.3895	0.3491	0.3938	0.4419	0.3023	0.3256	0.0812285
0.4728	0.4705	0.4961	0.3779	0.2878	0.3585	0.3276	0.2069	0.0328	0.348756
0.4788	0.4825	0.4819	0.3881	0.3766	0.3713	0.2642	0.1887	0.1887	0.107211
0.4559	0.4555	0.4649	0.3489	0.3183	0.3274	0.4889	0.4	0.3111	1.00255
0.4489	0.4495	0.4717	0.301	0.2948	0.3805	0.4375	0.4167	0.3542	1.9452
0.4583	0.4619	0.4531	0.37	0.2756	0.2722	0.5455	0.2667	0.3409	0.543545
0.4585	0.4643	0.4732	0.3833	0.2462	0.3845	0.6286	0.2222	0.3429	0.229146
0.4681	0.4662	0.4922	0.4106	0.3252	0.4548	0.6098	0.2927	0.2195	-0.442351
0.4611	0.4575	0.4725	0.3714	0.2837	0.3997	0.5	0.3158	0.4211	0.494623
0.4524	0.4507	0.4893	0.3524	0.2849	0.4453	0.5641	0.3846	0.2564	0.926127
0.4615	0.4584	0.4813	0.3674	0.2549	0.4183	0.475	0.275	0.325	0.584326
0.4402	0.4378	0.4679	0.2948	0.2934	0.317	0.5263	0.5526	0.2619	2.04411
0.4676	0.4625	0.4764	0.361	0.299	0.4091	0.3548	0.2903	0.3871	0.657165
0.465	0.4614	0.4723	0.4027	0.3613	0.3946	0.625	0.45	0.4	-0.24132
0.4638	0.4397	0.4479	0.3619	0.1876	0.2947	0.4151	0.3585	0.434	0.718901
0.4499	0.4522	0.4529	0.3187	0.2958	0.2843	0.4722	0.3889	0.3611	1.56105
0.4722	0.4705	0.4646	0.3668	0.3442	0.2812	0.3056	0.2778	0.25	0.54206
0.4757	0.4766	0.4824	0.3663	0.3722	0.3807	0.2576	0.2576	0.197	0.596736
0.4534	0.4554	0.4558	0.3766	0.3596	0.3288	0.697	0.5455	0.4242	0.387203
0.4639	0.4638	0.4552	0.379	0.3325	0.3095	0.4872	0.3333	0.3846	0.323285
0.4498	0.4433	0.4743	0.3506	0.2251	0.422	0.6	0.3667	0.5333	0.939327
0.4525	0.4594	0.4564	0.3067	0.3071	0.2356	0.4091	0.3333	0.2727	1.79939
0.4521	0.4475	0.4455	0.3584	0.2996	0.226	0.6	0.45	0.35	0.804523
0.4576	0.445	0.4617	0.3955	0.2797	0.3006	0.7667	0.4333	0.3	-0.0621028
0.4788	0.4798	0.4954	0.3822	0.3031	0.44	0.25	0.1429	0.0893	0.237944
0.4783	0.4786	0.4803	0.4065	0.4076	0.3387	0.3333	0.3333	0.1667	-0.323431
0.4501	0.4512	0.4878	0.3561	0.3124	0.4563	0.625	0.4375	0.4062	0.834633
0.4428	0.4434	0.443	0.3321	0.3046	0.2269	0.6286	0.5143	0.3714	1.35299
0.4719	0.4712	0.4616	0.3692	0.3403	0.3102	0.3158	0.2632	0.3158	0.501353
0.4638	0.4627	0.4618	0.3365	0.1854	0.1726	0.3429	0.2	0.2	1.14366
0.4532	0.4471	0.4568	0.3876	0.3158	0.3633	0.8077	0.5	0.5385	0.127219
0.4566	0.4588	0.4694	0.339	0.3034	0.3625	0.4444	0.3333	0.3333	1.15426
0.4563	0.4569	0.4629	0.3423	0.316	0.2599	0.4595	0.3784	0.2432	1.10053
0.4629	0.4588	0.4645	0.3847	0.3168	0.356	0.5385	0.359	0.3846	0.196036
0.4625	0.4648	0.477	0.3411	0.3095	0.314	0.3696	0.2826	0.1739	1.12505
0.4546	0.4528	0.4567	0.3433	0.2375	0.3117	0.4884	0.3023	0.3721	1.1149
0.4542	0.4453	0.4425	0.3786	0.2558	0.2375	0.6944	0.3889	0.3889	0.344813
0.4645	0.4626	0.4814	0.3694	0.3672	0.4223	0.4318	0.4545	0.3409	0.53987
0.4733	0.4774	0.4764	0.4061	0.3817	0.3758	0.439	0.2683	0.2683	-0.314652
0.4354	0.4411	0.4364	0.3104	0.3113	0.2832	0.6486	0.5676	0.5405	1.801
0.4613	0.458	0.4684	0.3179	0.2796	0.3669	0.3333	0.3056	0.3611	1.48206
0.455	0.4514	0.4528	0.3344	0.2553	0.248	0.451	0.3333	0.3137	1.31399
0.4676	0.4644	0.4876	0.3889	0.2352	0.4384	0.4643	0.2143	0.2679	0.0997316
0.4574	0.4604	0.4544	0.3603	0.3512	0.2609	0.5143	0.4286	0.3143	0.732926
0.4543	0.4524	0.4618	0.3556	0.2349	0.3212	0.5455	0.303	0.3333	0.833973
0.4772	0.4787	0.4905	0.3784	0.3606	0.4257	0.2632	0.2105	0.1579	0.324943
0.4547	0.4584	0.4742	0.3227	0.3192	0.3812	0.4211	0.3684	0.3158	1.46995
0.4658	0.4732	0.4796	0.3763	0.3424	0.385	0.439	0.2439	0.2439	0.381414
0.473	0.4741	0.4784	0.3809	0.3337	0.3387	0.3333	0.2222	0.1852	0.278545
0.4402	0.4286	0.4345	0.3291	0.1968	0.2503	0.6571	0.4571	0.4857	1.42199
0.4486	0.4464	0.441	0.3517	0.3386	0.2702	0.6286	0.6	0.4571	0.940769
0.4552	0.4483	0.4891	0.3807	0.3103	0.4558	0.6875	0.4688	0.3438	0.290365
0.4528	0.4531	0.4943	0.2758	0.2918	0.4774	0.3488	0.3721	0.3488	2.26793
0.4748	0.481	0.4931	0.409	0.419	0.4609	0.4222	0.3333	0.2222	-0.387222
0.4665	0.4692	0.4819	0.364	0.2909	0.324	0.38	0.22	0.14	0.657576
0.4467	0.4387	0.4679	0.3567	0.2347	0.3855	0.6977	0.4186	0.4419	0.865137
0.4298	0.433	0.4346	0.297	0.314	0.301	0.6757	0.7027	0.6216	2.06293
0.4683	0.4665	0.4727	0.3591	0.3414	0.3361	0.34	0.32	0.24	0.750935
0.4401	0.4331	0.4626	0.3344	0.2766	0.3767	0.6875	0.5625	0.5	1.30669
0.4359	0.4371	0.435	0.3392	0.2837	0.2744	0.8	0.5333	0.5333	1.21984
0.4541	0.456	0.4547	0.349	0.3366	0.2777	0.5185	0.4444	0.3333	0.932873
0.4614	0.4603	0.4616	0.3725	0.3482	0.2927	0.5	0.4211	0.2895	0.470575
0.4558	0.4519	0.4614	0.3603	0.312	0.3363	0.5429	0.4286	0.3714	0.737787
0.4748	0.4759	0.4682	0.404	0.367	0.173	0.3953	0.2558	0.1628	-0.260836
0.4651	0.4619	0.4915	0.3212	0.2383	0.4532	0.2979	0.234	0.234	1.46459
0.4685	0.4716	0.4717	0.3834	0.3024	0.3029	0.4211	0.2105	0.2105	0.21577
0.4555	0.4504	0.4496	0.329	0.2813	0.1865	0.4286	0.381	0.2857	1.37681
0.4547	0.4484	0.4516	0.3998	0.2716	0.3343	0.9231	0.3846	0.5	-0.169717
0.4567	0.4625	0.4672	0.2907	0.2858	0.3619	0.3333	0.2727	0.3636	1.9077
0.4708	0.4673	0.4679	0.3872	0.2868	0.3121	0.3953	0.2326	0.2558	0.131008
0.4717	0.4624	0.4686	0.3818	0.2696	0.2668	0.359	0.2564	0.2051	0.245502
0.4771	0.4784	0.4776	0.4222	0.389	0.3946	0.4545	0.2727	0.303	-0.691514
0.4492	0.4494	0.4473	0.3244	0.3094	0.2458	0.5	0.4524	0.3571	1.49934
0.4716	0.4602	0.4663	0.4241	0.3587	0.3531	0.6486	0.4595	0.3514	-0.788877
0.4744	0.4728	0.4897	0.3923	0.1074	0.4502	0.35	0.125	0.275	0.0148801
0.4453	0.4401	0.4407	0.3347	0.3161	0.2686	0.6	0.6	0.4571	1.29144
0.4745	0.4769	0.493	0.414	0.3346	0.4633	0.4634	0.1951	0.2439	-0.512363
0.4456	0.4404	0.4406	0.3712	0.2196	0.2869	0.8462	0.3846	0.5	0.508468
0.4511	0.4505	0.4869	0.3657	0.3262	0.4649	0.6667	0.4872	0.6154	0.646786
0.4738	0.472	0.4722	0.3751	0.33	0.2914	0.3043	0.2391	0.1957	0.391147
0.4418	0.4393	0.4353	0.2982	0.2581	0.2354	0.5161	0.4516	0.4516	1.91551
0.4623	0.4584	0.4687	0.3962	0.3343	0.3735	0.6389	0.4054	0.3784	-0.0792755
0.4649	0.4602	0.4855	0.3626	0.2615	0.4139	0.4	0.2667	0.2222	0.683562
0.4631	0.4605	0.4756	0.3714	0.2945	0.3911	0.4651	0.3023	0.3256	0.498197
0.4387	0.4322	0.4342	0.3228	0.2513	0.2948	0.6512	0.5116	0.6047	1.58547
0.4637	0.4655	0.4592	0.3945	0.3746	0.2414	0.5897	0.4359	0.2564	-0.0394296
0.4524	0.4391	0.474	0.3915	0.3532	0.4303	0.88	0.84	0.64	0.0351677
0.4683	0.4695	0.4898	0.3926	0.3783	0.4622	0.4706	0.3824	0.3824	0.00762353
0.469	0.4793	0.4858	0.3706	0.4012	0.3985	0.3636	0.2955	0.1818	0.497993
0.4669	0.4648	0.4696	0.3582	0.2645	0.3713	0.3571	0.2321	0.3571	0.789815
0.4334	0.4317	0.4384	0.3337	0.2582	0.2766	0.8125	0.5312	0.5	1.34816
0.4805	0.4788	0.4818	0.405	0.3406	0.3907	0.2857	0.1837	0.2245	-0.275797
0.471	0.4666	0.4739	0.3639	0.3617	0.3683	0.3143	0.3714	0.2857	0.599613
0.4714	0.4752	0.4821	0.3988	0.2904	0.415	0.439	0.1707	0.2927	-0.13873
0.3866	0.3956	0.3984	0.1936	0.2409	0.2094	0.8974	0.9487	0.7949	3.7762
0.442	0.4452	0.4478	0.2808	0.2782	0.2214	0.4694	0.4286	0.3265	2.33093
0.4633	0.4626	0.4609	0.3835	0.2863	0.2497	0.5227	0.2727	0.25	0.22688
0.4544	0.4554	0.4564	0.3031	0.2867	0.2632	0.38	0.34	0.3	1.87988
0.4599	0.4607	0.4918	0.3621	0.2478	0.4603	0.4792	0.25	0.2708	0.718044
0.4556	0.45	0.4861	0.3808	0.2351	0.4448	0.6774	0.3226	0.3548	0.286194
0.4745	0.4737	0.4799	0.403	0.3465	0.3377	0.3962	0.2453	0.1698	-0.24532
0.4741	0.4741	0.4838	0.3889	0.38	0.3928	0.3429	0.3143	0.2	0.0865698
0.463	0.4581	0.4591	0.3683	0.291	0.2255	0.4528	0.3208	0.2453	0.581806
0.4846	0.4826	0.4849	0.4401	0.4098	0.3061	0.3684	0.2632	0.1053	-1.12413
0.4443	0.4326	0.4494	0.3579	0.2707	0.3391	0.7586	0.5517	0.5517	0.806895
0.454	0.4495	0.4527	0.3567	0.3069	0.3219	0.5556	0.4444	0.4444	0.847766
0.4748	0.4805	0.4958	0.35	0.3614	0.4593	0.2381	0.1905	0.119	0.852632
0.4511	0.4537	0.4847	0.3061	0.2797	0.4374	0.4231	0.3462	0.3462	1.86297
0.4589	0.4577	0.4598	0.3891	0.3612	0.2934	0.6667	0.5128	0.3077	0.0933467
0.4451	0.44	0.4846	0.3664	0.2959	0.4499	0.8125	0.5312	0.4688	0.631365
0.4619	0.4468	0.4551	0.4068	0.3027	0.3394	0.7667	0.4667	0.4667	-0.341963
0.4728	0.465	0.4652	0.3967	0.3537	0.364	0.4	0.3714	0.4	-0.0858254
0.4714	0.474	0.4968	0.3534	0.3608	0.4836	0.2857	0.2679	0.25	0.863622
0.4554	0.4631	0.4626	0.3428	0.3328	0.3715	0.4737	0.3421	0.4737	1.10051
0.4599	0.4576	0.4656	0.3616	0.2335	0.3671	0.4762	0.2619	0.4048	0.716835
0.4718	0.4747	0.4817	0.4078	0.3197	0.4113	0.4857	0.2	0.2857	-0.352277
0.4631	0.4703	0.4722	0.377	0.2987	0.2731	0.4909	0.2182	0.1818	0.384695
0.4559	0.4515	0.4601	0.3793	0.323	0.3701	0.6585	0.4634	0.5122	0.331682
0.4536	0.4529	0.4652	0.3465	0.2901	0.3733	0.5161	0.371	0.4355	1.09934
0.4424	0.438	0.4853	0.3697	0.3177	0.45	0.92	0.64	0.44	0.545916
0.4521	0.4551	0.464	0.3781	0.3751	0.3643	0.7419	0.6452	0.4194	0.352187
0.4702	0.4769	0.4888	0.3514	0.3415	0.4293	0.2963	0.2037	0.2037	0.905141
0.4692	0.4708	0.493	0.4006	0.2823	0.4597	0.5	0.2	0.22	-0.189067
0.47	0.4763	0.4778	0.3977	0.3485	0.3596	0.4634	0.2195	0.2195	-0.112575
0.4538	0.4598	0.4707	0.2946	0.2909	0.3351	0.3696	0.3043	0.2609	1.99861
0.4629	0.461	0.4692	0.3694	0.3292	0.3705	0.46	0.36	0.36	0.553026
0.4838	0.4842	0.484	0.4264	0.4223	0.4041	0.3056	0.2778	0.2222	-0.747914
0.4567	0.4544	0.4583	0.3598	0.2756	0.3	0.5238	0.3333	0.3333	0.764641
0.4711	0.4706	0.4675	0.3797	0.3438	0.2337	0.3617	0.2766	0.1915	0.301549
0.4436	0.4364	0.4349	0.3517	0.224	0.08	0.7273	0.4242	0.3333	0.952785
0.4416	0.4421	0.4838	0.3226	0.2938	0.4513	0.6053	0.5	0.5263	1.55199
0.4085	0.4018	0.4189	0.2497	0.169	0.2525	0.7949	0.6667	0.6667	2.93943
0.4477	0.4493	0.4485	0.3595	0.3504	0.3387	0.6957	0.6087	0.5652	0.736502
0.4849	0.4808	0.4882	0.4188	0.3248	0.3134	0.25	0.15	0.0833	-0.608723
0.4805	0.4796	0.4952	0.3988	0.3426	0.4704	0.2667	0.1778	0.2	-0.129849
0.4641	0.4659	0.4652	0.4095	0.3788	0.3763	0.7241	0.4483	0.4483	-0.405602
0.4506	0.4446	0.4509	0.363	0.2552	0.2765	0.6579	0.3947	0.3684	0.705847
0.4588	0.4512	0.4554	0.3542	0.1929	0.3045	0.4651	0.2791	0.3721	0.877028
0.4472	0.4483	0.4576	0.3315	0.3419	0.3581	0.5556	0.5833	0.5	1.34686
0.4555	0.4578	0.4772	0.3461	0.2972	0.35	0.4848	0.3333	0.2121	1.01232
0.4684	0.4675	0.4664	0.3799	0.331	0.2653	0.4068	0.2881	0.2203	0.312297
0.4633	0.4546	0.4709	0.3996	0.3546	0.3775	0.6429	0.5357	0.3571	-0.158774
0.4491	0.4446	0.4613	0.358	0.2886	0.3799	0.6571	0.4571	0.5429	0.810347
0.4587	0.4593	0.4536	0.3027	0.2751	0.2705	0.3333	0.2889	0.3333	1.81653
0.4795	0.4804	0.4831	0.4215	0.3254	0.3907	0.3846	0.1538	0.2051	-0.673953
0.4585	0.4536	0.4582	0.324	0.2295	0.2673	0.3778	0.2889	0.2889	1.46004
0.4368	0.4321	0.4564	0.3484	0.3247	0.3964	0.8519	0.7778	0.8148	1.01924
0.4552	0.4486	0.4639	0.3639	0.3145	0.3768	0.5714	0.4762	0.4762	0.681983
0.4103	0.4044	0.4356	0.2944	0.2414	0.3411	1	0.8214	0.8214	2.13958
0.4683	0.4693	0.4634	0.3878	0.2594	0.2372	0.4444	0.1944	0.2222	0.117184
0.4701	0.4668	0.478	0.3711	0.3456	0.4081	0.3478	0.3261	0.3478	0.488482
0.4447	0.4413	0.4465	0.3104	0.2067	0.2965	0.5152	0.3636	0.4545	1.71559
0.4645	0.4648	0.473	0.4028	0.2515	0.3442	0.6389	0.2222	0.25	-0.242013
0.4616	0.4544	0.4979	0.3659	0.3128	0.49	0.4667	0.4	0.2667	0.624615
0.4733	0.4679	0.4682	0.3667	0.3109	0.3369	0.2909	0.2545	0.2909	0.58213
0.4584	0.455	0.4802	0.3649	0.3335	0.4287	0.5172	0.4483	0.4138	0.615193
0.4513	0.4559	0.4847	0.3108	0.2962	0.4342	0.4324	0.3514	0.3243	1.69054
0.4846	0.4888	0.4856	0.4136	0.3814	0.4018	0.2381	0.119	0.1905	-0.446431
0.4662	0.4633	0.4753	0.3262	0.276	0.3516	0.2941	0.2549	0.2353	1.38926
0.4518	0.4509	0.4467	0.3662	0.3314	0.2902	0.6562	0.5	0.4375	0.618518
0.4517	0.4533	0.4518	0.3347	0.3201	0.292	0.5	0.4318	0.3864	1.29986
0.4544	0.453	0.483	0.3566	0.3016	0.4311	0.549	0.3922	0.3529	0.860006
0.4279	0.4265	0.4726	0.2899	0.249	0.4288	0.6757	0.5676	0.6757	2.19263
0.4712	0.4614	0.4935	0.3849	0.1658	0.4737	0.3778	0.2	0.3333	0.185247
0.4497	0.4481	0.4566	0.3911	0.3101	0.3383	0.9706	0.4706	0.4412	0.045295
0.461	0.4505	0.463	0.3709	0.2558	0.3601	0.5	0.3421	0.4211	0.506647
0.4585	0.4523	0.4509	0.3992	0.3154	0.3418	0.7838	0.4324	0.5405	-0.158466
0.4705	0.4677	0.4729	0.3827	0.2588	0.3933	0.3824	0.2059	0.3824	0.224575
0.4608	0.4692	0.4596	0.3115	0.3794	0.3039	0.3261	0.3913	0.3261	1.66118
0.4524	0.4435	0.4987	0.3665	0.2803	0.4875	0.6452	0.4516	0.1212	0.607364
0.4636	0.4638	0.4654	0.3566	0.3483	0.3725	0.4	0.3714	0.4286	0.778036
0.4603	0.4616	0.4863	0.3338	0.3231	0.4408	0.38	0.34	0.32	1.29167
0.4488	0.4495	0.4465	0.3712	0.2924	0.2762	0.7647	0.4118	0.4118	0.518967
0.48	0.4749	0.4918	0.4092	0.3208	0.425	0.3111	0.2	0.1333	-0.373847
0.4632	0.4612	0.4852	0.3549	0.3303	0.428	0.4	0.36	0.28	0.860222
0.4619	0.4669	0.4949	0.3801	0.3535	0.4738	0.5312	0.3438	0.25	0.292683
0.4723	0.4695	0.4961	0.3903	0.2931	0.4762	0.38	0.22	0.2	0.0611363
0.4703	0.4634	0.4747	0.3887	0.2781	0.3439	0.4103	0.2564	0.2308	0.0968815
0.4633	0.4592	0.463	0.3493	0.3022	0.19	0.3818	0.3273	0.2	0.987427
0.4592	0.4598	0.4581	0.2716	0.2762	0.2317	0.2857	0.2857	0.2571	2.1549
0.4626	0.465	0.4584	0.3769	0.3389	0.301	0.5	0.3333	0.3333	0.375046
0.4654	0.4681	0.4718	0.3701	0.1625	0.265	0.42	0.16	0.18	0.531553
0.4526	0.4438	0.4512	0.3591	0.3062	0.3365	0.5946	0.5135	0.5135	0.780399
0.4728	0.4774	0.4799	0.4053	0.3657	0.3128	0.4468	0.234	0.1489	-0.299909
0.469	0.4616	0.4728	0.3867	0.2818	0.3149	0.4255	0.2766	0.2128	0.147376
0.4326	0.437	0.4332	0.2977	0.2996	0.2358	0.6389	0.5833	0.4722	2.02866
0.477	0.4793	0.4813	0.3861	0.3916	0.3633	0.2857	0.2653	0.1837	0.15215
0.4738	0.48	0.4801	0.3912	0.3471	0.2199	0.3571	0.1786	0.1071	0.0403285
0.4716	0.4701	0.4801	0.3867	0.3199	0.423	0.3778	0.2444	0.3778	0.143873
0.4658	0.468	0.4726	0.3733	0.328	0.3568	0.4259	0.2778	0.2778	0.463675
0.4613	0.4704	0.4542	0.3523	0.376	0.2459	0.42	0.36	0.3	0.923111
0.4712	0.4812	0.4692	0.3964	0.3758	0.393	0.4318	0.2045	0.4545	-0.0825155
0.4474	0.4521	0.4933	0.3495	0.2794	0.4758	0.6389	0.3611	0.3889	0.994819
0.4683	0.4719	0.4821	0.3453	0.3563	0.4131	0.3061	0.2857	0.2857	1.01796
0.4681	0.467	0.4766	0.393	0.3555	0.4018	0.4783	0.3478	0.3478	-0.00290267
0.4645	0.4672	0.4528	0.364	0.3825	0.2568	0.4118	0.4412	0.3235	0.626876
0.4785	0.4769	0.4802	0.3757	0.3194	0.3656	0.24	0.18	0.2	0.368493
0.4703	0.4703	0.4786	0.3793	0.3512	0.391	0.3725	0.2941	0.2745	0.316324
0.4559	0.4582	0.4556	0.3032	0.2901	0.1944	0.3636	0.3182	0.25	1.8279
0.4603	0.4616	0.4833	0.3647	0.2934	0.4272	0.4839	0.2903	0.3226	0.618474
0.4783	0.4784	0.4808	0.4061	0.3776	0.3541	0.3333	0.2444	0.1778	-0.30535
0.4482	0.4371	0.4392	0.3463	0.2284	0.2416	0.6061	0.4242	0.4242	1.04358
0.4705	0.4761	0.4958	0.4081	0.3846	0.4688	0.5227	0.2955	0.1591	-0.373893
0.455	0.455	0.4916	0.3787	0.2901	0.4648	0.675	0.35	0.325	0.344731
0.4573	0.4557	0.4789	0.3542	0.2937	0.4071	0.4884	0.3488	0.3256	0.881153
0.4574	0.4484	0.4586	0.4153	0.3017	0.3884	1.1111	0.4444	0.6667	-0.547148
0.4647	0.4672	0.4668	0.3185	0.3473	0.2636	0.2973	0.3243	0.2162	1.44455
0.4821	0.4661	0.4868	0.4007	0.307	0.4382	0.2444	0.2667	0.2889	-0.167922
0.4735	0.4764	0.4759	0.3415	0.3991	0.3686	0.24	0.34	0.26	1.04946
0.4552	0.4526	0.4647	0.3783	0.3341	0.3682	0.6667	0.4848	0.4242	0.346564
0.469	0.4738	0.4813	0.3931	0.3459	0.4318	0.4595	0.2432	0.4054	-0.00337298
0.4673	0.4667	0.4659	0.3802	0.3376	0.3534	0.4286	0.3095	0.3571	0.294282
0.4637	0.4552	0.4562	0.3732	0.3096	0.3257	0.4615	0.3846	0.4103	0.451153
0.4702	0.4698	0.4886	0.3938	0.3217	0.4473	0.4375	0.25	0.2917	-0.0210126
0.4718	0.4761	0.4805	0.3504	0.3841	0.323	0.2745	0.2941	0.1509	0.904275
0.4791	0.4871	0.4921	0.4244	0.3647	0.4492	0.4146	0.122	0.1951	-0.761332
0.4754	0.4715	0.4777	0.3947	0.3246	0.4055	0.3421	0.2368	0.3421	-0.0399429
0.4649	0.4638	0.4859	0.3665	0.3789	0.4153	0.4146	0.4878	0.2195	0.592216
0.4533	0.4507	0.4494	0.3816	0.3063	0.3295	0.7429	0.4286	0.5143	0.275256
0.4782	0.4726	0.4789	0.3993	0.3287	0.3627	0.3077	0.2308	0.2115	-0.148212
0.4562	0.4578	0.4653	0.3636	0.3153	0.2594	0.551	0.3673	0.2245	0.697528
0.4603	0.4591	0.48	0.3875	0.2993	0.4232	0.6176	0.3235	0.3824	0.129687
0.4579	0.4615	0.4652	0.2746	0.2992	0.3338	0.3	0.3	0.32	2.28703
0.4725	0.4607	0.4891	0.4046	0.3339	0.4473	0.45	0.375	0.275	-0.277712
0.4508	0.4488	0.4533	0.3129	0.2545	0.2681	0.4444	0.3556	0.3333	1.71085
0.4641	0.4607	0.4866	0.3966	0.3147	0.4364	0.5952	0.3333	0.2857	-0.0902973
0.4635	0.4696	0.4742	0.3334	0.3204	0.3115	0.3393	0.25	0.1964	1.29942
0.453	0.4537	0.452	0.3671	0.3061	0.2314	0.6364	0.3939	0.303	0.599208
0.4583	0.4615	0.4606	0.3761	0.282	0.2754	0.5833	0.2778	0.2778	0.39392
0.4607	0.4595	0.4622	0.3554	0.2278	0.2796	0.439	0.2439	0.2683	0.836292
0.4429	0.4404	0.4576	0.3535	0.3084	0.3307	0.7568	0.5676	0.4054	0.930059
0.4492	0.4415	0.4575	0.3794	0.3169	0.3578	0.8333	0.5833	0.5	0.332151
0.4629	0.4549	0.4625	0.3803	0.2332	0.2707	0.5128	0.2821	0.2564	0.296214
0.4637	0.4662	0.4685	0.3316	0.3228	0.3484	0.3333	0.2889	0.3111	1.28621
0.4459	0.4374	0.4371	0.3019	0.231	0.1838	0.475	0.425	0.375	1.90061
0.4586	0.4554	0.4676	0.3127	0.2284	0.3726	0.3529	0.2745	0.3922	1.68757
0.4249	0.4145	0.4516	0.3102	0.1972	0.3598	0.8235	0.5882	0.6176	1.83635
0.422	0.4208	0.418	0.297	0.2752	0.2005	0.8	0.72	0.56	2.00398
0.456	0.4578	0.4568	0.3856	0.3907	0.3422	0.7097	0.7097	0.4516	0.176154
0.4774	0.4802	0.4931	0.3793	0.3812	0.4473	0.2632	0.2281	0.1579	0.304679
0.4528	0.453	0.4591	0.353	0.2801	0.3158	0.5588	0.3529	0.3529	0.895361
0.4751	0.4779	0.4833	0.386	0.319	0.4078	0.3171	0.1707	0.2439	0.151664
0.4719	0.4788	0.4657	0.4178	0.4389	0.284	0.5676	0.5676	0.2432	-0.615972
0.4683	0.4688	0.4663	0.359	0.3247	0.1611	0.3396	0.2642	0.1698	0.760258
0.4529	0.4492	0.4574	0.358	0.2614	0.16	0.5833	0.3611	0.2222	0.800722
0.4665	0.4681	0.4821	0.3408	0.313	0.4252	0.3191	0.2553	0.3404	1.10634
0.4499	0.4462	0.4769	0.3351	0.3019	0.4203	0.5278	0.4722	0.4444	1.26477
0.4732	0.4692	0.4707	0.4105	0.3053	0.3536	0.4706	0.2353	0.2941	-0.41434
0.4625	0.4609	0.4711	0.3406	0.3058	0.3218	0.3684	0.3158	0.2368	1.09772
0.4572	0.4604	0.4722	0.3536	0.3469	0.3711	0.4878	0.4146	0.3171	0.889444
0.466	0.47	0.486	0.3408	0.3097	0.4366	0.3256	0.2326	0.3023	1.09466
0.4405	0.4387	0.4415	0.3467	0.2848	0.3179	0.7586	0.5172	0.5862	1.04843
0.4709	0.4736	0.4749	0.3854	0.2881	0.2677	0.3864	0.1818	0.1591	0.173948
0.4558	0.4615	0.4757	0.3389	0.01	0.3678	0.4545	0.1739	0.2609	1.19772
0.4472	0.4427	0.4379	0.3479	0.2565	0.2433	0.6341	0.4146	0.439	1.0447
0.4836	0.4686	0.4993	0.447	0.3437	0.47	0.475	0.3	0.0244	-1.36573
0.4681	0.4685	0.4955	0.3869	0.3238	0.4747	0.4444	0.2667	0.2222	0.14344
0.4354	0.437	0.4529	0.3496	0.3307	0.3646	0.8966	0.7241	0.6207	1.00747
0.4714	0.4746	0.4751	0.3856	0.3736	0.2633	0.3778	0.2889	0.1556	0.169602
0.4615	0.4635	0.4962	0.335	0.2411	0.4816	0.3673	0.2245	0.2653	1.25738
0.4555	0.4574	0.4837	0.3392	0.3526	0.4251	0.46	0.48	0.3	1.2135
0.4614	0.4527	0.4796	0.3701	0.2581	0.4156	0.4884	0.3256	0.3488	0.530682
0.4731	0.4758	0.4786	0.3895	0.3435	0.365	0.3636	0.2182	0.2182	0.082118
0.4767	0.4658	0.4629	0.3745	0.3015	0.2537	0.2619	0.2619	0.2381	0.385527
0.4622	0.4587	0.4603	0.3615	0.2509	0.303	0.439	0.2683	0.3171	0.707581
0.4309	0.4192	0.4243	0.3559	0.2538	0.2542	1.0909	0.6667	0.6061	0.898026
0.4532	0.4498	0.4954	0.3603	0.2935	0.4822	0.5897	0.4103	0.359	0.758963
0.4626	0.4633	0.4535	0.3788	0.3328	0.2747	0.5106	0.3404	0.3404	0.337503
0.4698	0.476	0.4779	0.4043	0.361	0.3429	0.5122	0.2439	0.1951	-0.275663
0.4629	0.4649	0.4815	0.3481	0.2887	0.4184	0.383	0.2553	0.3191	0.991342
0.4559	0.4533	0.486	0.331	0.2844	0.4443	0.4286	0.3571	0.3571	1.33739
0.439	0.4352	0.4632	0.3161	0.2738	0.3927	0.6176	0.5294	0.5882	1.66122
0.4763	0.4739	0.4768	0.4259	0.3976	0.3479	0.5106	0.383	0.2128	-0.838125
0.456	0.4532	0.4816	0.4089	0.332	0.4288	1.0312	0.4688	0.375	-0.411571
0.4557	0.4592	0.4818	0.3045	0.2951	0.3922	0.3684	0.3158	0.2281	1.88117
0.4521	0.4516	0.448	0.3171	0.2793	0.3155	0.439	0.3659	0.4878	1.60574
0.4466	0.4426	0.443	0.3201	0.278	0.3122	0.5217	0.4565	0.5435	1.61176
0.4251	0.4247	0.4491	0.2821	0.2122	0.3483	0.6857	0.5143	0.6	2.32088
0.4246	0.4189	0.436	0.2667	0.2241	0.2709	0.6389	0.5946	0.5135	2.56974
0.4587	0.4482	0.4659	0.3753	0.2949	0.3833	0.5686	0.4314	0.4706	0.430399
0.4709	0.4634	0.4769	0.3863	0.2887	0.3674	0.3902	0.2683	0.2439	0.150473
0.4377	0.4328	0.4474	0.3083	0.2814	0.3607	0.6053	0.5789	0.7105	1.83078
0.4565	0.4545	0.4833	0.3631	0.2995	0.4351	0.5429	0.3714	0.3714	0.678301
0.4824	0.4868	0.4932	0.4317	0.3961	0.4549	0.3721	0.1628	0.186	-0.934706
0.4619	0.4539	0.4565	0.3771	0.2917	0.3322	0.5152	0.3636	0.4242	0.359439
0.4616	0.4508	0.4667	0.3688	0.2893	0.374	0.4783	0.3913	0.413	0.564946
0.4587	0.4478	0.4572	0.4015	0.3456	0.3218	0.8056	0.6111	0.3889	-0.215646
0.467	0.4753	0.4763	0.3523	0.3577	0.3729	0.3396	0.2453	0.2642	0.902553
0.461	0.4547	0.4841	0.3709	0.2942	0.4394	0.5	0.36	0.38	0.525392
0.461	0.4615	0.4781	0.2919	0.3288	0.3799	0.2941	0.3529	0.2549	2.00334
0.4445	0.4411	0.4666	0.3391	0.3019	0.3739	0.6341	0.5366	0.4146	1.2342
0.4296	0.4257	0.4468	0.2984	0.2337	0.2717	0.6857	0.5429	0.4	2.02643
0.4593	0.4625	0.4669	0.3554	0.3249	0.359	0.4615	0.3333	0.359	0.837286
0.4639	0.4616	0.4798	0.3644	0.1772	0.3997	0.4219	0.2031	0.2812	0.679819
0.4581	0.4517	0.4556	0.3693	0.3029	0.3013	0.5455	0.4091	0.3636	0.559832
0.4826	0.483	0.4919	0.4261	0.4037	0.4179	0.3333	0.2381	0.119	-0.776261
0.4529	0.4503	0.4543	0.3254	0.2471	0.2323	0.4524	0.3333	0.2857	1.45763
0.4677	0.4673	0.4727	0.3902	0.3326	0.3899	0.4706	0.2941	0.3725	0.0663135
0.4777	0.4808	0.4746	0.3654	0.3868	0.3109	0.2308	0.2308	0.1923	0.579125
0.463	0.4646	0.481	0.325	0.2772	0.3693	0.3279	0.2459	0.1967	1.47601
0.4599	0.4472	0.4622	0.3827	0.3161	0.3373	0.5909	0.5	0.3636	0.249114
0.4286	0.4182	0.4566	0.3588	0.2453	0.3952	1.2069	0.6552	0.7931	0.827831
0.4654	0.46	0.4745	0.3953	0.3	0.3	0.5526	0.3158	0.1842	-0.0574535
0.448	0.4443	0.4389	0.3617	0.2954	0.1868	0.7045	0.4773	0.3636	0.752092
0.4632	0.4597	0.4593	0.3852	0.1625	0.2858	0.5349	0.2093	0.3023	0.186498
0.4615	0.4579	0.4639	0.3302	0.2263	0.2947	0.3559	0.2542	0.2712	1.38334
0.4685	0.4653	0.4739	0.3609	0.3173	0.2944	0.3421	0.2895	0.1842	0.681785
0.4503	0.4487	0.4542	0.3383	0.2796	0.2485	0.5349	0.3953	0.3023	1.23215
0.4404	0.4489	0.4358	0.3464	0.3587	0.2927	0.7576	0.6667	0.5758	1.07249
0.4134	0.4121	0.4161	0.2803	0.24	0.2776	0.8571	0.7143	0.8	2.41202
0.4537	0.4497	0.4921	0.3321	0.2632	0.4708	0.4615	0.359	0.3846	1.31569
0.4616	0.4518	0.4685	0.4092	0.2679	0.3744	0.8077	0.3462	0.3846	-0.397036
0.4825	0.4805	0.4809	0.3768	0.398	0.2993	0.1887	0.2642	0.1321	0.332632
0.4819	0.4878	0.4911	0.4082	0.343	0.4188	0.2712	0.1	0.1333	-0.358919
0.4845	0.4924	0.4918	0.4347	0.4244	0.3908	0.3333	0.1212	0.0909	-0.94389
0.4832	0.4823	0.4989	0.4044	0.3701	0.4883	0.2364	0.1818	0.1091	-0.257807
0.4513	0.4702	0.462	0.3077	0.3913	0.3353	0.4255	0.4255	0.3617	1.80836
0.4523	0.4491	0.4506	0.3553	0.2818	0.2564	0.5789	0.3947	0.3421	0.863792
0.4709	0.4724	0.47	0.412	0.3678	0.3451	0.5429	0.3056	0.2857	-0.462054
0.4546	0.4487	0.4499	0.3395	0.3424	0.3097	0.4737	0.5789	0.4474	1.16743
0.4428	0.4448	0.4457	0.2912	0.3006	0.2396	0.4848	0.4848	0.3636	2.03641
0.4643	0.462	0.4784	0.3774	0.3532	0.4021	0.4706	0.4118	0.3137	0.370852
0.4505	0.4424	0.4401	0.3416	0.2763	0.301	0.5455	0.4545	0.5455	1.1237
0.4559	0.4525	0.4526	0.3733	0.3179	0.3181	0.6154	0.4359	0.4359	0.465988
0.4728	0.47	0.4844	0.3959	0.3628	0.4368	0.3953	0.3256	0.3488	-0.0689121
0.4437	0.4402	0.449	0.359	0.2968	0.3323	0.7812	0.5312	0.5312	0.795388
0.4512	0.4509	0.4623	0.3702	0.3056	0.3727	0.697	0.4242	0.4848	0.535317
0.467	0.4656	0.4899	0.398	0.2408	0.4551	0.5349	0.2093	0.3023	-0.12489
0.4616	0.464	0.4667	0.2165	0.2667	0.2104	0.2222	0.2407	0.1852	2.98612
0.4651	0.4631	0.4632	0.354	0.2563	0.2264	0.3696	0.2391	0.2174	0.858544
0.4565	0.4508	0.4565	0.3451	0.2298	0.323	0.4667	0.3111	0.4	1.07628
0.461	0.4611	0.4775	0.3662	0.2197	0.3918	0.4773	0.2273	0.2955	0.619679
0.4793	0.4785	0.471	0.424	0.3071	0.3492	0.4062	0.1562	0.2812	-0.716536
0.4567	0.4608	0.4824	0.3839	0.3805	0.4367	0.6765	0.5588	0.4118	0.215477
0.4724	0.4752	0.4744	0.3822	0.2009	0.3477	0.3478	0.1304	0.2391	0.243023
0.4317	0.4216	0.4497	0.3156	0.2635	0.3613	0.7333	0.6667	0.6667	1.6814
0.4333	0.4231	0.4483	0.3568	0.257	0.3555	1.0286	0.6286	0.6571	0.877245
0.4569	0.4559	0.4547	0.3208	0.3041	0.2131	0.3902	0.3659	0.2683	1.50599
0.4583	0.4483	0.4621	0.3811	0.2699	0.344	0.6176	0.3824	0.3824	0.278354
0.4715	0.4651	0.4742	0.39	0.3518	0.4116	0.3939	0.3636	0.4545	0.065734
0.4554	0.4495	0.4575	0.3076	0.1809	0.2989	0.3774	0.283	0.3396	1.81078
0.4567	0.4477	0.4787	0.3766	0.314	0.4121	0.6216	0.4865	0.3514	0.387874
0.4622	0.4598	0.4819	0.3921	0.3368	0.4324	0.6061	0.3939	0.3939	0.0200393
0.4657	0.4603	0.4767	0.3686	0.288	0.3948	0.4091	0.2955	0.3182	0.551869
0.4541	0.4457	0.4761	0.372	0.2567	0.4185	0.6452	0.3871	0.4516	0.483661
0.4645	0.4614	0.463	0.3836	0.2879	0.3452	0.5	0.2857	0.375	0.227722
0.4456	0.4325	0.4528	0.2936	0.2079	0.3268	0.4583	0.4375	0.4583	2.09153
0.4773	0.4797	0.4841	0.4046	0.3615	0.3848	0.3455	0.2	0.1818	-0.28059
0.4557	0.453	0.4824	0.3742	0.3081	0.4394	0.625	0.4062	0.4375	0.436118
0.4399	0.4313	0.4471	0.3211	0.2819	0.2574	0.625	0.6	0.375	1.59864
0.4326	0.4319	0.428	0.2838	0.2811	0.2302	0.5897	0.5897	0.5128	2.27874
0.4474	0.4384	0.4386	0.359	0.2658	0.197	0.7	0.475	0.375	0.806084
0.4557	0.4478	0.4548	0.3694	0.2052	0.3027	0.5938	0.3125	0.375	0.538604
0.4352	0.4317	0.4263	0.3435	0.2638	0.2628	0.8485	0.5455	0.6061	1.14936
0.4648	0.4664	0.4674	0.3622	0.3244	0.3519	0.4	0.2889	0.3333	0.692176
0.4743	0.4733	0.4799	0.4121	0.2848	0.3977	0.4545	0.1818	0.2727	-0.447001
0.4596	0.4597	0.4795	0.333	0.3237	0.4023	0.3864	0.3636	0.2955	1.28481
0.4528	0.4729	0.4877	0.3223	0.3948	0.4064	0.4444	0.3889	0.1667	1.56677
0.4616	0.4543	0.4726	0.3406	0.2252	0.3475	0.38	0.28	0.26	1.15276
0.45	0.448	0.487	0.3533	0.2535	0.4565	0.6111	0.3611	0.4444	0.907859
0.4617	0.4662	0.4843	0.354	0.3305	0.4361	0.4186	0.3023	0.3488	0.867932
0.4739	0.4652	0.4922	0.4131	0.2712	0.4645	0.4706	0.2353	0.2941	-0.476528
0.4703	0.4699	0.4866	0.3767	0.3375	0.4383	0.3636	0.2727	0.2955	0.36557
0.4681	0.4694	0.4955	0.3825	0.3191	0.4773	0.425	0.25	0.25	0.238096
0.4648	0.4607	0.4855	0.3889	0.3342	0.4474	0.525	0.375	0.4	0.0965854
0.4723	0.4821	0.4965	0.4181	0.385	0.4775	0.5581	0.2093	0.186	-0.634022
0.4494	0.4366	0.4976	0.3705	0.1318	0.4786	0.7429	0.3429	0.1282	0.537158
0.4656	0.4717	0.4833	0.3919	0.368	0.4136	0.5263	0.3158	0.2632	0.0254901
0.4754	0.4754	0.4775	0.3854	0.3253	0.3673	0.3091	0.2	0.2364	0.173252
0.4656	0.4645	0.4701	0.3966	0.3323	0.3537	0.5581	0.3256	0.3023	-0.0889289
0.4588	0.4631	0.4668	0.3071	0.3211	0.3517	0.3404	0.3191	0.3404	1.75894
0.4585	0.4617	0.462	0.3756	0.3558	0.2257	0.575	0.425	0.225	0.410279
0.4591	0.4532	0.4538	0.3357	0.3064	0.3267	0.4	0.4	0.4444	1.24413
0.4686	0.4663	0.4832	0.3884	0.3234	0.409	0.4423	0.2885	0.25	0.109758
0.4713	0.4713	0.4899	0.3903	0.3503	0.4547	0.4	0.28	0.3	0.0618289
0.4601	0.4676	0.4626	0.3637	0.3725	0.35	0.4821	0.3929	0.3929	0.696363
0.4302	0.4416	0.4329	0.2836	0.3335	0.2575	0.6207	0.6552	0.5172	2.2049
0.4334	0.4261	0.4522	0.3035	0.2761	0.3489	0.65	0.65	0.55	1.95063
0.4694	0.4711	0.4947	0.4033	0.3956	0.4676	0.5143	0.4286	0.2	-0.245907
0.4721	0.4752	0.4815	0.4032	0.3832	0.3882	0.449	0.3061	0.2245	-0.249733
0.4708	0.4812	0.4766	0.4026	0.3973	0.2108	0.475	0.25	0.125	-0.232179
0.4779	0.477	0.4805	0.4219	0.4	0.3972	0.4286	0.3333	0.2619	-0.702772
0.4401	0.445	0.4567	0.3286	0.3149	0.278	0.6579	0.5263	0.3158	1.44662
0.4402	0.4362	0.4433	0.3105	0.2608	0.2505	0.5778	0.4889	0.4	1.81631
0.4566	0.4537	0.4618	0.3089	0.2481	0.3173	0.3673	0.3061	0.3265	1.75814
0.4549	0.4537	0.4581	0.3262	0.2707	0.2632	0.4286	0.3333	0.2857	1.43065
0.4799	0.4827	0.482	0.4322	0.4266	0.3551	0.4524	0.3333	0.1667	-0.974327
0.4815	0.4834	0.4891	0.433	0.3922	0.4112	0.4103	0.2051	0.1538	-0.969458
0.4487	0.451	0.4714	0.3823	0.3465	0.399	0.8824	0.5588	0.4412	0.26098
0.4376	0.4339	0.4368	0.316	0.2871	0.2691	0.6389	0.5833	0.5	1.68266
0.457	0.4499	0.4604	0.3505	0.2869	0.3325	0.4792	0.3958	0.375	0.972682
0.4682	0.4617	0.4632	0.3871	0.3443	0.3138	0.4444	0.3889	0.3056	0.132731
0.4615	0.4489	0.4784	0.4096	0.3277	0.423	0.8182	0.5152	0.4242	-0.421449
0.4667	0.4677	0.4666	0.3366	0.3287	0.2452	0.3077	0.2821	0.2051	1.14228
0.4904	0.493	0.4928	0.4447	0.4001	0.4539	0.2222	0.0833	0.1944	-1.10044
0.4584	0.4582	0.4567	0.3752	0.3246	0.3065	0.5745	0.383	0.3617	0.427455
0.4604	0.468	0.4724	0.309	0.3343	0.3402	0.3269	0.2885	0.25	1.7415
0.4817	0.483	0.4975	0.3429	0.1968	0.4779	0.1571	0.0857	0.1286	1.00372
0.4463	0.4386	0.4969	0.3544	0.255	0.4778	0.6905	0.4524	0.1667	0.911899
0.4761	0.4762	0.4698	0.388	0.3686	0.3391	0.3061	0.2553	0.2766	0.110921
0.4715	0.4692	0.4805	0.4115	0.34	0.3878	0.5238	0.2857	0.2381	-0.458353
0.461	0.4525	0.4477	0.3757	0.2321	0.1421	0.525	0.3	0.275	0.404809
0.4366	0.4338	0.4301	0.3185	0.3169	0.244	0.6667	0.7037	0.5185	1.57857
0.4415	0.4363	0.4458	0.3497	0.2978	0.347	0.7586	0.5862	0.6552	0.98386
0.4292	0.4415	0.4328	0.3025	0.3424	0.2566	0.7097	0.7097	0.5161	1.9299
0.4603	0.4566	0.4879	0.3681	0.3308	0.4578	0.5	0.4194	0.4194	0.546683
0.4583	0.4595	0.4621	0.3608	0.2968	0.296	0.5	0.3158	0.2895	0.727503
0.4611	0.459	0.461	0.3494	0.2452	0.3126	0.413	0.2609	0.3261	0.970825
0.4758	0.474	0.4938	0.382	0.3537	0.4641	0.2941	0.2549	0.2157	0.245432
0.465	0.46	0.4561	0.4192	0.3596	0.3596	0.8333	0.4667	0.5333	-0.664833
0.4639	0.4694	0.4751	0.3653	0.3224	0.3856	0.4259	0.2545	0.3148	0.646134
0.4758	0.4715	0.4928	0.4023	0.3298	0.4651	0.3659	0.2439	0.2683	-0.215997
0.459	0.4684	0.4654	0.3635	0.3928	0.3365	0.5	0.4706	0.3235	0.657059
0.4766	0.4791	0.4828	0.3514	0.3608	0.3438	0.2206	0.2059	0.1471	0.895409
0.4518	0.4519	0.4471	0.3485	0.294	0.2951	0.5556	0.3889	0.4444	0.99846
0.4674	0.4616	0.4609	0.3859	0.2553	0.2731	0.4545	0.25	0.2727	0.164789
0.4316	0.4329	0.4972	0.2302	0.238	0.49	0.4783	0.4783	0.3913	3.11106
0.4548	0.4588	0.498	0.3674	0.2582	0.49	0.6	0.275	0.25	0.601971
0.4716	0.4693	0.4789	0.3492	0.229	0.3356	0.2742	0.1774	0.1774	0.959547
0.4893	0.4939	0.4942	0.4233	0.439	0.4499	0.1765	0.1176	0.1373	-0.647574
0.4621	0.462	0.4569	0.3703	0.343	0.3169	0.4762	0.381	0.381	0.523937
0.473	0.4741	0.4674	0.37	0.337	0.264	0.303	0.2273	0.2121	0.529236
0.4423	0.4275	0.4367	0.3324	0.2007	0.2983	0.6389	0.4722	0.5833	1.35397
0.4618	0.4546	0.4622	0.2641	0.2713	0.331	0.2558	0.3256	0.3488	2.31007
0.4795	0.4734	0.4942	0.4069	0.3335	0.4681	0.3125	0.2292	0.2292	-0.322718
0.457	0.4628	0.4713	0.3435	0.3094	0.3492	0.4528	0.3019	0.2778	1.12987
0.4759	0.4711	0.4826	0.3933	0.3341	0.3587	0.3273	0.2545	0.1636	-0.00786592
0.4363	0.4297	0.446	0.3365	0.2228	0.316	0.7742	0.4839	0.5161	1.27671
0.4545	0.448	0.4472	0.3644	0.2981	0.3063	0.5882	0.4412	0.4706	0.654302
0.4425	0.4348	0.4426	0.3452	0.244	0.3061	0.7059	0.4706	0.5294	1.09381
0.4567	0.4639	0.4483	0.364	0.333	0.2571	0.5455	0.3333	0.3636	0.652254
0.4708	0.4738	0.4976	0.424	0.4098	0.4851	0.6774	0.4516	0.1935	-0.774076
0.475	0.4705	0.4719	0.3581	0.3268	0.3722	0.25	0.25	0.325	0.699439
0.4544	0.4551	0.4757	0.2961	0.2461	0.4017	0.3659	0.2927	0.3659	1.93097
0.4621	0.4616	0.4907	0.3865	0.2791	0.4601	0.5682	0.2727	0.3182	0.157001
0.4588	0.4509	0.4573	0.3599	0.2267	0.3205	0.4872	0.3077	0.3846	0.747754
0.435	0.432	0.4889	0.2752	0.188	0.4576	0.5349	0.4186	0.3721	2.42793
0.4603	0.4593	0.4607	0.3551	0.3062	0.2407	0.4444	0.3333	0.2444	0.855831
0.4496	0.4447	0.4556	0.3396	0.2448	0.336	0.5517	0.3793	0.4483	1.14292
0.4528	0.4531	0.462	0.3698	0.3403	0.3629	0.6579	0.5	0.4474	0.548962
0.4511	0.4493	0.4514	0.3172	0.2588	0.2724	0.4524	0.3571	0.3571	1.61583
0.466	0.4604	0.4607	0.406	0.3401	0.3492	0.6279	0.3953	0.4186	-0.327308
0.4716	0.4697	0.4746	0.4089	0.3415	0.3335	0.5	0.2826	0.2174	-0.394823
0.4679	0.4642	0.4709	0.3864	0.3664	0.2981	0.4468	0.4255	0.2128	0.155965
0.469	0.4674	0.4738	0.3769	0.3209	0.3353	0.3864	0.2727	0.2273	0.364828
0.4581	0.4558	0.4656	0.3505	0.3033	0.3548	0.4615	0.3654	0.3654	0.979542
0.4469	0.4392	0.4387	0.3581	0.2619	0.2435	0.7027	0.4595	0.4324	0.819539
0.4484	0.4455	0.4537	0.2933	0.1632	0.2821	0.425	0.3	0.35	2.01982
0.4806	0.4833	0.4876	0.4216	0.3963	0.4052	0.3571	0.2143	0.1667	-0.677234
0.454	0.4542	0.4917	0.3705	0.3319	0.4631	0.6364	0.4545	0.303	0.523132
0.4412	0.4431	0.4368	0.3677	0.3238	0.2422	0.931	0.5862	0.4483	0.603037
0.4775	0.4781	0.4854	0.4191	0.362	0.4126	0.42	0.22	0.22	-0.648348
0.4826	0.4944	0.4928	0.3654	0.4562	0.4079	0.1719	0.1538	0.0938	0.569844
0.4407	0.4432	0.4827	0.3031	0.2458	0.4314	0.5455	0.3939	0.3636	1.86366
0.4544	0.4641	0.4635	0.3457	0.3457	0.3609	0.5	0.3611	0.4167	1.03938
0.4485	0.4427	0.441	0.3706	0.3229	0.3163	0.7647	0.5882	0.5882	0.534989
0.4669	0.4652	0.4722	0.3772	0.3296	0.3769	0.4222	0.3111	0.3333	0.364102
0.4694	0.4741	0.4681	0.4073	0.3681	0.3312	0.5435	0.2826	0.2826	-0.358422
0.4371	0.436	0.4376	0.2706	0.2813	0.2812	0.5	0.54	0.52	2.53134
0.4611	0.459	0.4554	0.354	0.3635	0.2967	0.4286	0.5	0.3571	0.808042
0.4686	0.4564	0.4953	0.402	0.2497	0.4821	0.5238	0.2857	0.3571	-0.221703
0.4631	0.4665	0.47	0.3206	0.2964	0.3233	0.3182	0.25	0.25	1.47603
0.4619	0.4575	0.4918	0.3902	0.3708	0.4662	0.6	0.5667	0.3333	0.0641923
0.4565	0.4579	0.481	0.3455	0.3155	0.4249	0.4667	0.3667	0.3667	1.00151
0.4688	0.4644	0.4708	0.3927	0.3226	0.3779	0.4615	0.3077	0.359	0.00588312
0.4488	0.4413	0.4579	0.3516	0.2378	0.3531	0.625	0.4	0.475	0.958882
0.4225	0.4266	0.4432	0.2543	0.2383	0.3125	0.6286	0.5429	0.5429	2.75225
0.441	0.4307	0.4467	0.3492	0.2524	0.3534	0.7647	0.5294	0.6765	1.01699
0.4657	0.4705	0.4719	0.3719	0.3169	0.2727	0.4211	0.2368	0.1842	0.470741
0.4403	0.4377	0.4506	0.3105	0.2081	0.3642	0.5758	0.3939	0.6667	1.74351
0.4727	0.4733	0.4885	0.4221	0.3207	0.4311	0.5854	0.2143	0.2143	-0.73769
0.4654	0.4638	0.4868	0.3812	0.3251	0.4483	0.4681	0.3191	0.3617	0.277814
0.4476	0.4378	0.4673	0.3264	0.26	0.3761	0.5294	0.4706	0.4118	1.42601
0.4551	0.447	0.4841	0.3698	0.2676	0.4352	0.6087	0.3913	0.3478	0.55757
0.4654	0.4626	0.4677	0.3781	0.2591	0.3288	0.4528	0.2453	0.283	0.355729
0.4655	0.4667	0.4655	0.4007	0.3611	0.1889	0.5946	0.3684	0.1842	-0.190187
0.4623	0.4628	0.4892	0.3278	0.2879	0.4472	0.3409	0.2727	0.2727	1.35858
0.4686	0.4682	0.4702	0.3789	0.3356	0.3205	0.4	0.2889	0.2444	0.322608
0.4832	0.4809	0.4872	0.3792	0.341	0.4253	0.1837	0.1633	0.2245	0.276768
0.4437	0.4462	0.4495	0.3316	0.2614	0.3336	0.6111	0.3889	0.5278	1.36331
0.4747	0.4772	0.4923	0.4127	0.3493	0.462	0.4474	0.2105	0.2632	-0.469622
0.4615	0.4699	0.4713	0.4103	0.3469	0.3874	0.8276	0.2903	0.3871	-0.433151
0.4616	0.4594	0.4602	0.3422	0.3139	0.2644	0.3846	0.3462	0.2692	1.12913
0.4607	0.4582	0.4726	0.3725	0.2323	0.3722	0.5143	0.2571	0.3143	0.467221
0.4633	0.4651	0.4725	0.39	0.2916	0.3582	0.5641	0.2564	0.2821	0.0708675
0.4812	0.4783	0.4847	0.4135	0.3561	0.4113	0.3043	0.2083	0.2292	-0.474349
0.4589	0.4567	0.4552	0.3757	0.1621	0.2992	0.5682	0.2273	0.3636	0.413154
0.4658	0.464	0.4749	0.3654	0.2897	0.3283	0.3962	0.2642	0.2075	0.636956
0.4405	0.4423	0.4443	0.3386	0.3211	0.3036	0.7059	0.5882	0.5	1.23238
0.442	0.4356	0.4397	0.3588	0.3178	0.2959	0.8214	0.6786	0.5357	0.790625
0.4537	0.4668	0.4549	0.3591	0.3877	0.2727	0.575	0.475	0.325	0.784186
0.4639	0.466	0.4696	0.3891	0.3917	0.3634	0.5455	0.5152	0.3333	0.08904
0.4503	0.4447	0.4602	0.371	0.2852	0.3556	0.7241	0.4483	0.4483	0.510356
0.4708	0.4725	0.4766	0.3744	0.2938	0.3624	0.3478	0.1957	0.2391	0.416235
0.4477	0.4473	0.4492	0.2932	0.2613	0.3004	0.4324	0.3784	0.4324	2.00312
0.4569	0.4593	0.4734	0.3679	0.2787	0.3684	0.561	0.2927	0.2927	0.587371
0.4669	0.4665	0.4684	0.3833	0.3622	0.2114	0.45	0.375	0.175	0.223383
0.4492	0.4529	0.4657	0.3647	0.3303	0.3427	0.7	0.4667	0.3333	0.653071
0.466	0.464	0.4827	0.3747	0.3214	0.4164	0.4286	0.3095	0.2857	0.418189
0.451	0.4538	0.4536	0.3546	0.2307	0.1578	0.6	0.2889	0.2444	0.900492
0.4458	0.45	0.4551	0.3523	0.3362	0.3618	0.6875	0.5312	0.5625	0.928219
0.4689	0.4743	0.4902	0.3902	0.3353	0.4568	0.4444	0.2222	0.3056	0.0635926
0.4335	0.4317	0.4838	0.3143	0.3016	0.4594	0.697	0.6667	0.697	1.71567
0.4529	0.454	0.467	0.3904	0.3278	0.4125	0.8519	0.4444	0.6667	0.0603863
0.4525	0.4539	0.4695	0.3027	0.2438	0.3686	0.4	0.3	0.35	1.83705
0.4626	0.4576	0.475	0.3336	0.3062	0.3646	0.3509	0.3509	0.2632	1.30431
0.4555	0.4542	0.472	0.3583	0.2539	0.3552	0.5385	0.3077	0.2821	0.792301
0.4693	0.4693	0.4715	0.3432	0.2374	0.3089	0.2909	0.1818	0.2182	1.07104
0.4651	0.4694	0.4682	0.3759	0.3356	0.3275	0.45	0.275	0.275	0.389531
0.4699	0.4669	0.4745	0.3914	0.3561	0.3764	0.4324	0.3514	0.2973	0.035791
0.4529	0.4462	0.4424	0.3796	0.2892	0.2528	0.7353	0.4412	0.4118	0.321992
0.485	0.4859	0.4924	0.3993	0.4062	0.4453	0.1951	0.1951	0.1707	-0.128342
0.4821	0.4816	0.4839	0.3526	0.3853	0.3882	0.1622	0.2162	0.1892	0.706825
0.4765	0.4731	0.483	0.4155	0.3837	0.4119	0.4211	0.3421	0.2632	-0.534143
0.4783	0.4819	0.4771	0.3958	0.2843	0.3177	0.2941	0.1176	0.1765	-0.0646961
0.4776	0.483	0.4988	0.3584	0.3373	0.4883	0.22	0.14	0.1154	0.70802
0.4778	0.48	0.4965	0.4018	0.3871	0.4774	0.3243	0.2432	0.1892	-0.196742
0.467	0.48	0.4807	0.371	0.4252	0.3743	0.3958	0.3958	0.2083	0.503957
0.4517	0.4513	0.478	0.3125	0.3208	0.3952	0.4324	0.4595	0.2973	1.66091
0.4798	0.4822	0.4964	0.3799	0.3453	0.4473	0.2308	0.1538	0.0769	0.261976
0.4392	0.4387	0.4557	0.2848	0.2646	0.3368	0.5102	0.4694	0.449	2.28516
0.4453	0.4439	0.4497	0.3148	0.2481	0.3039	0.5217	0.3913	0.4348	1.7162
0.4444	0.4676	0.4908	0.3274	0.3007	0.4746	0.5814	0.2444	0.5814	1.47069
0.4474	0.4425	0.4472	0.3522	0.3283	0.2859	0.6538	0.6154	0.4231	0.896964
0.4514	0.4505	0.4482	0.395	0.3493	0.341	0.9677	0.5806	0.5806	-0.0531898
0.4439	0.433	0.4376	0.316	0.2783	0.2623	0.5455	0.5682	0.4773	1.69216
0.4692	0.4742	0.463	0.4056	0.3889	0.3318	0.5366	0.3415	0.3415	-0.309697
0.4661	0.4589	0.448	0.4026	0.326	0.221	0.5946	0.3784	0.3243	-0.236624
0.4378	0.4379	0.4855	0.3301	0.2743	0.4535	0.7045	0.5	0.4773	1.45017
0.4163	0.4254	0.4234	0.2479	0.2665	0.2899	0.6857	0.6286	0.7429	2.88304
0.4588	0.4572	0.4749	0.3573	0.2649	0.3776	0.4773	0.2955	0.2955	0.813934
0.4547	0.4462	0.4556	0.3435	0.2761	0.3027	0.4878	0.4146	0.3659	1.10187
0.4578	0.4554	0.4554	0.395	0.282	0.2824	0.7556	0.3333	0.3333	-0.0530452
0.4573	0.4556	0.4562	0.3538	0.2988	0.1637	0.4872	0.359	0.2308	0.878749
0.4302	0.4164	0.4844	0.3609	0.2273	0.4614	1.1852	0.6296	0.7037	0.773141
0.4498	0.4461	0.4489	0.3725	0.3427	0.3321	0.75	0.625	0.5312	0.486024
0.4476	0.4379	0.4472	0.3594	0.3092	0.3113	0.697	0.6061	0.4848	0.778685
0.4548	0.4479	0.4449	0.3682	0.2876	0.2575	0.6047	0.4186	0.3953	0.590406
0.4679	0.459	0.4604	0.3791	0.3318	0.2946	0.413	0.3913	0.3043	0.321545
0.4474	0.4532	0.4455	0.3465	0.3733	0.3131	0.6216	0.6757	0.5135	1.06029
0.4602	0.4593	0.4655	0.3392	0.2498	0.3636	0.3947	0.2632	0.3947	1.13934
0.471	0.4709	0.4753	0.3814	0.3199	0.3666	0.3684	0.2368	0.2632	0.256328
0.4527	0.4842	0.4946	0.2858	0.441	0.4806	0.3659	0.3902	0.3902	2.10427
0.4515	0.4355	0.4554	0.3787	0.2952	0.3494	0.7647	0.5882	0.5	0.34296
0.4653	0.4602	0.4538	0.3983	0.3621	0.2886	0.5789	0.4737	0.359	-0.131477
0.4503	0.4529	0.4864	0.3719	0.294	0.4432	0.7333	0.3778	0.3333	0.516276
0.4499	0.4496	0.4469	0.3308	0.2873	0.2944	0.5111	0.4	0.4444	1.38791
0.4576	0.4617	0.4661	0.395	0.2848	0.2984	0.7619	0.2791	0.2558	-0.0520114
0.4404	0.4376	0.4485	0.359	0.28	0.3266	0.8621	0.5172	0.5172	0.795388
0.4673	0.4622	0.4637	0.4127	0.3372	0.3241	0.6591	0.3636	0.3182	-0.506252
0.4587	0.4636	0.4801	0.3579	0.2825	0.4002	0.4815	0.2593	0.2778	0.824599
0.4706	0.4725	0.4812	0.3365	0.3104	0.3797	0.2632	0.2105	0.2105	1.19184
0.4815	0.4829	0.4841	0.3977	0.406	0.3682	0.2456	0.2456	0.1579	-0.106865
0.474	0.4804	0.4915	0.3858	0.3608	0.4373	0.3333	0.1905	0.1667	0.158074
0.468	0.4652	0.4838	0.3808	0.3549	0.4303	0.4186	0.3721	0.3256	0.280864
0.4824	0.4737	0.4889	0.4418	0.3253	0.414	0.4595	0.2162	0.1622	-1.20637
0.456	0.4575	0.4612	0.3147	0.3123	0.2755	0.3864	0.3636	0.2727	1.63667
0.4442	0.4431	0.4464	0.3232	0.2532	0.298	0.5676	0.4054	0.4595	1.52199
0.4484	0.4537	0.4718	0.341	0.2981	0.3971	0.5778	0.3778	0.4222	1.19348
0.4639	0.465	0.4945	0.3744	0.3004	0.4704	0.4634	0.2683	0.2326	0.426594
0.4563	0.4552	0.4728	0.3778	0.3401	0.3876	0.6383	0.4681	0.3617	0.371078
0.4514	0.4509	0.4487	0.3449	0.2984	0.2424	0.5455	0.4091	0.3409	1.10027
0.4711	0.4677	0.4859	0.3993	0.3018	0.4285	0.449	0.2449	0.2653	-0.155742
0.4623	0.4578	0.4606	0.371	0.2	0.1886	0.4762	0.2381	0.2143	0.507433
0.4555	0.4565	0.4626	0.2461	0.3088	0.3296	0.2895	0.3684	0.3421	2.56087
0.4373	0.4344	0.429	0.308	0.297	0.2041	0.6098	0.6098	0.4634	1.85579
0.4685	0.4618	0.4602	0.3643	0.3108	0.3211	0.3519	0.3148	0.3519	0.651089
0.477	0.4811	0.4815	0.4155	0.3553	0.3734	0.4082	0.1765	0.1961	-0.551842
0.4591	0.46	0.4654	0.3693	0.3108	0.2884	0.5278	0.3333	0.25	0.540819
0.4653	0.466	0.4665	0.3703	0.2631	0.2685	0.4222	0.2222	0.2222	0.518829
0.4608	0.455	0.4781	0.3749	0.3043	0.3965	0.525	0.375	0.3	0.422376
0.4776	0.469	0.4898	0.4144	0.3486	0.4579	0.3889	0.3056	0.3333	-0.495388
0.4486	0.4484	0.4463	0.3185	0.2919	0.2543	0.4889	0.4222	0.3778	1.62381
0.4477	0.4425	0.4389	0.3695	0.3353	0.255	0.775	0.65	0.45	0.569385
0.4469	0.4505	0.4503	0.3627	0.3219	0.3425	0.7368	0.4737	0.5526	0.722156
0.459	0.4515	0.4811	0.3479	0.2788	0.4253	0.439	0.3659	0.3659	0.99482
0.461	0.4643	0.4741	0.3596	0.3435	0.3917	0.451	0.3529	0.3529	0.773319
0.4691	0.469	0.4777	0.3926	0.1764	0.3291	0.4545	0.1591	0.1818	0.00716936
0.4569	0.4606	0.4628	0.3307	0.3181	0.3497	0.4146	0.3415	0.3902	1.33053
0.4836	0.4894	0.491	0.3979	0.4301	0.4408	0.2128	0.1915	0.1915	-0.105022
0.467	0.4657	0.4656	0.4155	0.3247	0.2828	0.7027	0.2973	0.2432	-0.571768
0.4642	0.4645	0.4731	0.3238	0.2578	0.3453	0.3125	0.2292	0.25	1.43442
0.4476	0.4456	0.4511	0.3219	0.2281	0.3199	0.5135	0.3514	0.4595	1.52645
0.474	0.4662	0.4984	0.3856	0.3628	0.4802	0.3333	0.381	0.0909	0.162772
0.4487	0.4451	0.4486	0.3359	0.2236	0.2818	0.55	0.35	0.4	1.27573
0.4642	0.4604	0.4546	0.3644	0.2696	0.2183	0.4182	0.2727	0.2727	0.666258
0.4724	0.4685	0.4706	0.4049	0.328	0.3569	0.4545	0.2727	0.303	-0.27756
0.4554	0.4553	0.4943	0.3714	0.3112	0.4805	0.6129	0.3871	0.4194	0.495572
0.4696	0.464	0.4672	0.3984	0.3462	0.3193	0.4773	0.3636	0.2727	-0.131932
0.4515	0.4477	0.4466	0.3607	0.2854	0.2378	0.625	0.4167	0.3542	0.772434
0.4623	0.464	0.4626	0.3584	0.3428	0.1488	0.4255	0.3542	0.1875	0.78497
0.4669	0.4688	0.4752	0.3854	0.3192	0.3741	0.4615	0.2564	0.2821	0.17435
0.4591	0.4558	0.4588	0.3831	0.2683	0.2887	0.6136	0.3111	0.3111	0.241036
0.4476	0.4381	0.4967	0.3389	0.2817	0.4893	0.5806	0.5161	0.4516	1.17952
0.4623	0.463	0.4585	0.3818	0.3538	0.324	0.5333	0.4	0.3778	0.267185
0.4575	0.4619	0.4612	0.3578	0.3081	0.3039	0.5	0.3095	0.3095	0.803335
0.4701	0.466	0.478	0.3832	0.2871	0.3853	0.3902	0.2439	0.2683	0.221989
0.4802	0.475	0.4831	0.3494	0.2989	0.4098	0.1791	0.1791	0.2537	0.898313
0.4676	0.4698	0.4818	0.3757	0.3785	0.4206	0.4054	0.3784	0.3243	0.382259
0.4607	0.4629	0.4588	0.3747	0.3086	0.3342	0.525	0.3	0.4	0.42586
0.4648	0.4642	0.4909	0.3583	0.311	0.458	0.3871	0.2903	0.2903	0.721706
0.4608	0.4539	0.4643	0.3208	0.2977	0.3831	0.3438	0.375	0.5	1.40461
0.4516	0.4525	0.4483	0.3307	0.3348	0.2745	0.4878	0.4878	0.3902	1.36276
0.465	0.4664	0.4982	0.3675	0.3087	0.489	0.4167	0.2653	0.1961	0.586621
0.4813	0.475	0.4882	0.4351	0.3178	0.3619	0.4348	0.1957	0.1087	-1.05756
0.4684	0.4696	0.4709	0.3485	0.3035	0.3136	0.3125	0.2292	0.2292	0.952726
0.4445	0.4431	0.4693	0.3002	0.2462	0.3808	0.4884	0.3953	0.3953	1.95957
0.4743	0.4829	0.4789	0.4092	0.4384	0.3855	0.4359	0.4103	0.2564	-0.384612
0.4407	0.4446	0.4537	0.3391	0.3479	0.3028	0.7045	0.6818	0.3864	1.25778
0.463	0.4613	0.4773	0.3704	0.2845	0.4016	0.4615	0.2821	0.3333	0.513273
0.4515	0.4522	0.4538	0.3339	0.3248	0.2888	0.5	0.46	0.36	1.33825
0.4347	0.4445	0.4349	0.2521	0.2888	0.1685	0.4865	0.4595	0.3784	2.70815
0.4766	0.4753	0.4751	0.4016	0.3485	0.368	0.3462	0.2308	0.2692	-0.205819
0.4418	0.4357	0.4569	0.3288	0.27	0.3695	0.6286	0.5143	0.5714	1.42034
0.4243	0.4164	0.4166	0.3344	0.2561	0.1876	1.0263	0.7105	0.5526	1.38756
0.4507	0.4523	0.4783	0.2416	0.3186	0.4316	0.3235	0.4412	0.5	2.62041
0.4566	0.4627	0.4533	0.3659	0.3261	0.1962	0.5556	0.3333	0.2667	0.64
0.4703	0.4699	0.4689	0.3872	0.3502	0.2798	0.4043	0.2979	0.2128	0.133753
0.4647	0.4538	0.4918	0.3767	0.2836	0.4038	0.4595	0.3514	0.1026	0.369174
0.4221	0.4106	0.4113	0.3362	0.279	0.2675	1.1034	0.8966	0.8276	1.32474
0.4409	0.4415	0.4544	0.3025	0.2223	0.315	0.5405	0.3784	0.4054	1.9042
0.4806	0.4806	0.4639	0.4303	0.391	0.3465	0.4146	0.2439	0.3659	-0.908056
0.4466	0.448	0.4542	0.3424	0.2691	0.3045	0.6154	0.3846	0.3846	1.15159
0.4447	0.45	0.4422	0.3612	0.358	0.2943	0.7778	0.6389	0.5	0.75487
0.4293	0.4158	0.4358	0.3329	0.1699	0.3017	0.8929	0.5357	0.6071	1.35932
0.4436	0.4528	0.474	0.315	0.3392	0.4034	0.5455	0.5	0.4091	1.71206
0.4455	0.4458	0.4426	0.3323	0.3277	0.3004	0.5854	0.561	0.5122	1.36487
0.4486	0.4418	0.4851	0.3673	0.2805	0.4358	0.7353	0.4706	0.3235	0.607077
0.4501	0.4553	0.4953	0.3685	0.3597	0.4819	0.7097	0.5484	0.3548	0.570664
0.4677	0.4711	0.4815	0.3691	0.357	0.4192	0.3784	0.2973	0.3243	0.520042
0.455	0.4545	0.4605	0.3367	0.2461	0.2908	0.4595	0.2973	0.2973	1.21162
0.4633	0.4558	0.4657	0.396	0.3013	0.3294	0.6111	0.3611	0.3056	-0.0736049
0.4661	0.4562	0.4746	0.3895	0.3048	0.3143	0.5	0.3636	0.1957	0.0827209
0.4491	0.4376	0.4775	0.3735	0.284	0.4288	0.7778	0.5278	0.5	0.47037
0.4755	0.4801	0.4881	0.4164	0.3732	0.4344	0.4524	0.2143	0.2381	-0.571849
0.4398	0.4359	0.4482	0.3295	0.2257	0.3031	0.6667	0.4314	0.451	1.47623
0.4573	0.4577	0.4556	0.3539	0.314	0.3408	0.4878	0.3659	0.4634	0.882025
0.4628	0.4669	0.4859	0.3837	0.3458	0.4119	0.5349	0.3256	0.2093	0.221246
0.4637	0.4519	0.4632	0.3958	0.2995	0.3247	0.6	0.4	0.325	-0.069669
0.4748	0.4666	0.4711	0.4052	0.3629	0.3834	0.4	0.375	0.375	-0.285757
0.4756	0.4711	0.4738	0.4149	0.2852	0.11	0.44	0.2	0.12	-0.544116
0.4721	0.4705	0.4697	0.392	0.3338	0.3288	0.3913	0.2609	0.2609	0.0226139
0.4536	0.4384	0.4596	0.3811	0.2579	0.3683	0.7297	0.4595	0.5135	0.288806
0.4739	0.4751	0.4767	0.3873	0.355	0.3067	0.3415	0.2439	0.1707	0.126003
0.4747	0.4769	0.4867	0.4036	0.3609	0.4177	0.3953	0.2326	0.2093	-0.251622
0.4465	0.4447	0.4839	0.3424	0.2475	0.4425	0.6176	0.3824	0.4118	1.13188
0.4546	0.4616	0.4539	0.3802	0.3199	0.2112	0.697	0.3333	0.2727	0.302816
0.4593	0.4576	0.4872	0.3857	0.3016	0.4599	0.6286	0.3429	0.4857	0.173086
0.4557	0.4602	0.4848	0.3687	0.2873	0.4243	0.5909	0.2955	0.2727	0.57884
0.4502	0.4586	0.4593	0.3486	0.262	0.2469	0.5833	0.28	0.26	1.03745
0.4516	0.4591	0.4496	0.3708	0.3836	0.279	0.6923	0.6154	0.3846	0.53115
0.4619	0.4597	0.46	0.3766	0.3422	0.2944	0.5128	0.4103	0.3077	0.380853
0.4713	0.476	0.4792	0.4044	0.2248	0.3393	0.4762	0.1333	0.1778	-0.276879
0.4715	0.4638	0.4872	0.4238	0.341	0.4546	0.6471	0.3529	0.4118	-0.772957
0.4667	0.4683	0.4639	0.374	0.3439	0.3292	0.413	0.3043	0.3261	0.435295
0.471	0.4746	0.4743	0.4206	0.3185	0.381	0.6286	0.2	0.3143	-0.691377
0.4636	0.4641	0.4655	0.3376	0.1636	0.2843	0.3469	0.1837	0.2449	1.19406
0.4139	0.411	0.434	0.284	0.2695	0.3075	0.8684	0.8421	0.6579	2.36934
0.422	0.4152	0.4327	0.2851	0.2523	0.2875	0.7429	0.7143	0.6	2.29
0.4444	0.433	0.499	0.3723	0.2948	0.4875	0.8919	0.6216	0.0909	0.507807
0.4631	0.4557	0.4608	0.392	0.3353	0.3639	0.5833	0.4444	0.4722	0.0222518
0.4515	0.4461	0.4893	0.3458	0.2594	0.4545	0.5484	0.3871	0.3226	1.02891
0.4762	0.4755	0.4781	0.4015	0.3336	0.316	0.3542	0.2083	0.1667	-0.202076
0.4711	0.47	0.4867	0.4186	0.3689	0.3813	0.6	0.3429	0.1429	-0.636443
0.4723	0.4741	0.4943	0.4127	0.342	0.4594	0.5106	0.234	0.1702	-0.493645
0.4747	0.4686	0.483	0.411	0.2715	0.4004	0.4375	0.2083	0.2292	-0.442043
0.4566	0.4515	0.4595	0.3087	0.2307	0.274	0.3673	0.3061	0.2857	1.76162
0.4552	0.456	0.4759	0.3186	0.2464	0.3694	0.4048	0.2857	0.2619	1.56365
0.453	0.461	0.4682	0.3275	0.32	0.3685	0.4565	0.3404	0.3696	1.43807
0.4711	0.4711	0.484	0.363	0.3095	0.4041	0.3111	0.2222	0.2222	0.646281
0.4615	0.4644	0.4871	0.3438	0.3644	0.4355	0.3902	0.4146	0.2683	1.05896
0.4602	0.4529	0.4478	0.3794	0.334	0.2469	0.5625	0.4792	0.3542	0.329585
0.4688	0.4623	0.4609	0.3916	0.3488	0.3419	0.4545	0.3939	0.3939	0.0312179
0.4643	0.4616	0.4649	0.3829	0.333	0.3247	0.5	0.3611	0.3056	0.231666
0.4624	0.4622	0.4835	0.3596	0.3127	0.436	0.4286	0.3143	0.3714	0.725195
0.4622	0.4624	0.4755	0.3067	0.3204	0.3666	0.3043	0.3261	0.2609	1.72565
0.4424	0.4424	0.4239	0.3733	0.3442	0.2097	0.963	0.7037	0.5185	0.470177
0.4565	0.4579	0.4854	0.3856	0.3624	0.4338	0.697	0.5152	0.303	0.176838
0.4483	0.4436	0.45	0.3424	0.2794	0.3412	0.5862	0.4483	0.5517	1.09862
0.4676	0.486	0.4918	0.3829	0.4432	0.4637	0.4348	0.3478	0.3043	0.235952
0.4643	0.4643	0.4631	0.3317	0.274	0.3345	0.3265	0.2449	0.3469	1.29912
0.4626	0.458	0.4662	0.369	0.2302	0.3457	0.4615	0.2564	0.3333	0.544415
0.4697	0.469	0.4694	0.3893	0.3338	0.3477	0.4255	0.2766	0.2979	0.0856005
0.4392	0.4343	0.4444	0.3542	0.2906	0.3294	0.8462	0.5897	0.5897	0.929529
0.4809	0.4846	0.4823	0.3728	0.3375	0.3304	0.2031	0.125	0.1406	0.433976
0.4627	0.4538	0.4821	0.3856	0.3037	0.4323	0.5484	0.3871	0.3871	0.168037
0.4474	0.449	0.4723	0.3331	0.2739	0.4026	0.5588	0.3824	0.4412	1.30543
0.4657	0.4721	0.4921	0.3836	0.3379	0.4625	0.475	0.25	0.275	0.217919
0.4715	0.4705	0.4763	0.3914	0.3681	0.3501	0.4	0.3333	0.2222	0.0357003
0.4839	0.4894	0.4985	0.4176	0.3466	0.4891	0.2647	0.0882	0.1618	-0.597253
0.47	0.4665	0.4934	0.3891	0.3439	0.4727	0.4186	0.3256	0.3256	0.0901995
0.4405	0.4358	0.4606	0.3561	0.2997	0.3695	0.8333	0.6	0.5	0.85899
0.468	0.4806	0.4859	0.3986	0.3651	0.4446	0.5143	0.1944	0.3611	-0.132933
0.4415	0.4445	0.4699	0.3183	0.2804	0.4071	0.5882	0.4412	0.5294	1.60653
0.4702	0.4689	0.4845	0.4002	0.3858	0.429	0.475	0.425	0.3	-0.172377
0.4567	0.4561	0.4918	0.344	0.3195	0.4694	0.4583	0.3958	0.375	1.10672
0.4524	0.4522	0.4833	0.3531	0.2174	0.448	0.5676	0.2895	0.5	0.905544
0.4551	0.4385	0.4654	0.4013	0.2297	0.3996	0.931	0.4138	0.5862	-0.208932
0.4526	0.4452	0.4774	0.3265	0.3121	0.4116	0.4595	0.5135	0.3784	1.41171
0.4532	0.4519	0.4563	0.356	0.3022	0.3496	0.5676	0.4054	0.4865	0.843261
0.445	0.4291	0.441	0.3535	0.1923	0.2887	0.7105	0.4474	0.5	0.925658
0.452	0.4382	0.437	0.3706	0.2806	0.2207	0.6829	0.5122	0.4146	0.539295
0.4584	0.4549	0.472	0.3798	0.254	0.387	0.6047	0.3023	0.3721	0.317662
0.4546	0.4524	0.4547	0.3567	0.2831	0.2662	0.5455	0.3636	0.3182	0.843172
0.4451	0.4404	0.4478	0.2879	0.2859	0.3435	0.45	0.5	0.6	2.13251
0.4504	0.4609	0.4598	0.3588	0.3657	0.3	0.6364	0.4773	0.3182	0.809919
0.446	0.4451	0.4578	0.3148	0.2584	0.3438	0.5116	0.3953	0.4419	1.69702
0.4459	0.4339	0.4482	0.3765	0.2881	0.3648	0.8966	0.5862	0.7241	0.396931
0.4706	0.4691	0.4707	0.4053	0.3713	0.3426	0.5	0.3636	0.2727	-0.303561
0.4397	0.4482	0.462	0.2777	0.3073	0.3342	0.4872	0.4615	0.359	2.32207
0.4591	0.4639	0.4743	0.3486	0.3018	0.3585	0.44	0.28	0.26	1.00938
0.463	0.4514	0.4641	0.4153	0.2941	0.3468	0.8485	0.3939	0.3636	-0.570613
0.4425	0.4425	0.4469	0.3514	0.3384	0.3567	0.75	0.6667	0.6944	0.972612
0.4751	0.476	0.4685	0.4033	0.3643	0.3125	0.3846	0.25	0.25	-0.249776
0.4402	0.4454	0.4302	0.3265	0.3027	0.2254	0.6452	0.4839	0.4839	1.44785
0.4587	0.4574	0.4582	0.3407	0.2517	0.2361	0.42	0.28	0.26	1.16745
0.4453	0.4391	0.4338	0.3506	0.2601	0.2726	0.6857	0.4571	0.5429	0.975923
0.4497	0.4553	0.485	0.3664	0.3635	0.4395	0.7027	0.5676	0.3514	0.631245
0.4587	0.458	0.4556	0.375	0.2986	0.3032	0.5667	0.3333	0.3667	0.407072
0.4706	0.4676	0.4776	0.3946	0.2729	0.395	0.4348	0.2174	0.3043	-0.039314
0.4796	0.4734	0.4922	0.41	0.3953	0.4509	0.3235	0.3824	0.2	-0.375062
0.4614	0.4641	0.4778	0.3483	0.3528	0.4179	0.4048	0.381	0.4048	0.978149
0.451	0.4507	0.4471	0.3347	0.3338	0.2478	0.5106	0.5106	0.3617	1.31407
0.4759	0.4763	0.4815	0.3992	0.376	0.3968	0.3514	0.2703	0.2432	-0.14128
0.4559	0.4659	0.4743	0.3861	0.3593	0.3806	0.7188	0.375	0.3125	0.163422
0.4567	0.4548	0.4745	0.3105	0.3197	0.3972	0.3696	0.413	0.3696	1.71368
0.4667	0.4614	0.4914	0.3609	0.3253	0.4622	0.3673	0.3469	0.3061	0.718846
0.4849	0.485	0.4874	0.3956	0.4118	0.3667	0.1897	0.2241	0.1207	-0.0565374
0.4564	0.459	0.4557	0.3927	0.3533	0.3471	0.7714	0.4571	0.4857	0.00649817
0.4442	0.4425	0.4425	0.3705	0.2766	0.3435	0.8788	0.4545	0.697	0.542902
0.4654	0.4562	0.47	0.3702	0.28	0.3613	0.4194	0.3226	0.3226	0.488659
0.4471	0.4703	0.4886	0.3389	0.3562	0.4451	0.5882	0.3056	0.2778	1.19757
0.4626	0.459	0.4589	0.3553	0.3473	0.2871	0.4103	0.4359	0.3077	0.823565
0.4529	0.4528	0.4484	0.3691	0.2888	0.262	0.6522	0.3696	0.3696	0.57865
0.4669	0.4649	0.4578	0.3923	0.3545	0.3293	0.5	0.375	0.4	0.0151942
0.4663	0.4595	0.4613	0.3636	0.3312	0.1786	0.3824	0.3824	0.2059	0.6258
0.4267	0.4168	0.4195	0.327	0.2355	0.2349	0.9032	0.6452	0.6129	1.49917
0.4678	0.4634	0.4766	0.3933	0.2628	0.3646	0.4848	0.2424	0.2424	-0.00902088
0.4661	0.467	0.4592	0.3823	0.3674	0.3191	0.4615	0.3846	0.359	0.244918
0.462	0.4747	0.4727	0.3612	0.3705	0.3675	0.44	0.28	0.3	0.733822
0.4636	0.4658	0.4664	0.3724	0.3082	0.3537	0.4595	0.2703	0.3514	0.463224
0.4642	0.4738	0.4721	0.3673	0.358	0.3577	0.4286	0.2653	0.2857	0.592965
0.4411	0.436	0.4512	0.3103	0.2292	0.2877	0.5641	0.4359	0.3846	1.78264
0.4573	0.4628	0.4613	0.3293	0.3545	0.2442	0.4054	0.4054	0.2432	1.33059
0.4594	0.4633	0.4892	0.3568	0.3459	0.4442	0.4651	0.3721	0.2558	0.820855
0.4698	0.473	0.4757	0.3775	0.2999	0.3404	0.375	0.1964	0.2143	0.36198
0.455	0.4524	0.466	0.3329	0.3116	0.3732	0.4474	0.4211	0.4211	1.28724
0.463	0.455	0.4606	0.401	0.3389	0.2648	0.6667	0.4667	0.2667	-0.194965
0.4539	0.4542	0.4883	0.3245	0.3414	0.4337	0.4359	0.4872	0.2308	1.45153
0.4628	0.4687	0.4667	0.3266	0.3208	0.2704	0.3333	0.2593	0.2222	1.42286
0.4473	0.4474	0.4487	0.3512	0.2749	0.3359	0.65	0.4	0.55	0.971693
0.4356	0.4264	0.438	0.332	0.2235	0.3134	0.7586	0.5172	0.6207	1.35466
0.4493	0.4602	0.4977	0.3136	0.3072	0.4892	0.4651	0.3256	0.2791	1.69692
0.4574	0.4567	0.4778	0.3377	0.324	0.4215	0.4286	0.4	0.4286	1.16771
0.4718	0.4753	0.4791	0.3935	0.3846	0.3891	0.4048	0.3095	0.2619	-0.0136298
0.4625	0.4646	0.4887	0.3809	0.368	0.4548	0.525	0.425	0.35	0.284307
0.4546	0.4491	0.448	0.3777	0.3035	0.2194	0.6765	0.4412	0.3235	0.362115
0.472	0.4733	0.4754	0.3893	0.3743	0.3408	0.3818	0.3091	0.2182	0.0854063
0.4503	0.4516	0.476	0.343	0.2766	0.4169	0.5556	0.3611	0.4444	1.11172
0.451	0.4498	0.4958	0.3596	0.2719	0.481	0.6286	0.3714	0.2857	0.76994
0.4497	0.4471	0.4665	0.3534	0.332	0.3799	0.6176	0.5588	0.4412	0.899156
0.4787	0.4548	0.4965	0.4266	0.2153	0.4841	0.4423	0.2692	0.2885	-0.852715
0.4471	0.4466	0.4537	0.3383	0.1441	0.2655	0.587	0.2826	0.3261	1.25713
0.4639	0.4564	0.4885	0.3927	0.3225	0.4498	0.5714	0.4	0.3143	0.00520101
0.4623	0.4632	0.4816	0.3475	0.3204	0.3872	0.3902	0.3171	0.2195	0.98434
0.452	0.4512	0.4729	0.3579	0.3061	0.3868	0.6	0.4222	0.3556	0.826973
0.4616	0.4555	0.4589	0.387	0.3246	0.3037	0.5833	0.4167	0.3333	0.140576
0.4664	0.4711	0.4703	0.3466	0.2803	0.2411	0.3333	0.1961	0.1765	1.0117
0.484	0.4879	0.4844	0.4337	0.3803	0.3377	0.3404	0.1277	0.1277	-0.985371
0.4484	0.4527	0.4426	0.3138	0.2969	0.2364	0.4773	0.3864	0.3864	1.7055
0.468	0.456	0.4647	0.3603	0.3315	0.2531	0.3469	0.4286	0.2245	0.727292
0.4528	0.4574	0.484	0.3088	0.2766	0.4325	0.4103	0.3077	0.3333	1.72822
0.4395	0.4256	0.4821	0.3514	0.2376	0.448	0.8158	0.5526	0.5526	0.98609
0.4478	0.4417	0.4432	0.3497	0.2782	0.2858	0.6333	0.4667	0.4667	0.964497
0.4527	0.4528	0.4689	0.2832	0.2056	0.3623	0.3617	0.2766	0.3404	2.19279
0.4515	0.4298	0.4804	0.3818	0.1915	0.445	0.7941	0.4412	0.5882	0.27028
0.4667	0.471	0.4739	0.3738	0.3183	0.3567	0.413	0.234	0.2609	0.4402
0.4604	0.4633	0.4626	0.3129	0.2126	0.2024	0.3333	0.2083	0.2083	1.65341
0.4722	0.4714	0.4751	0.3984	0.3397	0.3234	0.42	0.26	0.2	-0.132077
0.4479	0.4452	0.4862	0.3473	0.2969	0.4605	0.6176	0.4706	0.5588	1.02938
0.4708	0.4683	0.4685	0.3912	0.2872	0.2887	0.4138	0.2241	0.2241	0.0412368
0.434	0.4323	0.4293	0.3279	0.2912	0.2301	0.7619	0.619	0.5	1.50181
0.4539	0.4614	0.4575	0.347	0.3276	0.3055	0.5135	0.3514	0.3514	1.02208
0.4802	0.4862	0.4856	0.4077	0.4219	0.3857	0.3023	0.2326	0.1628	-0.334623
0.476	0.4773	0.4901	0.3803	0.3672	0.4464	0.2857	0.2381	0.2381	0.271741
0.4409	0.4394	0.443	0.3069	0.2376	0.2592	0.5556	0.4167	0.4167	1.82305
0.4621	0.4725	0.487	0.3954	0.3442	0.3842	0.6383	0.2553	0.1429	-0.0614631
0.4723	0.4739	0.4851	0.3553	0.3318	0.4272	0.2778	0.2222	0.2778	0.752108
0.4422	0.4438	0.4663	0.3212	0.3136	0.388	0.5897	0.5385	0.4872	1.57963
0.481	0.4799	0.4963	0.3928	0.3692	0.4727	0.2419	0.2097	0.1613	0.00381391
0.4635	0.4624	0.4826	0.3737	0.3373	0.4308	0.4681	0.3617	0.3617	0.45185
0.4619	0.457	0.476	0.3832	0.2868	0.4049	0.55	0.325	0.375	0.231656
0.4646	0.4677	0.4775	0.3945	0.3603	0.4001	0.5676	0.3514	0.3243	-0.0381442
0.4609	0.4709	0.4666	0.3723	0.3921	0.3691	0.5094	0.4151	0.3962	0.496662
0.465	0.4577	0.4838	0.3916	0.3488	0.4442	0.5385	0.4615	0.4359	0.0306724
0.4759	0.4788	0.4782	0.4138	0.3703	0.3495	0.425	0.225	0.2	-0.497437
0.4683	0.4632	0.4725	0.4163	0.3696	0.3256	0.6667	0.4545	0.2286	-0.581071
0.4691	0.4614	0.4958	0.4163	0.3319	0.4694	0.6389	0.3611	0.1622	-0.583587
0.455	0.4532	0.496	0.3706	0.2863	0.4834	0.617	0.3617	0.3191	0.54159
0.4466	0.4429	0.4407	0.3705	0.2703	0.2873	0.8125	0.4375	0.5	0.53523
0.4602	0.4702	0.4726	0.3513	0.3611	0.2362	0.4318	0.3182	0.1591	0.930799
0.4461	0.4468	0.4484	0.3348	0.3417	0.3064	0.587	0.6087	0.4565	1.33042
0.4766	0.4759	0.4744	0.4311	0.3403	0.3281	0.5532	0.2128	0.2128	-0.984618
0.4581	0.4577	0.4877	0.3519	0.2633	0.4383	0.4667	0.2889	0.2667	0.932693
0.4494	0.4374	0.4189	0.3426	0.3231	0.1745	0.5676	0.6757	0.5135	1.12782
0.4728	0.4667	0.4704	0.3944	0.3285	0.3701	0.3902	0.2927	0.3415	-0.0344448
0.4525	0.45	0.4488	0.3198	0.287	0.2804	0.4419	0.3953	0.3953	1.56663
0.4532	0.4526	0.4814	0.3586	0.2783	0.4456	0.5806	0.3548	0.5484	0.769535
0.4785	0.4789	0.4863	0.4198	0.3828	0.4112	0.4	0.25	0.2	-0.639497
0.4279	0.4251	0.4331	0.2707	0.2188	0.21	0.6087	0.5217	0.4348	2.56193
0.4752	0.4854	0.4827	0.3894	0.3836	0.3595	0.3265	0.1633	0.1633	0.0809687
0.4647	0.4669	0.4703	0.3656	0.3142	0.2711	0.4146	0.2683	0.1951	0.612034
0.4546	0.4514	0.4552	0.3287	0.2781	0.286	0.439	0.3659	0.3415	1.38278
0.4549	0.4417	0.4693	0.3505	0.2766	0.3855	0.5122	0.4634	0.4146	0.962601
0.4502	0.4509	0.4688	0.3188	0.2595	0.3942	0.4688	0.3438	0.4688	1.52667
0.4716	0.4712	0.4723	0.3491	0.3261	0.3073	0.2742	0.2419	0.2097	0.960243
0.4358	0.4445	0.4549	0.3314	0.3448	0.3362	0.75	0.6667	0.4583	1.32811
0.4564	0.4572	0.4698	0.3675	0.3105	0.3992	0.5682	0.3636	0.4773	0.60371
0.472	0.4718	0.4894	0.3793	0.3415	0.4294	0.3448	0.2586	0.1897	0.319077
0.4693	0.4708	0.4749	0.4056	0.3515	0.3541	0.5333	0.2889	0.2444	-0.31436
0.4594	0.4485	0.459	0.3807	0.2059	0.3182	0.5897	0.3077	0.359	0.293022
0.4623	0.4655	0.4761	0.3801	0.3613	0.3897	0.5238	0.3864	0.3111	0.304171
0.4679	0.4667	0.4987	0.4005	0.3099	0.49	0.5294	0.2647	0.1471	-0.17799
0.4731	0.4851	0.4878	0.3971	0.406	0.4164	0.3958	0.2083	0.1875	-0.098178
0.4726	0.4722	0.4782	0.3981	0.3292	0.4009	0.4118	0.2353	0.3137	-0.124964
0.4576	0.4608	0.4472	0.345	0.3701	0.2582	0.45	0.5	0.375	1.05429
0.4538	0.4443	0.4487	0.3359	0.2536	0.2792	0.4737	0.3947	0.3947	1.24015
0.4669	0.4618	0.4909	0.3967	0.368	0.4623	0.5278	0.4722	0.3333	-0.0902676
0.4708	0.4717	0.4718	0.3569	0.3694	0.3289	0.3	0.32	0.24	0.782512
0.4698	0.4661	0.471	0.3673	0.2704	0.2901	0.3409	0.2273	0.2045	0.564438
0.468	0.4685	0.4704	0.3646	0.3432	0.3329	0.36	0.3	0.26	0.640161
0.433	0.4338	0.4933	0.336	0.286	0.4751	0.8387	0.5806	0.375	1.30058
0.4749	0.471	0.4706	0.3802	0.3589	0.3916	0.3023	0.3023	0.4186	0.277739
0.4586	0.4634	0.4863	0.3783	0.3646	0.4436	0.5909	0.4318	0.3409	0.3532
0.4599	0.4559	0.4859	0.3416	0.3338	0.4494	0.4062	0.4375	0.4062	1.06326
0.4745	0.4722	0.4938	0.3944	0.3491	0.4638	0.3571	0.2679	0.2143	-0.0343174
0.4588	0.4596	0.4947	0.3575	0.3413	0.4762	0.4773	0.4091	0.2955	0.809869
0.4454	0.4397	0.4384	0.3679	0.3158	0.2551	0.8182	0.6061	0.4545	0.59861
0.461	0.4705	0.4791	0.3529	0.354	0.4012	0.4255	0.2979	0.2979	0.904736
0.4251	0.4218	0.4347	0.2883	0.1701	0.2988	0.7097	0.4839	0.6129	2.18705
0.4503	0.46	0.4929	0.3458	0.3197	0.4802	0.5676	0.3514	0.5676	1.06162
0.4535	0.4563	0.468	0.3731	0.3377	0.3735	0.6667	0.4444	0.3889	0.470383
0.459	0.4587	0.4615	0.3224	0.341	0.2921	0.3684	0.4211	0.2895	1.44314
0.4391	0.4493	0.4528	0.3285	0.3402	0.3479	0.6744	0.5581	0.5349	1.47365
0.4413	0.4431	0.4923	0.3521	0.3088	0.4754	0.7812	0.5312	0.4688	0.948656
0.4701	0.4675	0.4691	0.368	0.3292	0.3396	0.3393	0.2857	0.2857	0.569297
0.4237	0.4071	0.4653	0.352	0.2245	0.41	1.2692	0.7308	0.6923	0.978983
0.4638	0.4665	0.4695	0.3764	0.3761	0.3764	0.475	0.425	0.375	0.382612
0.473	0.4767	0.4791	0.3726	0.3749	0.3786	0.3095	0.2619	0.2381	0.438316
0.4849	0.4868	0.4903	0.4449	0.391	0.4438	0.4	0.1556	0.2222	-1.29713
0.46	0.4411	0.4573	0.4028	0.2779	0.381	0.7778	0.4722	0.6389	-0.248774
0.4544	0.4529	0.4734	0.3486	0.2973	0.3743	0.5128	0.3846	0.3077	0.995281
0.4393	0.4318	0.448	0.3498	0.2877	0.2708	0.8065	0.6129	0.3871	0.999662
0.4609	0.4573	0.474	0.3634	0.3568	0.4172	0.4667	0.5	0.5	0.63954
0.4566	0.4571	0.4875	0.3508	0.3452	0.4548	0.4857	0.4571	0.4	0.925474
0.4641	0.4575	0.4959	0.4051	0.2692	0.4819	0.6757	0.2973	0.2973	-0.302802
0.4327	0.4204	0.4526	0.3685	0.2943	0.389	1.2188	0.8125	0.8438	0.60676
0.4562	0.4542	0.4962	0.3488	0.01	0.4846	0.4848	0.2121	0.3333	0.95855
0.4323	0.4354	0.4786	0.246	0.2379	0.4384	0.5	0.4545	0.5682	2.87985
0.4622	0.4565	0.4611	0.3878	0.264	0.3711	0.575	0.3	0.5	0.123845
0.4715	0.4717	0.4906	0.3804	0.2401	0.4443	0.3571	0.1667	0.2143	0.281328
0.4706	0.4736	0.4718	0.4	0.3188	0.3528	0.4651	0.2093	0.2791	-0.170739
0.4384	0.4299	0.4583	0.3227	0.2658	0.3786	0.6571	0.5714	0.6	1.55105
0.464	0.4642	0.4658	0.3716	0.2996	0.3266	0.45	0.275	0.3	0.485609
0.4415	0.443	0.4839	0.3327	0.3443	0.4434	0.6538	0.6923	0.4231	1.29124
0.4399	0.4442	0.4893	0.2936	0.2936	0.461	0.5263	0.4737	0.3947	2.06531
0.4595	0.4574	0.4541	0.3426	0.2001	0.1924	0.4138	0.2414	0.2586	1.14823
0.4563	0.4607	0.4917	0.3348	0.2807	0.4585	0.4348	0.2826	0.2609	1.28175
0.4594	0.4592	0.4673	0.3456	0.2806	0.2515	0.4259	0.2963	0.2037	1.0784
0.4534	0.4535	0.4664	0.3855	0.3109	0.362	0.7812	0.4062	0.375	0.180571
0.4694	0.4809	0.491	0.388	0.3483	0.4256	0.4255	0.1702	0.1489	0.116186
0.448	0.4434	0.4627	0.363	0.2683	0.3262	0.7143	0.4286	0.3333	0.720992
0.4613	0.4649	0.4653	0.3611	0.2582	0.262	0.451	0.2264	0.2264	0.741388
0.4487	0.4427	0.4465	0.3489	0.2156	0.2433	0.6111	0.3611	0.3611	1.00115
0.4436	0.4422	0.4545	0.3309	0.2792	0.328	0.6098	0.4634	0.439	1.40035
0.4607	0.45	0.4833	0.4136	0.328	0.4408	0.9167	0.5	0.4167	-0.534622
0.4607	0.4727	0.4611	0.3314	0.359	0.2955	0.3684	0.2807	0.2982	1.35793
0.4405	0.4496	0.4376	0.3161	0.3371	0.2975	0.5946	0.5405	0.5676	1.67094
0.4476	0.4455	0.4514	0.3362	0.3007	0.0224	0.5682	0.4773	0.2273	1.28986
0.4572	0.4576	0.4786	0.3879	0.3139	0.3695	0.7	0.3667	0.2258	0.119379
0.456	0.4689	0.4961	0.3108	0.3465	0.4845	0.3774	0.3019	0.3396	1.75052
0.4676	0.4607	0.4911	0.3835	0.3249	0.465	0.4375	0.3542	0.3542	0.224201
0.4626	0.4636	0.4908	0.3199	0.2356	0.4385	0.322	0.2203	0.1864	1.56505
0.4622	0.464	0.4645	0.3887	0.3098	0.3567	0.5806	0.2903	0.3871	0.0984821
0.4754	0.4795	0.4867	0.4294	0.4046	0.4345	0.5758	0.303	0.2727	-0.90266
0.4554	0.4611	0.45	0.3196	0.3468	0.2637	0.4048	0.4048	0.3571	1.54331
0.4432	0.4373	0.4701	0.3582	0.2475	0.3805	0.7857	0.4524	0.381	0.837922
0.4423	0.4389	0.4686	0.3552	0.3024	0.4132	0.7838	0.5676	0.6216	0.894405
0.4772	0.4748	0.4769	0.412	0.3248	0.2842	0.3846	0.2051	0.1538	-0.444878
0.4803	0.4799	0.4809	0.4126	0.3572	0.3783	0.3191	0.1915	0.2128	-0.458387
0.4785	0.4757	0.4939	0.4104	0.368	0.4569	0.3478	0.2609	0.1739	-0.411413
0.4706	0.4704	0.4901	0.4306	0.2875	0.4468	0.7931	0.2069	0.2414	-0.95736
0.4615	0.4628	0.4675	0.3484	0.3269	0.2938	0.4048	0.3333	0.2381	0.975715
0.4657	0.4749	0.4798	0.3881	0.3169	0.4003	0.5	0.1957	0.2826	0.117136
0.456	0.4392	0.447	0.3961	0.2984	0.3151	0.825	0.55	0.5	-0.0800924
0.4812	0.4797	0.4812	0.4266	0.3818	0.391	0.3725	0.2353	0.2353	-0.830675
0.4735	0.4759	0.499	0.3865	0.3115	0.485	0.3455	0.1818	0.0702	0.149574
0.4872	0.4782	0.4976	0.4323	0.3661	0.4851	0.25	0.225	0.1951	-0.869381
0.4461	0.4483	0.4522	0.3151	0.2612	0.3069	0.5111	0.3696	0.413	1.6997
0.4725	0.4724	0.4863	0.4105	0.3724	0.4088	0.4878	0.3171	0.1951	-0.427533
0.4473	0.4493	0.4929	0.3335	0.3151	0.4736	0.5625	0.4688	0.375	1.2867
0.4576	0.463	0.4821	0.3579	0.3353	0.434	0.5	0.35	0.4	0.795417
0.4702	0.4709	0.4759	0.3775	0.3526	0.37	0.3684	0.2895	0.2632	0.339875
0.4632	0.4605	0.4825	0.3348	0.1497	0.4	0.3455	0.2	0.2364	1.27063
0.4655	0.4589	0.4781	0.3727	0.2015	0.3779	0.4286	0.2321	0.25	0.480465
0.462	0.4597	0.4604	0.3768	0.323	0.2732	0.5106	0.3617	0.2766	0.384683
0.4692	0.4531	0.471	0.3858	0.3141	0.3667	0.4194	0.4194	0.3226	0.156221
0.468	0.4663	0.4632	0.3281	0.333	0.3511	0.2778	0.3056	0.3889	1.24885
0.471	0.4717	0.4654	0.4214	0.3908	0.243	0.6364	0.3939	0.2121	-0.707582
0.4704	0.4675	0.4696	0.36	0.3223	0.3558	0.3137	0.2745	0.3137	0.725711
0.4502	0.4449	0.4533	0.3455	0.3258	0.3376	0.5676	0.5676	0.4865	1.06815
0.4503	0.4525	0.4581	0.3251	0.2883	0.3568	0.4857	0.3714	0.4857	1.44005
0.4693	0.4834	0.4817	0.3679	0.4103	0.3348	0.35	0.25	0.15	0.545371
0.4596	0.4629	0.4475	0.404	0.3778	0.2355	0.8065	0.5	0.3438	-0.275615
0.441	0.4351	0.4569	0.2977	0.1658	0.3609	0.525	0.375	0.525	2.00443
0.4311	0.4291	0.4619	0.2655	0.2435	0.3916	0.5556	0.5278	0.6111	2.54104
0.4774	0.4718	0.4806	0.4275	0.2325	0.3864	0.4884	0.1628	0.2326	-0.865831
0.4626	0.4595	0.4632	0.3556	0.281	0.3379	0.4118	0.2941	0.3529	0.798055
0.4485	0.4487	0.451	0.3542	0.2748	0.3037	0.6452	0.3871	0.4194	0.875968
0.468	0.462	0.4713	0.3998	0.2066	0.3034	0.5238	0.2143	0.2143	-0.166201
0.4707	0.4696	0.4717	0.3329	0.3246	0.21	0.2564	0.2564	0.1538	1.16543
0.4655	0.4659	0.4925	0.3222	0.2922	0.4538	0.2955	0.25	0.2045	1.42673
0.451	0.4504	0.4469	0.3665	0.3535	0.2819	0.6744	0.6047	0.4186	0.635178
0.4627	0.4702	0.4634	0.3525	0.3463	0.2783	0.4	0.2857	0.2571	0.862196
0.4747	0.4768	0.4911	0.4045	0.381	0.4573	0.4	0.275	0.275	-0.269661
0.4378	0.435	0.4442	0.342	0.329	0.3563	0.7812	0.75	0.75	1.16665
0.4521	0.4492	0.4622	0.3611	0.3019	0.3535	0.6154	0.4359	0.4103	0.745321
0.4649	0.4618	0.4816	0.3412	0.276	0.3741	0.3393	0.2679	0.1964	1.14216
0.4677	0.4694	0.4811	0.3952	0.3599	0.4007	0.5	0.3261	0.2609	-0.0552606
0.4809	0.4808	0.4856	0.3452	0.3912	0.4143	0.1667	0.2407	0.2222	0.919486
0.472	0.4669	0.4679	0.4007	0.3536	0.3291	0.4375	0.3438	0.2812	-0.176726
0.4662	0.4614	0.4915	0.3843	0.2845	0.4681	0.4688	0.2812	0.375	0.193712
0.4581	0.4508	0.4612	0.3793	0.2999	0.3345	0.6087	0.413	0.3696	0.331618
0.4648	0.4679	0.4929	0.3761	0.2049	0.4388	0.4561	0.1754	0.1404	0.405605
0.4717	0.4729	0.4987	0.4035	0.3712	0.488	0.4615	0.3077	0.125	-0.250545
0.4751	0.4774	0.48	0.3734	0.11	0.3484	0.2821	0.1026	0.1795	0.407853
0.4741	0.4763	0.4716	0.371	0.336	0.2754	0.2899	0.2029	0.1884	0.507736
0.4642	0.4526	0.4651	0.3966	0.3585	0.3204	0.5926	0.5926	0.2963	-0.084378
0.4643	0.4659	0.4983	0.3245	0.3225	0.49	0.3125	0.2917	0.2083	1.4211
0.4717	0.4715	0.4701	0.3673	0.3483	0.3395	0.3137	0.2745	0.2745	0.571156
0.4396	0.4442	0.494	0.2366	0.2968	0.4814	0.4138	0.4828	0.4828	2.73336
0.4506	0.4442	0.4631	0.3618	0.2361	0.3449	0.6512	0.3721	0.3721	0.74122
0.4641	0.4628	0.4881	0.3366	0.2518	0.43	0.339	0.2373	0.2203	1.2445
0.4539	0.4514	0.4846	0.3819	0.3597	0.4412	0.7297	0.6216	0.3784	0.268183
0.4688	0.4724	0.4742	0.3592	0.3885	0.3968	0.3333	0.3725	0.3725	0.748849
0.4476	0.4439	0.4541	0.3688	0.3231	0.2971	0.7714	0.5714	0.3714	0.57857
0.4701	0.4732	0.4746	0.3792	0.3237	0.3705	0.375	0.2188	0.2812	0.294887
0.4574	0.4574	0.4615	0.3274	0.2465	0.2199	0.4	0.275	0.225	1.38161
0.4495	0.4468	0.4778	0.3083	0.2956	0.4103	0.4483	0.4483	0.3621	1.85871
0.476	0.4755	0.4812	0.4007	0.3137	0.2891	0.3542	0.1875	0.125	-0.18278
0.4713	0.4736	0.4834	0.4062	0.3811	0.3945	0.4884	0.3256	0.2093	-0.323283
0.4753	0.4719	0.4767	0.4215	0.328	0.3625	0.5	0.2368	0.2368	-0.700313
0.4781	0.4824	0.4949	0.4189	0.3419	0.4593	0.4043	0.1489	0.1489	-0.634974
0.452	0.4482	0.4503	0.321	0.263	0.3131	0.451	0.3725	0.451	1.5854
0.4355	0.4352	0.4406	0.3596	0.3338	0.3496	1	0.7778	0.7778	0.748497
0.4543	0.4475	0.4511	0.3673	0.2843	0.2526	0.6111	0.4167	0.3333	0.597299
0.4407	0.4508	0.4765	0.2965	0.2801	0.3791	0.525	0.375	0.275	2.02694
0.4736	0.4668	0.464	0.3961	0.33	0.2904	0.3824	0.2941	0.2647	-0.0709733
0.4638	0.4601	0.4719	0.3708	0.2593	0.3566	0.449	0.2653	0.2857	0.51823
0.462	0.4509	0.4536	0.4018	0.2653	0.2828	0.7027	0.3514	0.3514	-0.221321
0.4573	0.4542	0.4635	0.3976	0.3355	0.386	0.8	0.4667	0.5333	-0.113876
0.4531	0.4505	0.4799	0.2839	0.2167	0.4153	0.3585	0.3019	0.3396	2.21765
0.4572	0.4545	0.484	0.3672	0.3502	0.4463	0.5517	0.5172	0.4483	0.572985
0.4241	0.4147	0.4457	0.3145	0.2562	0.3764	0.8667	0.7333	0.9	1.73836
0.4684	0.469	0.4795	0.3913	0.3602	0.3782	0.4615	0.3333	0.2308	0.0376881
0.4617	0.4597	0.4838	0.3938	0.2816	0.4365	0.6341	0.2927	0.3659	-0.021702
0.4801	0.4791	0.4876	0.4037	0.3709	0.4203	0.2889	0.2222	0.2	-0.242834
0.4523	0.4565	0.4717	0.292	0.315	0.3658	0.381	0.381	0.3095	2.02324
0.4649	0.4596	0.4639	0.4028	0.2961	0.3231	0.6286	0.3143	0.3143	-0.240808
0.4554	0.4624	0.4707	0.3693	0.3411	0.3618	0.6	0.3714	0.3143	0.549846
0.4636	0.4676	0.4672	0.3543	0.3445	0.2664	0.3922	0.3137	0.2157	0.874606
0.4428	0.435	0.4318	0.336	0.2388	0.2195	0.6486	0.4595	0.4595	1.28822
0.4507	0.4496	0.4711	0.3592	0.3157	0.3583	0.6333	0.4667	0.3	0.762942
0.4728	0.467	0.4952	0.3795	0.3584	0.4813	0.3333	0.3556	0.3556	0.30024
0.4573	0.4662	0.4628	0.357	0.3682	0.3344	0.5	0.4	0.35	0.815101
0.4766	0.4756	0.4787	0.3944	0.2941	0.2987	0.3191	0.1702	0.1489	-0.0330464
0.4708	0.4768	0.4976	0.4182	0.3836	0.4843	0.6053	0.2821	0.1795	-0.633093
0.4333	0.4203	0.4874	0.3601	0.2501	0.4645	1.0714	0.6429	0.5714	0.786647
0.4371	0.44	0.4401	0.3025	0.2914	0.2768	0.5926	0.5185	0.4815	1.84052
0.4728	0.4684	0.4862	0.4214	0.3295	0.4367	0.5745	0.2766	0.2979	-0.729389
0.4561	0.451	0.4692	0.3708	0.3282	0.376	0.5946	0.4865	0.3784	0.518787
0.4594	0.4715	0.4689	0.4004	0.3521	0.3598	0.7692	0.2821	0.3333	-0.188637
0.4483	0.4486	0.4627	0.3757	0.3091	0.3379	0.8205	0.4615	0.359	0.423522
0.4584	0.4543	0.4559	0.3714	0.3097	0.2729	0.5526	0.3947	0.3158	0.501355
0.4614	0.4521	0.4669	0.3502	0.2865	0.3408	0.4118	0.3725	0.3137	0.967101
0.4802	0.4823	0.486	0.4094	0.3558	0.4264	0.3091	0.1636	0.2545	-0.390523
0.4439	0.4408	0.4879	0.3431	0.2879	0.4641	0.6667	0.5	0.5278	1.13827
0.4745	0.4764	0.4891	0.3979	0.3108	0.4525	0.3725	0.1765	0.3137	-0.118112
