x
0.3796
0.3802
0.3714
0.3767
0.3749
0.3774
0.3754
0.368
0.3697
0.3687
0.3706
0.3683
0.3781
0.3834
0.3791
0.3764
0.3797
0.3715
0.3907
0.3692
0.3824
0.3762
0.3642
0.3758
0.3783
0.383
0.3659
0.3833
0.3689
0.3791
0.3784
0.3759
0.3693
0.379
0.3626
0.3762
0.3832
0.3827
0.3595
0.3722
0.3759
0.3906
0.3673
0.3735
0.3632
0.3712
0.3857
0.3737
0.3689
0.3773
0.3853
0.37
0.3776
0.3785
0.3808
0.3893
0.3691
0.3795
0.3834
0.3626
0.3691
0.3805
0.3782
0.376
0.3813
0.3805
0.3589
0.3737
0.3746
0.3721
0.3746
0.368
0.369
0.3768
0.3751
0.3642
0.3738
0.3711
0.3819
0.3758
0.3658
0.3738
0.3727
0.3783
0.3846
0.3799
0.3765
0.365
0.3768
0.3815
0.3873
0.3843
0.3781
0.3758
0.3726
0.3685
0.3849
0.3747
0.3795
0.3786
0.3791
0.3764
0.3662
0.3716
0.3716
0.3699
0.3809
0.3758
0.3848
0.3533
0.3688
0.3791
0.3683
0.3875
0.3624
0.3822
0.3739
0.3711
0.3621
0.3844
0.3716
0.3746
0.3614
0.3763
0.3723
0.3923
0.374
0.366
0.3664
0.3695
0.3653
0.3696
0.366
0.376
0.3736
0.3738
0.3891
0.378
0.3739
0.3797
0.3772
0.3748
0.3718
0.375
0.3821
0.3797
0.3763
0.3767
0.3812
0.3785
0.3622
0.366
0.3668
0.374
0.3742
0.3689
0.3685
0.3812
0.3823
0.3826
0.3773
0.364
0.3689
0.3693
0.3726
0.3898
0.3812
0.3787
0.3861
0.3842
0.3607
0.3685
0.3765
0.365
0.3765
0.3607
0.3758
0.3687
0.374
0.3678
0.3818
0.3802
0.3721
0.3633
0.3746
0.3737
0.3764
0.3825
0.3814
0.3726
0.3766
0.3687
0.3729
0.3729
0.3739
0.3878
0.3615
0.3853
0.3688
0.3776
0.3818
0.3765
0.3778
0.3786
0.3696
0.3554
0.3619
0.3499
0.379
0.3861
0.3835
0.3754
0.3753
0.3562
0.376
0.3589
0.3804
0.3675
0.3709
0.3804
0.3738
0.3683
0.3707
0.3808
0.3818
0.3734
0.3618
0.3695
0.3696
0.3896
0.3741
0.3738
0.3771
0.3793
0.3769
0.3789
0.383
0.3731
0.3629
0.3777
0.3569
0.3774
0.3772
0.3821
0.3627
0.3773
0.3793
0.3781
0.3753
0.3678
0.3585
0.3769
0.3719
0.3597
0.3782
0.3812
0.3393
0.3765
0.3772
0.3799
0.3779
0.3749
0.3808
0.3643
0.3795
0.3792
0.3727
0.3782
0.3768
0.3736
0.3724
0.3831
0.3724
0.3792
0.3668
0.3737
0.3763
0.3674
0.3802
0.3813
0.3719
0.3766
0.3787
0.375
0.3858
0.3755
0.3735
0.3648
0.3587
0.3587
0.385
0.3616
0.362
0.3805
0.3686
0.3639
0.3689
0.3853
0.3759
0.3763
0.3827
0.3795
0.3723
0.3699
0.3643
0.3698
0.3712
0.3858
0.3754
0.3702
0.3866
0.3817
0.3869
0.3554
0.3751
0.3717
0.3849
0.3761
0.38
0.3782
0.3813
0.3836
0.3828
0.3804
0.3708
0.3748
0.3849
0.3729
0.3845
0.3748
0.3792
0.3829
0.3668
0.3765
0.3742
0.379
0.3572
0.3784
0.372
0.3496
0.3808
0.3815
0.3822
0.3836
0.3746
0.3799
0.3767
0.371
0.3681
0.3906
0.3826
0.372
0.353
0.3586
0.3611
0.372
0.3751
0.3773
0.3823
0.3788
0.3589
0.3785
0.3774
0.3656
0.374
0.3722
0.3749
0.3793
0.373
0.3828
0.381
0.3733
0.3735
0.3748
0.3732
0.3741
0.3758
0.3733
0.3651
0.3819
0.3615
0.3765
0.3707
0.3691
0.3541
0.3866
0.3846
0.3659
0.3632
0.379
0.3746
0.3826
0.3813
0.3833
0.3687
0.3589
0.3798
0.3788
0.3751
0.3556
0.3745
0.3731
0.3713
0.3773
0.3823
0.3795
0.3719
0.3749
0.3621
0.3752
0.3677
0.371
0.3801
0.3765
0.3759
0.3783
0.3773
0.3795
0.3783
0.3775
0.38
0.3858
0.3783
0.3734
0.3655
0.3696
0.3768
0.3729
0.3824
0.3699
0.3823
0.3792
0.3649
0.3668
0.3703
0.3711
0.3785
0.3826
0.3738
0.3743
0.3595
0.3792
0.3761
0.3719
0.3847
0.3678
0.3646
0.3794
0.3847
0.3742
0.3839
0.3799
0.3791
0.3795
0.3764
0.3751
0.3736
0.3791
0.376
0.3711
0.3835
0.3832
0.3823
0.3746
0.3737
0.3698
0.3713
0.3743
0.374
0.3794
0.3585
0.3672
0.3773
0.3781
0.3946
0.3801
0.3703
0.3736
0.3782
0.377
0.3802
0.3731
0.3773
0.378
0.3734
0.3703
0.3687
0.3673
0.3705
0.378
0.3826
0.378
0.3767
0.3703
0.3789
0.3783
0.3731
0.3768
0.3818
0.3777
0.3596
0.3803
0.3836
0.367
0.3718
0.3819
0.3826
0.3818
0.3815
0.3805
0.362
0.378
0.384
0.3745
0.3719
0.3763
0.374
0.378
0.3839
0.3782
0.3627
0.3783
0.3749
0.3692
0.3772
0.3742
0.3778
0.3807
0.3769
0.3825
0.3696
0.3693
0.3808
0.3729
0.3772
0.3659
0.37
0.372
0.3721
0.3786
0.3734
0.3482
0.3865
0.3794
0.3603
0.381
0.3782
0.3723
0.3749
0.384
0.3765
0.3826
0.3736
0.3715
0.3837
0.3872
0.3693
0.366
0.3817
0.3647
0.3775
0.3666
0.3664
0.3768
0.3699
0.3551
0.3692
0.3886
0.378
0.3737
0.3804
0.3726
0.387
0.3788
0.375
0.3774
0.3748
0.3743
0.3776
0.3831
0.3759
0.3732
0.3558
0.3696
0.3798
0.3638
0.3772
0.3834
0.3736
0.3846
0.3605
0.3813
0.3619
0.3727
0.3783
0.3795
0.372
0.3743
0.373
0.3733
0.3732
0.3655
0.3614
0.3666
0.3679
0.3818
0.3767
0.3707
0.3791
0.3778
0.3706
0.373
0.3661
0.3769
0.3813
0.3813
0.3816
0.357
0.3804
0.3746
0.3746
0.3734
0.3837
0.3897
0.3851
0.3773
0.3847
0.3786
0.3605
0.3801
0.3767
0.3694
0.3805
0.3781
0.365
0.375
0.3654
0.3776
0.3867
0.3675
0.3748
0.367
0.3717
0.3816
0.3748
0.3781
0.3701
0.3685
0.3838
0.3734
0.3699
0.3713
0.3742
0.3641
0.3697
0.3833
0.3627
0.3749
0.3708
0.3753
0.3579
0.3805
0.3839
0.3793
0.3721
0.3747
0.3714
0.3688
0.377
0.3494
0.3743
0.3789
0.3772
0.3787
0.3664
0.3729
0.3781
0.3776
0.3766
0.3755
0.3659
0.3677
0.3667
0.3826
0.3812
0.3835
0.371
0.3865
0.379
0.3741
0.3764
0.3698
0.3792
0.3702
0.372
0.3771
0.3601
0.3589
0.3706
0.3681
0.3663
0.3784
0.3782
0.377
0.3839
0.371
0.3783
0.3792
0.3845
0.3866
0.3785
0.3764
0.375
0.3766
0.3755
0.39
0.3723
0.3678
0.3726
0.3682
0.3611
0.3754
0.3716
0.3838
0.3761
0.3764
0.3698
0.3806
0.3791
0.3691
0.3683
0.3762
0.3615
0.387
0.3843
0.3795
0.3767
0.3811
0.3711
0.3751
0.3778
0.3738
0.3745
0.3861
0.3683
0.383
0.3772
0.3762
0.377
0.3825
0.3814
0.3768
0.3746
0.3758
0.3755
0.3705
0.3602
0.3715
0.3752
0.3661
0.3763
0.3688
0.3705
0.3769
0.377
0.3791
0.371
0.3819
0.3743
0.3764
0.3816
0.3713
0.3793
0.3742
0.379
0.3701
0.3741
0.3851
0.3772
0.3813
0.379
0.3767
0.382
0.3663
0.3774
0.3866
0.375
0.3687
0.3851
0.3764
0.3792
0.3707
0.373
0.3796
0.3684
0.3669
0.3758
0.3697
0.3828
0.378
0.3663
0.3758
0.3808
0.3727
0.3883
0.3824
0.3777
0.3796
0.3843
0.3766
0.3559
0.3809
0.3801
0.3703
0.3791
0.378
0.3684
0.3868
0.3835
0.3762
0.3727
0.3759
0.3832
0.3787
0.3646
0.3756
0.3837
0.3806
0.3743
0.3776
0.3778
0.3825
0.3729
0.3755
0.3597
0.3727
0.3686
0.3593
0.3716
0.3769
0.3703
0.3733
0.3784
0.3613
0.3753
0.3749
0.3875
0.3734
0.3719
0.3841
0.3736
0.3893
0.3707
0.3751
0.3777
0.366
0.3763
0.3802
0.3773
0.377
0.3832
0.3768
0.3751
0.3652
0.3814
0.3694
0.3796
0.3792
0.371
0.374
0.3769
0.3807
0.3592
0.3807
0.3763
0.3638
0.3657
0.3744
0.3793
0.3794
0.365
0.3838
0.3749
0.3683
0.3787
0.3772
0.3691
0.3754
0.3684
0.3874
0.3766
0.3747
0.3728
0.3768
0.3656
0.3802
0.3669
0.3759
0.3849
0.3703
0.3857
0.3746
0.3858
0.3676
0.3764
0.3895
0.3664
0.3836
0.3838
0.3812
0.3758
0.3863
0.369
0.382
0.3717
0.3703
0.3874
0.3685
0.3798
0.3656
0.3749
0.3738
0.3718
0.3595
0.3807
0.3707
0.3797
0.3773
0.3706
0.3783
0.3838
0.362
0.3751
0.3733
0.3731
0.3706
0.3864
0.3719
0.3751
0.3771
0.3763
0.3775
0.3694
0.377
0.3813
0.3784
0.3683
0.3725
0.3828
0.3706
0.3732
0.3701
0.3652
0.3793
0.3844
0.3856
0.3816
0.3549
0.3813
0.3778
0.3745
0.3727
0.3699
0.3709
0.3699
0.3737
0.3749
0.3843
0.3772
0.3761
0.3732
0.3711
0.3647
0.3772
0.3857
0.3836
0.3889
0.3738
0.375
0.3804
0.3809
0.3789
0.3743
0.3707
0.3836
0.3729
0.3762
0.37
0.3719
0.3697
0.378
0.357
0.3714
0.366
0.3707
0.3786
0.3538
0.3675
0.3778
0.3685
0.383
0.3925
0.3679
0.3728
0.3762
0.3767
0.3979
0.3684
0.371
0.3694
0.3725
0.3862
0.3761
0.3819
0.3787
0.3777
0.3856
0.3659
0.3896
0.362
0.3808
0.387
0.3621
0.3704
0.3895
0.3832
0.3705
0.3804
0.3708
0.3799
0.3762
0.374
0.3737
0.3768
0.3676
0.3831
0.389
0.3972
0.3671
0.3762
0.373
0.3929
0.3668
0.3653
0.38
0.3834
0.3853
0.3728
0.3716
0.378
0.3871
0.3644
0.3806
0.3769
0.3775
0.3897
0.3717
0.3907
0.3851
0.3711
0.3682
0.3738
0.3704
0.3754
0.3786
0.3757
0.3682
0.3775
0.3869
0.376
0.3743
0.3715
0.3688
0.3893
0.3783
0.3892
0.3726
0.3963
0.3794
0.3807
0.3637
0.3759
0.3739
0.3736
0.3821
0.3882
0.3807
0.3746
0.3702
0.3838
0.3818
0.3894
0.3978
0.382
0.3842
0.3691
0.3869
0.3929
0.3873
0.3797
0.3743
0.3746
0.3679
0.3957
0.3622
0.3676
0.3802
0.3699
0.3845
0.35
0.3907
0.3795
0.3724
0.3864
0.3628
0.3793
0.3737
0.37
0.3749
0.3897
0.3761
0.3795
0.3622
0.3807
0.3766
0.3914
0.3788
0.3716
0.3598
0.3679
0.3917
0.3728
0.3621
0.3765
0.3729
0.3679
0.3975
0.3805
0.3793
0.3977
0.379
0.3807
0.3682
0.3763
0.3789
0.3822
0.3765
0.3756
0.3848
0.3765
0.3749
0.3877
0.375
0.3739
0.3753
0.3669
0.3693
0.3935
0.3798
0.384
0.373
0.3647
0.3827
0.3749
0.3752
0.3915
0.3757
0.3752
0.3844
0.3795
0.3587
0.369
0.3769
0.3707
0.3803
0.3619
0.3756
0.3662
0.3817
0.3695
0.3819
0.3827
0.3796
0.3623
0.374
0.3762
0.3734
0.3824
0.3808
0.3631
0.3755
0.397
0.3814
0.3788
0.3898
0.383
0.36
0.3848
0.3704
0.377
0.3814
0.3822
0.3842
0.3825
0.3649
0.3626
0.3639
0.3564
0.3745
0.3842
0.3741
0.3824
0.3713
0.3542
0.3961
0.3567
0.3779
0.3859
0.3802
0.3822
0.37
0.3706
0.3621
0.3811
0.3827
0.3768
0.3581
0.3682
0.3679
0.3896
0.3807
0.3772
0.385
0.3792
0.3825
0.3824
0.3819
0.3669
0.3773
0.3788
0.3638
0.3748
0.3785
0.3903
0.372
0.3687
0.377
0.3812
0.379
0.3664
0.3958
0.3801
0.3724
0.3644
0.3892
0.3781
0.3552
0.3792
0.375
0.3733
0.3801
0.376
0.3819
0.3735
0.373
0.3851
0.3714
0.3776
0.3839
0.371
0.3858
0.3856
0.3796
0.3784
0.367
0.3741
0.3745
0.367
0.3796
0.3833
0.3773
0.3767
0.3794
0.3974
0.3812
0.3781
0.3709
0.385
0.3716
0.3645
0.3857
0.3666
0.3694
0.3851
0.3773
0.366
0.3666
0.3817
0.3797
0.3727
0.3817
0.385
0.374
0.3728
0.3712
0.3711
0.3658
0.3851
0.3718
0.3755
0.3882
0.385
0.3928
0.3595
0.3738
0.3861
0.3832
0.3783
0.3795
0.3746
0.3787
0.3859
0.3731
0.3757
0.3722
0.3721
0.3844
0.3815
0.3859
0.3758
0.385
0.3824
0.367
0.3731
0.3757
0.3779
0.3707
0.3874
0.3748
0.3492
0.3813
0.3772
0.3838
0.3884
0.3911
0.3804
0.3856
0.3747
0.3625
0.3881
0.3828
0.3728
0.3687
0.3624
0.3645
0.3696
0.3742
0.384
0.3818
0.3773
0.3658
0.3766
0.3691
0.3674
0.3748
0.3694
0.3712
0.3805
0.3764
0.3854
0.3805
0.3723
0.3833
0.3775
0.3722
0.3744
0.3772
0.3759
0.3639
0.3816
0.3585
0.3807
0.3748
0.3725
0.3533
0.3954
0.3868
0.367
0.3638
0.3741
0.3867
0.3761
0.3956
0.3971
0.3714
0.3513
0.3912
0.3818
0.3834
0.3632
0.3777
0.3756
0.3753
0.3797
0.3811
0.3766
0.375
0.379
0.3705
0.3825
0.3687
0.3761
0.3793
0.383
0.3759
0.3988
0.3776
0.3806
0.3789
0.3807
0.3808
0.3875
0.377
0.3822
0.3872
0.3723
0.375
0.3765
0.3816
0.3925
0.3777
0.38
0.374
0.3594
0.371
0.3739
0.3891
0.3774
0.3868
0.3736
0.3857
0.3788
0.3761
0.3712
0.3858
0.3713
0.385
0.3765
0.3856
0.3744
0.3851
0.3805
0.3819
0.3827
0.3767
0.3752
0.3787
0.3809
0.3878
0.3707
0.3844
0.3833
0.3974
0.3943
0.3728
0.3769
0.3723
0.3732
0.3826
0.3773
0.3651
0.3607
0.3846
0.397
0.3953
0.3818
0.3833
0.382
0.3792
0.3817
0.3806
0.372
0.3903
0.3743
0.3785
0.3693
0.3841
0.3758
0.3699
0.3707
0.3847
0.3807
0.3819
0.3734
0.3781
0.3814
0.3725
0.3795
0.3856
0.3814
0.3605
0.3847
0.3835
0.3735
0.3772
0.3842
0.3799
0.3843
0.379
0.3793
0.3689
0.3787
0.3849
0.3775
0.371
0.3727
0.3749
0.3966
0.3811
0.3812
0.3713
0.3757
0.3664
0.3755
0.3825
0.3808
0.3974
0.3799
0.3758
0.3848
0.3775
0.3692
0.3832
0.3666
0.3752
0.3728
0.3727
0.3749
0.3757
0.3813
0.3734
0.3502
0.3884
0.3834
0.3623
0.3798
0.384
0.3958
0.3778
0.398
0.3745
0.3839
0.3765
0.3734
0.3864
0.3881
0.3871
0.3896
0.3831
0.3681
0.3853
0.363
0.3784
0.3734
0.3782
0.3983
0.3641
0.3876
0.3826
0.3744
0.3789
0.368
0.39
0.3809
0.3727
0.3776
0.3736
0.3742
0.3823
0.383
0.3815
0.3682
0.3648
0.3826
0.3799
0.3761
0.3718
0.3897
0.371
0.3921
0.3598
0.3839
0.3678
0.384
0.3813
0.3723
0.3827
0.3766
0.3706
0.3698
0.3729
0.3709
0.364
0.378
0.3664
0.3801
0.3807
0.3708
0.381
0.3749
0.3778
0.3726
0.3742
0.3676
0.3785
0.3783
0.3865
0.3678
0.3884
0.3752
0.3776
0.378
0.3877
0.3916
0.3856
0.3783
0.3905
0.3762
0.3583
0.3796
0.3732
0.3699
0.3779
0.3739
0.363
0.3739
0.3567
0.382
0.3893
0.3667
0.3774
0.371
0.3737
0.3745
0.3751
0.3776
0.3731
0.3635
0.388
0.3726
0.3735
0.3769
0.3696
0.3675
0.3679
0.3765
0.3637
0.3755
0.3748
0.3936
0.3638
0.3816
0.3836
0.3776
0.3723
0.3866
0.3783
0.3866
0.3693
0.3669
0.3818
0.3778
0.3884
0.3801
0.3936
0.3785
0.3741
0.3793
0.3906
0.3847
0.3687
0.3847
0.3752
0.3808
0.3836
0.3824
0.3656
0.3806
0.3804
0.3753
0.3728
0.3647
0.3839
0.3875
0.3773
0.3776
0.3662
0.3593
0.3754
0.365
0.363
0.3922
0.3808
0.3834
0.3847
0.3697
0.3939
0.3823
0.3858
0.3861
0.3974
0.3792
0.3757
0.3686
0.3737
0.3855
0.373
0.3631
0.3868
0.3689
0.3606
0.368
0.3638
0.3789
0.39
0.3778
0.3764
0.3816
0.3785
0.3668
0.3681
0.3663
0.3543
0.3863
0.3811
0.3834
0.3819
0.3777
0.3682
0.373
0.3803
0.3721
0.37
0.3828
0.3645
0.3921
0.3963
0.3973
0.3806
0.3839
0.3835
0.3869
0.3788
0.3808
0.3762
0.3702
0.39
0.3623
0.3749
0.3654
0.3792
0.3687
0.3719
0.3747
0.381
0.3788
0.3836
0.3807
0.3747
0.3762
0.3825
0.3784
0.3837
0.3751
0.3799
0.3761
0.382
0.3795
0.3716
0.3928
0.3793
0.3851
0.386
0.3784
0.3806
0.3861
0.3706
0.3654
0.3821
0.3756
0.3824
0.3658
0.3955
0.3844
0.372
0.3621
0.3793
0.3722
0.3888
0.3778
0.3648
0.3755
0.3812
0.3756
0.3816
0.3926
0.3718
0.3882
0.3879
0.3642
0.3511
0.3803
0.3919
0.3977
0.3798
0.3724
0.3895
0.3882
0.3826
0.3756
0.3737
0.3721
0.3955
0.3811
0.3611
0.3861
0.3731
0.3787
0.3804
0.3762
0.3765
0.3862
0.3698
0.3695
0.364
0.3846
0.3643
0.3784
0.3966
0.3832
0.3708
0.3813
0.3771
0.3978
0.3696
0.3828
0.3875
0.3747
0.3668
0.386
0.3823
0.3897
0.3695
0.3758
0.3751
0.3707
0.3817
0.3833
0.3753
0.3688
0.3847
0.3966
0.3813
0.3608
0.3856
0.3708
0.3802
0.3803
0.3792
0.3717
0.385
0.3792
0.3786
0.377
0.3778
0.3689
0.3697
0.3758
0.3809
0.3987
0.376
0.3835
0.3818
0.3648
0.3775
0.363
0.3673
0.3851
0.3728
0.3859
0.3773
0.378
0.3725
0.3806
0.3853
0.3718
0.3983
0.3745
0.3891
0.3776
0.3835
0.3731
0.3868
0.3655
0.385
0.3929
0.3673
0.3836
0.3832
0.3855
0.3757
0.3805
0.3913
0.3794
0.3753
0.3744
0.3949
0.3937
0.3804
0.3653
0.3776
0.3704
0.3829
0.3922
0.3814
0.3735
0.3733
0.3759
0.3854
0.3855
0.3827
0.3599
0.3736
0.377
0.3753
0.3658
0.3829
0.3742
0.3772
0.3775
0.38
0.371
0.3752
0.3755
0.3877
0.3862
0.3668
0.3761
0.3845
0.3727
0.3714
0.3875
0.3819
0.3825
0.397
0.3863
0.3798
0.3526
0.3801
0.3828
0.3725
0.37
0.3775
0.3675
0.3705
0.3817
0.398
0.3865
0.3802
0.3728
0.3726
0.3698
0.3662
0.3823
0.3849
0.3868
0.3887
0.3797
0.3673
0.3935
0.3847
0.3821
0.3792
0.3766
0.3732
0.3723
0.381
0.3652
0.377
0.377
0.376
0.3737
0.373
0.3696
0.3895
0.3757
0.3532
0.3733
0.3834
0.376
0.3873
0.3913
0.3864
0.3934
0.383
0.3895
0.3984
0.3782
0.3978
0.3851
0.3748
0.3887
0.3818
0.3876
0.3923
0.3953
0.3965
0.3829
0.3979
0.3995
0.3965
0.3945
0.38
0.3716
0.3989
0.3952
0.3989
0.3979
0.3974
0.3975
0.3931
0.3968
0.3817
0.3978
0.3982
0.3854
0.3942
0.3991
0.39
0.3903
0.3971
0.3978
0.3973
0.3725
0.3927
0.3895
0.3969
0.3833
0.3961
0.3898
0.3963
0.3894
0.397
0.3979
0.395
0.3981
0.381
0.3959
0.3872
0.3859
0.3794
0.3941
0.3828
0.3837
0.3971
0.3976
0.371
0.3834
0.3835
0.3965
0.3867
0.39
0.377
0.3854
0.3944
0.3952
0.3796
0.3972
0.3956
0.3962
0.3953
0.3906
0.3955
0.3784
0.3931
0.3893
0.3989
0.3933
0.386
0.3949
0.3905
0.3895
0.3985
0.3851
0.3802
0.3959
0.3944
0.3962
0.3965
0.396
0.3921
0.3814
0.3893
0.3967
0.3896
0.3954
0.3979
0.3972
0.3903
0.3689
0.3912
0.3919
0.3944
0.3879
0.3787
0.3901
0.3918
0.3863
0.3766
0.3934
0.3914
0.3971
0.391
0.396
0.3702
0.3942
0.3976
0.3969
0.3944
0.3982
0.3984
0.3905
0.3685
0.3797
0.3908
0.3975
0.3985
0.3937
0.385
0.3972
0.3968
0.3831
0.3972
0.3986
0.3978
0.3863
0.3842
0.3958
0.3959
0.3865
0.398
0.3922
0.3913
0.3813
0.3864
0.382
0.3717
0.3949
0.3967
0.3954
0.3953
0.3929
0.3834
0.3954
0.3798
0.3977
0.3931
0.3983
0.3844
0.3926
0.3957
0.3745
0.3983
0.3958
0.3852
0.3956
0.3956
0.3845
0.3858
0.3966
0.3929
0.3891
0.3955
0.3814
0.3783
0.3845
0.3981
0.3974
0.3963
0.3943
0.3968
0.3965
0.3969
0.3977
0.3945
0.3977
0.3752
0.3941
0.3942
0.3986
0.3945
0.3987
0.3902
0.3968
0.3946
0.3846
0.398
0.3607
0.3963
0.396
0.395
0.3795
0.3953
0.3986
0.3974
0.3948
0.3979
0.3747
0.3782
0.3953
0.3853
0.3846
0.3922
0.395
0.3981
0.39
0.3768
0.3874
0.3917
0.3954
0.3899
0.3945
0.389
0.3929
0.3964
0.3949
0.3963
0.3865
0.3783
0.383
0.3962
0.3913
0.3925
0.3953
0.3723
0.3821
0.3966
0.398
0.3899
0.3987
0.3949
0.3964
0.3973
0.3742
0.3915
0.398
0.3613
0.38
0.3867
0.3973
0.3923
0.3958
0.3918
0.3722
0.3962
0.394
0.3978
0.396
0.3841
0.3974
0.3956
0.393
0.3974
0.3931
0.3883
0.3959
0.3934
0.3684
0.3941
0.3829
0.3772
0.398
0.3934
0.3964
0.3908
0.3903
0.3742
0.3813
0.3758
0.3921
0.3951
0.3785
0.3978
0.397
0.3915
0.3887
0.3964
0.3895
0.3756
0.3917
0.3959
0.3983
0.3923
0.3835
0.379
0.3953
0.3714
0.3956
0.3952
0.3981
0.3959
0.399
0.3975
0.3892
0.3831
0.3851
0.3882
0.3936
0.3968
0.398
0.3967
0.3921
0.3982
0.3975
0.3936
0.3942
0.3974
0.3907
0.3917
0.3971
0.3982
0.3956
0.3917
0.3938
0.3916
0.399
0.3876
0.3915
0.3931
0.3622
0.3935
0.3907
0.3942
0.3981
0.3946
0.3988
0.3813
0.3948
0.3804
0.3964
0.3949
0.3894
0.3725
0.3976
0.3767
0.392
0.3902
0.3991
0.397
0.3935
0.3968
0.3988
0.3971
0.3892
0.3762
0.3908
0.3889
0.3893
0.3836
0.3973
0.3972
0.3861
0.3883
0.3956
0.3963
0.3959
0.3706
0.3978
0.3878
0.3973
0.3965
0.3968
0.3959
0.3862
0.3965
0.397
0.3889
0.3964
0.371
0.3955
0.3922
0.394
0.3966
0.3976
0.3948
0.375
0.395
0.3967
0.384
0.3579
0.3954
0.3931
0.3971
0.3867
0.3984
0.3977
0.3821
0.3885
0.398
0.3805
0.3911
0.3967
0.3813
0.3926
0.3773
0.3973
0.3962
0.3968
0.3854
0.3937
0.396
0.3983
0.3957
0.3894
0.3913
0.3896
0.3911
0.3911
0.3988
0.3926
0.3977
0.3942
0.3901
0.3989
0.3755
0.3789
0.3849
0.3954
0.3847
0.3901
0.3931
0.3971
0.3978
0.3961
0.3975
0.3866
0.3935
0.3979
0.3943
0.3975
0.3979
0.3967
0.3957
0.3917
0.3828
0.3963
0.3884
0.3911
0.3922
0.3771
0.3977
0.3965
0.3989
0.3951
0.387
0.3795
0.3965
0.3959
0.3897
0.3918
0.392
0.3918
0.3975
0.3987
0.3967
0.3905
0.3852
0.396
0.396
0.387
0.3923
0.3809
0.3888
0.3983
0.3886
0.3867
0.3832
0.3742
0.395
0.3992
0.398
0.3919
0.3982
0.3801
0.3991
0.3942
0.3985
0.3974
0.3878
0.3927
0.3838
0.3873
0.3981
0.3879
0.3885
0.3844
0.3946
0.3881
0.3855
0.3806
0.3731
0.398
0.3918
0.3941
0.3972
0.392
0.3894
0.3954
0.3873
0.3972
0.387
0.3965
0.3943
0.3955
0.3873
0.3974
0.3987
0.389
0.3977
0.3903
0.391
0.3893
0.3826
0.378
0.3917
0.3972
0.3824
0.3979
0.3967
0.3968
0.3873
0.3743
0.3857
0.391
0.3956
0.3974
0.3909
0.396
0.3972
0.3978
0.392
0.3918
0.3926
0.3937
0.3954
0.3962
0.3969
0.3881
0.3946
0.3751
0.3943
0.3883
0.3939
0.3977
0.3929
0.3966
0.3955
0.3969
0.3848
0.3984
0.3963
0.3996
0.381
0.3952
0.3974
0.384
0.3931
0.3947
0.392
0.3977
0.3857
0.396
0.3881
0.386
0.3869
0.3758
0.3947
0.3977
0.3979
0.3925
0.3979
0.398
0.3959
0.3874
0.3923
0.3893
0.3805
0.3901
0.3956
0.3862
0.3944
0.3938
0.3958
0.3748
0.3982
0.3958
0.3957
0.3819
0.3963
0.3951
0.3963
0.3818
0.3929
0.3914
0.3956
0.3968
0.393
0.3682
0.3917
0.396
0.3898
0.3951
0.3941
0.3971
0.3905
0.3937
0.3987
0.3886
0.3888
0.3976
0.3892
0.3987
0.389
0.382
0.3904
0.3978
0.3963
0.388
0.3855
0.3672
0.3786
0.3811
0.3907
0.3852
0.3948
0.3929
0.3728
0.3658
0.3984
0.3947
0.3934
0.3933
0.3977
0.3725
0.3886
0.3973
0.3941
0.392
0.3986
0.3945
0.3977
0.3962
0.3989
0.3976
0.386
0.3966
0.3867
0.3889
0.3929
0.3818
0.3841
0.3968
0.3866
0.3911
0.3961
0.3972
0.3951
0.3931
0.3988
0.3879
0.3816
0.381
0.3891
0.392
0.3865
0.3932
0.3749
0.3958
0.3867
0.3769
0.3776
0.3748
0.397
0.396
0.3841
0.3919
0.3974
0.3834
0.3828
0.3946
0.3987
0.3965
0.3939
0.3976
0.3969
0.3813
0.396
0.3873
0.3861
0.3973
0.3981
0.3837
0.3867
0.397
0.3981
0.3935
0.3864
0.3619
0.3838
0.3853
0.3791
0.3891
0.3594
0.3975
0.3838
0.3913
0.3727
0.3822
0.3911
0.398
0.3972
0.3876
0.3804
0.3984
0.3984
0.392
0.3873
0.3965
0.397
0.3858
0.3971
0.3965
0.3938
0.3956
0.3757
0.3951
0.3958
0.3984
0.3925
0.3958
0.3981
0.3981
0.3817
0.3887
0.387
0.3895
0.3978
0.3859
0.3797
0.3886
0.3924
0.3854
0.3925
0.3955
0.3881
0.3963
0.3762
0.3913
0.3847
0.3956
0.399
0.3818
0.3974
0.3775
0.3815
0.3977
0.3817
0.397
0.3842
0.3915
0.3853
0.3859
0.3971
0.3915
0.3964
0.3979
0.393
0.3732
0.3913
0.3957
0.3914
0.3797
0.3967
0.3856
0.37
0.3713
0.3818
0.3982
0.3926
0.3969
0.3851
0.3969
0.3935
0.3867
0.3984
0.3967
0.3924
0.3971
0.3975
0.3929
0.3684
0.3975
0.391
0.3964
0.3961
0.3866
0.3855
0.3922
0.3886
0.3812
0.3844
0.3828
0.3944
0.3848
0.3962
0.3968
0.3942
0.3974
0.3936
0.397
0.3764
0.3966
0.3966
0.3858
0.3913
0.3962
0.3782
0.3844
0.3733
0.3987
0.3718
0.3885
0.3719
0.3982
0.3806
0.3976
0.3963
0.3801
0.3968
0.3914
0.3798
0.397
0.3928
0.3943
0.3867
0.3964
0.3859
0.3945
0.3966
0.3935
0.3976
0.3962
0.3917
0.3788
0.3974
0.3849
0.3977
0.3896
0.3861
0.3922
0.3929
0.397
0.3764
0.3896
0.3957
0.3642
0.3935
0.3941
0.3967
0.3959
0.3802
0.3941
0.3944
0.3872
0.3956
0.3978
0.3665
0.3975
0.398
0.3888
0.3891
0.397
0.3895
0.3933
0.3969
0.3965
0.3981
0.3942
0.3903
0.3859
0.3964
0.3988
0.3984
0.3969
0.3965
0.3979
0.3912
0.3956
0.3858
0.3977
0.3874
0.3914
0.3917
0.3947
0.3881
0.3946
0.3972
0.3943
0.3983
0.3825
0.3854
0.3898
0.3851
0.3769
0.3877
0.394
0.3783
0.395
0.3794
0.3913
0.3977
0.3673
0.3968
0.3804
0.3893
0.398
0.3976
0.3841
0.3954
0.3901
0.393
0.3915
0.3872
0.3905
0.3967
0.3828
0.3811
0.3976
0.396
0.3901
0.3861
0.3937
0.3758
0.3978
0.3929
0.3957
0.3964
0.3771
0.399
0.3977
0.3955
0.3864
0.3828
0.3861
0.3824
0.397
0.3971
0.3961
0.3948
0.3877
0.3924
0.3843
0.3802
0.3961
0.398
0.397
0.3958
0.3986
0.3973
0.3943
0.3948
0.3977
0.3815
0.3822
0.3963
0.3971
0.39
0.3973
0.3973
0.3762
0.395
0.3938
0.3967
0.3756
0.3764
0.3838
0.3629
0.3859
0.3969
0.3882
NA
NA
NA
NA
NA
NA
NA
NA
NA
NA
NA
NA
NA
NA
NA
NA
NA
NA
NA
NA
NA
NA
NA
NA
NA
NA
NA
NA
NA
NA
NA
NA
NA
NA
NA
NA
NA
NA
NA
NA
NA
NA
NA
NA
NA
NA
NA
NA
NA
NA
NA
NA
NA
NA
NA
NA
NA
NA
NA
NA
NA
NA
NA
NA
NA
NA
NA
NA
NA
NA
NA
NA
NA
NA
NA
NA
NA
NA
NA
NA
NA
NA
NA
NA
NA
NA
NA
NA
NA
NA
NA
NA
NA
NA
NA
NA
NA
NA
NA
NA
NA
NA
NA
NA
NA
NA
NA
NA
NA
NA
NA
NA
NA
NA
NA
NA
NA
NA
NA
NA
NA
NA
NA
NA
NA
NA
NA
NA
NA
NA
NA
NA
NA
NA
NA
NA
NA
NA
NA
NA
NA
NA
NA
NA
NA
NA
NA
NA
NA
NA
NA
NA
NA
NA
NA
NA
NA
NA
NA
NA
NA
NA
NA
NA
NA
NA
NA
NA
NA
NA
NA
NA
NA
NA
NA
NA
NA
NA
NA
NA
NA
NA
NA
NA
NA
NA
NA
NA
NA
NA
NA
NA
NA
NA
NA
NA
NA
NA
NA
NA
NA
NA
NA
NA
NA
NA
NA
NA
NA
NA
NA
NA
NA
NA
NA
NA
NA
NA
NA
NA
NA
NA
NA
NA
NA
NA
NA
NA
NA
NA
NA
NA
NA
NA
NA
NA
NA
NA
NA
NA
NA
NA
NA
NA
NA
NA
NA
NA
NA
NA
NA
NA
NA
NA
NA
NA
NA
NA
NA
NA
NA
NA
NA
NA
NA
NA
NA
NA
NA
NA
NA
NA
NA
NA
NA
NA
NA
NA
NA
NA
NA
NA
NA
NA
NA
NA
NA
NA
NA
NA
NA
NA
NA
NA
NA
NA
NA
NA
NA
NA
NA
NA
NA
NA
NA
NA
NA
NA
NA
NA
NA
NA
NA
NA
NA
NA
NA
NA
NA
NA
NA
NA
NA
NA
NA
NA
NA
NA
NA
NA
NA
NA
NA
NA
NA
NA
NA
NA
NA
NA
NA
NA
NA
NA
NA
NA
NA
NA
NA
NA
NA
NA
NA
NA
NA
NA
NA
NA
NA
NA
NA
NA
NA
NA
NA
NA
NA
NA
NA
NA
NA
NA
NA
NA
NA
NA
NA
NA
NA
NA
NA
NA
NA
NA
NA
NA
NA
NA
NA
NA
NA
NA
NA
NA
NA
NA
NA
NA
NA
NA
NA
NA
NA
NA
NA
NA
NA
NA
NA
NA
NA
NA
NA
NA
NA
NA
NA
NA
NA
NA
NA
NA
NA
NA
NA
NA
NA
NA
NA
NA
NA
NA
NA
NA
NA
NA
NA
NA
NA
NA
NA
NA
NA
NA
NA
NA
NA
NA
NA
NA
NA
NA
NA
NA
NA
NA
NA
NA
NA
NA
NA
NA
NA
NA
NA
NA
NA
NA
NA
NA
NA
NA
NA
NA
NA
NA
NA
NA
NA
NA
NA
NA
NA
NA
NA
NA
NA
NA
NA
NA
NA
NA
NA
NA
NA
NA
NA
NA
NA
NA
NA
NA
NA
NA
NA
NA
NA
NA
NA
NA
NA
NA
NA
NA
NA
NA
NA
NA
NA
NA
NA
NA
NA
NA
NA
NA
NA
NA
NA
NA
NA
NA
NA
NA
NA
NA
NA
NA
NA
NA
NA
NA
NA
NA
NA
NA
NA
NA
NA
NA
NA
NA
NA
NA
NA
NA
NA
NA
NA
NA
NA
NA
NA
NA
NA
NA
NA
NA
NA
NA
NA
NA
NA
NA
NA
NA
NA
NA
NA
NA
NA
NA
NA
NA
NA
NA
NA
NA
NA
NA
NA
NA
NA
NA
NA
NA
NA
NA
NA
NA
NA
NA
NA
NA
NA
NA
NA
NA
NA
NA
NA
NA
NA
NA
NA
NA
NA
NA
NA
NA
NA
NA
NA
NA
NA
NA
NA
NA
NA
NA
NA
NA
NA
NA
NA
NA
NA
NA
NA
NA
NA
NA
NA
NA
NA
NA
NA
NA
NA
NA
NA
NA
NA
NA
NA
NA
NA
NA
NA
NA
NA
NA
NA
NA
NA
NA
NA
NA
NA
NA
NA
NA
NA
NA
NA
NA
NA
NA
NA
NA
NA
NA
NA
NA
NA
NA
NA
NA
NA
NA
NA
NA
NA
NA
NA
NA
NA
NA
NA
NA
NA
NA
NA
NA
NA
NA
NA
NA
NA
NA
NA
NA
NA
NA
NA
NA
NA
NA
NA
NA
NA
NA
NA
NA
NA
NA
NA
NA
NA
NA
NA
NA
NA
NA
NA
NA
NA
NA
NA
NA
NA
NA
NA
NA
NA
NA
NA
NA
NA
NA
NA
NA
NA
NA
NA
NA
NA
NA
NA
NA
NA
NA
NA
NA
NA
NA
NA
NA
NA
NA
NA
NA
NA
NA
NA
NA
NA
NA
NA
NA
NA
NA
NA
NA
NA
NA
NA
NA
NA
NA
NA
NA
NA
NA
NA
NA
NA
NA
NA
NA
NA
NA
NA
NA
NA
NA
NA
NA
NA
NA
NA
NA
NA
NA
NA
NA
NA
NA
NA
NA
NA
NA
NA
NA
NA
NA
NA
NA
NA
NA
NA
NA
NA
NA
NA
NA
NA
NA
NA
NA
NA
NA
NA
NA
NA
NA
NA
NA
NA
NA
NA
NA
NA
NA
NA
NA
NA
NA
NA
NA
NA
NA
NA
NA
NA
NA
NA
NA
NA
NA
NA
NA
NA
NA
NA
NA
NA
NA
NA
NA
NA
NA
NA
NA
NA
NA
NA
NA
NA
NA
NA
NA
NA
NA
NA
NA
NA
NA
NA
NA
NA
NA
NA
NA
NA
NA
NA
NA
NA
NA
NA
NA
NA
NA
NA
NA
NA
NA
NA
NA
NA
NA
NA
NA
NA
NA
NA
NA
NA
NA
NA
NA
NA
NA
NA
NA
NA
NA
NA
NA
NA
NA
NA
NA
NA
NA
NA
NA
NA
NA
NA
NA
NA
NA
NA
NA
NA
NA
NA
NA
NA
NA
NA
NA
NA
NA
NA
NA
NA
NA
NA
NA
NA
NA
NA
NA
NA
NA
NA
NA
NA
NA
NA
NA
NA
NA
NA
NA
NA
NA
NA
NA
NA
NA
NA
NA
NA
NA
NA
NA
NA
NA
NA
NA
NA
NA
NA
NA
NA
NA
NA
NA
NA
NA
NA
NA
NA
NA
NA
NA
NA
NA
NA
NA
NA
NA
NA
NA
NA
NA
NA
NA
NA
NA
NA
NA
NA
NA
NA
NA
NA
NA
NA
NA
NA
NA
NA
NA
NA
NA
NA
NA
NA
NA
NA
NA
NA
NA
NA
NA
NA
NA
NA
NA
NA
NA
NA
NA
NA
NA
NA
NA
NA
NA
NA
NA
NA
NA
NA
NA
NA
NA
NA
NA
NA
NA
NA
NA
NA
NA
NA
NA
NA
NA
NA
NA
NA
NA
NA
NA
NA
NA
NA
NA
NA
NA
NA
NA
NA
NA
NA
NA
NA
NA
NA
NA
NA
NA
NA
NA
NA
NA
NA
NA
NA
NA
NA
NA
NA
NA
NA
NA
NA
NA
NA
NA
NA
NA
NA
NA
NA
NA
NA
NA
NA
NA
NA
NA
NA
NA
NA
NA
NA
NA
NA
NA
NA
NA
NA
NA
NA
NA
NA
NA
NA
NA
NA
NA
NA
NA
NA
NA
NA
NA
NA
NA
NA
NA
NA
NA
NA
NA
NA
NA
NA
NA
NA
NA
NA
NA
NA
NA
NA
NA
NA
NA
NA
NA
NA
NA
NA
NA
NA
NA
NA
NA
NA
NA
NA
NA
NA
NA
NA
NA
NA
NA
NA
NA
NA
NA
NA
NA
NA
NA
NA
NA
NA
NA
NA
NA
NA
NA
NA
NA
NA
NA
NA
NA
NA
NA
NA
NA
NA
NA
NA
NA
NA
NA
NA
NA
NA
NA
NA
NA
NA
NA
NA
NA
NA
NA
NA
NA
NA
NA
NA
NA
NA
NA
NA
NA
NA
NA
NA
NA
NA
NA
NA
NA
NA
NA
NA
NA
NA
NA
NA
NA
NA
NA
NA
NA
NA
NA
NA
NA
NA
NA
NA
NA
NA
NA
NA
NA
NA
NA
NA
NA
NA
NA
NA
NA
NA
NA
NA
NA
NA
NA
NA
NA
NA
NA
NA
NA
NA
NA
NA
NA
NA
NA
NA
NA
NA
NA
NA
NA
NA
NA
NA
NA
NA
NA
NA
NA
NA
NA
NA
NA
NA
NA
NA
NA
NA
NA
NA
NA
NA
NA
NA
NA
NA
NA
NA
NA
NA
NA
NA
NA
NA
NA
NA
NA
NA
NA
NA
NA
NA
NA
NA
NA
NA
NA
NA
NA
NA
NA
NA
NA
NA
NA
NA
NA
NA
NA
NA
NA
NA
NA
NA
NA
NA
NA
NA
NA
NA
NA
NA
NA
NA
NA
NA
NA
NA
NA
NA
NA
NA
NA
NA
NA
NA
NA
NA
NA
NA
NA
NA
NA
NA
NA
NA
NA
NA
NA
NA
NA
NA
NA
NA
NA
NA
NA
NA
NA
NA
NA
NA
NA
NA
NA
NA
NA
NA
NA
NA
NA
NA
NA
NA
NA
NA
NA
NA
NA
NA
NA
NA
NA
NA
NA
NA
NA
NA
NA
NA
NA
NA
NA
NA
NA
NA
NA
NA
NA
NA
NA
NA
NA
NA
NA
NA
NA
NA
NA
NA
NA
NA
NA
NA
NA
NA
NA
NA
NA
NA
NA
NA
NA
NA
NA
NA
NA
NA
NA
NA
NA
NA
NA
NA
NA
NA
NA
NA
NA
NA
NA
NA
NA
NA
NA
NA
NA
NA
NA
NA
NA
NA
NA
NA
NA
NA
NA
NA
NA
NA
NA
NA
NA
NA
NA
NA
NA
NA
NA
NA
NA
NA
NA
NA
NA
NA
NA
NA
NA
NA
NA
NA
NA
NA
NA
NA
NA
NA
NA
NA
NA
NA
NA
NA
NA
NA
NA
NA
NA
NA
NA
NA
NA
NA
NA
NA
NA
NA
NA
NA
NA
NA
NA
NA
NA
NA
NA
NA
NA
NA
NA
NA
NA
NA
NA
NA
NA
NA
NA
NA
NA
NA
NA
NA
NA
NA
NA
NA
NA
NA
NA
NA
NA
NA
NA
NA
NA
NA
NA
NA
NA
NA
NA
NA
NA
NA
NA
NA
NA
NA
NA
NA
NA
NA
NA
NA
NA
NA
NA
NA
NA
NA
NA
NA
NA
NA
NA
NA
NA
NA
NA
NA
NA
NA
NA
NA
NA
NA
NA
NA
NA
NA
NA
NA
NA
NA
NA
NA
NA
NA
NA
NA
NA
NA
NA
NA
NA
NA
NA
NA
NA
NA
NA
NA
NA
NA
NA
NA
NA
NA
NA
NA
NA
NA
NA
NA
NA
NA
NA
NA
NA
NA
NA
NA
NA
NA
NA
NA
NA
NA
NA
NA
NA
NA
NA
NA
NA
NA
NA
NA
NA
NA
NA
NA
NA
NA
NA
NA
NA
NA
NA
NA
NA
NA
NA
NA
NA
NA
NA
NA
NA
NA
NA
NA
NA
NA
NA
NA
NA
NA
NA
NA
NA
NA
NA
NA
NA
NA
NA
NA
NA
NA
NA
NA
NA
NA
NA
NA
NA
NA
NA
NA
NA
NA
NA
NA
NA
NA
NA
NA
NA
NA
NA
NA
NA
NA
NA
NA
NA
NA
NA
NA
NA
NA
NA
NA
NA
NA
NA
NA
NA
NA
NA
NA
NA
NA
NA
NA
NA
NA
NA
NA
NA
NA
NA
NA
NA
NA
NA
NA
NA
NA
NA
NA
NA
NA
NA
NA
NA
NA
NA
NA
NA
NA
NA
NA
NA
NA
NA
NA
NA
NA
NA
NA
NA
NA
NA
NA
NA
NA
NA
NA
NA
NA
NA
NA
NA
NA
NA
NA
NA
NA
NA
NA
NA
NA
NA
NA
NA
NA
NA
NA
NA
NA
NA
NA
NA
NA
NA
NA
NA
NA
NA
NA
NA
NA
NA
NA
NA
NA
NA
NA
NA
NA
NA
NA
NA
NA
NA
NA
NA
NA
NA
NA
NA
NA
NA
NA
NA
NA
NA
NA
NA
NA
NA
NA
NA
NA
NA
NA
NA
NA
NA
NA
NA
NA
NA
NA
NA
NA
NA
NA
NA
NA
NA
NA
NA
NA
NA
NA
NA
NA
NA
NA
NA
NA
NA
NA
NA
NA
NA
NA
NA
NA
NA
NA
NA
NA
NA
NA
NA
NA
NA
NA
NA
NA
NA
NA
NA
NA
NA
NA
NA
NA
NA
NA
NA
NA
NA
NA
NA
NA
NA
NA
NA
NA
NA
NA
NA
NA
NA
NA
NA
NA
NA
NA
NA
NA
NA
NA
NA
NA
NA
NA
NA
NA
NA
NA
NA
NA
NA
NA
NA
NA
NA
NA
NA
NA
NA
NA
NA
NA
NA
NA
NA
NA
NA
NA
NA
NA
NA
NA
NA
NA
NA
NA
NA
NA
NA
NA
NA
NA
NA
NA
NA
NA
NA
NA
NA
NA
NA
NA
NA
NA
NA
NA
NA
NA
NA
NA
NA
NA
NA
NA
NA
NA
NA
NA
NA
NA
NA
NA
NA
NA
NA
NA
NA
NA
NA
NA
NA
NA
NA
NA
NA
NA
NA
NA
NA
NA
NA
NA
NA
NA
NA
NA
NA
NA
NA
NA
NA
NA
NA
NA
NA
NA
NA
NA
NA
NA
NA
NA
NA
NA
NA
NA
NA
NA
NA
NA
NA
NA
NA
NA
NA
NA
NA
NA
NA
NA
NA
NA
NA
NA
NA
NA
NA
NA
NA
NA
NA
NA
NA
NA
NA
NA
NA
NA
NA
NA
NA
NA
NA
NA
NA
NA
NA
NA
NA
NA
NA
NA
NA
NA
NA
NA
NA
NA
NA
NA
NA
NA
NA
NA
NA
NA
NA
NA
NA
NA
NA
NA
NA
NA
NA
NA
NA
NA
NA
NA
NA
NA
NA
NA
NA
NA
NA
NA
NA
NA
NA
NA
NA
NA
NA
NA
NA
NA
NA
NA
NA
NA
NA
NA
NA
NA
NA
NA
NA
NA
NA
NA
NA
NA
NA
NA
NA
NA
NA
NA
NA
NA
NA
NA
NA
NA
NA
NA
NA
NA
NA
NA
NA
NA
NA
NA
NA
NA
NA
NA
NA
NA
NA
NA
NA
NA
NA
NA
NA
NA
NA
NA
NA
NA
NA
NA
NA
NA
NA
NA
NA
NA
NA
NA
NA
NA
NA
NA
NA
NA
NA
NA
NA
NA
NA
NA
NA
NA
NA
NA
NA
NA
NA
NA
NA
NA
NA
NA
NA
NA
NA
NA
NA
NA
NA
NA
NA
NA
NA
NA
NA
NA
NA
NA
NA
NA
NA
NA
NA
NA
NA
NA
NA
NA
NA
NA
NA
NA
NA
NA
NA
NA
NA
NA
NA
NA
NA
NA
NA
NA
NA
NA
NA
NA
NA
NA
NA
NA
NA
NA
NA
NA
NA
NA
NA
NA
NA
NA
NA
NA
NA
NA
NA
NA
NA
NA
NA
NA
NA
NA
NA
NA
NA
NA
NA
NA
NA
NA
NA
NA
NA
NA
NA
NA
NA
NA
NA
NA
NA
NA
NA
NA
NA
NA
NA
NA
NA
NA
NA
NA
NA
NA
NA
NA
NA
NA
NA
NA
NA
NA
NA
NA
NA
NA
NA
NA
NA
NA
NA
NA
NA
NA
NA
NA
NA
NA
NA
NA
NA
NA
NA
NA
NA
NA
NA
NA
NA
NA
NA
NA
NA
NA
NA
NA
NA
NA
NA
NA
NA
NA
NA
NA
NA
NA
NA
NA
NA
NA
NA
NA
NA
NA
NA
NA
NA
NA
NA
NA
NA
NA
NA
NA
NA
NA
NA
NA
NA
NA
NA
NA
NA
NA
NA
NA
NA
NA
NA
NA
NA
NA
NA
NA
NA
NA
NA
NA
NA
NA
NA
NA
NA
NA
NA
NA
NA
NA
NA
NA
NA
NA
NA
NA
NA
NA
NA
NA
NA
NA
NA
NA
NA
NA
NA
NA
NA
NA
NA
NA
NA
NA
NA
NA
NA
NA
NA
NA
NA
NA
NA
NA
NA
NA
NA
NA
NA
NA
NA
NA
NA
NA
NA
NA
NA
NA
NA
NA
NA
NA
NA
NA
NA
NA
NA
NA
NA
NA
NA
NA
NA
NA
NA
NA
NA
NA
NA
NA
NA
NA
NA
NA
NA
NA
NA
NA
NA
NA
NA
NA
NA
NA
NA
NA
NA
NA
NA
NA
NA
NA
NA
NA
NA
NA
NA
NA
NA
NA
NA
NA
NA
NA
NA
NA
NA
NA
NA
NA
NA
NA
NA
NA
NA
NA
NA
NA
NA
NA
NA
NA
NA
NA
NA
NA
NA
NA
NA
NA
NA
NA
NA
NA
NA
NA
NA
NA
NA
NA
NA
NA
NA
NA
NA
NA
NA
NA
NA
NA
NA
NA
NA
NA
NA
NA
NA
NA
NA
NA
NA
NA
NA
NA
NA
NA
NA
NA
NA
NA
NA
NA
NA
NA
NA
NA
NA
NA
NA
NA
NA
NA
NA
NA
NA
NA
NA
NA
NA
NA
NA
NA
NA
NA
NA
NA
NA
NA
NA
NA
NA
NA
NA
NA
NA
NA
NA
NA
NA
NA
NA
NA
NA
NA
NA
NA
NA
NA
NA
NA
NA
NA
NA
NA
NA
NA
NA
NA
NA
NA
NA
NA
NA
NA
NA
NA
NA
NA
NA
NA
NA
NA
NA
NA
NA
NA
NA
NA
NA
NA
NA
NA
NA
NA
NA
NA
NA
NA
NA
NA
NA
NA
NA
NA
NA
NA
NA
NA
NA
NA
NA
NA
NA
NA
NA
NA
NA
NA
NA
NA
NA
NA
NA
NA
NA
NA
NA
NA
NA
NA
NA
NA
NA
NA
NA
NA
NA
NA
NA
NA
NA
NA
NA
NA
NA
NA
NA
NA
NA
NA
NA
NA
NA
NA
NA
NA
NA
NA
NA
NA
NA
NA
NA
NA
NA
NA
NA
NA
NA
NA
NA
NA
NA
NA
NA
NA
NA
NA
NA
NA
NA
NA
NA
NA
NA
NA
NA
NA
NA
NA
NA
NA
NA
NA
NA
NA
NA
NA
NA
NA
NA
NA
NA
NA
NA
NA
NA
NA
NA
NA
NA
NA
NA
NA
NA
NA
NA
NA
NA
NA
NA
NA
NA
NA
NA
NA
NA
NA
NA
NA
NA
NA
NA
NA
NA
NA
NA
NA
NA
NA
NA
NA
NA
NA
NA
NA
NA
NA
NA
NA
NA
NA
NA
NA
NA
NA
NA
NA
NA
NA
NA
NA
NA
NA
NA
NA
NA
NA
NA
NA
NA
NA
NA
NA
NA
NA
NA
NA
NA
NA
NA
NA
NA
NA
NA
NA
NA
NA
NA
NA
NA
NA
NA
NA
NA
NA
NA
NA
NA
NA
NA
NA
NA
NA
NA
NA
NA
NA
NA
NA
NA
NA
NA
NA
NA
NA
NA
NA
NA
NA
NA
0.4636
0.3216
0.497
0.4036
0.5309
0.4841
0.3925
0.3609
0.3889
0.4706
0.377
0.463
0.4487
0.3133
0.4
0.4422
0.3261
0.5479
0.2601
0.5238
0.411
0.4151
0.6385
0.4046
0.4076
0.5634
0.5592
0.4294
0.4037
0.3743
0.4182
0.3613
0.509
0.3743
0.4094
0.4341
0.4426
0.2561
0.4317
0.4545
0.4099
0.3135
0.4867
0.4971
0.5312
0.5886
0.2647
0.5646
0.3515
0.4235
0.3167
0.4815
0.3721
0.3545
0.3598
0.3027
0.6276
0.3716
0.3742
0.6621
0.5
0.3373
0.4595
0.4135
0.3464
0.44
0.5762
0.3961
0.4368
0.5066
0.5036
0.45
0.5
0.3963
0.4847
0.6395
0.4966
0.4937
0.3797
0.3526
0.5422
0.4167
0.5185
0.3367
0.3908
0.4172
0.4606
0.5133
0.4409
0.3913
0.3209
0.2718
0.288
0.4601
0.4518
0.4906
0.2753
0.4414
0.36
0.4634
0.3648
0.4756
0.5
0.4111
0.5759
0.4872
0.3394
0.5503
0.2849
0.6741
0.4765
0.3663
0.5266
0.3122
0.735
0.3433
0.3978
0.5
0.5357
0.3545
0.4778
0.5361
0.6689
0.4134
0.3376
0.1981
0.3869
0.45
0.4566
0.5267
0.4315
0.4136
0.597
0.4514
0.3757
0.4776
0.1789
0.2989
0.461
0.4465
0.3149
0.3204
0.4789
0.4069
0.2941
0.4593
0.3725
0.42
0.3296
0.3918
0.6231
0.3756
0.4083
0.4509
0.4
0.4268
0.5484
0.3526
0.4825
0.2554
0.4011
0.4938
0.493
0.5644
0.4604
0.2938
0.3136
0.3352
0.4413
0.4135
0.546
0.4709
0.3627
0.4465
0.3896
0.6076
0.4698
0.5633
0.4379
0.4244
0.4051
0.4873
0.4079
0.5696
0.4408
0.4306
0.4659
0.32
0.341
0.4065
0.4471
0.5029
0.473
0.5333
0.3645
0.2793
0.6899
0.2913
0.5192
0.3402
0.3591
0.3807
0.5379
0.3529
0.4679
0.6483
0.5235
0.6544
0.4156
0.2948
0.3935
0.4751
0.5368
0.5128
0.471
0.7254
0.3132
0.5278
0.4684
0.4235
0.393
0.5125
0.491
0.3743
0.4384
0.4718
0.7829
0.6552
0.4444
0.2718
0.4035
0.3636
0.5195
0.3462
0.4353
0.2827
0.3279
0.3862
0.4695
0.4069
0.5
0.3911
0.3832
0.2879
0.6279
0.5146
0.4672
0.3498
0.3787
0.5461
0.4533
0.3207
0.5196
0.5891
0.4302
0.337
0.848
0.3077
0.341
0.4662
0.3767
0.487
0.355
0.58
0.3759
0.4211
0.3763
0.4194
0.4966
0.3799
0.7227
0.3989
0.4309
0.3129
0.5513
0.4607
0.5064
0.5329
0.4151
0.3254
0.4539
0.4907
0.3851
0.3961
0.2886
0.4061
0.4107
0.574
0.5889
0.537
0.3571
0.5828
0.5159
0.4057
0.4161
0.6728
0.4688
0.3403
0.375
0.3212
0.4464
0.3596
0.4078
0.4774
0.4459
0.4908
0.4431
0.2455
0.3961
0.5109
0.3816
0.2835
0.2527
0.6419
0.4737
0.6127
0.4611
0.3393
0.3742
0.399
0.3486
0.2857
0.5
0.3176
0.4469
0.4595
0.2712
0.4819
0.4258
0.4937
0.4335
0.3315
0.5101
0.5033
0.4462
0.3636
0.6667
0.4124
0.5829
0.7834
0.3681
0.366
0.2952
0.4311
0.3913
0.31
0.4368
0.5385
0.5597
0.2835
0.2973
0.4606
0.7941
0.6443
0.6688
0.513
0.4631
0.3698
0.4451
0.3484
0.7075
0.4088
0.4146
0.5706
0.5187
0.4667
0.4182
0.2887
0.4747
0.3418
0.2772
0.3743
0.3731
0.3733
0.4226
0.3082
0.4384
0.3979
0.6103
0.3735
0.625
0.3675
0.3591
0.4241
0.557
0.3264
0.2212
0.4698
0.6596
0.446
0.4253
0.3129
0.406
0.3657
0.4629
0.6959
0.3588
0.4737
0.3353
0.7867
0.3022
0.3961
0.4035
0.4226
0.4157
0.5
0.5643
0.4524
0.5772
0.4306
0.5342
0.4817
0.3817
0.4258
0.4381
0.4051
0.3728
0.3898
0.3258
0.4249
0.3391
0.2787
0.3678
0.4469
0.5309
0.4134
0.4398
0.503
0.3563
0.5338
0.35
0.369
0.5342
0.5532
0.5192
0.5245
0.4072
0.3663
0.3824
0.4483
0.7398
0.372
0.4872
0.4494
0.3216
0.4368
0.4677
0.4074
0.2829
0.3841
0.25
0.4189
0.4457
0.3469
0.3988
0.6144
0.5141
0.4182
0.4695
0.4278
0.2812
0.3038
0.4104
0.614
0.4444
0.4667
0.4426
0.5703
0.5374
0.3816
0.7887
0.5942
0.3169
0.3354
0.2692
0.3095
0.4865
0.4107
0.4452
0.3495
0.4118
0.4566
0.451
0.4062
0.4624
0.5466
0.6039
0.5244
0.5247
0.4859
0.3403
0.4611
0.3452
0.4859
0.3697
0.3704
0.4562
0.3743
0.2864
0.3567
0.5034
0.5441
0.2979
0.5197
0.526
0.3268
0.2915
0.3659
0.2789
0.3764
0.5449
0.4938
0.38
0.4795
0.6069
0.4621
0.3922
0.4072
0.3677
0.3632
0.509
0.3631
0.4267
0.4312
0.4056
0.3184
0.3616
0.3846
0.2679
0.3293
0.497
0.5774
0.4074
0.7279
0.4027
0.4965
0.4892
0.4231
0.4819
0.3563
0.4269
0.7347
0.2703
0.3923
0.6074
0.3256
0.339
0.3478
0.3253
0.4267
0.3275
0.3112
0.4407
0.4032
0.3802
0.2699
0.4857
0.6301
0.2646
0.503
0.3784
0.5443
0.5
0.3631
0.3806
0.6015
0.4756
0.2543
0.5364
0.4861
0.4057
0.4868
0.2896
0.3793
0.3665
0.3196
0.4471
0.4696
0.382
0.2978
0.3737
0.4734
0.5427
0.4332
0.4873
0.622
0.3563
0.2262
0.4425
0.3333
0.5923
0.3407
0.6142
0.4198
0.3277
0.461
0.4667
0.4261
0.4096
0.549
0.4744
0.5935
0.5915
0.5679
0.356
0.32
0.3913
0.4472
0.3575
0.3941
0.4904
0.4286
0.4917
0.6603
0.4472
0.3728
0.3824
0.669
0.3865
0.4895
0.4967
0.4398
0.3804
0.2182
0.2981
0.3741
0.2941
0.414
0.5705
0.435
0.4185
0.459
0.3457
0.3665
0.4688
0.4343
0.7391
0.4342
0.2976
0.4638
0.3886
0.4162
0.5811
0.3775
0.5
0.404
0.396
0.5946
0.3498
0.3879
0.4312
0.4157
0.4487
0.4875
0.362
0.3706
0.5732
0.5389
0.3822
0.3148
0.6125
0.3252
0.3492
0.4936
0.4326
0.3646
0.4311
0.5333
0.4065
0.6513
0.4231
0.3652
0.5033
0.3779
0.4573
0.4933
0.5
0.4035
0.2789
0.4472
0.5263
0.5128
0.4963
0.3955
0.3111
0.2915
0.4808
0.3854
0.3509
0.4768
0.341
0.4737
0.2746
0.4516
0.5153
0.3495
0.5949
0.5971
0.3846
0.5089
0.4767
0.3608
0.4302
0.3902
0.2722
0.5034
0.3368
0.2826
0.2514
0.2486
0.3817
0.478
0.3841
0.436
0.3929
0.3132
0.4068
0.4483
0.3812
0.55
0.5379
0.4286
0.5548
0.3412
0.3575
0.4689
0.478
0.5
0.4124
0.478
0.4557
0.5035
0.6623
0.3011
0.2567
0.4198
0.4326
0.3944
0.4371
0.436
0.3905
0.4561
0.4591
0.4324
0.506
0.3098
0.3497
0.4671
0.3548
0.3118
0.3059
0.3
0.3631
0.4
0.4576
0.399
0.5906
0.7315
0.4304
0.5232
0.3656
0.3532
0.4675
0.3939
0.3392
0.3073
0.4438
0.3667
0.4516
0.3827
0.3257
0.4222
0.3916
0.5724
0.3979
0.454
0.3058
0.3605
0.4731
0.4777
0.3774
0.3526
0.381
0.5128
0.3535
0.3402
0.5649
0.6144
0.3567
0.3614
0.3663
0.6383
0.4745
0.4
0.4696
0.4509
0.328
0.4967
0.345
0.3871
0.5119
0.3687
0.3764
0.4248
0.4257
0.3017
0.4061
0.4358
0.2766
0.5954
0.6057
0.3826
0.4545
0.4805
0.3129
0.4161
0.4204
0.2938
0.3252
0.392
0.3957
0.3779
0.2599
0.4559
0.4675
0.343
0.3815
0.4476
0.5524
0.3167
0.4586
0.3916
0.4688
0.4589
0.4973
0.3967
0.4841
0.54
0.4162
0.3636
0.6138
0.4695
0.4403
0.5128
0.4295
0.3691
0.3067
0.3737
0.5974
0.3716
0.4394
0.3186
0.4932
0.3253
0.375
0.4205
0.4675
0.3758
0.3277
0.3918
0.3827
0.2812
0.4072
0.6496
0.446
0.3977
0.3121
0.4011
0.4534
0.4898
0.4157
0.3861
0.5839
0.3867
0.422
0.5706
0.5312
0.4969
0.474
0.4229
0.5649
0.225
0.3519
0.5612
0.3812
0.4416
0.425
0.3372
0.4226
0.3214
0.4286
0.4
0.3252
0.3195
0.5696
0.4387
0.4072
0.3879
0.3149
0.5192
0.356
0.442
0.3318
0.5758
0.355
0.2541
0.5321
0.4014
0.3145
0.3556
0.4152
0.3432
0.4899
0.3585
0.3899
0.4333
0.3248
0.5422
0.372
0.4839
0.4808
0.4294
0.4904
0.7095
0.3473
0.4962
0.3333
0.4337
0.641
0.4024
0.3034
0.6418
0.4897
0.4171
0.5359
0.5298
0.375
0.5
0.4768
0.3073
0.5655
0.3161
0.5532
0.4561
0.3415
0.3722
0.4675
0.4452
0.4808
0.4444
0.5482
0.3757
0.5442
0.3851
0.3059
0.24
0.3657
0.6857
0.3922
0.4049
0.4852
0.5
0.4591
0.4185
0.5034
0.3744
0.343
0.3166
0.3248
0.4643
0.4694
0.4146
0.5938
0.4294
0.3829
0.3967
0.2012
0.4591
0.4743
0.3396
0.2766
0.3452
0.3864
0.4793
0.3827
0.3371
0.362
0.4894
0.4497
0.4917
0.4329
0.5548
0.5448
0.4221
0.3444
0.4301
0.6594
0.4968
0.4
0.5165
0.3046
0.1657
0.3314
0.3072
0.3148
0.3185
0.0918
0.2781
0.4085
0.4183
0.2408
0.3827
0.2885
0.2395
0.2353
0.3605
0.2663
0.3467
0.1667
0.3274
0.2761
0.2695
0.4385
0.3179
0.1709
0.2606
0.2941
0.2456
0.323
0.2339
0.2606
0.2827
0.3473
0.2458
0.3216
0.337
0.25
0.131
0.3607
0.3011
0.2981
0.1316
0.4533
0.3488
0.4188
0.2321
0.1882
0.4324
0.3153
0.2941
0.25
0.3272
0.2267
0.2434
0.2561
0.2216
0.4414
0.1967
0.2138
0.4324
0.3882
0.2952
0.3108
0.3029
0.2291
0.24
0.4371
0.2067
0.1854
0.3092
0.4307
0.3062
0.3372
0.2561
0.3436
0.4122
0.3087
0.1207
0.2848
0.2343
0.3855
0.2778
0.2771
0.2211
0.2759
0.2484
0.2303
0.38
0.328
0.2671
0.2353
0.2379
0.2174
0.3554
0.2892
0.3962
0.2303
0.3172
0.2533
0.259
0.327
0.3293
0.3571
0.107
0.3797
0.3141
0.211
0.3077
0.2366
0.6222
0.1384
0.2514
0.3609
0.2434
0.437
0.197
0.2527
0.2712
0.3714
0.1852
0.3187
0.3735
0.4211
0.2527
0.3312
0.1063
0.1953
0.3062
0.3931
0.3667
0.3904
0.358
0.3768
0.3264
0.2804
0.403
0.0914
0.2529
0.3451
0.0872
0.2707
0.2376
0.4085
0.3103
0.2696
0.2254
0.25
0.3
0.1788
0.2456
0.4122
0.1574
0.2616
0.2948
0.2882
0.2803
0.3165
0.2092
0.2867
0.2663
0.2825
0.3562
0.2397
0.3129
0.2734
0.1333
0.253
0.2404
0.1703
0.2707
0.4167
0.2965
0.2798
0.2704
0.2739
0.557
0.2819
0.4114
0.2674
0.3721
0.2405
0.2012
0.3092
0.4747
0.2464
0.2432
0.2473
0.21
0.2486
0.3333
0.2982
0.0968
0.2157
0.2971
0.25
0.2486
0.6316
0.2039
0.3782
0.2474
0.232
0.358
0.2041
0.2241
0.3077
0.4897
0.4228
0.6103
0.2922
0.2081
0.3032
0.2514
0.4191
0.4359
0.1905
0.3944
0.2967
0.3973
0.3797
0.2647
0.2985
0.3312
0.4167
0.2629
0.3014
0.3264
0.4574
0.3878
0.2833
0.1401
0.2924
0.3011
0.3052
0.2949
0.2
0.2094
0.2077
0.328
0.2515
0.2414
0.4188
0.2905
0.3353
0.197
0.306
0.3567
0.3285
0.2365
0.2604
0.3803
0.1566
0.1667
0.2905
0.5039
0.2043
0.1878
0.656
0.2568
0.2659
0.3835
0.2603
0.2692
0.2442
0.4238
0.2553
0.2601
0.3871
0.2903
0.3265
0.3146
0.4553
0.2584
0.2553
0.2883
0.4551
0.2486
0.3526
0.3947
0.2579
0.2308
0.3487
0.2393
0.2609
0.0833
0.2239
0.2284
0.2798
0.212
0.3315
0.4259
0.1845
0.4371
0.3459
0.1648
0.2733
0.4969
0.3312
0.2147
0.2935
0.2738
0.2428
0.173
0.3073
0.3742
0.4027
0.3795
0.3473
0.1557
0.3182
0.3587
0.2237
0.268
0.139
0.527
0.2941
0.339
0.2994
0.2619
0.2452
0.2359
0.2514
0.2088
0.3358
0.2176
0.35
0.3176
0.1582
0.2717
0.2323
0.3797
0.2428
0.191
0.3154
0.2848
0.2634
0.2181
0.4129
0.2514
0.2686
0.4904
0.2473
0.3072
0.2095
0.1637
0.3261
0.21
0.2031
0.313
0.4403
0.1709
0.2216
0.3455
0.3973
0.3867
0.4805
0.3419
0.3289
0.2228
0.2184
0.2117
0.3605
0.2541
0.3659
0.454
0.369
0.303
0.2485
0.2268
0.2562
0.1887
0.2065
0.262
0.2694
0.3133
0.2798
0.2397
0.4247
0.2199
0.4265
0.253
0.4226
0.1928
0.2652
0.3924
0.481
0.171
0.2356
0.3624
0.4857
0.3381
0.2989
0.2577
0.2741
0.0879
0.358
0.4797
0.2353
0.2222
0.1941
0.54
0.2732
0.2464
0.2384
0.2706
0.236
0.2988
0.3571
0.2619
0.4497
0.2778
0.3537
0.253
0.2473
0.2581
0.2538
0.0659
0.2426
0.2768
0.264
0.2526
0.2414
0.1694
0.2356
0.2337
0.358
0.3296
0.2651
0.303
0.2114
0.141
0.225
0.2032
0.3533
0.4255
0.3846
0.3427
0.2551
0.2733
0.185
0.3034
0.1908
0.3354
0.3269
0.3481
0.185
0.2931
0.3871
0.284
0.2146
0.2561
0.1667
0.2297
0.2609
0.2653
0.3036
0.3203
0.2966
0.2169
0.2744
0.3102
0.2188
0.2468
0.1099
0.2222
0.3072
0.3775
0.2989
0.4219
0.3533
0.1884
0.4658
0.442
0.1858
0.1
0.2099
0.2738
0.3716
0.2857
0.2466
0.2849
0.1961
0.3526
0.2157
0.275
0.2428
0.4658
0.2378
0.3155
0.3519
0.2768
0.1503
0.3114
0.2202
0.3503
0.2364
0.2037
0.4125
0.3041
0.1822
0.2023
0.4362
0.2411
0.2021
0.3816
0.2571
0.1707
0.2513
0.2098
0.1579
0.2865
0.4167
0.2469
0.2053
0.2953
0.269
0.2966
0.2941
0.1648
0.2839
0.2069
0.3713
0.2682
0.3733
0.325
0.1934
0.266
0.0703
0.2663
0.2738
0.2805
0.3432
0.3988
0.2963
0.4315
0.2617
0.3475
0.3597
0.3141
0.3413
0.2542
0.2573
0.4966
0.1459
0.1913
0.3852
0.2674
0.2825
0.2772
0.2952
0.1125
0.2865
0.2194
0.3164
0.2581
0.135
0.146
0.3314
0.4452
0.2275
0.4491
0.2595
0.3889
0.1953
0.2857
0.3419
0.0909
0.3659
0.2254
0.2532
0.2778
0.2686
0.3289
0.2022
0.2022
0.2827
0.2371
0.3118
0.2186
0.2778
0.1685
0.2737
0.3609
0.4878
0.1856
0.239
0.4451
0.3218
0.1486
0.3333
0.2353
0.4462
0.2527
0.3077
0.2083
0.2655
0.3831
0.186
0.2614
0.2754
0.3268
0.25
0.2785
0.4207
0.3704
0.3298
0.2114
0.3011
0.2671
0.2235
0.2167
0.3885
0.2619
0.3661
0.3846
0.2671
0.2604
0.2139
0.3986
0.2454
0.2587
0.3117
0.3095
0.1801
0.1636
0.2073
0.2925
0.2353
0.2548
0.391
0.2022
0.3207
0.2732
0.284
0.3073
0.35
0.2921
0.4348
0.2532
0.1637
0.3913
0.3175
0.3873
0.2905
0.2647
0.2654
0.2667
0.2709
0.3716
0.1667
0.3152
0.2547
0.2635
0.3077
0.45
0.3049
0.2616
0.4204
0.2873
0.2611
0.1494
0.3653
0.267
0.1947
0.3333
0.3258
0.2486
0.2573
0.3697
0.293
0.5263
0.2211
0.3146
0.281
0.1689
0.096
0.3467
0.3059
0.2907
0.2526
0.3602
0.3831
0.1988
0.2662
0.2537
0.1944
0.2312
0.4038
0.2448
0.2126
0.3725
0.2775
0.3026
0.2539
0.3548
0.4049
0.2573
0.5759
0.4173
0.2949
0.3728
0.3663
0.1959
0.1875
0.2073
0.2781
0.2857
0.105
0.212
0.1694
0.1381
0.2128
0.2688
0.2065
0.3237
0.2857
0.1374
0.3277
0.4483
0.1632
0.2963
0.3586
0.2857
0.411
0.2882
0.1182
0.3051
0.2698
0.2655
0.2905
0.3125
0.3522
0.3759
0.461
0.1667
0.2406
0.3086
0.331
0.2111
0.2754
0.343
0.3136
0.2865
0.3396
0.2905
0.4458
0.1444
0.0899
0.2695
0.2128
0.2176
0.2471
0.19
0.2679
0.3684
0.2542
0.2808
0.4631
0.3856
0.3481
0.3576
0.3065
0.3433
0.2968
0.2229
0.2339
0.2135
0.2486
0.2133
0.3011
0.2761
0.2057
0.3222
0.2517
0.3724
0.2042
0.3313
0.2913
0.2171
0.3353
0.2327
0.3145
0.2241
0.2143
0.3718
0.2424
0.1598
0.3766
0.3268
0.2222
0.2651
0.1977
0.3901
0.1656
0.2588
0.3481
0.3468
0.3118
0.2649
0.1634
0.2839
0.3988
0.2291
0.2737
0.2288
0.3378
0.1955
0.3636
0.257
0.1571
0.4615
0.4343
0.2282
0.1357
0.0788
0.189
0.2857
0.25
0.226
0.1942
0.3011
0.3048
0.235
0.1075
0.2574
0.3935
0.2558
0.3314
0.2639
0.3241
0.2278
0.293
0.253
0.2938
0.2603
0.4378
0.2083
0.3567
0.3613
0.0881
0.2828
0.3133
0.3293
0.3208
0.0838
0.3986
0.3087
0.1472
0.3939
0.461
0.1467
0.325
0.1019
0.349
0.2229
0.3182
0.3352
0.3247
0.2548
0.2825
0.2865
0.2407
0.0878
0.2616
0.446
0.2143
0.345
0.3006
0.2527
0.3354
0.3401
0.1765
0.2278
0.2901
0.2983
0.3046
0.3218
0.3812
0.303
0.2564
0.1064
0.3561
0.185
0.2331
0.3453
0.2597
0.3831
0.3478
0.186
0.2857
0.1302
0.2547
0.3111
0.2767
0.2189
0.3711
0.3097
0.0924
0.297
0.1538
0.3462
0.2135
0.2253
0.1525
0.3293
0.2485
0.1351
0.3205
0.2449
0.239
0.232
0.2749
0.213
0.3182
0.2453
0.3019
0.32
0.1709
0.2679
0.2256
0.414
0.3013
0.2294
0.3248
0.3289
0.2575
0.3333
0.2798
0.259
0.3062
0.1964
0.2621
0.5149
0.2466
0.3503
0.3333
0.4106
0.1932
0.3141
0.3113
0.2752
0.2614
0.2989
0.3901
0.2807
0.1585
0.2889
0.3846
0.2994
0.2675
0.3379
0.3373
0.3175
0.3893
0.2971
0.1257
0.1591
0.291
0.5214
0.2353
0.1829
0.3018
0.3678
0.3836
0.3716
0.396
0.271
0.0807
0.1931
0.2484
0.2836
0.3401
0.4188
0.4531
0.1858
0.1944
0.1793
0.2071
0.2822
0.3314
0.1747
0.2021
0.2386
0.3636
0.3136
0.3272
0.3029
0.2945
0.2872
0.302
0.2826
0.3293
0.3462
0.4179
0.3462
0.3167
0.2204
0.5072
0.3097
0.2839
0.3077
0.2848
0.2069
0.3254
0.2651
0.1879
0.2739
0.0765
0.2485
0.2569
0.3399
0.267
0.16
0.3013
0.2455
0.2471
0.2715
0.164
0.28
0.0795
0.0481
0.2683
0.2216
0.4231
0.2717
0.0964
0.2606
0.0471
0.1398
0.1404
0.1397
0.2667
0.2132
0.2543
0.0952
0.0535
0.2912
0.1316
0.0714
0.3661
0.2784
0.0971
0.0833
0.0909
0.345
0.1775
0.1687
0.152
0.2895
0.2392
0.2706
0.2222
0.321
0.2674
0.1
0.108
0.1728
0.4414
0.1613
0.2013
0.2452
0.3092
0.1647
0.2703
0.2452
0.1058
0.1056
0.4702
0.1604
0.2416
0.2763
0.3551
0.3665
0.2965
0.2679
0.2575
0.1481
0.22
0.0632
0.175
0.2229
0.1123
0.3194
0.1886
0.2915
0.1977
0.183
0.0747
0.1437
0.328
0.2174
0.2032
0.1845
0.0821
0.2515
0.2711
0.2654
0.1517
0.125
0.2467
0.1059
0.1595
0.2515
0.142
0.1016
0.3354
0.3333
0.0485
0.2442
0.1828
0.6074
0.1258
0.1429
0.0824
0.2063
0.3228
0.2228
0.1489
0.2971
0.35
0.1333
0.1257
0.1706
0.3464
0.2747
0.2739
0.1304
0.2604
0.35
0.4046
0.0807
0.0764
0.3519
0.5
0.2986
0.1515
0.1111
0.1117
0.2171
0.2517
0.1656
0.2431
0.2265
0.0903
0.0584
0.2059
0.2659
0.2488
0.1384
0.2291
0.3041
0.0753
0.1157
0.2442
0.3121
0.2647
0.2767
0.2901
0.199
0.2308
0.1685
0.1257
0.1775
0.3592
0.2456
0.2878
0.1167
0.3313
0.1026
0.1758
0.2857
0.4226
0.3086
0.081
0.2579
0.2597
0.4114
0.255
0.2189
0.2312
0.0733
0.2215
0.1646
0.0976
0.443
0.2844
0.3125
0.095
0.165
0.0973
0.3205
0.0856
0.1667
0.2484
0.0596
0.1743
0.0978
0.4887
0.0943
0.2346
0.0817
0.1183
0.086
0.1973
0.1647
0.2515
0.205
0.0947
0.5221
0.2727
0.1792
0.3032
0.2404
0.4044
0.0625
0.1361
0.2632
0.0979
0.4028
0.2099
0.2118
0.2985
0.3312
0.3869
0.2229
0.1076
0.2778
0.3134
0.4122
0.35
0.1546
0.2749
0.3011
0.1988
0.1312
0.2353
0.2042
0.1967
0.2646
0.3232
0.2055
0.3375
0.2682
0.2156
0.0941
0.2836
0.2573
0.0897
0.0963
0.1695
0.0807
0.0964
0.2312
0.2849
0.4264
0.1667
0.221
0.696
0.2418
0.3006
0.1329
0.2945
0.0838
0.1977
0.3182
0.2908
0.1214
0.1045
0.1603
0.2857
0.2458
0.3145
0.2056
0.0952
0.2147
0.1988
0.2541
0.2579
0.3158
0.2893
0.2
0.2961
0.0994
0.1739
0.0952
0.2189
0.2538
0.3571
0.2174
0.3757
0.4321
0.1598
0.3268
0.1073
0.0714
0.3086
0.3558
0.1186
0.178
0.2989
0.2384
0.25
0.1568
0.2682
0.2229
0.2914
0.3434
0.3036
0.1034
0.3117
0.0788
0.1019
0.0746
0.0838
0.2108
0.3464
0.1989
0.2308
0.1453
0.271
0.0931
0.1989
0.1923
0.0769
0.1977
0.2108
0.2635
0.1921
0.2892
0.172
0.076
0.0718
0.2079
0.2867
0.3311
0.2419
0.055
0.4065
0.1803
0.2727
0.5287
0.1967
0.2157
0.181
0.1287
0.2688
0.0711
0.3158
0.2615
0.4151
0.0784
0.1946
0.2303
0.3014
0.1379
0.3571
0.2774
0.2357
0.0769
0.1782
0.2534
0.1125
0.057
0.0829
0.3254
0.2406
0.2606
0.1875
0.2216
0.3354
0.1227
0.2065
0.1865
0.2513
0.2053
0.1105
0.1266
0.3425
0.12
0.3824
0.1221
0.2743
0.1928
0.2983
0.3396
0.1236
0.0859
0.1875
0.3557
0.4196
0.2979
0.1803
0.2515
0.1458
0.0769
0.2542
0.5
0.2588
0.1
0.2994
0.6067
0.2186
0.1706
0.1141
0.3018
0.0761
0.0966
0.3143
0.193
0.1071
0.2917
0.311
0.0924
0.2527
0.2452
0.2183
0.2532
0.2426
0.0957
0.2697
0.2176
0.2356
0.1475
0.2184
0.1838
0.1477
0.3352
0.3253
0.2788
0.0815
0.2115
0.076
0.2193
0.3067
0.0938
0.3205
0.3287
0.2071
0.2558
0.2267
0.1918
0.4228
0.0819
0.0824
0.1294
0.0899
0.2644
0.148
0.0983
0.1796
0.1105
0.0787
0.2162
0.2446
0.2585
0.2442
0.179
0.338
0.247
0.2256
0.3048
0.1812
0.0741
0.0604
0.1466
0.3137
0.2632
0.25
0.1439
0.268
0.1127
0.3836
0.3623
0.1192
0.0824
0.1728
0.256
0.1923
0.1326
0.1274
0.2527
0.2288
0.209
0.1731
0.0805
0.2528
0.2882
0.2407
0.3354
0.3148
0.0729
0.1675
0.2262
0.2083
0.2418
0.0904
0.2346
0.069
0.1977
0.1729
0.1243
0.2327
0.2128
0.127
0.3487
0.1229
0.1854
0.1292
0.1951
0.2
0.2978
0.3846
0.0747
0.2517
0.2517
0.1019
0.3082
0.3072
0.0714
0.271
0.0744
0.2542
0.0942
0.1818
0.12
0.2444
0.1394
0.0811
0.1872
0.1029
0.2545
0.1214
0.3509
0.1697
0.4452
0.2349
0.3121
0.2483
0.0714
0.1209
0.2034
0.2515
0.3533
0.1946
0.2086
0.1667
0.095
0.2373
0.1238
0.0734
0.1188
0.2035
0.2296
0.2597
0.0923
0.17
0.1354
0.0928
0.2368
0.2116
0.2959
0.2486
0.2866
0.2656
0.1292
0.3355
0.0844
0.3333
0.1792
0.2645
0.1307
0.2203
0.0361
0.1913
0.0899
0.0773
0.2092
0.2865
0.2623
0.15
0.1629
0.2158
0.3077
0.2281
0.2165
0.2188
0.4695
0.2069
0.1009
0.1099
0.1579
0.1342
0.0625
0.3231
0.1882
0.2316
0.25
0.2738
0.2841
0.2814
0.2134
0.2821
0.3101
0.1543
0.3889
0.0806
0.1886
0.0923
0.2671
0.1955
0.2512
0.1221
0.1908
0.1658
0.2531
0.2156
0.0734
0.2588
0.4459
0.1497
0.1046
0.1975
0.2952
0.1045
0.1006
0.2134
0.3197
0.073
0.2484
0.4487
0.0947
0.3043
0.08
0.2222
0.2552
0.1193
0.2303
0.223
0.2403
0.2143
0.372
0.2891
0.1889
0.3176
0.233
0.2164
0.1921
0.3069
0.3514
0.0714
0.0904
0.2795
0.2164
0.0983
0.3875
0.2235
0.2035
0.117
0.2099
0.0819
0.2531
0.0909
0.2039
0.085
0.0909
0.3315
0.089
0.2184
0.1844
0.2866
0.2651
0.1895
0.0745
0.2222
0.1682
0.1073
0.1125
0.1215
0.2267
0.064
0.2545
0.2
0.2812
0.3165
0.2687
0.2222
0.1773
0.3269
0.224
0.1839
0.4305
0.289
0.3816
0.1263
0.0988
0.2384
0.233
0.0838
0.4388
0.3141
0.3491
0.0579
0.201
0.3006
0.096
0.12
0.3401
0.085
0.2446
0.1639
0.1436
0.0995
0.2222
0.271
0.2965
0.0811
0.1923
0.2768
0.3793
0.1789
0.3704
0.3379
0.4224
0.4315
0.1073
0.1919
0.2
0.2804
0.2486
0.2179
0.0909
0.3
0.3592
0.4675
0.0513
0.0816
0.1387
0.2535
0.1211
0.1341
0.2733
0.1839
0.2982
0.2579
0.26
0.3529
0.1765
0.0843
0.0865
0.2097
0.0994
0.0667
0.061
0.2679
0.1616
0.2712
0.1111
0.0588
0.396
0.2516
0.351
0.1289
0.3035
0.2903
0.241
0.2339
0.1927
0.355
0.26
0.1937
0.3129
0.0851
0.25
0.1224
0.3699
0.267
0.0914
0.2573
0.1027
0.3214
0.1235
0.2264
0.2
0.0971
0.1818
0.0971
0.085
0.2922
0.3052
0.12
0.2096
0.1792
0.4184
0.1457
0.2209
0.3812
0.3237
0.2796
0.1159
0.1232
0.2581
0.3276
0.2067
0.2011
0.3856
0.1032
0.0757
0.3152
0.1099
0.2105
0.374
0.4229
0.2185
0.1307
0.1212
0.152
0.2733
0.2317
0.1778
0.233
0.2784
0.3316
0.2304
0.1864
0.2941
0.329
0.2384
0.1517
0.1267
0.3448
0.2111
0.2357
0.1988
0.0867
0.3151
0.373
0.1875
0.2405
0.2609
0.2832
0.0698
0.3586
0.3232
0.2893
0.0894
0.2819
0.0736
0.1104
0.3065
0.1758
0.2011
0.1863
0.0798
0.2886
0.259
0.2386
0.2955
0.3571
0.242
0.2316
0.1257
0.1411
0.1171
0.2267
0.4173
0.131
0.3216
0.1038
0.2912
0.1824
0.1447
0.2651
0.1437
0.2654
0.2637
0.1514
0.4529
0.354
0.2606
0.1317
0.2147
0.2273
0.145
0.2454
0.3597
0.232
0.1462
0.3106
0.2093
0.1176
0.1953
0.1325
0.2444
0.2476
0.1486
0.1061
0.2452
0.1141
0.2606
0.1538
0.3205
0.1667
0.0609
0.1166
0.0973
0.2426
0.1158
0.3526
0.2585
0.2893
0.0851
0.1771
0.2
0.1594
0.2201
0.3208
0.3267
0.179
0.1389
0.1118
0.1907
0.2215
0.2941
0.236
0.3716
0.2275
0.1857
0.2071
0.241
0.2593
0.1941
0.2
0.5
0.1076
0.3029
0.125
0.1024
0.1591
0.1902
0.2384
0.1289
0.2752
0.2989
0.3759
0.2515
0.128
0.1989
0.4201
0.125
0.1783
0.3448
0.1628
0.2646
0.3356
0.1123
0.1706
0.1761
0.2628
0.5071
0.075
0.1657
0.2485
0.3143
0.3168
0.2609
0.2105
0.25
0.2222
0.1634
0.1353
0.2736
0.2857
0.2071
0.4609
0.1803
0.1129
0.1793
0.142
0.0966
0.1042
0.1265
0.2447
0.0711
0.2203
0.2176
0.1136
0.1405
0.125
0.3191
0.2819
0.2663
0.2744
0.3397
0.1088
0.3846
0.2778
0.1935
0.4043
0.3032
0.2194
0.1503
