x
0.3877
0.3757
0.3886
0.3878
0.3902
0.3716
0.363
0.3885
0.3827
0.3893
0.3796
0.375
0.3713
0.3898
0.3892
0.3877
0.3872
0.3777
0.3707
0.3801
0.3857
0.3881
0.387
0.3773
0.3966
0.3833
0.384
0.3819
0.363
0.3922
0.3904
0.3864
0.3851
0.3806
0.3699
0.3644
0.3849
0.3884
0.3856
0.3824
0.3892
0.3788
0.3831
0.3907
0.3911
0.3795
0.3702
0.3787
0.378
0.3819
0.3878
0.3866
0.3817
0.3819
0.3828
0.3829
0.3811
0.3936
0.3809
0.3904
0.38
0.3905
0.3823
0.3829
0.3822
0.3908
0.3843
0.377
0.3905
0.3936
0.373
0.3819
0.3751
0.3743
0.3958
0.3877
0.3933
0.3897
0.3798
0.3851
0.374
0.3863
0.387
0.3839
0.3858
0.3815
0.3749
0.3812
0.3907
0.3821
0.3886
0.3833
0.3895
0.389
0.3929
0.3581
0.389
0.3747
0.3828
0.3936
0.3791
0.3644
0.3935
0.3855
0.3829
0.3928
0.392
0.3865
0.3686
0.3823
0.389
0.3615
0.376
0.3896
0.385
0.381
0.3848
0.3825
0.3749
0.3841
0.3783
0.3635
0.3826
0.371
0.3835
0.3789
0.3859
0.3899
0.3878
0.3802
0.378
0.3853
0.3886
0.3894
0.3848
0.3798
0.3894
0.3924
0.3774
0.3833
0.389
0.3838
0.3735
0.376
0.3697
0.37
0.3833
0.3781
0.3878
0.3861
0.3827
0.3722
0.36
0.3893
0.3676
0.3923
0.3831
0.3861
0.3743
0.3564
0.3805
0.3806
0.3818
0.3866
0.3844
0.3856
0.3796
0.3842
0.3769
0.3891
0.3826
0.3843
0.3791
0.3923
0.3882
0.3614
0.3792
0.3825
0.3912
0.3858
0.3889
0.3728
0.3823
0.3701
0.3934
0.3936
0.3893
0.381
0.3807
0.3821
0.3845
0.377
0.3845
0.3776
0.3775
0.3734
0.3826
0.3817
0.3831
0.3929
0.3828
0.3817
0.3792
0.3735
0.386
0.3797
0.3917
0.3922
0.3697
0.3677
0.3915
0.3834
0.3774
0.3793
0.3834
0.3806
0.39
0.3635
0.3725
0.3715
0.3896
0.3838
0.3677
0.3889
0.3811
0.3882
0.3697
0.3737
0.3906
0.3697
0.3912
0.3821
0.3871
0.3792
0.3906
0.3867
0.3857
0.371
0.3788
0.396
0.3804
0.3895
0.3672
0.3854
0.3866
0.3886
0.3591
0.3697
0.3791
0.3682
0.3808
0.3905
0.3836
0.3825
0.3706
0.3867
0.3639
0.3808
0.3842
0.3825
0.3813
0.3871
0.3798
0.3846
0.3746
0.3875
0.385
0.3777
0.3838
0.3909
0.3789
0.3917
0.3836
0.3771
0.3747
0.3868
0.3902
0.3782
0.3864
0.392
0.3853
0.3761
0.3761
0.3886
0.3671
0.3901
0.3916
0.3883
0.3838
0.3873
0.3939
0.3816
0.3855
0.3927
0.3656
0.3846
0.3845
0.3681
0.3756
0.3886
0.3828
0.3935
0.3847
0.3793
0.3732
0.3726
0.3841
0.3863
0.391
0.3904
0.383
0.3967
0.3832
0.3912
0.3877
0.3846
0.3943
0.3803
0.3828
0.3866
0.3872
0.3821
0.3768
0.3808
0.3762
0.3811
0.3806
0.3899
0.3786
0.3826
0.3628
0.3681
0.3857
0.3732
0.389
0.3605
0.3911
0.3762
0.3909
0.3813
0.3821
0.3837
0.3868
0.3923
0.3846
0.3566
0.3812
0.3839
0.3877
0.369
0.3894
0.3842
0.3895
0.3848
0.3821
0.3571
0.3847
0.3849
0.3726
0.3866
0.3809
0.3957
0.3855
0.3903
0.3884
0.3661
0.3826
0.3829
0.3868
0.3934
0.3825
0.3863
0.3671
0.3754
0.3932
0.3886
0.3834
0.3841
0.392
0.3754
0.3827
0.3823
0.3849
0.3867
0.3769
0.3824
0.3687
0.3904
0.3729
0.3871
0.3626
0.3884
0.3924
0.3857
0.3809
0.3615
0.3891
0.3801
0.3806
0.3894
0.3853
0.3813
0.3792
0.3665
0.3728
0.377
0.3864
0.3581
0.3757
0.38
0.3714
0.3895
0.3766
0.385
0.38
0.3787
0.3695
0.3776
0.3791
0.3766
0.392
0.3744
0.3805
0.3728
0.3905
0.3823
0.3933
0.3826
0.3909
0.3737
0.3921
0.3736
0.3775
0.3822
0.3897
0.3908
0.3865
0.3861
0.3725
0.3867
0.3765
0.3813
0.3907
0.3795
0.3949
0.3774
0.3829
0.3907
0.378
0.3846
0.3839
0.3865
0.3882
0.3889
0.3709
0.3719
0.3853
0.3902
0.3875
0.3797
0.3879
0.3877
0.3879
0.3911
0.3794
0.3834
0.3866
0.3814
0.3813
0.3904
0.3936
0.381
0.3836
0.3892
0.379
0.3887
0.3745
0.3831
0.3786
0.3739
0.3791
0.3803
0.39
0.3845
0.3854
0.3892
0.3911
0.3861
0.3848
0.3807
0.3822
0.39
0.3759
0.371
0.3807
0.3776
0.3887
0.3752
0.3777
0.3929
0.3812
0.3783
0.3759
0.3855
0.3872
0.3847
0.3791
0.3848
0.3881
0.3855
0.3757
0.3848
0.3876
0.3923
0.3884
0.3774
0.386
0.3782
0.3735
0.3748
0.3901
0.3915
0.3943
0.3846
0.3811
0.3768
0.3841
0.3888
0.3564
0.3713
0.3909
0.393
0.3779
0.3762
0.3733
0.3895
0.3829
0.3864
0.3836
0.3805
0.3736
0.3643
0.3907
0.3849
0.3915
0.3789
0.385
0.3856
0.3805
0.3857
0.3697
0.3894
0.3888
0.3729
0.3847
0.3937
0.3816
0.3857
0.389
0.3896
0.3846
0.371
0.3841
0.393
0.3901
0.3871
0.3888
0.389
0.3819
0.3648
0.3716
0.3901
0.3655
0.3925
0.3657
0.378
0.38
0.3806
0.393
0.3734
0.3731
0.3903
0.3832
0.3866
0.3885
0.3889
0.3858
0.3857
0.3668
0.3892
0.3844
0.3747
0.3771
0.377
0.3946
0.3804
0.3718
0.3724
0.3856
0.386
0.3876
0.3915
0.3938
0.3677
0.379
0.3822
0.3874
0.3898
0.3826
0.3813
0.3864
0.3814
0.3746
0.3762
0.3838
0.3712
0.3869
0.3813
0.3747
0.3835
0.3655
0.3783
0.3896
0.3722
0.382
0.3896
0.3893
0.3767
0.3917
0.3796
0.3884
0.3842
0.3661
0.3842
0.3833
0.3886
0.364
0.3908
0.3843
0.3881
0.385
0.392
0.3835
0.3915
0.3832
0.3799
0.3759
0.3784
0.376
0.39
0.3894
0.389
0.3862
0.3748
0.3815
0.3898
0.3876
0.3905
0.3748
0.378
0.369
0.3934
0.3818
0.3891
0.3891
0.3822
0.3926
0.3888
0.374
0.3814
0.375
0.3728
0.3892
0.3859
0.3848
0.3681
0.3889
0.3768
0.3958
0.389
0.3917
0.3727
0.3732
0.3905
0.3842
0.3825
0.3926
0.3725
0.3833
0.3783
0.3896
0.3871
0.386
0.376
0.368
0.3846
0.3684
0.3823
0.3881
0.3904
0.381
0.3854
0.3722
0.3772
0.3755
0.3938
0.376
0.3832
0.3703
0.3941
0.3824
0.3887
0.3842
0.3908
0.3791
0.3739
0.3775
0.3932
0.383
0.3856
0.3872
0.3823
0.3811
0.389
0.387
0.3783
0.3793
0.3749
0.3896
0.3876
0.3922
0.3842
0.3802
0.3789
0.3735
0.3826
0.3687
0.3836
0.3803
0.3882
0.3694
0.384
0.3907
0.3798
0.3782
0.3857
0.3809
0.3914
0.387
0.3894
0.3801
0.3885
0.3745
0.3676
0.39
0.3689
0.3841
0.3657
0.3769
0.3619
0.3766
0.381
0.3833
0.3885
0.3765
0.37
0.379
0.3853
0.3687
0.385
0.3935
0.3861
0.3408
0.3873
0.3879
0.3742
0.3804
0.375
0.3887
0.3821
0.3707
0.3903
0.3893
0.3802
0.3737
0.3821
0.3908
0.3892
0.3821
0.3738
0.3737
0.374
0.3712
0.3857
0.3836
0.3617
0.3819
0.3875
0.3878
0.3879
0.3904
0.3861
0.371
0.3826
0.3871
0.3779
0.3739
0.3834
0.3912
0.38
0.3862
0.3771
0.3906
0.3841
0.3938
0.3702
0.3726
0.3773
0.3794
0.3845
0.3916
0.387
0.381
0.3899
0.3686
0.3784
0.3762
0.3847
0.3813
0.3892
0.3849
0.3736
0.394
0.3865
0.3838
0.3829
0.3911
0.3923
0.3879
0.3861
0.3779
0.3917
0.3864
0.3927
0.3732
0.3844
0.3793
0.3865
0.3802
0.3868
0.3825
0.3823
0.3872
0.3829
0.3871
0.385
0.3764
0.3845
0.3908
0.3921
0.3868
0.3837
0.3876
0.394
0.3765
0.3785
0.369
0.3699
0.3756
0.3913
0.3844
0.365
0.3793
0.3869
0.3888
0.3836
0.3825
0.3694
0.3923
0.3897
0.3903
0.3782
0.3928
0.3914
0.3799
0.3854
0.3829
0.3869
0.3781
0.3773
0.3819
0.382
0.3842
0.3647
0.3879
0.3775
0.3788
0.3881
0.3783
0.3525
0.3891
0.3819
0.3828
0.3739
0.3791
0.3885
0.3806
0.3676
0.3883
0.3818
0.3923
0.3715
0.3798
0.3847
0.391
0.3741
0.3758
0.3898
0.3922
0.386
0.3891
0.392
0.3866
0.3843
0.3825
0.3766
0.383
0.3916
0.3824
0.3729
0.3745
0.3759
0.3882
0.3921
0.3811
0.3786
0.373
0.3887
0.3814
0.3868
0.3864
0.3845
0.3774
0.3776
0.3882
0.3668
0.389
0.3886
0.3804
0.3784
0.3748
0.3692
0.3853
0.3906
0.3809
0.3892
0.376
0.3758
0.3821
0.3841
0.3881
0.3917
0.3771
0.378
0.3943
0.3873
0.3841
0.3768
0.3669
0.383
0.3853
0.3709
0.3708
0.3801
0.3683
0.3735
0.3862
0.379
0.3801
0.3874
0.3936
0.3919
0.3837
0.388
0.3907
0.3798
0.3941
0.3812
0.384
0.3785
0.3827
0.3797
0.3858
0.3881
0.3876
0.3845
0.3758
0.3891
0.3737
0.3816
0.3974
0.3866
0.3929
0.3927
0.3973
0.3937
0.3756
0.3703
0.3855
0.3992
0.3894
0.3843
0.3952
0.3997
0.3841
0.3828
0.3924
0.3773
0.384
0.3866
0.398
0.3908
0.3741
0.3835
0.3983
0.3876
0.3882
0.3925
0.377
0.3982
0.3831
0.3929
0.3947
0.3886
0.3796
0.3705
0.387
0.3931
0.3937
0.3853
0.388
0.3907
0.3811
0.3882
0.3968
0.3671
0.3916
0.3766
0.3787
0.3678
0.3991
0.396
0.3848
0.3836
0.3874
0.3926
0.3836
0.3987
0.3983
0.3814
0.3853
0.3959
0.3861
0.3987
0.3694
0.3957
0.3948
0.3964
0.3955
0.397
0.3908
0.388
0.3893
0.393
0.3973
0.3919
0.3932
0.3958
0.3873
0.3973
0.389
0.3919
0.3981
0.3934
0.3829
0.3979
0.3986
0.3955
0.3825
0.3879
0.3771
0.3913
0.3911
0.3967
0.3988
0.3596
0.3791
0.3801
0.3864
0.397
0.3798
0.3669
0.396
0.3857
0.3987
0.3988
0.396
0.3987
0.3567
0.3965
0.3934
0.3888
0.3962
0.3929
0.3985
0.3994
0.3864
0.3955
0.3598
0.3876
0.3936
0.3639
0.3736
0.3726
0.3757
0.3966
0.3878
0.394
0.3754
0.3803
0.3795
0.3981
0.3948
0.3974
0.3945
0.3835
0.3979
0.3878
0.3822
0.3947
0.3976
0.3911
0.3992
0.3777
0.3786
0.386
0.3876
0.3944
0.3947
0.3987
0.3873
0.3991
0.3711
0.3979
0.3813
0.3914
0.396
0.3994
0.3866
0.3577
0.3971
0.3758
0.3918
0.397
0.3932
0.3864
0.3776
0.3859
0.3839
0.3975
0.3865
0.3993
0.3929
0.3965
0.3982
0.3777
0.3845
0.3869
0.3989
0.3992
0.3902
0.3811
0.3752
0.3756
0.3767
0.3961
0.3911
0.3861
0.3828
0.3989
0.3885
0.399
0.3846
0.3968
0.3737
0.3837
0.3811
0.3966
0.3808
0.3974
0.3915
0.378
0.3729
0.3584
0.3984
0.3914
0.3767
0.3969
0.3729
0.3755
0.3984
0.389
0.3773
0.398
0.3883
0.3745
0.3937
0.3814
0.3939
0.3568
0.3993
0.3941
0.3656
0.3909
0.3837
0.3926
0.3988
0.3919
0.3972
0.3892
0.3854
0.3818
0.3938
0.389
0.3949
0.3917
0.3896
0.3881
0.3839
0.3974
0.3984
0.3984
0.3825
0.3759
0.3876
0.3872
0.3844
0.3838
0.3977
0.3737
0.3793
0.3963
0.399
0.3878
0.3978
0.398
0.3831
0.3895
0.3876
0.3981
0.3868
0.3866
0.39
0.3888
0.3976
0.3971
0.374
0.3985
0.3895
0.3953
0.3834
0.3949
0.3858
0.3656
0.3948
0.3798
0.3944
0.3871
0.3915
0.3853
0.398
0.3791
0.3962
0.3871
0.3822
0.3894
0.385
0.3835
0.3885
0.3837
0.3936
0.3892
0.3863
0.3871
0.3678
0.398
0.3909
0.3921
0.3984
0.3987
0.3942
0.3978
0.388
0.389
0.383
0.3865
0.3981
0.3942
0.3969
0.3873
0.3967
0.3988
0.3968
0.3955
0.3974
0.3993
0.3985
0.3835
0.399
0.387
0.3759
0.3965
0.3942
0.3817
0.373
0.3983
0.3908
0.3968
0.3944
0.3897
0.3756
0.3982
0.3975
0.3781
0.3956
0.375
0.3988
0.3824
0.3951
0.3823
0.3756
0.3925
0.397
0.3976
0.3904
0.3683
0.3956
0.3916
0.396
0.3953
0.3897
0.399
0.3935
0.3992
0.3833
0.3454
0.3848
0.3883
0.3967
0.3953
0.387
0.3988
0.3862
0.3942
0.3963
0.3815
0.3791
0.3891
0.3938
0.3974
0.3741
0.3955
0.3658
0.3941
0.3924
0.3842
0.3833
0.3971
0.396
0.3983
0.3825
0.3846
0.3924
0.3974
0.3983
0.386
0.3746
0.3895
0.398
0.3808
0.3933
0.3956
0.395
0.3878
0.3918
0.3731
0.3916
0.391
0.3951
0.3794
0.3968
0.3987
0.3871
0.3873
0.3843
0.3747
0.3883
0.3561
0.3805
0.3991
0.3851
0.3988
0.3883
0.3873
0.3908
0.3815
0.3909
0.3842
0.3812
0.3871
0.3968
0.3867
0.3888
0.3709
0.3966
0.3802
0.3987
0.3848
0.3887
0.3805
0.3904
0.3985
0.3853
0.3813
0.3823
0.3935
0.392
0.3845
0.3893
0.3889
0.3753
0.3916
0.3988
0.385
0.3984
0.394
0.3986
0.3901
0.3847
0.3899
0.3979
0.3936
0.3944
0.3925
0.3766
0.3693
0.3951
0.3989
0.3883
0.3897
0.3902
0.3974
0.3933
0.3921
0.3834
0.3743
0.3827
0.3846
0.3933
0.3831
0.3859
0.3924
0.3839
0.386
0.3886
0.3977
0.3918
0.3921
0.3915
0.3826
0.3951
0.3987
0.3899
0.3879
0.3816
0.3918
0.3933
0.3991
0.3944
0.3813
0.3795
0.3903
0.3832
0.396
0.3808
0.3823
0.3878
0.3647
0.3905
0.3839
0.3923
0.3648
0.3896
0.3862
0.3814
0.3994
0.3948
0.3823
0.3842
0.3959
0.3857
0.3898
0.3969
0.3831
0.3887
0.3925
0.374
0.3846
0.3806
0.3698
0.39
0.3982
0.399
0.3943
0.3871
0.3871
0.3977
0.3875
0.3715
0.391
0.3836
0.3972
0.3803
0.3869
0.3857
0.3985
0.3954
0.3975
0.3944
0.3854
0.3972
0.3989
0.3956
0.395
0.3902
0.3966
0.3956
0.3842
0.3836
0.3844
0.3948
0.3896
0.3924
0.3986
0.3823
0.3971
0.3966
0.3908
0.3976
0.3991
0.3807
0.3785
0.3984
0.3963
0.387
0.3841
0.3824
0.3959
0.3947
0.3904
0.3866
0.3947
0.3711
0.386
0.3761
0.3993
0.3986
0.3898
0.3971
0.3837
0.3906
0.3984
0.3956
0.3893
0.3927
0.3926
0.3883
0.3924
0.378
0.3906
0.3976
0.3765
0.3698
0.3835
0.3907
0.3955
0.3908
0.3879
0.3924
0.3989
0.399
0.388
0.3982
0.3798
0.3962
0.3842
0.393
0.39
0.389
0.3799
0.3929
0.398
0.3978
0.3764
0.3968
0.3806
0.3934
0.3971
0.3809
0.3808
0.3739
0.3932
0.3989
0.3953
0.3917
0.3953
0.3853
0.3803
0.3917
0.391
0.3896
0.3947
0.3918
0.3806
0.3884
0.3885
0.3644
0.3985
0.3866
0.3969
0.3985
0.3979
0.3917
0.3968
0.3787
0.3989
0.3826
0.397
0.3893
0.3906
0.3842
0.3872
0.3904
0.3869
0.3777
0.3957
0.3976
0.3997
0.3816
0.3907
0.3973
0.3878
0.3985
0.3964
0.3968
0.3907
0.3945
0.3837
0.3893
0.3912
0.3982
0.3863
0.3833
0.397
0.3984
0.3875
0.3877
0.3959
0.3982
0.3818
0.3978
0.3984
0.386
0.3931
0.3974
0.3987
0.3947
0.3727
0.3917
0.3865
0.3858
0.3961
0.3929
0.394
0.3793
0.3906
0.3991
0.3816
0.3854
0.3979
0.3805
0.3947
0.3751
0.3848
0.3887
0.3963
0.3815
0.3976
0.3774
0.3925
0.3839
0.3956
0.3828
0.3984
0.3978
0.3722
0.3932
0.3994
0.3852
0.3903
0.3888
0.3834
0.3951
0.3893
0.3846
0.3891
0.3743
0.3699
0.396
0.3972
0.397
0.3988
0.3866
0.3961
0.3699
0.3981
0.3882
0.3979
0.3804
0.3866
0.3906
0.3851
0.3892
0.3772
0.3986
0.3895
0.3942
0.3985
0.3968
0.3926
0.3755
0.3986
0.3786
0.3658
0.3869
0.3961
0.389
0.3685
0.3944
0.3726
0.3758
0.3894
0.3991
0.3964
0.383
0.3899
0.3705
0.3964
0.375
0.395
0.391
0.3914
0.3555
0.3962
0.3861
0.3833
0.3911
0.3747
0.3895
0.3987
0.3753
0.3989
0.3836
0.3847
0.3745
0.3857
0.3916
0.3971
0.3848
0.38
0.3836
0.3757
0.3963
0.3973
0.3841
0.3692
0.3759
0.391
0.3955
0.3994
0.392
0.3914
0.3927
0.3876
0.396
0.3961
0.3837
0.3897
0.3924
0.398
0.395
0.3817
0.3991
0.389
0.3952
0.3679
0.3715
0.3742
0.3812
0.3854
0.3846
0.3964
0.3895
0.3984
0.3881
0.3831
0.3886
0.3957
0.3817
0.3977
0.3939
0.3912
0.3951
0.3923
0.392
0.3819
0.398
0.3927
0.3979
0.3961
0.3793
0.3967
0.3934
0.3914
0.3987
0.3822
0.3944
0.3953
0.3825
0.3912
0.3969
0.3778
0.3907
0.3841
0.3966
0.396
0.3765
0.3983
0.391
0.3842
0.3926
0.3788
0.396
0.39
0.3883
0.3951
0.395
0.3769
0.3687
0.399
0.3847
0.3804
0.3803
0.3989
0.3937
0.3965
0.3963
0.3702
0.3989
0.3786
0.3987
0.3937
0.3976
0.389
0.3904
0.3976
0.3952
0.3987
0.3861
0.3907
0.3957
0.383
0.3951
0.3923
0.3979
0.3983
0.3845
0.3963
0.3881
0.3537
0.3969
0.3916
0.3985
0.382
0.3908
0.3888
0.3938
0.3834
0.3956
0.3953
0.3933
0.38
0.3832
0.3951
0.3961
0.3797
0.395
0.3979
0.3897
0.3938
0.3957
0.3988
0.3922
0.397
0.3938
0.3947
0.3914
0.3929
0.3841
0.3866
0.3825
0.3851
0.3928
0.3989
0.3806
0.3864
0.382
0.3925
0.378
0.3973
0.3963
0.3847
0.3972
0.3725
0.3778
0.3654
0.3985
0.3987
0.3818
0.3923
0.3973
0.3921
0.3849
0.3962
0.3932
0.3967
0.3824
0.3766
0.3832
0.3894
0.3938
0.3954
0.3953
0.3791
0.3938
0.3987
0.387
0.3948
0.3844
0.3844
0.3946
0.3908
0.3706
0.3938
0.3937
0.3928
0.3894
0.3987
0.3986
0.3984
0.3977
0.3985
0.3959
0.3899
0.3967
0.3846
0.3973
0.3978
0.3954
0.3822
0.3894
0.3964
0.3951
0.3706
0.3963
0.385
0.3836
0.3888
0.3809
0.3911
0.3955
0.3947
0.3934
0.3883
0.399
0.3947
0.3697
0.3982
0.3996
0.3984
0.3913
0.385
0.3904
0.3995
0.3931
0.384
0.3917
0.3985
0.3994
0.3949
0.3956
0.3988
0.3972
0.3988
0.3987
0.385
0.3868
0.3925
0.3983
0.3967
0.3931
0.397
0.3939
0.3782
0.3946
0.3791
0.3959
0.397
0.394
0.3919
0.3945
0.3911
0.3976
0.3978
0.3978
0.3965
0.3911
0.3755
0.3898
0.3997
0.399
0.397
0.3841
0.3913
0.3907
0.3974
0.3935
0.3982
0.395
0.3968
0.3893
0.3985
0.3895
0.3989
0.3844
0.397
0.3954
0.3996
0.3995
0.3994
0.3911
0.3987
0.3975
0.3973
0.3977
0.3945
0.3939
0.3954
0.382
0.3995
0.3928
0.3987
0.3966
0.3956
0.3866
0.3967
0.3959
0.3958
0.3991
0.3942
0.3964
0.3913
0.3916
0.3984
0.3986
0.3736
0.3979
0.3865
0.3985
0.3971
0.3849
0.3556
0.3972
0.3954
0.3993
0.3954
0.3981
0.3993
0.3956
0.3979
0.3963
0.3848
0.3987
0.398
0.3992
0.3977
0.395
0.3994
0.3952
0.3928
0.3958
0.3657
0.3902
0.3886
0.3969
0.3977
0.3911
0.3987
0.3957
0.3934
0.3856
0.3927
0.3967
0.396
0.3988
0.3848
0.3985
0.3966
0.3987
0.396
0.397
0.3986
0.3993
0.3938
0.3836
0.3865
0.3884
0.3953
0.3979
0.3884
0.3955
0.397
0.3674
0.3992
0.3773
0.3929
0.3969
0.3994
0.3925
0.3523
0.3984
0.3804
0.3985
0.3961
0.3972
0.3869
0.395
0.3884
0.3887
0.3993
0.399
0.3976
0.3925
0.3969
0.3988
0.3843
0.3968
0.3927
0.3988
0.3984
0.3979
0.3794
0.3912
0.3785
0.3883
0.3962
0.3961
0.3887
0.386
0.3984
0.3975
0.3991
0.3928
0.3967
0.385
0.3951
0.3782
0.3986
0.3964
0.398
0.3963
0.3825
0.3907
0.394
0.3967
0.3955
0.3989
0.3983
0.3749
0.3744
0.3991
0.3928
0.379
0.3982
0.3845
0.3846
0.397
0.3924
0.3899
0.3834
0.3978
0.3912
0.3719
0.3954
0.384
0.3953
0.3981
0.3803
0.3984
0.396
0.3987
0.3974
0.3895
0.3898
0.3978
0.3934
0.3811
0.3935
0.3842
0.398
0.3972
0.3971
0.3965
0.3974
0.3868
0.3955
0.3985
0.3937
0.3977
0.383
0.3931
0.399
0.3989
0.3988
0.3899
0.3966
0.3784
0.3885
0.3845
0.3981
0.3888
0.3934
0.3895
0.3971
0.3985
0.3972
0.3973
0.397
0.3934
0.3946
0.3959
0.3974
0.3973
0.3774
0.3933
0.3982
0.3971
0.398
0.3959
0.3978
0.3976
0.3809
0.3981
0.398
0.3809
0.3977
0.3992
0.3835
0.3875
0.3969
0.397
0.3971
0.3981
0.3979
0.3965
0.398
0.3886
0.3972
0.3991
0.3979
0.394
0.3956
0.387
0.3972
0.3869
0.3913
0.3975
0.3959
0.3959
0.395
0.3985
0.3978
0.3981
0.3965
0.398
0.3993
0.3994
0.3975
0.3994
0.3976
0.386
0.3969
0.3962
0.3777
0.377
0.3979
0.3911
0.3978
0.3924
0.3937
0.3777
0.3832
0.3975
0.3898
0.3983
0.3829
0.3975
0.3959
0.3982
0.399
0.3814
0.3967
0.3995
0.3977
0.3915
0.3651
0.3919
0.3991
0.3944
0.3983
0.3919
0.3993
0.3974
0.3977
0.398
0.3506
0.3945
0.3885
0.3963
0.3973
0.393
0.3992
0.3875
0.3989
0.3965
0.3775
0.382
0.391
0.3947
0.3977
0.3958
0.3918
0.3682
0.3922
0.3993
0.389
0.3923
0.398
0.397
0.3976
0.3921
0.3986
0.3985
0.396
0.3979
0.3848
0.3771
0.3963
0.3989
0.3884
0.3932
0.3979
0.3944
0.3907
0.3986
0.3685
0.3968
0.3915
0.3989
0.3986
0.3976
0.3985
0.3791
0.3901
0.3872
0.387
0.3928
0.3593
0.3819
0.3979
0.3774
0.3993
0.3948
0.3869
0.3934
0.3799
0.3941
0.3835
0.382
0.3987
0.399
0.3964
0.3913
0.3772
0.3971
0.3945
0.3974
0.3943
0.3984
0.3821
0.3976
0.3987
0.3865
0.3971
0.3976
0.3969
0.3979
0.3918
0.3875
0.3953
0.3754
0.395
0.398
0.3973
0.3993
0.397
0.3986
0.3977
0.3959
0.3971
0.3977
0.3928
0.3947
0.3954
0.373
0.3684
0.3978
0.3977
0.3913
0.388
0.3938
0.3954
0.3903
0.395
0.3926
0.3947
0.3966
0.3853
0.398
0.3981
0.3993
0.3925
0.3928
0.3984
0.3924
0.3977
0.3986
0.3932
0.3902
0.3906
0.3975
0.3983
0.3966
0.3975
0.3913
0.3987
0.3985
0.3947
0.3956
0.391
0.3969
0.399
0.3774
0.3952
0.3966
0.3827
0.3972
0.3784
0.3958
0.397
0.3947
0.3978
0.3882
0.3935
0.3968
0.3982
0.3942
0.3974
0.3973
0.3981
0.3983
0.3977
0.3944
0.398
0.3973
0.3966
0.3889
0.3933
0.3763
0.3993
0.3933
0.398
0.3977
0.3943
0.3979
0.3969
0.3978
0.3791
0.371
0.3921
0.393
0.3992
0.3814
0.3862
0.378
0.3988
0.3887
0.3985
0.3876
0.3966
0.3968
0.3986
0.3991
0.3933
0.3976
0.3937
0.3986
0.3978
0.388
0.3849
0.3951
0.394
0.3972
0.3982
0.3993
0.3959
0.3957
0.3967
0.3969
0.3988
0.3782
0.3973
0.3962
0.3952
0.3974
0.3981
0.3941
0.3994
0.3976
0.3813
0.388
0.3968
0.366
0.3943
0.3752
0.3986
0.3986
0.3975
0.3978
0.396
0.3986
0.3989
0.3972
0.3979
0.3947
0.3915
0.3965
0.3945
0.3792
0.3961
0.3976
0.3771
0.3783
0.3851
0.3957
0.395
0.3846
0.3865
0.3963
0.3993
0.3993
0.3971
0.3995
0.3785
0.3987
0.3854
0.3983
0.3937
0.3906
0.3951
0.396
0.3974
0.3974
0.3929
0.3973
0.3766
0.3918
0.3973
0.3953
0.3875
0.3714
0.3878
0.3978
0.3979
0.3905
0.3914
0.3879
0.3851
0.3961
0.3968
0.3978
0.3966
0.3825
0.3947
0.3958
0.3912
0.358
0.3963
0.3993
0.3987
0.3982
0.3894
0.3981
0.3972
0.3964
0.3997
0.3819
0.3993
0.3938
0.3968
0.391
0.3967
0.3982
0.3965
0.3801
0.3983
0.3973
0.3977
0.3864
0.3959
0.3943
0.3967
0.3972
0.3981
0.3973
0.3963
0.3983
0.3999
0.3873
0.3957
0.3995
0.3939
0.397
0.3966
0.3985
0.3877
0.3963
0.3984
0.3964
0.3983
0.3992
0.3992
0.3896
0.3981
0.3987
0.3964
0.3961
0.3781
0.3956
0.3982
0.3975
0.3969
0.3894
0.3971
0.3869
0.3876
0.3993
0.3953
0.3942
0.3984
0.3823
0.3981
0.3716
0.3874
0.3979
0.3955
0.3883
0.3985
0.37
0.397
0.3957
0.3959
0.3988
0.3983
0.3988
0.3922
0.3957
0.3975
0.3984
0.3856
0.3945
0.3948
0.3997
0.3931
0.3957
0.3875
0.3907
0.3983
0.3963
0.3974
0.3977
0.3981
0.3911
0.393
0.3842
0.3972
0.3813
0.3964
0.3849
0.3984
0.3911
0.3993
0.3883
0.3805
0.3954
0.3902
0.3981
0.3989
0.3977
0.3965
0.3984
0.3968
0.3946
0.3684
0.3864
0.3945
0.3957
0.3804
0.397
0.373
0.3976
0.3928
0.3958
0.3953
0.385
0.3923
0.3851
0.3965
0.3691
0.3949
0.396
0.3969
0.3455
0.3963
0.3977
0.3817
0.3783
0.3762
0.3938
0.3986
0.3795
0.3945
0.3941
0.3919
0.376
0.3973
0.3907
0.398
0.3937
0.3794
0.3808
0.3889
0.398
0.3982
0.3915
0.3738
0.3962
0.3903
0.3974
0.3979
0.3943
0.3921
0.3935
0.3979
0.3974
0.3884
0.386
0.3936
0.3895
0.3974
0.3976
0.3904
0.3978
0.396
0.3952
0.3831
0.3758
0.3955
0.3959
0.3987
0.3996
0.3971
0.3945
0.3991
0.3899
0.3845
0.3875
0.3983
0.3939
0.3981
0.3952
0.3985
0.3965
0.3947
0.3912
0.3983
0.3982
0.3951
0.3942
0.399
0.3991
0.3994
0.3914
0.3978
0.3988
0.3991
0.3945
0.397
0.3883
0.3973
0.3968
0.3969
0.397
0.3941
0.399
0.3979
0.3841
0.3984
0.396
0.3972
0.3966
0.3794
0.3972
0.3981
0.3926
0.3913
0.3952
0.3894
0.3667
0.3987
0.3989
0.39
0.3896
0.3991
0.3922
0.3988
0.3975
0.3746
0.3998
0.3922
0.3988
0.3919
0.3968
0.3986
0.3915
0.3982
0.3919
0.3991
0.3866
0.3907
0.3946
0.3953
0.3978
0.3937
0.3988
0.3986
0.3968
0.3974
0.3826
0.3828
0.3994
0.3881
0.3965
0.3888
0.3923
0.3981
0.3945
0.3845
0.3967
0.3942
0.3953
0.3779
0.3803
0.3976
0.3969
0.3764
0.3962
0.3981
0.3973
0.3944
0.398
0.3986
0.3972
0.3992
0.3935
0.3944
0.3927
0.3967
0.3967
0.3835
0.3831
0.3839
0.3933
0.399
0.3844
0.3963
0.3802
0.398
0.3967
0.3987
0.3978
0.39
0.3992
0.3982
0.3889
0.3677
0.3987
0.3989
0.3848
0.3967
0.3971
0.3829
0.3982
0.3974
0.3878
0.3977
0.3986
0.3761
0.3989
0.3989
0.3949
0.3959
0.3984
0.3972
0.3994
0.3976
0.3937
0.3954
0.3881
0.3921
0.3959
0.3934
0.3745
0.3856
0.3888
0.397
0.3891
0.3968
0.3987
0.3971
0.399
0.3981
0.3855
0.3968
0.398
0.3861
0.3962
0.398
0.397
0.3886
0.397
0.3972
0.3965
0.3987
0.3932
0.3974
0.3779
0.3854
0.383
0.394
NA
NA
NA
NA
NA
NA
NA
NA
NA
NA
NA
NA
NA
NA
NA
NA
NA
NA
NA
NA
NA
NA
NA
NA
NA
NA
NA
NA
NA
NA
NA
NA
NA
NA
NA
NA
NA
NA
NA
NA
NA
NA
NA
NA
NA
NA
NA
NA
NA
NA
NA
NA
NA
NA
NA
NA
NA
NA
NA
NA
NA
NA
NA
NA
NA
NA
NA
NA
NA
NA
NA
NA
NA
NA
NA
NA
NA
NA
NA
NA
NA
NA
NA
NA
NA
NA
NA
NA
NA
NA
NA
NA
NA
NA
NA
NA
NA
NA
NA
NA
NA
NA
NA
NA
NA
NA
NA
NA
NA
NA
NA
NA
NA
NA
NA
NA
NA
NA
NA
NA
NA
NA
NA
NA
NA
NA
NA
NA
NA
NA
NA
NA
NA
NA
NA
NA
NA
NA
NA
NA
NA
NA
NA
NA
NA
NA
NA
NA
NA
NA
NA
NA
NA
NA
NA
NA
NA
NA
NA
NA
NA
NA
NA
NA
NA
NA
NA
NA
NA
NA
NA
NA
NA
NA
NA
NA
NA
NA
NA
NA
NA
NA
NA
NA
NA
NA
NA
NA
NA
NA
NA
NA
NA
NA
NA
NA
NA
NA
NA
NA
NA
NA
NA
NA
NA
NA
NA
NA
NA
NA
NA
NA
NA
NA
NA
NA
NA
NA
NA
NA
NA
NA
NA
NA
NA
NA
NA
NA
NA
NA
NA
NA
NA
NA
NA
NA
NA
NA
NA
NA
NA
NA
NA
NA
NA
NA
NA
NA
NA
NA
NA
NA
NA
NA
NA
NA
NA
NA
NA
NA
NA
NA
NA
NA
NA
NA
NA
NA
NA
NA
NA
NA
NA
NA
NA
NA
NA
NA
NA
NA
NA
NA
NA
NA
NA
NA
NA
NA
NA
NA
NA
NA
NA
NA
NA
NA
NA
NA
NA
NA
NA
NA
NA
NA
NA
NA
NA
NA
NA
NA
NA
NA
NA
NA
NA
NA
NA
NA
NA
NA
NA
NA
NA
NA
NA
NA
NA
NA
NA
NA
NA
NA
NA
NA
NA
NA
NA
NA
NA
NA
NA
NA
NA
NA
NA
NA
NA
NA
NA
NA
NA
NA
NA
NA
NA
NA
NA
NA
NA
NA
NA
NA
NA
NA
NA
NA
NA
NA
NA
NA
NA
NA
NA
NA
NA
NA
NA
NA
NA
NA
NA
NA
NA
NA
NA
NA
NA
NA
NA
NA
NA
NA
NA
NA
NA
NA
NA
NA
NA
NA
NA
NA
NA
NA
NA
NA
NA
NA
NA
NA
NA
NA
NA
NA
NA
NA
NA
NA
NA
NA
NA
NA
NA
NA
NA
NA
NA
NA
NA
NA
NA
NA
NA
NA
NA
NA
NA
NA
NA
NA
NA
NA
NA
NA
NA
NA
NA
NA
NA
NA
NA
NA
NA
NA
NA
NA
NA
NA
NA
NA
NA
NA
NA
NA
NA
NA
NA
NA
NA
NA
NA
NA
NA
NA
NA
NA
NA
NA
NA
NA
NA
NA
NA
NA
NA
NA
NA
NA
NA
NA
NA
NA
NA
NA
NA
NA
NA
NA
NA
NA
NA
NA
NA
NA
NA
NA
NA
NA
NA
NA
NA
NA
NA
NA
NA
NA
NA
NA
NA
NA
NA
NA
NA
NA
NA
NA
NA
NA
NA
NA
NA
NA
NA
NA
NA
NA
NA
NA
NA
NA
NA
NA
NA
NA
NA
NA
NA
NA
NA
NA
NA
NA
NA
NA
NA
NA
NA
NA
NA
NA
NA
NA
NA
NA
NA
NA
NA
NA
NA
NA
NA
NA
NA
NA
NA
NA
NA
NA
NA
NA
NA
NA
NA
NA
NA
NA
NA
NA
NA
NA
NA
NA
NA
NA
NA
NA
NA
NA
NA
NA
NA
NA
NA
NA
NA
NA
NA
NA
NA
NA
NA
NA
NA
NA
NA
NA
NA
NA
NA
NA
NA
NA
NA
NA
NA
NA
NA
NA
NA
NA
NA
NA
NA
NA
NA
NA
NA
NA
NA
NA
NA
NA
NA
NA
NA
NA
NA
NA
NA
NA
NA
NA
NA
NA
NA
NA
NA
NA
NA
NA
NA
NA
NA
NA
NA
NA
NA
NA
NA
NA
NA
NA
NA
NA
NA
NA
NA
NA
NA
NA
NA
NA
NA
NA
NA
NA
NA
NA
NA
NA
NA
NA
NA
NA
NA
NA
NA
NA
NA
NA
NA
NA
NA
NA
NA
NA
NA
NA
NA
NA
NA
NA
NA
NA
NA
NA
NA
NA
NA
NA
NA
NA
NA
NA
NA
NA
NA
NA
NA
NA
NA
NA
NA
NA
NA
NA
NA
NA
NA
NA
NA
NA
NA
NA
NA
NA
NA
NA
NA
NA
NA
NA
NA
NA
NA
NA
NA
NA
NA
NA
NA
NA
NA
NA
NA
NA
NA
NA
NA
NA
NA
NA
NA
NA
NA
NA
NA
NA
NA
NA
NA
NA
NA
NA
NA
NA
NA
NA
NA
NA
NA
NA
NA
NA
NA
NA
NA
NA
NA
NA
NA
NA
NA
NA
NA
NA
NA
NA
NA
NA
NA
NA
NA
NA
NA
NA
NA
NA
NA
NA
NA
NA
NA
NA
NA
NA
NA
NA
NA
NA
NA
NA
NA
NA
NA
NA
NA
NA
NA
NA
NA
NA
NA
NA
NA
NA
NA
NA
NA
NA
NA
NA
NA
NA
NA
NA
NA
NA
NA
NA
NA
NA
NA
NA
NA
NA
NA
NA
NA
NA
NA
NA
NA
NA
NA
NA
NA
NA
NA
NA
NA
NA
NA
NA
NA
NA
NA
NA
NA
NA
NA
NA
NA
NA
NA
NA
NA
NA
NA
NA
NA
NA
NA
NA
NA
NA
NA
NA
NA
NA
NA
NA
NA
NA
NA
NA
NA
NA
NA
NA
NA
NA
NA
NA
NA
NA
NA
NA
NA
NA
NA
NA
NA
NA
NA
NA
NA
NA
NA
NA
NA
NA
NA
NA
NA
NA
NA
NA
NA
NA
NA
NA
NA
NA
NA
NA
NA
NA
NA
NA
NA
NA
NA
NA
NA
NA
NA
NA
NA
NA
NA
NA
NA
NA
NA
NA
NA
NA
NA
NA
NA
NA
NA
NA
NA
NA
NA
NA
NA
NA
NA
NA
NA
NA
NA
NA
NA
NA
NA
NA
NA
NA
NA
NA
NA
NA
NA
NA
NA
NA
NA
NA
NA
NA
NA
NA
NA
NA
NA
NA
NA
NA
NA
NA
NA
NA
NA
NA
NA
NA
NA
NA
NA
NA
NA
NA
NA
NA
NA
NA
NA
NA
NA
NA
NA
NA
NA
NA
NA
NA
NA
NA
NA
NA
NA
NA
NA
NA
NA
NA
NA
NA
NA
NA
NA
NA
NA
NA
NA
NA
NA
NA
NA
NA
NA
NA
NA
NA
NA
NA
NA
NA
NA
NA
NA
NA
NA
NA
NA
NA
NA
NA
NA
NA
NA
NA
NA
NA
NA
NA
NA
NA
NA
NA
NA
NA
NA
NA
NA
NA
NA
NA
NA
NA
NA
NA
NA
NA
NA
NA
NA
NA
NA
NA
NA
NA
NA
NA
NA
NA
NA
NA
NA
NA
NA
NA
NA
NA
NA
NA
NA
NA
NA
NA
NA
NA
NA
NA
NA
NA
NA
NA
NA
NA
NA
NA
NA
NA
NA
NA
NA
NA
NA
NA
NA
NA
NA
NA
NA
NA
NA
NA
NA
NA
NA
NA
NA
NA
NA
NA
NA
NA
NA
NA
NA
NA
NA
NA
NA
NA
NA
NA
NA
NA
NA
NA
NA
NA
NA
NA
NA
NA
NA
NA
NA
NA
NA
NA
NA
NA
NA
NA
NA
NA
NA
NA
NA
NA
NA
NA
NA
NA
NA
NA
NA
NA
NA
NA
NA
NA
NA
NA
NA
NA
NA
NA
NA
NA
NA
NA
NA
NA
NA
NA
NA
NA
NA
NA
NA
NA
NA
NA
NA
NA
NA
NA
NA
NA
NA
NA
NA
NA
NA
NA
NA
NA
NA
NA
NA
NA
NA
NA
NA
NA
NA
NA
NA
NA
NA
NA
NA
NA
NA
NA
NA
NA
NA
NA
NA
NA
NA
NA
NA
NA
NA
NA
NA
NA
NA
NA
NA
NA
NA
NA
NA
NA
NA
NA
NA
NA
NA
NA
NA
NA
NA
NA
NA
NA
NA
NA
NA
NA
NA
NA
NA
NA
NA
NA
NA
NA
NA
NA
NA
NA
NA
NA
NA
NA
NA
NA
NA
NA
NA
NA
NA
NA
NA
NA
NA
NA
NA
NA
NA
NA
NA
NA
NA
NA
NA
NA
NA
NA
NA
NA
NA
NA
NA
NA
NA
NA
NA
NA
NA
NA
NA
NA
NA
NA
NA
NA
NA
NA
NA
NA
NA
NA
NA
NA
NA
NA
NA
NA
NA
NA
NA
NA
NA
NA
NA
NA
NA
NA
NA
NA
NA
NA
NA
NA
NA
NA
NA
NA
NA
NA
NA
NA
NA
NA
NA
NA
NA
NA
NA
NA
NA
NA
NA
NA
NA
NA
NA
NA
NA
NA
NA
NA
NA
NA
NA
NA
NA
NA
NA
NA
NA
NA
NA
NA
NA
NA
NA
NA
NA
NA
NA
NA
NA
NA
NA
NA
NA
NA
NA
NA
NA
NA
NA
NA
NA
NA
NA
NA
NA
NA
NA
NA
NA
NA
NA
NA
NA
NA
NA
NA
NA
NA
NA
NA
NA
NA
NA
NA
NA
NA
NA
NA
NA
NA
NA
NA
NA
NA
NA
NA
NA
NA
NA
NA
NA
NA
NA
NA
NA
NA
NA
NA
NA
NA
NA
NA
NA
NA
NA
NA
NA
NA
NA
NA
NA
NA
NA
NA
NA
NA
NA
NA
NA
NA
NA
NA
NA
NA
NA
NA
NA
NA
NA
NA
NA
NA
NA
NA
NA
NA
NA
NA
NA
NA
NA
NA
NA
NA
NA
NA
NA
NA
NA
NA
NA
NA
NA
NA
NA
NA
NA
NA
NA
NA
NA
NA
NA
NA
NA
NA
NA
NA
NA
NA
NA
NA
NA
NA
NA
NA
NA
NA
NA
NA
NA
NA
NA
NA
NA
NA
NA
NA
NA
NA
NA
NA
NA
NA
NA
NA
NA
NA
NA
NA
NA
NA
NA
NA
NA
NA
NA
NA
NA
NA
NA
NA
NA
NA
NA
NA
NA
NA
NA
NA
NA
NA
NA
NA
NA
NA
NA
NA
NA
NA
NA
NA
NA
NA
NA
NA
NA
NA
NA
NA
NA
NA
NA
NA
NA
NA
NA
NA
NA
NA
NA
NA
NA
NA
NA
NA
NA
NA
NA
NA
NA
NA
NA
NA
NA
NA
NA
NA
NA
NA
NA
NA
NA
NA
NA
NA
NA
NA
NA
NA
NA
NA
NA
NA
NA
NA
NA
NA
NA
NA
NA
NA
NA
NA
NA
NA
NA
NA
NA
NA
NA
NA
NA
NA
NA
NA
NA
NA
NA
NA
NA
NA
NA
NA
NA
NA
NA
NA
NA
NA
NA
NA
NA
NA
NA
NA
NA
NA
NA
NA
NA
NA
NA
NA
NA
NA
NA
NA
NA
NA
NA
NA
NA
NA
NA
NA
NA
NA
NA
NA
NA
NA
NA
NA
NA
NA
NA
NA
NA
NA
NA
NA
NA
NA
NA
NA
NA
NA
NA
NA
NA
NA
NA
NA
NA
NA
NA
NA
NA
NA
NA
NA
NA
NA
NA
NA
NA
NA
NA
NA
NA
NA
NA
NA
NA
NA
NA
NA
NA
NA
NA
NA
NA
NA
NA
NA
NA
NA
NA
NA
NA
NA
NA
NA
NA
NA
NA
NA
NA
NA
NA
NA
NA
NA
NA
NA
NA
NA
NA
NA
NA
NA
NA
NA
NA
NA
NA
NA
NA
NA
NA
NA
NA
NA
NA
NA
NA
NA
NA
NA
NA
NA
NA
NA
NA
NA
NA
NA
NA
NA
NA
NA
NA
NA
NA
NA
NA
NA
NA
NA
NA
NA
NA
NA
NA
NA
NA
NA
NA
NA
NA
NA
NA
NA
NA
NA
NA
NA
NA
NA
NA
NA
NA
NA
NA
NA
NA
NA
NA
NA
NA
NA
NA
NA
NA
NA
NA
NA
NA
NA
NA
NA
NA
NA
NA
NA
NA
NA
NA
NA
NA
NA
NA
NA
NA
NA
NA
NA
NA
NA
NA
NA
NA
NA
NA
NA
NA
NA
NA
NA
NA
NA
NA
NA
NA
NA
NA
NA
NA
NA
NA
NA
NA
NA
NA
NA
NA
NA
NA
NA
NA
NA
NA
NA
NA
NA
NA
NA
NA
NA
NA
NA
NA
NA
NA
NA
NA
NA
NA
NA
NA
NA
NA
NA
NA
NA
NA
NA
NA
NA
NA
NA
NA
NA
NA
NA
NA
NA
NA
NA
NA
NA
NA
NA
NA
NA
NA
NA
NA
NA
NA
NA
NA
NA
NA
NA
NA
NA
NA
NA
NA
NA
NA
NA
NA
NA
NA
NA
NA
NA
NA
NA
NA
NA
NA
NA
NA
NA
NA
NA
NA
NA
NA
NA
NA
NA
NA
NA
NA
NA
NA
NA
NA
NA
NA
NA
NA
NA
NA
NA
NA
NA
NA
NA
NA
NA
NA
NA
NA
NA
NA
NA
NA
NA
NA
NA
NA
NA
NA
NA
NA
NA
NA
NA
NA
NA
NA
NA
NA
NA
NA
NA
NA
NA
NA
NA
NA
NA
NA
NA
NA
NA
NA
NA
NA
NA
NA
NA
NA
NA
NA
NA
NA
NA
NA
NA
NA
NA
NA
NA
NA
NA
NA
NA
NA
NA
NA
NA
NA
NA
NA
NA
NA
NA
NA
NA
NA
NA
NA
NA
NA
NA
NA
NA
NA
NA
NA
NA
NA
NA
NA
NA
NA
NA
NA
NA
NA
NA
NA
NA
NA
NA
NA
NA
NA
NA
NA
NA
NA
NA
NA
NA
NA
NA
NA
NA
NA
NA
NA
NA
NA
NA
NA
NA
NA
NA
NA
NA
NA
NA
NA
NA
NA
NA
NA
NA
NA
NA
NA
NA
NA
NA
NA
NA
NA
NA
NA
NA
NA
NA
NA
NA
NA
NA
NA
NA
NA
NA
NA
NA
NA
NA
NA
NA
NA
NA
NA
NA
NA
NA
NA
NA
NA
NA
NA
NA
NA
NA
NA
NA
NA
NA
NA
NA
NA
NA
NA
NA
NA
NA
NA
NA
NA
NA
NA
NA
NA
NA
NA
NA
NA
NA
NA
NA
NA
NA
NA
NA
NA
NA
NA
NA
NA
NA
NA
NA
NA
NA
NA
NA
NA
NA
NA
NA
NA
NA
NA
NA
NA
NA
NA
NA
NA
NA
NA
NA
NA
NA
NA
NA
NA
NA
NA
NA
NA
NA
NA
NA
NA
NA
NA
NA
NA
NA
NA
NA
NA
NA
NA
NA
NA
NA
NA
NA
NA
NA
NA
NA
NA
NA
NA
NA
NA
NA
NA
NA
NA
NA
NA
NA
NA
NA
NA
NA
NA
NA
NA
NA
NA
NA
NA
NA
NA
NA
NA
NA
NA
NA
NA
NA
NA
NA
NA
NA
NA
NA
NA
NA
NA
NA
NA
NA
NA
NA
NA
NA
NA
NA
NA
NA
NA
NA
NA
NA
NA
NA
NA
NA
NA
NA
NA
NA
NA
NA
NA
NA
NA
NA
NA
NA
NA
NA
NA
NA
NA
NA
NA
NA
NA
NA
NA
NA
NA
NA
NA
NA
NA
NA
NA
NA
NA
NA
NA
NA
NA
NA
NA
NA
NA
NA
NA
NA
NA
NA
NA
NA
NA
NA
NA
NA
NA
NA
NA
NA
NA
NA
NA
NA
NA
NA
NA
NA
NA
NA
NA
NA
NA
NA
NA
NA
NA
NA
NA
NA
NA
NA
NA
NA
NA
NA
NA
NA
NA
NA
NA
NA
NA
NA
NA
NA
NA
NA
NA
NA
NA
NA
NA
NA
NA
NA
NA
NA
NA
NA
NA
NA
NA
NA
NA
NA
NA
NA
NA
NA
NA
NA
NA
NA
NA
NA
NA
NA
NA
NA
NA
NA
NA
NA
NA
NA
NA
NA
NA
NA
NA
NA
NA
NA
NA
NA
NA
NA
NA
NA
NA
NA
NA
NA
NA
NA
NA
NA
NA
NA
NA
NA
NA
NA
NA
NA
NA
NA
NA
NA
NA
NA
NA
NA
NA
NA
NA
NA
NA
NA
NA
NA
NA
NA
NA
NA
NA
NA
NA
NA
NA
NA
NA
NA
NA
NA
NA
NA
NA
NA
NA
NA
NA
NA
NA
NA
NA
NA
NA
NA
NA
NA
NA
NA
NA
NA
NA
NA
NA
NA
NA
NA
NA
NA
NA
NA
NA
NA
NA
NA
NA
NA
NA
NA
NA
NA
NA
NA
NA
NA
NA
NA
NA
NA
NA
NA
NA
NA
NA
NA
NA
NA
NA
NA
NA
NA
NA
NA
NA
NA
NA
NA
NA
NA
NA
NA
NA
NA
NA
NA
NA
NA
NA
NA
NA
NA
NA
NA
NA
NA
NA
NA
NA
NA
NA
NA
NA
NA
NA
NA
NA
NA
NA
NA
NA
NA
NA
NA
NA
NA
NA
NA
NA
NA
NA
NA
NA
NA
NA
NA
NA
NA
NA
NA
NA
NA
NA
NA
NA
NA
NA
NA
NA
NA
NA
NA
NA
NA
NA
NA
NA
NA
NA
NA
NA
NA
NA
NA
NA
NA
NA
NA
NA
NA
NA
NA
NA
NA
NA
NA
NA
NA
NA
NA
NA
NA
NA
NA
NA
NA
NA
NA
NA
NA
NA
NA
NA
NA
NA
NA
NA
NA
NA
NA
NA
NA
NA
NA
NA
NA
NA
NA
NA
NA
NA
NA
NA
NA
NA
NA
NA
NA
NA
NA
NA
NA
NA
NA
NA
NA
NA
NA
NA
NA
NA
NA
NA
NA
NA
NA
NA
NA
NA
NA
NA
NA
NA
NA
NA
NA
NA
NA
NA
NA
NA
NA
NA
NA
NA
NA
NA
NA
NA
NA
NA
NA
NA
NA
NA
NA
NA
NA
NA
NA
NA
NA
NA
NA
NA
NA
NA
NA
NA
NA
NA
NA
NA
NA
NA
NA
NA
NA
NA
NA
NA
NA
NA
NA
NA
NA
NA
NA
NA
NA
NA
NA
NA
NA
NA
NA
NA
NA
NA
NA
NA
NA
NA
NA
NA
NA
NA
NA
NA
NA
NA
NA
NA
NA
NA
NA
NA
NA
NA
NA
NA
NA
NA
NA
NA
NA
NA
NA
NA
NA
NA
NA
NA
NA
NA
NA
NA
NA
NA
NA
NA
NA
NA
NA
NA
NA
NA
NA
NA
NA
NA
NA
NA
NA
NA
NA
NA
NA
NA
NA
NA
NA
NA
NA
NA
NA
NA
NA
NA
NA
NA
NA
NA
NA
NA
NA
NA
NA
NA
NA
NA
NA
NA
NA
NA
NA
NA
NA
NA
NA
NA
NA
NA
NA
NA
NA
NA
NA
NA
NA
NA
NA
NA
NA
NA
NA
NA
NA
NA
NA
NA
NA
NA
NA
0.3511
0.56
0.32
0.3462
0.2838
0.5068
0.6562
0.4366
0.4512
0.33
0.4062
0.6471
0.5119
0.4483
0.4412
0.3978
0.4154
0.5
0.481
0.5
0.3614
0.3261
0.5224
0.5316
0.1959
0.4624
0.47
0.4744
0.4941
0.2056
0.2772
0.2955
0.3125
0.4382
0.8298
0.5882
0.5132
0.3733
0.3827
0.3091
0.4062
0.6857
0.3194
0.2805
0.2857
0.697
0.4713
0.6
0.3516
0.4318
0.2
0.2778
0.4524
0.4725
0.5522
0.3444
0.3404
0.2778
0.5672
0.3571
0.5385
0.2841
0.4524
0.3973
0.4625
0.381
0.4624
0.5185
0.3294
0.2791
0.4348
0.5195
0.4268
0.8615
0.2706
0.2812
0.2386
0.2871
0.5333
0.5217
0.3511
0.4394
0.4066
0.3452
0.3143
0.5161
0.3261
0.3778
0.2925
0.3295
0.2727
0.4324
0.3718
0.5443
0.2527
0.7188
0.3846
0.6567
0.4789
0.2717
0.5811
0.7541
0.2759
0.3263
0.3587
0.2625
0.4
0.5256
0.8909
0.2817
0.2043
0.5507
0.5205
0.4337
0.4118
0.3974
0.3976
0.3187
0.6154
0.3882
0.4651
0.8852
0.3412
0.4235
0.4328
0.5056
0.2525
0.3511
0.5593
0.5195
0.378
0.3222
0.5333
0.407
0.3371
0.369
0.275
0.2955
0.3438
0.4028
0.358
0.3875
0.642
0.4928
0.5205
0.5135
0.42
0.4429
0.36
0.4118
0.407
0.5667
0.6812
0.2941
0.6027
0.493
0.4405
0.4177
0.5286
0.6452
0.2561
0.481
0.3299
0.3855
0.473
0.3276
0.5802
0.3218
0.4416
0.3226
0.5205
0.3111
0.4021
0.2766
0.3789
0.5287
0.2989
0.3286
0.3462
0.3068
0.2529
0.4667
0.4487
0.6
0.3298
0.3977
0.3846
0.4545
0.4659
0.3778
0.3894
0.3375
0.3133
0.3133
0.7069
0.5833
0.3375
0.4598
0.4133
0.3784
0.3579
0.4337
0.5672
0.75
0.4321
0.3333
0.4595
0.3846
0.6
0.5155
0.3333
0.3488
0.383
0.597
0.4048
0.5122
0.2778
0.5205
0.3936
0.8226
0.3049
0.3708
0.5647
0.284
0.4713
0.271
0.4368
0.5974
0.2273
0.5806
0.3187
0.3838
0.5811
0.3778
0.3738
0.2989
0.5429
0.4634
0.2947
0.3333
0.375
0.5882
0.6026
0.3452
0.3737
0.3974
0.75
0.8
0.3627
0.5439
0.4557
0.3708
0.4535
0.5405
0.4366
0.2584
0.5556
0.5571
0.3627
0.4211
0.3333
0.4713
0.3837
0.3023
0.5634
0.1667
0.3875
0.4179
0.4878
0.3284
0.4588
0.2857
0.4021
0.5625
0.6111
0.3516
0.2603
0.5325
0.358
0.3415
0.2871
0.4096
0.4355
0.42
0.7627
0.3085
0.2963
0.45
0.3291
0.5
0.2366
0.5125
0.4342
0.3373
0.6375
0.4268
0.3919
0.473
0.4787
0.5055
0.4103
0.3059
0.2911
0.3803
0.6056
0.5441
0.403
0.5522
0.2169
0.2976
0.4239
0.3218
0.3373
0.2809
0.4648
0.3659
0.2788
0.3483
0.3786
0.3478
0.3978
0.5443
0.4933
0.3855
0.5833
0.4638
0.3134
0.28
0.5341
0.3118
0.7313
0.4658
0.4535
0.4878
0.4186
0.8197
0.3
0.5714
0.4222
0.3765
0.2762
0.4648
0.3404
0.2609
0.5412
0.5857
0.3723
0.3605
0.4375
0.5732
0.5309
0.3269
0.2841
0.6452
0.4595
0.8364
0.427
0.375
0.5432
0.4615
0.4889
0.2766
0.4231
0.2041
0.2771
0.7727
0.3976
0.5846
0.383
0.2
0.5238
0.4
0.507
0.5244
0.3291
0.5375
0.5
0.4667
0.2128
0.7667
0.5067
0.35
0.6721
0.3146
0.6949
0.4286
0.6296
0.3333
0.7636
0.4189
0.5968
0.2766
0.2069
0.27
0.4458
0.5488
0.2892
0.4091
0.4321
0.2929
0.5063
0.3563
0.4382
0.6133
0.4878
0.5606
0.2874
0.8167
0.3678
0.3407
0.4706
0.2526
0.5
0.4217
0.4124
0.7627
0.5625
0.4731
0.4625
0.5125
0.2099
0.4348
0.5269
0.6308
0.3407
0.3614
0.2381
0.3571
0.2824
0.5479
0.2743
0.5417
0.6667
0.4471
0.4328
0.1648
0.4267
0.225
0.5
0.3196
0.6329
0.5522
0.2619
0.4321
0.1942
0.4756
0.2526
0.2809
0.4714
0.314
0.4231
0.3243
0.3714
0.3243
0.5714
0.4143
0.3402
0.7656
0.3902
0.3626
0.3836
0.5132
0.4048
0.2672
0.4167
0.4167
0.5065
0.5735
0.4348
0.2843
0.2442
0.3714
0.5735
0.3505
0.4342
0.44
0.5
0.4394
0.3293
0.5513
0.4643
0.2556
0.3034
0.3068
0.5526
0.3294
0.3
0.5
0.3409
0.3625
0.325
0.45
0.7778
0.3803
0.3605
0.6
0.3418
0.5053
0.4831
0.2396
0.297
0.7206
0.5181
0.3378
0.3797
0.4722
0.2755
0.3494
0.3537
0.3246
0.4471
0.3827
0.3372
0.4048
0.3068
0.4923
0.5065
0.6203
0.5165
0.5286
0.5
0.4444
0.3099
0.3298
0.4805
0.4835
0.4819
0.3647
0.5844
0.5205
0.5932
0.2473
0.6349
0.4444
0.6324
0.1685
0.4459
0.4839
0.6386
0.5526
0.5062
0.5
0.32
0.3158
0.2987
0.5316
0.4051
0.4848
0.475
0.4471
0.6111
0.4074
0.3659
0.7344
0.5
0.127
0.5375
0.3837
0.3678
0.2778
0.3521
0.6119
0.4186
0.3448
0.3258
0.5139
0.4189
0.299
0.4219
0.56
0.5694
0.2021
0.6029
0.3974
0.55
0.4416
0.48
0.4421
0.3761
0.4146
0.4894
0.3913
0.3944
0.4384
0.3611
0.3273
0.3535
0.265
0.3864
0.4578
0.4627
0.5738
0.7313
0.4231
0.2
0.5
0.5143
0.6786
0.3333
0.4
0.325
0.4659
0.3095
0.4079
0.493
0.3117
0.4
0.3735
0.427
0.4805
0.3947
0.3483
0.4554
0.4505
0.3766
0.4096
0.4458
0.4133
0.5333
0.5357
0.6491
0.4875
0.2989
0.4762
0.3678
0.4638
0.3333
0.4253
0.1868
0.4231
0.3258
0.4746
0.6061
0.4697
0.4894
0.2468
0.7973
0.284
0.3256
0.2796
0.2708
0.3421
0.3974
0.1939
0.4382
0.4
0.4578
0.3378
0.5286
0.4643
0.3855
0.375
0.3158
0.6515
0.3333
0.2967
0.2525
0.3111
0.6
0.4845
0.6522
0.3562
0.4111
0.631
0.1705
0.5139
0.3375
0.3537
0.4608
0.5
0.5195
0.4607
0.4253
0.4483
0.3418
0.6234
0.2584
0.4875
0.48
0.3846
0.4375
0.6173
0.6429
0.3021
0.4128
0.4125
0.2991
0.3146
0.4103
0.5765
0.2444
0.4722
0.2393
0.6761
0.8167
0.3662
0.7656
0.4
0.3704
0.2778
0.5294
0.3784
0.5588
0.3333
0.4505
0.2771
0.4923
0.3372
0.6203
0.2308
0.6029
0.2523
0.4653
0.2857
0.3816
0.5068
0.5647
0.2198
0.3333
0.443
0.3765
0.5128
0.4267
0.3553
0.3636
0.4167
0.6182
0.5833
0.2697
0.4177
0.2525
0.4444
0.5303
0.5294
0.481
0.4675
0.4382
0.4714
0.4118
0.2921
0.5714
0.3678
0.52
0.519
0.3085
0.4094
0.4598
0.3671
0.2805
0.4306
0.3291
0.2386
0.4627
0.6081
0.3934
0.7164
0.3294
0.5694
0.5072
0.5
0.5072
0.4483
0.4412
0.3837
0.3444
0.6133
0.5833
0.3
0.6806
0.284
0.2479
0.3366
0.7368
0.4301
0.3333
0.4881
0.4699
0.4
0.3412
0.3882
0.6456
0.4419
0.2907
0.5362
0.6061
0.3131
0.3953
0.301
0.427
0.5132
0.3714
0.5056
0.5269
0.3563
0.3117
0.7302
0.4
0.5441
0.3103
0.3291
0.2807
0.3333
0.5733
0.4333
0.3034
0.6471
0.3699
0.3452
0.413
0.3382
0.3671
0.4937
0.2527
0.4091
0.2069
0.4935
0.506
0.3636
0.4691
0.4713
0.3596
0.4348
0.5846
0.2772
0.5714
0.6351
0.48
0.3882
0.5
0.3551
0.2329
0.4605
0.2055
0.4659
0.3953
0.2979
0.3267
0.3053
0.4105
0.3486
0.6667
0.3333
0.507
0.3077
0.4
0.4023
0.5833
0.266
0.5256
0.2718
0.4634
0.4225
0.3684
0.4146
0.3793
0.3636
0.4483
0.3093
0.3333
0.3333
0.3855
0.6806
0.3165
0.2421
0.5263
0.3542
0.6308
0.5698
0.5294
0.3187
0.3647
0.5775
0.4545
0.4918
0.4
0.378
0.3678
0.5806
0.3
0.5
0.25
0.6912
0.2949
0.2273
0.4471
0.3864
0.4615
0.359
0.4762
0.48
0.4186
0.4304
0.3563
0.6522
0.5
0.5775
0.4805
0.4615
0.4516
0.6282
0.2809
0.3256
0.2597
0.6866
0.5
0.4066
0.3924
0.6329
0.2576
0.26
0.2273
0.7761
0.5435
0.3544
0.4535
0.4302
0.5604
0.2991
0.1963
0.3978
0.2581
0.2907
0.4028
0.3529
0.2697
0.5
0.3253
0.3614
0.4444
0.4731
0.5616
0.4675
0.3457
0.1727
0.4235
0.4512
0.4559
0.325
0.5606
0.5067
0.4767
0.2727
0.4066
0.5185
0.3947
0.7143
0.3947
0.2667
0.3871
0.52
0.4868
0.675
0.3704
0.4697
0.3277
0.3956
0.5694
0.3855
0.3165
0.4507
0.4146
0.1782
0.5758
0.6575
0.1919
0.4872
0.4321
0.55
0.6667
0.3452
0.3291
0.433
0.5
0.4138
0.6212
0.5
0.3868
0.3678
0.4198
0.283
0.2885
0.4103
0.4405
0.3373
0.4138
0.6071
0.234
0.3611
0.3412
0.5326
0.4789
0.5753
0.5312
0.4217
0.4342
0.3218
0.36
0.3077
0.5054
0.4493
0.0909
0.48
0.26
0.1519
0.1842
0.1463
0.4493
0.338
0.2683
0.068
0.1373
0.2714
0.2069
0.0312
0.3699
0.172
0.1846
0.3085
0.443
0.3625
0.2289
0.1848
0.3582
0.4557
0.101
0.1613
0.1698
0.1375
0.4353
0.0625
0.2178
0.1477
0.12
0.2174
0.6667
0.2841
0.225
0.1733
0.321
0.2818
0.2451
0.1806
0.2361
0.2317
0.1048
0.3636
0.125
0.2375
0.2578
0.3295
0.0805
0.1081
0.1839
0.3187
0.2714
0.2667
0.2526
0.0714
0.087
0.4143
0.2429
0.25
0.369
0.1429
0.4375
0.1136
0.1386
0.284
0.1412
0.0978
0.234
0.2468
0.3415
0.2537
0.1319
0.2062
0.1
0.1683
0.1505
0.1728
0.1667
0.3485
0.1237
0.1798
0.1905
0.1667
0.0865
0.2222
0.2642
0.25
0.3
0.3649
0.2025
0.4557
0.0879
0.5469
0.3077
0.1571
0.1972
0.0417
0.2133
0.5625
0.2759
0.2632
0.1089
0.061
0.1605
0.0588
0.8
0.1316
0.2366
0.3768
0.1098
0.3614
0.1111
0.0674
0.2892
0.2418
0.6
0.2118
0.2442
0.3692
0.3647
0.2941
0.5522
0.099
0.2424
0.2234
0.5254
0.3377
0.2561
0.134
0.2533
0.1444
0.3258
0.2471
0.0714
0.3295
0.2784
0.1125
0.131
0.1875
0.0761
0.3913
0.2603
0.1974
0.1604
0.3151
0.2933
0.037
0.2558
0.0891
0.3286
0.1124
0.3026
0.2237
0.2738
0.0682
0.3429
0.5397
0.2927
0.443
0.2143
0.1494
0.1892
0.2931
0.3333
0.2644
0.2436
0.1828
0.3699
0.0737
0.0971
0.0808
0.15
0.3333
0.2069
0.3429
0.0805
0.0562
0.1724
0.3333
0.275
0.2247
0.2979
0.134
0.3333
0.2308
0.1935
0.0625
0.1368
0.0805
0.2892
0.3373
0.2951
0.2917
0.225
0.134
0.2933
0.0964
0.2526
0.2738
0.4328
0.4375
0.1951
0.2453
0.4189
0.2051
0.3014
0.2784
0.1053
0.1538
0.3298
0.1389
0.186
0.4024
0.2444
0.4795
0.1443
0.7097
0.0787
0.1538
0.2706
0.2593
0.2778
0.1636
0.0891
0.5455
0.1818
0.4355
0.2527
0.29
0.1625
0.1875
0.243
0.1236
0.4
0.3049
0.2
0.1449
0.1031
0.1184
0.4103
0.2857
0.2222
0.3462
0.5938
0.3333
0.0654
0.3333
0.3291
0.1522
0.0543
0.2632
0.1538
0.0938
0.4
0.1733
0.1359
0.0824
0.1573
0.2527
0.1798
0.2093
0.075
0.1569
0.4125
0.1644
0.1163
0.1127
0.3059
0.1609
0.2371
0.3
0.1728
0.2198
0.2027
0.3896
0.2716
0.2073
0.098
0.2442
0.1324
0.2233
0.4032
0.2
0.2222
0.2
0.1975
0.3333
0.1183
0.4875
0.3553
0.2771
0.45
0.1047
0.2432
0.4595
0.0857
0.0928
0.2247
0.0899
0.125
0.2958
0.2941
0.4412
0.1549
0.1299
0.1687
0.2976
0.0882
0.0549
0.1
0.1474
0.1757
0.0706
0.0917
0.3708
0.0855
0.3333
0.3548
0.1279
0.2414
0.3976
0.3103
0.0526
0.1791
0.1058
0.1596
0.1398
0.3944
0.1375
0.1158
0.3902
0.2558
0.5806
0.0745
0.4416
0.0816
0.2824
0.2952
0.4085
0.1262
0.1127
0.1798
0.3378
0.1146
0.3256
0.1268
0.5
0.4198
0.0614
0.2529
0.0435
0.3649
0.6
0.3111
0.3077
0.086
0.2564
0.2766
0.0825
0.2692
0.16
0.1395
0.5455
0.2619
0.1972
0.1765
0.0777
0.4127
0.1124
0.3944
0.2927
0.2911
0.1786
0.3718
0.0988
0.1134
0.1429
0.1842
0.34
0.3387
0.1429
0.1594
0.2717
0.2469
0.1646
0.1667
0.3108
0.1333
0.1277
0.1954
0.22
0.2169
0.3659
0.2381
0.3284
0.069
0.1683
0.1828
0.0753
0.2717
0.1558
0.25
0.3788
0.2727
0.4333
0.3333
0.0619
0.2791
0.0707
0.3243
0.2771
0.27
0.3651
0.3214
0.303
0.2209
0.3
0.0964
0.4058
0.1717
0.4462
0.1368
0.3494
0.0778
0.2857
0.2471
0.411
0.1947
0.1176
0.1975
0.2235
0.3284
0.2198
0.3649
0.2083
0.2584
0.2062
0.3544
0.3731
0.1034
0.3827
0.0849
0.0645
0.1
0.1798
0.4857
0.2209
0.0941
0.1724
0.2113
0.3108
0.2424
0.3857
0.2371
0.0704
0.2317
0.1383
0.2192
0.2235
0.2118
0.0855
0.369
0.3472
0.2857
0.5294
0.2192
0.1961
0.2674
0.2143
0.5441
0.2371
0.2763
0.1
0.2826
0.2985
0.2927
0.2093
0.2619
0.0745
0.2697
0.2273
0.2658
0.1494
0.2718
0.0723
0.1522
0.25
0.2
0.3125
0.5156
0.1375
0.3372
0.3243
0.2785
0.3368
0.3626
0.2188
0.1682
0.4638
0.1591
0.2973
0.2911
0.0625
0.0952
0.2892
0.3415
0.2261
0.2558
0.3704
0.1333
0.3214
0.2045
0.3538
0.2857
0.2346
0.1935
0.4
0.3088
0.0341
0.0694
0.0938
0.3377
0.3077
0.1383
0.2045
0.3827
0.1585
0.339
0.1828
0.4603
0.2737
0.4706
0.1099
0.1026
0.0857
0.1649
0.2597
0.1075
0.0842
0.1538
0.2526
0.2338
0.1707
0.3291
0.2273
0.275
0.2471
0.1613
0.1852
0.2073
0.1351
0.303
0.0866
0.1236
0.2674
0.1327
0.0851
0.2676
0.4925
0.129
0.0909
0.2697
0.4306
0.2973
0.1753
0.2239
0.2368
0.1282
0.1327
0.3143
0.2051
0.2118
0.0667
0.0706
0.2632
0.0847
0.2169
0.3298
0.163
0.0822
0.3425
0.12
0.1239
0.2727
0.1624
0.3295
0.3133
0.08
0.5082
0.5147
0.275
0.1412
0.1486
0.2564
0.2043
0.3291
0.1099
0.1023
0.2841
0.125
0.1975
0.2535
0.3117
0.2676
0.1798
0.1319
0.3247
0.1842
0.2135
0.2871
0.4396
0.1687
0.3735
0.1379
0.0769
0.4103
0.1954
0.5263
0.2024
0.0625
0.0652
0.2045
0.2329
0.2688
0.2874
0.1758
0.2692
0.2809
0.2154
0.1333
0.3939
0.1942
0.2727
0.4533
0.0814
0.2558
0.22
0.1237
0.1139
0.2436
0.1176
0.3146
0.093
0.2976
0.0886
0.3286
0.2
0.4217
0.2375
0.2193
0.5
0.2333
0.0918
0.2121
0.0319
0.4667
0.1321
0.1728
0.2603
0.0792
0.14
0.1087
0.3472
0.2375
0.2561
0.1667
0.3134
0.0787
0.3708
0.3182
0.1263
0.119
0.2857
0.2022
0.35
0.0562
0.3846
0.1429
0.0645
0.4286
0.1562
0.1111
0.1
0.2056
0.3371
0.2051
0.2824
0.2556
0.3889
0.1901
0.1053
0.7667
0.4366
0.0617
0.2778
0.2222
0.2222
0.3488
0.1486
0.3099
0.3457
0.3297
0.1667
0.2647
0.2093
0.4304
0.1635
0.3382
0.1622
0.2673
0.1236
0.1463
0.4521
0.1889
0.0421
0.2759
0.1529
0.3529
0.3462
0.125
0.2895
0.4091
0.2791
0.4727
0.375
0.1889
0.1059
0.2
0.0753
0.3676
0.1183
0.4051
0.131
0.3889
0.1169
0.3039
0.236
0.1642
0.314
0.2267
0.3924
0.0928
0.189
0.2955
0.125
0.0595
0.25
0.3291
0.0659
0.3582
0.4865
0.3115
0.1235
0.1512
0.5417
0.3
0.3295
0.4493
0.191
0.0959
0.0989
0.1398
0.119
0.4028
0.117
0.3699
0.1294
0.2308
0.2277
0.6316
0.1277
0.2759
0.2333
0.2471
0.3293
0.2824
0.087
0.3086
0.087
0.2442
0.2571
0.3333
0.2424
0.314
0.1942
0.2921
0.2469
0.25
0.3146
0.3978
0.1333
0.3377
0.4444
0.2674
0.1351
0.1705
0.0575
0.2137
0.1731
0.1379
0.1889
0.0833
0.1957
0.3699
0.2857
0.2258
0.1389
0.3291
0.3375
0.0619
0.25
0.2644
0.275
0.4048
0.3523
0.3827
0.2989
0.236
0.09
0.2857
0.1683
0.3929
0.3333
0.2024
0.2353
0.2875
0.1963
0.3014
0.3247
0.0897
0.2841
0.1512
0.2766
0.1942
0.1875
0.1058
0.1453
0.3438
0.1512
0.1558
0.2615
0.1029
0.3218
0.1098
0.1134
0.4359
0.1845
0.1279
0.3944
0.2895
0.4024
0.1954
0.2
0.3793
0.0769
0.2083
0.3086
0.1512
0.44
0.1647
0.2105
0.3333
0.3229
0.1867
0.3372
0.3971
0.0526
0.2706
0.2778
0.3485
0.0746
0.2267
0.1047
0.2529
0.5484
0.0769
0.4028
0.0833
0.2105
0.125
0.2523
0.2553
0.0729
0.1059
0.0723
0.2976
0.1776
0.1333
0.2278
0.3103
0.3521
0.1806
0.075
0.2727
0.359
0.1414
0.5
0.117
0.1379
0.0988
0.2958
0.2128
0.2857
0.3165
0.1932
0.1304
0.1154
0.25
0.4638
0.2165
0.1341
0.2529
0.2674
0.0784
0.1441
0.1121
0.125
0.2043
0.069
0.2361
0.0694
0.1685
0.3625
0.241
0.1687
0.2556
0.2371
0.2875
0.2024
0.1585
0.0783
0.2588
0.3415
0.4412
0.325
0.3939
0.1266
0.2273
0.2386
0.2637
0.5185
0.4342
0.3662
0.0723
0.1098
0.2447
0.32
0.0976
0.2258
0.2963
0.2576
0.1345
0.1188
0.3562
0.3176
0.3671
0.3239
0.1818
0.2475
0.1688
0.4384
0.1212
0.0706
0.3333
0.3667
0.2658
0.2381
0.1529
0.1456
0.2838
0.1667
0.3913
0.4605
0.1284
0.0638
0.0444
0.0893
0.0541
0.1059
0.1364
0.241
0.1364
0.1957
0.1327
0.2361
0.1304
0.2766
0.4225
0.1519
0.2923
0.2892
0.1084
0.2874
0.2133
0.175
0.2553
0.1733
0.0909
0.4267
0.1495
0.1772
0.0769
0.1707
0.4058
0.1646
0.0225
0.0777
0.1863
0.1714
0.4048
0.0417
0.1688
0.1702
0.1692
0.0784
0.044
0.1529
0.0909
0.1111
0.1096
0.0449
0.0808
0.2151
0.1321
0.1375
0.125
0.0893
0.1683
0.0978
0.12
0.2584
0.1132
0.2614
0.1059
0.1519
0.2771
0.1293
0.1182
0.1944
0.1282
0.1364
0.0952
0.1375
0.1146
0.275
0.1953
0.0306
0.046
0.1216
0.2874
0.1456
0.3
0.1383
0.14
0.102
0.2464
0.1154
0.1143
0.0889
0.2022
0.0909
0.2619
0.1023
0.0693
0.0444
0.0341
0.0652
0.1895
0.0833
0.0889
0.1216
0.1319
0.1856
0.0889
0.1333
0.3556
0.0494
0.1667
0.1143
0.0928
0.1011
0.1905
0.125
0.2268
0.1031
0.0435
0.2955
0.08
0.1235
0.1646
0.0947
0.0538
0.2877
0.2065
0.2
0.0789
0.0625
0.2133
0.4688
0.1087
0.2292
0.0792
0.122
0.1111
0.0471
0.7018
0.1316
0.1146
0.3333
0.0976
0.1087
0.0833
0.1011
0.1111
0.0515
0.1282
0.1591
0.163
0.3692
0.125
0.2045
0.0843
0.1188
0.1667
0.0928
0.2308
0.2949
0.2317
0.3
0.1299
0.1556
0.0538
0.2
0.0595
0.1075
0.0762
0.0625
0.1149
0.1059
0.0435
0.1429
0.3014
0.2105
0.1402
0.1646
0.0494
0.1321
0.1163
0.4111
0.3286
0.0674
0.2895
0.1184
0.2738
0.0682
0.1918
0.3651
0.0795
0.3544
0.0673
0.1149
0.1039
0.157
0.1333
0.1348
0.2051
0.0521
0.1
0.0737
0.0874
0.0707
0.0495
0.3678
0.3103
0.1081
0.0805
0.0899
0.1319
0.1957
0.225
0.3371
0.2766
0.1237
0.1395
0.1282
0.2043
0.0833
0.0684
0.0345
0.3012
0.1444
0.3115
0.1892
0.275
0.1134
0.1154
0.1325
0.0909
0.2093
0.2687
0.2361
0.0575
0.1071
0.1125
0.061
0.2466
0.3918
0.0947
0.1429
0.3298
0.125
0.2326
0.3293
0.0737
0.28
0.1031
0.6452
0.0674
0.1758
0.2941
0.2593
0.2
0.0818
0.0792
0.2118
0.0316
0.371
0.1122
0.0926
0.125
0.1979
0.0833
0.1461
0.4286
0.1839
0.2188
0.1159
0.0619
0.0649
0.1264
0.1236
0.19
0.1605
0.0921
0.3188
0.1495
0.2632
0.1358
0.043
0.087
0.1
0.3944
0.125
0.2165
0.2267
0.1845
0.0706
0.1798
0.0957
0.1236
0.1075
0.075
0.1132
0.1264
0.0822
0.1512
0.2687
0.086
0.0455
0.0654
0.3
0.1481
0.2198
0.0541
0.1294
0.1149
0.1348
0.0784
0.2326
0.1176
0.066
0.2537
0.0606
0.0455
0.2
0.2099
0.0619
0.0722
0.35
0.0494
0.1364
0.0778
0.1395
0.2027
0.0976
0.0952
0.1031
0.1124
0.0449
0.2125
0.0649
0.1294
0.2429
0.0986
0.1818
0.119
0.2738
0.0686
0.1209
0.0778
0.0947
0.1081
0.0471
0.0642
0.2472
0.0513
0.1067
0.2796
0.093
0.1609
0.2892
0.3563
0.1184
0.194
0.0865
0.2447
0.2258
0.2958
0.3014
0.1368
0.163
0.1977
0.6066
0.117
0.1064
0.1122
0.0899
0.1698
0.1688
0.0388
0.1268
0.1573
0.3649
0.1667
0.0833
0.0704
0.1364
0.1163
0.0614
0.1099
0.1449
0.0824
0.5455
0.0909
0.2381
0.0968
0.1084
0.102
0.0825
0.2179
0.0673
0.1628
0.2836
0.2143
0.2535
0.0784
0.1068
0.1449
0.2706
0.3239
0.1304
0.0588
0.1395
0.1882
0.1111
0.1237
0.1714
0.1579
0.0556
0.0769
0.0989
0.1304
0.1522
0.2593
0.1566
0.0758
0.3108
0.0933
0.0707
0.1333
0.21
0.1348
0.3659
0.092
0.2388
0.0805
0.1111
0.1505
0.086
0.2717
0.1688
0.1379
0.3485
0.1818
0.3667
0.2135
0.0825
0.2045
0.0606
0.0897
0.3133
0.15
0.3492
0.25
0.1818
0.3375
0.1149
0.0964
0.16
0.1313
0.5077
0.0842
0.1222
0.1444
0.1373
0.1111
0.2105
0.0427
0.1059
0.2099
0.0851
0.1389
0.086
0.1
0.0968
0.2674
0.08
0.3797
0.137
0.1034
0.0543
0.066
0.1075
0.12
0.0938
0.1053
0.0978
0.1647
0.1207
0.2254
0.1429
0.197
0.3429
0.1188
0.0986
0.1687
0.1263
0.16
0.1647
0.1512
0.0678
0.3214
0.1026
0.1205
0.3676
0.1918
0.0741
0.0769
0.2162
0.1389
0.1753
0.1923
0.125
0.1078
0.2537
0.2683
0.2442
0.0879
0.0745
0.087
0.0449
0.1481
0.1124
0.0654
0.1807
0.0543
0.1707
0.131
0.0805
0.2429
0.05
0.1196
0.2703
0.1059
0.3474
0.2747
0.0909
0.0648
0.1125
0.1685
0.2432
0.0787
0.125
0.1143
0.3133
0.0889
0.0312
0.0851
0.0769
0.1667
0.117
0.1809
0.3538
0.2987
0.1481
0.2903
0.05
0.1316
0.1023
0.1806
0.1146
0.1333
0.1237
0.0957
0.1932
0.3457
0.1829
0.4407
0.0707
0.4921
0.2211
0.2933
0.0549
0.3784
0.1
0.2165
0.1205
0.3333
0.0737
0.0769
0.1667
0.05
0.1829
0.0864
0.0548
0.1481
0.2045
0.2903
0.2222
0.1059
0.1013
0.0667
0.0709
0.1011
0.1429
0.0816
0.1064
0.2817
0.0779
0.1183
0.191
0.1075
0.1053
0.1299
0.0294
0.0597
0.2895
0.1667
0.1789
0.3857
0.1795
0.3415
0.0778
0.0824
0.1262
0.0593
0.1011
0.0686
0.1053
0.1507
0.1282
0.1733
0.1327
0.1373
0.1197
0.2444
0.1556
0.12
0.2817
0.3014
0.175
0.1379
0.2297
0.2027
0.1935
0.2308
0.0659
0.0682
0.0968
0.0455
0.2222
0.0649
0.2405
0.1081
0.1798
0.1319
0.1341
0.1463
0.2247
0.0796
0.1287
0.3117
0.2892
0.1839
0.1235
0.093
0.1705
0.4237
0.1279
0.1042
0.0543
0.2273
0.1918
0.1702
0.2414
0.1648
0.2564
0.0632
0.1692
0.2297
0.2254
0.1495
0.1605
0.4267
0.1395
0.0667
0.06
0.099
0.25
0.0976
0.098
0.1505
0.0233
0.1744
0.0253
0.2286
0.1263
0.3735
0.125
0.075
0.0789
0.2667
0.0918
0.2424
0.1064
0.1875
0.2075
0.1975
0.1139
0.1188
0.08
0.0761
0.1266
0.0988
0.0114
0.213
0.2687
0.0562
0.1531
0.0652
0.2299
0.0595
0.1667
0.191
0.023
0.1011
0.0814
0.0476
0.0538
0.1889
0.1224
0.094
0.3625
0.0541
0.2234
0.2692
0.1064
0.1522
0.1184
0.1405
0.1579
0.7167
0.2113
0.0617
0.3667
0.1205
0.086
0.2674
0.1154
0.3803
0.2469
0.14
0.1548
0.2059
0.0879
0.3125
0.0748
0.1486
0.0957
0.0642
0.1236
0.0732
0.4247
0.1196
0.1263
0.0978
0.2235
0.1183
0.1034
0.0241
0.1299
0.1268
0.1591
0.1613
0.1294
0.1099
0.1294
0.068
0.0968
0.1143
0.1828
0.2561
0.2857
0.1596
0.1039
0.1827
0.0825
0.2239
0.0638
0.24
0.2875
0.1616
0.1145
0.0707
0.1125
0.0476
0.1333
0.093
0.1758
0.1579
0.25
0.2623
0.1358
0.1034
0.28
0.0789
0.2955
0.0625
0.1011
0.3235
0.1099
0.172
0.1786
0.3611
0.0851
0.3425
0.1059
0.2222
0.1176
0.5789
0.0808
0.2414
0.1667
0.2588
0.2683
0.1149
0.087
0.2716
0.1957
0.1333
0.2329
0.2537
0.0566
0.1398
0.0476
0.117
0.2469
0.5075
0.2472
0.0734
0.0667
0.2857
0.4286
0.1236
0.1757
0.1087
0.0805
0.2051
0.1346
0.1379
0.2105
0.0625
0.163
0.2703
0.1176
0.25
0.0833
0.0444
0.2045
0.1978
0.2273
0.2644
0.275
0.2588
0.102
0.4198
0.0968
0.0426
0.12
0.1944
0.0561
0.2738
0.1667
0.2024
0.1196
0.1034
0.0877
0.1282
0.1149
0.1154
0.2614
0.1744
0.1111
0.0917
0.1458
0.125
0.0684
0.0685
0.0581
0.1948
0.1594
0.1029
0.0753
0.0976
0.0825
0.1951
0.0748
0.0814
0.0964
0.1139
0.2561
0.0889
0.1429
0.2022
0.0769
0.2222
0.0778
0.092
0.2785
0.1176
0.1313
0.1429
0.2917
0.4769
0.1758
0.3676
0.1319
0.0899
0.2222
0.2388
0.1045
0.1538
0.0814
0.1196
0.3788
0.022
0.125
0.0741
0.0921
0.05
0.094
0.1809
0.0729
0.1529
0.0843
0.1798
0.1869
0.1667
0.2405
0.1444
0.1507
0.0789
0.1139
0.1084
0.0698
0.1959
0.2892
0.0638
0.1839
0.1852
0.3521
0.1277
0.0808
0.2911
0.2247
0.087
0.1154
0.2159
0.274
0.1856
0.1125
0.1538
0.2674
0.1176
0.0631
0.1589
0.0833
0.1042
0.0575
0.1333
0.0694
0.1236
0.2381
0.1628
0.1059
0.2111
0.2165
0.2125
0.2262
0.1951
0.087
0.2588
0.1494
0.2535
0.0833
0.3939
0.1266
0.1556
0.25
0.0714
0.082
0.1538
0.4225
0.1084
0.0488
0.3118
0.1013
0.0854
0.575
0.0909
0.1324
0.1597
0.1386
0.0988
0.3059
0.0787
0.0976
0.0795
0.1143
0.0779
0.1205
0.0485
0.1412
0.1744
0.0597
0.1605
0.1379
0.0706
0.1068
0.2973
0.1771
0.3623
0.1279
0.1468
0.0745
0.1111
0.0893
0.0991
0.1294
0.1591
0.1279
0.0455
0.1075
0.102
0.0886
0.1304
0.2234
0.1975
0.1139
0.1449
0.0638
0.1566
0.0538
0.1867
0.225
0.1596
0.1467
