x
0.378
0.3785
0.3676
0.3778
0.3744
0.375
0.3598
0.3646
0.359
0.3638
0.3754
0.3707
0.3736
0.3804
0.3722
0.3733
0.3805
0.3724
0.3887
0.3656
0.3814
0.3676
0.3619
0.3694
0.3763
0.3814
0.3572
0.381
0.3732
0.3815
0.3754
0.3696
0.3674
0.3741
0.3546
0.3745
0.3846
0.381
0.3595
0.3681
0.3635
0.3894
0.3669
0.3732
0.3565
0.3721
0.3797
0.3721
0.3626
0.3774
0.3834
0.3673
0.3703
0.3773
0.3833
0.3885
0.3687
0.3817
0.3846
0.3679
0.365
0.3807
0.3696
0.3648
0.3833
0.3768
0.3532
0.3692
0.3744
0.3713
0.3804
0.374
0.3537
0.3817
0.3669
0.3578
0.3732
0.3659
0.3744
0.3741
0.3521
0.3637
0.3664
0.3718
0.3815
0.3772
0.3696
0.3666
0.3842
0.3816
0.3855
0.3788
0.3684
0.3761
0.3734
0.3591
0.381
0.3709
0.3642
0.3768
0.3773
0.3761
0.3652
0.3743
0.3719
0.3631
0.3756
0.3738
0.3813
0.3473
0.3601
0.3726
0.3612
0.3867
0.3495
0.3833
0.3665
0.3675
0.3649
0.3797
0.3674
0.372
0.3599
0.371
0.371
0.3897
0.384
0.3651
0.3596
0.3689
0.3487
0.3673
0.3536
0.3742
0.3668
0.3743
0.3841
0.3674
0.3709
0.3744
0.3715
0.3779
0.3724
0.3764
0.3813
0.3746
0.3801
0.3746
0.3796
0.3754
0.3563
0.3641
0.363
0.3728
0.3676
0.3689
0.3694
0.378
0.3804
0.3821
0.377
0.3654
0.374
0.3647
0.3713
0.3862
0.3707
0.3725
0.3823
0.38
0.3511
0.3626
0.3769
0.352
0.3686
0.3461
0.3737
0.3582
0.376
0.3503
0.3815
0.379
0.3757
0.37
0.3706
0.3731
0.374
0.3792
0.3842
0.378
0.3805
0.3715
0.3633
0.3715
0.3728
0.3861
0.3457
0.3846
0.3747
0.3677
0.3815
0.3764
0.3808
0.3715
0.3626
0.3624
0.3532
0.3503
0.3869
0.3862
0.3829
0.3722
0.3681
0.355
0.3724
0.3537
0.3821
0.3725
0.3607
0.3752
0.3669
0.3564
0.372
0.3725
0.3776
0.3644
0.3567
0.3636
0.3644
0.3883
0.3683
0.372
0.3707
0.3717
0.3747
0.3679
0.3831
0.3674
0.3565
0.3731
0.3506
0.3788
0.377
0.3807
0.3625
0.3798
0.3785
0.3731
0.3717
0.3714
0.3572
0.3714
0.3626
0.3621
0.3803
0.3818
0.3202
0.3735
0.369
0.3736
0.375
0.3667
0.3757
0.3562
0.3783
0.3789
0.3597
0.3725
0.3769
0.3642
0.3679
0.3827
0.3627
0.3728
0.3692
0.3689
0.3727
0.3702
0.3818
0.3797
0.3632
0.3711
0.3686
0.3771
0.3823
0.3708
0.3747
0.355
0.3562
0.3443
0.3831
0.361
0.3545
0.3763
0.3553
0.3517
0.369
0.3869
0.3734
0.3825
0.3749
0.3763
0.3676
0.3746
0.3555
0.3728
0.3636
0.3824
0.3707
0.3753
0.3841
0.3784
0.3843
0.3521
0.3705
0.3706
0.3764
0.3724
0.3743
0.3743
0.3741
0.3813
0.3832
0.3737
0.3672
0.3754
0.3788
0.3682
0.3801
0.3706
0.3772
0.3743
0.3625
0.373
0.3772
0.3767
0.3479
0.3753
0.3722
0.3458
0.3749
0.3728
0.3787
0.3819
0.3752
0.3775
0.3747
0.3698
0.3648
0.3884
0.3811
0.3724
0.3438
0.3522
0.3502
0.3676
0.3681
0.3737
0.3808
0.3805
0.3549
0.3688
0.373
0.3549
0.3718
0.3721
0.3678
0.3789
0.3789
0.376
0.3748
0.3747
0.375
0.3649
0.3668
0.3665
0.3782
0.3723
0.3623
0.3779
0.3558
0.374
0.369
0.3541
0.3537
0.3868
0.386
0.3553
0.3577
0.3764
0.3751
0.3752
0.3728
0.3857
0.3674
0.3591
0.3749
0.3684
0.3697
0.3376
0.3741
0.3769
0.3701
0.3834
0.3855
0.3747
0.3748
0.3713
0.3551
0.3644
0.357
0.3671
0.3781
0.3733
0.3726
0.3734
0.3732
0.3806
0.3665
0.3747
0.3746
0.381
0.3814
0.3748
0.3557
0.3618
0.374
0.3646
0.3776
0.3784
0.3789
0.3761
0.3635
0.3636
0.3715
0.371
0.3808
0.3792
0.3768
0.3658
0.3551
0.3783
0.3751
0.3641
0.3762
0.3777
0.3617
0.377
0.3856
0.3688
0.3752
0.3837
0.3761
0.3673
0.3725
0.3711
0.371
0.3781
0.3709
0.3688
0.3835
0.3815
0.3747
0.3759
0.3638
0.3615
0.3709
0.3712
0.368
0.3786
0.3473
0.3694
0.3795
0.3633
0.3963
0.3753
0.3667
0.3704
0.3781
0.3798
0.3712
0.3687
0.3798
0.3728
0.3656
0.3755
0.3616
0.3639
0.3715
0.3721
0.3768
0.3707
0.3654
0.3621
0.3733
0.3825
0.3804
0.3779
0.3754
0.3759
0.3546
0.3744
0.3779
0.3658
0.3666
0.3834
0.3793
0.3812
0.3771
0.3748
0.3521
0.3707
0.3804
0.3814
0.3638
0.3783
0.3709
0.3743
0.3822
0.3706
0.3677
0.3745
0.3779
0.3632
0.3728
0.3686
0.3718
0.3805
0.3747
0.3773
0.3707
0.3709
0.3803
0.3687
0.3725
0.3569
0.3632
0.3609
0.3618
0.3799
0.3732
0.3431
0.3836
0.3754
0.3564
0.3826
0.3783
0.3758
0.3663
0.3782
0.3689
0.3812
0.3659
0.369
0.3818
0.3852
0.3778
0.3631
0.3757
0.3665
0.3812
0.3664
0.3626
0.3769
0.3686
0.3456
0.3639
0.381
0.3748
0.3731
0.3778
0.3716
0.381
0.3777
0.3749
0.371
0.3706
0.3711
0.3716
0.3819
0.3763
0.3755
0.3397
0.3662
0.3752
0.3616
0.3772
0.3803
0.3626
0.3818
0.3601
0.3785
0.3582
0.3715
0.3688
0.3786
0.379
0.3722
0.3598
0.3663
0.3693
0.3627
0.362
0.3692
0.3656
0.3782
0.3777
0.3766
0.3737
0.3735
0.3694
0.3721
0.3629
0.374
0.3766
0.3784
0.3769
0.3587
0.3795
0.3748
0.3766
0.3676
0.3832
0.3864
0.3828
0.3796
0.3827
0.3696
0.3636
0.3779
0.3806
0.3649
0.3791
0.3804
0.3505
0.3753
0.3614
0.3784
0.3847
0.3681
0.3703
0.3649
0.3646
0.383
0.3721
0.3694
0.371
0.3636
0.3817
0.3797
0.3587
0.3764
0.3793
0.3543
0.3555
0.383
0.3617
0.3751
0.3603
0.3697
0.347
0.3832
0.3762
0.3787
0.3774
0.3648
0.3685
0.3624
0.3787
0.3366
0.3722
0.3735
0.3741
0.3834
0.3636
0.3655
0.3756
0.3748
0.3764
0.371
0.3738
0.3596
0.356
0.3757
0.3783
0.3843
0.3704
0.3848
0.3725
0.3698
0.3706
0.3658
0.3788
0.3639
0.3667
0.3699
0.3598
0.3563
0.3594
0.3517
0.356
0.3729
0.3757
0.3737
0.378
0.3573
0.379
0.3812
0.3783
0.3859
0.368
0.3705
0.3732
0.3825
0.3652
0.386
0.3751
0.3593
0.371
0.3638
0.3575
0.3772
0.3723
0.3791
0.3805
0.3725
0.3714
0.3808
0.3766
0.3587
0.3474
0.3658
0.3619
0.3845
0.3835
0.3761
0.3737
0.3828
0.3641
0.3751
0.3773
0.3685
0.3705
0.3849
0.3678
0.3816
0.3737
0.375
0.3722
0.3799
0.3776
0.3757
0.3699
0.3768
0.3775
0.3721
0.3546
0.3606
0.3723
0.3589
0.3724
0.3549
0.3707
0.3663
0.3787
0.3719
0.3759
0.3757
0.3721
0.3713
0.3766
0.3684
0.3659
0.374
0.3821
0.364
0.3703
0.3783
0.3653
0.3799
0.3747
0.3781
0.3765
0.3638
0.3698
0.3864
0.3692
0.3681
0.3872
0.3781
0.3771
0.3615
0.3691
0.3802
0.3765
0.3674
0.3718
0.3673
0.3822
0.3803
0.3614
0.3713
0.379
0.3703
0.3883
0.381
0.3773
0.3829
0.3782
0.3787
0.3526
0.3808
0.3739
0.363
0.3773
0.3772
0.3664
0.3824
0.3831
0.378
0.3716
0.3834
0.3782
0.3755
0.3606
0.3791
0.3802
0.3752
0.3663
0.3694
0.3708
0.3731
0.3719
0.3739
0.3584
0.3759
0.3704
0.3682
0.3658
0.3776
0.3725
0.3735
0.3823
0.3663
0.3725
0.3744
0.3878
0.3734
0.3695
0.3846
0.3789
0.3853
0.3747
0.3658
0.3801
0.3669
0.3773
0.3737
0.3647
0.3707
0.38
0.375
0.3763
0.3654
0.3797
0.3626
0.367
0.3815
0.3658
0.3695
0.3806
0.3763
0.3613
0.3838
0.3699
0.3636
0.3725
0.3739
0.3733
0.3758
0.3659
0.3816
0.3775
0.3725
0.374
0.3761
0.3716
0.3718
0.3556
0.3842
0.367
0.3667
0.3772
0.365
0.3596
0.3743
0.3661
0.3794
0.3816
0.3675
0.3798
0.3749
0.3823
0.366
0.3664
0.3909
0.3626
0.3822
0.3828
0.3726
0.3754
0.3877
0.364
0.3768
0.3681
0.3608
0.3848
0.3677
0.3782
0.3701
0.3774
0.3639
0.3729
0.3436
0.3752
0.3678
0.3808
0.3802
0.3667
0.3694
0.3797
0.3526
0.3776
0.3715
0.3694
0.3624
0.3831
0.3756
0.3713
0.3812
0.3758
0.3769
0.3635
0.3675
0.3759
0.3803
0.3654
0.3782
0.3783
0.368
0.376
0.3672
0.3684
0.3832
0.3795
0.3826
0.3774
0.3514
0.3778
0.3787
0.3704
0.3681
0.3654
0.3682
0.3636
0.369
0.3706
0.3822
0.367
0.3715
0.3704
0.3683
0.367
0.3676
0.3827
0.3796
0.3827
0.3699
0.3727
0.3847
0.3806
0.3717
0.3678
0.372
0.3843
0.3658
0.3806
0.366
0.3654
0.3632
0.3808
0.3415
0.3665
0.3663
0.3629
0.3772
0.3514
0.3644
0.3768
0.368
0.3762
0.3932
0.3669
0.3745
0.3763
0.3738
0.3974
0.3639
0.3613
0.3614
0.379
0.3856
0.3668
0.3777
0.3725
0.3715
0.3811
0.3682
0.3861
0.3585
0.3799
0.379
0.3616
0.3661
0.3864
0.3815
0.3623
0.3747
0.3742
0.3818
0.3708
0.371
0.3725
0.3734
0.3609
0.3814
0.3899
0.3976
0.3677
0.371
0.3596
0.3905
0.3663
0.3605
0.3837
0.3796
0.3762
0.372
0.3627
0.381
0.3874
0.3622
0.3757
0.3763
0.3792
0.3876
0.3753
0.3897
0.3869
0.3796
0.3582
0.3713
0.3553
0.363
0.3779
0.3696
0.3638
0.3694
0.385
0.3706
0.3809
0.384
0.3555
0.3943
0.3693
0.3882
0.3746
0.394
0.3769
0.3755
0.3509
0.3652
0.3673
0.3672
0.3774
0.3833
0.3712
0.3751
0.3774
0.3821
0.3818
0.3859
0.3968
0.3828
0.3864
0.3602
0.3789
0.3921
0.3797
0.3734
0.3734
0.3745
0.3652
0.3953
0.3626
0.3613
0.3744
0.3675
0.3821
0.3485
0.3935
0.3717
0.3632
0.3855
0.3472
0.3787
0.3629
0.3643
0.3782
0.3853
0.3739
0.3763
0.3593
0.3749
0.3714
0.3866
0.3898
0.3702
0.354
0.367
0.3888
0.3722
0.3475
0.3766
0.3661
0.3711
0.3973
0.37
0.3781
0.3987
0.3743
0.3837
0.3702
0.3767
0.3799
0.3774
0.3813
0.3714
0.3836
0.3725
0.369
0.3925
0.3739
0.372
0.3707
0.3665
0.3685
0.3935
0.377
0.3843
0.3738
0.3673
0.3813
0.3734
0.378
0.3887
0.3674
0.3686
0.3778
0.3706
0.3498
0.3648
0.3792
0.361
0.3756
0.3468
0.3767
0.3612
0.3831
0.3537
0.38
0.3788
0.3814
0.3687
0.3704
0.37
0.3732
0.3764
0.383
0.3716
0.3763
0.398
0.3708
0.374
0.3901
0.3847
0.3433
0.383
0.3739
0.3647
0.3833
0.3803
0.3846
0.3784
0.3536
0.3676
0.3566
0.3548
0.3835
0.3811
0.3714
0.3808
0.3623
0.3531
0.3971
0.3491
0.3786
0.3855
0.3779
0.3775
0.3611
0.3563
0.3616
0.3716
0.3784
0.3687
0.3474
0.3626
0.3617
0.3887
0.379
0.3704
0.3826
0.3704
0.3785
0.3715
0.3815
0.3612
0.3784
0.3701
0.3557
0.3765
0.3778
0.394
0.373
0.371
0.3737
0.3772
0.3741
0.3706
0.3968
0.3725
0.3659
0.364
0.3941
0.3805
0.3513
0.3757
0.3626
0.3675
0.3806
0.3667
0.377
0.3698
0.3707
0.3856
0.355
0.3686
0.3785
0.3623
0.3829
0.385
0.3736
0.3726
0.3753
0.3704
0.3683
0.3645
0.3826
0.3806
0.3716
0.3692
0.3684
0.396
0.3763
0.3756
0.3728
0.382
0.3699
0.3474
0.3862
0.3739
0.3637
0.3799
0.3685
0.3525
0.3643
0.3842
0.3785
0.3779
0.37
0.3791
0.3699
0.3765
0.3634
0.3735
0.3568
0.3814
0.3652
0.3753
0.3867
0.3856
0.3885
0.3562
0.3695
0.3825
0.3771
0.3745
0.3747
0.37
0.3727
0.3841
0.3756
0.3707
0.3713
0.3747
0.3774
0.3745
0.3786
0.3722
0.382
0.37
0.3565
0.3692
0.3826
0.3763
0.3574
0.3874
0.3706
0.34
0.3722
0.3704
0.3819
0.3816
0.3882
0.3751
0.3885
0.3727
0.3601
0.3821
0.3816
0.3699
0.3682
0.3512
0.3538
0.3619
0.3629
0.3808
0.3782
0.379
0.3634
0.3686
0.363
0.3543
0.3708
0.3701
0.3667
0.3776
0.3815
0.3757
0.373
0.3709
0.3895
0.3684
0.3653
0.368
0.3785
0.373
0.3646
0.3803
0.3516
0.377
0.3733
0.3588
0.356
0.3967
0.3869
0.3589
0.3583
0.3725
0.3885
0.3656
0.395
0.3969
0.3639
0.3513
0.3929
0.3716
0.3857
0.3509
0.3809
0.3783
0.3731
0.3862
0.3833
0.3698
0.376
0.3785
0.3658
0.3709
0.3533
0.3712
0.3787
0.3801
0.3771
0.3985
0.3724
0.3818
0.3703
0.3814
0.3762
0.3822
0.3818
0.3867
0.3906
0.3675
0.3702
0.366
0.3743
0.3899
0.3728
0.3766
0.3678
0.3516
0.3763
0.377
0.3919
0.3725
0.3921
0.3649
0.3882
0.3752
0.3755
0.3607
0.3794
0.38
0.384
0.3769
0.3855
0.3677
0.3746
0.3856
0.3808
0.377
0.3752
0.3674
0.3727
0.3754
0.3905
0.3688
0.3832
0.3826
0.3979
0.3949
0.3621
0.3725
0.3704
0.3644
0.3758
0.3744
0.3539
0.3657
0.3827
0.3989
0.3952
0.3778
0.3816
0.3779
0.3743
0.3794
0.3725
0.3649
0.3925
0.3679
0.3705
0.3718
0.3836
0.372
0.3702
0.3627
0.3811
0.3758
0.3716
0.3663
0.3761
0.3845
0.3763
0.3794
0.3791
0.3754
0.3519
0.3882
0.3759
0.3732
0.3701
0.3848
0.3754
0.3837
0.3767
0.375
0.3576
0.3654
0.3795
0.3857
0.3616
0.3691
0.3696
0.3972
0.3805
0.3725
0.3747
0.3718
0.3702
0.3692
0.3829
0.3774
0.3974
0.3788
0.3711
0.3792
0.3772
0.3706
0.3822
0.3593
0.3691
0.366
0.3668
0.3637
0.367
0.3853
0.3705
0.3459
0.384
0.3754
0.3555
0.3818
0.3853
0.3965
0.3651
0.3986
0.3672
0.3826
0.3689
0.3687
0.3824
0.3858
0.392
0.3913
0.3751
0.3707
0.3892
0.366
0.374
0.3742
0.3798
0.3991
0.3602
0.3786
0.3809
0.3731
0.3767
0.3721
0.3863
0.3794
0.3709
0.3744
0.3677
0.3685
0.3776
0.3814
0.3843
0.3688
0.3495
0.3907
0.3761
0.3769
0.3743
0.3847
0.3576
0.3931
0.359
0.3815
0.3581
0.3747
0.3715
0.3786
0.3959
0.3774
0.3555
0.3551
0.3695
0.3699
0.3631
0.3761
0.3625
0.3757
0.3811
0.377
0.3779
0.3743
0.375
0.3657
0.3702
0.3612
0.3724
0.3751
0.3803
0.3728
0.3915
0.3738
0.3785
0.3725
0.3871
0.3865
0.3862
0.3796
0.3891
0.3635
0.3606
0.3785
0.3771
0.3661
0.3762
0.3761
0.3512
0.3739
0.3523
0.3835
0.3872
0.3659
0.3762
0.3691
0.3658
0.38
0.372
0.3644
0.3779
0.3583
0.3848
0.3749
0.3628
0.3787
0.3718
0.3594
0.352
0.3785
0.3601
0.3708
0.3642
0.3935
0.3508
0.3832
0.3715
0.3764
0.3769
0.3808
0.3706
0.3877
0.3735
0.3618
0.3784
0.3721
0.3908
0.3853
0.3954
0.3725
0.3675
0.3772
0.391
0.3785
0.3743
0.3865
0.3664
0.3716
0.3789
0.3832
0.3667
0.3759
0.3757
0.3706
0.3694
0.3597
0.3827
0.3842
0.377
0.3708
0.3632
0.3548
0.37
0.3453
0.3558
0.3893
0.3769
0.3795
0.3807
0.352
0.3931
0.3861
0.3807
0.386
0.3973
0.3732
0.3678
0.3777
0.3632
0.3776
0.3744
0.3528
0.387
0.3703
0.3562
0.3662
0.3633
0.371
0.3944
0.3693
0.38
0.3797
0.3705
0.3542
0.3494
0.36
0.3535
0.3837
0.3804
0.383
0.3809
0.3784
0.3604
0.3721
0.383
0.3695
0.3678
0.3761
0.3624
0.3912
0.3943
0.3973
0.3717
0.3844
0.3797
0.3861
0.372
0.3758
0.376
0.3727
0.3888
0.3474
0.3685
0.3572
0.3772
0.3571
0.3702
0.3624
0.383
0.3716
0.3822
0.3715
0.3688
0.3713
0.3785
0.3746
0.3735
0.3756
0.3844
0.367
0.3812
0.3731
0.3553
0.3901
0.3735
0.389
0.3765
0.3803
0.3757
0.3876
0.367
0.3641
0.3863
0.3775
0.3819
0.357
0.3951
0.3849
0.3801
0.3606
0.3778
0.3682
0.3934
0.3798
0.3604
0.3717
0.3782
0.3735
0.38
0.3934
0.3742
0.3885
0.3818
0.3675
0.3482
0.3783
0.3931
0.3984
0.3777
0.3693
0.3872
0.3866
0.3814
0.375
0.373
0.3783
0.394
0.3756
0.3558
0.3872
0.3695
0.3716
0.377
0.367
0.3682
0.3776
0.3662
0.3689
0.3679
0.3832
0.3661
0.383
0.3957
0.3829
0.3838
0.3799
0.3784
0.3987
0.3673
0.3821
0.3878
0.3749
0.3629
0.3849
0.3842
0.3834
0.3718
0.3675
0.3724
0.3696
0.3805
0.376
0.3624
0.3609
0.3823
0.3977
0.3775
0.361
0.3827
0.364
0.3702
0.3817
0.3796
0.3668
0.3826
0.3723
0.3915
0.3803
0.372
0.3638
0.3753
0.3759
0.376
0.3987
0.3793
0.3819
0.3828
0.3712
0.3705
0.3586
0.3685
0.3831
0.3622
0.3841
0.3666
0.3682
0.3762
0.3683
0.3811
0.3665
0.3988
0.3784
0.3861
0.3747
0.3769
0.3762
0.3817
0.363
0.3784
0.3935
0.3644
0.3807
0.3846
0.3785
0.3742
0.3831
0.3911
0.3763
0.3692
0.365
0.3964
0.3916
0.3765
0.373
0.3838
0.356
0.3833
0.3887
0.3763
0.3706
0.3741
0.3789
0.3828
0.3789
0.3767
0.3541
0.3769
0.3756
0.374
0.3577
0.3824
0.3796
0.3727
0.3797
0.3807
0.3719
0.3663
0.3728
0.3858
0.3941
0.3608
0.381
0.38
0.3657
0.3709
0.3855
0.3833
0.3844
0.3984
0.3839
0.3753
0.3518
0.3775
0.3873
0.3686
0.3677
0.3799
0.3661
0.3627
0.3741
0.3982
0.3806
0.3725
0.3659
0.3691
0.3673
0.3671
0.3713
0.3856
0.386
0.3834
0.3732
0.3646
0.3969
0.3851
0.3722
0.3747
0.3744
0.3764
0.3631
0.386
0.3571
0.371
0.3634
0.3796
0.3596
0.3693
0.3647
0.3856
0.3728
0.3514
0.3702
0.3807
0.3782
0.3855
0.3911
0.3855
0.3939
0.3787
0.3885
0.3983
0.3752
0.397
0.3804
0.3784
0.3881
0.3763
0.3852
0.3899
0.3948
0.3958
0.3854
0.3977
0.3996
0.3958
0.3927
0.3868
0.3656
0.3996
0.3966
0.3986
0.3969
0.3967
0.3983
0.3937
0.3959
0.3848
0.398
0.3997
0.3856
0.3954
0.3987
0.3883
0.3893
0.3989
0.399
0.3975
0.3667
0.3945
0.3912
0.3949
0.3856
0.3966
0.3902
0.3966
0.3864
0.3971
0.3985
0.3942
0.3979
0.3841
0.3949
0.388
0.3921
0.3844
0.391
0.3739
0.3799
0.3968
0.3965
0.3767
0.3871
0.3836
0.3978
0.3913
0.3907
0.3739
0.3884
0.3915
0.3918
0.3826
0.3984
0.3951
0.3966
0.3939
0.389
0.3954
0.3725
0.3928
0.3916
0.3991
0.3946
0.3885
0.3944
0.3891
0.3863
0.3976
0.3845
0.3853
0.3939
0.391
0.3955
0.3943
0.3925
0.3927
0.3838
0.3805
0.3974
0.3877
0.394
0.3985
0.3965
0.3896
0.37
0.3928
0.3903
0.3911
0.39
0.3694
0.3916
0.3911
0.3891
0.3848
0.3905
0.3935
0.3957
0.3871
0.3964
0.3728
0.3917
0.3983
0.3979
0.3951
0.3991
0.3989
0.3894
0.3624
0.3802
0.3881
0.3985
0.3979
0.391
0.3857
0.3979
0.3957
0.3856
0.3952
0.3985
0.3975
0.3802
0.39
0.3949
0.3967
0.385
0.3966
0.3916
0.3936
0.3857
0.3845
0.3804
0.3788
0.3954
0.3963
0.3953
0.3989
0.3917
0.3869
0.3954
0.3806
0.3968
0.3922
0.3992
0.3777
0.3909
0.3946
0.3648
0.3986
0.3948
0.3829
0.3946
0.3955
0.39
0.3903
0.3987
0.3937
0.3852
0.3969
0.3839
0.3743
0.3814
0.3982
0.3959
0.3961
0.3946
0.3985
0.3955
0.397
0.3997
0.395
0.3971
0.3705
0.3895
0.3972
0.3988
0.3972
0.3991
0.3906
0.3965
0.392
0.388
0.3984
0.3721
0.3975
0.3954
0.3949
0.3792
0.3944
0.3991
0.3974
0.3933
0.3989
0.3824
0.3765
0.3956
0.386
0.3766
0.391
0.3954
0.3984
0.3879
0.3769
0.3845
0.3908
0.3944
0.3891
0.3947
0.3895
0.3904
0.3965
0.3927
0.3955
0.3839
0.3768
0.3746
0.3971
0.3914
0.3938
0.3958
0.3741
0.3844
0.3966
0.3972
0.3951
0.3977
0.3946
0.3954
0.3969
0.3762
0.3944
0.3979
0.3628
0.3802
0.3875
0.3984
0.3928
0.3959
0.3898
0.3579
0.3948
0.3975
0.3979
0.3945
0.3844
0.3971
0.3956
0.3931
0.3974
0.3923
0.3942
0.3964
0.3937
0.3669
0.3961
0.38
0.3713
0.3968
0.3948
0.396
0.3897
0.3933
0.3745
0.3762
0.3832
0.3916
0.3943
0.382
0.397
0.397
0.3919
0.3863
0.3958
0.3922
0.3758
0.3935
0.3955
0.3978
0.3937
0.3854
0.3776
0.3956
0.3641
0.3937
0.3947
0.3993
0.3965
0.3989
0.3967
0.3882
0.3855
0.3846
0.3859
0.3967
0.3955
0.397
0.3949
0.3911
0.3994
0.3969
0.3956
0.3948
0.3976
0.3875
0.3939
0.3983
0.3967
0.3959
0.3898
0.3928
0.3919
0.3991
0.3873
0.3937
0.3937
0.3534
0.3913
0.3866
0.3952
0.3977
0.3937
0.399
0.3856
0.3943
0.3829
0.3955
0.3944
0.3894
0.3763
0.3966
0.3714
0.392
0.393
0.3991
0.3979
0.3931
0.3957
0.3987
0.3978
0.3871
0.3729
0.3912
0.3909
0.3916
0.3861
0.3965
0.3975
0.388
0.3926
0.3936
0.3981
0.3987
0.3707
0.3987
0.3877
0.3979
0.3967
0.3958
0.3946
0.3783
0.3973
0.3984
0.3895
0.3964
0.362
0.3952
0.3928
0.3933
0.3961
0.3973
0.3921
0.3777
0.3955
0.3944
0.3864
0.3499
0.3956
0.3906
0.3971
0.3905
0.3974
0.3968
0.3877
0.3904
0.3987
0.368
0.3918
0.395
0.3815
0.3925
0.3757
0.3978
0.3956
0.3969
0.3786
0.3969
0.3954
0.3974
0.3973
0.3887
0.3947
0.3844
0.3886
0.3878
0.3993
0.3895
0.3973
0.3934
0.3867
0.3989
0.3826
0.3783
0.3882
0.3949
0.3902
0.3856
0.3947
0.3973
0.3983
0.3945
0.3978
0.3903
0.3939
0.3986
0.3951
0.3961
0.399
0.3965
0.3979
0.3889
0.381
0.3963
0.389
0.3878
0.3954
0.3752
0.3982
0.3994
0.3985
0.3944
0.3847
0.3741
0.3967
0.3973
0.3864
0.3944
0.3909
0.3938
0.3961
0.3993
0.3964
0.3895
0.3828
0.3949
0.395
0.3872
0.3915
0.3775
0.3931
0.3992
0.3896
0.3897
0.3827
0.3727
0.3941
0.3992
0.3975
0.3883
0.3976
0.3723
0.399
0.396
0.3982
0.3977
0.3829
0.3916
0.3841
0.3942
0.3975
0.3885
0.3894
0.3864
0.3964
0.3877
0.3854
0.378
0.3685
0.3978
0.3903
0.3965
0.3993
0.3896
0.3882
0.3966
0.3936
0.3956
0.3893
0.397
0.3918
0.3966
0.391
0.3973
0.399
0.3929
0.3971
0.3881
0.3915
0.3865
0.385
0.3755
0.3891
0.397
0.3835
0.3974
0.3956
0.3971
0.3864
0.3748
0.3827
0.3888
0.394
0.3972
0.3906
0.3965
0.3987
0.398
0.3887
0.395
0.3946
0.3927
0.3953
0.3974
0.3961
0.3908
0.3932
0.3803
0.396
0.3929
0.3948
0.3975
0.3918
0.397
0.3941
0.3953
0.3804
0.3986
0.397
0.3996
0.3699
0.3949
0.3974
0.3836
0.3937
0.3954
0.3911
0.3972
0.3895
0.3971
0.3912
0.3914
0.3817
0.3744
0.3962
0.3982
0.3979
0.3943
0.3981
0.399
0.396
0.3817
0.3895
0.3911
0.3941
0.3952
0.3941
0.3845
0.3938
0.3928
0.3955
0.3741
0.399
0.3964
0.3959
0.3909
0.396
0.3951
0.3972
0.3867
0.3941
0.3909
0.3954
0.3944
0.3938
0.3795
0.3953
0.3976
0.3943
0.396
0.3962
0.3971
0.3915
0.3928
0.3985
0.383
0.3889
0.3986
0.3905
0.3988
0.388
0.3888
0.3896
0.3979
0.3961
0.3929
0.3838
0.3709
0.3776
0.3817
0.3948
0.3915
0.3945
0.3918
0.3772
0.3599
0.3995
0.3928
0.3917
0.3957
0.3979
0.364
0.3879
0.3966
0.3958
0.3898
0.3984
0.3921
0.3991
0.3966
0.3993
0.3969
0.3915
0.3949
0.3828
0.3901
0.3934
0.3802
0.3813
0.3946
0.3908
0.3948
0.3969
0.3957
0.3975
0.393
0.3989
0.389
0.3932
0.3832
0.3882
0.388
0.3877
0.391
0.375
0.3954
0.383
0.3723
0.3725
0.3712
0.3952
0.3953
0.3891
0.3939
0.3974
0.3868
0.3775
0.3937
0.3992
0.3945
0.3936
0.3974
0.397
0.3779
0.3944
0.3955
0.381
0.3984
0.3974
0.3831
0.3828
0.3978
0.3974
0.3902
0.3935
0.3541
0.3849
0.394
0.3746
0.3884
0.3569
0.3971
0.396
0.3906
0.3774
0.3826
0.3889
0.398
0.3956
0.385
0.3875
0.3977
0.3973
0.393
0.3851
0.3967
0.3985
0.3815
0.3963
0.3964
0.3975
0.3934
0.3778
0.394
0.397
0.3982
0.3898
0.3988
0.3974
0.3992
0.379
0.3858
0.3923
0.3994
0.3978
0.3804
0.3823
0.3868
0.393
0.3791
0.3929
0.3933
0.3898
0.3973
0.3773
0.387
0.3853
0.3946
0.3989
0.3815
0.398
0.3808
0.3847
0.396
0.3851
0.3977
0.3765
0.3913
0.3826
0.3903
0.3945
0.395
0.3993
0.3974
0.3919
0.3766
0.3987
0.397
0.3912
0.3735
0.3959
0.3875
0.3715
0.3738
0.3806
0.3982
0.396
0.3978
0.3824
0.3972
0.394
0.3856
0.3983
0.3981
0.3916
0.3956
0.3972
0.3925
0.3704
0.397
0.3904
0.3971
0.3987
0.3834
0.3823
0.3902
0.3878
0.3835
0.3869
0.3876
0.3944
0.3837
0.3946
0.3966
0.3919
0.3992
0.393
0.396
0.3686
0.3949
0.3959
0.3889
0.394
0.3959
0.3752
0.3869
0.3684
0.3979
0.3841
0.3843
0.3739
0.398
0.3793
0.3959
0.3969
0.38
0.3971
0.3896
0.3821
0.3957
0.3926
0.3943
0.3859
0.396
0.3837
0.3919
0.3956
0.397
0.3975
0.3976
0.3894
0.3817
0.3978
0.3825
0.3976
0.3915
0.3812
0.3899
0.3941
0.3962
0.3892
0.3891
0.3968
0.3638
0.3934
0.3955
0.3954
0.3942
0.3792
0.393
0.3934
0.3911
0.3957
0.3981
0.3642
0.3971
0.3977
0.3864
0.3891
0.3972
0.3918
0.3964
0.398
0.3961
0.3982
0.3965
0.3907
0.3811
0.3972
0.398
0.399
0.3973
0.3945
0.3981
0.3913
0.3959
0.3851
0.3982
0.3929
0.3923
0.3917
0.3941
0.3871
0.393
0.3986
0.3947
0.3995
0.3914
0.3931
0.3861
0.3818
0.369
0.3842
0.3975
0.3778
0.3967
0.3781
0.3897
0.3972
0.3667
0.3955
0.3809
0.3891
0.3981
0.3973
0.3939
0.394
0.3949
0.393
0.391
0.3879
0.3889
0.3962
0.3948
0.3819
0.3981
0.3953
0.3884
0.3865
0.3924
0.3768
0.3977
0.3933
0.3976
0.3973
0.3806
0.3999
0.3971
0.394
0.3888
0.3797
0.3889
0.3834
0.3958
0.3971
0.3947
0.396
0.3856
0.3929
0.3872
0.3827
0.3947
0.3985
0.397
0.3949
0.398
0.3975
0.3981
0.3954
0.3962
0.3794
0.382
0.3966
0.3975
0.3922
0.397
0.3964
0.3665
0.396
0.394
0.3978
0.3761
0.3675
0.3826
0.3629
0.3841
0.398
0.3905
NA
NA
NA
NA
NA
NA
NA
NA
NA
NA
NA
NA
NA
NA
NA
NA
NA
NA
NA
NA
NA
NA
NA
NA
NA
NA
NA
NA
NA
NA
NA
NA
NA
NA
NA
NA
NA
NA
NA
NA
NA
NA
NA
NA
NA
NA
NA
NA
NA
NA
NA
NA
NA
NA
NA
NA
NA
NA
NA
NA
NA
NA
NA
NA
NA
NA
NA
NA
NA
NA
NA
NA
NA
NA
NA
NA
NA
NA
NA
NA
NA
NA
NA
NA
NA
NA
NA
NA
NA
NA
NA
NA
NA
NA
NA
NA
NA
NA
NA
NA
NA
NA
NA
NA
NA
NA
NA
NA
NA
NA
NA
NA
NA
NA
NA
NA
NA
NA
NA
NA
NA
NA
NA
NA
NA
NA
NA
NA
NA
NA
NA
NA
NA
NA
NA
NA
NA
NA
NA
NA
NA
NA
NA
NA
NA
NA
NA
NA
NA
NA
NA
NA
NA
NA
NA
NA
NA
NA
NA
NA
NA
NA
NA
NA
NA
NA
NA
NA
NA
NA
NA
NA
NA
NA
NA
NA
NA
NA
NA
NA
NA
NA
NA
NA
NA
NA
NA
NA
NA
NA
NA
NA
NA
NA
NA
NA
NA
NA
NA
NA
NA
NA
NA
NA
NA
NA
NA
NA
NA
NA
NA
NA
NA
NA
NA
NA
NA
NA
NA
NA
NA
NA
NA
NA
NA
NA
NA
NA
NA
NA
NA
NA
NA
NA
NA
NA
NA
NA
NA
NA
NA
NA
NA
NA
NA
NA
NA
NA
NA
NA
NA
NA
NA
NA
NA
NA
NA
NA
NA
NA
NA
NA
NA
NA
NA
NA
NA
NA
NA
NA
NA
NA
NA
NA
NA
NA
NA
NA
NA
NA
NA
NA
NA
NA
NA
NA
NA
NA
NA
NA
NA
NA
NA
NA
NA
NA
NA
NA
NA
NA
NA
NA
NA
NA
NA
NA
NA
NA
NA
NA
NA
NA
NA
NA
NA
NA
NA
NA
NA
NA
NA
NA
NA
NA
NA
NA
NA
NA
NA
NA
NA
NA
NA
NA
NA
NA
NA
NA
NA
NA
NA
NA
NA
NA
NA
NA
NA
NA
NA
NA
NA
NA
NA
NA
NA
NA
NA
NA
NA
NA
NA
NA
NA
NA
NA
NA
NA
NA
NA
NA
NA
NA
NA
NA
NA
NA
NA
NA
NA
NA
NA
NA
NA
NA
NA
NA
NA
NA
NA
NA
NA
NA
NA
NA
NA
NA
NA
NA
NA
NA
NA
NA
NA
NA
NA
NA
NA
NA
NA
NA
NA
NA
NA
NA
NA
NA
NA
NA
NA
NA
NA
NA
NA
NA
NA
NA
NA
NA
NA
NA
NA
NA
NA
NA
NA
NA
NA
NA
NA
NA
NA
NA
NA
NA
NA
NA
NA
NA
NA
NA
NA
NA
NA
NA
NA
NA
NA
NA
NA
NA
NA
NA
NA
NA
NA
NA
NA
NA
NA
NA
NA
NA
NA
NA
NA
NA
NA
NA
NA
NA
NA
NA
NA
NA
NA
NA
NA
NA
NA
NA
NA
NA
NA
NA
NA
NA
NA
NA
NA
NA
NA
NA
NA
NA
NA
NA
NA
NA
NA
NA
NA
NA
NA
NA
NA
NA
NA
NA
NA
NA
NA
NA
NA
NA
NA
NA
NA
NA
NA
NA
NA
NA
NA
NA
NA
NA
NA
NA
NA
NA
NA
NA
NA
NA
NA
NA
NA
NA
NA
NA
NA
NA
NA
NA
NA
NA
NA
NA
NA
NA
NA
NA
NA
NA
NA
NA
NA
NA
NA
NA
NA
NA
NA
NA
NA
NA
NA
NA
NA
NA
NA
NA
NA
NA
NA
NA
NA
NA
NA
NA
NA
NA
NA
NA
NA
NA
NA
NA
NA
NA
NA
NA
NA
NA
NA
NA
NA
NA
NA
NA
NA
NA
NA
NA
NA
NA
NA
NA
NA
NA
NA
NA
NA
NA
NA
NA
NA
NA
NA
NA
NA
NA
NA
NA
NA
NA
NA
NA
NA
NA
NA
NA
NA
NA
NA
NA
NA
NA
NA
NA
NA
NA
NA
NA
NA
NA
NA
NA
NA
NA
NA
NA
NA
NA
NA
NA
NA
NA
NA
NA
NA
NA
NA
NA
NA
NA
NA
NA
NA
NA
NA
NA
NA
NA
NA
NA
NA
NA
NA
NA
NA
NA
NA
NA
NA
NA
NA
NA
NA
NA
NA
NA
NA
NA
NA
NA
NA
NA
NA
NA
NA
NA
NA
NA
NA
NA
NA
NA
NA
NA
NA
NA
NA
NA
NA
NA
NA
NA
NA
NA
NA
NA
NA
NA
NA
NA
NA
NA
NA
NA
NA
NA
NA
NA
NA
NA
NA
NA
NA
NA
NA
NA
NA
NA
NA
NA
NA
NA
NA
NA
NA
NA
NA
NA
NA
NA
NA
NA
NA
NA
NA
NA
NA
NA
NA
NA
NA
NA
NA
NA
NA
NA
NA
NA
NA
NA
NA
NA
NA
NA
NA
NA
NA
NA
NA
NA
NA
NA
NA
NA
NA
NA
NA
NA
NA
NA
NA
NA
NA
NA
NA
NA
NA
NA
NA
NA
NA
NA
NA
NA
NA
NA
NA
NA
NA
NA
NA
NA
NA
NA
NA
NA
NA
NA
NA
NA
NA
NA
NA
NA
NA
NA
NA
NA
NA
NA
NA
NA
NA
NA
NA
NA
NA
NA
NA
NA
NA
NA
NA
NA
NA
NA
NA
NA
NA
NA
NA
NA
NA
NA
NA
NA
NA
NA
NA
NA
NA
NA
NA
NA
NA
NA
NA
NA
NA
NA
NA
NA
NA
NA
NA
NA
NA
NA
NA
NA
NA
NA
NA
NA
NA
NA
NA
NA
NA
NA
NA
NA
NA
NA
NA
NA
NA
NA
NA
NA
NA
NA
NA
NA
NA
NA
NA
NA
NA
NA
NA
NA
NA
NA
NA
NA
NA
NA
NA
NA
NA
NA
NA
NA
NA
NA
NA
NA
NA
NA
NA
NA
NA
NA
NA
NA
NA
NA
NA
NA
NA
NA
NA
NA
NA
NA
NA
NA
NA
NA
NA
NA
NA
NA
NA
NA
NA
NA
NA
NA
NA
NA
NA
NA
NA
NA
NA
NA
NA
NA
NA
NA
NA
NA
NA
NA
NA
NA
NA
NA
NA
NA
NA
NA
NA
NA
NA
NA
NA
NA
NA
NA
NA
NA
NA
NA
NA
NA
NA
NA
NA
NA
NA
NA
NA
NA
NA
NA
NA
NA
NA
NA
NA
NA
NA
NA
NA
NA
NA
NA
NA
NA
NA
NA
NA
NA
NA
NA
NA
NA
NA
NA
NA
NA
NA
NA
NA
NA
NA
NA
NA
NA
NA
NA
NA
NA
NA
NA
NA
NA
NA
NA
NA
NA
NA
NA
NA
NA
NA
NA
NA
NA
NA
NA
NA
NA
NA
NA
NA
NA
NA
NA
NA
NA
NA
NA
NA
NA
NA
NA
NA
NA
NA
NA
NA
NA
NA
NA
NA
NA
NA
NA
NA
NA
NA
NA
NA
NA
NA
NA
NA
NA
NA
NA
NA
NA
NA
NA
NA
NA
NA
NA
NA
NA
NA
NA
NA
NA
NA
NA
NA
NA
NA
NA
NA
NA
NA
NA
NA
NA
NA
NA
NA
NA
NA
NA
NA
NA
NA
NA
NA
NA
NA
NA
NA
NA
NA
NA
NA
NA
NA
NA
NA
NA
NA
NA
NA
NA
NA
NA
NA
NA
NA
NA
NA
NA
NA
NA
NA
NA
NA
NA
NA
NA
NA
NA
NA
NA
NA
NA
NA
NA
NA
NA
NA
NA
NA
NA
NA
NA
NA
NA
NA
NA
NA
NA
NA
NA
NA
NA
NA
NA
NA
NA
NA
NA
NA
NA
NA
NA
NA
NA
NA
NA
NA
NA
NA
NA
NA
NA
NA
NA
NA
NA
NA
NA
NA
NA
NA
NA
NA
NA
NA
NA
NA
NA
NA
NA
NA
NA
NA
NA
NA
NA
NA
NA
NA
NA
NA
NA
NA
NA
NA
NA
NA
NA
NA
NA
NA
NA
NA
NA
NA
NA
NA
NA
NA
NA
NA
NA
NA
NA
NA
NA
NA
NA
NA
NA
NA
NA
NA
NA
NA
NA
NA
NA
NA
NA
NA
NA
NA
NA
NA
NA
NA
NA
NA
NA
NA
NA
NA
NA
NA
NA
NA
NA
NA
NA
NA
NA
NA
NA
NA
NA
NA
NA
NA
NA
NA
NA
NA
NA
NA
NA
NA
NA
NA
NA
NA
NA
NA
NA
NA
NA
NA
NA
NA
NA
NA
NA
NA
NA
NA
NA
NA
NA
NA
NA
NA
NA
NA
NA
NA
NA
NA
NA
NA
NA
NA
NA
NA
NA
NA
NA
NA
NA
NA
NA
NA
NA
NA
NA
NA
NA
NA
NA
NA
NA
NA
NA
NA
NA
NA
NA
NA
NA
NA
NA
NA
NA
NA
NA
NA
NA
NA
NA
NA
NA
NA
NA
NA
NA
NA
NA
NA
NA
NA
NA
NA
NA
NA
NA
NA
NA
NA
NA
NA
NA
NA
NA
NA
NA
NA
NA
NA
NA
NA
NA
NA
NA
NA
NA
NA
NA
NA
NA
NA
NA
NA
NA
NA
NA
NA
NA
NA
NA
NA
NA
NA
NA
NA
NA
NA
NA
NA
NA
NA
NA
NA
NA
NA
NA
NA
NA
NA
NA
NA
NA
NA
NA
NA
NA
NA
NA
NA
NA
NA
NA
NA
NA
NA
NA
NA
NA
NA
NA
NA
NA
NA
NA
NA
NA
NA
NA
NA
NA
NA
NA
NA
NA
NA
NA
NA
NA
NA
NA
NA
NA
NA
NA
NA
NA
NA
NA
NA
NA
NA
NA
NA
NA
NA
NA
NA
NA
NA
NA
NA
NA
NA
NA
NA
NA
NA
NA
NA
NA
NA
NA
NA
NA
NA
NA
NA
NA
NA
NA
NA
NA
NA
NA
NA
NA
NA
NA
NA
NA
NA
NA
NA
NA
NA
NA
NA
NA
NA
NA
NA
NA
NA
NA
NA
NA
NA
NA
NA
NA
NA
NA
NA
NA
NA
NA
NA
NA
NA
NA
NA
NA
NA
NA
NA
NA
NA
NA
NA
NA
NA
NA
NA
NA
NA
NA
NA
NA
NA
NA
NA
NA
NA
NA
NA
NA
NA
NA
NA
NA
NA
NA
NA
NA
NA
NA
NA
NA
NA
NA
NA
NA
NA
NA
NA
NA
NA
NA
NA
NA
NA
NA
NA
NA
NA
NA
NA
NA
NA
NA
NA
NA
NA
NA
NA
NA
NA
NA
NA
NA
NA
NA
NA
NA
NA
NA
NA
NA
NA
NA
NA
NA
NA
NA
NA
NA
NA
NA
NA
NA
NA
NA
NA
NA
NA
NA
NA
NA
NA
NA
NA
NA
NA
NA
NA
NA
NA
NA
NA
NA
NA
NA
NA
NA
NA
NA
NA
NA
NA
NA
NA
NA
NA
NA
NA
NA
NA
NA
NA
NA
NA
NA
NA
NA
NA
NA
NA
NA
NA
NA
NA
NA
NA
NA
NA
NA
NA
NA
NA
NA
NA
NA
NA
NA
NA
NA
NA
NA
NA
NA
NA
NA
NA
NA
NA
NA
NA
NA
NA
NA
NA
NA
NA
NA
NA
NA
NA
NA
NA
NA
NA
NA
NA
NA
NA
NA
NA
NA
NA
NA
NA
NA
NA
NA
NA
NA
NA
NA
NA
NA
NA
NA
NA
NA
NA
NA
NA
NA
NA
NA
NA
NA
NA
NA
NA
NA
NA
NA
NA
NA
NA
NA
NA
NA
NA
NA
NA
NA
NA
NA
NA
NA
NA
NA
NA
NA
NA
NA
NA
NA
NA
NA
NA
NA
NA
NA
NA
NA
NA
NA
NA
NA
NA
NA
NA
NA
NA
NA
NA
NA
NA
NA
NA
NA
NA
NA
NA
NA
NA
NA
NA
NA
NA
NA
NA
NA
NA
NA
NA
NA
NA
NA
NA
NA
NA
NA
NA
NA
NA
NA
NA
NA
NA
NA
NA
NA
NA
NA
NA
NA
NA
NA
NA
NA
NA
NA
NA
NA
NA
NA
NA
NA
NA
NA
NA
NA
NA
NA
NA
NA
NA
NA
NA
NA
NA
NA
NA
NA
NA
NA
NA
NA
NA
NA
NA
NA
NA
NA
NA
NA
NA
NA
NA
NA
NA
NA
NA
NA
NA
NA
NA
NA
NA
NA
NA
NA
NA
NA
NA
NA
NA
NA
NA
NA
NA
NA
NA
NA
NA
NA
NA
NA
NA
NA
NA
NA
NA
NA
NA
NA
NA
NA
NA
NA
NA
NA
NA
NA
NA
NA
NA
NA
NA
NA
NA
NA
NA
NA
NA
NA
NA
NA
NA
NA
NA
NA
NA
NA
NA
NA
NA
NA
NA
NA
NA
NA
NA
NA
NA
NA
NA
NA
NA
NA
NA
NA
NA
NA
NA
NA
NA
NA
NA
NA
NA
NA
NA
NA
NA
NA
NA
NA
NA
NA
NA
NA
NA
NA
NA
NA
NA
NA
NA
NA
NA
NA
NA
NA
NA
NA
NA
NA
NA
NA
NA
NA
NA
NA
NA
NA
NA
NA
NA
NA
NA
NA
NA
NA
NA
NA
NA
NA
NA
NA
NA
NA
NA
NA
NA
NA
NA
NA
NA
NA
NA
NA
NA
NA
NA
NA
NA
NA
NA
NA
NA
NA
NA
NA
NA
NA
NA
NA
NA
NA
NA
NA
NA
NA
NA
NA
NA
NA
NA
NA
NA
NA
NA
NA
NA
NA
NA
NA
NA
NA
NA
NA
NA
NA
NA
NA
NA
NA
NA
NA
NA
NA
NA
NA
NA
NA
NA
NA
NA
NA
NA
NA
NA
NA
NA
NA
NA
NA
NA
NA
NA
NA
NA
NA
NA
NA
NA
NA
NA
NA
NA
NA
NA
NA
NA
NA
NA
NA
NA
NA
NA
NA
NA
NA
NA
NA
NA
NA
NA
NA
NA
NA
NA
NA
NA
NA
NA
NA
NA
NA
NA
NA
NA
NA
NA
NA
NA
NA
NA
NA
NA
NA
NA
NA
NA
NA
NA
NA
NA
NA
NA
NA
NA
NA
NA
NA
NA
NA
NA
NA
NA
NA
NA
NA
NA
NA
NA
NA
NA
NA
NA
NA
NA
NA
NA
NA
NA
NA
NA
NA
NA
NA
NA
NA
NA
NA
NA
NA
NA
NA
NA
NA
NA
NA
NA
NA
NA
NA
NA
NA
NA
NA
NA
NA
NA
NA
NA
NA
NA
NA
NA
NA
NA
NA
NA
NA
NA
NA
NA
NA
NA
NA
NA
NA
NA
NA
NA
NA
NA
NA
NA
NA
NA
NA
NA
NA
NA
NA
NA
NA
NA
NA
NA
NA
NA
NA
NA
NA
NA
NA
NA
NA
NA
NA
NA
NA
NA
NA
NA
NA
NA
NA
NA
NA
NA
NA
NA
NA
NA
NA
NA
NA
NA
NA
NA
NA
NA
NA
NA
NA
NA
NA
NA
NA
NA
NA
NA
NA
NA
NA
NA
NA
NA
NA
NA
NA
NA
NA
NA
NA
NA
NA
NA
NA
NA
NA
NA
NA
NA
NA
NA
NA
NA
NA
NA
NA
NA
NA
NA
NA
NA
NA
NA
NA
NA
NA
NA
NA
NA
NA
NA
NA
NA
NA
NA
NA
NA
NA
NA
NA
NA
NA
NA
NA
NA
NA
NA
NA
NA
NA
NA
NA
NA
NA
NA
NA
NA
NA
NA
NA
NA
NA
NA
NA
NA
NA
NA
NA
NA
NA
NA
NA
NA
NA
NA
NA
NA
NA
NA
NA
NA
NA
NA
NA
NA
NA
NA
NA
NA
NA
NA
NA
NA
NA
NA
NA
NA
NA
NA
NA
NA
NA
NA
NA
NA
NA
NA
NA
NA
NA
NA
NA
NA
NA
NA
NA
NA
NA
NA
NA
NA
NA
NA
NA
NA
NA
NA
NA
NA
NA
NA
NA
NA
NA
NA
NA
NA
NA
NA
NA
NA
NA
NA
NA
NA
NA
NA
NA
NA
NA
NA
NA
NA
NA
NA
NA
NA
NA
NA
NA
NA
NA
NA
NA
NA
NA
NA
NA
NA
NA
NA
NA
NA
NA
NA
NA
NA
NA
NA
NA
NA
NA
NA
NA
NA
NA
NA
NA
NA
NA
NA
NA
NA
NA
NA
NA
NA
NA
NA
NA
NA
NA
NA
NA
NA
NA
NA
NA
NA
NA
NA
NA
NA
NA
NA
NA
NA
NA
NA
NA
NA
NA
NA
NA
NA
NA
NA
NA
NA
NA
NA
NA
NA
NA
NA
NA
NA
NA
NA
NA
NA
NA
NA
NA
NA
NA
NA
NA
NA
NA
NA
NA
NA
NA
NA
NA
NA
NA
NA
NA
NA
NA
NA
NA
NA
NA
NA
NA
NA
NA
NA
NA
NA
NA
NA
NA
NA
NA
NA
NA
NA
NA
NA
NA
NA
NA
NA
NA
NA
NA
NA
NA
NA
NA
NA
NA
NA
NA
NA
NA
NA
NA
NA
NA
NA
NA
NA
NA
NA
NA
NA
NA
NA
NA
NA
NA
NA
NA
NA
NA
NA
NA
NA
NA
NA
NA
NA
NA
NA
NA
NA
NA
NA
NA
NA
NA
NA
NA
NA
NA
NA
NA
NA
NA
NA
NA
NA
NA
NA
NA
NA
NA
NA
NA
NA
NA
NA
NA
NA
NA
NA
NA
NA
NA
NA
NA
NA
NA
NA
NA
NA
NA
NA
NA
NA
NA
NA
NA
NA
NA
NA
NA
NA
NA
NA
NA
NA
NA
NA
NA
NA
NA
NA
NA
NA
NA
NA
NA
NA
NA
NA
NA
NA
NA
NA
NA
NA
NA
NA
NA
NA
NA
NA
NA
NA
NA
NA
NA
NA
NA
NA
NA
NA
NA
NA
NA
NA
NA
NA
NA
NA
NA
NA
NA
NA
NA
NA
NA
NA
NA
NA
NA
NA
NA
NA
NA
NA
NA
NA
NA
NA
NA
NA
NA
NA
NA
NA
NA
NA
NA
NA
NA
NA
NA
NA
NA
NA
NA
NA
NA
NA
NA
NA
NA
NA
NA
NA
NA
NA
NA
NA
NA
NA
NA
NA
NA
NA
NA
NA
NA
NA
NA
NA
NA
NA
NA
NA
NA
NA
NA
NA
NA
NA
NA
NA
NA
NA
NA
NA
NA
NA
NA
NA
NA
NA
NA
NA
NA
NA
NA
NA
NA
NA
NA
NA
NA
NA
NA
NA
NA
NA
NA
NA
NA
NA
NA
NA
NA
NA
NA
NA
NA
NA
NA
NA
NA
NA
NA
NA
NA
NA
NA
NA
NA
NA
NA
NA
NA
NA
NA
NA
NA
NA
NA
NA
NA
NA
NA
NA
NA
NA
NA
NA
NA
NA
NA
NA
NA
NA
NA
NA
NA
NA
NA
NA
NA
NA
NA
NA
NA
NA
NA
NA
NA
NA
NA
NA
NA
NA
NA
NA
NA
NA
NA
NA
NA
NA
NA
NA
NA
NA
NA
NA
NA
NA
NA
NA
NA
NA
NA
NA
NA
NA
NA
0.4304
0.4103
0.5135
0.44
0.5357
0.5181
0.6053
0.3875
0.4932
0.5
0.3333
0.3563
0.5065
0.2963
0.4333
0.4545
0.2941
0.6471
0.2581
0.6047
0.4568
0.507
0.6143
0.5063
0.3373
0.597
0.6267
0.5
0.3562
0.3474
0.4255
0.3663
0.5604
0.4598
0.4167
0.4271
0.3364
0.2289
0.4062
0.48
0.5278
0.2747
0.5634
0.5467
0.5821
0.5556
0.3605
0.5844
0.4554
0.3696
0.3068
0.4884
0.4512
0.3021
0.3836
0.3
0.6087
0.3333
0.3068
0.5946
0.6324
0.3182
0.7119
0.4778
0.2955
0.52
0.5679
0.4848
0.4388
0.5075
0.4507
0.3659
0.5172
0.3537
0.4615
0.6866
0.3855
0.5244
0.378
0.3402
0.7162
0.541
0.5426
0.4318
0.45
0.5217
0.5444
0.4337
0.3043
0.3855
0.2842
0.2991
0.425
0.4756
0.45
0.64
0.3298
0.3968
0.4677
0.5844
0.3827
0.5541
0.4625
0.3958
0.6286
0.5417
0.3304
0.5814
0.4091
0.6933
0.5072
0.3793
0.7222
0.3542
1.1429
0.3505
0.4674
0.4466
0.5556
0.4239
0.5057
0.5132
0.7662
0.4444
0.325
0.1818
0.3093
0.4239
0.4667
0.5811
0.7119
0.4615
0.8286
0.4583
0.3402
0.4648
0.2697
0.439
0.4865
0.494
0.3925
0.2947
0.4545
0.4545
0.2569
0.4831
0.3913
0.4699
0.2626
0.3256
0.697
0.3711
0.4125
0.5316
0.52
0.4286
0.5132
0.3158
0.5068
0.2478
0.3516
0.413
0.3462
0.6053
0.5455
0.2941
0.4026
0.3333
0.4894
0.4921
0.6944
0.5412
0.398
0.5135
0.5143
0.8026
0.507
0.6216
0.3789
0.6667
0.3516
0.4824
0.3375
0.5802
0.4742
0.36
0.5467
0.3563
0.2821
0.3023
0.3763
0.5062
0.5522
0.5893
0.3796
0.3171
0.8136
0.2963
0.4318
0.4831
0.3398
0.3861
0.4022
0.4103
0.6727
0.5926
0.5333
0.6111
0.2857
0.25
0.325
0.5909
0.6716
0.5062
0.5294
0.8438
0.2589
0.3704
0.5775
0.4881
0.4505
0.6061
0.5
0.5211
0.4324
0.6406
0.8594
0.9206
0.5333
0.2673
0.5263
0.369
0.5185
0.3659
0.4222
0.427
0.3854
0.419
0.5513
0.4783
0.5205
0.3465
0.3
0.358
0.6324
0.4896
0.4789
0.3592
0.381
0.4706
0.5217
0.4304
0.5904
0.5286
0.3143
0.3125
1.1579
0.3211
0.4096
0.6567
0.4348
0.5395
0.3662
0.7432
0.3714
0.4557
0.5116
0.5441
0.541
0.4824
0.7
0.3563
0.5455
0.3611
0.6027
0.5
0.5714
0.5362
0.45
0.2963
0.5902
0.6429
0.5556
0.3797
0.2991
0.4239
0.4217
0.7467
0.534
0.6914
0.3506
0.5714
0.6712
0.4253
0.5147
0.7875
0.4819
0.3444
0.3235
0.2414
0.4625
0.35
0.4578
0.4211
0.6032
0.4512
0.6329
0.2963
0.44
0.4314
0.4051
0.3187
0.2933
0.6962
0.5147
0.679
0.5541
0.3333
0.4789
0.37
0.4167
0.369
0.5538
0.3294
0.4091
0.3797
0.3048
0.5063
0.4444
0.5769
0.4684
0.4026
0.5541
0.4935
0.4231
0.3131
0.7826
0.4095
0.5745
0.8831
0.4217
0.4133
0.3048
0.4706
0.4045
0.2857
0.4828
0.4658
0.6076
0.2184
0.3263
0.4545
1.0339
0.8312
0.7632
0.5286
0.6119
0.3762
0.4545
0.3659
0.7463
0.4444
0.407
0.6471
0.5758
0.4348
0.4643
0.2456
0.4605
0.3662
0.3587
0.3861
0.3148
0.4872
0.519
0.3239
0.4074
0.3895
0.629
0.4507
0.6322
0.3258
0.3516
0.6056
0.5443
0.2925
0.208
0.5789
0.7077
0.5068
0.303
0.4286
0.4194
0.3085
0.4857
0.6842
0.4533
0.5294
0.4366
0.9853
0.299
0.3232
0.481
0.3452
0.4468
0.6389
0.6567
0.4268
0.641
0.5278
0.5747
0.5
0.3333
0.4722
0.4659
0.44
0.4096
0.383
0.3924
0.4468
0.3735
0.3636
0.3261
0.3902
0.6377
0.4524
0.411
0.6923
0.4667
0.5541
0.4125
0.4568
0.6143
0.6441
0.425
0.5286
0.2925
0.3951
0.3855
0.5972
0.9298
0.4533
0.5256
0.4615
0.3947
0.2913
0.4875
0.4419
0.2435
0.4419
0.2842
0.3827
0.4943
0.4677
0.4211
0.575
0.44
0.4691
0.5857
0.4444
0.241
0.2676
0.4474
0.5253
0.6452
0.6111
0.4432
0.5507
0.6438
0.3761
0.9571
0.5352
0.2658
0.411
0.2247
0.3023
0.525
0.481
0.3214
0.3258
0.519
0.4639
0.4937
0.5395
0.5432
0.4607
0.573
0.519
0.4938
0.5634
0.4141
0.5238
0.4405
0.5526
0.4353
0.3218
0.2989
0.3375
0.34
0.3333
0.5753
0.6393
0.3763
0.5676
0.5802
0.3469
0.3548
0.3333
0.3441
0.4483
0.716
0.6349
0.4571
0.3625
0.625
0.45
0.4143
0.4024
0.3448
0.4
0.5541
0.3789
0.4595
0.4815
0.5301
0.3626
0.4268
0.3708
0.2927
0.3253
0.4828
0.573
0.425
0.6557
0.5
0.6056
0.5692
0.5238
0.5647
0.29
0.4933
0.7821
0.3131
0.4333
0.6418
0.3187
0.2892
0.3021
0.4348
0.378
0.4304
0.283
0.5625
0.4578
0.3962
0.2787
0.3958
0.6143
0.2935
0.3735
0.2929
0.5278
0.5156
0.3371
0.4054
0.6406
0.5
0.4286
0.5789
0.5068
0.3636
0.4935
0.3544
0.3196
0.3434
0.2935
0.4533
0.4767
0.4353
0.2941
0.303
0.402
0.7467
0.4783
0.5571
0.6552
0.3404
0.2273
0.4767
0.3762
0.6176
0.3407
0.6027
0.4744
0.4186
0.4762
0.4937
0.4937
0.4783
0.7895
0.5
0.7183
0.6071
0.4889
0.4125
0.3636
0.3148
0.3793
0.3505
0.3874
0.5333
0.4648
0.5048
0.65
0.5692
0.4625
0.4521
0.618
0.2887
0.5167
0.4222
0.4318
0.3881
0.2763
0.3295
0.3896
0.3069
0.5063
0.5517
0.3765
0.4111
0.5281
0.4026
0.31
0.5821
0.4066
0.7532
0.4932
0.358
0.3697
0.3793
0.4625
0.6528
0.3628
0.4526
0.5538
0.3365
0.5976
0.3333
0.2911
0.5135
0.3571
0.443
0.5
0.475
0.3659
0.5185
0.5806
0.5429
0.4177
0.6125
0.3333
0.4935
0.4941
0.3889
0.4933
0.4938
0.506
0.3171
0.75
0.4421
0.5882
0.5844
0.368
0.4578
0.6533
0.5465
0.3596
0.2621
0.5405
0.4217
0.5488
0.6406
0.5
0.359
0.25
0.4605
0.3976
0.44
0.6
0.4302
0.4878
0.27
0.5753
0.56
0.4048
0.6667
0.7
0.4865
0.6627
0.5581
0.4167
0.4468
0.3855
0.3404
0.6364
0.2783
0.2553
0.2278
0.2234
0.4396
0.5357
0.3881
0.3696
0.3837
0.3636
0.3069
0.5
0.3474
0.5949
0.6
0.4045
0.589
0.4568
0.3368
0.5357
0.4725
0.4545
0.4588
0.7286
0.7273
0.5
0.6456
0.3708
0.2727
0.5775
0.4079
0.3654
0.507
0.3953
0.3924
0.4651
0.4198
0.4706
0.4321
0.3333
0.4459
0.4382
0.4198
0.3765
0.3494
0.3667
0.4211
0.3604
0.4875
0.3519
0.6622
0.831
0.4321
0.6
0.4286
0.5169
0.375
0.4938
0.3011
0.3933
0.3368
0.4571
0.5217
0.5211
0.4074
0.4286
0.4833
0.5443
0.3398
0.5493
0.3333
0.4444
0.6364
0.5412
0.4384
0.3827
0.4247
0.5488
0.3269
0.3627
0.5926
0.5854
0.3298
0.2979
0.3333
0.8065
0.5333
0.3516
0.4505
0.4396
0.4176
0.5263
0.396
0.3766
0.5465
0.4938
0.4598
0.3571
0.4675
0.2796
0.3448
0.4045
0.35
0.6154
0.6265
0.4079
0.4176
0.525
0.3068
0.4471
0.4125
0.4306
0.2991
0.3404
0.4111
0.367
0.26
0.6379
0.5125
0.3133
0.4048
0.5493
0.5694
0.3333
0.4805
0.493
0.4889
0.4125
0.4865
0.369
0.4925
0.4146
0.4578
0.3434
0.4634
0.5541
0.4211
0.4268
0.4844
0.4286
0.2941
0.3125
0.6512
0.3951
0.404
0.4217
0.4079
0.4
0.3182
0.3936
0.5405
0.4557
0.4615
0.3882
0.4571
0.2809
0.3291
0.8571
0.4
0.443
0.4306
0.398
0.5
0.4769
0.3626
0.5072
0.4819
0.3366
0.55
0.5444
0.4815
0.4945
0.5584
0.4756
0.5152
0.2264
0.3659
0.5139
0.3438
0.4868
0.3671
0.3902
0.5672
0.3896
0.52
0.4667
0.2772
0.3659
0.5843
0.3882
0.481
0.3333
0.3457
0.6111
0.3837
0.4494
0.3
0.5
0.4198
0.2396
0.5556
0.3291
0.2973
0.3855
0.3958
0.3919
0.4904
0.35
0.4458
0.6269
0.3095
0.5904
0.4316
0.381
0.3563
0.4938
0.4459
0.9855
0.3871
0.4464
0.2816
0.2903
0.5915
0.5417
0.3289
0.6721
0.4286
0.383
0.5641
0.5833
0.369
0.5
0.5672
0.2459
0.5606
0.2697
0.6716
0.5125
0.4857
0.3529
0.4815
0.3537
0.4815
0.4789
0.4889
0.3725
0.5733
0.3232
0.3023
0.2222
0.36
0.6145
0.3544
0.2857
0.4302
0.5479
0.4722
0.4419
0.5541
0.4639
0.4017
0.2718
0.4474
0.4857
0.5156
0.4321
0.6316
0.5122
0.4744
0.3936
0.2209
0.5714
0.5
0.2875
0.266
0.4286
0.5
0.425
0.2989
0.4384
0.2921
0.6022
0.5429
0.6282
0.3298
0.7879
0.5735
0.3929
0.4651
0.495
0.6875
0.4805
0.4231
0.5182
0.3291
0.1625
0.3514
0.2933
0.3095
0.3494
0.1098
0.3375
0.507
0.4359
0.2222
0.3218
0.3377
0.2716
0.2556
0.3506
0.2941
0.3472
0.1596
0.3605
0.2469
0.3766
0.4286
0.4051
0.1928
0.2687
0.3947
0.3056
0.2877
0.2
0.2553
0.3267
0.3626
0.2529
0.4048
0.3163
0.1982
0.1294
0.3125
0.32
0.4444
0.1429
0.3944
0.3733
0.4776
0.2353
0.2442
0.4545
0.3762
0.2826
0.2159
0.3256
0.2439
0.2188
0.274
0.25
0.3913
0.1667
0.2111
0.3816
0.4853
0.25
0.4576
0.4
0.2045
0.2667
0.4815
0.2525
0.2
0.2985
0.2676
0.2561
0.4598
0.2317
0.4103
0.4853
0.3133
0.1413
0.2927
0.2474
0.6081
0.377
0.3196
0.2955
0.2875
0.3333
0.2778
0.3494
0.2522
0.3253
0.2105
0.265
0.325
0.4268
0.321
0.56
0.2872
0.381
0.3387
0.2727
0.3704
0.473
0.4125
0.0808
0.4
0.3611
0.2261
0.3488
0.25
0.6267
0.12
0.3103
0.4583
0.2708
0.5814
0.2062
0.3587
0.2885
0.381
0.2826
0.3563
0.4474
0.4805
0.3152
0.3
0.1717
0.1134
0.3043
0.4933
0.3649
0.5085
0.3846
0.5278
0.3611
0.3196
0.3099
0.1277
0.3293
0.3784
0.0543
0.3271
0.2
0.4697
0.3333
0.2661
0.236
0.2065
0.3614
0.1818
0.2674
0.5
0.1429
0.2439
0.3544
0.3467
0.2637
0.3117
0.2211
0.3151
0.2743
0.2198
0.337
0.1646
0.3553
0.2727
0.1456
0.3421
0.2745
0.2234
0.3175
0.4675
0.3647
0.2041
0.3243
0.3014
0.7368
0.2958
0.5
0.2245
0.6528
0.1978
0.1977
0.3
0.4198
0.2474
0.3289
0.2911
0.2644
0.2436
0.2644
0.2473
0.0682
0.3333
0.3571
0.287
0.2073
0.8833
0.1852
0.3295
0.3483
0.2039
0.3762
0.1957
0.2222
0.4
0.4198
0.5067
0.5833
0.1978
0.24
0.2625
0.2556
0.4776
0.358
0.1867
0.4688
0.3036
0.3704
0.4648
0.3095
0.3333
0.4545
0.4239
0.338
0.3514
0.3788
0.5469
0.5556
0.3444
0.1782
0.3026
0.3452
0.3333
0.3049
0.2111
0.3483
0.2188
0.3524
0.2619
0.3188
0.4658
0.2178
0.3125
0.2593
0.2466
0.2812
0.2817
0.2621
0.2381
0.3971
0.1316
0.2405
0.3855
0.5286
0.1651
0.1771
0.9474
0.2477
0.3253
0.5522
0.2609
0.3947
0.3333
0.52
0.3143
0.325
0.5465
0.4265
0.3443
0.3529
0.5167
0.2759
0.3295
0.3194
0.4384
0.2581
0.3571
0.4058
0.2125
0.2037
0.4754
0.2958
0.3889
0.0952
0.215
0.2283
0.3373
0.2326
0.3077
0.5185
0.1948
0.3896
0.4189
0.2299
0.3971
0.5875
0.3133
0.1889
0.3039
0.2159
0.3704
0.1928
0.3133
0.3289
0.5873
0.3373
0.4051
0.2099
0.36
0.3333
0.2532
0.2088
0.1974
0.5949
0.3623
0.358
0.3919
0.2989
0.338
0.27
0.3214
0.2381
0.2769
0.2588
0.3182
0.2532
0.1905
0.3452
0.2222
0.4359
0.2658
0.2857
0.4189
0.3247
0.2308
0.2222
0.5211
0.2952
0.2872
0.5844
0.2892
0.3867
0.2476
0.1932
0.382
0.2747
0.1798
0.3151
0.4304
0.2529
0.2105
0.4091
0.4478
0.4805
0.5526
0.3857
0.3582
0.2574
0.2386
0.1707
0.4627
0.2111
0.407
0.4824
0.3737
0.2826
0.2619
0.2456
0.2179
0.2958
0.2717
0.2871
0.25
0.3974
0.3418
0.2817
0.3951
0.2526
0.4677
0.2676
0.3908
0.2022
0.2637
0.5493
0.443
0.1321
0.216
0.3553
0.6
0.3973
0.2323
0.3714
0.3387
0.0825
0.5286
0.4605
0.24
0.3382
0.1918
0.7059
0.2474
0.1919
0.2658
0.2143
0.2128
0.3514
0.3134
0.2439
0.5128
0.3889
0.4483
0.3247
0.2667
0.2917
0.2967
0.0741
0.2771
0.2872
0.3418
0.2421
0.2651
0.2159
0.1522
0.1882
0.4783
0.3929
0.3288
0.3974
0.2556
0.1579
0.2375
0.2593
0.4225
0.4237
0.375
0.3714
0.2037
0.3457
0.1765
0.3889
0.1774
0.32
0.3077
0.3333
0.2105
0.2136
0.4
0.2093
0.1739
0.314
0.2211
0.1975
0.2759
0.3387
0.3421
0.35
0.36
0.284
0.3286
0.303
0.2169
0.2254
0.1358
0.1923
0.4194
0.4861
0.3068
0.3768
0.4459
0.2018
0.6143
0.4225
0.2025
0.0952
0.1848
0.2558
0.375
0.2911
0.2381
0.236
0.2025
0.3918
0.1899
0.3158
0.3333
0.4045
0.2222
0.3086
0.2963
0.3662
0.21
0.3095
0.2857
0.4342
0.2
0.1954
0.2989
0.3375
0.25
0.25
0.4932
0.1692
0.3011
0.3919
0.3293
0.2041
0.3011
0.2308
0.1613
0.3103
0.5185
0.3651
0.2857
0.2195
0.3068
0.3
0.3143
0.1848
0.2069
0.25
0.3784
0.2947
0.3378
0.358
0.2048
0.3407
0.1034
0.2222
0.2805
0.3373
0.3333
0.4157
0.325
0.5079
0.2778
0.4507
0.4308
0.4603
0.4235
0.2059
0.2667
0.5897
0.1616
0.2418
0.4627
0.2637
0.2651
0.2188
0.3913
0.0787
0.3797
0.217
0.4125
0.2892
0.1743
0.1557
0.3229
0.4143
0.3152
0.3133
0.1919
0.3973
0.2462
0.2809
0.3784
0.1039
0.4375
0.4143
0.2632
0.2192
0.2828
0.2857
0.2785
0.1959
0.3131
0.2717
0.3333
0.2907
0.3372
0.1667
0.2929
0.2843
0.6933
0.1212
0.3239
0.4713
0.2872
0.1727
0.4186
0.297
0.4412
0.2967
0.3425
0.2911
0.3023
0.3571
0.1325
0.3165
0.4058
0.4737
0.2738
0.2958
0.3929
0.3667
0.35
0.2614
0.2963
0.2184
0.2474
0.2072
0.4533
0.3239
0.3143
0.4125
0.3231
0.3
0.274
0.2609
0.2268
0.2667
0.2333
0.3523
0.1778
0.1974
0.1648
0.2468
0.2475
0.3038
0.3908
0.2118
0.2667
0.3258
0.2987
0.27
0.4925
0.3077
0.4935
0.274
0.1786
0.4034
0.319
0.4625
0.3333
0.2389
0.2842
0.3125
0.2286
0.4268
0.1746
0.3165
0.3243
0.2471
0.3038
0.4744
0.45
0.2262
0.4321
0.3333
0.4
0.1494
0.4875
0.2323
0.2436
0.3176
0.2667
0.3067
0.3457
0.4217
0.2439
0.625
0.2525
0.4118
0.3117
0.1429
0.0778
0.4
0.4186
0.3667
0.233
0.4189
0.3373
0.1538
0.303
0.3167
0.2564
0.1786
0.3553
0.253
0.2597
0.4085
0.3605
0.2683
0.29
0.411
0.4667
0.2976
0.6296
0.5
0.3784
0.506
0.4302
0.2812
0.2105
0.241
0.3617
0.3939
0.1167
0.1915
0.2152
0.1383
0.2826
0.2738
0.2388
0.1957
0.3837
0.1932
0.2376
0.5333
0.14
0.3125
0.4
0.2809
0.4247
0.3457
0.0918
0.369
0.2553
0.3
0.3953
0.4571
0.5758
0.5
0.4684
0.1685
0.25
0.3521
0.3553
0.1635
0.3803
0.3372
0.3165
0.2791
0.3086
0.3971
0.4815
0.1765
0.1084
0.2697
0.3086
0.1765
0.2892
0.2111
0.3289
0.3964
0.325
0.287
0.527
0.5634
0.4321
0.4
0.3265
0.5169
0.3056
0.3171
0.2151
0.2472
0.2421
0.2429
0.3152
0.3056
0.2469
0.4082
0.4
0.3544
0.1359
0.4507
0.3438
0.2683
0.5303
0.2471
0.3836
0.1829
0.3699
0.4146
0.3269
0.1078
0.4691
0.3293
0.1702
0.234
0.1889
0.5645
0.1279
0.3077
0.3407
0.3956
0.3956
0.3026
0.1667
0.2468
0.407
0.2963
0.2989
0.2143
0.2987
0.172
0.3563
0.2247
0.2375
0.4462
0.4337
0.1842
0.1122
0.0575
0.1932
0.2941
0.3012
0.2778
0.2056
0.2872
0.3333
0.2294
0.1038
0.3103
0.4375
0.253
0.3855
0.3099
0.4167
0.3021
0.3117
0.3944
0.3333
0.2875
0.3874
0.2791
0.403
0.2069
0.1075
0.2828
0.2069
0.3649
0.3026
0.0549
0.5156
0.381
0.1529
0.3036
0.4651
0.1358
0.3333
0.1807
0.3158
0.3059
0.3182
0.3191
0.2973
0.3544
0.4103
0.3412
0.3143
0.0632
0.3291
0.5893
0.2533
0.3924
0.4167
0.2449
0.3625
0.3692
0.1758
0.2609
0.1648
0.2277
0.4125
0.3956
0.3457
0.2366
0.2597
0.1124
0.2836
0.217
0.2195
0.2639
0.2812
0.5
0.4
0.2195
0.4478
0.1538
0.32
0.3556
0.2673
0.2927
0.3933
0.3294
0.092
0.2604
0.1707
0.4167
0.2558
0.2111
0.1818
0.2857
0.321
0.0938
0.3333
0.2911
0.2568
0.3253
0.25
0.2297
0.3654
0.2375
0.3614
0.4478
0.1548
0.3133
0.2421
0.2857
0.2184
0.321
0.3243
0.4928
0.3226
0.4035
0.2524
0.2258
0.3239
0.2297
0.2763
0.5738
0.2078
0.3723
0.359
0.4048
0.2262
0.2432
0.3881
0.2131
0.2714
0.3034
0.4925
0.325
0.1714
0.2706
0.4321
0.2289
0.2346
0.4085
0.2778
0.2941
0.3766
0.2222
0.1111
0.1538
0.24
0.4819
0.2658
0.1429
0.3023
0.3973
0.3611
0.3488
0.4324
0.3608
0.0952
0.233
0.3158
0.3113
0.3438
0.3974
0.5263
0.2976
0.1728
0.1915
0.2674
0.3692
0.3556
0.1205
0.2021
0.3214
0.4268
0.325
0.2414
0.411
0.236
0.3333
0.4
0.4103
0.2766
0.4697
0.4412
0.4048
0.3488
0.2376
0.5156
0.3247
0.359
0.3273
0.3038
0.2025
0.3784
0.2667
0.2471
0.3012
0.061
0.275
0.3699
0.3974
0.1889
0.1489
0.3896
0.284
0.3222
0.359
0.1845
0.2778
0.0833
0.0421
0.284
0.3117
0.4
0.3291
0.0449
0.2836
0.0588
0.1625
0.1688
0.1212
0.234
0.2941
0.2316
0.087
0.0316
0.3229
0.1351
0.0941
0.375
0.31
0.0482
0.0538
0.1266
0.4267
0.1757
0.1548
0.2558
0.1975
0.2762
0.2391
0.1932
0.3721
0.3171
0.0971
0.1013
0.1863
0.4493
0.1748
0.1667
0.15
0.3971
0.2273
0.4237
0.3444
0.1196
0.1341
0.4691
0.1471
0.2
0.2687
0.2958
0.2683
0.3908
0.3059
0.359
0.24
0.2262
0.0435
0.1829
0.2371
0.092
0.459
0.1714
0.3182
0.2222
0.2
0.0521
0.0909
0.2522
0.241
0.2
0.2137
0.093
0.2414
0.2469
0.3867
0.2234
0.1268
0.4355
0.1646
0.1566
0.2857
0.1807
0.0707
0.3143
0.375
0.0496
0.2791
0.1818
0.5333
0.1333
0.1505
0.075
0.1771
0.4565
0.1959
0.1735
0.2596
0.3492
0.1562
0.1277
0.2632
0.4935
0.3152
0.3125
0.1313
0.1753
0.2717
0.4267
0.075
0.0938
0.4103
0.6429
0.3611
0.1333
0.1039
0.1489
0.3171
0.2692
0.2262
0.3084
0.2
0.1111
0.0588
0.1927
0.3371
0.1935
0.1111
0.2222
0.3488
0.1184
0.1238
0.3171
0.4177
0.28
0.3297
0.2593
0.2316
0.3014
0.1681
0.0909
0.1939
0.3077
0.2658
0.3182
0.1262
0.3816
0.0636
0.2234
0.3651
0.5065
0.3721
0.0642
0.3514
0.3857
0.5658
0.2817
0.2381
0.1939
0.046
0.2308
0.1744
0.093
0.3951
0.3093
0.3733
0.125
0.1954
0.1358
0.2644
0.0612
0.2386
0.3478
0.0323
0.1622
0.1059
0.65
0.1273
0.1522
0.0606
0.1132
0.0648
0.163
0.2436
0.3929
0.1648
0.119
0.4722
0.1758
0.18
0.3
0.2111
0.4776
0.044
0.1733
0.2817
0.0588
0.358
0.24
0.1905
0.3423
0.4697
0.3913
0.2676
0.0617
0.3636
0.2754
0.4848
0.3889
0.1782
0.3289
0.369
0.2045
0.1047
0.2889
0.2472
0.1771
0.2952
0.3846
0.2899
0.411
0.2673
0.25
0.0595
0.2466
0.2396
0.1184
0.125
0.1136
0.1351
0.0789
0.3165
0.3373
0.3429
0.1468
0.2188
0.9474
0.2385
0.3855
0.1467
0.2899
0.0833
0.2222
0.3467
0.3714
0.1375
0.1313
0.2353
0.2951
0.3765
0.3333
0.1932
0.1089
0.2778
0.1316
0.2688
0.2976
0.3188
0.225
0.2202
0.4262
0.1053
0.2778
0.119
0.271
0.2717
0.3494
0.2558
0.3462
0.5185
0.1948
0.2468
0.1548
0.0652
0.4853
0.4875
0.1011
0.1556
0.3137
0.1304
0.275
0.2169
0.3012
0.2179
0.3846
0.3253
0.3924
0.1412
0.3733
0.0631
0.1325
0.0745
0.1154
0.1978
0.3333
0.1882
0.3026
0.0659
0.3099
0.0935
0.2143
0.2143
0.0441
0.2353
0.1522
0.2785
0.2
0.3924
0.1325
0.0952
0.1205
0.2987
0.4054
0.3506
0.1827
0.0648
0.4789
0.1927
0.3191
0.5974
0.253
0.3067
0.2095
0.1364
0.3258
0.0918
0.3103
0.2603
0.4051
0.0659
0.2105
0.2841
0.2836
0.163
0.5263
0.3429
0.24
0.0818
0.2045
0.2602
0.1351
0.051
0.0612
0.4353
0.2626
0.2283
0.1319
0.2368
0.3289
0.1486
0.2717
0.1827
0.2
0.2152
0.1034
0.1013
0.321
0.099
0.3387
0.0921
0.3444
0.2135
0.3626
0.4444
0.1264
0.0741
0.176
0.3947
0.4328
0.3151
0.1635
0.3143
0.1618
0.0722
0.3714
0.5395
0.32
0.1644
0.3944
0.7353
0.2165
0.19
0.1176
0.2619
0.1031
0.1
0.2985
0.1294
0.087
0.3889
0.4023
0.1149
0.2556
0.25
0.2527
0.2533
0.2771
0.1111
0.3291
0.2021
0.2892
0.2159
0.163
0.2353
0.1039
0.381
0.3562
0.3462
0.0816
0.2763
0.0698
0.284
0.4507
0.1077
0.2375
0.3143
0.1944
0.284
0.1647
0.2639
0.5263
0.1026
0.0706
0.1163
0.1111
0.2039
0.1744
0.1087
0.1724
0.1237
0.07
0.1728
0.2184
0.3226
0.3165
0.1724
0.32
0.2593
0.2429
0.303
0.1687
0.0685
0.0864
0.1402
0.4032
0.3151
0.2386
0.1216
0.3467
0.0796
0.5571
0.3662
0.1707
0.0595
0.1196
0.2674
0.2
0.1628
0.1111
0.2472
0.2405
0.198
0.1481
0.0833
0.2209
0.2609
0.2268
0.3797
0.3333
0.0909
0.2121
0.3333
0.2857
0.4156
0.0957
0.2299
0.0645
0.1951
0.23
0.1264
0.2317
0.1538
0.1702
0.3108
0.1294
0.1735
0.1111
0.1282
0.2581
0.3448
0.5185
0.0735
0.2714
0.175
0.0505
0.3443
0.3857
0.0435
0.2759
0.0841
0.1875
0.0673
0.2568
0.1222
0.2289
0.1596
0.0575
0.2111
0.0337
0.3253
0.0989
0.3708
0.1205
0.4921
0.2778
0.3662
0.2
0.0845
0.125
0.1765
0.3067
0.358
0.2222
0.2283
0.2105
0.0737
0.2651
0.1058
0.1053
0.0899
0.2875
0.2358
0.3333
0.1264
0.211
0.1048
0.1068
0.2113
0.2283
0.25
0.1818
0.2703
0.2769
0.1383
0.3784
0.0779
0.4
0.2571
0.2632
0.0886
0.1818
0.037
0.2532
0.068
0.066
0.234
0.3333
0.2791
0.186
0.1863
0.1515
0.2549
0.1951
0.202
0.25
0.5402
0.1809
0.1053
0.09
0.0962
0.2078
0.0714
0.3562
0.2658
0.2907
0.1667
0.2073
0.3291
0.4203
0.2656
0.2976
0.3099
0.1222
0.3889
0.1111
0.2045
0.0619
0.2299
0.2268
0.2793
0.1098
0.2
0.1111
0.2619
0.2
0.0976
0.3562
0.2935
0.14
0.1562
0.1413
0.3182
0.078
0.1013
0.1429
0.2727
0.0654
0.3797
0.3908
0.0638
0.2667
0.08
0.2208
0.24
0.1538
0.2198
0.1954
0.2329
0.2963
0.3613
0.3103
0.2235
0.3889
0.1739
0.198
0.2615
0.2692
0.4024
0.0379
0.1084
0.3378
0.1765
0.093
0.4487
0.2874
0.1786
0.1149
0.2366
0.0759
0.3291
0.0417
0.1717
0.0588
0.0667
0.2174
0.122
0.2892
0.163
0.2561
0.2717
0.2121
0.1111
0.2208
0.1102
0.0889
0.131
0.0957
0.2444
0.0727
0.2208
0.0952
0.2907
0.3636
0.3667
0.2436
0.177
0.3289
0.2771
0.2208
0.5571
0.3256
0.4146
0.17
0.1176
0.2125
0.25
0.0978
0.5167
0.4054
0.4699
0.04
0.2812
0.3404
0.1333
0.101
0.4697
0.0667
0.1809
0.2278
0.1489
0.1154
0.2093
0.3582
0.2283
0.0707
0.2159
0.2376
0.5333
0.16
0.35
0.4143
0.4157
0.4247
0.1034
0.1122
0.236
0.2234
0.2111
0.2791
0.1205
0.5152
0.403
0.519
0.0532
0.1196
0.1392
0.2895
0.1284
0.1579
0.2674
0.2222
0.3372
0.284
0.3676
0.3976
0.2235
0.0843
0.0792
0.2469
0.1047
0.0899
0.0632
0.3026
0.1966
0.3125
0.0424
0.0568
0.4366
0.2439
0.4125
0.0971
0.4607
0.3333
0.3293
0.1935
0.236
0.2842
0.4143
0.2105
0.375
0.0909
0.2959
0.0781
0.3625
0.1942
0.1392
0.2708
0.1236
0.4925
0.0909
0.2877
0.1829
0.1154
0.1319
0.0541
0.0857
0.3457
0.2771
0.0722
0.1915
0.1667
0.5161
0.1279
0.1828
0.3516
0.3516
0.2967
0.1566
0.0971
0.1818
0.407
0.2469
0.1609
0.381
0.1375
0.051
0.2989
0.1522
0.275
0.3846
0.4337
0.2237
0.1327
0.1034
0.1087
0.3176
0.2771
0.2639
0.2617
0.2447
0.3333
0.1743
0.21
0.3103
0.4125
0.2169
0.1705
0.0933
0.4028
0.2708
0.2857
0.2254
0.0714
0.25
0.3063
0.1977
0.2687
0.2299
0.3373
0.1038
0.3171
0.3378
0.2632
0.1099
0.2969
0.0845
0.0941
0.2589
0.1158
0.2469
0.1471
0.1149
0.2895
0.3059
0.2727
0.2766
0.3919
0.3544
0.3718
0.1064
0.1831
0.0737
0.2278
0.5536
0.1169
0.3797
0.0864
0.2755
0.2326
0.1571
0.2198
0.1579
0.1538
0.2673
0.1512
0.4222
0.358
0.2366
0.1765
0.2927
0.2239
0.1415
0.2561
0.2917
0.2604
0.1429
0.3418
0.2683
0.1392
0.2179
0.1375
0.3
0.2277
0.1023
0.0755
0.2588
0.1379
0.2396
0.1707
0.3889
0.2209
0.0619
0.1182
0.0745
0.358
0.1134
0.375
0.2785
0.3243
0.0909
0.07
0.1892
0.1818
0.2875
0.3735
0.4179
0.1512
0.1124
0.0495
0.1111
0.1236
0.4074
0.2667
0.4928
0.2688
0.1639
0.2039
0.1935
0.2817
0.2105
0.2368
0.6557
0.1084
0.3085
0.1325
0.0521
0.2143
0.1139
0.2985
0.096
0.2727
0.3258
0.3881
0.3
0.1571
0.093
0.5309
0.125
0.1975
0.3944
0.1522
0.2843
0.32
0.0865
0.1744
0.2198
0.32
0.4699
0.0119
0.1282
0.314
0.3378
0.3056
0.314
0.1688
0.3299
0.2393
0.2233
0.1395
0.2925
0.3125
0.2024
0.4561
0.25
0.0964
0.1915
0.1977
0.1286
0.09
0.0964
0.2553
0.1183
0.253
0.2099
0.1075
0.2051
0.1075
0.3763
0.3286
0.359
0.2234
0.5303
0.0946
0.381
0.314
0.1881
0.3284
0.3117
0.2308
0.1186
