x
0.378
0.3725
0.3643
0.3784
0.3782
0.374
0.3701
0.3659
0.3625
0.3632
0.3554
0.3582
0.36
0.3689
0.3686
0.3736
0.3574
0.3492
0.3705
0.3576
0.3685
0.3682
0.3533
0.3757
0.3552
0.3326
0.3658
0.3545
0.3617
0.3799
0.3563
0.3638
0.3778
0.3579
0.3732
0.3653
0.3783
0.3669
0.3636
0.3541
0.3777
0.3616
0.3742
0.3611
0.3573
0.3606
0.3725
0.3796
0.372
0.3559
0.3687
0.3611
0.3788
0.3509
0.3698
0.3417
0.361
0.3569
0.3546
0.3754
0.3502
0.3458
0.338
0.3686
0.3516
0.3704
0.3646
0.3668
0.3509
0.3648
0.3479
0.3765
0.3685
0.3878
0.3542
0.3698
0.3501
0.3715
0.3667
0.3757
0.3682
0.3381
0.3531
0.3682
0.3654
0.3419
0.369
0.3426
0.3699
0.3711
0.3688
0.3613
0.3565
0.3754
0.3788
0.3554
0.3621
0.359
0.3581
0.3561
0.3725
0.3676
0.3547
0.3552
0.3625
0.3696
0.3456
0.3669
0.3663
0.3738
0.3659
0.3664
0.3634
0.3452
0.3475
0.3744
0.3642
0.3459
0.3551
0.3722
0.3694
0.3429
0.3747
0.3684
0.3692
0.3781
0.3695
0.3647
0.3587
0.3635
0.3487
0.3643
0.3706
0.3518
0.3683
0.3631
0.363
0.3788
0.3726
0.3697
0.3793
0.3648
0.3443
0.3676
0.3689
0.3525
0.3586
0.3737
0.3679
0.3827
0.3826
0.3766
0.367
0.3723
0.3697
0.3711
0.3698
0.37
0.3643
0.3685
0.3757
0.3796
0.3759
0.3737
0.381
0.3566
0.3696
0.378
0.3798
0.3818
0.3736
0.363
0.3697
0.3733
0.3653
0.3549
0.3686
0.3807
0.3691
0.3677
0.3762
0.3451
0.3778
0.3476
0.3766
0.3741
0.356
0.369
0.3766
0.382
0.3507
0.3557
0.3513
0.3786
0.37
0.3659
0.3664
0.3651
0.3737
0.36
0.378
0.358
0.3699
0.3713
0.3735
0.3761
0.3762
0.3592
0.3661
0.3812
0.37
0.3545
0.3474
0.3535
0.3658
0.3789
0.3759
0.3849
0.3634
0.3703
0.3771
0.3817
0.3706
0.3677
0.3675
0.334
0.3163
0.3629
0.3688
0.3619
0.354
0.3633
0.3741
0.3743
0.3655
0.3611
0.3848
0.355
0.3696
0.376
0.3709
0.3663
0.3482
0.3777
0.3606
0.3646
0.3572
0.3706
0.3645
0.3748
0.3512
0.367
0.3769
0.3661
0.3493
0.3489
0.3695
0.375
0.3571
0.3658
0.3752
0.3575
0.3416
0.3584
0.3712
0.3871
0.3683
0.3612
0.3717
0.35
0.3653
0.3722
0.3631
0.3531
0.3491
0.3743
0.3435
0.366
0.3809
0.3672
0.3599
0.3719
0.3646
0.3654
0.3802
0.375
0.3718
0.3428
0.3648
0.3791
0.3531
0.3632
0.3617
0.3788
0.3858
0.3431
0.3686
0.3816
0.3802
0.3634
0.3754
0.3624
0.3667
0.3709
0.3658
0.3713
0.3445
0.3529
0.3738
0.3817
0.3724
0.3577
0.3761
0.353
0.3424
0.3796
0.3611
0.3629
0.3555
0.3788
0.3666
0.3529
0.3651
0.3654
0.3747
0.3665
0.3399
0.3609
0.3684
0.3584
0.3708
0.362
0.3699
0.3701
0.371
0.3663
0.3616
0.3658
0.3635
0.3617
0.358
0.3712
0.3769
0.3563
0.3635
0.3712
0.3591
0.3585
0.3673
0.3699
0.3572
0.3644
0.3609
0.369
0.378
0.3561
0.3653
0.3549
0.3628
0.3684
0.3773
0.375
0.3769
0.3569
0.3698
0.3766
0.3729
0.3559
0.3772
0.3669
0.3717
0.3609
0.3651
0.3578
0.3712
0.3693
0.3607
0.3596
0.3649
0.3479
0.3498
0.3724
0.3672
0.3346
0.3726
0.3862
0.3458
0.3677
0.3537
0.3582
0.3539
0.3563
0.3513
0.3511
0.3832
0.3724
0.3536
0.3759
0.3816
0.3671
0.3741
0.3383
0.3696
0.3787
0.3735
0.3595
0.3692
0.3744
0.3735
0.3754
0.3807
0.3728
0.3828
0.3553
0.364
0.3706
0.3664
0.368
0.3565
0.3738
0.3635
0.3745
0.3515
0.3537
0.3485
0.3714
0.3565
0.3318
0.3563
0.3525
0.3814
0.3597
0.3633
0.3807
0.3696
0.361
0.3689
0.3707
0.3387
0.3494
0.3651
0.3698
0.3829
0.3732
0.3527
0.3724
0.3745
0.3777
0.3738
0.3773
0.365
0.3515
0.3541
0.3646
0.3557
0.3702
0.3691
0.3497
0.3605
0.3391
0.3689
0.3604
0.3591
0.3716
0.355
0.3339
0.3545
0.3684
0.3684
0.3601
0.3698
0.3565
0.3392
0.3657
0.3608
0.3442
0.3826
0.3621
0.3742
0.3684
0.3701
0.3481
0.3581
0.384
0.3728
0.3729
0.3783
0.3784
0.3756
0.3339
0.372
0.3616
0.3684
0.3493
0.3602
0.3555
0.3634
0.3588
0.3622
0.3777
0.3506
0.3529
0.3503
0.3657
0.3735
0.3616
0.3542
0.3566
0.3413
0.3812
0.3714
0.3814
0.3691
0.3658
0.3713
0.3754
0.365
0.3539
0.357
0.3508
0.371
0.3652
0.3869
0.3716
0.3699
0.3825
0.3812
0.3741
0.363
0.3586
0.376
0.3733
0.3723
0.3631
0.372
0.3623
0.3542
0.3807
0.3612
0.373
0.3822
0.381
0.3607
0.3706
0.3745
0.3543
0.3561
0.3551
0.3704
0.3667
0.3855
0.3564
0.3524
0.3716
0.3758
0.3395
0.3539
0.3839
0.3623
0.3537
0.3654
0.3781
0.3796
0.3543
0.352
0.3704
0.3678
0.373
0.3554
0.3759
0.3589
0.3642
0.3714
0.3518
0.3834
0.3656
0.3535
0.3689
0.3808
0.3686
0.3591
0.3699
0.3616
0.3699
0.3737
0.3632
0.3566
0.3674
0.3743
0.3691
0.353
0.3601
0.3763
0.366
0.3722
0.3732
0.3647
0.375
0.3701
0.3691
0.3713
0.3817
0.3543
0.3566
0.3706
0.3604
0.3521
0.3743
0.3708
0.3651
0.3748
0.3675
0.3609
0.3739
0.3607
0.3684
0.372
0.3749
0.3732
0.3637
0.3567
0.3566
0.365
0.3722
0.3728
0.3826
0.3672
0.3497
0.366
0.3605
0.3515
0.3598
0.3715
0.3491
0.369
0.3647
0.3604
0.3606
0.3639
0.3683
0.3603
0.3784
0.3691
0.3748
0.3588
0.3528
0.3507
0.3691
0.3713
0.3704
0.3782
0.3617
0.3332
0.3818
0.3804
0.3804
0.361
0.3821
0.3706
0.3722
0.3511
0.3731
0.3512
0.3628
0.3533
0.3608
0.3776
0.3771
0.3733
0.3707
0.3748
0.3527
0.3773
0.3803
0.3531
0.3735
0.3653
0.3677
0.3615
0.3764
0.3559
0.3714
0.3683
0.3799
0.3732
0.3727
0.3617
0.362
0.3751
0.37
0.3492
0.3508
0.3758
0.3728
0.379
0.3693
0.3294
0.3577
0.3733
0.3516
0.3778
0.3481
0.3682
0.3701
0.3524
0.3726
0.3678
0.3575
0.3626
0.3569
0.374
0.3728
0.3539
0.3668
0.3681
0.3769
0.3604
0.3625
0.3701
0.3621
0.365
0.3779
0.3468
0.3744
0.3582
0.3574
0.3693
0.3739
0.37
0.3787
0.3538
0.352
0.3666
0.3658
0.378
0.373
0.3663
0.3636
0.3618
0.3736
0.3672
0.3775
0.3601
0.3805
0.355
0.3474
0.3656
0.3759
0.3405
0.3636
0.3644
0.3715
0.353
0.3525
0.3538
0.3578
0.3612
0.3688
0.3837
0.36
0.3447
0.3791
0.3675
0.3699
0.3694
0.3714
0.3805
0.3755
0.3747
0.3599
0.3832
0.3656
0.3718
0.3731
0.3672
0.361
0.3612
0.3636
0.3488
0.3591
0.3714
0.3677
0.3558
0.3787
0.3768
0.3729
0.3702
0.3699
0.3803
0.3779
0.366
0.3776
0.3769
0.3741
0.3676
0.3719
0.3499
0.3733
0.3632
0.3678
0.3741
0.3497
0.3718
0.3622
0.3844
0.3636
0.3804
0.3564
0.3689
0.3587
0.3677
0.3829
0.3761
0.3639
0.3444
0.3525
0.3668
0.3829
0.3721
0.3646
0.3685
0.3724
0.3404
0.3809
0.3565
0.3696
0.3747
0.3635
0.3723
0.3675
0.3781
0.3568
0.3699
0.3527
0.3568
0.3772
0.3601
0.366
0.3816
0.3632
0.376
0.3651
0.3739
0.362
0.3776
0.3741
0.3657
0.3716
0.3647
0.3675
0.3865
0.342
0.3568
0.3575
0.3758
0.3672
0.3507
0.3589
0.3693
0.3728
0.3793
0.3575
0.3574
0.3583
0.3731
0.3881
0.3715
0.3552
0.3601
0.365
0.3605
0.3737
0.3685
0.3585
0.3637
0.3294
0.3803
0.3678
0.3685
0.356
0.3385
0.3756
0.3619
0.3687
0.3632
0.373
0.3682
0.3588
0.358
0.375
0.3786
0.3635
0.381
0.3824
0.3653
0.3858
0.3638
0.3511
0.3643
0.3449
0.3677
0.3718
0.3608
0.3518
0.3514
0.3711
0.3789
0.3397
0.3718
0.3785
0.3691
0.3627
0.3648
0.3695
0.3702
0.3602
0.3426
0.3621
0.3661
0.3559
0.3689
0.3722
0.3661
0.3615
0.3827
0.3674
0.3807
0.3622
0.3438
0.3601
0.3472
0.3712
0.3718
0.3651
0.3612
0.3456
0.344
0.3756
0.359
0.3762
0.3662
0.3741
0.3692
0.3433
0.3732
0.368
0.3708
0.3741
0.3598
0.3737
0.375
0.385
0.3444
0.3728
0.3577
0.3699
0.3603
0.3629
0.3775
0.3567
0.3684
0.3822
0.3793
0.3615
0.3579
0.3682
0.3502
0.3694
0.3798
0.3653
0.3517
0.3656
0.3698
0.3619
0.3734
0.348
0.3515
0.3828
0.3685
0.3651
0.3684
0.356
0.3581
0.3737
0.358
0.3761
0.3627
0.3643
0.3602
0.3636
0.3742
0.3624
0.3453
0.3722
0.3749
0.3615
0.3614
0.3474
0.3724
0.3338
0.3833
0.3799
0.3606
0.3876
0.3814
0.3747
0.3682
0.3649
0.3512
0.3642
0.3608
0.3543
0.36
0.3727
0.3688
0.3727
0.3559
0.3428
0.3701
0.3574
0.3725
0.3642
0.3568
0.3871
0.3515
0.3289
0.3683
0.3618
0.3813
0.3839
0.3531
0.3618
0.3836
0.3614
0.374
0.3674
0.3809
0.379
0.3656
0.3539
0.3774
0.3578
0.3715
0.3622
0.3642
0.3732
0.3717
0.3848
0.3705
0.3568
0.3648
0.3571
0.3734
0.3472
0.3705
0.3452
0.3634
0.3544
0.3585
0.3797
0.3476
0.3407
0.3443
0.3655
0.3588
0.3713
0.3634
0.3701
0.3515
0.3646
0.3395
0.3792
0.3608
0.3942
0.3503
0.3627
0.3481
0.3719
0.3662
0.3748
0.3654
0.3363
0.3466
0.3616
0.3661
0.3413
0.3744
0.336
0.3738
0.373
0.3718
0.3555
0.3567
0.3719
0.3818
0.353
0.3601
0.359
0.361
0.3576
0.3682
0.3748
0.3504
0.3602
0.3605
0.3673
0.344
0.3583
0.3667
0.3804
0.372
0.3706
0.3621
0.3454
0.3486
0.3752
0.3583
0.3461
0.3571
0.375
0.3644
0.3428
0.3699
0.3564
0.3612
0.3823
0.3672
0.3637
0.365
0.3721
0.3456
0.361
0.3643
0.3474
0.3734
0.3656
0.3605
0.3743
0.3733
0.3693
0.3756
0.3585
0.3496
0.3692
0.3633
0.3456
0.3568
0.3767
0.3718
0.3807
0.3847
0.378
0.3596
0.3672
0.3633
0.3763
0.3765
0.3665
0.3625
0.3659
0.3715
0.3827
0.3773
0.372
0.3751
0.3549
0.3691
0.3753
0.3732
0.3863
0.3796
0.3663
0.3669
0.375
0.3557
0.3614
0.3722
0.3789
0.3618
0.367
0.3801
0.3482
0.3726
0.3562
0.3824
0.3788
0.3544
0.368
0.3756
0.3824
0.3517
0.3552
0.3501
0.3778
0.3678
0.3724
0.3661
0.3634
0.375
0.3654
0.3795
0.3504
0.3722
0.373
0.3744
0.3736
0.3752
0.3617
0.376
0.3878
0.3587
0.3507
0.3473
0.3541
0.3761
0.3771
0.3721
0.3775
0.3651
0.3698
0.38
0.3766
0.3813
0.3665
0.3678
0.3257
0.3228
0.361
0.3657
0.3444
0.3486
0.3597
0.375
0.371
0.3663
0.3595
0.3863
0.3616
0.3843
0.3783
0.3642
0.3629
0.343
0.3737
0.3565
0.3707
0.3577
0.3668
0.3669
0.3739
0.3453
0.3691
0.3842
0.3703
0.3416
0.3575
0.3704
0.3825
0.3608
0.3638
0.3774
0.3576
0.3478
0.3599
0.3712
0.3851
0.3945
0.354
0.3712
0.3481
0.3727
0.3692
0.362
0.3511
0.3552
0.3752
0.3425
0.3652
0.3828
0.3618
0.3708
0.3741
0.3734
0.3715
0.3714
0.3751
0.3767
0.3511
0.3713
0.3759
0.3496
0.3618
0.3553
0.3772
0.3828
0.3488
0.3602
0.3808
0.3816
0.3645
0.3684
0.3644
0.3585
0.3751
0.3849
0.3695
0.3507
0.3493
0.3707
0.3818
0.3792
0.3444
0.3809
0.348
0.339
0.381
0.3592
0.3649
0.3533
0.3846
0.3632
0.3527
0.3648
0.3631
0.3708
0.3665
0.3374
0.3603
0.3594
0.3587
0.3726
0.3509
0.3691
0.3648
0.3776
0.3698
0.3604
0.3598
0.3655
0.3579
0.3605
0.3698
0.3816
0.3604
0.3674
0.3687
0.3644
0.3526
0.3647
0.3682
0.3589
0.3679
0.3611
0.3711
0.3705
0.3565
0.3627
0.357
0.3627
0.3692
0.3769
0.3757
0.3678
0.3597
0.363
0.3861
0.3755
0.3545
0.3753
0.3652
0.3747
0.3684
0.3621
0.3632
0.3787
0.3677
0.3612
0.3601
0.3642
0.3554
0.3502
0.3753
0.3694
0.3331
0.3703
0.3906
0.3462
0.3649
0.3531
0.367
0.3548
0.362
0.3621
0.3534
0.3814
0.3732
0.3544
0.3679
0.378
0.3638
0.3656
0.3384
0.3691
0.3848
0.3789
0.3583
0.3726
0.3792
0.371
0.3696
0.3839
0.3719
0.383
0.3687
0.3662
0.3681
0.3711
0.3632
0.3545
0.3733
0.3666
0.3737
0.3536
0.3613
0.3476
0.3759
0.3576
0.3369
0.3576
0.3479
0.3823
0.3687
0.3651
0.3787
0.3691
0.3633
0.3699
0.3694
0.345
0.3458
0.3682
0.3715
0.385
0.3734
0.3513
0.3774
0.3837
0.3772
0.3743
0.3754
0.361
0.3539
0.354
0.3533
0.3534
0.3691
0.3699
0.3553
0.3641
0.3396
0.3698
0.3627
0.3658
0.3688
0.3504
0.3316
0.3585
0.3711
0.3646
0.3605
0.3697
0.3532
0.334
0.3664
0.3572
0.3495
0.384
0.3611
0.3774
0.3694
0.371
0.3529
0.3568
0.3884
0.3765
0.3755
0.3739
0.3722
0.3758
0.3319
0.3687
0.3669
0.3656
0.3527
0.3604
0.358
0.3637
0.3596
0.3727
0.3899
0.3511
0.3576
0.3511
0.369
0.3761
0.3482
0.3454
0.3557
0.3355
0.3838
0.3718
0.3828
0.366
0.3644
0.3681
0.3768
0.3704
0.357
0.3517
0.3507
0.3739
0.3651
0.3837
0.3754
0.3837
0.3832
0.377
0.3782
0.3643
0.355
0.3755
0.3655
0.3759
0.3633
0.3727
0.3601
0.3543
0.379
0.362
0.3685
0.3785
0.3765
0.3591
0.3717
0.3791
0.3491
0.3608
0.3548
0.3693
0.3691
0.3899
0.3599
0.3486
0.3736
0.377
0.3408
0.3509
0.378
0.3575
0.3369
0.3546
0.375
0.3754
0.3468
0.3496
0.3742
0.3679
0.3753
0.356
0.3827
0.3602
0.3641
0.3716
0.3486
0.3836
0.3655
0.3657
0.3736
0.3851
0.3688
0.3614
0.3681
0.3669
0.3708
0.3652
0.3693
0.3623
0.3624
0.3688
0.3645
0.3546
0.3575
0.373
0.3642
0.3691
0.3779
0.3668
0.3769
0.3775
0.3679
0.3717
0.3813
0.3515
0.3496
0.3696
0.3556
0.3469
0.3732
0.3728
0.3669
0.3874
0.3713
0.358
0.3732
0.3549
0.3676
0.3773
0.3771
0.3712
0.3642
0.3543
0.3549
0.3645
0.376
0.3725
0.3822
0.3665
0.3519
0.3528
0.355
0.3427
0.3524
0.3735
0.3465
0.3683
0.3641
0.3587
0.3656
0.3642
0.3624
0.3599
0.3694
0.3675
0.3756
0.3542
0.3547
0.348
0.3677
0.3728
0.3758
0.3774
0.3618
0.336
0.385
0.3769
0.3781
0.3516
0.3886
0.3648
0.37
0.3527
0.3672
0.3552
0.3768
0.3558
0.3598
0.3803
0.3801
0.3724
0.3693
0.3746
0.3421
0.3745
0.3788
0.3562
0.3706
0.3694
0.3654
0.3619
0.3763
0.3615
0.3744
0.3715
0.3796
0.3753
0.367
0.3555
0.3728
0.3735
0.3728
0.3494
0.356
0.3822
0.3693
0.3782
0.3655
0.3341
0.3544
0.3692
0.3457
0.3737
0.3496
0.375
0.3733
0.3519
0.3696
0.3729
0.3553
0.3591
0.3608
0.3754
0.3722
0.3507
0.365
0.3675
0.3802
0.3584
0.3556
0.3633
0.359
0.3662
0.3786
0.3399
0.3758
0.3527
0.355
0.3703
0.3675
0.3702
0.381
0.357
0.3426
0.3573
0.3658
0.3838
0.3605
0.3617
0.3685
0.3634
0.3727
0.3687
0.38
0.3581
0.3773
0.3472
0.3377
0.3653
0.3778
0.3344
0.3702
0.3641
0.3724
0.3512
0.3468
0.353
0.3617
0.3585
0.3638
0.3873
0.3577
0.3419
0.3773
0.3624
0.3692
0.3669
0.3661
0.3827
0.3718
0.3761
0.362
0.3832
0.3671
0.3731
0.378
0.3658
0.3587
0.3511
0.3647
0.3458
0.355
0.3665
0.3698
0.3463
0.3815
0.3781
0.3741
0.3766
0.3708
0.3764
0.377
0.3658
0.3806
0.3816
0.3751
0.3646
0.3851
0.355
0.375
0.3591
0.3691
0.3771
0.3399
0.3805
0.3624
0.3854
0.3775
0.3836
0.3429
0.3559
0.3582
0.3695
0.3864
0.3761
0.3649
0.3379
0.3518
0.3723
0.3862
0.3692
0.3578
0.3741
0.3705
0.3468
0.3817
0.3705
0.3678
0.3743
0.3638
0.3743
0.3753
0.3778
0.3484
0.3688
0.352
0.3508
0.3858
0.3652
0.3641
0.3766
0.3603
0.3811
0.3671
0.3705
0.3517
0.3802
0.3737
0.3686
0.3821
0.3641
0.365
0.3904
0.3384
0.3555
0.3529
0.3784
0.3711
0.3481
0.3605
0.3641
0.3739
0.3758
0.3564
0.3521
0.3586
0.3767
0.3868
0.383
0.3492
0.3623
0.3554
0.367
0.3757
0.369
0.3572
0.3653
0.3352
0.3819
0.3659
0.3767
0.3579
0.3471
0.3733
0.3588
0.3697
0.3606
0.3723
0.3592
0.3597
0.3599
0.383
0.3781
0.3694
0.3785
0.3802
0.3723
0.3827
0.3695
0.349
0.365
0.3436
0.3706
0.3712
0.3578
0.3566
0.3489
0.3762
0.3748
0.3353
0.368
0.3764
0.3671
0.3643
0.3738
0.369
0.3678
0.3555
0.3436
0.3603
0.3727
0.3559
0.3676
0.3675
0.3674
0.3624
0.3808
0.3732
0.3813
0.353
0.3456
0.3555
0.3421
0.3739
0.3715
0.366
0.3685
0.3504
0.3323
0.3792
0.3537
0.3754
0.3572
0.3761
0.3658
0.3491
0.3751
0.3654
0.366
0.3713
0.3614
0.3725
0.3739
0.3852
0.341
0.3747
0.3617
0.3686
0.3582
0.3602
0.3787
0.3583
0.3673
0.3855
0.3809
0.358
0.3476
0.3802
0.3534
0.3742
0.3791
0.3749
0.3561
0.3678
0.3638
0.3565
0.3697
0.3503
0.3484
0.3847
0.3711
0.3595
0.3674
0.3633
0.3602
0.3779
0.3622
0.379
0.3667
0.3636
0.3631
0.3661
0.3762
0.3687
0.3382
0.3769
0.3789
0.3627
0.3601
0.3507
0.373
0.3335
0.3927
0.3775
0.3612
0.3972
0.3803
0.3875
0.3764
0.3703
0.3571
0.3648
0.3881
0.365
0.3587
0.3828
0.3948
0.3748
0.3601
0.3631
0.3749
0.3929
0.3778
0.3988
0.3765
0.3875
0.3519
0.3332
0.3966
0.3573
0.3832
0.3873
0.3498
0.3757
0.3834
0.3663
0.3781
0.3719
0.3823
0.3722
0.3692
0.3587
0.3902
0.3977
0.3685
0.398
0.3802
0.3945
0.3897
0.3867
0.3751
0.3724
0.3615
0.3638
0.393
0.3852
0.3952
0.3431
0.3879
0.3736
0.3556
0.3788
0.3535
0.3451
0.3456
0.3909
0.3574
0.3738
0.3662
0.3719
0.3924
0.3689
0.342
0.3824
0.3944
0.391
0.3527
0.3754
0.3878
0.3841
0.3647
0.3845
0.3824
0.3343
0.372
0.3636
0.3719
0.3429
0.3749
0.3719
0.3828
0.3902
0.371
0.3588
0.3678
0.373
0.3811
0.3517
0.3857
0.3783
0.376
0.3586
0.3728
0.3781
0.3873
0.3677
0.396
0.3712
0.3477
0.363
0.3869
0.3697
0.3963
0.3695
0.375
0.3447
0.3863
0.3781
0.3796
0.3931
0.3683
0.3745
0.3713
0.3363
0.3745
0.393
0.3815
0.3911
0.3777
0.3748
0.3706
0.3803
0.3674
0.3687
0.3656
0.3464
0.3783
0.3746
0.3591
0.3812
0.3771
0.3719
0.3868
0.3634
0.3832
0.3821
0.3673
0.3615
0.3647
0.3992
0.3852
0.3691
0.392
0.3752
0.3868
0.3781
0.3682
0.3748
0.3755
0.3808
0.3716
0.3709
0.371
0.378
0.3763
0.3745
0.3799
0.3562
0.3695
0.3992
0.3802
0.3872
0.3862
0.3859
0.3996
0.382
0.3957
0.3879
0.3765
0.3953
0.3621
0.3668
0.3822
0.3785
0.3785
0.3773
0.3769
0.3724
0.3739
0.3986
0.3916
0.3816
0.3739
0.3539
0.3486
0.3857
0.3687
0.3745
0.3666
0.363
0.3813
0.3869
0.3832
0.3833
0.3775
0.3711
0.3816
0.3928
0.3787
0.3656
0.3789
0.3868
0.3589
0.3511
0.3495
0.3875
0.3731
0.379
0.3708
0.3763
0.3653
0.3726
0.3802
0.3849
0.3809
0.3686
0.3811
0.3343
0.328
0.3674
0.3687
0.3617
0.3506
0.3612
0.3889
0.3705
0.3842
0.3668
0.3834
0.3536
0.3811
0.3888
0.3828
0.3777
0.3454
0.3769
0.3886
0.368
0.363
0.3725
0.3842
0.3759
0.3982
0.3864
0.3879
0.3742
0.3376
0.3678
0.3715
0.3809
0.3984
0.3642
0.3808
0.3578
0.3608
0.3566
0.376
0.3864
0.397
0.3719
0.3676
0.3614
0.394
0.3804
0.3881
0.3551
0.3957
0.3853
0.3697
0.3618
0.3838
0.3839
0.3668
0.3708
0.3906
0.3812
0.3735
0.3783
0.3784
0.3491
0.3706
0.3784
0.3577
0.371
0.3876
0.386
0.3843
0.3745
0.3703
0.3776
0.3862
0.3814
0.3518
0.3809
0.3655
0.3842
0.3839
0.3686
0.3449
0.3746
0.3812
0.3821
0.3719
0.3399
0.3814
0.3806
0.3423
0.3952
0.3639
0.3655
0.3511
0.3835
0.3816
0.3566
0.3794
0.3667
0.3715
0.3684
0.3351
0.3652
0.3705
0.3602
0.3915
0.3587
0.3744
0.368
0.3707
0.372
0.3608
0.3647
0.3644
0.3535
0.3961
0.3812
0.3799
0.3907
0.3583
0.3718
0.3569
0.3649
0.3937
0.3795
0.3593
0.361
0.3651
0.3929
0.3793
0.3912
0.3787
0.3553
0.3638
0.3787
0.3859
0.3737
0.374
0.3636
0.3694
0.3824
0.3745
0.3771
0.3776
0.3686
0.3753
0.3949
0.3839
0.3625
0.3806
0.3898
0.3658
0.3893
0.3888
0.3852
0.3539
0.371
0.3855
0.3301
0.3649
0.3979
0.351
0.3673
0.354
0.377
0.3631
0.3729
0.3649
0.3544
0.3868
0.3815
0.3579
0.3837
0.3806
0.3638
0.383
0.3431
0.3846
0.3844
0.3818
0.3702
0.3959
0.3792
0.3914
0.3701
0.3805
0.3911
0.3823
0.3632
0.3789
0.3805
0.3735
0.3772
0.3525
0.3886
0.3693
0.3742
0.3479
0.3593
0.3457
0.3822
0.3621
0.3399
0.3574
0.3482
0.3879
0.3619
0.382
0.3823
0.3897
0.392
0.3739
0.3694
0.3557
0.3491
0.3656
0.3823
0.3863
0.3746
0.3536
0.3997
0.3767
0.3887
0.3787
0.3743
0.369
0.3496
0.3717
0.3535
0.3524
0.3739
0.3968
0.3533
0.392
0.3698
0.3674
0.3658
0.3953
0.3934
0.3526
0.3924
0.3957
0.3723
0.3717
0.368
0.3954
0.3921
0.3376
0.365
0.365
0.3549
0.384
0.3839
0.3762
0.3751
0.3936
0.3552
0.3522
0.3961
0.3768
0.3854
0.3909
0.3809
0.3757
0.3302
0.3741
0.3805
0.3618
0.3582
0.3565
0.36
0.3671
0.3561
0.391
0.3774
0.3912
0.3566
0.3735
0.3686
0.397
0.3863
0.3632
0.364
0.3361
0.3795
0.3658
0.389
0.3732
0.3643
0.3775
0.3817
0.3617
0.3881
0.3544
0.3337
0.3726
0.3946
0.3912
0.3918
0.3915
0.3842
0.383
0.3859
0.3832
0.3504
0.3746
0.3602
0.371
0.3726
0.3806
0.385
0.3746
0.3813
0.3647
0.3707
0.3759
0.3799
0.3725
0.3816
0.3792
0.3537
0.3569
0.3508
0.371
0.3653
0.3899
0.3636
0.3664
0.3676
0.3772
0.3825
0.3756
0.3847
0.3629
0.343
0.364
0.3974
0.3839
0.363
0.3557
0.3694
0.3655
0.3978
0.3792
0.3863
0.3574
0.3676
0.3892
0.3931
0.3926
0.3903
0.3636
0.3783
0.3833
0.3656
0.3679
0.3921
0.3761
0.3747
0.3908
0.3814
0.3812
0.3739
0.379
0.3808
0.3769
0.3959
0.3846
0.3926
0.381
0.3836
0.3627
0.3752
0.3946
0.3736
0.3724
0.3927
0.3527
0.3839
0.378
0.3612
0.3538
0.3825
0.3729
0.3919
0.3997
0.374
0.3808
0.3719
0.3889
0.3612
0.3982
0.3702
0.3721
0.3958
0.3784
0.3623
0.3832
0.3797
0.3942
0.3828
0.37
0.3586
0.3547
0.3667
0.3435
0.3847
0.3854
0.3452
0.3788
0.3924
0.3706
0.3757
0.3934
0.3781
0.3633
0.3954
0.3644
0.381
0.3828
0.3575
0.3873
0.3682
0.3794
0.3688
0.3768
0.3608
0.3899
0.3964
0.396
0.3795
0.3801
0.3969
0.3835
0.3731
0.3777
0.3715
0.3871
0.3759
0.3556
0.3965
0.3812
0.3835
0.3725
0.3935
0.3734
0.3719
0.3922
0.3854
0.3736
0.3737
0.3719
0.3668
0.3662
0.3763
0.3622
0.3765
0.3719
0.3825
0.3751
0.37
0.3617
0.3821
0.3794
0.3715
0.3515
0.3463
0.3823
0.3648
0.3855
0.3667
0.3375
0.356
0.3823
0.3887
0.3782
0.3457
0.3719
0.3689
0.3763
0.3781
0.3673
0.3567
0.3744
0.3616
0.3783
0.3861
0.3568
0.3672
0.3712
0.3795
0.3599
0.3915
0.3993
0.3708
0.3885
0.3733
0.3624
0.3707
0.3501
0.3586
0.3683
0.3757
0.3913
0.3816
0.3707
0.3627
0.3655
0.3718
0.3785
0.3673
0.3897
0.3937
0.362
0.3729
0.3769
0.3815
0.3574
0.3856
0.3652
0.3487
0.3837
0.3802
0.3976
0.3704
0.359
0.372
0.395
0.3593
0.3662
0.3597
0.3722
0.396
0.3886
0.3698
0.3803
0.3967
0.3659
0.3675
0.3727
0.3906
0.3851
0.3801
0.3728
0.3717
0.3895
0.3651
0.3875
0.3889
0.3709
0.3874
0.379
0.3882
0.3514
0.3767
0.3748
0.3871
0.3518
0.3791
0.3803
0.3756
0.3832
0.3877
0.3839
0.3874
0.396
0.3785
0.3787
0.3764
0.3674
0.3744
0.3559
0.3806
0.3911
0.3968
0.3746
0.3494
0.3839
0.3849
0.3713
0.3643
0.3831
0.3512
0.3666
0.3509
0.3736
0.3846
0.3807
0.378
0.3694
0.3876
0.3756
0.3902
0.3869
0.3593
0.3758
0.3874
0.3904
0.382
0.3717
0.3724
0.3799
0.3669
0.3708
0.371
0.3805
0.3647
0.3711
0.3475
0.381
0.3903
0.3612
0.366
0.3755
0.3622
0.3793
0.3647
0.3722
0.3824
0.3971
0.3745
0.3663
0.3816
0.3649
0.3927
0.3888
0.3491
0.3605
0.3608
0.3938
0.3701
0.3736
0.389
0.3796
0.3864
0.3774
0.367
0.3544
0.3624
0.378
0.3892
0.3803
0.3723
0.3729
0.3567
0.3896
0.381
0.3737
0.3622
0.3666
0.337
0.3828
0.3806
0.3679
0.3665
0.3769
0.3751
0.3585
0.3837
0.3592
0.3788
0.3852
0.3862
0.3589
0.3828
0.379
0.3649
0.392
0.3828
0.3687
0.3858
0.3737
0.3532
0.3817
0.3363
0.3733
0.3705
0.3735
0.3602
0.3822
0.3883
0.3884
0.3334
0.3852
0.385
0.3768
0.3751
0.3724
0.3666
0.3772
0.3639
0.3517
0.3565
0.3825
0.357
0.3879
0.3819
0.3802
0.3642
0.3921
0.3746
0.3799
0.3792
0.34
0.3593
0.3408
0.3712
0.3722
0.3645
0.3638
0.3715
0.3406
0.3853
0.3773
0.3775
0.3687
0.3791
0.367
0.353
0.3723
0.3542
0.3571
0.3862
0.362
0.3846
0.3661
0.3885
0.3638
0.3905
0.3676
0.364
0.3558
0.3842
0.3868
0.3766
0.3969
0.395
0.3844
0.3606
0.3462
0.3888
0.3763
0.3754
0.384
0.3807
0.3604
0.3948
0.372
0.3743
0.3639
0.3477
0.3479
0.3882
0.3783
0.3768
0.3923
0.3614
0.3765
0.3959
0.391
0.3833
0.3662
0.3893
0.3809
0.3831
0.3777
0.3681
0.3306
0.379
0.3826
0.3656
0.3956
0.3545
0.3862
0.3259
NA
NA
NA
NA
NA
NA
NA
NA
NA
NA
NA
NA
NA
NA
NA
NA
NA
NA
NA
NA
NA
NA
NA
NA
NA
NA
NA
NA
NA
NA
NA
NA
NA
NA
NA
NA
NA
NA
NA
NA
NA
NA
NA
NA
NA
NA
NA
NA
NA
NA
NA
NA
NA
NA
NA
NA
NA
NA
NA
NA
NA
NA
NA
NA
NA
NA
NA
NA
NA
NA
NA
NA
NA
NA
NA
NA
NA
NA
NA
NA
NA
NA
NA
NA
NA
NA
NA
NA
NA
NA
NA
NA
NA
NA
NA
NA
NA
NA
NA
NA
NA
NA
NA
NA
NA
NA
NA
NA
NA
NA
NA
NA
NA
NA
NA
NA
NA
NA
NA
NA
NA
NA
NA
NA
NA
NA
NA
NA
NA
NA
NA
NA
NA
NA
NA
NA
NA
NA
NA
NA
NA
NA
NA
NA
NA
NA
NA
NA
NA
NA
NA
NA
NA
NA
NA
NA
NA
NA
NA
NA
NA
NA
NA
NA
NA
NA
NA
NA
NA
NA
NA
NA
NA
NA
NA
NA
NA
NA
NA
NA
NA
NA
NA
NA
NA
NA
NA
NA
NA
NA
NA
NA
NA
NA
NA
NA
NA
NA
NA
NA
NA
NA
NA
NA
NA
NA
NA
NA
NA
NA
NA
NA
NA
NA
NA
NA
NA
NA
NA
NA
NA
NA
NA
NA
NA
NA
NA
NA
NA
NA
NA
NA
NA
NA
NA
NA
NA
NA
NA
NA
NA
NA
NA
NA
NA
NA
NA
NA
NA
NA
NA
NA
NA
NA
NA
NA
NA
NA
NA
NA
NA
NA
NA
NA
NA
NA
NA
NA
NA
NA
NA
NA
NA
NA
NA
NA
NA
NA
NA
NA
NA
NA
NA
NA
NA
NA
NA
NA
NA
NA
NA
NA
NA
NA
NA
NA
NA
NA
NA
NA
NA
NA
NA
NA
NA
NA
NA
NA
NA
NA
NA
NA
NA
NA
NA
NA
NA
NA
NA
NA
NA
NA
NA
NA
NA
NA
NA
NA
NA
NA
NA
NA
NA
NA
NA
NA
NA
NA
NA
NA
NA
NA
NA
NA
NA
NA
NA
NA
NA
NA
NA
NA
NA
NA
NA
NA
NA
NA
NA
NA
NA
NA
NA
NA
NA
NA
NA
NA
NA
NA
NA
NA
NA
NA
NA
NA
NA
NA
NA
NA
NA
NA
NA
NA
NA
NA
NA
NA
NA
NA
NA
NA
NA
NA
NA
NA
NA
NA
NA
NA
NA
NA
NA
NA
NA
NA
NA
NA
NA
NA
NA
NA
NA
NA
NA
NA
NA
NA
NA
NA
NA
NA
NA
NA
NA
NA
NA
NA
NA
NA
NA
NA
NA
NA
NA
NA
NA
NA
NA
NA
NA
NA
NA
NA
NA
NA
NA
NA
NA
NA
NA
NA
NA
NA
NA
NA
NA
NA
NA
NA
NA
NA
NA
NA
NA
NA
NA
NA
NA
NA
NA
NA
NA
NA
NA
NA
NA
NA
NA
NA
NA
NA
NA
NA
NA
NA
NA
NA
NA
NA
NA
NA
NA
NA
NA
NA
NA
NA
NA
NA
NA
NA
NA
NA
NA
NA
NA
NA
NA
NA
NA
NA
NA
NA
NA
NA
NA
NA
NA
NA
NA
NA
NA
NA
NA
NA
NA
NA
NA
NA
NA
NA
NA
NA
NA
NA
NA
NA
NA
NA
NA
NA
NA
NA
NA
NA
NA
NA
NA
NA
NA
NA
NA
NA
NA
NA
NA
NA
NA
NA
NA
NA
NA
NA
NA
NA
NA
NA
NA
NA
NA
NA
NA
NA
NA
NA
NA
NA
NA
NA
NA
NA
NA
NA
NA
NA
NA
NA
NA
NA
NA
NA
NA
NA
NA
NA
NA
NA
NA
NA
NA
NA
NA
NA
NA
NA
NA
NA
NA
NA
NA
NA
NA
NA
NA
NA
NA
NA
NA
NA
NA
NA
NA
NA
NA
NA
NA
NA
NA
NA
NA
NA
NA
NA
NA
NA
NA
NA
NA
NA
NA
NA
NA
NA
NA
NA
NA
NA
NA
NA
NA
NA
NA
NA
NA
NA
NA
NA
NA
NA
NA
NA
NA
NA
NA
NA
NA
NA
NA
NA
NA
NA
NA
NA
NA
NA
NA
NA
NA
NA
NA
NA
NA
NA
NA
NA
NA
NA
NA
NA
NA
NA
NA
NA
NA
NA
NA
NA
NA
NA
NA
NA
NA
NA
NA
NA
NA
NA
NA
NA
NA
NA
NA
NA
NA
NA
NA
NA
NA
NA
NA
NA
NA
NA
NA
NA
NA
NA
NA
NA
NA
NA
NA
NA
NA
NA
NA
NA
NA
NA
NA
NA
NA
NA
NA
NA
NA
NA
NA
NA
NA
NA
NA
NA
NA
NA
NA
NA
NA
NA
NA
NA
NA
NA
NA
NA
NA
NA
NA
NA
NA
NA
NA
NA
NA
NA
NA
NA
NA
NA
NA
NA
NA
NA
NA
NA
NA
NA
NA
NA
NA
NA
NA
NA
NA
NA
NA
NA
NA
NA
NA
NA
NA
NA
NA
NA
NA
NA
NA
NA
NA
NA
NA
NA
NA
NA
NA
NA
NA
NA
NA
NA
NA
NA
NA
NA
NA
NA
NA
NA
NA
NA
NA
NA
NA
NA
NA
NA
NA
NA
NA
NA
NA
NA
NA
NA
NA
NA
NA
NA
NA
NA
NA
NA
NA
NA
NA
NA
NA
NA
NA
NA
NA
NA
NA
NA
NA
NA
NA
NA
NA
NA
NA
NA
NA
NA
NA
NA
NA
NA
NA
NA
NA
NA
NA
NA
NA
NA
NA
NA
NA
NA
NA
NA
NA
NA
NA
NA
NA
NA
NA
NA
NA
NA
NA
NA
NA
NA
NA
NA
NA
NA
NA
NA
NA
NA
NA
NA
NA
NA
NA
NA
NA
NA
NA
NA
NA
NA
NA
NA
NA
NA
NA
NA
NA
NA
NA
NA
NA
NA
NA
NA
NA
NA
NA
NA
NA
NA
NA
NA
NA
NA
NA
NA
NA
NA
NA
NA
NA
NA
NA
NA
NA
NA
NA
NA
NA
NA
NA
NA
NA
NA
NA
NA
NA
NA
NA
NA
NA
NA
NA
NA
NA
NA
NA
NA
NA
NA
NA
NA
NA
NA
NA
NA
NA
NA
NA
NA
NA
NA
NA
NA
NA
NA
NA
NA
NA
NA
NA
NA
NA
NA
NA
NA
NA
NA
NA
NA
NA
NA
NA
NA
NA
NA
NA
NA
NA
NA
NA
NA
NA
NA
NA
NA
NA
NA
NA
NA
NA
NA
NA
NA
NA
NA
NA
NA
NA
NA
NA
NA
NA
NA
NA
NA
NA
NA
NA
NA
NA
NA
NA
NA
NA
NA
NA
NA
NA
NA
NA
NA
NA
NA
NA
NA
NA
NA
NA
NA
NA
NA
NA
NA
NA
NA
NA
NA
NA
NA
NA
NA
NA
NA
NA
NA
NA
NA
NA
NA
NA
NA
NA
NA
NA
NA
NA
NA
NA
NA
NA
NA
NA
NA
NA
NA
NA
NA
NA
NA
NA
NA
NA
NA
NA
NA
NA
NA
NA
NA
NA
NA
NA
NA
NA
NA
NA
NA
NA
NA
NA
NA
NA
NA
NA
NA
NA
NA
NA
NA
NA
NA
NA
NA
NA
NA
NA
NA
NA
NA
NA
NA
NA
NA
NA
NA
NA
NA
NA
NA
NA
NA
NA
NA
NA
NA
NA
NA
NA
NA
NA
NA
NA
NA
NA
NA
NA
NA
NA
NA
NA
NA
NA
NA
NA
NA
NA
NA
NA
NA
NA
NA
NA
NA
NA
NA
NA
NA
NA
NA
NA
NA
NA
NA
NA
NA
NA
NA
NA
NA
NA
NA
NA
NA
NA
NA
NA
NA
NA
NA
NA
NA
NA
NA
NA
NA
NA
NA
NA
NA
NA
NA
NA
NA
NA
NA
NA
NA
NA
NA
NA
NA
NA
NA
NA
NA
NA
NA
NA
NA
NA
NA
NA
NA
NA
NA
NA
NA
NA
NA
NA
NA
NA
NA
NA
NA
NA
NA
NA
NA
NA
NA
NA
NA
NA
NA
NA
NA
NA
NA
NA
NA
NA
NA
NA
NA
NA
NA
NA
NA
NA
NA
NA
NA
NA
NA
NA
NA
NA
NA
NA
NA
NA
NA
NA
NA
NA
NA
NA
NA
NA
NA
NA
NA
NA
NA
NA
NA
NA
NA
NA
NA
NA
NA
NA
NA
NA
NA
NA
NA
NA
NA
NA
NA
NA
NA
NA
NA
NA
NA
NA
NA
NA
NA
NA
NA
NA
NA
NA
NA
NA
NA
NA
NA
NA
NA
NA
NA
NA
NA
NA
NA
NA
NA
NA
NA
NA
NA
NA
NA
NA
NA
NA
NA
NA
NA
NA
NA
NA
NA
NA
NA
NA
NA
NA
NA
NA
NA
NA
NA
NA
NA
NA
NA
NA
NA
NA
NA
NA
NA
NA
NA
NA
NA
NA
NA
NA
NA
NA
NA
NA
NA
NA
NA
NA
NA
NA
NA
NA
NA
NA
NA
NA
NA
NA
NA
NA
NA
NA
NA
NA
NA
NA
NA
NA
NA
NA
NA
NA
NA
NA
NA
NA
NA
NA
NA
NA
NA
NA
NA
NA
NA
NA
NA
NA
NA
NA
NA
NA
NA
NA
NA
NA
NA
NA
NA
NA
NA
NA
NA
NA
NA
NA
NA
NA
NA
NA
NA
NA
NA
NA
NA
NA
NA
NA
NA
NA
NA
NA
NA
NA
NA
NA
NA
NA
NA
NA
NA
NA
NA
NA
NA
NA
NA
NA
NA
NA
NA
NA
NA
NA
NA
NA
NA
NA
NA
NA
NA
NA
NA
NA
NA
NA
NA
NA
NA
NA
NA
NA
NA
NA
NA
NA
NA
NA
NA
NA
NA
NA
NA
NA
NA
NA
NA
NA
NA
NA
NA
NA
NA
NA
NA
NA
NA
NA
NA
NA
NA
NA
NA
NA
NA
NA
NA
NA
NA
NA
NA
NA
NA
NA
NA
NA
NA
NA
NA
NA
NA
NA
NA
NA
NA
NA
NA
NA
NA
NA
NA
NA
NA
NA
NA
NA
NA
NA
NA
NA
NA
NA
NA
NA
NA
NA
NA
NA
NA
NA
NA
NA
NA
NA
NA
NA
NA
NA
NA
NA
NA
NA
NA
NA
NA
NA
NA
NA
NA
NA
NA
NA
NA
NA
NA
NA
NA
NA
NA
NA
NA
NA
NA
NA
NA
NA
NA
NA
NA
NA
NA
NA
NA
NA
NA
NA
NA
NA
NA
NA
NA
NA
NA
NA
NA
NA
NA
NA
NA
NA
NA
NA
NA
NA
NA
NA
NA
NA
NA
NA
NA
NA
NA
NA
NA
NA
NA
NA
NA
NA
NA
NA
NA
NA
NA
NA
NA
NA
NA
NA
NA
NA
NA
NA
NA
NA
NA
NA
NA
NA
NA
NA
NA
NA
NA
NA
NA
NA
NA
NA
NA
NA
NA
NA
NA
NA
NA
NA
NA
NA
NA
NA
NA
NA
NA
NA
NA
NA
NA
NA
NA
NA
NA
NA
NA
NA
NA
NA
NA
NA
NA
NA
NA
NA
NA
NA
NA
NA
NA
NA
NA
NA
NA
NA
NA
NA
NA
NA
NA
NA
NA
NA
NA
NA
NA
NA
NA
NA
NA
NA
NA
NA
NA
NA
NA
NA
NA
NA
NA
NA
NA
NA
NA
NA
NA
NA
NA
NA
NA
NA
NA
NA
NA
NA
NA
NA
NA
NA
NA
NA
NA
NA
NA
NA
NA
NA
NA
NA
NA
NA
NA
NA
NA
NA
NA
NA
NA
NA
NA
NA
NA
NA
NA
NA
NA
NA
NA
NA
NA
NA
NA
NA
NA
NA
NA
NA
NA
NA
NA
NA
NA
NA
NA
NA
NA
NA
NA
NA
NA
NA
NA
NA
NA
NA
NA
NA
NA
NA
NA
NA
NA
NA
NA
NA
NA
NA
NA
NA
NA
NA
NA
NA
NA
NA
NA
NA
NA
NA
NA
NA
NA
NA
NA
NA
NA
NA
NA
NA
NA
NA
NA
NA
NA
NA
NA
NA
NA
NA
NA
NA
NA
NA
NA
NA
NA
NA
NA
NA
NA
NA
NA
NA
NA
NA
NA
NA
NA
NA
NA
NA
NA
NA
NA
NA
NA
NA
NA
NA
NA
NA
NA
NA
NA
NA
NA
NA
NA
NA
NA
NA
NA
NA
NA
NA
NA
NA
NA
NA
NA
NA
NA
NA
NA
NA
NA
NA
NA
NA
NA
NA
NA
NA
NA
NA
NA
NA
NA
NA
NA
NA
NA
NA
NA
NA
NA
NA
NA
NA
NA
NA
NA
NA
NA
NA
NA
NA
NA
NA
NA
NA
NA
NA
NA
NA
NA
NA
NA
NA
NA
NA
NA
NA
NA
NA
NA
NA
NA
NA
NA
NA
NA
NA
NA
NA
NA
NA
NA
NA
NA
NA
NA
NA
NA
NA
NA
NA
NA
NA
NA
NA
NA
NA
NA
NA
NA
NA
NA
NA
NA
NA
NA
NA
NA
NA
NA
NA
NA
NA
NA
NA
NA
NA
NA
NA
NA
NA
NA
NA
NA
NA
NA
NA
NA
NA
NA
NA
NA
NA
NA
NA
NA
NA
NA
NA
NA
NA
NA
NA
NA
NA
NA
NA
NA
NA
NA
NA
NA
NA
NA
NA
NA
NA
NA
NA
NA
NA
NA
NA
NA
NA
NA
NA
NA
NA
NA
NA
NA
NA
NA
NA
NA
NA
NA
NA
NA
NA
NA
NA
NA
NA
NA
NA
NA
NA
NA
NA
NA
NA
NA
NA
NA
NA
NA
NA
NA
NA
NA
NA
NA
NA
NA
NA
NA
NA
NA
NA
NA
NA
NA
NA
NA
NA
NA
NA
NA
NA
NA
NA
NA
NA
NA
NA
NA
NA
NA
NA
NA
NA
NA
NA
NA
NA
NA
NA
NA
NA
NA
NA
NA
NA
NA
NA
NA
NA
NA
NA
NA
NA
NA
NA
NA
NA
NA
NA
NA
NA
NA
NA
NA
NA
NA
NA
NA
NA
NA
NA
NA
NA
NA
NA
NA
NA
NA
NA
NA
NA
NA
NA
NA
NA
NA
NA
NA
NA
NA
NA
NA
NA
NA
NA
NA
NA
NA
NA
NA
NA
NA
NA
NA
NA
NA
NA
NA
NA
NA
NA
NA
NA
NA
NA
NA
NA
NA
NA
NA
NA
NA
NA
NA
NA
NA
NA
NA
NA
NA
NA
NA
NA
NA
NA
NA
NA
NA
NA
NA
NA
NA
NA
NA
NA
NA
NA
NA
NA
NA
NA
NA
NA
NA
NA
NA
NA
NA
NA
NA
NA
NA
NA
NA
NA
NA
NA
NA
NA
NA
NA
NA
NA
NA
NA
NA
NA
NA
NA
NA
NA
NA
NA
NA
NA
NA
NA
NA
NA
NA
NA
NA
NA
NA
NA
NA
NA
NA
NA
NA
NA
NA
NA
NA
NA
NA
NA
NA
NA
NA
NA
NA
NA
NA
NA
NA
NA
NA
NA
NA
NA
NA
NA
NA
NA
NA
NA
NA
NA
NA
NA
NA
NA
NA
NA
NA
NA
NA
NA
NA
NA
NA
NA
NA
NA
NA
NA
NA
NA
NA
NA
NA
NA
NA
NA
NA
NA
NA
NA
NA
NA
NA
NA
NA
NA
NA
NA
NA
NA
NA
NA
NA
NA
NA
NA
NA
NA
NA
NA
NA
NA
NA
NA
NA
NA
NA
NA
NA
NA
NA
NA
NA
NA
NA
NA
NA
NA
NA
NA
NA
NA
NA
NA
NA
NA
NA
NA
NA
NA
NA
NA
NA
NA
NA
NA
NA
NA
NA
NA
NA
NA
NA
NA
NA
NA
NA
NA
NA
NA
NA
NA
NA
NA
NA
NA
NA
NA
NA
NA
NA
NA
NA
NA
NA
NA
NA
NA
NA
NA
NA
NA
NA
NA
NA
NA
NA
NA
NA
NA
NA
NA
NA
NA
NA
NA
NA
NA
NA
NA
NA
NA
NA
NA
NA
NA
NA
NA
NA
NA
NA
NA
NA
NA
NA
NA
NA
NA
NA
NA
NA
NA
NA
NA
NA
NA
NA
NA
NA
NA
NA
NA
NA
NA
NA
NA
NA
NA
NA
NA
NA
NA
NA
NA
NA
NA
NA
NA
NA
NA
NA
NA
NA
NA
NA
NA
NA
NA
NA
NA
NA
NA
NA
NA
NA
NA
NA
NA
NA
NA
NA
NA
NA
NA
NA
NA
NA
NA
NA
NA
NA
NA
NA
NA
NA
NA
NA
NA
NA
NA
NA
NA
NA
NA
NA
NA
NA
NA
NA
NA
NA
NA
NA
NA
NA
NA
NA
NA
NA
NA
NA
NA
NA
NA
NA
NA
NA
NA
NA
NA
NA
NA
NA
NA
NA
NA
NA
NA
NA
NA
NA
NA
NA
NA
NA
NA
NA
NA
NA
NA
NA
NA
NA
NA
NA
NA
NA
NA
NA
NA
NA
NA
NA
NA
NA
NA
NA
NA
NA
NA
NA
NA
NA
NA
NA
NA
NA
NA
NA
NA
NA
NA
NA
NA
NA
NA
NA
NA
NA
NA
NA
NA
NA
NA
NA
NA
NA
NA
NA
NA
NA
NA
NA
NA
NA
NA
NA
NA
NA
NA
NA
NA
NA
NA
NA
NA
NA
NA
NA
NA
NA
NA
NA
NA
NA
NA
NA
NA
NA
NA
NA
NA
NA
NA
NA
NA
NA
NA
NA
NA
NA
NA
NA
NA
NA
NA
NA
NA
NA
NA
NA
NA
NA
NA
NA
NA
NA
NA
NA
NA
NA
NA
NA
NA
NA
NA
NA
NA
NA
NA
NA
NA
NA
NA
NA
NA
NA
NA
NA
NA
NA
NA
NA
NA
NA
NA
NA
NA
NA
NA
NA
NA
NA
NA
NA
NA
NA
NA
NA
NA
NA
NA
NA
NA
NA
NA
NA
NA
NA
NA
NA
NA
NA
NA
NA
NA
NA
NA
NA
NA
NA
NA
NA
NA
NA
NA
NA
NA
NA
NA
NA
NA
NA
NA
NA
NA
NA
NA
NA
NA
NA
NA
NA
NA
NA
NA
NA
NA
NA
NA
NA
NA
NA
NA
NA
NA
NA
NA
NA
NA
NA
NA
NA
NA
NA
NA
NA
NA
NA
NA
NA
NA
NA
NA
NA
NA
NA
NA
NA
NA
NA
NA
NA
NA
NA
NA
NA
NA
NA
NA
NA
NA
NA
NA
NA
NA
NA
NA
NA
NA
NA
NA
NA
NA
NA
NA
NA
NA
NA
NA
NA
NA
NA
NA
NA
NA
NA
NA
NA
NA
NA
NA
NA
NA
NA
NA
NA
NA
NA
NA
NA
NA
NA
NA
NA
NA
NA
NA
NA
NA
NA
NA
NA
NA
NA
NA
NA
NA
NA
NA
NA
NA
NA
NA
NA
NA
NA
NA
NA
NA
NA
NA
NA
NA
NA
NA
NA
NA
NA
NA
NA
NA
NA
NA
NA
NA
NA
NA
NA
NA
NA
NA
NA
NA
NA
NA
NA
NA
NA
NA
NA
0.3542
0.3023
0.4054
0.2388
0.3571
0.2653
0.3333
0.6571
0.4773
0.42
0.5806
0.4091
0.5455
0.5
0.3469
0.3269
0.5882
0.8276
0.413
0.6
0.3462
0.5143
0.3171
0.3871
0.871
1
0.3095
0.6512
0.5263
0.3125
0.6667
0.5641
0.4048
0.4651
0.3
0.475
0.3636
0.5588
0.4792
0.5778
0.3542
0.6111
0.3333
0.4915
0.42
0.5
0.2391
0.2917
0.2979
0.5
0.4231
0.3191
0.2727
0.7
0.3333
0.8462
0.6579
0.3636
0.6765
0.3333
0.4872
0.7308
0.6757
0.4762
0.5263
0.375
0.34
0.2979
0.5526
0.5
0.7297
0.3333
0.2653
0.2368
0.4884
0.6905
0.6667
0.5238
0.4186
0.5676
0.4737
0.7045
0.575
0.359
0.4571
0.7297
0.2927
0.6774
0.3542
0.4146
0.4222
0.3684
0.6216
0.2632
0.26
0.5526
0.561
0.5152
0.4878
0.4474
0.4348
0.4103
0.6
0.561
0.451
0.3191
0.6875
0.4815
0.4091
0.5854
0.3333
0.5455
0.3333
0.7368
0.7143
0.2759
0.475
0.8276
0.5128
0.1912
0.303
0.6286
0.2264
0.5405
0.3864
0.3721
0.375
0.3846
0.44
0.3421
0.5
0.42
0.3333
0.5135
0.4286
0.3421
0.4651
0.275
0.375
0.3333
0.3673
0.5312
0.575
0.42
0.475
0.5862
0.5682
0.3143
0.5349
0.2653
0.3
0.5
0.5909
0.3958
0.5263
0.641
0.3273
0.2807
0.3182
0.3519
0.413
0.3488
0.3659
0.2963
0.2667
0.561
0.4722
0.2361
0.1957
0.2222
0.2979
0.2941
0.3611
0.26
0.439
0.5
0.38
0.3158
0.4706
0.36
0.375
0.6316
0.3333
0.4324
0.3208
0.4118
0.6667
0.3542
0.2308
0.234
0.68
0.4651
0.6786
0.3429
0.2222
0.4286
0.3409
0.4571
0.439
0.5094
0.381
0.4706
0.3636
0.3714
0.3529
0.6364
0.2903
0.5
0.4737
0.3889
0.3714
0.5161
0.6071
0.5
0.4667
0.3409
0.3684
0.3333
0.3409
0.3143
0.2857
0.2955
0.4634
0.3846
0.575
0.9032
0.9032
0.5143
0.4615
0.4146
0.641
0.4
0.4667
0.3696
0.3148
0.383
0.3111
0.5122
0.4615
0.4737
0.4615
0.5745
0.5714
0.383
0.7241
0.4583
0.4565
0.3256
0.3939
0.25
0.5714
0.5143
0.4286
0.3077
0.8182
0.5263
0.4528
0.325
0.4634
0.4259
0.3148
0.4878
0.7368
0.5111
0.3846
0.3019
0.3953
0.5227
0.2258
0.6061
0.2667
0.359
0.4643
0.5667
0.4889
0.3036
0.5484
0.3333
0.2
0.3125
0.3721
0.5
0.5135
0.35
0.4595
0.2093
0.2969
0.5897
0.5
0.3158
0.7353
0.4468
0.4773
0.28
0.2059
0.7059
0.4423
0.1905
0.2941
0.381
0.3784
0.3333
0.4865
0.4118
0.3125
0.3182
0.625
0.4359
0.1818
0.1923
0.4054
0.6765
0.2857
0.4545
0.6923
0.2353
0.4839
0.4848
0.4762
0.375
0.5385
0.4878
0.4118
0.4146
0.3889
0.3939
0.8421
0.4118
0.5
0.5
0.3548
0.6136
0.3684
0.3077
0.2553
0.5
0.4524
0.4667
0.5556
0.7576
0.5641
0.2889
0.3333
0.4359
0.4865
0.3415
0.7188
0.6136
0.3077
0.3878
0.4857
0.4545
0.475
0.3333
0.3137
0.5122
0.4878
0.5143
0.4762
0.3478
0.3333
0.3143
0.2927
0.4872
0.5227
0.3182
0.2857
0.5
0.3333
0.4717
0.3333
0.3824
0.4359
0.5641
0.3529
0.3333
0.5897
0.5385
0.3953
0.7105
0.5238
0.5789
0.3585
0.9375
0.5714
0.197
0.6667
0.3415
0.5
0.4
0.5
0.5385
0.5128
0.5714
0.2182
0.425
0.5263
0.3077
0.2143
0.5111
0.55
0.5556
0.3659
0.3947
0.5152
0.6875
0.4889
0.4444
0.234
0.25
0.2353
0.4468
0.3019
0.5952
0.5472
0.4146
0.5366
0.4259
0.5366
0.2727
0.4103
0.4048
0.5806
0.5143
0.6286
0.5
0.5111
0.6
0.5882
0.6857
0.2857
0.5455
0.381
0.2857
0.3333
0.3922
0.3409
0.5
0.875
0.6111
0.4474
0.4889
0.2037
0.25
0.5484
0.386
0.3125
0.3333
0.3043
0.2549
0.4318
0.5152
0.4222
0.5484
0.525
0.42
0.6341
0.6579
0.3889
0.7619
0.3265
0.4545
0.5111
0.359
0.6341
0.9333
0.5714
0.3684
0.2581
0.375
0.3469
0.675
0.8378
0.3696
0.5
1
0.1961
0.5581
0.4118
0.4412
0.3542
0.5833
0.5278
0.2593
0.2549
0.3725
0.2963
0.2917
0.3571
0.9474
0.2444
0.6346
0.4545
0.6429
0.4783
0.6667
0.5312
0.5263
0.5676
0.4324
0.5
0.5532
0.5455
0.3864
0.2941
0.4762
0.5789
0.4595
0.7
0.3
0.4894
0.1818
0.4848
0.6
0.2143
0.4615
0.4324
0.697
0.5758
0.8
0.413
0.4565
0.2857
0.525
0.475
0.3056
0.2727
0.2857
0.5217
0.4524
0.3091
0.3667
0.3902
0.383
0.3947
0.4286
0.3784
0.2222
0.4571
0.3333
0.3571
0.275
0.6333
0.5714
0.4444
0.5185
0.4524
0.4419
0.4103
0.5
0.3
0.5106
0.6389
0.2963
0.234
0.7742
0.6
0.32
0.4595
0.7805
0.5
0.4054
0.2034
0.5405
0.4848
0.3061
0.4286
0.359
0.6
0.3095
0.5652
0.4348
0.3
0.6429
0.1591
0.3673
0.4255
0.35
0.5
0.3519
0.3654
0.4524
0.4474
0.3509
0.3261
0.45
0.4545
0.3636
0.5152
0.48
0.5278
0.3455
0.375
0.3333
0.34
0.3636
0.5128
0.2623
0.4872
0.4103
0.3864
0.25
0.6279
0.5946
0.3443
0.3137
0.5714
0.2353
0.4
0.4118
0.3333
0.4035
0.4255
0.3226
0.5714
0.5263
0.5778
0.3714
0.4107
0.55
0.5135
0.4872
0.5455
0.4091
0.3478
0.3953
0.3778
0.6842
0.8
0.8148
0.5882
0.5909
0.3043
0.5667
0.3214
0.5897
0.4528
0.5714
0.5
0.3939
0.3529
0.3953
0.45
0.25
0.5128
0.6154
0.5806
0.4524
0.2683
0.381
0.325
0.4255
0.9
0.3191
0.1522
0.3514
0.7419
0.3778
0.7027
0.2368
0.5588
0.36
0.6176
0.5625
0.5349
0.3784
0.34
0.2791
0.3966
0.4595
0.2157
0.6522
0.3056
0.2895
0.5366
0.4048
0.5476
0.3333
0.5
0.3556
0.425
0.2407
0.3571
0.1746
0.5116
0.3478
0.5714
0.4516
0.2
0.3421
0.5
0.8056
0.4186
0.4615
0.2368
0.303
0.6071
0.6207
0.3182
0.4737
0.3158
0.5278
0.4737
0.4865
0.6486
0.3684
0.3793
0.371
0.4884
0.4762
0.3333
0.25
0.5
0.6757
0.5312
0.2453
0.4615
0.375
0.55
0.3704
0.4
0.2708
0.8824
0.2368
0.5179
0.75
0.4545
0.3409
0.7879
0.3721
0.4762
0.6562
0.3684
0.5278
0.2295
0.5
0.5
0.6389
0.75
0.3659
0.3409
0.3
0.3488
0.3617
0.4571
0.9355
0.5116
0.3182
0.8649
0.4783
0.4444
0.3784
0.5676
0.7105
0.5581
0.4595
0.4857
0.3462
0.1538
0.6176
0.8333
0.2545
0.3333
0.4324
0.4048
0.3721
0.3514
0.3
0.3784
0.4878
0.2407
0.3846
0.5143
0.2273
0.425
0.4318
0.7353
0.4048
0.6944
0.5135
0.3922
0.3846
0.5349
0.2807
0.2766
0.2826
0.3333
0.4186
0.3077
0.3171
0.38
0.25
0.3488
0.3571
0.375
0.2449
0.525
0.3684
0.4082
0.2727
0.2338
0.8846
0.3261
0.3143
0.2
0.4545
0.359
0.6389
0.3611
0.5435
0.4894
0.3571
0.2745
0.4571
0.6222
0.6341
0.4082
0.359
0.375
0.5789
0.3125
0.2333
0.5116
0.14
0.5429
0.4167
0.34
0.4118
0.4318
0.3721
0.24
0.5897
0.3673
0.6667
0.4186
0.3415
0.4722
0.2778
0.3095
0.4545
0.359
0.4773
0.4545
0.5
0.2632
0.3023
0.5833
0.4364
0.3947
0.4474
0.3243
0.6905
0.4054
0.5
0.5
0.3824
0.6389
0.4878
0.4792
0.3
0.1774
0.6757
0.619
0.4286
0.3556
0.1607
0.3333
0.5625
0.6
0.5667
0.5238
0.42
0.4872
0.5122
0.375
0.8333
0.2708
0.4423
0.6
0.3778
0.5938
0.5814
0.4857
0.3556
0.6286
0.2157
0.5682
0.4444
0.4444
0.3333
0.2444
0.4412
0.3056
0.2973
0.5278
0.2037
0.4634
0.5946
0.3171
0.6857
0.4359
0.2619
0.5227
0.5946
0.625
0.4314
0.2667
0.9655
0.35
0.2683
0.5
0.5102
0.4773
0.2826
0.5278
0.7059
0.6757
0.6129
0.3529
0.5278
0.4211
0.3333
0.3636
0.383
0.1964
0.5263
0.4722
0.439
0.9032
0.4773
0.65
0.325
0.3684
0.4286
0.4419
0.6296
0.9615
0.3542
0.4865
0.3333
0.5143
0.3818
0.5946
0.5882
0.359
0.3721
0.2927
0.2439
0.4878
0.4
0.359
0.2642
0.75
0.4762
0.4595
0.5714
0.425
0.5806
0.3235
0.413
0.4468
0.2955
0.375
0.4694
0.5769
0.4634
0.55
0.375
0.3191
0.48
0.4722
0.3077
0.5122
0.475
0.3636
0.7105
0.5532
0.3469
0.4286
0.475
0.34
0.6047
0.5
0.3636
0.4545
0.2973
0.52
0.5152
0.575
0.35
0.2903
0.4865
0.8276
0.3947
0.3333
0.3333
0.6286
0.6571
0.381
0.75
0.1042
0.1628
0.3784
0.1343
0.1667
0.2245
0.2549
0.3714
0.3409
0.28
0.3226
0.4318
0.3636
0.2353
0.2041
0.2692
0.4118
0.7586
0.2609
0.4
0.2885
0.4571
0.3415
0.1613
0.5806
0.6176
0.3095
0.4884
0.2143
0.1458
0.4286
0.2821
0.2381
0.3488
0.36
0.2
0.2045
0.4412
0.2083
0.4
0.25
0.4722
0.4242
0.3559
0.38
0.2059
0.2391
0.1042
0.1915
0.4375
0.3269
0.3617
0.2545
0.575
0.3125
0.6923
0.4474
0.3864
0.3824
0.1667
0.4872
0.7308
0.4324
0.3571
0.3421
0.275
0.28
0.3404
0.5
0.325
0.4865
0.2083
0.3673
0.0526
0.4186
0.3571
0.5278
0.2619
0.3488
0.2973
0.2632
0.5227
0.45
0.2821
0.2571
0.4054
0.3659
0.5161
0.3333
0.1707
0.2444
0.4474
0.3514
0.2632
0.14
0.4737
0.3171
0.3636
0.3415
0.3684
0.3261
0.2308
0.4
0.3902
0.3137
0.234
0.4375
0.4444
0.2273
0.1707
0.2222
0.2727
0.2821
0.5
0.5143
0.2414
0.325
0.4138
0.4359
0.2206
0.3636
0.4571
0.2453
0.3514
0.3409
0.186
0.3
0.3333
0.32
0.2105
0.5
0.32
0.2292
0.5405
0.2571
0.2368
0.3488
0.2
0.2708
0.25
0.3469
0.4688
0.475
0.26
0.35
0.4483
0.3864
0.2754
0.2791
0.3404
0.15
0.2368
0.3182
0.3542
0.3421
0.3077
0.2
0.2281
0.2955
0.2778
0.2826
0.2558
0.2439
0.2222
0.2
0.3902
0.3333
0.1944
0.2826
0.1111
0.1702
0.3824
0.3611
0.26
0.3659
0.3235
0.26
0.1754
0.3529
0.24
0.225
0.3684
0.4286
0.2973
0.1509
0.2941
0.3939
0.2708
0.2308
0.234
0.5385
0.3953
0.4643
0.2
0.3148
0.3571
0.2045
0.2571
0.2683
0.2778
0.2143
0.4706
0.2727
0.2286
0.2941
0.2424
0.1452
0.2917
0.2821
0.1667
0.3429
0.4839
0.6071
0.4615
0.2
0.1818
0.2807
0.2222
0.25
0.3143
0.1429
0.2273
0.1463
0.2564
0.35
0.8065
0.871
0.3714
0.3333
0.6176
0.359
0.4
0.2
0.2826
0.2593
0.2979
0.1739
0.4146
0.2308
0.1579
0.3462
0.2979
0.6
0.1702
0.3448
0.3125
0.3043
0.2791
0.2727
0.2206
0.4857
0.3714
0.1905
0.2
0.4242
0.4211
0.2075
0.125
0.3902
0.2778
0.2407
0.3902
0.3947
0.4
0.25
0.1698
0.2326
0.3864
0.2903
0.4242
0.2444
0.2564
0.3929
0.4333
0.3778
0.2679
0.4839
0.3077
0.0923
0.25
0.2889
0.2188
0.3243
0.35
0.4054
0.186
0.2344
0.5385
0.5938
0.2105
0.3824
0.3404
0.3182
0.2
0.1765
0.5588
0.3269
0.1429
0.2353
0.2857
0.4595
0.3846
0.3784
0.2647
0.3333
0.2955
0.5312
0.3846
0.3636
0.1731
0.2432
0.5588
0.2245
0.4091
0.5128
0.1569
0.3226
0.303
0.4048
0.225
0.4103
0.4634
0.2745
0.3171
0.2222
0.3333
0.6842
0.3529
0.3333
0.375
0.2258
0.4318
0.2105
0.2885
0.2553
0.3095
0.381
0.3556
0.3611
0.4242
0.4359
0.2
0.2
0.2564
0.3243
0.2683
0.4375
0.4091
0.3077
0.3673
0.3143
0.303
0.25
0.2333
0.2549
0.4146
0.3659
0.3714
0.2857
0.3043
0.193
0.2571
0.3659
0.3077
0.2727
0.1818
0.1837
0.3571
0.2564
0.3396
0.1875
0.2647
0.4872
0.3333
0.1961
0.25
0.3846
0.3846
0.3721
0.5526
0.4286
0.1795
0.3019
0.7812
0.2857
0.1212
0.6364
0.2439
0.4048
0.4667
0.3488
0.3077
0.3095
0.5238
0.2
0.3
0.4211
0.3077
0.3095
0.2667
0.225
0.5833
0.3415
0.1579
0.2727
0.6875
0.2444
0.2222
0.234
0.2308
0.2157
0.2766
0.2264
0.5
0.3019
0.2195
0.2195
0.3333
0.439
0.1636
0.2821
0.2619
0.4839
0.4286
0.4857
0.2105
0.4222
0.625
0.4118
0.5143
0.2381
0.3333
0.381
0.2381
0.2889
0.3529
0.2955
0.2857
0.48
0.4444
0.3947
0.2222
0.1636
0.225
0.5161
0.193
0.1875
0.1778
0.2391
0.2353
0.3864
0.4545
0.4444
0.3871
0.375
0.22
0.2683
0.3947
0.3611
0.8095
0.2857
0.3636
0.2889
0.1795
0.439
0.6
0.3429
0.3684
0.3548
0.475
0.2245
0.4
0.5676
0.3478
0.3947
0.4839
0.1765
0.3953
0.2353
0.3235
0.2083
0.4444
0.4722
0.1481
0.2353
0.1765
0.2037
0.25
0.2143
0.6316
0.2222
0.2885
0.3182
0.4643
0.3043
0.4333
0.375
0.3684
0.1892
0.1892
0.5417
0.4894
0.4545
0.25
0.2353
0.439
0.3421
0.3784
0.5333
0.175
0.234
0.2
0.3939
0.3
0.2381
0.2308
0.2973
0.4545
0.4242
0.5143
0.1957
0.3043
0.1667
0.175
0.2
0.1944
0.1636
0.2619
0.413
0.3333
0.1818
0.4333
0.2683
0.3191
0.3158
0.3393
0.3784
0.2222
0.4
0.2593
0.2381
0.3
0.4
0.2143
0.1389
0.5926
0.3571
0.3721
0.4103
0.3684
0.125
0.3404
0.5278
0.3148
0.2553
0.7419
0.3429
0.24
0.2973
0.561
0.3684
0.2973
0.2203
0.5946
0.5152
0.3469
0.3469
0.2308
0.3143
0.1429
0.413
0.2826
0.18
0.5
0.2727
0.3265
0.3404
0.3
0.2667
0.3333
0.3846
0.1905
0.2368
0.2105
0.2826
0.375
0.3043
0.2955
0.3333
0.26
0.4167
0.3636
0.175
0.2308
0.22
0.2273
0.3333
0.1639
0.3077
0.2821
0.2045
0.1667
0.4651
0.3784
0.1803
0.2941
0.4524
0.2157
0.225
0.4118
0.0877
0.2105
0.3191
0.3871
0.3714
0.3158
0.2083
0.2571
0.2679
0.25
0.3514
0.4359
0.4545
0.2955
0.1957
0.2093
0.2889
0.4211
0.5
0.5185
0.4412
0.4545
0.1957
0.4
0.2679
0.3333
0.3585
0.5357
0.2368
0.3636
0.3529
0.3721
0.45
0.2115
0.5128
0.4231
0.5484
0.381
0.1951
0.2857
0.275
0.3617
0.5333
0.1489
0.2391
0.2432
0.4194
0.2667
0.3243
0.2105
0.3529
0.28
0.5
0.375
0.3256
0.2703
0.16
0.2326
0.2712
0.2973
0.2353
0.5217
0.2778
0.1842
0.3415
0.2143
0.2857
0.2857
0.3333
0.1778
0.3
0.1852
0.3036
0.1905
0.1395
0.2609
0.3333
0.2903
0.26
0.1842
0.4048
0.5
0.186
0.3333
0.3158
0.2727
0.6786
0.3793
0.2045
0.4211
0.1842
0.4444
0.3421
0.3514
0.4865
0.2895
0.2759
0.3065
0.3721
0.4048
0.2917
0.2308
0.4211
0.2432
0.2188
0.1509
0.3333
0.3
0.375
0.4074
0.28
0.2083
0.5588
0.2632
0.4286
0.3438
0.2727
0.2955
0.2727
0.186
0.4048
0.5312
0.5
0.3056
0.1967
0.2895
0.3
0.4167
0.4062
0.1951
0.2727
0.325
0.3488
0.3404
0.3714
0.5806
0.2791
0.2273
0.5405
0.2391
0.2889
0.2703
0.4054
0.5263
0.3488
0.4054
0.3429
0.3269
0.2115
0.4118
0.4444
0.2
0.3333
0.2973
0.381
0.2791
0.1892
0.25
0.2973
0.4878
0.1667
0.25
0.3056
0.2222
0.2
0.2955
0.4706
0.3333
0.5
0.3243
0.2745
0.2308
0.3488
0.1404
0.1702
0.2391
0.303
0.2326
0.1923
0.1951
0.3
0.1667
0.2558
0.2619
0.4
0.14
0.575
0.2368
0.3265
0.2727
0.1688
0.5769
0.1739
0.3143
0.125
0.3333
0.1795
0.5
0.4857
0.4783
0.3125
0.1667
0.1569
0.3714
0.5111
0.439
0.2041
0.1795
0.275
0.3158
0.1633
0.2667
0.3953
0.18
0.4412
0.375
0.28
0.2353
0.2045
0.2326
0.2
0.4359
0.3469
0.4545
0.4186
0.2195
0.3333
0.3889
0.2381
0.3182
0.2308
0.3409
0.2727
0.4412
0.1842
0.3488
0.3611
0.1897
0.3158
0.3158
0.1351
0.5
0.3243
0.3529
0.1944
0.2059
0.4722
0.3171
0.3542
0.275
0.1613
0.4595
0.5714
0.3469
0.2174
0.1429
0.25
0.6562
0.2571
0.3667
0.3333
0.24
0.3077
0.3659
0.3125
0.6667
0.2083
0.25
0.3778
0.3778
0.5625
0.2791
0.3143
0.2667
0.3714
0.2549
0.3409
0.3333
0.2889
0.2
0.2222
0.2941
0.2222
0.1351
0.3333
0.2407
0.1905
0.3784
0.3171
0.6857
0.3846
0.2381
0.3409
0.5135
0.45
0.2549
0.1667
0.6207
0.35
0.1463
0.3846
0.3265
0.3182
0.1957
0.3889
0.3824
0.6216
0.3548
0.3529
0.3889
0.3158
0.3137
0.25
0.383
0.1786
0.2051
0.1944
0.3659
0.7097
0.3636
0.65
0.275
0.2105
0.3214
0.3721
0.4444
0.6538
0.2292
0.4865
0.2
0.4
0.2545
0.2432
0.5588
0.359
0.3256
0.3659
0.3415
0.3659
0.2222
0.2821
0.1132
0.45
0.2857
0.4054
0.2273
0.25
0.2903
0.1765
0.3913
0.234
0.2045
0.1458
0.3878
0.3462
0.3415
0.375
0.275
0.1702
0.2157
0.3333
0.2308
0.3171
0.3
0.3636
0.3947
0.4894
0.1224
0.2381
0.375
0.24
0.4186
0.5278
0.3939
0.4242
0.2162
0.32
0.2121
0.325
0.225
0.2258
0.3514
0.5862
0.2105
0.2
0.3519
0.3143
0.4
0.3095
0.8333
0.1042
0.186
0.2973
0.0735
0.2143
0.102
0.2353
0.3143
0.4318
0.28
0.3548
0.3182
0.4545
0.2059
0.2653
0.25
0.3824
0.4118
0.2826
0.2857
0.2692
0.0811
0.3659
0.1613
0.4839
0.5588
0.2619
0.3488
0.1429
0.1458
0.381
0.2564
0.3571
0.3721
0.2
0.25
0.1778
0.4118
0.2083
0.4
0.2083
0.1026
0.2424
0.0923
0.28
0.2647
0.1739
0.125
0.234
0.375
0.3269
0.3617
0.2909
0.4878
0.0784
0.561
0.2895
0.4545
0.3824
0.1905
0.5128
0.4231
0.4324
0.2619
0.3947
0.25
0.26
0.2553
0.3421
0.25
0.5135
0.2292
0.08
0.2368
0.4186
0.381
0.4722
0.3333
0.2326
0.2432
0.2895
0.5455
0.5
0.2564
0.3714
0.5405
0.2143
0.5161
0.2708
0.2439
0.2889
0.4211
0.4595
0.1842
0.26
0.5
0.3171
0.3939
0.3902
0.2632
0.2609
0.1795
0.1132
0.2195
0.2941
0.234
0.5625
0.3333
0.2727
0.3415
0.1622
0.3939
0.2821
0.4737
0.4286
0.1379
0.375
0.4138
0.4872
0.2059
0.5152
0.5429
0.1887
0.3514
0.3636
0.2326
0.2
0.359
0.2
0.2105
0.5
0.26
0.25
0.4595
0.3143
0.2632
0.2791
0.2
0.1875
0.2273
0.1837
0.3438
0.475
0.24
0.3
0.4138
0.3636
0.026
0.2326
0.383
0.1
0.2632
0.3182
0.3333
0.3684
0.2821
0.2182
0.193
0.2955
0.2593
0.2826
0.186
0.3171
0.2037
0.1778
0.5122
0.3056
0.0519
0.1522
0.125
0.2553
0.3235
0.0256
0.16
0.2927
0.3235
0.16
0.1228
0.2941
0.26
0.2
0.3684
0.2143
0.4595
0.1698
0.3529
0.4242
0.0377
0.1538
0.1489
0.24
0.3488
0.3929
0.1714
0.2593
0.2381
0.2045
0.2857
0.2683
0.3396
0.119
0.3529
0.2727
0.3714
0.2059
0.303
0.2419
0.375
0.2308
0.2407
0.4
0.5161
0.5
0.4103
0.2222
0.1591
0.2807
0.2
0.25
0.2286
0.1746
0.1591
0.1707
0.2564
0.3
0.6452
0.8387
0.2857
0.2051
0.2439
0.3333
0.2857
0.2222
0.2826
0.2963
0.2128
0.2222
0.4146
0.1282
0.2895
0.3462
0.2979
0.4857
0.1915
0.4483
0.2292
0.2609
0.3721
0.0857
0.25
0.0952
0.2571
0.2619
0.2308
0.5152
0.2895
0.2075
0.15
0.0417
0.2407
0.1296
0.3659
0.3947
0.2889
0.2692
0.1698
0.0889
0.4545
0.2903
0.5455
0.2889
0.3077
0.3571
0.3333
0.3556
0.1964
0.4839
0.2821
0.1077
0.1875
0.3111
0.2812
0.2703
0.225
0.4054
0.2791
0.1875
0.4103
0.3333
0.2632
0.3529
0.3617
0.2444
0.16
0.2059
0.5588
0.3846
0.3095
0.1569
0.2619
0.3514
0.359
0.3243
0.2647
0.3125
0.25
0.5
0.3846
0.303
0.1346
0.2703
0.4412
0.2041
0.4444
0.4872
0.1569
0.2581
0.303
0.3571
0.225
0.3077
0.3659
0.3333
0.2927
0.3056
0.2121
0.6842
0.2647
0.5
0.3125
0.2258
0.3636
0.2281
0.3269
0.2979
0.2381
0.3571
0.4222
0.2778
0.3939
0.3077
0.2
0.2333
0.3077
0.3514
0.2683
0.375
0.2609
0.2692
0.2857
0.2857
0.3333
0.35
0.2667
0.1961
0.2927
0.3902
0.3143
0.2619
0.3043
0.1404
0.2286
0.2683
0.3077
0.25
0.1364
0.1837
0.3214
0.1795
0.3019
0.25
0.2059
0.3333
0.359
0.1569
0.2778
0.2821
0.3333
0.2558
0.5263
0.3095
0.3333
0.2642
0.625
0.25
0.1493
0.4545
0.2439
0.3333
0.4
0.2791
0.3077
0.3333
0.3571
0.1636
0.225
0.3684
0.2821
0.1667
0.4
0.225
0.4722
0.3171
0.1842
0.2121
0.5312
0.0417
0.2222
0.1915
0.25
0.1765
0.3617
0.2075
0.381
0.3585
0.2927
0.2927
0.2037
0.3415
0.1455
0.3846
0.1429
0.4194
0.2857
0.4286
0.1316
0.3556
0.575
0.4706
0.4571
0.2143
0.3333
0.3333
0.119
0.2667
0.2353
0.2273
0.2619
0.36
0.4444
0.4211
0.2222
0.0909
0.3
0.5484
0.0167
0.2083
0.1556
0.2609
0.1765
0.2727
0.3636
0.2889
0.2903
0.5
0.22
0.0909
0.3421
0.3056
0.7143
0.3061
0.3409
0.1837
0.2308
0.3902
0.6333
0.3143
0.3158
0.2903
0.425
0.2041
0.375
0.6216
0.3043
0.4737
0.4516
0.1569
0.4419
0.2353
0.2059
0.1875
0.3333
0.3333
0.1296
0.1765
0.2157
0.2037
0.2292
0.2143
0.6842
0.2222
0.3077
0.2955
0.4286
0.2826
0.4
0.2812
0.4474
0.3784
0.2432
0.375
0.3617
0.5455
0.25
0.1351
0.3659
0.4737
0.3243
0.5333
0.15
0.2553
0.2
0.303
0.25
0.3095
0.3077
0.2973
0.1714
0.4545
0.7429
0.2391
0.3478
0.119
0.2
0.175
0.2222
0.1818
0.3095
0.2609
0.4524
0.1455
0.5667
0.2439
0.1875
0.1842
0.3214
0.4054
0.2222
0.4571
0.2222
0.1905
0.2683
0.4333
0.2143
0.1944
0.4815
0.4048
0.3488
0.2308
0.2632
0.075
0.3617
0.6111
0.2593
0.1915
0.6562
0.4
0.16
0.3243
0.5366
0.3947
0.1892
0.2034
0.3077
0.4242
0.3061
0.3265
0.1538
0.2857
0.1667
0.4783
0.3261
0.24
0.0968
0.25
0.2449
0.234
0.25
0.2
0.3704
0.3462
0.2381
0.2368
0.193
0.2391
0.35
0.2826
0.2955
0.3143
0.26
0.5556
0.2909
0.2
0.2308
0.2
0.2727
0.4359
0.1967
0.2051
0.1538
0.1591
0.1875
0.3721
0.4324
0.2459
0.3529
0.4286
0.1765
0.375
0.1389
0.0175
0.2281
0.3191
0.2903
0.4
0.3158
0.1
0.3429
0.1964
0.15
0.3784
0.359
0.2727
0.1591
0.1957
0.1395
0.2667
0.4211
0.4667
0.4444
0.4706
0.2955
0.1957
0.4333
0.2143
0.3077
0.2593
0.3571
0.2895
0.3333
0.4118
0.2093
0.3
0.2308
0.5385
0.3846
0.4516
0.2857
0.2683
0.2143
0.225
0.2553
0.5
0.1277
0.2391
0.1892
0.2903
0.1111
0.4595
0.3158
0.3824
0.28
0.4412
0.3125
0.3488
0.2703
0.22
0.2093
0.339
0.2703
0.2157
0.5217
0.2222
0.1842
0.3659
0.2619
0.1905
0.2857
0.3611
0.2
0.375
0.2037
0.2143
0.1429
0.2791
0.2391
0.4762
0.3871
0.22
0.1842
0.3571
0.5556
0.1628
0.3077
0.2105
0.3333
0.6429
0.3103
0.2273
0.3171
0.1842
0.4167
0.3421
0.2973
0.4865
0.2368
0.2759
0.3226
0.3488
0.4762
0.2708
0.1923
0.3158
0.2432
0.3125
0.1698
0.4359
0.35
0.0444
0.5926
0.3
0.2292
0.6176
0.2632
0.4107
0.4062
0.2121
0.3409
0.3333
0.1395
0.3571
0.5312
0.4737
0.3889
0.1475
0.3684
0.3333
0.2778
0.2812
0.1951
0.3409
0.125
0.3488
0.1277
0.4
0.5484
0.2326
0.1818
0.0426
0.4565
0.2889
0.2432
0.4054
0.4474
0.3256
0.2703
0.4
0.2692
0.1154
0.4706
0.5556
0.1455
0.3556
0.2162
0.2857
0.2791
0.1892
0.2
0.2703
0.2927
0.1481
0.25
0.3611
0.3111
0.3
0.1915
0.4706
0.2619
0.5
0.4324
0.2549
0.2821
0.4419
0.1404
0.2128
0.1957
0.303
0.186
0.1923
0.1951
0.2941
0.2083
0.2791
0.1667
0.35
0.1633
0.55
0.2895
0.3469
0.2424
0.1818
0.5
0.1522
0.3714
0.25
0.2727
0.2051
0.4722
0.3714
0.3261
0.2083
0.119
0.1961
0.3143
0.4667
0.439
0.1837
0.0769
0.25
0.2632
0.3061
0.3
0.5349
0.14
0.4118
0.4583
0.26
0.3235
0.2045
0.1628
0.18
0.3333
0.2041
0.3939
0.3488
0.0976
0.25
0.25
0.2143
0.4091
0.2564
0.2045
0.3333
0.4412
0.1
0.2791
0.3056
0.1724
0.2895
0.2632
0.1351
0.5476
0.3514
0.5
0.2778
0.2059
0.3611
0.3659
0.2917
0.275
0.2097
0.3784
0.4286
0.3878
0.2174
0.1071
0.2222
0.5312
0.3143
0.3333
0.3095
0.18
0.2308
0.2927
0.2917
0.6
0.2292
0.2692
0.3333
0.3778
0.5312
0.1395
0.2571
0.2889
0.3143
0.1373
0.2273
0.3333
0.3111
0.1556
0.1556
0.3235
0.25
0.1622
0.25
0.1667
0.2381
0.3784
0.2439
0.5143
0.2051
0.1667
0.2727
0.3784
0.425
0.2353
0.1333
0.5172
0.225
0.1707
0.2308
0.2245
0.25
0.2391
0.25
0.3235
0.5135
0.3871
0.3824
0.4722
0.1579
0.2745
0.2955
0.2979
0.1429
0.3333
0.1667
0.3171
0.5161
0.4318
0.625
0.25
0.1842
0.4643
0.3953
0.3704
0.5769
0.1875
0.3784
0.1778
0.3714
0.2
0.2432
0.5
0.1795
0.3023
0.2927
0.2683
0.3659
0.1739
0.2308
0.0943
0.475
0.2619
0.3514
0.4762
0.425
0.2258
0.1765
0.3261
0.2128
0.1364
0.2292
0.2449
0.5
0.2683
0.3
0.275
0.1064
0.2549
0.4444
0.2692
0.2439
0.35
0.2727
0.4211
0.4255
0.1224
0.2857
0.325
0.34
0.2558
0.3889
0.1818
0.1622
0.1892
0.3
0.4545
0.4
0.3
0.2258
0.3243
0.6552
0.1842
0.2222
0.3519
0.0526
0.4286
0.2619
0.625
