x
0.3698
0.3757
0.3789
0.3749
0.3824
0.3792
0.3669
0.3528
0.3775
0.3876
0.3818
0.3803
0.3613
0.3819
0.3578
0.3514
0.3709
0.37
0.3861
0.3739
0.3778
0.3698
0.3732
0.3717
0.3791
0.389
0.3731
0.3848
0.3636
0.3778
0.3706
0.3648
0.3675
0.378
0.3698
0.3821
0.378
0.3911
0.3514
0.3722
0.3743
0.3755
0.3861
0.384
0.3726
0.3685
0.3542
0.3768
0.3725
0.3717
0.3729
0.3782
0.381
0.3621
0.3727
0.3769
0.3761
0.3815
0.3768
0.3668
0.375
0.3782
0.3697
0.3868
0.389
0.387
0.381
0.3896
0.3765
0.3749
0.3814
0.3614
0.3764
0.3764
0.3693
0.3245
0.379
0.3573
0.3713
0.3481
0.3789
0.3858
0.3711
0.3778
0.3792
0.3708
0.376
0.366
0.3767
0.3833
0.3704
0.3811
0.3788
0.372
0.3898
0.3791
0.3562
0.3681
0.3702
0.3601
0.3746
0.3867
0.3782
0.3622
0.3782
0.3703
0.3768
0.3723
0.3774
0.3769
0.3768
0.3806
0.372
0.3621
0.3759
0.3705
0.3826
0.3618
0.368
0.3792
0.3802
0.3774
0.3793
0.38
0.3819
0.3783
0.3802
0.3739
0.3694
0.3791
0.3692
0.3731
0.3798
0.369
0.3586
0.392
0.3853
0.371
0.375
0.3712
0.372
0.3846
0.38
0.3781
0.3797
0.3734
0.3722
0.37
0.3792
0.3727
0.3799
0.3814
0.3759
0.3763
0.3755
0.3796
0.3715
0.3836
0.3838
0.3708
0.3775
0.3661
0.3776
0.3814
0.3614
0.3679
0.3834
0.3695
0.3851
0.3807
0.3851
0.3756
0.3804
0.3809
0.3838
0.3668
0.3753
0.3616
0.3816
0.3836
0.3684
0.387
0.3778
0.3852
0.3752
0.3663
0.3702
0.3796
0.3832
0.3838
0.3834
0.3752
0.3853
0.3755
0.3614
0.377
0.3777
0.3842
0.3783
0.3793
0.3767
0.3754
0.379
0.3798
0.3801
0.3752
0.3882
0.3923
0.3799
0.3891
0.3769
0.3742
0.3914
0.3846
0.3681
0.3653
0.3675
0.3797
0.3764
0.3911
0.3783
0.3806
0.3742
0.3731
0.3779
0.3794
0.3878
0.3812
0.3908
0.3735
0.3818
0.3687
0.3896
0.3735
0.3658
0.384
0.3668
0.3887
0.3824
0.3947
0.3896
0.3749
0.367
0.3733
0.3829
0.3804
0.3781
0.3799
0.3804
0.3916
0.3691
0.3849
0.3712
0.3906
0.3834
0.3454
0.3861
0.3742
0.3889
0.376
0.3821
0.3889
0.3787
0.3795
0.3936
0.3764
0.3786
0.3871
0.3792
0.3826
0.3661
0.3757
0.3771
0.3753
0.3669
0.3844
0.3689
0.3838
0.3806
0.3897
0.3851
0.3705
0.3716
0.3832
0.3888
0.3754
0.388
0.3666
0.3841
0.3746
0.3871
0.3914
0.3821
0.375
0.37
0.3901
0.3643
0.3775
0.3668
0.3643
0.3746
0.3759
0.3717
0.3689
0.3763
0.3868
0.3755
0.3733
0.3755
0.3739
0.3763
0.3677
0.3854
0.3787
0.3651
0.3866
0.377
0.3766
0.3681
0.3833
0.3704
0.3799
0.3722
0.3788
0.3801
0.3775
0.3842
0.3763
0.3848
0.3713
0.3755
0.3862
0.3924
0.385
0.3922
0.3874
0.3885
0.382
0.3762
0.3645
0.3826
0.3721
0.3849
0.3723
0.3808
0.3872
0.3809
0.3787
0.3728
0.372
0.3771
0.3813
0.3715
0.3899
0.379
0.3834
0.3673
0.3669
0.3895
0.3745
0.3688
0.3764
0.3802
0.367
0.3824
0.3546
0.3708
0.3868
0.374
0.3896
0.3813
0.3697
0.3798
0.3775
0.3816
0.3734
0.3614
0.3798
0.3951
0.3743
0.3805
0.3768
0.3737
0.3784
0.3819
0.3722
0.3871
0.3733
0.3748
0.3791
0.3788
0.3861
0.3801
0.3741
0.3546
0.3671
0.3709
0.3792
0.3814
0.3836
0.3815
0.378
0.3702
0.3879
0.3745
0.38
0.3684
0.3816
0.3737
0.3854
0.3732
0.3713
0.369
0.3777
0.391
0.36
0.3753
0.3689
0.379
0.3702
0.3715
0.3685
0.3851
0.3771
0.3816
0.3848
0.3774
0.3751
0.3723
0.3834
0.3812
0.3721
0.3683
0.377
0.3715
0.363
0.3686
0.3597
0.3784
0.3842
0.3781
0.3757
0.3765
0.3716
0.3872
0.385
0.3804
0.3719
0.3724
0.3864
0.3862
0.3769
0.3904
0.3753
0.3825
0.3788
0.385
0.3759
0.3802
0.3797
0.3684
0.3743
0.3863
0.3822
0.382
0.3625
0.3729
0.3734
0.3744
0.379
0.3685
0.3785
0.3736
0.3911
0.3853
0.3736
0.3805
0.3788
0.3799
0.369
0.3818
0.3683
0.3859
0.3743
0.3812
0.3712
0.389
0.3882
0.389
0.3738
0.3722
0.3619
0.3823
0.3718
0.3841
0.3765
0.3658
0.3671
0.3841
0.3872
0.3731
0.3818
0.3773
0.3825
0.3645
0.3768
0.3907
0.3823
0.3654
0.3392
0.3863
0.3776
0.3829
0.3652
0.3814
0.386
0.3773
0.3703
0.3742
0.3704
0.3802
0.3465
0.3806
0.3791
0.3755
0.3759
0.3751
0.3899
0.3705
0.3832
0.3742
0.3776
0.3827
0.3803
0.3732
0.3669
0.3802
0.3814
0.3777
0.359
0.3841
0.3648
0.3753
0.3778
0.3855
0.3856
0.3692
0.3875
0.387
0.3456
0.3849
0.3839
0.3832
0.369
0.3678
0.3746
0.3745
0.3688
0.3653
0.3739
0.3814
0.3713
0.3769
0.3792
0.3764
0.3851
0.3665
0.3749
0.3538
0.362
0.3832
0.3689
0.3797
0.3859
0.369
0.3792
0.375
0.3728
0.3761
0.363
0.3764
0.3803
0.3854
0.381
0.3863
0.3607
0.3669
0.375
0.3673
0.3785
0.3713
0.3849
0.3836
0.3807
0.3704
0.3614
0.3589
0.3714
0.373
0.3728
0.3776
0.3875
0.3727
0.3803
0.3828
0.3728
0.3857
0.3665
0.3802
0.3807
0.3825
0.3793
0.3738
0.3632
0.3752
0.368
0.3788
0.384
0.3775
0.3833
0.3554
0.3697
0.3754
0.376
0.3637
0.3789
0.3736
0.3788
0.3726
0.384
0.3745
0.3738
0.3722
0.3803
0.3875
0.3874
0.3721
0.3689
0.3684
0.3629
0.3709
0.3748
0.3827
0.3697
0.375
0.3862
0.383
0.3838
0.379
0.387
0.3802
0.3476
0.3761
0.3781
0.3714
0.3505
0.3749
0.3815
0.3771
0.3778
0.3837
0.3754
0.3824
0.3821
0.3838
0.3809
0.3859
0.3706
0.3906
0.3642
0.3642
0.3803
0.3663
0.3733
0.3847
0.3715
0.3779
0.3708
0.3755
0.3872
0.3852
0.3878
0.3838
0.36
0.3758
0.3708
0.3775
0.3753
0.3784
0.3823
0.3744
0.3854
0.3876
0.3906
0.3837
0.3797
0.3658
0.3869
0.3632
0.3842
0.3685
0.362
0.377
0.386
0.3818
0.3708
0.3886
0.373
0.3761
0.361
0.3828
0.3721
0.3655
0.3587
0.381
0.3852
0.3887
0.3763
0.3775
0.3795
0.3847
0.3735
0.3813
0.3833
0.3832
0.3822
0.3823
0.388
0.3877
0.3779
0.3798
0.3892
0.3696
0.3829
0.3702
0.3853
0.3675
0.3699
0.3767
0.375
0.3769
0.366
0.3798
0.3786
0.3858
0.3866
0.3788
0.3822
0.3747
0.3797
0.3815
0.3779
0.3814
0.3816
0.3785
0.368
0.3777
0.3808
0.3772
0.3763
0.3779
0.3825
0.3813
0.3774
0.3956
0.3871
0.3868
0.3812
0.3747
0.3501
0.3685
0.3744
0.3738
0.3789
0.354
0.3887
0.3788
0.3797
0.3882
0.3691
0.364
0.3898
0.375
0.3732
0.3759
0.3699
0.3825
0.379
0.3844
0.3738
0.3588
0.367
0.3738
0.3604
0.3733
0.3791
0.3782
0.3614
0.3817
0.3733
0.3767
0.3713
0.3789
0.3707
0.3811
0.385
0.378
0.3755
0.3911
0.3772
0.3658
0.387
0.3795
0.3732
0.3781
0.3818
0.3738
0.3759
0.358
0.3836
0.3745
0.3602
0.378
0.3805
0.3742
0.3638
0.3672
0.3848
0.3728
0.3851
0.365
0.3705
0.3611
0.3786
0.39
0.3699
0.3902
0.3729
0.3772
0.3709
0.3629
0.3718
0.3871
0.3863
0.3702
0.3851
0.3825
0.3583
0.3731
0.3856
0.3797
0.3801
0.3698
0.3749
0.3774
0.3689
0.3787
0.3924
0.3759
0.3742
0.3667
0.3718
0.3827
0.3685
0.3844
0.3756
0.3841
0.3846
0.3735
0.3622
0.3835
0.3728
0.3713
0.382
0.3923
0.3825
0.3893
0.3846
0.3407
0.375
0.3836
0.3754
0.3658
0.3773
0.3544
0.3639
0.3739
0.3767
0.3892
0.3676
0.3786
0.388
0.3613
0.3857
0.3787
0.387
0.3738
0.3726
0.368
0.3666
0.3847
0.3581
0.3718
0.3869
0.3785
0.3607
0.3831
0.388
0.3644
0.3813
0.3765
0.3833
0.3787
0.3779
0.3687
0.3616
0.356
0.3829
0.3877
0.3847
0.374
0.3531
0.3736
0.3728
0.3882
0.376
0.3798
0.3721
0.3562
0.3722
0.38
0.3765
0.3703
0.3883
0.3486
0.3757
0.3717
0.3825
0.3749
0.3708
0.3792
0.3706
0.368
0.3793
0.3913
0.3704
0.3862
0.3828
0.3789
0.3825
0.3733
0.39
0.3709
0.359
0.3732
0.3795
0.3687
0.3854
0.3798
0.3898
0.382
0.3838
0.37
0.3898
0.383
0.3745
0.3792
0.3647
0.3776
0.3765
0.3742
0.3689
0.3651
0.3733
0.3826
0.3689
0.3825
0.3913
0.3831
0.3724
0.3625
0.3736
0.3736
0.3896
0.3617
0.3571
0.3865
0.3913
0.3775
0.3777
0.383
0.3798
0.378
0.37
0.3681
0.3688
0.3774
0.3521
0.3754
0.3554
0.356
0.3853
0.3988
0.3969
0.3833
0.374
0.3706
0.3583
0.369
0.3865
0.3983
0.3962
0.3593
0.3975
0.3809
0.3553
0.3832
0.3972
0.3962
0.3766
0.3708
0.3696
0.3728
0.3853
0.3959
0.3944
0.3735
0.3958
0.3528
0.3792
0.3722
0.3655
0.3671
0.389
0.3716
0.3856
0.3734
0.3782
0.3873
0.3917
0.3775
0.3924
0.3842
0.3693
0.3889
0.3614
0.3934
0.3821
0.3662
0.3789
0.3821
0.3804
0.3705
0.3935
0.3876
0.3826
0.3598
0.3866
0.3803
0.3858
0.3788
0.3767
0.3985
0.3782
0.3979
0.3834
0.3914
0.3835
0.39
0.3851
0.3914
0.3704
0.3784
0.3865
0.3802
0.3802
0.3896
0.3786
0.3702
0.3467
0.3909
0.3798
0.3825
0.3891
0.3872
0.3604
0.3865
0.3867
0.3966
0.3939
0.3929
0.3949
0.3737
0.3723
0.3949
0.3846
0.3617
0.3978
0.3603
0.3652
0.377
0.3961
0.3727
0.3793
0.3744
0.3819
0.3995
0.3693
0.3815
0.3797
0.3837
0.3704
0.3816
0.3763
0.3849
0.3698
0.3822
0.3972
0.3664
0.3825
0.3947
0.3727
0.3916
0.3901
0.3922
0.3892
0.3993
0.3976
0.3811
0.3838
0.3969
0.3801
0.3831
0.3756
0.3633
0.3885
0.3944
0.3994
0.3709
0.3771
0.3809
0.3987
0.3702
0.3904
0.3798
0.3788
0.3816
0.3944
0.3781
0.3967
0.3831
0.3937
0.3751
0.3972
0.3683
0.3829
0.3726
0.3982
0.3792
0.3837
0.3839
0.3978
0.3745
0.3971
0.374
0.3779
0.3988
0.3848
0.3886
0.3818
0.3911
0.3975
0.3824
0.3808
0.3958
0.3753
0.3844
0.3524
0.3816
0.3844
0.3888
0.3865
0.3848
0.3806
0.3824
0.3662
0.3787
0.3808
0.3818
0.3794
0.3926
0.3752
0.3989
0.389
0.389
0.3892
0.3814
0.3822
0.3859
0.387
0.3963
0.3969
0.3977
0.374
0.3903
0.3771
0.3815
0.3952
0.3823
0.3981
0.385
0.3863
0.3975
0.3913
0.383
0.3903
0.3653
0.3843
0.3827
0.3964
0.3831
0.3879
0.3729
0.3643
0.383
0.3954
0.3888
0.3982
0.3988
0.3549
0.3829
0.3669
0.3953
0.3651
0.391
0.3694
0.3783
0.3986
0.3895
0.3803
0.381
0.3926
0.389
0.3918
0.3862
0.393
0.386
0.3915
0.3797
0.3819
0.3768
0.3666
0.3706
0.3989
0.377
0.3548
0.3844
0.3867
0.3984
0.3881
0.3823
0.3861
0.3832
0.3857
0.3884
0.3875
0.3814
0.3952
0.3979
0.3962
0.3786
0.367
0.3979
0.3958
0.3815
0.3799
0.3705
0.3891
0.3823
0.3848
0.3807
0.3894
0.3978
0.3988
0.3991
0.3876
0.3845
0.3727
0.3883
0.3778
0.3941
0.3969
0.3691
0.3692
0.3831
0.3959
0.3979
0.3993
0.385
0.367
0.3983
0.373
0.3827
0.3728
0.3874
0.3937
0.3757
0.3743
0.3823
0.3818
0.3677
0.376
0.3953
0.3841
0.3909
0.391
0.3885
0.3803
0.3974
0.3773
0.3985
0.3841
0.3939
0.3787
0.3883
0.3795
0.3664
0.37
0.3752
0.3801
0.3795
0.3977
0.3877
0.3889
0.3995
0.3865
0.3856
0.3746
0.3891
0.3584
0.3887
0.3877
0.3993
0.3677
0.386
0.3922
0.3816
0.3733
0.3752
0.3847
0.383
0.3789
0.3665
0.3962
0.3757
0.3747
0.3684
0.3961
0.3974
0.38
0.3753
0.3924
0.3882
0.3751
0.3916
0.3727
0.3699
0.3985
0.3745
0.3953
0.3882
0.3652
0.3923
0.3955
0.3856
0.3922
0.3728
0.3798
0.3956
0.3821
0.3873
0.3775
0.3774
0.38
0.3871
0.3882
0.3919
0.3726
0.3957
0.3782
0.3841
0.3877
0.3988
0.3625
0.3569
0.3683
0.3892
0.3685
0.3741
0.3864
0.364
0.37
0.3905
0.3887
0.3713
0.3925
0.3974
0.3753
0.3976
0.3753
0.3725
0.3768
0.3686
0.3978
0.3919
0.3814
0.3746
0.3683
0.3849
0.3772
0.3986
0.3749
0.3934
0.3896
0.3885
0.3888
0.3695
0.3976
0.388
0.3926
0.399
0.3772
0.3838
0.3972
0.3666
0.3759
0.3618
0.3588
0.3744
0.3826
0.3847
0.3879
0.3851
0.3916
0.3883
0.3799
0.3861
0.3551
0.3822
0.3828
0.3796
0.3774
0.3794
0.3845
0.3843
0.3871
0.3877
0.3875
0.3986
0.3785
0.3977
0.3608
0.3867
0.3874
0.3973
0.3815
0.3754
0.3799
0.3745
0.3837
0.3728
0.3741
0.3861
0.3861
0.3822
0.3782
0.3824
0.3729
0.3713
0.3991
0.3932
0.3739
0.3806
0.3825
0.3814
0.3759
0.3874
0.3896
0.3816
0.3851
0.3847
0.3917
0.3877
0.3755
0.3988
0.3756
0.3778
0.3898
0.3975
0.3928
0.3787
0.3736
0.3905
0.3786
0.3523
0.3962
0.3865
0.3837
0.3826
0.3984
0.3907
0.3844
0.3807
0.3835
0.3942
0.3788
0.3875
0.3817
0.3796
0.3651
0.387
0.3719
0.3949
0.3965
0.3837
0.379
0.3991
0.3856
0.3702
0.3987
0.3714
0.3838
0.3938
0.3698
0.3804
0.3837
0.3994
0.3975
0.3842
0.3821
0.393
0.3954
0.3833
0.3899
0.389
0.3906
0.3928
0.399
0.3875
0.3432
0.3952
0.38
0.3823
0.3711
0.3942
0.3746
0.3863
0.3962
0.3826
0.3766
0.3742
0.3842
0.367
0.3836
0.3806
0.3695
0.3948
0.3779
0.369
0.3452
0.3974
0.3684
0.3811
0.3831
0.3857
0.3992
0.3815
0.3684
0.3794
0.383
0.3794
0.3973
0.3774
0.3778
0.3987
0.3849
0.3718
0.3727
0.388
0.3869
0.3764
0.3896
0.3976
0.3933
0.3746
0.3881
0.3561
0.3663
0.3705
0.3822
0.3771
0.3889
0.3848
0.3869
0.3866
0.3784
0.3945
0.3931
0.3914
0.3941
0.3929
0.3758
0.3996
0.3593
0.3726
0.382
0.382
0.3806
0.3797
0.3858
0.3678
0.3701
0.3821
0.3809
0.3799
0.3791
0.3741
0.3891
0.3909
0.3837
0.3946
0.3971
0.3825
0.3962
0.3837
0.3742
0.3853
0.3888
0.394
0.3683
0.374
0.3887
0.3949
0.3775
0.3775
0.3923
0.381
0.3794
0.3771
0.3893
0.3994
0.3507
0.3707
0.3694
0.3633
0.3774
0.3974
0.3813
0.3849
0.3867
0.3755
0.3914
0.3871
0.3903
0.3982
0.3884
0.3976
0.3808
0.3935
0.3682
0.3813
0.3957
0.3806
0.3724
0.3873
0.3723
0.3771
0.3807
0.3845
0.3779
0.3805
0.3961
0.3864
0.373
0.3767
0.3779
0.3845
0.3834
0.3908
0.3846
0.374
0.3839
0.3821
0.3903
0.398
0.3833
0.3881
0.3969
0.3622
0.3819
0.3702
0.3626
0.3788
0.3842
0.3957
0.3709
0.3906
0.3978
0.3771
0.3701
0.3771
0.3728
0.3827
0.3625
0.3733
0.3963
0.3894
0.3841
0.3779
0.3687
0.3826
0.395
0.3896
0.396
0.3874
0.3796
0.3962
0.3714
0.3849
0.3709
0.3878
0.3896
0.3736
0.391
0.3744
0.3837
0.3746
0.3661
0.3871
0.374
0.378
0.3775
0.3875
0.3694
0.3983
0.395
0.3975
0.3863
0.3803
0.3969
0.378
0.3793
0.3832
0.3808
0.3713
0.3909
0.3764
0.3902
0.3672
0.3985
0.385
0.3993
0.3719
0.3797
0.393
0.3794
0.3899
0.3982
0.3943
0.3436
0.3762
0.3741
0.3769
0.3904
0.3633
0.3892
0.3833
0.3799
0.3925
0.3736
0.3705
0.3979
0.3772
0.3687
0.3866
0.3741
0.3814
0.3817
0.3774
0.3971
0.3904
0.3971
0.364
0.3723
0.371
0.392
0.3866
0.3686
0.3989
0.387
0.3782
0.3702
0.3675
0.3601
0.3886
0.3955
0.3887
0.3975
0.3949
0.3846
0.3855
0.3987
0.3806
0.3737
0.3847
0.3804
0.3758
0.3741
0.3822
0.3789
0.3732
0.38
0.3981
0.3913
0.3791
0.3583
0.3956
0.3875
0.374
0.3984
0.3556
0.3747
0.3564
0.3851
0.396
0.3624
0.3944
0.3927
0.3812
0.3768
0.3778
0.3697
0.3855
0.392
0.3836
0.3859
0.3984
0.3687
0.369
0.3825
0.3936
0.3837
0.3726
0.3984
0.3771
0.3664
0.3819
0.3942
0.3706
0.362
0.3655
0.3847
0.3978
0.3783
0.3822
0.3961
0.3886
0.3856
0.3775
0.3731
0.3912
0.3851
0.3841
0.3908
0.3994
0.3894
0.3823
0.3809
0.373
0.3843
0.3701
0.3835
0.3825
0.3967
0.3596
0.3921
0.3869
0.3637
0.3822
0.39
0.3992
0.3818
0.3573
0.3972
0.3759
0.3983
0.3768
0.389
0.3772
0.3522
0.387
0.3669
0.3947
0.3974
0.3947
0.3731
0.3927
0.3982
0.3716
0.3813
0.3827
0.3962
0.3885
0.3734
0.3689
0.357
0.3994
0.3978
0.3782
0.3955
0.3864
0.3771
0.397
0.393
0.3973
0.379
0.3794
0.3901
0.3638
0.3831
0.3963
0.3743
0.3853
0.3851
0.3784
0.384
0.3852
0.3766
0.3768
0.3735
0.3987
0.3623
0.3688
0.3868
0.3988
0.3717
0.3882
0.3894
0.3835
0.3815
0.3646
0.3795
0.3782
0.3872
0.3645
0.3909
0.3677
0.3994
0.3799
0.3913
0.3969
0.3921
0.3908
0.3812
0.3825
0.385
0.3934
0.3658
0.3937
0.3783
0.3896
0.3873
0.3668
0.3994
0.3853
0.389
0.3972
0.3875
0.3746
0.3819
0.3746
0.3725
0.3873
0.3953
0.365
0.3685
0.384
0.3961
0.3808
0.396
0.3858
0.3795
0.3869
0.372
0.3787
0.3926
0.3897
0.3642
0.385
0.3666
0.3859
0.3946
0.3949
0.3855
0.3979
0.3946
0.3926
0.3813
0.3816
0.3988
0.3956
0.3988
0.3966
0.3979
0.3788
0.37
0.3835
0.395
0.3992
0.3959
0.3969
0.3979
0.3841
0.3843
0.395
0.3976
0.3908
0.3992
0.3924
0.3901
0.3971
0.3936
0.388
0.3925
0.3949
0.3959
0.3969
0.3997
0.3821
0.394
0.3875
0.3909
0.3969
0.3916
0.3888
0.3945
0.3913
0.3911
0.3863
0.3816
0.3881
0.3897
0.3949
0.3876
0.3856
0.3953
0.3945
0.3953
0.3909
0.3928
0.3981
0.3931
0.3964
0.3983
0.3992
0.3965
0.3993
0.3861
0.3932
0.3899
0.3946
0.3703
0.3949
0.3947
0.3963
0.3827
0.3968
0.3706
0.3923
0.3888
0.393
0.3982
0.382
0.3904
0.3974
0.3966
0.399
0.3946
0.3987
0.3981
0.3958
0.3969
0.3972
0.3962
0.3959
0.396
0.3722
0.3981
0.3894
0.3939
0.3954
0.3949
0.3934
0.3955
0.3871
0.3785
0.3979
0.3894
0.3969
0.399
0.3854
0.3977
0.3805
0.3843
0.3929
0.3827
0.3972
0.3965
0.3862
0.3779
0.3893
0.3942
0.389
0.3971
0.3907
0.3899
0.397
0.3984
0.3951
0.3957
0.3982
0.3964
0.3931
0.3853
0.3985
0.3957
0.397
0.3936
0.3869
0.388
0.386
0.3991
0.3925
0.3851
0.388
0.3957
0.3981
0.3939
0.3984
0.3981
0.3991
0.3941
0.3969
0.3974
0.3954
0.3919
0.3883
0.3968
0.395
0.3849
0.3969
0.3987
0.3973
0.3981
0.3931
0.3936
0.3953
0.3883
0.3961
0.3959
0.3964
0.3983
0.3973
0.3969
0.3969
0.3798
0.3978
0.3828
0.3917
0.3996
0.3872
0.3975
0.3726
0.3977
0.3896
0.3863
0.389
0.3952
0.3835
0.398
0.3922
0.3816
0.3989
0.3917
0.3939
0.3916
0.3811
0.3964
0.3886
0.3972
0.3963
0.3982
0.3947
0.3974
0.3983
0.3986
0.3976
0.3966
0.3969
0.3989
0.394
0.3955
0.3973
0.3953
0.3984
0.371
0.3828
0.3959
0.3946
0.398
0.3865
0.3981
0.39
0.3964
0.3987
0.3971
0.3978
0.3972
0.3989
0.3985
0.393
0.3778
0.3974
0.3887
0.3917
0.3952
0.3916
0.398
0.3968
0.3986
0.3757
0.3891
0.3966
0.3995
0.3847
0.3946
0.397
0.3894
0.3959
0.3974
0.3916
0.3969
0.3986
0.3977
0.3989
0.3677
0.397
0.3943
0.3962
0.3876
0.3981
0.3926
0.3966
0.3898
0.3974
0.3907
0.3987
0.3986
0.3976
0.3964
0.3978
0.3957
0.3966
0.3934
0.3819
0.3992
0.3921
0.3946
0.3984
0.3968
0.3899
0.391
0.3862
0.3969
0.3998
0.3931
0.398
0.3904
0.3981
0.3913
0.3964
0.3952
0.3973
0.3666
0.3978
0.3962
0.3979
0.3968
0.3833
0.3998
0.3984
0.383
0.3873
0.3972
0.3841
0.3912
0.3958
0.3929
0.3984
0.3978
0.3945
0.3772
0.3911
0.3957
0.3889
0.399
0.3937
0.3973
0.399
0.3922
0.395
0.3994
0.3973
0.3958
0.3905
0.3992
0.3956
0.3812
0.3981
0.3996
0.3968
0.3987
0.3948
0.396
0.3987
0.396
0.3935
0.3976
0.3984
0.3833
0.3892
0.3902
0.3987
0.3833
0.3968
0.3969
0.3954
0.3961
0.384
0.3889
0.3941
0.3924
0.397
0.3985
0.3857
0.3963
0.3973
0.3994
0.3994
0.3947
0.3786
0.3991
0.3973
0.3958
0.3986
0.3751
0.3669
0.3995
0.3711
0.3988
0.3977
0.3891
0.3944
0.3974
0.3972
0.3936
0.3916
0.3859
0.3944
0.3961
0.3968
0.3956
0.3848
0.3859
0.3989
0.3904
0.4
0.3916
0.398
0.3848
0.3952
0.3975
0.3983
0.3904
0.3616
0.3925
0.3973
0.388
0.3985
0.3973
0.3979
0.397
0.3959
0.3976
0.3981
0.3969
0.3965
0.3942
0.396
0.39
0.3951
0.3796
0.3964
0.3851
0.3976
0.3941
0.3943
0.3923
0.3894
0.3864
0.3998
0.3982
0.3972
0.3947
0.3959
0.3986
0.3987
0.3997
0.3839
0.3974
0.3983
0.3991
0.382
0.3978
0.3713
0.3981
0.3982
0.3983
0.3832
0.3955
0.3917
0.3818
0.3886
0.3867
0.3952
0.3993
0.3996
0.3886
0.3907
0.3992
0.3978
0.3858
0.3995
0.3917
0.3991
0.3945
0.3883
0.3981
0.3975
0.3991
0.398
0.3902
0.3976
0.3914
0.3977
0.3861
0.3936
0.3833
0.3775
0.3996
0.386
0.3962
0.3979
0.3908
0.3865
0.393
0.3914
0.3966
0.3976
0.3994
0.3944
0.384
0.3929
0.3957
0.3971
0.3888
0.3968
0.3953
0.394
0.3882
0.3957
0.3951
0.398
0.3992
0.399
0.3934
0.3911
0.3952
0.3972
0.3979
0.3938
0.3935
0.3976
0.3921
0.3912
0.397
0.3987
0.3994
0.3949
0.3992
0.3909
0.3977
0.3927
0.3895
0.3987
0.3974
0.3984
0.3814
0.396
0.3896
0.3995
0.3709
0.3934
0.3967
0.3872
0.3945
0.3968
0.399
0.3947
0.3916
0.3867
0.3956
0.3961
0.3993
0.3918
0.3961
0.3989
0.3989
0.3989
0.3801
0.3925
0.3976
0.3963
0.393
0.3905
0.3969
0.3944
0.3985
0.3983
0.3676
0.3969
0.3959
0.3954
0.3791
0.3992
0.397
0.3914
0.3946
0.3881
0.3856
0.3954
0.3876
0.3903
0.397
0.3885
0.3969
0.3996
0.3932
0.3988
0.3848
0.3943
0.3902
0.3989
0.3939
0.399
0.3992
0.3888
0.3933
0.3964
0.3934
0.3928
0.3958
0.3964
0.3856
0.3965
0.3755
0.3844
0.3941
0.3834
0.396
0.399
0.3862
0.3963
0.3967
0.3765
0.388
0.3662
0.3654
0.3683
0.3962
0.3919
0.3983
0.3851
0.3991
0.3953
0.3959
0.3924
0.3957
0.3983
0.3924
0.3976
0.3941
0.3991
0.3942
0.3885
0.3994
0.3938
0.3964
0.3893
0.3913
0.386
0.3766
0.3873
0.3968
0.3916
0.3897
0.3991
0.3899
0.3889
0.3894
0.3978
0.3971
0.3874
0.3952
0.3972
0.3982
0.3895
0.3993
0.3979
0.3879
0.381
0.3934
0.3869
0.3837
0.377
0.3978
0.397
0.3943
0.3938
0.3979
0.3996
0.3514
0.3989
0.397
0.394
0.3823
0.3971
0.389
0.3947
0.3856
0.3951
0.3957
0.3991
0.3991
0.3986
0.3913
0.3987
0.3928
0.3968
0.3847
0.382
0.3971
0.3936
0.3799
0.3977
0.3937
0.3917
0.3824
0.3977
0.397
0.3956
0.3977
0.3986
0.376
0.3849
0.3823
0.392
0.385
0.3962
0.3978
0.3959
0.3976
0.3955
0.3951
0.3947
0.3931
0.3869
0.3983
0.3644
0.399
0.3821
0.3862
0.3848
0.3947
0.3965
0.3763
0.3925
0.3994
0.3863
0.3689
0.3972
0.3883
0.3841
0.3699
0.396
0.3978
0.3981
0.3837
0.396
0.3858
0.3981
0.3982
0.3938
0.3977
0.3965
0.3954
0.3968
0.3954
0.3948
0.3966
0.3883
0.3974
0.3927
0.3953
0.3839
0.3903
0.3956
0.3782
0.3959
0.3832
0.3776
0.3954
0.3858
0.3886
0.3993
0.3993
0.3892
0.3981
0.3918
0.3957
0.3923
0.3781
0.3987
0.3965
0.3989
0.3991
0.3972
0.3884
0.3973
0.3982
0.3971
0.3988
0.3976
0.394
0.3979
0.3967
0.3974
0.3977
0.398
0.3905
0.3936
0.3846
0.3968
0.3896
0.3781
0.397
0.3973
0.3872
0.3974
0.3962
0.398
0.3978
0.3958
0.3928
0.3803
0.373
0.3943
0.3851
0.3834
0.3977
0.3938
0.3974
0.3976
0.3913
0.3922
0.3951
0.3912
0.3969
0.3997
0.3867
0.3858
0.3891
0.386
0.396
0.3936
0.392
0.3966
0.3956
0.3997
0.3863
0.3957
0.3965
0.3975
0.3952
0.3959
0.3942
0.3833
0.3966
0.3829
0.3987
0.3879
0.387
0.399
0.396
0.3915
0.391
0.3932
0.3972
0.3951
0.3963
0.3965
0.385
0.3792
0.3984
0.3985
0.3956
0.3986
0.3829
0.397
0.3983
0.3995
0.3988
0.3971
0.3953
0.3868
0.3979
0.3993
0.3845
0.3973
0.3945
0.3925
0.398
0.3977
0.3988
0.3954
0.3946
0.3952
0.3951
0.384
0.3981
0.3935
0.3926
0.3976
0.3843
0.394
0.3971
0.3976
0.3957
0.3975
0.3797
0.399
0.3957
0.3972
0.3985
0.3979
0.3991
0.378
0.3992
0.397
0.3857
0.3978
0.3965
0.3777
0.3965
0.3984
0.3903
0.3939
0.3958
0.3946
0.3911
0.3988
0.399
0.3861
0.3969
0.3993
0.3988
0.3948
0.3892
0.3714
0.3721
0.3971
0.3623
0.3952
0.399
0.3984
0.367
0.3887
0.3987
0.3891
0.3955
0.3991
0.3965
0.3902
0.3973
0.3905
0.3593
0.3985
0.3982
0.3992
0.398
0.3911
0.3905
0.3982
0.3882
0.3939
0.3923
0.3981
0.3962
0.3946
0.3982
0.3937
0.3979
0.3885
0.3988
0.3755
0.3844
0.3847
0.3938
0.399
0.4
0.3974
0.3991
0.3796
0.3893
0.3981
0.3903
0.3928
0.3964
0.3953
0.3929
0.3877
0.398
0.398
0.3963
0.3868
0.3983
0.3976
0.3992
0.3978
0.397
0.3979
0.3981
0.3821
0.3992
0.3914
0.399
0.3911
0.3659
0.3924
0.3822
0.3885
0.3844
0.3962
0.3972
0.3962
0.3883
0.397
0.3989
0.3934
0.3988
0.3987
0.3937
0.3965
0.3961
0.389
0.3758
0.3962
0.3982
0.3849
0.3943
0.3977
0.3984
0.3979
0.3953
0.3795
0.3984
0.3965
0.3974
0.3959
0.3731
NA
NA
NA
NA
NA
NA
NA
NA
NA
NA
NA
NA
NA
NA
NA
NA
NA
NA
NA
NA
NA
NA
NA
NA
NA
NA
NA
NA
NA
NA
NA
NA
NA
NA
NA
NA
NA
NA
NA
NA
NA
NA
NA
NA
NA
NA
NA
NA
NA
NA
NA
NA
NA
NA
NA
NA
NA
NA
NA
NA
NA
NA
NA
NA
NA
NA
NA
NA
NA
NA
NA
NA
NA
NA
NA
NA
NA
NA
NA
NA
NA
NA
NA
NA
NA
NA
NA
NA
NA
NA
NA
NA
NA
NA
NA
NA
NA
NA
NA
NA
NA
NA
NA
NA
NA
NA
NA
NA
NA
NA
NA
NA
NA
NA
NA
NA
NA
NA
NA
NA
NA
NA
NA
NA
NA
NA
NA
NA
NA
NA
NA
NA
NA
NA
NA
NA
NA
NA
NA
NA
NA
NA
NA
NA
NA
NA
NA
NA
NA
NA
NA
NA
NA
NA
NA
NA
NA
NA
NA
NA
NA
NA
NA
NA
NA
NA
NA
NA
NA
NA
NA
NA
NA
NA
NA
NA
NA
NA
NA
NA
NA
NA
NA
NA
NA
NA
NA
NA
NA
NA
NA
NA
NA
NA
NA
NA
NA
NA
NA
NA
NA
NA
NA
NA
NA
NA
NA
NA
NA
NA
NA
NA
NA
NA
NA
NA
NA
NA
NA
NA
NA
NA
NA
NA
NA
NA
NA
NA
NA
NA
NA
NA
NA
NA
NA
NA
NA
NA
NA
NA
NA
NA
NA
NA
NA
NA
NA
NA
NA
NA
NA
NA
NA
NA
NA
NA
NA
NA
NA
NA
NA
NA
NA
NA
NA
NA
NA
NA
NA
NA
NA
NA
NA
NA
NA
NA
NA
NA
NA
NA
NA
NA
NA
NA
NA
NA
NA
NA
NA
NA
NA
NA
NA
NA
NA
NA
NA
NA
NA
NA
NA
NA
NA
NA
NA
NA
NA
NA
NA
NA
NA
NA
NA
NA
NA
NA
NA
NA
NA
NA
NA
NA
NA
NA
NA
NA
NA
NA
NA
NA
NA
NA
NA
NA
NA
NA
NA
NA
NA
NA
NA
NA
NA
NA
NA
NA
NA
NA
NA
NA
NA
NA
NA
NA
NA
NA
NA
NA
NA
NA
NA
NA
NA
NA
NA
NA
NA
NA
NA
NA
NA
NA
NA
NA
NA
NA
NA
NA
NA
NA
NA
NA
NA
NA
NA
NA
NA
NA
NA
NA
NA
NA
NA
NA
NA
NA
NA
NA
NA
NA
NA
NA
NA
NA
NA
NA
NA
NA
NA
NA
NA
NA
NA
NA
NA
NA
NA
NA
NA
NA
NA
NA
NA
NA
NA
NA
NA
NA
NA
NA
NA
NA
NA
NA
NA
NA
NA
NA
NA
NA
NA
NA
NA
NA
NA
NA
NA
NA
NA
NA
NA
NA
NA
NA
NA
NA
NA
NA
NA
NA
NA
NA
NA
NA
NA
NA
NA
NA
NA
NA
NA
NA
NA
NA
NA
NA
NA
NA
NA
NA
NA
NA
NA
NA
NA
NA
NA
NA
NA
NA
NA
NA
NA
NA
NA
NA
NA
NA
NA
NA
NA
NA
NA
NA
NA
NA
NA
NA
NA
NA
NA
NA
NA
NA
NA
NA
NA
NA
NA
NA
NA
NA
NA
NA
NA
NA
NA
NA
NA
NA
NA
NA
NA
NA
NA
NA
NA
NA
NA
NA
NA
NA
NA
NA
NA
NA
NA
NA
NA
NA
NA
NA
NA
NA
NA
NA
NA
NA
NA
NA
NA
NA
NA
NA
NA
NA
NA
NA
NA
NA
NA
NA
NA
NA
NA
NA
NA
NA
NA
NA
NA
NA
NA
NA
NA
NA
NA
NA
NA
NA
NA
NA
NA
NA
NA
NA
NA
NA
NA
NA
NA
NA
NA
NA
NA
NA
NA
NA
NA
NA
NA
NA
NA
NA
NA
NA
NA
NA
NA
NA
NA
NA
NA
NA
NA
NA
NA
NA
NA
NA
NA
NA
NA
NA
NA
NA
NA
NA
NA
NA
NA
NA
NA
NA
NA
NA
NA
NA
NA
NA
NA
NA
NA
NA
NA
NA
NA
NA
NA
NA
NA
NA
NA
NA
NA
NA
NA
NA
NA
NA
NA
NA
NA
NA
NA
NA
NA
NA
NA
NA
NA
NA
NA
NA
NA
NA
NA
NA
NA
NA
NA
NA
NA
NA
NA
NA
NA
NA
NA
NA
NA
NA
NA
NA
NA
NA
NA
NA
NA
NA
NA
NA
NA
NA
NA
NA
NA
NA
NA
NA
NA
NA
NA
NA
NA
NA
NA
NA
NA
NA
NA
NA
NA
NA
NA
NA
NA
NA
NA
NA
NA
NA
NA
NA
NA
NA
NA
NA
NA
NA
NA
NA
NA
NA
NA
NA
NA
NA
NA
NA
NA
NA
NA
NA
NA
NA
NA
NA
NA
NA
NA
NA
NA
NA
NA
NA
NA
NA
NA
NA
NA
NA
NA
NA
NA
NA
NA
NA
NA
NA
NA
NA
NA
NA
NA
NA
NA
NA
NA
NA
NA
NA
NA
NA
NA
NA
NA
NA
NA
NA
NA
NA
NA
NA
NA
NA
NA
NA
NA
NA
NA
NA
NA
NA
NA
NA
NA
NA
NA
NA
NA
NA
NA
NA
NA
NA
NA
NA
NA
NA
NA
NA
NA
NA
NA
NA
NA
NA
NA
NA
NA
NA
NA
NA
NA
NA
NA
NA
NA
NA
NA
NA
NA
NA
NA
NA
NA
NA
NA
NA
NA
NA
NA
NA
NA
NA
NA
NA
NA
NA
NA
NA
NA
NA
NA
NA
NA
NA
NA
NA
NA
NA
NA
NA
NA
NA
NA
NA
NA
NA
NA
NA
NA
NA
NA
NA
NA
NA
NA
NA
NA
NA
NA
NA
NA
NA
NA
NA
NA
NA
NA
NA
NA
NA
NA
NA
NA
NA
NA
NA
NA
NA
NA
NA
NA
NA
NA
NA
NA
NA
NA
NA
NA
NA
NA
NA
NA
NA
NA
NA
NA
NA
NA
NA
NA
NA
NA
NA
NA
NA
NA
NA
NA
NA
NA
NA
NA
NA
NA
NA
NA
NA
NA
NA
NA
NA
NA
NA
NA
NA
NA
NA
NA
NA
NA
NA
NA
NA
NA
NA
NA
NA
NA
NA
NA
NA
NA
NA
NA
NA
NA
NA
NA
NA
NA
NA
NA
NA
NA
NA
NA
NA
NA
NA
NA
NA
NA
NA
NA
NA
NA
NA
NA
NA
NA
NA
NA
NA
NA
NA
NA
NA
NA
NA
NA
NA
NA
NA
NA
NA
NA
NA
NA
NA
NA
NA
NA
NA
NA
NA
NA
NA
NA
NA
NA
NA
NA
NA
NA
NA
NA
NA
NA
NA
NA
NA
NA
NA
NA
NA
NA
NA
NA
NA
NA
NA
NA
NA
NA
NA
NA
NA
NA
NA
NA
NA
NA
NA
NA
NA
NA
NA
NA
NA
NA
NA
NA
NA
NA
NA
NA
NA
NA
NA
NA
NA
NA
NA
NA
NA
NA
NA
NA
NA
NA
NA
NA
NA
NA
NA
NA
NA
NA
NA
NA
NA
NA
NA
NA
NA
NA
NA
NA
NA
NA
NA
NA
NA
NA
NA
NA
NA
NA
NA
NA
NA
NA
NA
NA
NA
NA
NA
NA
NA
NA
NA
NA
NA
NA
NA
NA
NA
NA
NA
NA
NA
NA
NA
NA
NA
NA
NA
NA
NA
NA
NA
NA
NA
NA
NA
NA
NA
NA
NA
NA
NA
NA
NA
NA
NA
NA
NA
NA
NA
NA
NA
NA
NA
NA
NA
NA
NA
NA
NA
NA
NA
NA
NA
NA
NA
NA
NA
NA
NA
NA
NA
NA
NA
NA
NA
NA
NA
NA
NA
NA
NA
NA
NA
NA
NA
NA
NA
NA
NA
NA
NA
NA
NA
NA
NA
NA
NA
NA
NA
NA
NA
NA
NA
NA
NA
NA
NA
NA
NA
NA
NA
NA
NA
NA
NA
NA
NA
NA
NA
NA
NA
NA
NA
NA
NA
NA
NA
NA
NA
NA
NA
NA
NA
NA
NA
NA
NA
NA
NA
NA
NA
NA
NA
NA
NA
NA
NA
NA
NA
NA
NA
NA
NA
NA
NA
NA
NA
NA
NA
NA
NA
NA
NA
NA
NA
NA
NA
NA
NA
NA
NA
NA
NA
NA
NA
NA
NA
NA
NA
NA
NA
NA
NA
NA
NA
NA
NA
NA
NA
NA
NA
NA
NA
NA
NA
NA
NA
NA
NA
NA
NA
NA
NA
NA
NA
NA
NA
NA
NA
NA
NA
NA
NA
NA
NA
NA
NA
NA
NA
NA
NA
NA
NA
NA
NA
NA
NA
NA
NA
NA
NA
NA
NA
NA
NA
NA
NA
NA
NA
NA
NA
NA
NA
NA
NA
NA
NA
NA
NA
NA
NA
NA
NA
NA
NA
NA
NA
NA
NA
NA
NA
NA
NA
NA
NA
NA
NA
NA
NA
NA
NA
NA
NA
NA
NA
NA
NA
NA
NA
NA
NA
NA
NA
NA
NA
NA
NA
NA
NA
NA
NA
NA
NA
NA
NA
NA
NA
NA
NA
NA
NA
NA
NA
NA
NA
NA
NA
NA
NA
NA
NA
NA
NA
NA
NA
NA
NA
NA
NA
NA
NA
NA
NA
NA
NA
NA
NA
NA
NA
NA
NA
NA
NA
NA
NA
NA
NA
NA
NA
NA
NA
NA
NA
NA
NA
NA
NA
NA
NA
NA
NA
NA
NA
NA
NA
NA
NA
NA
NA
NA
NA
NA
NA
NA
NA
NA
NA
NA
NA
NA
NA
NA
NA
NA
NA
NA
NA
NA
NA
NA
NA
NA
NA
NA
NA
NA
NA
NA
NA
NA
NA
NA
NA
NA
NA
NA
NA
NA
NA
NA
NA
NA
NA
NA
NA
NA
NA
NA
NA
NA
NA
NA
NA
NA
NA
NA
NA
NA
NA
NA
NA
NA
NA
NA
NA
NA
NA
NA
NA
NA
NA
NA
NA
NA
NA
NA
NA
NA
NA
NA
NA
NA
NA
NA
NA
NA
NA
NA
NA
NA
NA
NA
NA
NA
NA
NA
NA
NA
NA
NA
NA
NA
NA
NA
NA
NA
NA
NA
NA
NA
NA
NA
NA
NA
NA
NA
NA
NA
NA
NA
NA
NA
NA
NA
NA
NA
NA
NA
NA
NA
NA
NA
NA
NA
NA
NA
NA
NA
NA
NA
NA
NA
NA
NA
NA
NA
NA
NA
NA
NA
NA
NA
NA
NA
NA
NA
NA
NA
NA
NA
NA
NA
NA
NA
NA
NA
NA
NA
NA
NA
NA
NA
NA
NA
NA
NA
NA
NA
NA
NA
NA
NA
NA
NA
NA
NA
NA
NA
NA
NA
NA
NA
NA
NA
NA
NA
NA
NA
NA
NA
NA
NA
NA
NA
NA
NA
NA
NA
NA
NA
NA
NA
NA
NA
NA
NA
NA
NA
NA
NA
NA
NA
NA
NA
NA
NA
NA
NA
NA
NA
NA
NA
NA
NA
NA
NA
NA
NA
NA
NA
NA
NA
NA
NA
NA
NA
NA
NA
NA
NA
NA
NA
NA
NA
NA
NA
NA
NA
NA
NA
NA
NA
NA
NA
NA
NA
NA
NA
NA
NA
NA
NA
NA
NA
NA
NA
NA
NA
NA
NA
NA
NA
NA
NA
NA
NA
NA
NA
NA
NA
NA
NA
NA
NA
NA
NA
NA
NA
NA
NA
NA
NA
NA
NA
NA
NA
NA
NA
NA
NA
NA
NA
NA
NA
NA
NA
NA
NA
NA
NA
NA
NA
NA
NA
NA
NA
NA
NA
NA
NA
NA
NA
NA
NA
NA
NA
NA
NA
NA
NA
NA
NA
NA
NA
NA
NA
NA
NA
NA
NA
NA
NA
NA
NA
NA
NA
NA
NA
NA
NA
NA
NA
NA
NA
NA
NA
NA
NA
NA
NA
NA
NA
NA
NA
NA
NA
NA
NA
NA
NA
NA
NA
NA
NA
NA
NA
NA
NA
NA
NA
NA
NA
NA
NA
NA
NA
NA
NA
NA
NA
NA
NA
NA
NA
NA
NA
NA
NA
NA
NA
NA
NA
NA
NA
NA
NA
NA
NA
NA
NA
NA
NA
NA
NA
NA
NA
NA
NA
NA
NA
NA
NA
NA
NA
NA
NA
NA
NA
NA
NA
NA
NA
NA
NA
NA
NA
NA
NA
NA
NA
NA
NA
NA
NA
NA
NA
NA
NA
NA
NA
NA
NA
NA
NA
NA
NA
NA
NA
NA
NA
NA
NA
NA
NA
NA
NA
NA
NA
NA
NA
NA
NA
NA
NA
NA
NA
NA
NA
NA
NA
NA
NA
NA
NA
NA
NA
NA
NA
NA
NA
NA
NA
NA
NA
NA
NA
NA
NA
NA
NA
NA
NA
NA
NA
NA
NA
NA
NA
NA
NA
NA
NA
NA
NA
NA
NA
NA
NA
NA
NA
NA
NA
NA
NA
NA
NA
NA
NA
NA
NA
NA
NA
NA
NA
NA
NA
NA
NA
NA
NA
NA
NA
NA
NA
NA
NA
NA
NA
NA
NA
NA
NA
NA
NA
NA
NA
NA
NA
NA
NA
NA
NA
NA
NA
NA
NA
NA
NA
NA
NA
NA
NA
NA
NA
NA
NA
NA
NA
NA
NA
NA
NA
NA
NA
NA
NA
NA
NA
NA
NA
NA
NA
NA
NA
NA
NA
NA
NA
NA
NA
NA
NA
NA
NA
NA
NA
NA
NA
NA
NA
NA
NA
NA
NA
NA
NA
NA
NA
NA
NA
NA
NA
NA
NA
NA
NA
NA
NA
NA
NA
NA
NA
NA
NA
NA
NA
NA
NA
NA
NA
NA
NA
NA
NA
NA
NA
NA
NA
NA
NA
NA
NA
NA
NA
NA
NA
NA
NA
NA
NA
NA
NA
NA
NA
NA
NA
NA
NA
NA
NA
NA
NA
NA
NA
NA
NA
NA
NA
NA
NA
NA
NA
NA
NA
NA
NA
NA
NA
NA
NA
NA
NA
NA
NA
NA
NA
NA
NA
NA
NA
NA
NA
NA
NA
NA
NA
NA
NA
NA
NA
NA
NA
NA
NA
NA
NA
NA
NA
NA
NA
NA
NA
NA
NA
NA
NA
NA
NA
NA
NA
NA
NA
NA
NA
NA
NA
NA
NA
NA
NA
NA
NA
NA
NA
NA
NA
NA
NA
NA
NA
NA
NA
NA
NA
NA
NA
NA
NA
NA
NA
NA
NA
NA
NA
NA
NA
NA
NA
NA
NA
NA
NA
NA
NA
NA
NA
NA
NA
NA
NA
NA
NA
NA
NA
NA
NA
NA
NA
NA
NA
NA
NA
NA
NA
NA
NA
NA
NA
NA
NA
NA
NA
NA
NA
NA
NA
NA
NA
NA
NA
NA
NA
NA
NA
NA
NA
NA
NA
NA
NA
NA
NA
NA
NA
NA
NA
NA
NA
NA
NA
NA
NA
NA
NA
NA
NA
NA
NA
NA
NA
NA
NA
NA
NA
NA
NA
NA
NA
NA
NA
NA
NA
NA
NA
NA
NA
NA
NA
NA
NA
NA
NA
NA
NA
NA
NA
NA
NA
NA
NA
NA
NA
NA
NA
NA
NA
NA
NA
NA
NA
NA
NA
NA
NA
NA
NA
NA
NA
NA
NA
NA
NA
NA
NA
NA
NA
NA
NA
NA
NA
NA
NA
NA
NA
NA
NA
NA
NA
NA
NA
NA
NA
NA
NA
NA
NA
NA
NA
NA
NA
NA
NA
NA
NA
NA
NA
NA
NA
NA
NA
NA
NA
NA
NA
NA
NA
NA
NA
NA
NA
NA
NA
NA
NA
NA
NA
NA
NA
NA
NA
NA
NA
NA
NA
NA
NA
NA
NA
NA
NA
NA
NA
NA
NA
NA
NA
NA
NA
NA
NA
NA
NA
NA
NA
NA
NA
NA
NA
NA
NA
NA
NA
NA
NA
NA
NA
NA
NA
NA
NA
NA
NA
NA
NA
NA
NA
NA
NA
NA
NA
NA
NA
NA
NA
NA
NA
NA
NA
NA
NA
NA
NA
NA
NA
NA
NA
NA
NA
NA
NA
NA
NA
NA
NA
NA
NA
NA
NA
NA
NA
NA
NA
NA
NA
NA
NA
NA
NA
NA
NA
NA
NA
NA
NA
NA
NA
NA
NA
NA
NA
NA
NA
NA
NA
NA
NA
NA
NA
NA
NA
NA
NA
NA
NA
NA
NA
NA
NA
NA
NA
NA
NA
NA
NA
NA
NA
NA
NA
NA
NA
NA
NA
NA
NA
NA
NA
NA
NA
NA
NA
NA
NA
NA
NA
NA
NA
NA
NA
NA
NA
NA
NA
NA
NA
NA
NA
NA
NA
NA
NA
NA
NA
NA
NA
NA
NA
NA
NA
NA
NA
NA
NA
NA
NA
NA
NA
NA
NA
NA
NA
NA
NA
NA
NA
NA
NA
NA
NA
NA
NA
NA
NA
NA
NA
NA
NA
NA
NA
NA
NA
NA
NA
NA
NA
NA
NA
NA
NA
NA
NA
NA
NA
NA
NA
NA
NA
NA
NA
NA
NA
NA
NA
NA
NA
NA
NA
NA
NA
NA
NA
NA
NA
NA
NA
NA
NA
NA
NA
NA
NA
NA
NA
NA
NA
NA
NA
NA
NA
NA
NA
NA
NA
NA
NA
NA
NA
NA
NA
NA
NA
NA
NA
NA
NA
NA
NA
NA
NA
NA
NA
NA
NA
NA
NA
NA
NA
NA
NA
NA
NA
NA
NA
NA
NA
NA
NA
NA
NA
NA
NA
NA
NA
NA
NA
NA
NA
NA
NA
NA
NA
NA
NA
NA
NA
NA
NA
NA
NA
NA
NA
NA
NA
NA
NA
NA
NA
NA
NA
NA
NA
NA
NA
NA
NA
NA
NA
NA
NA
NA
NA
NA
NA
NA
NA
NA
NA
NA
NA
NA
NA
NA
NA
NA
NA
NA
NA
NA
NA
NA
NA
NA
NA
NA
NA
NA
NA
NA
NA
NA
NA
NA
NA
NA
NA
NA
NA
NA
NA
NA
NA
NA
NA
NA
NA
NA
NA
NA
NA
NA
NA
NA
NA
NA
NA
NA
NA
NA
NA
NA
NA
NA
NA
NA
NA
NA
NA
NA
NA
NA
NA
NA
NA
NA
NA
NA
NA
NA
NA
NA
NA
NA
NA
NA
NA
NA
NA
NA
NA
NA
NA
NA
NA
NA
NA
NA
NA
NA
NA
NA
NA
NA
NA
NA
NA
NA
NA
NA
NA
NA
NA
NA
NA
NA
NA
NA
NA
NA
NA
NA
NA
NA
NA
NA
NA
NA
NA
NA
NA
NA
NA
NA
NA
NA
NA
NA
NA
NA
NA
NA
NA
NA
NA
NA
NA
NA
NA
NA
NA
NA
NA
NA
NA
NA
NA
NA
NA
NA
NA
NA
NA
NA
NA
NA
NA
NA
NA
NA
NA
NA
NA
NA
NA
NA
NA
NA
NA
NA
NA
NA
NA
NA
NA
NA
NA
NA
NA
NA
NA
NA
NA
NA
NA
NA
NA
NA
NA
NA
NA
NA
NA
NA
NA
NA
NA
NA
0.4932
0.3333
0.2927
0.5254
0.3372
0.375
0.4638
0.6197
0.3714
0.2874
0.2738
0.2927
0.5811
0.3243
0.5357
0.75
0.5059
0.5455
0.1404
0.425
0.3837
0.4615
0.4937
0.6486
0.4
0.3521
0.3763
0.2895
0.6111
0.3956
0.4487
0.5467
0.4253
0.2941
0.3286
0.375
0.4103
0.25
0.8028
0.3929
0.3451
0.4
0.2353
0.44
0.5679
0.5211
0.4198
0.2778
0.6049
0.3205
0.3558
0.2258
0.4466
0.5658
0.3662
0.3187
0.4133
0.3721
0.494
0.4026
0.2747
0.5139
0.4505
0.2143
0.2222
0.2903
0.4688
0.2796
0.4024
0.358
0.3875
0.5075
0.3699
0.271
0.375
0.8852
0.3373
0.6753
0.378
0.7258
0.5488
0.2255
0.4722
0.3368
0.3333
0.4583
0.3733
0.5714
0.2796
0.4138
0.493
0.4125
0.3511
0.4186
0.2093
0.2625
0.55
0.4706
0.443
0.5584
0.5522
0.3378
0.3768
0.6981
0.3511
0.3846
0.2738
0.4396
0.4
0.55
0.3421
0.4444
0.5733
0.4776
0.4045
0.3902
0.2812
0.5125
0.4762
0.3086
0.3218
0.3023
0.3611
0.2442
0.2703
0.3797
0.3571
0.4839
0.3247
0.2727
0.5526
0.3043
0.3133
0.7692
0.5854
0.2222
0.301
0.3506
0.4353
0.5493
0.5507
0.23
0.358
0.3333
0.3222
0.5059
0.4605
0.375
0.4103
0.4054
0.219
0.3605
0.3263
0.3837
0.4505
0.3646
0.4731
0.3103
0.3111
0.3488
0.3014
0.4444
0.3469
0.3625
0.398
0.375
0.3934
0.4409
0.3056
0.378
0.2842
0.45
0.3867
0.3067
0.241
0.36
0.425
0.6212
0.25
0.3537
0.8136
0.2727
0.4231
0.2947
0.4571
0.4416
0.4337
0.3889
0.3947
0.2655
0.5217
0.6607
0.2526
0.4186
0.6212
0.3908
0.4937
0.3034
0.5143
0.3256
0.4875
0.3913
0.4348
0.3068
0.2234
0.3483
0.236
0.1795
0.3733
0.2593
0.2809
0.4368
0.2277
0.4333
0.4932
0.4918
0.3973
0.407
0.3684
0.3521
0.4691
0.3913
0.4762
0.5507
0.3243
0.4103
0.2571
0.2895
0.2613
0.6032
0.2644
0.3564
0.1604
0.3579
0.5
0.4691
0.4023
0.1744
0.3
0.2136
0.3605
0.4286
0.3684
0.5
0.4528
0.3218
0.4853
0.2653
0.3766
0.2614
0.4028
0.4605
0.4203
0.3034
0.44
0.9636
0.2727
0.3793
0.2316
0.3659
0.2584
0.2268
0.4
0.3571
0.2021
0.3333
0.3404
0.3038
0.3086
0.2899
0.4722
0.4535
0.3059
0.3684
0.3523
0.2037
0.4925
0.2911
0.3704
0.2222
0.3448
0.4556
0.3611
0.303
0.2289
0.4066
0.25
0.3816
0.3191
0.4267
0.26
0.2842
0.3889
0.3768
0.3297
0.2466
0.4925
0.3875
0.4545
0.3953
0.4714
0.4286
0.3556
0.3875
0.3562
0.2177
0.375
0.4713
0.3951
0.3452
0.5732
0.6203
0.3265
0.3103
0.5672
0.2299
0.3194
0.3671
0.5513
0.3333
0.3614
0.3299
0.4267
0.3855
0.2673
0.3778
0.3836
0.3571
0.2899
0.3662
0.4405
0.2165
0.1224
0.2255
0.1957
0.2625
0.2706
0.4205
0.4222
0.6026
0.3218
0.3855
0.268
0.407
0.4133
0.2128
0.3176
0.4773
0.3784
0.4048
0.4184
0.3667
0.4948
0.3671
0.337
0.4875
0.4375
0.5114
0.1848
0.4091
0.4778
0.266
0.2043
0.5224
0.2844
0.7333
0.4118
0.2093
0.439
0.2316
0.2717
0.4752
0.5072
0.3205
0.3846
0.3529
0.7818
0.3871
0.2143
0.3488
0.2597
0.2644
0.3889
0.3919
0.29
0.3793
0.2069
0.4842
0.3333
0.3
0.2857
0.2747
0.4321
0.5513
0.8246
0.4824
0.4861
0.6441
0.2927
0.2477
0.4487
0.4545
0.2625
0.2366
0.3973
0.3837
0.5405
0.3867
0.5352
0.3291
0.4865
0.4688
0.5556
0.3721
0.2136
0.5238
0.378
0.3542
0.3625
0.6119
0.439
0.4096
0.27
0.4198
0.3295
0.2921
0.4167
0.3864
0.3889
0.2653
0.2838
0.4946
0.5949
0.5
0.5062
0.5278
0.3973
0.48
0.425
0.2143
0.4458
0.3765
0.4423
0.3933
0.25
0.3
0.3289
0.6935
0.4074
0.2958
0.2609
0.4286
0.3523
0.3415
0.3097
0.3176
0.4302
0.4819
0.2973
0.3797
0.3908
0.6094
0.2376
0.3478
0.314
0.6429
0.4384
0.42
0.3654
0.3529
0.4783
0.4462
0.3
0.1585
0.3824
0.4167
0.3596
0.5
0.3718
0.4556
0.4265
0.443
0.3158
0.27
0.3125
0.506
0.3333
0.2019
0.3077
0.5606
0.5
0.5556
0.1789
0.3786
0.32
0.5
0.4568
0.4394
0.2262
0.25
0.3056
0.4211
0.4118
0.3294
0.4416
0.321
0.1837
0.2167
0.5634
0.6
0.3039
0.5316
0.2037
0.5556
0.2933
0.3425
0.3065
0.4211
0.3067
0.5109
0.3293
0.6024
0.3434
0.2165
0.4722
0.3718
0.5316
0.2529
0.4
0.2857
0.4767
0.3176
0.3218
0.3544
0.5513
0.5132
0.3333
0.2743
0.3973
0.4756
0.2124
0.4302
0.2887
0.3067
0.7419
0.3086
0.4937
0.2333
0.1695
0.5488
0.2708
0.3837
0.3718
0.3654
0.4321
0.3837
0.375
0.4416
0.4024
0.3804
0.3158
0.4545
0.4247
0.3614
0.382
0.3864
0.4559
0.4231
0.6667
0.7419
0.2099
0.5432
0.2366
0.2432
0.3864
0.2455
0.4533
0.7463
0.2947
0.5469
0.4333
0.4272
0.25
0.3462
0.2871
0.619
0.6556
0.3659
0.3846
0.3544
0.407
0.3671
0.3021
0.2114
0.4615
0.5102
0.5625
0.5429
0.4699
0.375
0.3367
0.1977
0.4286
0.2976
0.3232
0.4268
0.2469
0.4394
0.3412
0.3636
0.3182
0.3902
0.4231
0.5972
0.4066
0.3889
0.3291
0.3333
0.3721
0.28
0.6441
0.3924
0.4239
0.48
0.4085
0.4091
0.4068
0.3152
0.5
0.3717
0.44
0.4737
0.4444
0.3372
0.2955
0.2524
0.4138
0.65
0.3704
0.5833
0.3889
0.4433
0.4667
0.5616
0.3605
0.3286
0.3625
0.382
0.4819
0.2405
0.354
0.7397
0.4342
0.4026
0.4648
0.8276
0.519
0.2857
0.2581
0.3241
0.3235
0.5
0.2269
0.3291
0.3049
0.358
0.1522
0.6667
0.2113
0.4694
0.4416
0.2736
0.3299
0.3333
0.3404
0.5467
0.3472
0.4045
0.4667
0.2105
0.2889
0.1685
0.25
0.5165
0.3375
0.3735
0.3243
0.383
0.3372
0.3393
0.3814
0.3462
0.314
0.2222
0.3289
0.3864
0.5
0.2262
0.5316
0.2644
0.6438
0.5443
0.4932
0.2927
0.407
0.4487
0.3708
0.3462
0.33
0.7937
0.3152
0.369
0.4756
0.5231
0.3656
0.2118
0.3118
0.5238
0.3086
0.3667
0.3704
0.4328
0.3708
0.2
0.3176
0.3486
0.3506
0.3544
0.3913
0.2952
0.2376
0.1957
0.5056
0.4028
0.4074
0.4146
0.5
0.4
0.2857
0.4078
0.4051
0.4588
0.4026
0.3676
0.2929
0.2299
0.375
0.3043
0.4026
0.4366
0.3636
0.2793
0.3247
0.2125
0.2936
0.3404
0.3333
0.3093
0.3118
0.3511
0.4125
0.3023
0.369
0.3462
0.1398
0.3239
0.2778
0.3571
0.4776
0.7465
0.3816
0.4
0.3297
0.4286
0.5538
0.233
0.3415
0.3117
0.2698
0.4
0.3966
0.2683
0.6625
0.5067
0.3182
0.493
0.3333
0.2589
0.2824
0.4396
0.7385
0.4396
0.4235
0.325
0.5443
0.3253
0.4697
0.7231
0.2644
0.5412
0.3976
0.3882
0.3226
0.6066
0.3248
0.3205
0.3402
0.3133
0.23
0.4074
0.5
0.3529
0.3462
0.3733
0.3855
0.2719
0.433
0.4474
0.5952
0.4675
0.4767
0.5385
0.3258
0.3467
0.5915
0.3889
0.4231
0.3103
0.314
0.2759
0.6102
0.427
0.4615
0.3871
0.1622
0.4937
0.188
0.4674
0.4444
0.4198
0.4744
0.4444
0.2697
0.2113
0.3784
0.1967
0.3647
0.4706
0.4524
0.2625
0.3108
0.3333
0.4
0.4167
0.2737
0.5
0.2473
0.3506
0.4235
0.5714
0.6
0.4459
0.2182
0.4382
0.2784
0.4227
0.3404
0.2366
0.4348
0.5114
0.2386
0.2743
0.2687
0.2366
0.2289
0.2439
0.2637
0.2614
0.8689
0.4353
0.3085
0.4815
0.4
0.3837
0.44
0.4333
0.3191
0.3816
0.1648
0.3882
0.2925
0.2566
0.6712
0.253
0.3171
0.2812
0.3953
0.3452
0.4933
0.7931
0.3457
0.5652
0.4167
0.1964
0.3
0.6111
0.3068
0.2469
0.5172
0.413
0.3214
0.2963
0.4321
0.3523
0.3803
0.7333
0.4302
0.4
0.4054
0.3178
0.32
0.5443
0.4
0.3939
0.3243
0.3023
0.3133
0.4304
0.541
0.4265
0.5
0.3117
0.4815
0.369
0.6786
0.3784
0.2917
0.3205
0.5181
0.5352
0.3951
0.3608
0.4247
0.3981
0.2584
0.3625
0.2609
0.2198
0.3256
0.3293
0.4588
0.3333
0.4493
0.5811
0.8056
0.3146
0.3763
0.1948
0.378
0.27
0.2644
0.3375
0.3846
0.1798
0.2368
0.32
0.4578
0.589
0.274
0.3333
0.3168
0.3617
0.5645
0.3023
0.28
0.4815
0.3222
0.2526
0.3939
0.3333
0.4872
0.3733
0.3953
0.2262
0.5
0.5507
0.2667
0.1979
0.4308
0.4125
0.3
0.3678
0.3838
0.4133
0.6143
0.4143
0.3167
0.6395
0.2881
0.6184
0.4521
0.3333
0.0682
0.0952
0.2184
0.35
0.4058
0.3067
0.3857
0.1724
0.0575
0.2073
0.4324
0.1039
0.3095
0.4603
0.3529
0.0581
0.0756
0.2
0.2674
0.2821
0.3797
0.15
0.25
0.0933
0.2473
0.2544
0.4583
0.1978
0.3718
0.4133
0.3678
0.2184
0.2857
0.2875
0.2564
0.2292
0.2073
0.1011
0.2389
0.125
0.1765
0.3733
0.2088
0.3521
0.1236
0.1806
0.4321
0.2692
0.1887
0.2796
0.2913
0.0595
0.1081
0.3516
0.4267
0.2326
0.2651
0.2222
0.2308
0.2639
0.0612
0.1633
0.0761
0.129
0.3906
0.2258
0.2619
0.3086
0.175
0.3731
0.2877
0.3271
0.2917
0.7213
0.253
0.2857
0.2683
0.5538
0.4146
0.2059
0.1923
0.1368
0.2439
0.3611
0.16
0.4107
0.1287
0.2529
0.1169
0.1724
0.3085
0.3256
0.1512
0.175
0.425
0.043
0.3418
0.3896
0.2353
0.1892
0.2899
0.4182
0.2553
0.359
0.0341
0.2967
0.2875
0.3
0.1795
0.321
0.2125
0.2647
0.2667
0.3293
0.2396
0.0889
0.3571
0.3375
0.1236
0.2442
0.1486
0.1494
0.2973
0.1429
0.0481
0.0849
0.2208
0.2273
0.1341
0.2609
0.1687
0.3333
0.3412
0.1605
0.2115
0.0357
0.3059
0.3944
0.3623
0.0291
0.321
0.1882
0.1667
0.3294
0.3553
0.0909
0.2436
0.0633
0.2
0.0968
0.2947
0.0737
0.3736
0.1979
0.3656
0.0543
0.2556
0.3953
0.2329
0.075
0.2525
0.0476
0.4388
0.3068
0.0606
0.1837
0.2639
0.2169
0.1789
0.0833
0.32
0.3333
0.0941
0.1974
0.2375
0.3636
0.2283
0.1707
0.322
0.1364
0.2439
0.2632
0.2
0.3117
0.2976
0.2778
0.3026
0.2212
0.1528
0.3448
0.0404
0.314
0.2361
0.2989
0.2222
0.236
0.1622
0.1494
0.1011
0.0777
0.1067
0.1932
0.1809
0.2
0.1573
0.1795
0.3333
0.1019
0.191
0.3103
0.0777
0.2889
0.3151
0.2381
0.3973
0.2791
0.2179
0.25
0.2716
0.2754
0.3529
0.3571
0.2
0.2025
0.1238
0.061
0.0696
0.5397
0.2644
0.3069
0.1509
0.3263
0.1446
0.321
0.3333
0.0795
0.18
0.1553
0.2674
0.0732
0.3553
0.3974
0.1574
0.0638
0.3088
0.1089
0.2727
0.25
0.3056
0.2632
0.4203
0.0426
0.3733
0.7455
0.1558
0.2931
0.06
0.1928
0.191
0.1735
0.1546
0.1882
0.1489
0.2549
0.1789
0.0805
0.061
0.2029
0.3611
0.3023
0.0978
0.1481
0.2022
0.1667
0.3134
0.2152
0.2716
0.1605
0.1839
0.1649
0.0385
0.0588
0.0225
0.1429
0.1667
0.2895
0.125
0.2533
0.2376
0.1188
0.4167
0.3333
0.2637
0.2466
0.0921
0.023
0.2727
0.3488
0.0405
0.3286
0.3187
0.253
0.2297
0.112
0.325
0.2809
0.3827
0.2738
0.3902
0.2439
0.1089
0.1364
0.1467
0.1839
0.3056
0.3291
0.1494
0.2857
0.0562
0.1856
0.32
0.2289
0.1275
0.2444
0.3014
0.2474
0.2174
0.2676
0.3095
0.1546
0.1633
0.1569
0.0213
0.15
0.1744
0.2614
0.2637
0.3846
0.2299
0.2299
0.0381
0.3488
0.2667
0.1809
0.2414
0.2841
0.3243
0.1839
0.2323
0.2222
0.3608
0.0732
0.2609
0.1875
0.2083
0.0762
0.0505
0.1932
0.3333
0.1368
0.2043
0.2687
0.1927
0.4918
0.3412
0.0879
0.3253
0.1443
0.1957
0.2574
0.2609
0.1205
0.3297
0.1264
0.2931
0.2473
0.1548
0.1839
0.1948
0.1839
0.2917
0.1757
0.16
0.3563
0.1609
0.3789
0.125
0.24
0.2308
0.1935
0.0575
0.359
0.6316
0.3294
0.1733
0.3051
0.2683
0.1376
0.2949
0.3247
0.131
0.1613
0.3151
0.3837
0.0833
0.2533
0.0769
0.2658
0.3784
0.3438
0.4286
0.0957
0.0857
0.3333
0.3049
0.2812
0.2561
0.3284
0.093
0.3253
0.22
0.2716
0.2045
0.2809
0.2292
0.0309
0.2078
0.1414
0.0513
0.2043
0.2683
0.0737
0.3086
0.3889
0.3288
0.32
0.3625
0.2286
0.2289
0.2118
0.1792
0.1562
0.16
0.2625
0.1948
0.4516
0.3333
0.1549
0.1413
0.2738
0.25
0.2561
0.1897
0.2941
0.2444
0.5181
0.038
0.2658
0.0408
0.3968
0.1485
0.1957
0.1744
0.4857
0.2162
0.2353
0.2788
0.2
0.2717
0.3385
0.3286
0.2073
0.2255
0.2778
0.2022
0.3947
0.2436
0.0303
0.3088
0.3797
0.1974
0.2059
0.1667
0.2184
0.1961
0.1538
0.2821
0.2143
0.3175
0.4306
0.1368
0.233
0.0519
0.3488
0.4198
0.2836
0.1548
0.1596
0.3056
0.299
0.2794
0.1765
0.4286
0.125
0.1735
0.1736
0.507
0.0538
0.1373
0.2658
0.1759
0.4
0.0886
0.2838
0.2063
0.3553
0.24
0.2935
0.2561
0.3735
0.0693
0.0588
0.1667
0.1975
0.0482
0.2184
0.284
0.0412
0.3023
0.1765
0.2644
0.3291
0.2593
0.3289
0.0357
0.0678
0.2329
0.2333
0.1593
0.2128
0.2268
0.2
0.1333
0.1852
0.1
0.0543
0.1356
0.5244
0.1031
0.2209
0.2179
0.3173
0.3704
0.2529
0.1944
0.0588
0.3537
0.25
0.2105
0.3864
0.274
0.241
0.2022
0.3111
0.1538
0.2308
0.5432
0.5968
0.0706
0.3704
0.2366
0.1696
0.1818
0.0345
0.25
0.4571
0.2211
0.2353
0.4
0.0721
0.25
0.359
0.0476
0.3651
0.4889
0.2195
0.1765
0.2658
0.314
0.2821
0.066
0.0938
0.3846
0.1273
0.45
0.3521
0.3253
0.3229
0.2449
0.2093
0.2987
0.2262
0.2525
0.2195
0.0843
0.3788
0.1882
0.122
0.2424
0.2805
0.0241
0.4583
0.2527
0.1867
0.2532
0.2157
0.2209
0.2267
0.5254
0.4557
0.3696
0.3333
0.2254
0.2985
0.2419
0.1237
0.1889
0.1947
0.1205
0.0476
0.1585
0.2093
0.2727
0.2621
0.2043
0.2787
0.2963
0.4306
0.2308
0.2887
0.1406
0.2237
0.2209
0.2083
0.1829
0.3034
0.3494
0.1646
0.0246
0.4595
0.3117
0.3506
0.338
0.2537
0.069
0.1429
0.2258
0.2593
0.3676
0.3214
0.1597
0.2125
0.1071
0.2716
0.0978
0.1948
0.1831
0.3265
0.2073
0.1792
0.3093
0.25
0.234
0.32
0.2917
0.2283
0.3289
0.1895
0.2088
0.0444
0.1548
0.2174
0.3
0.2651
0.2568
0.1596
0.2326
0.1964
0.268
0.1899
0.1839
0.1852
0.0864
0.1932
0.2152
0.1279
0.4177
0.2184
0.3151
0.4125
0.4247
0.2439
0.1685
0.4231
0.1461
0.1538
0.29
0.5397
0.2174
0.2976
0.2184
0.4923
0.2688
0.0805
0.1935
0.2614
0.2963
0.3222
0.2346
0.3433
0.2472
0.0745
0.1765
0.2477
0.1013
0.3291
0.1739
0.2476
0.1262
0.1522
0.3483
0.25
0.3086
0.2317
0.3548
0.3
0.2424
0.2816
0.2469
0.2588
0.2099
0.3235
0.0571
0.2184
0.0761
0.1739
0.1795
0.0789
0.2909
0.2703
0.2179
0.2125
0.2661
0.266
0.321
0.1287
0.2688
0.08
0.1875
0.0326
0.2857
0.3077
0.1304
0.338
0.2
0.0787
0.3433
0.6479
0.2895
0.2133
0.2418
0.2
0.4462
0.1845
0.2683
0.2727
0.2131
0.3125
0.2586
0.0833
0.4691
0.3467
0.2841
0.3944
0.3
0.1818
0.2706
0.1176
0.2222
0.1146
0.3176
0.3797
0.4684
0.1011
0.1972
0.4219
0.0638
0.2941
0.3253
0.3647
0.2796
0.3934
0.1901
0.1707
0.2079
0.0659
0.21
0.2593
0.3261
0.0889
0.2051
0.3467
0.3133
0.1913
0.2784
0.2763
0.1875
0.2468
0.2442
0.4615
0.0532
0.2133
0.2817
0.3889
0.1149
0.1573
0.3605
0.0753
0.5593
0.2697
0.4231
0.2903
0.1299
0.4051
0.1368
0.17
0.2683
0.358
0.2471
0.3077
0.1778
0.2254
0.1947
0.1475
0.0556
0.4118
0.3333
0.225
0.1467
0.2188
0.3176
0.0444
0.3053
0.3721
0.1935
0.119
0.2674
0.3333
0.3611
0.3784
0.0504
0.3258
0.2577
0.1058
0.2128
0.1828
0.2857
0.3626
0.1477
0.2035
0.2029
0.129
0.0353
0.1829
0.2418
0.2614
0.6066
0.2247
0.2021
0.3951
0.3077
0.0632
0.36
0.0707
0.2
0.2895
0.1429
0.2706
0.0265
0.2035
0.5479
0.1149
0.2805
0.0673
0.2674
0.1023
0.2933
0.6034
0.1852
0.4203
0.1358
0.0603
0.2333
0.375
0.1099
0.0854
0.3448
0.1531
0.2143
0.1236
0.1707
0.2045
0.338
0.6267
0.0412
0.0879
0.2703
0.1818
0.28
0.3038
0.0899
0.2019
0.1081
0.2326
0.241
0.2911
0.4098
0.3382
0.087
0.2987
0.2184
0.2857
0.3333
0.2568
0.1475
0.2692
0.2471
0.2958
0.0476
0.3093
0.4079
0.1842
0.0556
0.35
0.1398
0.1848
0.1724
0.3171
0.3647
0.2533
0.3188
0.2368
0.4028
0.2472
0.2903
0.0375
0.2805
0.19
0.0957
0.2125
0.2405
0.1798
0.1948
0.23
0.1494
0.3699
0.2055
0.1842
0.198
0.3085
0.2742
0.0408
0.2533
0.1628
0.0745
0.1684
0.4091
0.2308
0.375
0.28
0.407
0.0588
0.3194
0.4167
0.2333
0.0938
0.3077
0.0787
0.17
0.2874
0.2323
0.2933
0.3239
0.4143
0.1639
0.3837
0.2712
0.4605
0.1728
0.0778
0.0795
0.2034
0.0652
0.0952
0.3333
0.32
0.3429
0.0556
0.2024
0.0581
0.0833
0.1039
0.2386
0.3333
0.1818
0.3377
0.0504
0.2375
0.0638
0.1358
0.1667
0.2
0.0581
0.0779
0.1443
0.0413
0.1084
0.1458
0.0588
0.4267
0.1613
0.1724
0.1154
0.1149
0.1098
0.02
0.2683
0.0899
0.1565
0.2429
0.1765
0.3733
0.4568
0.1125
0.3253
0.2778
0.2927
0.25
0.1509
0.1313
0.1441
0.1951
0.1757
0.1633
0.1176
0.0805
0.1786
0.1205
0.0891
0.2778
0.0909
0.0392
0.0435
0.0816
0.0435
0.1134
0.3537
0.1647
0.175
0.2836
0.2466
0.0614
0.2917
0.1918
0.0682
0.3117
0.2927
0.6
0.1087
0.0833
0.2051
0.1667
0.0714
0.1047
0.05
0.1692
0.0495
0.0612
0.1299
0.046
0.0392
0.0632
0.069
0.275
0.3625
0.086
0.3038
0.4026
0.0685
0.1757
0.2464
0.0923
0.1753
0.2436
0.0568
0.3516
0.0581
0.0549
0.1795
0.0879
0.2
0.3582
0.1538
0.2805
0.08
0.0778
0.1591
0.2716
0.1348
0.0769
0.1892
0.0667
0.2297
0.131
0.0769
0.0283
0.1084
0.1818
0.1084
0.12
0.1379
0.1806
0.0989
0.1481
0.0826
0.2727
0.3294
0.1467
0.4058
0.0291
0.1529
0.1647
0.1333
0.3059
0.0349
0.1395
0.0854
0.0886
0.055
0.1183
0.2316
0.0421
0.2967
0.09
0.3011
0.1304
0.2111
0.2247
0.0886
0.0375
0.0636
0.0833
0.1698
0.2955
0.0909
0.2041
0.0946
0.1928
0.04
0.0119
0.1111
0.0641
0.0824
0.2632
0.0698
0.2571
0.163
0.0235
0.3051
0.1364
0.2195
0.0769
0.2143
0.1875
0.2118
0.0513
0.3158
0.0756
0.1486
0.3448
0.0606
0.0989
0.1667
0.1398
0.1728
0.1122
0.2432
0.1379
0.1236
0.0583
0.0667
0.0842
0.0309
0.0729
0.1685
0.1111
0.0741
0.0357
0.236
0.0606
0.0777
0.101
0.0602
0.3443
0.1795
0.0753
0.2051
0.0811
0.1647
0.04
0.0674
0.0617
0.05
0.0595
0.0459
0.0854
0.0522
0.0909
0.2069
0.1635
0.055
0.2449
0.1084
0.321
0.1522
0.0568
0.21
0.0648
0.2209
0.1707
0.0952
0.0341
0.217
0.0851
0.0548
0.1386
0.1707
0.0745
0.25
0.061
0.0513
0.0745
0.0488
0.5
0.075
0.2419
0.12
0.1687
0.0978
0.2165
0.1165
0.2353
0.0816
0.1296
0.0588
0.069
0.0732
0.1351
0.037
0.1277
0.087
0.1605
0.1461
0.0252
0.3284
0.1235
0.0706
0.0476
0.1364
0.1649
0.2917
0.0686
0.0112
0.1327
0.049
0.2895
0.1122
0.2468
0.0374
0.0792
0.061
0.2899
0.0968
0.0921
0.1184
0.0805
0.2614
0.0105
0.0405
0.2083
0.1224
0.1928
0.2027
0.104
0.1333
0.3034
0.0575
0.0778
0.0989
0.2195
0.1188
0.1839
0.12
0.0449
0.1282
0.0814
0.0345
0.2857
0.1011
0.0294
0.0714
0.241
0.0784
0.0408
0.1026
0.2347
0.1169
0.0267
0.2159
0.0594
0.1224
0.1553
0.0638
0.0843
0.0778
0.0745
0.07
0.3718
0.2414
0.2235
0.0476
0.2558
0.0769
0.0606
0.1954
0.3068
0.2523
0.1236
0.202
0.2
0.0545
0.0488
0.125
0.0714
0.066
0.0286
0.0303
0.1685
0.2105
0.0303
0.0816
0.0946
0.069
0.254
0.2824
0.033
0.378
0.0408
0.0515
0.2772
0.1096
0.1084
0.1146
0.1724
0.1186
0.134
0.2143
0.2184
0.0617
0.0851
0.3333
0.2838
0.0467
0.1064
0
0.2947
0.0625
0.26
0.122
0.0417
0.0805
0.359
0.4
0.1613
0.12
0.3051
0.0667
0.0619
0.0778
0.0706
0.0941
0.102
0.0921
0.086
0.0833
0.0759
0.1154
0.2278
0.3919
0.2812
0.1467
0.1744
0.0566
0.369
0.1395
0.1287
0.1951
0.1127
0.0116
0.0652
0.0481
0.1529
0.087
0.0505
0.0472
0.0206
0.1818
0.0777
0.0641
0.0505
0.2683
0.0737
0.3086
0.0759
0.05
0.0706
0.2048
0.1714
0.241
0.1977
0.1215
0.1354
0.0762
0.0353
0.0247
0.1644
0.1059
0.04
0.1522
0.1294
0.0213
0.0787
0.0325
0.2588
0.1099
0.0312
0.0759
0.0444
0.0816
0.2143
0.0481
0.1546
0.1236
0.2267
0.3151
0.2212
0.2358
0.0225
0.2
0.087
0.0933
0.1707
0.1748
0.1216
0.1798
0.2179
0.0952
0.0303
0.2941
0.2195
0.2368
0.0556
0.102
0.1333
0.0467
0.0667
0.2179
0.1429
0.0725
0.061
0.08
0.0435
0.039
0.163
0.1136
0.1594
0.1667
0.0909
0.0909
0.3579
0.0411
0.2118
0.1724
0.0787
0.0686
0.0315
0.1358
0.043
0.1569
0.0698
0.1182
0.1972
0.0854
0.1169
0.0469
0.3553
0.32
0.1546
0.023
0.4096
0.0891
0.0588
0.2639
0.1728
0.0723
0.0674
0.3086
0.2088
0.1889
0.1744
0.1461
0.0465
0.1084
0.2763
0.0536
0.0169
0.0625
0.2333
0.094
0.0928
0.2062
0.1375
0.1333
0.0805
0.1111
0.0652
0.0894
0.3929
0.0722
0.0909
0.0854
0.3077
0.043
0.1461
0.25
0.1176
0.1264
0.1383
0.1974
0.117
0.24
0.0814
0.1444
0.0729
0.0256
0.2692
0.0505
0.5161
0.1728
0.4198
0.0417
0.1441
0.0526
0.0431
0.2667
0.1325
0.1068
0.2029
0.125
0.0631
0.225
0.175
0.0762
0.4286
0.25
0.2317
0.4103
0.0588
0.0532
0.3077
0.066
0.0543
0.1982
0.1364
0.4024
0.3662
0.3133
0.068
0.2041
0.0899
0.1829
0.0562
0.2626
0.046
0.1687
0.2143
0.0889
0.2987
0.0725
0.3171
0.0482
0.1341
0.1957
0.039
0.2405
0.2059
0.1889
0.1818
0.1719
0.3625
0.3478
0.0366
0.3662
0.3134
0.0441
0.1134
0.2135
0.177
0.0602
0.119
0.1728
0.2093
0.0645
0.0541
0.2955
0.0462
0.1099
0.1646
0.2088
0.2449
0.25
0.1579
0.2209
0.1389
0.0575
0.2135
0.043
0.061
0.0246
0.4865
0.0488
0.0588
0.2817
0.2239
0.046
0.1905
0.08
0.1944
0.2059
0.1789
0.0242
0.0476
0.0833
0.2346
0.0526
0.1125
0.1351
0.1863
0.1928
0.2056
0.0769
0.2738
0.0396
0.32
0.1622
0.2174
0.0964
0.1895
0.0842
0.0556
0.069
0.1848
0.1765
0.3253
0.2568
0.1915
0.0909
0.0522
0.066
0.0964
0.0968
0.1296
0.2237
0.0761
0.1772
0.0455
0.481
0.0333
0.2466
0.3375
0.1579
0.1205
0.1
0.2785
0.1461
0.0238
0.22
0.3846
0.0594
0.2857
0.1724
0.4769
0.08
0.0805
0.0833
0.2472
0.0787
0.3333
0.0682
0.0676
0.1304
0.0319
0.0879
0.0818
0.0633
0.0706
0.1957
0.0696
0.1359
0.0842
0.0909
0.1053
0.1829
0.2073
0.3226
0.2556
0.1078
0.2427
0.2099
0.2941
0.1852
0.3088
0.0476
0.0337
0.1319
0.0625
0.2179
0.1184
0.0957
0.1858
0.0471
0.0706
0.0339
0.0571
0.0455
0.1188
0.0583
0.049
0.2
0.0761
0.0652
0.2436
0.0426
0.039
0.0538
0.0787
0.1233
0.1154
0.0843
0.1282
0.0729
0.1882
0.169
0.0926
0.0455
0.1688
0.1194
0.0682
0.0606
0.0595
0.0816
0.1
0.1461
0.338
0.2333
0.1727
0.1395
0.1078
0.12
0.0495
0.0851
0.1512
0.4051
0.0899
0.1268
0.0541
0.0213
0.1839
0.2262
0.2588
0.2473
0.1791
0.1488
0.2179
0.068
0.0549
0.0194
0.1084
0.134
0.0778
0.1795
0.1071
0.0787
0.1579
0.2551
0.0617
0.2083
0.0741
0.1977
0.2059
0.0638
0.1139
0.2535
0.4111
0.3077
0.0526
0.0638
0.086
0.0909
0.1429
0.3333
0.0485
0.0519
0.1099
0.0496
0.2826
0.0805
0.0562
0.0319
0.07
0.086
0.1184
0.1391
0.1129
0.0333
0.3824
0.0761
0.0843
0.0779
0.0686
0.0808
0.0444
0.2316
0.0851
0.0729
0.0833
0.1461
0.0745
0.3472
0.125
0.0504
0.1505
0.1959
0.1154
0.0505
0.0612
0.08
0.3182
0.0549
0.2301
0.0563
0.0619
0.0706
0.0465
0.2527
0.0316
0.0513
0.2584
0.0588
0.1042
0.2692
0.1263
0.0588
0.101
0.102
0.3289
0.1538
0.1522
0.0619
0.0508
0.4795
0.069
0.0444
0.0481
0.2093
0.1023
0.32
0.2419
0.0238
0.3143
0.1111
0.0259
0.0521
0.3243
0.1209
0.0732
0.1798
0.2041
0.0333
0.0787
0.0843
0.0825
0.1644
0.6133
0.0412
0.0769
0.039
0.0789
0.1154
0.1209
0.0674
0.0962
0.1351
0.1429
0.0455
0.0787
0.4262
0.0685
0.1159
0.0714
0.2184
0.0568
0.3684
0.1711
0.1967
0.1084
0.0538
0
0.0952
0.0374
0.1818
0.1404
0.0667
0.325
0.1413
0.1313
0.0978
0.1548
0.3529
0.0759
0.0759
0.1842
0.3611
0.0842
0.1048
0.05
0.0706
0.0571
0.0851
0.0706
0.2179
0.0435
0.3026
0.0381
0.1023
0.3973
0.2192
0.1453
0.1132
0.1443
0.1176
0.0612
0.24
0.1279
0.0745
0.0606
0.2687
0.0345
0.0667
0.3067
0.0769
0.0814
0.3333
0.3889
0.0889
0.0515
0.1739
0.1461
0.0566
0.087
0.0849
0.1948
0.1944
0.0732
0.0625
0.0404
0.0945
0.325
