x
0.3757
0.3799
0.3832
0.3808
0.3835
0.382
0.3742
0.3627
0.3834
0.3749
0.3865
0.3777
0.3648
0.3839
0.3585
0.3476
0.3711
0.3728
0.3863
0.3799
0.3789
0.3798
0.3763
0.3728
0.3823
0.3875
0.3745
0.3866
0.3579
0.3813
0.3724
0.3742
0.3717
0.3759
0.3804
0.3876
0.3823
0.3863
0.364
0.3718
0.3759
0.3754
0.3821
0.3842
0.3759
0.3734
0.3626
0.3763
0.3744
0.3765
0.3802
0.3826
0.3828
0.3626
0.3778
0.3844
0.3813
0.3807
0.3775
0.3641
0.3781
0.3765
0.3748
0.3898
0.3894
0.3873
0.3901
0.3855
0.3835
0.3836
0.3816
0.3662
0.3777
0.3781
0.37
0.3503
0.3795
0.3675
0.3749
0.3623
0.38
0.381
0.3723
0.373
0.3808
0.3699
0.3774
0.3769
0.38
0.3884
0.3771
0.3759
0.3782
0.3754
0.3801
0.3848
0.3613
0.3758
0.377
0.3736
0.3805
0.3836
0.3771
0.3701
0.3825
0.3743
0.3809
0.3788
0.3839
0.3821
0.3754
0.383
0.3799
0.3644
0.3795
0.3735
0.3854
0.3719
0.3726
0.384
0.3741
0.3835
0.3828
0.3807
0.3866
0.3849
0.3782
0.3812
0.3688
0.3816
0.3708
0.3741
0.3758
0.3723
0.367
0.3904
0.3858
0.377
0.3707
0.3666
0.3779
0.3881
0.3832
0.3781
0.3789
0.3769
0.3809
0.379
0.3776
0.3755
0.3806
0.3775
0.3781
0.3789
0.3803
0.3802
0.3679
0.389
0.3833
0.3742
0.3823
0.372
0.3794
0.376
0.3604
0.3778
0.3833
0.3751
0.3849
0.3842
0.3784
0.3816
0.3859
0.3762
0.3791
0.3714
0.3775
0.3663
0.3826
0.3846
0.3724
0.3877
0.3737
0.385
0.381
0.3679
0.367
0.3813
0.3861
0.3852
0.3792
0.3773
0.3886
0.3749
0.3641
0.3801
0.3742
0.3874
0.3746
0.3785
0.3838
0.3772
0.3864
0.3804
0.3822
0.3799
0.3908
0.3925
0.3866
0.3886
0.3819
0.3778
0.387
0.3853
0.3779
0.367
0.3734
0.384
0.3789
0.3904
0.3804
0.3836
0.3792
0.3764
0.3781
0.3822
0.3896
0.3832
0.3897
0.3833
0.3765
0.37
0.3896
0.3743
0.3664
0.3847
0.3749
0.389
0.3844
0.3944
0.3918
0.3766
0.379
0.377
0.3831
0.3811
0.3845
0.3778
0.386
0.3929
0.3766
0.3881
0.3749
0.3919
0.3823
0.3601
0.385
0.3737
0.388
0.3722
0.3803
0.3878
0.3777
0.3851
0.3888
0.3771
0.3783
0.3898
0.3778
0.3823
0.375
0.3705
0.3806
0.3833
0.372
0.3855
0.3735
0.3879
0.3783
0.3895
0.3857
0.3753
0.3794
0.382
0.3913
0.3763
0.391
0.3738
0.3807
0.3761
0.3896
0.3917
0.3867
0.3758
0.3719
0.3903
0.3734
0.3803
0.3747
0.3665
0.3828
0.3822
0.3736
0.3807
0.3794
0.3806
0.3821
0.3751
0.381
0.3787
0.3789
0.3758
0.3865
0.3782
0.3688
0.3815
0.3814
0.3762
0.377
0.3875
0.3752
0.3816
0.3727
0.3817
0.3793
0.3816
0.3869
0.3809
0.3837
0.3788
0.3789
0.3793
0.3895
0.3882
0.3921
0.3907
0.3873
0.3827
0.3796
0.3671
0.387
0.3757
0.3851
0.372
0.3803
0.385
0.3833
0.3807
0.3738
0.3746
0.3784
0.3815
0.3788
0.3904
0.3777
0.3848
0.372
0.37
0.39
0.3796
0.3713
0.376
0.3836
0.3743
0.3802
0.3594
0.372
0.3893
0.3734
0.3884
0.3789
0.3666
0.3817
0.3838
0.3823
0.3801
0.3702
0.3788
0.3951
0.3806
0.3834
0.381
0.3726
0.3828
0.3854
0.3753
0.391
0.3737
0.3808
0.382
0.3832
0.3885
0.3808
0.3758
0.3635
0.3715
0.3742
0.3827
0.3828
0.387
0.3855
0.3744
0.37
0.3884
0.3824
0.3827
0.3711
0.3762
0.3786
0.3886
0.3793
0.3798
0.3763
0.3811
0.3927
0.3738
0.3747
0.3719
0.3824
0.3723
0.3757
0.3789
0.3881
0.3751
0.3795
0.3831
0.3749
0.3738
0.3733
0.3806
0.3836
0.3749
0.3723
0.379
0.3784
0.3638
0.3742
0.3603
0.3756
0.3816
0.382
0.3761
0.3776
0.3771
0.3876
0.3857
0.3815
0.3714
0.3785
0.3901
0.3783
0.3751
0.3926
0.3772
0.3851
0.3812
0.3883
0.3754
0.381
0.3868
0.3724
0.3831
0.3839
0.3807
0.3814
0.3657
0.3711
0.3727
0.3754
0.3771
0.3676
0.379
0.3747
0.3911
0.3827
0.3801
0.3816
0.3834
0.3758
0.3797
0.3809
0.3746
0.3855
0.3777
0.3833
0.3734
0.3889
0.3887
0.3889
0.3798
0.3809
0.3669
0.3837
0.3792
0.381
0.3787
0.372
0.3691
0.3835
0.3892
0.3779
0.3847
0.3799
0.3835
0.3729
0.3797
0.3906
0.3803
0.3744
0.3571
0.3842
0.3832
0.3806
0.3683
0.3776
0.388
0.3758
0.3748
0.3788
0.3758
0.3839
0.3556
0.3783
0.3825
0.3767
0.3777
0.3796
0.3913
0.3778
0.3838
0.3725
0.3717
0.3813
0.386
0.3783
0.3736
0.3817
0.3786
0.3795
0.3638
0.3824
0.3683
0.3704
0.3786
0.3808
0.3786
0.3748
0.3869
0.3878
0.351
0.3824
0.3864
0.385
0.3755
0.3701
0.3794
0.3765
0.3674
0.3656
0.3771
0.3845
0.3769
0.3764
0.3715
0.3815
0.3866
0.3592
0.3779
0.3644
0.3681
0.3824
0.3725
0.3779
0.3827
0.376
0.3847
0.3734
0.3804
0.3805
0.3612
0.3772
0.3795
0.3875
0.3878
0.3841
0.361
0.3737
0.3804
0.372
0.387
0.3767
0.39
0.3838
0.3769
0.3654
0.3654
0.3634
0.3788
0.3695
0.37
0.3838
0.3871
0.3687
0.3824
0.3825
0.3803
0.3883
0.3758
0.382
0.3745
0.3851
0.3803
0.3699
0.3687
0.3764
0.3678
0.3846
0.383
0.3824
0.3824
0.3653
0.3707
0.3774
0.3734
0.3738
0.3855
0.3818
0.382
0.3725
0.3745
0.375
0.3779
0.3662
0.3837
0.3884
0.3859
0.3706
0.377
0.3723
0.3655
0.3707
0.3768
0.3793
0.3739
0.3711
0.3882
0.3859
0.3844
0.3814
0.3865
0.3814
0.3586
0.3734
0.3815
0.3715
0.355
0.382
0.3816
0.3771
0.3819
0.3826
0.3774
0.384
0.3845
0.3853
0.3846
0.3887
0.3728
0.3914
0.3686
0.3703
0.3789
0.3757
0.3743
0.385
0.3776
0.3801
0.3697
0.3804
0.3893
0.3826
0.3866
0.3847
0.3686
0.3809
0.3777
0.3825
0.3768
0.3828
0.3827
0.3722
0.3836
0.3897
0.3904
0.3825
0.3826
0.3729
0.3792
0.3674
0.3848
0.3696
0.3728
0.3777
0.386
0.3829
0.3742
0.3882
0.3739
0.3722
0.355
0.3849
0.3781
0.3746
0.3722
0.3809
0.3876
0.3903
0.3814
0.3796
0.3817
0.3845
0.3775
0.3804
0.3857
0.3842
0.3804
0.3862
0.3896
0.39
0.3784
0.3797
0.3916
0.3772
0.3857
0.371
0.3887
0.3722
0.3712
0.3756
0.373
0.3755
0.3708
0.3805
0.3776
0.3878
0.3871
0.3781
0.3791
0.3732
0.3793
0.379
0.3811
0.3812
0.3841
0.3771
0.3698
0.3801
0.3816
0.3807
0.3771
0.382
0.3847
0.3858
0.3712
0.3944
0.3833
0.3874
0.3799
0.3769
0.3571
0.3688
0.3828
0.374
0.3787
0.3649
0.3897
0.3767
0.3835
0.3907
0.3749
0.3729
0.3898
0.3824
0.3677
0.3752
0.3784
0.3849
0.383
0.3799
0.3808
0.3663
0.3688
0.38
0.3629
0.3706
0.3839
0.3807
0.375
0.3844
0.3713
0.3771
0.3776
0.3814
0.3776
0.3816
0.3858
0.3807
0.3777
0.3897
0.3813
0.3691
0.3869
0.3848
0.3808
0.3832
0.3836
0.372
0.3777
0.3662
0.3833
0.369
0.3621
0.3817
0.3885
0.3714
0.3724
0.374
0.3876
0.3769
0.3822
0.3694
0.3769
0.3647
0.3796
0.3862
0.3755
0.3882
0.3694
0.3834
0.3767
0.3719
0.3688
0.3871
0.3878
0.3765
0.3835
0.3851
0.3638
0.3773
0.385
0.3802
0.3808
0.3789
0.3793
0.3799
0.3703
0.3778
0.394
0.3773
0.3786
0.3753
0.375
0.3868
0.369
0.3753
0.3796
0.3846
0.3855
0.3775
0.3668
0.3831
0.3776
0.3817
0.3821
0.3908
0.3821
0.385
0.3807
0.3517
0.3761
0.3851
0.3816
0.3702
0.3804
0.3622
0.3686
0.3755
0.375
0.3882
0.3733
0.3807
0.3866
0.3677
0.3853
0.3773
0.3891
0.3741
0.3693
0.3714
0.3643
0.3866
0.362
0.3826
0.3802
0.3761
0.3592
0.3834
0.3894
0.3718
0.3825
0.3821
0.3876
0.3822
0.3832
0.3688
0.3714
0.3689
0.3856
0.3889
0.384
0.3802
0.3611
0.3776
0.3733
0.3846
0.3754
0.3809
0.3705
0.3645
0.3803
0.3839
0.3751
0.376
0.3909
0.3656
0.3738
0.3699
0.3854
0.3743
0.378
0.3841
0.3688
0.3736
0.3802
0.39
0.3766
0.3854
0.3831
0.385
0.3846
0.3724
0.3914
0.3753
0.3639
0.3821
0.3759
0.3777
0.3872
0.3819
0.388
0.3834
0.3892
0.3687
0.3895
0.3853
0.3799
0.3775
0.378
0.3731
0.377
0.3757
0.3775
0.3743
0.3765
0.3787
0.3638
0.3815
0.3922
0.3822
0.3826
0.3731
0.3775
0.3789
0.3838
0.3731
0.3647
0.3909
0.3872
0.379
0.3767
0.383
0.3809
0.3734
0.3816
0.368
0.3788
0.3789
0.3606
0.3766
0.3614
0.3656
0.3872
0.3988
0.3971
0.386
0.3793
0.3802
0.3634
0.3756
0.3773
0.3986
0.3948
0.3651
0.3977
0.3762
0.3497
0.3809
0.3965
0.3974
0.3809
0.3731
0.3773
0.3789
0.3824
0.3963
0.39
0.3755
0.3966
0.3514
0.382
0.3759
0.3749
0.3724
0.3868
0.3817
0.3907
0.3797
0.3719
0.3885
0.393
0.3813
0.3938
0.3827
0.377
0.386
0.365
0.3926
0.3813
0.3741
0.3834
0.386
0.3832
0.3738
0.3841
0.3882
0.3887
0.3719
0.386
0.3819
0.3828
0.382
0.3721
0.3926
0.3842
0.3971
0.3851
0.3938
0.3783
0.3932
0.3907
0.3882
0.3734
0.3809
0.3873
0.3811
0.3795
0.3886
0.3844
0.3719
0.3638
0.3901
0.377
0.3863
0.3879
0.3894
0.3598
0.3875
0.3918
0.3949
0.3954
0.3928
0.3949
0.3725
0.3778
0.3926
0.3854
0.3683
0.3978
0.3716
0.3794
0.3849
0.3947
0.3731
0.3833
0.379
0.3833
0.3988
0.3816
0.3855
0.3816
0.3797
0.3733
0.3866
0.383
0.3885
0.3671
0.3857
0.3958
0.3671
0.388
0.3966
0.3803
0.3911
0.3892
0.3945
0.3943
0.3984
0.3976
0.3828
0.3854
0.3901
0.3804
0.3801
0.3777
0.3733
0.3856
0.3947
0.3986
0.3673
0.3804
0.3826
0.398
0.3744
0.3922
0.3842
0.3819
0.3863
0.3934
0.3753
0.3974
0.3856
0.392
0.3779
0.3971
0.3754
0.3834
0.3675
0.3958
0.3798
0.384
0.3889
0.3984
0.3799
0.3883
0.3739
0.3842
0.3988
0.3863
0.3869
0.385
0.3914
0.398
0.3832
0.3807
0.3973
0.382
0.3841
0.3627
0.381
0.386
0.3877
0.3879
0.3815
0.38
0.3891
0.373
0.3734
0.3861
0.3862
0.3824
0.3872
0.3761
0.3976
0.3882
0.387
0.3895
0.3788
0.3882
0.3867
0.3849
0.3975
0.3938
0.397
0.3775
0.3893
0.3806
0.3853
0.3968
0.3895
0.3972
0.3886
0.3892
0.3949
0.3911
0.388
0.392
0.3731
0.3875
0.3867
0.3961
0.3849
0.3904
0.3808
0.3694
0.3827
0.3961
0.3903
0.3955
0.3981
0.3724
0.3824
0.3678
0.3958
0.3661
0.3826
0.3706
0.3814
0.3989
0.3907
0.3841
0.3859
0.3935
0.3914
0.3929
0.3865
0.3955
0.3894
0.3886
0.3862
0.3877
0.3813
0.374
0.3748
0.3978
0.3782
0.3672
0.3814
0.3866
0.3981
0.3805
0.381
0.3848
0.3865
0.3918
0.3842
0.385
0.3832
0.3958
0.3973
0.3956
0.3858
0.3635
0.3986
0.3973
0.3858
0.3835
0.376
0.3915
0.3824
0.3865
0.3827
0.386
0.3974
0.3975
0.3991
0.3901
0.3886
0.3786
0.3824
0.3766
0.3955
0.3966
0.3768
0.378
0.3816
0.3965
0.398
0.3993
0.3883
0.3698
0.3978
0.3803
0.3886
0.3835
0.3885
0.3873
0.3824
0.3751
0.3846
0.3842
0.3754
0.377
0.3951
0.3855
0.3849
0.3887
0.3881
0.3823
0.3975
0.3861
0.3968
0.386
0.3932
0.3831
0.3859
0.3823
0.3736
0.3749
0.3784
0.3864
0.3846
0.3962
0.388
0.3906
0.3985
0.3886
0.3839
0.3773
0.3892
0.3631
0.3922
0.3902
0.3985
0.3663
0.3846
0.3914
0.3855
0.3789
0.3741
0.3855
0.3827
0.3773
0.3737
0.3966
0.3742
0.3746
0.3735
0.3964
0.3974
0.3872
0.3776
0.3894
0.3905
0.3821
0.3922
0.3719
0.3731
0.3977
0.3787
0.3963
0.3872
0.3632
0.3947
0.3962
0.3876
0.3923
0.3836
0.3776
0.3959
0.3825
0.3904
0.3829
0.3803
0.3852
0.3886
0.3878
0.3945
0.3738
0.3965
0.3843
0.3868
0.3924
0.3991
0.365
0.365
0.3754
0.3882
0.3756
0.3805
0.3896
0.3687
0.3724
0.3827
0.3919
0.3797
0.3941
0.3981
0.3701
0.3972
0.3811
0.3791
0.3824
0.3746
0.3978
0.394
0.3891
0.3766
0.3704
0.3892
0.3786
0.3987
0.3805
0.3951
0.384
0.3867
0.3884
0.3666
0.3978
0.3931
0.3881
0.3976
0.381
0.3817
0.3978
0.3757
0.3765
0.3697
0.3606
0.3722
0.3842
0.3867
0.3887
0.3854
0.3901
0.3866
0.3815
0.389
0.3619
0.3855
0.3886
0.3739
0.3759
0.3853
0.38
0.3825
0.3901
0.39
0.387
0.3977
0.3867
0.3974
0.3746
0.3817
0.3875
0.3959
0.3807
0.3738
0.3778
0.3735
0.384
0.3701
0.3738
0.3874
0.3868
0.3816
0.3816
0.3824
0.3803
0.3705
0.3986
0.3931
0.3761
0.3818
0.387
0.383
0.3802
0.3898
0.3901
0.3857
0.3885
0.3901
0.3889
0.3885
0.3815
0.3984
0.3735
0.3812
0.3847
0.3972
0.3941
0.3829
0.3789
0.3913
0.3797
0.3653
0.3973
0.3864
0.383
0.3857
0.397
0.3879
0.3897
0.3794
0.3858
0.3914
0.3825
0.3849
0.3817
0.384
0.3706
0.3903
0.3744
0.3928
0.3962
0.3791
0.3809
0.3976
0.3904
0.3776
0.3988
0.3682
0.3832
0.393
0.3802
0.3812
0.3881
0.3985
0.3971
0.3848
0.3818
0.3933
0.3939
0.3798
0.3917
0.3873
0.3863
0.3947
0.3981
0.3888
0.3515
0.3921
0.384
0.3851
0.3743
0.3943
0.3788
0.388
0.3895
0.3819
0.3796
0.381
0.3868
0.3665
0.3821
0.3862
0.3747
0.3948
0.3769
0.3747
0.3531
0.3977
0.3738
0.3807
0.381
0.3884
0.3991
0.3816
0.3775
0.3848
0.3865
0.3788
0.3981
0.3798
0.3834
0.3984
0.3874
0.3788
0.3773
0.3872
0.392
0.3829
0.3926
0.3981
0.3869
0.3674
0.3862
0.3611
0.3752
0.3729
0.3769
0.3851
0.3887
0.3776
0.3877
0.3884
0.3818
0.3943
0.3907
0.3917
0.3874
0.3937
0.3761
0.3993
0.3679
0.3731
0.3864
0.3893
0.3811
0.3843
0.3844
0.3768
0.3707
0.3834
0.3778
0.386
0.3847
0.3845
0.389
0.3904
0.3736
0.396
0.3973
0.375
0.3956
0.386
0.369
0.38
0.3897
0.3945
0.3737
0.3726
0.391
0.3944
0.3833
0.3746
0.3902
0.385
0.3788
0.376
0.3894
0.3993
0.3644
0.3705
0.3744
0.3647
0.3837
0.3964
0.3813
0.3837
0.3877
0.38
0.3926
0.388
0.3918
0.3984
0.3902
0.3969
0.3798
0.3917
0.3709
0.384
0.3948
0.3859
0.372
0.3885
0.3776
0.3813
0.3788
0.3881
0.3759
0.3829
0.3968
0.3881
0.3782
0.3802
0.3829
0.3888
0.3842
0.3912
0.3822
0.3719
0.3841
0.3857
0.3909
0.3988
0.3844
0.3912
0.3957
0.3684
0.3818
0.3713
0.3684
0.3796
0.3857
0.3961
0.3752
0.3889
0.3964
0.3752
0.3668
0.3803
0.3791
0.3847
0.3765
0.3761
0.3969
0.3922
0.3869
0.381
0.371
0.3826
0.3956
0.3867
0.396
0.3891
0.3796
0.3969
0.3788
0.389
0.3719
0.3861
0.3927
0.3832
0.3921
0.3766
0.3887
0.3785
0.3688
0.3852
0.3719
0.3828
0.3795
0.3851
0.3695
0.3976
0.3963
0.3969
0.3844
0.3814
0.398
0.3768
0.3785
0.3802
0.3837
0.3595
0.3909
0.3769
0.3887
0.3747
0.3958
0.3872
0.3973
0.3792
0.3712
0.3913
0.3766
0.3897
0.3979
0.3951
0.3513
0.3732
0.3836
0.3799
0.3868
0.3708
0.3885
0.3834
0.3825
0.3915
0.3764
0.3779
0.3979
0.3847
0.3695
0.3872
0.3797
0.3843
0.378
0.3754
0.3974
0.3905
0.3968
0.3718
0.3752
0.375
0.3926
0.3894
0.3801
0.398
0.3836
0.3787
0.3776
0.3743
0.3717
0.3896
0.3958
0.39
0.3971
0.3947
0.3865
0.382
0.3986
0.387
0.3831
0.387
0.3842
0.3741
0.3775
0.3785
0.3759
0.3707
0.3773
0.3976
0.3942
0.3731
0.3676
0.3967
0.3895
0.3772
0.3979
0.3615
0.3834
0.3617
0.3858
0.397
0.3692
0.3934
0.3907
0.3863
0.3808
0.3851
0.3675
0.3855
0.3951
0.3862
0.3822
0.3962
0.3757
0.375
0.3832
0.3938
0.3839
0.3806
0.397
0.3787
0.3726
0.3794
0.396
0.3758
0.3701
0.3756
0.3854
0.3984
0.3775
0.3795
0.3972
0.3886
0.388
0.3812
0.3776
0.3931
0.3873
0.3904
0.3897
0.3995
0.3884
0.3821
0.3751
0.3765
0.3855
0.3734
0.388
0.3862
0.3956
0.363
0.3886
0.3799
0.3597
0.3843
0.3886
0.3988
0.381
0.3643
0.3975
0.3725
0.3968
0.3756
0.3786
0.3771
0.3564
0.388
0.3703
0.3967
0.3969
0.3951
0.3771
0.3923
0.3977
0.3778
0.3832
0.3891
0.397
0.3891
0.3785
0.3706
0.3674
0.3992
0.3981
0.3797
0.3957
0.388
0.3772
0.3968
0.3925
0.3938
0.3799
0.3823
0.3886
0.3673
0.3881
0.3966
0.3712
0.3836
0.3873
0.3834
0.3854
0.3846
0.3795
0.3763
0.3794
0.3966
0.3649
0.3698
0.3877
0.3953
0.3773
0.3867
0.3891
0.3893
0.3854
0.3659
0.3843
0.3804
0.3866
0.3787
0.3896
0.3789
0.3964
0.3812
0.3894
0.3978
0.3946
0.3906
0.3807
0.3852
0.3894
0.3924
0.3792
0.3895
0.3766
0.3899
0.3896
0.3774
0.398
0.3827
0.3842
0.3976
0.3878
0.377
0.387
0.3831
0.3756
0.3901
0.3892
0.373
0.3737
0.3882
0.3951
0.3836
0.3942
0.3852
0.3828
0.3866
0.3826
0.3737
0.3941
0.3908
0.3707
0.3819
0.373
0.3836
0.3953
0.3966
0.3879
0.3974
0.3947
0.3939
0.3845
0.3866
0.3971
0.3966
0.3978
0.3968
0.3985
0.3749
0.3623
0.3807
0.3951
0.3987
0.3948
0.3978
0.395
0.3842
0.3819
0.3961
0.3986
0.3895
0.3979
0.38
0.3929
0.3959
0.3948
0.3871
0.3913
0.3968
0.3974
0.3931
0.3975
0.3861
0.394
0.3889
0.3916
0.3965
0.3922
0.3866
0.3955
0.3921
0.3936
0.388
0.3851
0.3897
0.3912
0.3952
0.3805
0.3865
0.397
0.3968
0.3956
0.3936
0.3924
0.3985
0.3871
0.3919
0.3977
0.399
0.3975
0.3972
0.38
0.3948
0.3932
0.3922
0.3728
0.3944
0.3928
0.3958
0.38
0.3964
0.3769
0.3929
0.3925
0.3904
0.3976
0.3865
0.3906
0.3971
0.3965
0.3968
0.3968
0.3957
0.3975
0.3956
0.3972
0.3975
0.395
0.3939
0.397
0.3741
0.3974
0.3918
0.3956
0.3971
0.3955
0.3944
0.3969
0.3893
0.3811
0.3986
0.3924
0.3966
0.3986
0.3808
0.3977
0.3856
0.3902
0.394
0.3776
0.3982
0.3944
0.3879
0.3846
0.3938
0.3952
0.3905
0.395
0.3924
0.3944
0.3974
0.3977
0.3953
0.3953
0.394
0.3979
0.392
0.3856
0.3951
0.3951
0.3979
0.395
0.3799
0.3891
0.387
0.3993
0.3939
0.385
0.3877
0.3951
0.3974
0.3916
0.3969
0.3974
0.3984
0.3923
0.3969
0.3984
0.396
0.3916
0.3827
0.3958
0.3949
0.3849
0.3979
0.3985
0.3974
0.3973
0.3915
0.3954
0.3975
0.3876
0.3966
0.3967
0.3974
0.3973
0.398
0.3972
0.398
0.3796
0.3917
0.379
0.3953
0.3987
0.3909
0.3976
0.3687
0.392
0.3909
0.3807
0.3851
0.3968
0.386
0.3983
0.3889
0.3823
0.3971
0.3915
0.3925
0.3919
0.3795
0.3975
0.3891
0.3953
0.3974
0.3979
0.3964
0.3973
0.3957
0.3969
0.3967
0.3968
0.3974
0.3972
0.3953
0.3958
0.3951
0.3964
0.3982
0.3736
0.3863
0.3966
0.3952
0.3966
0.3895
0.3987
0.3924
0.3978
0.398
0.3981
0.3971
0.3969
0.3983
0.3983
0.3917
0.3802
0.3979
0.3887
0.3894
0.3952
0.3904
0.3975
0.3971
0.3986
0.3811
0.3925
0.3973
0.3991
0.3864
0.397
0.3978
0.3902
0.3954
0.3962
0.392
0.3979
0.3983
0.3961
0.3984
0.3747
0.396
0.3947
0.3971
0.3825
0.3986
0.393
0.397
0.3931
0.3968
0.3879
0.3971
0.398
0.3975
0.3972
0.3979
0.3951
0.3974
0.3968
0.3859
0.3984
0.3923
0.395
0.3984
0.3966
0.3897
0.3879
0.3884
0.3967
0.3994
0.3935
0.3982
0.39
0.396
0.3911
0.3973
0.3949
0.3974
0.3732
0.3975
0.396
0.3975
0.3962
0.3863
0.3989
0.3972
0.3883
0.3871
0.3974
0.3857
0.3916
0.3962
0.3899
0.3988
0.3967
0.3954
0.3816
0.3928
0.3961
0.3803
0.3988
0.3901
0.3982
0.398
0.3954
0.397
0.3976
0.3924
0.3968
0.3915
0.3982
0.3939
0.3842
0.397
0.398
0.3972
0.3986
0.3933
0.397
0.3984
0.3973
0.3925
0.3961
0.3991
0.3875
0.3916
0.3914
0.3983
0.3818
0.3967
0.3979
0.3966
0.3966
0.3847
0.39
0.3875
0.3917
0.3964
0.3966
0.3826
0.3977
0.3965
0.3981
0.3986
0.397
0.3812
0.3958
0.3975
0.3976
0.399
0.3756
0.371
0.3992
0.372
0.3983
0.3981
0.388
0.3946
0.3981
0.3977
0.3932
0.3963
0.3839
0.3959
0.3969
0.3983
0.397
0.3851
0.3894
0.3978
0.3874
0.3997
0.3915
0.398
0.3907
0.393
0.3978
0.3981
0.3908
0.3698
0.3937
0.3978
0.3923
0.3985
0.3977
0.3981
0.3971
0.3964
0.3977
0.3983
0.3981
0.3977
0.3962
0.3964
0.3901
0.3952
0.3836
0.3977
0.3863
0.3971
0.3951
0.3945
0.3854
0.3909
0.3821
0.3996
0.3965
0.3981
0.3911
0.3961
0.3972
0.3967
0.3981
0.382
0.3933
0.3981
0.3978
0.3764
0.3983
0.3788
0.3976
0.3972
0.3961
0.3826
0.3963
0.3934
0.3802
0.3912
0.3883
0.3965
0.3988
0.3993
0.3812
0.3886
0.3987
0.385
0.3835
0.3991
0.3864
0.3983
0.3968
0.3893
0.3975
0.3973
0.3966
0.3966
0.3919
0.3975
0.3913
0.397
0.3892
0.3937
0.3828
0.3783
0.3989
0.3826
0.3966
0.395
0.3936
0.3868
0.3934
0.3917
0.3964
0.3971
0.3989
0.3947
0.3852
0.3949
0.3921
0.396
0.3896
0.3981
0.3963
0.3955
0.3917
0.3978
0.3905
0.3983
0.3993
0.3969
0.3905
0.3885
0.3905
0.3973
0.3986
0.3959
0.3945
0.397
0.3944
0.3893
0.3968
0.3982
0.3978
0.3959
0.3982
0.3903
0.3984
0.3885
0.3926
0.3981
0.3957
0.3951
0.3822
0.3971
0.3908
0.3983
0.3777
0.3913
0.3964
0.3803
0.3942
0.3976
0.3989
0.3957
0.3922
0.3827
0.3959
0.3957
0.399
0.3921
0.3965
0.3979
0.3983
0.3982
0.3798
0.393
0.3982
0.3947
0.3933
0.3888
0.3912
0.3947
0.3984
0.3986
0.3671
0.3976
0.3957
0.3969
0.3784
0.3991
0.3939
0.3925
0.3965
0.39
0.3882
0.3941
0.3899
0.3907
0.3904
0.3906
0.3974
0.3986
0.3942
0.3988
0.3883
0.3952
0.3913
0.3984
0.393
0.3987
0.399
0.3867
0.3957
0.3976
0.3943
0.3929
0.3974
0.397
0.3896
0.3975
0.3764
0.3893
0.3953
0.3846
0.3979
0.397
0.3902
0.397
0.3912
0.3679
0.3844
0.3692
0.3767
0.3676
0.3884
0.3935
0.3984
0.3819
0.3986
0.396
0.3971
0.3927
0.3931
0.3978
0.3827
0.3971
0.3952
0.3986
0.3958
0.3894
0.3988
0.3951
0.3965
0.3895
0.3937
0.3905
0.3752
0.3889
0.3921
0.394
0.3934
0.3977
0.3895
0.3904
0.3777
0.3977
0.3982
0.3823
0.3926
0.3976
0.3981
0.3854
0.3954
0.3983
0.3901
0.3792
0.3956
0.3887
0.3871
0.3748
0.3961
0.3969
0.3942
0.3871
0.3976
0.3989
0.3664
0.3975
0.3975
0.3937
0.3867
0.398
0.3897
0.3955
0.3872
0.3943
0.3967
0.399
0.3988
0.3986
0.3935
0.3969
0.3942
0.3957
0.3824
0.3859
0.3963
0.3935
0.3798
0.3971
0.3938
0.3893
0.3807
0.3986
0.3963
0.3975
0.3976
0.3992
0.3802
0.3891
0.3853
0.3942
0.3835
0.3958
0.3977
0.3956
0.3967
0.3946
0.3954
0.3939
0.3965
0.3909
0.3982
0.3703
0.3985
0.3889
0.3903
0.3895
0.3953
0.3966
0.3771
0.3909
0.3984
0.3837
0.3649
0.3979
0.3906
0.3859
0.3804
0.3978
0.3968
0.3983
0.3874
0.3963
0.3859
0.3972
0.398
0.3907
0.3972
0.3965
0.3938
0.3976
0.3964
0.3952
0.3971
0.3871
0.398
0.395
0.3957
0.3846
0.3929
0.3943
0.3803
0.3904
0.3806
0.383
0.3965
0.3807
0.3887
0.3992
0.3989
0.3908
0.3973
0.3932
0.3979
0.3881
0.3834
0.3979
0.3943
0.3981
0.3989
0.3974
0.389
0.3983
0.3954
0.3953
0.3981
0.3949
0.3929
0.3967
0.3982
0.3972
0.3975
0.3983
0.3919
0.388
0.3886
0.3962
0.3858
0.3791
0.3954
0.398
0.3862
0.3978
0.3974
0.3976
0.3984
0.3948
0.3857
0.3779
0.3792
0.3948
0.3845
0.3826
0.3982
0.3932
0.3971
0.3978
0.3941
0.3929
0.3959
0.3877
0.3974
0.3984
0.3891
0.3885
0.3916
0.3895
0.3977
0.3931
0.3915
0.3959
0.3962
0.3995
0.3876
0.392
0.3971
0.3979
0.3967
0.3952
0.3946
0.3784
0.3944
0.3798
0.3959
0.377
0.3772
0.3949
0.3974
0.387
0.3928
0.3938
0.3965
0.3949
0.3971
0.3971
0.3908
0.3796
0.3984
0.3978
0.3946
0.3989
0.3788
0.3979
0.3969
0.3986
0.3981
0.3972
0.3967
0.3885
0.3983
0.3983
0.3845
0.3967
0.3965
0.3932
0.3975
0.3967
0.3978
0.3955
0.3945
0.3948
0.396
0.3842
0.3983
0.3956
0.3955
0.3985
0.3829
0.3857
0.3978
0.3983
0.397
0.3939
0.3815
0.3982
0.3968
0.3976
0.3976
0.3984
0.3981
0.3788
0.3976
0.3962
0.3844
0.3974
0.3962
0.3817
0.3961
0.3979
0.3897
0.3901
0.3954
0.3935
0.3891
0.3984
0.3979
0.3875
0.3981
0.3986
0.397
0.3952
0.3797
0.3735
0.3735
0.3979
0.3641
0.3968
0.3967
0.398
0.3626
0.3882
0.3983
0.3918
0.3953
0.3983
0.3973
0.3892
0.397
0.3892
0.372
0.3975
0.3981
0.3974
0.3972
0.3904
0.3905
0.3972
0.3844
0.3889
0.39
0.398
0.3962
0.395
0.3983
0.3963
0.3983
0.3867
0.3971
0.3822
0.3862
0.384
0.394
0.3988
0.3996
0.3963
0.399
0.3812
0.3892
0.3962
0.389
0.3921
0.3973
0.3963
0.3935
0.3823
0.3973
0.3977
0.3961
0.3913
0.3983
0.3975
0.3983
0.3978
0.3926
0.3983
0.3985
0.3808
0.3972
0.3939
0.3986
0.3879
0.3788
0.3923
0.3811
0.3909
0.3839
0.3966
0.3963
0.3955
0.375
0.3979
0.3988
0.3938
0.3988
0.399
0.394
0.3975
0.3898
0.3887
0.3822
0.3969
0.3985
0.3855
0.3933
0.3974
0.3978
0.3973
0.3969
0.372
0.3974
0.3974
0.3976
0.3929
0.3715
NA
NA
NA
NA
NA
NA
NA
NA
NA
NA
NA
NA
NA
NA
NA
NA
NA
NA
NA
NA
NA
NA
NA
NA
NA
NA
NA
NA
NA
NA
NA
NA
NA
NA
NA
NA
NA
NA
NA
NA
NA
NA
NA
NA
NA
NA
NA
NA
NA
NA
NA
NA
NA
NA
NA
NA
NA
NA
NA
NA
NA
NA
NA
NA
NA
NA
NA
NA
NA
NA
NA
NA
NA
NA
NA
NA
NA
NA
NA
NA
NA
NA
NA
NA
NA
NA
NA
NA
NA
NA
NA
NA
NA
NA
NA
NA
NA
NA
NA
NA
NA
NA
NA
NA
NA
NA
NA
NA
NA
NA
NA
NA
NA
NA
NA
NA
NA
NA
NA
NA
NA
NA
NA
NA
NA
NA
NA
NA
NA
NA
NA
NA
NA
NA
NA
NA
NA
NA
NA
NA
NA
NA
NA
NA
NA
NA
NA
NA
NA
NA
NA
NA
NA
NA
NA
NA
NA
NA
NA
NA
NA
NA
NA
NA
NA
NA
NA
NA
NA
NA
NA
NA
NA
NA
NA
NA
NA
NA
NA
NA
NA
NA
NA
NA
NA
NA
NA
NA
NA
NA
NA
NA
NA
NA
NA
NA
NA
NA
NA
NA
NA
NA
NA
NA
NA
NA
NA
NA
NA
NA
NA
NA
NA
NA
NA
NA
NA
NA
NA
NA
NA
NA
NA
NA
NA
NA
NA
NA
NA
NA
NA
NA
NA
NA
NA
NA
NA
NA
NA
NA
NA
NA
NA
NA
NA
NA
NA
NA
NA
NA
NA
NA
NA
NA
NA
NA
NA
NA
NA
NA
NA
NA
NA
NA
NA
NA
NA
NA
NA
NA
NA
NA
NA
NA
NA
NA
NA
NA
NA
NA
NA
NA
NA
NA
NA
NA
NA
NA
NA
NA
NA
NA
NA
NA
NA
NA
NA
NA
NA
NA
NA
NA
NA
NA
NA
NA
NA
NA
NA
NA
NA
NA
NA
NA
NA
NA
NA
NA
NA
NA
NA
NA
NA
NA
NA
NA
NA
NA
NA
NA
NA
NA
NA
NA
NA
NA
NA
NA
NA
NA
NA
NA
NA
NA
NA
NA
NA
NA
NA
NA
NA
NA
NA
NA
NA
NA
NA
NA
NA
NA
NA
NA
NA
NA
NA
NA
NA
NA
NA
NA
NA
NA
NA
NA
NA
NA
NA
NA
NA
NA
NA
NA
NA
NA
NA
NA
NA
NA
NA
NA
NA
NA
NA
NA
NA
NA
NA
NA
NA
NA
NA
NA
NA
NA
NA
NA
NA
NA
NA
NA
NA
NA
NA
NA
NA
NA
NA
NA
NA
NA
NA
NA
NA
NA
NA
NA
NA
NA
NA
NA
NA
NA
NA
NA
NA
NA
NA
NA
NA
NA
NA
NA
NA
NA
NA
NA
NA
NA
NA
NA
NA
NA
NA
NA
NA
NA
NA
NA
NA
NA
NA
NA
NA
NA
NA
NA
NA
NA
NA
NA
NA
NA
NA
NA
NA
NA
NA
NA
NA
NA
NA
NA
NA
NA
NA
NA
NA
NA
NA
NA
NA
NA
NA
NA
NA
NA
NA
NA
NA
NA
NA
NA
NA
NA
NA
NA
NA
NA
NA
NA
NA
NA
NA
NA
NA
NA
NA
NA
NA
NA
NA
NA
NA
NA
NA
NA
NA
NA
NA
NA
NA
NA
NA
NA
NA
NA
NA
NA
NA
NA
NA
NA
NA
NA
NA
NA
NA
NA
NA
NA
NA
NA
NA
NA
NA
NA
NA
NA
NA
NA
NA
NA
NA
NA
NA
NA
NA
NA
NA
NA
NA
NA
NA
NA
NA
NA
NA
NA
NA
NA
NA
NA
NA
NA
NA
NA
NA
NA
NA
NA
NA
NA
NA
NA
NA
NA
NA
NA
NA
NA
NA
NA
NA
NA
NA
NA
NA
NA
NA
NA
NA
NA
NA
NA
NA
NA
NA
NA
NA
NA
NA
NA
NA
NA
NA
NA
NA
NA
NA
NA
NA
NA
NA
NA
NA
NA
NA
NA
NA
NA
NA
NA
NA
NA
NA
NA
NA
NA
NA
NA
NA
NA
NA
NA
NA
NA
NA
NA
NA
NA
NA
NA
NA
NA
NA
NA
NA
NA
NA
NA
NA
NA
NA
NA
NA
NA
NA
NA
NA
NA
NA
NA
NA
NA
NA
NA
NA
NA
NA
NA
NA
NA
NA
NA
NA
NA
NA
NA
NA
NA
NA
NA
NA
NA
NA
NA
NA
NA
NA
NA
NA
NA
NA
NA
NA
NA
NA
NA
NA
NA
NA
NA
NA
NA
NA
NA
NA
NA
NA
NA
NA
NA
NA
NA
NA
NA
NA
NA
NA
NA
NA
NA
NA
NA
NA
NA
NA
NA
NA
NA
NA
NA
NA
NA
NA
NA
NA
NA
NA
NA
NA
NA
NA
NA
NA
NA
NA
NA
NA
NA
NA
NA
NA
NA
NA
NA
NA
NA
NA
NA
NA
NA
NA
NA
NA
NA
NA
NA
NA
NA
NA
NA
NA
NA
NA
NA
NA
NA
NA
NA
NA
NA
NA
NA
NA
NA
NA
NA
NA
NA
NA
NA
NA
NA
NA
NA
NA
NA
NA
NA
NA
NA
NA
NA
NA
NA
NA
NA
NA
NA
NA
NA
NA
NA
NA
NA
NA
NA
NA
NA
NA
NA
NA
NA
NA
NA
NA
NA
NA
NA
NA
NA
NA
NA
NA
NA
NA
NA
NA
NA
NA
NA
NA
NA
NA
NA
NA
NA
NA
NA
NA
NA
NA
NA
NA
NA
NA
NA
NA
NA
NA
NA
NA
NA
NA
NA
NA
NA
NA
NA
NA
NA
NA
NA
NA
NA
NA
NA
NA
NA
NA
NA
NA
NA
NA
NA
NA
NA
NA
NA
NA
NA
NA
NA
NA
NA
NA
NA
NA
NA
NA
NA
NA
NA
NA
NA
NA
NA
NA
NA
NA
NA
NA
NA
NA
NA
NA
NA
NA
NA
NA
NA
NA
NA
NA
NA
NA
NA
NA
NA
NA
NA
NA
NA
NA
NA
NA
NA
NA
NA
NA
NA
NA
NA
NA
NA
NA
NA
NA
NA
NA
NA
NA
NA
NA
NA
NA
NA
NA
NA
NA
NA
NA
NA
NA
NA
NA
NA
NA
NA
NA
NA
NA
NA
NA
NA
NA
NA
NA
NA
NA
NA
NA
NA
NA
NA
NA
NA
NA
NA
NA
NA
NA
NA
NA
NA
NA
NA
NA
NA
NA
NA
NA
NA
NA
NA
NA
NA
NA
NA
NA
NA
NA
NA
NA
NA
NA
NA
NA
NA
NA
NA
NA
NA
NA
NA
NA
NA
NA
NA
NA
NA
NA
NA
NA
NA
NA
NA
NA
NA
NA
NA
NA
NA
NA
NA
NA
NA
NA
NA
NA
NA
NA
NA
NA
NA
NA
NA
NA
NA
NA
NA
NA
NA
NA
NA
NA
NA
NA
NA
NA
NA
NA
NA
NA
NA
NA
NA
NA
NA
NA
NA
NA
NA
NA
NA
NA
NA
NA
NA
NA
NA
NA
NA
NA
NA
NA
NA
NA
NA
NA
NA
NA
NA
NA
NA
NA
NA
NA
NA
NA
NA
NA
NA
NA
NA
NA
NA
NA
NA
NA
NA
NA
NA
NA
NA
NA
NA
NA
NA
NA
NA
NA
NA
NA
NA
NA
NA
NA
NA
NA
NA
NA
NA
NA
NA
NA
NA
NA
NA
NA
NA
NA
NA
NA
NA
NA
NA
NA
NA
NA
NA
NA
NA
NA
NA
NA
NA
NA
NA
NA
NA
NA
NA
NA
NA
NA
NA
NA
NA
NA
NA
NA
NA
NA
NA
NA
NA
NA
NA
NA
NA
NA
NA
NA
NA
NA
NA
NA
NA
NA
NA
NA
NA
NA
NA
NA
NA
NA
NA
NA
NA
NA
NA
NA
NA
NA
NA
NA
NA
NA
NA
NA
NA
NA
NA
NA
NA
NA
NA
NA
NA
NA
NA
NA
NA
NA
NA
NA
NA
NA
NA
NA
NA
NA
NA
NA
NA
NA
NA
NA
NA
NA
NA
NA
NA
NA
NA
NA
NA
NA
NA
NA
NA
NA
NA
NA
NA
NA
NA
NA
NA
NA
NA
NA
NA
NA
NA
NA
NA
NA
NA
NA
NA
NA
NA
NA
NA
NA
NA
NA
NA
NA
NA
NA
NA
NA
NA
NA
NA
NA
NA
NA
NA
NA
NA
NA
NA
NA
NA
NA
NA
NA
NA
NA
NA
NA
NA
NA
NA
NA
NA
NA
NA
NA
NA
NA
NA
NA
NA
NA
NA
NA
NA
NA
NA
NA
NA
NA
NA
NA
NA
NA
NA
NA
NA
NA
NA
NA
NA
NA
NA
NA
NA
NA
NA
NA
NA
NA
NA
NA
NA
NA
NA
NA
NA
NA
NA
NA
NA
NA
NA
NA
NA
NA
NA
NA
NA
NA
NA
NA
NA
NA
NA
NA
NA
NA
NA
NA
NA
NA
NA
NA
NA
NA
NA
NA
NA
NA
NA
NA
NA
NA
NA
NA
NA
NA
NA
NA
NA
NA
NA
NA
NA
NA
NA
NA
NA
NA
NA
NA
NA
NA
NA
NA
NA
NA
NA
NA
NA
NA
NA
NA
NA
NA
NA
NA
NA
NA
NA
NA
NA
NA
NA
NA
NA
NA
NA
NA
NA
NA
NA
NA
NA
NA
NA
NA
NA
NA
NA
NA
NA
NA
NA
NA
NA
NA
NA
NA
NA
NA
NA
NA
NA
NA
NA
NA
NA
NA
NA
NA
NA
NA
NA
NA
NA
NA
NA
NA
NA
NA
NA
NA
NA
NA
NA
NA
NA
NA
NA
NA
NA
NA
NA
NA
NA
NA
NA
NA
NA
NA
NA
NA
NA
NA
NA
NA
NA
NA
NA
NA
NA
NA
NA
NA
NA
NA
NA
NA
NA
NA
NA
NA
NA
NA
NA
NA
NA
NA
NA
NA
NA
NA
NA
NA
NA
NA
NA
NA
NA
NA
NA
NA
NA
NA
NA
NA
NA
NA
NA
NA
NA
NA
NA
NA
NA
NA
NA
NA
NA
NA
NA
NA
NA
NA
NA
NA
NA
NA
NA
NA
NA
NA
NA
NA
NA
NA
NA
NA
NA
NA
NA
NA
NA
NA
NA
NA
NA
NA
NA
NA
NA
NA
NA
NA
NA
NA
NA
NA
NA
NA
NA
NA
NA
NA
NA
NA
NA
NA
NA
NA
NA
NA
NA
NA
NA
NA
NA
NA
NA
NA
NA
NA
NA
NA
NA
NA
NA
NA
NA
NA
NA
NA
NA
NA
NA
NA
NA
NA
NA
NA
NA
NA
NA
NA
NA
NA
NA
NA
NA
NA
NA
NA
NA
NA
NA
NA
NA
NA
NA
NA
NA
NA
NA
NA
NA
NA
NA
NA
NA
NA
NA
NA
NA
NA
NA
NA
NA
NA
NA
NA
NA
NA
NA
NA
NA
NA
NA
NA
NA
NA
NA
NA
NA
NA
NA
NA
NA
NA
NA
NA
NA
NA
NA
NA
NA
NA
NA
NA
NA
NA
NA
NA
NA
NA
NA
NA
NA
NA
NA
NA
NA
NA
NA
NA
NA
NA
NA
NA
NA
NA
NA
NA
NA
NA
NA
NA
NA
NA
NA
NA
NA
NA
NA
NA
NA
NA
NA
NA
NA
NA
NA
NA
NA
NA
NA
NA
NA
NA
NA
NA
NA
NA
NA
NA
NA
NA
NA
NA
NA
NA
NA
NA
NA
NA
NA
NA
NA
NA
NA
NA
NA
NA
NA
NA
NA
NA
NA
NA
NA
NA
NA
NA
NA
NA
NA
NA
NA
NA
NA
NA
NA
NA
NA
NA
NA
NA
NA
NA
NA
NA
NA
NA
NA
NA
NA
NA
NA
NA
NA
NA
NA
NA
NA
NA
NA
NA
NA
NA
NA
NA
NA
NA
NA
NA
NA
NA
NA
NA
NA
NA
NA
NA
NA
NA
NA
NA
NA
NA
NA
NA
NA
NA
NA
NA
NA
NA
NA
NA
NA
NA
NA
NA
NA
NA
NA
NA
NA
NA
NA
NA
NA
NA
NA
NA
NA
NA
NA
NA
NA
NA
NA
NA
NA
NA
NA
NA
NA
NA
NA
NA
NA
NA
NA
NA
NA
NA
NA
NA
NA
NA
NA
NA
NA
NA
NA
NA
NA
NA
NA
NA
NA
NA
NA
NA
NA
NA
NA
NA
NA
NA
NA
NA
NA
NA
NA
NA
NA
NA
NA
NA
NA
NA
NA
NA
NA
NA
NA
NA
NA
NA
NA
NA
NA
NA
NA
NA
NA
NA
NA
NA
NA
NA
NA
NA
NA
NA
NA
NA
NA
NA
NA
NA
NA
NA
NA
NA
NA
NA
NA
NA
NA
NA
NA
NA
NA
NA
NA
NA
NA
NA
NA
NA
NA
NA
NA
NA
NA
NA
NA
NA
NA
NA
NA
NA
NA
NA
NA
NA
NA
NA
NA
NA
NA
NA
NA
NA
NA
NA
NA
NA
NA
NA
NA
NA
NA
NA
NA
NA
NA
NA
NA
NA
NA
NA
NA
NA
NA
NA
NA
NA
NA
NA
NA
NA
NA
NA
NA
NA
NA
NA
NA
NA
NA
NA
NA
NA
NA
NA
NA
NA
NA
NA
NA
NA
NA
NA
NA
NA
NA
NA
NA
NA
NA
NA
NA
NA
NA
NA
NA
NA
NA
NA
NA
NA
NA
NA
NA
NA
NA
NA
NA
NA
NA
NA
NA
NA
NA
NA
NA
NA
NA
NA
NA
NA
NA
NA
NA
NA
NA
NA
NA
NA
NA
NA
NA
NA
NA
NA
NA
NA
NA
NA
NA
NA
NA
NA
NA
NA
NA
NA
NA
NA
NA
NA
NA
NA
NA
NA
NA
NA
NA
NA
NA
NA
NA
NA
NA
NA
NA
NA
NA
NA
NA
NA
NA
NA
NA
NA
NA
NA
NA
NA
NA
NA
NA
NA
NA
NA
NA
NA
NA
NA
NA
NA
NA
NA
NA
NA
NA
NA
NA
NA
NA
NA
NA
NA
NA
NA
NA
NA
NA
NA
NA
NA
NA
NA
NA
NA
NA
NA
NA
NA
NA
NA
NA
NA
NA
NA
NA
NA
NA
NA
NA
NA
NA
NA
NA
NA
NA
NA
NA
NA
NA
NA
NA
NA
NA
NA
NA
NA
NA
NA
NA
NA
NA
NA
NA
NA
NA
NA
NA
NA
NA
NA
NA
NA
NA
NA
NA
NA
NA
NA
NA
NA
NA
NA
NA
NA
NA
NA
NA
NA
NA
NA
NA
NA
NA
NA
NA
NA
NA
NA
NA
NA
NA
NA
NA
NA
NA
NA
NA
NA
NA
NA
NA
NA
NA
NA
NA
NA
NA
NA
NA
NA
NA
NA
NA
NA
NA
NA
NA
NA
NA
NA
NA
NA
NA
NA
NA
NA
NA
NA
NA
NA
NA
NA
NA
NA
NA
NA
NA
NA
NA
NA
NA
NA
NA
NA
NA
NA
NA
NA
NA
NA
NA
NA
NA
NA
NA
NA
NA
NA
NA
NA
NA
NA
NA
NA
NA
NA
NA
NA
NA
NA
NA
NA
NA
NA
NA
NA
NA
NA
NA
NA
NA
NA
NA
NA
NA
NA
NA
NA
NA
NA
NA
NA
NA
NA
NA
NA
NA
NA
NA
NA
NA
NA
NA
NA
NA
NA
NA
NA
NA
NA
NA
NA
NA
NA
NA
NA
NA
NA
NA
NA
NA
NA
NA
NA
NA
NA
NA
NA
NA
NA
NA
NA
NA
NA
NA
NA
NA
NA
NA
NA
NA
NA
NA
NA
NA
NA
NA
NA
NA
NA
NA
NA
NA
NA
NA
NA
NA
NA
NA
NA
NA
NA
NA
NA
NA
NA
NA
NA
NA
NA
NA
NA
NA
NA
NA
NA
NA
NA
NA
NA
NA
NA
NA
NA
NA
NA
NA
NA
NA
NA
NA
NA
NA
NA
NA
NA
NA
NA
NA
NA
NA
NA
NA
NA
NA
NA
NA
NA
NA
NA
NA
NA
NA
NA
NA
NA
NA
NA
NA
NA
NA
NA
NA
NA
NA
NA
NA
NA
NA
NA
NA
NA
NA
NA
NA
NA
NA
NA
NA
NA
NA
NA
NA
NA
NA
NA
NA
NA
NA
NA
NA
NA
NA
NA
NA
NA
NA
NA
NA
NA
NA
NA
NA
NA
NA
NA
NA
NA
NA
NA
NA
NA
NA
NA
NA
NA
NA
NA
NA
NA
NA
NA
NA
NA
NA
NA
NA
NA
NA
NA
NA
NA
NA
NA
NA
NA
NA
NA
NA
NA
NA
NA
NA
NA
NA
NA
NA
NA
NA
NA
NA
NA
NA
NA
NA
NA
NA
NA
NA
NA
NA
NA
NA
NA
NA
NA
NA
NA
NA
NA
NA
NA
NA
NA
NA
NA
NA
NA
NA
NA
NA
NA
NA
NA
NA
NA
NA
NA
NA
NA
NA
NA
NA
NA
NA
NA
NA
NA
NA
NA
NA
NA
NA
NA
NA
NA
NA
NA
NA
NA
NA
NA
NA
NA
NA
NA
NA
NA
NA
NA
NA
NA
NA
NA
NA
NA
NA
NA
NA
NA
NA
NA
NA
NA
NA
NA
NA
NA
NA
NA
NA
NA
NA
NA
NA
NA
NA
NA
NA
NA
NA
NA
NA
NA
NA
NA
NA
NA
NA
NA
NA
NA
NA
NA
NA
NA
NA
NA
NA
NA
NA
NA
NA
NA
NA
NA
NA
NA
NA
NA
NA
NA
NA
NA
NA
NA
NA
NA
NA
NA
NA
NA
NA
NA
NA
NA
NA
NA
NA
NA
NA
NA
NA
NA
NA
NA
NA
NA
NA
NA
NA
NA
NA
NA
NA
NA
NA
NA
NA
NA
NA
NA
NA
NA
NA
NA
NA
NA
NA
NA
NA
NA
NA
NA
NA
NA
NA
NA
NA
NA
NA
NA
NA
NA
NA
NA
NA
NA
NA
NA
NA
NA
NA
NA
NA
NA
NA
NA
NA
NA
NA
NA
NA
NA
NA
NA
NA
NA
NA
NA
NA
NA
NA
NA
NA
NA
NA
NA
NA
NA
NA
NA
NA
NA
NA
NA
NA
NA
NA
NA
NA
NA
NA
NA
NA
NA
NA
NA
NA
NA
NA
NA
NA
NA
NA
NA
NA
NA
NA
NA
NA
NA
NA
NA
NA
NA
NA
NA
NA
NA
NA
NA
NA
NA
NA
NA
NA
NA
NA
NA
NA
NA
NA
NA
NA
NA
NA
NA
NA
NA
NA
NA
NA
NA
NA
NA
NA
NA
NA
NA
NA
NA
NA
NA
NA
NA
NA
NA
NA
NA
NA
NA
NA
NA
NA
NA
NA
NA
NA
NA
NA
NA
NA
NA
NA
NA
NA
NA
NA
NA
NA
NA
NA
NA
NA
NA
NA
NA
NA
NA
NA
NA
NA
NA
NA
NA
NA
NA
NA
NA
NA
NA
NA
NA
NA
NA
NA
NA
NA
NA
NA
NA
NA
NA
NA
NA
NA
NA
NA
NA
NA
NA
NA
NA
NA
NA
NA
NA
NA
NA
NA
NA
NA
NA
NA
0.3725
0.3291
0.2286
0.3415
0.2807
0.3176
0.3824
0.5066
0.2963
0.3791
0.2235
0.3446
0.538
0.3185
0.5466
0.7886
0.5217
0.5355
0.1268
0.411
0.4096
0.3554
0.3952
0.5655
0.3625
0.3973
0.3118
0.243
0.6738
0.3239
0.4151
0.4176
0.408
0.3455
0.2298
0.3571
0.3049
0.369
0.604
0.4581
0.3364
0.3598
0.3022
0.3791
0.4689
0.4375
0.4329
0.3062
0.497
0.3086
0.289
0.2143
0.3949
0.5449
0.3512
0.2486
0.381
0.341
0.4157
0.4632
0.2581
0.4803
0.4049
0.1878
0.2191
0.2887
0.2439
0.4244
0.2874
0.2751
0.3933
0.4444
0.3899
0.2591
0.3292
0.6259
0.3935
0.5882
0.3457
0.5
0.5238
0.3299
0.4375
0.382
0.2873
0.4521
0.3931
0.4667
0.3277
0.3077
0.3688
0.4965
0.3806
0.4128
0.3195
0.3276
0.4629
0.4124
0.3975
0.3898
0.4161
0.3734
0.3469
0.5197
0.2718
0.3353
0.2529
0.3829
0.3476
0.4497
0.3179
0.3626
0.4211
0.4178
0.3333
0.4333
0.2742
0.4497
0.4312
0.2381
0.3961
0.25
0.3212
0.3038
0.2236
0.3699
0.4483
0.358
0.3774
0.3046
0.4417
0.3129
0.3353
0.6204
0.5064
0.3308
0.2887
0.3292
0.4912
0.563
0.4286
0.2228
0.3146
0.3143
0.3593
0.4012
0.3182
0.3077
0.4248
0.359
0.2907
0.449
0.3512
0.341
0.3404
0.4181
0.5342
0.2337
0.3487
0.3395
0.2416
0.3867
0.3425
0.4236
0.4431
0.3017
0.363
0.3722
0.3333
0.3515
0.3736
0.3699
0.3274
0.3355
0.325
0.3681
0.3963
0.4774
0.2396
0.3354
0.6519
0.2359
0.5232
0.3207
0.3724
0.4
0.4768
0.2975
0.2765
0.2632
0.4744
0.5211
0.2473
0.4625
0.5616
0.3476
0.4861
0.3
0.5245
0.3216
0.3468
0.3536
0.2968
0.3081
0.2167
0.3333
0.1954
0.2192
0.2642
0.2754
0.3025
0.4012
0.2512
0.375
0.3822
0.4366
0.3168
0.3077
0.391
0.3797
0.4186
0.2933
0.3987
0.4662
0.3378
0.3408
0.2199
0.3446
0.3037
0.3922
0.2938
0.4205
0.1719
0.4024
0.5071
0.4
0.3214
0.2057
0.3011
0.2054
0.2686
0.3885
0.2945
0.4214
0.3883
0.3602
0.3459
0.3081
0.2743
0.2471
0.3268
0.3687
0.4046
0.25
0.3987
0.7398
0.3557
0.4
0.2542
0.4103
0.3188
0.276
0.4181
0.2849
0.322
0.3234
0.3631
0.3117
0.3636
0.3433
0.3907
0.493
0.2727
0.2581
0.3202
0.2473
0.3681
0.2203
0.4082
0.2222
0.2766
0.4044
0.3311
0.36
0.1914
0.388
0.224
0.2956
0.4133
0.4
0.2434
0.2727
0.2778
0.3617
0.4182
0.2566
0.3803
0.3885
0.3607
0.3728
0.3404
0.3526
0.3257
0.247
0.2933
0.2455
0.3434
0.4136
0.3132
0.3413
0.5267
0.4663
0.2933
0.3391
0.5
0.2919
0.283
0.3314
0.4104
0.2826
0.372
0.3681
0.4387
0.3253
0.32
0.3249
0.3057
0.3068
0.3125
0.2895
0.4231
0.2883
0.2647
0.199
0.1891
0.2138
0.271
0.4229
0.34
0.5359
0.235
0.3722
0.2989
0.463
0.3916
0.2327
0.3294
0.4181
0.4211
0.3861
0.4091
0.3598
0.3702
0.3289
0.4451
0.432
0.4231
0.4907
0.2099
0.2979
0.4286
0.3235
0.2637
0.3988
0.3351
0.5379
0.3736
0.2216
0.422
0.2642
0.2941
0.442
0.3797
0.2532
0.3702
0.2842
0.4671
0.3667
0.2083
0.2881
0.2405
0.2679
0.4027
0.3168
0.2751
0.3413
0.1632
0.4425
0.303
0.2843
0.2373
0.2295
0.3795
0.5033
0.5781
0.4969
0.4303
0.4783
0.2814
0.2443
0.3775
0.4577
0.372
0.2667
0.2876
0.3568
0.4371
0.411
0.4037
0.2635
0.4027
0.3176
0.4685
0.2961
0.2021
0.4054
0.3584
0.3955
0.3171
0.5037
0.3882
0.3158
0.2558
0.4099
0.2976
0.3292
0.5032
0.3865
0.3155
0.3829
0.2424
0.4022
0.5128
0.5067
0.3864
0.475
0.2989
0.451
0.4217
0.281
0.3669
0.3631
0.3377
0.339
0.3
0.2994
0.3
0.5486
0.3678
0.2381
0.3257
0.4023
0.2793
0.3208
0.3158
0.3048
0.3239
0.5276
0.269
0.3086
0.3721
0.4079
0.2684
0.3663
0.289
0.5067
0.4667
0.3989
0.3824
0.4068
0.4731
0.3942
0.4016
0.1576
0.3698
0.3725
0.3439
0.3832
0.4074
0.3261
0.4101
0.3117
0.3086
0.2512
0.2747
0.479
0.3418
0.1888
0.2454
0.4438
0.3885
0.469
0.2096
0.3122
0.3537
0.4591
0.4277
0.4436
0.2609
0.2429
0.3165
0.3779
0.4091
0.3155
0.3457
0.3082
0.1968
0.2895
0.4242
0.4727
0.3537
0.369
0.2222
0.4653
0.3551
0.3148
0.3015
0.3806
0.2471
0.4012
0.293
0.5536
0.3731
0.2242
0.4762
0.3977
0.4286
0.2203
0.3537
0.3023
0.4457
0.3608
0.3277
0.2807
0.4353
0.46
0.3385
0.2906
0.3813
0.488
0.298
0.4277
0.3256
0.3296
0.752
0.4
0.4295
0.2671
0.1927
0.5597
0.2798
0.3462
0.3041
0.3587
0.4224
0.3
0.3439
0.5214
0.4578
0.377
0.3377
0.3862
0.4583
0.4214
0.3179
0.3554
0.622
0.4416
0.58
0.5735
0.2327
0.518
0.2616
0.2938
0.3663
0.239
0.4351
0.5235
0.3168
0.5969
0.4302
0.3861
0.3129
0.2197
0.2786
0.5772
0.4889
0.2934
0.3512
0.2614
0.3801
0.2364
0.2984
0.3032
0.4882
0.4759
0.5741
0.4459
0.537
0.4192
0.3056
0.2235
0.4405
0.3117
0.3441
0.2924
0.235
0.3832
0.3373
0.3272
0.2905
0.3929
0.4832
0.493
0.3911
0.3836
0.3061
0.3077
0.3027
0.3113
0.4768
0.3818
0.372
0.4176
0.2685
0.3092
0.3876
0.2513
0.503
0.4247
0.4184
0.4522
0.5385
0.3106
0.3129
0.2928
0.4121
0.4653
0.3392
0.4832
0.4
0.4034
0.3493
0.4241
0.4114
0.3083
0.2849
0.3616
0.4329
0.2635
0.3385
0.5762
0.4526
0.32
0.3896
0.8018
0.3818
0.3265
0.2527
0.3237
0.3221
0.4516
0.2019
0.3481
0.2763
0.2461
0.152
0.5602
0.2035
0.4643
0.339
0.2953
0.2791
0.3841
0.4136
0.4695
0.3562
0.4379
0.3735
0.2965
0.3905
0.2042
0.2349
0.4011
0.2948
0.3195
0.2588
0.3369
0.3051
0.3529
0.3911
0.3378
0.2727
0.1972
0.2805
0.3676
0.3641
0.2967
0.4652
0.2588
0.5425
0.4096
0.4752
0.3254
0.4128
0.4101
0.3111
0.3497
0.4152
0.6438
0.3841
0.3464
0.3774
0.3723
0.3672
0.1975
0.2824
0.4066
0.2857
0.4038
0.4133
0.3916
0.343
0.2147
0.2899
0.348
0.2807
0.2907
0.2934
0.3665
0.3022
0.1589
0.4046
0.3529
0.4429
0.2989
0.3882
0.3704
0.3832
0.4576
0.3989
0.3807
0.3701
0.3929
0.2834
0.2604
0.4242
0.3681
0.4037
0.3851
0.3498
0.3266
0.3526
0.2485
0.3862
0.2988
0.2831
0.3077
0.267
0.3261
0.3774
0.2604
0.3314
0.4142
0.1649
0.3262
0.2579
0.3314
0.4107
0.5909
0.3885
0.2515
0.3678
0.3795
0.4552
0.2162
0.3716
0.2727
0.2555
0.4485
0.3309
0.2692
0.454
0.5385
0.3722
0.3526
0.3095
0.2932
0.3688
0.3725
0.5957
0.3772
0.3056
0.3665
0.4717
0.2914
0.3418
0.4362
0.2517
0.521
0.42
0.2843
0.3256
0.4795
0.3548
0.3529
0.3497
0.3289
0.2825
0.3862
0.4239
0.2819
0.2824
0.3101
0.3812
0.3069
0.4475
0.4037
0.4971
0.4342
0.4855
0.4832
0.3262
0.2353
0.5957
0.3371
0.36
0.2682
0.3179
0.3051
0.5074
0.3452
0.475
0.3681
0.2597
0.4527
0.2434
0.4703
0.3314
0.3862
0.4403
0.4747
0.3152
0.2065
0.3394
0.2707
0.2989
0.4533
0.3864
0.2795
0.2875
0.3468
0.3082
0.3659
0.2324
0.4051
0.2575
0.2443
0.4024
0.4186
0.4037
0.3966
0.1972
0.431
0.3386
0.3722
0.3351
0.2579
0.3706
0.5353
0.2821
0.2282
0.1962
0.2941
0.2295
0.2485
0.3158
0.3681
0.6593
0.3743
0.3916
0.3742
0.3827
0.3889
0.4362
0.3975
0.3526
0.3816
0.2281
0.3537
0.2727
0.2624
0.58
0.25
0.3893
0.2587
0.3926
0.3846
0.4083
0.6364
0.2704
0.4903
0.2989
0.2835
0.352
0.5357
0.2941
0.1838
0.4211
0.3211
0.2659
0.2704
0.3526
0.2527
0.3784
0.486
0.369
0.3742
0.3459
0.3497
0.2706
0.4472
0.3598
0.3864
0.3784
0.3029
0.323
0.4221
0.5669
0.3537
0.3378
0.38
0.3892
0.3019
0.4444
0.4604
0.3302
0.3125
0.465
0.4103
0.2775
0.4044
0.3878
0.3889
0.2679
0.3164
0.3077
0.2795
0.2473
0.3354
0.5097
0.3013
0.3904
0.4643
0.522
0.4082
0.3276
0.1751
0.3253
0.3109
0.2733
0.2375
0.4667
0.1676
0.2456
0.2963
0.4052
0.343
0.2986
0.317
0.3315
0.2683
0.3742
0.3086
0.3129
0.5479
0.3491
0.2554
0.3971
0.2303
0.3576
0.3871
0.3529
0.2771
0.4067
0.4756
0.2228
0.2743
0.3446
0.407
0.2849
0.3509
0.4
0.2791
0.5245
0.3007
0.3139
0.5116
0.3622
0.5031
0.3464
0.2911
0.0591
0.1098
0.1802
0.2471
0.2774
0.2949
0.2716
0.2222
0.0598
0.2222
0.3987
0.0993
0.2981
0.4961
0.3478
0.0698
0.0607
0.1849
0.2711
0.2395
0.2994
0.1908
0.2188
0.22
0.2688
0.1963
0.4965
0.1818
0.3208
0.2765
0.3218
0.2515
0.1677
0.1703
0.2134
0.2917
0.1916
0.1078
0.2396
0.0988
0.1703
0.3007
0.2275
0.3188
0.0983
0.175
0.3152
0.216
0.1543
0.2381
0.2667
0.131
0.1345
0.2418
0.2781
0.2197
0.2515
0.2714
0.2258
0.3092
0.1412
0.1421
0.082
0.1487
0.2134
0.3023
0.1875
0.178
0.22
0.3333
0.25
0.2798
0.2484
0.5102
0.25
0.25
0.2469
0.3427
0.3393
0.2216
0.1684
0.2
0.1957
0.3288
0.1712
0.25
0.1117
0.1744
0.1497
0.1592
0.3032
0.2629
0.2012
0.1724
0.2971
0.037
0.2484
0.2247
0.1921
0.2595
0.2449
0.3383
0.2103
0.2865
0.0556
0.2472
0.1939
0.2663
0.2
0.2982
0.1525
0.18
0.2044
0.3533
0.1828
0.0929
0.3312
0.2395
0.0964
0.1864
0.1617
0.179
0.1925
0.0978
0.0585
0.089
0.2075
0.2414
0.2
0.2515
0.1976
0.2867
0.2222
0.1955
0.1878
0.0353
0.2865
0.3852
0.2795
0.0603
0.2584
0.1932
0.1813
0.2515
0.2403
0.0726
0.2353
0.0723
0.2093
0.1056
0.2765
0.0526
0.2819
0.2044
0.3913
0.0895
0.2763
0.3457
0.1678
0.0683
0.2198
0.1351
0.4611
0.2235
0.0705
0.1622
0.281
0.2036
0.2143
0.073
0.2384
0.3421
0.0663
0.1463
0.2378
0.3032
0.1979
0.1758
0.292
0.1077
0.2579
0.2391
0.1724
0.2444
0.3137
0.1975
0.2471
0.1866
0.1824
0.3241
0.0573
0.3312
0.2065
0.2256
0.1986
0.1538
0.1523
0.1686
0.0815
0.1071
0.0982
0.1943
0.1989
0.1685
0.1494
0.137
0.2013
0.1063
0.1656
0.2635
0.1053
0.2727
0.2342
0.1879
0.3168
0.2342
0.1812
0.2312
0.2384
0.2067
0.2625
0.3209
0.255
0.1685
0.1204
0.1076
0.0728
0.3097
0.2655
0.3692
0.151
0.3212
0.1946
0.3353
0.2798
0.0556
0.1596
0.1295
0.2114
0.1024
0.2454
0.3208
0.1684
0.0632
0.2547
0.1302
0.2057
0.1696
0.2273
0.2011
0.374
0.0726
0.3165
0.561
0.1879
0.296
0.0588
0.2611
0.2188
0.1846
0.1436
0.1164
0.1676
0.2414
0.216
0.0843
0.0745
0.2667
0.2403
0.338
0.0688
0.0872
0.1585
0.1648
0.2431
0.1629
0.2568
0.1615
0.1649
0.1598
0.0629
0.0749
0.0353
0.1429
0.1302
0.2013
0.1765
0.2812
0.1701
0.107
0.2778
0.2411
0.2485
0.2252
0.071
0.0355
0.2131
0.3669
0.0685
0.2405
0.2253
0.1529
0.1987
0.1556
0.2108
0.2591
0.2692
0.2308
0.2961
0.259
0.0892
0.1461
0.2119
0.2378
0.2704
0.2544
0.1311
0.1915
0.08
0.1703
0.2645
0.2182
0.1932
0.2386
0.2611
0.2299
0.225
0.2039
0.2628
0.2393
0.1882
0.1262
0.0433
0.1698
0.1987
0.24
0.2129
0.3268
0.1749
0.1902
0.0538
0.319
0.2711
0.198
0.1897
0.2291
0.3368
0.2
0.2373
0.2317
0.2762
0.0818
0.2866
0.2308
0.2088
0.0968
0.0415
0.1968
0.3214
0.1552
0.1484
0.2147
0.1882
0.411
0.2989
0.1005
0.2727
0.1296
0.2235
0.2983
0.2025
0.1205
0.2707
0.1189
0.1795
0.2444
0.1369
0.1854
0.1509
0.1488
0.2632
0.1235
0.1693
0.2635
0.1158
0.3678
0.118
0.2353
0.1899
0.1237
0.0389
0.366
0.4219
0.2883
0.1765
0.3333
0.1706
0.1387
0.2583
0.3497
0.157
0.1167
0.2157
0.2849
0.0638
0.3219
0.0925
0.2143
0.2781
0.2432
0.3427
0.1
0.1042
0.2011
0.2775
0.3164
0.1928
0.2754
0.0726
0.2456
0.1628
0.3043
0.2202
0.323
0.2675
0.0659
0.1854
0.1977
0.0751
0.2
0.283
0.0723
0.2614
0.3602
0.2701
0.3333
0.3855
0.1961
0.1953
0.2
0.1609
0.1685
0.1778
0.2542
0.1513
0.375
0.3161
0.131
0.1818
0.2586
0.1667
0.2704
0.2216
0.2021
0.2
0.5181
0.0604
0.1751
0.0479
0.2667
0.1895
0.1977
0.2023
0.4267
0.2518
0.2973
0.2843
0.2303
0.2888
0.3066
0.3101
0.163
0.2344
0.2484
0.2013
0.3413
0.2393
0.0455
0.3
0.3226
0.1886
0.165
0.1758
0.1886
0.1633
0.1684
0.2086
0.1397
0.1962
0.3724
0.1557
0.1629
0.0654
0.3333
0.3208
0.3209
0.1677
0.1333
0.2518
0.2414
0.2727
0.1905
0.3333
0.1053
0.1702
0.1937
0.3455
0.0632
0.1646
0.2024
0.202
0.3243
0.1389
0.2134
0.2319
0.3097
0.2059
0.2616
0.242
0.3452
0.0896
0.0994
0.2313
0.2222
0.066
0.1695
0.1976
0.0535
0.2935
0.2278
0.2768
0.2047
0.2197
0.2434
0.0481
0.0698
0.2374
0.2416
0.2172
0.2528
0.2733
0.1323
0.1558
0.2795
0.0915
0.0783
0.1279
0.478
0.1082
0.1813
0.1871
0.3149
0.3354
0.2486
0.1772
0.1333
0.3554
0.235
0.1783
0.3069
0.2847
0.3082
0.1552
0.2924
0.1275
0.2792
0.42
0.4559
0.0838
0.3237
0.2267
0.1846
0.1503
0.0425
0.2821
0.3529
0.1683
0.1958
0.3895
0.0553
0.1951
0.2948
0.0569
0.3826
0.3222
0.1856
0.1818
0.1648
0.2573
0.1779
0.0537
0.171
0.4235
0.1393
0.4012
0.2752
0.3642
0.3713
0.1978
0.2118
0.3214
0.2338
0.2204
0.2047
0.1064
0.2209
0.1677
0.1893
0.1908
0.2857
0.0359
0.3611
0.2458
0.1369
0.1678
0.2253
0.1622
0.2532
0.298
0.4121
0.3171
0.3412
0.1812
0.2092
0.1567
0.1276
0.1908
0.3011
0.1083
0.0559
0.2276
0.179
0.2454
0.2928
0.2254
0.2138
0.2807
0.3893
0.2398
0.2472
0.1688
0.1951
0.2595
0.2296
0.1494
0.2994
0.3354
0.1617
0.0376
0.3618
0.3043
0.2867
0.3442
0.1953
0.108
0.1905
0.2258
0.2356
0.2886
0.2903
0.1596
0.1553
0.0955
0.1885
0.117
0.2384
0.1839
0.3452
0.1978
0.1969
0.2442
0.2927
0.2061
0.2622
0.2174
0.2616
0.2321
0.2312
0.1839
0.0459
0.1627
0.1915
0.237
0.1953
0.1824
0.1872
0.2203
0.201
0.3146
0.2013
0.1573
0.1596
0.0571
0.1784
0.1865
0.1848
0.3529
0.2059
0.3137
0.3174
0.4184
0.2241
0.1389
0.3427
0.15
0.184
0.2989
0.5
0.2439
0.2346
0.2378
0.3214
0.2486
0.0667
0.1765
0.2043
0.2338
0.3077
0.22
0.2937
0.2616
0.0888
0.1824
0.2255
0.1067
0.2849
0.1377
0.2435
0.1304
0.1163
0.2543
0.2482
0.3286
0.1622
0.2961
0.284
0.2485
0.3051
0.1852
0.2216
0.2138
0.2929
0.0711
0.1686
0.1163
0.2033
0.1768
0.0698
0.3005
0.2663
0.2532
0.2061
0.3386
0.2683
0.311
0.125
0.2102
0.0876
0.1635
0.0674
0.1941
0.3609
0.1989
0.3475
0.1947
0.0656
0.3036
0.5
0.3309
0.2047
0.2356
0.1869
0.3209
0.173
0.2416
0.2273
0.1852
0.2606
0.2086
0.0745
0.303
0.4056
0.2556
0.289
0.244
0.2116
0.2688
0.1091
0.223
0.142
0.2778
0.3438
0.3711
0.1013
0.1524
0.2635
0.0938
0.3593
0.34
0.2589
0.25
0.3219
0.1562
0.1312
0.1905
0.0788
0.1944
0.1958
0.3207
0.0564
0.1647
0.2278
0.2174
0.1623
0.3204
0.236
0.2
0.2829
0.2775
0.396
0.0812
0.1588
0.2837
0.2865
0.0976
0.1538
0.2832
0.0625
0.4412
0.185
0.3312
0.2638
0.1062
0.3514
0.1534
0.1493
0.1813
0.3103
0.1706
0.327
0.1607
0.1742
0.1818
0.1955
0.0722
0.3571
0.2727
0.2298
0.1863
0.2254
0.2201
0.0857
0.2703
0.3129
0.2575
0.0856
0.2143
0.2791
0.2699
0.3218
0.0529
0.3046
0.2857
0.0838
0.2094
0.175
0.2276
0.2938
0.1321
0.1893
0.118
0.1824
0.0314
0.1893
0.2211
0.3374
0.4815
0.233
0.2048
0.2822
0.2471
0.12
0.38
0.1156
0.2414
0.3224
0.1462
0.2667
0.0505
0.2228
0.4539
0.095
0.3087
0.0896
0.2822
0.2062
0.2722
0.4697
0.1735
0.3742
0.1123
0.098
0.2667
0.3786
0.1204
0.086
0.2632
0.1531
0.1445
0.0893
0.1525
0.1868
0.2973
0.4358
0.0492
0.069
0.2704
0.1711
0.2529
0.2857
0.0838
0.2088
0.25
0.2343
0.1863
0.3247
0.3386
0.2653
0.085
0.2733
0.2356
0.2516
0.2414
0.2929
0.1628
0.2216
0.327
0.2357
0.0618
0.306
0.38
0.1869
0.1111
0.2599
0.1706
0.1829
0.1383
0.2422
0.3742
0.2372
0.2671
0.2011
0.2454
0.2925
0.2069
0.0829
0.2229
0.2332
0.0811
0.1688
0.2083
0.185
0.157
0.1905
0.1656
0.2326
0.2639
0.2232
0.2753
0.1951
0.2258
0.0506
0.2857
0.2895
0.0667
0.163
0.3456
0.1636
0.2339
0.2903
0.3262
0.1078
0.24
0.3254
0.1739
0.1173
0.2703
0.0984
0.1989
0.2456
0.2585
0.1977
0.3333
0.268
0.1377
0.314
0.3027
0.3774
0.1925
0.0805
0.0806
0.1585
0.0761
0.0879
0.25
0.3205
0.2086
0.118
0.1564
0.0755
0.0756
0.078
0.2667
0.3953
0.1951
0.3419
0.0561
0.2123
0.0552
0.1412
0.1648
0.2237
0.0585
0.05
0.1719
0.0714
0.1824
0.125
0.076
0.2765
0.1758
0.1856
0.1156
0.0947
0.1124
0.0447
0.2335
0.0838
0.1318
0.2788
0.2033
0.3182
0.339
0.108
0.2831
0.2188
0.2216
0.2455
0.1429
0.1187
0.1401
0.2454
0.1404
0.1
0.0929
0.0782
0.1588
0.1111
0.0637
0.3026
0.152
0.0498
0.0492
0.0588
0.0471
0.1864
0.2414
0.1179
0.2067
0.2593
0.2625
0.0837
0.2484
0.1988
0.0848
0.2692
0.2469
0.3706
0.0934
0.0769
0.1526
0.1639
0.0745
0.0952
0.085
0.1088
0.1117
0.0628
0.0941
0.0701
0.0702
0.0691
0.1294
0.1638
0.2743
0.0899
0.236
0.2712
0.0764
0.2152
0.2381
0.06
0.1343
0.2105
0.0552
0.2584
0.0643
0.0541
0.1829
0.0942
0.1638
0.3082
0.1484
0.3133
0.0625
0.082
0.1538
0.1845
0.0904
0.0757
0.1437
0.0958
0.1615
0.0924
0.0798
0.0524
0.1098
0.1839
0.1264
0.0843
0.1229
0.226
0.1353
0.188
0.0735
0.2236
0.3216
0.1497
0.2919
0.0302
0.1366
0.1582
0.1677
0.2635
0.0602
0.1412
0.0938
0.0723
0.0667
0.118
0.2126
0.0316
0.2553
0.1344
0.3789
0.1211
0.2105
0.2108
0.0764
0.0373
0.0909
0.1477
0.2386
0.2123
0.0705
0.2
0.0823
0.1677
0.0603
0.0449
0.0811
0.0617
0.0602
0.2073
0.0925
0.2671
0.1237
0.0526
0.2482
0.148
0.2453
0.1179
0.2
0.1858
0.2338
0.0353
0.2353
0.0688
0.1677
0.2897
0.0677
0.1065
0.1274
0.1404
0.1918
0.0878
0.1987
0.1919
0.0761
0.0553
0.0675
0.0703
0.0789
0.0777
0.1609
0.1267
0.103
0.0553
0.1779
0.0761
0.0758
0.0718
0.064
0.3028
0.1813
0.0947
0.1875
0.0947
0.1326
0.0377
0.0909
0.0467
0.075
0.057
0.0711
0.0949
0.0631
0.0819
0.2373
0.1626
0.0606
0.2398
0.1879
0.2781
0.1387
0.0667
0.164
0.0386
0.1771
0.1145
0.0809
0.0452
0.2063
0.046
0.0592
0.151
0.1568
0.067
0.2222
0.0625
0.0685
0.0726
0.064
0.3864
0.0774
0.1679
0.0963
0.242
0.0778
0.201
0.0812
0.164
0.0895
0.134
0.0925
0.0783
0.0807
0.1172
0.0671
0.125
0.0794
0.0872
0.1257
0.0564
0.2708
0.0889
0.0692
0.0888
0.1323
0.1907
0.2237
0.0856
0.0353
0.1224
0.0498
0.2327
0.1474
0.2012
0.05
0.0856
0.0674
0.2482
0.1078
0.1019
0.0903
0.0947
0.1858
0.0532
0.089
0.1438
0.173
0.1353
0.2119
0.1283
0.0955
0.2746
0.0469
0.0899
0.0926
0.2048
0.0986
0.1839
0.1854
0.0361
0.1515
0.0656
0.0598
0.1675
0.08
0.0625
0.1084
0.1796
0.0833
0.0563
0.1131
0.2114
0.1647
0.044
0.1707
0.0565
0.1824
0.1159
0.0769
0.0675
0.1166
0.086
0.0369
0.3203
0.1858
0.1902
0.0753
0.2761
0.0857
0.0512
0.1609
0.2514
0.2474
0.1183
0.2247
0.2073
0.0863
0.0818
0.1598
0.0449
0.0769
0.0591
0.0415
0.0942
0.2057
0.0726
0.0847
0.0795
0.0505
0.2365
0.2414
0.0402
0.341
0.0723
0.0484
0.3039
0.1333
0.0723
0.0829
0.1676
0.0688
0.1398
0.1471
0.1798
0.0366
0.0734
0.3067
0.2174
0.0812
0.1257
0.0103
0.2644
0.0618
0.1707
0.1421
0.037
0.0778
0.3333
0.3053
0.1243
0.1047
0.2754
0.044
0.0663
0.0727
0.1069
0.0857
0.0963
0.0949
0.0603
0.0691
0.0886
0.0925
0.1726
0.298
0.2095
0.0938
0.1676
0.0773
0.2275
0.1236
0.2022
0.1566
0.169
0.0279
0.0652
0.0495
0.1687
0.0894
0.05
0.0568
0.0495
0.1685
0.1027
0.0694
0.0838
0.2893
0.0663
0.2614
0.0743
0.0529
0.1059
0.2254
0.1503
0.2071
0.2033
0.1106
0.1304
0.0642
0.0591
0.038
0.2129
0.1061
0.0571
0.2045
0.1638
0.0426
0.1325
0.0591
0.1534
0.1215
0.0681
0.0659
0.0789
0.0745
0.1635
0.0594
0.1854
0.095
0.271
0.3043
0.2234
0.2367
0.0426
0.2154
0.068
0.1168
0.1413
0.1969
0.1282
0.1899
0.1765
0.0857
0.0606
0.3071
0.1914
0.1989
0.1232
0.1237
0.1285
0.0341
0.0606
0.1779
0.1285
0.0539
0.0949
0.0694
0.0294
0.0392
0.1879
0.1325
0.2101
0.1801
0.0695
0.0828
0.2791
0.0788
0.1964
0.1503
0.0988
0.0615
0.0547
0.1243
0.0474
0.1829
0.0562
0.125
0.1667
0.1141
0.1124
0.0986
0.329
0.2176
0.1611
0.0307
0.3571
0.1244
0.0702
0.3197
0.1381
0.0609
0.0608
0.1976
0.2093
0.2128
0.1768
0.1547
0.0503
0.125
0.2039
0.0529
0.0326
0.0662
0.2247
0.1154
0.0757
0.2791
0.0899
0.1299
0.1337
0.1341
0.0723
0.0617
0.4099
0.0863
0.0963
0.0894
0.2762
0.0432
0.1467
0.2138
0.0839
0.1186
0.1277
0.2078
0.1066
0.2013
0.2083
0.1257
0.0667
0.0467
0.2662
0.0632
0.3971
0.1447
0.3453
0.044
0.1633
0.0656
0.0472
0.2229
0.1065
0.0798
0.1931
0.1452
0.0599
0.1656
0.1143
0.0711
0.4161
0.2053
0.1976
0.2917
0.0385
0.0604
0.2147
0.0585
0.0821
0.2599
0.1741
0.3353
0.2617
0.358
0.1705
0.1593
0.0782
0.2543
0.0617
0.2312
0.0667
0.1452
0.1875
0.0966
0.284
0.0886
0.2679
0.0659
0.0994
0.2376
0.0405
0.1678
0.2011
0.1579
0.1456
0.1056
0.3133
0.2805
0.1099
0.2416
0.2157
0.0638
0.1071
0.2222
0.2634
0.0573
0.0782
0.2292
0.2112
0.0756
0.0556
0.2952
0.0724
0.0757
0.1572
0.2632
0.1547
0.2078
0.1446
0.2215
0.1259
0.0718
0.2147
0.1364
0.0585
0.0516
0.3947
0.0676
0.0859
0.2987
0.1875
0.0568
0.2041
0.0746
0.1897
0.2215
0.1588
0.0493
0.0479
0.0764
0.1571
0.0914
0.118
0.118
0.2267
0.1739
0.2062
0.095
0.2439
0.0578
0.2073
0.1411
0.2616
0.0656
0.2081
0.0546
0.0663
0.0409
0.1809
0.1436
0.2249
0.1706
0.2193
0.0769
0.0748
0.0667
0.1076
0.0865
0.1362
0.2378
0.051
0.1347
0.0518
0.3636
0.0391
0.1859
0.2754
0.1307
0.0722
0.0989
0.257
0.15
0.0678
0.2573
0.4527
0.0621
0.2514
0.189
0.2786
0.0474
0.1273
0.0686
0.1809
0.0848
0.3141
0.0864
0.0637
0.1461
0.0828
0.0824
0.0913
0.0899
0.082
0.1617
0.0806
0.1413
0.0594
0.0707
0.1189
0.1888
0.1514
0.2961
0.2716
0.142
0.2938
0.1481
0.233
0.2138
0.2766
0.0406
0.0457
0.1059
0.0615
0.184
0.0581
0.149
0.1429
0.0743
0.0994
0.0507
0.0645
0.0674
0.135
0.0479
0.051
0.1761
0.0618
0.1006
0.2722
0.0513
0.0321
0.0561
0.0765
0.0811
0.1124
0.1565
0.1379
0.0815
0.1616
0.1773
0.0825
0.0562
0.1761
0.1064
0.0726
0.0592
0.0585
0.0757
0.1745
0.1823
0.2659
0.2143
0.1615
0.2099
0.0848
0.1176
0.0815
0.0619
0.1314
0.3522
0.1076
0.1463
0.0807
0.0562
0.1751
0.2026
0.2081
0.2184
0.1076
0.1473
0.2026
0.0995
0.097
0.0323
0.1094
0.1927
0.0667
0.1471
0.1
0.0824
0.1737
0.2747
0.1065
0.2649
0.087
0.2659
0.2288
0.0881
0.1029
0.2695
0.3483
0.245
0.0628
0.0761
0.0781
0.0789
0.1034
0.35
0.0552
0.0812
0.1098
0.04
0.3405
0.0615
0.0886
0.0276
0.0739
0.0751
0.0982
0.1261
0.0809
0.0567
0.3052
0.0619
0.0769
0.0888
0.087
0.0909
0.0514
0.2378
0.0862
0.0747
0.0802
0.1637
0.0847
0.2209
0.0851
0.0441
0.191
0.2646
0.0995
0.0547
0.0485
0.0789
0.2717
0.0549
0.1748
0.0488
0.0787
0.0628
0.0618
0.2135
0.073
0.0745
0.2273
0.0843
0.105
0.2176
0.1149
0.0479
0.1214
0.1412
0.3224
0.1754
0.1744
0.0688
0.0616
0.4013
0.0559
0.0667
0.0519
0.2209
0.2125
0.2781
0.2183
0.0246
0.3141
0.0802
0.0588
0.05
0.3662
0.1309
0.0479
0.1322
0.1837
0.0611
0.0714
0.1067
0.0928
0.1806
0.3533
0.0546
0.0805
0.0838
0.0619
0.1387
0.1136
0.0726
0.1319
0.2027
0.1264
0.0698
0.069
0.3203
0.0784
0.0784
0.0667
0.2356
0.0671
0.2552
0.1565
0.1953
0.1129
0.0565
0.0175
0.0843
0.0446
0.1854
0.1465
0.0936
0.2373
0.1953
0.1214
0.0722
0.1455
0.3871
0.0679
0.0617
0.1552
0.227
0.0881
0.1022
0.0707
0.08
0.0922
0.0811
0.0602
0.2303
0.067
0.1871
0.0508
0.1203
0.2093
0.25
0.185
0.099
0.149
0.0783
0.0506
0.2585
0.2368
0.0778
0.0579
0.227
0.0398
0.0546
0.2774
0.0657
0.125
0.2467
0.3136
0.087
0.0497
0.1842
0.1295
0.0609
0.0829
0.0717
0.1371
0.2759
0.0893
0.0559
0.057
0.132
0.2699
