x
0.3788
0.3668
0.3705
0.3725
0.3697
0.3707
0.3755
0.366
0.3621
0.3615
0.3595
0.3747
0.371
0.3616
0.3605
0.36
0.3582
0.3506
0.3699
0.374
0.3611
0.3768
0.3746
0.3761
0.3522
0.3645
0.3723
0.3541
0.3703
0.3665
0.3772
0.3705
0.379
0.3793
0.3672
0.3641
0.3839
0.379
0.3705
0.3628
0.3687
0.3639
0.3793
0.3531
0.38
0.3582
0.3642
0.364
0.3637
0.3731
0.3731
0.3714
0.3732
0.3662
0.3593
0.3718
0.3702
0.371
0.3747
0.3697
0.3649
0.3712
0.3588
0.3664
0.3717
0.3689
0.3522
0.371
0.3692
0.3717
0.3631
0.3757
0.3811
0.3683
0.3726
0.3609
0.3753
0.3562
0.3784
0.3692
0.3652
0.3773
0.3803
0.3588
0.3733
0.3704
0.3736
0.3715
0.356
0.3773
0.3695
0.3676
0.3637
0.3742
0.3785
0.3691
0.3667
0.3664
0.3722
0.3663
0.3613
0.3725
0.3884
0.3738
0.3802
0.376
0.3683
0.3766
0.3696
0.3723
0.3794
0.3558
0.3768
0.359
0.3722
0.3714
0.3751
0.373
0.3484
0.3651
0.377
0.371
0.3624
0.3659
0.3655
0.3705
0.3748
0.3706
0.3634
0.3684
0.375
0.377
0.3767
0.3639
0.3751
0.3738
0.3746
0.3735
0.3673
0.3539
0.3759
0.3716
0.3597
0.3623
0.3834
0.3667
0.3573
0.3696
0.3718
0.3611
0.3632
0.3765
0.3796
0.364
0.3673
0.378
0.3736
0.3647
0.3689
0.377
0.3604
0.3768
0.3646
0.3738
0.365
0.377
0.3601
0.367
0.3647
0.3767
0.3684
0.3552
0.3514
0.3781
0.3778
0.3759
0.3758
0.3732
0.3678
0.3573
0.3788
0.3652
0.3763
0.3641
0.3654
0.3559
0.3549
0.3735
0.3607
0.3566
0.3689
0.3654
0.3678
0.3728
0.3638
0.3722
0.3757
0.367
0.3602
0.371
0.3683
0.3623
0.3776
0.3691
0.36
0.3732
0.3709
0.3848
0.3677
0.3698
0.3694
0.3638
0.3709
0.3504
0.3603
0.3554
0.3663
0.3722
0.3767
0.36
0.3607
0.3751
0.3514
0.3609
0.3618
0.3648
0.3618
0.3815
0.3776
0.3755
0.3682
0.3673
0.3796
0.3727
0.3638
0.3604
0.3673
0.3851
0.38
0.3804
0.3767
0.3755
0.3651
0.3784
0.3705
0.3565
0.3632
0.3769
0.3714
0.3862
0.3607
0.38
0.3574
0.369
0.3674
0.3655
0.3824
0.3713
0.3739
0.382
0.3775
0.3648
0.3762
0.3624
0.3806
0.3573
0.3747
0.3748
0.3765
0.3748
0.3673
0.3714
0.3718
0.3698
0.3812
0.368
0.376
0.3702
0.3763
0.3763
0.3771
0.3584
0.3674
0.3438
0.3697
0.3752
0.3667
0.3645
0.3709
0.3777
0.3624
0.3718
0.3565
0.3596
0.3642
0.3731
0.3719
0.3674
0.3631
0.3723
0.3682
0.3814
0.3704
0.3776
0.3619
0.3702
0.3601
0.3766
0.3779
0.3641
0.3479
0.3502
0.3734
0.3613
0.3726
0.3758
0.3679
0.3672
0.3677
0.3681
0.3767
0.3742
0.355
0.3624
0.3646
0.3569
0.3767
0.3662
0.3765
0.367
0.3784
0.3533
0.3736
0.3692
0.3676
0.3708
0.3712
0.3777
0.3674
0.3636
0.3479
0.3746
0.3563
0.3698
0.3878
0.3611
0.3679
0.3764
0.3772
0.3764
0.3713
0.3822
0.3856
0.3674
0.3535
0.3677
0.3599
0.3759
0.3802
0.3656
0.3684
0.3735
0.3564
0.3798
0.3692
0.3845
0.376
0.3666
0.3588
0.3772
0.3754
0.3843
0.3723
0.3627
0.3693
0.3795
0.3601
0.3827
0.3642
0.379
0.3653
0.3579
0.3724
0.37
0.3741
0.3696
0.3644
0.3668
0.3737
0.3775
0.3788
0.3738
0.3635
0.3641
0.3716
0.3632
0.3772
0.3716
0.3736
0.3657
0.3716
0.3704
0.3594
0.3659
0.3769
0.3754
0.3704
0.3759
0.3843
0.3575
0.3765
0.3634
0.3691
0.3631
0.371
0.3723
0.3754
0.3715
0.3682
0.3749
0.3765
0.3663
0.3715
0.3762
0.3685
0.374
0.3611
0.3626
0.375
0.3711
0.3762
0.3531
0.3721
0.3663
0.3673
0.3712
0.3578
0.3603
0.3672
0.3771
0.3717
0.3708
0.3689
0.3719
0.369
0.3586
0.3726
0.3741
0.3759
0.3665
0.3516
0.3654
0.3763
0.3434
0.3801
0.3809
0.3612
0.3681
0.3649
0.3596
0.3681
0.3786
0.3655
0.3605
0.3707
0.3757
0.3718
0.3669
0.3678
0.372
0.3724
0.3833
0.368
0.3638
0.3717
0.3816
0.3681
0.385
0.3849
0.3741
0.3731
0.3639
0.3855
0.3713
0.369
0.3562
0.3653
0.3709
0.3656
0.3616
0.3831
0.3602
0.3613
0.3587
0.3553
0.3694
0.3617
0.3702
0.3638
0.3753
0.3706
0.3691
0.3526
0.3678
0.3735
0.362
0.3574
0.3634
0.3719
0.3625
0.3629
0.3596
0.3711
0.3687
0.355
0.3582
0.3546
0.3497
0.3736
0.381
0.3755
0.3698
0.3731
0.375
0.3675
0.372
0.3763
0.3712
0.3611
0.3576
0.3671
0.3829
0.3776
0.3689
0.3662
0.3737
0.3649
0.3708
0.3596
0.375
0.3576
0.3678
0.3774
0.3646
0.3568
0.3582
0.3712
0.3733
0.3629
0.3756
0.3761
0.3738
0.3838
0.3755
0.381
0.3738
0.3698
0.3522
0.3775
0.3562
0.3637
0.3339
0.3685
0.3658
0.3782
0.3798
0.3771
0.3688
0.3643
0.3701
0.3588
0.3768
0.3819
0.3639
0.3601
0.365
0.3758
0.3657
0.3744
0.3745
0.3662
0.3722
0.3739
0.3743
0.3831
0.3763
0.3726
0.3685
0.3667
0.3433
0.3667
0.37
0.362
0.3827
0.3754
0.3566
0.3792
0.3692
0.3764
0.3678
0.3663
0.3468
0.3802
0.3736
0.3674
0.3697
0.3666
0.3614
0.3805
0.3698
0.3759
0.3736
0.3747
0.3769
0.3772
0.3763
0.3718
0.3807
0.3679
0.3752
0.3556
0.3771
0.3807
0.3771
0.3797
0.3665
0.3828
0.3684
0.3594
0.3731
0.3852
0.3763
0.3719
0.3642
0.3566
0.3659
0.3734
0.3613
0.3755
0.3681
0.3607
0.3725
0.3589
0.3686
0.3799
0.3722
0.3637
0.376
0.3732
0.3678
0.3754
0.3712
0.3703
0.3741
0.3723
0.3731
0.3704
0.3719
0.3814
0.3673
0.3763
0.3641
0.3686
0.3784
0.3814
0.3697
0.3686
0.3776
0.3736
0.3786
0.3744
0.357
0.3674
0.3622
0.3723
0.3754
0.3708
0.359
0.3653
0.3743
0.3646
0.3788
0.3817
0.3754
0.3553
0.3694
0.3642
0.3706
0.3589
0.365
0.3643
0.3705
0.3712
0.3815
0.3766
0.3763
0.3732
0.3726
0.3726
0.3776
0.3686
0.3549
0.375
0.3766
0.3591
0.37
0.3682
0.3689
0.356
0.37
0.373
0.3746
0.3594
0.3673
0.3831
0.3696
0.3739
0.3725
0.3631
0.3693
0.3672
0.3696
0.3821
0.3702
0.3728
0.3645
0.3663
0.3695
0.3796
0.3769
0.3748
0.3679
0.3561
0.3691
0.3669
0.3774
0.38
0.3688
0.3657
0.3712
0.3714
0.3755
0.3685
0.3729
0.3754
0.3596
0.3688
0.3631
0.3748
0.3592
0.3663
0.3656
0.3697
0.3702
0.3746
0.3802
0.3644
0.368
0.3704
0.3691
0.3715
0.3734
0.3682
0.377
0.3609
0.3714
0.3673
0.3692
0.3655
0.3744
0.3756
0.3708
0.3741
0.3618
0.3608
0.3761
0.3593
0.3829
0.3558
0.3775
0.3654
0.3784
0.3651
0.3644
0.3641
0.369
0.372
0.3707
0.3759
0.3714
0.3766
0.3711
0.3741
0.3596
0.3618
0.3746
0.3646
0.3678
0.3738
0.3687
0.3736
0.3539
0.3823
0.3749
0.3781
0.3552
0.377
0.3759
0.3779
0.3739
0.364
0.3642
0.3722
0.3782
0.3729
0.3697
0.3681
0.3796
0.3633
0.3687
0.3641
0.3645
0.3696
0.3795
0.3577
0.363
0.3603
0.3751
0.3474
0.3692
0.368
0.3733
0.3603
0.3711
0.3574
0.3768
0.3821
0.3634
0.3858
0.3776
0.372
0.3631
0.3723
0.3675
0.358
0.3747
0.3796
0.3533
0.3589
0.3711
0.3715
0.3728
0.3731
0.3818
0.3419
0.37
0.3863
0.3656
0.3662
0.378
0.3767
0.3652
0.3794
0.3765
0.3632
0.3792
0.3739
0.3547
0.3757
0.3626
0.3617
0.3758
0.3677
0.374
0.3682
0.3591
0.3724
0.3587
0.3654
0.3749
0.3739
0.3605
0.3754
0.3739
0.3658
0.3735
0.3755
0.362
0.3809
0.3738
0.3712
0.3854
0.3786
0.3789
0.3769
0.3703
0.3716
0.3734
0.3665
0.3717
0.3752
0.3756
0.3621
0.3578
0.3729
0.3693
0.3691
0.3573
0.3705
0.3783
0.3766
0.3733
0.3701
0.3608
0.3656
0.3779
0.3678
0.3714
0.3752
0.3769
0.3587
0.3632
0.3749
0.3723
0.3557
0.3706
0.3806
0.3783
0.3779
0.363
0.3791
0.3759
0.3735
0.3611
0.3853
0.36
0.3558
0.3812
0.3647
0.3797
0.3588
0.3746
0.3735
0.3641
0.3694
0.3759
0.3844
0.3774
0.3743
0.3651
0.3655
0.3677
0.3609
0.3786
0.3593
0.3635
0.3655
0.3798
0.3772
0.3729
0.3736
0.3683
0.3559
0.3808
0.3654
0.3654
0.3723
0.3622
0.3764
0.3682
0.3793
0.3628
0.3701
0.3687
0.3809
0.3653
0.3614
0.3693
0.3595
0.3675
0.3704
0.3781
0.374
0.352
0.3709
0.3743
0.3716
0.3731
0.3795
0.3681
0.374
0.3656
0.3819
0.3727
0.3801
0.363
0.3739
0.3664
0.3709
0.3732
0.3857
0.3705
0.3693
0.3779
0.3688
0.3709
0.3898
0.3694
0.378
0.3622
0.3608
0.378
0.3714
0.3609
0.3684
0.3561
0.3601
0.3607
0.3721
0.3767
0.3678
0.3859
0.3723
0.375
0.3535
0.3675
0.3802
0.3449
0.3701
0.3716
0.3694
0.372
0.3885
0.3808
0.3715
0.3643
0.3861
0.385
0.3702
0.3638
0.3718
0.363
0.373
0.3569
0.3734
0.3541
0.37
0.3693
0.3481
0.3776
0.3845
0.3762
0.3699
0.3717
0.3673
0.373
0.3747
0.3785
0.3767
0.3759
0.3756
0.3662
0.3572
0.3667
0.3693
0.3676
0.3684
0.3801
0.3617
0.3721
0.3735
0.3774
0.3899
0.3641
0.3691
0.3601
0.3795
0.3523
0.3811
0.3764
0.3768
0.3805
0.3807
0.369
0.3744
0.385
0.3738
0.3791
0.3588
0.3719
0.3766
0.3673
0.3679
0.3796
0.3838
0.3678
0.3713
0.3609
0.3785
0.3638
0.372
0.3764
0.3863
0.3766
0.3886
0.378
0.3742
0.3806
0.3717
0.3756
0.3835
0.3447
0.3784
0.3646
0.3676
0.3754
0.3742
0.3705
0.3492
0.3689
0.3777
0.3709
0.3734
0.3625
0.3687
0.3755
0.3701
0.3826
0.3755
0.3789
0.3722
0.3898
0.3745
0.3619
0.3789
0.3755
0.3768
0.3788
0.3703
0.3684
0.3755
0.3751
0.3579
0.3597
0.3849
0.3617
0.3553
0.3718
0.38
0.3575
0.3634
0.3831
0.3612
0.3635
0.3675
0.3795
0.3791
0.3658
0.3721
0.3801
0.3596
0.3785
0.3682
0.386
0.356
0.3769
0.3732
0.3713
0.38
0.3763
0.3638
0.3558
0.3476
0.3761
0.3794
0.3848
0.3738
0.3754
0.37
0.3557
0.38
0.3606
0.3752
0.3675
0.3566
0.3525
0.3573
0.382
0.3719
0.3642
0.3709
0.3709
0.3718
0.3705
0.3738
0.3743
0.3748
0.3654
0.3587
0.3745
0.3741
0.3634
0.3799
0.3764
0.3624
0.3791
0.3724
0.3861
0.3701
0.3785
0.3723
0.3634
0.3729
0.3634
0.3615
0.3549
0.3689
0.369
0.3798
0.3628
0.3619
0.3772
0.3509
0.3638
0.3668
0.3647
0.3655
0.3824
0.3745
0.3791
0.3772
0.3702
0.3823
0.3715
0.3648
0.3641
0.3676
0.3869
0.3662
0.3771
0.3777
0.3761
0.3651
0.3798
0.3743
0.3595
0.3627
0.3746
0.3758
0.3848
0.3607
0.3745
0.3678
0.3705
0.3677
0.3681
0.3837
0.3762
0.3706
0.3851
0.3814
0.3678
0.3703
0.3634
0.3814
0.3577
0.3758
0.3764
0.379
0.3767
0.3672
0.3693
0.3717
0.3579
0.3822
0.3688
0.3787
0.3694
0.38
0.3716
0.3815
0.3563
0.3694
0.3504
0.3682
0.375
0.3712
0.3665
0.3723
0.373
0.3664
0.3727
0.3705
0.3626
0.3687
0.3726
0.377
0.365
0.3777
0.3789
0.3756
0.3849
0.3703
0.3784
0.3521
0.3717
0.3606
0.3783
0.3736
0.3671
0.3401
0.3514
0.3724
0.3576
0.3737
0.3809
0.3721
0.3668
0.373
0.3684
0.3797
0.3834
0.3541
0.3643
0.368
0.3584
0.3796
0.3629
0.3786
0.3676
0.3805
0.3585
0.377
0.3692
0.3766
0.3706
0.375
0.3786
0.3775
0.3651
0.3496
0.3791
0.3575
0.3819
0.3899
0.3668
0.3776
0.371
0.3771
0.3814
0.3746
0.3811
0.3921
0.3714
0.3603
0.3662
0.3558
0.3761
0.3772
0.3716
0.3674
0.3699
0.3467
0.3899
0.3729
0.3909
0.3853
0.3646
0.3626
0.379
0.3789
0.38
0.3722
0.3663
0.3692
0.3799
0.3666
0.3816
0.3607
0.3802
0.3676
0.3606
0.3801
0.3708
0.3708
0.3652
0.3623
0.3657
0.3829
0.3783
0.3842
0.3756
0.3725
0.3774
0.3757
0.3624
0.3803
0.3698
0.3777
0.3734
0.3712
0.3735
0.3692
0.3644
0.3817
0.3801
0.3747
0.382
0.3857
0.3637
0.3781
0.3674
0.3772
0.3718
0.3754
0.3782
0.376
0.3704
0.3738
0.3764
0.3865
0.3658
0.3757
0.3753
0.3701
0.3793
0.364
0.3762
0.3752
0.3708
0.3751
0.3551
0.3738
0.3621
0.3679
0.3724
0.3578
0.3641
0.3689
0.3808
0.3726
0.3741
0.3708
0.3763
0.3746
0.3548
0.3757
0.3722
0.3797
0.3695
0.3513
0.3798
0.3844
0.3493
0.3715
0.3818
0.3635
0.3653
0.3756
0.3584
0.3723
0.3803
0.3621
0.3587
0.3697
0.3736
0.3735
0.3808
0.3811
0.3724
0.3696
0.3825
0.3734
0.3609
0.3722
0.381
0.3847
0.3898
0.3792
0.3735
0.3721
0.3652
0.3867
0.3719
0.3761
0.3559
0.3631
0.3812
0.3686
0.3557
0.3882
0.3578
0.3621
0.3646
0.352
0.3662
0.361
0.3702
0.3619
0.3768
0.375
0.3708
0.3596
0.3696
0.3721
0.3701
0.3558
0.3674
0.3824
0.3795
0.3641
0.3557
0.371
0.3778
0.3619
0.3653
0.3547
0.3495
0.3761
0.3762
0.3781
0.3692
0.3757
0.3741
0.3708
0.3741
0.378
0.3742
0.3659
0.3513
0.373
0.3836
0.3755
0.3666
0.3696
0.3811
0.3624
0.3732
0.3631
0.382
0.3641
0.3689
0.3857
0.3746
0.3572
0.3541
0.3726
0.3723
0.3682
0.3779
0.3726
0.3719
0.383
0.3752
0.3796
0.3783
0.3729
0.3495
0.3804
0.357
0.3661
0.3568
0.3736
0.3658
0.3771
0.3826
0.3799
0.3654
0.3694
0.3758
0.3578
0.374
0.3797
0.3658
0.361
0.3701
0.3763
0.3638
0.3796
0.3753
0.3676
0.377
0.3777
0.3796
0.3876
0.3752
0.3741
0.3701
0.3693
0.3452
0.364
0.3699
0.3637
0.3861
0.378
0.3603
0.3845
0.3714
0.3758
0.3684
0.3714
0.3505
0.3835
0.3771
0.3693
0.3669
0.3706
0.3774
0.3767
0.3709
0.3831
0.3792
0.3803
0.3748
0.3801
0.3787
0.3718
0.3823
0.3724
0.3765
0.3577
0.3847
0.3816
0.38
0.3842
0.3664
0.3841
0.3699
0.3585
0.3777
0.3866
0.3758
0.3657
0.3653
0.3562
0.3751
0.3748
0.3645
0.3816
0.3646
0.363
0.376
0.3627
0.3705
0.3803
0.3722
0.3769
0.3752
0.3754
0.3726
0.3781
0.371
0.3668
0.376
0.3766
0.3765
0.3752
0.3706
0.3814
0.3792
0.3715
0.3749
0.3714
0.375
0.3831
0.3697
0.3757
0.3814
0.3818
0.3728
0.3783
0.3593
0.3621
0.374
0.3736
0.3797
0.3751
0.3605
0.3637
0.3748
0.3681
0.3823
0.3855
0.3822
0.3547
0.3773
0.3667
0.3686
0.3582
0.3753
0.3679
0.3795
0.3709
0.3838
0.3747
0.3796
0.3838
0.3745
0.3783
0.3788
0.3668
0.3672
0.3729
0.3781
0.3585
0.3771
0.3757
0.3655
0.3614
0.3675
0.378
0.3776
0.373
0.3597
0.3811
0.3764
0.3809
0.3751
0.3595
0.3763
0.3834
0.3697
0.3822
0.3583
0.3741
0.3747
0.3668
0.3744
0.3802
0.3828
0.3709
0.3688
0.3575
0.3678
0.3671
0.3749
0.3755
0.3751
0.3785
0.3711
0.3768
0.3975
0.3719
0.3756
0.3722
0.3642
0.3725
0.3766
0.3786
0.3605
0.3645
0.3752
0.3715
0.3748
0.378
0.388
0.3705
0.3714
0.3745
0.3729
0.3689
0.3795
0.3635
0.3756
0.3666
0.376
0.3675
0.3657
0.3783
0.3686
0.3751
0.3782
0.3747
0.3653
0.3569
0.3797
0.3615
0.3836
0.3592
0.3786
0.3671
0.3841
0.3644
0.3711
0.3673
0.3706
0.3664
0.3765
0.3717
0.3818
0.3792
0.38
0.3645
0.3563
0.3714
0.3793
0.3603
0.3656
0.364
0.3681
0.3743
0.353
0.3817
0.3747
0.384
0.3503
0.3783
0.3791
0.3768
0.3761
0.3663
0.3651
0.3687
0.3765
0.3725
0.3732
0.3702
0.3835
0.3641
0.3708
0.3693
0.3678
0.3757
0.3748
0.3594
0.3602
0.3592
0.3781
0.3539
0.389
0.3699
0.3754
0.3634
0.3722
0.3561
0.388
0.3803
0.3636
0.3857
0.3815
0.3717
0.3653
0.3739
0.371
0.3579
0.3732
0.3836
0.3604
0.3521
0.3712
0.3721
0.3802
0.3783
0.3839
0.3458
0.3682
0.388
0.3736
0.3678
0.3757
0.3821
0.3674
0.38
0.376
0.3694
0.3758
0.382
0.3543
0.3746
0.3621
0.3595
0.3835
0.3705
0.373
0.3676
0.3577
0.373
0.3685
0.369
0.3843
0.3659
0.3648
0.3783
0.3716
0.3708
0.3826
0.3804
0.3608
0.3765
0.3756
0.3744
0.3853
0.3824
0.383
0.3814
0.3763
0.3702
0.3702
0.3728
0.3748
0.3798
0.3763
0.3655
0.3666
0.3728
0.3759
0.3689
0.3579
0.3772
0.3801
0.3807
0.3696
0.3741
0.3641
0.375
0.3768
0.3731
0.3764
0.3788
0.3828
0.3731
0.3589
0.3754
0.3802
0.3678
0.3748
0.3867
0.38
0.3809
0.3663
0.3838
0.3788
0.3607
0.3688
0.3855
0.3602
0.3652
0.3841
0.3629
0.372
0.3583
0.3769
0.3689
0.3732
0.3699
0.3807
0.3901
0.3809
0.3782
0.3713
0.3696
0.3661
0.363
0.3768
0.3665
0.3743
0.368
0.3813
0.3778
0.3785
0.3742
0.3747
0.3617
0.3815
0.3635
0.3738
0.3749
0.3643
0.3791
0.3718
0.3765
0.3674
0.3803
0.3683
0.3819
0.3681
0.3618
0.3753
0.3609
0.3645
0.3691
0.3795
0.3755
0.3517
0.372
0.3828
0.3762
0.3826
0.3802
0.3716
0.3788
0.3828
0.3811
0.3766
0.3837
0.3599
0.3804
0.3661
0.3685
0.3728
0.3945
0.3983
0.3807
0.3783
0.3788
0.3931
0.3984
0.3805
0.3864
0.3636
0.3814
0.3887
0.381
0.3848
0.3736
0.3644
0.3737
0.3637
0.3718
0.3773
0.3925
0.3867
0.3706
0.3821
0.3531
0.3977
0.3806
0.3567
0.3806
0.3734
0.3968
0.3675
0.3843
0.3866
0.3761
0.3694
0.3959
0.3859
0.3942
0.3673
0.3695
0.3661
0.3731
0.3809
0.3753
0.3876
0.3774
0.3685
0.3694
0.3886
0.3854
0.3767
0.3746
0.3702
0.3927
0.3706
0.3872
0.3806
0.3961
0.3897
0.3789
0.3863
0.3959
0.381
0.377
0.3963
0.3622
0.3813
0.3702
0.3737
0.369
0.3869
0.3826
0.3853
0.3744
0.3673
0.3789
0.3589
0.3783
0.3729
0.3739
0.3809
0.3897
0.3718
0.3736
0.3825
0.3797
0.3837
0.3611
0.3977
0.3676
0.3974
0.372
0.3794
0.3891
0.3714
0.3669
0.393
0.3749
0.3758
0.3973
0.3745
0.3899
0.3975
0.38
0.3786
0.3778
0.3797
0.3846
0.3755
0.381
0.3569
0.3789
0.3666
0.375
0.3887
0.373
0.3789
0.3576
0.3743
0.3829
0.399
0.365
0.3978
0.363
0.3806
0.3727
0.3816
0.3936
0.3687
0.3831
0.389
0.3929
0.3625
0.38
0.3745
0.3824
0.378
0.3975
0.3697
0.3923
0.3793
0.3888
0.3663
0.3821
0.3631
0.3978
0.3674
0.3813
0.3679
0.3763
0.3945
0.3615
0.3689
0.3786
0.3974
0.3794
0.3637
0.3744
0.3794
0.3695
0.3824
0.3833
0.3829
0.397
0.3777
0.3603
0.3833
0.3762
0.384
0.3767
0.3566
0.363
0.3977
0.3855
0.3763
0.3788
0.3822
0.3672
0.366
0.3946
0.3695
0.3813
0.3682
0.3602
0.3547
0.3587
0.3856
0.3772
0.3734
0.374
0.3737
0.3753
0.3721
0.3723
0.3812
0.3889
0.3977
0.3597
0.3805
0.3727
0.379
0.3827
0.3807
0.3622
0.3836
0.3783
0.3952
0.367
0.3866
0.3725
0.3747
0.3743
0.3631
0.3825
0.3654
0.3743
0.3782
0.3804
0.3653
0.3671
0.396
0.3548
0.3909
0.3896
0.3767
0.3674
0.3849
0.3779
0.3995
0.3771
0.37
0.3814
0.3812
0.3699
0.3589
0.381
0.3865
0.3794
0.385
0.3773
0.3824
0.3783
0.3869
0.3716
0.3616
0.3814
0.3917
0.3851
0.3911
0.3735
0.3743
0.3985
0.3971
0.3768
0.3703
0.3856
0.3737
0.398
0.3865
0.3913
0.3669
0.3753
0.3631
0.3806
0.3835
0.3764
0.3797
0.379
0.3779
0.3668
0.3915
0.3741
0.3649
0.382
0.3744
0.3849
0.3725
0.3938
0.3958
0.3815
0.3901
0.3975
0.3695
0.3671
0.378
0.3772
0.3673
0.3785
0.3858
0.3648
0.376
0.3736
0.3704
0.3799
0.3797
0.3769
0.3665
0.3605
0.3746
0.3746
0.3819
0.3738
0.3881
0.3488
0.3861
0.3613
0.395
0.3832
0.3672
0.343
0.3969
0.3763
0.3827
0.3769
0.3951
0.3864
0.3993
0.3877
0.3683
0.3878
0.3992
0.3614
0.3872
0.3682
0.3593
0.3936
0.3793
0.3859
0.373
0.3826
0.3561
0.3913
0.3671
0.3667
0.386
0.3876
0.3768
0.3727
0.3756
0.3525
0.3868
0.3819
0.3846
0.3864
0.3696
0.3944
0.3747
0.3754
0.3815
0.3798
0.3965
0.3823
0.3732
0.3983
0.3981
0.3718
0.3746
0.3798
0.3873
0.3698
0.3713
0.3568
0.3863
0.3931
0.3904
0.381
0.3695
0.3929
0.3847
0.3788
0.3886
0.3853
0.372
0.3763
0.3973
0.3652
0.3846
0.3974
0.381
0.3682
0.3566
0.3748
0.3923
0.3788
0.3666
0.3611
0.3868
0.3882
0.3776
0.3852
0.3838
0.3703
0.3702
0.3817
0.3786
0.3814
0.3737
0.3774
0.3747
0.3875
0.3748
0.3573
0.3752
0.3779
0.3815
0.3734
0.3917
0.387
0.365
0.3788
0.3968
0.3775
0.3787
0.3738
0.3985
0.3805
0.3865
0.3761
0.3737
0.3879
0.3663
0.3742
0.3787
0.3805
0.3803
0.3982
0.3712
0.3773
0.3785
0.372
0.3467
0.3719
0.3673
0.3787
0.3735
0.3825
0.3775
0.3707
0.3972
0.3846
0.3793
0.3927
0.3774
0.374
0.3933
0.3731
0.3738
0.3763
0.3754
0.3733
0.3739
0.3987
0.3482
0.3823
0.3787
0.3731
0.3602
0.3688
0.3977
0.3725
0.3888
0.3629
0.3883
0.3742
0.3808
0.3739
0.3823
0.3775
0.3756
0.3719
0.3825
0.3717
0.3671
0.379
0.3817
0.3834
0.3928
0.3833
0.3763
0.3917
0.3698
0.3964
0.3726
0.3848
0.3731
0.3806
0.382
0.3824
0.3538
0.3827
0.3603
0.3663
0.3828
0.3551
0.3675
0.3774
0.3702
0.3808
0.3828
0.3938
0.3774
0.3611
0.3809
0.3894
0.3879
0.3687
0.3731
0.3752
0.3832
0.3838
0.3663
0.3882
0.3799
0.3759
0.3712
0.3716
0.3976
0.3758
0.3837
0.374
0.3661
0.3838
0.3741
0.3705
0.3781
0.3762
0.3752
0.365
0.3695
0.3849
0.3876
0.3808
0.3688
0.3718
0.3839
0.3675
0.383
0.383
0.3758
0.3659
0.369
0.3805
0.3908
0.3569
0.3833
0.3893
0.3877
0.3705
0.3788
0.3723
0.3784
0.3896
0.3857
0.3853
0.3774
0.3987
0.3533
0.3881
0.3544
0.3686
0.3405
0.3725
0.3643
0.39
0.3892
0.382
0.3716
0.375
0.386
0.3694
0.387
0.3943
0.3699
0.359
0.3785
0.3947
0.3657
0.3837
0.3887
0.3886
0.3767
0.398
0.3872
0.3865
0.3875
0.3778
0.3768
0.3702
0.3569
0.3674
0.3983
0.3672
0.3943
0.3835
0.3787
0.3882
0.3773
0.3805
0.3744
0.3786
0.3744
0.3847
0.3892
0.3703
0.3717
0.3698
0.3672
0.3792
0.3705
0.3899
0.3786
0.388
0.3711
0.3792
0.3832
0.3765
0.3888
0.3734
0.3847
0.3594
0.3842
0.3796
0.3971
0.3883
0.3703
0.3903
0.372
0.3716
0.3976
0.3894
0.3792
0.3674
0.3662
0.3953
0.3784
0.3787
0.3683
0.3811
0.367
0.3648
0.3719
0.3984
0.3734
0.3855
0.3784
0.3812
0.3774
0.375
0.3686
0.3772
0.3757
0.3602
0.3769
0.3791
0.3692
0.3717
0.3721
0.3868
0.3983
0.3784
0.3769
0.3931
0.3826
0.3855
0.397
0.3692
0.3965
0.3821
0.3987
0.3788
0.3656
0.3746
0.3751
0.3712
0.3974
0.3937
0.398
0.376
0.3799
0.3679
0.3931
0.3859
0.3785
0.3683
0.3735
0.3843
0.3774
0.3928
0.385
0.3762
0.391
0.3733
0.3838
0.3761
0.3791
0.3852
0.3856
0.3974
0.378
0.3859
0.3821
0.3754
0.3779
0.3656
0.3756
0.374
0.3666
0.3768
0.3792
0.3914
0.3854
0.3935
0.3711
0.3844
0.3973
0.3746
0.3742
0.3962
0.3806
0.3829
0.3713
0.3886
0.388
0.3761
0.3902
0.3874
0.3716
0.3981
0.3912
0.3967
0.3966
0.3593
0.3698
0.3836
0.3983
0.3828
0.3858
0.3694
0.3851
0.3758
0.3986
0.3763
0.386
0.386
0.3587
0.3788
0.3957
0.3791
0.3626
0.3726
0.367
0.3921
0.3879
0.3976
0.3866
0.3788
0.3693
0.3979
0.3797
0.3687
0.3984
0.397
0.3752
0.3676
0.3951
0.3983
0.3695
0.369
0.3691
0.3812
0.3774
0.376
0.3801
0.373
0.3753
0.358
0.3864
0.3628
0.3899
0.3853
0.3796
0.3833
0.3669
0.3868
0.3861
0.378
0.3756
0.3792
0.3776
0.3833
0.3814
0.3808
0.3629
0.3664
0.3885
0.391
0.3613
0.3706
0.3682
0.3779
0.3593
0.3915
0.3798
0.3821
0.354
0.3857
0.3873
0.3841
0.3866
0.3586
0.3665
0.3706
0.3788
0.3923
0.3833
0.379
0.3919
0.3855
0.3786
0.3908
0.3983
0.3684
0.3761
0.3567
0.3637
0.3718
0.3802
0.3529
0.3924
0.3725
0.3776
0.3581
0.3704
0.3554
0.3848
0.3834
0.3909
0.3852
0.3951
0.3767
0.3686
0.3747
0.3726
0.3725
0.3744
0.3899
0.3616
0.3914
0.3755
0.3711
0.388
0.3794
0.383
0.3444
0.3722
0.3899
0.3697
0.3657
0.381
0.384
0.3968
0.3824
0.3796
0.3689
0.3789
0.3815
0.3926
0.3775
0.3688
0.3612
0.3787
0.3703
0.3758
0.3692
0.3844
0.3826
0.3796
0.3709
0.3849
0.3744
0.3987
0.3984
0.3743
0.3699
0.3818
0.3806
0.38
0.384
0.3804
0.3748
0.3985
0.3979
0.381
0.383
0.3723
0.3693
0.3797
0.3737
0.392
0.394
0.3822
0.3916
0.3578
0.3739
0.3807
0.3971
0.359
0.377
0.3784
0.3858
0.3721
0.3766
0.375
0.3716
0.3865
0.3964
0.3779
0.395
0.3869
0.3742
0.3727
0.3943
0.3753
0.3691
0.3731
0.3853
0.3781
0.3862
0.3663
0.3842
0.388
0.36
0.3982
0.3888
0.3604
0.3587
0.3814
0.3906
0.3963
0.3588
0.3819
0.3721
0.3789
0.3733
0.3888
0.3881
0.3837
0.3791
0.3717
0.3883
0.3808
0.3745
0.3778
0.391
0.3804
0.3665
0.3869
0.378
0.3797
0.3732
0.3973
0.358
0.3825
0.3743
0.3725
0.374
0.3618
0.3905
0.3819
0.3786
0.3654
0.385
0.3694
0.3854
0.3773
0.3607
0.3736
0.3655
0.3687
0.3898
0.3828
0.3924
0.3548
0.3915
0.3809
0.3741
0.386
0.3873
0.3883
0.3858
0.3849
0.3978
0.3748
0.3971
0.398
0.3765
0.3763
0.3735
0.3735
NA
NA
NA
NA
NA
NA
NA
NA
NA
NA
NA
NA
NA
NA
NA
NA
NA
NA
NA
NA
NA
NA
NA
NA
NA
NA
NA
NA
NA
NA
NA
NA
NA
NA
NA
NA
NA
NA
NA
NA
NA
NA
NA
NA
NA
NA
NA
NA
NA
NA
NA
NA
NA
NA
NA
NA
NA
NA
NA
NA
NA
NA
NA
NA
NA
NA
NA
NA
NA
NA
NA
NA
NA
NA
NA
NA
NA
NA
NA
NA
NA
NA
NA
NA
NA
NA
NA
NA
NA
NA
NA
NA
NA
NA
NA
NA
NA
NA
NA
NA
NA
NA
NA
NA
NA
NA
NA
NA
NA
NA
NA
NA
NA
NA
NA
NA
NA
NA
NA
NA
NA
NA
NA
NA
NA
NA
NA
NA
NA
NA
NA
NA
NA
NA
NA
NA
NA
NA
NA
NA
NA
NA
NA
NA
NA
NA
NA
NA
NA
NA
NA
NA
NA
NA
NA
NA
NA
NA
NA
NA
NA
NA
NA
NA
NA
NA
NA
NA
NA
NA
NA
NA
NA
NA
NA
NA
NA
NA
NA
NA
NA
NA
NA
NA
NA
NA
NA
NA
NA
NA
NA
NA
NA
NA
NA
NA
NA
NA
NA
NA
NA
NA
NA
NA
NA
NA
NA
NA
NA
NA
NA
NA
NA
NA
NA
NA
NA
NA
NA
NA
NA
NA
NA
NA
NA
NA
NA
NA
NA
NA
NA
NA
NA
NA
NA
NA
NA
NA
NA
NA
NA
NA
NA
NA
NA
NA
NA
NA
NA
NA
NA
NA
NA
NA
NA
NA
NA
NA
NA
NA
NA
NA
NA
NA
NA
NA
NA
NA
NA
NA
NA
NA
NA
NA
NA
NA
NA
NA
NA
NA
NA
NA
NA
NA
NA
NA
NA
NA
NA
NA
NA
NA
NA
NA
NA
NA
NA
NA
NA
NA
NA
NA
NA
NA
NA
NA
NA
NA
NA
NA
NA
NA
NA
NA
NA
NA
NA
NA
NA
NA
NA
NA
NA
NA
NA
NA
NA
NA
NA
NA
NA
NA
NA
NA
NA
NA
NA
NA
NA
NA
NA
NA
NA
NA
NA
NA
NA
NA
NA
NA
NA
NA
NA
NA
NA
NA
NA
NA
NA
NA
NA
NA
NA
NA
NA
NA
NA
NA
NA
NA
NA
NA
NA
NA
NA
NA
NA
NA
NA
NA
NA
NA
NA
NA
NA
NA
NA
NA
NA
NA
NA
NA
NA
NA
NA
NA
NA
NA
NA
NA
NA
NA
NA
NA
NA
NA
NA
NA
NA
NA
NA
NA
NA
NA
NA
NA
NA
NA
NA
NA
NA
NA
NA
NA
NA
NA
NA
NA
NA
NA
NA
NA
NA
NA
NA
NA
NA
NA
NA
NA
NA
NA
NA
NA
NA
NA
NA
NA
NA
NA
NA
NA
NA
NA
NA
NA
NA
NA
NA
NA
NA
NA
NA
NA
NA
NA
NA
NA
NA
NA
NA
NA
NA
NA
NA
NA
NA
NA
NA
NA
NA
NA
NA
NA
NA
NA
NA
NA
NA
NA
NA
NA
NA
NA
NA
NA
NA
NA
NA
NA
NA
NA
NA
NA
NA
NA
NA
NA
NA
NA
NA
NA
NA
NA
NA
NA
NA
NA
NA
NA
NA
NA
NA
NA
NA
NA
NA
NA
NA
NA
NA
NA
NA
NA
NA
NA
NA
NA
NA
NA
NA
NA
NA
NA
NA
NA
NA
NA
NA
NA
NA
NA
NA
NA
NA
NA
NA
NA
NA
NA
NA
NA
NA
NA
NA
NA
NA
NA
NA
NA
NA
NA
NA
NA
NA
NA
NA
NA
NA
NA
NA
NA
NA
NA
NA
NA
NA
NA
NA
NA
NA
NA
NA
NA
NA
NA
NA
NA
NA
NA
NA
NA
NA
NA
NA
NA
NA
NA
NA
NA
NA
NA
NA
NA
NA
NA
NA
NA
NA
NA
NA
NA
NA
NA
NA
NA
NA
NA
NA
NA
NA
NA
NA
NA
NA
NA
NA
NA
NA
NA
NA
NA
NA
NA
NA
NA
NA
NA
NA
NA
NA
NA
NA
NA
NA
NA
NA
NA
NA
NA
NA
NA
NA
NA
NA
NA
NA
NA
NA
NA
NA
NA
NA
NA
NA
NA
NA
NA
NA
NA
NA
NA
NA
NA
NA
NA
NA
NA
NA
NA
NA
NA
NA
NA
NA
NA
NA
NA
NA
NA
NA
NA
NA
NA
NA
NA
NA
NA
NA
NA
NA
NA
NA
NA
NA
NA
NA
NA
NA
NA
NA
NA
NA
NA
NA
NA
NA
NA
NA
NA
NA
NA
NA
NA
NA
NA
NA
NA
NA
NA
NA
NA
NA
NA
NA
NA
NA
NA
NA
NA
NA
NA
NA
NA
NA
NA
NA
NA
NA
NA
NA
NA
NA
NA
NA
NA
NA
NA
NA
NA
NA
NA
NA
NA
NA
NA
NA
NA
NA
NA
NA
NA
NA
NA
NA
NA
NA
NA
NA
NA
NA
NA
NA
NA
NA
NA
NA
NA
NA
NA
NA
NA
NA
NA
NA
NA
NA
NA
NA
NA
NA
NA
NA
NA
NA
NA
NA
NA
NA
NA
NA
NA
NA
NA
NA
NA
NA
NA
NA
NA
NA
NA
NA
NA
NA
NA
NA
NA
NA
NA
NA
NA
NA
NA
NA
NA
NA
NA
NA
NA
NA
NA
NA
NA
NA
NA
NA
NA
NA
NA
NA
NA
NA
NA
NA
NA
NA
NA
NA
NA
NA
NA
NA
NA
NA
NA
NA
NA
NA
NA
NA
NA
NA
NA
NA
NA
NA
NA
NA
NA
NA
NA
NA
NA
NA
NA
NA
NA
NA
NA
NA
NA
NA
NA
NA
NA
NA
NA
NA
NA
NA
NA
NA
NA
NA
NA
NA
NA
NA
NA
NA
NA
NA
NA
NA
NA
NA
NA
NA
NA
NA
NA
NA
NA
NA
NA
NA
NA
NA
NA
NA
NA
NA
NA
NA
NA
NA
NA
NA
NA
NA
NA
NA
NA
NA
NA
NA
NA
NA
NA
NA
NA
NA
NA
NA
NA
NA
NA
NA
NA
NA
NA
NA
NA
NA
NA
NA
NA
NA
NA
NA
NA
NA
NA
NA
NA
NA
NA
NA
NA
NA
NA
NA
NA
NA
NA
NA
NA
NA
NA
NA
NA
NA
NA
NA
NA
NA
NA
NA
NA
NA
NA
NA
NA
NA
NA
NA
NA
NA
NA
NA
NA
NA
NA
NA
NA
NA
NA
NA
NA
NA
NA
NA
NA
NA
NA
NA
NA
NA
NA
NA
NA
NA
NA
NA
NA
NA
NA
NA
NA
NA
NA
NA
NA
NA
NA
NA
NA
NA
NA
NA
NA
NA
NA
NA
NA
NA
NA
NA
NA
NA
NA
NA
NA
NA
NA
NA
NA
NA
NA
NA
NA
NA
NA
NA
NA
NA
NA
NA
NA
NA
NA
NA
NA
NA
NA
NA
NA
NA
NA
NA
NA
NA
NA
NA
NA
NA
NA
NA
NA
NA
NA
NA
NA
NA
NA
NA
NA
NA
NA
NA
NA
NA
NA
NA
NA
NA
NA
NA
NA
NA
NA
NA
NA
NA
NA
NA
NA
NA
NA
NA
NA
NA
NA
NA
NA
NA
NA
NA
NA
NA
NA
NA
NA
NA
NA
NA
NA
NA
NA
NA
NA
NA
NA
NA
NA
NA
NA
NA
NA
NA
NA
NA
NA
NA
NA
NA
NA
NA
NA
NA
NA
NA
NA
NA
NA
NA
NA
NA
NA
NA
NA
NA
NA
NA
NA
NA
NA
NA
NA
NA
NA
NA
NA
NA
NA
NA
NA
NA
NA
NA
NA
NA
NA
NA
NA
NA
NA
NA
NA
NA
NA
NA
NA
NA
NA
NA
NA
NA
NA
NA
NA
NA
NA
NA
NA
NA
NA
NA
NA
NA
NA
NA
NA
NA
NA
NA
NA
NA
NA
NA
NA
NA
NA
NA
NA
NA
NA
NA
NA
NA
NA
NA
NA
NA
NA
NA
NA
NA
NA
NA
NA
NA
NA
NA
NA
NA
NA
NA
NA
NA
NA
NA
NA
NA
NA
NA
NA
NA
NA
NA
NA
NA
NA
NA
NA
NA
NA
NA
NA
NA
NA
NA
NA
NA
NA
NA
NA
NA
NA
NA
NA
NA
NA
NA
NA
NA
NA
NA
NA
NA
NA
NA
NA
NA
NA
NA
NA
NA
NA
NA
NA
NA
NA
NA
NA
NA
NA
NA
NA
NA
NA
NA
NA
NA
NA
NA
NA
NA
NA
NA
NA
NA
NA
NA
NA
NA
NA
NA
NA
NA
NA
NA
NA
NA
NA
NA
NA
NA
NA
NA
NA
NA
NA
NA
NA
NA
NA
NA
NA
NA
NA
NA
NA
NA
NA
NA
NA
NA
NA
NA
NA
NA
NA
NA
NA
NA
NA
NA
NA
NA
NA
NA
NA
NA
NA
NA
NA
NA
NA
NA
NA
NA
NA
NA
NA
NA
NA
NA
NA
NA
NA
NA
NA
NA
NA
NA
NA
NA
NA
NA
NA
NA
NA
NA
NA
NA
NA
NA
NA
NA
NA
NA
NA
NA
NA
NA
NA
NA
NA
NA
NA
NA
NA
NA
NA
NA
NA
NA
NA
NA
NA
NA
NA
NA
NA
NA
NA
NA
NA
NA
NA
NA
NA
NA
NA
NA
NA
NA
NA
NA
NA
NA
NA
NA
NA
NA
NA
NA
NA
NA
NA
NA
NA
NA
NA
NA
NA
NA
NA
NA
NA
NA
NA
NA
NA
NA
NA
NA
NA
NA
NA
NA
NA
NA
NA
NA
NA
NA
NA
NA
NA
NA
NA
NA
NA
NA
NA
NA
NA
NA
NA
NA
NA
NA
NA
NA
NA
NA
NA
NA
NA
NA
NA
NA
NA
NA
NA
NA
NA
NA
NA
NA
NA
NA
NA
NA
NA
NA
NA
NA
NA
NA
NA
NA
NA
NA
NA
NA
NA
NA
NA
NA
NA
NA
NA
NA
NA
NA
NA
NA
NA
NA
NA
NA
NA
NA
NA
NA
NA
NA
NA
NA
NA
NA
NA
NA
NA
NA
NA
NA
NA
NA
NA
NA
NA
NA
NA
NA
NA
NA
NA
NA
NA
NA
NA
NA
NA
NA
NA
NA
NA
NA
NA
NA
NA
NA
NA
NA
NA
NA
NA
NA
NA
NA
NA
NA
NA
NA
NA
NA
NA
NA
NA
NA
NA
NA
NA
NA
NA
NA
NA
NA
NA
NA
NA
NA
NA
NA
NA
NA
NA
NA
NA
NA
NA
NA
NA
NA
NA
NA
NA
NA
NA
NA
NA
NA
NA
NA
NA
NA
NA
NA
NA
NA
NA
NA
NA
NA
NA
NA
NA
NA
NA
NA
NA
NA
NA
NA
NA
NA
NA
NA
NA
NA
NA
NA
NA
NA
NA
NA
NA
NA
NA
NA
NA
NA
NA
NA
NA
NA
NA
NA
NA
NA
NA
NA
NA
NA
NA
NA
NA
NA
NA
NA
NA
NA
NA
NA
NA
NA
NA
NA
NA
NA
NA
NA
NA
NA
NA
NA
NA
NA
NA
NA
NA
NA
NA
NA
NA
NA
NA
NA
NA
NA
NA
NA
NA
NA
NA
NA
NA
NA
NA
NA
NA
NA
NA
NA
NA
NA
NA
NA
NA
NA
NA
NA
NA
NA
NA
NA
NA
NA
NA
NA
NA
NA
NA
NA
NA
NA
NA
NA
NA
NA
NA
NA
NA
NA
NA
NA
NA
NA
NA
NA
NA
NA
NA
NA
NA
NA
NA
NA
NA
NA
NA
NA
NA
NA
NA
NA
NA
NA
NA
NA
NA
NA
NA
NA
NA
NA
NA
NA
NA
NA
NA
NA
NA
NA
NA
NA
NA
NA
NA
NA
NA
NA
NA
NA
NA
NA
NA
NA
NA
NA
NA
NA
NA
NA
NA
NA
NA
NA
NA
NA
NA
NA
NA
NA
NA
NA
NA
NA
NA
NA
NA
NA
NA
NA
NA
NA
NA
NA
NA
NA
NA
NA
NA
NA
NA
NA
NA
NA
NA
NA
NA
NA
NA
NA
NA
NA
NA
NA
NA
NA
NA
NA
NA
NA
NA
NA
NA
NA
NA
NA
NA
NA
NA
NA
NA
NA
NA
NA
NA
NA
NA
NA
NA
NA
NA
NA
NA
NA
NA
NA
NA
NA
NA
NA
NA
NA
NA
NA
NA
NA
NA
NA
NA
NA
NA
NA
NA
NA
NA
NA
NA
NA
NA
NA
NA
NA
NA
NA
NA
NA
NA
NA
NA
NA
NA
NA
NA
NA
NA
NA
NA
NA
NA
NA
NA
NA
NA
NA
NA
NA
NA
NA
NA
NA
NA
NA
NA
NA
NA
NA
NA
NA
NA
NA
NA
NA
NA
NA
NA
NA
NA
NA
NA
NA
NA
NA
NA
NA
NA
NA
NA
NA
NA
NA
NA
NA
NA
NA
NA
NA
NA
NA
NA
NA
NA
NA
NA
NA
NA
NA
NA
NA
NA
NA
NA
NA
NA
NA
NA
NA
NA
NA
NA
NA
NA
NA
NA
NA
NA
NA
NA
NA
NA
NA
NA
NA
NA
NA
NA
NA
NA
NA
NA
NA
NA
NA
NA
NA
NA
NA
NA
NA
NA
NA
NA
NA
NA
NA
NA
NA
NA
NA
NA
NA
NA
NA
NA
NA
NA
NA
NA
NA
NA
NA
NA
NA
NA
NA
NA
NA
NA
NA
NA
NA
NA
NA
NA
NA
NA
NA
NA
NA
NA
NA
NA
NA
NA
NA
NA
NA
NA
NA
NA
NA
NA
NA
NA
NA
NA
NA
NA
NA
NA
NA
NA
NA
NA
NA
NA
NA
NA
NA
NA
NA
NA
NA
NA
NA
NA
NA
NA
NA
NA
NA
NA
NA
NA
NA
NA
NA
NA
NA
NA
NA
NA
NA
NA
NA
NA
NA
NA
NA
NA
NA
NA
NA
NA
NA
NA
NA
NA
NA
NA
NA
NA
NA
NA
NA
NA
NA
NA
NA
NA
NA
NA
NA
NA
NA
NA
NA
NA
NA
NA
NA
NA
NA
NA
NA
NA
NA
NA
NA
NA
NA
NA
NA
NA
NA
NA
NA
NA
NA
NA
NA
NA
NA
NA
NA
NA
NA
NA
NA
NA
NA
NA
NA
NA
NA
NA
NA
NA
NA
NA
NA
NA
NA
NA
NA
NA
NA
NA
NA
NA
NA
NA
NA
NA
NA
NA
NA
NA
NA
NA
NA
NA
NA
NA
NA
NA
NA
NA
NA
NA
NA
NA
NA
NA
NA
NA
NA
NA
NA
NA
NA
NA
NA
NA
NA
NA
NA
NA
NA
NA
NA
NA
NA
NA
NA
NA
NA
NA
NA
NA
NA
NA
NA
NA
NA
NA
NA
NA
NA
NA
NA
NA
NA
NA
NA
NA
NA
NA
NA
NA
NA
NA
NA
NA
NA
NA
NA
NA
NA
NA
NA
NA
NA
NA
NA
NA
NA
NA
NA
NA
NA
NA
NA
NA
NA
NA
NA
NA
NA
NA
NA
NA
NA
NA
NA
NA
NA
NA
NA
NA
NA
NA
NA
NA
NA
NA
NA
NA
NA
NA
NA
NA
NA
NA
NA
NA
NA
NA
NA
NA
NA
NA
NA
NA
NA
NA
NA
NA
NA
NA
NA
NA
NA
NA
NA
NA
NA
NA
NA
NA
NA
NA
NA
NA
NA
NA
NA
NA
NA
NA
NA
NA
NA
NA
NA
NA
NA
NA
NA
NA
NA
NA
NA
NA
NA
NA
NA
NA
NA
NA
NA
NA
NA
NA
NA
NA
NA
NA
NA
NA
NA
NA
NA
NA
NA
NA
NA
NA
NA
NA
NA
NA
NA
NA
NA
NA
NA
NA
NA
NA
NA
NA
NA
NA
NA
NA
NA
NA
NA
NA
NA
NA
NA
NA
NA
NA
NA
NA
NA
NA
NA
NA
NA
NA
NA
NA
NA
NA
NA
NA
NA
NA
NA
NA
NA
NA
NA
NA
NA
NA
NA
NA
NA
NA
NA
NA
NA
NA
NA
NA
NA
NA
NA
NA
NA
NA
NA
NA
NA
NA
NA
NA
NA
NA
NA
NA
NA
NA
NA
NA
NA
NA
NA
NA
NA
NA
NA
NA
NA
NA
NA
NA
NA
NA
NA
NA
NA
NA
NA
NA
NA
NA
NA
NA
NA
NA
NA
NA
NA
NA
NA
NA
NA
NA
NA
NA
NA
NA
NA
NA
NA
NA
NA
NA
NA
NA
NA
NA
NA
NA
NA
NA
NA
NA
NA
NA
NA
NA
NA
NA
NA
NA
NA
NA
NA
NA
NA
NA
NA
NA
NA
NA
NA
NA
NA
NA
NA
NA
NA
NA
NA
NA
NA
NA
NA
NA
NA
NA
NA
NA
NA
NA
NA
NA
NA
NA
NA
NA
NA
NA
NA
NA
NA
NA
NA
NA
NA
NA
NA
NA
NA
NA
NA
NA
NA
NA
NA
NA
NA
NA
NA
NA
NA
NA
NA
NA
NA
NA
NA
NA
NA
NA
NA
NA
NA
NA
NA
NA
NA
NA
NA
NA
NA
NA
NA
NA
NA
NA
NA
NA
NA
NA
NA
NA
NA
NA
NA
NA
NA
NA
NA
NA
NA
NA
NA
NA
NA
NA
NA
NA
NA
NA
NA
NA
NA
NA
NA
NA
NA
NA
NA
NA
NA
NA
NA
NA
NA
NA
NA
NA
NA
NA
NA
NA
NA
NA
NA
NA
NA
NA
NA
NA
NA
NA
NA
NA
NA
NA
NA
NA
NA
NA
NA
NA
NA
NA
NA
NA
NA
NA
NA
NA
NA
NA
NA
NA
NA
NA
NA
NA
NA
NA
NA
NA
NA
NA
NA
NA
NA
NA
NA
NA
NA
NA
NA
NA
NA
NA
NA
NA
NA
NA
NA
NA
NA
NA
NA
NA
NA
NA
NA
NA
NA
NA
NA
NA
NA
NA
NA
NA
NA
NA
NA
NA
NA
NA
NA
NA
NA
NA
NA
NA
NA
NA
NA
NA
NA
NA
NA
NA
NA
NA
NA
NA
NA
NA
NA
NA
NA
NA
NA
NA
NA
NA
NA
NA
NA
NA
NA
NA
NA
NA
NA
NA
NA
NA
NA
NA
NA
NA
NA
NA
NA
NA
NA
NA
NA
NA
NA
NA
NA
NA
NA
NA
NA
NA
NA
NA
NA
NA
NA
NA
NA
NA
NA
NA
NA
NA
NA
NA
NA
NA
NA
NA
NA
NA
NA
NA
NA
NA
NA
NA
NA
NA
NA
NA
NA
NA
NA
NA
NA
NA
NA
NA
NA
NA
NA
NA
NA
NA
NA
NA
NA
NA
NA
NA
NA
NA
NA
NA
NA
NA
NA
NA
NA
NA
NA
NA
NA
NA
NA
NA
NA
NA
NA
NA
NA
NA
NA
NA
NA
NA
NA
NA
NA
NA
NA
NA
NA
NA
NA
NA
NA
NA
NA
NA
NA
NA
NA
NA
NA
NA
NA
NA
NA
NA
NA
NA
NA
NA
NA
NA
NA
NA
NA
NA
NA
NA
NA
NA
NA
NA
0.2013
0.2881
0.3333
0.2387
0.2848
0.2599
0.2381
0.3768
0.3059
0.3523
0.2651
0.2831
0.3091
0.3503
0.4765
0.4431
0.3608
0.4832
0.2606
0.2534
0.3442
0.2426
0.3082
0.2303
0.4052
0.3194
0.3025
0.4932
0.2514
0.274
0.2321
0.3687
0.2809
0.1802
0.2703
0.3147
0.1542
0.1913
0.3155
0.3758
0.3895
0.351
0.2867
0.4234
0.2674
0.3911
0.3626
0.3869
0.461
0.2723
0.2266
0.2792
0.244
0.3141
0.3481
0.227
0.2971
0.3073
0.2026
0.2412
0.3939
0.2945
0.3567
0.35
0.3294
0.306
0.4328
0.2278
0.3218
0.2881
0.3446
0.2317
0.2384
0.3581
0.2553
0.3947
0.2237
0.3693
0.2201
0.269
0.2879
0.2045
0.2189
0.3938
0.2754
0.268
0.1955
0.3438
0.3938
0.3049
0.3268
0.3519
0.3472
0.2135
0.2464
0.2452
0.4516
0.3129
0.3008
0.3194
0.3613
0.3019
0.0977
0.2135
0.1561
0.2042
0.3218
0.2581
0.2229
0.3025
0.2069
0.5874
0.2303
0.4361
0.2345
0.277
0.2331
0.2234
0.4231
0.3165
0.2
0.2486
0.3721
0.3434
0.3354
0.3053
0.2065
0.2535
0.378
0.2515
0.2866
0.2424
0.1918
0.3088
0.2692
0.2169
0.3006
0.2233
0.3467
0.5065
0.2242
0.2919
0.4118
0.3448
0.1933
0.3187
0.4145
0.2378
0.3115
0.3873
0.3136
0.2451
0.3333
0.3184
0.2658
0.2516
0.2919
0.3125
0.3636
0.2234
0.3485
0.2579
0.345
0.2647
0.4412
0.2109
0.3077
0.2662
0.3203
0.2053
0.2812
0.4133
0.4648
0.2062
0.1667
0.2756
0.2339
0.2406
0.4059
0.4125
0.2367
0.3814
0.2743
0.3072
0.3253
0.4328
0.4023
0.2554
0.4161
0.4312
0.287
0.2938
0.3375
0.2386
0.4357
0.2447
0.2529
0.3057
0.3796
0.2528
0.2544
0.3012
0.2299
0.339
0.4295
0.2707
0.2764
0.2086
0.2727
0.3086
0.3089
0.3438
0.2889
0.4094
0.3896
0.3506
0.3081
0.2765
0.25
0.3376
0.451
0.2531
0.4444
0.3933
0.4026
0.3161
0.3649
0.2281
0.2167
0.1902
0.3211
0.2873
0.2022
0.2472
0.3873
0.3605
0.3034
0.1383
0.184
0.2167
0.191
0.2381
0.3376
0.2025
0.2485
0.4493
0.2945
0.164
0.2867
0.1135
0.4026
0.2152
0.4436
0.3235
0.3054
0.2945
0.1522
0.2455
0.2821
0.1875
0.195
0.247
0.2727
0.372
0.2423
0.4122
0.2742
0.2454
0.2381
0.2303
0.2865
0.2222
0.2076
0.2994
0.1574
0.3487
0.2179
0.2807
0.2032
0.2211
0.2249
0.3688
0.2446
0.5886
0.2816
0.25
0.3554
0.3161
0.2738
0.2222
0.3395
0.2986
0.3708
0.3699
0.3497
0.2517
0.3007
0.32
0.3466
0.2826
0.3
0.1967
0.3145
0.1943
0.4556
0.2711
0.392
0.2159
0.264
0.3388
0.475
0.5513
0.2303
0.4231
0.3614
0.2356
0.3551
0.343
0.3049
0.3397
0.2264
0.2907
0.4621
0.32
0.3743
0.4101
0.2781
0.3219
0.1965
0.2968
0.1847
0.4192
0.2625
0.2327
0.4204
0.3642
0.2761
0.2147
0.3596
0.3351
0.5031
0.2527
0.4188
0.3101
0.1503
0.4231
0.3234
0.2638
0.191
0.2093
0.2465
0.2174
0.1696
0.3481
0.4925
0.3289
0.3657
0.2217
0.1796
0.3609
0.2963
0.3179
0.3733
0.2294
0.2717
0.2011
0.2529
0.3333
0.4012
0.2484
0.2321
0.1176
0.2866
0.3576
0.3034
0.1773
0.3508
0.1657
0.4444
0.2034
0.331
0.4867
0.3355
0.2922
0.3032
0.2458
0.3381
0.2792
0.2484
0.2683
0.2222
0.2316
0.3354
0.3434
0.2743
0.3608
0.2722
0.3768
0.2102
0.3514
0.3198
0.2428
0.396
0.3041
0.2264
0.2484
0.359
0.2595
0.1684
0.3595
0.2216
0.4179
0.3137
0.411
0.2822
0.2292
0.2456
0.3241
0.2872
0.2694
0.2412
0.3248
0.2938
0.2174
0.2407
0.2486
0.4013
0.3904
0.2466
0.2892
0.241
0.4605
0.3193
0.3289
0.3613
0.2759
0.3636
0.3169
0.3017
0.2189
0.2761
0.3333
0.3333
0.2989
0.3471
0.3529
0.2624
0.2579
0.2632
0.2775
0.4324
0.3832
0.3187
0.5513
0.1701
0.2022
0.3799
0.3438
0.3701
0.3961
0.2938
0.2754
0.3631
0.3869
0.2609
0.24
0.3077
0.3725
0.3107
0.1964
0.288
0.1542
0.3052
0.4013
0.2611
0.2011
0.3591
0.142
0.1948
0.2778
0.2554
0.358
0.1497
0.2588
0.311
0.3333
0.3419
0.3013
0.3672
0.4196
0.2256
0.4029
0.3494
0.3514
0.4795
0.2549
0.3964
0.2447
0.319
0.2632
0.2426
0.3919
0.4926
0.3446
0.2368
0.3054
0.3937
0.3757
0.2034
0.3665
0.3259
0.3459
0.2667
0.3309
0.411
0.4225
0.4609
0.4583
0.2762
0.2688
0.2394
0.2849
0.25
0.2199
0.2697
0.264
0.2675
0.2535
0.3248
0.4932
0.3946
0.1559
0.2422
0.2595
0.3448
0.2126
0.2819
0.3039
0.3923
0.2278
0.4036
0.2857
0.2917
0.3416
0.4422
0.3987
0.2937
0.2181
0.3631
0.2686
0.2727
0.2405
0.185
0.2278
0.1667
0.2579
0.2579
0.4384
0.2416
0.3455
0.3636
0.6324
0.3274
0.3203
0.2169
0.2071
0.18
0.2715
0.3716
0.257
0.3758
0.3006
0.1988
0.3207
0.3571
0.3396
0.2139
0.4406
0.2378
0.1878
0.3984
0.2749
0.2778
0.2548
0.1676
0.2353
0.25
0.4088
0.3333
0.5503
0.3576
0.2708
0.3625
0.2327
0.2131
0.4083
0.2644
0.2949
0.2249
0.2484
0.331
0.5338
0.1806
0.2614
0.2872
0.2611
0.2646
0.3243
0.2143
0.3241
0.2873
0.2842
0.3094
0.2241
0.2235
0.2044
0.2464
0.1864
0.2383
0.1714
0.4036
0.2318
0.2356
0.2515
0.2344
0.4043
0.153
0.2787
0.461
0.2865
0.1856
0.2022
0.2824
0.3092
0.5197
0.3297
0.2143
0.3636
0.2559
0.2659
0.4366
0.2805
0.3684
0.3452
0.1782
0.2817
0.4179
0.2486
0.2621
0.3014
0.2331
0.2901
0.3226
0.2609
0.2832
0.3072
0.3254
0.2941
0.2121
0.2727
0.2566
0.4792
0.2428
0.2172
0.179
0.3352
0.3054
0.2442
0.3046
0.1929
0.3068
0.4054
0.3015
0.4379
0.2744
0.2733
0.2418
0.4132
0.2807
0.2646
0.2965
0.2024
0.1952
0.2321
0.4422
0.2532
0.3789
0.2634
0.4189
0.3571
0.3602
0.3239
0.2335
0.1488
0.2586
0.2542
0.2416
0.2566
0.3061
0.1538
0.3026
0.4625
0.2189
0.1796
0.375
0.3694
0.2732
0.3171
0.4085
0.3162
0.2386
0.2635
0.4354
0.2699
0.1989
0.254
0.2831
0.2945
0.3234
0.2968
0.3625
0.3313
0.2384
0.3957
0.2473
0.3742
0.3121
0.3103
0.2229
0.2108
0.2159
0.3687
0.3636
0.3179
0.3158
0.2299
0.2201
0.3219
0.3557
0.2515
0.3167
0.2237
0.3208
0.2771
0.2934
0.4593
0.3333
0.414
0.2468
0.3684
0.309
0.3544
0.2841
0.3208
0.2308
0.1868
0.3296
0.2459
0.2762
0.3962
0.2866
0.25
0.3049
0.2247
0.4286
0.2456
0.2952
0.3497
0.3372
0.2556
0.2849
0.3082
0.2162
0.3793
0.4051
0.2308
0.3087
0.1838
0.4558
0.2548
0.3614
0.2044
0.3473
0.314
0.3292
0.3647
0.3179
0.3214
0.284
0.3022
0.1988
0.3355
0.3168
0.3691
0.377
0.2749
0.341
0.3416
0.3907
0.3446
0.2532
0.4274
0.1941
0.193
0.1832
0.4737
0.2468
0.2553
0.1875
0.2635
0.3797
0.2695
0.2722
0.2216
0.2948
0.2945
0.3256
0.2386
0.3585
0.3543
0.3224
0.3562
0.3404
0.2258
0.411
0.3478
0.3958
0.2228
0.4828
0.2944
0.3015
0.2209
0.3776
0.3155
0.4519
0.2373
0.175
0.3462
0.1019
0.2765
0.265
0.3113
0.2803
0.3207
0.45
0.2067
0.2656
0.3901
0.4305
0.2825
0.2558
0.2222
0.2765
0.1707
0.5312
0.2961
0.1397
0.3272
0.2651
0.2393
0.2162
0.2825
0.2209
0.2486
0.4649
0.2457
0.3179
0.4155
0.2552
0.3005
0.3425
0.2793
0.3198
0.2837
0.3602
0.4962
0.25
0.4203
0.2842
0.2485
0.2959
0.4207
0.227
0.275
0.3422
0.3148
0.1989
0.3503
0.2438
0.2258
0.2468
0.1549
0.2251
0.2653
0.2544
0.2456
0.284
0.2778
0.3333
0.2262
0.2303
0.2249
0.4286
0.391
0.3029
0.2842
0.2774
0.4146
0.25
0.1767
0.2194
0.236
0.2722
0.3722
0.3512
0.2457
0.3722
0.2788
0.1927
0.1977
0.4024
0.2945
0.2877
0.3061
0.3391
0.2596
0.2186
0.1538
0.2431
0.3432
0.2294
0.2393
0.2473
0.3648
0.1239
0.3333
0.4395
0.2139
0.3353
0.2308
0.358
0.2013
0.2312
0.3657
0.319
0.257
0.1414
0.2316
0.2687
0.3706
0.3394
0.2948
0.4061
0.1954
0.3655
0.3533
0.3333
0.2545
0.2541
0.2941
0.2956
0.3468
0.3939
0.2022
0.3182
0.3852
0.3012
0.3092
0.2241
0.3062
0.2022
0.3247
0.3103
0.3133
0.197
0.3133
0.3208
0.2644
0.4485
0.2222
0.3171
0.2049
0.2262
0.4903
0.2635
0.239
0.2692
0.3443
0.1895
0.2866
0.2738
0.3333
0.2023
0.3
0.1792
0.38
0.2561
0.3289
0.242
0.3118
0.1419
0.191
0.1988
0.141
0.2089
0.2429
0.0756
0.2246
0.1844
0.2614
0.259
0.1566
0.2059
0.3164
0.2026
0.3533
0.2785
0.34
0.2182
0.1986
0.2166
0.1386
0.2327
0.183
0.366
0.2639
0.1358
0.4189
0.2108
0.2671
0.2143
0.2737
0.1202
0.1618
0.2162
0.2867
0.1095
0.1196
0.2202
0.3057
0.186
0.2848
0.1867
0.3261
0.2246
0.3408
0.2414
0.2619
0.3916
0.1361
0.1073
0.1494
0.2321
0.2372
0.2296
0.2025
0.2
0.162
0.1765
0.1588
0.2296
0.227
0.3694
0.2188
0.2632
0.2568
0.2128
0.1477
0.2586
0.2472
0.2432
0.1646
0.096
0.2568
0.2042
0.3158
0.1299
0.3352
0.1244
0.2105
0.1768
0.1761
0.1361
0.2561
0.1677
0.0938
0.209
0.1406
0.2733
0.2195
0.2092
0.2593
0.2708
0.1719
0.1377
0.2163
0.2258
0.319
0.1493
0.2828
0.3097
0.1698
0.1034
0.1719
0.104
0.1414
0.2045
0.1484
0.2514
0.1667
0.1379
0.5944
0.1517
0.2647
0.2759
0.1892
0.2012
0.198
0.3397
0.2089
0.1721
0.1977
0.314
0.3012
0.247
0.1885
0.2323
0.1088
0.2012
0.1628
0.2242
0.0819
0.1781
0.2721
0.153
0.1905
0.1716
0.1796
0.2185
0.2866
0.1576
0.2156
0.3235
0.3103
0.14
0.2582
0.3289
0.2195
0.1546
0.3028
0.2308
0.1483
0.2564
0.2556
0.2152
0.1795
0.1524
0.226
0.2238
0.133
0.2803
0.1606
0.3216
0.1034
0.3481
0.1678
0.2781
0.259
0.1625
0.1842
0.2875
0.3667
0.4225
0.1753
0.1585
0.1146
0.1813
0.1596
0.2209
0.3812
0.1657
0.2615
0.2
0.2353
0.3072
0.3955
0.3161
0.1481
0.2026
0.325
0.1944
0.2
0.2438
0.2343
0.2
0.2021
0.1552
0.2548
0.3285
0.2191
0.1716
0.2651
0.16
0.1582
0.2819
0.1878
0.2
0.0982
0.1875
0.2393
0.1885
0.275
0.2278
0.2737
0.3442
0.3161
0.2216
0.2412
0.1359
0.2532
0.2549
0.1358
0.3706
0.2697
0.2129
0.2774
0.2703
0.1871
0.1889
0.1467
0.1615
0.2155
0.1292
0.24
0.2606
0.2416
0.2472
0.0904
0.25
0.2056
0.1685
0.1964
0.293
0.1472
0.1834
0.2971
0.2515
0.1693
0.1933
0.1297
0.2597
0.1835
0.2148
0.2529
0.2515
0.2485
0.1087
0.2275
0.2308
0.1438
0.14
0.2108
0.2273
0.2805
0.1735
0.3041
0.2043
0.1576
0.1538
0.1497
0.3
0.2569
0.1907
0.2961
0.1117
0.2549
0.1508
0.2222
0.1551
0.2263
0.1337
0.3475
0.2086
0.4177
0.2471
0.1771
0.213
0.25
0.244
0.1833
0.2622
0.2153
0.2753
0.2671
0.2699
0.2252
0.1895
0.2533
0.3295
0.1667
0.1667
0.0968
0.2264
0.1591
0.4024
0.2831
0.3636
0.1648
0.2155
0.2623
0.4812
0.3654
0.2439
0.3462
0.1964
0.1322
0.2676
0.2849
0.2134
0.25
0.1195
0.1029
0.4015
0.28
0.1965
0.295
0.1523
0.3288
0.1792
0.2387
0.1401
0.3473
0.2312
0.2228
0.239
0.2914
0.1718
0.178
0.1758
0.2513
0.4049
0.153
0.3438
0.2152
0.1011
0.3077
0.1791
0.2086
0.1759
0.1156
0.1831
0.1304
0.076
0.2741
0.2979
0.2819
0.3134
0.152
0.1739
0.2057
0.2487
0.2583
0.4067
0.08
0.1965
0.0699
0.117
0.305
0.2754
0.1429
0.1696
0.1373
0.1768
0.3179
0.232
0.1576
0.2083
0.16
0.2949
0.1412
0.2759
0.2667
0.1382
0.2065
0.2273
0.2717
0.3116
0.2727
0.1558
0.1768
0.125
0.1742
0.2327
0.213
0.16
0.3038
0.1361
0.2971
0.1534
0.2432
0.1919
0.185
0.2583
0.2635
0.1509
0.1234
0.172
0.1258
0.1
0.2323
0.1622
0.2612
0.1484
0.2
0.1595
0.1667
0.2222
0.2414
0.1692
0.1385
0.0882
0.2739
0.1977
0.1615
0.1914
0.1405
0.3248
0.2282
0.1986
0.259
0.1807
0.4013
0.1807
0.3423
0.2516
0.2345
0.3091
0.2676
0.2123
0.2189
0.2699
0.1706
0.2172
0.2171
0.1647
0.4265
0.2057
0.2264
0.1744
0.2042
0.3919
0.1462
0.1196
0.3625
0.2394
0.1348
0.2905
0.2671
0.1883
0.3052
0.1875
0.1617
0.2739
0.3188
0.2228
0.2467
0.2372
0.1491
0.1695
0.1786
0.2391
0.1642
0.2323
0.2697
0.2155
0.1564
0.1152
0.0888
0.1711
0.1852
0.2174
0.2407
0.1078
0.2235
0.1768
0.3399
0.2645
0.1667
0.2825
0.3217
0.0893
0.3381
0.2455
0.2757
0.3699
0.2078
0.3314
0.2074
0.2638
0.1637
0.1893
0.2635
0.3191
0.2483
0.2039
0.2156
0.4016
0.1954
0.116
0.2547
0.2741
0.366
0.2317
0.2662
0.3562
0.3636
0.3984
0.3611
0.1713
0.225
0.169
0.2291
0.1554
0.1937
0.2022
0.1778
0.2293
0.1869
0.2803
0.3581
0.223
0.1283
0.1988
0.2405
0.2989
0.1429
0.2416
0.2099
0.2707
0.1111
0.2381
0.2116
0.1294
0.1976
0.381
0.3861
0.2308
0.2128
0.2611
0.1429
0.1948
0.1899
0.1676
0.2457
0.1559
0.1429
0.216
0.3836
0.1275
0.3212
0.303
0.6618
0.2024
0.2549
0.1429
0.142
0.145
0.3
0.2703
0.1844
0.34
0.1829
0.1287
0.3098
0.3512
0.2201
0.2197
0.3103
0.2378
0.1878
0.2652
0.1754
0.2
0.1709
0.1027
0.183
0.233
0.3504
0.242
0.4295
0.2667
0.2207
0.3312
0.142
0.1713
0.3728
0.1186
0.2179
0.177
0.2166
0.1973
0.4094
0.1474
0.1895
0.2256
0.2484
0.2222
0.1762
0.1688
0.2414
0.1304
0.1459
0.1259
0.2069
0.1765
0.1436
0.2319
0.1186
0.2073
0.1657
0.3253
0.125
0.1458
0.2025
0.1146
0.2766
0.1093
0.2295
0.2979
0.1792
0.1302
0.1508
0.2412
0.2434
0.3701
0.1872
0.1726
0.2727
0.1643
0.2428
0.2606
0.1879
0.2961
0.2176
0.1618
0.2183
0.2391
0.1657
0.1586
0.2055
0.1534
0.2531
0.3226
0.1801
0.1387
0.1871
0.2071
0.2222
0.131
0.1538
0.2303
0.1753
0.185
0.1855
0.1111
0.25
0.2619
0.1387
0.1805
0.199
0.1989
0.2811
0.2721
0.1911
0.2121
0.1429
0.1593
0.2754
0.2807
0.1746
0.2254
0.1131
0.1174
0.1404
0.3605
0.1709
0.2422
0.2312
0.3851
0.2139
0.2742
0.2153
0.1737
0.1157
0.1724
0.1525
0.1484
0.2222
0.1419
0.1538
0.2566
0.2635
0.209
0.1677
0.3382
0.1916
0.1858
0.2593
0.2857
0.2647
0.142
0.1677
0.2102
0.3129
0.1477
0.1746
0.1386
0.1644
0.3174
0.1484
0.1012
0.241
0.1379
0.35
0.1813
0.2025
0.2517
0.2207
0.1656
0.1145
0.25
0.2682
0.3007
0.2543
0.2949
0.1872
0.1835
0.2123
0.1538
0.2209
0.1389
0.0446
0.2188
0.1775
0.2395
0.2555
0.2339
0.1928
0.1266
0.2982
0.2528
0.2138
0.2102
0.1615
0.152
0.0989
0.3073
0.2186
0.1547
0.1698
0.2357
0.2153
0.2622
0.2022
0.3041
0.2398
0.2289
0.2822
0.1492
0.2481
0.2151
0.1533
0.2027
0.2241
0.3734
0.1487
0.3691
0.0995
0.3537
0.1656
0.3114
0.1436
0.2275
0.1802
0.2303
0.1965
0.3113
0.1735
0.2083
0.123
0.1345
0.2327
0.2609
0.2953
0.2568
0.1272
0.289
0.3043
0.2517
0.2095
0.2152
0.3387
0.1353
0.2558
0.1337
0.3421
0.2025
0.1596
0.1761
0.1437
0.3082
0.2575
0.2426
0.1737
0.2139
0.2147
0.2791
0.1404
0.2453
0.1886
0.2459
0.2312
0.1958
0.2151
0.3562
0.2899
0.2986
0.1793
0.4069
0.0829
0.2426
0.2093
0.3147
0.2024
0.3111
0.0899
0.17
0.2885
0.0955
0.1395
0.235
0.2781
0.1783
0.1946
0.3786
0.1844
0.2211
0.2908
0.3673
0.2316
0.2209
0.1571
0.1529
0.1408
0.4531
0.257
0.0913
0.1667
0.241
0.2515
0.1459
0.2179
0.1687
0.1758
0.2087
0.1771
0.1053
0.3451
0.2032
0.2694
0.2928
0.1585
0.2326
0.2624
0.2593
0.3359
0.2035
0.2143
0.2526
0.1053
0.284
0.2345
0.1459
0.1875
0.2353
0.1358
0.1344
0.2994
0.1688
0.172
0.1494
0.1033
0.1204
0.1745
0.1538
0.1871
0.2899
0.1975
0.1989
0.2024
0.1333
0.1952
0.2857
0.3205
0.1886
0.2162
0.2581
0.2805
0.1548
0.1302
0.1378
0.205
0.2012
0.2611
0.1893
0.1582
0.2
0.2303
0.1615
0.2034
0.2139
0.2721
0.1986
0.2041
0.2265
0.1801
0.1421
0.1484
0.1602
0.3018
0.0994
0.1595
0.2961
0.2013
0.0872
0.3116
0.2484
0.1098
0.2515
0.2722
0.3333
0.1544
0.2362
0.1866
0.2195
0.1453
0.0773
0.1421
0.1443
0.2081
0.2651
0.2543
0.2788
0.1552
0.3172
0.2275
0.2103
0.1617
0.1989
0.1594
0.2642
0.237
0.297
0.1311
0.2727
0.1926
0.1867
0.25
0.1379
0.2188
0.2542
0.2468
0.1793
0.2349
0.1232
0.2036
0.2516
0.1875
0.2536
0.2807
0.2256
0.1366
0.1964
0.3718
0.1976
0.125
0.2115
0.1828
0.1474
0.2166
0.1607
0.1392
0.1561
0.1707
0.1156
0.34
0.189
0.2632
0.2013
0.2193
0.0968
0.0365
0.2807
0.1346
0.1582
0.1229
0.0229
0.1957
0.1955
0.2571
0.2831
0.1084
0.2485
0.236
0.2026
0.3413
0.1747
0.3133
0.1697
0.1575
0.0539
0.1029
0.2704
0.1176
0.3595
0.0253
0.1481
0.2905
0.1613
0.1918
0.0489
0.2179
0.1038
0.0977
0.173
0.2168
0.0837
0.0978
0.0971
0.2293
0.2093
0.2715
0.1733
0.2774
0.1872
0.324
0.2471
0.2381
0.4113
0.1414
0.1422
0.1429
0.2024
0.2308
0.1838
0.2025
0.0939
0.1229
0.0688
0.1824
0.25
0.1656
0.0511
0.2062
0.2339
0.0508
0.3881
0.1308
0.2701
0.162
0.2703
0.1758
0.1264
0.2432
0.1479
0.3158
0.1429
0.2784
0.1483
0.1754
0.202
0.108
0.1538
0.2256
0.1976
0.1961
0.1366
0.1875
0.2733
0.0412
0.2484
0.0398
0.1918
0.1875
0.1522
0.2452
0.2683
0.1455
0.1955
0.269
0.0402
0.1698
0.1322
0.0293
0.1494
0.1518
0.1818
0.1806
0.2171
0.1728
0.1379
0.3973
0.1573
0.3158
0.2013
0.0892
0.2025
0.1263
0.3269
0.2405
0.1628
0.0211
0.2616
0.0343
0.311
0.1623
0.1742
0.1507
0.0914
0.2395
0.1697
0.0877
0.053
0.2721
0.2088
0.1799
0.2945
0.1893
0.0314
0.2866
0.1636
0.1677
0.2721
0.2931
0.1391
0.2308
0.0298
0.2901
0.1237
0.3099
0.2485
0.0718
0.2667
0.2444
0.2152
0.037
0.1585
0.2373
0.2192
0.1489
0.2045
0.1606
0.1307
0.1364
0.04
0.1678
0.3195
0.2158
0.2727
0.1842
0.2562
0.3667
0.4155
0.0245
0.1174
0.1667
0.1512
0.1543
0.2294
0.284
0.1243
0.2
0.1486
0.1961
0.2711
0.306
0.3103
0.1111
0.2484
0.2716
0.162
0.175
0.1562
0.1818
0.2071
0.1414
0.0847
0.0178
0.2847
0.2528
0.1834
0.2892
0.16
0.2203
0.255
0.1215
0.1478
0.0485
0.233
0.0964
0.1675
0.25
0.2389
0.257
0.1333
0.3046
0.2216
0.2
0.1359
0.2405
0.2941
0.0926
0.3357
0.0625
0.0915
0.2387
0.2365
0.1029
0.1889
0.0104
0.1771
0.2044
0.1573
0.1236
0.2028
0.2993
0.236
0.1117
0.1779
0.0994
0.1461
0.131
0.2102
0.135
0.2012
0.2536
0.2638
0.164
0.1558
0.0865
0.2857
0.1847
0.0333
0.0385
0.1916
0.1879
0.1141
0.2189
0.0287
0.15
0.0792
0.2048
0.1629
0.311
0.1633
0.3514
0.2097
0.1576
0.1361
0.1879
0.2339
0.1736
0.1822
0.2961
0.1117
0.1634
0.1397
0.2573
0.123
0.0969
0.1221
0.2292
0.0205
0.2814
0.2299
0.151
0.1726
0.2159
0.1964
0.1833
0.2778
0.1736
0.2584
0.2329
0.1598
0.1656
0.1438
0.2467
0.2898
0.1739
0.1975
0.1639
0.195
0.12
0.4497
0.1737
0.3039
0.1193
0.1148
0.2514
0.4125
0.0395
0.1506
0.2803
0.1726
0.1092
0.2138
0.0107
0.1768
0.2179
0.0807
0.0168
0.291
0.183
0.1965
0.3165
0.1457
0.2808
0.1445
0.2258
0.1146
0.3473
0.0838
0.2574
0.2138
0.2039
0.1718
0.178
0.2179
0.171
0.3373
0.1209
0.3125
0.1
0.1149
0.3077
0.1287
0.1963
0.1558
0.1322
0.1408
0.0369
0.1111
0.2444
0.038
0.0303
0.2985
0.1823
0.1739
0.1829
0.2381
0.2649
0.3046
0.1034
0.1552
0.1033
0.1412
0.2128
0.1714
0.0926
0.1706
0.1343
0.189
0.2384
0.2376
0.0381
0.224
0.1143
0.0294
0.1864
0.2552
0.3267
0.1579
0.1871
0.172
0.289
0.3478
0.2208
0.1429
0.1646
0.1087
0.209
0.2422
0.2426
0.118
0.2785
0.142
0.2101
0.1705
0.2095
0.1919
0.185
0.3624
0.2365
0.1698
0.1234
0.1783
0.1258
0.1158
0.2387
0.1622
0.0414
0.1742
0.193
0.2331
0.0146
0.1193
0.2138
0.1795
0.2062
0.0941
0.2468
0.1977
0.1481
0.2037
0.139
0.0347
0.2671
0.1712
0.2289
0.2108
0.3618
0.2349
0.22
0.2129
0.1862
0.303
0.2394
0.1899
0.0345
0.2182
0.2202
0.1818
0.1771
0.1706
0.0946
0.2128
0.175
0.186
0.2304
0.3716
0.2249
0.0159
0.35
0.2094
0.1629
0.1593
0.3043
0.2208
0.0468
0.175
0.1124
0.2739
0.2391
0.1739
0.2067
0.1795
0.142
0.1356
0.1905
0.2065
0.1294
0.2645
0.3289
0.1878
0.1173
0.0995
0.1065
0.1645
0.179
0.1505
0.2284
0.0405
0.2176
0.1707
0.281
0.2323
0.109
0.2712
0.3427
0.189
0.3022
0.2695
0.2541
0.3562
0.2208
0.2765
0.2128
0.2945
0.1228
0.0988
0.2365
0.3121
0.2282
0.1711
0.2156
0.2519
0.185
0.1808
0.1071
0.2148
0.2453
0.1879
0.1958
0.3699
0.2192
0.2
0.024
0.1944
0.1152
0.216
0.2123
0.1689
0.178
0.2303
0.2079
0.1783
0.1589
0.2166
0.3649
0.2095
0.1123
0.1402
0.2342
0.2701
0.1193
0.2349
0.1813
0.2486
0.15
0.244
0.2169
0.1657
0.0872
0.2721
0.3228
0.1469
0.2011
0.2038
0.1429
0.2338
0.1962
0.0739
0.1167
0.1129
0.1677
0.0229
0.3767
0.1477
0.297
0.2424
0.5441
0.2083
0.2484
0.1429
0.0947
0.15
0.24
0.2365
0.1676
0.2533
0.2577
0.1279
0.3098
0.3095
0.2013
0.1272
0.2897
0.1317
0.1657
0.1667
0.1871
0.026
0.1582
0.1189
0.1039
0.1404
0.2429
0.1975
0.3933
0.2364
0.0327
0.3312
0.0741
0.0984
0.1771
0.1017
0.2115
0.134
0.2166
0.2123
0.3691
0.1667
0.0759
0.2051
0.2229
0.2063
0.2234
0.1623
0.2
0.1359
0.1514
0.1329
0.2356
0.1824
0.1215
0.2029
0.1299
0.1649
0.16
0.2771
0.1126
0.1554
0.0349
0.1354
0.3191
0.1038
0.2174
0.2639
0.0378
0.0769
0.1955
0.2118
0.25
0.0352
0.1979
0.1369
0.2857
0.1315
0.1965
0.3099
0.1879
0.0299
0.256
0.1092
0.1972
0.1301
0.1657
0.1655
0.2808
0.1534
0.2134
0.3355
0.1553
0.1561
0.2711
0.2367
0.2092
0.1131
0.0261
0.1842
0.1558
0.0652
0.1222
0.1543
0.0484
0.2143
0.08
0.1317
0.0194
0.1932
0.3533
0.2647
0.1783
0.2182
0.0581
0.1484
0.0333
0.1977
0.1746
0.2659
0.1369
0.1362
0.1716
0.2549
0.1772
0.2236
0.1774
0.125
0.1965
0.2419
0.0748
0.1916
0.1033
0.1494
0.1582
0.1264
0.1667
0.0258
0.1346
0.141
0.2635
0.1791
0.1916
0.3456
0.1976
0.224
0.216
0.3521
0.1618
0.1477
0.1497
0.1592
0.2331
0.1761
0.0439
0.1627
0.226
0.0385
0.1742
0.119
0.1807
0.1149
0.2571
0.1648
0.0663
0.1818
0.1931
0.0427
0.1386
0.0532
0.0366
0.2937
0.2312
0.2436
0.0293
0.1572
0.2397
0.2483
0.1377
0.1667
0.0255
0.1739
0.0882
0.1856
0.2889
0.1561
0.0402
0.2025
0.3216
0.2389
0.2516
0.1818
0.1615
0.0497
0.1429
0.2458
0.2198
0.041
0.1887
0.2038
0.02
0.0495
0.1404
0.277
0.1111
0.0278
0.2331
0.25
0.2331
0.1512
0.1733
0.1879
0.2184
0.2722
0.2526
0.2886
0.1204
0.3333
0.1847
0.2771
0.1657
0.2275
0.2384
0.2182
0.2235
0.2781
0.1735
0.1361
0.153
0.1404
0.1288
0.2857
0.2819
0.2459
0.152
0.0798
0.3043
0.2053
0.2365
0.1698
0.2734
0.0994
0.1965
0.1238
0.3487
0.2025
0.1489
0.105
0.1488
0.3291
0.2575
0.2308
0.1437
0.0929
0.1024
0.1412
0.1011
0.1138
0.2743
0.1913
0.0171
0.3032
0.172
0.3493
0.3333
0.1722
0.1196
0.4345
0.0881
0.1912
0.1802
0.3357
0.1964
0.3037
0.1243
0.115
0.2244
0.0892
0.1105
0.1386
0.2053
0.172
0.2108
0.3357
0.1732
0.0773
0.2553
0.0904
0.2486
0.2326
0.1088
0.1235
0.1165
0.375
0.2235
0.0961
0.2099
0.247
0.1656
0.1027
0.0513
0.1325
0.1484
0.2696
0.1371
0.1382
0.1667
0.2086
0.228
0.2818
0.2067
0.2229
0.1761
0.2593
0.2388
0.1965
0.2302
0.2158
0.152
0.2663
0.0122
0.0305
0.2
0.1979
0.216
0.1344
0.3248
0.142
0.1613
0.1818
0.032
0.0305
0.1342
0.1538
0.2281
0.3136
0.2654
0.1713
0.1964
0.1341
0.1952
0.2143
0.3141
0.2343
0.1217
0.0355
0.2744
0.2651
0.1442
0.1888
0.2174
0.1716
0.2667
0.2857
0.1011
0.0471
0.1598
0.0792
0.1341
0.2057
0.2517
0.1301
0.1757
0.1878
0.1801
0.1148
0.1538
0.1135
0.2012
0.0936
0.1159
0.3017
0.0395
0.1009
0.3043
0.3376
0.1329
0.2071
0.027
0.284
0.1611
0.2211
0.2463
0.1829
0.1397
0.0942
0.1526
0.1343
0.2023
0.1677
0.2023
0.2848
0.1609
0.2276
0.1462
0.2564
0.1138
0.1484
0.1594
0.1925
0.0328
0.2848
0.1421
0.25
0.1926
0.1807
0.25
0.0894
0.1938
0.1517
0.2922
0.0861
0.241
0.0985
0.2216
0.3145
0.1954
0.2681
0.2222
0.0765
0.1268
0.1845
0.3974
0.1845
0.1572
0.2019
0.0952
0.1282
0.1592
0.1607
0.1132
0.0222
0.2438
0.0337
0.0245
0.1951
0.2171
0.195
0.2193
