ncvFD_AFR	ncvFD_EUR	ncvFD_ASN	ncv_AFR	ncv_EUR	ncv_ASN	hka_AFR	hka_EUR	hka_ASN	tajd_AFR
0.4898	0.4978	0.4964	0.4546	0.4621	0.4586	0.3037	0.064	0.0985	-1.75363
0.4782	0.4882	0.4954	0.4316	0.4571	0.4833	0.5035	0.3972	0.383	-1.08188
0.4843	0.4912	0.4904	0.4435	0.4574	0.4281	0.4091	0.2727	0.1667	-1.43482
0.4881	0.492	0.4884	0.45	0.441	0.4175	0.3292	0.1667	0.179	-1.6038
0.4887	0.4977	0.4984	0.4473	0.4822	0.481	0.2898	0.15	0.0914	-1.52185
0.4738	0.4965	0.4968	0.3895	0.4642	0.4657	0.3497	0.113	0.1073	0.090394
0.4633	0.4788	0.4645	0.3947	0.4287	0.3625	0.6015	0.4565	0.4058	-0.0473644
0.4904	0.4756	0.4965	0.4644	0.375	0.4743	0.3819	0.2778	0.1613	-2.0506
0.4849	0.4873	0.4982	0.4417	0.4302	0.4692	0.3714	0.24	0.0632	-1.37513
0.4928	0.499	0.498	0.4608	0.4824	0.4773	0.2336	0.0645	0.1014	-1.92549
0.4756	0.4838	0.4918	0.4205	0.3806	0.4551	0.4811	0.1786	0.2347	-0.768715
0.477	0.4835	0.4841	0.4321	0.4103	0.395	0.55	0.2483	0.2	-1.10059
0.4686	0.495	0.4901	0.391	0.469	0.4518	0.456	0.199	0.2717	0.051102
0.4891	0.4988	0.4984	0.4666	0.4809	0.4775	0.5031	0.071	0.0765	-2.16154
0.4924	0.4884	0.4962	0.4678	0.4373	0.4515	0.3218	0.2431	0.0904	-2.158
0.4816	0.4766	0.4773	0.4408	0.3564	0.3287	0.4793	0.2281	0.185	-1.36201
0.4863	0.4931	0.492	0.4547	0.4487	0.4355	0.4516	0.1646	0.1519	-1.77381
0.4791	0.4781	0.4976	0.4324	0.3963	0.4728	0.4819	0.2994	0.1	-1.11104
0.4754	0.4859	0.499	0.4081	0.4421	0.4744	0.4024	0.3412	0.0419	-0.410772
0.4817	0.4864	0.4949	0.4357	0.4372	0.4706	0.4259	0.2963	0.2143	-1.20054
0.4875	0.4957	0.4971	0.4512	0.4775	0.4639	0.3631	0.242	0.0904	-1.64963
0.4887	0.4878	0.4961	0.4543	0.4306	0.466	0.3464	0.2291	0.133	-1.75217
0.4875	0.4781	0.4971	0.4575	0.4037	0.4657	0.4359	0.3269	0.0952	-1.8578
0.4817	0.4859	0.4976	0.4454	0.4466	0.4723	0.5333	0.3775	0.097	-1.50011
0.4958	0.4983	0.4976	0.48	0.4851	0.477	0.2667	0.129	0.1183	-2.51765
0.4832	0.4863	0.4838	0.4438	0.4048	0.3948	0.452	0.1864	0.2034	-1.4515
0.4845	0.4825	0.4831	0.4446	0.3689	0.3475	0.4105	0.1777	0.1472	-1.47441
0.475	0.4935	0.4942	0.4238	0.4482	0.4564	0.5305	0.1525	0.1609	-0.862316
0.4653	0.4795	0.4978	0.3834	0.4204	0.4767	0.4824	0.3765	0.1082	0.252927
0.4895	0.4984	0.4979	0.4512	0.4679	0.4704	0.2886	0.0556	0.0787	-1.64933
0.4919	0.4852	0.4943	0.4596	0.3854	0.4574	0.2601	0.1676	0.1618	-1.87349
0.4845	0.4925	0.4977	0.4331	0.4522	0.4683	0.3243	0.1946	0.0816	-1.11608
0.4856	0.4931	0.492	0.4286	0.4301	0.4324	0.2722	0.117	0.1436	-0.973305
0.477	0.4851	0.4752	0.4282	0.412	0.376	0.5093	0.2242	0.2857	-0.989293
0.4768	0.4846	0.4966	0.4343	0.4451	0.4582	0.5873	0.4122	0.0915	-1.16423
0.4585	0.4576	0.4723	0.3803	0.2869	0.3885	0.6074	0.3193	0.3735	0.335532
0.4853	0.4866	0.4966	0.4515	0.4235	0.4733	0.4564	0.2308	0.1472	-1.67331
0.4874	0.4936	0.4971	0.4496	0.4563	0.4743	0.3526	0.1783	0.128	-1.59773
0.4882	0.4948	0.4952	0.456	0.4713	0.4732	0.3824	0.2294	0.2254	-1.80869
0.4764	0.4786	0.4841	0.4027	0.4037	0.3873	0.3564	0.3168	0.1857	-0.263858
0.485	0.4804	0.4838	0.447	0.4003	0.377	0.4162	0.2723	0.1733	-1.54539
0.4775	0.4887	0.4889	0.4294	0.4266	0.4256	0.5031	0.1963	0.1902	-1.02319
0.4835	0.4772	0.4981	0.434	0.3973	0.481	0.3561	0.3182	0.1127	-1.12431
0.4909	0.489	0.4984	0.4569	0.4399	0.4827	0.2812	0.2375	0.1053	-1.79425
0.4897	0.496	0.4963	0.4569	0.4583	0.4512	0.3279	0.1117	0.0863	-1.82695
0.4843	0.4736	0.4951	0.4531	0.3606	0.4555	0.5287	0.2722	0.1292	-1.73869
0.4724	0.49	0.4889	0.4079	0.4268	0.3755	0.4731	0.1699	0.1117	-0.41216
0.4788	0.4761	0.4724	0.436	0.3769	0.3547	0.5301	0.2754	0.2754	-1.22186
0.4794	0.4833	0.491	0.4052	0.3979	0.4284	0.3067	0.2185	0.1555	-0.332696
0.4866	0.4768	0.4969	0.4472	0.3707	0.4511	0.3586	0.2525	0.0704	-1.54819
0.4886	0.498	0.4976	0.441	0.4735	0.4693	0.2548	0.0833	0.0893	-1.31099
0.4857	0.4976	0.498	0.4365	0.4674	0.4694	0.3117	0.0802	0.0741	-1.199
0.4792	0.478	0.4801	0.4241	0.3403	0.3987	0.4096	0.1907	0.2723	-0.867448
0.4811	0.4829	0.4891	0.4368	0.4113	0.4217	0.4561	0.2632	0.1749	-1.23944
0.4828	0.4863	0.4901	0.4408	0.4209	0.4467	0.4351	0.2278	0.2405	-1.35049
0.4852	0.4929	0.4969	0.4456	0.4603	0.4774	0.3963	0.2249	0.16	-1.49141
0.4783	0.4772	0.4828	0.4119	0.38	0.3905	0.3588	0.2674	0.209	-0.512818
0.4924	0.4987	0.498	0.4641	0.4795	0.4775	0.2803	0.0719	0.1018	-2.0078
0.4839	0.4966	0.4951	0.4448	0.4627	0.469	0.4362	0.1046	0.1921	-1.46777
0.4904	0.4822	0.496	0.4655	0.4298	0.456	0.3986	0.3649	0.1056	-2.09186
0.4838	0.4891	0.4914	0.442	0.4221	0.3799	0.4114	0.1775	0.0882	-1.38449
0.4882	0.4953	0.4977	0.4537	0.4759	0.4622	0.3605	0.25	0.067	-1.73272
0.4819	0.4857	0.4901	0.4295	0.4363	0.4236	0.3714	0.3086	0.1611	-1.01546
0.4799	0.499	0.4984	0.425	0.4888	0.4821	0.3961	0.097	0.097	-0.882811
0.4737	0.4694	0.478	0.4125	0.3741	0.3859	0.4727	0.3697	0.2706	-0.538291
0.4912	0.4971	0.4971	0.4643	0.4531	0.4625	0.3408	0.0703	0.0865	-2.05976
0.4857	0.4945	0.4951	0.4486	0.4557	0.4348	0.4057	0.1475	0.0874	-1.59091
0.4742	0.496	0.4994	0.4167	0.4837	0.4889	0.4899	0.3289	0.0542	-0.653477
0.4931	0.4955	0.4978	0.4681	0.4572	0.4688	0.2857	0.1218	0.08	-2.16805
0.4925	0.4969	0.4992	0.4676	0.4637	0.4885	0.3129	0.0971	0.0743	-2.13764
0.4752	0.4919	0.4923	0.4105	0.4504	0.4377	0.4226	0.2059	0.1503	-0.478344
0.4787	0.4875	0.496	0.4302	0.441	0.462	0.4733	0.2867	0.1235	-1.04089
0.4731	0.4892	0.496	0.4132	0.4566	0.4514	0.4931	0.3448	0.0949	-0.554653
0.4821	0.4952	0.4979	0.4454	0.4676	0.4811	0.5157	0.179	0.1294	-1.50392
0.4955	0.497	0.4965	0.4791	0.4704	0.471	0.2812	0.1183	0.142	-2.47794
0.489	0.4915	0.4946	0.4461	0.4448	0.4674	0.2706	0.193	0.2047	-1.47296
0.4944	0.4947	0.4957	0.4706	0.4389	0.4516	0.241	0.1012	0.1012	-2.19121
0.4893	0.4953	0.4957	0.4555	0.4669	0.4476	0.3315	0.1703	0.0952	-1.78336
0.4751	0.4792	0.4829	0.4221	0.3781	0.4187	0.5114	0.2346	0.2898	-0.816261
0.487	0.4971	0.4993	0.4591	0.4735	0.488	0.4865	0.1257	0.0599	-1.91388
0.4731	0.4836	0.4873	0.3969	0.3839	0.4191	0.3941	0.186	0.2035	-0.105842
0.4894	0.4935	0.4983	0.4593	0.4657	0.4822	0.3681	0.2431	0.1067	-1.88859
0.4898	0.4974	0.4974	0.4609	0.4762	0.4614	0.3687	0.1283	0.0749	-1.96249
0.4841	0.4877	0.4913	0.4322	0.4234	0.4324	0.3291	0.2073	0.1585	-1.07908
0.4827	0.479	0.4826	0.4253	0.3538	0.3762	0.3264	0.1969	0.1865	-0.891991
0.4859	0.4977	0.4977	0.4505	0.476	0.4786	0.4207	0.1062	0.125	-1.63355
0.4786	0.4972	0.4969	0.4078	0.4715	0.4806	0.3333	0.1117	0.1968	-0.400004
0.4818	0.4958	0.4971	0.4238	0.4788	0.4642	0.3413	0.2515	0.0904	-0.845711
0.491	0.4841	0.498	0.4591	0.4216	0.4615	0.2928	0.2762	0.057	-1.88248
0.4792	0.488	0.4936	0.4198	0.4376	0.4718	0.3806	0.2548	0.3038	-0.734379
0.4892	0.4811	0.4947	0.4415	0.3946	0.4353	0.2406	0.2453	0.0957	-1.34984
0.4817	0.4888	0.4887	0.4363	0.4555	0.3921	0.432	0.3533	0.1319	-1.22104
0.4901	0.4899	0.4931	0.4601	0.4348	0.4413	0.3452	0.1953	0.1412	-1.92232
0.4909	0.4975	0.4981	0.4683	0.4886	0.4807	0.4152	0.2907	0.1128	-2.20181
0.4912	0.4976	0.4986	0.4567	0.4771	0.4791	0.2663	0.1183	0.0729	-1.79719
0.4534	0.4516	0.4715	0.3847	0.3584	0.3754	0.771	0.6107	0.3401	0.219355
0.4893	0.4833	0.4944	0.4571	0.4005	0.4709	0.3462	0.224	0.2459	-1.83877
0.4686	0.4768	0.4869	0.4079	0.3106	0.4195	0.5714	0.1731	0.2115	-0.409397
0.4873	0.4902	0.4982	0.4498	0.4344	0.4833	0.3581	0.1879	0.1226	-1.6004
0.4923	0.4961	0.4965	0.4674	0.4376	0.4647	0.3189	0.0718	0.1152	-2.15295
0.4745	0.4761	0.4785	0.4219	0.3481	0.3476	0.5287	0.2215	0.195	-0.807479
0.4683	0.4759	0.4688	0.3938	0.3892	0.3455	0.4771	0.3141	0.3013	-0.0235489
0.4933	0.4959	0.4981	0.4653	0.4785	0.4712	0.2474	0.2371	0.0721	-2.05692
0.4865	0.4873	0.4949	0.4407	0.4263	0.4675	0.3132	0.2253	0.1902	-1.33393
0.4837	0.4968	0.497	0.435	0.4732	0.4685	0.3596	0.1406	0.1094	-1.17575
0.4935	0.4977	0.4959	0.4715	0.4726	0.4534	0.3026	0.0955	0.1019	-2.24292
0.4922	0.4959	0.4976	0.4709	0.4654	0.4727	0.3782	0.1375	0.1	-2.26315
0.487	0.4969	0.4968	0.4592	0.4704	0.4533	0.4868	0.1205	0.0783	-1.9195
0.4754	0.4685	0.4964	0.4328	0.3976	0.4878	0.6183	0.4962	0.4191	-1.12276
0.4856	0.4957	0.498	0.4181	0.4571	0.4801	0.2317	0.1149	0.1149	-0.664201
0.4861	0.4926	0.4933	0.425	0.4609	0.4366	0.2471	0.2412	0.1257	-0.859536
0.4623	0.4905	0.4873	0.3874	0.4583	0.4383	0.5704	0.3066	0.2774	0.147188
0.478	0.4962	0.4968	0.431	0.4669	0.473	0.5036	0.1333	0.14	-1.06327
0.4892	0.4926	0.4983	0.4664	0.4715	0.4818	0.494	0.3631	0.1022	-2.15882
0.4895	0.4954	0.4954	0.4526	0.4456	0.4462	0.2976	0.0983	0.0983	-1.67716
0.4799	0.4993	0.4979	0.4253	0.49	0.475	0.3974	0.0765	0.0941	-0.890332
0.4896	0.4916	0.4962	0.4504	0.4525	0.4608	0.2809	0.2247	0.1129	-1.61069
0.4865	0.4962	0.4983	0.4383	0.4774	0.4796	0.2983	0.2099	0.0899	-1.26126
0.4771	0.4657	0.4963	0.435	0.3817	0.4624	0.5814	0.4651	0.1126	-1.18473
0.4869	0.4907	0.4953	0.4374	0.4362	0.4482	0.2812	0.1823	0.1055	-1.23231
0.4747	0.4806	0.4878	0.4208	0.4191	0.4354	0.5099	0.3444	0.2484	-0.773455
0.4555	0.4497	0.4499	0.3935	0.3248	0.3191	0.8082	0.4933	0.4733	-0.0149854
0.4784	0.4688	0.4856	0.4168	0.3659	0.4072	0.3827	0.3519	0.2024	-0.651534
0.4706	0.4696	0.4899	0.3699	0.3274	0.4377	0.337	0.2597	0.2065	0.590762
0.489	0.4846	0.4979	0.4494	0.4387	0.4712	0.2914	0.3576	0.0824	-1.56729
0.4766	0.4969	0.4965	0.4281	0.4629	0.4641	0.5213	0.0948	0.1137	-0.992143
0.4859	0.4883	0.4907	0.4353	0.4235	0.4262	0.2974	0.1949	0.1558	-1.17632
0.4883	0.494	0.498	0.453	0.4629	0.4753	0.3476	0.2021	0.0909	-1.71735
0.4915	0.4817	0.4963	0.4663	0.4078	0.4642	0.3488	0.2733	0.1196	-2.12038
0.478	0.4772	0.4952	0.4323	0.4028	0.4771	0.5163	0.3399	0.2722	-1.10698
0.4826	0.482	0.4855	0.4253	0.383	0.4028	0.3295	0.2057	0.1943	-0.887989
0.4875	0.4972	0.4941	0.4416	0.4733	0.4704	0.2898	0.1183	0.2557	-1.35284
0.4865	0.4936	0.4973	0.4555	0.4702	0.4786	0.4545	0.2792	0.15	-1.80073
0.4911	0.4976	0.4971	0.4642	0.4782	0.4732	0.3425	0.1277	0.1223	-2.05808
0.4834	0.493	0.4966	0.436	0.471	0.4641	0.3735	0.3293	0.1092	-1.2018
0.4735	0.475	0.4753	0.3944	0.3757	0.3505	0.3765	0.2883	0.2331	-0.0387277
0.4913	0.4968	0.4988	0.4615	0.4677	0.4812	0.3026	0.1139	0.0696	-1.93652
0.491	0.4879	0.4977	0.4608	0.4412	0.4717	0.3114	0.2754	0.0904	-1.92949
0.4793	0.4854	0.4976	0.4155	0.4252	0.4722	0.3554	0.2619	0.095	-0.613357
0.4858	0.4948	0.4967	0.4399	0.4499	0.4185	0.3291	0.1207	0.046	-1.30471
0.4894	0.498	0.497	0.4511	0.4835	0.4627	0.2909	0.1429	0.0904	-1.62658
0.4892	0.4933	0.499	0.4513	0.4476	0.4861	0.2995	0.1551	0.0773	-1.64946
0.4781	0.4957	0.4976	0.4324	0.4496	0.4725	0.5157	0.0971	0.0971	-1.11163
0.4825	0.4831	0.4919	0.4285	0.4082	0.438	0.3503	0.2486	0.1613	-0.98292
0.4669	0.4818	0.4855	0.3845	0.4019	0.4362	0.4568	0.2531	0.3148	0.223119
0.4742	0.484	0.4867	0.4158	0.3887	0.4206	0.4845	0.189	0.2195	-0.629518
0.4803	0.4814	0.4822	0.4297	0.3909	0.3675	0.4202	0.232	0.1795	-1.0311
0.4763	0.4938	0.4944	0.4252	0.4739	0.4481	0.5035	0.3179	0.1288	-0.897158
0.4883	0.4938	0.4962	0.4533	0.4692	0.4601	0.3506	0.2597	0.1084	-1.70702
0.4864	0.4959	0.4862	0.4475	0.4606	0.3874	0.3679	0.1206	0.1574	-1.55536
0.4774	0.4826	0.4904	0.4229	0.3916	0.4389	0.4491	0.2156	0.1976	-0.8306
0.4795	0.4987	0.4979	0.4321	0.4836	0.4898	0.4641	0.0909	0.2678	-1.10519
0.4703	0.4787	0.4769	0.4095	0.3662	0.3572	0.5395	0.2194	0.2258	-0.4548
0.4898	0.4982	0.4991	0.4553	0.4826	0.4877	0.3082	0.1183	0.0769	-1.75459
0.4641	0.4824	0.4755	0.3998	0.4291	0.3758	0.6232	0.3546	0.2817	-0.185856
0.4902	0.4899	0.4871	0.466	0.4433	0.3837	0.4201	0.2303	0.1412	-2.12928
0.4869	0.4968	0.4974	0.4488	0.4804	0.4837	0.3631	0.2011	0.1955	-1.58944
0.4842	0.4985	0.4982	0.4422	0.4792	0.4697	0.3988	0.0773	0.0663	-1.38885
0.4674	0.4866	0.4904	0.4043	0.4446	0.4333	0.5732	0.3376	0.1796	-0.311404
0.4587	0.4577	0.4574	0.3568	0.3354	0.2826	0.4759	0.4178	0.3151	0.917872
0.4843	0.4967	0.4965	0.4114	0.4852	0.4666	0.2357	0.293	0.1205	-0.481118
0.476	0.4701	0.4753	0.4192	0.3952	0.4047	0.4606	0.4485	0.3879	-0.725062
0.4867	0.494	0.497	0.4315	0.454	0.4639	0.2593	0.1562	0.095	-1.05506
0.4886	0.4975	0.4972	0.4534	0.4781	0.4664	0.3415	0.1294	0.0941	-1.71272
0.4801	0.4917	0.4978	0.4326	0.4531	0.4739	0.4507	0.2254	0.0921	-1.10389
0.4863	0.4879	0.4898	0.4421	0.4365	0.4101	0.3301	0.2524	0.1402	-1.39126
0.4814	0.4788	0.4962	0.4458	0.4024	0.4605	0.551	0.3087	0.1111	-1.51272
0.4811	0.4815	0.4851	0.4252	0.4137	0.3855	0.3665	0.2981	0.1697	-0.887336
0.4711	0.48	0.4854	0.3956	0.3914	0.4172	0.4295	0.2532	0.2342	-0.0723711
0.4805	0.4847	0.4872	0.4215	0.4173	0.3655	0.3588	0.2471	0.1214	-0.782631
0.4827	0.488	0.4984	0.4358	0.4448	0.4778	0.3938	0.2938	0.0809	-1.19808
0.4848	0.4992	0.4979	0.435	0.4893	0.4789	0.3275	0.0833	0.1111	-1.16735
0.473	0.4923	0.4927	0.4082	0.4286	0.4197	0.4593	0.1304	0.1087	-0.415897
0.4923	0.4976	0.4976	0.4604	0.4625	0.462	0.25	0.0703	0.0703	-1.89117
0.4852	0.4965	0.4961	0.4477	0.479	0.4156	0.4157	0.2011	0.0529	-1.56504
0.4636	0.4776	0.4827	0.3832	0.3921	0.423	0.5163	0.2941	0.3137	0.25684
0.4827	0.488	0.4969	0.4077	0.415	0.4867	0.2543	0.1792	0.3064	-0.388845
0.4825	0.4884	0.4905	0.4295	0.4447	0.4096	0.3562	0.2808	0.1299	-1.00231
0.4916	0.4984	0.4986	0.4617	0.4822	0.4878	0.293	0.0994	0.1287	-1.94069
0.4781	0.4974	0.4968	0.4165	0.4754	0.4659	0.3889	0.119	0.1071	-0.644608
0.4916	0.4938	0.4982	0.4523	0.4304	0.4828	0.2263	0.1053	0.1186	-1.65074
0.4783	0.4841	0.4824	0.4118	0.4178	0.3651	0.358	0.2614	0.1742	-0.512756
0.479	0.4695	0.4909	0.4266	0.3391	0.4437	0.432	0.2807	0.2035	-0.937168
0.4754	0.4731	0.4759	0.4176	0.3445	0.3862	0.4659	0.2486	0.3039	-0.682435
0.4944	0.4773	0.4893	0.4762	0.3866	0.4502	0.3167	0.2833	0.2889	-2.42551
0.493	0.4963	0.4976	0.4733	0.4587	0.4724	0.3647	0.1038	0.0984	-2.34617
0.4905	0.493	0.4958	0.4662	0.4697	0.4591	0.4026	0.3117	0.1198	-2.12164
0.4799	0.4831	0.4843	0.4286	0.3898	0.395	0.4211	0.2038	0.1961	-0.988377
0.4795	0.4813	0.486	0.417	0.3813	0.4156	0.3594	0.2121	0.2172	-0.660871
0.4857	0.4979	0.4983	0.4371	0.475	0.4701	0.3132	0.0928	0.0619	-1.2275
0.4857	0.4883	0.4963	0.4469	0.4173	0.4529	0.3883	0.1801	0.0905	-1.5463
0.4777	0.4962	0.4978	0.4058	0.4591	0.4694	0.3434	0.1061	0.0782	-0.34473
0.4874	0.487	0.4944	0.4424	0.429	0.471	0.2978	0.2416	0.2472	-1.37888
0.4792	0.497	0.4969	0.4146	0.4864	0.4691	0.3529	0.2882	0.1148	-0.589277
0.4749	0.4754	0.4828	0.4343	0.3919	0.404	0.6641	0.3309	0.2426	-1.17086
0.475	0.4859	0.494	0.4026	0.4226	0.4608	0.3846	0.2426	0.1871	-0.260827
0.4774	0.4762	0.4708	0.4195	0.3821	0.3674	0.4248	0.2876	0.3268	-0.728828
0.4854	0.4977	0.499	0.4401	0.475	0.4876	0.343	0.1033	0.087	-1.32031
0.4844	0.4849	0.496	0.4369	0.4165	0.4566	0.3506	0.2403	0.1062	-1.22007
0.4929	0.4986	0.4972	0.4722	0.4745	0.4698	0.3537	0.0618	0.1067	-2.29994
0.4774	0.4855	0.4891	0.4291	0.4366	0.3979	0.503	0.3174	0.1329	-1.01686
0.4756	0.4699	0.4797	0.4201	0.3489	0.3627	0.4788	0.2952	0.2024	-0.752655
0.4801	0.4729	0.4866	0.428	0.3776	0.4286	0.4125	0.325	0.25	-0.972323
0.4611	0.4402	0.4893	0.4051	0.3043	0.4654	0.7704	0.5556	0.4615	-0.33594
0.4885	0.4981	0.4975	0.4561	0.4894	0.4655	0.372	0.2169	0.0795	-1.80506
0.4784	0.4896	0.4929	0.4146	0.4449	0.4326	0.372	0.2453	0.1267	-0.596881
0.4929	0.4852	0.4984	0.4721	0.4264	0.4834	0.3515	0.2727	0.1098	-2.29682
0.4918	0.4966	0.4987	0.4684	0.4804	0.4767	0.3636	0.2129	0.0617	-2.17498
0.4742	0.477	0.4791	0.4168	0.3844	0.3644	0.4908	0.2824	0.2118	-0.66068
0.4635	0.4706	0.472	0.385	0.3719	0.3848	0.5281	0.3427	0.3652	0.212276
0.4924	0.4978	0.4985	0.4672	0.4764	0.4784	0.3125	0.1075	0.0753	-2.13609
0.4811	0.4893	0.4898	0.4308	0.4231	0.4287	0.4036	0.1744	0.1802	-1.05394
0.4765	0.4743	0.4771	0.4203	0.3804	0.4087	0.4566	0.3121	0.3699	-0.759173
0.4849	0.498	0.4986	0.4491	0.4836	0.4856	0.4444	0.142	0.1111	-1.59969
0.4819	0.4845	0.4802	0.4346	0.4116	0.3665	0.4086	0.234	0.2021	-1.17243
0.4724	0.4735	0.4835	0.4192	0.4004	0.4263	0.5652	0.4037	0.311	-0.732483
0.4862	0.492	0.4938	0.4401	0.4597	0.4311	0.3184	0.257	0.107	-1.31841
0.4688	0.4848	0.4941	0.3829	0.4384	0.4659	0.414	0.3503	0.2188	0.261621
0.4637	0.4948	0.4909	0.3821	0.4515	0.4025	0.5062	0.1257	0.1143	0.285917
0.4654	0.4495	0.4725	0.4199	0.3652	0.4231	0.8295	0.6977	0.6047	-0.756341
0.4887	0.4984	0.4978	0.4574	0.4861	0.471	0.3766	0.1325	0.0843	-1.84052
0.4795	0.4876	0.4869	0.4187	0.4151	0.4103	0.367	0.1875	0.1875	-0.709968
0.4679	0.4633	0.4715	0.405	0.3314	0.3628	0.5649	0.3377	0.3052	-0.329478
0.4891	0.4909	0.4954	0.4558	0.4548	0.4773	0.3419	0.2628	0.2564	-1.78076
0.4775	0.4831	0.4819	0.4236	0.4124	0.3865	0.453	0.2634	0.2151	-0.85592
0.4898	0.4937	0.4956	0.4519	0.4595	0.4485	0.2825	0.1934	0.0994	-1.65476
0.4751	0.4985	0.4973	0.3992	0.4805	0.467	0.3653	0.0856	0.0909	-0.166049
0.4749	0.4911	0.4784	0.4133	0.4718	0.3499	0.4465	0.478	0.1988	-0.557663
0.4924	0.4973	0.4986	0.4613	0.4818	0.4665	0.2529	0.1765	0.0447	-1.92083
0.4752	0.4917	0.4968	0.4154	0.4687	0.4857	0.4545	0.3706	0.2867	-0.612503
0.485	0.4735	0.4988	0.4522	0.3928	0.4881	0.4821	0.369	0.1111	-1.71067
0.4855	0.486	0.4977	0.4417	0.417	0.4697	0.3535	0.2211	0.0853	-1.3807
0.4871	0.4885	0.4816	0.4595	0.4268	0.3483	0.4902	0.2013	0.1635	-1.93083
0.4809	0.4908	0.491	0.428	0.4295	0.4332	0.3886	0.1622	0.1676	-0.975436
0.4882	0.4947	0.4956	0.4624	0.4709	0.4533	0.4775	0.2291	0.1087	-2.03151
0.4865	0.4888	0.4898	0.4483	0.4035	0.4216	0.3736	0.1461	0.162	-1.57391
0.485	0.4895	0.4804	0.4581	0.4617	0.4269	0.5845	0.3944	0.3944	-1.89581
0.4742	0.4836	0.4918	0.4133	0.4246	0.4445	0.4654	0.3	0.1845	-0.559537
0.4748	0.4838	0.4785	0.3816	0.3966	0.384	0.3081	0.2071	0.2587	0.294029
0.496	0.4961	0.4978	0.4832	0.4642	0.4756	0.3169	0.1284	0.1014	-2.60761
0.4834	0.4955	0.4957	0.4363	0.4616	0.4414	0.3782	0.1369	0.0833	-1.20777
0.4923	0.4971	0.4971	0.4731	0.4725	0.4531	0.4103	0.1235	0.0694	-2.34199
0.4687	0.4846	0.497	0.4007	0.4447	0.47	0.5132	0.4079	0.1131	-0.211483
0.4842	0.4738	0.4946	0.4354	0.373	0.4501	0.3455	0.2984	0.1281	-1.18888
0.4785	0.4866	0.4856	0.4229	0.4291	0.422	0.4188	0.2513	0.2448	-0.833958
0.4872	0.488	0.4967	0.4576	0.4457	0.4743	0.4521	0.3014	0.1503	-1.86008
0.4606	0.4853	0.4986	0.3995	0.4581	0.4835	0.7185	0.563	0.092	-0.178082
0.4765	0.4885	0.4949	0.429	0.4356	0.4715	0.5342	0.2318	0.2252	-1.01028
0.4831	0.4982	0.497	0.4251	0.4742	0.4773	0.3146	0.0765	0.153	-0.881099
0.4703	0.4711	0.4799	0.4089	0.3762	0.417	0.5349	0.3488	0.3488	-0.433555
0.4738	0.4723	0.485	0.4131	0.3941	0.4092	0.4744	0.3974	0.2174	-0.551682
0.4897	0.4961	0.4987	0.4627	0.4776	0.4747	0.3961	0.2166	0.0559	-2.01017
0.484	0.498	0.4977	0.4468	0.4689	0.4711	0.4557	0.071	0.0888	-1.53709
0.4861	0.4913	0.4969	0.4519	0.4379	0.4676	0.4286	0.1732	0.1087	-1.69598
0.4713	0.4984	0.4909	0.4014	0.483	0.4636	0.4564	0.1037	0.3467	-0.22718
0.4854	0.4984	0.4972	0.4289	0.48	0.4732	0.2778	0.0872	0.1179	-0.981159
0.4675	0.4821	0.4787	0.3935	0.4285	0.3747	0.4942	0.3605	0.2346	-0.0159377
0.48	0.4854	0.4839	0.4378	0.4038	0.4102	0.5064	0.1988	0.241	-1.27061
0.4827	0.4777	0.4747	0.4378	0.3556	0.3445	0.4108	0.2139	0.2312	-1.26917
0.4865	0.4968	0.4966	0.4433	0.4602	0.457	0.3314	0.0904	0.0904	-1.41249
0.4808	0.4844	0.4876	0.4283	0.3918	0.4156	0.3955	0.1889	0.1889	-0.983565
0.4875	0.4894	0.4936	0.4544	0.4217	0.4297	0.3943	0.1694	0.1081	-1.76333
0.4798	0.4853	0.4848	0.4284	0.412	0.3957	0.4233	0.2202	0.1905	-0.987362
0.4874	0.4891	0.4982	0.4455	0.4301	0.4744	0.3187	0.1978	0.0754	-1.47828
0.4789	0.4967	0.4969	0.4325	0.4558	0.461	0.4899	0.0854	0.0915	-1.10968
0.4855	0.496	0.4981	0.4198	0.4743	0.4766	0.2391	0.1902	0.0928	-0.718069
0.4876	0.4784	0.497	0.4474	0.3982	0.4759	0.3268	0.3007	0.1455	-1.52235
0.4833	0.4987	0.4969	0.4354	0.489	0.4606	0.3741	0.1351	0.0878	-1.1718
0.4881	0.4891	0.4936	0.4581	0.3929	0.4375	0.4124	0.1271	0.1215	-1.88439
0.4902	0.4974	0.4947	0.4563	0.4677	0.4732	0.3014	0.0909	0.2534	-1.771
0.4831	0.4891	0.4968	0.4439	0.4351	0.4631	0.4586	0.2166	0.097	-1.44817
0.4924	0.4939	0.4973	0.4656	0.4534	0.4554	0.2941	0.1579	0.067	-2.08611
0.4854	0.4873	0.4976	0.4483	0.4257	0.4586	0.4176	0.2222	0.0649	-1.58174
0.4737	0.4679	0.481	0.4166	0.3169	0.3913	0.5031	0.2625	0.2375	-0.655136
0.4735	0.4932	0.4917	0.4201	0.4532	0.4376	0.5411	0.1772	0.1646	-0.753648
0.4877	0.4822	0.4984	0.4504	0.35	0.49	0.3462	0.1593	0.1923	-1.63269
0.489	0.496	0.4979	0.4404	0.4683	0.4307	0.2416	0.1484	0.033	-1.30131
0.4827	0.4885	0.4958	0.446	0.4484	0.4618	0.5	0.3019	0.1287	-1.5175
0.4852	0.4917	0.4949	0.4452	0.4593	0.4466	0.3905	0.2663	0.1117	-1.47929
0.4931	0.4864	0.4973	0.4693	0.4141	0.4752	0.3005	0.2069	0.1262	-2.21731
0.4871	0.4971	0.4971	0.4368	0.4705	0.4644	0.2736	0.1121	0.0935	-1.22057
0.4748	0.4745	0.4786	0.4047	0.3531	0.3744	0.3988	0.247	0.2349	-0.318444
0.4792	0.4977	0.4984	0.4234	0.474	0.4864	0.4043	0.0974	0.1391	-0.833304
0.4895	0.488	0.4983	0.4559	0.4362	0.4724	0.327	0.2465	0.0664	-1.80943
0.4732	0.4782	0.4797	0.4139	0.4071	0.3949	0.4966	0.3378	0.268	-0.575577
0.4908	0.4922	0.498	0.458	0.433	0.4649	0.2928	0.1413	0.0638	-1.84736
0.4913	0.484	0.4994	0.4637	0.4028	0.4834	0.3269	0.2179	0.0357	-2.01725
0.481	0.4768	0.4796	0.437	0.3484	0.3759	0.4634	0.2134	0.2256	-1.24611
0.4814	0.4825	0.483	0.4321	0.4008	0.3963	0.4051	0.2375	0.2188	-1.09092
0.4891	0.4868	0.4978	0.4596	0.442	0.4552	0.388	0.3115	0.0542	-1.9295
0.4919	0.4934	0.4974	0.4671	0.4448	0.468	0.3394	0.1429	0.092	-2.13433
0.4823	0.4893	0.4968	0.4398	0.4641	0.4869	0.4424	0.4424	0.3273	-1.32566
0.4849	0.486	0.4985	0.445	0.4408	0.4749	0.4	0.3312	0.0632	-1.4723
0.4941	0.4889	0.4968	0.4751	0.4383	0.4778	0.3165	0.2342	0.1718	-2.36917
0.4742	0.4728	0.4966	0.415	0.3883	0.4623	0.4768	0.3642	0.1018	-0.604623
0.4848	0.4985	0.4985	0.4447	0.4804	0.4846	0.4012	0.0852	0.1136	-1.4632
0.4839	0.4894	0.4862	0.4363	0.4437	0.4165	0.3632	0.2474	0.2158	-1.21939
0.4701	0.494	0.4969	0.3932	0.4765	0.4695	0.4367	0.3544	0.117	-0.00666198
0.4768	0.4985	0.4991	0.4181	0.4783	0.4883	0.4324	0.0732	0.0829	-0.697613
0.4881	0.4974	0.4975	0.4614	0.4701	0.4594	0.4641	0.0979	0.067	-1.99998
0.4864	0.4957	0.4938	0.4427	0.4716	0.4516	0.3312	0.1839	0.1552	-1.38719
0.4939	0.498	0.4972	0.4675	0.4747	0.4467	0.2404	0.0895	0.0579	-2.11362
0.4847	0.4858	0.4842	0.4289	0.3883	0.4045	0.2963	0.1646	0.2195	-0.978611
0.4796	0.4901	0.4979	0.4175	0.4537	0.4736	0.36	0.2867	0.0881	-0.665875
0.4773	0.4852	0.4865	0.4162	0.4199	0.3692	0.4067	0.247	0.1325	-0.632857
0.4703	0.4795	0.4855	0.4097	0.4276	0.4338	0.5414	0.4254	0.3015	-0.457981
0.4876	0.4989	0.4987	0.448	0.4865	0.4753	0.3288	0.0915	0.0588	-1.53434
0.4866	0.4879	0.4928	0.4543	0.4223	0.4493	0.4367	0.2	0.1744	-1.76215
0.4894	0.4962	0.4942	0.4502	0.4736	0.4463	0.2857	0.1742	0.1274	-1.59011
0.491	0.4892	0.4949	0.4567	0.4485	0.4695	0.2757	0.2811	0.2054	-1.80224
0.487	0.497	0.4977	0.4507	0.4681	0.4718	0.3757	0.1058	0.0899	-1.64628
0.4933	0.4973	0.4978	0.4716	0.4597	0.4725	0.3195	0.0743	0.0914	-2.27129
0.4857	0.4977	0.4961	0.4354	0.4764	0.4563	0.303	0.1086	0.1029	-1.16814
0.4913	0.4954	0.4972	0.4559	0.4597	0.4685	0.2586	0.1344	0.1022	-1.76178
0.4885	0.4968	0.4986	0.4609	0.4777	0.4804	0.4324	0.1699	0.0784	-1.95855
0.4859	0.4983	0.4983	0.438	0.4747	0.4836	0.3155	0.0743	0.1143	-1.24933
0.4953	0.4988	0.4983	0.4755	0.4854	0.4734	0.2448	0.0936	0.069	-2.37324
0.4807	0.4848	0.4963	0.4227	0.4368	0.4828	0.36	0.3371	0.2743	-0.818306
0.4837	0.499	0.4989	0.437	0.4873	0.483	0.3736	0.0882	0.0686	-1.23783
0.4894	0.4886	0.4972	0.4522	0.4434	0.4672	0.2987	0.2662	0.0982	-1.65612
0.483	0.4747	0.4847	0.4249	0.3716	0.4114	0.3171	0.2829	0.2293	-0.883443
0.4849	0.4972	0.4975	0.4484	0.4612	0.4724	0.4356	0.0805	0.1034	-1.5826
0.48	0.4957	0.4976	0.4367	0.4653	0.4747	0.4931	0.1463	0.1098	-1.23345
0.4819	0.4856	0.4846	0.4226	0.4248	0.3926	0.3316	0.2552	0.1875	-0.815149
0.4769	0.474	0.4784	0.4259	0.362	0.3955	0.489	0.2703	0.2919	-0.924489
0.4836	0.4975	0.4973	0.4401	0.4757	0.4779	0.4028	0.1169	0.1429	-1.31914
0.4786	0.482	0.4842	0.4158	0.377	0.4123	0.3718	0.1962	0.2405	-0.620806
0.4885	0.4961	0.4967	0.4423	0.4636	0.4661	0.2642	0.125	0.11	-1.37248
0.4738	0.491	0.4893	0.4186	0.4515	0.4418	0.5189	0.2408	0.2383	-0.715956
0.484	0.4888	0.4927	0.4245	0.4259	0.4544	0.2909	0.1916	0.2	-0.856405
0.4541	0.4721	0.4786	0.3709	0.3821	0.3798	0.637	0.3525	0.2465	0.577054
0.4657	0.4969	0.486	0.3851	0.4732	0.4278	0.4825	0.1355	0.2587	0.205091
0.4873	0.4978	0.4981	0.4489	0.4701	0.4812	0.3495	0.0812	0.1168	-1.59028
0.4735	0.48	0.4905	0.4093	0.4178	0.4192	0.4545	0.3515	0.1444	-0.446985
0.4897	0.4953	0.4966	0.4598	0.4755	0.4789	0.3614	0.241	0.1988	-1.91817
0.4638	0.4696	0.4792	0.3996	0.3856	0.4279	0.6288	0.4104	0.4394	-0.179879
0.4891	0.4986	0.4978	0.4533	0.4766	0.4787	0.321	0.0643	0.117	-1.70162
0.4827	0.4869	0.4972	0.439	0.444	0.47	0.4204	0.3248	0.108	-1.2953
0.4926	0.4943	0.4972	0.4699	0.4316	0.4728	0.3352	0.0974	0.1179	-2.23474
0.4834	0.4808	0.4992	0.4318	0.407	0.4885	0.3471	0.2882	0.073	-1.07712
0.4718	0.4688	0.4733	0.3593	0.3581	0.3147	0.2932	0.3298	0.2083	0.847485
0.4832	0.4901	0.4959	0.436	0.4619	0.4721	0.38	0.3667	0.1783	-1.1954
0.4883	0.4968	0.4977	0.4499	0.479	0.4741	0.3216	0.1803	0.0984	-1.60618
0.4894	0.4969	0.4982	0.4607	0.4705	0.4832	0.3866	0.121	0.121	-1.91217
0.4807	0.4905	0.4931	0.4421	0.4332	0.4382	0.5301	0.1778	0.1333	-1.40518
0.4566	0.4681	0.4613	0.3551	0.3453	0.326	0.5034	0.3087	0.349	0.960527
0.4802	0.496	0.4924	0.4127	0.4604	0.4473	0.3212	0.1168	0.1777	-0.536363
0.4835	0.4915	0.4977	0.438	0.4626	0.4734	0.3879	0.3054	0.0973	-1.26295
0.4809	0.4966	0.4949	0.4295	0.4719	0.4265	0.4015	0.1409	0.0805	-1.00702
0.477	0.4956	0.4989	0.4197	0.4831	0.4873	0.4386	0.3605	0.0984	-0.741023
0.4901	0.4924	0.4929	0.47	0.4674	0.4265	0.5065	0.3141	0.1159	-2.26635
0.4831	0.4982	0.4965	0.4328	0.4748	0.4696	0.3616	0.0785	0.1361	-1.11122
0.4912	0.4934	0.4967	0.459	0.4654	0.4675	0.2865	0.2431	0.1164	-1.87801
0.4881	0.4981	0.497	0.4591	0.4537	0.4683	0.4276	0.0449	0.109	-1.89977
0.4827	0.483	0.4969	0.4346	0.4291	0.4711	0.3856	0.3399	0.1221	-1.15733
0.464	0.4572	0.4614	0.3918	0.3589	0.3223	0.562	0.5109	0.3406	0.0290006
0.4842	0.4887	0.4962	0.4418	0.4315	0.4501	0.3955	0.2131	0.0872	-1.38336
0.4816	0.4838	0.483	0.4274	0.4279	0.3986	0.3654	0.3125	0.2238	-0.962251
0.4785	0.497	0.4976	0.4201	0.4655	0.4712	0.4011	0.0995	0.0945	-0.752362
0.4866	0.4948	0.4954	0.4539	0.4748	0.4623	0.4303	0.2667	0.1437	-1.75285
0.4782	0.488	0.4948	0.4374	0.4421	0.4322	0.5732	0.2775	0.0899	-1.26932
0.495	0.4975	0.4981	0.4757	0.4695	0.4815	0.2632	0.0904	0.1186	-2.37158
0.4827	0.4847	0.4832	0.4374	0.4137	0.3835	0.4076	0.2357	0.1911	-1.24608
0.49	0.495	0.4977	0.4477	0.4637	0.4763	0.25	0.1667	0.1099	-1.51945
0.4878	0.4967	0.4956	0.4392	0.4747	0.4747	0.2683	0.152	0.2164	-1.2686
0.4625	0.48	0.4745	0.402	0.4385	0.3897	0.6894	0.5152	0.3383	-0.248069
0.4782	0.48	0.4776	0.4237	0.3887	0.3757	0.4329	0.2471	0.2515	-0.851908
0.4796	0.4884	0.4908	0.4469	0.422	0.4565	0.6587	0.1898	0.2815	-1.5488
0.4803	0.4873	0.4904	0.4399	0.4396	0.4397	0.5188	0.2832	0.2023	-1.33643
0.4945	0.4979	0.4986	0.4718	0.4711	0.4757	0.2512	0.0802	0.0613	-2.27271
0.4825	0.4759	0.496	0.4423	0.4054	0.4692	0.4615	0.3776	0.1548	-1.39336
0.482	0.4872	0.4855	0.4328	0.3999	0.4151	0.3929	0.1628	0.2262	-1.11361
0.4717	0.4694	0.4705	0.4005	0.3727	0.3511	0.4416	0.3636	0.2922	-0.202439
0.4782	0.4941	0.4906	0.4314	0.4687	0.4153	0.5	0.2412	0.1359	-1.08574
0.494	0.4906	0.4979	0.477	0.4569	0.4561	0.3621	0.2898	0.0532	-2.46506
0.4873	0.4826	0.488	0.4607	0.4026	0.4022	0.5	0.2416	0.1558	-1.96495
0.4832	0.4832	0.4896	0.4455	0.4227	0.4262	0.4717	0.3019	0.1765	-1.49864
0.4887	0.4948	0.4976	0.4553	0.4531	0.4786	0.3562	0.1317	0.131	-1.774
0.4931	0.4969	0.4973	0.4601	0.4642	0.4766	0.2191	0.0989	0.1319	-1.87003
0.4842	0.4979	0.4976	0.4445	0.4808	0.4798	0.4204	0.1228	0.1404	-1.46044
0.4744	0.4701	0.4857	0.4298	0.341	0.4328	0.6197	0.277	0.2905	-1.03858
0.4847	0.4861	0.4988	0.4322	0.4336	0.4738	0.3131	0.2828	0.0478	-1.09288
0.4882	0.4952	0.4992	0.4628	0.4733	0.4826	0.4832	0.2252	0.0513	-2.03006
0.4893	0.4978	0.4967	0.4496	0.4796	0.457	0.2825	0.1264	0.0879	-1.58749
0.481	0.4973	0.4977	0.4421	0.4806	0.476	0.5191	0.1644	0.1096	-1.39031
0.4795	0.4838	0.4809	0.4285	0.4083	0.366	0.4333	0.2363	0.1923	-0.997177
0.4688	0.4752	0.4775	0.4075	0.3555	0.38	0.5625	0.2438	0.2625	-0.401128
0.4911	0.4905	0.497	0.4621	0.4273	0.4707	0.3208	0.1625	0.119	-1.96831
0.4806	0.4985	0.4973	0.4415	0.4852	0.477	0.529	0.1169	0.1364	-1.37801
0.4928	0.4869	0.4925	0.4634	0.4261	0.4585	0.2557	0.233	0.2303	-1.98909
0.4734	0.4896	0.4892	0.3999	0.3899	0.3956	0.4026	0.117	0.1287	-0.186235
0.4892	0.494	0.4978	0.4536	0.4608	0.4633	0.3172	0.1882	0.067	-1.72373
0.4938	0.4961	0.4956	0.4601	0.4702	0.4608	0.1929	0.1574	0.133	-1.86413
0.4849	0.4839	0.4856	0.4145	0.4132	0.4003	0.2344	0.25	0.1875	-0.575396
0.4812	0.4903	0.4983	0.4273	0.4473	0.4832	0.3772	0.2395	0.1154	-0.951067
0.4472	0.477	0.4708	0.3363	0.3939	0.3513	0.5749	0.3107	0.2881	1.41989
0.4881	0.4836	0.4972	0.4479	0.4109	0.4799	0.314	0.2486	0.1629	-1.54396
0.479	0.4911	0.4915	0.4136	0.4564	0.4453	0.3525	0.2695	0.1958	-0.554182
0.4828	0.4969	0.4989	0.4233	0.4567	0.4871	0.3143	0.082	0.0929	-0.830135
0.4876	0.4769	0.4989	0.4494	0.3833	0.4867	0.3409	0.2809	0.0942	-1.59969
0.487	0.4971	0.498	0.458	0.4721	0.4828	0.4678	0.1173	0.1327	-1.88927
0.4837	0.4986	0.4982	0.4226	0.481	0.4819	0.2905	0.0798	0.1117	-0.80654
0.4742	0.4848	0.4727	0.4128	0.4338	0.3589	0.4624	0.3202	0.2809	-0.547365
0.4704	0.4801	0.4855	0.4054	0.3621	0.4005	0.5033	0.1961	0.1895	-0.338464
0.4693	0.4782	0.4822	0.4027	0.3905	0.3562	0.5132	0.2792	0.1656	-0.265747
0.4714	0.4686	0.4825	0.4148	0.3785	0.4142	0.5524	0.3986	0.2808	-0.6018
0.4838	0.485	0.4918	0.4232	0.4246	0.4331	0.2907	0.2701	0.1494	-0.819706
0.457	0.4685	0.4637	0.3842	0.3816	0.3254	0.672	0.4127	0.3203	0.233114
0.478	0.4807	0.4818	0.4177	0.4056	0.3611	0.3977	0.2841	0.1758	-0.679469
0.4776	0.4974	0.4966	0.4166	0.4711	0.4622	0.4013	0.1018	0.1018	-0.646053
0.4677	0.4847	0.4782	0.388	0.4273	0.3295	0.4591	0.2875	0.1779	0.129931
0.4897	0.4971	0.4977	0.4529	0.4629	0.4736	0.2923	0.0874	0.0971	-1.70026
0.4781	0.4894	0.4964	0.4273	0.4518	0.4528	0.4651	0.2965	0.087	-0.960493
0.4863	0.489	0.4886	0.4488	0.438	0.4397	0.3846	0.2308	0.2485	-1.58825
0.4816	0.4922	0.4941	0.4295	0.4518	0.442	0.3804	0.2042	0.1204	-1.02057
0.4771	0.4808	0.4811	0.4327	0.4155	0.4073	0.5556	0.3221	0.2819	-1.12085
0.4709	0.4904	0.4936	0.4094	0.4564	0.465	0.5226	0.2956	0.2327	-0.451017
0.4738	0.4768	0.477	0.415	0.386	0.3597	0.4885	0.2896	0.2295	-0.609517
0.4818	0.4867	0.4865	0.4364	0.3947	0.4388	0.4277	0.1622	0.3006	-1.22693
0.4789	0.4885	0.4986	0.4268	0.4441	0.4867	0.439	0.2744	0.118	-0.942747
0.4908	0.4961	0.4988	0.457	0.4682	0.489	0.2838	0.1447	0.125	-1.78575
0.4784	0.4881	0.496	0.42	0.4493	0.4632	0.4027	0.3221	0.125	-0.73916
0.4817	0.4897	0.4889	0.4358	0.4301	0.3964	0.4278	0.1856	0.134	-1.21288
0.4739	0.4712	0.4792	0.4172	0.3757	0.4198	0.5036	0.3453	0.3813	-0.666151
0.4912	0.4971	0.4978	0.4598	0.473	0.4682	0.2912	0.1237	0.0753	-1.90193
0.4843	0.4824	0.4934	0.4377	0.4194	0.4466	0.3608	0.3038	0.1497	-1.24503
0.4935	0.4963	0.4959	0.4644	0.4567	0.4668	0.2327	0.0964	0.1446	-1.99088
0.4797	0.4832	0.4945	0.4231	0.4274	0.4577	0.3905	0.3254	0.1564	-0.833394
0.4924	0.4898	0.4983	0.4638	0.4362	0.4814	0.2778	0.2037	0.1012	-2.00302
0.4766	0.4829	0.4835	0.42	0.4241	0.3772	0.4497	0.3154	0.1776	-0.743514
0.4927	0.4906	0.498	0.4608	0.4413	0.4675	0.2386	0.203	0.069	-1.91757
0.4788	0.4977	0.4974	0.4291	0.4749	0.473	0.46	0.1012	0.1071	-1.00666
0.4753	0.4815	0.4824	0.4342	0.394	0.4087	0.6434	0.2368	0.2632	-1.17249
0.4824	0.4826	0.4973	0.4398	0.3906	0.4685	0.439	0.2134	0.0955	-1.32562
0.4864	0.4784	0.4897	0.4538	0.408	0.4319	0.4385	0.3385	0.1915	-1.72872
0.4844	0.4914	0.4953	0.4351	0.4631	0.4569	0.338	0.3169	0.1267	-1.15626
0.4899	0.4927	0.4983	0.4569	0.4689	0.4801	0.32	0.3176	0.0968	-1.82117
0.4819	0.4816	0.4915	0.402	0.3883	0.4354	0.2525	0.2222	0.1618	-0.240427
0.478	0.4927	0.4904	0.4239	0.4564	0.4427	0.44	0.2112	0.2129	-0.855874
0.4831	0.4899	0.4959	0.4239	0.4361	0.4389	0.3096	0.2	0.0766	-0.852746
0.4763	0.4694	0.4738	0.4289	0.3624	0.3847	0.5409	0.3333	0.3333	-1.01304
0.4861	0.494	0.4968	0.4559	0.4714	0.4698	0.4837	0.2745	0.1235	-1.81697
0.4898	0.4963	0.4961	0.4545	0.4696	0.463	0.3013	0.1411	0.1227	-1.72663
0.4795	0.4844	0.4941	0.4309	0.4396	0.4192	0.4545	0.3701	0.0857	-1.06071
0.4914	0.4982	0.4989	0.4606	0.4776	0.4811	0.2895	0.0896	0.0647	-1.93319
0.4777	0.4944	0.4972	0.4207	0.4344	0.4728	0.425	0.1006	0.1173	-0.764614
0.4848	0.4968	0.4975	0.4291	0.4661	0.4788	0.2931	0.1087	0.1359	-0.99049
0.4916	0.4916	0.4981	0.4558	0.4436	0.4762	0.2458	0.1844	0.0895	-1.75588
0.4828	0.4883	0.4953	0.438	0.4528	0.4616	0.4097	0.3472	0.1447	-1.2582
0.4876	0.4929	0.4976	0.4405	0.439	0.4698	0.2805	0.1402	0.0877	-1.311
0.4826	0.4976	0.4959	0.4454	0.4607	0.4677	0.4938	0.0663	0.1492	-1.50169
0.4892	0.4948	0.4929	0.4419	0.4647	0.4385	0.2434	0.1775	0.1385	-1.36716
0.489	0.4955	0.4957	0.4552	0.466	0.4706	0.3425	0.1565	0.1769	-1.75386
0.4859	0.4916	0.4944	0.4492	0.4698	0.4658	0.4043	0.3972	0.2013	-1.58742
0.4721	0.48	0.4751	0.4151	0.3764	0.2997	0.5368	0.2214	0.1786	-0.609127
0.4772	0.4714	0.4692	0.4037	0.3673	0.3606	0.3442	0.3182	0.3312	-0.286887
0.4816	0.4934	0.4978	0.4206	0.4696	0.4787	0.3295	0.2832	0.116	-0.75557
0.4901	0.4973	0.4981	0.4728	0.4689	0.4748	0.5839	0.0968	0.0839	-2.35917
0.4831	0.4872	0.4884	0.4392	0.4323	0.4244	0.4096	0.25	0.1958	-1.31224
0.4815	0.4893	0.4882	0.422	0.4137	0.3826	0.3371	0.1556	0.1271	-0.795687
0.483	0.4876	0.4909	0.4337	0.4283	0.4304	0.369	0.2249	0.1609	-1.13536
0.4901	0.4971	0.4953	0.4684	0.4819	0.4688	0.4679	0.1953	0.1834	-2.20698
0.4869	0.4932	0.4883	0.4499	0.4558	0.4012	0.3723	0.1917	0.1495	-1.6275
0.4904	0.4916	0.4933	0.4505	0.4276	0.41	0.2523	0.1422	0.0885	-1.62447
0.465	0.4804	0.4904	0.3731	0.4138	0.463	0.4389	0.3226	0.3611	0.517631
0.4853	0.4781	0.496	0.4457	0.3922	0.4613	0.3916	0.2867	0.12	-1.48254
0.4869	0.4832	0.497	0.4554	0.4145	0.4641	0.4348	0.2671	0.093	-1.79734
0.4868	0.4896	0.4903	0.4533	0.4592	0.4471	0.4125	0.3562	0.2375	-1.72637
0.4821	0.4932	0.4972	0.4412	0.4543	0.4778	0.465	0.1818	0.1455	-1.36768
0.4881	0.4876	0.4968	0.4361	0.4098	0.4625	0.245	0.175	0.0971	-1.18842
0.4938	0.4874	0.499	0.47	0.4262	0.4875	0.2711	0.2229	0.0909	-2.19492
0.4817	0.492	0.4941	0.4333	0.4567	0.456	0.4067	0.2384	0.1635	-1.1214
0.4826	0.4854	0.4955	0.4461	0.4521	0.4491	0.5035	0.4583	0.1013	-1.51503
0.4881	0.4811	0.4964	0.4546	0.4121	0.4775	0.3743	0.3017	0.1944	-1.7679
0.4773	0.4861	0.4896	0.4187	0.4264	0.4293	0.4221	0.2516	0.1847	-0.705137
0.4902	0.4954	0.4973	0.4604	0.4549	0.472	0.3429	0.1183	0.1075	-1.93503
0.4817	0.4932	0.4979	0.4383	0.4631	0.4732	0.45	0.2333	0.0881	-1.28754
0.4861	0.493	0.4953	0.4437	0.4634	0.4713	0.3464	0.2452	0.2	-1.41829
0.4777	0.4863	0.4877	0.419	0.4339	0.4349	0.414	0.2803	0.2484	-0.715476
0.4671	0.473	0.4885	0.4058	0.3413	0.4384	0.5948	0.2455	0.2455	-0.352303
0.4801	0.4955	0.4962	0.4306	0.4781	0.4655	0.4314	0.2614	0.128	-1.04888
0.479	0.4989	0.4984	0.3991	0.4851	0.4814	0.2924	0.0791	0.096	-0.161927
0.4905	0.4915	0.4975	0.4549	0.4494	0.4709	0.2792	0.2132	0.0971	-1.75716
0.4858	0.4893	0.4981	0.438	0.4315	0.4608	0.3164	0.1977	0.0543	-1.2544
0.4814	0.4869	0.4942	0.4481	0.4006	0.452	0.5882	0.1687	0.1429	-1.59227
0.486	0.4862	0.4976	0.4445	0.4142	0.4742	0.3562	0.2099	0.1071	-1.44706
0.492	0.4951	0.4991	0.4573	0.4735	0.4784	0.2412	0.2327	0.0435	-1.81527
0.4887	0.4981	0.4956	0.4595	0.4826	0.4596	0.4037	0.1221	0.1279	-1.91556
0.4838	0.4921	0.4928	0.4347	0.4455	0.414	0.3542	0.18	0.1	-1.17008
0.4785	0.4811	0.4873	0.4235	0.4042	0.4159	0.4242	0.2727	0.1941	-0.84515
0.4858	0.4822	0.4967	0.4263	0.3813	0.4686	0.2586	0.2011	0.1215	-0.901148
0.4883	0.4888	0.4984	0.4616	0.4519	0.4855	0.4552	0.3209	0.1267	-1.97332
0.4765	0.4883	0.4829	0.4391	0.464	0.3905	0.6716	0.4963	0.2081	-1.31742
0.4775	0.4977	0.4973	0.4029	0.4746	0.4396	0.3353	0.1044	0.0495	-0.266861
0.4857	0.4848	0.4962	0.4387	0.425	0.4617	0.3257	0.2743	0.1141	-1.2756
0.475	0.4784	0.4773	0.4197	0.3843	0.3592	0.4923	0.26	0.225	-0.747718
0.4902	0.4879	0.4976	0.4611	0.4388	0.4764	0.349	0.2617	0.1139	-1.94154
0.4736	0.4679	0.4789	0.4178	0.3339	0.401	0.5181	0.2892	0.3012	-0.690324
0.4792	0.4929	0.4969	0.4192	0.4688	0.483	0.3779	0.3034	0.2303	-0.71958
0.4928	0.4791	0.4967	0.4611	0.3744	0.4671	0.2381	0.2289	0.1163	-1.90214
0.4784	0.4897	0.4943	0.408	0.4457	0.4495	0.3384	0.2488	0.1333	-0.409407
0.4818	0.4744	0.4975	0.4421	0.3948	0.4761	0.4859	0.3611	0.1173	-1.39113
0.4812	0.4907	0.4897	0.428	0.4299	0.4055	0.3801	0.1638	0.1348	-0.971504
0.483	0.4882	0.4921	0.4293	0.4433	0.4526	0.34	0.28	0.2105	-0.995319
0.4893	0.4863	0.4972	0.4581	0.4323	0.4689	0.358	0.2716	0.1029	-1.86088
0.4863	0.4989	0.4987	0.4514	0.4813	0.4822	0.414	0.0636	0.0809	-1.6667
0.4762	0.487	0.4879	0.3997	0.3654	0.3917	0.3457	0.1235	0.1412	-0.178438
0.4863	0.4847	0.4956	0.4424	0.4154	0.481	0.3313	0.241	0.3072	-1.38181
0.4913	0.4891	0.4973	0.4614	0.4401	0.4701	0.3018	0.2367	0.1011	-1.94651
0.4876	0.4957	0.4984	0.4513	0.4742	0.4598	0.361	0.2055	0.0427	-1.67594
0.4794	0.4883	0.4979	0.4212	0.4317	0.4717	0.3841	0.2216	0.0843	-0.775978
0.4874	0.4923	0.4979	0.447	0.4643	0.4761	0.3295	0.2841	0.1011	-1.52433
0.4879	0.497	0.4956	0.4446	0.4666	0.4618	0.2965	0.1006	0.1341	-1.4408
0.4924	0.4832	0.4979	0.4716	0.4267	0.4807	0.3776	0.3217	0.1266	-2.27055
0.4885	0.4898	0.4973	0.4511	0.4351	0.476	0.3222	0.2	0.1316	-1.648
0.4724	0.4908	0.4959	0.4159	0.4678	0.4854	0.5344	0.4122	0.3939	-0.630022
0.4889	0.4779	0.4898	0.4607	0.3773	0.4508	0.4114	0.2514	0.2743	-1.96448
0.4792	0.481	0.492	0.4384	0.3917	0.4466	0.5438	0.2395	0.1856	-1.29353
0.4703	0.4797	0.477	0.4029	0.3346	0.3914	0.4904	0.1688	0.3019	-0.271202
0.4771	0.4712	0.4965	0.4195	0.3884	0.4669	0.4324	0.3919	0.1205	-0.729464
0.4925	0.4933	0.4944	0.472	0.4631	0.4433	0.3776	0.2292	0.1169	-2.28298
0.4921	0.4984	0.4983	0.4724	0.4698	0.4786	0.4132	0.0595	0.0865	-2.32877
0.495	0.4979	0.4982	0.4725	0.4757	0.4812	0.2281	0.0977	0.1092	-2.24483
0.4783	0.4947	0.4956	0.4233	0.4322	0.4532	0.4286	0.0914	0.1086	-0.841607
0.4866	0.4897	0.4979	0.4427	0.4499	0.4793	0.3232	0.2744	0.1173	-1.38644
0.4794	0.4894	0.4944	0.4331	0.4446	0.4527	0.4795	0.25	0.1421	-1.13483
0.4874	0.4968	0.4969	0.4482	0.4641	0.4591	0.3392	0.1011	0.0851	-1.55863
0.4862	0.4885	0.4762	0.454	0.4289	0.3796	0.4509	0.2067	0.2809	-1.76391
0.4621	0.4726	0.472	0.384	0.3737	0.3661	0.5513	0.3188	0.3062	0.238102
0.4697	0.485	0.4784	0.4072	0.4013	0.3736	0.5369	0.1988	0.236	-0.388929
0.4927	0.4859	0.4912	0.4752	0.4169	0.4634	0.4248	0.2222	0.3268	-2.41296
0.4922	0.4963	0.4991	0.4666	0.4783	0.4865	0.3169	0.2077	0.0718	-2.12374
0.4816	0.4852	0.4822	0.4436	0.4344	0.4288	0.5133	0.3133	0.36	-1.4449
0.4749	0.4866	0.4867	0.4149	0.4246	0.4156	0.4598	0.2333	0.2056	-0.606177
0.4744	0.4885	0.4777	0.4242	0.4553	0.3856	0.5526	0.3618	0.275	-0.872323
0.4885	0.4991	0.499	0.421	0.4859	0.483	0.185	0.0663	0.0663	-0.732532
0.4853	0.4956	0.4917	0.4416	0.4507	0.4589	0.3571	0.1037	0.2645	-1.35871
0.4762	0.4875	0.4918	0.4284	0.4064	0.444	0.5357	0.1699	0.183	-0.991157
0.4711	0.4917	0.4782	0.4171	0.4575	0.3878	0.5843	0.2554	0.2717	-0.672232
0.4857	0.4894	0.4976	0.4547	0.4291	0.4764	0.4837	0.1899	0.1152	-1.78022
0.4749	0.4978	0.4964	0.4269	0.4753	0.4857	0.5641	0.0983	0.3397	-0.955503
0.4733	0.4981	0.4981	0.4049	0.4784	0.473	0.4326	0.0964	0.0761	-0.325474
0.489	0.4965	0.4971	0.459	0.4629	0.4631	0.3824	0.1099	0.0879	-1.90075
0.485	0.4951	0.494	0.444	0.478	0.4612	0.3875	0.2938	0.1914	-1.44056
0.493	0.4901	0.4943	0.4711	0.4473	0.4441	0.3289	0.2434	0.1203	-2.246
0.4816	0.4938	0.4942	0.4407	0.4581	0.4599	0.4783	0.1807	0.1747	-1.35652
0.4837	0.4929	0.4967	0.4497	0.4728	0.4731	0.5068	0.363	0.1419	-1.62743
0.4877	0.487	0.4979	0.4537	0.423	0.4669	0.3806	0.2194	0.0719	-1.72857
0.4786	0.482	0.4849	0.4207	0.4022	0.3797	0.4034	0.25	0.1638	-0.766807
0.4891	0.4856	0.4875	0.456	0.4111	0.4033	0.3424	0.212	0.164	-1.80366
0.4737	0.4967	0.4963	0.4125	0.4693	0.472	0.473	0.1242	0.1553	-0.533403
0.4911	0.4886	0.4941	0.4645	0.435	0.4651	0.3488	0.2267	0.2093	-2.06206
0.4877	0.4918	0.4966	0.4473	0.4555	0.4671	0.3232	0.2378	0.1176	-1.52568
0.4765	0.4985	0.4982	0.4249	0.4885	0.475	0.4938	0.1494	0.0815	-0.891597
0.4861	0.4845	0.4988	0.4498	0.4236	0.4661	0.4049	0.2761	0.0395	-1.61868
0.4939	0.4978	0.4964	0.4544	0.4664	0.4409	0.1628	0.0737	0.0691	-1.6836
0.4823	0.4971	0.4975	0.4424	0.4696	0.457	0.4702	0.1081	0.0645	-1.41024
0.4867	0.4895	0.4981	0.4515	0.4424	0.4784	0.3955	0.2373	0.1011	-1.67588
0.4908	0.4972	0.4976	0.4618	0.4791	0.4694	0.329	0.1607	0.0893	-1.95917
0.4877	0.4971	0.4963	0.4516	0.4749	0.4627	0.3562	0.1341	0.1159	-1.65992
0.4801	0.4778	0.4741	0.4358	0.3723	0.3717	0.4808	0.242	0.2911	-1.20755
0.4781	0.4842	0.4975	0.4214	0.4319	0.4707	0.4201	0.3254	0.0952	-0.785538
0.4853	0.4983	0.4972	0.4447	0.4793	0.4721	0.3846	0.0933	0.114	-1.46894
0.4931	0.4966	0.4968	0.4724	0.4665	0.4674	0.3443	0.1176	0.1111	-2.31828
0.4912	0.4898	0.4963	0.4585	0.4377	0.4689	0.2798	0.2083	0.1379	-1.84668
0.4914	0.4901	0.4984	0.4616	0.4474	0.4812	0.2988	0.2439	0.0947	-1.94708
0.4901	0.4852	0.4952	0.459	0.4144	0.4414	0.3333	0.2284	0.0947	-1.87917
0.4904	0.4961	0.4992	0.4579	0.4686	0.4856	0.3103	0.1486	0.0611	-1.84731
0.4823	0.4962	0.4976	0.4284	0.4646	0.4579	0.3533	0.125	0.0625	-0.978473
0.4626	0.4905	0.4808	0.3769	0.4437	0.4068	0.5	0.2152	0.2866	0.420724
0.4768	0.4914	0.4929	0.426	0.4134	0.4402	0.4936	0.1205	0.1446	-0.921278
0.4922	0.495	0.4975	0.452	0.4585	0.4827	0.2034	0.1429	0.1676	-1.61549
0.4678	0.4739	0.4685	0.3887	0.3606	0.3528	0.461	0.2692	0.3205	0.11134
0.491	0.4864	0.4945	0.4687	0.4175	0.4583	0.4161	0.2148	0.16	-2.20036
0.4647	0.4781	0.4699	0.3889	0.3588	0.369	0.5276	0.2151	0.3455	0.106692
0.477	0.4978	0.4989	0.4185	0.4702	0.4829	0.4286	0.0813	0.0718	-0.706676
0.4803	0.4983	0.498	0.4335	0.4743	0.4759	0.4516	0.0739	0.0909	-1.13651
0.4843	0.4915	0.4979	0.4402	0.4512	0.4784	0.3799	0.2235	0.1111	-1.33436
0.4914	0.4972	0.4975	0.4697	0.4678	0.4678	0.4118	0.0985	0.0887	-2.25545
0.4735	0.4846	0.4936	0.399	0.3886	0.4411	0.3977	0.1808	0.1304	-0.162909
0.4771	0.4919	0.4983	0.417	0.4601	0.4774	0.4176	0.2637	0.0821	-0.663883
0.4862	0.4979	0.4982	0.4558	0.4887	0.4826	0.4756	0.2378	0.1207	-1.81795
0.4793	0.4914	0.4935	0.4183	0.4234	0.4408	0.3693	0.1374	0.1319	-0.693915
0.4832	0.4889	0.4974	0.4467	0.4585	0.4781	0.4861	0.3819	0.1366	-1.53025
0.488	0.4936	0.495	0.4545	0.4524	0.4549	0.3768	0.1644	0.1301	-1.73796
0.485	0.4902	0.4878	0.4424	0.4189	0.4024	0.3744	0.149	0.1587	-1.40801
0.4862	0.4902	0.497	0.4405	0.4422	0.4628	0.3211	0.2165	0.09	-1.33323
0.4839	0.4881	0.4909	0.4262	0.4086	0.4077	0.3022	0.1644	0.12	-0.922121
0.4607	0.4731	0.4749	0.3425	0.3821	0.3478	0.3978	0.337	0.2337	1.259
0.4857	0.493	0.4975	0.4515	0.466	0.4725	0.4398	0.2679	0.1038	-1.67934
0.4854	0.4974	0.497	0.4541	0.4578	0.4687	0.4902	0.0694	0.1098	-1.76179
0.4726	0.4787	0.4791	0.412	0.4253	0.3594	0.4965	0.4336	0.2038	-0.520106
0.4764	0.4757	0.4775	0.4372	0.4046	0.3897	0.6418	0.3796	0.2887	-1.25664
0.4757	0.4789	0.4811	0.4152	0.3804	0.3851	0.44	0.2434	0.2237	-0.609151
0.4903	0.4836	0.4947	0.4582	0.3859	0.4658	0.3148	0.1902	0.1905	-1.84766
0.4842	0.4946	0.4955	0.4423	0.463	0.4686	0.4015	0.1786	0.1714	-1.37555
0.4701	0.4853	0.4766	0.4111	0.4314	0.3908	0.557	0.2938	0.3072	-0.49967
0.4754	0.4862	0.4847	0.4341	0.4139	0.3987	0.6407	0.2099	0.1989	-1.17612
0.4899	0.4938	0.4959	0.4531	0.4657	0.4765	0.2873	0.2265	0.2155	-1.6965
0.4883	0.4992	0.4991	0.4466	0.4886	0.4844	0.2967	0.0722	0.0619	-1.50412
0.4918	0.4985	0.4987	0.458	0.4844	0.4848	0.2515	0.1099	0.0934	-1.81931
0.4921	0.4901	0.4983	0.4707	0.4542	0.4729	0.3839	0.2891	0.0705	-2.29357
0.4931	0.4981	0.499	0.4731	0.4839	0.4813	0.3544	0.1333	0.0545	-2.32373
0.4564	0.4666	0.4633	0.3465	0.3461	0.3243	0.4733	0.3291	0.3228	1.16375
0.4844	0.4949	0.4993	0.4391	0.4718	0.4816	0.3677	0.2258	0.0427	-1.28654
0.483	0.4828	0.4862	0.4252	0.4115	0.4144	0.3176	0.2647	0.2114	-0.881514
0.4899	0.4947	0.4966	0.4612	0.4642	0.4605	0.3659	0.1813	0.0977	-1.95946
0.4856	0.4903	0.4923	0.447	0.4181	0.4475	0.3941	0.1469	0.1808	-1.53572
0.4753	0.4847	0.482	0.414	0.4024	0.3802	0.4431	0.2071	0.2012	-0.578923
0.4865	0.4847	0.4962	0.4482	0.4198	0.4672	0.372	0.2561	0.1345	-1.56322
0.4857	0.4912	0.4972	0.4415	0.4522	0.4708	0.3439	0.2375	0.1105	-1.35473
0.4811	0.4966	0.4975	0.4265	0.483	0.4855	0.3742	0.2577	0.2086	-0.926115
0.4772	0.4965	0.4957	0.4245	0.485	0.452	0.4693	0.3094	0.1045	-0.882702
0.47	0.4722	0.4808	0.4039	0.3981	0.3696	0.5028	0.4181	0.199	-0.300085
0.484	0.4974	0.4978	0.4336	0.4783	0.4891	0.3395	0.1371	0.2593	-1.12558
0.4731	0.4792	0.479	0.3935	0.4058	0.3842	0.3804	0.3129	0.2515	-0.0152717
0.4863	0.4937	0.4931	0.4542	0.4543	0.4395	0.4503	0.1677	0.1366	-1.75844
0.4855	0.4961	0.4971	0.43	0.4532	0.4737	0.2822	0.0958	0.1287	-1.00711
0.478	0.4819	0.4953	0.4226	0.4214	0.4452	0.4323	0.325	0.0983	-0.819898
0.4833	0.4794	0.4854	0.4444	0.3442	0.4091	0.4551	0.1812	0.2112	-1.46219
0.4728	0.474	0.4652	0.4234	0.4092	0.3422	0.5985	0.4429	0.338	-0.850296
0.4828	0.4947	0.4911	0.4273	0.4685	0.4156	0.3333	0.2102	0.1285	-0.943967
0.4902	0.4986	0.4979	0.4547	0.483	0.4735	0.288	0.0914	0.0863	-1.74752
0.4774	0.4956	0.4961	0.4143	0.4435	0.4589	0.3935	0.0904	0.1084	-0.581609
0.4764	0.4801	0.4755	0.4105	0.396	0.3739	0.3944	0.2652	0.2762	-0.477723
0.4897	0.4951	0.4928	0.4639	0.4629	0.4445	0.4167	0.1569	0.1569	-2.0453
0.488	0.4845	0.4878	0.4486	0.4327	0.406	0.321	0.321	0.1646	-1.56173
0.4721	0.4773	0.4828	0.4085	0.3752	0.4039	0.483	0.255	0.2416	-0.422295
0.4907	0.4911	0.4965	0.4448	0.4302	0.4754	0.2135	0.1564	0.1676	-1.41325
0.4787	0.4898	0.4951	0.4317	0.4544	0.4781	0.4863	0.3014	0.2945	-1.0837
0.4863	0.4862	0.4985	0.4411	0.4228	0.4675	0.3237	0.2367	0.0502	-1.35817
0.4851	0.4957	0.4964	0.452	0.4672	0.4752	0.4745	0.1554	0.1757	-1.68639
0.4706	0.4915	0.4814	0.407	0.4349	0.3801	0.5103	0.1603	0.2092	-0.381433
0.4726	0.4738	0.4849	0.4315	0.4207	0.4404	0.7154	0.5366	0.3615	-1.08814
0.4842	0.488	0.4959	0.4452	0.4288	0.464	0.4301	0.2194	0.1343	-1.49589
0.4917	0.4921	0.4942	0.4575	0.4513	0.4569	0.2547	0.2025	0.1617	-1.79735
0.4611	0.4631	0.452	0.4094	0.3759	0.2959	0.8309	0.4855	0.3913	-0.457494
0.492	0.4973	0.496	0.4648	0.468	0.4584	0.3041	0.0944	0.1111	-2.05407
0.4855	0.489	0.4952	0.44	0.4311	0.4379	0.3395	0.2037	0.0898	-1.30994
0.4909	0.4978	0.4985	0.4514	0.4811	0.4803	0.2419	0.134	0.0825	-1.62896
0.4847	0.498	0.4981	0.4198	0.4844	0.4798	0.2573	0.1531	0.1091	-0.728608
0.4917	0.4977	0.4888	0.4697	0.478	0.4459	0.3901	0.1208	0.2766	-2.21423
0.4831	0.4927	0.4986	0.437	0.4556	0.4831	0.3907	0.2053	0.0886	-1.22775
0.4896	0.4967	0.4975	0.4477	0.4642	0.4675	0.2611	0.1058	0.0847	-1.52407
0.4727	0.4773	0.4963	0.4097	0.4051	0.4712	0.4783	0.3478	0.1538	-0.460628
0.4813	0.497	0.498	0.4324	0.471	0.4534	0.4094	0.1205	0.0482	-1.09525
0.4645	0.4762	0.474	0.3782	0.389	0.3011	0.4706	0.3086	0.1889	0.387727
0.4815	0.4966	0.4983	0.4175	0.4677	0.4709	0.3155	0.12	0.0629	-0.665343
0.4765	0.4878	0.4941	0.4244	0.4435	0.4725	0.4904	0.293	0.2803	-0.876781
0.4854	0.4862	0.4954	0.457	0.4246	0.4618	0.5368	0.2418	0.1438	-1.84855
0.487	0.4837	0.4919	0.4472	0.4392	0.4632	0.3457	0.3889	0.2945	-1.5272
0.4878	0.4816	0.4976	0.4587	0.4127	0.4765	0.44	0.2933	0.1145	-1.89418
0.4871	0.4913	0.4976	0.446	0.4406	0.4608	0.3318	0.1822	0.0673	-1.50879
0.479	0.4874	0.4969	0.4365	0.458	0.4741	0.5286	0.45	0.1392	-1.22817
0.4756	0.4772	0.4779	0.4049	0.3559	0.3937	0.3815	0.2203	0.2938	-0.322996
0.4884	0.4963	0.4975	0.4488	0.4485	0.4716	0.3081	0.0824	0.0989	-1.56981
0.485	0.4973	0.4968	0.4262	0.4838	0.4844	0.2769	0.2051	0.2615	-0.911082
0.4912	0.4979	0.4972	0.458	0.4718	0.4661	0.2761	0.0828	0.0947	-1.82541
0.474	0.4811	0.4846	0.4189	0.4304	0.4117	0.513	0.4026	0.2327	-0.717866
0.4748	0.4899	0.4955	0.417	0.4194	0.4695	0.4757	0.1566	0.1768	-0.66933
0.4768	0.4963	0.4949	0.4249	0.4746	0.4704	0.4828	0.175	0.2125	-0.886171
0.4931	0.4897	0.4978	0.4726	0.434	0.4714	0.3434	0.1988	0.0857	-2.3112
0.4854	0.4986	0.4978	0.4319	0.474	0.4758	0.2935	0.06	0.1	-1.07495
0.4912	0.496	0.4976	0.4711	0.4687	0.4729	0.4509	0.1518	0.0995	-2.30231
0.4886	0.4974	0.4978	0.428	0.4658	0.4744	0.2022	0.0856	0.0963	-0.931218
0.4838	0.491	0.4963	0.4449	0.4602	0.4635	0.4414	0.3034	0.1161	-1.46904
0.4931	0.4955	0.4979	0.4653	0.472	0.4764	0.2558	0.1977	0.1023	-2.04529
0.4873	0.484	0.4989	0.4539	0.4247	0.478	0.3977	0.2924	0.0535	-1.74848
0.4742	0.4858	0.4827	0.4045	0.4012	0.3899	0.41	0.1866	0.2105	-0.315429
0.4847	0.492	0.4964	0.4554	0.4618	0.4814	0.5489	0.2741	0.2444	-1.80155
0.4782	0.4969	0.4973	0.4269	0.4672	0.4539	0.4583	0.1093	0.0656	-0.947552
0.4699	0.4854	0.4942	0.4025	0.4437	0.4517	0.4969	0.3711	0.1437	-0.258741
0.4905	0.4835	0.4976	0.466	0.4159	0.4644	0.4	0.267	0.0749	-2.12904
0.489	0.4975	0.4963	0.4519	0.4743	0.4776	0.3107	0.1099	0.2011	-1.66717
0.4877	0.4975	0.4986	0.4424	0.4727	0.4811	0.2874	0.1038	0.082	-1.37233
0.4717	0.4865	0.4837	0.4081	0.4334	0.3831	0.4907	0.2722	0.1834	-0.415121
0.4861	0.4842	0.4972	0.4367	0.4137	0.4829	0.2994	0.2455	0.1976	-1.20682
0.4778	0.4956	0.4967	0.4237	0.4832	0.4448	0.4444	0.3642	0.0674	-0.852734
0.4955	0.4979	0.4971	0.4838	0.4678	0.4635	0.3913	0.0726	0.0894	-2.68553
0.4918	0.4876	0.4972	0.4599	0.4371	0.4631	0.2686	0.2629	0.0865	-1.88857
0.4924	0.4955	0.4968	0.4684	0.4528	0.4529	0.3258	0.1093	0.0765	-2.18141
0.4783	0.4967	0.4983	0.4293	0.4446	0.4767	0.4773	0.0663	0.0816	-1.02354
0.4646	0.4755	0.4861	0.4032	0.4133	0.4258	0.6395	0.4335	0.2486	-0.281125
0.4886	0.492	0.498	0.4531	0.4452	0.4748	0.3385	0.1804	0.0896	-1.71834
0.4856	0.4979	0.4985	0.4408	0.4725	0.4786	0.3429	0.086	0.0769	-1.35386
0.4872	0.4974	0.4973	0.4445	0.4734	0.4869	0.3171	0.113	0.2683	-1.43972
0.4932	0.4961	0.4972	0.4694	0.4766	0.4322	0.2976	0.2039	0.0469	-2.22046
0.4699	0.4701	0.4747	0.3636	0.3795	0.3294	0.3293	0.3772	0.2114	0.740991
0.4826	0.4913	0.4957	0.4328	0.4478	0.4788	0.3741	0.2109	0.2585	-1.10065
0.4808	0.4885	0.4972	0.432	0.4381	0.4663	0.4216	0.2432	0.0955	-1.09871
0.4881	0.4849	0.498	0.4449	0.4256	0.4787	0.2931	0.2759	0.105	-1.44961
0.4906	0.4968	0.4969	0.4585	0.4836	0.4666	0.3073	0.25	0.1075	-1.8663
0.4882	0.4944	0.4896	0.4301	0.4614	0.409	0.2193	0.178	0.1414	-1.00228
0.4788	0.4938	0.4972	0.4366	0.4518	0.4745	0.5369	0.1553	0.1242	-1.23651
0.4776	0.4844	0.4888	0.4323	0.45	0.4614	0.5319	0.4752	0.4255	-1.105
0.4864	0.4843	0.4839	0.4472	0.4352	0.4009	0.3671	0.3418	0.2152	-1.52976
0.4751	0.4976	0.4989	0.4321	0.4739	0.4874	0.6231	0.1046	0.098	-1.10459
0.486	0.4855	0.4965	0.4429	0.4179	0.4835	0.3444	0.2333	0.2778	-1.40606
0.4858	0.4838	0.4932	0.4479	0.4152	0.4222	0.3941	0.2588	0.1034	-1.56344
0.4906	0.4967	0.498	0.4607	0.4796	0.4752	0.3254	0.2	0.0914	-1.93441
0.4769	0.4767	0.4799	0.4349	0.4012	0.4021	0.5909	0.3439	0.2866	-1.19224
0.4851	0.4952	0.4986	0.4342	0.4658	0.4809	0.3146	0.1685	0.0806	-1.14356
0.4743	0.4735	0.4726	0.424	0.3695	0.389	0.5524	0.2945	0.3699	-0.86462
0.4732	0.476	0.4811	0.4046	0.4099	0.4243	0.4333	0.4	0.36	-0.314807
0.4792	0.4908	0.4971	0.4242	0.4526	0.4664	0.4088	0.2541	0.099	-0.867969
0.4928	0.4921	0.495	0.4678	0.4303	0.4524	0.2989	0.1371	0.1243	-2.14628
0.4809	0.4829	0.4911	0.4298	0.3748	0.4339	0.4028	0.1812	0.1678	-1.01793
0.4859	0.4967	0.4973	0.4338	0.4791	0.4599	0.2914	0.1886	0.0765	-1.12472
0.466	0.4693	0.4634	0.405	0.3907	0.3311	0.6176	0.4412	0.3358	-0.330554
0.4904	0.4923	0.497	0.4566	0.4534	0.4575	0.2969	0.2083	0.0788	-1.81186
0.4822	0.4859	0.4952	0.451	0.4427	0.4642	0.6028	0.3472	0.1603	-1.67614
0.4859	0.496	0.4974	0.4344	0.4756	0.4624	0.2944	0.1991	0.0776	-1.16152
0.4844	0.4825	0.4964	0.4477	0.4153	0.4571	0.4477	0.2849	0.0963	-1.5672
0.4912	0.4977	0.4973	0.4568	0.4715	0.4741	0.269	0.0924	0.1196	-1.79424
0.4774	0.4977	0.499	0.4167	0.4786	0.4852	0.4067	0.1242	0.0745	-0.646869
0.4731	0.4755	0.4845	0.4092	0.4002	0.4359	0.4636	0.3618	0.3421	-0.442935
0.4721	0.4891	0.4894	0.4181	0.4471	0.426	0.5633	0.2744	0.1813	-0.699243
0.4895	0.4987	0.4985	0.4419	0.4774	0.481	0.2337	0.0622	0.0881	-1.34305
0.4832	0.485	0.4977	0.4336	0.426	0.4761	0.3631	0.2739	0.1084	-1.12678
0.482	0.4816	0.4801	0.4389	0.3698	0.3864	0.4474	0.1899	0.2405	-1.29543
0.4815	0.4893	0.4947	0.4331	0.4537	0.4405	0.4114	0.3165	0.1034	-1.11999
0.483	0.4844	0.4948	0.4467	0.4328	0.4546	0.4932	0.3243	0.1358	-1.53247
0.4868	0.495	0.4986	0.4395	0.4539	0.4689	0.2959	0.1264	0.0497	-1.28798
0.4852	0.4816	0.4876	0.4475	0.4205	0.4157	0.4145	0.3268	0.1887	-1.54633
0.4919	0.4888	0.4973	0.4565	0.4447	0.4709	0.2378	0.2683	0.1047	-1.76215
0.4791	0.4884	0.4851	0.4112	0.4385	0.3562	0.3389	0.2473	0.1359	-0.493896
0.4827	0.4775	0.4913	0.4441	0.4036	0.4401	0.4762	0.3386	0.1812	-1.44017
0.4821	0.4799	0.4983	0.4391	0.393	0.4827	0.4438	0.2604	0.1081	-1.3066
0.485	0.4954	0.4953	0.4405	0.4657	0.4553	0.3593	0.1598	0.1235	-1.3332
0.4878	0.4964	0.4982	0.4558	0.4651	0.4804	0.3987	0.1176	0.1059	-1.79778
0.4923	0.4967	0.4975	0.4584	0.4743	0.4586	0.2362	0.1535	0.0676	-1.84344
0.4865	0.4975	0.4969	0.4485	0.4703	0.469	0.3736	0.0952	0.1164	-1.58256
0.4808	0.4839	0.4835	0.4347	0.428	0.3904	0.4452	0.3108	0.2	-1.16883
0.4822	0.4969	0.4948	0.4399	0.469	0.4551	0.4487	0.1138	0.1377	-1.32689
0.467	0.4695	0.4785	0.3946	0.3636	0.3854	0.5125	0.3354	0.2622	-0.0448506
0.4816	0.4946	0.4962	0.439	0.4644	0.4812	0.4615	0.1842	0.2569	-1.29647
0.4706	0.4863	0.476	0.4073	0.4458	0.3167	0.5145	0.3559	0.1858	-0.394743
0.4859	0.4971	0.4967	0.4523	0.4718	0.4507	0.443	0.1188	0.075	-1.69744
0.4759	0.4777	0.48	0.4089	0.3755	0.3607	0.3961	0.25	0.1952	-0.436973
0.4908	0.49	0.4972	0.4578	0.4322	0.4715	0.2899	0.186	0.1105	-1.83302
0.4659	0.4846	0.4823	0.3975	0.4018	0.3928	0.5581	0.2074	0.2222	-0.122921
0.487	0.4878	0.4992	0.4435	0.4403	0.4864	0.3152	0.2744	0.064	-1.40826
0.4867	0.4852	0.4854	0.4587	0.3958	0.4106	0.497	0.1845	0.2143	-1.91382
0.4816	0.4805	0.4841	0.4407	0.4202	0.4093	0.4783	0.3519	0.2349	-1.35555
0.4774	0.4931	0.4924	0.413	0.45	0.4382	0.3846	0.1693	0.1503	-0.548416
0.4841	0.4844	0.4883	0.4349	0.4032	0.3968	0.3454	0.2129	0.1423	-1.1893
0.479	0.4956	0.4984	0.4311	0.4804	0.477	0.4734	0.2907	0.0789	-1.07402
0.4907	0.4974	0.4971	0.4615	0.477	0.4611	0.3333	0.1307	0.0852	-1.96357
0.4843	0.4976	0.4971	0.4328	0.4689	0.4594	0.3274	0.0847	0.0791	-1.10096
0.4892	0.4914	0.4962	0.463	0.4533	0.4646	0.4276	0.2353	0.125	-2.0257
0.477	0.4719	0.4976	0.414	0.3799	0.4739	0.4	0.3484	0.1047	-0.574065
0.4881	0.4978	0.4981	0.4384	0.4769	0.4809	0.2552	0.1055	0.1106	-1.25493
0.4792	0.4827	0.4953	0.4167	0.4166	0.4531	0.3643	0.2857	0.1161	-0.640473
0.4644	0.47	0.464	0.3998	0.3702	0.3274	0.6159	0.3475	0.3214	-0.187182
0.4884	0.4845	0.4835	0.4489	0.4161	0.413	0.3092	0.2484	0.2566	-1.55963
0.4797	0.4963	0.4958	0.4382	0.4702	0.4476	0.5212	0.1467	0.0924	-1.2874
0.4813	0.4856	0.4958	0.4257	0.4058	0.4627	0.3636	0.1988	0.1329	-0.900698
0.4611	0.4601	0.4761	0.37	0.3522	0.3891	0.4937	0.4367	0.3106	0.596886
0.4846	0.4961	0.4982	0.4313	0.478	0.4687	0.3113	0.2171	0.0625	-1.04679
0.4606	0.4701	0.4727	0.3707	0.3408	0.3653	0.5063	0.2771	0.2952	0.580025
0.4855	0.4851	0.4978	0.4364	0.4312	0.4593	0.3152	0.2976	0.0604	-1.2025
0.4764	0.4875	0.4923	0.4175	0.4188	0.4383	0.4378	0.1979	0.151	-0.678555
0.4833	0.4986	0.4948	0.4438	0.486	0.4787	0.4476	0.1118	0.3287	-1.43693
0.4893	0.4972	0.4959	0.4547	0.464	0.4497	0.3242	0.0885	0.0938	-1.75863
0.4718	0.4702	0.4772	0.3965	0.3034	0.3651	0.4198	0.2242	0.2364	-0.0956593
0.4672	0.479	0.4796	0.4056	0.383	0.3918	0.5887	0.2484	0.2614	-0.345106
0.4725	0.4664	0.4803	0.418	0.3458	0.4167	0.55	0.3312	0.3395	-0.695335
0.4817	0.4869	0.4877	0.4189	0.3874	0.3526	0.3175	0.148	0.1071	-0.707727
0.4702	0.4749	0.4669	0.4003	0.3563	0.3035	0.4754	0.2486	0.2541	-0.201523
0.4894	0.4966	0.4966	0.4471	0.4614	0.4539	0.2654	0.1018	0.0838	-1.49548
0.4913	0.4921	0.4962	0.4605	0.4504	0.4813	0.2958	0.2009	0.2582	-1.94509
0.4854	0.4912	0.497	0.4343	0.4535	0.4771	0.3057	0.2435	0.1546	-1.14976
0.4423	0.4641	0.4437	0.3343	0.3854	0.2751	0.6475	0.518	0.4388	1.4624
0.4857	0.4924	0.4936	0.4509	0.4511	0.4325	0.4348	0.1925	0.1122	-1.6696
0.4861	0.4859	0.4981	0.4441	0.4268	0.4888	0.3497	0.2577	0.2086	-1.43472
0.4725	0.4811	0.483	0.4121	0.407	0.3832	0.5	0.2812	0.1938	-0.526906
0.4706	0.4865	0.459	0.4155	0.4453	0.2979	0.5833	0.3481	0.3228	-0.624781
0.4686	0.4656	0.4711	0.3913	0.3488	0.3643	0.4577	0.3497	0.3147	0.042999
0.4903	0.4919	0.4956	0.4605	0.4545	0.4583	0.3396	0.2264	0.1235	-1.92513
0.4848	0.4985	0.497	0.4431	0.4866	0.4561	0.3869	0.1271	0.0773	-1.41597
0.471	0.4801	0.4818	0.4162	0.393	0.4072	0.58	0.2566	0.2697	-0.643639
0.4919	0.4966	0.4947	0.4652	0.466	0.458	0.3161	0.1141	0.1522	-2.07377
0.4851	0.4823	0.4945	0.4335	0.403	0.4526	0.3103	0.2471	0.1389	-1.1188
0.4851	0.4869	0.4926	0.4383	0.4194	0.4463	0.3391	0.2114	0.1685	-1.2664
0.4761	0.4783	0.4785	0.4122	0.3829	0.3838	0.4118	0.2588	0.2573	-0.526913
0.4809	0.4846	0.4969	0.4156	0.4139	0.4497	0.3194	0.2381	0.068	-0.615535
0.4877	0.4823	0.491	0.4483	0.4105	0.4025	0.3286	0.2714	0.1126	-1.57775
0.4787	0.4962	0.4975	0.4252	0.4845	0.4586	0.4318	0.3295	0.0681	-0.898878
0.4802	0.4861	0.4953	0.43	0.4299	0.4504	0.4237	0.2655	0.1111	-1.03647
0.4743	0.4727	0.4738	0.4123	0.331	0.343	0.4545	0.2331	0.2393	-0.528996
0.4788	0.4876	0.484	0.412	0.4208	0.4309	0.3497	0.2012	0.323	-0.515369
0.4772	0.4712	0.4837	0.4306	0.3625	0.4166	0.5247	0.3086	0.2654	-1.06047
0.4767	0.4972	0.4978	0.4209	0.4875	0.4675	0.4536	0.2896	0.0739	-0.777876
0.4837	0.4981	0.4988	0.4341	0.4821	0.4787	0.3509	0.1215	0.0608	-1.14443
0.4762	0.4759	0.4868	0.4148	0.3957	0.444	0.4247	0.3356	0.3288	-0.596067
0.4592	0.4728	0.4767	0.3852	0.3989	0.4142	0.6259	0.4101	0.4101	0.206823
0.4711	0.4654	0.4878	0.4073	0.3323	0.4161	0.5	0.3145	0.1856	-0.391601
0.4855	0.4885	0.4883	0.4536	0.4053	0.4103	0.4771	0.1524	0.1646	-1.74552
0.4885	0.4957	0.4973	0.4494	0.4671	0.4703	0.3089	0.1554	0.1045	-1.59821
0.4904	0.4982	0.4977	0.4573	0.4769	0.4713	0.3013	0.0843	0.0904	-1.81006
0.4895	0.4929	0.4943	0.457	0.4592	0.4651	0.3385	0.2206	0.201	-1.84017
0.4859	0.4879	0.4852	0.4467	0.4067	0.3785	0.3799	0.164	0.1587	-1.52905
0.47	0.4873	0.4912	0.4084	0.3765	0.4139	0.5369	0.131	0.1243	-0.422578
0.4857	0.4914	0.4971	0.4453	0.4299	0.4816	0.3743	0.15	0.1892	-1.48412
0.491	0.4958	0.4955	0.4575	0.4594	0.4475	0.2818	0.1211	0.1	-1.82821
0.4779	0.4935	0.4883	0.4346	0.4562	0.4127	0.5482	0.1818	0.1705	-1.18327
0.4695	0.4818	0.4807	0.3857	0.4318	0.4005	0.4122	0.3919	0.2685	0.18927
0.4763	0.4889	0.4932	0.4117	0.447	0.4542	0.4036	0.2814	0.1834	-0.509922
0.4927	0.4936	0.4916	0.4683	0.4546	0.4501	0.3092	0.1731	0.2126	-2.19084
0.4817	0.4978	0.4982	0.4271	0.4819	0.4782	0.3624	0.141	0.0897	-0.936135
0.4877	0.4955	0.4983	0.4478	0.4816	0.4674	0.3269	0.3333	0.0578	-1.53503
0.473	0.4745	0.4851	0.413	0.4082	0.4186	0.4934	0.4248	0.244	-0.550213
0.4919	0.4987	0.4975	0.4516	0.4821	0.4839	0.2128	0.0821	0.1862	-1.61935
0.4874	0.4905	0.4957	0.4449	0.44	0.4745	0.3125	0.1989	0.2102	-1.45569
0.4951	0.4947	0.4959	0.4703	0.4729	0.4719	0.2045	0.2486	0.1761	-2.16328
0.4698	0.4607	0.4808	0.4163	0.2927	0.4056	0.619	0.298	0.2829	-0.648003
0.4707	0.4686	0.4707	0.4193	0.394	0.3671	0.6226	0.472	0.3273	-0.736229
0.4813	0.4776	0.4967	0.4099	0.3799	0.4575	0.2889	0.2611	0.0872	-0.454224
0.4856	0.4868	0.4959	0.4443	0.4344	0.4816	0.369	0.269	0.2917	-1.44757
0.4864	0.4874	0.4992	0.4465	0.4393	0.4851	0.3608	0.2784	0.0591	-1.52478
0.4935	0.4843	0.4992	0.4721	0.4048	0.4855	0.3121	0.2184	0.0608	-2.28657
0.4879	0.4965	0.4964	0.4505	0.4566	0.4631	0.3388	0.0918	0.1122	-1.63423
0.4768	0.4861	0.4848	0.4357	0.4319	0.412	0.6045	0.2746	0.2292	-1.2097
0.489	0.4969	0.4981	0.4529	0.4779	0.4643	0.322	0.1695	0.0595	-1.70144
0.4635	0.4837	0.4831	0.3994	0.4457	0.4281	0.6351	0.4527	0.3311	-0.175461
0.4792	0.4819	0.4825	0.4359	0.4068	0.3703	0.5128	0.2671	0.1801	-1.21638
0.4687	0.4854	0.486	0.405	0.4037	0.4105	0.5441	0.1974	0.2039	-0.326583
0.4851	0.4919	0.4948	0.4435	0.4554	0.461	0.3789	0.2316	0.16	-1.43539
0.4841	0.4838	0.4909	0.4435	0.4211	0.4046	0.4167	0.2807	0.1173	-1.43552
0.4878	0.4967	0.4969	0.4511	0.4826	0.4691	0.3495	0.2366	0.1168	-1.65891
0.4875	0.4953	0.4956	0.4416	0.4763	0.4636	0.291	0.2537	0.1429	-1.32555
0.478	0.4923	0.4972	0.4205	0.4606	0.4756	0.4167	0.2548	0.1353	-0.757662
0.4945	0.497	0.4976	0.4628	0.458	0.4725	0.1806	0.0802	0.0988	-1.88978
0.4846	0.4919	0.4951	0.4505	0.4623	0.4764	0.4759	0.2831	0.2651	-1.65485
0.4831	0.4887	0.4883	0.4319	0.4135	0.422	0.3556	0.1648	0.1923	-1.08459
0.4847	0.4832	0.4983	0.4261	0.3995	0.4843	0.2832	0.2241	0.1209	-0.901171
0.4915	0.4972	0.4978	0.4683	0.4822	0.4785	0.3791	0.1872	0.1168	-2.19783
0.4904	0.4937	0.4956	0.4605	0.461	0.4671	0.3333	0.2012	0.1585	-1.9273
0.4905	0.4976	0.4949	0.4597	0.4707	0.443	0.3211	0.09	0.105	-1.91484
0.486	0.4965	0.4979	0.44	0.4689	0.4709	0.3252	0.1295	0.0804	-1.32747
0.4815	0.4869	0.498	0.4429	0.4295	0.4796	0.5077	0.2464	0.1088	-1.41082
0.4923	0.497	0.4983	0.4673	0.473	0.4838	0.319	0.1279	0.1163	-2.13295
0.4886	0.4955	0.4949	0.4588	0.4615	0.4542	0.4013	0.1386	0.1325	-1.88764
0.4931	0.4906	0.4969	0.4699	0.4467	0.4702	0.3067	0.227	0.1207	-2.20705
0.4837	0.4988	0.4987	0.4398	0.4847	0.4863	0.3955	0.0897	0.1103	-1.30089
0.4861	0.4855	0.4978	0.4504	0.4328	0.4687	0.4118	0.2941	0.0798	-1.63457
0.4837	0.4917	0.4928	0.4413	0.4329	0.4139	0.4076	0.1515	0.1005	-1.37246
0.4883	0.4961	0.4976	0.4252	0.4625	0.4707	0.201	0.119	0.0905	-0.864902
0.4844	0.4861	0.4908	0.4457	0.4421	0.4235	0.4258	0.3355	0.1481	-1.49568
0.4851	0.4921	0.4968	0.4243	0.4336	0.4581	0.2642	0.1443	0.085	-0.85235
0.4842	0.4954	0.4966	0.4443	0.4566	0.4565	0.4214	0.1224	0.0884	-1.44446
0.4872	0.4834	0.4972	0.447	0.4301	0.4611	0.3378	0.3356	0.0802	-1.50912
0.4874	0.4918	0.4976	0.4422	0.459	0.4701	0.2959	0.2604	0.0899	-1.36887
0.4848	0.4851	0.4944	0.4464	0.4424	0.4753	0.4198	0.3704	0.3025	-1.52034
0.4884	0.4964	0.4976	0.4534	0.4724	0.4729	0.3497	0.1534	0.1012	-1.71572
0.4882	0.4963	0.4969	0.4393	0.4697	0.4734	0.2571	0.1453	0.1366	-1.27403
0.4766	0.4642	0.4849	0.4115	0.3479	0.4067	0.3956	0.3652	0.2131	-0.506641
0.4846	0.498	0.4982	0.4359	0.4826	0.4793	0.3374	0.1307	0.0971	-1.19046
0.4903	0.4895	0.4949	0.4598	0.4372	0.4737	0.331	0.2138	0.2483	-1.88949
0.4922	0.4852	0.4982	0.4699	0.435	0.4696	0.359	0.3141	0.0643	-2.2243
0.4838	0.4856	0.4911	0.445	0.4214	0.4324	0.4408	0.2436	0.1625	-1.47584
0.4838	0.4807	0.4823	0.4531	0.4163	0.3929	0.5535	0.3273	0.2222	-1.74356
0.491	0.4965	0.4977	0.4508	0.4688	0.4785	0.237	0.1304	0.1196	-1.59838
0.4938	0.4896	0.498	0.4689	0.4284	0.4799	0.2556	0.1833	0.1117	-2.16241
0.4714	0.4869	0.4931	0.4222	0.4441	0.4246	0.6316	0.3252	0.1092	-0.82109
0.4737	0.4911	0.4809	0.3959	0.4669	0.4257	0.3793	0.3793	0.3736	-0.0785769
0.4761	0.4956	0.4962	0.4245	0.4586	0.4836	0.5036	0.1234	0.305	-0.875758
0.4731	0.4787	0.4817	0.417	0.4023	0.3845	0.5238	0.3095	0.2139	-0.667929
0.4798	0.4746	0.4721	0.429	0.3735	0.3371	0.4295	0.2886	0.2483	-1.00056
0.4924	0.4987	0.4989	0.4655	0.4809	0.4885	0.2926	0.0722	0.1058	-2.08417
0.4864	0.487	0.4959	0.4368	0.4195	0.4528	0.2924	0.2105	0.1011	-1.20882
0.463	0.4799	0.4904	0.3854	0.4037	0.4464	0.5417	0.2925	0.2313	0.198731
0.4745	0.4719	0.4811	0.4072	0.3538	0.4098	0.42	0.28	0.2914	-0.385453
0.4892	0.4986	0.4989	0.4597	0.485	0.4888	0.383	0.1046	0.1046	-1.9023
0.4854	0.4923	0.4913	0.4547	0.4534	0.4207	0.4969	0.2061	0.1345	-1.78654
0.4842	0.4957	0.4987	0.4335	0.4539	0.4859	0.3333	0.1078	0.1012	-1.12122
0.4825	0.4966	0.4976	0.4315	0.4839	0.4768	0.3681	0.2699	0.1156	-1.06907
0.4692	0.4719	0.474	0.3975	0.4041	0.365	0.4803	0.4605	0.2767	-0.122208
0.4923	0.4975	0.4989	0.4642	0.4664	0.4803	0.2841	0.0824	0.0604	-2.02944
0.4911	0.4817	0.4944	0.4711	0.4239	0.4482	0.457	0.3442	0.128	-2.28675
0.4878	0.4981	0.4976	0.4472	0.4659	0.475	0.3161	0.0597	0.1095	-1.53508
0.4798	0.4907	0.4887	0.4387	0.4179	0.3983	0.5226	0.1386	0.1394	-1.29901
0.49	0.498	0.4976	0.4594	0.4769	0.4691	0.3418	0.0982	0.0859	-1.89197
0.491	0.4886	0.4985	0.4544	0.4371	0.4815	0.2589	0.2362	0.0909	-1.73229
0.4809	0.4874	0.4914	0.4363	0.4347	0.4418	0.4581	0.256	0.1845	-1.21902
0.4852	0.498	0.4983	0.4438	0.4687	0.4818	0.3782	0.0714	0.1071	-1.43023
0.4784	0.4908	0.4878	0.427	0.4215	0.4043	0.4545	0.1445	0.1618	-0.950746
0.4887	0.4972	0.4993	0.4539	0.4612	0.4892	0.3419	0.0798	0.0736	-1.72228
0.4796	0.488	0.4868	0.4257	0.4395	0.3883	0.4104	0.2644	0.1508	-0.909533
0.476	0.4909	0.4924	0.4213	0.4353	0.4464	0.4767	0.1758	0.1758	-0.790274
0.4817	0.4947	0.495	0.4353	0.4621	0.4555	0.4228	0.1698	0.1321	-1.18352
0.4763	0.4716	0.4942	0.4117	0.3619	0.4748	0.4025	0.3019	0.3082	-0.510987
0.4833	0.4931	0.4971	0.4323	0.4688	0.4763	0.3526	0.2949	0.1411	-1.08722
0.4624	0.492	0.4926	0.3832	0.4665	0.4277	0.5395	0.3269	0.1227	0.257634
0.4913	0.4974	0.497	0.4682	0.4842	0.4691	0.3875	0.1988	0.1091	-2.18254
0.4831	0.4974	0.4983	0.44	0.4769	0.4858	0.4184	0.1299	0.1409	-1.31541
0.4805	0.4841	0.4967	0.433	0.4289	0.4592	0.4408	0.3092	0.0926	-1.12033
0.4857	0.4949	0.4952	0.4527	0.4802	0.4418	0.4545	0.3571	0.0952	-1.71477
0.4827	0.4899	0.4851	0.4271	0.3924	0.3951	0.335	0.1168	0.1857	-0.949853
0.462	0.4632	0.4865	0.377	0.3432	0.4227	0.5122	0.3659	0.2294	0.418358
0.4895	0.498	0.4973	0.4585	0.4729	0.4673	0.354	0.0828	0.0947	-1.87055
0.4829	0.4883	0.4864	0.4223	0.415	0.4099	0.3065	0.1746	0.1958	-0.801669
0.4854	0.4988	0.4975	0.4315	0.483	0.4719	0.2924	0.0782	0.1006	-1.05713
0.4668	0.4723	0.4847	0.4103	0.3943	0.4461	0.6466	0.3986	0.4203	-0.478484
0.4795	0.491	0.4881	0.4333	0.4536	0.4029	0.4759	0.2529	0.1543	-1.13754
0.4918	0.4917	0.4983	0.4648	0.4506	0.4766	0.3132	0.2131	0.0785	-2.06606
0.4846	0.4959	0.4967	0.4287	0.4775	0.4786	0.2957	0.2263	0.1895	-0.98239
0.4699	0.4829	0.4865	0.4137	0.3814	0.4001	0.5868	0.1913	0.1739	-0.577201
0.4849	0.4955	0.4955	0.4336	0.4606	0.4584	0.3158	0.1329	0.1259	-1.10257
0.4728	0.486	0.4936	0.3932	0.4063	0.4333	0.3829	0.1934	0.1141	-0.0062867
0.4925	0.4926	0.4957	0.4673	0.4591	0.4769	0.3073	0.2291	0.2346	-2.14102
0.4757	0.4784	0.4791	0.4311	0.412	0.3555	0.5871	0.3585	0.1988	-1.07945
0.4792	0.4771	0.4753	0.4387	0.3552	0.3329	0.5475	0.2204	0.2097	-1.30977
0.4852	0.497	0.4979	0.4389	0.4696	0.4755	0.3399	0.1139	0.0962	-1.27395
0.4925	0.4971	0.4974	0.4717	0.4833	0.4766	0.3743	0.2151	0.1285	-2.2985
0.4701	0.4767	0.4746	0.4023	0.3788	0.3783	0.4912	0.2717	0.3006	-0.255251
0.4673	0.4949	0.4943	0.3943	0.4461	0.4421	0.5029	0.1106	0.1168	-0.0357477
0.4895	0.4983	0.4983	0.4553	0.4833	0.4742	0.3207	0.1179	0.0718	-1.77821
0.4879	0.4895	0.4963	0.4448	0.3936	0.4757	0.299	0.1231	0.1856	-1.45878
0.4803	0.4861	0.4862	0.4326	0.3893	0.3864	0.4417	0.1617	0.1557	-1.11098
0.4924	0.4961	0.4984	0.4594	0.4739	0.4805	0.2383	0.1804	0.0909	-1.87044
0.4928	0.4969	0.4972	0.4677	0.4583	0.4598	0.2978	0.0833	0.0778	-2.14719
0.483	0.4872	0.4962	0.4427	0.4476	0.46	0.4467	0.34	0.1104	-1.40749
0.4869	0.4973	0.4993	0.4421	0.4664	0.4867	0.3106	0.0888	0.0533	-1.36502
0.4721	0.492	0.4836	0.3693	0.4584	0.3991	0.3133	0.247	0.2169	0.600611
0.4704	0.492	0.4942	0.4108	0.4702	0.4648	0.5461	0.3759	0.2053	-0.48869
0.4826	0.4923	0.4947	0.424	0.4509	0.4513	0.3211	0.1947	0.1295	-0.854787
0.4929	0.4932	0.4967	0.4692	0.4524	0.4682	0.3081	0.1744	0.1186	-2.1927
0.485	0.487	0.4976	0.4388	0.4207	0.4835	0.3464	0.2123	0.1732	-1.28541
0.4782	0.4882	0.4852	0.4206	0.4225	0.395	0.4118	0.1939	0.1837	-0.76797
0.4786	0.4842	0.4855	0.4205	0.4068	0.402	0.4	0.2253	0.1923	-0.760397
0.471	0.4821	0.483	0.4048	0.3666	0.404	0.4854	0.1793	0.2391	-0.323367
0.4894	0.4951	0.4946	0.4537	0.461	0.4651	0.3114	0.1488	0.1905	-1.71457
0.4928	0.498	0.4974	0.4541	0.4763	0.4721	0.1966	0.0919	0.1081	-1.67427
0.4729	0.4768	0.4787	0.405	0.4026	0.4024	0.443	0.3481	0.3101	-0.325345
0.4735	0.4846	0.4964	0.4084	0.434	0.4652	0.4503	0.3275	0.1196	-0.423315
0.4723	0.4801	0.4767	0.411	0.4219	0.377	0.4965	0.3706	0.2671	-0.493825
0.489	0.4922	0.4982	0.453	0.4644	0.4766	0.3208	0.2893	0.0877	-1.69079
0.4846	0.4796	0.4958	0.4478	0.4114	0.4839	0.4408	0.3289	0.3553	-1.56066
0.4876	0.498	0.499	0.4568	0.4781	0.488	0.4214	0.1012	0.0893	-1.8355
0.4867	0.4962	0.4964	0.4554	0.4794	0.4685	0.4432	0.2308	0.1337	-1.80699
0.478	0.4813	0.4839	0.4094	0.41	0.4198	0.3529	0.2888	0.2727	-0.446358
0.4784	0.4962	0.4986	0.4058	0.4795	0.4843	0.3297	0.2308	0.096	-0.346382
0.4758	0.4763	0.4978	0.4207	0.4149	0.4823	0.4797	0.4228	0.1471	-0.760223
0.4846	0.4737	0.4868	0.4508	0.4093	0.3967	0.4812	0.45	0.1637	-1.66269
0.4736	0.4717	0.4741	0.4243	0.3626	0.3703	0.5822	0.302	0.2886	-0.876787
0.4894	0.4978	0.498	0.4615	0.4712	0.4779	0.3974	0.0854	0.1037	-1.96916
0.4916	0.4966	0.4979	0.4542	0.4665	0.466	0.2367	0.1173	0.067	-1.69763
0.4809	0.4784	0.482	0.4222	0.3841	0.4072	0.3533	0.2595	0.2663	-0.806655
0.4749	0.4924	0.4977	0.4236	0.4708	0.4733	0.5294	0.3595	0.0958	-0.853792
0.4742	0.4976	0.4976	0.4111	0.4686	0.4731	0.449	0.087	0.0988	-0.492702
0.4695	0.4914	0.482	0.416	0.4537	0.442	0.6242	0.24	0.4777	-0.643339
0.4898	0.4896	0.4982	0.4528	0.438	0.4799	0.288	0.2147	0.0995	-1.69429
0.4913	0.4935	0.4972	0.4703	0.4737	0.4726	0.4296	0.338	0.1176	-2.24666
0.4744	0.4902	0.4797	0.3999	0.4368	0.375	0.3834	0.1959	0.2228	-0.186608
0.4913	0.4975	0.4978	0.4625	0.4737	0.4814	0.3144	0.1095	0.1333	-2.00123
0.4776	0.4814	0.4966	0.4329	0.4172	0.464	0.54	0.3158	0.1078	-1.12815
0.4817	0.4828	0.482	0.4225	0.405	0.3798	0.3352	0.2444	0.2	-0.80878
0.484	0.486	0.4979	0.4317	0.4336	0.4691	0.3293	0.2874	0.0761	-1.07013
0.4875	0.4936	0.4989	0.4523	0.4596	0.4879	0.3729	0.1944	0.0969	-1.69554
0.4895	0.4937	0.4948	0.4621	0.4525	0.4364	0.3987	0.1617	0.0958	-1.99261
0.4914	0.495	0.4958	0.4434	0.4732	0.4567	0.1889	0.2389	0.1135	-1.3605
0.4831	0.4965	0.4974	0.4381	0.4654	0.4669	0.4013	0.1163	0.0872	-1.26652
0.4792	0.4813	0.4961	0.4335	0.4249	0.4644	0.4878	0.3598	0.1271	-1.14469
0.4939	0.4922	0.4979	0.467	0.437	0.4689	0.2344	0.151	0.0754	-2.10117
0.4901	0.4983	0.4976	0.4603	0.4812	0.4715	0.3473	0.1017	0.096	-1.92897
0.4851	0.4907	0.4964	0.4412	0.4559	0.4612	0.3614	0.2798	0.108	-1.35265
0.479	0.4923	0.4913	0.429	0.469	0.4077	0.4533	0.34	0.1152	-1.00222
0.4632	0.4832	0.4841	0.4001	0.4156	0.3882	0.6503	0.2722	0.1875	-0.194955
0.4793	0.4799	0.4871	0.4144	0.3852	0.4052	0.3486	0.24	0.1749	-0.583043
0.4788	0.4956	0.4965	0.4185	0.4721	0.4536	0.3836	0.1953	0.0852	-0.698945
0.4728	0.4838	0.4888	0.3986	0.3829	0.4102	0.4084	0.1818	0.1566	-0.153461
0.4659	0.4706	0.4657	0.4063	0.3768	0.3476	0.6324	0.3597	0.3453	-0.36546
0.4839	0.494	0.4877	0.4355	0.4538	0.3926	0.3567	0.1556	0.1444	-1.18716
0.4743	0.4958	0.4897	0.4261	0.4819	0.4573	0.5764	0.3061	0.3333	-0.927416
0.4805	0.4953	0.4978	0.4276	0.4787	0.4761	0.3977	0.2924	0.105	-0.962792
0.4818	0.4927	0.4899	0.4285	0.4172	0.4062	0.3692	0.1062	0.1339	-0.997
0.4813	0.4982	0.4965	0.4247	0.4822	0.4611	0.3576	0.1143	0.1029	-0.872593
0.4819	0.4988	0.498	0.4326	0.4775	0.4812	0.3951	0.0559	0.1229	-1.10463
0.4876	0.4979	0.4974	0.442	0.477	0.4704	0.2903	0.1026	0.0974	-1.36902
0.493	0.4981	0.4989	0.4698	0.4663	0.4852	0.3135	0.0609	0.0812	-2.22567
0.4929	0.4967	0.4969	0.4736	0.4619	0.4712	0.38	0.0982	0.1227	-2.34348
0.4857	0.4912	0.487	0.4487	0.4312	0.3678	0.4086	0.1579	0.1263	-1.59643
0.4897	0.4925	0.4979	0.4566	0.4507	0.4791	0.3254	0.1893	0.1149	-1.80866
0.4903	0.4974	0.4965	0.4679	0.4789	0.4527	0.4503	0.1419	0.0839	-2.18506
0.4707	0.4724	0.4764	0.4236	0.3452	0.2949	0.6757	0.2577	0.1646	-0.86286
0.4931	0.4973	0.4963	0.4683	0.4767	0.459	0.2881	0.1351	0.1027	-2.16159
0.4794	0.4971	0.4984	0.4252	0.4841	0.481	0.4113	0.227	0.0915	-0.885053
0.4772	0.4973	0.4978	0.4096	0.4669	0.4757	0.3714	0.0928	0.1031	-0.452018
0.4771	0.4816	0.4885	0.4234	0.3938	0.4173	0.462	0.2344	0.1771	-0.851432
0.4841	0.4905	0.4956	0.4482	0.4636	0.4663	0.4667	0.3667	0.1548	-1.57534
0.4803	0.4953	0.4967	0.4456	0.4584	0.4709	0.6	0.1324	0.1324	-1.50385
0.4825	0.495	0.4962	0.4511	0.4801	0.4701	0.5865	0.3456	0.1507	-1.67447
0.4886	0.4701	0.4989	0.463	0.3518	0.4835	0.461	0.2987	0.0706	-2.03519
0.4896	0.496	0.495	0.462	0.463	0.4557	0.3926	0.1275	0.1342	-1.97099
0.488	0.4873	0.4981	0.4516	0.4292	0.47	0.3483	0.2346	0.0691	-1.66954
0.4736	0.4825	0.4751	0.3969	0.393	0.3092	0.3851	0.22	0.1867	-0.105588
0.4863	0.4823	0.4766	0.4514	0.4159	0.3653	0.411	0.2905	0.2432	-1.65975
0.4658	0.4732	0.472	0.4053	0.379	0.3458	0.6273	0.3252	0.2638	-0.340569
0.4774	0.4867	0.4935	0.42	0.4216	0.4462	0.4286	0.2222	0.1446	-0.743164
