x
0.3911
0.3864
0.3678
0.3862
0.3848
0.3671
0.381
0.3739
0.3586
0.3654
0.3648
0.3837
0.3585
0.369
0.3871
0.393
0.3783
0.3772
0.3778
0.3814
0.3909
0.3804
0.3801
0.3829
0.3888
0.376
0.3743
0.3744
0.3844
0.3917
0.3691
0.3793
0.3675
0.3723
0.3879
0.3763
0.3762
0.3856
0.3782
0.3727
0.3773
0.3903
0.394
0.37
0.373
0.3728
0.3798
0.3779
0.3725
0.3756
0.3797
0.3802
0.3766
0.3877
0.3835
0.3786
0.3829
0.3816
0.3893
0.382
0.3757
0.3813
0.3757
0.3706
0.3745
0.3859
0.3638
0.3778
0.3859
0.3678
0.3796
0.3602
0.3633
0.3659
0.3692
0.3668
0.3712
0.3738
0.3831
0.3761
0.3718
0.3811
0.3808
0.3808
0.3696
0.3757
0.3901
0.3693
0.3739
0.3732
0.378
0.3793
0.3718
0.3836
0.3876
0.3768
0.3633
0.366
0.361
0.3842
0.387
0.3843
0.3674
0.3754
0.3682
0.3788
0.389
0.3784
0.3801
0.3854
0.3642
0.3733
0.3789
0.3811
0.3875
0.3686
0.3849
0.3553
0.3841
0.3803
0.3732
0.376
0.385
0.3779
0.3797
0.37
0.3734
0.3861
0.3852
0.3734
0.3771
0.3812
0.365
0.385
0.3802
0.3913
0.3707
0.3877
0.3784
0.3639
0.3838
0.3849
0.37
0.375
0.3898
0.3706
0.3756
0.3782
0.3653
0.3731
0.3675
0.3905
0.3798
0.3844
0.3765
0.3888
0.3601
0.3765
0.3829
0.3742
0.3783
0.3717
0.3794
0.3644
0.3527
0.3763
0.377
0.3755
0.38
0.3659
0.3814
0.3848
0.3738
0.3582
0.3844
0.3807
0.378
0.3698
0.3611
0.3667
0.3746
0.3771
0.3721
0.37
0.3808
0.3817
0.3806
0.3767
0.3816
0.3907
0.3766
0.3666
0.3905
0.3784
0.3699
0.3851
0.3812
0.381
0.3715
0.3705
0.3837
0.3698
0.3755
0.3704
0.3596
0.385
0.3791
0.3697
0.3871
0.3782
0.3841
0.3631
0.3717
0.3739
0.3889
0.3683
0.3663
0.3877
0.3767
0.3656
0.3594
0.3802
0.3844
0.3761
0.3812
0.3845
0.361
0.3761
0.3815
0.3635
0.3805
0.3744
0.3702
0.3743
0.3715
0.3828
0.3854
0.3855
0.3839
0.3869
0.363
0.3923
0.3877
0.3771
0.3808
0.3842
0.3915
0.3919
0.3757
0.3801
0.3852
0.3842
0.3721
0.3739
0.3837
0.3659
0.3781
0.3767
0.3742
0.3759
0.3777
0.3942
0.3774
0.3647
0.3728
0.3747
0.3822
0.392
0.374
0.3664
0.3855
0.3749
0.3916
0.3702
0.3812
0.3798
0.3767
0.3731
0.3863
0.3753
0.3689
0.3842
0.3792
0.3869
0.3796
0.3905
0.3876
0.3823
0.3736
0.3821
0.3892
0.3862
0.3752
0.39
0.367
0.3598
0.3717
0.384
0.3867
0.3676
0.3828
0.3833
0.3899
0.3696
0.3689
0.3729
0.3869
0.3688
0.3662
0.3697
0.3691
0.372
0.3704
0.3636
0.3707
0.3723
0.3801
0.3676
0.3869
0.3777
0.3734
0.3698
0.3848
0.3846
0.3656
0.3644
0.3815
0.366
0.3705
0.3558
0.3838
0.3688
0.3814
0.376
0.3929
0.3754
0.3802
0.3712
0.3719
0.3762
0.3733
0.3744
0.364
0.372
0.3775
0.3807
0.3814
0.3827
0.3782
0.3743
0.3789
0.389
0.3728
0.3746
0.3636
0.3771
0.3725
0.3778
0.376
0.3856
0.3806
0.3879
0.3675
0.3736
0.3744
0.3735
0.3741
0.3783
0.3738
0.379
0.3846
0.3877
0.3868
0.3836
0.3671
0.3836
0.3708
0.3645
0.3895
0.3825
0.376
0.3636
0.3838
0.3774
0.383
0.3846
0.3827
0.3851
0.3801
0.3883
0.3706
0.3832
0.3766
0.3853
0.3684
0.3854
0.3833
0.3767
0.3832
0.3809
0.3729
0.3691
0.3832
0.3704
0.392
0.3809
0.3726
0.3885
0.3834
0.3606
0.3766
0.3733
0.3748
0.3664
0.3668
0.3604
0.3647
0.3864
0.3827
0.3869
0.3691
0.381
0.3903
0.3779
0.3831
0.3827
0.3612
0.3844
0.3754
0.3904
0.356
0.3921
0.3779
0.3692
0.3825
0.381
0.3633
0.3701
0.3817
0.3726
0.372
0.3838
0.3672
0.3629
0.3723
0.3831
0.3804
0.3898
0.3735
0.3826
0.3761
0.384
0.3848
0.3795
0.37
0.3769
0.3829
0.3754
0.3824
0.367
0.3733
0.3651
0.3826
0.3756
0.3933
0.3724
0.3757
0.3834
0.3854
0.3914
0.3859
0.3783
0.3976
0.3701
0.3659
0.391
0.3815
0.3781
0.3786
0.3739
0.382
0.3763
0.3816
0.3788
0.3799
0.389
0.3633
0.3787
0.361
0.3759
0.3846
0.3792
0.376
0.3806
0.3826
0.358
0.3723
0.3719
0.384
0.3838
0.3588
0.3772
0.3661
0.3687
0.3793
0.3817
0.3775
0.3879
0.3694
0.3745
0.3768
0.3896
0.388
0.3711
0.3712
0.379
0.3792
0.3547
0.3872
0.3661
0.3845
0.3903
0.3744
0.3817
0.3787
0.366
0.3768
0.3781
0.3754
0.3837
0.3805
0.3702
0.3868
0.3792
0.3718
0.38
0.3822
0.379
0.3849
0.3762
0.3771
0.3813
0.3651
0.3751
0.3723
0.36
0.3862
0.3875
0.3742
0.3778
0.3628
0.3774
0.3802
0.3759
0.3797
0.3751
0.372
0.3804
0.3739
0.382
0.3876
0.3879
0.3813
0.3695
0.3863
0.3688
0.388
0.364
0.378
0.3859
0.3842
0.3821
0.3774
0.3843
0.3697
0.3636
0.3775
0.3782
0.3711
0.3702
0.3913
0.3762
0.3544
0.356
0.3728
0.3869
0.3833
0.3795
0.3712
0.371
0.3758
0.3842
0.3709
0.3597
0.3807
0.3806
0.3694
0.369
0.38
0.3847
0.3637
0.3756
0.3836
0.3851
0.3583
0.3831
0.3854
0.382
0.3808
0.3828
0.3582
0.373
0.3784
0.3582
0.3819
0.381
0.3897
0.3895
0.3737
0.3713
0.3874
0.3865
0.371
0.3691
0.3748
0.3838
0.3734
0.3881
0.3916
0.3663
0.3788
0.374
0.3586
0.3785
0.3777
0.3876
0.3873
0.386
0.3706
0.3734
0.3727
0.3556
0.3775
0.3747
0.3686
0.371
0.3814
0.3872
0.3873
0.3802
0.384
0.3855
0.3843
0.3836
0.3761
0.3686
0.3718
0.3755
0.365
0.3608
0.3727
0.3927
0.3756
0.3828
0.3516
0.3791
0.3756
0.3773
0.3731
0.379
0.3829
0.3816
0.3611
0.3878
0.3746
0.3653
0.3783
0.3885
0.3775
0.3828
0.3745
0.3542
0.3794
0.3679
0.377
0.3856
0.3863
0.3737
0.3948
0.3755
0.3795
0.3745
0.3727
0.3766
0.3736
0.3751
0.3831
0.3872
0.378
0.3771
0.3864
0.378
0.3706
0.3649
0.3808
0.3814
0.3841
0.3791
0.3762
0.374
0.3846
0.3867
0.372
0.3802
0.3822
0.3827
0.3787
0.3762
0.3849
0.383
0.3788
0.3815
0.383
0.3647
0.3833
0.3878
0.3691
0.3637
0.3851
0.3743
0.3786
0.3719
0.3819
0.3861
0.3788
0.3624
0.3538
0.3932
0.3701
0.3851
0.3759
0.3695
0.396
0.3718
0.3677
0.3887
0.3678
0.3701
0.3782
0.3675
0.3646
0.3848
0.3855
0.3717
0.3884
0.3962
0.3712
0.3893
0.3849
0.3815
0.3855
0.377
0.3788
0.3819
0.3633
0.3906
0.3903
0.3603
0.3676
0.3742
0.3631
0.3716
0.3665
0.3677
0.3791
0.3782
0.3726
0.3827
0.3761
0.3539
0.3748
0.3766
0.3757
0.3888
0.3752
0.3615
0.3692
0.3779
0.3911
0.3815
0.3786
0.3829
0.3831
0.3829
0.3768
0.3707
0.3857
0.3779
0.3916
0.3731
0.3588
0.3823
0.3765
0.3694
0.3779
0.3868
0.3734
0.3877
0.3977
0.3849
0.3777
0.381
0.3606
0.3866
0.381
0.384
0.3771
0.3783
0.3736
0.3879
0.3687
0.3921
0.3734
0.3808
0.3853
0.3846
0.3878
0.3808
0.3854
0.3592
0.3701
0.3884
0.3924
0.3942
0.3647
0.3745
0.3734
0.3748
0.376
0.3654
0.3742
0.389
0.3797
0.3924
0.373
0.3713
0.3707
0.375
0.3751
0.3872
0.3589
0.3819
0.3931
0.3609
0.376
0.3871
0.3728
0.3792
0.3757
0.3661
0.3663
0.3775
0.3687
0.375
0.3761
0.3706
0.3809
0.37
0.3735
0.3769
0.3915
0.3715
0.3711
0.3837
0.3691
0.3752
0.3828
0.3711
0.3632
0.3786
0.3777
0.3818
0.3835
0.3852
0.3696
0.3916
0.3898
0.3751
0.3831
0.3787
0.3775
0.3665
0.3689
0.3653
0.3696
0.3735
0.3794
0.3576
0.3812
0.3779
0.3852
0.3771
0.375
0.3847
0.383
0.373
0.3805
0.3832
0.3797
0.3556
0.3723
0.3838
0.3661
0.3838
0.3422
0.3876
0.3841
0.3644
0.3804
0.3845
0.3696
0.3879
0.3928
0.3739
0.3665
0.3882
0.3764
0.3948
0.3941
0.3818
0.3795
0.3687
0.3714
0.3875
0.3724
0.3848
0.3883
0.3754
0.3799
0.3883
0.381
0.3863
0.393
0.3769
0.3743
0.3863
0.3674
0.3792
0.3768
0.3687
0.3804
0.391
0.3602
0.3787
0.37
0.38
0.3913
0.3826
0.3803
0.3959
0.3834
0.3631
0.3755
0.3802
0.3849
0.3881
0.378
0.3843
0.3843
0.365
0.384
0.3917
0.3777
0.3713
0.3856
0.3698
0.3789
0.3936
0.3735
0.3856
0.386
0.376
0.3622
0.381
0.3828
0.3782
0.3799
0.3834
0.3663
0.3814
0.3749
0.3661
0.3783
0.3806
0.381
0.3821
0.389
0.3912
0.3933
0.3866
0.3839
0.3931
0.3891
0.376
0.3816
0.372
0.376
0.3992
0.3559
0.375
0.3762
0.3893
0.3687
0.3817
0.3993
0.3939
0.3904
0.3816
0.3925
0.3781
0.3821
0.3842
0.3842
0.3773
0.3943
0.3832
0.3817
0.3636
0.3794
0.389
0.3923
0.3835
0.3835
0.392
0.383
0.3965
0.3984
0.3968
0.3891
0.3846
0.3955
0.3835
0.3912
0.3635
0.3893
0.3767
0.3807
0.39
0.3907
0.375
0.3612
0.3884
0.3773
0.398
0.3842
0.3773
0.3896
0.3851
0.3824
0.3933
0.3978
0.3974
0.3834
0.3806
0.3852
0.3987
0.3703
0.3771
0.3837
0.3735
0.3858
0.3707
0.3738
0.3752
0.3683
0.3885
0.3765
0.3776
0.3906
0.3709
0.3821
0.3862
0.3816
0.3939
0.3797
0.3821
0.3972
0.3734
0.3733
0.3823
0.3888
0.3968
0.3771
0.3713
0.3963
0.3987
0.375
0.3668
0.374
0.3847
0.3904
0.3995
0.3841
0.3859
0.3739
0.3762
0.3808
0.3715
0.3986
0.3921
0.3709
0.3798
0.3983
0.3976
0.3984
0.379
0.3858
0.3917
0.3893
0.3876
0.3887
0.3672
0.3782
0.3826
0.3941
0.3968
0.384
0.3952
0.3976
0.3982
0.3804
0.3816
0.3912
0.3982
0.3834
0.3905
0.388
0.3946
0.3777
0.3634
0.3984
0.3799
0.3942
0.3804
0.3932
0.3972
0.3947
0.3844
0.3681
0.3701
0.3911
0.3778
0.384
0.3909
0.3884
0.3916
0.3876
0.3927
0.3945
0.3957
0.3845
0.3923
0.367
0.3734
0.3766
0.3806
0.3825
0.3814
0.394
0.3627
0.3814
0.3875
0.3792
0.3799
0.3902
0.3917
0.3915
0.381
0.3902
0.3811
0.3862
0.3782
0.3701
0.3782
0.3769
0.3913
0.3931
0.3972
0.3841
0.3917
0.3861
0.3714
0.378
0.3907
0.3847
0.3986
0.398
0.3931
0.3562
0.3721
0.3869
0.3781
0.386
0.3856
0.3697
0.3964
0.3944
0.3803
0.3852
0.3951
0.3752
0.3734
0.3736
0.3656
0.3875
0.3797
0.3905
0.3942
0.3662
0.3959
0.3973
0.3932
0.373
0.3944
0.3781
0.377
0.3798
0.39
0.3788
0.3809
0.3843
0.3787
0.3709
0.3817
0.3792
0.3825
0.3966
0.3956
0.3906
0.3895
0.3652
0.3855
0.3875
0.3794
0.3835
0.3937
0.3904
0.3764
0.3812
0.3792
0.3871
0.3923
0.3823
0.3703
0.3873
0.3753
0.3738
0.3793
0.3871
0.3829
0.3879
0.3993
0.3929
0.3664
0.3917
0.3971
0.3982
0.3927
0.3883
0.3771
0.3914
0.3902
0.3909
0.3854
0.3901
0.3778
0.3848
0.369
0.382
0.3743
0.3773
0.3975
0.3784
0.3903
0.3827
0.3806
0.3784
0.3983
0.3869
0.3934
0.3967
0.3926
0.3856
0.3856
0.3812
0.3766
0.3718
0.3747
0.3925
0.3868
0.3957
0.3971
0.3893
0.391
0.3857
0.3773
0.3836
0.3572
0.3831
0.3881
0.3692
0.3947
0.3658
0.3818
0.37
0.3854
0.3844
0.3929
0.3852
0.3958
0.377
0.3811
0.3817
0.3833
0.3818
0.3706
0.3903
0.3763
0.3703
0.3812
0.3689
0.3695
0.3833
0.3924
0.3847
0.3835
0.393
0.3888
0.3921
0.3801
0.3699
0.3717
0.3752
0.37
0.3886
0.3894
0.3795
0.3833
0.3761
0.3781
0.3962
0.3861
0.3921
0.3701
0.3867
0.375
0.3773
0.3815
0.3816
0.3702
0.3922
0.3703
0.3923
0.387
0.3972
0.3825
0.3748
0.3836
0.3726
0.3797
0.3949
0.3973
0.3875
0.3848
0.3981
0.3875
0.3805
0.3637
0.3866
0.3781
0.3874
0.3903
0.3978
0.3826
0.3885
0.3874
0.3745
0.3816
0.3955
0.3758
0.3794
0.3912
0.3857
0.3852
0.3905
0.3955
0.3819
0.3862
0.3681
0.3815
0.3965
0.3977
0.3971
0.3951
0.3978
0.3831
0.3711
0.3977
0.381
0.3847
0.3812
0.3922
0.3696
0.3948
0.3766
0.3582
0.3805
0.3975
0.3914
0.3962
0.3947
0.3939
0.3874
0.3705
0.3788
0.3771
0.3744
0.3783
0.3801
0.3713
0.3604
0.3874
0.3738
0.3805
0.392
0.376
0.3634
0.383
0.3806
0.3786
0.3786
0.3784
0.3916
0.3864
0.3693
0.3824
0.3886
0.3915
0.3922
0.3762
0.3927
0.3952
0.3856
0.3821
0.3816
0.3798
0.3927
0.3978
0.3807
0.3918
0.3802
0.3793
0.3891
0.3885
0.3974
0.3731
0.3776
0.3841
0.3828
0.3753
0.3881
0.3928
0.3907
0.3833
0.3716
0.3887
0.3792
0.3953
0.3815
0.383
0.3973
0.3987
0.3887
0.3969
0.3723
0.3899
0.3705
0.3871
0.3795
0.3789
0.3974
0.3879
0.3866
0.3827
0.387
0.3689
0.3946
0.3775
0.3797
0.3925
0.3773
0.3873
0.3843
0.3535
0.3821
0.37
0.3838
0.3776
0.3737
0.3872
0.3752
0.3759
0.3858
0.3963
0.3593
0.3764
0.3967
0.3813
0.387
0.3713
0.3866
0.3927
0.398
0.3867
0.3887
0.3904
0.3971
0.3977
0.3983
0.394
0.3811
0.3891
0.3959
0.3857
0.3872
0.3925
0.3782
0.3991
0.3864
0.3915
0.3852
0.3903
0.3873
0.3597
0.3869
0.3794
0.3855
0.3837
0.3893
0.3744
0.3867
0.3768
0.3931
0.3807
0.3877
0.3952
0.3933
0.3988
0.3697
0.3815
0.386
0.3844
0.3859
0.3943
0.3806
0.3762
0.3981
0.3748
0.3907
0.3972
0.3982
0.3959
0.3762
0.3977
0.3816
0.3757
0.3986
0.3974
0.3943
0.3814
0.389
0.3631
0.3859
0.3715
0.3802
0.3957
0.3951
0.3747
0.3708
0.396
0.3818
0.3915
0.3916
0.3871
0.3918
0.3819
0.3648
0.3679
0.3966
0.3839
0.3875
0.3594
0.3874
0.3989
0.3725
0.3743
0.3838
0.3765
0.391
0.3927
0.3838
0.3794
0.3974
0.368
0.3896
0.3855
0.3973
0.3704
0.3955
0.3958
0.3857
0.3944
0.3969
0.3665
0.3855
0.3983
0.3908
0.381
0.3968
0.3733
0.3811
0.3806
0.3747
0.3991
0.3985
0.3962
0.3945
0.3812
0.392
0.3787
0.3793
0.3641
0.374
0.384
0.376
0.383
0.3974
0.397
0.3975
0.3972
0.3977
0.3891
0.3884
0.3988
0.3928
0.3985
0.3743
0.3897
0.3813
0.3709
0.3911
0.3854
0.3758
0.3835
0.3924
0.3974
0.3785
0.3511
0.3971
0.3868
0.3884
0.389
0.3947
0.3982
0.391
0.3753
0.3799
0.3796
0.3743
0.3837
0.3614
0.3861
0.3938
0.3874
0.385
0.388
0.3813
0.3771
0.3839
0.38
0.3898
0.3962
0.3754
0.3772
0.3785
0.3925
0.3939
0.3922
0.3876
0.3743
0.3801
0.3747
0.3734
0.3889
0.3893
0.397
0.3815
0.3986
0.3958
0.3869
0.3969
0.3827
0.3977
0.3979
0.3906
0.3953
0.3811
0.3824
0.3951
0.3995
0.384
0.3932
0.394
0.3957
0.3846
0.3981
0.3717
0.3927
0.3789
0.3856
0.3921
0.3688
0.393
0.3888
0.3742
0.3703
0.3736
0.3982
0.3825
0.3946
0.3658
0.3849
0.3882
0.3675
0.3716
0.3799
0.3739
0.3921
0.3741
0.3748
0.3741
0.3976
0.396
0.385
0.3874
0.3841
0.3774
0.398
0.3984
0.3836
0.3825
0.3977
0.3925
0.385
0.3595
0.3837
0.3893
0.3636
0.3769
0.3729
0.3592
0.3806
0.362
0.3671
0.3785
0.3845
0.3898
0.3927
0.3912
0.3676
0.3853
0.3978
0.3818
0.38
0.3649
0.3703
0.37
0.3881
0.3795
0.3918
0.3939
0.3855
0.3889
0.3975
0.3882
0.3796
0.3976
0.398
0.3839
0.3786
0.386
0.3857
0.3938
0.3752
0.3806
0.3925
0.3838
0.3976
0.3935
0.3934
0.3841
0.3968
0.3704
0.3883
0.3807
0.3834
0.3872
0.3749
0.3865
0.3986
0.3793
0.3899
0.3821
0.3884
0.3987
0.384
0.3956
0.3983
0.3903
0.3987
0.3883
0.3966
0.3968
0.3932
0.3705
0.38
0.3741
0.3936
0.377
0.3814
0.3752
0.3887
0.3874
0.3813
0.3766
0.375
0.395
0.3707
0.3938
0.3841
0.3662
0.3927
0.3988
0.3664
0.3813
0.3726
0.3809
0.3851
0.3915
0.3664
0.3663
0.3701
0.3907
0.3904
0.3777
0.3768
0.3923
0.3957
0.3933
0.3769
0.3906
0.39
0.3906
0.3869
0.3707
0.37
0.3985
0.3939
0.3687
0.3884
0.381
0.3818
0.3975
0.3967
0.3728
0.376
0.3822
0.3787
0.3973
0.3983
0.3861
0.3655
0.384
0.3701
0.3769
0.3722
0.392
0.3557
0.3784
0.3984
0.3792
0.3844
0.3734
0.3978
0.3964
0.3839
0.3769
0.3973
0.3776
0.3839
0.3693
0.3962
0.3955
0.3935
0.3395
0.3894
0.389
0.3717
0.3897
0.3869
0.3831
0.3959
0.3976
0.3665
0.3744
0.3881
0.3929
0.3909
0.3919
0.386
0.384
0.3852
0.3883
0.3935
0.38
0.3973
0.3817
0.3725
0.3828
0.3793
0.3792
0.3881
0.3859
0.3863
0.3839
0.3847
0.3709
0.3883
0.3808
0.3882
0.3816
0.3793
0.381
0.375
0.3956
0.3828
0.3979
0.3802
0.3873
0.3747
0.3993
0.379
0.38
0.3968
0.3848
0.3949
0.3935
0.3755
0.3793
0.3805
0.3756
0.3936
0.3838
0.3683
0.3793
0.383
0.3843
0.3886
0.3845
0.3977
0.3871
0.3687
0.3732
0.3852
0.3815
0.3818
0.3818
0.396
0.3798
0.3829
0.3808
0.3699
0.3796
0.3772
0.3669
0.3831
0.399
0.3958
0.3855
0.3891
0.3974
0.3936
0.3953
0.3963
0.3951
0.3765
0.398
0.399
0.3672
0.3982
0.3979
0.398
0.3953
0.3979
0.3981
0.3984
0.3906
0.3973
0.3861
0.3852
0.3943
0.3962
0.3867
0.3953
0.3986
0.3922
0.3811
0.3976
0.3927
0.3983
0.3941
0.3971
0.3862
0.3929
0.3966
0.3976
0.397
0.3973
0.3932
0.3915
0.3888
0.3961
0.3959
0.3953
0.3967
0.3964
0.3962
0.3948
0.397
0.3924
0.3965
0.3924
0.3955
0.3968
0.3987
0.399
0.3974
0.3972
0.3966
0.398
0.3975
0.3972
0.3955
0.3845
0.3829
0.3993
0.3881
0.3922
0.396
0.3795
0.386
0.3988
0.396
0.3767
0.3854
0.3884
0.3806
0.3871
0.3949
0.3752
0.3963
0.3965
0.391
0.3961
0.3844
0.3912
0.3968
0.3964
0.3969
0.3856
0.3934
0.3963
0.3982
0.3953
0.3979
0.3988
0.3702
0.3756
0.3797
0.3945
0.3982
0.3986
0.383
0.3834
0.3726
0.3869
0.3973
0.3955
0.3965
0.3955
0.3815
0.3972
0.3969
0.3966
0.3819
0.38
0.3935
0.3892
0.3973
0.3953
0.3972
0.3835
0.3988
0.3939
0.3915
0.3975
0.3949
0.3981
0.3968
0.3957
0.3881
0.3984
0.3974
0.3974
0.395
0.3982
0.3878
0.3961
0.3977
0.3788
0.3989
0.3939
0.3949
0.3914
0.3983
0.3976
0.3969
0.384
0.3804
0.3852
0.397
0.3947
0.3901
0.3962
0.3938
0.3982
0.3854
0.3986
0.3993
0.3966
0.399
0.3994
0.385
0.38
0.3807
0.3916
0.395
0.3913
0.3934
0.3953
0.398
0.3971
0.397
0.3875
0.398
0.3966
0.3902
0.3758
0.3931
0.3929
0.3833
0.3918
0.3779
0.3812
0.3936
0.3905
0.3947
0.3961
0.3973
0.3965
0.3988
0.3807
0.398
0.3976
0.3954
0.3991
0.3975
0.3948
0.3624
0.3693
0.3943
0.3823
0.3989
0.3846
0.3706
0.3973
0.3907
0.3838
0.3922
0.3986
0.388
0.3739
0.3829
0.3917
0.3958
0.3896
0.3789
0.3952
0.3989
0.396
0.3992
0.3952
0.391
0.3993
0.3988
0.3966
0.3722
0.39
0.3902
0.3973
0.3883
0.3847
0.388
0.3978
0.391
0.3976
0.397
0.3969
0.3984
0.3867
0.3736
0.3985
0.3987
0.3725
0.3955
0.3962
0.3954
0.3963
0.3961
0.392
0.3971
0.398
0.3915
0.3914
0.396
0.3977
0.3988
0.3757
0.3985
0.3894
0.3856
0.3978
0.394
0.3674
0.3915
0.3973
0.3981
0.3971
0.3872
0.3882
0.3953
0.3882
0.3988
0.3825
0.3982
0.3873
0.3975
0.397
0.3983
0.3885
0.3841
0.3979
0.3929
0.3937
0.3983
0.3929
0.3967
0.3966
0.3923
0.3904
0.4
0.397
0.3909
0.3961
0.3816
0.3967
0.3878
0.3975
0.3974
0.3804
0.3983
0.3979
0.3979
0.3978
0.379
0.3981
0.397
0.397
0.3795
0.3816
0.3821
0.3957
0.374
0.3881
0.3873
0.3851
0.3932
0.3985
0.3972
0.3962
0.3981
0.3965
0.3989
0.3986
0.3863
0.3941
0.3815
0.394
0.3803
0.3704
0.3929
0.393
0.397
0.3928
0.3983
0.385
0.399
0.3944
0.3894
0.3963
0.3997
0.3878
0.3934
0.3963
0.3836
0.3807
0.3939
0.3987
0.3972
0.3765
0.3929
0.3936
0.3872
0.3914
0.3855
0.3969
0.3977
0.3962
0.3744
0.3969
0.3913
0.3977
0.3941
0.3959
0.3991
0.3979
0.3908
0.3942
0.3895
0.3972
0.3987
0.3977
0.3953
0.397
0.3979
0.397
0.3811
0.3725
0.3961
0.3984
0.3967
0.3896
0.3982
0.3888
0.3936
0.3856
0.3952
0.3898
0.397
0.3983
0.3796
0.3992
0.3915
0.3968
0.3872
0.3948
0.3997
0.3931
0.396
0.3984
0.3931
0.3987
0.3966
0.3977
0.3974
0.3853
0.3899
0.399
0.3868
0.3831
0.3758
0.3956
0.3987
0.3946
0.3991
0.3635
0.3749
0.3986
0.3986
0.3985
0.3924
0.3932
0.3988
0.3993
0.398
0.3975
0.3725
0.397
0.3902
0.3966
0.3767
0.3982
0.3819
0.3942
0.3975
0.3929
0.3895
0.3851
0.3981
0.3972
0.3868
0.3932
0.3936
0.3886
0.37
0.3972
0.3965
0.3987
0.3951
0.3977
0.3968
0.3974
0.3953
0.398
0.3816
0.3939
0.3971
0.3967
0.3764
0.3855
0.3953
0.3942
0.3893
0.3985
0.3982
0.3822
0.3983
0.383
0.3989
0.3986
0.3954
0.377
0.3972
0.3991
0.3827
0.3974
0.397
0.3977
0.397
0.3926
0.397
0.3982
0.3954
0.3981
0.3969
0.3945
0.394
0.3946
0.3799
0.3917
0.3973
0.3889
0.3877
0.3874
0.3935
0.3877
0.3977
0.3666
0.3832
0.3949
0.3909
0.3875
0.3805
0.3976
0.3985
0.3974
0.3893
0.3979
0.3924
0.3987
0.3897
0.3973
0.3857
0.3961
0.3792
0.3724
0.3986
0.3845
0.3959
0.3976
0.3973
0.3947
0.3943
0.3925
0.3873
0.3986
0.3968
0.3973
0.3986
0.3983
0.3866
0.3992
0.3954
0.3986
0.3838
0.3978
0.3923
0.3962
0.3983
0.3977
0.3923
0.3891
0.3841
0.3913
0.3924
0.3972
0.3973
0.398
0.3976
0.3809
0.3795
0.396
0.3957
0.3971
0.3881
0.3929
0.3886
0.3986
0.3956
0.3806
0.398
0.398
0.3848
0.3964
0.3962
0.3989
0.3987
0.3877
0.3918
0.3986
0.3992
0.3958
0.3897
0.3937
0.3844
0.3808
0.3984
0.3973
0.3892
0.3883
0.3995
0.3909
0.3974
0.3743
0.3974
0.3957
0.3987
0.3841
0.3897
0.3919
0.3806
0.3944
0.3875
0.3852
0.3978
0.3772
0.3759
0.396
0.3981
0.3978
0.3997
0.3708
0.3926
0.3982
0.3962
0.3901
0.3979
0.3992
0.3972
0.3927
0.3836
0.394
0.3976
0.3635
0.3955
0.3889
0.3957
0.3991
0.3947
0.3989
0.3995
0.3862
0.3985
0.3886
0.3983
0.3967
0.3947
0.3977
0.3963
0.3898
0.393
0.3903
0.3977
0.397
0.3981
0.3975
0.3977
0.3983
0.3985
0.3977
0.391
0.3878
0.3986
0.3976
0.3699
0.3975
0.3942
0.395
0.3968
0.3917
0.3977
0.3994
0.3881
0.3948
0.3947
0.3977
0.3973
0.3951
0.3862
0.3833
0.3911
0.3991
0.3933
0.3931
0.3721
0.3965
0.375
0.3795
0.3963
0.3966
0.3977
0.3853
0.3958
0.3988
0.3913
0.3894
0.3973
0.3986
0.3835
0.3964
0.3957
0.3773
0.3983
0.3986
0.3931
0.3978
0.3829
0.3851
0.3971
0.3881
0.3865
0.3982
0.3959
0.3892
0.3785
0.3889
0.395
0.3968
0.3941
0.3968
0.3977
0.39
0.3981
0.398
0.3892
0.3969
0.3979
0.3888
0.397
0.3878
0.3974
0.3977
0.3964
0.3987
0.3973
0.3977
0.3952
0.3848
0.3988
0.3987
0.3877
0.3915
0.3969
0.3934
0.3958
0.3978
0.3973
0.3913
0.3962
0.3903
0.3928
0.3914
0.3976
0.3983
0.376
0.3948
0.3785
0.3987
0.3894
0.3961
0.3679
0.3855
0.398
0.3888
0.39
0.3962
0.3957
0.3907
0.397
0.3935
0.397
0.3949
0.3973
0.3791
0.3977
0.3928
0.398
0.3989
0.3978
0.3984
0.3987
0.3987
0.3901
0.3938
0.3608
0.3983
0.3936
0.3841
0.38
0.3939
0.3834
0.384
0.3971
0.3985
0.389
0.3979
0.3915
0.3812
0.3964
0.3978
0.3896
0.3985
0.3789
0.3975
0.3988
0.3859
0.3843
0.3975
0.3981
0.3961
0.3967
0.385
0.3971
0.3971
0.3885
0.3799
0.3945
0.3981
0.3978
0.3814
0.3859
0.3974
0.3866
0.3927
0.3896
0.3991
0.3902
0.3981
0.394
0.3905
0.3959
0.3978
0.3744
0.3967
0.3966
0.3897
0.3961
0.3956
0.3919
0.3989
0.3965
0.3974
0.398
0.3951
0.3969
0.3874
0.3975
0.398
0.3879
0.3971
0.3835
0.3967
0.3961
0.3969
0.3837
0.3872
0.3808
0.3921
0.3881
0.3984
0.3889
0.3986
0.3917
0.3981
0.3781
0.3938
0.3989
0.397
0.3941
0.3958
0.3768
0.3833
0.3986
0.3974
0.3805
0.3984
0.3778
0.3976
0.3888
0.384
0.3977
0.3781
0.3833
0.3911
0.3794
0.3794
0.3976
0.3976
0.3971
0.3927
0.3958
0.3959
0.398
0.399
0.3972
0.3832
0.3983
0.3946
0.3836
0.396
0.3967
0.3989
0.3976
0.3971
0.3957
0.3938
0.3973
0.3936
0.3966
0.3981
0.3863
0.3909
0.3793
0.3986
0.3979
0.3831
0.3931
0.3808
0.3867
0.3954
0.3971
0.3926
0.3901
0.3974
0.3909
0.3994
0.3972
0.3981
0.3966
0.3797
0.3771
0.3992
0.3925
0.3965
0.3972
0.3966
0.3968
0.3991
0.386
0.3993
0.3716
0.3975
0.3977
0.3815
0.3953
0.3948
0.3942
0.3969
0.3979
0.3885
0.3977
0.3862
0.3882
0.3977
0.3794
0.3981
0.3976
0.3839
0.3823
0.398
0.3982
0.3985
0.3976
0.386
0.3866
0.3911
0.3912
0.3897
0.382
0.3956
0.383
0.3993
0.3902
0.3974
0.3966
0.3962
0.3975
0.398
0.3976
0.3974
0.3983
0.39
0.3961
0.3933
0.3993
0.3978
0.3908
0.3992
0.3992
0.3859
0.3917
0.3985
0.3899
0.3853
0.3962
0.3943
0.3952
0.3953
0.3899
0.3952
0.3971
0.381
0.3638
0.3841
0.3941
0.3827
0.3872
0.3942
0.3814
0.3962
0.3956
0.3687
0.3973
0.393
0.373
0.3956
0.3983
0.3978
0.3868
0.3938
NA
NA
NA
NA
NA
NA
NA
NA
NA
NA
NA
NA
NA
NA
NA
NA
NA
NA
NA
NA
NA
NA
NA
NA
NA
NA
NA
NA
NA
NA
NA
NA
NA
NA
NA
NA
NA
NA
NA
NA
NA
NA
NA
NA
NA
NA
NA
NA
NA
NA
NA
NA
NA
NA
NA
NA
NA
NA
NA
NA
NA
NA
NA
NA
NA
NA
NA
NA
NA
NA
NA
NA
NA
NA
NA
NA
NA
NA
NA
NA
NA
NA
NA
NA
NA
NA
NA
NA
NA
NA
NA
NA
NA
NA
NA
NA
NA
NA
NA
NA
NA
NA
NA
NA
NA
NA
NA
NA
NA
NA
NA
NA
NA
NA
NA
NA
NA
NA
NA
NA
NA
NA
NA
NA
NA
NA
NA
NA
NA
NA
NA
NA
NA
NA
NA
NA
NA
NA
NA
NA
NA
NA
NA
NA
NA
NA
NA
NA
NA
NA
NA
NA
NA
NA
NA
NA
NA
NA
NA
NA
NA
NA
NA
NA
NA
NA
NA
NA
NA
NA
NA
NA
NA
NA
NA
NA
NA
NA
NA
NA
NA
NA
NA
NA
NA
NA
NA
NA
NA
NA
NA
NA
NA
NA
NA
NA
NA
NA
NA
NA
NA
NA
NA
NA
NA
NA
NA
NA
NA
NA
NA
NA
NA
NA
NA
NA
NA
NA
NA
NA
NA
NA
NA
NA
NA
NA
NA
NA
NA
NA
NA
NA
NA
NA
NA
NA
NA
NA
NA
NA
NA
NA
NA
NA
NA
NA
NA
NA
NA
NA
NA
NA
NA
NA
NA
NA
NA
NA
NA
NA
NA
NA
NA
NA
NA
NA
NA
NA
NA
NA
NA
NA
NA
NA
NA
NA
NA
NA
NA
NA
NA
NA
NA
NA
NA
NA
NA
NA
NA
NA
NA
NA
NA
NA
NA
NA
NA
NA
NA
NA
NA
NA
NA
NA
NA
NA
NA
NA
NA
NA
NA
NA
NA
NA
NA
NA
NA
NA
NA
NA
NA
NA
NA
NA
NA
NA
NA
NA
NA
NA
NA
NA
NA
NA
NA
NA
NA
NA
NA
NA
NA
NA
NA
NA
NA
NA
NA
NA
NA
NA
NA
NA
NA
NA
NA
NA
NA
NA
NA
NA
NA
NA
NA
NA
NA
NA
NA
NA
NA
NA
NA
NA
NA
NA
NA
NA
NA
NA
NA
NA
NA
NA
NA
NA
NA
NA
NA
NA
NA
NA
NA
NA
NA
NA
NA
NA
NA
NA
NA
NA
NA
NA
NA
NA
NA
NA
NA
NA
NA
NA
NA
NA
NA
NA
NA
NA
NA
NA
NA
NA
NA
NA
NA
NA
NA
NA
NA
NA
NA
NA
NA
NA
NA
NA
NA
NA
NA
NA
NA
NA
NA
NA
NA
NA
NA
NA
NA
NA
NA
NA
NA
NA
NA
NA
NA
NA
NA
NA
NA
NA
NA
NA
NA
NA
NA
NA
NA
NA
NA
NA
NA
NA
NA
NA
NA
NA
NA
NA
NA
NA
NA
NA
NA
NA
NA
NA
NA
NA
NA
NA
NA
NA
NA
NA
NA
NA
NA
NA
NA
NA
NA
NA
NA
NA
NA
NA
NA
NA
NA
NA
NA
NA
NA
NA
NA
NA
NA
NA
NA
NA
NA
NA
NA
NA
NA
NA
NA
NA
NA
NA
NA
NA
NA
NA
NA
NA
NA
NA
NA
NA
NA
NA
NA
NA
NA
NA
NA
NA
NA
NA
NA
NA
NA
NA
NA
NA
NA
NA
NA
NA
NA
NA
NA
NA
NA
NA
NA
NA
NA
NA
NA
NA
NA
NA
NA
NA
NA
NA
NA
NA
NA
NA
NA
NA
NA
NA
NA
NA
NA
NA
NA
NA
NA
NA
NA
NA
NA
NA
NA
NA
NA
NA
NA
NA
NA
NA
NA
NA
NA
NA
NA
NA
NA
NA
NA
NA
NA
NA
NA
NA
NA
NA
NA
NA
NA
NA
NA
NA
NA
NA
NA
NA
NA
NA
NA
NA
NA
NA
NA
NA
NA
NA
NA
NA
NA
NA
NA
NA
NA
NA
NA
NA
NA
NA
NA
NA
NA
NA
NA
NA
NA
NA
NA
NA
NA
NA
NA
NA
NA
NA
NA
NA
NA
NA
NA
NA
NA
NA
NA
NA
NA
NA
NA
NA
NA
NA
NA
NA
NA
NA
NA
NA
NA
NA
NA
NA
NA
NA
NA
NA
NA
NA
NA
NA
NA
NA
NA
NA
NA
NA
NA
NA
NA
NA
NA
NA
NA
NA
NA
NA
NA
NA
NA
NA
NA
NA
NA
NA
NA
NA
NA
NA
NA
NA
NA
NA
NA
NA
NA
NA
NA
NA
NA
NA
NA
NA
NA
NA
NA
NA
NA
NA
NA
NA
NA
NA
NA
NA
NA
NA
NA
NA
NA
NA
NA
NA
NA
NA
NA
NA
NA
NA
NA
NA
NA
NA
NA
NA
NA
NA
NA
NA
NA
NA
NA
NA
NA
NA
NA
NA
NA
NA
NA
NA
NA
NA
NA
NA
NA
NA
NA
NA
NA
NA
NA
NA
NA
NA
NA
NA
NA
NA
NA
NA
NA
NA
NA
NA
NA
NA
NA
NA
NA
NA
NA
NA
NA
NA
NA
NA
NA
NA
NA
NA
NA
NA
NA
NA
NA
NA
NA
NA
NA
NA
NA
NA
NA
NA
NA
NA
NA
NA
NA
NA
NA
NA
NA
NA
NA
NA
NA
NA
NA
NA
NA
NA
NA
NA
NA
NA
NA
NA
NA
NA
NA
NA
NA
NA
NA
NA
NA
NA
NA
NA
NA
NA
NA
NA
NA
NA
NA
NA
NA
NA
NA
NA
NA
NA
NA
NA
NA
NA
NA
NA
NA
NA
NA
NA
NA
NA
NA
NA
NA
NA
NA
NA
NA
NA
NA
NA
NA
NA
NA
NA
NA
NA
NA
NA
NA
NA
NA
NA
NA
NA
NA
NA
NA
NA
NA
NA
NA
NA
NA
NA
NA
NA
NA
NA
NA
NA
NA
NA
NA
NA
NA
NA
NA
NA
NA
NA
NA
NA
NA
NA
NA
NA
NA
NA
NA
NA
NA
NA
NA
NA
NA
NA
NA
NA
NA
NA
NA
NA
NA
NA
NA
NA
NA
NA
NA
NA
NA
NA
NA
NA
NA
NA
NA
NA
NA
NA
NA
NA
NA
NA
NA
NA
NA
NA
NA
NA
NA
NA
NA
NA
NA
NA
NA
NA
NA
NA
NA
NA
NA
NA
NA
NA
NA
NA
NA
NA
NA
NA
NA
NA
NA
NA
NA
NA
NA
NA
NA
NA
NA
NA
NA
NA
NA
NA
NA
NA
NA
NA
NA
NA
NA
NA
NA
NA
NA
NA
NA
NA
NA
NA
NA
NA
NA
NA
NA
NA
NA
NA
NA
NA
NA
NA
NA
NA
NA
NA
NA
NA
NA
NA
NA
NA
NA
NA
NA
NA
NA
NA
NA
NA
NA
NA
NA
NA
NA
NA
NA
NA
NA
NA
NA
NA
NA
NA
NA
NA
NA
NA
NA
NA
NA
NA
NA
NA
NA
NA
NA
NA
NA
NA
NA
NA
NA
NA
NA
NA
NA
NA
NA
NA
NA
NA
NA
NA
NA
NA
NA
NA
NA
NA
NA
NA
NA
NA
NA
NA
NA
NA
NA
NA
NA
NA
NA
NA
NA
NA
NA
NA
NA
NA
NA
NA
NA
NA
NA
NA
NA
NA
NA
NA
NA
NA
NA
NA
NA
NA
NA
NA
NA
NA
NA
NA
NA
NA
NA
NA
NA
NA
NA
NA
NA
NA
NA
NA
NA
NA
NA
NA
NA
NA
NA
NA
NA
NA
NA
NA
NA
NA
NA
NA
NA
NA
NA
NA
NA
NA
NA
NA
NA
NA
NA
NA
NA
NA
NA
NA
NA
NA
NA
NA
NA
NA
NA
NA
NA
NA
NA
NA
NA
NA
NA
NA
NA
NA
NA
NA
NA
NA
NA
NA
NA
NA
NA
NA
NA
NA
NA
NA
NA
NA
NA
NA
NA
NA
NA
NA
NA
NA
NA
NA
NA
NA
NA
NA
NA
NA
NA
NA
NA
NA
NA
NA
NA
NA
NA
NA
NA
NA
NA
NA
NA
NA
NA
NA
NA
NA
NA
NA
NA
NA
NA
NA
NA
NA
NA
NA
NA
NA
NA
NA
NA
NA
NA
NA
NA
NA
NA
NA
NA
NA
NA
NA
NA
NA
NA
NA
NA
NA
NA
NA
NA
NA
NA
NA
NA
NA
NA
NA
NA
NA
NA
NA
NA
NA
NA
NA
NA
NA
NA
NA
NA
NA
NA
NA
NA
NA
NA
NA
NA
NA
NA
NA
NA
NA
NA
NA
NA
NA
NA
NA
NA
NA
NA
NA
NA
NA
NA
NA
NA
NA
NA
NA
NA
NA
NA
NA
NA
NA
NA
NA
NA
NA
NA
NA
NA
NA
NA
NA
NA
NA
NA
NA
NA
NA
NA
NA
NA
NA
NA
NA
NA
NA
NA
NA
NA
NA
NA
NA
NA
NA
NA
NA
NA
NA
NA
NA
NA
NA
NA
NA
NA
NA
NA
NA
NA
NA
NA
NA
NA
NA
NA
NA
NA
NA
NA
NA
NA
NA
NA
NA
NA
NA
NA
NA
NA
NA
NA
NA
NA
NA
NA
NA
NA
NA
NA
NA
NA
NA
NA
NA
NA
NA
NA
NA
NA
NA
NA
NA
NA
NA
NA
NA
NA
NA
NA
NA
NA
NA
NA
NA
NA
NA
NA
NA
NA
NA
NA
NA
NA
NA
NA
NA
NA
NA
NA
NA
NA
NA
NA
NA
NA
NA
NA
NA
NA
NA
NA
NA
NA
NA
NA
NA
NA
NA
NA
NA
NA
NA
NA
NA
NA
NA
NA
NA
NA
NA
NA
NA
NA
NA
NA
NA
NA
NA
NA
NA
NA
NA
NA
NA
NA
NA
NA
NA
NA
NA
NA
NA
NA
NA
NA
NA
NA
NA
NA
NA
NA
NA
NA
NA
NA
NA
NA
NA
NA
NA
NA
NA
NA
NA
NA
NA
NA
NA
NA
NA
NA
NA
NA
NA
NA
NA
NA
NA
NA
NA
NA
NA
NA
NA
NA
NA
NA
NA
NA
NA
NA
NA
NA
NA
NA
NA
NA
NA
NA
NA
NA
NA
NA
NA
NA
NA
NA
NA
NA
NA
NA
NA
NA
NA
NA
NA
NA
NA
NA
NA
NA
NA
NA
NA
NA
NA
NA
NA
NA
NA
NA
NA
NA
NA
NA
NA
NA
NA
NA
NA
NA
NA
NA
NA
NA
NA
NA
NA
NA
NA
NA
NA
NA
NA
NA
NA
NA
NA
NA
NA
NA
NA
NA
NA
NA
NA
NA
NA
NA
NA
NA
NA
NA
NA
NA
NA
NA
NA
NA
NA
NA
NA
NA
NA
NA
NA
NA
NA
NA
NA
NA
NA
NA
NA
NA
NA
NA
NA
NA
NA
NA
NA
NA
NA
NA
NA
NA
NA
NA
NA
NA
NA
NA
NA
NA
NA
NA
NA
NA
NA
NA
NA
NA
NA
NA
NA
NA
NA
NA
NA
NA
NA
NA
NA
NA
NA
NA
NA
NA
NA
NA
NA
NA
NA
NA
NA
NA
NA
NA
NA
NA
NA
NA
NA
NA
NA
NA
NA
NA
NA
NA
NA
NA
NA
NA
NA
NA
NA
NA
NA
NA
NA
NA
NA
NA
NA
NA
NA
NA
NA
NA
NA
NA
NA
NA
NA
NA
NA
NA
NA
NA
NA
NA
NA
NA
NA
NA
NA
NA
NA
NA
NA
NA
NA
NA
NA
NA
NA
NA
NA
NA
NA
NA
NA
NA
NA
NA
NA
NA
NA
NA
NA
NA
NA
NA
NA
NA
NA
NA
NA
NA
NA
NA
NA
NA
NA
NA
NA
NA
NA
NA
NA
NA
NA
NA
NA
NA
NA
NA
NA
NA
NA
NA
NA
NA
NA
NA
NA
NA
NA
NA
NA
NA
NA
NA
NA
NA
NA
NA
NA
NA
NA
NA
NA
NA
NA
NA
NA
NA
NA
NA
NA
NA
NA
NA
NA
NA
NA
NA
NA
NA
NA
NA
NA
NA
NA
NA
NA
NA
NA
NA
NA
NA
NA
NA
NA
NA
NA
NA
NA
NA
NA
NA
NA
NA
NA
NA
NA
NA
NA
NA
NA
NA
NA
NA
NA
NA
NA
NA
NA
NA
NA
NA
NA
NA
NA
NA
NA
NA
NA
NA
NA
NA
NA
NA
NA
NA
NA
NA
NA
NA
NA
NA
NA
NA
NA
NA
NA
NA
NA
NA
NA
NA
NA
NA
NA
NA
NA
NA
NA
NA
NA
NA
NA
NA
NA
NA
NA
NA
NA
NA
NA
NA
NA
NA
NA
NA
NA
NA
NA
NA
NA
NA
NA
NA
NA
NA
NA
NA
NA
NA
NA
NA
NA
NA
NA
NA
NA
NA
NA
NA
NA
NA
NA
NA
NA
NA
NA
NA
NA
NA
NA
NA
NA
NA
NA
NA
NA
NA
NA
NA
NA
NA
NA
NA
NA
NA
NA
NA
NA
NA
NA
NA
NA
NA
NA
NA
NA
NA
NA
NA
NA
NA
NA
NA
NA
NA
NA
NA
NA
NA
NA
NA
NA
NA
NA
NA
NA
NA
NA
NA
NA
NA
NA
NA
NA
NA
NA
NA
NA
NA
NA
NA
NA
NA
NA
NA
NA
NA
NA
NA
NA
NA
NA
NA
NA
NA
NA
NA
NA
NA
NA
NA
NA
NA
NA
NA
NA
NA
NA
NA
NA
NA
NA
NA
NA
NA
NA
NA
NA
NA
NA
NA
NA
NA
NA
NA
NA
NA
NA
NA
NA
NA
NA
NA
NA
NA
NA
NA
NA
NA
NA
NA
NA
NA
NA
NA
NA
NA
NA
NA
NA
NA
NA
NA
NA
NA
NA
NA
NA
NA
NA
NA
NA
NA
NA
NA
NA
NA
NA
NA
NA
NA
NA
NA
NA
NA
NA
NA
NA
NA
NA
NA
NA
NA
NA
NA
NA
NA
NA
NA
NA
NA
NA
NA
NA
NA
NA
NA
NA
NA
NA
NA
NA
NA
NA
NA
NA
NA
NA
NA
NA
NA
NA
NA
NA
NA
NA
NA
NA
NA
NA
NA
NA
NA
NA
NA
NA
NA
NA
NA
NA
NA
NA
NA
NA
NA
NA
NA
NA
NA
NA
NA
NA
NA
NA
NA
NA
NA
NA
NA
NA
NA
NA
NA
NA
NA
NA
NA
NA
NA
NA
NA
NA
NA
NA
NA
NA
NA
NA
NA
NA
NA
NA
NA
NA
NA
NA
NA
NA
NA
NA
NA
NA
NA
NA
NA
NA
NA
NA
NA
NA
NA
NA
NA
NA
NA
NA
NA
NA
NA
NA
NA
NA
NA
NA
NA
NA
NA
NA
NA
NA
NA
NA
NA
NA
NA
NA
NA
NA
NA
NA
NA
NA
NA
NA
NA
NA
NA
NA
NA
NA
NA
NA
NA
NA
NA
NA
NA
NA
NA
NA
NA
NA
NA
NA
NA
NA
NA
NA
NA
NA
NA
NA
NA
NA
NA
NA
NA
NA
NA
NA
NA
NA
NA
NA
NA
NA
NA
NA
NA
NA
NA
NA
NA
NA
NA
NA
NA
NA
NA
NA
NA
NA
NA
NA
NA
NA
NA
NA
NA
NA
NA
NA
NA
NA
NA
NA
NA
NA
NA
NA
NA
NA
NA
NA
NA
NA
NA
NA
NA
NA
NA
NA
NA
NA
NA
NA
NA
NA
NA
NA
NA
NA
NA
NA
NA
NA
NA
NA
NA
NA
NA
NA
NA
NA
NA
NA
NA
NA
NA
NA
NA
NA
NA
NA
NA
NA
NA
NA
NA
NA
NA
NA
NA
NA
NA
NA
NA
NA
NA
NA
NA
NA
NA
NA
NA
NA
NA
NA
NA
NA
NA
NA
NA
NA
NA
NA
NA
NA
NA
NA
NA
NA
NA
NA
NA
NA
NA
NA
NA
NA
NA
NA
NA
NA
NA
NA
NA
NA
NA
NA
NA
NA
NA
NA
NA
NA
NA
NA
NA
NA
NA
NA
NA
NA
NA
NA
NA
NA
NA
NA
NA
NA
NA
NA
NA
NA
NA
NA
NA
NA
NA
NA
NA
NA
NA
NA
NA
NA
NA
NA
NA
NA
NA
NA
NA
NA
NA
NA
NA
NA
NA
NA
NA
NA
NA
NA
NA
NA
NA
NA
NA
NA
NA
NA
NA
NA
NA
NA
NA
NA
NA
NA
NA
NA
NA
NA
NA
NA
NA
NA
NA
NA
NA
NA
NA
NA
NA
NA
NA
NA
NA
NA
NA
NA
NA
NA
NA
NA
NA
NA
NA
NA
NA
NA
NA
NA
NA
NA
NA
NA
NA
NA
NA
NA
NA
NA
NA
NA
NA
NA
NA
NA
NA
NA
NA
NA
NA
NA
NA
NA
NA
NA
NA
NA
NA
NA
NA
NA
NA
NA
NA
NA
NA
NA
NA
NA
NA
NA
NA
NA
NA
NA
NA
NA
NA
NA
NA
NA
NA
NA
NA
NA
NA
NA
NA
NA
NA
NA
NA
NA
NA
NA
NA
NA
NA
NA
NA
NA
NA
NA
NA
NA
NA
NA
NA
NA
NA
NA
NA
NA
NA
NA
NA
NA
NA
NA
NA
NA
NA
NA
NA
NA
NA
NA
NA
NA
NA
NA
NA
NA
NA
NA
NA
NA
NA
NA
NA
NA
NA
NA
NA
NA
NA
NA
NA
NA
NA
NA
NA
NA
NA
NA
NA
NA
NA
NA
NA
NA
NA
NA
NA
NA
NA
NA
NA
NA
NA
NA
NA
NA
NA
NA
NA
NA
NA
NA
NA
NA
NA
NA
NA
NA
NA
NA
NA
NA
NA
NA
NA
NA
NA
NA
NA
NA
NA
NA
NA
NA
NA
NA
NA
NA
NA
NA
NA
NA
NA
NA
NA
NA
NA
NA
NA
NA
NA
NA
NA
NA
NA
NA
NA
NA
NA
NA
NA
NA
NA
NA
NA
NA
NA
NA
NA
NA
NA
NA
NA
NA
NA
NA
NA
NA
NA
NA
NA
NA
NA
NA
NA
NA
NA
NA
NA
NA
NA
NA
NA
NA
NA
NA
NA
NA
NA
NA
NA
NA
NA
NA
NA
NA
NA
NA
NA
NA
NA
NA
NA
NA
NA
NA
NA
NA
NA
NA
NA
NA
NA
NA
NA
NA
NA
NA
NA
NA
NA
NA
NA
NA
NA
NA
NA
NA
NA
NA
NA
NA
NA
NA
NA
NA
NA
NA
NA
NA
NA
NA
NA
NA
NA
NA
NA
NA
NA
NA
NA
NA
NA
NA
NA
NA
NA
NA
NA
NA
NA
NA
NA
NA
NA
NA
NA
NA
NA
NA
NA
NA
NA
NA
NA
NA
NA
NA
NA
NA
NA
NA
NA
NA
NA
NA
NA
NA
NA
NA
NA
NA
NA
NA
NA
NA
NA
NA
NA
NA
NA
NA
NA
NA
NA
NA
NA
NA
NA
NA
NA
NA
NA
NA
NA
NA
NA
NA
NA
NA
NA
NA
NA
NA
0.1364
0.2317
0.2744
0.25
0.1959
0.2849
0.2234
0.2982
0.406
0.3353
0.2717
0.1572
0.3714
0.239
0.23
0.1056
0.264
0.2275
0.2133
0.1636
0.1737
0.2327
0.2277
0.297
0.209
0.2792
0.3294
0.3427
0.1637
0.1317
0.3073
0.2086
0.3081
0.2663
0.2
0.2968
0.2514
0.2543
0.2793
0.2
0.225
0.1538
0.119
0.3061
0.2267
0.2595
0.1813
0.3354
0.2865
0.3288
0.3333
0.25
0.2671
0.1905
0.2011
0.3059
0.213
0.2222
0.1677
0.2235
0.2405
0.2267
0.2699
0.3673
0.3
0.2408
0.4135
0.2208
0.2296
0.2857
0.2287
0.3352
0.3608
0.3659
0.4242
0.2733
0.2699
0.2048
0.1709
0.1915
0.3239
0.2171
0.3798
0.1886
0.2655
0.3174
0.216
0.2816
0.2727
0.4286
0.1696
0.2331
0.3636
0.2789
0.1963
0.2835
0.3455
0.4236
0.4886
0.2384
0.189
0.1421
0.4118
0.3242
0.3133
0.2328
0.1889
0.2866
0.2123
0.25
0.4328
0.3256
0.2069
0.3171
0.1923
0.4371
0.1629
0.4014
0.1553
0.2667
0.3935
0.303
0.2426
0.1867
0.2606
0.383
0.3171
0.1963
0.2398
0.3269
0.2699
0.199
0.3176
0.1467
0.2485
0.1447
0.3212
0.1609
0.1732
0.375
0.2848
0.2036
0.2849
0.2848
0.1486
0.3069
0.2968
0.1957
0.4114
0.26
0.3483
0.2013
0.164
0.1646
0.2395
0.1667
0.4145
0.2338
0.2067
0.359
0.2138
0.2792
0.3212
0.3822
0.4512
0.2387
0.3099
0.2697
0.2412
0.3655
0.2531
0.1732
0.2333
0.4026
0.2116
0.2403
0.24
0.2784
0.2882
0.2915
0.2292
0.2971
0.3168
0.2919
0.2754
0.1627
0.2516
0.2975
0.1893
0.1818
0.2
0.3107
0.1824
0.2132
0.2803
0.1902
0.2262
0.2094
0.375
0.2654
0.1839
0.3432
0.298
0.3
0.4167
0.1962
0.2517
0.3512
0.1852
0.25
0.1829
0.4037
0.2754
0.2722
0.1302
0.3567
0.369
0.1522
0.3034
0.2568
0.359
0.1753
0.2278
0.235
0.2414
0.2222
0.3926
0.2108
0.226
0.3
0.1887
0.25
0.3082
0.1887
0.262
0.2195
0.2561
0.2663
0.2562
0.1953
0.3277
0.1897
0.1463
0.2071
0.3057
0.1796
0.125
0.1939
0.1962
0.1989
0.1891
0.1649
0.2865
0.3138
0.2468
0.2614
0.2275
0.3022
0.2694
0.2407
0.2926
0.1154
0.2353
0.3616
0.2604
0.2417
0.2089
0.191
0.3588
0.2944
0.1676
0.2155
0.1813
0.3216
0.1204
0.2545
0.2134
0.25
0.1953
0.2683
0.3505
0.133
0.2326
0.186
0.2384
0.1366
0.1948
0.2081
0.2819
0.2174
0.1899
0.2152
0.3025
0.2123
0.3663
0.3684
0.411
0.2123
0.1633
0.2857
0.1658
0.1702
0.1379
0.2787
0.3067
0.3649
0.1713
0.3419
0.3896
0.3526
0.354
0.3512
0.3208
0.3711
0.2981
0.3576
0.1798
0.2597
0.1716
0.2733
0.3235
0.2857
0.2089
0.2011
0.3608
0.3819
0.1908
0.4121
0.3
0.4173
0.2217
0.3121
0.2516
0.2949
0.1395
0.2468
0.2241
0.2414
0.3333
0.2659
0.3831
0.2553
0.3333
0.2536
0.2827
0.1905
0.2617
0.2258
0.2721
0.292
0.2443
0.2118
0.2786
0.297
0.343
0.2593
0.2462
0.2011
0.2822
0.2587
0.1897
0.3046
0.2579
0.2841
0.2215
0.32
0.2566
0.2029
0.309
0.2474
0.1907
0.2096
0.1517
0.1944
0.3421
0.1412
0.2842
0.349
0.1656
0.197
0.3082
0.3506
0.2273
0.2625
0.1598
0.2381
0.2
0.2118
0.2515
0.1687
0.2757
0.2857
0.2662
0.1867
0.3117
0.1892
0.2739
0.2169
0.2737
0.2275
0.2895
0.3867
0.1988
0.2848
0.1913
0.3234
0.3355
0.1483
0.1728
0.4257
0.2316
0.2448
0.2343
0.3261
0.3626
0.4013
0.309
0.1751
0.1667
0.1242
0.3275
0.228
0.1524
0.2456
0.2229
0.2541
0.3711
0.2765
0.2754
0.2168
0.4929
0.1242
0.2704
0.35
0.2081
0.223
0.355
0.2901
0.2376
0.3006
0.36
0.255
0.3252
0.4503
0.375
0.2293
0.2327
0.2086
0.2376
0.2484
0.3154
0.2622
0.2367
0.2067
0.2935
0.2619
0.2882
0.26
0.227
0.2349
0.2727
0.4094
0.1834
0.2395
0.1497
0.3642
0.2925
0.2514
0.2185
0.1677
0.1598
0.2326
0.0452
0.2459
0.3043
0.1173
0.2384
0.2745
0.2671
0.2256
0.1908
0.3399
0.1944
0.2574
0.3554
0.1273
0.3129
0.1919
0.3039
0.3214
0.1804
0.493
0.2244
0.3006
0.1871
0.3904
0.2264
0.2826
0.1847
0.2156
0.3602
0.2457
0.3182
0.3309
0.2632
0.2151
0.2123
0.2357
0.2617
0.2526
0.2708
0.2339
0.2065
0.354
0.3593
0.2895
0.255
0.4532
0.1944
0.2812
0.2171
0.1307
0.3172
0.2434
0.3239
0.381
0.2515
0.2247
0.2656
0.1677
0.3007
0.3394
0.2278
0.3129
0.3176
0.2486
0.2748
0.2275
0.1943
0.3577
0.2532
0.2042
0.4067
0.2632
0.3765
0.3442
0.1204
0.1393
0.354
0.2784
0.3802
0.28
0.2135
0.2552
0.2419
0.2953
0.358
0.1959
0.2952
0.2315
0.1344
0.1526
0.2151
0.3333
0.3217
0.2414
0.1006
0.4094
0.2308
0.2982
0.1792
0.2176
0.3043
0.1975
0.3234
0.4241
0.3006
0.205
0.2921
0.4387
0.1489
0.331
0.4121
0.447
0.2299
0.22
0.1944
0.2733
0.2874
0.3091
0.2471
0.1919
0.2585
0.4416
0.2386
0.1938
0.3298
0.3544
0.1973
0.1564
0.3801
0.4052
0.1676
0.1337
0.4067
0.2229
0.1882
0.2484
0.1858
0.2105
0.3571
0.2812
0.24
0.4841
0.2114
0.2714
0.1326
0.2688
0.276
0.268
0.2577
0.17
0.322
0.4065
0.3235
0.2284
0.3046
0.1617
0.129
0.3467
0.1932
0.2197
0.4576
0.3624
0.2449
0.1458
0.1573
0.1788
0.2994
0.2516
0.3429
0.3636
0.2746
0.3034
0.3333
0.3416
0.226
0.1192
0.2081
0.2548
0.1506
0.1875
0.2287
0.2609
0.2748
0.2843
0.2973
0.3095
0.4
0.4718
0.3675
0.1579
0.2867
0.2043
0.4701
0.2949
0.245
0.4514
0.24
0.1609
0.1953
0.2826
0.3786
0.1223
0.2426
0.3459
0.2871
0.2649
0.265
0.1571
0.35
0.4765
0.1676
0.2434
0.3025
0.2455
0.1711
0.3007
0.125
0.2558
0.1967
0.2171
0.2752
0.224
0.3144
0.2917
0.3132
0.2124
0.2857
0.1798
0.1554
0.244
0.2438
0.2745
0.2278
0.2308
0.1939
0.25
0.1967
0.3294
0.2626
0.1557
0.2857
0.2545
0.2381
0.2528
0.2159
0.2428
0.1604
0.2209
0.1751
0.2229
0.25
0.3062
0.209
0.1398
0.3261
0.4113
0.1317
0.2684
0.2295
0.2987
0.1987
0.1311
0.2865
0.4957
0.4048
0.1273
0.2804
0.1387
0.3553
0.3152
0.0575
0.4156
0.3765
0.209
0.3354
0.2709
0.2618
0.3226
0.3688
0.1474
0.1949
0.2299
0.105
0.0688
0.2961
0.1286
0.2
0.184
0.2147
0.3007
0.2541
0.1965
0.4367
0.1347
0.1582
0.4233
0.3115
0.2609
0.4423
0.2569
0.3688
0.3642
0.2151
0.2727
0.2694
0.2235
0.2435
0.462
0.2654
0.2558
0.3567
0.1651
0.323
0.3333
0.4034
0.1805
0.2237
0.2
0.1989
0.2536
0.216
0.1765
0.2247
0.3767
0.2197
0.2256
0.1987
0.3235
0.4231
0.1882
0.3765
0.2651
0.2746
0.1879
0.2532
0.2156
0.0455
0.2675
0.2126
0.1871
0.3353
0.2011
0.1713
0.2
0.3061
0.227
0.4056
0.1376
0.3264
0.128
0.1882
0.2216
0.2288
0.1927
0.1561
0.2979
0.1615
0.3202
0.3497
0.1292
0.1105
0.1009
0.3279
0.2866
0.3062
0.3457
0.3202
0.3221
0.2762
0.1414
0.1778
0.1611
0.2901
0.2667
0.2932
0.262
0.3026
0.2317
0.4843
0.2586
0.1582
0.3821
0.2428
0.2483
0.3296
0.1938
0.2678
0.3797
0.3442
0.2857
0.3212
0.225
0.2912
0.3125
0.2308
0.2356
0.2254
0.3025
0.1969
0.321
0.2829
0.1878
0.3067
0.2703
0.2515
0.2663
0.3851
0.2174
0.227
0.1875
0.2561
0.3097
0.3191
0.1871
0.1897
0.2671
0.2909
0.2847
0.2963
0.3056
0.3893
0.349
0.3204
0.3529
0.24
0.4317
0.2012
0.2857
0.1957
0.3147
0.2356
0.1897
0.2273
0.3869
0.274
0.193
0.2026
0.4097
0.25
0.1737
0.3758
0.1865
0.525
0.1928
0.17
0.3092
0.2529
0.2568
0.3221
0.2367
0.1739
0.2839
0.2905
0.164
0.2515
0.118
0.1163
0.2667
0.3146
0.2965
0.4362
0.1638
0.2635
0.2483
0.1888
0.372
0.2345
0.2057
0.1685
0.0941
0.1677
0.2439
0.1892
0.1182
0.4276
0.1923
0.2188
0.2357
0.2443
0.1921
0.3947
0.2408
0.3841
0.2515
0.1928
0.2188
0.1939
0.0722
0.1954
0.298
0.2722
0.2147
0.197
0.1698
0.2081
0.2228
0.1739
0.2981
0.2
0.1394
0.2283
0.2611
0.1844
0.3677
0.2761
0.1292
0.2903
0.1813
0.14
0.269
0.4342
0.2423
0.2132
0.2071
0.2235
0.1703
0.3179
0.1882
0.24
0.3592
0.2193
0.2857
0.2781
0.2317
0.1236
0.1275
0.1595
0.1667
0.1193
0.0702
0.2256
0.1908
0.1689
0.2793
0.1862
0.0163
0.3308
0.2216
0.2174
0.1447
0.2245
0.195
0.0141
0.118
0.0919
0.1856
0.0974
0.1636
0.1429
0.2194
0.1238
0.311
0.1264
0.1421
0.1628
0.2727
0.1765
0.1607
0.1
0.1656
0.139
0.0621
0.118
0.0536
0.0265
0.0378
0.1798
0.1351
0.067
0.1569
0.1902
0.2635
0.24
0.1553
0.1637
0.1402
0.1966
0.2877
0.2653
0.1711
0.2808
0.0333
0.125
0.2059
0.1111
0.2092
0.1304
0.1637
0.0299
0.0393
0.1939
0.1373
0.1625
0.0147
0.3111
0.2418
0.2444
0.2041
0.1571
0.2557
0.2595
0.2455
0.3939
0.0847
0.2515
0.2349
0.1258
0.2553
0.2394
0.1447
0.2836
0.12
0.1921
0.1856
0.0294
0.2241
0.2485
0.2137
0.1644
0.0629
0.2143
0.2857
0.0643
0.0288
0.2121
0.3403
0.233
0.1156
0.0854
0.0105
0.1264
0.1809
0.1928
0.1693
0.1389
0.293
0.026
0.0983
0.2518
0.2151
0.0323
0.0328
0.0363
0.2073
0.1236
0.0993
0.1118
0.2013
0.271
0.2364
0.1716
0.1747
0.0676
0.0458
0.1905
0.0686
0.0442
0.0407
0.1902
0.1786
0.2294
0.0309
0.1716
0.1258
0.1337
0.0611
0.1844
0.3421
0.0237
0.1796
0.0644
0.1747
0.094
0.039
0.0698
0.1514
0.2707
0.2733
0.2135
0.1824
0.1693
0.1098
0.142
0.1042
0.0859
0.1753
0.1117
0.0523
0.1411
0.1948
0.3285
0.2138
0.372
0.1795
0.2657
0.1742
0.0508
0.2897
0.1718
0.1333
0.1722
0.2013
0.0729
0.1623
0.0753
0.1833
0.1278
0.1814
0.1164
0.2229
0.2981
0.1585
0.2934
0.0787
0.1235
0.0349
0.1538
0.1169
0.1879
0.2034
0.2532
0.1168
0.1509
0.0205
0.0393
0.1466
0.35
0.2593
0.1257
0.2663
0.1859
0.1078
0.3526
0.0549
0.071
0.2118
0.1534
0.1117
0.2229
0.2424
0.2515
0.2426
0.0885
0.2484
0.1006
0.1359
0.3151
0.0556
0.0462
0.0583
0.1962
0.1257
0.1849
0.2026
0.1893
0.0928
0.1587
0.193
0.1824
0.1731
0.2671
0.1312
0.2193
0.187
0.0355
0.0437
0.1455
0.1404
0.2712
0.1429
0.092
0.1953
0.1683
0.131
0.076
0.2667
0.1962
0.2102
0.1386
0.0872
0.2515
0.2287
0.1456
0.2745
0.2395
0.2446
0.1762
0.1595
0.096
0.0162
0.0619
0.3616
0.1193
0.0513
0.0298
0.1404
0.2118
0.2183
0.0757
0.1713
0.2169
0.1534
0.1395
0.2364
0.1585
0.25
0.2083
0.2439
0.197
0.041
0.1965
0.1221
0.1445
0.1648
0.1656
0.0324
0.1656
0.0777
0.0585
0.15
0.1951
0.1946
0.1229
0.2114
0.2367
0.257
0.0859
0.1188
0.0904
0.0404
0.1207
0.2
0.152
0.2568
0.1381
0.3355
0.2403
0.1695
0.323
0.05
0.2516
0.2893
0.2733
0.1047
0.1348
0.1709
0.1029
0.0473
0.2279
0.1747
0.1835
0.1494
0.1707
0.2416
0.1073
0.2848
0.2733
0.2214
0.197
0.2675
0.1572
0.0833
0.1047
0.1474
0.1573
0.1104
0.098
0.2023
0.2597
0.2181
0.3472
0.3333
0.1171
0.1548
0.1678
0.2
0.2041
0.306
0.0778
0.117
0.0952
0.2364
0.1196
0.1746
0.1939
0.2057
0.2378
0.2448
0.095
0.3113
0.195
0.1648
0.0375
0.1987
0.2222
0.1912
0.2722
0.2105
0.1168
0.0335
0.1124
0.1806
0.0182
0.1469
0.1842
0.3125
0.0993
0.1823
0.125
0.225
0.0324
0.2222
0.1031
0.1622
0.1657
0.1824
0.0492
0.2121
0.151
0.2208
0.1329
0.1845
0.1615
0.0523
0.2229
0.1534
0.2514
0.1437
0.0802
0.0422
0.0457
0.1047
0.04
0.1598
0.2434
0.0321
0.1667
0.1474
0.1685
0.1818
0.2229
0.0452
0.2404
0.3092
0.1788
0.0352
0.1176
0.087
0.0591
0.0547
0.1273
0.2105
0.1867
0.1547
0.2071
0.2209
0.1429
0.1857
0.3929
0.1062
0.2201
0.2143
0.1792
0.1959
0.2544
0.1453
0.2167
0.2023
0.2267
0.1824
0.0702
0.121
0.244
0.1582
0.1463
0.1872
0.1386
0.2038
0.1523
0.0618
0.2071
0.1667
0.1485
0.1667
0.1257
0.0375
0.1524
0.2108
0.1918
0.1818
0.1006
0.1856
0.0306
0.2254
0.1565
0.1844
0.2252
0.1806
0.1031
0.1802
0.1221
0.227
0.3043
0.1296
0.186
0.0727
0.1925
0.189
0.0435
0.0118
0.1611
0.0347
0.3072
0.1273
0.2789
0.1628
0.1474
0.2755
0.0583
0.1235
0.1698
0.2023
0.1628
0.3493
0.0751
0.2609
0.1899
0.1497
0.2981
0.073
0.1319
0.3165
0.1494
0.2558
0.1905
0.2293
0.1879
0.1804
0.2448
0.269
0.1258
0.08
0.3533
0.2585
0.0435
0.2324
0.0995
0.1938
0.1299
0.1136
0.0323
0.1307
0.0718
0.2282
0.0378
0.0417
0.0149
0.1226
0.1208
0.0966
0.0473
0.2012
0.1307
0.1713
0.2072
0.0112
0.1429
0.2044
0.1635
0.1284
0.1392
0.3152
0.1834
0.2922
0.1204
0.1144
0.2061
0.2102
0.2645
0.1695
0.1067
0.1793
0.102
0.0494
0.0798
0.0253
0.2349
0.1921
0.1183
0.1436
0.1453
0.1135
0.2797
0.2069
0.0287
0.2953
0.1783
0.0428
0.022
0.0457
0.1925
0.0241
0.1268
0.236
0.0269
0.0417
0.0737
0.1963
0.0895
0.2887
0.3879
0.2374
0.1497
0.0458
0.1167
0.1925
0.2455
0.0751
0.1294
0.1006
0.0774
0.1062
0.1818
0.2013
0.3262
0.2468
0.0562
0.1167
0.2749
0.3137
0.1149
0.0142
0.3133
0.2771
0.1353
0.2549
0.1475
0.1345
0.2291
0.2121
0.033
0.2785
0.1243
0.1406
0.0481
0.2438
0.0603
0.0545
0.1595
0.13
0.0694
0.2839
0.2069
0.0229
0.1782
0.1737
0.0474
0.2333
0.2102
0.2254
0.2689
0.0194
0.0332
0.0674
0.1319
0.1391
0.1017
0.2051
0.1943
0.3182
0.2183
0.1517
0.2099
0.2671
0.0326
0.0452
0.051
0.0422
0.0347
0.1312
0.089
0.0171
0.073
0.0233
0.2667
0.1236
0.2487
0.3028
0.1215
0.1158
0.2267
0.1383
0.1631
0.0287
0.2583
0.4375
0.0319
0.1897
0.1149
0.1176
0.0764
0.0311
0.0743
0.3622
0.1733
0.2384
0.25
0.1309
0.3562
0.3224
0.1397
0.2237
0.2654
0.1796
0.1872
0.2222
0.1188
0.2069
0.1803
0.0491
0.1667
0.1803
0.2234
0.0977
0.0625
0.171
0.1397
0.1685
0.1606
0.2024
0.2312
0.2614
0.1189
0.0442
0.1488
0.0252
0.0474
0.1173
0.0461
0.1198
0.0508
0.0457
0.131
0.0914
0.142
0.1667
0.0957
0.0118
0.1695
0.1044
0.0515
0.0465
0.2147
0.0259
0.1884
0.0577
0.1807
0.1026
0.0573
0.2338
0.0755
0.0874
0.2303
0.3305
0.3547
0.0265
0.1378
0.0575
0.2632
0.1053
0.2327
0.2857
0.3148
0.1639
0.311
0.0833
0.1615
0.2258
0.2795
0.0429
0.0441
0.2032
0.1
0.1304
0.3026
0.0367
0.0316
0.1244
0.2593
0.0361
0.0667
0.1908
0.3481
0.2216
0.0964
0.2308
0.1522
0.2554
0.3333
0.25
0.2875
0.2715
0.1774
0.2532
0.085
0.1484
0.1917
0.3608
0.103
0.0337
0.2
0.1698
0.2654
0.2545
0.2938
0.1512
0.2303
0.1117
0.0874
0.1348
0.0982
0.0256
0.1629
0.3776
0.0337
0.0341
0.2119
0.2235
0.1279
0.1223
0.0649
0.1882
0.162
0.1678
0.1875
0.0449
0.0682
0.1076
0.1782
0.0444
0.362
0.163
0.1436
0.1385
0.1622
0.1946
0.1069
0.0255
0.2292
0.0736
0.1774
0.1337
0.0184
0.1667
0.0909
0.026
0.1509
0.0296
0.1404
0.0385
0.0255
0.0826
0.2186
0.1412
0.2812
0.0471
0.2179
0.3423
0.2458
0.1152
0.1044
0.1341
0.1916
0.2061
0.1089
0.2674
0.1098
0.2012
0.3019
0.0707
0.0266
0.3415
0.185
0.1879
0.1685
0.15
0.0847
0.2975
0.2597
0.2582
0.1747
0.0778
0.2033
0.2534
0.1458
0.0372
0.1543
0.2407
0.201
0.2073
0.0864
0.1081
0.28
0.2905
0.0171
0.0391
0.3176
0.1366
0.2086
0.1375
0.0331
0.0471
0.2394
0.1813
0.1897
0.2174
0.0278
0.0256
0.1166
0.2361
0.1465
0.2013
0.2541
0.2412
0.0929
0.4286
0.1951
0.0204
0.1685
0.1438
0.1724
0.029
0.037
0.1761
0.1644
0.0279
0.1765
0.1218
0.2321
0.046
0.0419
0.1347
0.4938
0.247
0.185
0.2222
0.1173
0.1934
0.1346
0.0857
0.0359
0.2581
0.2171
0.0942
0.1071
0.1242
0.1116
0.119
0.1517
0.1326
0.0898
0.1582
0.1611
0.05
0.1678
0.2143
0.1103
0.1486
0.1854
0.1139
0.1282
0.0991
0.1784
0.1232
0.3355
0.1016
0.1771
0.2357
0.1854
0.1582
0.1515
0.1728
0.0562
0.1677
0.0231
0.189
0.1091
0.2712
0.016
0.2353
0.16
0.0719
0.1869
0.0494
0.0644
0.2717
0.1988
0.1333
0.2023
0.1091
0.163
0.2906
0.1453
0.1265
0.2393
0.1461
0.2581
0.0246
0.17
0.3353
0.2532
0.1188
0.2081
0.1869
0.1882
0.0484
0.1401
0.1882
0.1576
0.331
0.1481
0.1911
0.2222
0.2073
0.016
0.0513
0.1718
0.1322
0.038
0.0523
0.044
0.0494
0.06
0.2033
0.0357
0.0217
0.3534
0.0221
0.0302
0.0301
0.0577
0.0468
0.0188
0.0357
0.0645
0.033
0.16
0.1212
0.1131
0.0671
0.1634
0.0663
0.026
0.095
0.1919
0.038
0.0611
0.0282
0.0579
0.0349
0.123
0.0734
0.0321
0.0238
0.0423
0.0378
0.0649
0.0674
0.2188
0.0566
0.0341
0.0621
0.0438
0.0419
0.0444
0.0523
0.0363
0.0774
0.0588
0.1842
0.0714
0.0389
0.0208
0.0221
0.04
0.0424
0.0581
0.0385
0.0299
0.0393
0.0632
0.1176
0.1375
0.0098
0.1912
0.1961
0.0483
0.1497
0.1257
0.0266
0.0353
0.1677
0.1348
0.0734
0.2393
0.1149
0.0545
0.1737
0.039
0.0449
0.125
0.0492
0.1444
0.092
0.0471
0.0321
0.0514
0.1655
0.0511
0.0514
0.025
0.0556
0.0409
0.0072
0.2182
0.2215
0.172
0.1272
0.0353
0.0316
0.1538
0.1204
0.253
0.1173
0.0417
0.0455
0.0521
0.0449
0.1597
0.0326
0.0484
0.0437
0.1923
0.1829
0.1477
0.1513
0.0299
0.0382
0.0398
0.1598
0.0169
0.0747
0.1241
0.0327
0.0349
0.0229
0.0442
0.0581
0.0788
0.0196
0.0535
0.0361
0.0571
0.0301
0.1287
0.0444
0.0521
0.1585
0.0178
0.0838
0.0545
0.0828
0.0263
0.0244
0.0407
0.1243
0.2865
0.1192
0.0428
0.0659
0.0938
0.0407
0.0571
0.0354
0.1296
0.0298
0.0106
0.0581
0.0176
0.0119
0.2555
0.1366
0.152
0.0875
0.0844
0.0769
0.0565
0.0573
0.0292
0.0324
0.0497
0.1438
0.0406
0.0427
0.1022
0.2273
0.1333
0.0971
0.1216
0.1989
0.1779
0.128
0.082
0.088
0.0595
0.0349
0.0222
0.0312
0.0113
0.209
0.0355
0.0293
0.097
0.0205
0.0281
0.1134
0.3062
0.2346
0.12
0.2209
0.0244
0.1138
0.2115
0.0549
0.071
0.186
0.0674
0.026
0.1506
0.2242
0.1617
0.1429
0.0302
0.2548
0.1705
0.0524
0.0244
0.0494
0.0173
0.0437
0.1911
0.0106
0.0253
0.0424
0.2249
0.0876
0.0939
0.0211
0.1688
0.1519
0.1267
0.0291
0.2246
0.0472
0.0473
0.0546
0.0291
0.1214
0.1967
0.0275
0.0238
0.2012
0.0333
0.0347
0.0575
0.0455
0.0412
0.1761
0.0284
0.025
0.1264
0.1186
0.0422
0.0355
0.0272
0.2065
0.0243
0.2222
0.1263
0.027
0.0412
0.3107
0.0838
0.0385
0.0357
0.0217
0.1824
0.0966
0.0865
0.0978
0.0164
0.1356
0.04
0.1916
0.0398
0.0435
0.0222
0.093
0.1386
0.0256
0.0511
0.1163
0.0387
0.1593
0.0545
0.0667
0.1391
0.0957
0
0.0536
0.1243
0.057
0.1453
0.0543
0.3212
0.0352
0.0294
0.1515
0.0366
0.0303
0.0278
0.0355
0.2209
0.0244
0.0415
0.0349
0.2078
0.1436
0.1902
0.0444
0.2579
0.2704
0.125
0.1221
0.05
0.0241
0.0327
0.0414
0.0265
0.0447
0.0238
0.0163
0.1394
0.1438
0.1618
0.0694
0.1695
0.1985
0.1773
0.0592
0.0417
0.0828
0.0275
0.1538
0.0214
0.1032
0.1118
0.043
0.0056
0.2128
0.0688
0.0397
0.1122
0.1786
0.1477
0.024
0.0375
0.2388
0.0608
0.1294
0.081
0.117
0.1196
0.0398
0.0239
0.0722
0.189
0.0449
0.095
0.0414
0.1437
0.0428
0.0188
0.0307
0.2092
0.0884
0.1158
0.0293
0.0239
0.0391
0.1011
0.0519
0.0303
0.0538
0.1316
0.2969
0.0581
0.0141
0.0517
0.2125
0.027
0.0854
0.1082
0.2177
0.0656
0.1462
0.0164
0.0284
0.1562
0.0179
0.0886
0.0621
0.1366
0.0705
0.0061
0.1406
0.0524
0.0171
0.0679
0.012
0.0343
0.0282
0.05
0.1243
0.2434
0.0183
0.1481
0.1474
0.2034
0.0667
0.0156
0.0503
0.0197
0.3072
0.2697
0.0308
0.0187
0.0121
0.0968
0.1095
0.0173
0.0162
0.0455
0.0316
0.2386
0.0383
0.076
0.0325
0.4357
0.0307
0.131
0.1223
0.0435
0.0886
0.2544
0.1395
0.0365
0.0428
0.1069
0.1299
0.0893
0.1
0.2381
0.0429
0.0508
0.0199
0.0602
0.0178
0.0683
0.0337
0.0503
0.0317
0.1584
0.1488
0.0497
0.0688
0.2147
0.2108
0.0581
0.0797
0.1006
0.0282
0.0357
0.2659
0.0382
0.2011
0.025
0.0311
0.0657
0.2035
0.0395
0.0203
0.1018
0.0476
0.0339
0.0364
0.0417
0.0833
0.0489
0.0294
0.0419
0.0417
0.0486
0.0533
0.051
0.0447
0.1316
0.0619
0.0437
0.1159
0.0807
0.0994
0.0667
0.1429
0.0289
0.2174
0.1582
0.0571
0.0966
0.0787
0.1429
0.0526
0.0335
0.038
0.1701
0.0409
0.057
0.0195
0.1015
0.0263
0.1146
0.0506
0.3713
0.2177
0.0311
0.1275
0.0493
0.0349
0.0252
0.0966
0.0774
0.1699
0.1271
0.0305
0.0378
0.0417
0.0299
0.0252
0.1544
0.0168
0.0592
0.0171
0.1867
0.0355
0.0901
0.0503
0.0269
0.0408
0.125
0.1081
0.1329
0.0861
0.1686
0.0289
0.041
0.0288
0.0291
0.1229
0.2975
0.0535
0.082
0.0258
0.0923
0.0741
0.117
0.0316
0.0659
0.197
0.0359
0.0201
0.1257
0.0311
0.0311
0.0157
0.0287
0.1176
0.0727
0.0214
0.0165
0.0629
0.1018
0.1481
0.1073
0.1667
0.0269
0.0357
0.0895
0.1078
0.0101
0.0795
0.0207
0.2374
0.0256
0.0458
0.016
0.1488
0.2036
0.1939
0.1412
0.0611
0.1118
0.1677
0.0316
0.1761
0.2487
0.0526
0.0312
0.0321
0.0054
0.366
0.0977
0.0284
0.0422
0.12
0.0227
0.0124
0.0408
0.0726
0.2278
0.1
0.022
0.2658
0.0761
0.0995
0.0588
0.0114
0.102
0.0242
0.0116
0.145
0.0223
0.0915
0.016
0.0459
0.0538
0.0278
0.0316
0.0848
0.0591
0.067
0.0385
0.0258
0.0379
0.0305
0.0259
0.0377
0.0163
0.0235
0.082
0.1145
0.026
0.0201
0.2376
0.0457
0.0543
0.114
0.051
0.1783
0.0462
0.012
0.0942
0.0743
0.0472
0.0279
0.0424
0.0549
0.1531
0.2215
0.2189
0.0151
0.0968
0.0466
0.2
0.0345
0.2119
0.2039
0.0426
0.0543
0.0279
0.107
0.051
0.0207
0.0686
0.2865
0.0619
0.0245
0.1311
0.051
0.0601
0.2166
0.0372
0.0298
0.0769
0.0343
0.1198
0.1923
0.0357
0.118
0.107
0.0307
0.057
0.0842
0.1929
0.1111
0.0938
0.0396
0.0769
0.0421
0.0347
0.093
0.0237
0.0238
0.1243
0.0442
0.0465
0.1569
0.0526
0.0894
0.0323
0.0457
0.0254
0.0286
0.0284
0.0213
0.0741
0.1136
0.0258
0.0294
0.1761
0.0879
0.0404
0.0756
0.0526
0.0311
0.0414
0.0897
0.0395
0.0974
0.0469
0.087
0.0435
0.0372
0.1517
0.0866
0.1685
0.0221
0.1842
0.0517
0.3092
0.1156
0.0402
0.1329
0.1479
0.0515
0.0452
0.0648
0.0394
0.0727
0.0287
0.0938
0.0294
0.2086
0.0386
0.0423
0.0182
0.0229
0.0316
0.0222
0.0292
0.0181
0.0718
0.0838
0.3125
0.0254
0.0606
0.2308
0.1848
0.0594
0.1012
0.1533
0.0449
0.012
0.1452
0.0303
0.1
0.1492
0.0433
0.0323
0.103
0.0281
0.1636
0.0264
0.0169
0.1538
0.226
0.0318
0.0373
0.0469
0.0656
0.1338
0.0663
0.041
0.1517
0.1465
0.0674
0.017
0.037
0.1387
0.1395
0.0258
0.1154
0.1552
0.1156
0.0195
0.142
0.0337
0.0682
0.1465
0.0546
0.05
0.1744
0.0476
0.0417
0.0964
0.0513
0.0495
0.0818
0.0153
0.0438
0.0419
0.0205
0.1
0.0429
0.1066
0.0333
0.0325
0.0994
0.0394
0.1647
0.044
0.051
0.0359
0.224
0.0977
0.1455
0.0706
0.1436
0.0242
0.0881
0.0254
0.1038
0.043
0.1677
0.0497
0.0193
0.039
0.0706
0.0651
0.2236
0.2203
0.016
0.036
0.1724
0.0248
0.3017
0.0238
0.0794
0.2236
0.023
0.1551
0.297
0.0659
0.1505
0.1565
0.0526
0.0372
0.0279
0.0517
0.0431
0.0552
0.0244
0.0207
0.0429
0.2483
0.0229
0.1029
0.1533
0.0529
0.0405
0.0235
0.0442
0.0412
0.0654
0.1404
0.0273
0.1553
0.0389
0.0321
0.1288
0.0654
0.2752
0.025
0.0258
0.1875
0.071
0.1457
0.131
0.0544
0.0419
0.1233
0.0703
0.0338
0.1695
0.0128
0.0397
0.0335
0.0542
0.2708
0.1538
0.0172
0.0719
0.0483
0.0368
0.044
0.0238
0.0185
0.1564
0.0104
0.2267
0.0449
0.0359
0.2323
0.0488
0.051
0.1131
0.0602
0.0317
0.131
0.027
0.1215
0.0778
0.0162
0.1733
0.0312
0.0323
0.1667
0.1172
0.0262
0.0213
0.0335
0.037
0.0943
0.0789
0.0882
0.1312
0.0802
0.1406
0.0412
0.1508
0.0159
0.0778
0.0385
0.0393
0.0452
0.0347
0.0395
0.0345
0.0309
0.0374
0.2384
0.0435
0.1524
0.0144
0.0494
0.0693
0.0049
0.0176
0.2209
0.1965
0.0237
0.1087
0.2365
0.0538
0.0769
0.0511
0.0435
0.0915
0.0493
0.0238
0.1751
0.2857
0.2268
0.0585
0.1194
0.12
0.0591
0.1338
0.0559
0.0377
0.2465
0.0558
0.0714
0.2275
0.0562
0.0374
0.0321
0.1012
0.1073
