ncvFD_AFR	ncvFD_EUR	ncvFD_ASN	ncv_AFR	ncv_EUR	ncv_ASN	hka_AFR	hka_EUR	hka_ASN	tajd_AFR
0.4662	0.4787	0.4843	0.404	0.4342	0.4067	0.604	0.5133	0.2236	-0.301688
0.4672	0.4896	0.4981	0.3757	0.4508	0.4738	0.4113	0.2837	0.0784	0.444975
0.4883	0.4848	0.4948	0.4606	0.4209	0.4731	0.4371	0.2583	0.245	-1.95087
0.4795	0.4816	0.473	0.432	0.4216	0.3628	0.4626	0.3333	0.2857	-1.09202
0.4849	0.4774	0.4953	0.4439	0.345	0.4736	0.3913	0.2025	0.2209	-1.43861
0.4736	0.4724	0.4794	0.4016	0.3823	0.4029	0.407	0.3488	0.2989	-0.232552
0.4828	0.4748	0.4865	0.4316	0.3889	0.4348	0.3597	0.3309	0.2806	-1.05926
0.4824	0.4698	0.4927	0.4396	0.3757	0.4701	0.4375	0.3688	0.3312	-1.31657
0.476	0.4774	0.4975	0.4095	0.3905	0.4709	0.3978	0.2928	0.0979	-0.452511
0.4879	0.4879	0.4842	0.4473	0.418	0.3936	0.3145	0.1887	0.195	-1.51923
0.4782	0.4875	0.4873	0.4133	0.4266	0.4036	0.3687	0.2222	0.1676	-0.553845
0.4859	0.4928	0.498	0.4472	0.438	0.4683	0.3833	0.1398	0.0677	-1.54534
0.4808	0.4887	0.4919	0.4333	0.4	0.433	0.4329	0.1412	0.1471	-1.13129
0.4829	0.4799	0.4974	0.4145	0.3599	0.4666	0.2744	0.1951	0.0862	-0.573344
0.4593	0.4763	0.4969	0.3706	0.3939	0.4861	0.5315	0.3219	0.2945	0.579392
0.4864	0.4823	0.4972	0.4481	0.3965	0.4694	0.3736	0.2308	0.1047	-1.57166
0.4754	0.4714	0.4981	0.4139	0.3503	0.4761	0.4382	0.2793	0.0881	-0.576477
0.4834	0.4676	0.4957	0.4375	0.34	0.4805	0.386	0.3041	0.2924	-1.24993
0.4873	0.4967	0.4975	0.4312	0.4679	0.4621	0.2421	0.12	0.075	-1.04101
0.4682	0.4777	0.4866	0.4085	0.3863	0.4158	0.5878	0.2756	0.2075	-0.428583
0.4767	0.4868	0.4864	0.423	0.4178	0.3569	0.4702	0.2078	0.1226	-0.832221
0.4624	0.4766	0.4889	0.404	0.4108	0.4122	0.7143	0.3919	0.1595	-0.30418
0.4637	0.4628	0.4664	0.3962	0.3524	0.3101	0.6026	0.3974	0.268	-0.0887215
0.4732	0.4676	0.4975	0.4041	0.3689	0.4705	0.4294	0.3804	0.096	-0.301808
0.463	0.4708	0.4844	0.4021	0.3574	0.4245	0.6774	0.3012	0.2831	-0.251363
0.4775	0.4771	0.4823	0.4177	0.3874	0.3861	0.4094	0.2886	0.2078	-0.674507
0.4729	0.4923	0.4958	0.3906	0.437	0.4378	0.3716	0.1485	0.0779	0.0612494
0.4775	0.4839	0.4872	0.4124	0.374	0.3955	0.3795	0.1676	0.1561	-0.529345
0.4867	0.4871	0.4981	0.4386	0.4112	0.4731	0.2957	0.1862	0.0769	-1.26939
0.481	0.4954	0.4887	0.4348	0.4668	0.4137	0.442	0.1649	0.1649	-1.18392
0.4844	0.4821	0.4992	0.4235	0.3767	0.487	0.2772	0.1946	0.067	-0.831599
0.4768	0.4856	0.4967	0.4286	0.4387	0.4718	0.5205	0.3288	0.1346	-0.998573
0.485	0.4962	0.493	0.4298	0.4643	0.4239	0.2935	0.1238	0.1095	-1.01838
0.4823	0.488	0.4959	0.4425	0.4192	0.451	0.472	0.1905	0.0971	-1.4103
0.4777	0.4811	0.4858	0.4012	0.4089	0.4132	0.3246	0.288	0.2147	-0.221112
0.4752	0.4747	0.4838	0.4119	0.3873	0.3496	0.4302	0.3278	0.1429	-0.518679
0.4738	0.4766	0.486	0.397	0.3878	0.4424	0.3814	0.2977	0.3395	-0.108538
0.4821	0.4901	0.4931	0.4077	0.4251	0.4335	0.2659	0.1648	0.125	-0.389634
0.4726	0.4865	0.4806	0.4048	0.4421	0.4072	0.4472	0.323	0.2919	-0.321949
0.4832	0.4741	0.4982	0.4444	0.3845	0.4809	0.4576	0.3277	0.107	-1.47032
0.4815	0.4853	0.498	0.4023	0.4164	0.4671	0.2587	0.2338	0.0657	-0.24878
0.4591	0.4635	0.4719	0.3771	0.3654	0.3905	0.5732	0.4331	0.3885	0.41725
0.4795	0.4877	0.4972	0.4159	0.4434	0.4849	0.3522	0.2938	0.2312	-0.621748
0.4702	0.4598	0.4894	0.4113	0.3443	0.4267	0.557	0.4161	0.1835	-0.505928
0.4773	0.4728	0.4756	0.4167	0.3739	0.3357	0.4094	0.3158	0.2093	-0.653801
0.4609	0.474	0.491	0.3699	0.4046	0.4548	0.4972	0.4144	0.2591	0.602719
0.4566	0.4607	0.4576	0.3573	0.3415	0.3066	0.5143	0.3944	0.3521	0.906399
0.4812	0.4771	0.4879	0.4112	0.3863	0.4279	0.2963	0.2857	0.2169	-0.492611
0.4747	0.4899	0.4889	0.3912	0.4411	0.4034	0.3415	0.2195	0.1437	0.0458186
0.4711	0.4782	0.4966	0.3939	0.3951	0.4662	0.4196	0.2937	0.1141	-0.0245388
0.4747	0.4901	0.4965	0.397	0.4446	0.4832	0.3636	0.2312	0.2677	-0.109625
0.485	0.4985	0.4962	0.4161	0.4819	0.4651	0.2386	0.0918	0.1256	-0.620481
0.4826	0.4966	0.493	0.416	0.4656	0.4636	0.2866	0.1143	0.2485	-0.617102
0.4822	0.4801	0.4972	0.4374	0.4168	0.4581	0.4233	0.3436	0.0734	-1.2515
0.4854	0.4842	0.4951	0.4391	0.4219	0.4769	0.3377	0.2763	0.2763	-1.2793
0.48	0.481	0.4984	0.4241	0.3804	0.4846	0.3889	0.2153	0.1169	-0.852282
0.48	0.4903	0.4983	0.4106	0.453	0.4767	0.3179	0.2727	0.0798	-0.475706
0.4769	0.4844	0.4771	0.4081	0.4344	0.3517	0.3698	0.3333	0.2154	-0.412165
0.471	0.4781	0.483	0.4174	0.4049	0.3906	0.5901	0.3313	0.2071	-0.682073
0.4762	0.4825	0.4922	0.4204	0.4264	0.4418	0.4636	0.3377	0.1635	-0.757007
0.4841	0.4854	0.4971	0.4272	0.4113	0.4671	0.301	0.2174	0.0986	-0.947283
0.4822	0.4965	0.4971	0.4305	0.4697	0.4601	0.3701	0.1337	0.0814	-1.03817
0.4622	0.4778	0.4914	0.3832	0.3847	0.4526	0.5436	0.271	0.2323	0.258106
0.4862	0.4967	0.4962	0.4353	0.471	0.47	0.2899	0.134	0.1498	-1.18119
0.4789	0.4912	0.4889	0.4182	0.4562	0.4143	0.3787	0.2632	0.1629	-0.692137
0.4767	0.488	0.4939	0.4043	0.4121	0.4457	0.3576	0.1734	0.1329	-0.305735
0.4825	0.4799	0.499	0.4356	0.3698	0.4881	0.4	0.2105	0.0914	-1.19696
0.4758	0.4852	0.4883	0.4161	0.4267	0.448	0.4423	0.2739	0.3057	-0.635341
0.4742	0.4918	0.4875	0.4208	0.4446	0.4461	0.527	0.1842	0.3176	-0.774003
0.4774	0.4894	0.4972	0.4169	0.4434	0.4677	0.4076	0.2438	0.0994	-0.654811
0.4806	0.4857	0.4937	0.4401	0.4461	0.4317	0.5094	0.3836	0.1092	-1.34039
0.4875	0.4823	0.4932	0.4429	0.377	0.4608	0.298	0.1919	0.2172	-1.40416
0.4819	0.4968	0.4981	0.4162	0.4753	0.4718	0.3022	0.1526	0.0737	-0.631001
0.4843	0.4863	0.4911	0.4344	0.4269	0.4111	0.3373	0.25	0.1228	-1.14846
0.4641	0.4618	0.4738	0.3956	0.3734	0.402	0.5871	0.4968	0.4065	-0.071079
0.4697	0.4861	0.4907	0.3838	0.4416	0.4183	0.4	0.3333	0.1395	0.240393
0.4734	0.498	0.4935	0.3917	0.4774	0.407	0.3665	0.1	0.0824	0.0320562
0.4822	0.4846	0.4945	0.4311	0.4253	0.4758	0.3757	0.2818	0.3039	-1.06514
0.4844	0.4881	0.4953	0.4243	0.4307	0.469	0.2803	0.2229	0.1847	-0.843876
0.4708	0.4702	0.4802	0.408	0.3618	0.4124	0.5123	0.321	0.321	-0.411724
0.4769	0.4963	0.4971	0.4404	0.4875	0.4714	0.6718	0.4254	0.1161	-1.35488
0.478	0.469	0.4774	0.4153	0.3286	0.3674	0.3841	0.2683	0.2378	-0.608274
0.4773	0.473	0.483	0.4326	0.361	0.4134	0.5448	0.2808	0.2671	-1.11721
0.48	0.4897	0.4908	0.4396	0.4294	0.4224	0.5284	0.1838	0.1466	-1.334
0.4835	0.4892	0.4971	0.4375	0.4478	0.469	0.3816	0.2763	0.1062	-1.24203
0.4744	0.4785	0.4781	0.4011	0.3337	0.3453	0.3892	0.1786	0.1964	-0.219368
0.4739	0.4823	0.4994	0.3988	0.4034	0.4845	0.3878	0.2487	0.0421	-0.157258
0.4805	0.4963	0.4984	0.3938	0.4617	0.4808	0.2529	0.1111	0.0944	-0.0221251
0.4726	0.478	0.4937	0.4	0.4082	0.4338	0.4218	0.3469	0.1125	-0.189548
0.4859	0.4789	0.4977	0.4438	0.3814	0.468	0.3554	0.2455	0.0791	-1.4304
0.4788	0.4764	0.4906	0.4222	0.4234	0.4671	0.4065	0.4839	0.4129	-0.804072
0.4743	0.4806	0.4972	0.4145	0.4106	0.4742	0.4713	0.3046	0.1243	-0.594088
0.4838	0.4758	0.4975	0.42	0.3656	0.4695	0.2768	0.2542	0.0933	-0.729268
0.4825	0.4969	0.4958	0.4363	0.4828	0.4536	0.4056	0.221	0.1036	-1.22314
0.4801	0.4964	0.4967	0.4243	0.4786	0.4804	0.3862	0.2063	0.2063	-0.872341
0.4792	0.4907	0.4975	0.4198	0.4205	0.4779	0.381	0.1447	0.1316	-0.730499
0.4794	0.4714	0.4981	0.4145	0.3538	0.4683	0.3473	0.2857	0.0667	-0.583784
0.4906	0.4896	0.4944	0.4392	0.4206	0.4207	0.1939	0.1636	0.0828	-1.23309
0.4767	0.485	0.4967	0.4145	0.4269	0.4671	0.411	0.2788	0.1149	-0.588526
0.4837	0.4824	0.4988	0.4448	0.413	0.4776	0.443	0.2785	0.0599	-1.47203
0.4804	0.4981	0.4963	0.4306	0.4843	0.4653	0.4231	0.142	0.1243	-1.04791
0.47	0.4768	0.4939	0.3862	0.3997	0.4668	0.4056	0.3357	0.2329	0.175522
0.4847	0.4849	0.4919	0.4414	0.3935	0.4548	0.3742	0.1847	0.2293	-1.35639
0.4778	0.4979	0.498	0.4329	0.4807	0.4749	0.5312	0.1272	0.0867	-1.12844
0.4704	0.4788	0.4876	0.3747	0.3867	0.4126	0.3552	0.2609	0.1809	0.471463
0.4765	0.485	0.499	0.4173	0.4267	0.4821	0.4346	0.2775	0.0625	-0.674202
0.4833	0.487	0.499	0.4181	0.4235	0.4867	0.2784	0.2216	0.0815	-0.677724
0.4902	0.4888	0.4965	0.4536	0.4326	0.4588	0.2798	0.2143	0.0977	-1.69812
0.4712	0.499	0.4988	0.3958	0.484	0.4862	0.4286	0.0703	0.0973	-0.0775616
0.4803	0.495	0.499	0.4298	0.4737	0.4875	0.4198	0.2407	0.0914	-1.0282
0.4821	0.4805	0.4877	0.4143	0.3196	0.4174	0.2888	0.1481	0.1905	-0.57686
0.4797	0.4915	0.4922	0.427	0.4483	0.4156	0.4176	0.2062	0.1117	-0.952309
0.4651	0.4689	0.4874	0.3801	0.3606	0.4448	0.4685	0.3357	0.3147	0.336201
0.4825	0.4974	0.4975	0.4224	0.4847	0.4551	0.3158	0.2105	0.0611	-0.801531
0.4739	0.4743	0.4801	0.4175	0.3242	0.3774	0.5057	0.209	0.221	-0.681913
0.4762	0.4865	0.4918	0.4092	0.437	0.4301	0.3929	0.2917	0.1429	-0.441647
0.4822	0.4829	0.4985	0.4149	0.3914	0.4759	0.2895	0.2105	0.0693	-0.593727
0.4735	0.4819	0.4777	0.3959	0.4065	0.3585	0.3824	0.2647	0.2184	-0.0778977
0.4739	0.4722	0.4934	0.3916	0.3716	0.4698	0.3571	0.3187	0.2912	0.0348422
0.4808	0.473	0.4814	0.4188	0.3509	0.3961	0.3372	0.2616	0.2442	-0.704107
0.479	0.4785	0.494	0.4193	0.4163	0.4727	0.3831	0.3766	0.2885	-0.718782
0.4685	0.4773	0.4974	0.3919	0.4099	0.4688	0.4636	0.3709	0.0943	0.0280522
0.4739	0.4857	0.4987	0.3876	0.413	0.4877	0.3413	0.2156	0.118	0.138904
0.4804	0.4894	0.489	0.4317	0.4382	0.4083	0.4327	0.2197	0.15	-1.08746
0.4733	0.4828	0.4758	0.3993	0.3958	0.3417	0.4032	0.2205	0.2154	-0.171678
0.4623	0.492	0.4959	0.3969	0.451	0.4709	0.6471	0.2061	0.1679	-0.107632
0.4844	0.478	0.4942	0.4414	0.3901	0.4684	0.3865	0.2822	0.2317	-1.36193
0.4807	0.486	0.4945	0.4334	0.4183	0.4566	0.4367	0.2256	0.1529	-1.13328
0.4832	0.4931	0.4913	0.429	0.4634	0.4338	0.3333	0.24	0.162	-0.993922
0.4726	0.474	0.498	0.4156	0.3795	0.4707	0.5266	0.3136	0.0761	-0.629578
0.4791	0.497	0.4968	0.4153	0.4572	0.4688	0.358	0.0787	0.118	-0.605708
0.476	0.4771	0.4883	0.4182	0.3738	0.4248	0.4545	0.2545	0.2	-0.698162
0.4805	0.4889	0.4922	0.4183	0.4174	0.4459	0.3409	0.1695	0.1788	-0.691422
0.4836	0.4835	0.4961	0.4353	0.3904	0.4789	0.3649	0.2	0.2333	-1.172
0.4841	0.497	0.4973	0.4212	0.4471	0.4688	0.2753	0.0628	0.0995	-0.763134
0.4791	0.479	0.4828	0.4126	0.39	0.4205	0.3446	0.2655	0.2994	-0.53196
0.4789	0.4963	0.4974	0.4275	0.4811	0.4625	0.4437	0.25	0.0783	-0.95969
0.4784	0.478	0.4849	0.4182	0.3927	0.374	0.3925	0.2903	0.1562	-0.695779
0.4729	0.4853	0.4929	0.3924	0.4237	0.4675	0.3778	0.2597	0.2873	0.0129127
0.4866	0.4914	0.4974	0.4418	0.447	0.4673	0.3175	0.2042	0.0905	-1.37069
0.4804	0.479	0.4942	0.4183	0.3608	0.4559	0.3434	0.2071	0.1584	-0.695419
0.4804	0.4986	0.4958	0.4167	0.4831	0.4788	0.3369	0.0918	0.2513	-0.647979
0.4774	0.4784	0.4821	0.4169	0.4017	0.4157	0.4091	0.3125	0.2955	-0.660309
0.4754	0.4728	0.4889	0.4088	0.3722	0.4291	0.4072	0.3114	0.2	-0.430087
0.4788	0.4832	0.4788	0.4219	0.4261	0.3995	0.4043	0.3191	0.2979	-0.792144
0.4897	0.4953	0.4963	0.4483	0.4574	0.4639	0.2634	0.1283	0.1176	-1.54543
0.4767	0.4739	0.4963	0.4209	0.3668	0.4706	0.4552	0.2828	0.1465	-0.768
0.4765	0.487	0.479	0.4043	0.4286	0.3709	0.3613	0.2408	0.224	-0.30777
0.4886	0.482	0.4984	0.4453	0.3996	0.4837	0.2791	0.2428	0.1111	-1.45397
0.4926	0.4896	0.4971	0.4643	0.4228	0.4774	0.2697	0.1685	0.1517	-2.02634
0.4877	0.4979	0.4968	0.4467	0.4788	0.4572	0.3164	0.1111	0.0833	-1.5107
0.4677	0.466	0.4724	0.4128	0.3334	0.3697	0.6474	0.3101	0.3101	-0.550524
0.4647	0.4697	0.4706	0.3972	0.3949	0.3536	0.5862	0.4552	0.2961	-0.116712
0.4783	0.4773	0.4895	0.4063	0.3587	0.4445	0.3333	0.2238	0.2476	-0.361814
0.4749	0.4745	0.4735	0.4262	0.3783	0.3873	0.5583	0.303	0.3476	-0.93507
0.4736	0.4775	0.4847	0.4005	0.3438	0.4084	0.4012	0.2	0.2209	-0.203025
0.4826	0.4911	0.4894	0.4408	0.4531	0.4252	0.4437	0.245	0.1776	-1.3515
0.4686	0.4714	0.4777	0.4028	0.2943	0.4037	0.5312	0.2048	0.3353	-0.269765
0.4736	0.4906	0.4971	0.4133	0.4551	0.478	0.4818	0.2774	0.1554	-0.555996
0.4745	0.4844	0.4811	0.4102	0.4255	0.4141	0.4366	0.2867	0.3099	-0.466446
0.4786	0.4878	0.4977	0.4212	0.4306	0.4833	0.4054	0.2297	0.1622	-0.774684
0.4786	0.499	0.4975	0.4327	0.4855	0.4749	0.5	0.0788	0.1152	-1.11438
0.4779	0.4846	0.4859	0.4231	0.3848	0.3722	0.4375	0.1749	0.1421	-0.838078
0.479	0.4943	0.4973	0.4316	0.4725	0.4742	0.4752	0.2695	0.1184	-1.07863
0.4767	0.4788	0.4948	0.4262	0.4024	0.4504	0.5	0.3077	0.1228	-0.929543
0.4764	0.4897	0.4908	0.4169	0.451	0.453	0.4331	0.2803	0.2548	-0.658183
0.4818	0.4842	0.4971	0.43	0.4319	0.4665	0.3787	0.3254	0.0994	-1.03045
0.4834	0.496	0.4961	0.4397	0.4474	0.4615	0.4045	0.086	0.1183	-1.32279
0.4702	0.4791	0.4749	0.4124	0.423	0.3997	0.5663	0.4036	0.3721	-0.537912
0.4787	0.4986	0.4932	0.4124	0.4866	0.462	0.3523	0.1198	0.2273	-0.527074
0.4753	0.4964	0.4981	0.4083	0.4821	0.4765	0.4061	0.2576	0.09	-0.419977
0.4812	0.4938	0.4968	0.4288	0.4434	0.4572	0.386	0.1299	0.0847	-0.995418
0.4757	0.4766	0.4944	0.4048	0.365	0.4593	0.3791	0.2434	0.1677	-0.317281
0.4727	0.4715	0.4947	0.4086	0.3543	0.4758	0.4702	0.2857	0.2857	-0.428976
0.4848	0.4896	0.4961	0.4269	0.4367	0.4615	0.2848	0.2089	0.1183	-0.919547
0.481	0.4835	0.4982	0.4156	0.3986	0.488	0.3189	0.2162	0.1838	-0.616203
0.4689	0.4971	0.4989	0.4044	0.4886	0.4873	0.5357	0.3452	0.0928	-0.313118
0.4778	0.4846	0.4942	0.3948	0.428	0.4374	0.3006	0.2931	0.1081	-0.0501298
0.4849	0.4843	0.491	0.4396	0.418	0.461	0.3543	0.2578	0.313	-1.28173
0.4761	0.4798	0.4988	0.4196	0.4068	0.4836	0.4599	0.3066	0.0811	-0.731029
0.4861	0.4983	0.4948	0.4518	0.4826	0.4573	0.4245	0.1096	0.1438	-1.66982
0.4907	0.4886	0.4967	0.4592	0.4453	0.481	0.3095	0.2798	0.2143	-1.88092
0.4886	0.4733	0.4981	0.4556	0.3529	0.4802	0.3631	0.2611	0.1078	-1.78387
0.482	0.4821	0.4945	0.435	0.3811	0.4401	0.4101	0.2022	0.1087	-1.18265
0.4555	0.4669	0.4748	0.3794	0.3843	0.3881	0.6691	0.4559	0.3286	0.359277
0.4745	0.497	0.4963	0.403	0.474	0.475	0.3961	0.1317	0.1796	-0.270918
0.4702	0.4772	0.4748	0.3997	0.3642	0.3583	0.4713	0.2346	0.2531	-0.181325
0.482	0.4826	0.4945	0.4074	0.3753	0.4695	0.266	0.1862	0.2287	-0.384931
0.4794	0.4868	0.4993	0.4226	0.4372	0.4873	0.3929	0.2857	0.0601	-0.818185
0.4867	0.4941	0.4979	0.426	0.4532	0.4798	0.2375	0.15	0.1166	-0.8818
0.4739	0.475	0.4978	0.414	0.3939	0.4812	0.4771	0.3464	0.1333	-0.577714
0.4778	0.4973	0.4958	0.411	0.4767	0.4533	0.3649	0.1346	0.1026	-0.485185
0.4716	0.4771	0.4797	0.414	0.3857	0.408	0.5394	0.2831	0.3133	-0.581479
0.485	0.4805	0.4968	0.4388	0.3917	0.4769	0.3474	0.2474	0.1632	-1.28997
0.4747	0.4808	0.4955	0.4232	0.3972	0.4742	0.5321	0.2564	0.2179	-0.843341
0.4851	0.4845	0.4965	0.4319	0.3938	0.4615	0.3005	0.1913	0.1053	-1.07427
0.4703	0.4946	0.4955	0.4041	0.4396	0.45	0.497	0.1044	0.1044	-0.305539
0.4748	0.4801	0.4873	0.4119	0.421	0.4103	0.4414	0.3655	0.1812	-0.514256
0.4876	0.4908	0.4956	0.4488	0.447	0.4529	0.3353	0.2222	0.1087	-1.57578
0.481	0.4779	0.4989	0.418	0.3935	0.4839	0.3293	0.2934	0.0739	-0.680191
0.4869	0.4976	0.4975	0.4358	0.4612	0.4785	0.2753	0.0699	0.1344	-1.17799
0.4785	0.4781	0.4928	0.4162	0.3837	0.4558	0.3771	0.2629	0.2034	-0.636547
0.4794	0.4862	0.4977	0.4234	0.4097	0.487	0.3989	0.1989	0.2204	-0.846467
0.488	0.4862	0.486	0.4604	0.3853	0.4106	0.45	0.1543	0.2037	-1.95368
0.471	0.4881	0.4867	0.4022	0.4259	0.4115	0.4682	0.2069	0.1943	-0.250999
0.4767	0.4793	0.4814	0.3958	0.367	0.379	0.3224	0.2131	0.2077	-0.0761578
0.4843	0.4872	0.4962	0.4381	0.4458	0.4685	0.3631	0.3274	0.1436	-1.26235
0.481	0.4986	0.4963	0.4175	0.4812	0.4795	0.3274	0.0847	0.2262	-0.665598
0.4689	0.4961	0.4902	0.4021	0.4761	0.4226	0.5174	0.2011	0.1576	-0.249906
0.4834	0.4971	0.4981	0.4307	0.4796	0.4849	0.3395	0.1689	0.1507	-1.05784
0.4829	0.498	0.4986	0.4392	0.4822	0.4852	0.4176	0.1311	0.1093	-1.30575
0.4804	0.4866	0.4932	0.436	0.4319	0.4657	0.473	0.2635	0.2568	-1.21066
0.4743	0.4784	0.4832	0.4131	0.4023	0.4167	0.4605	0.3158	0.2763	-0.552436
0.4781	0.4801	0.4924	0.441	0.4271	0.4365	0.627	0.4048	0.1449	-1.36755
0.4775	0.4908	0.4937	0.4101	0.4411	0.4548	0.3679	0.196	0.1709	-0.467688
0.4764	0.4754	0.4934	0.4246	0.3995	0.4756	0.4936	0.3608	0.3822	-0.882885
0.4762	0.4772	0.4959	0.3936	0.3665	0.4545	0.3239	0.2386	0.1027	-0.0186811
0.4852	0.4842	0.4945	0.4295	0.3736	0.4687	0.2865	0.1637	0.2209	-0.997146
0.4812	0.4886	0.4979	0.4335	0.4423	0.4787	0.4226	0.2619	0.1124	-1.13655
0.4778	0.4792	0.4973	0.4123	0.3841	0.4674	0.3721	0.2481	0.0935	-0.517198
0.468	0.4765	0.4977	0.4055	0.405	0.45	0.5664	0.3636	0.0516	-0.343675
0.464	0.4764	0.4814	0.3868	0.3661	0.3959	0.5291	0.2486	0.2429	0.163287
0.4794	0.491	0.4969	0.4167	0.459	0.4691	0.3602	0.2926	0.1156	-0.650875
0.4839	0.4894	0.4946	0.4437	0.4486	0.4731	0.4261	0.2753	0.2584	-1.44593
0.4844	0.4868	0.4913	0.4398	0.398	0.4486	0.3711	0.1656	0.216	-1.31126
0.4838	0.4824	0.4968	0.4354	0.401	0.4822	0.3588	0.2412	0.2229	-1.18313
0.4873	0.4824	0.4913	0.4514	0.3998	0.4418	0.3718	0.2372	0.1859	-1.65656
0.4705	0.4744	0.4911	0.3931	0.3633	0.4557	0.4279	0.2687	0.2637	-0.00458042
0.4748	0.4674	0.4976	0.408	0.3367	0.4705	0.4153	0.3005	0.09	-0.409764
0.4814	0.4775	0.4785	0.4266	0.3816	0.3798	0.3665	0.2671	0.2484	-0.92798
0.4827	0.4815	0.4955	0.423	0.3754	0.4757	0.3136	0.2	0.2353	-0.818627
0.477	0.4811	0.4822	0.4126	0.3805	0.3739	0.3918	0.2139	0.1881	-0.539645
0.4799	0.4964	0.4964	0.4323	0.4684	0.4703	0.4539	0.1307	0.1438	-1.09603
0.4802	0.4814	0.4946	0.4256	0.3941	0.4724	0.3938	0.2383	0.2487	-0.910702
0.4858	0.4884	0.4974	0.4338	0.4357	0.4718	0.2931	0.2356	0.1027	-1.12322
0.4745	0.4659	0.4923	0.4176	0.3501	0.4725	0.4884	0.3485	0.4	-0.673665
0.4794	0.4907	0.4894	0.4355	0.4567	0.4239	0.503	0.2849	0.1761	-1.2078
0.4626	0.4864	0.4846	0.3811	0.4499	0.4049	0.5226	0.3935	0.2138	0.313653
0.4824	0.4857	0.4986	0.4068	0.4307	0.4754	0.2581	0.2796	0.0606	-0.368341
0.4841	0.4781	0.4966	0.4256	0.3849	0.4535	0.2935	0.2663	0.0838	-0.893638
0.4808	0.4968	0.4982	0.3989	0.4627	0.4777	0.2619	0.0971	0.0914	-0.154967
0.4696	0.4743	0.493	0.397	0.4042	0.4714	0.4691	0.4074	0.3333	-0.109336
0.4747	0.4877	0.4864	0.409	0.4165	0.4114	0.4241	0.1882	0.2	-0.435406
0.4866	0.4898	0.495	0.442	0.4305	0.4722	0.3191	0.1844	0.227	-1.35137
0.4832	0.483	0.4937	0.4382	0.4167	0.4484	0.4	0.2808	0.1467	-1.2639
0.475	0.4721	0.4925	0.4212	0.3686	0.4404	0.5069	0.3125	0.1533	-0.783222
0.4619	0.4862	0.4858	0.3731	0.3873	0.3997	0.4944	0.1571	0.1832	0.520414
0.479	0.4672	0.4957	0.4313	0.359	0.4587	0.4747	0.3544	0.1228	-1.07647
0.462	0.4847	0.497	0.3558	0.4376	0.4727	0.4205	0.3466	0.1282	0.945412
0.484	0.4797	0.496	0.4349	0.374	0.4731	0.3488	0.2209	0.1792	-1.16858
0.4819	0.4943	0.4961	0.4221	0.4734	0.4786	0.3294	0.2824	0.2294	-0.796143
0.48	0.4767	0.4979	0.414	0.3955	0.4759	0.3333	0.3212	0.1	-0.569527
0.4868	0.4863	0.4947	0.4414	0.3856	0.4668	0.3086	0.1543	0.1975	-1.34501
0.4866	0.4829	0.495	0.4434	0.4042	0.4712	0.3294	0.2412	0.2176	-1.41265
0.4808	0.4811	0.4984	0.4276	0.4167	0.472	0.3899	0.3208	0.064	-0.958582
0.4786	0.494	0.4961	0.4239	0.4735	0.4525	0.4254	0.2985	0.0933	-0.848533
0.4842	0.4801	0.4971	0.4369	0.3793	0.459	0.3571	0.2253	0.0785	-1.23143
0.4858	0.4977	0.4959	0.4408	0.4743	0.4537	0.3372	0.1027	0.1027	-1.34031
0.4741	0.4858	0.4956	0.4152	0.4241	0.4785	0.4825	0.2483	0.2653	-0.610744
0.4798	0.485	0.4962	0.4081	0.4288	0.4454	0.3114	0.2874	0.0795	-0.405202
0.4751	0.4638	0.4665	0.4237	0.3519	0.334	0.5247	0.3827	0.3054	-0.858716
0.4658	0.4771	0.4878	0.3996	0.4192	0.424	0.5764	0.4306	0.2078	-0.179467
0.4732	0.4674	0.4979	0.4146	0.376	0.4741	0.5	0.4085	0.0926	-0.59336
0.4759	0.4659	0.4924	0.4144	0.2566	0.462	0.4303	0.2182	0.2606	-0.589008
0.4758	0.4951	0.4972	0.3898	0.4787	0.4653	0.3179	0.3026	0.0896	0.0814823
0.4677	0.4811	0.4846	0.3945	0.4232	0.4133	0.4966	0.3537	0.2368	-0.0433737
0.4847	0.4821	0.4842	0.4338	0.3773	0.3725	0.3209	0.1953	0.1622	-1.14403
0.4876	0.4865	0.4988	0.4516	0.3884	0.4771	0.3608	0.1558	0.0583	-1.68077
0.4825	0.4972	0.4979	0.4278	0.4836	0.4641	0.3464	0.2067	0.0645	-0.964884
0.4616	0.4816	0.4905	0.3904	0.4231	0.4627	0.6084	0.34	0.3533	0.0683197
0.4834	0.4796	0.4948	0.4306	0.3875	0.4675	0.3389	0.25	0.1989	-1.04444
0.4729	0.4862	0.4961	0.4053	0.4336	0.4823	0.4444	0.2815	0.2889	-0.332038
0.4644	0.4799	0.4722	0.4005	0.4134	0.3739	0.6207	0.3311	0.3243	-0.205487
0.4737	0.4755	0.4736	0.4225	0.4055	0.3664	0.5595	0.3869	0.2849	-0.829253
0.4679	0.4757	0.473	0.4079	0.3907	0.3651	0.5906	0.3226	0.2903	-0.41181
0.4899	0.4867	0.4943	0.453	0.3612	0.4254	0.2872	0.1231	0.09	-1.70279
0.4744	0.4877	0.4953	0.4148	0.4553	0.4737	0.472	0.3975	0.2222	-0.602749
0.4815	0.4911	0.4974	0.4231	0.4545	0.4588	0.3438	0.2531	0.0698	-0.823812
0.4826	0.4863	0.4958	0.4248	0.433	0.4727	0.3257	0.2768	0.1875	-0.8737
0.4819	0.4765	0.4975	0.4195	0.3499	0.4685	0.3167	0.2198	0.089	-0.723876
0.4787	0.4772	0.4991	0.4146	0.3684	0.4835	0.3643	0.2429	0.06	-0.582267
0.477	0.4783	0.4798	0.4085	0.385	0.3976	0.371	0.2634	0.2742	-0.42187
0.4848	0.4924	0.4966	0.4412	0.4484	0.4611	0.3727	0.1818	0.0983	-1.35494
0.4822	0.4949	0.4956	0.4248	0.4771	0.4571	0.3371	0.2905	0.1198	-0.877445
0.4643	0.491	0.4864	0.3684	0.4618	0.4347	0.4312	0.3188	0.2812	0.63272
0.4873	0.4953	0.4981	0.4382	0.4725	0.4788	0.2759	0.2126	0.0989	-1.2476
0.4704	0.4637	0.4954	0.4095	0.334	0.457	0.5352	0.3379	0.1242	-0.45258
0.4826	0.4991	0.499	0.416	0.4874	0.4875	0.2865	0.0785	0.0838	-0.622852
0.4792	0.4776	0.4964	0.4276	0.4024	0.4591	0.436	0.3314	0.1016	-0.968026
0.4797	0.4975	0.4974	0.4071	0.4665	0.4554	0.3089	0.0837	0.064	-0.381275
0.4768	0.4853	0.4957	0.4177	0.4245	0.4815	0.4295	0.2628	0.3077	-0.680207
0.4749	0.4652	0.4804	0.4211	0.3775	0.3686	0.5075	0.4552	0.2028	-0.777059
0.4785	0.4694	0.4988	0.4332	0.3754	0.4862	0.5108	0.3741	0.0968	-1.13
0.4793	0.4871	0.4947	0.4309	0.437	0.4734	0.4591	0.275	0.2562	-1.06421
0.4871	0.4969	0.499	0.4469	0.4766	0.4883	0.3393	0.1548	0.0988	-1.51815
0.4732	0.4937	0.4746	0.4205	0.4569	0.3892	0.554	0.1776	0.3357	-0.763016
0.4807	0.4805	0.4942	0.443	0.3645	0.4704	0.5455	0.1955	0.2481	-1.42105
0.4783	0.4969	0.4985	0.4267	0.4707	0.4833	0.4552	0.1226	0.1032	-0.935299
0.48	0.4953	0.4972	0.4319	0.4766	0.4666	0.4474	0.2566	0.0938	-1.08794
0.4804	0.4823	0.4837	0.4261	0.3887	0.3832	0.3895	0.2126	0.1839	-0.920211
0.4917	0.4947	0.4975	0.4501	0.4513	0.4713	0.2103	0.1288	0.1004	-1.59955
0.4797	0.4907	0.4905	0.4283	0.4509	0.4286	0.427	0.2458	0.1657	-0.987735
0.4742	0.4794	0.4943	0.3952	0.3991	0.4748	0.3667	0.2867	0.298	-0.0592562
0.4818	0.4879	0.4932	0.4349	0.4212	0.4601	0.4162	0.1967	0.2131	-1.17959
0.4855	0.4789	0.4943	0.4389	0.3453	0.4687	0.3333	0.1878	0.2284	-1.29284
0.4774	0.4718	0.4774	0.4358	0.3837	0.4075	0.5804	0.363	0.3562	-1.21538
0.4808	0.4697	0.4956	0.4333	0.3674	0.4654	0.4336	0.3427	0.1509	-1.12308
0.4707	0.4767	0.4886	0.4052	0.4126	0.4566	0.4968	0.4	0.3742	-0.333126
0.4702	0.4828	0.4889	0.3836	0.3932	0.4381	0.392	0.2159	0.233	0.244073
0.4764	0.4753	0.4971	0.418	0.3695	0.4727	0.4423	0.2692	0.1227	-0.689642
0.4662	0.4766	0.4981	0.3918	0.3822	0.4722	0.5111	0.2815	0.0769	0.0312404
0.4856	0.4804	0.4974	0.4463	0.4045	0.4745	0.3885	0.2866	0.1159	-1.50678
0.4633	0.4777	0.478	0.3825	0.3979	0.403	0.5181	0.3118	0.3254	0.276745
0.4839	0.4803	0.498	0.4471	0.3805	0.4794	0.4615	0.2254	0.1105	-1.54934
0.4793	0.4872	0.4977	0.4072	0.4405	0.4694	0.3175	0.291	0.085	-0.384987
0.4658	0.4735	0.4858	0.4042	0.3926	0.4327	0.6181	0.3681	0.2877	-0.309173
0.4775	0.4983	0.4964	0.4238	0.4853	0.467	0.4545	0.1346	0.1282	-0.850192
0.4728	0.4617	0.4972	0.3992	0.3325	0.4628	0.413	0.3587	0.0833	-0.168365
0.4915	0.4893	0.4977	0.4544	0.4168	0.4747	0.2396	0.1615	0.1045	-1.71961
0.4768	0.4977	0.4979	0.4176	0.4809	0.4717	0.4286	0.1381	0.082	-0.678226
0.4781	0.4878	0.4888	0.4123	0.4309	0.4027	0.3665	0.2298	0.1437	-0.524668
0.4805	0.4809	0.4975	0.4287	0.4068	0.4777	0.4074	0.284	0.1287	-0.994138
0.4721	0.4886	0.4941	0.3993	0.4521	0.4654	0.4267	0.3267	0.2134	-0.169882
0.4785	0.4742	0.4978	0.4233	0.3701	0.4688	0.4221	0.2857	0.0783	-0.835905
0.4857	0.4856	0.4979	0.4249	0.4187	0.4633	0.2544	0.2335	0.0617	-0.875914
0.4666	0.4755	0.4977	0.3655	0.4002	0.4789	0.3836	0.363	0.125	0.696765
0.4669	0.4804	0.4737	0.3906	0.4095	0.3491	0.4898	0.3041	0.25	0.0613943
0.4756	0.4902	0.4889	0.4205	0.4365	0.4273	0.481	0.1939	0.1939	-0.763891
0.4769	0.4743	0.4874	0.4281	0.3823	0.4029	0.5122	0.3176	0.1648	-0.986457
0.4756	0.4707	0.4953	0.4037	0.2998	0.4408	0.3765	0.216	0.0925	-0.287909
0.4703	0.4818	0.4979	0.4123	0.418	0.4718	0.562	0.3121	0.085	-0.531374
0.4754	0.4767	0.4818	0.4211	0.3932	0.3875	0.4919	0.3138	0.2181	-0.786843
0.474	0.496	0.4945	0.4092	0.4828	0.474	0.443	0.3038	0.2785	-0.442111
0.4743	0.4795	0.4966	0.3952	0.3989	0.4633	0.3648	0.283	0.1059	-0.0611901
0.4855	0.4979	0.4966	0.4427	0.4786	0.4652	0.3611	0.1117	0.1117	-1.40449
0.4762	0.4923	0.4928	0.4147	0.4295	0.4361	0.4249	0.1311	0.1359	-0.599711
0.4756	0.4793	0.4954	0.3771	0.3977	0.4748	0.2834	0.2834	0.2299	0.40739
0.4793	0.477	0.4895	0.4396	0.3971	0.4571	0.5565	0.3226	0.3387	-1.31547
0.477	0.4723	0.4977	0.3985	0.3596	0.4756	0.3276	0.2874	0.107	-0.148513
0.4662	0.4902	0.4889	0.4051	0.4391	0.4281	0.6125	0.2035	0.1977	-0.334625
0.4753	0.4819	0.484	0.3938	0.3868	0.3748	0.3392	0.2151	0.1676	-0.022548
0.4882	0.4981	0.4986	0.4539	0.4833	0.4892	0.362	0.1302	0.1534	-1.73318
0.464	0.4657	0.497	0.3895	0.3698	0.4709	0.5448	0.4138	0.118	0.091699
0.4794	0.4969	0.4982	0.4241	0.465	0.4668	0.4023	0.1011	0.0585	-0.862634
0.486	0.4862	0.4967	0.4378	0.4191	0.4802	0.309	0.2247	0.2022	-1.24707
0.4805	0.4775	0.4943	0.4115	0.3685	0.4697	0.3099	0.2384	0.2384	-0.499721
0.4741	0.4719	0.4857	0.4007	0.3528	0.4166	0.3931	0.2775	0.2254	-0.207467
0.4849	0.491	0.4987	0.4192	0.4178	0.4877	0.25	0.1337	0.1193	-0.701358
0.4736	0.4872	0.4836	0.4204	0.3961	0.3847	0.5414	0.1576	0.1879	-0.763979
0.4885	0.4958	0.497	0.4464	0.4509	0.46	0.2902	0.099	0.0842	-1.50401
0.4658	0.4626	0.4634	0.3905	0.3406	0.3359	0.5133	0.3667	0.3467	0.0646515
0.4773	0.48	0.497	0.4011	0.3811	0.4838	0.3314	0.2308	0.2326	-0.216162
0.4757	0.4858	0.4845	0.4101	0.4416	0.3837	0.4076	0.3424	0.1737	-0.468528
0.4679	0.4853	0.4827	0.4101	0.4179	0.37	0.6133	0.2387	0.1772	-0.474156
0.4756	0.4828	0.4975	0.3769	0.4056	0.4573	0.2834	0.246	0.066	0.411041
0.462	0.4859	0.4956	0.3834	0.4441	0.4833	0.55	0.3562	0.3625	0.252956
0.4742	0.4782	0.4969	0.409	0.3966	0.4537	0.4354	0.2993	0.0745	-0.433909
0.4645	0.4698	0.474	0.3916	0.3916	0.4079	0.5486	0.4343	0.4343	0.0348089
0.4779	0.4942	0.4964	0.4256	0.4578	0.4677	0.4564	0.1667	0.1288	-0.903901
0.4791	0.4804	0.4976	0.4337	0.4113	0.4752	0.4941	0.3118	0.1093	-1.15363
0.4681	0.4734	0.4971	0.389	0.3989	0.4692	0.4556	0.3977	0.107	0.105168
0.4824	0.4896	0.4962	0.4394	0.4583	0.4643	0.4379	0.3471	0.1237	-1.31527
0.4766	0.4758	0.4776	0.4146	0.3649	0.367	0.414	0.2531	0.2346	-0.590319
0.474	0.4745	0.4745	0.4039	0.373	0.3597	0.4121	0.2892	0.259	-0.296027
0.4788	0.4895	0.4912	0.4152	0.4447	0.43	0.3642	0.2486	0.1556	-0.607257
0.4925	0.4899	0.4929	0.4613	0.4332	0.4443	0.25	0.1905	0.1548	-1.91645
0.472	0.4701	0.4877	0.4013	0.3633	0.4533	0.4398	0.3253	0.3735	-0.224729
0.4775	0.4845	0.495	0.4272	0.4349	0.4656	0.483	0.3333	0.1761	-0.953684
0.4673	0.4898	0.4908	0.364	0.4513	0.4321	0.369	0.2781	0.1676	0.737193
0.4764	0.4768	0.4956	0.4105	0.369	0.4782	0.3943	0.2486	0.2599	-0.477693
0.473	0.4923	0.4968	0.4142	0.4645	0.4633	0.5033	0.2866	0.0994	-0.585116
0.4788	0.488	0.4972	0.4209	0.4288	0.4843	0.398	0.2194	0.2211	-0.775533
0.4849	0.4865	0.4982	0.443	0.4263	0.4708	0.3838	0.2419	0.066	-1.42152
0.4851	0.4937	0.4977	0.4388	0.4637	0.4676	0.3424	0.2162	0.0785	-1.28723
0.4755	0.4913	0.4831	0.4124	0.4458	0.3624	0.426	0.2035	0.1628	-0.532669
0.479	0.4917	0.4949	0.4311	0.4591	0.4646	0.4706	0.2645	0.1758	-1.06779
0.4814	0.4772	0.4959	0.4422	0.3722	0.4534	0.5062	0.25	0.1	-1.40588
0.4783	0.4907	0.4902	0.408	0.4244	0.4108	0.3408	0.1522	0.1359	-0.40497
0.4838	0.4846	0.4943	0.4327	0.4214	0.4657	0.3396	0.2642	0.2061	-1.09647
0.4771	0.4824	0.4903	0.4123	0.4063	0.4212	0.3875	0.2562	0.1534	-0.526476
0.4631	0.4673	0.4918	0.3832	0.3717	0.4261	0.5257	0.3943	0.1354	0.259017
0.4694	0.4698	0.496	0.3952	0.3746	0.4482	0.462	0.3648	0.0882	-0.0613836
0.4748	0.4939	0.4815	0.4182	0.4687	0.4217	0.4872	0.25	0.3354	-0.698055
0.4707	0.4822	0.4979	0.3856	0.4058	0.4703	0.3899	0.2579	0.0769	0.192524
0.448	0.4322	0.4882	0.3811	0.3306	0.4712	0.8871	0.8145	0.7177	0.316795
0.4877	0.4788	0.4987	0.4406	0.3625	0.4735	0.2787	0.212	0.0521	-1.32341
0.4718	0.4801	0.4974	0.3786	0.4057	0.4757	0.3459	0.2956	0.1221	0.368564
0.4754	0.4834	0.486	0.4118	0.393	0.4028	0.4262	0.2054	0.1872	-0.518324
0.4883	0.4825	0.4983	0.4549	0.4018	0.4791	0.3671	0.2405	0.0909	-1.76277
0.4828	0.4753	0.4975	0.4334	0.3884	0.4696	0.375	0.3207	0.0941	-1.13377
0.4726	0.4782	0.4839	0.4153	0.3948	0.445	0.5229	0.293	0.4379	-0.61799
0.484	0.4818	0.4978	0.4423	0.4062	0.4688	0.4091	0.2662	0.0778	-1.38938
0.4922	0.4959	0.4969	0.4737	0.4755	0.4692	0.4312	0.2062	0.1138	-2.37109
0.4746	0.488	0.4971	0.4033	0.4384	0.4675	0.3962	0.2579	0.1012	-0.278109
0.4813	0.4865	0.499	0.4318	0.4388	0.481	0.4054	0.3027	0.0594	-1.08931
0.4877	0.4968	0.4977	0.4354	0.4766	0.4714	0.2527	0.1613	0.0918	-1.16465
0.4852	0.4876	0.495	0.4458	0.4379	0.4513	0.3957	0.2662	0.1208	-1.48184
0.4757	0.4888	0.4907	0.399	0.4347	0.4001	0.354	0.2216	0.1138	-0.161919
0.4729	0.4784	0.4871	0.4008	0.3714	0.4173	0.4176	0.233	0.2022	-0.211861
0.473	0.4872	0.486	0.3891	0.3855	0.432	0.3636	0.1421	0.2781	0.102269
0.4887	0.4982	0.4982	0.4575	0.477	0.4818	0.3797	0.0882	0.1118	-1.846
0.4775	0.4758	0.4984	0.4155	0.3786	0.483	0.3964	0.284	0.1056	-0.616343
0.4899	0.4928	0.4968	0.4511	0.4246	0.467	0.2739	0.1139	0.1111	-1.61497
0.4733	0.4909	0.4919	0.418	0.4644	0.4448	0.5282	0.3566	0.1824	-0.692357
0.4761	0.4819	0.498	0.431	0.432	0.4752	0.5696	0.3899	0.0909	-1.07656
0.477	0.4985	0.4992	0.4123	0.485	0.4851	0.3907	0.1166	0.0613	-0.522733
0.4765	0.482	0.4844	0.4059	0.3998	0.3591	0.3682	0.2438	0.1456	-0.352354
0.4901	0.4842	0.4958	0.4528	0.4067	0.4688	0.2806	0.2256	0.1616	-1.69392
0.4735	0.4724	0.4941	0.4068	0.3699	0.4746	0.4398	0.3114	0.3114	-0.376953
0.4733	0.4727	0.4974	0.4022	0.3729	0.4697	0.4182	0.3152	0.0955	-0.249591
0.4741	0.4882	0.4866	0.4066	0.4393	0.4332	0.4238	0.2566	0.2697	-0.368535
0.4778	0.4858	0.4932	0.4186	0.4008	0.4438	0.4079	0.1859	0.1463	-0.702165
0.4744	0.4871	0.4976	0.3978	0.4385	0.4611	0.3735	0.2831	0.0678	-0.129193
0.4802	0.4796	0.4956	0.4308	0.4064	0.4465	0.4326	0.309	0.0947	-1.06242
0.4865	0.4967	0.4979	0.4513	0.466	0.4564	0.4057	0.1111	0.0529	-1.67329
0.4745	0.478	0.49	0.4195	0.3928	0.4621	0.5066	0.2895	0.375	-0.735548
0.4796	0.4858	0.4966	0.4103	0.4245	0.4839	0.3234	0.25	0.2738	-0.465886
0.4697	0.4727	0.4974	0.3831	0.3822	0.4775	0.3976	0.3434	0.1359	0.258735
0.4727	0.4878	0.4862	0.4065	0.4159	0.3547	0.457	0.1846	0.1231	-0.372472
0.4863	0.4843	0.498	0.4502	0.4141	0.4808	0.3977	0.2456	0.12	-1.63438
0.4828	0.4811	0.4949	0.4378	0.3973	0.4754	0.4074	0.2515	0.2699	-1.26001
0.4648	0.4923	0.4893	0.3979	0.4663	0.4356	0.5878	0.3041	0.2129	-0.134259
0.484	0.4968	0.4987	0.4329	0.4808	0.4788	0.3368	0.2053	0.0657	-1.11296
0.4899	0.4882	0.4972	0.4571	0.4109	0.4815	0.3207	0.1685	0.1848	-1.83115
0.4894	0.4878	0.4958	0.4483	0.4158	0.4701	0.2732	0.1854	0.1707	-1.55967
0.4873	0.4937	0.4935	0.4557	0.4637	0.4425	0.4198	0.219	0.1357	-1.78057
0.4865	0.4917	0.4973	0.4099	0.4331	0.4552	0.1946	0.1514	0.067	-0.441362
0.4705	0.4783	0.488	0.377	0.3738	0.3844	0.3604	0.2386	0.1311	0.417053
0.4753	0.487	0.4947	0.4153	0.4417	0.4677	0.4503	0.3046	0.2011	-0.614839
0.4656	0.4933	0.4923	0.3646	0.4466	0.4464	0.396	0.1519	0.1772	0.721302
0.4678	0.4863	0.4941	0.392	0.4481	0.4469	0.4779	0.3796	0.1325	0.0241397
0.4787	0.4875	0.4897	0.4005	0.4437	0.4455	0.3034	0.3034	0.2472	-0.200265
0.4749	0.4779	0.494	0.4112	0.392	0.4688	0.4333	0.2896	0.2459	-0.499362
0.4795	0.4782	0.4955	0.4306	0.3943	0.4559	0.4521	0.2917	0.1188	-1.04719
0.4789	0.4724	0.4779	0.4299	0.36	0.3911	0.465	0.2866	0.2866	-1.03294
0.4659	0.4863	0.4851	0.398	0.4	0.39	0.561	0.1761	0.1761	-0.137972
0.4736	0.4742	0.4972	0.4004	0.3619	0.471	0.4012	0.2679	0.1099	-0.201359
0.4643	0.4697	0.4667	0.3739	0.3895	0.3263	0.4539	0.4267	0.2895	0.493728
0.4806	0.4794	0.485	0.4313	0.3849	0.4339	0.4226	0.2471	0.3155	-1.07214
0.4819	0.4918	0.4986	0.4381	0.4521	0.4778	0.4424	0.2156	0.0686	-1.2747
0.4796	0.491	0.4971	0.4257	0.4559	0.4616	0.411	0.2671	0.0839	-0.90322
0.4806	0.4791	0.4974	0.4279	0.4096	0.4767	0.3966	0.3315	0.1309	-0.972606
0.4763	0.4974	0.497	0.4185	0.4684	0.4726	0.4469	0.0941	0.1287	-0.70819
0.4868	0.493	0.4986	0.4368	0.457	0.4822	0.2816	0.2045	0.0847	-1.2082
0.474	0.4858	0.4898	0.4258	0.4315	0.4402	0.5849	0.2822	0.2182	-0.924835
0.484	0.4964	0.4981	0.4333	0.4836	0.4829	0.3374	0.2883	0.1294	-1.11513
0.4786	0.4884	0.4965	0.4087	0.4381	0.4821	0.3373	0.247	0.247	-0.423021
0.4789	0.4783	0.4977	0.4231	0.3755	0.4883	0.4099	0.2422	0.2484	-0.832984
0.4809	0.4806	0.4891	0.4036	0.3786	0.4414	0.2732	0.2165	0.2423	-0.283488
0.4878	0.4902	0.4972	0.4505	0.4334	0.4688	0.3462	0.1848	0.1005	-1.63847
0.4755	0.4824	0.478	0.4252	0.4053	0.3677	0.5281	0.2528	0.2303	-0.907524
0.4823	0.4971	0.4957	0.423	0.4495	0.4402	0.3251	0.0633	0.0814	-0.830219
0.4812	0.4971	0.4975	0.4138	0.4604	0.4699	0.3048	0.0821	0.0923	-0.563351
0.4789	0.4846	0.4871	0.4266	0.4149	0.3474	0.4355	0.2419	0.1094	-0.941115
0.4802	0.4912	0.4985	0.4295	0.4474	0.477	0.4214	0.2125	0.0719	-1.01785
0.4814	0.4782	0.496	0.4294	0.384	0.4792	0.386	0.2632	0.2456	-1.01365
0.482	0.4867	0.4956	0.4214	0.4243	0.4726	0.3232	0.2317	0.1951	-0.774499
0.4795	0.4805	0.4979	0.4267	0.3758	0.4655	0.4207	0.2126	0.0663	-0.937529
0.47	0.4895	0.4833	0.4069	0.4228	0.4223	0.525	0.1716	0.2981	-0.381108
0.4748	0.4836	0.4836	0.4071	0.3768	0.3766	0.4104	0.1758	0.1758	-0.383639
0.4721	0.4701	0.4811	0.4101	0.3426	0.3918	0.497	0.2798	0.2381	-0.472248
0.4713	0.4626	0.4746	0.4068	0.3494	0.3915	0.4932	0.3919	0.3446	-0.37779
0.4768	0.4825	0.491	0.4123	0.4239	0.4239	0.3952	0.3234	0.1461	-0.528599
0.4795	0.493	0.497	0.4352	0.467	0.4676	0.4968	0.2785	0.1053	-1.19193
0.4779	0.4844	0.4982	0.4047	0.4205	0.4807	0.335	0.265	0.1023	-0.31707
0.475	0.4706	0.4718	0.4103	0.338	0.3148	0.4246	0.2667	0.2222	-0.475377
0.48	0.4832	0.4839	0.4248	0.4241	0.3743	0.3936	0.3085	0.1684	-0.885977
0.463	0.4668	0.4865	0.3881	0.3708	0.3897	0.5594	0.3986	0.1572	0.128386
0.4819	0.4925	0.4987	0.4185	0.4564	0.4817	0.3106	0.2174	0.0756	-0.688496
0.4881	0.4941	0.4984	0.4521	0.4697	0.487	0.3459	0.2516	0.1411	-1.67209
0.4788	0.4897	0.4872	0.3897	0.4472	0.4214	0.2682	0.257	0.2123	0.0846494
0.4681	0.4828	0.4828	0.3942	0.4399	0.3947	0.4855	0.4277	0.2179	-0.0341884
0.4864	0.4879	0.4906	0.4449	0.4247	0.445	0.3464	0.2067	0.2179	-1.46669
0.4889	0.4911	0.4973	0.4484	0.4395	0.4676	0.2899	0.1834	0.0955	-1.54889
0.475	0.4796	0.4896	0.4253	0.4056	0.4417	0.543	0.3052	0.2308	-0.904237
0.4846	0.4806	0.4957	0.4442	0.3854	0.4597	0.4045	0.2303	0.1257	-1.45651
0.4661	0.4964	0.4962	0.3923	0.4818	0.4799	0.5177	0.2465	0.2378	0.0179623
0.478	0.4945	0.4955	0.4206	0.4544	0.4618	0.4167	0.1453	0.1395	-0.763254
0.4731	0.4717	0.4713	0.4124	0.3248	0.3514	0.4878	0.2353	0.2824	-0.536021
0.4783	0.4821	0.4793	0.4183	0.4154	0.4139	0.3941	0.2941	0.3471	-0.696463
0.4707	0.4713	0.4938	0.4015	0.3546	0.4627	0.4699	0.2892	0.2083	-0.230751
0.4796	0.488	0.492	0.4334	0.4245	0.3821	0.4737	0.2039	0.0823	-1.13546
0.485	0.4954	0.4978	0.4233	0.4746	0.4741	0.2625	0.225	0.0952	-0.812663
0.4814	0.4918	0.4924	0.4417	0.4465	0.4505	0.497	0.191	0.191	-1.39255
0.4652	0.4661	0.4704	0.3904	0.3572	0.3758	0.5241	0.3655	0.3586	0.0683322
0.4783	0.4931	0.497	0.4128	0.4527	0.4691	0.3636	0.1792	0.1105	-0.538793
0.4736	0.4773	0.4929	0.3791	0.3723	0.464	0.3195	0.2485	0.2544	0.355968
0.4847	0.4867	0.4946	0.4359	0.4065	0.4704	0.3353	0.1839	0.2312	-1.19483
0.4619	0.4625	0.4682	0.3625	0.3218	0.335	0.4477	0.3276	0.2874	0.783863
0.4807	0.4865	0.4988	0.4361	0.4177	0.4863	0.4611	0.2143	0.0973	-1.21772
0.491	0.4885	0.4968	0.4654	0.4394	0.4717	0.3631	0.2484	0.1304	-2.08417
0.474	0.4984	0.4979	0.4122	0.4764	0.4783	0.463	0.0734	0.1073	-0.526583
0.4685	0.4849	0.4774	0.3969	0.4371	0.3767	0.4935	0.3377	0.2562	-0.107231
0.4854	0.4855	0.4978	0.4315	0.4316	0.4752	0.2901	0.2901	0.0988	-1.05172
0.4659	0.4557	0.4981	0.3966	0.3151	0.47	0.5497	0.3907	0.0714	-0.0983149
0.4796	0.4795	0.4849	0.4229	0.4064	0.4133	0.3898	0.3107	0.2316	-0.828486
0.4837	0.498	0.4965	0.4256	0.4721	0.4627	0.303	0.0773	0.1063	-0.898625
0.4735	0.4757	0.4864	0.3988	0.344	0.4224	0.3966	0.2198	0.2299	-0.156576
0.4771	0.4778	0.4904	0.4249	0.3933	0.446	0.4765	0.2953	0.2288	-0.88741
0.4739	0.4813	0.4843	0.3988	0.3706	0.4039	0.3869	0.1943	0.2171	-0.156504
0.4866	0.4826	0.498	0.4408	0.3828	0.4732	0.3114	0.1976	0.0809	-1.33085
0.4837	0.4842	0.4952	0.4417	0.4097	0.4451	0.4114	0.2342	0.1018	-1.37321
0.4839	0.4853	0.4944	0.4316	0.4169	0.4675	0.3314	0.2343	0.2171	-1.0704
0.4755	0.468	0.4921	0.4141	0.3423	0.4636	0.4379	0.3041	0.2865	-0.581404
0.4719	0.4758	0.4802	0.4151	0.4058	0.4128	0.5429	0.383	0.3219	-0.608751
0.4846	0.4856	0.4879	0.444	0.43	0.4165	0.404	0.2781	0.1854	-1.4391
0.4758	0.4884	0.4951	0.4216	0.4487	0.4666	0.4857	0.3068	0.1778	-0.798992
0.4741	0.4849	0.473	0.4337	0.4455	0.3547	0.6897	0.4069	0.2685	-1.16132
0.4826	0.4871	0.4958	0.4248	0.4193	0.4551	0.327	0.2073	0.1078	-0.867866
0.4826	0.4783	0.4971	0.44	0.4108	0.4666	0.4359	0.3526	0.0982	-1.32719
0.4669	0.4988	0.4958	0.399	0.4862	0.4841	0.5455	0.0929	0.3689	-0.163481
0.4871	0.4925	0.498	0.4318	0.4594	0.4618	0.25	0.2372	0.0562	-1.04674
0.4811	0.4803	0.4986	0.4449	0.4163	0.4834	0.5526	0.3355	0.0964	-1.48988
0.4704	0.4682	0.4986	0.4174	0.3825	0.4879	0.6094	0.4219	0.1301	-0.675743
0.4792	0.4986	0.4985	0.4154	0.4789	0.4793	0.3571	0.0718	0.0821	-0.613023
0.4827	0.4775	0.4969	0.4405	0.3985	0.4696	0.4366	0.3169	0.1184	-1.33468
0.4811	0.4968	0.4994	0.4292	0.4835	0.4858	0.391	0.2436	0.0417	-1.00329
0.4907	0.4968	0.4975	0.4523	0.4569	0.4567	0.2527	0.0851	0.0638	-1.65669
0.4689	0.4926	0.4942	0.3729	0.4678	0.4384	0.3721	0.3103	0.1117	0.518075
0.4802	0.487	0.4983	0.4181	0.3891	0.4605	0.3478	0.1498	0.0459	-0.692843
0.4724	0.4795	0.4972	0.4077	0.4082	0.4748	0.472	0.3168	0.1257	-0.40336
0.4797	0.4982	0.4982	0.4271	0.4823	0.4843	0.4167	0.1138	0.1317	-0.945683
0.4804	0.4818	0.4982	0.4233	0.4191	0.474	0.371	0.3172	0.0746	-0.838551
0.4822	0.4977	0.4916	0.4179	0.4616	0.4565	0.3013	0.0667	0.251	-0.6886
0.4697	0.4701	0.4943	0.4093	0.3658	0.4732	0.5533	0.3333	0.28	-0.448286
0.4744	0.4869	0.4951	0.4056	0.4327	0.4608	0.4113	0.2587	0.1474	-0.338222
0.4817	0.4809	0.4941	0.4338	0.4141	0.4323	0.411	0.3129	0.1034	-1.14255
0.4776	0.4704	0.4883	0.4324	0.3545	0.4474	0.5337	0.3006	0.3006	-1.11669
0.4826	0.486	0.498	0.4249	0.4165	0.4771	0.3274	0.2202	0.1006	-0.87361
0.4773	0.4949	0.4973	0.4141	0.4709	0.4762	0.3939	0.2169	0.1292	-0.577278
0.479	0.477	0.4958	0.418	0.365	0.4405	0.3757	0.2381	0.0804	-0.688539
0.4767	0.4965	0.4955	0.4148	0.456	0.4487	0.4131	0.0913	0.1009	-0.606381
0.4732	0.4755	0.4853	0.404	0.3857	0.3795	0.4303	0.3091	0.1579	-0.299016
0.4772	0.4705	0.4928	0.4183	0.3563	0.4317	0.4229	0.3029	0.1257	-0.700891
0.4784	0.4864	0.4921	0.4131	0.3917	0.4478	0.3617	0.1615	0.1875	-0.549213
0.4592	0.4756	0.4688	0.3909	0.4131	0.3613	0.6746	0.4286	0.3386	0.054854
0.4825	0.4813	0.4992	0.4266	0.3904	0.4879	0.3387	0.2312	0.0707	-0.931161
0.4827	0.4807	0.4967	0.4359	0.3828	0.4803	0.3941	0.2235	0.2059	-1.20555
0.4626	0.4788	0.4963	0.3738	0.4218	0.481	0.4851	0.403	0.2431	0.494478
0.4826	0.4882	0.4897	0.4368	0.4358	0.4324	0.4041	0.2397	0.1918	-1.22126
0.4694	0.4804	0.4863	0.4202	0.3866	0.4257	0.6769	0.237	0.2444	-0.759141
0.4811	0.4788	0.4952	0.4245	0.4116	0.4793	0.3624	0.3469	0.3061	-0.862585
0.4771	0.4703	0.4941	0.4301	0.3816	0.4773	0.5238	0.381	0.3605	-1.04318
0.4845	0.4771	0.4963	0.4443	0.3688	0.4711	0.408	0.2441	0.1527	-1.43082
0.477	0.4964	0.4978	0.416	0.4817	0.4809	0.4138	0.2466	0.1346	-0.628331
0.4555	0.4611	0.4837	0.3715	0.3439	0.4182	0.6111	0.3956	0.2723	0.566923
0.4725	0.4744	0.4736	0.4196	0.3621	0.3693	0.5664	0.2662	0.2922	-0.740971
0.4713	0.4751	0.4847	0.3867	0.3757	0.3881	0.3846	0.2865	0.1788	0.162805
0.4682	0.4665	0.468	0.3958	0.3748	0.3568	0.4926	0.4191	0.3382	-0.0779244
0.4812	0.4806	0.4967	0.416	0.393	0.4656	0.3152	0.2485	0.1092	-0.620706
0.4856	0.4951	0.4993	0.4324	0.4685	0.4803	0.2914	0.1921	0.0376	-1.08393
0.4807	0.4964	0.4978	0.4213	0.4622	0.4755	0.3523	0.1111	0.1014	-0.783431
0.4795	0.484	0.4824	0.4153	0.4053	0.3877	0.3505	0.2256	0.2103	-0.61348
0.474	0.4914	0.4811	0.4196	0.4606	0.3788	0.5217	0.2892	0.2108	-0.740483
0.4761	0.4798	0.4919	0.4158	0.4019	0.4658	0.4351	0.2885	0.3205	-0.626945
0.4724	0.4723	0.479	0.4073	0.3506	0.3864	0.4688	0.2688	0.2562	-0.390109
0.4678	0.4779	0.472	0.3971	0.4048	0.3635	0.5089	0.3353	0.3006	-0.114062
0.4736	0.4652	0.4899	0.4118	0.3543	0.4587	0.4698	0.3691	0.3356	-0.514031
0.4819	0.4838	0.4976	0.4289	0.4301	0.4699	0.3693	0.3258	0.0895	-0.998157
0.4698	0.4802	0.4926	0.3939	0.3735	0.4597	0.4477	0.2135	0.236	-0.0269528
0.4707	0.4785	0.49	0.409	0.3972	0.4059	0.5238	0.2948	0.1311	-0.442019
0.4768	0.4858	0.4967	0.4143	0.4239	0.4498	0.4068	0.2486	0.0749	-0.586045
0.4798	0.4855	0.4864	0.4339	0.4175	0.4383	0.4718	0.2324	0.3007	-1.14537
0.4589	0.4745	0.4662	0.3144	0.38	0.3267	0.3522	0.3082	0.2956	1.8599
0.4764	0.4812	0.4897	0.4016	0.4087	0.4344	0.3509	0.2865	0.2	-0.232302
0.4758	0.4848	0.4853	0.4274	0.439	0.4049	0.5419	0.3548	0.2025	-0.967774
0.4668	0.4716	0.4957	0.3977	0.3891	0.4674	0.5374	0.3878	0.1582	-0.127828
0.4805	0.4914	0.4957	0.4053	0.4484	0.4661	0.2865	0.2105	0.1508	-0.328162
0.4879	0.4883	0.4973	0.4553	0.4385	0.4731	0.3875	0.25	0.1124	-1.78352
0.4836	0.4786	0.4901	0.4328	0.3918	0.4486	0.3455	0.2775	0.2513	-1.11192
0.479	0.4805	0.4938	0.4041	0.3702	0.4629	0.3107	0.2034	0.209	-0.297123
0.468	0.472	0.4974	0.3973	0.402	0.4761	0.5068	0.4452	0.1227	-0.118526
0.4788	0.4754	0.4921	0.4156	0.3568	0.4237	0.3663	0.2428	0.1257	-0.61919
0.4618	0.4598	0.4753	0.3751	0.3515	0.4074	0.5061	0.439	0.4024	0.467156
0.4539	0.4662	0.4735	0.3752	0.3889	0.399	0.673	0.4938	0.3975	0.470295
0.4856	0.4799	0.495	0.4444	0.3978	0.4714	0.3714	0.2743	0.2171	-1.45582
0.4639	0.4773	0.497	0.3978	0.3915	0.4693	0.6111	0.2973	0.1098	-0.133228
0.4854	0.4891	0.4965	0.4492	0.4272	0.4448	0.4258	0.1899	0.0727	-1.60014
0.4865	0.4953	0.4979	0.4327	0.4701	0.4754	0.2699	0.1902	0.0947	-1.08075
0.4776	0.4824	0.4984	0.414	0.4126	0.4809	0.3867	0.2762	0.0923	-0.577087
0.4762	0.4707	0.4762	0.407	0.3346	0.378	0.3795	0.259	0.2771	-0.379834
0.4835	0.4848	0.4984	0.4238	0.3844	0.4886	0.3006	0.1714	0.1657	-0.840183
0.4736	0.4692	0.4842	0.4111	0.3398	0.3985	0.4651	0.2849	0.2057	-0.497724
0.4787	0.4752	0.4961	0.4291	0.4104	0.4638	0.4626	0.4218	0.1243	-1.00769
0.4818	0.4854	0.499	0.4302	0.4355	0.4794	0.3782	0.3141	0.0545	-1.02971
0.4867	0.4949	0.4952	0.4512	0.4705	0.4721	0.3926	0.2174	0.2148	-1.64227
0.4747	0.4857	0.4948	0.4068	0.4164	0.4767	0.4108	0.2251	0.2919	-0.376622
0.4693	0.4981	0.4983	0.3853	0.4731	0.4784	0.415	0.0798	0.0859	0.200579
0.4816	0.4884	0.4962	0.4163	0.4321	0.4715	0.3082	0.2201	0.1572	-0.628145
0.4815	0.4885	0.4977	0.4179	0.4477	0.4772	0.3184	0.2961	0.1146	-0.679893
0.4723	0.4888	0.4896	0.4014	0.4224	0.3857	0.4356	0.1839	0.113	-0.229063
0.4799	0.4945	0.4975	0.4272	0.4601	0.4744	0.4114	0.1667	0.1129	-0.952885
0.4609	0.4823	0.4881	0.3741	0.4358	0.3703	0.5183	0.4061	0.116	0.493086
0.4689	0.4926	0.4774	0.4067	0.4401	0.3755	0.5538	0.1508	0.2539	-0.380675
0.4793	0.4771	0.4961	0.4233	0.4002	0.482	0.4024	0.3314	0.2781	-0.84048
0.4837	0.4839	0.4976	0.4321	0.3806	0.483	0.3389	0.1778	0.1667	-1.08891
0.4854	0.4951	0.4965	0.4196	0.4684	0.4575	0.241	0.1897	0.0936	-0.718275
0.4835	0.4975	0.4953	0.4365	0.4796	0.4621	0.375	0.1412	0.1471	-1.21436
0.4806	0.4906	0.4958	0.4409	0.4582	0.4559	0.5217	0.3043	0.1096	-1.35811
0.4797	0.4914	0.4959	0.4393	0.4693	0.4599	0.5337	0.4045	0.1194	-1.32512
0.4719	0.4978	0.4989	0.4035	0.4707	0.4821	0.4568	0.0833	0.0667	-0.286892
0.4887	0.4936	0.498	0.4504	0.457	0.4854	0.3099	0.1813	0.1579	-1.61652
0.4693	0.4814	0.4825	0.3884	0.386	0.4029	0.4294	0.221	0.2431	0.12024
0.4798	0.4878	0.4873	0.4279	0.4082	0.4035	0.4194	0.1688	0.1688	-0.969998
0.4768	0.4825	0.495	0.4087	0.4182	0.4768	0.3757	0.2963	0.2804	-0.42865
0.4769	0.478	0.4891	0.4084	0.3833	0.4274	0.371	0.2634	0.1907	-0.419563
0.4806	0.4976	0.4962	0.4334	0.4712	0.464	0.441	0.0944	0.1222	-1.1354
0.4808	0.4899	0.4967	0.4156	0.4461	0.4458	0.3213	0.2443	0.0678	-0.622695
0.4688	0.4821	0.4758	0.3962	0.4114	0.364	0.4812	0.2782	0.2519	-0.0875845
0.4844	0.4822	0.4902	0.4488	0.4288	0.4562	0.4641	0.3595	0.3007	-1.59493
0.4895	0.498	0.4975	0.4563	0.4767	0.4712	0.3315	0.0968	0.0968	-1.80718
0.4802	0.4971	0.4928	0.4238	0.4639	0.4611	0.3793	0.0899	0.2356	-0.851061
0.4779	0.4782	0.4885	0.4172	0.3967	0.4444	0.3978	0.2983	0.2757	-0.666627
0.4685	0.4852	0.4851	0.392	0.3704	0.3785	0.4624	0.1489	0.1596	0.0260748
0.4824	0.4981	0.4972	0.4244	0.4729	0.4685	0.3291	0.0783	0.1024	-0.856267
0.4828	0.4892	0.4974	0.4193	0.4316	0.483	0.2941	0.2011	0.1799	-0.716552
0.4815	0.478	0.4956	0.4305	0.3581	0.4796	0.3892	0.2151	0.2796	-1.0512
0.4779	0.4781	0.4772	0.4067	0.3459	0.3474	0.3436	0.1963	0.2086	-0.369393
0.4771	0.4866	0.4848	0.4121	0.4278	0.3899	0.3873	0.2457	0.1803	-0.52219
0.4778	0.4892	0.4969	0.3989	0.4304	0.4654	0.3132	0.1967	0.101	-0.158979
0.4673	0.4758	0.4844	0.3958	0.3961	0.4102	0.513	0.3397	0.2308	-0.077284
0.4863	0.4839	0.4932	0.4449	0.3778	0.4412	0.3506	0.1731	0.1401	-1.45408
0.4797	0.4881	0.4973	0.4162	0.4305	0.4791	0.3503	0.2229	0.15	-0.62942
0.4706	0.4905	0.496	0.39	0.4469	0.4613	0.4121	0.2312	0.1186	0.0769806
0.4806	0.4779	0.4977	0.4237	0.3945	0.4896	0.369	0.2976	0.2917	-0.846563
0.4802	0.4694	0.4744	0.4245	0.3541	0.3607	0.3846	0.3128	0.2626	-0.878676
0.4805	0.4803	0.4976	0.4283	0.4021	0.4575	0.4022	0.2793	0.0625	-0.985891
0.4871	0.4895	0.4984	0.4456	0.438	0.471	0.3281	0.2188	0.06	-1.48891
0.4799	0.4819	0.4927	0.417	0.3853	0.4643	0.35	0.2128	0.2643	-0.647245
0.4772	0.4709	0.4896	0.4071	0.3702	0.4594	0.3595	0.3333	0.3595	-0.379696
0.4792	0.496	0.4942	0.425	0.445	0.4573	0.4156	0.0824	0.1647	-0.884885
0.4883	0.4827	0.4965	0.4579	0.4111	0.4559	0.4011	0.2655	0.0914	-1.87541
0.4822	0.4837	0.4985	0.4323	0.4187	0.4864	0.3846	0.2727	0.1267	-1.08685
0.4859	0.4985	0.4981	0.411	0.48	0.4719	0.2063	0.0826	0.0739	-0.481138
0.4874	0.4935	0.4985	0.4122	0.4581	0.4824	0.1846	0.1897	0.0936	-0.501548
0.4808	0.4839	0.494	0.4212	0.4201	0.4418	0.35	0.275	0.1227	-0.770256
0.4865	0.4842	0.4965	0.439	0.4028	0.4676	0.3035	0.2146	0.1262	-1.29076
0.4761	0.4775	0.4977	0.4149	0.3845	0.4784	0.4277	0.275	0.119	-0.60193
0.4854	0.4877	0.496	0.4325	0.4165	0.4502	0.297	0.1879	0.093	-1.08493
0.47	0.4862	0.4881	0.3926	0.4404	0.4489	0.4364	0.3212	0.3212	0.00882021
0.4815	0.4771	0.4963	0.4183	0.3523	0.4603	0.3196	0.2165	0.1068	-0.692821
0.4839	0.4877	0.4882	0.4363	0.4202	0.4331	0.3613	0.1987	0.2293	-1.20472
0.4751	0.4747	0.4949	0.4067	0.3872	0.4556	0.4025	0.327	0.1345	-0.372278
0.4752	0.4863	0.483	0.4204	0.4398	0.3414	0.4932	0.3133	0.1429	-0.759488
0.4789	0.4735	0.498	0.4262	0.3699	0.476	0.4337	0.2952	0.0909	-0.925395
0.4632	0.4655	0.4789	0.3724	0.363	0.4151	0.4678	0.3918	0.3626	0.535842
0.4721	0.4904	0.4987	0.3927	0.4616	0.4777	0.3951	0.3457	0.0611	0.00694445
0.4692	0.4785	0.4967	0.388	0.3988	0.4852	0.4294	0.3006	0.2945	0.130676
0.4764	0.4737	0.4963	0.4245	0.3782	0.4833	0.4938	0.3148	0.2866	-0.88151
0.4837	0.4949	0.4961	0.434	0.4527	0.4613	0.352	0.1278	0.116	-1.14558
0.4687	0.4852	0.4879	0.3891	0.4421	0.4002	0.4432	0.3636	0.153	0.103223
0.4737	0.4807	0.492	0.3995	0.4079	0.4644	0.3963	0.2927	0.2988	-0.177182
0.4759	0.4775	0.4831	0.4306	0.4245	0.4018	0.5724	0.4605	0.2303	-1.06269
0.4667	0.4755	0.4773	0.3805	0.348	0.3642	0.4417	0.2275	0.2335	0.326292
0.4822	0.48	0.4963	0.4295	0.3735	0.4822	0.3649	0.2162	0.2703	-1.00523
0.489	0.4984	0.493	0.4479	0.4786	0.4341	0.2822	0.0828	0.1265	-1.52734
0.4866	0.4853	0.4986	0.4524	0.4184	0.486	0.411	0.2397	0.1104	-1.69068
0.4679	0.4835	0.4786	0.4079	0.4127	0.4053	0.5915	0.2552	0.3239	-0.410415
0.4832	0.4873	0.4979	0.4336	0.4336	0.4678	0.3622	0.2541	0.0714	-1.13719
0.4888	0.4965	0.4948	0.4358	0.4737	0.4621	0.2258	0.1596	0.1649	-1.16546
0.4802	0.4838	0.4964	0.4335	0.4239	0.4779	0.4561	0.2924	0.1989	-1.14354
0.4698	0.4774	0.4858	0.403	0.4044	0.3835	0.5029	0.3443	0.1579	-0.273195
0.4718	0.4765	0.4744	0.4058	0.412	0.3936	0.4737	0.4013	0.3553	-0.348353
0.4836	0.4967	0.4966	0.4248	0.4614	0.4554	0.3012	0.0971	0.0857	-0.865703
0.4769	0.4865	0.4866	0.4113	0.413	0.4033	0.3886	0.2011	0.1788	-0.500925
0.4748	0.4877	0.4983	0.3968	0.4228	0.476	0.3617	0.2053	0.08	-0.103276
0.4872	0.4858	0.4965	0.4398	0.388	0.4685	0.2881	0.1638	0.1311	-1.29809
0.4783	0.4694	0.497	0.439	0.3724	0.4774	0.5874	0.3636	0.1595	-1.30928
0.4731	0.4766	0.4802	0.4007	0.4019	0.4141	0.4146	0.3476	0.3293	-0.209707
0.4833	0.4866	0.4949	0.4268	0.4013	0.4636	0.3196	0.1753	0.1701	-0.934353
0.4814	0.4858	0.497	0.4207	0.4234	0.4782	0.3333	0.2473	0.163	-0.758995
0.4782	0.4898	0.4979	0.4121	0.4502	0.4706	0.3616	0.2712	0.0781	-0.520741
0.4837	0.49	0.4957	0.4428	0.4571	0.4637	0.4238	0.3179	0.1392	-1.40761
0.4841	0.496	0.4929	0.4321	0.4626	0.4373	0.3274	0.125	0.1364	-1.08101
0.487	0.4953	0.4957	0.4337	0.4655	0.4663	0.262	0.1632	0.1503	-1.11811
0.478	0.48	0.4952	0.4208	0.4077	0.4542	0.4188	0.3062	0.1235	-0.76699
0.4776	0.4818	0.4833	0.3979	0.3924	0.4091	0.3143	0.2286	0.2476	-0.134087
0.4756	0.4763	0.4955	0.404	0.3589	0.4754	0.3778	0.2363	0.2278	-0.297421
0.4787	0.48	0.4788	0.4236	0.4024	0.3872	0.4204	0.2866	0.2611	-0.846503
0.4713	0.4685	0.4652	0.4014	0.3607	0.3474	0.4578	0.3413	0.3512	-0.229946
0.4862	0.4841	0.4977	0.4495	0.3868	0.4746	0.3947	0.1842	0.1026	-1.60165
0.4826	0.4961	0.4978	0.4334	0.4774	0.4814	0.3782	0.2166	0.1394	-1.12437
0.4815	0.4956	0.4972	0.4432	0.4796	0.4728	0.5127	0.2812	0.117	-1.43404
0.4609	0.4867	0.4925	0.3894	0.4187	0.4415	0.619	0.2125	0.1562	0.0945641
0.4787	0.4851	0.4976	0.4165	0.4169	0.4796	0.375	0.2381	0.1387	-0.64327
0.4767	0.4882	0.4967	0.4053	0.4418	0.4844	0.3621	0.2701	0.2759	-0.332102
0.4704	0.4879	0.4983	0.4036	0.4524	0.4822	0.493	0.3592	0.1083	-0.289507
0.4856	0.4945	0.4986	0.4477	0.4699	0.476	0.4	0.2324	0.0653	-1.56642
0.4825	0.4911	0.4988	0.4365	0.4435	0.4837	0.4061	0.1988	0.0814	-1.22216
0.4685	0.4658	0.4837	0.4063	0.3557	0.3935	0.5608	0.3649	0.2025	-0.366393
0.4912	0.4893	0.4888	0.4633	0.4161	0.415	0.3256	0.1591	0.1657	-2.01631
0.4677	0.4733	0.4723	0.375	0.3791	0.3638	0.4	0.3235	0.2965	0.46562
0.4853	0.4757	0.4984	0.4525	0.3902	0.4739	0.4709	0.3198	0.0659	-1.72049
0.4788	0.4727	0.4971	0.4227	0.3676	0.4657	0.4096	0.3012	0.0939	-0.82226
0.4724	0.4772	0.4844	0.4004	0.417	0.4015	0.4261	0.4148	0.2088	-0.201658
0.4756	0.4761	0.4874	0.4185	0.3778	0.4403	0.4653	0.2778	0.2847	-0.702016
0.4737	0.4962	0.4985	0.3959	0.473	0.4666	0.3779	0.1667	0.0492	-0.0793524
0.4821	0.4876	0.4944	0.4335	0.4093	0.4412	0.3953	0.1744	0.113	-1.13439
0.4748	0.4832	0.4901	0.4137	0.425	0.393	0.4529	0.3118	0.1148	-0.571006
0.4753	0.481	0.4834	0.4113	0.4154	0.3585	0.4249	0.3161	0.155	-0.505326
0.4794	0.477	0.498	0.4081	0.3489	0.4724	0.3182	0.2121	0.0802	-0.408516
0.477	0.4928	0.4972	0.4184	0.4547	0.4802	0.4294	0.1977	0.1695	-0.704505
0.4789	0.4751	0.496	0.4335	0.3735	0.4579	0.5	0.2816	0.1087	-1.1472
0.4757	0.4832	0.4977	0.4227	0.4411	0.4741	0.4966	0.4228	0.1	-0.824833
0.4734	0.467	0.4975	0.4176	0.3818	0.4891	0.5197	0.4408	0.3026	-0.681393
0.4863	0.4861	0.4963	0.4308	0.3951	0.4729	0.2642	0.171	0.1598	-1.0376
0.4827	0.4833	0.4995	0.432	0.3877	0.4888	0.3675	0.1976	0.0455	-1.08477
0.4641	0.4688	0.4833	0.3845	0.3671	0.4216	0.5132	0.3553	0.2949	0.224203
0.4699	0.4794	0.478	0.3795	0.3911	0.3331	0.381	0.2629	0.1829	0.350001
0.4747	0.4721	0.4936	0.4026	0.3465	0.4722	0.3892	0.2635	0.3054	-0.258593
0.4776	0.4942	0.4961	0.4114	0.4578	0.4655	0.3716	0.1677	0.1304	-0.495589
0.469	0.4811	0.4989	0.3783	0.4083	0.4867	0.391	0.2866	0.0872	0.379811
0.4693	0.4821	0.4872	0.4087	0.3904	0.4273	0.5595	0.2203	0.2303	-0.435012
0.4658	0.4684	0.49	0.3957	0.3818	0.449	0.5466	0.4161	0.2573	-0.07604
0.4736	0.4926	0.4935	0.4091	0.4535	0.4553	0.4522	0.1976	0.1796	-0.43921
0.4769	0.4729	0.4991	0.4191	0.3962	0.4832	0.4351	0.3961	0.0588	-0.719837
0.4828	0.4928	0.4935	0.4285	0.4336	0.4382	0.3419	0.1302	0.1243	-0.973736
0.4829	0.4897	0.4946	0.4181	0.415	0.4553	0.2881	0.1508	0.1453	-0.678581
0.4864	0.4832	0.4988	0.4378	0.391	0.4799	0.2981	0.205	0.0647	-1.23517
0.4837	0.4841	0.4965	0.4246	0.4146	0.4538	0.2986	0.2512	0.0852	-0.871924
0.4662	0.4563	0.4744	0.404	0.3649	0.4137	0.6028	0.5563	0.4621	-0.301559
0.4829	0.4953	0.4953	0.4494	0.459	0.4786	0.539	0.1342	0.2908	-1.62057
0.4754	0.4774	0.4909	0.4258	0.406	0.4655	0.5379	0.3493	0.3724	-0.915999
0.4632	0.4695	0.4938	0.3773	0.3955	0.4481	0.491	0.4611	0.1436	0.411459
0.4776	0.4806	0.4983	0.4193	0.4104	0.4767	0.4195	0.3034	0.0829	-0.727843
0.4752	0.4819	0.4951	0.419	0.4119	0.4752	0.4823	0.2837	0.2553	-0.715281
0.4739	0.4719	0.4858	0.4222	0.3875	0.3986	0.5494	0.3765	0.1813	-0.816545
0.4902	0.4966	0.4975	0.4529	0.4677	0.47	0.2749	0.1221	0.093	-1.67974
0.481	0.4787	0.4962	0.432	0.4119	0.4681	0.4172	0.3497	0.1381	-1.09073
0.476	0.4759	0.4994	0.4223	0.4084	0.4878	0.4867	0.3933	0.0536	-0.814728
0.4867	0.4876	0.4972	0.4594	0.4368	0.4798	0.5091	0.2606	0.1667	-1.93677
0.4934	0.4965	0.4971	0.4578	0.4534	0.4662	0.1953	0.0864	0.0955	-1.81224
0.4806	0.4932	0.4965	0.4338	0.4689	0.4706	0.4437	0.2867	0.1379	-1.13996
0.4826	0.4857	0.4964	0.4374	0.4238	0.4823	0.4128	0.25	0.2558	-1.2528
0.48	0.4871	0.4861	0.4278	0.4367	0.3629	0.4132	0.2738	0.131	-0.969982
0.4725	0.4748	0.482	0.4102	0.3901	0.4273	0.487	0.3355	0.3548	-0.470842
0.4827	0.4845	0.4984	0.4396	0.4117	0.4798	0.4278	0.2337	0.0872	-1.32361
0.4806	0.4959	0.4955	0.4243	0.4587	0.4656	0.3741	0.1161	0.1548	-0.858288
0.4753	0.4752	0.4815	0.4149	0.3922	0.4161	0.4485	0.3351	0.3093	-0.607311
0.4787	0.4889	0.4889	0.4048	0.4437	0.4132	0.3189	0.2595	0.1604	-0.317348
0.4734	0.49	0.4937	0.3901	0.4494	0.4583	0.3602	0.2607	0.186	0.074468
0.4829	0.4831	0.499	0.4124	0.399	0.4823	0.2664	0.2243	0.0617	-0.526306
0.4851	0.4955	0.4971	0.445	0.4578	0.4641	0.3935	0.1235	0.0926	-1.46817
0.4745	0.4775	0.4973	0.4001	0.4079	0.4612	0.3807	0.358	0.0789	-0.191061
0.4823	0.4814	0.496	0.4282	0.3787	0.477	0.3529	0.2065	0.2129	-0.966322
0.4684	0.4664	0.4913	0.399	0.3538	0.4692	0.5085	0.3516	0.4066	-0.165102
0.4725	0.4838	0.487	0.4088	0.4271	0.418	0.4767	0.3081	0.2045	-0.43489
0.4663	0.4731	0.4816	0.3913	0.3358	0.3835	0.5058	0.2356	0.2126	0.0436024
0.4647	0.4721	0.4976	0.3745	0.3446	0.4678	0.4497	0.2604	0.0838	0.480727
0.4797	0.4901	0.4895	0.4428	0.4405	0.433	0.5839	0.2115	0.1987	-1.42601
0.467	0.4898	0.4932	0.4109	0.4627	0.4275	0.649	0.391	0.1111	-0.49681
0.4734	0.4767	0.4981	0.3905	0.398	0.4787	0.362	0.3313	0.1	0.0644464
0.4706	0.4671	0.4815	0.4023	0.3576	0.4062	0.4789	0.3526	0.2723	-0.254666
0.4717	0.4862	0.4954	0.4124	0.406	0.4714	0.5235	0.1899	0.1962	-0.535407
0.486	0.4968	0.4969	0.44	0.4417	0.4728	0.3255	0.0625	0.1324	-1.32785
0.4909	0.4924	0.4986	0.4572	0.4349	0.4896	0.2818	0.1413	0.1522	-1.81738
0.4775	0.4921	0.4941	0.4119	0.4287	0.4546	0.377	0.1343	0.1558	-0.518194
0.4735	0.4791	0.4932	0.413	0.4059	0.4674	0.4795	0.3151	0.274	-0.547254
0.477	0.4741	0.4887	0.4239	0.3838	0.4477	0.4694	0.3265	0.2925	-0.855882
0.4865	0.4958	0.4967	0.4488	0.475	0.4737	0.3795	0.2048	0.1453	-1.58673
0.4866	0.492	0.4959	0.4443	0.4546	0.4646	0.3354	0.2256	0.1345	-1.43964
0.4643	0.4958	0.4969	0.3851	0.4794	0.4685	0.5128	0.2589	0.1116	0.209111
0.48	0.4824	0.4911	0.4213	0.4101	0.459	0.3711	0.268	0.2887	-0.78328
0.4819	0.4918	0.4994	0.4206	0.4542	0.4892	0.3222	0.2278	0.0642	-0.754434
0.4781	0.473	0.4792	0.4144	0.3577	0.362	0.3771	0.2743	0.2067	-0.58457
0.4701	0.4677	0.4944	0.4009	0.354	0.4789	0.4822	0.335	0.3655	-0.217274
0.4661	0.4921	0.4958	0.3832	0.4651	0.4623	0.4658	0.3049	0.1299	0.255614
0.4827	0.4983	0.498	0.4327	0.4812	0.4878	0.3702	0.1011	0.1989	-1.10963
0.4774	0.4975	0.499	0.4276	0.4759	0.4777	0.4899	0.1166	0.0491	-0.966998
0.4861	0.4884	0.4943	0.4427	0.4422	0.4475	0.3388	0.2663	0.1289	-1.40036
0.4487	0.463	0.4601	0.3502	0.3358	0.3169	0.6184	0.3503	0.3439	1.09083
0.4793	0.4838	0.4944	0.4207	0.3941	0.4291	0.3854	0.2031	0.0923	-0.769201
0.4886	0.4813	0.4968	0.4525	0.3716	0.4745	0.3333	0.1964	0.1494	-1.68665
0.4794	0.4874	0.4963	0.3999	0.4396	0.4487	0.289	0.2798	0.0823	-0.186819
0.4669	0.4887	0.4908	0.4011	0.4604	0.4211	0.5617	0.4146	0.1437	-0.223603
0.4573	0.4672	0.4935	0.3678	0.3785	0.427	0.5529	0.4235	0.1058	0.657784
0.4849	0.4928	0.4992	0.4314	0.4352	0.4886	0.3046	0.1333	0.0761	-1.05853
0.4754	0.4745	0.497	0.3996	0.3723	0.4653	0.3626	0.2865	0.0978	-0.177705
0.4706	0.4715	0.4876	0.4112	0.3949	0.4506	0.5455	0.4167	0.3526	-0.502406
0.4766	0.4822	0.4862	0.4081	0.4183	0.3899	0.3764	0.3034	0.1613	-0.410972
0.4804	0.4752	0.491	0.4048	0.3634	0.4356	0.2874	0.2575	0.1737	-0.31359
0.4767	0.4768	0.499	0.3891	0.3631	0.4836	0.3006	0.237	0.0649	0.100524
0.4772	0.481	0.4989	0.3986	0.392	0.4836	0.3245	0.2394	0.0739	-0.151154
0.4877	0.4983	0.4983	0.4435	0.479	0.4766	0.2949	0.0909	0.0788	-1.39726
0.4801	0.4796	0.4959	0.4079	0.397	0.461	0.3034	0.2753	0.1223	-0.399202
0.4847	0.4881	0.4933	0.4412	0.4438	0.4642	0.375	0.2857	0.2381	-1.35882
0.4693	0.4661	0.4967	0.4065	0.351	0.4721	0.5407	0.3481	0.14	-0.367599
0.4789	0.4985	0.4975	0.4106	0.483	0.4709	0.3408	0.0957	0.0957	-0.479056
0.4698	0.4728	0.4884	0.4085	0.3913	0.4535	0.5432	0.3765	0.3497	-0.428043
0.4656	0.48	0.478	0.3792	0.3944	0.3738	0.4558	0.2614	0.2418	0.357758
0.4906	0.4958	0.4967	0.4538	0.465	0.4774	0.2667	0.14	0.1733	-1.68545
0.4842	0.4979	0.4977	0.442	0.4781	0.4753	0.3978	0.1088	0.1036	-1.39162
0.4707	0.4956	0.4961	0.3921	0.438	0.4594	0.42	0.0807	0.1118	0.0205913
0.4899	0.4814	0.4925	0.4568	0.387	0.44	0.3171	0.2229	0.152	-1.80774
0.4713	0.4781	0.4804	0.3981	0.3988	0.4054	0.4383	0.3086	0.2901	-0.139518
0.4835	0.4902	0.4891	0.4324	0.4097	0.4209	0.3473	0.1337	0.1737	-1.09278
0.4786	0.4974	0.4938	0.428	0.472	0.4708	0.4551	0.1071	0.2756	-0.97662
0.4815	0.4877	0.497	0.4341	0.4289	0.4791	0.4188	0.225	0.1687	-1.15294
0.492	0.4984	0.4975	0.4488	0.4802	0.4591	0.1954	0.0904	0.0678	-1.51419
0.4704	0.4907	0.4944	0.3893	0.442	0.4679	0.4128	0.2022	0.2191	0.0969576
0.4732	0.4825	0.4795	0.3988	0.4208	0.4216	0.4013	0.3082	0.3836	-0.157869
0.487	0.4849	0.497	0.4317	0.3865	0.4551	0.2525	0.1733	0.0758	-1.06494
0.472	0.4764	0.4766	0.4163	0.3995	0.379	0.551	0.3423	0.2733	-0.644882
0.4802	0.4874	0.49	0.3961	0.4285	0.4258	0.2637	0.2308	0.1676	-0.0828487
0.4787	0.4716	0.4958	0.4243	0.3858	0.4823	0.4236	0.375	0.3125	-0.864054
0.4744	0.4793	0.4787	0.3911	0.3772	0.353	0.3455	0.2318	0.1991	0.0482231
0.4587	0.4595	0.471	0.3633	0.3137	0.3621	0.5056	0.3444	0.3111	0.768371
0.4794	0.4947	0.4942	0.4307	0.4424	0.4479	0.4541	0.1077	0.1333	-1.06371
0.4779	0.4944	0.4983	0.4184	0.475	0.4705	0.4046	0.2948	0.0638	-0.701941
0.4688	0.4907	0.4968	0.406	0.4605	0.4601	0.5503	0.3203	0.0898	-0.356083
0.4873	0.4797	0.4979	0.4455	0.3925	0.4713	0.3218	0.2621	0.0829	-1.48974
0.472	0.4703	0.494	0.4049	0.3939	0.4715	0.4615	0.4359	0.2767	-0.324448
0.4803	0.4896	0.4919	0.4259	0.4292	0.4557	0.3929	0.1857	0.234	-0.902675
0.4846	0.4858	0.4963	0.4311	0.384	0.4726	0.31	0.1584	0.1584	-1.0587
0.4754	0.4827	0.4837	0.4178	0.3933	0.3939	0.4675	0.2174	0.2037	-0.684309
0.4871	0.4786	0.499	0.4434	0.3575	0.4841	0.3131	0.2071	0.0714	-1.42318
0.4845	0.471	0.4982	0.4384	0.3423	0.4787	0.3575	0.2694	0.0927	-1.2817
0.4793	0.4927	0.4973	0.4063	0.4661	0.4604	0.314	0.2849	0.0757	-0.356581
0.4849	0.497	0.4987	0.4444	0.4861	0.4777	0.3952	0.2798	0.0615	-1.45758
0.4667	0.4825	0.4929	0.3928	0.4275	0.4293	0.5068	0.3446	0.121	0.00248606
0.4697	0.4785	0.4971	0.4033	0.4053	0.4743	0.5068	0.3243	0.1325	-0.280758
0.4648	0.4703	0.471	0.3824	0.3365	0.3548	0.4863	0.2674	0.2941	0.280341
0.4858	0.4817	0.4982	0.4361	0.3954	0.4747	0.3062	0.2375	0.0778	-1.18788
0.4907	0.4927	0.4961	0.458	0.4412	0.4619	0.2984	0.1515	0.12	-1.85614
0.4882	0.4776	0.4954	0.4553	0.3819	0.4756	0.378	0.2667	0.2364	-1.78297
0.4811	0.477	0.4861	0.4411	0.3792	0.4331	0.5033	0.268	0.281	-1.36952
0.4699	0.4785	0.4981	0.3736	0.3844	0.4708	0.3597	0.259	0.0733	0.49306
0.4774	0.4769	0.483	0.4262	0.368	0.4138	0.478	0.2454	0.2699	-0.928616
0.4774	0.473	0.4818	0.4105	0.3692	0.3576	0.3716	0.3005	0.1711	-0.477926
0.4649	0.4872	0.482	0.3901	0.4308	0.38	0.529	0.2453	0.2013	0.0747355
0.4841	0.4938	0.498	0.4427	0.4674	0.4833	0.4066	0.2418	0.1398	-1.41276
0.4586	0.4972	0.4968	0.3617	0.4755	0.4787	0.5	0.1322	0.1782	0.804061
0.4788	0.4947	0.497	0.4252	0.4515	0.4745	0.4295	0.1296	0.1358	-0.894161
0.4882	0.4915	0.4974	0.4365	0.4332	0.48	0.2438	0.1562	0.1515	-1.18004
0.4485	0.4766	0.4788	0.37	0.4273	0.4062	0.7609	0.5139	0.3226	0.604222
0.47	0.4835	0.4742	0.3921	0.3966	0.3786	0.434	0.2121	0.3082	0.0219612
0.486	0.4848	0.4957	0.4442	0.3964	0.4768	0.3567	0.1919	0.2312	-1.44456
0.4818	0.4866	0.497	0.4219	0.4178	0.4826	0.3294	0.2118	0.2118	-0.790165
0.4815	0.4965	0.497	0.4321	0.4634	0.47	0.4034	0.1111	0.1164	-1.09546
0.4754	0.4864	0.481	0.416	0.396	0.4074	0.4534	0.1677	0.2857	-0.635374
0.4821	0.4868	0.495	0.4292	0.4274	0.4743	0.3642	0.2407	0.2469	-1.00027
0.4751	0.486	0.4933	0.3976	0.4306	0.4485	0.359	0.2718	0.1571	-0.125279
0.4748	0.4988	0.4983	0.4006	0.4843	0.4803	0.3778	0.0816	0.0952	-0.20282
0.4621	0.4767	0.4754	0.3972	0.4277	0.4017	0.6554	0.5135	0.3718	-0.117386
0.4829	0.4979	0.4984	0.4462	0.4757	0.4763	0.4909	0.0968	0.0753	-1.52511
0.4805	0.4968	0.4964	0.4387	0.4703	0.4626	0.4969	0.1222	0.1111	-1.29869
0.4863	0.4961	0.4982	0.4507	0.4567	0.4567	0.4067	0.1026	0.0449	-1.6394
0.4669	0.4832	0.492	0.3937	0.431	0.4554	0.5067	0.3467	0.2278	-0.0194942
0.481	0.4869	0.4978	0.4236	0.4144	0.473	0.359	0.1975	0.0893	-0.839667
0.4781	0.4803	0.4977	0.4041	0.3936	0.4631	0.3279	0.2554	0.0704	-0.300156
0.4689	0.4957	0.4979	0.3916	0.4761	0.4766	0.4529	0.226	0.1011	0.035945
0.4747	0.4803	0.4862	0.3984	0.4051	0.4406	0.3697	0.2909	0.3212	-0.145472
0.4617	0.4776	0.4783	0.3786	0.4129	0.3667	0.5263	0.3791	0.225	0.378387
0.4777	0.4913	0.4972	0.4097	0.4595	0.4621	0.3621	0.2874	0.0842	-0.454001
0.4817	0.4883	0.4925	0.4244	0.3909	0.452	0.3452	0.1353	0.1953	-0.863014
0.4775	0.4751	0.4969	0.4051	0.3893	0.4684	0.3452	0.3274	0.1111	-0.326363
0.4818	0.4956	0.4982	0.42	0.4779	0.4714	0.32	0.2533	0.0701	-0.728124
0.4749	0.4901	0.4833	0.424	0.4436	0.3921	0.5337	0.227	0.2061	-0.869046
0.4835	0.4956	0.4945	0.4372	0.4732	0.4561	0.3806	0.2025	0.1491	-1.23304
0.489	0.4912	0.4976	0.4438	0.4528	0.4753	0.2581	0.2419	0.1117	-1.41047
0.4724	0.4798	0.4965	0.3897	0.3924	0.4657	0.3757	0.2599	0.1189	0.0862766
0.4833	0.4983	0.4983	0.4032	0.4833	0.4786	0.2312	0.1117	0.0863	-0.269361
0.4784	0.4984	0.4981	0.3857	0.4808	0.4772	0.2637	0.0933	0.0933	0.185935
0.4859	0.4898	0.4906	0.4315	0.4258	0.4294	0.2796	0.172	0.1649	-1.06101
0.4814	0.4888	0.4909	0.4238	0.4208	0.4326	0.35	0.1786	0.1667	-0.844331
0.4833	0.4883	0.4875	0.4176	0.4016	0.3938	0.2781	0.1497	0.1497	-0.665178
0.4753	0.4906	0.497	0.3945	0.4477	0.4561	0.343	0.2326	0.0761	-0.0413768
0.4789	0.4978	0.4963	0.4161	0.4833	0.4607	0.3663	0.153	0.1093	-0.631658
0.4853	0.4826	0.4967	0.4321	0.4023	0.476	0.2973	0.2406	0.1658	-1.08101
0.4821	0.4736	0.4886	0.4332	0.387	0.4358	0.3939	0.3455	0.2303	-1.12451
0.4814	0.4929	0.4949	0.4261	0.4643	0.448	0.3626	0.2573	0.1136	-0.915339
0.4859	0.4813	0.494	0.442	0.3798	0.4661	0.3409	0.2102	0.2216	-1.37646
0.4715	0.4717	0.4949	0.3977	0.3767	0.4566	0.4321	0.3415	0.1387	-0.129056
0.4804	0.4899	0.489	0.4203	0.4529	0.4116	0.3545	0.2857	0.1554	-0.752248
0.4873	0.49	0.4969	0.4486	0.4265	0.4526	0.3459	0.1693	0.0725	-1.58165
0.4798	0.4894	0.4977	0.4159	0.4303	0.4679	0.3462	0.1923	0.0789	-0.627591
0.4727	0.4828	0.4987	0.4031	0.4325	0.4834	0.4356	0.3681	0.087	-0.276033
0.4666	0.4986	0.4975	0.398	0.4799	0.4711	0.5443	0.0769	0.0989	-0.136468
0.4889	0.497	0.4953	0.459	0.4654	0.4347	0.3867	0.0995	0.0838	-1.90844
0.4874	0.4905	0.495	0.4488	0.4254	0.4632	0.3452	0.1588	0.1637	-1.57674
0.4776	0.4809	0.4956	0.4135	0.3971	0.4483	0.3834	0.2539	0.098	-0.56505
0.4838	0.4967	0.4967	0.439	0.4741	0.4701	0.3851	0.1497	0.1257	-1.29051
0.458	0.4742	0.4783	0.3826	0.3111	0.3671	0.6352	0.1965	0.2254	0.277121
0.4857	0.4966	0.4982	0.4327	0.4531	0.4765	0.2895	0.0821	0.0872	-1.09816
0.4793	0.4787	0.4894	0.4252	0.3843	0.4488	0.4145	0.2566	0.2763	-0.88985
0.4794	0.4795	0.4847	0.418	0.3851	0.4288	0.3669	0.2456	0.2941	-0.68565
0.4888	0.496	0.4947	0.4434	0.4624	0.4677	0.2626	0.1244	0.2011	-1.39664
0.4872	0.4981	0.4967	0.4275	0.4725	0.4652	0.2323	0.0777	0.1068	-0.937296
0.4802	0.4962	0.4966	0.402	0.4796	0.458	0.2811	0.2324	0.0923	-0.241283
0.4835	0.4977	0.4953	0.4439	0.4751	0.4802	0.4424	0.1023	0.3212	-1.45047
0.4732	0.4681	0.4925	0.405	0.3396	0.4624	0.4364	0.297	0.2606	-0.327277
0.4702	0.4825	0.4895	0.3949	0.333	0.4285	0.4438	0.1412	0.1864	-0.0517135
0.4582	0.4761	0.4819	0.3752	0.415	0.4006	0.5782	0.4286	0.2484	0.466524
0.4693	0.4841	0.4828	0.3755	0.3751	0.3812	0.3763	0.1675	0.1921	0.454202
0.4698	0.4825	0.4844	0.3647	0.3666	0.3791	0.3333	0.1744	0.1692	0.718715
0.477	0.4807	0.4959	0.4099	0.3972	0.4549	0.3765	0.2588	0.1044	-0.45911
0.4846	0.4901	0.4982	0.4331	0.454	0.4812	0.3222	0.2889	0.1094	-1.11361
0.4727	0.4846	0.49	0.4247	0.4317	0.4321	0.6184	0.3137	0.1847	-0.892798
0.4862	0.4849	0.4945	0.4496	0.3889	0.4598	0.3964	0.1775	0.1657	-1.61412
0.4815	0.4885	0.4873	0.4247	0.4269	0.4039	0.3536	0.2022	0.1693	-0.875132
0.4617	0.4571	0.4659	0.3819	0.3264	0.3596	0.5478	0.4013	0.3758	0.29342
0.4733	0.4771	0.482	0.4076	0.3991	0.3764	0.449	0.3265	0.195	-0.401532
0.4782	0.4756	0.4791	0.4241	0.3696	0.3601	0.4356	0.2651	0.2048	-0.863232
0.4879	0.4909	0.4903	0.4395	0.4441	0.4105	0.2667	0.2056	0.1333	-1.28426
0.4704	0.4769	0.4814	0.4042	0.3898	0.3731	0.4971	0.2982	0.1977	-0.307837
0.4791	0.4799	0.4711	0.4376	0.4231	0.3711	0.5362	0.3841	0.3333	-1.26093
0.4922	0.4837	0.4963	0.4604	0.4083	0.455	0.2539	0.2383	0.0941	-1.91023
0.4686	0.4713	0.499	0.3953	0.3641	0.4803	0.4805	0.3117	0.0526	-0.0642729
0.4767	0.4972	0.4972	0.4031	0.4856	0.4729	0.3522	0.2422	0.1163	-0.272122
0.461	0.4969	0.4962	0.4011	0.4799	0.4855	0.7259	0.1859	0.3655	-0.223763
0.4795	0.4985	0.4987	0.4109	0.4772	0.4818	0.329	0.0727	0.0788	-0.479428
0.4698	0.4883	0.4794	0.4089	0.4576	0.3979	0.5471	0.4	0.2825	-0.439577
0.4657	0.4718	0.4719	0.3936	0.3638	0.3389	0.5347	0.3034	0.2534	-0.0178853
0.4584	0.4951	0.4916	0.372	0.448	0.4182	0.5563	0.1111	0.1242	0.546032
0.4907	0.4908	0.4971	0.4568	0.4333	0.4703	0.2866	0.172	0.1125	-1.79074
0.4847	0.4919	0.4954	0.4246	0.4465	0.442	0.276	0.1875	0.0909	-0.864895
0.4762	0.4819	0.4908	0.4177	0.413	0.4326	0.4438	0.2875	0.1687	-0.680129
0.4808	0.4805	0.4951	0.4224	0.3852	0.4462	0.3584	0.2312	0.1061	-0.810545
0.4828	0.4867	0.498	0.4299	0.427	0.4583	0.3497	0.2404	0.0515	-1.02591
0.4752	0.4983	0.4975	0.3964	0.4705	0.4758	0.3529	0.0615	0.1173	-0.0926167
0.4883	0.4956	0.4981	0.4496	0.4723	0.4781	0.32	0.1943	0.095	-1.59924
0.4867	0.4887	0.4964	0.4429	0.4332	0.4687	0.3219	0.2192	0.1364	-1.38305
0.4854	0.4853	0.4971	0.4273	0.412	0.4707	0.2723	0.2199	0.1139	-0.940341
0.4806	0.4863	0.4917	0.4254	0.4366	0.4346	0.3791	0.2941	0.1553	-0.890665
0.4854	0.4941	0.4973	0.4474	0.4716	0.4757	0.4074	0.2699	0.1279	-1.54801
0.4707	0.4799	0.4885	0.3957	0.4105	0.3989	0.4375	0.3177	0.1436	-0.0747702
0.4882	0.4842	0.4975	0.4547	0.4074	0.469	0.3675	0.2275	0.0904	-1.76286
0.4798	0.4971	0.4966	0.4092	0.4693	0.4664	0.3161	0.1093	0.1148	-0.437582
0.472	0.4682	0.4864	0.3978	0.346	0.3234	0.4226	0.3095	0.1017	-0.131252
0.4834	0.4767	0.4963	0.4189	0.3889	0.4557	0.2814	0.2994	0.096	-0.697998
0.4819	0.482	0.4983	0.4218	0.4083	0.4854	0.328	0.2688	0.134	-0.790685
0.4635	0.4785	0.4802	0.3702	0.3699	0.3759	0.4528	0.2289	0.2169	0.587795
0.4781	0.4815	0.4964	0.4238	0.4114	0.4803	0.436	0.2907	0.2267	-0.857631
0.4794	0.4842	0.4948	0.4115	0.393	0.4683	0.3333	0.1944	0.2014	-0.493999
0.4629	0.472	0.4786	0.4024	0.3794	0.3941	0.6835	0.3453	0.2847	-0.259739
0.4703	0.4723	0.4842	0.3743	0.3491	0.4107	0.3557	0.2667	0.2362	0.484498
0.4837	0.4871	0.4967	0.4278	0.4178	0.4615	0.3152	0.2032	0.0964	-0.960891
0.4774	0.4747	0.4863	0.4019	0.3677	0.4345	0.3333	0.2732	0.2842	-0.241294
0.4877	0.4982	0.4988	0.4488	0.4751	0.4813	0.3333	0.0813	0.067	-1.58999
0.4819	0.4897	0.4958	0.4484	0.4546	0.4788	0.5682	0.3066	0.2555	-1.58703
0.4701	0.4817	0.4977	0.3901	0.424	0.4713	0.4221	0.3442	0.0915	0.0751065
0.4848	0.4898	0.4949	0.4431	0.4548	0.4561	0.3885	0.3043	0.1361	-1.40106
0.468	0.4675	0.4852	0.3998	0.3798	0.4491	0.5232	0.4238	0.4305	-0.186573
0.4731	0.4896	0.4929	0.3825	0.4183	0.4634	0.3385	0.1594	0.25	0.272715
0.4667	0.4728	0.4827	0.3968	0.3787	0.4326	0.5341	0.3295	0.3693	-0.10501
0.4718	0.4849	0.4972	0.4075	0.445	0.4661	0.4859	0.4011	0.0933	-0.399129
0.484	0.4862	0.4953	0.4343	0.4264	0.4713	0.3446	0.2486	0.2	-1.15113
0.4721	0.4939	0.4952	0.4197	0.4446	0.4501	0.5811	0.1312	0.1125	-0.74596
0.4643	0.4739	0.4813	0.3739	0.3834	0.4058	0.455	0.328	0.2732	0.499887
0.475	0.4865	0.4947	0.4197	0.4245	0.443	0.4932	0.2368	0.1097	-0.739571
0.4791	0.4969	0.4983	0.4287	0.4527	0.4804	0.4469	0.0725	0.0984	-1.00203
0.4715	0.4843	0.484	0.4097	0.4015	0.3749	0.5097	0.2112	0.1677	-0.459751
0.47	0.4775	0.4786	0.3945	0.3793	0.3785	0.4451	0.2611	0.2444	-0.0428321
0.4874	0.4899	0.4983	0.4447	0.4258	0.4788	0.311	0.1707	0.0872	-1.44276
0.4741	0.4891	0.4928	0.4052	0.4507	0.3586	0.4167	0.2976	0.0621	-0.332223
0.4871	0.4791	0.4975	0.4521	0.3982	0.4769	0.3885	0.2878	0.1233	-1.66928
0.4814	0.4925	0.4964	0.4224	0.4564	0.4664	0.3434	0.2169	0.1235	-0.805668
0.4807	0.4976	0.4983	0.4041	0.4866	0.4815	0.2791	0.2209	0.1056	-0.296191
0.4746	0.4666	0.4945	0.4174	0.3265	0.4752	0.4848	0.2909	0.2909	-0.675308
0.4859	0.4776	0.4798	0.4487	0.3894	0.3885	0.3988	0.2857	0.25	-1.58666
0.4533	0.4438	0.4521	0.3548	0.2907	0.2899	0.559	0.472	0.3789	0.976856
0.4698	0.4972	0.4906	0.4196	0.476	0.4627	0.6571	0.1325	0.3517	-0.744312
0.4732	0.4691	0.4986	0.4115	0.3361	0.481	0.4774	0.2795	0.0795	-0.507351
0.4803	0.4934	0.4938	0.4237	0.4433	0.436	0.3782	0.1407	0.1156	-0.85489
0.4743	0.4699	0.4883	0.4088	0.3425	0.4344	0.4329	0.2814	0.2335	-0.430514
0.4799	0.4792	0.4967	0.4199	0.3965	0.4698	0.3659	0.2805	0.1272	-0.737703
0.4677	0.48	0.4976	0.3725	0.3902	0.4695	0.3904	0.2513	0.0865	0.531035
0.4711	0.4841	0.4989	0.389	0.4321	0.4811	0.3963	0.3293	0.0615	0.10472
0.4858	0.4972	0.4962	0.443	0.475	0.463	0.3523	0.1311	0.1202	-1.41101
0.478	0.4822	0.4978	0.4106	0.4112	0.4672	0.3596	0.2753	0.0733	-0.478722
0.48	0.477	0.4968	0.4094	0.3592	0.4663	0.3122	0.2275	0.1066	-0.443949
0.4819	0.4838	0.4871	0.4344	0.3959	0.4046	0.4068	0.2067	0.1732	-1.16384
0.4828	0.478	0.4974	0.4427	0.3824	0.4757	0.4564	0.2617	0.1203	-1.40758
0.4864	0.4922	0.4961	0.4442	0.4353	0.4686	0.3429	0.1469	0.1461	-1.44168
0.4833	0.4906	0.4982	0.4327	0.4478	0.4799	0.3536	0.232	0.1005	-1.10742
0.4775	0.4955	0.4965	0.4056	0.4759	0.4594	0.3457	0.2331	0.0988	-0.33962
0.4814	0.4771	0.4911	0.4348	0.4025	0.4318	0.4286	0.3401	0.1603	-1.16961
0.4763	0.4827	0.4987	0.4088	0.3905	0.4851	0.3869	0.2118	0.1	-0.42869
0.4813	0.4875	0.4974	0.4252	0.4252	0.4769	0.3614	0.2169	0.1314	-0.887867
0.4799	0.4831	0.4968	0.4245	0.3991	0.4638	0.393	0.2239	0.101	-0.881281
0.4873	0.4883	0.4957	0.4201	0.4116	0.469	0.2057	0.1675	0.1667	-0.727197
0.4801	0.4801	0.49	0.4006	0.3814	0.4481	0.2793	0.2291	0.2514	-0.201742
0.4727	0.4976	0.4974	0.4155	0.4599	0.4259	0.522	0.067	0.0391	-0.623436
0.477	0.4914	0.4969	0.4231	0.4576	0.4758	0.4626	0.2653	0.1533	-0.834556
0.4678	0.4805	0.484	0.4047	0.428	0.358	0.566	0.4025	0.1486	-0.320776
0.4723	0.4747	0.4955	0.399	0.3813	0.478	0.4207	0.3091	0.2606	-0.161905
0.4788	0.4752	0.4961	0.4352	0.4022	0.4521	0.5217	0.3768	0.0933	-1.18728
0.4743	0.4741	0.4973	0.4242	0.4004	0.4713	0.5556	0.3926	0.106	-0.868154
0.4937	0.4817	0.4981	0.4634	0.3717	0.4762	0.2172	0.1919	0.087	-1.98466
0.479	0.4902	0.4965	0.4178	0.4418	0.4708	0.3737	0.2158	0.1421	-0.685242
0.4711	0.4739	0.488	0.4023	0.3649	0.4211	0.4682	0.2775	0.1943	-0.254666
0.4838	0.4916	0.499	0.4481	0.4492	0.4739	0.4777	0.2075	0.0414	-1.57792
0.4673	0.4687	0.4791	0.3999	0.3536	0.368	0.5409	0.3208	0.2174	-0.189677
0.4677	0.4815	0.4973	0.3942	0.4205	0.4699	0.4945	0.3297	0.101	-0.0355631
0.4831	0.4864	0.498	0.4351	0.4149	0.4789	0.3771	0.209	0.1044	-1.17915
0.476	0.4778	0.4926	0.4274	0.4242	0.4738	0.5325	0.4481	0.4026	-0.965717
0.4672	0.4791	0.4827	0.3759	0.4072	0.4036	0.4121	0.3209	0.2421	0.445516
0.4717	0.4918	0.4879	0.3946	0.4434	0.4044	0.4114	0.1788	0.1602	-0.0441782
0.4783	0.4969	0.4961	0.4224	0.456	0.4561	0.4207	0.0787	0.1011	-0.815181
0.4744	0.4728	0.4833	0.4075	0.3929	0.3989	0.4235	0.3824	0.2209	-0.396024
