x
0.3837
0.3818
0.3732
0.3788
0.3737
0.3701
0.3726
0.3908
0.3702
0.3788
0.3639
0.3629
0.3801
0.3659
0.3608
0.3743
0.3842
0.3751
0.3718
0.385
0.3717
0.3846
0.3754
0.3774
0.3836
0.3811
0.3881
0.3788
0.3809
0.3747
0.3898
0.3562
0.3726
0.3784
0.3688
0.371
0.3777
0.3819
0.374
0.3771
0.3908
0.3631
0.3758
0.3662
0.372
0.3627
0.3803
0.3788
0.3652
0.3659
0.3723
0.3645
0.366
0.3653
0.3714
0.3758
0.3812
0.3894
0.3674
0.3747
0.3712
0.3649
0.3719
0.3832
0.3807
0.3763
0.3684
0.3717
0.3754
0.3707
0.3595
0.3716
0.3859
0.3669
0.3802
0.3837
0.3595
0.3752
0.3656
0.3737
0.3631
0.3723
0.3559
0.3685
0.3743
0.3807
0.3832
0.3774
0.3722
0.3721
0.3871
0.3801
0.359
0.3773
0.376
0.3724
0.3713
0.3401
0.3764
0.381
0.3804
0.3693
0.3807
0.3878
0.3713
0.3765
0.385
0.3876
0.3753
0.3754
0.381
0.3681
0.3648
0.3659
0.3813
0.3691
0.3849
0.3684
0.3686
0.3804
0.375
0.3816
0.3643
0.372
0.381
0.3668
0.3775
0.3775
0.3628
0.3819
0.3796
0.3801
0.3666
0.3734
0.3848
0.3774
0.3685
0.3822
0.3719
0.3814
0.3767
0.3772
0.3683
0.3844
0.3471
0.3809
0.3834
0.3712
0.3588
0.3457
0.3831
0.3736
0.3663
0.3806
0.3808
0.374
0.3452
0.3732
0.3911
0.3828
0.3641
0.3751
0.3789
0.3679
0.3684
0.3731
0.3541
0.3779
0.387
0.3743
0.3759
0.3849
0.3707
0.3715
0.3775
0.3748
0.3732
0.3765
0.3814
0.3601
0.3685
0.3722
0.3791
0.379
0.3811
0.3771
0.3806
0.3759
0.3653
0.3885
0.3713
0.3732
0.3701
0.3729
0.3735
0.3797
0.3749
0.3728
0.3727
0.3641
0.3736
0.3727
0.3756
0.3705
0.369
0.3863
0.3658
0.3784
0.3686
0.3766
0.3744
0.3813
0.3766
0.3731
0.3803
0.3774
0.3722
0.3802
0.3783
0.3824
0.3728
0.374
0.3758
0.3607
0.3512
0.3797
0.3745
0.377
0.3597
0.3682
0.3698
0.3881
0.38
0.3589
0.3793
0.3767
0.3746
0.3751
0.3844
0.3653
0.3771
0.3801
0.3697
0.382
0.3806
0.3672
0.3715
0.3821
0.3799
0.3829
0.3866
0.3708
0.3834
0.366
0.3894
0.3733
0.3774
0.358
0.3626
0.36
0.3735
0.3715
0.3741
0.3792
0.3659
0.3776
0.3844
0.3577
0.3687
0.373
0.3685
0.3627
0.3814
0.3634
0.3794
0.3625
0.3803
0.3821
0.3661
0.3813
0.3685
0.3734
0.3734
0.3775
0.379
0.3763
0.3643
0.3426
0.3803
0.379
0.3775
0.3822
0.3714
0.3833
0.3741
0.376
0.3641
0.3689
0.3731
0.3707
0.3674
0.3705
0.3786
0.3779
0.3785
0.374
0.3743
0.3731
0.3714
0.3694
0.37
0.383
0.3709
0.3764
0.3716
0.3717
0.3667
0.3658
0.3735
0.376
0.3692
0.3739
0.3901
0.3743
0.3822
0.375
0.3692
0.3701
0.3709
0.373
0.3854
0.365
0.3931
0.3709
0.3843
0.3856
0.3894
0.3767
0.3789
0.3599
0.3869
0.3704
0.3715
0.3683
0.3716
0.3757
0.3738
0.3699
0.3673
0.3866
0.3817
0.3786
0.378
0.364
0.3728
0.3724
0.3841
0.3705
0.3786
0.3696
0.3653
0.3815
0.3759
0.3668
0.3837
0.3797
0.3771
0.3669
0.379
0.3784
0.3716
0.3821
0.3747
0.3727
0.388
0.389
0.3708
0.3759
0.3777
0.3622
0.3649
0.3814
0.3472
0.3813
0.3571
0.38
0.3623
0.3707
0.3832
0.3838
0.3779
0.3756
0.3808
0.3798
0.3676
0.3654
0.3737
0.3637
0.3766
0.3912
0.3673
0.3648
0.3803
0.3796
0.3669
0.3841
0.3618
0.3601
0.3786
0.3815
0.3725
0.3757
0.3671
0.3727
0.3727
0.372
0.3794
0.3838
0.3645
0.3639
0.375
0.3599
0.3815
0.3696
0.3693
0.367
0.3741
0.3717
0.3635
0.3759
0.3747
0.3725
0.3641
0.3709
0.3661
0.3721
0.3815
0.3678
0.3735
0.3668
0.3712
0.3763
0.3686
0.3475
0.3746
0.3703
0.3809
0.3552
0.3892
0.3753
0.3761
0.3688
0.3845
0.3747
0.3765
0.3747
0.3689
0.3741
0.3767
0.377
0.3631
0.387
0.3677
0.3773
0.3559
0.3786
0.3866
0.3714
0.3849
0.3696
0.3737
0.378
0.3758
0.3703
0.3705
0.3766
0.3718
0.3659
0.3581
0.3802
0.3645
0.3799
0.3778
0.3832
0.3733
0.3693
0.3682
0.3703
0.379
0.3803
0.3642
0.3828
0.3794
0.3708
0.3729
0.3769
0.363
0.3734
0.3729
0.3718
0.3822
0.3716
0.3861
0.3731
0.3831
0.3805
0.3556
0.3577
0.3693
0.3882
0.3807
0.3619
0.3752
0.3752
0.3772
0.3741
0.3582
0.3668
0.3639
0.3708
0.375
0.3789
0.376
0.3578
0.3701
0.3771
0.3625
0.3704
0.3749
0.3783
0.3632
0.3711
0.3759
0.3777
0.3676
0.3802
0.3737
0.3702
0.3816
0.367
0.3578
0.3716
0.3719
0.3717
0.3679
0.3809
0.3765
0.3774
0.3875
0.3808
0.3809
0.3814
0.3805
0.3847
0.3858
0.3678
0.3749
0.3774
0.3811
0.3745
0.3611
0.3773
0.3585
0.3812
0.3681
0.3842
0.3762
0.3694
0.3688
0.368
0.3696
0.3818
0.3728
0.3567
0.3698
0.3738
0.3726
0.3701
0.3737
0.3774
0.3737
0.3838
0.3692
0.3811
0.3798
0.3753
0.3545
0.3739
0.3808
0.3619
0.3797
0.3645
0.3719
0.3712
0.3776
0.3752
0.3805
0.3798
0.3796
0.3704
0.3716
0.363
0.3764
0.3676
0.3842
0.3819
0.3733
0.3694
0.3724
0.3759
0.3672
0.3887
0.3737
0.3783
0.3793
0.3905
0.3757
0.3758
0.3672
0.3676
0.3621
0.3851
0.3843
0.3646
0.3739
0.3807
0.3654
0.374
0.3773
0.3714
0.3589
0.3644
0.3543
0.383
0.3847
0.3832
0.3721
0.3808
0.3805
0.3748
0.3723
0.3683
0.3566
0.3692
0.3633
0.3713
0.3693
0.3724
0.3746
0.3684
0.3809
0.3737
0.3722
0.3731
0.3724
0.369
0.3743
0.3743
0.3729
0.3777
0.3805
0.368
0.3653
0.3842
0.3843
0.3632
0.372
0.3787
0.3585
0.3907
0.392
0.3654
0.3699
0.3621
0.3809
0.3719
0.3933
0.3705
0.3849
0.3654
0.3844
0.3605
0.3685
0.3669
0.368
0.371
0.389
0.3734
0.3847
0.3732
0.3772
0.3766
0.3796
0.3658
0.3641
0.3681
0.3777
0.3606
0.3668
0.3649
0.3823
0.3669
0.3697
0.3799
0.3664
0.3822
0.3737
0.3811
0.3768
0.3691
0.3719
0.3769
0.3732
0.3924
0.3634
0.3742
0.3745
0.3766
0.371
0.3717
0.3734
0.3779
0.37
0.3673
0.3901
0.3678
0.3697
0.372
0.3837
0.3745
0.3796
0.3724
0.3643
0.366
0.3934
0.3769
0.3881
0.3747
0.3805
0.368
0.3809
0.3791
0.3755
0.3727
0.3818
0.3841
0.3797
0.3705
0.3651
0.3739
0.3784
0.3757
0.3787
0.3705
0.3685
0.3745
0.3805
0.3743
0.3759
0.3717
0.3666
0.3687
0.3675
0.3791
0.3851
0.3819
0.3769
0.3683
0.3717
0.3698
0.3708
0.386
0.3757
0.3784
0.3809
0.3715
0.3591
0.3806
0.3797
0.3809
0.371
0.3729
0.3603
0.3741
0.3684
0.3503
0.3921
0.3832
0.382
0.3742
0.3811
0.3838
0.3715
0.3803
0.3789
0.3847
0.3668
0.3813
0.38
0.3745
0.3721
0.362
0.3733
0.3709
0.3763
0.37
0.3825
0.3731
0.3906
0.3662
0.3606
0.3789
0.3829
0.3863
0.3798
0.369
0.3588
0.3723
0.3759
0.3722
0.3744
0.376
0.3703
0.3775
0.3713
0.3597
0.3782
0.3658
0.3861
0.3747
0.382
0.3833
0.3703
0.36
0.3688
0.3702
0.384
0.381
0.3797
0.3816
0.3863
0.3795
0.3658
0.3752
0.3766
0.3772
0.3728
0.3764
0.3606
0.3693
0.3744
0.3562
0.3689
0.3676
0.3485
0.3764
0.365
0.3736
0.3662
0.3733
0.3761
0.3786
0.3794
0.3716
0.3954
0.3839
0.3804
0.3826
0.3658
0.3624
0.3653
0.3644
0.3689
0.3787
0.3716
0.3705
0.3809
0.3803
0.3781
0.3702
0.3698
0.3721
0.3894
0.353
0.3837
0.3561
0.3863
0.384
0.3823
0.3778
0.3855
0.3836
0.3586
0.3824
0.369
0.3713
0.3679
0.3607
0.3717
0.373
0.3728
0.3706
0.3855
0.3686
0.3749
0.3746
0.3844
0.3686
0.3678
0.3652
0.3595
0.3754
0.376
0.3809
0.3672
0.3791
0.3583
0.3763
0.3719
0.369
0.365
0.3692
0.3577
0.3791
0.3772
0.3809
0.3773
0.3667
0.3556
0.3624
0.3755
0.3781
0.383
0.3751
0.368
0.3544
0.3843
0.3755
0.3715
0.3839
0.3758
0.3624
0.3779
0.3749
0.377
0.3704
0.3705
0.378
0.3757
0.3705
0.3712
0.3641
0.3837
0.3705
0.3776
0.3429
0.3706
0.35
0.377
0.3799
0.3942
0.3792
0.3916
0.3639
0.3824
0.3796
0.3657
0.3798
0.3845
0.3595
0.3727
0.3918
0.375
0.3772
0.3798
0.3806
0.3816
0.3847
0.3834
0.3656
0.3701
0.3535
0.3759
0.3762
0.3659
0.3729
0.3837
0.384
0.3853
0.3591
0.3625
0.3544
0.366
0.3824
0.3864
0.3452
0.3652
0.375
0.3624
0.3702
0.3913
0.3885
0.3815
0.3873
0.3773
0.3705
0.3902
0.3901
0.368
0.3775
0.3708
0.3668
0.3756
0.3784
0.3587
0.3788
0.3853
0.3976
0.369
0.38
0.3983
0.3911
0.3764
0.3797
0.3837
0.3704
0.3885
0.3841
0.3917
0.3831
0.3979
0.3551
0.3743
0.3813
0.3969
0.3862
0.3801
0.386
0.3848
0.3817
0.3896
0.345
0.3786
0.3656
0.3752
0.3699
0.3883
0.3969
0.3694
0.3842
0.3751
0.3697
0.3726
0.3642
0.3962
0.3777
0.3844
0.3839
0.3646
0.3717
0.3695
0.3826
0.3933
0.3967
0.3957
0.3884
0.3673
0.3836
0.3656
0.3882
0.3614
0.3762
0.3882
0.3854
0.3831
0.3799
0.3576
0.3835
0.3602
0.3776
0.3588
0.3753
0.36
0.3709
0.3783
0.3804
0.3812
0.3801
0.3765
0.3704
0.3876
0.3849
0.3718
0.3812
0.3803
0.3765
0.3759
0.3476
0.381
0.378
0.3823
0.3668
0.3924
0.3757
0.3724
0.3755
0.3984
0.3804
0.3959
0.3762
0.3789
0.3696
0.3758
0.382
0.3832
0.3719
0.382
0.3821
0.3741
0.3861
0.3847
0.3714
0.3639
0.3821
0.3774
0.3671
0.3716
0.3768
0.3592
0.3774
0.3819
0.3842
0.3613
0.3879
0.3903
0.382
0.3979
0.38
0.3943
0.3813
0.3817
0.3788
0.3678
0.386
0.3618
0.3992
0.385
0.3801
0.3644
0.3473
0.3798
0.3746
0.3644
0.3885
0.3823
0.3704
0.345
0.3784
0.3826
0.3849
0.3761
0.3805
0.3839
0.3679
0.3795
0.3653
0.3712
0.3742
0.3815
0.3789
0.3747
0.3785
0.3875
0.3669
0.3759
0.3907
0.3671
0.3793
0.3789
0.3615
0.3775
0.3791
0.3788
0.3761
0.3805
0.378
0.3844
0.3834
0.3598
0.3957
0.3632
0.3841
0.375
0.3777
0.375
0.3729
0.3758
0.3678
0.3831
0.3671
0.3802
0.375
0.3719
0.3886
0.3652
0.3975
0.3751
0.3767
0.389
0.3799
0.376
0.3929
0.37
0.3756
0.372
0.3703
0.3696
0.3692
0.3692
0.3781
0.3734
0.3763
0.3732
0.3706
0.3647
0.3787
0.3776
0.3771
0.3927
0.367
0.3624
0.3813
0.3823
0.3831
0.3862
0.3756
0.3883
0.3701
0.3862
0.366
0.383
0.3777
0.3677
0.3832
0.3754
0.3894
0.3828
0.3998
0.3881
0.3757
0.3733
0.3954
0.3953
0.3731
0.3985
0.3771
0.3844
0.3826
0.3628
0.3597
0.3745
0.3608
0.3756
0.3819
0.3622
0.3773
0.3761
0.3581
0.3661
0.3704
0.3662
0.3664
0.3775
0.3686
0.3759
0.367
0.3789
0.3823
0.3748
0.386
0.3751
0.3697
0.3871
0.38
0.3771
0.3766
0.364
0.3573
0.3997
0.3907
0.3807
0.3867
0.3708
0.3749
0.3789
0.3845
0.3788
0.3887
0.3788
0.374
0.3658
0.3721
0.3816
0.3825
0.3838
0.3847
0.3773
0.3869
0.3834
0.3727
0.3682
0.386
0.3727
0.3876
0.373
0.3695
0.3691
0.3701
0.3808
0.3711
0.3683
0.3842
0.3739
0.3718
0.3839
0.3758
0.3709
0.3794
0.3778
0.378
0.3796
0.3695
0.3839
0.3709
0.3841
0.3939
0.388
0.3772
0.3727
0.3786
0.3868
0.3709
0.3745
0.3781
0.3702
0.3769
0.3727
0.3764
0.3693
0.3801
0.3761
0.3804
0.3822
0.3656
0.3857
0.3823
0.3968
0.3826
0.3757
0.3982
0.3702
0.3744
0.3752
0.3645
0.394
0.3781
0.3735
0.3903
0.3871
0.388
0.373
0.3849
0.377
0.3898
0.3878
0.3924
0.3827
0.3815
0.3811
0.361
0.3676
0.385
0.3481
0.377
0.3645
0.377
0.3747
0.3763
0.3792
0.3793
0.3989
0.3769
0.3808
0.398
0.3786
0.3709
0.3917
0.3916
0.3742
0.3916
0.3638
0.3807
0.3826
0.3919
0.3686
0.3966
0.3788
0.3611
0.3925
0.3887
0.3803
0.3749
0.3811
0.3675
0.3825
0.373
0.3801
0.3781
0.3815
0.3586
0.3728
0.3633
0.398
0.3638
0.3628
0.3978
0.3727
0.3722
0.3672
0.3797
0.3702
0.3715
0.39
0.384
0.3635
0.3768
0.3846
0.3713
0.3739
0.3821
0.3791
0.3758
0.3802
0.3821
0.379
0.3696
0.3845
0.3805
0.3947
0.3891
0.3949
0.3708
0.3846
0.3872
0.3824
0.3726
0.3702
0.3776
0.3821
0.3899
0.3708
0.3817
0.3832
0.3754
0.3551
0.3684
0.387
0.3873
0.3854
0.3943
0.3727
0.3855
0.3898
0.3761
0.3736
0.3846
0.3747
0.3711
0.3675
0.3784
0.3834
0.3934
0.3865
0.3851
0.3823
0.371
0.3855
0.3703
0.3812
0.3827
0.3657
0.3929
0.3853
0.3761
0.3805
0.3867
0.3656
0.376
0.3763
0.3677
0.3791
0.3807
0.3959
0.3781
0.3793
0.3843
0.3631
0.3723
0.3716
0.3747
0.3813
0.3566
0.3787
0.37
0.384
0.3746
0.3783
0.3687
0.3742
0.3718
0.3871
0.378
0.3789
0.3606
0.3977
0.3758
0.374
0.3809
0.3749
0.3674
0.3632
0.3718
0.3745
0.3812
0.3608
0.3759
0.3804
0.3705
0.3801
0.3779
0.374
0.3734
0.3744
0.3772
0.3922
0.3811
0.3893
0.379
0.385
0.3743
0.3789
0.3846
0.3683
0.3926
0.3817
0.3764
0.3693
0.3721
0.3802
0.3801
0.3673
0.375
0.3634
0.3834
0.3645
0.3748
0.373
0.3754
0.3597
0.3751
0.3685
0.3745
0.3974
0.3892
0.3687
0.3697
0.3708
0.3712
0.3738
0.383
0.3867
0.3922
0.3803
0.3985
0.3917
0.3755
0.3502
0.3863
0.3725
0.3662
0.3744
0.3716
0.369
0.3739
0.3773
0.3916
0.3982
0.3827
0.3791
0.3707
0.3739
0.3867
0.3785
0.3781
0.3801
0.3722
0.3762
0.3774
0.3833
0.3834
0.3704
0.3881
0.3837
0.3794
0.3815
0.391
0.363
0.3862
0.3761
0.3908
0.3706
0.3937
0.3832
0.3698
0.3848
0.3848
0.3759
0.399
0.3886
0.3731
0.3591
0.3866
0.3728
0.3811
0.381
0.3836
0.38
0.3772
0.3884
0.3809
0.3909
0.3689
0.3709
0.3654
0.3655
0.3962
0.3768
0.3707
0.3879
0.3874
0.3983
0.384
0.3669
0.3712
0.3638
0.3722
0.3778
0.3792
0.3776
0.3796
0.3762
0.3713
0.3764
0.3964
0.3717
0.3636
0.3779
0.3878
0.3552
0.3875
0.3851
0.386
0.3768
0.3753
0.3786
0.3922
0.3811
0.3716
0.3843
0.367
0.3864
0.3952
0.372
0.3731
0.3582
0.3739
0.3928
0.3757
0.3768
0.3752
0.3812
0.3845
0.3844
0.3641
0.3877
0.3684
0.384
0.3582
0.3694
0.3785
0.393
0.3607
0.3754
0.3854
0.3694
0.3926
0.3758
0.3838
0.3921
0.3784
0.3708
0.3808
0.3659
0.3975
0.3724
0.3821
0.3761
0.3726
0.3776
0.3901
0.3917
0.3723
0.37
0.3629
0.3843
0.3636
0.3617
0.3632
0.3842
0.3825
0.3806
0.3951
0.3702
0.3647
0.3784
0.3897
0.3781
0.3887
0.3729
0.3879
0.3841
0.3774
0.3782
0.3625
0.3733
0.3975
0.3819
0.3938
0.3674
0.371
0.3773
0.3749
0.3748
0.3817
0.3678
0.3766
0.3817
0.3846
0.3801
0.3714
0.3663
0.3806
0.3758
0.3956
0.3932
0.3817
0.3766
0.3707
0.3746
0.3722
0.3966
0.3832
0.3766
0.381
0.3866
0.3774
0.349
0.3858
0.3925
0.3807
0.3708
0.3748
0.3642
0.3768
0.3793
0.3758
0.3874
0.3811
0.3753
0.3899
0.3854
0.3809
0.3782
0.3756
0.3902
0.3821
0.363
0.384
0.3731
0.3841
0.3643
0.3665
0.3743
0.3791
0.3854
0.371
0.3783
0.3822
0.3959
0.3776
0.3797
0.3837
0.3825
0.3763
0.3862
0.3716
0.3717
0.3626
0.3944
0.3713
0.376
0.3722
0.3828
0.379
0.3735
0.3857
0.3806
0.392
0.3848
0.3819
0.3807
0.3813
0.3628
0.364
0.3804
0.39
0.3813
0.3764
0.3722
0.3782
0.3849
0.3826
0.3787
0.3767
0.3719
0.3876
0.3741
0.364
0.3716
0.3624
0.3763
0.3599
0.3749
0.3603
0.3613
0.3874
0.3844
0.3827
0.3711
0.3728
0.3904
0.3826
0.3801
0.366
0.39
0.3954
0.3857
0.3867
0.3797
0.3723
0.3979
0.3874
0.3714
0.3787
0.3866
0.3726
0.383
0.382
0.3772
0.3678
0.3775
0.3767
0.3908
0.3702
0.3904
0.3596
0.3949
0.3935
0.3797
0.3931
0.3722
0.3817
0.3557
0.3902
0.3653
0.3807
0.3659
0.3658
0.3702
0.3761
0.3785
0.376
0.3885
0.3634
0.3737
0.3717
0.3784
0.3765
0.3706
0.3547
0.3567
0.3724
0.3777
0.3717
0.3699
0.389
0.3758
0.3764
0.3764
0.3832
0.3689
0.3702
0.3585
0.3708
0.3904
0.3787
0.3729
0.3694
0.3577
0.3684
0.3824
0.3892
0.3898
0.3832
0.3958
0.3634
0.3823
0.374
0.3957
0.3739
0.3818
0.3835
0.3749
0.3853
0.3814
0.3695
0.3595
0.3822
0.3885
0.3774
0.372
0.3485
0.3802
0.3676
0.3835
0.3494
0.3695
0.3546
0.3772
0.3956
0.3966
0.3798
0.3726
0.3618
0.3951
0.3813
0.3777
0.3806
0.3845
0.3711
0.372
0.3803
0.3825
0.3952
0.3666
0.3746
0.3765
0.3971
0.3859
0.3634
0.3758
0.3599
0.3804
0.3899
0.3722
0.3928
0.3818
0.3881
0.3883
0.378
0.365
0.3652
0.3868
0.3844
0.3824
0.368
0.362
0.3733
0.3931
0.3664
0.3973
0.3921
0.3908
0.3972
0.3956
0.3783
0.3972
0.3977
0.396
0.3795
0.395
0.3917
0.3909
0.3977
0.3977
0.3954
0.3898
0.3863
0.3902
0.3889
0.3985
0.397
0.3961
0.3829
0.393
0.3968
0.397
0.391
0.3884
0.3965
0.3984
0.363
0.3962
0.3931
0.3986
0.3949
0.3772
0.3839
0.3948
0.3969
0.3895
0.356
0.3822
0.3745
0.3911
0.3958
0.3968
0.3978
0.3853
0.3949
0.3968
0.3803
0.396
0.3675
0.3844
0.3906
0.3905
0.3984
0.398
0.3888
0.3727
0.3883
0.3867
0.3983
0.396
0.3832
0.3868
0.3856
0.3855
0.3936
0.3968
0.3805
0.3866
0.3867
0.3977
0.3976
0.3708
0.3896
0.3992
0.3905
0.3863
0.3871
0.3862
0.3777
0.3979
0.3948
0.3991
0.3958
0.391
0.376
0.3976
0.3971
0.399
0.398
0.3959
0.3979
0.3966
0.3499
0.3952
0.3759
0.3978
0.386
0.3958
0.397
0.3797
0.3898
0.3968
0.3918
0.3965
0.3891
0.3972
0.3885
0.385
0.3782
0.3919
0.3947
0.3821
0.388
0.3887
0.3945
0.3879
0.3997
0.3742
0.3934
0.389
0.3986
0.3979
0.3972
0.3662
0.3783
0.3992
0.3904
0.3769
0.3941
0.3983
0.3974
0.3979
0.3882
0.3746
0.3877
0.3785
0.3904
0.3979
0.3982
0.3829
0.3973
0.3992
0.3843
0.3858
0.3906
0.3973
0.3918
0.3772
0.3909
0.3921
0.3983
0.3759
0.3796
0.3944
0.392
0.3919
0.3924
0.3935
0.3749
0.39
0.3785
0.3941
0.3971
0.3987
0.3809
0.3835
0.3968
0.3778
0.3816
0.3961
0.3811
0.3995
0.3792
0.3939
0.3625
0.3978
0.391
0.3904
0.3972
0.3855
0.3893
0.3979
0.3972
0.3679
0.3981
0.3693
0.3912
0.3843
0.3931
0.3814
0.3968
0.3946
0.3847
0.3837
0.3716
0.3883
0.373
0.3915
0.378
0.3904
0.397
0.3841
0.3965
0.3967
0.3937
0.3946
0.3972
0.3738
0.3978
0.3975
0.385
0.3842
0.3863
0.3818
0.3981
0.3939
0.3991
0.3993
0.3857
0.3578
0.3844
0.3942
0.3917
0.389
0.3775
0.3912
0.3809
0.3812
0.3841
0.3927
0.399
0.3912
0.3948
0.3932
0.3947
0.3997
0.382
0.3892
0.3915
0.3855
0.3922
0.3958
0.3968
0.3934
0.3961
0.3853
0.3955
0.3973
0.3869
0.3928
0.3822
0.398
0.3769
0.3972
0.3917
0.3971
0.3764
0.3976
0.3937
0.3676
0.398
0.3926
0.3764
0.3774
0.3773
0.3638
0.3935
0.3903
0.3696
0.3991
0.3918
0.3935
0.3918
0.3879
0.397
0.3762
0.3966
0.3833
0.393
0.3977
0.3985
0.3836
0.3679
0.3981
0.392
0.3978
0.3868
0.3786
0.3917
0.3972
0.3913
0.3972
0.3875
0.3708
0.385
0.364
0.3883
0.3963
0.3932
0.3871
0.3981
0.3835
0.4
0.3888
0.3915
0.3939
0.3895
0.3938
0.398
0.3776
0.3981
0.3682
0.3939
0.3972
0.396
0.3975
0.3988
0.3995
0.3913
0.386
0.3973
0.371
0.3836
0.3827
0.3922
0.3952
0.3988
0.3965
0.3905
0.3956
0.3989
0.3981
0.3988
0.388
0.3975
0.3891
0.3924
0.3971
0.3813
0.3823
0.396
0.3977
0.3918
0.377
0.3979
0.3797
0.3981
0.3983
0.3637
0.3863
0.3843
0.3976
0.3986
0.3972
0.3997
0.3989
0.3868
0.3864
0.3876
0.398
0.3808
0.3871
0.3911
0.3844
0.385
0.3976
0.3976
0.3881
0.3972
0.3892
0.3985
0.378
0.3831
0.3966
0.3969
0.3989
0.399
0.3875
0.3909
0.3712
0.3979
0.3725
0.3763
0.3961
0.3942
0.397
0.3984
0.395
0.3989
0.3812
0.3865
0.3989
0.3994
0.3984
0.3947
0.3796
0.3755
0.3904
0.3923
0.3808
0.3871
0.3799
0.3678
0.3927
0.3961
0.391
0.3833
0.3806
0.3982
0.3877
0.3897
0.3967
0.394
0.3666
0.3737
0.385
0.3846
0.3967
0.3976
0.3877
0.3991
0.3789
0.3969
0.3689
0.3829
0.3902
0.3797
0.3814
0.3833
0.3793
0.3748
0.3974
0.3834
0.3989
0.3822
0.3955
0.3907
0.3969
0.3851
0.3784
0.3984
0.398
0.3804
0.3994
0.3956
0.3938
0.3725
0.3986
0.3956
0.3918
0.3965
0.381
0.3979
0.3921
0.3845
0.373
0.3987
0.3988
0.3906
0.3732
0.3982
0.3979
0.3775
0.3983
0.3959
0.3923
0.398
0.3962
0.3748
0.3961
0.3983
0.3934
0.3985
0.3953
0.3953
0.3845
0.3916
0.3991
0.3969
0.3991
0.3798
0.3988
0.3811
0.3962
0.3832
0.3877
0.3979
0.3883
0.3843
0.3992
0.3704
0.3882
0.3808
0.3935
0.3774
0.3882
0.3862
0.396
0.3876
0.3984
0.3898
0.3786
0.3775
0.3861
0.3988
0.3966
0.3949
0.3833
0.3921
0.3889
0.3938
0.3729
0.3678
0.3763
0.3748
0.3909
0.3982
0.3935
0.3813
0.3965
0.3806
0.3863
0.391
0.381
0.3766
0.3902
0.3947
0.392
0.3823
0.3967
0.3986
0.3786
0.3975
0.3855
0.3876
0.3745
0.3774
0.3963
0.3876
0.3959
0.3984
0.3951
0.3977
0.3922
0.399
0.3979
0.3956
0.3897
0.3755
0.3992
0.3812
0.3976
0.3781
0.398
0.3991
0.3827
0.3982
0.3801
0.3971
0.3812
0.3987
0.3835
0.3849
0.3966
0.3898
0.3771
0.3861
0.3995
0.3947
0.3917
0.3978
0.3984
0.3703
0.3806
0.3925
0.3845
0.3961
0.3978
0.3988
0.3989
0.3931
0.3643
0.3866
0.3669
0.3695
0.39
0.3935
0.3796
0.3818
0.3954
0.3995
0.3988
0.391
0.3976
0.3971
0.3846
0.398
0.387
0.3905
0.397
0.395
0.3992
0.3953
0.3972
0.3912
0.3926
0.3908
0.3961
0.3845
0.3956
0.3959
0.3742
0.3989
0.3769
0.3987
0.3816
0.395
0.3714
0.3806
0.3975
0.3968
0.397
0.3981
0.3972
0.3824
0.3826
0.3783
0.3989
0.3975
0.3966
0.3969
0.3741
0.3921
0.3966
0.3858
0.3989
0.3956
0.3704
0.378
0.393
0.396
0.3701
0.3985
0.378
0.398
0.389
0.3878
0.3935
0.3867
0.3663
0.3968
0.3984
0.3959
0.3978
0.3979
0.3976
0.3978
0.3983
0.3975
0.3954
0.3961
0.3979
0.3861
0.3976
0.3963
0.3941
0.3955
0.3912
0.3837
0.3967
0.3946
0.3878
0.3917
0.3984
0.3992
0.3894
0.3964
0.3834
0.3821
0.3884
0.3859
0.3946
0.391
0.3891
0.3924
0.3959
0.3971
0.3922
0.3667
0.3899
0.377
0.3969
0.3754
0.3924
0.3974
0.3919
0.375
0.3828
0.3965
0.3984
0.3988
0.3862
0.3934
0.3977
0.3763
0.3669
0.3897
0.3908
0.3979
0.3968
0.3898
0.3975
0.3773
0.3974
0.3892
0.3911
0.3961
0.3905
0.3829
0.3946
0.39
0.3871
0.3949
0.3964
0.3993
0.3934
0.3889
0.3849
0.3983
0.3971
0.3931
0.3896
0.3859
0.3971
0.3967
0.3954
0.3803
0.379
0.372
0.3982
0.3987
0.3943
0.3955
0.369
0.3949
0.3965
0.3961
0.3876
0.3996
0.376
0.3911
0.3955
0.3975
0.3931
0.3832
0.3814
0.3886
0.3887
0.3986
0.3937
0.3887
0.3932
0.3993
0.3973
0.39
0.3977
0.3981
0.3929
0.3988
0.3971
0.3702
0.3624
0.3942
0.3983
0.394
0.3904
0.3926
0.367
0.3978
0.3972
0.3757
0.3949
0.3972
0.3943
0.3949
0.3986
0.3981
0.3773
0.3977
0.3964
0.3979
0.3974
0.387
0.3848
0.3832
0.3974
0.3704
0.3779
0.3898
0.385
0.3851
0.384
0.3973
0.3947
0.3753
0.3814
0.3985
0.3918
0.3978
0.3984
0.3733
0.3961
0.3968
0.399
0.3934
0.3882
0.3991
0.3892
0.3989
0.3853
0.3677
0.3929
0.3979
0.3982
0.3988
0.3953
0.3964
0.3909
0.3788
0.3784
0.3917
0.3977
0.3884
0.3924
0.3876
0.3903
0.3979
0.3843
0.3895
0.3972
0.3864
0.3848
0.3958
0.3711
0.3816
0.3782
0.3798
0.3974
0.3666
0.3929
0.3973
0.381
0.3976
0.3854
0.3759
0.3931
0.397
0.384
0.3823
0.3897
0.3986
0.3936
0.3921
0.3903
0.395
0.3955
0.3973
0.3866
0.3986
0.3973
0.3879
0.3974
0.3865
0.3807
0.3981
0.3863
0.3901
0.3953
0.3728
0.3967
0.3638
0.3979
0.3942
0.3855
0.3871
0.3976
0.381
0.3634
0.3886
0.3973
0.3852
0.3795
0.3982
0.3759
0.3966
0.3764
0.3835
0.3989
0.3701
0.391
0.3771
0.3833
0.3964
0.3856
0.3608
0.3903
0.3745
0.3969
0.3901
0.3785
0.3848
0.3835
0.3982
0.3779
0.3741
0.3761
0.3833
0.3715
0.3729
0.3969
0.3988
0.3987
0.3993
0.399
0.3554
0.3967
0.3907
0.3911
0.3843
0.397
0.3902
0.3981
0.3855
0.3909
0.3983
0.3967
0.3974
0.3751
0.3961
0.3982
0.3965
0.3715
0.398
0.3844
0.3933
0.3845
0.3754
0.3955
0.3735
0.3975
0.3709
0.3976
0.3965
0.3978
0.3968
0.3987
0.3937
0.3969
0.3607
0.3952
0.3971
0.399
0.398
0.3963
0.3816
0.3972
0.3933
0.3749
0.3937
0.3841
0.3973
0.3898
0.3984
0.3879
0.3784
0.3873
0.393
0.3858
0.3893
0.3871
0.3911
0.3961
0.3955
0.391
0.3777
0.3781
0.3826
0.3753
0.3922
0.3966
0.373
0.3986
0.3871
0.3916
0.3906
NA
NA
NA
NA
NA
NA
NA
NA
NA
NA
NA
NA
NA
NA
NA
NA
NA
NA
NA
NA
NA
NA
NA
NA
NA
NA
NA
NA
NA
NA
NA
NA
NA
NA
NA
NA
NA
NA
NA
NA
NA
NA
NA
NA
NA
NA
NA
NA
NA
NA
NA
NA
NA
NA
NA
NA
NA
NA
NA
NA
NA
NA
NA
NA
NA
NA
NA
NA
NA
NA
NA
NA
NA
NA
NA
NA
NA
NA
NA
NA
NA
NA
NA
NA
NA
NA
NA
NA
NA
NA
NA
NA
NA
NA
NA
NA
NA
NA
NA
NA
NA
NA
NA
NA
NA
NA
NA
NA
NA
NA
NA
NA
NA
NA
NA
NA
NA
NA
NA
NA
NA
NA
NA
NA
NA
NA
NA
NA
NA
NA
NA
NA
NA
NA
NA
NA
NA
NA
NA
NA
NA
NA
NA
NA
NA
NA
NA
NA
NA
NA
NA
NA
NA
NA
NA
NA
NA
NA
NA
NA
NA
NA
NA
NA
NA
NA
NA
NA
NA
NA
NA
NA
NA
NA
NA
NA
NA
NA
NA
NA
NA
NA
NA
NA
NA
NA
NA
NA
NA
NA
NA
NA
NA
NA
NA
NA
NA
NA
NA
NA
NA
NA
NA
NA
NA
NA
NA
NA
NA
NA
NA
NA
NA
NA
NA
NA
NA
NA
NA
NA
NA
NA
NA
NA
NA
NA
NA
NA
NA
NA
NA
NA
NA
NA
NA
NA
NA
NA
NA
NA
NA
NA
NA
NA
NA
NA
NA
NA
NA
NA
NA
NA
NA
NA
NA
NA
NA
NA
NA
NA
NA
NA
NA
NA
NA
NA
NA
NA
NA
NA
NA
NA
NA
NA
NA
NA
NA
NA
NA
NA
NA
NA
NA
NA
NA
NA
NA
NA
NA
NA
NA
NA
NA
NA
NA
NA
NA
NA
NA
NA
NA
NA
NA
NA
NA
NA
NA
NA
NA
NA
NA
NA
NA
NA
NA
NA
NA
NA
NA
NA
NA
NA
NA
NA
NA
NA
NA
NA
NA
NA
NA
NA
NA
NA
NA
NA
NA
NA
NA
NA
NA
NA
NA
NA
NA
NA
NA
NA
NA
NA
NA
NA
NA
NA
NA
NA
NA
NA
NA
NA
NA
NA
NA
NA
NA
NA
NA
NA
NA
NA
NA
NA
NA
NA
NA
NA
NA
NA
NA
NA
NA
NA
NA
NA
NA
NA
NA
NA
NA
NA
NA
NA
NA
NA
NA
NA
NA
NA
NA
NA
NA
NA
NA
NA
NA
NA
NA
NA
NA
NA
NA
NA
NA
NA
NA
NA
NA
NA
NA
NA
NA
NA
NA
NA
NA
NA
NA
NA
NA
NA
NA
NA
NA
NA
NA
NA
NA
NA
NA
NA
NA
NA
NA
NA
NA
NA
NA
NA
NA
NA
NA
NA
NA
NA
NA
NA
NA
NA
NA
NA
NA
NA
NA
NA
NA
NA
NA
NA
NA
NA
NA
NA
NA
NA
NA
NA
NA
NA
NA
NA
NA
NA
NA
NA
NA
NA
NA
NA
NA
NA
NA
NA
NA
NA
NA
NA
NA
NA
NA
NA
NA
NA
NA
NA
NA
NA
NA
NA
NA
NA
NA
NA
NA
NA
NA
NA
NA
NA
NA
NA
NA
NA
NA
NA
NA
NA
NA
NA
NA
NA
NA
NA
NA
NA
NA
NA
NA
NA
NA
NA
NA
NA
NA
NA
NA
NA
NA
NA
NA
NA
NA
NA
NA
NA
NA
NA
NA
NA
NA
NA
NA
NA
NA
NA
NA
NA
NA
NA
NA
NA
NA
NA
NA
NA
NA
NA
NA
NA
NA
NA
NA
NA
NA
NA
NA
NA
NA
NA
NA
NA
NA
NA
NA
NA
NA
NA
NA
NA
NA
NA
NA
NA
NA
NA
NA
NA
NA
NA
NA
NA
NA
NA
NA
NA
NA
NA
NA
NA
NA
NA
NA
NA
NA
NA
NA
NA
NA
NA
NA
NA
NA
NA
NA
NA
NA
NA
NA
NA
NA
NA
NA
NA
NA
NA
NA
NA
NA
NA
NA
NA
NA
NA
NA
NA
NA
NA
NA
NA
NA
NA
NA
NA
NA
NA
NA
NA
NA
NA
NA
NA
NA
NA
NA
NA
NA
NA
NA
NA
NA
NA
NA
NA
NA
NA
NA
NA
NA
NA
NA
NA
NA
NA
NA
NA
NA
NA
NA
NA
NA
NA
NA
NA
NA
NA
NA
NA
NA
NA
NA
NA
NA
NA
NA
NA
NA
NA
NA
NA
NA
NA
NA
NA
NA
NA
NA
NA
NA
NA
NA
NA
NA
NA
NA
NA
NA
NA
NA
NA
NA
NA
NA
NA
NA
NA
NA
NA
NA
NA
NA
NA
NA
NA
NA
NA
NA
NA
NA
NA
NA
NA
NA
NA
NA
NA
NA
NA
NA
NA
NA
NA
NA
NA
NA
NA
NA
NA
NA
NA
NA
NA
NA
NA
NA
NA
NA
NA
NA
NA
NA
NA
NA
NA
NA
NA
NA
NA
NA
NA
NA
NA
NA
NA
NA
NA
NA
NA
NA
NA
NA
NA
NA
NA
NA
NA
NA
NA
NA
NA
NA
NA
NA
NA
NA
NA
NA
NA
NA
NA
NA
NA
NA
NA
NA
NA
NA
NA
NA
NA
NA
NA
NA
NA
NA
NA
NA
NA
NA
NA
NA
NA
NA
NA
NA
NA
NA
NA
NA
NA
NA
NA
NA
NA
NA
NA
NA
NA
NA
NA
NA
NA
NA
NA
NA
NA
NA
NA
NA
NA
NA
NA
NA
NA
NA
NA
NA
NA
NA
NA
NA
NA
NA
NA
NA
NA
NA
NA
NA
NA
NA
NA
NA
NA
NA
NA
NA
NA
NA
NA
NA
NA
NA
NA
NA
NA
NA
NA
NA
NA
NA
NA
NA
NA
NA
NA
NA
NA
NA
NA
NA
NA
NA
NA
NA
NA
NA
NA
NA
NA
NA
NA
NA
NA
NA
NA
NA
NA
NA
NA
NA
NA
NA
NA
NA
NA
NA
NA
NA
NA
NA
NA
NA
NA
NA
NA
NA
NA
NA
NA
NA
NA
NA
NA
NA
NA
NA
NA
NA
NA
NA
NA
NA
NA
NA
NA
NA
NA
NA
NA
NA
NA
NA
NA
NA
NA
NA
NA
NA
NA
NA
NA
NA
NA
NA
NA
NA
NA
NA
NA
NA
NA
NA
NA
NA
NA
NA
NA
NA
NA
NA
NA
NA
NA
NA
NA
NA
NA
NA
NA
NA
NA
NA
NA
NA
NA
NA
NA
NA
NA
NA
NA
NA
NA
NA
NA
NA
NA
NA
NA
NA
NA
NA
NA
NA
NA
NA
NA
NA
NA
NA
NA
NA
NA
NA
NA
NA
NA
NA
NA
NA
NA
NA
NA
NA
NA
NA
NA
NA
NA
NA
NA
NA
NA
NA
NA
NA
NA
NA
NA
NA
NA
NA
NA
NA
NA
NA
NA
NA
NA
NA
NA
NA
NA
NA
NA
NA
NA
NA
NA
NA
NA
NA
NA
NA
NA
NA
NA
NA
NA
NA
NA
NA
NA
NA
NA
NA
NA
NA
NA
NA
NA
NA
NA
NA
NA
NA
NA
NA
NA
NA
NA
NA
NA
NA
NA
NA
NA
NA
NA
NA
NA
NA
NA
NA
NA
NA
NA
NA
NA
NA
NA
NA
NA
NA
NA
NA
NA
NA
NA
NA
NA
NA
NA
NA
NA
NA
NA
NA
NA
NA
NA
NA
NA
NA
NA
NA
NA
NA
NA
NA
NA
NA
NA
NA
NA
NA
NA
NA
NA
NA
NA
NA
NA
NA
NA
NA
NA
NA
NA
NA
NA
NA
NA
NA
NA
NA
NA
NA
NA
NA
NA
NA
NA
NA
NA
NA
NA
NA
NA
NA
NA
NA
NA
NA
NA
NA
NA
NA
NA
NA
NA
NA
NA
NA
NA
NA
NA
NA
NA
NA
NA
NA
NA
NA
NA
NA
NA
NA
NA
NA
NA
NA
NA
NA
NA
NA
NA
NA
NA
NA
NA
NA
NA
NA
NA
NA
NA
NA
NA
NA
NA
NA
NA
NA
NA
NA
NA
NA
NA
NA
NA
NA
NA
NA
NA
NA
NA
NA
NA
NA
NA
NA
NA
NA
NA
NA
NA
NA
NA
NA
NA
NA
NA
NA
NA
NA
NA
NA
NA
NA
NA
NA
NA
NA
NA
NA
NA
NA
NA
NA
NA
NA
NA
NA
NA
NA
NA
NA
NA
NA
NA
NA
NA
NA
NA
NA
NA
NA
NA
NA
NA
NA
NA
NA
NA
NA
NA
NA
NA
NA
NA
NA
NA
NA
NA
NA
NA
NA
NA
NA
NA
NA
NA
NA
NA
NA
NA
NA
NA
NA
NA
NA
NA
NA
NA
NA
NA
NA
NA
NA
NA
NA
NA
NA
NA
NA
NA
NA
NA
NA
NA
NA
NA
NA
NA
NA
NA
NA
NA
NA
NA
NA
NA
NA
NA
NA
NA
NA
NA
NA
NA
NA
NA
NA
NA
NA
NA
NA
NA
NA
NA
NA
NA
NA
NA
NA
NA
NA
NA
NA
NA
NA
NA
NA
NA
NA
NA
NA
NA
NA
NA
NA
NA
NA
NA
NA
NA
NA
NA
NA
NA
NA
NA
NA
NA
NA
NA
NA
NA
NA
NA
NA
NA
NA
NA
NA
NA
NA
NA
NA
NA
NA
NA
NA
NA
NA
NA
NA
NA
NA
NA
NA
NA
NA
NA
NA
NA
NA
NA
NA
NA
NA
NA
NA
NA
NA
NA
NA
NA
NA
NA
NA
NA
NA
NA
NA
NA
NA
NA
NA
NA
NA
NA
NA
NA
NA
NA
NA
NA
NA
NA
NA
NA
NA
NA
NA
NA
NA
NA
NA
NA
NA
NA
NA
NA
NA
NA
NA
NA
NA
NA
NA
NA
NA
NA
NA
NA
NA
NA
NA
NA
NA
NA
NA
NA
NA
NA
NA
NA
NA
NA
NA
NA
NA
NA
NA
NA
NA
NA
NA
NA
NA
NA
NA
NA
NA
NA
NA
NA
NA
NA
NA
NA
NA
NA
NA
NA
NA
NA
NA
NA
NA
NA
NA
NA
NA
NA
NA
NA
NA
NA
NA
NA
NA
NA
NA
NA
NA
NA
NA
NA
NA
NA
NA
NA
NA
NA
NA
NA
NA
NA
NA
NA
NA
NA
NA
NA
NA
NA
NA
NA
NA
NA
NA
NA
NA
NA
NA
NA
NA
NA
NA
NA
NA
NA
NA
NA
NA
NA
NA
NA
NA
NA
NA
NA
NA
NA
NA
NA
NA
NA
NA
NA
NA
NA
NA
NA
NA
NA
NA
NA
NA
NA
NA
NA
NA
NA
NA
NA
NA
NA
NA
NA
NA
NA
NA
NA
NA
NA
NA
NA
NA
NA
NA
NA
NA
NA
NA
NA
NA
NA
NA
NA
NA
NA
NA
NA
NA
NA
NA
NA
NA
NA
NA
NA
NA
NA
NA
NA
NA
NA
NA
NA
NA
NA
NA
NA
NA
NA
NA
NA
NA
NA
NA
NA
NA
NA
NA
NA
NA
NA
NA
NA
NA
NA
NA
NA
NA
NA
NA
NA
NA
NA
NA
NA
NA
NA
NA
NA
NA
NA
NA
NA
NA
NA
NA
NA
NA
NA
NA
NA
NA
NA
NA
NA
NA
NA
NA
NA
NA
NA
NA
NA
NA
NA
NA
NA
NA
NA
NA
NA
NA
NA
NA
NA
NA
NA
NA
NA
NA
NA
NA
NA
NA
NA
NA
NA
NA
NA
NA
NA
NA
NA
NA
NA
NA
NA
NA
NA
NA
NA
NA
NA
NA
NA
NA
NA
NA
NA
NA
NA
NA
NA
NA
NA
NA
NA
NA
NA
NA
NA
NA
NA
NA
NA
NA
NA
NA
NA
NA
NA
NA
NA
NA
NA
NA
NA
NA
NA
NA
NA
NA
NA
NA
NA
NA
NA
NA
NA
NA
NA
NA
NA
NA
NA
NA
NA
NA
NA
NA
NA
NA
NA
NA
NA
NA
NA
NA
NA
NA
NA
NA
NA
NA
NA
NA
NA
NA
NA
NA
NA
NA
NA
NA
NA
NA
NA
NA
NA
NA
NA
NA
NA
NA
NA
NA
NA
NA
NA
NA
NA
NA
NA
NA
NA
NA
NA
NA
NA
NA
NA
NA
NA
NA
NA
NA
NA
NA
NA
NA
NA
NA
NA
NA
NA
NA
NA
NA
NA
NA
NA
NA
NA
NA
NA
NA
NA
NA
NA
NA
NA
NA
NA
NA
NA
NA
NA
NA
NA
NA
NA
NA
NA
NA
NA
NA
NA
NA
NA
NA
NA
NA
NA
NA
NA
NA
NA
NA
NA
NA
NA
NA
NA
NA
NA
NA
NA
NA
NA
NA
NA
NA
NA
NA
NA
NA
NA
NA
NA
NA
NA
NA
NA
NA
NA
NA
NA
NA
NA
NA
NA
NA
NA
NA
NA
NA
NA
NA
NA
NA
NA
NA
NA
NA
NA
NA
NA
NA
NA
NA
NA
NA
NA
NA
NA
NA
NA
NA
NA
NA
NA
NA
NA
NA
NA
NA
NA
NA
NA
NA
NA
NA
NA
NA
NA
NA
NA
NA
NA
NA
NA
NA
NA
NA
NA
NA
NA
NA
NA
NA
NA
NA
NA
NA
NA
NA
NA
NA
NA
NA
NA
NA
NA
NA
NA
NA
NA
NA
NA
NA
NA
NA
NA
NA
NA
NA
NA
NA
NA
NA
NA
NA
NA
NA
NA
NA
NA
NA
NA
NA
NA
NA
NA
NA
NA
NA
NA
NA
NA
NA
NA
NA
NA
NA
NA
NA
NA
NA
NA
NA
NA
NA
NA
NA
NA
NA
NA
NA
NA
NA
NA
NA
NA
NA
NA
NA
NA
NA
NA
NA
NA
NA
NA
NA
NA
NA
NA
NA
NA
NA
NA
NA
NA
NA
NA
NA
NA
NA
NA
NA
NA
NA
NA
NA
NA
NA
NA
NA
NA
NA
NA
NA
NA
NA
NA
NA
NA
NA
NA
NA
NA
NA
NA
NA
NA
NA
NA
NA
NA
NA
NA
NA
NA
NA
NA
NA
NA
NA
NA
NA
NA
NA
NA
NA
NA
NA
NA
NA
NA
NA
NA
NA
NA
NA
NA
NA
NA
NA
NA
NA
NA
NA
NA
NA
NA
NA
NA
NA
NA
NA
NA
NA
NA
NA
NA
NA
NA
NA
NA
NA
NA
NA
NA
NA
NA
NA
NA
NA
NA
NA
NA
NA
NA
NA
NA
NA
NA
NA
NA
NA
NA
NA
NA
NA
NA
NA
NA
NA
NA
NA
NA
NA
NA
NA
NA
NA
NA
NA
NA
NA
NA
NA
NA
NA
NA
NA
NA
NA
NA
NA
NA
NA
NA
NA
NA
NA
NA
NA
NA
NA
NA
NA
NA
NA
NA
NA
NA
NA
NA
NA
NA
NA
NA
NA
NA
NA
NA
NA
NA
NA
NA
NA
NA
NA
NA
NA
NA
NA
NA
NA
NA
NA
NA
NA
NA
NA
NA
NA
NA
NA
NA
NA
NA
NA
NA
NA
NA
NA
NA
NA
NA
NA
NA
NA
NA
NA
NA
NA
NA
NA
NA
NA
NA
NA
NA
NA
NA
NA
NA
NA
NA
NA
NA
NA
NA
NA
NA
NA
NA
NA
NA
NA
NA
NA
NA
NA
NA
NA
NA
NA
NA
NA
NA
NA
NA
NA
NA
NA
NA
NA
NA
NA
NA
NA
NA
NA
NA
NA
NA
NA
NA
NA
NA
NA
NA
NA
NA
NA
NA
NA
NA
NA
NA
NA
NA
NA
NA
NA
NA
NA
NA
NA
NA
NA
NA
NA
NA
NA
NA
NA
NA
NA
NA
NA
NA
NA
NA
NA
NA
NA
NA
NA
NA
NA
NA
NA
NA
NA
NA
NA
NA
NA
NA
NA
NA
NA
NA
NA
NA
NA
NA
NA
NA
NA
NA
NA
NA
NA
NA
NA
NA
NA
NA
NA
NA
NA
NA
NA
NA
NA
NA
NA
NA
NA
NA
NA
NA
NA
NA
NA
NA
NA
NA
NA
NA
NA
NA
NA
NA
NA
NA
NA
NA
NA
NA
NA
NA
NA
NA
NA
NA
NA
NA
NA
NA
NA
NA
NA
NA
NA
NA
NA
NA
NA
NA
NA
NA
NA
NA
NA
NA
NA
NA
NA
NA
NA
NA
NA
NA
NA
NA
NA
NA
NA
NA
NA
NA
NA
NA
NA
NA
NA
NA
NA
NA
NA
NA
NA
NA
NA
NA
NA
NA
NA
NA
NA
NA
NA
NA
NA
NA
NA
NA
NA
NA
NA
NA
NA
NA
NA
NA
NA
NA
NA
NA
NA
NA
NA
NA
NA
NA
NA
NA
NA
NA
NA
NA
NA
NA
NA
NA
NA
NA
NA
NA
NA
NA
NA
NA
NA
NA
NA
NA
NA
NA
NA
NA
NA
NA
NA
NA
NA
NA
NA
NA
NA
NA
NA
NA
NA
NA
NA
NA
NA
NA
NA
NA
NA
NA
NA
NA
NA
NA
NA
NA
NA
NA
NA
NA
NA
NA
NA
NA
NA
NA
NA
NA
NA
NA
NA
NA
NA
NA
NA
NA
NA
NA
NA
NA
NA
NA
NA
NA
NA
NA
NA
NA
NA
NA
NA
NA
NA
NA
NA
NA
NA
NA
NA
NA
NA
NA
NA
NA
NA
NA
NA
NA
NA
NA
NA
NA
NA
NA
NA
NA
NA
NA
NA
NA
NA
NA
NA
NA
NA
NA
NA
NA
NA
NA
NA
NA
NA
NA
NA
NA
NA
NA
NA
NA
NA
NA
NA
NA
NA
NA
NA
NA
NA
NA
NA
NA
NA
NA
NA
NA
NA
NA
NA
NA
NA
NA
NA
NA
NA
NA
NA
NA
NA
NA
NA
NA
NA
NA
NA
NA
NA
NA
NA
NA
NA
NA
NA
NA
NA
NA
NA
NA
NA
NA
NA
NA
NA
NA
NA
NA
NA
NA
NA
NA
NA
NA
NA
NA
NA
NA
NA
NA
NA
NA
NA
NA
NA
NA
NA
NA
NA
NA
NA
NA
NA
NA
NA
NA
NA
NA
NA
NA
NA
NA
NA
NA
NA
NA
NA
NA
NA
NA
NA
NA
NA
NA
NA
NA
NA
NA
NA
NA
NA
NA
NA
NA
NA
NA
NA
NA
NA
NA
NA
NA
NA
NA
NA
NA
NA
NA
NA
NA
NA
NA
NA
NA
NA
NA
NA
NA
NA
NA
NA
NA
NA
NA
NA
NA
NA
NA
NA
NA
NA
NA
NA
NA
NA
NA
NA
NA
NA
NA
NA
NA
NA
NA
NA
NA
NA
NA
NA
NA
NA
NA
NA
NA
NA
NA
NA
NA
NA
NA
NA
NA
NA
NA
NA
NA
NA
NA
NA
NA
NA
NA
NA
NA
NA
NA
NA
NA
NA
NA
NA
NA
NA
NA
NA
NA
NA
NA
NA
NA
NA
NA
NA
NA
NA
NA
NA
NA
NA
NA
NA
NA
NA
NA
NA
NA
NA
NA
NA
NA
NA
NA
NA
NA
0.1629
0.1556
0.3121
0.1864
0.2449
0.2561
0.2754
0.1429
0.2303
0.3161
0.3696
0.381
0.2727
0.311
0.4416
0.38
0.1553
0.2768
0.2244
0.1788
0.2737
0.1667
0.2353
0.2036
0.2857
0.2229
0.1742
0.1858
0.1951
0.3007
0.1243
0.4718
0.2706
0.2121
0.3684
0.2961
0.22
0.1421
0.2708
0.241
0.1135
0.4203
0.2514
0.2709
0.3333
0.3595
0.2374
0.2531
0.3208
0.3106
0.3231
0.3117
0.3333
0.3855
0.2597
0.2703
0.2053
0.1353
0.257
0.3118
0.2872
0.4054
0.3235
0.2071
0.2486
0.1955
0.3962
0.2628
0.2857
0.3766
0.4444
0.2486
0.2105
0.2912
0.2364
0.2303
0.3448
0.1947
0.3544
0.3043
0.4114
0.3125
0.3797
0.3133
0.2654
0.2156
0.1701
0.2618
0.2201
0.2914
0.1854
0.1919
0.3735
0.2216
0.2654
0.2438
0.3484
0.6134
0.2184
0.2011
0.1564
0.2839
0.1921
0.1753
0.3254
0.2287
0.2093
0.1761
0.2256
0.242
0.2289
0.3216
0.3446
0.3152
0.1917
0.3082
0.2367
0.2995
0.2787
0.3054
0.2486
0.3333
0.3831
0.2616
0.2674
0.3483
0.2473
0.2453
0.3438
0.1711
0.1887
0.1801
0.3121
0.233
0.209
0.1878
0.3333
0.172
0.2647
0.224
0.2258
0.2515
0.2634
0.1784
0.5217
0.2157
0.1527
0.2701
0.3595
0.4932
0.1895
0.254
0.2982
0.2253
0.2024
0.2404
0.4731
0.3818
0.1579
0.2484
0.4036
0.2647
0.2876
0.3614
0.3765
0.2541
0.4451
0.2599
0.1505
0.283
0.2952
0.2095
0.2865
0.2186
0.2537
0.2174
0.3313
0.2767
0.1455
0.4335
0.3179
0.3133
0.2649
0.1988
0.2761
0.2013
0.2079
0.2831
0.4238
0.1396
0.3167
0.3228
0.2796
0.1882
0.3312
0.3081
0.2
0.2948
0.3311
0.3161
0.2588
0.2573
0.245
0.2658
0.3295
0.1976
0.3
0.1961
0.2993
0.2654
0.2911
0.2357
0.2529
0.2439
0.2466
0.2803
0.24
0.3169
0.2324
0.1716
0.224
0.3108
0.25
0.369
0.432
0.2055
0.2057
0.311
0.3893
0.4404
0.4565
0.1724
0.2012
0.3729
0.2111
0.2941
0.2121
0.2821
0.2102
0.2857
0.2117
0.2253
0.2978
0.1938
0.2531
0.3357
0.2959
0.172
0.252
0.2343
0.1938
0.2986
0.2883
0.3232
0.2024
0.2659
0.2295
0.3442
0.3282
0.4088
0.2234
0.2971
0.2346
0.2679
0.288
0.2176
0.2297
0.4201
0.3267
0.2449
0.2759
0.4158
0.1628
0.3256
0.2421
0.3176
0.2166
0.2562
0.3353
0.2217
0.3054
0.2921
0.3333
0.3243
0.3026
0.2
0.3086
0.5946
0.2516
0.2093
0.1908
0.1927
0.2802
0.2515
0.2139
0.2683
0.3273
0.351
0.2402
0.3353
0.3832
0.2744
0.2108
0.2541
0.227
0.2426
0.2315
0.2416
0.2892
0.2866
0.2706
0.1966
0.3068
0.2398
0.269
0.2534
0.312
0.3094
0.2945
0.3
0.3571
0.2012
0.1726
0.2298
0.1862
0.2326
0.2654
0.2573
0.271
0.216
0.1688
0.2819
0.12
0.4277
0.1613
0.1768
0.2143
0.2105
0.2284
0.4096
0.1294
0.3452
0.2828
0.396
0.4036
0.2264
0.2044
0.2759
0.3097
0.2278
0.2147
0.1895
0.1941
0.3174
0.3431
0.2327
0.1497
0.2635
0.2343
0.2202
0.275
0.1986
0.2645
0.369
0.1905
0.2174
0.2362
0.4129
0.2179
0.2
0.2625
0.2014
0.2441
0.2457
0.1941
0.1421
0.2346
0.3333
0.2222
0.381
0.3143
0.1703
0.5317
0.226
0.3562
0.2021
0.3373
0.3171
0.2169
0.1699
0.1895
0.2275
0.2203
0.2299
0.2938
0.3478
0.3836
0.2645
0.2235
0.125
0.2982
0.3526
0.1744
0.1636
0.3179
0.179
0.4015
0.3743
0.2581
0.2121
0.2323
0.2915
0.3562
0.259
0.269
0.2818
0.1951
0.2102
0.4331
0.4258
0.25
0.4323
0.2143
0.2782
0.4286
0.3265
0.247
0.2453
0.3333
0.3205
0.2715
0.2804
0.3851
0.3529
0.4186
0.2914
0.2037
0.4476
0.2026
0.3699
0.2517
0.2361
0.3425
0.4902
0.2593
0.235
0.1707
0.453
0.1503
0.2365
0.2194
0.3333
0.1282
0.2381
0.2833
0.2115
0.3128
0.241
0.2245
0.2528
0.2727
0.1747
0.2626
0.2644
0.4214
0.2722
0.1257
0.2609
0.2249
0.2688
0.2195
0.224
0.3121
0.2654
0.3161
0.2586
0.2201
0.2545
0.425
0.1864
0.3471
0.2688
0.2513
0.1467
0.2079
0.3155
0.3333
0.3188
0.3235
0.1958
0.3896
0.2033
0.2299
0.32
0.3846
0.2278
0.3529
0.3019
0.2657
0.3182
0.2367
0.2466
0.1221
0.3333
0.2308
0.2727
0.5094
0.3907
0.2819
0.1916
0.2339
0.4375
0.3066
0.2683
0.2312
0.2349
0.4718
0.2968
0.349
0.2722
0.2235
0.2335
0.227
0.3939
0.25
0.2715
0.359
0.3333
0.2635
0.2297
0.5036
0.3108
0.2585
0.2186
0.3475
0.1988
0.3372
0.3289
0.2286
0.3626
0.4052
0.2667
0.3098
0.2911
0.3168
0.2089
0.2526
0.2438
0.1547
0.2556
0.2179
0.187
0.2987
0.2443
0.1611
0.3425
0.1967
0.2566
0.2393
0.2486
0.3164
0.1864
0.4195
0.1667
0.363
0.1929
0.2293
0.2651
0.3439
0.3355
0.3381
0.2865
0.2634
0.4023
0.2712
0.2994
0.3007
0.2763
0.2191
0.2515
0.2739
0.2297
0.2805
0.1412
0.2174
0.2577
0.4172
0.3642
0.3049
0.3796
0.2038
0.3741
0.2616
0.2741
0.25
0.242
0.1746
0.2161
0.2202
0.2299
0.3115
0.3944
0.2623
0.2981
0.1809
0.2443
0.2258
0.3041
0.2934
0.3007
0.3529
0.1556
0.2632
0.2461
0.225
0.0867
0.2667
0.2242
0.375
0.2857
0.3051
0.1988
0.2038
0.3278
0.3034
0.1902
0.2695
0.2333
0.1731
0.2781
0.4507
0.3005
0.5461
0.1902
0.1897
0.1989
0.3032
0.1928
0.2
0.2927
0.4161
0.3396
0.4122
0.3056
0.3543
0.3073
0.319
0.2975
0.2736
0.2739
0.3311
0.241
0.3812
0.2721
0.3548
0.2698
0.1765
0.2099
0.3114
0.2012
0.2183
0.2577
0.2907
0.257
0.191
0.3812
0.2453
0.2312
0.3588
0.0918
0.1228
0.3219
0.2515
0.3012
0.2083
0.2475
0.0983
0.2529
0.284
0.3662
0.1784
0.4444
0.3509
0.3257
0.3377
0.4015
0.1835
0.2941
0.1818
0.2486
0.2599
0.2685
0.2529
0.3806
0.45
0.2866
0.2667
0.3618
0.303
0.4595
0.2339
0.3354
0.305
0.1913
0.2767
0.1561
0.25
0.1806
0.1886
0.2857
0.2901
0.2556
0.3485
0.0968
0.3059
0.28
0.3158
0.2883
0.3158
0.2714
0.225
0.2443
0.3151
0.2896
0.1892
0.2585
0.3742
0.2759
0.2298
0.2969
0.2803
0.2792
0.3681
0.3529
0.1627
0.2628
0.1511
0.3089
0.226
0.3582
0.2264
0.15
0.2781
0.2798
0.2746
0.1404
0.1989
0.2914
0.3514
0.233
0.201
0.2717
0.2841
0.2488
0.3413
0.2431
0.2252
0.2782
0.2805
0.3515
0.3296
0.3353
0.2767
0.2803
0.157
0.2299
0.2054
0.2973
0.267
0.2759
0.3681
0.1396
0.1963
0.2426
0.1833
0.3145
0.4186
0.1622
0.1618
0.1841
0.3448
0.245
0.4762
0.3464
0.2945
0.487
0.1036
0.1966
0.2011
0.2867
0.1744
0.1639
0.363
0.2577
0.2994
0.2299
0.3433
0.2514
0.2978
0.2484
0.3208
0.3243
0.2712
0.2727
0.2554
0.2244
0.2083
0.2556
0.1534
0.4175
0.4207
0.2376
0.1588
0.3117
0.1944
0.3312
0.4307
0.2703
0.2697
0.3129
0.2346
0.2105
0.3613
0.1875
0.3136
0.3699
0.2209
0.2987
0.1867
0.2971
0.1568
0.2162
0.3548
0.4268
0.3043
0.2474
0.1477
0.1706
0.2571
0.2335
0.1746
0.1667
0.2675
0.24
0.3622
0.25
0.2329
0.3311
0.4156
0.3716
0.2753
0.3932
0.3095
0.3728
0.4853
0.2651
0.3277
0.2438
0.326
0.2686
0.2337
0.2079
0.2545
0.303
0.1029
0.1408
0.1875
0.1839
0.2759
0.3653
0.404
0.2886
0.2649
0.2528
0.2744
0.3068
0.1845
0.2095
0.2609
0.3373
0.3195
0.2597
0.1239
0.4172
0.2098
0.4348
0.209
0.1925
0.198
0.2188
0.2135
0.2222
0.3896
0.2038
0.4367
0.323
0.3143
0.3448
0.2958
0.28
0.375
0.32
0.2071
0.3468
0.2548
0.2472
0.2454
0.2812
0.2941
0.3694
0.3413
0.2247
0.2766
0.2558
0.32
0.2021
0.4348
0.2346
0.2514
0.3171
0.4467
0.3114
0.5
0.2514
0.2532
0.267
0.2249
0.3497
0.4393
0.3333
0.25
0.2335
0.2158
0.2807
0.2676
0.3681
0.1623
0.2375
0.3072
0.2299
0.2934
0.2958
0.3202
0.2086
0.1866
0.2703
0.4
0.2807
0.2812
0.3591
0.3012
0.422
0.1792
0.2692
0.2199
0.5906
0.2486
0.5175
0.2487
0.1626
0.0817
0.2331
0.2034
0.461
0.1676
0.2486
0.3355
0.186
0.183
0.4823
0.2743
0.1562
0.3247
0.2989
0.3377
0.2317
0.2244
0.2548
0.2026
0.4245
0.25
0.4013
0.226
0.2264
0.3171
0.3272
0.1987
0.1905
0.1394
0.3857
0.4367
0.4733
0.3713
0.185
0.153
0.5409
0.3106
0.2922
0.4581
0.2743
0.1921
0.0989
0.1489
0.1292
0.2245
0.2378
0.2174
0.1071
0.2171
0.2414
0.2717
0.2471
0.297
0.2121
0.3117
0.24
0.1887
0.0541
0.239
0.1453
0.0321
0.0683
0.1686
0.1317
0.2262
0.2171
0.0955
0.1514
0.1124
0.1724
0.0405
0.338
0.2647
0.1333
0.0556
0.1551
0.1544
0.1368
0.2292
0.1317
0.0757
0.4275
0.1844
0.2857
0.2153
0.2549
0.0959
0.0353
0.195
0.2901
0.1769
0.2548
0.2564
0.324
0.0482
0.2333
0.1429
0.1159
0.2793
0.2471
0.2394
0.1818
0.0734
0.0429
0.0703
0.1564
0.2201
0.1795
0.2083
0.117
0.3025
0.2044
0.0737
0.1436
0.1455
0.1629
0.3333
0.1263
0.3032
0.1914
0.3418
0.1932
0.3228
0.2083
0.1488
0.1369
0.1495
0.1309
0.2138
0.2343
0.1456
0.1263
0.2471
0.1277
0.1914
0.2
0.2323
0.5378
0.142
0.1746
0.1327
0.2323
0.1171
0.1907
0.2249
0.1458
0.0223
0.1635
0.0414
0.1709
0.1265
0.2339
0.2
0.2097
0.1295
0.2671
0.1977
0.1875
0.1946
0.1299
0.1087
0.2093
0.2739
0.1512
0.164
0.2346
0.2043
0.1447
0.35
0.1658
0.1761
0.1056
0.2484
0.2184
0.0678
0.1657
0.0347
0.1452
0.0966
0.1749
0.1419
0.1737
0.2312
0.1152
0.4099
0.0135
0.1084
0.2299
0.3856
0.4247
0.1842
0.2275
0.2573
0.1648
0.1361
0.2131
0.4192
0.1726
0.1158
0.128
0.2651
0.1337
0.1373
0.253
0.2531
0.2762
0.1908
0.1921
0.1237
0.1562
0.2108
0.1486
0.1503
0.2514
0.2195
0.1173
0.2892
0.1739
0.1545
0.3103
0.2197
0.2952
0.1806
0.1404
0.1963
0.1438
0.1573
0.2349
0.3444
0.0487
0.2611
0.2316
0.2043
0.1882
0.2298
0.2811
0.1756
0.2601
0.1689
0.2701
0.1404
0.2281
0.2119
0.1605
0.2948
0.0227
0.2294
0.2468
0.1419
0.1728
0.1962
0.1592
0.2356
0.2317
0.2877
0.2166
0.1886
0.338
0.2887
0.1588
0.1803
0.2027
0.1705
0.2619
0.3081
0.1644
0.177
0.1524
0.0786
0.2294
0.3333
0.1609
0.1302
0.1135
0.1333
0.1637
0.1576
0.2756
0.1954
0.2686
0.1241
0.1868
0.2416
0.1375
0.179
0.1039
0.1667
0.005
0.1496
0.2034
0.2375
0.0654
0.0412
0.2545
0.0328
0.2023
0.1694
0.2987
0.2824
0.2993
0.1809
0.3188
0.1713
0.1131
0.2554
0.1917
0.2095
0.3432
0.3
0.2347
0.2488
0.2653
0.2093
0.25
0.2158
0.3243
0.2038
0.1963
0.3353
0.0985
0.1893
0.2809
0.1742
0.1419
0.1908
0.1829
0.2654
0.5315
0.0061
0.08
0.1445
0.1289
0.2363
0.2164
0.1478
0.1515
0.2242
0.142
0.2123
0.185
0.2575
0.1951
0.1559
0.1803
0.1902
0.1647
0.2083
0.1733
0.1561
0.1768
0.2412
0.1573
0.2557
0.1257
0.2573
0.2671
0.256
0.3
0.1689
0.1938
0.2189
0.1479
0.1548
0.2174
0.1316
0.1919
0.2099
0.1469
0.1742
0.1429
0.1623
0.2819
0.1086
0.2159
0.1382
0.0788
0.0905
0.2367
0.2037
0.1796
0.1095
0.2738
0.2276
0.302
0.2048
0.1698
0.1823
0.2126
0.2774
0.1582
0.2188
0.1263
0.1471
0.2695
0.2042
0.2013
0.0343
0.2297
0.1943
0.0276
0.1925
0.227
0.2278
0.3333
0.1299
0.1988
0.2161
0.1358
0.1173
0.1282
0.1938
0.1079
0.1784
0.2114
0.1588
0.0746
0.2458
0.1728
0.1754
0.3571
0.2457
0.1257
0.5159
0.1695
0.2795
0.1596
0.2604
0.1845
0.1964
0.165
0.0197
0.1414
0.1808
0.0352
0.2216
0.2169
0.205
0.2038
0.1899
0.1
0.2941
0.1923
0.1628
0.1118
0.2517
0.0468
0.2199
0.3184
0.0909
0.0904
0.2194
0.19
0.274
0.2349
0.16
0.2228
0.1585
0.1783
0.227
0.3397
0.2209
0.3032
0.0355
0.3759
0.4762
0.0377
0.253
0.2075
0.2625
0.2885
0.2384
0.2222
0.1768
0.1371
0.3081
0.1788
0.1975
0.2308
0.1895
0.1603
0.1701
0.1712
0.2123
0.1618
0.1598
0.19
0.1646
0.1596
0.0625
0.2162
0.0788
0.24
0.1191
0.1548
0.123
0.1859
0.2514
0.1386
0.1531
0.1629
0.1726
0.1758
0.2402
0.2011
0.4403
0.1962
0.0924
0.189
0.1118
0.0723
0.1951
0.224
0.2199
0.2407
0.1771
0.1552
0.1824
0.2182
0.3
0.1525
0.1067
0.0722
0.1333
0.1067
0.1573
0.262
0.1143
0.25
0.1395
0.1746
0.3333
0.0489
0.1477
0.1854
0.3205
0.1835
0.2338
0.1572
0.2028
0.2403
0.1479
0.2123
0.0393
0.3296
0.1467
0.1603
0.3019
0.3179
0.266
0.2216
0.1445
0.3264
0.2246
0.1939
0.1223
0.1976
0.1921
0.2387
0.2384
0.2848
0.1722
0.1878
0.1718
0.2934
0.0391
0.1921
0.2949
0.1899
0.2096
0.2297
0.2734
0.2027
0.1973
0.1749
0.2695
0.1696
0.1207
0.2171
0.1486
0.1988
0.2922
0.2182
0.1739
0.1899
0.0819
0.1572
0.1042
0.2438
0.1751
0.1667
0.1389
0.0957
0.2597
0.1389
0.1848
0.221
0.2568
0.1923
0.1524
0.1547
0.257
0.209
0.3333
0.1944
0.2313
0.1675
0.2484
0.247
0.3439
0.2105
0.3165
0.1854
0.045
0.1217
0.209
0.2342
0.2157
0.2566
0.1854
0.1897
0.1274
0.1745
0.2256
0.0278
0.1129
0.2113
0.3775
0.2048
0.2256
0.223
0.2152
0.2908
0.3372
0.2386
0.189
0.2166
0.0246
0.1144
0.1183
0.2674
0.2174
0.2183
0.1858
0.1647
0.1489
0.2034
0.2043
0.1689
0.2012
0.1554
0.1919
0.1657
0.1988
0.1728
0.1615
0.052
0.2683
0.1636
0.2562
0.2403
0.2542
0.087
0.2611
0.2944
0.1655
0.1227
0.2156
0.0103
0.1474
0.2252
0.3732
0.2103
0.305
0.1522
0.1327
0.172
0.2447
0.1506
0.1944
0.2012
0.2318
0.239
0.24
0.2333
0.2571
0.0457
0.2393
0.2215
0.1188
0.1656
0.0183
0.1206
0.4129
0.2426
0.3495
0.2619
0.1706
0.1605
0.1796
0.1768
0.2183
0.2113
0.2151
0.0404
0.2135
0.25
0.2038
0.201
0.3359
0.0969
0.1111
0.1633
0.1768
0.1771
0.1458
0.1733
0.1716
0.1724
0.125
0.3099
0.1268
0.0809
0.2209
0.2486
0.3182
0.1898
0.1392
0.2647
0.1939
0.1568
0.1657
0.1467
0.1824
0.3548
0.1156
0.25
0.1739
0.3137
0.2576
0.2635
0.0989
0.3168
0.2199
0.1243
0.2767
0.0925
0.2276
0.1097
0.1061
0.2024
0.2222
0.2099
0.2273
0.0421
0.2294
0.162
0.1921
0.2839
0.1503
0.0917
0.1841
0.1761
0.274
0.2568
0.1075
0.2789
0.2785
0.2356
0.142
0.1875
0.2293
0.0692
0.2329
0.2588
0.1867
0.1062
0.2941
0.101
0.1921
0.0995
0.1321
0.1444
0.1925
0.2679
0.2113
0.0282
0.1543
0.0854
0.2838
0.2079
0.1415
0.2197
0.1875
0.1592
0.2874
0.1989
0.1457
0.1407
0.2134
0.2424
0.2682
0.1437
0.2013
0.071
0.1453
0.1609
0.1622
0.2688
0.2147
0.2674
0.0733
0.1121
0.184
0.2071
0.1556
0.2438
0.3721
0.1622
0.1124
0.1443
0.2483
0.2053
0.2913
0.1634
0.2466
0.1657
0.1036
0.1404
0.1788
0.1389
0.1077
0.1585
0.3259
0.1636
0.0936
0.16
0.2537
0.2404
0.2011
0.1615
0.239
0.25
0.1695
0.2216
0.0919
0.2244
0.1392
0.1833
0.0612
0.17
0.2349
0.1351
0.1294
0.2129
0.1444
0.2532
0.3723
0.2541
0.1348
0.2331
0.2067
0.2105
0.1646
0.1938
0.1973
0.1389
0.1802
0.1835
0.1566
0.1429
0.1676
0.1676
0.2581
0.2767
0.2112
0.1508
0.1989
0.2
0.2057
0.1675
0.1693
0.1667
0.1572
0.1733
0.2362
0.1494
0.226
0.3113
0.2516
0.3356
0.1556
0.3058
0.2262
0.2899
0.3309
0.2169
0.1237
0.225
0.1858
0.2629
0.1579
0.1292
0.1636
0.2667
0.1379
0.0561
0.1354
0.1322
0.2529
0.3413
0.0303
0.1863
0.2108
0.1788
0.1091
0.1977
0.1369
0.1095
0.212
0.3133
0.157
0.1813
0.0688
0.1897
0.1389
0.3086
0.0582
0.0828
0.1675
0.1055
0.2022
0.1421
0.3442
0.1111
0.2317
0.2229
0.2457
0.2586
0.2324
0.1486
0.1812
0.2034
0.0888
0.2791
0.1783
0.2022
0.1534
0.2312
0.2588
0.3758
0.3114
0.1798
0.1937
0.2849
0.2467
0.1186
0.1714
0.1543
0.235
0.2303
0.271
0.2335
0.2885
0.2229
0.1871
0.1412
0.1893
0.2568
0.341
0.303
0.1667
0.1272
0.1414
0.1387
0.0577
0.3571
0.1152
0.2062
0.0542
0.1782
0.1796
0.2276
0.1845
0.1779
0.1483
0.2162
0.3354
0.1429
0.1566
0.2404
0.2169
0.3642
0.1445
0.3013
0.1206
0.4154
0.2023
0.3846
0.1399
0.0534
0.0288
0.1472
0.1808
0.3194
0.0497
0.1503
0.1835
0.1581
0.1307
0.3219
0.2514
0.2138
0.1795
0.0503
0.2252
0.1463
0.2051
0.0491
0.183
0.295
0.1543
0.3046
0.1638
0.1012
0.2378
0.064
0.1854
0.125
0.1154
0.2113
0.3101
0.2368
0.1908
0.135
0.1585
0.2771
0.2733
0.1948
0.071
0.2743
0.0326
0.1264
0.1042
0.0374
0.05
0.2156
0.0408
0.0514
0.0497
0.2011
0.1005
0.1117
0.0899
0.0455
0.0468
0.0769
0.1429
0.1593
0.0727
0.1397
0.0321
0.0388
0.0503
0.1497
0.0511
0.0476
0.0444
0.1297
0.1006
0.0516
0.0347
0.338
0.0598
0.0774
0.0309
0.1223
0.1892
0.1
0.053
0.0339
0.0973
0.413
0.15
0.1863
0.2222
0.0778
0.0573
0.0235
0.2138
0.0977
0.0593
0.1472
0.0359
0.2961
0.2273
0.2267
0.1494
0.0233
0.0392
0.0773
0.2234
0.121
0.1802
0.0191
0.037
0.105
0.2201
0.1795
0.1445
0.0517
0.0629
0.153
0.0984
0.1117
0.0405
0.0316
0.2
0.1474
0.0183
0.0893
0.1807
0.1243
0.1453
0.2711
0.0312
0.125
0.0149
0.0609
0.2013
0.2171
0.0274
0.0343
0.022
0.0253
0.0536
0.0409
0.0364
0.3902
0.0894
0.1852
0.036
0.2387
0.061
0.0394
0.213
0.1458
0.0447
0.0552
0.0473
0.0854
0.0337
0.2573
0.1722
0.1693
0.0812
0.05
0.213
0.1354
0.0722
0.0815
0.1713
0.0074
0.2372
0.0899
0.0816
0.0254
0.0305
0.0299
0.3375
0.2193
0.0179
0.1366
0.2357
0.0679
0.0166
0.0316
0.0347
0.1505
0.1744
0.0957
0.1871
0.0819
0.0294
0.0265
0.3851
0.036
0.014
0.1525
0.3203
0.121
0.03
0.1534
0.1761
0.0802
0.0514
0.0156
0.232
0.1765
0.0895
0.1402
0.1387
0.1453
0.1438
0.1867
0.1988
0.221
0.0532
0.0361
0.0202
0.1988
0.1905
0.051
0.1719
0.1283
0.0487
0.1543
0.0113
0.1925
0.0402
0.2471
0.0219
0.0814
0.129
0.0391
0.2331
0.175
0.0324
0.0398
0.3487
0.031
0.2011
0.2063
0.1088
0.1588
0.2387
0.0296
0.0417
0.2229
0.1824
0.2414
0.1462
0.2105
0.2053
0.1772
0.2197
0.0341
0.0955
0.0427
0.0382
0.1543
0.0741
0.0307
0.2241
0.0281
0.0438
0.2166
0.2
0.2465
0.3099
0.033
0.1475
0.0189
0.0108
0.0884
0.3333
0.102
0.0553
0.1829
0.1143
0.1532
0.0733
0.1379
0.117
0.1027
0.1573
0.0164
0.1091
0.0602
0.1667
0.0622
0.0069
0.1475
0.1966
0.1188
0.1257
0.0779
0.0481
0.0299
0.1339
0.0324
0.1875
0.0458
0.0235
0.1758
0.1364
0.1207
0.0263
0.2166
0.0274
0.068
0.0348
0.2536
0.0314
0.0526
0.2935
0.0348
0.1619
0.1517
0.28
0.2449
0.2687
0.0524
0.1445
0.2674
0.0199
0.2095
0.1465
0.1812
0.0939
0.0563
0.2426
0.0415
0.1509
0.1351
0.0244
0.023
0.2716
0.3451
0.0427
0.0743
0.0219
0.1031
0.1946
0.1591
0.0474
0.0765
0.0165
0.0915
0.1955
0.1782
0.2994
0.1377
0.0464
0.0806
0.1159
0.0167
0.1667
0
0.1387
0.0647
0.0884
0.1124
0.0714
0.022
0.2047
0.0432
0.296
0.0473
0.0435
0.0686
0.038
0.0221
0.0056
0.0643
0.1158
0.0337
0.2407
0.1327
0.1761
0.1677
0.0545
0.0123
0.0447
0.0829
0.0352
0.0234
0.0386
0.0167
0.1605
0.0341
0.0746
0.0971
0.0382
0.1538
0.1453
0.0471
0.0355
0.1657
0.2516
0.0357
0.2312
0.015
0.0279
0.2874
0.169
0.1887
0.0229
0.0256
0.0442
0.0055
0.0179
0.1844
0.1125
0.1
0.0333
0.205
0.1478
0.0864
0.1061
0.1378
0.0292
0.0414
0.0741
0.0161
0.1073
0.0291
0.1732
0.1173
0.0444
0.0426
0.0205
0.0209
0.1357
0.0829
0.2733
0.0253
0.2781
0.1611
0.0447
0.1311
0.0443
0.0147
0.118
0.0201
0.1238
0.2116
0.0179
0.012
0.0267
0.08
0.3118
0.2038
0.069
0.0706
0.1419
0.0824
0.1773
0.2961
0.0758
0.0471
0.2
0.1238
0.1316
0.017
0.122
0.0838
0.0409
0.1338
0.2981
0.2756
0.2093
0.1707
0.0355
0.0548
0.1469
0.0189
0.1557
0.0543
0.2201
0.2051
0.0881
0.2116
0.1707
0.1453
0.2286
0.2057
0.0529
0.1126
0.0242
0.2534
0.106
0.1667
0.0701
0.1329
0.254
0.0276
0.0395
0.1414
0.0123
0.0645
0.1429
0.2434
0.0247
0.0455
0.0909
0.0494
0.2402
0.0339
0.1224
0.1798
0.2303
0.0231
0.0106
0.1271
0.3312
0.0355
0.0366
0.1707
0.0281
0.0783
0.1707
0.0392
0.0446
0.1902
0.043
0.0209
0.1615
0.0222
0.0888
0.1011
0.1292
0.0876
0.0147
0.0516
0.0157
0.1917
0.0223
0.1411
0.0442
0.1026
0.0893
0.0323
0.108
0.1154
0.0169
0.2278
0.1111
0.1509
0.0662
0.2273
0.0791
0.2329
0.0393
0.1868
0.0206
0.1474
0.2242
0.1875
0.1915
0.0169
0.0333
0.0679
0.1408
0.1768
0.1263
0.067
0.2185
0.2645
0.2886
0.1779
0.0695
0.019
0.1534
0.1379
0.0503
0.1921
0.1084
0.092
0.1737
0.1812
0.0959
0.0833
0.1905
0.1694
0.0577
0.0221
0.1977
0.0355
0.1086
0.1023
0.3072
0.1627
0.045
0.0926
0.0468
0.0182
0.0663
0.0412
0.1638
0.0208
0.0267
0.0913
0.2273
0.1629
0.018
0.1489
0.0255
0.1783
0.0174
0.0155
0.2458
0.0212
0.1406
0.0529
0.2857
0.0286
0.2484
0.2169
0.0455
0.2566
0.2153
0.1676
0.01
0.0684
0.1977
0.0291
0.0296
0.2632
0.1966
0.0778
0.1911
0.0577
0.0389
0.0167
0.0159
0.0644
0.3311
0.2169
0.2134
0.365
0.121
0.0816
0.2209
0.1709
0.0756
0.0115
0.0099
0.1294
0.0391
0.039
0.1081
0.0323
0.129
0.0904
0.0354
0.0535
0.0101
0.0446
0.0389
0.1689
0.186
0.1167
0.0486
0.178
0.0595
0.0694
0.2378
0.0113
0.1796
0.0287
0.236
0.0542
0.1975
0.3056
0.0461
0.0237
0.0503
0.0259
0.0311
0.1742
0.331
0.1633
0.025
0.0419
0.0439
0.026
0.2135
0.1566
0.0543
0.2256
0.0245
0.0732
0.2133
0.1713
0.1141
0.0457
0.1966
0.0178
0.1881
0.0238
0.2877
0.0945
0.1264
0.1838
0.2275
0.0652
0.0343
0.0468
0.0289
0.0457
0.0325
0.0192
0.0272
0.0404
0.0521
0.0565
0.0345
0.2312
0.0208
0.05
0.1111
0.0513
0.1006
0.1477
0.0441
0.0459
0.1156
0.2126
0.0291
0.0124
0.0794
0.0604
0.1333
0.2079
0.2987
0.162
0.1139
0.2
0.1394
0.1676
0.0319
0.044
0.0867
0.2839
0.0743
0.2744
0.0503
0.2792
0.1765
0.0419
0.0659
0.323
0.1507
0.0309
0.0291
0.0223
0.1429
0.1419
0.0161
0.1845
0.2284
0.1713
0.2121
0.0421
0.0365
0.1453
0.0429
0.2179
0.0432
0.0872
0.199
0.0535
0.2123
0.2459
0.1183
0.141
0.2975
0.0968
0.0409
0.0099
0.0714
0.1548
0.1837
0.027
0.0345
0.075
0.1871
0.1111
0.0316
0.0374
0.0592
0.1333
0.1649
0.244
0.0397
0.0282
0.1371
0.061
0.3311
0.0585
0.0364
0.0432
0.0989
0.0091
0.1628
0.0733
0.0523
0.0432
0.0526
0.2349
0.1505
0.1494
0.239
0.0118
0.0983
0.1017
0.1667
0.0148
0.0291
0.1264
0.0518
0.0128
0.0678
0.0216
0.0213
0.1925
0.3333
0.1105
0.0323
0.0758
0.226
0.0812
0.2598
0.0377
0.0312
0.1598
0.0928
0.0484
0.086
0.068
0.0149
0.0419
0.1594
0.0347
0.0819
0.0272
0.04
0.2186
0.1844
0.1491
0.0231
0.2162
0.1864
0.0879
0.163
0.1582
0.1237
0.0479
0.0556
0.2113
0.1879
0.0154
0.1893
0.0294
0.0266
0.2208
0.0738
0.0299
0.0211
0.0523
0.1033
0.0112
0.2065
0.0235
0.1659
0.2126
0.1034
0.0357
0.0347
0.0214
0.0619
0.041
0.2179
0.1656
0.1557
0.0945
0.027
0.1422
0.0559
0.1421
0.1429
0.0307
0.2013
0.0751
0.037
0.1173
0.1622
0.0465
0.2903
0.1859
0.2
0.2621
0.0449
0.2663
0.1565
0.0341
0.2753
0.0452
0.1376
0.1829
0.0777
0.0432
0.1636
0.2545
0.1371
0.0276
0.1146
0.0625
0.2356
0.0389
0.0424
0.0461
0.173
0.0209
0.0353
0.15
0.0345
0.1381
0.1452
0.0272
0.105
0.1878
0.0734
0.2529
0.0345
0.2515
0.0211
0.0473
0.1675
0.1562
0.0211
0.1632
0.3228
0.2102
0.0391
0.2048
0.1778
0.0314
0.2254
0.0486
0.1975
0.1508
0.0234
0.2443
0.1975
0.1742
0.1472
0.0651
0.1638
0.3376
0.2294
0.1966
0.035
0.2
0.1788
0.1289
0.1172
0.0355
0.235
0.1928
0.2089
0.213
0.3571
0.2857
0.0494
0.0269
0.0278
0.0102
0.0147
0.2879
0.0452
0.0983
0.067
0.1143
0.0385
0.099
0.0348
0.175
0.0982
0.0372
0.0506
0.0316
0.1724
0.0465
0.0274
0.0429
0.1919
0.0442
0.0985
0.0947
0.142
0.3988
0.0857
0.25
0.0552
0.2128
0.0328
0.0488
0.0348
0.0388
0.0144
0.1472
0.0476
0.3264
0.0552
0.0279
0.0176
0.0362
0.0375
0.1603
0.0423
0.1118
0.2143
0.1034
0.2384
0.0457
0.1987
0.0307
0.1438
0.2042
0.225
0.0702
0.1525
0.0714
0.1294
0.0814
0.0443
0.0952
0.1442
0.1818
0.3291
0.2434
0.2139
0.14
0.0421
0.2023
0.0112
0.1006
0.0651
0.1989
