x
0.3643
0.3743
0.3743
0.3806
0.3778
0.3749
0.3714
0.3692
0.3812
0.3685
0.3708
0.3763
0.3753
0.3831
0.3825
0.3649
0.3603
0.3752
0.3624
0.3756
0.3703
0.3698
0.3663
0.3701
0.3665
0.3755
0.3703
0.377
0.3787
0.3826
0.3775
0.3714
0.3691
0.3698
0.367
0.3776
0.385
0.3851
0.3653
0.3771
0.3745
0.3734
0.3671
0.3743
0.3662
0.3824
0.3816
0.3723
0.3671
0.3752
0.3734
0.3703
0.3794
0.3693
0.3776
0.3657
0.3654
0.3829
0.3737
0.3771
0.3778
0.3726
0.3709
0.3794
0.364
0.3763
0.3775
0.3688
0.3655
0.378
0.3682
0.3638
0.3849
0.378
0.372
0.3826
0.3846
0.3784
0.3767
0.3732
0.3655
0.3701
0.3806
0.3774
0.3671
0.3788
0.3778
0.3576
0.3732
0.3673
0.368
0.3769
0.362
0.374
0.3659
0.3763
0.3735
0.3746
0.3716
0.3692
0.3783
0.3746
0.3669
0.3788
0.3784
0.3827
0.344
0.3657
0.3791
0.3805
0.3652
0.3798
0.3754
0.3762
0.377
0.3784
0.3777
0.3718
0.3871
0.3615
0.3631
0.3599
0.3796
0.3831
0.3735
0.3684
0.3751
0.388
0.3697
0.3728
0.3672
0.3689
0.3729
0.3808
0.3756
0.3766
0.3672
0.3726
0.381
0.3781
0.3812
0.3755
0.367
0.3698
0.3761
0.3837
0.3758
0.3618
0.3705
0.3675
0.364
0.3726
0.3765
0.3747
0.3696
0.3638
0.3806
0.3667
0.3556
0.3708
0.3553
0.3642
0.3772
0.3769
0.3743
0.3835
0.3806
0.3711
0.3796
0.3806
0.3783
0.3713
0.3631
0.3729
0.3705
0.3734
0.3743
0.3816
0.3779
0.3776
0.3718
0.3648
0.3737
0.3761
0.3725
0.379
0.3704
0.3836
0.3799
0.3731
0.3779
0.3835
0.3727
0.366
0.3682
0.3746
0.3691
0.3693
0.3852
0.3822
0.3703
0.3766
0.3791
0.3664
0.3659
0.3655
0.3689
0.3729
0.3839
0.3821
0.3686
0.3662
0.3792
0.3718
0.3755
0.3732
0.3733
0.3753
0.3755
0.3785
0.3708
0.3602
0.369
0.3774
0.3787
0.3692
0.3799
0.3811
0.3829
0.3726
0.3744
0.3823
0.359
0.3729
0.3642
0.3827
0.3657
0.3771
0.3753
0.3673
0.3667
0.3685
0.3699
0.3697
0.372
0.373
0.3689
0.375
0.3563
0.3631
0.3742
0.3724
0.3701
0.3778
0.3834
0.3794
0.3697
0.3774
0.364
0.3762
0.3701
0.371
0.3771
0.3698
0.3711
0.3761
0.3706
0.3698
0.3831
0.3723
0.3765
0.3784
0.3726
0.3657
0.3789
0.38
0.3823
0.3599
0.3812
0.3756
0.3697
0.3745
0.3702
0.3671
0.3762
0.3632
0.3786
0.3783
0.37
0.3716
0.3595
0.3721
0.3755
0.3632
0.3763
0.3767
0.3695
0.3785
0.3757
0.3727
0.3691
0.3782
0.3706
0.3665
0.3713
0.3742
0.3708
0.3712
0.3786
0.382
0.3815
0.3696
0.3738
0.3627
0.3818
0.3646
0.3732
0.3575
0.3772
0.3775
0.3675
0.3638
0.3699
0.3761
0.3802
0.3846
0.382
0.3849
0.365
0.3695
0.376
0.3702
0.3718
0.3698
0.375
0.3755
0.3761
0.3667
0.3728
0.3756
0.3786
0.3722
0.3737
0.3672
0.3873
0.3778
0.3832
0.3704
0.3719
0.3647
0.38
0.3737
0.3765
0.3815
0.3769
0.3613
0.371
0.3757
0.3676
0.3741
0.3683
0.3647
0.3711
0.3802
0.3731
0.3561
0.3696
0.3796
0.3674
0.3767
0.3776
0.364
0.372
0.3736
0.3803
0.3797
0.3699
0.3758
0.3769
0.3633
0.3824
0.3685
0.3712
0.3628
0.3756
0.3736
0.3738
0.3731
0.3593
0.3653
0.3766
0.3788
0.3746
0.3699
0.3661
0.352
0.379
0.3753
0.379
0.3824
0.3751
0.3636
0.37
0.3725
0.3726
0.3808
0.3939
0.3632
0.3764
0.3846
0.3718
0.3814
0.3793
0.3771
0.3582
0.3718
0.3478
0.3729
0.3761
0.3717
0.3778
0.3678
0.365
0.3795
0.3691
0.3754
0.3685
0.3751
0.3584
0.3657
0.376
0.3843
0.3669
0.3797
0.3681
0.3742
0.3774
0.3678
0.3765
0.3657
0.3725
0.3676
0.3732
0.3717
0.3742
0.3746
0.3734
0.3651
0.3706
0.3661
0.3745
0.3661
0.3726
0.3745
0.3765
0.3749
0.3719
0.361
0.3683
0.3754
0.3803
0.3714
0.3702
0.3726
0.3854
0.3783
0.3801
0.3752
0.3661
0.3608
0.3622
0.3756
0.375
0.3728
0.3807
0.3796
0.374
0.3684
0.3608
0.3648
0.3791
0.3604
0.377
0.3673
0.3594
0.3705
0.373
0.3723
0.3641
0.3703
0.3753
0.3725
0.3715
0.3739
0.3788
0.3691
0.3651
0.3816
0.3773
0.3725
0.3693
0.3695
0.3721
0.3772
0.37
0.3747
0.3739
0.3728
0.3687
0.3703
0.3816
0.3666
0.3742
0.3638
0.3662
0.3618
0.376
0.3658
0.3776
0.3787
0.3734
0.3832
0.3635
0.3793
0.3672
0.3706
0.3797
0.3814
0.3776
0.374
0.3701
0.3635
0.3634
0.3726
0.3681
0.3579
0.3712
0.3735
0.3764
0.3698
0.355
0.3685
0.3761
0.3747
0.3644
0.3735
0.3672
0.3546
0.3682
0.3697
0.3708
0.3754
0.3726
0.3794
0.37
0.3587
0.3757
0.3711
0.3763
0.3738
0.3673
0.3721
0.3714
0.3858
0.378
0.3811
0.3784
0.378
0.3734
0.3655
0.3764
0.3718
0.3794
0.3617
0.385
0.3709
0.3673
0.3695
0.3692
0.3769
0.3678
0.3681
0.382
0.3813
0.3636
0.3681
0.3693
0.3701
0.3746
0.3769
0.3733
0.3837
0.3734
0.3772
0.3751
0.3709
0.3713
0.3601
0.3826
0.3722
0.3723
0.3812
0.3705
0.3712
0.3802
0.3673
0.377
0.3715
0.3729
0.3781
0.3764
0.3756
0.3871
0.3691
0.365
0.378
0.3746
0.3771
0.3766
0.375
0.3684
0.3688
0.38
0.3727
0.3739
0.3621
0.3709
0.3713
0.3636
0.3779
0.3734
0.3456
0.3687
0.3837
0.3786
0.3537
0.374
0.3717
0.3708
0.3773
0.3709
0.3674
0.3737
0.375
0.3725
0.3702
0.3836
0.3545
0.3695
0.3744
0.3701
0.3776
0.3831
0.3769
0.3702
0.3774
0.3794
0.3749
0.3596
0.3707
0.3717
0.3645
0.3725
0.38
0.3779
0.3786
0.3755
0.38
0.3679
0.3456
0.3623
0.3699
0.3699
0.378
0.3751
0.382
0.3815
0.375
0.3681
0.3779
0.3597
0.3744
0.3812
0.3721
0.3802
0.3815
0.3737
0.3704
0.359
0.3719
0.3729
0.3782
0.3824
0.3718
0.374
0.3656
0.3824
0.3718
0.3723
0.3722
0.3771
0.3771
0.3804
0.3662
0.3733
0.3717
0.3701
0.3749
0.3719
0.3758
0.374
0.3713
0.3638
0.3678
0.371
0.3707
0.3654
0.3675
0.3749
0.3702
0.3772
0.3696
0.3708
0.3765
0.3672
0.3748
0.3689
0.373
0.3668
0.3714
0.3693
0.3785
0.3838
0.3673
0.3806
0.3669
0.3669
0.362
0.3797
0.3842
0.3703
0.3672
0.3724
0.3629
0.367
0.3716
0.3703
0.3757
0.3689
0.3813
0.3788
0.365
0.3753
0.3775
0.3642
0.3611
0.3742
0.3797
0.3695
0.3699
0.3756
0.3628
0.3714
0.377
0.3729
0.3751
0.3759
0.3831
0.3703
0.3719
0.3675
0.3705
0.381
0.3742
0.3717
0.3816
0.3695
0.3787
0.3765
0.371
0.379
0.3652
0.3785
0.3578
0.3718
0.3616
0.3734
0.362
0.3835
0.3648
0.3826
0.3615
0.3818
0.3677
0.3694
0.3788
0.3873
0.369
0.3725
0.3678
0.3688
0.3806
0.3691
0.3751
0.376
0.364
0.3834
0.3734
0.3701
0.3795
0.376
0.3701
0.3644
0.3534
0.3743
0.3723
0.3674
0.3759
0.364
0.3748
0.3785
0.3678
0.3787
0.3782
0.369
0.3645
0.3609
0.3757
0.373
0.3732
0.375
0.3732
0.3749
0.3732
0.3724
0.3755
0.3753
0.372
0.3744
0.3689
0.3795
0.3728
0.3718
0.3707
0.3802
0.3735
0.3766
0.3792
0.3715
0.366
0.3756
0.3708
0.3746
0.374
0.3728
0.3672
0.36
0.3808
0.3615
0.3684
0.3807
0.38
0.3725
0.3789
0.3693
0.3709
0.3687
0.3777
0.358
0.3738
0.3636
0.3783
0.3811
0.375
0.3676
0.3728
0.3751
0.3602
0.3807
0.38
0.3762
0.3774
0.3749
0.3714
0.3749
0.3644
0.374
0.3785
0.3779
0.3714
0.3711
0.3664
0.3735
0.3707
0.376
0.3657
0.3675
0.3683
0.3741
0.369
0.3704
0.3794
0.384
0.3748
0.3737
0.3729
0.3668
0.3845
0.3803
0.3847
0.3685
0.3751
0.369
0.3697
0.3774
0.3668
0.367
0.3757
0.3668
0.3763
0.381
0.3545
0.3551
0.3727
0.3815
0.3775
0.3704
0.3645
0.3805
0.3747
0.3663
0.3661
0.3795
0.3803
0.3779
0.3667
0.3799
0.3566
0.3711
0.3725
0.3713
0.373
0.3767
0.3759
0.3721
0.3707
0.3762
0.3769
0.3765
0.3777
0.3786
0.3766
0.3778
0.3673
0.3772
0.3629
0.3777
0.3653
0.3706
0.3853
0.3697
0.3811
0.3788
0.3751
0.3814
0.3772
0.3765
0.3623
0.3761
0.3834
0.3778
0.3722
0.3656
0.3709
0.3733
0.364
0.3711
0.3754
0.3757
0.3576
0.3633
0.37
0.3815
0.3695
0.3648
0.3845
0.3691
0.3682
0.3795
0.3722
0.3672
0.3819
0.3678
0.3667
0.3735
0.3673
0.3693
0.379
0.3672
0.3727
0.3716
0.3669
0.3735
0.3823
0.3824
0.3734
0.3654
0.3749
0.3802
0.3704
0.3705
0.3756
0.38
0.3793
0.3862
0.3624
0.3625
0.3789
0.3689
0.3811
0.3683
0.3673
0.3705
0.3699
0.3641
0.3734
0.3677
0.3775
0.378
0.3865
0.3766
0.3831
0.3672
0.3801
0.3712
0.3779
0.3853
0.3827
0.3666
0.3757
0.3728
0.3714
0.3647
0.3777
0.3645
0.3825
0.3806
0.374
0.3662
0.372
0.3772
0.3742
0.3734
0.3747
0.3796
0.3666
0.3724
0.3857
0.38
0.3827
0.3777
0.3713
0.3703
0.3774
0.3705
0.3753
0.3794
0.364
0.368
0.3783
0.3673
0.3633
0.3845
0.3789
0.3769
0.3798
0.3852
0.379
0.3731
0.3786
0.3709
0.3709
0.3815
0.38
0.3695
0.3786
0.3811
0.3565
0.374
0.3768
0.3727
0.3755
0.3657
0.3771
0.3737
0.3787
0.37
0.3778
0.3677
0.3683
0.3861
0.3753
0.3659
0.3842
0.3804
0.3906
0.344
0.3645
0.3804
0.3767
0.3643
0.3782
0.3706
0.3762
0.3758
0.383
0.3723
0.3756
0.3849
0.3631
0.3632
0.3659
0.3769
0.3812
0.3749
0.379
0.377
0.3926
0.3794
0.3708
0.3688
0.3722
0.3655
0.3859
0.3832
0.3801
0.369
0.3773
0.3811
0.3772
0.3772
0.3781
0.3714
0.3708
0.3753
0.3835
0.3741
0.3614
0.3731
0.3658
0.3682
0.3761
0.3792
0.3702
0.3665
0.3623
0.3831
0.3712
0.3543
0.3683
0.3562
0.3652
0.3784
0.3811
0.3773
0.3828
0.3843
0.371
0.3823
0.3823
0.3777
0.3685
0.3615
0.3747
0.37
0.372
0.3756
0.3811
0.3764
0.3781
0.3753
0.3624
0.3708
0.3792
0.3711
0.3806
0.3717
0.3871
0.3805
0.3708
0.3792
0.3831
0.3731
0.3683
0.3675
0.3652
0.3727
0.3723
0.385
0.3873
0.3672
0.3765
0.3838
0.3672
0.3752
0.3705
0.3676
0.3766
0.3825
0.3814
0.3713
0.3678
0.3808
0.3731
0.3816
0.3776
0.3754
0.3781
0.3791
0.3782
0.3744
0.3608
0.3722
0.3752
0.374
0.3733
0.3769
0.3923
0.381
0.374
0.3748
0.3778
0.3633
0.3753
0.3693
0.3837
0.3678
0.3782
0.3779
0.3632
0.367
0.3711
0.371
0.3681
0.3687
0.3774
0.3664
0.3737
0.3561
0.3679
0.3789
0.3717
0.3712
0.3803
0.3881
0.3785
0.3705
0.3808
0.3632
0.374
0.372
0.3786
0.3818
0.3738
0.3796
0.382
0.367
0.382
0.3841
0.3697
0.3812
0.3831
0.3717
0.3687
0.3806
0.38
0.3809
0.3629
0.3817
0.3812
0.3717
0.3759
0.3722
0.364
0.3735
0.3671
0.3781
0.375
0.3655
0.3733
0.3588
0.3684
0.3704
0.3621
0.3788
0.3815
0.3628
0.375
0.3759
0.3749
0.3676
0.3788
0.3687
0.3651
0.3746
0.3737
0.3711
0.3718
0.3815
0.3819
0.3853
0.3721
0.3692
0.3689
0.3798
0.3643
0.3781
0.3566
0.3773
0.382
0.3702
0.3639
0.3677
0.377
0.3811
0.3903
0.3837
0.3846
0.374
0.3748
0.387
0.3711
0.3714
0.3716
0.3742
0.3752
0.3746
0.363
0.372
0.3756
0.3837
0.3721
0.3712
0.3688
0.3851
0.3801
0.3837
0.3693
0.3679
0.3655
0.3811
0.3751
0.3783
0.3748
0.3736
0.3629
0.3689
0.3752
0.3672
0.3701
0.368
0.3664
0.3649
0.3792
0.3716
0.3536
0.3691
0.3802
0.3697
0.3805
0.3755
0.364
0.3783
0.3711
0.379
0.3795
0.3708
0.3827
0.3716
0.3681
0.3855
0.3711
0.3769
0.3717
0.3729
0.3764
0.3728
0.3836
0.3646
0.3621
0.3764
0.3825
0.3789
0.3761
0.3703
0.349
0.3788
0.3756
0.3825
0.3852
0.38
0.3597
0.3659
0.3712
0.3761
0.3828
0.3956
0.3671
0.3817
0.3865
0.373
0.3761
0.3781
0.3758
0.3565
0.3755
0.3619
0.3738
0.3777
0.3721
0.3756
0.3646
0.3746
0.3809
0.3747
0.3758
0.3679
0.3764
0.3601
0.3749
0.3747
0.387
0.3674
0.3808
0.3714
0.3825
0.3734
0.3721
0.3801
0.3639
0.3714
0.3779
0.3798
0.3718
0.3736
0.3745
0.3746
0.3757
0.3703
0.3626
0.374
0.3719
0.3798
0.3729
0.3791
0.3757
0.3758
0.3564
0.3681
0.3723
0.3835
0.3699
0.3734
0.3739
0.3931
0.3831
0.3811
0.3801
0.3635
0.3629
0.3625
0.3697
0.3725
0.3778
0.3819
0.379
0.3709
0.3654
0.364
0.3594
0.3758
0.3638
0.3786
0.3714
0.358
0.3703
0.3717
0.3807
0.3692
0.3755
0.3808
0.3793
0.3738
0.3773
0.3787
0.368
0.3688
0.3877
0.3789
0.3712
0.3714
0.3658
0.3827
0.3803
0.3734
0.3746
0.3722
0.3785
0.3697
0.3789
0.3752
0.3693
0.3782
0.3693
0.3636
0.3616
0.3787
0.3645
0.3761
0.3817
0.3819
0.3853
0.3653
0.3789
0.3636
0.3693
0.3806
0.3827
0.3777
0.3844
0.3668
0.3805
0.3622
0.374
0.383
0.3571
0.3756
0.3685
0.3817
0.3686
0.3579
0.3672
0.376
0.3728
0.3666
0.3656
0.3688
0.3518
0.3654
0.3747
0.3704
0.3822
0.3733
0.3795
0.3881
0.3551
0.3797
0.3764
0.3765
0.3802
0.3668
0.3709
0.376
0.3877
0.3805
0.3825
0.3778
0.3793
0.3718
0.365
0.3768
0.374
0.3785
0.3642
0.3806
0.3802
0.3673
0.3684
0.3677
0.3766
0.3626
0.3672
0.3827
0.3846
0.3621
0.3701
0.3758
0.3666
0.3778
0.3786
0.3776
0.3889
0.3794
0.378
0.3752
0.3645
0.372
0.3568
0.382
0.373
0.3693
0.3814
0.379
0.3793
0.3795
0.3673
0.3801
0.3722
0.3651
0.3781
0.3735
0.3784
0.3888
0.3709
0.3645
0.381
0.3722
0.3836
0.3744
0.3752
0.3691
0.3739
0.3797
0.3737
0.3807
0.3618
0.3698
0.3709
0.3646
0.3794
0.371
0.346
0.3653
0.386
0.3803
0.3624
0.3726
0.3689
0.372
0.3766
0.3725
0.3736
0.3778
0.3753
0.3696
0.3741
0.388
0.3519
0.3707
0.3769
0.3638
0.3716
0.386
0.3755
0.3693
0.3785
0.3817
0.374
0.3622
0.3697
0.3718
0.3811
0.3777
0.3809
0.3879
0.3718
0.3759
0.3824
0.3687
0.3435
0.3597
0.3686
0.371
0.3752
0.3786
0.3821
0.3802
0.3751
0.3694
0.3812
0.3704
0.3767
0.3859
0.3697
0.3799
0.3861
0.3756
0.3727
0.3597
0.377
0.3706
0.3846
0.3815
0.3752
0.3727
0.3641
0.3833
0.3678
0.373
0.3754
0.381
0.3875
0.3809
0.3696
0.383
0.3746
0.3657
0.3693
0.3761
0.3747
0.3719
0.3715
0.3584
0.3678
0.3724
0.3714
0.3598
0.3689
0.3772
0.3671
0.3751
0.3776
0.3724
0.3776
0.3731
0.3761
0.3756
0.3736
0.3675
0.3811
0.3705
0.3781
0.3819
0.3644
0.3802
0.3831
0.3712
0.3604
0.3797
0.384
0.3721
0.3723
0.3703
0.3743
0.3671
0.3804
0.3719
0.3713
0.3693
0.381
0.3785
0.3741
0.3779
0.3798
0.3611
0.3664
0.3748
0.3787
0.3685
0.3676
0.3752
0.3669
0.3801
0.3788
0.3762
0.3751
0.3753
0.3857
0.3683
0.3685
0.3658
0.3723
0.3819
0.3718
0.3699
0.3825
0.3691
0.3759
0.3746
0.3817
0.3857
0.3693
0.3725
0.3566
0.3688
0.359
0.3721
0.3614
0.388
0.3644
0.3794
0.3603
0.3825
0.3684
0.3753
0.3803
0.3882
0.3683
0.3787
0.3651
0.3722
0.385
0.3714
0.3779
0.3771
0.3706
0.3816
0.3768
0.3628
0.3764
0.377
0.3701
0.3671
0.3551
0.3763
0.3749
0.3584
0.3762
0.3657
0.3778
0.3882
0.3679
0.3837
0.3743
0.3687
0.3665
0.3618
0.3763
0.3762
0.3725
0.3758
0.3756
0.3741
0.3737
0.3708
0.3818
0.3739
0.3771
0.373
0.3639
0.3813
0.37
0.3712
0.3715
0.3741
0.3753
0.3802
0.378
0.3731
0.3656
0.3802
0.3673
0.3769
0.3793
0.374
0.3748
0.3604
0.38
0.368
0.3658
0.3818
0.3811
0.3709
0.3794
0.3674
0.3717
0.3669
0.3783
0.3526
0.3745
0.3715
0.3787
0.3802
0.3789
0.3579
0.3746
0.3736
0.3611
0.3797
0.3849
0.381
0.3776
0.3825
0.3682
0.3755
0.3672
0.3759
0.3805
0.3839
0.3735
0.37
0.3664
0.3779
0.3666
0.3764
0.3692
0.3664
0.373
0.3745
0.3688
0.3679
0.3812
0.3853
0.3762
0.3851
0.3774
0.3637
0.3824
0.382
0.3889
0.3744
0.3742
0.3692
0.3722
0.3782
0.365
0.3679
0.3767
0.3714
0.3768
0.3821
0.3549
0.3513
0.3752
0.3862
0.3838
0.3715
0.3626
0.3793
0.3749
0.3635
0.3656
0.3809
0.3802
0.378
0.3671
0.3836
0.3564
0.3709
0.3739
0.3727
0.3713
0.3772
0.3727
0.3735
0.3736
0.3794
0.3812
0.3771
0.368
0.3783
0.3798
0.3777
0.3674
0.3783
0.3712
0.3801
0.3677
0.3712
0.3859
0.3697
0.3831
0.3775
0.3705
0.3837
0.3745
0.3784
0.3578
0.3842
0.3778
0.3802
0.3695
0.3727
0.3698
0.3717
0.364
0.3722
0.3811
0.379
0.3668
0.3621
0.375
0.3818
0.3729
0.362
0.3814
0.3717
0.3684
0.3814
0.3715
0.3705
0.3809
0.366
0.3633
0.3793
0.3684
0.3683
0.378
0.3686
0.3737
0.3659
0.3646
0.3781
0.3836
0.3831
0.3755
0.3849
0.396
0.3858
0.3857
0.3721
0.3709
0.3818
0.3979
0.3902
0.3669
0.3734
0.3746
0.3693
0.3933
0.3718
0.3896
0.379
0.3772
0.3728
0.3745
0.3641
0.3782
0.3797
0.3852
0.3785
0.3807
0.3771
0.3766
0.3671
0.3808
0.3933
0.3867
0.3931
0.3811
0.3694
0.3705
0.3699
0.3803
0.368
0.3855
0.3852
0.3743
0.3688
0.3834
0.3801
0.3724
0.3797
0.3745
0.3856
0.3634
0.3691
0.3931
0.385
0.3872
0.3817
0.371
0.3693
0.3913
0.3953
0.392
0.3847
0.3776
0.3714
0.3806
0.3738
0.3621
0.3868
0.3834
0.3776
0.3806
0.3951
0.3773
0.3746
0.3768
0.3673
0.3724
0.3856
0.3788
0.3677
0.3882
0.3916
0.3552
0.3943
0.3691
0.3897
0.3735
0.3652
0.3826
0.3861
0.3856
0.3731
0.3791
0.3855
0.3895
0.3902
0.3767
0.3706
0.385
0.3821
0.39
0.343
0.3651
0.3797
0.3811
0.3913
0.392
0.3743
0.3804
0.378
0.3864
0.3774
0.3797
0.3968
0.3855
0.3708
0.3886
0.38
0.3809
0.3865
0.3757
0.3794
0.3927
0.3835
0.3763
0.372
0.3925
0.3717
0.3928
0.3938
0.3812
0.376
0.3769
0.3807
0.3806
0.3852
0.3766
0.389
0.3712
0.3754
0.3846
0.3922
0.3653
0.3761
0.3726
0.3679
0.3838
0.38
0.3779
0.374
0.3621
0.3837
0.3709
0.3627
0.3747
0.3716
0.3632
0.3837
0.3782
0.3819
0.3987
0.3823
0.3868
0.3929
0.3826
0.3832
0.3651
0.3611
0.3881
0.3845
0.3924
0.3802
0.3827
0.3795
0.3777
0.3758
0.3956
0.3691
0.3917
0.3686
0.3915
0.3872
0.3959
0.3946
0.3761
0.3792
0.385
0.3752
0.3695
0.3684
0.3737
0.3697
0.3728
0.3853
0.3878
0.3718
0.3783
0.3783
0.3646
0.3953
0.3762
0.3767
0.3721
0.3889
0.3861
0.3679
0.3872
0.3812
0.3739
0.3963
0.3943
0.3855
0.3783
0.3764
0.3872
0.3721
0.3768
0.3765
0.3734
0.3756
0.3789
0.3827
0.3952
0.3785
0.3876
0.3746
0.3779
0.3636
0.3817
0.3731
0.3923
0.3678
0.3894
0.3816
0.365
0.366
0.3736
0.3779
0.3715
0.371
0.3782
0.3673
0.38
0.3681
0.3659
0.3817
0.3893
0.377
0.3861
0.3856
0.3786
0.3695
0.3877
0.3828
0.3755
0.3831
0.3738
0.3898
0.3669
0.3799
0.3853
0.3651
0.3991
0.3979
0.38
0.3843
0.3966
0.3867
0.38
0.3773
0.3771
0.3834
0.3611
0.3967
0.3679
0.3742
0.3787
0.3907
0.379
0.381
0.3869
0.3896
0.3759
0.363
0.3769
0.3596
0.3753
0.3767
0.368
0.3884
0.3878
0.3681
0.3797
0.3775
0.3749
0.3856
0.3864
0.3794
0.3689
0.3758
0.3823
0.3752
0.3881
0.3822
0.3848
0.3861
0.3812
0.3729
0.3766
0.3812
0.3689
0.3759
0.3581
0.3793
0.3801
0.368
0.3626
0.3913
0.3771
0.3773
0.3914
0.3823
0.3978
0.3662
0.374
0.3749
0.3698
0.3698
0.3749
0.3711
0.3781
0.3825
0.362
0.3751
0.3906
0.3799
0.3699
0.3766
0.3737
0.3843
0.3894
0.3863
0.3757
0.3779
0.3613
0.3837
0.3783
0.3823
0.3895
0.3931
0.3667
0.3791
0.3742
0.3701
0.3756
0.3805
0.3621
0.3638
0.3786
0.3761
0.3485
0.3703
0.3836
0.3785
0.3849
0.3809
0.3902
0.3875
0.3914
0.3878
0.396
0.391
0.3952
0.3987
0.3757
0.3841
0.3741
0.3773
0.3736
0.3718
0.3833
0.3855
0.3816
0.3606
0.3676
0.3927
0.3875
0.3768
0.3725
0.3757
0.3552
0.3796
0.3759
0.3807
0.3878
0.3875
0.3634
0.3731
0.3773
0.3842
0.3827
0.395
0.3656
0.3849
0.3959
0.3986
0.3705
0.382
0.381
0.3589
0.3779
0.3507
0.3939
0.3775
0.3707
0.3941
0.3697
0.3731
0.3938
0.3749
0.3804
0.3746
0.3754
0.3954
0.397
0.3765
0.3891
0.3654
0.3795
0.3738
0.3791
0.3942
0.3743
0.3812
0.3657
0.3725
0.3776
0.3724
0.397
0.3725
0.383
0.392
0.3672
0.3926
0.3646
0.3766
0.3778
0.3777
0.3781
0.3842
0.3798
0.3805
0.3655
0.3614
0.3803
0.3861
0.3923
0.3717
0.3843
0.3913
0.3919
0.3821
0.3746
0.3683
0.3595
0.3602
0.3717
0.3958
0.38
0.3941
0.3867
0.3725
0.3659
0.3678
0.3693
0.3849
0.3622
0.3875
0.3862
0.3688
0.3886
0.3755
0.3796
0.3806
0.3731
0.3856
0.3758
0.3902
0.3792
0.3841
0.3745
0.3707
0.3897
0.384
0.3764
0.3719
0.37
0.3696
0.381
0.3776
0.3788
0.3779
0.3813
0.3693
0.3813
0.3858
0.367
0.3766
0.3866
0.3795
0.3626
0.3798
0.3761
0.3818
0.3787
0.3817
0.3879
0.3621
0.3899
0.3685
0.3822
0.3818
0.3935
0.3947
0.3874
0.3824
0.3783
0.3693
0.3763
0.3931
0.3599
0.3722
0.3716
0.3824
0.3668
0.3877
0.3701
0.3828
0.3778
0.3707
0.3675
0.3932
0.3634
0.368
0.3721
0.3754
0.3797
0.3725
0.3823
0.3963
0.3635
0.3753
0.3918
0.373
0.3801
0.3705
0.3685
0.3824
0.3904
0.3794
0.3864
0.3844
0.3897
0.3729
0.3651
0.3817
0.3911
0.3855
0.3614
0.3895
0.3813
0.3676
0.366
0.3677
0.3786
0.385
0.367
0.3892
0.394
0.3644
0.3695
0.3691
0.3817
0.3818
0.3786
0.3787
0.3902
0.3796
0.38
0.3748
0.3967
0.3742
0.3555
0.382
0.3962
0.3731
0.3824
0.3771
0.3774
0.3822
0.3976
0.3793
0.3728
0.3797
0.3812
0.3781
0.3726
0.3939
0.3724
0.3646
0.3977
0.3801
0.3848
0.3831
0.3779
0.3747
0.3814
0.3815
0.3726
0.378
0.3693
0.3737
0.3773
0.3719
0.3816
0.3946
0.3408
0.3736
0.3812
0.3815
0.3528
0.3807
0.3795
0.3689
0.3928
0.3951
0.3806
0.3736
0.3853
0.3793
0.3885
0.3943
0.3547
0.37
0.3871
0.3641
0.3778
0.3873
0.3795
0.38
0.3798
0.3875
0.3906
0.3563
0.3867
0.385
0.3793
0.3707
0.3796
0.3805
0.3924
0.3738
0.3851
0.3656
0.3532
0.3632
0.3975
0.3762
0.392
0.3782
0.3867
0.3932
0.3833
0.3715
0.3858
0.3728
0.384
0.3927
0.3665
0.3804
0.3821
0.3886
0.3805
0.3517
0.3938
0.3734
0.3901
0.3813
0.3771
0.3737
0.3673
0.3842
0.3847
0.3887
0.3943
0.3785
0.3925
0.3943
0.3712
0.3846
0.3826
0.3795
0.3953
0.382
0.3849
0.3843
0.3697
0.3597
0.3675
0.3821
0.372
0.3639
0.3715
0.3783
0.3703
0.3843
0.3788
0.3772
0.3809
0.3708
0.3757
0.3722
0.3747
0.3674
0.3919
0.3684
0.3774
0.3904
0.3759
0.3771
0.3699
0.3733
0.3724
0.3948
0.3857
0.3685
0.3687
0.37
0.3826
0.3663
0.373
0.3695
0.3752
0.3714
0.3869
0.3781
0.3729
0.3744
0.379
0.3659
0.3772
0.3892
0.3788
0.375
0.3718
0.3882
0.3687
0.3724
0.3764
0.3939
0.3793
0.385
0.3933
0.3679
0.3713
0.3767
0.3939
0.3867
0.395
0.3713
0.3945
0.3839
0.3849
0.3769
0.3819
0.3808
0.3702
0.3805
0.3776
0.3867
0.3616
0.3769
0.3871
0.3873
0.3608
0.3822
0.3815
0.3832
0.3655
0.3703
0.3813
0.3946
0.3702
0.3914
0.3749
0.3784
0.3959
0.3844
0.3885
0.3817
0.3658
0.3916
0.3793
0.3699
0.3969
0.3965
0.3701
0.366
0.3629
0.374
0.3888
0.3544
0.3824
0.3669
0.3895
0.3915
0.3692
0.3835
0.3825
0.3704
0.3782
0.3741
0.3756
0.3703
0.3789
0.39
0.3776
0.3778
0.3813
0.398
0.3823
0.3775
0.3706
0.3729
0.3914
0.3812
0.3686
0.376
0.3944
0.3793
0.3837
0.3878
0.3921
0.3932
0.3666
0.3836
0.3741
0.3951
0.3833
0.3754
0.3743
0.3935
0.3825
0.3845
0.3788
0.3864
0.3852
0.37
0.3819
0.3737
0.3818
0.3846
0.3951
0.367
0.3959
0.3779
0.3761
0.3917
0.3796
0.374
0.3728
0.3918
0.3833
0.3843
0.396
0.3816
0.3829
0.3892
0.3767
0.3784
0.3684
0.3851
0.3916
0.3798
0.3711
0.3767
0.386
0.395
0.3936
0.3921
0.3633
0.3766
0.3703
0.3854
0.3808
0.3709
0.3797
0.3963
0.391
0.3774
0.3799
0.3675
0.3861
0.3982
0.3986
0.3736
0.3797
0.3936
0.3852
0.38
0.3805
0.3704
0.3784
0.3727
0.3755
0.3806
0.353
0.3568
0.3759
0.3865
0.386
0.3779
0.3788
0.3838
0.3795
0.3671
0.3691
0.3802
0.3966
0.3782
0.3644
0.3924
0.3621
0.3796
0.3855
0.3773
0.3809
0.3783
0.3914
0.3744
0.3916
0.3979
0.3824
0.3763
0.3837
0.3973
0.3779
0.3956
0.374
0.3883
0.3881
0.3785
0.3691
0.379
0.3869
0.3844
0.3863
0.379
0.3704
0.3945
0.3798
0.3789
0.3593
0.3925
0.379
0.384
0.378
0.3729
0.386
0.3858
0.3675
0.378
0.3894
0.3851
0.3761
0.3635
0.3841
0.3822
0.3729
0.3745
0.3972
0.3765
0.3683
0.398
0.3921
0.3683
0.3919
0.3715
0.3718
0.3808
0.3667
0.3768
0.384
0.3929
0.3876
NA
NA
NA
NA
NA
NA
NA
NA
NA
NA
NA
NA
NA
NA
NA
NA
NA
NA
NA
NA
NA
NA
NA
NA
NA
NA
NA
NA
NA
NA
NA
NA
NA
NA
NA
NA
NA
NA
NA
NA
NA
NA
NA
NA
NA
NA
NA
NA
NA
NA
NA
NA
NA
NA
NA
NA
NA
NA
NA
NA
NA
NA
NA
NA
NA
NA
NA
NA
NA
NA
NA
NA
NA
NA
NA
NA
NA
NA
NA
NA
NA
NA
NA
NA
NA
NA
NA
NA
NA
NA
NA
NA
NA
NA
NA
NA
NA
NA
NA
NA
NA
NA
NA
NA
NA
NA
NA
NA
NA
NA
NA
NA
NA
NA
NA
NA
NA
NA
NA
NA
NA
NA
NA
NA
NA
NA
NA
NA
NA
NA
NA
NA
NA
NA
NA
NA
NA
NA
NA
NA
NA
NA
NA
NA
NA
NA
NA
NA
NA
NA
NA
NA
NA
NA
NA
NA
NA
NA
NA
NA
NA
NA
NA
NA
NA
NA
NA
NA
NA
NA
NA
NA
NA
NA
NA
NA
NA
NA
NA
NA
NA
NA
NA
NA
NA
NA
NA
NA
NA
NA
NA
NA
NA
NA
NA
NA
NA
NA
NA
NA
NA
NA
NA
NA
NA
NA
NA
NA
NA
NA
NA
NA
NA
NA
NA
NA
NA
NA
NA
NA
NA
NA
NA
NA
NA
NA
NA
NA
NA
NA
NA
NA
NA
NA
NA
NA
NA
NA
NA
NA
NA
NA
NA
NA
NA
NA
NA
NA
NA
NA
NA
NA
NA
NA
NA
NA
NA
NA
NA
NA
NA
NA
NA
NA
NA
NA
NA
NA
NA
NA
NA
NA
NA
NA
NA
NA
NA
NA
NA
NA
NA
NA
NA
NA
NA
NA
NA
NA
NA
NA
NA
NA
NA
NA
NA
NA
NA
NA
NA
NA
NA
NA
NA
NA
NA
NA
NA
NA
NA
NA
NA
NA
NA
NA
NA
NA
NA
NA
NA
NA
NA
NA
NA
NA
NA
NA
NA
NA
NA
NA
NA
NA
NA
NA
NA
NA
NA
NA
NA
NA
NA
NA
NA
NA
NA
NA
NA
NA
NA
NA
NA
NA
NA
NA
NA
NA
NA
NA
NA
NA
NA
NA
NA
NA
NA
NA
NA
NA
NA
NA
NA
NA
NA
NA
NA
NA
NA
NA
NA
NA
NA
NA
NA
NA
NA
NA
NA
NA
NA
NA
NA
NA
NA
NA
NA
NA
NA
NA
NA
NA
NA
NA
NA
NA
NA
NA
NA
NA
NA
NA
NA
NA
NA
NA
NA
NA
NA
NA
NA
NA
NA
NA
NA
NA
NA
NA
NA
NA
NA
NA
NA
NA
NA
NA
NA
NA
NA
NA
NA
NA
NA
NA
NA
NA
NA
NA
NA
NA
NA
NA
NA
NA
NA
NA
NA
NA
NA
NA
NA
NA
NA
NA
NA
NA
NA
NA
NA
NA
NA
NA
NA
NA
NA
NA
NA
NA
NA
NA
NA
NA
NA
NA
NA
NA
NA
NA
NA
NA
NA
NA
NA
NA
NA
NA
NA
NA
NA
NA
NA
NA
NA
NA
NA
NA
NA
NA
NA
NA
NA
NA
NA
NA
NA
NA
NA
NA
NA
NA
NA
NA
NA
NA
NA
NA
NA
NA
NA
NA
NA
NA
NA
NA
NA
NA
NA
NA
NA
NA
NA
NA
NA
NA
NA
NA
NA
NA
NA
NA
NA
NA
NA
NA
NA
NA
NA
NA
NA
NA
NA
NA
NA
NA
NA
NA
NA
NA
NA
NA
NA
NA
NA
NA
NA
NA
NA
NA
NA
NA
NA
NA
NA
NA
NA
NA
NA
NA
NA
NA
NA
NA
NA
NA
NA
NA
NA
NA
NA
NA
NA
NA
NA
NA
NA
NA
NA
NA
NA
NA
NA
NA
NA
NA
NA
NA
NA
NA
NA
NA
NA
NA
NA
NA
NA
NA
NA
NA
NA
NA
NA
NA
NA
NA
NA
NA
NA
NA
NA
NA
NA
NA
NA
NA
NA
NA
NA
NA
NA
NA
NA
NA
NA
NA
NA
NA
NA
NA
NA
NA
NA
NA
NA
NA
NA
NA
NA
NA
NA
NA
NA
NA
NA
NA
NA
NA
NA
NA
NA
NA
NA
NA
NA
NA
NA
NA
NA
NA
NA
NA
NA
NA
NA
NA
NA
NA
NA
NA
NA
NA
NA
NA
NA
NA
NA
NA
NA
NA
NA
NA
NA
NA
NA
NA
NA
NA
NA
NA
NA
NA
NA
NA
NA
NA
NA
NA
NA
NA
NA
NA
NA
NA
NA
NA
NA
NA
NA
NA
NA
NA
NA
NA
NA
NA
NA
NA
NA
NA
NA
NA
NA
NA
NA
NA
NA
NA
NA
NA
NA
NA
NA
NA
NA
NA
NA
NA
NA
NA
NA
NA
NA
NA
NA
NA
NA
NA
NA
NA
NA
NA
NA
NA
NA
NA
NA
NA
NA
NA
NA
NA
NA
NA
NA
NA
NA
NA
NA
NA
NA
NA
NA
NA
NA
NA
NA
NA
NA
NA
NA
NA
NA
NA
NA
NA
NA
NA
NA
NA
NA
NA
NA
NA
NA
NA
NA
NA
NA
NA
NA
NA
NA
NA
NA
NA
NA
NA
NA
NA
NA
NA
NA
NA
NA
NA
NA
NA
NA
NA
NA
NA
NA
NA
NA
NA
NA
NA
NA
NA
NA
NA
NA
NA
NA
NA
NA
NA
NA
NA
NA
NA
NA
NA
NA
NA
NA
NA
NA
NA
NA
NA
NA
NA
NA
NA
NA
NA
NA
NA
NA
NA
NA
NA
NA
NA
NA
NA
NA
NA
NA
NA
NA
NA
NA
NA
NA
NA
NA
NA
NA
NA
NA
NA
NA
NA
NA
NA
NA
NA
NA
NA
NA
NA
NA
NA
NA
NA
NA
NA
NA
NA
NA
NA
NA
NA
NA
NA
NA
NA
NA
NA
NA
NA
NA
NA
NA
NA
NA
NA
NA
NA
NA
NA
NA
NA
NA
NA
NA
NA
NA
NA
NA
NA
NA
NA
NA
NA
NA
NA
NA
NA
NA
NA
NA
NA
NA
NA
NA
NA
NA
NA
NA
NA
NA
NA
NA
NA
NA
NA
NA
NA
NA
NA
NA
NA
NA
NA
NA
NA
NA
NA
NA
NA
NA
NA
NA
NA
NA
NA
NA
NA
NA
NA
NA
NA
NA
NA
NA
NA
NA
NA
NA
NA
NA
NA
NA
NA
NA
NA
NA
NA
NA
NA
NA
NA
NA
NA
NA
NA
NA
NA
NA
NA
NA
NA
NA
NA
NA
NA
NA
NA
NA
NA
NA
NA
NA
NA
NA
NA
NA
NA
NA
NA
NA
NA
NA
NA
NA
NA
NA
NA
NA
NA
NA
NA
NA
NA
NA
NA
NA
NA
NA
NA
NA
NA
NA
NA
NA
NA
NA
NA
NA
NA
NA
NA
NA
NA
NA
NA
NA
NA
NA
NA
NA
NA
NA
NA
NA
NA
NA
NA
NA
NA
NA
NA
NA
NA
NA
NA
NA
NA
NA
NA
NA
NA
NA
NA
NA
NA
NA
NA
NA
NA
NA
NA
NA
NA
NA
NA
NA
NA
NA
NA
NA
NA
NA
NA
NA
NA
NA
NA
NA
NA
NA
NA
NA
NA
NA
NA
NA
NA
NA
NA
NA
NA
NA
NA
NA
NA
NA
NA
NA
NA
NA
NA
NA
NA
NA
NA
NA
NA
NA
NA
NA
NA
NA
NA
NA
NA
NA
NA
NA
NA
NA
NA
NA
NA
NA
NA
NA
NA
NA
NA
NA
NA
NA
NA
NA
NA
NA
NA
NA
NA
NA
NA
NA
NA
NA
NA
NA
NA
NA
NA
NA
NA
NA
NA
NA
NA
NA
NA
NA
NA
NA
NA
NA
NA
NA
NA
NA
NA
NA
NA
NA
NA
NA
NA
NA
NA
NA
NA
NA
NA
NA
NA
NA
NA
NA
NA
NA
NA
NA
NA
NA
NA
NA
NA
NA
NA
NA
NA
NA
NA
NA
NA
NA
NA
NA
NA
NA
NA
NA
NA
NA
NA
NA
NA
NA
NA
NA
NA
NA
NA
NA
NA
NA
NA
NA
NA
NA
NA
NA
NA
NA
NA
NA
NA
NA
NA
NA
NA
NA
NA
NA
NA
NA
NA
NA
NA
NA
NA
NA
NA
NA
NA
NA
NA
NA
NA
NA
NA
NA
NA
NA
NA
NA
NA
NA
NA
NA
NA
NA
NA
NA
NA
NA
NA
NA
NA
NA
NA
NA
NA
NA
NA
NA
NA
NA
NA
NA
NA
NA
NA
NA
NA
NA
NA
NA
NA
NA
NA
NA
NA
NA
NA
NA
NA
NA
NA
NA
NA
NA
NA
NA
NA
NA
NA
NA
NA
NA
NA
NA
NA
NA
NA
NA
NA
NA
NA
NA
NA
NA
NA
NA
NA
NA
NA
NA
NA
NA
NA
NA
NA
NA
NA
NA
NA
NA
NA
NA
NA
NA
NA
NA
NA
NA
NA
NA
NA
NA
NA
NA
NA
NA
NA
NA
NA
NA
NA
NA
NA
NA
NA
NA
NA
NA
NA
NA
NA
NA
NA
NA
NA
NA
NA
NA
NA
NA
NA
NA
NA
NA
NA
NA
NA
NA
NA
NA
NA
NA
NA
NA
NA
NA
NA
NA
NA
NA
NA
NA
NA
NA
NA
NA
NA
NA
NA
NA
NA
NA
NA
NA
NA
NA
NA
NA
NA
NA
NA
NA
NA
NA
NA
NA
NA
NA
NA
NA
NA
NA
NA
NA
NA
NA
NA
NA
NA
NA
NA
NA
NA
NA
NA
NA
NA
NA
NA
NA
NA
NA
NA
NA
NA
NA
NA
NA
NA
NA
NA
NA
NA
NA
NA
NA
NA
NA
NA
NA
NA
NA
NA
NA
NA
NA
NA
NA
NA
NA
NA
NA
NA
NA
NA
NA
NA
NA
NA
NA
NA
NA
NA
NA
NA
NA
NA
NA
NA
NA
NA
NA
NA
NA
NA
NA
NA
NA
NA
NA
NA
NA
NA
NA
NA
NA
NA
NA
NA
NA
NA
NA
NA
NA
NA
NA
NA
NA
NA
NA
NA
NA
NA
NA
NA
NA
NA
NA
NA
NA
NA
NA
NA
NA
NA
NA
NA
NA
NA
NA
NA
NA
NA
NA
NA
NA
NA
NA
NA
NA
NA
NA
NA
NA
NA
NA
NA
NA
NA
NA
NA
NA
NA
NA
NA
NA
NA
NA
NA
NA
NA
NA
NA
NA
NA
NA
NA
NA
NA
NA
NA
NA
NA
NA
NA
NA
NA
NA
NA
NA
NA
NA
NA
NA
NA
NA
NA
NA
NA
NA
NA
NA
NA
NA
NA
NA
NA
NA
NA
NA
NA
NA
NA
NA
NA
NA
NA
NA
NA
NA
NA
NA
NA
NA
NA
NA
NA
NA
NA
NA
NA
NA
NA
NA
NA
NA
NA
NA
NA
NA
NA
NA
NA
NA
NA
NA
NA
NA
NA
NA
NA
NA
NA
NA
NA
NA
NA
NA
NA
NA
NA
NA
NA
NA
NA
NA
NA
NA
NA
NA
NA
NA
NA
NA
NA
NA
NA
NA
NA
NA
NA
NA
NA
NA
NA
NA
NA
NA
NA
NA
NA
NA
NA
NA
NA
NA
NA
NA
NA
NA
NA
NA
NA
NA
NA
NA
NA
NA
NA
NA
NA
NA
NA
NA
NA
NA
NA
NA
NA
NA
NA
NA
NA
NA
NA
NA
NA
NA
NA
NA
NA
NA
NA
NA
NA
NA
NA
NA
NA
NA
NA
NA
NA
NA
NA
NA
NA
NA
NA
NA
NA
NA
NA
NA
NA
NA
NA
NA
NA
NA
NA
NA
NA
NA
NA
NA
NA
NA
NA
NA
NA
NA
NA
NA
NA
NA
NA
NA
NA
NA
NA
NA
NA
NA
NA
NA
NA
NA
NA
NA
NA
NA
NA
NA
NA
NA
NA
NA
NA
NA
NA
NA
NA
NA
NA
NA
NA
NA
NA
NA
NA
NA
NA
NA
NA
NA
NA
NA
NA
NA
NA
NA
NA
NA
NA
NA
NA
NA
NA
NA
NA
NA
NA
NA
NA
NA
NA
NA
NA
NA
NA
NA
NA
NA
NA
NA
NA
NA
NA
NA
NA
NA
NA
NA
NA
NA
NA
NA
NA
NA
NA
NA
NA
NA
NA
NA
NA
NA
NA
NA
NA
NA
NA
NA
NA
NA
NA
NA
NA
NA
NA
NA
NA
NA
NA
NA
NA
NA
NA
NA
NA
NA
NA
NA
NA
NA
NA
NA
NA
NA
NA
NA
NA
NA
NA
NA
NA
NA
NA
NA
NA
NA
NA
NA
NA
NA
NA
NA
NA
NA
NA
NA
NA
NA
NA
NA
NA
NA
NA
NA
NA
NA
NA
NA
NA
NA
NA
NA
NA
NA
NA
NA
NA
NA
NA
NA
NA
NA
NA
NA
NA
NA
NA
NA
NA
NA
NA
NA
NA
NA
NA
NA
NA
NA
NA
NA
NA
NA
NA
NA
NA
NA
NA
NA
NA
NA
NA
NA
NA
NA
NA
NA
NA
NA
NA
NA
NA
NA
NA
NA
NA
NA
NA
NA
NA
NA
NA
NA
NA
NA
NA
NA
NA
NA
NA
NA
NA
NA
NA
NA
NA
NA
NA
NA
NA
NA
NA
NA
NA
NA
NA
NA
NA
NA
NA
NA
NA
NA
NA
NA
NA
NA
NA
NA
NA
NA
NA
NA
NA
NA
NA
NA
NA
NA
NA
NA
NA
NA
NA
NA
NA
NA
NA
NA
NA
NA
NA
NA
NA
NA
NA
NA
NA
NA
NA
NA
NA
NA
NA
NA
NA
NA
NA
NA
NA
NA
NA
NA
NA
NA
NA
NA
NA
NA
NA
NA
NA
NA
NA
NA
NA
NA
NA
NA
NA
NA
NA
NA
NA
NA
NA
NA
NA
NA
NA
NA
NA
NA
NA
NA
NA
NA
NA
NA
NA
NA
NA
NA
NA
NA
NA
NA
NA
NA
NA
NA
NA
NA
NA
NA
NA
NA
NA
NA
NA
NA
NA
NA
NA
NA
NA
NA
NA
NA
NA
NA
NA
NA
NA
NA
NA
NA
NA
NA
NA
NA
NA
NA
NA
NA
NA
NA
NA
NA
NA
NA
NA
NA
NA
NA
NA
NA
NA
NA
NA
NA
NA
NA
NA
NA
NA
NA
NA
NA
NA
NA
NA
NA
NA
NA
NA
NA
NA
NA
NA
NA
NA
NA
NA
NA
NA
NA
NA
NA
NA
NA
NA
NA
NA
NA
NA
NA
NA
NA
NA
NA
NA
NA
NA
NA
NA
NA
NA
NA
NA
NA
NA
NA
NA
NA
NA
NA
NA
NA
NA
NA
NA
NA
NA
NA
NA
NA
NA
NA
NA
NA
NA
NA
NA
NA
NA
NA
NA
NA
NA
NA
NA
NA
NA
NA
NA
NA
NA
NA
NA
NA
NA
NA
NA
NA
NA
NA
NA
NA
NA
NA
NA
NA
NA
NA
NA
NA
NA
NA
NA
NA
NA
NA
NA
NA
NA
NA
NA
NA
NA
NA
NA
NA
NA
NA
NA
NA
NA
NA
NA
NA
NA
NA
NA
NA
NA
NA
NA
NA
NA
NA
NA
NA
NA
NA
NA
NA
NA
NA
NA
NA
NA
NA
NA
NA
NA
NA
NA
NA
NA
NA
NA
NA
NA
NA
NA
NA
NA
NA
NA
NA
NA
NA
NA
NA
NA
NA
NA
NA
NA
NA
NA
NA
NA
NA
NA
NA
NA
NA
NA
NA
NA
NA
NA
NA
NA
NA
NA
NA
NA
NA
NA
NA
NA
NA
NA
NA
NA
NA
NA
NA
NA
NA
NA
NA
NA
NA
NA
NA
NA
NA
NA
NA
NA
NA
NA
NA
NA
NA
NA
NA
NA
NA
NA
NA
NA
NA
NA
NA
NA
NA
NA
NA
NA
NA
NA
NA
NA
NA
NA
NA
NA
NA
NA
NA
NA
NA
NA
NA
NA
NA
NA
NA
NA
NA
NA
NA
NA
NA
NA
NA
NA
NA
NA
NA
NA
NA
NA
NA
NA
NA
NA
NA
NA
NA
NA
NA
NA
NA
NA
NA
NA
NA
NA
NA
NA
NA
NA
NA
NA
NA
NA
NA
NA
NA
NA
NA
NA
NA
NA
NA
NA
NA
NA
NA
NA
NA
NA
NA
NA
NA
NA
NA
NA
NA
NA
NA
NA
NA
NA
NA
NA
NA
NA
NA
NA
NA
NA
NA
NA
NA
NA
NA
NA
NA
NA
NA
NA
NA
NA
NA
NA
NA
NA
NA
NA
NA
NA
NA
NA
NA
NA
NA
NA
NA
NA
NA
NA
NA
NA
NA
NA
NA
NA
NA
NA
NA
NA
NA
NA
NA
NA
NA
NA
NA
NA
NA
NA
NA
NA
NA
NA
NA
NA
NA
NA
NA
NA
NA
NA
NA
NA
NA
NA
NA
NA
NA
NA
NA
NA
NA
NA
NA
NA
NA
NA
NA
NA
NA
NA
NA
NA
NA
NA
NA
NA
NA
NA
NA
NA
NA
NA
NA
NA
NA
NA
NA
NA
NA
NA
NA
NA
NA
NA
NA
NA
NA
NA
NA
NA
NA
NA
NA
NA
NA
NA
NA
NA
NA
NA
NA
NA
NA
NA
NA
NA
NA
NA
NA
NA
NA
NA
NA
NA
NA
NA
NA
NA
NA
NA
NA
NA
NA
NA
NA
NA
NA
NA
NA
NA
NA
NA
NA
NA
NA
NA
NA
NA
NA
NA
NA
NA
NA
NA
NA
NA
NA
NA
NA
NA
NA
NA
NA
NA
NA
NA
NA
NA
NA
NA
NA
NA
NA
NA
NA
NA
NA
NA
NA
NA
NA
NA
NA
NA
NA
NA
NA
NA
NA
NA
NA
NA
NA
NA
NA
NA
NA
NA
NA
NA
NA
NA
NA
NA
NA
NA
NA
NA
NA
NA
NA
NA
NA
NA
NA
NA
NA
NA
NA
NA
NA
NA
NA
NA
NA
NA
NA
NA
NA
NA
NA
NA
NA
NA
NA
NA
NA
NA
NA
NA
NA
NA
NA
NA
NA
NA
NA
NA
NA
NA
NA
NA
NA
NA
NA
NA
NA
NA
NA
NA
NA
NA
NA
NA
NA
NA
NA
NA
NA
NA
NA
NA
NA
NA
NA
NA
NA
NA
NA
NA
NA
NA
NA
NA
NA
NA
NA
NA
NA
NA
NA
NA
NA
NA
NA
NA
NA
NA
NA
NA
NA
NA
NA
NA
NA
NA
NA
NA
NA
NA
NA
NA
NA
NA
NA
NA
NA
NA
NA
NA
NA
NA
NA
NA
NA
NA
NA
NA
NA
NA
NA
NA
NA
NA
NA
NA
NA
NA
NA
NA
NA
NA
NA
NA
NA
NA
NA
NA
NA
NA
NA
NA
NA
NA
NA
NA
NA
NA
NA
NA
NA
NA
NA
NA
NA
NA
NA
NA
NA
NA
NA
NA
NA
NA
NA
NA
NA
NA
NA
NA
NA
NA
NA
NA
NA
NA
NA
NA
NA
NA
0.5354
0.5704
0.369
0.3333
0.3315
0.515
0.4625
0.4061
0.3647
0.4734
0.4744
0.3842
0.4309
0.2584
0.2804
0.5032
0.4914
0.4803
0.513
0.5026
0.506
0.4452
0.6667
0.4645
0.5646
0.427
0.4043
0.4093
0.3011
0.2383
0.42
0.4516
0.4182
0.3929
0.539
0.4258
0.3269
0.309
0.4121
0.3833
0.3824
0.3467
0.5867
0.3869
0.4277
0.3892
0.267
0.4601
0.5325
0.4364
0.4737
0.4426
0.3711
0.442
0.4971
0.5517
0.4936
0.2037
0.4226
0.3938
0.3915
0.3675
0.4677
0.3883
0.45
0.4074
0.301
0.4469
0.4013
0.4011
0.5
0.6667
0.2515
0.3198
0.4774
0.4238
0.2071
0.381
0.4078
0.443
0.5
0.4595
0.3547
0.3444
0.4756
0.4727
0.3376
0.5816
0.4241
0.5702
0.4972
0.44
0.54
0.4337
0.5636
0.4658
0.4091
0.4583
0.5891
0.4458
0.3216
0.3578
0.5389
0.4124
0.3916
0.3459
0.631
0.4946
0.4262
0.3371
0.4076
0.3608
0.4699
0.4172
0.3936
0.4157
0.4
0.3915
0.2804
0.4536
0.5723
0.513
0.4774
0.3125
0.3782
0.4237
0.3859
0.3957
0.4509
0.4489
0.4865
0.531
0.6159
0.3165
0.5346
0.3663
0.4034
0.4444
0.314
0.3608
0.3486
0.5
0.491
0.462
0.4167
0.2812
0.4128
0.7174
0.4405
0.4566
0.5379
0.362
0.3791
0.4859
0.4634
0.4398
0.4305
0.5028
0.7097
0.4854
0.6207
0.528
0.3672
0.3257
0.4678
0.2816
0.2928
0.443
0.3094
0.4026
0.4277
0.5385
0.4734
0.3934
0.5102
0.4828
0.4756
0.3533
0.4101
0.3654
0.3929
0.4276
0.4489
0.3691
0.4798
0.3333
0.4489
0.3247
0.3968
0.4792
0.3422
0.2759
0.4575
0.4686
0.4303
0.5233
0.5699
0.3728
0.3497
0.3413
0.457
0.4756
0.3333
0.5404
0.4647
0.3861
0.5688
0.4575
0.2533
0.3833
0.4302
0.4713
0.3372
0.4812
0.4727
0.4737
0.4329
0.4706
0.3526
0.3114
0.3688
0.8142
0.4248
0.3621
0.3155
0.4901
0.3413
0.3265
0.3438
0.4375
0.4691
0.2828
0.5971
0.4
0.4076
0.3315
0.5092
0.3829
0.414
0.4861
0.4902
0.4897
0.4875
0.6447
0.4574
0.3212
0.478
0.5
0.5072
0.5547
0.48
0.3483
0.4663
0.3219
0.4808
0.3455
0.5208
0.3315
0.5541
0.4841
0.4933
0.4509
0.3128
0.4645
0.5695
0.3621
0.5298
0.541
0.3204
0.4403
0.3543
0.3194
0.3989
0.4768
0.3503
0.3862
0.2754
0.7324
0.3607
0.6048
0.4785
0.396
0.4074
0.6268
0.4647
0.6014
0.3431
0.3944
0.5723
0.4333
0.5882
0.4868
0.4437
0.4751
0.4094
0.3898
0.5942
0.4
0.4561
0.454
0.5476
0.2718
0.4882
0.5775
0.4
0.4279
0.4712
0.4323
0.2955
0.3636
0.2974
0.4056
0.4345
0.5434
0.4545
0.565
0.459
0.5119
0.3189
0.3892
0.4386
0.5833
0.5338
0.4651
0.3086
0.3286
0.3885
0.3096
0.4171
0.4698
0.4768
0.5515
0.461
0.4881
0.4012
0.4333
0.3591
0.5455
0.5
0.4494
0.2105
0.4561
0.3988
0.4848
0.2987
0.3927
0.3657
0.3515
0.5563
0.391
0.4
0.3986
0.36
0.3764
0.4367
0.5513
0.4012
0.3857
0.3929
0.445
0.5229
0.4485
0.4872
0.3602
0.5125
0.7143
0.4144
0.4562
0.4076
0.4355
0.3099
0.5091
0.4142
0.4231
0.4392
0.3312
0.5608
0.4659
0.4353
0.6204
0.3842
0.5306
0.3313
0.7083
0.3966
0.4586
0.4036
0.445
0.4847
0.4834
0.3243
0.3968
0.4314
0.5093
0.546
0.6038
0.3516
0.2829
0.3511
0.4207
0.475
0.4924
0.5417
0.4713
0.5587
0.3276
0.1818
0.547
0.2941
0.2448
0.4101
0.343
0.4747
0.4558
0.5776
0.3935
0.68
0.4444
0.4157
0.3391
0.3226
0.5586
0.4718
0.4379
0.3722
0.3529
0.5109
0.3929
0.48
0.5494
0.3163
0.3022
0.497
0.3242
0.4938
0.3693
0.3547
0.5119
0.3626
0.5488
0.4404
0.5735
0.3778
0.5373
0.4897
0.3333
0.4444
0.4832
0.3959
0.5282
0.3616
0.5871
0.3908
0.4059
0.4133
0.3925
0.4709
0.5145
0.6169
0.369
0.3488
0.5
0.4935
0.432
0.2154
0.3665
0.2736
0.4839
0.5862
0.6718
0.4757
0.381
0.5068
0.4255
0.3697
0.3841
0.4889
0.5195
0.5064
0.5779
0.3473
0.526
0.4915
0.4134
0.5423
0.3915
0.4029
0.4125
0.5321
0.4946
0.3918
0.4013
0.3867
0.5818
0.3371
0.5615
0.4899
0.3818
0.3452
0.5203
0.4788
0.5344
0.3956
0.3922
0.4639
0.3918
0.3562
0.4372
0.3988
0.3786
0.3661
0.5306
0.5035
0.5524
0.4774
0.5472
0.3395
0.4273
0.3636
0.3404
0.4562
0.3598
0.6107
0.3617
0.442
0.5414
0.3677
0.2763
0.4494
0.4237
0.4425
0.4932
0.4633
0.4261
0.4188
0.6159
0.5389
0.3687
0.434
0.5
0.6234
0.3923
0.3874
0.4182
0.6519
0.3988
0.5419
0.7176
0.5672
0.4385
0.4561
0.3895
0.3952
0.3232
0.25
0.5921
0.4465
0.6013
0.3155
0.5075
0.463
0.6424
0.4356
0.3194
0.2981
0.3209
0.3841
0.4048
0.4937
0.4167
0.4187
0.5105
0.4463
0.5283
0.3646
0.4663
0.3377
0.4888
0.4407
0.4309
0.5342
0.5137
0.4167
0.3588
0.5636
0.5187
0.5031
0.551
0.4833
0.3704
0.3514
0.3111
0.519
0.3194
0.3333
0.4214
0.4384
0.5647
0.3155
0.4054
0.5146
0.4318
0.393
0.4581
0.4624
0.5685
0.4277
0.4785
0.3774
0.2622
0.4138
0.5174
0.2588
0.4863
0.4518
0.4658
0.4125
0.3333
0.3812
0.4556
0.4561
0.4679
0.325
0.3049
0.3963
0.5625
0.6795
0.3955
0.5802
0.3931
0.3922
0.7823
0.4494
0.3988
0.4182
0.731
0.4474
0.3898
0.5364
0.4046
0.5159
0.431
0.4198
0.4663
0.4759
0.4771
0.3613
0.625
0.4793
0.4588
0.4869
0.3718
0.3316
0.3716
0.4688
0.3164
0.3438
0.4129
0.6803
0.4269
0.402
0.5443
0.5438
0.3082
0.4345
0.4966
0.4053
0.4366
0.4255
0.7279
0.4843
0.5098
0.4601
0.3899
0.442
0.4682
0.382
0.355
0.3693
0.3842
0.5759
0.4204
0.3856
0.4205
0.3649
0.3394
0.3543
0.3536
0.7361
0.5079
0.4014
0.3876
0.2604
0.3905
0.4084
0.506
0.2932
0.4562
0.3939
0.3886
0.474
0.3243
0.4022
0.486
0.4276
0.4847
0.5223
0.5793
0.4755
0.5058
0.3758
0.469
0.5918
0.4469
0.4792
0.4444
0.4968
0.6364
0.3537
0.5096
0.5556
0.4387
0.4503
0.4477
0.4939
0.4555
0.4516
0.4658
0.5143
0.5137
0.46
0.4492
0.3938
0.4286
0.3532
0.5779
0.5931
0.4566
0.298
0.3621
0.6197
0.5822
0.4371
0.5074
0.471
0.4785
0.5128
0.4342
0.4214
0.3913
0.4107
0.5028
0.3483
0.3316
0.4926
0.5324
0.4311
0.3918
0.4647
0.4786
0.3333
0.4524
0.4094
0.3617
0.3636
0.3706
0.4312
0.3941
0.5163
0.4719
0.3952
0.479
0.3272
0.4312
0.4021
0.3953
0.48
0.4118
0.4177
0.3382
0.4162
0.5235
0.3158
0.5057
0.525
0.5329
0.358
0.5455
0.4908
0.5215
0.3687
0.5775
0.3259
0.5363
0.3735
0.3706
0.2418
0.457
0.4588
0.5299
0.5263
0.3679
0.474
0.4354
0.4375
0.5241
0.2865
0.4819
0.6738
0.5226
0.4413
0.5306
0.4659
0.5854
0.4639
0.3713
0.609
0.4472
0.5867
0.4423
0.4855
0.4481
0.3943
0.3902
0.454
0.4072
0.5822
0.33
0.5197
0.4514
0.4944
0.4561
0.3799
0.4652
0.4847
0.3476
0.4426
0.3946
0.2874
0.5533
0.4054
0.4356
0.461
0.5294
0.3822
0.4783
0.3584
0.388
0.4286
0.5214
0.3795
0.4909
0.3873
0.4596
0.3693
0.4649
0.6282
0.2884
0.4762
0.5685
0.3523
0.369
0.5083
0.434
0.5742
0.3924
0.5241
0.4277
0.6935
0.4387
0.4783
0.4303
0.2881
0.4813
0.531
0.5442
0.4535
0.517
0.3858
0.3556
0.3883
0.4426
0.442
0.5548
0.4094
0.5182
0.4094
0.4719
0.3353
0.3804
0.4309
0.648
0.4035
0.4098
0.3064
0.5714
0.5985
0.4969
0.3652
0.5655
0.5385
0.3772
0.3172
0.5217
0.3681
0.512
0.6014
0.3353
0.3462
0.3062
0.4331
0.3867
0.4331
0.4485
0.4098
0.3483
0.5574
0.4294
0.5212
0.4014
0.4483
0.5583
0.6733
0.425
0.3486
0.4337
0.3804
0.462
0.4088
0.4663
0.5414
0.5938
0.3209
0.2363
0.3591
0.5166
0.3883
0.6667
0.4562
0.4107
0.4382
0.3608
0.4679
0.414
0.4407
0.4479
0.4167
0.2695
0.3565
0.5063
0.2948
0.3089
0.2828
0.5207
0.3831
0.637
0.4066
0.6276
0.4897
0.2651
0.4009
0.3264
0.3851
0.4689
0.381
0.3791
0.3567
0.4934
0.355
0.2833
0.472
0.4534
0.5161
0.3295
0.4324
0.5985
0.4611
0.4095
0.4217
0.6287
0.5091
0.4863
0.3434
0.4586
0.5517
0.2751
0.3964
0.3491
0.3978
0.5664
0.4789
0.355
0.4966
0.5926
0.4749
0.5962
0.5975
0.3523
0.4695
0.5032
0.3532
0.3732
0.2976
0.2376
0.2011
0.3393
0.2683
0.2606
0.2647
0.2544
0.4103
0.3622
0.2593
0.1962
0.1958
0.414
0.4057
0.281
0.2387
0.2698
0.3393
0.329
0.2714
0.3871
0.3741
0.3297
0.3085
0.2124
0.2784
0.2468
0.32
0.2264
0.3394
0.2982
0.3636
0.271
0.1683
0.2247
0.3455
0.2611
0.2706
0.3133
0.3867
0.2976
0.3459
0.2485
0.228
0.2699
0.3961
0.3576
0.3553
0.2568
0.3145
0.2391
0.2573
0.4483
0.3269
0.1751
0.3095
0.2346
0.2063
0.2831
0.3495
0.2766
0.3438
0.3069
0.2041
0.3073
0.3553
0.2198
0.3519
0.4621
0.2335
0.3081
0.2968
0.2318
0.1768
0.2083
0.2905
0.2333
0.38
0.3297
0.2069
0.2944
0.372
0.2364
0.2038
0.5177
0.2405
0.2846
0.3184
0.32
0.3205
0.3018
0.2619
0.3292
0.3352
0.3155
0.5039
0.3012
0.2807
0.2696
0.3892
0.1944
0.3554
0.107
0.5536
0.3424
0.2186
0.2346
0.2739
0.2371
0.3072
0.3171
0.2606
0.3214
0.2529
0.2828
0.1895
0.3497
0.4096
0.3548
0.2516
0.2708
0.2798
0.3446
0.2717
0.137
0.2197
0.3011
0.3568
0.25
0.5132
0.2018
0.2
0.3168
0.2841
0.3977
0.2384
0.232
0.3029
0.2273
0.3234
0.2791
0.2756
0.1823
0.3198
0.413
0.2367
0.3103
0.4552
0.2454
0.2912
0.3451
0.3415
0.3554
0.1921
0.2528
0.5645
0.3918
0.477
0.3727
0.2655
0.1943
0.2222
0.1691
0.2072
0.3608
0.1934
0.2987
0.2586
0.391
0.3728
0.306
0.3741
0.2586
0.259
0.2337
0.2626
0.2179
0.301
0.3586
0.3182
0.2819
0.3353
0.2022
0.3352
0.1883
0.2434
0.3056
0.1915
0.1724
0.3203
0.3143
0.3152
0.3779
0.2737
0.2959
0.2186
0.1388
0.3226
0.2805
0.2222
0.3416
0.2543
0.3188
0.321
0.3529
0.1733
0.2778
0.3256
0.3121
0.3488
0.3534
0.2545
0.2515
0.2364
0.2549
0.2756
0.2679
0.3188
0.5175
0.2941
0.2701
0.3102
0.3355
0.2994
0.145
0.1812
0.3472
0.2778
0.2475
0.4317
0.3
0.3208
0.2265
0.3129
0.28
0.2581
0.3264
0.3203
0.2759
0.3125
0.4118
0.3191
0.2539
0.2699
0.277
0.4275
0.2993
0.4
0.2978
0.3313
0.2055
0.3291
0.1937
0.3333
0.2753
0.3423
0.283
0.2733
0.341
0.2626
0.3013
0.2662
0.1667
0.3775
0.1789
0.2088
0.3774
0.2557
0.1885
0.2979
0.3007
0.2792
0.2063
0.1737
0.4225
0.2228
0.3054
0.3415
0.2685
0.2901
0.3662
0.2941
0.349
0.2136
0.2606
0.327
0.2722
0.383
0.3333
0.3099
0.3867
0.3023
0.2486
0.4203
0.225
0.3626
0.267
0.3512
0.2615
0.3471
0.3732
0.2632
0.2687
0.3403
0.2903
0.233
0.2086
0.2172
0.2889
0.3571
0.3699
0.2542
0.4237
0.1913
0.4524
0.227
0.2069
0.3684
0.3254
0.3041
0.3721
0.3257
0.1101
0.1975
0.1542
0.3543
0.3356
0.2516
0.4044
0.3262
0.3869
0.2963
0.3111
0.3204
0.3442
0.3114
0.2532
0.1675
0.3099
0.3067
0.297
0.1688
0.2513
0.1943
0.2909
0.3203
0.3141
0.24
0.3378
0.165
0.2865
0.2975
0.3205
0.314
0.2381
0.3571
0.3089
0.3987
0.3818
0.4231
0.2903
0.2919
0.5
0.2928
0.2025
0.3189
0.2703
0.2515
0.3636
0.3609
0.3205
0.2905
0.242
0.3
0.2102
0.2647
0.3333
0.1966
0.3176
0.2761
0.4028
0.3333
0.2652
0.3012
0.3403
0.4233
0.4437
0.3189
0.2593
0.2876
0.3602
0.3558
0.5409
0.2
0.2195
0.2606
0.2121
0.325
0.4179
0.4167
0.3418
0.3855
0.1839
0.1189
0.3923
0.2174
0.1615
0.2809
0.3176
0.2658
0.2517
0.4658
0.2949
0.584
0.2577
0.309
0.2701
0.3065
0.4138
0.3163
0.2865
0.3167
0.262
0.3504
0.2738
0.38
0.2182
0.2465
0.1813
0.303
0.2363
0.25
0.2841
0.2674
0.2857
0.2308
0.2927
0.2642
0.2695
0.224
0.4403
0.3379
0.193
0.2749
0.3154
0.2525
0.4
0.264
0.3419
0.2356
0.3294
0.2398
0.3102
0.3333
0.4335
0.3571
0.2619
0.2093
0.3261
0.3052
0.2426
0.145
0.1902
0.2338
0.3172
0.4276
0.3893
0.3797
0.4032
0.302
0.2234
0.2831
0.2683
0.3
0.3182
0.3974
0.3506
0.2683
0.3333
0.2067
0.3073
0.4085
0.3368
0.2788
0.3292
0.3846
0.3261
0.2982
0.3057
0.2541
0.2384
0.2697
0.3231
0.3154
0.1965
0.198
0.2867
0.3758
0.458
0.3571
0.2727
0.247
0.2807
0.2812
0.2678
0.3195
0.3286
0.2951
0.2857
0.305
0.3846
0.4194
0.3812
0.2531
0.3568
0.2201
0.1809
0.2875
0.1768
0.3636
0.2411
0.3741
0.3312
0.2
0.2171
0.2911
0.3503
0.3276
0.1656
0.3729
0.209
0.1759
0.4638
0.2935
0.3081
0.2767
0.3434
0.4805
0.3481
0.2618
0.3012
0.3292
0.3558
0.3526
0.5649
0.3881
0.2727
0.3801
0.3815
0.2695
0.2683
0.2965
0.4211
0.2956
0.2722
0.2524
0.2039
0.2531
0.3642
0.2331
0.2147
0.2788
0.2139
0.2683
0.2679
0.4304
0.3452
0.2315
0.3007
0.2599
0.3899
0.2486
0.2577
0.3506
0.3596
0.3107
0.224
0.3493
0.2877
0.2345
0.2588
0.3758
0.3957
0.2733
0.3129
0.2513
0.2169
0.2635
0.1657
0.2516
0.2199
0.2179
0.4465
0.2808
0.3941
0.2381
0.2838
0.3099
0.2386
0.302
0.2452
0.2099
0.2886
0.2948
0.2699
0.3082
0.2356
0.3862
0.2429
0.1471
0.2653
0.3452
0.2819
0.2688
0.2381
0.3
0.3787
0.3743
0.3141
0.235
0.2866
0.2317
0.4583
0.3439
0.3146
0.4074
0.2543
0.3052
0.5918
0.3418
0.1771
0.2606
0.5517
0.2303
0.3051
0.4106
0.237
0.2994
0.3851
0.2256
0.3006
0.2892
0.3399
0.2
0.3859
0.3059
0.2882
0.356
0.3141
0.1786
0.2678
0.3
0.2599
0.2292
0.2564
0.4527
0.2924
0.2814
0.2169
0.3125
0.2767
0.1299
0.3034
0.2421
0.2238
0.3121
0.6397
0.4025
0.3791
0.3865
0.2893
0.2378
0.2197
0.2135
0.3669
0.3295
0.1582
0.3333
0.2484
0.2143
0.3538
0.2416
0.2182
0.24
0.2873
0.5347
0.291
0.3007
0.2697
0.1719
0.2249
0.2775
0.3155
0.2328
0.3438
0.2048
0.2914
0.2739
0.1345
0.2179
0.3278
0.2293
0.2577
0.4013
0.4276
0.2917
0.2616
0.3576
0.3605
0.3673
0.3204
0.2344
0.2722
0.4581
0.4773
0.2522
0.3376
0.3519
0.3185
0.2565
0.2791
0.3598
0.2827
0.2903
0.2778
0.3786
0.388
0.3
0.1925
0.2812
0.4221
0.2338
0.1576
0.4
0.3931
0.2778
0.2356
0.3592
0.2945
0.2914
0.2857
0.4194
0.2577
0.3397
0.3137
0.3019
0.1988
0.2426
0.3799
0.236
0.2176
0.3824
0.4532
0.2874
0.2062
0.3647
0.3714
0.283
0.3631
0.2824
0.1979
0.2667
0.2706
0.2609
0.2824
0.3464
0.3427
0.3413
0.2575
0.2778
0.3688
0.2593
0.2197
0.3667
0.2143
0.2911
0.1579
0.1667
0.3647
0.3275
0.3793
0.3312
0.4803
0.284
0.4286
0.1954
0.3681
0.2458
0.4648
0.1875
0.4246
0.2229
0.2326
0.2088
0.351
0.2835
0.403
0.345
0.1969
0.3029
0.2517
0.2955
0.3735
0.2022
0.2771
0.4965
0.3097
0.2514
0.302
0.3125
0.5427
0.259
0.2754
0.4167
0.323
0.4
0.2692
0.2644
0.3377
0.2514
0.2744
0.3067
0.3593
0.3219
0.23
0.4032
0.3086
0.2978
0.2442
0.2402
0.3105
0.2883
0.2246
0.306
0.3673
0.3046
0.42
0.3176
0.3006
0.3636
0.3725
0.293
0.3641
0.2601
0.2404
0.3297
0.4357
0.2462
0.3152
0.2601
0.2469
0.3466
0.3369
0.4936
0.2093
0.3401
0.411
0.2159
0.2083
0.326
0.2125
0.3484
0.3354
0.3724
0.2717
0.5081
0.2581
0.3727
0.2182
0.1808
0.2181
0.4828
0.3129
0.314
0.415
0.2437
0.1967
0.2158
0.3005
0.1793
0.3219
0.2686
0.3696
0.2456
0.2458
0.1976
0.3006
0.3204
0.3413
0.3041
0.3552
0.2254
0.3714
0.3561
0.3774
0.2528
0.3586
0.4126
0.2575
0.1935
0.2484
0.1786
0.247
0.3933
0.2118
0.1923
0.1346
0.2785
0.2707
0.3185
0.3091
0.224
0.2809
0.3388
0.2825
0.3758
0.3061
0.3219
0.4756
0.54
0.2938
0.2286
0.2798
0.2609
0.4114
0.2112
0.3129
0.3631
0.3625
0.2353
0.1703
0.2983
0.3444
0.2394
0.6429
0.3438
0.3214
0.2865
0.3247
0.3188
0.2796
0.322
0.2448
0.3141
0.1617
0.2593
0.3481
0.2254
0.2408
0.2828
0.3333
0.2239
0.5037
0.2742
0.381
0.3448
0.1506
0.3364
0.2176
0.2471
0.3125
0.1852
0.2802
0.2573
0.4276
0.2249
0.2278
0.1739
0.2981
0.3935
0.289
0.3716
0.5109
0.3174
0.2381
0.2156
0.4611
0.3273
0.3356
0.2273
0.2707
0.3172
0.2275
0.3077
0.2722
0.2253
0.3521
0.3147
0.2388
0.4082
0.3827
0.2849
0.2625
0.354
0.228
0.2988
0.3057
0.404
0.3077
0.2798
0.198
0.2065
0.2663
0.372
0.2364
0.1882
0.3018
0.3846
0.3552
0.2434
0.0818
0.164
0.3885
0.3543
0.2434
0.3419
0.1842
0.4226
0.3484
0.4275
0.2298
0.349
0.3243
0.3351
0.2383
0.2203
0.1915
0.2067
0.239
0.3758
0.2781
0.3312
0.2387
0.1779
0.1798
0.3273
0.2056
0.2765
0.2733
0.3467
0.2544
0.2704
0.2012
0.2073
0.3252
0.3117
0.303
0.2222
0.3043
0.2704
0.2514
0.2456
0.4
0.2821
0.129
0.1905
0.2037
0.1905
0.2831
0.3172
0.2181
0.2688
0.2434
0.1786
0.324
0.3487
0.2033
0.3889
0.3864
0.1677
0.2209
0.2065
0.245
0.1457
0.2321
0.2235
0.28
0.4067
0.3622
0.1897
0.2667
0.3232
0.2727
0.2293
0.461
0.2722
0.3058
0.3631
0.28
0.3205
0.2663
0.2515
0.2422
0.3182
0.1905
0.4419
0.2952
0.1494
0.3039
0.3413
0.2486
0.2349
0.1818
0.4821
0.2826
0.1967
0.2011
0.3121
0.1701
0.2711
0.2927
0.234
0.1834
0.2588
0.2475
0.1316
0.3333
0.2711
0.3161
0.3032
0.2055
0.2539
0.3955
0.2486
0.1438
0.2254
0.2898
0.3135
0.25
0.3766
0.1273
0.2182
0.2475
0.2784
0.3041
0.186
0.2268
0.1829
0.1623
0.3593
0.2428
0.2821
0.1354
0.2674
0.413
0.2544
0.2571
0.4
0.1963
0.2186
0.2535
0.3476
0.3614
0.1788
0.322
0.6371
0.3918
0.4195
0.3168
0.2599
0.2114
0.2339
0.1256
0.1892
0.2658
0.2044
0.2484
0.1886
0.3782
0.3846
0.2258
0.4218
0.3218
0.2108
0.2609
0.2458
0.3077
0.2335
0.1358
0.3466
0.1933
0.341
0.1639
0.2557
0.1818
0.2116
0.2917
0.1915
0.1586
0.3072
0.2914
0.3333
0.3372
0.2888
0.2426
0.1803
0.1196
0.4086
0.2866
0.2275
0.3851
0.2312
0.3418
0.3519
0.2745
0.1616
0.2889
0.2965
0.3248
0.2558
0.3158
0.1386
0.2573
0.2561
0.2941
0.2244
0.25
0.2795
0.4474
0.3595
0.2529
0.2406
0.3642
0.2663
0.175
0.2312
0.2708
0.2593
0.2222
0.3165
0.2333
0.3758
0.2044
0.319
0.2629
0.254
0.3403
0.281
0.2759
0.2438
0.3636
0.2553
0.3057
0.2822
0.3041
0.3623
0.3066
0.2025
0.2416
0.2909
0.2671
0.1635
0.199
0.2431
0.2528
0.349
0.2516
0.1474
0.3121
0.2179
0.3742
0.2338
0.1667
0.351
0.0402
0.1374
0.3354
0.1525
0.1832
0.2287
0.3464
0.2487
0.2116
0.1737
0.3732
0.2065
0.3293
0.3354
0.3289
0.3129
0.4085
0.2164
0.3087
0.2039
0.2872
0.4151
0.3167
0.3857
0.328
0.2394
0.4199
0.2868
0.1966
0.4493
0.2938
0.2456
0.2931
0.3869
0.2051
0.2824
0.2887
0.3053
0.2587
0.3089
0.2774
0.1341
0.2246
0.1558
0.2278
0.2976
0.3873
0.1695
0.2732
0.2404
0.3929
0.2108
0.197
0.3216
0.3491
0.3378
0.2791
0.24
0.1284
0.2293
0.0732
0.3314
0.2467
0.281
0.3603
0.3262
0.381
0.2963
0.232
0.3425
0.4286
0.3174
0.239
0.177
0.2573
0.2699
0.2848
0.2143
0.2461
0.1429
0.2364
0.3399
0.2949
0.1886
0.3446
0.215
0.2865
0.2688
0.4013
0.2849
0.2667
0.2857
0.2356
0.3791
0.297
0.3397
0.2258
0.2981
0.4416
0.3039
0.2086
0.2811
0.1692
0.2339
0.303
0.2367
0.3462
0.2752
0.2229
0.32
0.2102
0.0824
0.3841
0.191
0.3673
0.2515
0.2267
0.2644
0.2486
0.3193
0.25
0.3804
0.3113
0.1968
0.1735
0.2222
0.2919
0.2331
0.478
0.2162
0.2293
0.2021
0.1951
0.2188
0.4179
0.3254
0.3185
0.221
0.1552
0.1259
0.3481
0.2157
0.1443
0.0838
0.3176
0.2532
0.2449
0.3975
0.3397
0.528
0.2393
0.2697
0.2644
0.2419
0.2973
0.3641
0.2105
0.3
0.2086
0.3577
0.2308
0.3933
0.2667
0.2698
0.1648
0.3818
0.1813
0.2812
0.3125
0.2791
0.2959
0.1923
0.3232
0.2539
0.3676
0.2167
0.2239
0.3311
0.2339
0.2456
0.3624
0.2677
0.3169
0.2584
0.3548
0.2299
0.2882
0.2449
0.1979
0.2356
0.4277
0.3247
0.2857
0.1744
0.2899
0.2468
0.2604
0.1487
0.1411
0.2189
0.2751
0.4069
0.4885
0.3784
0.2937
0.3087
0.2287
0.1747
0.2134
0.2611
0.3247
0.3526
0.4026
0.1845
0.4481
0.2011
0.3128
0.3803
0.2565
0.2837
0.1718
0.4038
0.2391
0.2184
0.3248
0.3481
0.2616
0.2697
0.3462
0.3557
0.185
0.2081
0.2733
0.3152
0.4198
0.2678
0.2727
0.3193
0.2807
0.2812
0.3005
0.2426
0.2245
0.2404
0.2449
0.3191
0.3846
0.3935
0.5031
0.2469
0.2664
0.1962
0.2021
0.2625
0.2378
0.303
0.2128
0.3669
0.3439
0.2065
0.1447
0.2075
0.162
0.3161
0.2632
0.3672
0.25
0.2932
0.4203
0.2983
0.2677
0.2579
0.2892
0.4675
0.337
0.2344
0.2831
0.2805
0.2883
0.2885
0.5038
0.3507
0.2727
0.3275
0.2644
0.2814
0.2439
0.2616
0.4145
0.2
0.2375
0.233
0.2217
0.3519
0.3642
0.2638
0.1701
0.1635
0.1872
0.25
0.256
0.3101
0.3393
0.2512
0.1523
0.2147
0.3648
0.2486
0.1818
0.3182
0.2978
0.3616
0.2514
0.1818
0.3425
0.1931
0.1676
0.3697
0.2888
0.3354
0.3946
0.35
0.2328
0.3176
0.2
0.2201
0.2042
0.3013
0.0971
0.3151
0.3706
0.1905
0.277
0.2515
0.2159
0.199
0.3226
0.1934
0.2819
0.2126
0.2454
0.275
0.2489
0.3517
0.3547
0.1637
0.2721
0.3452
0.1282
0.1875
0.1474
0.2938
0.2604
0.3216
0.3013
0.195
0.25
0.25
0.4792
0.2911
0.2809
0.2909
0.2197
0.1304
0.5442
0.3228
0.2312
0.2182
0.4828
0.2697
0.2994
0.3974
0.1734
0.242
0.25
0.2778
0.2134
0.2976
0.2564
0.1935
0.4239
0.3432
0.2176
0.3089
0.3077
0.1327
0.2826
0.3188
0.226
0.2552
0.2821
0.4218
0.2982
0.2462
0.1627
0.3312
0.2138
0.2222
0.3034
0.2789
0.2238
0.3121
0.5735
0.3396
0.1071
0.2917
0.175
0.2216
0.2081
0.1966
0.3018
0.2898
0.209
0.323
0.1698
0.2092
0.3026
0.2838
0.1879
0.28
0.2762
0.4583
0.1744
0.2937
0.2584
0.1927
0.2308
0.3037
0.3512
0.1832
0.3062
0.3133
0.2629
0.3121
0.1883
0.2235
0.3222
0.242
0.2945
0.3121
0.3219
0.3681
0.25
0.297
0.4014
0.3878
0.2707
0.2865
0.2556
0.4387
0.3158
0.2183
0.3439
0.2439
0.2688
0.2565
0.1977
0.4146
0.288
0.2839
0.2593
0.3357
0.2275
0.3133
0.2567
0.1627
0.3831
0.2289
0.3831
0.331
0.3642
0.2273
0.2114
0.3732
0.411
0.3046
0.3
0.3097
0.3067
0.3526
0.2026
0.2956
0.205
0.2308
0.3497
0.2753
0.201
0.3456
0.3165
0.2216
0.2113
0.4
0.2643
0.2579
0.2706
0.2749
0.2448
0.2424
0.3059
0.2547
0.1977
0.281
0.2809
0.3353
0.2754
0.2099
0.3851
0.2698
0.1734
0.22
0.3072
0.2704
0.1818
0.1667
0.3529
0.1871
0.3621
0.3062
0.3618
0.2778
0.4286
0.3174
0.2883
0.2
0.4507
0.2188
0.3017
0.2952
0.2176
0.1648
0.2252
0.1716
0.3806
0.3509
0.1554
0.2809
0.2449
0.3239
0.4036
0.191
0.3072
0.3267
0.1375
0.2402
0.2685
0.2938
0.4939
0.241
0.2814
0.4167
0.2236
0.4067
0.2885
0.2216
0.2597
0.1886
0.1687
0.3006
0.2934
0.4521
0.265
0.3468
0.3314
0.2416
0.2254
0.2626
0.1979
0.2331
0.1979
0.2951
0.2993
0.2759
0.3133
0.223
0.3129
0.3052
0.2342
0.2994
0.2554
0.2312
0.2896
0.2473
0.35
0.2769
0.2727
0.3064
0.2716
0.267
0.2834
0.3822
0.2233
0.26
0.3973
0.2159
0.244
0.3591
0.2375
0.2839
0.2975
0.2966
0.2312
0.5403
0.271
0.3704
0.297
0.2147
0.2447
0.4069
0.3129
0.2558
0.3197
0.1667
0.1803
0.1895
0.2131
0.1848
0.3219
0.2857
0.3333
0.2164
0.1844
0.2275
0.3436
0.1878
0.188
0.2632
0.3224
0.2139
0.35
0.3636
0.2716
0.2191
0.3724
0.3846
0.2096
0.1505
0.2298
0.2331
0.2711
0.38
0.2235
0.0688
0.0845
0.2848
0.2541
0.2994
0.3273
0.2514
0.2978
0.3497
0.209
0.3758
0.2993
0.2123
0.4969
0.4933
0.2688
0.1771
0.2024
0.2446
0.4241
0.1925
0.3129
0.3631
0.275
0.1765
0.1648
0.221
0.3576
0.2287
0.5079
0.2688
0.1792
0.2528
0.2835
0.2704
0.2419
0.2584
0.2292
0.1235
0.1856
0.2454
0.1728
0.2139
0.2356
0.2276
0.3099
0.2388
0.3037
0.3352
0.3605
0.3034
0.1084
0.2581
0.1606
0.2701
0.2486
0.1799
0.2637
0.2456
0.4211
0.1221
0.2222
0.2174
0.2733
0.3871
0.2948
0.3446
0.4493
0.2754
0.2571
0.2096
0.4311
0.3273
0.2945
0.2172
0.2983
0.3241
0.1406
0.3432
0.2604
0.153
0.2867
0.3077
0.204
0.381
0.3272
0.2291
0.2938
0.3899
0.2591
0.3293
0.3312
