x
0.3702
0.3787
0.3846
0.3743
0.3718
0.3767
0.3773
0.3575
0.3753
0.3715
0.3786
0.3707
0.3784
0.375
0.3815
0.3763
0.3659
0.3891
0.3762
0.3773
0.3715
0.3631
0.3812
0.3798
0.3595
0.3717
0.362
0.3744
0.3861
0.3787
0.3868
0.3625
0.3703
0.3793
0.3777
0.3681
0.3726
0.3571
0.3815
0.3797
0.3791
0.3718
0.3902
0.3736
0.3648
0.361
0.3774
0.3714
0.3763
0.3725
0.3776
0.3795
0.3749
0.3644
0.3741
0.3738
0.3843
0.3762
0.3855
0.3666
0.3731
0.3763
0.3705
0.3749
0.3817
0.3769
0.3759
0.3707
0.3691
0.3641
0.3698
0.3691
0.3773
0.3672
0.3755
0.3738
0.3599
0.3761
0.3816
0.3835
0.368
0.3718
0.3643
0.3717
0.3603
0.3759
0.3749
0.3617
0.3678
0.3822
0.3713
0.3782
0.3751
0.3785
0.3642
0.3722
0.3703
0.3671
0.3689
0.3787
0.3759
0.37
0.3672
0.3712
0.3809
0.3742
0.3812
0.3806
0.3645
0.3601
0.3716
0.3783
0.3537
0.3713
0.3813
0.3731
0.3709
0.3805
0.3727
0.3709
0.3653
0.3514
0.3843
0.3781
0.3814
0.3677
0.3811
0.3595
0.373
0.3733
0.3744
0.3761
0.3785
0.382
0.3702
0.3738
0.3854
0.3842
0.3792
0.3744
0.376
0.3753
0.3746
0.3768
0.3788
0.3548
0.3732
0.3699
0.3735
0.3798
0.3665
0.3796
0.3782
0.3703
0.365
0.3618
0.3735
0.3672
0.3862
0.3709
0.3811
0.3812
0.3672
0.3801
0.3746
0.3726
0.3826
0.3749
0.3721
0.3719
0.3645
0.3836
0.3642
0.3816
0.3646
0.3698
0.3746
0.3662
0.3522
0.3737
0.3702
0.3798
0.3711
0.3846
0.3765
0.3763
0.3619
0.3792
0.3691
0.3862
0.3739
0.3769
0.376
0.3778
0.3795
0.3738
0.3738
0.3684
0.3638
0.3656
0.3686
0.3683
0.3742
0.3548
0.3848
0.369
0.3586
0.3622
0.3672
0.3775
0.3776
0.3694
0.3649
0.3815
0.3788
0.3707
0.3762
0.375
0.3798
0.3793
0.3782
0.3521
0.3808
0.3611
0.3722
0.3734
0.3793
0.3792
0.378
0.3668
0.3786
0.3816
0.3799
0.3765
0.3738
0.3675
0.3774
0.3634
0.3744
0.3846
0.37
0.3728
0.38
0.3706
0.3584
0.3776
0.3756
0.376
0.3747
0.3858
0.382
0.3628
0.3758
0.3746
0.3666
0.3703
0.3745
0.3768
0.3861
0.3682
0.3851
0.3712
0.3782
0.3804
0.3572
0.3777
0.3715
0.3862
0.384
0.3729
0.376
0.3666
0.3683
0.3737
0.3797
0.386
0.3708
0.3555
0.3728
0.3614
0.3812
0.3693
0.3734
0.3708
0.3761
0.3708
0.3769
0.3854
0.3883
0.3721
0.3801
0.3755
0.3792
0.3755
0.3709
0.3812
0.3804
0.3736
0.3743
0.3802
0.379
0.3786
0.3668
0.3748
0.3725
0.3805
0.3824
0.3799
0.3612
0.3754
0.3744
0.3746
0.3605
0.3825
0.3748
0.3772
0.3831
0.3785
0.3742
0.3756
0.376
0.3811
0.3694
0.3709
0.3726
0.3752
0.3777
0.3785
0.3677
0.3762
0.3557
0.3787
0.3747
0.3819
0.381
0.3693
0.3823
0.373
0.3816
0.3728
0.3673
0.3602
0.3767
0.3716
0.3741
0.3741
0.3686
0.3842
0.3742
0.3653
0.3801
0.3656
0.37
0.3848
0.3723
0.3807
0.3541
0.3763
0.3752
0.38
0.3667
0.3732
0.3721
0.3651
0.3702
0.3587
0.3686
0.3802
0.3648
0.3796
0.3816
0.3728
0.3652
0.3767
0.3823
0.3766
0.3772
0.3756
0.365
0.3684
0.3562
0.3717
0.3703
0.3695
0.3696
0.3758
0.38
0.3728
0.3834
0.3817
0.3881
0.3726
0.381
0.3658
0.372
0.37
0.3804
0.3849
0.3642
0.3545
0.3763
0.3555
0.3798
0.385
0.3812
0.3798
0.3696
0.3803
0.3658
0.3768
0.3624
0.3825
0.3828
0.3683
0.3744
0.362
0.3711
0.3871
0.3856
0.3775
0.383
0.382
0.3803
0.3827
0.3688
0.3709
0.3811
0.3687
0.3653
0.385
0.3787
0.3621
0.3688
0.37
0.3678
0.375
0.3776
0.374
0.3688
0.3762
0.3612
0.375
0.3848
0.3675
0.3832
0.3792
0.3723
0.3744
0.3789
0.3715
0.3702
0.3735
0.3845
0.3733
0.3842
0.371
0.3797
0.3793
0.3797
0.3705
0.375
0.3698
0.389
0.3634
0.3707
0.3694
0.3777
0.3869
0.3646
0.3801
0.3632
0.3754
0.3759
0.3751
0.3645
0.3815
0.3825
0.3759
0.3724
0.3678
0.3789
0.3756
0.3761
0.3667
0.3703
0.3781
0.3653
0.3795
0.3708
0.3849
0.379
0.3701
0.3737
0.3866
0.3778
0.3817
0.3708
0.3713
0.3754
0.3814
0.3585
0.3766
0.376
0.37
0.3736
0.3613
0.3784
0.381
0.368
0.3745
0.3843
0.3789
0.3755
0.3803
0.3725
0.3787
0.3791
0.3829
0.3697
0.3738
0.3804
0.3841
0.3815
0.3774
0.38
0.3663
0.3682
0.377
0.3785
0.3698
0.365
0.3781
0.37
0.3779
0.3781
0.3661
0.353
0.3748
0.3687
0.3852
0.3737
0.3838
0.3755
0.3795
0.3674
0.3622
0.3713
0.3785
0.3702
0.3662
0.3819
0.3694
0.3776
0.3662
0.3779
0.3773
0.377
0.3776
0.3867
0.3804
0.3701
0.3779
0.381
0.3645
0.3704
0.3841
0.3815
0.3851
0.3737
0.3857
0.371
0.3812
0.3779
0.3791
0.3818
0.3718
0.368
0.3653
0.3669
0.3747
0.3786
0.3673
0.3826
0.3563
0.384
0.3665
0.3795
0.3729
0.3735
0.3736
0.3581
0.3782
0.375
0.363
0.3741
0.3791
0.3635
0.3861
0.3475
0.3779
0.3777
0.3676
0.3706
0.3675
0.3711
0.3702
0.3663
0.3859
0.3867
0.3635
0.3758
0.3801
0.381
0.3809
0.3818
0.3807
0.3739
0.3793
0.3782
0.3866
0.3811
0.3691
0.3794
0.3831
0.3856
0.3714
0.3795
0.3616
0.3794
0.3777
0.3814
0.3766
0.3655
0.3813
0.3612
0.3532
0.3626
0.3704
0.3787
0.3715
0.3852
0.3819
0.3782
0.3802
0.3727
0.377
0.3763
0.3797
0.3751
0.371
0.3757
0.3764
0.3808
0.3767
0.3702
0.3774
0.362
0.3754
0.3825
0.3764
0.3673
0.3698
0.3655
0.3695
0.3863
0.3804
0.3675
0.3757
0.3792
0.3834
0.3739
0.3817
0.369
0.378
0.3668
0.3819
0.3621
0.3797
0.3797
0.3817
0.3847
0.3764
0.3709
0.3664
0.369
0.3847
0.3824
0.3821
0.3857
0.378
0.3745
0.3684
0.3675
0.3751
0.3686
0.3677
0.376
0.3722
0.3754
0.3828
0.3693
0.3705
0.3804
0.3705
0.3781
0.3726
0.3735
0.3782
0.3691
0.3766
0.3751
0.3852
0.3764
0.3772
0.383
0.3774
0.373
0.3785
0.3757
0.3672
0.3852
0.3741
0.3752
0.3752
0.3673
0.3751
0.3678
0.381
0.372
0.3772
0.3769
0.3808
0.3779
0.3764
0.3729
0.3767
0.3645
0.3715
0.3708
0.3598
0.3528
0.3729
0.3703
0.3784
0.3811
0.3753
0.3727
0.3779
0.3733
0.3812
0.3779
0.381
0.3685
0.3822
0.3708
0.3654
0.3742
0.3644
0.3793
0.3749
0.3732
0.365
0.3753
0.3747
0.3522
0.3729
0.3814
0.3709
0.3698
0.3756
0.3779
0.3871
0.3805
0.3676
0.3744
0.3793
0.3736
0.3732
0.3657
0.3814
0.3698
0.371
0.3776
0.3792
0.3819
0.3745
0.3769
0.3703
0.3695
0.377
0.3819
0.3688
0.3806
0.3708
0.3747
0.3724
0.3628
0.375
0.3672
0.3821
0.3733
0.3705
0.3687
0.3655
0.3598
0.3648
0.3808
0.3728
0.3685
0.3698
0.3696
0.3796
0.3724
0.3696
0.366
0.3804
0.3806
0.3796
0.3791
0.3891
0.3801
0.3804
0.3472
0.3808
0.3652
0.3786
0.3647
0.378
0.3793
0.3807
0.3519
0.3787
0.3599
0.3548
0.3713
0.3565
0.3754
0.3766
0.3848
0.3841
0.372
0.387
0.3733
0.3784
0.3708
0.3836
0.374
0.3626
0.3671
0.3764
0.3724
0.3748
0.3693
0.3663
0.3725
0.3833
0.3691
0.3849
0.3714
0.3624
0.383
0.3804
0.3724
0.372
0.3652
0.3798
0.3617
0.382
0.3824
0.3755
0.3786
0.3713
0.3746
0.3727
0.3618
0.3789
0.3712
0.3833
0.3728
0.3691
0.3653
0.3683
0.3732
0.3688
0.3675
0.3859
0.3894
0.3857
0.3855
0.3753
0.3726
0.3733
0.3778
0.3842
0.3794
0.3861
0.3836
0.3774
0.381
0.3817
0.3655
0.3847
0.3804
0.3735
0.374
0.3773
0.3712
0.3784
0.3666
0.3872
0.3655
0.3542
0.3734
0.3743
0.3669
0.3728
0.3653
0.3691
0.3761
0.3782
0.3717
0.3763
0.3808
0.3589
0.3651
0.3712
0.3834
0.3725
0.3797
0.3814
0.3754
0.377
0.3721
0.3653
0.366
0.3852
0.3749
0.3788
0.3713
0.3678
0.3747
0.3815
0.3766
0.3684
0.3693
0.3785
0.364
0.3633
0.371
0.3752
0.378
0.3744
0.3694
0.3851
0.3814
0.3762
0.38
0.3871
0.3711
0.3843
0.3725
0.3714
0.3824
0.3875
0.3825
0.3789
0.3745
0.378
0.3817
0.3669
0.3763
0.3825
0.3749
0.3765
0.3771
0.3795
0.3699
0.3813
0.3684
0.3678
0.3844
0.3795
0.3754
0.3807
0.3734
0.3861
0.3814
0.3623
0.373
0.3737
0.3679
0.37
0.3863
0.3801
0.373
0.3801
0.3702
0.3779
0.3725
0.3841
0.3645
0.3865
0.3907
0.3745
0.3654
0.3807
0.3983
0.3666
0.3801
0.3816
0.387
0.3706
0.3848
0.3752
0.3727
0.3981
0.3699
0.3874
0.3742
0.3963
0.3728
0.3772
0.3767
0.3871
0.3704
0.3738
0.3645
0.3794
0.3863
0.3726
0.3924
0.3574
0.3673
0.3792
0.3809
0.3653
0.3768
0.3894
0.3962
0.3818
0.3833
0.3698
0.39
0.3859
0.3654
0.3654
0.3797
0.3778
0.393
0.3832
0.3778
0.3803
0.3785
0.3682
0.3976
0.384
0.3896
0.3785
0.3809
0.3578
0.3869
0.3776
0.3734
0.3972
0.3857
0.3838
0.3769
0.3676
0.387
0.3637
0.3739
0.3609
0.3779
0.3653
0.3913
0.3766
0.3693
0.3774
0.3813
0.3756
0.363
0.3892
0.3756
0.3659
0.3749
0.3948
0.3825
0.3629
0.3707
0.3857
0.3764
0.3876
0.3729
0.3784
0.3715
0.3744
0.3721
0.3989
0.3829
0.3746
0.3775
0.3792
0.3628
0.369
0.3866
0.3845
0.3796
0.3797
0.3714
0.3582
0.3692
0.3939
0.3682
0.3833
0.3903
0.3751
0.3693
0.3813
0.3685
0.3773
0.368
0.3487
0.3749
0.382
0.3808
0.3691
0.3855
0.374
0.3703
0.377
0.3707
0.3922
0.3807
0.3793
0.3778
0.3704
0.3888
0.3859
0.3804
0.3758
0.3776
0.3861
0.3749
0.3917
0.3838
0.3524
0.3838
0.3706
0.3731
0.3774
0.3609
0.3794
0.3738
0.3671
0.3738
0.3609
0.3631
0.3636
0.3833
0.3718
0.3828
0.3799
0.3789
0.3793
0.3782
0.3692
0.3908
0.3823
0.3947
0.3814
0.3682
0.3723
0.379
0.38
0.3912
0.369
0.3704
0.3678
0.3925
0.398
0.3631
0.3752
0.3729
0.3893
0.3793
0.3834
0.3658
0.3766
0.3759
0.3977
0.3751
0.3756
0.3797
0.3827
0.3837
0.3757
0.373
0.3698
0.3804
0.3802
0.3786
0.3617
0.3727
0.3771
0.3816
0.3962
0.3782
0.358
0.3769
0.3785
0.3771
0.3683
0.384
0.3844
0.3799
0.3704
0.3967
0.3691
0.3849
0.3757
0.3822
0.3583
0.3835
0.366
0.3659
0.3767
0.385
0.3787
0.3767
0.3693
0.3969
0.3746
0.38
0.3823
0.3828
0.3691
0.3833
0.3596
0.375
0.388
0.368
0.3855
0.3793
0.3817
0.3743
0.3784
0.3746
0.3922
0.3787
0.3877
0.3913
0.3637
0.3757
0.3918
0.3843
0.3684
0.3825
0.3826
0.3802
0.3785
0.3841
0.3917
0.3811
0.381
0.3729
0.3774
0.3751
0.3873
0.3782
0.3683
0.3926
0.3764
0.3872
0.3742
0.3824
0.3975
0.3748
0.3589
0.372
0.3616
0.3823
0.3752
0.3742
0.3689
0.3836
0.3691
0.3843
0.3787
0.3838
0.3739
0.3791
0.3713
0.3803
0.3768
0.3688
0.3967
0.3787
0.379
0.3775
0.373
0.3707
0.3774
0.3709
0.3763
0.3792
0.3763
0.3783
0.3801
0.3941
0.3964
0.3826
0.373
0.3761
0.3921
0.3729
0.3768
0.3833
0.3806
0.3768
0.3971
0.3823
0.3835
0.3666
0.3752
0.3806
0.3706
0.3813
0.3874
0.3824
0.3829
0.3552
0.3835
0.3721
0.3826
0.3825
0.3706
0.372
0.3909
0.3836
0.3774
0.3674
0.3597
0.376
0.3806
0.3775
0.3729
0.3948
0.3943
0.3933
0.3612
0.3751
0.374
0.3752
0.3885
0.3647
0.3838
0.3575
0.3788
0.379
0.3787
0.3682
0.3742
0.3946
0.3662
0.3709
0.358
0.369
0.3867
0.3853
0.392
0.3856
0.3719
0.3651
0.3744
0.3827
0.3743
0.3761
0.3796
0.3649
0.3667
0.3645
0.3752
0.3756
0.3702
0.3731
0.3822
0.3878
0.3775
0.3854
0.3977
0.3885
0.3782
0.3948
0.368
0.3764
0.3699
0.3846
0.3815
0.3868
0.378
0.3772
0.3896
0.3811
0.3784
0.3833
0.382
0.3731
0.3799
0.3756
0.3802
0.3775
0.3809
0.3798
0.3851
0.372
0.3647
0.3675
0.3867
0.3855
0.3944
0.3842
0.3887
0.3863
0.3695
0.3751
0.3889
0.3811
0.3698
0.3665
0.3852
0.3815
0.3596
0.3696
0.3863
0.3625
0.3784
0.3813
0.3799
0.3748
0.3746
0.3651
0.3749
0.3829
0.3697
0.3801
0.379
0.3767
0.3773
0.3788
0.3754
0.3927
0.3786
0.3815
0.3719
0.3832
0.3771
0.377
0.3769
0.3753
0.3811
0.3788
0.3706
0.3957
0.3874
0.3697
0.3689
0.3905
0.3919
0.3682
0.392
0.3797
0.3729
0.3796
0.3681
0.3713
0.3694
0.3797
0.3788
0.377
0.3707
0.39
0.3771
0.379
0.374
0.3781
0.3766
0.3769
0.3814
0.3818
0.377
0.3805
0.3918
0.3924
0.3869
0.3771
0.3812
0.3862
0.3703
0.3737
0.3825
0.391
0.379
0.3829
0.3775
0.3695
0.3756
0.3706
0.3955
0.3842
0.3791
0.3794
0.3939
0.3773
0.3854
0.3765
0.38
0.3864
0.383
0.3726
0.3711
0.3794
0.3806
0.3907
0.3806
0.3825
0.3735
0.3708
0.3841
0.3813
0.3679
0.3679
0.3798
0.3739
0.3777
0.3849
0.3949
0.3863
0.3728
0.3681
0.3876
0.3729
0.3787
0.3807
0.3804
0.3653
0.3784
0.3779
0.3811
0.3753
0.375
0.379
0.3922
0.3848
0.3865
0.3798
0.3853
0.3807
0.3822
0.3863
0.3798
0.3808
0.3776
0.3966
0.3585
0.3686
0.3768
0.3866
0.3893
0.3658
0.3845
0.3714
0.3848
0.377
0.3804
0.3824
0.3724
0.3666
0.3708
0.3924
0.3697
0.3712
0.3768
0.3797
0.3552
0.387
0.3776
0.3847
0.3786
0.3681
0.3918
0.3604
0.3752
0.3823
0.3779
0.3769
0.3906
0.3674
0.3836
0.3555
0.3823
0.383
0.3635
0.3812
0.3667
0.3748
0.3711
0.3749
0.3972
0.3901
0.3545
0.3797
0.3749
0.3805
0.3779
0.3852
0.3854
0.3729
0.3798
0.3804
0.3833
0.3808
0.3723
0.3859
0.3829
0.3802
0.3677
0.3735
0.3865
0.3845
0.3748
0.3766
0.3787
0.364
0.3887
0.3557
0.3599
0.387
0.3778
0.3823
0.3796
0.3845
0.3825
0.3778
0.3823
0.3859
0.3734
0.3812
0.3814
0.3761
0.3712
0.3747
0.3667
0.3785
0.3902
0.3678
0.3808
0.3653
0.3745
0.3795
0.3741
0.3758
0.3808
0.3585
0.3665
0.3843
0.3765
0.3716
0.3797
0.3729
0.3808
0.3721
0.3886
0.368
0.3785
0.3857
0.3835
0.3693
0.3867
0.3773
0.3821
0.392
0.368
0.374
0.3654
0.3723
0.3843
0.3822
0.3779
0.3836
0.3784
0.3742
0.3623
0.3702
0.3745
0.3699
0.3986
0.3859
0.3689
0.3791
0.383
0.3727
0.3777
0.3759
0.3718
0.3749
0.376
0.3997
0.3742
0.3719
0.3728
0.3775
0.38
0.3798
0.3752
0.3866
0.3749
0.3789
0.3808
0.3748
0.3676
0.3867
0.3752
0.3784
0.3815
0.3851
0.38
0.3654
0.3864
0.3747
0.3797
0.3782
0.3801
0.3756
0.3753
0.3851
0.377
0.3633
0.3888
0.3749
0.3667
0.3548
0.3699
0.3681
0.3739
0.3825
0.3872
0.3796
0.3834
0.3872
0.3737
0.3784
0.3872
0.3628
0.3761
0.3795
0.3742
0.3781
0.3656
0.3791
0.3769
0.3731
0.3681
0.3969
0.3683
0.356
0.3757
0.3796
0.3908
0.3633
0.3731
0.376
0.3795
0.3848
0.3653
0.3755
0.382
0.3715
0.3621
0.3637
0.3827
0.3609
0.3729
0.3831
0.3802
0.3951
0.3764
0.379
0.3672
0.3748
0.3978
0.3857
0.374
0.3829
0.3624
0.3852
0.387
0.3648
0.3702
0.3691
0.3783
0.3806
0.3682
0.3658
0.3889
0.3629
0.3904
0.3778
0.3744
0.3657
0.3726
0.3751
0.3784
0.3699
0.3892
0.3847
0.3801
0.3821
0.3792
0.3776
0.3918
0.3791
0.3782
0.3554
0.3842
0.3729
0.3833
0.3634
0.3854
0.3823
0.3839
0.3593
0.3785
0.3652
0.3591
0.3816
0.3979
0.3752
0.3827
0.3818
0.3856
0.3787
0.3839
0.3702
0.3792
0.374
0.3836
0.3853
0.3954
0.3641
0.3832
0.3837
0.3728
0.3659
0.3636
0.3749
0.384
0.3688
0.381
0.3769
0.3634
0.3752
0.3844
0.3739
0.3755
0.3727
0.3819
0.371
0.3829
0.386
0.3816
0.3805
0.3944
0.3785
0.3777
0.3634
0.3772
0.3723
0.384
0.3646
0.3682
0.3767
0.3716
0.3779
0.3683
0.3751
0.3831
0.3902
0.3879
0.3836
0.3876
0.3719
0.3716
0.3809
0.3832
0.3941
0.3845
0.3795
0.378
0.3805
0.3823
0.3768
0.3872
0.3712
0.3802
0.3744
0.3832
0.379
0.3785
0.3717
0.3871
0.3667
0.3608
0.3712
0.3747
0.369
0.3862
0.3792
0.3705
0.3757
0.3862
0.3888
0.376
0.3807
0.3596
0.3811
0.3723
0.3829
0.3791
0.3856
0.3784
0.3788
0.3818
0.3721
0.3621
0.3697
0.396
0.3784
0.3798
0.3946
0.3722
0.3834
0.3793
0.3717
0.3692
0.3786
0.3801
0.3673
0.3569
0.3813
0.3981
0.3805
0.3897
0.3706
0.3954
0.3825
0.3877
0.3841
0.3909
0.3746
0.3703
0.3792
0.393
0.3846
0.3846
0.3891
0.377
0.3798
0.3969
0.3802
0.3716
0.3754
0.3979
0.3785
0.3795
0.3717
0.3778
0.3764
0.3791
0.3594
0.3671
0.3849
0.3847
0.3819
0.3866
0.3769
0.3853
0.3884
0.3576
0.3785
0.379
0.3713
0.3641
0.3882
0.376
0.3749
0.3824
0.3835
0.3812
0.3796
0.389
0.3752
0.3955
0.3938
0.3816
0.381
0.3992
0.3988
0.365
0.3861
0.3943
0.3797
0.3782
0.3914
0.3933
0.3969
0.3971
0.3988
0.3957
0.3833
0.3968
0.3756
0.3772
0.3983
0.3885
0.378
0.3725
0.3781
0.388
0.397
0.3916
0.3973
0.3787
0.3958
0.3879
0.3979
0.3984
0.3928
0.3948
0.3993
0.3965
0.3953
0.3984
0.3988
0.3975
0.3796
0.3947
0.3813
0.391
0.3969
0.3948
0.3974
0.3963
0.3943
0.3897
0.3973
0.3843
0.389
0.3987
0.3978
0.3985
0.3917
0.3845
0.3741
0.397
0.395
0.399
0.3818
0.3928
0.3893
0.3969
0.389
0.3902
0.3822
0.3983
0.3935
0.3977
0.3778
0.396
0.3966
0.3983
0.3656
0.3887
0.3754
0.3699
0.385
0.3927
0.3859
0.3802
0.3812
0.3972
0.3962
0.3993
0.3846
0.3977
0.3951
0.3966
0.3911
0.395
0.3776
0.3955
0.3988
0.3926
0.3871
0.3954
0.3987
0.3926
0.3915
0.3985
0.3962
0.3914
0.3964
0.3943
0.3981
0.3785
0.3968
0.3936
0.3945
0.3824
0.3989
0.3911
0.3746
0.3694
0.3983
0.3799
0.3856
0.3763
0.3976
0.3831
0.3956
0.3825
0.3971
0.3948
0.3795
0.3957
0.3842
0.3772
0.3981
0.3979
0.3845
0.3899
0.3932
0.3979
0.3704
0.394
0.3841
0.3939
0.3948
0.3941
0.3962
0.3978
0.3751
0.3939
0.3982
0.3709
0.3932
0.3841
0.3774
0.3788
0.3938
0.3932
0.3962
0.3956
0.3869
0.3832
0.3926
0.3925
0.3972
0.3916
0.3968
0.3963
0.3804
0.3956
0.3833
0.3972
0.3975
0.3979
0.3962
0.3821
0.3929
0.3981
0.3848
0.3955
0.3903
0.3877
0.3801
0.396
0.3939
0.3868
0.3775
0.3991
0.3982
0.3962
0.3793
0.395
0.3965
0.3953
0.3817
0.3946
0.397
0.3736
0.39
0.395
0.3955
0.3754
0.3973
0.3959
0.377
0.3715
0.3888
0.3848
0.3938
0.3958
0.3958
0.3954
0.3975
0.3748
0.3976
0.3921
0.398
0.3697
0.3882
0.3979
0.3949
0.3648
0.3811
0.396
0.3818
0.3892
0.3871
0.3864
0.3957
0.3958
0.3875
0.3983
0.3829
0.3949
0.3932
0.3824
0.3963
0.3891
0.3979
0.3939
0.3956
0.3897
0.3855
0.3937
0.3928
0.3972
0.3786
0.398
0.3953
0.3771
0.3983
0.387
0.3833
0.3835
0.3967
0.3874
0.3982
0.3784
0.3984
0.3978
0.3855
0.397
0.398
0.3832
0.3767
0.3991
0.3966
0.3955
0.3957
0.3955
0.3923
0.3985
0.3992
0.3956
0.3843
0.3782
0.3812
0.3958
0.3955
0.3826
0.3958
0.3897
0.3979
0.3973
0.3789
0.3897
0.3953
0.3988
0.3965
0.399
0.3791
0.3788
0.3969
0.3982
0.3934
0.3936
0.3894
0.3977
0.3829
0.3916
0.3898
0.3923
0.3862
0.3821
0.3967
0.3938
0.3899
0.3967
0.3983
0.3958
0.3922
0.3962
0.3949
0.3986
0.3966
0.3902
0.3974
0.382
0.3982
0.384
0.3704
0.3868
0.3982
0.3865
0.3988
0.395
0.3901
0.3906
0.3905
0.3948
0.3862
0.3785
0.3966
0.3813
0.3977
0.3918
0.3983
0.3924
0.3936
0.3685
0.3955
0.3879
0.3946
0.3914
0.3972
0.3959
0.3967
0.3755
0.3859
0.397
0.3951
0.3979
0.3843
0.3919
0.3973
0.3958
0.3882
0.3971
0.3835
0.3975
0.3982
0.3938
0.3986
0.3927
0.3822
0.3916
0.3842
0.3986
0.3949
0.3798
0.3849
0.3797
0.387
0.3968
0.3972
0.3986
0.3962
0.3759
0.3961
0.3964
0.3962
0.373
0.3714
0.3897
0.3932
0.3972
0.3935
0.397
0.3975
0.3882
0.3971
0.3833
0.3921
0.3976
0.3986
0.3959
0.3864
0.3869
0.3961
0.3916
0.3814
0.3971
0.3935
0.3992
0.3934
0.3982
0.3943
0.3976
0.3793
0.3947
0.3965
0.3901
0.383
0.3971
0.3699
0.3983
0.394
0.3983
0.3884
0.3884
0.3925
0.3914
0.3986
0.3955
0.3932
0.3915
0.3835
0.3956
0.3864
0.3919
0.3774
0.3893
0.3959
0.3969
0.3922
0.3948
0.3708
0.3967
0.3696
0.3968
0.3953
0.398
0.3983
0.394
0.3793
0.3815
0.3887
0.3986
0.3965
0.3742
0.3931
0.3978
0.3967
0.3838
0.3965
0.3951
0.3931
0.3955
0.3974
0.3826
0.3958
0.3838
0.3881
0.3927
0.3951
0.3926
0.3982
0.3967
0.3919
0.3961
0.3894
0.3877
0.3955
0.398
0.3805
0.3863
0.3985
0.3944
0.3988
0.3953
0.3781
0.3754
0.3951
0.385
0.3764
0.3927
0.3855
0.3872
0.3965
0.3798
0.3824
0.398
0.3982
0.3927
0.3822
0.3832
0.3898
0.397
0.3981
0.3722
0.3968
0.3837
0.3905
0.3757
0.3981
0.3964
0.3977
0.3951
0.3953
0.3948
0.3938
0.3994
0.3793
0.3952
0.3978
0.3899
0.3869
0.3947
0.3947
0.3989
0.3976
0.3899
0.3967
0.3948
0.3776
0.397
0.3916
0.3811
0.3759
0.3847
0.3957
0.3928
0.3936
0.3836
0.3892
0.3991
0.3996
0.3959
0.3979
0.3971
0.3835
0.389
0.3978
0.3976
0.3954
0.3904
0.3988
0.3912
0.3918
0.3953
0.3981
0.3875
0.3956
0.3963
0.3859
0.398
0.3911
0.3956
0.3953
0.3978
0.3953
0.3939
0.3948
0.3946
0.3948
0.3969
0.3941
0.3804
0.3939
0.3863
0.3879
0.3952
0.3983
0.3917
0.3834
0.3732
0.3902
0.3816
0.3972
0.3939
0.3963
0.385
0.3956
0.3793
0.3948
0.3928
0.394
0.3902
0.3765
0.3845
0.3864
0.3676
0.3816
0.3985
0.3877
0.3966
0.3718
0.3948
0.3946
0.3753
0.3798
0.3895
0.3969
0.3976
0.3924
0.3977
0.3933
0.3704
0.395
0.3964
0.3977
0.3915
0.3882
0.3966
0.3984
0.3928
0.3844
0.3874
0.399
0.378
0.3974
0.3899
0.3963
0.3865
0.398
0.3911
0.3988
0.3867
0.3954
0.3961
0.3771
0.3987
0.3915
0.3923
0.3851
0.398
0.3828
0.3794
0.3974
0.3799
0.3862
0.3975
0.3834
0.3968
0.381
0.3938
0.3986
0.3846
0.3899
0.3857
0.3959
0.3976
0.3985
0.3925
0.3952
0.3893
0.3907
0.3803
0.3979
0.3887
0.3879
0.3715
0.3975
0.3959
0.3772
0.3928
0.3898
0.396
0.3965
0.3972
0.3895
0.3875
0.3903
0.3937
0.3945
0.3972
0.3945
0.3952
0.3978
0.3755
0.3947
0.3825
0.399
0.3962
0.394
0.3978
0.3953
0.3983
0.3938
0.3602
0.3901
0.3894
0.3884
0.3983
0.3839
0.3973
0.3976
0.3945
0.3933
0.3731
0.3844
0.3852
0.3968
0.3766
0.3982
0.3901
0.399
0.3972
0.3872
0.3873
0.3944
0.3973
0.3977
0.3965
0.3928
0.3988
0.3861
0.3729
0.3988
0.3936
0.3946
0.3921
0.3821
0.3978
0.3924
0.3895
0.3913
0.3975
0.3971
0.3952
0.3911
0.3959
0.3851
0.3906
0.3874
0.395
0.3984
0.3814
0.3585
0.3787
0.3933
0.3715
0.3981
0.3913
0.3968
0.3885
0.3962
0.3894
0.3992
0.3975
0.3884
0.3939
0.3962
0.3918
0.3891
0.3822
0.3975
0.3968
0.3971
0.3849
0.3973
0.3676
0.3976
0.3981
0.39
0.3965
0.3876
0.3972
0.3967
0.3823
0.3943
0.3976
0.3778
0.3954
0.3971
0.3796
0.3966
0.3976
0.3905
0.3947
0.3904
0.3907
0.3947
0.3847
0.3974
0.3951
0.3972
0.3987
0.3811
0.3637
0.3974
0.3863
0.3946
0.3857
0.3884
0.3891
0.3974
0.3975
0.3971
0.3966
0.3855
0.3649
0.3955
0.3915
0.3974
0.3984
0.3917
0.382
0.398
0.3892
0.395
0.3945
0.3818
0.3957
0.3974
0.3988
0.399
0.3969
0.3979
0.3899
0.3897
0.3978
0.3751
0.3791
0.3927
0.3968
0.3832
0.3925
0.3739
0.3956
0.3942
0.3897
0.3801
0.3976
0.3858
0.3834
0.3865
0.3951
0.3881
0.3941
0.3895
0.3951
0.3971
0.3985
0.3796
0.396
0.398
0.3976
0.3859
0.394
0.3714
0.3971
0.3921
0.3948
0.3728
0.3925
0.3796
0.3704
0.3855
0.3899
0.3761
0.3943
0.3863
0.3977
0.3682
0.3903
0.3879
0.3892
0.3797
0.3923
0.3954
0.388
0.3955
0.3935
0.3968
0.3896
0.377
0.3758
0.3977
0.3926
0.3977
0.3804
0.3927
0.3991
0.3883
0.3926
0.3984
0.3904
0.3956
0.3874
0.3977
0.3981
0.3931
0.3959
0.3894
0.3991
0.378
0.3959
0.3802
0.3958
0.3935
0.3847
0.3833
0.3961
0.3919
0.3982
0.3783
0.3919
0.3828
0.3641
0.3842
0.3847
0.3803
0.3768
0.3934
0.3964
0.3795
0.3858
0.3962
0.3969
0.3816
0.3805
0.3948
0.3808
0.3951
0.3835
0.3949
0.393
0.3922
0.3935
0.3735
0.3951
0.3955
0.3983
0.3926
0.3969
0.3962
0.3896
0.3923
0.3797
0.3944
0.3865
0.3867
0.3973
0.3757
0.3938
0.3835
0.3988
0.3959
0.3935
0.3962
0.3963
0.3875
0.3848
0.39
0.3968
0.3867
0.3971
0.3883
0.3949
0.3958
0.3963
0.3967
0.3844
0.3971
0.3985
0.3914
0.3858
0.39
0.3956
0.3907
0.3903
0.3783
0.3974
0.3979
0.399
0.3856
0.3969
0.384
0.3931
0.3823
0.3979
0.3869
0.3972
0.3934
0.3915
0.3986
0.3798
0.3806
0.3924
0.3986
0.3978
0.3803
0.3982
0.3942
0.3978
0.388
0.395
NA
NA
NA
NA
NA
NA
NA
NA
NA
NA
NA
NA
NA
NA
NA
NA
NA
NA
NA
NA
NA
NA
NA
NA
NA
NA
NA
NA
NA
NA
NA
NA
NA
NA
NA
NA
NA
NA
NA
NA
NA
NA
NA
NA
NA
NA
NA
NA
NA
NA
NA
NA
NA
NA
NA
NA
NA
NA
NA
NA
NA
NA
NA
NA
NA
NA
NA
NA
NA
NA
NA
NA
NA
NA
NA
NA
NA
NA
NA
NA
NA
NA
NA
NA
NA
NA
NA
NA
NA
NA
NA
NA
NA
NA
NA
NA
NA
NA
NA
NA
NA
NA
NA
NA
NA
NA
NA
NA
NA
NA
NA
NA
NA
NA
NA
NA
NA
NA
NA
NA
NA
NA
NA
NA
NA
NA
NA
NA
NA
NA
NA
NA
NA
NA
NA
NA
NA
NA
NA
NA
NA
NA
NA
NA
NA
NA
NA
NA
NA
NA
NA
NA
NA
NA
NA
NA
NA
NA
NA
NA
NA
NA
NA
NA
NA
NA
NA
NA
NA
NA
NA
NA
NA
NA
NA
NA
NA
NA
NA
NA
NA
NA
NA
NA
NA
NA
NA
NA
NA
NA
NA
NA
NA
NA
NA
NA
NA
NA
NA
NA
NA
NA
NA
NA
NA
NA
NA
NA
NA
NA
NA
NA
NA
NA
NA
NA
NA
NA
NA
NA
NA
NA
NA
NA
NA
NA
NA
NA
NA
NA
NA
NA
NA
NA
NA
NA
NA
NA
NA
NA
NA
NA
NA
NA
NA
NA
NA
NA
NA
NA
NA
NA
NA
NA
NA
NA
NA
NA
NA
NA
NA
NA
NA
NA
NA
NA
NA
NA
NA
NA
NA
NA
NA
NA
NA
NA
NA
NA
NA
NA
NA
NA
NA
NA
NA
NA
NA
NA
NA
NA
NA
NA
NA
NA
NA
NA
NA
NA
NA
NA
NA
NA
NA
NA
NA
NA
NA
NA
NA
NA
NA
NA
NA
NA
NA
NA
NA
NA
NA
NA
NA
NA
NA
NA
NA
NA
NA
NA
NA
NA
NA
NA
NA
NA
NA
NA
NA
NA
NA
NA
NA
NA
NA
NA
NA
NA
NA
NA
NA
NA
NA
NA
NA
NA
NA
NA
NA
NA
NA
NA
NA
NA
NA
NA
NA
NA
NA
NA
NA
NA
NA
NA
NA
NA
NA
NA
NA
NA
NA
NA
NA
NA
NA
NA
NA
NA
NA
NA
NA
NA
NA
NA
NA
NA
NA
NA
NA
NA
NA
NA
NA
NA
NA
NA
NA
NA
NA
NA
NA
NA
NA
NA
NA
NA
NA
NA
NA
NA
NA
NA
NA
NA
NA
NA
NA
NA
NA
NA
NA
NA
NA
NA
NA
NA
NA
NA
NA
NA
NA
NA
NA
NA
NA
NA
NA
NA
NA
NA
NA
NA
NA
NA
NA
NA
NA
NA
NA
NA
NA
NA
NA
NA
NA
NA
NA
NA
NA
NA
NA
NA
NA
NA
NA
NA
NA
NA
NA
NA
NA
NA
NA
NA
NA
NA
NA
NA
NA
NA
NA
NA
NA
NA
NA
NA
NA
NA
NA
NA
NA
NA
NA
NA
NA
NA
NA
NA
NA
NA
NA
NA
NA
NA
NA
NA
NA
NA
NA
NA
NA
NA
NA
NA
NA
NA
NA
NA
NA
NA
NA
NA
NA
NA
NA
NA
NA
NA
NA
NA
NA
NA
NA
NA
NA
NA
NA
NA
NA
NA
NA
NA
NA
NA
NA
NA
NA
NA
NA
NA
NA
NA
NA
NA
NA
NA
NA
NA
NA
NA
NA
NA
NA
NA
NA
NA
NA
NA
NA
NA
NA
NA
NA
NA
NA
NA
NA
NA
NA
NA
NA
NA
NA
NA
NA
NA
NA
NA
NA
NA
NA
NA
NA
NA
NA
NA
NA
NA
NA
NA
NA
NA
NA
NA
NA
NA
NA
NA
NA
NA
NA
NA
NA
NA
NA
NA
NA
NA
NA
NA
NA
NA
NA
NA
NA
NA
NA
NA
NA
NA
NA
NA
NA
NA
NA
NA
NA
NA
NA
NA
NA
NA
NA
NA
NA
NA
NA
NA
NA
NA
NA
NA
NA
NA
NA
NA
NA
NA
NA
NA
NA
NA
NA
NA
NA
NA
NA
NA
NA
NA
NA
NA
NA
NA
NA
NA
NA
NA
NA
NA
NA
NA
NA
NA
NA
NA
NA
NA
NA
NA
NA
NA
NA
NA
NA
NA
NA
NA
NA
NA
NA
NA
NA
NA
NA
NA
NA
NA
NA
NA
NA
NA
NA
NA
NA
NA
NA
NA
NA
NA
NA
NA
NA
NA
NA
NA
NA
NA
NA
NA
NA
NA
NA
NA
NA
NA
NA
NA
NA
NA
NA
NA
NA
NA
NA
NA
NA
NA
NA
NA
NA
NA
NA
NA
NA
NA
NA
NA
NA
NA
NA
NA
NA
NA
NA
NA
NA
NA
NA
NA
NA
NA
NA
NA
NA
NA
NA
NA
NA
NA
NA
NA
NA
NA
NA
NA
NA
NA
NA
NA
NA
NA
NA
NA
NA
NA
NA
NA
NA
NA
NA
NA
NA
NA
NA
NA
NA
NA
NA
NA
NA
NA
NA
NA
NA
NA
NA
NA
NA
NA
NA
NA
NA
NA
NA
NA
NA
NA
NA
NA
NA
NA
NA
NA
NA
NA
NA
NA
NA
NA
NA
NA
NA
NA
NA
NA
NA
NA
NA
NA
NA
NA
NA
NA
NA
NA
NA
NA
NA
NA
NA
NA
NA
NA
NA
NA
NA
NA
NA
NA
NA
NA
NA
NA
NA
NA
NA
NA
NA
NA
NA
NA
NA
NA
NA
NA
NA
NA
NA
NA
NA
NA
NA
NA
NA
NA
NA
NA
NA
NA
NA
NA
NA
NA
NA
NA
NA
NA
NA
NA
NA
NA
NA
NA
NA
NA
NA
NA
NA
NA
NA
NA
NA
NA
NA
NA
NA
NA
NA
NA
NA
NA
NA
NA
NA
NA
NA
NA
NA
NA
NA
NA
NA
NA
NA
NA
NA
NA
NA
NA
NA
NA
NA
NA
NA
NA
NA
NA
NA
NA
NA
NA
NA
NA
NA
NA
NA
NA
NA
NA
NA
NA
NA
NA
NA
NA
NA
NA
NA
NA
NA
NA
NA
NA
NA
NA
NA
NA
NA
NA
NA
NA
NA
NA
NA
NA
NA
NA
NA
NA
NA
NA
NA
NA
NA
NA
NA
NA
NA
NA
NA
NA
NA
NA
NA
NA
NA
NA
NA
NA
NA
NA
NA
NA
NA
NA
NA
NA
NA
NA
NA
NA
NA
NA
NA
NA
NA
NA
NA
NA
NA
NA
NA
NA
NA
NA
NA
NA
NA
NA
NA
NA
NA
NA
NA
NA
NA
NA
NA
NA
NA
NA
NA
NA
NA
NA
NA
NA
NA
NA
NA
NA
NA
NA
NA
NA
NA
NA
NA
NA
NA
NA
NA
NA
NA
NA
NA
NA
NA
NA
NA
NA
NA
NA
NA
NA
NA
NA
NA
NA
NA
NA
NA
NA
NA
NA
NA
NA
NA
NA
NA
NA
NA
NA
NA
NA
NA
NA
NA
NA
NA
NA
NA
NA
NA
NA
NA
NA
NA
NA
NA
NA
NA
NA
NA
NA
NA
NA
NA
NA
NA
NA
NA
NA
NA
NA
NA
NA
NA
NA
NA
NA
NA
NA
NA
NA
NA
NA
NA
NA
NA
NA
NA
NA
NA
NA
NA
NA
NA
NA
NA
NA
NA
NA
NA
NA
NA
NA
NA
NA
NA
NA
NA
NA
NA
NA
NA
NA
NA
NA
NA
NA
NA
NA
NA
NA
NA
NA
NA
NA
NA
NA
NA
NA
NA
NA
NA
NA
NA
NA
NA
NA
NA
NA
NA
NA
NA
NA
NA
NA
NA
NA
NA
NA
NA
NA
NA
NA
NA
NA
NA
NA
NA
NA
NA
NA
NA
NA
NA
NA
NA
NA
NA
NA
NA
NA
NA
NA
NA
NA
NA
NA
NA
NA
NA
NA
NA
NA
NA
NA
NA
NA
NA
NA
NA
NA
NA
NA
NA
NA
NA
NA
NA
NA
NA
NA
NA
NA
NA
NA
NA
NA
NA
NA
NA
NA
NA
NA
NA
NA
NA
NA
NA
NA
NA
NA
NA
NA
NA
NA
NA
NA
NA
NA
NA
NA
NA
NA
NA
NA
NA
NA
NA
NA
NA
NA
NA
NA
NA
NA
NA
NA
NA
NA
NA
NA
NA
NA
NA
NA
NA
NA
NA
NA
NA
NA
NA
NA
NA
NA
NA
NA
NA
NA
NA
NA
NA
NA
NA
NA
NA
NA
NA
NA
NA
NA
NA
NA
NA
NA
NA
NA
NA
NA
NA
NA
NA
NA
NA
NA
NA
NA
NA
NA
NA
NA
NA
NA
NA
NA
NA
NA
NA
NA
NA
NA
NA
NA
NA
NA
NA
NA
NA
NA
NA
NA
NA
NA
NA
NA
NA
NA
NA
NA
NA
NA
NA
NA
NA
NA
NA
NA
NA
NA
NA
NA
NA
NA
NA
NA
NA
NA
NA
NA
NA
NA
NA
NA
NA
NA
NA
NA
NA
NA
NA
NA
NA
NA
NA
NA
NA
NA
NA
NA
NA
NA
NA
NA
NA
NA
NA
NA
NA
NA
NA
NA
NA
NA
NA
NA
NA
NA
NA
NA
NA
NA
NA
NA
NA
NA
NA
NA
NA
NA
NA
NA
NA
NA
NA
NA
NA
NA
NA
NA
NA
NA
NA
NA
NA
NA
NA
NA
NA
NA
NA
NA
NA
NA
NA
NA
NA
NA
NA
NA
NA
NA
NA
NA
NA
NA
NA
NA
NA
NA
NA
NA
NA
NA
NA
NA
NA
NA
NA
NA
NA
NA
NA
NA
NA
NA
NA
NA
NA
NA
NA
NA
NA
NA
NA
NA
NA
NA
NA
NA
NA
NA
NA
NA
NA
NA
NA
NA
NA
NA
NA
NA
NA
NA
NA
NA
NA
NA
NA
NA
NA
NA
NA
NA
NA
NA
NA
NA
NA
NA
NA
NA
NA
NA
NA
NA
NA
NA
NA
NA
NA
NA
NA
NA
NA
NA
NA
NA
NA
NA
NA
NA
NA
NA
NA
NA
NA
NA
NA
NA
NA
NA
NA
NA
NA
NA
NA
NA
NA
NA
NA
NA
NA
NA
NA
NA
NA
NA
NA
NA
NA
NA
NA
NA
NA
NA
NA
NA
NA
NA
NA
NA
NA
NA
NA
NA
NA
NA
NA
NA
NA
NA
NA
NA
NA
NA
NA
NA
NA
NA
NA
NA
NA
NA
NA
NA
NA
NA
NA
NA
NA
NA
NA
NA
NA
NA
NA
NA
NA
NA
NA
NA
NA
NA
NA
NA
NA
NA
NA
NA
NA
NA
NA
NA
NA
NA
NA
NA
NA
NA
NA
NA
NA
NA
NA
NA
NA
NA
NA
NA
NA
NA
NA
NA
NA
NA
NA
NA
NA
NA
NA
NA
NA
NA
NA
NA
NA
NA
NA
NA
NA
NA
NA
NA
NA
NA
NA
NA
NA
NA
NA
NA
NA
NA
NA
NA
NA
NA
NA
NA
NA
NA
NA
NA
NA
NA
NA
NA
NA
NA
NA
NA
NA
NA
NA
NA
NA
NA
NA
NA
NA
NA
NA
NA
NA
NA
NA
NA
NA
NA
NA
NA
NA
NA
NA
NA
NA
NA
NA
NA
NA
NA
NA
NA
NA
NA
NA
NA
NA
NA
NA
NA
NA
NA
NA
NA
NA
NA
NA
NA
NA
NA
NA
NA
NA
NA
NA
NA
NA
NA
NA
NA
NA
NA
NA
NA
NA
NA
NA
NA
NA
NA
NA
NA
NA
NA
NA
NA
NA
NA
NA
NA
NA
NA
NA
NA
NA
NA
NA
NA
NA
NA
NA
NA
NA
NA
NA
NA
NA
NA
NA
NA
NA
NA
NA
NA
NA
NA
NA
NA
NA
NA
NA
NA
NA
NA
NA
NA
NA
NA
NA
NA
NA
NA
NA
NA
NA
NA
NA
NA
NA
NA
NA
NA
NA
NA
NA
NA
NA
NA
NA
NA
NA
NA
NA
NA
NA
NA
NA
NA
NA
NA
NA
NA
NA
NA
NA
NA
NA
NA
NA
NA
NA
NA
NA
NA
NA
NA
NA
NA
NA
NA
NA
NA
NA
NA
NA
NA
NA
NA
NA
NA
NA
NA
NA
NA
NA
NA
NA
NA
NA
NA
NA
NA
NA
NA
NA
NA
NA
NA
NA
NA
NA
NA
NA
NA
NA
NA
NA
NA
NA
NA
NA
NA
NA
NA
NA
NA
NA
NA
NA
NA
NA
NA
NA
NA
NA
NA
NA
NA
NA
NA
NA
NA
NA
NA
NA
NA
NA
NA
NA
NA
NA
NA
NA
NA
NA
NA
NA
NA
NA
NA
NA
NA
NA
NA
NA
NA
NA
NA
NA
NA
NA
NA
NA
NA
NA
NA
NA
NA
NA
NA
NA
NA
NA
NA
NA
NA
NA
NA
NA
NA
NA
NA
NA
NA
NA
NA
NA
NA
NA
NA
NA
NA
NA
NA
NA
NA
NA
NA
NA
NA
NA
NA
NA
NA
NA
NA
NA
NA
NA
NA
NA
NA
NA
NA
NA
NA
NA
NA
NA
NA
NA
NA
NA
NA
NA
NA
NA
NA
NA
NA
NA
NA
NA
NA
NA
NA
NA
NA
NA
NA
NA
NA
NA
NA
NA
NA
NA
NA
NA
NA
NA
NA
NA
NA
NA
NA
NA
NA
NA
NA
NA
NA
NA
NA
NA
NA
NA
NA
NA
NA
NA
NA
NA
NA
NA
NA
NA
NA
NA
NA
NA
NA
NA
NA
NA
NA
NA
NA
NA
NA
NA
NA
NA
NA
NA
NA
NA
NA
NA
NA
NA
NA
NA
NA
NA
NA
NA
NA
NA
NA
NA
NA
NA
NA
NA
NA
NA
NA
NA
NA
NA
NA
NA
NA
NA
NA
NA
NA
NA
NA
NA
NA
NA
NA
NA
NA
NA
NA
NA
NA
NA
NA
NA
NA
NA
NA
NA
NA
NA
NA
NA
NA
NA
NA
NA
NA
NA
NA
NA
NA
NA
NA
NA
NA
NA
NA
NA
NA
NA
NA
NA
NA
NA
NA
NA
NA
NA
NA
NA
NA
NA
NA
NA
NA
NA
NA
NA
NA
NA
NA
NA
NA
NA
NA
NA
NA
NA
NA
NA
NA
NA
NA
NA
NA
NA
NA
NA
NA
NA
NA
NA
NA
NA
NA
NA
NA
NA
NA
NA
NA
NA
NA
NA
NA
NA
NA
NA
NA
NA
NA
NA
NA
NA
NA
NA
NA
NA
NA
NA
NA
NA
NA
NA
NA
NA
NA
NA
NA
NA
NA
NA
NA
NA
NA
NA
NA
NA
NA
NA
NA
NA
NA
NA
NA
NA
NA
NA
NA
NA
NA
NA
NA
NA
NA
NA
NA
NA
NA
NA
NA
NA
NA
NA
NA
NA
NA
NA
NA
NA
NA
NA
NA
NA
NA
NA
NA
NA
NA
NA
NA
NA
NA
NA
NA
NA
NA
NA
NA
NA
NA
NA
NA
NA
NA
NA
NA
NA
NA
NA
NA
NA
NA
NA
NA
NA
NA
NA
NA
NA
NA
NA
NA
NA
NA
NA
NA
NA
NA
NA
NA
NA
NA
NA
NA
NA
NA
NA
NA
NA
NA
NA
NA
NA
NA
NA
NA
NA
NA
NA
NA
NA
NA
NA
NA
NA
NA
NA
NA
NA
NA
NA
NA
NA
NA
NA
NA
NA
NA
NA
NA
NA
NA
NA
NA
NA
NA
NA
NA
NA
NA
NA
NA
NA
NA
NA
NA
NA
NA
NA
NA
NA
NA
NA
NA
NA
NA
NA
NA
NA
NA
NA
NA
NA
NA
NA
NA
NA
NA
NA
NA
NA
NA
NA
NA
NA
NA
NA
NA
NA
NA
NA
NA
NA
NA
NA
NA
NA
NA
NA
NA
NA
NA
NA
NA
NA
NA
NA
NA
NA
NA
NA
NA
NA
NA
NA
NA
NA
NA
NA
NA
NA
NA
NA
NA
NA
NA
NA
NA
NA
NA
NA
NA
NA
NA
NA
NA
NA
NA
NA
NA
NA
NA
NA
NA
NA
NA
NA
NA
NA
NA
NA
NA
NA
NA
NA
NA
NA
NA
NA
NA
NA
NA
NA
NA
NA
NA
NA
NA
NA
NA
NA
NA
NA
NA
NA
NA
NA
NA
NA
NA
NA
NA
NA
NA
NA
NA
NA
NA
NA
NA
NA
NA
NA
NA
NA
NA
NA
NA
NA
NA
NA
NA
NA
NA
NA
NA
NA
NA
NA
NA
NA
NA
NA
NA
NA
NA
NA
NA
NA
NA
NA
NA
NA
NA
NA
NA
NA
NA
NA
NA
NA
NA
NA
NA
NA
NA
NA
NA
NA
NA
NA
NA
NA
NA
NA
NA
NA
NA
NA
NA
NA
NA
NA
NA
NA
NA
NA
NA
NA
NA
NA
NA
NA
NA
NA
NA
NA
NA
NA
NA
NA
NA
NA
NA
NA
NA
NA
NA
NA
NA
NA
NA
NA
NA
NA
NA
NA
NA
NA
NA
NA
NA
NA
NA
NA
NA
NA
NA
NA
NA
NA
NA
NA
NA
NA
NA
NA
NA
NA
NA
NA
NA
NA
NA
NA
NA
NA
NA
NA
NA
NA
NA
NA
NA
NA
NA
NA
NA
NA
NA
NA
NA
NA
NA
NA
NA
NA
NA
NA
NA
NA
NA
NA
NA
NA
NA
NA
NA
NA
NA
NA
NA
NA
NA
NA
NA
NA
NA
NA
NA
NA
NA
NA
NA
NA
NA
NA
NA
NA
NA
NA
NA
NA
NA
NA
NA
NA
NA
NA
NA
NA
NA
NA
NA
NA
NA
NA
NA
NA
NA
NA
NA
NA
NA
NA
NA
NA
NA
NA
NA
NA
NA
NA
NA
NA
NA
NA
NA
NA
NA
NA
NA
NA
NA
NA
NA
NA
NA
NA
NA
NA
NA
NA
NA
NA
NA
NA
NA
NA
NA
NA
NA
NA
NA
NA
NA
NA
NA
NA
NA
NA
NA
NA
NA
NA
NA
NA
NA
NA
NA
NA
NA
NA
NA
NA
NA
NA
NA
NA
NA
NA
NA
NA
NA
NA
NA
NA
NA
NA
NA
NA
NA
NA
NA
NA
NA
NA
NA
NA
NA
NA
NA
NA
NA
NA
NA
NA
NA
NA
NA
NA
NA
NA
NA
NA
NA
NA
NA
NA
NA
NA
NA
NA
NA
NA
NA
NA
NA
NA
NA
NA
NA
NA
NA
NA
NA
NA
NA
NA
NA
NA
NA
NA
NA
NA
NA
NA
NA
NA
NA
NA
NA
NA
NA
NA
NA
NA
NA
NA
NA
NA
NA
NA
NA
NA
NA
NA
NA
NA
NA
NA
NA
NA
NA
NA
NA
NA
NA
NA
NA
NA
NA
NA
NA
NA
NA
NA
NA
NA
NA
NA
NA
NA
NA
NA
NA
NA
NA
NA
NA
NA
NA
NA
NA
NA
NA
NA
NA
NA
NA
NA
NA
NA
NA
NA
NA
0.5405
0.3907
0.2654
0.4589
0.4375
0.2899
0.2949
0.4968
0.4793
0.3643
0.3684
0.3586
0.2822
0.3373
0.4564
0.3776
0.3553
0.2102
0.3278
0.303
0.462
0.4755
0.2659
0.3423
0.5349
0.4022
0.4681
0.3883
0.2711
0.2836
0.1802
0.5214
0.4867
0.3368
0.3491
0.3333
0.4129
0.5734
0.3077
0.4335
0.2338
0.493
0.2359
0.3187
0.5677
0.6051
0.3412
0.3646
0.3392
0.3226
0.3548
0.3393
0.4342
0.5286
0.4101
0.3604
0.1792
0.3394
0.3333
0.4968
0.3141
0.4332
0.3793
0.3933
0.2841
0.36
0.375
0.3704
0.4451
0.443
0.4414
0.5163
0.3333
0.529
0.3941
0.4021
0.5476
0.3081
0.2993
0.4422
0.4472
0.4138
0.5145
0.441
0.4699
0.3713
0.373
0.5217
0.3674
0.2898
0.3575
0.2841
0.4294
0.3799
0.3986
0.3487
0.4621
0.4356
0.3989
0.4451
0.2825
0.414
0.4354
0.3566
0.3383
0.4684
0.3727
0.2995
0.4228
0.592
0.4437
0.3815
0.6202
0.4724
0.2848
0.3882
0.3979
0.3457
0.3704
0.3618
0.3916
0.5882
0.2663
0.3373
0.3333
0.5188
0.2488
0.5482
0.3247
0.3772
0.3351
0.3279
0.329
0.2781
0.4233
0.3841
0.2632
0.2383
0.2775
0.3468
0.4085
0.4162
0.3373
0.3091
0.343
0.5984
0.3908
0.5786
0.3871
0.3167
0.5664
0.2952
0.4236
0.4615
0.4777
0.3988
0.4172
0.4583
0.2147
0.5153
0.3333
0.3693
0.4172
0.3911
0.3717
0.5414
0.275
0.3557
0.297
0.3882
0.551
0.2963
0.5473
0.4085
0.4379
0.4734
0.3356
0.5541
0.6506
0.3333
0.4577
0.3369
0.4586
0.2843
0.3169
0.3596
0.5423
0.2988
0.367
0.2487
0.5214
0.2704
0.3553
0.3526
0.25
0.3864
0.3182
0.356
0.4935
0.4121
0.4
0.3926
0.2955
0.4808
0.2632
0.4397
0.5949
0.6288
0.6687
0.3677
0.3709
0.3862
0.4615
0.2981
0.2864
0.414
0.2785
0.3427
0.3172
0.3153
0.411
0.5621
0.3885
0.6711
0.4481
0.4211
0.2967
0.3145
0.2818
0.4331
0.3919
0.4152
0.3138
0.2517
0.4845
0.4145
0.3989
0.465
0.4172
0.28
0.4416
0.4651
0.3293
0.3657
0.6304
0.3567
0.3947
0.4207
0.3452
0.2041
0.3661
0.4641
0.4103
0.3273
0.3791
0.3706
0.3552
0.2907
0.2857
0.4359
0.3155
0.4082
0.3879
0.2804
0.6713
0.4
0.4848
0.2312
0.2941
0.4118
0.3446
0.4
0.4207
0.3713
0.2043
0.2389
0.3916
0.5676
0.369
0.5076
0.3554
0.4375
0.4485
0.4303
0.2732
0.3128
0.3235
0.2473
0.2527
0.4497
0.4697
0.3067
0.2638
0.4278
0.2791
0.3497
0.2701
0.4122
0.4667
0.4025
0.3953
0.3232
0.4693
0.3585
0.3793
0.3926
0.3598
0.3186
0.4575
0.3576
0.375
0.3691
0.4295
0.2781
0.4392
0.3226
0.292
0.2865
0.3094
0.3631
0.3688
0.3885
0.5306
0.3184
0.4177
0.3402
0.3457
0.3081
0.4351
0.3375
0.5923
0.2703
0.374
0.3182
0.3051
0.3892
0.3068
0.3812
0.2529
0.42
0.482
0.5161
0.23
0.3134
0.2994
0.3333
0.3311
0.3135
0.3515
0.4479
0.4012
0.3926
0.3812
0.3824
0.52
0.2079
0.5034
0.3497
0.3831
0.3397
0.46
0.3171
0.3176
0.4972
0.3552
0.4672
0.3647
0.3312
0.5192
0.4098
0.269
0.3801
0.4458
0.3949
0.2663
0.4494
0.2821
0.3862
0.4706
0.5556
0.5886
0.3988
0.3427
0.5612
0.4056
0.3876
0.3353
0.3864
0.3314
0.3418
0.2872
0.3631
0.3512
0.4239
0.3204
0.343
0.2604
0.2963
0.4255
0.5294
0.2723
0.5621
0.2363
0.2849
0.3235
0.2835
0.4
0.2814
0.4718
0.3253
0.5389
0.2658
0.3224
0.6607
0.3836
0.5352
0.3988
0.2289
0.2595
0.3886
0.2816
0.3711
0.35
0.3203
0.3618
0.3911
0.2778
0.3298
0.4
0.3081
0.3493
0.4558
0.4107
0.4578
0.3782
0.3632
0.3315
0.36
0.5103
0.3294
0.4675
0.3216
0.259
0.5
0.3576
0.2642
0.4545
0.4615
0.3182
0.3652
0.3885
0.3374
0.3377
0.3899
0.25
0.3916
0.323
0.3352
0.2611
0.3929
0.3046
0.3386
0.2324
0.521
0.3514
0.5103
0.3125
0.1976
0.4803
0.239
0.432
0.3314
0.2941
0.5364
0.4932
0.4061
0.2649
0.2994
0.3455
0.4756
0.3559
0.3086
0.3933
0.4643
0.4444
0.3827
0.4392
0.2753
0.4828
0.4726
0.3205
0.5
0.5
0.2456
0.3356
0.2584
0.4559
0.414
0.3439
0.3185
0.5512
0.3377
0.3526
0.3571
0.3242
0.5679
0.3516
0.3043
0.46
0.3444
0.2819
0.2994
0.383
0.2744
0.2819
0.4295
0.3333
0.274
0.3564
0.3626
0.3141
0.2961
0.2044
0.3656
0.3072
0.4693
0.5375
0.4091
0.375
0.4497
0.4444
0.3605
0.4151
0.3029
0.3602
0.5032
0.6257
0.2952
0.372
0.254
0.2408
0.2768
0.3054
0.3919
0.4058
0.4099
0.3529
0.3188
0.4118
0.4181
0.244
0.4731
0.2932
0.4859
0.3207
0.3081
0.352
0.3252
0.2262
0.3855
0.4161
0.2699
0.3316
0.4074
0.3869
0.3095
0.4035
0.2604
0.454
0.2905
0.366
0.3373
0.255
0.4
0.2965
0.2792
0.441
0.4037
0.4533
0.3353
0.3593
0.3533
0.2818
0.5685
0.2532
0.4733
0.2952
0.4035
0.3646
0.3481
0.4437
0.3665
0.3441
0.4536
0.3216
0.2722
0.4924
0.2857
0.6438
0.4011
0.3701
0.4052
0.3643
0.4011
0.3653
0.474
0.3395
0.2308
0.2472
0.4783
0.3602
0.4326
0.309
0.3371
0.2919
0.3252
0.3046
0.3207
0.3314
0.2686
0.3317
0.3879
0.3714
0.3506
0.298
0.3973
0.3413
0.5586
0.2876
0.3567
0.3645
0.3284
0.3679
0.3114
0.6139
0.518
0.4938
0.4151
0.3309
0.4788
0.3484
0.2381
0.3986
0.2795
0.36
0.3457
0.3355
0.274
0.4932
0.4386
0.3659
0.3675
0.3258
0.4027
0.3816
0.3716
0.4881
0.3763
0.3533
0.3194
0.4096
0.4115
0.5
0.4465
0.2381
0.38
0.454
0.2398
0.3736
0.3642
0.3135
0.3092
0.4564
0.4568
0.4737
0.2639
0.4146
0.2971
0.3855
0.2597
0.2784
0.3663
0.3476
0.3925
0.539
0.2131
0.3203
0.3091
0.2437
0.3315
0.3631
0.5957
0.3861
0.3725
0.36
0.3714
0.2785
0.4277
0.3469
0.2343
0.4247
0.5181
0.2722
0.4819
0.323
0.3333
0.25
0.3179
0.3598
0.3464
0.4324
0.2549
0.2857
0.3254
0.2773
0.3121
0.4371
0.3195
0.2787
0.5443
0.2484
0.3927
0.2638
0.3292
0.4695
0.345
0.4621
0.375
0.3951
0.343
0.3377
0.3226
0.4371
0.4026
0.4393
0.3791
0.4143
0.525
0.4671
0.557
0.5809
0.3654
0.3956
0.391
0.2994
0.4241
0.3067
0.3854
0.3289
0.3351
0.3895
0.2579
0.4036
0.3776
0.3073
0.3822
0.3757
0.4837
0.2961
0.3032
0.3789
0.4327
0.32
0.3856
0.5655
0.481
0.3869
0.4379
0.4691
0.2599
0.3526
0.3373
0.2896
0.3797
0.3424
0.3986
0.3704
0.3468
0.506
0.3681
0.473
0.4253
0.3012
0.4214
0.2547
0.359
0.3057
0.4963
0.3879
0.4241
0.285
0.4107
0.2674
0.616
0.3462
0.3522
0.6496
0.4843
0.4895
0.3275
0.366
0.3974
0.4895
0.4675
0.553
0.4128
0.3103
0.3515
0.4605
0.3961
0.4
0.3135
0.4497
0.4653
0.4352
0.3299
0.2674
0.3137
0.2849
0.2764
0.3352
0.2994
0.6875
0.245
0.4235
0.3478
0.4481
0.303
0.3521
0.2473
0.5449
0.2692
0.5106
0.5476
0.3202
0.5192
0.4395
0.4023
0.3202
0.2892
0.3916
0.2456
0.4413
0.3046
0.4696
0.3609
0.3765
0.4153
0.432
0.3684
0.3943
0.4167
0.3774
0.552
0.5128
0.2373
0.4467
0.3041
0.4366
0.4968
0.3701
0.4067
0.343
0.5671
0.4345
0.3189
0.5506
0.2754
0.256
0.359
0.3575
0.3641
0.4059
0.3704
0.5524
0.3125
0.382
0.2791
0.4083
0.3831
0.5155
0.3584
0.3976
0.3842
0.454
0.2515
0.2662
0.2826
0.2304
0.3553
0.3567
0.4726
0.2818
0.1987
0.2872
0.2041
0.2446
0.3832
0.3521
0.2434
0.4573
0.24
0.3462
0.4437
0.3526
0.3544
0.3571
0.3801
0.462
0.1829
0.3422
0.5102
0.3785
0.4247
0.4345
0.3951
0.4971
0.3536
0.6
0.3757
0.3614
0.3886
0.2825
0.5683
0.4578
0.4221
0.2525
0.3911
0.4051
0.2768
0.303
0.4126
0.5094
0.5606
0.5035
0.2461
0.3537
0.2524
0.3283
0.4096
0.4228
0.2872
0.3771
0.4812
0.3214
0.3166
0.4837
0.5096
0.3964
0.3274
0.3649
0.3673
0.4012
0.3651
0.2822
0.4894
0.4458
0.232
0.4074
0.2755
0.4626
0.3077
0.4156
0.2514
0.3029
0.3734
0.326
0.3245
0.2963
0.4121
0.3039
0.2839
0.4524
0.3316
0.4088
0.3613
0.3822
0.3353
0.4122
0.422
0.2889
0.3593
0.3663
0.3037
0.3493
0.2765
0.3614
0.5064
0.3471
0.3924
0.4188
0.5562
0.2667
0.3041
0.3791
0.3333
0.4386
0.2963
0.392
0.2423
0.3851
0.2914
0.1801
0.2215
0.3562
0.2367
0.0533
0.3631
0.284
0.2786
0.2368
0.2677
0.1779
0.2289
0.2819
0.0714
0.2829
0.1648
0.3
0.2364
0.3333
0.4126
0.2139
0.2078
0.3798
0.2826
0.3191
0.2181
0.1988
0.2886
0.157
0.45
0.3267
0.1789
0.1893
0.2667
0.2645
0.3427
0.2308
0.2312
0.2013
0.3944
0.1077
0.1405
0.3613
0.3043
0.2322
0.221
0.2398
0.2151
0.2342
0.1893
0.2763
0.3286
0.0642
0.3096
0.1437
0.2242
0.1954
0.3758
0.2692
0.1968
0.2276
0.0679
0.2373
0.2057
0.236
0.2945
0.1611
0.3608
0.331
0.3636
0.2644
0.2536
0.2941
0.3037
0.369
0.2289
0.2432
0.2721
0.3727
0.2897
0.3071
0.3106
0.2486
0.1856
0.2447
0.3354
0.2837
0.1977
0.2389
0.191
0.3067
0.2458
0.2378
0.2857
0.3103
0.0447
0.257
0.3152
0.1808
0.2357
0.3129
0.2517
0.2139
0.1237
0.2609
0.1726
0.2752
0.3228
0.2914
0.1404
0.4496
0.253
0.1212
0.2294
0.3089
0.2147
0.2654
0.281
0.3427
0.4902
0.235
0.2048
0.2201
0.3188
0.2105
0.3434
0.2792
0.2455
0.2979
0.1217
0.172
0.1775
0.3252
0.2683
0.1474
0.1495
0.2023
0.2428
0.2671
0.2414
0.2108
0.2485
0.1839
0.5
0.2816
0.3962
0.2357
0.2556
0.4336
0.2169
0.3333
0.3013
0.2125
0.4049
0.3245
0.3194
0.1751
0.2874
0.1987
0.1921
0.2792
0.2033
0.1823
0.3885
0.1728
0.2371
0.1086
0.2456
0.3311
0.2346
0.25
0.2317
0.1437
0.3432
0.2808
0.3092
0.1989
0.0821
0.2746
0.2513
0.2652
0.1421
0.2465
0.2528
0.2986
0.3333
0.2553
0.0553
0.234
0.2075
0.1878
0.185
0.225
0.3277
0.2792
0.2565
0.3506
0.3132
0.257
0.3497
0.2727
0.2059
0.2105
0.0909
0.2189
0.5076
0.3473
0.2323
0.2318
0.2603
0.3077
0.2174
0.1608
0.2548
0.0667
0.3404
0.1935
0.2315
0.1775
0.5444
0.1871
0.4362
0.4091
0.2267
0.1593
0.2188
0.2376
0.3567
0.0897
0.3216
0.1915
0.2318
0.2485
0.2895
0.1739
0.3567
0.2439
0.1711
0.3961
0.1567
0.1747
0.1404
0.2649
0.2025
0.2368
0.2485
0.2679
0.1156
0.117
0.3791
0.2692
0.2485
0.1887
0.3588
0.2228
0.2254
0.2033
0.3013
0.1538
0.2381
0.2349
0.2292
0.4965
0.25
0.2771
0.1977
0.2026
0.2941
0.2655
0.2768
0.1765
0.2754
0.1774
0.0733
0.3434
0.4054
0.2727
0.3806
0.1747
0.3068
0.2303
0.3636
0.1624
0.2682
0.2
0.2043
0.2033
0.2899
0.2556
0.2067
0.227
0.2513
0.2558
0.1392
0.1954
0.2748
0.2229
0.239
0.2586
0.189
0.3352
0.283
0.2171
0.2577
0.1768
0.201
0.1296
0.2182
0.2898
0.2819
0.3557
0.1925
0.2838
0.2181
0.1679
0.2079
0.223
0.0749
0.2431
0.1627
0.3265
0.2682
0.236
0.2526
0.2901
0.1892
0.2987
0.1914
0.4
0.1459
0.2602
0.1944
0.1573
0.2814
0.2898
0.2547
0.1471
0.28
0.3597
0.3613
0.215
0.2166
0.2229
0.244
0.0943
0.1543
0.2229
0.3988
0.2195
0.2927
0.2531
0.156
0.3333
0.1733
0.4228
0.2657
0.2338
0.25
0.3067
0.2683
0.2807
0.2707
0.2295
0.4599
0.3294
0.1605
0.1925
0.1316
0.18
0.3333
0.3373
0.2293
0.2426
0.3291
0.241
0.2169
0.2628
0.3987
0.3889
0.2439
0.2191
0.2878
0.2727
0.2978
0.28
0.1808
0.1989
0.0714
0.1323
0.2619
0.1193
0.2727
0.2326
0.2781
0.1657
0.1667
0.1544
0.3039
0.2408
0.1429
0.1923
0.2514
0.2059
0.201
0.325
0.2211
0.2517
0.1617
0.1737
0.1772
0.2105
0.1969
0.274
0.3521
0.2638
0.1294
0.2
0.1732
0.1839
0.2423
0.1722
0.2745
0.281
0.2514
0.2444
0.2766
0.3027
0.1596
0.1507
0.3878
0.2738
0.259
0.3205
0.2637
0.2333
0.2171
0.2778
0.2471
0.3432
0.1988
0.2108
0.3554
0.2289
0.2228
0.2792
0.3182
0.2338
0.2079
0.3453
0.2073
0.2715
0.2579
0.1726
0.3072
0.2609
0.2346
0.2118
0.209
0.1897
0.2804
0.1237
0.1889
0.2973
0.3103
0.1276
0.1294
0.3355
0.2013
0.2241
0.2426
0.2176
0.404
0.2867
0.2651
0.2517
0.256
0.2461
0.2866
0.1703
0.2443
0.2933
0.3214
0.2822
0.2037
0.3312
0.1966
0.2318
0.3356
0.2628
0.0933
0.0968
0.1754
0.3087
0.1508
0.2071
0.3312
0.2293
0.2038
0.3876
0.2078
0.2025
0.2367
0.2912
0.4259
0.2692
0.236
0.3533
0.351
0.2011
0.2096
0.2292
0.1951
0.2013
0.2148
0.1436
0.1918
0.2812
0.2573
0.2552
0.1788
0.1878
0.2204
0.1988
0.2291
0.3704
0.3052
0.2375
0.3893
0.3464
0.1919
0.3082
0.1943
0.1905
0.2803
0.2069
0.2349
0.3232
0.1347
0.199
0.1921
0.2395
0.2632
0.3188
0.3478
0.2139
0.1714
0.3137
0.3559
0.2024
0.0879
0.2292
0.1745
0.2228
0.2054
0.1878
0.1697
0.1588
0.2024
0.2628
0.2147
0.1111
0.3603
0.369
0.2619
0.1445
0.1716
0.3333
0.1381
0.2941
0.1919
0.275
0.2547
0.2486
0.2792
0.375
0.3478
0.3533
0.2754
0.2917
0.2659
0.1934
0.4863
0.1558
0.1867
0.1566
0.1988
0.2873
0.118
0.3709
0.2298
0.2742
0.266
0.2047
0.1889
0.3636
0.1604
0.5411
0.1925
0.2273
0.3072
0.3286
0.3559
0.2515
0.2903
0.2469
0.0784
0.1461
0.3986
0.2671
0.1844
0.2011
0.2022
0.1784
0.2454
0.2172
0.1359
0.1977
0.1943
0.206
0.3152
0.25
0.25
0.191
0.3356
0.2249
0.3724
0.183
0.2749
0.2266
0.2598
0.3161
0.2335
0.3987
0.4101
0.2059
0.25
0.259
0.2108
0.1603
0.1799
0.3108
0.2009
0.3133
0.2553
0.1948
0.1918
0.3571
0.3626
0.2878
0.3614
0.1732
0.2185
0.2697
0.2857
0.3155
0.1935
0.1867
0.2565
0.1677
0.2323
0.3243
0.3711
0.2063
0.2333
0.3598
0.1837
0.2174
0.2517
0.2216
0.1083
0.3061
0.2346
0.4013
0.1806
0.259
0.1854
0.2514
0.1602
0.1854
0.2558
0.3171
0.2796
0.2908
0.2077
0.1923
0.2108
0.198
0.2416
0.2798
0.3617
0.2848
0.2484
0.2768
0.0654
0.1975
0.3554
0.2177
0.2
0.2466
0.2455
0.2189
0.2635
0.2547
0.2485
0.014
0.2312
0.2866
0.2458
0.2119
0.2222
0.244
0.2294
0.1584
0.2675
0.3293
0.2151
0.224
0.3608
0.2222
0.1969
0.2147
0.1914
0.1834
0.1754
0.3103
0.1987
0.2606
0.2416
0.2252
0.1677
0.2814
0.2208
0.289
0.2288
0.3357
0.2654
0.3224
0.4228
0.4706
0.2628
0.3077
0.3013
0.1497
0.4114
0.1976
0.3229
0.2416
0.2113
0.1977
0.1947
0.2771
0.3357
0.2155
0.3057
0.2573
0.3161
0.2136
0.2606
0.2174
0.3488
0.0566
0.3137
0.4621
0.3038
0.1905
0.3007
0.3457
0.2373
0.2586
0.2071
0.1538
0.3101
0.212
0.1895
0.2654
0.3757
0.3432
0.2109
0.3851
0.2743
0.2216
0.1786
0.1462
0.2308
0.2021
0.3015
0.2909
0.1024
0.195
0.2632
0.1604
0.384
0.2308
0.2956
0.3869
0.3082
0.3497
0.2281
0.1987
0.2564
0.4196
0.1636
0.4436
0.3605
0.2171
0.2485
0.3092
0.2922
0.26
0.2757
0.4094
0.1589
0.2902
0.1531
0.1919
0.2434
0.2
0.1122
0.233
0.2892
0.5703
0.1765
0.2959
0.205
0.3701
0.2303
0.1597
0.1774
0.5
0.1758
0.3564
0.3869
0.2809
0.067
0.2866
0.1751
0.2079
0.1814
0.3314
0.16
0.3073
0.2424
0.337
0.1716
0.2346
0.2896
0.2899
0.1646
0.1475
0.3556
0.3019
0.392
0.2564
0.212
0.32
0.2515
0.2676
0.3355
0.2581
0.1788
0.2907
0.3476
0.3379
0.2108
0.3459
0.2455
0.1607
0.1911
0.1969
0.0808
0.2281
0.2263
0.3846
0.3062
0.2753
0.1302
0.3018
0.2597
0.3727
0.3121
0.2229
0.2737
0.2955
0.1813
0.1623
0.1467
0.1554
0.1519
0.2532
0.3082
0.1813
0.141
0.0837
0.1837
0.2054
0.2189
0.2192
0.1895
0.2927
0.175
0.322
0.2606
0.3013
0.2138
0.1843
0.1871
0.3418
0.1322
0.262
0.3946
0.2825
0.2534
0.3353
0.1557
0.3584
0.3867
0.245
0.1778
0.2892
0.236
0.1808
0.4388
0.2952
0.3701
0.1659
0.2235
0.2956
0.226
0.1919
0.2797
0.2866
0.3561
0.3262
0.0969
0.2561
0.1602
0.202
0.2892
0.2053
0.234
0.3086
0.2519
0.2798
0.1709
0.366
0.4091
0.2426
0.0829
0.2467
0.22
0.2367
0.133
0.2761
0.1701
0.1928
0.1492
0.3148
0.2092
0.2867
0.2564
0.1818
0.2571
0.1657
0.2264
0.2088
0.1173
0.2654
0.2456
0.2431
0.0427
0.2254
0.2193
0.3094
0.2194
0.3248
0.2832
0.3243
0.2701
0.1722
0.1802
0.2267
0.1615
0.3082
0.1919
0.2349
0.3782
0.3294
0.2785
0.3562
0.2938
0.1722
0.193
0.2088
0.1913
0.1477
0.2011
0.2111
0.1856
0.4122
0.1987
0.1896
0.1699
0.2625
0.0506
0.0414
0.3608
0.2151
0.1667
0.2078
0.2778
0.1646
0.1856
0.2349
0.0974
0.0599
0.1989
0.2556
0.0571
0.2778
0.2449
0.0484
0.2434
0.3106
0.2337
0.3457
0.2287
0.1124
0.1707
0.0615
0.1931
0.28
0.2105
0.0778
0.0738
0.1667
0.3706
0.033
0.1543
0.0932
0.0516
0.0769
0.0722
0.3419
0.0667
0.1611
0.0811
0.0611
0.129
0.0872
0.0514
0.1688
0.1944
0.0535
0.2741
0.1676
0.0625
0.0591
0.0514
0.2885
0.164
0.2483
0.0556
0.1469
0.0645
0.1595
0.2761
0.1111
0.064
0.3241
0.2152
0.2931
0.0414
0.1143
0.0338
0.2976
0.0802
0.1959
0.0724
0.3789
0.1623
0.2429
0.2963
0.2865
0.0872
0.2919
0.3416
0.1743
0.1582
0.2389
0.0471
0.1796
0.0794
0.2207
0.2338
0.1184
0.1453
0.2389
0.2303
0.0729
0.3654
0.2533
0.1959
0.0381
0.1546
0.1739
0.0476
0.255
0.3701
0.2583
0.1117
0.0805
0.2229
0.0765
0.2176
0.0957
0.216
0.0629
0.2829
0.3566
0.25
0.0663
0.1627
0.1438
0.35
0.0628
0.1517
0.1018
0.2635
0.078
0.1414
0.2452
0.1657
0.1706
0.2866
0.0564
0.0545
0.1734
0.1705
0.2817
0.0275
0.2169
0.2061
0.1552
0.3443
0.0757
0.0925
0.071
0.0952
0.3172
0.1988
0.0461
0.3462
0.2312
0.1628
0.2914
0.22
0.1453
0.0894
0.1859
0.1751
0.2516
0.1902
0.1823
0.2675
0.0947
0.105
0.0904
0.1222
0.36
0.0765
0.25
0.1697
0.0702
0.0722
0.0932
0.3624
0.125
0.0769
0.3099
0.2086
0.1323
0.1371
0.2394
0.1758
0.3611
0.2622
0.2128
0.0503
0.0724
0.1887
0.203
0.2312
0.14
0.1223
0.2857
0.2513
0.0976
0.2951
0.1955
0.3067
0.089
0.2189
0.0678
0.1104
0.2679
0.447
0.1714
0.1935
0.1572
0.2945
0.1006
0.135
0.1386
0.2866
0.097
0.2448
0.0711
0.2266
0.1775
0.0733
0.1714
0.3046
0.3121
0.0929
0.1421
0.175
0.1878
0.3503
0.1959
0.0939
0.2234
0.0385
0.241
0.2434
0.2228
0.3631
0.0682
0.1513
0.0795
0.1567
0.0743
0.2229
0.1373
0.2215
0.1553
0.0511
0.2679
0.0488
0.1452
0.3333
0.0592
0.1893
0.2745
0.2647
0.1623
0.1404
0.0417
0.3269
0.0899
0.0625
0.1529
0.0896
0.0471
0.25
0.2426
0.0395
0.1961
0.2706
0.0938
0.0806
0.117
0.0811
0.0363
0.0681
0.2023
0.3851
0.2727
0.1419
0.1235
0.358
0.2303
0.2781
0.0637
0.0466
0.2118
0.1774
0.1264
0.0481
0.0851
0.0497
0.2147
0.2086
0.0606
0.0722
0.1954
0.2595
0.2711
0.0872
0.2816
0.2195
0.1302
0.1887
0.1271
0.2454
0.0571
0.1401
0.1296
0.0925
0.0585
0.2467
0.1205
0.0722
0.255
0.0251
0.1971
0.1389
0.0805
0.1955
0.0728
0.1627
0.3537
0.2458
0.0585
0.2371
0.0702
0.1277
0.2597
0.119
0.4462
0.1838
0.3089
0.2203
0.1517
0.2874
0.0802
0.1716
0.0674
0.24
0.3214
0.2848
0.2
0.1283
0.0859
0.256
0.0881
0.1755
0.0734
0.3497
0.2073
0.0546
0.1047
0.0966
0.2384
0.1485
0.0651
0.1597
0.2273
0.0651
0.28
0.0575
0.0765
0.2762
0.0498
0.4453
0.2647
0.1524
0.359
0.0515
0.155
0.2616
0.3133
0.2293
0.1834
0.1105
0.0817
0.0558
0.2628
0.2745
0.0984
0.1136
0.0789
0.2662
0.2378
0.1602
0.1573
0.0486
0.0994
0.1358
0.0769
0.1792
0.0852
0.3529
0.2279
0.0546
0.04
0.0904
0.3404
0.1568
0.0941
0.0847
0.1648
0.0733
0.1453
0.0396
0.2393
0.033
0.1783
0.067
0.2649
0.1938
0.0875
0.1339
0.2192
0.1883
0.3497
0.1188
0.1405
0.0376
0.1897
0.1959
0.1944
0.281
0.0606
0.0625
0.1556
0.291
0.3351
0.1223
0.2192
0.3129
0.2619
0.1404
0.0814
0.1891
0.2416
0.1404
0.2576
0.1714
0.2865
0.2105
0.1867
0.0604
0.0698
0.1865
0.2987
0.2406
0.2338
0.0642
0.1067
0.2439
0.1032
0.0659
0.1905
0.1796
0.0824
0.1189
0.202
0.0984
0.1075
0.2963
0.0847
0.2
0.1487
0.1013
0.1719
0.1369
0.0414
0.0988
0.0924
0.0707
0.152
0.2675
0.2533
0.0757
0.1722
0.1886
0.0777
0.2988
0.0546
0.1798
0.26
0.2738
0.2515
0.1595
0.3378
0.0914
0.2119
0.3356
0.0848
0.2345
0.2483
0.0511
0.0629
0.1788
0.3235
0.2089
0.2675
0.1078
0.0789
0.2597
0.0663
0.1824
0.1189
0.2
0.0718
0.0621
0.1037
0.1062
0.1958
0.1617
0.1927
0.0292
0.2685
0.1006
0.099
0.1918
0.224
0.2398
0.135
0.0598
0.0684
0.1755
0.1627
0.1749
0.2716
0.0859
0.1812
0.1613
0.281
0.2093
0.0828
0.1648
0.2513
0.1758
0.1814
0.0449
0.0227
0.0761
0.0686
0.1808
0.1953
0.2039
0.0769
0.0682
0.13
0.181
0.0533
0.3333
0.1726
0.0769
0.0746
0.2215
0.2174
0.1436
0.132
0.0751
0.1588
0.1928
0.0933
0.1012
0.1526
0.3382
0.2143
0.2262
0.193
0.1149
0.2529
0.1713
0.281
0.2831
0.1498
0.1615
0.0582
0.1125
0.3043
0.354
0.1235
0.2281
0.0934
0.2601
0.0741
0.135
0.1429
0.3
0.1807
0.2222
0.1989
0.0932
0.3576
0.2422
0.1989
0.25
0.1965
0.016
0.3182
0.139
0.2229
0.1223
0.1139
0.3529
0.2766
0.1351
0.1882
0.0667
0.2407
0.0392
0.1236
0.2966
0.0941
0.0927
0.0645
0.1027
0.1351
0.1118
0.0556
0.1793
0.1919
0.1314
0.0337
0.2216
0.0811
0.1603
0.1608
0.2397
0.0621
0.1772
0.0621
0.269
0.2217
0.2304
0.2539
0.0568
0.3608
0.3669
0.3312
0.0819
0.1667
0.3091
0.0802
0.1958
0.2303
0.1325
0.2549
0.075
0.2273
0.0575
0.0655
0.3684
0.1524
0.3373
0.1148
0.0769
0.0542
0.2273
0.1033
0.1158
0.2
0.2356
0.0398
0.1608
0.3176
0.2331
0.0765
0.1613
0.1834
0.2092
0.2527
0.2252
0.0758
0.1338
0.1062
0.2716
0.1481
0.1312
0.3133
0.0749
0.2067
0.1878
0.0486
0.2849
0.2012
0.2742
0.0327
0.1123
0.1961
0.0568
0.0882
0.0492
0.2798
0.383
0.2278
0.2208
0.1967
0.0915
0.1962
0.0773
0.1039
0.1543
0.274
0.2814
0.2249
0.2455
0.1534
0.2545
0.0514
0.1167
0.038
0.1899
0.1908
0.1895
0.125
0.0385
0.0614
0.2357
0.2412
0.0217
0.2043
0.2919
0.0629
0.1813
0.1307
0.179
0.2012
0.0663
0.2808
0.2051
0.1412
0.0632
0.1987
0.1871
0.2262
0.1911
0.1902
0.1321
0.2887
0.2169
0.0723
0.3624
0.4706
0.1975
0.2527
0.3269
0.0526
0.1796
0.0686
0.2344
0.1282
0.2165
0.038
0.075
0.3253
0.1154
0.1421
0.1939
0.3081
0.2968
0.1009
0.0896
0.0867
0.3372
0.0566
0.3856
0.0629
0.0636
0.1453
0.0769
0.284
0.0677
0.1389
0.1953
0.1082
0.0571
0.25
0.1188
0.0857
0.3179
0.0798
0.0645
0.1401
0.2167
0.1488
0.1027
0.0727
0.2154
0.0583
0.2868
0.0562
0.0769
0.1478
0.3036
0.1604
0.2812
0.2012
0.1879
0.1733
0.1361
0.1203
0.0791
0.0915
0.0719
0.3714
0.3636
0.1233
0.1154
0.0538
0.0718
0.2632
0.2595
0.0848
0.1309
0.2953
0.0993
0.2798
0.2062
0.157
0.0621
0.04
0.1024
0.0591
0.131
0.2628
0.075
0.2704
0.2298
0.2987
0.0936
0.1586
0.1667
0.2294
0.1978
0.3457
0.2253
0.2079
0.0559
0.2803
0.2542
0.191
0.1422
0.2791
0.2057
0.1244
0.1717
0.0457
0.0343
0.189
0.0846
0.0591
0.0552
0.1366
0.25
0.3019
0.0929
0.2244
0.1639
0.26
0.1977
0.2887
0.329
0.1667
0.1104
0.2312
0.2754
0.3241
0.0777
0.4177
0.2071
0.1548
0.2357
0.2073
0.2826
0.087
0.1066
0.0943
0.25
0.1703
0.1209
0.3373
0.2468
0.0806
0.2659
0.0629
0.2632
0.2373
0.0508
0.0968
0.1848
0.0597
0.0886
0.2215
0.3014
0.0515
0.0671
0.0837
0.1745
0.1892
0.05
0.2397
0.1518
0.3354
0.0631
0.2308
0.2014
0.2051
0.093
0.1116
0.0674
0.3165
0.1257
0.1777
0.4082
0.2123
0.2466
0.2865
0.2
0.1602
0.0867
0.298
0.2229
0.2024
0.0573
0.2316
0.4056
0.1588
0.2468
0.161
0.2235
0.1951
0.226
0.1717
0.2207
0.2439
0.303
0.1104
0.0714
0.1758
0.1602
0.081
0.2892
0.1656
0.2074
0.2171
0.1761
0.2857
0.1508
0.3419
0.4416
0.1977
0.0552
0.0943
0.1589
0.0909
0.0887
0.2883
0.1544
0.1345
0.0761
0.2593
0.0577
0.2925
0.2885
0.2013
0.1087
0.0656
0.1835
0.0725
0.0459
0.1037
0.2515
0.1989
0.2
0.1494
0.1937
0.2818
0.0556
0.0702
0.0378
0.3716
0.1282
0.1889
0.0843
0.1771
0.0457
0.1818
0.1023
0.1023
0.1503
0.0595
0.1635
0.3438
0.3188
0.0601
0.0604
0.2246
0.0729
0.2114
0.0606
0.1311
0.0874
