ncvFD_AFR	ncvFD_EUR	ncvFD_ASN	ncv_AFR	ncv_EUR	ncv_ASN	hka_AFR	hka_EUR	hka_ASN	tajd_AFR
0.4759	0.4733	0.4839	0.4147	0.3811	0.4267	0.4304	0.3291	0.3038	-0.567005
0.4771	0.4923	0.4903	0.416	0.4422	0.4395	0.4103	0.1625	0.2025	-0.597909
0.4652	0.4624	0.4852	0.3885	0.333	0.4436	0.5135	0.3514	0.3784	0.112942
0.4762	0.4726	0.4939	0.4172	0.3641	0.4702	0.44	0.2933	0.2667	-0.632946
0.472	0.4721	0.4768	0.4146	0.3676	0.3682	0.5357	0.3095	0.2471	-0.577229
0.4736	0.4717	0.4876	0.418	0.3794	0.4438	0.5181	0.3494	0.3012	-0.667263
0.4562	0.4973	0.4983	0.3728	0.4721	0.4687	0.6053	0.1098	0.061	0.509682
0.4582	0.4584	0.474	0.3265	0.3033	0.3644	0.3875	0.3375	0.275	1.52556
0.4543	0.457	0.497	0.3434	0.3574	0.4889	0.4932	0.507	0.3699	1.18015
0.4604	0.4578	0.4791	0.3686	0.3418	0.4219	0.5	0.4359	0.3974	0.604753
0.4716	0.4755	0.4766	0.3738	0.3439	0.3254	0.3333	0.2222	0.1889	0.467598
0.4682	0.4846	0.4874	0.3646	0.4331	0.3927	0.3563	0.3218	0.1489	0.685869
0.4717	0.463	0.4752	0.4103	0.3298	0.4046	0.5065	0.3377	0.3896	-0.454182
0.4789	0.4754	0.4847	0.3996	0.3713	0.4263	0.2963	0.2716	0.284	-0.164934
0.4703	0.47	0.4895	0.3933	0.3273	0.4553	0.4333	0.2556	0.3222	-0.00930046
0.4705	0.4682	0.4947	0.398	0.3626	0.4796	0.4545	0.3506	0.359	-0.129576
0.4788	0.4797	0.4954	0.3983	0.403	0.47	0.2941	0.2941	0.1845	-0.135392
0.4706	0.4639	0.485	0.4212	0.339	0.4268	0.6471	0.3472	0.2778	-0.757585
0.4882	0.4838	0.4976	0.4395	0.3659	0.4676	0.2581	0.1596	0.0833	-1.20161
0.4626	0.4526	0.4996	0.3929	0.2822	0.49	0.6047	0.3605	0.0421	0.00158346
0.4805	0.4786	0.4958	0.4348	0.3796	0.4805	0.4568	0.2469	0.284	-1.12614
0.4634	0.4782	0.4925	0.381	0.4147	0.4675	0.507	0.3766	0.3117	0.300124
0.4578	0.4576	0.4847	0.3791	0.3384	0.444	0.6143	0.4286	0.4	0.350846
0.4665	0.461	0.4625	0.3919	0.3465	0.3231	0.5063	0.4051	0.3291	0.0257945
0.4736	0.486	0.4996	0.385	0.4056	0.49	0.3373	0.1928	0.0449	0.194896
0.4805	0.4804	0.4966	0.4459	0.399	0.4842	0.597	0.2687	0.2836	-1.45365
0.4504	0.4588	0.4986	0.3573	0.3325	0.4746	0.6267	0.3947	0.0588	0.884029
0.4803	0.4738	0.4968	0.4383	0.3753	0.4769	0.5	0.3056	0.1625	-1.22063
0.4702	0.47	0.4966	0.3743	0.3462	0.4763	0.3562	0.2877	0.1688	0.448251
0.4799	0.48	0.4982	0.4165	0.3637	0.4835	0.3474	0.2	0.1212	-0.612405
0.474	0.4631	0.4929	0.4064	0.274	0.4611	0.4255	0.2553	0.234	-0.351523
0.4663	0.4684	0.4959	0.3587	0.3548	0.4817	0.3663	0.3267	0.2941	0.834463
0.4643	0.4695	0.4836	0.3926	0.3729	0.4055	0.5604	0.3626	0.2316	0.00788211
0.4719	0.47	0.4979	0.404	0.3256	0.473	0.4598	0.2529	0.087	-0.289018
0.4477	0.4573	0.4997	0.2852	0.3288	0.49	0.4167	0.4048	0.0316	2.35998
0.4727	0.4801	0.4844	0.4015	0.4111	0.4324	0.4271	0.3163	0.3229	-0.223357
0.4839	0.4894	0.4952	0.4326	0.4321	0.4577	0.3364	0.1982	0.1351	-1.06095
0.4795	0.4976	0.4987	0.3773	0.4787	0.4851	0.2289	0.1294	0.0941	0.362837
0.4549	0.4658	0.4874	0.3175	0.3335	0.4522	0.4062	0.3125	0.375	1.74723
0.4617	0.4686	0.4891	0.3695	0.353	0.4521	0.48	0.32	0.31	0.591838
0.4594	0.4524	0.4989	0.3704	0.3204	0.4757	0.5278	0.4444	0.0482	0.560216
0.489	0.4892	0.499	0.4466	0.406	0.4804	0.2747	0.1429	0.0538	-1.40461
0.4646	0.4635	0.4975	0.3941	0.3546	0.4772	0.5634	0.3944	0.1266	-0.0313995
0.4714	0.4564	0.4639	0.414	0.3109	0.3656	0.5467	0.3733	0.4267	-0.557549
0.4511	0.4827	0.4944	0.3515	0.4442	0.4613	0.5821	0.4776	0.1757	1.00556
0.4693	0.4764	0.4896	0.4081	0.3595	0.4166	0.5556	0.2353	0.1548	-0.401305
0.4777	0.4733	0.4948	0.4097	0.3429	0.474	0.3605	0.2442	0.2558	-0.429328
0.4698	0.4701	0.4837	0.4132	0.3965	0.3912	0.5844	0.4545	0.1975	-0.538452
0.4579	0.4594	0.4965	0.348	0.3281	0.4838	0.4554	0.3762	0.2762	1.09943
0.4756	0.4786	0.4897	0.4023	0.3936	0.4438	0.3696	0.2826	0.2391	-0.241326
0.4821	0.4869	0.4966	0.4183	0.4208	0.4786	0.3068	0.2159	0.1932	-0.647132
0.4653	0.4555	0.4856	0.3846	0.2774	0.4446	0.4884	0.3256	0.3721	0.21355
0.4666	0.4728	0.4971	0.3824	0.3394	0.4878	0.4512	0.2439	0.3171	0.265691
0.4754	0.4735	0.4985	0.3829	0.3258	0.483	0.3021	0.2188	0.0971	0.246611
0.4823	0.4775	0.4938	0.4328	0.3842	0.4275	0.3836	0.274	0.1013	-1.04113
0.4879	0.4862	0.4979	0.4451	0.4264	0.4864	0.3	0.25	0.1863	-1.38984
0.4666	0.4738	0.4829	0.4059	0.3989	0.4424	0.6087	0.3913	0.4493	-0.339477
0.4801	0.4886	0.4947	0.4149	0.4133	0.4634	0.3333	0.1667	0.1748	-0.571648
0.4831	0.4857	0.4871	0.4234	0.4113	0.401	0.3068	0.2111	0.1667	-0.782052
0.4645	0.4785	0.4913	0.3978	0.4168	0.4287	0.5946	0.3816	0.15	-0.127651
0.4614	0.4545	0.4838	0.3927	0.3422	0.4403	0.6324	0.4853	0.3971	0.00477428
0.4788	0.4662	0.4908	0.4051	0.2945	0.4483	0.3182	0.25	0.2273	-0.305968
0.4681	0.4488	0.473	0.4191	0.3086	0.402	0.7119	0.4576	0.4237	-0.696964
0.4622	0.4589	0.479	0.3707	0.3347	0.4119	0.4778	0.4	0.3444	0.559009
0.4821	0.4755	0.4966	0.4157	0.3305	0.4671	0.2955	0.2045	0.1196	-0.576466
0.4757	0.4669	0.4964	0.4251	0.313	0.4685	0.52	0.2667	0.1341	-0.858422
0.4473	0.4583	0.474	0.335	0.3565	0.4131	0.5679	0.4815	0.4691	1.39377
0.4664	0.4657	0.4848	0.3882	0.2931	0.3645	0.4848	0.2525	0.1471	0.123106
0.4715	0.4823	0.4821	0.3991	0.3819	0.3802	0.4388	0.2	0.2	-0.160044
0.4686	0.468	0.4978	0.3994	0.3397	0.4894	0.5075	0.2985	0.2687	-0.165332
0.4789	0.4784	0.4912	0.4284	0.387	0.46	0.4507	0.2676	0.2958	-0.933916
0.4713	0.4824	0.4903	0.3819	0.4063	0.4525	0.3659	0.2561	0.2683	0.27095
0.4489	0.452	0.471	0.3282	0.3237	0.3872	0.5172	0.4598	0.3908	1.53891
0.4807	0.4941	0.4875	0.4214	0.4679	0.4443	0.3537	0.2317	0.3059	-0.735413
0.4642	0.4677	0.4914	0.3752	0.3774	0.4667	0.4615	0.4103	0.359	0.441817
0.4531	0.4877	0.4912	0.3744	0.4614	0.4527	0.6866	0.4853	0.24	0.468886
0.4704	0.4716	0.4809	0.383	0.3667	0.3852	0.3855	0.3133	0.2262	0.247762
0.4623	0.4935	0.4983	0.3802	0.4447	0.4583	0.5244	0.1413	0.0435	0.323937
0.4717	0.4741	0.495	0.3871	0.3723	0.4668	0.378	0.2927	0.1829	0.145058
0.4708	0.4704	0.4965	0.3719	0.3243	0.4814	0.3402	0.2474	0.2371	0.517737
0.4477	0.4458	0.4936	0.3622	0.3384	0.418	0.7162	0.6081	0.092	0.774074
0.4602	0.4627	0.4889	0.3755	0.3446	0.4636	0.541	0.377	0.459	0.42944
0.4641	0.4641	0.4952	0.3893	0.3275	0.4662	0.5426	0.3196	0.1714	0.0942772
0.47	0.464	0.4711	0.3918	0.3129	0.3659	0.4318	0.2955	0.3182	0.0277344
0.4807	0.4754	0.4927	0.4348	0.3776	0.4584	0.45	0.2875	0.2222	-1.1232
0.475	0.4818	0.4908	0.4229	0.4224	0.442	0.5217	0.3333	0.2	-0.791593
0.4674	0.469	0.4991	0.4008	0.3344	0.4823	0.5444	0.2778	0.0521	-0.208277
0.4581	0.4738	0.4942	0.3427	0.3893	0.4255	0.4337	0.3494	0.0909	1.19653
0.4836	0.4752	0.4861	0.4252	0.3607	0.4267	0.3043	0.2522	0.2522	-0.852269
0.4797	0.4809	0.4943	0.4227	0.4169	0.4702	0.3855	0.3253	0.241	-0.777073
0.4849	0.4802	0.4887	0.4276	0.3718	0.4279	0.2842	0.2105	0.2	-0.894253
0.4774	0.4853	0.4857	0.3925	0.4255	0.4125	0.2991	0.265	0.2137	0.00970169
0.4657	0.4968	0.4976	0.3729	0.487	0.4711	0.425	0.325	0.093	0.493037
0.4739	0.4809	0.4829	0.4138	0.433	0.4044	0.4756	0.4268	0.2414	-0.549681
0.47	0.4859	0.4845	0.3954	0.4391	0.4157	0.45	0.321	0.2469	-0.0625225
0.4553	0.4561	0.4939	0.3749	0.3649	0.4777	0.64	0.56	0.3867	0.459414
0.4791	0.4777	0.4908	0.4092	0.3901	0.4475	0.3298	0.2872	0.2234	-0.416454
0.4684	0.4921	0.4952	0.3774	0.4706	0.4558	0.3968	0.381	0.1268	0.373372
0.461	0.4791	0.4942	0.3638	0.4111	0.4807	0.4677	0.3387	0.4355	0.6987
0.4748	0.4696	0.4921	0.4283	0.335	0.4408	0.5844	0.2727	0.1646	-0.957517
0.476	0.4707	0.4924	0.4067	0.3807	0.441	0.3827	0.3704	0.1566	-0.351878
0.4741	0.4713	0.4823	0.4233	0.4038	0.4147	0.5541	0.473	0.2857	-0.812026
0.4617	0.4621	0.4779	0.3653	0.3536	0.3297	0.4625	0.4125	0.1807	0.67924
0.4728	0.4949	0.497	0.3957	0.4261	0.4529	0.3958	0.0808	0.0707	-0.070147
0.4697	0.4547	0.4871	0.417	0.3142	0.4435	0.6286	0.4	0.3143	-0.641357
0.46	0.4582	0.494	0.3752	0.3147	0.4775	0.5417	0.3611	0.375	0.444696
0.4726	0.4715	0.4985	0.3776	0.3159	0.4674	0.3304	0.2261	0.0496	0.383807
0.4723	0.4644	0.4964	0.4204	0.3423	0.4834	0.5814	0.3488	0.2791	-0.741538
0.4801	0.4799	0.4892	0.4277	0.3893	0.4246	0.4091	0.25	0.1818	-0.923391
0.4383	0.4437	0.4667	0.3296	0.3348	0.397	0.6933	0.6267	0.5333	1.52479
0.4565	0.4931	0.4923	0.3557	0.4309	0.4298	0.5072	0.12	0.1333	0.901023
0.4688	0.4698	0.489	0.3743	0.3556	0.4089	0.3793	0.3103	0.1505	0.458061
0.4575	0.4602	0.4903	0.3911	0.3583	0.3345	0.7222	0.4583	0.075	0.0465042
0.4855	0.4843	0.4888	0.4421	0.4214	0.4201	0.3542	0.2708	0.1771	-1.32401
0.4447	0.4421	0.463	0.3899	0.3188	0.3693	1.1429	0.5814	0.4565	0.0787807
0.4822	0.4757	0.4911	0.4273	0.3339	0.4429	0.3505	0.2062	0.1959	-0.909265
0.4634	0.4595	0.4899	0.3732	0.3208	0.427	0.4674	0.3587	0.1735	0.495711
0.4654	0.4589	0.4886	0.3765	0.2719	0.4419	0.4466	0.2885	0.2596	0.417172
0.4622	0.4766	0.4842	0.3849	0.4089	0.436	0.5556	0.381	0.3492	0.202235
0.4772	0.4848	0.4895	0.4186	0.4266	0.4165	0.4239	0.2826	0.1562	-0.680553
0.4644	0.471	0.4928	0.3843	0.3781	0.4326	0.5057	0.3563	0.1277	0.219685
0.47	0.4753	0.4956	0.4052	0.4149	0.4786	0.5132	0.4474	0.2632	-0.320634
0.4564	0.4544	0.4867	0.3923	0.3404	0.4585	0.7662	0.4805	0.4935	0.0165727
0.4683	0.4737	0.4964	0.3876	0.3784	0.4849	0.4444	0.3152	0.3152	0.135607
0.4686	0.4689	0.4698	0.3548	0.3457	0.3562	0.325	0.3	0.3125	0.893628
0.4893	0.4852	0.4914	0.4253	0.3879	0.4199	0.1818	0.1717	0.1313	-0.790899
0.4829	0.489	0.4983	0.4228	0.3779	0.4883	0.3093	0.1134	0.1753	-0.776247
0.4609	0.468	0.4979	0.3518	0.3422	0.49	0.4239	0.3043	0.2717	0.999209
0.4567	0.4502	0.4948	0.3462	0.3265	0.4825	0.4667	0.4933	0.4267	1.11515
0.4663	0.464	0.4991	0.4016	0.3467	0.4867	0.5811	0.3649	0.075	-0.227622
0.4437	0.4887	0.4989	0.3497	0.4658	0.4867	0.7119	0.5085	0.0938	1.05391
0.4643	0.4702	0.4893	0.3755	0.3819	0.4621	0.4615	0.3846	0.4103	0.434081
0.4506	0.4393	0.4601	0.3825	0.2915	0.39	0.8286	0.5278	0.6429	0.272069
0.4729	0.4748	0.4795	0.4074	0.3968	0.4176	0.4583	0.3611	0.3611	-0.372241
0.4627	0.4622	0.487	0.3294	0.3157	0.3758	0.3402	0.3196	0.1333	1.47382
0.472	0.4673	0.4985	0.4051	0.3411	0.4838	0.4648	0.3099	0.1039	-0.311689
0.4837	0.4973	0.4979	0.4177	0.4752	0.4837	0.2697	0.1277	0.1489	-0.622001
0.4641	0.468	0.4909	0.3696	0.3536	0.4609	0.439	0.3293	0.3171	0.576674
0.4694	0.4756	0.4841	0.3992	0.4041	0.4196	0.4865	0.3784	0.2692	-0.160584
0.473	0.4987	0.4979	0.413	0.4734	0.4884	0.494	0.0543	0.2262	-0.528954
0.4681	0.4722	0.4957	0.3749	0.3748	0.4814	0.3925	0.3271	0.3084	0.454478
0.4737	0.4827	0.485	0.3708	0.3848	0.4017	0.2947	0.2	0.2	0.534557
0.4701	0.4669	0.495	0.3963	0.3872	0.4475	0.4545	0.4697	0.1111	-0.0853281
0.4737	0.475	0.4984	0.4099	0.3903	0.4713	0.4545	0.3333	0.0588	-0.433015
0.4803	0.4781	0.4974	0.3942	0.3847	0.4838	0.2569	0.2661	0.1927	-0.0312825
0.4721	0.4759	0.4771	0.4082	0.3561	0.4016	0.4831	0.236	0.3371	-0.403066
0.4782	0.479	0.489	0.4174	0.3601	0.4275	0.3913	0.2065	0.1935	-0.642702
0.4726	0.4679	0.4945	0.4083	0.3648	0.4421	0.4699	0.3614	0.1111	-0.400411
0.4754	0.4824	0.4967	0.3672	0.371	0.4815	0.2626	0.1818	0.2222	0.613054
0.4731	0.4687	0.4845	0.3787	0.3264	0.437	0.3256	0.2674	0.3488	0.345719
0.4502	0.4675	0.4966	0.3672	0.3947	0.4665	0.697	0.5	0.1184	0.646867
0.4593	0.4919	0.4906	0.3254	0.4313	0.4068	0.3711	0.1429	0.1238	1.57132
0.4582	0.4687	0.4932	0.3359	0.3085	0.471	0.4125	0.2439	0.3171	1.33509
0.4714	0.4704	0.4849	0.4124	0.3746	0.4466	0.5316	0.3544	0.4177	-0.513455
0.4641	0.4676	0.4841	0.3859	0.3582	0.4223	0.52	0.3467	0.28	0.1776
0.4661	0.4625	0.4796	0.3753	0.2773	0.4117	0.4286	0.2637	0.3297	0.440849
0.4659	0.4648	0.476	0.3909	0.3275	0.369	0.5132	0.3117	0.2593	0.0514944
0.4756	0.4934	0.4953	0.3884	0.4623	0.4747	0.3158	0.2211	0.2316	0.112805
0.4793	0.4753	0.4962	0.4357	0.3867	0.4835	0.5068	0.3151	0.3014	-1.1508
0.4806	0.483	0.4953	0.3924	0.415	0.4662	0.2478	0.2743	0.1681	0.0123738
0.4757	0.4711	0.4989	0.3987	0.3072	0.4868	0.3516	0.2198	0.0909	-0.147298
0.4615	0.4621	0.4915	0.3512	0.3248	0.445	0.413	0.337	0.1939	1.01006
0.4717	0.4797	0.4865	0.3781	0.3309	0.4396	0.3462	0.1646	0.3077	0.359062
0.4619	0.4709	0.4951	0.3909	0.3772	0.476	0.6053	0.3553	0.2658	0.0528058
0.4695	0.4767	0.48	0.4077	0.3789	0.4106	0.5455	0.2727	0.3182	-0.381896
0.485	0.4875	0.4963	0.4302	0.3907	0.4662	0.2941	0.1456	0.1262	-0.977138
0.4687	0.4633	0.492	0.3798	0.3336	0.4705	0.4026	0.3421	0.3816	0.322925
0.4706	0.4653	0.4992	0.3686	0.307	0.4872	0.3333	0.2745	0.0636	0.595942
0.4815	0.4741	0.4757	0.4412	0.3342	0.3466	0.4894	0.2234	0.2234	-1.32896
0.479	0.4681	0.4908	0.4332	0.349	0.4648	0.4921	0.3175	0.3651	-1.0618
0.4471	0.4439	0.4945	0.3575	0.2896	0.4835	0.6944	0.4675	0.5065	0.882636
0.459	0.4609	0.4619	0.3714	0.3306	0.339	0.5412	0.3647	0.3721	0.542434
0.4751	0.4773	0.4986	0.4059	0.3454	0.4763	0.398	0.2041	0.0642	-0.339115
0.4452	0.4569	0.4947	0.3122	0.2857	0.4794	0.5135	0.3243	0.3514	1.85306
0.4667	0.4723	0.482	0.3939	0.3658	0.4317	0.5143	0.3014	0.3857	-0.0240177
0.4408	0.4414	0.4942	0.3535	0.3462	0.4837	0.8026	0.7368	0.5658	0.989828
0.4711	0.4745	0.4954	0.4082	0.3757	0.4789	0.507	0.2958	0.2817	-0.39575
0.4542	0.4563	0.4886	0.3686	0.3531	0.4376	0.6216	0.5	0.2381	0.61117
0.4734	0.4818	0.4893	0.3947	0.3906	0.4297	0.3789	0.2245	0.1939	-0.0448895
0.4458	0.45	0.4987	0.3492	0.3603	0.4691	0.6667	0.6528	0.046	1.07555
0.4803	0.477	0.4936	0.419	0.3379	0.4648	0.3516	0.1978	0.2308	-0.678883
0.4776	0.4764	0.4836	0.4273	0.3324	0.3758	0.4824	0.1977	0.1744	-0.924248
0.4735	0.4807	0.4967	0.3844	0.4097	0.4603	0.3375	0.3	0.093	0.208646
0.467	0.466	0.4831	0.4038	0.3728	0.4375	0.5802	0.4198	0.3951	-0.286685
0.4669	0.4672	0.4716	0.3879	0.2999	0.3651	0.4742	0.2474	0.3093	0.128581
0.4708	0.4677	0.4806	0.3782	0.3519	0.4242	0.36	0.3289	0.3733	0.356499
0.4725	0.4714	0.4982	0.4176	0.3562	0.4837	0.5467	0.2911	0.125	-0.655314
0.4777	0.4734	0.4957	0.4087	0.3552	0.4731	0.3563	0.2644	0.1954	-0.402962
0.4837	0.482	0.4959	0.4207	0.3998	0.4647	0.2821	0.2436	0.1358	-0.694306
0.4766	0.467	0.4946	0.3891	0.3119	0.4734	0.3023	0.2644	0.2644	0.0933467
0.4796	0.4746	0.4985	0.4207	0.3536	0.4725	0.3763	0.2473	0.0612	-0.72942
0.4672	0.4979	0.4953	0.3944	0.466	0.4752	0.5062	0.0682	0.2386	-0.0372516
0.4604	0.4689	0.497	0.3781	0.3598	0.4884	0.5522	0.3333	0.3478	0.370022
0.4691	0.4723	0.4997	0.4114	0.3844	0.49	0.5893	0.3571	0.0323	-0.476309
0.4699	0.4896	0.4949	0.3794	0.4514	0.4622	0.3796	0.287	0.1622	0.343186
0.4851	0.4834	0.497	0.435	0.3933	0.4674	0.3171	0.2073	0.1059	-1.09099
0.4398	0.4366	0.4685	0.3518	0.3514	0.4154	0.8136	0.8833	0.65	1.01404
0.4836	0.4816	0.4881	0.4237	0.3665	0.382	0.2963	0.1852	0.1273	-0.804998
0.473	0.4718	0.4972	0.4037	0.3735	0.4782	0.4318	0.3295	0.1522	-0.278841
0.4651	0.4617	0.4988	0.3829	0.3279	0.4786	0.4831	0.3483	0.0606	0.255594
0.4801	0.482	0.497	0.416	0.382	0.4701	0.3398	0.2039	0.1132	-0.603157
0.4753	0.4795	0.4991	0.4042	0.42	0.4845	0.3861	0.3762	0.0648	-0.294041
0.4795	0.483	0.4901	0.4241	0.3848	0.4243	0.4022	0.1957	0.163	-0.827189
0.4689	0.4765	0.4964	0.3827	0.3518	0.4816	0.4103	0.2222	0.2436	0.253667
0.4602	0.449	0.4919	0.3935	0.284	0.4708	0.6727	0.4	0.3929	-0.0154479
0.4595	0.4645	0.4853	0.3815	0.3663	0.384	0.5926	0.4198	0.1648	0.294126
0.4471	0.453	0.4983	0.3256	0.3419	0.4842	0.5333	0.5067	0.119	1.58147
0.4454	0.4506	0.4687	0.3375	0.3502	0.3942	0.6111	0.5833	0.4722	1.33257
0.4863	0.4822	0.4975	0.4349	0.3799	0.4832	0.2857	0.1978	0.1758	-1.08907
0.4852	0.4797	0.4951	0.4208	0.3837	0.467	0.25	0.24	0.18	-0.707483
0.4821	0.4665	0.4948	0.4225	0.3074	0.4769	0.325	0.2625	0.3	-0.755605
0.4696	0.4792	0.4762	0.4131	0.3872	0.3418	0.5909	0.2556	0.2111	-0.541694
0.4663	0.4584	0.4943	0.4112	0.3559	0.4823	0.6716	0.4776	0.4776	-0.483549
0.4507	0.4473	0.4991	0.3325	0.2462	0.4778	0.5062	0.358	0.044	1.4349
0.4703	0.497	0.4974	0.4083	0.4809	0.4818	0.5294	0.1867	0.1733	-0.400159
0.4496	0.444	0.4926	0.3812	0.2904	0.4654	0.8438	0.4688	0.2817	0.303017
0.481	0.477	0.4989	0.3991	0.3919	0.4804	0.2589	0.3036	0.0588	-0.155186
0.4703	0.4845	0.4819	0.3787	0.4398	0.4273	0.3704	0.3704	0.358	0.34944
0.4568	0.4757	0.4715	0.3704	0.4187	0.3271	0.5775	0.4648	0.24	0.563398
0.473	0.4738	0.4952	0.412	0.3768	0.4694	0.4881	0.3095	0.1905	-0.503474
0.464	0.4569	0.4854	0.3718	0.2916	0.4398	0.4505	0.3333	0.3423	0.535866
0.4511	0.4498	0.4755	0.356	0.312	0.4187	0.6061	0.4545	0.4697	0.90356
0.4701	0.4563	0.4907	0.4039	0.3312	0.4661	0.5	0.4239	0.3913	-0.287715
0.4702	0.4687	0.4954	0.407	0.3605	0.4777	0.5211	0.338	0.2676	-0.366433
0.4756	0.4771	0.4984	0.4139	0.4049	0.4723	0.4324	0.3514	0.0617	-0.541458
0.4618	0.4667	0.4872	0.3948	0.3644	0.45	0.6406	0.3788	0.3636	-0.048434
0.4537	0.4408	0.475	0.3931	0.3041	0.3704	0.8594	0.5469	0.2754	-0.00422816
0.4605	0.458	0.4842	0.4132	0.3705	0.4498	0.9206	0.5556	0.4848	-0.549249
0.4611	0.4554	0.4906	0.3774	0.2893	0.4654	0.5333	0.3444	0.3889	0.395757
0.4878	0.4878	0.4943	0.4392	0.4126	0.4608	0.2673	0.1782	0.1782	-1.21023
0.4649	0.4761	0.4889	0.3895	0.3869	0.4537	0.5263	0.3026	0.3289	0.0884629
0.4698	0.4675	0.4946	0.376	0.3569	0.4796	0.369	0.3452	0.369	0.415824
0.4684	0.4819	0.4886	0.4006	0.4229	0.4283	0.5185	0.3333	0.2045	-0.198857
0.4687	0.4679	0.4883	0.3698	0.3419	0.3577	0.3659	0.3049	0.1047	0.562316
0.4724	0.477	0.4965	0.3994	0.3478	0.4843	0.4222	0.2111	0.2889	-0.167429
0.465	0.47	0.4926	0.3704	0.3708	0.4614	0.427	0.3483	0.2472	0.560387
0.4822	0.4797	0.4952	0.4328	0.3728	0.4671	0.3854	0.2188	0.1771	-1.06902
0.4652	0.4561	0.4834	0.3691	0.298	0.4222	0.419	0.3524	0.2952	0.598529
0.4496	0.4751	0.4757	0.3396	0.3645	0.4059	0.5513	0.2619	0.3846	1.28341
0.471	0.4673	0.4729	0.4038	0.3452	0.3642	0.4783	0.3188	0.2899	-0.277616
0.4457	0.4527	0.4971	0.3161	0.3288	0.49	0.5205	0.4658	0.411	1.77273
0.4773	0.4741	0.4913	0.4048	0.33	0.4573	0.3465	0.2178	0.2673	-0.304757
0.4748	0.476	0.4933	0.3788	0.3893	0.4656	0.3	0.3125	0.25	0.337761
0.4789	0.4939	0.4954	0.4145	0.4696	0.4111	0.358	0.2593	0.0595	-0.551297
0.4583	0.4687	0.4705	0.3831	0.3107	0.3246	0.6324	0.2466	0.2466	0.249478
0.4787	0.4689	0.4838	0.4318	0.3357	0.4096	0.4896	0.2812	0.2396	-1.06101
0.4772	0.4711	0.4965	0.4257	0.3496	0.4658	0.4789	0.2817	0.1184	-0.865109
0.4714	0.4761	0.4971	0.3804	0.3711	0.4736	0.3592	0.2621	0.125	0.313425
0.4671	0.4721	0.4949	0.367	0.33	0.448	0.381	0.2381	0.1136	0.631412
0.4691	0.4676	0.4977	0.3956	0.374	0.4802	0.4706	0.3971	0.1351	-0.0666247
0.4502	0.4967	0.4941	0.3346	0.4709	0.4127	0.5217	0.1316	0.0789	1.37331
0.4678	0.4688	0.4952	0.3828	0.307	0.4798	0.4304	0.2405	0.3165	0.252829
0.4597	0.4632	0.4969	0.3819	0.3501	0.4876	0.5904	0.3855	0.3373	0.283792
0.4575	0.4611	0.4755	0.3636	0.3768	0.3956	0.5286	0.5286	0.3429	0.719515
0.4776	0.4937	0.4941	0.3981	0.4534	0.452	0.3143	0.1651	0.1468	-0.131785
0.4806	0.4784	0.4979	0.4124	0.3307	0.4882	0.3125	0.1771	0.2188	-0.498989
0.4088	0.4469	0.4587	0.309	0.3829	0.4106	1.1579	0.9474	0.9474	1.9902
0.4688	0.4738	0.4782	0.3545	0.3485	0.3735	0.3211	0.2477	0.2385	0.927974
0.4663	0.4573	0.4871	0.3716	0.2889	0.4518	0.4096	0.3253	0.3855	0.526296
0.4723	0.4651	0.4984	0.4268	0.3943	0.4873	0.6567	0.5522	0.1467	-0.913104
0.473	0.4786	0.4927	0.4041	0.3858	0.4668	0.4348	0.2609	0.2899	-0.282188
0.4632	0.4636	0.4955	0.386	0.355	0.4386	0.5395	0.3947	0.0833	0.177688
0.4744	0.475	0.4896	0.396	0.3903	0.4395	0.3662	0.3333	0.2222	-0.0749497
0.452	0.4678	0.4528	0.378	0.3986	0.2743	0.7432	0.52	0.3467	0.383704
0.4772	0.4668	0.4948	0.4098	0.3403	0.4804	0.3714	0.3143	0.3714	-0.423349
0.4776	0.485	0.4974	0.4243	0.4356	0.4784	0.4557	0.325	0.1375	-0.830368
0.456	0.4493	0.4978	0.3546	0.3375	0.4811	0.5116	0.5465	0.1313	0.943619
0.4708	0.4651	0.4944	0.4117	0.3705	0.4699	0.5441	0.4265	0.2353	-0.490945
0.4741	0.4768	0.4839	0.4219	0.4019	0.425	0.541	0.3443	0.2951	-0.759501
0.461	0.4574	0.4971	0.367	0.306	0.4894	0.4824	0.3529	0.3765	0.644949
0.466	0.4826	0.4956	0.4126	0.4468	0.482	0.7	0.5167	0.3333	-0.518924
0.4816	0.4838	0.4929	0.4259	0.4199	0.4544	0.3563	0.2759	0.1932	-0.861585
0.4581	0.4722	0.4969	0.369	0.3755	0.4673	0.5455	0.3295	0.1089	0.604819
0.4697	0.4698	0.4923	0.3731	0.359	0.4634	0.3611	0.3194	0.2778	0.475598
0.4663	0.4731	0.494	0.4041	0.4052	0.4459	0.6027	0.4384	0.1316	-0.293273
0.4656	0.4669	0.4964	0.3878	0.3069	0.4828	0.5	0.2581	0.2688	0.133063
0.471	0.4658	0.4936	0.4154	0.3529	0.4716	0.5714	0.3571	0.2976	-0.602051
0.4676	0.4584	0.4634	0.4002	0.3344	0.3227	0.5362	0.4058	0.3188	-0.186904
0.4809	0.4814	0.4961	0.4354	0.3817	0.4782	0.45	0.2125	0.225	-1.14074
0.4773	0.4785	0.4781	0.3909	0.3547	0.3622	0.2963	0.2037	0.2202	0.0501818
0.4601	0.4681	0.4667	0.3832	0.3926	0.3772	0.5902	0.4754	0.4262	0.243446
0.4695	0.4663	0.4961	0.4177	0.3278	0.4571	0.6429	0.2958	0.1053	-0.661452
0.4669	0.4667	0.4946	0.4005	0.3673	0.4748	0.5556	0.3889	0.2778	-0.195138
0.4752	0.4958	0.4957	0.4026	0.4488	0.4582	0.3797	0.0952	0.119	-0.244853
0.4806	0.4734	0.4888	0.4094	0.322	0.445	0.2991	0.215	0.271	-0.422149
0.467	0.474	0.4928	0.3781	0.3372	0.4655	0.4239	0.2283	0.2717	0.373532
0.4721	0.4696	0.4704	0.3984	0.3651	0.3731	0.4217	0.3373	0.3494	-0.13899
0.4512	0.4803	0.4731	0.3761	0.3844	0.3484	0.7467	0.2326	0.2558	0.433529
0.448	0.4678	0.4827	0.3291	0.3431	0.4286	0.534	0.3077	0.3462	1.54027
0.4375	0.4427	0.4913	0.3267	0.3028	0.4741	0.6914	0.5185	0.5185	1.59594
0.4822	0.4852	0.4942	0.4273	0.401	0.4633	0.3506	0.1948	0.1948	-0.887379
0.4563	0.4696	0.4807	0.3675	0.3807	0.3927	0.5714	0.3896	0.2468	0.635874
0.4484	0.4609	0.497	0.358	0.3505	0.4768	0.6712	0.4189	0.1548	0.870821
0.4741	0.478	0.4966	0.4067	0.367	0.4407	0.4253	0.2299	0.0652	-0.358624
0.4494	0.4666	0.4919	0.3297	0.3691	0.4746	0.5147	0.3971	0.4853	1.47585
0.4463	0.4462	0.486	0.3668	0.3352	0.4559	0.7875	0.5875	0.4875	0.668506
0.4665	0.4609	0.4956	0.388	0.3038	0.4499	0.4819	0.3133	0.1011	0.126374
0.4863	0.4828	0.492	0.4443	0.3786	0.4371	0.3444	0.1889	0.1556	-1.37212
0.4706	0.4752	0.4738	0.3653	0.3825	0.3784	0.3235	0.3039	0.3137	0.673497
0.4811	0.4751	0.4928	0.393	0.3369	0.434	0.2414	0.2159	0.1304	-0.000687054
0.4727	0.4651	0.4954	0.4075	0.3542	0.4782	0.4625	0.3704	0.275	-0.379858
0.4748	0.4745	0.4978	0.3942	0.31	0.4873	0.35	0.1928	0.2169	-0.0304928
0.4649	0.4653	0.4933	0.377	0.3312	0.4702	0.4578	0.3133	0.3012	0.397937
0.4726	0.4747	0.4837	0.3999	0.3879	0.4003	0.4211	0.3289	0.2179	-0.177426
0.4501	0.4592	0.4749	0.3522	0.3796	0.4025	0.6032	0.5873	0.3846	0.986938
0.4706	0.4713	0.4955	0.3979	0.3735	0.4815	0.4512	0.3373	0.3253	-0.12829
0.4606	0.4488	0.4611	0.3902	0.2853	0.3423	0.6329	0.4051	0.3924	0.0700502
0.4814	0.4795	0.4931	0.4123	0.3664	0.4416	0.2963	0.2099	0.1412	-0.483821
0.4671	0.46	0.4947	0.382	0.3242	0.4801	0.44	0.36	0.3733	0.272608
0.4739	0.4734	0.4992	0.4072	0.3827	0.4872	0.4314	0.3333	0.0631	-0.375673
0.4834	0.4862	0.4964	0.4396	0.4274	0.4681	0.4051	0.2532	0.1325	-1.2441
0.4757	0.4848	0.4989	0.3896	0.4042	0.4843	0.3187	0.2088	0.0745	0.0819564
0.4827	0.4876	0.4966	0.4183	0.4193	0.4664	0.2933	0.1974	0.1154	-0.631134
0.4481	0.4531	0.487	0.3608	0.3607	0.4152	0.6962	0.5949	0.1978	0.809883
0.4679	0.4668	0.4848	0.3983	0.3594	0.4363	0.5147	0.3623	0.3333	-0.136498
0.4677	0.4804	0.4819	0.4156	0.4206	0.3712	0.679	0.358	0.1882	-0.611786
0.4744	0.4752	0.4846	0.4242	0.4052	0.4297	0.5541	0.3919	0.3026	-0.836707
0.4703	0.4727	0.4966	0.3669	0.367	0.4419	0.3333	0.2989	0.0659	0.627416
0.4729	0.4733	0.4955	0.4105	0.3836	0.4806	0.4789	0.338	0.3099	-0.45576
0.4725	0.4666	0.4969	0.3885	0.313	0.4626	0.37	0.27	0.0935	0.11117
0.4722	0.4678	0.4947	0.3974	0.3489	0.4689	0.4167	0.3214	0.2143	-0.115085
0.4794	0.4832	0.4909	0.4184	0.4049	0.4461	0.369	0.2381	0.2143	-0.658588
0.4827	0.4728	0.4994	0.4499	0.3575	0.4867	0.5538	0.2769	0.0441	-1.55593
0.4716	0.4664	0.4968	0.3725	0.3036	0.483	0.3294	0.2588	0.2353	0.493496
0.464	0.4673	0.4955	0.361	0.3449	0.4647	0.4091	0.3182	0.1522	0.779543
0.4728	0.4719	0.4947	0.3921	0.3386	0.4754	0.3797	0.2532	0.2785	0.019572
0.4772	0.4753	0.4976	0.3931	0.3156	0.4852	0.3048	0.1905	0.2	-0.00526878
0.4655	0.4722	0.4858	0.3884	0.3806	0.4477	0.5063	0.3452	0.3924	0.115998
0.4787	0.4761	0.4934	0.4268	0.3488	0.4409	0.4444	0.2222	0.1325	-0.90018
0.4686	0.4707	0.4982	0.4085	0.3953	0.4793	0.5769	0.4359	0.0952	-0.410614
0.4742	0.4813	0.4964	0.4137	0.4032	0.4652	0.4684	0.2658	0.1205	-0.543944
0.4728	0.4674	0.4959	0.3972	0.3287	0.4818	0.4026	0.2857	0.2987	-0.108405
0.4574	0.4484	0.4891	0.3682	0.2902	0.4613	0.5541	0.4189	0.4054	0.616354
0.4716	0.466	0.4926	0.4081	0.3407	0.4709	0.4935	0.3247	0.3506	-0.395391
0.4744	0.48	0.4907	0.4075	0.3817	0.436	0.4231	0.2308	0.1827	-0.383755
0.4749	0.4744	0.4991	0.3839	0.3362	0.4857	0.3131	0.2222	0.0648	0.224671
0.4413	0.4538	0.487	0.3524	0.3484	0.4588	0.7826	0.5211	0.4789	1.00821
0.4735	0.486	0.4931	0.4013	0.435	0.4558	0.4095	0.2952	0.1927	-0.218831
0.4704	0.4678	0.4937	0.4138	0.3321	0.4732	0.5745	0.2872	0.3191	-0.563127
0.4416	0.4296	0.4502	0.3643	0.2695	0.3512	0.8831	0.5844	0.5974	0.732594
0.4723	0.4695	0.4909	0.3989	0.3439	0.4532	0.4217	0.2892	0.253	-0.152835
0.4711	0.4681	0.4864	0.3927	0.3733	0.4392	0.4133	0.3867	0.3067	0.00694606
0.476	0.4803	0.4951	0.3872	0.391	0.4712	0.3048	0.2476	0.2095	0.143867
0.4813	0.4798	0.4977	0.4389	0.357	0.4803	0.4706	0.1932	0.1364	-1.24906
0.4737	0.488	0.4936	0.4015	0.4551	0.4734	0.4045	0.382	0.3258	-0.221849
0.4757	0.4726	0.499	0.3788	0.3552	0.4878	0.2857	0.2747	0.0918	0.340551
0.4727	0.4878	0.4831	0.4103	0.4134	0.4241	0.4828	0.1798	0.3103	-0.456817
0.4672	0.4708	0.4943	0.3876	0.363	0.4716	0.4658	0.3151	0.2603	0.134099
0.4621	0.4545	0.4807	0.392	0.3252	0.4293	0.6076	0.4304	0.4051	0.0247892
0.4878	0.4806	0.4952	0.4276	0.3945	0.416	0.2184	0.2529	0.0659	-0.855198
0.4799	0.4796	0.4943	0.4121	0.3677	0.466	0.3263	0.2105	0.2105	-0.492462
0.4696	0.4663	0.4885	0.3945	0.3713	0.4455	0.4545	0.4091	0.2841	-0.0402237
0.4386	0.4647	0.4737	0.3696	0.374	0.3659	1.0339	0.4478	0.2836	0.597989
0.4467	0.4478	0.4965	0.3726	0.3122	0.4745	0.8312	0.4805	0.163	0.524296
0.4433	0.4497	0.4703	0.3557	0.3404	0.4079	0.7632	0.5526	0.5263	0.935116
0.4657	0.4561	0.4919	0.3925	0.3149	0.4677	0.5286	0.3857	0.3429	0.010174
0.4653	0.4584	0.4923	0.4021	0.3143	0.4589	0.6119	0.3582	0.24	-0.237655
0.4708	0.48	0.4991	0.3827	0.3925	0.4878	0.3762	0.2574	0.0818	0.258865
0.4796	0.4763	0.4979	0.4312	0.3605	0.4874	0.4545	0.2386	0.2045	-1.03197
0.4787	0.4764	0.493	0.4149	0.3034	0.465	0.3659	0.1707	0.2602	-0.584852
0.4497	0.4607	0.4956	0.3717	0.3614	0.4614	0.7463	0.4627	0.1351	0.538392
0.4655	0.4646	0.4987	0.3764	0.233	0.4725	0.4444	0.2111	0.051	0.415204
0.4716	0.4585	0.4976	0.3931	0.3354	0.457	0.407	0.407	0.0612	-0.00534287
0.4501	0.4501	0.4868	0.3595	0.3231	0.4552	0.6471	0.4824	0.4353	0.840285
0.47	0.4691	0.471	0.4127	0.3742	0.3387	0.5758	0.3737	0.2626	-0.534303
0.4702	0.4663	0.4902	0.3933	0.3199	0.4445	0.4348	0.2826	0.2283	-0.00933895
0.4627	0.4627	0.4894	0.3697	0.2771	0.4002	0.4643	0.2619	0.1319	0.57699
0.4765	0.4758	0.491	0.3653	0.3608	0.4511	0.2456	0.2456	0.2368	0.662593
0.4771	0.4797	0.4856	0.4231	0.3728	0.4387	0.4605	0.2179	0.3289	-0.795782
0.4742	0.4742	0.4963	0.3951	0.3742	0.4706	0.3662	0.2958	0.1486	-0.0531447
0.4728	0.47	0.4975	0.3869	0.3374	0.488	0.3587	0.2717	0.2717	0.15131
0.4714	0.4675	0.4871	0.3877	0.3304	0.4094	0.3861	0.2871	0.1827	0.132861
0.4729	0.489	0.4922	0.3741	0.4421	0.4511	0.3148	0.25	0.2	0.46641
0.46	0.4653	0.4932	0.3643	0.3636	0.46	0.4872	0.3974	0.2152	0.704854
0.4635	0.4612	0.4981	0.3837	0.3217	0.4794	0.519	0.3418	0.1034	0.235437
0.4615	0.4641	0.4986	0.3145	0.3041	0.4851	0.3239	0.2817	0.1013	1.71272
0.4766	0.4775	0.4679	0.4136	0.415	0.3495	0.4074	0.3951	0.321	-0.536861
0.4678	0.4691	0.4987	0.3727	0.3186	0.485	0.3895	0.2526	0.099	0.502957
0.4585	0.4611	0.4875	0.3835	0.3644	0.4488	0.629	0.4677	0.3387	0.238228
0.476	0.4784	0.4979	0.418	0.3871	0.4744	0.4507	0.2676	0.0921	-0.651158
0.4521	0.4452	0.4967	0.3636	0.2565	0.4869	0.6322	0.3908	0.3444	0.741052
0.4708	0.4753	0.4956	0.3672	0.3269	0.4747	0.3258	0.2022	0.2135	0.6202
0.4647	0.4715	0.4945	0.3452	0.3424	0.479	0.3516	0.2637	0.3626	1.12786
0.4489	0.4536	0.4778	0.3485	0.354	0.4236	0.6056	0.5493	0.4444	1.08312
0.4489	0.4507	0.4973	0.3354	0.3119	0.4753	0.5443	0.443	0.1264	1.37629
0.4861	0.4967	0.4983	0.4351	0.471	0.4753	0.2925	0.1321	0.0741	-1.11628
0.484	0.486	0.489	0.3981	0.4148	0.4212	0.208	0.216	0.176	-0.128318
0.4512	0.4544	0.4964	0.3513	0.2895	0.4872	0.5789	0.3553	0.3947	1.01913
0.452	0.4556	0.459	0.3737	0.3699	0.3461	0.7077	0.6	0.4328	0.485908
0.4753	0.4694	0.4951	0.4223	0.3819	0.4791	0.5068	0.3973	0.3151	-0.77849
0.4727	0.4878	0.4922	0.3687	0.4311	0.4418	0.303	0.2323	0.1635	0.586181
0.4736	0.4609	0.493	0.4053	0.3338	0.4701	0.4286	0.3714	0.3143	-0.315281
0.4701	0.4949	0.4959	0.3896	0.4797	0.4698	0.4194	0.3387	0.1618	0.0820226
0.4842	0.4967	0.4971	0.4291	0.4547	0.4555	0.3085	0.0825	0.0722	-0.942488
0.4651	0.4613	0.4917	0.3834	0.3773	0.4686	0.4857	0.5286	0.3714	0.239279
0.4539	0.4445	0.4771	0.3764	0.2892	0.4313	0.6842	0.4605	0.5395	0.423684
0.4727	0.4924	0.4955	0.4062	0.4594	0.481	0.4533	0.24	0.32	-0.340442
0.4662	0.469	0.4942	0.3945	0.3622	0.4574	0.5294	0.3382	0.1644	-0.0401214
0.4644	0.4835	0.4848	0.37	0.3859	0.4438	0.4366	0.1918	0.3944	0.558777
0.4304	0.4458	0.4416	0.3458	0.3551	0.3469	0.9853	0.7059	0.7353	1.17682
0.4711	0.4792	0.4954	0.358	0.3836	0.4735	0.299	0.2474	0.2165	0.830883
0.4741	0.4762	0.4893	0.3831	0.3247	0.4287	0.3232	0.1919	0.19	0.24526
0.4664	0.4705	0.4971	0.3872	0.3372	0.4718	0.481	0.2658	0.1176	0.146254
0.4824	0.4852	0.4902	0.4272	0.4093	0.451	0.3452	0.2143	0.2619	-0.891321
0.4848	0.4819	0.4973	0.449	0.3859	0.4708	0.4468	0.2128	0.1031	-1.55045
0.4735	0.4674	0.4961	0.4287	0.3589	0.4558	0.6389	0.3514	0.1	-0.972491
0.4712	0.473	0.4874	0.4235	0.3742	0.4424	0.6567	0.3134	0.2985	-0.821424
0.4672	0.4761	0.4891	0.3796	0.362	0.3944	0.4268	0.2439	0.1294	0.333021
0.4506	0.4641	0.4987	0.3603	0.3847	0.4839	0.641	0.5128	0.087	0.817164
0.4592	0.4692	0.4661	0.3696	0.3785	0.3648	0.5278	0.3889	0.3889	0.579398
0.4536	0.4451	0.4918	0.3588	0.2869	0.4708	0.5747	0.4483	0.4023	0.852392
0.4641	0.4688	0.4946	0.3822	0.3561	0.4453	0.5	0.3247	0.1149	0.271367
0.4763	0.4763	0.4804	0.3969	0.3745	0.3946	0.3333	0.2667	0.2556	-0.100177
0.4705	0.4789	0.4923	0.4008	0.3981	0.4602	0.4722	0.2917	0.25	-0.201055
0.4697	0.473	0.4733	0.3971	0.3674	0.3481	0.4659	0.2967	0.2527	-0.108259
0.4715	0.4985	0.4978	0.399	0.4774	0.489	0.44	0.0741	0.2533	-0.155539
0.4706	0.4697	0.4956	0.3898	0.3383	0.4792	0.4096	0.2771	0.2771	0.0790454
0.4781	0.4808	0.4969	0.4156	0.4068	0.468	0.383	0.2872	0.1111	-0.592862
0.4617	0.4679	0.4778	0.3456	0.3576	0.4029	0.3924	0.3418	0.3291	1.11637
0.4723	0.4801	0.4969	0.4034	0.3873	0.481	0.4468	0.2421	0.2021	-0.274792
0.4722	0.4733	0.4953	0.388	0.3551	0.4786	0.3735	0.2651	0.2892	0.122915
0.4799	0.4806	0.4974	0.4195	0.378	0.4851	0.3636	0.2159	0.2159	-0.690994
0.4802	0.48	0.4973	0.4134	0.3182	0.4802	0.3261	0.1522	0.163	-0.525187
0.473	0.4861	0.4882	0.3957	0.4046	0.4344	0.3902	0.1882	0.2353	-0.069127
0.4476	0.49	0.4945	0.3499	0.4683	0.4383	0.6377	0.4783	0.1039	1.05154
0.4579	0.4643	0.483	0.3473	0.3579	0.4352	0.4524	0.3929	0.381	1.09955
0.4716	0.467	0.4884	0.394	0.3476	0.4541	0.411	0.3288	0.3562	-0.0266731
0.4612	0.4635	0.4876	0.3985	0.3556	0.4499	0.6923	0.3974	0.3462	-0.146076
0.4762	0.4719	0.4993	0.4207	0.3405	0.49	0.4667	0.2556	0.0816	-0.741572
0.477	0.4888	0.4886	0.4323	0.411	0.4452	0.5541	0.1579	0.2763	-1.06467
0.4772	0.4691	0.4968	0.417	0.3066	0.4478	0.4125	0.2375	0.0698	-0.625158
0.4739	0.4727	0.4933	0.4109	0.3478	0.4691	0.4568	0.2593	0.284	-0.468745
0.4598	0.4646	0.4857	0.3854	0.3677	0.4523	0.6143	0.4225	0.4507	0.192144
0.4599	0.4446	0.4989	0.3896	0.2725	0.4886	0.6441	0.4237	0.1077	0.0851102
0.4687	0.474	0.4811	0.3851	0.3966	0.3917	0.425	0.375	0.2375	0.196828
0.4686	0.4757	0.4772	0.4027	0.4029	0.3961	0.5286	0.3714	0.3143	-0.251135
0.4788	0.4917	0.4874	0.3977	0.4487	0.4164	0.2925	0.2037	0.1944	-0.121279
0.4781	0.4693	0.4947	0.4175	0.3661	0.4753	0.3951	0.3457	0.284	-0.638947
0.475	0.4909	0.4887	0.4028	0.4358	0.4135	0.3855	0.1765	0.1647	-0.251493
0.4628	0.4603	0.4844	0.3928	0.3374	0.4202	0.5972	0.3889	0.2639	0.00309246
0.4505	0.4874	0.4947	0.3904	0.4093	0.4844	0.9298	0.1774	0.5263	0.065067
0.4772	0.4731	0.4973	0.4224	0.3768	0.4697	0.4533	0.32	0.1026	-0.77509
0.4732	0.4743	0.4983	0.4175	0.3791	0.4734	0.5256	0.3077	0.0706	-0.65172
0.4598	0.4562	0.4941	0.3574	0.2872	0.4405	0.4615	0.3333	0.1163	0.86321
0.474	0.4769	0.4978	0.4008	0.3471	0.4772	0.3947	0.2105	0.1111	-0.198183
0.4756	0.4775	0.4901	0.3799	0.3537	0.4385	0.2913	0.2136	0.2039	0.321226
0.4572	0.4834	0.4937	0.3537	0.439	0.4562	0.4875	0.4	0.1744	0.954888
0.4758	0.4742	0.4986	0.4159	0.3235	0.4852	0.4419	0.2093	0.1087	-0.603828
0.4839	0.4846	0.495	0.4112	0.3842	0.4649	0.2435	0.1739	0.1724	-0.464687
0.465	0.4641	0.496	0.3738	0.3241	0.4626	0.4419	0.314	0.1237	0.477321
0.4731	0.4718	0.499	0.3632	0.3139	0.4844	0.2842	0.2211	0.07	0.708131
0.4826	0.4845	0.4965	0.434	0.3965	0.4756	0.3827	0.1975	0.1728	-1.08477
0.4749	0.4793	0.4979	0.4194	0.3953	0.4879	0.4943	0.2759	0.2184	-0.70778
0.4638	0.4755	0.4887	0.3749	0.3946	0.4519	0.4677	0.3387	0.3226	0.438927
0.4694	0.4731	0.4796	0.387	0.3836	0.4086	0.4211	0.3421	0.3165	0.148772
0.4685	0.4641	0.4962	0.4079	0.3411	0.4737	0.575	0.35	0.1724	-0.396529
0.4671	0.4708	0.4888	0.382	0.3781	0.4521	0.44	0.36	0.32	0.270953
0.4767	0.4738	0.487	0.4228	0.3667	0.4333	0.4691	0.284	0.2593	-0.793682
0.4689	0.49	0.4954	0.4104	0.4581	0.4758	0.5857	0.3286	0.2429	-0.460981
0.4662	0.4659	0.474	0.3791	0.3294	0.3758	0.4444	0.303	0.303	0.350357
0.4824	0.482	0.4982	0.401	0.3882	0.4873	0.241	0.2169	0.1687	-0.194208
0.4792	0.4806	0.4994	0.392	0.3825	0.49	0.2676	0.2254	0.0685	0.0220592
0.4725	0.4979	0.4985	0.4044	0.4822	0.4802	0.4474	0.1358	0.0864	-0.294864
0.4737	0.4948	0.4938	0.4191	0.467	0.4471	0.5253	0.1923	0.1402	-0.709137
0.4613	0.4581	0.4837	0.394	0.3377	0.4407	0.6452	0.4194	0.4032	-0.0267423
0.458	0.4696	0.4702	0.3794	0.3999	0.3599	0.6111	0.4861	0.3151	0.343996
0.4658	0.4672	0.4967	0.3773	0.3387	0.4824	0.4432	0.3068	0.2386	0.392263
0.4693	0.4598	0.4972	0.4076	0.3304	0.4734	0.5507	0.3768	0.1216	-0.383145
0.4661	0.4741	0.4847	0.4078	0.4102	0.4378	0.6438	0.4459	0.3467	-0.393351
0.4769	0.4709	0.4938	0.409	0.2863	0.4073	0.3761	0.2018	0.0796	-0.421683
0.4413	0.4506	0.4903	0.3702	0.3558	0.4724	0.9571	0.6143	0.5571	0.587817
0.4676	0.4617	0.4938	0.4002	0.3551	0.4763	0.5352	0.4225	0.3662	-0.186868
0.4768	0.4816	0.4959	0.3769	0.3778	0.4713	0.2658	0.2025	0.1707	0.376498
0.4605	0.4989	0.4993	0.3461	0.4875	0.488	0.411	0.0952	0.0595	1.1022
0.4962	0.4948	0.4963	0.4791	0.4659	0.4639	0.2247	0.1848	0.1196	-2.27657
0.4734	0.4766	0.4893	0.3721	0.3712	0.447	0.3023	0.2558	0.2674	0.499571
0.4631	0.4805	0.4809	0.3832	0.4243	0.3713	0.525	0.375	0.2	0.246673
0.4679	0.4768	0.4947	0.393	0.3868	0.4606	0.481	0.2911	0.1628	-0.0011248
0.476	0.4707	0.4947	0.392	0.3197	0.4439	0.3214	0.2381	0.1111	0.0222272
0.4785	0.4769	0.4866	0.4054	0.3627	0.4279	0.3258	0.236	0.2472	-0.316888
0.4693	0.4692	0.491	0.4036	0.2701	0.4519	0.519	0.2025	0.2405	-0.277272
0.4649	0.4616	0.4746	0.3783	0.3447	0.3166	0.4639	0.3918	0.198	0.371367
0.4788	0.4912	0.4926	0.4326	0.4419	0.439	0.4937	0.1899	0.1481	-1.06748
0.4713	0.4648	0.4992	0.413	0.3295	0.49	0.5395	0.3158	0.0833	-0.529193
0.4612	0.4681	0.4882	0.3795	0.3559	0.4308	0.5432	0.3333	0.2209	0.342125
0.4738	0.4699	0.489	0.411	0.3853	0.4441	0.4607	0.4045	0.2609	-0.476956
0.4576	0.4819	0.4804	0.3722	0.3903	0.3824	0.573	0.2222	0.2268	0.527623
0.4603	0.4701	0.4715	0.372	0.3564	0.3864	0.519	0.3086	0.3797	0.523062
0.4696	0.4675	0.494	0.401	0.3352	0.4754	0.4938	0.2963	0.3333	-0.210499
0.471	0.4593	0.4992	0.4144	0.323	0.49	0.5634	0.3662	0.0909	-0.567063
0.4747	0.479	0.4975	0.4071	0.3628	0.4854	0.4141	0.21	0.2121	-0.370405
0.4675	0.4744	0.4881	0.3982	0.3799	0.4505	0.5238	0.3095	0.3333	-0.136781
0.462	0.4698	0.4976	0.3614	0.3437	0.4892	0.4405	0.2857	0.2857	0.773216
0.4573	0.4634	0.471	0.3675	0.3655	0.3925	0.5526	0.4342	0.4156	0.634237
0.4715	0.4733	0.499	0.3982	0.3067	0.4889	0.4353	0.2	0.0957	-0.135222
0.4803	0.4833	0.4959	0.4131	0.3869	0.4778	0.3218	0.1954	0.2299	-0.513081
0.4789	0.4738	0.4981	0.4	0.373	0.4683	0.2989	0.2989	0.0645	-0.176747
0.4759	0.4779	0.4977	0.396	0.4056	0.4858	0.3375	0.3375	0.1951	-0.0750599
0.4731	0.4779	0.4821	0.3831	0.3769	0.3947	0.34	0.25	0.23	0.244964
0.4739	0.4729	0.4903	0.385	0.3441	0.405	0.3333	0.25	0.1264	0.195798
0.4514	0.446	0.4818	0.3512	0.3088	0.3939	0.5753	0.4932	0.2317	1.01907
0.4734	0.4868	0.4939	0.4284	0.4003	0.4525	0.6393	0.1692	0.1538	-0.949321
0.4764	0.4741	0.4975	0.4073	0.3754	0.4825	0.3763	0.3011	0.1702	-0.371581
0.4628	0.4718	0.4883	0.3887	0.3906	0.4485	0.5676	0.3919	0.3108	0.10746
0.4639	0.4657	0.487	0.3938	0.3408	0.3719	0.5802	0.3293	0.1294	-0.0237182
0.4816	0.4837	0.4855	0.4239	0.3939	0.3913	0.3469	0.2041	0.1735	-0.81593
0.4779	0.473	0.4963	0.4094	0.3692	0.4618	0.3548	0.3011	0.1111	-0.42335
0.4797	0.4822	0.487	0.413	0.396	0.37	0.3333	0.2308	0.1282	-0.5266
0.474	0.4735	0.4849	0.3888	0.2533	0.4216	0.3441	0.1613	0.2581	0.10333
0.4735	0.4728	0.4763	0.4082	0.3719	0.3999	0.4483	0.3103	0.3448	-0.399324
0.4459	0.4505	0.4664	0.3568	0.3348	0.3935	0.716	0.5185	0.5185	0.907697
0.4688	0.4627	0.4977	0.415	0.3402	0.466	0.6349	0.3651	0.0735	-0.582178
0.4788	0.4773	0.4901	0.4288	0.3874	0.4516	0.4571	0.2857	0.2714	-0.942824
0.4801	0.4848	0.4965	0.4205	0.4085	0.476	0.3625	0.2195	0.175	-0.710266
0.4607	0.4571	0.4992	0.3897	0.2741	0.4841	0.625	0.3068	0.0505	0.0857624
0.4773	0.4663	0.4892	0.4227	0.33	0.4566	0.45	0.3	0.3443	-0.763177
0.4664	0.4649	0.4877	0.3732	0.3291	0.4543	0.4143	0.3143	0.3857	0.479598
0.4722	0.4972	0.4963	0.3949	0.4817	0.4026	0.4024	0.1848	0.0435	-0.0488429
0.4809	0.4777	0.4933	0.4208	0.3507	0.4682	0.3448	0.2069	0.2759	-0.721729
0.4646	0.4699	0.4952	0.3612	0.3227	0.4342	0.4	0.25	0.0841	0.781001
0.4648	0.4732	0.4883	0.3932	0.3937	0.4206	0.5541	0.3784	0.1875	-0.00801789
0.4725	0.4688	0.4967	0.3909	0.3423	0.4451	0.3789	0.2947	0.0673	0.0506526
0.4761	0.4677	0.491	0.4193	0.355	0.4544	0.4595	0.3378	0.2568	-0.689335
0.459	0.467	0.4964	0.3592	0.3592	0.4659	0.4815	0.358	0.1222	0.826943
0.4697	0.4816	0.4904	0.4063	0.3789	0.4463	0.5301	0.2048	0.2289	-0.352846
0.4658	0.4761	0.4972	0.355	0.3978	0.4796	0.3626	0.3407	0.1596	0.911617
0.4682	0.4972	0.4989	0.3834	0.4695	0.4802	0.4268	0.1034	0.0575	0.239708
0.479	0.4773	0.4928	0.4172	0.3581	0.4571	0.3708	0.2222	0.2111	-0.630512
0.4726	0.4678	0.4968	0.3637	0.3285	0.392	0.2927	0.2805	0.0337	0.686378
0.4753	0.4772	0.4877	0.3897	0.402	0.4479	0.3253	0.3373	0.3253	0.0785023
0.4663	0.475	0.4904	0.3874	0.3906	0.3801	0.4828	0.3333	0.0989	0.140974
0.4686	0.4672	0.4854	0.408	0.3768	0.4434	0.573	0.4157	0.3708	-0.402168
0.4783	0.4812	0.4827	0.423	0.4183	0.3029	0.425	0.325	0.1205	-0.791483
0.4676	0.4567	0.4743	0.4134	0.3563	0.4171	0.6557	0.5079	0.4921	-0.540427
0.471	0.4642	0.4888	0.407	0.3021	0.4463	0.5	0.2778	0.2778	-0.363813
0.451	0.4634	0.497	0.3556	0.3694	0.4889	0.6056	0.4507	0.3662	0.919528
0.4607	0.4645	0.481	0.3819	0.3693	0.3721	0.5692	0.4308	0.2	0.276396
0.4561	0.4601	0.4974	0.3575	0.3586	0.465	0.5238	0.4603	0.0845	0.853693
0.458	0.4633	0.4955	0.372	0.3623	0.4583	0.5647	0.4235	0.125	0.530114
0.4778	0.484	0.4971	0.3918	0.3969	0.4802	0.29	0.2059	0.1765	0.0281649
0.4683	0.4658	0.4857	0.3962	0.3054	0.4358	0.4933	0.2667	0.3067	-0.0839778
0.4337	0.4385	0.474	0.3301	0.3074	0.3922	0.7821	0.5897	0.358	1.52874
0.4823	0.4828	0.4815	0.4209	0.3584	0.3875	0.3131	0.1616	0.2222	-0.726974
0.4728	0.4719	0.4886	0.4032	0.3311	0.4349	0.4333	0.2418	0.2283	-0.266947
0.4521	0.4501	0.4935	0.3653	0.3165	0.4616	0.6418	0.4627	0.2105	0.689349
0.4815	0.4793	0.4968	0.4181	0.3908	0.4504	0.3187	0.2637	0.0737	-0.648056
0.4756	0.4844	0.49	0.379	0.4202	0.45	0.2892	0.2651	0.2651	0.332462
0.4737	0.4962	0.4964	0.3738	0.4785	0.4608	0.3021	0.2188	0.1058	0.464073
0.4631	0.462	0.4987	0.3644	0.3466	0.4863	0.4348	0.3913	0.1053	0.688429
0.4755	0.4986	0.4979	0.4037	0.4802	0.4745	0.378	0.0787	0.0899	-0.274428
0.4651	0.4637	0.488	0.3716	0.3505	0.4439	0.4304	0.3797	0.2875	0.524212
0.4793	0.4796	0.4948	0.3974	0.3711	0.4722	0.283	0.217	0.2358	-0.113118
0.4628	0.467	0.4945	0.3879	0.3753	0.4778	0.5625	0.4125	0.3333	0.130351
0.4657	0.4657	0.4919	0.3804	0.3196	0.4222	0.4578	0.2892	0.1264	0.316326
0.4806	0.4812	0.4953	0.4279	0.3545	0.4724	0.3962	0.1743	0.211	-0.94258
0.4841	0.4849	0.4971	0.4222	0.3737	0.4684	0.2787	0.1557	0.1048	-0.768362
0.4756	0.4915	0.4956	0.4077	0.4642	0.4522	0.3958	0.3229	0.1068	-0.384172
0.4596	0.4908	0.4897	0.3849	0.468	0.438	0.6143	0.4143	0.2113	0.205828
0.4732	0.4715	0.4929	0.3676	0.3669	0.4607	0.2935	0.3152	0.2283	0.606882
0.462	0.466	0.4784	0.3401	0.3349	0.3797	0.3735	0.3133	0.25	1.23564
0.48	0.4888	0.4959	0.4045	0.4259	0.4728	0.2929	0.1919	0.1818	-0.2936
0.4611	0.4616	0.4928	0.3765	0.3467	0.465	0.5278	0.3973	0.2703	0.41044
0.4585	0.4713	0.4948	0.3648	0.3296	0.4756	0.5156	0.2462	0.2769	0.685179
0.4749	0.4708	0.4975	0.3909	0.3474	0.4789	0.3371	0.2809	0.1383	0.0508617
0.4654	0.4782	0.4917	0.3665	0.4153	0.4692	0.4054	0.3784	0.3784	0.637942
0.4391	0.4991	0.4969	0.3219	0.49	0.4547	0.6406	0.1039	0.0779	1.66182
0.4612	0.4568	0.4934	0.3715	0.3381	0.4766	0.5	0.4375	0.4	0.534168
0.48	0.4769	0.4952	0.4299	0.4157	0.4762	0.4286	0.4143	0.2571	-0.968228
0.4724	0.4793	0.4778	0.4206	0.3906	0.3819	0.5789	0.2632	0.2632	-0.740222
0.4701	0.4699	0.4986	0.4045	0.2962	0.4829	0.5068	0.2192	0.0886	-0.300448
0.4764	0.4745	0.497	0.4046	0.3707	0.48	0.3636	0.2828	0.1818	-0.300208
0.469	0.4682	0.4996	0.399	0.334	0.49	0.4935	0.2857	0.037	-0.157324
0.4798	0.4859	0.4652	0.4177	0.4313	0.2894	0.3544	0.2785	0.2532	-0.634687
0.476	0.4776	0.4945	0.3917	0.3411	0.4054	0.3196	0.1959	0.068	0.0311492
0.4725	0.4679	0.4973	0.3814	0.346	0.4546	0.3434	0.3131	0.066	0.28751
0.4675	0.4714	0.4813	0.3341	0.3466	0.3918	0.2935	0.2717	0.234	1.34615
0.4685	0.4653	0.4937	0.3899	0.3407	0.4742	0.4533	0.3333	0.3333	0.0751604
0.4683	0.4628	0.4953	0.3937	0.3018	0.4781	0.4767	0.2907	0.2791	-0.0203184
0.4694	0.475	0.4899	0.3901	0.3914	0.4317	0.4353	0.3372	0.186	0.0720351
0.4801	0.4796	0.4971	0.4052	0.3314	0.4815	0.2941	0.1667	0.1863	-0.311144
0.4743	0.4835	0.4888	0.3775	0.4226	0.4072	0.303	0.2929	0.1515	0.378608
0.4734	0.4648	0.4971	0.3997	0.3106	0.4856	0.402	0.2843	0.2549	-0.17711
0.432	0.4467	0.491	0.3189	0.356	0.4418	0.7467	0.6933	0.1951	1.76388
0.463	0.4892	0.4906	0.3739	0.3889	0.4413	0.4783	0.1212	0.202	0.48043
0.4737	0.4738	0.4805	0.4225	0.3819	0.3927	0.5571	0.3239	0.25	-0.785334
0.4584	0.4751	0.4723	0.3862	0.4174	0.4163	0.6552	0.4713	0.5402	0.175184
0.475	0.4701	0.4961	0.3925	0.3466	0.4739	0.3404	0.2872	0.1809	0.00954473
0.4764	0.4834	0.4982	0.3545	0.3733	0.481	0.2273	0.1727	0.1053	0.89528
0.4596	0.4537	0.4979	0.3606	0.3166	0.4741	0.4767	0.4186	0.09	0.798227
0.4802	0.4925	0.4937	0.423	0.4665	0.4231	0.3762	0.297	0.0962	-0.798477
0.4574	0.4554	0.4981	0.3785	0.333	0.4888	0.6176	0.4412	0.2078	0.36456
0.4755	0.48	0.499	0.3951	0.4056	0.4845	0.3407	0.2967	0.0714	-0.0540251
0.4538	0.4537	0.496	0.3645	0.2772	0.4845	0.6027	0.3425	0.3562	0.708021
0.4673	0.4725	0.4809	0.3896	0.3625	0.4007	0.4744	0.2911	0.2658	0.0841441
0.4659	0.469	0.4892	0.372	0.3472	0.4501	0.4186	0.3023	0.2907	0.519547
0.4775	0.477	0.4909	0.4264	0.4056	0.4324	0.4762	0.3571	0.1667	-0.896664
0.4782	0.4956	0.4935	0.4308	0.4607	0.4611	0.4937	0.1325	0.2073	-1.01848
0.469	0.4763	0.4951	0.3987	0.3919	0.48	0.4937	0.3165	0.3291	-0.149622
0.4556	0.4512	0.494	0.3447	0.2989	0.4795	0.4783	0.4058	0.4203	1.1436
0.4642	0.4506	0.4827	0.4144	0.3224	0.4109	0.7895	0.4737	0.2656	-0.570705
0.4663	0.466	0.4936	0.3903	0.3118	0.4715	0.5	0.2738	0.2976	0.0681643
0.4594	0.4673	0.4926	0.396	0.3338	0.468	0.7183	0.2958	0.3099	-0.0813841
0.4591	0.4596	0.4954	0.3824	0.3353	0.4556	0.6071	0.3929	0.1222	0.271635
0.466	0.475	0.4732	0.3873	0.399	0.3959	0.4889	0.3667	0.3889	0.144246
0.4622	0.457	0.499	0.3541	0.3021	0.49	0.4125	0.35	0.1111	0.932158
0.4761	0.4734	0.4962	0.4033	0.3535	0.4774	0.3636	0.2614	0.2045	-0.265806
0.4756	0.4786	0.4956	0.388	0.3977	0.4184	0.3148	0.2963	0.0619	0.124623
0.4746	0.4743	0.4891	0.4	0.3319	0.4386	0.3793	0.2184	0.2299	-0.180461
0.4709	0.4755	0.496	0.3756	0.3597	0.4779	0.3505	0.2474	0.2268	0.42936
0.4714	0.4713	0.4949	0.3879	0.2962	0.476	0.3874	0.2072	0.2793	0.130069
0.4647	0.4737	0.4971	0.3899	0.4097	0.4703	0.5333	0.4533	0.1098	0.0779228
0.4694	0.4613	0.4851	0.3957	0.3129	0.4025	0.4648	0.3239	0.2	-0.0700653
0.4575	0.4677	0.4934	0.3587	0.3456	0.4291	0.5048	0.3143	0.1111	0.859497
0.4722	0.4581	0.4907	0.4259	0.3352	0.4532	0.65	0.4125	0.2619	-0.899714
0.4757	0.4708	0.4951	0.4298	0.3657	0.4701	0.5692	0.3231	0.2	-0.985308
0.4773	0.4727	0.494	0.4241	0.3672	0.4276	0.4625	0.3	0.0976	-0.828067
0.4741	0.4789	0.4936	0.4112	0.3924	0.4753	0.4521	0.274	0.3562	-0.471441
0.4547	0.469	0.4769	0.3698	0.3236	0.3878	0.618	0.2609	0.2935	0.589041
0.4778	0.4905	0.4951	0.391	0.446	0.4589	0.2887	0.2268	0.14	0.0466672
0.4735	0.4724	0.4976	0.4174	0.35	0.4821	0.5167	0.2667	0.1562	-0.632943
0.475	0.475	0.4942	0.4098	0.3479	0.4509	0.4222	0.2333	0.1413	-0.441291
0.4644	0.4705	0.4959	0.3689	0.3745	0.4827	0.4318	0.3523	0.3182	0.596611
0.4824	0.4863	0.4958	0.4337	0.4003	0.4391	0.3881	0.1778	0.078	-1.12361
0.4852	0.4856	0.497	0.4272	0.4047	0.4667	0.2763	0.1974	0.1013	-0.856975
0.4816	0.4848	0.4911	0.421	0.3802	0.4238	0.3295	0.1648	0.1429	-0.72437
0.4778	0.477	0.4916	0.4153	0.3694	0.4594	0.3896	0.2468	0.2727	-0.576205
0.4813	0.4888	0.4985	0.4145	0.4408	0.4746	0.3069	0.2475	0.0654	-0.557244
0.4657	0.4599	0.4826	0.3891	0.2913	0.4335	0.5063	0.3038	0.3797	0.0987578
0.4596	0.4558	0.4882	0.3756	0.3155	0.4567	0.5517	0.3908	0.3908	0.441877
0.4764	0.4761	0.4986	0.4073	0.3417	0.4757	0.3765	0.2118	0.0638	-0.3685
0.4792	0.4746	0.4895	0.4243	0.3637	0.448	0.4111	0.2667	0.2667	-0.833595
0.4618	0.4636	0.4987	0.3789	0.3275	0.4828	0.5281	0.3258	0.08	0.357179
0.4775	0.4744	0.4875	0.4164	0.376	0.4264	0.4026	0.2987	0.2208	-0.605959
0.4789	0.4728	0.4869	0.4035	0.3541	0.4279	0.31	0.27	0.24	-0.269587
0.4448	0.447	0.488	0.3291	0.3128	0.401	0.5821	0.4925	0.1538	1.50254
0.4733	0.4713	0.4979	0.4001	0.3624	0.488	0.4066	0.3077	0.2198	-0.183833
0.4591	0.4476	0.496	0.3983	0.316	0.4747	0.7532	0.4935	0.1954	-0.141772
0.4763	0.482	0.4917	0.4241	0.4096	0.4546	0.4932	0.274	0.2329	-0.8256
0.4839	0.4864	0.4831	0.4356	0.4018	0.4209	0.358	0.1786	0.2963	-1.12147
0.4644	0.4632	0.4686	0.3505	0.3561	0.3679	0.3697	0.4034	0.3613	1.03829
0.4678	0.4739	0.4741	0.3699	0.3806	0.3788	0.3793	0.319	0.3103	0.57937
0.4613	0.4663	0.4796	0.3639	0.3836	0.3752	0.4625	0.4625	0.2235	0.712759
0.4606	0.462	0.4946	0.3927	0.3223	0.4805	0.6528	0.3333	0.3889	0.00486668
0.4817	0.4782	0.4909	0.4271	0.3735	0.4346	0.3628	0.2389	0.1739	-0.917459
0.4705	0.47	0.4941	0.3976	0.344	0.4632	0.4526	0.2842	0.198	-0.12098
0.4646	0.4601	0.4917	0.3926	0.2983	0.4585	0.5538	0.3125	0.2615	0.00764969
0.4679	0.4764	0.4756	0.3558	0.3549	0.3714	0.3365	0.2286	0.2692	0.8989
0.4612	0.453	0.4561	0.3878	0.3168	0.3219	0.5976	0.4268	0.4024	0.133835
0.481	0.4841	0.4995	0.4187	0.3807	0.486	0.3333	0.1746	0.0379	-0.686652
0.478	0.4727	0.4921	0.3931	0.3737	0.4124	0.2911	0.3165	0.1084	-0.00535267
0.4548	0.4588	0.4916	0.3505	0.2981	0.4658	0.5135	0.3243	0.3378	1.02659
0.4728	0.4752	0.4956	0.3865	0.3578	0.47	0.3571	0.2471	0.1765	0.159156
0.478	0.4691	0.4979	0.4242	0.3486	0.4744	0.443	0.3038	0.093	-0.826518
0.4487	0.4539	0.4587	0.3225	0.3364	0.3496	0.5	0.4744	0.4487	1.64345
0.4517	0.4454	0.4872	0.3275	0.2894	0.4399	0.475	0.45	0.2874	1.53475
0.4824	0.4751	0.4966	0.4306	0.3444	0.4769	0.3659	0.2262	0.1786	-0.98679
0.458	0.4566	0.4954	0.3637	0.3351	0.4534	0.5185	0.4321	0.1149	0.726109
0.4735	0.4683	0.4894	0.424	0.3569	0.442	0.5806	0.3333	0.2366	-0.847368
0.4559	0.4619	0.4984	0.3607	0.349	0.477	0.5429	0.4	0.0759	0.789976
0.4658	0.4932	0.4916	0.3715	0.445	0.4652	0.4177	0.1494	0.3291	0.526985
0.44	0.4441	0.4991	0.3186	0.2981	0.4777	0.6125	0.4875	0.0417	1.75607
0.4822	0.4823	0.4966	0.4244	0.3974	0.4764	0.3333	0.2323	0.1717	-0.825505
0.4741	0.4686	0.4993	0.4167	0.3079	0.488	0.4935	0.2436	0.0588	-0.625493
0.4775	0.475	0.4965	0.4283	0.3857	0.4415	0.4941	0.3176	0.0667	-0.954142
0.475	0.4743	0.4908	0.4036	0.3623	0.4461	0.3889	0.2667	0.2174	-0.274668
0.46	0.4804	0.4945	0.3657	0.4098	0.4473	0.4933	0.3067	0.122	0.669588
0.4649	0.468	0.4817	0.3842	0.36	0.4123	0.4938	0.3457	0.2892	0.221398
0.4581	0.4867	0.4889	0.3611	0.4534	0.4147	0.506	0.4217	0.163	0.787435
0.4772	0.4716	0.4928	0.3968	0.3302	0.4635	0.3171	0.2439	0.2561	-0.0955501
0.4277	0.4594	0.4773	0.3059	0.3856	0.3823	0.75	0.625	0.2717	2.04436
0.4699	0.4754	0.479	0.3934	0.3622	0.3643	0.4421	0.2525	0.2121	-0.012614
0.4707	0.4698	0.4939	0.4163	0.3869	0.4351	0.5882	0.4118	0.1111	-0.616821
0.4716	0.4901	0.4896	0.4186	0.4567	0.4397	0.5844	0.3117	0.2208	-0.687987
0.4821	0.4833	0.4946	0.4298	0.3442	0.443	0.368	0.1429	0.1102	-1.0018
0.4592	0.4949	0.4968	0.3543	0.424	0.459	0.4578	0.0778	0.0889	0.940095
0.4628	0.4711	0.4956	0.3992	0.3895	0.4603	0.6533	0.4	0.131	-0.163913
0.4745	0.4646	0.4975	0.424	0.3665	0.4701	0.5465	0.4186	0.0957	-0.839656
0.4727	0.4755	0.4929	0.3867	0.401	0.4626	0.3596	0.3667	0.2444	0.156679
0.4738	0.4909	0.4989	0.3563	0.4496	0.4838	0.2621	0.233	0.0727	0.862858
0.4697	0.4764	0.4887	0.4076	0.4147	0.4339	0.5405	0.4189	0.2208	-0.384532
0.4716	0.4724	0.4925	0.3963	0.3791	0.4049	0.4217	0.3373	0.0952	-0.0850883
0.4545	0.4858	0.4821	0.3569	0.381	0.4146	0.5488	0.1538	0.2907	0.890415
0.451	0.4613	0.4879	0.3614	0.3	0.4531	0.6406	0.303	0.3636	0.779936
0.4739	0.4697	0.4877	0.4168	0.3573	0.4524	0.5	0.3167	0.3667	-0.616299
0.4764	0.4768	0.4873	0.4035	0.3727	0.4312	0.359	0.2564	0.2436	-0.266936
0.4831	0.4796	0.4906	0.4086	0.3436	0.4335	0.25	0.1786	0.177	-0.396326
0.4664	0.4626	0.4698	0.3834	0.3359	0.3631	0.4605	0.3553	0.3289	0.2398
0.4842	0.4735	0.4952	0.4419	0.3496	0.4777	0.3976	0.253	0.2771	-1.31362
0.4707	0.4733	0.4822	0.3961	0.3521	0.3918	0.44	0.2597	0.2208	-0.08165
0.4674	0.4684	0.4713	0.4072	0.3803	0.4149	0.6	0.4085	0.5571	-0.374085
0.4683	0.4664	0.471	0.3846	0.3572	0.3682	0.4302	0.3605	0.3256	0.211376
0.4634	0.4533	0.47	0.3774	0.1991	0.3883	0.4878	0.2683	0.4146	0.391101
0.4767	0.4818	0.4946	0.378	0.4128	0.4615	0.27	0.29	0.17	0.361742
0.4615	0.484	0.4946	0.3854	0.4425	0.4466	0.5753	0.411	0.1176	0.191129
0.465	0.4757	0.4884	0.3948	0.4189	0.4295	0.56	0.4667	0.2125	-0.0472221
0.4666	0.466	0.4935	0.3713	0.3268	0.4668	0.4048	0.2976	0.25	0.533498
0.4555	0.4613	0.4974	0.3791	0.3919	0.4699	0.6667	0.6296	0.0978	0.355535
0.4518	0.4504	0.4859	0.3724	0.3294	0.4575	0.7	0.5	0.5167	0.515961
0.455	0.4678	0.4767	0.3444	0.3694	0.4138	0.4865	0.3784	0.4054	1.15802
0.4461	0.4391	0.4937	0.3495	0.2824	0.48	0.6627	0.506	0.4699	1.07931
0.4509	0.4508	0.4992	0.3459	0.3076	0.4777	0.5581	0.4302	0.04	1.15205
0.4692	0.4891	0.4939	0.3856	0.448	0.4714	0.4167	0.2812	0.2812	0.187245
0.4744	0.4726	0.4935	0.4112	0.3107	0.474	0.4468	0.2105	0.3404	-0.48205
0.471	0.4782	0.4974	0.3856	0.3745	0.4774	0.3855	0.241	0.1333	0.183603
0.4762	0.4797	0.4969	0.398	0.4185	0.4653	0.3404	0.3617	0.101	-0.128481
0.4515	0.4418	0.4764	0.3624	0.237	0.4218	0.6364	0.3939	0.4697	0.755796
0.4767	0.4922	0.494	0.3812	0.4199	0.3938	0.2783	0.1167	0.0667	0.291101
0.479	0.4847	0.4952	0.3856	0.3954	0.468	0.2553	0.1915	0.1809	0.175927
0.4757	0.4785	0.4791	0.3497	0.3619	0.3736	0.2278	0.2152	0.2278	0.957218
0.4849	0.4839	0.4984	0.4109	0.3464	0.4879	0.2234	0.1383	0.1489	-0.439575
0.4663	0.4973	0.4973	0.3788	0.4874	0.4734	0.4396	0.2826	0.1154	0.357438
0.4664	0.4692	0.4808	0.396	0.3331	0.3759	0.5357	0.2738	0.2093	-0.081197
0.4718	0.4646	0.4823	0.3899	0.2702	0.4289	0.3881	0.2388	0.3582	0.0749148
0.4816	0.4748	0.4978	0.4277	0.3162	0.4881	0.3696	0.1957	0.2283	-0.918267
0.4623	0.4605	0.4971	0.3451	0.3364	0.4541	0.3837	0.3837	0.0707	1.13319
0.4855	0.4726	0.4888	0.4433	0.2927	0.433	0.3636	0.1932	0.2159	-1.34869
0.4721	0.4702	0.4929	0.3668	0.3154	0.4616	0.3069	0.2376	0.2376	0.634476
0.4561	0.4485	0.4494	0.3521	0.3309	0.3345	0.5	0.5333	0.5333	0.967279
0.4664	0.486	0.4831	0.3523	0.3712	0.3601	0.3474	0.14	0.16	0.971779
0.4596	0.467	0.4939	0.3822	0.3404	0.4762	0.5949	0.3125	0.35	0.275649
0.4502	0.4506	0.4736	0.352	0.2925	0.4028	0.6	0.4	0.4143	0.999615
0.4736	0.4608	0.4881	0.4008	0.2797	0.4581	0.4045	0.2809	0.4157	-0.201877
0.471	0.4603	0.4493	0.4172	0.3496	0.2977	0.589	0.4247	0.4247	-0.647005
0.4778	0.4672	0.4971	0.4253	0.3557	0.4678	0.4568	0.3457	0.1034	-0.85869
0.4789	0.4938	0.4956	0.4101	0.4198	0.4542	0.3368	0.0918	0.1122	-0.440866
0.4708	0.4669	0.4895	0.4107	0.3621	0.4425	0.5357	0.369	0.236	-0.471235
0.4685	0.4783	0.474	0.3935	0.3818	0.3336	0.4725	0.2553	0.2234	-0.0147959
0.4795	0.4779	0.4811	0.431	0.3953	0.3786	0.4545	0.3	0.2111	-1.02437
0.4746	0.4673	0.4886	0.4138	0.3721	0.4453	0.4588	0.3953	0.2791	-0.548845
0.4554	0.4499	0.498	0.3859	0.3134	0.4811	0.7286	0.4571	0.1205	0.183087
0.4427	0.4446	0.4956	0.3488	0.3268	0.487	0.7273	0.5758	0.5152	1.08584
0.4624	0.4549	0.4841	0.376	0.3477	0.4421	0.5	0.5	0.403	0.418245
0.4588	0.4467	0.487	0.3865	0.303	0.4608	0.6456	0.4684	0.519	0.167361
0.4839	0.4824	0.4975	0.4373	0.361	0.447	0.3708	0.1685	0.0532	-1.18473
0.4822	0.4783	0.4972	0.4101	0.379	0.4734	0.2727	0.25	0.1196	-0.428239
0.4746	0.482	0.4926	0.4271	0.4269	0.4358	0.5775	0.3521	0.1392	-0.917699
0.4712	0.4799	0.4846	0.3917	0.4182	0.427	0.4079	0.3553	0.2895	0.0318701
0.4819	0.4744	0.4965	0.4284	0.2696	0.4679	0.3654	0.1635	0.1284	-0.947569
0.461	0.4539	0.4985	0.3721	0.3006	0.4892	0.507	0.3803	0.1579	0.515498
0.473	0.4701	0.4809	0.3967	0.3675	0.4012	0.3953	0.3372	0.2674	-0.0955908
0.4758	0.482	0.496	0.4077	0.4203	0.4775	0.3924	0.3165	0.2222	-0.378553
0.4638	0.4665	0.4964	0.3744	0.319	0.4854	0.4651	0.2791	0.3372	0.464228
0.4674	0.4639	0.4975	0.3787	0.32	0.4887	0.4198	0.3086	0.284	0.352987
0.4844	0.4743	0.4933	0.4495	0.4024	0.4747	0.4706	0.3971	0.3676	-1.52746
0.4641	0.4587	0.4761	0.368	0.358	0.4099	0.4321	0.4815	0.3976	0.612315
0.4794	0.4908	0.4938	0.4116	0.4351	0.4652	0.3333	0.1765	0.2235	-0.475178
0.4716	0.4939	0.4969	0.4006	0.4341	0.4582	0.4459	0.1084	0.0843	-0.196231
0.4737	0.4973	0.4982	0.4073	0.4871	0.4745	0.4382	0.2697	0.0792	-0.375909
0.4698	0.4688	0.4895	0.3884	0.3489	0.4443	0.4198	0.3086	0.2469	0.114011
0.4775	0.4833	0.4988	0.4118	0.3745	0.4867	0.3765	0.1765	0.1047	-0.486808
0.4747	0.4783	0.4973	0.3932	0.3944	0.4662	0.3494	0.2892	0.0899	-0.00758682
0.4734	0.4857	0.4992	0.3917	0.411	0.4867	0.3667	0.2111	0.0632	0.0316659
0.4666	0.469	0.4781	0.3755	0.3589	0.3971	0.4211	0.3289	0.3026	0.427826
0.4756	0.4736	0.4831	0.4001	0.3994	0.3858	0.3604	0.3964	0.1966	-0.18468
0.4757	0.4741	0.4916	0.4216	0.3835	0.4637	0.4875	0.325	0.3125	-0.762087
0.469	0.4698	0.4994	0.367	0.3444	0.486	0.3519	0.287	0.0424	0.64097
0.4513	0.4887	0.4978	0.3657	0.4665	0.4568	0.6622	0.527	0.0568	0.685576
0.4576	0.4378	0.4788	0.4007	0.2969	0.4263	0.831	0.5634	0.4366	-0.207313
0.4693	0.4639	0.4795	0.389	0.3671	0.3842	0.4321	0.4321	0.2439	0.100246
0.4548	0.4529	0.4866	0.3671	0.305	0.4525	0.6	0.4	0.4125	0.649351
0.4699	0.4742	0.4927	0.3909	0.3845	0.4095	0.4286	0.3265	0.0971	0.0530086
0.4495	0.4534	0.4785	0.3307	0.3457	0.4283	0.5169	0.5169	0.4607	1.48786
0.4676	0.4678	0.4928	0.3675	0.3418	0.4706	0.375	0.3056	0.3333	0.607698
0.4638	0.4586	0.4932	0.3802	0.292	0.472	0.4938	0.3171	0.3293	0.320834
0.4752	0.4818	0.4895	0.3813	0.3863	0.431	0.3011	0.2151	0.1935	0.284126
0.4692	0.4659	0.4973	0.3797	0.2895	0.4858	0.3933	0.2472	0.236	0.329237
0.4731	0.4811	0.4738	0.3822	0.3933	0.3673	0.3368	0.2421	0.2842	0.266279
0.4739	0.4676	0.4867	0.411	0.2996	0.4532	0.4571	0.2429	0.4143	-0.465388
0.4703	0.4641	0.4845	0.4072	0.3247	0.4028	0.5217	0.3152	0.2105	-0.378628
0.4691	0.4674	0.4945	0.4031	0.3394	0.4796	0.5211	0.3056	0.375	-0.26377
0.4752	0.4772	0.4989	0.4081	0.3705	0.4863	0.4074	0.2469	0.0909	-0.390543
0.4644	0.471	0.4802	0.368	0.391	0.4064	0.4286	0.4082	0.2959	0.62166
0.4631	0.471	0.498	0.3754	0.3893	0.4717	0.4833	0.4	0.0781	0.427337
0.4725	0.4736	0.4792	0.4174	0.3897	0.4165	0.5443	0.3544	0.3625	-0.651516
0.4807	0.4821	0.4828	0.4186	0.3215	0.3824	0.3398	0.1359	0.1942	-0.672195
0.4612	0.4641	0.4958	0.3805	0.3722	0.4645	0.5493	0.4507	0.1392	0.312319
0.4671	0.4796	0.4844	0.3502	0.4146	0.4219	0.3333	0.3438	0.2708	1.01646
0.4774	0.4707	0.4977	0.4223	0.3397	0.4788	0.4444	0.2683	0.1236	-0.776389
0.4626	0.4506	0.4752	0.3967	0.3383	0.4204	0.6364	0.5303	0.4925	-0.0966734
0.4777	0.4894	0.4895	0.4334	0.4439	0.3532	0.5412	0.2471	0.0909	-1.10429
0.4722	0.4712	0.4806	0.4018	0.3861	0.4059	0.4384	0.3836	0.2877	-0.22627
0.4763	0.488	0.489	0.4077	0.4164	0.4238	0.3827	0.1829	0.1829	-0.378244
0.4749	0.4751	0.494	0.4099	0.4003	0.4388	0.4247	0.3699	0.1154	-0.435713
0.4607	0.4794	0.4945	0.3787	0.4257	0.4503	0.5488	0.4146	0.1319	0.361251
0.4667	0.4739	0.4992	0.3457	0.3832	0.4851	0.3269	0.3269	0.0541	1.12449
0.4854	0.4856	0.4969	0.4429	0.3224	0.4598	0.3627	0.1078	0.0857	-1.35507
0.4677	0.4647	0.4918	0.4074	0.3785	0.4674	0.5926	0.4691	0.3457	-0.383047
0.4644	0.4583	0.4745	0.3963	0.2978	0.3679	0.5854	0.3293	0.2771	-0.0891316
0.4866	0.4846	0.4987	0.4437	0.382	0.4802	0.3298	0.1702	0.0722	-1.35636
0.4762	0.475	0.497	0.3858	0.3484	0.4812	0.2979	0.234	0.1915	0.17459
0.4748	0.4803	0.491	0.3897	0.3582	0.4328	0.3333	0.1889	0.1667	0.079818
0.4582	0.4518	0.4719	0.4002	0.3505	0.412	0.8065	0.5645	0.5161	-0.192636
0.4667	0.4949	0.4958	0.3969	0.453	0.4617	0.5333	0.1279	0.1279	-0.101993
0.4783	0.4837	0.4866	0.4103	0.4264	0.4057	0.3516	0.3077	0.1828	-0.447772
0.4751	0.4778	0.4681	0.4145	0.4058	0.3626	0.4505	0.3407	0.3516	-0.571606
0.4631	0.4556	0.4705	0.3656	0.3169	0.3743	0.4396	0.3956	0.3516	0.677562
0.4688	0.4754	0.4798	0.384	0.4065	0.4046	0.4176	0.3956	0.2967	0.226751
0.4634	0.4637	0.4982	0.3844	0.3151	0.4862	0.5263	0.3026	0.1566	0.216087
0.4814	0.4932	0.4955	0.4309	0.4501	0.4464	0.396	0.1667	0.0971	-1.0211
0.4789	0.4784	0.4977	0.4179	0.3784	0.4851	0.3766	0.2468	0.1818	-0.642699
0.4576	0.4561	0.4813	0.3676	0.3236	0.4318	0.5465	0.407	0.407	0.636481
0.4687	0.4689	0.4971	0.398	0.3438	0.4853	0.4938	0.2963	0.2469	-0.130835
0.4777	0.4768	0.4939	0.4252	0.3894	0.454	0.4598	0.2989	0.1609	-0.861939
0.467	0.4713	0.4848	0.359	0.3034	0.4424	0.3571	0.2143	0.381	0.81274
0.4876	0.4791	0.4983	0.46	0.4012	0.4856	0.4675	0.2987	0.1375	-1.852
0.4788	0.4933	0.4981	0.3939	0.4521	0.4583	0.2796	0.172	0.051	-0.02375
0.4758	0.4718	0.4914	0.3974	0.3818	0.4615	0.3448	0.3563	0.2989	-0.113436
0.481	0.488	0.4954	0.4304	0.4306	0.4639	0.4045	0.2247	0.1522	-0.998421
0.4764	0.4807	0.4972	0.4015	0.3888	0.4869	0.35	0.2375	0.275	-0.21403
0.4778	0.4645	0.4923	0.4392	0.3728	0.4716	0.6154	0.4462	0.3846	-1.25985
0.4471	0.4415	0.4672	0.3462	0.2608	0.3809	0.6265	0.4337	0.4337	1.15113
0.4796	0.476	0.497	0.4255	0.3153	0.4833	0.4079	0.1842	0.2237	-0.850461
0.4714	0.4924	0.489	0.3946	0.4188	0.3965	0.4176	0.1122	0.1327	-0.0431718
0.4585	0.4984	0.4969	0.3667	0.469	0.466	0.525	0.0575	0.1034	0.653143
0.475	0.4756	0.4987	0.3822	0.3212	0.4861	0.3068	0.1932	0.1087	0.260843
0.4754	0.4648	0.4825	0.4151	0.317	0.4229	0.4471	0.2941	0.3176	-0.583018
0.4632	0.4866	0.4814	0.3588	0.4394	0.4072	0.4125	0.3012	0.2771	0.824293
0.4817	0.4839	0.4898	0.4364	0.4209	0.4492	0.4306	0.2778	0.2639	-1.15109
0.4819	0.4795	0.4875	0.4158	0.3634	0.4365	0.2991	0.2056	0.2617	-0.591603
0.4762	0.4719	0.4823	0.3981	0.3575	0.4018	0.3404	0.2872	0.2447	-0.131083
0.4694	0.4707	0.485	0.3848	0.3691	0.4369	0.4111	0.3333	0.3333	0.204444
0.4822	0.4734	0.4871	0.4298	0.3335	0.4056	0.367	0.2294	0.1743	-0.991769
0.4763	0.4936	0.4943	0.3713	0.4267	0.4664	0.26	0.1038	0.21	0.516678
0.4733	0.4731	0.4829	0.4282	0.3735	0.4231	0.6379	0.3103	0.3103	-0.940206
0.4571	0.4473	0.4945	0.3588	0.2934	0.4808	0.5125	0.4375	0.4125	0.841119
0.4772	0.4867	0.4966	0.3957	0.43	0.4803	0.3133	0.253	0.2169	-0.0673601
0.4789	0.4667	0.4912	0.4224	0.3664	0.4359	0.4048	0.3855	0.1705	-0.774237
0.4741	0.4688	0.4992	0.4228	0.3495	0.49	0.5493	0.3099	0.0933	-0.794951
0.4631	0.4762	0.4927	0.3899	0.4134	0.474	0.5694	0.4167	0.4028	0.078645
0.4634	0.4617	0.496	0.3303	0.3019	0.4808	0.3333	0.3021	0.2708	1.45116
0.4687	0.464	0.4665	0.3957	0.3222	0.3232	0.4805	0.3117	0.2857	-0.0707281
0.4693	0.476	0.4948	0.3998	0.409	0.4712	0.493	0.3944	0.2254	-0.175448
0.4697	0.4621	0.4957	0.4005	0.3225	0.4313	0.4889	0.3333	0.0714	-0.197252
0.472	0.4629	0.4887	0.3959	0.3001	0.4406	0.4125	0.2875	0.25	-0.0753222
0.4532	0.4651	0.4939	0.3372	0.3596	0.4733	0.4865	0.3874	0.3063	1.35882
0.4738	0.4805	0.4958	0.3943	0.4031	0.4739	0.369	0.2791	0.1977	-0.0347657
0.4669	0.4618	0.4691	0.3911	0.3494	0.3292	0.4925	0.403	0.2687	0.0463659
0.4662	0.4819	0.4858	0.3722	0.3824	0.4184	0.4146	0.2069	0.2299	0.510188
0.4624	0.4953	0.4659	0.3673	0.4488	0.3457	0.4578	0.1075	0.3373	0.634462
0.4758	0.4822	0.4978	0.3969	0.4131	0.4763	0.3434	0.2828	0.1038	-0.101845
0.4698	0.4819	0.4821	0.3969	0.3825	0.4205	0.4634	0.2069	0.3171	-0.103288
0.4716	0.4784	0.4827	0.4155	0.4133	0.4276	0.5541	0.3649	0.3378	-0.598364
0.4799	0.4736	0.4703	0.4285	0.3731	0.3342	0.4211	0.3026	0.2632	-0.934616
0.462	0.4986	0.498	0.3576	0.4734	0.4792	0.4268	0.0549	0.1099	0.85552
0.4709	0.4636	0.4783	0.4041	0.3831	0.3965	0.4844	0.5156	0.2969	-0.285345
0.4725	0.4815	0.4951	0.4011	0.4293	0.4335	0.4286	0.381	0.0845	-0.203106
0.487	0.4865	0.4968	0.4398	0.3866	0.4616	0.2941	0.1529	0.0941	-1.21729
0.4708	0.4726	0.4778	0.3616	0.3681	0.3803	0.3125	0.3036	0.2589	0.763684
0.4678	0.4597	0.4966	0.4134	0.358	0.4665	0.6512	0.4651	0.1158	-0.553951
0.4839	0.4825	0.4891	0.4407	0.3263	0.442	0.3951	0.1358	0.2469	-1.27533
0.4769	0.4824	0.4796	0.4143	0.4254	0.3071	0.404	0.3333	0.1471	-0.563141
0.4848	0.4807	0.4956	0.4468	0.3555	0.4556	0.4217	0.1807	0.1149	-1.46153
0.4725	0.4689	0.4923	0.397	0.3526	0.4649	0.4079	0.3158	0.2895	-0.103152
0.4632	0.4653	0.4943	0.3547	0.3273	0.4752	0.4	0.3059	0.3059	0.92001
0.4779	0.4698	0.4844	0.4007	0.3586	0.4225	0.3182	0.3182	0.2727	-0.194627
0.4624	0.4669	0.4956	0.349	0.343	0.4794	0.3936	0.3191	0.2766	1.05716
0.4761	0.4796	0.4832	0.4284	0.4037	0.4375	0.5405	0.2973	0.3919	-0.951243
0.4711	0.4743	0.4918	0.4004	0.3927	0.4679	0.4557	0.3544	0.3544	-0.191171
0.4622	0.4591	0.4955	0.3673	0.3393	0.4832	0.4615	0.4103	0.3718	0.630113
0.4691	0.4558	0.4969	0.3779	0.2899	0.4664	0.3882	0.3412	0.1064	0.371322
0.4784	0.4808	0.4975	0.4273	0.4138	0.4835	0.4571	0.3143	0.1831	-0.903688
0.4694	0.4976	0.4975	0.3385	0.4582	0.4619	0.2809	0.0632	0.0737	1.24185
0.4749	0.4754	0.4886	0.3889	0.3912	0.4348	0.3291	0.3291	0.2278	0.0990088
0.4628	0.4577	0.4813	0.4153	0.3753	0.4456	0.8571	0.5893	0.5536	-0.599359
0.4776	0.4809	0.4977	0.4164	0.3967	0.478	0.4	0.2533	0.1169	-0.60495
0.457	0.4586	0.4811	0.3407	0.3305	0.4272	0.443	0.3924	0.3797	1.23828
0.4625	0.468	0.4976	0.3606	0.3803	0.4686	0.4306	0.4167	0.0864	0.776605
0.4803	0.4804	0.4907	0.427	0.3901	0.4551	0.398	0.2449	0.2755	-0.910938
0.4609	0.4784	0.4797	0.3704	0.4128	0.3802	0.5	0.3625	0.2326	0.562111
0.4668	0.4635	0.489	0.388	0.3459	0.4126	0.4769	0.3692	0.1571	0.123327
0.4787	0.4804	0.4939	0.4145	0.3481	0.4654	0.3626	0.1758	0.2198	-0.558765
0.4745	0.4697	0.496	0.4197	0.3286	0.4697	0.5072	0.2609	0.1579	-0.702192
0.4582	0.4908	0.4877	0.3563	0.4307	0.399	0.4819	0.1648	0.1538	0.898004
0.483	0.4784	0.4882	0.4284	0.3685	0.4411	0.3366	0.2277	0.2673	-0.938071
0.4677	0.4707	0.4967	0.4023	0.3907	0.4745	0.55	0.4125	0.1512	-0.244552
0.4605	0.461	0.4601	0.3772	0.3433	0.3479	0.5444	0.3956	0.4222	0.401035
0.4691	0.4739	0.4931	0.3972	0.3885	0.4731	0.4815	0.3457	0.358	-0.108897
0.4725	0.4719	0.4954	0.4114	0.3276	0.4754	0.4945	0.2366	0.2366	-0.491392
0.4717	0.4733	0.4952	0.4161	0.3522	0.4671	0.5584	0.2597	0.1765	-0.617421
0.4742	0.4987	0.4938	0.4149	0.487	0.4719	0.4756	0.1124	0.2927	-0.578698
0.4629	0.477	0.476	0.3806	0.3848	0.349	0.5152	0.2836	0.2239	0.307503
0.4802	0.4802	0.4929	0.3804	0.3755	0.4392	0.2264	0.217	0.1415	0.30131
0.475	0.4813	0.4933	0.3988	0.3848	0.4662	0.3659	0.2195	0.2561	-0.146953
0.4703	0.4679	0.491	0.4064	0.3182	0.4588	0.5139	0.2639	0.2917	-0.349323
0.4715	0.4674	0.4957	0.3764	0.3258	0.4786	0.3438	0.2812	0.2604	0.409678
0.4753	0.4548	0.4981	0.4199	0.3471	0.4842	0.4868	0.5	0.1429	-0.712154
0.4691	0.464	0.4595	0.3723	0.3586	0.3119	0.3671	0.4	0.3418	0.500153
0.47	0.4825	0.4971	0.3824	0.3932	0.4862	0.3902	0.2195	0.2683	0.261775
0.45	0.4592	0.4976	0.3447	0.3512	0.4803	0.5672	0.4478	0.1392	1.15735
0.4825	0.4818	0.4856	0.4344	0.3411	0.4132	0.3896	0.1538	0.2179	-1.09148
0.463	0.4613	0.4865	0.382	0.3107	0.3744	0.52	0.32	0.1375	0.276444
0.4624	0.4653	0.4972	0.3693	0.3497	0.4878	0.4667	0.3556	0.3	0.591192
0.4741	0.4712	0.4916	0.3655	0.3424	0.4529	0.2772	0.2673	0.2277	0.656953
0.4592	0.4622	0.4963	0.3222	0.2987	0.4591	0.3659	0.2927	0.1023	1.60941
0.4538	0.4806	0.498	0.3613	0.4275	0.4707	0.5843	0.3933	0.0755	0.7942
0.4725	0.4617	0.4961	0.3928	0.3183	0.4805	0.3882	0.3294	0.2588	0.00421311
0.4613	0.4988	0.4982	0.3682	0.485	0.4851	0.481	0.092	0.1379	0.612539
0.478	0.4762	0.4965	0.4047	0.3711	0.4815	0.3333	0.2604	0.2396	-0.300838
0.4797	0.4844	0.4898	0.4156	0.3802	0.4252	0.3457	0.1707	0.1707	-0.578848
0.4646	0.4729	0.4804	0.4	0.4003	0.4259	0.6111	0.4167	0.3889	-0.184529
0.4788	0.4735	0.4972	0.4187	0.3513	0.4844	0.3837	0.2558	0.2209	-0.672665
0.4729	0.4734	0.498	0.4062	0.3184	0.4647	0.4494	0.2111	0.0619	-0.345803
0.4802	0.4795	0.499	0.4076	0.346	0.49	0.3	0.1818	0.1182	-0.376135
0.4621	0.458	0.4972	0.3748	0.2629	0.4578	0.5	0.2857	0.0745	0.455416
0.4635	0.4773	0.494	0.3622	0.3985	0.4768	0.4198	0.321	0.358	0.746984
0.4903	0.4929	0.4981	0.4477	0.4102	0.4813	0.2396	0.0938	0.1134	-1.42116
0.4589	0.4618	0.4901	0.3737	0.3211	0.4628	0.5556	0.3333	0.375	0.482121
0.4814	0.4799	0.4959	0.4198	0.4032	0.481	0.3291	0.2911	0.2785	-0.683564
0.4815	0.4829	0.4845	0.4134	0.4097	0.4334	0.2973	0.2568	0.3243	-0.505348
0.4706	0.4774	0.4982	0.3841	0.4001	0.4779	0.3855	0.3253	0.0909	0.219436
0.4731	0.4698	0.4922	0.397	0.3221	0.3621	0.3958	0.25	0.07	-0.104915
0.4871	0.4818	0.4921	0.4526	0.3931	0.4483	0.3919	0.2297	0.1892	-1.60034
0.4589	0.4899	0.4915	0.3607	0.4612	0.442	0.4904	0.3654	0.1818	0.807951
0.4742	0.4739	0.494	0.3914	0.3431	0.4724	0.35	0.2375	0.2875	0.0383194
0.4651	0.4664	0.4855	0.3752	0.3575	0.4443	0.4458	0.3614	0.3735	0.442676
0.4567	0.463	0.493	0.3774	0.367	0.4758	0.6269	0.4478	0.4179	0.392762
0.4837	0.4964	0.4986	0.427	0.4726	0.4892	0.3095	0.1548	0.1512	-0.874147
0.4644	0.4908	0.4944	0.3967	0.4602	0.4411	0.5904	0.3133	0.1124	-0.10011
0.4764	0.4733	0.4995	0.4166	0.3414	0.49	0.4316	0.2421	0.0495	-0.626959
0.4676	0.4712	0.4908	0.3693	0.3523	0.3981	0.381	0.2857	0.1111	0.588666
0.4759	0.4829	0.4924	0.4007	0.3951	0.4258	0.3563	0.2184	0.1236	-0.197081
0.4597	0.4491	0.4859	0.3646	0.2258	0.4493	0.4938	0.321	0.4074	0.700848
0.4705	0.4816	0.4802	0.3965	0.42	0.397	0.4459	0.3243	0.2667	-0.0896327
0.4363	0.4886	0.4681	0.3603	0.4645	0.3956	0.9855	0.4928	0.4928	0.831957
0.4739	0.4749	0.4838	0.3986	0.3868	0.4181	0.3871	0.3226	0.2688	-0.14475
0.465	0.4687	0.4975	0.375	0.3801	0.4821	0.4464	0.4035	0.1639	0.428867
0.479	0.4708	0.4743	0.3956	0.3308	0.3197	0.2816	0.2524	0.2039	-0.0673916
0.4784	0.4775	0.4966	0.3951	0.3612	0.4788	0.2903	0.2258	0.1935	-0.0528062
0.464	0.4823	0.4766	0.3958	0.423	0.3822	0.5915	0.3239	0.2817	-0.073393
0.467	0.4763	0.4886	0.3988	0.3549	0.4302	0.5417	0.2297	0.2105	-0.152633
0.4783	0.4747	0.4972	0.4055	0.3689	0.4851	0.3289	0.2763	0.2368	-0.312654
0.4463	0.4495	0.4645	0.3516	0.3441	0.4045	0.6721	0.5738	0.6557	1.00845
0.4763	0.4743	0.4953	0.4158	0.3234	0.45	0.4286	0.2078	0.1084	-0.594882
0.4691	0.4734	0.4787	0.3767	0.3931	0.4022	0.383	0.3723	0.3085	0.405022
0.4665	0.4709	0.4873	0.4001	0.3781	0.3774	0.5641	0.359	0.1325	-0.188571
0.4591	0.4531	0.4981	0.3789	0.3079	0.4595	0.5833	0.4048	0.0521	0.358568
0.4821	0.4809	0.4973	0.4299	0.3852	0.4845	0.369	0.2262	0.2143	-0.971992
0.4736	0.478	0.4928	0.4158	0.3742	0.4248	0.5	0.2432	0.1139	-0.600891
0.4696	0.4701	0.4938	0.4107	0.3826	0.4725	0.5672	0.3881	0.2985	-0.463899
0.4791	0.4774	0.4947	0.3827	0.3528	0.4359	0.2459	0.2131	0.096	0.251964
0.4749	0.479	0.4929	0.4264	0.3922	0.4662	0.5606	0.2714	0.2727	-0.889928
0.4756	0.4693	0.4909	0.3714	0.3492	0.4619	0.2697	0.3034	0.3258	0.50942
0.4607	0.4645	0.4875	0.3949	0.3824	0.4538	0.6716	0.4925	0.3881	-0.0509968
0.4631	0.4686	0.4887	0.381	0.3549	0.4491	0.5125	0.325	0.3	0.302131
0.474	0.485	0.4962	0.4155	0.3859	0.4711	0.4857	0.1714	0.1571	-0.586998
0.4771	0.4939	0.4942	0.4053	0.4708	0.4272	0.3529	0.2706	0.093	-0.315281
0.4617	0.4552	0.481	0.3698	0.329	0.443	0.4815	0.4321	0.5309	0.574732
0.4753	0.4793	0.4981	0.3974	0.3756	0.4828	0.3537	0.2289	0.125	-0.113202
0.4766	0.4786	0.4953	0.424	0.3741	0.4708	0.4815	0.2346	0.1975	-0.828317
0.4651	0.4626	0.4881	0.3819	0.3546	0.4566	0.4789	0.4085	0.3944	0.275191
0.4747	0.4677	0.4837	0.4182	0.3261	0.3589	0.4889	0.2778	0.1522	-0.676233
0.464	0.4846	0.4923	0.3494	0.4282	0.464	0.3725	0.2941	0.2843	1.05185
0.4655	0.4825	0.4751	0.3983	0.4327	0.387	0.5733	0.3766	0.32	-0.139862
0.4822	0.4839	0.4976	0.4226	0.4039	0.469	0.3232	0.2222	0.0865	-0.775071
0.4771	0.4984	0.4932	0.3917	0.4841	0.4524	0.3023	0.1111	0.1744	0.0308229
0.481	0.4824	0.4976	0.3843	0.3465	0.4866	0.2222	0.1538	0.2198	0.203853
0.476	0.4728	0.4973	0.4018	0.3366	0.4888	0.36	0.24	0.32	-0.222447
0.4456	0.4435	0.48	0.339	0.2934	0.4343	0.6145	0.4819	0.4699	1.31366
0.4762	0.4754	0.4999	0.4017	0.3685	0.49	0.3544	0.2658	0.0119	-0.221137
0.4759	0.4863	0.497	0.3798	0.3762	0.4728	0.2857	0.1429	0.1282	0.312119
0.4679	0.4652	0.4935	0.3831	0.3248	0.472	0.4302	0.3023	0.314	0.247879
0.465	0.4637	0.4872	0.3932	0.3564	0.4472	0.5479	0.3973	0.3378	-0.0072963
0.461	0.4782	0.4783	0.3648	0.4119	0.3992	0.4722	0.3611	0.3056	0.687288
0.4651	0.4598	0.4882	0.3742	0.3175	0.4484	0.4419	0.3488	0.314	0.466788
0.4594	0.4593	0.4822	0.3751	0.3473	0.3593	0.5541	0.4324	0.1688	0.447581
0.4664	0.4726	0.4957	0.3841	0.3866	0.4823	0.4639	0.3608	0.3299	0.225203
0.4679	0.4982	0.4971	0.3762	0.4786	0.4848	0.4017	0.0952	0.2393	0.426248
0.4812	0.479	0.4944	0.4044	0.3757	0.4686	0.2718	0.233	0.2233	-0.287918
0.4617	0.4708	0.4958	0.3617	0.3633	0.4649	0.4474	0.3158	0.1395	0.759492
0.4697	0.4629	0.4853	0.4	0.3152	0.4314	0.4857	0.3113	0.2925	-0.186246
0.4674	0.4659	0.4928	0.3966	0.3481	0.4689	0.5156	0.3438	0.3125	-0.09304
0.4645	0.465	0.4839	0.3696	0.3621	0.3947	0.4321	0.3974	0.2024	0.574288
0.4623	0.4636	0.482	0.3953	0.385	0.44	0.6316	0.5263	0.4561	-0.0600035
0.465	0.4689	0.4947	0.3877	0.3446	0.4729	0.5122	0.2976	0.25	0.134881
0.4819	0.4843	0.4985	0.4414	0.3809	0.4827	0.4744	0.1728	0.0964	-1.31436
0.4774	0.4847	0.497	0.4146	0.3953	0.4807	0.3936	0.1915	0.1915	-0.568776
0.4804	0.4818	0.4947	0.3792	0.4065	0.4669	0.2209	0.2674	0.1977	0.318381
0.4665	0.4704	0.498	0.4013	0.379	0.4825	0.5714	0.3692	0.1286	-0.216092
0.4711	0.4603	0.4975	0.4073	0.3235	0.4685	0.5	0.3556	0.09	-0.378581
0.4836	0.4968	0.4981	0.4217	0.4691	0.4781	0.2875	0.1205	0.0964	-0.72231
0.4793	0.4843	0.4954	0.3919	0.3973	0.4768	0.266	0.2021	0.2553	0.0256823
0.4695	0.4704	0.4959	0.3893	0.3631	0.4602	0.4286	0.3214	0.1183	0.0919462
0.4643	0.4734	0.4781	0.3832	0.4044	0.3794	0.5	0.4268	0.253	0.246699
0.469	0.4705	0.4808	0.3865	0.3652	0.3764	0.425	0.325	0.2099	0.160252
0.4834	0.4745	0.4962	0.4231	0.3492	0.4594	0.2989	0.2414	0.1075	-0.771989
0.463	0.4588	0.4975	0.3649	0.3384	0.4851	0.4384	0.411	0.2051	0.680256
0.479	0.4846	0.4908	0.3989	0.4132	0.3947	0.2921	0.236	0.1075	-0.147593
0.4638	0.4526	0.497	0.3965	0.2634	0.4889	0.6022	0.3333	0.3763	-0.0957539
0.4621	0.4684	0.4964	0.3827	0.3782	0.4854	0.5429	0.4	0.3286	0.259207
0.4596	0.4579	0.4631	0.3866	0.3336	0.3398	0.6282	0.4103	0.359	0.162891
0.4795	0.4769	0.4959	0.4112	0.3817	0.4773	0.3298	0.2766	0.2234	-0.468259
0.4346	0.4571	0.4939	0.3337	0.3486	0.4823	0.7879	0.4697	0.5303	1.43334
0.4638	0.4672	0.4977	0.3929	0.3824	0.473	0.5735	0.4412	0.0946	0.00173795
0.4619	0.4588	0.4746	0.3463	0.3359	0.4004	0.3929	0.4048	0.381	1.10671
0.4572	0.4841	0.4631	0.3478	0.4354	0.3183	0.4651	0.3488	0.314	1.0932
0.4754	0.469	0.4817	0.4215	0.3055	0.3692	0.495	0.2376	0.1881	-0.77351
0.4459	0.4444	0.4592	0.3526	0.3093	0.3031	0.6875	0.5156	0.3284	0.989946
0.4617	0.4675	0.4828	0.3695	0.3489	0.4229	0.4805	0.3247	0.3117	0.580086
0.4739	0.4799	0.498	0.4057	0.4188	0.4894	0.4231	0.359	0.2308	-0.32707
0.465	0.4766	0.4899	0.3885	0.3968	0.3943	0.5182	0.3273	0.1186	0.114914
