ncvFD_AFR	ncvFD_EUR	ncvFD_ASN	ncv_AFR	ncv_EUR	ncv_ASN	hka_AFR	hka_EUR	hka_ASN	tajd_AFR
0.4595	0.4574	0.4955	0.336	0.2429	0.4822	0.3951	0.2716	0.3457	1.32995
0.4579	0.4553	0.4873	0.3445	0.3286	0.4509	0.443	0.4304	0.3671	1.15383
0.4551	0.4535	0.4952	0.3498	0.3	0.4842	0.5062	0.3827	0.4444	1.04799
0.4509	0.444	0.4441	0.3439	0.3	0.2951	0.5493	0.493	0.4789	1.17775
0.4485	0.4325	0.4734	0.3614	0.2538	0.4134	0.6923	0.5128	0.4872	0.795041
0.4667	0.4674	0.4957	0.3937	0.3243	0.4791	0.5128	0.2785	0.2658	-0.0199607
0.4259	0.4093	0.4551	0.3231	0.218	0.3839	0.8906	0.6875	0.7188	1.67542
0.4326	0.4278	0.4951	0.3171	0.2581	0.4864	0.726	0.5753	0.5616	1.7972
0.459	0.4599	0.4871	0.3672	0.3075	0.4473	0.5176	0.3294	0.3412	0.643433
0.4249	0.4213	0.4745	0.3052	0.1902	0.4288	0.7949	0.5128	0.6026	2.06339
0.4246	0.4323	0.4519	0.3162	0.3206	0.3768	0.8676	0.75	0.7353	1.82752
0.4486	0.4414	0.464	0.3525	0.2692	0.3608	0.6338	0.4507	0.4085	0.993624
0.4406	0.4269	0.4932	0.3647	0.2939	0.4828	0.9138	0.7069	0.6724	0.713642
0.4502	0.4504	0.4539	0.301	0.2885	0.3193	0.4225	0.3944	0.4225	2.03039
0.4322	0.4383	0.4983	0.2723	0.2719	0.4775	0.5612	0.4898	0.0855	2.68321
0.469	0.47	0.4916	0.3757	0.3411	0.4509	0.3814	0.2784	0.2165	0.431005
0.4562	0.4507	0.4978	0.3874	0.3112	0.4672	0.7206	0.4412	0.075	0.143656
0.4455	0.4375	0.4985	0.3678	0.2458	0.485	0.8158	0.4474	0.1163	0.643047
0.4389	0.4272	0.4366	0.3227	0.222	0.2921	0.6479	0.507	0.5634	1.65995
0.451	0.448	0.4891	0.3558	0.3322	0.4623	0.6061	0.5455	0.4242	0.908952
0.4374	0.4399	0.4936	0.3477	0.3123	0.4796	0.8333	0.5882	0.4706	1.13648
0.4152	0.4216	0.4919	0.2942	0.3083	0.481	0.9048	0.873	0.7619	2.27325
0.4484	0.4541	0.4656	0.3446	0.2575	0.3879	0.5938	0.3134	0.5	1.15949
0.4541	0.45	0.4633	0.3737	0.3105	0.333	0.6588	0.4471	0.3412	0.493075
0.4385	0.4321	0.4802	0.3535	0.2256	0.4417	0.8571	0.4658	0.5479	0.989401
0.4436	0.4417	0.4612	0.3087	0.2517	0.3473	0.5238	0.4167	0.4048	1.94589
0.4561	0.4593	0.4929	0.3593	0.2935	0.4681	0.5312	0.3125	0.2959	0.841621
0.427	0.4299	0.4921	0.3022	0.283	0.4777	0.7439	0.622	0.561	2.12198
0.4523	0.4554	0.4991	0.3747	0.323	0.4886	0.7067	0.4133	0.0843	0.467192
0.4527	0.4444	0.4948	0.3596	0.2951	0.4818	0.5952	0.4762	0.4048	0.83305
0.4508	0.4498	0.4926	0.3633	0.3116	0.4722	0.6562	0.4531	0.375	0.735953
0.4345	0.4358	0.4917	0.314	0.2366	0.4736	0.6795	0.4487	0.4744	1.86084
0.4264	0.4281	0.4574	0.3175	0.3044	0.3821	0.8421	0.7368	0.6447	1.80711
0.3978	0.3917	0.4365	0.2907	0.2469	0.3701	1.2444	1.0444	1.1111	2.34063
0.4394	0.4213	0.492	0.3632	0.2704	0.481	0.9322	0.6949	0.7458	0.750902
0.4336	0.4278	0.4884	0.3045	0.2415	0.4656	0.65	0.5375	0.525	2.05538
0.4631	0.4677	0.4679	0.39	0.3657	0.3477	0.5696	0.3671	0.3165	0.0762547
0.4447	0.4599	0.4943	0.3431	0.3712	0.478	0.6522	0.5217	0.3611	1.20898
0.4684	0.4657	0.4804	0.3537	0.3068	0.4198	0.3243	0.2703	0.3514	0.908836
0.451	0.4993	0.4978	0.3416	0.4861	0.4713	0.5375	0.0532	0.0851	1.23915
0.4643	0.4596	0.4877	0.3502	0.3035	0.4528	0.3708	0.3258	0.3708	1.02084
0.4613	0.4599	0.4703	0.3445	0.2999	0.3369	0.396	0.3168	0.2673	1.16608
0.4478	0.451	0.4938	0.3431	0.3083	0.4769	0.5972	0.4306	0.375	1.20483
0.45	0.4516	0.4954	0.3298	0.3022	0.4854	0.507	0.4085	0.4648	1.47659
0.4333	0.4444	0.4993	0.287	0.291	0.49	0.5909	0.4659	0.0792	2.39962
0.4341	0.4276	0.4937	0.3148	0.2697	0.4821	0.6883	0.6104	0.5584	1.84429
0.437	0.429	0.4474	0.3448	0.2441	0.3258	0.8193	0.5301	0.5301	1.20108
0.4328	0.4408	0.4847	0.2842	0.3054	0.4524	0.5882	0.5507	0.5	2.40703
0.4327	0.4481	0.4996	0.3229	0.35	0.49	0.7564	0.6282	0.0421	1.6835
0.4568	0.4494	0.4866	0.391	0.2482	0.4534	0.7397	0.3425	0.4247	0.0500155
0.4463	0.4309	0.4969	0.3336	0.2365	0.4894	0.578	0.4954	0.422	1.45266
0.4289	0.4561	0.4887	0.3419	0.3853	0.4711	0.9844	0.7031	0.6562	1.26296
0.4431	0.4436	0.4576	0.2963	0.2556	0.3259	0.494	0.4048	0.3929	2.18108
0.4527	0.4482	0.4993	0.3838	0.2856	0.4825	0.7831	0.4118	0.0421	0.238138
0.4287	0.4296	0.4497	0.3069	0.2878	0.3393	0.7397	0.6438	0.5479	2.01063
0.464	0.4576	0.4662	0.3634	0.2696	0.3274	0.4176	0.2967	0.2967	0.726777
0.4458	0.4286	0.49	0.3552	0.2434	0.4699	0.7065	0.5326	0.5109	0.953283
0.4528	0.4344	0.4815	0.3495	0.2265	0.4328	0.5422	0.4458	0.4096	1.06414
0.4566	0.4564	0.4713	0.3688	0.317	0.3723	0.5733	0.3867	0.3333	0.604341
0.4293	0.4274	0.4988	0.3255	0.2449	0.4858	0.8387	0.5484	0.0959	1.61379
0.4314	0.4312	0.4735	0.33	0.2853	0.423	0.828	0.6129	0.5699	1.54921
0.4567	0.4517	0.4973	0.3648	0.3088	0.4892	0.5481	0.4231	0.3429	0.714797
0.4455	0.453	0.4998	0.2865	0.2987	0.49	0.4432	0.3864	0.0196	2.35911
0.4614	0.4548	0.4972	0.3773	0.3189	0.4889	0.5256	0.4103	0.3333	0.395184
0.4625	0.4588	0.4968	0.3581	0.3151	0.4879	0.4222	0.3556	0.3556	0.850092
0.4568	0.4586	0.4647	0.3854	0.3481	0.3572	0.6867	0.4458	0.3855	0.195588
0.4693	0.4676	0.4965	0.3777	0.3208	0.426	0.3832	0.271	0.0531	0.38496
0.435	0.4376	0.4779	0.3057	0.3012	0.4316	0.6351	0.5811	0.5135	2.01574
0.4297	0.4176	0.4149	0.3233	0.2408	0.2144	0.8167	0.65	0.6167	1.65488
0.4613	0.4574	0.4923	0.3773	0.3216	0.4659	0.5286	0.3857	0.3	0.38994
0.4628	0.4629	0.4807	0.3591	0.3369	0.4234	0.4194	0.3548	0.3656	0.830539
0.4484	0.4527	0.4932	0.3389	0.306	0.4724	0.5676	0.4054	0.3378	1.29749
0.4473	0.4409	0.4851	0.3573	0.2394	0.4511	0.6892	0.4054	0.4595	0.88906
0.4481	0.4449	0.4813	0.3342	0.2856	0.4381	0.5526	0.4474	0.4605	1.40202
0.3987	0.3869	0.4997	0.2685	0.1747	0.49	1.0476	0.8413	0.0357	2.78158
0.464	0.4593	0.4676	0.3932	0.322	0.3439	0.5714	0.3636	0.3117	-0.00618406
0.4342	0.4171	0.4944	0.3506	0.2894	0.4865	0.9375	0.8438	0.7188	1.05765
0.4183	0.4186	0.4951	0.3162	0.3078	0.4862	1	0.9298	0.5614	1.82395
0.4544	0.456	0.4975	0.3365	0.329	0.4644	0.4667	0.4222	0.0792	1.35101
0.4419	0.437	0.4822	0.3334	0.3007	0.445	0.6508	0.5873	0.5079	1.41485
0.4341	0.4341	0.4953	0.322	0.2946	0.4643	0.7273	0.6061	0.1579	1.67995
0.4459	0.4494	0.4851	0.3501	0.3273	0.4448	0.6706	0.5059	0.3908	1.06742
0.4258	0.4153	0.4973	0.3343	0.2288	0.4626	0.9873	0.6456	0.0816	1.45388
0.4494	0.4528	0.4766	0.3156	0.2839	0.3851	0.4699	0.3614	0.2892	1.7872
0.4618	0.4504	0.4549	0.3645	0.2753	0.3014	0.4571	0.3714	0.3714	0.689965
0.4235	0.4155	0.4655	0.3226	0.2302	0.4013	0.9385	0.6462	0.6	1.69412
0.4628	0.4639	0.4821	0.3897	0.2721	0.4339	0.5753	0.2466	0.3973	0.0824607
0.4564	0.4409	0.4582	0.3756	0.2602	0.3399	0.6212	0.4394	0.4242	0.43568
0.4693	0.4666	0.4953	0.3776	0.359	0.4747	0.3838	0.3636	0.2323	0.383721
0.4466	0.4395	0.4933	0.34	0.2612	0.4792	0.6023	0.4545	0.4886	1.29473
0.4432	0.4377	0.4697	0.3273	0.2469	0.3997	0.6	0.4471	0.4824	1.57363
0.46	0.4458	0.494	0.3611	0.2413	0.4789	0.473	0.3649	0.4054	0.776144
0.4619	0.4614	0.4906	0.3107	0.2511	0.4493	0.314	0.2479	0.2397	1.88371
0.4302	0.42	0.4335	0.3274	0.2466	0.3008	0.8333	0.6364	0.6364	1.57918
0.4477	0.444	0.4938	0.3326	0.2535	0.4753	0.5513	0.3974	0.3462	1.43936
0.4666	0.4698	0.497	0.406	0.3307	0.4612	0.6105	0.2632	0.0874	-0.351179
0.4572	0.4552	0.4645	0.3922	0.3313	0.3429	0.7424	0.4394	0.3485	0.0193006
0.4756	0.484	0.4988	0.3889	0.375	0.4801	0.3182	0.1685	0.0652	0.100363
0.4467	0.4452	0.4489	0.3279	0.3033	0.3018	0.5488	0.4878	0.439	1.54551
0.4365	0.4439	0.4966	0.3015	0.2896	0.4644	0.5974	0.4675	0.1099	2.09686
0.4617	0.4624	0.4966	0.3945	0.3749	0.4842	0.6389	0.4932	0.274	-0.0404225
0.4286	0.4327	0.4828	0.2957	0.238	0.4461	0.6883	0.4805	0.4935	2.23282
0.4477	0.4456	0.4643	0.3408	0.253	0.3829	0.5882	0.3824	0.5	1.25007
0.4309	0.4158	0.4801	0.3569	0.2788	0.4472	1.1034	0.8103	0.6379	0.910426
0.4111	0.4077	0.4939	0.2869	0.2529	0.4853	0.9344	0.8197	0.7213	2.41554
0.4589	0.4595	0.4979	0.3631	0.2545	0.4854	0.5	0.2658	0.1744	0.734656
0.4632	0.4515	0.4672	0.3872	0.3084	0.3104	0.5479	0.4247	0.2603	0.145739
0.4255	0.4047	0.4955	0.2785	0.2	0.4887	0.6667	0.697	0.6667	2.52934
0.4274	0.467	0.4869	0.3127	0.4218	0.4638	0.7925	0.7925	0.5849	1.8574
0.4586	0.4595	0.4711	0.3386	0.3314	0.3768	0.4149	0.383	0.3511	1.29658
0.4434	0.4386	0.4656	0.3121	0.2721	0.3918	0.5385	0.4872	0.5256	1.87036
0.4582	0.4601	0.4839	0.367	0.3737	0.4444	0.5316	0.5316	0.4304	0.645956
0.4382	0.4178	0.4809	0.3308	0.1946	0.4494	0.7015	0.5522	0.6418	1.48776
0.4325	0.4277	0.4777	0.2874	0.2562	0.4332	0.6032	0.5714	0.5397	2.3357
0.447	0.4419	0.4843	0.3211	0.2798	0.4428	0.5195	0.4675	0.4026	1.67715
0.4469	0.4295	0.4598	0.3255	0.208	0.3613	0.5357	0.4643	0.4762	1.59748
0.4193	0.4042	0.4511	0.326	0.2112	0.3811	1.0676	0.7297	0.7973	1.6403
0.4203	0.4268	0.4905	0.2714	0.2413	0.472	0.7123	0.5479	0.5256	2.69067
0.4581	0.4522	0.485	0.3973	0.3208	0.4539	0.7719	0.4483	0.5088	-0.113955
0.4717	0.4683	0.4919	0.3877	0.3001	0.4545	0.3814	0.2371	0.2268	0.132756
0.4533	0.4447	0.4837	0.3504	0.2651	0.4475	0.5385	0.4103	0.4744	1.03649
0.4444	0.4318	0.4876	0.3671	0.2623	0.468	0.8387	0.5397	0.6508	0.652901
0.3978	0.3979	0.4961	0.2412	0.2108	0.4521	0.9167	0.8056	0.0938	3.25235
0.4618	0.461	0.4958	0.3883	0.3362	0.4831	0.5882	0.3768	0.3333	0.117714
0.4356	0.4395	0.4887	0.329	0.3044	0.4625	0.7391	0.5652	0.4493	1.53487
0.4384	0.4346	0.4427	0.3114	0.2317	0.2873	0.6071	0.4524	0.4762	1.9104
0.4542	0.4538	0.4853	0.356	0.3104	0.4419	0.5488	0.4024	0.3605	0.911379
0.4585	0.4508	0.4752	0.37	0.2863	0.4084	0.5422	0.3855	0.4096	0.576538
0.4556	0.452	0.4919	0.3515	0.3112	0.4682	0.5057	0.4253	0.3563	1.01502
0.4393	0.4363	0.4881	0.3228	0.2343	0.4641	0.6429	0.4405	0.5119	1.67578
0.4552	0.4405	0.4891	0.3782	0.3025	0.4659	0.6667	0.5455	0.4848	0.375129
0.4683	0.4705	0.4932	0.4107	0.3679	0.4739	0.6061	0.3333	0.3636	-0.466728
0.4616	0.4689	0.4847	0.3492	0.283	0.4251	0.4051	0.2152	0.2785	1.03888
0.4328	0.4308	0.4943	0.333	0.2912	0.4844	0.8194	0.6389	0.5833	1.46127
0.4535	0.45	0.4802	0.3499	0.2131	0.4124	0.5321	0.3028	0.3211	1.07274
0.4804	0.4767	0.482	0.4028	0.3512	0.3625	0.2807	0.2193	0.1754	-0.250893
0.4256	0.4235	0.4851	0.3235	0.288	0.4629	0.9	0.7333	0.7	1.66149
0.4594	0.4622	0.4592	0.3854	0.3356	0.32	0.623	0.3607	0.3607	0.189842
0.4347	0.431	0.485	0.3176	0.2884	0.4532	0.6933	0.6267	0.4933	1.78342
0.4517	0.4467	0.4905	0.3614	0.2956	0.4647	0.625	0.45	0.3827	0.790842
0.4565	0.4469	0.4761	0.3753	0.2842	0.4073	0.6154	0.4231	0.3846	0.44892
0.4517	0.4469	0.4543	0.3534	0.2827	0.329	0.5802	0.4198	0.4444	0.977317
0.4635	0.4616	0.4907	0.3545	0.3367	0.4627	0.3951	0.3704	0.3457	0.919174
0.4533	0.4357	0.4993	0.3768	0.2859	0.49	0.7	0.5571	0.0723	0.412076
0.468	0.4653	0.488	0.3936	0.3277	0.4466	0.4839	0.3065	0.3065	-0.016915
0.4779	0.4847	0.4916	0.381	0.4044	0.4497	0.2596	0.2115	0.2115	0.289388
0.4512	0.4498	0.4572	0.345	0.3306	0.2986	0.5488	0.5122	0.3415	1.16618
0.4506	0.4505	0.4975	0.3584	0.3193	0.4766	0.6301	0.4658	0.122	0.858032
0.4315	0.4189	0.4749	0.3369	0.2306	0.4348	0.878	0.6098	0.6707	1.38824
0.471	0.4691	0.4922	0.3651	0.3856	0.4706	0.3176	0.4186	0.3721	0.662808
0.43	0.4219	0.499	0.3086	0.2475	0.4802	0.726	0.6164	0.0543	1.97334
0.443	0.4386	0.4888	0.3602	0.3215	0.4681	0.8088	0.6471	0.5588	0.823077
0.4458	0.4394	0.4907	0.3646	0.2843	0.4712	0.7794	0.5072	0.4928	0.716412
0.4644	0.4636	0.4673	0.3783	0.3362	0.3007	0.4731	0.3441	0.2473	0.370489
0.4468	0.442	0.4822	0.3408	0.2902	0.4272	0.6032	0.4921	0.3492	1.24436
0.4367	0.4127	0.4838	0.3671	0.2652	0.4596	1.0588	0.7971	0.6957	0.665878
0.451	0.4503	0.4919	0.347	0.2912	0.4709	0.5625	0.4	0.4	1.12007
0.4514	0.453	0.4716	0.3796	0.3029	0.4164	0.7746	0.3944	0.5634	0.343452
0.4226	0.417	0.4473	0.3084	0.2582	0.3142	0.8551	0.7101	0.493	1.99158
0.4142	0.4081	0.485	0.3014	0.2361	0.4635	0.971	0.7536	0.7246	2.14895
0.4351	0.4411	0.4361	0.3167	0.3094	0.2724	0.6818	0.5606	0.5152	1.78374
0.4556	0.453	0.4807	0.3382	0.2475	0.4197	0.4556	0.3111	0.3444	1.31046
0.4544	0.4414	0.4773	0.354	0.2628	0.4193	0.5366	0.439	0.4268	0.957016
0.4524	0.4483	0.4836	0.3607	0.2425	0.436	0.6071	0.3452	0.369	0.808799
0.4561	0.45	0.4951	0.3718	0.3089	0.4782	0.6023	0.4432	0.2955	0.537822
0.4678	0.4729	0.4748	0.3726	0.3541	0.3017	0.3889	0.2688	0.1828	0.501557
0.4672	0.4674	0.4929	0.3933	0.3149	0.4666	0.5	0.2639	0.2778	-0.0106131
0.4421	0.4432	0.4886	0.3142	0.2922	0.4641	0.5632	0.4828	0.4828	1.84832
0.4571	0.4477	0.4528	0.3833	0.3165	0.3183	0.6627	0.494	0.4337	0.249752
0.455	0.4619	0.4942	0.3324	0.3064	0.4758	0.4455	0.3069	0.3235	1.44817
0.48	0.4817	0.492	0.4062	0.3355	0.4433	0.3	0.15	0.175	-0.342761
0.4377	0.4336	0.4947	0.3205	0.2359	0.4849	0.6582	0.4684	0.5443	1.72094
0.4366	0.4322	0.4966	0.3161	0.2459	0.4752	0.6552	0.5	0.1618	1.7723
0.4599	0.4618	0.4464	0.3818	0.3207	0.2956	0.5867	0.3333	0.4533	0.28315
0.4231	0.4148	0.4889	0.285	0.1841	0.4697	0.7258	0.5645	0.5968	2.41274
0.4181	0.4129	0.4948	0.3064	0.2675	0.472	0.9286	0.8036	0.2353	2.01558
0.4709	0.4686	0.4781	0.3701	0.3088	0.3708	0.3333	0.2451	0.2353	0.560788
0.4461	0.4387	0.4986	0.369	0.2451	0.4867	0.8116	0.4348	0.1154	0.610554
0.4702	0.4795	0.4793	0.3616	0.3236	0.358	0.32	0.16	0.2	0.756025
0.4517	0.4364	0.4984	0.3709	0.2374	0.4793	0.6914	0.4444	0.087	0.562785
0.4464	0.453	0.4992	0.3295	0.3217	0.4827	0.56	0.44	0.0476	1.5035
0.456	0.4507	0.4811	0.362	0.2705	0.4242	0.5465	0.3605	0.3605	0.77321
0.4623	0.4572	0.4967	0.3768	0.311	0.4889	0.5059	0.3647	0.4353	0.408792
0.4548	0.4567	0.4768	0.3672	0.2758	0.3895	0.6	0.3125	0.3	0.648799
0.4558	0.4516	0.4939	0.3755	0.3176	0.4448	0.6316	0.4474	0.131	0.444984
0.4557	0.457	0.4922	0.364	0.3519	0.4738	0.5625	0.4844	0.4375	0.708382
0.4437	0.4405	0.465	0.3431	0.2674	0.3802	0.6714	0.4571	0.4714	1.21423
0.4426	0.4283	0.4804	0.3466	0.2808	0.4486	0.7143	0.6364	0.6494	1.14595
0.4469	0.4349	0.4778	0.3665	0.3008	0.4298	0.7692	0.6176	0.5	0.668007
0.4626	0.456	0.4595	0.3692	0.2948	0.3223	0.4638	0.3478	0.3623	0.580165
0.4568	0.457	0.4912	0.378	0.3766	0.4751	0.629	0.6129	0.5645	0.375873
0.4327	0.4293	0.4729	0.3191	0.2561	0.4197	0.7344	0.5538	0.5538	1.74045
0.4392	0.4369	0.4949	0.3139	0.2444	0.4845	0.6056	0.4507	0.493	1.83604
0.434	0.4268	0.4978	0.338	0.2476	0.4545	0.8315	0.5618	0.0541	1.36543
0.4362	0.4213	0.4821	0.3388	0.217	0.4505	0.7917	0.5556	0.5972	1.32768
0.4522	0.446	0.4504	0.3472	0.2599	0.2929	0.5417	0.3889	0.4028	1.10299
0.4854	0.48	0.4953	0.4411	0.3735	0.4625	0.3514	0.2162	0.1486	-1.25808
0.4666	0.4635	0.4982	0.3823	0.3275	0.4811	0.4519	0.3269	0.1062	0.271565
0.4505	0.4511	0.4883	0.3354	0.3222	0.4615	0.52	0.4667	0.4533	1.36749
0.4293	0.4232	0.4901	0.3312	0.314	0.4758	0.8814	0.8814	0.7119	1.48864
0.4612	0.4664	0.479	0.3472	0.3318	0.3971	0.4048	0.3023	0.2857	1.08962
0.4209	0.4047	0.4204	0.347	0.2591	0.3042	1.2826	0.8913	0.8696	1.14101
0.4406	0.4312	0.4405	0.3464	0.2794	0.2839	0.7536	0.5942	0.4928	1.14607
0.4652	0.4677	0.4747	0.393	0.3324	0.3742	0.5422	0.2892	0.2892	-0.000785217
0.4589	0.4574	0.4963	0.3629	0.2401	0.4844	0.5	0.2692	0.3205	0.74081
0.4423	0.4437	0.4864	0.2839	0.2518	0.4496	0.4731	0.3978	0.3871	2.43003
0.4375	0.439	0.4624	0.2886	0.2603	0.3672	0.5417	0.4583	0.4583	2.3183
0.4575	0.4637	0.4923	0.3545	0.3621	0.4696	0.4861	0.4167	0.3514	0.927512
0.4551	0.4636	0.4646	0.3715	0.3793	0.3752	0.6207	0.4943	0.4545	0.54773
0.4608	0.4571	0.468	0.382	0.3291	0.3642	0.5679	0.4074	0.358	0.27891
0.4527	0.4526	0.4883	0.337	0.3368	0.465	0.4933	0.4933	0.52	1.32593
0.4628	0.4964	0.4981	0.3708	0.4832	0.4792	0.4675	0.2821	0.1047	0.547346
0.4491	0.4474	0.4894	0.3114	0.2659	0.4588	0.4615	0.3846	0.3626	1.88349
0.4371	0.4443	0.4882	0.3348	0.3227	0.4658	0.7465	0.5634	0.5493	1.41113
0.4022	0.3913	0.4938	0.289	0.2463	0.448	1.127	1.0476	0.1429	2.40524
0.4301	0.4314	0.4592	0.2958	0.29	0.3818	0.6667	0.6267	0.6	2.22272
0.4668	0.4666	0.4859	0.3278	0.2256	0.4317	0.2903	0.1935	0.2796	1.47559
0.4483	0.4431	0.494	0.3601	0.2407	0.4646	0.6866	0.3881	0.2125	0.817882
0.4252	0.4299	0.4873	0.3306	0.3178	0.4693	0.9683	0.7778	0.7302	1.5171
0.4793	0.4767	0.4936	0.4151	0.3678	0.4637	0.3529	0.2471	0.2235	-0.570796
0.4333	0.429	0.4825	0.3341	0.2794	0.4497	0.8171	0.622	0.561	1.44651
0.4464	0.44	0.4845	0.3388	0.2866	0.4522	0.6	0.5059	0.5059	1.3179
0.4347	0.4347	0.4476	0.3176	0.2585	0.2133	0.6923	0.5	0.321	1.7875
0.4596	0.4598	0.4876	0.3491	0.3288	0.4456	0.4337	0.3735	0.3133	1.05357
0.429	0.499	0.4951	0.3112	0.4802	0.4857	0.7564	0.0549	0.5256	1.93295
0.4686	0.4746	0.4814	0.3521	0.3072	0.3994	0.3182	0.1892	0.2523	0.982245
0.445	0.4353	0.4836	0.343	0.2833	0.4483	0.6462	0.5538	0.4923	1.20453
0.4568	0.4582	0.4562	0.3578	0.3195	0.3089	0.5128	0.3718	0.3718	0.862462
0.4416	0.4391	0.4667	0.3489	0.2799	0.3938	0.75	0.5	0.5132	1.09365
0.4597	0.4539	0.4829	0.3773	0.2592	0.429	0.561	0.3171	0.3415	0.39821
0.446	0.4475	0.4755	0.3288	0.3089	0.412	0.5625	0.475	0.425	1.52623
0.4452	0.4438	0.4395	0.3559	0.2901	0.2332	0.7229	0.4699	0.4096	0.932978
0.4358	0.4165	0.4531	0.358	0.254	0.3747	0.9726	0.7027	0.6892	0.889861
0.4557	0.4525	0.4618	0.3388	0.2917	0.3372	0.4563	0.3786	0.3689	1.31111
0.4485	0.4473	0.4555	0.3302	0.306	0.3258	0.5309	0.4691	0.4198	1.49073
0.436	0.4137	0.4181	0.3561	0.2482	0.2019	0.9474	0.7193	0.5614	0.920614
0.4678	0.4693	0.486	0.3472	0.2822	0.4174	0.3176	0.2118	0.2235	1.06372
0.457	0.4516	0.4984	0.383	0.2925	0.4835	0.662	0.3889	0.1111	0.253893
0.4657	0.4685	0.482	0.3845	0.2776	0.4164	0.4792	0.2143	0.299	0.215273
0.448	0.4414	0.4696	0.3418	0.2908	0.3819	0.5882	0.5	0.3944	1.22834
0.4486	0.4402	0.4877	0.3511	0.252	0.4553	0.625	0.4318	0.3977	1.04009
0.4584	0.4441	0.459	0.3906	0.2823	0.3472	0.6923	0.4487	0.4359	0.0601603
0.4413	0.4402	0.4807	0.336	0.2877	0.4462	0.6761	0.507	0.5915	1.37458
0.4415	0.4499	0.4983	0.3248	0.3103	0.4829	0.6154	0.4487	0.1134	1.6212
0.4413	0.4305	0.4822	0.3281	0.2204	0.4454	0.6351	0.473	0.5135	1.54655
0.454	0.4459	0.4841	0.3672	0.2883	0.4426	0.6163	0.4419	0.407	0.651384
0.4499	0.4583	0.481	0.3242	0.3428	0.4246	0.4886	0.4318	0.3636	1.62107
0.4671	0.4614	0.4921	0.3921	0.2948	0.4588	0.4941	0.2941	0.2471	0.0208223
0.4648	0.4537	0.4939	0.3805	0.2592	0.4756	0.4773	0.3182	0.3409	0.315187
0.4679	0.4755	0.4931	0.3906	0.3894	0.4668	0.4691	0.321	0.2716	0.0585632
0.4313	0.4256	0.4828	0.3422	0.2935	0.4545	0.9275	0.7246	0.6377	1.2587
0.4448	0.4412	0.4741	0.3557	0.2897	0.4176	0.7317	0.5	0.5	0.938077
0.4517	0.45	0.4806	0.3733	0.2985	0.4307	0.7097	0.4194	0.4194	0.495323
0.4411	0.4703	0.4952	0.3382	0.4062	0.4861	0.6905	0.5119	0.5357	1.34335
0.4384	0.4349	0.488	0.333	0.2899	0.4623	0.7105	0.5789	0.4868	1.45334
0.4687	0.4711	0.4906	0.3906	0.3036	0.4541	0.4521	0.2162	0.2703	0.0578532
0.4179	0.4136	0.4963	0.3081	0.2528	0.4593	0.9444	0.7361	0.1034	2.01296
0.4367	0.437	0.4678	0.3613	0.3241	0.419	0.9844	0.6875	0.7188	0.803944
0.4399	0.4514	0.4557	0.3168	0.339	0.3227	0.6056	0.5211	0.4085	1.77657
0.4115	0.3892	0.414	0.3207	0.2101	0.3068	1.2131	0.918	1.0164	1.75131
0.4369	0.4357	0.4968	0.2738	0.2726	0.4895	0.5104	0.5208	0.4375	2.63516
0.4614	0.4605	0.4955	0.3625	0.2751	0.4699	0.4556	0.2778	0.18	0.752938
0.4634	0.4692	0.4988	0.3567	0.3552	0.483	0.4024	0.3171	0.0778	0.872482
0.4666	0.4639	0.4934	0.3656	0.3055	0.4677	0.3846	0.2857	0.2637	0.668894
0.4363	0.4345	0.4966	0.3118	0.25	0.489	0.6406	0.4844	0.4531	1.87229
0.4646	0.461	0.4952	0.4011	0.3373	0.4812	0.6203	0.3797	0.3544	-0.216473
0.4602	0.4511	0.4612	0.3759	0.2899	0.2802	0.5417	0.3889	0.2778	0.426299
0.442	0.4453	0.4806	0.3417	0.3286	0.4382	0.6951	0.5732	0.4878	1.26223
0.4593	0.4478	0.476	0.3973	0.3057	0.4069	0.7356	0.4615	0.3846	-0.115421
0.4534	0.4511	0.4716	0.3564	0.2926	0.401	0.5658	0.3947	0.4474	0.898735
0.4502	0.4349	0.4704	0.3765	0.286	0.3847	0.7761	0.5672	0.3913	0.420736
0.4597	0.4625	0.4869	0.3593	0.3323	0.4473	0.4699	0.3494	0.3494	0.824518
0.433	0.4256	0.4765	0.3277	0.249	0.4316	0.7812	0.5781	0.5625	1.56168
0.4583	0.4603	0.4982	0.342	0.2921	0.4793	0.4301	0.3011	0.099	1.22254
0.4472	0.4429	0.4518	0.3122	0.2495	0.3317	0.4878	0.4024	0.4878	1.86082
0.4362	0.4345	0.4719	0.3272	0.2786	0.4133	0.7179	0.5513	0.5256	1.58554
0.437	0.4372	0.4682	0.317	0.2479	0.3837	0.6533	0.4533	0.4267	1.78811
0.4687	0.4729	0.4892	0.3932	0.3457	0.4386	0.4667	0.2533	0.2267	-0.00728113
0.4316	0.4232	0.498	0.3116	0.2115	0.4692	0.7143	0.5278	0.0706	1.90486
0.4284	0.4352	0.4267	0.2985	0.3172	0.228	0.7045	0.6818	0.5227	2.19834
0.4485	0.4558	0.4975	0.3449	0.2899	0.4794	0.5949	0.3418	0.1379	1.17199
0.4469	0.4308	0.4938	0.3614	0.2416	0.4156	0.7284	0.5062	0.086	0.799346
0.4456	0.4493	0.4649	0.2954	0.2929	0.3016	0.4623	0.4151	0.2703	2.22721
0.4178	0.4057	0.4985	0.3127	0.1967	0.4891	0.9821	0.6786	0.1594	1.89336
0.4254	0.4227	0.4317	0.3307	0.3122	0.3056	0.9649	0.8772	0.6842	1.50676
0.423	0.4178	0.4607	0.3197	0.2277	0.3849	0.9277	0.6145	0.5904	1.77643
0.4409	0.4324	0.4749	0.3418	0.2752	0.4244	0.7164	0.5672	0.5373	1.24554
0.4471	0.4425	0.4967	0.3491	0.2454	0.489	0.6418	0.4	0.4286	1.06921
0.4624	0.4583	0.4769	0.3868	0.3363	0.4091	0.5625	0.4125	0.375	0.158206
0.4413	0.4507	0.4645	0.3231	0.3236	0.3923	0.6118	0.4767	0.5529	1.66634
0.4547	0.4512	0.4591	0.3768	0.3242	0.3304	0.6667	0.4714	0.3857	0.410852
0.4525	0.4518	0.4893	0.3361	0.3114	0.4584	0.4935	0.4286	0.3636	1.34738
0.4537	0.447	0.46	0.3538	0.2885	0.331	0.5484	0.4301	0.3763	0.971344
0.4582	0.4573	0.49	0.3448	0.3143	0.454	0.44	0.37	0.29	1.16896
0.4528	0.4586	0.4618	0.3519	0.2813	0.3232	0.5529	0.3023	0.3372	1.01217
0.4543	0.4574	0.4954	0.3628	0.3416	0.4822	0.5844	0.4416	0.359	0.749823
0.4708	0.4616	0.4922	0.4034	0.322	0.4661	0.4805	0.3377	0.3117	-0.270088
0.4453	0.4452	0.4942	0.3376	0.2937	0.4789	0.6125	0.4625	0.3875	1.34216
0.415	0.3969	0.4123	0.3032	0.2069	0.2824	0.9677	0.8065	0.8871	2.09983
0.4661	0.4759	0.4758	0.3743	0.3581	0.3737	0.4239	0.2391	0.2717	0.465686
0.42	0.4037	0.4951	0.3382	0.2723	0.4487	1.1875	0.9792	0.1111	1.34149
0.4471	0.445	0.4781	0.3291	0.2674	0.4199	0.5474	0.4105	0.4105	1.53658
0.4415	0.4459	0.4509	0.3352	0.3587	0.3381	0.6667	0.7302	0.5238	1.37991
0.43	0.431	0.4666	0.3493	0.3216	0.42	1.0339	0.7797	0.7797	1.08979
0.4406	0.4522	0.4956	0.2997	0.3263	0.4748	0.5357	0.4643	0.2198	2.12906
0.4596	0.4466	0.4818	0.3895	0.2834	0.4357	0.6515	0.4242	0.4242	0.0878712
0.4315	0.4234	0.4929	0.3268	0.2875	0.4788	0.8036	0.7321	0.5179	1.57065
0.4422	0.4465	0.4964	0.366	0.3075	0.4897	0.8833	0.4833	0.5333	0.682104
0.4341	0.4357	0.4977	0.3345	0.302	0.4701	0.8049	0.6098	0.0851	1.43546
0.4485	0.4409	0.4699	0.3183	0.2197	0.3767	0.4891	0.3804	0.3696	1.75076
0.47	0.4699	0.4853	0.3872	0.3523	0.4041	0.411	0.3014	0.2	0.141125
0.4414	0.4454	0.4885	0.301	0.2467	0.4631	0.5287	0.375	0.4713	2.10742
0.4524	0.4491	0.497	0.3333	0.3287	0.4892	0.4848	0.5152	0.3939	1.386
0.4701	0.4713	0.4932	0.3777	0.3672	0.4589	0.3711	0.3196	0.2062	0.379382
0.4132	0.4001	0.48	0.3133	0.2192	0.4521	1.0909	0.803	0.7576	1.91007
0.4154	0.4057	0.4588	0.3023	0.2407	0.4014	0.9538	0.8	0.8	2.1213
0.4597	0.4458	0.4872	0.3929	0.2905	0.459	0.6795	0.4487	0.4744	0.00142443
0.4348	0.4381	0.4851	0.3192	0.2803	0.4561	0.7	0.5125	0.5375	1.757
0.4525	0.4564	0.4918	0.3544	0.373	0.4752	0.5714	0.6032	0.5079	0.932843
0.4737	0.4779	0.4945	0.384	0.3782	0.474	0.3333	0.2529	0.2759	0.219059
0.4688	0.4644	0.4928	0.3867	0.3247	0.4692	0.4301	0.3118	0.3118	0.158812
0.434	0.4356	0.4995	0.33	0.305	0.49	0.7765	0.6235	0.0566	1.53762
0.4742	0.4776	0.4903	0.4022	0.3555	0.445	0.3978	0.2151	0.2258	-0.239464
0.4512	0.4638	0.4976	0.3737	0.3847	0.4765	0.7273	0.5195	0.1136	0.493195
0.4573	0.4658	0.4643	0.3178	0.3659	0.3133	0.3776	0.398	0.2929	1.73421
0.4572	0.4555	0.4734	0.3527	0.2802	0.374	0.4835	0.3297	0.3077	0.98785
0.4494	0.444	0.4852	0.3506	0.2213	0.4424	0.6071	0.3571	0.369	1.04658
0.4058	0.384	0.4716	0.305	0.2019	0.4408	1.1923	0.9615	0.9808	2.06627
0.4623	0.4625	0.4734	0.3742	0.3068	0.3915	0.4921	0.3016	0.3651	0.459286
0.4585	0.4551	0.4824	0.3776	0.2974	0.4343	0.5876	0.3608	0.3918	0.395687
0.4678	0.462	0.4741	0.3826	0.2957	0.3789	0.43	0.29	0.31	0.262398
0.4255	0.4267	0.4273	0.3093	0.2677	0.2819	0.8077	0.6154	0.6538	1.98018
0.4154	0.4127	0.4924	0.2718	0.2654	0.481	0.7848	0.7975	0.6709	2.71139
0.4289	0.4181	0.4878	0.3004	0.1758	0.464	0.7045	0.5227	0.5341	2.16085
0.4442	0.4442	0.4586	0.3441	0.2984	0.3435	0.6667	0.4861	0.4306	1.19348
0.4406	0.4325	0.4488	0.3416	0.2765	0.3466	0.7222	0.5694	0.5972	1.25597
0.4366	0.4321	0.4451	0.2918	0.2143	0.2876	0.5625	0.45	0.45	2.28336
0.4405	0.4301	0.4778	0.35	0.2432	0.4314	0.7833	0.5167	0.5167	1.0542
0.4416	0.4372	0.4561	0.3356	0.2994	0.3565	0.6667	0.5802	0.5185	1.39594
0.4694	0.4771	0.481	0.3749	0.4048	0.408	0.3723	0.3511	0.2872	0.44784
0.4703	0.4688	0.4773	0.3601	0.3521	0.3548	0.3152	0.3152	0.2174	0.783761
0.4347	0.4318	0.4501	0.2872	0.2656	0.3318	0.5732	0.5488	0.5122	2.3796
0.456	0.4395	0.4568	0.3719	0.2473	0.3463	0.6047	0.4302	0.4651	0.536274
0.423	0.4157	0.4274	0.3153	0.2655	0.3279	0.8947	0.7544	0.8947	1.82968
0.4425	0.4454	0.4857	0.3289	0.3086	0.459	0.6176	0.5	0.5588	1.51702
0.4175	0.422	0.4729	0.2507	0.2609	0.4178	0.6795	0.6538	0.5385	3.05457
0.4126	0.4111	0.4429	0.2564	0.2195	0.347	0.7632	0.6711	0.7105	2.97424
0.4549	0.4556	0.4774	0.3527	0.2779	0.4055	0.5227	0.3258	0.3483	0.990117
0.482	0.48	0.4832	0.394	0.3467	0.3686	0.2288	0.178	0.1695	-0.0276397
0.451	0.4495	0.4768	0.3349	0.291	0.3949	0.5114	0.4091	0.3182	1.39319
0.4461	0.4397	0.4783	0.3365	0.2881	0.4304	0.5946	0.5135	0.4865	1.35502
0.4576	0.4598	0.4874	0.3497	0.3068	0.4487	0.4658	0.3288	0.3425	1.03438
0.452	0.454	0.4743	0.3342	0.3257	0.3918	0.4932	0.4384	0.3514	1.38347
0.4425	0.449	0.4544	0.2701	0.2902	0.3045	0.4412	0.4118	0.3824	2.68579
0.4256	0.4188	0.4607	0.279	0.2426	0.3997	0.6667	0.64	0.72	2.54483
0.4619	0.4555	0.4697	0.3785	0.2685	0.3877	0.5233	0.314	0.4186	0.367995
0.4737	0.4726	0.494	0.3784	0.3207	0.4611	0.3158	0.2211	0.1895	0.356652
0.4705	0.4691	0.4769	0.3936	0.3094	0.3914	0.4304	0.2405	0.3038	-0.017701
0.4665	0.4673	0.4902	0.3878	0.3515	0.4555	0.4828	0.3333	0.2955	0.130271
0.4468	0.4518	0.4605	0.3303	0.3256	0.3555	0.557	0.4684	0.443	1.49243
0.4332	0.4332	0.4922	0.3038	0.2777	0.478	0.6538	0.5641	0.5641	2.06668
0.4448	0.4536	0.4978	0.3172	0.3241	0.4758	0.5366	0.439	0.1011	1.76986
0.4522	0.443	0.4918	0.3582	0.3259	0.4723	0.5972	0.5972	0.4306	0.856995
0.4616	0.4611	0.4924	0.3635	0.3583	0.4695	0.4568	0.4444	0.3452	0.723113
0.4381	0.435	0.4315	0.3434	0.3078	0.2912	0.7857	0.6429	0.6286	1.21898
0.4246	0.4277	0.4275	0.2989	0.2657	0.2552	0.7662	0.5974	0.5714	2.18381
0.441	0.422	0.4942	0.3646	0.2165	0.4826	0.9032	0.5484	0.5161	0.718707
0.4585	0.4559	0.47	0.3432	0.2595	0.3642	0.43	0.3	0.33	1.20368
0.4409	0.441	0.4639	0.2914	0.2972	0.3668	0.5077	0.5231	0.4308	2.23227
0.4546	0.4527	0.4746	0.3411	0.2709	0.3946	0.4795	0.3425	0.3562	1.22868
0.4453	0.4535	0.449	0.3495	0.3608	0.297	0.68	0.5867	0.4267	1.07183
0.4444	0.4329	0.4807	0.3696	0.2053	0.4382	0.8621	0.431	0.4828	0.590703
0.4532	0.4504	0.4973	0.3494	0.2945	0.4882	0.5362	0.4058	0.3043	1.0483
0.4424	0.4219	0.4426	0.3544	0.2631	0.3324	0.7746	0.662	0.6338	0.963901
0.4142	0.4166	0.4078	0.295	0.2631	0.2444	0.9286	0.7321	0.7857	2.24384
0.4625	0.4545	0.4662	0.3494	0.3027	0.2898	0.3926	0.3778	0.2444	1.07819
0.4691	0.4635	0.4648	0.4089	0.3428	0.3491	0.567	0.3608	0.3608	-0.4284
0.4626	0.4608	0.4915	0.4079	0.3007	0.4642	0.7576	0.3088	0.3235	-0.398358
0.4505	0.4484	0.496	0.367	0.3473	0.4584	0.6892	0.6081	0.1099	0.655258
0.4388	0.4374	0.4792	0.312	0.3025	0.4384	0.6029	0.5882	0.5441	1.86757
0.4459	0.4403	0.4748	0.3108	0.3135	0.415	0.5	0.5875	0.4625	1.88983
0.4441	0.4377	0.4787	0.3495	0.2832	0.4305	0.7037	0.5244	0.4756	1.08001
0.4655	0.4685	0.4839	0.3475	0.3164	0.4179	0.3469	0.2551	0.2653	1.08432
0.4314	0.4352	0.49	0.3392	0.3205	0.4746	0.9	0.7	0.6667	1.31472
0.4323	0.432	0.4834	0.3154	0.2693	0.4472	0.7222	0.5556	0.4861	1.83052
0.4372	0.4243	0.4927	0.35	0.2336	0.4824	0.8571	0.5571	0.7143	1.07289
0.4774	0.4721	0.4833	0.41	0.3134	0.3871	0.3696	0.2174	0.1957	-0.440694
0.4055	0.4013	0.4798	0.2928	0.2558	0.4567	1.0862	0.931	0.9138	2.31559
0.4488	0.445	0.492	0.3601	0.2662	0.4704	0.6761	0.4085	0.3803	0.819818
0.4566	0.4453	0.4517	0.3876	0.2332	0.3058	0.7143	0.359	0.4156	0.138115
0.4414	0.4328	0.4665	0.33	0.277	0.3946	0.6418	0.5672	0.5224	1.49624
0.4385	0.4354	0.4526	0.2857	0.1879	0.3177	0.5217	0.3913	0.4348	2.44638
0.453	0.454	0.4644	0.3372	0.3012	0.3506	0.4891	0.3804	0.3696	1.34313
0.462	0.4609	0.4602	0.3337	0.2906	0.3336	0.3587	0.2935	0.3804	1.3824
0.4249	0.42	0.4956	0.3242	0.275	0.4587	0.9206	0.7302	0.125	1.6526
0.4476	0.4371	0.4987	0.3765	0.2501	0.4418	0.8472	0.4583	0.0241	0.425708
0.4334	0.4161	0.4911	0.359	0.2429	0.4801	1.0545	0.6727	0.8182	0.855345
0.4718	0.4692	0.4934	0.4159	0.3567	0.4651	0.5517	0.3218	0.2414	-0.616481
0.4455	0.4476	0.4896	0.245	0.2968	0.4624	0.3721	0.4419	0.3953	3.02219
0.4604	0.4638	0.482	0.3915	0.3048	0.3803	0.6484	0.2857	0.2021	0.0365533
0.4447	0.4414	0.4848	0.3427	0.2366	0.4467	0.6506	0.3976	0.4217	1.23362
0.4626	0.4616	0.494	0.3609	0.3174	0.4739	0.4304	0.3291	0.3038	0.778538
0.4532	0.4933	0.4989	0.3517	0.4773	0.4872	0.5455	0.4242	0.0986	0.993928
0.4489	0.4437	0.4679	0.3572	0.2782	0.376	0.6556	0.4444	0.4	0.899761
0.4262	0.4234	0.4962	0.3132	0.2788	0.4898	0.8182	0.697	0.6061	1.88122
0.4418	0.4382	0.457	0.3554	0.3167	0.3764	0.7959	0.6327	0.6122	0.915835
0.4643	0.4654	0.4954	0.3632	0.3053	0.4384	0.4112	0.271	0.087	0.741325
0.4261	0.4287	0.4277	0.29	0.2989	0.2334	0.7015	0.7015	0.5224	2.32651
0.4425	0.4262	0.4968	0.3418	0.2251	0.443	0.6866	0.5224	0.0641	1.24043
0.4483	0.4416	0.4439	0.381	0.3324	0.2877	0.8788	0.6515	0.4638	0.310711
0.4571	0.46	0.4625	0.3659	0.3473	0.3486	0.5469	0.4219	0.3906	0.662986
0.4778	0.4698	0.4977	0.3856	0.3263	0.4853	0.2727	0.2558	0.1932	0.176185
0.4664	0.4576	0.4672	0.4125	0.321	0.3789	0.6849	0.3816	0.4247	-0.525181
0.4302	0.4158	0.4751	0.3436	0.2529	0.4428	0.9692	0.7077	0.8154	1.22379
0.4703	0.4674	0.4944	0.3985	0.2806	0.4722	0.4624	0.2258	0.2581	-0.145595
0.4627	0.4566	0.4975	0.356	0.287	0.4626	0.4118	0.3294	0.0753	0.892901
0.4647	0.4727	0.4918	0.3784	0.3401	0.4652	0.4684	0.2469	0.321	0.364932
0.4572	0.4529	0.4957	0.3522	0.2214	0.4816	0.4828	0.2874	0.3103	0.994849
0.4601	0.4559	0.4972	0.3638	0.3067	0.4883	0.4831	0.3708	0.3146	0.724667
0.4545	0.4524	0.4704	0.3372	0.32	0.3953	0.4684	0.443	0.443	1.32075
0.4365	0.4351	0.4974	0.2931	0.2431	0.4769	0.5682	0.4659	0.1313	2.27656
0.4412	0.443	0.4938	0.3148	0.3142	0.4812	0.5797	0.5507	0.5072	1.80739
0.4566	0.4476	0.4868	0.3818	0.2847	0.4548	0.6627	0.4167	0.4337	0.288545
0.4515	0.4504	0.4476	0.3397	0.2415	0.2403	0.5217	0.3261	0.3478	1.29152
0.4365	0.4404	0.4987	0.3275	0.2933	0.4845	0.7143	0.5195	0.0938	1.57651
0.4544	0.4631	0.4768	0.3699	0.3812	0.409	0.625	0.5139	0.3784	0.57903
0.4401	0.4388	0.4992	0.3368	0.2974	0.49	0.7015	0.5522	0.0875	1.35484
0.4449	0.4417	0.4391	0.3462	0.2969	0.2007	0.6667	0.5139	0.375	1.14439
0.4246	0.4342	0.486	0.3145	0.3171	0.4252	0.8571	0.6984	0.25	1.85357
0.4342	0.4457	0.419	0.3428	0.3445	0.2545	0.8657	0.6418	0.6716	1.23644
0.4469	0.4448	0.4734	0.3555	0.3034	0.4189	0.6849	0.4932	0.5342	0.93149
0.4369	0.4315	0.4487	0.3365	0.2815	0.3611	0.7612	0.597	0.6866	1.36867
0.4386	0.4315	0.4817	0.3255	0.2309	0.4473	0.6667	0.48	0.56	1.61041
0.4492	0.4313	0.4588	0.3677	0.2643	0.3538	0.7246	0.5507	0.4638	0.637497
0.4428	0.4481	0.4773	0.3383	0.309	0.4246	0.6613	0.4677	0.4677	1.30918
0.4471	0.4447	0.4611	0.3377	0.2984	0.367	0.5844	0.4805	0.4805	1.33066
0.4362	0.4318	0.4969	0.3223	0.2678	0.4896	0.6923	0.5538	0.4308	1.66543
0.4389	0.4335	0.4609	0.3061	0.2196	0.3636	0.5802	0.4444	0.4691	2.00849
0.4578	0.4521	0.4722	0.3846	0.3441	0.4067	0.6562	0.5312	0.4688	0.212222
0.4493	0.4442	0.4926	0.3379	0.2973	0.4498	0.5484	0.4839	0.1818	1.29667
0.3949	0.3925	0.4915	0.2598	0.1946	0.4818	1.0635	0.8254	0.8889	2.93894
0.4315	0.4279	0.4929	0.3168	0.2767	0.4803	0.7436	0.6282	0.5769	1.81243
0.4382	0.4295	0.446	0.315	0.2779	0.3234	0.625	0.6111	0.5417	1.81937
0.4501	0.4472	0.4524	0.3501	0.2633	0.2996	0.5926	0.3827	0.3951	1.05429
0.4662	0.4704	0.4981	0.3797	0.3609	0.4793	0.4457	0.3152	0.102	0.33472
0.4753	0.4727	0.48	0.411	0.3294	0.3815	0.4231	0.2308	0.2308	-0.466184
0.4399	0.4384	0.4901	0.3198	0.2769	0.4691	0.619	0.5	0.4881	1.73734
0.4261	0.3955	0.453	0.3411	0.1777	0.3904	1.05	0.75	0.85	1.28357
0.4377	0.4311	0.4644	0.3541	0.2946	0.3852	0.8824	0.6471	0.5098	0.95624
0.4483	0.4466	0.4904	0.3294	0.1776	0.4627	0.5301	0.3012	0.3614	1.51151
0.4698	0.4628	0.4931	0.3922	0.2998	0.4704	0.4384	0.2877	0.3151	0.0182527
0.4376	0.4458	0.4833	0.3515	0.3123	0.4524	0.8611	0.5067	0.5694	1.03908
0.4643	0.4518	0.4746	0.3788	0.2548	0.3909	0.4773	0.3295	0.3409	0.357529
0.4194	0.426	0.4934	0.2925	0.2873	0.4832	0.8205	0.6923	0.6538	2.32177
0.4571	0.4471	0.4941	0.3895	0.3241	0.4482	0.7183	0.5278	0.1348	0.0894485
0.4447	0.4446	0.4962	0.3526	0.3277	0.4531	0.7101	0.5797	0.0921	0.998969
0.4391	0.4446	0.4937	0.3062	0.2789	0.4793	0.5775	0.4366	0.4507	1.98555
0.4553	0.4569	0.4833	0.3428	0.3101	0.4404	0.4756	0.3659	0.4146	1.20317
0.435	0.4278	0.4961	0.3311	0.2858	0.4894	0.7627	0.661	0.5932	1.47705
0.4822	0.4889	0.4963	0.4377	0.4089	0.4768	0.4253	0.1522	0.1957	-1.20678
0.4366	0.433	0.4414	0.3431	0.279	0.2991	0.814	0.5698	0.5233	1.24245
0.4353	0.4377	0.4439	0.3511	0.3134	0.3339	0.9155	0.625	0.6197	1.05002
0.4518	0.4479	0.4955	0.3455	0.2915	0.4849	0.5417	0.4271	0.4271	1.16805
0.4398	0.4358	0.473	0.3507	0.2467	0.4166	0.8023	0.4651	0.5233	1.06403
0.4632	0.4639	0.4933	0.3683	0.3552	0.4744	0.4493	0.3913	0.3623	0.597605
0.4523	0.4403	0.4677	0.3705	0.2584	0.4035	0.6753	0.4416	0.5584	0.569789
0.4562	0.4464	0.4512	0.3849	0.3561	0.3413	0.7	0.7	0.5333	0.203784
0.4224	0.4035	0.4354	0.3254	0.2569	0.3249	0.9859	0.9014	0.7183	1.64515
0.4506	0.449	0.4929	0.3617	0.3132	0.4776	0.6494	0.4675	0.4805	0.783796
0.4245	0.4155	0.4834	0.3351	0.2951	0.4596	1.0274	0.9041	0.7297	1.43109
0.4406	0.4469	0.4883	0.2962	0.3384	0.4652	0.5256	0.5897	0.5256	2.1826
0.4373	0.4328	0.4919	0.2985	0.2192	0.4749	0.575	0.45	0.4875	2.15748
0.4251	0.4181	0.4464	0.3099	0.2317	0.3598	0.8182	0.6212	0.7273	1.94982
0.4193	0.4174	0.487	0.2721	0.2542	0.4648	0.7284	0.6914	0.6049	2.69836
0.4624	0.4632	0.4924	0.3178	0.3288	0.4647	0.321	0.3333	0.284	1.67174
0.4581	0.4569	0.4976	0.3601	0.311	0.4886	0.5	0.3684	0.2763	0.803507
0.4638	0.4528	0.4946	0.3836	0.3173	0.4824	0.5139	0.4306	0.4444	0.235858
0.4503	0.447	0.4958	0.3407	0.2878	0.4864	0.5455	0.4286	0.4545	1.25664
0.4348	0.4138	0.4841	0.3578	0.1949	0.4566	1	0.5909	0.6061	0.890753
0.4417	0.4322	0.4825	0.3359	0.2339	0.4449	0.6667	0.4783	0.4928	1.37359
0.465	0.4654	0.4713	0.3713	0.3429	0.38	0.4316	0.3368	0.3579	0.541353
0.4384	0.4357	0.4411	0.3073	0.2535	0.3096	0.5915	0.4795	0.5616	1.96653
0.4395	0.4256	0.489	0.3629	0.213	0.4701	0.9254	0.5075	0.597	0.763867
0.4505	0.4477	0.4849	0.3564	0.3112	0.4442	0.6197	0.4789	0.3944	0.901634
0.4467	0.4393	0.4385	0.3891	0.2631	0.2974	1.0476	0.4603	0.5556	0.102139
0.4614	0.4635	0.4779	0.3818	0.3054	0.4261	0.5526	0.2895	0.4605	0.283938
0.4443	0.4418	0.4989	0.3281	0.2809	0.487	0.5862	0.4713	0.0952	1.5566
0.4515	0.4504	0.4766	0.3173	0.2686	0.4136	0.4471	0.3605	0.407	1.74849
0.4276	0.4321	0.4303	0.2694	0.2733	0.2757	0.6087	0.5652	0.5942	2.68463
0.4463	0.4547	0.4986	0.3343	0.3333	0.4846	0.5806	0.4516	0.1028	1.42408
0.4402	0.4493	0.4925	0.3215	0.3042	0.4725	0.6216	0.44	0.3867	1.68674
0.4534	0.4553	0.4496	0.3272	0.3045	0.2502	0.451	0.3725	0.3431	1.56486
0.4667	0.4643	0.4841	0.3698	0.279	0.4282	0.3977	0.25	0.3068	0.570319
0.4324	0.4344	0.442	0.2888	0.2439	0.2832	0.6082	0.4742	0.4742	2.3847
0.4391	0.445	0.4753	0.3385	0.3485	0.4199	0.7308	0.6795	0.4872	1.33367
0.4325	0.424	0.476	0.3094	0.2831	0.4282	0.6885	0.7049	0.541	1.92528
0.4455	0.4523	0.4872	0.3516	0.2941	0.4481	0.6892	0.3846	0.3462	1.024
0.4341	0.4296	0.4943	0.2848	0.2213	0.483	0.573	0.4831	0.5169	2.43797
0.4715	0.4643	0.4974	0.3815	0.3021	0.4628	0.3614	0.2771	0.0778	0.280709
0.4518	0.4551	0.4929	0.3559	0.3138	0.476	0.5921	0.3947	0.4342	0.913432
0.4242	0.4159	0.4937	0.2978	0.1963	0.4829	0.7683	0.5732	0.5854	2.21504
0.4515	0.4604	0.4777	0.3435	0.3164	0.4144	0.5377	0.3396	0.3868	1.22054
0.4503	0.4412	0.4973	0.3705	0.2798	0.49	0.7213	0.4754	0.377	0.564476
0.4527	0.4524	0.4543	0.3549	0.3199	0.3242	0.5696	0.443	0.4304	0.938647
0.4583	0.452	0.4861	0.3748	0.2622	0.4441	0.575	0.3375	0.35	0.459261
0.4344	0.4277	0.4685	0.3362	0.2035	0.4125	0.8108	0.4737	0.6184	1.39014
0.4239	0.4271	0.4882	0.3203	0.2689	0.4678	0.9123	0.614	0.5965	1.72606
0.4602	0.4563	0.4858	0.3484	0.323	0.4421	0.4231	0.4026	0.3462	1.06134
0.4154	0.4067	0.4637	0.336	0.2434	0.4156	1.2969	0.7969	0.8281	1.41817
0.4514	0.4474	0.4968	0.3488	0.2878	0.4888	0.5625	0.425	0.4	1.08041
0.4493	0.4341	0.4435	0.3765	0.2701	0.3244	0.8	0.5333	0.5833	0.419507
0.4403	0.4349	0.4988	0.3039	0.2032	0.4883	0.5529	0.4118	0.1188	2.05369
0.4556	0.4552	0.4792	0.3319	0.2598	0.4067	0.4353	0.3059	0.3176	1.43649
0.4243	0.4163	0.4766	0.341	0.2839	0.4396	1.098	0.8269	0.6731	1.27537
0.4706	0.4738	0.4909	0.385	0.3112	0.453	0.3895	0.2	0.2526	0.199443
0.4589	0.4582	0.4962	0.3693	0.3018	0.4839	0.5301	0.3373	0.3133	0.593589
0.4531	0.4368	0.4869	0.3857	0.2599	0.4576	0.7922	0.4805	0.4675	0.188167
0.4269	0.4225	0.4989	0.2887	0.2494	0.4835	0.6857	0.6143	0.069	2.35471
0.4344	0.4307	0.4971	0.3528	0.312	0.4464	0.9552	0.7313	0.0595	1.00875
0.4332	0.4225	0.4242	0.3278	0.2547	0.2663	0.7778	0.6296	0.642	1.58141
0.4293	0.4405	0.4294	0.3084	0.3417	0.2712	0.7368	0.7237	0.5921	1.98467
0.4467	0.4398	0.4403	0.3612	0.3134	0.312	0.7297	0.5946	0.5811	0.79968
0.4293	0.4328	0.4945	0.3378	0.3286	0.4642	0.9355	0.7903	0.1884	1.35266
0.4618	0.4594	0.4964	0.3925	0.3182	0.4843	0.6203	0.3544	0.3038	0.010631
0.4449	0.4361	0.437	0.3618	0.2803	0.3112	0.7761	0.5362	0.6269	0.783947
0.4589	0.4531	0.492	0.3303	0.2717	0.4654	0.3883	0.3398	0.3107	1.47975
0.4433	0.4359	0.4411	0.3412	0.2549	0.2964	0.6667	0.48	0.52	1.26277
0.4674	0.4643	0.4957	0.3765	0.3572	0.4802	0.411	0.3919	0.2877	0.402473
0.4473	0.4432	0.448	0.3477	0.2672	0.2845	0.631	0.4286	0.4118	1.11772
0.4649	0.4669	0.472	0.384	0.3246	0.3486	0.4925	0.2836	0.2687	0.221889
0.4584	0.4615	0.4838	0.3375	0.3368	0.4346	0.4143	0.3714	0.3521	1.28396
0.4204	0.4099	0.4846	0.2804	0.2163	0.4597	0.7465	0.6761	0.6479	2.52868
0.4656	0.4656	0.4723	0.3865	0.3521	0.3505	0.4925	0.3582	0.2687	0.160071
0.4724	0.4771	0.4972	0.3867	0.3641	0.4852	0.3647	0.2353	0.2353	0.155975
0.4676	0.466	0.4839	0.3745	0.3069	0.4114	0.4	0.2674	0.2442	0.454755
0.4466	0.4409	0.4586	0.3566	0.3439	0.305	0.6984	0.7302	0.3385	0.897293
0.4441	0.4329	0.4945	0.3456	0.2191	0.4812	0.6795	0.4487	0.4231	1.1655
0.4297	0.4157	0.4937	0.3305	0.1564	0.4821	0.8667	0.52	0.56	1.52519
0.4588	0.4488	0.4709	0.3809	0.3071	0.3751	0.6047	0.4535	0.3488	0.308979
0.4378	0.4206	0.4993	0.3386	0.2105	0.49	0.7564	0.5513	0.0737	1.33586
0.4098	0.3954	0.4799	0.2909	0.1839	0.4546	0.9861	0.7639	0.8333	2.3661
0.4547	0.4327	0.4986	0.3809	0.251	0.4779	0.7011	0.5057	0.0667	0.312785
0.4547	0.4705	0.4806	0.3643	0.3383	0.423	0.5833	0.268	0.3646	0.725582
0.4477	0.4432	0.45	0.3628	0.2933	0.3234	0.7206	0.4853	0.4853	0.756761
0.422	0.4247	0.4312	0.3116	0.295	0.3164	0.8889	0.746	0.746	1.91789
0.4106	0.4483	0.4802	0.2862	0.298	0.4533	0.9385	0.4366	0.7692	2.43924
0.4508	0.492	0.4467	0.3591	0.4731	0.2517	0.6296	0.4321	0.3704	0.846841
0.4593	0.4914	0.4926	0.3701	0.4381	0.456	0.5286	0.1711	0.2105	0.564906
0.4395	0.4353	0.4928	0.3491	0.1879	0.4785	0.7976	0.3929	0.5119	1.10008
0.4152	0.4284	0.4878	0.2915	0.3125	0.4662	0.8871	0.7742	0.5806	2.32252
0.4658	0.4616	0.4727	0.3957	0.3324	0.3585	0.5467	0.36	0.28	-0.0715973
0.449	0.4437	0.4831	0.345	0.258	0.4447	0.5867	0.4079	0.4667	1.1644
0.4455	0.4423	0.4945	0.3344	0.2688	0.4534	0.5952	0.4405	0.1414	1.41512
0.4441	0.4424	0.4966	0.3435	0.2616	0.4892	0.6667	0.4267	0.4667	1.20927
0.4309	0.4375	0.4778	0.3293	0.3253	0.4392	0.8333	0.6852	0.6111	1.51626
0.4429	0.4302	0.4992	0.349	0.2755	0.4826	0.7246	0.5942	0.05	1.08397
0.4704	0.4708	0.4971	0.3946	0.2971	0.4694	0.4375	0.2125	0.1071	-0.0432773
0.4281	0.4241	0.4918	0.3114	0.2761	0.4792	0.7742	0.6774	0.6613	1.90227
0.4348	0.4291	0.4577	0.3621	0.299	0.3703	1.0508	0.6949	0.5593	0.783478
0.4556	0.4559	0.4922	0.3887	0.3778	0.4693	0.75	0.6471	0.3529	0.110395
0.4666	0.469	0.4683	0.3863	0.3222	0.3451	0.4706	0.2588	0.3059	0.168698
0.4482	0.4414	0.487	0.3531	0.2737	0.4547	0.6447	0.4605	0.4211	0.984949
0.4359	0.4306	0.4987	0.3126	0.244	0.4856	0.65	0.5125	0.0968	1.88742
0.4685	0.4607	0.4664	0.3961	0.2923	0.2959	0.4878	0.2976	0.25	-0.0823022
0.431	0.426	0.4693	0.3023	0.253	0.4127	0.6806	0.5833	0.5972	2.09012
0.4237	0.4125	0.4923	0.3205	0.231	0.4816	0.9167	0.6833	0.7333	1.72797
0.4529	0.4553	0.4703	0.3395	0.2403	0.3888	0.5	0.2857	0.4111	1.29086
0.4376	0.4253	0.4937	0.3292	0.2184	0.4816	0.7037	0.5185	0.5309	1.54218
0.4386	0.4513	0.4481	0.3043	0.3445	0.3202	0.5778	0.5444	0.5	2.05864
0.4422	0.4305	0.4477	0.3674	0.2837	0.3431	0.9	0.6167	0.6	0.647879
0.4355	0.426	0.4314	0.2968	0.1542	0.2454	0.5942	0.4348	0.5072	2.17093
0.4488	0.451	0.4809	0.3526	0.3062	0.4271	0.6301	0.4247	0.3836	0.992775
0.4509	0.4544	0.4706	0.3455	0.2985	0.3642	0.5556	0.3704	0.321	1.15547
0.4474	0.445	0.483	0.3386	0.2706	0.45	0.5833	0.4167	0.5417	1.30359
0.4471	0.4483	0.4654	0.3436	0.2633	0.3647	0.6118	0.3721	0.4	1.21098
0.4362	0.4264	0.4836	0.321	0.2256	0.4512	0.6849	0.5205	0.5342	1.70652
0.4575	0.4628	0.4715	0.372	0.3643	0.3583	0.5732	0.439	0.2941	0.528548
0.4547	0.4527	0.4955	0.3728	0.3035	0.4816	0.6375	0.4	0.325	0.512811
0.4555	0.4547	0.4949	0.3587	0.2744	0.4823	0.5395	0.3289	0.4079	0.842556
0.4509	0.4405	0.4907	0.348	0.2753	0.4709	0.5676	0.473	0.4865	1.09305
0.45	0.4453	0.4974	0.3541	0.2825	0.4581	0.6154	0.4359	0.0682	0.960182
0.4577	0.4741	0.4801	0.3436	0.2823	0.4207	0.4432	0.1739	0.3636	1.18419
0.4585	0.456	0.4776	0.369	0.24	0.3974	0.5376	0.2796	0.3118	0.606722
0.449	0.4397	0.4976	0.3643	0.209	0.4838	0.7027	0.3784	0.1772	0.722237
0.4423	0.4436	0.4932	0.3469	0.2838	0.4793	0.7222	0.4583	0.5	1.13485
0.4485	0.4484	0.4947	0.37	0.311	0.4837	0.7595	0.4684	0.4937	0.587546
0.4021	0.4066	0.4981	0.2507	0.257	0.4699	0.8933	0.8533	0.0707	3.09716
0.4425	0.4459	0.4931	0.329	0.3277	0.4745	0.619	0.5595	0.381	1.53773
0.4405	0.434	0.4929	0.3487	0.2853	0.4787	0.7727	0.5758	0.5152	1.0905
0.4452	0.4444	0.4974	0.3877	0.2595	0.49	1.082	0.403	0.3582	0.137319
0.4422	0.4495	0.4885	0.3313	0.3011	0.4647	0.6353	0.4302	0.5	1.49132
0.4674	0.4658	0.4857	0.39	0.2966	0.4221	0.4744	0.2564	0.2436	0.075194
0.4602	0.4544	0.4831	0.3526	0.2756	0.4189	0.4368	0.3333	0.2874	0.978546
0.4523	0.4511	0.4858	0.3555	0.2868	0.4394	0.5814	0.3837	0.3256	0.931025
0.4449	0.438	0.4931	0.35	0.2816	0.4784	0.6897	0.5172	0.4828	1.07149
0.4327	0.4236	0.481	0.3251	0.2698	0.448	0.7703	0.6622	0.6081	1.63279
0.4612	0.4674	0.4984	0.3528	0.3551	0.471	0.4231	0.3418	0.0588	0.961071
0.4446	0.4356	0.4959	0.3301	0.2546	0.4561	0.5904	0.4819	0.1078	1.50757
0.456	0.4569	0.4699	0.3759	0.2695	0.3967	0.6316	0.3026	0.4605	0.434766
0.4581	0.4528	0.4845	0.3964	0.2943	0.4353	0.7606	0.3803	0.338	-0.0912696
0.4439	0.4392	0.4931	0.36	0.2946	0.4811	0.7846	0.5385	0.5846	0.825373
0.4528	0.4567	0.4818	0.353	0.3345	0.4364	0.5595	0.4286	0.4286	0.986118
0.4506	0.4595	0.4944	0.3587	0.3297	0.4813	0.6322	0.3793	0.4368	0.859864
0.4586	0.4501	0.4658	0.3619	0.2862	0.357	0.5	0.3929	0.369	0.768139
0.4497	0.4583	0.4959	0.3586	0.3398	0.4639	0.6479	0.4225	0.1325	0.853148
0.4667	0.47	0.4951	0.401	0.3276	0.4702	0.5641	0.2564	0.2051	-0.209826
0.454	0.456	0.4955	0.3004	0.3112	0.4804	0.3789	0.3789	0.3053	2.07755
0.4573	0.4497	0.4933	0.3506	0.2606	0.4738	0.4737	0.3553	0.3553	1.01903
0.4511	0.4475	0.4833	0.3588	0.3441	0.4499	0.6216	0.6081	0.527	0.84812
0.461	0.4566	0.4854	0.3786	0.2697	0.4456	0.5412	0.3059	0.3882	0.364309
0.4485	0.4416	0.4731	0.3622	0.2584	0.4006	0.6984	0.4286	0.4127	0.764825
0.4475	0.44	0.4906	0.3532	0.271	0.4731	0.6585	0.4699	0.5488	0.990019
0.4475	0.4387	0.4599	0.3634	0.2718	0.3796	0.7286	0.4857	0.5714	0.743415
0.4725	0.4754	0.4977	0.3714	0.3484	0.484	0.3133	0.2289	0.1687	0.514871
0.4562	0.4548	0.4828	0.3513	0.3269	0.4439	0.4938	0.4321	0.4691	1.01215
0.4101	0.4157	0.4738	0.2962	0.2921	0.4346	1.0167	0.8833	0.7167	2.24285
0.4768	0.4701	0.4911	0.4412	0.3479	0.4572	0.6935	0.2903	0.2742	-1.32439
0.4367	0.4248	0.4891	0.3385	0.2218	0.4691	0.7794	0.5294	0.5588	1.32904
0.4584	0.4585	0.4968	0.3576	0.3074	0.4861	0.4848	0.3434	0.303	0.877745
0.4576	0.4433	0.4787	0.3747	0.2425	0.4271	0.5882	0.3882	0.4471	0.464013
0.4369	0.4328	0.4853	0.3559	0.3042	0.4565	0.9194	0.6613	0.5323	0.930243
0.4745	0.4697	0.4948	0.4224	0.328	0.4741	0.5325	0.2597	0.2597	-0.786386
0.4268	0.4279	0.4866	0.3077	0.2985	0.4643	0.7761	0.7121	0.6212	1.98956
0.4514	0.4561	0.4981	0.2846	0.2598	0.4804	0.3766	0.2987	0.1071	2.32775
0.4383	0.4302	0.4708	0.3177	0.2087	0.4	0.6353	0.4588	0.4588	1.78583
0.4306	0.4351	0.494	0.3034	0.2925	0.4816	0.6923	0.5846	0.4923	2.05723
0.4118	0.4189	0.4261	0.2868	0.2751	0.2715	0.9206	0.746	0.6349	2.42041
0.4452	0.4565	0.4948	0.2863	0.3426	0.4823	0.4458	0.4578	0.4217	2.35125
0.4354	0.4371	0.4392	0.3117	0.2516	0.2628	0.6538	0.4615	0.4615	1.90433
0.4375	0.4326	0.486	0.3175	0.2732	0.4616	0.6471	0.5588	0.598	1.81041
0.4622	0.4592	0.4891	0.3708	0.3161	0.453	0.4773	0.3523	0.3182	0.554943
0.4421	0.4225	0.488	0.3417	0.2378	0.4678	0.6933	0.5867	0.6133	1.25468
0.4228	0.4208	0.4938	0.3204	0.2493	0.4842	0.9365	0.6349	0.6508	1.73758
0.4397	0.4379	0.4937	0.3392	0.2895	0.4798	0.7237	0.5395	0.4605	1.3159
0.4554	0.4555	0.4876	0.3876	0.3105	0.4638	0.7468	0.3827	0.5443	0.139758
0.437	0.4366	0.4958	0.3415	0.2618	0.4874	0.7945	0.4865	0.5135	1.26757
0.4452	0.447	0.487	0.3061	0.2706	0.4461	0.495	0.396	0.3366	2.0178
0.4489	0.4488	0.492	0.3618	0.3229	0.4764	0.6875	0.5	0.525	0.78623
0.4476	0.4364	0.4981	0.3434	0.213	0.4794	0.6026	0.4103	0.1023	1.20607
0.4432	0.4356	0.4294	0.3537	0.321	0.2449	0.75	0.6944	0.5278	0.979318
0.4496	0.4395	0.4871	0.3445	0.2771	0.4607	0.573	0.4889	0.5111	1.18903
0.4647	0.4725	0.4967	0.3566	0.3541	0.4827	0.3832	0.2727	0.2364	0.891679
0.4322	0.4288	0.4905	0.3252	0.3065	0.4729	0.7794	0.7353	0.5588	1.62359
0.4493	0.4413	0.4973	0.3521	0.2588	0.4543	0.6173	0.4321	0.0667	1.01145
0.467	0.4623	0.4963	0.3904	0.3238	0.4851	0.4861	0.3333	0.3333	0.062773
0.457	0.4539	0.4568	0.3501	0.2389	0.2807	0.4773	0.2955	0.3182	1.04508
0.4587	0.4541	0.4988	0.3777	0.2766	0.488	0.5844	0.3377	0.1163	0.386027
0.4487	0.45	0.4587	0.3496	0.2814	0.3477	0.6143	0.3857	0.4429	1.05751
0.4555	0.4549	0.493	0.3394	0.2929	0.4668	0.4605	0.3553	0.2763	1.26643
0.4499	0.4438	0.4517	0.3568	0.3367	0.3603	0.6338	0.6338	0.6197	0.894373
0.4667	0.4673	0.4817	0.3698	0.3529	0.3724	0.3976	0.3373	0.1928	0.567385
0.4448	0.439	0.4986	0.3095	0.2226	0.486	0.5111	0.4	0.1165	1.93669
0.4259	0.4288	0.4849	0.2927	0.273	0.4576	0.716	0.6049	0.5802	2.30622
0.4545	0.4511	0.4931	0.3393	0.2942	0.4733	0.4744	0.3974	0.359	1.27442
0.4732	0.4746	0.4951	0.4064	0.3714	0.4748	0.4432	0.2841	0.25	-0.350989
0.4803	0.4841	0.4826	0.4071	0.421	0.3824	0.2967	0.2747	0.1978	-0.357717
0.4332	0.4337	0.4901	0.3365	0.311	0.4716	0.8387	0.6774	0.5484	1.37099
0.4361	0.4297	0.4907	0.3274	0.2283	0.4702	0.72	0.4933	0.4667	1.57669
0.4661	0.4678	0.4981	0.35	0.321	0.4896	0.3462	0.2692	0.2212	1.03324
0.4329	0.4269	0.4814	0.3292	0.257	0.4492	0.7917	0.5833	0.6111	1.54218
0.4358	0.4271	0.4907	0.3313	0.265	0.4746	0.75	0.6029	0.5882	1.48489
0.4472	0.4467	0.4466	0.301	0.2668	0.2783	0.4574	0.3936	0.4149	2.0968
0.4297	0.4249	0.4214	0.298	0.2956	0.2328	0.6825	0.746	0.5873	2.15566
0.449	0.4569	0.4959	0.3385	0.2422	0.4818	0.557	0.275	0.3	1.31049
0.4307	0.4252	0.4719	0.3111	0.2581	0.4185	0.7273	0.6061	0.5758	1.90918
0.4183	0.4393	0.4031	0.3141	0.3445	0.2009	0.9833	0.7667	0.7167	1.87283
0.445	0.4416	0.479	0.3536	0.2835	0.4236	0.7123	0.4795	0.411	0.977727
0.4287	0.4297	0.4599	0.2893	0.2812	0.3736	0.662	0.6197	0.5352	2.33947
0.4126	0.4118	0.4918	0.2884	0.2496	0.48	0.9167	0.75	0.7167	2.38259
0.4405	0.4351	0.4879	0.3452	0.2638	0.4576	0.7465	0.507	0.4167	1.17633
0.4516	0.4477	0.4533	0.366	0.3182	0.3338	0.6579	0.5	0.4737	0.678575
0.4525	0.4435	0.4971	0.3572	0.3095	0.4708	0.5857	0.5286	0.1154	0.87842
0.4356	0.4174	0.4711	0.3312	0.2322	0.4188	0.7534	0.6301	0.6027	1.49521
0.456	0.4485	0.4985	0.3451	0.2801	0.4803	0.4731	0.3978	0.0865	1.16178
0.4608	0.4608	0.4867	0.366	0.3266	0.442	0.48	0.3564	0.3168	0.67759
0.4385	0.4202	0.4373	0.3385	0.2561	0.3002	0.7432	0.6622	0.5811	1.33073
0.4485	0.443	0.4754	0.3544	0.3124	0.4121	0.6471	0.5441	0.4265	0.947212
0.4638	0.468	0.4803	0.398	0.3835	0.4135	0.6154	0.4308	0.3231	-0.131489
0.4442	0.4306	0.4935	0.3502	0.2494	0.4827	0.7049	0.5246	0.6066	1.04276
0.4541	0.4593	0.4965	0.3667	0.2896	0.4838	0.6104	0.3077	0.2821	0.659152
0.4677	0.4736	0.4803	0.4005	0.3438	0.383	0.5345	0.2419	0.2295	-0.191107
0.479	0.48	0.4816	0.3962	0.3551	0.375	0.2842	0.1875	0.1979	-0.0806525
0.4253	0.416	0.4687	0.3549	0.2759	0.4239	1.2586	0.7931	0.7586	0.967042
0.4576	0.4553	0.4886	0.3443	0.2859	0.4546	0.4468	0.3404	0.3511	1.17586
0.4266	0.4086	0.45	0.345	0.2404	0.3819	1.08	0.76	0.84	1.18166
0.468	0.4671	0.469	0.3692	0.3414	0.3522	0.3737	0.3131	0.3131	0.587194
0.4516	0.4415	0.476	0.3801	0.2813	0.4086	0.7738	0.4762	0.3929	0.335707
0.4197	0.4215	0.4829	0.3042	0.2954	0.4591	0.8833	0.8	0.75	2.0638
0.4655	0.4603	0.4813	0.394	0.3387	0.3985	0.5421	0.3925	0.2523	-0.0280435
0.4742	0.4704	0.4945	0.3986	0.3397	0.471	0.3804	0.2717	0.2391	-0.14379
0.4509	0.4553	0.4899	0.3235	0.2882	0.4583	0.4731	0.3441	0.3333	1.63837
0.4624	0.4688	0.4963	0.3301	0.3198	0.4786	0.3456	0.2574	0.2132	1.50353
0.4544	0.448	0.4737	0.3924	0.3568	0.4162	0.8281	0.6719	0.5	0.0148958
0.4285	0.4437	0.4886	0.327	0.3329	0.4712	0.8657	0.6176	0.6765	1.59232
0.4415	0.4396	0.4772	0.3415	0.2952	0.4176	0.7042	0.5352	0.4167	1.2546
0.4426	0.4408	0.4978	0.3268	0.2824	0.4723	0.6081	0.4865	0.0909	1.56904
0.4442	0.4826	0.4918	0.3635	0.4578	0.4543	0.8088	0.7353	0.2278	0.743728
0.4674	0.463	0.472	0.3663	0.3314	0.3871	0.3736	0.3407	0.3736	0.650996
0.4526	0.4526	0.452	0.3477	0.3134	0.3105	0.5385	0.4231	0.4231	1.10008
0.4756	0.4717	0.4962	0.4019	0.3296	0.4784	0.3678	0.2414	0.2184	-0.227371
0.4676	0.4698	0.4979	0.4013	0.3617	0.4878	0.5443	0.3253	0.2169	-0.219213
0.4555	0.4566	0.4943	0.2935	0.2877	0.4764	0.35	0.33	0.33	2.20538
0.4634	0.4594	0.4594	0.3646	0.3092	0.2427	0.4302	0.3372	0.2558	0.697052
0.4565	0.453	0.4775	0.3524	0.2811	0.4098	0.4937	0.3544	0.3671	0.985829
0.4588	0.4522	0.4525	0.3741	0.2965	0.2238	0.561	0.3902	0.2927	0.477002
0.467	0.461	0.467	0.3802	0.3278	0.3467	0.433	0.3571	0.3265	0.323624
0.4425	0.4582	0.4953	0.3356	0.3287	0.4835	0.6517	0.3933	0.4045	1.40183
0.4253	0.4332	0.4793	0.2999	0.3149	0.4395	0.7606	0.7042	0.5556	2.15197
0.4538	0.4437	0.4944	0.3547	0.2728	0.4788	0.55	0.4333	0.3667	0.918723
0.406	0.3965	0.3998	0.2994	0.2284	0.2223	1.1333	0.8833	0.8167	2.19132
0.4542	0.4531	0.4863	0.3606	0.2819	0.4485	0.5733	0.3553	0.3816	0.801648
0.4586	0.4478	0.483	0.3711	0.2512	0.4419	0.5467	0.36	0.44	0.545187
0.4568	0.4593	0.4936	0.3394	0.3145	0.4766	0.4419	0.3488	0.3837	1.27587
0.4647	0.4653	0.4638	0.3772	0.3051	0.3197	0.4625	0.2716	0.3086	0.39424
0.4588	0.4454	0.4559	0.3873	0.3235	0.3594	0.6522	0.5507	0.5362	0.145745
0.4441	0.4235	0.4935	0.3409	0.1865	0.4798	0.6512	0.4884	0.4884	1.27854
0.4484	0.4396	0.4548	0.3574	0.2767	0.3316	0.6667	0.4861	0.4459	0.882371
0.4404	0.4397	0.4566	0.3341	0.3184	0.3641	0.6806	0.6164	0.5479	1.41992
0.422	0.4288	0.4314	0.3369	0.3191	0.3077	1.1129	0.8065	0.6984	1.38532
0.442	0.4449	0.4948	0.3535	0.3477	0.4619	0.7746	0.6761	0.1647	0.985304
0.4541	0.4544	0.4753	0.3488	0.2637	0.3837	0.5172	0.3182	0.3068	1.07939
0.4497	0.4572	0.4681	0.3266	0.3337	0.3447	0.5	0.4189	0.3077	1.54907
0.4339	0.4214	0.4599	0.3438	0.2196	0.3957	0.88	0.56	0.7	1.19269
0.431	0.4342	0.4908	0.3431	0.3161	0.477	0.9444	0.6944	0.6806	1.24135
0.4193	0.416	0.4904	0.2455	0.2174	0.4755	0.6418	0.6119	0.6567	3.09411
0.4499	0.4427	0.4927	0.3503	0.3027	0.4766	0.5976	0.5181	0.4634	1.05031
0.4575	0.4527	0.462	0.3805	0.2953	0.3	0.6296	0.3827	0.2963	0.319596
0.4604	0.4561	0.4937	0.3766	0.3213	0.4764	0.5429	0.4	0.3714	0.409498
0.4562	0.4586	0.4901	0.3751	0.3497	0.4543	0.622	0.4512	0.2892	0.455062
0.4577	0.455	0.497	0.3518	0.2822	0.4719	0.4719	0.3371	0.125	1.0043
0.4356	0.4342	0.4879	0.3202	0.2749	0.4653	0.6912	0.5441	0.5588	1.71658
0.4461	0.4565	0.4528	0.3091	0.2859	0.2977	0.4933	0.3289	0.3867	1.91146
0.4672	0.462	0.4859	0.3959	0.2825	0.4347	0.5158	0.2737	0.2947	-0.0776232
0.4699	0.47	0.4947	0.4055	0.3493	0.4481	0.5176	0.2941	0.1196	-0.32972
0.4708	0.4619	0.498	0.3962	0.2697	0.483	0.4384	0.2603	0.1341	-0.0815383
0.4462	0.4438	0.4552	0.3143	0.2807	0.3299	0.5072	0.4493	0.4348	1.79539
0.4514	0.451	0.4807	0.3502	0.3132	0.4182	0.5698	0.4419	0.3372	1.05437
0.4607	0.4564	0.4604	0.3709	0.2862	0.2957	0.5059	0.3294	0.3059	0.551975
0.4629	0.456	0.4889	0.3701	0.3418	0.4492	0.4615	0.4615	0.2949	0.565248
0.4568	0.4529	0.4947	0.3588	0.2624	0.4764	0.5165	0.3297	0.2967	0.848333
0.4304	0.4167	0.4378	0.3329	0.2378	0.3157	0.8696	0.6522	0.6338	1.46477
0.4406	0.44	0.4811	0.332	0.327	0.4415	0.6667	0.6515	0.5075	1.45403
0.4271	0.4252	0.4913	0.3215	0.2415	0.4767	0.8551	0.5652	0.6087	1.7143
0.4799	0.484	0.4976	0.4272	0.4099	0.4794	0.4124	0.2371	0.134	-0.919051
0.4446	0.4329	0.4899	0.3219	0.1586	0.469	0.5571	0.3857	0.5	1.65533
0.454	0.4496	0.4891	0.34	0.2708	0.4657	0.4857	0.3714	0.4857	1.24872
0.4623	0.4476	0.4944	0.3703	0.3052	0.4817	0.4737	0.4632	0.4526	0.570674
0.4355	0.43	0.4406	0.3406	0.2625	0.2926	0.8182	0.5606	0.5152	1.28218
0.4389	0.4457	0.4902	0.2924	0.2847	0.469	0.5352	0.4366	0.4789	2.24244
0.4534	0.4429	0.492	0.3707	0.2738	0.4727	0.6528	0.4444	0.4306	0.56178
0.4631	0.4652	0.4934	0.3799	0.2984	0.4711	0.5056	0.2637	0.3077	0.332957
0.4771	0.4783	0.4983	0.3895	0.2713	0.4865	0.2947	0.1368	0.1474	0.0843447
0.451	0.454	0.4642	0.3321	0.3222	0.3499	0.5	0.4286	0.3714	1.42389
0.4269	0.4259	0.4729	0.3217	0.2862	0.4254	0.8592	0.6901	0.6197	1.71365
0.4613	0.4627	0.4956	0.348	0.32	0.4825	0.4051	0.321	0.3418	1.06631
0.4591	0.4535	0.471	0.3835	0.3483	0.382	0.6154	0.5256	0.3718	0.24186
0.4395	0.4346	0.4892	0.343	0.286	0.4658	0.7532	0.5714	0.4805	1.23344
0.4064	0.4006	0.4511	0.3026	0.2294	0.3931	1.1525	0.8305	0.9492	2.12666
0.456	0.4612	0.4636	0.3561	0.3153	0.3228	0.519	0.3291	0.3165	0.903101
0.4351	0.4213	0.4967	0.3659	0.2936	0.4645	1.0952	0.7937	0.1053	0.694091
0.46	0.4585	0.4941	0.3986	0.296	0.4731	0.7273	0.3247	0.2857	-0.150278
0.4672	0.4639	0.4766	0.4068	0.3572	0.3772	0.6026	0.3974	0.2692	-0.367934
0.4546	0.4531	0.4742	0.3573	0.2741	0.3803	0.549	0.3431	0.3137	0.894357
0.4156	0.4117	0.4455	0.2828	0.2207	0.3601	0.8333	0.6667	0.75	2.50252
0.4747	0.4774	0.4851	0.4164	0.3893	0.377	0.4737	0.2895	0.1579	-0.615263
0.4148	0.4104	0.4794	0.2788	0.2316	0.4488	0.8261	0.7101	0.7101	2.56866
0.4679	0.4775	0.4947	0.3939	0.3931	0.4737	0.4868	0.2987	0.2597	-0.0241348
0.4514	0.4431	0.4985	0.3452	0.2907	0.4828	0.5467	0.48	0.0941	1.15358
0.4535	0.4497	0.4833	0.3698	0.3373	0.4491	0.6447	0.5395	0.5132	0.584385
0.4443	0.4437	0.4881	0.3318	0.3032	0.4611	0.6024	0.506	0.4578	1.47208
0.4329	0.4203	0.4553	0.3459	0.2659	0.3714	0.9231	0.6923	0.6154	1.16713
0.4252	0.4124	0.4695	0.2982	0.2412	0.4182	0.7532	0.7143	0.6494	2.19723
0.448	0.4361	0.4961	0.3136	0.2275	0.4877	0.4815	0.4321	0.4691	1.82876
0.4601	0.4604	0.4592	0.3757	0.306	0.3389	0.5432	0.321	0.4074	0.435825
0.459	0.4478	0.4904	0.3609	0.2655	0.467	0.4891	0.3804	0.4239	0.795929
0.4627	0.4635	0.497	0.3625	0.3244	0.4862	0.434	0.3208	0.283	0.759273
0.4357	0.4313	0.4974	0.3533	0.31	0.481	0.9242	0.7121	0.1585	0.995565
0.4496	0.4344	0.4973	0.3382	0.2763	0.4716	0.5455	0.5455	0.1099	1.31367
0.455	0.4419	0.479	0.3885	0.2791	0.4272	0.7671	0.4658	0.4384	0.114572
0.4614	0.4625	0.4942	0.3603	0.3208	0.4734	0.4458	0.3253	0.2892	0.798662
0.4499	0.4494	0.4617	0.3373	0.3178	0.3244	0.5366	0.4756	0.3415	1.3381
0.4659	0.4665	0.4645	0.378	0.3474	0.3038	0.4444	0.3333	0.2778	0.367671
0.4306	0.4192	0.4889	0.32	0.2576	0.4718	0.7778	0.679	0.6667	1.75286
0.4338	0.4147	0.477	0.3555	0.1922	0.4391	1	0.5775	0.6479	0.94935
0.4517	0.4532	0.4971	0.3425	0.2762	0.4886	0.5309	0.3457	0.3457	1.21813
0.4446	0.4465	0.485	0.3178	0.3252	0.4536	0.5417	0.5417	0.5	1.74062
0.4326	0.4142	0.4679	0.3558	0.2494	0.4217	1.0377	0.717	0.7547	0.929424
0.4361	0.4429	0.4503	0.3544	0.3214	0.3328	0.9265	0.5797	0.5135	0.970257
0.415	0.4365	0.4589	0.3158	0.2477	0.3536	1.0714	0.4603	0.4603	1.83827
0.4499	0.4464	0.4424	0.3393	0.2755	0.2522	0.5446	0.4107	0.4107	1.32176
0.4437	0.4484	0.4667	0.3393	0.3002	0.3883	0.6494	0.4416	0.4805	1.30478
0.4539	0.4407	0.4821	0.3848	0.2771	0.4474	0.7595	0.475	0.5443	0.213313
0.471	0.4698	0.4952	0.4061	0.3493	0.4799	0.4938	0.2963	0.321	-0.343434
0.4261	0.4392	0.4415	0.2695	0.3134	0.3001	0.6282	0.6026	0.5256	2.71441
0.4411	0.4947	0.497	0.3405	0.4822	0.49	0.7053	0.433	0.4227	1.30041
0.4465	0.4544	0.4913	0.3206	0.3134	0.4668	0.525	0.4024	0.3659	1.69264
0.4669	0.4619	0.4956	0.3902	0.3142	0.4555	0.4861	0.3194	0.1139	0.0701568
0.4279	0.4348	0.4493	0.2876	0.319	0.3396	0.6667	0.6984	0.5556	2.3516
0.4384	0.4383	0.4264	0.3399	0.3224	0.269	0.7541	0.6557	0.623	1.2841
0.4346	0.4378	0.4236	0.2905	0.3091	0.2142	0.5843	0.6067	0.5281	2.33291
0.459	0.4648	0.4985	0.347	0.3506	0.4639	0.4353	0.3647	0.0435	1.10411
0.4634	0.4652	0.4859	0.3524	0.281	0.4263	0.3889	0.2444	0.2556	0.975415
0.4551	0.4659	0.4953	0.325	0.3375	0.4807	0.4227	0.3196	0.3299	1.59704
0.4595	0.4481	0.4911	0.3995	0.3135	0.4686	0.7534	0.4795	0.411	-0.173933
0.4644	0.464	0.464	0.3768	0.3393	0.3024	0.4667	0.3467	0.28	0.40003
0.4515	0.4439	0.4991	0.3418	0.2879	0.4867	0.5294	0.4638	0.0759	1.21758
0.4508	0.4402	0.4509	0.3736	0.2573	0.3064	0.7353	0.4412	0.4265	0.492861
0.4315	0.4342	0.4639	0.3104	0.3022	0.3883	0.7105	0.6316	0.5395	1.93887
0.4198	0.4023	0.4709	0.3046	0.1975	0.434	0.8831	0.7179	0.8442	2.08529
0.4653	0.4631	0.4972	0.3925	0.3309	0.4839	0.5352	0.338	0.2162	0.0118918
0.4531	0.4545	0.4991	0.3463	0.3098	0.4888	0.5238	0.3929	0.0833	1.13521
0.4303	0.4384	0.4547	0.2799	0.3069	0.3527	0.6066	0.5902	0.5246	2.46874
0.4594	0.4535	0.4777	0.3719	0.2693	0.4157	0.5354	0.3333	0.3939	0.536311
0.4488	0.4516	0.4458	0.3082	0.288	0.1736	0.4565	0.3804	0.3043	1.94825
0.4288	0.4249	0.4926	0.3293	0.2445	0.4817	0.8767	0.5753	0.6849	1.54993
0.4698	0.4722	0.4904	0.3623	0.3253	0.4474	0.3269	0.2308	0.2358	0.744521
0.464	0.4587	0.4955	0.3887	0.3366	0.4841	0.5395	0.4079	0.3947	0.108118
0.4588	0.4572	0.4848	0.3505	0.2666	0.4359	0.4505	0.2973	0.3333	1.04934
0.455	0.4518	0.4942	0.356	0.2836	0.4742	0.5361	0.3711	0.299	0.920888
0.4359	0.4377	0.4872	0.2969	0.3259	0.4568	0.589	0.6849	0.44	2.17829
0.4188	0.4267	0.4949	0.3227	0.3034	0.4549	1.0462	0.7538	0.1341	1.70153
0.478	0.481	0.4853	0.4048	0.3783	0.3783	0.3333	0.2105	0.1562	-0.301309
0.4322	0.4223	0.489	0.3293	0.2254	0.4704	0.807	0.5614	0.614	1.51817
0.4343	0.429	0.4831	0.3241	0.2683	0.4504	0.7353	0.5882	0.5441	1.64032
0.4455	0.4464	0.4981	0.332	0.307	0.4786	0.5843	0.4831	0.1019	1.47102
0.459	0.4517	0.4558	0.3606	0.2948	0.2762	0.4881	0.3929	0.3214	0.798786
0.4496	0.4576	0.4801	0.3211	0.3399	0.4284	0.4831	0.4333	0.4157	1.68674
0.448	0.4444	0.4953	0.3123	0.2121	0.4832	0.4778	0.3444	0.4	1.86952
0.4484	0.454	0.4603	0.3418	0.3234	0.3246	0.5802	0.4321	0.358	1.24373
0.4523	0.4482	0.4838	0.3325	0.2161	0.4327	0.4835	0.3187	0.3407	1.44296
0.4314	0.4254	0.4883	0.3092	0.2709	0.4684	0.7051	0.641	0.6026	1.96687
0.4415	0.4407	0.4349	0.3193	0.2998	0.2597	0.593	0.5349	0.5	1.74472
0.4499	0.4512	0.4947	0.3531	0.3173	0.4835	0.6129	0.4516	0.4839	0.996746
0.4437	0.4435	0.4521	0.3184	0.2961	0.3186	0.5568	0.4886	0.4432	1.75987
0.4555	0.4612	0.4915	0.3698	0.2951	0.4665	0.6	0.2967	0.3516	0.590289
0.4616	0.4507	0.4947	0.3939	0.2538	0.4779	0.6364	0.3377	0.3247	-0.0245217
0.444	0.4545	0.4755	0.3386	0.3328	0.4181	0.64	0.4533	0.4667	1.31782
0.4282	0.4238	0.474	0.3185	0.2651	0.4183	0.8136	0.6441	0.5085	1.75507
0.4622	0.4596	0.4755	0.3767	0.3054	0.3989	0.5068	0.3288	0.3562	0.406085
0.4321	0.4221	0.4754	0.3471	0.2695	0.4406	0.9565	0.6812	0.7536	1.14526
0.4603	0.4608	0.4829	0.3624	0.3294	0.4175	0.4725	0.3626	0.2857	0.758762
0.462	0.463	0.4803	0.3579	0.3203	0.4124	0.4286	0.3187	0.3187	0.857466
0.4346	0.4314	0.4854	0.2943	0.2269	0.4544	0.5979	0.4742	0.4948	2.27336
0.4562	0.4621	0.4862	0.3388	0.3424	0.437	0.4483	0.3793	0.2989	1.2924
0.4527	0.4602	0.4985	0.3581	0.3273	0.4802	0.5873	0.3651	0.0811	0.849555
0.4586	0.4562	0.493	0.3765	0.3112	0.4702	0.5797	0.3768	0.3188	0.413407
0.4636	0.4488	0.4747	0.3884	0.2829	0.4045	0.5467	0.4	0.4	0.116505
0.4396	0.4419	0.4658	0.335	0.3421	0.4053	0.7	0.7	0.6286	1.39933
0.4195	0.4093	0.4912	0.3211	0.2548	0.479	1.0164	0.8033	0.7377	1.72679
0.4586	0.4543	0.459	0.3589	0.3418	0.3461	0.4865	0.4865	0.4324	0.828844
0.422	0.443	0.4936	0.2838	0.3033	0.4798	0.7368	0.5158	0.4737	2.50363
0.4658	0.4624	0.4728	0.3659	0.3502	0.399	0.3971	0.3971	0.4118	0.644283
0.4509	0.4989	0.4987	0.3462	0.4864	0.4839	0.56	0.092	0.092	1.1343
0.4576	0.4589	0.4948	0.3516	0.3325	0.4744	0.4737	0.3947	0.2632	0.996537
0.4317	0.4243	0.4932	0.2893	0.2428	0.4812	0.6197	0.5775	0.5775	2.3281
0.4213	0.4534	0.4972	0.3372	0.3788	0.4764	1.1356	0.7167	0.1392	1.37735
0.4403	0.4331	0.4744	0.3446	0.2622	0.4154	0.7468	0.525	0.475	1.196
0.4128	0.4242	0.4861	0.2793	0.3058	0.4617	0.8608	0.8101	0.5949	2.58643
0.4523	0.4498	0.4952	0.3307	0.2989	0.4561	0.4771	0.422	0.128	1.50069
0.4591	0.4552	0.4725	0.3558	0.2857	0.39	0.4659	0.3409	0.375	0.90965
0.4773	0.4779	0.4964	0.4223	0.3937	0.4704	0.4474	0.2949	0.1446	-0.772152
0.4465	0.4288	0.4579	0.3649	0.1941	0.3748	0.7639	0.4521	0.5833	0.709616
0.4618	0.466	0.4833	0.3609	0.2987	0.4229	0.4425	0.2566	0.3009	0.802341
0.442	0.4352	0.4939	0.3568	0.2726	0.4795	0.8026	0.5263	0.4342	0.91232
0.4589	0.4549	0.4853	0.3621	0.2612	0.4364	0.4951	0.3107	0.3204	0.775193
0.4461	0.4424	0.4967	0.3266	0.312	0.489	0.5522	0.5522	0.4328	1.54872
0.4237	0.4139	0.4279	0.2988	0.2271	0.2852	0.7808	0.6575	0.6575	2.18281
0.4344	0.4241	0.4605	0.3453	0.2464	0.3798	0.8824	0.5882	0.5588	1.18304
0.4561	0.4536	0.4989	0.3691	0.2524	0.4766	0.5843	0.3111	0.051	0.604969
0.4092	0.4204	0.4551	0.2913	0.3057	0.3897	1	0.8806	0.7761	2.35221
0.4494	0.4334	0.4879	0.3713	0.2447	0.4642	0.75	0.4861	0.5278	0.552493
0.4665	0.4657	0.4773	0.4024	0.3578	0.3964	0.5821	0.3731	0.3134	-0.245372
0.4477	0.4379	0.4922	0.3765	0.2879	0.4725	0.8451	0.5352	0.4085	0.424887
0.4761	0.4752	0.4756	0.3746	0.3868	0.3718	0.2706	0.3176	0.2706	0.434964
0.4612	0.4587	0.464	0.3818	0.3388	0.3627	0.5571	0.4143	0.4143	0.282047
0.4589	0.4511	0.4533	0.3603	0.2561	0.3045	0.4884	0.3372	0.3953	0.8072
0.4596	0.4751	0.4962	0.372	0.4257	0.4843	0.5312	0.5469	0.3231	0.516821
0.4294	0.4275	0.4896	0.2843	0.2731	0.4712	0.6341	0.622	0.5854	2.45127
0.4472	0.4401	0.4986	0.3146	0.1629	0.4823	0.4944	0.3371	0.0874	1.82577
0.4476	0.4491	0.4995	0.3319	0.347	0.49	0.5513	0.5949	0.0556	1.45343
0.4399	0.4397	0.4918	0.308	0.2533	0.4737	0.5732	0.439	0.4634	1.96899
0.4541	0.4394	0.4448	0.3352	0.2484	0.2599	0.4667	0.4333	0.4	1.37968
0.4787	0.4817	0.4868	0.4012	0.4049	0.4177	0.3053	0.2632	0.2083	-0.208321
0.462	0.4569	0.4821	0.3868	0.3441	0.4398	0.573	0.4565	0.4494	0.158682
0.4339	0.4313	0.4331	0.325	0.2773	0.2412	0.7471	0.5862	0.4828	1.64671
0.4517	0.4518	0.4973	0.3715	0.3019	0.49	0.6957	0.4058	0.3768	0.542335
0.4709	0.4725	0.4887	0.4074	0.3562	0.4135	0.5059	0.2771	0.1647	-0.380438
0.4625	0.4652	0.4887	0.363	0.3597	0.4498	0.439	0.3855	0.3059	0.732312
0.4393	0.4376	0.468	0.3374	0.2871	0.3928	0.7206	0.5362	0.4783	1.34494
0.4716	0.4786	0.4954	0.3983	0.3881	0.4703	0.4333	0.2667	0.1889	-0.138166
0.4202	0.4203	0.4353	0.2982	0.2307	0.319	0.8378	0.5946	0.6892	2.20502
0.4496	0.434	0.4821	0.3759	0.2389	0.4416	0.7879	0.4697	0.4697	0.436116
0.4046	0.4084	0.4521	0.2823	0.2527	0.3821	1.0274	0.8082	0.7808	2.54093
0.4434	0.4405	0.4558	0.2975	0.2934	0.3225	0.4938	0.5185	0.4074	2.15399
0.4631	0.4626	0.4917	0.3629	0.3126	0.464	0.4286	0.3099	0.3099	0.722477
0.4627	0.4524	0.4902	0.3869	0.2811	0.4572	0.5567	0.3608	0.3093	0.157711
0.4247	0.4203	0.478	0.3358	0.2883	0.4478	1.0308	0.7846	0.7692	1.40784
0.4262	0.4079	0.442	0.3273	0.198	0.3401	0.9178	0.6575	0.6849	1.59791
0.4382	0.434	0.4733	0.3102	0.2486	0.4114	0.6053	0.4868	0.4737	1.9224
0.4354	0.4309	0.4754	0.3229	0.2451	0.4205	0.7073	0.5122	0.4878	1.68291
0.4374	0.4343	0.4907	0.3306	0.2156	0.468	0.716	0.4321	0.4198	1.51295
0.4613	0.4625	0.4935	0.3283	0.2744	0.464	0.3542	0.2604	0.2292	1.502
0.4359	0.4427	0.4835	0.3436	0.3497	0.459	0.8333	0.7333	0.7	1.20754
0.4608	0.455	0.482	0.3351	0.2773	0.4263	0.3761	0.3303	0.3486	1.37851
0.4442	0.444	0.4852	0.331	0.2302	0.4473	0.6	0.3667	0.4111	1.49732
0.4367	0.4479	0.4752	0.3116	0.3528	0.4221	0.6338	0.6479	0.507	1.89098
0.4572	0.4555	0.4616	0.3518	0.2668	0.2899	0.4805	0.3117	0.2857	0.9946
0.4181	0.4145	0.487	0.2981	0.2385	0.4672	0.875	0.6806	0.6806	2.21001
0.4418	0.4459	0.497	0.2992	0.3238	0.4655	0.519	0.5443	0.0989	2.12477
0.4507	0.45	0.4616	0.363	0.2908	0.3173	0.6567	0.403	0.3284	0.744244
0.4368	0.4467	0.4844	0.3203	0.3275	0.4469	0.6719	0.5469	0.4375	1.70203
0.4432	0.433	0.4845	0.3336	0.2876	0.4573	0.629	0.5968	0.5968	1.40512
0.4537	0.4552	0.4596	0.325	0.2807	0.3194	0.4409	0.3333	0.3548	1.59704
0.477	0.4796	0.4914	0.4203	0.3604	0.4517	0.4429	0.2	0.2286	-0.711731
0.4437	0.4422	0.4691	0.3183	0.2795	0.3925	0.5567	0.4639	0.4536	1.77197
0.4413	0.4308	0.4861	0.3499	0.2772	0.4617	0.7632	0.5921	0.5921	1.07337
0.4328	0.4262	0.4788	0.292	0.2897	0.4369	0.6143	0.7	0.5429	2.27209
0.4711	0.4779	0.4869	0.4148	0.4065	0.4382	0.5616	0.3425	0.2877	-0.577916
0.4554	0.4569	0.4846	0.3566	0.3231	0.4402	0.5309	0.3951	0.3704	0.895524
0.4652	0.4632	0.4838	0.391	0.3076	0.4323	0.5286	0.2958	0.338	0.0497476
0.4477	0.4421	0.4515	0.3378	0.2445	0.3177	0.5747	0.4023	0.4483	1.33928
0.4267	0.4288	0.4841	0.2765	0.2367	0.4558	0.6437	0.5172	0.5862	2.60925
0.462	0.4731	0.4939	0.3898	0.3866	0.4755	0.5942	0.3521	0.338	0.0791242
0.4634	0.4687	0.4962	0.385	0.3809	0.4579	0.5309	0.4074	0.1034	0.203916
0.4465	0.4451	0.4973	0.347	0.3049	0.49	0.642	0.4938	0.3704	1.13351
0.4427	0.4303	0.4707	0.354	0.2355	0.4184	0.7639	0.5	0.6111	0.972839
0.4146	0.399	0.4716	0.3174	0.1769	0.4264	1.0984	0.7097	0.6774	1.81389
0.4808	0.4795	0.4863	0.4163	0.3997	0.4352	0.3265	0.2857	0.2857	-0.607017
0.4674	0.4668	0.4978	0.4014	0.3502	0.4794	0.5513	0.3375	0.1205	-0.221583
0.418	0.4142	0.4692	0.2638	0.2091	0.4164	0.7159	0.6136	0.6364	2.85851
0.4639	0.4604	0.4813	0.3941	0.3625	0.4163	0.5811	0.473	0.3158	-0.0310789
0.4545	0.4478	0.4748	0.3535	0.2604	0.4036	0.5319	0.3723	0.3936	0.97875
0.4226	0.4305	0.4854	0.2912	0.3249	0.4595	0.7619	0.8095	0.5873	2.30693
0.4319	0.4333	0.4751	0.3169	0.2869	0.4297	0.7377	0.5902	0.5902	1.77934
0.4041	0.3943	0.4745	0.3064	0.2505	0.4458	1.25	1.0192	0.9423	2.04255
0.4371	0.4297	0.4673	0.3167	0.2428	0.4081	0.6494	0.5195	0.6104	1.79718
0.4704	0.472	0.4947	0.3937	0.2922	0.4726	0.4333	0.1978	0.2444	-0.019419
0.4288	0.4298	0.4955	0.273	0.2682	0.4862	0.6053	0.5789	0.4868	2.63899
0.4445	0.4382	0.4968	0.2964	0.1966	0.4679	0.4778	0.3778	0.1143	2.18678
0.4427	0.4496	0.4822	0.2923	0.2748	0.4331	0.4889	0.3778	0.3889	2.27107
0.4351	0.437	0.4955	0.3319	0.2731	0.4862	0.7671	0.5068	0.4932	1.48103
0.4266	0.4087	0.4422	0.3067	0.224	0.3447	0.7742	0.7097	0.7097	1.9999
0.4592	0.4633	0.4906	0.3605	0.351	0.4594	0.4839	0.3871	0.3118	0.805605
0.452	0.4503	0.4772	0.3417	0.2115	0.4036	0.5224	0.2985	0.3433	1.21465
0.441	0.4327	0.4924	0.331	0.266	0.4793	0.6538	0.5385	0.5897	1.49213
0.4454	0.4406	0.4893	0.3345	0.2715	0.4625	0.5976	0.4634	0.4146	1.41037
0.4426	0.444	0.4504	0.3406	0.3155	0.3217	0.678	0.5424	0.4746	1.25522
0.4347	0.4323	0.4819	0.3483	0.2931	0.4436	0.9028	0.625	0.5	1.11668
0.4423	0.4326	0.4754	0.3353	0.2667	0.4166	0.6528	0.5417	0.4583	1.38891
0.4662	0.4604	0.4769	0.3923	0.3496	0.3956	0.5152	0.4242	0.3182	0.0163166
0.4675	0.4634	0.498	0.3927	0.2947	0.489	0.4884	0.2759	0.2247	0.00605723
0.4658	0.4315	0.4701	0.4061	0.2419	0.4105	0.6353	0.5	0.5529	-0.351509
0.44	0.4283	0.4764	0.3398	0.2013	0.4324	0.7222	0.4658	0.5753	1.29775
0.4358	0.446	0.494	0.3216	0.3021	0.4808	0.6949	0.4746	0.4576	1.66965
0.4627	0.4523	0.4862	0.4029	0.3198	0.4297	0.6944	0.4444	0.2625	-0.263426
0.4704	0.4707	0.4955	0.3973	0.3614	0.4823	0.4531	0.3125	0.3438	-0.110578
0.4383	0.4254	0.4745	0.334	0.2781	0.4345	0.7193	0.6667	0.6842	1.40279
0.4472	0.4415	0.4539	0.3161	0.2675	0.2842	0.5	0.4468	0.3511	1.80255
0.4327	0.434	0.4914	0.3118	0.2942	0.4771	0.697	0.6061	0.6212	1.88929
0.4305	0.4215	0.4769	0.3278	0.2745	0.4414	0.8308	0.7077	0.6923	1.56784
0.4486	0.4458	0.4574	0.3437	0.2739	0.324	0.5862	0.4138	0.3908	1.20567
0.459	0.4549	0.4957	0.3768	0.3216	0.4828	0.5714	0.4167	0.3452	0.412603
0.4579	0.4601	0.4919	0.339	0.2485	0.459	0.4255	0.2553	0.2553	1.29093
0.4314	0.436	0.4532	0.3077	0.3048	0.3424	0.6986	0.6164	0.5068	1.98675
0.4383	0.4418	0.4567	0.3426	0.2635	0.3583	0.7742	0.4355	0.5161	1.22689
0.4331	0.4275	0.4928	0.323	0.2899	0.4803	0.75	0.6806	0.5833	1.67189
0.4759	0.4779	0.4962	0.4149	0.3901	0.4628	0.4324	0.2838	0.1169	-0.569283
0.444	0.4346	0.4927	0.3409	0.2297	0.4774	0.6538	0.4487	0.4872	1.26975
0.4382	0.4286	0.4414	0.3333	0.2009	0.32	0.7164	0.4627	0.597	1.43416
0.4445	0.4466	0.4867	0.328	0.3294	0.4522	0.5833	0.5556	0.4028	1.53538
0.4555	0.4624	0.4745	0.3384	0.2965	0.3804	0.4574	0.2872	0.3085	1.31109
0.4655	0.4663	0.4957	0.3899	0.2486	0.4797	0.5149	0.2095	0.2762	0.0800184
0.4518	0.4511	0.4804	0.3722	0.2763	0.4267	0.7	0.3662	0.3944	0.527016
0.413	0.4104	0.4682	0.3058	0.2706	0.4266	1.0317	0.8571	0.8254	2.05497
0.4144	0.4153	0.4199	0.2865	0.2368	0.2746	0.873	0.6667	0.7302	2.41853
0.4467	0.4471	0.4969	0.3545	0.2798	0.4877	0.6824	0.4118	0.3412	0.964272
0.4584	0.4558	0.4961	0.3639	0.3164	0.4853	0.5135	0.3919	0.3649	0.715901
0.4157	0.4272	0.4919	0.2948	0.2998	0.4806	0.8983	0.7288	0.7288	2.25069
0.4623	0.4637	0.4967	0.3915	0.2942	0.4812	0.6	0.2727	0.2208	0.0378447
0.4338	0.4367	0.4899	0.2968	0.2312	0.4644	0.6173	0.4321	0.4074	2.20324
0.456	0.4648	0.4913	0.3474	0.352	0.466	0.4819	0.369	0.3571	1.10121
0.4234	0.4254	0.4187	0.3095	0.2662	0.2552	0.8475	0.6271	0.678	1.94787
0.4494	0.4482	0.4823	0.3436	0.2664	0.4263	0.5732	0.378	0.3415	1.20184
0.4688	0.4723	0.4985	0.3771	0.3632	0.4883	0.3905	0.2952	0.1518	0.399018
0.4319	0.4527	0.4864	0.2828	0.2581	0.4588	0.5952	0.3258	0.5119	2.47258
0.4497	0.455	0.4877	0.3878	0.3243	0.4613	0.9206	0.4219	0.4844	0.135202
0.454	0.4536	0.4935	0.3607	0.3389	0.4395	0.5769	0.4872	0.1279	0.80128
0.4218	0.4177	0.4191	0.2771	0.2338	0.2001	0.7123	0.6301	0.5479	2.58596
0.4532	0.4548	0.4623	0.3352	0.3235	0.3388	0.4789	0.4225	0.3662	1.35504
0.4478	0.4452	0.4986	0.3503	0.2623	0.4882	0.6351	0.4	0.1325	1.04892
0.4378	0.4276	0.4759	0.3541	0.2804	0.4226	0.8793	0.6441	0.4915	0.964623
0.4371	0.4894	0.4977	0.3447	0.4714	0.4704	0.8158	0.6053	0.087	1.19858
0.46	0.4497	0.4936	0.3856	0.2956	0.4805	0.6104	0.4156	0.4935	0.188275
0.459	0.4622	0.4972	0.3556	0.3303	0.4751	0.4674	0.3478	0.1313	0.918458
0.4299	0.4293	0.499	0.2878	0.282	0.4858	0.64	0.6267	0.0769	2.3708
0.4374	0.4518	0.4963	0.3174	0.3331	0.4729	0.6479	0.493	0.1605	1.7725
0.4566	0.4496	0.472	0.3607	0.2772	0.3773	0.5294	0.3824	0.3382	0.785841
0.4589	0.4608	0.4957	0.3629	0.3103	0.4809	0.5	0.3243	0.2973	0.736099
0.4346	0.4367	0.4892	0.3194	0.3084	0.4639	0.7042	0.6197	0.4444	1.74102
0.4464	0.4378	0.4743	0.3174	0.2257	0.4028	0.5143	0.4143	0.4	1.73775
