ncvFD_AFR	ncvFD_EUR	ncvFD_ASN	ncv_AFR	ncv_EUR	ncv_ASN	hka_AFR	hka_EUR	hka_ASN	tajd_AFR
0.477	0.4981	0.4988	0.4145	0.4812	0.488	0.4026	0.1163	0.1163	-0.556214
0.4843	0.4982	0.498	0.4452	0.4737	0.4749	0.4247	0.0759	0.0886	-1.39961
0.4579	0.496	0.4972	0.4105	0.4521	0.4811	0.9811	0.0946	0.1757	-0.469667
0.4818	0.4967	0.4983	0.4402	0.4716	0.4812	0.4651	0.1373	0.098	-1.28705
0.4747	0.4765	0.4928	0.4236	0.4248	0.4787	0.5385	0.4923	0.5231	-0.80815
0.4778	0.4755	0.4897	0.4419	0.4258	0.4697	0.6575	0.5342	0.5342	-1.3542
0.484	0.497	0.4962	0.4459	0.4789	0.4827	0.443	0.1705	0.2911	-1.4355
0.488	0.4666	0.4988	0.466	0.381	0.471	0.5667	0.4444	0.0463	-2.0874
0.4902	0.4964	0.4952	0.4677	0.4591	0.4523	0.45	0.0991	0.1171	-2.12352
0.486	0.4916	0.4951	0.4553	0.4673	0.4801	0.48	0.36	0.3333	-1.71382
0.4871	0.4959	0.4966	0.4416	0.4815	0.4729	0.3021	0.2917	0.1471	-1.28863
0.4794	0.48	0.4963	0.4334	0.425	0.4868	0.4819	0.3929	0.3929	-1.09333
0.4836	0.4981	0.4977	0.4389	0.4847	0.4742	0.3929	0.1477	0.1023	-1.22961
0.4768	0.4978	0.4928	0.3954	0.4758	0.4647	0.3191	0.102	0.266	-0.0616752
0.4625	0.473	0.4974	0.3949	0.4031	0.4693	0.6224	0.4286	0.094	-0.052519
0.4813	0.4833	0.4926	0.4403	0.4309	0.4671	0.4868	0.3421	0.3026	-1.28163
0.4747	0.4827	0.4985	0.4285	0.4441	0.4845	0.5921	0.4737	0.1071	-0.963161
0.4778	0.4809	0.4929	0.426	0.4155	0.4666	0.4639	0.3196	0.2784	-0.893525
0.4773	0.4958	0.4989	0.4312	0.4678	0.49	0.5316	0.1548	0.131	-1.0357
0.4861	0.4974	0.4933	0.4434	0.4627	0.4507	0.3452	0.0769	0.1648	-1.33707
0.4672	0.4914	0.4969	0.4131	0.4689	0.4767	0.6667	0.3947	0.1573	-0.539844
0.4863	0.4976	0.4984	0.4425	0.4886	0.4779	0.3333	0.2667	0.0796	-1.33729
0.479	0.4963	0.4934	0.4536	0.4597	0.4341	0.8667	0.1053	0.1184	-1.71098
0.4734	0.4926	0.493	0.4351	0.4811	0.4524	0.7465	0.662	0.1807	-1.1658
0.4732	0.4739	0.4942	0.4229	0.4114	0.4831	0.5789	0.4605	0.5263	-0.803836
0.4859	0.4988	0.4978	0.4428	0.4834	0.4869	0.3478	0.0789	0.2105	-1.29351
0.4622	0.4771	0.498	0.3904	0.4262	0.478	0.5946	0.4865	0.1	0.064241
0.4681	0.4985	0.4977	0.4172	0.4839	0.4804	0.6875	0.1013	0.1392	-0.648542
0.4797	0.4836	0.4983	0.4269	0.4333	0.4802	0.4156	0.3506	0.0952	-0.891177
0.4923	0.4953	0.4953	0.4679	0.4252	0.4565	0.3269	0.0727	0.1273	-2.07818
0.4783	0.4966	0.499	0.4368	0.4828	0.464	0.5581	0.2527	0.0303	-1.20728
0.4824	0.4917	0.4993	0.438	0.4563	0.4802	0.425	0.2439	0.0349	-1.20746
0.4797	0.4751	0.4939	0.4382	0.418	0.4401	0.5231	0.4769	0.1216	-1.21182
0.4546	0.4967	0.4971	0.4017	0.4851	0.4518	0.9565	0.2892	0.0674	-0.236402
0.4789	0.4776	0.4931	0.4254	0.4009	0.4333	0.427	0.3258	0.1237	-0.863903
0.4779	0.4974	0.4984	0.4196	0.4862	0.4801	0.4133	0.24	0.0875	-0.692678
0.4738	0.4964	0.4965	0.4045	0.4525	0.3959	0.4196	0.0859	0.0391	-0.304217
0.4768	0.4968	0.4982	0.4231	0.4684	0.4727	0.4699	0.1158	0.0737	-0.803313
0.4849	0.4974	0.4948	0.4369	0.4649	0.4537	0.3371	0.0816	0.1327	-1.16191
0.4731	0.4759	0.4991	0.4166	0.4126	0.4888	0.519	0.4177	0.0899	-0.626559
0.4766	0.4851	0.4992	0.4245	0.4466	0.4861	0.4868	0.4079	0.0595	-0.837894
0.4869	0.4841	0.4928	0.4574	0.4206	0.4644	0.466	0.2718	0.2621	-1.81783
0.4769	0.4839	0.4762	0.4534	0.4612	0.4444	1.0345	0.7414	0.7931	-1.72155
0.488	0.4926	0.497	0.4427	0.4632	0.4782	0.2812	0.2604	0.1619	-1.3074
0.4674	0.4975	0.4958	0.4183	0.4499	0.4695	0.7258	0.0548	0.1644	-0.678751
0.473	0.4744	0.493	0.4281	0.4264	0.4593	0.6479	0.5775	0.2152	-0.953744
0.4805	0.4904	0.4965	0.4479	0.4594	0.3961	0.6338	0.3239	0.0385	-1.52502
0.4684	0.4649	0.4954	0.4144	0.3899	0.4395	0.6429	0.5286	0.0886	-0.571951
0.4893	0.4842	0.4965	0.4618	0.4256	0.483	0.4051	0.2911	0.2625	-1.88548
0.4751	0.4967	0.4997	0.3965	0.4334	0.49	0.3535	0.055	0.0275	-0.0906262
0.4849	0.4983	0.4963	0.4472	0.4834	0.4696	0.4225	0.1184	0.1447	-1.45104
0.4889	0.4825	0.4955	0.4724	0.4421	0.4449	0.6923	0.4615	0.0952	-2.22814
0.4809	0.4891	0.4978	0.4375	0.4516	0.4701	0.4684	0.3038	0.0805	-1.20081
0.4793	0.4964	0.4986	0.4427	0.458	0.4819	0.6029	0.0988	0.0864	-1.36244
0.4716	0.4973	0.4988	0.4185	0.4654	0.4844	0.5833	0.0864	0.0864	-0.681027
0.4743	0.497	0.4977	0.44	0.4671	0.4713	0.7969	0.1039	0.0909	-1.30619
0.4739	0.4839	0.4987	0.4176	0.4219	0.4735	0.507	0.2817	0.0526	-0.649
0.4841	0.4938	0.4976	0.4464	0.4524	0.4771	0.4468	0.1584	0.1188	-1.47162
0.4868	0.4882	0.4939	0.4635	0.4579	0.4052	0.5915	0.4085	0.0759	-1.98317
0.4832	0.4852	0.4976	0.4487	0.4475	0.4637	0.5139	0.4167	0.0732	-1.52389
0.4767	0.4988	0.4983	0.4377	0.4856	0.4735	0.6386	0.0928	0.0722	-1.24146
0.4823	0.4964	0.4989	0.4433	0.4544	0.4843	0.4815	0.0909	0.0795	-1.37413
0.4834	0.4877	0.4979	0.432	0.432	0.4892	0.3465	0.2376	0.2475	-1.04102
0.4877	0.499	0.4967	0.451	0.478	0.47	0.3544	0.0471	0.1294	-1.54899
0.4887	0.4898	0.4965	0.4441	0.4625	0.4692	0.2683	0.3902	0.1319	-1.31431
0.4876	0.4958	0.4966	0.4524	0.4764	0.4768	0.369	0.2235	0.1765	-1.60385
0.4513	0.499	0.4962	0.3873	0.4886	0.4897	0.8644	0.0959	0.5932	0.145109
0.4792	0.499	0.4988	0.4399	0.4872	0.4844	0.5658	0.0833	0.0833	-1.28701
0.4886	0.4886	0.4983	0.4668	0.4652	0.4804	0.5385	0.5077	0.0959	-2.05177
0.4797	0.498	0.4992	0.4393	0.4755	0.49	0.5366	0.0938	0.0938	-1.27002
0.4789	0.497	0.4977	0.4409	0.4737	0.4778	0.5897	0.1304	0.1196	-1.32027
0.4811	0.4848	0.4991	0.4475	0.452	0.49	0.5921	0.4868	0.1047	-1.5119
0.4832	0.468	0.4974	0.4509	0.4011	0.4758	0.5467	0.5333	0.1236	-1.6027
0.4824	0.4944	0.4967	0.4288	0.468	0.452	0.3537	0.2195	0.0778	-0.93407
0.4789	0.4761	0.4986	0.4271	0.4079	0.4873	0.44	0.3867	0.125	-0.899881
0.4889	0.4943	0.498	0.4595	0.4495	0.4701	0.3951	0.1341	0.0732	-1.81842
0.4892	0.4979	0.4964	0.4627	0.481	0.4845	0.425	0.1236	0.3125	-1.9242
0.475	0.4979	0.4991	0.4445	0.4888	0.4883	0.8689	0.2361	0.0811	-1.4407
0.4748	0.4937	0.4971	0.3938	0.4751	0.4712	0.3488	0.3488	0.1134	-0.0214759
0.473	0.4974	0.4963	0.4361	0.4709	0.4693	0.7826	0.0989	0.1429	-1.19569
0.48	0.4983	0.4989	0.4536	0.4829	0.4872	0.7966	0.1127	0.0986	-1.70023
0.4838	0.4931	0.4936	0.4376	0.4694	0.4528	0.3733	0.3026	0.1646	-1.173
0.4865	0.4866	0.4978	0.4562	0.4366	0.4895	0.4658	0.2877	0.2603	-1.7308
0.4905	0.4896	0.4988	0.469	0.4312	0.482	0.4545	0.1923	0.0723	-2.11703
0.4858	0.4814	0.4953	0.4571	0.4266	0.4664	0.519	0.3671	0.1702	-1.78608
0.4667	0.4769	0.4994	0.4139	0.4336	0.49	0.6912	0.5735	0.0682	-0.559228
0.4813	0.4863	0.4928	0.434	0.4573	0.4557	0.4237	0.4915	0.2031	-1.05767
0.4857	0.4947	0.4987	0.4526	0.4807	0.4802	0.4545	0.3896	0.069	-1.62868
0.4763	0.499	0.498	0.4356	0.4875	0.4597	0.6216	0.0879	0.0549	-1.16785
0.4868	0.486	0.4967	0.4498	0.4324	0.4633	0.378	0.2805	0.1023	-1.53113
0.4773	0.4912	0.4981	0.4172	0.4591	0.484	0.4118	0.2874	0.1383	-0.633892
0.4872	0.4952	0.4956	0.4691	0.4754	0.443	0.7333	0.25	0.0879	-2.19708
0.4862	0.4975	0.4986	0.4634	0.4673	0.4662	0.6296	0.086	0.043	-2.00909
0.4866	0.4935	0.4948	0.4525	0.4702	0.4218	0.4143	0.2857	0.0779	-1.59673
0.4725	0.4847	0.4976	0.4247	0.4531	0.4731	0.6234	0.5065	0.1	-0.860479
0.4867	0.4976	0.4977	0.4558	0.4787	0.4823	0.45	0.1319	0.1538	-1.72956
0.4837	0.4826	0.4993	0.4317	0.399	0.4802	0.3368	0.2316	0.0392	-1.0249
0.4822	0.4943	0.4775	0.4435	0.4818	0.4187	0.4881	0.4643	0.4167	-1.386
0.4682	0.498	0.4978	0.4074	0.4792	0.4741	0.5769	0.1064	0.0957	-0.381953
0.4894	0.4968	0.4977	0.4543	0.4658	0.4704	0.3168	0.1058	0.0865	-1.66498
0.4786	0.4983	0.4957	0.4354	0.482	0.4844	0.5287	0.1089	0.3889	-1.16239
0.4897	0.4922	0.4964	0.4555	0.4694	0.4571	0.3158	0.3553	0.0952	-1.64626
0.4641	0.4975	0.4955	0.3975	0.484	0.4729	0.6032	0.1884	0.2029	-0.117589
0.4877	0.4835	0.4989	0.4577	0.4121	0.4858	0.4286	0.2535	0.0886	-1.75387
0.4786	0.499	0.4978	0.4215	0.4851	0.4592	0.4074	0.0698	0.0581	-0.747624
0.4823	0.4962	0.4975	0.4383	0.4828	0.481	0.4306	0.2917	0.1519	-1.20362
0.4817	0.4767	0.4916	0.4257	0.4087	0.464	0.3537	0.378	0.3171	-0.851196
0.4858	0.4832	0.4977	0.4561	0.4485	0.4516	0.5	0.5125	0.0521	-1.75188
0.4551	0.4977	0.4959	0.3604	0.474	0.471	0.5556	0.1011	0.1685	0.799875
0.4781	0.4751	0.497	0.4375	0.4236	0.4769	0.5769	0.5256	0.1556	-1.21994
0.4833	0.4974	0.4968	0.4242	0.4869	0.4689	0.3069	0.2475	0.1182	-0.815547
0.4487	0.4957	0.4973	0.3815	0.471	0.4727	0.8714	0.1818	0.1136	0.298001
0.4767	0.4956	0.4987	0.4417	0.4874	0.4863	0.7097	0.5484	0.1081	-1.34014
0.4929	0.499	0.4995	0.4721	0.4889	0.49	0.3523	0.0968	0.0538	-2.18719
0.4745	0.4996	0.4989	0.362	0.49	0.4843	0.2644	0.0435	0.0761	0.72113
0.4795	0.4787	0.4939	0.4367	0.4097	0.4773	0.5122	0.3412	0.3765	-1.1921
0.4823	0.4855	0.4984	0.4264	0.4323	0.4813	0.3434	0.2929	0.0952	-0.883491
0.4726	0.4943	0.497	0.4475	0.436	0.4421	1.1475	0.1047	0.0581	-1.5535
0.4628	0.4987	0.4987	0.3661	0.4614	0.485	0.4459	0.0366	0.0976	0.655001
0.4886	0.4857	0.4979	0.4542	0.4036	0.4792	0.3462	0.1923	0.1139	-1.6327
0.4818	0.4986	0.4997	0.4525	0.4747	0.4867	0.6522	0.0603	0.0259	-1.69376
0.4847	0.4989	0.4944	0.4377	0.4867	0.4438	0.3483	0.0957	0.117	-1.18663
0.47	0.4946	0.4965	0.433	0.4654	0.475	0.8714	0.1899	0.1646	-1.11346
0.4642	0.4951	0.4946	0.3814	0.4824	0.451	0.4935	0.3896	0.131	0.289779
0.473	0.4793	0.4928	0.4389	0.4444	0.4817	0.8475	0.6271	0.661	-1.27136
0.4835	0.4972	0.4984	0.4446	0.4688	0.4847	0.4479	0.1	0.1182	-1.4227
0.4913	0.4969	0.4974	0.4651	0.4656	0.4662	0.3434	0.1038	0.0849	-1.99603
0.4742	0.4793	0.4922	0.4207	0.4174	0.4711	0.5244	0.3659	0.378	-0.741645
0.4577	0.4968	0.4976	0.3924	0.4652	0.469	0.7294	0.1058	0.0865	0.0145531
0.4827	0.4925	0.4978	0.4454	0.4679	0.4698	0.4889	0.3125	0.08	-1.44814
0.4805	0.4668	0.4959	0.4467	0.4047	0.4644	0.6094	0.5938	0.1341	-1.47356
0.4846	0.4942	0.4979	0.4517	0.4799	0.475	0.4941	0.4118	0.0957	-1.6281
0.47	0.4964	0.4965	0.432	0.4488	0.4559	0.8507	0.0795	0.0909	-1.08097
0.4677	0.4816	0.4972	0.4095	0.4372	0.4541	0.6104	0.4416	0.0674	-0.438974
0.4669	0.4772	0.4978	0.4232	0.4435	0.4884	0.8235	0.7206	0.2436	-0.828248
0.4725	0.4479	0.4971	0.4195	0.3173	0.4642	0.5647	0.4941	0.0909	-0.714522
0.4707	0.4851	0.4984	0.4283	0.4491	0.488	0.7455	0.4364	0.1587	-0.951326
0.4827	0.4968	0.4991	0.4139	0.459	0.4851	0.2759	0.0889	0.0667	-0.524021
0.4736	0.4974	0.4981	0.4221	0.4761	0.4786	0.5571	0.125	0.1	-0.775048
0.456	0.4979	0.4951	0.4082	0.4802	0.4529	1.0169	0.122	0.122	-0.410257
0.4712	0.4727	0.4937	0.4231	0.4148	0.4823	0.6515	0.5152	0.5606	-0.810523
0.4832	0.4982	0.4992	0.4476	0.4707	0.4851	0.5	0.0686	0.0588	-1.51659
0.4855	0.4779	0.4985	0.4539	0.4214	0.4832	0.4828	0.4253	0.102	-1.6949
0.4823	0.4985	0.4986	0.4513	0.4856	0.488	0.6032	0.1184	0.1316	-1.60499
0.4881	0.4823	0.4991	0.4538	0.4287	0.4863	0.3645	0.3551	0.0678	-1.68246
0.4839	0.498	0.4993	0.4651	0.4803	0.488	0.8929	0.1154	0.0641	-2.05836
0.4925	0.4873	0.497	0.4714	0.4537	0.4739	0.3678	0.3953	0.1327	-2.17214
0.4784	0.4908	0.4984	0.4469	0.4756	0.4875	0.7273	0.6212	0.15	-1.50313
0.4838	0.4988	0.4984	0.4563	0.4851	0.4775	0.618	0.0885	0.0796	-1.79887
0.4698	0.4749	0.4932	0.4144	0.4183	0.4469	0.5968	0.4839	0.1549	-0.563862
0.4874	0.4978	0.4994	0.4622	0.4697	0.488	0.5172	0.0808	0.0505	-1.95449
0.4739	0.4922	0.4988	0.4268	0.4763	0.4863	0.6	0.5	0.0988	-0.910394
0.466	0.4985	0.4987	0.4217	0.4803	0.4858	0.8333	0.0845	0.0986	-0.777697
0.4857	0.4954	0.4961	0.4564	0.4586	0.4672	0.5111	0.13	0.14	-1.78203
0.4828	0.4981	0.4961	0.4536	0.488	0.4562	0.6154	0.1923	0.1026	-1.67818
0.4708	0.4988	0.4985	0.4249	0.4861	0.4571	0.6905	0.0971	0.0388	-0.876839
0.4671	0.496	0.4979	0.4089	0.4701	0.4733	0.6232	0.1605	0.0864	-0.422254
0.4804	0.4669	0.4831	0.4366	0.3662	0.427	0.4773	0.382	0.3258	-1.1889
0.4581	0.4938	0.4942	0.4036	0.4629	0.4242	0.8545	0.209	0.0896	-0.280842
0.4812	0.4965	0.4983	0.4505	0.4727	0.4846	0.6447	0.1494	0.1264	-1.61249
0.4918	0.497	0.4993	0.4782	0.4659	0.488	0.6119	0.1	0.0625	-2.43162
0.4793	0.4993	0.5	0.4326	0.486	NA	0.475	0.0543	0	-1.06506
0.4892	0.4797	0.4955	0.4657	0.3995	0.4807	0.4762	0.2824	0.3059	-2.04226
0.4764	0.4947	0.499	0.4157	0.4837	0.4858	0.425	0.4875	0.0769	-0.593063
0.4775	0.4634	0.4968	0.4401	0.3845	0.4775	0.6389	0.5278	0.1685	-1.29771
0.4854	0.4781	0.4899	0.4494	0.4011	0.4501	0.4268	0.3171	0.2683	-1.53583
0.4585	0.4952	0.4963	0.407	0.4629	0.4694	0.8939	0.1548	0.1429	-0.377461
0.472	0.4752	0.493	0.4243	0.4242	0.4412	0.6351	0.527	0.1429	-0.847471
0.4787	0.495	0.4996	0.4099	0.4797	0.49	0.3415	0.3333	0.0368	-0.446036
0.4767	0.4868	0.4991	0.4313	0.4508	0.4867	0.5522	0.3857	0.0769	-1.02558
0.4673	0.4969	0.4999	0.4102	0.4891	0.49	0.6296	0.4074	0.0112	-0.460766
0.4909	0.4793	0.4946	0.4642	0.3923	0.4762	0.3556	0.2667	0.3	-1.95775
0.4807	0.4753	0.4966	0.4475	0.4194	0.4718	0.6133	0.48	0.1429	-1.51606
0.4752	0.4968	0.4981	0.4397	0.4702	0.4802	0.7463	0.1235	0.1111	-1.2931
0.4759	0.4909	0.4981	0.4279	0.4576	0.4691	0.5432	0.284	0.0674	-0.946333
0.4764	0.4731	0.496	0.4239	0.4071	0.4528	0.4875	0.45	0.0968	-0.823885
0.4628	0.497	0.4972	0.384	0.4708	0.4727	0.5366	0.1158	0.1158	0.228666
0.468	0.474	0.486	0.4024	0.4017	0.4504	0.5429	0.4	0.4143	-0.244158
0.4644	0.4971	0.4987	0.4219	0.4672	0.4691	0.9104	0.1023	0.0455	-0.793884
0.476	0.498	0.4974	0.4337	0.4801	0.4397	0.6111	0.1143	0.0476	-1.12844
0.4822	0.4965	0.4985	0.4504	0.4549	0.4762	0.5882	0.0891	0.0693	-1.61095
0.4738	0.4666	0.4988	0.3834	0.3051	0.4766	0.3294	0.2588	0.0543	0.232799
0.4615	0.4749	0.4878	0.4148	0.4377	0.3849	0.9038	0.7222	0.1343	-0.58556
0.4657	0.4988	0.4987	0.4296	0.4831	0.4584	1.0278	0.0787	0.0337	-1.02604
0.4903	0.4925	0.4974	0.4594	0.4629	0.4608	0.3256	0.2644	0.0729	-1.78836
0.4806	0.4853	0.4959	0.454	0.463	0.4898	0.7667	0.6833	0.6667	-1.70762
0.4901	0.4863	0.4996	0.452	0.4177	0.48	0.2717	0.2174	0.0208	-1.55688
0.4918	0.494	0.4969	0.4682	0.4615	0.469	0.3587	0.1935	0.1146	-2.0822
0.4888	0.4866	0.4971	0.453	0.4279	0.4795	0.3294	0.2471	0.1667	-1.60426
0.4745	0.499	0.4958	0.4205	0.49	0.4577	0.5143	0.1154	0.1154	-0.727539
0.4838	0.4868	0.4958	0.4387	0.4079	0.4646	0.3827	0.1852	0.1395	-1.21588
0.4632	0.4491	0.4854	0.4033	0.3596	0.3988	0.6833	0.6667	0.1884	-0.271761
0.4674	0.4978	0.4986	0.4088	0.476	0.4786	0.614	0.1029	0.0735	-0.409977
0.4725	0.4977	0.4993	0.4222	0.476	0.4851	0.5921	0.1071	0.0471	-0.785845
0.4852	0.4989	0.4987	0.4207	0.4878	0.4785	0.25	0.1023	0.0682	-0.688418
0.4404	0.4545	0.4994	0.3713	0.3812	0.49	1	0.7097	0.0641	0.557321
0.4796	0.4939	0.4938	0.4485	0.4597	0.4646	0.6949	0.1875	0.2188	-1.53233
0.4804	0.4806	0.4985	0.4468	0.4344	0.479	0.618	0.4494	0.0769	-1.51406
0.4894	0.4989	0.4993	0.4541	0.4831	0.4886	0.3158	0.07	0.07	-1.6495
0.4848	0.4985	0.4977	0.4367	0.4843	0.4768	0.3366	0.1101	0.1101	-1.16994
0.4713	0.4952	0.4987	0.4121	0.4799	0.4755	0.5326	0.3196	0.0583	-0.511511
0.4602	0.4973	0.4989	0.4099	0.4869	0.4878	0.8714	0.2619	0.1011	-0.45859
0.4767	0.4794	0.4961	0.4233	0.4116	0.4393	0.4747	0.3333	0.0741	-0.820505
0.4664	0.496	0.4968	0.4083	0.4446	0.4553	0.6389	0.0814	0.0814	-0.406872
0.4781	0.4946	0.4986	0.4352	0.4814	0.461	0.5455	0.4205	0.04	-1.15881
0.4704	0.4963	0.4961	0.429	0.4625	0.4678	0.7727	0.1154	0.141	-0.987228
0.4896	0.4727	0.4975	0.4658	0.3849	0.4896	0.4545	0.3523	0.3182	-2.04414
0.4718	0.4775	0.4887	0.4284	0.4419	0.4152	0.7	0.6714	0.1687	-0.966057
0.4929	0.4762	0.4959	0.4753	0.3686	0.4805	0.4125	0.2561	0.2683	-2.29832
0.4811	0.4748	0.4946	0.4482	0.4133	0.4541	0.6087	0.4493	0.141	-1.52498
0.467	0.4826	0.4979	0.398	0.4345	0.4717	0.5341	0.3864	0.0808	-0.131933
0.4863	0.4616	0.4925	0.4538	0.3415	0.4716	0.4444	0.3827	0.3704	-1.67018
0.4739	0.4743	0.4901	0.4306	0.4203	0.4708	0.6506	0.5181	0.5301	-1.03771
0.487	0.4837	0.4988	0.4629	0.4362	0.4851	0.557	0.3671	0.087	-1.97128
0.4878	0.4966	0.4984	0.4634	0.4884	0.4852	0.5205	0.411	0.119	-1.96449
0.484	0.4874	0.4956	0.4287	0.4336	0.4595	0.3125	0.25	0.1279	-0.915249
0.466	0.4824	0.497	0.4058	0.4477	0.4539	0.6265	0.5357	0.0729	-0.341377
0.4754	0.4965	0.494	0.4167	0.4562	0.4719	0.4578	0.092	0.2771	-0.625236
0.4777	0.4985	0.4991	0.4104	0.4814	0.4757	0.3656	0.0874	0.0388	-0.451023
0.4617	0.4913	0.4995	0.3954	0.4749	0.4875	0.6486	0.5405	0.0465	-0.065588
0.4833	0.4919	0.4906	0.4397	0.4203	0.4273	0.4079	0.1235	0.1605	-1.24265
0.4793	0.4955	0.495	0.4389	0.4533	0.4527	0.5484	0.1111	0.125	-1.2321
0.4697	0.4969	0.4938	0.4216	0.4714	0.4569	0.6866	0.1266	0.1772	-0.771238
0.4757	0.4982	0.4978	0.4333	0.4784	0.4799	0.617	0.0952	0.1238	-1.11991
0.4621	0.4911	0.4851	0.3915	0.471	0.3686	0.6047	0.4535	0.1474	0.0371483
0.4708	0.4708	0.499	0.4072	0.385	0.4872	0.5067	0.3867	0.0864	-0.371242
0.4771	0.4758	0.4884	0.4458	0.4192	0.4653	0.7714	0.4648	0.5211	-1.4808
0.4791	0.4831	0.4992	0.4337	0.4411	0.4841	0.4935	0.4286	0.0562	-1.0976
0.4851	0.4876	0.4989	0.445	0.4448	0.4805	0.3956	0.3077	0.0612	-1.41451
0.4785	0.4954	0.4957	0.424	0.4482	0.4509	0.4273	0.1017	0.1017	-0.838952
0.4633	0.4832	0.4991	0.3841	0.4446	0.4804	0.5269	0.4624	0.0472	0.227575
0.4832	0.4877	0.4967	0.4613	0.4621	0.4726	0.7931	0.5	0.1408	-1.92819
0.4856	0.4985	0.498	0.4618	0.4804	0.4741	0.6338	0.0875	0.0875	-1.9432
0.4858	0.4849	0.499	0.4528	0.4441	0.4889	0.4524	0.3929	0.0947	-1.64713
0.4894	0.4671	0.4892	0.4667	0.3682	0.4661	0.4819	0.3855	0.4819	-2.07266
0.4858	0.4796	0.4984	0.4663	0.4239	0.4891	0.7586	0.3966	0.1746	-2.07635
0.4659	0.466	0.4983	0.4316	0.4281	0.4771	1.0704	0.9718	0.0808	-1.08501
0.4881	0.4671	0.4983	0.4696	0.4078	0.4875	0.6613	0.6129	0.1558	-2.16716
0.4968	0.4863	0.4973	0.4878	0.4415	0.4659	0.3646	0.3263	0.0874	-2.69878
0.4835	0.4981	0.4993	0.4517	0.4879	0.488	0.5429	0.1842	0.0658	-1.61424
0.4789	0.4968	0.4965	0.4429	0.4759	0.4278	0.625	0.1556	0.0556	-1.38921
0.479	0.4676	0.4964	0.4381	0.3863	0.4737	0.5493	0.4507	0.1647	-1.2252
0.4837	0.4956	0.4977	0.4385	0.4775	0.4729	0.3837	0.25	0.0938	-1.21763
0.4602	0.4617	0.4937	0.3996	0.3969	0.4323	0.7324	0.662	0.1099	-0.175921
0.4787	0.499	0.4997	0.4384	0.4872	0.49	0.5634	0.0843	0.0361	-1.23501
0.4793	0.4982	0.4975	0.447	0.4801	0.4767	0.6761	0.1	0.125	-1.50631
0.4818	0.4839	0.4965	0.4381	0.4333	0.457	0.4432	0.3409	0.0928	-1.22453
0.4687	0.497	0.4966	0.4171	0.4709	0.4224	0.6627	0.12	0.05	-0.654714
0.479	0.4975	0.4984	0.4474	0.4754	0.4842	0.7051	0.1163	0.1163	-1.53139
0.4808	0.4913	0.4981	0.4228	0.4541	0.4757	0.3605	0.2442	0.0851	-0.778882
0.4751	0.4681	0.4795	0.4422	0.4075	0.4397	0.8033	0.5806	0.5484	-1.36655
0.4862	0.4931	0.493	0.4527	0.4285	0.4503	0.4328	0.1143	0.1714	-1.60384
0.4774	0.4837	0.4975	0.4139	0.4328	0.4673	0.3908	0.3448	0.0842	-0.544832
0.486	0.4814	0.4976	0.4658	0.3998	0.4785	0.7183	0.2535	0.1299	-2.08407
0.4688	0.4969	0.4993	0.4238	0.4652	0.4875	0.75	0.1014	0.058	-0.830632
0.4838	0.4993	0.4989	0.4477	0.4657	0.489	0.4737	0.0227	0.1136	-1.49134
0.4672	0.4702	0.4965	0.406	0.376	0.4885	0.5942	0.3623	0.4493	-0.343168
0.484	0.4957	0.4971	0.4492	0.4344	0.4239	0.4868	0.0745	0.0426	-1.53978
0.4852	0.4953	0.4958	0.4383	0.4787	0.452	0.3373	0.2892	0.1011	-1.19004
0.4811	0.4968	0.4983	0.4408	0.4725	0.4793	0.5	0.1364	0.0909	-1.29807
0.4683	0.4952	0.495	0.4229	0.4548	0.4626	0.7576	0.125	0.1591	-0.813724
0.4813	0.4972	0.4943	0.4348	0.394	0.4525	0.4302	0.0306	0.1429	-1.12623
0.4834	0.4968	0.4948	0.453	0.4604	0.4524	0.5753	0.093	0.1279	-1.66771
0.4822	0.4987	0.4963	0.4394	0.4804	0.4712	0.4421	0.0755	0.1509	-1.27038
0.4864	0.4963	0.4977	0.4586	0.4876	0.4801	0.5125	0.4321	0.1333	-1.83233
0.4859	0.4988	0.4987	0.4519	0.4851	0.4856	0.4368	0.0879	0.0989	-1.62263
0.4918	0.4993	0.4963	0.4586	0.49	0.4512	0.2556	0.0745	0.0851	-1.72463
0.4496	0.4604	0.499	0.3558	0.3748	0.4863	0.6329	0.5316	0.0833	0.923647
0.4805	0.4652	0.4949	0.4402	0.3745	0.4559	0.5147	0.4412	0.1375	-1.27361
0.4674	0.4986	0.4978	0.4016	0.4826	0.4558	0.5513	0.086	0.0538	-0.226628
0.4835	0.4806	0.4981	0.4488	0.4405	0.4737	0.5	0.5152	0.0811	-1.50998
0.4833	0.4961	0.4934	0.4578	0.4667	0.4809	0.6852	0.1364	0.537	-1.79073
0.4929	0.4966	0.4972	0.4732	0.4622	0.469	0.3721	0.1042	0.1042	-2.22659
0.4733	0.4991	0.4963	0.404	0.4858	0.4678	0.427	0.068	0.1359	-0.286634
0.491	0.4876	0.4955	0.4589	0.4219	0.4652	0.2927	0.2048	0.1529	-1.74463
0.4729	0.4775	0.494	0.4356	0.4513	0.4615	0.78	0.9	0.1935	-1.15345
0.4676	0.4972	0.4954	0.4234	0.4646	0.4625	0.7941	0.0889	0.1444	-0.831223
0.4944	0.4989	0.4984	0.4767	0.4829	0.4813	0.3258	0.0729	0.0938	-2.31035
0.4762	0.482	0.4988	0.4327	0.4387	0.4875	0.5873	0.4444	0.1111	-1.06639
0.4765	0.4972	0.4969	0.4157	0.4897	0.4864	0.4231	0.3718	0.2949	-0.591864
0.4831	0.4892	0.4978	0.4291	0.4395	0.4717	0.3365	0.2308	0.0885	-0.95998
0.4852	0.4619	0.4986	0.4558	0.3626	0.4845	0.5263	0.4474	0.1047	-1.74387
0.4838	0.4745	0.4993	0.4428	0.3923	0.49	0.4217	0.3494	0.0753	-1.34763
0.4847	0.4955	0.4954	0.4391	0.4761	0.431	0.3571	0.2381	0.0761	-1.22205
0.4825	0.4904	0.4949	0.4344	0.4495	0.4788	0.3896	0.2468	0.3247	-1.09052
0.4916	0.4988	0.4987	0.4663	0.4857	0.4801	0.3441	0.0891	0.0693	-2.0188
0.4872	0.4881	0.4981	0.4487	0.4365	0.4885	0.3505	0.2474	0.1959	-1.51277
0.4833	0.4975	0.4968	0.4399	0.4581	0.4701	0.4086	0.0667	0.1238	-1.27273
0.4789	0.4769	0.4983	0.4515	0.4446	0.4804	0.8072	0.759	0.0971	-1.67183
0.4602	0.4638	0.4965	0.4085	0.399	0.478	0.8525	0.623	0.1948	-0.417185
0.4679	0.4998	0.499	0.4074	0.49	0.4851	0.5857	0.0253	0.0759	-0.378392
0.47	0.4754	0.4963	0.4208	0.4261	0.4895	0.6622	0.5405	0.5405	-0.751958
0.4623	0.4921	0.4984	0.3836	0.4778	0.4763	0.5455	0.5714	0.0722	0.236674
0.4817	0.4936	0.4964	0.4362	0.4517	0.4719	0.4302	0.1596	0.1522	-1.16484
0.4786	0.4991	0.4994	0.4533	0.4883	0.49	0.8852	0.0822	0.0685	-1.7051
0.4503	0.4684	0.4995	0.3775	0.4189	0.4875	0.7848	0.6962	0.0426	0.400428
0.4787	0.4994	0.4991	0.4367	0.4841	0.4839	0.5437	0.0394	0.063	-1.21715
0.4574	0.4699	0.498	0.3781	0.411	0.4801	0.6164	0.5616	0.1124	0.376498
0.4667	0.4867	0.4929	0.42	0.4652	0.48	0.7761	0.6418	0.5652	-0.733488
0.4623	0.4773	0.4901	0.4011	0.4376	0.4712	0.6866	0.6119	0.5373	-0.214023
0.4803	0.4859	0.4897	0.4414	0.3444	0.4007	0.5385	0.1183	0.129	-1.32632
0.4876	0.4871	0.491	0.4677	0.4518	0.4675	0.6471	0.3824	0.3971	-2.11864
0.4805	0.4933	0.4963	0.4361	0.4424	0.4491	0.4697	0.1389	0.0833	-1.14347
0.4731	0.496	0.4975	0.4173	0.4878	0.4804	0.527	0.4865	0.1463	-0.643424
0.4721	0.4865	0.4992	0.4314	0.4632	0.4827	0.7377	0.6032	0.0494	-1.04738
0.4833	0.4966	0.496	0.452	0.4669	0.4608	0.56	0.119	0.119	-1.6381
0.4782	0.4899	0.4986	0.4155	0.4376	0.4693	0.3804	0.2065	0.051	-0.588758
0.4838	0.4976	0.4983	0.4438	0.4835	0.4839	0.4286	0.1765	0.1176	-1.33793
0.4874	0.4762	0.4908	0.4642	0.413	0.4705	0.56	0.4133	0.4667	-2.0034
0.4796	0.4957	0.4958	0.4214	0.4552	0.4419	0.3814	0.1111	0.0833	-0.753745
0.4888	0.4887	0.4967	0.4515	0.4478	0.4638	0.3165	0.2911	0.1059	-1.54079
0.4657	0.472	0.4886	0.4124	0.4076	0.4679	0.7067	0.48	0.5733	-0.52295
0.4894	0.4785	0.4986	0.4714	0.4266	0.4759	0.6071	0.4471	0.0619	-2.2564
0.4555	0.4761	0.4963	0.369	0.4338	0.4891	0.5955	0.6067	0.5169	0.609019
0.4818	0.4651	0.499	0.4513	0.3938	0.4889	0.6269	0.5507	0.1047	-1.61756
0.4823	0.4979	0.4967	0.4532	0.4699	0.451	0.6364	0.0762	0.0762	-1.70722
0.4833	0.4673	0.4955	0.4603	0.4172	0.4431	0.7532	0.7143	0.0909	-1.92839
0.4792	0.4991	0.499	0.4266	0.4821	0.4875	0.4286	0.0532	0.0851	-0.894602
0.4859	0.4956	0.4971	0.4466	0.4328	0.4565	0.3796	0.0756	0.0756	-1.47522
0.4708	0.4693	0.4993	0.4139	0.3968	0.4883	0.5641	0.4744	0.0645	-0.555889
0.4882	0.4842	0.4966	0.4553	0.392	0.4773	0.375	0.1932	0.1818	-1.69991
0.4836	0.4977	0.4941	0.4659	0.469	0.4861	0.9524	0.0824	0.746	-2.10554
0.4818	0.4944	0.4986	0.4127	0.4744	0.4563	0.2892	0.2892	0.0337	-0.494162
0.4818	0.4931	0.4992	0.4575	0.4801	0.488	0.7869	0.541	0.0694	-1.82073
0.4749	0.4852	0.4917	0.4423	0.4511	0.4753	0.8197	0.459	0.5246	-1.36921
0.4897	0.4973	0.4965	0.453	0.4589	0.4532	0.2935	0.0737	0.0842	-1.59845
0.4782	0.497	0.4923	0.4472	0.478	0.4755	0.7424	0.1644	0.4697	-1.5138
0.4775	0.4797	0.4966	0.4317	0.4241	0.4738	0.5294	0.3971	0.1528	-1.03648
0.4701	0.4966	0.498	0.4256	0.489	0.4812	0.7273	0.4545	0.1184	-0.887544
0.4876	0.496	0.4975	0.4698	0.4655	0.4742	0.7206	0.1341	0.1098	-2.19985
0.477	0.4881	0.4971	0.4232	0.4558	0.4729	0.4651	0.3837	0.125	-0.808013
0.4752	0.4991	0.4992	0.3909	0.4892	0.4863	0.3303	0.0968	0.0645	0.0524519
0.4873	0.4934	0.4926	0.4589	0.4603	0.4321	0.4651	0.2093	0.1319	-1.83775
0.4886	0.4847	0.4983	0.4573	0.4349	0.4777	0.3797	0.3291	0.0843	-1.74071
0.4733	0.4968	0.4955	0.4329	0.4734	0.4495	0.7105	0.1429	0.102	-1.10142
0.4713	0.481	0.4964	0.4361	0.4521	0.4725	0.871	0.6935	0.1558	-1.19582
0.4727	0.4962	0.4969	0.4205	0.4187	0.4774	0.5684	0.0541	0.1622	-0.749507
0.4784	0.4966	0.4981	0.4209	0.474	0.4777	0.4091	0.1528	0.0972	-0.716223
0.4867	0.4966	0.497	0.4593	0.4675	0.4649	0.5062	0.1196	0.0978	-1.85102
0.4707	0.4931	0.4976	0.4099	0.4789	0.4671	0.5319	0.5	0.0826	-0.4516
0.4787	0.4782	0.4977	0.4298	0.4077	0.4689	0.4684	0.3418	0.0814	-0.985659
0.49	0.4972	0.4981	0.4541	0.4759	0.4744	0.2935	0.1327	0.0816	-1.63014
0.4734	0.4981	0.4973	0.4142	0.4779	0.4627	0.4933	0.0941	0.0824	-0.557281
0.4808	0.4983	0.4984	0.4402	0.482	0.4774	0.5057	0.1089	0.0792	-1.29786
0.457	0.496	0.4975	0.3923	0.4406	0.472	0.75	0.0769	0.0989	0.0160551
0.4739	0.481	0.4951	0.4423	0.4439	0.4853	0.8788	0.5441	0.5147	-1.38312
0.4536	0.4442	0.4996	0.4091	0.3777	0.49	1.1509	0.9623	0.04	-0.436634
0.4872	0.4789	0.4986	0.4662	0.4369	0.467	0.6338	0.5352	0.0449	-2.07581
0.4653	0.4991	0.4987	0.4239	0.4867	0.4882	0.9091	0.0706	0.1294	-0.849822
0.4766	0.4872	0.4951	0.4261	0.4558	0.4802	0.5	0.4265	0.3333	-0.875058
0.4795	0.498	0.4994	0.4434	0.4768	0.4834	0.6	0.0964	0.0361	-1.38397
0.479	0.4834	0.4985	0.4311	0.4424	0.4804	0.4714	0.4306	0.0864	-1.01057
0.4846	0.4938	0.4965	0.455	0.4095	0.4774	0.5455	0.0811	0.1892	-1.70356
0.4548	0.4973	0.4926	0.3648	0.4816	0.4794	0.5857	0.1724	0.5714	0.698944
0.4924	0.4908	0.4962	0.4627	0.4539	0.4758	0.266	0.2632	0.1895	-1.8603
0.4896	0.4956	0.4981	0.4518	0.4818	0.4732	0.2903	0.3226	0.0792	-1.56373
0.4625	0.4997	0.4984	0.4036	0.49	0.4856	0.7069	0.0274	0.1233	-0.277432
0.4798	0.4995	0.498	0.4132	0.4875	0.4813	0.3333	0.0404	0.1212	-0.52052
0.4729	0.498	0.4978	0.4361	0.475	0.4757	0.7857	0.0875	0.1	-1.19642
0.4868	0.4872	0.4943	0.4474	0.4351	0.4548	0.3553	0.2632	0.15	-1.44058
0.4836	0.467	0.4712	0.449	0.3285	0.3162	0.5	0.2892	0.2289	-1.54742
0.4875	0.4981	0.4983	0.4537	0.4646	0.4869	0.3896	0.0588	0.1529	-1.63751
0.4729	0.4679	0.4954	0.4351	0.4141	0.456	0.7705	0.6557	0.1233	-1.15698
0.4787	0.4974	0.4954	0.4387	0.4719	0.4833	0.5672	0.1053	0.3881	-1.23744
0.4705	0.4609	0.4982	0.4209	0.39	0.41	0.6486	0.6216	0.0225	-0.75436
0.4821	0.4985	0.4983	0.4303	0.4864	0.467	0.3704	0.1236	0.0562	-0.978093
0.4739	0.4905	0.4965	0.4082	0.4551	0.4504	0.4382	0.2826	0.0808	-0.397986
0.482	0.4893	0.4977	0.4417	0.4594	0.475	0.4744	0.375	0.1034	-1.32085
0.4646	0.4718	0.4971	0.399	0.3978	0.471	0.6027	0.4247	0.1136	-0.158635
0.4577	0.496	0.4959	0.4041	0.472	0.4732	0.8776	0.1695	0.1864	-0.291454
0.4916	0.4971	0.4963	0.4587	0.4738	0.4505	0.2667	0.1263	0.0842	-1.73726
0.4785	0.4805	0.4966	0.4207	0.402	0.4585	0.4054	0.2763	0.093	-0.718653
0.476	0.4957	0.4972	0.4325	0.4596	0.4557	0.593	0.1224	0.0714	-1.08628
0.486	0.497	0.4984	0.4344	0.4764	0.4754	0.2913	0.1468	0.0696	-1.09243
0.4833	0.4794	0.498	0.4462	0.4204	0.4724	0.4744	0.3797	0.0824	-1.45028
0.4692	0.4908	0.4933	0.4201	0.4213	0.4264	0.6849	0.1446	0.1084	-0.734293
0.4713	0.4978	0.4953	0.4167	0.4746	0.4578	0.5735	0.0952	0.131	-0.626782
0.4809	0.4964	0.4994	0.4255	0.4661	0.49	0.3735	0.1236	0.0674	-0.851903
0.4936	0.4987	0.4982	0.4799	0.4882	0.4777	0.481	0.1236	0.0899	-2.4694
0.479	0.4689	0.4907	0.4404	0.3962	0.464	0.5775	0.4789	0.3611	-1.29478
0.4748	0.488	0.4974	0.4304	0.4596	0.4769	0.6098	0.439	0.1319	-1.02503
0.4842	0.4592	0.4889	0.4568	0.3756	0.4686	0.6067	0.5618	0.5618	-1.81422
0.4657	0.4955	0.4982	0.4184	0.4801	0.4787	0.7925	0.2982	0.0968	-0.677277
0.4799	0.4717	0.4986	0.4435	0.4057	0.4803	0.5844	0.4744	0.0753	-1.39652
0.47	0.4643	0.4958	0.4102	0.3772	0.4872	0.5522	0.4706	0.5	-0.450055
0.4787	0.4973	0.498	0.4359	0.477	0.4754	0.5316	0.1364	0.0909	-1.16952
0.4851	0.4991	0.4965	0.4561	0.4841	0.4575	0.5375	0.0588	0.093	-1.76404
0.4808	0.472	0.4882	0.4464	0.4016	0.4077	0.5895	0.4421	0.1619	-1.50383
0.4843	0.4878	0.499	0.4404	0.4482	0.4831	0.3789	0.3263	0.0667	-1.2801
0.4941	0.4845	0.4967	0.4774	0.4332	0.4571	0.3614	0.3253	0.0879	-2.33829
0.4756	0.4979	0.4989	0.4183	0.4704	0.4801	0.4646	0.0796	0.0619	-0.679446
0.4803	0.4973	0.4954	0.4315	0.4678	0.45	0.4342	0.0952	0.1071	-1.02293
0.4753	0.4951	0.4958	0.4254	0.4494	0.4452	0.5362	0.1139	0.0886	-0.86299
0.4763	0.4877	0.4983	0.4154	0.4329	0.4841	0.4267	0.24	0.1235	-0.580794
0.4785	0.4973	0.4993	0.4188	0.4637	0.4841	0.3918	0.0818	0.0455	-0.684068
0.4712	0.4984	0.4989	0.4283	0.4851	0.4802	0.7231	0.1235	0.0617	-0.961388
0.4797	0.4965	0.4983	0.4395	0.475	0.4786	0.5397	0.1642	0.0896	-1.2501
0.4802	0.4916	0.4972	0.4217	0.4535	0.4669	0.3673	0.2323	0.0943	-0.759206
0.4581	0.4974	0.4983	0.3853	0.4694	0.482	0.6526	0.0957	0.1043	0.199804
0.4437	0.4799	0.4991	0.3676	0.4483	0.4861	0.8621	0.6724	0.0704	0.63896
0.467	0.47	0.4974	0.4097	0.4146	0.4671	0.6351	0.5946	0.0899	-0.446226
0.474	0.4984	0.4982	0.4247	0.475	0.4756	0.5714	0.0693	0.0792	-0.860686
0.4835	0.4645	0.4984	0.4628	0.4084	0.4864	0.8302	0.6981	0.1333	-1.96783
0.4591	0.4943	0.496	0.3862	0.4817	0.4887	0.6364	0.4545	0.5606	0.170739
0.476	0.4961	0.4974	0.3989	0.4479	0.4614	0.3469	0.0849	0.0755	-0.151308
0.476	0.4992	0.4998	0.4184	0.4867	0.49	0.4535	0.0638	0.0213	-0.673696
0.4563	0.4952	0.4983	0.4027	0.4868	0.4777	0.9077	0.5846	0.0833	-0.260822
0.4733	0.4814	0.4994	0.4132	0.434	0.4883	0.4886	0.4205	0.0594	-0.535929
0.492	0.4964	0.4967	0.4648	0.4563	0.4733	0.3056	0.0933	0.1467	-1.89262
0.4728	0.4961	0.4975	0.422	0.4411	0.4356	0.5833	0.0745	0.0426	-0.787585
0.462	0.4766	0.4959	0.3781	0.4278	0.4614	0.5185	0.5185	0.125	0.374403
0.4747	0.4794	0.4985	0.4228	0.4002	0.4825	0.5309	0.2892	0.0928	-0.800891
0.4769	0.4863	0.4981	0.4169	0.4382	0.4789	0.4203	0.3043	0.0986	-0.616678
0.4756	0.4803	0.4965	0.4336	0.4389	0.4519	0.623	0.5082	0.0822	-1.09306
0.4667	0.4955	0.4979	0.4212	0.4884	0.4744	0.7969	0.6364	0.0897	-0.767129
0.4348	0.4899	0.4971	0.35	0.475	0.4552	0.9167	0.6944	0.0729	1.07884
0.4773	0.4816	0.4974	0.4252	0.4058	0.4729	0.4731	0.2688	0.1111	-0.869696
0.4642	0.4918	0.4984	0.4095	0.4708	0.4867	0.7222	0.4054	0.1412	-0.441856
0.4882	0.4897	0.4965	0.4608	0.4598	0.4677	0.4478	0.3582	0.125	-1.84445
0.4701	0.4993	0.4998	0.4297	0.4861	0.49	0.7975	0.0521	0.0208	-1.02074
0.477	0.4924	0.4943	0.4234	0.4333	0.4534	0.4651	0.1383	0.1474	-0.812752
0.4835	0.4972	0.4965	0.447	0.4393	0.4881	0.4762	0.0521	0.4167	-1.48396
0.4775	0.4957	0.499	0.4335	0.4561	0.4878	0.5476	0.1146	0.0938	-1.1091
0.4735	0.4727	0.4958	0.4339	0.4135	0.4544	0.7183	0.507	0.1071	-1.12628
0.4821	0.4827	0.4971	0.4388	0.4186	0.4817	0.4405	0.2941	0.1957	-1.23925
0.4826	0.4847	0.4974	0.4192	0.389	0.4861	0.3	0.18	0.2376	-0.679196
0.4625	0.4951	0.4936	0.4091	0.4864	0.3831	0.775	0.5663	0.066	-0.438143
0.4701	0.4978	0.4935	0.4099	0.4768	0.4362	0.5469	0.1081	0.1216	-0.441451
0.4872	0.4938	0.4969	0.4271	0.4347	0.4653	0.2308	0.1121	0.1028	-0.869019
0.4648	0.4985	0.4979	0.4109	0.487	0.4805	0.7188	0.1351	0.1216	-0.476542
0.4691	0.491	0.4992	0.4159	0.4746	0.4803	0.6351	0.5676	0.0455	-0.614778
0.4803	0.4959	0.4967	0.4412	0.4485	0.4591	0.5385	0.0909	0.0909	-1.32257
0.4725	0.4984	0.4989	0.4034	0.4792	0.4856	0.4419	0.0874	0.0874	-0.270192
0.4898	0.4953	0.4933	0.4749	0.4689	0.4408	0.697	0.1852	0.1358	-2.34994
0.4595	0.497	0.4996	0.4073	0.4745	0.4867	0.8571	0.1368	0.0316	-0.387417
0.4787	0.4976	0.4989	0.4435	0.4764	0.489	0.6429	0.1176	0.1176	-1.39505
0.4721	0.4728	0.4974	0.4187	0.4051	0.472	0.5694	0.4444	0.1059	-0.685905
0.4876	0.4974	0.4904	0.4559	0.4771	0.4121	0.4103	0.131	0.1341	-1.71162
0.4792	0.4994	0.4983	0.4295	0.49	0.4803	0.4494	0.0588	0.098	-0.982945
0.4694	0.4992	0.4971	0.3715	0.4844	0.4606	0.3604	0.0579	0.0826	0.534658
0.4754	0.472	0.4964	0.4328	0.4093	0.4704	0.6184	0.4935	0.1444	-1.08925
0.4525	0.4635	0.4927	0.3701	0.4064	0.4805	0.6667	0.7083	0.6111	0.576373
0.4806	0.4868	0.4976	0.4273	0.4464	0.4872	0.3929	0.3452	0.2386	-0.905624
0.4755	0.4961	0.4968	0.4295	0.4657	0.4548	0.5733	0.1348	0.0787	-0.987496
0.4695	0.4785	0.4958	0.4062	0.4149	0.4696	0.5342	0.3699	0.1667	-0.344634
0.4791	0.4821	0.4959	0.4448	0.4325	0.4669	0.6458	0.3878	0.1481	-1.38777
0.472	0.4965	0.4968	0.4327	0.4594	0.4675	0.7667	0.0972	0.1111	-1.0836
0.4756	0.4863	0.4967	0.4152	0.4564	0.4584	0.443	0.481	0.0889	-0.581836
0.4717	0.4977	0.4987	0.4206	0.4815	0.4821	0.6038	0.1452	0.0806	-0.720421
0.4811	0.4968	0.496	0.4345	0.4863	0.4649	0.4337	0.3059	0.134	-1.11367
0.471	0.4689	0.4971	0.4248	0.4126	0.4789	0.6818	0.6061	0.1646	-0.858853
0.4762	0.4849	0.4982	0.4153	0.4359	0.4761	0.4286	0.3294	0.0851	-0.585305
0.4854	0.4983	0.4971	0.4495	0.4822	0.4721	0.4286	0.1099	0.1209	-1.54432
0.4777	0.494	0.4979	0.4435	0.483	0.4757	0.6892	0.5541	0.0947	-1.40726
0.4582	0.4971	0.4972	0.369	0.4558	0.4421	0.5435	0.0727	0.0545	0.604861
0.4679	0.4724	0.4941	0.3871	0.3871	0.4291	0.4494	0.3667	0.0971	0.149497
0.4827	0.4988	0.4977	0.4204	0.486	0.479	0.3021	0.0971	0.1262	-0.707642
0.4701	0.4742	0.4951	0.406	0.3933	0.4783	0.5158	0.3579	0.2959	-0.345908
0.4627	0.4933	0.4964	0.4108	0.4823	0.4528	0.7922	0.6234	0.086	-0.482422
0.4695	0.498	0.4994	0.4174	0.4712	0.4883	0.6413	0.0755	0.0566	-0.665899
0.4665	0.4766	0.497	0.4019	0.4259	0.4469	0.5769	0.5	0.0632	-0.235497
0.478	0.4888	0.498	0.4329	0.4585	0.4801	0.525	0.3875	0.1111	-1.08328
0.4678	0.464	0.4955	0.4271	0.4137	0.4692	0.8571	0.7857	0.1765	-0.927796
0.4824	0.4959	0.4958	0.4427	0.4542	0.4481	0.4691	0.1042	0.0938	-1.35374
0.4661	0.4601	0.4959	0.4179	0.3905	0.4876	0.7692	0.6462	0.4923	-0.671945
0.4728	0.4982	0.4993	0.429	0.4799	0.486	0.6712	0.1011	0.0562	-0.982787
0.476	0.481	0.4967	0.4309	0.4417	0.462	0.5735	0.5147	0.0988	-1.02032
0.4807	0.4985	0.4982	0.4463	0.4841	0.4545	0.5926	0.1087	0.0435	-1.48414
0.4763	0.4771	0.4953	0.4415	0.4282	0.4846	0.726	0.5068	0.4521	-1.35238
0.4848	0.4678	0.4989	0.4627	0.4076	0.4835	0.7183	0.5915	0.069	-1.98736
0.4868	0.4981	0.4975	0.4392	0.4843	0.4837	0.2963	0.1429	0.1852	-1.19437
0.4851	0.4966	0.498	0.4441	0.4815	0.4821	0.3867	0.2267	0.1266	-1.35926
0.4762	0.4947	0.4982	0.4093	0.4733	0.4847	0.3919	0.2568	0.1392	-0.416053
0.4807	0.4965	0.4979	0.4555	0.4897	0.471	0.8	0.5143	0.0787	-1.77711
0.4872	0.4819	0.4986	0.4471	0.4108	0.4828	0.3372	0.2791	0.0889	-1.44181
0.4528	0.4954	0.4958	0.3746	0.4587	0.443	0.6944	0.131	0.0833	0.4682
0.4607	0.4683	0.4946	0.407	0.4185	0.4873	0.8118	0.6941	0.7412	-0.38112
0.4852	0.4747	0.4979	0.4352	0.3767	0.462	0.3182	0.2955	0.0612	-1.10622
0.4579	0.461	0.4783	0.3786	0.3723	0.4345	0.6076	0.5063	0.5316	0.366621
0.4731	0.4983	0.4981	0.4227	0.4872	0.4757	0.5802	0.1505	0.086	-0.804593
0.47	0.4976	0.4954	0.387	0.4734	0.4427	0.4091	0.1042	0.0938	0.149523
0.468	0.4958	0.4985	0.4014	0.4861	0.4765	0.5347	0.4356	0.0678	-0.225132
0.4754	0.4832	0.4932	0.4357	0.4529	0.448	0.6615	0.5846	0.1585	-1.16477
0.4763	0.4927	0.496	0.4406	0.4738	0.4637	0.7077	0.3971	0.1299	-1.31208
0.4692	0.4714	0.4971	0.3879	0.3799	0.4503	0.4286	0.3571	0.0645	0.126493
0.4771	0.4973	0.4935	0.4131	0.4702	0.4714	0.3933	0.1031	0.3034	-0.525811
0.4819	0.4988	0.4954	0.4351	0.4817	0.4823	0.4138	0.0729	0.3563	-1.13076
0.4784	0.4613	0.4965	0.4387	0.3739	0.4678	0.5818	0.5091	0.127	-1.21948
0.4729	0.4754	0.4983	0.4193	0.3833	0.4792	0.5506	0.3034	0.0882	-0.711726
0.4702	0.4875	0.4992	0.3994	0.4598	0.4872	0.4699	0.4699	0.0714	-0.168019
0.4847	0.4975	0.4991	0.4499	0.49	0.4732	0.4639	0.3402	0.0374	-1.58505
0.4805	0.4902	0.4987	0.4286	0.463	0.4836	0.4043	0.3723	0.0874	-0.955019
0.4772	0.4914	0.4945	0.441	0.4725	0.4356	0.6719	0.4706	0.1	-1.31805
0.4661	0.4944	0.4957	0.4059	0.4372	0.4387	0.625	0.1034	0.0805	-0.345116
0.4731	0.4976	0.4961	0.4115	0.4823	0.467	0.48	0.1609	0.1379	-0.483915
0.4681	0.4632	0.4904	0.4066	0.3768	0.4717	0.575	0.4875	0.525	-0.361909
0.4654	0.4828	0.4996	0.4122	0.4464	0.49	0.7143	0.5	0.0421	-0.517965
0.4761	0.4986	0.4988	0.4011	0.4846	0.4867	0.3544	0.1	0.1	-0.203877
0.4807	0.4939	0.4956	0.446	0.4819	0.4635	0.589	0.5205	0.1412	-1.46421
0.4766	0.4961	0.4937	0.4331	0.4696	0.4266	0.5775	0.1519	0.1013	-1.08623
0.4774	0.4963	0.4975	0.4128	0.4715	0.4632	0.383	0.1524	0.0762	-0.517562
0.4624	0.4746	0.4985	0.4002	0.4169	0.4879	0.675	0.4815	0.1474	-0.191852
0.4791	0.4991	0.4986	0.451	0.4802	0.487	0.7826	0.0476	0.119	-1.63637
0.4654	0.4974	0.4963	0.4077	0.4774	0.4558	0.662	0.1325	0.0964	-0.391168
0.4762	0.4718	0.4968	0.4305	0.3813	0.4598	0.5618	0.3556	0.0909	-1.02789
0.4893	0.4875	0.4968	0.4617	0.42	0.4432	0.4023	0.2022	0.0625	-1.89967
0.4552	0.4562	0.4971	0.3884	0.371	0.4559	0.7595	0.5949	0.0737	0.119853
0.4694	0.4757	0.4868	0.4209	0.4174	0.4574	0.6883	0.4557	0.4675	-0.759265
0.4665	0.4642	0.4989	0.4134	0.3756	0.4892	0.6951	0.4634	0.1176	-0.554648
0.4808	0.4644	0.4984	0.4334	0.3547	0.4836	0.4342	0.3816	0.1098	-1.07307
0.4645	0.4831	0.4963	0.4337	0.4639	0.4613	1.234	0.9149	0.1111	-1.13027
0.4512	0.4903	0.4977	0.3329	0.466	0.4743	0.5	0.4146	0.1	1.42659
0.4905	0.4918	0.4964	0.466	0.4508	0.4636	0.4	0.21	0.1132	-2.05035
0.4752	0.4801	0.4979	0.4227	0.4207	0.49	0.5135	0.3649	0.2703	-0.788972
0.4846	0.4966	0.4977	0.4452	0.4151	0.4253	0.4146	0.0455	0.0341	-1.41034
0.4598	0.4688	0.4927	0.3959	0.4155	0.4194	0.7067	0.64	0.1087	-0.0795294
0.4745	0.4748	0.4841	0.424	0.4094	0.4457	0.5479	0.4247	0.4384	-0.829583
0.4833	0.4686	0.4976	0.4498	0.367	0.4594	0.5256	0.359	0.0667	-1.56827
0.4856	0.4952	0.498	0.4553	0.482	0.4779	0.5	0.3676	0.1026	-1.70531
0.4769	0.47	0.4988	0.4218	0.3894	0.4819	0.4568	0.4198	0.0753	-0.763485
0.4936	0.4979	0.4941	0.4792	0.487	0.4817	0.45	0.194	0.4833	-2.36603
0.4901	0.4754	0.4971	0.469	0.401	0.4874	0.4842	0.3684	0.3053	-2.16701
0.4511	0.4948	0.4981	0.389	0.488	0.4773	0.8919	0.7703	0.0947	0.10347
0.471	0.4915	0.4969	0.4203	0.4725	0.4597	0.6235	0.4588	0.0865	-0.743464
0.4821	0.4999	0.4971	0.4328	0.49	0.4718	0.3908	0.0106	0.117	-1.06002
0.4895	0.4967	0.4975	0.4593	0.4712	0.4746	0.3617	0.1313	0.1111	-1.82281
0.4681	0.4967	0.4986	0.4127	0.4573	0.469	0.6329	0.0882	0.049	-0.529834
0.4824	0.4677	0.4958	0.4512	0.4042	0.488	0.5942	0.5652	0.5507	-1.61052
0.4799	0.4949	0.495	0.457	0.4539	0.462	0.9194	0.1316	0.1579	-1.82421
0.4841	0.4948	0.4982	0.4461	0.4598	0.4824	0.4429	0.1558	0.1169	-1.42505
0.4444	0.4981	0.4985	0.3711	0.4755	0.4873	0.8788	0.0886	0.1392	0.559282
0.4789	0.4817	0.4988	0.4546	0.4553	0.4851	0.9091	0.7246	0.0889	-1.75635
0.486	0.4839	0.4974	0.4629	0.4285	0.4709	0.6329	0.3133	0.1	-1.99009
0.4851	0.4955	0.4975	0.4466	0.4779	0.4759	0.4086	0.2581	0.1188	-1.46489
0.4774	0.4819	0.4975	0.4385	0.3945	0.4892	0.6184	0.2317	0.3049	-1.25428
0.4701	0.4982	0.4986	0.3766	0.4704	0.4838	0.367	0.0678	0.0932	0.411037
0.4598	0.4975	0.4971	0.3535	0.4715	0.4355	0.4458	0.101	0.0505	0.956255
0.4809	0.4958	0.4963	0.4446	0.4865	0.4527	0.5593	0.4576	0.0882	-1.39092
0.4686	0.4968	0.4985	0.4104	0.4891	0.4818	0.5949	0.4304	0.0889	-0.465658
0.473	0.467	0.4998	0.408	0.3608	0.49	0.4592	0.3636	0.0175	-0.397713
0.474	0.4973	0.4974	0.427	0.4796	0.4581	0.5977	0.1584	0.0693	-0.932139
0.4766	0.484	0.4989	0.4413	0.4378	0.4888	0.7031	0.3692	0.1053	-1.33106
0.4839	0.4544	0.4883	0.4599	0.3581	0.4371	0.7	0.5571	0.2439	-1.89533
0.4695	0.4909	0.4986	0.3763	0.4686	0.478	0.375	0.4231	0.0702	0.416933
0.4927	0.4926	0.4882	0.4803	0.4156	0.4081	0.6027	0.1047	0.1628	-2.51163
0.4741	0.4727	0.4981	0.4104	0.3699	0.4767	0.449	0.3061	0.0901	-0.462937
0.484	0.4992	0.4978	0.4475	0.485	0.478	0.4615	0.0583	0.1165	-1.50443
0.4899	0.4983	0.4955	0.4643	0.4788	0.4161	0.4086	0.0918	0.0612	-1.99061
0.4707	0.4985	0.4986	0.418	0.4762	0.4845	0.6081	0.0682	0.1023	-0.671494
0.463	0.4927	0.4979	0.4032	0.4652	0.474	0.6883	0.2747	0.0918	-0.271842
0.4843	0.491	0.4982	0.454	0.4692	0.4804	0.5441	0.4286	0.1053	-1.68043
0.4861	0.4984	0.4964	0.4596	0.4746	0.4523	0.5484	0.0673	0.0865	-1.89014
0.4763	0.4884	0.4984	0.429	0.4561	0.4888	0.5412	0.3765	0.1739	-0.98075
0.4949	0.4782	0.4978	0.4793	0.4029	0.4366	0.3305	0.322	0.0382	-2.45665
0.4863	0.4966	0.4993	0.4391	0.4805	0.4802	0.3077	0.2115	0.036	-1.22918
0.4897	0.4969	0.4979	0.4695	0.4742	0.4832	0.5238	0.1429	0.1429	-2.12192
0.4766	0.473	0.496	0.4323	0.3915	0.448	0.5663	0.3735	0.0879	-1.07432
0.4873	0.4777	0.495	0.4581	0.4258	0.4835	0.4556	0.4659	0.4444	-1.81652
0.4828	0.4927	0.495	0.4436	0.4748	0.4187	0.4643	0.4167	0.0707	-1.38367
0.4663	0.4797	0.4973	0.4112	0.4308	0.475	0.6747	0.4458	0.1222	-0.49297
0.4866	0.4971	0.4966	0.4572	0.4501	0.4605	0.4762	0.0645	0.0968	-1.78497
0.4822	0.4961	0.4926	0.4578	0.4483	0.4772	0.7647	0.0854	0.4928	-1.8394
0.4563	0.4795	0.4977	0.402	0.4444	0.476	0.8971	0.6197	0.1111	-0.24146
0.465	0.4969	0.4976	0.4032	0.4687	0.4803	0.6304	0.1143	0.1429	-0.274127
0.4625	0.4788	0.4947	0.398	0.4474	0.4635	0.65	0.7167	0.1765	-0.131977
0.4944	0.4896	0.4969	0.4755	0.4376	0.4586	0.3	0.2125	0.0833	-2.22393
0.4807	0.4774	0.4849	0.4468	0.4321	0.3891	0.6	0.5375	0.1771	-1.49982
0.4842	0.4887	0.4997	0.4343	0.4376	0.49	0.339	0.2373	0.0317	-1.11825
0.48	0.4794	0.4764	0.4406	0.4269	0.4207	0.5402	0.4253	0.4598	-1.31574
0.4903	0.4977	0.4879	0.4685	0.4831	0.4552	0.4627	0.1644	0.3881	-2.07926
0.4825	0.4951	0.4959	0.4311	0.4355	0.44	0.3647	0.0889	0.0778	-1.0032
0.4825	0.4957	0.4986	0.4479	0.4677	0.4829	0.5362	0.16	0.0933	-1.50099
0.4884	0.4973	0.4976	0.4691	0.4811	0.4802	0.623	0.169	0.1408	-2.13799
0.4699	0.4855	0.4974	0.3997	0.4469	0.4711	0.4773	0.3977	0.1	-0.175889
0.4809	0.4719	0.4981	0.4312	0.3499	0.4668	0.4141	0.2727	0.0642	-1.03384
0.4771	0.4944	0.4964	0.4165	0.4767	0.4642	0.4125	0.325	0.1163	-0.613865
0.4575	0.4938	0.4978	0.3941	0.4458	0.4793	0.7536	0.1358	0.122	-0.03129
0.4706	0.4919	0.4993	0.4015	0.4747	0.4851	0.4742	0.4845	0.0526	-0.22415
0.4815	0.4624	0.4983	0.4459	0.3454	0.4859	0.55	0.3827	0.1348	-1.46296
0.4644	0.4717	0.4983	0.3906	0.393	0.4813	0.5443	0.4051	0.1047	0.0598155
0.4862	0.4969	0.496	0.4541	0.4879	0.4629	0.4493	0.3478	0.1266	-1.65473
0.4815	0.4819	0.4966	0.4313	0.41	0.4343	0.3976	0.2771	0.0588	-1.01631
0.4648	0.4982	0.4959	0.4075	0.4846	0.471	0.68	0.1325	0.1687	-0.388204
0.479	0.4574	0.4978	0.4335	0.3494	0.4558	0.4937	0.4684	0.0538	-1.09265
0.4893	0.4976	0.497	0.4664	0.461	0.4719	0.4848	0.0676	0.1216	-2.02331
0.4697	0.4718	0.4988	0.4137	0.4043	0.4861	0.5952	0.4643	0.1	-0.557086
0.4701	0.4983	0.4979	0.4142	0.4825	0.479	0.5873	0.1125	0.1125	-0.557457
0.4903	0.4955	0.496	0.4706	0.4685	0.4557	0.5072	0.1711	0.1053	-2.16798
0.488	0.469	0.4664	0.4697	0.4109	0.3905	0.6765	0.5882	0.5	-2.1887
0.4882	0.4815	0.497	0.4457	0.4128	0.4872	0.2949	0.2949	0.3077	-1.36695
0.4818	0.49	0.4993	0.4332	0.4502	0.49	0.4028	0.2639	0.0769	-1.05368
0.4636	0.4668	0.4957	0.3936	0.3666	0.4626	0.5844	0.3846	0.1364	-0.0164717
0.4889	0.4873	0.4937	0.4583	0.438	0.4308	0.3793	0.2759	0.1075	-1.78811
0.4786	0.4984	0.4991	0.4393	0.486	0.49	0.5814	0.1263	0.101	-1.28147
0.4625	0.4661	0.493	0.4022	0.4081	0.4819	0.6941	0.6471	0.6353	-0.24864
0.4728	0.4948	0.4942	0.3897	0.4698	0.4654	0.3689	0.2136	0.2075	0.0820273
0.4645	0.4976	0.4996	0.3901	0.4696	0.4867	0.5395	0.0879	0.033	0.0722551
0.492	0.4775	0.4972	0.476	0.4137	0.4831	0.5161	0.3871	0.2	-2.31237
0.4786	0.4992	0.4989	0.4214	0.4867	0.4852	0.4066	0.0619	0.0825	-0.753921
0.4803	0.4988	0.4978	0.4391	0.4864	0.469	0.5104	0.0982	0.0804	-1.27451
0.4922	0.4996	0.4961	0.4651	0.4834	0.4398	0.297	0.0273	0.0727	-1.97109
0.4669	0.4897	0.4977	0.4175	0.4636	0.4676	0.7308	0.4103	0.0778	-0.666134
0.4678	0.4743	0.4979	0.3987	0.3945	0.4817	0.5213	0.3617	0.1346	-0.152602
0.4681	0.4984	0.4976	0.4074	0.4552	0.4744	0.5824	0.0381	0.1048	-0.386411
0.4605	0.4946	0.4973	0.3968	0.4468	0.472	0.6957	0.1205	0.1084	-0.101283
0.462	0.496	0.4975	0.3951	0.459	0.4749	0.6377	0.1139	0.1139	-0.056028
0.4745	0.4985	0.497	0.4407	0.4725	0.468	0.8	0.0595	0.1071	-1.3323
0.4597	0.4943	0.4943	0.3909	0.4839	0.4829	0.6615	0.5538	0.5077	0.0529353
0.466	0.481	0.4943	0.389	0.4322	0.4815	0.5	0.4189	0.4595	0.0989733
0.4803	0.4966	0.4991	0.4372	0.4887	0.49	0.4881	0.4405	0.1053	-1.20229
0.4743	0.4757	0.4978	0.433	0.4021	0.482	0.6667	0.3676	0.1429	-1.09085
0.4626	0.4881	0.4966	0.4038	0.4688	0.4729	0.7059	0.6324	0.1461	-0.287423
0.4824	0.4615	0.4982	0.4531	0.3804	0.4712	0.6286	0.5417	0.0682	-1.6761
0.4494	0.4678	0.4952	0.3701	0.3967	0.4521	0.7403	0.5065	0.1183	0.582672
0.4704	0.4982	0.4959	0.4095	0.4872	0.435	0.5352	0.1687	0.0723	-0.4317
0.4761	0.4953	0.4985	0.4408	0.4632	0.483	0.7188	0.1528	0.0972	-1.31912
0.476	0.4978	0.4995	0.4254	0.4704	0.4875	0.5119	0.0833	0.0417	-0.87298
0.4853	0.4877	0.4976	0.4497	0.4536	0.49	0.4348	0.3768	0.3188	-1.52243
0.4802	0.4867	0.4944	0.4263	0.4492	0.4518	0.3977	0.375	0.1368	-0.884481
0.4793	0.4857	0.4964	0.4418	0.4555	0.4702	0.5876	0.4948	0.1404	-1.36692
0.4738	0.4957	0.4954	0.4243	0.4613	0.483	0.575	0.1304	0.378	-0.847588
0.4667	0.4868	0.4958	0.3907	0.4483	0.4582	0.4935	0.3636	0.1176	0.0575355
0.4729	0.4982	0.4978	0.4273	0.4779	0.4651	0.6429	0.0909	0.0707	-0.941022
0.4837	0.4882	0.4978	0.4339	0.4561	0.4696	0.3511	0.383	0.0818	-1.08718
0.4854	0.4966	0.4968	0.43	0.4736	0.4584	0.2824	0.1538	0.0879	-0.945283
0.4865	0.4888	0.4931	0.4425	0.4607	0.4669	0.325	0.4177	0.2716	-1.29627
0.4806	0.4939	0.4965	0.4257	0.4718	0.4591	0.3827	0.284	0.0989	-0.856126
0.4746	0.4982	0.4952	0.4106	0.4813	0.4342	0.4368	0.1064	0.0851	-0.461758
0.4802	0.4662	0.4989	0.4459	0.3649	0.4732	0.6125	0.3875	0.044	-1.47513
0.4585	0.498	0.4977	0.3613	0.4785	0.4751	0.5	0.1023	0.1023	0.774532
0.4711	0.4847	0.4922	0.4236	0.4471	0.4384	0.6615	0.4308	0.1549	-0.823672
0.4604	0.4811	0.4967	0.3794	0.4496	0.4487	0.5588	0.6324	0.0714	0.340561
0.4681	0.4908	0.4902	0.4114	0.4154	0.475	0.6176	0.1341	0.6618	-0.48619
0.4762	0.4628	0.4954	0.4239	0.3425	0.4853	0.4932	0.3699	0.4658	-0.818403
0.4821	0.4938	0.4961	0.4546	0.4799	0.4689	0.6818	0.4545	0.1467	-1.72315
0.4794	0.4662	0.4991	0.4276	0.3763	0.4841	0.4306	0.4306	0.061	-0.908137
0.4809	0.4964	0.4981	0.4159	0.4541	0.4835	0.3214	0.0899	0.1348	-0.583983
0.4866	0.4838	0.4956	0.4294	0.3964	0.4531	0.2529	0.2069	0.1075	-0.919381
0.4649	0.4692	0.4959	0.4006	0.4073	0.4527	0.6087	0.5507	0.1	-0.200888
0.468	0.497	0.4961	0.4065	0.4669	0.4679	0.5758	0.1039	0.1429	-0.353429
0.4689	0.4986	0.4985	0.4301	0.4771	0.4813	0.8649	0.0659	0.0879	-1.03129
0.4724	0.4789	0.4972	0.4124	0.3845	0.4719	0.507	0.2535	0.1154	-0.509015
0.4743	0.4952	0.4984	0.4292	0.484	0.4779	0.6133	0.44	0.0805	-0.986065
0.4778	0.4965	0.49	0.4336	0.4498	0.4008	0.5395	0.0795	0.125	-1.10213
0.4877	0.4985	0.4989	0.4501	0.4826	0.4858	0.3462	0.0964	0.0843	-1.51584
0.4723	0.4827	0.4977	0.4107	0.4431	0.4606	0.4945	0.4615	0.0636	-0.471601
0.48	0.4885	0.497	0.409	0.4382	0.4467	0.3107	0.2427	0.0631	-0.413641
0.4648	0.4536	0.4993	0.4247	0.3782	0.49	0.9508	0.7049	0.075	-0.870881
0.4865	0.4976	0.499	0.4387	0.478	0.4889	0.3	0.1279	0.1047	-1.18183
0.4915	0.4938	0.4973	0.4782	0.4479	0.4794	0.6571	0.1429	0.1558	-2.45531
0.4776	0.4935	0.4932	0.4396	0.4359	0.4472	0.6286	0.1205	0.1566	-1.27937
0.4733	0.4584	0.4963	0.4248	0.3723	0.4893	0.5949	0.557	0.5316	-0.861552
0.4664	0.4694	0.4967	0.4025	0.3909	0.4801	0.5854	0.439	0.2	-0.251935
0.4658	0.4978	0.4972	0.385	0.4713	0.467	0.4815	0.0851	0.0957	0.200095
0.4832	0.4814	0.4965	0.4647	0.4536	0.4485	0.9474	0.7018	0.0779	-2.05689
0.4748	0.4839	0.4967	0.4055	0.4428	0.4635	0.4026	0.4156	0.1047	-0.320568
0.4723	0.4975	0.4971	0.4232	0.4648	0.4696	0.6118	0.08	0.11	-0.823714
0.4553	0.4962	0.4964	0.389	0.4666	0.4545	0.7639	0.1333	0.0889	0.101632
0.47	0.4654	0.4991	0.4297	0.4088	0.4857	0.8	0.675	0.068	-1.0199
0.4942	0.4973	0.4984	0.4729	0.4685	0.4643	0.2783	0.0984	0.0492	-2.21709
0.4685	0.4742	0.4963	0.4113	0.4232	0.4895	0.6056	0.5493	0.5493	-0.484939
0.4801	0.4961	0.4979	0.4491	0.4883	0.4797	0.6795	0.5128	0.1196	-1.5785
0.4675	0.4928	0.4957	0.4208	0.4385	0.4597	0.7593	0.1406	0.125	-0.741897
0.4632	0.4989	0.4996	0.3819	0.4816	0.4875	0.5161	0.0625	0.0357	0.283976
0.4767	0.4984	0.4977	0.4311	0.4802	0.4769	0.5479	0.0875	0.1139	-1.0269
0.493	0.4902	0.499	0.4646	0.4234	0.49	0.2533	0.16	0.1125	-1.84684
0.4749	0.4957	0.4973	0.4255	0.4583	0.4635	0.5495	0.1204	0.0833	-0.886042
0.4811	0.4794	0.4994	0.4395	0.4168	0.488	0.4831	0.3596	0.0515	-1.27409
0.4771	0.4968	0.4974	0.4416	0.4566	0.4649	0.6854	0.0818	0.0818	-1.36677
0.4869	0.4898	0.4985	0.4555	0.4095	0.4747	0.4388	0.14	0.0667	-1.74462
0.4833	0.4991	0.4972	0.4403	0.4867	0.4759	0.4133	0.0741	0.1358	-1.26078
0.4866	0.4857	0.499	0.4657	0.4604	0.4851	0.6667	0.5862	0.0755	-2.09684
0.4846	0.4837	0.4934	0.4511	0.4389	0.479	0.4848	0.3881	0.4697	-1.5714
0.457	0.4949	0.4964	0.3764	0.4843	0.4653	0.6125	0.4875	0.1196	0.421694
0.4762	0.4982	0.4992	0.4156	0.4638	0.4834	0.43	0.0545	0.0545	-0.602666
0.4792	0.4766	0.497	0.4348	0.4286	0.4557	0.5	0.5256	0.0769	-1.12945
0.4819	0.496	0.499	0.4458	0.4678	0.4835	0.5301	0.1458	0.0625	-1.46109
0.4544	0.4965	0.4958	0.3935	0.4682	0.4677	0.8421	0.1268	0.1549	-0.0149105
0.4844	0.4644	0.4842	0.4482	0.3604	0.4213	0.4533	0.4	0.2727	-1.4978
0.4627	0.494	0.4985	0.3726	0.4814	0.4832	0.4773	0.4886	0.0971	0.509789
0.4945	0.4978	0.4987	0.4576	0.4796	0.4846	0.1562	0.1224	0.0918	-1.59102
0.4818	0.4791	0.4977	0.4462	0.4347	0.45	0.5432	0.5062	0.0515	-1.47224
0.4707	0.4884	0.499	0.4146	0.4644	0.4872	0.5735	0.5	0.0864	-0.570587
0.4698	0.4978	0.4978	0.4093	0.4608	0.4776	0.5517	0.0606	0.1111	-0.435727
0.4782	0.495	0.4971	0.4288	0.4583	0.4866	0.475	0.1412	0.284	-0.960071
0.4742	0.4964	0.4949	0.4069	0.4598	0.4245	0.4231	0.1011	0.0787	-0.359683
0.4768	0.479	0.4902	0.4444	0.4339	0.4616	0.76	0.5	0.3544	-1.44577
0.4841	0.4974	0.4979	0.4399	0.4788	0.4801	0.3827	0.1429	0.1209	-1.25038
0.458	0.496	0.4998	0.387	0.4681	0.49	0.6716	0.15	0.025	0.151242
0.4707	0.4902	0.4945	0.4177	0.46	0.478	0.6047	0.3372	0.3372	-0.668126
0.4699	0.4796	0.4991	0.4006	0.4282	0.4836	0.4835	0.4286	0.0612	-0.200545
0.4761	0.4968	0.4984	0.4349	0.4758	0.4818	0.6232	0.1585	0.0976	-1.1436
0.4744	0.4957	0.4729	0.4368	0.4852	0.3857	0.7302	0.4118	0.3529	-1.20348
0.4834	0.493	0.4984	0.45	0.4439	0.4838	0.5231	0.1507	0.1096	-1.55124
0.4763	0.4792	0.4965	0.443	0.4488	0.49	0.7586	0.7241	0.5517	-1.37929
0.4859	0.4704	0.4987	0.4527	0.3721	0.4707	0.4468	0.3474	0.0476	-1.65935
0.464	0.4891	0.4958	0.3918	0.4547	0.4728	0.5616	0.3333	0.1852	0.0296026
0.4469	0.4937	0.4953	0.3764	0.4826	0.4608	0.8657	0.5821	0.1429	0.427332
0.4618	0.4718	0.4948	0.4129	0.4229	0.4535	0.8594	0.625	0.1325	-0.538639
0.4784	0.498	0.4972	0.4459	0.4829	0.4706	0.7031	0.1325	0.1084	-1.46528
0.479	0.4625	0.496	0.4449	0.402	0.4255	0.6545	0.6909	0.0615	-1.40992
0.467	0.493	0.4982	0.4054	0.4717	0.487	0.5942	0.338	0.1646	-0.326394
0.4835	0.4973	0.4955	0.4496	0.4829	0.4581	0.5135	0.1875	0.125	-1.55241
0.4711	0.4905	0.493	0.4271	0.4728	0.4793	0.7083	0.5479	0.5205	-0.931241
0.4794	0.4847	0.4902	0.4164	0.4468	0.4629	0.3571	0.4286	0.3714	-0.591005
0.463	0.4849	0.4985	0.3993	0.4549	0.4837	0.6486	0.527	0.1023	-0.166391
0.472	0.4735	0.4992	0.4218	0.3898	0.49	0.6049	0.3571	0.0851	-0.779457
0.4773	0.4831	0.4976	0.4184	0.4226	0.4724	0.4216	0.3039	0.0991	-0.678425
0.4899	0.4963	0.4992	0.4674	0.4502	0.4861	0.4648	0.0843	0.0602	-2.05709
0.4885	0.4981	0.4973	0.4582	0.4792	0.4817	0.3978	0.1031	0.1753	-1.80424
0.4718	0.4815	0.4965	0.4059	0.4085	0.4474	0.4731	0.2796	0.0762	-0.340273
0.4662	0.4969	0.498	0.4125	0.4409	0.462	0.6901	0.0581	0.0581	-0.521942
0.4626	0.4947	0.4983	0.3916	0.4838	0.485	0.5938	0.5	0.1282	0.0339858
0.4829	0.4911	0.4957	0.4533	0.4635	0.4604	0.6056	0.3333	0.1282	-1.67895
0.4695	0.4978	0.4971	0.4272	0.4781	0.4751	0.7778	0.1165	0.1359	-0.946733
0.4667	0.4953	0.4988	0.4049	0.4658	0.4858	0.5968	0.1667	0.0933	-0.309661
0.4546	0.4701	0.4958	0.3848	0.4244	0.488	0.7391	0.7101	0.5507	0.209645
0.4802	0.4945	0.4977	0.4342	0.4792	0.4482	0.4615	0.3626	0.0481	-1.11882
0.4777	0.4852	0.4968	0.425	0.4435	0.4536	0.4588	0.3765	0.0769	-0.856917
0.4653	0.4899	0.4994	0.4194	0.4721	0.488	0.8243	0.5811	0.0549	-0.723493
0.4865	0.4744	0.4994	0.4522	0.4191	0.485	0.4138	0.5057	0.0426	-1.62322
0.4829	0.4983	0.4986	0.4392	0.4714	0.4774	0.4167	0.0659	0.0659	-1.24389
0.4491	0.4963	0.4971	0.3941	0.4663	0.4597	1.0441	0.1264	0.0805	-0.0326286
0.4862	0.4727	0.4967	0.4638	0.4104	0.49	0.6374	0.4835	0.4945	-2.03743
0.4796	0.4962	0.4962	0.4178	0.4522	0.4691	0.3594	0.0909	0.1429	-0.622628
0.4755	0.4975	0.495	0.4253	0.4811	0.4557	0.5286	0.1585	0.1341	-0.858778
0.4742	0.4976	0.498	0.4187	0.481	0.4812	0.5068	0.1463	0.122	-0.67802
0.4876	0.486	0.4981	0.4439	0.417	0.4767	0.3023	0.2209	0.0909	-1.33579
0.4839	0.4934	0.4967	0.4603	0.4786	0.4723	0.7143	0.4561	0.1385	-1.88007
0.4742	0.465	0.4952	0.4194	0.3273	0.4769	0.5119	0.3095	0.2674	-0.707092
0.4727	0.4705	0.486	0.4116	0.3909	0.4508	0.4923	0.4179	0.4179	-0.481603
0.4722	0.4979	0.4978	0.4365	0.468	0.4744	0.8358	0.0723	0.0964	-1.21118
0.4795	0.4975	0.4979	0.4179	0.4769	0.481	0.3636	0.1237	0.1237	-0.647755
0.4809	0.4832	0.4973	0.4468	0.4376	0.4805	0.5915	0.3944	0.1647	-1.48467
0.4748	0.4983	0.4992	0.4386	0.4719	0.4851	0.7444	0.0642	0.055	-1.28511
0.4747	0.4711	0.4986	0.4037	0.3592	0.4797	0.3958	0.3021	0.0769	-0.278584
0.4759	0.4913	0.498	0.4415	0.4751	0.4803	0.7424	0.5455	0.1154	-1.34393
0.4782	0.4929	0.4996	0.4396	0.478	0.49	0.6	0.4875	0.0444	-1.28709
0.4761	0.4931	0.4966	0.4115	0.4684	0.4639	0.4079	0.2895	0.1071	-0.477425
0.4681	0.4926	0.4972	0.4187	0.4491	0.4431	0.7049	0.1806	0.0556	-0.688057
0.4896	0.4955	0.4981	0.4574	0.4794	0.4575	0.3393	0.2857	0.0492	-1.7844
0.4703	0.4996	0.4981	0.4129	0.49	0.4831	0.5692	0.0385	0.1282	-0.522271
0.4778	0.4969	0.4956	0.4169	0.4714	0.4051	0.398	0.1261	0.0541	-0.631883
0.4825	0.4955	0.4987	0.4445	0.4784	0.4746	0.4872	0.2658	0.0568	-1.40675
0.4638	0.4887	0.4956	0.4079	0.4677	0.4705	0.7162	0.5541	0.1786	-0.400197
0.4849	0.487	0.4976	0.4398	0.4421	0.4713	0.358	0.3086	0.0952	-1.23714
0.4812	0.4873	0.4991	0.4377	0.4371	0.4802	0.4615	0.2692	0.0476	-1.2057
0.4923	0.4957	0.4986	0.461	0.4641	0.4778	0.2577	0.1429	0.0693	-1.81353
0.4773	0.4757	0.4965	0.4316	0.4048	0.454	0.5333	0.3797	0.0875	-1.04349
0.4812	0.4527	0.4978	0.4412	0.317	0.4642	0.5	0.4318	0.0673	-1.32675
0.4815	0.4742	0.4959	0.4299	0.4131	0.4679	0.3875	0.4625	0.1505	-0.972095
0.4697	0.4987	0.497	0.3973	0.4856	0.4804	0.4675	0.0989	0.1868	-0.111913
0.4917	0.4966	0.4896	0.4684	0.4862	0.459	0.3699	0.3288	0.3562	-2.04434
0.4552	0.4966	0.4982	0.3968	0.471	0.4855	0.8596	0.1351	0.1486	-0.1016
0.4797	0.48	0.4964	0.4246	0.4283	0.4609	0.4	0.4167	0.1045	-0.802061
0.4516	0.4976	0.4992	0.3798	0.4696	0.4867	0.7714	0.0899	0.0674	0.337596
0.4798	0.4945	0.4988	0.4391	0.4774	0.4751	0.5309	0.3333	0.0515	-1.26247
0.4835	0.4989	0.4992	0.4423	0.487	0.4889	0.4242	0.0909	0.0826	-1.35202
0.4696	0.499	0.4989	0.412	0.4729	0.4788	0.5814	0.0381	0.0571	-0.510425
0.4788	0.4952	0.4981	0.4355	0.4604	0.4733	0.5256	0.1429	0.0769	-1.15484
0.4759	0.4983	0.4978	0.4361	0.4861	0.4738	0.6484	0.1415	0.0943	-1.20071
0.4775	0.4839	0.4939	0.4365	0.4461	0.4587	0.5875	0.45	0.1809	-1.19486
0.4742	0.4608	0.4946	0.4295	0.3671	0.481	0.6216	0.4865	0.4054	-0.992458
0.4778	0.4984	0.4946	0.439	0.4772	0.4603	0.6087	0.075	0.1625	-1.25788
0.4798	0.4983	0.4982	0.4085	0.4863	0.4829	0.3125	0.1444	0.1222	-0.389599
0.4696	0.4572	0.4979	0.4189	0.3773	0.4842	0.6538	0.6154	0.1579	-0.701158
0.4877	0.4808	0.4988	0.4564	0.3961	0.478	0.4127	0.254	0.0606	-1.68901
0.4727	0.4982	0.4977	0.4047	0.471	0.4739	0.4458	0.0693	0.099	-0.305099
0.4717	0.4937	0.4959	0.4356	0.4402	0.4044	0.8413	0.125	0.05	-1.18002
0.477	0.4719	0.4806	0.4345	0.3844	0.3519	0.5811	0.3649	0.1772	-1.13045
0.4842	0.4946	0.4958	0.436	0.4411	0.3692	0.3505	0.1068	0.0381	-1.14995
0.4775	0.4949	0.4963	0.4418	0.4815	0.4571	0.6712	0.3836	0.0976	-1.35328
0.4801	0.4734	0.4948	0.4489	0.4108	0.4699	0.6719	0.4688	0.2162	-1.548
0.4879	0.494	0.4956	0.4331	0.4317	0.4672	0.2375	0.1034	0.1609	-0.998533
0.4774	0.4985	0.4971	0.4338	0.4802	0.4616	0.5542	0.0842	0.0842	-1.11542
0.4644	0.4642	0.4964	0.4265	0.397	0.4659	1.02	0.5962	0.1231	-0.916754
0.45	0.4744	0.4964	0.381	0.4286	0.4692	0.8276	0.6034	0.137	0.305449
0.4787	0.4855	0.4989	0.4218	0.4137	0.4875	0.4074	0.2222	0.0964	-0.755704
0.4834	0.4868	0.4979	0.4206	0.4264	0.468	0.2871	0.2353	0.0741	-0.71289
0.4836	0.4887	0.4993	0.4262	0.4325	0.4867	0.3084	0.215	0.0536	-0.876322
0.4827	0.4947	0.4966	0.4513	0.4651	0.4724	0.5821	0.1867	0.1467	-1.60795
0.4496	0.4963	0.4977	0.3975	0.4894	0.4813	1.0833	0.5397	0.1429	-0.122058
0.4691	0.4944	0.4931	0.4019	0.4348	0.4084	0.5114	0.1	0.09	-0.235497
0.4892	0.498	0.498	0.4593	0.4844	0.4784	0.3765	0.1489	0.1064	-1.81252
0.4762	0.4811	0.4915	0.4317	0.4414	0.4737	0.5753	0.5068	0.4932	-1.04797
0.4724	0.4908	0.4973	0.4201	0.471	0.4627	0.5753	0.4795	0.0814	-0.726182
0.4826	0.4971	0.497	0.4453	0.486	0.4669	0.4944	0.2688	0.1048	-1.44425
0.4837	0.488	0.4964	0.435	0.4368	0.4813	0.3594	0.25	0.2422	-1.1499
0.4594	0.4982	0.4991	0.3942	0.4814	0.4867	0.7	0.1084	0.0723	-0.0337331
0.4888	0.4948	0.4941	0.4505	0.4356	0.4267	0.3068	0.0947	0.0947	-1.52703
0.4774	0.4867	0.4981	0.4249	0.4507	0.4829	0.4675	0.3896	0.1264	-0.846112
0.4665	0.4795	0.4989	0.4163	0.4272	0.4836	0.7324	0.4225	0.0723	-0.631023
0.4708	0.4778	0.4936	0.4061	0.4161	0.4766	0.5	0.3936	0.383	-0.349065
0.4667	0.4594	0.4988	0.3818	0.3231	0.4892	0.4471	0.3647	0.13	0.28053
0.483	0.4983	0.4982	0.4446	0.4553	0.4782	0.4713	0.0417	0.0938	-1.41851
0.4634	0.4567	0.4994	0.4089	0.3511	0.488	0.7429	0.4857	0.0575	-0.426989
0.4858	0.4967	0.4971	0.4592	0.4734	0.4739	0.5588	0.1429	0.1299	-1.83758
0.4809	0.4957	0.4987	0.4426	0.4818	0.4786	0.5286	0.3143	0.0649	-1.3477
0.4525	0.4798	0.4976	0.3694	0.439	0.4654	0.6618	0.5294	0.0759	0.590465
0.4871	0.474	0.4953	0.4633	0.4107	0.4671	0.5625	0.4531	0.1733	-1.95231
0.4743	0.499	0.4903	0.4344	0.4872	0.4709	0.6892	0.0833	0.5135	-1.14312
0.4745	0.4834	0.4983	0.4406	0.4416	0.4834	0.8028	0.4225	0.1139	-1.33281
0.4924	0.4928	0.4929	0.4808	0.4788	0.4214	0.6765	0.5294	0.1084	-2.53741
0.4826	0.4796	0.4974	0.4454	0.4189	0.4547	0.4946	0.3656	0.0648	-1.45336
0.4841	0.4975	0.4982	0.447	0.4779	0.4829	0.4524	0.1277	0.117	-1.47834
0.4708	0.4704	0.4956	0.4097	0.3879	0.4677	0.5263	0.4051	0.1628	-0.43903
0.4796	0.4588	0.4967	0.4412	0.3596	0.4704	0.5658	0.4868	0.1304	-1.32332
0.4804	0.4765	0.4986	0.4487	0.4232	0.4709	0.6522	0.4783	0.0519	-1.54701
0.4699	0.4723	0.4958	0.4187	0.4183	0.4543	0.6404	0.5618	0.1068	-0.700356
0.4605	0.4936	0.4974	0.4136	0.4841	0.4679	0.9254	0.6857	0.0899	-0.561408
0.4683	0.4978	0.4948	0.4035	0.4777	0.439	0.5432	0.11	0.1	-0.278455
0.4832	0.4797	0.4998	0.4426	0.398	0.49	0.439	0.2771	0.0222	-1.34505
0.4785	0.4614	0.4989	0.4483	0.3711	0.4735	0.7534	0.4932	0.046	-1.55742
0.4842	0.4997	0.4931	0.4447	0.485	0.47	0.4227	0.019	0.3093	-1.41954
0.4775	0.4511	0.4993	0.4491	0.3658	0.4861	0.8333	0.6667	0.0538	-1.59061
0.4858	0.4969	0.4991	0.4472	0.4827	0.486	0.3881	0.2239	0.0725	-1.42698
0.458	0.449	0.495	0.3872	0.3503	0.4835	0.6714	0.6143	0.44	0.148002
0.4717	0.4898	0.496	0.4389	0.4768	0.4426	0.9189	0.7973	0.08	-1.29538
0.468	0.4804	0.4881	0.4141	0.4386	0.4642	0.6515	0.5	0.5152	-0.562074
0.4774	0.4794	0.4955	0.4287	0.434	0.4849	0.5	0.4878	0.4268	-0.961789
0.4856	0.4957	0.4939	0.4579	0.4484	0.4334	0.5417	0.0952	0.1071	-1.80279
0.472	0.4669	0.498	0.4217	0.3926	0.468	0.6047	0.5	0.0693	-0.780011
0.4779	0.484	0.4951	0.4404	0.4567	0.4201	0.6286	0.6143	0.0706	-1.30355
0.4729	0.4955	0.4971	0.3975	0.4466	0.466	0.4024	0.0978	0.0978	-0.115333
0.4787	0.4977	0.4993	0.4403	0.4671	0.4883	0.5915	0.0787	0.0674	-1.29374
0.4771	0.4851	0.4973	0.442	0.4372	0.4576	0.6935	0.3333	0.0704	-1.34825
0.4777	0.4748	0.4958	0.433	0.4105	0.4372	0.5345	0.431	0.0758	-1.05634
0.4785	0.4964	0.4986	0.4265	0.456	0.4814	0.4483	0.0918	0.0816	-0.897223
0.4865	0.468	0.4925	0.4616	0.3888	0.4715	0.5638	0.4574	0.3684	-1.95859
0.4817	0.4883	0.4985	0.449	0.4582	0.484	0.5882	0.407	0.1053	-1.56815
0.4693	0.4856	0.4847	0.4207	0.4587	0.4497	0.6885	0.5574	0.459	-0.740947
0.4672	0.4734	0.4955	0.4023	0.4143	0.4878	0.5634	0.493	0.5915	-0.243671
0.4687	0.4918	0.4986	0.4174	0.4743	0.4882	0.6667	0.4783	0.1341	-0.655169
0.4842	0.4984	0.497	0.4525	0.4846	0.4557	0.5238	0.1183	0.0753	-1.65814
0.4594	0.4957	0.4957	0.3917	0.4345	0.4615	0.6747	0.0748	0.1308	0.033144
0.4868	0.4722	0.4899	0.4636	0.4072	0.4724	0.5946	0.473	0.5946	-1.99433
0.4587	0.4983	0.4947	0.4292	0.4816	0.4856	1.5106	0.1045	0.5962	-1.01141
0.4812	0.4698	0.4962	0.4404	0.3769	0.4874	0.4915	0.3729	0.4407	-1.25529
0.4708	0.4916	0.4956	0.4128	0.4721	0.4538	0.5542	0.4458	0.1099	-0.528902
0.4881	0.4916	0.4972	0.4602	0.46	0.4539	0.4458	0.2771	0.0674	-1.86277
0.4746	0.4898	0.497	0.4294	0.4689	0.4537	0.6049	0.5062	0.0737	-0.994979
0.4795	0.4979	0.4963	0.4422	0.4707	0.4679	0.5862	0.0777	0.1359	-1.36948
0.4787	0.4983	0.4981	0.437	0.4892	0.4877	0.5469	0.194	0.1857	-1.18279
0.4798	0.4984	0.4995	0.4182	0.4786	0.488	0.3579	0.0849	0.0472	-0.659392
0.4882	0.4986	0.4977	0.4591	0.4867	0.4744	0.4222	0.1212	0.101	-1.83424
0.4943	0.497	0.4983	0.4782	0.4494	0.4797	0.3608	0.0654	0.0935	-2.40084
0.463	0.474	0.4972	0.4016	0.4162	0.4782	0.6716	0.4925	0.1529	-0.226407
0.4687	0.4968	0.4983	0.4159	0.4533	0.4757	0.6506	0.0777	0.0777	-0.62078
0.4825	0.4748	0.4856	0.4518	0.4124	0.2001	0.6	0.4429	0.0723	-1.63287
0.476	0.4844	0.4984	0.4402	0.4533	0.4742	0.7119	0.5254	0.0694	-1.29155
0.479	0.49	0.4982	0.4087	0.447	0.4804	0.3294	0.2471	0.1	-0.398357
0.4648	0.4995	0.4984	0.3789	0.4851	0.484	0.4681	0.0351	0.114	0.355521
0.4692	0.4955	0.4957	0.4194	0.4848	0.4687	0.6761	0.4225	0.1646	-0.712244
0.4741	0.4814	0.4969	0.4166	0.4208	0.4724	0.4937	0.3333	0.1319	-0.625026
0.4648	0.4377	0.4967	0.407	0.2906	0.4567	0.6753	0.5455	0.0851	-0.376301
0.4652	0.475	0.4991	0.4104	0.4183	0.4888	0.7013	0.4805	0.086	-0.469597
0.4669	0.4872	0.4969	0.4161	0.4619	0.4554	0.7143	0.5286	0.0789	-0.622558
0.4821	0.4899	0.4963	0.4478	0.4582	0.4865	0.5517	0.3333	0.3793	-1.52785
0.4827	0.4958	0.4991	0.4444	0.4827	0.4867	0.4805	0.3247	0.0714	-1.39982
0.4741	0.485	0.4987	0.4246	0.394	0.4863	0.5672	0.1842	0.1026	-0.843436
0.4688	0.4937	0.4955	0.4139	0.4299	0.4442	0.623	0.1067	0.0933	-0.55022
0.4806	0.4957	0.498	0.4458	0.4603	0.4754	0.5915	0.1279	0.093	-1.45475
0.481	0.4918	0.4968	0.4318	0.465	0.4401	0.4158	0.3168	0.0603	-1.05297
0.4672	0.4981	0.4985	0.4122	0.4739	0.4829	0.6562	0.0783	0.0957	-0.523779
0.44	0.4899	0.4988	0.3884	0.4808	0.4851	1.322	1.1186	0.092	0.119563
0.4768	0.4981	0.4986	0.4434	0.4879	0.4818	0.7385	0.1944	0.0833	-1.39846
0.4643	0.4975	0.4987	0.3839	0.4731	0.4814	0.5056	0.1068	0.0777	0.230848
0.4859	0.4919	0.4975	0.4496	0.4452	0.4845	0.4105	0.1837	0.1939	-1.55752
0.4624	0.4771	0.4979	0.3958	0.432	0.4804	0.6333	0.5444	0.1193	-0.0753648
0.4684	0.4944	0.4929	0.4021	0.4601	0.4739	0.5312	0.1698	0.3854	-0.242951
0.4709	0.4645	0.4989	0.4151	0.3541	0.4867	0.5732	0.378	0.0947	-0.593656
0.4874	0.4933	0.4992	0.4649	0.4789	0.4657	0.5797	0.4783	0.0253	-2.01759
0.4922	0.4993	0.4993	0.473	0.486	0.4883	0.4186	0.0526	0.0632	-2.24506
0.4733	0.4814	0.4982	0.4235	0.4384	0.4733	0.5824	0.4615	0.0727	-0.831468
0.4703	0.479	0.4904	0.4202	0.4402	0.4689	0.6441	0.5763	0.4576	-0.720549
0.4765	0.4897	0.4946	0.4426	0.4716	0.4624	0.7353	0.5882	0.1728	-1.37971
0.4784	0.4973	0.497	0.4216	0.4428	0.4713	0.4143	0.0533	0.12	-0.741317
0.4695	0.498	0.4976	0.4249	0.4794	0.4796	0.7424	0.1125	0.1375	-0.866424
0.4644	0.4948	0.4963	0.4128	0.4357	0.4547	0.7571	0.0941	0.0941	-0.533022
0.4788	0.4971	0.4977	0.4056	0.4659	0.4759	0.3205	0.0976	0.1098	-0.3144
0.4704	0.4976	0.4956	0.4074	0.4764	0.4676	0.52	0.1163	0.1628	-0.376746
0.4667	0.485	0.4988	0.4058	0.4556	0.4823	0.6071	0.5357	0.0714	-0.332482
0.4682	0.4693	0.499	0.4246	0.4041	0.4851	0.791	0.5224	0.075	-0.864706
0.4682	0.4786	0.4985	0.4135	0.4399	0.4803	0.6386	0.5904	0.0825	-0.553858
0.4668	0.4952	0.4951	0.3997	0.4658	0.4592	0.5507	0.1688	0.1429	-0.173595
0.4806	0.4754	0.4994	0.4416	0.4059	0.488	0.527	0.3919	0.0575	-1.32454
0.482	0.4738	0.4962	0.4477	0.4156	0.4649	0.5542	0.494	0.1277	-1.52202
0.4792	0.4965	0.4986	0.4125	0.4829	0.4816	0.3418	0.2658	0.0814	-0.496715
0.4548	0.4802	0.4956	0.3834	0.4336	0.463	0.7206	0.4559	0.141	0.246133
0.4863	0.4963	0.4984	0.4716	0.474	0.4831	0.9608	0.1692	0.1077	-2.25831
0.4778	0.4972	0.4974	0.4201	0.4614	0.4684	0.4184	0.0818	0.0909	-0.724804
0.4644	0.4791	0.4965	0.4156	0.4385	0.4693	0.8	0.55	0.1316	-0.607506
0.479	0.4833	0.4954	0.4421	0.4463	0.4528	0.6071	0.4762	0.1134	-1.36785
0.4702	0.4965	0.4986	0.4104	0.4885	0.4776	0.55	0.44	0.0696	-0.46847
0.4919	0.4803	0.4951	0.4738	0.4157	0.4742	0.4568	0.3333	0.241	-2.2743
0.4847	0.4983	0.498	0.4524	0.4847	0.468	0.5	0.1262	0.068	-1.66383
0.4742	0.4647	0.4978	0.4365	0.4	0.4847	0.7344	0.6094	0.1711	-1.19605
0.4882	0.4815	0.4977	0.4595	0.432	0.4765	0.4268	0.4024	0.1087	-1.83257
0.4724	0.4831	0.4947	0.4421	0.4495	0.4755	0.9706	0.5294	0.2821	-1.3865
0.478	0.4961	0.4941	0.43	0.459	0.4094	0.494	0.1099	0.0769	-0.999729
0.4809	0.4898	0.4983	0.43	0.4514	0.4867	0.4051	0.2785	0.1463	-0.978156
0.4716	0.4633	0.4987	0.4143	0.3645	0.4785	0.5432	0.4321	0.0652	-0.568612
0.4926	0.4904	0.4983	0.4563	0.4539	0.4795	0.2151	0.2766	0.0918	-1.6311
0.4745	0.4951	0.4978	0.4218	0.4858	0.4632	0.5256	0.5385	0.0659	-0.770651
0.475	0.4934	0.4983	0.4249	0.4782	0.4827	0.5397	0.4444	0.1096	-0.843599
0.4722	0.4572	0.4926	0.4396	0.4012	0.4505	0.9074	0.8519	0.1846	-1.28846
0.4819	0.498	0.4998	0.4418	0.4533	0.49	0.4783	0.0481	0.0192	-1.34224
0.4597	0.4958	0.4844	0.3914	0.4878	0.4092	0.6667	0.5238	0.2292	0.0399596
0.4733	0.4944	0.4969	0.4204	0.4251	0.4561	0.5495	0.0882	0.0784	-0.743665
0.4843	0.4985	0.4987	0.4385	0.4803	0.4867	0.3649	0.0864	0.1111	-1.19159
0.4778	0.4832	0.4979	0.4455	0.4498	0.4738	0.7273	0.5303	0.0886	-1.46115
0.4734	0.4639	0.4977	0.4207	0.3715	0.4545	0.5495	0.4505	0.0551	-0.760454
0.4841	0.4605	0.4983	0.4633	0.3983	0.4855	0.7971	0.7101	0.1375	-2.01534
0.4775	0.4895	0.4945	0.4424	0.4714	0.4508	0.6812	0.6	0.1325	-1.36763
0.4748	0.4971	0.498	0.4304	0.4659	0.457	0.6105	0.0957	0.0522	-1.03488
0.4832	0.4931	0.4989	0.4407	0.4641	0.4856	0.4227	0.2449	0.0857	-1.30533
0.4728	0.4928	0.4991	0.4158	0.4766	0.4754	0.5227	0.4545	0.0396	-0.612362
0.4619	0.4535	0.499	0.4038	0.3769	0.4872	0.7273	0.697	0.0854	-0.286249
0.4929	0.4975	0.4987	0.4781	0.4831	0.4774	0.494	0.1771	0.0625	-2.43019
0.4808	0.4752	0.4963	0.4473	0.4121	0.4887	0.6081	0.4324	0.5	-1.5083
0.4589	0.4827	0.4939	0.399	0.4513	0.4837	0.7681	0.5797	0.6087	-0.159602
0.4847	0.4986	0.4976	0.454	0.4861	0.4729	0.525	0.1111	0.1	-1.69662
0.4782	0.4948	0.4971	0.4438	0.482	0.4893	0.6712	0.411	0.3836	-1.41166
0.4782	0.4989	0.4971	0.4209	0.4856	0.4564	0.4124	0.0849	0.0755	-0.742648
0.4761	0.467	0.4961	0.4423	0.4208	0.4592	0.75	0.7797	0.1111	-1.36119
0.474	0.4794	0.4941	0.4297	0.4387	0.42	0.6316	0.5395	0.087	-1.0014
0.4706	0.4974	0.4978	0.4079	0.4793	0.4623	0.5181	0.1489	0.0638	-0.395345
0.4827	0.471	0.4939	0.4573	0.4102	0.4803	0.7105	0.5263	0.4605	-1.82727
0.4731	0.4855	0.4969	0.421	0.457	0.4692	0.5606	0.5303	0.1169	-0.741636
0.4829	0.4919	0.4955	0.453	0.4692	0.4832	0.6	0.3684	0.3684	-1.70432
0.4662	0.4891	0.4977	0.3947	0.4679	0.4659	0.5294	0.5287	0.0762	-0.0456458
0.4839	0.4854	0.4993	0.4483	0.435	0.4883	0.4762	0.3095	0.0652	-1.52163
0.485	0.4849	0.4989	0.4615	0.4533	0.4802	0.6618	0.5	0.0625	-1.93221
0.4766	0.4733	0.499	0.4083	0.3939	0.4834	0.378	0.378	0.0667	-0.393177
0.4715	0.4832	0.4987	0.4094	0.4395	0.4828	0.506	0.4096	0.086	-0.433927
0.4815	0.4821	0.4977	0.438	0.4224	0.481	0.4545	0.3247	0.1375	-1.20872
0.4825	0.4861	0.4956	0.4378	0.4375	0.4546	0.4189	0.3067	0.1111	-1.19054
0.484	0.4939	0.4942	0.4349	0.4645	0.4342	0.3483	0.2135	0.1031	-1.10815
0.458	0.4979	0.4963	0.4136	0.4748	0.4557	1.037	0.0946	0.0946	-0.55706
0.4849	0.4965	0.4957	0.4598	0.4525	0.4491	0.6286	0.0843	0.0964	-1.87817
0.4799	0.4936	0.4922	0.4618	0.4451	0.4488	1.1525	0.1392	0.1899	-1.99326
0.4831	0.4966	0.4966	0.4492	0.4423	0.461	0.5256	0.0667	0.1	-1.55221
0.4751	0.4969	0.4966	0.4325	0.4739	0.4629	0.6282	0.1368	0.1053	-1.08486
0.4862	0.468	0.4964	0.4588	0.387	0.4618	0.5263	0.4479	0.1091	-1.86447
0.4785	0.4617	0.4968	0.4435	0.3691	0.4759	0.6522	0.4783	0.1548	-1.39542
0.4849	0.4962	0.4994	0.4647	0.4639	0.488	0.7808	0.1236	0.0562	-2.06424
0.4601	0.4735	0.4984	0.3944	0.4296	0.4769	0.6812	0.6522	0.0759	-0.0387148
0.4715	0.4902	0.4893	0.4276	0.473	0.4694	0.7	0.5857	0.5571	-0.944045
0.4791	0.4985	0.4944	0.44	0.487	0.4575	0.5692	0.1333	0.16	-1.27241
0.4797	0.499	0.4995	0.4457	0.4863	0.49	0.6316	0.0825	0.0515	-1.46605
0.4723	0.4587	0.4977	0.4291	0.3902	0.4397	0.6923	0.6795	0.0426	-0.993602
0.4944	0.4969	0.4967	0.4798	0.4526	0.4345	0.3936	0.0748	0.0561	-2.4612
0.4664	0.4482	0.499	0.4182	0.3053	0.4863	0.7625	0.4568	0.0833	-0.69045
0.4362	0.4594	0.4743	0.3418	0.3991	0.3964	0.8125	0.7538	0.3699	1.25103
0.4735	0.4863	0.4965	0.4225	0.4531	0.4619	0.5652	0.4348	0.1039	-0.787508
0.4616	0.4851	0.4945	0.3718	0.4494	0.4607	0.4932	0.4384	0.1687	0.522605
0.4876	0.4891	0.4985	0.4481	0.4499	0.4814	0.3293	0.2927	0.092	-1.45852
0.4859	0.4855	0.495	0.434	0.4323	0.4674	0.2921	0.2921	0.1889	-1.06449
0.482	0.4972	0.4993	0.4421	0.47	0.485	0.481	0.1059	0.0471	-1.33661
0.4716	0.4952	0.4941	0.4294	0.4537	0.4423	0.726	0.1209	0.1209	-1.00093
0.4761	0.4801	0.4945	0.4317	0.431	0.4501	0.5775	0.4366	0.1294	-1.04813
0.4805	0.4969	0.4984	0.4373	0.465	0.4838	0.4831	0.101	0.1111	-1.2098
0.4755	0.4759	0.4978	0.423	0.404	0.4723	0.5056	0.3708	0.0891	-0.810254
0.4874	0.4959	0.4915	0.4559	0.4872	0.4645	0.4189	0.473	0.3243	-1.70797
0.4629	0.4954	0.4938	0.4103	0.4576	0.4836	0.7794	0.1266	0.6176	-0.466358
0.4523	0.498	0.4965	0.3883	0.4758	0.4674	0.8462	0.0928	0.1237	0.121547
0.4853	0.4903	0.4963	0.4567	0.4635	0.4643	0.5362	0.3768	0.1216	-1.75791
0.4791	0.4937	0.4949	0.4401	0.4727	0.4643	0.5692	0.3077	0.1714	-1.27548
0.4825	0.4976	0.4987	0.4249	0.4701	0.4823	0.33	0.0917	0.0826	-0.841373
0.4696	0.4972	0.483	0.4147	0.4836	0.4034	0.6081	0.2125	0.2375	-0.580307
0.4886	0.4969	0.4959	0.4594	0.4829	0.4744	0.4054	0.2297	0.1948	-1.80181
0.4709	0.4692	0.4976	0.428	0.4245	0.4782	0.7324	0.7465	0.1277	-0.95963
0.4866	0.4992	0.4984	0.4598	0.49	0.4828	0.5231	0.0933	0.1067	-1.83579
0.4797	0.4936	0.4994	0.4493	0.4804	0.49	0.7015	0.4928	0.0649	-1.5704
0.4676	0.4954	0.4989	0.4267	0.4891	0.4867	0.8571	0.7273	0.0947	-0.935094
0.4944	0.4959	0.4989	0.4668	0.4641	0.4743	0.2095	0.1333	0.0472	-1.94728
0.4827	0.4981	0.4957	0.4249	0.476	0.4435	0.3243	0.0864	0.0864	-0.81098
0.4752	0.4987	0.4976	0.4167	0.4856	0.4707	0.4634	0.1023	0.0909	-0.627377
0.4766	0.4968	0.4974	0.4333	0.4719	0.4671	0.5811	0.1333	0.0889	-1.09788
0.4684	0.4977	0.4955	0.4333	0.4709	0.4638	0.9701	0.0864	0.1481	-1.1269
0.4635	0.4793	0.4964	0.4008	0.4445	0.4759	0.65	0.6333	0.1831	-0.202891
0.4886	0.483	0.4949	0.4631	0.4345	0.4621	0.4638	0.3768	0.16	-1.92282
0.4761	0.4677	0.4971	0.436	0.4	0.4631	0.6364	0.5325	0.0899	-1.18598
0.4787	0.4884	0.4862	0.4436	0.4635	0.4488	0.6437	0.4828	0.3908	-1.41971
0.4742	0.4525	0.4973	0.4247	0.3434	0.4785	0.5634	0.5211	0.1463	-0.848376
0.485	0.499	0.4993	0.4402	0.4843	0.4841	0.3556	0.07	0.05	-1.26011
0.4928	0.4981	0.4977	0.4687	0.4844	0.4896	0.3093	0.1386	0.2887	-2.07885
0.478	0.4682	0.4973	0.4492	0.411	0.4751	0.8056	0.6111	0.1263	-1.58975
0.4796	0.4984	0.4985	0.4344	0.4822	0.4856	0.4819	0.1031	0.1134	-1.12054
0.4653	0.4977	0.4981	0.3888	0.4611	0.4687	0.5128	0.0659	0.0659	0.106438
0.4902	0.4962	0.4995	0.4547	0.4248	0.49	0.29	0.0571	0.0571	-1.65982
0.4909	0.498	0.4967	0.466	0.4839	0.4518	0.3763	0.1458	0.0784	-2.02796
0.4653	0.4755	0.4987	0.4016	0.426	0.4814	0.6071	0.5357	0.0792	-0.229378
0.4906	0.4986	0.4965	0.4779	0.4889	0.4632	0.7593	0.1406	0.1094	-2.42268
0.4767	0.4596	0.4968	0.4409	0.3571	0.4756	0.6912	0.4638	0.1519	-1.32306
0.4857	0.4807	0.4977	0.4486	0.4104	0.4729	0.407	0.3023	0.0968	-1.51423
0.4814	0.4988	0.4988	0.4412	0.4863	0.4878	0.4935	0.0952	0.1071	-1.31023
0.4762	0.4968	0.4995	0.4187	0.4883	0.49	0.4505	0.3736	0.0476	-0.686305
0.463	0.4851	0.4953	0.4085	0.4581	0.4672	0.75	0.5781	0.1733	-0.414047
0.4872	0.4989	0.4962	0.4569	0.4829	0.4473	0.4409	0.0722	0.0825	-1.7793
