x
0.3525
0.3676
0.3478
0.348
0.3368
0.3568
0.3415
0.3599
0.3542
0.33
0.3291
0.3401
0.3438
0.351
0.3329
0.3482
0.3368
0.3631
0.3665
0.3652
0.3586
0.344
0.3663
0.3688
0.333
0.3254
0.3594
0.365
0.3677
0.3461
0.3288
0.3566
0.3411
0.3367
0.35
0.3335
0.3503
0.3418
0.3161
0.3503
0.3616
0.3782
0.3448
0.3651
0.3506
0.3502
0.3636
0.3529
0.3552
0.3729
0.3385
0.324
0.3537
0.3388
0.3418
0.3412
0.3541
0.3791
0.3693
0.3466
0.3462
0.3324
0.321
0.3543
0.3602
0.337
0.3544
0.3544
0.3394
0.329
0.341
0.3523
0.3503
0.3476
0.3295
0.3625
0.373
0.3638
0.3496
0.3372
0.353
0.3355
0.3516
0.3714
0.3751
0.3568
0.3424
0.346
0.349
0.3494
0.345
0.3675
0.3617
0.3387
0.3599
0.3616
0.3695
0.36
0.3572
0.3531
0.3257
0.3667
0.3507
0.3714
0.3707
0.3397
0.3533
0.3615
0.3375
0.369
0.3388
0.3124
0.359
0.341
0.3457
0.3267
0.3681
0.3505
0.3418
0.3406
0.3409
0.3657
0.3571
0.3444
0.3322
0.3406
0.3426
0.3208
0.3412
0.366
0.3394
0.3442
0.3312
0.366
0.3342
0.3516
0.3309
0.3438
0.3432
0.3687
0.3581
0.365
0.3647
0.3586
0.3566
0.3575
0.3474
0.3648
0.3695
0.3207
0.3395
0.3504
0.3498
0.3536
0.3387
0.3443
0.3235
0.3367
0.3204
0.3514
0.3514
0.3542
0.3239
0.3605
0.3578
0.3584
0.3418
0.3429
0.3629
0.3429
0.3521
0.339
0.3406
0.3263
0.3373
0.3581
0.2997
0.3672
0.3518
0.3672
0.3547
0.3656
0.334
0.3373
0.3714
0.3588
0.3522
0.3664
0.3303
0.3405
0.3567
0.3608
0.3277
0.3487
0.3414
0.336
0.3564
0.3549
0.3506
0.3577
0.3615
0.3289
0.3494
0.3441
0.3451
0.3502
0.3566
0.3458
0.3489
0.3495
0.3442
0.364
0.3812
0.3497
0.3544
0.3473
0.3517
0.3547
0.3393
0.3622
0.3312
0.3503
0.3525
0.3627
0.3532
0.345
0.3345
0.3217
0.3429
0.3506
0.3695
0.3323
0.3484
0.3684
0.3504
0.3384
0.3719
0.3565
0.3467
0.3564
0.3574
0.3348
0.3323
0.3323
0.3336
0.3583
0.3552
0.3543
0.37
0.3323
0.3512
0.3549
0.3489
0.3456
0.3385
0.3504
0.3545
0.3381
0.365
0.351
0.3493
0.3491
0.3314
0.3501
0.3561
0.3523
0.3331
0.3456
0.3578
0.3459
0.3418
0.3327
0.3675
0.3672
0.3469
0.359
0.3218
0.3392
0.3517
0.349
0.3457
0.3403
0.339
0.3554
0.3568
0.3452
0.3488
0.358
0.3827
0.3576
0.3606
0.3437
0.3532
0.3438
0.3454
0.3421
0.3524
0.3514
0.3619
0.3585
0.354
0.3576
0.3393
0.3373
0.3396
0.35
0.3547
0.3317
0.3338
0.3349
0.3439
0.3314
0.3455
0.343
0.3762
0.3603
0.3587
0.3426
0.354
0.3526
0.358
0.3414
0.3456
0.3487
0.3276
0.3394
0.3493
0.3521
0.3597
0.3323
0.3515
0.3698
0.3547
0.3548
0.3626
0.37
0.3735
0.346
0.3768
0.3443
0.3558
0.369
0.3568
0.3563
0.3595
0.3631
0.3371
0.3619
0.3536
0.3279
0.3371
0.3454
0.331
0.3596
0.3724
0.3476
0.3645
0.3483
0.3466
0.3586
0.3585
0.352
0.3051
0.3389
0.3554
0.3413
0.3351
0.3638
0.346
0.3705
0.3568
0.3448
0.344
0.3509
0.3431
0.3547
0.3544
0.3491
0.3689
0.3744
0.335
0.3565
0.3312
0.3437
0.3573
0.3441
0.3192
0.3547
0.3496
0.358
0.3571
0.351
0.3406
0.3516
0.3563
0.3406
0.3501
0.3387
0.356
0.349
0.314
0.3411
0.3259
0.3452
0.3482
0.3308
0.3537
0.3342
0.3619
0.318
0.3407
0.3395
0.3493
0.3553
0.3382
0.3465
0.3449
0.3376
0.3429
0.3212
0.3534
0.3247
0.3799
0.3317
0.3741
0.3699
0.3722
0.3621
0.3576
0.3137
0.3298
0.3683
0.3431
0.3686
0.3428
0.3319
0.3429
0.3512
0.3461
0.3364
0.3468
0.3041
0.3679
0.3361
0.3366
0.3475
0.3893
0.3695
0.3381
0.3432
0.3554
0.3385
0.3337
0.3547
0.3356
0.3354
0.3486
0.3471
0.3381
0.337
0.3417
0.3543
0.3627
0.3425
0.3751
0.3773
0.3349
0.3578
0.3491
0.3229
0.369
0.3361
0.3322
0.3317
0.3327
0.3532
0.337
0.326
0.3499
0.3424
0.3197
0.3541
0.3557
0.3676
0.3553
0.3419
0.3338
0.3544
0.341
0.352
0.3346
0.3504
0.3311
0.3239
0.3511
0.321
0.3629
0.3266
0.3575
0.3549
0.3399
0.3444
0.353
0.3519
0.3523
0.3619
0.3512
0.3661
0.3359
0.3292
0.37
0.3455
0.3263
0.3618
0.356
0.35
0.3497
0.3435
0.3319
0.3577
0.3611
0.3719
0.3551
0.3518
0.3376
0.3459
0.3658
0.3475
0.3581
0.3538
0.3601
0.3469
0.3605
0.3398
0.3407
0.367
0.3481
0.3475
0.3557
0.352
0.3086
0.352
0.3463
0.3415
0.338
0.3502
0.3408
0.3488
0.3533
0.3613
0.3394
0.3302
0.3605
0.3585
0.3224
0.3768
0.3318
0.3441
0.3698
0.3723
0.3781
0.3393
0.3659
0.3547
0.3556
0.3479
0.3586
0.3769
0.3648
0.3553
0.3333
0.3533
0.3291
0.3393
0.3484
0.3451
0.3261
0.3345
0.3484
0.3444
0.3208
0.3702
0.3557
0.348
0.3496
0.3476
0.3303
0.3574
0.3781
0.3386
0.353
0.3655
0.3751
0.3593
0.3493
0.3296
0.3362
0.3532
0.3457
0.3527
0.3588
0.3348
0.3627
0.3486
0.3385
0.3572
0.3274
0.3457
0.3506
0.3377
0.3646
0.3562
0.3453
0.38
0.3422
0.3512
0.3377
0.355
0.3488
0.343
0.3676
0.3212
0.3533
0.3416
0.3634
0.3418
0.3292
0.3614
0.37
0.3491
0.3402
0.361
0.353
0.3422
0.3543
0.3449
0.3603
0.3671
0.3568
0.3314
0.3181
0.3663
0.341
0.351
0.365
0.3495
0.3807
0.3525
0.3244
0.3464
0.3625
0.3574
0.3311
0.3657
0.353
0.3247
0.3595
0.3472
0.3379
0.3455
0.3358
0.3326
0.3415
0.3269
0.3329
0.3523
0.3537
0.3788
0.35
0.3675
0.3395
0.3407
0.2967
0.3522
0.3657
0.3647
0.2966
0.3543
0.3665
0.3322
0.3517
0.3603
0.3636
0.3335
0.3283
0.3433
0.3493
0.358
0.3464
0.3254
0.3453
0.3653
0.316
0.3573
0.3589
0.3301
0.3601
0.3237
0.3572
0.3527
0.353
0.3615
0.3508
0.3423
0.3492
0.3525
0.3574
0.3512
0.3625
0.3613
0.346
0.3554
0.3797
0.3525
0.3549
0.3488
0.3559
0.3456
0.3522
0.3677
0.3178
0.3377
0.3646
0.3401
0.3547
0.3558
0.3307
0.3584
0.354
0.3359
0.3327
0.37
0.3355
0.3536
0.3278
0.3406
0.3563
0.3409
0.3414
0.3501
0.3368
0.3429
0.3511
0.3342
0.3395
0.3727
0.3511
0.3513
0.3756
0.3173
0.3514
0.3777
0.3501
0.3501
0.3576
0.3582
0.3349
0.3526
0.3554
0.3486
0.3453
0.3641
0.3536
0.3201
0.3433
0.3713
0.337
0.3638
0.3781
0.3673
0.354
0.3571
0.3649
0.3661
0.3465
0.3362
0.3567
0.3716
0.3203
0.3363
0.3854
0.3509
0.3518
0.3637
0.354
0.3393
0.3532
0.3273
0.3437
0.368
0.3457
0.3639
0.3314
0.3452
0.3377
0.3188
0.3633
0.345
0.3453
0.3684
0.3734
0.3558
0.3225
0.3513
0.3305
0.3248
0.3447
0.3723
0.3448
0.3294
0.3561
0.3563
0.2953
0.3408
0.3386
0.3507
0.356
0.3635
0.3501
0.3336
0.3211
0.3486
0.3462
0.348
0.3429
0.3402
0.3466
0.3409
0.3454
0.3002
0.3649
0.3585
0.3708
0.3648
0.3567
0.3454
0.3452
0.3588
0.3415
0.3183
0.3438
0.3407
0.354
0.322
0.3478
0.3343
0.3555
0.3446
0.3344
0.3675
0.3575
0.3517
0.353
0.357
0.3551
0.3492
0.3501
0.3337
0.3558
0.3519
0.3371
0.3594
0.3505
0.3664
0.3362
0.3455
0.3464
0.3382
0.3369
0.3469
0.3432
0.3388
0.3592
0.3725
0.343
0.361
0.3421
0.3382
0.3457
0.3695
0.3528
0.3693
0.361
0.356
0.36
0.3445
0.3468
0.3625
0.3467
0.3303
0.3523
0.3637
0.3387
0.3279
0.3559
0.3551
0.36
0.3358
0.3429
0.3291
0.3414
0.3299
0.3577
0.3624
0.3311
0.3554
0.3413
0.3786
0.3642
0.3506
0.3355
0.3145
0.3543
0.3458
0.3616
0.351
0.3276
0.3499
0.3576
0.3543
0.3434
0.3546
0.3683
0.3316
0.3591
0.3346
0.3372
0.3598
0.3279
0.3558
0.359
0.3455
0.3509
0.3543
0.3362
0.3296
0.3449
0.3109
0.3411
0.3111
0.3689
0.3598
0.3468
0.3403
0.3389
0.3444
0.348
0.3725
0.3614
0.3222
0.3486
0.3726
0.3486
0.3078
0.3804
0.3305
0.3404
0.3515
0.3775
0.3502
0.353
0.3815
0.3571
0.3376
0.3364
0.3473
0.3372
0.3667
0.3149
0.3611
0.3716
0.3465
0.3778
0.3408
0.3361
0.3493
0.3474
0.3424
0.3589
0.326
0.3545
0.3486
0.3467
0.3596
0.3643
0.3611
0.3633
0.3493
0.3252
0.3494
0.3818
0.3641
0.3273
0.3499
0.3453
0.3704
0.3499
0.3556
0.3428
0.359
0.3495
0.3598
0.3503
0.3562
0.3373
0.3606
0.3393
0.3595
0.3527
0.3317
0.3266
0.3364
0.3377
0.3514
0.331
0.3494
0.3353
0.3615
0.367
0.3739
0.3627
0.3477
0.3572
0.3644
0.332
0.3021
0.3648
0.3717
0.3631
0.3447
0.3269
0.3555
0.3456
0.3357
0.3506
0.3289
0.3594
0.3558
0.3189
0.356
0.3663
0.3707
0.3399
0.3677
0.3492
0.3509
0.3619
0.364
0.3542
0.3685
0.3391
0.3305
0.3563
0.3477
0.3428
0.337
0.3615
0.3762
0.3683
0.3404
0.339
0.327
0.3187
0.3467
0.365
0.3402
0.3559
0.3608
0.347
0.3337
0.3439
0.3542
0.3601
0.3508
0.336
0.3659
0.3742
0.3556
0.3526
0.3415
0.3584
0.3385
0.35
0.3709
0.3778
0.3617
0.3503
0.3432
0.3424
0.344
0.3336
0.3728
0.3718
0.34
0.3601
0.3678
0.3694
0.3683
0.3596
0.351
0.3248
0.3694
0.347
0.3737
0.3824
0.3386
0.3639
0.3633
0.3385
0.3606
0.3521
0.3118
0.3613
0.3413
0.3464
0.3236
0.365
0.3526
0.3487
0.356
0.3405
0.3593
0.3581
0.348
0.3338
0.3517
0.343
0.3272
0.3453
0.3649
0.3367
0.3446
0.3369
0.3695
0.3312
0.35
0.3353
0.3478
0.3414
0.3598
0.3609
0.369
0.3665
0.3611
0.3614
0.3549
0.3431
0.3744
0.3704
0.3232
0.3322
0.3485
0.3453
0.3512
0.3433
0.3458
0.3288
0.3375
0.3205
0.3629
0.3468
0.3468
0.3205
0.3704
0.3542
0.3562
0.3387
0.3421
0.3633
0.346
0.3478
0.3335
0.3496
0.3273
0.3329
0.3575
0.3001
0.3688
0.3506
0.3596
0.3581
0.3628
0.343
0.3413
0.3759
0.364
0.3583
0.374
0.3278
0.3429
0.3531
0.3708
0.3327
0.3475
0.3383
0.3216
0.3548
0.3636
0.3503
0.3604
0.3649
0.3283
0.3517
0.349
0.3428
0.3535
0.355
0.3428
0.3422
0.3534
0.338
0.3716
0.3844
0.3525
0.357
0.3495
0.3518
0.3529
0.3338
0.3623
0.3304
0.3532
0.3552
0.3638
0.3483
0.3473
0.3315
0.3223
0.3557
0.3482
0.3661
0.3476
0.3466
0.3714
0.356
0.3424
0.37
0.3538
0.3522
0.3575
0.3616
0.3434
0.3318
0.3315
0.3501
0.3684
0.3598
0.3635
0.3692
0.3338
0.355
0.3575
0.3414
0.3472
0.3551
0.3521
0.3529
0.3424
0.3671
0.3528
0.3527
0.3508
0.3248
0.3495
0.357
0.362
0.3293
0.3457
0.3693
0.3482
0.3397
0.3351
0.3552
0.3648
0.3536
0.3677
0.3204
0.3368
0.3535
0.3627
0.3421
0.3407
0.3378
0.3493
0.3591
0.3508
0.3635
0.3561
0.3804
0.3607
0.3575
0.3453
0.348
0.342
0.3515
0.3389
0.3533
0.3516
0.3653
0.3569
0.3583
0.3649
0.3364
0.3432
0.3499
0.3539
0.3459
0.3269
0.3243
0.3366
0.3443
0.3395
0.3402
0.3449
0.3722
0.3635
0.3582
0.3334
0.3637
0.3553
0.3628
0.3472
0.3504
0.365
0.3386
0.3423
0.3474
0.3508
0.3655
0.3488
0.3653
0.3695
0.3501
0.3579
0.3616
0.3685
0.3707
0.3457
0.3767
0.3527
0.3581
0.367
0.3514
0.3568
0.362
0.364
0.3474
0.3664
0.3401
0.3289
0.3349
0.3492
0.3348
0.3676
0.3735
0.349
0.3582
0.3454
0.3517
0.3529
0.361
0.3601
0.3082
0.3435
0.3571
0.3438
0.333
0.3672
0.3431
0.374
0.3554
0.3456
0.3497
0.3609
0.3445
0.3568
0.3532
0.3518
0.3602
0.3755
0.3331
0.3577
0.34
0.3448
0.3577
0.344
0.3287
0.3454
0.3404
0.3682
0.3666
0.3512
0.3383
0.3505
0.3558
0.3453
0.3514
0.3397
0.3623
0.3442
0.3065
0.3419
0.3221
0.3483
0.346
0.3476
0.3544
0.3319
0.3636
0.3181
0.3489
0.3387
0.3513
0.3644
0.3305
0.3403
0.3465
0.3353
0.3399
0.3244
0.3445
0.3374
0.3796
0.3338
0.3793
0.3643
0.3736
0.3644
0.351
0.3137
0.3323
0.3716
0.3461
0.373
0.3421
0.3314
0.3444
0.353
0.3432
0.3396
0.3488
0.3059
0.3717
0.3349
0.3323
0.3396
0.3844
0.3731
0.3344
0.3592
0.3553
0.3417
0.3423
0.3551
0.3304
0.3424
0.3453
0.3486
0.3452
0.3421
0.348
0.3596
0.3609
0.3407
0.3742
0.3778
0.3294
0.3539
0.3479
0.322
0.3733
0.3367
0.3337
0.3313
0.3296
0.3488
0.3344
0.3283
0.3503
0.3396
0.3237
0.3552
0.3622
0.3666
0.3475
0.3449
0.3399
0.354
0.346
0.3531
0.3295
0.3384
0.331
0.3218
0.3572
0.3152
0.3667
0.3217
0.354
0.3586
0.3399
0.3436
0.3554
0.359
0.3491
0.3627
0.3579
0.3673
0.3437
0.3288
0.3707
0.3437
0.3295
0.3671
0.3708
0.3597
0.3484
0.3421
0.3311
0.3555
0.3656
0.3647
0.3541
0.3548
0.3435
0.3469
0.3746
0.35
0.3492
0.3549
0.3555
0.3439
0.36
0.3415
0.3423
0.3711
0.3441
0.3588
0.3598
0.3524
0.3008
0.3501
0.3512
0.3412
0.333
0.3442
0.3418
0.3482
0.3523
0.3607
0.3485
0.3262
0.3586
0.3603
0.3279
0.3748
0.3274
0.3477
0.3594
0.377
0.3762
0.341
0.3712
0.3439
0.3526
0.3531
0.3469
0.3858
0.3608
0.356
0.3354
0.3582
0.3266
0.3516
0.3524
0.3364
0.3248
0.3365
0.349
0.3488
0.3413
0.3713
0.3497
0.3472
0.3441
0.3489
0.3309
0.3534
0.3728
0.3367
0.3496
0.3692
0.3767
0.3619
0.3563
0.3258
0.3489
0.351
0.3353
0.355
0.3638
0.3527
0.3628
0.3549
0.3342
0.3609
0.3306
0.3484
0.3514
0.3389
0.3698
0.3577
0.3527
0.3832
0.3444
0.3521
0.329
0.3573
0.3554
0.3328
0.3647
0.3142
0.3516
0.3346
0.3665
0.3476
0.3309
0.3529
0.3664
0.3492
0.3501
0.3708
0.3515
0.3488
0.3509
0.3453
0.3577
0.3647
0.3639
0.3331
0.3222
0.3669
0.3468
0.3535
0.3636
0.3485
0.38
0.3561
0.3249
0.3473
0.3725
0.3583
0.3367
0.3602
0.3183
0.3363
0.3584
0.3505
0.3395
0.3455
0.3392
0.3366
0.3553
0.328
0.3304
0.3509
0.3581
0.3794
0.3523
0.3655
0.3397
0.3404
0.3008
0.3528
0.3669
0.368
0.3017
0.3628
0.3548
0.33
0.3491
0.3627
0.3625
0.3297
0.3294
0.3478
0.3501
0.3491
0.3514
0.3153
0.3474
0.3714
0.3047
0.3547
0.3619
0.327
0.357
0.3176
0.3568
0.3575
0.3514
0.3624
0.3467
0.3434
0.3478
0.362
0.3631
0.3522
0.369
0.3653
0.3457
0.3628
0.3829
0.3587
0.34
0.3475
0.3572
0.36
0.3542
0.3664
0.3151
0.339
0.369
0.3446
0.3588
0.3648
0.3276
0.3718
0.3525
0.3143
0.3302
0.3717
0.3357
0.3567
0.3232
0.3433
0.3489
0.3443
0.3452
0.3549
0.3327
0.3507
0.3461
0.3336
0.3343
0.3722
0.3504
0.3517
0.38
0.3166
0.3467
0.3735
0.3515
0.3657
0.3535
0.3584
0.3325
0.354
0.3536
0.3456
0.3466
0.3647
0.3638
0.3196
0.3476
0.3711
0.3342
0.3672
0.3767
0.3676
0.3505
0.357
0.3652
0.3629
0.3545
0.3429
0.353
0.3785
0.3169
0.3335
0.3905
0.3559
0.3465
0.3638
0.3642
0.3439
0.3523
0.3263
0.338
0.3626
0.3456
0.3737
0.3304
0.3457
0.3423
0.3222
0.3585
0.3437
0.3534
0.3728
0.3741
0.3605
0.3191
0.3462
0.329
0.3284
0.3421
0.3792
0.3464
0.3284
0.3558
0.3617
0.2941
0.3392
0.3625
0.3459
0.3698
0.3623
0.3502
0.3472
0.3302
0.3496
0.3504
0.3461
0.3485
0.338
0.3506
0.3423
0.3449
0.2975
0.3645
0.3598
0.3726
0.367
0.3589
0.348
0.3426
0.3617
0.3434
0.3366
0.341
0.3424
0.3579
0.3262
0.3374
0.3356
0.354
0.3347
0.3352
0.3648
0.3615
0.3616
0.3506
0.36
0.3529
0.3481
0.359
0.3325
0.3582
0.3525
0.3352
0.3582
0.366
0.3684
0.3408
0.3443
0.3434
0.3431
0.3357
0.3544
0.3492
0.3412
0.3579
0.3764
0.3474
0.3641
0.3486
0.341
0.3381
0.3694
0.3548
0.3725
0.3656
0.3575
0.3592
0.3424
0.347
0.37
0.3466
0.3222
0.3502
0.3717
0.3407
0.3393
0.3544
0.3503
0.3616
0.3342
0.3464
0.3204
0.3403
0.3349
0.3563
0.3594
0.3348
0.3588
0.3553
0.3789
0.3527
0.3498
0.3382
0.3163
0.3548
0.3508
0.3624
0.358
0.3246
0.3482
0.3571
0.3608
0.3449
0.3533
0.3673
0.3304
0.3602
0.3439
0.3399
0.3723
0.3237
0.3541
0.3605
0.3434
0.3606
0.3553
0.3374
0.3357
0.3546
0.3107
0.3463
0.3067
0.3689
0.361
0.3531
0.3381
0.3399
0.3283
0.3455
0.3742
0.3608
0.3202
0.3562
0.3782
0.3468
0.3104
0.3854
0.3344
0.3302
0.3525
0.3835
0.3581
0.355
0.3789
0.3569
0.3416
0.3417
0.3469
0.3413
0.3691
0.3205
0.3555
0.3721
0.3495
0.3774
0.3549
0.342
0.3472
0.3501
0.3455
0.356
0.3277
0.3513
0.3527
0.3509
0.3539
0.3616
0.3618
0.3628
0.3535
0.3229
0.3526
0.3846
0.3725
0.3319
0.3496
0.349
0.374
0.358
0.3597
0.3395
0.3565
0.3542
0.3687
0.3703
0.3557
0.3369
0.3931
0.3472
0.3562
0.355
0.359
0.3276
0.3991
0.3392
0.3541
0.3403
0.377
0.3976
0.3771
0.3795
0.3736
0.3637
0.3552
0.3671
0.3829
0.386
0.2918
0.3611
0.3756
0.3874
0.3515
0.4
0.3625
0.3852
0.3354
0.3684
0.332
0.3824
0.3558
0.3632
0.358
0.3829
0.388
0.3994
0.3648
0.351
0.3706
0.3608
0.3536
0.3648
0.3893
0.3833
0.396
0.3963
0.3858
0.3568
0.3365
0.3624
0.3797
0.3706
0.3387
0.3508
0.3329
0.3832
0.3579
0.3961
0.3495
0.397
0.3723
0.4
0.334
0.3857
0.3527
0.3717
0.3761
0.3393
0.3774
0.3839
0.398
0.3508
0.3554
0.3466
0.338
0.3687
0.3817
0.3945
0.3618
0.37
0.3506
0.3656
0.3489
0.3445
0.3902
0.3645
0.3457
0.3634
0.3674
0.3778
0.38
0.3679
0.3574
0.3264
0.3979
0.3671
0.3773
0.3944
0.3359
0.3662
0.3888
0.3846
0.3709
0.3824
0.3961
0.3665
0.3488
0.3461
0.3298
0.3849
0.3982
0.3654
0.3504
0.3861
0.3597
0.3545
0.3485
0.3322
0.3379
0.3651
0.3221
0.3871
0.367
0.3355
0.3665
0.3279
0.3839
0.3413
0.3542
0.3497
0.349
0.3635
0.3599
0.3679
0.3747
0.3918
0.3632
0.358
0.3565
0.352
0.3823
0.3979
0.3271
0.3347
0.3781
0.3551
0.372
0.3379
0.3986
0.3411
0.3476
0.3511
0.3638
0.3861
0.3878
0.3556
0.3691
0.3674
0.3606
0.3424
0.3427
0.3818
0.3686
0.3476
0.3425
0.4
0.3357
0.3734
0.3664
0.3986
0.3717
0.3455
0.3635
0.3592
0.3675
0.3604
0.3434
0.3807
0.365
0.3796
0.3732
0.369
0.3425
0.3968
0.3747
0.3331
0.3542
0.3991
0.3686
0.3789
0.3882
0.3718
0.3598
0.3841
0.3481
0.3772
0.3971
0.3429
0.3482
0.3543
0.3393
0.3541
0.3911
0.3854
0.3728
0.3932
0.3989
0.3991
0.3614
0.3681
0.3694
0.3462
0.3834
0.3705
0.3692
0.3666
0.3646
0.388
0.346
0.3996
0.3544
0.3616
0.3945
0.3738
0.3735
0.3488
0.3737
0.3526
0.3991
0.3749
0.3593
0.3955
0.3648
0.3642
0.3979
0.3432
0.3441
0.3427
0.3718
0.355
0.3602
0.3688
0.3841
0.3731
0.3526
0.3494
0.3492
0.3758
0.3539
0.3669
0.3852
0.3913
0.3516
0.3891
0.3876
0.3261
0.35
0.3583
0.3508
0.33
0.3478
0.3989
0.3995
0.3649
0.3316
0.3711
0.382
0.3573
0.3635
0.3228
0.3341
0.3644
0.3838
0.3405
0.3819
0.3452
0.3871
0.3742
0.3443
0.3586
0.3519
0.3877
0.3612
0.3658
0.3505
0.3676
0.3449
0.3431
0.3472
0.3984
0.3528
0.3661
0.3632
0.3696
0.3888
0.3455
0.3969
0.3978
0.3474
0.3508
0.329
0.3369
0.3954
0.3437
0.3351
0.3887
0.3871
0.3774
0.3586
0.3974
0.3991
0.3861
0.3883
0.3874
0.3779
0.3406
0.3854
0.3252
0.3568
0.3485
0.3991
0.399
0.3374
0.3796
0.373
0.3569
0.362
0.3585
0.3815
0.371
0.4
0.377
0.3609
0.3728
0.3759
0.3788
0.3555
0.3838
0.3647
0.3969
0.364
0.3969
0.325
0.3324
0.3568
0.3346
0.3987
0.3744
0.3551
0.3797
0.3482
0.3489
0.356
0.3676
0.3568
0.306
0.3433
0.3994
0.3755
0.3393
0.3719
0.3434
0.3811
0.3519
0.3669
0.3589
0.3631
0.3423
0.3567
0.3579
0.3583
0.3839
0.3806
0.3403
0.3573
0.3707
0.3872
0.3577
0.3429
0.3057
0.3567
0.3856
0.3705
0.3771
0.3886
0.354
0.3526
0.3556
0.3536
0.3986
0.3474
0.359
0.3857
0.3332
0.3538
0.3265
0.3854
0.3434
0.345
0.3531
0.3336
0.3861
0.3293
0.3675
0.3479
0.3532
0.3685
0.3586
0.3856
0.3969
0.3382
0.3887
0.3254
0.3448
0.3618
0.3859
0.338
0.3845
0.3763
0.3726
0.3978
0.3551
0.3787
0.3351
0.3975
0.3621
0.3739
0.3422
0.3452
0.3594
0.3789
0.3437
0.3796
0.3451
0.3032
0.37
0.3814
0.3335
0.3985
0.39
0.3831
0.3353
0.3764
0.3876
0.34
0.3472
0.3536
0.3363
0.3565
0.3968
0.3513
0.3384
0.4
0.3784
0.3639
0.4
0.3848
0.3983
0.3772
0.3333
0.3644
0.3701
0.3282
0.3752
0.3334
0.3703
0.3428
0.3354
0.3982
0.3331
0.3881
0.3524
0.3868
0.3458
0.3709
0.3776
0.3784
0.398
0.364
0.3497
0.3577
0.3609
0.3473
0.3594
0.3432
0.3355
0.3218
0.3667
0.3155
0.3836
0.3304
0.3533
0.362
0.3392
0.372
0.3442
0.3913
0.3833
0.3907
0.3863
0.3812
0.3467
0.3313
0.3869
0.3514
0.3826
0.3731
0.3829
0.3796
0.3667
0.3405
0.339
0.3522
0.385
0.391
0.3613
0.3865
0.3366
0.3759
0.3721
0.3481
0.366
0.3559
0.3638
0.3759
0.3638
0.3391
0.343
0.3793
0.3613
0.3732
0.3696
0.3513
0.3068
0.3663
0.3521
0.3578
0.3969
0.3497
0.3847
0.3556
0.3772
0.3835
0.377
0.3839
0.3756
0.3815
0.3978
0.3902
0.3297
0.3434
0.3963
0.3851
0.3798
0.3427
0.3861
0.3425
0.352
0.3492
0.3988
0.3747
0.3665
0.3522
0.3441
0.3597
0.3686
0.3965
0.3872
0.3361
0.391
0.3378
0.3515
0.3608
0.3166
0.3798
0.3582
0.3881
0.3526
0.3468
0.3321
0.3572
0.3816
0.3392
0.3981
0.392
0.3764
0.3896
0.3589
0.3235
0.3637
0.3886
0.3966
0.3706
0.3755
0.3936
0.3589
0.3863
0.3981
0.3769
0.357
0.3749
0.3954
0.3388
0.3688
0.3573
0.3527
0.3841
0.3743
0.358
0.3386
0.3579
0.3503
0.3457
0.3679
0.3203
0.3683
0.3346
0.3639
0.3976
0.3487
0.3586
0.3694
0.3865
0.3396
0.3708
0.363
0.3662
0.3888
0.3675
0.3974
0.3784
0.3656
0.3503
0.3976
0.3984
0.3438
0.3509
0.379
0.3509
0.3858
0.3749
0.3246
0.3601
0.3714
0.3602
0.3359
0.3754
0.3234
0.3842
0.3985
0.351
0.398
0.348
0.335
0.3857
0.377
0.3682
0.3342
0.3644
0.3828
0.3798
0.3528
0.3635
0.3392
0.3679
0.3707
0.3965
0.369
0.3707
0.3959
0.3657
0.3646
0.3694
0.3848
0.3683
0.3704
0.3371
0.326
0.3438
0.3966
0.3848
0.3511
0.312
0.3461
0.3619
0.3968
0.3898
0.3823
0.3569
0.3716
0.3265
0.3985
0.3516
0.3566
0.4
0.392
0.3436
0.3954
0.3698
0.3646
0.3463
0.3979
0.3743
0.3646
0.3715
0.3898
0.3896
0.3495
0.3822
0.3565
0.3596
0.3777
0.3676
0.3212
0.3431
0.3925
0.3975
0.3657
0.364
0.3411
0.3823
0.3527
0.3134
0.3343
0.3765
0.3376
0.3665
0.3708
0.3553
0.3489
0.3534
0.3407
0.3668
0.3827
0.3516
0.3874
0.3339
0.3359
0.393
0.3487
0.3634
0.3849
0.3797
0.3542
0.3978
0.3982
0.3596
0.3631
0.3586
0.3455
0.3972
0.3869
0.3853
0.3444
0.3661
0.3606
0.3216
0.3785
0.3742
0.3364
0.3663
0.3744
0.3737
0.3707
0.3555
0.3613
0.3662
0.3427
0.3387
0.3886
0.3778
0.3135
0.3556
0.3965
0.3979
0.3543
0.3657
0.3559
0.4
0.3536
0.3413
0.3878
0.3716
0.3486
0.3963
0.3994
0.3617
0.3966
0.3994
0.3713
0.3582
0.3529
0.3807
0.3835
0.399
0.3219
0.3969
0.3328
0.3549
0.3669
0.3769
0.3441
0.3366
0.3557
0.3571
0.302
0.3419
0.3397
0.3493
0.354
0.3627
0.3503
0.3424
0.3399
0.3598
0.3964
0.378
0.3654
0.3381
0.3686
0.3994
0.3425
0.3761
0.3669
0.3903
0.3828
0.3663
0.3803
0.3655
0.3523
0.3916
0.3497
0.3851
0.3618
0.3729
0.3552
0.3293
0.3539
0.3844
0.3539
0.3371
0.3403
0.3706
0.3564
0.3758
0.3875
0.362
0.3584
0.3478
0.372
0.3611
0.3548
0.373
0.3373
0.3967
0.395
0.379
0.362
0.3996
0.349
0.3845
0.3934
0.3552
0.3865
0.3988
0.3724
0.3798
0.3607
0.3837
0.3672
0.3544
0.351
0.3983
0.3539
0.3765
0.3677
0.3995
0.3866
0.3496
0.3977
0.3903
0.3496
0.3667
0.3487
0.3808
0.3486
0.329
0.372
0.3681
0.3719
0.3356
0.3856
0.38
0.3661
0.3827
0.3582
0.3633
0.3258
0.3885
0.3418
0.3806
0.3794
0.3713
0.3418
0.3125
0.3559
0.3971
0.3783
0.3489
0.3576
0.3541
0.3709
0.3571
0.3508
0.3975
0.3677
0.3346
0.3587
0.385
0.3389
0.3995
0.3347
0.3536
0.3612
0.3751
0.3794
0.366
0.3724
0.3386
0.3494
0.3777
0.3423
0.3314
0.3806
0.3598
0.3537
0.397
0.3359
0.3549
0.398
0.3762
0.3812
0.3211
0.3509
0.3803
0.3662
0.3065
0.3918
0.3514
0.3659
0.3971
0.3959
0.3763
0.3614
0.3952
0.3635
0.3389
0.3965
0.3849
0.3548
0.3724
0.398
0.3908
0.3762
0.4
0.3791
0.3528
0.365
0.3442
0.3777
0.3503
0.3579
0.3319
0.3985
0.3974
0.3506
0.3573
0.3772
0.3636
0.3687
0.3797
0.3222
0.3755
0.3829
0.3721
0.3309
0.3787
0.3542
0.3709
0.3572
0.3647
0.3429
0.3611
NA
NA
NA
NA
NA
NA
NA
NA
NA
NA
NA
NA
NA
NA
NA
NA
NA
NA
NA
NA
NA
NA
NA
NA
NA
NA
NA
NA
NA
NA
NA
NA
NA
NA
NA
NA
NA
NA
NA
NA
NA
NA
NA
NA
NA
NA
NA
NA
NA
NA
NA
NA
NA
NA
NA
NA
NA
NA
NA
NA
NA
NA
NA
NA
NA
NA
NA
NA
NA
NA
NA
NA
NA
NA
NA
NA
NA
NA
NA
NA
NA
NA
NA
NA
NA
NA
NA
NA
NA
NA
NA
NA
NA
NA
NA
NA
NA
NA
NA
NA
NA
NA
NA
NA
NA
NA
NA
NA
NA
NA
NA
NA
NA
NA
NA
NA
NA
NA
NA
NA
NA
NA
NA
NA
NA
NA
NA
NA
NA
NA
NA
NA
NA
NA
NA
NA
NA
NA
NA
NA
NA
NA
NA
NA
NA
NA
NA
NA
NA
NA
NA
NA
NA
NA
NA
NA
NA
NA
NA
NA
NA
NA
NA
NA
NA
NA
NA
NA
NA
NA
NA
NA
NA
NA
NA
NA
NA
NA
NA
NA
NA
NA
NA
NA
NA
NA
NA
NA
NA
NA
NA
NA
NA
NA
NA
NA
NA
NA
NA
NA
NA
NA
NA
NA
NA
NA
NA
NA
NA
NA
NA
NA
NA
NA
NA
NA
NA
NA
NA
NA
NA
NA
NA
NA
NA
NA
NA
NA
NA
NA
NA
NA
NA
NA
NA
NA
NA
NA
NA
NA
NA
NA
NA
NA
NA
NA
NA
NA
NA
NA
NA
NA
NA
NA
NA
NA
NA
NA
NA
NA
NA
NA
NA
NA
NA
NA
NA
NA
NA
NA
NA
NA
NA
NA
NA
NA
NA
NA
NA
NA
NA
NA
NA
NA
NA
NA
NA
NA
NA
NA
NA
NA
NA
NA
NA
NA
NA
NA
NA
NA
NA
NA
NA
NA
NA
NA
NA
NA
NA
NA
NA
NA
NA
NA
NA
NA
NA
NA
NA
NA
NA
NA
NA
NA
NA
NA
NA
NA
NA
NA
NA
NA
NA
NA
NA
NA
NA
NA
NA
NA
NA
NA
NA
NA
NA
NA
NA
NA
NA
NA
NA
NA
NA
NA
NA
NA
NA
NA
NA
NA
NA
NA
NA
NA
NA
NA
NA
NA
NA
NA
NA
NA
NA
NA
NA
NA
NA
NA
NA
NA
NA
NA
NA
NA
NA
NA
NA
NA
NA
NA
NA
NA
NA
NA
NA
NA
NA
NA
NA
NA
NA
NA
NA
NA
NA
NA
NA
NA
NA
NA
NA
NA
NA
NA
NA
NA
NA
NA
NA
NA
NA
NA
NA
NA
NA
NA
NA
NA
NA
NA
NA
NA
NA
NA
NA
NA
NA
NA
NA
NA
NA
NA
NA
NA
NA
NA
NA
NA
NA
NA
NA
NA
NA
NA
NA
NA
NA
NA
NA
NA
NA
NA
NA
NA
NA
NA
NA
NA
NA
NA
NA
NA
NA
NA
NA
NA
NA
NA
NA
NA
NA
NA
NA
NA
NA
NA
NA
NA
NA
NA
NA
NA
NA
NA
NA
NA
NA
NA
NA
NA
NA
NA
NA
NA
NA
NA
NA
NA
NA
NA
NA
NA
NA
NA
NA
NA
NA
NA
NA
NA
NA
NA
NA
NA
NA
NA
NA
NA
NA
NA
NA
NA
NA
NA
NA
NA
NA
NA
NA
NA
NA
NA
NA
NA
NA
NA
NA
NA
NA
NA
NA
NA
NA
NA
NA
NA
NA
NA
NA
NA
NA
NA
NA
NA
NA
NA
NA
NA
NA
NA
NA
NA
NA
NA
NA
NA
NA
NA
NA
NA
NA
NA
NA
NA
NA
NA
NA
NA
NA
NA
NA
NA
NA
NA
NA
NA
NA
NA
NA
NA
NA
NA
NA
NA
NA
NA
NA
NA
NA
NA
NA
NA
NA
NA
NA
NA
NA
NA
NA
NA
NA
NA
NA
NA
NA
NA
NA
NA
NA
NA
NA
NA
NA
NA
NA
NA
NA
NA
NA
NA
NA
NA
NA
NA
NA
NA
NA
NA
NA
NA
NA
NA
NA
NA
NA
NA
NA
NA
NA
NA
NA
NA
NA
NA
NA
NA
NA
NA
NA
NA
NA
NA
NA
NA
NA
NA
NA
NA
NA
NA
NA
NA
NA
NA
NA
NA
NA
NA
NA
NA
NA
NA
NA
NA
NA
NA
NA
NA
NA
NA
NA
NA
NA
NA
NA
NA
NA
NA
NA
NA
NA
NA
NA
NA
NA
NA
NA
NA
NA
NA
NA
NA
NA
NA
NA
NA
NA
NA
NA
NA
NA
NA
NA
NA
NA
NA
NA
NA
NA
NA
NA
NA
NA
NA
NA
NA
NA
NA
NA
NA
NA
NA
NA
NA
NA
NA
NA
NA
NA
NA
NA
NA
NA
NA
NA
NA
NA
NA
NA
NA
NA
NA
NA
NA
NA
NA
NA
NA
NA
NA
NA
NA
NA
NA
NA
NA
NA
NA
NA
NA
NA
NA
NA
NA
NA
NA
NA
NA
NA
NA
NA
NA
NA
NA
NA
NA
NA
NA
NA
NA
NA
NA
NA
NA
NA
NA
NA
NA
NA
NA
NA
NA
NA
NA
NA
NA
NA
NA
NA
NA
NA
NA
NA
NA
NA
NA
NA
NA
NA
NA
NA
NA
NA
NA
NA
NA
NA
NA
NA
NA
NA
NA
NA
NA
NA
NA
NA
NA
NA
NA
NA
NA
NA
NA
NA
NA
NA
NA
NA
NA
NA
NA
NA
NA
NA
NA
NA
NA
NA
NA
NA
NA
NA
NA
NA
NA
NA
NA
NA
NA
NA
NA
NA
NA
NA
NA
NA
NA
NA
NA
NA
NA
NA
NA
NA
NA
NA
NA
NA
NA
NA
NA
NA
NA
NA
NA
NA
NA
NA
NA
NA
NA
NA
NA
NA
NA
NA
NA
NA
NA
NA
NA
NA
NA
NA
NA
NA
NA
NA
NA
NA
NA
NA
NA
NA
NA
NA
NA
NA
NA
NA
NA
NA
NA
NA
NA
NA
NA
NA
NA
NA
NA
NA
NA
NA
NA
NA
NA
NA
NA
NA
NA
NA
NA
NA
NA
NA
NA
NA
NA
NA
NA
NA
NA
NA
NA
NA
NA
NA
NA
NA
NA
NA
NA
NA
NA
NA
NA
NA
NA
NA
NA
NA
NA
NA
NA
NA
NA
NA
NA
NA
NA
NA
NA
NA
NA
NA
NA
NA
NA
NA
NA
NA
NA
NA
NA
NA
NA
NA
NA
NA
NA
NA
NA
NA
NA
NA
NA
NA
NA
NA
NA
NA
NA
NA
NA
NA
NA
NA
NA
NA
NA
NA
NA
NA
NA
NA
NA
NA
NA
NA
NA
NA
NA
NA
NA
NA
NA
NA
NA
NA
NA
NA
NA
NA
NA
NA
NA
NA
NA
NA
NA
NA
NA
NA
NA
NA
NA
NA
NA
NA
NA
NA
NA
NA
NA
NA
NA
NA
NA
NA
NA
NA
NA
NA
NA
NA
NA
NA
NA
NA
NA
NA
NA
NA
NA
NA
NA
NA
NA
NA
NA
NA
NA
NA
NA
NA
NA
NA
NA
NA
NA
NA
NA
NA
NA
NA
NA
NA
NA
NA
NA
NA
NA
NA
NA
NA
NA
NA
NA
NA
NA
NA
NA
NA
NA
NA
NA
NA
NA
NA
NA
NA
NA
NA
NA
NA
NA
NA
NA
NA
NA
NA
NA
NA
NA
NA
NA
NA
NA
NA
NA
NA
NA
NA
NA
NA
NA
NA
NA
NA
NA
NA
NA
NA
NA
NA
NA
NA
NA
NA
NA
NA
NA
NA
NA
NA
NA
NA
NA
NA
NA
NA
NA
NA
NA
NA
NA
NA
NA
NA
NA
NA
NA
NA
NA
NA
NA
NA
NA
NA
NA
NA
NA
NA
NA
NA
NA
NA
NA
NA
NA
NA
NA
NA
NA
NA
NA
NA
NA
NA
NA
NA
NA
NA
NA
NA
NA
NA
NA
NA
NA
NA
NA
NA
NA
NA
NA
NA
NA
NA
NA
NA
NA
NA
NA
NA
NA
NA
NA
NA
NA
NA
NA
NA
NA
NA
NA
NA
NA
NA
NA
NA
NA
NA
NA
NA
NA
NA
NA
NA
NA
NA
NA
NA
NA
NA
NA
NA
NA
NA
NA
NA
NA
NA
NA
NA
NA
NA
NA
NA
NA
NA
NA
NA
NA
NA
NA
NA
NA
NA
NA
NA
NA
NA
NA
NA
NA
NA
NA
NA
NA
NA
NA
NA
NA
NA
NA
NA
NA
NA
NA
NA
NA
NA
NA
NA
NA
NA
NA
NA
NA
NA
NA
NA
NA
NA
NA
NA
NA
NA
NA
NA
NA
NA
NA
NA
NA
NA
NA
NA
NA
NA
NA
NA
NA
NA
NA
NA
NA
NA
NA
NA
NA
NA
NA
NA
NA
NA
NA
NA
NA
NA
NA
NA
NA
NA
NA
NA
NA
NA
NA
NA
NA
NA
NA
NA
NA
NA
NA
NA
NA
NA
NA
NA
NA
NA
NA
NA
NA
NA
NA
NA
NA
NA
NA
NA
NA
NA
NA
NA
NA
NA
NA
NA
NA
NA
NA
NA
NA
NA
NA
NA
NA
NA
NA
NA
NA
NA
NA
NA
NA
NA
NA
NA
NA
NA
NA
NA
NA
NA
NA
NA
NA
NA
NA
NA
NA
NA
NA
NA
NA
NA
NA
NA
NA
NA
NA
NA
NA
NA
NA
NA
NA
NA
NA
NA
NA
NA
NA
NA
NA
NA
NA
NA
NA
NA
NA
NA
NA
NA
NA
NA
NA
NA
NA
NA
NA
NA
NA
NA
NA
NA
NA
NA
NA
NA
NA
NA
NA
NA
NA
NA
NA
NA
NA
NA
NA
NA
NA
NA
NA
NA
NA
NA
NA
NA
NA
NA
NA
NA
NA
NA
NA
NA
NA
NA
NA
NA
NA
NA
NA
NA
NA
NA
NA
NA
NA
NA
NA
NA
NA
NA
NA
NA
NA
NA
NA
NA
NA
NA
NA
NA
NA
NA
NA
NA
NA
NA
NA
NA
NA
NA
NA
NA
NA
NA
NA
NA
NA
NA
NA
NA
NA
NA
NA
NA
NA
NA
NA
NA
NA
NA
NA
NA
NA
NA
NA
NA
NA
NA
NA
NA
NA
NA
NA
NA
NA
NA
NA
NA
NA
NA
NA
NA
NA
NA
NA
NA
NA
NA
NA
NA
NA
NA
NA
NA
NA
NA
NA
NA
NA
NA
NA
NA
NA
NA
NA
NA
NA
NA
NA
NA
NA
NA
NA
NA
NA
NA
NA
NA
NA
NA
NA
NA
NA
NA
NA
NA
NA
NA
NA
NA
NA
NA
NA
NA
NA
NA
NA
NA
NA
NA
NA
NA
NA
NA
NA
NA
NA
NA
NA
NA
NA
NA
NA
NA
NA
NA
NA
NA
NA
NA
NA
NA
NA
NA
NA
NA
NA
NA
NA
NA
NA
NA
NA
NA
NA
NA
NA
NA
NA
NA
NA
NA
NA
NA
NA
NA
NA
NA
NA
NA
NA
NA
NA
NA
NA
NA
NA
NA
NA
NA
NA
NA
NA
NA
NA
NA
NA
NA
NA
NA
NA
NA
NA
NA
NA
NA
NA
NA
NA
NA
NA
NA
NA
NA
NA
NA
NA
NA
NA
NA
NA
NA
NA
NA
NA
NA
NA
NA
NA
NA
NA
NA
NA
NA
NA
NA
NA
NA
NA
NA
NA
NA
NA
NA
NA
NA
NA
NA
NA
NA
NA
NA
NA
NA
NA
NA
NA
NA
NA
NA
NA
NA
NA
NA
NA
NA
NA
NA
NA
NA
NA
NA
NA
NA
NA
NA
NA
NA
NA
NA
NA
NA
NA
NA
NA
NA
NA
NA
NA
NA
NA
NA
NA
NA
NA
NA
NA
NA
NA
NA
NA
NA
NA
NA
NA
NA
NA
NA
NA
NA
NA
NA
NA
NA
NA
NA
NA
NA
NA
NA
NA
NA
NA
NA
NA
NA
NA
NA
NA
NA
NA
NA
NA
NA
NA
NA
NA
NA
NA
NA
NA
NA
NA
NA
NA
NA
NA
NA
NA
NA
NA
NA
NA
NA
NA
NA
NA
NA
NA
NA
NA
NA
NA
NA
NA
NA
NA
NA
NA
NA
NA
NA
NA
NA
NA
NA
NA
NA
NA
NA
NA
NA
NA
NA
NA
NA
NA
NA
NA
NA
NA
NA
NA
NA
NA
NA
NA
NA
NA
NA
NA
NA
NA
NA
NA
NA
NA
NA
NA
NA
NA
NA
NA
NA
NA
NA
NA
NA
NA
NA
NA
NA
NA
NA
NA
NA
NA
NA
NA
NA
NA
NA
NA
NA
NA
NA
NA
NA
NA
NA
NA
NA
NA
NA
NA
NA
NA
NA
NA
NA
NA
NA
NA
NA
NA
NA
NA
NA
NA
NA
NA
NA
NA
NA
NA
NA
NA
NA
NA
NA
NA
NA
NA
NA
NA
NA
NA
NA
NA
NA
NA
NA
NA
NA
NA
NA
NA
NA
NA
NA
NA
NA
NA
NA
NA
NA
NA
NA
NA
NA
NA
NA
NA
NA
NA
NA
NA
NA
NA
NA
NA
NA
NA
NA
NA
NA
NA
NA
NA
NA
NA
NA
NA
NA
NA
NA
NA
NA
NA
NA
NA
NA
NA
NA
NA
NA
NA
NA
NA
NA
NA
NA
NA
NA
NA
NA
NA
NA
NA
NA
NA
NA
NA
NA
NA
NA
NA
NA
NA
NA
NA
NA
NA
NA
NA
NA
NA
NA
NA
NA
NA
NA
NA
NA
NA
NA
NA
NA
NA
NA
NA
NA
NA
NA
NA
NA
NA
NA
NA
NA
NA
NA
NA
NA
NA
NA
NA
NA
NA
NA
NA
NA
NA
NA
NA
NA
NA
NA
NA
NA
NA
NA
NA
NA
NA
NA
NA
NA
NA
NA
NA
NA
NA
NA
NA
NA
NA
NA
NA
NA
NA
NA
NA
NA
NA
NA
NA
NA
NA
NA
NA
NA
NA
NA
NA
NA
NA
NA
NA
NA
NA
NA
NA
NA
NA
NA
NA
NA
NA
NA
NA
NA
NA
NA
NA
NA
NA
NA
NA
NA
NA
NA
NA
NA
NA
NA
NA
NA
NA
NA
NA
NA
NA
NA
NA
NA
NA
NA
NA
NA
NA
NA
NA
NA
NA
NA
NA
NA
NA
NA
NA
NA
NA
NA
NA
NA
NA
NA
NA
NA
NA
NA
NA
NA
NA
NA
NA
NA
NA
NA
NA
NA
NA
NA
NA
NA
NA
NA
NA
NA
NA
NA
NA
NA
NA
NA
NA
NA
NA
NA
NA
NA
NA
NA
NA
NA
NA
NA
NA
NA
NA
NA
NA
NA
NA
NA
NA
NA
NA
NA
NA
NA
NA
NA
NA
NA
NA
NA
NA
NA
NA
NA
NA
NA
NA
NA
NA
NA
NA
NA
NA
NA
NA
NA
NA
NA
NA
NA
NA
NA
NA
NA
NA
NA
NA
NA
NA
NA
NA
NA
NA
NA
NA
NA
NA
NA
NA
NA
NA
NA
NA
NA
NA
NA
NA
NA
NA
NA
NA
NA
NA
NA
NA
NA
NA
NA
NA
NA
NA
NA
NA
NA
NA
NA
NA
NA
NA
NA
NA
NA
NA
NA
NA
NA
NA
NA
NA
NA
NA
NA
NA
NA
NA
NA
NA
NA
NA
NA
NA
NA
NA
NA
NA
NA
NA
NA
NA
NA
NA
NA
NA
NA
NA
NA
NA
NA
NA
NA
NA
NA
NA
NA
NA
NA
NA
NA
NA
NA
NA
NA
NA
NA
NA
NA
NA
NA
NA
NA
NA
NA
NA
NA
NA
NA
NA
NA
NA
NA
NA
NA
NA
NA
NA
NA
NA
NA
NA
NA
NA
NA
NA
NA
NA
NA
NA
NA
NA
NA
NA
NA
NA
NA
NA
NA
NA
NA
NA
NA
NA
NA
NA
NA
NA
NA
NA
NA
NA
NA
NA
NA
NA
NA
NA
NA
NA
NA
NA
NA
NA
NA
NA
NA
NA
NA
NA
NA
NA
NA
NA
NA
NA
NA
NA
NA
NA
NA
NA
NA
NA
NA
NA
NA
NA
NA
NA
NA
NA
NA
NA
NA
NA
NA
NA
NA
NA
NA
NA
NA
NA
NA
NA
NA
NA
NA
NA
NA
NA
NA
NA
NA
NA
NA
NA
NA
NA
NA
NA
NA
NA
NA
NA
NA
NA
NA
NA
NA
NA
NA
NA
NA
NA
NA
NA
NA
NA
NA
NA
NA
NA
NA
NA
NA
NA
NA
NA
NA
NA
NA
NA
NA
NA
NA
NA
NA
NA
NA
NA
NA
NA
NA
NA
NA
NA
NA
NA
NA
NA
NA
NA
NA
NA
NA
NA
NA
NA
NA
NA
NA
NA
NA
NA
NA
NA
NA
NA
NA
NA
NA
NA
NA
NA
NA
NA
NA
NA
NA
NA
NA
NA
NA
NA
NA
NA
NA
NA
NA
NA
NA
NA
NA
NA
NA
NA
NA
NA
NA
NA
NA
NA
NA
NA
NA
NA
NA
NA
NA
NA
NA
NA
NA
NA
NA
NA
NA
NA
NA
NA
NA
NA
NA
NA
NA
NA
NA
NA
NA
NA
NA
NA
NA
NA
NA
NA
NA
NA
NA
NA
NA
NA
NA
NA
NA
NA
NA
NA
NA
NA
NA
NA
NA
NA
NA
NA
NA
NA
NA
NA
NA
NA
NA
NA
NA
NA
NA
NA
NA
NA
NA
NA
NA
NA
NA
NA
NA
NA
NA
NA
NA
NA
NA
NA
NA
NA
NA
NA
NA
NA
NA
NA
NA
NA
NA
NA
NA
NA
NA
NA
NA
NA
NA
NA
NA
NA
NA
NA
NA
NA
NA
NA
NA
NA
NA
NA
NA
NA
NA
NA
NA
NA
NA
NA
NA
NA
NA
NA
NA
NA
NA
NA
NA
NA
NA
NA
NA
NA
NA
NA
NA
NA
NA
NA
NA
NA
NA
NA
NA
NA
NA
NA
NA
NA
NA
NA
NA
NA
NA
NA
NA
NA
NA
NA
NA
NA
NA
NA
NA
NA
NA
NA
NA
NA
NA
NA
NA
NA
NA
NA
NA
NA
NA
NA
NA
NA
NA
NA
NA
NA
NA
NA
NA
NA
NA
NA
NA
NA
NA
NA
NA
NA
NA
NA
NA
NA
NA
NA
NA
NA
NA
NA
NA
NA
NA
NA
NA
NA
NA
NA
NA
NA
NA
NA
NA
NA
NA
NA
NA
NA
NA
NA
NA
NA
NA
NA
NA
NA
NA
NA
NA
NA
NA
NA
NA
NA
NA
NA
NA
NA
NA
NA
NA
NA
NA
NA
NA
NA
NA
NA
NA
NA
NA
NA
NA
NA
NA
NA
NA
NA
NA
NA
NA
NA
NA
NA
NA
NA
NA
NA
NA
NA
NA
NA
NA
NA
NA
NA
NA
NA
NA
NA
NA
NA
NA
NA
NA
NA
NA
NA
NA
NA
NA
NA
NA
NA
NA
NA
NA
NA
NA
NA
NA
NA
NA
NA
NA
NA
NA
NA
0.4615
0.3293
0.5441
0.6452
0.5949
0.3784
0.5342
0.3535
0.3846
0.6351
0.6571
0.6076
0.4865
0.337
0.573
0.3902
0.5
0.2917
0.4198
0.2597
0.3636
0.5968
0.4167
0.2738
0.661
0.9057
0.314
0.3152
0.4531
0.4865
0.6914
0.3971
0.6308
0.5946
0.4722
0.6154
0.4368
0.5441
1
0.4795
0.2653
0.1831
0.5692
0.2935
0.3723
0.5658
0.4487
0.5493
0.4857
0.2347
0.5195
0.7778
0.5065
0.5663
0.5287
0.5072
0.5909
0.1681
0.2639
0.5942
0.5
0.5797
0.9815
0.4444
0.3824
0.527
0.4235
0.4051
0.6034
0.5942
0.5775
0.3733
0.493
0.5606
0.7
0.2784
0.2561
0.3151
0.4333
0.5658
0.4505
0.6119
0.3875
0.2245
0.2857
0.4156
0.5312
0.4125
0.4051
0.5479
0.5441
0.284
0.3294
0.5857
0.3333
0.2763
0.3396
0.3488
0.3659
0.4719
0.625
0.2973
0.3875
0.3662
0.3857
0.5789
0.4474
0.381
0.5281
0.3188
0.7544
0.831
0.3936
0.5161
0.4429
0.7234
0.3
0.4762
0.5846
0.6061
0.5867
0.3148
0.3483
0.5676
0.8983
0.6203
0.5152
0.8421
0.5373
0.3441
0.5139
0.5342
0.5821
0.2947
0.7
0.4521
0.8065
0.5132
0.6462
0.3452
0.3611
0.3333
0.3
0.404
0.3947
0.3247
0.519
0.2763
0.2737
0.6944
0.5733
0.4795
0.4512
0.4333
0.5395
0.494
0.6774
0.5352
0.6944
0.3944
0.4627
0.5469
0.7544
0.3737
0.2973
0.3544
0.5
0.5368
0.4054
0.5085
0.4085
0.5692
0.4933
0.6389
0.6154
0.3649
1.1791
0.2588
0.3947
0.3293
0.3571
0.2875
0.7797
0.5273
0.2791
0.381
0.3646
0.2639
0.6711
0.5181
0.3247
0.3523
0.6667
0.5821
0.4884
0.7414
0.5217
0.5
0.4
0.3235
0.3333
0.726
0.4211
0.5775
0.6364
0.4625
0.4085
0.4935
0.4286
0.4578
0.4533
0.375
0.1809
0.48
0.3256
0.4583
0.4598
0.3981
0.7097
0.3933
0.6029
0.4
0.4565
0.2963
0.4938
0.4545
0.5854
0.75
0.5294
0.5079
0.2907
0.6154
0.4433
0.2771
0.4815
0.5595
0.2841
0.4521
0.3973
0.3871
0.4462
0.4881
0.7778
0.641
0.6923
0.4074
0.3407
0.375
0.2222
0.6324
0.4396
0.4211
0.4133
0.475
0.6024
0.4133
0.4253
0.4824
0.338
0.5882
0.4568
0.4881
0.6406
0.4557
0.3788
0.3636
0.6721
0.4286
0.4444
0.3974
0.48
0.7031
0.3387
0.3333
0.5128
0.3556
0.7586
0.5256
0.3803
0.5205
0.6143
0.561
0.5714
0.4805
0.407
0.5067
0.5057
0.3333
0.1364
0.3974
0.3883
0.5529
0.5
0.4891
0.5
0.5921
0.5443
0.3763
0.3143
0.3333
0.5
0.4321
0.5714
0.5529
0.5714
0.4935
0.3881
0.8116
0.6316
0.6145
0.5
0.6849
0.5125
0.5522
0.2083
0.2727
0.3878
0.519
0.5
0.4557
0.4412
0.5811
0.5439
0.3919
0.5938
0.5176
0.4225
0.4725
0.3577
0.6923
0.5747
0.2317
0.4308
0.3714
0.3667
0.2727
0.2091
0.443
0.2561
0.4571
0.4271
0.2541
0.4783
0.3301
0.3614
0.3434
0.5132
0.375
0.4884
0.5645
0.569
0.4312
0.697
0.3434
0.3373
0.5333
0.4028
0.46
0.5526
0.338
0.4133
0.4143
0.8971
0.5395
0.4
0.4231
0.5846
0.3034
0.5122
0.3188
0.4384
0.4944
0.4493
0.3977
0.5185
0.5
0.3253
0.4524
0.2716
0.2658
0.6471
0.3378
0.6301
0.4304
0.3936
0.5698
0.8983
0.5294
0.5556
0.3908
0.3429
0.3579
0.6267
0.4419
0.3784
0.4805
0.4719
0.5342
0.3708
0.5
0.9649
0.5172
0.8125
0.5775
0.4198
0.5974
0.3671
0.6102
0.425
0.9375
0.4416
0.4886
0.4615
0.3377
0.6389
0.5476
0.3733
0.6049
0.5
0.8615
0.5455
0.6667
0.1789
0.589
0.2737
0.2716
0.2021
0.3146
0.4058
0.8485
0.5342
0.4062
0.5625
0.3333
0.4935
0.6842
0.5
0.5362
0.5294
0.4925
0.4651
0.9057
0.2474
0.6875
0.5857
0.48
0.1596
0.2381
0.5882
0.5821
0.4235
0.5625
0.6164
0.4409
0.5714
0.5714
0.5484
0.3973
0.6
0.5875
0.4933
0.4412
0.3256
0.5366
0.1974
0.2396
0.9412
0.3614
0.4865
0.6885
0.2436
0.6
0.5244
0.6986
0.6
0.4
0.623
0.7869
0.5135
0.5205
0.7377
0.44
0.4026
0.3429
0.4342
0.5522
0.5902
0.4737
0.5694
0.4186
0.6267
0.5
0.8784
0.7606
0.3717
0.8
0.3038
0.6081
0.3626
0.3723
0.5217
0.4643
0.5385
0.4273
0.3647
0.2556
0.5077
0.3067
0.5362
0.6462
0.297
0.5301
0.6324
0.2927
0.4474
0.4783
0.4684
0.4938
0.5306
0.5806
0.4177
0.274
0.3902
0.4154
0.5952
0.5641
0.3537
0.4881
0.3438
0.4878
0.3433
0.4353
0.4429
0.5395
0.6029
0.2292
0.5205
0.475
0.4308
0.4648
1.1967
0.4459
0.6579
0.5402
0.5231
0.4918
0.4177
0.4521
0.375
0.3291
0.6104
0.726
0.4023
0.3364
0.7564
0.2444
0.6389
0.5077
0.2676
0.2421
0.24
0.5373
0.27
0.4133
0.3924
0.4824
0.5
0.2778
0.3605
0.3626
0.7101
0.5053
0.6774
0.5316
0.4304
0.541
0.7353
0.4519
0.5
0.5469
0.7941
0.2347
0.3731
0.5278
0.589
0.5588
0.6087
0.4
0.2603
0.5135
0.375
0.2245
0.186
0.358
0.4024
0.6825
0.5195
0.439
0.5875
0.4889
0.4603
0.5634
0.3095
0.4795
0.6364
0.3725
0.6912
0.4697
0.4699
0.4923
0.3929
0.3608
0.5974
0.1856
0.5243
0.4516
0.6885
0.4457
0.4615
0.6026
0.3571
0.6364
0.3678
0.5606
0.3095
0.5412
0.6164
0.3409
0.3103
0.3671
0.5513
0.3333
0.3768
0.4405
0.4691
0.5469
0.4079
0.3
0.3553
0.6104
0.75
0.3168
0.6098
0.3511
0.3412
0.4714
0.1809
0.4268
0.716
0.45
0.3953
0.4875
0.6615
0.34
0.7317
0.6883
0.3636
0.5517
0.55
0.4595
0.5316
0.5556
0.5846
0.6818
0.5634
0.3483
0.369
0.1856
0.3908
0.3571
0.597
0.4578
1.0169
0.4125
0.2857
0.2959
1.2708
0.3875
0.3467
0.6712
0.4146
0.3523
0.2785
0.6235
0.7797
0.5
0.3855
0.527
0.4459
0.7917
0.6557
0.3846
0.9167
0.3636
0.3163
0.7414
0.4767
0.8333
0.3333
0.4375
0.3913
0.3699
0.5493
0.5231
0.3692
0.4167
0.375
0.4394
0.3049
0.2906
0.5077
0.4337
0.1739
0.5325
0.5833
0.5556
0.4176
0.5733
0.359
0.3378
0.806
0.5303
0.3333
0.5672
0.3535
0.4079
0.7544
0.4133
0.4051
0.7681
0.6615
0.3043
0.631
0.4359
0.8276
0.597
0.4675
0.506
0.5432
0.3889
0.5493
0.44
0.4744
0.6164
0.65
0.2935
0.4237
0.3735
0.2447
0.8246
0.4167
0.2111
0.381
0.7067
0.3765
0.3125
0.5641
0.3294
0.4659
0.411
0.4375
0.3415
0.5362
0.7705
0.5205
0.2317
0.5694
0.3298
0.191
0.3247
0.4444
0.4
0.3099
0.3178
0.5222
0.697
0.3714
0.2805
0.9836
0.7042
0.1395
0.3803
0.4375
0.3488
0.3696
0.5526
0.3846
0.6481
0.5625
0.2947
0.5139
0.3864
0.6032
0.5667
0.4805
0.8871
0.2619
0.4487
0.5802
0.3944
0.2193
0.3571
0.661
0.4103
0.5781
0.7857
0.5571
0.2326
0.4658
0.5455
0.4667
0.4462
0.963
0.4677
0.5231
0.6102
0.5588
0.4062
0.54
0.5568
0.7808
0.44
0.3462
0.4022
0.4853
0.5758
0.4767
0.5385
0.4949
1.0339
0.3733
0.3587
0.2169
0.3261
0.475
0.4143
0.5625
0.4026
0.5
0.875
0.519
0.5443
0.5132
0.8571
0.5333
0.6216
0.3871
0.5256
0.5625
0.2745
0.3418
0.4828
0.4756
0.369
0.3871
0.4409
0.5732
0.68
0.3646
0.4576
0.5222
0.3412
0.569
0.2874
0.4674
0.4157
0.3929
0.5405
0.6579
0.4578
0.4603
0.5806
0.3896
0.2667
0.473
0.3229
0.4762
0.5432
0.5205
0.2647
0.3467
0.375
0.2771
0.3529
0.3582
0.6375
0.3881
0.4024
0.381
0.6842
0.4857
0.3333
0.5942
0.6833
0.4118
0.3936
0.3333
0.5915
0.5797
0.5946
0.5652
0.5616
0.4588
0.3889
0.597
0.3205
0.5405
0.25
0.3375
0.4533
0.6154
0.8571
0.4615
0.4776
0.4432
0.4487
0.7294
0.4545
0.4237
0.4091
0.6984
0.3766
0.2361
0.7073
0.3544
0.6364
0.5823
0.3571
0.6575
0.4138
0.3659
0.4022
0.5208
0.3908
0.5867
0.791
0.4844
1.0154
0.541
0.8654
0.3133
0.4096
0.6164
0.5476
0.5303
0.5857
0.4286
0.2755
0.3814
0.7353
0.4634
0.3678
0.4545
0.8983
0.2692
0.5769
0.6164
0.4747
0.1798
0.4545
0.4588
0.1932
0.3647
0.557
0.5857
0.5714
0.6049
0.2386
0.8082
0.3714
0.2386
0.4494
0.2366
0.4928
0.5441
0.4886
0.5067
0.5385
0.3485
0.7377
0.4
0.4124
0.4615
0.4516
0.4028
0.4
0.2889
0.5172
0.8615
0.473
0.2115
0.4286
0.7273
0.3832
0.6173
0.2769
0.5165
0.4286
0.6528
0.3924
0.3718
0.3293
0.3971
0.3968
0.5443
0.3108
0.5753
0.3232
0.3462
0.4865
0.6857
0.4937
0.4459
0.337
0.4944
0.378
0.4444
0.2604
0.2716
0.1558
0.2584
0.4032
0.3056
0.2738
0.5424
1.1132
0.25
0.2174
0.3594
0.3919
0.5802
0.3382
0.5077
0.5541
0.375
0.6462
0.2697
0.2857
0.8571
0.3288
0.2041
0.2394
0.5231
0.1978
0.3511
0.3506
0.3038
0.338
0.3286
0.2347
0.5065
0.5873
0.2821
0.4337
0.4483
0.4638
0.2794
0.1504
0.2639
0.4783
0.4833
0.5217
0.9074
0.4167
0.2647
0.4054
0.3176
0.3418
0.3793
0.5072
0.3944
0.3333
0.3194
0.4762
0.5571
0.2165
0.1928
0.3288
0.3333
0.4805
0.4286
0.6567
0.4125
0.1939
0.1735
0.2727
0.4844
0.4125
0.4937
0.4384
0.5588
0.1728
0.2471
0.4143
0.3188
0.2368
0.2358
0.1932
0.3133
0.3596
0.5938
0.2432
0.4
0.169
0.1486
0.4605
0.3289
0.2619
0.4494
0.3333
0.4386
0.7324
0.266
0.3871
0.4286
0.6383
0.25
0.3231
0.4615
0.3333
0.44
0.287
0.2809
0.4054
0.5763
0.4937
0.4697
0.6491
0.3582
0.2796
0.5417
0.3973
0.4789
0.1895
0.5667
0.3699
0.5161
0.3684
0.4308
0.2471
0.2778
0.2319
0.24
0.2727
0.3289
0.3636
0.4125
0.3026
0.1979
0.5972
0.48
0.4658
0.4146
0.4407
0.4868
0.3855
0.5484
0.4789
0.625
0.274
0.4328
0.4219
0.6316
0.2039
0.3243
0.2785
0.4861
0.4
0.2432
0.4237
0.4085
0.5538
0.4533
0.5972
0.5538
0.3243
1.0597
0.2471
0.4079
0.3049
0.3095
0.275
0.5932
0.4
0.1744
0.254
0.3229
0.1528
0.6579
0.4458
0.3766
0.3182
0.5797
0.3881
0.4419
0.6552
0.3043
0.2414
0.3474
0.2549
0.3535
0.5342
0.3289
0.4507
0.4156
0.35
0.3099
0.4545
0.5714
0.3133
0.4533
0.2375
0.1383
0.2933
0.3023
0.3889
0.3182
0.3333
0.5806
0.2333
0.5147
0.3368
0.3043
0.2683
0.4198
0.3523
0.5244
0.7292
0.3088
0.4921
0.2326
0.4304
0.4124
0.1928
0.3333
0.5
0.2159
0.3151
0.3151
0.2796
0.2769
0.4286
0.5972
0.5641
0.5641
0.2024
0.3077
0.2551
0.2469
0.5
0.2967
0.3462
0.4267
0.375
0.3452
0.36
0.3333
0.4235
0.3099
0.3088
0.4074
0.314
0.625
0.3291
0.303
0.3247
0.5574
0.4286
0.1975
0.3718
0.4667
0.6719
0.3548
0.2444
0.4744
0.2889
0.6207
0.5
0.3099
0.2466
0.4
0.4512
0.5571
0.3247
0.3372
0.3867
0.2637
0.3125
0.1477
0.3205
0.3107
0.4186
0.3871
0.4565
0.3611
0.4605
0.3
0.3656
0.2336
0.284
0.2778
0.2346
0.4643
0.4588
0.3571
0.3766
0.4375
0.6377
0.5395
0.4699
0.3902
0.411
0.4375
0.3582
0.1875
0.2424
0.3367
0.481
0.25
0.3086
0.2794
0.473
0.4561
0.2297
0.6562
0.4353
0.3662
0.3297
0.2764
0.4923
0.2333
0.2439
0.4308
0.3571
0.3
0.2273
0.2273
0.3797
0.1585
0.4
0.2812
0.2377
0.3768
0.3689
0.2892
0.2828
0.4079
0.2083
0.4368
0.5484
0.5517
0.4404
0.5152
0.2727
0.1765
0.4667
0.2778
0.38
0.4474
0.4143
0.2857
0.2778
0.7941
0.3636
0.3571
0.4744
0.5231
0.236
0.4268
0.1594
0.3425
0.4157
0.4203
0.2841
0.4691
0.4242
0.3494
0.2976
0.284
0.175
0.5735
0.3108
0.5068
0.4051
0.3191
0.3837
0.7288
0.3971
0.4921
0.2759
0.2286
0.3368
0.52
0.3837
0.3108
0.4026
0.3146
0.4384
0.2697
0.4167
0.9825
0.4483
0.6875
0.3662
0.4198
0.3625
0.3038
0.5932
0.2469
0.7344
0.3636
0.4432
0.3736
0.2338
0.5
0.4286
0.4
0.4938
0.4688
0.5692
0.4848
0.6481
0.1895
0.4932
0.2211
0.2593
0.1579
0.2556
0.3478
0.7424
0.4795
0.3125
0.3875
0.1954
0.4545
0.5789
0.3714
0.338
0.4
0.5075
0.4535
0.9057
0.1856
0.575
0.5429
0.4267
0.1702
0.2024
0.4853
0.3676
0.3059
0.5152
0.4459
0.3011
0.5429
0.4026
0.4194
0.4521
0.4286
0.4512
0.4533
0.3382
0.2674
0.439
0.2368
0.15
0.8235
0.3253
0.3919
0.6885
0.1795
0.6
0.561
0.5753
0.4833
0.35
0.5246
0.5902
0.527
0.4521
0.6557
0.3158
0.2987
0.3
0.4079
0.4478
0.4754
0.3684
0.4444
0.3488
0.5467
0.4512
0.5405
0.6056
0.3363
0.8909
0.2152
0.6081
0.3516
0.3404
0.4783
0.4405
0.3418
0.2727
0.3412
0.2778
0.4462
0.2667
0.3768
0.5692
0.2178
0.4337
0.6029
0.2439
0.2436
0.4058
0.4051
0.4568
0.551
0.371
0.2346
0.2192
0.3415
0.3077
0.4881
0.3718
0.1807
0.381
0.4
0.378
0.3134
0.4
0.3857
0.4737
0.4706
0.2947
0.4795
0.2593
0.2615
0.3239
0.8689
0.3243
0.3333
0.4483
0.6
0.4098
0.4177
0.4795
0.3611
0.3418
0.4416
0.5479
0.3218
0.2617
0.5385
0.1758
0.5694
0.3939
0.2676
0.1368
0.15
0.403
0.21
0.4133
0.3544
0.3765
0.4571
0.1042
0.2674
0.3297
0.4638
0.2917
0.6452
0.3291
0.3125
0.4754
0.6029
0.4615
0.3816
0.3906
0.4857
0.2041
0.3731
0.3889
0.4521
0.3429
0.5942
0.325
0.1644
0.4865
0.3558
0.2143
0.1628
0.2963
0.3293
0.5397
0.5325
0.3902
0.5
0.3
0.3438
0.4533
0.25
0.3973
0.5
0.2718
0.6176
0.3788
0.3494
0.4615
0.2381
0.2577
0.2987
0.1134
0.3981
0.3548
0.6557
0.3152
0.3462
0.5513
0.2738
0.6515
0.3333
0.5758
0.2262
0.3529
0.589
0.4253
0.1954
0.3544
0.5128
0.25
0.3333
0.3571
0.3951
0.4062
0.3289
0.3111
0.3421
0.4935
0.6324
0.2079
0.4512
0.3298
0.2706
0.3714
0.1596
0.3537
0.6173
0.36
0.2093
0.275
0.4769
0.33
0.7229
0.4545
0.2597
0.3276
0.4375
0.3919
0.4684
0.4878
0.3231
0.6818
0.5634
0.3258
0.3214
0.134
0.3678
0.2976
0.4478
0.4337
0.8983
0.3875
0.2321
0.2245
0.9608
0.3125
0.3333
0.5205
0.3902
0.3068
0.3165
0.5882
0.6441
0.4265
0.369
0.4133
0.3784
0.75
0.5082
0.1887
0.8333
0.3117
0.2347
0.5172
0.2907
0.6818
0.2963
0.35
0.4058
0.2877
0.3944
0.3846
0.4308
0.3452
0.275
0.5303
0.2073
0.2479
0.3846
0.2941
0.1565
0.2949
0.4722
0.4286
0.2688
0.3467
0.3333
0.3205
0.8507
0.4394
0.25
0.5522
0.2727
0.25
0.6316
0.2267
0.3291
0.7681
0.5385
0.2283
0.4405
0.2906
0.6552
0.4776
0.3896
0.4578
0.4198
0.3444
0.5211
0.4
0.359
0.5616
0.5
0.2283
0.3898
0.3133
0.1277
0.6667
0.4028
0.1889
0.369
0.2368
0.3647
0.3
0.5385
0.2941
0.3977
0.411
0.3625
0.2439
0.2754
0.7049
0.3699
0.2439
0.5
0.2553
0.1573
0.2468
0.321
0.2959
0.2676
0.2617
0.3222
0.4559
0.2857
0.1463
0.6885
0.493
0.1047
0.2958
0.425
0.2558
0.3804
0.3947
0.3846
0.6111
0.5469
0.3158
0.4444
0.1556
0.5714
0.4333
0.4675
0.5968
0.3012
0.3718
0.321
0.1944
0.2018
0.2857
0.6897
0.359
0.6719
0.5357
0.4507
0.1705
0.4658
0.5065
0.3333
0.3692
0.9815
0.4677
0.4462
0.4068
0.3333
0.3281
0.43
0.375
0.4675
0.3733
0.3333
0.4348
0.3971
0.5303
0.3837
0.4
0.4343
0.9661
0.28
0.3696
0.1807
0.25
0.2625
0.4143
0.45
0.3377
0.4556
0.7188
0.4684
0.4177
0.2632
0.5469
0.4933
0.527
0.3333
0.4487
0.55
0.2157
0.2405
0.25
0.4268
0.2619
0.4086
0.3441
0.2907
0.48
0.3125
0.3729
0.4667
0.3176
0.2414
0.2069
0.4891
0.4382
0.4524
0.4324
0.4605
0.3133
0.4286
0.4211
0.3418
0.28
0.3784
0.2708
0.3929
0.4321
0.4795
0.2059
0.36
0.1974
0.2289
0.2941
0.2687
0.5125
0.4478
0.2289
0.4286
0.5965
0.3571
0.2388
0.6232
0.4615
0.3529
0.3511
0.2759
0.4789
0.3913
0.6081
0.5217
0.5205
0.3059
0.2747
0.5672
0.3205
0.4054
0.1705
0.3462
0.4133
0.4462
0.7937
0.3077
0.3429
0.2333
0.3418
0.6588
0.3766
0.339
0.3068
0.4286
0.3247
0.2083
0.5122
0.2785
0.4416
0.557
0.1765
0.6438
0.3678
0.2561
0.3804
0.3333
0.3563
0.4342
0.4776
0.3594
1.0308
0.5246
0.8846
0.2771
0.2771
0.3
0.4524
0.4697
0.5286
0.4524
0.1735
0.2784
0.6618
0.3133
0.191
0.4141
0.7288
0.141
0.4615
0.6027
0.3333
0.1461
0.3247
0.3333
0.1705
0.3059
0.443
0.4085
0.4935
0.561
0.2159
0.6164
0.3143
0.1818
0.3708
0.1505
0.4058
0.4853
0.3596
0.4267
0.4769
0.3485
0.541
0.4
0.3505
0.3333
0.3871
0.2917
0.2875
0.2556
0.4138
0.6515
0.4054
0.1143
0.2045
0.5758
0.3458
0.3951
0.2462
0.4615
0.3016
0.4444
0.3671
0.3375
0.2561
0.3824
0.4286
0.4684
0.1711
0.411
0.3
0.2949
0.5676
0.6286
0.0104
0.4054
0.3696
0.5506
0.3902
0.0341
0.25
0.1687
0.1558
0.236
0.3226
0.2222
0.2381
0.375
0.9057
0.2907
0.1739
0.1644
0.3378
0
0.2647
0.4308
0.5405
0.3611
0.5385
0.2584
0.3
0.7143
0.3425
0.2551
0.1268
0.0135
0.2418
0.3617
0.4474
0.2532
0.3239
0.3714
0.2143
0.4675
0.0921
0.0449
0.4096
0.3563
0.4493
0.25
0.1327
0.2083
0.4928
0.55
0.5362
0.45
0.375
0.0676
0.4189
0.0213
0.2911
0
0.6087
0.3944
0.3867
0.3056
0.3636
0.5429
0.2268
0.2073
0.0247
0.3222
0.4156
0.3956
0.597
0.3375
0.1939
0.1327
0.2468
0.3231
0.4125
0.4051
0.4384
0.4559
0.2099
0.2353
0.4
0.2319
0.2237
0.1727
0.2159
0.2927
0.2584
0.6094
0.025
0.3625
0.169
0.1351
0.5658
0.2051
0.2738
0.4494
0.3333
0.4737
0.0396
0.2234
0.3871
0.3714
0.6383
0.225
0.0405
0.2388
0.3182
0.2532
0.4074
0.3146
0.3378
0.678
0.481
0.3636
0.6491
0.3731
0.2688
0.4861
0.4247
0.5224
0.12
0.5667
0.3973
0.5161
0.3816
0.4
0.2353
0.2778
0.2029
0.21
0.2929
0.2895
0.3896
0.4177
0.2105
0.0288
0.5694
0.5067
0.3333
0.3537
0.3667
0.4474
0.0208
0.5
0.4507
0.7361
0.3562
0.3433
0.3438
0.6842
0.2136
0.3108
0.3418
0.4306
0.3789
0.2973
0.3559
0.3662
0.4769
0
0.6528
0.4462
0.2703
0.0206
0.2706
0.4079
0.2317
0.2857
0.275
0.5932
0.3818
0.1163
0.2857
0.3125
0.2083
0.6053
0.3855
0.0349
0.2614
0.5362
0.3134
0.0192
0.5517
0.3333
0.2414
0.3789
0.2745
0.2222
0.5205
0.3421
0.0649
0.4805
0.3375
0.338
0.4156
0.4127
0.2
0.44
0.2625
0.1277
0.0122
0.0204
0.375
0.3523
0.3241
0.5806
0.2667
0.5
0.3263
0.3043
0.2439
0.284
0.3977
0.0096
0.6042
0.2754
0.0685
0.2791
0.425
0.3505
0.1807
0.3951
0.0206
0.1705
0.3699
0.0361
0.2581
0.2615
0.0194
0.6389
0.5513
0.4103
0.1786
0.3187
0.3061
0.2346
0.5
0.3516
0.4474
0.3333
0.3625
0.2381
0.4
0.3218
0.4353
0.2254
0.3529
0.2963
0.3529
0.5938
0.3418
0.2727
0.3766
0.5082
0.3651
0.023
0.0112
0.4933
0.5781
0.3226
0.2222
0.3077
0.2444
0.569
0.4744
0.338
0.3014
0.4571
0.2614
0.4429
0.3247
0.2093
0.3733
0.3111
0.3646
0.125
0.2564
0.233
0.3372
0.2419
0.3696
0.3889
0.4211
0.011
0.3548
0.215
0.284
0.3889
0.2469
0.4524
0.0412
0.0375
0.4286
0.3582
0.5507
0.5395
0.0485
0.4024
0.5068
0.3125
0.3731
0.1979
0.2879
0.027
0.0202
0.2895
0.2963
0.2941
0.3919
0.4561
0.3649
0.5625
0.4
0.3521
0.0192
0.0146
0.4615
0.3111
0.1829
0.3077
0.3143
0.2778
0.1818
0.1909
0
0.1463
0.3429
0.2917
0.1885
0.3623
0.301
0.2289
0.2424
0.0222
0.25
0.0392
0.5968
0.4483
0.3578
0.5373
0.0088
0.1765
0.3467
0.2639
0.35
0.4474
0.2817
0.2208
0.3143
0.7941
0.4156
0.0128
0.3718
0.5538
0.2697
0.4024
0.1739
0.3151
0.3708
0.4203
0.2955
0.3827
0.3939
0.3494
0.3214
0.2346
0.1358
0.4559
0.2973
0.5342
0.3671
0.266
0.4535
0.7119
0.2794
0.3651
0.2989
0.3429
0.3158
0.4933
0.3721
0.2838
0.3766
0.0303
0.4658
0.3258
0.4286
0.5968
0.3908
0.6562
0.4085
0.4321
0.3625
0.3165
0.6441
0.284
0.75
0.3766
0.4432
0.3846
0.2597
0.5
0.3929
0.033
0.4074
0.2714
0.5231
0.3939
0.5273
0.1053
0.4384
0.1053
0.1975
0.1684
0.05
0.3478
0.7121
0.5068
0.0563
0.3875
0.1724
0.4026
0.5526
0.3803
0.3333
0.5059
0.5075
0.407
0.8302
0.2268
0.5
0.4857
0.0326
0.117
0.2619
0.4412
0.2778
0.3059
0.4179
0.4595
0.3763
0.5286
0.4026
0.0725
0.3836
0.4571
0
0.3247
0.3382
0
0.4512
0.0253
0.13
0.5283
0.3253
0.3649
0.6393
0.1923
0.5667
0.4634
0.5205
0.4833
0.022
0.4918
0.0959
0.4189
0.3836
0.5246
0.3289
0.3117
0.1528
0.0444
0.4179
0.4426
0.3289
0.375
0.3605
0.5733
0.4268
0.4459
0.5634
0.3186
0.7455
0.2405
0.5946
0.3736
0.3191
0.4058
0.4524
0.3846
0.0588
0.3059
0.2333
0.3692
0.2133
0.4348
0.6308
0.1683
0.3494
0.5
0.2024
0.3947
0.3286
0.3671
0.4321
0.551
0.4032
0.2099
0.2329
0.3171
0.3385
0.4524
0.3718
0.1687
0.369
0.3789
0.3293
0.2537
0.3647
0.2394
0.4605
0.5
0.1633
0.411
0.35
0.2923
0.3239
0.918
0.3649
0.3333
0.4045
0.05
0.3443
0.443
0.2667
0.3514
0.2405
0.3506
0.5068
0.2414
0.2523
0.0309
0.1758
0.4722
0.4394
0.05
0.1158
0.1275
0.3731
0.18
0.4267
0.3544
0.3765
0.0253
0.172
0.2209
0.3516
0.4638
0.3125
0.5484
0.044
0.3375
0.4754
0.0723
0.4423
0.3947
0.3594
0.6324
0.1837
0.3134
0.3333
0.2973
0.3571
0.5217
0.275
0.1781
0.473
0.0417
0.1531
0.1395
0.2469
0.3049
0.5714
0.3974
0.3171
0.0426
0.3
0.3016
0.0471
0.2857
0.3425
0.0421
0.233
0.5147
0.4242
0.0421
0.4615
0.2143
0.299
0.3506
0.1031
0.3981
0.2796
0.459
0.3152
0.359
0.5
0.25
0.6364
0.3448
0.5455
0.2381
0.0204
0.4932
0.3793
0.1724
0.3671
0.4231
0.2083
0.3333
0.3929
0.3086
0.3438
0.0581
0.2333
0.2895
0.5195
0.0341
0.0273
0.4146
0.4043
0.2235
0.4
0.0851
0.3537
0.6296
0.35
0.2209
0.2963
0.4923
0.2475
0.7317
0.4935
0.0235
0.4138
0.0206
0.3378
0.4937
0.4268
0.3385
0.5909
0.507
0.3034
0.2588
0.1443
0.3333
0.3294
0.4776
0.4096
0.8305
0.0698
0.2232
0.2347
0.0308
0.2
0.28
0.5068
0.3902
0.2955
0.2911
0.5647
0.7119
0.4118
0.0412
0.3919
0.3784
0.6667
0.3934
0.25
0.0723
0.2727
0.3061
0.5345
0.1818
0.6061
0.0323
0.325
0.4493
0
0.1429
0.4462
0.0429
0.25
0.2625
0.4242
0.0217
0.2137
0.3538
0.2941
0.1478
0.2821
0.4861
0.4921
0.2796
0.28
0.3077
0.2179
0.6119
0.4242
0.1875
0.0128
0.2424
0.2237
0.5263
0.2533
0.3038
0.6812
0.4923
0.2391
0.5238
0.3162
0.3065
0.4706
0.4156
0.4096
0.4321
0.3222
0.493
0.3467
0.359
0.4795
0.5333
0.1739
0.3729
0.3012
0.2128
0.5965
0.3472
0.0215
0.0309
0.32
0.2414
0.2875
0.5
0.0323
0.3523
0.3973
0.3625
0.2317
0.2464
0.6721
0.3562
0.2048
0.4861
0.2553
0.191
0.2078
0.321
0.3367
0.2676
0.2222
0.4333
0.4265
0.3143
0.1463
0.6721
0.4366
0.0465
0.0361
0.45
0.2442
0.337
0
0.3407
0.463
0.3438
0.2316
0.3472
0.0842
0.0123
0.4833
0.0421
0.0127
0.3373
0.359
0.321
0.2083
0.094
0.022
0.6379
0.0225
0.5312
0.5536
0.4225
0.1395
0.3973
0.5325
0.3733
0.3077
0.9444
0.4032
0.4462
0.3559
0.3043
0.2344
0.33
0.4205
0.4805
0.3733
0.044
0.337
0.4118
0.4697
0.3333
0.0128
0.3838
0.8814
0.2133
0.2581
0.1687
0.25
0.3125
0.3714
0.3125
0.2152
0.3778
0.4545
0.4051
0.4051
0.3026
0.5469
0.52
0.4865
0.3226
0.4744
0.5
0.1863
0.2785
0.3563
0.3412
0.25
0.4086
0.3511
0.439
0.48
0.2917
0.3051
0.4444
0.0206
0.0469
0.2184
0.4457
0.0094
0.3333
0.4189
0.0787
0.3373
0.3968
0.018
0.2405
0.2133
0.3649
0.2292
0.3571
0.3457
0.4384
0.0175
0.32
0.1974
0.2169
0.0102
0.3134
0.4375
0.0267
0.2
0.369
0.5789
0.3571
0.1127
0.3857
0.5
0.2941
0.3723
0.2069
0.4789
0.3768
0.6486
0.4058
0.4795
0.2706
0.2527
0.5373
0.2692
0.3919
0.1364
0.3205
0.4
0.4308
0.7302
0.3407
0.0526
0.2556
0.4487
0.6941
0.3117
0.339
0.3409
0.3333
0.0357
0.2083
0.5244
0.3165
0.4156
0.443
0.0109
0.6438
0.3793
0.2439
0.4022
0.3542
0.2874
0.4474
0.4925
0.3906
0.8154
0.4918
0.8077
0.2651
0.253
0.5479
0.05
0.4848
0.5429
0.0211
0.1327
0.3093
0.6176
0.3494
0.1429
0.404
0.7966
0.1282
0.4615
0.5616
0.0513
0.0562
0.3247
0.4048
0.1136
0.2588
0.4557
0.0244
0.3875
0.4512
0.1932
0.0104
0.2113
0.1932
0
0.1505
0.3913
0.3824
0.3864
0.3467
0.3846
0.3485
0.5738
0.0337
0.0351
0.3846
0.3871
0.3288
0.275
0.2222
0.2989
0.6364
0.3514
0.1442
0.1932
0.5606
0.3271
0.3049
0.2
0.2967
0.3016
0.375
0.2785
