x
0.3911
0.3672
0.3684
0.3812
0.3575
0.3796
0.3968
0.3442
0.3874
0.3804
0.3853
0.3721
0.3801
0.3823
0.3482
0.3947
0.3851
0.3599
0.3527
0.3634
0.3883
0.385
0.3793
0.3769
0.3672
0.3877
0.3468
0.3887
0.3819
0.3827
0.3733
0.359
0.3613
0.3915
0.3693
0.3617
0.3628
0.3706
0.3978
0.3972
0.3976
0.3806
0.3853
0.3922
0.3376
0.3833
0.3804
0.389
0.3758
0.3725
0.3763
0.3638
0.3794
0.376
0.3968
0.3785
0.3769
0.388
0.3954
0.3796
0.3749
0.3817
0.3779
0.3527
0.3867
0.3618
0.3616
0.367
0.3722
0.3946
0.3613
0.3841
0.3447
0.3964
0.3554
0.3809
0.3787
0.3587
0.3926
0.3825
0.3822
0.3946
0.3951
0.3659
0.3887
0.3575
0.3809
0.3889
0.3771
0.382
0.366
0.3728
0.373
0.3647
0.3274
0.3584
0.3851
0.386
0.3544
0.384
0.3982
0.383
0.3467
0.3678
0.3571
0.366
0.3676
0.3442
0.377
0.3678
0.3938
0.3853
0.3672
0.3844
0.3642
0.3861
0.3974
0.3603
0.3865
0.3833
0.3845
0.3524
0.3768
0.3889
0.3986
0.3679
0.3834
0.3886
0.3623
0.38
0.3806
0.3624
0.3759
0.3898
0.3764
0.3811
0.3587
0.3992
0.3879
0.375
0.3808
0.3965
0.3852
0.3928
0.3787
0.3744
0.3729
0.3876
0.3747
0.3772
0.3834
0.3914
0.3831
0.3696
0.3544
0.3822
0.3729
0.3718
0.3699
0.3773
0.3866
0.3557
0.383
0.3742
0.396
0.3841
0.355
0.3807
0.3683
0.3825
0.372
0.388
0.3906
0.3744
0.3759
0.3758
0.3699
0.3755
0.3852
0.3125
0.3814
0.3605
0.3717
0.3369
0.3848
0.3787
0.3771
0.3485
0.363
0.3523
0.3778
0.3971
0.3613
0.3814
0.3759
0.3715
0.38
0.3702
0.374
0.3635
0.3691
0.3725
0.3843
0.3665
0.3845
0.3828
0.3579
0.3896
0.3852
0.3817
0.3828
0.3826
0.3749
0.349
0.3944
0.394
0.3888
0.3882
0.3865
0.395
0.395
0.387
0.3925
0.3995
0.3772
0.38
0.3848
0.3625
0.3774
0.3825
0.3901
0.3858
0.3936
0.3779
0.3742
0.3877
0.3825
0.3767
0.3837
0.376
0.3918
0.3787
0.3646
0.3739
0.3844
0.3725
0.3586
0.3821
0.3673
0.398
0.3853
0.3849
0.3584
0.3977
0.3946
0.3266
0.3876
0.3626
0.3659
0.3854
0.3925
0.3816
0.3846
0.3692
0.3986
0.375
0.3495
0.3823
0.3971
0.3718
0.3869
0.3931
0.3762
0.3581
0.3861
0.3607
0.36
0.3791
0.3718
0.3781
0.3657
0.3952
0.3359
0.3388
0.3841
0.3857
0.3636
0.3849
0.3919
0.399
0.3802
0.3935
0.3915
0.3759
0.3811
0.3443
0.3861
0.3727
0.3711
0.3942
0.3772
0.3834
0.3899
0.3719
0.3821
0.3606
0.3859
0.3937
0.3954
0.3783
0.357
0.3638
0.3797
0.39
0.3643
0.3862
0.3861
0.3757
0.3903
0.3551
0.3748
0.3729
0.3668
0.3787
0.3802
0.3832
0.3766
0.3873
0.3662
0.3856
0.3749
0.3989
0.3701
0.397
0.3852
0.398
0.3727
0.367
0.3548
0.3874
0.3841
0.3466
0.3683
0.3853
0.3528
0.3807
0.3689
0.3705
0.376
0.3733
0.3822
0.3752
0.3815
0.3663
0.3812
0.3821
0.3569
0.3905
0.3769
0.3586
0.3647
0.3876
0.3683
0.3829
0.3739
0.3886
0.3702
0.3791
0.3862
0.3667
0.3893
0.3775
0.367
0.3822
0.3798
0.3631
0.3555
0.3863
0.3537
0.3846
0.3579
0.3531
0.3123
0.3932
0.389
0.3824
0.3863
0.3613
0.3957
0.376
0.364
0.38
0.3596
0.3693
0.3724
0.3768
0.3408
0.3762
0.3904
0.3988
0.372
0.3851
0.3851
0.3568
0.3913
0.3797
0.3728
0.3769
0.3832
0.3946
0.324
0.3948
0.3892
0.3951
0.3705
0.3577
0.3653
0.3624
0.3761
0.3941
0.3884
0.3662
0.37
0.3891
0.3792
0.3413
0.3738
0.3842
0.384
0.3746
0.3712
0.3726
0.3487
0.3983
0.3884
0.3735
0.3573
0.3607
0.3976
0.3898
0.3859
0.3591
0.3839
0.3863
0.3459
0.3742
0.3829
0.3783
0.3826
0.3752
0.3722
0.3873
0.3676
0.3989
0.3888
0.3795
0.3808
0.398
0.3644
0.3774
0.3853
0.3825
0.3537
0.3774
0.3599
0.3791
0.383
0.3898
0.343
0.3814
0.3893
0.3923
0.3579
0.3805
0.3773
0.3754
0.3729
0.373
0.3894
0.3948
0.3713
0.3697
0.3643
0.375
0.3815
0.3977
0.3962
0.3945
0.3978
0.3894
0.3732
0.3679
0.3892
0.3596
0.3414
0.3773
0.3782
0.3815
0.3776
0.3844
0.3853
0.3892
0.3756
0.3889
0.3973
0.3958
0.3842
0.3698
0.3886
0.3829
0.3772
0.3812
0.3826
0.3661
0.3804
0.3587
0.3903
0.3612
0.3967
0.3852
0.3794
0.3876
0.3827
0.3882
0.3838
0.3825
0.3836
0.3869
0.3724
0.3846
0.3683
0.3656
0.3915
0.375
0.3715
0.3877
0.3881
0.3576
0.3391
0.3669
0.3892
0.3816
0.354
0.3766
0.375
0.3507
0.3824
0.3733
0.3571
0.3638
0.3722
0.3882
0.3762
0.3957
0.3476
0.3842
0.3985
0.3743
0.372
0.3834
0.3546
0.3526
0.388
0.3844
0.3787
0.3646
0.3772
0.3876
0.4
0.3653
0.3336
0.3602
0.3711
0.3645
0.3808
0.3813
0.3803
0.3555
0.3731
0.3687
0.3653
0.3729
0.3658
0.3962
0.3889
0.3757
0.3775
0.3879
0.3862
0.3984
0.3707
0.3668
0.3843
0.3976
0.3822
0.3844
0.3613
0.3877
0.3621
0.3696
0.3427
0.3649
0.352
0.3694
0.3983
0.3967
0.3779
0.3715
0.3821
0.3812
0.3752
0.3867
0.3853
0.3691
0.3682
0.3705
0.3678
0.3866
0.3635
0.374
0.3723
0.3671
0.3956
0.3898
0.3755
0.3806
0.3742
0.3991
0.388
0.372
0.3814
0.3773
0.3685
0.3903
0.3787
0.3812
0.3706
0.371
0.3705
0.3533
0.3871
0.3826
0.3926
0.3746
0.3508
0.3899
0.3976
0.3874
0.362
0.3561
0.3812
0.3621
0.3776
0.3511
0.3903
0.3779
0.3917
0.3726
0.3816
0.3438
0.3549
0.3757
0.3571
0.374
0.391
0.3683
0.359
0.3983
0.3816
0.3839
0.3573
0.362
0.3792
0.3854
0.3802
0.3654
0.376
0.377
0.3757
0.3628
0.3571
0.3678
0.3846
0.3695
0.3823
0.354
0.3637
0.3792
0.3635
0.3864
0.3757
0.3456
0.3855
0.3437
0.3667
0.3892
0.3859
0.3758
0.3896
0.397
0.3718
0.3806
0.3629
0.39
0.3899
0.3858
0.3788
0.3705
0.3673
0.3799
0.398
0.3968
0.3879
0.382
0.3592
0.3901
0.3715
0.3756
0.3693
0.3823
0.3488
0.3789
0.3369
0.3732
0.3894
0.3962
0.3749
0.3895
0.3895
0.3879
0.3767
0.3558
0.3805
0.3852
0.357
0.3847
0.3815
0.3718
0.3763
0.3904
0.3849
0.3921
0.3978
0.3501
0.3845
0.3661
0.37
0.3853
0.3527
0.3899
0.3983
0.3782
0.3733
0.3848
0.3899
0.382
0.3541
0.3908
0.3892
0.3594
0.3854
0.3792
0.3637
0.3859
0.3369
0.3691
0.3772
0.381
0.3955
0.3891
0.3991
0.3623
0.3614
0.386
0.3896
0.3603
0.3684
0.3691
0.384
0.3751
0.374
0.3776
0.3845
0.3766
0.3789
0.3657
0.3808
0.3748
0.3704
0.3756
0.3976
0.3591
0.384
0.3757
0.3986
0.3873
0.357
0.3726
0.3744
0.3872
0.3639
0.3632
0.3658
0.3826
0.3225
0.389
0.3987
0.3788
0.3886
0.3854
0.3839
0.3757
0.3924
0.3625
0.378
0.3824
0.3875
0.3452
0.3477
0.367
0.3599
0.3748
0.3847
0.3567
0.3643
0.3708
0.385
0.3746
0.3864
0.3698
0.3766
0.383
0.3792
0.3981
0.3649
0.3774
0.3679
0.3791
0.3861
0.39
0.3764
0.3977
0.3841
0.3888
0.3845
0.3428
0.3986
0.3873
0.3785
0.386
0.3905
0.3774
0.3796
0.3839
0.3817
0.3683
0.3688
0.3735
0.376
0.3645
0.3751
0.3627
0.3549
0.3906
0.34
0.3904
0.3801
0.3708
0.3748
0.3721
0.4
0.3648
0.365
0.384
0.3768
0.3793
0.3521
0.392
0.3837
0.3823
0.3687
0.3663
0.3765
0.3707
0.3772
0.3714
0.3665
0.373
0.3751
0.3753
0.3704
0.3775
0.3881
0.3781
0.3849
0.3986
0.3741
0.3862
0.3912
0.3894
0.3946
0.3766
0.3774
0.3874
0.3702
0.3971
0.357
0.3845
0.3661
0.3556
0.367
0.3822
0.3868
0.3979
0.3707
0.3979
0.3722
0.3847
0.3759
0.3975
0.3826
0.3436
0.3702
0.3745
0.3911
0.3626
0.3671
0.3727
0.3877
0.3743
0.3716
0.3955
0.3977
0.3788
0.3702
0.3626
0.3844
0.3745
0.3946
0.371
0.3967
0.3574
0.348
0.3626
0.3367
0.3617
0.3795
0.376
0.3752
0.3715
0.3436
0.3945
0.3871
0.3827
0.3838
0.388
0.3832
0.3911
0.3436
0.3882
0.3884
0.3846
0.3536
0.362
0.3756
0.3775
0.3537
0.3818
0.3826
0.3822
0.3258
0.3621
0.3552
0.3966
0.3505
0.3613
0.3863
0.3479
0.3613
0.3141
0.3747
0.3846
0.3818
0.3723
0.3623
0.3754
0.3796
0.3615
0.3501
0.3836
0.3873
0.3834
0.3756
0.3689
0.3754
0.3738
0.3597
0.3685
0.3716
0.3729
0.3816
0.3525
0.3959
0.3896
0.3886
0.3678
0.3842
0.3665
0.3881
0.3858
0.398
0.3994
0.3939
0.3982
0.3902
0.3757
0.3716
0.3418
0.3984
0.3995
0.3962
0.3972
0.3977
0.3861
0.3552
0.3945
0.3865
0.4
0.378
0.3503
0.3845
0.3756
0.3978
0.3974
0.3797
0.399
0.3938
0.3734
0.3982
0.3984
0.3972
0.3995
0.3911
0.391
0.3946
0.3976
0.3959
0.3981
0.3996
0.3882
0.3706
0.3994
0.3774
0.3895
0.3765
0.3987
0.3987
0.3763
0.3659
0.3972
0.3961
0.3694
0.3764
0.3969
0.3792
0.3622
0.3731
0.3969
0.3961
0.3788
0.3799
0.3875
0.3969
0.3978
0.3978
0.3964
0.395
0.3632
0.3897
0.3995
0.3988
0.3647
0.3973
0.3664
0.382
0.3965
0.3971
0.37
0.3915
0.3925
0.3823
0.3966
0.397
0.3986
0.399
0.3844
0.3865
0.3967
0.3804
0.374
0.3761
0.3694
0.3566
0.3985
0.3954
0.3957
0.3578
0.399
0.3982
0.3967
0.3973
0.3922
0.3897
0.3867
0.3935
0.3989
0.3991
0.3746
0.3988
0.3699
0.386
0.3996
0.37
0.3795
0.4
0.3757
0.3655
0.3995
0.3958
0.3994
0.3712
0.3888
0.3969
0.3746
0.3786
0.3897
0.3994
0.3967
0.3967
0.3874
0.3996
0.3985
0.3995
0.3693
0.3981
0.3981
0.3973
0.3708
0.3948
0.3978
0.3924
0.3981
0.367
0.3976
0.3963
0.3966
0.3574
0.3969
0.3991
0.3975
0.3945
0.3842
0.3989
0.3983
0.3985
0.4
0.3988
0.3869
0.3981
0.3834
0.3924
0.3982
0.3774
0.3976
0.3971
0.398
0.3723
0.386
0.3824
0.3929
0.361
0.3966
0.3963
0.3681
0.3964
0.3986
0.3976
0.3942
0.3799
0.3693
0.3966
0.3726
0.3977
0.3973
0.3986
0.3983
0.3969
0.3874
0.3567
0.3986
0.3454
0.3897
0.3995
0.3995
0.386
0.398
0.3752
0.4
0.3971
0.397
0.3317
0.3944
0.3991
0.3963
0.3956
0.3989
0.3969
0.3929
0.359
0.3978
0.3984
0.3908
0.3961
0.3976
0.3949
0.399
0.3829
0.3885
0.3985
0.4
0.3891
0.3992
0.385
0.3996
0.3982
0.3876
0.3822
0.3963
0.3698
0.3974
0.3663
0.38
0.3996
0.39
0.3996
0.399
0.3985
0.3926
0.3981
0.3693
0.3917
0.3979
0.3767
0.3974
0.3587
0.3982
0.3984
0.3975
0.3973
0.3859
0.3968
0.3875
0.3852
0.3989
0.3874
0.3755
0.3506
0.3882
0.3988
0.3958
0.399
0.3948
0.3983
0.4
0.3941
0.3988
0.3528
0.3843
0.3928
0.3994
0.3981
0.3865
0.3987
0.3684
0.3757
0.3846
0.3955
0.3857
0.3924
0.3968
0.3946
0.3893
0.3838
0.3574
0.3988
0.395
0.3983
0.3808
0.3969
0.3888
0.3979
0.3994
0.3752
0.3981
0.3955
0.3589
0.377
0.3927
0.3856
0.3984
0.3985
0.3944
0.3952
0.3972
0.3976
0.373
0.3976
0.3976
0.3989
0.35
0.3962
0.3941
0.3982
0.3686
0.3923
0.3951
0.3588
0.3969
0.3938
0.3825
0.3665
0.3958
0.3994
0.3984
0.3995
0.3892
0.3922
0.398
0.3544
0.3987
0.397
0.3987
0.3981
0.3966
0.3963
0.3899
0.3887
0.3611
0.3894
0.3971
0.3967
0.3843
0.3964
0.3967
0.3994
0.3964
0.3563
0.3863
0.3986
0.3972
0.3988
0.3772
0.3964
0.3944
0.398
0.3985
0.398
0.3944
0.4
0.399
0.3974
0.3993
0.3738
0.3829
0.3891
0.3206
0.3355
0.3994
0.3656
0.378
0.3809
0.3995
0.3986
0.3966
0.3894
0.397
0.3955
0.3531
0.3818
0.3955
0.3627
0.3925
0.3861
0.3945
0.371
0.3841
0.3948
0.3671
0.398
0.3731
0.3771
0.3976
0.39
0.3987
0.392
0.3849
0.3976
0.3994
0.3968
0.3807
0.3243
0.3872
0.3903
0.3979
0.3954
0.3987
0.3636
0.3886
0.4
0.3388
0.3978
0.4
0.3972
0.3939
0.3983
0.357
0.3995
0.3424
0.3986
0.3986
0.3849
0.3968
0.3813
0.3698
0.3753
0.3875
0.3967
0.3727
0.3983
0.3991
0.3943
0.3953
0.3776
0.3904
0.3703
0.3803
0.3929
0.3885
0.3976
0.3972
0.3972
0.3761
0.3885
0.3977
0.3679
0.3678
0.3982
0.3988
0.3587
0.3954
0.3986
0.3953
0.323
0.3733
0.3913
0.3784
0.3977
0.3919
0.3496
0.3994
0.3959
0.3504
0.3522
0.3972
0.3818
0.3989
0.3641
0.336
0.398
0.3925
0.3982
0.3621
0.3844
0.3925
0.3753
0.3961
0.3976
0.3853
0.3874
0.3977
0.4
0.3804
0.3974
0.3989
0.396
0.3995
0.3863
0.3973
0.3961
0.3785
0.3964
0.3633
0.3879
0.3974
0.3966
0.3985
0.3935
0.3955
0.3841
0.3956
0.3941
0.3831
0.4
0.377
0.3963
0.3886
0.3731
0.3935
0.3961
0.397
0.3673
0.3856
0.3889
0.3819
0.3692
0.3966
0.3982
0.398
0.3905
0.4
0.3975
0.3825
0.3482
0.3989
0.3818
0.3958
0.3888
0.3625
0.3707
0.3861
0.3823
0.3854
0.3981
0.3962
0.3612
0.3965
0.3912
0.3963
0.3972
0.396
0.3982
0.3658
0.3982
0.3784
0.395
0.3912
0.3946
0.3949
0.3958
0.3995
0.3989
0.3847
0.3675
0.3976
0.3971
0.395
0.3968
0.398
0.3804
0.369
0.3971
0.3878
0.3801
0.385
0.3859
0.3965
0.3794
0.38
0.399
0.3981
0.3981
0.3971
0.396
0.3803
0.3755
0.387
0.3706
0.3966
0.3967
0.3994
0.398
0.3978
0.3616
0.3963
0.3949
0.3959
0.3504
0.394
0.3938
0.3598
0.3976
0.3968
0.3831
0.3681
0.3969
0.3871
0.3986
0.3964
0.3883
0.3933
0.3982
0.3813
0.396
0.3964
0.344
0.3837
0.3976
0.395
0.3996
0.3985
0.3787
0.3786
0.3829
0.3766
0.3789
0.3995
0.3972
0.3835
0.3541
0.3958
0.3887
0.3888
0.399
0.3995
0.3806
0.3858
0.3651
0.3955
0.3971
0.3952
0.3971
0.3975
0.3922
0.397
0.3448
0.3785
0.3951
0.3687
0.398
0.3428
0.3788
0.3803
0.3988
0.3986
0.3973
0.3988
0.3701
0.3972
0.3789
0.3737
0.3725
0.399
0.396
0.398
0.399
0.3894
0.395
0.3983
0.3992
0.3974
0.3985
0.3895
0.3829
0.3848
0.3957
0.3566
0.3619
0.3783
0.3985
0.3921
0.3909
0.3688
0.3872
0.3937
0.3985
0.3973
0.3693
0.3972
0.3751
0.3971
0.3954
0.3454
0.3961
0.3893
0.3811
0.3723
0.3867
0.3955
0.3967
0.4
0.3721
0.3853
0.3992
0.3981
0.3913
0.3879
0.3974
0.3691
0.3984
0.3793
0.3934
0.3598
0.3963
0.395
0.373
0.3894
0.3987
0.3892
0.3985
0.4
0.3505
0.3804
0.3994
0.3736
0.3797
0.3959
0.3943
0.3932
0.3884
0.3968
0.3982
0.3947
0.3762
0.3935
0.3993
0.3712
0.3952
0.3883
0.3796
0.3989
0.3989
0.3892
0.3846
0.3951
0.3793
0.3996
0.3786
0.3617
0.3965
0.3671
0.3853
0.3935
0.3972
0.3984
0.3815
0.3973
0.3813
0.3995
0.3847
0.3864
0.3994
0.3987
0.3947
0.3843
0.3277
0.3517
0.3721
0.3802
0.3994
0.3786
0.3975
0.3995
0.3964
0.398
0.3984
0.3954
0.3696
0.3961
0.394
0.3698
0.3869
0.396
0.3966
0.3975
0.3987
0.3585
0.3735
0.3989
0.3987
0.3952
0.3893
0.3968
0.3918
0.3813
0.3624
0.3817
0.3994
0.3556
0.3992
0.3785
0.3831
0.3985
0.3788
0.3973
0.3982
0.3987
0.3818
0.3641
0.3975
0.3954
0.3774
0.3964
0.3991
0.3983
0.3972
0.3963
0.3763
0.3738
0.3874
0.3968
0.3979
0.3894
0.381
0.3868
0.3974
0.3879
0.3977
0.3988
0.3988
0.3972
0.3994
0.3633
0.3979
0.3851
0.3965
0.3977
0.3954
0.3988
0.3995
0.391
0.3815
0.3995
0.3993
0.3894
0.3958
0.3839
0.3974
0.3985
0.3899
0.391
0.3915
0.398
0.3934
0.3956
0.3783
0.3769
0.3971
0.3994
0.3893
0.3976
0.399
0.3707
0.399
0.385
0.3815
0.3995
0.3977
0.372
0.3969
0.3843
0.36
0.399
0.3959
0.396
0.3743
0.374
0.397
0.3975
0.3982
0.3634
0.3729
0.3753
0.3951
0.3958
0.37
0.3938
0.3864
0.3967
0.3755
0.3994
0.399
0.3578
0.3968
0.3887
0.3972
0.38
0.3974
0.3653
0.3977
0.3988
0.3618
0.3966
0.368
0.3763
0.3883
0.3597
0.3973
0.3859
0.3972
0.3787
0.4
0.3815
0.3985
0.3864
0.3696
0.3996
0.3981
0.3969
0.3972
0.3979
0.3615
0.3717
0.3956
0.3832
0.3473
0.3835
0.3753
0.3907
0.3995
0.3979
0.3961
0.3908
0.3978
0.3583
0.3378
0.3988
0.3994
0.3508
0.3949
0.3889
0.3959
0.3636
0.3554
0.397
0.3966
0.386
0.3995
0.3965
0.3966
0.3981
0.366
0.3857
0.3981
0.3969
0.3614
0.3784
0.3692
0.3941
0.3487
0.3818
0.3968
0.3929
0.3977
0.3943
0.3972
0.3696
0.3849
0.3909
0.3956
0.3984
0.3958
0.3855
0.3976
0.399
0.3564
0.3694
0.3779
0.3947
0.3987
0.3989
0.3961
0.3808
0.3987
0.3976
0.3986
0.3971
0.3882
0.3659
0.3993
0.3577
0.3974
0.3856
0.3975
0.3988
0.3649
0.3874
0.384
0.3388
0.4
0.3974
0.3971
0.3994
0.3968
0.3978
0.3995
0.3974
0.396
0.3984
0.3973
0.3962
0.399
0.3974
0.3872
0.3986
0.3971
0.3961
0.3979
0.3964
0.3958
0.3995
0.3978
0.399
0.3989
0.3975
0.3974
0.3961
0.3991
0.398
0.3976
0.3981
0.398
0.399
0.3988
0.3965
0.3977
0.3984
0.3934
0.3982
0.397
0.3989
0.3982
0.3984
0.3984
0.3954
0.3985
0.3962
0.3964
0.3986
0.3991
0.3924
0.3972
0.3978
0.3986
0.3995
0.3987
0.3987
0.3991
0.3945
0.3973
0.3973
0.3971
0.3981
0.3972
0.398
0.3912
0.3857
0.3887
0.397
0.3947
0.3947
0.3994
0.396
0.3946
0.3949
0.3976
0.3987
0.3963
0.3986
0.3981
0.3975
0.3988
0.3843
0.3985
0.3866
0.3969
0.3991
0.3987
0.3948
0.398
0.3961
0.3977
0.3984
0.3963
0.3995
0.3973
0.3964
0.3971
0.3988
0.3949
0.3991
0.3994
0.3973
0.3961
0.3956
0.3966
0.3983
0.3995
0.3981
0.3979
0.3979
0.3986
0.3992
0.3977
0.3965
0.3964
0.3881
0.3987
0.3969
0.3988
0.3967
0.3995
0.3992
0.3989
0.3967
0.3995
0.397
0.3953
0.399
0.3966
0.3982
0.3981
0.3973
0.3952
0.3988
0.3969
0.3994
0.3983
0.3977
0.3994
0.3977
0.3989
0.3985
0.3984
0.3983
0.398
0.3975
0.3974
0.4
0.3979
0.3969
0.3996
0.3981
0.3939
0.3989
0.4
0.3979
0.399
0.398
0.3978
0.3982
0.3822
0.3994
0.3974
0.3951
0.3959
0.3982
0.3983
0.3978
0.3981
0.3972
0.4
0.3965
0.3969
0.3984
0.399
0.3964
0.3994
0.3973
0.3976
0.3955
0.3969
0.3995
0.3988
0.3984
0.3946
0.3971
0.3988
0.3938
0.3896
0.3982
0.3988
0.399
0.3995
0.4
0.3995
0.3962
0.3988
0.3983
0.3952
0.3995
0.3976
0.3964
0.3995
0.4
0.397
0.3995
0.3959
0.398
0.3969
0.3976
0.3976
0.3971
0.3986
0.397
0.3989
0.3961
0.3993
0.3991
0.3754
0.3984
0.3984
0.3981
0.3963
0.4
0.3986
0.3962
0.3985
0.3961
0.3977
0.3935
0.3989
0.3992
0.3969
0.3984
0.3984
0.3966
0.3995
0.3956
0.3818
0.3955
0.387
0.3897
0.3987
0.3991
0.3992
0.3973
0.398
0.399
0.4
0.396
0.4
0.3994
0.3989
0.3995
0.398
0.3936
0.3969
0.398
0.3956
0.3969
0.3995
0.3961
0.3989
0.3983
0.394
0.3891
0.3976
0.3991
0.396
0.3943
0.3955
0.3959
0.3802
0.399
0.3953
0.3964
0.4
0.4
0.3963
0.3951
0.3959
0.396
0.3957
0.3981
0.4
0.3992
0.3949
0.3958
0.3986
0.3975
0.3986
0.3995
0.3985
0.3995
0.3983
0.3976
0.4
0.4
0.3959
0.3978
0.3981
0.3984
0.3995
0.399
0.3988
0.3994
0.3688
0.3946
0.3923
0.3995
0.4
0.3945
0.3982
0.3983
0.3937
0.3989
0.3985
0.3994
0.395
0.3987
0.3964
0.3984
0.3974
0.3994
0.3986
0.3964
0.3984
0.3963
0.394
0.3987
0.3978
0.3972
0.3989
0.4
0.399
0.3989
0.3926
0.3987
0.3969
0.3978
0.3969
0.3991
0.3987
0.398
0.3994
0.3921
0.3969
0.3978
0.3974
0.3965
0.3892
0.3995
0.3985
0.3946
0.3974
0.3984
0.3961
0.3977
0.3995
0.3982
0.4
0.3918
0.3995
0.3956
0.3984
0.3964
0.3975
0.3996
0.3969
0.3995
0.3969
0.3981
0.3955
0.396
0.3969
0.399
0.3969
0.3965
0.3959
0.3958
0.3901
0.3975
0.3969
0.3981
0.3983
0.3995
0.4
0.3978
0.3949
0.3975
0.3982
0.3994
0.3995
0.3963
0.3988
0.3983
0.381
0.3968
0.3973
0.4
0.3978
0.3966
0.3962
0.3945
0.3914
0.399
0.3965
0.3983
0.3989
0.3972
0.3994
0.3971
0.399
0.3994
0.3966
0.3987
0.3977
0.3966
0.396
0.3652
0.3984
0.3991
0.3985
0.3991
0.4
0.3965
0.3975
0.3965
0.3995
0.3952
0.3989
0.3817
0.3822
0.3945
0.397
0.3946
0.3968
0.3979
0.3811
0.3905
0.3987
0.4
0.3993
0.3975
0.3991
0.3942
0.3967
0.3995
0.3974
0.3978
0.3986
0.3986
0.4
0.3987
0.3771
0.3981
0.3972
0.3977
0.3976
0.3966
0.3966
0.3935
0.3954
0.3968
0.3968
0.3984
0.3885
0.3935
0.3972
0.3973
0.3975
0.3975
0.3976
0.3977
0.3987
0.4
0.3983
0.3963
0.3985
0.3899
0.3995
0.3976
0.398
0.3966
0.3946
0.3962
0.398
0.4
0.3989
0.3995
0.3991
0.3995
0.3995
0.3594
0.3991
0.3961
0.3985
0.3989
0.3972
0.3951
0.3952
0.3973
0.3975
0.3965
0.399
0.3962
0.3986
0.3995
0.3959
0.3968
0.3981
0.3979
0.3979
0.3944
0.3994
0.3954
0.3977
0.3942
0.3966
0.3956
0.3982
0.3985
0.3978
0.3965
0.3983
0.3976
0.399
0.3949
0.3982
0.3994
0.4
0.3985
0.3994
0.3989
0.4
0.3981
0.3975
0.3959
0.3952
0.3995
0.3981
0.3994
0.3995
0.3986
0.398
0.3954
0.3995
0.3995
0.3965
0.3981
0.3962
0.3985
0.3994
0.3985
0.397
0.3982
0.3984
0.397
0.3979
0.399
0.3983
0.398
0.3888
0.3962
0.3987
0.3966
0.3981
0.398
0.3972
0.3953
0.3975
0.3975
0.3989
0.399
0.3965
0.3966
0.3904
0.3966
0.3971
0.3915
0.3986
0.4
0.3974
0.3981
0.3992
0.3995
0.3987
0.3979
0.3971
0.3955
0.3983
0.3975
0.3977
0.3977
0.3945
0.3978
0.3965
0.3936
0.3969
0.3932
0.3991
0.3966
0.4
0.3981
0.3994
0.3961
0.4
0.4
0.3985
0.3995
0.3985
0.3913
0.3967
0.3981
0.3928
0.3979
0.399
0.3955
0.3959
0.399
0.4
0.3944
0.3979
0.3984
0.397
0.3972
0.3962
0.3995
0.3952
0.3957
0.3973
0.3994
0.4
0.3977
0.397
0.3977
0.3983
0.3971
0.3971
0.3927
0.3965
0.3995
0.3742
0.3942
0.3986
0.3969
0.3968
0.3962
0.3985
0.3986
0.3987
0.3969
0.3988
0.3841
0.3983
0.3988
0.399
0.3978
0.3939
0.4
0.398
0.398
0.3949
0.3991
0.3972
0.3993
0.3888
0.4
0.3987
0.4
0.3983
0.3888
0.383
0.3994
0.3971
0.4
0.3987
0.3985
0.3967
0.3956
0.3925
0.3892
0.397
0.3952
0.396
0.3966
0.4
0.3978
0.3988
0.398
0.3969
0.3867
0.3968
0.4
0.4
0.3959
0.3975
0.396
0.3976
0.3995
0.3947
0.3985
0.3989
0.3943
0.3991
0.3991
0.3969
0.3981
0.3976
0.3849
0.3996
0.3996
0.3977
0.3957
0.3976
0.3984
0.3974
0.3972
0.3975
0.398
0.3875
0.3945
0.397
0.399
0.394
0.3953
0.3989
0.3945
0.3984
0.3973
0.3978
0.3965
0.3772
0.3969
0.3958
0.3909
0.4
0.3969
0.3994
0.3974
0.3981
0.3932
0.3989
0.3994
0.398
0.3978
0.3995
0.3956
0.396
0.3945
0.3922
0.3913
0.397
0.3984
0.3975
0.3979
0.3944
0.3987
0.3981
0.3972
0.3983
0.3893
0.396
0.398
0.3978
0.3978
0.3995
0.3922
0.4
0.3958
0.3975
0.3986
0.3971
0.3957
0.3984
0.399
0.3974
0.3957
0.3959
0.3991
0.3975
0.3961
0.4
0.3989
0.3987
0.3961
0.3995
0.3953
0.3977
0.3983
0.3931
0.3944
0.3973
0.3995
0.3947
0.399
0.398
0.3978
0.3996
0.3877
0.3938
0.3995
0.3986
0.3962
0.3952
0.4
0.3982
0.3991
0.3986
0.3974
0.397
0.3975
0.4
0.3959
0.3953
0.3979
0.3964
0.399
0.3947
0.3994
0.3943
0.3992
0.4
0.3756
0.3984
0.399
0.3973
0.3994
0.4
0.3844
0.3994
0.3894
0.3974
0.3861
0.3967
0.397
0.3945
0.3979
0.3981
0.399
0.394
0.3991
0.3969
0.3995
0.3974
0.3956
0.3982
0.3973
0.3985
0.3964
0.3954
0.3981
0.3931
0.3972
0.3994
0.3945
0.3968
0.3973
0.3987
0.3988
0.4
0.3967
0.3846
0.3984
0.3927
0.3967
0.395
0.397
0.398
0.3945
0.399
0.399
0.3966
0.396
0.3964
0.3973
0.3995
0.3991
0.3967
0.3811
0.4
0.3982
0.3947
0.3954
0.3983
0.3927
0.3975
0.3981
0.3939
0.3994
0.3976
0.3986
0.3974
0.3978
0.3987
0.3985
0.3995
0.3989
0.3972
0.3979
0.3995
0.3982
0.3974
0.3972
0.3969
0.3985
0.3981
0.3955
0.398
0.3974
0.399
0.3931
0.399
0.3921
0.3911
0.3987
0.4
0.3963
0.3981
0.3962
0.3995
0.398
0.3958
0.3995
0.3972
0.3987
0.3978
0.3989
0.3995
0.3984
0.3974
0.3995
0.3995
0.3925
0.3962
0.3928
0.3989
0.3994
0.3974
0.3986
0.3985
0.395
0.4
0.3994
0.3995
0.3961
0.3975
0.3971
0.3973
0.3975
0.399
0.396
0.3959
0.3954
0.3995
0.3986
0.3952
0.3987
0.3964
0.4
0.3982
0.3981
0.3988
0.4
0.3976
0.3969
0.3995
0.3982
0.3968
0.4
0.3947
0.3994
0.398
0.399
0.397
0.3945
0.3969
0.3977
0.4
0.3989
0.3956
0.3947
0.3987
0.3976
0.3986
0.3964
0.3985
0.3987
0.3961
0.3794
0.3889
0.3984
0.398
0.3954
0.3965
0.3986
0.3989
0.3971
0.3963
0.3936
NA
NA
NA
NA
NA
NA
NA
NA
NA
NA
NA
NA
NA
NA
NA
NA
NA
NA
NA
NA
NA
NA
NA
NA
NA
NA
NA
NA
NA
NA
NA
NA
NA
NA
NA
NA
NA
NA
NA
NA
NA
NA
NA
NA
NA
NA
NA
NA
NA
NA
NA
NA
NA
NA
NA
NA
NA
NA
NA
NA
NA
NA
NA
NA
NA
NA
NA
NA
NA
NA
NA
NA
NA
NA
NA
NA
NA
NA
NA
NA
NA
NA
NA
NA
NA
NA
NA
NA
NA
NA
NA
NA
NA
NA
NA
NA
NA
NA
NA
NA
NA
NA
NA
NA
NA
NA
NA
NA
NA
NA
NA
NA
NA
NA
NA
NA
NA
NA
NA
NA
NA
NA
NA
NA
NA
NA
NA
NA
NA
NA
NA
NA
NA
NA
NA
NA
NA
NA
NA
NA
NA
NA
NA
NA
NA
NA
NA
NA
NA
NA
NA
NA
NA
NA
NA
NA
NA
NA
NA
NA
NA
NA
NA
NA
NA
NA
NA
NA
NA
NA
NA
NA
NA
NA
NA
NA
NA
NA
NA
NA
NA
NA
NA
NA
NA
NA
NA
NA
NA
NA
NA
NA
NA
NA
NA
NA
NA
NA
NA
NA
NA
NA
NA
NA
NA
NA
NA
NA
NA
NA
NA
NA
NA
NA
NA
NA
NA
NA
NA
NA
NA
NA
NA
NA
NA
NA
NA
NA
NA
NA
NA
NA
NA
NA
NA
NA
NA
NA
NA
NA
NA
NA
NA
NA
NA
NA
NA
NA
NA
NA
NA
NA
NA
NA
NA
NA
NA
NA
NA
NA
NA
NA
NA
NA
NA
NA
NA
NA
NA
NA
NA
NA
NA
NA
NA
NA
NA
NA
NA
NA
NA
NA
NA
NA
NA
NA
NA
NA
NA
NA
NA
NA
NA
NA
NA
NA
NA
NA
NA
NA
NA
NA
NA
NA
NA
NA
NA
NA
NA
NA
NA
NA
NA
NA
NA
NA
NA
NA
NA
NA
NA
NA
NA
NA
NA
NA
NA
NA
NA
NA
NA
NA
NA
NA
NA
NA
NA
NA
NA
NA
NA
NA
NA
NA
NA
NA
NA
NA
NA
NA
NA
NA
NA
NA
NA
NA
NA
NA
NA
NA
NA
NA
NA
NA
NA
NA
NA
NA
NA
NA
NA
NA
NA
NA
NA
NA
NA
NA
NA
NA
NA
NA
NA
NA
NA
NA
NA
NA
NA
NA
NA
NA
NA
NA
NA
NA
NA
NA
NA
NA
NA
NA
NA
NA
NA
NA
NA
NA
NA
NA
NA
NA
NA
NA
NA
NA
NA
NA
NA
NA
NA
NA
NA
NA
NA
NA
NA
NA
NA
NA
NA
NA
NA
NA
NA
NA
NA
NA
NA
NA
NA
NA
NA
NA
NA
NA
NA
NA
NA
NA
NA
NA
NA
NA
NA
NA
NA
NA
NA
NA
NA
NA
NA
NA
NA
NA
NA
NA
NA
NA
NA
NA
NA
NA
NA
NA
NA
NA
NA
NA
NA
NA
NA
NA
NA
NA
NA
NA
NA
NA
NA
NA
NA
NA
NA
NA
NA
NA
NA
NA
NA
NA
NA
NA
NA
NA
NA
NA
NA
NA
NA
NA
NA
NA
NA
NA
NA
NA
NA
NA
NA
NA
NA
NA
NA
NA
NA
NA
NA
NA
NA
NA
NA
NA
NA
NA
NA
NA
NA
NA
NA
NA
NA
NA
NA
NA
NA
NA
NA
NA
NA
NA
NA
NA
NA
NA
NA
NA
NA
NA
NA
NA
NA
NA
NA
NA
NA
NA
NA
NA
NA
NA
NA
NA
NA
NA
NA
NA
NA
NA
NA
NA
NA
NA
NA
NA
NA
NA
NA
NA
NA
NA
NA
NA
NA
NA
NA
NA
NA
NA
NA
NA
NA
NA
NA
NA
NA
NA
NA
NA
NA
NA
NA
NA
NA
NA
NA
NA
NA
NA
NA
NA
NA
NA
NA
NA
NA
NA
NA
NA
NA
NA
NA
NA
NA
NA
NA
NA
NA
NA
NA
NA
NA
NA
NA
NA
NA
NA
NA
NA
NA
NA
NA
NA
NA
NA
NA
NA
NA
NA
NA
NA
NA
NA
NA
NA
NA
NA
NA
NA
NA
NA
NA
NA
NA
NA
NA
NA
NA
NA
NA
NA
NA
NA
NA
NA
NA
NA
NA
NA
NA
NA
NA
NA
NA
NA
NA
NA
NA
NA
NA
NA
NA
NA
NA
NA
NA
NA
NA
NA
NA
NA
NA
NA
NA
NA
NA
NA
NA
NA
NA
NA
NA
NA
NA
NA
NA
NA
NA
NA
NA
NA
NA
NA
NA
NA
NA
NA
NA
NA
NA
NA
NA
NA
NA
NA
NA
NA
NA
NA
NA
NA
NA
NA
NA
NA
NA
NA
NA
NA
NA
NA
NA
NA
NA
NA
NA
NA
NA
NA
NA
NA
NA
NA
NA
NA
NA
NA
NA
NA
NA
NA
NA
NA
NA
NA
NA
NA
NA
NA
NA
NA
NA
NA
NA
NA
NA
NA
NA
NA
NA
NA
NA
NA
NA
NA
NA
NA
NA
NA
NA
NA
NA
NA
NA
NA
NA
NA
NA
NA
NA
NA
NA
NA
NA
NA
NA
NA
NA
NA
NA
NA
NA
NA
NA
NA
NA
NA
NA
NA
NA
NA
NA
NA
NA
NA
NA
NA
NA
NA
NA
NA
NA
NA
NA
NA
NA
NA
NA
NA
NA
NA
NA
NA
NA
NA
NA
NA
NA
NA
NA
NA
NA
NA
NA
NA
NA
NA
NA
NA
NA
NA
NA
NA
NA
NA
NA
NA
NA
NA
NA
NA
NA
NA
NA
NA
NA
NA
NA
NA
NA
NA
NA
NA
NA
NA
NA
NA
NA
NA
NA
NA
NA
NA
NA
NA
NA
NA
NA
NA
NA
NA
NA
NA
NA
NA
NA
NA
NA
NA
NA
NA
NA
NA
NA
NA
NA
NA
NA
NA
NA
NA
NA
NA
NA
NA
NA
NA
NA
NA
NA
NA
NA
NA
NA
NA
NA
NA
NA
NA
NA
NA
NA
NA
NA
NA
NA
NA
NA
NA
NA
NA
NA
NA
NA
NA
NA
NA
NA
NA
NA
NA
NA
NA
NA
NA
NA
NA
NA
NA
NA
NA
NA
NA
NA
NA
NA
NA
NA
NA
NA
NA
NA
NA
NA
NA
NA
NA
NA
NA
NA
NA
NA
NA
NA
NA
NA
NA
NA
NA
NA
NA
NA
NA
NA
NA
NA
NA
NA
NA
NA
NA
NA
NA
NA
NA
NA
NA
NA
NA
NA
NA
NA
NA
NA
NA
NA
NA
NA
NA
NA
NA
NA
NA
NA
NA
NA
NA
NA
NA
NA
NA
NA
NA
NA
NA
NA
NA
NA
NA
NA
NA
NA
NA
NA
NA
NA
NA
NA
NA
NA
NA
NA
NA
NA
NA
NA
NA
NA
NA
NA
NA
NA
NA
NA
NA
NA
NA
NA
NA
NA
NA
NA
NA
NA
NA
NA
NA
NA
NA
NA
NA
NA
NA
NA
NA
NA
NA
NA
NA
NA
NA
NA
NA
NA
NA
NA
NA
NA
NA
NA
NA
NA
NA
NA
NA
NA
NA
NA
NA
NA
NA
NA
NA
NA
NA
NA
NA
NA
NA
NA
NA
NA
NA
NA
NA
NA
NA
NA
NA
NA
NA
NA
NA
NA
NA
NA
NA
NA
NA
NA
NA
NA
NA
NA
NA
NA
NA
NA
NA
NA
NA
NA
NA
NA
NA
NA
NA
NA
NA
NA
NA
NA
NA
NA
NA
NA
NA
NA
NA
NA
NA
NA
NA
NA
NA
NA
NA
NA
NA
NA
NA
NA
NA
NA
NA
NA
NA
NA
NA
NA
NA
NA
NA
NA
NA
NA
NA
NA
NA
NA
NA
NA
NA
NA
NA
NA
NA
NA
NA
NA
NA
NA
NA
NA
NA
NA
NA
NA
NA
NA
NA
NA
NA
NA
NA
NA
NA
NA
NA
NA
NA
NA
NA
NA
NA
NA
NA
NA
NA
NA
NA
NA
NA
NA
NA
NA
NA
NA
NA
NA
NA
NA
NA
NA
NA
NA
NA
NA
NA
NA
NA
NA
NA
NA
NA
NA
NA
NA
NA
NA
NA
NA
NA
NA
NA
NA
NA
NA
NA
NA
NA
NA
NA
NA
NA
NA
NA
NA
NA
NA
NA
NA
NA
NA
NA
NA
NA
NA
NA
NA
NA
NA
NA
NA
NA
NA
NA
NA
NA
NA
NA
NA
NA
NA
NA
NA
NA
NA
NA
NA
NA
NA
NA
NA
NA
NA
NA
NA
NA
NA
NA
NA
NA
NA
NA
NA
NA
NA
NA
NA
NA
NA
NA
NA
NA
NA
NA
NA
NA
NA
NA
NA
NA
NA
NA
NA
NA
NA
NA
NA
NA
NA
NA
NA
NA
NA
NA
NA
NA
NA
NA
NA
NA
NA
NA
NA
NA
NA
NA
NA
NA
NA
NA
NA
NA
NA
NA
NA
NA
NA
NA
NA
NA
NA
NA
NA
NA
NA
NA
NA
NA
NA
NA
NA
NA
NA
NA
NA
NA
NA
NA
NA
NA
NA
NA
NA
NA
NA
NA
NA
NA
NA
NA
NA
NA
NA
NA
NA
NA
NA
NA
NA
NA
NA
NA
NA
NA
NA
NA
NA
NA
NA
NA
NA
NA
NA
NA
NA
NA
NA
NA
NA
NA
NA
NA
NA
NA
NA
NA
NA
NA
NA
NA
NA
NA
NA
NA
NA
NA
NA
NA
NA
NA
NA
NA
NA
NA
NA
NA
NA
NA
NA
NA
NA
NA
NA
NA
NA
NA
NA
NA
NA
NA
NA
NA
NA
NA
NA
NA
NA
NA
NA
NA
NA
NA
NA
NA
NA
NA
NA
NA
NA
NA
NA
NA
NA
NA
NA
NA
NA
NA
NA
NA
NA
NA
NA
NA
NA
NA
NA
NA
NA
NA
NA
NA
NA
NA
NA
NA
NA
NA
NA
NA
NA
NA
NA
NA
NA
NA
NA
NA
NA
NA
NA
NA
NA
NA
NA
NA
NA
NA
NA
NA
NA
NA
NA
NA
NA
NA
NA
NA
NA
NA
NA
NA
NA
NA
NA
NA
NA
NA
NA
NA
NA
NA
NA
NA
NA
NA
NA
NA
NA
NA
NA
NA
NA
NA
NA
NA
NA
NA
NA
NA
NA
NA
NA
NA
NA
NA
NA
NA
NA
NA
NA
NA
NA
NA
NA
NA
NA
NA
NA
NA
NA
NA
NA
NA
NA
NA
NA
NA
NA
NA
NA
NA
NA
NA
NA
NA
NA
NA
NA
NA
NA
NA
NA
NA
NA
NA
NA
NA
NA
NA
NA
NA
NA
NA
NA
NA
NA
NA
NA
NA
NA
NA
NA
NA
NA
NA
NA
NA
NA
NA
NA
NA
NA
NA
NA
NA
NA
NA
NA
NA
NA
NA
NA
NA
NA
NA
NA
NA
NA
NA
NA
NA
NA
NA
NA
NA
NA
NA
NA
NA
NA
NA
NA
NA
NA
NA
NA
NA
NA
NA
NA
NA
NA
NA
NA
NA
NA
NA
NA
NA
NA
NA
NA
NA
NA
NA
NA
NA
NA
NA
NA
NA
NA
NA
NA
NA
NA
NA
NA
NA
NA
NA
NA
NA
NA
NA
NA
NA
NA
NA
NA
NA
NA
NA
NA
NA
NA
NA
NA
NA
NA
NA
NA
NA
NA
NA
NA
NA
NA
NA
NA
NA
NA
NA
NA
NA
NA
NA
NA
NA
NA
NA
NA
NA
NA
NA
NA
NA
NA
NA
NA
NA
NA
NA
NA
NA
NA
NA
NA
NA
NA
NA
NA
NA
NA
NA
NA
NA
NA
NA
NA
NA
NA
NA
NA
NA
NA
NA
NA
NA
NA
NA
NA
NA
NA
NA
NA
NA
NA
NA
NA
NA
NA
NA
NA
NA
NA
NA
NA
NA
NA
NA
NA
NA
NA
NA
NA
NA
NA
NA
NA
NA
NA
NA
NA
NA
NA
NA
NA
NA
NA
NA
NA
NA
NA
NA
NA
NA
NA
NA
NA
NA
NA
NA
NA
NA
NA
NA
NA
NA
NA
NA
NA
NA
NA
NA
NA
NA
NA
NA
NA
NA
NA
NA
NA
NA
NA
NA
NA
NA
NA
NA
NA
NA
NA
NA
NA
NA
NA
NA
NA
NA
NA
NA
NA
NA
NA
NA
NA
NA
NA
NA
NA
NA
NA
NA
NA
NA
NA
NA
NA
NA
NA
NA
NA
NA
NA
NA
NA
NA
NA
NA
NA
NA
NA
NA
NA
NA
NA
NA
NA
NA
NA
NA
NA
NA
NA
NA
NA
NA
NA
NA
NA
NA
NA
NA
NA
NA
NA
NA
NA
NA
NA
NA
NA
NA
NA
NA
NA
NA
NA
NA
NA
NA
NA
NA
NA
NA
NA
NA
NA
NA
NA
NA
NA
NA
NA
NA
NA
NA
NA
NA
NA
NA
NA
NA
NA
NA
NA
NA
NA
NA
NA
NA
NA
NA
NA
NA
NA
NA
NA
NA
NA
NA
NA
NA
NA
NA
NA
NA
NA
NA
NA
NA
NA
NA
NA
NA
NA
NA
NA
NA
NA
NA
NA
NA
NA
NA
NA
NA
NA
NA
NA
NA
NA
NA
NA
NA
NA
NA
NA
NA
NA
NA
NA
NA
NA
NA
NA
NA
NA
NA
NA
NA
NA
NA
NA
NA
NA
NA
NA
NA
NA
NA
NA
NA
NA
NA
NA
NA
NA
NA
NA
NA
NA
NA
NA
NA
NA
NA
NA
NA
NA
NA
NA
NA
NA
NA
NA
NA
NA
NA
NA
NA
NA
NA
NA
NA
NA
NA
NA
NA
NA
NA
NA
NA
NA
NA
NA
NA
NA
NA
NA
NA
NA
NA
NA
NA
NA
NA
NA
NA
NA
NA
NA
NA
NA
NA
NA
NA
NA
NA
NA
NA
NA
NA
NA
NA
NA
NA
NA
NA
NA
NA
NA
NA
NA
NA
NA
NA
NA
NA
NA
NA
NA
NA
NA
NA
NA
NA
NA
NA
NA
NA
NA
NA
NA
NA
NA
NA
NA
NA
NA
NA
NA
NA
NA
NA
NA
NA
NA
NA
NA
NA
NA
NA
NA
NA
NA
NA
NA
NA
NA
NA
NA
NA
NA
NA
NA
NA
NA
NA
NA
NA
NA
NA
NA
NA
NA
NA
NA
NA
NA
NA
NA
NA
NA
NA
NA
NA
NA
NA
NA
NA
NA
NA
NA
NA
NA
NA
NA
NA
NA
NA
NA
NA
NA
NA
NA
NA
NA
NA
NA
NA
NA
NA
NA
NA
NA
NA
NA
NA
NA
NA
NA
NA
NA
NA
NA
NA
NA
NA
NA
NA
NA
NA
NA
NA
NA
NA
NA
NA
NA
NA
NA
NA
NA
NA
NA
NA
NA
NA
NA
NA
NA
NA
NA
NA
NA
NA
NA
NA
NA
NA
NA
NA
NA
NA
NA
NA
NA
NA
NA
NA
NA
NA
NA
NA
NA
NA
NA
NA
NA
NA
NA
NA
NA
NA
NA
NA
NA
NA
NA
NA
NA
NA
NA
NA
NA
NA
NA
NA
NA
NA
NA
NA
NA
NA
NA
NA
NA
NA
NA
NA
NA
NA
NA
NA
NA
NA
NA
NA
NA
NA
NA
NA
NA
NA
NA
NA
NA
NA
NA
NA
NA
NA
NA
NA
NA
NA
NA
NA
NA
NA
NA
NA
NA
NA
NA
NA
NA
NA
NA
NA
NA
NA
NA
NA
NA
NA
NA
NA
NA
NA
NA
NA
NA
NA
NA
NA
NA
NA
NA
NA
NA
NA
NA
NA
NA
NA
NA
NA
NA
NA
NA
NA
NA
NA
NA
NA
NA
NA
NA
NA
NA
NA
NA
NA
NA
NA
NA
NA
NA
NA
NA
NA
NA
NA
NA
NA
NA
NA
NA
NA
NA
NA
NA
NA
NA
NA
NA
NA
NA
NA
NA
NA
NA
NA
NA
NA
NA
NA
NA
NA
NA
NA
NA
NA
NA
NA
NA
NA
NA
NA
NA
NA
NA
NA
NA
NA
NA
NA
NA
NA
NA
NA
NA
NA
NA
NA
NA
NA
NA
NA
NA
NA
NA
NA
NA
NA
NA
NA
NA
NA
NA
NA
NA
NA
NA
NA
NA
NA
NA
NA
NA
NA
NA
NA
NA
NA
NA
NA
NA
NA
NA
NA
NA
NA
NA
NA
NA
NA
NA
NA
NA
NA
NA
NA
NA
NA
NA
NA
NA
NA
NA
NA
NA
NA
NA
NA
NA
NA
NA
NA
NA
NA
NA
NA
NA
NA
NA
NA
NA
NA
NA
NA
NA
NA
NA
NA
NA
NA
NA
NA
NA
NA
NA
NA
NA
NA
NA
NA
NA
NA
NA
NA
NA
NA
NA
NA
NA
NA
NA
NA
NA
NA
NA
NA
NA
NA
NA
NA
NA
NA
NA
NA
NA
NA
NA
NA
NA
NA
NA
NA
NA
NA
NA
NA
NA
NA
NA
NA
NA
NA
NA
NA
NA
NA
NA
NA
NA
NA
NA
NA
NA
NA
NA
NA
NA
NA
NA
NA
NA
NA
NA
NA
NA
NA
NA
NA
NA
NA
NA
NA
NA
NA
NA
NA
NA
NA
NA
NA
NA
NA
NA
NA
NA
NA
NA
NA
NA
NA
NA
NA
NA
NA
NA
NA
NA
NA
NA
NA
NA
NA
NA
NA
NA
NA
NA
NA
NA
NA
NA
NA
NA
NA
NA
NA
NA
NA
NA
NA
NA
NA
NA
NA
NA
NA
NA
NA
NA
NA
NA
NA
NA
NA
NA
NA
NA
NA
NA
NA
NA
NA
NA
NA
NA
NA
NA
NA
NA
NA
NA
NA
NA
NA
NA
NA
NA
NA
NA
NA
NA
NA
NA
NA
NA
NA
NA
NA
NA
NA
NA
NA
NA
NA
NA
NA
NA
NA
NA
NA
NA
NA
NA
NA
NA
NA
NA
NA
NA
NA
NA
NA
NA
NA
NA
NA
NA
NA
NA
NA
NA
NA
NA
NA
NA
NA
NA
NA
NA
NA
NA
NA
NA
NA
NA
NA
NA
NA
NA
NA
NA
NA
NA
NA
NA
NA
NA
NA
NA
NA
NA
NA
NA
NA
NA
NA
NA
NA
NA
NA
NA
NA
NA
NA
NA
NA
NA
NA
NA
NA
NA
NA
NA
NA
NA
NA
NA
NA
NA
NA
NA
NA
NA
NA
NA
NA
NA
NA
NA
NA
NA
NA
NA
NA
NA
NA
NA
NA
NA
NA
NA
NA
NA
NA
NA
NA
NA
NA
NA
NA
NA
NA
NA
NA
NA
NA
NA
NA
NA
NA
NA
NA
NA
NA
NA
NA
NA
NA
NA
NA
NA
NA
NA
NA
NA
NA
NA
NA
NA
NA
NA
NA
NA
NA
NA
NA
NA
NA
NA
NA
NA
NA
NA
NA
NA
NA
NA
NA
NA
NA
NA
NA
NA
NA
NA
NA
NA
NA
NA
NA
NA
NA
NA
NA
NA
NA
NA
NA
NA
NA
NA
NA
NA
NA
0.131
0.7188
0.4625
0.2198
0.5625
0.36
0.0625
0.7419
0.3068
0.1548
0.4459
0.3662
0.3133
0.25
0.7167
0.0638
0.3647
0.7018
0.6
0.5333
0.3261
0.2892
0.1923
0.3864
0.5143
0.3371
0.4574
0.3125
0.2319
0.45
0.27
0.4198
0.6
0.2179
0.2644
0.5373
0.7547
0.3889
0.0404
0.0625
0.0459
0.3377
0.4205
0.1456
0.5735
0.2366
0.3478
0.2558
0.29
0.1882
0.2857
0.5968
0.2697
0.3784
0.05
0.3407
0.5172
0.3378
0.0617
0.2791
0.6471
0.321
0.3875
0.6429
0.2019
0.4935
0.4405
0.6389
0.3929
0.1014
0.7656
0.3521
0.7167
0.0463
1.3448
0.5345
0.3462
0.3889
0.1724
0.5556
0.569
0.0581
0.1154
0.519
0.163
0.413
0.5932
0.3038
0.2073
0.4182
0.3797
0.3404
0.3875
0.3765
0.7188
0.5294
0.3934
0.4021
0.6667
0.3563
0.027
0.5507
0.6111
0.4706
0.4493
0.6607
0.56
0.6957
0.2688
0.3908
0.1224
0.2059
0.4938
0.3614
0.3529
0.3699
0.0588
0.3521
0.3367
0.5362
0.2022
0.4944
0.3478
0.303
0.0312
0.4085
0.266
0.3165
0.4746
0.4091
0.3415
0.3662
0.4444
0.2427
0.6486
0.3151
0.4688
0.0096
0.3231
0.4416
0.3592
0.0549
0.3867
0.1684
0.31
0.4125
0.2683
0.3529
0.5373
0.2763
0.2609
0.0989
0.2698
0.411
0.411
0.55
0.3
0.3544
0.4222
0.2899
0.3
0.5493
0.5479
0.4167
0.0638
0.4342
0.5217
0.1848
0.3582
0.481
0.3188
0.3382
0.2347
0.2381
0.2989
0.3797
0.4167
0.4598
0.2059
0.8387
0.3333
0.5
0.6
0.5652
0.4677
0.3953
0.3623
0.5467
0.3587
0.4179
0.375
0.0562
0.6154
0.2473
0.4125
0.6769
0.593
0.3258
0.5067
0.4872
0.5238
0.3117
0.4545
0.4359
0.4795
0.411
0.4512
0.2805
0.236
0.527
0.56
0.2
0.4405
0.6667
0.122
0.1447
0.3077
0.1649
0.3939
0.0933
0.0833
0.2911
0.1348
0.0098
0.2976
0.2857
0.2184
0.4247
0.3659
0.2105
0.2639
0.4231
0.0864
0.3131
0.3191
0.1354
0.2558
0.5417
0.2439
0.2857
0.2093
0.2727
0.337
0.3778
0.4574
0.48
0.4795
0.1728
0.32
0.0455
0.2717
0.4615
0.4667
0.0412
0.1279
0.8276
0.3378
0.5753
0.3902
0.2472
0.1889
0.2917
0.2087
0.5469
0.0215
0.2716
0.6386
0.2527
0.0533
0.3418
0.3494
0.122
0.2639
0.6056
0.4125
0.3611
0.4933
0.1753
0.5181
0.2785
0.5246
0.092
0.8654
0.6133
0.4667
0.1881
0.4328
0.2632
0.1967
0.0211
0.3855
0.1383
0.1951
0.4795
0.4545
0.4722
0.3636
0.3011
0.3535
0.0897
0.3678
0.3
0.2473
0.4079
0.3366
0.5303
0.2885
0.1466
0.075
0.4028
0.44
0.4348
0.3636
0.25
0.4746
0.2051
0.4125
0.5397
0.2571
0.7091
0.4516
0.3433
0.2857
0.3521
0.2151
0.4085
0.3723
0.2687
0.4265
0.254
0.45
0.0233
0.4028
0.069
0.3068
0.0244
0.4878
0.4915
0.6714
0.2247
0.4318
0.575
0.4762
0.271
0.6769
0.3684
0.3404
0.4932
0.3636
0.3457
0.3043
0.369
0.2381
0.4925
0.3056
0.2078
0.6667
0.2315
0.4643
0.3956
0.5909
0.2381
0.3372
0.2838
0.4366
0.1875
0.2875
0.2165
0.36
0.3537
0.2375
0.5397
0.4306
0.3263
0.2041
0.7727
0.6104
0.3857
0.8298
0.3816
0.5714
0.6125
1.0161
0.0805
0.1889
0.3012
0.3014
0.5405
0.0614
0.2381
0.3692
0.2162
0.3947
0.5128
0.4545
0.3857
0.625
0.4375
0.2277
0.0183
0.3378
0.3582
0.3662
0.3939
0.0762
0.1609
0.4265
0.3026
0.5417
0.0874
1.0351
0.1124
0.2683
0.0789
0.3797
0.4098
0.5152
0.6939
0.3488
0.0745
0.3056
0.3444
0.5972
0.1863
0.3425
0.6429
0.4533
0.4918
0.4167
0.3488
0.275
0.4717
0.6094
0.038
0.321
0.3099
0.5116
0.3867
0.0381
0.2727
0.1705
0.3846
0.4426
0.1972
0.6203
0.25
0.2088
0.3797
0.1765
0.3333
0.5658
0.3333
0.3333
0.0234
0.3068
0.2317
0.2679
0.0364
0.4146
0.3194
0.2292
0.2969
0.7069
0.3556
0.4462
0.2716
0.2529
0.1364
0.5385
0.3377
0.2923
0.0843
0.5179
0.2444
0.2766
0.3293
0.4688
0.5342
0.2317
0.1136
0.2979
0.3333
0.4605
0.3731
0.4872
0.0426
0.0568
0.131
0.0375
0.2738
0.4239
0.2967
0.2658
0.9194
0.506
0.2697
0.3671
0.5882
0.2574
0.411
0.3768
0.2958
0.3542
0.2771
0.0316
0.0667
0.1287
0.2796
0.2472
0.2439
0.3457
0.5536
0.5686
0.3944
0.3067
0.35
0.2069
0.6429
0.0549
0.4324
0.3235
0.3377
0.2921
0.3288
0.3146
0.2308
0.2588
0.3784
0.3261
0.2838
0.3736
0.6957
0.2179
0.4571
0.4186
0.35
0.3077
0.5833
0.5556
0.5444
0.2683
0.5588
1.1613
0.2841
0.3488
0.7593
0.2747
0.4186
0.4316
0.5484
0.2967
0.3038
0.3906
0.0909
0.4894
0.2277
0.0323
0.4324
0.2763
0.4795
0.7414
0.4211
0.2841
0.4839
0.3299
0.5119
0.4828
0.3506
0
0.6786
0.8438
0.4605
0.3836
0.4133
0.2941
0.3457
0.2614
0.5641
0.4125
0.5875
0.2527
0.4156
0.507
0.07
0.1682
0.3488
0.3736
0.34
0.3881
0.0357
0.6176
0.3587
0.4677
0.043
0.1863
0.2755
0.7778
0.3472
0.541
0.6441
0.5875
0.439
0.5
0.3373
0.0385
0.0471
0.2644
0.6176
0.3256
0.2418
0.4217
0.3867
0.25
0.4868
0.6087
0.5
0.3735
0.3286
0.4086
0.4156
0.3797
0.3265
0.1026
0.2432
0.3293
0.1837
0.4928
0.02
0.3067
0.3506
0.2727
0.4474
0.4096
0.2558
0.3418
0.3286
0.3222
0.5867
0.5156
0.4405
0.3286
0.3026
0.1579
0.4651
0.5063
0.2716
0.0548
0.3614
0.4521
0.443
0.6415
0.6667
0.3438
0.6375
0.1467
0.3485
0.2118
0.5156
0.1977
0.6087
0.4941
0.3718
0.4205
0.4286
0.1975
0.5273
0.4247
0.037
0.3516
0.2564
0.5051
0.321
0.1935
0.3077
0.4512
0.5278
0.4615
0.4268
0.4459
0.5254
0.4533
0.3059
0.2375
0.6333
0.275
0.4783
0.7
0.2321
0.6406
0.2626
0.4045
0.5059
0.3488
0.6923
0.3649
0.2405
0.3765
0.3
0.2577
0.051
0.4658
0.5263
0.3119
0.2656
0.2584
0.1939
0.2755
0.5806
0.4286
0.3011
0.0354
0.0648
0.2976
0.2667
0.7246
0.25
0.4778
0.4179
0.3958
0.2048
0.4795
0.4603
0.6271
0.4342
0.2872
0.0482
0.2597
0.2568
0.2727
0.3088
0.3299
0.3953
0.2927
0.2208
0.7
0.2625
0.5135
0.3366
0.3611
0.2532
0.4474
0.1889
0.05
0.6912
0.4474
0.422
0.3867
0.407
0.4394
0.2439
0.0375
0.2833
0.4819
0.4353
0.1467
0.2667
0.4468
0.2188
0.2453
0.4938
0.2308
0.2188
0.4875
0.4211
0.7027
0.4111
0.4286
0.5818
0.0602
0.2532
0.0206
0.3778
0.36
0.2
0.28
0.4143
0.3896
0.3553
0.3443
0.2889
0.4268
0.375
0.2763
0.2632
0.382
0.3404
0.2375
0.4658
0.38
0.5714
0.0532
0.5676
0.2963
0.3011
0.0312
0.3372
0.4923
0.5341
0.3608
0.3333
0.4568
0.358
0.4561
0.4324
0.8
0.1579
0.0286
0.3294
0.3158
0.3187
0.2879
0.358
0.11
0.4714
0.3095
0.2933
0.2626
0.4625
0.4861
0.2692
0.5507
0.2673
0.2235
0.4568
0.5
0.4634
0.1978
0.3478
0.2315
0.3614
0.3788
0.2414
0.3205
0.043
0.3478
0.3542
0.3553
0.338
0.2143
0.2353
0.3438
0.0417
0.2258
0.2857
0.2609
0.5588
0.03
0.3158
0.4615
0.2336
0.2361
0.2381
0.3108
0.4557
0.6176
0.4268
0.2857
0.5263
0.1919
0.2828
0.3947
0.4925
0.5
0.2346
0.5882
0.1609
0.4194
0.5974
0.4605
0.3038
0
0.3671
0.6607
0.3836
0.3158
0.25
0.75
0.1837
0.5
0.5143
0.3333
0.2754
0.3165
0.3896
0.3667
0.5
0.4024
0.2476
0.1875
0.4154
0.3614
0.527
0.2658
0.4138
0.4624
0.0217
0.3256
0.3846
0.2283
0.1507
0.0521
0.3913
0.4737
0.359
0.4125
0.0556
0.5172
0.2323
0.5063
0.321
0.35
0.5926
0.3671
0.0471
0.5932
0.0381
0.3765
0.4
0.4853
0.04
0.4878
0.4928
0.3882
0.3176
0.1263
0.4483
0.3913
0.2568
0.3333
0.3649
0.3333
0.0645
0.051
0.3836
0.4932
0.6441
0.4638
0.493
0.0842
0.3596
0.0753
0.4348
0.5
0.6897
0.5694
0.4923
0.3117
0.2597
0.2821
0.375
0.6056
0.1067
0.194
0.2703
0.5128
0.2381
0.5417
0.1124
0.5211
0.3286
0.321
0.2688
0.4478
0.4853
0.3086
0.4167
0.6494
0.2584
0.2716
0.3462
0.7368
0.4348
0.726
0.0667
0.6667
0.3623
0.3646
0.5312
0.4068
0.8548
0.2987
0.4375
0.2418
0.3429
0.4545
0.359
0.3165
0.6667
0.5577
0.5
0.3651
0.2597
0.3867
0.3857
0.2696
0.4744
0.5303
0.6379
0.6
0.5286
0.225
0.5938
0.0753
0.1398
0.3171
0.3514
0.4545
0.5806
0.2841
0.119
0.0444
0.0122
0.0842
0.0309
0.1972
0.2941
0.2941
0.4737
0.0357
0.0115
0.049
0.033
0.0357
0.3864
0.5143
0.0769
0.3723
0
0.2609
0.4
0.21
0.3704
0.038
0.0247
0.2184
0.0119
0.0685
0.3889
0.0404
0.025
0.0367
0.0115
0.2105
0.1359
0.0674
0.0202
0.0395
0.033
0.0095
0.186
0.3214
0.0125
0.1798
0.2568
0.3371
0.0288
0.0288
0.3733
0.6406
0.0538
0.0328
0.358
0.4125
0.0455
0.2308
0.4416
0.3214
0.0333
0.0412
0.6981
0.7188
0.338
0.0488
0.0185
0.0494
0.0435
0.0682
0.2667
0.1494
0.0114
0.0267
0.44
0.061
0.3797
0.1413
0.0472
0.0417
0.4051
0.2195
0.0806
0.2532
0.0459
0.043
0.0309
0.0227
0.4853
0.377
0.0435
0.6667
0.3793
0.2576
0.5072
0.5972
0.0235
0.0506
0.0533
0.6
0.0217
0.0396
0.0404
0.02
0.1667
0.2771
0.3855
0.0759
0.0241
0.0196
0.2958
0.0263
0.5072
0.1685
0.0093
0.3333
0.2273
0
0.4225
0.2553
0.0114
0.0411
0.0132
0.3049
0.3099
0.0488
0.2427
0.6486
0.2603
0.0133
0.0577
0.0533
0.3462
0.0085
0.033
0.0116
0.3444
0.0278
0.0227
0.033
0.3235
0.0759
0.0482
0.1913
0.0326
0.3651
0.0349
0.0625
0.0282
0.2875
0.033
0.0099
0.0263
0.1122
0.4366
0.0238
0.0366
0.0319
0
0.0256
0.1957
0.0411
0.481
0.1111
0.0405
0.2041
0.0446
0.0652
0.0333
0.2917
0.4138
0.19
0.1081
0.303
0.046
0.0857
0.5797
0.04
0.0312
0.0533
0.0638
0.2796
0.3433
0.0658
0.4324
0.0421
0.0297
0.0316
0.0375
0.0625
0.3483
0.4267
0.0316
0.5397
0.2468
0.0109
0.011
0.3973
0.0349
0.4024
0
0.0306
0.0326
0.5333
0.0682
0.0198
0.0263
0.069
0.025
0.0563
0.1753
0.4091
0.0267
0.0357
0.2278
0.0526
0.0196
0.043
0.0225
0.2529
0.2603
0.0326
0
0.2817
0.0169
0.4559
0.009
0.0392
0.1562
0.2558
0.0471
0.2683
0.032
0.3974
0.3784
0.0096
0.2556
0.0086
0.0227
0.0333
0.1728
0.0351
0.5522
0.2128
0.0361
0.3733
0.0412
0.3784
0.04
0.0241
0.0568
0.03
0.191
0.0632
0.2778
0.1709
0.0127
0.358
0.2716
0.6265
0.2967
0.0267
0.0575
0.0215
0.125
0.038
0
0.0632
0.0256
0.3333
0.2211
0.1379
0.012
0.0417
0.3462
0.0294
0.52
0.3733
0.1429
0.0506
0.2105
0.0866
0.0737
0.0625
0.1702
0.2317
0.4521
0.026
0.0568
0.0211
0.2796
0.0531
0.3099
0.0294
0.0119
0.2581
0.0225
0.0598
0.4697
0.25
0.0948
0.3108
0.0353
0.0341
0.0633
0.051
0.0388
0.0541
0.2308
0.0333
0.0541
0.013
0.4727
0.0597
0.0649
0.0404
0.2958
0.1935
0.0361
0.3936
0.0571
0.0704
0.2381
0.475
0.0698
0.0123
0.0345
0.0105
0.2958
0.0619
0.0441
0.5714
0.0204
0.0294
0.0294
0.0411
0.0513
0.0617
0.0968
0.2872
0.3243
0.2727
0.0449
0.0381
0.3333
0.036
0.0405
0.012
0.0595
0.5614
0.3689
0.0312
0.0625
0.0256
0.1905
0.0521
0.0595
0.0235
0.023
0.0349
0.0476
0
0.022
0.0588
0.0141
0.4028
0.2842
0.2449
0.7879
0.6104
0.0123
0.8085
0.3553
0.6
0.0104
0.0316
0.0575
0.1758
0.0682
0.0602
0.473
0.1776
0.0556
0.4154
0.1757
0.3684
0.044
0.4432
0.4286
0.0667
0.375
0.0446
0.2424
0.2432
0.0526
0.2394
0.0278
0.0667
0.1882
0.0405
0.0122
0.0465
0.3011
0.8596
0.3684
0.2561
0.0256
0.0538
0.029
0.3284
0.2131
0
0.6316
0.05
0
0.0532
0.1471
0.038
0.5179
0.0112
0.4754
0.03
0.0309
0.225
0.0462
0.5
0.5075
0.321
0.3239
0.0377
0.3333
0.0381
0.0202
0.1364
0.0444
0.4426
0.2535
0.4937
0.1647
0.1758
0.3038
0.0444
0.0303
0.0435
0.2439
0.3205
0.031
0.3721
0.2439
0.0323
0.0182
0.378
0.0732
0.0297
0.0714
0.6552
0.3111
0.0986
0.1728
0.0217
0.1932
0.4308
0.0122
0.0417
0.4783
0.5179
0.0404
0.2553
0.023
0.4271
0.5205
0.0444
0.0682
0.04
0.2821
0.4342
0.0759
0.4103
0.0532
0.0341
0.3974
0.3429
0.0426
0
0.2857
0.0333
0.0233
0.05
0.0103
0.3418
0.061
0.037
0.3151
0.039
0.2394
0.2577
0.033
0.0421
0.033
0.1584
0.0693
0.2135
0.0769
0.1429
0.4464
0
0.3521
0.0244
0.2875
0.2414
0.129
0.044
0.0471
0.2647
0.3766
0.2921
0.375
0.3596
0.03
0.0213
0.0116
0.25
0
0.0388
0.5775
0.4203
0.023
0.2697
0.0652
0.2933
0.45
0.4938
0.4111
0.2683
0.4412
0.0323
0.0515
0.2558
0.0556
0.1935
0.0392
0.027
0.0685
0.0206
0.2625
0.0405
0.25
0.0561
0.2277
0.0744
0.0581
0.0595
0.0116
0.0128
0.4035
0.3182
0.0405
0.0367
0.09
0.0396
0.0444
0.2768
0.5536
0.0556
0.3291
0.3014
0.4133
0.3647
0.0449
0.2069
0.4304
0.0225
0.0412
0.0316
0.046
0.0602
0.1414
0.1682
0.125
0.3297
0.0431
0.04
0.0119
0.0349
0.0278
0.4839
0.0538
0.0556
0.0642
0.6825
0.0625
0.0986
0.5862
0.0202
0.0638
0.4444
0.3855
0.0256
0.3291
0.0303
0.0449
0.2791
0.1429
0.0312
0.507
0.05
0.0326
0.5797
0.5
0.0549
0.0617
0.0094
0.0323
0.3418
0.3265
0.5152
0.3784
0.2805
0.0098
0.0241
0.4706
0.3067
0.0444
0.3
0.2632
0.0215
0.0103
0.2911
0.3571
0.3222
0.0556
0.0267
0.0686
0.0649
0.023
0.1974
0.0505
0.4937
0.321
0.0822
0.3614
0.0337
0.4051
0.7547
0.6667
0.0268
0.0096
0.0263
0.0263
0.2
0.0506
0.2209
0.4203
0.4471
0.0227
0.0396
0.0204
0.0227
0.2881
0.0633
0.037
0.0097
0.0581
0.0328
0.284
0.1505
0.2051
0.0729
0.5139
0.3516
0.3171
0.0341
0.0909
0.093
0.3614
0.275
0.0946
0.0341
0.061
0.5143
0.041
0.3906
0.0278
0.0404
0.4588
0.0495
0.1045
0.2838
0.2152
0.3882
0.0667
0.0463
0
0.1948
0.4156
0.0165
0.0286
0.2247
0.1735
0.0374
0.5161
0.0349
0.3118
0.0708
0.3846
0.0761
0.0843
0.6667
0.2857
0.0278
0.2941
0.0185
0
0.3699
0.2879
0.0135
0.4211
0.1979
0.0241
0.0723
0.0649
0.2828
0.0625
0.019
0.0707
0.4
0.061
0.0143
0.2
0.0449
0.3267
0.3194
0.0235
0.0233
0.1444
0.403
0.0723
0.4342
0.0079
0.3289
0.3837
0.0375
0.3333
0.2078
0.0455
0.0309
0.0198
0.2857
0.0617
0.2887
0.0097
0.2075
0.3704
0.0123
0.019
0.0543
0.4211
0.7027
0.3444
0.4026
0.6
0.012
0.3038
0.0206
0.0099
0.061
0.0449
0.036
0.0476
0.3506
0.0488
0.1176
0.2198
0.378
0.037
0.0357
0.0353
0.0291
0.3298
0.175
0.023
0.0275
0.08
0.2529
0.044
0.1951
0.3333
0.3837
0.2706
0.0132
0.4157
0.0179
0.3218
0.4568
0.0222
0.3509
0.0337
0.04
0.02
0.2041
0.3176
0.0382
0.0495
0.2424
0.0323
0.0194
0.0263
0.0449
0.0732
0.2121
0.425
0.3611
0.0241
0.0357
0.2574
0.1744
0.3827
0.0476
0.3415
0.0316
0.026
0.0256
0.0538
0.0132
0.2874
0.0353
0.087
0.0485
0.0439
0.0575
0.0256
0.0111
0.2353
0.2969
0.0103
0.0147
0.2637
0.0565
0.4706
0.03
0.0225
0.2692
0.2336
0.1781
0.0435
0.0814
0.0543
0.6324
0.3537
0.0421
0.012
0.2121
0.0463
0.0227
0.4776
0.0225
0.2099
0.5735
0.0112
0.0267
0.4805
0.0333
0.3671
0.3816
0.0222
0.0294
0.037
0.2281
0.18
0.0323
0.0392
0.0215
0.4143
0.2436
0.3333
0.0345
0.033
0.2128
0.0602
0.3735
0.0536
0.1562
0.0125
0.022
0.5541
0.0353
0.3103
0.055
0.2927
0.0417
0.3942
0.0196
0.026
0.4217
0.0472
0.5132
0.3797
0.3125
0.5333
0.0286
0.303
0.0333
0.3333
0
0.5636
0.0341
0.1875
0.4746
0.0095
0.0316
0.0326
0.0625
0.03
0.4512
0.4638
0.0426
0.45
0.5063
0.2292
0.3768
0.2297
0.0106
0.0357
0.0476
0.2299
0.0408
0.3562
0.4459
0.0267
0.012
0.4789
0.1209
0.2584
0.0538
0.4058
0.4024
0.0556
0.033
0.3077
0.0114
0.037
0.0494
0.043
0.5493
0.4286
0.0417
0.0488
0.4487
0.2143
0.5
0.0549
0.6056
0.2714
0.0543
0.1649
0.0506
0.0633
0.044
0.3333
0.4444
0.236
0.0345
0.0345
0.027
0.4348
0.0333
0.0222
0.5397
0.3188
0.3333
0.0513
0.0156
0.0241
0.0353
0.2812
0.0291
0.0278
0.03
0.0556
0.3291
0.5714
0.0154
0.5172
0.058
0.2208
0.0455
0.026
0.287
0.359
0.4848
0.5345
0
0.0476
0.0345
0.0128
0.0538
0.0309
0.0104
0.0595
0.0375
0.0247
0.051
0.0341
0.0222
0.0366
0.3095
0.0309
0.0533
0.0612
0.0306
0.0556
0.0357
0.0115
0.0392
0.022
0.0089
0.0388
0.0238
0.0577
0.0189
0.0449
0.0405
0.029
0.0367
0.0208
0.0253
0.037
0.0417
0.0238
0.0411
0.0122
0.0505
0.0125
0.0183
0.0345
0.0094
0.066
0.0337
0.0404
0.0395
0.022
0.019
0.0795
0.0309
0.05
0.0306
0.0118
0.02
0.0288
0.0192
0.061
0.0494
0.0323
0.0656
0.0323
0.0444
0.0455
0.1827
0.4286
0.2857
0.0333
0.0619
0.0857
0.0122
0.05
0.0488
0.0556
0.0247
0.029
0.0455
0.03
0.0225
0.0455
0.0267
0.3947
0.0122
0.3924
0.0412
0.0189
0.0278
0.0769
0.0435
0.0323
0.0115
0.0275
0.0538
0.0103
0.0341
0.0476
0.0147
0.0174
0.0435
0.0202
0.0135
0.0233
0.0698
0.0706
0.038
0.0267
0.0105
0.0326
0.0198
0.0303
0.03
0.0091
0.0323
0.051
0.0253
0.2763
0.0294
0.0488
0.0175
0.0366
0.011
0.0093
0.0123
0.0533
0.0104
0.0361
0.0485
0.0227
0.0548
0.0395
0.0326
0.0602
0.061
0.0174
0.0326
0.0127
0.0267
0.0288
0.0133
0.0333
0.0171
0.033
0.0349
0.02
0.037
0.0455
0.022
0
0.0253
0.0361
0.0082
0.0326
0.0822
0.0233
0
0.0141
0.0222
0.044
0.0396
0.0395
0.2989
0.0127
0.0357
0.061
0.0319
0.0215
0.0256
0.05
0.0411
0.0204
0
0.0676
0.0278
0.0268
0.0217
0.0444
0.012
0.0606
0.037
0.0676
0.0694
0.0115
0.0141
0.0345
0.0533
0.0417
0.0267
0.0638
0.2796
0.0274
0.0263
0.0225
0.0105
0
0.0105
0.075
0.0179
0.0385
0.0455
0.0105
0.0541
0.0833
0.0109
0
0.069
0.0116
0.0495
0.0435
0.051
0.0435
0.0306
0.0341
0.0297
0.0263
0.023
0.05
0.0141
0.0196
0.3939
0.0133
0.0357
0.0233
0.0421
0
0.0215
0.0674
0.0319
0.025
0.0326
0.0633
0.025
0.0169
0.037
0.027
0.0196
0.0693
0.0104
0.0471
0.2439
0.048
0.359
0.0833
0.0288
0.02
0.0172
0.0341
0.0444
0.0115
0
0.0455
0
0.012
0.0233
0.0103
0.0455
0.08
0.0361
0.0341
0.07
0.0208
0.0105
0.0526
0.016
0.0253
0.0538
0.284
0.0459
0.0198
0.0533
0.092
0.0538
0.0238
0.2083
0.0217
0.0526
0.0513
0
0
0.0326
0.0723
0.0694
0.0449
0.0735
0.0421
0
0.0092
0.0759
0.0667
0.0229
0.0211
0.0208
0.0102
0.0222
0.0118
0.026
0.0341
0
0
0.0354
0.038
0.0098
0.0357
0.0102
0.0225
0.0256
0.0119
0.2788
0.1293
0.075
0.0118
0
0.0506
0.0408
0.0233
0.0541
0.0233
0.0333
0.0135
0.0519
0.029
0.0299
0.013
0.0303
0.0128
0.0306
0.0602
0.036
0.0429
0.0423
0.029
0.04
0.0233
0.0247
0
0.0211
0.0244
0.0515
0.0147
0.033
0.0306
0.0294
0.0196
0.0274
0.0256
0.0123
0.0968
0.0385
0.0375
0.0595
0.0337
0.25
0.011
0.018
0.0946
0.0482
0.0238
0.0423
0.0261
0.0104
0.0312
0
0.1845
0.0104
0.0357
0.0353
0.0345
0.0233
0.0095
0.0602
0.011
0.0706
0.0423
0.0706
0.066
0.0364
0.0227
0.0521
0.037
0.0667
0.046
0.1325
0.0312
0.0421
0.023
0.0206
0.0111
0
0.0233
0.0614
0.055
0.039
0.0127
0.0116
0.0659
0.0187
0.038
0.5156
0.0411
0.0357
0
0.037
0.0658
0.0519
0.0833
0.0667
0.0217
0.0541
0.0366
0.0233
0.0476
0.0125
0.0449
0.0215
0.0128
0.043
0.029
0.039
0.0635
0.0538
0.6579
0.025
0.0198
0.0319
0.0185
0
0.0563
0.0449
0.0667
0.01
0.0515
0.0235
0.4906
0.5156
0.0633
0.0319
0.0482
0.0566
0.0471
0.16
0.25
0.0105
0
0.0143
0.0263
0.0102
0.1412
0.0404
0.0115
0.0222
0.0202
0.0217
0.0112
0
0.0155
0.3488
0.023
0.0484
0.0364
0.0213
0.0488
0.0594
0.0714
0.0526
0.0385
0.0278
0.0345
0.0899
0.1591
0.04
0.0488
0.0556
0.0361
0.0286
0.0505
0.0286
0
0.0171
0.0357
0.0333
0.0899
0.01
0.0345
0.044
0.038
0.0435
0.0532
0.0455
0
0.025
0.0106
0.0185
0.0098
0.0111
0.7903
0.02
0.0515
0.0337
0.0122
0.0463
0.037
0.0649
0.0375
0.0566
0.044
0.0211
0.0659
0.0093
0.0099
0.0421
0.0421
0.0323
0.0317
0.0317
0.0588
0.0122
0.0575
0.0211
0.0806
0.022
0.0588
0.039
0.0337
0.0396
0.0476
0.0204
0.03
0.0213
0.0465
0.04
0.0119
0
0.033
0.012
0.023
0
0.0326
0.0568
0.0556
0.0938
0.0097
0.0222
0.0119
0.0108
0.0309
0.0435
0.0833
0.0099
0.0098
0.0721
0.0411
0.0412
0.0341
0.0135
0.0101
0.0467
0.0177
0.0161
0.0581
0.0476
0.0116
0.0385
0.0455
0.2955
0.0405
0.0275
0.05
0.0198
0.0333
0.048
0.0606
0.0556
0.0556
0.0244
0.0217
0.0505
0.0674
0.2069
0.0532
0.0225
0.0947
0.0312
0
0.0482
0.0198
0.0089
0.0105
0.0283
0.0172
0.04
0.0476
0.0116
0.0278
0.0274
0.0323
0.0648
0.0275
0.05
0.05
0.0563
0.0685
0.0101
0.0319
0
0.0412
0.0128
0.0706
0
0
0.0099
0.0102
0.0104
0.0706
0.075
0.0109
0.0588
0.0361
0.011
0.0617
0.0377
0.0215
0
0.0734
0.0361
0.0345
0.0568
0.0294
0.0482
0.01
0.0595
0.033
0.0331
0.0119
0
0.0515
0.0581
0.039
0.037
0.0333
0.0533
0.0588
0.039
0.0115
0.2105
0.0707
0.0309
0.022
0.0411
0.0625
0.0225
0.0316
0.0294
0.058
0.0268
0.5
0.0263
0.0263
0.0215
0.038
0.0562
0
0.0204
0.0455
0.0495
0.0204
0.0341
0.0154
0.2603
0
0.0291
0
0.0246
0.284
0.1183
0.0123
0.0312
0
0.0291
0.0104
0.0455
0.0606
0.0814
0.2941
0.046
0.0909
0.0455
0.0488
0
0.041
0.0263
0.037
0.0606
0.3882
0.0396
0
0
0.0843
0.04
0.0444
0.037
0.0102
0.0843
0.0323
0.0248
0.058
0.0101
0.0192
0.0374
0.0417
0.0233
0.2268
0.0088
0.0093
0.0326
0.0602
0.0345
0.0353
0.0278
0.04
0.0185
0.0455
0.3562
0.08
0.0676
0.0213
0.1458
0.0482
0.0241
0.0649
0.0278
0.0375
0.019
0.0303
0.3625
0.0488
0.0571
0.2125
0
0.0435
0.0125
0.0588
0.0233
0.1667
0.025
0.012
0.0345
0.0238
0.0116
0.0476
0.0625
0.0465
0.1558
0.0758
0.0412
0.0198
0.0263
0.0247
0.0636
0.0291
0.0172
0.022
0.037
0.2292
0.0543
0.0455
0.0306
0.0194
0.0114
0.1045
0
0.0581
0.0206
0.0297
0.0366
0.0449
0.027
0.0119
0.0222
0.061
0.0588
0.0202
0.0208
0.0494
0
0.0235
0.0291
0.0556
0.0116
0.069
0.0367
0.0267
0.0638
0.0659
0.0337
0.0099
0.0521
0.0211
0.0132
0.0283
0.0089
0.3218
0.0745
0.0111
0.0312
0.0562
0.0533
0
0.019
0.0104
0.0305
0.0495
0.0286
0.0323
0
0.0526
0.0449
0.0244
0.0476
0.0217
0.0941
0.012
0.0952
0.018
0
0.3704
0.0238
0.0213
0.0421
0.013
0
0.3976
0.0132
0.2874
0.0588
0.1087
0.0583
0.0351
0.069
0.0256
0.0222
0.011
0.0714
0.0206
0.0441
0.01
0.0242
0.0476
0.03
0.0337
0.0235
0.0265
0.0769
0.0326
0.0465
0.0326
0.0119
0.0532
0.0526
0.0602
0.028
0.0185
0
0.0633
0.2949
0.0345
0.069
0.0449
0.0533
0.0674
0.0444
0.0543
0.0213
0.0222
0.0441
0.0494
0.082
0.0455
0.0108
0.0196
0.0645
0.4714
0
0.04
0.0805
0.0549
0.0288
0.0602
0.0208
0.0179
0.0673
0.0125
0.044
0.022
0.0588
0.0404
0.0275
0.0326
0.0104
0.0167
0.0294
0.026
0.0103
0.0094
0.033
0.0435
0.033
0.0333
0.0429
0.0727
0.0333
0.0225
0.011
0.0714
0.0227
0.2
0.0714
0.0286
0
0.0543
0.0125
0.049
0.0104
0.0241
0.0426
0.0105
0.0303
0.0278
0.0385
0.025
0.0106
0.0357
0.0476
0.0105
0.0102
0.0482
0.0465
0.12
0.0241
0.0119
0.0417
0.0312
0.0323
0.0633
0
0.0139
0.011
0.0411
0.0455
0.037
0.0494
0.0215
0.0225
0.0667
0.0556
0.0488
0.0109
0.0217
0.0595
0.011
0.0595
0
0.0217
0.0194
0.0253
0
0.044
0.029
0.01
0.0309
0.0345
0
0.0541
0.0123
0.0333
0.0222
0.0385
0.05
0.0374
0.0513
0
0.0241
0.0706
0.0811
0.0194
0.0417
0.03
0.0444
0.0341
0.0274
0.0769
0.5172
0.25
0.0361
0.0455
0.0649
0.0394
0.022
0.025
0.0541
0.0411
0.0714
