ncvFD_AFR	ncvFD_EUR	ncvFD_ASN	ncv_AFR	ncv_EUR	ncv_ASN	hka_AFR	hka_EUR	hka_ASN	tajd_AFR
0.4557	0.4639	0.4791	0.3343	0.3491	0.4078	0.4412	0.3725	0.3235	1.4069
0.4702	0.4626	0.4973	0.4249	0.3213	0.4883	0.7143	0.3247	0.2987	-0.87355
0.4328	0.4309	0.4984	0.3046	0.2653	0.4835	0.6628	0.5581	0.1101	2.06462
0.4532	0.4633	0.4944	0.3523	0.3522	0.4793	0.5488	0.3902	0.378	0.999561
0.4534	0.4525	0.4949	0.3681	0.365	0.4842	0.6333	0.6333	0.4778	0.63424
0.4512	0.4507	0.4651	0.34	0.3132	0.3751	0.527	0.4459	0.4459	1.26555
0.4807	0.4932	0.4992	0.4227	0.4576	0.4858	0.3619	0.2	0.0631	-0.790427
0.4571	0.4481	0.4795	0.3867	0.2302	0.4144	0.6905	0.3333	0.3452	0.161812
0.4699	0.4647	0.4913	0.3875	0.3294	0.4562	0.4135	0.3173	0.2596	0.139778
0.4681	0.4728	0.4961	0.3644	0.3378	0.4584	0.3579	0.2421	0.1089	0.6961
0.4762	0.4639	0.496	0.4027	0.3009	0.4485	0.3592	0.2788	0.0893	-0.253504
0.4529	0.4526	0.4921	0.3658	0.3077	0.4744	0.6296	0.4096	0.4578	0.685079
0.4615	0.4491	0.4877	0.3699	0.2947	0.4526	0.4868	0.4211	0.3684	0.569557
0.4606	0.4664	0.4964	0.4007	0.3846	0.4883	0.7333	0.4667	0.4474	-0.206342
0.4758	0.4768	0.4985	0.4258	0.3923	0.4802	0.5224	0.3088	0.0822	-0.869067
0.4673	0.4706	0.4989	0.3973	0.3533	0.4823	0.5224	0.2958	0.0649	-0.110563
0.4476	0.4354	0.498	0.369	0.3057	0.4812	0.7742	0.629	0.1235	0.603783
0.4759	0.4783	0.4971	0.3969	0.399	0.4843	0.3412	0.3059	0.2353	-0.099098
0.4252	0.4188	0.4392	0.3284	0.2442	0.341	0.9492	0.6441	0.7458	1.55726
0.4419	0.4216	0.4936	0.3407	0.2662	0.4841	0.6912	0.6765	0.6765	1.26845
0.4466	0.4946	0.4952	0.3566	0.4855	0.4496	0.7	0.6	0.1098	0.902655
0.4502	0.4422	0.496	0.3742	0.3299	0.4883	0.7558	0.6279	0.5233	0.486321
0.4636	0.4712	0.4953	0.3969	0.3844	0.4673	0.6104	0.3766	0.1744	-0.102996
0.4376	0.4288	0.4893	0.3465	0.2554	0.4707	0.8197	0.5574	0.5902	1.14113
0.4541	0.4448	0.4965	0.3895	0.2989	0.4879	0.8056	0.4805	0.4156	0.0886926
0.4518	0.4505	0.493	0.3336	0.2754	0.4754	0.4938	0.3704	0.4074	1.40916
0.4386	0.4187	0.4962	0.3487	0.2832	0.4422	0.8154	0.7846	0.0741	1.09386
0.4565	0.4579	0.4958	0.3746	0.3488	0.4862	0.6111	0.4583	0.4444	0.46389
0.4657	0.4645	0.495	0.385	0.3304	0.442	0.4815	0.321	0.1011	0.202353
0.4482	0.4928	0.4917	0.3568	0.4777	0.4774	0.6667	0.4865	0.5972	0.897422
0.4313	0.4221	0.4783	0.34	0.2918	0.4467	0.9091	0.7727	0.7273	1.30463
0.4452	0.4394	0.492	0.3437	0.2813	0.4499	0.6463	0.5	0.2	1.20931
0.4659	0.4797	0.4975	0.391	0.4079	0.4805	0.5125	0.3125	0.1512	0.0490918
0.4611	0.4479	0.4913	0.4029	0.3298	0.4745	0.7436	0.5385	0.5256	-0.266259
0.4606	0.4517	0.4962	0.3743	0.3525	0.4693	0.5256	0.5769	0.1477	0.468748
0.4564	0.4601	0.496	0.3755	0.3566	0.4861	0.619	0.4524	0.4048	0.447458
0.4316	0.4366	0.4786	0.3276	0.3099	0.444	0.8077	0.6282	0.6538	1.58697
0.4595	0.4622	0.4952	0.3662	0.3157	0.48	0.5052	0.3196	0.3196	0.673926
0.439	0.4375	0.4795	0.326	0.2726	0.4273	0.663	0.5	0.4239	1.61904
0.4604	0.498	0.4989	0.398	0.4748	0.4875	0.7083	0.0875	0.1	-0.132608
0.4183	0.4257	0.492	0.2793	0.3038	0.4012	0.7742	0.7742	0.0976	2.53153
0.4581	0.4534	0.4911	0.3872	0.3382	0.4713	0.6709	0.4875	0.4625	0.148728
0.4692	0.4647	0.4841	0.3879	0.337	0.431	0.4286	0.3333	0.3214	0.128292
0.4679	0.4711	0.4975	0.367	0.3456	0.4892	0.369	0.2738	0.3023	0.629017
0.4585	0.4761	0.499	0.3639	0.4005	0.4803	0.5111	0.3516	0.0556	0.725731
0.427	0.4223	0.4959	0.3172	0.2719	0.4896	0.8286	0.6857	0.6429	1.80381
0.444	0.4477	0.4787	0.3638	0.3208	0.4336	0.8154	0.5077	0.5077	0.736241
0.4545	0.4516	0.4944	0.3367	0.2865	0.4814	0.4667	0.3778	0.4333	1.34538
0.4523	0.4524	0.4817	0.3319	0.3048	0.4331	0.481	0.4051	0.4051	1.44038
0.4694	0.4783	0.4965	0.379	0.3682	0.4859	0.3864	0.2273	0.3295	0.346827
0.4541	0.4459	0.488	0.3628	0.2773	0.4534	0.5872	0.4196	0.3661	0.768711
0.4698	0.4692	0.4961	0.3972	0.3541	0.4818	0.4658	0.3151	0.274	-0.108193
0.4547	0.4522	0.4764	0.3671	0.3313	0.4139	0.6	0.48	0.4133	0.64764
0.4558	0.4596	0.4652	0.3799	0.3561	0.3809	0.6667	0.4598	0.4713	0.338073
0.443	0.4524	0.476	0.3392	0.3376	0.4252	0.6628	0.5	0.5116	1.31827
0.4399	0.4493	0.4953	0.3322	0.2937	0.4434	0.679	0.4167	0.0968	1.47296
0.4488	0.422	0.449	0.3785	0.2501	0.3457	0.8361	0.623	0.5902	0.370885
0.434	0.4372	0.4895	0.2867	0.2634	0.469	0.5806	0.4839	0.5269	2.4119
0.4644	0.4703	0.4992	0.3602	0.3757	0.4883	0.4	0.36	0.0741	0.78495
0.4471	0.4492	0.4968	0.3436	0.3286	0.4766	0.6111	0.5139	0.1646	1.19733
0.4704	0.4668	0.4906	0.3808	0.3336	0.4565	0.3763	0.3011	0.2903	0.302286
0.4748	0.4737	0.4961	0.4148	0.3601	0.4825	0.4588	0.2706	0.2941	-0.575521
0.4194	0.4221	0.4893	0.2936	0.2775	0.4747	0.8261	0.7101	0.7536	2.28571
0.4422	0.4417	0.4955	0.3598	0.31	0.4714	0.8243	0.5541	0.1932	0.840109
0.4502	0.4634	0.4903	0.3563	0.3743	0.4611	0.625	0.4722	0.3472	0.904342
0.4731	0.466	0.497	0.4172	0.3427	0.4649	0.5263	0.3289	0.0952	-0.642722
0.4388	0.4175	0.4851	0.3458	0.2226	0.4621	0.7869	0.6066	0.6721	1.15336
0.4678	0.4731	0.4962	0.3729	0.3625	0.4805	0.3913	0.2826	0.25	0.495886
0.4374	0.4361	0.4983	0.3165	0.2574	0.4822	0.6437	0.4828	0.1078	1.81464
0.4731	0.4601	0.4979	0.4099	0.3201	0.4723	0.4681	0.3511	0.0826	-0.447669
0.4459	0.4987	0.4957	0.3542	0.4727	0.4846	0.6984	0.0526	0.3968	0.95245
0.4594	0.4529	0.4995	0.3539	0.2999	0.4834	0.4545	0.3896	0.0333	0.942188
0.463	0.4973	0.4964	0.3744	0.4465	0.4396	0.481	0.0568	0.0682	0.463277
0.4508	0.4342	0.495	0.3723	0.2918	0.4486	0.7246	0.5942	0.1125	0.523636
0.4407	0.4407	0.4991	0.3301	0.3164	0.4821	0.6543	0.5926	0.0521	1.51462
0.4437	0.4372	0.4901	0.3594	0.2868	0.4691	0.7838	0.5405	0.4865	0.846089
0.4493	0.437	0.4932	0.3788	0.3302	0.483	0.8256	0.7209	0.686	0.369175
0.4504	0.455	0.4946	0.3788	0.3728	0.4831	0.7941	0.6324	0.4789	0.363639
0.4377	0.4371	0.4914	0.3215	0.3089	0.4779	0.6628	0.6163	0.6512	1.71064
0.4598	0.4546	0.4974	0.3903	0.3319	0.468	0.6538	0.4487	0.0899	0.068176
0.4652	0.4671	0.4939	0.3894	0.3452	0.4794	0.5185	0.321	0.4321	0.091601
0.4627	0.4587	0.4948	0.3851	0.3227	0.4822	0.5465	0.3721	0.4186	0.202145
0.4566	0.4565	0.4911	0.3767	0.3403	0.4712	0.6232	0.4493	0.4638	0.409939
0.4663	0.4698	0.4897	0.3942	0.3615	0.4572	0.5238	0.3256	0.3294	-0.0320041
0.4569	0.4528	0.4963	0.3344	0.3097	0.4568	0.425	0.4125	0.0989	1.37181
0.4535	0.4975	0.4918	0.372	0.4739	0.4732	0.6582	0.1087	0.4557	0.532814
0.4433	0.4689	0.4947	0.3512	0.3778	0.4831	0.7313	0.3913	0.4627	1.03094
0.4514	0.4657	0.4972	0.351	0.3732	0.4896	0.5733	0.4267	0.3733	1.02571
0.4792	0.4837	0.4962	0.3849	0.3977	0.4615	0.25	0.2118	0.1124	0.190228
0.4338	0.4491	0.4644	0.3044	0.3503	0.3863	0.6471	0.6118	0.5176	2.06349
0.4479	0.4548	0.4978	0.3635	0.3528	0.4779	0.7213	0.5246	0.1127	0.733467
0.4532	0.4885	0.4979	0.3181	0.4606	0.476	0.4286	0.4286	0.0982	1.74537
0.4564	0.455	0.4848	0.3495	0.3218	0.4427	0.4831	0.4157	0.382	1.06088
0.4425	0.4382	0.492	0.3696	0.3151	0.4765	0.9167	0.625	0.5278	0.600656
0.474	0.4837	0.4956	0.3902	0.408	0.4775	0.35	0.2375	0.25	0.0681005
0.4375	0.4605	0.4894	0.3416	0.3741	0.4692	0.7838	0.5263	0.5395	1.26571
0.4363	0.4432	0.4964	0.3281	0.3129	0.4678	0.7206	0.5441	0.1316	1.55037
0.4378	0.4273	0.4626	0.365	0.3044	0.4024	1	0.75	0.6912	0.71537
0.4738	0.4978	0.4995	0.4256	0.4822	0.4867	0.5873	0.1449	0.0435	-0.866938
0.4494	0.4535	0.4922	0.3306	0.2931	0.4698	0.5185	0.3704	0.3611	1.51033
0.4631	0.4566	0.4825	0.3922	0.3615	0.4272	0.5867	0.5333	0.3421	0.0183637
0.4471	0.4519	0.4792	0.3312	0.3275	0.432	0.5556	0.4722	0.4722	1.46096
0.4538	0.4973	0.497	0.3697	0.4756	0.4764	0.6364	0.1266	0.1519	0.581271
0.4471	0.4453	0.4867	0.323	0.2386	0.4507	0.5244	0.3659	0.3902	1.64554
0.4551	0.4394	0.4952	0.3981	0.2946	0.457	0.8824	0.5362	0.131	-0.13873
0.4688	0.4391	0.491	0.4113	0.2801	0.4752	0.5972	0.5	0.5833	-0.485398
0.4487	0.4578	0.4875	0.356	0.3515	0.4608	0.6515	0.4697	0.4848	0.90959
0.4441	0.4956	0.4972	0.3286	0.4635	0.4355	0.5909	0.1429	0.0476	1.54747
0.4247	0.4274	0.4982	0.3165	0.2714	0.4749	0.8676	0.6176	0.0805	1.82103
0.4442	0.4509	0.4993	0.321	0.3314	0.4851	0.5588	0.5	0.0517	1.72146
0.4569	0.4492	0.4969	0.3785	0.275	0.4886	0.6292	0.382	0.382	0.373444
0.4525	0.4506	0.4988	0.3487	0.3354	0.4784	0.5443	0.519	0.0575	1.07922
0.4546	0.4462	0.499	0.3644	0.2922	0.4858	0.5867	0.4474	0.0795	0.710939
0.4665	0.461	0.4946	0.384	0.3724	0.4815	0.4615	0.5077	0.4154	0.221841
0.4307	0.4364	0.4964	0.3206	0.2898	0.4705	0.7794	0.5588	0.1429	1.72286
0.435	0.4373	0.4958	0.3152	0.2842	0.4344	0.6753	0.5325	0.0729	1.83494
0.4471	0.4525	0.4697	0.3531	0.3378	0.4062	0.6667	0.5	0.5278	0.985728
0.451	0.4504	0.4969	0.3759	0.3161	0.4666	0.75	0.4583	0.1071	0.438117
0.4535	0.4458	0.4922	0.3933	0.2957	0.4732	0.8714	0.4605	0.4211	-0.0108693
0.4494	0.4731	0.498	0.3626	0.4231	0.4647	0.6806	0.5833	0.0625	0.760554
0.4595	0.4478	0.4895	0.3884	0.3032	0.4633	0.6456	0.4557	0.4177	0.116594
0.4536	0.4512	0.4848	0.3804	0.3419	0.4022	0.7246	0.5362	0.2051	0.322035
0.4489	0.4412	0.4965	0.336	0.3079	0.4877	0.5469	0.5538	0.4	1.34101
0.4759	0.4633	0.499	0.4265	0.324	0.4786	0.5287	0.3218	0.0515	-0.907992
0.4576	0.458	0.4692	0.341	0.2795	0.3682	0.4353	0.3059	0.3529	1.23792
0.4435	0.4373	0.4919	0.3561	0.2276	0.476	0.7632	0.4211	0.5263	0.926092
0.4516	0.4352	0.4654	0.3842	0.3171	0.4108	0.8182	0.6818	0.697	0.226127
0.4565	0.4531	0.4602	0.3858	0.3523	0.3728	0.7	0.55	0.525	0.185059
0.4749	0.4794	0.4948	0.4216	0.3779	0.4728	0.5122	0.2317	0.2439	-0.765087
0.452	0.4439	0.4831	0.3762	0.3507	0.448	0.7286	0.7143	0.507	0.428634
0.4497	0.4442	0.4854	0.3525	0.2545	0.4467	0.6129	0.3978	0.3978	1.00956
0.4853	0.4844	0.4968	0.4382	0.4117	0.4655	0.3333	0.2353	0.1048	-1.21106
0.4676	0.4648	0.4992	0.4122	0.3742	0.49	0.6447	0.4474	0.0833	-0.515236
0.4383	0.4254	0.4792	0.3521	0.2756	0.4489	0.8493	0.6575	0.726	1.02371
0.4545	0.4546	0.4918	0.3681	0.315	0.4708	0.6111	0.4028	0.4028	0.621879
0.451	0.4421	0.4976	0.3873	0.3056	0.4407	0.8732	0.5342	0.0444	0.148411
0.4589	0.4597	0.4719	0.3234	0.3369	0.403	0.3721	0.3953	0.4535	1.59429
0.4644	0.4572	0.4974	0.3854	0.2959	0.4661	0.5109	0.337	0.0874	0.193696
0.47	0.4705	0.4858	0.3804	0.3587	0.4161	0.3827	0.3086	0.2222	0.308918
0.4243	0.428	0.4821	0.3162	0.3185	0.4555	0.8732	0.8169	0.7042	1.83359
0.4557	0.4985	0.4998	0.3493	0.4835	0.49	0.4937	0.1	0.0222	1.05674
0.4699	0.4668	0.4963	0.3693	0.317	0.4735	0.3452	0.2738	0.1667	0.570454
0.4473	0.4568	0.4759	0.3584	0.3762	0.409	0.6977	0.6163	0.3977	0.87168
0.4381	0.4325	0.4908	0.328	0.2291	0.4716	0.6883	0.4675	0.4935	1.56108
0.4273	0.4528	0.4904	0.3176	0.3786	0.4753	0.8243	0.7297	0.6486	1.80208
0.4503	0.4589	0.4946	0.3612	0.3629	0.4843	0.6528	0.5	0.5278	0.792501
0.4484	0.4478	0.4688	0.3432	0.3089	0.3925	0.5882	0.4706	0.4588	1.21724
0.4602	0.4613	0.4986	0.3733	0.3383	0.487	0.527	0.3784	0.122	0.491024
0.4807	0.4828	0.4977	0.4156	0.4202	0.4822	0.3247	0.2987	0.1519	-0.572049
0.4323	0.4331	0.493	0.2465	0.2952	0.4826	0.5	0.6212	0.6818	3.00825
0.4413	0.4295	0.4527	0.3634	0.288	0.3644	0.8817	0.6452	0.6237	0.762803
0.4564	0.4932	0.4942	0.3619	0.4541	0.3997	0.5385	0.1818	0.0682	0.768451
0.4428	0.4421	0.4884	0.3338	0.2913	0.4652	0.6364	0.4935	0.5195	1.42608
0.4869	0.4882	0.4963	0.439	0.3795	0.4724	0.292	0.1239	0.1593	-1.23253
0.45	0.4598	0.4577	0.3549	0.3651	0.3062	0.6203	0.4937	0.35	0.943565
0.4705	0.4671	0.4928	0.3761	0.3453	0.4546	0.358	0.321	0.1977	0.411375
0.4372	0.4111	0.4791	0.352	0.214	0.4494	0.8767	0.6575	0.7397	1.02778
0.4532	0.4335	0.4812	0.3937	0.2697	0.4422	0.8846	0.5385	0.5128	-0.0202126
0.4568	0.4626	0.4967	0.3949	0.352	0.4863	0.7846	0.4	0.3231	-0.0509762
0.4495	0.4473	0.491	0.3522	0.3208	0.4721	0.6143	0.5143	0.4857	0.997733
0.4671	0.4695	0.4983	0.3663	0.367	0.4804	0.3793	0.3448	0.0968	0.648673
0.48	0.4799	0.4887	0.4277	0.387	0.4342	0.4118	0.2442	0.2209	-0.922969
0.4472	0.4435	0.4741	0.3344	0.3204	0.4142	0.5676	0.5676	0.473	1.3978
0.452	0.4703	0.4973	0.331	0.388	0.463	0.4824	0.407	0.0808	1.46773
0.4512	0.4536	0.4574	0.3681	0.3722	0.3695	0.6829	0.6585	0.561	0.632017
0.4517	0.4537	0.4469	0.3408	0.3174	0.2479	0.5227	0.4205	0.3636	1.26413
0.4832	0.4788	0.4942	0.4153	0.3646	0.4601	0.271	0.215	0.1776	-0.573054
0.4559	0.4661	0.4963	0.3515	0.3182	0.4846	0.5	0.2826	0.3261	1.01517
0.463	0.4702	0.4923	0.3793	0.3807	0.4638	0.5063	0.3797	0.2785	0.34412
0.4655	0.4644	0.499	0.3873	0.305	0.4851	0.5	0.28	0.0727	0.146822
0.4693	0.4628	0.4987	0.3834	0.3019	0.4873	0.407	0.2907	0.1158	0.239154
0.4738	0.4674	0.493	0.4143	0.3691	0.4757	0.4833	0.3833	0.4167	-0.547033
0.4372	0.4956	0.4968	0.2461	0.484	0.4713	0.4512	0.3855	0.1304	3.04549
0.4498	0.4334	0.4824	0.3874	0.316	0.4562	0.9118	0.7059	0.7059	0.144391
0.4466	0.442	0.4891	0.3578	0.296	0.4694	0.7077	0.5077	0.5692	0.871176
0.4522	0.4561	0.499	0.3638	0.3461	0.4843	0.631	0.4762	0.0707	0.734164
0.4493	0.4711	0.4987	0.3609	0.3983	0.483	0.6714	0.4429	0.0864	0.799682
0.4617	0.4575	0.4971	0.3837	0.3443	0.474	0.5584	0.4487	0.1279	0.235947
0.4681	0.4746	0.4975	0.3793	0.3741	0.4291	0.41	0.29	0.0388	0.344464
0.4802	0.4726	0.4974	0.4209	0.366	0.4656	0.3636	0.2987	0.0854	-0.71839
0.4591	0.46	0.4973	0.365	0.2872	0.4705	0.5054	0.2979	0.1048	0.699635
0.4745	0.4751	0.4974	0.4059	0.4013	0.4728	0.4125	0.375	0.1084	-0.333788
0.4492	0.4528	0.4811	0.3717	0.3391	0.4398	0.7568	0.5	0.4865	0.544013
0.4577	0.4626	0.498	0.3478	0.3487	0.4744	0.4568	0.3902	0.0851	1.08621
0.4418	0.4417	0.4941	0.3439	0.3159	0.4844	0.7123	0.5753	0.6164	1.20451
0.4621	0.4765	0.4963	0.3607	0.398	0.483	0.4375	0.3333	0.2812	0.796263
0.4668	0.4579	0.4952	0.399	0.3436	0.483	0.5476	0.4405	0.4048	-0.158143
0.4565	0.4396	0.4965	0.3815	0.2873	0.4639	0.6625	0.5125	0.1099	0.294709
0.4558	0.4553	0.4936	0.3753	0.303	0.4788	0.6301	0.3699	0.4384	0.448559
0.4744	0.4737	0.4968	0.3904	0.363	0.4609	0.3429	0.2762	0.0917	0.0646871
0.4655	0.4673	0.4969	0.3928	0.3812	0.4883	0.5333	0.4333	0.3667	0.00352398
0.4621	0.4608	0.4928	0.3832	0.3315	0.4725	0.5465	0.3678	0.3678	0.250725
0.462	0.4597	0.4968	0.3785	0.3386	0.4872	0.52	0.4	0.3333	0.36266
0.4376	0.4393	0.4773	0.2676	0.281	0.4154	0.4875	0.5	0.4	2.70063
0.4508	0.4517	0.4941	0.3668	0.3402	0.48	0.68	0.52	0.4267	0.66087
0.4501	0.4538	0.4967	0.3412	0.3383	0.4878	0.55	0.4815	0.3704	1.25017
0.473	0.4779	0.4915	0.3781	0.3932	0.4449	0.3261	0.2935	0.1935	0.362804
0.4406	0.4593	0.4991	0.343	0.3594	0.4803	0.7313	0.4776	0.0494	1.2193
0.4344	0.4428	0.4956	0.3197	0.3293	0.4882	0.7093	0.6163	0.593	1.75602
0.4689	0.475	0.4898	0.3925	0.3832	0.4578	0.4568	0.3086	0.3333	0.0117534
0.4774	0.4804	0.4937	0.4301	0.4066	0.4718	0.5147	0.2941	0.2941	-0.98887
0.4721	0.4648	0.4753	0.3926	0.3332	0.3686	0.3944	0.3239	0.2676	0.00898962
0.4698	0.4689	0.4941	0.4019	0.3625	0.4491	0.4941	0.3412	0.1383	-0.234715
0.4454	0.4498	0.4905	0.3782	0.3655	0.4787	0.9322	0.6949	0.8305	0.381029
0.4712	0.4681	0.4904	0.3768	0.3406	0.462	0.35	0.3	0.35	0.392872
0.4551	0.4411	0.4962	0.3986	0.2839	0.4881	0.8889	0.4861	0.4722	-0.151799
0.4481	0.4503	0.4974	0.3159	0.269	0.4811	0.4875	0.3625	0.163	1.78059
0.4695	0.4739	0.4949	0.3564	0.3413	0.4727	0.3168	0.2353	0.2376	0.877236
0.4504	0.4627	0.4985	0.36	0.3641	0.4823	0.6429	0.4405	0.0918	0.827579
0.4415	0.4343	0.4985	0.3581	0.3312	0.486	0.8254	0.7778	0.125	0.872635
0.4481	0.4435	0.4758	0.3637	0.3027	0.4191	0.7183	0.507	0.4648	0.735193
0.4698	0.4904	0.4952	0.3967	0.4571	0.4414	0.4615	0.3011	0.0938	-0.0978452
0.4523	0.4517	0.4957	0.3565	0.3153	0.4856	0.5867	0.44	0.4267	0.89849
0.4451	0.4545	0.4971	0.364	0.3582	0.4801	0.7917	0.5556	0.1724	0.732908
0.453	0.4572	0.4984	0.3891	0.3685	0.487	0.8305	0.5593	0.1429	0.100443
0.4431	0.4496	0.4717	0.3491	0.3243	0.4247	0.72	0.4933	0.6533	1.08571
0.4358	0.4325	0.4885	0.3113	0.286	0.471	0.6463	0.5976	0.6707	1.91687
0.4551	0.4937	0.4893	0.358	0.4771	0.4005	0.5429	0.3857	0.1333	0.852833
0.4413	0.4433	0.4957	0.3608	0.3404	0.4893	0.8554	0.6627	0.6747	0.820528
0.4552	0.4671	0.4969	0.3772	0.3608	0.4634	0.6596	0.3617	0.0962	0.407491
0.4425	0.4574	0.4727	0.337	0.3423	0.4151	0.6582	0.443	0.519	1.3601
0.4531	0.4543	0.4843	0.374	0.3418	0.4405	0.6829	0.4878	0.381	0.485004
0.4522	0.4518	0.496	0.3531	0.321	0.4883	0.5698	0.4535	0.5233	0.984949
0.4238	0.4145	0.4918	0.3233	0.2793	0.4816	0.9375	0.8333	0.8125	1.64483
0.4598	0.4607	0.4919	0.3676	0.279	0.468	0.5056	0.2809	0.3483	0.636352
0.4352	0.457	0.4966	0.3337	0.3649	0.4613	0.7763	0.5443	0.101	1.44595
0.4426	0.4343	0.4983	0.3705	0.3071	0.461	0.9242	0.6515	0.0488	0.576033
0.471	0.4662	0.498	0.3694	0.3439	0.4666	0.3294	0.3294	0.0659	0.566933
0.4499	0.4482	0.4804	0.3886	0.3798	0.4415	0.9254	0.8657	0.5373	0.115001
0.4515	0.4355	0.4717	0.3832	0.3207	0.4185	0.8088	0.6957	0.5797	0.253218
0.4629	0.4651	0.4801	0.3741	0.3494	0.3824	0.481	0.358	0.2317	0.469528
0.4735	0.465	0.4983	0.4233	0.3432	0.4834	0.5714	0.3429	0.1184	-0.810219
0.4645	0.4497	0.4873	0.4157	0.3432	0.4563	0.7971	0.5652	0.4286	-0.616225
0.4333	0.4512	0.4991	0.3398	0.353	0.4889	0.8625	0.5875	0.0909	1.31781
0.447	0.4557	0.4974	0.3573	0.332	0.4537	0.6957	0.4348	0.0625	0.884926
0.4529	0.4463	0.4938	0.3646	0.2853	0.477	0.6207	0.431	0.377	0.695427
0.4695	0.4574	0.4948	0.4126	0.3369	0.4782	0.5882	0.4265	0.3235	-0.518284
0.4636	0.4551	0.4936	0.3719	0.2974	0.4553	0.4578	0.3614	0.1758	0.522365
0.4547	0.4908	0.4977	0.34	0.4677	0.481	0.4744	0.4103	0.1379	1.25933
0.4475	0.4509	0.4876	0.3273	0.3086	0.4577	0.5341	0.4318	0.4318	1.56422
0.4741	0.4677	0.4991	0.3924	0.3589	0.4858	0.3571	0.3469	0.0693	0.0133013
0.4547	0.4512	0.4934	0.3687	0.3198	0.4367	0.6111	0.4583	0.1235	0.608258
0.4103	0.4221	0.4958	0.2767	0.2732	0.4896	0.8889	0.6944	0.6806	2.62618
0.4585	0.4451	0.4635	0.3751	0.2893	0.3639	0.5733	0.4533	0.4267	0.448926
0.4562	0.4627	0.4934	0.3987	0.3843	0.4797	0.8525	0.541	0.4918	-0.152595
0.4557	0.4721	0.4973	0.3506	0.3667	0.4831	0.5	0.3068	0.1919	1.03717
0.3985	0.4207	0.4976	0.2924	0.333	0.482	1.2456	1.1053	0.1566	2.33638
0.453	0.4438	0.495	0.354	0.2601	0.4838	0.56	0.41	0.45	0.973573
0.4528	0.4544	0.4927	0.3486	0.3385	0.4746	0.5385	0.4744	0.4103	1.07922
0.4644	0.462	0.4975	0.3742	0.3069	0.455	0.4545	0.3068	0.0612	0.468885
0.4603	0.4619	0.4689	0.3657	0.3363	0.3776	0.4878	0.3659	0.3902	0.674212
0.4351	0.4206	0.4965	0.3397	0.2512	0.4894	0.8209	0.6418	0.4925	1.30325
0.464	0.4626	0.499	0.3859	0.3346	0.4817	0.5227	0.3523	0.0594	0.180223
0.4305	0.4337	0.4811	0.3293	0.3097	0.4505	0.8413	0.6719	0.6508	1.53426
0.4279	0.4376	0.4983	0.3542	0.3556	0.4816	1.16	0.9	0.1029	0.971734
0.4515	0.4886	0.4977	0.3423	0.4564	0.471	0.5325	0.3718	0.0889	1.21836
0.459	0.4646	0.4837	0.3769	0.3368	0.4276	0.5735	0.3333	0.3143	0.403469
0.4487	0.436	0.4964	0.3732	0.3191	0.49	0.7857	0.6786	0.5714	0.496895
0.4628	0.458	0.4741	0.3787	0.3416	0.4127	0.5053	0.4316	0.4632	0.36379
0.4689	0.4581	0.4962	0.3829	0.279	0.4855	0.4118	0.3039	0.3627	0.255111
0.4756	0.494	0.4991	0.3987	0.4591	0.4875	0.3548	0.1809	0.0808	-0.146972
0.4739	0.4673	0.4888	0.4023	0.3527	0.4512	0.4045	0.3371	0.3146	-0.242091
0.4401	0.436	0.499	0.3263	0.2828	0.4858	0.6456	0.5443	0.0761	1.59405
0.4616	0.4591	0.4956	0.3694	0.2772	0.4803	0.4811	0.2925	0.2925	0.597183
0.4674	0.4654	0.4866	0.4041	0.3467	0.4532	0.5714	0.3462	0.4231	-0.292824
0.4757	0.4688	0.4906	0.4026	0.3419	0.4529	0.3696	0.2935	0.2609	-0.247959
0.4244	0.4011	0.4949	0.3508	0.2551	0.4885	1.2254	0.9296	0.8028	1.07307
0.4532	0.4667	0.4901	0.3652	0.3608	0.4656	0.6203	0.3671	0.4177	0.697361
0.4693	0.4745	0.4852	0.388	0.3801	0.436	0.4268	0.3086	0.3214	0.123597
0.4687	0.4997	0.4978	0.4044	0.49	0.4695	0.5395	0.0345	0.0805	-0.299796
0.4577	0.4629	0.4867	0.368	0.3491	0.446	0.5467	0.3867	0.3467	0.620029
0.4258	0.4436	0.4948	0.3029	0.3261	0.4867	0.7671	0.589	0.6438	2.09665
0.458	0.4478	0.4969	0.3619	0.3024	0.4464	0.5116	0.4535	0.0645	0.770363
0.4634	0.4694	0.4866	0.3858	0.387	0.4476	0.5362	0.4203	0.3623	0.179261
0.4563	0.4529	0.4951	0.3558	0.284	0.4811	0.5116	0.3605	0.3605	0.915853
0.4773	0.4771	0.4889	0.4074	0.3974	0.4494	0.358	0.321	0.2963	-0.3674
0.4545	0.4393	0.4983	0.3936	0.3205	0.486	0.8393	0.6316	0.1389	-0.0173113
0.4362	0.4369	0.4841	0.3194	0.306	0.4554	0.6765	0.6078	0.5784	1.77367
0.4516	0.4535	0.485	0.3539	0.3421	0.4454	0.5857	0.5	0.4	0.953581
0.4518	0.4527	0.4521	0.378	0.3719	0.3615	0.75	0.6765	0.6176	0.381848
0.4376	0.4322	0.4985	0.3562	0.3323	0.4721	0.9067	0.8267	0.06	0.930722
0.461	0.4616	0.4964	0.3885	0.3344	0.4639	0.6081	0.3649	0.1139	0.112905
0.4544	0.455	0.486	0.377	0.3133	0.4579	0.6757	0.3947	0.52	0.407514
0.4642	0.4446	0.4554	0.4255	0.3531	0.3559	1	0.717	0.5283	-0.887346
0.4372	0.447	0.4645	0.3385	0.365	0.4045	0.7681	0.7536	0.6571	1.32778
0.4654	0.4515	0.4927	0.4122	0.3209	0.4789	0.7143	0.4571	0.5429	-0.514612
0.4175	0.4335	0.4679	0.2748	0.3293	0.4141	0.7656	0.7812	0.6562	2.61843
0.4702	0.4774	0.496	0.3495	0.3979	0.4535	0.2927	0.3171	0.1	1.00074
0.4545	0.4438	0.4862	0.3475	0.2507	0.4496	0.5062	0.3951	0.3951	1.10223
0.459	0.4729	0.497	0.3201	0.3186	0.4827	0.3636	0.2159	0.2159	1.66355
0.4497	0.4468	0.4976	0.3647	0.2999	0.4627	0.6892	0.4595	0.0723	0.711898
0.4475	0.4953	0.4948	0.3732	0.487	0.4868	0.8143	0.5714	0.6571	0.507172
0.4251	0.408	0.4984	0.3372	0.2718	0.4877	1.0328	0.9016	0.1566	1.37223
0.4231	0.4073	0.4793	0.3106	0.1815	0.4473	0.8608	0.6329	0.6835	1.96094
0.4597	0.4532	0.4966	0.3874	0.326	0.4879	0.6329	0.45	0.4	0.142502
0.4629	0.4572	0.4968	0.3898	0.3434	0.4883	0.573	0.4494	0.3778	0.0812266
0.4304	0.4193	0.4616	0.3405	0.2887	0.4009	0.9344	0.8033	0.7049	1.28816
0.4644	0.4969	0.4966	0.3932	0.4696	0.4592	0.5632	0.1158	0.0947	-0.00725012
0.4589	0.4331	0.478	0.3936	0.2792	0.4345	0.7083	0.5694	0.5417	-0.0172403
0.4581	0.4971	0.4946	0.3569	0.4897	0.479	0.4875	0.4	0.35	0.881215
0.4268	0.4405	0.4983	0.3308	0.3597	0.4696	0.9322	0.8644	0.0625	1.50318
0.4574	0.4954	0.4942	0.3364	0.4557	0.4444	0.425	0.1222	0.1222	1.32803
0.4842	0.4776	0.495	0.4423	0.3869	0.4723	0.4	0.28	0.2267	-1.31146
0.4685	0.4655	0.4876	0.4067	0.3275	0.4403	0.5641	0.3038	0.2785	-0.363623
0.4589	0.4634	0.4986	0.3667	0.3521	0.4813	0.5176	0.3882	0.0851	0.655557
0.4694	0.4532	0.4957	0.4243	0.309	0.4811	0.7344	0.4062	0.2969	-0.8474
0.4686	0.4722	0.4964	0.365	0.3674	0.4842	0.3516	0.3077	0.2967	0.678254
0.4752	0.4838	0.4972	0.4056	0.3831	0.4559	0.3933	0.1828	0.0722	-0.325617
0.4373	0.4966	0.4976	0.3104	0.4716	0.4754	0.619	0.1414	0.1111	1.93426
0.4487	0.4675	0.4971	0.3349	0.3879	0.4777	0.5455	0.4615	0.1538	1.39943
0.4763	0.477	0.4953	0.3894	0.3745	0.4761	0.3069	0.2574	0.2475	0.0880007
0.4609	0.4643	0.4594	0.376	0.3752	0.3582	0.5287	0.4598	0.4713	0.430747
0.4666	0.4744	0.4994	0.3408	0.3468	0.4886	0.3175	0.2381	0.0515	1.2495
0.4543	0.4726	0.4966	0.3773	0.4206	0.4586	0.68	0.5733	0.093	0.401293
0.4841	0.4743	0.4971	0.4269	0.3804	0.4654	0.3	0.3125	0.093	-0.864494
0.4624	0.4559	0.4934	0.3828	0.3216	0.4446	0.5385	0.4038	0.1429	0.264156
0.467	0.4658	0.4929	0.3832	0.3606	0.4683	0.4483	0.3793	0.2989	0.24567
0.469	0.4982	0.4976	0.4111	0.4725	0.4804	0.5897	0.0706	0.1412	-0.481497
0.4582	0.4613	0.4924	0.3837	0.3472	0.4722	0.6389	0.4028	0.3889	0.236605
0.4717	0.4614	0.4919	0.4138	0.2817	0.4556	0.5361	0.2784	0.2323	-0.559765
0.4559	0.4596	0.4885	0.3714	0.3522	0.4593	0.6032	0.4444	0.4127	0.535639
0.4226	0.4177	0.4214	0.3275	0.2455	0.2839	1	0.662	0.7465	1.59948
0.4362	0.4442	0.4991	0.3478	0.3652	0.485	0.8627	0.8235	0.0656	1.10056
0.4676	0.4647	0.4834	0.3958	0.3674	0.4355	0.5062	0.4198	0.3704	-0.0739935
0.4565	0.4386	0.4969	0.3832	0.242	0.4894	0.6744	0.4302	0.4138	0.254483
0.4647	0.4557	0.4833	0.3669	0.2701	0.428	0.4186	0.314	0.3256	0.640549
0.4809	0.4766	0.4969	0.4041	0.3551	0.4753	0.2747	0.2258	0.1458	-0.276488
0.464	0.4682	0.4978	0.385	0.3329	0.4762	0.5185	0.284	0.1059	0.201988
0.4474	0.4963	0.4981	0.3383	0.487	0.4793	0.5823	0.4051	0.1053	1.31907
0.4815	0.4797	0.4897	0.4228	0.3959	0.4415	0.3429	0.2714	0.2286	-0.757208
0.449	0.4462	0.4986	0.3701	0.3459	0.4817	0.75	0.6406	0.0875	0.576304
0.4721	0.4634	0.4947	0.4	0.332	0.4773	0.4302	0.3372	0.314	-0.181639
0.4517	0.4699	0.4967	0.3365	0.3875	0.4883	0.5057	0.4138	0.4023	1.35554
0.4474	0.4517	0.4991	0.3169	0.3166	0.4867	0.5	0.4429	0.0741	1.74426
0.4585	0.4539	0.4928	0.3818	0.3236	0.4758	0.618	0.4348	0.4348	0.288971
0.4606	0.4444	0.4883	0.3693	0.2367	0.4541	0.5	0.3714	0.3571	0.582964
0.4313	0.4298	0.4723	0.3191	0.2708	0.4197	0.76	0.5867	0.5733	1.76192
0.4268	0.4446	0.4881	0.3485	0.3302	0.4715	1.1167	0.5902	0.7377	1.11351
0.4749	0.4555	0.4888	0.4316	0.3546	0.4654	0.6234	0.5195	0.4935	-1.05725
0.4507	0.452	0.4934	0.3714	0.3215	0.4363	0.7188	0.4531	0.1233	0.543009
0.4454	0.4437	0.4986	0.3594	0.3298	0.4861	0.7465	0.6027	0.1176	0.841494
0.4672	0.4946	0.4951	0.3952	0.4757	0.4785	0.5109	0.2935	0.2979	-0.0596958
0.463	0.4644	0.4734	0.3809	0.3385	0.4106	0.5146	0.3398	0.466	0.30925
0.4492	0.4464	0.4937	0.3445	0.3063	0.4779	0.5802	0.4815	0.4074	1.18206
0.4425	0.453	0.4399	0.3455	0.3334	0.274	0.7093	0.4767	0.4767	1.17838
0.4593	0.471	0.4883	0.3266	0.3419	0.4503	0.375	0.268	0.3229	1.5455
0.4446	0.4431	0.4698	0.3138	0.2825	0.4001	0.5281	0.4607	0.4831	1.85127
0.441	0.4443	0.4944	0.3361	0.315	0.4606	0.6812	0.5362	0.1728	1.37004
0.4534	0.4576	0.4685	0.3847	0.3814	0.3875	0.7727	0.6364	0.4394	0.212255
0.4718	0.4685	0.4967	0.4111	0.3455	0.4859	0.5109	0.3043	0.3043	-0.482344
0.4436	0.437	0.4553	0.3048	0.275	0.3461	0.5122	0.5122	0.4878	2.01653
0.4429	0.4964	0.4986	0.3221	0.4887	0.4845	0.5823	0.481	0.0989	1.67216
0.4716	0.4766	0.497	0.3993	0.3879	0.4482	0.439	0.2976	0.0659	-0.164632
0.4637	0.4712	0.4925	0.3797	0.3923	0.4717	0.4932	0.411	0.3699	0.329902
0.4257	0.4462	0.4979	0.2887	0.3517	0.4764	0.7027	0.6757	0.1011	2.36739
0.4693	0.4665	0.4949	0.4071	0.3202	0.4782	0.5469	0.2812	0.3125	-0.366136
0.4582	0.4415	0.4943	0.3894	0.2963	0.4823	0.6857	0.5143	0.4857	0.0916917
0.4816	0.4782	0.4972	0.4026	0.2745	0.4776	0.2593	0.1389	0.1481	-0.243924
0.4446	0.4437	0.4971	0.3689	0.3319	0.4605	0.8507	0.6119	0.0824	0.612778
0.4652	0.4456	0.4806	0.3989	0.3139	0.4405	0.5857	0.5143	0.5143	-0.155145
0.4736	0.472	0.4966	0.4047	0.3627	0.4835	0.4253	0.2989	0.2644	-0.303958
0.4415	0.4485	0.4964	0.3313	0.3141	0.4887	0.6462	0.4769	0.4769	1.4646
0.4693	0.4636	0.4973	0.3847	0.3128	0.4867	0.4111	0.3	0.2556	0.207866
0.467	0.4637	0.4963	0.3785	0.3474	0.4802	0.427	0.3708	0.2308	0.363254
0.4395	0.4458	0.4921	0.3353	0.3251	0.477	0.7041	0.551	0.5306	1.42111
0.4534	0.4406	0.4986	0.3812	0.2771	0.479	0.7381	0.4762	0.0722	0.304543
0.4525	0.4443	0.4866	0.3613	0.3176	0.4475	0.6104	0.5455	0.3636	0.789333
0.4629	0.4696	0.4937	0.3943	0.3659	0.4683	0.6071	0.3409	0.2556	-0.0355112
0.4771	0.483	0.4985	0.4072	0.4214	0.4807	0.3614	0.3012	0.0889	-0.362799
0.4648	0.4679	0.4948	0.3643	0.3466	0.4529	0.407	0.314	0.129	0.70129
0.452	0.499	0.4969	0.3591	0.4851	0.4719	0.6076	0.069	0.1264	0.842257
0.4607	0.4703	0.4974	0.3545	0.3564	0.4893	0.4353	0.3059	0.3176	0.933002
0.4486	0.4524	0.4896	0.3483	0.3305	0.3581	0.6102	0.4746	0.0923	1.07202
0.4687	0.4828	0.4984	0.3836	0.3766	0.478	0.4176	0.1848	0.0816	0.234544
0.464	0.496	0.4955	0.3843	0.4866	0.4563	0.5125	0.4375	0.119	0.218903
0.4721	0.472	0.496	0.3722	0.3499	0.4499	0.321	0.2716	0.092	0.495837
0.453	0.4524	0.4923	0.3325	0.2838	0.472	0.473	0.3649	0.3919	1.4154
0.4502	0.4972	0.4898	0.3511	0.4896	0.469	0.597	0.3824	0.5075	1.01599
0.436	0.4297	0.447	0.3338	0.3084	0.3641	0.7619	0.7302	0.746	1.4245
0.4188	0.4195	0.4958	0.2981	0.2713	0.4606	0.8615	0.7231	0.1235	2.19362
0.4498	0.4472	0.4862	0.3431	0.3075	0.4538	0.5641	0.4744	0.4487	1.20668
0.4413	0.4502	0.4945	0.3561	0.3309	0.4836	0.8136	0.5085	0.5085	0.914959
0.4392	0.4371	0.499	0.3545	0.2849	0.4864	0.85	0.5366	0.0816	0.973235
0.4337	0.4305	0.493	0.3271	0.2604	0.4016	0.7627	0.55	0.0845	1.56274
0.4607	0.4622	0.4853	0.3604	0.3252	0.4434	0.4578	0.3373	0.3735	0.797084
0.4377	0.4311	0.4992	0.3354	0.3027	0.49	0.7391	0.6812	0.087	1.39418
0.4651	0.4602	0.4989	0.3534	0.3231	0.4852	0.3678	0.3563	0.0816	0.945698
0.4609	0.4525	0.4972	0.4007	0.2987	0.4892	0.726	0.3919	0.3514	-0.206248
0.4483	0.4493	0.4926	0.3583	0.3456	0.4768	0.6761	0.5833	0.4795	0.861037
0.4548	0.4547	0.4917	0.37	0.3218	0.4706	0.6163	0.4186	0.407	0.583524
0.4682	0.4735	0.499	0.4043	0.3582	0.4851	0.5513	0.2692	0.0732	-0.298182
0.4688	0.4665	0.4974	0.3774	0.3508	0.4811	0.3913	0.3429	0.1625	0.375607
0.4405	0.4469	0.4991	0.3234	0.3453	0.4886	0.625	0.625	0.0897	1.62796
0.4599	0.4599	0.4923	0.3636	0.3493	0.4745	0.4844	0.4308	0.4462	0.709248
0.4597	0.4641	0.4983	0.3901	0.3655	0.4571	0.6538	0.4231	0.0444	0.0731352
0.4615	0.4827	0.4979	0.3752	0.4267	0.4851	0.5128	0.3333	0.1628	0.443801
0.4651	0.4584	0.4744	0.3934	0.3272	0.4103	0.5467	0.3867	0.44	-0.011133
0.4405	0.4575	0.4563	0.3089	0.3561	0.3381	0.5679	0.4938	0.4444	1.94775
0.4452	0.4671	0.4969	0.3238	0.3795	0.4872	0.5542	0.4286	0.3214	1.63675
0.4368	0.4157	0.4907	0.3043	0.2496	0.4757	0.6027	0.6986	0.6301	2.03584
0.4481	0.4397	0.4964	0.32	0.3013	0.4879	0.5	0.5526	0.4342	1.69266
0.4575	0.4624	0.4865	0.3667	0.3188	0.4402	0.5444	0.3222	0.3111	0.661599
0.4617	0.4557	0.4751	0.3964	0.3471	0.4061	0.6571	0.4857	0.4	-0.0908434
0.4384	0.4306	0.4964	0.3535	0.2955	0.4698	0.8608	0.6582	0.1398	0.996831
0.4428	0.4193	0.4921	0.3796	0.2793	0.4811	1.037	0.7593	0.7222	0.345345
0.45	0.4593	0.4972	0.3777	0.3725	0.4527	0.7945	0.5405	0.0667	0.393259
0.4508	0.4495	0.4989	0.3564	0.3259	0.4754	0.6143	0.5	0.0494	0.900187
0.4643	0.4679	0.4948	0.3866	0.37	0.4775	0.5205	0.3784	0.3108	0.160812
0.4449	0.4344	0.4959	0.3688	0.3111	0.4893	0.8413	0.6667	0.619	0.61204
0.4727	0.4635	0.4944	0.4024	0.334	0.4734	0.4318	0.3409	0.2727	-0.245871
0.4482	0.45	0.4931	0.3469	0.3069	0.4765	0.6098	0.439	0.4268	1.13223
0.4554	0.4453	0.4815	0.3816	0.3102	0.4331	0.6901	0.507	0.4085	0.291852
0.4442	0.4558	0.4935	0.3177	0.3426	0.4811	0.5467	0.4667	0.5333	1.75024
0.4144	0.4582	0.4977	0.2978	0.3941	0.4624	0.9437	0.7324	0.0682	2.2217
0.4587	0.4434	0.4674	0.3982	0.2998	0.3986	0.7647	0.5	0.5294	-0.13869
0.468	0.4658	0.497	0.4194	0.3005	0.4873	0.7188	0.2609	0.3188	-0.709828
0.4526	0.44	0.4939	0.394	0.3347	0.4854	0.9091	0.6909	0.7273	-0.0277259
0.4662	0.4963	0.4945	0.3854	0.4625	0.4769	0.4737	0.1149	0.3158	0.189468
0.4672	0.4713	0.4898	0.3875	0.3851	0.4579	0.4667	0.3778	0.3333	0.138474
0.4506	0.4761	0.4981	0.3635	0.3959	0.4846	0.6618	0.3333	0.141	0.734796
0.4613	0.4608	0.4935	0.3937	0.3271	0.4748	0.6429	0.3571	0.3571	-0.0196373
0.4518	0.4598	0.4809	0.3416	0.3292	0.4247	0.5243	0.375	0.3689	1.25923
0.4532	0.4649	0.4936	0.3871	0.3894	0.4781	0.8033	0.5246	0.4262	0.1507
0.4449	0.4523	0.4955	0.3184	0.3571	0.4452	0.5385	0.5897	0.0947	1.74021
0.4401	0.4444	0.4528	0.3425	0.3121	0.3426	0.7375	0.525	0.5125	1.2445
0.4567	0.4512	0.4954	0.3712	0.3077	0.4828	0.5854	0.4268	0.3721	0.54986
0.4633	0.4489	0.4941	0.3921	0.2929	0.4817	0.5814	0.4186	0.4884	0.0207301
0.455	0.4482	0.4981	0.3763	0.3184	0.4749	0.6575	0.4932	0.0843	0.424409
0.4574	0.4672	0.4954	0.4006	0.4012	0.4871	0.8378	0.5541	0.5676	-0.204271
0.4817	0.4812	0.4961	0.4393	0.3717	0.4801	0.4605	0.1974	0.25	-1.24684
0.4189	0.4326	0.4931	0.2668	0.2969	0.4811	0.7143	0.6349	0.5873	2.74428
0.4657	0.4562	0.4968	0.402	0.2975	0.4863	0.6	0.35	0.3125	-0.240128
0.4476	0.4373	0.4657	0.3586	0.2865	0.3918	0.6923	0.5385	0.5231	0.850392
0.4649	0.4506	0.487	0.4062	0.3169	0.4566	0.6627	0.4578	0.4458	-0.353732
0.469	0.4863	0.4973	0.3725	0.4256	0.4526	0.37	0.2451	0.0636	0.508661
0.4082	0.4209	0.4916	0.2699	0.2819	0.4798	0.8889	0.746	0.7302	2.73097
0.4584	0.4516	0.4965	0.357	0.2306	0.4868	0.4824	0.3059	0.3647	0.882493
0.4753	0.4761	0.4879	0.425	0.3943	0.4525	0.5312	0.3281	0.3594	-0.846252
0.4762	0.4676	0.499	0.4148	0.296	0.4863	0.4239	0.2391	0.0816	-0.575939
0.4558	0.446	0.4966	0.3771	0.3178	0.4893	0.6444	0.5222	0.4667	0.409457
0.462	0.4674	0.4911	0.3973	0.3826	0.4692	0.6562	0.4375	0.4219	-0.112767
0.4565	0.4748	0.4984	0.3405	0.3304	0.4801	0.45	0.2118	0.0879	1.24574
0.468	0.4645	0.4731	0.4016	0.3917	0.4047	0.5352	0.5493	0.4366	-0.223606
0.4426	0.4552	0.4917	0.3447	0.3548	0.4742	0.7027	0.5263	0.4868	1.18496
0.4571	0.4467	0.4851	0.4089	0.339	0.4599	0.9825	0.5965	0.614	-0.427565
0.4129	0.4266	0.4921	0.3157	0.3206	0.4814	1.1228	0.8596	0.7544	1.84738
0.4661	0.4537	0.4978	0.3712	0.2956	0.481	0.4118	0.3725	0.1316	0.5451
0.4651	0.462	0.4956	0.3858	0.3579	0.4574	0.5	0.4286	0.12	0.17833
0.4686	0.4541	0.4954	0.4106	0.3128	0.4835	0.596	0.404	0.3939	-0.477364
0.4709	0.4669	0.4647	0.4057	0.3597	0.3407	0.4946	0.3617	0.3404	-0.336986
0.4582	0.4357	0.4932	0.3856	0.2885	0.4771	0.6538	0.5641	0.4359	0.189482
0.4114	0.4196	0.4854	0.3076	0.3196	0.4686	1.0816	1	0.898	1.99367
0.4484	0.4525	0.4988	0.362	0.3212	0.4839	0.6988	0.4458	0.0825	0.783093
0.4724	0.4824	0.492	0.3987	0.4134	0.454	0.4186	0.2791	0.2209	-0.147449
0.4641	0.4574	0.4651	0.3902	0.2017	0.3206	0.5495	0.2418	0.2967	0.0706484
0.4645	0.465	0.4962	0.3738	0.33	0.4787	0.4494	0.3146	0.2198	0.480324
0.4587	0.4646	0.4936	0.3671	0.3731	0.4338	0.5231	0.4462	0.1143	0.632518
0.4648	0.4798	0.4822	0.3754	0.3996	0.4092	0.4512	0.2805	0.2683	0.437586
0.4494	0.4446	0.4954	0.347	0.2654	0.4852	0.589	0.411	0.4521	1.11622
0.4401	0.4503	0.4962	0.3152	0.3256	0.4886	0.5976	0.4878	0.5122	1.82665
0.4773	0.4838	0.497	0.418	0.392	0.4657	0.4186	0.1977	0.0978	-0.659616
0.4718	0.4607	0.4976	0.3965	0.3388	0.4689	0.4194	0.3871	0.0865	-0.0923394
0.4422	0.4503	0.492	0.316	0.3601	0.478	0.5692	0.6462	0.5846	1.77045
0.4649	0.4646	0.4969	0.3853	0.3534	0.4884	0.5	0.375	0.3646	0.196982
0.464	0.4793	0.4984	0.3905	0.4086	0.4872	0.5521	0.3229	0.14	0.0646263
0.4704	0.4712	0.4909	0.3959	0.3591	0.4593	0.4444	0.3	0.3	-0.0756023
0.4618	0.4543	0.4971	0.3953	0.3529	0.4894	0.6444	0.5333	0.3778	-0.0638511
0.4578	0.4577	0.4947	0.394	0.3673	0.4848	0.7429	0.5429	0.5429	-0.0291754
0.4406	0.4474	0.4946	0.3275	0.3339	0.4811	0.6438	0.5616	0.411	1.55915
0.4768	0.469	0.4984	0.4138	0.345	0.4697	0.4043	0.2979	0.0571	-0.548764
0.4696	0.472	0.4938	0.4001	0.3731	0.431	0.4884	0.3256	0.1053	-0.18667
0.4638	0.4648	0.4975	0.3873	0.349	0.4405	0.5361	0.3608	0.0463	0.147111
0.4756	0.4735	0.4957	0.4039	0.3759	0.4583	0.3766	0.3117	0.1205	-0.276982
0.4429	0.4435	0.4693	0.3523	0.3203	0.4017	0.747	0.5663	0.506	1.02007
0.4528	0.4516	0.4791	0.3751	0.3638	0.4405	0.6986	0.6438	0.5753	0.455845
0.472	0.4707	0.4926	0.4067	0.3574	0.4658	0.4737	0.3026	0.2857	-0.356796
0.4467	0.4483	0.4825	0.328	0.2767	0.4375	0.5481	0.3942	0.4135	1.56835
0.4555	0.4719	0.4981	0.3546	0.3792	0.4812	0.52	0.3467	0.1125	0.935236
0.4662	0.4781	0.4984	0.3983	0.435	0.4856	0.557	0.5443	0.1279	-0.141197
0.4335	0.4263	0.4959	0.3392	0.2832	0.4562	0.8525	0.6721	0.1081	1.31172
0.4475	0.458	0.4806	0.3818	0.394	0.4499	0.9123	0.7368	0.6667	0.286807
0.4701	0.4735	0.4964	0.4176	0.3607	0.4479	0.6211	0.2737	0.0784	-0.67199
0.4574	0.4629	0.4918	0.369	0.3141	0.4664	0.5579	0.3093	0.3368	0.608389
0.4762	0.4651	0.4964	0.4294	0.3658	0.4793	0.5493	0.4085	0.2152	-0.978255
0.4781	0.47	0.4811	0.4046	0.3568	0.395	0.3302	0.3113	0.2453	-0.30125
0.441	0.452	0.4464	0.3308	0.3429	0.2996	0.6526	0.5263	0.4632	1.51448
0.4381	0.4428	0.4944	0.3273	0.2864	0.4813	0.6849	0.473	0.4324	1.57165
0.4586	0.451	0.4904	0.3788	0.298	0.4681	0.593	0.407	0.4419	0.362794
0.4639	0.4607	0.4988	0.3665	0.3387	0.4665	0.4301	0.3871	0.0392	0.6564
0.4738	0.4662	0.4948	0.3911	0.3487	0.4821	0.3571	0.3412	0.4118	0.0464069
0.4641	0.4617	0.4989	0.4007	0.3518	0.4778	0.6324	0.4118	0.0526	-0.203618
0.4446	0.4491	0.4969	0.3291	0.3205	0.4897	0.5854	0.4878	0.439	1.52778
0.4585	0.46	0.4899	0.3814	0.3583	0.4616	0.6154	0.4615	0.3718	0.295299
0.4554	0.4553	0.4961	0.3807	0.3338	0.4666	0.6829	0.4458	0.1354	0.317066
0.4682	0.4707	0.4939	0.3838	0.3415	0.4771	0.4286	0.2706	0.369	0.228692
0.4567	0.459	0.4759	0.3361	0.3026	0.3985	0.433	0.3299	0.3469	1.35976
0.4426	0.4443	0.494	0.3575	0.3062	0.4812	0.7941	0.507	0.4789	0.889128
0.4513	0.4572	0.496	0.3233	0.3039	0.4865	0.4675	0.3506	0.4286	1.61531
0.4307	0.4344	0.4907	0.3033	0.3069	0.4717	0.6892	0.6486	0.5	2.07614
0.447	0.4348	0.4931	0.3723	0.2991	0.4344	0.8209	0.6119	0.125	0.528237
0.4371	0.4347	0.4953	0.3332	0.2858	0.4866	0.7361	0.5694	0.5556	1.44619
0.4404	0.457	0.4976	0.3263	0.3678	0.474	0.64	0.56	0.1034	1.58868
0.4722	0.454	0.494	0.4233	0.3342	0.4765	0.619	0.4643	0.3488	-0.82647
0.4524	0.4507	0.487	0.3546	0.3399	0.4578	0.5753	0.5342	0.4658	0.939851
0.4664	0.4629	0.474	0.3872	0.3376	0.3572	0.4795	0.3562	0.2603	0.14501
0.442	0.4469	0.4933	0.3005	0.3211	0.4794	0.5205	0.5205	0.4932	2.08487
0.4634	0.4639	0.4648	0.3721	0.333	0.3431	0.4615	0.3333	0.3462	0.515678
0.4676	0.4524	0.4939	0.3972	0.3376	0.4808	0.5152	0.5	0.4697	-0.109331
0.449	0.4678	0.4901	0.3533	0.3967	0.4693	0.6301	0.5068	0.4932	0.97726
0.4557	0.455	0.4754	0.3494	0.3211	0.3974	0.4949	0.4141	0.3535	1.07225
0.4447	0.4479	0.4901	0.3392	0.3231	0.4632	0.6316	0.5132	0.3816	1.30408
0.4498	0.4965	0.499	0.3582	0.4553	0.4835	0.6447	0.0889	0.0667	0.865403
0.4591	0.473	0.4965	0.355	0.4	0.454	0.4625	0.4125	0.087	0.921595
0.4319	0.4907	0.4876	0.3624	0.4808	0.474	1.1481	0.963	0.9444	0.776742
0.4454	0.4363	0.4348	0.3563	0.2954	0.2706	0.7237	0.5789	0.5263	0.91775
0.4417	0.4323	0.4987	0.3495	0.2296	0.4846	0.7529	0.4706	0.0918	1.08873
0.4525	0.4573	0.4969	0.362	0.3487	0.4811	0.6133	0.4667	0.2024	0.772201
0.4658	0.471	0.4957	0.3863	0.3902	0.4534	0.4881	0.4048	0.1075	0.17026
0.4541	0.4514	0.4907	0.3209	0.2736	0.466	0.4239	0.3587	0.3913	1.67782
0.4678	0.4987	0.4968	0.3933	0.484	0.4511	0.4851	0.0909	0.0727	-0.009553
0.4761	0.4674	0.4971	0.4237	0.3274	0.4856	0.4938	0.284	0.2561	-0.821004
0.4287	0.4533	0.4807	0.3311	0.3875	0.446	0.8929	0.8036	0.5893	1.48784
0.4802	0.4779	0.4957	0.4064	0.3609	0.4654	0.2967	0.2198	0.1474	-0.338842
0.4418	0.4376	0.4781	0.3605	0.2951	0.433	0.84	0.56	0.52	0.822994
0.4599	0.4535	0.4895	0.3752	0.3259	0.465	0.5435	0.4457	0.4457	0.453444
0.4337	0.4238	0.4966	0.3363	0.2332	0.4889	0.825	0.5625	0.439	1.39485
0.4396	0.4177	0.4725	0.3585	0.2336	0.4291	0.8767	0.6301	0.6849	0.872045
0.4672	0.4476	0.495	0.405	0.3082	0.4851	0.5857	0.4714	0.5143	-0.314493
0.4487	0.4943	0.4965	0.3587	0.4818	0.4659	0.6707	0.4634	0.1183	0.860533
0.4427	0.4652	0.4947	0.3261	0.3886	0.4712	0.6026	0.5128	0.2326	1.59056
0.4577	0.456	0.4794	0.345	0.2857	0.4031	0.4483	0.3333	0.2989	1.15308
0.4525	0.4353	0.4988	0.383	0.2729	0.483	0.7792	0.5256	0.0737	0.260156
0.4029	0.3963	0.4964	0.2801	0.2264	0.4684	1.0455	0.8788	0.1333	2.57262
0.4436	0.4363	0.4987	0.3418	0.2533	0.4831	0.6667	0.4722	0.0833	1.24402
0.4467	0.4976	0.4979	0.3678	0.4785	0.4829	0.7846	0.1316	0.1447	0.635943
0.4514	0.4531	0.4816	0.3542	0.3403	0.4438	0.5909	0.5	0.5152	0.943682
0.4764	0.4701	0.4979	0.4197	0.3048	0.4829	0.4533	0.2267	0.1392	-0.700232
0.4782	0.4837	0.4961	0.3965	0.4121	0.4808	0.2981	0.25	0.2596	-0.0911022
0.4673	0.4573	0.4805	0.3896	0.3272	0.428	0.475	0.4	0.4	0.0850245
0.448	0.4609	0.4988	0.3421	0.3628	0.4845	0.589	0.4658	0.0864	1.22898
0.4214	0.4386	0.4736	0.3124	0.3376	0.4301	0.9062	0.7344	0.6562	1.90516
0.4814	0.4714	0.4832	0.4077	0.2689	0.3588	0.2778	0.1852	0.1574	-0.37733
0.4582	0.4563	0.4994	0.3604	0.2827	0.486	0.5	0.3261	0.049	0.808904
0.4484	0.4268	0.4988	0.3782	0.2806	0.4843	0.8438	0.6562	0.0864	0.378732
0.4704	0.4799	0.4966	0.3866	0.3847	0.4834	0.4	0.2396	0.2604	0.159784
0.4659	0.4699	0.4977	0.402	0.3507	0.4743	0.5938	0.2985	0.1	-0.235509
0.4571	0.4549	0.4925	0.3783	0.3377	0.4748	0.6232	0.4638	0.4348	0.369804
0.4427	0.473	0.4997	0.3032	0.4015	0.49	0.5185	0.4198	0.0316	2.04926
0.4588	0.4518	0.4877	0.3579	0.2889	0.4551	0.4789	0.3803	0.3944	0.846289
0.4545	0.4896	0.4755	0.3747	0.4619	0.4089	0.6562	0.3906	0.4062	0.458306
0.436	0.4378	0.4556	0.3451	0.3244	0.3863	0.8442	0.6753	0.7273	1.1916
0.4511	0.4672	0.4968	0.3343	0.3902	0.4897	0.5067	0.48	0.4667	1.38711
0.4367	0.4213	0.4562	0.3392	0.2665	0.3754	0.7826	0.6812	0.6232	1.31447
0.452	0.444	0.4967	0.3288	0.2763	0.4526	0.475	0.4375	0.0787	1.50666
0.473	0.4767	0.4948	0.4145	0.4042	0.4802	0.5057	0.3563	0.3678	-0.572279
0.45	0.4519	0.483	0.3616	0.3458	0.4436	0.6622	0.5405	0.4595	0.783719
0.4731	0.48	0.4982	0.3918	0.3961	0.4836	0.3721	0.2674	0.1277	0.0293628
0.4505	0.4395	0.4894	0.3682	0.2965	0.4674	0.6974	0.5395	0.5	0.62803
0.4532	0.4482	0.4982	0.3594	0.274	0.4639	0.5854	0.3902	0.0549	0.835629
0.4516	0.4499	0.46	0.3495	0.3137	0.3625	0.5638	0.4574	0.4787	1.07573
0.4469	0.4544	0.4822	0.3424	0.3733	0.445	0.6104	0.6494	0.5065	1.22846
0.4654	0.4837	0.4986	0.405	0.4353	0.4882	0.6351	0.36	0.1341	-0.319495
0.4581	0.4647	0.4819	0.3651	0.3722	0.4289	0.5238	0.4405	0.369	0.694849
0.467	0.459	0.4869	0.3977	0.3186	0.4487	0.5333	0.36	0.36	-0.12242
0.4152	0.4085	0.42	0.312	0.2894	0.3165	1.0351	1	0.9649	1.91513
0.4439	0.4689	0.4949	0.3346	0.4123	0.4857	0.6226	0.6038	0.566	1.36293
0.442	0.4435	0.4849	0.346	0.3209	0.4572	0.7231	0.5692	0.5692	1.14763
0.4667	0.4591	0.4936	0.3915	0.2396	0.4709	0.5	0.2558	0.2907	0.0358114
0.4809	0.4867	0.4975	0.384	0.4029	0.4853	0.2235	0.1765	0.2118	0.208427
0.4677	0.4637	0.4958	0.3891	0.3091	0.4794	0.4646	0.2929	0.2626	0.0999228
0.4642	0.4621	0.4968	0.3691	0.3499	0.4868	0.4353	0.4	0.3176	0.588773
0.4474	0.4963	0.4943	0.3629	0.4666	0.4471	0.7288	0.1286	0.1286	0.744849
0.4513	0.4535	0.4931	0.339	0.3569	0.4372	0.5224	0.5672	0.1316	1.27501
0.4671	0.467	0.4948	0.3687	0.3608	0.4713	0.3875	0.3625	0.2289	0.589365
0.4114	0.4292	0.4947	0.3121	0.3359	0.4816	1.125	0.9219	0.4156	1.93369
0.4606	0.4471	0.4989	0.3872	0.2682	0.4804	0.6087	0.3913	0.0625	0.146052
0.4035	0.3941	0.4853	0.2656	0.1833	0.4671	0.9444	0.7778	0.8333	2.83882
0.4347	0.4331	0.4954	0.3611	0.3108	0.3193	1.0429	0.6857	0.0323	0.815843
0.4212	0.4014	0.4736	0.3067	0.2141	0.4355	0.8714	0.7714	0.7429	2.03068
0.4574	0.4684	0.4961	0.3881	0.3866	0.473	0.6966	0.4382	0.1748	0.125921
0.4407	0.4438	0.4823	0.3491	0.346	0.4538	0.7711	0.6867	0.6506	1.09621
0.4579	0.4542	0.4817	0.3512	0.277	0.4345	0.4675	0.3377	0.4156	1.00661
0.4639	0.4484	0.4944	0.3987	0.3026	0.4801	0.6184	0.4474	0.3947	-0.152139
0.4396	0.4433	0.4696	0.3513	0.3179	0.4126	0.8133	0.56	0.5867	1.04179
0.4749	0.4578	0.4982	0.4058	0.32	0.4765	0.4026	0.3766	0.0843	-0.328911
0.455	0.4548	0.4933	0.3885	0.3617	0.4824	0.7647	0.5686	0.6275	0.11346
0.4707	0.4886	0.494	0.4128	0.4591	0.435	0.557	0.4051	0.1087	-0.527449
0.4564	0.4502	0.4922	0.3903	0.3541	0.4761	0.7463	0.6119	0.4925	0.0675244
0.4661	0.4649	0.4936	0.3652	0.3307	0.4736	0.3902	0.3171	0.3293	0.67295
0.4621	0.4972	0.4993	0.3935	0.479	0.4704	0.6197	0.1538	0.0256	-0.0136681
0.4377	0.4597	0.4968	0.3365	0.391	0.4707	0.7458	0.661	0.125	1.35599
0.4533	0.46	0.496	0.3435	0.3511	0.4618	0.5093	0.4352	0.121	1.21666
0.437	0.4281	0.4854	0.3602	0.3211	0.4639	0.963	0.8333	0.7037	0.821434
0.4665	0.4644	0.4937	0.3909	0.3557	0.477	0.5	0.3846	0.3846	0.052916
0.4599	0.4628	0.4887	0.3603	0.3166	0.4547	0.4719	0.3146	0.3483	0.805403
0.4428	0.4923	0.494	0.3599	0.4786	0.4839	0.8108	0.5811	0.6081	0.835932
0.4361	0.4383	0.4834	0.3301	0.3007	0.4501	0.7361	0.5694	0.5278	1.51468
0.435	0.4131	0.4989	0.3569	0.2672	0.4888	0.9818	0.8	0.1143	0.901623
0.4458	0.4307	0.4989	0.3659	0.287	0.4834	0.7917	0.625	0.0698	0.68622
0.4476	0.455	0.4966	0.3377	0.3557	0.4884	0.5753	0.5342	0.411	1.32335
0.4235	0.4395	0.4983	0.3282	0.3396	0.4741	0.9865	0.7297	0.0722	1.58468
0.4572	0.461	0.497	0.3589	0.31	0.4541	0.5116	0.3218	0.0722	0.841686
0.4507	0.4523	0.4976	0.349	0.3234	0.4744	0.5758	0.4545	0.1081	1.0611
0.4555	0.4653	0.4937	0.3581	0.3688	0.4475	0.5357	0.4167	0.1429	0.862707
0.4751	0.4875	0.497	0.4187	0.4301	0.4653	0.4805	0.2338	0.0976	-0.67881
0.4682	0.47	0.4987	0.3789	0.368	0.4815	0.4066	0.3407	0.0792	0.350893
0.476	0.4706	0.4976	0.4191	0.2844	0.489	0.4615	0.2029	0.2754	-0.677393
0.4668	0.4853	0.4989	0.3666	0.4282	0.4826	0.3838	0.2772	0.0708	0.650904
0.4342	0.4824	0.4988	0.3372	0.4502	0.4764	0.8219	0.5753	0.0538	1.36879
0.4543	0.454	0.4847	0.3366	0.2872	0.4402	0.4684	0.3544	0.3671	1.33462
0.4491	0.4728	0.4843	0.3466	0.4204	0.4512	0.5921	0.5658	0.5	1.1293
0.4543	0.4444	0.4746	0.3555	0.2809	0.4147	0.5455	0.4432	0.4659	0.927594
0.4225	0.4711	0.4965	0.3271	0.4324	0.4672	1	0.8036	0.1233	1.58626
0.4646	0.4636	0.4945	0.3778	0.3294	0.4765	0.4667	0.3289	0.3158	0.376217
0.4548	0.4555	0.4915	0.334	0.2341	0.4621	0.4526	0.2784	0.299	1.40917
0.4788	0.4792	0.4892	0.4309	0.4146	0.4428	0.4769	0.3538	0.2462	-0.999388
0.4631	0.4615	0.492	0.3786	0.34	0.4708	0.5	0.3804	0.3913	0.366105
0.4472	0.4636	0.4649	0.3198	0.3503	0.348	0.5119	0.381	0.3571	1.71281
0.4324	0.4266	0.4925	0.3283	0.2701	0.4805	0.7971	0.6232	0.6377	1.5579
0.4643	0.4576	0.4989	0.4009	0.3483	0.4867	0.6279	0.4607	0.0882	-0.210719
0.4619	0.4593	0.4986	0.3755	0.3208	0.4792	0.506	0.3614	0.0745	0.43862
0.4551	0.4571	0.4976	0.3631	0.321	0.4896	0.5696	0.3875	0.3	0.743958
0.4729	0.4777	0.4917	0.3835	0.3586	0.4626	0.3448	0.2184	0.2989	0.232872
0.4625	0.4914	0.4974	0.3737	0.468	0.4795	0.4865	0.3784	0.1463	0.478163
0.4646	0.4552	0.4937	0.366	0.2875	0.4479	0.4167	0.3438	0.1456	0.668982
0.4515	0.4591	0.4888	0.3634	0.3571	0.4584	0.6429	0.4714	0.3857	0.736922
0.4508	0.4474	0.4941	0.3582	0.3084	0.48	0.625	0.475	0.425	0.867015
0.4733	0.4724	0.4964	0.3952	0.3629	0.48	0.3838	0.2929	0.2222	-0.0585862
0.4513	0.4431	0.4953	0.3575	0.2656	0.4589	0.6098	0.4268	0.1354	0.883633
0.4661	0.4701	0.4872	0.3242	0.3582	0.4323	0.2917	0.3125	0.25	1.5558
0.4331	0.4589	0.4962	0.3231	0.3743	0.466	0.75	0.5588	0.1294	1.66459
0.447	0.4487	0.4992	0.348	0.3454	0.49	0.6377	0.5942	0.0833	1.0951
0.4705	0.476	0.4968	0.4058	0.3754	0.4813	0.5053	0.2737	0.2105	-0.341483
0.4261	0.4294	0.49	0.3313	0.2992	0.4741	0.9538	0.6923	0.6462	1.50232
0.4513	0.4537	0.45	0.3566	0.3218	0.2723	0.6049	0.4321	0.3704	0.902926
0.4387	0.4982	0.4986	0.3085	0.473	0.4815	0.5914	0.0714	0.0804	1.98128
0.4298	0.4334	0.4921	0.3532	0.3398	0.4699	1.0877	0.8596	0.3692	0.998608
0.4325	0.4336	0.4487	0.3403	0.3084	0.3654	0.8833	0.6667	0.7167	1.28661
0.4666	0.4608	0.4804	0.3731	0.3275	0.4167	0.4105	0.3579	0.3368	0.496543
0.45	0.4305	0.4947	0.384	0.3099	0.4872	0.8621	0.7241	0.7069	0.231039
0.4469	0.4453	0.495	0.3683	0.2984	0.4873	0.7857	0.4737	0.6607	0.617912
0.464	0.4613	0.4846	0.3896	0.3762	0.4522	0.5455	0.5227	0.5	0.0871349
0.4461	0.4665	0.4975	0.344	0.36	0.4625	0.6324	0.3676	0.075	1.18602
0.4537	0.4653	0.499	0.3629	0.3623	0.4729	0.5955	0.3933	0.0408	0.758273
0.4624	0.4543	0.499	0.3868	0.2999	0.4875	0.5625	0.375	0.0909	0.158499
0.4496	0.4499	0.4892	0.3733	0.3139	0.4686	0.7627	0.4576	0.5424	0.496053
0.4376	0.4394	0.4967	0.3307	0.3155	0.4895	0.7126	0.6092	0.4713	1.5159
0.4652	0.465	0.4949	0.4142	0.3855	0.4763	0.75	0.5	0.2838	-0.57321
0.4568	0.4606	0.4984	0.3847	0.3893	0.4815	0.6806	0.625	0.0988	0.212945
0.468	0.4616	0.483	0.4157	0.3242	0.4378	0.6707	0.3415	0.4024	-0.616225
0.4498	0.4436	0.4898	0.3634	0.3396	0.4704	0.6795	0.6538	0.5385	0.744676
0.4513	0.4483	0.4979	0.3492	0.2963	0.4776	0.5663	0.4337	0.1031	1.07483
0.45	0.451	0.4989	0.3655	0.3473	0.4834	0.6901	0.5634	0.0732	0.690181
0.4454	0.4411	0.4916	0.3631	0.2661	0.4752	0.7761	0.4478	0.5224	0.751394
0.4728	0.4739	0.4921	0.3942	0.3577	0.4667	0.3875	0.2625	0.325	-0.0311609
0.4579	0.4637	0.4955	0.3675	0.3262	0.4818	0.5402	0.3218	0.3333	0.639438
0.4194	0.4214	0.4976	0.3132	0.2964	0.4678	0.9518	0.8072	0.0818	1.91913
0.4616	0.4544	0.4865	0.3582	0.3326	0.4456	0.4359	0.4545	0.3506	0.840983
0.4541	0.4578	0.4978	0.3507	0.3156	0.4839	0.5256	0.3671	0.1628	1.02834
0.449	0.437	0.4787	0.3923	0.2916	0.4399	1.0143	0.5571	0.5857	0.0159662
0.4502	0.445	0.4949	0.3572	0.2882	0.4808	0.6301	0.4521	0.3699	0.88475
0.4451	0.4558	0.4957	0.3484	0.3777	0.4854	0.6753	0.6494	0.4286	1.10108
0.4559	0.458	0.4945	0.3565	0.3461	0.482	0.5224	0.4478	0.4478	0.881456
0.473	0.4678	0.4945	0.3774	0.3066	0.4728	0.3229	0.25	0.2604	0.38194
0.4548	0.4762	0.4972	0.3701	0.3615	0.4817	0.6173	0.2418	0.1868	0.579536
0.4708	0.4603	0.4944	0.4158	0.3414	0.4786	0.5811	0.4	0.36	-0.609088
0.4691	0.4913	0.473	0.3981	0.4643	0.3669	0.4872	0.3333	0.2949	-0.132147
0.4465	0.4486	0.4974	0.3676	0.3391	0.4734	0.7895	0.5658	0.1099	0.647387
0.4769	0.4729	0.4939	0.418	0.3103	0.4723	0.4268	0.2073	0.2927	-0.656782
0.4724	0.4725	0.4949	0.4099	0.3489	0.4596	0.4861	0.2639	0.1519	-0.439605
0.4512	0.4516	0.4647	0.3607	0.3328	0.3687	0.6322	0.4943	0.4253	0.811342
0.4535	0.4513	0.4946	0.3753	0.3018	0.4799	0.6849	0.411	0.3766	0.450187
0.4391	0.4242	0.4929	0.3313	0.2438	0.4795	0.6892	0.5811	0.5405	1.48567
0.4609	0.4568	0.4875	0.3252	0.2417	0.4286	0.3516	0.2747	0.2283	1.55826
0.4199	0.433	0.48	0.2749	0.3137	0.4512	0.7313	0.7015	0.7313	2.61545
0.4553	0.4521	0.4951	0.3716	0.3522	0.4839	0.6167	0.5667	0.45	0.529632
0.4645	0.4957	0.4988	0.405	0.4866	0.487	0.6623	0.4805	0.1053	-0.320015
0.4633	0.4541	0.4756	0.3766	0.2838	0.4149	0.4848	0.3485	0.4394	0.403204
0.4768	0.4665	0.4925	0.4167	0.3207	0.4639	0.4216	0.2816	0.2718	-0.632939
0.4617	0.4557	0.4961	0.3955	0.3315	0.4253	0.6486	0.4324	0.0595	-0.0675212
0.4588	0.4305	0.4988	0.4043	0.3081	0.4819	0.8395	0.716	0.0693	-0.306531
0.4465	0.4517	0.4834	0.3352	0.3193	0.4311	0.5824	0.4505	0.3407	1.40137
0.4505	0.4487	0.4977	0.3774	0.3247	0.4814	0.7778	0.5077	0.1447	0.397175
0.4705	0.4606	0.4892	0.4031	0.3011	0.457	0.4868	0.3117	0.3506	-0.262103
0.4634	0.4681	0.4939	0.4036	0.4023	0.4667	0.6795	0.5385	0.2346	-0.282292
0.478	0.4622	0.4946	0.4307	0.3438	0.4816	0.5	0.3816	0.4211	-1.01239
0.4603	0.4354	0.4864	0.381	0.2207	0.4547	0.5714	0.4286	0.449	0.309473
0.4564	0.455	0.4964	0.3869	0.3463	0.4675	0.7123	0.4932	0.1294	0.157428
0.4518	0.4515	0.4852	0.3456	0.3214	0.4493	0.5412	0.4588	0.4353	1.15495
0.4463	0.441	0.4978	0.3745	0.3009	0.4823	0.8621	0.5345	0.1471	0.470527
0.4609	0.465	0.4906	0.3818	0.3528	0.4641	0.5632	0.3678	0.3678	0.285756
0.4571	0.4486	0.4973	0.351	0.3037	0.49	0.4787	0.4468	0.3723	1.02969
0.4386	0.4391	0.4971	0.3459	0.2776	0.4674	0.7922	0.4935	0.1023	1.16945
0.4267	0.4205	0.4547	0.3304	0.3113	0.3932	0.9322	0.9153	0.8305	1.51169
0.4458	0.4967	0.4975	0.3476	0.4612	0.4754	0.6579	0.0968	0.1183	1.11608
0.4647	0.4514	0.4899	0.365	0.2957	0.4668	0.411	0.3973	0.4521	0.674217
0.4515	0.4416	0.4762	0.3428	0.2991	0.4124	0.5342	0.5205	0.411	1.20275
0.4697	0.4696	0.4979	0.4024	0.3738	0.4895	0.5	0.3649	0.2568	-0.244203
0.4444	0.448	0.4991	0.2584	0.2634	0.483	0.4018	0.375	0.0551	2.89089
0.4575	0.4583	0.4961	0.3758	0.3208	0.4529	0.597	0.3731	0.0946	0.431055
0.4575	0.4624	0.4985	0.3653	0.3455	0.4851	0.5375	0.3827	0.1099	0.687514
0.4763	0.4823	0.4914	0.4192	0.397	0.4301	0.4526	0.2323	0.15	-0.701205
0.4328	0.4279	0.4877	0.3641	0.3015	0.4484	1.1452	0.7258	0.3286	0.740349
0.4396	0.439	0.4864	0.3439	0.3329	0.4659	0.7571	0.7	0.6857	1.2056
0.4863	0.4816	0.4965	0.4317	0.3889	0.453	0.271	0.2243	0.0841	-1.01508
0.4592	0.4513	0.4946	0.3721	0.212	0.4814	0.5417	0.2917	0.4167	0.518453
0.4389	0.4257	0.4739	0.3584	0.3002	0.4339	0.8947	0.7544	0.7018	0.863089
0.448	0.4473	0.451	0.3759	0.3262	0.3221	0.8305	0.5323	0.4677	0.435037
0.4561	0.449	0.4938	0.3703	0.2828	0.4767	0.5909	0.3977	0.375	0.575876
0.4768	0.4982	0.4903	0.425	0.4234	0.4578	0.4854	0.0268	0.3107	-0.872017
0.4735	0.4657	0.4987	0.3927	0.2679	0.4717	0.3684	0.2281	0.048	0.00683845
0.4456	0.4522	0.4958	0.3348	0.3034	0.4392	0.5955	0.4045	0.0784	1.41144
0.4636	0.4596	0.4966	0.3806	0.308	0.4865	0.5	0.3333	0.3378	0.31002
0.449	0.4508	0.487	0.3528	0.2863	0.4621	0.6286	0.3857	0.5429	0.984333
0.4688	0.4471	0.4972	0.4088	0.2227	0.4674	0.5733	0.3333	0.0976	-0.418737
0.4678	0.4683	0.4956	0.3957	0.3128	0.4424	0.5	0.253	0.087	-0.0704549
0.4563	0.471	0.4927	0.3624	0.3935	0.4606	0.5439	0.4211	0.2353	0.735717
0.468	0.4695	0.4948	0.3878	0.3629	0.4751	0.4524	0.3333	0.2674	0.129555
0.4584	0.4908	0.4977	0.3265	0.4616	0.4739	0.3846	0.3297	0.0971	1.54397
0.4449	0.4466	0.4847	0.3604	0.3226	0.4503	0.7647	0.5294	0.4706	0.798176
0.438	0.4282	0.4917	0.3459	0.291	0.4784	0.8052	0.6753	0.6364	1.17077
0.4581	0.4533	0.4886	0.394	0.3335	0.462	0.7361	0.4722	0.4444	-0.0280362
0.4468	0.4392	0.4934	0.3657	0.3119	0.4816	0.7639	0.5972	0.5694	0.691375
0.4712	0.4709	0.4879	0.3898	0.4048	0.4515	0.4	0.4875	0.35	0.0784075
0.45	0.4521	0.4934	0.3122	0.3066	0.4762	0.4519	0.4135	0.3942	1.8826
0.4519	0.483	0.4944	0.3577	0.4448	0.4808	0.6	0.4714	0.4225	0.866729
0.4328	0.4349	0.4951	0.2793	0.274	0.4642	0.5733	0.5333	0.1648	2.51137
0.4397	0.4485	0.4594	0.3409	0.3262	0.3711	0.7344	0.5156	0.5312	1.2631
0.4611	0.4662	0.497	0.3571	0.3212	0.4833	0.4396	0.2857	0.2198	0.877496
0.4601	0.4526	0.4899	0.3777	0.3077	0.4616	0.5542	0.4096	0.3735	0.386934
0.4721	0.4738	0.4973	0.3916	0.3635	0.4853	0.3905	0.2762	0.2286	0.0330372
0.4688	0.4681	0.497	0.3811	0.3685	0.4772	0.4045	0.3708	0.1579	0.297605
0.4532	0.4452	0.4965	0.3356	0.3178	0.4882	0.4805	0.5325	0.4286	1.35532
0.4116	0.4482	0.4988	0.2958	0.364	0.4858	0.9844	0.7188	0.0921	2.25469
0.4725	0.4624	0.4934	0.4016	0.3569	0.4734	0.4324	0.4189	0.3378	-0.221866
0.4436	0.4139	0.4948	0.3828	0.2709	0.4889	1.0588	0.8039	0.8824	0.261634
0.4712	0.4714	0.4993	0.3865	0.3697	0.4883	0.3855	0.3253	0.0659	0.159682
0.4485	0.4406	0.4972	0.3582	0.2954	0.4357	0.6705	0.5227	0.0485	0.876877
0.467	0.4799	0.4914	0.3822	0.4275	0.426	0.4429	0.4143	0.1429	0.264529
0.4517	0.4582	0.4806	0.3498	0.3101	0.4252	0.5634	0.3521	0.3803	1.04695
0.4645	0.458	0.4944	0.3875	0.3049	0.4747	0.5222	0.3444	0.2889	0.140962
0.4611	0.4564	0.4766	0.3657	0.3266	0.4097	0.4744	0.4103	0.3846	0.670991
0.4405	0.4346	0.4952	0.3493	0.3002	0.4693	0.7778	0.619	0.1899	1.0751
0.4578	0.4574	0.4944	0.3789	0.3184	0.479	0.6111	0.3778	0.3667	0.363152
0.4636	0.4683	0.4974	0.3727	0.3975	0.4896	0.4615	0.5	0.3333	0.501374
0.4671	0.4531	0.498	0.4108	0.3448	0.4864	0.6429	0.5179	0.1719	-0.465203
0.4648	0.4586	0.4896	0.3991	0.3552	0.4629	0.5977	0.4713	0.4023	-0.164194
0.4584	0.4601	0.4963	0.3491	0.3015	0.4769	0.4519	0.3173	0.1982	1.07687
0.451	0.4589	0.494	0.382	0.3772	0.4438	0.8116	0.5775	0.1264	0.282869
0.4574	0.456	0.4727	0.3766	0.3078	0.3806	0.6047	0.3721	0.3372	0.419519
0.4723	0.464	0.4881	0.4167	0.3477	0.4609	0.5441	0.3676	0.4559	-0.623705
0.4631	0.4602	0.4958	0.383	0.3569	0.4825	0.5238	0.4524	0.3214	0.253289
0.4692	0.461	0.4498	0.4263	0.3543	0.3027	0.7778	0.4306	0.4306	-0.916014
0.4467	0.4269	0.4964	0.3553	0.2341	0.4896	0.6875	0.5312	0.5417	0.952203
0.4239	0.4411	0.4986	0.3405	0.3491	0.4863	1.1017	0.7627	0.1111	1.2982
0.4573	0.4619	0.4784	0.3509	0.3528	0.4195	0.475	0.4125	0.4	1.01725
0.4565	0.456	0.4975	0.3871	0.376	0.4741	0.7111	0.6333	0.1121	0.152718
0.4612	0.4958	0.4977	0.3913	0.4858	0.4654	0.6267	0.4267	0.0723	0.0411963
0.451	0.4956	0.4969	0.3893	0.465	0.4704	0.8983	0.1493	0.1194	0.0955978
0.4422	0.4388	0.4982	0.362	0.317	0.4776	0.8438	0.625	0.0897	0.779886
0.4611	0.4476	0.466	0.375	0.2787	0.3303	0.519	0.4051	0.3038	0.451495
0.4684	0.4664	0.499	0.3805	0.317	0.4875	0.4096	0.2771	0.0851	0.309493
0.4568	0.463	0.4946	0.3622	0.3566	0.4821	0.5341	0.4091	0.4432	0.768633
0.4807	0.4831	0.491	0.3868	0.3922	0.4478	0.2326	0.2093	0.2209	0.144045
0.4724	0.4668	0.495	0.4191	0.3655	0.4787	0.5634	0.3803	0.3099	-0.693298
0.4346	0.4356	0.4872	0.3601	0.2795	0.4611	1.0317	0.5397	0.5079	0.833893
0.4288	0.4515	0.4973	0.3191	0.3629	0.4535	0.8056	0.6389	0.0638	1.76401
0.4603	0.4616	0.4749	0.3758	0.336	0.3923	0.5395	0.3684	0.3421	0.432325
0.4497	0.4386	0.4737	0.3663	0.2899	0.42	0.7013	0.5325	0.5325	0.676211
0.4672	0.4725	0.4957	0.4048	0.378	0.483	0.5833	0.3333	0.3472	-0.312056
0.4521	0.4786	0.4749	0.3549	0.4182	0.4263	0.5811	0.3867	0.56	0.935353
0.4395	0.4446	0.4878	0.3315	0.3247	0.4647	0.6833	0.5667	0.55	1.45655
0.4763	0.4559	0.4964	0.428	0.3139	0.4764	0.5286	0.3857	0.1842	-0.935205
0.4613	0.4596	0.4972	0.3509	0.306	0.4894	0.4149	0.3298	0.3617	1.01903
0.4832	0.4801	0.497	0.4271	0.3896	0.4821	0.3226	0.2473	0.2043	-0.891436
0.4607	0.4964	0.495	0.3867	0.4742	0.4853	0.6029	0.1646	0.5294	0.159078
0.4675	0.4646	0.4806	0.3945	0.3056	0.4153	0.5	0.2791	0.3256	-0.0404054
0.4634	0.4918	0.4983	0.3872	0.4642	0.485	0.5429	0.3099	0.1282	0.146511
0.4685	0.4638	0.4878	0.3915	0.3269	0.4477	0.4598	0.3218	0.3218	0.0369882
0.4452	0.4546	0.4944	0.3441	0.3678	0.4797	0.6486	0.6081	0.3919	1.1923
0.4644	0.4542	0.4973	0.3918	0.3148	0.4342	0.5526	0.4079	0.0455	0.0291033
0.4621	0.45	0.4898	0.3996	0.3483	0.4644	0.6769	0.5846	0.4154	-0.173827
0.4714	0.4802	0.4967	0.3847	0.3924	0.4604	0.3736	0.2527	0.0938	0.204882
0.4309	0.4383	0.4965	0.3131	0.3078	0.4649	0.7342	0.5949	0.1146	1.89064
0.4327	0.4265	0.4871	0.338	0.3078	0.4668	0.8594	0.7812	0.6562	1.34326
0.4737	0.4706	0.4968	0.3949	0.3501	0.4631	0.375	0.2885	0.0991	-0.0507781
0.4618	0.4527	0.4949	0.3821	0.2747	0.4817	0.5455	0.3483	0.3933	0.277555
0.438	0.4493	0.4577	0.2891	0.3167	0.3239	0.5376	0.4731	0.3871	2.35267
0.4201	0.4406	0.4947	0.2952	0.3538	0.4867	0.8235	0.8088	0.6765	2.25173
0.4654	0.4928	0.4943	0.3884	0.4747	0.462	0.507	0.4085	0.1818	0.115607
0.4282	0.479	0.4986	0.2808	0.4392	0.4864	0.6375	0.5625	0.1122	2.51328
0.4162	0.4087	0.4852	0.3275	0.2733	0.4716	1.1633	0.898	1.1224	1.58034
0.4553	0.4397	0.4883	0.3677	0.2115	0.4627	0.5921	0.3816	0.4737	0.633713
0.4641	0.4579	0.491	0.3908	0.3277	0.4564	0.5526	0.3947	0.2727	0.055821
0.4379	0.4378	0.4946	0.3362	0.2709	0.484	0.7397	0.4932	0.5205	1.38146
0.4385	0.4422	0.4962	0.3276	0.2807	0.4869	0.68	0.4667	0.4156	1.56691
0.4282	0.4182	0.4946	0.3064	0.2423	0.4841	0.7439	0.6463	0.5244	2.03697
0.4413	0.4355	0.4896	0.3523	0.3116	0.4746	0.7826	0.6522	0.7101	1.01019
0.4637	0.4601	0.4951	0.382	0.3238	0.4796	0.5065	0.359	0.3205	0.277196
0.4301	0.4309	0.4966	0.3218	0.2787	0.4537	0.7978	0.5955	0.0826	1.72572
0.4508	0.4962	0.4981	0.3367	0.4874	0.4694	0.5205	0.4384	0.069	1.33607
0.4425	0.4416	0.4961	0.3599	0.3319	0.489	0.8169	0.6479	0.5493	0.833652
0.475	0.4674	0.4969	0.3994	0.365	0.4865	0.3696	0.3696	0.3043	-0.165521
0.4731	0.4766	0.4978	0.3697	0.3887	0.4766	0.3	0.3	0.1053	0.556433
0.4476	0.451	0.4693	0.359	0.3413	0.409	0.6951	0.5366	0.561	0.854801
0.4643	0.461	0.4982	0.3404	0.3226	0.4828	0.3457	0.3457	0.1222	1.2167
0.4452	0.4972	0.4995	0.3567	0.4593	0.49	0.7294	0.0777	0.0583	0.91424
0.4563	0.4932	0.4987	0.3483	0.4755	0.49	0.481	0.3924	0.1463	1.07626
0.4663	0.4457	0.4978	0.407	0.2857	0.4814	0.6292	0.4382	0.1359	-0.377643
0.4438	0.4503	0.4908	0.2992	0.3129	0.4691	0.493	0.4507	0.4366	2.09656
0.456	0.4646	0.4963	0.3696	0.3521	0.4881	0.5897	0.3718	0.4615	0.586894
0.4553	0.4636	0.4978	0.352	0.3285	0.4738	0.513	0.3276	0.093	1.02278
0.4129	0.394	0.4814	0.3334	0.2459	0.4629	1.3409	1	1.0455	1.45131
0.4678	0.4602	0.4792	0.4076	0.334	0.4095	0.5921	0.3816	0.3289	-0.387817
0.4682	0.4675	0.4945	0.3924	0.3628	0.4532	0.4722	0.3611	0.141	0.0139477
0.4415	0.4648	0.4894	0.3437	0.3877	0.465	0.7167	0.5167	0.45	1.19252
0.453	0.482	0.4969	0.3556	0.4316	0.4816	0.5692	0.3846	0.2027	0.907468
0.4342	0.4567	0.4992	0.3621	0.3841	0.49	1.0714	0.6786	0.0909	0.781301
0.4598	0.4406	0.4996	0.3949	0.284	0.49	0.6957	0.4928	0.0375	-0.0521936
0.4459	0.4334	0.4958	0.3622	0.2639	0.4882	0.7564	0.5256	0.5513	0.778625
0.4541	0.4505	0.4928	0.3356	0.2485	0.4741	0.4685	0.3333	0.3964	1.39195
0.4785	0.4696	0.4888	0.4246	0.3801	0.4546	0.4328	0.3881	0.3433	-0.820801
0.4346	0.443	0.4958	0.3025	0.3204	0.4396	0.6277	0.5745	0.0789	2.11169
0.4812	0.4971	0.4979	0.4158	0.4638	0.4637	0.3143	0.0901	0.0631	-0.593908
0.4744	0.4756	0.4765	0.4168	0.3859	0.3647	0.4872	0.3077	0.2436	-0.629347
0.4699	0.4733	0.4757	0.395	0.3424	0.3716	0.4512	0.2439	0.2683	-0.0523891
0.4446	0.4304	0.4837	0.3781	0.3046	0.4546	0.9571	0.7	0.5857	0.386333
0.452	0.4484	0.4918	0.3561	0.3193	0.47	0.5904	0.494	0.3855	0.915253
0.4445	0.4546	0.4944	0.3531	0.3525	0.4503	0.7179	0.5256	0.134	0.995873
0.4436	0.4404	0.4588	0.3332	0.2801	0.3626	0.6212	0.4848	0.5	1.41956
0.4604	0.4688	0.4637	0.3722	0.3784	0.3515	0.5185	0.3951	0.3827	0.521195
0.4547	0.4408	0.4928	0.3787	0.2735	0.4791	0.6818	0.4659	0.5341	0.369809
0.4376	0.4317	0.4914	0.3114	0.2851	0.4776	0.6184	0.6053	0.6316	1.89978
0.4723	0.4643	0.4934	0.3928	0.298	0.4693	0.3922	0.2718	0.2816	0.00283522
0.4543	0.4411	0.4837	0.3804	0.3127	0.4477	0.7067	0.5733	0.48	0.323729
0.4347	0.4363	0.4728	0.3475	0.3336	0.4246	0.8947	0.7544	0.6102	1.1194
0.4672	0.4685	0.4983	0.3978	0.3595	0.4841	0.527	0.3378	0.1205	-0.124618
0.4759	0.4687	0.4804	0.4075	0.3281	0.3688	0.3889	0.2703	0.2027	-0.368011
0.447	0.4971	0.4934	0.3529	0.4783	0.4353	0.6667	0.1566	0.1205	0.986957
0.4414	0.437	0.4837	0.3478	0.2948	0.4488	0.7463	0.5672	0.4925	1.10989
0.4308	0.4396	0.49	0.3032	0.2849	0.4725	0.6883	0.5065	0.5844	2.08444
0.4209	0.4141	0.4979	0.3213	0.2614	0.4692	0.9859	0.7606	0.0737	1.73402
0.4667	0.4681	0.4704	0.3651	0.3245	0.3399	0.3804	0.2717	0.2717	0.681261
0.4517	0.4552	0.495	0.3278	0.3352	0.4819	0.4756	0.4512	0.3902	1.53106
0.4667	0.4526	0.4493	0.3827	0.3268	0.2962	0.451	0.4608	0.4216	0.261025
0.4685	0.4725	0.4935	0.3981	0.3955	0.4738	0.5	0.4	0.3375	-0.13345
0.4793	0.4642	0.4941	0.4464	0.3472	0.4309	0.6667	0.3636	0.1	-1.47785
0.4674	0.4576	0.496	0.3812	0.2784	0.4771	0.4308	0.3077	0.2192	0.286495
0.4689	0.4615	0.4947	0.3919	0.3175	0.4776	0.4545	0.3295	0.3182	0.0263665
0.4595	0.4606	0.4462	0.3562	0.325	0.2469	0.4605	0.3553	0.3684	0.888655
0.4656	0.4692	0.4986	0.396	0.4075	0.4753	0.5532	0.5532	0.0631	-0.0815935
0.4551	0.4506	0.4985	0.3576	0.3171	0.4826	0.5417	0.4583	0.0964	0.86541
0.4523	0.4547	0.4967	0.3574	0.3178	0.4624	0.5915	0.4085	0.1	0.873994
0.4759	0.467	0.4977	0.4002	0.3008	0.4892	0.3542	0.25	0.2708	-0.185041
0.4546	0.4516	0.492	0.3787	0.3268	0.4723	0.6842	0.4737	0.4211	0.366332
0.4635	0.4607	0.4932	0.3692	0.3325	0.4218	0.4487	0.3718	0.1034	0.583979
0.4393	0.4395	0.4971	0.3269	0.2886	0.49	0.6627	0.5181	0.4217	1.58988
0.4635	0.4605	0.4973	0.3747	0.3082	0.4883	0.473	0.3243	0.3026	0.451993
0.4683	0.4714	0.485	0.3771	0.3556	0.408	0.3978	0.2903	0.2151	0.396433
0.4722	0.4842	0.4967	0.3937	0.4037	0.483	0.3976	0.2169	0.241	-0.0196378
0.4631	0.4657	0.499	0.3799	0.3631	0.485	0.5065	0.3896	0.0732	0.327455
0.4311	0.4958	0.493	0.3291	0.4734	0.4577	0.8276	0.1912	0.2059	1.52758
0.4564	0.4992	0.4985	0.3693	0.4867	0.4867	0.5795	0.0632	0.1263	0.598488
0.4535	0.4611	0.4973	0.3609	0.336	0.49	0.5875	0.375	0.3827	0.799682
0.4497	0.4639	0.4936	0.379	0.3803	0.4773	0.8154	0.4923	0.4	0.359485
0.4677	0.4695	0.4936	0.3963	0.3742	0.4454	0.5063	0.3671	0.1412	-0.0872046
0.4642	0.4562	0.4908	0.3858	0.3388	0.4619	0.5172	0.4483	0.3333	0.182102
0.4342	0.4514	0.4954	0.2679	0.317	0.4456	0.5263	0.4474	0.0978	2.69953
0.4593	0.452	0.4989	0.3832	0.3096	0.4867	0.6094	0.4219	0.087	0.246172
0.4571	0.45	0.4972	0.3676	0.273	0.4711	0.5571	0.3714	0.1125	0.627833
0.4593	0.4567	0.4949	0.3647	0.3161	0.4482	0.5	0.381	0.1158	0.702438
0.44	0.497	0.4974	0.3271	0.4574	0.477	0.6517	0.08	0.13	1.59047
0.4472	0.4413	0.4945	0.3411	0.2554	0.4817	0.5976	0.4268	0.439	1.26224
0.4241	0.4395	0.4924	0.2871	0.3285	0.4816	0.72	0.6667	0.72	2.40361
0.4778	0.4763	0.4971	0.4258	0.383	0.4759	0.4625	0.2892	0.1395	-0.873256
0.4692	0.4639	0.4945	0.4016	0.3558	0.4583	0.5063	0.3924	0.1573	-0.224552
0.4618	0.4641	0.4844	0.3262	0.3038	0.4325	0.3438	0.2812	0.3229	1.54225
0.4761	0.4821	0.4929	0.4057	0.4272	0.4699	0.375	0.3523	0.3182	-0.328823
0.4602	0.4724	0.4707	0.3785	0.3848	0.3769	0.5579	0.3579	0.3579	0.371004
0.4499	0.4612	0.4876	0.358	0.3764	0.4587	0.641	0.5256	0.4487	0.872665
0.4394	0.4489	0.4943	0.3001	0.3459	0.4801	0.5526	0.5921	0.4051	2.11114
0.428	0.4089	0.4952	0.3377	0.2564	0.4887	0.9667	0.8167	0.75	1.35341
0.4509	0.4968	0.4973	0.3451	0.4626	0.4809	0.5542	0.0989	0.1648	1.16731
0.476	0.4776	0.4955	0.4154	0.3393	0.4771	0.4348	0.1935	0.25	-0.595006
0.4496	0.4986	0.4984	0.3718	0.4691	0.4728	0.75	0.05	0.0625	0.539998
0.4436	0.4368	0.4978	0.3611	0.3013	0.4686	0.8026	0.5921	0.0769	0.807782
0.4519	0.4838	0.4941	0.3485	0.4363	0.4817	0.5541	0.3649	0.4865	1.0781
0.4503	0.4544	0.495	0.3594	0.3218	0.4806	0.641	0.4231	0.359	0.839231
0.453	0.441	0.4994	0.3442	0.2671	0.486	0.5165	0.4505	0.0481	1.18924
0.4431	0.4527	0.4932	0.3558	0.2931	0.4665	0.7692	0.3788	0.2632	0.924445
0.4651	0.4536	0.4981	0.3913	0.2978	0.4771	0.5333	0.3778	0.0909	0.0426713
0.4649	0.4592	0.498	0.3867	0.2813	0.4846	0.5079	0.2969	0.1549	0.154277
0.4739	0.4755	0.4945	0.4018	0.3724	0.4738	0.4026	0.2727	0.2727	-0.226125
0.4165	0.4048	0.4874	0.2922	0.2008	0.4592	0.8684	0.6974	0.4643	2.33269
0.4562	0.447	0.4823	0.3623	0.3028	0.4379	0.5455	0.4646	0.4242	0.772834
0.4034	0.4768	0.4979	0.2894	0.4564	0.4825	1.1042	1.1875	0.1385	2.35626
0.4577	0.4795	0.4974	0.3658	0.421	0.4746	0.5357	0.381	0.1158	0.677914
0.4636	0.4685	0.4972	0.3793	0.3045	0.4855	0.494	0.241	0.2381	0.343666
0.4541	0.4536	0.4715	0.386	0.3547	0.4003	0.7656	0.5538	0.4462	0.178402
0.4369	0.4481	0.4946	0.3519	0.3392	0.461	0.8824	0.5735	0.1667	1.02745
0.4416	0.4354	0.4939	0.3503	0.3294	0.4839	0.7606	0.7465	0.6197	1.05905
0.4418	0.4291	0.492	0.3514	0.3104	0.4792	0.7647	0.75	0.6324	1.03104
0.4635	0.4551	0.4681	0.3515	0.2989	0.3512	0.3854	0.3646	0.3229	1.00232
0.4771	0.4803	0.4912	0.395	0.375	0.4497	0.3125	0.2143	0.2232	-0.0524148
0.4769	0.4702	0.4938	0.4149	0.3731	0.4716	0.4091	0.3523	0.2841	-0.574869
0.4632	0.4568	0.4981	0.3735	0.323	0.4787	0.4717	0.3962	0.1	0.493658
0.4706	0.4777	0.496	0.3967	0.4098	0.4821	0.4444	0.3611	0.2917	-0.0959515
0.4337	0.499	0.4953	0.3568	0.4888	0.4388	1.0172	0.1013	0.0886	0.910178
0.4689	0.4627	0.4714	0.3967	0.3399	0.3714	0.4824	0.3647	0.3294	-0.0963581
0.4706	0.4706	0.493	0.3653	0.3291	0.464	0.3243	0.2523	0.2523	0.678334
0.4755	0.4666	0.4784	0.4076	0.3088	0.3894	0.3981	0.2636	0.2727	-0.385024
0.4612	0.4517	0.4891	0.3821	0.3159	0.4588	0.5591	0.4409	0.3763	0.280592
0.4743	0.4963	0.4921	0.3861	0.4625	0.4524	0.33	0.1132	0.21	0.171364
0.452	0.4288	0.4981	0.3685	0.2184	0.4537	0.6667	0.4861	0.0455	0.616349
0.4613	0.4467	0.489	0.3948	0.3474	0.4623	0.6533	0.64	0.4267	-0.0485663
0.471	0.4979	0.4991	0.388	0.4896	0.4844	0.3942	0.2642	0.0614	0.12625
0.4423	0.4266	0.4925	0.3523	0.2589	0.4813	0.7606	0.5915	0.6761	1.01148
0.4697	0.4699	0.4925	0.3789	0.3625	0.465	0.3804	0.3261	0.2826	0.350466
0.4632	0.4908	0.4968	0.3899	0.463	0.4754	0.5672	0.3433	0.1507	0.0768892
0.4676	0.4806	0.4953	0.3824	0.3904	0.4726	0.4328	0.2429	0.2143	0.259403
0.4793	0.4818	0.4907	0.3891	0.4166	0.4603	0.2593	0.3049	0.3171	0.0916492
0.4534	0.4266	0.4927	0.3689	0.2333	0.4791	0.64	0.5333	0.5467	0.60613
0.4343	0.4357	0.4938	0.3436	0.3242	0.4836	0.8696	0.7101	0.6232	1.22031
0.4365	0.4333	0.4854	0.3126	0.2483	0.4117	0.64	0.4933	0.2184	1.87818
0.4488	0.4327	0.4937	0.3784	0.2549	0.4811	0.8333	0.5139	0.5139	0.375468
0.4639	0.4617	0.4647	0.3882	0.3486	0.3468	0.5402	0.4023	0.3563	0.122445
0.4527	0.4519	0.4955	0.3545	0.3212	0.4783	0.5684	0.4526	0.2647	0.959338
0.4742	0.4743	0.4955	0.3937	0.3158	0.4726	0.36	0.2	0.2	-0.0202392
0.461	0.4473	0.4857	0.3983	0.2832	0.4483	0.6944	0.4167	0.4028	-0.141122
0.4553	0.4367	0.4754	0.3841	0.3033	0.4219	0.7143	0.6	0.5	0.227914
0.4786	0.4817	0.4949	0.3835	0.3917	0.4763	0.2561	0.2289	0.2771	0.222314
0.4648	0.4777	0.4951	0.3628	0.3725	0.4674	0.4024	0.2439	0.1848	0.731129
0.4401	0.4371	0.4959	0.3363	0.3022	0.4884	0.6988	0.5904	0.5422	1.38563
0.4386	0.4611	0.4959	0.3229	0.3748	0.487	0.6543	0.5185	0.4691	1.67243
0.4498	0.4268	0.4913	0.3794	0.2847	0.4779	0.8158	0.6711	0.6579	0.351752
0.4744	0.4679	0.4944	0.4032	0.3027	0.4505	0.4	0.2444	0.134	-0.264402
0.4744	0.4715	0.4981	0.3747	0.3118	0.4872	0.2947	0.2211	0.1753	0.442281
0.4321	0.41	0.4944	0.3364	0.2388	0.4518	0.8596	0.7368	0.137	1.36817
0.4519	0.4738	0.4975	0.3831	0.4173	0.4661	0.7971	0.5072	0.0833	0.253948
0.4723	0.4695	0.4977	0.4206	0.3246	0.489	0.5833	0.2568	0.2703	-0.73915
0.4434	0.4484	0.4904	0.343	0.3323	0.4698	0.6757	0.5405	0.48	1.22196
0.4606	0.4569	0.497	0.3819	0.3466	0.4651	0.5698	0.4651	0.0957	0.28474
0.4621	0.4608	0.4631	0.3533	0.3274	0.2921	0.4118	0.3583	0.275	0.980546
0.4734	0.4686	0.4746	0.4061	0.3555	0.3704	0.4382	0.3258	0.2809	-0.34455
0.4654	0.4634	0.4975	0.3842	0.3217	0.4894	0.4848	0.3168	0.3131	0.225704
0.4551	0.4586	0.4969	0.3563	0.3335	0.4581	0.5357	0.4	0.0833	0.905222
0.4398	0.445	0.4919	0.3275	0.3198	0.4737	0.6571	0.5429	0.4571	1.5576
0.4577	0.482	0.4964	0.3739	0.4344	0.4701	0.5823	0.4051	0.1429	0.480881
0.4783	0.4684	0.4905	0.4194	0.3386	0.4497	0.4024	0.2927	0.2439	-0.691356
0.4419	0.4415	0.473	0.3146	0.2671	0.4102	0.5676	0.4459	0.473	1.81833
0.4729	0.4622	0.4804	0.3802	0.2865	0.395	0.3333	0.2762	0.2571	0.317054
0.4578	0.443	0.4977	0.3781	0.2889	0.4173	0.6071	0.4762	0.0312	0.380673
0.4518	0.4542	0.4742	0.3416	0.348	0.4165	0.5244	0.5122	0.4878	1.23831
0.4705	0.4652	0.4698	0.3928	0.3189	0.3925	0.4268	0.2927	0.439	0.00333313
0.4519	0.4917	0.4966	0.3563	0.4728	0.4572	0.5926	0.4512	0.0899	0.909781
0.4798	0.4834	0.4987	0.414	0.4039	0.4893	0.3368	0.2316	0.1443	-0.54396
0.4534	0.4527	0.4963	0.3688	0.3026	0.4412	0.6386	0.3976	0.0722	0.612544
0.4683	0.4641	0.4962	0.4019	0.3257	0.4618	0.5309	0.3171	0.1136	-0.23389
0.4504	0.451	0.4914	0.3549	0.3159	0.4734	0.6125	0.45	0.4875	0.943633
0.4622	0.455	0.4984	0.3804	0.2623	0.4834	0.527	0.3108	0.1111	0.315413
0.4367	0.4296	0.4921	0.3385	0.2708	0.4753	0.7794	0.5882	0.4853	1.32734
0.4708	0.467	0.494	0.3731	0.3213	0.4744	0.3444	0.2778	0.3111	0.485137
0.459	0.4604	0.4979	0.3872	0.3296	0.483	0.6471	0.3676	0.1447	0.146491
0.4326	0.4081	0.4825	0.3622	0.2319	0.4577	1.1224	0.74	0.74	0.774981
0.4553	0.4304	0.4894	0.3905	0.2724	0.4711	0.7778	0.5833	0.5972	0.064113
0.4499	0.4558	0.4955	0.3503	0.3741	0.4843	0.5976	0.622	0.4146	1.05248
0.4761	0.4679	0.4952	0.4127	0.3386	0.4797	0.4146	0.2976	0.3171	-0.512046
0.4615	0.466	0.4983	0.4055	0.3859	0.4763	0.7625	0.4815	0.0795	-0.337227
0.4687	0.4734	0.4987	0.3941	0.3751	0.4856	0.4713	0.3103	0.0978	-0.0315007
0.4698	0.4591	0.4972	0.3997	0.292	0.488	0.4792	0.3125	0.3021	-0.176243
0.4737	0.4594	0.4955	0.395	0.3109	0.4826	0.375	0.3409	0.3523	-0.0531263
0.4731	0.471	0.4935	0.3858	0.3589	0.4695	0.3488	0.3023	0.2791	0.175702
0.4472	0.4325	0.4482	0.3628	0.3089	0.338	0.7313	0.6866	0.5672	0.755813
0.4473	0.4457	0.4957	0.3573	0.3262	0.4638	0.6885	0.5574	0.141	0.876572
0.4336	0.488	0.4973	0.3278	0.4686	0.4731	0.7692	0.641	0.1122	1.57806
0.4539	0.4533	0.4921	0.3533	0.3327	0.4749	0.5422	0.4699	0.4699	0.975225
0.4494	0.4501	0.4871	0.3606	0.3099	0.4569	0.6667	0.4444	0.4444	0.808426
0.4751	0.4807	0.4772	0.4134	0.3984	0.3332	0.4432	0.2614	0.191	-0.538559
0.4669	0.464	0.4968	0.3741	0.3352	0.4532	0.4105	0.3368	0.0762	0.470201
0.4559	0.4522	0.4504	0.3749	0.335	0.3274	0.6267	0.4933	0.4933	0.458775
0.432	0.4402	0.4873	0.348	0.3589	0.4604	0.9661	0.8644	0.4918	1.11641
0.4596	0.4546	0.4801	0.3696	0.3303	0.4196	0.5185	0.4444	0.358	0.583771
0.4228	0.4134	0.4964	0.3127	0.278	0.4607	0.8793	0.8448	0.1053	1.88326
0.476	0.4751	0.4968	0.4251	0.3949	0.4533	0.5111	0.3474	0.0777	-0.868273
0.4648	0.4571	0.4861	0.3674	0.3334	0.4399	0.4198	0.4198	0.321	0.624464
0.4669	0.4674	0.4949	0.3978	0.325	0.4744	0.5342	0.28	0.2533	-0.124702
0.4391	0.4312	0.4643	0.3384	0.2375	0.3822	0.7294	0.4943	0.4943	1.34385
0.4775	0.4964	0.4985	0.4055	0.4736	0.4759	0.3455	0.1636	0.0672	-0.325855
0.4584	0.4556	0.4989	0.3593	0.3486	0.485	0.4928	0.4928	0.0789	0.81464
0.4436	0.4419	0.479	0.3662	0.3079	0.4358	0.8481	0.5443	0.519	0.68606
0.4643	0.4581	0.4953	0.3536	0.328	0.4821	0.3797	0.3924	0.3671	0.933232
0.4476	0.4481	0.4981	0.3726	0.3547	0.4856	0.806	0.6567	0.1528	0.519584
0.4356	0.4392	0.4824	0.3583	0.3418	0.4552	0.9821	0.75	0.6786	0.869106
0.4586	0.489	0.494	0.3925	0.469	0.4811	0.7037	0.5679	0.4691	0.0124832
0.4408	0.4488	0.4937	0.3409	0.3526	0.4834	0.7123	0.6301	0.6164	1.2732
0.4641	0.4775	0.4962	0.3691	0.3774	0.4815	0.4381	0.2571	0.2667	0.599607
0.4596	0.4623	0.4883	0.3791	0.3668	0.4579	0.5738	0.459	0.4032	0.345389
0.4818	0.4841	0.4983	0.4419	0.4357	0.4851	0.4833	0.35	0.129	-1.29618
0.4735	0.4716	0.492	0.4068	0.3348	0.4551	0.4405	0.25	0.2262	-0.361081
0.4557	0.4513	0.4878	0.3638	0.3171	0.4531	0.5618	0.4494	0.3708	0.732681
