ncvFD_AFR	ncvFD_EUR	ncvFD_ASN	ncv_AFR	ncv_EUR	ncv_ASN	hka_AFR	hka_EUR	hka_ASN
0.4449	0.4426	0.4971	0.263	0.2488	0.4894	0.4043	0.4043	0.383
0.4501	0.4505	0.4646	0.3349	0.2618	0.3739	0.525	0.35	0.45
0.433	0.4317	0.4508	0.2926	0.2728	0.3478	0.6136	0.5682	0.5682
0.4355	0.4331	0.4669	0.3076	0.213	0.3859	0.6341	0.439	0.4634
0.4438	0.443	0.4919	0.349	0.3238	0.4778	0.7059	0.5882	0.5882
0.4327	0.4254	0.4577	0.3144	0.2367	0.3519	0.7105	0.5526	0.4737
0.4026	0.3885	0.4174	0.2761	0.1108	0.2971	1.0238	0.7143	0.881
0.4445	0.4342	0.4403	0.3181	0.1712	0.2661	0.5439	0.386	0.4561
0.4534	0.4589	0.4842	0.3782	0.3513	0.4442	0.7097	0.4516	0.4194
0.464	0.4624	0.4826	0.3529	0.3167	0.4233	0.383	0.3191	0.3191
0.4381	0.4374	0.4729	0.3405	0.2209	0.4095	0.7647	0.4118	0.4706
0.4415	0.4376	0.4566	0.3255	0.2493	0.3415	0.619	0.4524	0.4524
0.4779	0.4799	0.4856	0.3395	0.2119	0.3906	0.1915	0.1064	0.1702
0.4268	0.4303	0.4318	0.3015	0.2983	0.2494	0.7442	0.6744	0.5116
0.4546	0.4515	0.4481	0.3545	0.2677	0.2227	0.5349	0.3488	0.3256
0.4103	0.3969	0.4013	0.2979	0.1547	0.2129	1.0256	0.6923	0.7692
0.4351	0.4161	0.4201	0.3443	0.1722	0.2186	0.8571	0.5357	0.5714
0.4647	0.4672	0.4718	0.3484	0.3234	0.3063	0.3607	0.2787	0.2131
0.3898	0.3808	0.3881	0.2955	0.1899	0.2411	1.5185	0.963	1.0741
0.459	0.4682	0.4887	0.3905	0.3771	0.464	0.675	0.4	0.475
0.4352	0.4345	0.4808	0.2901	0.2534	0.4342	0.5763	0.4915	0.4407
0.4346	0.4239	0.4395	0.3392	0.238	0.3061	0.8286	0.5714	0.5714
0.4144	0.4077	0.4673	0.296	0.2549	0.4224	0.931	0.8276	0.7931
0.4319	0.4248	0.4303	0.307	0.2281	0.2356	0.6875	0.5417	0.5
0.4332	0.4296	0.4775	0.3012	0.2876	0.4325	0.6429	0.6429	0.5357
0.4275	0.4271	0.4385	0.3071	0.3017	0.329	0.7609	0.7391	0.6875
0.4175	0.421	0.4252	0.2532	0.2382	0.2305	0.6875	0.6042	0.5417
0.4378	0.4264	0.4275	0.37	0.2928	0.2967	1.0645	0.7097	0.7097
0.4426	0.4423	0.4389	0.3057	0.2098	0.2334	0.5283	0.3585	0.4151
0.4451	0.4454	0.4747	0.3453	0.1779	0.4095	0.6585	0.3095	0.4286
0.4169	0.4095	0.4283	0.303	0.2407	0.2922	0.9286	0.75	0.6786
0.4613	0.4645	0.4651	0.3369	0.2804	0.3062	0.375	0.25	0.275
0.4496	0.4477	0.4918	0.3738	0.3072	0.4662	0.7667	0.4667	0.3333
0.4583	0.4585	0.4793	0.3527	0.3241	0.4056	0.4667	0.3778	0.3111
0.3851	0.3731	0.4067	0.2565	0.1788	0.2934	1.2333	1.0333	1.0667
0.3768	0.3769	0.361	0.3012	0.2992	0.1772	2.1053	2.0526	1.2105
0.4035	0.396	0.4768	0.2841	0.1938	0.4516	1.0625	0.7812	0.9688
0.4113	0.4051	0.4299	0.3148	0.2664	0.3421	1.1538	0.9231	0.9615
0.4219	0.4118	0.4112	0.311	0.1884	0.1661	0.8857	0.6	0.5714
0.42	0.4068	0.4756	0.3356	0.2357	0.4542	1.1538	0.7692	1.1923
0.4092	0.4073	0.4237	0.3109	0.2691	0.3266	1.1667	0.9	0.9667
0.4389	0.4373	0.4345	0.3182	0.2669	0.2703	0.6275	0.4902	0.5294
0.431	0.4255	0.4283	0.2991	0.1826	0.2691	0.6667	0.4667	0.6
0.3921	0.3805	0.4263	0.2797	0.1991	0.3293	1.2759	1	0.931
0.4451	0.4515	0.4904	0.322	0.303	0.4684	0.549	0.4118	0.451
0.4601	0.4524	0.4555	0.3762	0.299	0.301	0.5455	0.3939	0.3636
0.434	0.4269	0.4409	0.3293	0.2571	0.2322	0.7708	0.5833	0.3958
0.4544	0.4537	0.4481	0.3543	0.2711	0.1624	0.5385	0.3333	0.2821
0.418	0.4126	0.4159	0.2669	0.2363	0.2395	0.7273	0.697	0.6667
0.4734	0.4778	0.4872	0.3746	0.3782	0.4175	0.3091	0.2545	0.2
0.4485	0.4484	0.468	0.3319	0.2592	0.3584	0.5366	0.3659	0.3415
0.4026	0.4005	0.4811	0.2525	0.2157	0.4528	0.8936	0.7872	0.7021
0.4284	0.4287	0.438	0.3229	0.285	0.3316	0.8387	0.6452	0.7097
0.4324	0.4229	0.45	0.3384	0.2715	0.3639	0.871	0.6774	0.6774
0.4135	0.3997	0.408	0.3032	0.2185	0.2346	1	0.8056	0.75
0.4487	0.4525	0.4569	0.3601	0.338	0.3223	0.6786	0.5	0.3929
0.3815	0.3787	0.3711	0.2696	0.2281	0.216	1.4333	1.1667	1.2333
0.4286	0.4232	0.4591	0.3372	0.2834	0.3664	0.9474	0.7179	0.5128
0.4214	0.408	0.4347	0.3206	0.2345	0.3226	0.9688	0.75	0.7188
0.4183	0.4169	0.4361	0.2882	0.2779	0.3254	0.8158	0.7895	0.7105
0.4087	0.4129	0.4572	0.2859	0.2501	0.3672	0.9722	0.7368	0.5526
0.4128	0.4181	0.4054	0.2697	0.2874	0.1979	0.8158	0.8158	0.6842
0.4513	0.4469	0.4804	0.354	0.2209	0.4329	0.5909	0.3333	0.4444
0.4226	0.4016	0.4217	0.3274	0.2438	0.2838	1	0.871	0.7419
0.4181	0.4201	0.4539	0.2422	0.2605	0.3823	0.6471	0.6765	0.7353
0.4556	0.4481	0.4888	0.384	0.2685	0.4555	0.7059	0.3824	0.3529
0.4288	0.4319	0.4135	0.3497	0.293	0.136	1.0741	0.6296	0.5185
0.3875	0.3913	0.4141	0.2962	0.2862	0.3142	1.6	1.36	1.08
0.4144	0.4097	0.4293	0.2788	0.2325	0.3206	0.8333	0.7222	0.8056
0.4459	0.4451	0.4956	0.3168	0.2479	0.4807	0.52	0.38	0.3
0.4127	0.4166	0.4259	0.2977	0.2736	0.2822	0.975	0.775	0.675
0.3917	0.3928	0.4053	0.1917	0.208	0.214	0.8276	0.8621	0.7241
0.4262	0.4044	0.4244	0.3563	0.2059	0.2868	1.25	0.7143	0.7143
0.4637	0.4668	0.473	0.3707	0.3487	0.3667	0.451	0.3333	0.2941
0.4355	0.4385	0.4646	0.3127	0.3022	0.3758	0.6571	0.5714	0.4571
0.4096	0.3879	0.4033	0.3193	0.1869	0.2475	1.25	0.8611	0.8611
0.4088	0.4023	0.4272	0.2683	0.1856	0.2779	0.8718	0.6923	0.641
0.4133	0.4054	0.4283	0.3027	0.2146	0.321	1	0.7241	0.8276
0.4199	0.4148	0.4879	0.2955	0.2311	0.4689	0.8286	0.6571	0.6571
0.4395	0.4303	0.4744	0.3526	0.2776	0.4213	0.825	0.6	0.525
0.4524	0.4632	0.4636	0.3375	0.3648	0.3464	0.5	0.4348	0.3696
0.4347	0.4287	0.4696	0.312	0.2191	0.413	0.6667	0.4872	0.5897
0.4374	0.4355	0.4895	0.3233	0.2795	0.4627	0.6757	0.5405	0.4054
0.4377	0.441	0.4425	0.3556	0.2076	0.2457	0.8966	0.3667	0.4
0.4449	0.4383	0.4559	0.3616	0.2883	0.3339	0.7742	0.5312	0.4375
0.4323	0.4323	0.4794	0.2252	0.2252	0.434	0.4634	0.4634	0.4878
0.4019	0.3785	0.4621	0.2949	0.2069	0.4222	1.1875	1.0625	1.0312
0.444	0.4382	0.4629	0.3263	0.1931	0.3778	0.5833	0.375	0.5
0.4436	0.4381	0.4393	0.3287	0.2447	0.2069	0.6	0.44	0.38
0.4542	0.4637	0.4559	0.3491	0.3504	0.3254	0.5172	0.3793	0.4138
0.444	0.4458	0.4566	0.374	0.3316	0.3495	0.9231	0.5769	0.4815
0.4541	0.4536	0.4541	0.3444	0.2992	0.2544	0.5	0.381	0.3095
0.4142	0.4085	0.4067	0.3052	0.268	0.2568	1	0.875	0.85
0.4241	0.4285	0.4787	0.2866	0.3206	0.4484	0.7179	0.8205	0.7436
0.43	0.4195	0.4322	0.3397	0.2265	0.3081	0.9375	0.5938	0.6875
0.4069	0.4121	0.4661	0.2577	0.2995	0.4264	0.8519	1	0.9259
0.449	0.4482	0.4647	0.3304	0.2685	0.3629	0.5238	0.381	0.4048
0.4338	0.4363	0.4486	0.3017	0.2907	0.3248	0.6364	0.5636	0.5091
0.4144	0.3985	0.4885	0.3428	0.2275	0.4746	1.4444	0.8519	0.8519
0.4549	0.4451	0.4759	0.3262	0.2485	0.4142	0.4286	0.381	0.4286
0.4522	0.4447	0.49	0.3389	0.2741	0.4657	0.5082	0.4262	0.4262
0.4865	0.4811	0.4922	0.4552	0.3865	0.4607	0.4516	0.2258	0.2581
0.404	0.3991	0.4208	0.3016	0.2848	0.3309	1.2	1.16	1.08
0.4622	0.4613	0.4756	0.3817	0.3358	0.3912	0.5349	0.3721	0.3256
0.4605	0.4564	0.479	0.3436	0.3153	0.4062	0.4043	0.383	0.3191
0.4321	0.4085	0.4279	0.3476	0.1785	0.3099	0.9615	0.6154	0.7692
0.4262	0.4208	0.4674	0.2547	0.2172	0.4058	0.5854	0.561	0.5854
0.4158	0.3934	0.4752	0.3256	0.1761	0.4441	1.1538	0.7692	0.8462
0.4569	0.4554	0.4606	0.3451	0.3088	0.3428	0.46	0.38	0.4
0.4165	0.4036	0.4919	0.3252	0.2507	0.4809	1.129	0.871	0.7419
0.4568	0.4486	0.4597	0.3308	0.2124	0.3292	0.4167	0.3125	0.375
0.4214	0.4095	0.4138	0.3181	0.1782	0.2456	0.9474	0.6053	0.7105
0.3981	0.4073	0.398	0.2588	0.2628	0.2035	1	0.8696	0.7826
0.4476	0.4364	0.4428	0.3464	0.225	0.2351	0.617	0.4255	0.383
0.4195	0.4113	0.4083	0.3039	0.2536	0.2125	0.8857	0.7714	0.6857
0.4056	0.3945	0.4238	0.2812	0.2335	0.3184	1	0.9333	0.9
0.4425	0.4362	0.4648	0.3184	0.2087	0.3587	0.5741	0.4074	0.3889
0.434	0.4292	0.4932	0.2994	0.2141	0.4817	0.625	0.475	0.6
0.4257	0.4375	0.478	0.296	0.2943	0.4306	0.7353	0.5588	0.5
0.4199	0.402	0.4022	0.3107	0.184	0.1556	0.9231	0.6923	0.641
0.4273	0.4305	0.423	0.2933	0.287	0.2272	0.6977	0.6279	0.5581
0.4146	0.3968	0.4794	0.3218	0.1672	0.4542	1.1429	0.7143	0.8571
0.4251	0.4205	0.4271	0.3339	0.2252	0.2567	1	0.5806	0.5806
0.4348	0.4332	0.4895	0.3141	0.2451	0.4634	0.6744	0.4884	0.4186
0.4545	0.4522	0.4629	0.3339	0.301	0.3319	0.4571	0.4	0.3429
0.4352	0.4309	0.4413	0.2888	0.2329	0.2773	0.5714	0.4898	0.4694
0.4078	0.3898	0.3704	0.3402	0.2925	0.2184	1.6522	1.4783	1.2609
0.4445	0.4413	0.457	0.3683	0.3036	0.3458	0.8462	0.5385	0.4615
0.4137	0.4078	0.4021	0.2707	0.2188	0.1297	0.8049	0.7073	0.6098
0.4476	0.442	0.4589	0.3534	0.2148	0.3311	0.6585	0.3659	0.3902
0.4414	0.4386	0.4348	0.3331	0.3046	0.2704	0.6579	0.5789	0.5263
0.4288	0.4289	0.4197	0.3395	0.3001	0.2557	0.963	0.7037	0.6667
0.4392	0.4434	0.485	0.3128	0.335	0.4511	0.6	0.6333	0.4667
0.4449	0.4528	0.4567	0.3018	0.3109	0.3202	0.4878	0.4146	0.3902
0.4319	0.4276	0.4326	0.3024	0.2387	0.2995	0.6667	0.5333	0.6444
0.4192	0.4132	0.4238	0.301	0.1905	0.2553	0.8718	0.5897	0.6154
0.413	0.4069	0.4061	0.2784	0.215	0.2206	0.8537	0.7073	0.7317
0.4333	0.4331	0.4206	0.3508	0.3229	0.08	0.963	0.75	0.4286
0.4415	0.4353	0.4422	0.3267	0.2259	0.2941	0.625	0.4375	0.5
0.4608	0.4573	0.461	0.3626	0.3152	0.2263	0.4651	0.3721	0.2326
0.4114	0.4063	0.4092	0.2933	0.2199	0.2579	0.9697	0.7273	0.8182
0.4123	0.4096	0.4941	0.2896	0.2925	0.4867	0.9286	1	0.8214
0.4502	0.4486	0.448	0.3358	0.2656	0.2723	0.5254	0.3729	0.3898
0.4142	0.4096	0.4921	0.2797	0.2549	0.484	0.84	0.8	1
0.4459	0.4467	0.4493	0.2754	0.2686	0.2186	0.4167	0.3958	0.3125
0.3976	0.3918	0.4272	0.2471	0.1877	0.3068	0.9474	0.8158	0.7632
0.4335	0.4266	0.4264	0.3477	0.3076	0.2819	0.9259	0.7778	0.6667
0.4697	0.4645	0.4858	0.3947	0.3467	0.4388	0.4528	0.3585	0.3208
0.4607	0.446	0.4923	0.4018	0.2952	0.4693	0.7429	0.4571	0.3429
0.4449	0.4275	0.4454	0.3708	0.2589	0.2606	0.8605	0.5814	0.3953
0.4239	0.4234	0.4732	0.2569	0.2633	0.4145	0.619	0.6429	0.5
0.4417	0.4348	0.4979	0.3308	0.1753	0.4818	0.641	0.3846	0.1304
0.4273	0.4207	0.4199	0.3143	0.2883	0.1913	0.8056	0.7778	0.5278
0.4257	0.4199	0.4964	0.2992	0.2531	0.49	0.75	0.6562	0.5625
0.4297	0.4325	0.4721	0.2943	0.3097	0.4107	0.6667	0.6905	0.5
0.4388	0.4346	0.4771	0.3333	0.2431	0.4243	0.7059	0.4706	0.4706
0.3918	0.3878	0.3992	0.2608	0.2359	0.2473	1.1282	1.0513	0.9231
0.4345	0.4287	0.4304	0.3298	0.2077	0.1671	0.7647	0.4706	0.4118
0.4233	0.4059	0.4325	0.339	0.1659	0.3094	1.1034	0.6207	0.6897
0.4207	0.4297	0.471	0.2804	0.3251	0.4251	0.7429	0.8286	0.6857
0.4681	0.4635	0.4843	0.3925	0.3548	0.4308	0.4737	0.3947	0.3158
0.4241	0.4029	0.4002	0.3632	0.12	0.0922	1.4615	0.5926	0.5926
0.4591	0.4642	0.4594	0.3765	0.3155	0.283	0.5676	0.2973	0.2973
0.4342	0.4289	0.4505	0.2936	0.1375	0.2922	0.6	0.4	0.4
0.4314	0.4212	0.4975	0.3619	0.1942	0.4739	1.16	0.52	0.1071
0.4107	0.4028	0.4064	0.3401	0.2128	0.2487	1.5357	0.75	0.8214
0.4392	0.4346	0.4273	0.2854	0.252	0.17	0.5122	0.4878	0.439
0.4561	0.4545	0.4637	0.3594	0.3373	0.3644	0.5319	0.4681	0.4255
0.4335	0.4325	0.4427	0.3254	0.3175	0.2742	0.7568	0.7297	0.4474
0.4245	0.4234	0.4581	0.2969	0.2703	0.3692	0.7576	0.6667	0.5455
0.4244	0.4101	0.4267	0.3495	0.2473	0.2931	1.2059	0.7647	0.7059
0.4098	0.3979	0.4854	0.3013	0.2383	0.4659	1.0645	0.9032	0.7742
0.4225	0.4147	0.4632	0.314	0.2311	0.4035	0.8947	0.6579	0.6842
0.4605	0.4496	0.4697	0.375	0.2913	0.3857	0.5306	0.4082	0.4082
0.4252	0.4171	0.4577	0.284	0.2335	0.3644	0.6909	0.6364	0.5273
0.4339	0.4323	0.4404	0.3154	0.2966	0.2863	0.6944	0.6389	0.5
0.4684	0.4581	0.4663	0.4126	0.322	0.3113	0.6216	0.3784	0.2703
0.463	0.4676	0.4704	0.4057	0.3875	0.3475	0.7143	0.4571	0.2857
0.4427	0.4362	0.453	0.3471	0.2415	0.3332	0.7143	0.4524	0.4762
0.4095	0.3962	0.4921	0.2883	0.1386	0.4814	0.973	0.6757	0.7568
0.4305	0.4213	0.456	0.3078	0.1676	0.3551	0.7143	0.4857	0.5143
0.4622	0.4605	0.4539	0.3892	0.3042	0.2597	0.5854	0.3171	0.3171
0.4299	0.4362	0.4925	0.2685	0.2797	0.4751	0.5778	0.5333	0.4444
0.4671	0.4657	0.4718	0.381	0.3263	0.3721	0.4359	0.3	0.325
0.4248	0.4247	0.421	0.3059	0.2959	0.2708	0.8	0.75	0.7
0.4059	0.3953	0.3958	0.3082	0.2345	0.2273	1.2222	0.9259	0.8889
0.4671	0.4675	0.4691	0.3957	0.3478	0.3567	0.5161	0.3226	0.3226
0.4504	0.4491	0.4726	0.3497	0.2794	0.3731	0.5854	0.3902	0.3171
0.4256	0.401	0.48	0.3314	0.1099	0.45	0.9667	0.6	0.7
0.3982	0.4127	0.4789	0.2699	0.3053	0.4553	1.0667	1.0333	0.9333
0.4427	0.4425	0.4969	0.3316	0.2915	0.4894	0.6279	0.4884	0.4186
0.4575	0.4637	0.4918	0.3032	0.3463	0.4537	0.3469	0.3673	0.2245
0.441	0.4396	0.4455	0.315	0.2926	0.2734	0.5833	0.5278	0.4167
0.4	0.3977	0.4251	0.2279	0.1761	0.2846	0.8333	0.7222	0.6944
0.4232	0.4047	0.4846	0.3288	0.1854	0.4635	1	0.6667	0.7576
0.4474	0.4407	0.4511	0.3297	0.202	0.2239	0.5455	0.3636	0.303
0.4249	0.4212	0.4243	0.2956	0.2152	0.2414	0.7447	0.5532	0.5745
0.4103	0.411	0.4936	0.2661	0.2313	0.4837	0.8378	0.7027	0.6486
0.4493	0.4495	0.4492	0.3003	0.2709	0.2908	0.4314	0.3725	0.4118
0.4047	0.402	0.4101	0.3086	0.2371	0.2842	1.2581	0.8387	0.9355
0.4345	0.4376	0.4323	0.2741	0.3039	0.1817	0.5385	0.5897	0.4103
0.4288	0.4224	0.4299	0.327	0.2432	0.307	0.86	0.6	0.72
0.4204	0.4302	0.4296	0.3183	0.3225	0.3105	0.9714	0.8	0.7429
0.4187	0.4186	0.4172	0.2706	0.2396	0.1608	0.7317	0.6341	0.5122
0.4275	0.4234	0.4141	0.305	0.2729	0.2016	0.75	0.675	0.6
0.4469	0.4447	0.4385	0.3326	0.2027	0.2272	0.5641	0.3333	0.4103
0.4542	0.4594	0.4574	0.3618	0.3794	0.3344	0.5806	0.5806	0.4194
0.408	0.4011	0.4001	0.279	0.2456	0.2085	0.9429	0.8857	0.7714
0.4491	0.4533	0.4924	0.3452	0.3189	0.4731	0.5854	0.4286	0.4048
0.4435	0.4496	0.4802	0.3216	0.319	0.4035	0.5714	0.4762	0.2857
0.4225	0.4219	0.428	0.2883	0.2671	0.2763	0.75	0.675	0.625
0.4468	0.4336	0.4939	0.3512	0.2307	0.4792	0.66	0.46	0.42
0.4407	0.4386	0.4709	0.3768	0.2625	0.4107	1.0667	0.4667	0.5333
0.4309	0.4332	0.4402	0.3543	0.312	0.3127	1.069	0.6897	0.5862
0.4378	0.4233	0.4423	0.3738	0.3191	0.3564	1.125	0.9167	0.7917
0.3807	0.3762	0.4502	0.2497	0.1819	0.4069	1.2727	1	1.2727
0.4465	0.4336	0.4405	0.3835	0.2151	0.2866	0.9688	0.4375	0.5
0.4193	0.4143	0.4577	0.3147	0.2785	0.3958	0.9667	0.8333	0.7667
0.4395	0.4305	0.4868	0.3662	0.3001	0.4641	0.9643	0.6786	0.6071
0.4628	0.4636	0.4402	0.3985	0.3401	0.2163	0.6471	0.3529	0.3824
0.4291	0.4231	0.4938	0.3067	0.2403	0.4814	0.7317	0.5854	0.5122
0.4179	0.409	0.4144	0.2957	0.1848	0.268	0.8649	0.6216	0.7838
0.399	0.3957	0.4571	0.266	0.2343	0.4053	1.027	0.9189	0.9189
0.3901	0.375	0.3831	0.2597	0.1068	0.1947	1.1538	0.8462	0.9487
0.421	0.4261	0.4266	0.2732	0.2864	0.2374	0.7083	0.6875	0.5417
0.4206	0.4084	0.4135	0.3289	0.2455	0.225	1.0625	0.7812	0.6562
0.4045	0.4002	0.4875	0.2724	0.2528	0.4728	0.9667	0.9333	0.8667
0.4451	0.4384	0.4449	0.3597	0.2718	0.2939	0.7556	0.4889	0.4667
0.4342	0.4259	0.4384	0.2844	0.1721	0.266	0.5714	0.4524	0.4762
0.4176	0.415	0.4787	0.3066	0.2492	0.438	0.9412	0.7059	0.5588
0.4248	0.4282	0.4143	0.3146	0.2398	0.2116	0.8529	0.5294	0.6176
0.449	0.4487	0.4443	0.3693	0.3079	0.2364	0.7429	0.4571	0.3714
0.439	0.4361	0.4968	0.3375	0.2836	0.4889	0.7273	0.5455	0.4091
0.4059	0.3914	0.3985	0.2999	0.2302	0.2467	1.1379	0.9655	0.931
0.4299	0.4244	0.4293	0.3094	0.1918	0.2766	0.7317	0.4878	0.6098
0.4631	0.4645	0.4981	0.3354	0.3396	0.4834	0.3488	0.3409	0.1277
0.4745	0.4773	0.4876	0.3981	0.3755	0.4187	0.3725	0.2549	0.1961
0.4531	0.4533	0.4642	0.3347	0.2945	0.364	0.4792	0.375	0.4167
0.4181	0.4199	0.4185	0.3123	0.2592	0.2809	0.9722	0.6757	0.7778
0.4347	0.4332	0.4295	0.2712	0.2461	0.1631	0.5283	0.4906	0.4151
0.4539	0.4545	0.4527	0.3438	0.3578	0.2707	0.5	0.5526	0.3421
0.4274	0.4218	0.4303	0.2879	0.2589	0.2592	0.675	0.65	0.55
0.4316	0.4348	0.4589	0.2746	0.2317	0.3348	0.575	0.45	0.4
0.4393	0.4353	0.4629	0.3313	0.2681	0.3935	0.6857	0.5143	0.6
0.4626	0.4715	0.4983	0.3746	0.4003	0.49	0.4894	0.4468	0.2083
0.4716	0.4723	0.4732	0.4002	0.3694	0.3816	0.4444	0.3111	0.3333
0.4448	0.4443	0.487	0.3343	0.294	0.46	0.6053	0.4737	0.5
0.4144	0.4106	0.4601	0.2581	0.2358	0.3909	0.7442	0.7209	0.6512
0.4022	0.4009	0.431	0.217	0.2279	0.3152	0.7692	0.8205	0.7436
0.4505	0.4464	0.4618	0.3269	0.2303	0.3279	0.4898	0.3469	0.3469
0.4475	0.4378	0.472	0.3434	0.2442	0.3971	0.6047	0.4419	0.4186
0.4287	0.4247	0.4243	0.3003	0.2247	0.2083	0.7073	0.5366	0.5122
0.4074	0.4003	0.4121	0.2768	0.2069	0.2623	0.9412	0.7647	0.7941
0.4025	0.3889	0.4226	0.2535	0.1286	0.2672	0.9	0.7333	0.6667
0.4418	0.4429	0.4866	0.3403	0.2974	0.447	0.6905	0.5	0.3571
0.4135	0.4111	0.4958	0.3161	0.2637	0.4874	1.1111	0.8148	0.5172
0.4594	0.4621	0.4614	0.3113	0.2305	0.2953	0.3409	0.2273	0.2955
0.4068	0.4112	0.4057	0.2607	0.2422	0.1722	0.8667	0.7333	0.6333
0.4579	0.457	0.4691	0.3379	0.292	0.3415	0.4222	0.3333	0.2889
0.4251	0.4181	0.4864	0.3338	0.2053	0.464	1	0.5667	0.6333
0.441	0.4373	0.4448	0.3286	0.2525	0.3014	0.641	0.4615	0.4872
0.4317	0.4275	0.4397	0.2963	0.274	0.3291	0.6458	0.625	0.6667
0.3885	0.3638	0.3805	0.3118	0.199	0.2377	1.8462	1.2692	1.1923
0.4277	0.4219	0.4414	0.3292	0.1842	0.3121	0.9	0.5	0.5667
0.4209	0.4193	0.4828	0.2577	0.2038	0.4576	0.6579	0.5526	0.7105
0.4404	0.4508	0.4554	0.3013	0.3176	0.3174	0.5429	0.4571	0.4
0.435	0.4222	0.4162	0.3585	0.3107	0.2602	1	0.8788	0.7273
0.4412	0.4383	0.4418	0.3376	0.2556	0.2743	0.6857	0.4571	0.4571
0.4217	0.4135	0.4282	0.3035	0.1856	0.2789	0.8421	0.5789	0.6316
0.4295	0.4325	0.4397	0.3211	0.341	0.3236	0.8056	0.8889	0.6389
0.4296	0.4266	0.4529	0.3273	0.2224	0.3593	0.8462	0.5128	0.5897
0.3998	0.3955	0.4107	0.284	0.2506	0.2478	1.1379	1	0.7586
0.4441	0.4445	0.4432	0.3227	0.3011	0.2793	0.566	0.4906	0.4528
0.3883	0.3869	0.4236	0.2341	0.2055	0.3264	1.0333	0.9333	0.9667
0.4292	0.4312	0.4291	0.3143	0.2889	0.2401	0.7708	0.625	0.5208
0.4493	0.4484	0.4437	0.325	0.3088	0.2141	0.5	0.463	0.3519
0.3886	0.3932	0.3983	0.2219	0.2174	0.2595	0.9722	0.8889	1
0.4025	0.3887	0.4267	0.3077	0.2195	0.3245	1.3077	0.9615	0.8846
0.4355	0.4281	0.4641	0.3266	0.273	0.3898	0.7273	0.6136	0.5455
0.4323	0.422	0.4853	0.299	0.2055	0.4551	0.6471	0.5294	0.5098
0.4405	0.4404	0.4364	0.3228	0.3171	0.2036	0.6222	0.6	0.4
0.4006	0.3874	0.4206	0.2711	0.2096	0.3151	1.0294	0.9412	0.9412
0.4316	0.4431	0.4738	0.3569	0.3632	0.4287	1.0833	0.8333	0.625
0.4426	0.4436	0.4932	0.3559	0.3343	0.4801	0.7812	0.625	0.5312
0.4428	0.4364	0.4831	0.2927	0.174	0.4444	0.4884	0.3721	0.4651
0.4298	0.4291	0.4745	0.2716	0.2104	0.4153	0.5882	0.4706	0.4706
0.4379	0.4279	0.4787	0.3182	0.2747	0.4341	0.6444	0.6222	0.5111
0.4436	0.4399	0.4796	0.3462	0.2887	0.432	0.6923	0.5128	0.4615
0.4387	0.4421	0.4723	0.3423	0.3245	0.4147	0.7632	0.6053	0.5263
0.4314	0.4338	0.4584	0.308	0.2842	0.3752	0.7	0.575	0.575
0.4511	0.4413	0.4623	0.3719	0.2692	0.3594	0.7143	0.4524	0.4286
0.417	0.4191	0.4624	0.2751	0.2559	0.3763	0.775	0.675	0.5
0.4241	0.4153	0.4317	0.2999	0.1671	0.249	0.7805	0.5366	0.5122
0.4211	0.4157	0.4399	0.2864	0.162	0.3225	0.7632	0.5263	0.6316
0.4751	0.467	0.4742	0.3911	0.4019	0.3559	0.3333	0.5641	0.2564
0.4357	0.4298	0.435	0.2866	0.1917	0.2037	0.5588	0.4412	0.4118
0.3784	0.3706	0.3986	0.2715	0.1994	0.302	1.5385	1.1538	1.3462
0.4129	0.4082	0.4104	0.2814	0.2885	0.2592	0.871	1	0.8065
0.4491	0.447	0.4512	0.3729	0.3409	0.3034	0.7714	0.6	0.4167
0.3988	0.4105	0.4571	0.2551	0.2691	0.3906	0.9688	0.8485	0.7273
0.4495	0.4449	0.4452	0.3304	0.2873	0.1944	0.5161	0.4516	0.3226
0.4627	0.461	0.492	0.3442	0.25	0.4653	0.375	0.25	0.3125
0.3994	0.3862	0.43	0.3026	0.1889	0.3341	1.3333	0.8889	0.8889
0.433	0.4092	0.4027	0.3536	0.176	0.184	1	0.6053	0.6842
0.4138	0.4154	0.4229	0.2572	0.2632	0.3123	0.75	0.75	0.875
0.4261	0.4283	0.4269	0.2946	0.3076	0.2163	0.7222	0.75	0.5
0.4357	0.4325	0.4311	0.3224	0.2689	0.2307	0.7	0.5484	0.4839
0.4343	0.4323	0.4443	0.3395	0.265	0.2751	0.8378	0.5405	0.4324
0.4192	0.4142	0.4222	0.309	0.2744	0.2217	0.9259	0.8148	0.5556
0.4393	0.4152	0.4732	0.3766	0.233	0.4328	1.1143	0.6571	0.7143
0.4506	0.4558	0.4817	0.3463	0.3003	0.38	0.5641	0.359	0.2051
0.4134	0.407	0.4633	0.2991	0.2456	0.4108	0.9714	0.8	0.7714
0.4197	0.4147	0.4255	0.3156	0.2536	0.2519	0.9655	0.7241	0.5862
0.4195	0.4152	0.4392	0.2549	0.1984	0.3216	0.6667	0.5833	0.6389
0.4374	0.4172	0.4409	0.3394	0.133	0.3033	0.7714	0.4857	0.5429
0.3992	0.404	0.3936	0.2896	0.2541	0.2447	1.2	0.88	1
0.3982	0.4049	0.456	0.2693	0.279	0.4039	1.0625	1	0.9375
0.4617	0.4667	0.4829	0.3494	0.377	0.4351	0.4043	0.4255	0.383
0.4249	0.4159	0.4195	0.3008	0.211	0.2516	0.7714	0.6	0.6571
0.43	0.4307	0.4399	0.3316	0.2511	0.3225	0.8684	0.5263	0.6316
0.4129	0.4116	0.4132	0.3015	0.2686	0.2114	1	0.8286	0.6286
0.4435	0.437	0.4551	0.3352	0.2553	0.2754	0.6327	0.4694	0.3265
0.4211	0.4116	0.4174	0.3157	0.2467	0.2384	0.9355	0.7419	0.6452
0.4163	0.4148	0.4355	0.2704	0.1906	0.3295	0.766	0.5745	0.7447
0.4499	0.4553	0.4916	0.3068	0.3384	0.4662	0.44	0.46	0.34
0.4297	0.4202	0.4235	0.3353	0.2192	0.1953	0.9048	0.5714	0.5
0.4379	0.4376	0.4669	0.3597	0.2912	0.3764	0.9355	0.5484	0.4194
0.4273	0.4226	0.4316	0.3394	0.3177	0.2828	1	0.92	0.6
0.4223	0.4213	0.4156	0.3293	0.2673	0.2121	1.0263	0.6842	0.6053
0.4676	0.462	0.4733	0.4016	0.358	0.3824	0.5476	0.4286	0.3333
0.4077	0.4015	0.402	0.2824	0.2068	0.2384	0.9688	0.75	0.8438
0.4576	0.462	0.4834	0.2961	0.3315	0.433	0.3333	0.3529	0.3529
0.4456	0.4408	0.4816	0.3337	0.2714	0.426	0.5897	0.4615	0.359
0.4421	0.4414	0.4384	0.312	0.2862	0.2615	0.5556	0.4889	0.4667
0.4387	0.44	0.4372	0.3257	0.2982	0.2366	0.6667	0.5385	0.4359
0.4267	0.4205	0.4439	0.2784	0.2093	0.3298	0.65	0.55	0.6
0.417	0.416	0.479	0.2475	0.1936	0.4395	0.6757	0.5676	0.5676
0.4334	0.4227	0.4948	0.358	0.254	0.4535	1.0417	0.625	0.1333
0.4407	0.43	0.4243	0.38	0.3075	0.2348	1.12	0.72	0.56
0.4146	0.4133	0.4178	0.2622	0.2209	0.2736	0.7568	0.6486	0.7568
0.3959	0.4078	0.4338	0.252	0.2693	0.3383	1	0.8919	0.8378
0.4361	0.4251	0.4388	0.3471	0.2439	0.3111	0.8571	0.5714	0.6
0.4353	0.429	0.4295	0.3383	0.2917	0.231	0.8056	0.6667	0.5
0.4126	0.4047	0.4466	0.3209	0.2583	0.3882	1.1852	0.8889	1.037
0.435	0.4336	0.4621	0.2603	0.2689	0.3784	0.5	0.5357	0.5179
0.4218	0.4165	0.4844	0.2801	0.2312	0.4549	0.7241	0.6379	0.5517
0.423	0.4189	0.4267	0.2294	0.2071	0.2379	0.5625	0.5625	0.5417
0.4304	0.4266	0.4753	0.2752	0.1797	0.4159	0.5909	0.4545	0.4545
0.4173	0.4164	0.4606	0.3222	0.3002	0.4059	1.08	0.92	0.8
0.4029	0.403	0.4028	0.1973	0.2183	0.2079	0.7105	0.7632	0.7368
0.4196	0.4029	0.4286	0.2904	0.0506	0.3003	0.8065	0.5484	0.7097
0.3964	0.389	0.4087	0.264	0.2145	0.2622	1.0625	0.9375	0.8438
0.4467	0.4369	0.4771	0.375	0.2693	0.4391	0.8571	0.5	0.6429
0.4315	0.4116	0.4244	0.3557	0.1992	0.2965	1.069	0.6207	0.7586
0.4444	0.4337	0.4969	0.3271	0.2008	0.49	0.5806	0.4194	0.4516
0.4054	0.392	0.4032	0.3287	0.2309	0.2995	1.52	0.96	1.2
0.4406	0.4316	0.4413	0.2718	0.1231	0.2347	0.4651	0.3721	0.3953
0.4612	0.4574	0.47	0.3483	0.3376	0.302	0.4082	0.4286	0.2245
0.4354	0.4303	0.4318	0.3416	0.2679	0.2743	0.8286	0.5714	0.5714
0.452	0.4536	0.4555	0.3553	0.2781	0.2655	0.5862	0.3448	0.3103
0.3866	0.3756	0.3834	0.2647	0.205	0.201	1.2667	1.1	0.9667
0.4171	0.4041	0.4232	0.2735	0.1367	0.287	0.7667	0.6	0.7333
0.4456	0.4376	0.4521	0.3654	0.2863	0.3089	0.7907	0.5349	0.4186
0.4488	0.4444	0.4586	0.3519	0.2398	0.367	0.625	0.375	0.525
0.4057	0.3962	0.498	0.2815	0.1909	0.4784	1	0.7714	0.1064
0.4053	0.4094	0.4845	0.3017	0.2715	0.4651	1.1707	0.878	0.8293
0.4433	0.4521	0.4486	0.3465	0.3585	0.3109	0.7	0.6	0.4667
0.4497	0.4566	0.4666	0.3659	0.3482	0.3701	0.7	0.475	0.4
0.4552	0.4533	0.4518	0.3423	0.2134	0.2383	0.4754	0.2787	0.3115
0.4162	0.4109	0.4081	0.2508	0.2106	0.0806	0.6957	0.6522	0.5217
0.4286	0.4292	0.4363	0.2996	0.2786	0.2982	0.7059	0.6176	0.5882
0.4354	0.4319	0.4429	0.2712	0.2324	0.317	0.5208	0.4792	0.5625
0.4361	0.4387	0.4867	0.2979	0.2605	0.4528	0.5897	0.4615	0.4103
0.4513	0.4536	0.4934	0.3395	0.3202	0.4766	0.5238	0.4286	0.4048
0.4374	0.4301	0.4931	0.3285	0.2344	0.4784	0.7045	0.5	0.4773
0.4391	0.4391	0.431	0.3337	0.3108	0.2318	0.7027	0.5946	0.4865
0.468	0.4721	0.4929	0.3579	0.2452	0.4575	0.3404	0.1667	0.2083
0.4182	0.4176	0.42	0.2713	0.226	0.2373	0.7419	0.6129	0.6129
0.4282	0.4214	0.434	0.3316	0.2714	0.305	0.9091	0.697	0.6471
0.4	0.3788	0.4495	0.3001	0.2242	0.3965	1.2857	1.1429	1.0714
0.4103	0.41	0.4713	0.262	0.2676	0.4321	0.8182	0.8485	0.7879
0.4155	0.3961	0.4091	0.3189	0.2257	0.2499	1.0909	0.8788	0.7879
0.4574	0.455	0.4587	0.3495	0.2508	0.2593	0.4681	0.2979	0.2766
0.4326	0.4313	0.429	0.2966	0.2005	0.2044	0.6341	0.439	0.4634
0.441	0.4347	0.4418	0.3299	0.2759	0.2617	0.6486	0.5405	0.4324
0.4302	0.4283	0.4521	0.2962	0.2658	0.3689	0.6667	0.5897	0.6667
0.4061	0.399	0.404	0.2869	0.2197	0.2305	1.0303	0.8182	0.7879
0.4572	0.4553	0.4737	0.3203	0.2614	0.3554	0.3846	0.3077	0.2615
0.4521	0.4496	0.4583	0.3364	0.27	0.2744	0.5	0.3704	0.2963
0.4547	0.4556	0.4854	0.3793	0.3325	0.4442	0.6875	0.4375	0.375
0.4261	0.4126	0.4331	0.3006	0.1932	0.2961	0.75	0.6	0.625
0.4508	0.4276	0.4371	0.3482	0.211	0.2872	0.5714	0.4857	0.5429
0.425	0.4115	0.4199	0.3172	0.2197	0.2902	0.8667	0.6667	0.8
0.4442	0.4399	0.4902	0.337	0.3154	0.4725	0.6286	0.6	0.5714
0.4206	0.4173	0.4188	0.2628	0.2085	0.2165	0.6774	0.5806	0.5806
0.4268	0.4239	0.426	0.3504	0.2977	0.3096	1.1429	0.7714	0.8
0.4253	0.4277	0.4288	0.3046	0.2891	0.2864	0.7838	0.6757	0.6486
0.4368	0.4333	0.4859	0.3123	0.2572	0.4571	0.6341	0.5122	0.5122
0.3825	0.3921	0.449	0.2141	0.2459	0.3871	1.0323	1.0323	0.9355
0.4126	0.4009	0.4283	0.3008	0.17	0.2833	1	0.6774	0.6452
0.4199	0.413	0.4728	0.2963	0.1855	0.4287	0.8333	0.5833	0.6667
0.4243	0.417	0.424	0.3446	0.2594	0.2248	1.1429	0.7143	0.5429
0.4291	0.4324	0.4218	0.3353	0.2926	0	0.9189	0.6216	0.4054
0.4326	0.431	0.421	0.3021	0.2208	0.2577	0.6562	0.4688	0.6562
0.4574	0.4513	0.4509	0.3919	0.3113	0.2756	0.7333	0.4333	0.3667
0.4457	0.4437	0.4749	0.2901	0.2445	0.3938	0.449	0.3878	0.3469
0.4184	0.4074	0.4362	0.2826	0.2517	0.3104	0.7879	0.8182	0.6364
0.4183	0.4184	0.4929	0.2604	0.2033	0.48	0.7	0.56	0.56
0.4504	0.4501	0.4856	0.3542	0.2019	0.4438	0.6098	0.2927	0.3659
0.4427	0.4301	0.4606	0.3718	0.2809	0.3725	0.9355	0.6129	0.5161
0.4274	0.4315	0.4256	0.3522	0.3426	0.3108	1.1481	0.9259	0.8148
0.4592	0.4603	0.48	0.3774	0.2976	0.402	0.5714	0.3095	0.2857
0.45	0.4471	0.4454	0.3595	0.3276	0.2663	0.6486	0.5405	0.4054
0.4335	0.4307	0.4593	0.3121	0.2059	0.3623	0.6863	0.451	0.4902
0.4348	0.4358	0.4649	0.3259	0.3044	0.4048	0.7353	0.6176	0.6471
0.4281	0.4281	0.4483	0.3383	0.3127	0.3751	0.9688	0.7812	0.8125
0.4083	0.3952	0.4498	0.2736	0.1604	0.3759	0.9062	0.7188	0.7812
0.4278	0.4275	0.4494	0.2347	0.2196	0.3433	0.5238	0.5	0.5714
0.4788	0.4795	0.4829	0.4281	0.4038	0.37	0.45	0.3	0.175
0.4476	0.4426	0.4801	0.3047	0.2128	0.4198	0.4615	0.359	0.359
0.4739	0.4696	0.4714	0.3852	0.3017	0.3412	0.3333	0.2281	0.2632
0.4648	0.4594	0.4717	0.3579	0.2689	0.3295	0.386	0.2807	0.2414
0.4395	0.4331	0.4648	0.282	0.2352	0.3935	0.5	0.4722	0.5556
0.4241	0.415	0.4203	0.2869	0.2317	0.2878	0.7188	0.6562	0.7812
0.4281	0.4222	0.4958	0.2522	0.2529	0.4874	0.5581	0.6279	0.5116
0.4286	0.4246	0.4244	0.3255	0.1791	0.2589	0.8529	0.4706	0.6176
0.4308	0.4205	0.4175	0.3048	0.2125	0.1953	0.6944	0.5556	0.5556
0.4533	0.4459	0.4482	0.3694	0.2516	0.2506	0.6444	0.3778	0.3556
0.4312	0.4232	0.4845	0.3411	0.2672	0.461	0.9211	0.6579	0.6842
0.4348	0.433	0.4646	0.3342	0.2501	0.3786	0.7879	0.5	0.4706
0.424	0.4138	0.4123	0.3309	0.195	0.2451	1	0.5909	0.7273
0.4061	0.3986	0.4228	0.2827	0.1855	0.3004	1	0.7317	0.8049
0.4205	0.4157	0.4301	0.2882	0.2913	0.2873	0.7805	0.878	0.6341
0.4206	0.4111	0.4287	0.2732	0.1842	0.3019	0.7143	0.6	0.7143
0.4041	0.3899	0.3937	0.3013	0.1842	0.2091	1.1951	0.8293	0.8537
0.4541	0.4491	0.4907	0.3397	0.2061	0.4564	0.4821	0.3036	0.2857
0.4539	0.4473	0.4769	0.4009	0.3061	0.2719	0.9688	0.4688	0.1471
0.4284	0.4276	0.4201	0.3192	0.2865	0.1861	0.8148	0.6667	0.5185
0.4223	0.4043	0.4892	0.3004	0.1776	0.4715	0.8125	0.6562	0.625
0.4343	0.4488	0.4418	0.286	0.2827	0.2711	0.575	0.4	0.45
0.4137	0.4071	0.4334	0.273	0.2169	0.3169	0.8158	0.7105	0.7105
0.4589	0.459	0.4669	0.3528	0.1793	0.2695	0.4576	0.2203	0.2203
0.4192	0.4033	0.447	0.3289	0.1946	0.3701	1.1	0.7	0.8
0.4163	0.4019	0.3992	0.315	0.2336	0.2122	1.0345	0.8276	0.7931
0.4494	0.4378	0.4581	0.3638	0.1683	0.3325	0.6905	0.3571	0.4048
0.4269	0.4245	0.4592	0.3352	0.2719	0.3849	0.9688	0.6562	0.625
0.4338	0.4341	0.4696	0.3011	0.2361	0.4037	0.6341	0.4634	0.5122
0.4422	0.4361	0.4512	0.3066	0.1629	0.3127	0.5366	0.3659	0.439
0.4387	0.4176	0.4619	0.3592	0.1789	0.4	0.9062	0.5312	0.6875
0.4308	0.4226	0.4403	0.3066	0.2023	0.315	0.7037	0.5185	0.5926
0.4469	0.4374	0.4454	0.355	0.24	0.3124	0.6829	0.439	0.5122
0.432	0.4285	0.4934	0.3421	0.3055	0.48	0.9118	0.7353	0.5
0.4659	0.4634	0.4651	0.3969	0.3685	0.3431	0.5526	0.4474	0.3421
0.4243	0.4273	0.4341	0.2619	0.2582	0.2498	0.6279	0.5814	0.4884
0.4368	0.4329	0.4306	0.2895	0.264	0.2024	0.5532	0.5319	0.4468
0.4192	0.4302	0.4276	0.2755	0.2412	0.2754	0.7442	0.5116	0.6279
0.4463	0.4531	0.4813	0.3651	0.2515	0.4269	0.7714	0.3143	0.3714
0.4363	0.4387	0.4371	0.3402	0.3031	0.2766	0.8	0.5714	0.5143
0.4322	0.4195	0.4288	0.3283	0.1869	0.2625	0.8	0.525	0.575
0.4279	0.4387	0.4363	0.3063	0.2731	0.2153	0.75	0.4878	0.4146
0.4278	0.414	0.4246	0.3061	0.2369	0.2496	0.75	0.6818	0.5909
0.4721	0.4717	0.4906	0.412	0.3321	0.4504	0.5102	0.2449	0.2449
0.441	0.4299	0.4329	0.3639	0.263	0.2667	0.8947	0.5641	0.5385
0.447	0.4451	0.4556	0.2887	0.318	0.291	0.431	0.5345	0.3448
0.3875	0.3915	0.3837	0.2242	0.2437	0.1937	1	1.0312	0.9375
0.441	0.4411	0.438	0.3442	0.2717	0.2689	0.7297	0.4595	0.4865
0.4353	0.437	0.4773	0.3003	0.2522	0.4177	0.6098	0.4634	0.4146
0.4465	0.4356	0.4447	0.3564	0.2251	0.2589	0.7	0.4333	0.4
0.4174	0.4209	0.4242	0.2847	0.2275	0.244	0.814	0.5814	0.5814
0.4437	0.4408	0.4816	0.3791	0.3327	0.4408	1	0.6667	0.4815
0.3907	0.3898	0.3791	0.2723	0.2649	0.1935	1.24	1.2	1
0.4169	0.411	0.4928	0.292	0.2464	0.4813	0.8611	0.75	0.6389
0.4446	0.4498	0.4733	0.3181	0.3018	0.3927	0.5429	0.4286	0.3714
0.4396	0.4449	0.4403	0.3549	0.3497	0.315	0.8438	0.6875	0.5938
0.4482	0.4378	0.4441	0.3699	0.2737	0.2558	0.7667	0.5	0.4
0.4337	0.4353	0.4383	0.346	0.3118	0.2617	0.9062	0.6562	0.4688
0.4178	0.4244	0.43	0.2784	0.2819	0.2882	0.7778	0.6944	0.6389
0.4441	0.433	0.4572	0.3506	0.2502	0.376	0.7105	0.5	0.6053
0.4411	0.4387	0.443	0.3548	0.3214	0.3135	0.8065	0.6452	0.5484
0.4469	0.4422	0.4742	0.356	0.1797	0.4066	0.6889	0.3333	0.4222
0.4371	0.4415	0.4387	0.3318	0.2852	0.2718	0.7273	0.4848	0.4848
0.409	0.4013	0.4103	0.2948	0.2584	0.2702	1.0286	0.9429	0.8571
0.4304	0.4229	0.4765	0.323	0.2859	0.439	0.8	0.7333	0.6667
0.4371	0.4355	0.4925	0.3126	0.2156	0.4715	0.6316	0.4211	0.3684
0.4165	0.4079	0.4926	0.2956	0.2249	0.4826	0.8889	0.7222	0.75
0.4609	0.4612	0.4676	0.3846	0.2439	0.3714	0.5833	0.2432	0.3889
0.4515	0.4537	0.4593	0.3274	0.2904	0.3219	0.4773	0.3636	0.3636
0.4456	0.4353	0.4717	0.3338	0.2501	0.394	0.5909	0.4773	0.4091
0.4222	0.4115	0.4843	0.2536	0.2653	0.4623	0.6296	0.8148	0.7407
0.4245	0.4232	0.418	0.3129	0.3092	0.2815	0.8485	0.8485	0.7879
0.4212	0.4108	0.4249	0.314	0.2331	0.2878	0.9211	0.7105	0.7105
0.4493	0.4525	0.453	0.3602	0.2627	0.2484	0.6667	0.3333	0.3125
0.4265	0.4287	0.429	0.3147	0.3155	0.2746	0.8214	0.7857	0.6071
0.4211	0.4107	0.4182	0.3134	0.2299	0.2523	0.9189	0.7027	0.6757
0.4239	0.4235	0.4458	0.2791	0.2637	0.3302	0.6905	0.6429	0.5714
0.4145	0.4071	0.4422	0.313	0.2519	0.3629	1.0588	0.8235	0.8529
0.4252	0.4215	0.4157	0.3254	0.3036	0.2691	0.9231	0.8462	0.7692
0.409	0.386	0.4005	0.3172	0.1782	0.2378	1.2414	0.8621	0.8621
0.4422	0.4359	0.4425	0.2945	0.2113	0.2391	0.5	0.413	0.3913
0.4434	0.4404	0.4555	0.3354	0.3135	0.314	0.6341	0.5854	0.3902
0.4226	0.4274	0.4877	0.3087	0.3173	0.468	0.8571	0.8214	0.6429
0.4491	0.4558	0.488	0.3271	0.3256	0.4528	0.5098	0.4151	0.3585
0.4285	0.4289	0.4481	0.2751	0.2018	0.2965	0.6154	0.4615	0.4359
0.4596	0.4608	0.4721	0.2972	0.2933	0.37	0.3158	0.2982	0.3158
0.4512	0.443	0.4634	0.3408	0.2942	0.3638	0.5306	0.4898	0.4286
0.4589	0.4605	0.4886	0.3486	0.3096	0.4593	0.4423	0.3269	0.4038
0.4496	0.4417	0.4353	0.3682	0.3276	0.2748	0.7188	0.625	0.5312
0.411	0.406	0.4589	0.2598	0.1689	0.3976	0.8	0.625	0.75
0.4173	0.4144	0.4343	0.2753	0.2296	0.285	0.7714	0.6571	0.5714
0.4533	0.4537	0.4566	0.3544	0.3107	0.325	0.5577	0.4038	0.4038
0.4277	0.4279	0.4377	0.3044	0.2852	0.3204	0.7429	0.6571	0.6571
0.4288	0.4293	0.4598	0.3156	0.288	0.374	0.7838	0.6486	0.5405
0.4385	0.4503	0.45	0.2879	0.2191	0.245	0.5278	0.3056	0.3333
0.426	0.4177	0.4752	0.3192	0.2645	0.4269	0.8611	0.7222	0.5556
0.4323	0.4242	0.4289	0.2981	0.2073	0.2452	0.6444	0.5111	0.5333
0.4566	0.4597	0.4898	0.3287	0.3001	0.4477	0.413	0.3191	0.2553
0.3986	0.3884	0.3978	0.2602	0.1835	0.2114	1	0.8462	0.8077
0.4295	0.4211	0.4198	0.3344	0.2425	0.2363	0.9032	0.6129	0.6129
0.4215	0.4255	0.4168	0.2832	0.2896	0.2058	0.7419	0.7097	0.5806
0.4223	0.4203	0.4498	0.2756	0.2625	0.3324	0.7	0.68	0.52
0.4143	0.4058	0.4089	0.2867	0.2101	0.2381	0.875	0.7083	0.75
0.4175	0.4086	0.4955	0.3028	0.2059	0.4673	0.9167	0.6667	0.1667
0.4187	0.4186	0.4728	0.3253	0.2812	0.4289	1.0741	0.7778	0.6667
0.4041	0.402	0.402	0.2813	0.2396	0.2117	1.0303	0.8485	0.7576
0.4403	0.4401	0.4945	0.3203	0.2796	0.48	0.6154	0.4872	0.3846
0.4356	0.426	0.4731	0.3462	0.227	0.4062	0.8611	0.5278	0.4444
0.4821	0.4761	0.4973	0.4381	0.3275	0.4867	0.4348	0.1957	0.2609
0.4576	0.454	0.4635	0.3556	0.3195	0.3154	0.4889	0.4222	0.3043
0.4151	0.4064	0.4088	0.2884	0.2013	0.2036	0.8723	0.6809	0.6596
0.4701	0.4666	0.4925	0.348	0.2645	0.4593	0.2909	0.2182	0.2364
0.4488	0.4419	0.4451	0.3461	0.2453	0.2889	0.5952	0.4048	0.4524
0.435	0.4438	0.465	0.318	0.3517	0.3826	0.6897	0.7241	0.4828
0.4645	0.4608	0.4822	0.3432	0.3335	0.412	0.3488	0.3721	0.2791
0.4336	0.4303	0.4365	0.341	0.2426	0.3203	0.8649	0.5135	0.6757
0.3914	0.3785	0.3983	0.2828	0.2073	0.2745	1.3226	1.0645	1.0968
0.3822	0.373	0.4487	0.2324	0.1783	0.3906	1.129	1.0323	1
0.4199	0.4127	0.4381	0.2704	0.1911	0.3073	0.7143	0.5952	0.5952
0.3978	0.3827	0.3877	0.2867	0.2152	0.225	1.2069	1.0345	1
0.418	0.4181	0.4504	0.2862	0.2518	0.3777	0.8108	0.6757	0.7838
0.4624	0.4714	0.4774	0.3353	0.38	0.3677	0.3571	0.3571	0.2381
0.4185	0.4189	0.4275	0.2743	0.2591	0.2916	0.75	0.6875	0.6875
0.4091	0.4077	0.473	0.3093	0.2776	0.4452	1.1515	0.9394	1.0303
0.4396	0.4405	0.4619	0.3543	0.3187	0.3686	0.8378	0.6053	0.4737
0.4159	0.4091	0.4068	0.2697	0.2192	0.1832	0.7692	0.6923	0.641
0.4575	0.4528	0.4743	0.3056	0.2775	0.404	0.3514	0.3514	0.4054
0.4414	0.4329	0.4309	0.3151	0.2277	0.1624	0.5769	0.4615	0.4038
0.4653	0.4558	0.4749	0.3969	0.2782	0.3785	0.5676	0.3243	0.2973
0.4185	0.401	0.4907	0.281	0.1458	0.478	0.7778	0.6389	0.75
0.4298	0.4305	0.4437	0.3007	0.2905	0.3326	0.6923	0.641	0.6154
0.4199	0.415	0.4567	0.3	0.2152	0.3611	0.8529	0.6176	0.5294
0.4265	0.43	0.4836	0.2941	0.2745	0.4546	0.7143	0.5946	0.5946
0.3954	0.4013	0.4591	0.2863	0.2931	0.4159	1.2593	1.1852	1.037
0.4441	0.4368	0.4797	0.3733	0.2812	0.4388	0.9118	0.5294	0.5294
0.465	0.4554	0.4774	0.4168	0.3327	0.4253	0.7941	0.4412	0.4706
0.4547	0.45	0.4558	0.3596	0.3081	0.3243	0.5588	0.4412	0.4118
0.4381	0.4275	0.4462	0.3533	0.2641	0.3422	0.8649	0.5946	0.6216
0.4235	0.4147	0.4876	0.3045	0.1836	0.4611	0.8158	0.5641	0.4872
0.3964	0.3902	0.3891	0.2878	0.2335	0.2298	1.25	1	1
0.4057	0.3934	0.4768	0.2856	0.1739	0.4458	1.0294	0.7647	0.7941
0.4452	0.4401	0.4472	0.3391	0.2519	0.2903	0.6216	0.4324	0.4324
0.4159	0.4066	0.4135	0.3169	0.2212	0.2728	1.0606	0.7273	0.8182
0.4344	0.4247	0.434	0.3361	0.2306	0.3096	0.8095	0.5476	0.6667
0.4397	0.4359	0.4762	0.3257	0.2212	0.4147	0.65	0.425	0.425
0.4127	0.4087	0.4629	0.2668	0.1994	0.4037	0.8043	0.6522	0.6957
0.4372	0.4429	0.4249	0.3424	0.3241	0.2412	0.7955	0.5909	0.5682
0.4012	0.3789	0.4084	0.3037	0.1927	0.2989	1.2963	1	1.0741
0.4135	0.4019	0.425	0.2913	0.1519	0.2967	0.9167	0.6389	0.75
0.4102	0.4003	0.4088	0.294	0.2236	0.246	1	0.8148	0.7778
0.4199	0.4053	0.4292	0.3249	0.2388	0.3047	1.04	0.8	0.72
0.4453	0.4438	0.447	0.3229	0.2813	0.2728	0.55	0.45	0.4
0.4229	0.4172	0.4204	0.3088	0.1952	0.1955	0.8529	0.5588	0.5294
0.4218	0.4254	0.4227	0.2671	0.2631	0.2616	0.6765	0.6176	0.6471
0.4452	0.4436	0.4418	0.3732	0.2949	0.1752	0.8788	0.4848	0.3333
0.4278	0.4274	0.4385	0.2579	0.2879	0.2955	0.575	0.675	0.55
0.4149	0.3937	0.4966	0.3542	0.2067	0.4776	1.6667	0.8462	0.1818
0.4067	0.3999	0.4879	0.2761	0.2158	0.4712	0.9487	0.7949	0.7436
0.4302	0.4332	0.4623	0.3024	0.2456	0.3876	0.6939	0.4898	0.5714
0.4536	0.4672	0.4798	0.3997	0.3936	0.4072	0.9615	0.5	0.3077
0.4684	0.4642	0.4496	0.4237	0.2845	0.2162	0.7692	0.2564	0.3077
0.4407	0.4359	0.4562	0.3384	0.2734	0.3777	0.7	0.52	0.64
0.4505	0.4505	0.4569	0.3493	0.3191	0.3233	0.5814	0.4651	0.3953
0.4446	0.4719	0.4394	0.344	0.4083	0.1626	0.6585	0.4878	0.3415
0.4331	0.4339	0.4673	0.3027	0.2357	0.3313	0.6512	0.4651	0.2917
0.4384	0.439	0.4451	0.3297	0.2095	0.2314	0.6923	0.3846	0.359
0.4231	0.4216	0.4183	0.3037	0.2418	0.2115	0.8182	0.6061	0.5758
0.4365	0.4367	0.4362	0.3326	0.2838	0.2603	0.7436	0.5385	0.4872
0.4226	0.4192	0.4515	0.2919	0.2868	0.3594	0.7647	0.7941	0.6176
0.4086	0.3957	0.4143	0.2618	0.1788	0.2806	0.8438	0.75	0.8438
0.4588	0.4529	0.4632	0.3686	0.3532	0.3069	0.5294	0.5588	0.2941
0.4141	0.402	0.4091	0.2847	0.2226	0.2688	0.8684	0.7895	0.8684
0.4219	0.411	0.4894	0.3446	0.2562	0.4748	1.2143	0.7857	0.75
0.4508	0.4541	0.4593	0.3492	0.3376	0.3152	0.575	0.475	0.35
0.3956	0.3791	0.3816	0.2894	0.1831	0.2118	1.2857	0.9643	1.0357
0.423	0.4177	0.4195	0.3168	0.262	0.2691	0.9048	0.7143	0.7143
0.4352	0.4319	0.4404	0.2996	0.2016	0.2415	0.6087	0.4348	0.413
0.4393	0.4197	0.4415	0.3524	0.2166	0.273	0.8286	0.5714	0.4571
0.4186	0.4086	0.4316	0.3205	0.1909	0.2934	1.0303	0.6364	0.6364
0.435	0.4283	0.4285	0.2898	0.2524	0.2318	0.5778	0.5556	0.5111
0.4428	0.4362	0.461	0.3378	0.3011	0.3614	0.6571	0.6	0.4571
0.402	0.3833	0.3986	0.3006	0.2185	0.2604	1.24	1.04	1
0.4444	0.4302	0.4454	0.3699	0.2654	0.353	0.8667	0.5667	0.7
0.4487	0.4481	0.4829	0.3007	0.2578	0.4359	0.439	0.3659	0.3902
0.4595	0.4572	0.4629	0.3754	0.3245	0.352	0.5526	0.3947	0.3947
0.4325	0.4331	0.418	0.3522	0.3246	0.2661	1	0.7586	0.7241
0.4125	0.39	0.4818	0.326	0.2464	0.4648	1.25	1.0714	1.1071
0.3993	0.3937	0.3906	0.2679	0.2233	0.1634	1.0323	0.9032	0.7742
0.4746	0.4753	0.4749	0.4131	0.3061	0.357	0.4545	0.1818	0.25
0.4172	0.4063	0.4469	0.2915	0.1842	0.3311	0.8529	0.6471	0.5588
0.4216	0.4102	0.4327	0.3036	0.2093	0.3096	0.8438	0.6562	0.6875
0.4335	0.4363	0.4754	0.3191	0.3238	0.439	0.7209	0.6977	0.7209
0.4157	0.4048	0.4655	0.2994	0.2078	0.4124	0.9286	0.7143	0.7143
0.4332	0.4271	0.4454	0.3293	0.2704	0.316	0.7857	0.619	0.5238
0.4419	0.4397	0.4885	0.3349	0.2715	0.4601	0.6579	0.4737	0.4211
0.4137	0.4102	0.4097	0.3386	0.3056	0.2437	1.3939	1.0909	0.7576
0.4484	0.4453	0.4754	0.347	0.2767	0.4317	0.6061	0.4242	0.6061
0.4327	0.4343	0.4461	0.2743	0.2371	0.2981	0.561	0.4634	0.4634
0.4138	0.4011	0.4889	0.304	0.165	0.4749	1	0.6667	0.8148
0.3936	0.3859	0.4247	0.2585	0.2186	0.3204	1.0789	1	0.8947
0.4572	0.4529	0.4604	0.3594	0.1945	0.3538	0.5122	0.2683	0.439
0.4373	0.4326	0.4899	0.3307	0.2837	0.466	0.7179	0.5897	0.4359
0.4393	0.442	0.4405	0.3331	0.2532	0.1613	0.6944	0.4167	0.3333
0.4398	0.4427	0.4457	0.2978	0.2913	0.3221	0.5405	0.4865	0.5405
0.44	0.4397	0.4948	0.3301	0.2621	0.4822	0.6667	0.4545	0.4242
0.4294	0.4217	0.4737	0.3334	0.2479	0.425	0.8966	0.6207	0.5862
0.4087	0.4	0.397	0.2936	0.2052	0.1797	1.0263	0.7632	0.7368
0.437	0.4506	0.447	0.3393	0.2495	0.3308	0.7778	0.3333	0.5556
0.4488	0.4438	0.4553	0.3498	0.2664	0.2815	0.614	0.4211	0.3333
0.4544	0.4508	0.4696	0.3458	0.2838	0.3634	0.5	0.381	0.3333
0.4684	0.4713	0.4711	0.3928	0.3566	0.3347	0.4706	0.2941	0.2549
0.4788	0.4831	0.4956	0.3991	0.2903	0.4645	0.2963	0.1111	0.1481
0.4108	0.3916	0.4434	0.3194	0.1732	0.3616	1.2162	0.7838	0.8108
0.4563	0.4532	0.451	0.3837	0.301	0.2524	0.6857	0.3889	0.3333
0.4142	0.4056	0.4813	0.2974	0.2609	0.4548	0.9429	0.8857	0.7429
0.4343	0.4347	0.4498	0.2817	0.2484	0.3473	0.5625	0.4792	0.5833
0.425	0.4198	0.4256	0.2918	0.2268	0.2623	0.7273	0.5909	0.6136
0.4428	0.4451	0.4893	0.2838	0.2851	0.4555	0.4667	0.4444	0.3333
0.4197	0.4133	0.41	0.3197	0.2682	0.2562	1	0.8	0.8
0.4142	0.4199	0.4593	0.2564	0.2997	0.3903	0.7407	0.8519	0.6667
0.4145	0.4048	0.4282	0.2769	0.1597	0.3084	0.8222	0.6222	0.7556
0.426	0.4247	0.4294	0.2971	0.2489	0.246	0.7353	0.5882	0.5294
0.4362	0.4284	0.4378	0.2841	0.1767	0.2519	0.5455	0.4364	0.4545
0.3993	0.391	0.4023	0.2471	0.1729	0.2151	0.9211	0.7895	0.7632
0.434	0.4311	0.4422	0.2819	0.2561	0.3152	0.5667	0.5333	0.5667
0.4618	0.4488	0.4824	0.3622	0.2954	0.4298	0.4468	0.4255	0.3617
0.44	0.4301	0.4292	0.3571	0.2166	0.2296	0.8529	0.4706	0.5
0.3986	0.3865	0.3946	0.3019	0.235	0.2332	1.3448	1.069	0.931
0.4669	0.4667	0.4672	0.2918	0.2909	0.2772	0.2414	0.2414	0.2241
0.3932	0.3803	0.4334	0.2657	0.1905	0.3609	1.1351	0.973	1.0811
0.4526	0.4444	0.496	0.3684	0.1635	0.4842	0.6538	0.3077	0.3462
0.4089	0.3972	0.4088	0.275	0.1665	0.2803	0.9032	0.7097	0.9355
0.4307	0.4304	0.4892	0.2861	0.2621	0.4627	0.6222	0.5556	0.4222
0.3895	0.3878	0.4667	0.2029	0.212	0.4233	0.8889	0.9444	0.8333
0.4154	0.4094	0.4139	0.3123	0.2143	0.2457	1.0323	0.6774	0.7097
0.432	0.4262	0.489	0.3422	0.2838	0.4686	0.9118	0.6765	0.5588
0.4162	0.413	0.4099	0.2939	0.259	0.2054	0.8837	0.7674	0.6512
0.4391	0.4382	0.4403	0.3055	0.2647	0.2488	0.575	0.475	0.425
0.4506	0.4442	0.4546	0.327	0.1885	0.2874	0.4884	0.3256	0.3488
0.4267	0.4345	0.4408	0.2965	0.3079	0.2477	0.7209	0.6512	0.4186
0.4214	0.4318	0.44	0.3027	0.2997	0.3103	0.8421	0.6579	0.5789
0.4154	0.4072	0.4056	0.2928	0.2247	0.1643	0.8919	0.7297	0.6216
0.4036	0.4062	0.4502	0.264	0.2441	0.3764	0.9355	0.8065	0.7742
0.4579	0.4447	0.4812	0.3796	0.2282	0.4141	0.6154	0.359	0.3077
0.4231	0.4079	0.4128	0.3401	0.2669	0.226	1.1212	0.8788	0.6667
0.4256	0.419	0.4321	0.3319	0.2345	0.3225	0.9688	0.6176	0.7647
0.4288	0.4219	0.4637	0.2977	0.1843	0.3899	0.6944	0.5	0.5556
0.4087	0.3829	0.4806	0.3252	0.208	0.4591	1.3529	1	0.9412
0.4628	0.4675	0.4988	0.3323	0.3504	0.4867	0.3448	0.3276	0.0968
0.4625	0.4601	0.4587	0.3913	0.3322	0.2975	0.5946	0.3784	0.3243
0.435	0.4314	0.4418	0.3385	0.3087	0.2681	0.8148	0.7037	0.4444
0.4391	0.4342	0.4607	0.3209	0.2858	0.3667	0.6364	0.5758	0.4848
0.4177	0.4044	0.4774	0.3181	0.2553	0.4521	1.0303	0.8788	0.9394
0.4237	0.4109	0.4956	0.3059	0.2057	0.4889	0.8205	0.641	0.6667
0.4177	0.408	0.4263	0.2995	0.1362	0.256	0.8913	0.5652	0.587
0.4548	0.4538	0.4836	0.3436	0.2993	0.4238	0.4865	0.3784	0.2973
0.4658	0.464	0.477	0.4018	0.3524	0.4104	0.5952	0.381	0.381
0.4504	0.4438	0.466	0.3217	0.2338	0.3644	0.4746	0.3729	0.3898
0.4494	0.4475	0.4693	0.3484	0.3067	0.3715	0.5957	0.4681	0.3617
0.45	0.4428	0.4543	0.317	0.2258	0.3357	0.4651	0.3721	0.4651
0.4319	0.4308	0.468	0.3291	0.2861	0.4056	0.8108	0.6216	0.5676
0.4562	0.4343	0.4557	0.4017	0.2646	0.368	0.8966	0.5172	0.5862
0.4482	0.4504	0.4941	0.3577	0.2868	0.4803	0.6739	0.3913	0.4348
0.4323	0.4233	0.4598	0.3238	0.2432	0.3856	0.7692	0.5897	0.6154
0.4645	0.4677	0.4868	0.3257	0.328	0.4158	0.3125	0.2812	0.2031
0.4476	0.4462	0.4936	0.3023	0.1691	0.4728	0.4561	0.2982	0.3158
0.43	0.4222	0.4349	0.3566	0.2475	0.2795	1.129	0.6129	0.5484
0.4306	0.4261	0.4811	0.2845	0.2288	0.4471	0.6176	0.5294	0.5882
0.4399	0.4345	0.4853	0.3602	0.286	0.4621	0.8857	0.5714	0.6571
0.4408	0.4313	0.4341	0.3371	0.263	0.2756	0.6905	0.5476	0.5476
0.4343	0.4357	0.4582	0.2773	0.2917	0.3657	0.55	0.575	0.525
0.4499	0.4372	0.456	0.3591	0.2769	0.3745	0.6486	0.5135	0.6216
0.4018	0.3944	0.4264	0.2911	0.2604	0.3409	1.1538	1.0769	1.0385
0.4496	0.4507	0.4898	0.3094	0.3148	0.4571	0.45	0.45	0.325
0.424	0.431	0.4462	0.3116	0.286	0.3472	0.8485	0.6176	0.6471
0.4557	0.4497	0.4528	0.384	0.2648	0.3154	0.7021	0.3617	0.4255
0.4615	0.456	0.4563	0.3786	0.3303	0.2608	0.5319	0.4255	0.2979
0.4133	0.4005	0.4049	0.3061	0.2127	0.2001	1.0278	0.7778	0.6944
0.4616	0.4562	0.4621	0.3841	0.315	0.2667	0.5641	0.3846	0.2564
0.4592	0.4548	0.4579	0.3807	0.2176	0.3319	0.5946	0.2703	0.4054
0.4621	0.4555	0.4829	0.3726	0.2455	0.4274	0.4889	0.2889	0.3333
0.4248	0.4183	0.4595	0.3187	0.2177	0.3809	0.8824	0.5882	0.5882
0.4275	0.4168	0.4822	0.3331	0.2663	0.4548	0.9355	0.7419	0.6774
0.404	0.3904	0.4256	0.2856	0.2023	0.3049	1.0625	0.875	0.7812
0.4534	0.4568	0.4559	0.3379	0.3364	0.2962	0.4865	0.4324	0.3514
0.4057	0.3999	0.4066	0.261	0.2263	0.244	0.8857	0.8286	0.8
0.4262	0.4254	0.4306	0.3294	0.319	0.3294	0.9355	0.871	0.8387
0.4035	0.3961	0.4954	0.3051	0.1942	0.4887	1.25	0.7812	0.6875
0.4125	0.4047	0.4304	0.3135	0.2658	0.3397	1.1111	0.9259	0.9259
0.4484	0.4433	0.4804	0.3213	0.1438	0.4191	0.5	0.3043	0.3478
0.4349	0.4226	0.4225	0.3627	0.2368	0.2365	1.0556	0.5833	0.5833
0.452	0.4578	0.4758	0.3707	0.3348	0.4072	0.6829	0.4146	0.3902
0.4141	0.4108	0.4317	0.3048	0.2346	0.3057	1	0.7143	0.6857
0.4607	0.4574	0.4871	0.3517	0.3052	0.4483	0.4259	0.3519	0.3519
0.435	0.4353	0.453	0.3147	0.2388	0.3196	0.6739	0.4565	0.4348
0.4335	0.4302	0.435	0.2572	0.188	0.2072	0.5094	0.434	0.4151
0.445	0.448	0.4777	0.3207	0.2942	0.4146	0.5455	0.4318	0.3864
0.429	0.4313	0.4318	0.2678	0.1972	0.2171	0.587	0.4348	0.4565
0.4323	0.4244	0.484	0.3396	0.277	0.4569	0.8824	0.6765	0.6176
0.4145	0.4093	0.4164	0.3027	0.1732	0.2603	0.975	0.6	0.725
0.4567	0.4505	0.4941	0.3735	0.3365	0.4719	0.6	0.525	0.275
0.4395	0.4275	0.4381	0.3403	0.174	0.2616	0.7353	0.4412	0.4706
0.4107	0.3993	0.4095	0.2575	0.194	0.2305	0.7949	0.7436	0.7179
0.4495	0.4402	0.4432	0.3622	0.2205	0.1739	0.6774	0.3871	0.3226
0.4239	0.4222	0.4862	0.2875	0.2519	0.4602	0.725	0.625	0.55
0.4456	0.4376	0.4496	0.3417	0.2273	0.3065	0.6279	0.4186	0.4419
0.4566	0.4534	0.4558	0.3319	0.2276	0.2482	0.4222	0.2889	0.2889
0.395	0.4042	0.4591	0.2274	0.2481	0.4057	0.9	0.85	0.85
0.4457	0.4346	0.4334	0.3839	0.0067	0.192	1	0.3235	0.4118
0.446	0.4575	0.4927	0.3449	0.2895	0.4674	0.6389	0.3243	0.2973
0.4654	0.4665	0.4651	0.366	0.3709	0.345	0.4038	0.4038	0.3462
0.4536	0.4546	0.4965	0.3459	0.2889	0.4603	0.5135	0.3514	0.1
0.4138	0.3987	0.4464	0.3122	0.21	0.3777	1.069	0.7931	0.8966
0.4517	0.4502	0.4432	0.3715	0.3327	0.2801	0.697	0.5152	0.4545
0.4481	0.4214	0.4343	0.3744	0.1695	0.2997	0.8108	0.4865	0.6216
0.4265	0.4205	0.4252	0.3177	0.3118	0.2559	0.84	0.92	0.6
0.4251	0.4273	0.4642	0.3181	0.3168	0.3961	0.8718	0.8205	0.5897
0.4061	0.3991	0.4136	0.2927	0.1918	0.2867	1.0741	0.7407	0.8889
0.4329	0.4248	0.4526	0.3565	0.3085	0.3633	1.037	0.8148	0.6207
0.4735	0.4707	0.4694	0.3829	0.349	0.3414	0.3333	0.2857	0.2857
0.4204	0.4095	0.4446	0.2533	0.1175	0.3283	0.6512	0.5349	0.5814
0.4535	0.4519	0.4652	0.3357	0.3415	0.3435	0.4773	0.5227	0.3409
0.4479	0.4383	0.4568	0.3421	0.2543	0.3433	0.5909	0.4545	0.4545
0.4379	0.4355	0.4388	0.3305	0.3104	0.29	0.7059	0.6471	0.5294
0.4594	0.4567	0.4818	0.3703	0.256	0.4129	0.5263	0.2895	0.2895
0.3819	0.3688	0.3974	0.2789	0.1977	0.2946	1.5294	1.1765	1.2941
0.4028	0.4043	0.469	0.2729	0.283	0.4254	1	1.0385	0.7692
0.4373	0.4353	0.495	0.3087	0.2749	0.4825	0.6122	0.5306	0.4082
0.4412	0.4423	0.4617	0.3291	0.2662	0.365	0.641	0.4359	0.4615
0.4261	0.4309	0.4659	0.3362	0.3384	0.3938	1	0.9032	0.5312
0.4404	0.4367	0.4887	0.2971	0.2135	0.4626	0.5306	0.4082	0.449
0.4318	0.4275	0.475	0.304	0.2415	0.4336	0.6757	0.5405	0.6486
0.4561	0.4523	0.4775	0.3441	0.1636	0.4044	0.4681	0.2553	0.3404
0.4455	0.4387	0.4477	0.3543	0.2614	0.3144	0.7073	0.4634	0.4878
0.4183	0.4047	0.4427	0.3409	0.2786	0.3615	1.2759	1	0.8276
0.4418	0.4453	0.4507	0.3113	0.2236	0.334	0.5581	0.3488	0.5116
0.4327	0.4321	0.4566	0.3103	0.2665	0.3726	0.6905	0.5476	0.5952
0.4255	0.4234	0.4519	0.3108	0.2389	0.3538	0.8158	0.5789	0.5789
0.4441	0.4429	0.4921	0.3601	0.3377	0.4719	0.7812	0.6562	0.4062
0.4432	0.4495	0.4989	0.357	0.256	0.4834	0.7778	0.3514	0.0714
0.4305	0.4268	0.4798	0.3395	0.2802	0.445	0.9231	0.6538	0.6154
0.4394	0.4379	0.459	0.3237	0.3023	0.3476	0.6452	0.5806	0.4375
0.4238	0.413	0.4867	0.3117	0.1246	0.461	0.8537	0.5122	0.5366
0.4128	0.4101	0.4089	0.2973	0.2679	0.2568	0.9697	0.8485	0.8182
0.4598	0.4627	0.4661	0.3772	0.3231	0.3094	0.5577	0.3269	0.2692
0.443	0.4405	0.4329	0.3494	0.2583	0.243	0.725	0.439	0.4878
0.4125	0.4026	0.4236	0.3103	0.246	0.2812	1.0811	0.8649	0.7027
0.3456	0.3503	0.3484	0.2243	0.2208	0.2039	1.8889	1.7222	1.6111
0.4216	0.4175	0.4343	0.2924	0.2293	0.2997	0.7838	0.6216	0.6216
0.4123	0.397	0.4058	0.2999	0.2143	0.239	1	0.8276	0.7931
0.4372	0.4368	0.4359	0.2811	0.2432	0.2523	0.525	0.45	0.475
0.4309	0.4296	0.4801	0.3445	0.3414	0.4419	0.9615	0.9615	0.5556
0.4227	0.4075	0.4993	0.3198	0.2758	0.49	0.9333	0.9333	0.0732
0.4389	0.4193	0.4742	0.3787	0.2865	0.4224	1.1667	0.7917	0.5417
0.4425	0.4409	0.4398	0.3218	0.2885	0.2006	0.587	0.5	0.3696
0.4183	0.4058	0.4089	0.309	0.2257	0.2191	0.9444	0.75	0.6944
0.426	0.4222	0.4418	0.345	0.259	0.3434	1.0968	0.6452	0.7097
0.4239	0.4225	0.4877	0.3088	0.2942	0.4659	0.8333	0.7778	0.5833
0.4254	0.4217	0.4682	0.3084	0.2477	0.4006	0.8049	0.619	0.5238
0.4292	0.4331	0.4333	0.2926	0.2892	0.2962	0.6667	0.6	0.6222
0.4223	0.4223	0.4596	0.2749	0.2453	0.3876	0.697	0.6061	0.6364
0.4286	0.4325	0.4972	0.2525	0.2785	0.4881	0.5532	0.5745	0.32
0.4261	0.4141	0.4076	0.3278	0.2532	0.212	0.9231	0.7308	0.6923
0.441	0.4389	0.4723	0.3438	0.2578	0.4082	0.7273	0.4545	0.4773
0.4461	0.434	0.4856	0.3694	0.3244	0.4665	0.8148	0.7407	0.7778
0.4274	0.4256	0.4154	0.3397	0.2929	0.2142	1	0.7222	0.6111
0.4266	0.4291	0.4492	0.287	0.2674	0.3347	0.6829	0.5854	0.5366
0.4463	0.4423	0.493	0.3125	0.1625	0.473	0.5	0.3214	0.3571
0.4079	0.4008	0.4302	0.2878	0.2179	0.3322	1	0.7895	0.8684
0.4517	0.4457	0.4714	0.3561	0.3014	0.3921	0.5952	0.4762	0.4048
0.4293	0.4229	0.4765	0.3039	0.2185	0.4399	0.7143	0.5429	0.6857
0.4363	0.4335	0.448	0.2666	0.1938	0.3045	0.5	0.413	0.4565
0.4398	0.4335	0.4446	0.3445	0.3006	0.3266	0.7576	0.6364	0.5758
0.4174	0.4219	0.4193	0.2955	0.3004	0.2818	0.8718	0.8205	0.7692
0.4301	0.4318	0.4331	0.3282	0.198	0.2786	0.8409	0.4318	0.5682
0.429	0.4214	0.4503	0.3002	0.2037	0.3553	0.7021	0.5319	0.617
0.4155	0.4108	0.4979	0.2689	0.1829	0.4844	0.7714	0.6	0.1556
0.4465	0.4344	0.4503	0.3624	0.2235	0.3322	0.7442	0.4419	0.5116
0.4024	0.398	0.4342	0.2875	0.2757	0.332	1.1111	1.1111	0.7857
0.4221	0.4235	0.4579	0.2711	0.2346	0.3613	0.6863	0.5686	0.5098
0.4363	0.4356	0.4672	0.3003	0.2825	0.4003	0.5952	0.5476	0.5476
0.4262	0.414	0.4157	0.3401	0.17	0.2199	1.0357	0.5517	0.6207
0.4249	0.4171	0.4228	0.3139	0.2243	0.251	0.8462	0.6154	0.6154
0.4476	0.4433	0.4939	0.345	0.2884	0.4763	0.6111	0.4722	0.3514
0.4188	0.4174	0.4337	0.2769	0.2233	0.2789	0.7561	0.6098	0.561
0.4382	0.4252	0.4579	0.3441	0.2322	0.3558	0.7879	0.5455	0.4848
0.4573	0.4546	0.4724	0.337	0.2621	0.3809	0.4286	0.3143	0.3429
0.4201	0.4203	0.4313	0.2786	0.2332	0.2816	0.7429	0.6	0.6
0.4023	0.3859	0.3911	0.3121	0.2186	0.178	1.3667	1	0.8
0.4509	0.4415	0.4451	0.3789	0.249	0.2699	0.7805	0.4146	0.4146
0.4288	0.4239	0.4516	0.3136	0.2082	0.3687	0.7742	0.5161	0.6774
0.4372	0.4383	0.4453	0.2711	0.2216	0.3082	0.5	0.4048	0.5
0.4523	0.4502	0.4787	0.3638	0.3038	0.4161	0.6286	0.4286	0.3714
0.4519	0.4673	0.4608	0.3252	0.3652	0.2554	0.4651	0.3721	0.2558
0.4396	0.4364	0.4406	0.2986	0.2767	0.3028	0.5455	0.5227	0.5455
0.4534	0.4545	0.4673	0.3703	0.3665	0.373	0.65	0.6	0.4
0.4205	0.4244	0.4221	0.3176	0.3321	0.2786	0.9643	1	0.7143
0.4399	0.4334	0.4899	0.3085	0.2466	0.4704	0.5745	0.4894	0.5319
0.3951	0.4079	0.4843	0.2255	0.2926	0.4645	0.8929	1.0357	0.8214
0.4283	0.4166	0.4767	0.2785	0.1578	0.4306	0.6286	0.5143	0.5429
0.4287	0.4365	0.4412	0.2905	0.2978	0.3158	0.6667	0.5833	0.5833
0.4443	0.4355	0.4884	0.3539	0.3044	0.4638	0.7297	0.6216	0.4865
0.4316	0.4368	0.448	0.2428	0.2597	0.2885	0.5	0.48	0.42
0.4431	0.4405	0.4422	0.2912	0.2358	0.2462	0.4808	0.4038	0.4038
0.4321	0.428	0.4817	0.314	0.2644	0.4474	0.7179	0.5897	0.5641
0.418	0.4116	0.4847	0.3218	0.2279	0.4624	1.0571	0.6857	0.7143
0.4457	0.4535	0.4717	0.3205	0.236	0.3596	0.5349	0.2955	0.2955
0.4473	0.4352	0.4437	0.3646	0.2552	0.2857	0.7436	0.4872	0.4615
0.4061	0.3871	0.4201	0.341	0.264	0.3457	1.75	1.25	1.2917
0.434	0.4316	0.4406	0.3434	0.2578	0.3161	0.875	0.5312	0.5938
0.4582	0.4571	0.4576	0.3423	0.3294	0.3527	0.4318	0.4091	0.4773
0.4098	0.4196	0.4155	0.1931	0.2647	0.2408	0.6279	0.6977	0.6744
0.3851	0.3534	0.4345	0.2993	0.1531	0.3713	1.7333	1.2333	1.2
0.4414	0.4316	0.4371	0.3457	0.1805	0.2649	0.7317	0.4146	0.4878
0.429	0.4224	0.4276	0.3239	0.2362	0.2934	0.8333	0.5833	0.6944
0.4424	0.4421	0.449	0.3021	0.2686	0.3035	0.5192	0.4423	0.4423
0.4241	0.4233	0.4331	0.2975	0.2575	0.2444	0.7674	0.6279	0.4884
0.436	0.4329	0.4564	0.3205	0.2683	0.3626	0.6857	0.5429	0.5429
0.4358	0.4255	0.4378	0.31	0.2711	0.268	0.641	0.641	0.4872
0.3772	0.3716	0.389	0.2765	0.2562	0.2811	1.6364	1.5455	1.3636
0.4544	0.4503	0.4865	0.3564	0.2807	0.4515	0.5476	0.381	0.4048
0.4064	0.4063	0.3957	0.2879	0.2672	0.204	1.0312	0.9062	0.8125
0.4495	0.4499	0.4961	0.3225	0.2664	0.4858	0.4894	0.3617	0.383
0.4337	0.4358	0.441	0.3147	0.2431	0.328	0.6944	0.4595	0.6389
0.4347	0.4334	0.4352	0.3522	0.3031	0.2462	0.9412	0.6471	0.4706
0.4249	0.4163	0.4408	0.2688	0.1541	0.3374	0.641	0.5128	0.6923
0.4286	0.438	0.4394	0.3112	0.3023	0.2863	0.7632	0.5789	0.5128
0.4553	0.4535	0.4861	0.368	0.3302	0.4363	0.5946	0.4595	0.2973
0.4151	0.411	0.4314	0.3075	0.2258	0.3051	1	0.6875	0.6875
0.4301	0.4386	0.4359	0.2833	0.2847	0.3055	0.6207	0.5172	0.6207
0.4001	0.3845	0.3808	0.3264	0.2655	0.2	1.68	1.32	1
0.4497	0.4487	0.4591	0.2935	0.2882	0.3287	0.4118	0.4118	0.3824
0.4373	0.4408	0.4376	0.3548	0.3463	0.3067	0.9	0.75	0.6
0.438	0.4297	0.4242	0.3604	0.2232	0.2645	0.9394	0.4848	0.6364
0.4179	0.4225	0.4378	0.292	0.2534	0.2966	0.8438	0.625	0.5625
0.4522	0.4535	0.4696	0.3115	0.3177	0.3608	0.4231	0.4231	0.3269
0.4134	0.414	0.4745	0.3292	0.2963	0.4389	1.2647	0.9412	0.7647
0.4698	0.4712	0.4942	0.3429	0.3117	0.4482	0.2836	0.2239	0.1343
0.4459	0.4401	0.4817	0.3494	0.1941	0.4347	0.6667	0.3611	0.4167
0.4492	0.4503	0.4495	0.3373	0.3042	0.2602	0.5476	0.4286	0.3571
0.4143	0.4146	0.4898	0.1993	0.2515	0.4721	0.5938	0.7188	0.5938
0.4428	0.4409	0.4557	0.3313	0.1889	0.308	0.625	0.35	0.375
0.46	0.4662	0.4827	0.3694	0.2325	0.4266	0.5111	0.2	0.3333
0.4504	0.4495	0.4745	0.3239	0.2806	0.4018	0.4815	0.3889	0.3889
0.3813	0.3787	0.418	0.2618	0.2452	0.3456	1.36	1.28	1.36
0.4102	0.4021	0.4924	0.3071	0.2385	0.4822	1.1053	0.8421	0.7632
0.4125	0.4013	0.4223	0.3139	0.2137	0.2719	1.1143	0.7714	0.6857
0.4515	0.4446	0.4532	0.3536	0.2675	0.3675	0.5854	0.4146	0.6341
0.3834	0.3825	0.3721	0.2781	0.2532	0.1894	1.4783	1.2609	1.087
0.453	0.4422	0.4936	0.3161	0.2435	0.4783	0.425	0.4	0.425
0.4299	0.4279	0.4283	0.3059	0.23	0.2325	0.7143	0.5143	0.5143
0.4393	0.4364	0.4858	0.3203	0.2917	0.4584	0.6304	0.5652	0.5435
0.4243	0.4272	0.4441	0.2812	0.2852	0.339	0.6923	0.6667	0.641
0.4184	0.4214	0.4657	0.3164	0.2925	0.4183	1	0.7879	0.7879
0.4115	0.417	0.4106	0.2659	0.2844	0.2016	0.8182	0.8182	0.6364
0.4137	0.4095	0.408	0.2745	0.2359	0.2195	0.8235	0.7353	0.7059
0.4023	0.3929	0.3995	0.2671	0.2019	0.2026	0.9737	0.8421	0.7632
0.4226	0.4251	0.4317	0.3129	0.2142	0.2632	0.8857	0.5143	0.5429
0.4422	0.4406	0.4714	0.3067	0.2709	0.3963	0.537	0.463	0.4259
0.4462	0.4482	0.4844	0.3305	0.3093	0.4536	0.5667	0.4667	0.5333
0.458	0.4559	0.4924	0.3685	0.2631	0.4647	0.5435	0.3043	0.2826
0.4651	0.4697	0.4739	0.3669	0.3308	0.3412	0.4118	0.2647	0.2353
0.4652	0.4648	0.4723	0.3399	0.355	0.2227	0.3333	0.3778	0.1556
0.4357	0.4172	0.4428	0.3472	0.2072	0.3139	0.8684	0.5789	0.5526
0.4412	0.429	0.4306	0.353	0.2113	0.2505	0.7895	0.4737	0.5263
0.4136	0.4006	0.4852	0.3166	0.2202	0.4666	1.1143	0.8	0.8286
0.3652	0.3639	0.47	0.2281	0.2246	0.448	1.4348	1.4348	1.4348
0.425	0.42	0.4409	0.279	0.2295	0.3104	0.6757	0.5946	0.5676
0.441	0.4363	0.4422	0.3214	0.2158	0.2534	0.6098	0.4146	0.4146
0.4502	0.4444	0.4585	0.3528	0.2546	0.2964	0.6047	0.3953	0.3256
0.4534	0.448	0.4686	0.3275	0.2505	0.3801	0.4524	0.3571	0.4048
0.4316	0.43	0.4457	0.2722	0.2081	0.3141	0.5676	0.4595	0.5135
0.4319	0.424	0.4935	0.3259	0.2619	0.481	0.7895	0.6316	0.5263
0.4167	0.4194	0.4238	0.2432	0.245	0.2633	0.6667	0.6389	0.6389
0.4336	0.4374	0.4565	0.3257	0.2877	0.357	0.7568	0.5405	0.5135
0.401	0.3925	0.4205	0.2757	0.1584	0.2736	1.0513	0.7436	0.7179
0.4703	0.4731	0.4693	0.3986	0.3958	0.3305	0.4634	0.3902	0.2683
0.4631	0.4612	0.4731	0.3148	0.2793	0.3197	0.3077	0.2769	0.2154
0.4192	0.4256	0.4605	0.2991	0.293	0.394	0.8611	0.7222	0.6667
0.4298	0.4294	0.4379	0.3074	0.2723	0.2478	0.7234	0.5957	0.4468
0.4432	0.4278	0.4361	0.3422	0.2353	0.2535	0.675	0.525	0.475
0.4077	0.3949	0.4695	0.2598	0.1448	0.4335	0.8485	0.697	0.9091
0.4346	0.442	0.4327	0.2965	0.2936	0.1953	0.6053	0.5	0.4211
0.4026	0.3915	0.3944	0.2861	0.2376	0.217	1.0968	1	0.871
0.4233	0.4255	0.4083	0.2929	0.3059	0.2043	0.7576	0.7879	0.6667
0.4389	0.4381	0.4945	0.319	0.2948	0.4813	0.6316	0.5526	0.4211
0.4136	0.3941	0.4133	0.3007	0.1648	0.2459	0.9783	0.7391	0.7174
0.4453	0.4389	0.4445	0.3492	0.2789	0.3223	0.6765	0.5	0.5588
0.3949	0.4096	0.4837	0.2901	0.2924	0.4633	1.3103	1	0.8276
0.443	0.4344	0.4921	0.3657	0.02	0.4737	0.8605	0.3256	0.4419
0.466	0.4634	0.4626	0.4018	0.3657	0.2941	0.5897	0.4359	0.2821
0.4354	0.427	0.4364	0.3566	0.1666	0.3003	0.9688	0.4375	0.5938
0.4284	0.4245	0.4305	0.3018	0.2367	0.2654	0.7188	0.5625	0.5625
0.4469	0.4369	0.4349	0.351	0.3022	0.273	0.6562	0.5938	0.5312
0.4327	0.4413	0.4462	0.2483	0.2806	0.312	0.5	0.4762	0.5
0.4149	0.4059	0.429	0.2721	0.1859	0.2888	0.7931	0.6552	0.6552
0.4279	0.4118	0.4715	0.347	0.1886	0.4196	1.0667	0.6	0.6
0.4312	0.4312	0.4351	0.2682	0.2556	0.3111	0.5625	0.5312	0.6562
0.4371	0.434	0.4372	0.3455	0.2228	0.1604	0.8222	0.4444	0.3556
0.4302	0.4263	0.4963	0.3139	0.2359	0.4882	0.75	0.5417	0.4583
0.3885	0.3783	0.3778	0.2817	0.1904	0.2157	1.3846	1	1.1154
0.448	0.4444	0.4857	0.3718	0.2865	0.4546	0.7879	0.4545	0.4848
0.454	0.4424	0.4546	0.3565	0.2558	0.3204	0.5556	0.4167	0.4167
0.4166	0.4003	0.4069	0.3233	0.2143	0.2848	1.1071	0.7857	1
0.4248	0.4175	0.4633	0.2962	0.1704	0.3863	0.75	0.5208	0.5417
0.4008	0.3932	0.4058	0.3032	0.2434	0.2865	1.3	1	1.0333
0.4083	0.4083	0.4299	0.2548	0.2548	0.3085	0.8182	0.8182	0.7273
0.4471	0.4409	0.4479	0.3506	0.3007	0.2608	0.6512	0.5349	0.3721
0.4306	0.4222	0.4939	0.3073	0.1863	0.3491	0.7105	0.5	0.05
0.4225	0.4176	0.4848	0.3302	0.2814	0.4642	1.0294	0.7941	0.7647
0.4556	0.4536	0.4573	0.3334	0.1779	0.2591	0.4407	0.2542	0.2881
0.4484	0.4387	0.4666	0.3466	0.1974	0.3689	0.6042	0.375	0.3958
0.4348	0.4285	0.4709	0.3189	0.2321	0.4047	0.6977	0.5116	0.4884
0.423	0.4159	0.4907	0.2993	0.0775	0.47	0.7949	0.4615	0.4615
0.4136	0.4145	0.4074	0.2851	0.2441	0.1843	0.8788	0.697	0.6364
0.4327	0.4383	0.453	0.3072	0.3263	0.3536	0.6765	0.6765	0.5588
0.4195	0.4072	0.4116	0.2861	0.1356	0.2101	0.7857	0.5714	0.6429
0.4346	0.4282	0.4442	0.3546	0.2916	0.3632	0.9677	0.6774	0.8065
0.435	0.4344	0.4675	0.2978	0.2384	0.3789	0.6047	0.4651	0.4186
0.4365	0.4305	0.4563	0.3359	0.2745	0.3367	0.7647	0.5882	0.4412
0.3841	0.3599	0.3806	0.2642	0.1531	0.2202	1.3182	1.1364	1.0909
0.4522	0.449	0.4603	0.3785	0.2441	0.3447	0.7442	0.3409	0.4091
0.4409	0.4411	0.4639	0.3201	0.2607	0.3566	0.6042	0.4375	0.3958
0.4292	0.4299	0.4308	0.3121	0.278	0.2597	0.7576	0.6061	0.5455
0.447	0.442	0.479	0.377	0.3183	0.4353	0.871	0.5806	0.5161
0.4121	0.4008	0.3978	0.3179	0.2548	0.2288	1.1667	0.9333	0.8667
0.4455	0.444	0.4523	0.3594	0.3069	0.3467	0.7436	0.5128	0.5385
0.404	0.3923	0.4028	0.3026	0.2197	0.2344	1.2121	0.9091	0.8182
0.4277	0.4213	0.4273	0.3017	0.2564	0.2404	0.7297	0.6486	0.5405
0.443	0.446	0.454	0.3012	0.3079	0.3361	0.5098	0.4902	0.4706
0.4237	0.4186	0.4806	0.3333	0.3009	0.4504	1.0294	0.8824	0.6765
0.4112	0.4099	0.4086	0.236	0.2484	0.2143	0.7143	0.7714	0.6857
0.3892	0.3809	0.3888	0.2662	0.1843	0.2447	1.2222	0.9444	1.0833
0.4632	0.4583	0.4979	0.3711	0.3141	0.49	0.4615	0.359	0.275
0.4152	0.4051	0.4515	0.311	0.2438	0.3886	1.0256	0.8205	0.8718
0.4315	0.4314	0.4935	0.2362	0.2989	0.4779	0.4894	0.6596	0.4255
0.444	0.4455	0.448	0.331	0.2343	0.3031	0.6038	0.3585	0.4528
0.4261	0.4226	0.4442	0.2894	0.1888	0.338	0.7	0.5	0.6333
0.44	0.442	0.4376	0.3222	0.2978	0.2432	0.6279	0.5116	0.4419
0.4102	0.3958	0.4795	0.3339	0.2759	0.4611	1.44	1.16	1.16
0.4346	0.4318	0.4765	0.3253	0.2576	0.4255	0.7353	0.5294	0.5
0.4266	0.4162	0.4365	0.3188	0.2076	0.3185	0.8462	0.5897	0.6667
0.4359	0.4377	0.4476	0.3431	0.3095	0.3216	0.8293	0.6098	0.5122
0.4446	0.4436	0.4868	0.2727	0.2483	0.4583	0.4242	0.3939	0.4848
0.4384	0.4348	0.4859	0.3144	0.2473	0.4513	0.619	0.4762	0.4286
0.452	0.4509	0.4913	0.3672	0.2693	0.4661	0.6585	0.3571	0.3571
0.4061	0.4071	0.3791	0.3061	0.2752	0.0194	1.1935	0.9355	0.7419
0.441	0.4382	0.4846	0.3204	0.2595	0.4405	0.6047	0.4651	0.3721
0.4341	0.4313	0.4382	0.2947	0.2539	0.2862	0.6053	0.5263	0.5263
0.3764	0.3649	0.4905	0.2502	0.1861	0.4814	1.3704	1.1852	1.0741
0.4501	0.4391	0.4459	0.3517	0.3031	0.3105	0.6	0.5667	0.5
0.4218	0.4135	0.4201	0.3017	0.2579	0.2363	0.8293	0.7561	0.6098
0.4438	0.4346	0.4814	0.3437	0.2344	0.442	0.6739	0.4565	0.5
0.4284	0.4231	0.4173	0.3195	0.225	0.1919	0.8158	0.5526	0.5526
0.4595	0.4658	0.4947	0.3761	0.3283	0.4733	0.5581	0.3023	0.2558
0.4319	0.4243	0.437	0.3088	0.1037	0.2599	0.6957	0.413	0.4783
0.4343	0.4197	0.476	0.3185	0.1867	0.4408	0.7045	0.5227	0.7273
0.4593	0.4489	0.4616	0.3614	0.3087	0.3372	0.4857	0.4571	0.3714
0.4425	0.4516	0.4413	0.3229	0.348	0.2655	0.5926	0.5556	0.4444
0.4415	0.4411	0.441	0.2909	0.1879	0.2698	0.5	0.3478	0.4565
0.4227	0.4215	0.4476	0.2579	0.212	0.341	0.6364	0.5455	0.5909
0.4013	0.4015	0.4182	0.2685	0.2482	0.2919	1	0.8919	0.8378
0.4425	0.4308	0.4402	0.3525	0.2864	0.2996	0.7568	0.6216	0.5405
0.408	0.4006	0.4815	0.3098	0.1991	0.4538	1.1852	0.7407	0.7037
0.4644	0.468	0.4981	0.3704	0.3549	0.4818	0.4375	0.3333	0.12
0.4237	0.4068	0.4319	0.3145	0.2446	0.3235	0.875	0.8	0.775
0.4197	0.3958	0.4017	0.3476	0.1577	0.245	1.3333	0.7083	0.875
0.4214	0.4188	0.4532	0.257	0.2351	0.3506	0.6486	0.6216	0.5405
0.4064	0.3995	0.4784	0.2739	0.1915	0.4446	0.9412	0.7353	0.6765
0.4382	0.442	0.4608	0.3224	0.2121	0.3298	0.6591	0.3636	0.3636
0.4442	0.442	0.4488	0.3067	0.2107	0.2956	0.5106	0.3617	0.4255
0.4162	0.4103	0.405	0.2935	0.2184	0.1922	0.8824	0.6765	0.6765
0.4291	0.4335	0.4363	0.2573	0.2525	0.2892	0.5588	0.5	0.5588
0.4527	0.4428	0.4596	0.3359	0.2653	0.3533	0.4898	0.4286	0.449
0.4314	0.4255	0.4778	0.3064	0.0407	0.4336	0.6923	0.3846	0.5385
0.437	0.4401	0.4395	0.2457	0.3015	0.2093	0.4524	0.5476	0.381
0.4488	0.4556	0.4414	0.373	0.3531	0.2486	0.7805	0.5122	0.4146
0.4133	0.4146	0.4215	0.2901	0.2585	0.2763	0.9143	0.7429	0.7143
0.4473	0.4533	0.4525	0.3576	0.3238	0.2522	0.6923	0.4423	0.3208
0.4491	0.4499	0.4486	0.3358	0.284	0.2769	0.5435	0.3913	0.3913
0.4017	0.3859	0.485	0.2917	0.1537	0.4658	1.1613	0.8065	0.8065
0.4273	0.4196	0.4557	0.323	0.2346	0.3676	0.8611	0.6111	0.5833
