ncvFD_AFR	ncvFD_EUR	ncvFD_ASN	ncv_AFR	ncv_EUR	ncv_ASN	hka_AFR	hka_EUR	hka_ASN	tajd_AFR
0.4433	0.4403	0.4946	0.2944	0.2132	0.48	0.4865	0.3784	0.3784	2.01854
0.4412	0.4405	0.488	0.2846	0.3008	0.4608	0.4865	0.5405	0.4595	2.1885
0.4366	0.4374	0.494	0.3028	0.285	0.4835	0.6	0.5333	0.5778	1.97298
0.4634	0.4567	0.4557	0.3619	0.332	0.3044	0.4211	0.4211	0.3684	0.684557
0.45	0.4352	0.4658	0.3542	0.2563	0.3676	0.617	0.4894	0.4043	0.916381
0.4602	0.4601	0.4951	0.3815	0.3185	0.4786	0.5778	0.3478	0.3043	0.276341
0.4071	0.3808	0.4391	0.3286	0.2103	0.3683	1.4583	1.0417	1	1.50041
0.4418	0.4386	0.4968	0.3182	0.2975	0.4894	0.5833	0.5556	0.4444	1.61941
0.443	0.4419	0.48	0.3509	0.3198	0.4398	0.7353	0.5882	0.5294	0.974221
0.4232	0.421	0.4728	0.3065	0.1561	0.4269	0.8333	0.4762	0.6429	1.95294
0.4085	0.4187	0.4461	0.2974	0.3134	0.3847	1.0606	0.9697	1	2.1308
0.4276	0.4203	0.45	0.3153	0.2741	0.3623	0.8056	0.7222	0.6667	1.74414
0.4413	0.4233	0.4933	0.3734	0.27	0.4841	1	0.6667	0.7333	0.476296
0.4321	0.4278	0.4373	0.2697	0.203	0.2717	0.5556	0.4722	0.5	2.47336
0.4232	0.4343	0.4997	0.2382	0.2813	0.49	0.58	0.56	0.0339	3.09614
0.4702	0.4732	0.4917	0.3589	0.3678	0.451	0.3137	0.2941	0.2157	0.74766
0.4473	0.4396	0.497	0.3676	0.2962	0.4177	0.7692	0.5385	0.0417	0.612698
0.4482	0.4426	0.4987	0.3521	0.2853	0.4851	0.6389	0.4722	0.0976	0.938874
0.4155	0.4114	0.4174	0.2851	0.2716	0.2657	0.8462	0.8462	0.7308	2.24269
0.423	0.4212	0.4879	0.3205	0.2945	0.4692	0.9333	0.8	0.6667	1.63206
0.4199	0.4176	0.4931	0.3232	0.2377	0.4817	1.0256	0.641	0.6154	1.63205
0.411	0.4223	0.4909	0.27	0.3002	0.4802	0.8438	0.8125	0.875	2.56323
0.4392	0.434	0.4666	0.3095	0.2208	0.3912	0.5882	0.4412	0.5	1.7752
0.4428	0.4369	0.4538	0.3457	0.2787	0.3224	0.7045	0.5227	0.4318	1.11462
0.4242	0.4149	0.4738	0.34	0.2149	0.4339	1.0882	0.6176	0.7059	1.25907
0.4551	0.4584	0.4717	0.2752	0.281	0.3636	0.3261	0.3043	0.3043	2.27622
0.4473	0.4549	0.4919	0.3391	0.2883	0.4702	0.587	0.3478	0.383	1.23966
0.3979	0.4001	0.4919	0.267	0.2495	0.4817	1.0541	0.9189	0.8108	2.70991
0.4351	0.4368	0.499	0.3513	0.2893	0.49	0.9211	0.5526	0.1111	1.00126
0.458	0.4506	0.4957	0.3596	0.2672	0.4816	0.5	0.3571	0.3095	0.763555
0.4374	0.444	0.4924	0.3436	0.3489	0.4758	0.8	0.7	0.4667	1.12755
0.4364	0.4402	0.4926	0.3101	0.1712	0.4734	0.6316	0.3421	0.3947	1.80655
0.4272	0.4312	0.454	0.3042	0.3127	0.3591	0.75	0.7273	0.5682	1.98734
0.3321	0.3211	0.4012	0.2269	0.1895	0.3499	2.375	2.1875	2.3125	3.34834
0.4507	0.4361	0.4881	0.3931	0.2861	0.4719	0.9655	0.5517	0.7586	-0.00488565
0.4246	0.4196	0.4866	0.3071	0.2735	0.4633	0.8108	0.7297	0.5946	1.91085
0.452	0.4552	0.4616	0.3527	0.3079	0.3197	0.5714	0.381	0.3333	0.931069
0.4321	0.4484	0.4946	0.3329	0.3479	0.4807	0.8333	0.6111	0.3947	1.3873
0.4541	0.4557	0.4748	0.3007	0.2258	0.4005	0.3784	0.2703	0.3784	1.82942
0.4551	0.4991	0.4993	0.3284	0.4834	0.49	0.4318	0.0588	0.0784	1.39862
0.4542	0.4513	0.485	0.3134	0.2986	0.4497	0.4043	0.4043	0.4468	1.68798
0.4485	0.4471	0.4608	0.2925	0.2637	0.3216	0.4231	0.3846	0.3462	2.11203
0.4293	0.4314	0.4938	0.2909	0.2591	0.4814	0.6585	0.5366	0.5122	2.19482
0.4505	0.4493	0.4943	0.3683	0.3252	0.484	0.7	0.5	0.5667	0.571914
0.4158	0.4279	0.5	0.2911	0.2677	NA	0.875	0.6	0	2.24931
0.4033	0.3978	0.4918	0.2607	0.2481	0.4826	0.9231	0.9487	0.8974	2.79987
0.4188	0.4028	0.4308	0.3314	0.2128	0.3292	1.1389	0.75	0.8333	1.45886
0.4032	0.4187	0.4798	0.2036	0.2816	0.4515	0.7222	0.7778	0.75	3.53758
0.418	0.4343	0.4991	0.3253	0.3481	0.49	1.0909	0.9091	0.0952	1.57375
0.4434	0.4333	0.4833	0.3688	0.1911	0.4563	0.8824	0.4118	0.6471	0.584166
0.4226	0.402	0.4959	0.2997	0.1809	0.4894	0.8039	0.6863	0.6275	2.11446
0.4093	0.4356	0.4843	0.3344	0.366	0.4667	1.48	1.08	0.92	1.38191
0.4264	0.4261	0.4438	0.2527	0.2418	0.3053	0.5778	0.5556	0.5111	2.83633
0.4331	0.4223	0.4989	0.3559	0.2634	0.4834	1.0263	0.6579	0.0698	0.90371
0.4155	0.4223	0.439	0.2718	0.2831	0.3171	0.7838	0.7297	0.6216	2.55309
0.442	0.4288	0.4452	0.3303	0.2199	0.3033	0.6341	0.4878	0.4878	1.41876
0.4339	0.4008	0.4884	0.3533	0.1684	0.4698	0.973	0.6757	0.6486	0.958123
0.4327	0.4133	0.4764	0.3242	0.1707	0.4283	0.7647	0.5588	0.5294	1.5432
0.4497	0.4493	0.4699	0.3331	0.2881	0.3798	0.5238	0.4048	0.381	1.33291
0.4142	0.4051	0.4993	0.322	0.2111	0.485	1.1562	0.7188	0.05	1.64647
0.4257	0.4257	0.4718	0.3151	0.2714	0.4169	0.84	0.64	0.56	1.8074
0.4404	0.4335	0.4967	0.3225	0.2731	0.4892	0.6226	0.5472	0.4528	1.61965
0.4291	0.4375	0.4998	0.2744	0.2459	0.49	0.6053	0.4474	0.0213	2.44027
0.4464	0.4391	0.4966	0.3168	0.2745	0.4888	0.5128	0.4872	0.4359	1.63636
0.4573	0.4526	0.4966	0.3349	0.2632	0.4872	0.4211	0.3333	0.3684	1.30942
0.4305	0.4277	0.4413	0.3498	0.2791	0.3393	1.0278	0.6389	0.6944	1.03996
0.4553	0.4553	0.4995	0.3202	0.29	0.49	0.4082	0.3469	0.0577	1.57034
0.4194	0.4257	0.4747	0.2475	0.302	0.4328	0.6471	0.7647	0.6471	2.85698
0.4034	0.3916	0.3757	0.2959	0.2458	0.1319	1.16	1.04	0.88	2.1198
0.4474	0.4403	0.4907	0.3361	0.2668	0.4626	0.5714	0.4571	0.3429	1.25389
0.4614	0.4641	0.4791	0.349	0.3247	0.41	0.4074	0.3148	0.3333	1.00059
0.448	0.4461	0.4924	0.3441	0.2676	0.4729	0.6	0.4	0.4	1.09646
0.4549	0.4404	0.4852	0.3686	0.2464	0.4502	0.6053	0.4211	0.4474	0.571272
0.4405	0.4413	0.4832	0.3446	0.2953	0.4522	0.7429	0.5143	0.5714	1.11662
0.3855	0.3793	0.4996	0.2238	0.1764	0.49	1.0294	0.9412	0.0455	3.36935
0.4426	0.4299	0.4481	0.3368	0.2493	0.297	0.6562	0.5312	0.4375	1.24818
0.393	0.3588	0.4935	0.3246	0.2428	0.4893	1.9474	1.7368	1.5789	1.59233
0.3759	0.3742	0.4926	0.2606	0.248	0.4852	1.48	1.4	1	2.80805
0.4618	0.4566	0.4985	0.3865	0.3479	0.4767	0.575	0.475	0.0698	0.154299
0.4205	0.4179	0.4705	0.2983	0.2819	0.4281	0.8333	0.7917	0.75	1.98082
0.4027	0.4002	0.4901	0.3148	0.2891	0.4555	1.3913	1.1739	0.3	1.77125
0.4547	0.4587	0.4888	0.3574	0.3164	0.4488	0.5472	0.3585	0.2963	0.844987
0.4325	0.4225	0.4979	0.3436	0.2036	0.4579	0.913	0.5217	0.0545	1.19312
0.4255	0.4313	0.4649	0.2552	0.2409	0.3758	0.5952	0.5	0.4524	2.78288
0.4529	0.4434	0.4475	0.3585	0.2785	0.3397	0.5862	0.4483	0.5862	0.764842
0.4049	0.3993	0.457	0.2936	0.2488	0.3955	1.1071	0.9286	0.7857	2.1775
0.4502	0.4495	0.4763	0.3631	0.2411	0.4327	0.6667	0.3333	0.5833	0.700597
0.4455	0.4213	0.4443	0.3786	0.2292	0.3339	0.9355	0.5806	0.6129	0.350586
0.4619	0.4584	0.4942	0.3367	0.3383	0.4734	0.3667	0.4167	0.2833	1.25872
0.4331	0.4195	0.4918	0.3219	0.2366	0.4787	0.7447	0.617	0.6383	1.63913
0.4555	0.4478	0.4747	0.3385	0.2053	0.4168	0.4583	0.3125	0.4792	1.22135
0.4424	0.4244	0.4916	0.3221	0.2371	0.4783	0.5897	0.5641	0.641	1.56178
0.4588	0.4592	0.4902	0.309	0.2555	0.4521	0.3433	0.2687	0.2687	1.81803
0.4232	0.4162	0.4314	0.2964	0.2411	0.3005	0.7778	0.6667	0.6667	2.1019
0.4458	0.4392	0.4932	0.3347	0.212	0.4727	0.5909	0.3864	0.3409	1.32612
0.4643	0.4676	0.4976	0.3906	0.3427	0.4685	0.5455	0.3091	0.0833	0.0578621
0.4508	0.4478	0.4564	0.4027	0.3475	0.3135	1.1379	0.6207	0.3793	-0.249482
0.4625	0.4755	0.4988	0.3743	0.3266	0.4801	0.4889	0.2	0.0638	0.438184
0.4439	0.4421	0.4393	0.277	0.2858	0.2075	0.44	0.48	0.38	2.38298
0.4085	0.4168	0.4952	0.2467	0.2467	0.4536	0.7838	0.6757	0.12	2.96615
0.445	0.4646	0.4978	0.3478	0.404	0.4889	0.6757	0.6486	0.2432	1.04131
0.4103	0.4109	0.4803	0.2745	0.1672	0.4504	0.8788	0.5758	0.697	2.50586
0.4425	0.4366	0.4596	0.3431	0.2549	0.388	0.6944	0.4722	0.6389	1.14345
0.4337	0.414	0.4796	0.3671	0.2461	0.4462	1.1613	0.7097	0.6452	0.634611
0.3994	0.3913	0.4947	0.2781	0.2219	0.488	1.1	0.9333	0.8	2.47536
0.4438	0.4481	0.4981	0.3013	0.2689	0.4829	0.5	0.383	0.1296	1.96279
0.4505	0.4353	0.455	0.3652	0.3099	0.3076	0.6765	0.6471	0.3824	0.64828
0.4126	0.3944	0.4945	0.2506	0.196	0.4877	0.7419	0.8065	0.8065	2.82625
0.4014	0.4515	0.4812	0.3177	0.4082	0.4616	1.4762	1.2381	1	1.70621
0.4345	0.4395	0.4574	0.2441	0.3081	0.3679	0.4737	0.5789	0.5526	2.82626
0.4361	0.4372	0.4642	0.2512	0.2402	0.3828	0.4706	0.4412	0.5	2.67219
0.4564	0.4479	0.4825	0.3685	0.3532	0.4456	0.575	0.65	0.5	0.574492
0.4137	0.3863	0.4752	0.3129	0.2003	0.4454	1.0769	0.9231	0.8846	1.78423
0.4223	0.4175	0.4748	0.2479	0.1906	0.433	0.6129	0.5484	0.6452	2.79368
0.4241	0.416	0.4778	0.2953	0.26	0.4413	0.7568	0.7297	0.6486	2.12243
0.4154	0.3924	0.4411	0.29	0.1611	0.3541	0.875	0.75	0.8	2.27045
0.4158	0.4062	0.4483	0.3096	0.1834	0.3665	1	0.6471	0.7353	1.88681
0.42	0.426	0.4916	0.2765	0.192	0.4723	0.7368	0.4737	0.45	2.46243
0.4504	0.4489	0.4818	0.3577	0.304	0.4395	0.6286	0.4444	0.4571	0.811637
0.4619	0.4537	0.4899	0.3487	0.2327	0.4509	0.4	0.2909	0.2727	1.00645
0.4516	0.4407	0.4819	0.3421	0.2876	0.4476	0.5294	0.5	0.5588	1.11376
0.4249	0.4014	0.4886	0.3479	0.2	0.4769	1.1667	0.7333	1	1.07713
0.395	0.3964	0.4925	0.236	0.2071	0.4438	0.9375	0.8125	0.1628	3.14006
0.4561	0.4528	0.495	0.385	0.3428	0.4831	0.7027	0.5135	0.4324	0.193698
0.428	0.4284	0.4856	0.3082	0.2767	0.4546	0.7568	0.6216	0.4865	1.87628
0.4267	0.4224	0.4369	0.2813	0.2172	0.2873	0.6591	0.5455	0.5455	2.38668
0.4428	0.4375	0.4794	0.3271	0.2675	0.4354	0.6047	0.4884	0.5	1.48453
0.4402	0.4294	0.4636	0.3501	0.2562	0.3927	0.7895	0.5526	0.5789	1.01204
0.4489	0.4452	0.4906	0.3483	0.2823	0.4659	0.6042	0.4375	0.3958	1.04835
0.4418	0.4279	0.4873	0.3523	0.2304	0.4655	0.7714	0.5143	0.6	0.952689
0.441	0.414	0.4879	0.3815	0.2746	0.4718	1.1364	0.8182	0.7727	0.275724
0.4616	0.4721	0.4955	0.4029	0.3923	0.4839	0.7273	0.3939	0.3939	-0.246627
0.4507	0.4641	0.48	0.3136	0.2895	0.4211	0.4474	0.2632	0.3684	1.65631
0.4037	0.3977	0.4943	0.3048	0.2576	0.4882	1.2414	1	0.931	1.99073
0.447	0.4401	0.4777	0.3569	0.1773	0.4065	0.6939	0.3469	0.3469	0.869504
0.4676	0.4636	0.4698	0.3462	0.302	0.3217	0.3167	0.2833	0.25	1.03901
0.4066	0.4012	0.4814	0.3005	0.2498	0.46	1.129	0.9032	0.9032	2.07108
0.4509	0.453	0.4532	0.3652	0.3438	0.3276	0.6667	0.5152	0.4545	0.644434
0.4141	0.4049	0.4786	0.3198	0.2749	0.4507	1.1351	0.973	0.8108	1.71115
0.4584	0.456	0.4961	0.3347	0.2647	0.4807	0.4068	0.3051	0.2542	1.31342
0.4407	0.424	0.4671	0.3567	0.2386	0.3967	0.8333	0.5714	0.5238	0.877856
0.4442	0.438	0.4425	0.3272	0.2749	0.2958	0.5833	0.5	0.5	1.44374
0.4505	0.454	0.4872	0.307	0.3234	0.4563	0.4324	0.4324	0.4324	1.76096
0.4523	0.4376	0.4992	0.3615	0.2961	0.49	0.6154	0.5641	0.0909	0.734463
0.4542	0.4505	0.484	0.3642	0.295	0.4383	0.5938	0.4062	0.375	0.653463
0.4709	0.4764	0.4939	0.3177	0.3586	0.4669	0.234	0.234	0.234	1.45943
0.4335	0.4301	0.4405	0.3032	0.2908	0.2864	0.6471	0.6471	0.5	1.91652
0.4594	0.4547	0.4959	0.3988	0.309	0.4674	0.75	0.3889	0.15	-0.145899
0.4343	0.423	0.4814	0.3485	0.2667	0.4526	0.9149	0.6596	0.6809	1.08335
0.4543	0.4509	0.4931	0.3419	0.3317	0.4782	0.4878	0.5	0.4762	1.13488
0.3961	0.3874	0.498	0.2525	0.2393	0.4777	1	1.0769	0.1026	2.83922
0.4344	0.4291	0.4877	0.3484	0.3131	0.4704	0.9118	0.7647	0.7353	1.05376
0.4367	0.4328	0.4902	0.3365	0.3096	0.4755	0.7647	0.6857	0.6857	1.28853
0.4665	0.4649	0.4663	0.3612	0.2917	0.2707	0.371	0.2581	0.2258	0.739242
0.4398	0.4311	0.4795	0.3252	0.2849	0.4266	0.6452	0.6129	0.4194	1.47192
0.45	0.4278	0.4862	0.3803	0.242	0.4581	0.8205	0.5385	0.5128	0.313422
0.4624	0.458	0.4906	0.3785	0.3127	0.4668	0.5128	0.359	0.4103	0.337398
0.4533	0.4533	0.4724	0.3835	0.2685	0.4197	0.7619	0.3333	0.5714	0.23465
0.4121	0.408	0.4288	0.31	0.2789	0.312	1.0882	0.9412	0.7647	1.89189
0.403	0.3952	0.4822	0.3148	0.2686	0.4621	1.3846	1.1154	0.9231	1.79083
0.4036	0.4055	0.4001	0.286	0.2333	0.2334	1.0741	0.7778	0.8519	2.30097
0.4378	0.4371	0.4764	0.3111	0.236	0.4313	0.6154	0.4359	0.5641	1.78626
0.4368	0.4235	0.4702	0.3121	0.2605	0.4116	0.6341	0.6341	0.561	1.7845
0.4312	0.4245	0.4797	0.3158	0.2228	0.435	0.7442	0.5349	0.4884	1.74993
0.4484	0.4394	0.495	0.3607	0.2768	0.4786	0.6889	0.4889	0.3111	0.774751
0.4429	0.449	0.4504	0.3101	0.311	0.2478	0.5385	0.4615	0.3333	1.77591
0.4476	0.449	0.4901	0.373	0.3137	0.4647	0.8125	0.4688	0.4062	0.477043
0.411	0.4123	0.4855	0.252	0.2497	0.4667	0.7692	0.7436	0.7949	2.8925
0.4443	0.4328	0.4424	0.3442	0.2491	0.2953	0.6667	0.5	0.5	1.13447
0.4345	0.4434	0.4942	0.2819	0.2636	0.4813	0.56	0.42	0.46	2.36632
0.48	0.4832	0.4899	0.4191	0.2814	0.4395	0.3571	0.1071	0.2143	-0.644203
0.4084	0.3938	0.492	0.3016	0.2049	0.4829	1.0968	0.8387	0.9032	2.04287
0.4055	0.4034	0.4978	0.2176	0.1708	0.484	0.7308	0.6538	0.1613	3.21705
0.4465	0.438	0.4272	0.3809	0.3161	0.3008	0.9333	0.6333	0.7333	0.294279
0.4012	0.3819	0.4847	0.3045	0.2043	0.4682	1.3043	1	0.9565	1.96325
0.4079	0.4035	0.4976	0.2723	0.2437	0.4782	0.9062	0.8438	0.1282	2.54423
0.4611	0.4594	0.4696	0.3492	0.3265	0.356	0.4118	0.3725	0.3137	0.98946
0.4292	0.4237	0.4982	0.3351	0.2491	0.4872	0.9143	0.6	0.1667	1.34756
0.4572	0.4672	0.4661	0.325	0.2824	0.2724	0.3958	0.2292	0.2292	1.46522
0.4441	0.4257	0.4986	0.3663	0.2322	0.486	0.8378	0.5405	0.1136	0.644981
0.4523	0.4608	0.4998	0.3625	0.3359	0.49	0.6216	0.3784	0.025	0.70986
0.4406	0.4298	0.4747	0.3323	0.2329	0.4194	0.6667	0.5	0.5	1.40912
0.4572	0.4503	0.4968	0.3658	0.3056	0.4889	0.5455	0.4318	0.4091	0.637388
0.4643	0.4597	0.4806	0.394	0.2468	0.3964	0.5714	0.2571	0.2571	-0.0249299
0.4537	0.444	0.493	0.3511	0.2516	0.445	0.5349	0.3953	0.1556	0.960876
0.4327	0.4366	0.49	0.2998	0.3062	0.4741	0.6452	0.6129	0.6452	1.95372
0.4405	0.4308	0.4609	0.3389	0.2158	0.373	0.7073	0.4634	0.5122	1.25291
0.4394	0.4185	0.4807	0.3469	0.2538	0.4557	0.7838	0.6757	0.8108	1.07874
0.4321	0.4209	0.4724	0.3307	0.2968	0.4228	0.8182	0.8182	0.6061	1.41559
0.4319	0.4233	0.4329	0.3252	0.2736	0.2902	0.7857	0.6786	0.6071	1.4923
0.4372	0.4344	0.4872	0.3519	0.3272	0.4706	0.875	0.75	0.7917	0.931967
0.4107	0.4123	0.4648	0.2574	0.2631	0.4143	0.7941	0.7941	0.7647	2.77213
0.4339	0.4364	0.4941	0.2749	0.208	0.4814	0.5476	0.4048	0.4762	2.43155
0.4126	0.4049	0.4992	0.3173	0.2509	0.4867	1.1471	0.8529	0.0652	1.75133
0.4289	0.4058	0.48	0.3376	0.1918	0.4508	0.9444	0.6667	0.7222	1.30112
0.4389	0.4251	0.4329	0.3175	0.2052	0.2496	0.625	0.5	0.5	1.62288
0.4789	0.4661	0.49	0.4301	0.3207	0.4573	0.4643	0.2857	0.3214	-0.863659
0.4591	0.4541	0.4974	0.3507	0.2993	0.4766	0.4464	0.375	0.129	0.977962
0.4301	0.4346	0.4861	0.2784	0.28	0.4612	0.6053	0.5526	0.5789	2.37292
0.4224	0.4207	0.4903	0.2968	0.3092	0.4784	0.7931	0.8966	0.8276	2.04557
0.4454	0.4469	0.4688	0.3304	0.3228	0.3627	0.5789	0.5263	0.3421	1.38841
0.4082	0.3773	0.403	0.3503	0.2371	0.3037	1.9	1.25	1.25	1.03173
0.4174	0.4078	0.4241	0.3018	0.2384	0.2837	0.9118	0.7647	0.7059	2.02044
0.4464	0.452	0.4628	0.3591	0.3255	0.3585	0.7209	0.4651	0.4186	0.812446
0.444	0.4409	0.4953	0.3268	0.1375	0.4831	0.5854	0.3171	0.3902	1.47603
0.4383	0.4367	0.4848	0.3068	0.2576	0.4514	0.5909	0.4773	0.4773	1.88738
0.4063	0.4085	0.446	0.2709	0.2338	0.3604	0.9259	0.7407	0.7407	2.52511
0.4459	0.4582	0.4889	0.315	0.3332	0.4622	0.5135	0.4054	0.4324	1.65918
0.443	0.4502	0.4545	0.3614	0.3456	0.3606	0.8182	0.5682	0.5682	0.769198
0.4419	0.4355	0.4528	0.3412	0.3085	0.346	0.6944	0.6389	0.5278	1.18336
0.4341	0.4326	0.4848	0.3206	0.3267	0.4637	0.7188	0.7812	0.75	1.5917
0.4384	0.4941	0.4984	0.3224	0.4831	0.4802	0.6552	0.5517	0.0882	1.51727
0.4309	0.4287	0.4857	0.289	0.2583	0.4569	0.6304	0.5652	0.5217	2.2463
0.4325	0.4409	0.4872	0.3089	0.2996	0.4636	0.6875	0.5312	0.5625	1.80844
0.4078	0.3874	0.4937	0.3137	0.2311	0.46	1.2333	1.0333	0.1951	1.8167
0.4034	0.4076	0.4466	0.2635	0.2767	0.3859	0.9355	0.9355	1	2.69456
0.4577	0.4574	0.4825	0.3199	0.1598	0.4161	0.3778	0.2222	0.2889	1.53932
0.442	0.4377	0.4969	0.3368	0.2268	0.4721	0.6667	0.4167	0.1304	1.27077
0.4294	0.4369	0.4886	0.3181	0.3051	0.4692	0.7895	0.6053	0.6053	1.69309
0.4727	0.4664	0.4894	0.4169	0.3671	0.4585	0.5357	0.3929	0.3571	-0.562214
0.4174	0.4146	0.4783	0.3169	0.2899	0.4478	1.0278	0.8889	0.75	1.75106
0.4239	0.408	0.4794	0.2972	0.2139	0.4492	0.7692	0.6923	0.7179	2.10124
0.4509	0.4476	0.4576	0.3419	0.2641	0.2235	0.54	0.38	0.2549	1.18024
0.431	0.4335	0.4813	0.3049	0.2874	0.4445	0.6923	0.5897	0.5385	1.93209
0.4191	0.4998	0.4958	0.3005	0.49	0.4892	0.8718	0.0204	0.641	2.06581
0.4562	0.4596	0.4706	0.3292	0.2494	0.371	0.42	0.26	0.34	1.4025
0.4378	0.429	0.4767	0.3072	0.2891	0.4305	0.6	0.6571	0.5429	1.8292
0.4226	0.4218	0.4182	0.3094	0.2607	0.2754	0.8621	0.6552	0.7586	1.82985
0.4396	0.441	0.4661	0.327	0.3138	0.3847	0.6579	0.5789	0.4737	1.48054
0.4354	0.4259	0.4716	0.3291	0.2443	0.4191	0.7436	0.5641	0.5897	1.46162
0.4336	0.4344	0.4686	0.3081	0.3057	0.4019	0.6667	0.6429	0.5238	1.87786
0.4412	0.4367	0.4305	0.3555	0.2937	0.2563	0.8108	0.5676	0.5405	0.891972
0.4154	0.3915	0.4425	0.3258	0.2025	0.3696	1.1667	0.8611	0.9167	1.58202
0.4393	0.4334	0.4403	0.3238	0.273	0.2817	0.6471	0.549	0.4902	1.59161
0.4357	0.4338	0.4482	0.3136	0.2658	0.3119	0.6579	0.5263	0.4737	1.74779
0.4137	0.3828	0.3846	0.3455	0.2416	0.2142	1.5217	1.1739	1	1.13048
0.4509	0.4528	0.4783	0.3235	0.2715	0.3944	0.4737	0.3421	0.2895	1.4825
0.435	0.4192	0.4975	0.3558	0.2354	0.4816	0.9706	0.6176	0.1628	0.892049
0.4646	0.4662	0.4802	0.3928	0.2897	0.4195	0.5556	0.2444	0.3556	0.0036088
0.4262	0.4206	0.4554	0.3186	0.285	0.3559	0.8529	0.7647	0.5278	1.67777
0.4388	0.4274	0.4847	0.3415	0.2599	0.4535	0.7561	0.5854	0.5122	1.2067
0.4637	0.4505	0.4675	0.3888	0.249	0.3811	0.5476	0.3333	0.4286	0.0999638
0.44	0.4388	0.4812	0.3373	0.2997	0.4455	0.7059	0.5588	0.5588	1.26107
0.4127	0.4267	0.4992	0.2969	0.3095	0.49	0.9697	0.7879	0.087	2.12157
0.4238	0.4112	0.4768	0.3078	0.2144	0.4391	0.8286	0.6571	0.6571	1.89163
0.4614	0.4561	0.4874	0.3687	0.3165	0.4448	0.4815	0.3889	0.3148	0.578961
0.4243	0.4385	0.471	0.2981	0.3252	0.4211	0.7667	0.6667	0.6333	2.02209
0.4557	0.4459	0.4893	0.3603	0.2607	0.4548	0.5435	0.3913	0.3261	0.765083
0.4563	0.4423	0.4926	0.3656	0.2168	0.4752	0.561	0.3659	0.439	0.638755
0.4579	0.4637	0.4904	0.3668	0.3543	0.4648	0.5366	0.3902	0.3902	0.609571
0.4	0.3939	0.4778	0.315	0.2806	0.4567	1.4828	1.2414	1.1034	1.8125
0.4374	0.4324	0.4692	0.3127	0.2631	0.4082	0.6279	0.5349	0.5581	1.78085
0.4429	0.4389	0.4765	0.359	0.2639	0.4255	0.8	0.4667	0.5	0.792501
0.4321	0.4649	0.495	0.3113	0.401	0.4858	0.7045	0.6136	0.5455	1.83619
0.4328	0.431	0.4865	0.3106	0.299	0.4597	0.6905	0.6667	0.5238	1.83587
0.4719	0.4679	0.4904	0.3726	0.3027	0.449	0.325	0.2439	0.2439	0.43875
0.4114	0.409	0.4956	0.2976	0.2735	0.21	1	0.8947	0.0217	2.14259
0.4231	0.4204	0.4611	0.3712	0.3117	0.4219	1.72	0.92	1.08	0.546242
0.4266	0.4449	0.451	0.2725	0.3285	0.3043	0.6316	0.5789	0.4211	2.48647
0.3997	0.3774	0.4011	0.3086	0.204	0.278	1.4	1.0667	1.0667	1.94013
0.4381	0.4348	0.4969	0.2712	0.2635	0.4895	0.4902	0.5098	0.4314	2.52024
0.4459	0.4449	0.4929	0.2907	0.2723	0.4345	0.4474	0.4211	0.1304	2.06606
0.4417	0.4481	0.4981	0.3322	0.3359	0.4777	0.6471	0.5588	0.0976	1.35118
0.4572	0.4494	0.4915	0.3379	0.2207	0.4692	0.4314	0.3137	0.3922	1.23348
0.3937	0.4019	0.4952	0.245	0.2549	0.489	1	0.9167	0.7917	2.92686
0.4453	0.4351	0.493	0.3613	0.2607	0.4786	0.7632	0.5	0.5	0.756647
0.4525	0.4395	0.4517	0.3785	0.3023	0.2713	0.7353	0.5588	0.3529	0.34606
0.4156	0.4269	0.476	0.3021	0.3018	0.4416	0.9487	0.7436	0.7436	2.04878
0.4416	0.4198	0.4621	0.3743	0.279	0.39	1	0.75	0.5938	0.456712
0.4454	0.4447	0.4673	0.3364	0.2367	0.3784	0.6053	0.3684	0.4211	1.27146
0.457	0.4406	0.4849	0.3911	0.2975	0.4261	0.7353	0.5294	0.2778	0.0447629
0.4382	0.4457	0.4812	0.3222	0.3097	0.4411	0.6579	0.5	0.5	1.57644
0.426	0.4142	0.4738	0.3073	0.2053	0.4293	0.7879	0.6061	0.6364	1.87883
0.4337	0.4263	0.4983	0.3337	0.2391	0.4826	0.8065	0.5484	0.1111	1.34136
0.4333	0.4242	0.4309	0.2439	0.2396	0.2705	0.4857	0.5714	0.5714	2.8042
0.4184	0.4234	0.4646	0.2585	0.2705	0.3973	0.6923	0.6667	0.5897	2.75407
0.4161	0.4095	0.455	0.3145	0.2409	0.3832	1.0357	0.75	0.7143	1.75944
0.455	0.4565	0.4832	0.3763	0.3088	0.4343	0.6579	0.3684	0.3684	0.399062
0.4055	0.3895	0.4993	0.2809	0.1549	0.4867	1	0.7692	0.0588	2.46121
0.4101	0.4095	0.4019	0.3012	0.279	0.2086	1.0556	0.9167	0.75	2.07245
0.4346	0.4412	0.4966	0.3222	0.2611	0.4814	0.7188	0.4375	0.2286	1.56084
0.4235	0.3973	0.4951	0.3351	0.1811	0.3625	1.0526	0.7368	0.0426	1.37541
0.438	0.4316	0.4474	0.2916	0.2161	0.3017	0.5439	0.4561	0.4561	2.21458
0.4173	0.405	0.4988	0.3094	0.2032	0.49	0.9667	0.7	0.1351	1.86079
0.4014	0.4062	0.4148	0.2632	0.2875	0.2802	0.9667	1.0333	0.8333	2.69926
0.4239	0.4221	0.4576	0.3164	0.2603	0.3695	0.8837	0.6512	0.5581	1.76716
0.4306	0.4231	0.4721	0.2994	0.257	0.4199	0.6744	0.6279	0.5814	2.05213
0.4304	0.4262	0.496	0.3068	0.2338	0.4886	0.7105	0.5385	0.5385	1.89667
0.4457	0.4355	0.4656	0.3384	0.3012	0.3937	0.6098	0.6098	0.5366	1.24235
0.4248	0.4221	0.4548	0.3202	0.2757	0.3844	0.8919	0.7027	0.7297	1.66647
0.4453	0.4386	0.4501	0.3516	0.283	0.3061	0.6923	0.5128	0.4359	0.967835
0.4397	0.4362	0.483	0.339	0.3172	0.4471	0.7222	0.6667	0.5	1.23588
0.4486	0.4428	0.4632	0.341	0.2845	0.3621	0.5745	0.4681	0.4255	1.19981
0.453	0.4559	0.4897	0.3156	0.3077	0.4438	0.4237	0.3729	0.2373	1.70789
0.4407	0.4441	0.454	0.346	0.2515	0.3079	0.75	0.3939	0.3939	1.07494
0.4431	0.4478	0.4942	0.3449	0.3507	0.4818	0.6944	0.6389	0.4722	1.10442
0.4522	0.4476	0.4881	0.3858	0.338	0.4609	0.8182	0.5758	0.4545	0.174624
0.4515	0.4519	0.494	0.3502	0.3131	0.4771	0.5682	0.4318	0.3636	0.989311
0.3925	0.3651	0.3828	0.2781	0.1929	0.2525	1.25	1.2143	1.25	2.48956
0.4499	0.4594	0.463	0.362	0.3071	0.3605	0.6667	0.3333	0.4222	0.742736
0.3978	0.382	0.4994	0.287	0.1933	0.49	1.2083	0.9583	0.0606	2.28358
0.4525	0.4524	0.4806	0.3248	0.2621	0.4171	0.4561	0.3333	0.3333	1.53176
0.4212	0.4223	0.429	0.2983	0.3179	0.3027	0.8214	0.9286	0.7143	2.0178
0.3994	0.3884	0.4502	0.3399	0.2989	0.4186	2.0556	1.6111	1.7222	1.26065
0.4183	0.4323	0.4927	0.2932	0.3228	0.4672	0.8421	0.7632	0.2955	2.19193
0.4403	0.4303	0.4778	0.3354	0.2729	0.4417	0.6897	0.5862	0.6552	1.26873
0.4184	0.4093	0.4909	0.3244	0.2862	0.4769	1.0741	0.963	0.6667	1.55773
0.4256	0.4265	0.4956	0.3529	0.3154	0.49	1.2174	0.8261	0.7826	0.942919
0.4358	0.4337	0.4984	0.3205	0.2682	0.4709	0.6889	0.5333	0.0588	1.64905
0.4218	0.4132	0.4551	0.2557	0.2045	0.357	0.641	0.6154	0.5385	2.77527
0.4723	0.4737	0.4899	0.3953	0.3389	0.4143	0.4043	0.234	0.1458	-0.0572024
0.4283	0.4285	0.4898	0.2932	0.218	0.4719	0.6829	0.4878	0.5854	2.16101
0.4179	0.41	0.4954	0.2699	0.2507	0.489	0.7407	0.7778	0.7407	2.46942
0.4652	0.4668	0.4929	0.3289	0.3466	0.4569	0.3103	0.3276	0.2069	1.37797
0.4015	0.3877	0.4836	0.304	0.2091	0.4661	1.2903	0.9355	0.9677	2.02481
0.4036	0.3953	0.4545	0.2924	0.2371	0.4004	1.125	0.9375	0.9375	2.23175
0.4391	0.4178	0.4811	0.3564	0.2448	0.4541	0.8684	0.6579	0.7368	0.879588
0.4311	0.4338	0.4832	0.3084	0.2873	0.4542	0.7073	0.5854	0.6098	1.88047
0.4445	0.447	0.4898	0.3587	0.3409	0.4752	0.76	0.6	0.72	0.77275
0.4696	0.4704	0.4934	0.3894	0.3587	0.4675	0.4286	0.3095	0.2619	0.0817513
0.4622	0.4559	0.4929	0.3573	0.2692	0.4737	0.4222	0.3111	0.3778	0.804234
0.4292	0.4285	0.4994	0.3317	0.2938	0.49	0.8864	0.6818	0.0702	1.44677
0.4671	0.469	0.4922	0.3794	0.2694	0.4591	0.4286	0.2041	0.2449	0.31857
0.4407	0.4585	0.4964	0.3653	0.3809	0.4707	0.9167	0.6111	0.1429	0.6734
0.4495	0.4578	0.4569	0.3225	0.3661	0.3319	0.4884	0.5349	0.4186	1.53665
0.4414	0.4397	0.4652	0.3334	0.2874	0.361	0.6585	0.5122	0.3902	1.36071
0.4432	0.4379	0.4934	0.3497	0.2462	0.4773	0.7222	0.4444	0.4167	1.00567
0.392	0.3683	0.468	0.2928	0.1939	0.4387	1.4167	1.1667	1.1667	2.21296
0.4463	0.4489	0.4651	0.3571	0.3282	0.3763	0.7097	0.5161	0.4516	0.824606
0.4692	0.4666	0.4889	0.4005	0.3269	0.4486	0.5	0.2917	0.2917	-0.185745
0.4499	0.4423	0.4613	0.3518	0.2807	0.3744	0.6047	0.4651	0.5116	0.958441
0.4138	0.412	0.4122	0.3158	0.2684	0.2744	1.1026	0.8205	0.8462	1.79598
0.3942	0.3904	0.4909	0.2601	0.234	0.4803	1.0789	1	0.8684	2.84044
0.4444	0.4343	0.4891	0.3267	0.2071	0.4653	0.5789	0.4211	0.4737	1.46288
0.4409	0.4421	0.4554	0.3385	0.3174	0.3373	0.697	0.5758	0.4545	1.22853
0.4156	0.4045	0.4321	0.2993	0.22	0.3404	0.9286	0.75	0.8929	2.03014
0.4268	0.4224	0.4342	0.2793	0.2354	0.2714	0.6512	0.5814	0.5349	2.41268
0.4222	0.4085	0.4792	0.3074	0.1936	0.4448	0.8571	0.6429	0.6429	1.85735
0.4069	0.4065	0.4286	0.2962	0.2744	0.3335	1.0857	0.9429	0.9143	2.16862
0.4533	0.4672	0.4711	0.3313	0.3774	0.3764	0.4651	0.4186	0.3488	1.35216
0.4621	0.4609	0.4728	0.3525	0.3602	0.3431	0.4091	0.4545	0.25	0.898908
0.4322	0.4278	0.4464	0.2868	0.2688	0.3394	0.6042	0.6042	0.6042	2.28643
0.4592	0.4482	0.4595	0.3732	0.2818	0.3539	0.5476	0.4048	0.4524	0.465419
0.3959	0.3785	0.3946	0.3046	0.22	0.2832	1.4583	1.125	1.25	1.99125
0.422	0.4258	0.4915	0.2885	0.2875	0.4805	0.7576	0.697	0.7879	2.21919
0.3922	0.3982	0.465	0.2264	0.2472	0.4136	0.9375	0.9375	0.75	3.28145
0.424	0.4164	0.4497	0.3042	0.1881	0.3614	0.8056	0.5556	0.6667	1.96138
0.4371	0.4342	0.4674	0.3332	0.2404	0.389	0.7353	0.4706	0.4706	1.35309
0.48	0.4786	0.4802	0.4097	0.3744	0.3628	0.3137	0.2353	0.1961	-0.394769
0.4425	0.444	0.476	0.3065	0.2576	0.397	0.5319	0.4043	0.3404	1.88472
0.4355	0.4225	0.4717	0.3479	0.2572	0.4181	0.8788	0.6364	0.5758	1.05797
0.4555	0.4575	0.4871	0.3706	0.3256	0.4551	0.6061	0.3939	0.4242	0.516366
0.4415	0.4404	0.4676	0.3149	0.2802	0.3923	0.5758	0.4848	0.4848	1.65982
0.4353	0.4485	0.4524	0.2616	0.2851	0.2866	0.5	0.4074	0.3704	2.70339
0.4087	0.4001	0.4528	0.2856	0.2542	0.4001	0.9706	0.9412	1	2.34033
0.4402	0.4294	0.454	0.3405	0.2308	0.3706	0.7222	0.5	0.6389	1.20372
0.4682	0.4671	0.4927	0.3237	0.2608	0.4598	0.2692	0.2115	0.2308	1.41945
0.456	0.4545	0.4657	0.3544	0.2507	0.3647	0.5116	0.3023	0.3953	0.883036
0.4622	0.459	0.4892	0.3658	0.332	0.4538	0.4565	0.3913	0.3191	0.627083
0.4366	0.4461	0.4488	0.3348	0.3445	0.3329	0.7561	0.6341	0.5366	1.34955
0.4363	0.4418	0.4908	0.2956	0.2923	0.4753	0.5789	0.5	0.6053	2.05569
0.4244	0.4314	0.4985	0.2986	0.2868	0.477	0.7692	0.6154	0.0732	2.07483
0.438	0.42	0.4896	0.3481	0.2684	0.4705	0.8235	0.7059	0.5588	1.05031
0.4564	0.4491	0.4915	0.3673	0.2998	0.4736	0.5676	0.4324	0.4865	0.593546
0.435	0.4285	0.4296	0.3302	0.2721	0.266	0.7576	0.6061	0.5758	1.4137
0.3971	0.4086	0.4046	0.2328	0.2606	0.2314	0.8919	0.8378	0.7838	3.21892
0.4223	0.3957	0.491	0.3507	0.2168	0.4797	1.2963	0.8519	0.8148	1.01344
0.4525	0.4474	0.4631	0.3169	0.2471	0.3315	0.434	0.3585	0.3396	1.66428
0.4188	0.4183	0.4529	0.2587	0.2565	0.36	0.6875	0.6875	0.5938	2.68294
0.4346	0.4298	0.4626	0.3215	0.2542	0.3884	0.7143	0.5429	0.5714	1.59028
0.4397	0.4455	0.44	0.3375	0.3289	0.2648	0.7143	0.5714	0.4571	1.2623
0.428	0.4073	0.4735	0.35	0.1992	0.4307	1.1	0.6667	0.6667	1.02454
0.4419	0.4353	0.496	0.3601	0.2448	0.4873	0.8333	0.4667	0.4667	0.771693
0.432	0.4081	0.4315	0.3457	0.2638	0.3181	0.9444	0.8611	0.75	1.1244
0.3824	0.3834	0.3653	0.2758	0.2556	0.1943	1.4783	1.2609	1.2174	2.52329
0.4415	0.4304	0.4399	0.3276	0.2714	0.2425	0.629	0.5806	0.4194	1.53583
0.4581	0.4473	0.4563	0.384	0.2859	0.3222	0.6444	0.4222	0.4	0.220153
0.4378	0.4279	0.4869	0.3786	0.2875	0.4679	1.2083	0.6667	0.7083	0.350367
0.4333	0.432	0.4945	0.3593	0.3415	0.4417	1.0625	0.9062	0.1111	0.814261
0.4274	0.4211	0.474	0.3201	0.2737	0.4381	0.8387	0.7097	0.7742	1.62609
0.4426	0.4321	0.4717	0.3213	0.2882	0.4159	0.5833	0.6111	0.5556	1.55945
0.424	0.4136	0.4704	0.3144	0.2527	0.4234	0.8684	0.7368	0.6842	1.78397
0.4519	0.4568	0.484	0.3261	0.3175	0.4397	0.4681	0.383	0.383	1.47375
0.4529	0.4547	0.4926	0.3782	0.3198	0.4781	0.7241	0.4138	0.5172	0.345138
0.4077	0.4125	0.4792	0.2715	0.2605	0.4486	0.9062	0.7812	0.7188	2.55768
0.4381	0.428	0.4922	0.3462	0.2618	0.4811	0.8056	0.5833	0.7222	1.09448
0.4697	0.4671	0.4806	0.3868	0.2678	0.3791	0.413	0.2174	0.2174	0.143562
0.4114	0.4109	0.4811	0.3059	0.2672	0.4583	1.0667	0.8333	0.8667	1.94761
0.4326	0.4254	0.4876	0.3399	0.2784	0.4652	0.8788	0.6667	0.5758	1.23191
0.4471	0.4248	0.4401	0.37	0.1448	0.2895	0.7949	0.4359	0.5128	0.557644
0.4226	0.4087	0.456	0.3114	0.255	0.3865	0.875	0.8125	0.7188	1.81356
0.4442	0.4369	0.4577	0.2982	0.1592	0.3233	0.4857	0.3571	0.3857	2.10854
0.4494	0.4474	0.4595	0.3163	0.2611	0.3287	0.4717	0.3774	0.3774	1.69454
0.4425	0.4411	0.4347	0.3356	0.2936	0.2966	0.6512	0.5116	0.6047	1.3189
0.4063	0.3893	0.4941	0.305	0.2134	0.4552	1.1786	0.9286	0.1579	1.97069
0.4478	0.4394	0.5	0.3865	0.2813	NA	0.9688	0.5	0	0.158859
0.4016	0.3775	0.49	0.3157	0.1747	0.4817	1.44	0.96	1.24	1.77167
0.4641	0.4615	0.4902	0.4067	0.3646	0.4597	0.6923	0.4615	0.3333	-0.346415
0.4321	0.4336	0.4871	0.2452	0.2993	0.4603	0.5	0.6304	0.5	2.90876
0.4619	0.4656	0.4933	0.3904	0.2938	0.4092	0.6	0.2545	0.0877	0.0645704
0.4238	0.4145	0.4787	0.3305	0.1916	0.4458	1	0.5789	0.6842	1.47009
0.4624	0.4608	0.4932	0.3678	0.3279	0.4738	0.4615	0.359	0.359	0.569428
0.43	0.4904	0.4986	0.2866	0.474	0.4834	0.6333	0.6	0.0909	2.17161
0.4403	0.434	0.4643	0.3258	0.2722	0.3704	0.64	0.54	0.44	1.54514
0.407	0.402	0.4952	0.2945	0.2646	0.4896	1.069	0.9655	0.8621	2.15958
0.4348	0.4276	0.4551	0.3539	0.2902	0.3934	0.9545	0.6818	0.8182	0.888993
0.4683	0.4697	0.4994	0.3689	0.3028	0.49	0.3684	0.2281	0.0667	0.558702
0.4141	0.4204	0.4233	0.264	0.2972	0.2349	0.7714	0.8286	0.5714	2.66378
0.4291	0.4101	0.4986	0.3216	0.2093	0.43	0.8158	0.6579	0.0217	1.62618
0.4369	0.4271	0.4353	0.345	0.3009	0.2744	0.8235	0.7353	0.5294	1.11788
0.4479	0.4495	0.4544	0.3702	0.3403	0.3579	0.7778	0.5556	0.5556	0.529085
0.4661	0.4619	0.4968	0.3412	0.3301	0.4834	0.3243	0.3514	0.2432	1.05571
0.4637	0.4516	0.4661	0.3907	0.2792	0.3717	0.561	0.3659	0.4146	0.0536782
0.4257	0.4021	0.472	0.3479	0.2266	0.4404	1.1429	0.8	0.9429	1.09124
0.4701	0.4719	0.4942	0.3916	0.2352	0.4717	0.4286	0.1633	0.2653	0.0316887
0.4496	0.4491	0.4983	0.2894	0.2613	0.4834	0.4043	0.3617	0.1132	2.12352
0.4597	0.4667	0.4886	0.3584	0.322	0.4517	0.4667	0.2826	0.3261	0.790704
0.4401	0.4318	0.4946	0.3335	0.2043	0.4828	0.6829	0.439	0.4634	1.36358
0.4423	0.4389	0.4961	0.3311	0.3059	0.4878	0.6316	0.5789	0.4737	1.38904
0.4492	0.449	0.4665	0.3171	0.3304	0.3869	0.4762	0.5238	0.4762	1.62954
0.4083	0.4073	0.4966	0.2463	0.2278	0.4749	0.7857	0.7381	0.16	3.01078
0.4319	0.4382	0.496	0.2652	0.3021	0.4883	0.5455	0.5758	0.5152	2.50722
0.4426	0.4292	0.4829	0.3613	0.251	0.4498	0.8286	0.5429	0.5429	0.756209
0.4238	0.4157	0.4108	0.3121	0.1944	0.2059	0.8571	0.5714	0.6429	1.84499
0.4255	0.431	0.4996	0.308	0.3011	0.49	0.8	0.675	0.0377	1.90707
0.4396	0.4463	0.4665	0.3345	0.3256	0.3887	0.697	0.5455	0.4857	1.31077
0.4577	0.4554	0.4995	0.3676	0.3269	0.49	0.5455	0.4242	0.0556	0.57506
0.42	0.4167	0.4077	0.2981	0.2705	0.1879	0.84	0.76	0.64	1.99819
0.4285	0.4343	0.4958	0.3151	0.3035	0.4624	0.7879	0.6364	0.1316	1.72535
0.4337	0.444	0.42	0.3442	0.3521	0.2653	0.8889	0.7222	0.6944	1.15119
0.4358	0.4296	0.4674	0.3444	0.2676	0.4129	0.8421	0.5789	0.6579	1.14638
0.4377	0.4312	0.4495	0.3336	0.1871	0.365	0.7273	0.4242	0.697	1.33656
0.4204	0.4153	0.4807	0.2879	0.2338	0.4521	0.7805	0.6585	0.7073	2.28982
0.4354	0.4186	0.4493	0.3226	0.2637	0.3214	0.7073	0.7073	0.4878	1.5949
0.4322	0.4416	0.4755	0.2985	0.2915	0.4255	0.6471	0.5	0.5294	2.00284
0.4404	0.4329	0.4465	0.3184	0.2351	0.3284	0.6053	0.4737	0.5526	1.63571
0.404	0.4064	0.4958	0.2764	0.2623	0.49	1	0.88	0.72	2.43245
0.4347	0.4273	0.4606	0.2732	0.1191	0.3565	0.5333	0.4	0.4444	2.47483
0.4437	0.4236	0.4585	0.3562	0.2428	0.3773	0.7586	0.5862	0.5862	0.843153
0.4499	0.4468	0.4947	0.3366	0.2889	0.4657	0.5333	0.4333	0.1875	1.20309
0.3894	0.3909	0.4953	0.2474	0.1972	0.49	1.0882	0.8529	0.9118	3.0254
0.4317	0.4356	0.4936	0.3295	0.3152	0.48	0.8182	0.6667	0.4848	1.44064
0.4523	0.4479	0.4578	0.344	0.345	0.3369	0.5263	0.6053	0.4211	1.09188
0.4506	0.4492	0.4536	0.3432	0.2654	0.3027	0.551	0.3673	0.3878	1.15204
0.451	0.4523	0.4993	0.3665	0.2844	0.4867	0.6735	0.3673	0.0556	0.645753
0.4729	0.4715	0.4776	0.4084	0.3099	0.3401	0.4634	0.2195	0.1951	-0.371718
0.43	0.4282	0.4935	0.3109	0.2506	0.4829	0.7368	0.5526	0.6316	1.82451
0.4193	0.3908	0.449	0.3103	0.1764	0.3845	0.9333	0.8	0.9	1.83511
0.4308	0.4186	0.4572	0.3626	0.3043	0.378	1.1905	0.9048	0.619	0.714701
0.4328	0.4334	0.4946	0.2605	0.1803	0.4822	0.525	0.4	0.45	2.63801
0.4544	0.4417	0.4905	0.379	0.305	0.4693	0.6923	0.5385	0.4615	0.319461
0.4318	0.4394	0.481	0.3532	0.2618	0.4535	1.0303	0.4571	0.7273	0.956017
0.4587	0.4458	0.4716	0.3524	0.2628	0.3799	0.4583	0.3958	0.3542	0.927382
0.4231	0.4287	0.4958	0.3013	0.2887	0.4883	0.8049	0.6585	0.561	2.044
0.4277	0.4121	0.4952	0.3439	0.3082	0.4401	1.0357	1.0714	0.093	1.14598
0.4289	0.4279	0.499	0.3433	0.3306	0.4867	1	0.9062	0.0811	1.17
0.4263	0.431	0.4918	0.3042	0.2537	0.4759	0.7647	0.5294	0.5294	1.93774
0.4397	0.436	0.4761	0.3219	0.2761	0.4356	0.6316	0.5263	0.6316	1.57479
0.4208	0.4112	0.4961	0.307	0.2502	0.49	0.88	0.76	0.64	1.84442
0.4786	0.4841	0.4959	0.4174	0.3972	0.4785	0.383	0.2041	0.2449	-0.590958
0.426	0.4195	0.4285	0.3383	0.2795	0.2775	1.0222	0.7556	0.6222	1.31979
0.4249	0.4322	0.4348	0.3089	0.3073	0.2972	0.8158	0.6842	0.6053	1.88366
0.4442	0.4393	0.4963	0.3271	0.2811	0.4888	0.5833	0.5	0.5	1.49658
0.4114	0.4033	0.4599	0.3217	0.231	0.408	1.2286	0.8	0.8571	1.67352
0.4575	0.4518	0.4914	0.3803	0.3116	0.4691	0.6286	0.4286	0.4	0.299011
0.4268	0.4083	0.4527	0.335	0.1951	0.3923	0.9706	0.6471	0.8824	1.35378
0.4453	0.4296	0.4361	0.3798	0.3452	0.3441	0.9583	1	0.8333	0.312609
0.414	0.3866	0.4278	0.3299	0.2433	0.3239	1.2571	1.1143	0.8571	1.49939
0.4544	0.4523	0.4933	0.3615	0.3299	0.4763	0.575	0.475	0.4	0.731192
0.4066	0.3816	0.4756	0.3384	0.2632	0.4554	1.6667	1.3667	1.2667	1.32439
0.4181	0.4369	0.4842	0.2809	0.3359	0.4598	0.7838	0.7568	0.6757	2.3927
0.4293	0.4199	0.4908	0.3037	0.1885	0.4735	0.7143	0.5238	0.5476	1.9781
0.4004	0.3917	0.4341	0.2709	0.1836	0.3431	1.0323	0.8065	0.871	2.5949
0.4116	0.4119	0.4863	0.2567	0.25	0.4657	0.7778	0.75	0.6944	2.79532
0.4437	0.4481	0.4889	0.291	0.3114	0.4616	0.4737	0.4737	0.4211	2.07851
0.4488	0.4433	0.4974	0.3402	0.2697	0.49	0.5676	0.4324	0.3514	1.17834
0.4361	0.4104	0.4929	0.3662	0.2725	0.4848	1.0667	0.8667	0.9	0.649829
0.4337	0.4234	0.4947	0.3425	0.2999	0.4871	0.875	0.7917	0.7083	1.13
0.4357	0.4185	0.484	0.3417	0.1834	0.4556	0.8235	0.5294	0.5882	1.18873
0.4413	0.4277	0.4832	0.3459	0.2374	0.4498	0.7353	0.5294	0.5294	1.08421
0.4534	0.4546	0.4625	0.3528	0.3247	0.3663	0.5476	0.4286	0.4524	0.923043
0.4346	0.4265	0.4356	0.2646	0.2223	0.3193	0.5143	0.5143	0.6857	2.51566
0.4151	0.4072	0.4885	0.3261	0.242	0.4772	1.1786	0.7857	1.0357	1.54381
0.4498	0.4499	0.486	0.3341	0.3109	0.4435	0.525	0.45	0.35	1.30378
0.4492	0.4429	0.4426	0.3889	0.2343	0.2961	0.9524	0.381	0.5	0.103742
0.4441	0.4453	0.469	0.3623	0.2629	0.4181	0.8	0.4	0.6667	0.717918
0.4387	0.4356	0.4988	0.3061	0.2417	0.4841	0.5833	0.4583	0.0862	1.91656
0.4223	0.4247	0.4644	0.2922	0.2638	0.4042	0.7714	0.6286	0.6571	2.1714
0.4375	0.4428	0.4353	0.3141	0.3138	0.2485	0.6316	0.5526	0.4737	1.72848
0.4356	0.4434	0.498	0.3067	0.3071	0.4856	0.6304	0.5217	0.1607	1.91218
0.4243	0.4304	0.4915	0.2687	0.2281	0.4734	0.6486	0.4865	0.4865	2.55006
0.444	0.446	0.4427	0.2943	0.2743	0.2404	0.4783	0.413	0.3913	2.07898
0.4514	0.4521	0.4801	0.3138	0.2662	0.4247	0.439	0.3415	0.3902	1.66803
0.4148	0.4177	0.426	0.2502	0.2088	0.2648	0.7115	0.5769	0.6154	2.98021
0.4351	0.4422	0.4731	0.3242	0.3427	0.4125	0.7209	0.6977	0.4884	1.57438
0.4189	0.4147	0.469	0.2743	0.2727	0.4173	0.7429	0.8	0.6571	2.47961
0.4493	0.4532	0.4851	0.3406	0.2848	0.4322	0.56	0.3585	0.3019	1.21196
0.4016	0.386	0.4925	0.2896	0.1858	0.4843	1.1471	0.8824	0.9412	2.29957
0.4574	0.4486	0.4941	0.3573	0.3119	0.4581	0.5	0.4688	0.1714	0.781497
0.4393	0.4417	0.4932	0.3412	0.2663	0.4797	0.7442	0.4419	0.5116	1.21665
0.4053	0.3903	0.4923	0.2731	0.1657	0.4828	0.9565	0.7826	0.8261	2.62888
0.4395	0.4433	0.4723	0.3061	0.2781	0.4099	0.5714	0.449	0.4898	1.91633
0.4424	0.4308	0.497	0.3656	0.2664	0.49	0.875	0.5625	0.4375	0.654246
0.443	0.4437	0.4388	0.3573	0.328	0.2939	0.7838	0.5946	0.5405	0.847502
0.4485	0.4399	0.4828	0.3662	0.254	0.4409	0.7292	0.4375	0.4375	0.655233
0.4262	0.4119	0.4588	0.3334	0.2219	0.3854	0.9697	0.6667	0.6364	1.3842
0.4129	0.4106	0.4896	0.2928	0.2241	0.4734	0.9375	0.6875	0.6562	2.18429
0.4336	0.4261	0.4814	0.323	0.2988	0.4493	0.7419	0.7419	0.6129	1.54381
0.3953	0.3773	0.4542	0.3253	0.2126	0.4128	1.8571	1.1071	1.2143	1.61822
0.4431	0.4401	0.4964	0.3202	0.2744	0.4879	0.5714	0.4762	0.4286	1.60904
0.4431	0.4143	0.4302	0.3864	0.2682	0.3351	1.1429	0.7857	0.8929	0.162084
0.4125	0.406	0.4987	0.2578	0.2046	0.4886	0.7692	0.6923	0.1346	2.79842
0.4452	0.4463	0.475	0.275	0.2684	0.4012	0.4222	0.4	0.3778	2.36795
0.4039	0.3751	0.469	0.3353	0.2121	0.4401	1.7143	1.1429	1.1429	1.35837
0.4526	0.4624	0.4913	0.3263	0.2993	0.4623	0.4583	0.2917	0.3125	1.47083
0.4267	0.4243	0.4936	0.3215	0.2706	0.4824	0.8621	0.6552	0.5862	1.59078
0.4293	0.4024	0.4864	0.3629	0.2476	0.4698	1.25	0.875	0.8438	0.742109
0.413	0.4002	0.4988	0.3137	0.2379	0.4875	1.1	0.8667	0.1053	1.7979
0.3932	0.3989	0.4942	0.2972	0.3069	0.3716	1.44	1.4	0.0541	2.13881
0.4243	0.4111	0.4145	0.3172	0.236	0.2497	0.881	0.7143	0.7143	1.74501
0.4257	0.4347	0.4254	0.3004	0.3203	0.2605	0.7561	0.7073	0.6098	2.04907
0.4312	0.4233	0.4299	0.334	0.2667	0.3006	0.8621	0.6552	0.6897	1.33613
0.3973	0.4087	0.4984	0.2716	0.3059	0.4883	1.0968	1.129	0.1622	2.59786
0.4584	0.4514	0.4949	0.3898	0.3202	0.4828	0.6857	0.4571	0.4286	0.0770421
0.4367	0.4257	0.4294	0.3415	0.2955	0.2842	0.8	0.7333	0.6333	1.17266
0.4416	0.4328	0.4894	0.3192	0.2689	0.4638	0.5909	0.5455	0.4318	1.64391
0.4194	0.4062	0.4202	0.3118	0.2025	0.2912	0.9429	0.6857	0.8	1.83615
0.4617	0.4599	0.4958	0.3566	0.3487	0.4818	0.4286	0.4286	0.3095	0.812107
0.4379	0.4383	0.436	0.3246	0.2764	0.2653	0.675	0.5	0.5	1.54154
0.4561	0.4535	0.4616	0.3615	0.3296	0.3564	0.5429	0.4571	0.4286	0.711999
0.4324	0.426	0.4722	0.3173	0.2327	0.4263	0.7308	0.5385	0.6538	1.61536
0.3937	0.3761	0.4791	0.2562	0.1712	0.458	1.0625	0.9688	1.0312	2.85987
0.4653	0.4629	0.4711	0.3865	0.3018	0.2974	0.5	0.2895	0.2105	0.14989
0.4635	0.4673	0.4981	0.3548	0.3547	0.49	0.3947	0.3421	0.2368	0.826127
0.4665	0.4681	0.4878	0.3698	0.2778	0.4421	0.4	0.2174	0.2826	0.526856
0.4363	0.428	0.449	0.3403	0.3301	0.3127	0.8	0.9	0.4667	1.19696
0.3969	0.3873	0.4911	0.2601	0.1812	0.4796	1.0294	0.8529	0.7941	2.80208
0.4391	0.4272	0.497	0.3441	0.1666	0.49	0.7692	0.4359	0.4359	1.14579
0.4461	0.4368	0.4613	0.3539	0.3137	0.3693	0.6923	0.641	0.4872	0.916454
0.4147	0.3949	0.4991	0.3024	0.2109	0.49	0.9688	0.8438	0.0952	2.00931
0.4178	0.4077	0.4823	0.2834	0.1969	0.4541	0.8	0.6571	0.6571	2.34048
0.4543	0.4339	0.4983	0.3693	0.228	0.4713	0.6226	0.4528	0.0645	0.578775
0.4558	0.469	0.4793	0.3699	0.3219	0.411	0.5965	0.2586	0.3333	0.564862
0.4419	0.432	0.4431	0.3704	0.2642	0.3332	0.9429	0.5429	0.6286	0.552296
0.4163	0.4191	0.4271	0.3031	0.2594	0.3025	0.9429	0.6857	0.7429	2.00769
0.4145	0.4469	0.4797	0.302	0.2752	0.4505	0.9706	0.4054	0.7353	2.02969
0.4285	0.4881	0.4176	0.3371	0.4703	0.2151	0.9487	0.6923	0.5897	1.32268
0.4461	0.4901	0.4945	0.3341	0.4485	0.4756	0.5833	0.25	0.3	1.30305
0.4256	0.4138	0.4933	0.3304	0.1424	0.4822	0.9565	0.5217	0.6087	1.48868
0.3843	0.4085	0.487	0.2403	0.3063	0.4709	1.1379	1.1379	0.8276	3.10482
0.4721	0.4691	0.475	0.3938	0.3683	0.3549	0.4	0.3556	0.2444	-0.0206211
0.4267	0.4217	0.4783	0.3127	0.2499	0.4473	0.8065	0.625	0.7419	1.76513
0.4308	0.4308	0.4985	0.306	0.2712	0.4867	0.7	0.575	0.125	1.91859
0.4554	0.4533	0.4973	0.3625	0.2894	0.49	0.561	0.3659	0.3659	0.709055
0.4256	0.4238	0.4728	0.3225	0.293	0.427	0.8929	0.75	0.6429	1.57145
0.4488	0.4346	0.499	0.3546	0.2744	0.4834	0.641	0.5385	0.0682	0.893534
0.459	0.4538	0.4972	0.3778	0.278	0.467	0.5789	0.3421	0.0952	0.358418
0.4075	0.4039	0.49	0.2758	0.258	0.4791	0.9333	0.9	0.9333	2.47348
0.4183	0.4174	0.4515	0.3032	0.2833	0.3724	0.9032	0.8065	0.7097	1.9733
0.4481	0.4473	0.4921	0.3762	0.368	0.4744	0.8286	0.7714	0.4571	0.408642
0.4395	0.4383	0.4359	0.3449	0.2892	0.29	0.7667	0.5333	0.5667	1.09316
0.4501	0.4423	0.4869	0.3166	0.2903	0.4491	0.4634	0.4878	0.3659	1.62817
0.4239	0.4177	0.4982	0.3072	0.2506	0.485	0.8235	0.6765	0.1429	1.89501
0.4671	0.4607	0.461	0.398	0.2878	0.2212	0.5319	0.2917	0.2292	-0.126214
0.4024	0.3932	0.4559	0.2814	0.202	0.3993	1.0645	0.8387	0.871	2.41588
0.4029	0.3833	0.4906	0.2966	0.1464	0.4808	1.1786	0.8214	0.9643	2.13356
0.4435	0.4411	0.4649	0.3354	0.227	0.3795	0.6327	0.3878	0.4694	1.33719
0.42	0.4025	0.4962	0.296	0.1328	0.49	0.8293	0.6098	0.6098	2.15042
0.4365	0.4445	0.4398	0.3231	0.3253	0.2835	0.6905	0.5714	0.5	1.58582
0.4402	0.4294	0.4469	0.3653	0.2739	0.3333	0.9333	0.6	0.5667	0.660901
0.4288	0.4206	0.4185	0.2647	0.1607	0.1429	0.5806	0.4839	0.4839	2.51467
0.4244	0.4304	0.4732	0.2798	0.278	0.4194	0.6857	0.6	0.5429	2.36044
0.4586	0.4634	0.4764	0.3593	0.3042	0.3835	0.4889	0.2889	0.2889	0.77524
0.4318	0.4264	0.4768	0.3261	0.2673	0.4403	0.7941	0.6176	0.6765	1.51148
0.4183	0.4145	0.4385	0.2916	0.2434	0.3193	0.8333	0.6944	0.6389	2.20762
0.4167	0.4059	0.4789	0.2853	0.213	0.445	0.8286	0.7143	0.6571	2.31354
0.4487	0.449	0.4603	0.3764	0.3535	0.3397	0.8158	0.6316	0.3947	0.406555
0.4271	0.4166	0.4925	0.3629	0.2744	0.4816	1.3333	0.7778	0.7037	0.734651
0.4241	0.4191	0.492	0.3229	0.257	0.481	0.9286	0.6786	0.75	1.56995
0.4259	0.4107	0.4857	0.3283	0.2653	0.4679	0.931	0.8276	0.8276	1.46662
0.4478	0.4344	0.4995	0.3693	0.2753	0.49	0.7714	0.5429	0.05	0.567035
0.4452	0.462	0.4736	0.3257	0.2096	0.407	0.5625	0.2157	0.4375	1.51882
0.452	0.4558	0.478	0.364	0.2301	0.4113	0.6364	0.2727	0.3636	0.692713
0.4534	0.4442	0.4963	0.3706	0.1881	0.4827	0.6512	0.3256	0.2791	0.538731
0.4106	0.4173	0.4916	0.2911	0.272	0.4788	0.9697	0.7576	0.6667	2.23177
0.4321	0.4266	0.492	0.3514	0.2779	0.4809	1	0.6486	0.7297	1.00311
0.4088	0.413	0.497	0.2261	0.2574	0.4542	0.7143	0.7619	0.0741	3.28601
0.4277	0.4305	0.4904	0.3163	0.3169	0.4724	0.8095	0.7619	0.5476	1.75159
0.4254	0.4189	0.4883	0.3224	0.2984	0.4724	0.8966	0.8621	0.7586	1.57934
0.4478	0.4386	0.4971	0.3774	0.2099	0.49	0.8529	0.3889	0.4167	0.378685
0.4407	0.4504	0.4872	0.3145	0.3331	0.4599	0.5854	0.5122	0.4878	1.72021
0.458	0.4533	0.4809	0.3817	0.2925	0.4204	0.6286	0.3714	0.3429	0.267913
0.4549	0.4524	0.4806	0.3502	0.2817	0.4088	0.5106	0.3617	0.2979	0.984195
0.4374	0.437	0.4823	0.3232	0.2583	0.4406	0.675	0.475	0.45	1.57102
0.4325	0.4279	0.4964	0.3315	0.2778	0.4895	0.8158	0.6316	0.5263	1.42133
0.4291	0.4157	0.4789	0.3275	0.2732	0.4496	0.8571	0.7857	0.7619	1.52643
0.4617	0.4785	0.4988	0.3618	0.419	0.4834	0.4474	0.3947	0.0769	0.694262
0.4305	0.4148	0.4951	0.3353	0.2479	0.4584	0.8864	0.7045	0.1404	1.36766
0.4264	0.4182	0.4532	0.3524	0.1731	0.3938	1.1852	0.5185	0.8889	0.966617
0.4453	0.4404	0.4807	0.3534	0.253	0.4299	0.7045	0.4318	0.4091	0.942112
0.4292	0.4225	0.4914	0.3475	0.2959	0.4797	1.0357	0.7857	0.75	1.06628
0.4408	0.4439	0.4739	0.3313	0.3164	0.414	0.6591	0.5455	0.4773	1.41417
0.4371	0.4512	0.4934	0.3456	0.3529	0.48	0.8235	0.5882	0.5	1.10435
0.4382	0.4249	0.4466	0.3499	0.2679	0.3467	0.8333	0.6389	0.6389	1.01787
0.4426	0.4467	0.4957	0.3574	0.3036	0.4732	0.7941	0.4706	0.1951	0.83874
0.4607	0.4618	0.4948	0.3696	0.2978	0.471	0.5	0.2955	0.2273	0.544725
0.4405	0.4425	0.4948	0.273	0.2828	0.4811	0.4681	0.4681	0.383	2.45048
0.4405	0.431	0.4914	0.2988	0.2331	0.4734	0.5349	0.4884	0.4884	2.00827
0.4398	0.4364	0.4795	0.3043	0.3214	0.4422	0.561	0.6829	0.5854	1.90618
0.4549	0.4438	0.4783	0.3752	0.2332	0.4252	0.6512	0.3721	0.4419	0.42976
0.4257	0.4159	0.4629	0.3151	0.2007	0.3861	0.8387	0.5806	0.5484	1.72583
0.4309	0.4079	0.486	0.351	0.2487	0.468	1.0286	0.8	0.8	1.01012
0.4174	0.4051	0.4405	0.3095	0.2282	0.3662	0.9667	0.7667	0.9333	1.85883
0.4698	0.4735	0.4987	0.3643	0.3083	0.49	0.3333	0.2	0.1556	0.627544
0.4486	0.4459	0.4788	0.347	0.3104	0.4332	0.6042	0.5	0.5	1.07677
0.3901	0.3874	0.4655	0.2949	0.2649	0.4326	1.5	1.25	1.125	2.18335
0.477	0.4683	0.4863	0.4402	0.3299	0.4383	0.6667	0.2778	0.3056	-1.22061
0.4233	0.4187	0.4883	0.3208	0.1892	0.4696	0.9286	0.5357	0.6429	1.61247
0.4663	0.4624	0.4974	0.3743	0.3043	0.4874	0.4211	0.2982	0.2632	0.443885
0.4496	0.4329	0.4757	0.3611	0.2549	0.4218	0.6667	0.5111	0.4889	0.763101
0.4279	0.4209	0.4831	0.3438	0.2667	0.4533	1.0312	0.6875	0.5938	1.16239
0.4686	0.4613	0.4939	0.4222	0.3343	0.4741	0.7368	0.3684	0.3158	-0.752571
0.3994	0.4001	0.4819	0.2881	0.2596	0.4597	1.1818	0.9697	0.8485	2.32858
0.4469	0.448	0.4976	0.2833	0.1746	0.4805	0.4211	0.2895	0.1429	2.1703
0.4191	0.4129	0.4632	0.2616	0.2208	0.3957	0.6939	0.6531	0.6122	2.76852
0.4158	0.4249	0.4933	0.2317	0.2791	0.4811	0.6471	0.6765	0.5588	3.08931
0.3976	0.4002	0.412	0.2829	0.2518	0.2684	1.1786	0.9286	0.8214	2.38852
0.4297	0.4461	0.4942	0.2788	0.34	0.4822	0.6111	0.6111	0.5	2.35174
0.4242	0.4298	0.4296	0.2786	0.2683	0.2451	0.6842	0.5789	0.5263	2.4048
0.4508	0.4485	0.4884	0.3424	0.2918	0.462	0.5439	0.4211	0.4561	1.1861
0.4431	0.4388	0.4839	0.3361	0.2637	0.4434	0.6444	0.4667	0.4222	1.3126
0.4137	0.3906	0.4835	0.3141	0.2284	0.467	1.0882	0.9706	1.0294	1.80845
0.409	0.4036	0.4909	0.3122	0.2463	0.4808	1.1852	0.8519	0.9259	1.8241
0.4362	0.4317	0.4952	0.3637	0.3084	0.4862	1.0303	0.697	0.5455	0.712967
0.4606	0.4647	0.4889	0.3931	0.3414	0.4681	0.6579	0.3421	0.5526	-0.00437259
0.4182	0.4094	0.4953	0.3289	0.1699	0.4887	1.125	0.5938	0.7188	1.49593
0.4312	0.437	0.4841	0.2451	0.2464	0.4433	0.5094	0.4528	0.4151	2.96636
0.4369	0.43	0.4889	0.363	0.3043	0.4741	1	0.7059	0.7647	0.728128
0.418	0.4082	0.4975	0.2647	0.1989	0.4768	0.7188	0.6562	0.125	2.60261
0.4553	0.4505	0.4464	0.3636	0.3154	0.2249	0.5682	0.4545	0.3409	0.692503
0.4191	0.4074	0.4819	0.2779	0.2526	0.4584	0.7556	0.8222	0.8	2.48529
0.4465	0.4549	0.4955	0.3004	0.3166	0.4815	0.4643	0.4035	0.3333	2.0093
0.3999	0.3943	0.487	0.2827	0.2579	0.4727	1.125	1.0625	0.9375	2.41213
0.444	0.4295	0.4982	0.351	0.2745	0.4739	0.7143	0.6	0.075	0.973473
0.464	0.4569	0.495	0.3931	0.3125	0.4823	0.5714	0.3714	0.4	-0.00524638
0.4479	0.4449	0.448	0.3394	0.2604	0.2782	0.5778	0.4	0.4	1.22853
0.4449	0.4374	0.4992	0.3541	0.2532	0.49	0.7179	0.4615	0.0889	0.917086
0.4123	0.4034	0.4243	0.3317	0.2153	0.3163	1.3333	0.75	0.875	1.42083
0.4434	0.4457	0.4914	0.31	0.2849	0.4694	0.5312	0.4375	0.4062	1.72237
0.4443	0.4367	0.4499	0.3429	0.3268	0.3676	0.6585	0.7073	0.7073	1.15856
0.4582	0.4597	0.4763	0.3121	0.3203	0.3507	0.3556	0.3556	0.2222	1.66676
0.4322	0.4221	0.4987	0.295	0.1201	0.4883	0.6341	0.439	0.125	2.10929
0.4078	0.4119	0.4846	0.2652	0.2619	0.4622	0.8718	0.7949	0.7179	2.70807
0.4488	0.4474	0.494	0.2982	0.2667	0.4746	0.4318	0.3864	0.3182	1.96848
0.4602	0.4623	0.4974	0.3501	0.3522	0.4884	0.4286	0.4048	0.2857	0.948107
0.4716	0.4775	0.4762	0.3712	0.4057	0.3509	0.3265	0.3469	0.2245	0.486836
0.4351	0.4387	0.4913	0.3213	0.3277	0.4694	0.7059	0.6765	0.4118	1.58707
0.4069	0.3991	0.487	0.2804	0.2018	0.4695	0.9706	0.7647	0.7647	2.4334
0.4415	0.4435	0.4973	0.3066	0.2818	0.4893	0.5455	0.4545	0.3409	1.87286
0.4228	0.4116	0.4787	0.313	0.2297	0.4461	0.881	0.6905	0.6905	1.83258
0.4321	0.4268	0.4897	0.3133	0.2725	0.4701	0.7143	0.6286	0.5429	1.75315
0.4247	0.4189	0.4173	0.3003	0.2324	0.2013	0.7727	0.6136	0.5682	2.06865
0.4144	0.4123	0.4078	0.2759	0.2913	0.2148	0.8182	0.9394	0.697	2.46233
0.4362	0.4434	0.4946	0.2719	0.2512	0.4808	0.5128	0.4	0.4	2.43717
0.4162	0.4032	0.4684	0.3017	0.2204	0.4214	0.9333	0.7667	0.7333	2.00206
0.4078	0.423	0.387	0.318	0.3284	0.2226	1.2857	1	1	1.72498
0.4467	0.4401	0.4815	0.3721	0.2848	0.4377	0.825	0.5	0.45	0.511409
0.3964	0.404	0.4439	0.2279	0.2764	0.3675	0.8824	1	0.8529	3.26002
0.4261	0.4248	0.4934	0.2978	0.2562	0.4805	0.7368	0.6053	0.5263	2.07584
0.4118	0.4062	0.4833	0.315	0.2712	0.459	1.1429	0.9286	0.7143	1.76675
0.4501	0.4375	0.449	0.3804	0.3268	0.3456	0.8205	0.6923	0.5897	0.309218
0.4315	0.4176	0.4994	0.3049	0.2439	0.49	0.6842	0.6579	0.0682	1.92316
0.4352	0.4165	0.4637	0.3396	0.2693	0.3965	0.8182	0.7576	0.6061	1.22847
0.4315	0.4197	0.4994	0.2985	0.2528	0.49	0.6579	0.6579	0.0667	2.03525
0.4504	0.4482	0.4826	0.359	0.3098	0.4365	0.6383	0.4681	0.4043	0.811043
0.4242	0.3968	0.4211	0.3197	0.2045	0.2835	0.9	0.8	0.75	1.69061
0.4364	0.4323	0.4678	0.3484	0.3219	0.4071	0.8621	0.7586	0.5862	1.02897
0.4484	0.4584	0.4724	0.3703	0.3725	0.3976	0.7647	0.5588	0.4118	0.541254
0.4376	0.4212	0.4925	0.3509	0.2539	0.4824	0.8571	0.6429	0.75	0.96933
0.4425	0.4469	0.4951	0.3367	0.2778	0.4823	0.6579	0.4103	0.3846	1.27988
0.4532	0.4545	0.4712	0.3668	0.2912	0.3675	0.6296	0.3571	0.3214	0.587174
0.4775	0.4734	0.4792	0.4077	0.2799	0.3394	0.3556	0.1778	0.1778	-0.346116
0.412	0.4038	0.4666	0.3301	0.2204	0.4211	1.32	0.76	0.8	1.4598
0.4528	0.4514	0.4921	0.3362	0.2608	0.4694	0.4894	0.3404	0.3617	1.27535
0.4077	0.3916	0.4398	0.313	0.2544	0.37	1.2273	1.0909	1	1.77421
0.4628	0.4606	0.4674	0.3077	0.3271	0.3463	0.3	0.36	0.32	1.72776
0.4372	0.4246	0.4707	0.3593	0.2727	0.4056	0.9474	0.6579	0.5	0.819038
0.3949	0.3939	0.4785	0.2986	0.2884	0.4595	1.4091	1.3182	1.1818	2.08182
0.4558	0.4484	0.4749	0.3765	0.3284	0.3885	0.6393	0.5246	0.3279	0.41317
0.4563	0.448	0.4931	0.3529	0.3119	0.4732	0.5	0.4762	0.3571	0.909609
0.4471	0.4568	0.4884	0.3382	0.2962	0.4499	0.5854	0.3415	0.3171	1.24078
0.4579	0.466	0.4956	0.3476	0.3385	0.4746	0.4533	0.32	0.2133	1.08166
0.4517	0.4396	0.4737	0.3855	0.321	0.4221	0.8286	0.6286	0.5556	0.182542
0.4237	0.4368	0.4838	0.323	0.3291	0.4652	0.9375	0.7188	0.9062	1.59392
0.4451	0.4435	0.479	0.3342	0.2672	0.4059	0.6	0.425	0.3171	1.32506
0.4442	0.4407	0.4963	0.3425	0.2922	0.4663	0.6585	0.5122	0.1277	1.16672
0.4617	0.4852	0.4872	0.388	0.456	0.4338	0.5882	0.5294	0.2571	0.115429
0.4531	0.4405	0.4561	0.3544	0.2582	0.3427	0.561	0.439	0.4634	0.889502
0.4361	0.4328	0.4269	0.338	0.3054	0.241	0.7879	0.6667	0.5455	1.25829
0.4725	0.4624	0.4962	0.4028	0.3001	0.4819	0.439	0.2927	0.2683	-0.233483
0.4569	0.4664	0.498	0.3865	0.3628	0.4888	0.6944	0.3784	0.2162	0.157001
0.4288	0.4247	0.4911	0.2846	0.2418	0.4744	0.6429	0.5714	0.5476	2.3083
0.4705	0.4651	0.4642	0.3822	0.2948	0.2425	0.38	0.26	0.22	0.250352
0.4383	0.4434	0.4716	0.2872	0.2437	0.4003	0.5278	0.3889	0.4444	2.16212
0.4528	0.4458	0.4413	0.3621	0.2732	0.2312	0.6087	0.413	0.3913	0.735692
0.4545	0.4501	0.4544	0.3401	0.314	0.3084	0.4783	0.4565	0.3913	1.18816
0.416	0.4362	0.493	0.3181	0.3221	0.4826	1.0714	0.6905	0.6905	1.75427
0.402	0.4162	0.4728	0.2666	0.293	0.4328	0.9756	0.878	0.7317	2.7229
0.4285	0.4164	0.49	0.338	0.2553	0.4722	0.9583	0.7083	0.5833	1.23792
0.4149	0.4058	0.4006	0.3168	0.241	0.1876	1.0857	0.8	0.7143	1.75766
0.451	0.4528	0.4847	0.375	0.2651	0.443	0.7429	0.3333	0.3889	0.431988
0.4625	0.4542	0.4947	0.3956	0.2595	0.4802	0.6286	0.3143	0.3714	-0.0648194
0.4456	0.448	0.4909	0.3236	0.2927	0.4722	0.5476	0.4286	0.5	1.532
0.4505	0.4453	0.4445	0.3232	0.2537	0.2636	0.4773	0.3864	0.4091	1.52315
0.4519	0.4402	0.4499	0.38	0.3515	0.3619	0.7667	0.8	0.6667	0.308316
0.4334	0.4066	0.4919	0.3332	0.169	0.4786	0.8095	0.619	0.619	1.39825
0.4299	0.4184	0.4411	0.3171	0.2145	0.3295	0.7742	0.5806	0.6452	1.66941
0.4444	0.4463	0.4579	0.3552	0.3362	0.3562	0.7368	0.5897	0.4872	0.892381
0.3958	0.3941	0.4032	0.3188	0.2877	0.292	1.6957	1.3043	1.1304	1.71972
0.3887	0.4015	0.4905	0.2813	0.3139	0.4158	1.375	1.4167	0.1389	2.41743
0.434	0.4292	0.4627	0.3201	0.1812	0.3727	0.7174	0.4348	0.4783	1.66891
0.4352	0.44	0.4558	0.3102	0.2937	0.3175	0.65	0.525	0.3953	1.82101
0.4126	0.3958	0.4482	0.3205	0.2062	0.3948	1.1818	0.8182	1.0909	1.61934
0.4311	0.4296	0.4907	0.3579	0.3065	0.4751	1.1111	0.7222	0.6111	0.860664
0.3905	0.3743	0.487	0.2566	0.1596	0.4747	1.125	0.9583	1.0833	2.78565
0.4386	0.4277	0.494	0.3044	0.2666	0.4822	0.5778	0.6	0.5111	1.93365
0.4523	0.4481	0.4582	0.3951	0.2971	0.2229	0.9375	0.4375	0.25	-0.0539323
0.4482	0.437	0.4908	0.3679	0.2699	0.4719	0.75	0.5	0.5	0.581206
0.4346	0.4397	0.4845	0.3199	0.3361	0.4518	0.7059	0.7059	0.5	1.61551
0.4491	0.4419	0.4951	0.3437	0.2791	0.4626	0.5778	0.4667	0.1569	1.13638
0.426	0.4203	0.4879	0.3031	0.2129	0.4693	0.7647	0.5588	0.6765	1.95786
0.4225	0.4321	0.4352	0.2454	0.2453	0.276	0.6047	0.5	0.5349	2.95017
0.4486	0.4436	0.4824	0.3602	0.2613	0.4306	0.6829	0.4146	0.3659	0.778108
0.4666	0.4681	0.4953	0.3933	0.3556	0.4611	0.5111	0.3333	0.1429	-0.00910918
0.454	0.443	0.4987	0.3474	0.1594	0.4802	0.5143	0.3143	0.0698	1.00493
0.4301	0.4285	0.4442	0.2981	0.2662	0.3128	0.6765	0.5882	0.5294	2.02129
0.4527	0.4499	0.48	0.385	0.3376	0.4306	0.7949	0.5385	0.4359	0.195936
0.4587	0.4537	0.4585	0.3551	0.2478	0.2975	0.4694	0.3061	0.3265	0.87394
0.4394	0.4277	0.4817	0.3353	0.2965	0.4427	0.7059	0.7059	0.5	1.30231
0.4451	0.4392	0.495	0.359	0.2312	0.4818	0.75	0.4091	0.3864	0.820107
0.417	0.402	0.4101	0.3357	0.2398	0.2537	1.2424	0.8485	0.7879	1.36637
0.4209	0.4339	0.4748	0.2911	0.3216	0.43	0.7879	0.7273	0.6061	2.18085
0.406	0.4014	0.488	0.3094	0.2498	0.4738	1.2333	0.9	0.8667	1.90409
0.4762	0.481	0.4977	0.4127	0.3899	0.4825	0.4118	0.2353	0.1569	-0.484581
0.425	0.4063	0.4863	0.3053	0.1659	0.4653	0.7941	0.6176	0.6765	1.92428
0.4175	0.4174	0.4828	0.2659	0.2656	0.4616	0.7308	0.7308	0.8462	2.51508
0.4495	0.4303	0.493	0.3427	0.276	0.4816	0.5676	0.5946	0.6216	1.12593
0.4193	0.4162	0.43	0.3045	0.2748	0.2891	0.8929	0.7857	0.6429	1.92276
0.413	0.4224	0.4864	0.2834	0.2901	0.4697	0.88	0.76	0.84	2.27268
0.4498	0.4429	0.4942	0.3526	0.2166	0.4778	0.6111	0.3611	0.3611	0.922083
0.4643	0.4647	0.4904	0.4009	0.3172	0.4612	0.6279	0.2955	0.3409	-0.197863
0.4714	0.4739	0.4978	0.3808	0.2071	0.4839	0.36	0.14	0.16	0.280864
0.4319	0.436	0.4336	0.2924	0.2823	0.2292	0.6286	0.5429	0.4571	2.11412
0.4067	0.4017	0.4653	0.3003	0.2745	0.4204	1.125	1.0312	0.8438	2.07953
0.4565	0.4503	0.4945	0.3157	0.2686	0.4792	0.383	0.3617	0.3617	1.63175
0.4669	0.4595	0.4745	0.3926	0.3479	0.3757	0.5	0.4318	0.2955	0.00825349
0.4389	0.4319	0.4888	0.338	0.2795	0.4638	0.7317	0.5854	0.4634	1.27816
0.3794	0.3698	0.4355	0.2723	0.2029	0.3745	1.5185	1.1852	1.2222	2.62757
0.4338	0.4409	0.4467	0.3239	0.2828	0.3185	0.7429	0.4857	0.5143	1.54898
0.4356	0.4242	0.4989	0.368	0.2811	0.4834	1.1111	0.6944	0.0714	0.619224
0.4492	0.4541	0.4931	0.3709	0.2791	0.4689	0.75	0.3409	0.2955	0.54003
0.4657	0.4626	0.4713	0.3994	0.3359	0.3431	0.5778	0.3556	0.2667	-0.160122
0.4219	0.4158	0.4541	0.3102	0.2197	0.3642	0.881	0.619	0.5952	1.88856
0.393	0.3873	0.4326	0.2426	0.1584	0.3461	1	0.8	0.9333	3.03929
0.4716	0.473	0.4831	0.4015	0.3583	0.3874	0.45	0.275	0.2	-0.204162
0.4059	0.3993	0.4777	0.2636	0.2116	0.4469	0.8947	0.7895	0.7632	2.73536
0.4583	0.4702	0.4934	0.3803	0.3929	0.474	0.6111	0.4324	0.3514	0.29915
0.4385	0.4294	0.4982	0.3377	0.2974	0.478	0.7368	0.6842	0.0909	1.27525
0.4494	0.4521	0.4817	0.3643	0.3079	0.4469	0.6944	0.4167	0.5556	0.675043
0.4422	0.4419	0.4881	0.3083	0.2753	0.4598	0.5417	0.4583	0.4375	1.85956
0.4064	0.3938	0.438	0.2976	0.2205	0.3498	1.1081	0.8919	0.8378	2.15616
0.4067	0.3942	0.4631	0.2468	0.1963	0.4079	0.8095	0.8095	0.7381	3.01223
0.4382	0.4272	0.4951	0.2856	0.1806	0.4861	0.525	0.45	0.55	2.22061
0.4412	0.4462	0.4431	0.3109	0.2979	0.2938	0.5641	0.4615	0.4872	1.77148
0.4464	0.43	0.4872	0.3533	0.2457	0.4639	0.6818	0.5227	0.5682	0.940126
0.4475	0.4505	0.4972	0.3296	0.3078	0.4894	0.5435	0.4348	0.3696	1.42567
0.4222	0.4128	0.4979	0.3402	0.2648	0.4845	1.1471	0.7941	0.1591	1.26162
0.4435	0.4287	0.4968	0.3483	0.2887	0.4648	0.7073	0.6585	0.102	1.04824
0.4415	0.4216	0.4699	0.3718	0.2506	0.4149	0.9714	0.6286	0.6	0.519758
0.4551	0.4536	0.4927	0.3628	0.2897	0.4649	0.5682	0.3636	0.2727	0.710835
0.4439	0.4441	0.4565	0.31	0.318	0.312	0.525	0.55	0.375	1.77737
0.4381	0.4409	0.4345	0.3191	0.3219	0.265	0.6452	0.6129	0.5161	1.59139
0.4222	0.4074	0.4899	0.3127	0.2286	0.4764	0.8913	0.7391	0.7609	1.85296
0.4069	0.3813	0.469	0.3262	0.1857	0.4337	1.4286	0.9429	0.9429	1.59465
0.4306	0.4328	0.4958	0.3272	0.274	0.4878	0.8235	0.5588	0.5294	1.49511
0.4153	0.4233	0.4772	0.2529	0.3012	0.4419	0.7143	0.8	0.6857	2.81954
0.4178	0.4093	0.4659	0.3195	0.2538	0.4168	1.04	0.8	0.76	1.63825
0.4249	0.432	0.4421	0.3417	0.317	0.3386	1.0882	0.7353	0.6757	1.22151
0.4077	0.3915	0.4312	0.3149	0.1886	0.3285	1.25	0.8214	0.8214	1.78496
0.4575	0.454	0.4501	0.3447	0.2342	0.2769	0.4493	0.2899	0.3768	1.13677
0.4351	0.4366	0.4618	0.3054	0.2407	0.3789	0.6316	0.4474	0.5263	1.89652
0.4268	0.405	0.4727	0.3571	0.2053	0.4407	1.2424	0.7059	0.9091	0.880576
0.4483	0.4422	0.4949	0.3775	0.2998	0.4866	0.8387	0.5161	0.6129	0.371512
0.3932	0.4086	0.4137	0.2186	0.2897	0.2878	0.8929	1	0.8929	3.32412
0.4367	0.4942	0.4971	0.328	0.4804	0.49	0.7143	0.4286	0.4107	1.52943
0.4185	0.4195	0.4868	0.2809	0.2635	0.4654	0.7778	0.6944	0.6389	2.38459
0.4559	0.4513	0.4947	0.3412	0.2886	0.446	0.4615	0.3846	0.1163	1.13181
0.4316	0.4383	0.4503	0.3151	0.3501	0.3378	0.7333	0.8333	0.5333	1.68977
0.4098	0.4169	0.3945	0.3033	0.3213	0.194	1.08	1.08	0.8	1.96308
0.4291	0.4341	0.4191	0.2644	0.2974	0.1645	0.5769	0.6154	0.5	2.68811
0.4498	0.4569	0.5	0.2941	0.322	NA	0.4118	0.3922	0	2.07078
0.4485	0.454	0.4818	0.3119	0.2858	0.4207	0.4706	0.3529	0.3235	1.67042
0.4418	0.4525	0.4952	0.3347	0.3245	0.4824	0.6591	0.4545	0.3864	1.34321
0.4515	0.4314	0.4887	0.3953	0.2981	0.4658	0.9714	0.6571	0.5143	-0.061289
0.4658	0.4645	0.4631	0.3864	0.3283	0.2867	0.4878	0.3171	0.2683	0.154493
0.4272	0.4186	0.4988	0.2755	0.2389	0.4834	0.6333	0.6333	0.0769	2.36004
0.4446	0.4277	0.446	0.3765	0.2105	0.3053	0.9355	0.4839	0.4839	0.400551
0.4187	0.4257	0.4571	0.2971	0.3179	0.3891	0.8571	0.8571	0.7143	2.10432
0.3938	0.3673	0.4634	0.2829	0.1619	0.429	1.2647	1.0588	1.1471	2.44386
0.4638	0.4485	0.4962	0.3876	0.2339	0.4801	0.5385	0.3333	0.2381	0.1278
0.4555	0.459	0.4994	0.2921	0.2999	0.49	0.3478	0.3261	0.0588	2.02196
0.4156	0.4234	0.4443	0.2914	0.2937	0.3525	0.88	0.76	0.72	2.13211
0.4425	0.4354	0.4693	0.3217	0.2621	0.4116	0.587	0.5	0.587	1.60119
0.4329	0.4314	0.4247	0.3043	0.247	0.1291	0.6596	0.5106	0.4255	1.97358
0.4201	0.4227	0.4905	0.3013	0.2445	0.4768	0.8571	0.6	0.7143	2.02349
0.4634	0.4622	0.4903	0.3403	0.2203	0.4429	0.3559	0.2203	0.2167	1.17631
0.4558	0.4499	0.4961	0.3851	0.3346	0.4871	0.7105	0.5263	0.4474	0.191752
0.4612	0.4597	0.4853	0.356	0.3011	0.4252	0.434	0.3208	0.2642	0.852876
0.4228	0.4187	0.4903	0.3021	0.2541	0.4725	0.814	0.6744	0.5581	2.03887
0.4178	0.4138	0.4827	0.2832	0.2699	0.4574	0.8	0.8	0.7143	2.34297
0.4142	0.4067	0.4963	0.3114	0.2151	0.4484	1.0526	0.7105	0.0816	1.87676
0.478	0.476	0.483	0.4307	0.387	0.3837	0.5	0.3056	0.1944	-0.926733
0.4457	0.4384	0.4914	0.3182	0.2088	0.4714	0.5278	0.3889	0.4444	1.59701
0.4295	0.4243	0.4829	0.2959	0.238	0.4477	0.6757	0.5676	0.5135	2.08438
0.4337	0.4329	0.4974	0.3238	0.2927	0.4824	0.7436	0.6154	0.18	1.57041
0.4394	0.4339	0.4313	0.3076	0.2598	0.2048	0.5778	0.5111	0.4444	1.87317
0.4359	0.4482	0.4738	0.311	0.3304	0.4165	0.6429	0.5349	0.5	1.81324
0.4408	0.4346	0.4958	0.309	0.2207	0.4867	0.5641	0.4359	0.4615	1.80677
0.4161	0.4221	0.4333	0.3063	0.2774	0.3019	0.9677	0.7097	0.6452	1.92814
0.4348	0.4316	0.4794	0.2973	0.2223	0.4342	0.6047	0.4651	0.4884	2.06809
0.4198	0.4146	0.4852	0.2711	0.2237	0.4629	0.7179	0.641	0.6923	2.55595
0.4344	0.4354	0.4272	0.2982	0.2883	0.2311	0.6136	0.5682	0.5227	2.0599
0.4356	0.4362	0.4928	0.3323	0.2992	0.4819	0.7593	0.5926	0.6667	1.44081
0.4205	0.4202	0.4319	0.2803	0.235	0.314	0.7442	0.6047	0.7209	2.42925
0.44	0.4454	0.4878	0.337	0.2544	0.4613	0.7045	0.3864	0.4773	1.30279
0.4415	0.4232	0.4924	0.3496	0.2035	0.4764	0.7576	0.5152	0.4848	1.00378
0.4172	0.4325	0.4693	0.317	0.3251	0.4282	1.0323	0.7742	0.8065	1.72661
0.4167	0.4183	0.4728	0.2855	0.2559	0.4148	0.8286	0.6857	0.5143	2.31004
0.4612	0.4572	0.4749	0.3785	0.2982	0.3921	0.5366	0.3415	0.3415	0.340568
0.4173	0.397	0.4686	0.3298	0.1958	0.4339	1.1613	0.7742	0.9677	1.47767
0.4413	0.4381	0.4731	0.3358	0.3048	0.4007	0.6739	0.587	0.413	1.32947
0.4518	0.4484	0.4753	0.3381	0.2808	0.4145	0.5111	0.4	0.4444	1.23685
0.4083	0.4027	0.4805	0.2802	0.2303	0.4551	0.9444	0.8056	0.8056	2.44502
0.4447	0.4485	0.4825	0.3327	0.3041	0.4386	0.6	0.45	0.425	1.35492
0.4527	0.4615	0.4986	0.3387	0.3468	0.4752	0.5	0.4	0.0606	1.14919
0.4428	0.439	0.4918	0.3413	0.2665	0.4728	0.6765	0.4706	0.4412	1.17044
0.4358	0.4215	0.463	0.3426	0.2327	0.4065	0.8276	0.5862	0.7241	1.14823
0.4273	0.4278	0.4572	0.3364	0.3244	0.3903	0.9722	0.8611	0.7222	1.3315
0.4198	0.403	0.4895	0.3269	0.2558	0.4767	1.0645	0.9032	0.8387	1.52648
0.461	0.458	0.4599	0.378	0.3565	0.3229	0.5385	0.4872	0.359	0.351672
0.4161	0.4378	0.4925	0.2996	0.3153	0.4787	0.9211	0.6316	0.5526	2.08853
0.4665	0.4612	0.4713	0.3515	0.3568	0.3978	0.3438	0.4375	0.4375	0.842475
0.427	0.4998	0.4982	0.2844	0.49	0.4736	0.6667	0.025	0.075	2.22641
0.4493	0.4505	0.4935	0.365	0.3528	0.4768	0.7	0.6	0.4	0.646102
0.4253	0.4193	0.4932	0.2829	0.2285	0.481	0.6857	0.6	0.5714	2.3077
0.3993	0.4424	0.4953	0.3084	0.3787	0.4684	1.4074	1.037	0.1795	1.92978
0.4106	0.3995	0.4621	0.3029	0.2578	0.4129	1.0606	0.9697	0.8485	2.02309
0.3729	0.3881	0.4809	0.2254	0.2596	0.4616	1.2581	1.1935	1.0323	3.37832
0.4381	0.4279	0.4946	0.3399	0.2602	0.4563	0.76	0.58	0.1475	1.26508
0.4459	0.4454	0.467	0.2833	0.2586	0.3839	0.4314	0.3922	0.451	2.27393
0.4633	0.458	0.4963	0.3874	0.3474	0.4742	0.5484	0.4516	0.1714	0.126662
0.4095	0.367	0.4272	0.3324	0.1671	0.3525	1.44	1.08	1.16	1.42243
0.4531	0.4603	0.4804	0.3404	0.3125	0.4161	0.5	0.3333	0.3333	1.22629
0.4213	0.4058	0.4899	0.3385	0.2533	0.4755	1.1515	0.8485	0.7273	1.29642
0.4563	0.4502	0.4849	0.3665	0.2143	0.4445	0.566	0.3019	0.3962	0.638684
0.4519	0.4469	0.4968	0.3357	0.3148	0.4887	0.5	0.5	0.3947	1.25322
0.4162	0.4008	0.4177	0.3105	0.2126	0.2774	1	0.7742	0.7742	1.85215
0.4274	0.414	0.4548	0.3395	0.2449	0.3744	1	0.7059	0.6471	1.2599
0.4413	0.4359	0.4982	0.3215	0.2433	0.4732	0.6042	0.4583	0.0755	1.61786
0.3987	0.4125	0.4499	0.2926	0.3128	0.3912	1.2414	1.1034	0.9655	2.22752
0.4457	0.4314	0.4895	0.3626	0.2416	0.4702	0.7647	0.5	0.5588	0.718586
0.4678	0.4666	0.4783	0.4014	0.344	0.3967	0.5405	0.3243	0.2973	-0.204504
0.42	0.4125	0.4913	0.3132	0.2546	0.4773	0.9394	0.7576	0.6364	1.79684
0.4641	0.4606	0.4645	0.3451	0.3269	0.3639	0.359	0.359	0.4103	1.01029
0.4594	0.4541	0.4614	0.3961	0.3137	0.3578	0.7188	0.4062	0.4375	-0.0769947
0.4478	0.4322	0.4446	0.3479	0.0839	0.2895	0.6216	0.3514	0.4595	1.0297
0.4445	0.4616	0.4941	0.345	0.406	0.4814	0.6667	0.7667	0.4667	1.07189
0.3983	0.3966	0.491	0.247	0.2479	0.4807	0.9355	0.9677	0.9032	2.96079
0.4169	0.4054	0.4991	0.2761	0.1344	0.4834	0.7805	0.5854	0.0566	2.50412
0.4226	0.4276	0.4998	0.2754	0.3276	0.49	0.6944	0.8889	0.0227	2.44916
0.4333	0.4332	0.4907	0.3128	0.2446	0.472	0.6923	0.4872	0.5128	1.77911
0.4435	0.4272	0.4288	0.3217	0.2182	0.2274	0.5714	0.5	0.5	1.57867
0.4767	0.4796	0.4861	0.3986	0.3705	0.4272	0.3333	0.2157	0.2549	-0.132887
0.4513	0.4385	0.4741	0.3684	0.328	0.427	0.6809	0.6809	0.5957	0.598682
0.3971	0.3869	0.3944	0.2984	0.2289	0.2266	1.3438	1.0312	0.9062	2.14832
0.4385	0.4389	0.4967	0.3445	0.2943	0.49	0.7838	0.5405	0.4865	1.13275
0.4533	0.4538	0.4793	0.3445	0.2775	0.407	0.5122	0.3415	0.3171	1.08876
0.4371	0.4392	0.4845	0.3223	0.2953	0.4509	0.6757	0.5405	0.4872	1.57407
0.4328	0.4297	0.4626	0.3077	0.2808	0.3823	0.6765	0.6176	0.5294	1.84312
0.467	0.4779	0.4936	0.3418	0.3721	0.4533	0.3148	0.2407	0.1667	1.11079
0.3962	0.3965	0.415	0.274	0.2306	0.2915	1.1351	0.8919	0.8919	2.60198
0.439	0.4076	0.4763	0.3733	0.1567	0.4405	1.0741	0.5926	0.7037	0.475772
0.3891	0.3951	0.4457	0.2674	0.2496	0.3818	1.2353	1	0.9706	2.71893
0.4257	0.4263	0.4415	0.2543	0.2818	0.2863	0.5897	0.6667	0.4872	2.7683
0.4592	0.4527	0.4889	0.3544	0.2929	0.4603	0.4595	0.3784	0.4054	0.851417
0.4665	0.4591	0.4912	0.3771	0.2853	0.459	0.4286	0.3036	0.2857	0.377315
0.4109	0.4039	0.4754	0.3249	0.2709	0.4477	1.2812	0.9688	0.9375	1.59952
0.4205	0.3964	0.4386	0.3284	0.1544	0.3491	1.0606	0.697	0.8182	1.50382
0.4205	0.4187	0.4678	0.2719	0.2279	0.4092	0.7105	0.6053	0.6053	2.53154
0.4137	0.4026	0.4662	0.2835	0.2066	0.4179	0.8684	0.7368	0.7632	2.37879
0.4133	0.4054	0.4961	0.2907	0.1895	0.4895	0.9167	0.6667	0.6111	2.24493
0.4468	0.4469	0.4913	0.3179	0.2579	0.4622	0.5111	0.3778	0.3111	1.64563
0.4335	0.4252	0.4822	0.3293	0.2649	0.4537	0.7812	0.625	0.6562	1.4324
0.4591	0.4577	0.4822	0.2903	0.2931	0.4294	0.3103	0.3276	0.3621	2.09011
0.4382	0.4418	0.4865	0.3011	0.2443	0.4553	0.5714	0.4048	0.4524	1.97757
0.4208	0.4359	0.4823	0.3189	0.3632	0.4562	0.9677	1.0323	0.7097	1.67612
0.4547	0.4506	0.4562	0.3199	0.2343	0.276	0.4146	0.3171	0.3171	1.53775
0.4225	0.4119	0.4894	0.3173	0.2519	0.4718	0.9189	0.7568	0.6216	1.73084
0.4391	0.4434	0.4944	0.3173	0.3327	0.4597	0.6216	0.6216	0.1667	1.65664
0.4363	0.4363	0.4505	0.3159	0.2484	0.2729	0.6585	0.4634	0.3659	1.71666
0.4168	0.4338	0.4809	0.29	0.2999	0.4488	0.8519	0.6296	0.6296	2.16873
0.4347	0.4255	0.4824	0.3508	0.2785	0.4576	0.9259	0.6667	0.7407	0.97659
0.4265	0.4305	0.4389	0.2567	0.2368	0.3017	0.587	0.5	0.5652	2.7846
0.4745	0.4719	0.4926	0.4215	0.3371	0.4616	0.525	0.25	0.25	-0.71005
0.4405	0.4381	0.4523	0.3239	0.2514	0.315	0.6275	0.451	0.4314	1.58438
0.4228	0.4083	0.4841	0.3243	0.2453	0.4645	0.9688	0.7812	0.8438	1.57119
0.4138	0.41	0.4746	0.2571	0.2641	0.4354	0.75	0.8333	0.6944	2.77714
0.4607	0.4701	0.4801	0.4178	0.3904	0.4242	1	0.4231	0.3846	-0.630677
0.428	0.4299	0.4751	0.313	0.3034	0.434	0.7838	0.7027	0.6486	1.78853
0.4517	0.4502	0.4807	0.3278	0.2227	0.4218	0.4762	0.3095	0.3571	1.42075
0.4288	0.4212	0.4401	0.2712	0.1572	0.3159	0.6	0.475	0.6	2.50754
0.4371	0.436	0.4863	0.2989	0.2323	0.4599	0.58	0.44	0.54	2.06197
0.4632	0.4695	0.4961	0.3911	0.3281	0.4791	0.575	0.2619	0.2381	0.0430795
0.4603	0.4652	0.4981	0.3655	0.3401	0.4705	0.4872	0.3333	0.0714	0.625618
0.4205	0.4114	0.496	0.3186	0.2691	0.49	0.9722	0.8333	0.6667	1.70928
0.4171	0.3951	0.46	0.3165	0.1645	0.4132	1.0303	0.7273	0.9394	1.74686
0.404	0.3836	0.4675	0.3071	0.1772	0.428	1.2593	0.8889	0.8889	1.93561
0.4792	0.4778	0.4852	0.3988	0.4038	0.434	0.2889	0.3333	0.3111	-0.131732
0.4701	0.4652	0.4991	0.3948	0.3813	0.49	0.4444	0.4722	0.1053	-0.0432242
0.4053	0.4008	0.4638	0.2507	0.2013	0.412	0.8462	0.7436	0.7692	2.9404
0.4425	0.4438	0.4715	0.3284	0.3207	0.3963	0.6154	0.5641	0.425	1.44372
0.4552	0.4508	0.4766	0.355	0.2458	0.4089	0.5273	0.3273	0.3818	0.898341
0.4111	0.4115	0.481	0.2806	0.2977	0.4548	0.8966	1	0.7586	2.36951
0.4025	0.3987	0.4627	0.2927	0.2368	0.4143	1.1538	0.8846	0.8462	2.18588
0.3769	0.3664	0.4694	0.2864	0.2411	0.4463	1.8	1.52	1.4	2.38628
0.4161	0.4089	0.4572	0.2573	0.2474	0.3983	0.7188	0.7812	0.8125	2.72094
0.4643	0.4641	0.4938	0.3831	0.2408	0.4709	0.5	0.22	0.28	0.237439
0.3948	0.4	0.4952	0.2131	0.216	0.4889	0.8529	0.7941	0.7647	3.45508
0.4407	0.4351	0.4972	0.2939	0.2187	0.4654	0.5179	0.4286	0.0896	2.15665
0.4443	0.4485	0.482	0.3001	0.2612	0.426	0.4898	0.3673	0.3469	1.9954
0.427	0.4312	0.4955	0.3173	0.2467	0.4862	0.8293	0.5122	0.4878	1.73018
0.4016	0.3742	0.4178	0.2898	0.2027	0.3149	1.1481	1.1111	1	2.24712
0.4447	0.4533	0.4888	0.3366	0.3616	0.4616	0.619	0.5952	0.4286	1.28708
0.4441	0.4423	0.4749	0.3257	0.1911	0.4091	0.5789	0.3421	0.4211	1.48198
0.4171	0.4021	0.4889	0.3091	0.2124	0.4765	0.9697	0.7576	0.9091	1.88395
0.4469	0.4416	0.4911	0.3319	0.2497	0.4677	0.561	0.4146	0.3902	1.36443
0.4134	0.4094	0.4262	0.298	0.2404	0.3136	0.9643	0.75	0.8214	2.06293
0.4273	0.4231	0.4781	0.3394	0.2764	0.4367	1	0.6923	0.5641	1.2786
0.4237	0.4157	0.4693	0.3024	0.2697	0.4206	0.8	0.7714	0.6857	1.98729
0.4571	0.4547	0.48	0.3759	0.3466	0.425	0.6071	0.5	0.3929	0.387949
0.4565	0.4469	0.4974	0.3994	0.254	0.4892	0.8529	0.3714	0.3243	-0.163276
0.454	0.424	0.4685	0.3788	0.2401	0.4049	0.7	0.575	0.55	0.34335
0.4473	0.4313	0.475	0.3609	0.161	0.4251	0.7143	0.4	0.5429	0.753361
0.4267	0.4367	0.4909	0.3255	0.3049	0.4721	0.8929	0.6071	0.5	1.51072
0.4526	0.4429	0.492	0.3937	0.3249	0.4511	0.9062	0.5938	0.2051	-0.0185201
0.468	0.4648	0.4953	0.3829	0.29	0.4801	0.4286	0.2571	0.3143	0.225748
0.4422	0.4232	0.4726	0.3393	0.2629	0.429	0.6774	0.6452	0.6774	1.19794
0.4304	0.4242	0.4345	0.2925	0.2413	0.23	0.65	0.575	0.45	2.15688
0.4313	0.4297	0.4913	0.2956	0.2635	0.4781	0.6486	0.5676	0.6757	2.07878
0.4112	0.396	0.469	0.333	0.2879	0.4429	1.3913	1.2609	1.2609	1.39321
0.4244	0.4243	0.438	0.3074	0.2715	0.3158	0.8158	0.6579	0.6316	1.91261
0.4395	0.4323	0.4938	0.3426	0.2778	0.4789	0.75	0.575	0.425	1.17793
0.4481	0.4481	0.49	0.3474	0.1852	0.4574	0.6136	0.2955	0.3182	1.0593
0.4375	0.4481	0.4634	0.3062	0.3165	0.3486	0.6	0.4889	0.3778	1.90645
0.4252	0.4239	0.4474	0.307	0.1248	0.3424	0.8	0.4286	0.6	1.89918
0.4219	0.4102	0.4929	0.314	0.2333	0.4823	0.9062	0.7188	0.6875	1.76906
0.4646	0.4624	0.4972	0.3484	0.2888	0.4748	0.3611	0.2778	0.1282	0.930245
0.438	0.4285	0.4924	0.3218	0.2324	0.4764	0.6585	0.5122	0.4878	1.59886
0.4405	0.4349	0.4463	0.3212	0.1395	0.3304	0.6154	0.359	0.5641	1.58862
0.4207	0.4191	0.4813	0.2964	0.2709	0.4488	0.8182	0.7273	0.6061	2.09369
0.4385	0.453	0.4643	0.2772	0.2554	0.3597	0.5	0.32	0.4	2.41761
0.4508	0.4492	0.4934	0.3385	0.2591	0.4754	0.5283	0.3585	0.3774	1.25833
0.4369	0.4362	0.4761	0.3456	0.2831	0.4227	0.8286	0.5429	0.4857	1.10749
0.4231	0.4195	0.4694	0.3181	0.2667	0.4223	0.9118	0.7059	0.7059	1.699
0.4087	0.4138	0.4191	0.2608	0.2453	0.2568	0.8387	0.7097	0.6774	2.70501
0.4437	0.4438	0.4962	0.3643	0.3055	0.4855	0.8293	0.5122	0.3659	0.697616
0.4547	0.452	0.4969	0.3254	0.2828	0.4877	0.4286	0.3673	0.3469	1.47931
0.4019	0.4125	0.4912	0.2857	0.2775	0.4812	1.1071	0.8571	0.8929	2.32395
0.4587	0.4586	0.4967	0.3808	0.2838	0.48	0.6042	0.3061	0.2041	0.298325
0.4255	0.4289	0.4887	0.2916	0.2584	0.4634	0.7179	0.5641	0.4615	2.19147
0.4418	0.4522	0.4886	0.2794	0.3122	0.4592	0.4681	0.4255	0.4043	2.3417
0.3897	0.3887	0.3869	0.2444	0.221	0.2221	1.0645	0.9677	1	3.04067
0.4379	0.4392	0.4825	0.3116	0.2628	0.43	0.6154	0.4615	0.359	1.77682
0.4519	0.4601	0.4976	0.3302	0.3417	0.4879	0.4808	0.4038	0.2456	1.41519
0.4347	0.4347	0.485	0.3021	0.2132	0.4498	0.625	0.425	0.45	1.96778
0.4359	0.4379	0.4826	0.3359	0.2949	0.4552	0.7778	0.5556	0.6667	1.3136
0.4412	0.4351	0.4982	0.3555	0.2872	0.4821	0.8108	0.5676	0.1111	0.890911
0.4177	0.4171	0.4188	0.2318	0.2386	0.2134	0.625	0.65	0.575	3.1388
0.4473	0.4465	0.4573	0.3166	0.313	0.349	0.5	0.5	0.4688	1.58518
0.4276	0.4164	0.4989	0.34	0.2301	0.4875	1	0.6364	0.1	1.24553
0.4285	0.4201	0.464	0.3278	0.2499	0.3983	0.871	0.6452	0.6129	1.47606
0.4328	0.4876	0.4964	0.3349	0.4698	0.4395	0.8333	0.7222	0.0682	1.34392
0.4553	0.4385	0.4942	0.387	0.2999	0.4854	0.7436	0.5641	0.6667	0.145916
0.4425	0.4422	0.4954	0.3194	0.2901	0.4706	0.5778	0.4889	0.1923	1.6403
0.4411	0.4421	0.4993	0.3032	0.2986	0.485	0.5405	0.5135	0.0465	1.89239
0.4209	0.4406	0.4958	0.2845	0.3229	0.4693	0.7568	0.6216	0.1628	2.31928
0.4337	0.422	0.4602	0.3356	0.2444	0.36	0.8214	0.6071	0.4643	1.28823
0.462	0.4675	0.4972	0.3721	0.255	0.4814	0.4872	0.2051	0.1795	0.478802
0.401	0.4055	0.4846	0.2406	0.2564	0.4628	0.8667	0.8667	0.7333	3.02209
0.4364	0.4216	0.4695	0.2887	0.1571	0.4015	0.5556	0.4722	0.5	2.15146
