x
0.3534
0.3462
0.348
0.3452
0.3524
0.3615
0.3453
0.3511
0.3655
0.3533
0.3458
0.3802
0.3346
0.3567
0.3396
0.37
0.3725
0.3436
0.3571
0.3587
0.3612
0.3601
0.3516
0.3504
0.3496
0.3803
0.3531
0.3633
0.3685
0.3735
0.3747
0.3702
0.3799
0.3545
0.3644
0.3699
0.3653
0.3519
0.3334
0.3365
0.3711
0.3567
0.358
0.3608
0.335
0.3463
0.365
0.3619
0.3608
0.3501
0.3556
0.3542
0.3274
0.3823
0.3573
0.3466
0.3408
0.3566
0.372
0.3327
0.3664
0.3567
0.3493
0.3519
0.3435
0.3596
0.3484
0.3612
0.3348
0.3418
0.3459
0.356
0.3726
0.368
0.358
0.3463
0.344
0.3264
0.3442
0.3354
0.3832
0.3774
0.3508
0.3623
0.3576
0.3601
0.38
0.3694
0.3673
0.3686
0.3634
0.369
0.3544
0.343
0.3616
0.3676
0.352
0.3728
0.3675
0.3775
0.3732
0.3616
0.334
0.374
0.3688
0.3642
0.3583
0.3776
0.3342
0.3579
0.3516
0.3473
0.3514
0.3787
0.3524
0.3633
0.3331
0.3575
0.353
0.3548
0.34
0.3613
0.3821
0.3676
0.3886
0.3695
0.325
0.3633
0.3676
0.3716
0.3448
0.3593
0.3458
0.352
0.3699
0.3495
0.3533
0.3682
0.3648
0.3711
0.3338
0.3687
0.3687
0.3344
0.3644
0.3694
0.3601
0.3757
0.3462
0.37
0.3527
0.3712
0.3647
0.3551
0.3336
0.358
0.3537
0.3491
0.3607
0.3457
0.351
0.3298
0.3377
0.3488
0.3501
0.3625
0.3678
0.377
0.3609
0.3483
0.3153
0.3623
0.3611
0.3645
0.37
0.3492
0.351
0.3372
0.3669
0.3467
0.373
0.3384
0.3724
0.3737
0.3555
0.3677
0.3461
0.3604
0.3466
0.3412
0.3548
0.3599
0.3321
0.3407
0.3598
0.3635
0.3658
0.3643
0.3565
0.3624
0.3515
0.3452
0.37
0.349
0.3617
0.3512
0.36
0.3478
0.3651
0.3607
0.3435
0.3603
0.3686
0.3558
0.3439
0.3629
0.3301
0.3504
0.3495
0.3659
0.3548
0.3521
0.3705
0.3523
0.3697
0.3721
0.3444
0.362
0.3832
0.3728
0.3574
0.3512
0.3426
0.3721
0.3532
0.3671
0.3529
0.3699
0.3403
0.3793
0.3655
0.346
0.3429
0.3643
0.3534
0.3528
0.3603
0.3461
0.3615
0.3571
0.3556
0.3743
0.3604
0.3783
0.3618
0.3715
0.35
0.3474
0.3405
0.3658
0.3563
0.3688
0.3384
0.3653
0.3572
0.3655
0.3424
0.3594
0.3542
0.3663
0.3789
0.3562
0.3578
0.3635
0.3594
0.3388
0.3394
0.3484
0.3427
0.35
0.3765
0.3626
0.3627
0.3535
0.3724
0.3537
0.3717
0.3305
0.3549
0.3537
0.3641
0.3468
0.38
0.3621
0.359
0.3643
0.3734
0.329
0.36
0.351
0.3345
0.3791
0.3432
0.358
0.3567
0.3489
0.3603
0.331
0.3753
0.3585
0.3468
0.3482
0.3686
0.3659
0.3549
0.3588
0.3713
0.3422
0.3647
0.3705
0.3619
0.3722
0.3522
0.3451
0.3416
0.3749
0.3668
0.3453
0.3429
0.3488
0.3736
0.3521
0.354
0.3593
0.3846
0.3567
0.3434
0.365
0.3551
0.368
0.3504
0.3819
0.3635
0.3677
0.3692
0.3475
0.3603
0.3603
0.3577
0.3522
0.3597
0.3683
0.3621
0.3779
0.3425
0.3694
0.357
0.3661
0.3463
0.3537
0.3576
0.3742
0.357
0.3491
0.3423
0.3569
0.3568
0.34
0.3608
0.3702
0.3617
0.3635
0.3468
0.3588
0.3398
0.3655
0.3579
0.3551
0.3278
0.3645
0.3682
0.3574
0.3619
0.3659
0.3678
0.3774
0.3518
0.38
0.3572
0.3574
0.3435
0.3399
0.3303
0.3588
0.3697
0.3361
0.3509
0.3361
0.3523
0.3572
0.3538
0.3662
0.3424
0.3253
0.3658
0.3757
0.33
0.3732
0.368
0.3315
0.3522
0.368
0.3627
0.3747
0.3603
0.3782
0.34
0.3467
0.3737
0.3167
0.3814
0.3448
0.3568
0.3388
0.3708
0.378
0.3545
0.3829
0.3733
0.3437
0.3662
0.3613
0.3608
0.382
0.365
0.3691
0.345
0.3517
0.3338
0.3733
0.3667
0.3467
0.3733
0.3707
0.3749
0.3698
0.3617
0.3359
0.3745
0.3645
0.3589
0.3562
0.372
0.3519
0.3427
0.3738
0.3587
0.385
0.3448
0.361
0.3667
0.3388
0.3714
0.3416
0.3617
0.339
0.3686
0.3642
0.3708
0.3616
0.3358
0.3464
0.3564
0.3579
0.3657
0.345
0.3448
0.3631
0.3576
0.3592
0.3307
0.3632
0.3518
0.3448
0.3625
0.3501
0.3664
0.3694
0.3718
0.3616
0.3839
0.3496
0.3475
0.3723
0.3271
0.3449
0.3818
0.3479
0.3709
0.3519
0.3775
0.3537
0.3688
0.3651
0.3325
0.3637
0.3452
0.3689
0.3544
0.3644
0.3652
0.3469
0.3788
0.3341
0.3571
0.343
0.3758
0.3841
0.3502
0.3579
0.363
0.3596
0.3364
0.36
0.3682
0.3462
0.3593
0.3619
0.3587
0.339
0.3588
0.3686
0.3565
0.3527
0.3421
0.3412
0.3618
0.3583
0.3783
0.3448
0.3552
0.3296
0.3565
0.37
0.339
0.3741
0.3661
0.3409
0.3508
0.347
0.3727
0.3585
0.3398
0.3662
0.3384
0.3512
0.3617
0.3465
0.3473
0.3639
0.343
0.3746
0.3729
0.3272
0.3556
0.3685
0.3612
0.3569
0.3521
0.3562
0.3541
0.3389
0.3586
0.3665
0.3504
0.3674
0.359
0.2976
0.3512
0.3451
0.3618
0.3702
0.3311
0.3335
0.3491
0.3623
0.3357
0.3633
0.3668
0.3813
0.357
0.3669
0.3746
0.351
0.3712
0.3673
0.3614
0.3586
0.3513
0.3435
0.3796
0.3473
0.3425
0.3411
0.3489
0.3639
0.3652
0.3585
0.3585
0.3637
0.3485
0.3766
0.3579
0.3536
0.3529
0.3537
0.362
0.3717
0.3589
0.3622
0.3385
0.3481
0.3619
0.3472
0.341
0.3749
0.3529
0.3582
0.3562
0.3687
0.346
0.3616
0.3676
0.3598
0.3738
0.3631
0.3464
0.3484
0.3716
0.3658
0.362
0.3734
0.3748
0.3785
0.3603
0.3716
0.3552
0.3518
0.3625
0.3729
0.3464
0.3794
0.3657
0.357
0.3553
0.3554
0.3598
0.3729
0.3396
0.3472
0.3567
0.359
0.36
0.3689
0.3815
0.3485
0.3316
0.3428
0.3537
0.3577
0.3757
0.3765
0.3314
0.3608
0.3766
0.3718
0.37
0.3491
0.38
0.3508
0.3582
0.3794
0.3603
0.3801
0.3557
0.3723
0.3558
0.373
0.3481
0.342
0.3749
0.3504
0.3682
0.3714
0.3301
0.3706
0.3714
0.3397
0.3522
0.369
0.3609
0.3391
0.349
0.3561
0.3809
0.3698
0.3573
0.3381
0.3531
0.3565
0.3619
0.35
0.3557
0.368
0.3634
0.3698
0.3366
0.3521
0.3551
0.3689
0.3718
0.3704
0.3536
0.3582
0.368
0.3644
0.3673
0.3662
0.3696
0.3773
0.3701
0.3537
0.3787
0.3687
0.372
0.3492
0.3517
0.3495
0.3692
0.3526
0.3776
0.3525
0.38
0.3529
0.3558
0.3486
0.3551
0.3728
0.3671
0.3357
0.3636
0.3509
0.3562
0.3785
0.3646
0.3535
0.3489
0.3794
0.3139
0.3505
0.379
0.3748
0.3762
0.3691
0.3317
0.3684
0.3631
0.379
0.3648
0.3797
0.3789
0.3565
0.3718
0.359
0.3785
0.3517
0.355
0.342
0.3364
0.3446
0.3725
0.3638
0.3426
0.3664
0.3628
0.3375
0.3612
0.3611
0.3657
0.3669
0.3639
0.337
0.382
0.3622
0.3828
0.3523
0.3754
0.3839
0.3501
0.3548
0.3556
0.3598
0.3657
0.337
0.364
0.342
0.349
0.3608
0.3594
0.3677
0.3593
0.3272
0.335
0.3649
0.3365
0.3653
0.3499
0.3699
0.3741
0.3674
0.3397
0.3504
0.3743
0.3678
0.3532
0.3696
0.3552
0.3631
0.3641
0.3708
0.3807
0.381
0.3509
0.3675
0.3398
0.3773
0.3722
0.3504
0.3705
0.3409
0.3502
0.3684
0.3533
0.3581
0.3739
0.3526
0.3812
0.3406
0.3278
0.3695
0.3642
0.3703
0.3337
0.3492
0.344
0.3528
0.3576
0.365
0.3388
0.3677
0.3621
0.3565
0.3561
0.3542
0.3478
0.3732
0.361
0.3605
0.3313
0.3628
0.3563
0.3347
0.3647
0.3666
0.3585
0.362
0.3748
0.3562
0.3492
0.3585
0.3425
0.3702
0.368
0.3628
0.3748
0.3793
0.3842
0.3681
0.3444
0.3726
0.3713
0.3541
0.3438
0.3688
0.3444
0.3561
0.3597
0.3511
0.3524
0.3476
0.3589
0.3722
0.3633
0.3635
0.3786
0.3479
0.372
0.3462
0.3795
0.3643
0.364
0.3486
0.345
0.3766
0.3592
0.3499
0.3559
0.3628
0.375
0.3649
0.3621
0.3625
0.344
0.3349
0.3423
0.3457
0.3646
0.3505
0.3582
0.3748
0.371
0.3648
0.3622
0.3746
0.3634
0.3611
0.3666
0.3584
0.3492
0.3766
0.3627
0.348
0.3685
0.369
0.3555
0.3816
0.3625
0.3521
0.3329
0.3613
0.3365
0.3485
0.3753
0.368
0.3592
0.3353
0.3512
0.341
0.354
0.3654
0.3793
0.3329
0.3434
0.368
0.3495
0.3359
0.3519
0.3506
0.3674
0.3351
0.349
0.3611
0.378
0.3595
0.3631
0.3569
0.3748
0.362
0.3521
0.3756
0.3612
0.3468
0.3659
0.3671
0.3682
0.3612
0.3498
0.3541
0.3588
0.3687
0.377
0.3667
0.3485
0.3713
0.36
0.3617
0.3512
0.3557
0.3754
0.3553
0.3456
0.3463
0.3543
0.343
0.3566
0.3991
0.3524
0.35
0.3609
0.3732
0.3244
0.3837
0.342
0.3634
0.3357
0.3526
0.3611
0.3321
0.3643
0.353
0.36
0.3664
0.3526
0.3356
0.3458
0.3732
0.3505
0.3562
0.369
0.3729
0.3673
0.3704
0.3844
0.3592
0.3652
0.3949
0.3677
0.3478
0.3417
0.3359
0.3964
0.3619
0.3584
0.3604
0.3347
0.3383
0.359
0.3553
0.3594
0.358
0.3828
0.3447
0.3691
0.3752
0.3584
0.3411
0.3348
0.3498
0.3755
0.3342
0.3736
0.3524
0.359
0.349
0.3702
0.3696
0.3514
0.3966
0.3252
0.3306
0.3656
0.3708
0.3658
0.3718
0.365
0.3508
0.3695
0.31
0.3431
0.3421
0.3711
0.3708
0.3511
0.3611
0.3669
0.37
0.3663
0.3738
0.3686
0.3658
0.3601
0.366
0.3427
0.3282
0.352
0.3697
0.351
0.3711
0.3698
0.3843
0.3979
0.3686
0.3372
0.3703
0.3716
0.3646
0.3952
0.3788
0.3323
0.3657
0.3492
0.3484
0.3435
0.3813
0.3412
0.3627
0.3404
0.3577
0.345
0.3538
0.3293
0.3699
0.3932
0.3685
0.3803
0.3553
0.3294
0.3722
0.3674
0.3607
0.357
0.3773
0.3584
0.3635
0.3671
0.3403
0.3387
0.3739
0.3905
0.3785
0.3369
0.3748
0.3758
0.3611
0.3668
0.3878
0.3674
0.3623
0.3514
0.3702
0.3569
0.3699
0.3972
0.3919
0.3381
0.3467
0.3337
0.3991
0.3563
0.3344
0.3386
0.341
0.3583
0.3541
0.3426
0.3602
0.3685
0.3665
0.3654
0.3469
0.3248
0.3605
0.3712
0.3603
0.3691
0.3405
0.3392
0.3955
0.3645
0.3406
0.3738
0.3503
0.3749
0.3444
0.3631
0.3962
0.3459
0.3998
0.3978
0.336
0.3346
0.3616
0.3073
0.3912
0.3943
0.3728
0.3991
0.3558
0.3482
0.3595
0.3913
0.3471
0.37
0.3426
0.3969
0.3987
0.3469
0.3977
0.3676
0.3629
0.344
0.3592
0.3773
0.3503
0.3314
0.3633
0.3475
0.3996
0.3536
0.3694
0.3592
0.3928
0.3707
0.3581
0.3547
0.3719
0.3624
0.3545
0.3784
0.3724
0.3577
0.3446
0.3437
0.3839
0.3588
0.3618
0.3666
0.3714
0.3979
0.3772
0.3665
0.3474
0.3637
0.37
0.3566
0.3625
0.3562
0.3993
0.3557
0.3563
0.3514
0.3712
0.3818
0.3943
0.3594
0.3638
0.3377
0.3503
0.3468
0.3727
0.3621
0.3685
0.311
0.351
0.3559
0.3594
0.3459
0.373
0.3972
0.349
0.3751
0.3411
0.3687
0.3595
0.3843
0.3363
0.335
0.3467
0.3498
0.3601
0.3737
0.3626
0.3749
0.354
0.3703
0.3599
0.3751
0.3353
0.3767
0.3412
0.3743
0.3659
0.3712
0.3557
0.3457
0.3468
0.3974
0.3227
0.3552
0.3552
0.3357
0.377
0.3447
0.3532
0.3597
0.3475
0.3715
0.3256
0.3833
0.367
0.3422
0.3885
0.3728
0.371
0.3571
0.3556
0.3716
0.3541
0.3643
0.3669
0.3645
0.3649
0.3458
0.3565
0.3431
0.3835
0.3696
0.3565
0.3355
0.3443
0.3737
0.3427
0.3664
0.3973
0.3913
0.3575
0.3555
0.3602
0.3612
0.3916
0.3515
0.3847
0.3633
0.3609
0.371
0.3335
0.3614
0.3557
0.3527
0.3485
0.3574
0.358
0.3763
0.3727
0.3588
0.3632
0.3903
0.3656
0.3504
0.3505
0.3428
0.3736
0.3501
0.3978
0.3964
0.3572
0.3606
0.3338
0.366
0.3665
0.3807
0.36
0.3371
0.355
0.3882
0.3741
0.359
0.3605
0.3217
0.3751
0.3945
0.3509
0.394
0.3653
0.3989
0.3691
0.3501
0.3853
0.3973
0.3679
0.3457
0.3458
0.3257
0.353
0.3964
0.3346
0.3538
0.3284
0.3419
0.3447
0.3643
0.3668
0.3414
0.3212
0.3627
0.3724
0.3447
0.3692
0.3733
0.342
0.3374
0.3757
0.3528
0.3705
0.3607
0.3512
0.3542
0.3824
0.3959
0.3299
0.3959
0.386
0.3666
0.3409
0.3695
0.3653
0.3459
0.3835
0.3696
0.3388
0.3573
0.3444
0.3602
0.3788
0.374
0.3982
0.3338
0.3582
0.355
0.3711
0.3686
0.3398
0.3635
0.3673
0.395
0.3956
0.359
0.3283
0.3821
0.3573
0.36
0.3568
0.3774
0.3652
0.3336
0.3805
0.3741
0.3746
0.3397
0.3749
0.3536
0.3486
0.3832
0.3608
0.3639
0.342
0.3713
0.3983
0.3706
0.3542
0.3288
0.3355
0.3564
0.3539
0.3574
0.3316
0.3384
0.3635
0.3632
0.3587
0.3539
0.3597
0.3707
0.3424
0.3529
0.3415
0.3746
0.3982
0.3638
0.3543
0.3855
0.3659
0.3511
0.3856
0.3225
0.3599
0.3695
0.3447
0.3659
0.3559
0.3767
0.3617
0.3829
0.3564
0.3385
0.3638
0.331
0.399
0.3989
0.3635
0.3644
0.3483
0.383
0.3221
0.3366
0.3421
0.395
0.3818
0.3303
0.3494
0.3627
0.3508
0.3362
0.3565
0.3579
0.3974
0.3631
0.3589
0.3553
0.3313
0.3565
0.3704
0.3872
0.3487
0.3243
0.3477
0.3568
0.3524
0.3761
0.3467
0.3646
0.3347
0.3559
0.3661
0.3317
0.3745
0.3651
0.3264
0.3454
0.3494
0.3767
0.36
0.342
0.3634
0.3337
0.3918
0.3596
0.3534
0.3447
0.3967
0.383
0.3824
0.374
0.3342
0.3262
0.3759
0.3546
0.3666
0.3443
0.3567
0.3547
0.3382
0.3553
0.3967
0.3462
0.3656
0.3964
0.3303
0.3473
0.3618
0.3681
0.3603
0.3255
0.3246
0.3982
0.3565
0.3406
0.3669
0.3765
0.3731
0.3504
0.3616
0.3988
0.3625
0.3687
0.3732
0.3499
0.3617
0.3475
0.339
0.3822
0.3545
0.3207
0.3522
0.346
0.3632
0.3734
0.3658
0.3983
0.3699
0.3514
0.3811
0.3572
0.3268
0.3445
0.3815
0.3608
0.389
0.3557
0.3642
0.332
0.3453
0.3555
0.3423
0.349
0.3823
0.3504
0.3609
0.3513
0.3632
0.3529
0.3531
0.3731
0.3532
0.3778
0.3665
0.3482
0.335
0.3748
0.3735
0.3953
0.3754
0.3707
0.3778
0.3645
0.3709
0.3804
0.3518
0.3579
0.368
0.3432
0.3813
0.3592
0.3692
0.3469
0.3949
0.3615
0.3775
0.3309
0.351
0.3681
0.3713
0.3702
0.369
0.3835
0.3714
0.3355
0.3513
0.3695
0.3642
0.3723
0.3781
0.3588
0.367
0.3729
0.3742
0.3778
0.3396
0.3798
0.3346
0.3607
0.3928
0.3593
0.3825
0.3688
0.37
0.3589
0.3705
0.3447
0.3561
0.3806
0.3666
0.3558
0.3703
0.3263
0.388
0.3835
0.3611
0.3475
0.3774
0.3784
0.3478
0.3343
0.365
0.3882
0.3734
0.3591
0.3444
0.3512
0.3784
0.3595
0.3914
0.3569
0.354
0.3793
0.3695
0.3351
0.3583
0.3657
0.3713
0.3872
0.3731
0.361
0.3525
0.3704
0.3627
0.3561
0.3768
0.3639
0.3763
0.365
0.3623
0.387
0.3767
0.3707
0.3578
0.3423
0.3532
0.3737
0.3468
0.3681
0.3526
0.3977
0.3515
0.3573
0.3591
0.3546
0.3962
0.3619
0.3439
0.3642
0.3396
0.3884
0.3645
0.3478
0.3829
0.3336
0.379
0.3203
0.3462
0.3776
0.3775
0.3712
0.388
0.3185
0.3667
0.3646
0.3846
0.3638
0.3765
0.3792
0.3567
0.368
0.3532
0.3691
0.3527
0.3605
0.3563
0.3401
0.3433
0.3731
0.3965
0.3528
0.368
0.3469
0.3378
0.3601
0.3518
0.3949
0.3654
0.3692
0.325
0.3792
0.3688
0.3696
0.3462
0.368
0.3941
0.3477
0.3578
0.3653
0.3593
0.3686
0.32
0.3718
0.3434
0.3441
0.3599
0.3597
0.3736
0.3705
0.3452
0.3989
0.3631
0.3363
0.3546
0.3322
0.3916
0.3751
0.3846
0.3913
0.3549
0.397
0.3651
0.3568
0.3822
0.3628
0.3661
0.3689
0.3661
0.3776
0.3724
0.3555
0.3659
0.3344
0.3833
0.3968
0.3556
0.3796
0.3339
0.3504
0.3568
0.3578
0.369
0.363
0.3607
0.3824
0.3496
0.3328
0.3667
0.3597
0.3947
0.3513
0.3669
0.341
0.3547
0.3411
0.3622
0.3356
0.3791
0.349
0.3554
0.3475
0.3459
0.3522
0.3525
0.3581
0.3625
0.3325
0.3662
0.3608
0.3308
0.3617
0.3602
0.3704
0.354
0.3763
0.3525
0.3542
0.3659
0.3401
0.357
0.3895
0.3573
0.376
0.3699
0.3839
0.3649
0.3395
0.3735
0.3697
0.3537
0.351
0.3959
0.3672
0.3526
0.3557
0.3465
0.3489
0.3984
0.3512
0.3739
0.3511
0.3559
0.3772
0.3449
0.3969
0.3507
0.3838
0.3775
0.3627
0.3621
0.3507
0.3729
0.3761
0.3499
0.358
0.3619
0.3916
0.3645
0.364
0.3593
0.3597
0.3504
0.3393
0.3334
0.3603
0.3418
0.3622
0.3718
0.3618
0.3725
0.3671
0.3895
0.3725
0.3627
0.3552
0.3604
0.3734
0.3751
0.3611
0.3478
0.3684
0.3631
0.3544
0.3785
0.3463
0.3418
0.3141
0.3336
0.3238
0.3554
0.3743
0.3754
0.3983
0.3355
0.356
0.3984
0.359
0.3629
0.3795
0.3331
0.3412
0.3801
0.3481
0.3525
0.3367
0.3543
0.3568
0.3355
0.3478
0.3624
0.3717
0.3609
0.3823
0.3496
0.3638
0.3677
0.3532
0.3883
0.3608
0.3619
0.3963
0.3741
0.3666
0.3581
0.3954
0.3487
0.3566
0.3777
0.3692
0.3641
0.3507
0.3694
0.3515
0.3676
0.3471
0.3696
0.3668
0.3598
0.3878
0.3964
0.3976
0.3808
0.3918
0.3983
0.3941
0.3976
0.3879
0.3951
0.3886
0.3994
0.3686
0.3952
0.3985
0.3963
0.3958
0.3987
0.3992
0.398
0.3931
0.398
0.3723
0.3969
0.3965
0.3718
0.3983
0.3567
0.3974
0.3901
0.3961
0.3944
0.3945
0.3976
0.3955
0.3979
0.3967
0.3983
0.3938
0.3566
0.3976
0.3959
0.3898
0.3953
0.3927
0.3982
0.3895
0.3974
0.3823
0.3919
0.3993
0.3946
0.3981
0.3842
0.3968
0.3847
0.3927
0.39
0.3968
0.3972
0.3982
0.3978
0.3965
0.3998
0.3395
0.3785
0.3723
0.3973
0.3703
0.3872
0.3993
0.3801
0.3972
0.3981
0.3992
0.3891
0.3748
0.3926
0.3946
0.3934
0.3967
0.3924
0.393
0.3939
0.3845
0.3986
0.3853
0.3862
0.3921
0.3964
0.3918
0.3985
0.3943
0.3883
0.3937
0.3951
0.3944
0.3956
0.3836
0.397
0.3965
0.3922
0.3894
0.3706
0.3936
0.3986
0.3993
0.3932
0.3831
0.3869
0.371
0.3973
0.3985
0.3852
0.3608
0.3985
0.3447
0.398
0.3735
0.3898
0.3975
0.3983
0.3943
0.3929
0.3951
0.3786
0.3729
0.399
0.3985
0.3991
0.3852
0.3957
0.3954
0.3917
0.3981
0.3993
0.3673
0.3914
0.3992
0.3865
0.399
0.396
0.3763
0.3958
0.3719
0.3975
0.3977
0.3974
0.363
0.3729
0.3992
0.391
0.3986
0.3949
0.394
0.3964
0.3938
0.3986
0.3972
0.3982
0.3517
0.3953
0.377
0.3986
0.3749
0.3968
0.3974
0.3994
0.3965
0.3876
0.3766
0.3988
0.3974
0.3976
0.3851
0.3964
0.3634
0.3987
0.394
0.3899
0.3986
0.3724
0.3978
0.3803
0.3601
0.397
0.3906
0.3977
0.3524
0.3619
0.38
0.3872
0.3803
0.385
0.3938
0.3977
0.3985
0.3932
0.3729
0.396
0.3609
0.3788
0.3869
0.3671
0.3953
0.3971
0.3979
0.3974
0.3926
0.3852
0.3781
0.3897
0.3965
0.3782
0.3968
0.3965
0.396
0.3998
0.384
0.39
0.3956
0.3985
0.3961
0.3904
0.3818
0.3906
0.3866
0.3871
0.393
0.3965
0.3923
0.3964
0.3859
0.3976
0.3916
0.3877
0.3754
0.3979
0.3973
0.3875
0.3908
0.3977
0.3679
0.3941
0.3972
0.3978
0.3944
0.3979
0.399
0.3889
0.397
0.3788
0.3906
0.3982
0.3978
0.3776
0.3947
0.3972
0.3884
0.384
0.3869
0.3975
0.3519
0.3933
0.3994
0.3793
0.3854
0.3952
0.392
0.394
0.3975
0.3553
0.3954
0.3951
0.3984
0.3992
0.3973
0.3945
0.3921
0.3995
0.3961
0.3966
0.3956
0.3934
0.3854
0.3864
0.3945
0.3914
0.395
0.3945
0.3941
0.3943
0.3969
0.3967
0.3939
0.3917
0.3978
0.3882
0.3906
0.3932
0.3566
0.399
0.3906
0.3934
0.3941
0.3486
0.3993
0.3915
0.3991
0.3666
0.3814
0.3655
0.3951
0.3984
0.3913
0.3874
0.3938
0.3917
0.3982
0.3963
0.3948
0.3866
0.3814
0.3968
0.3946
0.398
0.3982
0.399
0.3986
0.3963
0.3986
0.399
0.3982
0.3942
0.3951
0.3995
0.3887
0.3997
0.3978
0.398
0.3789
0.384
0.3775
0.3766
0.3924
0.3868
0.3951
0.3973
0.3955
0.3997
0.399
0.3954
0.3993
0.3928
0.3975
0.3974
0.3959
0.3956
0.3874
0.3947
0.3453
0.3807
0.3874
0.3931
0.3968
0.3911
0.3794
0.3411
0.3949
0.3963
0.398
0.3965
0.3597
0.3883
0.3946
0.3962
0.3818
0.3792
0.3922
0.3985
0.3974
0.3962
0.3974
0.3986
0.3959
0.3739
0.3976
0.3933
0.3979
0.3834
0.3975
0.3906
0.3984
0.3963
0.3972
0.3854
0.3792
0.3876
0.3735
0.398
0.399
0.3907
0.3813
0.3911
0.3954
0.3994
0.3911
0.3953
0.3982
0.3976
0.398
0.397
0.3628
0.3901
0.3893
0.3976
0.3908
0.3977
0.3978
0.3913
0.3925
0.3991
0.3925
0.3915
0.3805
0.3963
0.3966
0.3959
0.3988
0.3763
0.3937
0.3912
0.396
0.3858
0.3917
0.3991
0.3755
0.3916
0.384
0.3962
0.3671
0.3988
0.3952
0.398
0.3974
0.3974
0.396
0.3892
0.3987
0.3993
0.3858
0.3982
0.395
0.3958
0.3965
0.3989
0.3872
0.3952
0.3871
0.3922
0.392
0.3931
0.3957
0.3916
0.3958
0.3967
0.3873
0.3938
0.3891
0.3991
0.3981
0.3945
0.3976
0.361
0.3964
0.3987
0.3969
0.3952
0.3825
0.3832
0.3817
0.3979
0.3906
0.3725
0.3847
0.3855
0.3935
0.3974
0.3684
0.3882
0.3978
0.3974
0.3964
0.3949
0.3895
0.383
0.3967
0.3919
0.3989
0.3914
0.3975
0.391
0.398
0.3846
0.3977
0.3937
0.3837
0.3975
0.3966
0.3918
0.393
0.3988
0.3973
0.3966
0.3897
0.3945
0.3976
0.3978
0.3963
0.3829
0.3964
0.3983
0.3975
0.3915
0.3954
0.3949
0.3637
0.3844
0.3941
0.3875
0.3641
0.3973
0.3933
0.3685
0.3969
0.3991
0.397
0.3991
0.3946
0.3983
0.394
0.3964
0.3985
0.3981
0.394
0.3983
0.399
0.3942
0.3975
0.3985
0.3993
0.3972
0.3977
0.3972
0.3937
0.3936
0.393
0.3983
0.3677
0.3986
0.3948
0.3954
0.3998
0.3881
0.3723
0.3954
0.3935
0.3968
0.3969
0.393
0.3973
0.3939
0.396
0.3858
0.3944
0.376
0.3994
0.3763
0.3985
0.3988
0.3996
0.3944
0.3186
0.3985
0.3963
0.3967
0.351
0.3917
0.3976
0.3942
0.3952
0.3981
0.3986
0.3935
0.3942
0.3912
0.3597
0.3994
0.3757
0.3987
0.3954
0.3935
0.3933
0.3988
0.3973
0.3948
0.3904
0.3915
0.3985
0.3757
0.3963
0.3951
0.3987
0.3887
0.3853
0.3991
0.3982
0.396
0.3976
0.3964
0.3778
0.3978
0.3958
0.3931
0.3984
0.3982
0.3986
0.3974
0.3996
0.3919
0.3825
0.3642
0.3937
0.3662
0.3858
0.3908
0.3993
0.3963
0.3973
0.3989
0.3954
0.3962
0.3801
0.3833
0.3978
0.3988
0.3973
0.3825
0.3976
0.398
0.3982
0.3808
0.397
0.3715
0.3624
0.3962
0.3963
0.3826
0.3979
0.388
0.3985
0.3993
0.3952
0.3968
0.3939
0.3908
0.397
0.3941
0.3978
0.3944
0.3975
0.391
0.3978
0.3914
0.3855
0.3995
0.3806
0.3952
0.3959
0.3442
0.3975
0.3984
0.3746
0.3977
0.3956
0.3931
0.3989
0.3988
0.3924
0.3953
0.3832
0.3639
0.3901
0.397
0.3334
0.3978
0.3982
0.3886
0.3954
0.397
0.3928
0.3668
0.3903
0.3823
0.3983
0.3984
0.3995
0.3985
0.3565
0.3981
0.3972
0.3962
0.3969
0.3998
0.3987
0.3963
0.3994
0.397
0.39
0.398
0.3994
0.3969
0.3658
0.397
0.3831
0.392
0.3933
0.3867
0.399
0.3974
0.3991
0.3831
0.397
0.3966
0.3703
0.3982
0.3946
0.3986
0.3915
0.3973
0.3719
0.3933
0.3975
0.3938
0.3952
0.3949
0.398
0.3969
0.3913
0.3615
0.3991
0.3984
0.3904
0.3976
0.3898
0.3991
0.3874
0.3763
0.3984
0.3981
0.3898
0.3922
0.3885
0.3916
0.396
0.398
0.3962
0.3998
0.3961
0.3948
0.3959
0.3973
0.3966
0.3865
0.399
0.3917
0.3694
0.3976
0.3945
0.3946
0.3883
0.3963
0.3923
0.3887
0.395
0.39
0.3819
0.3983
0.3963
0.3965
0.3944
0.3825
0.3949
0.3946
0.3963
0.3943
0.3948
0.395
0.3805
0.3729
0.3991
0.3772
0.3956
0.38
0.3971
0.3993
0.3835
0.3837
0.3937
0.3984
0.3866
0.3986
0.3989
0.3829
0.3983
0.3973
0.3741
0.3988
0.3866
0.3994
0.3933
0.3793
0.3916
0.3928
0.3923
0.3967
0.3967
0.3961
0.3946
0.3925
0.3964
0.3749
0.3749
0.3884
0.3516
0.393
0.3935
0.3916
0.383
0.3988
0.3784
0.3954
0.3871
0.3988
0.3938
0.396
0.3972
0.3803
0.3847
0.3962
0.3991
0.3971
0.3874
0.3993
0.3793
0.3907
0.3908
0.3973
0.3978
0.3953
0.3868
0.3763
0.3974
0.3881
0.3986
0.3733
0.38
0.3985
0.3983
0.3982
0.3903
0.3882
0.3984
0.3952
0.397
0.3773
0.3966
0.3992
0.3924
0.3984
0.3974
0.3955
0.3728
0.3601
0.3943
0.3991
0.3897
0.3934
0.3931
0.3963
0.3954
0.3993
0.3729
0.3963
0.3866
0.3742
0.3867
0.3871
0.3983
0.399
0.3936
0.3955
0.3987
0.3867
0.3972
0.3938
0.3986
0.3854
0.3908
0.3975
0.3923
0.3985
0.3966
0.3976
0.3958
0.3682
0.3785
0.399
0.3974
0.3905
0.3685
0.3991
0.3912
0.3929
0.3677
0.3661
0.37
0.3976
0.3572
0.3987
0.3991
0.3964
0.3929
0.3927
0.3881
0.3952
0.3958
0.3979
0.3524
0.3963
0.3934
0.3974
0.3959
0.3936
0.36
0.3953
0.3929
0.3849
0.3985
0.398
0.3618
0.3932
0.3989
0.3836
0.3977
0.3529
0.3865
0.3981
0.3867
0.38
0.3741
0.3943
0.394
0.3844
0.3971
0.3986
0.3992
0.3969
0.3954
0.3662
0.3519
0.3968
0.3871
0.3962
0.3971
0.3924
0.3994
0.3905
0.3973
0.3978
0.3963
0.3662
0.3972
0.3958
0.3979
0.3954
0.397
0.3985
0.3931
0.3854
0.3935
0.3959
0.3946
0.3956
0.3979
0.3916
0.3977
0.3992
0.3857
0.3986
NA
NA
NA
NA
NA
NA
NA
NA
NA
NA
NA
NA
NA
NA
NA
NA
NA
NA
NA
NA
NA
NA
NA
NA
NA
NA
NA
NA
NA
NA
NA
NA
NA
NA
NA
NA
NA
NA
NA
NA
NA
NA
NA
NA
NA
NA
NA
NA
NA
NA
NA
NA
NA
NA
NA
NA
NA
NA
NA
NA
NA
NA
NA
NA
NA
NA
NA
NA
NA
NA
NA
NA
NA
NA
NA
NA
NA
NA
NA
NA
NA
NA
NA
NA
NA
NA
NA
NA
NA
NA
NA
NA
NA
NA
NA
NA
NA
NA
NA
NA
NA
NA
NA
NA
NA
NA
NA
NA
NA
NA
NA
NA
NA
NA
NA
NA
NA
NA
NA
NA
NA
NA
NA
NA
NA
NA
NA
NA
NA
NA
NA
NA
NA
NA
NA
NA
NA
NA
NA
NA
NA
NA
NA
NA
NA
NA
NA
NA
NA
NA
NA
NA
NA
NA
NA
NA
NA
NA
NA
NA
NA
NA
NA
NA
NA
NA
NA
NA
NA
NA
NA
NA
NA
NA
NA
NA
NA
NA
NA
NA
NA
NA
NA
NA
NA
NA
NA
NA
NA
NA
NA
NA
NA
NA
NA
NA
NA
NA
NA
NA
NA
NA
NA
NA
NA
NA
NA
NA
NA
NA
NA
NA
NA
NA
NA
NA
NA
NA
NA
NA
NA
NA
NA
NA
NA
NA
NA
NA
NA
NA
NA
NA
NA
NA
NA
NA
NA
NA
NA
NA
NA
NA
NA
NA
NA
NA
NA
NA
NA
NA
NA
NA
NA
NA
NA
NA
NA
NA
NA
NA
NA
NA
NA
NA
NA
NA
NA
NA
NA
NA
NA
NA
NA
NA
NA
NA
NA
NA
NA
NA
NA
NA
NA
NA
NA
NA
NA
NA
NA
NA
NA
NA
NA
NA
NA
NA
NA
NA
NA
NA
NA
NA
NA
NA
NA
NA
NA
NA
NA
NA
NA
NA
NA
NA
NA
NA
NA
NA
NA
NA
NA
NA
NA
NA
NA
NA
NA
NA
NA
NA
NA
NA
NA
NA
NA
NA
NA
NA
NA
NA
NA
NA
NA
NA
NA
NA
NA
NA
NA
NA
NA
NA
NA
NA
NA
NA
NA
NA
NA
NA
NA
NA
NA
NA
NA
NA
NA
NA
NA
NA
NA
NA
NA
NA
NA
NA
NA
NA
NA
NA
NA
NA
NA
NA
NA
NA
NA
NA
NA
NA
NA
NA
NA
NA
NA
NA
NA
NA
NA
NA
NA
NA
NA
NA
NA
NA
NA
NA
NA
NA
NA
NA
NA
NA
NA
NA
NA
NA
NA
NA
NA
NA
NA
NA
NA
NA
NA
NA
NA
NA
NA
NA
NA
NA
NA
NA
NA
NA
NA
NA
NA
NA
NA
NA
NA
NA
NA
NA
NA
NA
NA
NA
NA
NA
NA
NA
NA
NA
NA
NA
NA
NA
NA
NA
NA
NA
NA
NA
NA
NA
NA
NA
NA
NA
NA
NA
NA
NA
NA
NA
NA
NA
NA
NA
NA
NA
NA
NA
NA
NA
NA
NA
NA
NA
NA
NA
NA
NA
NA
NA
NA
NA
NA
NA
NA
NA
NA
NA
NA
NA
NA
NA
NA
NA
NA
NA
NA
NA
NA
NA
NA
NA
NA
NA
NA
NA
NA
NA
NA
NA
NA
NA
NA
NA
NA
NA
NA
NA
NA
NA
NA
NA
NA
NA
NA
NA
NA
NA
NA
NA
NA
NA
NA
NA
NA
NA
NA
NA
NA
NA
NA
NA
NA
NA
NA
NA
NA
NA
NA
NA
NA
NA
NA
NA
NA
NA
NA
NA
NA
NA
NA
NA
NA
NA
NA
NA
NA
NA
NA
NA
NA
NA
NA
NA
NA
NA
NA
NA
NA
NA
NA
NA
NA
NA
NA
NA
NA
NA
NA
NA
NA
NA
NA
NA
NA
NA
NA
NA
NA
NA
NA
NA
NA
NA
NA
NA
NA
NA
NA
NA
NA
NA
NA
NA
NA
NA
NA
NA
NA
NA
NA
NA
NA
NA
NA
NA
NA
NA
NA
NA
NA
NA
NA
NA
NA
NA
NA
NA
NA
NA
NA
NA
NA
NA
NA
NA
NA
NA
NA
NA
NA
NA
NA
NA
NA
NA
NA
NA
NA
NA
NA
NA
NA
NA
NA
NA
NA
NA
NA
NA
NA
NA
NA
NA
NA
NA
NA
NA
NA
NA
NA
NA
NA
NA
NA
NA
NA
NA
NA
NA
NA
NA
NA
NA
NA
NA
NA
NA
NA
NA
NA
NA
NA
NA
NA
NA
NA
NA
NA
NA
NA
NA
NA
NA
NA
NA
NA
NA
NA
NA
NA
NA
NA
NA
NA
NA
NA
NA
NA
NA
NA
NA
NA
NA
NA
NA
NA
NA
NA
NA
NA
NA
NA
NA
NA
NA
NA
NA
NA
NA
NA
NA
NA
NA
NA
NA
NA
NA
NA
NA
NA
NA
NA
NA
NA
NA
NA
NA
NA
NA
NA
NA
NA
NA
NA
NA
NA
NA
NA
NA
NA
NA
NA
NA
NA
NA
NA
NA
NA
NA
NA
NA
NA
NA
NA
NA
NA
NA
NA
NA
NA
NA
NA
NA
NA
NA
NA
NA
NA
NA
NA
NA
NA
NA
NA
NA
NA
NA
NA
NA
NA
NA
NA
NA
NA
NA
NA
NA
NA
NA
NA
NA
NA
NA
NA
NA
NA
NA
NA
NA
NA
NA
NA
NA
NA
NA
NA
NA
NA
NA
NA
NA
NA
NA
NA
NA
NA
NA
NA
NA
NA
NA
NA
NA
NA
NA
NA
NA
NA
NA
NA
NA
NA
NA
NA
NA
NA
NA
NA
NA
NA
NA
NA
NA
NA
NA
NA
NA
NA
NA
NA
NA
NA
NA
NA
NA
NA
NA
NA
NA
NA
NA
NA
NA
NA
NA
NA
NA
NA
NA
NA
NA
NA
NA
NA
NA
NA
NA
NA
NA
NA
NA
NA
NA
NA
NA
NA
NA
NA
NA
NA
NA
NA
NA
NA
NA
NA
NA
NA
NA
NA
NA
NA
NA
NA
NA
NA
NA
NA
NA
NA
NA
NA
NA
NA
NA
NA
NA
NA
NA
NA
NA
NA
NA
NA
NA
NA
NA
NA
NA
NA
NA
NA
NA
NA
NA
NA
NA
NA
NA
NA
NA
NA
NA
NA
NA
NA
NA
NA
NA
NA
NA
NA
NA
NA
NA
NA
NA
NA
NA
NA
NA
NA
NA
NA
NA
NA
NA
NA
NA
NA
NA
NA
NA
NA
NA
NA
NA
NA
NA
NA
NA
NA
NA
NA
NA
NA
NA
NA
NA
NA
NA
NA
NA
NA
NA
NA
NA
NA
NA
NA
NA
NA
NA
NA
NA
NA
NA
NA
NA
NA
NA
NA
NA
NA
NA
NA
NA
NA
NA
NA
NA
NA
NA
NA
NA
NA
NA
NA
NA
NA
NA
NA
NA
NA
NA
NA
NA
NA
NA
NA
NA
NA
NA
NA
NA
NA
NA
NA
NA
NA
NA
NA
NA
NA
NA
NA
NA
NA
NA
NA
NA
NA
NA
NA
NA
NA
NA
NA
NA
NA
NA
NA
NA
NA
NA
NA
NA
NA
NA
NA
NA
NA
NA
NA
NA
NA
NA
NA
NA
NA
NA
NA
NA
NA
NA
NA
NA
NA
NA
NA
NA
NA
NA
NA
NA
NA
NA
NA
NA
NA
NA
NA
NA
NA
NA
NA
NA
NA
NA
NA
NA
NA
NA
NA
NA
NA
NA
NA
NA
NA
NA
NA
NA
NA
NA
NA
NA
NA
NA
NA
NA
NA
NA
NA
NA
NA
NA
NA
NA
NA
NA
NA
NA
NA
NA
NA
NA
NA
NA
NA
NA
NA
NA
NA
NA
NA
NA
NA
NA
NA
NA
NA
NA
NA
NA
NA
NA
NA
NA
NA
NA
NA
NA
NA
NA
NA
NA
NA
NA
NA
NA
NA
NA
NA
NA
NA
NA
NA
NA
NA
NA
NA
NA
NA
NA
NA
NA
NA
NA
NA
NA
NA
NA
NA
NA
NA
NA
NA
NA
NA
NA
NA
NA
NA
NA
NA
NA
NA
NA
NA
NA
NA
NA
NA
NA
NA
NA
NA
NA
NA
NA
NA
NA
NA
NA
NA
NA
NA
NA
NA
NA
NA
NA
NA
NA
NA
NA
NA
NA
NA
NA
NA
NA
NA
NA
NA
NA
NA
NA
NA
NA
NA
NA
NA
NA
NA
NA
NA
NA
NA
NA
NA
NA
NA
NA
NA
NA
NA
NA
NA
NA
NA
NA
NA
NA
NA
NA
NA
NA
NA
NA
NA
NA
NA
NA
NA
NA
NA
NA
NA
NA
NA
NA
NA
NA
NA
NA
NA
NA
NA
NA
NA
NA
NA
NA
NA
NA
NA
NA
NA
NA
NA
NA
NA
NA
NA
NA
NA
NA
NA
NA
NA
NA
NA
NA
NA
NA
NA
NA
NA
NA
NA
NA
NA
NA
NA
NA
NA
NA
NA
NA
NA
NA
NA
NA
NA
NA
NA
NA
NA
NA
NA
NA
NA
NA
NA
NA
NA
NA
NA
NA
NA
NA
NA
NA
NA
NA
NA
NA
NA
NA
NA
NA
NA
NA
NA
NA
NA
NA
NA
NA
NA
NA
NA
NA
NA
NA
NA
NA
NA
NA
NA
NA
NA
NA
NA
NA
NA
NA
NA
NA
NA
NA
NA
NA
NA
NA
NA
NA
NA
NA
NA
NA
NA
NA
NA
NA
NA
NA
NA
NA
NA
NA
NA
NA
NA
NA
NA
NA
NA
NA
NA
NA
NA
NA
NA
NA
NA
NA
NA
NA
NA
NA
NA
NA
NA
NA
NA
NA
NA
NA
NA
NA
NA
NA
NA
NA
NA
NA
NA
NA
NA
NA
NA
NA
NA
NA
NA
NA
NA
NA
NA
NA
NA
NA
NA
NA
NA
NA
NA
NA
NA
NA
NA
NA
NA
NA
NA
NA
NA
NA
NA
NA
NA
NA
NA
NA
NA
NA
NA
NA
NA
NA
NA
NA
NA
NA
NA
NA
NA
NA
NA
NA
NA
NA
NA
NA
NA
NA
NA
NA
NA
NA
NA
NA
NA
NA
NA
NA
NA
NA
NA
NA
NA
NA
NA
NA
NA
NA
NA
NA
NA
NA
NA
NA
NA
NA
NA
NA
NA
NA
NA
NA
NA
NA
NA
NA
NA
NA
NA
NA
NA
NA
NA
NA
NA
NA
NA
NA
NA
NA
NA
NA
NA
NA
NA
NA
NA
NA
NA
NA
NA
NA
NA
NA
NA
NA
NA
NA
NA
NA
NA
NA
NA
NA
NA
NA
NA
NA
NA
NA
NA
NA
NA
NA
NA
NA
NA
NA
NA
NA
NA
NA
NA
NA
NA
NA
NA
NA
NA
NA
NA
NA
NA
NA
NA
NA
NA
NA
NA
NA
NA
NA
NA
NA
NA
NA
NA
NA
NA
NA
NA
NA
NA
NA
NA
NA
NA
NA
NA
NA
NA
NA
NA
NA
NA
NA
NA
NA
NA
NA
NA
NA
NA
NA
NA
NA
NA
NA
NA
NA
NA
NA
NA
NA
NA
NA
NA
NA
NA
NA
NA
NA
NA
NA
NA
NA
NA
NA
NA
NA
NA
NA
NA
NA
NA
NA
NA
NA
NA
NA
NA
NA
NA
NA
NA
NA
NA
NA
NA
NA
NA
NA
NA
NA
NA
NA
NA
NA
NA
NA
NA
NA
NA
NA
NA
NA
NA
NA
NA
NA
NA
NA
NA
NA
NA
NA
NA
NA
NA
NA
NA
NA
NA
NA
NA
NA
NA
NA
NA
NA
NA
NA
NA
NA
NA
NA
NA
NA
NA
NA
NA
NA
NA
NA
NA
NA
NA
NA
NA
NA
NA
NA
NA
NA
NA
NA
NA
NA
NA
NA
NA
NA
NA
NA
NA
NA
NA
NA
NA
NA
NA
NA
NA
NA
NA
NA
NA
NA
NA
NA
NA
NA
NA
NA
NA
NA
NA
NA
NA
NA
NA
NA
NA
NA
NA
NA
NA
NA
NA
NA
NA
NA
NA
NA
NA
NA
NA
NA
NA
NA
NA
NA
NA
NA
NA
NA
NA
NA
NA
NA
NA
NA
NA
NA
NA
NA
NA
NA
NA
NA
NA
NA
NA
NA
NA
NA
NA
NA
NA
NA
NA
NA
NA
NA
NA
NA
NA
NA
NA
NA
NA
NA
NA
NA
NA
NA
NA
NA
NA
NA
NA
NA
NA
NA
NA
NA
NA
NA
NA
NA
NA
NA
NA
NA
NA
NA
NA
NA
NA
NA
NA
NA
NA
NA
NA
NA
NA
NA
NA
NA
NA
NA
NA
NA
NA
NA
NA
NA
NA
NA
NA
NA
NA
NA
NA
NA
NA
NA
NA
NA
NA
NA
NA
NA
NA
NA
NA
NA
NA
NA
NA
NA
NA
NA
NA
NA
NA
NA
NA
NA
NA
NA
NA
NA
NA
NA
NA
NA
NA
NA
NA
NA
NA
NA
NA
NA
NA
NA
NA
NA
NA
NA
NA
NA
NA
NA
NA
NA
NA
NA
NA
NA
NA
NA
NA
NA
NA
NA
NA
NA
NA
NA
NA
NA
NA
NA
NA
NA
NA
NA
NA
NA
NA
NA
NA
NA
NA
NA
NA
NA
NA
NA
NA
NA
NA
NA
NA
NA
NA
NA
NA
NA
NA
NA
NA
NA
NA
NA
NA
NA
NA
NA
NA
NA
NA
NA
NA
NA
NA
NA
NA
NA
NA
NA
NA
NA
NA
NA
NA
NA
NA
NA
NA
NA
NA
NA
NA
NA
NA
NA
NA
NA
NA
NA
NA
NA
NA
NA
NA
NA
NA
NA
NA
NA
NA
NA
NA
NA
NA
NA
NA
NA
NA
NA
NA
NA
NA
NA
NA
NA
NA
NA
NA
NA
NA
NA
NA
NA
NA
NA
NA
NA
NA
NA
NA
NA
NA
NA
NA
NA
NA
NA
NA
NA
NA
NA
NA
NA
NA
NA
NA
NA
NA
NA
NA
NA
NA
NA
NA
NA
NA
NA
NA
NA
NA
NA
NA
NA
NA
NA
NA
NA
NA
NA
NA
NA
NA
NA
NA
NA
NA
NA
NA
NA
NA
NA
NA
NA
NA
NA
NA
NA
NA
NA
NA
NA
NA
NA
NA
NA
NA
NA
NA
NA
NA
NA
NA
NA
NA
NA
NA
NA
NA
NA
NA
NA
NA
NA
NA
NA
NA
NA
NA
NA
NA
NA
NA
NA
NA
NA
NA
NA
NA
NA
NA
NA
NA
NA
NA
NA
NA
NA
NA
NA
NA
NA
NA
NA
NA
NA
NA
NA
NA
NA
NA
NA
NA
NA
NA
NA
NA
NA
NA
NA
NA
NA
NA
NA
NA
NA
NA
NA
NA
NA
NA
NA
NA
NA
NA
NA
NA
NA
NA
NA
NA
NA
NA
NA
NA
NA
NA
NA
NA
NA
NA
NA
NA
NA
NA
NA
NA
NA
NA
NA
NA
NA
NA
NA
NA
NA
NA
NA
NA
NA
NA
NA
NA
NA
NA
NA
NA
NA
NA
NA
NA
NA
NA
NA
NA
NA
NA
NA
NA
NA
NA
NA
NA
NA
NA
NA
NA
NA
NA
NA
NA
NA
NA
NA
NA
NA
NA
NA
NA
NA
NA
NA
NA
NA
NA
NA
NA
NA
NA
NA
NA
NA
NA
NA
NA
NA
NA
NA
NA
NA
NA
NA
NA
NA
NA
NA
NA
NA
NA
NA
NA
NA
NA
NA
NA
NA
NA
NA
NA
NA
NA
NA
NA
NA
NA
NA
NA
NA
NA
NA
NA
NA
NA
NA
NA
NA
NA
NA
NA
NA
NA
NA
NA
NA
NA
NA
NA
NA
NA
NA
NA
NA
NA
NA
NA
NA
NA
NA
NA
NA
NA
NA
NA
NA
NA
NA
NA
NA
NA
NA
NA
NA
NA
NA
NA
NA
NA
NA
NA
NA
NA
NA
NA
NA
NA
NA
NA
NA
NA
NA
NA
NA
NA
NA
NA
NA
NA
NA
NA
NA
NA
NA
NA
NA
NA
NA
NA
NA
NA
NA
NA
NA
NA
NA
NA
NA
NA
NA
NA
NA
NA
NA
NA
NA
NA
NA
NA
NA
NA
NA
NA
NA
NA
NA
NA
NA
NA
NA
NA
NA
NA
NA
NA
NA
NA
NA
NA
NA
NA
NA
NA
NA
NA
NA
NA
NA
NA
NA
NA
NA
NA
NA
NA
NA
NA
NA
NA
NA
NA
NA
NA
NA
NA
NA
NA
NA
NA
NA
NA
NA
NA
NA
NA
NA
NA
NA
NA
NA
NA
NA
NA
NA
NA
NA
NA
NA
NA
NA
NA
NA
NA
NA
NA
NA
NA
NA
NA
NA
NA
NA
NA
NA
NA
NA
NA
NA
NA
NA
NA
NA
NA
NA
NA
NA
NA
NA
NA
NA
NA
NA
NA
NA
NA
NA
NA
NA
NA
NA
NA
NA
NA
NA
NA
NA
NA
NA
NA
NA
NA
NA
NA
NA
NA
NA
NA
NA
NA
NA
NA
NA
NA
NA
NA
NA
NA
NA
NA
NA
NA
NA
NA
NA
NA
NA
NA
NA
NA
NA
NA
NA
NA
NA
NA
NA
NA
NA
NA
NA
NA
NA
NA
NA
NA
NA
NA
NA
NA
NA
NA
NA
NA
NA
NA
NA
NA
NA
NA
NA
NA
NA
NA
NA
NA
NA
NA
NA
NA
NA
NA
NA
NA
NA
NA
NA
NA
NA
NA
NA
NA
NA
NA
NA
NA
NA
NA
NA
NA
NA
NA
NA
NA
NA
NA
NA
NA
NA
NA
NA
NA
NA
NA
NA
NA
NA
NA
NA
NA
NA
NA
NA
NA
NA
NA
NA
NA
NA
NA
NA
NA
NA
NA
NA
NA
NA
NA
NA
NA
NA
NA
NA
NA
NA
NA
NA
NA
NA
NA
NA
NA
NA
NA
NA
NA
NA
NA
NA
NA
NA
NA
NA
NA
NA
NA
NA
NA
NA
NA
NA
NA
NA
NA
NA
NA
NA
NA
NA
NA
NA
NA
NA
NA
NA
NA
NA
NA
NA
NA
NA
NA
NA
NA
NA
NA
NA
NA
NA
NA
NA
NA
NA
NA
NA
NA
NA
NA
NA
NA
NA
NA
NA
NA
NA
NA
NA
NA
NA
NA
NA
NA
NA
NA
NA
NA
NA
NA
NA
NA
NA
NA
NA
NA
NA
NA
NA
NA
NA
NA
NA
NA
NA
NA
NA
NA
NA
NA
NA
NA
NA
NA
NA
NA
NA
NA
NA
NA
NA
NA
NA
NA
NA
NA
NA
NA
NA
NA
NA
NA
NA
NA
NA
NA
NA
NA
NA
NA
NA
NA
NA
NA
NA
NA
NA
NA
NA
NA
NA
NA
NA
NA
NA
NA
NA
NA
NA
NA
NA
NA
NA
NA
NA
NA
NA
NA
NA
NA
NA
NA
NA
NA
NA
NA
NA
NA
NA
NA
NA
NA
NA
NA
NA
NA
NA
NA
NA
NA
NA
NA
NA
NA
NA
NA
NA
NA
NA
0.6296
0.5429
0.5949
0.619
0.625
0.3889
0.679
0.5663
0.525
0.5246
0.8955
0.337
0.678
0.6
0.75
0.5571
0.6104
0.7045
0.4432
0.6316
0.4316
0.3605
0.6056
0.6867
0.7361
0.4684
0.6486
0.873
0.5256
0.5
0.48
0.4022
0.3659
0.3846
0.4627
0.3918
0.3645
0.6667
0.8621
0.8333
0.3878
0.4177
0.5733
0.4217
0.6818
0.7308
0.4253
0.5233
0.5467
0.6415
0.7013
0.6203
1.0364
0.3176
0.4675
0.6462
1.0926
0.5412
0.3366
1.0169
0.4024
0.589
0.5455
0.7162
0.5254
0.5238
0.6857
0.4545
0.8169
0.7273
0.4737
0.5977
0.3261
0.4231
0.5493
0.6744
0.8154
0.8548
0.5647
1.0159
0.3375
0.358
0.7051
0.3953
0.4348
0.4878
0.3659
0.378
0.4684
0.4157
0.4051
0.5775
0.6667
0.6716
0.5714
0.3667
0.5632
0.3099
0.4286
0.2609
0.369
0.45
0.7941
0.3537
0.4085
0.5571
0.65
0.3651
0.9365
0.4706
0.6395
0.6308
0.5696
0.3469
0.5974
0.4889
0.8596
0.4125
0.6418
0.4921
0.7465
0.4578
0.4545
0.5316
0.2059
0.5897
1.0794
0.378
0.35
0.5412
0.7183
0.3853
0.5862
0.5
0.4706
0.76
0.5902
0.3882
0.4608
0.3483
0.8169
0.3465
0.4205
0.7342
0.5067
0.3474
0.4419
0.3222
0.6933
0.55
0.5632
0.4935
0.4625
0.5352
0.7681
0.4912
0.6866
0.8529
0.4096
0.8226
0.7121
0.8413
0.8333
0.5545
0.6154
0.64
0.3733
0.2222
0.42
0.6296
1.3261
0.4286
0.4675
0.4085
0.4085
0.6533
0.871
0.5873
0.4
0.6667
0.4444
0.7
0.3816
0.5625
0.5821
0.3696
0.52
0.5
0.7975
0.5417
0.7879
0.5263
1.2364
1.1111
0.5068
0.3579
0.4
0.6716
0.5281
0.4545
0.5658
0.5556
0.4203
0.6
0.5309
0.4889
0.6133
0.7639
0.3537
0.4719
0.7391
0.3626
0.3506
0.5195
0.72
0.2929
0.7794
0.5067
0.6538
0.4815
0.6129
0.5357
0.4384
0.5522
0.4944
0.3043
0.675
0.534
0.3069
0.4342
0.6377
0.7826
0.6429
0.4756
0.6667
0.5109
0.6567
0.4138
0.7
0.3333
0.6526
0.6765
0.913
0.4444
0.4691
0.6
0.5783
0.7681
0.5455
0.5
0.5312
0.4932
0.4416
0.3053
0.4595
0.3367
0.625
0.5506
0.6173
0.3034
0.5949
0.4194
1.209
0.6744
0.6092
0.5147
0.6087
0.4659
0.4588
0.5616
0.3191
0.6711
0.3733
0.5422
0.4118
0.8451
0.625
0.6912
0.625
0.5443
0.2872
0.5352
0.3667
0.4828
0.4875
0.4722
0.2791
0.8806
0.6087
0.6471
0.5733
0.6324
0.3293
0.3804
0.5625
0.4789
0.3267
0.931
0.622
0.6061
0.6901
0.2667
0.7121
0.7206
0.5581
0.5652
0.5385
0.7612
0.3462
0.4861
0.5109
0.6119
0.3563
0.3956
0.6076
0.5686
0.3723
0.6515
0.4217
0.4125
0.359
0.4412
0.5455
0.7162
0.5811
0.3789
0.3976
0.7273
0.6812
0.7429
0.3457
0.6875
0.5616
0.5765
0.3412
0.4886
0.6226
0.4333
0.4932
0.5135
0.5591
0.35
0.4706
0.4478
0.4455
0.7931
0.5
0.5476
0.64
0.5506
0.6076
0.589
0.5062
0.2907
0.7432
0.3614
0.5312
0.4316
0.5542
0.5946
0.573
0.4205
0.5065
0.7237
1.1552
0.4554
0.6714
1.058
0.4634
0.3205
0.6207
0.7818
0.8281
0.5062
0.6974
0.2658
0.5507
0.494
1.0556
0.4396
0.5
0.5588
0.5942
0.5
0.4719
0.4545
0.5857
0.3718
0.6026
0.4118
0.8772
0.7671
0.9333
0.6707
0.4286
0.8356
0.5294
0.8028
0.746
0.5926
0.4935
0.4368
0.6
0.9048
0.4421
0.3077
0.7051
0.3766
0.5316
0.8571
0.7746
0.4105
0.6463
0.3951
0.527
0.7432
0.5122
0.6269
0.3222
0.9412
0.2887
0.5467
0.407
0.6071
0.375
0.3625
0.5176
0.3951
0.3671
0.75
0.5325
0.7188
0.4819
0.2556
0.4375
0.3267
0.6087
0.4455
0.7213
0.4608
0.275
0.8354
0.5057
0.4925
0.3605
0.3239
0.5341
0.8824
0.4048
0.4105
0.46
0.5053
0.4265
0.5341
0.7045
0.4
0.5294
0.2525
0.7436
0.6176
0.5926
0.6857
0.4308
0.7241
0.5
0.8358
0.5692
0.481
0.4556
0.4086
0.9359
0.8684
0.4648
0.6133
0.5
0.7719
0.8387
0.4189
0.4731
0.4118
0.8281
0.527
0.6528
0.6719
0.6197
0.5294
0.4043
0.6582
0.5278
0.5733
0.4839
0.5263
0.5385
0.3951
0.95
0.5581
0.3119
0.6769
0.5658
0.4865
0.2295
0.5067
0.4773
0.6235
0.7105
0.3433
0.6774
0.4776
0.5763
0.4079
0.3896
0.6757
0.3
0.8657
0.7534
0.5802
0.4362
0.2875
0.7671
0.5195
0.4944
0.64
0.8769
0.6024
0.5122
0.6167
0.5
0.4211
0.6613
0.8644
0.4545
0.3151
0.5588
0.6329
0.8082
0.5059
0.5395
0.5773
0.4324
0.7273
0.5067
0.8793
0.6173
0.5213
0.942
0.4382
0.3925
0.8542
0.6351
0.5422
0.4458
0.52
0.7324
0.5301
0.8209
0.9492
0.3556
0.6633
0.7286
0.6471
0.5056
0.4082
0.3263
0.8413
0.5556
0.6164
0.52
0.4459
0.6875
0.6081
0.4783
0.6818
0.65
0.4176
0.5476
0.2889
0.4789
1.2439
0.6486
0.6944
0.3465
0.3736
0.8395
0.7424
1.098
0.4156
0.8714
0.5604
0.4043
0.3059
0.5385
0.3768
0.4118
0.6333
0.4762
0.3548
0.8333
0.3636
0.6076
0.7231
0.3939
0.6081
0.9365
0.831
0.625
0.4091
0.5421
0.4754
0.5375
0.56
0.6324
0.3377
0.4881
0.8136
0.6438
0.7429
0.5278
0.375
0.4231
0.4167
0.8923
0.6176
0.4444
0.6023
0.7679
0.4156
0.6935
0.7885
0.5769
0.4881
0.7647
0.5846
0.4286
0.7143
0.2769
0.5467
0.5789
0.7887
0.3303
0.4026
0.4265
0.36
0.2927
0.299
0.4714
0.4096
0.6786
0.6071
0.4588
0.4651
0.7215
0.2525
0.4744
0.4103
0.5385
0.625
0.55
0.3514
0.8305
0.6618
0.5616
0.5584
0.4531
0.3913
0.3544
0.7571
0.7273
0.5823
0.6027
0.5909
0.3978
0.3735
0.8254
0.3333
0.3467
0.3717
0.3895
0.6964
0.3289
0.9016
0.4583
0.3163
0.5373
0.2685
0.5714
0.3608
0.5119
0.4444
0.5806
0.7312
0.3182
0.5185
0.5147
0.3617
0.8485
0.2959
0.381
0.6562
0.6627
0.4419
0.5538
0.7887
0.9104
0.5063
0.2292
0.3978
0.4839
0.6271
0.4933
0.5309
0.6118
0.5729
0.4857
0.6024
0.4141
0.3718
0.7692
0.4568
0.4886
0.4128
0.3
0.5139
0.4674
0.5857
0.3659
0.4302
0.5385
0.5385
0.39
0.3378
0.4318
0.6964
0.4
0.4737
0.4935
0.6957
0.6216
0.7067
0.5233
0.5641
0.4026
0.5467
0.2477
0.4744
0.7391
0.6047
0.5634
0.338
0.4691
0.6712
0.4103
0.8983
0.4872
0.4235
0.4667
0.5
0.7231
0.4054
1.2195
0.6806
0.1979
0.3171
0.4267
0.5342
0.9014
0.4483
0.3684
0.2475
0.3235
0.3704
0.3261
0.4945
0.3218
0.48
0.2737
0.5714
0.5672
0.7705
0.7288
0.5
0.2877
0.451
0.7973
0.4935
0.5352
0.5789
0.5692
0.4891
0.4458
0.6667
0.4459
0.7857
0.3438
0.4318
0.4253
0.6053
0.5818
0.1942
0.5385
0.6324
0.4583
0.5443
0.3684
0.9828
0.4737
0.6892
0.5641
0.3617
0.5109
0.4571
0.6026
0.8765
0.8421
0.5263
0.8592
0.4595
0.8947
0.3187
0.4375
0.5867
0.6571
0.7258
0.3375
0.3846
0.7015
0.4023
0.5135
0.4248
0.3421
0.4306
0.2958
0.3467
0.6056
0.337
0.6429
0.3656
0.4426
0.527
0.4483
0.9474
0.6
0.3964
0.7403
0.5545
0.557
0.6575
0.3295
0.7073
0.7536
0.3673
0.5823
0.4103
1.0377
0.6094
0.7222
0.4667
0.7101
0.4198
0.6867
0.3778
0.625
0.5978
0.4767
0.56
0.7536
0.5287
0.5441
0.5526
0.6562
0.4471
0.5806
0.7581
0.4468
0.4217
0.425
0.4792
0.2936
0.4149
0.4639
0.4118
0.6883
0.4595
0.4722
0.6061
0.4
0.3855
0.2791
0.404
0.7273
0.4429
0.4933
0.6098
0.5857
0.4625
0.6296
0.6897
0.7031
0.6265
0.4824
0.6038
0.5904
0.3608
0.4762
0.6119
0.3188
0.5738
0.4486
0.6462
0.2955
0.375
0.4789
0.5385
0.7193
0.2935
0.5469
0.6286
0.5056
0.378
0.3049
0.525
0.5862
0.4935
0.7231
0.8788
0.5867
0.7188
0.4868
0.9833
0.5342
0.3929
0.4505
0.4865
0.4328
0.3229
0.4638
0.5432
0.49
0.4353
0.4889
0.3902
0.4507
0.5
0.4324
0.5
0.5641
0.4286
0.7808
0.6104
0.9429
0.6528
0.9275
0.4778
0.4048
0.4138
0.5
0.7353
0.6933
0.8088
0.5385
0.7069
0.2596
0.8462
0.7681
0.5238
0.4941
0.7101
1.1071
0.5854
0.5079
0.6164
0.6377
0.4861
0.337
0.7692
0.5
0.4556
0.5158
0.4474
0.6818
0.411
0.5397
0.5915
0.3936
0.506
0.2766
0.6761
0.6622
0.6949
0.4112
0.4225
0.2824
0.3918
0.5854
0.4533
0.5781
0.3537
0.5616
0.5634
0.3125
0.5205
0.4444
0.5857
0.481
0.5397
0.5875
0.0617
0.4286
0.506
0.4
0.4262
0.6269
0.1957
0.6271
0.4085
0.7206
0.4571
0.2987
0.5227
0.3864
0.3457
0.3125
0.2558
0.4789
0.5301
0.5068
0.2405
0.4
0.5938
0.4103
0.2703
0.2895
0.2935
0.1548
0.3974
0.3582
0.2887
0.4393
0.4286
0.5862
0.7593
0.0841
0.2911
0.3333
0.5301
0.6364
0.5385
0.3563
0.3721
0.3733
0.4717
0.4286
0.4304
0.8
0.3176
0.4935
0.5231
0.7407
0.4353
0.2059
0.7797
0.4268
0.4795
0.4935
0.5946
0.5254
0.3571
0.6143
0.0562
0.7606
0.6061
0.5541
0.3563
0.2391
0.3205
0.338
0.4767
0.5692
0.7581
0.4235
0.5075
0.275
0.2469
0.4568
0.3023
0.4928
0.2927
0.2439
0.2805
0.3038
0.2472
0.2911
0.2639
0.48
0.6716
0.6143
0.3222
0.5172
0.2676
0.2619
0.1538
0.0879
0.3625
0.5
0.2927
0.4028
0.3286
0.0986
0.2222
0.6825
0.4471
0.4651
0.5538
0.4684
0.1414
0.5714
0.3333
0.6316
0.3125
0.5224
0.4127
0.6338
0.253
0.1786
0.5063
0.2157
0.4487
0.9048
0.3659
0.3
0.2588
0.493
0.3
0.5
0.4545
0.3824
0.5067
0.5738
0.2941
0.2019
0.2697
0.7746
0.2277
0.3864
0.5949
0.4533
0.2947
0.4419
0.3222
0.4667
0.3875
0.4598
0.3247
0.1348
0.3803
0.5972
0.4737
0.5224
0.0568
0.3571
0.5079
0.5606
0.6349
0.5909
0.3762
0.4103
0.3867
0.3067
0.3421
0.3
0.4444
1.0435
0.466
0.3377
0.3803
0.338
0.52
0.5968
0.1341
0.3294
0.5758
0.3086
0.5875
0.2763
0.4844
0.3478
0.1068
0.4267
0.0127
0.0722
0.5833
0.5758
0.3377
0.9455
0.7593
0.125
0.2842
0.0374
0.5588
0.427
0.3636
0.4211
0.5641
0.2429
0.4133
0.0778
0.0194
0.4267
0.0854
0.2941
0.3708
0.4783
0.3077
0.2468
0.4675
0.52
0.303
0.8615
0.0227
0.3846
0.321
0.4032
0.2276
0.3699
0.403
0.3933
0.3768
0.4875
0.3592
0.198
0.3026
0.4928
0.5217
0.5143
0.1628
0.4722
0.3913
0.5522
0.2874
0.0455
0.1728
0.3093
0.4638
0.7826
0.3889
0.4568
0.3429
0.3976
0.0471
0.3247
0.4
0.4375
0.2973
0.3506
0.2
0.3378
0.3061
0.7358
0.4494
0.5432
0.3258
0.481
0.2581
0.9851
0.5
0.3667
0.3529
0.5072
0.2921
0.0625
0.5342
0.2447
0.4868
0.28
0.4096
0.4
0.5915
0.5833
0.6029
0.4658
0.481
0.2553
0.3662
0.3444
0.3793
0.25
0.375
0.2558
0.7463
0.3
0.5441
0.32
0.2838
0.3293
0.337
0.4062
0.4366
0.0463
0.7759
0.4268
0.4848
0.5211
0.2667
0.6515
0.4265
0.4186
0.4058
0.2239
0.7164
0.2179
0.3472
0.4891
0.5373
0.2874
0.3297
0.3797
0.3824
0.3298
0.4328
0.3214
0.2625
0.3291
0.2745
0.4545
0.6351
0.5405
0.2211
0.253
0.4545
0.5362
0.5211
0.3457
0.5781
0.4795
0.0769
0.0814
0.4045
0.5472
0.3444
0.3562
0.4054
0.4301
0.131
0.4
0.3433
0.3366
0.6034
0.34
0.369
0.4
0.4831
0.3924
0.3288
0.321
0.2442
0.4865
0.2892
0.4179
0.3158
0.4458
0.473
0.5281
0.1705
0.4026
0.0549
0.1081
0.3267
0.4714
0.7101
0.378
0.2564
0.5747
0.3448
0.75
0.3333
0.5921
0.2911
0.3478
0.4096
0.7037
0.3626
0.1196
0.4559
0.4493
0.3
0.0421
0.2388
0.5
0.1282
0.0778
0.4235
0.5789
0.5205
0.6667
0.378
0.1786
0.6081
0.4235
0.5915
0.4921
0.4321
0.4675
0.4253
0.5067
0.7302
0.3053
0.2308
0.6667
0.3377
0.2683
0.7302
0.6056
0.2917
0.3902
0.284
0.3649
0.5541
0.5366
0.4925
0.1667
0.8529
0.099
0.5067
0.3908
0.5476
0.4127
0.375
0.4118
0.2143
0.2911
0.5294
0.3377
0.4531
0.3373
0.1778
0.3375
0.0734
0.5652
0.3465
0.6393
0.3137
0.25
0.6582
0.2614
0.2794
0.1042
0.1711
0.3523
0.6324
0.2262
0.3789
0.38
0.4
0.2429
0.4091
0.5
0.2462
0.3176
0.2935
0.641
0.473
0.4074
0.5571
0.2576
0.4828
0.3333
0.6119
0.3692
0.1011
0.2667
0.3441
0.7436
0.5714
0.338
0.4667
0.3611
0.6667
0.5806
0.4324
0.3978
0.3882
0.5938
0.3378
0.4167
0.5312
0.4085
0.5059
0.3404
0.0562
0.3014
0.3067
0.1414
0.4737
0.4872
0.253
0.9167
0.4186
0.2202
0.5692
0.3117
0.4189
0.2213
0.4
0.3523
0.3837
0.7105
0.3881
0.5806
0.0541
0.0571
0.3947
0.3117
0.5946
0.19
0.6418
0.5205
0.5062
0.1089
0.1375
0.6849
0.4156
0.2921
0.4267
0.7846
0.4699
0.3049
0.0556
0.4079
0.3421
0.6613
0.7966
0.4675
0.3014
0.4853
0.4625
0.6575
0.5059
0.4211
0.4124
0.2297
0.6364
0.36
0.7241
0.4568
0.3404
0.8116
0.236
0.2897
0.6531
0.5676
0.4578
0.2706
0.3333
0.5493
0.3133
0.5522
0.5593
0.3111
0.5
0.6
0.1039
0.4607
0.2551
0.2474
0.8413
0.6111
0.3514
0.4133
0.3784
0.5938
0.4189
0.3368
0.7121
0.4321
0.0588
0.4643
0.2556
0.0854
1.0244
0.5541
0.5139
0.2376
0.3516
0.7901
0.6818
0.0469
0.3766
0.7143
0.3956
0.3191
0.2
0.4176
0.3333
0.0217
0.5
0.2571
0.2688
0.4189
0.3058
0.5696
0.5692
0.303
0.5811
0.6825
0.662
0.5
0.3333
0.3611
0.3279
0.069
0.3816
0.5735
0.2468
0.369
0.8644
0.589
0.5714
0.3889
0.2593
0.3846
0.25
0.5846
0.3971
0.3611
0.3977
0.5357
0.2857
0.4355
0.3889
0.3974
0.4167
0.5
0.4615
0.2619
0.5
0.2308
0.3333
0.4342
0.5833
0.2477
0.2338
0.1486
0.2267
0.2561
0.2784
0.3429
0.2651
0.5893
0.5119
0.3647
0.2989
0.5316
0.1717
0.3333
0.3333
0.4615
0.1549
0.45
0.2568
0.6721
0.5882
0.3288
0.3247
0.3125
0.2261
0.2152
0.5571
0.6753
0.481
0.4658
0.3788
0.3118
0.2941
0.7143
0.3667
0.2933
0.3186
0.2632
0.4643
0.2632
0.6393
0.4062
0.0792
0.4925
0.1636
0.4675
0.3093
0.4048
0.358
0.6613
0.4731
0.2386
0.3182
0.4706
0.2234
0.7727
0.2551
0.2619
0.4769
0.4096
0.3256
0.3538
0.7183
0.6567
0.443
0.2083
0.2796
0.3511
0.6271
0.4667
0.4074
0.3765
0.375
0.4143
0.3735
0.2929
0.2821
0.5077
0.4691
0.3933
0.3211
0.2286
0.2297
0.4022
0.4286
0.2439
0.3023
0.3333
0.2826
0.44
0.3684
0.2386
0.6071
0.1972
0.2281
0.3766
0.6087
0.4955
0.44
0.3882
0.4359
0.2727
0.48
0.0619
0.3718
0.375
0.4535
0.4366
0.2676
0.3049
0.6164
0.3205
0.6
0.1222
0.2471
0.48
0.4054
0.6154
0.2432
0.8049
0.3889
0.2396
0.3494
0.28
0.3836
0.6761
0.2759
0.2842
0.1683
0.2647
0.3
0.2021
0.3846
0.2874
0.52
0.2632
0.5714
0.4627
0.5161
0.5593
0.4189
0.2877
0.2745
0.6216
0.3506
0.4507
0.4737
0.5231
0.3913
0.0769
0.3438
0.3514
0.6607
0.1667
0.3068
0.2874
0.5132
0.3636
0.1942
0.4177
0.3043
0.3854
0.3924
0.2895
0.8448
0.3947
0.6892
0.4615
0.2842
0.337
0.3143
0.3797
0.8642
0.0571
0.3947
0.6901
0.3784
0.8421
0.3187
0.35
0.4267
0.6429
0.5484
0.0805
0.2637
0.5522
0.2614
0.4054
0.3009
0.2632
0.3472
0.2535
0.24
0.4648
0.2391
0.7143
0.2043
0.1231
0.4189
0.236
0.7544
0.3714
0.2883
0.4675
0.495
0.2658
0.4737
0.2045
0.5854
0.6232
0.2959
0.3544
0.2025
0.6604
0.5312
0.625
0.3867
0.4783
0.284
0.506
0.3333
0.425
0.413
0.4767
0.52
0.4638
0.4598
0.3382
0.25
0.6406
0.2907
0.3548
0.6774
0.2766
0.3494
0.3951
0.4062
0.2385
0.3404
0.3711
0.3765
0.4935
0.4459
0.3472
0.3939
0.3067
0.3735
0.1744
0.2574
0.4935
0.2958
0.28
0.4512
0.4571
0.3
0.5679
0.4483
0.3846
0.4578
0.4118
0.0952
0.5422
0.2268
0.4643
0.3881
0.3478
0.4754
0.2294
0.7231
0.1705
0.2809
0.4366
0.4615
0.7193
0.2717
0.2778
0.5429
0.3146
0.3537
0.1279
0.2561
0.431
0.3247
0.6119
0.6818
0.48
0.7031
0.3947
0.7167
0.3836
0.186
0.2967
0.2838
0.4627
0.1979
0.3478
0.358
0.34
0.3176
0.4444
0.2439
0.3521
0.451
0.3243
0.2917
0.4744
0.2706
0.4384
0.5974
0.8286
0.5278
0.6812
0.4111
0.2644
0.3333
0.069
0.5588
0.4667
0.0595
0.3718
0.3
0.1538
0.7231
0.6232
0.4405
0.4471
0.5362
0.6034
0.4268
0.4127
0.6438
0.5072
0.3472
0.2935
0.4231
0.2692
0.3778
0.4421
0.3377
0.4328
0.2603
0.4308
0.493
0.0686
0.4458
0.2979
0.3611
0.0833
0.4407
0.3551
0.375
0.2262
0.3918
0.5366
0.32
0.4062
0.4268
0.5342
0.3803
0.3125
0.4521
0.4568
0.0706
0.1685
0.4603
0.5125
0.0864
0.3529
0.0303
0.375
0.1571
0.6029
0.0392
0.5254
0.0976
0.0645
0.0633
0.1235
0.0741
0.0412
0.0444
0.2708
0.0825
0.5634
0.0505
0.1059
0.2658
0.0814
0.4603
0.069
0.2568
0.2763
0.2935
0.1667
0.0769
0.2985
0.0952
0.0508
0.0808
0.5862
0.537
0.0561
0.3291
0.3067
0.381
0.5303
0.0213
0.3333
0.043
0.3333
0.4151
0.046
0.0659
0.08
0.2588
0.1124
0.5538
0.7593
0.3765
0.2353
0.0658
0.0449
0.0235
0.2442
0.0114
0.5254
0.3571
0.4
0.0449
0.6761
0.5758
0.0333
0.3448
0.0303
0.1047
0.05
0.4767
0.2267
0.7581
0.4588
0.5075
0.0805
0.1529
0.4321
0.2907
0.4783
0.0787
0.2073
0.2195
0.3544
0.1263
0.3291
0.038
0.44
0.6269
0.1375
0.2889
0.0612
0.3099
0.381
0.1709
0.0769
0.2927
0.6471
0.2073
0.2329
0.0513
0.0423
0.3016
0.6508
0.4118
0.4138
0.0676
0.0787
0.1818
0.4675
0.068
0.7368
0.0909
0.4478
0.4127
0.0745
0.0957
0.2692
0.0909
0.1905
0.4872
0.8095
0.0674
0.0233
0.0549
0.493
0.2054
0.1194
0.4091
0.0845
0.0449
0.5738
0.2588
0.0357
0.1556
0.0449
0.2376
0.3043
0.0309
0.2763
0.0952
0.0745
0.0594
0.44
0.2375
0.0421
0.2857
0.0674
0.3944
0.5139
0.1061
0.5224
0.0682
0.0632
0.0959
0.5455
0.122
0.6061
0.0513
0.4744
0.093
0.0976
0.0353
0.26
0.537
1.1087
0.0259
0.0805
0.0875
0.2254
0.1977
0.6935
0.0854
0.3059
0.4848
0.0476
0.525
0.0633
0.4062
0.4265
0.0971
0.4267
0.0759
0.5375
0.4861
0.5
0.3506
0.2687
0.8704
0.1375
0.0583
0.0467
0.1184
0.4382
0.0909
0.4868
0.5062
0.2714
0.52
0.1
0.0485
0.0581
0.122
0.3059
0.3933
0.4928
0.3077
0.0759
0.4805
0.0632
0.2626
0.1
0.0114
0.3846
0.321
0.1408
0.0602
0.0741
0.4179
0.4286
0.2464
0.4125
0.4078
0.2871
0.0941
0.4493
0.119
0.4857
0.0659
0.4247
0.3913
0.5224
0.0753
0.0909
0.2222
0.2577
0.0494
0.6522
0.2639
0.1263
0.0897
0.3976
0.0824
0.0444
0.4
0.0714
0.2703
0.3636
0.0495
0.0357
0.3061
0.1176
0.0467
0.4938
0.2921
0.4557
0.0588
0.8806
0.5
0.0192
0.3235
0.5507
0.3371
0.3529
0.3973
0.0404
0.5132
0.3333
0.3614
0.0652
0.0482
0.1264
0.5
0.5068
0.0217
0.0816
0.2254
0.3
0.4138
0.3875
0.4583
0.2791
0.7463
0.1282
0.4265
0.3421
0.5147
0.1034
0.0476
0.4308
0.4366
0.0648
0.6102
0.378
0.4394
0.6761
0.0385
0.4394
0.5147
0.3721
0.4493
0.0417
0.7164
0.0476
0.4583
0.5109
0.5821
0.2874
0.0792
0.4051
0.4118
0.2766
0.4328
0.0538
0.25
0.3418
0.3039
0.4416
0.1
0.44
0.0588
0.0444
0.0506
0.0824
0.0909
0.0706
0.0405
0.0976
0.1319
0.2353
0.0303
0.4906
0.019
0.0988
0.0854
0.4301
0.2143
0.3176
0.3134
0.2647
0.6207
0.32
0.0606
0.0732
0.0187
0.0333
0.3425
0.022
0.186
0.0787
0.0805
0.1282
0.2842
0.4337
0.4189
0.4494
0.2159
0.3896
0.5
0.1486
0.3762
0.3857
0.6522
0.3902
0.2564
0.0952
0.1587
0.3333
0.3457
0.4868
0.2405
0.3623
0.3614
0.1111
0.0303
0.0652
0.1139
0.0759
0.0667
0.2921
0.2239
0.0854
0.1282
0.0444
0.2471
0.1304
0.6164
0.0676
0.0761
0.0455
0.6216
0.4118
0.6901
0.4286
0.0421
0.0549
0.3333
0.4667
0.1026
0.1188
0.0303
0.6795
0.2597
0.0682
0.1096
0.0337
0.0762
0.4268
0.2716
0.2973
0.0581
0.5
0.075
0.0729
0.7941
0.1753
0.044
0.407
0.5
0.3231
0.2875
0.0833
0.093
0.0465
0.5
0.2987
0.4688
0.1236
0.1556
0.4
0.055
0.5507
0.4059
0.541
0.2745
0.3
0.0543
0.2184
0.0676
0.0521
0.1447
0.102
0.7353
0.0556
0.0377
0.33
0.0748
0.1857
0.3409
0.1485
0.058
0.3647
0.0686
0.5641
0.32
0.3457
0.5286
0.2727
0.5517
0.3095
0.1149
0.2615
0.3544
0.3111
0.0481
0.07
0.1075
0.0617
0.4211
0.0976
0.0563
0.1053
0.3784
0.3441
0.3059
0.7344
0.1071
0.2025
0.5156
0.3944
0.4471
0.2449
0.1348
0.2466
0.3333
0.0891
0.1264
0.0989
0.2963
0.8333
0.4419
0.2202
0.5692
0.0366
0.3919
0.0698
0.4133
0.0408
0.4824
0.0652
0.1081
0.6452
0.0541
0.0571
0.2895
0.2857
0.0215
0.19
0.0667
0.5068
0.4444
0.0792
0.1375
0.0753
0.4935
0.2584
0.0909
0.0988
0.3735
0.378
0.125
0.3553
0.3158
0.0694
0.6102
0.4156
0.0617
0.5294
0.45
0.0714
0.0286
0.0889
0.027
0.2973
0.0897
0.3467
0.1216
0.0722
0.0849
0.5797
0.0745
0.0579
0.1562
0.0543
0.07
0.0312
0.093
0.0568
0.0543
0.1429
0.5593
0.2778
0.0323
0.5286
0.0519
0.4382
0.1837
0.0097
0.6154
0.6111
0.3378
0.3733
0.0494
0.1013
0.4459
0.0472
0.5909
0.0787
0.3407
0.4643
0.2444
0.0244
1.122
0.0899
0.0455
0.0273
0.3187
0.716
0.05
0.1719
0.0568
0.5857
0.3626
0.099
0.2353
0.3736
0.0274
0.0326
0.1471
0.3524
0.2796
0.473
0.0296
0.5063
0.0875
0.2273
0.473
0.6825
0.0556
0.0667
0.2889
0.4074
0.4098
0.069
0.3289
0.1111
0.2208
0.0521
0.6949
0.5342
0.0575
0.0633
0.2469
0.044
0.2833
0.5846
0.1325
0.1013
0.5
0.0303
0.0482
0.0789
0.1333
0.0227
0.3571
0.5
0.3846
0.3095
0.4857
0.2462
0.2683
0.0465
0.0952
0.0513
0.0741
0.1351
0.24
0.2805
0.2268
0.0909
0.0562
0.0635
0.4048
0.0753
0.0543
0.0638
0.1818
0.0588
0.3974
0.4231
0.0704
0.0845
0.2703
0.0694
0.1974
0.075
0.0455
0.3906
0.0781
0.2278
0.5
0.0833
0.4557
0.0659
0.4091
0.0891
0.2235
0.1096
0.3222
0.2267
0.0323
0.2632
0.1061
0.1842
0.7049
0.0841
0.0693
0.4627
0.1545
0.1023
0.268
0.0606
0.0562
0.1084
0.0818
0.2614
0.4198
0.3529
0.2234
0.6667
0.0648
0.0659
0.4688
0.3855
0.0899
0.3077
0.5139
0.6119
0.3924
0.05
0.0577
0.0286
0.0857
0.4533
0.0659
0.0808
0.1038
0.1316
0.0105
0.0463
0.2564
0.037
0.0761
0.4382
0.0508
0.0405
0.0519
0.4348
0.0779
0.2317
0.314
0.2692
0.3441
0.028
0.0952
0.0505
0.6786
0.0548
0.2632
0.3896
0.0488
0.4414
0.0698
0.3294
0.0543
0.3117
0.44
0.0708
0.3671
0.3889
0.4302
0.0988
0.0658
0.2561
0.5479
0.0345
0.1081
0.1
0.0326
0.1519
0.0562
0.6
0.2162
0.0714
0.0488
0.1959
0.1928
0.32
0.3288
0.086
0.0722
0.2737
0.0097
0.3039
0.2469
0.0928
0.0577
0.0851
0.4133
0.0392
0.5714
0.403
0.1111
0.5085
0.0814
0.2877
0.2941
0.5541
0.3766
0.4366
0.4868
0.4462
0.0388
0.0989
0.0822
0.3108
0.7143
0.1458
0.2778
0.0645
0.4605
0.4182
0.0857
0.4177
0.4203
0.0381
0.35
0.2763
0.7931
0.119
0.0435
0.4744
0.3053
0.4022
0.0789
0.3544
0.0755
0.0714
0.2895
0.0556
0.093
0.7544
0.0594
0.325
0.0244
0.1609
0.5161
0.325
0.2418
0.1375
0.0521
0.0741
0.2456
0.2763
0.2778
0.1067
0.1867
0.4225
0.2826
0.5571
0.1935
0.1846
0.4324
0.3258
0.08
0.3714
0.3333
0.4805
0.0588
0.2532
0.2468
0.0978
0.5244
0.3684
0.2857
0.0575
0.131
0.8302
0.0278
0.5
0.0723
0.4203
0.0879
0.0577
0.0619
0.475
0.4239
0.0588
0.52
0.0843
0.2842
0.3824
0.0732
0.0886
0.0505
0.4032
0.7097
0.068
0.3253
0.0549
0.3229
0.1835
0.0455
0.3196
0.0396
0.0842
0.3649
0.2917
0.3788
0.2667
0.0562
0.1628
0.297
0.5455
0.2055
0.2533
0.0215
0.5286
0.2875
0.1978
0.4138
0.4
0.4578
0.0412
0.0635
0.4217
0.0769
0.0693
0.3433
0.1857
0.4754
0.0417
0.5385
0.2045
0.0312
0.3239
0.1039
0.058
0.0588
0.0875
0.4429
0.3034
0.033
0.0698
0.3171
0.3448
0.0361
0.5821
0.5909
0.5467
0.625
0.4079
0.0676
0.3288
0.0538
0.0388
0.0769
0.3284
0.25
0.3043
0.3333
0.3267
0.0606
0.4222
0.2439
0.2817
0.0517
0.2973
0.2772
0.4231
0.0667
0.4384
0.5584
0.0854
0.044
0.6812
0.3667
0.0404
0.3218
0.1149
0.5882
0.4533
0.1071
0.4359
0.35
0.2621
0.4706
0.5797
0.3571
0.0396
0.0581
0.04
0.117
0.3492
0.5068
0.4638
0.1026
0.1354
0.1186
0.0682
0.3889
0.0189
0.4079
0.0909
0.0506
0.1081
0.4789
0.0784
0.2892
0.0777
0.3889
0.1429
0.0833
0.3458
0.3194
0.2976
0.1
0.439
0.1111
0.0789
0.2073
0.1098
0.0366
0.2346
0.0595
