x
0.3681
0.3607
0.3648
0.3723
0.3539
0.3594
0.3557
0.3561
0.3593
0.3688
0.3634
0.3619
0.3611
0.3724
0.3772
0.3636
0.3594
0.3386
0.3647
0.3673
0.3785
0.3552
0.3532
0.3599
0.3577
0.361
0.3607
0.3495
0.3705
0.3739
0.3574
0.364
0.3699
0.3683
0.3683
0.3411
0.3636
0.3578
0.3611
0.3613
0.3801
0.3786
0.3711
0.368
0.3535
0.3566
0.351
0.3721
0.3543
0.3553
0.3614
0.3689
0.3575
0.368
0.3717
0.3612
0.3648
0.3716
0.3695
0.3626
0.3641
0.3565
0.3491
0.3563
0.3428
0.351
0.3791
0.3471
0.3413
0.364
0.3569
0.3487
0.36
0.3547
0.3742
0.3573
0.3852
0.3794
0.364
0.3537
0.3674
0.3651
0.3783
0.3658
0.357
0.343
0.3536
0.3431
0.3498
0.3549
0.3666
0.3713
0.3643
0.3636
0.3571
0.3584
0.3598
0.3901
0.3577
0.3349
0.3702
0.3664
0.3513
0.3717
0.3673
0.3438
0.3545
0.3636
0.3724
0.3614
0.3631
0.3709
0.3392
0.358
0.3565
0.3769
0.3658
0.3438
0.3617
0.3723
0.3624
0.339
0.3635
0.3638
0.3622
0.3564
0.3582
0.3504
0.3667
0.3844
0.3711
0.3638
0.3578
0.3579
0.3596
0.3582
0.3511
0.375
0.3751
0.3506
0.3671
0.3624
0.3676
0.3545
0.3583
0.356
0.3543
0.346
0.3617
0.359
0.3284
0.3681
0.3541
0.3681
0.3677
0.3687
0.3371
0.3551
0.344
0.376
0.3559
0.3689
0.3619
0.3631
0.3446
0.3777
0.3751
0.3559
0.3456
0.3734
0.3724
0.388
0.3256
0.3783
0.3544
0.3561
0.3546
0.375
0.3391
0.3716
0.3766
0.3686
0.3703
0.3572
0.3711
0.3715
0.3672
0.3578
0.3599
0.353
0.3415
0.3595
0.3659
0.3492
0.3493
0.367
0.3498
0.3744
0.3636
0.359
0.3687
0.3341
0.3706
0.3619
0.3712
0.3845
0.3766
0.3731
0.3685
0.3592
0.3423
0.3566
0.3701
0.3608
0.3836
0.356
0.3788
0.3462
0.3565
0.3621
0.3325
0.3686
0.3456
0.3667
0.3521
0.3623
0.3493
0.3478
0.3684
0.3426
0.3668
0.3381
0.3634
0.3655
0.3686
0.3741
0.3602
0.3579
0.3776
0.3688
0.3699
0.3494
0.3519
0.3599
0.3799
0.359
0.3443
0.3543
0.3693
0.3649
0.3596
0.3667
0.3629
0.3687
0.3555
0.3469
0.3643
0.3724
0.3768
0.3774
0.3453
0.3684
0.3506
0.3602
0.3549
0.3704
0.3461
0.3808
0.3704
0.3757
0.3616
0.3772
0.3639
0.3631
0.3552
0.3745
0.3555
0.3786
0.3426
0.3677
0.3654
0.3572
0.3668
0.3519
0.3544
0.3522
0.3499
0.3525
0.3557
0.3568
0.369
0.3361
0.3679
0.3508
0.3735
0.3591
0.3746
0.3263
0.3596
0.3765
0.3597
0.3635
0.3718
0.3595
0.3372
0.3463
0.3606
0.3506
0.3489
0.3605
0.3699
0.356
0.3545
0.3826
0.3767
0.3718
0.3628
0.3522
0.3319
0.3687
0.3707
0.3559
0.3515
0.3534
0.3718
0.37
0.3726
0.3745
0.3681
0.3838
0.3693
0.3611
0.3718
0.3702
0.3665
0.3661
0.3463
0.3755
0.3575
0.3226
0.3659
0.3753
0.3567
0.3498
0.3558
0.3684
0.3669
0.3455
0.3684
0.3458
0.3549
0.3647
0.3477
0.3477
0.3676
0.3527
0.3822
0.3505
0.3701
0.367
0.3549
0.3503
0.37
0.361
0.3668
0.3687
0.3649
0.3586
0.373
0.3623
0.3375
0.3739
0.3398
0.35
0.3714
0.3477
0.3532
0.3671
0.3707
0.3726
0.3691
0.3263
0.3624
0.3522
0.3614
0.3688
0.3442
0.3601
0.3475
0.3892
0.3719
0.3786
0.3636
0.3549
0.3765
0.3523
0.359
0.3562
0.3567
0.3646
0.3668
0.3517
0.3687
0.3541
0.3421
0.3722
0.354
0.3526
0.3721
0.3613
0.3699
0.3552
0.3615
0.3635
0.3547
0.3659
0.3677
0.3672
0.3623
0.3596
0.3413
0.3622
0.3726
0.3815
0.3617
0.352
0.3633
0.3725
0.3706
0.3446
0.3522
0.3531
0.3679
0.354
0.3744
0.3594
0.3679
0.3723
0.3593
0.3613
0.3477
0.3727
0.377
0.3542
0.3575
0.3513
0.3626
0.3745
0.3528
0.3733
0.3665
0.3415
0.3785
0.3622
0.3832
0.3696
0.3566
0.3533
0.3542
0.3676
0.3653
0.355
0.3515
0.3635
0.3641
0.3642
0.3697
0.3789
0.3702
0.3585
0.3472
0.3701
0.3467
0.3572
0.3577
0.3524
0.3673
0.3556
0.3574
0.3729
0.3493
0.3631
0.3595
0.3642
0.3658
0.3485
0.3572
0.3592
0.3656
0.3561
0.3675
0.3732
0.3646
0.3604
0.3721
0.3592
0.3518
0.3607
0.3561
0.3642
0.3578
0.3472
0.3797
0.3673
0.3641
0.3791
0.3457
0.3553
0.3711
0.3465
0.3559
0.3537
0.3623
0.349
0.3611
0.3829
0.3518
0.3551
0.3718
0.3675
0.3623
0.3734
0.3682
0.3552
0.3664
0.3659
0.3797
0.358
0.3501
0.3529
0.359
0.3786
0.3371
0.3769
0.3762
0.3639
0.3644
0.3639
0.3637
0.3543
0.3518
0.363
0.349
0.3696
0.3602
0.3847
0.3662
0.3658
0.3508
0.363
0.3523
0.3711
0.3691
0.3603
0.3718
0.3689
0.3747
0.3568
0.3346
0.3558
0.3573
0.3539
0.3761
0.3479
0.3605
0.3476
0.3706
0.3667
0.3479
0.3651
0.3723
0.349
0.3665
0.377
0.3622
0.3555
0.3711
0.3819
0.3686
0.3505
0.3467
0.3692
0.3639
0.3342
0.3328
0.3725
0.3679
0.3514
0.3699
0.367
0.373
0.3613
0.3623
0.3752
0.3606
0.3441
0.363
0.358
0.3523
0.3649
0.3732
0.379
0.3579
0.3565
0.3579
0.3553
0.3507
0.3625
0.3529
0.3756
0.3751
0.3633
0.3501
0.3656
0.3691
0.3683
0.3562
0.3702
0.3793
0.3797
0.3715
0.3744
0.3642
0.3454
0.3674
0.3667
0.3545
0.3487
0.3687
0.3589
0.3738
0.3706
0.3558
0.3555
0.3545
0.3821
0.3446
0.3614
0.3601
0.3653
0.3223
0.3423
0.3707
0.3688
0.3692
0.3674
0.3571
0.3698
0.3546
0.3623
0.3716
0.3529
0.369
0.3679
0.3572
0.3483
0.3598
0.3722
0.348
0.364
0.3551
0.3674
0.3602
0.3743
0.3536
0.3504
0.3457
0.3664
0.3586
0.359
0.3538
0.367
0.3709
0.384
0.3575
0.3565
0.3763
0.3548
0.3664
0.3703
0.3744
0.345
0.3429
0.3767
0.3488
0.3485
0.3554
0.3496
0.3629
0.3596
0.3512
0.3688
0.3578
0.3581
0.3637
0.3641
0.3688
0.3864
0.386
0.3621
0.3472
0.3763
0.3759
0.372
0.3659
0.347
0.3612
0.3717
0.3843
0.3631
0.3712
0.3634
0.3623
0.3656
0.3759
0.3603
0.369
0.3654
0.3708
0.361
0.3583
0.3497
0.3612
0.3623
0.3477
0.3563
0.3671
0.3656
0.3618
0.379
0.3673
0.3565
0.352
0.3756
0.366
0.352
0.366
0.3481
0.3546
0.369
0.3697
0.3682
0.3497
0.3632
0.3471
0.3818
0.3634
0.3411
0.3494
0.3806
0.3633
0.3676
0.3748
0.3671
0.3587
0.3776
0.3549
0.3828
0.3634
0.363
0.3548
0.3713
0.3684
0.3649
0.3539
0.3638
0.3685
0.3713
0.362
0.369
0.3749
0.3555
0.3674
0.3507
0.3785
0.3765
0.3578
0.368
0.3616
0.3491
0.3494
0.3588
0.364
0.3692
0.3629
0.3538
0.3723
0.3376
0.3459
0.3615
0.376
0.3593
0.3568
0.3756
0.3653
0.3724
0.3644
0.3513
0.3719
0.3604
0.3762
0.3631
0.3305
0.3617
0.3681
0.3561
0.3572
0.3638
0.3275
0.3595
0.3689
0.3655
0.3556
0.3736
0.3635
0.3479
0.3737
0.3491
0.3627
0.3677
0.3807
0.3396
0.3763
0.3685
0.3665
0.3462
0.3703
0.3744
0.3774
0.3824
0.3711
0.3733
0.3677
0.3708
0.3674
0.3469
0.3701
0.3506
0.3483
0.3632
0.3633
0.3767
0.364
0.3765
0.3635
0.3714
0.3654
0.3672
0.3772
0.35
0.3627
0.3576
0.3671
0.371
0.3667
0.3614
0.3632
0.3636
0.3492
0.3584
0.331
0.3605
0.3474
0.3653
0.3477
0.3586
0.3583
0.3576
0.352
0.3731
0.3615
0.3706
0.3462
0.35
0.3659
0.3606
0.3454
0.3802
0.3644
0.361
0.3619
0.3638
0.3771
0.3446
0.3624
0.3743
0.3678
0.3687
0.372
0.3376
0.3588
0.3532
0.3582
0.3605
0.3717
0.3668
0.3581
0.351
0.3758
0.3557
0.3646
0.3512
0.3676
0.3681
0.3598
0.3608
0.3679
0.3648
0.3576
0.3546
0.3654
0.3777
0.3555
0.3315
0.3543
0.3646
0.3681
0.3408
0.3619
0.361
0.3411
0.376
0.3632
0.3664
0.3565
0.3802
0.3439
0.3565
0.375
0.3643
0.3548
0.3781
0.3612
0.3609
0.3628
0.3722
0.3675
0.3732
0.3367
0.3535
0.3706
0.3415
0.343
0.3602
0.362
0.3357
0.3578
0.3449
0.3611
0.3574
0.3638
0.3687
0.3699
0.3597
0.3479
0.3579
0.3553
0.3643
0.3581
0.3687
0.3527
0.3722
0.3536
0.3611
0.3583
0.3571
0.3662
0.355
0.3207
0.366
0.359
0.3741
0.3472
0.346
0.3712
0.3617
0.3786
0.3738
0.3699
0.3544
0.3563
0.3532
0.3585
0.3431
0.3722
0.3675
0.3719
0.3647
0.3512
0.3687
0.3682
0.36
0.3466
0.3477
0.3678
0.3718
0.3415
0.3785
0.3576
0.3498
0.3689
0.3687
0.362
0.3675
0.3616
0.3587
0.3538
0.3641
0.3746
0.3743
0.3641
0.3649
0.3614
0.3665
0.3788
0.3605
0.3632
0.3515
0.3687
0.3678
0.3742
0.3595
0.3643
0.36
0.3573
0.3665
0.3563
0.3538
0.3789
0.3682
0.3646
0.364
0.3832
0.3707
0.3751
0.3432
0.3627
0.3534
0.3566
0.3518
0.3759
0.3761
0.3761
0.3688
0.3561
0.3642
0.3538
0.3695
0.3528
0.3648
0.359
0.3654
0.3574
0.3691
0.3741
0.3461
0.3687
0.3759
0.3634
0.3632
0.3819
0.3506
0.3411
0.3529
0.3369
0.3535
0.376
0.3665
0.3482
0.376
0.3569
0.3483
0.3595
0.359
0.3698
0.3634
0.3885
0.3866
0.359
0.3478
0.373
0.3678
0.3562
0.3659
0.3589
0.3437
0.3598
0.3408
0.3528
0.3453
0.3642
0.3769
0.352
0.3571
0.3541
0.3527
0.3588
0.3883
0.3623
0.3487
0.3907
0.3683
0.3576
0.3731
0.3674
0.3375
0.349
0.3641
0.3671
0.3561
0.3584
0.3751
0.3585
0.3505
0.3565
0.3673
0.3679
0.3441
0.362
0.359
0.3723
0.3426
0.3604
0.3629
0.3654
0.3547
0.3585
0.3546
0.3732
0.3765
0.3715
0.3698
0.3615
0.3623
0.3625
0.3768
0.3527
0.3657
0.3787
0.3537
0.3622
0.361
0.3655
0.3676
0.3617
0.3543
0.353
0.3367
0.3695
0.3759
0.3188
0.3684
0.3602
0.368
0.3691
0.3663
0.339
0.3538
0.3435
0.3828
0.3524
0.3688
0.3648
0.3562
0.3541
0.3802
0.3807
0.35
0.3494
0.3728
0.3661
0.3896
0.3516
0.3668
0.355
0.3573
0.3581
0.3836
0.3321
0.3731
0.3808
0.3658
0.3594
0.3515
0.3734
0.3706
0.3539
0.3549
0.3648
0.3544
0.3392
0.3714
0.3643
0.3482
0.3497
0.3744
0.3483
0.3715
0.369
0.3668
0.3726
0.3309
0.366
0.3645
0.3749
0.3789
0.3825
0.3809
0.3717
0.3586
0.3416
0.3613
0.3785
0.3606
0.3735
0.358
0.3798
0.3492
0.3593
0.3657
0.3362
0.3674
0.3561
0.3583
0.362
0.3608
0.3674
0.3443
0.3563
0.3385
0.3667
0.342
0.3713
0.3696
0.3709
0.3601
0.3585
0.3589
0.3745
0.3602
0.3671
0.3676
0.3536
0.3638
0.3752
0.3528
0.3457
0.3595
0.3678
0.3668
0.3532
0.3655
0.354
0.3719
0.3637
0.3863
0.3713
0.3755
0.3815
0.3816
0.3411
0.3733
0.355
0.3589
0.3582
0.3719
0.3468
0.3751
0.3681
0.3731
0.3503
0.3775
0.3652
0.3626
0.356
0.3744
0.3566
0.3783
0.3452
0.3667
0.363
0.358
0.3816
0.3715
0.3655
0.3476
0.3523
0.3558
0.3571
0.3577
0.3648
0.3485
0.3636
0.351
0.3778
0.355
0.3565
0.3284
0.3496
0.3812
0.3574
0.3654
0.3653
0.3695
0.3472
0.3475
0.3698
0.3385
0.3495
0.3595
0.3699
0.349
0.3992
0.3798
0.3726
0.3742
0.3666
0.3605
0.3568
0.371
0.3768
0.359
0.3618
0.3532
0.3628
0.3633
0.3808
0.3668
0.3744
0.3769
0.3694
0.3659
0.3735
0.3736
0.3703
0.3666
0.3528
0.3757
0.3583
0.3226
0.3574
0.3753
0.3565
0.3494
0.3569
0.3719
0.3879
0.359
0.3753
0.344
0.3821
0.3696
0.353
0.3496
0.3712
0.3561
0.3871
0.3482
0.3679
0.3688
0.3555
0.333
0.3633
0.3605
0.3622
0.3514
0.3618
0.3604
0.3547
0.3566
0.3421
0.3718
0.3466
0.3522
0.3705
0.3495
0.3611
0.3624
0.3708
0.3782
0.3826
0.324
0.3668
0.3712
0.3706
0.371
0.3457
0.3624
0.3501
0.357
0.373
0.3756
0.3675
0.37
0.3802
0.3536
0.3603
0.363
0.3596
0.3706
0.364
0.3537
0.3684
0.3664
0.3479
0.377
0.355
0.3632
0.3737
0.3492
0.3724
0.3606
0.3674
0.3632
0.3536
0.3659
0.3712
0.3649
0.3562
0.3645
0.3453
0.3629
0.3651
0.3797
0.3632
0.3545
0.3633
0.3708
0.3733
0.3452
0.3601
0.3553
0.3575
0.3548
0.3813
0.3529
0.3658
0.3717
0.3572
0.3687
0.3493
0.3719
0.376
0.338
0.3647
0.3551
0.3623
0.3773
0.3535
0.371
0.3638
0.3469
0.3862
0.3616
0.3865
0.3723
0.3625
0.3564
0.3597
0.3612
0.3629
0.355
0.3535
0.3659
0.365
0.374
0.3708
0.3816
0.371
0.357
0.3468
0.3756
0.3465
0.3623
0.3576
0.3658
0.3734
0.3594
0.3767
0.3759
0.3496
0.3655
0.3531
0.3637
0.373
0.3537
0.3532
0.3508
0.3643
0.3484
0.3708
0.375
0.3725
0.3638
0.3718
0.367
0.3527
0.3621
0.3534
0.3623
0.3585
0.353
0.3797
0.3638
0.3614
0.381
0.345
0.352
0.3929
0.3493
0.3533
0.352
0.3753
0.3526
0.3739
0.3659
0.3585
0.3703
0.3715
0.3639
0.3602
0.3732
0.3691
0.3688
0.3712
0.368
0.3796
0.3595
0.3553
0.3587
0.3638
0.3706
0.3399
0.3719
0.3743
0.3642
0.3654
0.3625
0.3612
0.3427
0.3586
0.3642
0.3612
0.3609
0.3627
0.3813
0.3694
0.3685
0.3611
0.3625
0.3422
0.3673
0.3706
0.3479
0.368
0.371
0.373
0.3597
0.3377
0.3635
0.36
0.3565
0.3711
0.3528
0.3607
0.345
0.3693
0.3636
0.3512
0.3677
0.3777
0.3466
0.364
0.3878
0.3566
0.3465
0.3651
0.363
0.3757
0.3449
0.3422
0.3677
0.3641
0.3333
0.3432
0.3734
0.369
0.3544
0.3729
0.3699
0.3769
0.3667
0.3608
0.3784
0.3645
0.3412
0.3498
0.3574
0.3562
0.3637
0.3813
0.3819
0.3549
0.3617
0.3579
0.3538
0.3516
0.3602
0.3554
0.374
0.3804
0.3618
0.3521
0.3714
0.3699
0.3645
0.3548
0.3769
0.3766
0.3792
0.371
0.3747
0.3628
0.3462
0.376
0.3554
0.3498
0.347
0.3717
0.3657
0.3807
0.3693
0.3581
0.3579
0.3574
0.381
0.3517
0.3621
0.3616
0.3635
0.3245
0.3434
0.3586
0.3678
0.3658
0.3663
0.3559
0.371
0.3495
0.3639
0.3638
0.3447
0.3669
0.3639
0.3516
0.3475
0.3544
0.3712
0.3592
0.3552
0.364
0.3643
0.3617
0.3762
0.3565
0.3559
0.3585
0.3756
0.3601
0.3633
0.358
0.3544
0.3735
0.381
0.3578
0.355
0.3737
0.3554
0.362
0.3685
0.3814
0.3441
0.341
0.3784
0.3703
0.3528
0.3593
0.3505
0.3636
0.3631
0.3473
0.3706
0.3609
0.356
0.3696
0.3614
0.3789
0.3862
0.3808
0.3467
0.3451
0.3839
0.3778
0.3799
0.3653
0.3528
0.3629
0.3655
0.3918
0.3587
0.3731
0.3677
0.3761
0.3665
0.373
0.3683
0.3664
0.3554
0.3709
0.3553
0.3745
0.3465
0.3609
0.3623
0.3536
0.3588
0.361
0.3743
0.3633
0.3808
0.3701
0.358
0.3528
0.3751
0.3653
0.3542
0.3798
0.3472
0.354
0.3673
0.3679
0.3678
0.3608
0.3714
0.3554
0.3779
0.3668
0.3473
0.347
0.383
0.3661
0.3663
0.3739
0.3697
0.3672
0.3762
0.3642
0.3782
0.3741
0.362
0.3555
0.3739
0.3625
0.365
0.3588
0.3699
0.3636
0.3805
0.3531
0.3767
0.3778
0.3633
0.3496
0.3982
0.3515
0.3763
0.3682
0.3759
0.3662
0.3571
0.3417
0.3661
0.3662
0.3655
0.3658
0.3624
0.3715
0.3416
0.3439
0.3685
0.3835
0.3666
0.3586
0.3767
0.366
0.3749
0.3599
0.354
0.3784
0.3594
0.3763
0.3679
0.3291
0.3667
0.3706
0.3595
0.3573
0.3654
0.3424
0.3624
0.3695
0.3691
0.3586
0.3828
0.3607
0.3525
0.3729
0.3542
0.3671
0.3698
0.3819
0.3462
0.3701
0.3602
0.369
0.3466
0.3756
0.3743
0.3799
0.384
0.3752
0.377
0.3755
0.3671
0.3684
0.3429
0.3678
0.3504
0.3549
0.3674
0.3646
0.372
0.3685
0.3736
0.3672
0.3832
0.3719
0.3751
0.3779
0.3498
0.3649
0.3669
0.3746
0.3702
0.3703
0.3839
0.3578
0.3609
0.3546
0.3595
0.3316
0.3625
0.3569
0.3668
0.363
0.3794
0.3585
0.3566
0.3537
0.3732
0.376
0.3684
0.3544
0.3459
0.3671
0.3691
0.3404
0.3794
0.3669
0.3687
0.3659
0.3668
0.3819
0.3431
0.3574
0.3797
0.3683
0.3748
0.3769
0.3395
0.3505
0.3559
0.3665
0.3626
0.376
0.3618
0.3613
0.3447
0.3763
0.3525
0.3709
0.3502
0.3664
0.3663
0.363
0.3611
0.3636
0.3598
0.3577
0.3577
0.3652
0.3813
0.3735
0.3354
0.3623
0.3702
0.367
0.3384
0.3751
0.3627
0.3411
0.3725
0.3622
0.3684
0.3447
0.3697
0.3468
0.3738
0.3744
0.3639
0.3543
0.3769
0.359
0.3569
0.3735
0.3635
0.3721
0.3763
0.3479
0.3593
0.3668
0.3466
0.3426
0.3609
0.3619
0.3447
0.3661
0.361
0.3545
0.3667
0.3601
0.3689
0.3718
0.3619
0.36
0.3634
0.3539
0.3613
0.3708
0.3657
0.3543
0.3765
0.356
0.3645
0.3578
0.3671
0.3537
0.3663
0.3169
0.3622
0.3542
0.3673
0.3399
0.3399
0.3806
0.3578
0.3793
0.3729
0.372
0.3579
0.3546
0.3568
0.3609
0.3405
0.3701
0.3666
0.3702
0.3653
0.3481
0.3721
0.3645
0.3614
0.3516
0.3554
0.3688
0.3728
0.3483
0.3727
0.361
0.3625
0.3994
0.3956
0.3964
0.3967
0.3842
0.3958
0.3789
0.3973
0.3606
0.3947
0.3923
0.3872
0.3975
0.3751
0.3959
0.3704
0.3722
0.3375
0.3986
0.3955
0.3916
0.3985
0.3975
0.3832
0.3967
0.3717
0.3989
0.3989
0.3894
0.3826
0.389
0.3954
0.3968
0.3866
0.3807
0.3786
0.364
0.3966
0.3732
0.3827
0.3934
0.388
0.3974
0.3694
0.3979
0.398
0.3545
0.385
0.3842
0.3982
0.3704
0.3801
0.3889
0.3682
0.3965
0.3872
0.3869
0.3958
0.3963
0.3895
0.3897
0.3987
0.388
0.3816
0.3974
0.3977
0.3828
0.35
0.3777
0.3934
0.3873
0.3771
0.3857
0.3637
0.3823
0.3933
0.389
0.3953
0.3834
0.3697
0.3971
0.3972
0.3896
0.3833
0.3978
0.3737
0.3727
0.343
0.3876
0.3958
0.3987
0.3973
0.3793
0.3727
0.3969
0.399
0.3789
0.3932
0.3632
0.3889
0.3954
0.3897
0.3808
0.3765
0.3839
0.3471
0.3987
0.37
0.3872
0.3721
0.3982
0.3755
0.3801
0.3804
0.39
0.3982
0.3957
0.3643
0.3856
0.3601
0.3707
0.3608
0.3639
0.37
0.385
0.398
0.3963
0.3955
0.3846
0.3969
0.3752
0.3894
0.3621
0.3992
0.3696
0.3923
0.3787
0.3829
0.3808
0.3742
0.3899
0.3893
0.3972
0.3599
0.3906
0.3615
0.3964
0.3613
0.3726
0.3954
0.3977
0.3794
0.3801
0.3688
0.3844
0.397
0.399
0.3979
0.3562
0.3989
0.3973
0.3809
0.3719
0.3889
0.3459
0.3969
0.3927
0.3909
0.3759
0.3807
0.3901
0.3976
0.3665
0.3612
0.3517
0.3973
0.3967
0.3981
0.3792
0.3974
0.3904
0.3731
0.3961
0.3866
0.3978
0.3872
0.3794
0.3976
0.3853
0.398
0.3551
0.386
0.3982
0.3974
0.3771
0.3957
0.3668
0.3943
0.3989
0.398
0.3762
0.3602
0.3692
0.368
0.384
0.3938
0.3791
0.3948
0.3952
0.3791
0.3473
0.3673
0.397
0.3813
0.396
0.3716
0.3959
0.3599
0.3697
0.3903
0.3914
0.3997
0.3823
0.3995
0.3984
0.3983
0.3718
0.3568
0.3678
0.3969
0.375
0.3848
0.3664
0.3849
0.3707
0.3955
0.3858
0.3892
0.383
0.3658
0.3985
0.3982
0.3935
0.3988
0.3986
0.3737
0.3871
0.3989
0.3852
0.3921
0.3647
0.3972
0.3745
0.3966
0.3598
0.3977
0.3988
0.3683
0.3938
0.3977
0.3968
0.3975
0.3975
0.3975
0.3584
0.3783
0.3548
0.3905
0.3909
0.3971
0.362
0.3932
0.3974
0.3698
0.3618
0.3834
0.3892
0.3995
0.3971
0.3997
0.3965
0.3971
0.3922
0.3727
0.3974
0.3875
0.3762
0.3646
0.3635
0.389
0.3717
0.3831
0.369
0.3989
0.396
0.3581
0.3677
0.3831
0.3964
0.3984
0.3983
0.3718
0.369
0.382
0.3525
0.3934
0.3855
0.3741
0.3579
0.3976
0.3989
0.3925
0.3985
0.3835
0.3981
0.399
0.3758
0.3882
0.361
0.3909
0.3778
0.3806
0.3826
0.372
0.3964
0.3848
0.3962
0.3778
0.3984
0.389
0.398
0.3867
0.3924
0.3737
0.3855
0.3984
0.3532
0.3894
0.3471
0.3416
0.3972
0.3955
0.3563
0.3962
0.3966
0.3812
0.3941
0.3977
0.3948
0.3424
0.3988
0.38
0.3775
0.3982
0.3909
0.3977
0.3873
0.3778
0.3911
0.3695
0.3961
0.3663
0.3832
0.3886
0.3831
0.3867
0.3906
0.3972
0.3609
0.3573
0.365
0.3965
0.3563
0.3827
0.3969
0.3828
0.3787
0.3829
0.3979
0.3742
0.3977
0.3258
0.3718
0.3624
0.3831
0.3725
0.3564
0.3987
0.3988
0.3988
0.398
0.3881
0.3868
0.3961
0.3858
0.3793
0.3739
0.3975
0.3826
0.3793
0.3653
0.3985
0.3987
0.3904
0.391
0.3971
0.3578
0.3675
0.3945
0.3995
0.3749
0.3962
0.3976
0.3825
0.397
0.3628
0.3914
0.3652
0.3973
0.3722
0.3806
0.3744
0.3976
0.3886
0.3827
0.3519
0.3828
0.3761
0.3898
0.3875
0.3637
0.3971
0.3604
0.3972
0.3826
0.3968
0.3998
0.3988
0.3979
0.3869
0.398
0.3774
0.3936
0.3988
0.3964
0.3957
0.396
0.3797
0.3561
0.3705
0.3912
0.3976
0.3818
0.3957
0.3975
0.37
0.3831
0.3576
0.3861
0.3841
0.3772
0.3962
0.3608
0.3851
0.3971
0.3919
0.3926
0.3992
0.3771
0.3957
0.3539
0.3766
0.3837
0.3814
0.3979
0.3877
0.3812
0.3979
0.3951
0.385
0.3968
0.3915
0.399
0.3692
0.3886
0.3992
0.3607
0.3728
0.3641
0.3506
0.3969
0.3879
0.3985
0.367
0.3918
0.366
0.3962
0.3881
0.3984
0.3902
0.3821
0.3847
0.38
0.3959
0.3721
0.3815
0.3983
0.3959
0.3978
0.3973
0.3968
0.3579
0.3747
0.3883
0.3731
0.3715
0.3565
0.3971
0.3737
0.3985
0.3716
0.3988
0.392
0.3944
0.3708
0.3977
0.3981
0.3818
0.3795
0.3581
0.3585
0.3875
0.3652
0.3979
0.3928
0.3744
0.3987
0.3648
0.3702
0.3495
0.3584
0.3776
0.3963
0.3771
0.3832
0.392
0.3679
0.3723
0.3989
0.3989
0.3353
0.3806
0.3901
0.3982
0.3973
0.3991
0.3738
0.3876
0.3987
0.3857
0.3933
0.3753
0.3709
0.3987
0.3708
0.3975
0.3767
0.399
0.3555
0.3983
0.3886
0.3686
0.3901
0.3969
0.357
0.3775
0.3676
0.3978
0.3921
0.3925
0.3865
0.3742
0.3903
0.3831
0.3585
0.3902
0.3866
0.3811
0.3927
0.3965
0.3972
0.3984
0.3962
0.3977
0.3994
0.3836
0.3906
0.3977
0.3894
0.3962
0.3922
0.394
0.3874
0.3968
0.3966
0.3983
0.3971
0.3628
0.3981
0.3729
0.3925
0.3836
0.3968
0.3978
0.3915
0.3972
0.3888
0.3768
0.3815
0.3834
0.3979
0.369
0.3821
0.3472
0.3895
0.3953
0.3632
0.3978
0.3914
0.3858
0.399
0.398
0.3574
0.3602
0.3856
0.3913
0.3475
0.3957
0.3657
0.3645
0.3667
0.3848
0.3967
0.3928
0.3848
0.3983
0.3849
0.3766
0.385
0.3982
0.3982
0.3883
0.3905
0.3889
0.3864
0.387
0.3946
0.3886
0.3703
0.3897
0.3989
0.3777
0.3984
0.3932
0.3863
0.3757
0.3462
0.39
0.3953
0.375
0.367
0.3822
0.3877
0.3973
0.398
0.3993
0.3954
0.3785
0.3969
0.3978
0.398
0.3671
0.3757
0.3965
0.3667
0.3622
0.359
0.3578
0.385
0.3906
0.3786
0.3788
0.3892
0.3921
0.3736
0.3642
0.3978
0.3963
0.3916
0.3563
0.3966
0.3975
0.3965
0.3902
0.3849
0.387
0.3656
0.3673
0.389
0.3871
0.3735
0.3691
0.3987
0.3735
0.3846
0.3961
0.3886
0.3728
0.3865
0.3709
0.3711
0.3977
0.3666
0.3897
0.3711
0.389
0.3978
0.3979
0.367
0.3991
0.3914
0.3689
0.3878
0.3992
0.3967
0.3672
0.373
0.3683
0.3607
0.3984
0.3914
0.3913
0.3824
0.3961
0.3984
0.3956
0.3791
0.3904
0.3745
0.3987
0.391
0.3838
0.3728
0.3979
0.3893
0.3984
0.3897
0.3885
0.37
0.3893
0.3981
0.3991
0.3905
0.3907
0.3696
0.3972
0.3747
0.3861
0.3972
0.3807
0.3863
0.3666
0.3645
0.3988
0.3528
0.3784
0.3633
0.3934
0.3717
0.3976
0.3654
0.3892
0.3907
0.3846
0.372
0.3975
0.3686
0.3974
0.349
0.3916
0.399
0.3844
0.3937
0.3871
0.3992
0.3792
0.3888
0.3769
0.3782
0.389
0.3846
0.39
0.3303
0.3834
0.3957
0.3803
0.3966
0.3692
0.397
0.397
0.3682
0.3867
0.3975
0.3857
0.3931
0.3976
0.3882
0.3985
0.3946
0.3983
0.3792
0.377
0.3816
0.374
0.3966
0.3972
0.3987
0.3987
0.3894
0.3848
0.3768
0.3787
0.3981
0.39
0.3794
0.3981
0.3695
0.3696
0.3976
0.3857
0.3992
0.3988
0.3857
0.3883
0.4
0.3874
0.3986
0.3893
0.3948
0.3887
0.3954
0.3784
0.3723
0.399
0.3973
0.3967
0.3954
0.3989
0.3707
0.3948
0.3678
0.3753
0.3942
0.3847
0.3674
0.3875
0.3907
0.3552
0.3962
0.3922
0.3654
0.3799
0.3617
0.3843
0.3855
0.3965
0.3985
0.3814
0.3796
0.3987
0.3618
0.3988
0.3988
0.3784
0.3893
0.3977
0.3764
0.3801
0.3956
0.3971
0.3646
0.3608
0.382
0.355
0.3866
0.3842
0.3969
0.3981
0.3894
0.3725
0.3991
0.3697
0.3903
0.3983
0.3891
0.3613
0.3683
0.3826
0.3764
0.3882
0.3795
0.3984
0.3961
0.3481
0.3976
0.3908
0.3811
0.3711
0.3879
0.3983
0.3722
0.3987
0.3957
0.382
0.3988
0.3853
0.3762
0.3705
0.3925
0.3913
0.36
0.3985
0.3616
0.3889
0.3986
0.3988
0.3722
0.3961
0.364
0.395
0.3809
0.3806
0.3962
0.399
0.3964
0.3716
0.3903
0.3986
0.373
0.3991
0.3696
0.372
0.3691
0.3964
0.3563
0.3894
0.3967
0.3697
0.3941
0.3951
0.3521
0.3976
0.3965
0.3985
0.398
0.3941
0.3995
0.3651
0.3429
0.389
0.3986
0.3976
0.3612
0.3396
0.3989
0.3926
0.3963
0.3989
0.3709
0.3778
0.3889
0.3555
0.3588
0.3843
0.3858
0.3807
0.3683
0.3881
0.3809
0.3915
0.3646
0.3716
0.3586
0.3598
0.3916
0.3825
0.3975
0.3871
0.389
0.3974
NA
NA
NA
NA
NA
NA
NA
NA
NA
NA
NA
NA
NA
NA
NA
NA
NA
NA
NA
NA
NA
NA
NA
NA
NA
NA
NA
NA
NA
NA
NA
NA
NA
NA
NA
NA
NA
NA
NA
NA
NA
NA
NA
NA
NA
NA
NA
NA
NA
NA
NA
NA
NA
NA
NA
NA
NA
NA
NA
NA
NA
NA
NA
NA
NA
NA
NA
NA
NA
NA
NA
NA
NA
NA
NA
NA
NA
NA
NA
NA
NA
NA
NA
NA
NA
NA
NA
NA
NA
NA
NA
NA
NA
NA
NA
NA
NA
NA
NA
NA
NA
NA
NA
NA
NA
NA
NA
NA
NA
NA
NA
NA
NA
NA
NA
NA
NA
NA
NA
NA
NA
NA
NA
NA
NA
NA
NA
NA
NA
NA
NA
NA
NA
NA
NA
NA
NA
NA
NA
NA
NA
NA
NA
NA
NA
NA
NA
NA
NA
NA
NA
NA
NA
NA
NA
NA
NA
NA
NA
NA
NA
NA
NA
NA
NA
NA
NA
NA
NA
NA
NA
NA
NA
NA
NA
NA
NA
NA
NA
NA
NA
NA
NA
NA
NA
NA
NA
NA
NA
NA
NA
NA
NA
NA
NA
NA
NA
NA
NA
NA
NA
NA
NA
NA
NA
NA
NA
NA
NA
NA
NA
NA
NA
NA
NA
NA
NA
NA
NA
NA
NA
NA
NA
NA
NA
NA
NA
NA
NA
NA
NA
NA
NA
NA
NA
NA
NA
NA
NA
NA
NA
NA
NA
NA
NA
NA
NA
NA
NA
NA
NA
NA
NA
NA
NA
NA
NA
NA
NA
NA
NA
NA
NA
NA
NA
NA
NA
NA
NA
NA
NA
NA
NA
NA
NA
NA
NA
NA
NA
NA
NA
NA
NA
NA
NA
NA
NA
NA
NA
NA
NA
NA
NA
NA
NA
NA
NA
NA
NA
NA
NA
NA
NA
NA
NA
NA
NA
NA
NA
NA
NA
NA
NA
NA
NA
NA
NA
NA
NA
NA
NA
NA
NA
NA
NA
NA
NA
NA
NA
NA
NA
NA
NA
NA
NA
NA
NA
NA
NA
NA
NA
NA
NA
NA
NA
NA
NA
NA
NA
NA
NA
NA
NA
NA
NA
NA
NA
NA
NA
NA
NA
NA
NA
NA
NA
NA
NA
NA
NA
NA
NA
NA
NA
NA
NA
NA
NA
NA
NA
NA
NA
NA
NA
NA
NA
NA
NA
NA
NA
NA
NA
NA
NA
NA
NA
NA
NA
NA
NA
NA
NA
NA
NA
NA
NA
NA
NA
NA
NA
NA
NA
NA
NA
NA
NA
NA
NA
NA
NA
NA
NA
NA
NA
NA
NA
NA
NA
NA
NA
NA
NA
NA
NA
NA
NA
NA
NA
NA
NA
NA
NA
NA
NA
NA
NA
NA
NA
NA
NA
NA
NA
NA
NA
NA
NA
NA
NA
NA
NA
NA
NA
NA
NA
NA
NA
NA
NA
NA
NA
NA
NA
NA
NA
NA
NA
NA
NA
NA
NA
NA
NA
NA
NA
NA
NA
NA
NA
NA
NA
NA
NA
NA
NA
NA
NA
NA
NA
NA
NA
NA
NA
NA
NA
NA
NA
NA
NA
NA
NA
NA
NA
NA
NA
NA
NA
NA
NA
NA
NA
NA
NA
NA
NA
NA
NA
NA
NA
NA
NA
NA
NA
NA
NA
NA
NA
NA
NA
NA
NA
NA
NA
NA
NA
NA
NA
NA
NA
NA
NA
NA
NA
NA
NA
NA
NA
NA
NA
NA
NA
NA
NA
NA
NA
NA
NA
NA
NA
NA
NA
NA
NA
NA
NA
NA
NA
NA
NA
NA
NA
NA
NA
NA
NA
NA
NA
NA
NA
NA
NA
NA
NA
NA
NA
NA
NA
NA
NA
NA
NA
NA
NA
NA
NA
NA
NA
NA
NA
NA
NA
NA
NA
NA
NA
NA
NA
NA
NA
NA
NA
NA
NA
NA
NA
NA
NA
NA
NA
NA
NA
NA
NA
NA
NA
NA
NA
NA
NA
NA
NA
NA
NA
NA
NA
NA
NA
NA
NA
NA
NA
NA
NA
NA
NA
NA
NA
NA
NA
NA
NA
NA
NA
NA
NA
NA
NA
NA
NA
NA
NA
NA
NA
NA
NA
NA
NA
NA
NA
NA
NA
NA
NA
NA
NA
NA
NA
NA
NA
NA
NA
NA
NA
NA
NA
NA
NA
NA
NA
NA
NA
NA
NA
NA
NA
NA
NA
NA
NA
NA
NA
NA
NA
NA
NA
NA
NA
NA
NA
NA
NA
NA
NA
NA
NA
NA
NA
NA
NA
NA
NA
NA
NA
NA
NA
NA
NA
NA
NA
NA
NA
NA
NA
NA
NA
NA
NA
NA
NA
NA
NA
NA
NA
NA
NA
NA
NA
NA
NA
NA
NA
NA
NA
NA
NA
NA
NA
NA
NA
NA
NA
NA
NA
NA
NA
NA
NA
NA
NA
NA
NA
NA
NA
NA
NA
NA
NA
NA
NA
NA
NA
NA
NA
NA
NA
NA
NA
NA
NA
NA
NA
NA
NA
NA
NA
NA
NA
NA
NA
NA
NA
NA
NA
NA
NA
NA
NA
NA
NA
NA
NA
NA
NA
NA
NA
NA
NA
NA
NA
NA
NA
NA
NA
NA
NA
NA
NA
NA
NA
NA
NA
NA
NA
NA
NA
NA
NA
NA
NA
NA
NA
NA
NA
NA
NA
NA
NA
NA
NA
NA
NA
NA
NA
NA
NA
NA
NA
NA
NA
NA
NA
NA
NA
NA
NA
NA
NA
NA
NA
NA
NA
NA
NA
NA
NA
NA
NA
NA
NA
NA
NA
NA
NA
NA
NA
NA
NA
NA
NA
NA
NA
NA
NA
NA
NA
NA
NA
NA
NA
NA
NA
NA
NA
NA
NA
NA
NA
NA
NA
NA
NA
NA
NA
NA
NA
NA
NA
NA
NA
NA
NA
NA
NA
NA
NA
NA
NA
NA
NA
NA
NA
NA
NA
NA
NA
NA
NA
NA
NA
NA
NA
NA
NA
NA
NA
NA
NA
NA
NA
NA
NA
NA
NA
NA
NA
NA
NA
NA
NA
NA
NA
NA
NA
NA
NA
NA
NA
NA
NA
NA
NA
NA
NA
NA
NA
NA
NA
NA
NA
NA
NA
NA
NA
NA
NA
NA
NA
NA
NA
NA
NA
NA
NA
NA
NA
NA
NA
NA
NA
NA
NA
NA
NA
NA
NA
NA
NA
NA
NA
NA
NA
NA
NA
NA
NA
NA
NA
NA
NA
NA
NA
NA
NA
NA
NA
NA
NA
NA
NA
NA
NA
NA
NA
NA
NA
NA
NA
NA
NA
NA
NA
NA
NA
NA
NA
NA
NA
NA
NA
NA
NA
NA
NA
NA
NA
NA
NA
NA
NA
NA
NA
NA
NA
NA
NA
NA
NA
NA
NA
NA
NA
NA
NA
NA
NA
NA
NA
NA
NA
NA
NA
NA
NA
NA
NA
NA
NA
NA
NA
NA
NA
NA
NA
NA
NA
NA
NA
NA
NA
NA
NA
NA
NA
NA
NA
NA
NA
NA
NA
NA
NA
NA
NA
NA
NA
NA
NA
NA
NA
NA
NA
NA
NA
NA
NA
NA
NA
NA
NA
NA
NA
NA
NA
NA
NA
NA
NA
NA
NA
NA
NA
NA
NA
NA
NA
NA
NA
NA
NA
NA
NA
NA
NA
NA
NA
NA
NA
NA
NA
NA
NA
NA
NA
NA
NA
NA
NA
NA
NA
NA
NA
NA
NA
NA
NA
NA
NA
NA
NA
NA
NA
NA
NA
NA
NA
NA
NA
NA
NA
NA
NA
NA
NA
NA
NA
NA
NA
NA
NA
NA
NA
NA
NA
NA
NA
NA
NA
NA
NA
NA
NA
NA
NA
NA
NA
NA
NA
NA
NA
NA
NA
NA
NA
NA
NA
NA
NA
NA
NA
NA
NA
NA
NA
NA
NA
NA
NA
NA
NA
NA
NA
NA
NA
NA
NA
NA
NA
NA
NA
NA
NA
NA
NA
NA
NA
NA
NA
NA
NA
NA
NA
NA
NA
NA
NA
NA
NA
NA
NA
NA
NA
NA
NA
NA
NA
NA
NA
NA
NA
NA
NA
NA
NA
NA
NA
NA
NA
NA
NA
NA
NA
NA
NA
NA
NA
NA
NA
NA
NA
NA
NA
NA
NA
NA
NA
NA
NA
NA
NA
NA
NA
NA
NA
NA
NA
NA
NA
NA
NA
NA
NA
NA
NA
NA
NA
NA
NA
NA
NA
NA
NA
NA
NA
NA
NA
NA
NA
NA
NA
NA
NA
NA
NA
NA
NA
NA
NA
NA
NA
NA
NA
NA
NA
NA
NA
NA
NA
NA
NA
NA
NA
NA
NA
NA
NA
NA
NA
NA
NA
NA
NA
NA
NA
NA
NA
NA
NA
NA
NA
NA
NA
NA
NA
NA
NA
NA
NA
NA
NA
NA
NA
NA
NA
NA
NA
NA
NA
NA
NA
NA
NA
NA
NA
NA
NA
NA
NA
NA
NA
NA
NA
NA
NA
NA
NA
NA
NA
NA
NA
NA
NA
NA
NA
NA
NA
NA
NA
NA
NA
NA
NA
NA
NA
NA
NA
NA
NA
NA
NA
NA
NA
NA
NA
NA
NA
NA
NA
NA
NA
NA
NA
NA
NA
NA
NA
NA
NA
NA
NA
NA
NA
NA
NA
NA
NA
NA
NA
NA
NA
NA
NA
NA
NA
NA
NA
NA
NA
NA
NA
NA
NA
NA
NA
NA
NA
NA
NA
NA
NA
NA
NA
NA
NA
NA
NA
NA
NA
NA
NA
NA
NA
NA
NA
NA
NA
NA
NA
NA
NA
NA
NA
NA
NA
NA
NA
NA
NA
NA
NA
NA
NA
NA
NA
NA
NA
NA
NA
NA
NA
NA
NA
NA
NA
NA
NA
NA
NA
NA
NA
NA
NA
NA
NA
NA
NA
NA
NA
NA
NA
NA
NA
NA
NA
NA
NA
NA
NA
NA
NA
NA
NA
NA
NA
NA
NA
NA
NA
NA
NA
NA
NA
NA
NA
NA
NA
NA
NA
NA
NA
NA
NA
NA
NA
NA
NA
NA
NA
NA
NA
NA
NA
NA
NA
NA
NA
NA
NA
NA
NA
NA
NA
NA
NA
NA
NA
NA
NA
NA
NA
NA
NA
NA
NA
NA
NA
NA
NA
NA
NA
NA
NA
NA
NA
NA
NA
NA
NA
NA
NA
NA
NA
NA
NA
NA
NA
NA
NA
NA
NA
NA
NA
NA
NA
NA
NA
NA
NA
NA
NA
NA
NA
NA
NA
NA
NA
NA
NA
NA
NA
NA
NA
NA
NA
NA
NA
NA
NA
NA
NA
NA
NA
NA
NA
NA
NA
NA
NA
NA
NA
NA
NA
NA
NA
NA
NA
NA
NA
NA
NA
NA
NA
NA
NA
NA
NA
NA
NA
NA
NA
NA
NA
NA
NA
NA
NA
NA
NA
NA
NA
NA
NA
NA
NA
NA
NA
NA
NA
NA
NA
NA
NA
NA
NA
NA
NA
NA
NA
NA
NA
NA
NA
NA
NA
NA
NA
NA
NA
NA
NA
NA
NA
NA
NA
NA
NA
NA
NA
NA
NA
NA
NA
NA
NA
NA
NA
NA
NA
NA
NA
NA
NA
NA
NA
NA
NA
NA
NA
NA
NA
NA
NA
NA
NA
NA
NA
NA
NA
NA
NA
NA
NA
NA
NA
NA
NA
NA
NA
NA
NA
NA
NA
NA
NA
NA
NA
NA
NA
NA
NA
NA
NA
NA
NA
NA
NA
NA
NA
NA
NA
NA
NA
NA
NA
NA
NA
NA
NA
NA
NA
NA
NA
NA
NA
NA
NA
NA
NA
NA
NA
NA
NA
NA
NA
NA
NA
NA
NA
NA
NA
NA
NA
NA
NA
NA
NA
NA
NA
NA
NA
NA
NA
NA
NA
NA
NA
NA
NA
NA
NA
NA
NA
NA
NA
NA
NA
NA
NA
NA
NA
NA
NA
NA
NA
NA
NA
NA
NA
NA
NA
NA
NA
NA
NA
NA
NA
NA
NA
NA
NA
NA
NA
NA
NA
NA
NA
NA
NA
NA
NA
NA
NA
NA
NA
NA
NA
NA
NA
NA
NA
NA
NA
NA
NA
NA
NA
NA
NA
NA
NA
NA
NA
NA
NA
NA
NA
NA
NA
NA
NA
NA
NA
NA
NA
NA
NA
NA
NA
NA
NA
NA
NA
NA
NA
NA
NA
NA
NA
NA
NA
NA
NA
NA
NA
NA
NA
NA
NA
NA
NA
NA
NA
NA
NA
NA
NA
NA
NA
NA
NA
NA
NA
NA
NA
NA
NA
NA
NA
NA
NA
NA
NA
NA
NA
NA
NA
NA
NA
NA
NA
NA
NA
NA
NA
NA
NA
NA
NA
NA
NA
NA
NA
NA
NA
NA
NA
NA
NA
NA
NA
NA
NA
NA
NA
NA
NA
NA
NA
NA
NA
NA
NA
NA
NA
NA
NA
NA
NA
NA
NA
NA
NA
NA
NA
NA
NA
NA
NA
NA
NA
NA
NA
NA
NA
NA
NA
NA
NA
NA
NA
NA
NA
NA
NA
NA
NA
NA
NA
NA
NA
NA
NA
NA
NA
NA
NA
NA
NA
NA
NA
NA
NA
NA
NA
NA
NA
NA
NA
NA
NA
NA
NA
NA
NA
NA
NA
NA
NA
NA
NA
NA
NA
NA
NA
NA
NA
NA
NA
NA
NA
NA
NA
NA
NA
NA
NA
NA
NA
NA
NA
NA
NA
NA
NA
NA
NA
NA
NA
NA
NA
NA
NA
NA
NA
NA
NA
NA
NA
NA
NA
NA
NA
NA
NA
NA
NA
NA
NA
NA
NA
NA
NA
NA
NA
NA
NA
NA
NA
NA
NA
NA
NA
NA
NA
NA
NA
NA
NA
NA
NA
NA
NA
NA
NA
NA
NA
NA
NA
NA
NA
NA
NA
NA
NA
NA
NA
NA
NA
NA
NA
NA
NA
NA
NA
NA
NA
NA
NA
NA
NA
NA
NA
NA
NA
NA
NA
NA
NA
NA
NA
NA
NA
NA
NA
NA
NA
NA
NA
NA
NA
NA
NA
NA
NA
NA
NA
NA
NA
NA
NA
NA
NA
NA
NA
NA
NA
NA
NA
NA
NA
NA
NA
NA
NA
NA
NA
NA
NA
NA
NA
NA
NA
NA
NA
NA
NA
NA
NA
NA
NA
NA
NA
NA
NA
NA
NA
NA
NA
NA
NA
NA
NA
NA
NA
NA
NA
NA
NA
NA
NA
NA
NA
NA
NA
NA
NA
NA
NA
NA
NA
NA
NA
NA
NA
NA
NA
NA
NA
NA
NA
NA
NA
NA
NA
NA
NA
NA
NA
NA
NA
NA
NA
NA
NA
NA
NA
NA
NA
NA
NA
NA
NA
NA
NA
NA
NA
NA
NA
NA
NA
NA
NA
NA
NA
NA
NA
NA
NA
NA
NA
NA
NA
NA
NA
NA
NA
NA
NA
NA
NA
NA
NA
NA
NA
NA
NA
NA
NA
NA
NA
NA
NA
NA
NA
NA
NA
NA
NA
NA
NA
NA
NA
NA
NA
NA
NA
NA
NA
NA
NA
NA
NA
NA
NA
NA
NA
NA
NA
NA
NA
NA
NA
NA
NA
NA
NA
NA
NA
NA
NA
NA
NA
NA
NA
NA
NA
NA
NA
NA
NA
NA
NA
NA
NA
NA
NA
NA
NA
NA
NA
NA
NA
NA
NA
NA
NA
NA
NA
NA
NA
NA
NA
NA
NA
NA
NA
NA
NA
NA
NA
NA
NA
NA
NA
NA
NA
NA
NA
NA
NA
NA
NA
NA
NA
NA
NA
NA
NA
NA
NA
NA
NA
NA
NA
NA
NA
NA
NA
NA
NA
NA
NA
NA
NA
NA
NA
NA
NA
NA
NA
NA
NA
NA
NA
NA
NA
NA
NA
NA
NA
NA
NA
NA
NA
NA
NA
NA
NA
NA
NA
NA
NA
NA
NA
NA
NA
NA
NA
NA
NA
NA
NA
NA
NA
NA
NA
NA
NA
NA
NA
NA
NA
NA
NA
NA
NA
NA
NA
NA
NA
NA
NA
NA
NA
NA
NA
NA
NA
NA
NA
NA
NA
NA
NA
NA
NA
NA
NA
NA
NA
NA
NA
NA
NA
NA
NA
NA
NA
NA
NA
NA
NA
NA
NA
NA
NA
NA
NA
NA
NA
NA
NA
NA
NA
NA
NA
NA
NA
NA
NA
NA
NA
NA
NA
NA
NA
NA
NA
NA
NA
NA
NA
NA
NA
NA
NA
NA
NA
NA
NA
NA
NA
NA
NA
NA
NA
NA
NA
NA
NA
NA
NA
NA
NA
NA
NA
NA
NA
NA
NA
NA
NA
NA
NA
NA
NA
NA
NA
NA
NA
NA
NA
NA
NA
NA
NA
NA
NA
NA
NA
NA
NA
NA
NA
NA
NA
NA
NA
NA
NA
NA
NA
NA
NA
NA
NA
NA
NA
NA
NA
NA
NA
NA
NA
NA
NA
NA
NA
NA
NA
NA
NA
NA
NA
NA
NA
NA
NA
NA
NA
NA
NA
NA
NA
NA
NA
NA
NA
NA
NA
NA
NA
NA
NA
NA
NA
NA
NA
NA
NA
NA
NA
NA
NA
NA
NA
NA
NA
NA
NA
NA
NA
NA
NA
NA
NA
NA
NA
NA
NA
NA
NA
NA
NA
NA
NA
NA
NA
NA
NA
NA
NA
NA
NA
NA
NA
NA
NA
NA
NA
NA
NA
NA
NA
NA
NA
NA
NA
NA
NA
NA
NA
NA
NA
NA
NA
NA
NA
NA
NA
NA
NA
NA
NA
NA
NA
NA
NA
NA
NA
NA
NA
NA
NA
NA
NA
NA
NA
NA
NA
NA
NA
NA
NA
NA
NA
NA
NA
NA
NA
NA
NA
NA
NA
NA
NA
NA
NA
NA
NA
NA
NA
NA
NA
NA
NA
NA
NA
NA
NA
NA
NA
NA
NA
NA
NA
NA
NA
NA
NA
NA
NA
NA
NA
NA
NA
NA
NA
NA
NA
NA
NA
NA
NA
NA
NA
NA
NA
NA
NA
NA
NA
NA
NA
NA
NA
NA
NA
NA
NA
NA
NA
NA
NA
NA
NA
NA
NA
NA
NA
NA
NA
NA
NA
NA
NA
NA
NA
NA
NA
NA
NA
NA
NA
NA
NA
NA
NA
NA
NA
NA
NA
NA
NA
NA
NA
NA
NA
NA
NA
NA
NA
NA
NA
NA
NA
NA
NA
NA
NA
NA
NA
NA
NA
NA
NA
NA
NA
NA
NA
NA
NA
NA
NA
NA
NA
NA
NA
NA
NA
NA
NA
NA
NA
NA
NA
NA
NA
NA
NA
NA
NA
NA
NA
NA
NA
NA
NA
NA
NA
NA
NA
NA
NA
NA
NA
NA
NA
NA
NA
NA
NA
NA
NA
NA
NA
NA
NA
NA
NA
NA
NA
NA
NA
NA
NA
NA
NA
NA
NA
NA
NA
NA
NA
NA
NA
NA
NA
NA
NA
NA
NA
NA
NA
NA
NA
NA
NA
NA
NA
NA
NA
NA
NA
NA
NA
NA
NA
NA
NA
NA
NA
NA
0.3022
0.3503
0.3129
0.255
0.3598
0.3875
0.4323
0.4043
0.3413
0.2806
0.3333
0.3659
0.3559
0.293
0.2079
0.4375
0.3836
0.6454
0.4468
0.2825
0.1714
0.4241
0.3813
0.4074
0.4079
0.4229
0.4181
0.4718
0.2803
0.329
0.4935
0.3224
0.2785
0.2704
0.2951
0.5188
0.4122
0.3716
0.3464
0.4559
0.1615
0.2597
0.2819
0.3097
0.4286
0.4467
0.4713
0.3099
0.3602
0.3488
0.3103
0.3179
0.3758
0.3
0.2994
0.4577
0.3176
0.2622
0.2778
0.3462
0.3575
0.5035
0.5
0.4807
0.5221
0.4408
0.2081
0.5
0.5306
0.3172
0.3867
0.3964
0.4599
0.3989
0.2626
0.4238
0.1146
0.2108
0.4472
0.4035
0.2775
0.3037
0.2953
0.3611
0.2931
0.5188
0.4595
0.5283
0.4701
0.4759
0.385
0.2885
0.4225
0.337
0.4097
0.3804
0.3333
0.1378
0.3592
0.5775
0.3333
0.2849
0.4551
0.2139
0.2671
0.5923
0.3766
0.3481
0.3221
0.3675
0.2881
0.2513
0.5
0.4251
0.4
0.22
0.3261
0.5443
0.4417
0.3333
0.3592
0.6058
0.3521
0.3593
0.5278
0.355
0.3713
0.5106
0.2893
0.1827
0.3121
0.3145
0.3379
0.4691
0.3144
0.587
0.4526
0.2949
0.2256
0.5116
0.3085
0.3836
0.2774
0.4586
0.3734
0.4189
0.443
0.5271
0.2857
0.4043
0.7
0.3315
0.4023
0.2475
0.3667
0.3701
0.6197
0.3423
0.5111
0.25
0.4566
0.242
0.3757
0.3539
0.5562
0.2384
0.2714
0.4207
0.4684
0.2167
0.3488
0.1065
0.6234
0.2977
0.4257
0.3626
0.4114
0.244
0.697
0.2209
0.2075
0.3158
0.2353
0.3986
0.2573
0.2722
0.383
0.5068
0.4265
0.4103
0.4845
0.4096
0.2768
0.4765
0.4717
0.2814
0.4768
0.2299
0.3184
0.3459
0.3141
0.7279
0.2597
0.3232
0.3819
0.1414
0.2202
0.2649
0.2337
0.4231
0.4909
0.3885
0.2978
0.3522
0.2133
0.473
0.2011
0.5234
0.4015
0.3155
0.6645
0.288
0.5745
0.3226
0.3895
0.4406
0.5125
0.4444
0.3209
0.5357
0.2809
0.5101
0.2762
0.3403
0.3049
0.283
0.3389
0.4518
0.2866
0.3466
0.244
0.4327
0.4444
0.3623
0.2849
0.4314
0.5034
0.4228
0.3217
0.3261
0.4333
0.2826
0.3816
0.2839
0.4588
0.4868
0.3077
0.2483
0.2073
0.2523
0.4809
0.342
0.4371
0.3277
0.3782
0.2772
0.496
0.3077
0.3148
0.2264
0.5846
0.1802
0.3333
0.309
0.4259
0.2414
0.3846
0.3314
0.538
0.3473
0.3333
0.3231
0.2629
0.4773
0.5147
0.4841
0.4848
0.4671
0.3951
0.483
0.3241
0.6325
0.3272
0.4615
0.337
0.3846
0.3094
0.7153
0.4562
0.2484
0.4034
0.3071
0.3176
0.3974
0.6053
0.5062
0.3547
0.5276
0.481
0.3103
0.2742
0.3267
0.4183
0.1628
0.2179
0.2263
0.3655
0.4744
0.6242
0.2558
0.2889
0.411
0.4921
0.3801
0.3293
0.2312
0.2318
0.2976
0.2273
0.1675
0.2888
0.3832
0.2247
0.2808
0.3487
0.2609
0.4444
0.2286
0.4192
0.7172
0.3687
0.2268
0.4062
0.4604
0.4184
0.3484
0.3253
0.4094
0.2534
0.4854
0.4302
0.4013
0.4867
0.4968
0.3006
0.391
0.1796
0.4937
0.2466
0.3506
0.5109
0.5929
0.2644
0.4336
0.3472
0.3608
0.3153
0.3241
0.3789
0.3438
0.5494
0.2581
0.6202
0.4294
0.2919
0.4653
0.3766
0.4265
0.2346
0.2395
0.3
0.7955
0.2994
0.4214
0.3094
0.25
0.5802
0.3865
0.4928
0.2727
0.2321
0.2723
0.3592
0.4898
0.2167
0.3584
0.358
0.4729
0.4224
0.2981
0.3418
0.4
0.2577
0.4167
0.5441
0.2865
0.3784
0.5096
0.2532
0.4675
0.2618
0.414
0.3973
0.3554
0.4503
0.3697
0.3758
0.3071
0.3684
0.4054
0.5192
0.3882
0.3198
0.183
0.4251
0.4146
0.337
0.3054
0.4179
0.4562
0.4667
0.3314
0.3595
0.525
0.2928
0.4
0.2584
0.28
0.3559
0.2975
0.3716
0.2953
0.2234
0.5325
0.3801
0.4545
0.4217
0.2294
0.4562
0.2201
0.3077
0.5031
0.1979
0.3649
0.1675
0.2738
0.3736
0.3667
0.3851
0.3974
0.3275
0.4088
0.3902
0.3118
0.3177
0.2941
0.3279
0.2407
0.3649
0.415
0.589
0.2774
0.649
0.4026
0.3624
0.4843
0.3935
0.3571
0.3743
0.2328
0.4575
0.4296
0.4103
0.3265
0.345
0.4577
0.432
0.4631
0.2781
0.44
0.3125
0.2197
0.343
0.3512
0.3209
0.3851
0.4036
0.3878
0.4155
0.3094
0.474
0.4564
0.1739
0.3419
0.3243
0.1964
0.4565
0.4855
0.2775
0.4737
0.4104
0.4503
0.3377
0.4485
0.3529
0.2794
0.411
0.4258
0.2872
0.2733
0.3735
0.2412
0.3621
0.4388
0.2603
0.3299
0.1561
0.3636
0.4444
0.3952
0.4658
0.2201
0.6138
0.2658
0.2727
0.2905
0.306
0.3278
0.302
0.4247
0.4645
0.3218
0.4857
0.3151
0.4231
0.1379
0.3077
0.3165
0.4184
0.298
0.5714
0.2988
0.2468
0.4551
0.2756
0.3491
0.2189
0.4224
0.5935
0.4962
0.3681
0.3885
0.2171
0.5
0.375
0.5586
0.2696
0.3423
0.4178
0.3118
0.3057
0.6068
0.2961
0.3
0.3736
0.4133
0.2389
0.2162
0.3224
0.4694
0.6016
0.2678
0.3873
0.6269
0.6419
0.3203
0.3855
0.478
0.2793
0.3333
0.2181
0.345
0.3677
0.1921
0.4014
0.5441
0.5
0.3415
0.3537
0.4398
0.2339
0.2143
0.3379
0.3466
0.3669
0.4406
0.3977
0.3626
0.363
0.3185
0.2513
0.3276
0.4961
0.3018
0.3657
0.3368
0.4029
0.233
0.2463
0.2118
0.2763
0.2469
0.2929
0.5942
0.3618
0.3977
0.4037
0.4364
0.3082
0.3314
0.2784
0.2375
0.396
0.5127
0.3543
0.2308
0.46
0.3566
0.3476
0.3455
0.6777
0.5179
0.3851
0.2628
0.2683
0.2759
0.3988
0.3333
0.4962
0.2893
0.3487
0.5205
0.2405
0.3553
0.3758
0.4054
0.4381
0.2765
0.3988
0.3613
0.3315
0.3121
0.3871
0.2125
0.449
0.5191
0.5521
0.2983
0.3189
0.3567
0.5039
0.3438
0.2706
0.2123
0.4254
0.3636
0.201
0.518
0.4161
0.2981
0.2778
0.4096
0.5029
0.2191
0.507
0.4899
0.34
0.4183
0.3148
0.3399
0.4932
0.2387
0.4181
0.4367
0.314
0.3451
0.2475
0.116
0.1739
0.4452
0.5328
0.203
0.3099
0.2471
0.3451
0.4483
0.349
0.3169
0.1947
0.3185
0.3165
0.3836
0.3704
0.3655
0.306
0.3614
0.2456
0.3571
0.2722
0.3974
0.4079
0.4698
0.3533
0.3314
0.5733
0.4091
0.2976
0.3368
0.3869
0.2039
0.2754
0.4072
0.5217
0.2019
0.4275
0.4172
0.3203
0.5
0.4104
0.2582
0.2667
0.3026
0.3951
0.349
0.4828
0.2215
0.3085
0.507
0.4894
0.1823
0.2527
0.2629
0.2945
0.2704
0.5075
0.2378
0.4088
0.2133
0.2698
0.3293
0.5616
0.2053
0.2931
0.2857
0.46
0.3922
0.3097
0.2911
0.3765
0.2833
0.239
0.4088
0.5139
0.4254
0.3836
0.1875
0.3855
0.3148
0.3455
0.6087
0.537
0.4044
0.4044
0.259
0.3356
0.3988
0.2715
0.4889
0.5385
0.3351
0.2412
0.3855
0.4173
0.1875
0.3145
0.2979
0.3
0.4211
0.3114
0.3375
0.2237
0.3295
0.6176
0.311
0.3718
0.6071
0.4194
0.2982
0.5985
0.4097
0.3034
0.2945
0.4483
0.2414
0.3022
0.4489
0.2241
0.529
0.2938
0.2874
0.184
0.5074
0.3155
0.3413
0.3885
0.538
0.2778
0.2176
0.209
0.2515
0.3046
0.2812
0.3072
0.3062
0.3813
0.4887
0.2366
0.434
0.4094
0.3946
0.3713
0.2337
0.3208
0.2331
0.3057
0.2981
0.3333
0.2733
0.2375
0.526
0.3394
0.3684
0.3412
0.26
0.3653
0.4806
0.4161
0.3462
0.426
0.375
0.7928
0.3631
0.523
0.3073
0.4841
0.3423
0.3503
0.3523
0.4748
0.2994
0.3276
0.2767
0.5414
0.4191
0.2965
0.3497
0.6376
0.1515
0.3167
0.4276
0.4062
0.319
0.2147
0.5811
0.3293
0.3035
0.2781
0.3
0.3467
0.6484
0.3176
0.4451
0.3373
0.3735
0.2865
0.3591
0.3602
0.5399
0.2775
0.3576
0.3135
0.4304
0.2663
0.2704
0.3789
0.301
0.3829
0.3775
0.3487
0.4481
0.3224
0.1891
0.4121
0.635
0.3757
0.3675
0.3905
0.5564
0.4481
0.3311
0.5972
0.2037
0.3758
0.3654
0.4286
0.2177
0.4923
0.6438
0.1949
0.3582
0.3576
0.1954
0.3918
0.3198
0.3576
0.2673
0.2989
0.2407
0.5814
0.3725
0.275
0.5068
0.5185
0.3312
0.2848
0.5909
0.4444
0.5035
0.3125
0.3543
0.3452
0.2695
0.3167
0.4348
0.4653
0.3667
0.5641
0.3176
0.4817
0.281
0.3964
0.2414
0.4783
0.4331
0.343
0.3476
0.3987
0.3869
0.7293
0.3107
0.3898
0.2169
0.5308
0.5338
0.2781
0.4106
0.2308
0.1925
0.2667
0.5462
0.3758
0.375
0.3253
0.5897
0.2343
0.2909
0.2949
0.3315
0.56
0.2422
0.2254
0.3129
0.4286
0.5066
0.293
0.2809
0.4697
0.3041
0.3526
0.4667
0.1871
0.2386
0.2449
0.2617
0.3049
0.3025
0.3097
0.2837
0.3054
0.2302
0.3056
0.2439
0.2599
0.2484
0.1485
0.284
0.3082
0.5175
0.2908
0.209
0.1714
0.2919
0.3453
0.3111
0.3355
0.2416
0.3785
0.3169
0.2357
0.2516
0.2739
0.25
0.175
0.2453
0.2404
0.425
0.25
0.3311
0.3184
0.3309
0.2031
0.1713
0.2215
0.2
0.3312
0.25
0.3631
0.2164
0.3354
0.3411
0.2529
0.245
0.302
0.2118
0.2102
0.4296
0.2176
0.1953
0.2708
0.3013
0.2065
0.3379
0.4615
0.3923
0.5588
0.3947
0.1525
0.3699
0.4014
0.1765
0.2983
0.4083
0.3116
0.2889
0.2179
0.25
0.0933
0.119
0.3133
0.4438
0.1761
0.2356
0.3264
0.2278
0.3046
0.4361
0.2617
0.4151
0.3134
0.4
0.2567
0.1709
0.4155
0.2905
0.3194
0.3436
0.2718
0.1128
0.338
0.4718
0.2012
0.2209
0.3145
0.1792
0.2484
0.5
0.3896
0.2531
0.2819
0.3253
0.2599
0.1897
0.3812
0.3631
0.3133
0.2027
0.2302
0.4367
0.3476
0.2857
0.2083
0.4808
0.2958
0.3114
0.2449
0.3609
0.2934
0.2986
0.239
0.1641
0.227
0.3145
0.2552
0.4198
0.3196
0.3469
0.3577
0.2564
0.2268
0.3895
0.2766
0.2767
0.2452
0.3121
0.2658
0.3154
0.3087
0.4651
0.2339
0.2482
0.6667
0.2235
0.3793
0.2626
0.2467
0.2564
0.4236
0.3423
0.4074
0.1097
0.3121
0.2229
0.2948
0.3034
0.425
0.125
0.2111
0.4512
0.3987
0.2278
0.2791
0.0824
0.5584
0.2901
0.3113
0.2749
0.2911
0.1538
0.6439
0.2209
0.1596
0.2515
0.3512
0.3706
0.2035
0.2342
0.3262
0.4863
0.2609
0.3654
0.472
0.1852
0.2542
0.4161
0.3899
0.2515
0.3642
0.1925
0.2123
0.2537
0.2692
0.5441
0.2486
0.2378
0.1736
0.1616
0.1353
0.2108
0.2337
0.2675
0.4545
0.2579
0.1304
0.2733
0.2162
0.2905
0.1526
0.3672
0.2993
0.2321
0.5263
0.232
0.2986
0.2968
0.3678
0.3147
0.1893
0.4118
0.3262
0.4786
0.2697
0.4362
0.2099
0.2153
0.2121
0.2594
0.2944
0.2754
0.1911
0.2768
0.2663
0.2057
0.3386
0.244
0.2733
0.3595
0.4483
0.2752
0.2238
0.2826
0.3533
0.2554
0.3158
0.2229
0.2749
0.3487
0.3077
0.2081
0.1399
0.1279
0.4656
0.2694
0.3947
0.2865
0.2821
0.2337
0.352
0.1754
0.2061
0.2188
0.3806
0.1676
0.2899
0.3034
0.3395
0.1932
0.2885
0.1875
0.4241
0.2695
0.2754
0.2718
0.1907
0.2857
0.4412
0.4051
0.4182
0.3036
0.2901
0.28
0.3172
0.6325
0.2778
0.4196
0.1489
0.3264
0.3309
0.5328
0.3625
0.1377
0.309
0.2214
0.2356
0.2436
0.4803
0.3975
0.1966
0.5194
0.3544
0.2874
0.2151
0.4
0.0168
0.1395
0.2291
0.2105
0.2297
0.2593
0.5168
0.2093
0.1722
0.3356
0.4021
0.3333
0.2378
0.3006
0.1484
0.256
0.1667
0.1823
0.1818
0.2143
0.1788
0.3034
0.2171
0.2671
0.3452
0.2286
0.4072
0.669
0.3799
0.1701
0.2963
0.4085
0.3475
0.2129
0.2048
0.3624
0.2192
0.4327
0.2849
0.3418
0.4533
0.3871
0.2081
0.359
0.1198
0.3861
0.2329
0.2115
0.292
0.6018
0.2976
0.2378
0.2642
0.3526
0.2562
0.2621
0.3665
0.3522
0.4695
0.1925
0.4388
0.411
0.2547
0.3681
0.3506
0.2553
0.1951
0.1916
0.1676
0.7836
0.226
0.3851
0.2541
0.2083
0.3969
0.2761
0.3913
0.2919
0.1905
0.1823
0.2937
0.2617
0.1389
0.341
0.2784
0.2868
0.2744
0.2195
0.2911
0.3613
0.2025
0.2012
0.3824
0.1892
0.3311
0.2638
0.1859
0.3806
0.1832
0.3019
0.274
0.2771
0.3974
0.2364
0.2685
0.2214
0.3158
0.2973
0.391
0.2647
0.2442
0.1319
0.2412
0.3841
0.25
0.1814
0.2929
0.4062
0.4533
0.3018
0.3312
0.3354
0.1467
0.3091
0.2135
0.2045
0.2793
0.2848
0.3581
0.1745
0.178
0.4416
0.2543
0.3571
0.2857
0.1412
0.3148
0.1887
0.2821
0.4534
0.1179
0.3243
0.1168
0.1845
0.2655
0.3278
0.3106
0.2994
0.2398
0.3082
0.3476
0.2765
0.2604
0.1734
0.2131
0.1852
0.2162
0.3129
0.3758
0.1625
0.4702
0.3312
0.3423
0.3082
0.195
0.3462
0.2928
0.164
0.3791
0.2535
0.3141
0.255
0.1943
0.3028
0.3412
0.3758
0.2513
0.416
0.2812
0.2023
0.2093
0.2798
0.1971
0.2905
0.3614
0.2653
0.3803
0.2818
0.3129
0.349
0.1467
0.2564
0.2635
0.1488
0.4058
0.4173
0.1771
0.3158
0.3561
0.3576
0.2222
0.3162
0.1742
0.2985
0.3049
0.3032
0.2128
0.2706
0.2892
0.1765
0.2203
0.3525
0.226
0.2487
0.1329
0.3161
0.3025
0.304
0.3151
0.2201
0.4414
0.1835
0.2424
0.2722
0.2459
0.2944
0.2886
0.4247
0.2774
0.2471
0.3829
0.2877
0.2739
0.1279
0.2201
0.2264
0.3475
0.2781
0.5649
0.2439
0.2405
0.3718
0.2564
0.2601
0.2012
0.2857
0.4423
0.292
0.3352
0.2975
0.2063
0.4016
0.2438
0.415
0.2353
0.2819
0.3836
0.2176
0.2453
0.3675
0.2849
0.125
0.3169
0.3533
0.2556
0.3264
0.1895
0.3946
0.4309
0.2295
0.3219
0.5522
0.4595
0.2013
0.2048
0.3585
0.2123
0.2078
0.1809
0.2398
0.2564
0.1921
0.3287
0.4485
0.4627
0.2805
0.2866
0.2604
0.1871
0.131
0.331
0.3125
0.2878
0.3472
0.3392
0.2749
0.3082
0.1739
0.1406
0.2759
0.4094
0.1953
0.1932
0.2383
0.3597
0.162
0.2164
0.1412
0.1974
0.179
0.3212
0.4855
0.1987
0.3046
0.3665
0.3758
0.2027
0.2849
0.1564
0.2438
0.302
0.3291
0.315
0.1592
0.3933
0.3217
0.2805
0.2303
0.7851
0.4821
0.3006
0.25
0.2073
0.2345
0.2917
0.3259
0.3759
0.2453
0.2649
0.3767
0.2994
0.2895
0.3152
0.3851
0.3247
0.2235
0.3642
0.3742
0.3011
0.2611
0.2387
0.2453
0.2819
0.3169
0.4479
0.2044
0.3135
0.3567
0.315
0.4252
0.1706
0.1508
0.3358
0.297
0.1765
0.4388
0.2416
0.2484
0.1547
0.4362
0.4588
0.1629
0.3586
0.3775
0.3
0.3856
0.2654
0.2357
0.3784
0.2323
0.2938
0.4557
0.2586
0.2657
0.1263
0.0994
0.1514
0.4
0.418
0.132
0.14
0.1882
0.2606
0.3586
0.255
0.3043
0.0722
0.3312
0.2112
0.24
0.2778
0.2848
0.2022
0.2772
0.3041
0.3052
0.2189
0.3836
0.2338
0.4094
0.2635
0.2485
0.3733
0.2955
0.2857
0.2251
0.2899
0.1456
0.1786
0.3174
0.3333
0.149
0.2901
0.362
0.141
0.3654
0.3237
0.2033
0.2133
0.2154
0.2927
0.2467
0.3724
0.18
0.2687
0.5282
0.4043
0.1198
0.2527
0.2216
0.2073
0.1919
0.2353
0.1951
0.3139
0.1745
0.254
0.2866
0.3401
0.2053
0.2759
0.2795
0.3333
0.2188
0.2452
0.1358
0.3964
0.1934
0.1509
0.2716
0.3636
0.0354
0.3493
0.1979
0.2905
0.1871
0.2727
0.3286
0.4136
0.3443
0.234
0.241
0.3082
0.3155
0.2119
0.437
0.4056
0.2251
0.0988
0.3313
0.3885
0.1615
0.2704
0.1761
0.2688
0.3289
0.1765
0.3
0.1711
0.2312
0.5588
0.2464
0.2152
0.302
0.2949
0.2384
0.5109
0.2466
0.2253
0.227
0.2603
0.1675
0.2571
0.3352
0.2011
0.3613
0.2247
0.1916
0.128
0.4088
0.2328
0.2754
0.3057
0.3665
0.1646
0.1865
0.1629
0.1353
0.2119
0.1823
0.1617
0.2188
0.2028
0.4436
0.2527
0.3125
0.4161
0.2267
0.2994
0.1848
0.2062
0.1963
0.2405
0.1801
0.2135
0.2733
0.1625
0.3442
0.2289
0.2344
0.2184
0.2189
0.1953
0.3178
0.4161
0.2747
0.3
0.2917
0.5856
0.2675
0.3107
0.2793
0.3631
0.2685
0.2881
0.2841
0.3741
0.1911
0.2471
0.2075
0.4968
0.4338
0.2326
0.2657
0.4497
0.1364
0.224
0.3586
0.2638
0.2147
0.1356
0.3986
0.2988
0.1214
0.2086
0.1605
0.1533
0.6016
0.3243
0.3072
0.247
0.253
0.2162
0.2873
0.2981
0.3926
0.1734
0.3467
0.1765
0.4114
0.2337
0.2245
0.2733
0.2857
0.3086
0.2781
0.2923
0.3312
0.2763
0.1144
0.3212
0.562
0.3547
0.1893
0.3195
0.5224
0.3896
0.2368
0.4589
0.1852
0.2886
0.3013
0.4143
0.2109
0.4462
0.3137
0.1762
0.2537
0.3939
0.1782
0.2982
0.2944
0.2606
0.2277
0.2174
0.1975
0.4186
0.3595
0.225
0.4521
0.4817
0.2688
0.2848
0.5455
0.3913
0.3546
0.2969
0.2914
0.2857
0.2455
0.2099
0.3129
0.3819
0.2722
0.4076
0.3311
0.3171
0.2614
0.3373
0.1609
0.354
0.2293
0.343
0.2831
0.3228
0.3176
0.6992
0.3051
0.3503
0.25
0.5231
0.4436
0.1711
0.3841
0.1361
0.1979
0.1944
0.3588
0.3879
0.3158
0.3133
0.4423
0.1886
0.2229
0.2115
0.2528
0.44
0.2112
0.2606
0.2593
0.3786
0.2829
0.2102
0.2022
0.5076
0.2095
0.3462
0.4172
0.0136
0.0553
0.0497
0.0385
0.113
0.0457
0.3032
0.051
0.3054
0.1189
0.1944
0.2744
0.0355
0.1818
0.0821
0.2963
0.2893
0.4326
0.0195
0.0524
0.1886
0.0333
0.0325
0.2353
0.0465
0.2557
0.02
0.0242
0.2102
0.2129
0.2803
0.0864
0.0353
0.239
0.2295
0.4312
0.25
0.0355
0.3184
0.3382
0.1562
0.1547
0.038
0.1871
0.0289
0.0238
0.3949
0.1871
0.1364
0.0342
0.2816
0.2649
0.1635
0.2235
0.0539
0.3662
0.2294
0.0444
0.0573
0.2436
0.2291
0.0296
0.3354
0.2707
0.037
0.0272
0.1609
0.4375
0.3469
0.1302
0.2432
0.3952
0.2028
0.3315
0.1564
0.1497
0.0777
0.0578
0.3012
0.3468
0.0366
0.0431
0.2694
0.2389
0.0302
0.3985
0.3311
0.4151
0.3358
0.0651
0.0198
0.0294
0.3475
0.2431
0.0427
0.0219
0.2211
0.0711
0.2887
0.2848
0.0571
0.2209
0.2767
0.1676
0.2795
0.5462
0.0279
0.1852
0.1895
0.3018
0.0352
0.1692
0.4125
0.2976
0.2667
0.0189
0.08
0.4177
0.2744
0.2993
0.2083
0.2703
0.2746
0.2105
0.2245
0.0256
0.0328
0.0701
0.2013
0.0293
0.2113
0.2264
0.2759
0.0169
0.1809
0.0982
0.3043
0.2628
0.1558
0.407
0.25
0.2704
0.0241
0.3503
0.2468
0.349
0.0341
0.4884
0.2456
0.0523
0.0449
0.1955
0.3029
0.2273
0.22
0.0355
0.0171
0.0301
0.4222
0.0247
0.0404
0.2548
0.2428
0.2978
0.3889
0.0314
0.1443
0.2381
0.3734
0.1556
0.1444
0.0398
0.6039
0.2824
0.3311
0.0466
0.0562
0.0331
0.6439
0.0398
0.1221
0.2339
0.0469
0.3077
0.0162
0.1835
0.3191
0.0347
0.2029
0.0273
0.4161
0.1958
0.0308
0.0536
0.3396
0.0549
0.3576
0.1385
0.0203
0.0333
0.179
0.4632
0.1989
0.2195
0.1528
0.1263
0.1657
0.0606
0.0553
0.2994
0.4182
0.3333
0.0365
0.2857
0.0867
0.2416
0.0408
0.375
0.2993
0.256
0.1154
0.0074
0.25
0.0112
0.035
0.0311
0.2071
0.4314
0.2834
0.0284
0.2584
0.4295
0.232
0.2153
0.2061
0.0678
0.2889
0.2814
0.1975
0.2712
0.0341
0.0359
0.0629
0.0217
0.027
0.3377
0.3699
0.0179
0.2308
0.1678
0.3267
0.0355
0.2697
0.0424
0.2515
0.0402
0.0221
0.255
0.1295
0.0218
0.0516
0.0283
0.0229
0.0299
0.3013
0.1359
0.4
0.1228
0.2121
0.0353
0.4254
0.1618
0.0269
0.2528
0.321
0.1638
0.2885
0.0108
0.022
0.0055
0.0432
0.0357
0.1753
0.1693
0.0429
0.35
0.3846
0.2917
0.2901
0.2933
0.2621
0.1805
0.1939
0.0181
0.0558
0.269
0.3094
0.5474
0.0428
0.0229
0.0153
0.25
0.2759
0.3013
0.4474
0.1214
0.2079
0.3721
0.3165
0.0363
0.0205
0.0736
0.0279
0.157
0.0263
0.0146
0.3605
0.3025
0.5034
0.1977
0.15
0.2877
0.1463
0.3216
0.0452
0.2081
0.0875
0.1579
0.0354
0.1302
0.0347
0.1824
0.1808
0.2207
0.2078
0.0172
0.3254
0.2147
0.3952
0.6483
0.0439
0.0386
0.3
0.0422
0.0556
0.1871
0.0751
0.023
0.071
0.4035
0.0208
0.3101
0.3289
0.04
0.1943
0.0278
0.0958
0.3396
0.1849
0.2179
0.0513
0.5664
0.1724
0.2797
0.2487
0.3718
0.2365
0.0311
0.3727
0.2875
0.4451
0.0493
0.3669
0.3354
0.0462
0.3819
0.3312
0.2695
0.0279
0.1976
0.027
0.7687
0.2486
0.2531
0.2431
0.1786
0.3969
0.0275
0.0252
0.0111
0.0447
0.1562
0.1931
0.0427
0.15
0.3064
0.2841
0.0208
0.3602
0.2195
0.2089
0.023
0.0281
0.2308
0.2057
0.0469
0.2905
0.2761
0.1195
0.0114
0.1832
0.0457
0.0314
0.2831
0.0289
0.2485
0.2013
0.2214
0.037
0.3041
0.4231
0.3
0.0432
0.1532
0.3018
0.378
0.2446
0.1675
0.2357
0.3562
0.3667
0.0406
0.2987
0.0335
0.1075
0.0442
0.0052
0.0265
0.0302
0.2722
0.0303
0.1776
0.1361
0.0164
0.0635
0.0936
0.0428
0.1294
0.3312
0.195
0.0915
0.0311
0.1231
0.0368
0.0291
0.1905
0.2429
0.3278
0.3478
0.1758
0.1919
0.0632
0.3293
0.2
0.0386
0.1908
0.1749
0.0174
0.1656
0.0545
0.3691
0.1688
0.3907
0.271
0.0296
0.2956
0.1635
0.0291
0.0821
0.1481
0.0393
0.2183
0.017
0.2349
0.1477
0.0124
0.3254
0.1835
0.246
0.464
0.0374
0.1734
0.0272
0.2202
0.1679
0.277
0.0489
0.2653
0.0247
0.232
0.2699
0.3826
0.125
0.0647
0.2703
0.131
0.0309
0.0629
0.0317
0.0349
0.0392
0.351
0.2353
0.3162
0.1685
0.1912
0.2866
0.0517
0.2181
0.0321
0.3253
0.0168
0.1977
0.0784
0.2123
0.028
0.022
0.2564
0.3025
0.336
0.274
0.1962
0.5379
0.0238
0.1557
0.2556
0.025
0.2707
0.2222
0.4521
0.2968
0.2356
0.0402
0.2329
0.2229
0.0909
0.2115
0.2075
0.0186
0.024
0.4452
0.1471
0.2215
0.0223
0.0429
0.0107
0.1503
0.284
0.0158
0.2774
0.1244
0.2704
0.2302
0.0288
0.2625
0.0422
0.2108
0.0123
0.3699
0.0321
0.1472
0.272
0.0741
0.0398
0.306
0.3533
0.2444
0.038
0.183
0.1273
0.3968
0.2131
0.2432
0.4925
0.5
0.1375
0.2805
0.3625
0.1611
0.0599
0.0352
0.0272
0.069
0.025
0.0128
0.4485
0.234
0.0335
0.2866
0.0541
0.1579
0.131
0.3103
0.0365
0.057
0.0366
0.0402
0.269
0.024
0.1739
0.1146
0.2586
0.0486
0.0449
0.2171
0.028
0.3094
0.1341
0.209
0.1696
0.0247
0.2284
0.2847
0.3986
0.1859
0.051
0.354
0.0497
0.2027
0.1966
0.0208
0.0235
0.302
0.3101
0.3333
0.0949
0.3867
0.0449
0.3049
0.2848
0.6148
0.4464
0.0383
0.1795
0.2195
0.0366
0.1477
0.2057
0.3657
0.0286
0.0301
0.2895
0.0714
0.2763
0.3455
0.3378
0.1298
0.1744
0.4104
0.2375
0.0195
0.2357
0.0291
0.0714
0.2685
0.3607
0.454
0.221
0.0483
0.2152
0.2992
0.2422
0.1706
0.0323
0.0336
0.016
0.0556
0.3262
0.0312
0.0231
0.0155
0.3723
0.3837
0.0486
0.2534
0.3775
0.2895
0.3268
0.2593
0.2357
0.3784
0.2194
0.2514
0.1111
0.2069
0.2308
0.0293
0.0374
0.1081
0.3677
0.0347
0.0435
0.0503
0.1647
0.2394
0.3448
0.2685
0.2174
0.0681
0.2994
0.2298
0.2067
0.0296
0.2053
0.1749
0.0354
0.2573
0.2987
0.1834
0.3462
0.2532
0.0286
0.2754
0.2781
0.4
0.2803
0.022
0.0286
0.3066
0.0185
0.1905
0.2874
0.3188
0.0181
0.047
0.3006
0.1948
0.4487
0.3006
0.0152
0.2
0.2051
0.2622
0.0539
0.0291
0.0385
0.2139
0.2288
0.3901
0.02
0.2097
0.2577
0.1829
0.0329
0.291
0.0343
0.2786
0.1374
0.1832
0.2378
0.0419
0.0144
0.1954
0.2174
0.36
0.0291
0.2452
0.1812
0.038
0.1374
0.1572
0.2956
0.3846
0.0253
0.3082
0.1399
0.2737
0.152
0.1988
0.0387
0.3951
0.2459
0.2374
0.2189
0.2897
0.0363
0.1987
0.0361
0.4266
0.2147
0.0225
0.253
0.1097
0.1128
0.0116
0.1831
0.2375
0.3882
0.1706
0.2938
0.1776
0.2486
0.5
0.2275
0.0542
0.2886
0.0581
0.2281
0.0287
0.0253
0.2753
0.1963
0.0494
0.1133
0.1517
0.0308
0.1714
0.0281
0.051
0.0217
0.135
0.2603
0.1852
0.2695
0.0468
0.0309
0.0289
0.0293
0.1517
0.1176
0.1722
0.1562
0.0286
0.2375
0.2238
0.02
0.2097
0.3312
0.0341
0.2432
0.0168
0.0256
0.2062
0.1595
0
0.1739
0.0308
0.2267
0.125
0.093
0.0598
0.2396
0.1954
0.0094
0.0378
0.0411
0.0446
0.0154
0.3
0.1019
0.5946
0.2293
0.099
0.2067
0.3822
0.1772
0.2333
0.3239
0.0443
0.1847
0.2471
0.2075
0.4586
0.1745
0.2035
0.0373
0.0337
0.1515
0.2186
0.0188
0.2562
0.0171
0.0273
0.3919
0.2744
0.0332
0.1925
0.2
0.0316
0.0311
0.3446
0.3614
0.3133
0.3434
0.173
0.2155
0.0275
0.0331
0.1839
0.34
0.0197
0.4494
0.2174
0.0223
0.2671
0.2449
0.2686
0.3113
0.2284
0.3312
0.2105
0.0238
0.0321
0.5036
0.0479
0.2289
0.2367
0.4552
0.2756
0.037
0.4315
0.0231
0.0683
0.1783
0.0123
0.2313
0.3636
0.2143
0.1744
0.2239
0.2727
0.0273
0.2456
0.2893
0.0221
0.0261
0.2011
0.0462
0.4496
0.0702
0.1975
0.4315
0.0412
0.022
0.0361
0.5076
0.2455
0.0298
0.2798
0.0203
0.2619
0.2275
0.2
0.0497
0.3194
0.1337
0.0447
0.25
0.0714
0.0552
0.3491
0.0489
0.0389
0.0226
0.0311
0.0484
0.0116
0.3
0.6692
0.2655
0.0152
0.0337
0.3806
0.3955
0.0152
0.0994
0.0395
0.0202
0.2198
0.3359
0.2635
0.3245
0.2892
0.4359
0.1943
0.1916
0.2179
0.1047
0.2895
0.1988
0.2535
0.2439
0.3786
0.2745
0.1911
0.2472
0.0261
0.1757
0.2595
0.0444
