x
0.3676
0.3785
0.384
0.3752
0.3779
0.3756
0.383
0.3886
0.3773
0.382
0.3919
0.395
0.3668
0.3739
0.391
0.3898
0.3862
0.3773
0.3659
0.373
0.3792
0.3889
0.3849
0.3731
0.3852
0.3854
0.3862
0.3851
0.3742
0.38
0.3832
0.3704
0.3801
0.3934
0.374
0.3845
0.3717
0.3801
0.3768
0.3791
0.3799
0.388
0.3842
0.3759
0.3763
0.392
0.3868
0.3772
0.3909
0.379
0.3892
0.3867
0.384
0.3709
0.3863
0.3719
0.3839
0.3735
0.3572
0.3854
0.3767
0.3554
0.3643
0.3763
0.3933
0.3797
0.379
0.3824
0.3786
0.3738
0.3853
0.3804
0.3849
0.384
0.3778
0.3743
0.3907
0.3805
0.3714
0.3771
0.3885
0.3911
0.3899
0.3885
0.3849
0.3803
0.3889
0.387
0.3906
0.3861
0.3847
0.3858
0.3721
0.3707
0.3815
0.3757
0.39
0.3767
0.3863
0.3735
0.3814
0.3795
0.3775
0.3835
0.3573
0.3751
0.377
0.3813
0.3705
0.38
0.3805
0.3957
0.3817
0.3825
0.381
0.3663
0.3747
0.38
0.3857
0.3874
0.3875
0.3776
0.392
0.3747
0.3762
0.3765
0.3772
0.3729
0.3843
0.3892
0.3875
0.3634
0.378
0.3834
0.3871
0.3879
0.3862
0.3865
0.3929
0.3822
0.3715
0.3882
0.3803
0.3784
0.381
0.3705
0.3887
0.3682
0.3742
0.3774
0.3773
0.3591
0.3909
0.393
0.3819
0.3811
0.3808
0.3763
0.3877
0.3876
0.3816
0.3598
0.3841
0.3879
0.3831
0.397
0.3678
0.3793
0.3824
0.3727
0.3822
0.3839
0.3774
0.3611
0.3856
0.3866
0.3772
0.3667
0.3822
0.3807
0.3839
0.386
0.3903
0.378
0.3914
0.3936
0.3816
0.3856
0.3798
0.3885
0.365
0.3839
0.3765
0.3774
0.3869
0.387
0.3918
0.378
0.3893
0.3862
0.3739
0.3709
0.3811
0.3885
0.3762
0.3783
0.3844
0.3645
0.3845
0.3603
0.3828
0.3893
0.3765
0.3909
0.3821
0.3772
0.3682
0.3887
0.3823
0.3858
0.3842
0.3874
0.3865
0.3854
0.3786
0.3796
0.366
0.3566
0.3793
0.3949
0.3888
0.3731
0.3838
0.3925
0.3825
0.3796
0.3807
0.3876
0.3744
0.3823
0.383
0.3821
0.3817
0.3755
0.3843
0.3848
0.389
0.3845
0.3791
0.385
0.3795
0.3538
0.3905
0.3922
0.3873
0.3784
0.3906
0.3775
0.3787
0.392
0.3793
0.3891
0.3921
0.3812
0.3707
0.3809
0.3911
0.3719
0.3753
0.3705
0.3882
0.3855
0.3883
0.3825
0.373
0.3834
0.3662
0.3839
0.3849
0.3948
0.3863
0.3802
0.3784
0.3773
0.3829
0.3897
0.3891
0.3818
0.384
0.3705
0.3805
0.3797
0.3822
0.3776
0.3915
0.3849
0.3813
0.369
0.3803
0.3897
0.3619
0.3861
0.389
0.3714
0.3827
0.3755
0.3794
0.3916
0.3889
0.3813
0.3809
0.3852
0.3893
0.385
0.3899
0.3784
0.3864
0.3882
0.388
0.3872
0.3816
0.3912
0.3763
0.3889
0.382
0.3738
0.3802
0.3881
0.3851
0.3916
0.3763
0.3725
0.3827
0.3702
0.3886
0.382
0.3834
0.3823
0.3815
0.3814
0.3756
0.3625
0.3885
0.3887
0.3852
0.3854
0.365
0.3843
0.3869
0.3869
0.3816
0.3874
0.3783
0.3952
0.3684
0.3855
0.3756
0.3846
0.3847
0.3787
0.3849
0.3839
0.3908
0.3945
0.3637
0.3689
0.3783
0.3872
0.3878
0.3836
0.3855
0.3843
0.389
0.3824
0.3862
0.394
0.3823
0.3817
0.3872
0.38
0.385
0.372
0.3865
0.377
0.3938
0.3909
0.374
0.3676
0.3884
0.3847
0.3774
0.3655
0.3865
0.3842
0.3832
0.3696
0.3773
0.3822
0.3712
0.386
0.3708
0.369
0.3851
0.3836
0.3592
0.3574
0.3883
0.3709
0.3778
0.3732
0.3868
0.3852
0.3803
0.3911
0.3864
0.3875
0.389
0.3833
0.373
0.3838
0.3786
0.3814
0.3814
0.3776
0.3838
0.3693
0.3805
0.3756
0.3882
0.3703
0.3781
0.3835
0.3827
0.3779
0.3853
0.3732
0.3717
0.379
0.3633
0.377
0.3854
0.3734
0.3841
0.3801
0.3703
0.3691
0.375
0.3833
0.363
0.3812
0.3924
0.3935
0.367
0.3746
0.3741
0.3817
0.3877
0.3901
0.3845
0.3826
0.3895
0.383
0.3947
0.3834
0.369
0.3816
0.3772
0.3801
0.3773
0.3748
0.3795
0.3856
0.3841
0.3816
0.3774
0.382
0.3702
0.3597
0.3681
0.3702
0.3853
0.3849
0.3812
0.3853
0.3843
0.3803
0.3857
0.387
0.3785
0.3879
0.3648
0.3898
0.3787
0.3884
0.3821
0.3712
0.3819
0.381
0.3651
0.3805
0.3821
0.384
0.3825
0.3778
0.371
0.3867
0.3875
0.3797
0.3719
0.3821
0.3732
0.3871
0.3859
0.3893
0.378
0.3875
0.3752
0.3878
0.3783
0.3757
0.389
0.3908
0.3832
0.3704
0.371
0.368
0.3849
0.3636
0.3863
0.3836
0.372
0.3838
0.3859
0.3724
0.3816
0.3825
0.3812
0.3862
0.3855
0.3881
0.3685
0.3821
0.387
0.3844
0.3753
0.3818
0.3801
0.3883
0.3854
0.3781
0.3924
0.3699
0.3935
0.3753
0.391
0.3768
0.3771
0.3835
0.3732
0.378
0.3869
0.3746
0.3793
0.3802
0.3877
0.3711
0.3826
0.3841
0.3817
0.3848
0.3937
0.3663
0.389
0.3831
0.3819
0.3642
0.3859
0.3894
0.3821
0.3884
0.378
0.3837
0.3832
0.3746
0.3804
0.3828
0.379
0.3917
0.384
0.3807
0.3799
0.3563
0.3879
0.3871
0.3853
0.3671
0.388
0.3876
0.3783
0.3843
0.3795
0.3713
0.3871
0.3839
0.3904
0.3866
0.3818
0.3813
0.3811
0.3863
0.3845
0.3739
0.3689
0.3727
0.3902
0.386
0.3756
0.369
0.3857
0.375
0.3841
0.3774
0.3762
0.3715
0.3774
0.371
0.3751
0.3718
0.3812
0.3857
0.3784
0.388
0.3758
0.3909
0.3839
0.3827
0.3709
0.3742
0.3914
0.3787
0.3808
0.3792
0.3859
0.377
0.3949
0.3711
0.3831
0.3858
0.3786
0.3837
0.3897
0.3818
0.3916
0.3837
0.3826
0.389
0.3897
0.3909
0.3873
0.3918
0.386
0.3593
0.3919
0.38
0.3812
0.3751
0.3881
0.3869
0.3875
0.3677
0.3747
0.3755
0.3733
0.3889
0.3765
0.3809
0.3871
0.3868
0.3806
0.3763
0.3769
0.3822
0.391
0.3813
0.3924
0.3896
0.3723
0.3822
0.3834
0.3816
0.3926
0.3893
0.3906
0.3803
0.372
0.3855
0.3809
0.3912
0.392
0.3889
0.3806
0.3731
0.3747
0.3831
0.3778
0.39
0.3795
0.3859
0.3857
0.3822
0.3778
0.3852
0.3883
0.3678
0.3888
0.3811
0.3822
0.3788
0.3874
0.3891
0.3656
0.3945
0.372
0.3835
0.3728
0.3723
0.3693
0.37
0.3777
0.3958
0.3791
0.3884
0.3884
0.3895
0.3792
0.3715
0.3843
0.3893
0.3945
0.3834
0.3822
0.3866
0.3783
0.3772
0.3797
0.3898
0.3847
0.3811
0.378
0.3803
0.3862
0.3849
0.3822
0.383
0.3932
0.388
0.3779
0.3767
0.3802
0.3878
0.3808
0.3862
0.3893
0.3709
0.3878
0.3795
0.374
0.389
0.3836
0.3885
0.3924
0.3874
0.3841
0.3836
0.3899
0.3876
0.3795
0.3799
0.3912
0.3674
0.3838
0.3854
0.3795
0.3816
0.3804
0.385
0.3903
0.3768
0.3668
0.3867
0.3747
0.3767
0.3888
0.3755
0.3883
0.377
0.3732
0.3852
0.3655
0.3872
0.3809
0.3829
0.3737
0.3844
0.37
0.3727
0.384
0.3678
0.3865
0.376
0.3747
0.3747
0.3862
0.3859
0.3802
0.3777
0.3686
0.3868
0.3925
0.3889
0.3764
0.3849
0.3659
0.379
0.3894
0.366
0.3902
0.3835
0.3771
0.3931
0.3867
0.3582
0.3873
0.3855
0.3646
0.3801
0.3845
0.3809
0.3767
0.3567
0.3818
0.3682
0.3817
0.3813
0.3878
0.3841
0.3834
0.3704
0.3839
0.3923
0.3839
0.3764
0.3898
0.3704
0.3754
0.3876
0.3912
0.3759
0.3804
0.3791
0.3934
0.3817
0.3847
0.394
0.379
0.381
0.3938
0.3869
0.3873
0.3811
0.3759
0.3727
0.3586
0.3883
0.3835
0.3815
0.3922
0.3347
0.3938
0.3857
0.3794
0.3933
0.3882
0.3805
0.3825
0.3961
0.3827
0.3929
0.3808
0.3901
0.376
0.3749
0.3939
0.3613
0.3886
0.3888
0.3785
0.379
0.3834
0.3764
0.3886
0.3794
0.3863
0.3717
0.3748
0.3856
0.3861
0.3857
0.3812
0.38
0.3729
0.3762
0.3619
0.3906
0.3781
0.3832
0.3774
0.3865
0.371
0.3824
0.3887
0.3862
0.3722
0.3459
0.3862
0.3697
0.376
0.3798
0.3906
0.3634
0.3726
0.3861
0.3892
0.3725
0.3911
0.39
0.3956
0.3808
0.3868
0.3856
0.3809
0.3737
0.3828
0.3789
0.3801
0.3707
0.3847
0.3885
0.3812
0.3814
0.3764
0.3877
0.3718
0.381
0.3646
0.3875
0.373
0.3694
0.3913
0.3732
0.3791
0.3854
0.3924
0.3831
0.3917
0.3786
0.3821
0.3758
0.3855
0.379
0.383
0.3889
0.374
0.3809
0.3939
0.3825
0.3786
0.3866
0.3804
0.3755
0.3822
0.3792
0.3863
0.3736
0.3754
0.3815
0.3851
0.3787
0.3864
0.3804
0.3854
0.3658
0.3748
0.3837
0.3893
0.3917
0.3837
0.3829
0.3773
0.3739
0.3995
0.3973
0.3956
0.3963
0.3777
0.3895
0.378
0.3974
0.3726
0.3909
0.3877
0.3939
0.3979
0.3714
0.397
0.3957
0.3717
0.3725
0.3854
0.3749
0.3982
0.3912
0.3912
0.3824
0.3893
0.3879
0.3858
0.3778
0.3956
0.3965
0.3951
0.3983
0.3939
0.3991
0.3807
0.3871
0.392
0.3971
0.3846
0.3972
0.3964
0.3854
0.3974
0.3894
0.3979
0.3835
0.3978
0.3972
0.399
0.3773
0.3878
0.3871
0.3964
0.3984
0.3972
0.3672
0.3988
0.3971
0.3647
0.3844
0.3913
0.396
0.3968
0.3976
0.3831
0.396
0.397
0.3944
0.3972
0.3693
0.3974
0.3779
0.3986
0.3962
0.3794
0.3966
0.3749
0.3976
0.3958
0.3965
0.3972
0.3979
0.3894
0.3928
0.3748
0.3926
0.3981
0.3913
0.3829
0.3891
0.3788
0.3872
0.3561
0.3943
0.398
0.3896
0.3929
0.3964
0.3976
0.3941
0.3884
0.3952
0.3779
0.3857
0.3799
0.3958
0.396
0.3967
0.3969
0.3989
0.3778
0.3985
0.3972
0.39
0.3969
0.3975
0.3926
0.376
0.3979
0.3934
0.3951
0.3977
0.393
0.3963
0.3957
0.3948
0.3983
0.378
0.3931
0.389
0.3972
0.3981
0.3961
0.3811
0.3966
0.3926
0.3919
0.3977
0.3953
0.3987
0.376
0.3776
0.3942
0.3858
0.3763
0.3802
0.3951
0.3947
0.3987
0.3746
0.3986
0.3831
0.3746
0.3967
0.398
0.3837
0.3989
0.3984
0.3975
0.3963
0.3761
0.382
0.3679
0.3968
0.3969
0.3956
0.3971
0.3967
0.3989
0.3771
0.3973
0.3956
0.3867
0.3675
0.3724
0.3936
0.3918
0.389
0.3957
0.3923
0.3835
0.3924
0.3756
0.3975
0.3762
0.3954
0.399
0.3989
0.3759
0.3959
0.3914
0.3856
0.3901
0.3963
0.3977
0.3875
0.3777
0.3976
0.3982
0.3946
0.3842
0.3938
0.3867
0.3969
0.3876
0.3856
0.3976
0.3814
0.399
0.3986
0.3959
0.3832
0.3991
0.3972
0.3975
0.3948
0.389
0.3957
0.3864
0.38
0.3971
0.3963
0.3978
0.3974
0.3945
0.3881
0.3723
0.3981
0.3967
0.397
0.3899
0.3792
0.399
0.3985
0.3977
0.3981
0.3982
0.3947
0.3628
0.3972
0.3968
0.3874
0.397
0.3755
0.3897
0.3942
0.3892
0.3961
0.3955
0.3937
0.3985
0.3978
0.3904
0.3758
0.3955
0.3761
0.3989
0.3968
0.3974
0.3987
0.3968
0.3948
0.3923
0.3852
0.3888
0.3836
0.3989
0.3985
0.3941
0.3721
0.3975
0.3838
0.3967
0.3962
0.3984
0.3983
0.3687
0.3793
0.3973
0.399
0.3962
0.3982
0.3967
0.398
0.3979
0.3982
0.3971
0.3907
0.3845
0.3932
0.373
0.3954
0.3956
0.3984
0.3949
0.3927
0.3968
0.3973
0.3817
0.3969
0.3916
0.3899
0.3899
0.3705
0.3988
0.3987
0.3928
0.3938
0.3966
0.3953
0.3878
0.3825
0.3842
0.3967
0.3911
0.3945
0.3972
0.3929
0.3952
0.3813
0.389
0.3902
0.3667
0.3971
0.3957
0.3966
0.3979
0.3994
0.3977
0.3994
0.3965
0.3839
0.398
0.3989
0.3904
0.3984
0.3979
0.3746
0.3977
0.3914
0.3969
0.3964
0.3981
0.3962
0.3978
0.3994
0.3766
0.3879
0.3844
0.3775
0.3948
0.3983
0.3946
0.3991
0.3916
0.3985
0.3979
0.3889
0.3952
0.3791
0.3971
0.3988
0.3903
0.3979
0.3986
0.3747
0.3956
0.39
0.3962
0.3963
0.3957
0.3978
0.3888
0.3905
0.3979
0.3963
0.3939
0.3864
0.3974
0.3982
0.3871
0.3975
0.384
0.398
0.3971
0.3867
0.3809
0.3981
0.391
0.3862
0.3962
0.3976
0.3979
0.3916
0.399
0.3941
0.3944
0.3976
0.3795
0.3985
0.3931
0.3934
0.3971
0.3938
0.3707
0.3573
0.3974
0.3869
0.3749
0.3657
0.3957
0.3858
0.3735
0.3976
0.3786
0.3977
0.3986
0.385
0.396
0.3962
0.394
0.3859
0.393
0.3744
0.3946
0.3939
0.3676
0.3846
0.3959
0.3975
0.3815
0.3784
0.3788
0.3858
0.3954
0.3803
0.3807
0.3889
0.3925
0.3962
0.3973
0.3813
0.3956
0.375
0.369
0.3968
0.394
0.3827
0.3986
0.3942
0.3937
0.3979
0.3973
0.398
0.3744
0.3911
0.397
0.3985
0.381
0.3925
0.3918
0.3962
0.3966
0.3766
0.3833
0.3699
0.3965
0.3958
0.3898
0.3805
0.3946
0.3859
0.3924
0.3775
0.385
0.3979
0.3985
0.3902
0.3593
0.3731
0.3961
0.3975
0.3994
0.3971
0.3975
0.3983
0.3757
0.3925
0.3974
0.3981
0.3594
0.3968
0.3975
0.3942
0.3877
0.3971
0.3916
0.394
0.3774
0.3774
0.3841
0.3974
0.3965
0.3621
0.3957
0.399
0.3866
0.3949
0.3942
0.3804
0.398
0.3978
0.3905
0.3983
0.3763
0.3984
0.3707
0.3778
0.3851
0.3945
0.3869
0.3974
0.3985
0.3969
0.3976
0.397
0.3974
0.3685
0.3946
0.3822
0.3951
0.3982
0.3889
0.3964
0.3979
0.3867
0.393
0.3734
0.3972
0.3982
0.3949
0.3751
0.3894
0.3795
0.399
0.3978
0.3982
0.3829
0.3967
0.3705
0.3965
0.3981
0.3966
0.3979
0.3938
0.3945
0.3934
0.399
0.3762
0.3968
0.3851
0.3975
0.3861
0.3976
0.3965
0.388
0.3925
0.394
0.3824
0.3877
0.393
0.3735
0.3967
0.3822
0.3936
0.3973
0.3909
0.3949
0.3953
0.3973
0.3893
0.3883
0.3881
0.3887
0.3782
0.3947
0.3984
0.3938
0.3976
0.3933
0.3984
0.3688
0.3855
0.3896
0.382
0.3787
0.3903
0.3957
0.3818
0.398
0.3979
0.3764
0.3968
0.3977
0.398
0.3746
0.3776
0.3978
0.3591
0.3985
0.3772
0.3847
0.3804
0.3724
0.3965
0.3955
0.3958
0.3969
0.3928
0.3946
0.3888
0.398
0.3982
0.3995
0.3781
0.3961
0.3968
0.3978
0.3912
0.3789
0.3847
0.3989
0.3758
0.3969
0.3978
0.3733
0.3987
0.3691
0.3984
0.3883
0.3987
0.3951
0.3938
0.3968
0.3958
0.3942
0.3876
0.3969
0.3975
0.3926
0.3953
0.3841
0.3915
0.395
0.3772
0.388
0.3798
0.3836
0.3843
0.3968
0.3977
0.3845
0.397
0.3856
0.3844
0.3972
0.3844
0.3968
0.397
0.3702
0.398
0.3914
0.399
0.3985
0.397
0.3767
0.3793
0.3809
0.3776
0.3946
0.3888
0.3661
0.391
0.3983
0.395
0.3978
0.3994
0.3967
0.3953
0.3955
0.3882
0.3978
0.3946
0.3894
0.3901
0.3957
0.3972
0.3906
0.398
0.3962
0.3756
0.3984
0.3969
0.3986
0.3977
0.3952
0.3972
0.3957
0.385
0.3904
0.3974
0.3994
0.3903
0.3799
0.3828
0.3979
0.3952
0.3972
0.3943
0.3903
0.3715
0.3887
0.3965
0.3958
0.3979
0.397
0.3767
0.3968
0.3972
0.3962
0.3705
0.3983
0.3933
0.3881
0.399
0.3863
0.3975
0.3985
0.391
0.3975
0.3967
0.399
0.396
0.3871
0.3909
0.3876
0.3932
0.3805
0.3957
0.3832
0.3872
0.3616
0.3893
0.3856
0.3974
0.3893
0.386
0.3807
0.3953
0.3607
0.3977
0.3988
0.3952
0.398
0.3976
0.3871
0.3983
0.3762
0.3958
0.3873
0.3978
0.3941
0.3962
0.3936
0.3975
0.3761
0.3741
0.3967
0.3965
0.3866
0.3975
0.3981
0.3373
0.3711
0.3979
0.3825
0.39
0.3958
0.379
0.3979
0.393
0.3974
0.3983
0.3979
0.3958
0.3979
0.3974
0.3894
0.3963
0.3966
0.3887
0.3946
0.3844
0.3953
0.3973
0.399
0.3957
0.3969
0.3972
0.3821
0.3967
0.3984
0.3965
0.3891
0.396
0.3971
0.3968
0.3984
0.3976
0.3991
0.3854
0.3974
0.3924
0.3966
0.3978
0.3986
0.3984
0.3978
0.3947
0.3987
0.3988
0.3958
0.3715
0.3979
0.3967
0.3774
0.3917
0.3986
0.3743
0.3644
0.3969
0.3665
0.3985
0.3872
0.3951
0.3952
0.3591
0.3871
0.3961
0.3848
0.3879
0.3833
0.3846
0.3979
0.3835
0.3973
0.3886
0.3993
0.3982
0.3666
0.3987
0.3989
0.3881
0.3789
0.3968
0.3897
0.3967
0.397
0.398
0.3971
0.3974
0.3989
0.3898
0.3919
0.3919
0.3974
0.398
0.3602
0.3979
0.3838
0.3947
0.3968
0.3749
0.3964
0.3969
0.3861
0.3957
0.3842
0.3855
0.386
0.3983
0.3984
0.385
0.3928
0.3978
0.3808
0.395
0.3977
0.397
0.3985
0.3982
0.3985
0.3985
0.3964
0.3946
0.3985
0.3974
0.3958
0.389
0.3966
0.3977
0.3569
0.3978
0.3912
0.3985
0.3976
0.3971
0.3957
0.3948
0.3984
0.388
0.3796
0.3777
0.3981
0.3847
0.3967
0.3976
0.387
0.3914
0.3843
0.3951
0.3884
0.397
0.3682
0.3989
0.3962
0.3985
0.3965
0.3792
0.39
0.3607
0.3975
0.3969
0.376
0.3989
0.3909
0.3979
0.398
0.397
0.3851
0.3844
0.3922
0.3978
0.3986
0.381
0.3969
0.3769
0.3979
0.3839
0.3972
0.3885
0.387
0.3976
0.3788
0.3968
0.3978
0.3783
0.3738
0.3725
0.3955
0.395
0.398
0.3953
0.3926
0.3957
0.3609
0.376
0.3989
0.3973
0.3962
0.3985
0.3775
0.395
0.3708
0.395
0.3982
0.3928
0.3913
0.3799
0.3814
0.3974
0.3983
0.3958
0.3828
0.398
0.3898
0.3959
0.3972
0.3778
0.3754
0.3983
0.3991
0.3984
0.3973
0.3973
0.3976
0.3947
0.3976
0.3921
0.3976
0.3973
0.3975
0.398
0.398
0.3975
0.3958
0.3976
0.3946
0.3987
0.3969
0.3987
0.3977
0.3983
0.3951
0.3963
0.3977
0.399
0.3799
0.3911
0.3982
0.3926
0.3972
0.3969
0.3958
0.3955
0.397
0.395
0.395
0.3956
0.3974
0.3974
0.3951
0.3965
0.398
0.3982
0.3981
0.3953
0.3971
0.3983
0.3903
0.3973
0.3961
0.3976
0.3984
0.3975
0.3933
0.3994
0.398
0.3968
0.3969
0.3947
0.397
0.3982
0.3963
0.397
0.3981
0.3966
0.3947
0.3977
0.3966
0.3979
0.3973
0.3971
0.3961
0.3986
0.3987
0.3955
0.3935
0.3966
0.399
0.3988
0.3951
0.3968
0.3984
0.3979
0.3984
0.3981
0.3979
0.3965
0.3975
0.3947
0.3995
0.3993
0.3957
0.3969
0.396
0.3899
0.3976
0.3984
0.3977
0.3981
0.3964
0.3953
0.393
0.3983
0.3986
0.3953
0.3963
0.3977
0.3989
0.3978
0.3985
0.3972
0.399
0.3948
0.3987
0.3965
0.3935
0.3989
0.3978
0.397
0.3967
0.3972
0.3971
0.3929
0.3988
0.3932
0.3978
0.3953
0.3995
0.3982
0.3986
0.3968
0.396
0.3975
0.397
0.3982
0.3963
0.3977
0.3971
0.3863
0.3984
0.3977
0.3943
0.3959
0.3975
0.3979
0.3991
0.399
0.3884
0.3992
0.3983
0.3967
0.3983
0.3986
0.3858
0.3986
0.3977
0.3993
0.3975
0.3958
0.3958
0.3947
0.3983
0.3981
0.3965
0.3966
0.397
0.3962
0.3947
0.3968
0.3965
0.3941
0.3983
0.3918
0.3962
0.3937
0.398
0.398
0.3962
0.3957
0.3941
0.3824
0.3964
0.3996
0.3962
0.3994
0.399
0.396
0.3964
0.3963
0.3975
0.3984
0.3979
0.3976
0.3963
0.3713
0.3985
0.3969
0.3984
0.3983
0.3985
0.3979
0.3974
0.3969
0.3984
0.3963
0.3943
0.3982
0.3979
0.3986
0.3918
0.3971
0.3977
0.3978
0.3987
0.3974
0.3981
0.3913
0.396
0.3984
0.3968
0.398
0.3981
0.3973
0.3978
0.3942
0.3991
0.3988
0.3983
0.3971
0.3982
0.3976
0.396
0.3968
0.3977
0.3971
0.3975
0.3931
0.3986
0.3967
0.3935
0.3979
0.3968
0.3984
0.3986
0.398
0.3973
0.3957
0.3988
0.3986
0.3989
0.3992
0.3949
0.3943
0.3986
0.3976
0.3963
0.3984
0.3982
0.3977
0.3968
0.398
0.3943
0.3937
0.3953
0.3929
0.3984
0.3973
0.3988
0.3966
0.3905
0.3973
0.3971
0.3975
0.3987
0.3957
0.3977
0.3971
0.399
0.3978
0.3975
0.3967
0.3981
0.3974
0.3986
0.3958
0.3963
0.3978
0.3969
0.3985
0.3965
0.3968
0.399
0.3955
0.3972
0.395
0.3974
0.3943
0.3969
0.3982
0.3986
0.3958
0.3789
0.3986
0.3993
0.3975
0.3976
0.3975
0.3949
0.398
0.3951
0.3982
0.3952
0.3971
0.3966
0.3982
0.3979
0.3969
0.3976
0.3973
0.3967
0.3969
0.3983
0.3984
0.3965
0.3981
0.3973
0.3985
0.3983
0.3964
0.3969
0.3972
0.3987
0.3985
0.3969
0.3982
0.3933
0.3948
0.3979
0.398
0.3954
0.3994
0.3974
0.397
0.3977
0.3971
0.398
0.3959
0.3952
0.3966
0.3973
0.3944
0.3984
0.3974
0.3988
0.3978
0.3985
0.3981
0.3983
0.3949
0.3987
0.397
0.3986
0.3965
0.3972
0.395
0.3975
0.3964
0.3977
0.3968
0.3988
0.3974
0.3974
0.3972
0.3973
0.3985
0.3822
0.3975
0.3985
0.3958
0.3979
0.3967
0.3976
0.3944
0.3958
0.3902
0.399
0.3943
0.3976
0.3963
0.3978
0.3965
0.3976
0.3984
0.3992
0.3971
0.3973
0.3976
0.3977
0.3983
0.3976
0.3981
0.3928
0.3752
0.3914
0.3979
0.3978
0.3967
0.3976
0.397
0.39
0.3966
0.3985
0.3984
0.397
0.3982
0.3957
0.3965
0.3969
0.3971
0.3983
0.3979
0.3974
0.3957
0.3957
0.3974
0.3977
0.3979
0.3981
0.3986
0.3956
0.3984
0.3976
0.3964
0.3948
0.3957
0.3977
0.3989
0.3979
0.398
0.3953
0.3983
0.3974
0.3932
0.3976
0.397
0.3988
0.3989
0.3946
0.3983
0.3969
0.3994
0.3971
0.395
0.3873
0.3971
0.3989
0.3984
0.3972
0.3959
0.3949
0.399
0.3952
0.3966
0.3953
0.3988
0.3962
0.3962
0.3984
0.3976
0.3981
0.397
0.3929
0.3987
0.3964
0.3988
0.3982
0.3971
0.398
0.3991
0.3964
0.3981
0.3969
0.3946
0.3965
0.3948
0.3976
0.3976
0.3958
0.3985
0.3988
0.3982
0.3983
0.3948
0.3977
0.3987
0.3945
0.3956
0.3968
0.399
0.3976
0.3962
0.3982
0.397
0.3987
0.3972
0.3934
0.3964
0.3977
0.3968
0.398
0.3981
0.3979
0.3975
0.3986
0.3954
0.393
0.3796
0.3957
0.3919
0.3986
0.3968
0.3983
0.3959
0.396
0.3988
0.392
0.3987
0.3993
0.3979
0.3973
0.3917
0.3913
0.3966
0.3975
0.3985
0.3991
0.3977
0.395
0.3975
0.3987
0.3965
0.3962
0.3986
0.3982
0.3983
0.3978
0.3964
0.3965
0.3979
0.3986
0.3967
0.398
0.3985
0.3973
0.3964
0.3973
0.3965
0.3979
0.3956
0.3964
0.3964
0.3985
0.3981
0.3882
0.398
0.3969
0.3965
0.3966
0.3978
0.3966
0.3968
0.3978
0.3976
0.3965
0.3952
0.3964
0.3983
0.3977
0.3959
0.3975
0.3972
0.3981
0.3972
0.3975
0.3974
0.3962
0.3984
0.392
0.398
0.3984
0.3983
0.3965
0.3939
0.3984
0.3967
0.3962
0.3993
0.3978
0.3976
0.3975
0.3974
0.3984
0.398
0.3976
0.3971
0.3961
0.3973
0.3981
0.3907
0.3974
0.3953
0.399
0.3973
0.3968
0.3979
0.3969
0.3958
0.3993
0.3978
0.3975
0.3983
0.3983
0.3988
0.3978
0.396
0.3959
0.3992
0.3985
0.3959
0.3993
0.3937
0.3978
0.3982
0.3989
0.3983
0.3971
0.3988
0.3972
0.3986
0.3988
0.3977
0.3967
0.3971
0.396
0.3977
0.3982
0.3979
0.3974
0.3975
0.3971
0.3978
0.398
0.3987
0.398
0.3972
0.3966
0.3979
0.3974
0.394
0.3978
0.3981
0.3948
0.3986
0.397
0.3968
0.3976
0.3979
0.394
0.3986
0.3977
0.3973
0.399
0.3936
0.3977
0.3973
0.3986
0.3981
0.3978
0.3969
0.3975
0.3939
0.3985
0.3967
0.3875
0.3976
0.3972
0.3962
0.3962
0.3977
0.3989
0.3965
0.3956
0.3968
0.3977
0.3955
0.3977
0.3971
0.398
0.3944
0.3984
0.3979
0.3972
0.3966
0.3989
0.3962
0.3954
0.3973
0.3962
0.3984
0.3979
0.3985
0.3986
0.3977
0.3976
0.3965
0.3989
0.3981
0.3957
0.3984
0.3974
0.396
0.3985
0.3968
0.3973
0.3963
0.3966
0.3976
0.398
0.3986
0.3991
0.3936
0.3971
0.3979
0.3968
0.3973
0.3953
0.3977
0.3989
0.3959
0.3979
0.3983
0.397
0.3985
0.3994
0.398
0.3969
0.3983
0.3967
0.3948
0.398
0.3898
0.3963
0.3978
0.3972
0.3982
0.3985
0.3977
0.3966
0.3985
0.3984
0.3974
0.3981
0.3973
0.3982
0.3981
0.3935
0.3978
0.3972
0.3979
0.3967
0.398
0.3981
0.3988
0.3976
0.3976
0.3972
0.3972
0.3965
0.3982
0.3981
0.3829
0.3981
0.3988
0.3983
0.3968
0.3971
0.3977
0.3969
0.3969
0.3974
0.3974
0.3991
0.3984
0.3981
0.3982
0.3969
0.3954
0.3982
0.3979
0.3944
0.3979
0.3954
0.3975
0.3982
0.3972
0.3976
0.3854
0.3973
0.3987
0.3977
0.3957
0.3982
0.3984
0.3982
0.3966
0.3985
0.3974
0.3983
0.3979
0.3984
0.3968
0.3957
0.3964
0.3992
0.3978
0.3959
0.3962
0.3977
0.3964
0.393
0.3972
0.3982
0.3976
0.3986
0.3993
0.3962
0.395
0.3972
0.3978
0.3977
0.3989
0.3932
0.396
0.3963
0.3702
0.3972
0.3984
0.3989
0.3974
0.3986
0.3963
0.3985
0.3974
0.395
0.3992
0.3988
0.3986
0.3941
0.3958
0.3983
0.3961
0.3989
0.3977
0.3946
0.3973
0.3981
0.3956
0.397
0.3883
0.3991
0.3966
0.3984
0.3982
0.3974
0.3965
0.3986
0.3988
0.3987
0.398
0.3975
0.3987
0.3985
0.396
0.3986
0.3945
0.3948
0.3994
0.3985
0.3972
0.3961
0.3993
0.3978
0.3977
0.398
0.3989
0.3966
0.3982
0.3956
0.3964
0.3973
0.3975
0.3978
0.3977
0.3989
0.3984
0.3958
0.3977
0.397
0.3987
0.3966
0.399
0.3966
0.3971
0.3971
0.3991
0.3972
0.3963
0.3981
0.3985
0.3969
0.3921
0.3989
0.3985
0.3961
0.3957
0.3975
0.3973
0.3913
0.3969
0.3972
0.3962
0.3949
0.3986
0.3968
0.3981
0.3982
0.3965
0.3961
0.3983
0.3982
0.3972
0.3975
0.3983
0.3978
0.3996
0.3969
0.3977
0.3942
0.3983
0.3937
0.3982
0.3983
0.398
0.3976
0.3984
0.3984
0.3976
0.3982
0.3961
0.3983
0.3982
0.3974
0.3971
0.3957
0.3977
0.3907
0.3978
0.3991
0.398
0.3976
0.3973
0.3939
0.3988
0.3928
0.397
0.3974
0.3981
0.3952
0.3982
0.3984
0.3984
0.3996
0.3958
0.3918
0.3975
0.398
0.3902
0.398
0.3963
0.3983
0.3954
0.3981
0.3969
0.3968
0.3967
0.3972
0.3903
0.3972
NA
NA
NA
NA
NA
NA
NA
NA
NA
NA
NA
NA
NA
NA
NA
NA
NA
NA
NA
NA
NA
NA
NA
NA
NA
NA
NA
NA
NA
NA
NA
NA
NA
NA
NA
NA
NA
NA
NA
NA
NA
NA
NA
NA
NA
NA
NA
NA
NA
NA
NA
NA
NA
NA
NA
NA
NA
NA
NA
NA
NA
NA
NA
NA
NA
NA
NA
NA
NA
NA
NA
NA
NA
NA
NA
NA
NA
NA
NA
NA
NA
NA
NA
NA
NA
NA
NA
NA
NA
NA
NA
NA
NA
NA
NA
NA
NA
NA
NA
NA
NA
NA
NA
NA
NA
NA
NA
NA
NA
NA
NA
NA
NA
NA
NA
NA
NA
NA
NA
NA
NA
NA
NA
NA
NA
NA
NA
NA
NA
NA
NA
NA
NA
NA
NA
NA
NA
NA
NA
NA
NA
NA
NA
NA
NA
NA
NA
NA
NA
NA
NA
NA
NA
NA
NA
NA
NA
NA
NA
NA
NA
NA
NA
NA
NA
NA
NA
NA
NA
NA
NA
NA
NA
NA
NA
NA
NA
NA
NA
NA
NA
NA
NA
NA
NA
NA
NA
NA
NA
NA
NA
NA
NA
NA
NA
NA
NA
NA
NA
NA
NA
NA
NA
NA
NA
NA
NA
NA
NA
NA
NA
NA
NA
NA
NA
NA
NA
NA
NA
NA
NA
NA
NA
NA
NA
NA
NA
NA
NA
NA
NA
NA
NA
NA
NA
NA
NA
NA
NA
NA
NA
NA
NA
NA
NA
NA
NA
NA
NA
NA
NA
NA
NA
NA
NA
NA
NA
NA
NA
NA
NA
NA
NA
NA
NA
NA
NA
NA
NA
NA
NA
NA
NA
NA
NA
NA
NA
NA
NA
NA
NA
NA
NA
NA
NA
NA
NA
NA
NA
NA
NA
NA
NA
NA
NA
NA
NA
NA
NA
NA
NA
NA
NA
NA
NA
NA
NA
NA
NA
NA
NA
NA
NA
NA
NA
NA
NA
NA
NA
NA
NA
NA
NA
NA
NA
NA
NA
NA
NA
NA
NA
NA
NA
NA
NA
NA
NA
NA
NA
NA
NA
NA
NA
NA
NA
NA
NA
NA
NA
NA
NA
NA
NA
NA
NA
NA
NA
NA
NA
NA
NA
NA
NA
NA
NA
NA
NA
NA
NA
NA
NA
NA
NA
NA
NA
NA
NA
NA
NA
NA
NA
NA
NA
NA
NA
NA
NA
NA
NA
NA
NA
NA
NA
NA
NA
NA
NA
NA
NA
NA
NA
NA
NA
NA
NA
NA
NA
NA
NA
NA
NA
NA
NA
NA
NA
NA
NA
NA
NA
NA
NA
NA
NA
NA
NA
NA
NA
NA
NA
NA
NA
NA
NA
NA
NA
NA
NA
NA
NA
NA
NA
NA
NA
NA
NA
NA
NA
NA
NA
NA
NA
NA
NA
NA
NA
NA
NA
NA
NA
NA
NA
NA
NA
NA
NA
NA
NA
NA
NA
NA
NA
NA
NA
NA
NA
NA
NA
NA
NA
NA
NA
NA
NA
NA
NA
NA
NA
NA
NA
NA
NA
NA
NA
NA
NA
NA
NA
NA
NA
NA
NA
NA
NA
NA
NA
NA
NA
NA
NA
NA
NA
NA
NA
NA
NA
NA
NA
NA
NA
NA
NA
NA
NA
NA
NA
NA
NA
NA
NA
NA
NA
NA
NA
NA
NA
NA
NA
NA
NA
NA
NA
NA
NA
NA
NA
NA
NA
NA
NA
NA
NA
NA
NA
NA
NA
NA
NA
NA
NA
NA
NA
NA
NA
NA
NA
NA
NA
NA
NA
NA
NA
NA
NA
NA
NA
NA
NA
NA
NA
NA
NA
NA
NA
NA
NA
NA
NA
NA
NA
NA
NA
NA
NA
NA
NA
NA
NA
NA
NA
NA
NA
NA
NA
NA
NA
NA
NA
NA
NA
NA
NA
NA
NA
NA
NA
NA
NA
NA
NA
NA
NA
NA
NA
NA
NA
NA
NA
NA
NA
NA
NA
NA
NA
NA
NA
NA
NA
NA
NA
NA
NA
NA
NA
NA
NA
NA
NA
NA
NA
NA
NA
NA
NA
NA
NA
NA
NA
NA
NA
NA
NA
NA
NA
NA
NA
NA
NA
NA
NA
NA
NA
NA
NA
NA
NA
NA
NA
NA
NA
NA
NA
NA
NA
NA
NA
NA
NA
NA
NA
NA
NA
NA
NA
NA
NA
NA
NA
NA
NA
NA
NA
NA
NA
NA
NA
NA
NA
NA
NA
NA
NA
NA
NA
NA
NA
NA
NA
NA
NA
NA
NA
NA
NA
NA
NA
NA
NA
NA
NA
NA
NA
NA
NA
NA
NA
NA
NA
NA
NA
NA
NA
NA
NA
NA
NA
NA
NA
NA
NA
NA
NA
NA
NA
NA
NA
NA
NA
NA
NA
NA
NA
NA
NA
NA
NA
NA
NA
NA
NA
NA
NA
NA
NA
NA
NA
NA
NA
NA
NA
NA
NA
NA
NA
NA
NA
NA
NA
NA
NA
NA
NA
NA
NA
NA
NA
NA
NA
NA
NA
NA
NA
NA
NA
NA
NA
NA
NA
NA
NA
NA
NA
NA
NA
NA
NA
NA
NA
NA
NA
NA
NA
NA
NA
NA
NA
NA
NA
NA
NA
NA
NA
NA
NA
NA
NA
NA
NA
NA
NA
NA
NA
NA
NA
NA
NA
NA
NA
NA
NA
NA
NA
NA
NA
NA
NA
NA
NA
NA
NA
NA
NA
NA
NA
NA
NA
NA
NA
NA
NA
NA
NA
NA
NA
NA
NA
NA
NA
NA
NA
NA
NA
NA
NA
NA
NA
NA
NA
NA
NA
NA
NA
NA
NA
NA
NA
NA
NA
NA
NA
NA
NA
NA
NA
NA
NA
NA
NA
NA
NA
NA
NA
NA
NA
NA
NA
NA
NA
NA
NA
NA
NA
NA
NA
NA
NA
NA
NA
NA
NA
NA
NA
NA
NA
NA
NA
NA
NA
NA
NA
NA
NA
NA
NA
NA
NA
NA
NA
NA
NA
NA
NA
NA
NA
NA
NA
NA
NA
NA
NA
NA
NA
NA
NA
NA
NA
NA
NA
NA
NA
NA
NA
NA
NA
NA
NA
NA
NA
NA
NA
NA
NA
NA
NA
NA
NA
NA
NA
NA
NA
NA
NA
NA
NA
NA
NA
NA
NA
NA
NA
NA
NA
NA
NA
NA
NA
NA
NA
NA
NA
NA
NA
NA
NA
NA
NA
NA
NA
NA
NA
NA
NA
NA
NA
NA
NA
NA
NA
NA
NA
NA
NA
NA
NA
NA
NA
NA
NA
NA
NA
NA
NA
NA
NA
NA
NA
NA
NA
NA
NA
NA
NA
NA
NA
NA
NA
NA
NA
NA
NA
NA
NA
NA
NA
NA
NA
NA
NA
NA
NA
NA
NA
NA
NA
NA
NA
NA
NA
NA
NA
NA
NA
NA
NA
NA
NA
NA
NA
NA
NA
NA
NA
NA
NA
NA
NA
NA
NA
NA
NA
NA
NA
NA
NA
NA
NA
NA
NA
NA
NA
NA
NA
NA
NA
NA
NA
NA
NA
NA
NA
NA
NA
NA
NA
NA
NA
NA
NA
NA
NA
NA
NA
NA
NA
NA
NA
NA
NA
NA
NA
NA
NA
NA
NA
NA
NA
NA
NA
NA
NA
NA
NA
NA
NA
NA
NA
NA
NA
NA
NA
NA
NA
NA
NA
NA
NA
NA
NA
NA
NA
NA
NA
NA
NA
NA
NA
NA
NA
NA
NA
NA
NA
NA
NA
NA
NA
NA
NA
NA
NA
NA
NA
NA
NA
NA
NA
NA
NA
NA
NA
NA
NA
NA
NA
NA
NA
NA
NA
NA
NA
NA
NA
NA
NA
NA
NA
NA
NA
NA
NA
NA
NA
NA
NA
NA
NA
NA
NA
NA
NA
NA
NA
NA
NA
NA
NA
NA
NA
NA
NA
NA
NA
NA
NA
NA
NA
NA
NA
NA
NA
NA
NA
NA
NA
NA
NA
NA
NA
NA
NA
NA
NA
NA
NA
NA
NA
NA
NA
NA
NA
NA
NA
NA
NA
NA
NA
NA
NA
NA
NA
NA
NA
NA
NA
NA
NA
NA
NA
NA
NA
NA
NA
NA
NA
NA
NA
NA
NA
NA
NA
NA
NA
NA
NA
NA
NA
NA
NA
NA
NA
NA
NA
NA
NA
NA
NA
NA
NA
NA
NA
NA
NA
NA
NA
NA
NA
NA
NA
NA
NA
NA
NA
NA
NA
NA
NA
NA
NA
NA
NA
NA
NA
NA
NA
NA
NA
NA
NA
NA
NA
NA
NA
NA
NA
NA
NA
NA
NA
NA
NA
NA
NA
NA
NA
NA
NA
NA
NA
NA
NA
NA
NA
NA
NA
NA
NA
NA
NA
NA
NA
NA
NA
NA
NA
NA
NA
NA
NA
NA
NA
NA
NA
NA
NA
NA
NA
NA
NA
NA
NA
NA
NA
NA
NA
NA
NA
NA
NA
NA
NA
NA
NA
NA
NA
NA
NA
NA
NA
NA
NA
NA
NA
NA
NA
NA
NA
NA
NA
NA
NA
NA
NA
NA
NA
NA
NA
NA
NA
NA
NA
NA
NA
NA
NA
NA
NA
NA
NA
NA
NA
NA
NA
NA
NA
NA
NA
NA
NA
NA
NA
NA
NA
NA
NA
NA
NA
NA
NA
NA
NA
NA
NA
NA
NA
NA
NA
NA
NA
NA
NA
NA
NA
NA
NA
NA
NA
NA
NA
NA
NA
NA
NA
NA
NA
NA
NA
NA
NA
NA
NA
NA
NA
NA
NA
NA
NA
NA
NA
NA
NA
NA
NA
NA
NA
NA
NA
NA
NA
NA
NA
NA
NA
NA
NA
NA
NA
NA
NA
NA
NA
NA
NA
NA
NA
NA
NA
NA
NA
NA
NA
NA
NA
NA
NA
NA
NA
NA
NA
NA
NA
NA
NA
NA
NA
NA
NA
NA
NA
NA
NA
NA
NA
NA
NA
NA
NA
NA
NA
NA
NA
NA
NA
NA
NA
NA
NA
NA
NA
NA
NA
NA
NA
NA
NA
NA
NA
NA
NA
NA
NA
NA
NA
NA
NA
NA
NA
NA
NA
NA
NA
NA
NA
NA
NA
NA
NA
NA
NA
NA
NA
NA
NA
NA
NA
NA
NA
NA
NA
NA
NA
NA
NA
NA
NA
NA
NA
NA
NA
NA
NA
NA
NA
NA
NA
NA
NA
NA
NA
NA
NA
NA
NA
NA
NA
NA
NA
NA
NA
NA
NA
NA
NA
NA
NA
NA
NA
NA
NA
NA
NA
NA
NA
NA
NA
NA
NA
NA
NA
NA
NA
NA
NA
NA
NA
NA
NA
NA
NA
NA
NA
NA
NA
NA
NA
NA
NA
NA
NA
NA
NA
NA
NA
NA
NA
NA
NA
NA
NA
NA
NA
NA
NA
NA
NA
NA
NA
NA
NA
NA
NA
NA
NA
NA
NA
NA
NA
NA
NA
NA
NA
NA
NA
NA
NA
NA
NA
NA
NA
NA
NA
NA
NA
NA
NA
NA
NA
NA
NA
NA
NA
NA
NA
NA
NA
NA
NA
NA
NA
NA
NA
NA
NA
NA
NA
NA
NA
NA
NA
NA
NA
NA
NA
NA
NA
NA
NA
NA
NA
NA
NA
NA
NA
NA
NA
NA
NA
NA
NA
NA
NA
NA
NA
NA
NA
NA
NA
NA
NA
NA
NA
NA
NA
NA
NA
NA
NA
NA
NA
NA
NA
NA
NA
NA
NA
NA
NA
NA
NA
NA
NA
NA
NA
NA
NA
NA
NA
NA
NA
NA
NA
NA
NA
NA
NA
NA
NA
NA
NA
NA
NA
NA
NA
NA
NA
NA
NA
NA
NA
NA
NA
NA
NA
NA
NA
NA
NA
NA
NA
NA
NA
NA
NA
NA
NA
NA
NA
NA
NA
NA
NA
NA
NA
NA
NA
NA
NA
NA
NA
NA
NA
NA
NA
NA
NA
NA
NA
NA
NA
NA
NA
NA
NA
NA
NA
NA
NA
NA
NA
NA
NA
NA
NA
NA
NA
NA
NA
NA
NA
NA
NA
NA
NA
NA
NA
NA
NA
NA
NA
NA
NA
NA
NA
NA
NA
NA
NA
NA
NA
NA
NA
NA
NA
NA
NA
NA
NA
NA
NA
NA
NA
NA
NA
NA
NA
NA
NA
NA
NA
NA
NA
NA
NA
NA
NA
NA
NA
NA
NA
NA
NA
NA
NA
NA
NA
NA
NA
NA
NA
NA
NA
NA
NA
NA
NA
NA
NA
NA
NA
NA
NA
NA
NA
NA
NA
NA
NA
NA
NA
NA
NA
NA
NA
NA
NA
NA
NA
NA
NA
NA
NA
NA
NA
NA
NA
NA
NA
NA
NA
NA
NA
NA
NA
NA
NA
NA
NA
NA
NA
NA
NA
NA
NA
NA
NA
NA
NA
NA
NA
NA
NA
NA
NA
NA
NA
NA
NA
NA
NA
NA
NA
NA
NA
NA
NA
NA
NA
NA
NA
NA
NA
NA
NA
NA
NA
NA
NA
NA
NA
NA
NA
NA
NA
NA
NA
NA
NA
NA
NA
NA
NA
NA
NA
NA
NA
NA
NA
NA
NA
NA
NA
NA
NA
NA
NA
NA
NA
NA
NA
NA
NA
NA
NA
NA
NA
NA
NA
NA
NA
NA
NA
NA
NA
NA
NA
NA
NA
NA
NA
NA
NA
NA
NA
NA
NA
NA
NA
NA
NA
NA
NA
NA
NA
NA
NA
NA
NA
NA
NA
NA
NA
NA
NA
NA
NA
NA
NA
NA
NA
NA
NA
NA
NA
NA
NA
NA
NA
NA
NA
NA
NA
NA
NA
NA
NA
NA
NA
NA
NA
NA
NA
NA
NA
NA
NA
NA
NA
NA
NA
NA
NA
NA
NA
NA
NA
NA
NA
NA
NA
NA
NA
NA
NA
NA
NA
NA
NA
NA
NA
NA
NA
NA
NA
NA
NA
NA
NA
NA
NA
NA
NA
NA
NA
NA
NA
NA
NA
NA
NA
NA
NA
NA
NA
NA
NA
NA
NA
NA
NA
NA
NA
NA
NA
NA
NA
NA
NA
NA
NA
NA
NA
NA
NA
NA
NA
NA
NA
NA
NA
NA
NA
NA
NA
NA
NA
NA
NA
NA
NA
NA
NA
NA
NA
NA
NA
NA
NA
NA
NA
NA
NA
NA
NA
NA
NA
NA
NA
NA
NA
NA
NA
NA
NA
NA
NA
NA
NA
NA
NA
NA
NA
NA
NA
NA
NA
NA
NA
NA
NA
NA
NA
NA
NA
NA
NA
NA
NA
NA
NA
NA
NA
NA
NA
NA
NA
NA
NA
NA
NA
NA
NA
NA
NA
NA
NA
NA
NA
NA
NA
NA
NA
NA
NA
NA
NA
NA
NA
NA
NA
NA
NA
NA
NA
NA
NA
NA
NA
NA
NA
NA
NA
NA
NA
NA
NA
NA
NA
NA
NA
NA
NA
NA
NA
NA
NA
NA
NA
NA
NA
NA
NA
NA
NA
NA
NA
NA
NA
NA
NA
NA
NA
NA
NA
NA
NA
NA
NA
NA
NA
NA
NA
NA
NA
NA
NA
NA
NA
NA
NA
NA
NA
NA
NA
NA
NA
NA
NA
NA
NA
NA
NA
NA
NA
NA
NA
NA
NA
NA
NA
NA
NA
NA
NA
NA
NA
NA
NA
NA
NA
NA
NA
NA
NA
NA
NA
NA
NA
NA
NA
NA
NA
NA
NA
NA
NA
NA
NA
NA
NA
NA
NA
NA
NA
NA
NA
NA
NA
NA
NA
NA
NA
NA
NA
NA
NA
NA
NA
NA
NA
NA
NA
NA
NA
NA
NA
NA
NA
NA
NA
NA
NA
NA
NA
NA
NA
NA
NA
NA
NA
NA
NA
NA
NA
NA
NA
NA
NA
NA
NA
NA
NA
NA
NA
NA
NA
NA
NA
NA
NA
NA
NA
NA
NA
NA
NA
NA
NA
NA
NA
NA
NA
NA
NA
NA
NA
NA
NA
NA
NA
NA
NA
NA
NA
NA
NA
NA
NA
NA
NA
NA
NA
NA
NA
NA
NA
NA
NA
NA
NA
NA
NA
NA
NA
NA
NA
NA
NA
NA
NA
NA
NA
NA
NA
NA
NA
NA
NA
NA
NA
NA
NA
NA
NA
NA
NA
NA
NA
NA
NA
NA
NA
NA
NA
NA
NA
NA
NA
NA
NA
NA
NA
NA
NA
NA
NA
NA
NA
NA
NA
NA
NA
NA
NA
NA
NA
NA
NA
NA
NA
NA
NA
NA
NA
NA
NA
NA
NA
NA
NA
NA
NA
NA
NA
NA
NA
NA
NA
NA
NA
NA
NA
NA
NA
NA
NA
NA
NA
NA
NA
NA
NA
NA
NA
NA
NA
NA
NA
NA
NA
NA
NA
NA
NA
NA
NA
NA
NA
NA
NA
NA
NA
NA
NA
NA
NA
NA
NA
NA
NA
NA
NA
NA
NA
NA
NA
NA
NA
NA
NA
NA
NA
NA
NA
NA
NA
NA
NA
NA
NA
NA
NA
NA
NA
NA
NA
NA
NA
NA
NA
NA
NA
NA
NA
NA
NA
NA
NA
NA
NA
NA
NA
NA
NA
NA
NA
NA
NA
NA
NA
NA
NA
NA
NA
NA
NA
NA
NA
NA
NA
NA
NA
NA
NA
NA
NA
NA
NA
NA
NA
NA
NA
NA
NA
NA
NA
NA
NA
NA
NA
NA
NA
NA
NA
NA
NA
NA
NA
NA
NA
NA
NA
NA
NA
NA
NA
NA
NA
NA
NA
NA
NA
NA
NA
NA
NA
NA
NA
NA
NA
NA
NA
NA
NA
NA
NA
NA
NA
NA
NA
NA
NA
NA
NA
NA
NA
NA
NA
NA
NA
NA
NA
NA
NA
NA
NA
NA
NA
NA
NA
NA
NA
NA
NA
NA
NA
NA
NA
NA
NA
NA
NA
NA
NA
NA
NA
NA
NA
NA
NA
NA
NA
NA
NA
NA
NA
NA
NA
NA
NA
NA
NA
NA
NA
NA
NA
NA
NA
NA
NA
NA
NA
NA
NA
NA
NA
NA
NA
NA
NA
NA
NA
NA
NA
NA
NA
NA
NA
NA
NA
NA
NA
NA
NA
NA
NA
NA
NA
NA
NA
NA
NA
NA
NA
NA
NA
NA
NA
NA
NA
NA
NA
NA
NA
NA
NA
NA
NA
NA
NA
NA
NA
NA
NA
NA
NA
NA
NA
NA
NA
NA
NA
NA
NA
NA
NA
NA
NA
NA
NA
NA
NA
NA
NA
NA
NA
NA
NA
NA
NA
NA
NA
NA
NA
NA
NA
NA
NA
NA
NA
NA
NA
NA
NA
NA
NA
NA
NA
NA
NA
NA
NA
NA
NA
NA
NA
NA
NA
NA
NA
NA
NA
NA
NA
NA
NA
NA
NA
NA
NA
NA
NA
NA
NA
NA
NA
NA
NA
NA
NA
NA
NA
NA
NA
NA
NA
NA
NA
NA
NA
NA
NA
NA
NA
NA
NA
NA
NA
NA
NA
NA
NA
NA
NA
NA
NA
NA
NA
NA
NA
NA
NA
NA
NA
NA
NA
NA
NA
NA
NA
NA
NA
NA
0.4541
0.3576
0.3081
0.4295
0.4268
0.3455
0.3855
0.2908
0.4252
0.3067
0.2
0.2638
0.5809
0.42
0.3174
0.4754
0.4605
0.4562
0.4762
0.5946
0.4226
0.3446
0.3396
0.5422
0.4615
0.3856
0.462
0.3688
0.5862
0.2785
0.3873
0.494
0.4757
0.2105
0.4304
0.3268
0.4247
0.4
0.4872
0.5145
0.2384
0.4178
0.4245
0.5147
0.4323
0.2366
0.3152
0.4755
0.2229
0.3765
0.3043
0.352
0.2995
0.432
0.3478
0.4878
0.4011
0.4679
0.427
0.2925
0.3886
0.6111
0.4825
0.4335
0.2583
0.4146
0.3837
0.3
0.3764
0.6449
0.4251
0.4343
0.2158
0.3441
0.4936
0.4242
0.3228
0.375
0.494
0.4465
0.2832
0.2698
0.3649
0.4309
0.4966
0.5033
0.4236
0.2606
0.3205
0.5954
0.5211
0.3474
0.5971
0.4839
0.3988
0.3576
0.3647
0.44
0.2559
0.5098
0.3409
0.4452
0.4545
0.4207
0.4901
0.463
0.4525
0.5234
0.4783
0.4059
0.3512
0.2549
0.4631
0.2898
0.3243
0.5188
0.3987
0.3791
0.4497
0.4863
0.322
0.7311
0.1529
0.4
0.5479
0.6023
0.6198
0.5533
0.3312
0.35
0.2849
0.5755
0.4751
0.3333
0.2795
0.3171
0.3135
0.3395
0.3017
0.4295
0.5031
0.3718
0.5379
0.3725
0.3472
0.5639
0.255
0.517
0.3787
0.5481
0.3582
0.7007
0.518
0.1839
0.2981
0.3571
0.4667
0.4937
0.3949
0.2971
0.3963
0.5786
0.3684
0.3841
0.4615
0.121
0.4733
0.3647
0.4248
0.4403
0.3938
0.3758
0.327
0.5
0.3487
0.2825
0.3151
0.5621
0.3333
0.3455
0.3617
0.3012
0.3252
0.4828
0.369
0.2727
0.3669
0.5441
0.4138
0.302
0.5986
0.3851
0.4103
0.4662
0.4478
0.3867
0.5076
0.4387
0.4182
0.3916
0.4142
0.4419
0.2882
0.2515
0.5772
0.4167
0.5954
0.4688
0.3043
0.7557
0.2308
0.4724
0.4935
0.434
0.3424
0.3523
0.6613
0.3252
0.2573
0.3198
0.4024
0.4691
0.2565
0.3484
0.3617
0.4037
0.5793
0.5215
0.4551
0.2209
0.2654
0.5429
0.3577
0.2875
0.3133
0.3632
0.4795
0.3082
0.6154
0.3648
0.3133
0.4192
0.4
0.4637
0.3516
0.2443
0.2865
0.375
0.4768
0.3462
0.4758
0.5509
0.306
0.38
0.283
0.5405
0.2364
0.4294
0.4111
0.3092
0.404
0.3292
0.3218
0.3827
0.4713
0.4379
0.299
0.3609
0.3626
0.3005
0.3483
0.3953
0.3929
0.4118
0.4759
0.299
0.3972
0.4244
0.2935
0.3649
0.2485
0.477
0.4747
0.4878
0.3057
0.3567
0.2807
0.3742
0.3526
0.6136
0.4121
0.4128
0.4241
0.4012
0.2727
0.4214
0.3418
0.7213
0.2422
0.3367
0.7328
0.3129
0.3576
0.443
0.322
0.4479
0.439
0.1934
0.4048
0.3393
0.6389
0.3812
0.3389
0.3767
0.2865
0.4103
0.2209
0.3133
0.5072
0.5548
0.4161
0.3987
0.3986
0.3039
0.285
0.6148
0.3567
0.3733
0.2143
0.4079
0.6693
0.4294
0.3312
0.4037
0.2842
0.4899
0.4133
0.4141
0.3743
0.3611
0.4762
0.7027
0.2615
0.2675
0.4405
0.351
0.4155
0.3483
0.3356
0.4699
0.3786
0.3595
0.461
0.1404
0.5101
0.3463
0.3
0.4701
0.633
0.5071
0.4545
0.3722
0.2469
0.3636
0.5486
0.4496
0.4013
0.3377
0.2273
0.3618
0.497
0.4335
0.2222
0.3146
0.4474
0.2156
0.3291
0.3169
0.3595
0.5414
0.2906
0.5064
0.3512
0.5096
0.2612
0.2929
0.6
0.4539
0.3381
0.3415
0.4286
0.6023
0.2558
0.3195
0.3509
0.4556
0.4667
0.3194
0.4774
0.3875
0.4551
0.4465
0.3077
0.3657
0.5489
0.6187
0.4143
0.6825
0.3491
0.4875
0.434
0.3106
0.4423
0.2335
0.375
0.4865
0.2253
0.3758
0.4416
0.3082
0.4231
0.4015
0.3949
0.4059
0.3435
0.3758
0.45
0.4235
0.3311
0.523
0.434
0.3636
0.3591
0.4726
0.453
0.5205
0.6187
0.4933
0.408
0.5233
0.4286
0.5306
0.3488
0.3694
0.462
0.4359
0.3473
0.4099
0.5273
0.4706
0.2207
0.2768
0.4247
0.5245
0.511
0.5766
0.3226
0.3636
0.2623
0.3353
0.3
0.391
0.3226
0.4286
0.4658
0.6406
0.4035
0.3822
0.3603
0.363
0.2944
0.3434
0.325
0.5449
0.6552
0.38
0.5233
0.5238
0.5235
0.4939
0.4859
0.3333
0.3856
0.3653
0.3484
0.4033
0.5769
0.324
0.5379
0.3901
0.661
0.5113
0.4198
0.2571
0.4789
0.6296
0.488
0.4808
0.4851
0.4771
0.3735
0.3333
0.3481
0.497
0.45
0.4444
0.3145
0.4936
0.4057
0.5528
0.569
0.3716
0.3372
0.3041
0.529
0.3333
0.5299
0.3295
0.3687
0.5742
0.4194
0.2582
0.2398
0.5217
0.7059
0.5915
0.4898
0.5245
0.3766
0.266
0.5732
0.345
0.3723
0.3711
0.3889
0.3462
0.3473
0.4269
0.2982
0.3613
0.4207
0.4785
0.2769
0.4846
0.5478
0.3091
0.2951
0.3374
0.3424
0.5139
0.3353
0.4
0.2249
0.4094
0.2857
0.4731
0.3955
0.341
0.5486
0.3352
0.5455
0.6184
0.3975
0.4967
0.3879
0.5951
0.3316
0.4118
0.3614
0.3595
0.2829
0.4111
0.212
0.3037
0.4125
0.5145
0.4527
0.3522
0.3514
0.3961
0.2985
0.2611
0.5181
0.369
0.4382
0.3085
0.4348
0.2723
0.3812
0.4806
0.4765
0.5517
0.3086
0.2692
0.4177
0.4897
0.3152
0.2722
0.4208
0.2897
0.4698
0.4182
0.3409
0.3174
0.4576
0.5929
0.3933
0.3756
0.4689
0.3636
0.4182
0.3392
0.6452
0.6207
0.4214
0.2146
0.5524
0.5613
0.5669
0.3177
0.4049
0.3949
0.4605
0.5556
0.3978
0.3765
0.5933
0.56
0.3419
0.5811
0.4929
0.1841
0.3975
0.2888
0.2654
0.5489
0.5957
0.4839
0.3533
0.3105
0.3865
0.372
0.3898
0.4494
0.3701
0.5852
0.419
0.2463
0.5617
0.3459
0.2317
0.4161
0.3721
0.4176
0.3503
0.2722
0.446
0.3488
0.4737
0.1981
0.3172
0.7164
0.3121
0.3631
0.3026
0.6389
0.2597
0.4302
0.382
0.5161
0.7067
0.4861
0.3873
0.3311
0.5034
0.4387
0.3082
0.432
0.3815
0.4034
0.4713
0.5342
0.3571
0.4933
0.3333
0.3176
0.5753
0.5192
0.4062
0.4296
0.2531
0.3804
0.2582
0.3188
0.5401
0.3394
0.5
0.2659
0.2697
0.2532
0.3101
0.3871
0.4268
0.4577
0.5033
0.3543
0.3446
0.4211
0.3245
0.359
0.5034
0.3636
0.2048
0.5141
0.2628
0.5461
0.5753
0.3494
0.2317
0.269
0.4963
0.2945
0.3268
0.4213
0.4607
0.366
0.5556
0.673
0.6547
0.2339
0.5088
0.2211
0.3354
0.2632
0.3976
0.6992
0.267
0.232
0.2826
0.345
0.3567
0.2971
0.3862
0.539
0.3512
0.4556
0.3149
0.4317
0.4835
0.4534
0.3106
0.6667
0.3043
0.3373
0.2209
0.3704
0.3316
0.4101
0.4233
0.4306
0.3955
0.2971
0.2866
0.6042
0.3864
0.4048
0.3041
0.3092
0.3464
0.2471
0.2754
0.2857
0.3081
0.4025
0.2028
0.2898
0.2927
0.5517
0.4899
0.3882
0.2402
0.2619
0.7698
0.4138
0.3113
0.3374
0.2216
0.4091
0.5089
0.3671
0.4046
0.5
0.3421
0.3836
0.3312
0.372
0.3979
0.4054
0.539
0.2254
0.4329
0.3846
0.3941
0.3819
0.4459
0.3966
0.2386
0.5918
0.3856
0.3171
0.4845
0.5425
0.3929
0.3222
0.3052
0.4591
0.55
0.4741
0.2131
0.3459
0.3729
0.4444
0.5077
0.4013
0.264
0.461
0.2704
0.3257
0.4217
0.2154
0.2089
0.5143
0.4575
0.2896
0.4774
0.4297
0.3706
0.5517
0.3506
0.696
0.3721
0.5455
0.2438
0.3354
0.2941
0.4138
0.4557
0.5357
0.4881
0.3208
0.3226
0.5472
0.3012
0.5743
0.5033
0.4106
0.3392
0.4103
0.3562
0.6349
0.2581
0.4085
0.3562
0.4156
0.5
0.3631
0.42
0.3018
0.3946
0.3951
0.3585
0.4192
0.5904
0.3711
0.2744
0.3816
0.2753
0.8309
0.2421
0.2721
0.3452
0.3803
0.3926
0.3405
0.5056
0.199
0.2995
0.3141
0.3804
0.4586
0.7258
0.4422
0.2963
0.4545
0.3295
0.2339
0.5036
0.4968
0.4751
0.4581
0.2857
0.3118
0.3211
0.4768
0.3064
0.3946
0.36
0.4145
0.4497
0.3131
0.5263
0.5517
0.6603
0.3427
0.4254
0.3415
0.54
0.3161
0.4588
0.3107
0.2637
0.3816
0.6043
0.6136
0.2392
0.56
0.3728
0.377
0.3542
0.6199
0.3459
0.5
0.366
0.4906
0.2688
0.4043
0.2629
0.3977
0.3355
0.3067
0.4783
0.4226
0.298
0.4966
0.494
0.4795
0.342
0.4013
0.4304
0.3696
0.4539
0.3512
0.5303
0.5202
0.4065
0.3027
0.4557
0.4653
0.2709
0.4114
0.4091
0.323
0.3034
0.2917
0.2927
0.3212
0.4375
0.5397
0.3533
0.461
0.3286
0.3176
0.4534
0.3978
0.2067
0.5649
0.5062
0.3006
0.3734
0.4186
0.4211
0.5159
0.2819
0.5882
0.4944
0.4062
0.3295
0.3829
0.2994
0.3115
0.2949
0.4522
0.411
0.2817
0.4626
0.2362
0.5276
0.3355
0.5455
0.5
0.0267
0.0854
0.0854
0.0852
0.3049
0.2706
0.3012
0.0683
0.3465
0.2761
0.1946
0.1092
0.0503
0.32
0.0899
0.0942
0.3442
0.4438
0.3571
0.302
0.0674
0.1611
0.275
0.3916
0.2647
0.2745
0.3019
0.3333
0.2327
0.0819
0.1111
0.0638
0.4216
0.0382
0.3924
0.281
0.1656
0.0688
0.4395
0.0647
0.0811
0.3129
0.0696
0.4853
0.0809
0.2151
0.0833
0.0559
0.0575
0.3412
0.3106
0.1868
0.101
0.0733
0.0608
0.3434
0.0457
0.08
0.3596
0.2653
0.0918
0.0914
0.097
0.0567
0.298
0.1217
0.0957
0.0778
0.0847
0.518
0.1141
0.32
0.0637
0.0865
0.3205
0.1154
0.3228
0.0707
0.0806
0.0838
0.2081
0.0887
0.2703
0.3243
0.3946
0.3856
0.0398
0.2128
0.2658
0.2569
0.3172
0.2947
0.4317
0.1337
0.0393
0.2727
0.3706
0.0808
0.0714
0.4118
0.3182
0.2635
0.2651
0.3724
0.3907
0.116
0.1089
0.0612
0.1087
0.0541
0.284
0.0479
0.0774
0.1444
0.0633
0.1099
0.2658
0.3758
0.0727
0.4247
0.2147
0.1049
0.1941
0.1181
0.1098
0.4012
0.06
0.4133
0.2662
0.2099
0.0707
0.0736
0.3065
0.2569
0.1012
0.1687
0.2324
0.069
0.1713
0.0452
0.362
0.3846
0.4345
0.1987
0.3623
0.4361
0.0892
0.3129
0.0471
0.4148
0.0396
0.5547
0.4143
0.1236
0.0686
0.3393
0.0535
0.0591
0.1
0.0842
0.2805
0.4643
0.3158
0.1013
0.0919
0.1274
0.0765
0.095
0.052
0.3459
0.0703
0.0749
0.3019
0.413
0.3684
0.1
0.0976
0.3506
0.1322
0.2917
0.2698
0.3193
0.3497
0.0741
0.3234
0.1091
0.0423
0.0613
0.331
0.1579
0.2
0.2384
0.2516
0.1049
0.0959
0.2514
0.4318
0.0743
0.0628
0.3614
0.2931
0.1559
0.2529
0.0618
0.4878
0.3036
0.0692
0.3688
0.0396
0.0581
0.1758
0.3963
0.0452
0.0787
0.0693
0.309
0.5484
0.0966
0.2105
0.2791
0.0933
0.116
0.0683
0.0714
0.1141
0.2561
0.4695
0.0567
0.085
0.0936
0.2222
0.2898
0.0336
0.0602
0.0679
0.0383
0.0503
0.2138
0.4423
0.0517
0.0615
0.1667
0.0736
0.3408
0.2418
0.1761
0.1552
0.0819
0.1152
0.2611
0.0728
0.0788
0.2186
0.3506
0.1006
0.4026
0.0632
0.0789
0.0567
0.061
0.076
0.2919
0.3103
0.2469
0.3631
0.3268
0.0354
0.0538
0.3099
0.2951
0.0794
0.2768
0.0807
0.1062
0.0556
0.0952
0.3759
0.3584
0.0816
0.0529
0.1834
0.07
0.0983
0.0753
0.0857
0.1047
0.0781
0.2581
0.2756
0.3788
0.2711
0.1005
0.0914
0.0324
0.1086
0.2893
0.1264
0.0993
0.2547
0.0563
0.687
0.2215
0.2108
0.3221
0.0455
0.0656
0.3659
0.139
0.1053
0.2262
0.5139
0.3188
0.2722
0.0654
0.2191
0.2885
0.0936
0.1647
0.122
0.4581
0.3243
0.4551
0.3681
0.0674
0.068
0.0897
0.0865
0.0299
0.0632
0.0353
0.0987
0.2241
0.0588
0.0598
0.1784
0.1071
0.0606
0.3828
0.0746
0.3264
0.0785
0.0795
0.104
0.2038
0.0899
0.0349
0.4225
0.3034
0.2123
0.3795
0.1622
0.0732
0.1902
0.0444
0.25
0.0548
0.0761
0.3846
0.0977
0.45
0.1024
0.0415
0.1975
0.0764
0.049
0.3333
0.0848
0.1859
0.0859
0.0964
0.099
0.051
0.2407
0.2753
0.0809
0.0722
0.2595
0.2535
0.0706
0.0625
0.2315
0.12
0.1667
0.0629
0.0922
0.2571
0.5078
0.0774
0.295
0.2
0.0921
0.0792
0.0924
0.2059
0.0316
0.3609
0.1459
0.0719
0.2716
0.0702
0.1503
0.3145
0.0653
0.1293
0.4135
0.4964
0.0733
0.6032
0.2959
0.4688
0.0805
0.3416
0.3654
0.0766
0.221
0.0814
0.0518
0.3057
0.0756
0.0751
0.3782
0.3485
0.1779
0.3529
0.0952
0.1667
0.3167
0.3235
0.1312
0.0693
0.2956
0.3182
0.2983
0.2632
0.1019
0.3409
0.5468
0.3667
0.1443
0.0941
0.0732
0.3605
0.2907
0.3121
0.3734
0.0686
0.2959
0.3148
0.0524
0.2536
0.1878
0.0677
0.093
0.0875
0.4121
0.4203
0.0896
0.0524
0.2131
0.3
0.18
0.0994
0.0964
0.3401
0.2981
0.5469
0.0815
0.0966
0.2426
0.2653
0.2412
0.3434
0.2312
0.3718
0.5448
0.0833
0.0804
0.449
0.4564
0.3537
0.2655
0.0437
0.0289
0.0879
0.0828
0.0545
0.4231
0.2067
0.0915
0.0576
0.4153
0.106
0.125
0.1371
0.4366
0.0854
0.378
0.2209
0.4135
0.4118
0.2048
0.0497
0.1088
0.3605
0.1466
0.0562
0.3248
0.0914
0.1198
0.441
0.0741
0.0644
0.2712
0.0684
0.2837
0.0292
0.3806
0.2775
0.2162
0.1065
0.2803
0.0974
0.0585
0.1026
0.0488
0.0727
0.0747
0.3758
0.3057
0.1814
0.414
0.0741
0.2117
0.0966
0.061
0.2912
0.1867
0.3314
0.0973
0.0854
0.3586
0.3871
0.198
0.4615
0.04
0.0726
0.065
0.2393
0.057
0.3889
0.0865
0.0597
0.087
0.0788
0.2114
0.3413
0.1
0.0412
0.4236
0.0707
0.4755
0.093
0.3043
0.0819
0.0773
0.3598
0.2421
0.3897
0.3072
0.2244
0.1942
0.2957
0.1269
0.2408
0.4
0.1056
0.2533
0.3019
0.3243
0.069
0.2667
0.1847
0.4096
0.2798
0.3371
0.2713
0.0278
0.2094
0.0493
0.1277
0.0698
0.3724
0.2514
0.2459
0.3734
0.3586
0.2048
0.1833
0.2193
0.083
0.0539
0.4121
0.0798
0.0743
0.0697
0.4357
0.32
0.0682
0.5314
0.0549
0.2976
0.2515
0.4516
0.483
0.1437
0.1125
0.0949
0.093
0.4586
0.2188
0.2638
0.0575
0.0819
0.0281
0.3011
0.095
0.104
0.069
0.2516
0.4295
0.3714
0.0521
0.2795
0.0704
0.0682
0.5725
0.037
0.4129
0.0524
0.2105
0.0437
0.2651
0.3107
0.0629
0.3247
0.2925
0.3631
0.0708
0.1086
0.3118
0.1273
0.2733
0.3198
0.3059
0.242
0.2959
0.3309
0.343
0.2941
0.0651
0.0449
0.5037
0.0606
0.2611
0.2434
0.0932
0.2338
0.1117
0.0628
0.4
0.0978
0.3288
0.0513
0.0675
0.0828
0.2642
0.2956
0.3787
0.3179
0.2865
0.3758
0.463
0.0984
0.052
0.2147
0.1016
0.0409
0.0909
0.2716
0.1159
0.2284
0.0714
0.2162
0.1736
0.4161
0.2727
0.0497
0.1207
0.0513
0.0655
0.2893
0.064
0.0651
0.0613
0.0659
0.2216
0.0854
0.0952
0.183
0.2115
0.0702
0.0305
0.1604
0.4407
0.2628
0.0743
0.1065
0.0798
0.1758
0.1462
0.3926
0.1543
0.2468
0.2528
0.0693
0.08
0.4241
0.0957
0.0915
0.0939
0.3953
0.0452
0.2468
0.1724
0.0415
0.5263
0.0693
0.0594
0.129
0.1243
0.0888
0.0474
0.1069
0.4539
0.2722
0.3941
0.2473
0.2787
0.2969
0.25
0.2857
0.5308
0.1302
0.1905
0.0879
0.3333
0.2755
0.4532
0.2577
0.4507
0.0743
0.0515
0.1118
0.0479
0.086
0.2857
0.0613
0.3553
0.2682
0.2
0.0667
0.2208
0.186
0.1887
0.0455
0.3143
0.2683
0.1188
0.0838
0.2739
0.0952
0.0718
0.6111
0.322
0.0732
0.2699
0.2577
0.0788
0.3432
0.0791
0.4046
0.0941
0.0714
0.0779
0.1914
0.1023
0.0714
0.3446
0.1847
0.0909
0.3232
0.3355
0.2706
0.1377
0.1257
0.0355
0.1534
0.1394
0.1212
0.2744
0.0667
0.073
0.0649
0.2278
0.128
0.0733
0.1274
0.0537
0.0745
0.0514
0.2768
0.0994
0.4385
0.0714
0.0681
0.0663
0.0478
0.0924
0.2632
0.0431
0.0549
0.1205
0.3529
0.0769
0.0944
0.2977
0.2428
0.0531
0.2756
0.6855
0.0838
0.5
0.0524
0.2216
0.09
0.1006
0.3987
0.1677
0.0856
0.2174
0.2513
0.3519
0.2349
0.0782
0.3245
0.0888
0.2105
0.0303
0.0674
0.5794
0.0597
0.043
0.2808
0.3484
0.1094
0.2611
0.0838
0.2249
0.0375
0.1017
0.067
0.0532
0.1481
0.2327
0.2256
0.0659
0.0417
0.6397
0.0603
0.2245
0.2023
0.0943
0.3067
0.2432
0.1053
0.246
0.1133
0.2628
0.3067
0.3822
0.0779
0.0727
0.3086
0.4221
0.0476
0.2059
0.1429
0.087
0.0758
0.08
0.0654
0.06
0.0539
0.0838
0.3468
0.0625
0.0628
0.0671
0.2436
0.1346
0.0726
0.483
0.0904
0.1745
0.0556
0.0847
0.0739
0.1333
0.3765
0.0524
0.2363
0.281
0.3741
0.0848
0.177
0.064
0.1129
0.2459
0.3073
0.4854
0.1272
0.1548
0.0602
0.3208
0.0452
0.1572
0.0645
0.127
0.2548
0.24
0.358
0.0842
0.1043
0.4138
0.0588
0.3919
0.0566
0.095
0.0914
0.337
0.2238
0.1017
0.0903
0.0505
0.3577
0.2162
0.2619
0.0741
0.2217
0.0697
0.2655
0.2547
0.0674
0.2249
0.0694
0.0857
0.3472
0.4603
0.2754
0.3191
0.0993
0.05
0.1124
0.1667
0.1
0.5115
0.4037
0.0549
0.1092
0.0867
0.0667
0.373
0.1675
0.4052
0.125
0.0591
0.2102
0.233
0.242
0.2186
0.0727
0.0618
0.0862
0.1831
0.0688
0.1759
0.0884
0.1384
0.4205
0.4337
0.0889
0.0422
0.0553
0.0625
0.0659
0.0874
0.0843
0.0488
0.3386
0.0847
0.0573
0.069
0.0755
0.0778
0.0955
0.1014
0.0667
0.3625
0.0471
0.122
0.0518
0.0823
0.0347
0.1066
0.0585
0.0783
0.0506
0.2837
0.2075
0.0643
0.3873
0.1064
0.0625
0.0955
0.2364
0.1024
0.1911
0.1
0.0598
0.0597
0.0484
0.1006
0.1076
0.0659
0.0751
0.065
0.0889
0.0683
0.0747
0.3706
0.0559
0.2198
0.0404
0.0681
0.0718
0.3855
0.0305
0.0514
0.0788
0.0823
0.1063
0.1086
0.0909
0.0773
0.1043
0.0741
0.0851
0.1056
0.0899
0.1012
0.0489
0.0718
0.1029
0.0817
0.0571
0.0604
0.0977
0.2057
0.0591
0.0391
0.0471
0.2053
0.1013
0.0686
0.0714
0.0751
0.0398
0.05
0.0643
0.1026
0.2467
0.0288
0.0312
0.1105
0.1011
0.0924
0.237
0.0606
0.0536
0.0556
0.0674
0.0938
0.1618
0.1779
0.0578
0.0773
0.0594
0.068
0.0707
0.0649
0.0598
0.0778
0.0976
0.0266
0.1329
0.0628
0.0877
0.2468
0.0485
0.0904
0.0366
0.0909
0.0791
0.0972
0.5068
0.0556
0.5702
0.0867
0.0909
0.0233
0.0489
0.0675
0.087
0.0974
0.0595
0.0805
0.0681
0.0747
0.0695
0.0847
0.319
0.0809
0.0651
0.0909
0.1111
0.0596
0.0573
0.0536
0.0419
0.4338
0.0396
0.0465
0.0938
0.073
0.0629
0.2976
0.0588
0.0645
0.0294
0.0895
0.259
0.0788
0.3092
0.0633
0.0757
0.121
0.0647
0.0838
0.0983
0.0894
0.1081
0.0749
0.2919
0.0279
0.3289
0.0632
0.1037
0.046
0.0568
0.0815
0.2646
0.2035
0.1453
0.0988
0.0219
0.0909
0.0265
0.0552
0.0823
0.1484
0.0867
0.0745
0.069
0.0915
0.1164
0.1244
0.3864
0.0629
0.0628
0.0688
0.0688
0.0667
0.0718
0.0674
0.0685
0.0595
0.1006
0.4
0.0495
0.071
0.0518
0.3598
0.0791
0.0787
0.0743
0.0619
0.0915
0.0682
0.1404
0.2241
0.057
0.0608
0.0634
0.0536
0.0872
0.067
0.4207
0.0309
0.07
0.0702
0.0629
0.0493
0.0738
0.0788
0.0494
0.0622
0.0629
0.0706
0.2105
0.0517
0.0838
0.1611
0.1166
0.0647
0.0558
0.0556
0.0765
0.0936
0.1152
0.0585
0.0464
0.0296
0.0302
0.0782
0.1925
0.0449
0.0747
0.0526
0.0361
0.0549
0.0702
0.093
0.0729
0.12
0.3439
0.3464
0.0995
0.0699
0.0591
0.0439
0.0688
0.1271
0.0745
0.1125
0.037
0.0714
0.3472
0.0622
0.0714
0.0529
0.0503
0.05
0.0809
0.0538
0.0619
0.0814
0.0781
0.0909
0.0651
0.0909
0.0552
0.1005
0.0743
0.0486
0.0971
0.0756
0.0862
0.0709
0.0952
0.0516
0.0536
0.0688
0.1566
0.2038
0.0606
0.0383
0.0741
0.0521
0.0677
0.3036
0.1053
0.3168
0.0567
0.1176
0.089
0.1059
0.0526
0.067
0.1037
0.0695
0.0788
0.0663
0.1242
0.0725
0.0583
0.0833
0.0856
0.0898
0.0737
0.0824
0.1184
0.2069
0.0471
0.0489
0.0615
0.0814
0.0788
0.4219
0.0846
0.0692
0.0576
0.0909
0.0341
0.0727
0.0741
0.0814
0.0988
0.0677
0.2397
0.0811
0.0903
0.0793
0.1472
0.0556
0.0828
0.0548
0.0598
0.0682
0.1128
0.0536
0.0904
0.0622
0.0888
0.0701
0.2356
0.1329
0.0545
0.1456
0.0859
0.0422
0.0938
0.051
0.0769
0.0821
0.0983
0.0722
0.0814
0.2113
0.1059
0.0781
0.107
0.0686
0.0778
0.0629
0.0993
0.0878
0.4609
0.0645
0.1438
0.0847
0.0855
0.0446
0.0761
0.0455
0.0368
0.0262
0.0365
0.0724
0.0698
0.1636
0.0739
0.0578
0.0503
0.2286
0.406
0.1377
0.1
0.0795
0.118
0.0484
0.0805
0.3
0.108
0.0526
0.0677
0.0756
0.0881
0.0898
0.1105
0.0694
0.092
0.0486
0.0581
0.0663
0.0816
0.1728
0.0583
0.0435
0.0688
0.0396
0.0636
0.1789
0.0547
0.0783
0.0728
0.2099
0.1173
0.0613
0.0495
0.0545
0.0732
0.3673
0.0426
0.0756
0.3987
0.0743
0.0749
0.0598
0.0576
0.0966
0.0452
0.2011
0.0349
0.075
0.2811
0.1589
0.0672
0.0576
0.0469
0.0874
0.064
0.0994
0.0482
0.3401
0.0977
0.0823
0.0652
0.0568
0.0483
0.0549
0.0657
0.0656
0.0702
0.3654
0.0651
0.0655
0.0402
0.0568
0.0791
0.0938
0.0508
0.1257
0.0405
0.0604
0.1488
0.0743
0.1356
0.1568
0.085
0.089
0.0435
0.0464
0.0625
0.0663
0.1524
0.0488
0.0676
0.1829
0.0662
0.0734
0.0652
0.087
0.0725
0.0728
0.1106
0.0506
0.0686
0.0857
0.0417
0.0681
0.1037
0.0545
0.0521
0.0684
0.0779
0.0526
0.1104
0.1257
0.1838
0.0828
0.2468
0.0564
0.1582
0.0615
0.0854
0.0848
0.0575
0.3636
0.076
0.0405
0.0489
0.0688
0.2336
0.3019
0.0732
0.0459
0.0843
0.0421
0.0865
0.25
0.0719
0.0616
0.0585
0.0649
0.0514
0.0838
0.065
0.0629
0.0622
0.0617
0.0216
0.0498
0.1033
0.0595
0.0761
0.0753
0.055
0.0825
0.0807
0.0606
0.0964
0.0862
0.0568
0.0468
0.0552
0.3659
0.0488
0.1026
0.0778
0.0958
0.0505
0.078
0.0508
0.0625
0.0718
0.0932
0.0828
0.0581
0.0236
0.046
0.2444
0.0828
0.0829
0.0703
0.0812
0.0825
0.0611
0.0503
0.0538
0.1064
0.0523
0.0864
0.0695
0.0722
0.3987
0.0613
0.0857
0.0761
0.0443
0.0655
0.1078
0.0722
0.0904
0.0343
0.0697
0.0424
0.0549
0.0636
0.085
0.0549
0.2917
0.0914
0.2576
0.0565
0.0497
0.0691
0.0696
0.0814
0.1284
0.0431
0.0585
0.1149
0.0819
0.0674
0.0664
0.0447
0.0983
0.0517
0.0465
0.0615
0.1235
0.0332
0.1156
0.0498
0.05
0.0581
0.0494
0.0674
0.0576
0.0647
0.0546
0.0621
0.0505
0.0857
0.0795
0.0812
0.095
0.0519
0.0857
0.0437
0.0479
0.0938
0.0656
0.0588
0.076
0.0632
0.0897
0.0919
0.0706
0.093
0.1892
0.0812
0.0909
0.2866
0.0798
0.0736
0.1069
0.0798
0.0419
0.3806
0.038
0.0542
0.0513
0.0613
0.3741
0.0756
0.093
0.0635
0.1042
0.0556
0.0508
0.082
0.1366
0.052
0.08
0.1732
0.0585
0.0909
0.2484
0.128
0.0843
0.0524
0.0777
0.1736
0.1195
0.107
0.0497
0.0608
0.0962
0.0595
0.2278
0.0581
0.0828
0.0982
0.0659
0.0432
0.0854
0.1131
0.075
0.1098
0.0585
0.0914
0.0409
0.0547
0.0479
0.0971
0.0769
0.0532
0.0457
0.0857
0.0705
0.0698
0.0964
0.0725
0.0545
0.0629
0.0838
0.0851
0.1037
0.0608
0.086
0.0251
0.2532
0.0955
0.0518
0.109
0.0693
0.1546
0.0714
0.0481
0.0769
0.1
0.0692
0.0926
0.0484
0.0361
0.0412
0.0936
0.0563
0.1173
0.2422
0.0516
0.0947
0.1067
0.044
0.0782
0.0651
0.0654
0.05
0.0932
0.0644
0.0773
0.0647
0.0719
0.086
0.0582
0.0472
0.1506
0.0567
0.1588
0.05
0.0915
0.0546
0.0581
0.0455
0.0628
0.082
0.1188
0.1257
0.0872
0.0684
0.0608
0.619
0.0556
0.0788
0.0514
0.0971
0.0848
0.1034
0.0678
0.0842
0.0941
0.0952
0.0519
0.0824
0.0682
0.0469
0.0881
0.1494
0.0749
0.0615
0.2949
0.0656
0.1018
0.0778
0.066
0.0765
0.076
0.1592
0.0405
0.05
0.0843
0.0865
0.0619
0.061
0.0628
0.121
0.0537
0.117
0.04
0.0564
0.076
0.0647
0.0893
0.089
0.0497
0.0861
0.1129
0.0638
0.0622
0.0732
0.55
0.097
0.0718
0.0444
0.0616
0.033
0.0766
0.1859
0.0833
0.0419
0.0854
0.0333
0.2866
0.08
0.0755
0.241
0.0655
0.0374
0.0398
0.0796
0.0447
0.0562
0.067
0.0898
0.1065
0.0489
0.0545
0.0787
0.1169
0.1675
0.0645
0.118
0.0529
0.0469
0.2737
0.0958
0.0652
0.125
0.0565
0.2579
0.0426
0.0663
0.0751
0.0838
0.0599
0.0781
0.0769
0.0503
0.0629
0.0749
0.1132
0.0444
0.0439
0.0861
0.0452
0.0739
0.2885
0.0343
0.0722
0.0844
0.1152
0.0387
0.0722
0.0635
0.0484
0.0497
0.0707
0.0556
0.2645
0.0654
0.09
0.0441
0.0419
0.0582
0.0625
0.0576
0.0915
0.0936
0.1058
0.067
0.08
0.0532
0.0955
0.0903
0.113
0.0511
0.1138
0.1173
0.0681
0.0573
0.0599
0.4388
0.0424
0.0538
0.1221
0.086
0.0739
0.0521
0.4561
0.0747
0.1161
0.0964
0.3459
0.0603
0.1069
0.0591
0.067
0.0643
0.0621
0.0806
0.0579
0.0982
0.0819
0.0481
0.0542
0.0189
0.0559
0.1086
0.3261
0.0649
0.1299
0.0903
0.0505
0.0647
0.0804
0.0497
0.0556
0.0884
0.0498
0.2373
0.08
0.0674
0.0674
0.0578
0.08
0.0683
0.4127
0.0678
0.051
0.106
0.0833
0.0506
0.0683
0.0489
0.1722
0.0909
0.0934
0.0562
0.0867
0.0615
0.0786
0.0606
0.0223
0.0938
0.1486
0.0745
0.0521
0.1098
0.0485
0.0727
0.073
0.0805
0.0502
0.0812
0.0927
0.068
0.1667
0.3977
0.0649
