x
0.3424
0.3398
0.3288
0.3593
0.3384
0.3477
0.3285
0.3424
0.3041
0.3785
0.35
0.3367
0.3424
0.3621
0.3575
0.3301
0.335
0.2888
0.346
0.3457
0.3583
0.3291
0.3321
0.3523
0.3547
0.3384
0.3404
0.3223
0.3553
0.3667
0.3459
0.3449
0.3456
0.3462
0.3529
0.3469
0.3354
0.3354
0.3566
0.3237
0.3838
0.3493
0.3344
0.3323
0.3225
0.3395
0.2905
0.3532
0.2717
0.3254
0.339
0.3253
0.3456
0.3758
0.3331
0.3344
0.3321
0.3486
0.3767
0.3708
0.3479
0.3386
0.3205
0.3366
0.3228
0.3487
0.3746
0.2949
0.3302
0.3356
0.344
0.3275
0.322
0.329
0.3544
0.3512
0.372
0.3564
0.3545
0.3278
0.3221
0.3375
0.3871
0.3481
0.333
0.3187
0.3432
0.3164
0.3199
0.345
0.3396
0.3721
0.3334
0.3286
0.326
0.3208
0.3418
0.3866
0.3213
0.3132
0.3275
0.3447
0.315
0.3464
0.3359
0.3251
0.3281
0.3457
0.3542
0.3455
0.3509
0.3713
0.3206
0.3547
0.3271
0.3397
0.3353
0.3293
0.3448
0.344
0.3471
0.3212
0.3405
0.355
0.3285
0.347
0.3403
0.3567
0.3477
0.3671
0.3551
0.3479
0.3308
0.3448
0.358
0.3376
0.3257
0.3513
0.3301
0.3475
0.337
0.334
0.3656
0.3227
0.3412
0.3199
0.319
0.3021
0.3423
0.3161
0.3072
0.3594
0.3456
0.34
0.3599
0.3389
0.3141
0.3154
0.3317
0.3562
0.3308
0.3682
0.3476
0.3666
0.3162
0.3606
0.3486
0.3397
0.3399
0.3316
0.3519
0.3752
0.3298
0.3569
0.3122
0.3452
0.3434
0.357
0.3225
0.3585
0.3745
0.3529
0.3287
0.3398
0.3514
0.343
0.3401
0.3361
0.3345
0.3361
0.3111
0.3288
0.3412
0.3388
0.3194
0.3472
0.321
0.3666
0.3567
0.3552
0.3518
0.2965
0.3754
0.3662
0.3496
0.3574
0.3472
0.3632
0.3637
0.3307
0.3543
0.3456
0.3421
0.3286
0.3774
0.3151
0.3492
0.3132
0.3229
0.3555
0.3137
0.345
0.3205
0.3458
0.3345
0.3341
0.3287
0.3528
0.3585
0.3395
0.3623
0.3139
0.3428
0.3504
0.3367
0.3565
0.3244
0.3334
0.3571
0.353
0.3174
0.3224
0.3035
0.3592
0.3635
0.3216
0.3301
0.3416
0.3276
0.3217
0.3541
0.3502
0.3188
0.3453
0.3359
0.3423
0.3374
0.3586
0.3598
0.3655
0.3201
0.3557
0.3276
0.3482
0.3356
0.3653
0.3108
0.3733
0.3454
0.3691
0.3524
0.3598
0.3338
0.3455
0.3612
0.3493
0.3404
0.3563
0.3156
0.354
0.3637
0.3642
0.3688
0.3291
0.2957
0.3386
0.3497
0.3319
0.3246
0.294
0.3561
0.329
0.3429
0.3369
0.3455
0.333
0.3524
0.2901
0.3328
0.3687
0.3442
0.3289
0.3452
0.3118
0.3354
0.3265
0.3229
0.3215
0.3195
0.3511
0.3614
0.3104
0.3451
0.3565
0.3637
0.3501
0.3375
0.3108
0.3131
0.3332
0.3551
0.3276
0.3371
0.3413
0.3417
0.3552
0.3341
0.3565
0.3564
0.3741
0.3515
0.3516
0.3453
0.3424
0.3549
0.3358
0.3243
0.366
0.3536
0.3058
0.3665
0.3595
0.3448
0.3603
0.3066
0.3435
0.3717
0.3281
0.3376
0.3173
0.3215
0.3386
0.3029
0.3029
0.351
0.3287
0.3822
0.3497
0.3439
0.3193
0.3339
0.3247
0.3535
0.3343
0.3279
0.3466
0.3569
0.3355
0.3383
0.3504
0.3269
0.3659
0.3232
0.3349
0.3444
0.3403
0.3188
0.3387
0.3276
0.3446
0.3462
0.2937
0.3426
0.3268
0.324
0.3553
0.3338
0.345
0.3124
0.3863
0.3435
0.3674
0.3559
0.3369
0.3621
0.3266
0.3409
0.3341
0.3369
0.3002
0.3584
0.3318
0.3518
0.3514
0.3025
0.3621
0.3213
0.3291
0.3306
0.3399
0.357
0.3336
0.3492
0.3262
0.3254
0.3409
0.3444
0.3486
0.3497
0.3133
0.3421
0.3243
0.3594
0.3731
0.3423
0.3485
0.3316
0.3588
0.3745
0.3062
0.3161
0.3325
0.352
0.3218
0.3576
0.3286
0.3439
0.3457
0.357
0.3094
0.3251
0.3212
0.3721
0.3274
0.3062
0.3183
0.3475
0.3615
0.3121
0.3664
0.3592
0.3214
0.3598
0.3406
0.3825
0.3477
0.328
0.3435
0.3267
0.3513
0.3319
0.3435
0.2932
0.3534
0.3462
0.3298
0.3641
0.3506
0.3557
0.3534
0.3264
0.3591
0.3233
0.3172
0.3236
0.3458
0.3659
0.3101
0.3369
0.3645
0.3173
0.3424
0.3377
0.3386
0.336
0.2939
0.3602
0.3075
0.3462
0.3411
0.3708
0.3624
0.3419
0.3396
0.341
0.3415
0.3298
0.3351
0.3227
0.3432
0.344
0.3309
0.3614
0.3335
0.3388
0.3476
0.3137
0.318
0.3652
0.33
0.3315
0.3439
0.3191
0.3235
0.3405
0.3671
0.3365
0.3237
0.3625
0.3593
0.3216
0.3528
0.3564
0.3333
0.3239
0.3427
0.3721
0.3303
0.3537
0.3013
0.3263
0.369
0.3081
0.3485
0.3674
0.3382
0.3671
0.3159
0.3395
0.3364
0.3352
0.3505
0.3395
0.3628
0.3172
0.376
0.3477
0.3062
0.3127
0.3439
0.3407
0.3363
0.3704
0.3431
0.3217
0.3437
0.3611
0.3356
0.3094
0.3342
0.3536
0.3213
0.3644
0.3237
0.3255
0.3224
0.3606
0.3395
0.301
0.3378
0.3705
0.3404
0.3547
0.3696
0.324
0.3249
0.3619
0.3401
0.3444
0.3234
0.3448
0.3678
0.3613
0.2981
0.3141
0.3339
0.3572
0.3399
0.3677
0.3522
0.3363
0.3346
0.3276
0.3708
0.3319
0.3255
0.3257
0.3278
0.3157
0.3431
0.3504
0.3647
0.3241
0.3586
0.3355
0.3447
0.3523
0.3255
0.3001
0.373
0.3803
0.3334
0.33
0.3411
0.3473
0.3507
0.3129
0.3272
0.3557
0.3757
0.3474
0.3536
0.3323
0.3352
0.3507
0.3301
0.3441
0.3157
0.332
0.3071
0.3466
0.3349
0.3297
0.3433
0.312
0.3697
0.2851
0.3443
0.3627
0.3173
0.2924
0.3172
0.3454
0.3445
0.335
0.3295
0.3363
0.3558
0.3255
0.3432
0.3641
0.3196
0.3339
0.35
0.3444
0.313
0.3469
0.3413
0.3481
0.3233
0.3457
0.3404
0.3438
0.3487
0.3205
0.3237
0.3122
0.3367
0.3289
0.333
0.3374
0.3049
0.3372
0.3597
0.3037
0.3461
0.3647
0.3094
0.3429
0.3764
0.3545
0.3166
0.3319
0.3484
0.3271
0.2869
0.3244
0.3486
0.3438
0.3339
0.3173
0.3478
0.3522
0.3265
0.3626
0.3333
0.3612
0.3836
0.3697
0.3571
0.3375
0.3621
0.3518
0.3555
0.3387
0.3
0.3213
0.3565
0.3827
0.354
0.363
0.3351
0.3485
0.3343
0.3659
0.3292
0.3533
0.3498
0.3415
0.313
0.3438
0.3228
0.35
0.335
0.339
0.333
0.3282
0.3431
0.3383
0.3734
0.3216
0.3554
0.3189
0.3547
0.3533
0.3329
0.3506
0.3287
0.3192
0.3486
0.3579
0.3603
0.318
0.3408
0.3104
0.3705
0.3408
0.3139
0.3082
0.3635
0.3327
0.3502
0.3476
0.3504
0.3498
0.3551
0.3247
0.3575
0.3409
0.3492
0.3413
0.3456
0.3472
0.3389
0.3083
0.3371
0.3447
0.3583
0.3153
0.3387
0.3661
0.3524
0.3654
0.3319
0.3791
0.3588
0.3482
0.3402
0.3202
0.3372
0.3149
0.3434
0.3367
0.3331
0.3349
0.3326
0.3436
0.3429
0.3264
0.3316
0.3303
0.3621
0.3509
0.3648
0.3276
0.3465
0.3298
0.3384
0.3492
0.3419
0.3622
0.3152
0.3049
0.3249
0.3409
0.3229
0.341
0.335
0.3234
0.3232
0.3674
0.325
0.3207
0.356
0.3294
0.323
0.3526
0.3396
0.3443
0.336
0.3828
0.3384
0.3508
0.3427
0.3503
0.3183
0.3292
0.3501
0.3623
0.3622
0.3475
0.3619
0.3446
0.3585
0.344
0.3044
0.3815
0.3362
0.3371
0.3277
0.355
0.3508
0.3488
0.351
0.3443
0.3409
0.352
0.3279
0.361
0.3346
0.3167
0.3279
0.3633
0.354
0.3335
0.3408
0.3582
0.3526
0.3215
0.3282
0.2949
0.324
0.3352
0.3522
0.3427
0.3459
0.3397
0.3093
0.3327
0.3516
0.3559
0.3482
0.3067
0.3045
0.3517
0.3375
0.3128
0.3605
0.3398
0.3353
0.3075
0.3699
0.3577
0.3272
0.3296
0.3793
0.3423
0.3436
0.3607
0.3185
0.3317
0.3365
0.3281
0.3314
0.3594
0.3385
0.3417
0.3315
0.3522
0.3114
0.3419
0.3148
0.3425
0.3513
0.338
0.3294
0.3536
0.3349
0.3461
0.3275
0.3523
0.3527
0.3406
0.3274
0.3445
0.3403
0.3572
0.2879
0.3589
0.3426
0.309
0.3421
0.3246
0.3455
0.3386
0.3666
0.3093
0.3482
0.3298
0.346
0.3344
0.3557
0.3483
0.3428
0.3494
0.3627
0.3584
0.3405
0.2961
0.2976
0.35
0.3398
0.318
0.3368
0.3341
0.3238
0.334
0.3326
0.3355
0.3256
0.365
0.3398
0.335
0.3351
0.3323
0.3347
0.3282
0.3426
0.3239
0.3483
0.3245
0.3624
0.3379
0.3299
0.3358
0.3503
0.3372
0.3196
0.3091
0.3495
0.3303
0.3498
0.3211
0.3213
0.3675
0.3628
0.3528
0.3534
0.3481
0.3287
0.3245
0.3429
0.3283
0.3378
0.3547
0.3479
0.3589
0.3514
0.3111
0.3234
0.329
0.3144
0.3339
0.3557
0.3443
0.3528
0.2954
0.3689
0.3104
0.3169
0.3394
0.3479
0.3216
0.3595
0.3463
0.3439
0.3238
0.3534
0.3442
0.3803
0.3522
0.3373
0.3447
0.3597
0.3655
0.3226
0.3287
0.309
0.3529
0.342
0.3514
0.3247
0.3491
0.3487
0.3602
0.3497
0.3446
0.3285
0.3705
0.361
0.3514
0.3409
0.3688
0.3497
0.359
0.3474
0.3287
0.3285
0.3518
0.3055
0.3797
0.3436
0.3415
0.3309
0.3237
0.3498
0.2901
0.3436
0.2687
0.3438
0.3361
0.3102
0.3445
0.3801
0.3327
0.3135
0.3378
0.345
0.3717
0.3699
0.3745
0.3411
0.3088
0.3274
0.3142
0.3484
0.3758
0.3387
0.3336
0.3459
0.3406
0.3321
0.3201
0.3295
0.3504
0.3521
0.3743
0.3587
0.3417
0.3203
0.3207
0.3371
0.3727
0.3494
0.3332
0.3181
0.3432
0.3047
0.3149
0.3327
0.3422
0.3738
0.3101
0.3226
0.326
0.3166
0.3374
0.3847
0.3281
0.3243
0.3808
0.3478
0.3271
0.3447
0.332
0.32
0.3249
0.3425
0.3463
0.3366
0.3464
0.3768
0.3394
0.3415
0.3287
0.3412
0.338
0.3292
0.3444
0.3276
0.3528
0.3295
0.3427
0.3527
0.3263
0.3454
0.3474
0.3566
0.3577
0.3515
0.361
0.3562
0.3361
0.3513
0.3594
0.3645
0.3232
0.3289
0.3513
0.3438
0.3238
0.3313
0.3639
0.3403
0.3446
0.3218
0.3158
0.2857
0.3487
0.3473
0.299
0.3583
0.3465
0.3366
0.3595
0.3345
0.3098
0.3171
0.3328
0.3516
0.326
0.3697
0.3488
0.3636
0.3306
0.363
0.358
0.3376
0.3469
0.3335
0.3401
0.376
0.3556
0.3279
0.3067
0.3436
0.3462
0.3679
0.3262
0.3596
0.3689
0.3516
0.3199
0.3404
0.3512
0.3371
0.3204
0.3206
0.3327
0.3403
0.3118
0.3325
0.3356
0.3348
0.3206
0.3697
0.3104
0.3638
0.3611
0.3606
0.3536
0.2854
0.3689
0.3673
0.3475
0.3512
0.3588
0.3723
0.3627
0.3292
0.3545
0.3441
0.3343
0.3255
0.3688
0.3105
0.3476
0.3181
0.3223
0.3592
0.3253
0.3414
0.3328
0.3345
0.3507
0.3322
0.3338
0.3467
0.3481
0.3354
0.3632
0.3181
0.3526
0.3531
0.3336
0.3315
0.3159
0.332
0.3563
0.3525
0.3061
0.3364
0.3008
0.3596
0.349
0.3076
0.3193
0.3443
0.3328
0.3194
0.3477
0.3469
0.3024
0.3467
0.3497
0.3841
0.3515
0.3675
0.3661
0.369
0.3128
0.363
0.3317
0.3446
0.338
0.368
0.3072
0.3568
0.3392
0.3662
0.3206
0.3637
0.3378
0.3375
0.3574
0.343
0.3431
0.3482
0.3138
0.3544
0.366
0.3644
0.3786
0.3468
0.3286
0.3387
0.3516
0.336
0.3218
0.2799
0.3482
0.3232
0.3327
0.3272
0.3471
0.3223
0.3235
0.2865
0.3248
0.3684
0.3368
0.3332
0.331
0.3248
0.3413
0.3241
0.326
0.2994
0.3147
0.3515
0.3592
0.3078
0.4
0.345
0.3574
0.3534
0.3333
0.3057
0.3511
0.3299
0.3611
0.3285
0.3538
0.341
0.3172
0.3483
0.347
0.3475
0.3564
0.3691
0.3522
0.3512
0.3525
0.3447
0.3573
0.3352
0.32
0.3634
0.3518
0.3032
0.3537
0.3592
0.3415
0.3485
0.2969
0.3445
0.3878
0.3453
0.3489
0.309
0.3627
0.3484
0.3071
0.3023
0.3569
0.3347
0.3835
0.3471
0.3388
0.3146
0.3295
0.2965
0.3529
0.3334
0.3228
0.3177
0.3564
0.334
0.3047
0.3469
0.3279
0.3625
0.3288
0.3401
0.3473
0.3395
0.3291
0.3264
0.3238
0.3585
0.3548
0.2923
0.3425
0.3591
0.342
0.3624
0.3242
0.342
0.3206
0.3486
0.3479
0.3595
0.3719
0.3507
0.3641
0.3296
0.3479
0.3453
0.3417
0.309
0.3533
0.3333
0.3516
0.3537
0.3031
0.3694
0.3169
0.3252
0.3303
0.3222
0.3582
0.3417
0.3562
0.3254
0.3183
0.3336
0.3474
0.3464
0.3386
0.3253
0.3472
0.3069
0.3463
0.3709
0.3413
0.3498
0.3349
0.3618
0.3747
0.3021
0.3345
0.3334
0.3329
0.3174
0.3588
0.3198
0.3381
0.34
0.3551
0.3307
0.3281
0.3173
0.3731
0.2977
0.3049
0.316
0.3456
0.3612
0.3073
0.3611
0.3592
0.3285
0.3704
0.3405
0.3861
0.3479
0.3292
0.3485
0.3361
0.3438
0.3278
0.3411
0.2898
0.3559
0.3439
0.3409
0.3613
0.363
0.3596
0.351
0.3167
0.3609
0.3205
0.3239
0.3162
0.3625
0.3704
0.3169
0.3567
0.3673
0.3195
0.341
0.3266
0.3365
0.3359
0.2903
0.3536
0.3
0.3433
0.329
0.3674
0.3642
0.3462
0.3449
0.341
0.3397
0.3336
0.3354
0.3173
0.34
0.3363
0.3344
0.3598
0.3328
0.3314
0.3518
0.3092
0.3094
0.3905
0.3351
0.3302
0.3382
0.3372
0.3215
0.3523
0.3325
0.3522
0.3551
0.3593
0.3558
0.3099
0.3586
0.3567
0.3552
0.3348
0.3456
0.3681
0.3289
0.359
0.3041
0.3283
0.3551
0.3104
0.3303
0.3642
0.3406
0.3685
0.3131
0.3285
0.325
0.3379
0.3538
0.3432
0.3555
0.3104
0.3691
0.3481
0.3055
0.316
0.342
0.3116
0.3266
0.3715
0.3283
0.313
0.3461
0.3604
0.3325
0.3038
0.3399
0.3587
0.3238
0.352
0.3391
0.3227
0.305
0.3593
0.3343
0.3073
0.3417
0.3696
0.3325
0.3533
0.3784
0.3076
0.3095
0.3576
0.3192
0.3463
0.3132
0.3361
0.3645
0.3651
0.2916
0.326
0.315
0.3592
0.3423
0.3709
0.3586
0.3444
0.3379
0.3162
0.3702
0.3401
0.3219
0.3127
0.3236
0.3195
0.3349
0.3579
0.3624
0.32
0.3655
0.3363
0.3387
0.3558
0.3146
0.299
0.3609
0.3879
0.329
0.3271
0.3496
0.3462
0.3426
0.3026
0.3265
0.3536
0.3747
0.3422
0.3496
0.3369
0.3346
0.348
0.3049
0.3384
0.3096
0.3317
0.3174
0.3576
0.3374
0.3308
0.3457
0.317
0.368
0.2955
0.3397
0.3659
0.312
0.2946
0.3179
0.324
0.3442
0.3266
0.3269
0.3302
0.3618
0.3196
0.3444
0.3565
0.3158
0.3362
0.3431
0.3317
0.3166
0.338
0.3349
0.3604
0.309
0.3547
0.3355
0.3349
0.3487
0.3146
0.3327
0.3332
0.3507
0.3334
0.335
0.3385
0.2878
0.3347
0.3475
0.2978
0.3465
0.3605
0.2967
0.3369
0.3743
0.3682
0.3153
0.3316
0.3473
0.3446
0.2887
0.3269
0.3474
0.3464
0.3241
0.309
0.3519
0.3506
0.3261
0.3617
0.3321
0.3713
0.3836
0.3559
0.3381
0.3353
0.3719
0.3536
0.3567
0.3393
0.296
0.3226
0.3548
0.3867
0.35
0.3668
0.3373
0.3556
0.3311
0.3641
0.3245
0.3524
0.3367
0.3408
0.3041
0.3595
0.3225
0.343
0.3328
0.3466
0.3376
0.317
0.3557
0.3338
0.3699
0.318
0.3505
0.3122
0.3522
0.3494
0.3365
0.3596
0.3226
0.3138
0.35
0.3524
0.3615
0.3269
0.345
0.321
0.354
0.3445
0.3138
0.31
0.3658
0.3335
0.3435
0.3489
0.3452
0.3502
0.3518
0.3322
0.3462
0.3516
0.3458
0.3333
0.3446
0.3381
0.3344
0.3216
0.3323
0.3366
0.3635
0.3019
0.3341
0.3717
0.3623
0.3329
0.4
0.362
0.3484
0.3599
0.3361
0.3272
0.3412
0.303
0.3479
0.3387
0.33
0.3357
0.3453
0.3409
0.3498
0.3221
0.3264
0.3366
0.369
0.3573
0.3662
0.3299
0.3419
0.3229
0.343
0.3588
0.3393
0.3603
0.3284
0.3035
0.3257
0.3362
0.3214
0.3371
0.3366
0.3234
0.3171
0.3659
0.3299
0.3182
0.3659
0.3272
0.3272
0.3539
0.3365
0.3466
0.3347
0.3815
0.3407
0.3534
0.3245
0.3499
0.3134
0.3453
0.3487
0.365
0.3624
0.3477
0.3618
0.3496
0.3474
0.3324
0.2987
0.3786
0.3313
0.3428
0.3264
0.3463
0.34
0.3498
0.3468
0.3466
0.365
0.3613
0.3494
0.3627
0.3315
0.3197
0.3432
0.3638
0.358
0.3335
0.3745
0.3509
0.3467
0.3224
0.3283
0.3016
0.3247
0.3398
0.3514
0.3575
0.3752
0.3368
0.3073
0.3349
0.3496
0.3721
0.3407
0.3268
0.3092
0.3514
0.3536
0.3054
0.3598
0.3391
0.3419
0.308
0.3743
0.3595
0.3335
0.32
0.3899
0.3403
0.3442
0.3619
0.3226
0.3191
0.3408
0.3379
0.3288
0.3601
0.3318
0.346
0.3218
0.3506
0.3087
0.3455
0.3275
0.3397
0.3493
0.3436
0.3253
0.3453
0.3181
0.3479
0.326
0.3555
0.3558
0.3619
0.334
0.3578
0.3398
0.347
0.277
0.3732
0.3391
0.3034
0.3361
0.3103
0.347
0.3222
0.3443
0.316
0.3596
0.3271
0.3452
0.3361
0.3484
0.3474
0.3302
0.3484
0.3477
0.3625
0.3441
0.3098
0.3042
0.3413
0.337
0.317
0.3381
0.3299
0.3318
0.3534
0.3477
0.3283
0.3253
0.3648
0.3418
0.3279
0.3363
0.3469
0.3453
0.3142
0.3398
0.341
0.3484
0.3249
0.3699
0.3357
0.3269
0.3332
0.3573
0.3183
0.3388
0.3038
0.3419
0.3244
0.3407
0.3081
0.3154
0.3808
0.3648
0.3545
0.3513
0.3481
0.3297
0.3228
0.3466
0.3361
0.3333
0.356
0.3467
0.3608
0.3533
0.3038
0.3317
0.3238
0.3127
0.3386
0.3569
0.3381
0.3525
0.3078
0.372
0.3109
0.3349
0.3988
0.3984
0.3982
0.3991
0.3969
0.396
0.3673
0.3993
0.3051
0.3949
0.3894
0.3815
0.3993
0.3542
0.3934
0.3443
0.3494
0.2864
0.3965
0.3918
0.3871
0.4
0.3987
0.3783
0.399
0.3576
0.3992
0.3977
0.3873
0.3774
0.3867
0.3949
0.3991
0.375
0.3838
0.3759
0.3304
0.3939
0.3717
0.3799
0.3959
0.3707
0.3923
0.3324
0.4
0.3958
0.2974
0.3738
0.37
0.3986
0.3524
0.3584
0.3758
0.3796
0.3989
0.3804
0.3827
0.3921
0.3968
0.3913
0.3835
0.4
0.3796
0.3709
0.3959
0.3975
0.381
0.3173
0.3719
0.3857
0.3852
0.3712
0.3697
0.3394
0.3687
0.3924
0.3709
0.3918
0.3758
0.3542
0.3946
0.3983
0.393
0.3758
0.3992
0.3637
0.3623
0.3111
0.3808
0.398
0.4
0.3972
0.3636
0.3464
0.398
0.4
0.3666
0.388
0.3276
0.381
0.398
0.3815
0.3651
0.3512
0.3733
0.3318
0.4
0.3454
0.3753
0.3593
0.4
0.3794
0.3674
0.3778
0.3841
0.4
0.3962
0.3553
0.3778
0.3309
0.3519
0.3271
0.3497
0.3661
0.3688
0.397
0.4
0.3922
0.3781
0.4
0.3631
0.3846
0.3332
0.4
0.3574
0.3861
0.3677
0.3674
0.3443
0.3679
0.3796
0.3843
0.3989
0.3187
0.3869
0.3352
0.3974
0.3343
0.3531
0.3883
0.3991
0.3753
0.3771
0.3393
0.3798
0.4
0.3972
0.3965
0.35
0.399
0.3978
0.383
0.3671
0.392
0.3139
0.4
0.3868
0.3855
0.3715
0.3482
0.3864
0.3992
0.366
0.3379
0.3115
0.4
0.4
0.3975
0.3761
0.399
0.3843
0.3586
0.4
0.3805
0.3991
0.3832
0.3659
0.4
0.3733
0.396
0.3342
0.3699
0.3984
0.3966
0.3659
0.4
0.3485
0.3897
0.4
0.4
0.3468
0.3342
0.3734
0.3742
0.367
0.3891
0.3525
0.3955
0.3958
0.3705
0.3607
0.3519
0.3982
0.3679
0.3955
0.3369
0.3964
0.3362
0.3381
0.3897
0.4
0.4
0.3736
0.4
0.3984
0.4
0.3429
0.3565
0.3609
0.3988
0.3744
0.3798
0.3478
0.3795
0.3395
0.3953
0.3792
0.3828
0.3688
0.355
0.3953
0.3988
0.3904
0.3972
0.396
0.3466
0.3813
0.3991
0.3711
0.3782
0.362
0.3938
0.3425
0.3968
0.3402
0.3971
0.4
0.3577
0.3885
0.3985
0.3989
0.4
0.3954
0.4
0.3391
0.3668
0.3205
0.3854
0.3847
0.4
0.3359
0.3898
0.4
0.3529
0.3653
0.3652
0.386
0.399
0.3982
0.4
0.3979
0.3932
0.3914
0.3435
0.3987
0.3847
0.3773
0.3601
0.3332
0.3748
0.3572
0.3878
0.3342
0.3969
0.396
0.3272
0.3414
0.3754
0.398
0.4
0.3961
0.3502
0.3382
0.3576
0.3493
0.3891
0.3677
0.36
0.328
0.3956
0.399
0.3939
0.3987
0.3621
0.399
0.4
0.3551
0.3766
0.3659
0.3835
0.3629
0.3675
0.3976
0.3638
0.3971
0.3762
0.3919
0.3532
0.3993
0.3822
0.3961
0.3801
0.39
0.3399
0.3825
0.3954
0.3255
0.3858
0.3393
0.3304
0.3984
0.3894
0.3457
0.391
0.3986
0.3655
0.3972
0.3966
0.3942
0.3062
0.3989
0.3728
0.3554
0.3989
0.3881
0.398
0.3845
0.3782
0.3881
0.3182
0.3979
0.353
0.3701
0.3843
0.3679
0.381
0.3902
0.3973
0.321
0.3474
0.3497
0.3992
0.3424
0.3759
0.393
0.3805
0.3648
0.3707
0.3976
0.349
0.395
0.2961
0.3535
0.3457
0.3676
0.3624
0.3468
0.3989
0.4
0.3991
0.399
0.3817
0.392
0.3874
0.374
0.367
0.3665
0.394
0.3715
0.3421
0.3533
0.3975
0.4
0.389
0.4
0.3966
0.3221
0.3341
0.3871
0.3992
0.3595
0.4
0.3977
0.3659
0.399
0.3306
0.3853
0.3464
0.3982
0.3459
0.3836
0.338
0.4
0.3847
0.3719
0.3432
0.3709
0.3609
0.3926
0.3797
0.3362
0.3922
0.3419
0.3954
0.3603
0.3949
0.3991
0.3992
0.3983
0.3777
0.3988
0.3292
0.3935
0.3961
0.3954
0.3981
0.3965
0.3655
0.3192
0.3602
0.3969
0.3935
0.3659
0.4
0.3964
0.3422
0.3689
0.3474
0.3808
0.371
0.3511
0.3984
0.3114
0.3797
0.4
0.3825
0.3904
0.4
0.3583
0.3924
0.3292
0.3634
0.3761
0.3673
0.3947
0.3887
0.3818
0.4
0.4
0.3798
0.4
0.3852
0.397
0.3504
0.372
0.3989
0.3639
0.3096
0.3413
0.3348
0.3957
0.3845
0.4
0.355
0.386
0.3518
0.3972
0.3849
0.399
0.3866
0.375
0.3819
0.3609
0.3975
0.3488
0.3486
0.3969
0.3973
0.3967
0.3969
0.3969
0.3464
0.3329
0.3814
0.3498
0.3404
0.3499
0.3959
0.3574
0.3981
0.3411
0.398
0.3898
0.3947
0.3343
0.3975
0.3971
0.3704
0.381
0.3039
0.3185
0.3815
0.3474
0.3979
0.3887
0.3587
0.399
0.3185
0.3329
0.3263
0.3392
0.3708
0.4
0.3716
0.3631
0.3865
0.3451
0.3196
0.399
0.398
0.3097
0.3397
0.3908
0.396
0.4
0.4
0.3608
0.3794
0.4
0.3779
0.3949
0.3562
0.3585
0.3981
0.3281
0.4
0.3681
0.3989
0.315
0.3989
0.3886
0.3725
0.3945
0.3965
0.3093
0.3634
0.3589
0.3971
0.3878
0.3881
0.3866
0.3721
0.3901
0.3724
0.339
0.3905
0.3814
0.3768
0.3931
0.3958
0.4
0.4
0.3879
0.4
0.4
0.3818
0.3775
0.399
0.3813
0.3944
0.3838
0.3915
0.3789
0.3969
0.3978
0.3989
0.3992
0.3153
0.4
0.362
0.3966
0.3669
0.3908
0.399
0.3869
0.4
0.3778
0.3228
0.3608
0.3855
0.3941
0.3529
0.3728
0.341
0.3758
0.3924
0.3528
0.4
0.3812
0.3601
0.4
0.4
0.3271
0.349
0.3778
0.3841
0.2898
0.3961
0.3689
0.3152
0.3534
0.3798
0.3962
0.3874
0.3697
0.3967
0.3866
0.3609
0.3777
0.3961
0.3955
0.3794
0.4
0.3874
0.3822
0.3796
0.3957
0.3765
0.3702
0.3789
0.3991
0.36
0.3972
0.3914
0.3819
0.3651
0.3077
0.3833
0.3964
0.3532
0.351
0.3566
0.3709
0.4
0.3987
0.3991
0.396
0.3527
0.3957
0.4
0.4
0.3501
0.3706
0.3977
0.3366
0.3149
0.3234
0.3594
0.3856
0.3813
0.3617
0.3662
0.3866
0.3898
0.3666
0.3334
0.3985
0.3976
0.3764
0.3442
0.3902
0.3981
0.3941
0.3815
0.3737
0.3771
0.33
0.3517
0.3873
0.3884
0.3675
0.3377
0.4
0.3378
0.3811
0.3919
0.3857
0.3619
0.3747
0.3365
0.3588
0.394
0.3516
0.3829
0.3657
0.3831
0.4
0.3983
0.34
0.3979
0.3804
0.368
0.381
0.3986
0.4
0.3528
0.3583
0.3542
0.3177
0.3957
0.3886
0.3867
0.3681
0.3949
0.4
0.4
0.3652
0.3795
0.3593
0.3988
0.3823
0.3742
0.3438
0.3978
0.3874
0.398
0.3824
0.3727
0.3496
0.385
0.3976
0.4
0.3875
0.3855
0.3411
0.396
0.3614
0.3762
0.4
0.3429
0.3928
0.3622
0.3578
0.4
0.3617
0.3559
0.3518
0.3822
0.3311
0.3963
0.3439
0.3865
0.3817
0.367
0.344
0.3961
0.3345
0.399
0.332
0.3825
0.3988
0.3831
0.3963
0.3798
0.4
0.352
0.3786
0.3716
0.3588
0.385
0.3664
0.3808
0.3025
0.3648
0.3921
0.3644
0.4
0.3402
0.3987
0.3925
0.3697
0.3687
0.399
0.3693
0.3901
0.3975
0.3807
0.3989
0.3931
0.3939
0.3751
0.3913
0.3721
0.3518
0.4
0.3917
0.398
0.3982
0.3851
0.3642
0.3523
0.3649
0.3989
0.3838
0.3584
0.3947
0.3762
0.3706
0.4
0.3686
0.3989
0.3979
0.3774
0.3766
0.4
0.3747
0.3992
0.3844
0.3915
0.386
0.3925
0.3629
0.3616
0.3962
0.394
0.4
0.3965
0.3981
0.3583
0.4
0.3545
0.3467
0.3991
0.3803
0.364
0.3751
0.3881
0.3049
0.3991
0.3864
0.3581
0.3646
0.3421
0.3779
0.3801
0.4
0.397
0.3636
0.3628
0.3951
0.3072
0.3989
0.3989
0.3686
0.3828
0.3939
0.356
0.3629
0.3874
0.4
0.3411
0.3386
0.3708
0.3238
0.3872
0.3718
0.3983
0.3992
0.385
0.349
0.3982
0.3514
0.3851
0.3992
0.3864
0.3254
0.3541
0.3753
0.3666
0.382
0.3719
0.399
0.3965
0.3539
0.3982
0.3853
0.3753
0.3488
0.3855
0.3989
0.3527
0.3989
0.3944
0.3656
0.4
0.3739
0.36
0.3543
0.3816
0.3868
0.3402
0.3972
0.3507
0.3829
0.4
0.3991
0.363
0.399
0.3412
0.3986
0.3639
0.3865
0.399
0.3989
0.3932
0.3674
0.3843
0.4
0.3534
0.4
0.3683
0.3436
0.3329
0.3976
0.3386
0.3877
0.3965
0.3506
0.3938
0.4
0.3187
0.397
0.396
0.3974
0.3972
0.3976
0.3988
0.3369
0.3322
0.3843
0.3963
0.3961
0.3418
0.3089
0.4
0.3989
0.3918
0.399
0.3434
0.3675
0.3806
0.3504
0.3316
0.3846
0.3787
0.3679
0.3619
0.3971
0.3634
0.3811
0.3244
0.3358
0.3442
0.3569
0.3869
0.3705
0.3986
0.3839
0.3798
0.3941
NA
NA
NA
NA
NA
NA
NA
NA
NA
NA
NA
NA
NA
NA
NA
NA
NA
NA
NA
NA
NA
NA
NA
NA
NA
NA
NA
NA
NA
NA
NA
NA
NA
NA
NA
NA
NA
NA
NA
NA
NA
NA
NA
NA
NA
NA
NA
NA
NA
NA
NA
NA
NA
NA
NA
NA
NA
NA
NA
NA
NA
NA
NA
NA
NA
NA
NA
NA
NA
NA
NA
NA
NA
NA
NA
NA
NA
NA
NA
NA
NA
NA
NA
NA
NA
NA
NA
NA
NA
NA
NA
NA
NA
NA
NA
NA
NA
NA
NA
NA
NA
NA
NA
NA
NA
NA
NA
NA
NA
NA
NA
NA
NA
NA
NA
NA
NA
NA
NA
NA
NA
NA
NA
NA
NA
NA
NA
NA
NA
NA
NA
NA
NA
NA
NA
NA
NA
NA
NA
NA
NA
NA
NA
NA
NA
NA
NA
NA
NA
NA
NA
NA
NA
NA
NA
NA
NA
NA
NA
NA
NA
NA
NA
NA
NA
NA
NA
NA
NA
NA
NA
NA
NA
NA
NA
NA
NA
NA
NA
NA
NA
NA
NA
NA
NA
NA
NA
NA
NA
NA
NA
NA
NA
NA
NA
NA
NA
NA
NA
NA
NA
NA
NA
NA
NA
NA
NA
NA
NA
NA
NA
NA
NA
NA
NA
NA
NA
NA
NA
NA
NA
NA
NA
NA
NA
NA
NA
NA
NA
NA
NA
NA
NA
NA
NA
NA
NA
NA
NA
NA
NA
NA
NA
NA
NA
NA
NA
NA
NA
NA
NA
NA
NA
NA
NA
NA
NA
NA
NA
NA
NA
NA
NA
NA
NA
NA
NA
NA
NA
NA
NA
NA
NA
NA
NA
NA
NA
NA
NA
NA
NA
NA
NA
NA
NA
NA
NA
NA
NA
NA
NA
NA
NA
NA
NA
NA
NA
NA
NA
NA
NA
NA
NA
NA
NA
NA
NA
NA
NA
NA
NA
NA
NA
NA
NA
NA
NA
NA
NA
NA
NA
NA
NA
NA
NA
NA
NA
NA
NA
NA
NA
NA
NA
NA
NA
NA
NA
NA
NA
NA
NA
NA
NA
NA
NA
NA
NA
NA
NA
NA
NA
NA
NA
NA
NA
NA
NA
NA
NA
NA
NA
NA
NA
NA
NA
NA
NA
NA
NA
NA
NA
NA
NA
NA
NA
NA
NA
NA
NA
NA
NA
NA
NA
NA
NA
NA
NA
NA
NA
NA
NA
NA
NA
NA
NA
NA
NA
NA
NA
NA
NA
NA
NA
NA
NA
NA
NA
NA
NA
NA
NA
NA
NA
NA
NA
NA
NA
NA
NA
NA
NA
NA
NA
NA
NA
NA
NA
NA
NA
NA
NA
NA
NA
NA
NA
NA
NA
NA
NA
NA
NA
NA
NA
NA
NA
NA
NA
NA
NA
NA
NA
NA
NA
NA
NA
NA
NA
NA
NA
NA
NA
NA
NA
NA
NA
NA
NA
NA
NA
NA
NA
NA
NA
NA
NA
NA
NA
NA
NA
NA
NA
NA
NA
NA
NA
NA
NA
NA
NA
NA
NA
NA
NA
NA
NA
NA
NA
NA
NA
NA
NA
NA
NA
NA
NA
NA
NA
NA
NA
NA
NA
NA
NA
NA
NA
NA
NA
NA
NA
NA
NA
NA
NA
NA
NA
NA
NA
NA
NA
NA
NA
NA
NA
NA
NA
NA
NA
NA
NA
NA
NA
NA
NA
NA
NA
NA
NA
NA
NA
NA
NA
NA
NA
NA
NA
NA
NA
NA
NA
NA
NA
NA
NA
NA
NA
NA
NA
NA
NA
NA
NA
NA
NA
NA
NA
NA
NA
NA
NA
NA
NA
NA
NA
NA
NA
NA
NA
NA
NA
NA
NA
NA
NA
NA
NA
NA
NA
NA
NA
NA
NA
NA
NA
NA
NA
NA
NA
NA
NA
NA
NA
NA
NA
NA
NA
NA
NA
NA
NA
NA
NA
NA
NA
NA
NA
NA
NA
NA
NA
NA
NA
NA
NA
NA
NA
NA
NA
NA
NA
NA
NA
NA
NA
NA
NA
NA
NA
NA
NA
NA
NA
NA
NA
NA
NA
NA
NA
NA
NA
NA
NA
NA
NA
NA
NA
NA
NA
NA
NA
NA
NA
NA
NA
NA
NA
NA
NA
NA
NA
NA
NA
NA
NA
NA
NA
NA
NA
NA
NA
NA
NA
NA
NA
NA
NA
NA
NA
NA
NA
NA
NA
NA
NA
NA
NA
NA
NA
NA
NA
NA
NA
NA
NA
NA
NA
NA
NA
NA
NA
NA
NA
NA
NA
NA
NA
NA
NA
NA
NA
NA
NA
NA
NA
NA
NA
NA
NA
NA
NA
NA
NA
NA
NA
NA
NA
NA
NA
NA
NA
NA
NA
NA
NA
NA
NA
NA
NA
NA
NA
NA
NA
NA
NA
NA
NA
NA
NA
NA
NA
NA
NA
NA
NA
NA
NA
NA
NA
NA
NA
NA
NA
NA
NA
NA
NA
NA
NA
NA
NA
NA
NA
NA
NA
NA
NA
NA
NA
NA
NA
NA
NA
NA
NA
NA
NA
NA
NA
NA
NA
NA
NA
NA
NA
NA
NA
NA
NA
NA
NA
NA
NA
NA
NA
NA
NA
NA
NA
NA
NA
NA
NA
NA
NA
NA
NA
NA
NA
NA
NA
NA
NA
NA
NA
NA
NA
NA
NA
NA
NA
NA
NA
NA
NA
NA
NA
NA
NA
NA
NA
NA
NA
NA
NA
NA
NA
NA
NA
NA
NA
NA
NA
NA
NA
NA
NA
NA
NA
NA
NA
NA
NA
NA
NA
NA
NA
NA
NA
NA
NA
NA
NA
NA
NA
NA
NA
NA
NA
NA
NA
NA
NA
NA
NA
NA
NA
NA
NA
NA
NA
NA
NA
NA
NA
NA
NA
NA
NA
NA
NA
NA
NA
NA
NA
NA
NA
NA
NA
NA
NA
NA
NA
NA
NA
NA
NA
NA
NA
NA
NA
NA
NA
NA
NA
NA
NA
NA
NA
NA
NA
NA
NA
NA
NA
NA
NA
NA
NA
NA
NA
NA
NA
NA
NA
NA
NA
NA
NA
NA
NA
NA
NA
NA
NA
NA
NA
NA
NA
NA
NA
NA
NA
NA
NA
NA
NA
NA
NA
NA
NA
NA
NA
NA
NA
NA
NA
NA
NA
NA
NA
NA
NA
NA
NA
NA
NA
NA
NA
NA
NA
NA
NA
NA
NA
NA
NA
NA
NA
NA
NA
NA
NA
NA
NA
NA
NA
NA
NA
NA
NA
NA
NA
NA
NA
NA
NA
NA
NA
NA
NA
NA
NA
NA
NA
NA
NA
NA
NA
NA
NA
NA
NA
NA
NA
NA
NA
NA
NA
NA
NA
NA
NA
NA
NA
NA
NA
NA
NA
NA
NA
NA
NA
NA
NA
NA
NA
NA
NA
NA
NA
NA
NA
NA
NA
NA
NA
NA
NA
NA
NA
NA
NA
NA
NA
NA
NA
NA
NA
NA
NA
NA
NA
NA
NA
NA
NA
NA
NA
NA
NA
NA
NA
NA
NA
NA
NA
NA
NA
NA
NA
NA
NA
NA
NA
NA
NA
NA
NA
NA
NA
NA
NA
NA
NA
NA
NA
NA
NA
NA
NA
NA
NA
NA
NA
NA
NA
NA
NA
NA
NA
NA
NA
NA
NA
NA
NA
NA
NA
NA
NA
NA
NA
NA
NA
NA
NA
NA
NA
NA
NA
NA
NA
NA
NA
NA
NA
NA
NA
NA
NA
NA
NA
NA
NA
NA
NA
NA
NA
NA
NA
NA
NA
NA
NA
NA
NA
NA
NA
NA
NA
NA
NA
NA
NA
NA
NA
NA
NA
NA
NA
NA
NA
NA
NA
NA
NA
NA
NA
NA
NA
NA
NA
NA
NA
NA
NA
NA
NA
NA
NA
NA
NA
NA
NA
NA
NA
NA
NA
NA
NA
NA
NA
NA
NA
NA
NA
NA
NA
NA
NA
NA
NA
NA
NA
NA
NA
NA
NA
NA
NA
NA
NA
NA
NA
NA
NA
NA
NA
NA
NA
NA
NA
NA
NA
NA
NA
NA
NA
NA
NA
NA
NA
NA
NA
NA
NA
NA
NA
NA
NA
NA
NA
NA
NA
NA
NA
NA
NA
NA
NA
NA
NA
NA
NA
NA
NA
NA
NA
NA
NA
NA
NA
NA
NA
NA
NA
NA
NA
NA
NA
NA
NA
NA
NA
NA
NA
NA
NA
NA
NA
NA
NA
NA
NA
NA
NA
NA
NA
NA
NA
NA
NA
NA
NA
NA
NA
NA
NA
NA
NA
NA
NA
NA
NA
NA
NA
NA
NA
NA
NA
NA
NA
NA
NA
NA
NA
NA
NA
NA
NA
NA
NA
NA
NA
NA
NA
NA
NA
NA
NA
NA
NA
NA
NA
NA
NA
NA
NA
NA
NA
NA
NA
NA
NA
NA
NA
NA
NA
NA
NA
NA
NA
NA
NA
NA
NA
NA
NA
NA
NA
NA
NA
NA
NA
NA
NA
NA
NA
NA
NA
NA
NA
NA
NA
NA
NA
NA
NA
NA
NA
NA
NA
NA
NA
NA
NA
NA
NA
NA
NA
NA
NA
NA
NA
NA
NA
NA
NA
NA
NA
NA
NA
NA
NA
NA
NA
NA
NA
NA
NA
NA
NA
NA
NA
NA
NA
NA
NA
NA
NA
NA
NA
NA
NA
NA
NA
NA
NA
NA
NA
NA
NA
NA
NA
NA
NA
NA
NA
NA
NA
NA
NA
NA
NA
NA
NA
NA
NA
NA
NA
NA
NA
NA
NA
NA
NA
NA
NA
NA
NA
NA
NA
NA
NA
NA
NA
NA
NA
NA
NA
NA
NA
NA
NA
NA
NA
NA
NA
NA
NA
NA
NA
NA
NA
NA
NA
NA
NA
NA
NA
NA
NA
NA
NA
NA
NA
NA
NA
NA
NA
NA
NA
NA
NA
NA
NA
NA
NA
NA
NA
NA
NA
NA
NA
NA
NA
NA
NA
NA
NA
NA
NA
NA
NA
NA
NA
NA
NA
NA
NA
NA
NA
NA
NA
NA
NA
NA
NA
NA
NA
NA
NA
NA
NA
NA
NA
NA
NA
NA
NA
NA
NA
NA
NA
NA
NA
NA
NA
NA
NA
NA
NA
NA
NA
NA
NA
NA
NA
NA
NA
NA
NA
NA
NA
NA
NA
NA
NA
NA
NA
NA
NA
NA
NA
NA
NA
NA
NA
NA
NA
NA
NA
NA
NA
NA
NA
NA
NA
NA
NA
NA
NA
NA
NA
NA
NA
NA
NA
NA
NA
NA
NA
NA
NA
NA
NA
NA
NA
NA
NA
NA
NA
NA
NA
NA
NA
NA
NA
NA
NA
NA
NA
NA
NA
NA
NA
NA
NA
NA
NA
NA
NA
NA
NA
NA
NA
NA
NA
NA
NA
NA
NA
NA
NA
NA
NA
NA
NA
NA
NA
NA
NA
NA
NA
NA
NA
NA
NA
NA
NA
NA
NA
NA
NA
NA
NA
NA
NA
NA
NA
NA
NA
NA
NA
NA
NA
NA
NA
NA
NA
NA
NA
NA
NA
NA
NA
NA
NA
NA
NA
NA
NA
NA
NA
NA
NA
NA
NA
NA
NA
NA
NA
NA
NA
NA
NA
NA
NA
NA
NA
NA
NA
NA
NA
NA
NA
NA
NA
NA
NA
NA
NA
NA
NA
NA
NA
NA
NA
NA
NA
NA
NA
NA
NA
NA
NA
NA
NA
NA
NA
NA
NA
NA
NA
NA
NA
NA
NA
NA
NA
NA
NA
NA
NA
NA
NA
NA
NA
NA
NA
NA
NA
NA
NA
NA
NA
NA
NA
NA
NA
NA
NA
NA
NA
NA
NA
NA
NA
NA
NA
NA
NA
NA
NA
NA
NA
NA
NA
NA
NA
NA
NA
NA
NA
NA
NA
NA
NA
NA
NA
NA
NA
NA
NA
NA
NA
NA
NA
NA
NA
NA
NA
NA
NA
NA
NA
NA
NA
NA
NA
NA
NA
NA
NA
NA
NA
NA
NA
NA
NA
NA
NA
NA
NA
NA
NA
NA
NA
NA
NA
NA
NA
NA
NA
NA
NA
NA
NA
NA
NA
NA
NA
NA
NA
NA
NA
NA
NA
NA
NA
NA
NA
NA
NA
NA
NA
NA
NA
NA
NA
NA
NA
NA
NA
NA
NA
NA
NA
NA
NA
NA
NA
NA
NA
NA
NA
NA
NA
NA
NA
NA
NA
NA
NA
NA
NA
NA
NA
NA
NA
NA
NA
NA
NA
NA
NA
NA
NA
NA
NA
NA
NA
NA
NA
NA
NA
NA
NA
NA
NA
NA
NA
NA
NA
NA
NA
NA
NA
NA
NA
NA
NA
NA
NA
NA
NA
NA
NA
NA
NA
NA
NA
NA
NA
NA
NA
NA
NA
NA
NA
NA
NA
NA
NA
NA
NA
NA
NA
NA
NA
NA
NA
NA
NA
NA
NA
NA
NA
NA
NA
NA
NA
NA
NA
NA
NA
NA
NA
NA
NA
NA
NA
NA
NA
NA
NA
NA
NA
NA
NA
NA
NA
NA
NA
NA
NA
NA
NA
NA
NA
NA
NA
NA
NA
NA
NA
NA
NA
NA
NA
NA
NA
NA
NA
NA
NA
NA
NA
NA
NA
NA
NA
NA
NA
NA
NA
NA
NA
NA
NA
NA
NA
NA
NA
NA
NA
NA
NA
NA
NA
NA
NA
NA
NA
NA
NA
NA
NA
NA
NA
NA
NA
NA
NA
NA
NA
NA
NA
NA
NA
NA
NA
NA
NA
NA
NA
NA
NA
NA
NA
NA
NA
NA
NA
NA
NA
NA
NA
NA
NA
NA
NA
NA
NA
NA
NA
NA
NA
NA
NA
NA
NA
NA
NA
NA
NA
NA
NA
NA
NA
NA
NA
NA
NA
NA
NA
NA
NA
NA
NA
NA
NA
NA
NA
NA
NA
NA
NA
NA
NA
NA
NA
NA
NA
NA
NA
NA
NA
NA
NA
NA
NA
NA
NA
NA
NA
NA
NA
NA
NA
NA
NA
NA
NA
NA
NA
NA
NA
NA
NA
NA
NA
NA
NA
NA
NA
NA
NA
NA
NA
NA
NA
NA
NA
NA
NA
NA
NA
NA
NA
NA
NA
NA
NA
NA
NA
NA
NA
NA
NA
NA
NA
NA
NA
NA
NA
NA
NA
NA
NA
NA
NA
NA
NA
NA
NA
NA
NA
NA
NA
NA
NA
NA
NA
NA
NA
NA
NA
NA
NA
NA
NA
NA
NA
NA
NA
NA
NA
NA
NA
NA
NA
NA
NA
NA
NA
NA
NA
NA
NA
NA
NA
NA
NA
NA
NA
NA
NA
NA
NA
NA
NA
NA
NA
NA
NA
NA
NA
NA
NA
NA
NA
NA
NA
NA
NA
NA
NA
NA
NA
NA
NA
NA
NA
NA
NA
NA
NA
NA
NA
NA
NA
NA
NA
NA
NA
NA
NA
NA
NA
NA
NA
NA
NA
NA
NA
NA
NA
NA
NA
NA
NA
NA
NA
NA
NA
NA
NA
NA
NA
NA
NA
NA
NA
NA
NA
NA
NA
NA
NA
NA
NA
NA
NA
NA
NA
NA
NA
NA
NA
NA
NA
NA
NA
NA
NA
NA
NA
NA
NA
NA
NA
NA
NA
NA
NA
NA
NA
NA
NA
NA
NA
NA
NA
NA
NA
NA
NA
NA
NA
NA
NA
NA
NA
NA
NA
NA
NA
NA
NA
NA
NA
NA
NA
NA
NA
NA
NA
NA
NA
NA
NA
NA
NA
NA
NA
NA
NA
NA
NA
NA
NA
NA
NA
NA
NA
NA
NA
NA
NA
NA
NA
NA
NA
NA
NA
NA
NA
NA
NA
NA
NA
NA
NA
NA
NA
NA
NA
NA
NA
NA
NA
NA
NA
NA
NA
NA
NA
NA
NA
NA
NA
NA
NA
NA
NA
NA
NA
NA
NA
NA
NA
NA
NA
NA
NA
NA
NA
NA
NA
NA
NA
NA
NA
NA
NA
NA
NA
NA
NA
NA
NA
NA
NA
NA
NA
NA
NA
NA
NA
NA
NA
NA
NA
NA
NA
NA
NA
NA
NA
NA
NA
NA
NA
NA
NA
NA
NA
NA
NA
NA
NA
NA
NA
NA
NA
NA
NA
NA
NA
NA
NA
NA
NA
NA
NA
NA
NA
NA
NA
NA
NA
NA
NA
NA
NA
NA
NA
NA
NA
NA
NA
NA
NA
NA
NA
NA
NA
NA
NA
NA
NA
NA
NA
NA
NA
NA
NA
NA
NA
NA
NA
NA
NA
NA
NA
NA
NA
NA
NA
NA
NA
NA
NA
NA
NA
NA
NA
NA
NA
NA
NA
NA
NA
NA
NA
NA
NA
NA
NA
NA
NA
NA
NA
NA
NA
NA
NA
NA
NA
NA
NA
NA
NA
NA
NA
NA
NA
NA
NA
NA
NA
NA
NA
NA
NA
NA
NA
NA
NA
NA
NA
NA
NA
NA
NA
NA
NA
NA
NA
NA
NA
NA
NA
NA
NA
NA
NA
NA
NA
NA
NA
NA
NA
NA
NA
NA
NA
NA
NA
NA
NA
NA
NA
NA
NA
NA
NA
NA
NA
NA
NA
NA
NA
NA
NA
NA
NA
NA
NA
NA
NA
NA
NA
NA
NA
NA
NA
NA
NA
NA
NA
NA
NA
NA
NA
NA
NA
NA
NA
NA
NA
NA
NA
NA
NA
NA
NA
NA
NA
NA
NA
NA
NA
NA
NA
NA
NA
NA
NA
NA
NA
NA
NA
NA
NA
NA
NA
NA
NA
NA
NA
NA
NA
NA
NA
NA
NA
NA
NA
NA
NA
NA
NA
NA
NA
NA
NA
NA
NA
NA
NA
NA
NA
NA
NA
NA
NA
NA
NA
NA
NA
NA
NA
NA
NA
NA
NA
NA
NA
NA
NA
NA
NA
NA
NA
NA
NA
NA
NA
NA
NA
NA
NA
NA
NA
NA
NA
NA
NA
NA
NA
NA
NA
NA
NA
NA
NA
NA
NA
NA
NA
NA
NA
NA
NA
NA
NA
NA
NA
NA
NA
NA
NA
NA
NA
NA
NA
NA
NA
NA
NA
NA
NA
NA
NA
NA
NA
NA
NA
NA
NA
NA
NA
NA
NA
NA
NA
NA
NA
NA
NA
NA
NA
NA
NA
NA
NA
NA
NA
NA
NA
NA
NA
NA
NA
NA
NA
NA
NA
NA
NA
NA
NA
NA
NA
NA
NA
NA
NA
NA
NA
NA
NA
NA
NA
NA
NA
NA
NA
NA
NA
NA
NA
NA
NA
NA
NA
NA
NA
NA
NA
NA
NA
NA
NA
NA
NA
NA
NA
NA
NA
NA
NA
NA
NA
NA
NA
NA
NA
NA
NA
NA
NA
NA
NA
NA
NA
NA
NA
NA
NA
NA
NA
NA
NA
NA
NA
NA
NA
NA
NA
NA
NA
NA
NA
NA
NA
NA
NA
NA
NA
NA
NA
NA
NA
NA
NA
NA
NA
NA
NA
NA
NA
NA
NA
NA
NA
NA
NA
NA
NA
NA
NA
NA
NA
NA
NA
NA
NA
NA
NA
NA
NA
NA
NA
NA
NA
NA
NA
NA
0.5588
0.5625
0.675
0.2766
0.5143
0.4651
0.7059
0.5283
0.8889
0.1707
0.3778
0.6
0.5185
0.2564
0.3125
0.8966
0.6286
1.4074
0.6765
0.4783
0.2857
0.6786
0.5667
0.3636
0.4651
0.7174
0.6735
0.8387
0.4545
0.35
0.6944
0.425
0.4651
0.5135
0.3902
0.4222
0.7879
0.5926
0.4186
0.96
0.1321
0.5526
0.5517
0.6129
0.6897
0.6154
1
0.4865
1.3333
0.5769
0.4468
0.8387
0.3953
0.1731
0.625
0.9062
0.6552
0.5
0.2105
0.2581
0.525
0.6562
0.8529
0.7674
0.7949
0.425
0.2045
1.1154
0.6279
0.5455
0.5349
0.6571
0.7826
0.7
0.4444
0.4865
0.2195
0.3939
0.56
0.6512
0.7576
0.6047
0.1731
0.439
0.5106
0.75
0.5366
0.9429
0.8148
0.5641
0.5526
0.25
0.8158
0.6389
0.7941
0.8108
0.4222
0.1346
0.7586
0.8387
0.7838
0.5106
1.069
0.4545
0.5312
0.6667
0.5676
0.439
0.5
0.6
0.3846
0.2264
0.6667
0.5476
0.5833
0.6
0.5833
0.75
0.5238
0.5938
0.525
0.7273
0.4865
0.4255
1.1111
0.4222
0.5
0.3333
0.3529
0.3208
0.4545
0.4222
0.5429
0.5128
0.3529
0.7333
0.7742
0.5946
0.5556
0.6
0.675
0.7333
0.3077
0.9655
0.5
0.7879
0.7805
1
0.4524
0.8214
1.0294
0.3256
0.5111
0.4444
0.3871
0.8857
1.1212
0.6667
0.6061
0.375
0.7917
0.2174
0.6053
0.3061
0.8205
0.3333
0.439
0.5789
0.4872
0.6176
0.6486
0.1569
0.5854
0.5417
0.8438
0.4318
0.5714
0.3548
0.7419
0.3659
0.1957
0.425
0.6333
0.4878
0.3953
0.4483
0.8276
0.8667
0.8065
0.5641
0.8286
0.7027
0.4667
0.5588
0.7647
0.425
0.8846
0.3191
0.4048
0.3889
0.4167
1.4231
0.2
0.3111
0.7
0.3243
0.4615
0.3404
0.2381
0.6098
0.3889
0.5641
0.6585
0.6857
0.3158
0.8182
0.5385
0.8462
0.6562
0.3889
0.95
0.4878
0.9412
0.4762
0.4792
0.8571
0.8421
0.3571
0.4211
0.5667
0.28
0.7027
0.4359
0.4815
0.5
0.4746
0.8462
0.6875
0.4884
0.3659
0.7333
0.7419
1
0.2899
0.5556
1.0606
0.75
0.5238
0.6296
0.7727
0.5
0.45
0.8438
0.4167
0.6889
0.5385
0.5429
0.4839
0.3654
0.375
0.7647
0.4615
0.7297
0.4474
0.5294
0.2273
0.8214
0.3261
0.5366
0.3023
0.8065
0.3
0.5806
0.3922
0.2727
0.3953
0.5385
0.5854
0.9189
0.3913
0.3684
0.2889
0.2
0.6667
1.5238
0.7179
0.4655
0.6939
0.6471
1.2917
0.5185
0.76
0.5946
0.6216
0.5588
0.6786
0.6923
1.1379
0.6061
0.2381
0.6098
0.6486
0.5882
1.0625
0.5854
0.6667
0.6842
1.1852
0.6842
0.3696
0.3023
0.7576
0.451
0.4138
0.3409
0.4082
0.6552
0.8387
0.8824
0.5484
0.4783
0.6667
0.7021
0.4043
0.7105
0.375
0.4667
0.475
0.283
0.3043
0.3947
0.3939
0.4878
0.5429
0.5122
0.6
0.6757
0.3226
0.4444
0.7778
0.3
0.3333
0.4082
0.3714
1.1429
0.6857
0.2667
0.5172
0.5143
0.9048
1.0645
0.5952
1
1
0.4286
0.6286
0.1667
0.4583
0.4444
0.8
0.8182
1.0385
0.386
0.6098
0.6341
0.5938
0.3889
0.4872
1
0.3939
0.5909
0.32
0.8148
0.5714
0.6389
0.5667
0.7381
0.7586
0.7143
0.3947
0.5556
1.1935
0.3902
0.697
0.6857
0.4
0.7576
0.5405
0.7714
0.4048
0.475
0.359
0.3939
0.7143
0.3077
0.6471
0.5588
0.8462
0.5135
1
0.475
0.5806
0.35
0.4286
1.0952
0.3091
0.7
0.9737
0.5455
0.6667
0.3878
0.6818
0.4894
0.7568
0.7778
0.6053
0.5938
0.3636
0.5349
0.875
0.475
0.931
0.5
0.25
0.6389
0.4545
0.5098
0.4898
0.3784
0.9667
0.9231
0.4571
0.5676
0.8214
0.4474
0.7179
0.4524
0.48
0.3061
0.7632
0.5588
0.8
0.2698
1.0417
0.8611
0.8571
0.4762
0.359
1
0.2414
0.3488
0.7368
0.3953
0.6154
0.1579
0.4211
0.6744
0.4464
0.675
0.5143
0.7059
0.4375
1.2609
0.3415
0.4808
0.625
0.35
0.4706
0.5
0.5135
0.7879
0.2955
0.9706
0.8276
0.7143
0.6222
0.3478
0.8333
0.5294
0.25
0.7895
0.625
0.6389
0.5
0.6
1.1071
0.4444
1.16
0.45
0.6061
0.2759
0.325
0.5385
0.5897
0.4828
0.5161
0.5455
0.6786
0.7188
0.4783
0.6512
0.5897
0.3043
0.6296
0.5143
0.3824
0.7273
0.9615
0.2727
0.6471
0.6364
0.5
0.9062
0.7667
0.5882
0.5
0.5128
0.6944
0.3438
0.3256
0.8571
0.3158
0.5
0.625
0.6364
0.5641
0.1818
0.65
0.3913
1
0.9545
0.2745
0.8824
0.5882
0.3333
0.5
0.3864
0.8611
0.5758
0.7105
0.6047
0.4783
0.7222
0.383
0.9667
0.2
0.4595
0.8649
0.7059
0.4324
0.7907
0.6
0.2
0.6667
0.9583
0.5333
0.2708
0.6486
0.8
0.7586
0.4043
0.6154
0.25
0.8
0.7241
1.0938
0.2812
0.5278
0.9259
0.5556
0.2826
0.7
0.4222
0.3019
0.8065
0.7188
0.2985
0.7727
0.5172
0.7037
0.7143
0.2619
0.4211
1.0714
0.8913
0.9565
0.4286
0.5778
0.2373
0.6296
0.5625
0.5897
0.92
0.2368
0.6857
0.6829
0.9583
0.55
0.8
0.65
0.3488
0.3415
0.6786
0.38
0.4545
0.4706
0.3673
0.8125
0.8571
0.3571
0.2188
0.6579
0.8261
0.4762
0.5952
0.3953
0.9412
0.5806
0.5455
0.2326
0.5405
0.4474
0.5714
0.7647
0.4286
0.8571
0.5278
0.7812
0.625
0.9655
0.5
0.4857
0.7241
0.5946
0.7778
0.3235
1.35
0.5294
0.2667
0.9118
1.1818
0.7778
0.697
0.4722
0.6429
0.6129
0.5714
0.4167
0.8438
0.4103
0.5312
0.8529
0.5172
0.4722
0.5152
0.6875
0.6591
0.5143
0.3962
0.963
0.383
0.5185
0.5128
0.4444
0.697
0.8462
1
0.5714
0.6304
0.561
0.7429
1.125
0.5588
0.5
1.4167
0.4444
0.2391
1.3478
0.6471
0.1875
0.3913
0.7879
0.561
0.4571
0.7812
1.5238
0.6452
0.3947
0.475
0.5676
0.9333
0.4524
0.4615
0.8276
0.2927
0.5952
0.2727
0.1064
0.4762
0.55
0.7391
0.3333
0.5294
0.3409
0.5714
0.9032
0.8
0.4634
0.1429
0.3514
0.3864
0.6842
0.4889
0.6667
0.4
0.6512
0.3684
0.4737
0.5
0.8438
0.4651
0.7576
0.5161
0.5778
0.6364
0.5312
0.6061
0.4884
0.6667
0.2167
0.7353
0.4444
0.9062
0.3729
0.55
0.5789
0.5135
0.8235
0.7027
0.4375
0.3429
0.325
0.6905
0.4516
0.9655
0.3143
0.5
0.9667
0.8929
0.3235
0.5
0.36
0.6296
0.4038
0.5556
0.4359
0.6129
0.3636
0.4474
0.45
0.9355
0.3636
0.5357
0.5128
1.0345
0.5294
0.5714
0.4722
0.8182
0.5625
0.359
0.383
0.6585
0.5778
0.3
0.4054
0.4595
0.6061
0.7222
0.8571
1.0714
0.5435
0.5758
0.5526
0.625
0.5778
0.5526
0.4103
0.7879
0.6364
0.6364
0.3469
0.4634
0.2045
0.6389
0.5556
0.5263
0.5263
0.6
0.5429
0.2857
0.6667
0.9615
0.6829
0.6053
0.875
0.5484
0.4545
0.6429
0.75
0.3409
0.6667
0.7297
0.3396
0.5429
0.7727
0.425
0.6667
0.4545
0.7143
0.1429
0.4324
0.4651
0.6
0.6562
1
0.5789
0.4318
0.2727
0.4722
0.4412
0.4324
0.4737
0.3846
0.5172
1.0435
0.1228
0.7188
0.5789
0.7812
0.4865
0.5676
0.4571
0.4
0.4468
0.5946
0.4717
0.5405
0.3902
0.7714
0.7647
0.6042
0.3721
0.425
0.8485
0.875
0.4615
0.4186
0.7222
0.6667
1.4444
0.75
0.6591
0.4103
0.6136
0.4054
0.4565
0.8611
0.6098
0.4211
0.36
0.4688
1.1429
0.9091
0.3571
0.5
1.1935
0.3095
0.5676
0.9259
1.0303
0.2857
0.3333
1
0.7353
0.2167
0.4681
0.5405
0.5312
0.875
0.5714
0.5122
0.5682
0.625
0.2727
0.6444
0.4286
0.766
0.3778
0.7857
0.5
0.75
0.4474
0.3864
0.5333
0.5714
0.5476
0.7419
0.4386
0.7
0.4286
0.3256
0.475
0.8
0.4348
0.5556
0.5128
1.4737
0.4667
0.4474
1.0345
0.4857
0.8261
0.5122
0.5667
0.3784
0.8846
0.9032
0.5862
0.6176
0.4857
0.4048
0.4419
0.5
0.4043
0.3636
0.3036
0.5385
1.2692
1.087
0.4194
0.5349
0.6842
0.5714
0.5333
0.5405
0.7381
0.6389
0.6316
0.8485
0.2667
0.4737
0.7097
0.7241
0.6452
0.5745
1.1034
0.5429
0.8529
0.4286
0.7
0.4444
0.7273
0.7179
0.5319
0.3696
0.7419
0.7222
0.9655
0.4103
0.6585
0.4667
0.9
0.7353
0.3269
0.3415
0.5116
0.3721
0.3902
0.8462
0.7188
0.4722
0.5833
0.7045
0.3556
0.5128
0.38
0.3878
1.4231
0.6286
0.6
0.7297
0.5312
0.3333
0.4762
0.45
1
0.4211
0.7931
0.8235
0.4118
0.4375
0.6
0.2979
0.3714
0.3953
0.5588
0.3774
0.8611
0.122
0.3778
0.5143
0.3519
0.2564
0.2292
0.6207
0.5714
1.4444
0.4412
0.413
0.3469
0.5714
0.5667
0.3636
0.3488
0.3696
0.5918
0.5484
0.4242
0.3
0.3889
0.425
0.3636
0.4324
0.2927
0.3556
0.5152
0.5556
0.3256
0.72
0.1698
0.4474
0.5517
0.5484
0.6207
0.3846
1.08
0.4324
1.3333
0.6154
0.4255
0.7419
0.3721
0.1154
0.5312
0.7812
0.4483
0.4762
0.1579
0.2581
0.425
0.375
0.7941
0.5581
0.8205
0.375
0.1364
1
0.5116
0.3636
0.3953
0.5429
0.6087
0.55
0.3556
0.3158
0.1951
0.3939
0.4314
0.6279
0.6061
0.4419
0.2115
0.3171
0.5532
0.6111
0.3659
0.7429
0.6296
0.5128
0.4211
0.1818
0.8158
0.5833
0.6471
0.6486
0.4222
0.1538
0.6552
0.7097
0.5946
0.3617
0.5862
0.3939
0.5
0.6667
0.5676
0.4146
0.3864
0.45
0.3333
0.1509
0.641
0.4048
0.5556
0.4333
0.4595
0.6
0.4048
0.5625
0.325
0.5909
0.4595
0.4043
0.5357
0.4444
0.381
0.2727
0.3529
0.3774
0.3636
0.5111
0.4571
0.4872
0.2941
0.6333
0.6129
0.5405
0.5
0.5
0.65
0.5111
0.2821
0.6207
0.4286
0.6364
0.6341
1.0333
0.4762
0.6786
0.8529
0.2791
0.4444
0.5111
0.2903
0.6216
0.6667
0.6667
0.5455
0.325
0.5417
0.1739
0.4474
0.2449
0.7436
0.2424
0.439
0.6316
0.4103
0.5882
0.5405
0.1569
0.5122
0.5
0.8125
0.3864
0.3714
0.2581
0.6774
0.3171
0.2609
0.3
0.8
0.4878
0.3488
0.4828
0.5862
0.8667
0.5806
0.4872
0.7714
0.5135
0.5111
0.5
0.7059
0.375
0.7308
0.2128
0.2619
0.25
0.4444
1.0385
0.26
0.2667
0.35
0.3243
0.375
0.2979
0.2857
0.4878
0.3056
0.4103
0.4878
0.6
0.2105
0.6667
0.375
0.6923
0.625
0.2778
0.65
0.4146
0.5
0.5238
0.5
0.6786
0.4474
0.4048
0.4211
0.5
0.28
0.5946
0.3846
0.3704
0.4474
0.4576
0.7308
0.5312
0.3953
0.3415
0.8
0.4839
0.875
0.2609
0.5556
0.8788
0.6944
0.3571
0.4444
0.7727
0.5
0.425
0.8125
0.3889
0.4
0.4359
0.5429
0.2903
0.25
0.2105
0.7647
0.3846
0.6216
0.3947
0.4412
0.2273
0.7143
0.2826
0.3902
0.2093
0.6452
0.25
0.6452
0.5098
0.3182
0.4651
0.359
0.439
0.7297
0.413
0.2564
0.2222
0.2
0.4615
1.3333
0.475
0.3793
0.449
0.5588
1.0417
0.5556
0.68
0.5946
0.6486
0.3714
0.6429
0.6538
1.069
0.6061
0.2381
0.4634
0.4595
0.5
0.6562
0.4878
0.5833
0.5789
1.0345
0.6316
0.3261
0.2558
0.8485
0
0.3448
0.3864
0.3878
0.6207
0.7742
0.6176
0.4839
0.2826
0.5758
0.5745
0.4681
0.6053
0.45
0.4667
0.425
0.283
0.2766
0.3158
0.3333
0.3415
0.5714
0.2927
0.5429
0.5946
0.2903
0.5111
0.8889
0.46
0.3095
0.4082
0.4286
0.9048
0.4286
0.2
0.5862
0.4857
0.7857
0.7097
0.4762
1.0571
0.8438
0.3333
0.6
0.1458
0.4167
0.4815
0.6667
0.4848
1
0.3684
0.439
0.5854
0.6875
0.2778
0.5128
1.0769
0.5
0.5909
0.22
0.6667
0.5429
0.5833
0.4667
0.7381
0.6
0.6071
0.3947
0.4444
1.2903
0.3902
0.5143
0.6286
0.2222
0.6061
0.4595
0.6286
0.3415
0.4
0.2821
0.3636
0.4286
0.2821
0.5882
0.3235
0.4615
0.4054
0.8519
0.375
0.5161
0.3
0.2791
0.8095
0.2545
0.6
0.5789
0.5455
0.6
0.2857
0.4773
0.3404
0.6486
0.6944
0.5
0.4688
0.3333
0.4651
0.75
0.4
0.8276
0.4667
0.1806
0.3784
0.4545
0.4902
0.24
0.2632
0.8
0.7692
0.5143
0.5676
0.6786
0.2632
0.5897
0.4524
0.44
0.3265
0.7368
0.5
0.64
0.1746
0.875
0.7778
0.7714
0.4286
0.2308
0.7586
0.2414
0.3721
0.6579
0.2222
0.5769
0.1404
0.4211
0.5581
0.375
0.575
0.4857
0.5
0.4375
1.087
0.3171
0.4038
0.4688
0.3
0.4706
0.2727
0.4054
0.6061
0.25
0.7647
0.6552
0.7714
0.3333
0.2174
0.8611
0.4902
0.2083
0.6842
0.475
0.5278
0.5
0.439
0.9643
0.2889
0.92
0.425
0.5758
0.2586
0.35
0.4359
0.4872
0.4483
0.4839
0.5909
0.5
0.7188
0.413
0.4419
0.5128
0.2826
0.4444
0.5143
0.4412
0.7273
0.9231
0.25
0.4412
0.5152
0.4375
0.6875
0.6
0.3429
0.7391
0.359
0.6111
0.3125
0.3256
0.7429
0.2895
0.275
0.5312
0.6364
0.4872
0.2
0.55
0.2826
0.8182
0.8182
0.3333
0.7647
0.5
0.3519
0.5263
0.2273
0.8056
0.5455
0.5263
0.4651
0.3043
0.4167
0.2979
0.7667
0.2308
0.4054
0.8108
0.7353
0.4595
0.7442
0.6286
0.2222
0.6111
0.875
0.4222
0.2708
0.5135
0.7333
0.5862
0.3404
0.5385
0.3125
0.6
0.5517
0.8438
0.2969
0.4722
0.8889
0.4167
0.3261
0.4667
0.4889
0.2222
0.7097
0.75
0.2836
0.9091
0.4828
0.7407
0.4643
0.2619
0.2619
1.0714
0.6087
0.6522
0.2449
0.4667
0.1864
0.2963
0.4688
0.4103
0.68
0.2368
0.6286
0.6098
1.0417
0.6
0.64
0.5
0.4419
0.2683
0.6786
0.32
0.4848
0.4706
0.3061
0.7188
0.8286
0.25
0.0923
0.6053
0.6087
0.3571
0.3571
0.3953
0.9118
0.6452
0.3636
0.1395
0.4054
0.3684
0.5714
0.5882
0.4524
0.7429
0.5
0.7188
0.6562
0.8966
0.3488
0.4571
0.5517
0.4324
0.7037
0.2941
1.2
0.5588
0.2
0.7353
1.3182
0.7222
0.6061
0.4722
0.5
0.5484
0.5429
0.3529
0.625
0.3846
0.375
0.6765
0.7241
0.4167
0.5152
0.6875
0.4091
0.6
0.3396
0.8148
0.383
0.5185
0.4359
0.4815
0.6667
0.5128
0.875
0.4762
0.587
0.5854
0.5429
1.25
0.4706
0.381
1.2083
0.3556
0.2609
1.1304
0.4412
0.1875
0.2609
0.7879
0.5366
0.4
0.5455
1.1905
0.6129
0.3684
0.375
0.5676
0.8
0.4048
0.3846
0.7931
0.2683
0.5
0.1636
0.1064
0.3023
0.475
0.4783
0.2444
0.3158
0.3409
0.4286
0.871
0.6286
0.4146
0.0893
0.3514
0.2045
0.4615
0.3778
0.5758
0.2444
0.5814
0.4737
0.4211
0.4444
0.8438
0.3721
0.6364
0.4194
0.4889
0.4318
0.4375
0.6364
0.3953
0.5357
0.1833
0.6176
0.3778
0.6875
0.3051
0.425
0.4737
0.2973
0.6176
0.7297
0.3125
0.3429
0.275
0.619
0.4194
0.8621
0.3143
0.4655
0.9333
0.8571
0.2353
0.5263
0.4
0.4444
0.3846
0.3611
0.3333
0.6129
0.4091
0.4737
0.425
0.4839
0.4091
0.5
0.5641
0.8276
0.6471
0.5143
0.25
0.9394
0.4688
0.2051
0.2766
0.4878
0
0.24
0.3784
0.4054
0.5455
0.6944
0.5429
0.8214
0.5217
0.4545
0.5789
0.5938
0.4444
0.4474
0.359
0.6364
0.6364
0.4848
0.3061
0.4146
0.25
0.6389
0.4167
0.5526
0.4211
0.35
0.4571
0.3143
0.6111
0.8846
0.6585
0.5263
0.7188
0.5806
0.4545
0.5714
0.625
0.2727
0.6667
0.5946
0.2453
0.5714
0.5455
0.35
0.4444
0.3864
0.4286
0.1224
0.4324
0.3721
0.625
0.5938
0.7
0.4211
0.4318
0.2545
0.2973
0.3824
0.3784
0.3421
0.3846
0.4483
0.913
0.193
0.4688
0.5526
0.5938
0.4865
0.4054
0.3429
0.35
0.4043
0.3784
0.283
0.5946
0.2683
0.5143
0.6176
0.5208
0.2791
0.2927
0.5294
0.5
0.4872
0.3721
0.6111
0.5278
1.0556
0.5714
0.4222
0.4103
0.4545
0.3784
0.4348
0.75
0.4878
0.3947
0.3
0.4688
0.8929
0.9091
0.3333
0.4118
0.9032
0.2857
0.5135
0.7778
0.8485
0.1667
0.3333
0.5152
0.7353
0.0667
0.4043
0.3784
0.25
0.75
0.5714
0.439
0.5
0.5625
0.3636
0.5556
0.4286
0.5532
0.3556
0.75
0.3696
0.7188
0.3947
0.3182
0.4667
0.5714
0.4762
0.6452
0.3684
0.5667
0.3714
0.3023
0.575
0.6333
0.4565
0.3889
0.4872
1.4211
0.4222
0.3947
0.931
0.4571
0.7826
0.5122
0.7667
0.3784
0.8462
0.4062
0.5862
0.3529
0.6
0.3571
0.3721
0.5227
0.3617
0.3636
0.2857
0.4872
0.9231
1.2609
0.4194
0.4884
0.7368
0.5143
0.5333
0.5405
0.5952
0.5
0.5263
0.6364
0.2444
0.4737
0.5484
0.4828
0.5806
0.4043
0.8621
0.4857
0.7059
0.4286
0.65
0.2222
0.5227
0.5385
0.5532
0.3696
0.6452
0.7222
0.931
0.5128
0.6829
0.5333
0.9
0.6765
0.1731
0.3171
0.3256
0.4419
0.3902
0.6923
0.7188
0.4167
0.6111
0.4773
0.2889
0.359
0.28
0.3265
1.1154
0.6
0.5333
0.6486
0.5625
0.2564
0.4762
0.4
1.12
0.1842
0.8966
0.8529
0.0263
0.0357
0.04
0.0196
0.0698
0.0204
0.5588
0.0159
0.9167
0.0976
0.2889
0.4857
0.0156
0.3846
0.1633
0.6207
0.6
1.037
0.0541
0.0741
0.3469
0
0.0294
0.3182
0.0217
0.3913
0.0179
0.0513
0.3636
0.275
0.3889
0.0667
0.02
0.4865
0.3171
0.3778
0.5758
0.0588
0.3256
0.72
0.0943
0.3947
0.1176
0.4839
0
0.0217
1.12
0.3243
0.2381
0.0303
0.4468
0.7742
0.3953
0.1346
0.025
0.6875
0.5172
0.06
0.0732
0.2258
0.425
0
0.7353
0.4884
0.0577
0.0392
0.1818
0.8077
0.4651
0.3778
0.3953
0.5429
0.5
0.65
0.2889
0.1905
0.2195
0.1053
0.3922
0.5814
0.0667
0.037
0.1538
0.3659
0.0167
0.6667
0.439
0.7429
0.6667
0.0444
0
0.0426
0.6842
0.5
0.0444
0
0.3556
0.0962
0.6207
0.6562
0.0435
0.4255
0.6207
0.3636
0.5625
0.7
0
0.3415
0.3636
0.475
0
0.1321
0.6667
0.3571
0.5
0
0.0889
0.6
0.3571
0.5
0.3
0.6364
0.4595
0.2857
0.5714
0.037
0
0.1389
0.2941
0
0.3333
0.3778
0.5143
0
0.2745
0.1842
0.5484
0.5946
0.5278
0.56
0.6
0.4889
0.0244
0.6207
0.381
0.6667
0.0172
1.1
0.5238
0.1765
0.0192
0.2558
0.3556
0.5333
0.2903
0
0.0426
0.0435
0.4848
0.0217
0.0339
0.2609
0.2895
0.2041
0.7179
0
0.2857
0.4359
0.4615
0.4706
0.1951
0.0179
0.5854
0.5
0.6562
0
0
0.0556
0.7742
0.0217
0.1957
0.35
0
0.4634
0.0189
0.3793
0.6207
0
0.4194
0.0208
0.7143
0.5135
0.0182
0.0526
0.6176
0
0.6538
0.2766
0
0
0.3611
1.0769
0.18
0.1778
0.35
0.2973
0.4
0.0377
0.0227
0.5366
0.2778
0.5641
0.0213
0.5429
0.1053
0.6667
0.0444
0.7308
0.625
0.2778
0
0
0.4118
0
0.0351
0
0.4737
0.4286
0.3684
0.0263
0.24
0.6486
0.3846
0.2963
0.4737
0.0857
0.6538
0.5625
0.3953
0.2927
0.1111
0.0256
0.1515
0.0519
0.0698
0.7941
0.6389
0.0204
0.5185
0.5217
0.375
0.0444
0.8125
0.05
0.4
0.0455
0
0.3548
0.2308
0.0328
0.0244
0
0.0435
0
0.5
0.2045
0.7143
0.1957
0.4146
0
0.6774
0.275
0
0.4314
0.2955
0.3953
0.3846
0.0213
0.0213
0
0.0476
0.0392
0.2
0.4359
0.0286
0.439
0.3793
0.4694
0.5588
1.0833
0.3704
0.0667
0.4324
0.0488
0.05
0.5357
0.6923
1.0345
0.0238
0
0.02
0.4595
0.5
0.8125
0.5122
0.2
0.6053
0.7241
0.6579
0.037
0.0213
0.0732
0.0154
0.3793
0.0213
0
0.6207
0.8387
0.6176
0.4839
0.2391
0.5758
0.0545
0.4043
0.0444
0.375
0.2059
0.325
0.0161
0.2128
0.0465
0.303
0.2683
0.4857
0.2439
0.0238
0.5946
0.3226
0.4667
0.8611
0.0345
0.0851
0.3673
0.0488
0.0312
0.3714
0.0638
0.0526
0.0769
0.7381
0.0244
0.4286
0.9143
0.025
0.3333
0.0435
0.1042
0.3333
0.3333
0.7222
0.0465
1.0385
0.3158
0.4878
0.561
0.6562
0.2593
0.0417
1.1154
0.3636
0.5455
0.0175
0.4815
0.4
0.093
0.4667
0.6429
0.5
0.0541
0.3684
0.0476
1.1935
0.4634
0.4286
0.5714
0.2667
0.5455
0.0233
0
0.0204
0.0217
0.2564
0.1471
0.1562
0.2821
0.5882
0.3824
0.0312
0.6216
0.8889
0.3
0.0556
0
0.3023
0
0.0339
0.6
0.6316
0.3714
0.0182
0.2857
0
0.0189
0.5946
0.0208
0.5263
0.4062
0.3333
0.0392
0.75
0.4
0.9655
0
0.2083
0.4722
0.4318
0.4706
0.2857
0.1842
0.7333
0.7308
0.1136
0.5135
0.0811
0.2368
0.0426
0.0192
0.0172
0.0377
0.7105
0.0263
0.6923
0.1587
0.0606
0.0392
0.0222
0.0208
0.2051
0.7931
0.2759
0.0213
0.0833
0.2222
0
0.0339
0.3947
0.5349
0.4107
0.575
0.3056
0.4412
0.0364
1.0435
0.2927
0
0.4688
0.225
0
0.2727
0.125
0.6364
0.25
0.7059
0.6897
0.0851
0.3111
0.2174
0
0
0.2083
0
0.45
0.0465
0.4286
0.4634
0.0244
0.2889
0.8
0.4
0.5758
0.0462
0.225
0
0.3077
0.4138
0.5161
0.0189
0.4643
0.0227
0.3913
0.4419
0.5385
0.2391
0.0571
0.5429
0.3824
0.0714
0.0606
0.04
0.0263
0.0476
0.4375
0.75
0.6333
0.3143
0.4167
0.3077
0.0952
0.3438
0.0426
0.7429
0.0233
0.275
0.1026
0.5909
0.0213
0.0169
0.5
0.2826
0.8636
0.7273
0.2941
0.8824
0.0244
0.2364
0.4737
0.0213
0.7568
0.5455
0.6316
0.4651
0.3261
0
0.2979
0.7
0.15
0.3784
0.7838
0.0217
0.0444
0.6977
0.4857
0.1556
0.0417
0
0
0.2292
0.5405
0
0.5172
0.12
0.5385
0.2812
0.0417
0.6207
0
0.2812
0.0233
0.8889
0.0238
0.1702
0.375
0.0612
0.0508
0.7742
0.6875
0.3134
0.0345
0.3448
0.2647
0.3929
0.2143
0.2619
1
0.7174
0.1379
0.2857
0.4444
0.1695
0.0357
0
0
0.25
0
0
0.6098
0.75
0.0222
0.64
0.0612
0.3953
0.2195
0.6429
0.0545
0.0488
0.0244
0.0182
0.6875
0
0.25
0.0769
0.6053
0.1034
0.0217
0.381
0
0.8529
0.5484
0.3939
0.2326
0.0714
0.3684
0.4286
0.4118
0.4286
0.0833
0.4722
0
0.5312
0.7931
0
0
0.5862
0.4054
0.7407
0.1471
1.2
0.0488
0.2889
0.7647
1.0909
0.7222
0.0465
0.3611
0.5
0.075
0.1579
0.25
0.6875
0.0682
0.0556
0.7059
0
0.3611
0.4848
0.6875
0.1
0.5143
0.3585
0.7778
0.02
0.5185
0.0426
0.1
0.6061
0.6154
0.8438
0.4762
0.0526
0.4634
0.4571
0.9375
0.4706
0
0.0286
0.0192
0.0377
1
0.0513
0
0
0.6667
0.5122
0.0513
0.5625
1.3333
0.5806
0.2895
0.4
0.5676
0.7667
0.381
0.3333
0.1765
0.2439
0.4762
0.0339
0.02
0.3721
0.525
0.1111
0.0417
0.0714
0.2727
0.4286
0.9032
0.6571
0.3171
0.0714
0.3243
0.25
0.4872
0
0.4848
0.2444
0.0755
0.3947
0.4474
0.3889
0.875
0.3953
0.0789
0.4194
0.5556
0.4545
0.4375
0
0.02
0.7037
0.0462
0.6471
0.2889
0.6562
0.0303
0
0.4211
0.3243
0.7353
0.7027
0.0294
0.3143
0.3
0.5714
0.0541
0
0
0.3966
0.7419
0.8214
0.0263
0.4737
0.42
0.4074
0.05
0.3611
0.0444
0.5806
0.3864
0.3158
0.35
0.0541
0
0.3571
0.4359
0.8276
0.0238
0.4571
0.3333
0
0.4688
0.1795
0.3404
0.4878
0
0.26
0.3243
0.4054
0.5152
0.5556
0.025
0.8214
0.3696
0.5758
0.6053
0.625
0.037
0.4737
0.0213
0.6364
0.5758
0.0256
0.2449
0.02
0.1364
0
0.5
0.6053
0.5263
0.375
0.4571
0.3429
0.6667
0.7692
0.6098
0.093
0.6875
0
0.4545
0.0286
0.0645
0.2727
0.5455
0.0217
0.2453
0.2632
0.0385
0.275
0.0244
0.0612
0.0541
0.1429
0.0909
0.3023
0.575
0
0.0976
0.0455
0.04
0.2
0.2973
0.3529
0.2703
0.0238
0.4103
0.5862
0.0667
0.1404
0.5
0
0.5938
0.0238
0.0476
0.3714
0.35
0
0.4054
0.0164
0.4865
0.2195
0.119
0.0652
0.5
0.2558
0.0227
0.075
0
0.0435
0.0426
0.6389
0
1.2222
0.5357
0.0192
0.2821
0.4318
0.4324
0.3333
0.7778
0.0189
0.3684
0.3
0.4375
0.8214
0.3415
0.2857
0
0.0682
0.3095
0.4054
0.0606
0.8182
0.0233
0.0244
0.5152
0.5588
0.082
0.4043
0.4324
0.0857
0
0.5714
0.561
0.6136
0.7188
0.3333
0.4667
0.0192
0.0182
0.3556
0.7857
0.0392
0.8125
0.4211
0.0182
0.4
0.5238
0.4286
0.6452
0.3509
0.6
0.2857
0.0213
0.0426
0.5333
0.04
0.4444
0.359
1.2632
0.3556
0.0238
0.8966
0.0238
0.1333
0.3902
0
0.4595
0.7692
0.4062
0.6207
0.3824
0.4
0.0435
0.3256
0.5
0
0.0189
0.2679
0.0217
0.8077
0.0312
0.4194
0.3953
0.0208
0.0233
0.0909
0.5946
0.4884
0
0.5789
0
0.2667
0.4211
0.5161
0.0526
0.4839
0.16
0.0541
0.4286
0.0682
0
0.625
0.069
0.0377
0.0588
0.0339
0.0364
0.0263
0.6944
0.8276
0.4872
0.0189
0.0909
0.6333
0.6765
0
0.0233
0.0638
0.0217
0.3902
0.5385
0.5938
0.3611
0.5278
0.4773
0.2889
0.359
0.24
0.0357
0.7778
0.5714
0.5333
0.6486
0.5625
0.3333
0.381
0.425
0.0303
0.2368
0.7241
0.087
