x
0.3817
0.3873
0.375
0.3592
0.3897
0.3626
0.3747
0.3773
0.3809
0.3406
0.3633
0.3632
0.3642
0.3614
0.3786
0.3785
0.3739
0.3804
0.3775
0.349
0.3682
0.3662
0.3887
0.3693
0.3761
0.379
0.3854
0.3662
0.3754
0.3646
0.3868
0.3756
0.3597
0.3621
0.373
0.3728
0.3737
0.3685
0.3706
0.394
0.3688
0.3773
0.379
0.3651
0.349
0.3698
0.3688
0.3848
0.3577
0.3807
0.3709
0.3526
0.3744
0.3909
0.3645
0.3619
0.3739
0.3567
0.3861
0.3682
0.386
0.3539
0.3726
0.3625
0.3831
0.3913
0.3667
0.3785
0.3706
0.368
0.3565
0.3656
0.3727
0.3767
0.3803
0.3837
0.3821
0.3924
0.3725
0.378
0.369
0.3748
0.3743
0.3643
0.3566
0.3782
0.3506
0.3801
0.3786
0.3632
0.3656
0.3765
0.3539
0.3843
0.3714
0.3693
0.3836
0.3874
0.3891
0.3835
0.3689
0.3716
0.3512
0.3705
0.3809
0.3841
0.372
0.3815
0.3755
0.3664
0.3846
0.3908
0.3497
0.3637
0.3897
0.3679
0.3608
0.3815
0.3528
0.36
0.3518
0.3805
0.3533
0.3635
0.3646
0.3618
0.3796
0.3663
0.3748
0.3773
0.3845
0.3776
0.3628
0.3574
0.3454
0.3699
0.3703
0.3579
0.3696
0.3739
0.3507
0.3563
0.3705
0.3838
0.366
0.3548
0.3728
0.3786
0.3795
0.3725
0.3466
0.366
0.3834
0.3716
0.3799
0.3803
0.3575
0.3599
0.3818
0.3802
0.3787
0.3638
0.3729
0.3841
0.3748
0.3571
0.3688
0.3622
0.3865
0.3553
0.3917
0.3584
0.3765
0.3716
0.3797
0.368
0.3525
0.3773
0.3776
0.3655
0.3735
0.3665
0.3716
0.3761
0.3776
0.389
0.3382
0.3902
0.3734
0.3711
0.3826
0.3742
0.3746
0.3667
0.3698
0.3553
0.3618
0.3635
0.3813
0.3433
0.3836
0.3917
0.3548
0.3898
0.3503
0.3467
0.3971
0.3691
0.3913
0.3807
0.3785
0.3689
0.372
0.3631
0.3967
0.368
0.3669
0.387
0.3757
0.3812
0.3741
0.3808
0.3683
0.3726
0.3879
0.3694
0.3648
0.3588
0.3839
0.3687
0.3626
0.3593
0.3575
0.3766
0.3858
0.3581
0.362
0.3644
0.3791
0.3498
0.3471
0.3712
0.3751
0.3706
0.3744
0.3856
0.3768
0.3844
0.3783
0.3866
0.3796
0.3834
0.3742
0.3725
0.3918
0.3735
0.3738
0.3828
0.3739
0.368
0.3841
0.3707
0.372
0.3538
0.3683
0.3707
0.3657
0.3508
0.3745
0.3762
0.3878
0.3555
0.395
0.3717
0.3679
0.3855
0.3853
0.379
0.3731
0.3661
0.3677
0.3876
0.3776
0.3726
0.3714
0.3691
0.3686
0.3745
0.3727
0.376
0.3629
0.3737
0.3566
0.3912
0.3801
0.3753
0.3908
0.3736
0.3585
0.3622
0.3789
0.3701
0.3521
0.3695
0.3752
0.3636
0.3707
0.3683
0.3787
0.3758
0.3532
0.3829
0.3648
0.3891
0.3545
0.3918
0.3727
0.3689
0.3845
0.372
0.3776
0.3657
0.3739
0.3752
0.361
0.3812
0.3664
0.3781
0.3588
0.379
0.3909
0.379
0.378
0.3746
0.3714
0.3666
0.3929
0.3635
0.3816
0.3706
0.3727
0.3759
0.3732
0.3773
0.3783
0.3539
0.3733
0.3851
0.3883
0.3874
0.369
0.37
0.3569
0.3769
0.3806
0.3645
0.3659
0.3779
0.375
0.3746
0.3583
0.3808
0.3714
0.373
0.3558
0.3663
0.3695
0.3694
0.3742
0.3827
0.3691
0.3651
0.3769
0.3827
0.3638
0.3873
0.3796
0.3742
0.3817
0.3748
0.3732
0.3665
0.3728
0.3591
0.3691
0.3635
0.3927
0.3677
0.3956
0.3784
0.3706
0.3812
0.3861
0.3844
0.3807
0.3765
0.377
0.3731
0.3678
0.3836
0.3815
0.3668
0.3679
0.3688
0.3514
0.3958
0.3781
0.3867
0.3699
0.369
0.3775
0.3598
0.3567
0.3633
0.3814
0.3802
0.3357
0.3533
0.3694
0.3851
0.3875
0.3565
0.3721
0.3679
0.3605
0.3636
0.3757
0.3749
0.375
0.371
0.3779
0.3787
0.3949
0.3758
0.3777
0.384
0.3759
0.3862
0.3834
0.3828
0.3542
0.3757
0.3344
0.3727
0.3821
0.389
0.3487
0.3897
0.3855
0.3743
0.3785
0.3803
0.3635
0.3858
0.3592
0.3399
0.3657
0.3801
0.3851
0.3554
0.3692
0.3877
0.3812
0.3781
0.3805
0.3816
0.3793
0.3762
0.3829
0.3864
0.3894
0.381
0.3833
0.382
0.3532
0.3748
0.3588
0.3737
0.3845
0.3512
0.3737
0.3598
0.3869
0.375
0.3683
0.3908
0.3798
0.3752
0.363
0.382
0.377
0.3568
0.3747
0.3701
0.3791
0.3799
0.376
0.3512
0.3823
0.3838
0.3749
0.3713
0.3768
0.3719
0.3788
0.3624
0.3728
0.3843
0.3783
0.3769
0.3761
0.3768
0.3708
0.3744
0.3607
0.3609
0.3654
0.3486
0.3696
0.3523
0.3859
0.3755
0.3659
0.3699
0.369
0.3893
0.3621
0.3664
0.3763
0.3567
0.3706
0.3857
0.3906
0.3697
0.3473
0.3618
0.3603
0.3647
0.3449
0.3632
0.369
0.373
0.3824
0.3638
0.3807
0.364
0.3432
0.3627
0.3798
0.3718
0.3683
0.3679
0.3679
0.3528
0.3542
0.3759
0.3806
0.3752
0.3952
0.3821
0.375
0.3702
0.3702
0.3784
0.3763
0.3708
0.3737
0.3739
0.3723
0.3731
0.3701
0.3748
0.3675
0.3808
0.3737
0.3732
0.3837
0.3824
0.3845
0.3629
0.3775
0.3899
0.3546
0.3669
0.3879
0.3793
0.3813
0.3741
0.3759
0.3839
0.3626
0.3993
0.3569
0.3594
0.3729
0.3764
0.3825
0.3677
0.3681
0.3853
0.3882
0.389
0.3697
0.3769
0.3659
0.3864
0.3476
0.384
0.3856
0.3688
0.3759
0.3757
0.3791
0.3835
0.3757
0.3519
0.3732
0.3704
0.3849
0.3825
0.3917
0.3666
0.3596
0.3918
0.3467
0.359
0.3744
0.3563
0.3842
0.3552
0.3697
0.3775
0.3861
0.3709
0.3853
0.3703
0.3716
0.364
0.3781
0.3807
0.3641
0.373
0.3697
0.3689
0.3816
0.3773
0.3723
0.3702
0.3832
0.3653
0.379
0.3626
0.3923
0.357
0.3762
0.3873
0.3804
0.3653
0.3728
0.3624
0.3683
0.3632
0.3821
0.3775
0.3833
0.365
0.3654
0.3661
0.3799
0.3677
0.3583
0.3684
0.3579
0.3839
0.3774
0.375
0.3462
0.3647
0.3496
0.3816
0.3649
0.3493
0.3683
0.3746
0.3713
0.3437
0.3618
0.3612
0.3863
0.3765
0.3756
0.3571
0.374
0.3904
0.3634
0.3856
0.3865
0.3683
0.3721
0.3518
0.3818
0.3788
0.3672
0.3609
0.3633
0.3544
0.3712
0.3748
0.3665
0.3728
0.3839
0.3812
0.3792
0.3669
0.3772
0.3766
0.3766
0.3538
0.379
0.3799
0.3427
0.3531
0.3691
0.3638
0.3929
0.3886
0.3554
0.3835
0.3733
0.3586
0.3697
0.3745
0.3651
0.3764
0.3647
0.3625
0.3841
0.3656
0.3826
0.3542
0.3437
0.3742
0.3714
0.3737
0.3671
0.3741
0.3756
0.3793
0.3727
0.3951
0.381
0.3581
0.3815
0.3898
0.3701
0.367
0.3566
0.3834
0.3699
0.3823
0.3542
0.3717
0.3563
0.3795
0.3738
0.3669
0.368
0.3666
0.3685
0.3518
0.3685
0.3848
0.3789
0.3606
0.3712
0.3769
0.3724
0.3741
0.3637
0.3602
0.381
0.3633
0.3611
0.3646
0.3712
0.36
0.3628
0.3656
0.356
0.3718
0.3828
0.3671
0.3902
0.3867
0.3791
0.3896
0.376
0.378
0.3769
0.3562
0.3615
0.3655
0.3563
0.3634
0.3623
0.3709
0.3867
0.3729
0.3588
0.3671
0.3594
0.3866
0.3844
0.3759
0.3833
0.3738
0.3675
0.3667
0.3614
0.3904
0.3848
0.3765
0.382
0.3798
0.3593
0.3809
0.3866
0.3595
0.3583
0.3549
0.3559
0.3801
0.3668
0.3685
0.376
0.3664
0.3956
0.3736
0.3526
0.3613
0.3883
0.3609
0.3856
0.3612
0.3905
0.35
0.3788
0.356
0.3543
0.3527
0.3762
0.3896
0.347
0.3707
0.3773
0.3429
0.3758
0.3698
0.3643
0.383
0.3593
0.3887
0.3686
0.3717
0.371
0.3802
0.3796
0.3682
0.3548
0.3691
0.3684
0.3776
0.3756
0.3595
0.3676
0.3567
0.3549
0.3872
0.373
0.3872
0.3776
0.3554
0.3812
0.3551
0.383
0.3597
0.3667
0.379
0.3726
0.3727
0.3565
0.3822
0.3539
0.3806
0.3777
0.3792
0.3778
0.3705
0.3779
0.3637
0.3413
0.3781
0.3617
0.379
0.3893
0.371
0.3721
0.3488
0.3513
0.3826
0.3792
0.3694
0.3677
0.3761
0.3659
0.3741
0.3645
0.3742
0.3657
0.3811
0.3817
0.3698
0.3652
0.3683
0.3678
0.377
0.3713
0.3777
0.3855
0.3827
0.3547
0.3774
0.3654
0.3741
0.379
0.3817
0.3731
0.3675
0.3689
0.3673
0.3687
0.3666
0.3599
0.396
0.379
0.3744
0.3784
0.3663
0.3669
0.3558
0.3744
0.3654
0.3751
0.378
0.3765
0.3854
0.3678
0.3825
0.354
0.3826
0.3804
0.3769
0.3834
0.3767
0.3793
0.3771
0.3799
0.3599
0.3761
0.3845
0.3664
0.3769
0.3668
0.3666
0.3434
0.397
0.3838
0.353
0.3374
0.3804
0.3583
0.374
0.3627
0.3656
0.3905
0.3807
0.3643
0.3719
0.3762
0.3836
0.3692
0.3681
0.3743
0.3897
0.3889
0.3548
0.3696
0.3729
0.3643
0.3828
0.3965
0.3813
0.3795
0.3708
0.3764
0.3576
0.3819
0.3782
0.3938
0.3642
0.3746
0.3976
0.3816
0.3597
0.3702
0.3885
0.3884
0.3633
0.3772
0.3739
0.3701
0.3555
0.3989
0.3749
0.3908
0.3618
0.3886
0.3469
0.3965
0.3944
0.3979
0.3975
0.3589
0.3499
0.3489
0.398
0.3873
0.3759
0.3825
0.3696
0.3771
0.3873
0.3809
0.3522
0.3963
0.3981
0.3562
0.3862
0.3559
0.3818
0.3384
0.3971
0.3965
0.3712
0.3751
0.3602
0.3943
0.3685
0.3733
0.3509
0.3978
0.389
0.3979
0.3428
0.3596
0.3928
0.3552
0.3988
0.3803
0.3775
0.3913
0.3701
0.3764
0.3942
0.3826
0.3758
0.3975
0.3905
0.3985
0.3995
0.396
0.3993
0.3959
0.3758
0.3764
0.3914
0.3701
0.3878
0.3926
0.3679
0.3876
0.3992
0.3633
0.3816
0.3972
0.3793
0.3836
0.3983
0.3975
0.3859
0.3557
0.3992
0.3627
0.3936
0.377
0.3739
0.3628
0.3976
0.3979
0.3846
0.3862
0.3987
0.3409
0.3969
0.383
0.3939
0.3778
0.3617
0.3981
0.3456
0.3733
0.3701
0.3607
0.364
0.361
0.3992
0.3604
0.3818
0.3892
0.3852
0.3904
0.3776
0.3575
0.3633
0.373
0.3758
0.3704
0.3732
0.3889
0.3972
0.3653
0.3623
0.3851
0.3867
0.3788
0.3978
0.38
0.3959
0.3923
0.3822
0.3976
0.3989
0.3978
0.383
0.3913
0.3734
0.3671
0.383
0.3972
0.3981
0.393
0.3611
0.3964
0.374
0.3922
0.3972
0.3808
0.3752
0.3809
0.3874
0.391
0.3611
0.3947
0.3962
0.398
0.3755
0.3669
0.3809
0.3831
0.3847
0.386
0.3902
0.3903
0.3705
0.3906
0.3757
0.3983
0.3959
0.3811
0.3967
0.3924
0.3825
0.3936
0.3765
0.3781
0.3564
0.3818
0.3842
0.3878
0.3594
0.3932
0.3969
0.3634
0.3832
0.3858
0.35
0.3773
0.3989
0.3859
0.3745
0.3795
0.3903
0.3722
0.3975
0.3889
0.3853
0.3981
0.3787
0.3757
0.3713
0.3743
0.3833
0.3769
0.3826
0.3749
0.3826
0.398
0.369
0.3927
0.3974
0.3798
0.3804
0.3775
0.3784
0.3867
0.3638
0.3501
0.3688
0.3801
0.3957
0.3578
0.3833
0.3585
0.3815
0.3987
0.3992
0.3858
0.397
0.379
0.3883
0.3754
0.3875
0.3856
0.3901
0.3957
0.3978
0.3949
0.3972
0.377
0.3934
0.3766
0.3773
0.3987
0.3955
0.3752
0.3887
0.3979
0.3635
0.3855
0.3683
0.3892
0.3964
0.3819
0.3787
0.3735
0.3981
0.3911
0.3984
0.3696
0.3973
0.368
0.333
0.3974
0.3752
0.3976
0.3766
0.3698
0.386
0.3925
0.3819
0.3875
0.3676
0.373
0.3921
0.3918
0.398
0.3978
0.3961
0.3694
0.3648
0.3896
0.3964
0.3979
0.3801
0.3808
0.364
0.3723
0.379
0.3679
0.3624
0.3545
0.3744
0.3644
0.3778
0.3962
0.3814
0.3906
0.3911
0.3761
0.3676
0.398
0.3965
0.3502
0.3632
0.3657
0.3712
0.3746
0.3739
0.3987
0.3784
0.3985
0.3781
0.3786
0.3717
0.3789
0.3675
0.3991
0.3969
0.3868
0.398
0.3967
0.3807
0.3664
0.3748
0.3987
0.3717
0.3907
0.3957
0.3701
0.3836
0.374
0.3633
0.3578
0.3953
0.3973
0.3702
0.3754
0.3799
0.3704
0.3739
0.3975
0.3805
0.3703
0.3664
0.3867
0.3985
0.3595
0.3638
0.368
0.3634
0.376
0.371
0.3647
0.3957
0.3656
0.3911
0.3868
0.3747
0.3994
0.3698
0.3809
0.3673
0.3978
0.3578
0.3794
0.3722
0.3804
0.3677
0.3987
0.3789
0.3857
0.3934
0.3914
0.3987
0.381
0.3661
0.3664
0.3776
0.3688
0.398
0.3834
0.3627
0.3672
0.3797
0.3972
0.3741
0.383
0.3686
0.3847
0.3862
0.3622
0.3685
0.3649
0.3984
0.3975
0.3848
0.3707
0.3545
0.3799
0.3928
0.3435
0.3979
0.3797
0.3979
0.3631
0.3577
0.3957
0.382
0.3705
0.3815
0.3654
0.3954
0.3901
0.3923
0.3863
0.3749
0.3969
0.3841
0.3854
0.3937
0.3984
0.3743
0.3254
0.3736
0.3952
0.3889
0.3613
0.3815
0.3994
0.3873
0.3937
0.3988
0.3857
0.384
0.3729
0.3971
0.3802
0.3837
0.3901
0.3419
0.3766
0.3846
0.3711
0.3939
0.3819
0.3743
0.38
0.3834
0.3763
0.3979
0.3726
0.3971
0.3806
0.3818
0.3698
0.3881
0.3801
0.3962
0.397
0.3942
0.3985
0.3664
0.3698
0.377
0.388
0.3893
0.3762
0.3755
0.3965
0.3814
0.3795
0.3497
0.3905
0.3836
0.3976
0.39
0.3842
0.371
0.3877
0.3716
0.3413
0.3947
0.3802
0.3718
0.3812
0.3608
0.3653
0.3902
0.3509
0.3977
0.382
0.3728
0.3874
0.3691
0.3753
0.3766
0.3667
0.3981
0.3973
0.3518
0.3661
0.3841
0.3891
0.36
0.3984
0.3965
0.3984
0.3979
0.3953
0.3975
0.3968
0.3866
0.3707
0.3608
0.3591
0.3575
0.3656
0.3984
0.398
0.3421
0.3654
0.3952
0.392
0.3983
0.3731
0.3569
0.3678
0.3778
0.3673
0.3964
0.398
0.3722
0.3834
0.365
0.3679
0.3711
0.3888
0.3878
0.3789
0.3668
0.3811
0.3799
0.369
0.3678
0.3962
0.3689
0.3753
0.3785
0.3978
0.3877
0.3979
0.3624
0.3737
0.3898
0.3911
0.392
0.3836
0.3929
0.3855
0.3966
0.3842
0.3901
0.3846
0.3653
0.3892
0.3939
0.3895
0.3916
0.3853
0.3777
0.3623
0.3842
0.3719
0.3987
0.3857
0.372
0.392
0.3787
0.3799
0.3985
0.3973
0.3977
0.3865
0.3653
0.3966
0.3836
0.3466
0.3792
0.3985
0.3983
0.349
0.387
0.3763
0.384
0.3597
0.3571
0.397
0.3734
0.3936
0.3906
0.3827
0.3648
0.3878
0.3978
0.3939
0.3981
0.3923
0.3995
0.3803
0.3982
0.3704
0.3858
0.3737
0.3754
0.3904
0.3901
0.3976
0.374
0.3845
0.3918
0.3968
0.3742
0.3692
0.3613
0.3827
0.392
0.3843
0.3713
0.3752
0.3788
0.356
0.3881
0.3855
0.3867
0.3957
0.3976
0.3956
0.3736
0.3642
0.3977
0.383
0.3991
0.3973
0.3986
0.3872
0.3964
0.3681
0.3615
0.373
0.3714
0.3574
0.3897
0.3687
0.3796
0.362
0.3602
0.3551
0.3748
0.3951
0.3712
0.399
0.3954
0.3963
0.3789
0.3716
0.3359
0.3579
0.3963
0.3828
0.3691
0.3916
0.3793
0.384
0.3962
0.3767
0.3988
0.3982
0.3816
0.3795
0.3608
0.3708
0.3733
0.3685
0.3915
0.3978
0.3965
0.3846
0.3716
0.3972
0.398
0.3654
0.3958
0.3873
0.3649
0.3968
0.3986
0.3953
0.399
0.3896
0.3934
0.3761
0.3856
0.3747
0.3983
0.3916
0.3622
0.3653
0.3817
0.3878
0.3956
0.3527
0.3685
0.3881
0.3968
0.3603
0.3932
0.3908
0.3649
0.3782
0.3785
0.3421
0.3855
0.377
0.3846
0.3735
0.3863
0.3743
0.3968
0.3684
0.3972
0.3855
0.3642
0.3734
0.3825
0.3817
0.3613
0.3838
0.3837
0.3912
0.3849
0.3964
0.3783
0.3616
0.3754
0.3891
0.3972
0.3655
0.3739
0.3981
0.3779
0.3672
0.3977
0.3741
0.3699
0.3981
0.3978
0.3555
0.3667
0.3528
0.398
0.3714
0.3663
0.3958
0.3733
0.3799
0.3974
0.3854
0.3581
0.3538
0.3976
0.3985
0.3689
0.3853
0.3687
0.3718
0.3983
0.3981
0.3789
0.3958
0.3514
0.3481
0.378
0.3909
0.3892
0.3833
0.373
0.3872
0.3821
0.3775
0.397
0.377
0.3974
0.3546
0.3712
0.3978
0.3812
0.3629
0.3978
0.3641
0.365
0.3974
0.3909
0.3982
0.3853
0.3968
0.3995
0.3878
0.3973
0.3986
0.3562
0.3637
0.3685
0.3979
0.3668
0.397
0.3974
0.3889
0.3975
0.3916
0.3756
0.3806
0.3714
0.3746
0.3733
0.3977
0.3634
0.3764
0.361
0.3785
0.3755
0.37
0.3773
0.3852
0.3776
0.3974
0.3959
0.3668
0.3843
0.3627
0.3751
0.3663
0.3883
0.3971
0.3774
0.3904
0.3847
0.3786
0.3864
0.3799
0.3618
0.3561
0.3794
0.3941
0.3718
0.3829
0.3988
0.3772
0.3796
0.3971
0.3901
0.3792
0.3703
0.39
0.351
0.3977
0.3864
0.386
0.3812
0.398
0.3824
0.3778
0.3828
0.3668
0.3979
0.3732
0.3537
0.3944
0.3618
0.3779
0.3741
0.3691
0.3699
0.3626
0.3963
0.3869
0.3982
0.379
0.3538
0.398
0.3985
0.3899
0.3718
0.3632
0.3824
0.3977
0.3779
0.3618
0.3927
0.3918
0.3667
0.3779
0.3581
0.376
0.3819
0.3706
0.3809
0.387
0.3811
0.378
0.3473
0.3871
0.3736
0.3862
0.3949
0.3759
0.3959
0.363
0.3922
0.3953
0.3981
0.3794
0.3815
0.384
0.3971
0.3764
0.3732
0.3915
0.3973
0.3989
0.3609
0.3672
0.3707
0.3658
0.3755
0.3708
0.3735
0.3975
0.389
0.3485
0.3906
0.3982
0.3737
0.3747
0.3992
0.3758
0.3801
0.3985
0.3752
0.3678
0.3864
0.3967
0.3766
0.3786
0.3995
0.3541
0.3989
0.3664
0.3672
0.3515
0.3977
0.3706
0.3742
0.3788
0.3848
0.3975
0.3895
0.3725
0.3926
0.3751
0.3757
0.3967
0.3773
0.3833
0.3763
0.3806
0.3564
0.3695
0.378
0.3819
0.3945
0.3973
0.3989
0.3858
0.3967
0.3972
0.3992
0.3986
0.3878
0.3973
0.3985
0.3963
0.3975
0.3882
0.3972
0.3985
0.3988
0.3978
0.3903
0.3899
0.3978
0.3976
0.3988
0.3977
0.3971
0.3978
0.3686
0.398
0.3964
0.3992
0.394
0.3992
0.3971
0.3997
0.3773
0.3902
0.3975
0.3857
0.3969
0.3978
0.3965
0.3984
0.3982
0.387
0.3971
0.3962
0.3979
0.3981
0.3982
0.3795
0.3899
0.3843
0.398
0.3968
0.39
0.3993
0.3894
0.396
0.3896
0.3945
0.388
0.3978
0.3971
0.3973
0.3976
0.3989
0.3971
0.3971
0.3952
0.3942
0.3982
0.3876
0.3985
0.399
0.3985
0.3987
0.3969
0.3958
0.3971
0.3976
0.3938
0.3979
0.3949
0.3977
0.3985
0.399
0.3988
0.3983
0.3991
0.3985
0.3969
0.397
0.3972
0.3947
0.3995
0.3975
0.3967
0.3973
0.3995
0.3849
0.3959
0.3867
0.3983
0.3981
0.3946
0.398
0.3838
0.3971
0.3986
0.3978
0.3872
0.3982
0.3965
0.3961
0.3917
0.3983
0.3839
0.3951
0.3983
0.3967
0.3964
0.3976
0.381
0.3874
0.3959
0.3793
0.3985
0.3957
0.39
0.3959
0.3982
0.3984
0.3977
0.3563
0.3974
0.3969
0.3987
0.3989
0.3981
0.3896
0.3967
0.3972
0.3981
0.3975
0.3982
0.398
0.3969
0.3949
0.3961
0.3995
0.3912
0.3954
0.3854
0.3978
0.3877
0.3975
0.3968
0.3977
0.3993
0.3959
0.3977
0.3969
0.3977
0.3976
0.3955
0.3982
0.3955
0.3977
0.3834
0.3949
0.3976
0.3984
0.397
0.398
0.3957
0.3983
0.3995
0.398
0.3974
0.3981
0.3977
0.3992
0.3974
0.3984
0.386
0.3962
0.3995
0.3974
0.396
0.3988
0.3981
0.3995
0.399
0.3942
0.382
0.399
0.3981
0.3973
0.3993
0.3983
0.3964
0.3987
0.3979
0.3991
0.3985
0.3875
0.3981
0.399
0.3892
0.3981
0.398
0.3985
0.3917
0.3801
0.3981
0.3959
0.3992
0.3987
0.3942
0.395
0.3988
0.3885
0.3975
0.3914
0.397
0.3992
0.3977
0.388
0.3989
0.3979
0.3976
0.3788
0.3729
0.3962
0.3832
0.3949
0.3992
0.3884
0.3994
0.3979
0.3969
0.376
0.3957
0.3987
0.398
0.3973
0.3995
0.3988
0.3968
0.3903
0.3975
0.3992
0.3993
0.3925
0.3969
0.3976
0.395
0.3964
0.3977
0.3987
0.3894
0.3899
0.3985
0.3957
0.3965
0.385
0.3976
0.3982
0.3851
0.3974
0.3966
0.397
0.3974
0.3973
0.3988
0.4
0.3973
0.3968
0.3918
0.3975
0.3992
0.3961
0.3836
0.3964
0.399
0.3984
0.3911
0.3887
0.3971
0.3991
0.3984
0.3987
0.3888
0.3983
0.3958
0.3995
0.398
0.3993
0.3937
0.397
0.3992
0.3992
0.3858
0.3991
0.3872
0.3977
0.3972
0.3971
0.3992
0.3968
0.3793
0.3988
0.3885
0.3958
0.3989
0.3948
0.3983
0.3989
0.398
0.3978
0.3985
0.3965
0.398
0.3973
0.3984
0.398
0.3975
0.3965
0.3978
0.3991
0.3968
0.3983
0.3975
0.3978
0.3873
0.3962
0.3971
0.3987
0.3964
0.399
0.3958
0.397
0.3976
0.3967
0.3962
0.397
0.3788
0.3988
0.3977
0.3885
0.3964
0.3977
0.3973
0.3893
0.3967
0.3969
0.3955
0.3929
0.3968
0.3983
0.397
0.3953
0.3817
0.3988
0.3971
0.3967
0.3969
0.3892
0.399
0.3686
0.3662
0.398
0.389
0.3984
0.3957
0.3945
0.3881
0.3984
0.398
0.3901
0.3984
0.3974
0.3978
0.3972
0.3969
0.3984
0.3963
0.3927
0.3986
0.397
0.3965
0.3915
0.398
0.3973
0.3996
0.3965
0.3995
0.3968
0.4
0.3896
0.3993
0.3986
0.3989
0.3992
0.3981
0.3976
0.3985
0.3968
0.3967
0.3968
0.3981
0.3974
0.3928
0.3889
0.3981
0.3976
0.399
0.3993
0.3545
0.3978
0.398
0.3833
0.3985
0.3965
0.3953
0.3981
0.3966
0.3977
0.3987
0.3986
0.3943
0.3978
0.3954
0.3976
0.3976
0.3985
0.3705
0.3973
0.3976
0.3984
0.3981
0.3998
0.3903
0.3981
0.3975
0.3939
0.3983
0.3977
0.3987
0.3994
0.3955
0.3986
0.3974
0.3963
0.3975
0.3975
0.397
0.3901
0.3979
0.3961
0.3984
0.3908
0.3971
0.399
0.3946
0.398
0.3979
0.3978
0.3976
0.3871
0.3979
0.3985
0.399
0.3984
0.3956
0.388
0.3971
0.3978
0.3962
0.3979
0.3967
0.398
0.3977
0.3985
0.3957
0.3953
0.3875
0.3977
0.3962
0.3993
0.3992
0.3974
0.3968
0.3987
0.3969
0.3987
0.397
0.398
0.3959
0.3955
0.3991
0.3846
0.3997
0.3981
0.3909
0.3919
0.394
0.3943
0.3991
0.3963
0.3924
0.3972
0.3971
0.3987
0.3959
0.3583
0.3978
0.3959
0.3986
0.3983
0.3967
0.3969
0.3955
0.3973
0.3991
0.3974
0.3957
0.3992
0.3976
0.3958
0.3977
0.397
0.3976
0.3927
0.3989
0.3878
0.3884
0.3948
0.3975
0.397
0.3961
0.3965
0.3945
0.3986
0.397
0.3995
0.3853
0.3971
0.3808
0.398
0.3982
0.3995
0.3982
0.396
0.3982
0.3757
0.3983
0.3966
0.3986
0.3977
0.3903
0.3976
0.3762
0.3972
0.3964
0.3982
0.3977
0.3896
0.3904
0.3981
0.3971
0.3968
0.3978
0.3985
0.3946
0.3976
0.3938
0.3982
0.397
0.3721
0.3975
0.3814
0.3982
0.3974
0.3978
0.3968
0.3972
0.3973
0.3978
0.3981
0.3964
0.3967
0.398
0.3962
0.3608
0.398
0.3972
0.3964
0.3984
0.3968
0.3988
0.3978
0.3976
0.3878
0.3992
0.3981
0.3862
0.3936
0.3961
0.3987
0.3966
0.3974
0.3982
0.3945
0.3976
0.3878
0.3981
0.3979
0.3896
0.3973
0.3952
0.3966
0.3995
0.3976
0.3978
0.3952
0.3981
0.3963
0.3967
0.3958
0.3967
0.3992
0.3972
0.3963
0.3967
0.3985
0.3975
0.3966
0.3954
0.3965
0.3989
0.3979
0.3963
0.3978
0.3939
0.3976
0.3974
0.3983
0.3978
0.3968
0.3871
0.3983
0.3977
0.3965
0.397
0.3974
0.399
0.3942
0.3986
0.3988
0.3972
0.3979
0.3954
0.3994
0.3963
0.3979
0.3938
0.3993
0.3888
0.3987
0.3979
0.3941
0.3819
0.3967
0.3989
0.3995
0.399
0.348
0.3899
0.3986
0.3981
0.3991
0.3985
0.3965
0.3943
0.3977
0.3963
0.3958
0.3982
0.3962
0.3989
0.3988
0.3969
0.3985
0.399
0.3945
0.3977
0.3989
0.3941
0.3962
0.3982
0.382
0.3997
0.3984
0.3987
0.3983
0.3862
0.397
0.3939
0.3989
0.3985
0.3984
0.3956
0.396
0.38
0.3974
0.3967
0.3977
0.399
0.3923
0.3976
0.3981
0.3957
0.3989
0.3962
0.3978
0.3882
0.3968
0.3986
0.3995
0.3971
0.3966
0.3914
0.3958
0.3979
0.3969
0.3946
0.3855
0.3881
0.3873
0.3967
0.3969
0.3903
0.3881
0.3971
0.3986
0.3983
0.3984
0.3984
0.388
0.3965
0.3984
0.397
0.3947
0.3964
0.3982
0.3974
0.3982
0.3923
0.3978
0.3975
0.3982
0.3972
0.3909
0.3977
0.3931
0.3986
0.3982
0.3944
0.3975
0.3989
0.399
0.3986
0.3991
0.3986
0.399
0.3974
0.3991
0.3881
0.3977
0.398
0.3906
0.398
0.397
0.3976
0.3989
0.3978
0.3963
0.3887
0.3892
0.3964
0.3976
0.3976
0.3966
0.3751
0.3974
0.3987
0.3988
0.3986
0.3987
0.3961
0.3987
0.3915
0.3981
0.3985
0.3987
0.398
0.3949
0.3973
0.3997
0.3969
0.3984
0.3987
0.3961
0.3972
0.399
0.3947
0.3891
0.398
0.3962
0.398
0.3974
0.3981
0.3994
0.3969
0.3976
0.3993
0.3868
0.3973
0.3976
0.3767
0.3957
0.3982
0.3988
0.3824
0.3982
0.3981
0.3959
0.3967
0.3985
0.3988
0.3933
0.3956
0.3987
0.3976
0.3986
0.3763
0.3953
0.3966
0.3963
0.3977
0.3892
0.3975
0.3982
0.3987
0.3974
0.3975
0.3915
0.389
0.3965
0.3963
0.3983
0.3985
0.3945
0.3958
0.394
0.3988
0.398
0.3974
0.3988
0.3979
0.3852
0.3985
0.3959
0.3986
0.3983
0.3979
0.3902
0.3954
0.3968
0.3961
0.3995
0.3873
0.3984
0.3967
0.3984
0.3981
0.3953
0.3987
0.3979
0.3967
0.3991
0.4
0.3988
0.3979
0.3975
0.3972
0.3988
0.3992
0.3972
0.3962
0.3983
0.3902
0.3982
0.3991
0.3959
0.3983
0.3812
0.3977
0.3979
0.3977
0.3962
0.3981
0.395
0.3981
0.3971
0.3971
0.3994
0.3938
0.3985
0.3976
0.3983
0.397
0.3979
0.3891
0.3982
0.3936
0.3957
0.3944
0.3961
0.398
0.375
0.3829
0.3981
0.3953
0.3926
0.3974
0.3987
0.3971
0.3979
0.3968
0.3989
0.3987
0.3949
0.3976
0.3955
0.3982
0.3897
0.3984
0.3985
0.3984
0.3977
0.3982
0.387
0.3983
0.3927
0.3818
0.3968
0.3993
0.3898
0.3991
0.3979
0.3977
0.3978
0.399
0.3895
0.3975
0.399
0.3879
0.3835
0.3971
0.3983
0.3958
0.3975
0.3985
0.3594
0.3981
0.3958
0.378
0.3992
0.3988
0.3952
0.398
0.3956
0.3959
0.3965
0.3981
0.3969
0.3985
0.3868
0.3961
0.3967
0.3969
0.398
0.3972
0.3939
0.3911
0.3893
0.3991
0.3949
0.398
NA
NA
NA
NA
NA
NA
NA
NA
NA
NA
NA
NA
NA
NA
NA
NA
NA
NA
NA
NA
NA
NA
NA
NA
NA
NA
NA
NA
NA
NA
NA
NA
NA
NA
NA
NA
NA
NA
NA
NA
NA
NA
NA
NA
NA
NA
NA
NA
NA
NA
NA
NA
NA
NA
NA
NA
NA
NA
NA
NA
NA
NA
NA
NA
NA
NA
NA
NA
NA
NA
NA
NA
NA
NA
NA
NA
NA
NA
NA
NA
NA
NA
NA
NA
NA
NA
NA
NA
NA
NA
NA
NA
NA
NA
NA
NA
NA
NA
NA
NA
NA
NA
NA
NA
NA
NA
NA
NA
NA
NA
NA
NA
NA
NA
NA
NA
NA
NA
NA
NA
NA
NA
NA
NA
NA
NA
NA
NA
NA
NA
NA
NA
NA
NA
NA
NA
NA
NA
NA
NA
NA
NA
NA
NA
NA
NA
NA
NA
NA
NA
NA
NA
NA
NA
NA
NA
NA
NA
NA
NA
NA
NA
NA
NA
NA
NA
NA
NA
NA
NA
NA
NA
NA
NA
NA
NA
NA
NA
NA
NA
NA
NA
NA
NA
NA
NA
NA
NA
NA
NA
NA
NA
NA
NA
NA
NA
NA
NA
NA
NA
NA
NA
NA
NA
NA
NA
NA
NA
NA
NA
NA
NA
NA
NA
NA
NA
NA
NA
NA
NA
NA
NA
NA
NA
NA
NA
NA
NA
NA
NA
NA
NA
NA
NA
NA
NA
NA
NA
NA
NA
NA
NA
NA
NA
NA
NA
NA
NA
NA
NA
NA
NA
NA
NA
NA
NA
NA
NA
NA
NA
NA
NA
NA
NA
NA
NA
NA
NA
NA
NA
NA
NA
NA
NA
NA
NA
NA
NA
NA
NA
NA
NA
NA
NA
NA
NA
NA
NA
NA
NA
NA
NA
NA
NA
NA
NA
NA
NA
NA
NA
NA
NA
NA
NA
NA
NA
NA
NA
NA
NA
NA
NA
NA
NA
NA
NA
NA
NA
NA
NA
NA
NA
NA
NA
NA
NA
NA
NA
NA
NA
NA
NA
NA
NA
NA
NA
NA
NA
NA
NA
NA
NA
NA
NA
NA
NA
NA
NA
NA
NA
NA
NA
NA
NA
NA
NA
NA
NA
NA
NA
NA
NA
NA
NA
NA
NA
NA
NA
NA
NA
NA
NA
NA
NA
NA
NA
NA
NA
NA
NA
NA
NA
NA
NA
NA
NA
NA
NA
NA
NA
NA
NA
NA
NA
NA
NA
NA
NA
NA
NA
NA
NA
NA
NA
NA
NA
NA
NA
NA
NA
NA
NA
NA
NA
NA
NA
NA
NA
NA
NA
NA
NA
NA
NA
NA
NA
NA
NA
NA
NA
NA
NA
NA
NA
NA
NA
NA
NA
NA
NA
NA
NA
NA
NA
NA
NA
NA
NA
NA
NA
NA
NA
NA
NA
NA
NA
NA
NA
NA
NA
NA
NA
NA
NA
NA
NA
NA
NA
NA
NA
NA
NA
NA
NA
NA
NA
NA
NA
NA
NA
NA
NA
NA
NA
NA
NA
NA
NA
NA
NA
NA
NA
NA
NA
NA
NA
NA
NA
NA
NA
NA
NA
NA
NA
NA
NA
NA
NA
NA
NA
NA
NA
NA
NA
NA
NA
NA
NA
NA
NA
NA
NA
NA
NA
NA
NA
NA
NA
NA
NA
NA
NA
NA
NA
NA
NA
NA
NA
NA
NA
NA
NA
NA
NA
NA
NA
NA
NA
NA
NA
NA
NA
NA
NA
NA
NA
NA
NA
NA
NA
NA
NA
NA
NA
NA
NA
NA
NA
NA
NA
NA
NA
NA
NA
NA
NA
NA
NA
NA
NA
NA
NA
NA
NA
NA
NA
NA
NA
NA
NA
NA
NA
NA
NA
NA
NA
NA
NA
NA
NA
NA
NA
NA
NA
NA
NA
NA
NA
NA
NA
NA
NA
NA
NA
NA
NA
NA
NA
NA
NA
NA
NA
NA
NA
NA
NA
NA
NA
NA
NA
NA
NA
NA
NA
NA
NA
NA
NA
NA
NA
NA
NA
NA
NA
NA
NA
NA
NA
NA
NA
NA
NA
NA
NA
NA
NA
NA
NA
NA
NA
NA
NA
NA
NA
NA
NA
NA
NA
NA
NA
NA
NA
NA
NA
NA
NA
NA
NA
NA
NA
NA
NA
NA
NA
NA
NA
NA
NA
NA
NA
NA
NA
NA
NA
NA
NA
NA
NA
NA
NA
NA
NA
NA
NA
NA
NA
NA
NA
NA
NA
NA
NA
NA
NA
NA
NA
NA
NA
NA
NA
NA
NA
NA
NA
NA
NA
NA
NA
NA
NA
NA
NA
NA
NA
NA
NA
NA
NA
NA
NA
NA
NA
NA
NA
NA
NA
NA
NA
NA
NA
NA
NA
NA
NA
NA
NA
NA
NA
NA
NA
NA
NA
NA
NA
NA
NA
NA
NA
NA
NA
NA
NA
NA
NA
NA
NA
NA
NA
NA
NA
NA
NA
NA
NA
NA
NA
NA
NA
NA
NA
NA
NA
NA
NA
NA
NA
NA
NA
NA
NA
NA
NA
NA
NA
NA
NA
NA
NA
NA
NA
NA
NA
NA
NA
NA
NA
NA
NA
NA
NA
NA
NA
NA
NA
NA
NA
NA
NA
NA
NA
NA
NA
NA
NA
NA
NA
NA
NA
NA
NA
NA
NA
NA
NA
NA
NA
NA
NA
NA
NA
NA
NA
NA
NA
NA
NA
NA
NA
NA
NA
NA
NA
NA
NA
NA
NA
NA
NA
NA
NA
NA
NA
NA
NA
NA
NA
NA
NA
NA
NA
NA
NA
NA
NA
NA
NA
NA
NA
NA
NA
NA
NA
NA
NA
NA
NA
NA
NA
NA
NA
NA
NA
NA
NA
NA
NA
NA
NA
NA
NA
NA
NA
NA
NA
NA
NA
NA
NA
NA
NA
NA
NA
NA
NA
NA
NA
NA
NA
NA
NA
NA
NA
NA
NA
NA
NA
NA
NA
NA
NA
NA
NA
NA
NA
NA
NA
NA
NA
NA
NA
NA
NA
NA
NA
NA
NA
NA
NA
NA
NA
NA
NA
NA
NA
NA
NA
NA
NA
NA
NA
NA
NA
NA
NA
NA
NA
NA
NA
NA
NA
NA
NA
NA
NA
NA
NA
NA
NA
NA
NA
NA
NA
NA
NA
NA
NA
NA
NA
NA
NA
NA
NA
NA
NA
NA
NA
NA
NA
NA
NA
NA
NA
NA
NA
NA
NA
NA
NA
NA
NA
NA
NA
NA
NA
NA
NA
NA
NA
NA
NA
NA
NA
NA
NA
NA
NA
NA
NA
NA
NA
NA
NA
NA
NA
NA
NA
NA
NA
NA
NA
NA
NA
NA
NA
NA
NA
NA
NA
NA
NA
NA
NA
NA
NA
NA
NA
NA
NA
NA
NA
NA
NA
NA
NA
NA
NA
NA
NA
NA
NA
NA
NA
NA
NA
NA
NA
NA
NA
NA
NA
NA
NA
NA
NA
NA
NA
NA
NA
NA
NA
NA
NA
NA
NA
NA
NA
NA
NA
NA
NA
NA
NA
NA
NA
NA
NA
NA
NA
NA
NA
NA
NA
NA
NA
NA
NA
NA
NA
NA
NA
NA
NA
NA
NA
NA
NA
NA
NA
NA
NA
NA
NA
NA
NA
NA
NA
NA
NA
NA
NA
NA
NA
NA
NA
NA
NA
NA
NA
NA
NA
NA
NA
NA
NA
NA
NA
NA
NA
NA
NA
NA
NA
NA
NA
NA
NA
NA
NA
NA
NA
NA
NA
NA
NA
NA
NA
NA
NA
NA
NA
NA
NA
NA
NA
NA
NA
NA
NA
NA
NA
NA
NA
NA
NA
NA
NA
NA
NA
NA
NA
NA
NA
NA
NA
NA
NA
NA
NA
NA
NA
NA
NA
NA
NA
NA
NA
NA
NA
NA
NA
NA
NA
NA
NA
NA
NA
NA
NA
NA
NA
NA
NA
NA
NA
NA
NA
NA
NA
NA
NA
NA
NA
NA
NA
NA
NA
NA
NA
NA
NA
NA
NA
NA
NA
NA
NA
NA
NA
NA
NA
NA
NA
NA
NA
NA
NA
NA
NA
NA
NA
NA
NA
NA
NA
NA
NA
NA
NA
NA
NA
NA
NA
NA
NA
NA
NA
NA
NA
NA
NA
NA
NA
NA
NA
NA
NA
NA
NA
NA
NA
NA
NA
NA
NA
NA
NA
NA
NA
NA
NA
NA
NA
NA
NA
NA
NA
NA
NA
NA
NA
NA
NA
NA
NA
NA
NA
NA
NA
NA
NA
NA
NA
NA
NA
NA
NA
NA
NA
NA
NA
NA
NA
NA
NA
NA
NA
NA
NA
NA
NA
NA
NA
NA
NA
NA
NA
NA
NA
NA
NA
NA
NA
NA
NA
NA
NA
NA
NA
NA
NA
NA
NA
NA
NA
NA
NA
NA
NA
NA
NA
NA
NA
NA
NA
NA
NA
NA
NA
NA
NA
NA
NA
NA
NA
NA
NA
NA
NA
NA
NA
NA
NA
NA
NA
NA
NA
NA
NA
NA
NA
NA
NA
NA
NA
NA
NA
NA
NA
NA
NA
NA
NA
NA
NA
NA
NA
NA
NA
NA
NA
NA
NA
NA
NA
NA
NA
NA
NA
NA
NA
NA
NA
NA
NA
NA
NA
NA
NA
NA
NA
NA
NA
NA
NA
NA
NA
NA
NA
NA
NA
NA
NA
NA
NA
NA
NA
NA
NA
NA
NA
NA
NA
NA
NA
NA
NA
NA
NA
NA
NA
NA
NA
NA
NA
NA
NA
NA
NA
NA
NA
NA
NA
NA
NA
NA
NA
NA
NA
NA
NA
NA
NA
NA
NA
NA
NA
NA
NA
NA
NA
NA
NA
NA
NA
NA
NA
NA
NA
NA
NA
NA
NA
NA
NA
NA
NA
NA
NA
NA
NA
NA
NA
NA
NA
NA
NA
NA
NA
NA
NA
NA
NA
NA
NA
NA
NA
NA
NA
NA
NA
NA
NA
NA
NA
NA
NA
NA
NA
NA
NA
NA
NA
NA
NA
NA
NA
NA
NA
NA
NA
NA
NA
NA
NA
NA
NA
NA
NA
NA
NA
NA
NA
NA
NA
NA
NA
NA
NA
NA
NA
NA
NA
NA
NA
NA
NA
NA
NA
NA
NA
NA
NA
NA
NA
NA
NA
NA
NA
NA
NA
NA
NA
NA
NA
NA
NA
NA
NA
NA
NA
NA
NA
NA
NA
NA
NA
NA
NA
NA
NA
NA
NA
NA
NA
NA
NA
NA
NA
NA
NA
NA
NA
NA
NA
NA
NA
NA
NA
NA
NA
NA
NA
NA
NA
NA
NA
NA
NA
NA
NA
NA
NA
NA
NA
NA
NA
NA
NA
NA
NA
NA
NA
NA
NA
NA
NA
NA
NA
NA
NA
NA
NA
NA
NA
NA
NA
NA
NA
NA
NA
NA
NA
NA
NA
NA
NA
NA
NA
NA
NA
NA
NA
NA
NA
NA
NA
NA
NA
NA
NA
NA
NA
NA
NA
NA
NA
NA
NA
NA
NA
NA
NA
NA
NA
NA
NA
NA
NA
NA
NA
NA
NA
NA
NA
NA
NA
NA
NA
NA
NA
NA
NA
NA
NA
NA
NA
NA
NA
NA
NA
NA
NA
NA
NA
NA
NA
NA
NA
NA
NA
NA
NA
NA
NA
NA
NA
NA
NA
NA
NA
NA
NA
NA
NA
NA
NA
NA
NA
NA
NA
NA
NA
NA
NA
NA
NA
NA
NA
NA
NA
NA
NA
NA
NA
NA
NA
NA
NA
NA
NA
NA
NA
NA
NA
NA
NA
NA
NA
NA
NA
NA
NA
NA
NA
NA
NA
NA
NA
NA
NA
NA
NA
NA
NA
NA
NA
NA
NA
NA
NA
NA
NA
NA
NA
NA
NA
NA
NA
NA
NA
NA
NA
NA
NA
NA
NA
NA
NA
NA
NA
NA
NA
NA
NA
NA
NA
NA
NA
NA
NA
NA
NA
NA
NA
NA
NA
NA
NA
NA
NA
NA
NA
NA
NA
NA
NA
NA
NA
NA
NA
NA
NA
NA
NA
NA
NA
NA
NA
NA
NA
NA
NA
NA
NA
NA
NA
NA
NA
NA
NA
NA
NA
NA
NA
NA
NA
NA
NA
NA
NA
NA
NA
NA
NA
NA
NA
NA
NA
NA
NA
NA
NA
NA
NA
NA
NA
NA
NA
NA
NA
NA
NA
NA
NA
NA
NA
NA
NA
NA
NA
NA
NA
NA
NA
NA
NA
NA
NA
NA
NA
NA
NA
NA
NA
NA
NA
NA
NA
NA
NA
NA
NA
NA
NA
NA
NA
NA
NA
NA
NA
NA
NA
NA
NA
NA
NA
NA
NA
NA
NA
NA
NA
NA
NA
NA
NA
NA
NA
NA
NA
NA
NA
NA
NA
NA
NA
NA
NA
NA
NA
NA
NA
NA
NA
NA
NA
NA
NA
NA
NA
NA
NA
NA
NA
NA
NA
NA
NA
NA
NA
NA
NA
NA
NA
NA
NA
NA
NA
NA
NA
NA
NA
NA
NA
NA
NA
NA
NA
NA
NA
NA
NA
NA
NA
NA
NA
NA
NA
NA
NA
NA
NA
NA
NA
NA
NA
NA
NA
NA
NA
NA
NA
NA
NA
NA
NA
NA
NA
NA
NA
NA
NA
NA
NA
NA
NA
NA
NA
NA
NA
NA
NA
NA
NA
NA
NA
NA
NA
NA
NA
NA
NA
NA
NA
NA
NA
NA
NA
NA
NA
NA
NA
NA
NA
NA
NA
NA
NA
NA
NA
NA
NA
NA
NA
NA
NA
NA
NA
NA
NA
NA
NA
NA
NA
NA
NA
NA
NA
NA
NA
NA
NA
NA
NA
NA
NA
NA
NA
NA
NA
NA
NA
NA
NA
NA
NA
NA
NA
NA
NA
NA
NA
NA
NA
NA
NA
NA
NA
NA
NA
NA
NA
NA
NA
NA
NA
NA
NA
NA
NA
NA
NA
NA
NA
NA
NA
NA
NA
NA
NA
NA
NA
NA
NA
NA
NA
NA
NA
NA
NA
NA
NA
NA
NA
NA
NA
NA
NA
NA
NA
NA
NA
NA
NA
NA
NA
NA
NA
NA
NA
NA
NA
NA
NA
NA
NA
NA
NA
NA
NA
NA
NA
NA
NA
NA
NA
NA
NA
NA
NA
NA
NA
NA
NA
NA
NA
NA
NA
NA
NA
NA
NA
NA
NA
NA
NA
NA
NA
NA
NA
NA
NA
NA
NA
NA
NA
NA
NA
NA
NA
NA
NA
NA
NA
NA
NA
NA
NA
NA
NA
NA
NA
NA
NA
NA
NA
NA
NA
NA
NA
NA
NA
NA
NA
NA
NA
NA
NA
NA
NA
NA
NA
NA
NA
NA
NA
NA
NA
NA
NA
NA
NA
NA
NA
NA
NA
NA
NA
NA
NA
NA
NA
NA
NA
NA
NA
NA
NA
NA
NA
NA
NA
NA
NA
NA
NA
NA
NA
NA
NA
NA
NA
NA
NA
NA
NA
NA
NA
NA
NA
NA
NA
NA
NA
NA
NA
NA
NA
NA
NA
NA
NA
NA
NA
NA
NA
NA
NA
NA
NA
NA
NA
NA
NA
NA
NA
NA
NA
NA
NA
NA
NA
NA
NA
NA
NA
NA
NA
NA
NA
NA
NA
NA
NA
NA
NA
NA
NA
NA
NA
NA
NA
NA
NA
NA
NA
NA
NA
NA
NA
NA
NA
NA
NA
NA
NA
NA
NA
NA
NA
NA
NA
NA
NA
NA
NA
NA
NA
NA
NA
NA
NA
NA
NA
NA
NA
NA
NA
NA
NA
NA
NA
NA
NA
NA
NA
NA
NA
NA
NA
NA
NA
NA
NA
NA
NA
NA
NA
NA
NA
NA
NA
NA
NA
NA
NA
NA
NA
NA
NA
NA
NA
NA
NA
NA
NA
NA
NA
NA
NA
NA
NA
NA
NA
NA
NA
NA
NA
NA
NA
NA
NA
NA
NA
NA
NA
NA
NA
NA
NA
NA
NA
NA
NA
NA
NA
NA
NA
NA
NA
NA
NA
NA
NA
NA
NA
NA
NA
NA
NA
NA
NA
NA
NA
NA
NA
NA
NA
NA
NA
NA
NA
NA
NA
NA
NA
NA
NA
NA
NA
NA
NA
NA
NA
NA
NA
NA
NA
NA
NA
NA
NA
NA
NA
NA
NA
NA
NA
NA
NA
NA
NA
NA
NA
NA
NA
NA
NA
NA
NA
NA
NA
NA
NA
NA
NA
NA
NA
NA
NA
NA
NA
NA
NA
NA
NA
NA
NA
NA
NA
NA
NA
NA
NA
NA
NA
NA
NA
NA
NA
NA
NA
NA
NA
NA
NA
NA
NA
NA
NA
NA
NA
NA
NA
NA
NA
NA
NA
NA
NA
NA
NA
NA
NA
NA
NA
NA
NA
NA
NA
NA
NA
NA
NA
NA
NA
NA
NA
NA
NA
NA
NA
NA
NA
NA
NA
NA
NA
NA
NA
NA
NA
NA
NA
NA
NA
NA
NA
NA
NA
NA
NA
NA
NA
NA
NA
NA
NA
NA
NA
NA
NA
NA
NA
NA
NA
NA
NA
NA
NA
NA
NA
NA
NA
NA
NA
NA
NA
NA
NA
NA
NA
NA
NA
NA
NA
NA
NA
NA
NA
NA
NA
NA
NA
NA
NA
NA
NA
NA
NA
NA
NA
NA
NA
NA
NA
NA
NA
NA
NA
NA
NA
NA
NA
NA
NA
NA
NA
NA
NA
NA
NA
NA
NA
NA
NA
NA
NA
NA
NA
NA
NA
NA
NA
NA
NA
NA
NA
NA
NA
NA
NA
NA
NA
NA
NA
NA
NA
NA
NA
NA
NA
NA
NA
NA
NA
NA
NA
NA
NA
NA
NA
NA
NA
NA
NA
NA
NA
NA
NA
NA
NA
NA
NA
NA
NA
NA
NA
NA
NA
NA
NA
NA
NA
NA
NA
NA
NA
NA
NA
NA
NA
NA
NA
NA
NA
NA
NA
NA
NA
NA
NA
NA
NA
NA
NA
NA
NA
NA
NA
NA
NA
NA
NA
NA
NA
NA
NA
NA
NA
NA
NA
NA
NA
NA
NA
NA
NA
NA
NA
NA
NA
NA
NA
NA
NA
NA
NA
NA
NA
NA
NA
NA
NA
NA
NA
NA
NA
NA
NA
NA
NA
NA
NA
NA
NA
NA
NA
NA
NA
NA
NA
NA
NA
NA
NA
NA
NA
NA
NA
NA
NA
NA
NA
NA
NA
NA
NA
NA
NA
NA
NA
NA
NA
NA
NA
NA
NA
NA
NA
NA
NA
NA
NA
NA
NA
NA
NA
NA
NA
NA
NA
NA
NA
NA
NA
NA
NA
NA
NA
NA
NA
NA
NA
NA
NA
NA
NA
NA
NA
NA
NA
NA
NA
NA
NA
NA
NA
NA
NA
NA
NA
NA
NA
NA
NA
NA
NA
NA
NA
NA
NA
NA
NA
NA
NA
NA
NA
NA
NA
NA
NA
NA
NA
NA
NA
NA
NA
NA
NA
NA
NA
NA
NA
NA
NA
NA
NA
NA
NA
NA
NA
NA
NA
NA
NA
NA
NA
NA
NA
NA
NA
NA
NA
NA
NA
NA
NA
NA
NA
0.2903
0.2129
0.2586
0.4211
0.2614
0.4431
0.5278
0.3636
0.3377
0.4423
0.2849
0.3734
0.3882
0.4072
0.2289
0.226
0.3544
0.2791
0.3295
0.4934
0.3571
0.4126
0.1231
0.2857
0.271
0.233
0.2326
0.4416
0.277
0.4255
0.2179
0.32
0.3333
0.3647
0.4528
0.257
0.3371
0.3913
0.2975
0.1126
0.2766
0.3704
0.2697
0.3655
0.5344
0.3652
0.4161
0.1979
0.4573
0.253
0.576
0.5366
0.2857
0.2105
0.3669
0.3038
0.3286
0.4388
0.2
0.404
0.1878
0.5232
0.3553
0.5426
0.3051
0.1954
0.4706
0.3023
0.3015
0.3234
0.355
0.3571
0.3354
0.3537
0.3642
0.25
0.2816
0.1779
0.2155
0.1813
0.2848
0.2917
0.338
0.3831
0.4207
0.2416
0.518
0.1795
0.1806
0.4
0.3446
0.4474
0.4196
0.2375
0.3242
0.3357
0.1582
0.2035
0.2617
0.2168
0.4904
0.3252
0.4756
0.2357
0.2727
0.2711
0.3822
0.245
0.2903
0.3481
0.2244
0.1818
0.5645
0.3568
0.2575
0.3611
0.331
0.2721
0.4336
0.4722
0.4366
0.2848
0.4654
0.3446
0.5071
0.2819
0.3077
0.3955
0.2516
0.2722
0.267
0.2795
0.3631
0.4317
0.4762
0.2682
0.3533
0.4204
0.3077
0.4406
0.4698
0.4645
0.359
0.1546
0.3602
0.383
0.2593
0.2917
0.2707
0.2663
0.5385
0.3125
0.2468
0.3371
0.239
0.2319
0.3602
0.3254
0.2973
0.3464
0.2857
0.3262
0.3399
0.3145
0.2297
0.4733
0.2905
0.4183
0.2
0.349
0.1283
0.3563
0.3544
0.2649
0.2258
0.2976
0.3333
0.2251
0.2263
0.5655
0.2829
0.36
0.306
0.2515
0.3649
0.2353
0.4963
0.1655
0.2404
0.5124
0.2616
0.2788
0.247
0.3817
0.3
0.4685
0.3895
0.3455
0.2168
0.4304
0.2303
0.1688
0.4839
0.2247
0.5214
0.5263
0.0469
0.3333
0.2194
0.2527
0.2139
0.3311
0.3082
0.3418
0.0611
0.2754
0.3377
0.1919
0.3826
0.2981
0.3353
0.1923
0.3314
0.2804
0.3247
0.2667
0.4681
0.3177
0.2061
0.2932
0.3869
0.3973
0.5168
0.32
0.345
0.4551
0.375
0.3
0.178
0.4933
0.5127
0.2704
0.4276
0.3203
0.201
0.1788
0.253
0.239
0.2971
0.2316
0.3148
0.1629
0.2111
0.2698
0.1786
0.3797
0.3136
0.2056
0.2975
0.3797
0.25
0.2717
0.3354
0.5556
0.2811
0.3168
0.4011
0.5149
0.2994
0.3544
0.1587
0.3663
0.1037
0.2919
0.283
0.2549
0.2428
0.3947
0.3261
0.3234
0.3916
0.3311
0.2883
0.3354
0.2198
0.2876
0.3529
0.3353
0.2179
0.2278
0.4286
0.2986
0.4359
0.2201
0.2312
0.2386
0.2406
0.3846
0.4161
0.375
0.2756
0.3212
0.4892
0.3433
0.3547
0.4038
0.3277
0.275
0.3019
0.4114
0.3926
0.257
0.4748
0.1582
0.3973
0.1919
0.3483
0.3333
0.2619
0.3455
0.3185
0.3237
0.4468
0.3333
0.3554
0.24
0.3382
0.3194
0.2881
0.2516
0.1348
0.3311
0.2637
0.2867
0.2847
0.4248
0.1546
0.3926
0.24
0.2805
0.3481
0.2982
0.2717
0.2649
0.3333
0.414
0.3415
0.1954
0.2885
0.1623
0.3132
0.3222
0.4348
0.3419
0.3709
0.449
0.3354
0.3087
0.3059
0.4868
0.3438
0.2024
0.3509
0.3265
0.4013
0.3017
0.4518
0.3812
0.3484
0.3065
0.323
0.3804
0.3567
0.25
0.3624
0.2134
0.1975
0.3125
0.2902
0.2907
0.2337
0.3728
0.3766
0.4224
0.3688
0.3987
0.1579
0.3673
0.0774
0.3526
0.3929
0.2545
0.1611
0.202
0.1978
0.3234
0.4
0.2403
0.2941
0.2435
0.2674
0.3262
0.3581
0.3276
0.5037
0.0775
0.3025
0.2549
0.3061
0.4049
0.267
0.3758
0.4076
0.3526
0.2236
0.2321
0.6258
0.4153
0.2683
0.1966
0.3571
0.4476
0.3544
0.28
0.4382
0.4848
0.2651
0.2561
0.2629
0.3291
0.4392
0.3185
0.1044
0.2102
0.2575
0.2866
0.2108
0.1667
0.1966
0.2011
0.4935
0.2966
0.6738
0.3025
0.1765
0.1544
0.6452
0.2781
0.2579
0.2038
0.2111
0.3281
0.5732
0.2609
0.3963
0.568
0.3581
0.2602
0.2761
0.518
0.3974
0.1813
0.2727
0.3702
0.2469
0.2378
0.2406
0.2093
0.2044
0.2836
0.2683
0.2667
0.3051
0.2802
0.4013
0.2893
0.4058
0.2703
0.1747
0.3989
0.2959
0.3233
0.232
0.2088
0.3566
0.1748
0.3179
0.3617
0.3161
0.25
0.3312
0.4557
0.3989
0.3118
0.25
0.2293
0.1827
0.442
0.253
0.2849
0.4754
0.5385
0.1881
0.2254
0.2752
0.4577
0.3971
0.177
0.3313
0.2929
0.3192
0.3077
0.3758
0.2515
0.5424
0.427
0.3494
0.5524
0.3438
0.4125
0.276
0.2683
0.3032
0.4033
0.3567
0.26
0.3138
0.3281
0.2639
0.5143
0.355
0.3772
0.2241
0.4138
0.4062
0.3459
0.3553
0.3631
0.4379
0.5625
0.3669
0.3381
0.2756
0.4593
0.2457
0.4599
0.4859
0.4756
0.2483
0.2963
0.3462
0.2295
0.3294
0.5282
0.4737
0.3512
0.2986
0.2945
0.107
0.2763
0.2931
0.3353
0.2715
0.2339
0.3
0.2577
0.2707
0.3041
0.2871
0.2934
0.2816
0.4508
0.3148
0.2045
0.3086
0.3037
0.2761
0.1859
0.4417
0.446
0.2167
0.1173
0.4851
0.2932
0.1429
0.2186
0.2963
0.2604
0.2713
0.2308
0.3716
0.0161
0.4697
0.4503
0.199
0.2654
0.1795
0.3526
0.411
0.2432
0.2632
0.2624
0.3962
0.3122
0.2469
0.232
0.4748
0.2324
0.2688
0.3697
0.4464
0.4337
0.3289
0.3203
0.3758
0.4726
0.2159
0.2629
0.2216
0.2446
0.19
0.4125
0.3986
0.1436
0.5973
0.3424
0.3608
0.3962
0.1754
0.3512
0.5342
0.2262
0.2032
0.2561
0.2013
0.4539
0.2756
0.4586
0.2339
0.3257
0.3673
0.2168
0.3818
0.4648
0.2981
0.2166
0.2743
0.2985
0.2857
0.3483
0.3354
0.5067
0.1745
0.4014
0.2654
0.2061
0.2153
0.4056
0.4058
0.3988
0.3117
0.4706
0.2013
0.2659
0.1796
0.2944
0.2742
0.3216
0.1895
0.2667
0.3659
0.3735
0.5414
0.2201
0.2963
0.3935
0.5748
0.3147
0.45
0.1941
0.3833
0.4406
0.3381
0.2903
0.4419
0.7744
0.479
0.4051
0.191
0.2331
0.2671
0.359
0.2678
0.1707
0.3158
0.2241
0.18
0.2717
0.2609
0.4218
0.2387
0.2865
0.3624
0.3896
0.2959
0.4575
0.2905
0.3114
0.3553
0.3077
0.2675
0.3125
0.3613
0.3867
0.3446
0.2637
0.2821
0.3789
0.2703
0.3057
0.5634
0.4
0.3419
0.4574
0.149
0.2952
0.4504
0.2727
0.2683
0.4171
0.4118
0.3057
0.3759
0.2768
0.4423
0.4706
0.2229
0.4218
0.1813
0.3793
0.7293
0.2179
0.3077
0.247
0.2629
0.4453
0.2581
0.2973
0.3824
0.086
0.2317
0.3636
0.2339
0.1598
0.3455
0.3462
0.4662
0.1765
0.34
0.325
0.4558
0.2927
0.5033
0.2778
0.2749
0.4062
0.4444
0.3813
0.297
0.4339
0.2994
0.2727
0.2513
0.358
0.3974
0.3444
0.4157
0.3025
0.4156
0.3643
0.2685
0.3121
0.408
0.386
0.2381
0.4167
0.3258
0.3836
0.3922
0.3421
0.2473
0.3567
0.1626
0.338
0.3586
0.179
0.3614
0.2557
0.3827
0.4904
0.5029
0.2788
0.4115
0.3576
0.411
0.3193
0.1686
0.2824
0.4342
0.3741
0.4706
0.2118
0.3986
0.3759
0.244
0.4198
0.2941
0.3484
0.3421
0.239
0.28
0.2718
0.1919
0.2346
0.4201
0.2256
0.3176
0.3101
0.4146
0.4863
0.3506
0.3311
0.3333
0.3232
0.2961
0.3647
0.0794
0.3295
0.3623
0.4161
0.1916
0.4229
0.2102
0.4
0.1311
0.5411
0.2768
0.3931
0.4069
0.3812
0.2945
0.1656
0.6154
0.4025
0.236
0.5435
0.3113
0.2867
0.3218
0.3022
0.3916
0.1538
0.3077
0.2857
0.3312
0.2588
0.2628
0.2667
0.4233
0.3248
0.4701
0.2097
0.2838
0.3836
0.256
0.6013
0.42
0.1978
0.2986
0.2744
0.284
0.4938
0.2857
0.4
0.202
0.4014
0.4331
0.2628
0.4632
0.2398
0.4345
0.2587
0.4621
0.2619
0.3029
0.5733
0.2
0.3167
0.2209
0.4235
0.819
0.3
0.339
0.3636
0.1326
0.2833
0.4303
0.3841
0.3926
0.4177
0.3158
0.3704
0.4254
0.3665
0.4014
0.2775
0.4375
0.2485
0.2945
0.3314
0.2121
0.5091
0.3576
0.3553
0.3072
0.2754
0.3081
0.3734
0.1474
0.4615
0.5214
0.4074
0.4489
0.4308
0.2515
0.1694
0.3237
0.3688
0.2528
0.3648
0.3588
0.3202
0.5448
0.0765
0.2805
0.3473
0.3395
0.3716
0.3242
0.4012
0.2857
0.3736
0.3077
0.3766
0.3354
0.2165
0.4024
0.1968
0.44
0.2919
0.2343
0.2125
0.3049
0.2298
0.2202
0.2443
0.2412
0.3133
0.2938
0.1928
0.4662
0.2632
0.3605
0.5034
0.6054
0.0485
0.2515
0.4653
0.5259
0.2663
0.4545
0.2634
0.5191
0.349
0.2386
0.2976
0.2889
0.3691
0.2371
0.2242
0.3669
0.354
0.2706
0.2692
0.1838
0.3986
0.2781
0.2337
0.3537
0.2094
0.0625
0.2
0.2171
0.3158
0.2549
0.3353
0.4375
0.331
0.1274
0.4359
0.2601
0.0337
0.3421
0.4311
0.199
0.1695
0.2893
0.2442
0.3179
0.4408
0.2647
0.4126
0.0243
0.223
0.216
0.2557
0.1437
0.4221
0.0427
0.0692
0.0241
0.0357
0.2901
0.3176
0.4204
0.0354
0.2191
0.3851
0.2658
0.4621
0.2606
0.2901
0.2191
0.3172
0.0541
0.025
0.3624
0.1123
0.3176
0.2651
0.52
0.0423
0.0465
0.2513
0.3432
0.2911
0.0789
0.3525
0.1875
0.3232
0.0312
0.268
0.0357
0.4419
0.2881
0.1561
0.3333
0.0267
0.2086
0.2388
0.133
0.2038
0.2722
0.0782
0.3265
0.2838
0.0471
0.1325
0.0207
0.0104
0.0601
0.0056
0.0452
0.3636
0.4069
0.1934
0.4101
0.1231
0.1517
0.3677
0.121
0.0175
0.3497
0.1761
0.0404
0.3
0.1469
0.0331
0.0438
0.2014
0.3248
0.0167
0.4146
0.0867
0.2657
0.2335
0.2803
0.0482
0.0231
0.2215
0.1859
0.0275
0.4758
0.0439
0.2275
0.1409
0.338
0.2585
0.0366
0.375
0.4476
0.2911
0.3774
0.2752
0.4143
0.0178
0.4488
0.2655
0.2075
0.2342
0.1989
0.2298
0.3694
0.3094
0.4218
0.1773
0.2533
0.4076
0.2747
0.0529
0.396
0.3355
0.293
0.1392
0.3106
0.0382
0.1789
0.0506
0.1934
0.1512
0.0427
0.0245
0.0482
0.2416
0.2049
0.2609
0.354
0.2663
0.0427
0.0234
0.1694
0.2958
0.0468
0.3228
0.1818
0.0403
0.2067
0.236
0.159
0.3423
0.0749
0.3333
0.0452
0.0561
0.0245
0.2024
0.3072
0.1571
0.1458
0.4414
0.1974
0.2467
0.2514
0.2455
0.1859
0.1834
0.0312
0.0608
0.153
0.0441
0.1919
0.2364
0.0769
0.2214
0.2381
0.3287
0.2733
0.2229
0.2714
0.5064
0.1573
0.0414
0.4129
0.1404
0.4071
0.6015
0.2093
0.0245
0.2516
0.224
0.1792
0.2303
0.2453
0.0455
0.1404
0.2036
0.0361
0.1988
0.3421
0.3106
0.2601
0.1346
0.2743
0.1927
0.2581
0.1952
0.0248
0.2746
0.1818
0.0374
0.4088
0.3014
0.3557
0.3161
0.3099
0.3526
0.3684
0.3
0.1466
0.0495
0.4177
0.2327
0.3775
0.2614
0.0242
0.0163
0.1988
0.0286
0.3066
0.1579
0.2024
0.1695
0.1722
0.1917
0.0611
0.0333
0.0595
0.041
0.2188
0.1486
0.2573
0.2601
0.0282
0.0647
0.2193
0.2981
0.0197
0.4403
0.2367
0.3608
0.1295
0.0531
0.142
0.2115
0.2453
0.0309
0.1965
0.0301
0.2754
0.046
0.3007
0.5036
0.0391
0.2963
0.0205
0.3137
0.281
0.3232
0.1778
0.1646
0.3571
0.2847
0.3248
0.195
0.2023
0.0265
0.0299
0.0419
0.3333
0.3125
0.25
0.0584
0.0312
0.3433
0.186
0.3248
0.2682
0.1976
0.2327
0.4557
0.3436
0.2067
0.4101
0.1987
0.0719
0.1561
0.2303
0.2023
0.1964
0.253
0.024
0.0674
0.4148
0.2815
0.2711
0.2571
0.2353
0.2847
0.0237
0.1384
0.033
0.1908
0.2143
0.1888
0.1973
0.3922
0.0149
0.0333
0.1751
0.0393
0.0559
0.2807
0.2324
0.1989
0.0278
0.3057
0.2424
0.0486
0.2614
0.1494
0.224
0.2556
0.3623
0.0643
0.0355
0.3378
0.1951
0.2081
0.2235
0.3987
0.0552
0.1726
0.3509
0.2925
0.3377
0.0199
0.4217
0.3188
0.2839
0.3172
0.2919
0.3252
0.2975
0.0504
0.3
0.2182
0.1465
0.3188
0.009
0.2442
0.2174
0.2529
0.0389
0.323
0.3028
0.3228
0.1986
0.2721
0.0292
0.2949
0.1977
0.1437
0.105
0.0145
0.1484
0.2426
0.3706
0.1818
0.3007
0.0244
0.2326
0.2941
0.3243
0.2011
0.0513
0.2333
0.2346
0.2353
0.2139
0.3926
0.2443
0.3636
0.2675
0.0353
0.0508
0.1124
0.5871
0.4208
0.1845
0.1742
0.3896
0.0301
0.3038
0.0419
0.3017
0.4167
0.0541
0.2012
0.2171
0.2722
0.4527
0.0402
0.1319
0.1783
0.1796
0.2102
0.0354
0.1406
0.1517
0.1494
0.0266
0.2552
0.5532
0.1646
0.0674
0.1544
0.5323
0.2632
0.012
0.1709
0.1366
0.0208
0.4114
0.2331
0.3049
0.0345
0.2583
0.2092
0.2242
0.4532
0.2468
0.1329
0.2615
0.0657
0.2469
0.2028
0.2162
0.1977
0.1934
0.0345
0.2012
0.0417
0.1944
0.2063
0.3618
0.1527
0.3669
0.0443
0.0345
0.066
0.0273
0.4135
0.2371
0.2253
0.2867
0.1667
0.2543
0.3714
0.0355
0.2039
0.2038
0.4241
0.2299
0.2294
0.0339
0.1875
0.1421
0.2349
0.1557
0.2938
0.4344
0.078
0.1733
0.23
0.1745
0.4437
0.2714
0.0864
0.3292
0.0464
0.2465
0.2405
0.2075
0.2638
0.3955
0.44
0.2952
0.0305
0.0562
0.325
0.3177
0.2378
0.271
0.3591
0.0363
0.0736
0.0274
0.0408
0.0645
0.0361
0.0383
0.3653
0.1724
0.3736
0.4375
0.3711
0.2792
0.0305
0.0387
0.4041
0.3846
0.0592
0.1783
0.0385
0.2457
0.4234
0.4056
0.2848
0.2483
0.0526
0.0337
0.2514
0.2941
0.4056
0.3935
0.284
0.2778
0.2671
0.1844
0.3355
0.2586
0.2695
0.2434
0.2047
0.0511
0.2147
0.2303
0.2148
0.0413
0.2874
0.0254
0.4754
0.2284
0.2159
0.0893
0.0769
0.2393
0.1256
0.4294
0.0382
0.2
0.1358
0.3731
0.3141
0.1462
0.1243
0.2346
0.1231
0.1466
0.3268
0.3129
0.213
0.3409
0.0169
0.1885
0.1943
0.1474
0.237
0.3014
0.0263
0.0545
0.0464
0.1479
0.2487
0.0506
0.1359
0.4286
0.2111
0.0282
0.0328
0.3412
0.3494
0.2533
0.281
0.3154
0.4726
0.0423
0.3029
0.1236
0.1958
0.175
0.321
0.3041
0.0441
0.0847
0.0192
0.1455
0.0113
0.152
0.0107
0.3444
0.125
0.1979
0.2012
0.2201
0.2564
0.0238
0.4776
0.1988
0.1899
0.061
0.1888
0.303
0.3379
0.2609
0.172
0.2629
0.2388
0.244
0.3258
0.3043
0.205
0.2133
0.3732
0.0611
0.0337
0.0526
0.226
0.259
0.0311
0.2468
0.0199
0.0303
0.0211
0.1737
0.0408
0.2151
0.2864
0.1823
0.2533
0.311
0.2651
0.4135
0.2264
0.2778
0.2885
0.4341
0.2741
0.0741
0.1941
0.0146
0.0539
0.0641
0.2312
0.3023
0.6838
0.2814
0.067
0.1457
0.2209
0.18
0.2885
0.2174
0.0462
0.2924
0.016
0.0187
0.2647
0.1534
0.381
0.1935
0.2222
0.2215
0.0778
0.0389
0.0349
0.1533
0.2455
0.0296
0.0393
0.2293
0.0494
0.3032
0.2667
0.0625
0.0297
0.0732
0.0162
0.129
0.1636
0.3732
0.3871
0.1975
0.0261
0.1154
0.2917
0.3664
0.2727
0.1818
0.0553
0.3791
0.2229
0.1739
0.0524
0.359
0.1503
0.1867
0.3878
0.1404
0.3793
0.5564
0.1987
0.213
0.2289
0.24
0.375
0.2258
0.0485
0.2701
0.0376
0.2182
0.3333
0.2281
0.1518
0.2727
0.2597
0.2468
0.1701
0.2289
0.2174
0.071
0.1834
0.5098
0.2667
0.2139
0.0385
0.2849
0.2908
0.0376
0.3333
0.2611
0.0519
0.2727
0.2485
0.0226
0.0297
0.3234
0.2963
0.3161
0.0329
0.1879
0.2405
0.0464
0.3041
0.2011
0.0427
0.2528
0.2893
0.3529
0.0488
0.0201
0.2312
0.1429
0.3121
0.2657
0.0235
0.0383
0.1889
0.0533
0.4459
0.4451
0.2108
0.2386
0.245
0.2318
0.1928
0.1379
0.2529
0.3421
0.0556
0.3971
0.0495
0.3116
0.3521
0.0335
0.2744
0.2765
0.0289
0.2829
0.2264
0.0485
0.1218
0.0145
0.1397
0.0495
0.0116
0.3451
0.0511
0.027
0.4521
0.3312
0.2452
0.0251
0.2439
0.0508
0.0415
0.2727
0.0208
0.2153
0.2515
0.1343
0.2614
0.1859
0.3704
0.0309
0.3333
0.1977
0.3179
0.375
0.2454
0.2638
0.1613
0.4406
0.2298
0.0345
0.0468
0.245
0.2378
0.3046
0.2662
0.2587
0.1479
0.0355
0.2517
0.1948
0.1588
0.1971
0.1778
0.3171
0.2675
0.3697
0.1882
0.0675
0.2956
0.2143
0.0269
0.4333
0.1923
0.0385
0.152
0.2249
0.2235
0.2328
0.3643
0.0388
0.3673
0.3822
0.1847
0.0438
0.1692
0.2759
0.2587
0.3636
0.0272
0.2045
0.5667
0.1279
0.3111
0.1646
0.3647
0.5667
0.2765
0.2938
0.0479
0.1713
0.0355
0.3818
0.3775
0.0361
0.0159
0.25
0.2963
0.3582
0.1627
0.037
0.1609
0.3472
0.1818
0.1779
0.2679
0.2216
0.3713
0.2229
0.25
0.2662
0.1677
0.2442
0.3354
0.1987
0.3958
0.3714
0.3022
0.3466
0.0638
0.1617
0.0582
0.3006
0.1029
0.0526
0.0316
0.3118
0.2809
0.5034
0.0412
0.25
0.2814
0.105
0.0542
0.0244
0.3198
0.2981
0.2034
0.2637
0.3442
0.2278
0.201
0.0267
0.1011
0.351
0.2486
0.0213
0.2453
0.2182
0.0176
0.1726
0.1694
0.0216
0.2632
0.3062
0.1446
0.0382
0.3099
0.2203
0.0114
0.5238
0.0242
0.2188
0.4097
0.5185
0.0335
0.3217
0.2244
0.1528
0.2067
0.0311
0.2335
0.2278
0.172
0.1856
0.2083
0.0309
0.2795
0.2241
0.2564
0.1344
0.3566
0.2619
0.2228
0.2744
0.1152
0.0455
0.0245
0.2057
0.0409
0.0366
0.0164
0.0225
0.331
0.0181
0.0162
0.0466
0.0337
0.0848
0.0365
0.0187
0.0255
0.0291
0.2442
0.2717
0.0339
0.0415
0.012
0.034
0.0314
0.0291
0.233
0.0272
0.0383
0.0122
0.0818
0.012
0.0408
0.0055
0.3588
0.1143
0.0354
0.191
0.0389
0.0343
0.0519
0.0143
0.0163
0.1854
0.0485
0.0405
0.035
0.0226
0.0312
0.3476
0.247
0.48
0.0282
0.0465
0.2447
0.0153
0.2722
0.0329
0.2734
0.0651
0.3384
0.0312
0.0292
0.0357
0.0377
0.0104
0.0489
0.05
0.0591
0.0784
0.0359
0.0904
0.0234
0.0229
0.033
0.0123
0.0494
0.0471
0.046
0.0311
0.1202
0.0273
0.1092
0.0452
0.0278
0.0225
0.0262
0.0311
0.0144
0.0327
0.0389
0.025
0.0351
0.061
0.0117
0.0303
0.038
0.0269
0.011
0.2081
0.04
0.3439
0.0222
0.0374
0.06
0.0325
0.2349
0.0409
0.012
0.0347
0.2405
0.0296
0.0385
0.0408
0.0594
0.0328
0.2431
0.0506
0.0181
0.0488
0.0629
0.0296
0.2785
0.3585
0.0424
0.1742
0.0178
0.0347
0.2542
0.0756
0.04
0.0312
0.0353
0.3312
0.0455
0.0357
0.0251
0.0241
0.0324
0.2527
0.0412
0.0341
0.0108
0.0468
0.0244
0.0333
0.0637
0.0693
0.073
0.0101
0.1953
0.0671
0.3403
0.0301
0.1099
0.0228
0.0541
0.0328
0.0161
0.0671
0.0351
0.0455
0.0253
0.0292
0.052
0.0135
0.0403
0.0255
0.236
0.0433
0.0347
0.0316
0.0366
0.0226
0.051
0.0368
0.0109
0.0452
0.0392
0.0197
0.0383
0.0184
0.0296
0.0194
0.2036
0.0305
0.0112
0.0312
0.0473
0.0255
0.0221
0.0107
0.0221
0.0659
0.1908
0.0218
0.0314
0.0363
0.011
0.0258
0.0474
0.0155
0.0296
0.011
0.0321
0.3333
0.0183
0.0208
0.2733
0.0235
0.0408
0.0164
0.1908
0.2075
0.0284
0.0387
0.0163
0.0241
0.1337
0.0417
0.0166
0.2948
0.0314
0.2229
0.0443
0.0173
0.0359
0.3125
0.019
0.0281
0.0374
0.1892
0.3219
0.0581
0.2416
0.0513
0.0169
0.3224
0.0123
0.03
0.0444
0.1517
0.0337
0.0289
0.0347
0.049
0.0109
0.0168
0.04
0.2113
0.0296
0.0169
0.0106
0.1889
0.0539
0.0335
0.0936
0.0595
0.041
0.0284
0.1637
0.2647
0.0208
0.0565
0.0353
0.2086
0.0385
0.0246
0.4179
0.0495
0.0503
0.0302
0.0338
0.0296
0.0219
0
0.0432
0.0437
0.1783
0.0452
0.0172
0.0549
0.5036
0.0503
0.0171
0.0308
0.1911
0.2745
0.0428
0.0154
0.0359
0.0111
0.25
0.0229
0.071
0.0108
0.0265
0.0149
0.0838
0.0395
0.0163
0.0175
0.3139
0.0188
0.1727
0.0372
0.0282
0.0529
0.0165
0.0419
0.3987
0.0207
0.0995
0.0432
0.024
0.0539
0.0328
0.0152
0.0216
0.044
0.0324
0.0419
0.0311
0.0494
0.0347
0.0272
0.0265
0.0544
0.0443
0.019
0.0424
0.0275
0.05
0.0253
0.1678
0.057
0.0506
0.0248
0.0497
0.0207
0.0449
0.0503
0.0263
0.0402
0.0556
0.0333
0.3949
0.0223
0.0378
0.2745
0.0494
0.03
0.0357
0.2429
0.0351
0.0533
0.0517
0.1758
0.038
0.0273
0.0333
0.0497
0.1726
0.0207
0.0427
0.0468
0.0697
0.2791
0.0166
0.2774
0.2581
0.0286
0.2699
0.0172
0.0576
0.0526
0.1758
0.0245
0.0337
0.2526
0.0267
0.03
0.0258
0.0389
0.0326
0.0248
0.0395
0.0892
0.0242
0.0292
0.0226
0.1977
0.0402
0.0372
0.0097
0.0466
0.0108
0.0638
0
0.2745
0.0146
0.0213
0.0237
0.0178
0.037
0.0256
0.0152
0.0343
0.0422
0.0413
0.0366
0.0319
0.0718
0.2803
0.0412
0.0339
0.0229
0.0155
0.3497
0.0489
0.0317
0.4091
0.0241
0.0549
0.0479
0.0259
0.039
0.0378
0.0284
0.0259
0.0511
0.0341
0.0632
0.0317
0.0361
0.033
0.2166
0.0404
0.0493
0.0213
0.0376
0.0053
0.2414
0.0229
0.0233
0.1412
0.0314
0.0377
0.012
0.012
0.0479
0.0156
0.0417
0.0535
0.0282
0.0428
0.0483
0.2517
0.029
0.0497
0.0351
0.0882
0.0326
0.0213
0.0556
0.0233
0.0327
0.0201
0.0275
0.1878
0.0276
0.0166
0.0208
0.0361
0.039
0.3224
0.0276
0.0435
0.0443
0.0287
0.0377
0.0437
0.0258
0.0329
0.045
0.0375
0.1597
0.0359
0.0513
0.0152
0.018
0.0526
0.0423
0.0245
0.033
0.0282
0.0533
0.0279
0.0675
0.0787
0.0204
0.4098
0.0071
0.0374
0.2066
0.1544
0.0732
0.0784
0.016
0.0497
0.0861
0.0339
0.0339
0.0296
0.05
0.3785
0.0385
0.046
0.0305
0.0225
0.0484
0.029
0.0455
0.0343
0.0144
0.0363
0.0429
0.0183
0.0476
0.0581
0.0301
0.0328
0.0303
0.1771
0.0248
0.1582
0.2893
0.0563
0.0355
0.0442
0.0468
0.0368
0.0658
0.0244
0.0513
0.0107
0.365
0.0429
0.297
0.0186
0.0351
0.0112
0.0253
0.0573
0.0292
0.3654
0.0211
0.0446
0.0253
0.0259
0.2566
0.0359
0.2455
0.0424
0.0428
0.0341
0.0279
0.2265
0.2
0.0229
0.027
0.0406
0.0272
0.0227
0.0585
0.0231
0.0385
0.0343
0.0433
0.4601
0.0382
0.1667
0.0409
0.0395
0.0329
0.0395
0.0314
0.0292
0.0198
0.0347
0.0473
0.0485
0.0215
0.0397
0.351
0.0149
0.0395
0.0307
0.0157
0.037
0.0197
0.0303
0.0265
0.1183
0.0099
0.0337
0.1189
0.0549
0.0597
0.0226
0.0492
0.0355
0.016
0.0727
0.0359
0.3154
0.0234
0.037
0.2743
0.0326
0.0564
0.0509
0.011
0.0244
0.0441
0.0565
0.0192
0.0473
0.0565
0.0556
0.0535
0.0175
0.0227
0.0505
0.0355
0.0179
0.0517
0.0533
0.0513
0.0426
0.0154
0.0366
0.0325
0.0309
0.0807
0.0337
0.0468
0.0265
0.027
0.0543
0.3596
0.0324
0.0355
0.0307
0.0424
0.0389
0.0225
0.0724
0.0255
0.0256
0.0415
0.0359
0.0662
0.0121
0.0579
0.0281
0.0612
0.0099
0.2915
0.024
0.0245
0.0591
0.2515
0.0494
0.0233
0.0111
0.022
0.4496
0.2538
0.0309
0.027
0.0146
0.024
0.0513
0.0746
0.0333
0.0599
0.0426
0.0168
0.0379
0.0231
0.0064
0.0447
0.0254
0.0173
0.1215
0.0319
0.0093
0.1271
0.0553
0.0351
0.2194
0.0055
0.0252
0.0234
0.0278
0.3137
0.0458
0.1099
0.0178
0.0225
0.0292
0.0617
0.0651
0.2933
0.0188
0.0297
0.0305
0.0162
0.1568
0.0347
0.0364
0.044
0.024
0.0588
0.0411
0.2814
0.0272
0.0152
0.0114
0.0402
0.0393
0.2025
0.0685
0.0314
0.0428
0.1176
0.2048
0.3333
0.1813
0.0471
0.0491
0.2115
0.1716
0.0455
0.0316
0.0263
0.0178
0.0364
0.2847
0.043
0.0171
0.0571
0.0919
0.0392
0.0269
0.0391
0.0299
0.1711
0.0227
0.0402
0.0296
0.0444
0.067
0.0302
0.0865
0.0165
0.0197
0.0769
0.0376
0.0229
0.0173
0.026
0.0192
0.0161
0.0169
0.0297
0.0158
0.2945
0.0511
0.0329
0.2013
0.0291
0.0515
0.0316
0.0249
0.0244
0.0457
0.2893
0.2876
0.0488
0.0452
0.0235
0.0735
0.3007
0.0325
0.0294
0.0219
0.0256
0.0118
0.0579
0.0144
0.2083
0.023
0.0176
0.0237
0.0393
0.0335
0.0376
0.0057
0.037
0.0192
0.0275
0.0584
0.0368
0.0168
0.0452
0.2706
0.0347
0.0473
0.0345
0.0485
0.0288
0.0097
0.0481
0.0347
0.0058
0.3451
0.0284
0.0378
0.4041
0.0565
0.0237
0.0151
0.25
0.0408
0.0259
0.0476
0.0521
0.0323
0.0272
0.1389
0.0455
0.0238
0.034
0.0206
0.4558
0.0428
0.0513
0.0366
0.0331
0.25
0.0424
0.0409
0.0281
0.0345
0.0351
0.2053
0.2587
0.0415
0.0629
0.0309
0.0267
0.0651
0.0443
0.0633
0.0168
0.0267
0.0462
0.0263
0.0414
0.3866
0.015
0.0361
0.0269
0.0385
0.0376
0.2597
0.0609
0.0385
0.0387
0.0108
0.35
0.0146
0.0427
0.0146
0.0231
0.0649
0.0183
0.0312
0.0531
0.0185
0
0.026
0.0163
0.037
0.0376
0.0165
0.0098
0.0351
0.0452
0.0272
0.2529
0.0203
0.0137
0.0535
0.0254
0.2831
0.0405
0.0412
0.0476
0.0473
0.0221
0.0728
0.0286
0.0432
0.0378
0.012
0.1515
0.0281
0.0321
0.0329
0.0317
0.0281
0.2434
0.0351
0.1579
0.0524
0.0726
0.0485
0.0301
0.4
0.1901
0.0254
0.0709
0.1677
0.0368
0.0104
0.0387
0.0365
0.0632
0.0154
0.025
0.0604
0.0235
0.0686
0.0213
0.0718
0.0361
0.0244
0.0308
0.0452
0.0319
0.1702
0.0286
0.1835
0.201
0.0267
0.0152
0.2739
0.0049
0.0372
0.0409
0.0225
0.0118
0.1183
0.0306
0.0216
0.3133
0.2688
0.0409
0.0191
0.0479
0.0316
0.0227
0.4966
0.0364
0.046
0.3333
0.0127
0.0168
0.0559
0.036
0.0392
0.0427
0.0466
0.0317
0.0359
0.0241
0.0995
0.0387
0.0432
0.0549
0.0215
0.0457
0.129
0.223
0.2722
0.0195
0.0645
0.0152
