ncvFD_AFR	ncvFD_EUR	ncvFD_ASN	ncv_AFR	ncv_EUR	ncv_ASN	hka_AFR	hka_EUR	hka_ASN
0.4662	0.4662	0.4951	0.3617	0.3326	0.4727	0.3779	0.3064	0.2254
0.4632	0.4677	0.4692	0.3722	0.3425	0.3664	0.4658	0.3086	0.3478
0.4557	0.4528	0.4685	0.3669	0.3082	0.3951	0.5793	0.4085	0.4817
0.4357	0.4475	0.4817	0.3042	0.2716	0.3941	0.6188	0.3938	0.2346
0.4597	0.4597	0.4944	0.3796	0.3252	0.4775	0.5752	0.366	0.3399
0.4429	0.4402	0.4678	0.3198	0.2626	0.3856	0.5731	0.4503	0.4444
0.4497	0.449	0.4583	0.3304	0.2553	0.3446	0.5137	0.3552	0.4372
0.442	0.4379	0.4405	0.3081	0.2216	0.2829	0.5434	0.408	0.4913
0.4748	0.4782	0.4916	0.4005	0.3853	0.4522	0.3768	0.2662	0.223
0.4682	0.473	0.488	0.3839	0.3257	0.4347	0.4286	0.2236	0.2422
0.4625	0.4637	0.4834	0.3765	0.2918	0.4217	0.5	0.2695	0.2934
0.4612	0.4566	0.4692	0.3601	0.2744	0.3344	0.449	0.3112	0.2755
0.4823	0.4834	0.4899	0.4003	0.3785	0.4331	0.24	0.18	0.19
0.4529	0.4533	0.4553	0.3524	0.3152	0.2786	0.5542	0.4192	0.3293
0.469	0.4718	0.4648	0.3978	0.32	0.2597	0.4877	0.2284	0.2284
0.4473	0.4473	0.4471	0.3491	0.2742	0.2578	0.638	0.4	0.3758
0.4624	0.4534	0.4571	0.3739	0.2668	0.3139	0.4897	0.331	0.3724
0.479	0.4812	0.4839	0.4104	0.3872	0.3925	0.3372	0.2267	0.1977
0.4381	0.4375	0.4413	0.3346	0.2676	0.2478	0.7266	0.4892	0.4143
0.4615	0.4721	0.4899	0.3889	0.3847	0.4674	0.6	0.363	0.4667
0.464	0.4616	0.4881	0.3537	0.2991	0.4442	0.3853	0.2987	0.2857
0.4576	0.4486	0.4661	0.3792	0.2904	0.3742	0.6187	0.4173	0.4245
0.4422	0.4416	0.4777	0.3381	0.3065	0.4247	0.6694	0.544	0.456
0.447	0.4466	0.4467	0.3115	0.2954	0.2682	0.489	0.4505	0.3956
0.4738	0.4711	0.4881	0.3891	0.3538	0.4392	0.3484	0.2903	0.2581
0.4491	0.4442	0.4487	0.3597	0.3208	0.3163	0.6686	0.5581	0.48
0.4502	0.4513	0.4556	0.3362	0.2939	0.2991	0.5282	0.3949	0.359
0.4643	0.4594	0.4624	0.3898	0.3434	0.3319	0.5411	0.4178	0.3493
0.4582	0.4604	0.4574	0.3687	0.3054	0.2901	0.5414	0.3204	0.326
0.4584	0.4584	0.4704	0.3597	0.282	0.3771	0.4934	0.3052	0.3636
0.443	0.4423	0.4517	0.3424	0.2853	0.2922	0.6803	0.4762	0.3878
0.4712	0.4707	0.4759	0.3772	0.2881	0.3778	0.3514	0.2054	0.2811
0.4736	0.4713	0.494	0.4109	0.3471	0.4679	0.4641	0.2745	0.2353
0.4746	0.4752	0.4871	0.3997	0.3796	0.4199	0.3774	0.2963	0.2099
0.4487	0.4475	0.4561	0.3187	0.2732	0.3022	0.4878	0.3963	0.3598
0.44	0.4408	0.4454	0.3519	0.3411	0.2805	0.8095	0.7143	0.4308
0.4651	0.4689	0.4917	0.3687	0.2607	0.4563	0.4195	0.1981	0.2464
0.4511	0.4471	0.4675	0.3582	0.2908	0.3883	0.619	0.4345	0.4643
0.4463	0.44	0.4395	0.3589	0.2512	0.2762	0.723	0.4324	0.4865
0.4494	0.447	0.484	0.3601	0.2812	0.4525	0.6642	0.4161	0.5328
0.4484	0.4485	0.4552	0.3421	0.2999	0.3546	0.5827	0.4388	0.5252
0.4687	0.4675	0.4678	0.3834	0.3274	0.3172	0.4163	0.2823	0.2632
0.4675	0.4707	0.4666	0.3866	0.308	0.2788	0.4545	0.2242	0.2303
0.43	0.4263	0.4553	0.3036	0.2459	0.3614	0.7025	0.5633	0.557
0.4722	0.4757	0.4934	0.4015	0.3528	0.4641	0.4365	0.2323	0.2335
0.4669	0.4592	0.4592	0.399	0.3222	0.2961	0.5448	0.3655	0.3172
0.4463	0.4454	0.4444	0.3652	0.3147	0.2279	0.7722	0.519	0.3608
0.4752	0.4784	0.4789	0.4049	0.3517	0.297	0.3913	0.2012	0.1463
0.4386	0.4368	0.4374	0.302	0.2678	0.2458	0.5697	0.497	0.4485
0.4712	0.4658	0.48	0.4048	0.3585	0.4021	0.4804	0.3743	0.2849
0.4618	0.4635	0.4786	0.3637	0.2805	0.3941	0.4535	0.2586	0.2832
0.4372	0.4349	0.4867	0.334	0.2629	0.4584	0.74	0.5067	0.4933
0.4484	0.4489	0.4577	0.3243	0.2522	0.3248	0.511	0.3516	0.3901
0.4692	0.465	0.4761	0.3801	0.3168	0.3811	0.3946	0.2919	0.2865
0.4551	0.4516	0.452	0.3425	0.2969	0.3049	0.4768	0.3974	0.4106
0.4777	0.4831	0.4841	0.4012	0.3716	0.3975	0.325	0.1739	0.205
0.4362	0.441	0.4339	0.3316	0.3043	0.2357	0.7436	0.5449	0.465
0.4532	0.4396	0.4644	0.3788	0.2811	0.377	0.7206	0.4964	0.4672
0.4484	0.4447	0.4631	0.3509	0.2966	0.3537	0.6276	0.4759	0.3973
0.4662	0.4628	0.4759	0.3745	0.3156	0.3942	0.4233	0.3129	0.3313
0.4524	0.4604	0.481	0.3628	0.3219	0.3976	0.6209	0.3515	0.2545
0.4182	0.4148	0.4032	0.3082	0.2817	0.2075	0.9412	0.8403	0.7311
0.4656	0.4694	0.4881	0.3718	0.3067	0.4393	0.4233	0.2349	0.259
0.4648	0.4534	0.4639	0.387	0.3034	0.3329	0.5128	0.391	0.3333
0.4467	0.4462	0.4689	0.3256	0.2728	0.3893	0.5395	0.4079	0.4408
0.4711	0.4738	0.4952	0.4047	0.3462	0.4747	0.4812	0.2438	0.2422
0.4587	0.4601	0.4619	0.3761	0.3319	0.3059	0.5734	0.3776	0.3056
0.4422	0.4441	0.4581	0.3354	0.3101	0.3515	0.6561	0.5223	0.465
0.445	0.4404	0.455	0.3303	0.2965	0.3589	0.5845	0.5282	0.5493
0.4564	0.4535	0.4943	0.3614	0.3056	0.48	0.5367	0.3955	0.4068
0.4552	0.4526	0.4605	0.3553	0.3102	0.2988	0.5281	0.4157	0.309
0.4495	0.4514	0.4585	0.3156	0.3169	0.291	0.4681	0.4468	0.3169
0.4504	0.4428	0.4547	0.3617	0.2402	0.3094	0.6536	0.3896	0.3896
0.4737	0.4799	0.4866	0.3996	0.3839	0.4187	0.396	0.2376	0.2157
0.4675	0.4708	0.482	0.3699	0.3417	0.4085	0.3851	0.2703	0.2703
0.444	0.4389	0.4476	0.346	0.2477	0.2945	0.6821	0.4371	0.4371
0.4459	0.4478	0.4564	0.3185	0.2549	0.3181	0.5254	0.3652	0.3898
0.4608	0.459	0.4682	0.3615	0.2845	0.3652	0.4621	0.3034	0.3586
0.4554	0.4533	0.4919	0.3404	0.2385	0.4678	0.4652	0.2995	0.3476
0.4572	0.45	0.4793	0.3786	0.3044	0.424	0.6236	0.4326	0.4045
0.4761	0.4781	0.4829	0.416	0.3945	0.4063	0.4353	0.2941	0.2471
0.4623	0.4622	0.482	0.3887	0.328	0.4251	0.5783	0.3434	0.3434
0.4603	0.4621	0.4937	0.357	0.3328	0.4692	0.451	0.3548	0.2675
0.4658	0.4721	0.4733	0.3878	0.3279	0.3371	0.4966	0.2353	0.2353
0.4665	0.4642	0.4726	0.3926	0.2983	0.3449	0.5089	0.2733	0.2558
0.4646	0.4677	0.481	0.3463	0.2979	0.4052	0.3559	0.2402	0.2768
0.4535	0.4453	0.4791	0.355	0.2768	0.431	0.5562	0.425	0.4688
0.4589	0.4482	0.4701	0.3847	0.2944	0.4014	0.6291	0.4305	0.4834
0.4483	0.4488	0.4497	0.3371	0.315	0.2708	0.5617	0.4753	0.3704
0.469	0.4731	0.4692	0.3925	0.3886	0.3704	0.456	0.36	0.36
0.4585	0.4568	0.4661	0.3811	0.3199	0.3592	0.6115	0.3885	0.3711
0.4765	0.4755	0.4796	0.3785	0.3359	0.3095	0.2743	0.2114	0.1486
0.4524	0.4471	0.4482	0.3627	0.2873	0.3029	0.6199	0.4269	0.4503
0.4577	0.4622	0.4873	0.3528	0.3773	0.4562	0.4762	0.5102	0.4286
0.4603	0.4593	0.4651	0.378	0.3113	0.3414	0.5519	0.3419	0.3377
0.4399	0.4401	0.4753	0.3435	0.3351	0.4322	0.748	0.6929	0.6142
0.4567	0.4557	0.4686	0.3548	0.2855	0.3645	0.5	0.3357	0.35
0.4522	0.4534	0.4593	0.3645	0.3323	0.3376	0.6359	0.4674	0.4022
0.4481	0.4415	0.4947	0.3747	0.2447	0.4814	0.8148	0.4074	0.4074
0.4557	0.4547	0.4774	0.3439	0.3	0.4089	0.474	0.3701	0.3636
0.4575	0.4557	0.4913	0.3601	0.3177	0.4664	0.5109	0.3967	0.3641
0.4787	0.4738	0.4855	0.4255	0.3872	0.4233	0.4342	0.3421	0.2532
0.4697	0.4692	0.4741	0.3873	0.3634	0.3696	0.4167	0.3393	0.2857
0.4613	0.459	0.4726	0.3772	0.3216	0.3961	0.5267	0.3667	0.4
0.4798	0.4793	0.49	0.4213	0.4017	0.4409	0.3765	0.2963	0.216
0.464	0.4581	0.4639	0.3674	0.2862	0.3652	0.4328	0.3134	0.4254
0.4515	0.4452	0.4785	0.3483	0.247	0.4213	0.5597	0.3774	0.4088
0.4514	0.4512	0.4827	0.3585	0.3054	0.4297	0.6138	0.4207	0.3517
0.4693	0.471	0.4702	0.3774	0.3661	0.3184	0.382	0.3202	0.2416
0.4399	0.4339	0.4887	0.3328	0.2787	0.4624	0.6818	0.5584	0.4481
0.4677	0.4655	0.4724	0.3833	0.3161	0.3445	0.4358	0.2849	0.257
0.4548	0.4542	0.4537	0.3509	0.2745	0.3041	0.5157	0.3333	0.3899
0.4664	0.4687	0.4659	0.375	0.3475	0.3376	0.4218	0.3061	0.3197
0.4698	0.4663	0.4707	0.3882	0.3214	0.3245	0.4186	0.2849	0.2442
0.4376	0.4315	0.4363	0.3251	0.2848	0.287	0.6828	0.6069	0.5517
0.4481	0.4399	0.4539	0.3488	0.2796	0.3222	0.6225	0.4901	0.4305
0.4588	0.4577	0.4765	0.3579	0.2828	0.3826	0.48	0.3125	0.2841
0.4522	0.4473	0.4935	0.3496	0.2801	0.4769	0.5536	0.4107	0.3988
0.4614	0.4703	0.4887	0.3774	0.349	0.4454	0.5263	0.2895	0.2763
0.4557	0.4504	0.4506	0.3627	0.3132	0.2844	0.5563	0.4503	0.3841
0.4509	0.4487	0.4499	0.3454	0.3028	0.278	0.5556	0.4444	0.3801
0.4485	0.4442	0.4853	0.3626	0.2671	0.4559	0.7021	0.4184	0.5248
0.468	0.4682	0.4692	0.3792	0.3072	0.2794	0.411	0.2466	0.21
0.4591	0.459	0.4917	0.3571	0.2806	0.4596	0.4719	0.2978	0.2697
0.4814	0.4816	0.4858	0.4204	0.3726	0.3855	0.3314	0.1943	0.16
0.4579	0.4555	0.4619	0.3611	0.2811	0.2991	0.5089	0.3314	0.2959
0.4441	0.4287	0.4229	0.3765	0.3219	0.2498	0.9524	0.8254	0.6111
0.4693	0.471	0.4802	0.3754	0.3461	0.3795	0.375	0.2763	0.2237
0.4548	0.4524	0.4519	0.336	0.2876	0.2295	0.46	0.3713	0.302
0.4314	0.4256	0.4439	0.3362	0.2241	0.317	0.8731	0.5259	0.5481
0.465	0.4652	0.4628	0.3827	0.3367	0.3101	0.4831	0.3258	0.3034
0.4591	0.4643	0.4654	0.3667	0.3566	0.3413	0.5147	0.3897	0.3333
0.4609	0.4623	0.4877	0.3636	0.3557	0.4534	0.4675	0.4156	0.3766
0.4623	0.4639	0.4725	0.3556	0.3247	0.3539	0.4161	0.3168	0.2733
0.4516	0.4458	0.4466	0.3611	0.2721	0.3016	0.6258	0.411	0.4663
0.4396	0.4384	0.4435	0.3226	0.2853	0.2897	0.6358	0.5215	0.4724
0.441	0.4373	0.4357	0.3398	0.266	0.2418	0.7024	0.4881	0.4583
0.4623	0.4661	0.4629	0.3872	0.3702	0.2255	0.5683	0.4085	0.2183
0.4598	0.456	0.4567	0.3809	0.3131	0.2891	0.5816	0.383	0.331
0.4689	0.471	0.4701	0.3687	0.346	0.3212	0.3596	0.2759	0.2463
0.4514	0.453	0.4496	0.3533	0.3284	0.3058	0.5855	0.4605	0.4408
0.4407	0.4376	0.4946	0.3448	0.3027	0.4838	0.7407	0.5852	0.5
0.4598	0.461	0.458	0.3601	0.2626	0.3118	0.4716	0.2611	0.358
0.4611	0.4631	0.4951	0.3705	0.361	0.483	0.4963	0.4222	0.4148
0.4787	0.4821	0.4841	0.3779	0.326	0.3453	0.2415	0.1392	0.1356
0.4426	0.4411	0.4595	0.3335	0.2299	0.3248	0.6391	0.3908	0.3678
0.4633	0.4617	0.4641	0.3768	0.3462	0.3179	0.4868	0.3947	0.3026
0.4728	0.4669	0.4897	0.404	0.3273	0.455	0.4396	0.2885	0.3092
0.4679	0.462	0.4936	0.393	0.3254	0.4691	0.4815	0.3395	0.2716
0.4641	0.4574	0.4681	0.3803	0.322	0.318	0.4886	0.3864	0.2614
0.4373	0.4354	0.4729	0.3153	0.265	0.4103	0.6402	0.5061	0.4756
0.4542	0.4538	0.4968	0.3369	0.2835	0.4636	0.4702	0.3512	0.0995
0.4611	0.4568	0.4595	0.3702	0.3163	0.2673	0.4943	0.3807	0.2784
0.446	0.4422	0.4966	0.3331	0.28	0.4877	0.5806	0.4645	0.3806
0.46	0.4553	0.4824	0.3768	0.3542	0.4307	0.5509	0.521	0.3653
0.4639	0.4594	0.4834	0.3848	0.2828	0.4315	0.5172	0.2973	0.3446
0.4249	0.423	0.4212	0.3077	0.2406	0.2566	0.8098	0.5868	0.6503
0.455	0.4538	0.4557	0.3541	0.2847	0.269	0.5267	0.3533	0.3133
0.4494	0.4458	0.4546	0.3677	0.3047	0.3402	0.7188	0.4844	0.4766
0.4533	0.4568	0.4821	0.3318	0.3386	0.4374	0.4667	0.44	0.4267
0.4858	0.4846	0.4902	0.4375	0.4002	0.4285	0.3155	0.2032	0.1711
0.4523	0.4641	0.4654	0.3798	0.3332	0.2501	0.7535	0.3311	0.2171
0.4681	0.4718	0.4747	0.3927	0.3647	0.3665	0.4755	0.3056	0.2708
0.4587	0.4551	0.4703	0.3733	0.2817	0.3634	0.5569	0.3353	0.3234
0.4582	0.4563	0.4948	0.3834	0.2792	0.4458	0.6375	0.321	0.113
0.4484	0.4529	0.4539	0.3532	0.2622	0.278	0.642	0.3293	0.3413
0.4519	0.4439	0.4457	0.3663	0.2735	0.2832	0.6533	0.4333	0.4333
0.477	0.4747	0.4829	0.402	0.3688	0.4067	0.3405	0.2757	0.2486
0.4525	0.4585	0.469	0.3565	0.3515	0.3107	0.5824	0.4588	0.2429
0.4585	0.4613	0.481	0.3498	0.344	0.393	0.4529	0.3941	0.2428
0.4577	0.4589	0.4664	0.3861	0.355	0.3509	0.6689	0.4662	0.3446
0.4399	0.434	0.4898	0.3343	0.292	0.4676	0.6912	0.5985	0.4745
0.4413	0.4387	0.472	0.3426	0.2955	0.4093	0.7133	0.5467	0.4933
0.453	0.4519	0.4598	0.3646	0.3356	0.3622	0.6203	0.5	0.4812
0.4432	0.4356	0.4673	0.3336	0.2441	0.3737	0.6296	0.463	0.4012
0.4597	0.4532	0.4655	0.387	0.3184	0.3339	0.6273	0.4286	0.3168
0.4771	0.4719	0.477	0.4224	0.3492	0.3588	0.4545	0.271	0.2273
0.473	0.4781	0.4831	0.4101	0.383	0.4058	0.4717	0.2609	0.2422
0.4606	0.4577	0.4681	0.3689	0.2902	0.3566	0.497	0.3234	0.3353
0.4569	0.4533	0.4958	0.3572	0.2324	0.4824	0.508	0.2941	0.3155
0.4435	0.4332	0.467	0.3606	0.2545	0.3866	0.8	0.5071	0.4643
0.4747	0.4781	0.4729	0.4036	0.35	0.3221	0.3956	0.2022	0.2198
0.4603	0.4627	0.4912	0.3622	0.3371	0.459	0.4727	0.3571	0.2857
0.4755	0.4729	0.4762	0.4028	0.3065	0.3623	0.3744	0.203	0.2437
0.4509	0.4474	0.4538	0.3506	0.3023	0.3333	0.5806	0.4581	0.4645
0.4463	0.4407	0.4442	0.3648	0.2873	0.2953	0.7681	0.5	0.4783
0.4776	0.4788	0.4808	0.428	0.3918	0.3683	0.4859	0.2746	0.1972
0.467	0.4662	0.4823	0.386	0.3198	0.4146	0.463	0.284	0.2866
0.4575	0.4434	0.4867	0.3714	0.2386	0.4543	0.5705	0.3826	0.4305
0.4389	0.4396	0.4706	0.3283	0.2969	0.4131	0.6763	0.5396	0.5612
0.454	0.4537	0.4971	0.3562	0.2953	0.4888	0.5528	0.3727	0.354
0.4532	0.4621	0.4867	0.352	0.328	0.4465	0.5478	0.3439	0.3503
0.4628	0.4605	0.4653	0.3605	0.3206	0.3389	0.426	0.3471	0.3294
0.433	0.432	0.4498	0.3051	0.2408	0.3438	0.6618	0.4926	0.5662
0.4476	0.4399	0.4885	0.3638	0.288	0.4641	0.7305	0.5106	0.4894
0.449	0.4551	0.4542	0.3207	0.3177	0.3178	0.4901	0.404	0.4145
0.4469	0.4431	0.4446	0.3464	0.2522	0.2807	0.631	0.4048	0.4405
0.4368	0.4352	0.4952	0.3291	0.286	0.4858	0.7188	0.5625	0.5156
0.4724	0.4726	0.4662	0.3927	0.3776	0.3144	0.3892	0.3297	0.2757
0.4397	0.4451	0.4473	0.3383	0.2884	0.3079	0.719	0.4516	0.474
0.465	0.4636	0.4634	0.3699	0.3362	0.2718	0.425	0.3438	0.25
0.4499	0.4477	0.4519	0.3523	0.3091	0.3277	0.6074	0.4724	0.4724
0.457	0.4586	0.46	0.3763	0.3441	0.3313	0.6111	0.4321	0.3765
0.4577	0.4573	0.4571	0.3464	0.3236	0.287	0.4527	0.3919	0.3243
0.4619	0.4584	0.457	0.3474	0.3037	0.2783	0.3949	0.3385	0.3128
0.4739	0.481	0.4763	0.4042	0.3107	0.2783	0.4145	0.1385	0.1546
0.4508	0.4494	0.4487	0.3586	0.3086	0.2951	0.6279	0.4496	0.4264
0.4528	0.456	0.457	0.3452	0.3336	0.2312	0.5246	0.4348	0.2646
0.4631	0.4578	0.4948	0.3904	0.3182	0.4763	0.5723	0.3736	0.2914
0.4693	0.4737	0.4888	0.392	0.3711	0.4368	0.4464	0.2959	0.2308
0.4526	0.4545	0.4583	0.3394	0.3163	0.3113	0.503	0.4072	0.3533
0.4579	0.4475	0.496	0.391	0.2869	0.485	0.7108	0.4217	0.3728
0.4574	0.4592	0.4806	0.3857	0.3132	0.4225	0.6738	0.3475	0.3617
0.4516	0.4555	0.4619	0.3598	0.3296	0.3579	0.6182	0.4303	0.4303
0.4383	0.4297	0.4424	0.3452	0.3075	0.3252	0.7939	0.7252	0.6031
0.4437	0.4412	0.4684	0.3336	0.2618	0.3897	0.6216	0.4392	0.4527
0.4562	0.4511	0.454	0.3789	0.272	0.3156	0.6489	0.3588	0.4122
0.4444	0.4414	0.4709	0.3604	0.2803	0.41	0.7778	0.4741	0.5259
0.4486	0.4425	0.4892	0.3573	0.2719	0.4614	0.6621	0.4452	0.4041
0.4744	0.4729	0.4662	0.4167	0.3653	0.2794	0.4845	0.2919	0.2346
0.4437	0.4376	0.4936	0.3452	0.2387	0.4782	0.6832	0.4348	0.4286
0.4493	0.449	0.4532	0.3487	0.2449	0.3298	0.5987	0.3418	0.462
0.4513	0.4492	0.4793	0.3418	0.2749	0.4246	0.5329	0.3816	0.4106
0.4295	0.4233	0.4197	0.3262	0.199	0.2471	0.8397	0.5076	0.6412
0.4494	0.4493	0.4488	0.3382	0.3192	0.2766	0.5494	0.4815	0.3889
0.4653	0.4598	0.464	0.3882	0.3027	0.3347	0.5101	0.3221	0.3356
0.4459	0.4417	0.4912	0.3416	0.3205	0.4721	0.6232	0.5942	0.4783
0.465	0.466	0.4673	0.3965	0.3461	0.3336	0.5714	0.3373	0.2959
0.4471	0.4451	0.4541	0.3239	0.2517	0.3246	0.528	0.3851	0.4348
0.445	0.4445	0.4881	0.3333	0.2377	0.4534	0.5974	0.3718	0.359
0.4231	0.4224	0.411	0.3362	0.2458	0.2426	1.0769	0.6066	0.7373
0.4595	0.4607	0.459	0.3673	0.2703	0.2892	0.5097	0.271	0.3097
0.4676	0.4641	0.498	0.3828	0.2999	0.4894	0.4342	0.2763	0.2368
0.4513	0.444	0.4485	0.3618	0.2937	0.3141	0.6376	0.4765	0.4765
0.4636	0.4629	0.4642	0.381	0.2867	0.328	0.5035	0.2708	0.3194
0.4732	0.4782	0.4972	0.4114	0.3963	0.4738	0.4762	0.298	0.1242
0.4857	0.4881	0.4926	0.4255	0.3998	0.4337	0.256	0.1498	0.1346
0.4672	0.4669	0.4728	0.3697	0.3185	0.3516	0.3886	0.2749	0.2654
0.454	0.4509	0.4554	0.3628	0.2763	0.3391	0.5889	0.3681	0.4611
0.4647	0.4658	0.4648	0.3503	0.3081	0.2886	0.3645	0.2709	0.2562
0.4623	0.463	0.4756	0.3644	0.3551	0.3857	0.4487	0.4038	0.3077
0.4572	0.4553	0.4597	0.3359	0.3042	0.3087	0.4262	0.3716	0.3333
0.4673	0.4634	0.4808	0.3829	0.3178	0.3828	0.4405	0.3095	0.2222
0.4533	0.4487	0.4697	0.3691	0.2839	0.3801	0.6433	0.4035	0.386
0.4677	0.4755	0.4981	0.3667	0.3787	0.4888	0.3704	0.2895	0.2105
0.4769	0.4804	0.4817	0.4186	0.3809	0.4138	0.4318	0.2247	0.2955
0.4642	0.4641	0.4914	0.3539	0.3283	0.4644	0.3824	0.3216	0.3294
0.4397	0.4365	0.4701	0.3275	0.2973	0.4007	0.6575	0.5822	0.4795
0.4538	0.4519	0.4671	0.3422	0.2989	0.3663	0.4967	0.3987	0.3791
0.4673	0.4628	0.471	0.3638	0.3035	0.3723	0.3672	0.2938	0.339
0.4648	0.4603	0.4833	0.3747	0.3275	0.415	0.4497	0.3642	0.268
0.4601	0.4618	0.4554	0.3653	0.317	0.2916	0.4891	0.3261	0.3478
0.4307	0.4293	0.4369	0.3	0.2437	0.2693	0.6753	0.526	0.5
0.4492	0.4434	0.4578	0.3321	0.2473	0.301	0.5273	0.3939	0.3394
0.4605	0.4618	0.4895	0.3728	0.339	0.4457	0.519	0.3734	0.2532
0.4436	0.4459	0.4978	0.3286	0.2969	0.4882	0.5986	0.4626	0.2357
0.4817	0.4841	0.4816	0.408	0.3875	0.3828	0.275	0.1863	0.2112
0.4509	0.4548	0.454	0.3515	0.3243	0.2878	0.5846	0.4242	0.3561
0.4645	0.4637	0.4751	0.3855	0.3426	0.3617	0.5099	0.3576	0.2564
0.4608	0.4589	0.4911	0.3892	0.3096	0.4631	0.6188	0.3438	0.3312
0.4516	0.4497	0.448	0.349	0.2753	0.2531	0.5614	0.3779	0.3605
0.4406	0.4374	0.4472	0.3324	0.2952	0.3251	0.6689	0.5629	0.5298
0.4397	0.4401	0.4467	0.3397	0.2663	0.2801	0.7273	0.4583	0.4167
0.4612	0.4587	0.4766	0.378	0.3052	0.374	0.535	0.3376	0.2622
0.448	0.4424	0.4886	0.3203	0.2528	0.4624	0.5029	0.4114	0.4514
0.456	0.4596	0.4642	0.3509	0.3355	0.3526	0.4966	0.3931	0.3793
0.4646	0.4607	0.4593	0.4045	0.3493	0.3029	0.6545	0.4182	0.3273
0.4698	0.4722	0.4706	0.385	0.348	0.3411	0.4036	0.2651	0.2711
0.4564	0.4539	0.4595	0.3647	0.2809	0.2758	0.5532	0.3457	0.2872
0.4578	0.4577	0.4617	0.3756	0.3561	0.3097	0.5899	0.4892	0.3143
0.4436	0.4405	0.4622	0.3192	0.2282	0.3558	0.56	0.3943	0.4171
0.438	0.4436	0.4539	0.3194	0.3213	0.3069	0.6471	0.5686	0.3935
0.4672	0.4679	0.4703	0.3846	0.3532	0.3312	0.4505	0.3297	0.2581
0.4499	0.4493	0.4641	0.3229	0.2094	0.3414	0.4855	0.3046	0.3506
0.4303	0.4351	0.4287	0.3034	0.2891	0.2407	0.6968	0.5745	0.5266
0.4521	0.4499	0.4484	0.3393	0.2828	0.2639	0.5111	0.3889	0.3722
0.4556	0.4579	0.457	0.3025	0.3122	0.3033	0.3659	0.3598	0.3519
0.4605	0.4569	0.4693	0.3881	0.3371	0.3661	0.6176	0.4338	0.3456
0.4526	0.449	0.47	0.36	0.2935	0.3858	0.6	0.4194	0.4038
0.4528	0.4465	0.489	0.3383	0.2443	0.4589	0.4971	0.3626	0.3801
0.4635	0.4644	0.4653	0.3633	0.3224	0.3017	0.4253	0.3068	0.267
0.4462	0.439	0.4573	0.3296	0.2654	0.361	0.5625	0.4688	0.5188
0.4694	0.4727	0.4884	0.3988	0.3784	0.4414	0.4841	0.3312	0.2611
0.4404	0.4393	0.4913	0.337	0.297	0.4728	0.698	0.5436	0.4834
0.4655	0.4607	0.489	0.3655	0.2955	0.4536	0.4012	0.3023	0.3256
0.4593	0.4606	0.4856	0.344	0.2961	0.4339	0.4211	0.3041	0.299
0.4624	0.458	0.4842	0.3848	0.3448	0.4454	0.5506	0.443	0.4304
0.4488	0.4445	0.4609	0.3718	0.3152	0.3534	0.7687	0.5333	0.4296
0.45	0.4542	0.4795	0.3505	0.319	0.4266	0.5959	0.4178	0.4178
0.448	0.4478	0.4678	0.3373	0.3168	0.3925	0.5671	0.4939	0.4817
0.464	0.4616	0.4721	0.3847	0.3189	0.367	0.5148	0.3314	0.3077
0.4505	0.4474	0.4769	0.3665	0.3141	0.4067	0.6848	0.4909	0.3636
0.462	0.4626	0.4691	0.3799	0.2629	0.3155	0.5281	0.2486	0.2486
0.4527	0.456	0.4626	0.3576	0.2789	0.353	0.5849	0.323	0.4025
0.4846	0.4797	0.4838	0.4124	0.4052	0.3603	0.235	0.3022	0.153
0.4545	0.4505	0.4579	0.3264	0.2678	0.3154	0.4345	0.3586	0.3655
0.4378	0.4298	0.4403	0.3443	0.2311	0.2937	0.7975	0.4969	0.522
0.4424	0.4371	0.4411	0.3479	0.2984	0.2934	0.7259	0.5778	0.5111
0.4669	0.4717	0.4713	0.4058	0.3803	0.3658	0.6	0.3533	0.3155
0.4586	0.4621	0.4826	0.3328	0.301	0.4208	0.3989	0.2963	0.3069
0.4605	0.4625	0.4613	0.361	0.3476	0.2632	0.4647	0.3882	0.2588
0.4734	0.4748	0.4943	0.3994	0.3585	0.4703	0.4014	0.2535	0.2465
0.4428	0.4401	0.4674	0.3527	0.258	0.3879	0.7517	0.443	0.4631
0.459	0.4517	0.4528	0.3728	0.291	0.2532	0.5482	0.3855	0.3195
0.4503	0.4493	0.452	0.3379	0.326	0.3295	0.5329	0.5033	0.4771
0.4397	0.4406	0.4399	0.3172	0.2975	0.2789	0.6118	0.5294	0.4882
0.468	0.4682	0.4689	0.3865	0.3055	0.2888	0.4458	0.2442	0.2209
0.453	0.46	0.4685	0.3483	0.3167	0.3415	0.5337	0.3455	0.297
0.4488	0.4448	0.4476	0.3598	0.297	0.2544	0.6738	0.4752	0.3662
0.4573	0.4503	0.4839	0.3846	0.2925	0.4428	0.6688	0.4026	0.4156
0.4564	0.4658	0.484	0.3676	0.3443	0.4083	0.5704	0.3358	0.2336
0.4354	0.4393	0.4758	0.3172	0.3025	0.4267	0.6788	0.562	0.5328
0.4492	0.4468	0.4605	0.3416	0.2783	0.2663	0.5673	0.4128	0.2686
0.4546	0.4552	0.4647	0.3486	0.2699	0.3361	0.5096	0.3185	0.3312
0.4644	0.4577	0.4674	0.3708	0.2556	0.3395	0.4388	0.2806	0.3061
0.4483	0.4553	0.447	0.3374	0.3012	0.2968	0.5621	0.3669	0.4497
0.4658	0.4625	0.4846	0.3676	0.3181	0.4291	0.4033	0.3204	0.2983
0.4711	0.4748	0.4899	0.3797	0.3769	0.4567	0.3608	0.2938	0.3196
0.4528	0.4513	0.4526	0.3504	0.3016	0.2647	0.546	0.411	0.3354
0.4382	0.4327	0.4404	0.3349	0.2353	0.2833	0.726	0.4762	0.4932
0.4464	0.445	0.4486	0.3362	0.3078	0.2711	0.5879	0.503	0.3818
0.4676	0.4628	0.4781	0.3914	0.3208	0.3579	0.4795	0.3216	0.2126
0.4582	0.4564	0.4572	0.3658	0.3205	0.2971	0.5254	0.3955	0.339
0.442	0.4409	0.4544	0.3334	0.241	0.3415	0.6494	0.4076	0.4841
0.4691	0.4701	0.4949	0.3908	0.3536	0.476	0.4444	0.3025	0.2778
0.4588	0.464	0.4613	0.3581	0.3409	0.2495	0.4794	0.3505	0.2474
0.4562	0.4553	0.477	0.3661	0.2843	0.3832	0.5649	0.3377	0.2792
0.4606	0.4601	0.4666	0.3665	0.3582	0.3554	0.4867	0.46	0.3533
0.4569	0.4563	0.457	0.3575	0.322	0.305	0.5097	0.4	0.3548
0.4797	0.4752	0.485	0.4282	0.3815	0.422	0.4242	0.3012	0.259
0.4395	0.4382	0.4387	0.3259	0.2619	0.299	0.6531	0.4694	0.5578
0.4791	0.4786	0.4879	0.418	0.3923	0.4402	0.3721	0.2791	0.2701
0.4652	0.4604	0.4872	0.3834	0.3103	0.4434	0.4832	0.3289	0.3087
0.4533	0.4549	0.4512	0.3551	0.3318	0.3346	0.5616	0.4452	0.5068
0.4624	0.4647	0.4619	0.3562	0.331	0.2834	0.4157	0.3202	0.2753
0.4542	0.4504	0.4678	0.34	0.2578	0.3669	0.4815	0.3457	0.3704
0.4528	0.4499	0.487	0.3252	0.2612	0.4501	0.4529	0.355	0.3728
0.4586	0.4517	0.497	0.3824	0.2802	0.4734	0.6183	0.3664	0.1301
0.4649	0.461	0.4644	0.3955	0.3409	0.3405	0.5669	0.3885	0.3439
0.4446	0.4393	0.4429	0.3297	0.2739	0.3092	0.5882	0.4837	0.5359
0.4377	0.4409	0.4581	0.328	0.3129	0.3654	0.6962	0.5759	0.5253
0.4744	0.4725	0.4768	0.3923	0.3122	0.3595	0.3503	0.2123	0.2303
0.4515	0.4481	0.4474	0.3526	0.311	0.2478	0.5808	0.4731	0.3593
0.453	0.4535	0.4701	0.3629	0.3183	0.3913	0.6098	0.4242	0.4268
0.4649	0.4618	0.4811	0.3761	0.3455	0.4194	0.454	0.3908	0.3333
0.4551	0.4531	0.4901	0.3305	0.2878	0.4557	0.4384	0.3645	0.3005
0.452	0.4497	0.4536	0.3079	0.3066	0.3131	0.4172	0.4417	0.411
0.4572	0.4537	0.4835	0.3705	0.2893	0.4375	0.5714	0.3613	0.3831
0.457	0.4578	0.4788	0.3639	0.3492	0.4234	0.5385	0.4615	0.4167
0.4326	0.4352	0.4325	0.2795	0.2754	0.2354	0.5767	0.5337	0.4785
0.4653	0.4642	0.4714	0.3755	0.2488	0.371	0.443	0.225	0.3291
0.4313	0.4277	0.4425	0.273	0.238	0.291	0.5741	0.5309	0.4877
0.444	0.4467	0.4802	0.3407	0.3009	0.4337	0.6531	0.4626	0.4558
0.4564	0.4525	0.4558	0.3721	0.2741	0.3075	0.5964	0.3494	0.3735
0.4701	0.4681	0.4975	0.3716	0.2704	0.4866	0.3506	0.2114	0.2286
0.4374	0.4341	0.4348	0.3398	0.2829	0.2626	0.7727	0.5682	0.5076
0.4599	0.4567	0.4595	0.3509	0.2429	0.2754	0.4362	0.2766	0.2872
0.4591	0.4591	0.4753	0.366	0.3049	0.3051	0.5101	0.3333	0.1814
0.4628	0.4625	0.4626	0.3574	0.3185	0.312	0.414	0.3208	0.3082
0.4677	0.4672	0.4735	0.3894	0.3178	0.3871	0.4653	0.2708	0.3472
0.4426	0.4335	0.4396	0.3474	0.2607	0.2902	0.7203	0.5175	0.5208
0.4448	0.4381	0.4422	0.3515	0.2605	0.2749	0.7021	0.4681	0.4539
0.4657	0.4616	0.4735	0.3923	0.3307	0.3399	0.5254	0.3559	0.2373
0.4661	0.4617	0.4671	0.3968	0.3252	0.3595	0.5474	0.3431	0.3577
0.429	0.4247	0.4939	0.3043	0.235	0.4224	0.7218	0.5564	0.092
0.4336	0.4402	0.4782	0.3419	0.3219	0.4405	0.8726	0.6242	0.6178
0.466	0.468	0.4668	0.3861	0.343	0.327	0.4833	0.3056	0.2889
0.4679	0.4699	0.4818	0.3853	0.3632	0.4065	0.441	0.3292	0.2671
0.4747	0.4737	0.4746	0.4003	0.3242	0.3316	0.3795	0.2143	0.2143
0.4458	0.4418	0.4476	0.3385	0.2775	0.2868	0.6098	0.4643	0.4201
0.4589	0.4578	0.4617	0.3667	0.3099	0.3002	0.5172	0.3563	0.2989
0.4477	0.4465	0.4502	0.3232	0.2476	0.2902	0.5167	0.3667	0.4
0.4486	0.4492	0.4893	0.3299	0.2549	0.4583	0.5284	0.3523	0.358
0.4596	0.4589	0.4936	0.3806	0.2886	0.4742	0.5833	0.3095	0.3393
0.4534	0.4497	0.4951	0.3566	0.2826	0.4799	0.5671	0.3902	0.3293
0.4554	0.4548	0.4509	0.3562	0.3376	0.2676	0.5291	0.4651	0.3547
0.4693	0.4724	0.4926	0.3579	0.2817	0.4486	0.3231	0.1869	0.1768
0.4411	0.4407	0.4422	0.3095	0.283	0.2875	0.5612	0.4892	0.482
0.4528	0.448	0.4611	0.3729	0.308	0.3265	0.6824	0.4662	0.3526
0.4477	0.4372	0.4652	0.3515	0.2709	0.3711	0.6452	0.5	0.4268
0.4366	0.4348	0.4775	0.3035	0.2966	0.4282	0.6027	0.6027	0.4932
0.4457	0.4359	0.4438	0.3243	0.2348	0.2762	0.5495	0.4451	0.4396
0.4659	0.4609	0.4664	0.3784	0.3045	0.3426	0.445	0.3141	0.3246
0.4633	0.4623	0.4617	0.3737	0.3282	0.3073	0.4713	0.3418	0.3101
0.4665	0.463	0.4681	0.3591	0.3193	0.3238	0.3651	0.3175	0.2698
0.4613	0.4597	0.4718	0.3551	0.3088	0.383	0.4294	0.3333	0.3616
0.461	0.4593	0.4658	0.348	0.2943	0.3178	0.4103	0.3141	0.2848
0.4597	0.4581	0.4767	0.3384	0.3172	0.384	0.399	0.3679	0.285
0.4671	0.466	0.4746	0.3944	0.3335	0.3563	0.508	0.3102	0.2513
0.4696	0.4706	0.4897	0.3976	0.325	0.4491	0.4718	0.2465	0.2676
0.4469	0.44	0.4512	0.3377	0.2512	0.3125	0.5864	0.4321	0.4383
0.4671	0.4593	0.4585	0.3777	0.2845	0.3078	0.4208	0.3005	0.3443
0.4661	0.4647	0.4652	0.3696	0.3454	0.3338	0.4052	0.3529	0.3203
0.4653	0.4597	0.4927	0.3963	0.35	0.4711	0.5625	0.4348	0.3478
0.4525	0.4565	0.4556	0.336	0.2705	0.318	0.4928	0.3077	0.3986
0.458	0.4604	0.4638	0.3841	0.336	0.3483	0.646	0.3841	0.372
0.4429	0.4492	0.4493	0.3349	0.3326	0.3019	0.6405	0.5294	0.4351
0.4498	0.45	0.4833	0.3396	0.2919	0.4426	0.5475	0.4056	0.4358
0.4371	0.4406	0.4723	0.32	0.3069	0.4078	0.6643	0.5594	0.4755
0.4501	0.4467	0.4587	0.3444	0.2419	0.3183	0.5642	0.3575	0.3631
0.4544	0.4561	0.4847	0.3381	0.2881	0.4417	0.472	0.3354	0.3789
0.4488	0.4445	0.4523	0.3638	0.2727	0.2715	0.7021	0.4255	0.3475
0.4481	0.4488	0.4435	0.3716	0.3219	0.2164	0.7852	0.4963	0.3556
0.4568	0.4576	0.4539	0.3414	0.3129	0.2528	0.4485	0.3636	0.3091
0.4716	0.4685	0.4706	0.4118	0.3553	0.3265	0.5212	0.3273	0.2485
0.459	0.4601	0.4826	0.3556	0.3191	0.409	0.4663	0.3483	0.2597
0.4394	0.4363	0.4559	0.3213	0.2786	0.3174	0.634	0.5294	0.3935
0.4464	0.4468	0.4941	0.3036	0.2178	0.4775	0.4734	0.3314	0.3609
0.4606	0.4641	0.4836	0.3485	0.3087	0.4291	0.4172	0.2883	0.3252
0.4645	0.4559	0.4798	0.3814	0.3175	0.4033	0.4867	0.3933	0.2933
0.4535	0.4555	0.4544	0.35	0.3266	0.3144	0.5337	0.4213	0.4045
0.4558	0.4623	0.4818	0.3604	0.3402	0.4288	0.5432	0.3704	0.3704
0.4664	0.4673	0.4721	0.3881	0.3639	0.2878	0.4847	0.3681	0.1939
0.4513	0.4514	0.4704	0.3516	0.3117	0.3856	0.5783	0.4337	0.3952
0.4527	0.4511	0.4731	0.3528	0.2983	0.4043	0.56	0.4067	0.4333
0.4527	0.4503	0.4622	0.3719	0.3342	0.367	0.6763	0.518	0.4604
0.4576	0.4549	0.4757	0.3607	0.2531	0.4105	0.512	0.3012	0.4096
0.4603	0.4627	0.4715	0.3614	0.3177	0.3736	0.4695	0.3171	0.3354
0.4708	0.4691	0.4926	0.4083	0.37	0.4568	0.5155	0.3602	0.2174
0.4667	0.4663	0.4876	0.3676	0.327	0.4438	0.3889	0.2944	0.3
0.4715	0.4752	0.4763	0.3799	0.3691	0.3472	0.3545	0.2698	0.2176
0.4707	0.4716	0.4837	0.391	0.3168	0.3547	0.414	0.2258	0.1481
0.4599	0.4587	0.4755	0.362	0.3179	0.4016	0.4783	0.3623	0.3696
0.4643	0.4596	0.4624	0.3554	0.2728	0.298	0.3855	0.2831	0.2892
0.4547	0.4477	0.4969	0.3395	0.2926	0.4867	0.4731	0.4311	0.3095
0.4446	0.4466	0.4492	0.3368	0.2461	0.3051	0.6213	0.3642	0.4438
0.4651	0.4574	0.46	0.3804	0.2957	0.2613	0.4695	0.3354	0.2683
0.4606	0.4576	0.4687	0.3706	0.3051	0.3582	0.506	0.3494	0.3313
0.4377	0.4328	0.4853	0.3359	0.256	0.4566	0.741	0.5143	0.5357
0.4407	0.4406	0.4684	0.3422	0.2931	0.3876	0.723	0.5168	0.443
0.4643	0.4607	0.463	0.385	0.3104	0.347	0.5115	0.3258	0.3788
0.4538	0.4458	0.4573	0.3581	0.257	0.3322	0.5664	0.3862	0.4138
0.4656	0.4616	0.4714	0.3771	0.3361	0.3227	0.4451	0.3681	0.235
0.4411	0.4536	0.4592	0.328	0.3043	0.3497	0.637	0.3904	0.4422
0.4413	0.4382	0.4397	0.3316	0.2659	0.2685	0.6519	0.478	0.467
0.4646	0.4631	0.4923	0.3666	0.3143	0.4582	0.419	0.3073	0.2346
0.459	0.4548	0.4806	0.3771	0.32	0.339	0.5733	0.4133	0.1635
0.4515	0.4628	0.4631	0.3555	0.3226	0.2911	0.596	0.3248	0.2739
0.4448	0.4405	0.492	0.3332	0.2464	0.4696	0.6	0.4196	0.3706
0.4611	0.468	0.4634	0.3512	0.3209	0.2727	0.4188	0.267	0.2513
0.4444	0.4338	0.4532	0.3457	0.2213	0.3482	0.6728	0.4444	0.5309
0.4591	0.4632	0.4702	0.3698	0.2601	0.3091	0.5291	0.2414	0.2299
0.4559	0.4489	0.4706	0.3779	0.2611	0.395	0.6494	0.3636	0.4351
0.4487	0.4461	0.445	0.3358	0.2834	0.2624	0.5503	0.4295	0.4027
0.4688	0.4664	0.4774	0.4126	0.2891	0.3632	0.6093	0.2422	0.2298
0.4635	0.4665	0.4833	0.3582	0.3344	0.4087	0.4066	0.306	0.246
0.4589	0.4568	0.4727	0.352	0.2795	0.3785	0.4541	0.3163	0.3316
0.4528	0.4504	0.4604	0.3431	0.2627	0.3195	0.5157	0.3522	0.3459
0.4626	0.4513	0.4766	0.3774	0.2427	0.4175	0.5033	0.3203	0.4314
0.4597	0.46	0.4653	0.3715	0.3212	0.3361	0.528	0.354	0.323
0.4429	0.4413	0.4475	0.3399	0.2901	0.3311	0.6687	0.5	0.5482
0.4581	0.4591	0.4938	0.373	0.3445	0.4752	0.5676	0.4257	0.3446
0.4714	0.4713	0.4746	0.3929	0.3736	0.3816	0.4106	0.3377	0.3113
0.4398	0.4345	0.4417	0.3417	0.2684	0.2824	0.7379	0.5241	0.4759
0.453	0.4524	0.4456	0.3503	0.3181	0.2615	0.5432	0.4383	0.3951
0.441	0.4459	0.4479	0.3117	0.2534	0.2978	0.5706	0.3804	0.4417
0.4638	0.4717	0.4876	0.3838	0.3467	0.4416	0.5138	0.2692	0.2873
0.4645	0.471	0.4695	0.3755	0.3867	0.2992	0.4573	0.3902	0.2262
0.4572	0.451	0.456	0.3848	0.3054	0.3116	0.6715	0.4234	0.3796
0.4611	0.4697	0.4712	0.3684	0.3491	0.3197	0.4855	0.2971	0.233
0.4575	0.4514	0.4541	0.342	0.2764	0.2359	0.4413	0.3631	0.2905
0.4781	0.4762	0.4917	0.4275	0.3806	0.4497	0.4682	0.2832	0.2081
0.4685	0.4628	0.4682	0.4076	0.3266	0.356	0.5714	0.3333	0.3333
0.4685	0.4645	0.4754	0.3756	0.3483	0.3555	0.3895	0.3632	0.2408
0.4491	0.4459	0.4449	0.3433	0.2878	0.2737	0.5765	0.4412	0.4235
0.4455	0.4481	0.4561	0.3423	0.3177	0.3444	0.6343	0.4925	0.4701
0.4522	0.4542	0.4819	0.3327	0.2883	0.4286	0.4852	0.355	0.3669
0.444	0.4478	0.4524	0.345	0.3187	0.3038	0.6765	0.5	0.4029
0.4413	0.4393	0.4474	0.3301	0.2542	0.2964	0.6438	0.4438	0.4438
0.4593	0.4561	0.4852	0.3764	0.3054	0.4373	0.5634	0.3662	0.331
0.4377	0.4361	0.4284	0.3403	0.3059	0.2381	0.7698	0.619	0.5238
0.4477	0.4462	0.4951	0.3335	0.2821	0.4817	0.5556	0.4259	0.3765
0.4549	0.4537	0.4763	0.3495	0.3047	0.4108	0.5072	0.3913	0.3986
0.4609	0.4693	0.4701	0.3876	0.3721	0.3798	0.6042	0.363	0.3784
0.4672	0.4656	0.4754	0.3988	0.3704	0.3393	0.5347	0.4167	0.2162
0.4693	0.4645	0.4683	0.3945	0.3328	0.3092	0.4615	0.3254	0.2485
0.4533	0.4531	0.4593	0.3375	0.2922	0.2881	0.4859	0.3729	0.3051
0.4768	0.4773	0.4843	0.4103	0.3609	0.4218	0.3833	0.2278	0.2722
0.4693	0.4687	0.4762	0.3855	0.3761	0.4032	0.4145	0.3882	0.3618
0.462	0.4667	0.4847	0.3688	0.2894	0.4242	0.4716	0.2402	0.2737
0.4637	0.4638	0.4649	0.3813	0.3341	0.3432	0.5032	0.3376	0.3439
0.4484	0.443	0.4493	0.3511	0.2969	0.2869	0.6289	0.4969	0.4025
0.4598	0.4578	0.4859	0.38	0.3087	0.4463	0.5764	0.3542	0.375
0.4613	0.4615	0.4947	0.3689	0.3077	0.4743	0.4843	0.3125	0.2688
0.4332	0.4225	0.4923	0.3381	0.2205	0.4795	0.8489	0.55	0.6143
0.4606	0.4606	0.4666	0.3845	0.3204	0.3478	0.5887	0.3451	0.3333
0.4708	0.4725	0.475	0.3801	0.3348	0.3642	0.367	0.2408	0.2618
0.4525	0.4479	0.4729	0.3544	0.273	0.3878	0.5714	0.3913	0.3602
0.4756	0.4692	0.4932	0.3813	0.3194	0.4611	0.2938	0.2526	0.2216
0.4539	0.4513	0.4573	0.3711	0.318	0.3428	0.6433	0.4522	0.4459
0.4343	0.4278	0.4523	0.3337	0.2724	0.3556	0.7949	0.6154	0.5823
0.4709	0.4729	0.4762	0.4065	0.3196	0.3286	0.5	0.2169	0.1958
0.4561	0.4571	0.4557	0.3445	0.2929	0.2766	0.4699	0.3333	0.3224
0.4526	0.4581	0.4603	0.336	0.2762	0.2836	0.4915	0.3005	0.2896
0.4526	0.4524	0.4672	0.3248	0.2859	0.3549	0.4545	0.3687	0.3434
0.4476	0.4471	0.4659	0.3412	0.3067	0.3878	0.5921	0.4737	0.4934
0.4475	0.4432	0.4385	0.3621	0.2977	0.2286	0.7203	0.4965	0.4126
0.4524	0.4442	0.4515	0.3658	0.2969	0.2877	0.6395	0.483	0.381
0.4627	0.4606	0.461	0.3561	0.2914	0.268	0.4121	0.297	0.2667
0.4429	0.4353	0.4565	0.3318	0.2403	0.3326	0.6264	0.4598	0.4253
0.4533	0.452	0.4911	0.3413	0.3094	0.4643	0.5	0.4205	0.3466
0.4691	0.474	0.4921	0.3839	0.3624	0.4612	0.4127	0.2708	0.2656
0.452	0.4503	0.4635	0.3333	0.2358	0.3275	0.4906	0.3208	0.327
0.4653	0.4674	0.4761	0.3554	0.2954	0.3738	0.3714	0.24	0.2686
0.4674	0.4685	0.4791	0.3658	0.3425	0.4087	0.3729	0.2983	0.3277
0.4576	0.4679	0.4903	0.3614	0.3732	0.4647	0.5148	0.3905	0.3905
0.4684	0.4673	0.4675	0.4018	0.3597	0.3056	0.5274	0.3562	0.2517
0.4435	0.4513	0.4784	0.3314	0.31	0.4241	0.6139	0.4304	0.4304
0.4556	0.4599	0.4717	0.3609	0.3242	0.3647	0.5484	0.3613	0.3077
0.4637	0.4692	0.4693	0.3701	0.3381	0.3445	0.4488	0.2816	0.2927
0.4529	0.4517	0.4623	0.3414	0.2915	0.3502	0.5063	0.3861	0.3987
0.4296	0.4317	0.4538	0.3243	0.2904	0.3747	0.824	0.624	0.672
0.4683	0.475	0.4762	0.3656	0.3303	0.2825	0.358	0.209	0.1582
0.4563	0.451	0.4847	0.3382	0.2677	0.4359	0.4451	0.3537	0.3354
0.4569	0.4495	0.4514	0.3786	0.315	0.3285	0.6307	0.4659	0.483
0.467	0.4802	0.4948	0.3688	0.3331	0.4553	0.3892	0.1619	0.1381
0.4392	0.4317	0.4373	0.3329	0.2469	0.2319	0.6957	0.5072	0.4275
0.4531	0.4543	0.4528	0.358	0.3118	0.271	0.58	0.4	0.3421
0.4534	0.4523	0.4535	0.3544	0.3228	0.2277	0.5548	0.4521	0.2886
0.4636	0.4592	0.4742	0.368	0.3078	0.3739	0.4404	0.3368	0.2953
0.4522	0.4492	0.4528	0.3527	0.3073	0.3263	0.568	0.4488	0.4567
0.4728	0.4708	0.4971	0.3878	0.3192	0.4724	0.3609	0.2367	0.1193
0.4443	0.4426	0.4731	0.3533	0.2852	0.4046	0.7254	0.4718	0.4366
0.437	0.4357	0.4402	0.326	0.2714	0.2536	0.6964	0.5179	0.4345
0.4661	0.4701	0.4955	0.3769	0.3479	0.4765	0.4348	0.2901	0.2407
0.4562	0.457	0.4833	0.3603	0.2829	0.4217	0.5342	0.319	0.2945
0.4839	0.4802	0.4972	0.43	0.3747	0.4817	0.3204	0.2155	0.1858
0.4704	0.468	0.4688	0.3982	0.3661	0.2994	0.4588	0.3647	0.2326
0.4365	0.433	0.4307	0.3064	0.2455	0.1977	0.6158	0.4915	0.4407
0.4795	0.4764	0.4963	0.397	0.3621	0.4734	0.2775	0.2408	0.1667
0.4629	0.4561	0.4603	0.3954	0.3388	0.3584	0.6164	0.4497	0.4564
0.4706	0.4739	0.4854	0.3784	0.3804	0.4244	0.3647	0.3176	0.2588
0.4759	0.4765	0.4885	0.3837	0.3674	0.4283	0.2963	0.2487	0.2063
0.4333	0.4327	0.4351	0.3435	0.2828	0.316	0.8929	0.5857	0.6786
0.4416	0.4384	0.4414	0.3443	0.2651	0.2873	0.72	0.4743	0.4914
0.4363	0.4313	0.471	0.3198	0.2668	0.4047	0.6769	0.5573	0.4848
0.4655	0.4614	0.4718	0.3678	0.2969	0.3488	0.4096	0.2979	0.2713
0.4557	0.4537	0.456	0.3561	0.2913	0.3073	0.5235	0.3647	0.3706
0.4637	0.4663	0.4771	0.3607	0.3536	0.3965	0.4118	0.3529	0.3176
0.4585	0.4664	0.4754	0.3523	0.3699	0.3975	0.462	0.4025	0.3522
0.458	0.4631	0.4663	0.3581	0.3481	0.3503	0.4938	0.3812	0.3438
0.4547	0.4572	0.4789	0.3393	0.3292	0.4277	0.4713	0.4076	0.4459
0.4403	0.444	0.4837	0.337	0.317	0.4478	0.6987	0.5478	0.478
0.4622	0.4632	0.4632	0.3636	0.316	0.2688	0.4468	0.3085	0.2487
0.4665	0.4662	0.4808	0.3745	0.3417	0.406	0.4189	0.3243	0.2838
0.4625	0.46	0.4609	0.3468	0.3054	0.2879	0.3855	0.324	0.2905
0.4772	0.4823	0.4844	0.3973	0.3479	0.3744	0.3189	0.1559	0.1622
0.4542	0.452	0.4954	0.35	0.2839	0.4828	0.5215	0.3697	0.3742
0.4533	0.4526	0.4632	0.3358	0.2968	0.3614	0.4798	0.3873	0.422
0.4546	0.4584	0.4761	0.3398	0.3119	0.3849	0.4756	0.3537	0.297
0.458	0.4519	0.4893	0.3742	0.2976	0.455	0.5775	0.3958	0.3288
0.4347	0.4361	0.474	0.3326	0.3227	0.425	0.7801	0.695	0.5745
0.4653	0.4687	0.4854	0.3817	0.3603	0.4391	0.4734	0.3373	0.3373
0.4725	0.4674	0.4817	0.4143	0.3617	0.4203	0.5188	0.3602	0.325
0.4664	0.4661	0.4697	0.3583	0.3417	0.3115	0.3646	0.326	0.2376
0.4554	0.4563	0.4668	0.3766	0.3268	0.3762	0.6503	0.4126	0.4196
0.4502	0.4471	0.4906	0.3463	0.254	0.4657	0.5724	0.3699	0.3904
0.444	0.4439	0.4436	0.3319	0.282	0.2866	0.6078	0.451	0.4641
0.4434	0.4395	0.4865	0.3177	0.2462	0.4492	0.5584	0.4286	0.3831
0.4796	0.4802	0.4823	0.4179	0.3608	0.3541	0.3614	0.1928	0.1627
0.4551	0.4559	0.4578	0.3606	0.298	0.3178	0.5556	0.3537	0.372
0.4422	0.4383	0.4446	0.3383	0.2774	0.3264	0.671	0.5032	0.5742
0.4569	0.4571	0.4828	0.3406	0.2926	0.4283	0.4444	0.3333	0.3403
0.4471	0.4411	0.4742	0.3335	0.2224	0.4079	0.5645	0.3817	0.4301
0.4496	0.4483	0.4473	0.3623	0.2938	0.2706	0.6763	0.4277	0.3931
0.4434	0.4356	0.4519	0.3498	0.2731	0.355	0.7188	0.5234	0.5859
0.4532	0.45	0.4576	0.3762	0.2726	0.3349	0.6984	0.3701	0.4173
0.4549	0.4499	0.4541	0.3658	0.2847	0.2597	0.5891	0.3923	0.3154
0.4629	0.4585	0.4664	0.3675	0.3281	0.3532	0.4516	0.3871	0.3495
0.4688	0.4682	0.4727	0.3824	0.332	0.3536	0.411	0.2822	0.2699
0.4462	0.4471	0.4456	0.3519	0.2912	0.2912	0.6765	0.4357	0.4526
0.4554	0.4572	0.4545	0.3479	0.3306	0.3148	0.4931	0.411	0.4041
0.4518	0.4493	0.4505	0.3645	0.2586	0.2572	0.6438	0.3562	0.3438
0.4669	0.4643	0.4709	0.3738	0.3249	0.3622	0.4088	0.3125	0.3125
0.4466	0.4447	0.4985	0.3605	0.262	0.4819	0.7273	0.4044	0.0946
0.4461	0.4386	0.4915	0.3559	0.2764	0.4718	0.7051	0.4969	0.4472
0.4468	0.4445	0.4691	0.3312	0.2455	0.3955	0.5605	0.3822	0.4713
0.4684	0.4724	0.4867	0.3942	0.3682	0.4281	0.4785	0.3067	0.2454
0.4551	0.4519	0.4482	0.3814	0.2783	0.2544	0.6944	0.3611	0.3611
0.4519	0.4573	0.4678	0.3304	0.3346	0.3806	0.4809	0.4208	0.4208
0.4638	0.4634	0.4673	0.3757	0.3222	0.3423	0.4716	0.3182	0.3125
0.4571	0.4783	0.4578	0.3554	0.4146	0.2723	0.4969	0.3727	0.2981
0.4615	0.4667	0.4832	0.3771	0.3383	0.405	0.5238	0.3108	0.2372
0.4723	0.473	0.4756	0.3937	0.3139	0.3062	0.3952	0.2096	0.1796
0.4449	0.4461	0.4444	0.3268	0.2538	0.2381	0.5714	0.3789	0.3727
0.4461	0.4449	0.4426	0.362	0.2621	0.2483	0.75	0.4028	0.4028
0.4488	0.4441	0.4658	0.3445	0.2628	0.3751	0.5871	0.4114	0.4331
0.4607	0.4543	0.459	0.3805	0.2965	0.298	0.5592	0.3684	0.3224
0.4637	0.4609	0.4698	0.3815	0.3425	0.3576	0.5034	0.3946	0.3154
0.4526	0.4509	0.4506	0.3432	0.3032	0.2911	0.5196	0.419	0.3966
0.4485	0.4457	0.4928	0.3338	0.2413	0.4739	0.5449	0.3653	0.3892
0.4676	0.4706	0.4713	0.3874	0.3705	0.3324	0.4561	0.3392	0.25
0.4462	0.4473	0.4395	0.3326	0.2899	0.2511	0.5762	0.4305	0.4371
0.4465	0.4524	0.4425	0.3414	0.3215	0.2639	0.6118	0.4471	0.4294
0.4555	0.4526	0.4598	0.3314	0.2726	0.3161	0.4362	0.3457	0.3457
0.4597	0.4474	0.4621	0.3714	0.2607	0.3335	0.5274	0.3767	0.3562
0.4591	0.4579	0.4664	0.3571	0.2876	0.3497	0.4706	0.3176	0.3412
0.4497	0.4418	0.4424	0.3595	0.2711	0.2605	0.6536	0.451	0.4248
0.4635	0.4609	0.4769	0.376	0.3267	0.3767	0.4785	0.3558	0.2638
0.4256	0.4205	0.4202	0.3169	0.2725	0.2501	0.8527	0.7132	0.6434
0.4463	0.4396	0.4438	0.3584	0.276	0.3064	0.7197	0.4848	0.5152
0.4562	0.4525	0.4794	0.3445	0.278	0.4059	0.4677	0.3548	0.3105
0.482	0.4828	0.4869	0.4263	0.385	0.4051	0.35	0.1989	0.1768
0.4207	0.4178	0.4051	0.3087	0.2875	0.2299	0.8943	0.8211	0.7724
0.4635	0.4477	0.4884	0.3978	0.3236	0.4641	0.6214	0.5177	0.4965
0.4449	0.44	0.441	0.3264	0.2426	0.2312	0.5697	0.4182	0.3939
0.4726	0.472	0.4729	0.3976	0.3258	0.3561	0.4091	0.2338	0.2727
0.4432	0.4382	0.4619	0.334	0.2789	0.3539	0.6319	0.5069	0.4167
0.4539	0.4453	0.4602	0.3435	0.2747	0.35	0.5	0.4211	0.4276
0.4478	0.4534	0.474	0.3534	0.354	0.4242	0.6541	0.5535	0.566
0.4347	0.4277	0.4737	0.3184	0.2269	0.419	0.6978	0.5108	0.5252
0.4635	0.4607	0.4714	0.3871	0.3364	0.3735	0.5419	0.3806	0.3355
0.4532	0.4574	0.493	0.3363	0.323	0.4699	0.4833	0.3889	0.3111
0.4402	0.4409	0.4416	0.3591	0.3388	0.3186	0.8671	0.6993	0.5874
0.4533	0.4556	0.4772	0.3479	0.3186	0.4191	0.5278	0.4	0.4276
0.4555	0.4535	0.4605	0.3519	0.2621	0.3207	0.509	0.3234	0.3473
0.4526	0.4512	0.4925	0.3602	0.2766	0.4728	0.6014	0.3649	0.3893
0.4428	0.4375	0.4595	0.3365	0.2622	0.3537	0.6516	0.4774	0.4516
0.4614	0.4611	0.4646	0.3891	0.3526	0.3482	0.6042	0.4236	0.3611
0.4522	0.4467	0.4746	0.365	0.3142	0.4033	0.6389	0.5	0.3958
0.4575	0.4589	0.4586	0.3575	0.2766	0.2545	0.5	0.2941	0.2727
0.4676	0.4682	0.4687	0.3865	0.3692	0.3673	0.4527	0.3716	0.3581
0.4565	0.4526	0.4919	0.3609	0.3065	0.4694	0.5333	0.4067	0.3733
0.4695	0.4683	0.4878	0.3913	0.3462	0.424	0.4386	0.3081	0.2081
0.4642	0.4601	0.4617	0.3741	0.2747	0.2718	0.4566	0.2816	0.2644
0.4562	0.4705	0.4635	0.3574	0.2969	0.3105	0.5205	0.2148	0.2973
0.4501	0.4462	0.4562	0.352	0.2833	0.3029	0.602	0.4286	0.3596
0.4754	0.4748	0.4868	0.4078	0.3459	0.4268	0.4011	0.2316	0.2373
0.4696	0.4686	0.4688	0.3784	0.3267	0.2712	0.381	0.2698	0.2063
0.48	0.4829	0.4952	0.4015	0.3383	0.4671	0.2825	0.1412	0.1751
0.4561	0.4488	0.4714	0.3886	0.2817	0.3922	0.7368	0.3985	0.406
0.474	0.4739	0.4737	0.4044	0.366	0.3327	0.4136	0.2805	0.2256
0.4511	0.453	0.4887	0.3449	0.326	0.4559	0.5509	0.4524	0.3631
0.4671	0.4694	0.4756	0.3681	0.3269	0.3676	0.385	0.2611	0.2611
0.4559	0.4553	0.4582	0.3598	0.3255	0.3154	0.538	0.4211	0.3626
0.4679	0.4678	0.4923	0.3799	0.3414	0.4609	0.4161	0.3043	0.2547
0.4658	0.466	0.4642	0.3939	0.3209	0.3219	0.5342	0.2877	0.3082
0.452	0.4538	0.48	0.3244	0.3102	0.4106	0.4611	0.4012	0.3174
0.4547	0.4484	0.4582	0.3637	0.2463	0.3225	0.5814	0.3488	0.3779
0.4602	0.4601	0.4634	0.3671	0.3306	0.292	0.4966	0.3741	0.2721
0.4482	0.4454	0.4501	0.3177	0.2438	0.2702	0.4918	0.3716	0.3661
0.4444	0.4388	0.4422	0.3499	0.2695	0.2838	0.7006	0.479	0.4731
0.4734	0.4724	0.4756	0.3847	0.3394	0.3547	0.3408	0.2486	0.2376
0.4658	0.4601	0.4863	0.3661	0.307	0.4349	0.3989	0.3264	0.285
0.4695	0.4646	0.4679	0.4031	0.3013	0.3254	0.5093	0.2733	0.2744
0.4529	0.453	0.4573	0.3496	0.2881	0.2868	0.5419	0.3667	0.3222
0.4793	0.4784	0.4797	0.3979	0.3101	0.3176	0.2835	0.159	0.1538
0.4475	0.4393	0.4619	0.3586	0.3	0.3847	0.695	0.5532	0.5603
0.4529	0.4514	0.496	0.3696	0.2809	0.484	0.6543	0.3704	0.3395
0.4501	0.4459	0.45	0.3464	0.2805	0.3067	0.5741	0.4259	0.4383
0.4386	0.4375	0.4903	0.3143	0.2655	0.4684	0.6164	0.4843	0.4591
0.4435	0.44	0.4804	0.3207	0.291	0.4341	0.5683	0.518	0.4532
0.4671	0.4606	0.4716	0.3889	0.269	0.3263	0.4759	0.2711	0.2381
0.4516	0.4485	0.4917	0.3571	0.295	0.4693	0.6025	0.4286	0.3851
0.4363	0.4358	0.4348	0.3218	0.294	0.2388	0.6864	0.5799	0.4615
0.4697	0.4717	0.4735	0.3852	0.3565	0.3176	0.4068	0.2881	0.209
0.4629	0.4535	0.4633	0.3778	0.2386	0.3202	0.5	0.2982	0.3158
0.4537	0.4575	0.4601	0.3383	0.3343	0.265	0.4824	0.4176	0.2706
0.4601	0.4598	0.4704	0.3477	0.3066	0.3534	0.4216	0.3284	0.2976
0.4511	0.4487	0.4494	0.3381	0.2956	0.2594	0.5223	0.4268	0.3567
0.456	0.4575	0.4771	0.3614	0.2881	0.396	0.5448	0.3219	0.3151
0.4769	0.4765	0.4894	0.4098	0.3039	0.4291	0.378	0.1707	0.189
0.4481	0.4478	0.4417	0.368	0.2989	0.2639	0.7518	0.4453	0.438
0.45	0.4468	0.4526	0.3528	0.2242	0.3063	0.609	0.3375	0.4062
0.4649	0.465	0.4823	0.3633	0.2741	0.4119	0.4025	0.239	0.2767
0.4415	0.4304	0.4878	0.3567	0.2467	0.4609	0.8125	0.5208	0.4722
0.4761	0.4774	0.4976	0.397	0.3597	0.4708	0.3381	0.2238	0.0922
0.4721	0.4671	0.4669	0.4036	0.3685	0.3385	0.4524	0.3869	0.3095
0.4725	0.4695	0.4777	0.4006	0.3318	0.3531	0.4268	0.2675	0.2102
0.4653	0.4627	0.4797	0.4074	0.3658	0.4161	0.662	0.4476	0.3497
0.4726	0.4694	0.4908	0.3992	0.358	0.4556	0.4153	0.3224	0.2732
0.4474	0.4452	0.4927	0.3367	0.3018	0.4749	0.5742	0.4839	0.4194
0.4369	0.4325	0.4423	0.3278	0.2239	0.2507	0.7081	0.4596	0.4099
0.4758	0.4742	0.4905	0.4044	0.348	0.45	0.3758	0.2424	0.2485
0.476	0.4758	0.4839	0.4141	0.3777	0.4255	0.4254	0.2818	0.2983
0.4626	0.4606	0.4754	0.3457	0.2654	0.3735	0.3812	0.2673	0.2772
0.4626	0.458	0.471	0.378	0.3375	0.3599	0.5067	0.42	0.3046
0.4519	0.4491	0.4551	0.3591	0.2865	0.3379	0.609	0.4038	0.4615
0.4528	0.4544	0.4737	0.3668	0.332	0.3789	0.6387	0.4516	0.3161
0.4675	0.4616	0.4706	0.4034	0.3198	0.3755	0.5625	0.3333	0.3542
0.4677	0.4741	0.495	0.3716	0.3692	0.4759	0.3879	0.2848	0.2667
0.4624	0.4569	0.4762	0.3687	0.2865	0.3958	0.4641	0.326	0.3315
0.4635	0.4615	0.4848	0.3565	0.2953	0.428	0.4011	0.2941	0.2888
0.4713	0.4725	0.4964	0.3642	0.3288	0.4752	0.3122	0.2321	0.173
0.456	0.4604	0.4661	0.3842	0.3379	0.3251	0.6984	0.3889	0.2937
0.4725	0.4709	0.4909	0.3797	0.3375	0.4611	0.3375	0.2625	0.3188
0.4584	0.4559	0.4916	0.3596	0.2784	0.4658	0.4925	0.3234	0.3383
0.459	0.4543	0.4568	0.3672	0.3144	0.286	0.5176	0.4059	0.3256
0.4664	0.4611	0.4737	0.3755	0.3361	0.3702	0.4239	0.375	0.2935
0.4752	0.4786	0.4746	0.3932	0.3842	0.3618	0.3407	0.2568	0.2623
0.4561	0.4519	0.4641	0.3572	0.3007	0.356	0.522	0.4025	0.3899
0.4742	0.4763	0.4946	0.3937	0.3492	0.4688	0.3591	0.221	0.2155
0.4547	0.4569	0.4665	0.3475	0.2988	0.3446	0.5031	0.3457	0.3272
0.4623	0.4663	0.4658	0.3918	0.3515	0.3259	0.6013	0.3464	0.2987
0.4526	0.4478	0.4487	0.3571	0.2944	0.2736	0.5839	0.4348	0.3851
0.4551	0.4564	0.4533	0.3573	0.3148	0.2531	0.5393	0.382	0.3146
0.4726	0.4718	0.4716	0.4034	0.3676	0.2539	0.4398	0.3133	0.1747
0.454	0.4456	0.4484	0.3694	0.2611	0.2993	0.6306	0.3949	0.4395
0.4726	0.4712	0.4889	0.3757	0.3554	0.4269	0.3245	0.2926	0.1937
0.4489	0.4448	0.4716	0.3624	0.2843	0.3991	0.6918	0.4452	0.4384
0.4682	0.4667	0.4923	0.4013	0.3533	0.4658	0.5284	0.3466	0.3011
0.4393	0.4355	0.4641	0.318	0.2931	0.386	0.6216	0.5811	0.5203
0.4668	0.4641	0.4686	0.3792	0.303	0.3437	0.4331	0.2803	0.2994
0.4438	0.4449	0.4458	0.3216	0.2894	0.2893	0.5676	0.4564	0.4459
0.4441	0.4357	0.4497	0.3653	0.3081	0.3562	0.8284	0.6343	0.6343
0.4418	0.4493	0.4958	0.3311	0.2788	0.4833	0.6412	0.3873	0.341
0.4372	0.4319	0.4477	0.3564	0.3168	0.353	0.9182	0.7364	0.6545
0.4444	0.4425	0.4787	0.3183	0.2207	0.422	0.5455	0.3681	0.4097
0.4572	0.4584	0.4537	0.384	0.2986	0.3045	0.6646	0.3293	0.3902
0.4632	0.4724	0.4839	0.3767	0.3824	0.4379	0.4884	0.3488	0.3721
0.4442	0.4474	0.4582	0.3245	0.2829	0.3304	0.5731	0.4152	0.3977
0.469	0.463	0.481	0.4069	0.3349	0.4172	0.5523	0.3488	0.3256
0.4648	0.4653	0.4757	0.365	0.282	0.373	0.4096	0.2447	0.2713
0.4596	0.4567	0.4582	0.3674	0.3194	0.3069	0.5081	0.3892	0.3459
0.4703	0.4725	0.4904	0.3785	0.3436	0.4446	0.3702	0.2541	0.221
0.4634	0.4682	0.4654	0.3661	0.3136	0.2781	0.4375	0.2552	0.2396
0.4626	0.4691	0.492	0.3828	0.3844	0.4592	0.5333	0.4133	0.2532
0.4447	0.4492	0.4507	0.3538	0.2646	0.3126	0.7195	0.3659	0.4451
0.4659	0.4593	0.4896	0.4137	0.3427	0.4557	0.7165	0.4173	0.3228
0.4546	0.4515	0.4573	0.3694	0.2795	0.3168	0.6174	0.3667	0.3758
0.4309	0.4229	0.4268	0.2883	0.2243	0.2407	0.6267	0.5533	0.5467
0.4678	0.4682	0.4685	0.3824	0.3132	0.2883	0.4286	0.2547	0.2236
0.457	0.4549	0.4929	0.3425	0.3073	0.4671	0.4491	0.3832	0.284
0.4536	0.4463	0.4598	0.3558	0.256	0.3408	0.56	0.38	0.405
0.4662	0.4639	0.4626	0.3643	0.2717	0.2874	0.3855	0.2458	0.2737
0.4435	0.4457	0.4769	0.3205	0.2733	0.4183	0.5671	0.4146	0.4311
0.4671	0.4668	0.4672	0.404	0.3113	0.3139	0.5793	0.2653	0.2653
0.4684	0.4696	0.4944	0.3666	0.2971	0.4714	0.3594	0.2228	0.2539
0.4633	0.4656	0.4685	0.3612	0.3446	0.3672	0.4194	0.3387	0.3602
0.4583	0.4623	0.4979	0.3619	0.3194	0.4812	0.5064	0.3248	0.1257
0.4613	0.4529	0.4766	0.3621	0.2999	0.4177	0.4552	0.3901	0.4326
0.4605	0.4607	0.4572	0.3727	0.3461	0.3038	0.5182	0.4088	0.3504
0.4695	0.4661	0.4663	0.3781	0.2685	0.2951	0.3816	0.226	0.25
0.4563	0.4527	0.4583	0.3567	0.3344	0.3288	0.5163	0.4837	0.3922
0.4508	0.4518	0.4745	0.3622	0.3478	0.4042	0.6494	0.5519	0.4026
0.447	0.4516	0.4527	0.3421	0.2626	0.3249	0.6062	0.3415	0.4534
0.4583	0.4561	0.4792	0.385	0.3669	0.4204	0.6463	0.5714	0.3856
0.4722	0.4782	0.479	0.3747	0.3409	0.3382	0.328	0.1895	0.1789
0.4322	0.432	0.4519	0.2767	0.2523	0.3381	0.574	0.5148	0.5089
0.4614	0.4604	0.4734	0.3636	0.3262	0.3754	0.4591	0.3602	0.3106
0.4717	0.4706	0.4804	0.3886	0.3478	0.4106	0.3851	0.284	0.3086
0.4664	0.4637	0.4672	0.36	0.3227	0.3429	0.3697	0.3152	0.3152
0.4524	0.4482	0.4822	0.3438	0.2667	0.4343	0.5238	0.3784	0.3986
0.455	0.4507	0.4576	0.3555	0.2552	0.3229	0.5333	0.34	0.3867
0.4379	0.4388	0.4796	0.3128	0.307	0.4363	0.6204	0.5839	0.5036
0.459	0.4537	0.4956	0.3713	0.3185	0.4821	0.5401	0.4225	0.3369
0.4547	0.4563	0.4732	0.3566	0.289	0.3825	0.5432	0.3354	0.3354
0.4521	0.4601	0.4817	0.3304	0.3553	0.4149	0.4785	0.4479	0.3
0.4542	0.4486	0.4903	0.3587	0.2968	0.4667	0.5629	0.4305	0.4238
0.4655	0.4649	0.488	0.3761	0.3261	0.4512	0.443	0.3087	0.3423
0.4752	0.4737	0.4868	0.3959	0.3631	0.4234	0.3503	0.2768	0.226
0.464	0.4641	0.4687	0.3784	0.2836	0.314	0.4808	0.2564	0.25
0.4481	0.4462	0.4681	0.3629	0.3307	0.3829	0.7134	0.5669	0.4268
0.4641	0.4653	0.4728	0.3637	0.2746	0.3705	0.4162	0.237	0.3064
0.4527	0.4517	0.4633	0.3601	0.2991	0.3499	0.5988	0.4012	0.3837
0.4519	0.4502	0.4716	0.3421	0.2947	0.3887	0.5244	0.4085	0.3879
0.4713	0.4739	0.4954	0.3818	0.3815	0.4742	0.3643	0.3214	0.2214
0.4584	0.4647	0.4986	0.3623	0.3202	0.4811	0.5062	0.3006	0.0843
0.4576	0.4529	0.4847	0.3781	0.3119	0.4321	0.6107	0.4161	0.3117
0.4745	0.4757	0.4849	0.3723	0.3665	0.3869	0.2865	0.2573	0.1744
0.4513	0.4466	0.4908	0.3613	0.2688	0.4652	0.6335	0.3975	0.3727
0.4376	0.4354	0.4356	0.3239	0.2887	0.2663	0.6763	0.5683	0.507
0.4776	0.4805	0.4832	0.4072	0.3833	0.3813	0.3523	0.2273	0.1875
0.4656	0.4754	0.4712	0.3889	0.3508	0.3089	0.5064	0.2331	0.2209
0.4501	0.4483	0.4595	0.3666	0.3123	0.3287	0.6948	0.474	0.3766
0.435	0.4393	0.4354	0.3282	0.3144	0.226	0.7465	0.6056	0.4366
0.4432	0.4415	0.4477	0.3334	0.2788	0.3009	0.6275	0.4706	0.451
0.4481	0.4422	0.4448	0.3381	0.2705	0.2626	0.5685	0.4452	0.4041
0.4459	0.4475	0.45	0.3349	0.2842	0.312	0.5903	0.4167	0.4514
0.4674	0.4699	0.49	0.3776	0.3662	0.4459	0.4157	0.3371	0.2402
0.4499	0.4451	0.4983	0.3623	0.3092	0.4803	0.6688	0.5062	0.0942
0.4367	0.4251	0.4709	0.3566	0.2503	0.4104	0.9339	0.5868	0.5289
0.4678	0.4687	0.467	0.382	0.3526	0.2823	0.4271	0.3179	0.2308
0.4556	0.4491	0.4478	0.3644	0.3057	0.2687	0.5676	0.4459	0.3851
0.4442	0.4437	0.4576	0.3522	0.2851	0.3571	0.7185	0.4593	0.4963
0.4557	0.4552	0.4901	0.3606	0.3221	0.4617	0.5449	0.4132	0.3653
0.4511	0.4489	0.4796	0.3668	0.3073	0.4122	0.6735	0.4527	0.3333
0.435	0.4333	0.4343	0.339	0.2884	0.2879	0.8176	0.5946	0.5811
0.4523	0.4501	0.4762	0.363	0.303	0.4169	0.6232	0.4275	0.4388
0.4527	0.454	0.4966	0.3406	0.2951	0.4803	0.506	0.369	0.2102
0.445	0.4374	0.4518	0.3508	0.2717	0.331	0.6929	0.5	0.4857
0.4615	0.4571	0.4809	0.3794	0.3111	0.4254	0.5359	0.366	0.3725
0.4655	0.4587	0.4875	0.3928	0.3398	0.4575	0.5347	0.4167	0.4375
0.4551	0.4571	0.4545	0.3563	0.2884	0.2367	0.5348	0.3262	0.2888
0.4292	0.4259	0.449	0.3235	0.2694	0.349	0.8274	0.631	0.6071
0.4641	0.4627	0.4953	0.3731	0.3223	0.4794	0.4539	0.3262	0.305
0.4473	0.4496	0.4617	0.3519	0.3034	0.3361	0.6541	0.4348	0.3675
0.4533	0.4515	0.4726	0.3681	0.2974	0.3904	0.6364	0.4	0.3758
0.4489	0.4428	0.481	0.3598	0.2687	0.4393	0.6732	0.4351	0.487
0.462	0.4661	0.4715	0.3483	0.3414	0.3125	0.3971	0.3254	0.2217
0.4626	0.4635	0.4676	0.3694	0.3093	0.3408	0.4645	0.2951	0.306
0.4539	0.4576	0.4551	0.3449	0.3432	0.3091	0.5055	0.4432	0.3846
0.4377	0.4399	0.4375	0.3509	0.248	0.2891	0.8523	0.4276	0.5436
0.4428	0.4392	0.462	0.3315	0.2641	0.3629	0.6257	0.4637	0.4469
0.4496	0.4467	0.4978	0.3379	0.2403	0.4706	0.5445	0.356	0.0829
0.4542	0.449	0.4592	0.376	0.2862	0.3257	0.6718	0.4046	0.374
0.4635	0.4625	0.4766	0.374	0.3143	0.3694	0.4691	0.3133	0.2515
0.4494	0.4499	0.4715	0.3229	0.2835	0.3916	0.4915	0.3898	0.4011
0.4667	0.4728	0.483	0.367	0.3671	0.4223	0.3867	0.2983	0.3039
0.4651	0.4658	0.4666	0.3998	0.3582	0.321	0.5957	0.3732	0.2817
0.4529	0.4517	0.4536	0.3598	0.2807	0.2621	0.5924	0.3671	0.3228
0.4608	0.467	0.4962	0.3737	0.3505	0.4795	0.519	0.3354	0.2335
0.4408	0.4373	0.4479	0.3186	0.2556	0.2839	0.6	0.4667	0.4111
0.4578	0.4544	0.4725	0.3654	0.3022	0.3867	0.5315	0.3776	0.3636
0.475	0.4785	0.4857	0.3811	0.341	0.4088	0.3041	0.1871	0.2047
0.4646	0.4656	0.4726	0.3655	0.3051	0.3629	0.4146	0.2683	0.2909
0.4342	0.4305	0.4359	0.3082	0.2739	0.2706	0.6571	0.5857	0.5143
0.4658	0.4633	0.4716	0.3904	0.3038	0.3506	0.512	0.2892	0.2771
0.4278	0.4228	0.4505	0.3097	0.2407	0.3588	0.7687	0.5896	0.6343
0.4625	0.4733	0.4739	0.3621	0.3296	0.3912	0.4367	0.2256	0.3544
0.4675	0.4651	0.4851	0.3872	0.3457	0.4168	0.4573	0.3476	0.2378
0.4732	0.4754	0.481	0.3929	0.3872	0.3777	0.3758	0.3152	0.2096
0.4606	0.457	0.46	0.3631	0.3232	0.3379	0.4706	0.3941	0.3941
0.4737	0.475	0.4831	0.3937	0.3835	0.3999	0.3684	0.3099	0.2267
0.4477	0.4471	0.4389	0.3646	0.3433	0.2583	0.7353	0.6103	0.4559
0.4629	0.4598	0.493	0.3768	0.2947	0.4714	0.4937	0.3101	0.3354
0.4248	0.4286	0.4855	0.2912	0.3058	0.4602	0.7273	0.7348	0.5985
0.4491	0.4413	0.4815	0.348	0.2589	0.4315	0.6	0.4323	0.3987
0.4486	0.4505	0.4607	0.3489	0.3278	0.3699	0.6127	0.493	0.5
0.4682	0.461	0.4908	0.4102	0.3257	0.4606	0.6043	0.3525	0.3165
0.4511	0.4519	0.463	0.2958	0.3148	0.3313	0.4012	0.436	0.341
0.4579	0.4554	0.456	0.3349	0.2964	0.3053	0.4131	0.3568	0.3662
0.4546	0.453	0.4871	0.3676	0.3117	0.4489	0.6071	0.4143	0.3571
0.4451	0.4465	0.4887	0.3411	0.2852	0.4608	0.6346	0.4295	0.4231
0.463	0.4673	0.4803	0.3574	0.2968	0.4034	0.411	0.2424	0.2848
0.4653	0.4608	0.4682	0.3948	0.3097	0.3126	0.5529	0.3235	0.2529
0.4439	0.439	0.4549	0.3728	0.3324	0.3738	0.912	0.696	0.64
0.4627	0.4666	0.4718	0.3701	0.3431	0.3711	0.4658	0.323	0.323
0.4514	0.4478	0.4503	0.3325	0.3006	0.324	0.4966	0.4497	0.4832
0.454	0.4553	0.4547	0.3205	0.2945	0.2695	0.4241	0.3544	0.3228
0.431	0.4186	0.463	0.3195	0.2117	0.3867	0.7667	0.5733	0.5497
0.4669	0.4725	0.4718	0.3947	0.2915	0.3579	0.5141	0.1934	0.2905
0.4599	0.456	0.4621	0.3822	0.2963	0.3203	0.5882	0.3506	0.329
0.4493	0.4519	0.4597	0.3303	0.3079	0.3394	0.5196	0.419	0.4022
0.4491	0.4462	0.453	0.3346	0.2702	0.2661	0.539	0.4038	0.3333
0.447	0.4516	0.4663	0.3417	0.2942	0.3708	0.6043	0.3929	0.4071
0.4529	0.4477	0.4592	0.3361	0.2559	0.3067	0.4873	0.3671	0.3354
0.4435	0.4405	0.4525	0.3671	0.3348	0.3237	0.8605	0.6822	0.4526
0.4591	0.457	0.4912	0.3473	0.2735	0.4641	0.4356	0.3067	0.3354
0.4641	0.4645	0.4658	0.3836	0.34	0.3023	0.5066	0.3421	0.2628
0.4379	0.4318	0.4935	0.3049	0.2278	0.4809	0.5901	0.472	0.5217
0.4588	0.4602	0.4616	0.3684	0.294	0.3257	0.5287	0.3051	0.3448
0.4497	0.4469	0.4505	0.3511	0.2791	0.25	0.6061	0.4132	0.3353
0.4595	0.4527	0.4644	0.3605	0.2597	0.3524	0.4788	0.3273	0.3758
0.4591	0.4718	0.4718	0.3771	0.3851	0.3269	0.5714	0.369	0.237
0.4696	0.4682	0.4888	0.3962	0.3506	0.4459	0.4641	0.3203	0.2745
0.4547	0.4499	0.4602	0.3542	0.2652	0.3131	0.5316	0.3608	0.3354
0.4692	0.47	0.4683	0.3975	0.3532	0.3468	0.481	0.3025	0.3106
0.4296	0.4288	0.4232	0.3408	0.3135	0.222	0.958	0.7731	0.5462
0.4732	0.4729	0.4792	0.3851	0.3398	0.3942	0.3452	0.244	0.2738
0.4427	0.4349	0.4426	0.3632	0.3104	0.3238	0.8446	0.6554	0.5946
0.4579	0.46	0.4542	0.3773	0.3069	0.319	0.6	0.3273	0.4182
0.452	0.4659	0.4674	0.3678	0.3745	0.3807	0.6625	0.4286	0.4286
0.4611	0.4611	0.4722	0.3659	0.3119	0.3823	0.4757	0.3243	0.3514
0.441	0.4421	0.4822	0.3577	0.3017	0.439	0.8344	0.522	0.4403
0.4662	0.4662	0.4946	0.3578	0.3162	0.4687	0.3657	0.2778	0.2176
0.4571	0.4563	0.4859	0.3508	0.2518	0.4299	0.4785	0.2883	0.2699
0.462	0.4686	0.4637	0.3406	0.321	0.2687	0.375	0.2609	0.2446
0.4539	0.4498	0.4928	0.3105	0.3065	0.4721	0.4015	0.4394	0.3561
0.4568	0.4572	0.4692	0.3602	0.3017	0.3791	0.5244	0.3476	0.3902
0.4635	0.4664	0.4818	0.3889	0.2948	0.4185	0.5526	0.2484	0.3137
0.4626	0.4626	0.481	0.3562	0.3186	0.4148	0.4128	0.3198	0.314
0.4415	0.4397	0.4567	0.3325	0.2987	0.3638	0.6531	0.5442	0.5442
0.4577	0.4547	0.4951	0.3719	0.3328	0.4797	0.5686	0.451	0.3248
0.4428	0.4423	0.4515	0.3351	0.2888	0.2883	0.6433	0.4841	0.3822
0.4696	0.4652	0.4706	0.3795	0.3038	0.371	0.3855	0.2711	0.3413
0.4344	0.4309	0.4344	0.3321	0.2796	0.235	0.7817	0.5986	0.4589
0.4716	0.4654	0.4941	0.3928	0.3399	0.476	0.4052	0.3311	0.3311
0.4687	0.4665	0.4668	0.3784	0.3223	0.3058	0.3974	0.2848	0.2583
0.4636	0.4624	0.4885	0.3824	0.3305	0.4492	0.5109	0.3459	0.3081
0.4624	0.4632	0.4714	0.34	0.3329	0.3553	0.3684	0.3421	0.2895
0.4466	0.4485	0.4776	0.341	0.3095	0.4292	0.6071	0.4643	0.5
0.4418	0.4462	0.4421	0.3435	0.3402	0.2399	0.7092	0.6099	0.3958
0.4592	0.4552	0.46	0.3651	0.3147	0.3436	0.5036	0.3957	0.4101
0.4427	0.434	0.4414	0.3403	0.2675	0.2169	0.6748	0.5276	0.3735
0.4551	0.451	0.4629	0.3698	0.294	0.3459	0.6087	0.3986	0.3768
0.461	0.4591	0.4792	0.3581	0.3064	0.4014	0.4451	0.3352	0.2967
0.4722	0.4721	0.4912	0.4023	0.3246	0.4571	0.4423	0.2308	0.2692
0.4635	0.4662	0.4933	0.362	0.3388	0.466	0.419	0.3184	0.2514
0.4723	0.4772	0.4806	0.3937	0.353	0.3912	0.3957	0.2158	0.2446
0.4771	0.4769	0.4817	0.4023	0.3771	0.3604	0.3412	0.2647	0.1754
0.4496	0.4496	0.4504	0.3634	0.3069	0.2901	0.6821	0.4437	0.3974
0.4622	0.4486	0.4475	0.3861	0.2647	0.2779	0.5641	0.3718	0.4038
0.4585	0.4576	0.4923	0.3688	0.3	0.4683	0.5359	0.3399	0.3333
0.4175	0.419	0.4796	0.2822	0.2558	0.4487	0.8	0.6765	0.6985
0.4362	0.4273	0.4496	0.3324	0.256	0.3477	0.7483	0.5762	0.5894
0.465	0.4648	0.4669	0.3645	0.2896	0.2963	0.4057	0.2571	0.2457
0.4529	0.4455	0.4537	0.365	0.3039	0.3133	0.625	0.4861	0.4097
0.4526	0.4498	0.4715	0.336	0.2487	0.3909	0.4912	0.3392	0.3977
0.4619	0.461	0.4699	0.3537	0.3043	0.3428	0.4148	0.3125	0.2825
0.4578	0.4577	0.4927	0.3698	0.3271	0.4685	0.5541	0.3949	0.3121
0.4608	0.458	0.4618	0.3582	0.2656	0.3143	0.4474	0.2895	0.3211
0.4581	0.4674	0.4775	0.3707	0.3757	0.3967	0.5548	0.4076	0.311
0.4357	0.4363	0.4491	0.3223	0.2708	0.2917	0.7006	0.5096	0.414
0.4813	0.4801	0.4816	0.4062	0.3996	0.3626	0.2753	0.2753	0.1798
0.4757	0.471	0.4835	0.3961	0.3406	0.3723	0.3417	0.2663	0.1709
0.4398	0.4473	0.466	0.3545	0.3511	0.3946	0.8357	0.65	0.5357
0.4494	0.4491	0.4562	0.3648	0.2867	0.3305	0.6981	0.4048	0.4233
0.4546	0.4572	0.4563	0.3674	0.3274	0.3226	0.6053	0.4026	0.4013
0.4611	0.4558	0.4862	0.372	0.283	0.4525	0.5033	0.3311	0.4305
0.46	0.4648	0.4606	0.3516	0.3351	0.3107	0.4359	0.3269	0.3269
0.4625	0.4561	0.4615	0.3695	0.3032	0.3232	0.4663	0.362	0.3415
0.4603	0.4599	0.4599	0.3497	0.3442	0.3201	0.4251	0.4132	0.3533
0.4668	0.4719	0.4972	0.3695	0.3586	0.4807	0.395	0.29	0.1741
0.4489	0.4381	0.4472	0.362	0.253	0.3088	0.6871	0.454	0.4785
0.4765	0.4776	0.4805	0.3941	0.3604	0.3788	0.3198	0.2234	0.2183
0.4462	0.4601	0.4927	0.3612	0.3445	0.4686	0.7419	0.4121	0.3152
0.4514	0.4479	0.4924	0.3541	0.2103	0.4709	0.5906	0.3158	0.3626
0.4598	0.4566	0.4575	0.369	0.3271	0.2755	0.5122	0.4085	0.3049
0.4421	0.4429	0.4445	0.3444	0.2623	0.282	0.7092	0.4225	0.4437
0.4568	0.4535	0.4581	0.3766	0.301	0.3177	0.6187	0.3857	0.3688
0.4505	0.4487	0.449	0.3252	0.2806	0.2619	0.4834	0.3974	0.3642
0.4598	0.4599	0.4642	0.3615	0.2892	0.3468	0.4785	0.3006	0.362
0.4495	0.4475	0.4565	0.3445	0.2813	0.3024	0.5753	0.411	0.3562
0.4573	0.4542	0.4828	0.3766	0.2569	0.4281	0.6081	0.3113	0.3377
0.4487	0.4449	0.449	0.3462	0.3027	0.3249	0.5973	0.4899	0.5034
0.4471	0.4448	0.4506	0.3543	0.2786	0.2493	0.6733	0.4333	0.3333
0.4405	0.4363	0.495	0.3454	0.281	0.4837	0.7484	0.5355	0.4452
0.4449	0.445	0.4441	0.3363	0.2742	0.2947	0.6135	0.4233	0.4785
0.4687	0.4669	0.4899	0.4049	0.3573	0.4552	0.5438	0.354	0.3043
0.4679	0.4691	0.4763	0.3877	0.3465	0.3846	0.4533	0.3	0.2933
0.4492	0.4444	0.45	0.3402	0.2588	0.2912	0.5605	0.4025	0.4037
0.4423	0.4372	0.472	0.3286	0.2488	0.3944	0.6203	0.4557	0.4051
0.4526	0.4488	0.4555	0.3536	0.2512	0.315	0.5655	0.3512	0.3929
0.4534	0.4554	0.4667	0.3426	0.2694	0.3299	0.5032	0.3165	0.2949
0.4589	0.4517	0.459	0.3827	0.3172	0.2723	0.6144	0.4444	0.2876
0.4603	0.4588	0.4983	0.3761	0.2997	0.4462	0.5417	0.3274	0.0343
0.4566	0.4561	0.4914	0.3753	0.3352	0.4734	0.6138	0.4384	0.4932
0.4746	0.4755	0.4767	0.3642	0.2985	0.3513	0.2679	0.1741	0.2188
0.4636	0.4575	0.4755	0.3655	0.2895	0.4016	0.4309	0.3242	0.3681
0.4612	0.4553	0.4816	0.3814	0.2814	0.4166	0.5556	0.3333	0.3099
0.449	0.4502	0.4928	0.3508	0.2175	0.47	0.6164	0.3043	0.323
0.4342	0.4321	0.4288	0.3312	0.282	0.2431	0.7803	0.5909	0.5303
0.4694	0.4669	0.4729	0.3786	0.3185	0.3665	0.3854	0.2746	0.2953
0.4551	0.4495	0.4516	0.3482	0.2523	0.2664	0.5	0.3467	0.3467
0.4704	0.4715	0.4758	0.4035	0.3739	0.3956	0.4907	0.3354	0.3374
0.4514	0.4494	0.4754	0.3485	0.2627	0.3875	0.5611	0.3611	0.3167
0.4616	0.4634	0.4768	0.3736	0.335	0.3748	0.5032	0.3439	0.2611
0.4328	0.4225	0.4706	0.322	0.1834	0.4054	0.75	0.4931	0.5
0.4645	0.4664	0.4713	0.3811	0.3266	0.3533	0.4847	0.2927	0.2866
0.4638	0.4629	0.4768	0.3737	0.3212	0.4024	0.463	0.321	0.3457
0.4637	0.4599	0.4619	0.3927	0.3295	0.3258	0.5759	0.3734	0.3418
0.4679	0.4681	0.484	0.3963	0.3522	0.432	0.5031	0.3253	0.3313
0.4625	0.4618	0.4619	0.3525	0.3031	0.2955	0.4033	0.3022	0.2912
0.4665	0.4662	0.4677	0.3954	0.3768	0.3699	0.5287	0.4331	0.3822
0.4476	0.4471	0.4488	0.3488	0.3209	0.284	0.6309	0.5168	0.4027
0.4445	0.4383	0.4714	0.3346	0.2474	0.3336	0.6122	0.4422	0.25
0.4507	0.4531	0.4757	0.325	0.2996	0.4038	0.4807	0.3867	0.3757
0.4593	0.4576	0.4868	0.3845	0.3616	0.449	0.6178	0.5159	0.3671
0.4508	0.4502	0.449	0.3322	0.3136	0.2711	0.5031	0.4528	0.3774
0.4267	0.4165	0.4222	0.3293	0.2364	0.2956	0.9219	0.6512	0.7891
0.4714	0.4696	0.4977	0.4014	0.3476	0.4857	0.4556	0.2959	0.1977
0.4501	0.4494	0.4745	0.3629	0.3127	0.4097	0.6686	0.4615	0.4327
0.4651	0.4599	0.4968	0.3491	0.3118	0.4831	0.3571	0.3367	0.2347
0.4522	0.4504	0.4581	0.3576	0.2745	0.3455	0.5943	0.3693	0.4432
0.4717	0.4687	0.4803	0.3923	0.3556	0.388	0.4013	0.3248	0.2405
0.4614	0.465	0.46	0.3719	0.3372	0.2849	0.4971	0.3295	0.2948
0.4369	0.4396	0.4819	0.3361	0.3101	0.4488	0.7591	0.5839	0.5766
0.4574	0.4531	0.4824	0.3629	0.3199	0.4353	0.5263	0.4342	0.4013
0.4498	0.4502	0.4598	0.3236	0.3156	0.3415	0.4884	0.4593	0.407
0.4447	0.4458	0.4581	0.3425	0.2864	0.3497	0.6497	0.4395	0.4586
0.4719	0.4729	0.4926	0.3889	0.3378	0.4639	0.3816	0.2403	0.2662
0.4697	0.468	0.4943	0.3978	0.314	0.4682	0.4713	0.2571	0.2229
0.4726	0.477	0.4945	0.3961	0.3651	0.4678	0.4012	0.2381	0.213
0.4593	0.4611	0.4531	0.3841	0.346	0.2229	0.6154	0.4025	0.2875
0.4549	0.4536	0.4878	0.3314	0.3213	0.4391	0.4438	0.432	0.2663
0.4612	0.461	0.4633	0.3802	0.3101	0.3369	0.5479	0.3219	0.3493
0.4455	0.4445	0.4955	0.3132	0.2564	0.483	0.5138	0.3978	0.3702
0.4721	0.4687	0.4713	0.3929	0.3572	0.3071	0.3963	0.3293	0.2182
0.433	0.4217	0.4288	0.3357	0.2421	0.2587	0.8355	0.6053	0.5658
0.4519	0.4502	0.4842	0.3438	0.2448	0.4392	0.5323	0.3316	0.3743
0.4421	0.4378	0.437	0.3509	0.2504	0.2533	0.7534	0.4521	0.4658
0.4734	0.4762	0.4922	0.3942	0.35	0.4548	0.3771	0.2229	0.2171
0.4626	0.4609	0.4661	0.3533	0.2881	0.3008	0.4032	0.2903	0.2581
0.4665	0.4612	0.4855	0.3791	0.2533	0.438	0.4372	0.2513	0.3266
0.4707	0.4717	0.4735	0.3844	0.3592	0.3719	0.3856	0.2941	0.3007
0.4611	0.4619	0.4636	0.3718	0.314	0.268	0.5034	0.3197	0.2449
0.4632	0.4623	0.4598	0.3689	0.2536	0.2872	0.452	0.2429	0.2994
0.4592	0.4577	0.4759	0.3646	0.2926	0.4032	0.5029	0.3275	0.3684
0.4307	0.434	0.4429	0.2935	0.273	0.3092	0.6497	0.5414	0.535
0.4595	0.4521	0.4616	0.3742	0.3136	0.334	0.5467	0.4305	0.3642
0.4277	0.4461	0.4858	0.3153	0.3373	0.4572	0.8027	0.5986	0.517
0.4656	0.4667	0.4917	0.3543	0.3312	0.4195	0.3636	0.298	0.1256
0.4615	0.4526	0.4663	0.3787	0.3144	0.3694	0.5325	0.426	0.4024
0.4642	0.4691	0.4639	0.3871	0.3512	0.3015	0.5269	0.3095	0.2798
0.4414	0.4362	0.4654	0.3218	0.2675	0.3794	0.6043	0.5036	0.4604
0.4558	0.4553	0.4879	0.3448	0.2672	0.4415	0.4759	0.3138	0.2766
0.4592	0.4615	0.4739	0.3512	0.2959	0.3673	0.4477	0.2948	0.2832
0.4625	0.4629	0.469	0.362	0.3347	0.3604	0.4355	0.3495	0.3333
0.4439	0.4435	0.4374	0.337	0.2801	0.2387	0.6338	0.4507	0.4366
0.4575	0.4592	0.461	0.3436	0.2981	0.3033	0.4456	0.3212	0.3109
0.4632	0.4616	0.4724	0.3786	0.3042	0.3723	0.4971	0.3064	0.3179
0.4528	0.4483	0.4809	0.3712	0.2734	0.4306	0.6689	0.3882	0.4079
0.4565	0.4549	0.4545	0.3578	0.3201	0.2362	0.5176	0.4118	0.2882
0.4663	0.4626	0.4641	0.3976	0.3369	0.2826	0.5489	0.3587	0.2554
0.455	0.4555	0.4595	0.3589	0.2922	0.3285	0.5486	0.3483	0.3764
0.4392	0.4315	0.4402	0.3566	0.2927	0.2985	0.869	0.6345	0.5374
0.4626	0.4673	0.4638	0.3755	0.3556	0.3219	0.4938	0.3438	0.3125
0.4364	0.429	0.49	0.3479	0.2555	0.4716	0.8593	0.5556	0.563
0.4702	0.4724	0.4854	0.4031	0.3178	0.4133	0.4945	0.2198	0.2228
