x
0.3652
0.3764
0.3809
0.3751
0.3641
0.3757
0.3793
0.388
0.3691
0.3774
0.3885
0.3953
0.3628
0.3627
0.3906
0.3867
0.3829
0.375
0.3546
0.3718
0.3771
0.3866
0.3801
0.3694
0.3803
0.3829
0.3853
0.3822
0.3691
0.3742
0.3822
0.3579
0.3721
0.3934
0.366
0.3742
0.3542
0.3716
0.3727
0.3747
0.3706
0.3869
0.3779
0.3705
0.3689
0.39
0.3754
0.3724
0.3884
0.3765
0.3848
0.3853
0.3834
0.3636
0.3879
0.3699
0.3831
0.3688
0.3483
0.3807
0.37
0.3299
0.3483
0.3713
0.3905
0.375
0.3779
0.3746
0.3746
0.3726
0.3803
0.3738
0.3803
0.3798
0.375
0.3725
0.3882
0.3811
0.3695
0.3753
0.3864
0.3875
0.3888
0.3901
0.3839
0.3702
0.3863
0.3854
0.39
0.385
0.3849
0.3823
0.3648
0.3597
0.3746
0.3637
0.3888
0.3797
0.3833
0.3724
0.3755
0.3759
0.3779
0.3827
0.3488
0.3704
0.3713
0.3724
0.3612
0.3718
0.3715
0.3955
0.3755
0.381
0.3764
0.3573
0.373
0.3677
0.3855
0.3853
0.3829
0.3728
0.3899
0.3631
0.3727
0.3794
0.3716
0.3642
0.3817
0.3852
0.3833
0.3571
0.3743
0.3792
0.3828
0.3867
0.3832
0.3774
0.3912
0.3822
0.3591
0.3866
0.3782
0.3762
0.3753
0.3623
0.3819
0.3615
0.3652
0.3676
0.3785
0.3437
0.3896
0.3925
0.3742
0.3723
0.3854
0.3757
0.3849
0.3825
0.3794
0.3582
0.3763
0.3884
0.3742
0.3983
0.3634
0.3765
0.3726
0.3584
0.3761
0.3808
0.3766
0.3624
0.3833
0.3812
0.3644
0.3487
0.3748
0.3775
0.3799
0.3827
0.3918
0.3794
0.389
0.3926
0.3765
0.3813
0.376
0.385
0.3574
0.383
0.3694
0.3735
0.381
0.3868
0.3936
0.3745
0.3865
0.3808
0.3681
0.3691
0.3697
0.3851
0.3784
0.3758
0.3776
0.3615
0.3796
0.3525
0.3787
0.3858
0.3774
0.3899
0.3747
0.3718
0.3605
0.3846
0.3805
0.3823
0.3825
0.3805
0.3887
0.38
0.3775
0.3736
0.3682
0.3547
0.3748
0.3942
0.3873
0.3654
0.3817
0.3937
0.3814
0.374
0.3775
0.384
0.368
0.3772
0.3719
0.3817
0.3765
0.3711
0.3816
0.3824
0.387
0.3821
0.3754
0.3783
0.3755
0.3357
0.3869
0.3932
0.3893
0.3749
0.3882
0.3704
0.3722
0.3906
0.3691
0.3902
0.3916
0.3715
0.3729
0.3743
0.3882
0.362
0.3706
0.3566
0.3876
0.3838
0.3834
0.3783
0.369
0.3865
0.3698
0.3878
0.382
0.3941
0.3813
0.3785
0.3724
0.3724
0.3808
0.388
0.3873
0.3761
0.3795
0.3677
0.3749
0.371
0.3787
0.3672
0.3918
0.3837
0.3721
0.3603
0.3781
0.386
0.3506
0.3854
0.3899
0.3736
0.3794
0.3663
0.3757
0.3867
0.386
0.3748
0.3851
0.3829
0.3841
0.3835
0.3837
0.3716
0.3767
0.3897
0.3835
0.3874
0.3706
0.3936
0.3757
0.3846
0.3761
0.3699
0.3764
0.3869
0.3801
0.3917
0.3736
0.3782
0.3779
0.3637
0.3862
0.3755
0.3741
0.3774
0.3763
0.3745
0.3733
0.3503
0.3821
0.3851
0.3822
0.3768
0.3554
0.3869
0.3804
0.3852
0.383
0.3858
0.3734
0.3923
0.3521
0.382
0.3641
0.3805
0.3832
0.3738
0.3834
0.3879
0.3903
0.3942
0.3544
0.3608
0.3701
0.3853
0.3825
0.3783
0.3833
0.3862
0.3815
0.3763
0.3832
0.394
0.3745
0.3794
0.3826
0.3767
0.3831
0.3609
0.3828
0.3701
0.3932
0.39
0.3705
0.3578
0.3852
0.3768
0.3644
0.3578
0.3794
0.3868
0.3809
0.3606
0.3708
0.382
0.3643
0.3852
0.3616
0.3531
0.3824
0.3787
0.3553
0.3588
0.3855
0.3625
0.3771
0.3698
0.3823
0.3774
0.3776
0.3872
0.3845
0.3852
0.3849
0.3777
0.365
0.3754
0.3721
0.3765
0.3769
0.3775
0.3789
0.3531
0.3727
0.3682
0.3875
0.365
0.3747
0.3815
0.3787
0.371
0.3827
0.3629
0.3694
0.3715
0.3615
0.3658
0.3858
0.3673
0.3816
0.3716
0.3639
0.3531
0.3652
0.3803
0.3578
0.3775
0.3933
0.3926
0.3457
0.3683
0.3673
0.3775
0.3808
0.3905
0.3813
0.3705
0.3865
0.3797
0.3953
0.3811
0.3667
0.377
0.3728
0.3741
0.3656
0.3679
0.3652
0.3786
0.3804
0.3717
0.3753
0.3727
0.3699
0.3588
0.3593
0.351
0.3833
0.3801
0.3764
0.3834
0.3829
0.3733
0.383
0.3847
0.3768
0.3852
0.3505
0.3884
0.3767
0.3877
0.3785
0.363
0.3719
0.374
0.3528
0.3727
0.3803
0.3832
0.38
0.3715
0.3569
0.3828
0.3851
0.3728
0.357
0.3751
0.3679
0.3866
0.383
0.3891
0.3764
0.3864
0.374
0.3838
0.3739
0.3639
0.3811
0.391
0.3736
0.3646
0.3658
0.3592
0.3805
0.3645
0.3818
0.3812
0.3712
0.3748
0.3838
0.3623
0.3785
0.3818
0.3701
0.3826
0.3841
0.3916
0.359
0.3802
0.3831
0.3828
0.3666
0.3772
0.3718
0.3825
0.3814
0.3698
0.3928
0.366
0.3916
0.364
0.3887
0.3666
0.3614
0.3822
0.3739
0.3766
0.3857
0.3721
0.3743
0.3755
0.3822
0.3574
0.3816
0.3806
0.3781
0.3818
0.3927
0.3548
0.3854
0.378
0.3768
0.3603
0.3788
0.3872
0.377
0.3851
0.3692
0.3828
0.3849
0.3645
0.3818
0.3742
0.3727
0.3877
0.3772
0.3766
0.3736
0.3386
0.3865
0.3843
0.3835
0.3536
0.3853
0.3812
0.3691
0.3793
0.3813
0.3618
0.3813
0.3785
0.3885
0.3853
0.3716
0.3743
0.3763
0.3849
0.377
0.3605
0.3675
0.3616
0.3918
0.3813
0.3683
0.3702
0.3791
0.3716
0.3801
0.37
0.3662
0.3611
0.3734
0.3611
0.3683
0.3667
0.377
0.3832
0.3679
0.3854
0.3731
0.3901
0.3831
0.3788
0.3707
0.3636
0.3876
0.3663
0.372
0.3755
0.384
0.3737
0.3946
0.3686
0.3774
0.3816
0.3785
0.379
0.3872
0.3809
0.39
0.3813
0.3755
0.3855
0.3905
0.3873
0.383
0.3902
0.3847
0.3543
0.3891
0.3746
0.3709
0.3581
0.381
0.3865
0.3863
0.3625
0.369
0.3657
0.3697
0.3881
0.3707
0.3716
0.3832
0.3835
0.3767
0.3686
0.3737
0.3816
0.392
0.3782
0.3911
0.3842
0.3558
0.377
0.3774
0.3777
0.3905
0.3864
0.3835
0.3777
0.3647
0.382
0.38
0.3851
0.3907
0.3889
0.3689
0.3784
0.3681
0.3795
0.3686
0.3888
0.3703
0.381
0.3816
0.38
0.3722
0.3853
0.3885
0.3704
0.3842
0.3771
0.3766
0.3684
0.3825
0.3872
0.3588
0.3933
0.3611
0.3807
0.3641
0.3707
0.3698
0.3673
0.3772
0.3955
0.3732
0.388
0.3846
0.387
0.3788
0.3638
0.3822
0.389
0.3934
0.3775
0.3813
0.3848
0.378
0.3707
0.3768
0.3887
0.3777
0.3756
0.3697
0.3738
0.3829
0.3862
0.3854
0.3773
0.3913
0.3902
0.3725
0.3836
0.3776
0.3865
0.38
0.3822
0.3866
0.3627
0.3855
0.3744
0.3707
0.383
0.3816
0.3855
0.3918
0.3877
0.3821
0.3828
0.3886
0.3849
0.3748
0.3777
0.3886
0.3516
0.3778
0.3817
0.3728
0.381
0.3699
0.38
0.3855
0.3706
0.355
0.3842
0.3714
0.3667
0.386
0.3711
0.3872
0.3691
0.3609
0.3808
0.3542
0.3836
0.3816
0.3803
0.3666
0.3758
0.3639
0.3706
0.3808
0.3626
0.3837
0.3623
0.3644
0.3671
0.3879
0.3809
0.3742
0.3759
0.3581
0.386
0.3928
0.3857
0.3826
0.3834
0.351
0.3751
0.3865
0.3545
0.3858
0.3778
0.3668
0.3935
0.3821
0.3531
0.3869
0.379
0.3467
0.3759
0.3785
0.3757
0.3641
0.337
0.3759
0.3674
0.378
0.3805
0.3847
0.3813
0.3852
0.3636
0.3785
0.3903
0.3787
0.3698
0.3861
0.3675
0.3786
0.3849
0.3897
0.3748
0.372
0.3772
0.3902
0.3735
0.3801
0.3927
0.3759
0.378
0.3923
0.3801
0.3845
0.3749
0.3731
0.3641
0.3569
0.3844
0.3793
0.3754
0.3906
0.333
0.3917
0.3798
0.369
0.3931
0.3873
0.3834
0.3805
0.3956
0.3743
0.3923
0.3814
0.3888
0.3729
0.367
0.3934
0.3555
0.3859
0.3878
0.3747
0.375
0.3821
0.3675
0.3847
0.3791
0.3854
0.3652
0.3743
0.3825
0.3809
0.3812
0.3749
0.3731
0.358
0.3721
0.342
0.3913
0.3773
0.3747
0.3791
0.3856
0.3696
0.3772
0.3832
0.3814
0.3726
0.3385
0.3793
0.3664
0.3658
0.3785
0.3877
0.3572
0.3669
0.382
0.3839
0.3686
0.3866
0.3881
0.3961
0.3777
0.3836
0.3825
0.3725
0.3711
0.3808
0.3741
0.3735
0.3585
0.3842
0.3826
0.372
0.3765
0.364
0.3841
0.3573
0.3786
0.354
0.3838
0.3597
0.3666
0.387
0.3691
0.3689
0.3862
0.3927
0.3806
0.3901
0.3789
0.3747
0.3725
0.3803
0.3702
0.3757
0.3845
0.3655
0.3766
0.3939
0.3784
0.3779
0.3823
0.372
0.3682
0.3708
0.373
0.3825
0.3691
0.3753
0.3807
0.3828
0.3717
0.3802
0.379
0.3805
0.3517
0.3612
0.3785
0.388
0.3878
0.3845
0.3776
0.3714
0.3631
0.3999
0.3988
0.3977
0.3959
0.3683
0.3901
0.3785
0.3975
0.3625
0.3895
0.3834
0.3958
0.399
0.3587
0.3983
0.3989
0.3631
0.3694
0.3812
0.3729
0.3988
0.3888
0.3887
0.3818
0.3844
0.3847
0.3838
0.372
0.3962
0.3952
0.3981
0.3982
0.3923
0.3994
0.3781
0.3783
0.3923
0.3972
0.3839
0.3976
0.3949
0.3872
0.3984
0.3872
0.3973
0.3806
0.397
0.3971
0.3996
0.373
0.3842
0.3838
0.3971
0.3991
0.3974
0.3651
0.399
0.3982
0.3551
0.3797
0.3888
0.3941
0.3958
0.399
0.3756
0.3936
0.3972
0.3952
0.3962
0.3671
0.398
0.3686
0.3979
0.397
0.3762
0.3964
0.3637
0.397
0.396
0.3982
0.3967
0.3984
0.3883
0.3938
0.3659
0.3916
0.3966
0.3902
0.3828
0.3853
0.3784
0.3838
0.3378
0.3944
0.3994
0.3864
0.3915
0.3949
0.3989
0.3937
0.3931
0.3929
0.3787
0.3807
0.3752
0.3969
0.3954
0.3952
0.3969
0.3989
0.3684
0.3991
0.3972
0.3881
0.395
0.397
0.3919
0.363
0.397
0.3932
0.3963
0.3978
0.3908
0.398
0.3986
0.3959
0.3985
0.3721
0.3927
0.3834
0.3969
0.3989
0.3954
0.3712
0.3967
0.3904
0.3902
0.397
0.3936
0.3987
0.3648
0.3708
0.3938
0.3842
0.3712
0.3723
0.3956
0.3944
0.3996
0.3607
0.3981
0.3776
0.3734
0.3971
0.3979
0.3735
0.3989
0.399
0.3972
0.3969
0.3742
0.3828
0.3533
0.3979
0.3968
0.3937
0.3974
0.3981
0.3991
0.3615
0.3969
0.3961
0.3851
0.3659
0.3648
0.395
0.3912
0.3832
0.3969
0.3884
0.3809
0.39
0.372
0.3977
0.3658
0.3933
0.3982
0.3985
0.3726
0.3977
0.3882
0.3825
0.3887
0.3986
0.3975
0.3874
0.3696
0.3975
0.3968
0.3927
0.3813
0.3967
0.3798
0.3991
0.3886
0.3842
0.3965
0.3806
0.3994
0.3981
0.3961
0.3781
0.3995
0.3981
0.3974
0.3929
0.3861
0.3985
0.386
0.3742
0.3964
0.3961
0.3974
0.3987
0.3913
0.3843
0.3721
0.3988
0.3971
0.3979
0.3905
0.3714
0.3983
0.3981
0.3966
0.398
0.3986
0.3927
0.3528
0.3989
0.3941
0.3852
0.3965
0.3649
0.3878
0.3953
0.3862
0.3941
0.3954
0.3916
0.398
0.3981
0.3861
0.3729
0.3971
0.3713
0.399
0.3952
0.397
0.399
0.395
0.3962
0.3905
0.3774
0.3927
0.3757
0.3989
0.3986
0.3934
0.358
0.3982
0.3796
0.3958
0.3946
0.3989
0.3978
0.3741
0.3861
0.396
0.3985
0.394
0.3991
0.3949
0.3976
0.3989
0.3982
0.3989
0.3884
0.3799
0.395
0.3635
0.3934
0.3956
0.3995
0.3958
0.3936
0.3975
0.3972
0.3808
0.3949
0.3917
0.3891
0.3896
0.3799
0.3986
0.3987
0.3929
0.39
0.3971
0.3939
0.3883
0.3779
0.3773
0.396
0.3873
0.3933
0.3964
0.3934
0.394
0.3825
0.3837
0.388
0.3646
0.3988
0.3987
0.3963
0.3981
0.3996
0.3974
0.3994
0.3952
0.3852
0.3969
0.3987
0.3863
0.3983
0.3972
0.3645
0.3982
0.3907
0.3954
0.3982
0.399
0.3965
0.3981
0.3998
0.3696
0.3905
0.3743
0.3783
0.3942
0.3976
0.3929
0.3989
0.3858
0.3987
0.3985
0.3876
0.3979
0.3744
0.3977
0.3989
0.3886
0.3983
0.3984
0.3677
0.3949
0.3884
0.3959
0.397
0.3951
0.3987
0.3874
0.3866
0.3967
0.3976
0.3918
0.385
0.3963
0.3987
0.3844
0.3964
0.3788
0.398
0.3979
0.3814
0.3781
0.3987
0.3867
0.3752
0.3973
0.3966
0.3988
0.3913
0.3995
0.393
0.3938
0.398
0.3688
0.3988
0.392
0.3933
0.3962
0.394
0.3692
0.3612
0.3982
0.3833
0.372
0.3624
0.3965
0.3807
0.3706
0.3985
0.3674
0.3983
0.3991
0.3805
0.3972
0.3949
0.3939
0.3828
0.3906
0.3732
0.3942
0.3948
0.3533
0.3805
0.3963
0.3962
0.3805
0.3727
0.3727
0.3798
0.3964
0.3735
0.3814
0.3858
0.3961
0.3951
0.3967
0.376
0.396
0.365
0.3628
0.3964
0.3911
0.3753
0.3995
0.393
0.3929
0.3974
0.3976
0.3975
0.3683
0.3884
0.3949
0.3982
0.3795
0.3887
0.3884
0.3957
0.3941
0.369
0.3827
0.3663
0.3992
0.3955
0.3833
0.3717
0.3939
0.3794
0.3895
0.3616
0.3839
0.398
0.3985
0.3895
0.3481
0.3548
0.396
0.3995
0.3992
0.3965
0.397
0.3994
0.3692
0.3901
0.3982
0.3975
0.3416
0.3967
0.3962
0.3932
0.3833
0.3983
0.3861
0.3914
0.3714
0.3671
0.3794
0.3996
0.3958
0.3454
0.3968
0.3992
0.3827
0.3967
0.3936
0.3714
0.4
0.3979
0.3897
0.3987
0.3745
0.3974
0.3715
0.3711
0.3825
0.3962
0.3753
0.3974
0.399
0.3958
0.3993
0.3948
0.3983
0.3683
0.3922
0.3801
0.3952
0.3981
0.3875
0.3974
0.397
0.3878
0.3892
0.3671
0.3984
0.3988
0.3932
0.3687
0.3859
0.3742
0.3989
0.3973
0.3983
0.373
0.3965
0.3578
0.3958
0.3971
0.3962
0.3974
0.3925
0.3924
0.3943
0.3993
0.3721
0.3981
0.3813
0.3995
0.3821
0.3979
0.3964
0.3822
0.3936
0.3915
0.3769
0.388
0.3918
0.3626
0.3964
0.3782
0.3923
0.3979
0.388
0.3942
0.3947
0.3979
0.3855
0.3853
0.3835
0.3842
0.3757
0.3932
0.398
0.3899
0.3953
0.3925
0.3993
0.3512
0.3841
0.3874
0.3809
0.374
0.3875
0.3936
0.3715
0.3979
0.3977
0.3715
0.397
0.3978
0.398
0.3711
0.3644
0.3987
0.3448
0.399
0.3616
0.3768
0.3772
0.3617
0.3973
0.3933
0.3948
0.3971
0.391
0.3932
0.3865
0.397
0.3987
0.3996
0.3718
0.3984
0.3979
0.3971
0.3908
0.3714
0.3792
0.3991
0.3715
0.3971
0.3989
0.3635
0.3994
0.3573
0.3987
0.3837
0.3977
0.3936
0.3943
0.3949
0.395
0.3906
0.3843
0.3988
0.3983
0.3907
0.3947
0.3817
0.3916
0.3953
0.3626
0.3853
0.3774
0.377
0.3777
0.3958
0.3977
0.381
0.3963
0.3827
0.3765
0.3979
0.3774
0.3951
0.3946
0.3648
0.3981
0.387
0.3986
0.3979
0.398
0.3623
0.3725
0.3769
0.3762
0.3939
0.3836
0.3638
0.3957
0.3981
0.3936
0.3968
0.3998
0.3974
0.3944
0.3937
0.383
0.3979
0.3936
0.3876
0.3882
0.3944
0.3985
0.3859
0.3985
0.3962
0.3612
0.3981
0.3982
0.3982
0.3989
0.3946
0.3966
0.3976
0.3778
0.3884
0.3954
0.3997
0.3881
0.3786
0.3747
0.3972
0.3937
0.3951
0.3922
0.3882
0.3652
0.3869
0.3961
0.3936
0.3981
0.396
0.3754
0.3963
0.3989
0.3977
0.365
0.3995
0.3917
0.385
0.3992
0.3831
0.3959
0.3979
0.3858
0.3971
0.3952
0.3986
0.394
0.3831
0.3891
0.3855
0.39
0.3753
0.394
0.3798
0.3861
0.365
0.3968
0.3816
0.3967
0.3907
0.3832
0.3814
0.3968
0.3542
0.399
0.3991
0.3946
0.3981
0.3967
0.3837
0.3985
0.3686
0.3948
0.3825
0.3987
0.3943
0.3956
0.3931
0.3983
0.3707
0.3741
0.396
0.3961
0.3809
0.3974
0.3988
0.3139
0.3637
0.3985
0.3752
0.3862
0.3951
0.3719
0.3985
0.3933
0.3969
0.3982
0.3987
0.3953
0.3982
0.3965
0.3867
0.3965
0.3956
0.389
0.3945
0.3816
0.3949
0.3984
0.3989
0.3953
0.3957
0.3973
0.3743
0.3968
0.3985
0.3969
0.3849
0.3954
0.3979
0.3979
0.3983
0.3975
0.3989
0.3856
0.3968
0.3924
0.3954
0.3966
0.3991
0.3984
0.3984
0.3919
0.3982
0.3984
0.3959
0.3729
0.3987
0.3979
0.3746
0.3894
0.3993
0.3613
0.3495
0.3967
0.3614
0.3972
0.383
0.3972
0.3955
0.3572
0.3917
0.3962
0.3758
0.3839
0.3768
0.3781
0.3984
0.3824
0.3957
0.3837
0.3992
0.3985
0.3609
0.3989
0.3984
0.3855
0.3696
0.3963
0.3875
0.3968
0.3961
0.3992
0.3961
0.3983
0.3983
0.3971
0.3891
0.3905
0.3988
0.3989
0.3581
0.3984
0.3767
0.3922
0.3975
0.3631
0.397
0.3958
0.384
0.3951
0.3776
0.3847
0.3825
0.3983
0.3973
0.3837
0.3922
0.3984
0.377
0.3947
0.3971
0.3953
0.398
0.3975
0.3991
0.3979
0.3948
0.3942
0.3983
0.3958
0.3962
0.3837
0.3963
0.398
0.3531
0.3982
0.3907
0.3991
0.3976
0.3964
0.3953
0.3955
0.3979
0.3827
0.3698
0.3737
0.3982
0.38
0.399
0.3975
0.3884
0.39
0.3831
0.397
0.388
0.3964
0.3636
0.3981
0.3973
0.3982
0.3953
0.3738
0.3864
0.3398
0.3974
0.3957
0.3696
0.3993
0.3884
0.3991
0.3984
0.3982
0.3819
0.3754
0.3911
0.3978
0.398
0.3766
0.3961
0.3593
0.3973
0.3775
0.397
0.3833
0.3844
0.3965
0.3709
0.3953
0.3977
0.3679
0.3725
0.3688
0.3952
0.3941
0.3989
0.3963
0.3926
0.3934
0.3426
0.3731
0.3985
0.3987
0.3977
0.3988
0.3716
0.395
0.3574
0.3979
0.3978
0.3926
0.3891
0.3697
0.3778
0.3971
0.3985
0.3946
0.3742
0.3972
0.3844
0.3948
0.3966
0.3703
0.3651
0.3983
0.3986
0.3989
0.3974
0.3953
0.3989
0.3971
0.3984
0.3895
0.396
0.3956
0.3982
0.3988
0.3984
0.3986
0.3985
0.3961
0.3948
0.3993
0.3959
0.3995
0.3987
0.3993
0.3976
0.3958
0.3974
0.3995
0.3764
0.3903
0.3983
0.3932
0.3976
0.3968
0.3958
0.3937
0.3969
0.3947
0.3951
0.3989
0.3983
0.3971
0.3979
0.3961
0.3978
0.3987
0.3975
0.3923
0.3983
0.3985
0.3884
0.3954
0.3961
0.399
0.3984
0.3966
0.3916
0.3997
0.3978
0.3977
0.3955
0.3948
0.3967
0.3978
0.3971
0.3978
0.3972
0.3972
0.3953
0.3968
0.395
0.398
0.3967
0.3954
0.3979
0.3985
0.3983
0.391
0.392
0.3956
0.3992
0.3998
0.3933
0.3974
0.3989
0.3978
0.3984
0.3972
0.3976
0.3971
0.3959
0.3962
0.3989
0.3994
0.3967
0.3976
0.3955
0.3868
0.3977
0.399
0.3982
0.3974
0.3964
0.3937
0.3938
0.399
0.3994
0.3948
0.3965
0.3989
0.3992
0.3987
0.3984
0.3978
0.3984
0.3909
0.3984
0.3968
0.3926
0.3983
0.3982
0.3991
0.3982
0.397
0.3981
0.3931
0.3991
0.3929
0.3978
0.3945
0.3995
0.3987
0.3982
0.3972
0.397
0.3994
0.3973
0.3987
0.3958
0.3982
0.3978
0.3822
0.3982
0.398
0.3981
0.3963
0.3973
0.3984
0.3988
0.3992
0.3839
0.3996
0.3991
0.3956
0.3979
0.3982
0.3777
0.3987
0.397
0.3989
0.3971
0.3947
0.3974
0.3926
0.3985
0.3973
0.3956
0.3988
0.3953
0.3973
0.394
0.3978
0.3943
0.3908
0.3979
0.3899
0.3974
0.3906
0.3978
0.3975
0.3935
0.396
0.3913
0.3891
0.3954
0.3998
0.3952
0.3989
0.3991
0.3989
0.3946
0.3952
0.3984
0.3973
0.3988
0.3977
0.3964
0.3627
0.3981
0.3972
0.3979
0.399
0.3982
0.3989
0.3986
0.3973
0.3992
0.3972
0.3929
0.3983
0.3978
0.398
0.3893
0.3974
0.3978
0.3967
0.3978
0.3986
0.3995
0.3914
0.3949
0.3975
0.398
0.399
0.3984
0.3961
0.3981
0.3939
0.399
0.3986
0.3978
0.399
0.398
0.3977
0.3986
0.3965
0.3981
0.3963
0.3979
0.3908
0.3995
0.3947
0.3918
0.3987
0.3982
0.3988
0.3983
0.3981
0.3982
0.396
0.399
0.3978
0.3993
0.3991
0.3984
0.3953
0.3986
0.3981
0.3939
0.3991
0.3985
0.3966
0.399
0.3981
0.3964
0.3948
0.3939
0.3954
0.3978
0.3974
0.3983
0.3958
0.3895
0.3957
0.3966
0.3976
0.3989
0.3955
0.3971
0.397
0.3989
0.3956
0.3968
0.3957
0.3978
0.3984
0.3984
0.3955
0.3983
0.399
0.399
0.3982
0.396
0.395
0.3985
0.3947
0.3962
0.3979
0.3974
0.3972
0.3961
0.3992
0.3989
0.3964
0.3926
0.3991
0.3994
0.3982
0.3965
0.396
0.3931
0.3968
0.3947
0.3974
0.3966
0.3968
0.3956
0.3964
0.3977
0.3974
0.3988
0.3983
0.3959
0.3975
0.3988
0.3995
0.3958
0.3975
0.3982
0.3981
0.3986
0.398
0.3968
0.3968
0.3989
0.3978
0.3955
0.3976
0.3934
0.3932
0.3967
0.3969
0.395
0.3992
0.3991
0.3978
0.3976
0.3965
0.3969
0.3945
0.395
0.3976
0.3964
0.3935
0.3976
0.3967
0.3983
0.3983
0.3992
0.399
0.3983
0.395
0.3986
0.3976
0.3985
0.3959
0.3975
0.3954
0.396
0.3966
0.3969
0.3986
0.3983
0.3958
0.3969
0.3976
0.3977
0.3983
0.3806
0.3973
0.3987
0.3963
0.397
0.3958
0.3967
0.3933
0.3928
0.3873
0.3996
0.3964
0.3964
0.3971
0.3962
0.3941
0.3954
0.3994
0.3994
0.397
0.3975
0.3967
0.3978
0.3989
0.3985
0.3975
0.3927
0.3748
0.3965
0.3977
0.3984
0.3969
0.3969
0.3973
0.3871
0.3969
0.3998
0.3986
0.3996
0.3976
0.3947
0.3965
0.3966
0.395
0.399
0.3971
0.399
0.3943
0.3955
0.397
0.396
0.3987
0.3968
0.3985
0.3958
0.3991
0.3986
0.3979
0.3925
0.3977
0.3981
0.3987
0.3984
0.3974
0.394
0.3992
0.3979
0.3924
0.3967
0.3964
0.3991
0.3986
0.395
0.3982
0.3966
0.3996
0.3983
0.3944
0.3962
0.395
0.3988
0.3979
0.3982
0.3963
0.3957
0.3994
0.3947
0.3965
0.3987
0.3987
0.394
0.3974
0.3977
0.3979
0.3983
0.3964
0.3929
0.3984
0.3968
0.3988
0.3979
0.3974
0.3979
0.3993
0.397
0.3978
0.3975
0.398
0.3986
0.3948
0.3972
0.3987
0.3964
0.3987
0.3991
0.3973
0.398
0.3928
0.3998
0.399
0.3914
0.395
0.3947
0.3991
0.3972
0.397
0.3978
0.3977
0.3985
0.3977
0.4
0.3935
0.3984
0.3975
0.3997
0.3995
0.3984
0.3977
0.3979
0.3955
0.3965
0.376
0.3965
0.3879
0.3981
0.3958
0.3987
0.397
0.397
0.3993
0.3926
0.398
0.3991
0.3984
0.3962
0.3902
0.3901
0.3964
0.399
0.3982
0.3986
0.3961
0.3942
0.3985
0.3986
0.3952
0.3942
0.3981
0.3977
0.3984
0.3968
0.3968
0.398
0.3977
0.3992
0.3955
0.3989
0.3985
0.3957
0.3992
0.3979
0.3942
0.3991
0.3941
0.3967
0.3961
0.3987
0.399
0.3815
0.3991
0.3966
0.3979
0.3949
0.3989
0.3959
0.3968
0.3973
0.3963
0.3956
0.3974
0.3978
0.3995
0.3995
0.3961
0.3967
0.3958
0.3974
0.3989
0.3978
0.397
0.3928
0.3977
0.3937
0.3985
0.398
0.3992
0.3967
0.394
0.3994
0.3964
0.3966
0.3991
0.3982
0.3971
0.3976
0.3986
0.3995
0.3969
0.3978
0.396
0.3989
0.3976
0.3987
0.3861
0.398
0.397
0.3988
0.3991
0.3969
0.3969
0.3975
0.3932
0.399
0.3979
0.398
0.3982
0.398
0.3988
0.3994
0.3975
0.394
0.3991
0.3989
0.397
0.3997
0.395
0.3984
0.3988
0.399
0.3975
0.3974
0.3986
0.3983
0.3982
0.3987
0.3979
0.3946
0.3974
0.3954
0.3965
0.3987
0.3975
0.3957
0.3975
0.3973
0.3995
0.399
0.3988
0.3986
0.3989
0.3962
0.397
0.3966
0.3942
0.3976
0.3975
0.3927
0.399
0.3948
0.3945
0.3959
0.3966
0.3922
0.3993
0.3957
0.399
0.3989
0.3948
0.3963
0.3972
0.3979
0.3977
0.3994
0.3967
0.3967
0.3972
0.399
0.3972
0.3756
0.3965
0.3968
0.3952
0.3951
0.3977
0.3994
0.3957
0.3951
0.3978
0.3978
0.3981
0.3967
0.398
0.397
0.3908
0.3977
0.3989
0.3954
0.3991
0.3992
0.3948
0.3967
0.3992
0.3973
0.3987
0.3977
0.3978
0.3983
0.3965
0.3972
0.3959
0.3982
0.3965
0.3954
0.3979
0.3983
0.3948
0.3978
0.3962
0.3969
0.397
0.3957
0.3981
0.398
0.3992
0.3993
0.395
0.3981
0.398
0.3967
0.3972
0.3942
0.398
0.3988
0.3931
0.3972
0.3983
0.396
0.3977
0.3992
0.3964
0.3982
0.3978
0.3952
0.3935
0.399
0.3984
0.3975
0.3951
0.3972
0.3976
0.3984
0.3979
0.3961
0.3992
0.3985
0.3977
0.3977
0.3971
0.3989
0.3982
0.394
0.3965
0.3964
0.399
0.3978
0.3975
0.3976
0.399
0.3988
0.3982
0.3964
0.3982
0.3965
0.398
0.398
0.3773
0.3978
0.3985
0.3973
0.3969
0.3971
0.3969
0.3989
0.397
0.3962
0.3986
0.3991
0.3987
0.3977
0.3985
0.3966
0.3963
0.3976
0.3974
0.394
0.398
0.3951
0.3982
0.3973
0.3967
0.3989
0.3835
0.3994
0.3978
0.3962
0.3954
0.3994
0.3992
0.3979
0.3966
0.3998
0.3984
0.3971
0.3971
0.3992
0.3972
0.3915
0.3942
0.3994
0.397
0.3964
0.3946
0.3973
0.3943
0.3935
0.3985
0.3987
0.399
0.3988
0.3998
0.3963
0.3926
0.398
0.3975
0.398
0.3986
0.3926
0.3974
0.3966
0.3767
0.3976
0.3974
0.398
0.3991
0.3997
0.3965
0.3989
0.3968
0.3932
0.3992
0.3992
0.3983
0.3928
0.3932
0.3992
0.396
0.3988
0.3973
0.3947
0.3963
0.3987
0.3969
0.3959
0.3876
0.3989
0.3975
0.3991
0.3985
0.3987
0.3986
0.3985
0.3984
0.3981
0.3975
0.3965
0.3984
0.3986
0.3947
0.398
0.3938
0.3923
0.3996
0.3988
0.3982
0.3942
0.3992
0.3993
0.3974
0.3975
0.3993
0.3964
0.3974
0.3946
0.3954
0.3993
0.3976
0.3956
0.3986
0.3985
0.3983
0.3951
0.3991
0.3976
0.3985
0.3943
0.3993
0.396
0.3961
0.3965
0.3993
0.3973
0.3971
0.397
0.3986
0.3961
0.3918
0.3987
0.3981
0.3963
0.3937
0.3981
0.3967
0.3927
0.3986
0.3971
0.3956
0.3942
0.3991
0.3976
0.3988
0.3981
0.3955
0.396
0.3981
0.3981
0.3956
0.3957
0.3975
0.398
0.3997
0.3942
0.3978
0.3931
0.3984
0.3915
0.3988
0.3988
0.3971
0.3987
0.3994
0.3974
0.3967
0.3975
0.3955
0.3989
0.3975
0.3961
0.3968
0.3945
0.3978
0.3904
0.3975
0.3988
0.398
0.3972
0.3974
0.3983
0.3979
0.3933
0.3983
0.3967
0.398
0.3946
0.3978
0.3993
0.3977
0.4
0.3986
0.3907
0.3987
0.3987
0.3835
0.3972
0.3966
0.3986
0.3975
0.3983
0.3971
0.3982
0.3961
0.3959
0.388
0.3971
NA
NA
NA
NA
NA
NA
NA
NA
NA
NA
NA
NA
NA
NA
NA
NA
NA
NA
NA
NA
NA
NA
NA
NA
NA
NA
NA
NA
NA
NA
NA
NA
NA
NA
NA
NA
NA
NA
NA
NA
NA
NA
NA
NA
NA
NA
NA
NA
NA
NA
NA
NA
NA
NA
NA
NA
NA
NA
NA
NA
NA
NA
NA
NA
NA
NA
NA
NA
NA
NA
NA
NA
NA
NA
NA
NA
NA
NA
NA
NA
NA
NA
NA
NA
NA
NA
NA
NA
NA
NA
NA
NA
NA
NA
NA
NA
NA
NA
NA
NA
NA
NA
NA
NA
NA
NA
NA
NA
NA
NA
NA
NA
NA
NA
NA
NA
NA
NA
NA
NA
NA
NA
NA
NA
NA
NA
NA
NA
NA
NA
NA
NA
NA
NA
NA
NA
NA
NA
NA
NA
NA
NA
NA
NA
NA
NA
NA
NA
NA
NA
NA
NA
NA
NA
NA
NA
NA
NA
NA
NA
NA
NA
NA
NA
NA
NA
NA
NA
NA
NA
NA
NA
NA
NA
NA
NA
NA
NA
NA
NA
NA
NA
NA
NA
NA
NA
NA
NA
NA
NA
NA
NA
NA
NA
NA
NA
NA
NA
NA
NA
NA
NA
NA
NA
NA
NA
NA
NA
NA
NA
NA
NA
NA
NA
NA
NA
NA
NA
NA
NA
NA
NA
NA
NA
NA
NA
NA
NA
NA
NA
NA
NA
NA
NA
NA
NA
NA
NA
NA
NA
NA
NA
NA
NA
NA
NA
NA
NA
NA
NA
NA
NA
NA
NA
NA
NA
NA
NA
NA
NA
NA
NA
NA
NA
NA
NA
NA
NA
NA
NA
NA
NA
NA
NA
NA
NA
NA
NA
NA
NA
NA
NA
NA
NA
NA
NA
NA
NA
NA
NA
NA
NA
NA
NA
NA
NA
NA
NA
NA
NA
NA
NA
NA
NA
NA
NA
NA
NA
NA
NA
NA
NA
NA
NA
NA
NA
NA
NA
NA
NA
NA
NA
NA
NA
NA
NA
NA
NA
NA
NA
NA
NA
NA
NA
NA
NA
NA
NA
NA
NA
NA
NA
NA
NA
NA
NA
NA
NA
NA
NA
NA
NA
NA
NA
NA
NA
NA
NA
NA
NA
NA
NA
NA
NA
NA
NA
NA
NA
NA
NA
NA
NA
NA
NA
NA
NA
NA
NA
NA
NA
NA
NA
NA
NA
NA
NA
NA
NA
NA
NA
NA
NA
NA
NA
NA
NA
NA
NA
NA
NA
NA
NA
NA
NA
NA
NA
NA
NA
NA
NA
NA
NA
NA
NA
NA
NA
NA
NA
NA
NA
NA
NA
NA
NA
NA
NA
NA
NA
NA
NA
NA
NA
NA
NA
NA
NA
NA
NA
NA
NA
NA
NA
NA
NA
NA
NA
NA
NA
NA
NA
NA
NA
NA
NA
NA
NA
NA
NA
NA
NA
NA
NA
NA
NA
NA
NA
NA
NA
NA
NA
NA
NA
NA
NA
NA
NA
NA
NA
NA
NA
NA
NA
NA
NA
NA
NA
NA
NA
NA
NA
NA
NA
NA
NA
NA
NA
NA
NA
NA
NA
NA
NA
NA
NA
NA
NA
NA
NA
NA
NA
NA
NA
NA
NA
NA
NA
NA
NA
NA
NA
NA
NA
NA
NA
NA
NA
NA
NA
NA
NA
NA
NA
NA
NA
NA
NA
NA
NA
NA
NA
NA
NA
NA
NA
NA
NA
NA
NA
NA
NA
NA
NA
NA
NA
NA
NA
NA
NA
NA
NA
NA
NA
NA
NA
NA
NA
NA
NA
NA
NA
NA
NA
NA
NA
NA
NA
NA
NA
NA
NA
NA
NA
NA
NA
NA
NA
NA
NA
NA
NA
NA
NA
NA
NA
NA
NA
NA
NA
NA
NA
NA
NA
NA
NA
NA
NA
NA
NA
NA
NA
NA
NA
NA
NA
NA
NA
NA
NA
NA
NA
NA
NA
NA
NA
NA
NA
NA
NA
NA
NA
NA
NA
NA
NA
NA
NA
NA
NA
NA
NA
NA
NA
NA
NA
NA
NA
NA
NA
NA
NA
NA
NA
NA
NA
NA
NA
NA
NA
NA
NA
NA
NA
NA
NA
NA
NA
NA
NA
NA
NA
NA
NA
NA
NA
NA
NA
NA
NA
NA
NA
NA
NA
NA
NA
NA
NA
NA
NA
NA
NA
NA
NA
NA
NA
NA
NA
NA
NA
NA
NA
NA
NA
NA
NA
NA
NA
NA
NA
NA
NA
NA
NA
NA
NA
NA
NA
NA
NA
NA
NA
NA
NA
NA
NA
NA
NA
NA
NA
NA
NA
NA
NA
NA
NA
NA
NA
NA
NA
NA
NA
NA
NA
NA
NA
NA
NA
NA
NA
NA
NA
NA
NA
NA
NA
NA
NA
NA
NA
NA
NA
NA
NA
NA
NA
NA
NA
NA
NA
NA
NA
NA
NA
NA
NA
NA
NA
NA
NA
NA
NA
NA
NA
NA
NA
NA
NA
NA
NA
NA
NA
NA
NA
NA
NA
NA
NA
NA
NA
NA
NA
NA
NA
NA
NA
NA
NA
NA
NA
NA
NA
NA
NA
NA
NA
NA
NA
NA
NA
NA
NA
NA
NA
NA
NA
NA
NA
NA
NA
NA
NA
NA
NA
NA
NA
NA
NA
NA
NA
NA
NA
NA
NA
NA
NA
NA
NA
NA
NA
NA
NA
NA
NA
NA
NA
NA
NA
NA
NA
NA
NA
NA
NA
NA
NA
NA
NA
NA
NA
NA
NA
NA
NA
NA
NA
NA
NA
NA
NA
NA
NA
NA
NA
NA
NA
NA
NA
NA
NA
NA
NA
NA
NA
NA
NA
NA
NA
NA
NA
NA
NA
NA
NA
NA
NA
NA
NA
NA
NA
NA
NA
NA
NA
NA
NA
NA
NA
NA
NA
NA
NA
NA
NA
NA
NA
NA
NA
NA
NA
NA
NA
NA
NA
NA
NA
NA
NA
NA
NA
NA
NA
NA
NA
NA
NA
NA
NA
NA
NA
NA
NA
NA
NA
NA
NA
NA
NA
NA
NA
NA
NA
NA
NA
NA
NA
NA
NA
NA
NA
NA
NA
NA
NA
NA
NA
NA
NA
NA
NA
NA
NA
NA
NA
NA
NA
NA
NA
NA
NA
NA
NA
NA
NA
NA
NA
NA
NA
NA
NA
NA
NA
NA
NA
NA
NA
NA
NA
NA
NA
NA
NA
NA
NA
NA
NA
NA
NA
NA
NA
NA
NA
NA
NA
NA
NA
NA
NA
NA
NA
NA
NA
NA
NA
NA
NA
NA
NA
NA
NA
NA
NA
NA
NA
NA
NA
NA
NA
NA
NA
NA
NA
NA
NA
NA
NA
NA
NA
NA
NA
NA
NA
NA
NA
NA
NA
NA
NA
NA
NA
NA
NA
NA
NA
NA
NA
NA
NA
NA
NA
NA
NA
NA
NA
NA
NA
NA
NA
NA
NA
NA
NA
NA
NA
NA
NA
NA
NA
NA
NA
NA
NA
NA
NA
NA
NA
NA
NA
NA
NA
NA
NA
NA
NA
NA
NA
NA
NA
NA
NA
NA
NA
NA
NA
NA
NA
NA
NA
NA
NA
NA
NA
NA
NA
NA
NA
NA
NA
NA
NA
NA
NA
NA
NA
NA
NA
NA
NA
NA
NA
NA
NA
NA
NA
NA
NA
NA
NA
NA
NA
NA
NA
NA
NA
NA
NA
NA
NA
NA
NA
NA
NA
NA
NA
NA
NA
NA
NA
NA
NA
NA
NA
NA
NA
NA
NA
NA
NA
NA
NA
NA
NA
NA
NA
NA
NA
NA
NA
NA
NA
NA
NA
NA
NA
NA
NA
NA
NA
NA
NA
NA
NA
NA
NA
NA
NA
NA
NA
NA
NA
NA
NA
NA
NA
NA
NA
NA
NA
NA
NA
NA
NA
NA
NA
NA
NA
NA
NA
NA
NA
NA
NA
NA
NA
NA
NA
NA
NA
NA
NA
NA
NA
NA
NA
NA
NA
NA
NA
NA
NA
NA
NA
NA
NA
NA
NA
NA
NA
NA
NA
NA
NA
NA
NA
NA
NA
NA
NA
NA
NA
NA
NA
NA
NA
NA
NA
NA
NA
NA
NA
NA
NA
NA
NA
NA
NA
NA
NA
NA
NA
NA
NA
NA
NA
NA
NA
NA
NA
NA
NA
NA
NA
NA
NA
NA
NA
NA
NA
NA
NA
NA
NA
NA
NA
NA
NA
NA
NA
NA
NA
NA
NA
NA
NA
NA
NA
NA
NA
NA
NA
NA
NA
NA
NA
NA
NA
NA
NA
NA
NA
NA
NA
NA
NA
NA
NA
NA
NA
NA
NA
NA
NA
NA
NA
NA
NA
NA
NA
NA
NA
NA
NA
NA
NA
NA
NA
NA
NA
NA
NA
NA
NA
NA
NA
NA
NA
NA
NA
NA
NA
NA
NA
NA
NA
NA
NA
NA
NA
NA
NA
NA
NA
NA
NA
NA
NA
NA
NA
NA
NA
NA
NA
NA
NA
NA
NA
NA
NA
NA
NA
NA
NA
NA
NA
NA
NA
NA
NA
NA
NA
NA
NA
NA
NA
NA
NA
NA
NA
NA
NA
NA
NA
NA
NA
NA
NA
NA
NA
NA
NA
NA
NA
NA
NA
NA
NA
NA
NA
NA
NA
NA
NA
NA
NA
NA
NA
NA
NA
NA
NA
NA
NA
NA
NA
NA
NA
NA
NA
NA
NA
NA
NA
NA
NA
NA
NA
NA
NA
NA
NA
NA
NA
NA
NA
NA
NA
NA
NA
NA
NA
NA
NA
NA
NA
NA
NA
NA
NA
NA
NA
NA
NA
NA
NA
NA
NA
NA
NA
NA
NA
NA
NA
NA
NA
NA
NA
NA
NA
NA
NA
NA
NA
NA
NA
NA
NA
NA
NA
NA
NA
NA
NA
NA
NA
NA
NA
NA
NA
NA
NA
NA
NA
NA
NA
NA
NA
NA
NA
NA
NA
NA
NA
NA
NA
NA
NA
NA
NA
NA
NA
NA
NA
NA
NA
NA
NA
NA
NA
NA
NA
NA
NA
NA
NA
NA
NA
NA
NA
NA
NA
NA
NA
NA
NA
NA
NA
NA
NA
NA
NA
NA
NA
NA
NA
NA
NA
NA
NA
NA
NA
NA
NA
NA
NA
NA
NA
NA
NA
NA
NA
NA
NA
NA
NA
NA
NA
NA
NA
NA
NA
NA
NA
NA
NA
NA
NA
NA
NA
NA
NA
NA
NA
NA
NA
NA
NA
NA
NA
NA
NA
NA
NA
NA
NA
NA
NA
NA
NA
NA
NA
NA
NA
NA
NA
NA
NA
NA
NA
NA
NA
NA
NA
NA
NA
NA
NA
NA
NA
NA
NA
NA
NA
NA
NA
NA
NA
NA
NA
NA
NA
NA
NA
NA
NA
NA
NA
NA
NA
NA
NA
NA
NA
NA
NA
NA
NA
NA
NA
NA
NA
NA
NA
NA
NA
NA
NA
NA
NA
NA
NA
NA
NA
NA
NA
NA
NA
NA
NA
NA
NA
NA
NA
NA
NA
NA
NA
NA
NA
NA
NA
NA
NA
NA
NA
NA
NA
NA
NA
NA
NA
NA
NA
NA
NA
NA
NA
NA
NA
NA
NA
NA
NA
NA
NA
NA
NA
NA
NA
NA
NA
NA
NA
NA
NA
NA
NA
NA
NA
NA
NA
NA
NA
NA
NA
NA
NA
NA
NA
NA
NA
NA
NA
NA
NA
NA
NA
NA
NA
NA
NA
NA
NA
NA
NA
NA
NA
NA
NA
NA
NA
NA
NA
NA
NA
NA
NA
NA
NA
NA
NA
NA
NA
NA
NA
NA
NA
NA
NA
NA
NA
NA
NA
NA
NA
NA
NA
NA
NA
NA
NA
NA
NA
NA
NA
NA
NA
NA
NA
NA
NA
NA
NA
NA
NA
NA
NA
NA
NA
NA
NA
NA
NA
NA
NA
NA
NA
NA
NA
NA
NA
NA
NA
NA
NA
NA
NA
NA
NA
NA
NA
NA
NA
NA
NA
NA
NA
NA
NA
NA
NA
NA
NA
NA
NA
NA
NA
NA
NA
NA
NA
NA
NA
NA
NA
NA
NA
NA
NA
NA
NA
NA
NA
NA
NA
NA
NA
NA
NA
NA
NA
NA
NA
NA
NA
NA
NA
NA
NA
NA
NA
NA
NA
NA
NA
NA
NA
NA
NA
NA
NA
NA
NA
NA
NA
NA
NA
NA
NA
NA
NA
NA
NA
NA
NA
NA
NA
NA
NA
NA
NA
NA
NA
NA
NA
NA
NA
NA
NA
NA
NA
NA
NA
NA
NA
NA
NA
NA
NA
NA
NA
NA
NA
NA
NA
NA
NA
NA
NA
NA
NA
NA
NA
NA
NA
NA
NA
NA
NA
NA
NA
NA
NA
NA
NA
NA
NA
NA
NA
NA
NA
NA
NA
NA
NA
NA
NA
NA
NA
NA
NA
NA
NA
NA
NA
NA
NA
NA
NA
NA
NA
NA
NA
NA
NA
NA
NA
NA
NA
NA
NA
NA
NA
NA
NA
NA
NA
NA
NA
NA
NA
NA
NA
NA
NA
NA
NA
NA
NA
NA
NA
NA
NA
NA
NA
NA
NA
NA
NA
NA
NA
NA
NA
NA
NA
NA
NA
NA
NA
NA
NA
NA
NA
NA
NA
NA
NA
NA
NA
NA
NA
NA
NA
NA
NA
NA
NA
NA
NA
NA
NA
NA
NA
NA
NA
NA
NA
NA
NA
NA
NA
NA
NA
NA
NA
NA
NA
NA
NA
NA
NA
NA
NA
NA
NA
NA
NA
NA
NA
NA
NA
NA
NA
NA
NA
NA
NA
NA
NA
NA
NA
NA
NA
NA
NA
NA
NA
NA
NA
NA
NA
NA
NA
NA
NA
NA
NA
NA
NA
NA
NA
NA
NA
NA
NA
NA
NA
NA
NA
NA
NA
NA
NA
NA
NA
NA
NA
NA
NA
NA
NA
NA
NA
NA
NA
NA
NA
NA
NA
NA
NA
NA
NA
NA
NA
NA
NA
NA
NA
NA
NA
NA
NA
NA
NA
NA
NA
NA
NA
NA
NA
NA
NA
NA
NA
NA
NA
NA
NA
NA
NA
NA
NA
NA
NA
NA
NA
NA
NA
NA
NA
NA
NA
NA
NA
NA
NA
NA
NA
NA
NA
NA
NA
NA
NA
NA
NA
NA
NA
NA
NA
NA
NA
NA
NA
NA
NA
NA
NA
NA
NA
NA
NA
NA
NA
NA
NA
NA
NA
NA
NA
NA
NA
NA
NA
NA
NA
NA
NA
NA
NA
NA
NA
NA
NA
NA
NA
NA
NA
NA
NA
NA
NA
NA
NA
NA
NA
NA
NA
NA
NA
NA
NA
NA
NA
NA
NA
NA
NA
NA
NA
NA
NA
NA
NA
NA
NA
NA
NA
NA
NA
NA
NA
NA
NA
NA
NA
NA
NA
NA
NA
NA
NA
NA
NA
NA
NA
NA
NA
NA
NA
NA
NA
NA
NA
NA
NA
NA
NA
NA
NA
NA
NA
NA
NA
NA
NA
NA
NA
NA
NA
NA
NA
NA
NA
NA
NA
NA
NA
NA
NA
NA
NA
NA
NA
NA
NA
NA
NA
NA
NA
NA
NA
NA
NA
NA
NA
NA
NA
NA
NA
NA
NA
NA
NA
NA
NA
NA
NA
NA
NA
NA
NA
NA
NA
NA
NA
NA
NA
NA
NA
NA
NA
NA
NA
NA
NA
NA
NA
NA
NA
NA
NA
NA
NA
NA
NA
NA
NA
NA
NA
NA
NA
NA
NA
NA
NA
NA
NA
NA
NA
NA
NA
NA
NA
NA
NA
NA
NA
NA
NA
NA
NA
NA
NA
NA
NA
NA
NA
NA
NA
NA
NA
NA
NA
NA
NA
NA
NA
NA
NA
NA
NA
NA
NA
NA
NA
NA
NA
NA
NA
NA
NA
NA
NA
NA
NA
NA
NA
NA
NA
NA
NA
NA
NA
NA
NA
NA
NA
NA
NA
NA
NA
NA
NA
NA
NA
NA
NA
NA
NA
NA
NA
NA
NA
NA
NA
NA
NA
NA
NA
NA
NA
NA
NA
NA
NA
NA
NA
NA
NA
NA
NA
NA
NA
NA
NA
NA
NA
NA
NA
NA
NA
NA
NA
NA
NA
NA
NA
NA
NA
NA
NA
NA
NA
NA
NA
NA
NA
NA
NA
NA
NA
NA
NA
NA
NA
NA
NA
NA
NA
NA
NA
NA
NA
NA
NA
NA
NA
NA
NA
NA
NA
NA
NA
NA
NA
NA
NA
NA
NA
NA
NA
NA
NA
NA
NA
NA
NA
NA
NA
NA
NA
NA
NA
NA
NA
NA
NA
NA
NA
NA
NA
NA
NA
NA
NA
NA
NA
NA
NA
NA
NA
NA
NA
NA
NA
NA
NA
NA
NA
NA
NA
NA
NA
NA
NA
NA
NA
NA
NA
NA
NA
NA
NA
NA
NA
NA
NA
NA
NA
NA
NA
NA
NA
NA
NA
NA
NA
NA
NA
NA
NA
NA
NA
NA
NA
NA
NA
NA
NA
NA
NA
NA
NA
NA
NA
NA
NA
NA
NA
NA
NA
NA
NA
NA
NA
NA
NA
NA
NA
NA
NA
NA
NA
NA
NA
NA
NA
NA
NA
NA
NA
NA
NA
NA
NA
NA
NA
NA
NA
NA
NA
NA
NA
NA
NA
NA
NA
NA
NA
NA
NA
NA
NA
NA
NA
NA
NA
NA
NA
NA
NA
NA
NA
NA
NA
NA
NA
NA
NA
NA
NA
NA
NA
NA
NA
NA
NA
NA
NA
NA
NA
NA
NA
NA
NA
NA
NA
NA
NA
NA
NA
NA
NA
NA
NA
NA
NA
NA
NA
NA
NA
NA
NA
NA
NA
NA
NA
NA
NA
NA
NA
NA
NA
NA
NA
NA
NA
NA
NA
NA
NA
NA
NA
NA
NA
NA
NA
NA
NA
NA
NA
NA
NA
NA
NA
NA
NA
NA
NA
NA
NA
NA
NA
NA
NA
NA
NA
NA
NA
NA
NA
NA
NA
NA
NA
NA
NA
NA
NA
NA
NA
NA
NA
NA
NA
NA
NA
NA
NA
NA
NA
NA
NA
NA
NA
NA
NA
NA
NA
NA
NA
NA
NA
NA
NA
NA
NA
NA
NA
NA
NA
NA
NA
NA
NA
NA
NA
NA
NA
NA
NA
NA
NA
NA
NA
NA
NA
NA
NA
NA
NA
NA
NA
NA
NA
NA
NA
NA
NA
NA
NA
NA
NA
NA
NA
NA
NA
NA
NA
NA
NA
NA
NA
NA
NA
NA
NA
NA
NA
NA
NA
NA
NA
NA
NA
NA
NA
NA
NA
NA
NA
NA
NA
NA
NA
NA
NA
NA
NA
NA
NA
NA
NA
NA
NA
NA
NA
NA
NA
NA
NA
NA
NA
NA
NA
NA
NA
NA
NA
NA
NA
NA
NA
NA
NA
NA
NA
NA
NA
NA
NA
NA
NA
NA
NA
NA
NA
NA
NA
NA
NA
NA
NA
NA
NA
NA
NA
NA
NA
NA
NA
NA
NA
NA
NA
NA
NA
NA
NA
NA
NA
NA
NA
NA
NA
NA
NA
NA
NA
NA
NA
0.5
0.3117
0.3273
0.3953
0.6
0.3793
0.375
0.3077
0.5323
0.4177
0.2637
0.3111
0.75
0.5352
0.3409
0.527
0.6479
0.5063
0.5875
0.6049
0.5256
0.4267
0.3974
0.6447
0.5667
0.5072
0.4889
0.4462
0.7538
0.359
0.3827
0.7761
0.7467
0.1707
0.4096
0.5455
0.6615
0.5606
0.5444
0.6364
0.325
0.3483
0.5714
0.6452
0.5797
0.2989
0.5397
0.6119
0.28
0.4217
0.4605
0.4524
0.303
0.5647
0.2708
0.4896
0.3761
0.5
0.5
0.3333
0.5155
1.0526
0.6522
0.5
0.4267
0.5441
0.4235
0.378
0.4471
0.625
0.6322
0.5513
0.2857
0.4158
0.5287
0.4211
0.4667
0.4375
0.5181
0.4396
0.3152
0.4045
0.4079
0.3333
0.5854
0.7541
0.5
0.2391
0.3333
0.6207
0.5325
0.4675
0.9206
0.6267
0.4507
0.5875
0.4535
0.4388
0.2833
0.561
0.4186
0.4595
0.4368
0.4688
0.5789
0.5114
0.5341
0.9149
0.6567
0.5679
0.5205
0.3125
0.6164
0.3034
0.3571
0.6512
0.3976
0.5972
0.4932
0.6286
0.4125
1.0408
0.2222
0.6207
0.6885
0.5393
0.8088
0.6462
0.3571
0.4118
0.3516
0.6901
0.5253
0.5077
0.321
0.3625
0.3708
0.5789
0.3467
0.4494
0.7639
0.4615
0.6377
0.3953
0.4225
0.8367
0.3898
0.5513
0.4375
0.75
0.3333
1.0862
0.6061
0.1954
0.3882
0.5775
0.3673
0.527
0.4805
0.4022
0.4023
0.6027
0.5469
0.3881
0.6301
0.0899
0.5802
0.3226
0.5833
0.7083
0.494
0.4767
0.3151
0.48
0.4
0.3333
0.4688
1
0.493
0.44
0.4737
0.35
0.3803
0.4691
0.4286
0.3171
0.5143
0.7778
0.4783
0.3611
0.7463
0.3378
0.4938
0.5325
0.5758
0.3711
0.6154
0.5195
0.5467
0.5946
0.4659
0.4713
0.4167
0.3191
0.4118
0.439
0.8615
0.5072
0.3636
0.9385
0.2874
0.6867
0.5769
0.5062
0.5542
0.4111
1
0.4231
0.2447
0.3614
0.4382
0.9016
0.2157
0.5217
0.3286
0.4588
0.5517
0.5761
0.5326
0.2697
0.3049
0.6923
0.3971
0.2471
0.3421
0.4571
0.4938
0.4156
0.7576
0.4321
0.4848
0.3875
0.3867
0.4894
0.3737
0.2421
0.3659
0.4133
0.5132
0.5224
0.5517
0.8625
0.3908
0.3636
0.2192
0.6286
0.2973
0.6024
0.5568
0.3824
0.5915
0.407
0.3953
0.6081
0.3723
0.6389
0.3469
0.4634
0.4286
0.5063
0.303
0.4286
0.5161
0.5902
0.5135
0.2609
0.3467
0.3061
0.3778
0.5312
0.303
0.4839
0.6234
0.5806
0.2982
0.3973
0.3457
0.4568
0.4198
0.6721
0.4795
0.6053
0.4533
0.5422
0.2644
0.3882
0.5
1.0192
0.284
0.4632
1.0755
0.3026
0.369
0.4247
0.3763
0.5444
0.4789
0.3023
0.54
0.3933
0.5571
0.4605
0.5059
0.4074
0.4458
0.55
0.375
0.3457
0.7619
0.5952
0.6875
0.4186
0.4194
0.4744
0.3804
0.68
0.4366
0.4247
0.2907
0.4384
0.7458
0.3933
0.3333
0.5062
0.2989
0.6508
0.6406
0.4638
0.4444
0.5224
0.5294
0.8701
0.3867
0.3133
0.5294
0.5
0.5902
0.2967
0.4531
0.4639
0.3571
0.4167
0.662
0.2073
0.8382
0.404
0.375
0.5484
0.7833
0.6866
0.4457
0.2647
0.2381
0.4143
0.6818
0.5385
0.5263
0.338
0.28
0.5405
0.622
0.4337
0.3067
0.4051
0.7164
0.2692
0.4638
0.3235
0.5395
0.561
0.3069
0.6923
0.4634
0.625
0.2656
0.3676
0.7681
0.5915
0.4493
0.5217
0.5536
0.9365
0.3704
0.2875
0.4176
0.5667
0.587
0.371
0.6173
0.3902
0.5915
0.6087
0.3684
0.5143
0.5493
0.5395
0.4167
0.9016
0.3976
0.5256
0.5333
0.4474
0.5526
0.2967
0.4255
0.5862
0.2872
0.4605
0.4878
0.3974
0.5634
0.4857
0.481
0.4103
0.4516
0.5085
0.6628
0.4643
0.3289
0.5275
0.494
0.4045
0.4494
0.5195
0.4792
0.6173
0.56
0.6567
0.5
0.88
0.4638
0.6575
0.3483
0.4776
0.56
0.5946
0.5
0.5143
0.6575
0.5303
0.1852
0.3333
0.7358
0.697
0.6667
0.6286
0.549
0.2967
0.2574
0.5513
0.3368
0.4868
0.3333
0.5921
0.4891
0.8
0.3929
0.4306
0.5254
0.5085
0.5244
0.5263
0.3596
0.8889
0.7794
0.4697
0.5253
0.5325
0.7206
0.9818
0.5532
0.4416
0.4937
0.4432
0.3333
0.6338
0.7612
0.3409
0.6957
0.4348
1.1
0.6
0.4444
0.2717
0.6267
0.7879
0.9565
0.642
0.5938
0.7143
0.4
0.3243
0.3625
0.6957
0.7879
0.55
0.375
0.7083
0.6623
0.8841
0.6415
0.3889
0.4458
0.3232
0.5143
0.321
0.5735
0.473
0.4316
0.7361
0.7586
0.3293
0.3107
0.6024
0.9811
0.7361
0.7015
0.5652
0.4861
0.2959
0.5844
0.5493
0.3562
0.5385
0.4615
0.2913
0.5211
0.5165
0.3636
0.2644
0.6567
0.5169
0.3735
0.5714
0.7375
0.4304
0.4043
0.4507
0.3488
0.6364
0.35
0.5385
0.2911
0.697
0.3636
0.5625
0.6769
0.3059
0.6667
0.3474
0.6618
0.6076
0.4875
0.5694
0.6719
1
0.3158
0.5625
0.4118
0.4028
0.3854
0.6375
0.2716
0.3778
0.56
0.6452
0.5362
0.3412
0.4574
0.6
0.3971
0.2674
0.7105
0.5
0.4066
0.4222
0.5169
0.3718
0.5506
0.619
0.5753
0.7419
0.3516
0.3118
0.4286
0.6061
0.382
0.3553
0.5119
0.3964
0.4198
0.4722
0.5165
0.3678
0.6
0.6714
0.6324
0.4519
0.68
0.35
0.625
0.3718
0.6364
0.8235
0.4157
0.2857
0.64
0.5479
0.7458
0.3636
0.4521
0.5063
0.7538
0.8906
0.5
0.5119
0.7564
0.7391
0.3636
0.8243
0.6522
0.2473
0.427
0.3333
0.2174
0.8596
0.6143
0.6951
0.5395
0.427
0.625
0.3529
0.4468
0.52
0.443
0.6364
0.5
0.3093
0.6479
0.4691
0.2717
0.4691
0.4239
0.4455
0.5224
0.3614
0.5082
0.507
0.6812
0.2449
0.3291
0.8429
0.3671
0.5556
0.4853
1.4468
0.3611
0.4432
0.3226
0.5679
0.8485
0.8525
0.4556
0.3333
0.6438
0.5968
0.3902
0.5556
0.507
0.5233
0.55
0.5361
0.3146
0.6301
0.4507
0.6164
0.9016
0.6216
0.5789
0.5538
0.2963
0.4725
0.4167
0.3514
0.7231
0.3974
0.4565
0.375
0.2667
0.2394
0.4429
0.3333
0.4932
0.5303
0.6866
0.4176
0.4306
0.5938
0.4026
0.3103
0.6522
0.3516
0.2143
0.5385
0.3247
0.6575
0.8679
0.5667
0.3562
0.2875
0.6667
0.3579
0.5224
0.5455
0.6092
0.4412
0.5128
0.75
0.7042
0.2824
0.6322
0.236
0.4789
0.3333
0.3882
0.8235
0.2667
0.2195
0.3295
0.4824
0.3704
0.3158
0.4177
0.7121
0.3556
0.506
0.4444
0.4632
0.7125
0.5357
0.3056
0.6308
0.2907
0.4493
0.3
0.3077
0.4086
0.3529
0.4667
0.5397
0.4062
0.4045
0.3243
0.7761
0.4333
0.5467
0.3469
0.4583
0.3617
0.3023
0.3294
0.3056
0.2673
0.4074
0.2222
0.4186
0.3256
0.5897
0.6618
0.5325
0.2796
0.3
1.04
0.4348
0.4203
0.443
0.3168
0.5217
0.7013
0.4268
0.4321
0.8947
0.4697
0.4079
0.2889
0.4787
0.6265
0.48
0.7101
0.3291
0.4059
0.4217
0.4625
0.6316
0.4267
0.449
0.2366
0.8
0.3973
0.3974
0.6
0.6944
0.3085
0.3372
0.4384
0.5513
0.7414
0.4638
0.2088
0.3924
0.297
0.6714
0.6552
0.5079
0.3176
0.6119
0.4318
0.3656
0.6053
0.2703
0.2558
0.5753
0.4706
0.4146
0.7647
0.4762
0.5111
0.7284
0.4247
1.18
0.4868
0.5556
0.2737
0.3023
0.2673
0.378
0.4941
0.6471
0.7042
0.4714
0.375
0.6706
0.3896
0.6709
0.5147
0.5065
0.4348
0.4557
0.4091
0.6923
0.4222
0.623
0.4267
0.5938
0.619
0.3956
0.5405
0.427
0.4848
0.5244
0.3563
0.5797
0.5806
0.4643
0.3125
0.5128
0.3441
0.8788
0.3647
0.3768
0.4578
0.4648
0.5342
0.3039
0.5904
0.2688
0.3696
0.4306
0.3875
0.5227
0.7059
0.5873
0.3146
0.52
0.4024
0.2556
0.6438
0.6389
0.5349
0.6234
0.3514
0.3469
0.3875
0.5806
0.3222
0.5441
0.4368
0.475
0.5217
0.3922
0.8235
0.6552
1.0758
0.25
0.4394
0.5522
0.6
0.3258
0.4382
0.3736
0.4103
0.4744
0.641
0.7188
0.301
0.8197
0.5111
0.3929
0.5119
0.775
0.4459
0.6447
0.541
0.5217
0.4359
0.4861
0.3012
0.4842
0.4286
0.3239
0.791
0.494
0.2817
0.6491
0.6203
0.6418
0.3093
0.6119
0.4941
0.4468
0.7455
0.4179
0.8727
0.5955
0.5273
0.381
0.6232
0.4583
0.3846
0.5341
0.5634
0.3733
0.2963
0.337
0.3176
0.3529
0.6897
0.5781
0.3649
0.5758
0.4348
0.4235
0.6265
0.5233
0.2162
0.8103
0.6338
0.3684
0.5846
0.4512
0.7463
0.6271
0.3516
0.8
0.4526
0.4118
0.3333
0.4624
0.4074
0.3158
0.4
0.5479
0.6765
0.3939
0.4722
0.3068
0.4789
0.3623
0.8507
0.6667
0.0084
0.0581
0.0579
0.0632
0.4462
0.2418
0.35
0.0826
0.5484
0.3797
0.2527
0.0707
0.0513
0.4366
0.0426
0.0698
0.5205
0.519
0.4875
0.321
0.0444
0.1867
0.359
0.4737
0.4
0.3043
0.3222
0.4154
0.2237
0.1163
0.0532
0.0476
0.6667
0.0349
0.3976
0.5303
0.1184
0.0909
0.4889
0.0467
0.1124
0.3371
0.0519
0.629
0.0843
0.2989
0.1067
0.0897
0.0253
0.3735
0.4342
0.2143
0.0962
0.05
0.0463
0.3438
0.0256
0.0617
0.4419
0.2963
0.1321
0.1266
0.1034
0.0532
0.4133
0.1154
0.1042
0.0769
0.0889
0.5312
0.1089
0.4487
0.0935
0.0598
0.3678
0.1154
0.4
0.0795
0.0421
0.049
0.25
0.09
0.3026
0.2828
0.4512
0.5902
0.0594
0.25
0.2667
0.3438
0.2911
0.3766
0.5873
0.1494
0.0244
0.4125
0.3953
0.1101
0.0547
0.4878
0.3605
0.3784
0.2759
0.4844
0.4868
0.0777
0.12
0.1228
0.122
0.0532
0.3836
0.044
0.092
0.1758
0.0769
0.1111
0.2892
0.4861
0.1
0.5571
0.2875
0.1194
0.2222
0.0735
0.0921
0.3222
0.0323
0.5538
0.3143
0.2674
0.0714
0.0595
0.3725
0.3846
0.1163
0.2375
0.2809
0.0909
0.2895
0.0485
0.5556
0.5
0.5797
0.2184
0.4328
0.6531
0.1061
0.3462
0.0261
0.6949
0.0259
0.9138
0.4242
0.1124
0.0515
0.5493
0.0556
0.0333
0.0854
0.0857
0.3333
0.4795
0.5312
0.0897
0.0947
0.1573
0.0879
0.0612
0.0449
0.625
0.0594
0.0693
0.3151
0.41
0.44
0.0729
0.1026
0.6
0.1529
0.4533
0.3229
0.4375
0.4507
0.0879
0.4211
0.1591
0.0723
0.087
0.4058
0.1067
0.2375
0.2838
0.284
0.069
0.08
0.268
0.6462
0.0989
0.0978
0.5811
0.3261
0.0714
0.375
0.02
0.4627
0.3415
0.0843
0.3913
0.0388
0.061
0.2414
0.5301
0.033
0.0652
0.0737
0.4111
0.8125
0.0795
0.2021
0.3614
0.0952
0.1333
0.0561
0.075
0.1549
0.4
0.5057
0.045
0.0849
0.0638
0.1951
0.3956
0.0526
0.0575
0.0964
0.0254
0.0455
0.2727
0.6061
0.0532
0.08
0.2235
0.0714
0.4255
0.2828
0.1895
0.2073
0.1098
0.0833
0.3824
0.0972
0.0748
0.3333
0.3977
0.0933
0.5479
0.0633
0.0928
0.0808
0.0526
0.1163
0.2907
0.4186
0.4054
0.266
0.4861
0.0357
0.0421
0.3516
0.443
0.066
0.381
0.125
0.137
0.0471
0.1122
0.32
0.2143
0.1031
0.0741
0.2879
0.0566
0.1477
0.0826
0.0635
0.0976
0.0532
0.2963
0.358
0.4098
0.3425
0.1264
0.1047
0.0215
0.0968
0.2824
0.15
0.1385
0.2963
0.0734
0.9811
0.1974
0.2353
0.2877
0.0476
0.0642
0.3944
0.2
0.1091
0.3146
0.4143
0.3947
0.4235
0.0602
0.2892
0.4125
0.1159
0.1446
0.1566
0.4048
0.6094
0.5238
0.3387
0.0575
0.0588
0.069
0.0909
0.012
0.087
0.0361
0.1081
0.1798
0.0952
0.0729
0.2529
0.1184
0.0519
0.4783
0.0857
0.4328
0.09
0.0408
0.0494
0.253
0.0909
0.0105
0.5902
0.2418
0.3438
0.3711
0.2055
0.0889
0.2468
0.0476
0.4648
0.0654
0.0714
0.5
0.0897
0.5373
0.0891
0.0283
0.25
0.0886
0.0467
0.4769
0.1034
0.2113
0.0976
0.0824
0.125
0.0619
0.32
0.4177
0.1205
0.0588
0.3913
0.2647
0.0795
0.0472
0.2574
0.163
0.1905
0.0745
0.0735
0.3235
0.5507
0.0617
0.4783
0.3913
0.1429
0.0875
0.0538
0.225
0.0288
0.4444
0.1727
0.0923
0.4167
0.0805
0.1829
0.5072
0.0748
0.125
0.3803
0.5
0.0741
0.8852
0.3133
0.5
0.0843
0.4156
0.4211
0.06
0.3085
0.0704
0.0396
0.4211
0.0645
0.1011
0.4648
0.5
0.2561
0.359
0.0986
0.1884
0.4884
0.3571
0.1585
0.0833
0.3253
0.427
0.3596
0.3718
0.1
0.5062
0.52
0.4925
0.0865
0.1158
0.0526
0.5205
0.3034
0.403
0.5067
0.0889
0.4286
0.5
0.0333
0.3182
0.2037
0.0805
0.0833
0.1139
0.5513
0.6
0.1017
0.051
0.2178
0.5641
0.2421
0.1395
0.1467
0.4737
0.3152
0.6667
0.033
0.122
0.3898
0.4068
0.3855
0.5
0.3146
0.6825
0.5588
0.0633
0.0789
0.4545
0.6176
0.7455
0.3191
0.0222
0.0326
0.0722
0.0889
0.0353
0.5821
0.25
0.0976
0.051
0.68
0.0964
0.1839
0.163
0.64
0.0814
0.7609
0.3294
0.5556
0.7
0.2875
0.012
0.1294
0.5362
0.2133
0.0521
0.4023
0.0909
0.1444
0.7101
0
0.0909
0.3333
0.0631
0.3286
0.0349
0.4118
0.3919
0.2323
0.1176
0.5172
0.1087
0.0536
0.1238
0.0435
0.1059
0.0824
0.3944
0.4306
0.2121
0.4156
0.0833
0.2055
0.0789
0.0632
0.2427
0.2958
0.4176
0.0698
0.0795
0.4627
0.4045
0.253
0.6143
0.0532
0.0568
0.0278
0.338
0.0659
0.5455
0.1196
0.0882
0.1124
0.0864
0.2987
0.5375
0.1084
0.0316
0.5362
0.028
0.6471
0.0217
0.4125
0.0976
0.0921
0.6207
0.2316
0.5938
0.3647
0.2055
0.2371
0.4
0.1209
0.3333
0.5333
0.0822
0.4348
0.3294
0.3936
0.0575
0.3676
0.1977
0.5789
0.4048
0.3516
0.4222
0.0294
0.3462
0.0857
0.1739
0.0449
0.6129
0.2637
0.2796
0.4416
0.4848
0.2556
0.2763
0.3214
0.0656
0.0556
0.5139
0.0874
0.0645
0.0652
0.4857
0.5
0.0522
0.7333
0.0449
0.5
0.3718
0.5303
0.7353
0.1895
0.1913
0.1059
0.122
0.678
0.2828
0.3288
0.0638
0.0875
0.0244
0.3889
0.0714
0.1042
0.0488
0.2614
0.6486
0.5652
0.0505
0.3371
0.0722
0.0492
0.8772
0.039
0.5976
0.0745
0.3146
0.0633
0.3176
0.4043
0.0824
0.4051
0.5
0.4884
0.068
0.0759
0.4074
0.1505
0.321
0.3804
0.3564
0.3881
0.3735
0.377
0.5352
0.4348
0.0667
0.046
0.6571
0.061
0.3472
0.3971
0.0806
0.3056
0.1596
0.1089
0.4938
0.1111
0.5714
0.0769
0.0833
0.0778
0.4531
0.378
0.4321
0.3803
0.375
0.475
0.4536
0.0408
0.0455
0.3067
0.1477
0.012
0.0674
0.4211
0.1538
0.321
0.0811
0.3784
0.1818
0.5692
0.3205
0.036
0.1728
0.0641
0.08
0.493
0.07
0.037
0.0625
0.0581
0.2826
0.1047
0.0822
0.2597
0.2759
0.0988
0.02
0.1964
0.4744
0.4156
0.0805
0.1406
0.1351
0.2329
0.15
0.5303
0.1684
0.3134
0.4286
0.0577
0.1139
0.4375
0.0989
0.0588
0.087
0.4713
0.0316
0.3944
0.2597
0.0396
0.6765
0.0833
0.0833
0.1798
0.1122
0.1236
0.0566
0.1163
0.6364
0.3222
0.494
0.3951
0.3368
0.5679
0.2907
0.3611
0.4769
0.086
0.2857
0.0933
0.2967
0.3548
0.4412
0.24
0.5079
0.0545
0.0297
0.1585
0.0494
0.1146
0.4
0.0654
0.4583
0.3085
0.2558
0.0729
0.25
0.2178
0.1852
0.0294
0.3488
0.314
0.1395
0.0988
0.3797
0.1188
0.0805
0.96
0.4239
0.0886
0.3671
0.3069
0.08
0.5065
0.0515
0.4568
0.1125
0.0533
0.0741
0.2111
0.0865
0.0594
0.4533
0.1205
0.1124
0.2574
0.4024
0.325
0.1857
0.1059
0.0467
0.1828
0.2237
0.1266
0.3718
0.0532
0.0795
0.0481
0.3023
0.15
0.0505
0.1286
0.0513
0.0851
0.069
0.2277
0.0988
0.6552
0.1143
0.0879
0.0602
0.0625
0.0784
0.475
0.0494
0.0659
0.1538
0.2824
0.0659
0.0805
0.303
0.3111
0.0467
0.4384
1.06
0.0941
0.5417
0.09
0.2874
0.0648
0.087
0.4588
0.1084
0.0732
0.3714
0.3333
0.4941
0.3247
0.0408
0.3529
0.1124
0.2717
0.0244
0.0909
0.6462
0.0594
0.0533
0.3467
0.5
0.0909
0.3261
0.1149
0.3146
0.0135
0.1277
0.0404
0.0617
0.0455
0.3333
0.2875
0.0568
0.0192
0.6667
0.044
0.3478
0.2824
0.0843
0.3973
0.2255
0.098
0.2717
0.1154
0.4028
0.35
0.4886
0.0674
0.1067
0.3258
0.4933
0.0435
0.2
0.1294
0.1011
0.125
0.1196
0.0909
0.0385
0.0562
0.1159
0.3333
0.0886
0.0619
0.0568
0.3286
0.1376
0.0543
0.5593
0.0889
0.1977
0.0286
0.08
0.0761
0.125
0.3596
0.0588
0.3077
0.3718
0.3974
0.0964
0.2233
0.0267
0.1333
0.2321
0.4167
0.5625
0.1071
0.1529
0.0833
0.3913
0.0805
0.1084
0.0549
0.1333
0.3333
0.2958
0.6567
0.0638
0.1392
0.5088
0.0316
0.5672
0.0566
0.093
0.0808
0.4894
0.375
0.125
0.08
0.0777
0.4182
0.2857
0.4928
0.0976
0.2967
0.0636
0.4167
0.3067
0.092
0.2935
0.0659
0.0769
0.5
0.5312
0.3243
0.4091
0.1282
0.0532
0.0619
0.1531
0.1486
0.8276
0.4648
0.0602
0.0625
0.0638
0.0575
0.5254
0.1809
0.6154
0.0762
0.06
0.2451
0.3441
0.3457
0.2632
0.0741
0.0682
0.0769
0.2727
0.0886
0.2614
0.0741
0.169
0.6269
0.641
0.0924
0.0581
0.0413
0.0737
0.0921
0.0714
0.0568
0.0459
0.5
0.1364
0.0722
0.0606
0.0513
0.0833
0.0532
0.0349
0.1209
0.3924
0.043
0.1236
0.0333
0.0741
0.0225
0.0889
0.0654
0.0779
0.0196
0.3231
0.25
0.0349
0.4074
0.119
0.069
0.1279
0.3412
0.0897
0.25
0.0779
0.0275
0.0374
0.0562
0.0606
0.1039
0.0875
0.0723
0.0638
0.12
0.0385
0.1013
0.4217
0.0909
0.25
0.0288
0.06
0.0741
0.4062
0.0171
0.0617
0.0784
0.0795
0.0943
0.1392
0.1034
0.0638
0.0805
0.0897
0.0938
0.1099
0.1111
0.0854
0.0495
0.0851
0.1589
0.0513
0.0412
0.0769
0.1429
0.2963
0.0526
0.049
0.0096
0.3
0.0988
0.0377
0.0426
0.0685
0.0594
0.0303
0.0417
0.1739
0.1707
0.0581
0.0253
0.1034
0.1098
0.1042
0.2907
0.0459
0.0312
0.0515
0.0918
0.1084
0.2273
0.1733
0.0543
0.0388
0.07
0.0702
0.061
0.0532
0.0595
0.0659
0.1047
0.0312
0.2179
0.0741
0.0899
0.4028
0.0625
0.0854
0.0227
0.0896
0.0814
0.0588
0.6721
0.0485
0.7353
0.0732
0.0533
0.0211
0.0306
0.0833
0.0776
0.0685
0.0349
0.1047
0.0645
0.1364
0.0617
0.0874
0.4583
0.0899
0.061
0.086
0.0779
0.1017
0.0606
0.0652
0.0348
0.7167
0.0259
0.0235
0.1282
0.0787
0.0722
0.493
0.0648
0.0778
0.0366
0.0952
0.3146
0.0698
0.4844
0.0769
0.0947
0.1124
0.044
0.102
0.1236
0.0889
0.0693
0.099
0.4247
0.0263
0.3733
0.0521
0.141
0.0526
0.0824
0.0941
0.3125
0.2892
0.1013
0.1099
0.0118
0.1136
0.0482
0.058
0.0625
0.16
0.0706
0.0864
0.1111
0.0805
0.12
0.098
0.5692
0.0769
0.0761
0.0659
0.049
0.0909
0.0366
0.07
0.0519
0.0538
0.0964
0.4493
0.0485
0.0732
0.0652
0.506
0.0659
0.0978
0.0947
0.099
0.0781
0.0341
0.1383
0.2892
0.0762
0.0933
0.028
0.0375
0.1127
0.051
0.4253
0.036
0.0755
0.0851
0.0444
0.036
0.0395
0.0575
0.0361
0.0508
0.0682
0.0602
0.2933
0.0319
0.1467
0.2118
0.0714
0.0545
0.0459
0.0619
0.069
0.0976
0.131
0.0519
0.0694
0.0187
0.0202
0.0673
0.1781
0.0581
0.0759
0.0515
0.0404
0.0395
0.0581
0.0532
0.0707
0.1412
0.3085
0.5278
0.0714
0.0947
0.0396
0.0323
0.0566
0.1111
0.1
0.1096
0.0353
0.0714
0.36
0.0571
0.0515
0.0617
0.0563
0.0566
0.0795
0.0459
0.0476
0.0854
0.0638
0.0674
0.0543
0.0676
0.0833
0.1034
0.0814
0.0645
0.1075
0.086
0.0625
0.0923
0.0575
0.0459
0.0541
0.0602
0.1412
0.1139
0.0476
0.0367
0.0741
0.0737
0.0909
0.4045
0.1519
0.4605
0.0729
0.1325
0.129
0.1319
0.0725
0.0682
0.1205
0.0588
0.0769
0.068
0.1014
0.0805
0.0294
0.092
0.141
0.0964
0.0978
0.0843
0.0946
0.2022
0.0357
0.0625
0.0745
0.0921
0.1169
0.5072
0.0952
0.1013
0.07
0.102
0.037
0.0444
0.0909
0.1053
0.12
0.0938
0.4219
0.0734
0.0759
0.0778
0.1169
0.0714
0.0833
0.0654
0.0714
0.0541
0.0641
0.0575
0.0792
0.066
0.0795
0.0759
0.3299
0.1067
0.0345
0.2535
0.061
0.0235
0.0625
0.0515
0.0886
0.0761
0.0843
0.0824
0.0897
0.2206
0.1364
0.0566
0.1091
0.0978
0.0909
0.0851
0.1029
0.1333
0.5217
0.0247
0.1067
0.1139
0.1111
0.05
0.1183
0.0723
0.0288
0.028
0.0354
0.0625
0.086
0.1529
0.0588
0.0641
0.0561
0.2533
0.4507
0.0889
0.0988
0.0789
0.0667
0.0543
0.0843
0.4933
0.1477
0.01
0.0577
0.0282
0.1188
0.0941
0.129
0.0674
0.122
0.038
0.0568
0.0659
0.1127
0.1884
0.0642
0.0549
0.0854
0.0556
0.0652
0.14
0.0588
0.0787
0.0636
0.381
0.0899
0.0541
0.0472
0.0421
0.0658
0.5205
0.0408
0.0658
0.4933
0.0667
0.0814
0.0595
0.0556
0.1159
0.0536
0.2381
0.0278
0.0633
0.4487
0.0988
0.0847
0.0714
0.0374
0.0444
0.0722
0.093
0.04
0.4605
0.07
0.05
0.0549
0.061
0.0746
0.0725
0.0842
0.0682
0.0722
0.6825
0.0864
0.0759
0.0439
0.0549
0.0909
0.1053
0.028
0.1556
0.0435
0.0619
0.1
0.0706
0.15
0.1848
0.0854
0.102
0.0294
0.0361
0.0805
0.0722
0.1828
0.0116
0.0635
0.2791
0.0658
0.0879
0.0549
0.0843
0.0588
0.0659
0.1341
0.0625
0.06
0
0.0444
0.0652
0.129
0.0202
0.0316
0.0541
0.0633
0.0698
0.1026
0.1205
0.1919
0.0706
0.4833
0.0652
0.2427
0.0571
0.0725
0.0706
0.0471
0.3913
0.1098
0.0463
0.0323
0.0952
0.2603
0.4615
0.0526
0.0182
0.1
0.0673
0.1163
0.1954
0.0482
0.0769
0.092
0.0795
0.0638
0.0909
0.0278
0.0625
0.0769
0.0247
0.0217
0.049
0.1124
0.0494
0.0976
0.1053
0.0482
0.0842
0.1013
0.0467
0.1
0.087
0.0444
0.0366
0.0526
0.6379
0.049
0.0886
0.0521
0.125
0.0385
0.0825
0.0549
0.05
0.0879
0.137
0.0395
0.0638
0.0088
0.0345
0.2941
0.0761
0.0989
0.0722
0.0588
0.0769
0.0588
0.0824
0.0667
0.0435
0.0449
0.0946
0.0309
0.0396
0.4286
0.038
0.0928
0.0769
0.0606
0.0492
0.1222
0.0854
0.0583
0.0215
0.0761
0.0602
0.0625
0.0522
0.0968
0.0337
0.5278
0.0889
0.2254
0.0667
0.0392
0.0661
0.0706
0.0732
0.1857
0.0545
0.0909
0.0957
0.075
0.0854
0.0571
0.0306
0.0625
0.0854
0.05
0.0515
0.0899
0.0202
0.102
0.0619
0.041
0.0676
0.0519
0.0588
0.0745
0.0612
0.0633
0.0638
0.0642
0.1176
0.0957
0.0909
0.14
0.0583
0.1013
0.0638
0.0316
0.093
0.0198
0.0531
0.0759
0.0722
0.0714
0.1
0.0886
0.1238
0.1707
0.0805
0.122
0.375
0.0526
0.1129
0.1688
0.117
0.0594
0.4568
0.0444
0.0886
0.0192
0.0595
0.4658
0.0822
0.0761
0.0745
0.122
0.0385
0.0538
0.0885
0.0714
0.0114
0.0824
0.3
0.0723
0.0787
0.3553
0.1154
0.0952
0.027
0.0732
0.1948
0.1
0.0989
0.018
0.0455
0.0769
0.0667
0.4
0.07
0.0617
0.175
0.0465
0.0303
0.0698
0.1096
0.0488
0.0968
0.0494
0.09
0.0427
0.0667
0.0471
0.1149
0.0781
0.0676
0.0625
0.1098
0.0976
0.0396
0.1558
0.093
0.0769
0.0633
0.0753
0.1209
0.0824
0.0543
0.0408
0.0316
0.3662
0.0641
0.0495
0.092
0.0625
0.2073
0.0412
0.0612
0.0899
0.1321
0.0698
0.0854
0.0577
0.04
0.0556
0.0455
0.0495
0.1354
0.3333
0.0526
0.0323
0.141
0.0933
0.0505
0.068
0.0533
0.0723
0.12
0.0545
0.0594
0.061
0.0988
0.0833
0.0706
0.0654
0.1647
0.0784
0.2093
0.0417
0.0789
0.0556
0.0814
0.049
0.0213
0.08
0.1628
0.1235
0.0753
0.0792
0.0575
1
0.037
0.1013
0.0562
0.0909
0.0933
0.1
0.0309
0.0808
0.1
0.08
0.0617
0.0625
0.0769
0.0594
0.0843
0.1375
0.1011
0.0459
0.3614
0.0575
0.1286
0.0824
0.0841
0.0606
0.061
0.1757
0.0238
0.0745
0.125
0.0769
0.0208
0.05
0.0707
0.1571
0.0128
0.1064
0.069
0.0459
0.0494
0.0476
0.1143
0.0989
0.0361
0.0938
0.098
0.0947
0.0617
0.0989
0.6164
0.0753
0.0659
0.023
0.04
0.0103
0.0561
0.3151
0.0946
0.0353
0.0787
0.03
0.3488
0.037
0.0435
0.2065
0.0471
0.0366
0.061
0.0374
0.0211
0.0471
0.0408
0.0822
0.1236
0.049
0.0488
0.0909
0.1266
0.2935
0.04
0.1034
0.0548
0.0707
0.2747
0.1034
0.0686
0.1081
0.0638
0.2644
0.0494
0.0541
0.0612
0.0889
0.0341
0.0962
0.0723
0.0549
0.0886
0.0918
0.1325
0.0482
0.0177
0.1176
0.0404
0.0673
0.4583
0.0235
0.0476
0.0674
0.12
0.049
0.0449
0.0761
0.0505
0.0449
0.0899
0.0625
0.3766
0.0649
0.0481
0.0449
0.058
0.051
0.0759
0.0515
0.0909
0.0366
0.1009
0.0652
0.1324
0.0333
0.0753
0.1143
0.1467
0.0435
0.1031
0.0566
0.0882
0.0575
0.0562
0.4359
0.0361
0.0696
0.16
0.0952
0.0574
0.0619
0.5125
0.0714
0.0941
0.0972
0.4058
0.023
0.0964
0.044
0.0648
0.0698
0.0633
0.1059
0.0638
0.1266
0.1143
0.0526
0.075
0.0189
0.0814
0.0808
0.4362
0.0635
0.1667
0.08
0.0388
0.0476
0.0769
0.037
0.0732
0.101
0.0455
0.3611
0.0741
0.0805
0.09
0.0549
0.1099
0.0896
0.4531
0.0625
0.0641
0.1026
0.1383
0.0515
0.02
0.0789
0.1538
0.0897
0.1325
0.05
0.0957
0.0575
0.0441
0.0816
0
0.0476
0.1505
0.0536
0.0467
0.1724
0.045
0.0741
0.0568
0.0549
0.0583
0.0886
0.0638
0.0494
0.2609
0.597
0.0753
