ncvFD_AFR	ncvFD_EUR	ncvFD_ASN	ncv_AFR	ncv_EUR	ncv_ASN	hka_AFR	hka_EUR	hka_ASN
0.4515	0.4917	0.4992	0.3526	0.4752	0.485	0.5806	0.5161	0.0571
0.4426	0.4252	0.4844	0.3698	0.2371	0.4636	0.9167	0.5556	0.7778
0.4309	0.4328	0.4915	0.3534	0.3476	0.3859	1.0571	0.9429	0.0909
0.4558	0.4534	0.489	0.3764	0.3545	0.4706	0.6389	0.5556	0.6111
0.442	0.4526	0.4996	0.3218	0.342	0.49	0.5946	0.5135	0.0455
0.4673	0.4798	0.4991	0.4023	0.4338	0.4867	0.5588	0.4706	0.075
0.443	0.4669	0.4984	0.3624	0.3687	0.484	0.8286	0.3902	0.1111
0.4692	0.496	0.4923	0.4098	0.4467	0.4543	0.5714	0.0851	0.2128
0.4262	0.4681	0.4989	0.3367	0.4366	0.46	1	1.08	0.0294
0.4646	0.4972	0.4981	0.3881	0.4894	0.4819	0.5227	0.3636	0.1224
0.4474	0.4452	0.4978	0.3732	0.329	0.4802	0.8182	0.5758	0.125
0.4486	0.4376	0.4866	0.3579	0.2824	0.4598	0.6667	0.5238	0.5238
0.4461	0.436	0.4984	0.3872	0.3455	0.4802	1.0385	0.8462	0.0882
0.4607	0.4665	0.4925	0.3243	0.3676	0.4677	0.3529	0.3922	0.3137
0.46	0.4506	0.4946	0.3874	0.3457	0.4822	0.625	0.5625	0.4375
0.4551	0.4661	0.4858	0.3659	0.3649	0.4498	0.5854	0.3902	0.4146
0.4115	0.4647	0.499	0.2928	0.4234	0.4801	0.9655	0.931	0.0513
0.438	0.4451	0.4962	0.338	0.3753	0.49	0.75	0.9062	0.625
0.4554	0.485	0.4962	0.3954	0.4581	0.4678	0.8333	0.5833	0.1395
0.4577	0.4683	0.4959	0.3737	0.388	0.4475	0.5789	0.4474	0.0889
0.4591	0.4984	0.4965	0.4002	0.4883	0.49	0.7742	0.1667	0.5484
0.4301	0.4985	0.4991	0.3333	0.4861	0.4867	0.88	0.122	0.0732
0.4683	0.498	0.4988	0.387	0.4706	0.4768	0.4423	0.0755	0.0566
0.437	0.4722	0.4904	0.3605	0.4381	0.4782	0.9677	0.871	0.8065
0.4645	0.4571	0.4935	0.3947	0.2557	0.4755	0.5714	0.2857	0.3714
0.4607	0.475	0.4964	0.3924	0.4265	0.4761	0.6471	0.5588	0.1795
0.4845	0.4794	0.4949	0.4281	0.4177	0.469	0.2955	0.3636	0.2045
0.4519	0.4396	0.4835	0.3837	0.3273	0.4593	0.8049	0.6585	0.7073
0.4538	0.4614	0.491	0.398	0.4002	0.3859	0.9259	0.7037	0.0968
0.4634	0.4774	0.4989	0.4161	0.4242	0.4752	0.8462	0.4615	0.0465
0.4699	0.4788	0.4986	0.3929	0.398	0.4826	0.439	0.2927	0.0909
0.4758	0.4768	0.4879	0.3978	0.392	0.4315	0.3462	0.3077	0.2308
0.4505	0.495	0.4998	0.3929	0.4879	0.49	0.9688	0.7188	0.0227
0.4442	0.4505	0.4759	0.3381	0.3263	0.4248	0.6341	0.4878	0.5122
0.4847	0.4861	0.4971	0.3931	0.3772	0.4587	0.1875	0.1458	0.08
0.4439	0.4593	0.4974	0.3757	0.3976	0.4598	0.9474	0.7368	0.0714
0.445	0.5	0.4987	0.3794	NA	0.4834	0.9615	0	0.0857
0.4356	0.49	0.457	0.3492	0.4789	0.3763	0.8889	0.9167	0.6111
0.4366	0.4412	0.4994	0.3622	0.3732	0.49	1	1	0.0588
0.4616	0.4599	0.4936	0.3877	0.31	0.4796	0.5897	0.3333	0.4615
0.4423	0.4986	0.4954	0.3626	0.4883	0.454	0.8485	0.1395	0.1163
0.4603	0.4329	0.4965	0.4068	0.2654	0.49	0.8214	0.5357	0.5357
0.4645	0.4918	0.4978	0.3819	0.4684	0.4746	0.4894	0.3617	0.098
0.4433	0.4676	0.476	0.3427	0.4097	0.4382	0.6765	0.6176	0.6765
0.4695	0.4844	0.4971	0.4014	0.445	0.4895	0.5	0.42	0.38
0.428	0.4908	0.499	0.3519	0.48	0.4834	1.125	0.875	0.0652
0.4586	0.4793	0.4989	0.3848	0.4409	0.4834	0.6364	0.5758	0.075
0.4698	0.4726	0.4952	0.3927	0.3984	0.4649	0.4412	0.4118	0.1622
0.4687	0.4692	0.4971	0.3883	0.3551	0.4877	0.439	0.3171	0.3171
0.429	0.4663	0.4992	0.3262	0.4219	0.4867	0.85	0.825	0.0638
0.4595	0.4977	0.4944	0.4107	0.4713	0.4511	0.9143	0.0909	0.1364
0.4769	0.4662	0.498	0.4355	0.3749	0.4709	0.5957	0.4255	0.0769
0.4582	0.4688	0.4993	0.3522	0.3798	0.4867	0.4667	0.4	0.06
0.4466	0.4288	0.4947	0.3793	0.2829	0.4371	0.9091	0.6364	0.0976
0.4726	0.4973	0.4995	0.3918	0.4891	0.48	0.381	0.3333	0.0282
0.4279	0.4317	0.4654	0.3588	0.3222	0.412	1.2286	0.7714	0.7143
0.4514	0.4927	0.4941	0.3997	0.4811	0.4606	1.0513	0.641	0.1837
0.4598	0.4748	0.4917	0.3641	0.4043	0.4631	0.4884	0.3953	0.3023
0.4557	0.4575	0.4983	0.3798	0.3609	0.4739	0.6667	0.5152	0.0732
0.471	0.4815	0.4993	0.4102	0.4193	0.49	0.525	0.325	0.0714
0.4716	0.4956	0.4989	0.3835	0.4816	0.4886	0.3667	0.3167	0.1061
0.4789	0.4991	0.4995	0.4358	0.49	0.49	0.525	0.0976	0.0488
0.4618	0.4509	0.4969	0.3891	0.26	0.4576	0.5938	0.3438	0.0833
0.4408	0.4469	0.4889	0.3652	0.3459	0.4721	0.9143	0.6286	0.6857
0.4409	0.4992	0.499	0.3726	0.49	0.4875	1	0.0889	0.0889
0.4547	0.499	0.4932	0.3862	0.4875	0.4832	0.75	0.0889	0.6944
0.447	0.498	0.4963	0.3736	0.4836	0.49	0.8333	0.1429	0.5833
0.4582	0.4496	0.4991	0.3858	0.3262	0.49	0.6538	0.5	0.1
0.4776	0.4686	0.5	0.4213	0.4042	NA	0.4324	0.5405	0
0.4332	0.4323	0.4931	0.3625	0.3317	0.4605	1.1071	0.8214	0.2195
0.4397	0.4446	0.4961	0.3541	0.3285	0.489	0.8333	0.5833	0.5556
0.4411	0.4869	0.4996	0.3707	0.4649	0.49	0.9706	0.6176	0.0426
0.4722	0.4718	0.4978	0.4155	0.3956	0.4766	0.5366	0.4146	0.1042
0.4722	0.4702	0.4937	0.3932	0.3284	0.4684	0.3953	0.2558	0.2558
0.4447	0.4537	0.4966	0.3538	0.3775	0.49	0.7209	0.6977	0.5116
0.4505	0.4471	0.4662	0.3932	0.3517	0.3873	0.9714	0.6571	0.4857
0.4499	0.4893	0.4979	0.3871	0.4732	0.4778	0.9062	0.6875	0.1053
0.4588	0.4726	0.4956	0.389	0.4143	0.4589	0.6667	0.5152	0.125
0.4793	0.4915	0.4972	0.4034	0.4605	0.4633	0.3036	0.2857	0.0847
0.4625	0.4993	0.4967	0.398	0.4867	0.49	0.6512	0.0566	0.4884
0.4566	0.4929	0.4983	0.3914	0.4213	0.4768	0.75	0.1081	0.0811
0.4747	0.4948	0.4983	0.4228	0.4728	0.4826	0.5312	0.2432	0.1081
0.463	0.4743	0.4899	0.4075	0.4212	0.4749	0.7368	0.5263	0.6842
0.4526	0.4656	0.4732	0.3533	0.3685	0.3889	0.5641	0.4103	0.359
0.4506	0.4673	0.4952	0.3866	0.4026	0.4877	0.875	0.5625	0.6562
0.4699	0.4853	0.4987	0.4201	0.4477	0.4827	0.6585	0.4146	0.0851
0.4621	0.4572	0.4969	0.4138	0.3678	0.4779	0.8611	0.5556	0.1667
0.4815	0.4947	0.4844	0.4195	0.4779	0.3897	0.3256	0.3256	0.186
0.4595	0.4809	0.4996	0.4048	0.452	0.49	0.8205	0.6923	0.0435
0.4412	0.4251	0.4992	0.3768	0.2857	0.4834	1.05	0.7	0.0545
0.4154	0.4063	0.4951	0.3512	0.3294	0.4597	1.5714	1.5	0.1429
0.456	0.4799	0.4911	0.3867	0.4369	0.4216	0.7188	0.5	0.1389
0.4194	0.4377	0.494	0.3344	0.3554	0.4877	1.1579	0.8947	0.9474
0.4555	0.498	0.4972	0.3741	0.462	0.4888	0.6304	0.0577	0.3333
0.446	0.4393	0.4826	0.3953	0.3601	0.4677	1.2	0.9	1.2
0.4638	0.4993	0.4984	0.3829	0.4834	0.4856	0.5082	0.0417	0.125
0.4515	0.464	0.4957	0.355	0.3873	0.4764	0.5938	0.5312	0.225
0.4419	0.4852	0.4954	0.3665	0.4571	0.4878	0.8966	0.5517	0.6207
0.456	0.4929	0.4928	0.4056	0.3954	0.4206	0.9677	0.0811	0.1081
0.4662	0.4417	0.4853	0.416	0.3023	0.4606	0.7353	0.5294	0.6176
0.4437	0.4915	0.4942	0.3535	0.4699	0.4433	0.7381	0.4048	0.12
0.465	0.4977	0.4985	0.3716	0.4781	0.4657	0.4324	0.119	0.0476
0.4741	0.4748	0.4841	0.4229	0.3861	0.4123	0.5484	0.3226	0.2424
0.4708	0.4612	0.4946	0.4135	0.405	0.4525	0.5588	0.7647	0.1351
0.4311	0.4961	0.498	0.3355	0.4735	0.478	0.875	0.175	0.1
0.4538	0.4746	0.4983	0.3487	0.4099	0.4834	0.5227	0.4318	0.1176
0.4461	0.4425	0.4979	0.3948	0.3849	0.4803	1.1818	1.1364	0.1212
0.4424	0.4959	0.4995	0.3761	0.4648	0.49	1	0.1351	0.0541
0.4779	0.4601	0.4986	0.4225	0.3703	0.4826	0.4324	0.5135	0.0909
0.4714	0.4745	0.4952	0.3988	0.4074	0.4492	0.44	0.42	0.1111
0.441	0.4186	0.4894	0.3751	0.3037	0.4781	1.0333	0.9	0.9667
0.4622	0.4717	0.4939	0.3954	0.3877	0.47	0.6341	0.381	0.2619
0.4775	0.4802	0.4996	0.4237	0.4331	0.49	0.4524	0.4524	0.0435
0.4396	0.4313	0.4699	0.3574	0.2914	0.4232	0.8667	0.6333	0.7
0.4368	0.493	0.4987	0.3461	0.4828	0.4826	0.8333	0.6944	0.0816
0.4444	0.4474	0.4938	0.3695	0.3689	0.4846	0.8611	0.7778	0.6944
0.4685	0.476	0.4996	0.369	0.3827	0.49	0.3659	0.2927	0.0435
0.4668	0.4724	0.4961	0.3979	0.4164	0.4843	0.5385	0.5385	0.3333
0.4517	0.497	0.4936	0.3815	0.442	0.4821	0.7857	0.0588	0.5714
0.4782	0.4626	0.4991	0.4231	0.3742	0.4867	0.4286	0.4857	0.0769
0.4503	0.4725	0.4959	0.3504	0.4178	0.4746	0.5897	0.55	0.1957
0.4459	0.4413	0.4951	0.3865	0.3538	0.4469	1.0345	0.7931	0.1081
0.4456	0.4511	0.4963	0.3715	0.3561	0.4683	0.8485	0.6061	0.1364
0.4716	0.4993	0.4996	0.4228	0.485	0.48	0.6316	0.0465	0.0233
0.4399	0.4615	0.4958	0.3621	0.4045	0.489	0.9062	0.75	0.625
0.4857	0.4976	0.4976	0.4325	0.4649	0.4644	0.2895	0.075	0.075
0.4549	0.422	0.4998	0.4064	0.3101	0.49	1.0303	0.8788	0.0217
0.4588	0.498	0.4959	0.4134	0.4801	0.4501	1	0.1163	0.093
0.4447	0.4991	0.4987	0.3912	0.4867	0.4851	1.1667	0.0714	0.0952
0.4518	0.445	0.4917	0.383	0.3722	0.4808	0.8	0.875	0.775
0.4566	0.4504	0.4924	0.3957	0.3459	0.4767	0.8	0.5667	0.5
0.4826	0.4889	0.4995	0.4102	0.4163	0.49	0.2639	0.1667	0.0541
0.4742	0.4981	0.4965	0.4238	0.4649	0.4592	0.5556	0.0588	0.098
0.4797	0.499	0.4996	0.4437	0.49	0.49	0.6	0.1111	0.037
0.4731	0.4722	0.4968	0.4172	0.3737	0.476	0.525	0.325	0.1591
0.4484	0.4641	0.4988	0.3652	0.3984	0.49	0.7222	0.6111	0.1333
0.4364	0.4986	0.4978	0.3473	0.4875	0.48	0.8519	0.129	0.129
0.4765	0.4923	0.4949	0.415	0.4093	0.3476	0.4186	0.102	0.0408
0.4431	0.4961	0.4989	0.3589	0.49	0.4851	0.7949	0.641	0.0816
0.4502	0.4438	0.4988	0.3249	0.2745	0.4851	0.4872	0.4359	0.087
0.4555	0.4451	0.4864	0.3982	0.3498	0.4659	0.8684	0.6842	0.6842
0.4589	0.4659	0.4971	0.3975	0.3993	0.4831	0.75	0.5714	0.2121
0.4742	0.4959	0.4973	0.4272	0.4879	0.49	0.5946	0.5135	0.3784
0.443	0.4765	0.4985	0.3277	0.433	0.4841	0.6053	0.5789	0.102
0.4707	0.5	0.4998	0.4206	NA	0.49	0.6364	0	0.0256
0.4218	0.4615	0.4961	0.3295	0.4135	0.477	1.04	0.88	0.2069
0.4617	0.4551	0.4995	0.404	0.3634	0.49	0.7381	0.5714	0.0577
0.4326	0.4956	0.4995	0.3713	0.4598	0.49	1.2759	0.1282	0.0513
0.4335	0.4518	0.4991	0.3578	0.3878	0.49	1.037	0.8519	0.1026
0.4256	0.4534	0.4967	0.3083	0.3842	0.4629	0.8	0.7667	0.1
0.4524	0.4662	0.4969	0.3476	0.3825	0.4841	0.5405	0.4595	0.2439
0.482	0.4976	0.496	0.4472	0.4762	0.4768	0.5476	0.1163	0.2143
0.4401	0.4724	0.489	0.3678	0.4393	0.4763	0.963	0.8889	0.8889
0.4721	0.4537	0.4994	0.4207	0.3619	0.485	0.5897	0.5897	0.0426
0.4732	0.4978	0.498	0.4194	0.4745	0.4636	0.5435	0.098	0.0588
0.4591	0.4592	0.4908	0.4123	0.39	0.4787	0.963	0.6667	0.7778
0.4646	0.4807	0.4996	0.3973	0.4118	0.49	0.5897	0.3077	0.0465
0.4328	0.4463	0.4906	0.3716	0.3762	0.4208	1.2727	0.8824	0.1458
0.4553	0.4663	0.4922	0.371	0.393	0.4429	0.6129	0.5161	0.1667
0.4442	0.4946	0.4978	0.3283	0.4849	0.4518	0.5882	0.5588	0.05
0.4773	0.4718	0.4947	0.4063	0.3518	0.4651	0.3538	0.2769	0.1846
0.4293	0.4418	0.4836	0.3281	0.3585	0.4666	0.8571	0.8214	1
0.4791	0.4598	0.4915	0.4469	0.3747	0.4374	0.6857	0.5429	0.1667
0.4554	0.4988	0.4988	0.3856	0.4834	0.4834	0.7273	0.0789	0.0789
0.4407	0.4282	0.493	0.366	0.2888	0.4829	0.9259	0.6667	0.7037
0.4436	0.4512	0.4979	0.3837	0.3891	0.4821	1.0741	0.8889	0.1351
0.4398	0.4319	0.4925	0.3584	0.3211	0.4818	0.8696	0.7609	0.7174
0.4509	0.4652	0.4754	0.3563	0.4017	0.4299	0.6111	0.6111	0.5833
0.4899	0.4889	0.498	0.4357	0.4116	0.469	0.2	0.1571	0.0694
0.4685	0.4652	0.4964	0.4043	0.3543	0.4844	0.5435	0.3696	0.3043
0.4596	0.4986	0.4994	0.3983	0.4841	0.485	0.7368	0.102	0.0408
0.4409	0.4955	0.4927	0.3774	0.4571	0.3511	1.069	0.1212	0.0606
0.4446	0.4993	0.4969	0.3575	0.485	0.4823	0.75	0.0488	0.2195
0.4374	0.4518	0.4955	0.3616	0.3843	0.49	0.9688	0.8125	0.8125
0.4375	0.4632	0.4935	0.3162	0.4017	0.4805	0.641	0.6667	0.5128
0.4741	0.4676	0.4749	0.4235	0.3848	0.4094	0.5556	0.4444	0.4222
0.4481	0.47	0.4916	0.3659	0.4257	0.4798	0.7353	0.7353	0.7353
0.4155	0.4039	0.4936	0.3508	0.3051	0.4884	1.56	1.24	1.24
0.4562	0.4963	0.4932	0.3865	0.4855	0.4831	0.7143	0.3438	0.6786
0.4876	0.4967	0.4937	0.4548	0.4724	0.4462	0.3947	0.1395	0.1395
0.4669	0.4755	0.4911	0.3716	0.4087	0.4088	0.4	0.4054	0.119
0.4548	0.4995	0.4995	0.3708	0.49	0.485	0.6222	0.0556	0.037
0.4614	0.4965	0.4975	0.4005	0.4894	0.4709	0.7059	0.5	0.0952
0.4686	0.4977	0.4978	0.3983	0.49	0.4889	0.5	0.2941	0.2432
0.4529	0.4942	0.4961	0.3871	0.4832	0.4371	0.8125	0.5417	0.0702
0.4436	0.4478	0.4998	0.3697	0.3436	0.49	0.8857	0.6	0.025
0.4313	0.4296	0.4993	0.339	0.3017	0.49	0.9	0.7	0.0816
0.4573	0.4487	0.4943	0.4021	0.3439	0.4524	0.8621	0.5862	0.1429
0.4527	0.4564	0.4957	0.3613	0.3534	0.4547	0.6053	0.5	0.1111
0.4719	0.4586	0.4985	0.413	0.3181	0.485	0.5227	0.3636	0.1154
0.4552	0.443	0.4997	0.4015	0.3357	0.49	0.9286	0.6429	0.0323
0.4538	0.4363	0.4859	0.3938	0.334	0.468	0.8649	0.7568	0.8108
0.472	0.4809	0.4991	0.3904	0.408	0.45	0.3864	0.2889	0.02
0.4556	0.4976	0.4998	0.3744	0.4644	0.49	0.6304	0.0755	0.0189
0.4185	0.4982	0.4994	0.3126	0.478	0.49	0.9667	0.0889	0.0667
0.4488	0.4873	0.4995	0.3561	0.46	0.485	0.6512	0.4884	0.0357
0.4688	0.4493	0.4918	0.4095	0.3285	0.4717	0.5814	0.5116	0.4186
0.4619	0.4523	0.4996	0.3856	0.3042	0.49	0.5676	0.4054	0.0444
0.456	0.4982	0.4956	0.3841	0.4801	0.4649	0.697	0.1	0.15
0.4526	0.4834	0.4961	0.3839	0.4565	0.4644	0.7857	0.6429	0.129
0.4796	0.4816	0.498	0.4501	0.4327	0.4875	0.7297	0.4054	0.1905
0.4383	0.4306	0.4913	0.3712	0.3446	0.4808	1.0645	0.9677	0.8387
0.4405	0.4541	0.4939	0.3691	0.3968	0.4576	0.9667	0.9	0.175
0.46	0.4615	0.4979	0.3628	0.3522	0.4762	0.4792	0.4167	0.098
0.4263	0.4056	0.4945	0.3714	0.3157	0.389	1.56	1.32	0.0588
0.4581	0.4934	0.4976	0.4183	0.4856	0.4827	1.15	0.85	0.1667
0.4545	0.4699	0.499	0.3614	0.4087	0.4834	0.5714	0.5429	0.0682
0.4423	0.4983	0.4977	0.355	0.4803	0.4817	0.7812	0.0976	0.1463
0.4862	0.497	0.4977	0.4436	0.471	0.4703	0.3455	0.1186	0.0847
0.441	0.4983	0.4962	0.377	0.4803	0.4683	1.0606	0.0952	0.1429
0.449	0.4661	0.4991	0.3955	0.4212	0.49	1.0714	0.8214	0.1
0.4745	0.4637	0.4913	0.419	0.3465	0.4668	0.5	0.3684	0.3684
0.4194	0.4332	0.4814	0.3321	0.3569	0.4608	1.129	1.0323	0.9355
0.4425	0.4583	0.4908	0.3651	0.3874	0.4758	0.8667	0.6667	0.6333
0.4172	0.4577	0.4917	0.3271	0.4033	0.4816	1.1333	0.8667	0.8333
0.4602	0.4789	0.4936	0.3763	0.4358	0.4792	0.5455	0.5227	0.4545
0.4418	0.4652	0.4951	0.3567	0.4075	0.459	0.8056	0.6667	0.1429
0.4463	0.4963	0.499	0.3767	0.49	0.49	0.8889	0.5833	0.1064
0.4707	0.4816	0.4783	0.3774	0.4295	0.3748	0.36	0.38	0.24
0.461	0.4647	0.4971	0.4008	0.4045	0.49	0.7209	0.6512	0.4186
0.4391	0.4304	0.4798	0.3584	0.3106	0.4438	0.8889	0.7297	0.5946
0.4441	0.4431	0.4984	0.3624	0.334	0.486	0.8	0.6333	0.1282
0.442	0.4989	0.4994	0.3722	0.46	0.49	0.96	0.0294	0.0588
0.431	0.4338	0.498	0.3654	0.367	0.4736	1.2308	1.1538	0.0857
0.4716	0.4832	0.4995	0.4074	0.4364	0.485	0.4894	0.383	0.0377
0.4624	0.4887	0.4973	0.3709	0.452	0.467	0.475	0.325	0.0909
0.4403	0.4876	0.4955	0.3741	0.4717	0.4895	1.04	0.8	0.76
0.4571	0.4754	0.497	0.3541	0.4013	0.4705	0.4912	0.3684	0.1148
0.472	0.4454	0.4947	0.4399	0.3196	0.4705	0.9286	0.5357	0.2258
0.4584	0.4631	0.4968	0.398	0.3904	0.4779	0.7714	0.5714	0.175
0.467	0.4662	0.4902	0.3985	0.3774	0.4638	0.5385	0.4359	0.3846
0.4503	0.4928	0.4941	0.3503	0.4517	0.3858	0.5897	0.1837	0.0612
0.4556	0.4497	0.4979	0.3734	0.3697	0.4832	0.6216	0.7297	0.1458
0.4692	0.4964	0.4913	0.4026	0.4633	0.4223	0.5128	0.1136	0.1364
0.4265	0.4981	0.4973	0.3726	0.4841	0.4802	1.5833	0.1351	0.1622
0.4516	0.4486	0.479	0.3995	0.3667	0.4487	1.0385	0.7308	0.7308
0.4533	0.4985	0.4992	0.3579	0.4867	0.46	0.575	0.125	0.0208
0.485	0.4973	0.4991	0.441	0.4815	0.4801	0.3611	0.1707	0.0488
0.4625	0.4962	0.4989	0.3954	0.4681	0.4802	0.6279	0.14	0.06
0.4826	0.4808	0.4959	0.4275	0.4146	0.4705	0.3409	0.3182	0.1667
0.4538	0.4726	0.4992	0.3797	0.4185	0.485	0.7143	0.5517	0.0541
0.4272	0.4513	0.4892	0.3672	0.394	0.4225	1.4167	0.9583	0.1765
0.4464	0.4831	0.4972	0.3715	0.4563	0.4827	0.8286	0.6571	0.1951
0.4306	0.4451	0.4954	0.382	0.3948	0.461	1.6364	1.2273	0.1379
0.4469	0.4612	0.4967	0.3565	0.3786	0.49	0.6923	0.5385	0.5
0.4754	0.4608	0.4911	0.4333	0.3335	0.431	0.6279	0.3721	0.16
0.4624	0.4993	0.4987	0.3539	0.49	0.4601	0.4082	0.0727	0.0364
0.4559	0.4667	0.4997	0.3795	0.4074	0.48	0.66	0.62	0.0164
0.4802	0.4645	0.4958	0.4345	0.3859	0.4833	0.4634	0.5122	0.3415
0.4649	0.481	0.4983	0.3853	0.4382	0.4872	0.5	0.475	0.1522
0.4458	0.4977	0.496	0.3602	0.4785	0.4671	0.7436	0.1224	0.1429
0.451	0.4972	0.4962	0.3759	0.4724	0.4666	0.75	0.1154	0.1346
0.4398	0.4148	0.4982	0.3526	0.2348	0.4802	0.8182	0.6667	0.1
0.4499	0.4431	0.4959	0.3537	0.3379	0.4739	0.6154	0.6538	0.1935
0.4461	0.4751	0.4861	0.3377	0.427	0.4528	0.6	0.56	0.44
0.4536	0.4489	0.498	0.4004	0.3794	0.4428	0.9737	0.8421	0.0385
0.442	0.4523	0.4749	0.3456	0.3451	0.4317	0.7188	0.5312	0.625
0.4597	0.4528	0.4996	0.4037	0.3511	0.49	0.8	0.55	0.04
0.4423	0.4696	0.4905	0.3517	0.4159	0.4755	0.7568	0.6216	0.6486
0.476	0.4725	0.4924	0.4075	0.3619	0.4772	0.3871	0.2903	0.5161
0.4648	0.4541	0.4981	0.4025	0.348	0.4563	0.6286	0.5143	0.0476
0.4712	0.4465	0.4643	0.423	0.3439	0.3945	0.65	0.625	0.575
0.4601	0.4507	0.4882	0.3914	0.3574	0.4696	0.6552	0.6207	0.6552
0.4725	0.476	0.489	0.423	0.3978	0.4525	0.6053	0.3421	0.3158
0.4716	0.496	0.499	0.406	0.4839	0.4802	0.48	0.34	0.0526
0.4601	0.4404	0.4879	0.3854	0.3098	0.4626	0.6071	0.5714	0.5
0.4308	0.4377	0.4939	0.3173	0.3283	0.485	0.7576	0.697	0.697
0.4619	0.4742	0.4786	0.3681	0.3932	0.4182	0.4714	0.3571	0.3857
0.4669	0.4997	0.4986	0.4023	0.49	0.4872	0.5686	0.0357	0.125
0.4663	0.4517	0.4978	0.4021	0.3348	0.4784	0.5833	0.5	0.1136
0.461	0.4604	0.4951	0.3943	0.3297	0.4459	0.6579	0.3684	0.1064
0.4649	0.461	0.4931	0.4119	0.3384	0.4776	0.7273	0.3824	0.4545
0.457	0.4968	0.4915	0.3665	0.4801	0.4203	0.5526	0.1957	0.1304
0.4705	0.484	0.4973	0.4158	0.4397	0.4728	0.5897	0.3846	0.1136
0.4745	0.4966	0.4975	0.4213	0.4873	0.4628	0.5217	0.375	0.0755
0.4673	0.4816	0.4993	0.3957	0.4371	0.49	0.5116	0.4419	0.08
0.4324	0.453	0.4756	0.3623	0.3847	0.4404	1.1304	0.7826	0.7391
0.4766	0.4731	0.4985	0.4197	0.384	0.4826	0.4474	0.3421	0.093
0.4453	0.4303	0.4915	0.3934	0.3217	0.4117	1.1875	0.7941	0.1163
0.4556	0.4835	0.4961	0.4102	0.4641	0.4742	1.0769	0.8846	0.1818
0.4528	0.4436	0.4678	0.3857	0.3286	0.4148	0.8	0.6	0.6667
0.4644	0.4707	0.4975	0.3455	0.3888	0.49	0.3571	0.4048	0.3333
0.4584	0.453	0.5	0.3868	0.3243	NA	0.6579	0.4474	0
0.4448	0.4608	0.4901	0.3626	0.3861	0.4723	0.7872	0.5957	0.5745
0.4763	0.4676	0.4976	0.434	0.3592	0.4665	0.6	0.35	0.0816
0.4447	0.4488	0.4955	0.3469	0.3558	0.4885	0.675	0.65	0.65
0.4499	0.4548	0.4937	0.3728	0.3471	0.3124	0.75	0.5	0.0426
0.4665	0.4712	0.4978	0.4143	0.3982	0.4835	0.7059	0.4412	0.1538
0.4399	0.4894	0.4988	0.3428	0.4737	0.4827	0.7442	0.6977	0.0755
0.4547	0.4643	0.4965	0.3838	0.3993	0.49	0.7273	0.6136	0.5455
0.477	0.4708	0.4977	0.4043	0.3822	0.4706	0.35	0.375	0.087
0.4565	0.4604	0.4928	0.3649	0.3357	0.4724	0.5532	0.383	0.3617
0.4467	0.4789	0.4831	0.3881	0.4485	0.4571	1.0294	0.7353	0.6765
0.4675	0.4787	0.497	0.4001	0.4289	0.4877	0.5385	0.4615	0.3269
0.46	0.4994	0.498	0.3767	0.49	0.4742	0.551	0.0678	0.0847
0.467	0.4928	0.4982	0.4177	0.4824	0.4768	0.7333	0.7	0.0882
0.46	0.4622	0.4995	0.3949	0.4034	0.49	0.6905	0.7143	0.0577
0.4678	0.45	0.4955	0.4202	0.3489	0.4882	0.7353	0.5882	0.6176
0.4403	0.4978	0.4994	0.3468	0.4764	0.485	0.7632	0.1042	0.0417
0.4561	0.4705	0.4782	0.3602	0.395	0.4275	0.5366	0.439	0.4634
0.4645	0.4967	0.4954	0.4035	0.4813	0.4704	0.6471	0.2162	0.1892
0.4361	0.4675	0.4959	0.3414	0.4068	0.4675	0.8125	0.5938	0.15
0.4351	0.4944	0.4964	0.3473	0.4397	0.4063	0.8824	0.1087	0.0435
0.4785	0.4766	0.4964	0.4183	0.3875	0.4503	0.3889	0.2963	0.082
0.475	0.4643	0.4944	0.4334	0.3774	0.4824	0.6471	0.4706	0.4706
0.4704	0.4638	0.4975	0.4155	0.3384	0.4629	0.5918	0.3469	0.0741
0.4216	0.3991	0.4945	0.3556	0.2966	0.49	1.4091	1.2727	1.2273
0.4405	0.4191	0.4952	0.3693	0.285	0.4888	0.9697	0.7879	0.7576
0.4428	0.4445	0.4981	0.388	0.365	0.484	1.1852	0.8148	0.1389
0.4144	0.461	0.4985	0.2954	0.4105	0.4851	0.9259	0.8519	0.1111
0.4747	0.4963	0.4985	0.4181	0.486	0.4826	0.4872	0.359	0.0952
0.4652	0.4709	0.4833	0.3979	0.4026	0.4383	0.5789	0.4737	0.3947
0.4313	0.5	0.4979	0.3715	NA	0.4757	1.3333	0	0.0952
0.4326	0.4995	0.4961	0.3465	0.49	0.4646	0.9375	0.0513	0.1282
0.457	0.4875	0.4993	0.3879	0.4614	0.4801	0.7045	0.5	0.037
0.4532	0.4575	0.4882	0.3834	0.3634	0.4649	0.7632	0.5263	0.5263
0.4459	0.4951	0.4961	0.3842	0.4657	0.4328	1	0.1739	0.0652
0.4521	0.4977	0.4968	0.3765	0.4843	0.4775	0.7273	0.1707	0.1707
0.4588	0.4676	0.4929	0.3979	0.4191	0.4468	0.7576	0.7273	0.1628
0.4408	0.4629	0.4969	0.3186	0.3872	0.4499	0.6	0.5556	0.0702
0.4714	0.4517	0.4991	0.4064	0.3224	0.4867	0.4865	0.4595	0.0714
0.4737	0.4757	0.4961	0.4216	0.413	0.4874	0.55	0.425	0.45
0.4314	0.4409	0.4981	0.3817	0.39	0.4802	1.5789	1.3158	0.1111
0.4624	0.4747	0.4994	0.3937	0.413	0.49	0.6154	0.45	0.0612
0.4547	0.4962	0.498	0.3847	0.4732	0.4864	0.7353	0.1702	0.1702
0.4115	0.4956	0.4986	0.2619	0.4895	0.4802	0.8	0.7333	0.0769
0.4679	0.4588	0.4993	0.4188	0.3762	0.49	0.7143	0.5714	0.0769
0.4626	0.4974	0.4985	0.384	0.4428	0.49	0.5405	0.05	0.175
0.4454	0.4887	0.4965	0.3551	0.4641	0.4895	0.7143	0.4762	0.5
0.4624	0.4981	0.4998	0.3891	0.4836	0.49	0.5789	0.1304	0.0217
0.4547	0.446	0.4968	0.3882	0.3237	0.4201	0.7714	0.5429	0.0455
0.454	0.4994	0.4998	0.3738	0.49	0.49	0.66	0.0678	0.0169
0.4383	0.4201	0.4992	0.3747	0.3172	0.49	1.1212	0.9697	0.0909
0.4508	0.4234	0.4953	0.3867	0.2055	0.4875	0.871	0.5161	0.6129
0.461	0.4985	0.4975	0.4042	0.4826	0.4428	0.7632	0.0976	0.0488
0.4676	0.4755	0.4929	0.435	0.4468	0.4362	1.0667	0.9	0.1333
0.4369	0.4528	0.4974	0.3742	0.3969	0.4738	1.1622	0.9459	0.1154
0.4408	0.4593	0.4991	0.3437	0.3895	0.4875	0.7317	0.6585	0.0769
0.4529	0.4591	0.4863	0.3942	0.4142	0.4693	0.9032	1	0.8387
0.4456	0.496	0.4952	0.3759	0.4358	0.4896	0.9	0.0714	0.8667
0.486	0.4732	0.4834	0.4504	0.3716	0.4134	0.413	0.3043	0.2609
0.4482	0.4356	0.4908	0.3629	0.32	0.4239	0.7111	0.6889	0.1481
0.4646	0.4453	0.4856	0.4019	0.3407	0.4603	0.6296	0.6296	0.5926
0.4295	0.4297	0.4864	0.3386	0.3123	0.4697	0.9375	0.75	0.8438
0.4577	0.4628	0.5	0.3788	0.3879	NA	0.6129	0.5625	0
0.4647	0.4572	0.4854	0.3965	0.3499	0.4511	0.5789	0.4737	0.4474
0.4553	0.496	0.4986	0.3823	0.3764	0.4841	0.6977	0.0385	0.0962
0.4495	0.4796	0.4981	0.3258	0.4361	0.4844	0.5	0.5	0.1373
0.4418	0.4447	0.4988	0.3544	0.3455	0.488	0.7879	0.6667	0.1163
0.4581	0.461	0.4961	0.3794	0.3777	0.4887	0.6098	0.5366	0.5366
0.459	0.4687	0.4874	0.4281	0.439	0.4759	1.4375	1.125	1.125
0.4343	0.448	0.4949	0.343	0.3748	0.4139	0.8636	0.8182	0.069
0.4728	0.4968	0.494	0.4265	0.4881	0.4514	0.6341	0.3659	0.1489
0.4686	0.4651	0.4948	0.4251	0.3986	0.4191	0.7805	0.5854	0.0755
0.4457	0.4526	0.4926	0.3626	0.3786	0.4805	0.7647	0.7353	0.6176
0.4328	0.4982	0.4939	0.2879	0.4804	0.4825	0.6	0.102	0.55
0.4512	0.4565	0.4942	0.3784	0.3736	0.4848	0.7674	0.6047	0.6279
0.4554	0.4721	0.4979	0.3694	0.4058	0.4851	0.6	0.4667	0.1667
0.4668	0.4643	0.4958	0.4005	0.3879	0.4675	0.5588	0.5294	0.1538
0.4489	0.4545	0.4506	0.378	0.3828	0.3673	0.8276	0.7241	0.6897
0.4672	0.4526	0.4961	0.4123	0.3601	0.4867	0.6571	0.6	0.4286
0.4477	0.4714	0.4769	0.3402	0.3826	0.4195	0.5854	0.3659	0.439
0.4628	0.4825	0.4987	0.3954	0.4453	0.488	0.6176	0.5	0.125
0.4715	0.4845	0.4847	0.4311	0.4552	0.4046	0.7586	0.5517	0.2121
0.4797	0.4845	0.4964	0.4263	0.4214	0.4642	0.4107	0.2679	0.1167
0.4806	0.4831	0.4998	0.4033	0.4105	0.49	0.2791	0.2558	0.0217
0.4677	0.4922	0.4983	0.4094	0.3824	0.4827	0.6111	0.0811	0.1081
0.4647	0.4701	0.4864	0.393	0.3771	0.4502	0.5526	0.3684	0.3947
0.4367	0.4331	0.499	0.37	0.32	0.4867	1.1	0.7333	0.0833
0.4193	0.4929	0.4962	0.3101	0.4835	0.4512	0.9318	0.7727	0.0877
0.4752	0.4943	0.4946	0.4199	0.4776	0.4602	0.4884	0.3488	0.1633
0.4494	0.4938	0.4993	0.3592	0.48	0.49	0.6585	0.4634	0.08
0.4359	0.4457	0.4934	0.285	0.3386	0.4811	0.551	0.6122	0.551
0.4624	0.4528	0.4947	0.4137	0.3666	0.4871	0.8485	0.6364	0.697
0.4386	0.4337	0.4919	0.3486	0.3193	0.4803	0.8125	0.7188	0.7188
0.4357	0.4043	0.4984	0.3765	0.2846	0.4875	1.25	1.05	0.1538
0.439	0.4911	0.499	0.352	0.4784	0.488	0.8333	0.7143	0.0877
0.4606	0.4472	0.4912	0.4034	0.3631	0.4801	0.7667	0.7333	0.8
0.469	0.4526	0.494	0.4257	0.3673	0.4813	0.7742	0.6452	0.4839
0.4573	0.4405	0.4897	0.4027	0.3187	0.4722	0.8684	0.6053	0.6053
0.4763	0.4924	0.4988	0.4137	0.4734	0.488	0.4146	0.4146	0.1136
0.4718	0.4964	0.4965	0.4096	0.4867	0.4546	0.5	0.375	0.0862
0.4652	0.4632	0.4991	0.3928	0.3373	0.4867	0.5405	0.3514	0.0698
0.4814	0.499	0.4977	0.4289	0.49	0.49	0.3824	0.1081	0.2941
0.4618	0.4294	0.4876	0.3949	0.2994	0.4626	0.641	0.6923	0.5128
0.4563	0.4958	0.4932	0.3532	0.4859	0.4752	0.5	0.4318	0.3864
0.4217	0.4674	0.478	0.3108	0.4167	0.445	0.8889	0.7037	0.7037
0.4521	0.4533	0.4978	0.3791	0.3595	0.4867	0.75	0.5833	0.2045
0.4559	0.4954	0.4975	0.403	0.473	0.4857	0.9286	0.2121	0.2121
0.4318	0.4994	0.4979	0.2853	0.4867	0.4826	0.6047	0.0517	0.1379
0.4239	0.4375	0.4972	0.3562	0.3757	0.4792	1.3333	1.1667	0.1556
0.46	0.4589	0.496	0.4036	0.3774	0.4568	0.7895	0.5789	0.1064
0.4818	0.4812	0.4985	0.4336	0.3509	0.4867	0.4043	0.1702	0.125
0.4196	0.4988	0.4981	0.3582	0.49	0.44	1.5455	0.1379	0.0345
0.4474	0.4993	0.4989	0.3877	0.485	0.4834	1	0.0476	0.0714
0.4671	0.4662	0.4944	0.4187	0.3683	0.4603	0.7429	0.4	0.1707
0.4367	0.4992	0.4986	0.3433	0.4875	0.4851	0.814	0.0727	0.1091
0.4649	0.4992	0.4984	0.4157	0.4867	0.4841	0.7838	0.0667	0.1111
0.467	0.4596	0.4954	0.4046	0.3553	0.3471	0.587	0.4565	0.0364
0.4402	0.4557	0.4967	0.3481	0.3989	0.4788	0.7742	0.871	0.1905
0.4627	0.4989	0.4924	0.3832	0.488	0.4065	0.5333	0.098	0.098
0.4523	0.4942	0.494	0.404	0.4524	0.4623	1.1	0.1463	0.1951
0.4868	0.4608	0.4989	0.4561	0.3517	0.488	0.45	0.425	0.1042
0.4265	0.48	0.4996	0.3278	0.4546	0.49	0.9143	0.8286	0.0465
0.4864	0.4852	0.4982	0.44	0.3915	0.49	0.3111	0.1778	0.2222
0.4527	0.4649	0.4952	0.4036	0.4088	0.4762	1.069	0.6897	0.2571
0.4569	0.4579	0.4964	0.4092	0.3947	0.4844	1	0.75	0.3043
0.44	0.4513	0.4939	0.3542	0.365	0.4829	0.8286	0.6571	0.5714
0.4532	0.479	0.4978	0.3636	0.4379	0.4802	0.6087	0.5435	0.125
0.4571	0.4152	0.4751	0.4051	0.213	0.4423	0.9167	0.6111	0.8056
0.4809	0.4975	0.4946	0.3687	0.4846	0.4498	0.1961	0.2	0.1273
0.4651	0.4614	0.4938	0.4019	0.364	0.4339	0.6154	0.4615	0.1111
0.4398	0.4315	0.4731	0.37	0.3077	0.4351	1	0.697	0.7576
0.461	0.4646	0.4968	0.3607	0.3294	0.4874	0.4545	0.3182	0.3409
0.4574	0.4959	0.4869	0.3948	0.4755	0.4637	0.7647	0.2051	0.5882
0.4475	0.4476	0.4899	0.3771	0.3746	0.4755	0.8571	0.8286	0.7143
0.4462	0.4747	0.4992	0.3681	0.4334	0.4801	0.8	0.6571	0.0455
0.4405	0.4295	0.492	0.3958	0.3639	0.4864	1.5	1.2593	1.4444
0.4706	0.4958	0.4974	0.3687	0.4813	0.4754	0.3333	0.2982	0.1231
0.4601	0.4413	0.4932	0.3837	0.319	0.4493	0.5938	0.5938	0.1622
0.4626	0.4375	0.4913	0.427	0.3616	0.4825	1.1333	0.9667	1
0.4511	0.4993	0.4959	0.3729	0.49	0.3645	0.7209	0.0714	0.0357
0.4512	0.4742	0.494	0.3623	0.409	0.4809	0.641	0.4359	0.4615
0.4544	0.4338	0.4987	0.4036	0.3554	0.4875	1	1	0.1143
0.4663	0.4603	0.4981	0.4128	0.3505	0.4802	0.6905	0.4286	0.1087
0.4599	0.4561	0.496	0.3858	0.3606	0.4597	0.6154	0.5385	0.1136
0.4564	0.4773	0.4976	0.3841	0.4208	0.4835	0.6875	0.4375	0.1765
0.4448	0.4435	0.4998	0.3702	0.3418	0.49	0.8571	0.6667	0.0189
0.4385	0.4398	0.4873	0.3544	0.3179	0.4231	0.8667	0.6129	0.2143
0.4739	0.4781	0.4991	0.3991	0.378	0.49	0.3889	0.25	0.1053
0.4596	0.4527	0.4938	0.3914	0.3628	0.483	0.6667	0.6154	0.5897
0.4789	0.4766	0.4969	0.4239	0.4056	0.4802	0.4146	0.3659	0.186
0.4439	0.45	0.4693	0.3624	0.3323	0.4265	0.8065	0.5161	0.7742
0.4405	0.4447	0.4972	0.3528	0.3398	0.4725	0.8049	0.6341	0.1154
0.4672	0.472	0.4942	0.3967	0.3916	0.479	0.5217	0.3913	0.3913
0.4622	0.4736	0.4989	0.396	0.4228	0.49	0.641	0.5641	0.1304
0.4646	0.4586	0.4985	0.4127	0.3618	0.4883	0.75	0.5	0.1538
0.4588	0.4398	0.4964	0.4178	0.325	0.4669	1.0968	0.6452	0.125
0.4485	0.4617	0.4937	0.3699	0.3896	0.4418	0.76	0.6	0.129
0.4586	0.497	0.4993	0.4033	0.4713	0.49	0.8333	0.119	0.0714
0.4619	0.4664	0.4981	0.3691	0.3813	0.4844	0.475	0.45	0.1429
0.4664	0.4737	0.4937	0.4158	0.418	0.4812	0.7273	0.5152	0.5152
0.4808	0.4998	0.4984	0.4143	0.49	0.486	0.3158	0.0256	0.1282
0.4388	0.438	0.4924	0.3499	0.317	0.481	0.8182	0.6364	0.6818
0.4498	0.4409	0.4995	0.3546	0.2927	0.49	0.6222	0.5111	0.0556
0.4502	0.4692	0.4966	0.3653	0.4112	0.49	0.6829	0.5854	0.5122
0.464	0.4767	0.4905	0.3819	0.4235	0.4672	0.5	0.475	0.425
0.4752	0.4978	0.4994	0.3956	0.462	0.485	0.3488	0.0652	0.0435
0.4801	0.4845	0.4992	0.4132	0.4219	0.49	0.3269	0.2692	0.0926
0.4365	0.4599	0.4922	0.3266	0.3965	0.4784	0.7097	0.7097	0.5714
0.4437	0.4992	0.4978	0.3792	0.485	0.4858	1	0.0541	0.1892
0.4455	0.4941	0.4976	0.3719	0.4862	0.4834	0.8571	0.75	0.1714
0.4253	0.433	0.4981	0.3523	0.2913	0.486	1.2174	0.6087	0.1562
0.4633	0.4559	0.4949	0.4097	0.3406	0.447	0.7568	0.4595	0.1136
0.482	0.4722	0.4925	0.4324	0.357	0.4626	0.3913	0.2826	0.2609
0.4554	0.4936	0.4952	0.3719	0.4314	0.4569	0.617	0.1111	0.1296
0.4501	0.4922	0.4964	0.3994	0.4636	0.4768	1.1	0.2812	0.1875
0.475	0.4746	0.4996	0.4338	0.4125	0.49	0.65	0.45	0.0417
0.4648	0.4567	0.4941	0.3948	0.3447	0.4438	0.5641	0.4615	0.125
0.4324	0.4438	0.4931	0.3381	0.3532	0.4431	0.8667	0.7333	0.1463
0.4742	0.4516	0.497	0.424	0.3159	0.4894	0.5581	0.4419	0.3953
0.4562	0.4988	0.4927	0.3991	0.49	0.4262	0.8571	0.1373	0.1176
0.4395	0.4839	0.4969	0.3268	0.4466	0.49	0.6571	0.4571	0.4571
0.444	0.4669	0.4923	0.3909	0.4202	0.4825	1.1935	0.7742	0.8065
0.4299	0.4392	0.4966	0.3418	0.3474	0.4817	0.9583	0.7917	0.2333
0.4724	0.4617	0.4973	0.4201	0.3895	0.49	0.575	0.6	0.375
0.4528	0.4462	0.4891	0.346	0.3272	0.4665	0.5263	0.5526	0.5
0.4722	0.497	0.4973	0.389	0.4866	0.4742	0.3778	0.2979	0.12
0.4566	0.4952	0.4953	0.3874	0.4396	0.4523	0.7105	0.0909	0.1136
0.4855	0.4868	0.4987	0.4196	0.4275	0.49	0.2391	0.2391	0.1522
0.4642	0.4947	0.4991	0.4189	0.4832	0.48	0.8611	0.4722	0.0488
0.4505	0.4573	0.4945	0.3563	0.3621	0.4821	0.619	0.5238	0.4524
0.4505	0.4389	0.4953	0.3836	0.3247	0.3742	0.8421	0.6579	0.0444
0.4566	0.4286	0.473	0.3974	0.2886	0.4288	0.82	0.66	0.66
0.4731	0.4732	0.4956	0.4228	0.3955	0.4758	0.5806	0.3871	0.2258
0.4859	0.4993	0.4984	0.4246	0.4867	0.4823	0.25	0.06	0.1
0.4288	0.4502	0.4908	0.3404	0.379	0.4356	0.9714	0.8	0.1778
0.4545	0.4515	0.499	0.3991	0.392	0.4801	0.9189	0.9189	0.0545
0.4632	0.4626	0.5	0.3673	0.3358	NA	0.4444	0.3556	0
0.4511	0.486	0.4983	0.3943	0.4062	0.4657	0.9667	0.1944	0.0556
0.464	0.4981	0.4989	0.4094	0.4821	0.4875	0.7273	0.119	0.0952
0.463	0.4685	0.4767	0.4161	0.4158	0.4455	0.8621	0.6552	0.7931
0.4536	0.4536	0.4998	0.3915	0.3757	0.49	0.8421	0.6842	0.0213
0.4416	0.4511	0.4923	0.3665	0.3725	0.4827	0.9062	0.7188	0.8125
0.4705	0.4564	0.4983	0.4293	0.3626	0.4867	0.7714	0.5429	0.15
0.4482	0.4598	0.4965	0.3579	0.3641	0.4895	0.6744	0.4884	0.5116
0.4472	0.4463	0.4933	0.3707	0.3558	0.4297	0.8	0.7	0.1132
0.4527	0.4993	0.4996	0.3779	0.49	0.49	0.725	0.0784	0.0392
0.4192	0.4099	0.4993	0.3465	0.3229	0.49	1.3333	1.2857	0.0714
0.461	0.4383	0.4982	0.4	0.3246	0.4802	0.7143	0.6667	0.1042
0.4522	0.4998	0.4988	0.3924	0.49	0.485	0.9	0.0227	0.0909
0.4716	0.4687	0.4909	0.3854	0.3471	0.4533	0.3729	0.3051	0.2542
0.4382	0.4617	0.4929	0.362	0.4138	0.4816	0.9512	0.878	0.6341
0.4562	0.4826	0.4914	0.379	0.4438	0.4754	0.65	0.475	0.55
0.472	0.4894	0.4996	0.4246	0.4731	0.49	0.6389	0.6667	0.0444
0.4637	0.4414	0.4841	0.4242	0.3658	0.3974	1	0.9032	0.2051
0.46	0.4393	0.4963	0.4045	0.3244	0.4592	0.8	0.65	0.1053
0.4707	0.4659	0.4974	0.3531	0.2964	0.4823	0.2941	0.2549	0.1754
0.422	0.4305	0.4888	0.3438	0.345	0.4764	1.2	0.975	0.925
0.471	0.4601	0.492	0.407	0.3487	0.4738	0.5	0.425	0.45
0.4677	0.4717	0.4933	0.3951	0.3939	0.4789	0.5	0.4091	0.4773
0.4459	0.4663	0.4946	0.3879	0.4248	0.4002	1.0588	0.8824	0.0638
0.4817	0.4785	0.4947	0.4249	0.3407	0.4751	0.3488	0.186	0.2791
0.4651	0.429	0.4983	0.4362	0.3173	0.4704	1.2917	0.7917	0.0625
0.4401	0.4993	0.4993	0.3706	0.49	0.49	1	0.0732	0.0732
0.4716	0.4595	0.4952	0.4052	0.3794	0.458	0.4737	0.5789	0.1333
0.4772	0.4783	0.4994	0.4097	0.4183	0.485	0.3721	0.3953	0.0444
0.4562	0.4752	0.4953	0.3877	0.4358	0.4317	0.725	0.675	0.0784
0.4318	0.4934	0.4976	0.3706	0.4875	0.4782	1.2963	1.1481	0.125
0.461	0.4627	0.4944	0.3512	0.3527	0.4764	0.42	0.4	0.32
0.46	0.4896	0.4772	0.404	0.4713	0.4375	0.7949	0.5897	0.6154
0.381	0.4886	0.4991	0.2476	0.4809	0.49	1.25	1.5	0.1026
0.4555	0.4962	0.4995	0.3938	0.4801	0.49	0.8125	0.2381	0.0476
0.4659	0.4741	0.4956	0.4062	0.4176	0.4877	0.6333	0.5	0.5667
0.438	0.4457	0.4877	0.3421	0.3157	0.4434	0.7778	0.5185	0.2941
0.4538	0.4988	0.4982	0.3821	0.4851	0.4709	0.7353	0.0909	0.0682
0.473	0.4959	0.4989	0.4061	0.4782	0.4802	0.4468	0.234	0.0577
0.476	0.4561	0.4898	0.4304	0.3232	0.4662	0.5676	0.4054	0.4474
0.4506	0.4615	0.4992	0.3606	0.3728	0.49	0.6429	0.5	0.0926
0.4269	0.4917	0.4743	0.3136	0.4505	0.4319	0.8077	0.2121	0.6538
0.4553	0.458	0.495	0.3524	0.3563	0.4815	0.5135	0.4865	0.3784
0.4686	0.4851	0.4995	0.4122	0.4326	0.49	0.6111	0.3056	0.05
0.4526	0.4955	0.4981	0.3724	0.4865	0.4805	0.6818	0.5	0.1132
0.4359	0.4508	0.499	0.3524	0.3844	0.486	0.9111	0.8444	0.0806
0.4493	0.4404	0.4947	0.402	0.3661	0.489	1.1935	0.9355	0.9355
0.4634	0.4156	0.4889	0.4205	0.2639	0.4711	0.9286	0.75	0.6429
0.4675	0.4792	0.4947	0.384	0.4345	0.04	0.4419	0.5	0.0217
0.4607	0.4539	0.4962	0.3562	0.22	0.488	0.4419	0.2791	0.4651
0.4587	0.4926	0.4941	0.3898	0.4782	0.4443	0.6765	0.5294	0.125
0.4196	0.4734	0.4938	0.3353	0.4474	0.4883	1.16	1.08	1.12
0.4566	0.4735	0.4936	0.3543	0.4214	0.4824	0.5	0.5526	0.5789
0.4674	0.498	0.4982	0.3961	0.4818	0.4757	0.5111	0.125	0.0833
0.4812	0.4839	0.4993	0.4207	0.419	0.4875	0.339	0.2712	0.0615
0.4784	0.4884	0.493	0.4499	0.4302	0.4301	0.8	0.2143	0.119
0.4612	0.4626	0.4929	0.3983	0.3856	0.4806	0.6897	0.5517	0.5862
0.429	0.4189	0.4456	0.3404	0.3138	0.3734	0.9677	0.9677	0.871
0.4692	0.4498	0.4976	0.4209	0.3459	0.4604	0.6923	0.5769	0.0667
0.4743	0.4575	0.4973	0.4377	0.3751	0.4805	0.75	0.5938	0.1622
0.4604	0.4676	0.4953	0.4154	0.4072	0.4658	0.9655	0.5938	0.1667
0.4648	0.466	0.4763	0.3785	0.3534	0.4111	0.4667	0.3556	0.4
0.4667	0.4832	0.4994	0.3848	0.4422	0.485	0.4615	0.4359	0.0435
0.4751	0.4696	0.497	0.4146	0.3603	0.4693	0.45	0.325	0.1136
0.4479	0.4636	0.4982	0.3607	0.3955	0.4886	0.7	0.6	0.1892
0.4529	0.453	0.4879	0.3601	0.348	0.4643	0.5957	0.5319	0.5319
0.4738	0.462	0.4956	0.4078	0.297	0.4837	0.4375	0.2917	0.375
0.4708	0.4586	0.4989	0.4112	0.3271	0.488	0.5385	0.3846	0.1064
0.479	0.4869	0.4953	0.4152	0.4484	0.4802	0.36	0.36	0.32
0.457	0.4523	0.4996	0.3652	0.2822	0.49	0.5455	0.3636	0.04
0.4696	0.4786	0.4937	0.3983	0.4244	0.4504	0.4762	0.4286	0.1522
0.4521	0.4524	0.4963	0.359	0.3521	0.4382	0.6042	0.5625	0.0678
0.4495	0.4329	0.4983	0.3859	0.2821	0.4861	0.9032	0.5806	0.1429
0.4769	0.4499	0.4964	0.4447	0.3547	0.4742	0.7586	0.6207	0.1667
0.4522	0.4698	0.4883	0.3309	0.3921	0.4555	0.4792	0.4375	0.375
0.4712	0.4785	0.4892	0.4298	0.4322	0.4098	0.75	0.5	0.15
0.4493	0.4651	0.4936	0.3771	0.4126	0.4855	0.8077	0.7308	0.8077
0.4738	0.4484	0.492	0.43	0.3533	0.4776	0.6429	0.6429	0.5714
0.4661	0.4692	0.4939	0.3986	0.3725	0.4338	0.5625	0.3673	0.1091
0.4719	0.4801	0.499	0.3776	0.3945	0.4851	0.34	0.26	0.0755
0.4613	0.4555	0.4986	0.4027	0.3421	0.4801	0.7353	0.4706	0.0789
0.4643	0.4386	0.4966	0.4151	0.3305	0.49	0.7949	0.6923	0.5128
0.4534	0.4994	0.4987	0.3299	0.49	0.48	0.4595	0.0682	0.0682
0.4809	0.4833	0.4994	0.4265	0.406	0.485	0.381	0.2381	0.0455
0.4569	0.4939	0.4991	0.3757	0.481	0.49	0.6098	0.4878	0.102
0.456	0.4798	0.4995	0.3881	0.4494	0.49	0.7333	0.7	0.0541
0.456	0.4478	0.4982	0.4073	0.3845	0.4821	1	0.9375	0.1136
0.4669	0.4636	0.4992	0.4013	0.3743	0.485	0.5625	0.4688	0.0556
0.4518	0.498	0.4939	0.3393	0.4841	0.4621	0.5161	0.1429	0.2
0.4516	0.4503	0.4961	0.3782	0.3673	0.4895	0.7576	0.697	0.6061
0.4718	0.4527	0.4907	0.4308	0.3549	0.4732	0.7429	0.5714	0.5429
0.4435	0.4985	0.4982	0.3806	0.4834	0.4766	1.0278	0.1034	0.0862
0.4572	0.4906	0.4993	0.3972	0.4772	0.47	0.8	0.7143	0.0233
0.4684	0.497	0.4898	0.4279	0.482	0.4564	0.84	0.2069	0.32
0.4591	0.4629	0.4957	0.3662	0.3462	0.4386	0.5111	0.3778	0.08
0.4678	0.4551	0.4994	0.399	0.3358	0.49	0.5227	0.4545	0.0612
0.4697	0.4785	0.5	0.4041	0.3941	NA	0.5122	0.2857	0
0.4609	0.4674	0.4965	0.3681	0.3712	0.27	0.4878	0.3902	0.02
0.453	0.455	0.4861	0.3546	0.3447	0.4525	0.5641	0.4872	0.4359
0.4647	0.4728	0.4995	0.406	0.4049	0.49	0.6667	0.4444	0.0488
0.44	0.4357	0.4889	0.3575	0.3329	0.478	0.8571	0.7619	1.0476
0.4438	0.4613	0.4992	0.348	0.3837	0.49	0.7	0.5667	0.0833
0.4474	0.4695	0.4946	0.3505	0.4032	0.4146	0.6444	0.5111	0.0741
0.47	0.4757	0.4948	0.4018	0.398	0.4737	0.4884	0.3488	0.2558
0.4457	0.4336	0.4978	0.3787	0.3055	0.4705	0.931	0.6552	0.0811
0.4689	0.498	0.4998	0.4125	0.4818	0.49	0.6047	0.1224	0.0204
0.4499	0.4385	0.4814	0.3763	0.3445	0.4547	0.7838	0.7838	0.7297
0.4534	0.4998	0.4962	0.4015	0.49	0.4383	1	0.0233	0.0698
0.4777	0.4985	0.4988	0.4343	0.4729	0.4821	0.5517	0.0588	0.0735
0.4724	0.4482	0.4928	0.4221	0.3439	0.4314	0.5952	0.5952	0.125
0.4545	0.4557	0.491	0.393	0.3581	0.4351	0.8333	0.5333	0.1714
0.4576	0.4522	0.493	0.3763	0.369	0.406	0.6	0.6667	0.0882
0.452	0.4443	0.4621	0.3823	0.3568	0.4032	0.7857	0.75	0.7143
0.4053	0.4216	0.4993	0.2803	0.3038	0.49	1	0.8462	0.0714
0.4456	0.4907	0.4985	0.3584	0.4715	0.4851	0.7333	0.5	0.1176
0.4713	0.4792	0.4725	0.4173	0.4137	0.389	0.5814	0.3488	0.3721
0.4688	0.4658	0.4996	0.4234	0.3624	0.49	0.7442	0.3864	0.0408
0.4674	0.4996	0.4929	0.4032	0.49	0.4362	0.5641	0.0444	0.1333
0.4571	0.4718	0.4822	0.4114	0.4419	0.4616	1.0333	1	0.9
0.4573	0.4705	0.4974	0.3974	0.4095	0.4844	0.8	0.5333	0.2059
0.4236	0.4064	0.4869	0.3708	0.3248	0.4779	1.6842	1.4211	1.4737
0.4148	0.4993	0.4994	0.3209	0.4867	0.485	1.1282	0.06	0.04
0.4474	0.4445	0.4945	0.3695	0.3702	0.4867	0.7838	0.8649	0.7027
0.4628	0.4972	0.4998	0.3777	0.4893	0.49	0.5	0.3571	0.02
0.4537	0.4721	0.4986	0.3794	0.4321	0.485	0.7143	0.75	0.1081
0.4798	0.4972	0.4911	0.4242	0.4873	0.4558	0.3947	0.2895	0.2632
0.4105	0.4483	0.4601	0.2949	0.3897	0.4165	1	1	1
0.45	0.4615	0.4991	0.3649	0.3849	0.49	0.6857	0.5714	0.0952
0.4539	0.4322	0.4918	0.3953	0.3055	0.4805	0.8824	0.6765	0.7353
0.477	0.4896	0.4986	0.4252	0.4489	0.4777	0.4808	0.2692	0.0702
0.4576	0.4974	0.4994	0.3662	0.49	0.485	0.5385	0.359	0.0455
0.4828	0.4906	0.4988	0.4437	0.4407	0.4851	0.4667	0.2	0.087
0.4594	0.485	0.4977	0.3801	0.4581	0.4364	0.5854	0.5854	0.0392
0.4488	0.4244	0.4942	0.3929	0.3355	0.4881	1.0333	1.0333	0.9667
0.4516	0.4792	0.4995	0.3864	0.4427	0.49	0.8438	0.6061	0.0513
0.4573	0.4433	0.4916	0.3733	0.2735	0.4748	0.5854	0.439	0.5122
0.4806	0.4935	0.4948	0.4475	0.3961	0.4783	0.6176	0.075	0.3235
0.4407	0.4973	0.4971	0.3794	0.4789	0.474	1.1081	0.1522	0.1304
0.4759	0.4967	0.4988	0.4144	0.4542	0.4867	0.4286	0.082	0.0984
0.4526	0.4952	0.4974	0.368	0.4864	0.4826	0.65	0.55	0.1778
0.4359	0.4983	0.4976	0.3605	0.4841	0.4735	1	0.125	0.1
0.457	0.4385	0.4937	0.3993	0.3351	0.4842	0.8333	0.7222	0.6667
0.4382	0.4209	0.4988	0.3826	0.331	0.49	1.2692	1.0769	0.1429
0.4303	0.418	0.4799	0.3532	0.287	0.4513	1.0741	0.8148	0.7407
0.4598	0.479	0.4957	0.3707	0.4377	0.4872	0.5217	0.5435	0.5217
0.4605	0.4686	0.4991	0.403	0.4063	0.4867	0.7647	0.5588	0.0698
0.4597	0.4955	0.4982	0.3388	0.4807	0.467	0.4	0.3111	0.06
0.4803	0.4715	0.4962	0.4381	0.3685	0.4534	0.5	0.32	0.0926
0.4551	0.4796	0.4955	0.4114	0.4473	0.4896	1.1333	0.6667	0.7667
0.4538	0.4639	0.4997	0.3324	0.3074	0.49	0.4615	0.2885	0.0333
0.4667	0.4744	0.4926	0.3849	0.4004	0.477	0.4615	0.3846	0.4872
0.4666	0.4838	0.4986	0.3977	0.4437	0.44	0.5429	0.4286	0.025
0.3991	0.4944	0.4957	0.2954	0.4887	0.4026	1.2609	1	0.0513
0.462	0.4611	0.497	0.4028	0.3791	0.49	0.7143	0.5429	0.4286
0.4335	0.479	0.4988	0.3435	0.4424	0.488	0.8889	0.6111	0.1136
0.4378	0.4107	0.4969	0.3738	0.3071	0.4509	1.125	1.0938	0.0698
0.4684	0.4653	0.4983	0.4125	0.3706	0.4801	0.6222	0.4222	0.098
0.4522	0.4423	0.4982	0.3814	0.309	0.4851	0.7714	0.5429	0.1364
0.4338	0.4374	0.4976	0.3528	0.3529	0.4857	0.9697	0.8788	0.2093
0.4702	0.4958	0.4977	0.4183	0.4803	0.4706	0.6279	0.2791	0.0889
0.4548	0.4862	0.4989	0.3997	0.4628	0.49	0.9167	0.6111	0.119
0.4682	0.4643	0.4868	0.4206	0.3688	0.4586	0.7297	0.4324	0.4865
0.4721	0.4787	0.4992	0.4034	0.4235	0.485	0.4516	0.4194	0.0571
0.4676	0.4639	0.4977	0.4064	0.3878	0.4831	0.5854	0.5366	0.1591
0.4592	0.4775	0.4945	0.3741	0.4102	0.4768	0.5526	0.3684	0.3158
0.4229	0.4926	0.4992	0.2998	0.48	0.4867	0.8	0.6	0.0682
0.4334	0.4532	0.4956	0.3116	0.3707	0.4896	0.6857	0.6571	0.7429
0.4719	0.4597	0.498	0.41	0.3239	0.4453	0.5	0.3636	0.0408
0.468	0.4671	0.4991	0.4064	0.3708	0.49	0.5758	0.3939	0.1026
0.4477	0.4436	0.4906	0.3866	0.3702	0.3748	0.973	0.8919	0.093
0.461	0.4746	0.4863	0.4123	0.411	0.4564	0.88	0.44	0.48
0.4421	0.4407	0.4966	0.3654	0.3168	0.466	0.881	0.5952	0.1132
0.4501	0.4876	0.4947	0.4042	0.4736	0.4848	1.2083	0.9167	0.5417
0.4622	0.4863	0.4993	0.4196	0.4634	0.49	0.9655	0.6207	0.075
0.4505	0.4388	0.4986	0.3965	0.3319	0.4861	1.0303	0.697	0.1111
0.4725	0.462	0.4936	0.4106	0.3492	0.4521	0.4889	0.4	0.1633
0.4461	0.4264	0.4984	0.404	0.3521	0.4841	1.4286	1.1786	0.1136
0.4535	0.4761	0.499	0.3854	0.4315	0.4834	0.775	0.575	0.0625
0.4639	0.4621	0.4965	0.4135	0.3476	0.4893	0.7857	0.3929	0.5
0.4647	0.4662	0.4989	0.3769	0.3878	0.4851	0.4615	0.4872	0.0833
0.4726	0.4687	0.4977	0.3711	0.3386	0.4691	0.3111	0.2889	0.0833
0.452	0.4448	0.4612	0.3722	0.2958	0.3768	0.6944	0.4722	0.5278
0.4577	0.4464	0.474	0.3846	0.3035	0.4171	0.6579	0.4737	0.5
0.4638	0.4868	0.4973	0.3969	0.4592	0.4744	0.6053	0.5	0.119
0.4716	0.4681	0.4996	0.3983	0.3494	0.49	0.4318	0.3182	0.0426
0.4799	0.4973	0.4988	0.4124	0.4728	0.4827	0.3265	0.1132	0.0755
0.4299	0.4729	0.4977	0.3526	0.437	0.4858	1.0769	0.8077	0.2
0.4523	0.4581	0.4945	0.4064	0.4079	0.4424	1.1538	0.9231	0.1111
0.4504	0.4399	0.4962	0.3387	0.3314	0.4887	0.5349	0.6744	0.5116
0.4626	0.462	0.4898	0.3898	0.3767	0.4659	0.5814	0.5116	0.4419
0.4606	0.4388	0.4974	0.3921	0.3023	0.4835	0.6486	0.5676	0.1915
0.4556	0.4789	0.4896	0.4064	0.4319	0.4744	1	0.4815	0.7037
0.4767	0.4613	0.4946	0.4403	0.3506	0.4833	0.6829	0.4146	0.4878
0.439	0.4986	0.4974	0.3785	0.4867	0.4841	1.1579	0.12	0.2
0.4581	0.468	0.4869	0.379	0.4	0.461	0.6053	0.5263	0.5263
0.4562	0.4948	0.4959	0.4063	0.4148	0.3991	0.9722	0.0714	0.0476
0.454	0.442	0.4935	0.3692	0.3185	0.4541	0.6279	0.5814	0.1731
0.4496	0.456	0.4971	0.3746	0.3732	0.4787	0.7742	0.6129	0.1622
0.4622	0.472	0.4926	0.3777	0.4148	0.4771	0.5122	0.5366	0.4878
0.4561	0.457	0.4996	0.4011	0.3924	0.49	0.8889	0.75	0.0465
0.4285	0.4402	0.4796	0.3632	0.3735	0.4547	1.2857	1.0357	0.8571
0.447	0.4452	0.4921	0.3964	0.3533	0.4812	1.1765	0.7059	0.7353
0.4505	0.4876	0.4956	0.3638	0.4355	0.487	0.6667	0.2549	0.5111
0.4792	0.4849	0.4829	0.4318	0.4514	0.442	0.4722	0.4722	0.4444
0.4614	0.4648	0.4986	0.392	0.3828	0.4867	0.6279	0.4884	0.1176
0.4535	0.4571	0.4993	0.3799	0.3676	0.485	0.7222	0.5556	0.0476
0.474	0.4735	0.4915	0.4286	0.3954	0.4683	0.619	0.381	0.381
0.4736	0.4625	0.4987	0.4112	0.306	0.4875	0.4667	0.3	0.1176
0.4523	0.4868	0.4975	0.4108	0.4713	0.4818	1.2692	0.8846	0.1622
0.4743	0.4754	0.4933	0.42	0.4108	0.43	0.5161	0.4194	0.1143
0.4463	0.4948	0.4897	0.3533	0.4849	0.4721	0.6842	0.5263	0.6053
0.4068	0.4411	0.4992	0.3374	0.3924	0.485	1.6364	1.3636	0.0588
0.4642	0.4897	0.4979	0.4067	0.4613	0.4385	0.6889	0.3778	0.0385
0.4492	0.4511	0.4896	0.3599	0.3409	0.4711	0.6667	0.5333	0.5778
0.4701	0.4536	0.4986	0.4099	0.3582	0.4801	0.5476	0.5714	0.0769
0.4921	0.4843	0.4989	0.4338	0.4174	0.485	0.1458	0.2553	0.08
0.4473	0.4343	0.4716	0.3739	0.3303	0.4288	0.8286	0.7714	0.7143
0.4595	0.4967	0.4921	0.3955	0.4631	0.3754	0.7097	0.1026	0.0769
0.4513	0.4916	0.4987	0.3947	0.4795	0.4801	0.9677	0.7097	0.0714
0.4515	0.4652	0.5	0.3802	0.3987	NA	0.7778	0.5833	0
0.4705	0.4537	0.4993	0.4131	0.3395	0.49	0.5641	0.4872	0.0714
0.4535	0.4554	0.4972	0.3421	0.3227	0.49	0.5	0.413	0.3913
0.463	0.4555	0.4955	0.3804	0.3055	0.4814	0.5116	0.3721	0.3256
0.4634	0.4742	0.4988	0.3587	0.4046	0.4802	0.4103	0.4103	0.0667
0.4598	0.4567	0.492	0.3977	0.3925	0.4789	0.7241	0.7586	0.6207
0.4585	0.4872	0.4973	0.4261	0.4673	0.4883	1.3889	0.6667	0.3
0.4663	0.4664	0.4889	0.3825	0.3378	0.4432	0.4571	0.3143	0.2571
0.4541	0.4896	0.4989	0.3971	0.4759	0.49	0.9032	0.7742	0.1212
0.4843	0.4696	0.4989	0.4486	0.3873	0.488	0.4651	0.4186	0.1042
0.4737	0.4988	0.4997	0.4258	0.4834	0.49	0.5938	0.0811	0.027
0.4252	0.4879	0.4986	0.3111	0.4685	0.4861	0.8235	0.6471	0.1136
0.4748	0.459	0.4878	0.4107	0.3215	0.4276	0.4333	0.3667	0.2188
0.4921	0.4882	0.495	0.4635	0.437	0.4405	0.2857	0.2449	0.098
0.466	0.4515	0.4982	0.4229	0.2997	0.4858	0.8571	0.4048	0.1489
0.4577	0.4372	0.4984	0.4043	0.3321	0.4867	0.8788	0.7273	0.1364
0.4666	0.4841	0.496	0.4226	0.4544	0.4895	0.8235	0.5588	0.6176
0.4402	0.4761	0.4984	0.3731	0.4462	0.486	1.0312	0.8438	0.1282
0.4584	0.478	0.496	0.3984	0.4401	0.4887	0.775	0.619	0.5476
0.4196	0.4989	0.4994	0.3283	0.49	0.49	1.0833	0.1212	0.0606
0.4647	0.4956	0.4978	0.3974	0.4366	0.4243	0.5862	0.0794	0.0317
0.4257	0.4514	0.493	0.3442	0.3949	0.4815	1.0968	0.9677	0.6176
0.4565	0.459	0.4926	0.3309	0.3688	0.4775	0.4211	0.5263	0.5
0.4145	0.4011	0.4486	0.3006	0.209	0.337	0.96	0.76	0.5556
0.4554	0.4689	0.4956	0.3672	0.3872	0.3967	0.5882	0.4314	0.05
0.4513	0.444	0.4942	0.3537	0.2873	0.4821	0.5897	0.4615	0.4872
0.4799	0.4725	0.4991	0.4177	0.3466	0.488	0.3519	0.2593	0.0862
0.4396	0.4507	0.4976	0.3774	0.385	0.4687	1.1176	0.8529	0.087
0.4581	0.4443	0.4991	0.3919	0.3171	0.49	0.7143	0.5429	0.1026
0.4786	0.475	0.4971	0.4242	0.3905	0.487	0.4259	0.3333	0.2963
0.4688	0.4699	0.4962	0.3819	0.3697	0.4842	0.4082	0.3469	0.3265
0.4525	0.4967	0.4994	0.343	0.4523	0.49	0.5192	0.0769	0.0615
0.4275	0.4362	0.4952	0.325	0.349	0.389	0.871	0.871	0.0513
0.4557	0.4468	0.495	0.3797	0.2647	0.475	0.6667	0.3889	0.2564
0.4548	0.4945	0.4921	0.4024	0.47	0.4415	0.9615	0.2333	0.1667
0.4555	0.4595	0.4934	0.3878	0.3413	0.4789	0.7436	0.4103	0.4615
0.4377	0.4222	0.4917	0.397	0.3494	0.4439	1.7222	1.2778	0.1852
0.481	0.4753	0.4995	0.4498	0.3975	0.485	0.6444	0.3556	0.0385
0.4601	0.455	0.4933	0.4036	0.3831	0.4805	0.7857	0.7143	0.5357
0.4473	0.4529	0.4971	0.3638	0.3713	0.4755	0.7381	0.6667	0.14
0.4704	0.4686	0.4967	0.4288	0.4086	0.49	0.7692	0.5769	0.5
0.4569	0.4826	0.4901	0.3677	0.4275	0.4639	0.561	0.3415	0.3902
0.4402	0.4224	0.4933	0.3499	0.2753	0.4645	0.7879	0.697	0.2432
0.4758	0.4787	0.4977	0.4028	0.3951	0.4762	0.3673	0.2857	0.1091
0.4623	0.4984	0.4983	0.3692	0.4845	0.4732	0.4694	0.1186	0.0678
0.4369	0.4293	0.4985	0.3804	0.3481	0.4851	1.28	1.04	0.1176
0.4638	0.4987	0.4992	0.4044	0.4875	0.49	0.6774	0.1212	0.0909
0.4645	0.4721	0.4955	0.3814	0.3857	0.485	0.4878	0.3659	0.439
0.4306	0.4997	0.4997	0.3441	0.49	0.49	0.963	0.0278	0.0278
0.4509	0.4585	0.4986	0.3729	0.3813	0.49	0.7273	0.6136	0.16
0.4459	0.4986	0.4985	0.3803	0.4657	0.4867	0.9459	0.0435	0.1304
0.4722	0.4975	0.497	0.4108	0.4665	0.4482	0.5	0.0851	0.0638
0.4709	0.4971	0.4978	0.4228	0.4573	0.4754	0.6571	0.0769	0.1026
0.4511	0.4581	0.4994	0.307	0.3094	0.49	0.4259	0.3519	0.0635
0.4321	0.4977	0.4959	0.3125	0.4751	0.49	0.7105	0.1042	0.7105
0.4616	0.4437	0.4986	0.3887	0.3499	0.4886	0.5952	0.7143	0.1429
0.4783	0.4874	0.4994	0.4383	0.4543	0.49	0.5778	0.4	0.0588
0.4623	0.4984	0.4979	0.3859	0.4834	0.4826	0.56	0.1071	0.1429
0.4308	0.4668	0.4871	0.3363	0.415	0.4659	0.8889	0.7037	0.6296
0.4425	0.4785	0.4987	0.3647	0.45	0.488	0.8621	0.7931	0.122
0.43	0.4373	0.4773	0.346	0.351	0.4421	1	0.8649	0.6842
0.4516	0.4625	0.4979	0.3696	0.3988	0.4784	0.6842	0.6579	0.1111
0.4696	0.4324	0.4938	0.4187	0.2861	0.481	0.65	0.6	0.5
0.4581	0.4971	0.4973	0.3486	0.4892	0.4816	0.4545	0.3636	0.175
0.455	0.4755	0.4758	0.3767	0.4322	0.4312	0.6585	0.6098	0.5854
0.4626	0.4987	0.4967	0.3956	0.4851	0.4696	0.625	0.1	0.125
0.4535	0.4993	0.4975	0.3676	0.49	0.4803	0.6286	0.0732	0.1463
0.4361	0.4484	0.4941	0.3756	0.388	0.4415	1.2188	0.9688	0.119
0.4412	0.464	0.4991	0.3685	0.402	0.4801	0.9394	0.6471	0.0476
0.4698	0.4753	0.4986	0.3735	0.365	0.4841	0.36	0.26	0.0962
0.4753	0.4878	0.4992	0.4158	0.4386	0.4834	0.4528	0.2642	0.0526
0.4668	0.4475	0.4945	0.4089	0.334	0.4837	0.6341	0.561	0.5122
0.4042	0.4077	0.487	0.3465	0.3542	0.4428	2	2.0588	0.3125
0.4715	0.4709	0.499	0.4019	0.3699	0.4768	0.4561	0.3333	0.0484
0.4599	0.4525	0.4891	0.3801	0.3677	0.4665	0.575	0.65	0.5
0.4687	0.452	0.4916	0.4108	0.3526	0.4744	0.5952	0.5714	0.5
0.4722	0.4985	0.4992	0.4392	0.488	0.485	0.9	0.1471	0.0588
0.4588	0.4978	0.4962	0.3784	0.485	0.4696	0.5862	0.1765	0.1471
0.4649	0.4422	0.4964	0.4111	0.3462	0.4629	0.7188	0.7188	0.1111
0.4456	0.488	0.4982	0.3542	0.4617	0.4821	0.7027	0.4737	0.1111
0.47	0.467	0.4994	0.4133	0.398	0.49	0.5814	0.5349	0.06
0.4597	0.4733	0.4978	0.3597	0.3965	0.4844	0.4722	0.3889	0.1667
0.4625	0.4507	0.4911	0.4046	0.3622	0.4755	0.7209	0.6512	0.5814
0.469	0.462	0.4976	0.4149	0.3673	0.4815	0.6279	0.4651	0.1509
0.4721	0.4684	0.4987	0.4158	0.3689	0.4802	0.5417	0.3673	0.0727
0.4555	0.4455	0.4974	0.4184	0.3755	0.4762	1.3103	0.8966	0.1282
0.4686	0.4649	0.4876	0.4177	0.4007	0.4638	0.6739	0.6087	0.5435
0.4476	0.4805	0.4982	0.3548	0.4427	0.4841	0.6667	0.5455	0.1282
0.4808	0.4781	0.4925	0.4434	0.4054	0.4693	0.5455	0.3333	0.3333
0.456	0.4548	0.495	0.4054	0.3891	0.4592	0.963	0.7778	0.1471
0.4413	0.4627	0.4902	0.3638	0.4144	0.4777	0.8846	0.8462	0.8077
0.4721	0.4711	0.4948	0.4093	0.4021	0.4821	0.4889	0.4667	0.4222
0.4729	0.4998	0.4994	0.4213	0.49	0.485	0.5714	0.0213	0.0426
0.4407	0.4945	0.4946	0.3461	0.4491	0.4506	0.75	0.1282	0.1282
0.4525	0.4833	0.499	0.3932	0.4642	0.4801	0.9032	0.9032	0.0526
0.4634	0.4279	0.4952	0.4223	0.2607	0.4883	0.9677	0.5806	0.7097
0.4407	0.4371	0.4937	0.3776	0.3176	0.4834	1.08	0.6538	0.6154
0.442	0.4507	0.4863	0.3701	0.3837	0.4672	0.9355	0.8387	0.7419
0.4659	0.4984	0.4986	0.3808	0.4652	0.4801	0.4571	0.0513	0.0769
0.4395	0.4379	0.4805	0.3599	0.3181	0.4545	0.8929	0.6429	0.7857
0.4613	0.4666	0.4881	0.412	0.3963	0.4676	0.8667	0.5333	0.6
0.465	0.4561	0.4872	0.3537	0.298	0.4383	0.3704	0.3519	0.2778
0.4808	0.4827	0.498	0.4369	0.4112	0.4735	0.4667	0.2667	0.0833
0.4497	0.4517	0.4994	0.3751	0.3347	0.49	0.7778	0.5	0.0682
0.4604	0.4665	0.4984	0.4067	0.4126	0.4705	0.8158	0.6842	0.0588
0.4298	0.4903	0.4957	0.342	0.4797	0.4875	0.9643	0.9286	0.5333
0.4532	0.4693	0.4995	0.3781	0.3672	0.49	0.7143	0.3478	0.0577
0.4552	0.4263	0.495	0.3819	0.2773	0.4016	0.6977	0.6512	0.06
0.47	0.4913	0.4978	0.4035	0.4733	0.4657	0.5	0.5	0.0714
0.4695	0.4672	0.4979	0.4445	0.4013	0.4841	1.2963	0.5556	0.1515
0.4604	0.4994	0.4973	0.3776	0.485	0.4717	0.5476	0.0426	0.1064
0.446	0.4985	0.4995	0.3695	0.4883	0.49	0.8182	0.1463	0.0488
0.437	0.4345	0.4957	0.334	0.3054	0.4883	0.7436	0.641	0.5897
0.4562	0.4751	0.4891	0.4053	0.436	0.4307	0.9545	0.6818	0.2
0.4808	0.4702	0.4932	0.4377	0.3666	0.4736	0.4762	0.3333	0.3571
0.4448	0.436	0.4963	0.3801	0.334	0.24	0.9762	0.7619	0.0196
0.4629	0.4692	0.4961	0.3826	0.3644	0.4616	0.5263	0.3421	0.1163
0.4698	0.4977	0.4986	0.4057	0.4768	0.4803	0.5227	0.1154	0.0769
0.4626	0.4988	0.499	0.4108	0.488	0.4875	0.7949	0.1087	0.087
0.4724	0.478	0.4945	0.4268	0.427	0.4453	0.6552	0.4667	0.1176
0.4515	0.4558	0.4956	0.3612	0.3788	0.4637	0.6286	0.6571	0.1429
0.4777	0.4794	0.499	0.4016	0.3886	0.4834	0.3256	0.2558	0.0652
0.4374	0.4974	0.4997	0.3901	0.4768	0.49	1.5	0.1316	0.0263
0.44	0.4921	0.4836	0.344	0.482	0.3824	0.75	0.8	0.1837
0.4505	0.4167	0.4811	0.4153	0.2994	0.4645	1.5455	0.9091	1.1818
0.4429	0.4993	0.4985	0.3923	0.49	0.4827	1.2759	0.0732	0.0976
0.4133	0.4979	0.4997	0.2404	0.485	0.49	0.7	0.1622	0.027
0.4706	0.4731	0.4985	0.4228	0.3652	0.4736	0.6667	0.2889	0.0612
0.4411	0.4495	0.4948	0.3506	0.3744	0.4429	0.7742	0.7742	0.1053
0.4215	0.436	0.4933	0.3246	0.319	0.4529	1	0.6774	0.175
0.4563	0.4916	0.4906	0.3904	0.4754	0.4725	0.75	0.5312	0.5312
0.4497	0.4626	0.4964	0.32	0.3877	0.424	0.4783	0.5652	0.0545
0.4714	0.4712	0.4982	0.405	0.3824	0.4757	0.4783	0.3696	0.08
0.4756	0.4743	0.4991	0.4044	0.3828	0.485	0.38	0.32	0.0678
0.4499	0.471	0.4928	0.2914	0.3959	0.4716	0.4054	0.4324	0.3514
0.4594	0.4867	0.4933	0.4058	0.4682	0.4821	0.8387	0.7419	0.6129
0.4692	0.4925	0.4987	0.4083	0.4385	0.4867	0.56	0.1481	0.1071
0.4906	0.482	0.499	0.4603	0.4399	0.49	0.3235	0.4545	0.1143
0.468	0.4996	0.499	0.4141	0.49	0.4875	0.65	0.0444	0.0889
0.4652	0.4568	0.4918	0.395	0.355	0.4767	0.5556	0.5	0.5556
0.4173	0.4979	0.499	0.3374	0.4818	0.4834	1.2581	0.1333	0.0667
0.4456	0.4585	0.493	0.3092	0.3675	0.4786	0.5	0.5294	0.5
0.4501	0.4543	0.4992	0.3671	0.3361	0.49	0.7	0.4667	0.0857
0.4873	0.4875	0.4984	0.4134	0.433	0.4857	0.1887	0.2453	0.125
0.4745	0.4616	0.4966	0.4209	0.3571	0.4867	0.5179	0.431	0.3448
0.459	0.4353	0.4921	0.404	0.2933	0.4797	0.8293	0.5854	0.6585
0.4679	0.4699	0.4905	0.4087	0.3901	0.4641	0.6	0.425	0.375
0.466	0.4967	0.4991	0.416	0.488	0.4801	0.7436	0.3846	0.0465
0.4699	0.4964	0.4993	0.4078	0.473	0.49	0.5366	0.16	0.08
0.4691	0.4954	0.4945	0.4152	0.4601	0.4296	0.6286	0.1364	0.0909
0.4525	0.4831	0.4938	0.3825	0.4554	0.4358	0.7727	0.6364	0.1132
0.4562	0.4432	0.4963	0.397	0.3544	0.4891	0.8293	0.7561	0.5122
0.4694	0.4761	0.4983	0.4311	0.4223	0.49	0.8621	0.4828	0.2
0.4569	0.476	0.4998	0.3801	0.4159	0.49	0.641	0.4359	0.0208
0.4482	0.4424	0.498	0.3749	0.3255	0.4768	0.814	0.6047	0.0962
0.4702	0.4973	0.4975	0.4039	0.4705	0.4782	0.5	0.1053	0.1316
0.4521	0.4539	0.4962	0.3643	0.3701	0.4618	0.6364	0.6364	0.1163
0.4723	0.4719	0.4992	0.4115	0.3888	0.49	0.5	0.381	0.0851
0.4293	0.4577	0.4926	0.3484	0.3888	0.4824	1.0435	0.6957	0.7391
0.4599	0.474	0.4992	0.371	0.405	0.49	0.5208	0.4167	0.0877
0.4509	0.462	0.499	0.3685	0.3665	0.4875	0.6923	0.4615	0.0909
0.4795	0.4727	0.4953	0.4204	0.3627	0.4808	0.3778	0.2889	0.3333
0.4583	0.498	0.4983	0.4025	0.4753	0.4872	0.8333	0.0909	0.1591
0.4878	0.4826	0.4974	0.4628	0.4367	0.4813	0.5106	0.4043	0.1636
0.4472	0.4522	0.4986	0.3615	0.3438	0.4827	0.7222	0.5278	0.0909
0.4701	0.4973	0.4982	0.4239	0.485	0.4777	0.7027	0.2222	0.0889
0.481	0.4844	0.4993	0.4112	0.2841	0.46	0.3	0.1	0.0192
0.4565	0.4965	0.4991	0.3597	0.4895	0.48	0.5263	0.5	0.0476
0.439	0.4319	0.4825	0.3347	0.3002	0.4567	0.7105	0.6579	0.7105
0.4357	0.4759	0.4984	0.305	0.4328	0.4823	0.6222	0.6	0.098
0.447	0.4432	0.4975	0.3921	0.3503	0.4801	1.0909	0.7273	0.1463
0.4336	0.4619	0.4817	0.2924	0.394	0.4536	0.6053	0.6316	0.6842
0.461	0.4626	0.4833	0.3992	0.3559	0.4431	0.7059	0.4118	0.4412
0.4458	0.4915	0.4984	0.3868	0.4828	0.49	1.0435	1	0.1923
0.4612	0.4992	0.4967	0.4062	0.49	0.4885	0.7812	0.0833	0.4062
0.4558	0.4947	0.4989	0.3936	0.4874	0.4875	0.8	0.7429	0.0976
0.459	0.4759	0.4912	0.4139	0.4359	0.4773	1	0.6429	0.6429
0.4704	0.4973	0.4934	0.4119	0.4882	0.4399	0.5556	0.3056	0.1316
0.4683	0.4542	0.4994	0.4068	0.3507	0.485	0.5714	0.5238	0.0408
0.48	0.4731	0.4942	0.4056	0.3425	0.4773	0.2982	0.2456	0.3509
0.4662	0.4886	0.4969	0.3805	0.4544	0.4887	0.45	0.35	0.375
0.4736	0.4739	0.4983	0.431	0.4167	0.4739	0.6667	0.5	0.0732
0.4457	0.4548	0.4885	0.3891	0.3995	0.4724	1.087	0.913	0.7391
0.4547	0.4524	0.4994	0.403	0.3838	0.49	0.9737	0.7895	0.0588
0.4652	0.4644	0.4882	0.4151	0.3878	0.4682	0.7632	0.5263	0.6053
0.4451	0.4217	0.4968	0.3972	0.3165	0.4788	1.2857	0.9286	0.1842
0.4465	0.4522	0.4964	0.3134	0.3298	0.4884	0.5	0.475	0.45
0.4614	0.4602	0.4926	0.3946	0.3706	0.4799	0.6486	0.5135	0.5946
0.4762	0.4943	0.4994	0.417	0.4756	0.48	0.4386	0.3158	0.0317
0.4435	0.4719	0.499	0.3253	0.3999	0.4802	0.587	0.4348	0.0536
0.4704	0.4993	0.4991	0.4163	0.49	0.4752	0.6	0.0784	0.0392
0.4703	0.4446	0.4985	0.4234	0.3271	0.4705	0.6889	0.5778	0.0536
0.4368	0.4945	0.4996	0.3752	0.4891	0.49	1.1818	1.0303	0.0426
0.4403	0.4996	0.4987	0.3672	0.49	0.484	0.95	0.037	0.0926
0.4585	0.4972	0.4977	0.3954	0.4753	0.4772	0.7381	0.1321	0.1132
0.442	0.4517	0.4855	0.3654	0.3689	0.4643	0.8824	0.6765	0.7059
0.4741	0.4763	0.4973	0.4239	0.3845	0.4851	0.561	0.2927	0.2273
0.4594	0.4633	0.4935	0.3885	0.3844	0.4347	0.6471	0.5294	0.119
0.454	0.4476	0.4943	0.3717	0.3395	0.4845	0.6458	0.5833	0.5833
0.482	0.4947	0.4698	0.4473	0.472	0.29	0.5476	0.2381	0.2143
0.4759	0.4621	0.4927	0.4313	0.3618	0.4736	0.5814	0.4419	0.3953
0.476	0.462	0.4987	0.4349	0.3179	0.4883	0.625	0.325	0.125
0.4448	0.4486	0.4988	0.3656	0.3758	0.4875	0.8125	0.8125	0.1081
0.4646	0.4681	0.4952	0.384	0.35	0.4828	0.5	0.32	0.4
0.4505	0.4687	0.4995	0.3737	0.4179	0.485	0.7442	0.6744	0.0357
0.4605	0.4637	0.4955	0.3811	0.3765	0.4093	0.5682	0.4773	0.0577
0.4436	0.486	0.4902	0.3518	0.4635	0.474	0.7297	0.6486	0.6216
0.4605	0.4627	0.499	0.39	0.4064	0.4801	0.6333	0.7333	0.0556
0.4517	0.4972	0.4993	0.3779	0.473	0.49	0.75	0.119	0.0714
0.4628	0.4617	0.498	0.4006	0.3531	0.4872	0.6667	0.4167	0.1842
0.4674	0.4757	0.4974	0.4078	0.4106	0.4829	0.6053	0.4103	0.186
0.4425	0.4994	0.4959	0.3836	0.49	0.4685	1.1154	0.0625	0.1562
0.4709	0.4972	0.4986	0.381	0.4676	0.4867	0.3696	0.098	0.1176
0.4294	0.4552	0.4968	0.3073	0.3794	0.4749	0.7297	0.6757	0.1522
0.476	0.4986	0.4989	0.4156	0.47	0.49	0.4359	0.0513	0.1282
0.4696	0.4505	0.4961	0.4405	0.3556	0.49	1.1154	0.6154	0.6538
0.4521	0.4993	0.4988	0.3838	0.49	0.4834	0.8	0.0769	0.0769
0.4664	0.4591	0.4886	0.4145	0.3732	0.4683	0.7097	0.5484	0.5806
0.4671	0.485	0.4792	0.4006	0.45	0.4322	0.55	0.45	0.475
0.4501	0.494	0.4925	0.3755	0.4832	0.3875	0.7692	0.5641	0.08
0.4762	0.4796	0.4963	0.4072	0.4025	0.4734	0.3824	0.2941	0.1667
0.4299	0.4471	0.4918	0.3591	0.3782	0.4832	1.1667	0.88	0.96
0.4785	0.49	0.499	0.404	0.4572	0.4851	0.32	0.32	0.0714
0.46	0.4994	0.4982	0.3695	0.485	0.4801	0.5111	0.0408	0.102
0.4576	0.4962	0.4995	0.4058	0.4786	0.48	0.9091	0.2195	0.0244
0.4663	0.4673	0.4984	0.432	0.4088	0.4652	1.0588	0.6176	0.05
0.4585	0.4813	0.4954	0.378	0.4375	0.4807	0.5909	0.4545	0.3182
0.466	0.4816	0.4961	0.4072	0.43	0.4671	0.641	0.3846	0.1395
0.4784	0.4621	0.4912	0.4365	0.364	0.4739	0.55	0.45	0.525
0.4546	0.4669	0.4969	0.3874	0.4008	0.4735	0.7674	0.5581	0.1346
0.4775	0.4794	0.4963	0.3972	0.3561	0.4681	0.3137	0.1961	0.1346
0.4385	0.4995	0.4975	0.3643	0.49	0.4784	0.9688	0.0541	0.1351
0.43	0.4396	0.4948	0.3509	0.36	0.4884	1.0541	0.8919	0.8378
0.4175	0.4505	0.4988	0.3507	0.4137	0.49	1.4762	1.4762	0.1333
0.4667	0.4662	0.4946	0.41	0.4061	0.4824	0.6486	0.6216	0.4474
0.4481	0.455	0.4881	0.3913	0.3587	0.4741	1.0323	0.5484	0.871
0.4673	0.4721	0.4944	0.3912	0.3873	0.48	0.4848	0.3714	0.4
0.4761	0.4992	0.4992	0.4155	0.4834	0.49	0.4314	0.0545	0.0909
0.4672	0.4863	0.4891	0.4012	0.4493	0.3739	0.5526	0.3902	0.1087
0.4678	0.4972	0.4918	0.3815	0.4709	0.4264	0.4242	0.1081	0.1351
0.4478	0.44	0.4982	0.3637	0.309	0.4834	0.725	0.575	0.1224
0.4563	0.4464	0.4816	0.4095	0.3639	0.4477	1.0303	0.7576	0.5758
0.4431	0.4448	0.4726	0.3604	0.3112	0.429	0.8065	0.5161	0.6774
0.4606	0.4734	0.4888	0.4026	0.4272	0.4709	0.7568	0.6216	0.6486
0.4702	0.4798	0.4938	0.3711	0.396	0.4732	0.3462	0.2692	0.3077
0.4727	0.4732	0.498	0.4238	0.4144	0.4826	0.6071	0.5	0.129
0.4645	0.4768	0.499	0.3782	0.4149	0.4801	0.4706	0.4118	0.0526
0.3996	0.4149	0.494	0.3153	0.342	0.4893	1.5	1.4091	1.2727
0.4262	0.454	0.4944	0.3273	0.3894	0.4393	0.9167	0.8056	0.1087
0.4687	0.456	0.4991	0.3955	0.2948	0.4834	0.4783	0.3478	0.0577
0.4521	0.4531	0.4997	0.3661	0.3112	0.48	0.6471	0.4118	0.0175
0.4729	0.4589	0.4989	0.41	0.3499	0.4875	0.4737	0.4474	0.093
0.4408	0.4509	0.4941	0.3697	0.3726	0.4839	0.9655	0.7241	0.5938
0.4622	0.4936	0.4984	0.335	0.47	0.4841	0.359	0.2821	0.1163
0.4518	0.4722	0.4977	0.3384	0.3978	0.4771	0.5116	0.4186	0.1154
0.458	0.4867	0.4929	0.3707	0.4535	0.4745	0.5556	0.4222	0.4
0.4505	0.4318	0.4963	0.3404	0.2731	0.4763	0.5405	0.5676	0.1915
0.4381	0.4215	0.4733	0.3659	0.2567	0.442	1	0.6471	0.9091
0.4707	0.4933	0.4985	0.3856	0.4769	0.4867	0.3902	0.4146	0.1333
0.4736	0.4671	0.4993	0.4238	0.3875	0.4801	0.5745	0.4681	0.0357
0.4547	0.4499	0.481	0.3705	0.3547	0.4473	0.6216	0.6216	0.5946
0.4457	0.4386	0.4985	0.3307	0.2667	0.4867	0.575	0.475	0.125
0.4708	0.474	0.4982	0.4175	0.4063	0.4851	0.6	0.425	0.1364
0.4744	0.4778	0.4922	0.4169	0.3989	0.4666	0.4857	0.3143	0.3143
0.4636	0.4707	0.4982	0.3947	0.3818	0.4861	0.5938	0.375	0.1471
0.4712	0.4683	0.4985	0.4269	0.387	0.4872	0.7045	0.4419	0.1373
0.4603	0.4816	0.4936	0.3478	0.4371	0.4608	0.4186	0.4419	0.2041
0.4607	0.4426	0.4943	0.4139	0.332	0.4563	0.9211	0.6316	0.1556
0.4632	0.4532	0.4982	0.3901	0.3274	0.4671	0.5682	0.4545	0.0612
0.4667	0.4639	0.4979	0.3918	0.3521	0.4786	0.5	0.381	0.1087
0.4667	0.4686	0.4992	0.4347	0.4406	0.485	1.1154	1.1923	0.0556
0.4748	0.4992	0.4973	0.4264	0.49	0.4802	0.5641	0.093	0.1628
0.4678	0.4763	0.496	0.3743	0.4017	0.4527	0.3958	0.3542	0.098
0.4535	0.4845	0.4959	0.3698	0.4519	0.4888	0.6429	0.5	0.5714
0.4278	0.4422	0.4632	0.3591	0.3809	0.4152	1.24	1.08	0.84
0.4587	0.4624	0.4945	0.3663	0.358	0.4814	0.5192	0.4231	0.4231
0.4655	0.4814	0.4865	0.3962	0.4155	0.4513	0.5577	0.3077	0.4038
0.4569	0.4987	0.4989	0.385	0.4826	0.488	0.6818	0.0833	0.1042
0.4385	0.4781	0.4958	0.3493	0.4445	0.4887	0.8205	0.6923	0.5897
0.4748	0.4977	0.495	0.4131	0.4819	0.4603	0.4474	0.15	0.15
0.4428	0.4765	0.4954	0.3747	0.4436	0.4887	0.9697	0.7576	0.697
0.4707	0.4789	0.4903	0.3932	0.4208	0.4695	0.4242	0.3939	0.4848
0.4789	0.4778	0.4961	0.4458	0.4016	0.4779	0.6765	0.3235	0.2162
0.4762	0.4582	0.4996	0.4137	0.3296	0.48	0.4186	0.3953	0.0208
0.445	0.4618	0.4964	0.3893	0.4182	0.4693	1.12	0.96	0.1389
0.4332	0.427	0.4993	0.3305	0.3023	0.4867	0.7949	0.7436	0.0556
0.4546	0.4496	0.4966	0.3942	0.3768	0.4518	0.8462	0.7949	0.08
0.4621	0.4525	0.4615	0.3771	0.3109	0.3705	0.5116	0.4186	0.4884
0.4585	0.4408	0.5	0.4206	0.3215	NA	1.1935	0.6129	0
0.459	0.4486	0.4996	0.3816	0.3375	0.49	0.6047	0.5581	0.037
0.4285	0.4423	0.4983	0.3582	0.3803	0.4821	1.2	1.0667	0.1087
0.4534	0.426	0.497	0.4	0.3175	0.31	0.975	0.85	0.0196
0.4317	0.4181	0.4992	0.3643	0.3075	0.49	1.1875	0.9375	0.093
0.4478	0.4668	0.4964	0.3687	0.4119	0.479	0.7667	0.6667	0.2105
0.4673	0.4882	0.4986	0.4155	0.4615	0.49	0.6923	0.4615	0.1667
0.472	0.4959	0.497	0.4132	0.4829	0.4888	0.5227	0.3182	0.3636
0.4701	0.4586	0.4871	0.4158	0.3469	0.4565	0.6047	0.4419	0.4419
0.4753	0.4488	0.4937	0.4302	0.331	0.4817	0.5882	0.5294	0.5294
0.4446	0.4978	0.4994	0.3501	0.4748	0.49	0.6977	0.098	0.0588
0.4641	0.4552	0.4995	0.3822	0.3405	0.48	0.5	0.4688	0.027
0.4664	0.4979	0.4987	0.4016	0.4801	0.4851	0.5789	0.119	0.0952
0.4647	0.4563	0.494	0.3983	0.3498	0.4799	0.5946	0.4865	0.4324
0.4596	0.4767	0.4947	0.4068	0.4395	0.4301	0.8462	0.6667	0.0889
