x
0.3747
0.3672
0.3788
0.3636
0.3821
0.3566
0.3596
0.366
0.3643
0.369
0.353
0.3714
0.3856
0.3707
0.3606
0.3686
0.363
0.3433
0.3782
0.3702
0.3709
0.3783
0.3504
0.3755
0.3791
0.3719
0.3754
0.3556
0.3759
0.3656
0.3443
0.3722
0.3537
0.3615
0.3571
0.3705
0.3689
0.3682
0.3684
0.3545
0.3688
0.3863
0.3522
0.3662
0.359
0.384
0.3509
0.3786
0.3715
0.3604
0.3755
0.3501
0.3822
0.3774
0.3591
0.3608
0.3641
0.3606
0.3592
0.3615
0.3526
0.375
0.3723
0.3778
0.3624
0.3812
0.3615
0.3599
0.354
0.3723
0.372
0.3604
0.3666
0.3504
0.3292
0.3605
0.3639
0.3486
0.3719
0.3605
0.3591
0.3527
0.3726
0.3484
0.3689
0.3717
0.3918
0.3655
0.3799
0.3613
0.3849
0.3578
0.3543
0.3763
0.3438
0.3834
0.3568
0.3661
0.3733
0.3835
0.3718
0.3595
0.3841
0.3642
0.3686
0.3586
0.3731
0.3682
0.365
0.3792
0.3786
0.3599
0.3538
0.3803
0.3631
0.3679
0.376
0.3588
0.3666
0.3758
0.357
0.372
0.3664
0.3605
0.3719
0.381
0.3571
0.3698
0.3756
0.3659
0.3778
0.3679
0.3489
0.341
0.3668
0.366
0.3661
0.3541
0.3697
0.3614
0.367
0.3822
0.363
0.3732
0.3603
0.3598
0.3663
0.369
0.3558
0.358
0.3382
0.37
0.3789
0.3653
0.3902
0.383
0.357
0.3593
0.3791
0.3713
0.3739
0.3624
0.3616
0.3706
0.3668
0.3768
0.3781
0.3809
0.367
0.3686
0.3552
0.3656
0.3584
0.3555
0.3621
0.3663
0.3712
0.3663
0.3594
0.3688
0.3711
0.3702
0.3638
0.3754
0.3701
0.3492
0.3601
0.3778
0.3753
0.3864
0.3465
0.3586
0.367
0.3588
0.3736
0.3647
0.3704
0.3578
0.3785
0.3681
0.3366
0.3595
0.3601
0.3651
0.3517
0.3654
0.3733
0.3713
0.3717
0.3764
0.3782
0.384
0.3429
0.3547
0.3859
0.3773
0.3616
0.3671
0.3706
0.3489
0.3641
0.3899
0.3589
0.3558
0.3605
0.3626
0.3756
0.365
0.3449
0.38
0.364
0.3718
0.3677
0.3672
0.3819
0.365
0.3819
0.3632
0.3811
0.385
0.3709
0.3512
0.376
0.3659
0.3616
0.3685
0.3505
0.3755
0.3676
0.3559
0.3642
0.3685
0.3754
0.3788
0.3759
0.3728
0.3751
0.3737
0.3748
0.3567
0.3717
0.3652
0.3499
0.3607
0.3664
0.3778
0.3495
0.347
0.3802
0.3695
0.3637
0.3678
0.3685
0.3597
0.3622
0.3715
0.3449
0.3726
0.3722
0.3585
0.3744
0.3743
0.3729
0.3631
0.3645
0.3485
0.3605
0.3681
0.3644
0.3673
0.3754
0.3645
0.3738
0.3687
0.3621
0.3614
0.364
0.3533
0.3659
0.3608
0.3658
0.3344
0.3752
0.3505
0.3629
0.3682
0.3599
0.3736
0.3763
0.3586
0.3672
0.3763
0.3651
0.3617
0.3769
0.3695
0.3465
0.3642
0.3755
0.3702
0.3764
0.3666
0.3631
0.3572
0.3792
0.3672
0.3583
0.3807
0.3491
0.3661
0.3774
0.377
0.3724
0.3611
0.3635
0.3591
0.3833
0.3749
0.3853
0.3779
0.378
0.3767
0.3635
0.3802
0.3622
0.3716
0.3782
0.3879
0.3729
0.3582
0.365
0.3403
0.3765
0.3713
0.3744
0.3687
0.3619
0.3666
0.3606
0.3612
0.358
0.3668
0.3746
0.375
0.376
0.3755
0.3474
0.3565
0.3674
0.3886
0.3794
0.3747
0.3762
0.3784
0.3685
0.362
0.3724
0.3867
0.3694
0.3634
0.3659
0.3483
0.3581
0.3598
0.3733
0.3651
0.3662
0.3515
0.3684
0.374
0.369
0.3664
0.347
0.3853
0.3679
0.3414
0.3784
0.369
0.3832
0.3594
0.3788
0.3635
0.3636
0.3742
0.3706
0.3584
0.3489
0.3731
0.3425
0.3623
0.3669
0.3649
0.3562
0.3723
0.3743
0.3693
0.3539
0.37
0.3611
0.3739
0.3725
0.3765
0.3662
0.3506
0.3616
0.3579
0.3657
0.3597
0.3781
0.3648
0.3561
0.3634
0.3411
0.3642
0.378
0.3793
0.3753
0.3643
0.3886
0.3371
0.3623
0.3802
0.3596
0.3783
0.3846
0.3709
0.3579
0.3749
0.3682
0.3733
0.3832
0.3873
0.3764
0.3564
0.3655
0.3595
0.3704
0.3448
0.3789
0.3421
0.3641
0.3525
0.3784
0.3594
0.369
0.3661
0.3688
0.3673
0.3698
0.3704
0.3806
0.3667
0.3875
0.378
0.3618
0.357
0.3725
0.353
0.3478
0.3736
0.3651
0.389
0.3782
0.3582
0.385
0.369
0.3811
0.3822
0.3461
0.3625
0.3698
0.3492
0.3612
0.3681
0.3779
0.3737
0.3656
0.3803
0.3398
0.3683
0.3628
0.3595
0.3888
0.3663
0.3436
0.3561
0.364
0.3814
0.3655
0.3774
0.3868
0.3368
0.3692
0.3603
0.3416
0.3634
0.38
0.3741
0.3736
0.3626
0.3778
0.3805
0.3815
0.3713
0.3457
0.3612
0.3651
0.3765
0.3782
0.3652
0.3628
0.3734
0.3585
0.367
0.3796
0.3722
0.361
0.3701
0.3587
0.3696
0.334
0.3495
0.3635
0.3553
0.3685
0.3559
0.3681
0.3741
0.3866
0.3825
0.3579
0.3834
0.3675
0.3738
0.3486
0.3801
0.3638
0.3839
0.3687
0.3583
0.377
0.3647
0.3647
0.3635
0.3765
0.3809
0.3631
0.3641
0.3559
0.3712
0.3862
0.3816
0.374
0.3691
0.3751
0.38
0.3633
0.3703
0.3588
0.3613
0.3628
0.3614
0.3775
0.3764
0.3655
0.3732
0.3763
0.3573
0.3611
0.3704
0.3854
0.3596
0.3798
0.3733
0.3708
0.3744
0.3678
0.3711
0.3575
0.3754
0.3647
0.3771
0.382
0.3756
0.3551
0.3788
0.3761
0.3533
0.369
0.3649
0.3615
0.3657
0.367
0.3564
0.3647
0.3546
0.3646
0.3632
0.3488
0.3637
0.3702
0.3815
0.3319
0.3504
0.3685
0.361
0.3579
0.3668
0.3758
0.3662
0.3538
0.3628
0.3719
0.3751
0.3831
0.3274
0.3526
0.3622
0.3709
0.3678
0.3722
0.369
0.3392
0.3397
0.3734
0.3668
0.3725
0.3868
0.3625
0.3589
0.3726
0.3489
0.3455
0.3789
0.3754
0.3695
0.366
0.3578
0.3737
0.3626
0.3728
0.3596
0.3679
0.333
0.362
0.3496
0.3841
0.3336
0.3809
0.3823
0.3728
0.3766
0.3811
0.3734
0.373
0.3763
0.3644
0.3654
0.3667
0.3448
0.3799
0.3883
0.3684
0.37
0.3771
0.35
0.3619
0.3921
0.3642
0.3676
0.3616
0.3611
0.3796
0.393
0.3752
0.3657
0.3674
0.365
0.3557
0.3722
0.3685
0.3734
0.3878
0.37
0.3733
0.3843
0.3554
0.3675
0.3681
0.3675
0.3764
0.3569
0.3661
0.3487
0.3768
0.3758
0.3866
0.3692
0.3496
0.3659
0.3721
0.3739
0.3842
0.3417
0.3672
0.3355
0.3746
0.3638
0.3652
0.3602
0.3839
0.3766
0.3714
0.3714
0.3654
0.3651
0.3766
0.3667
0.3738
0.3475
0.37
0.3797
0.3718
0.3637
0.3632
0.3845
0.3459
0.3602
0.3802
0.3798
0.3632
0.3574
0.3631
0.376
0.378
0.3651
0.3583
0.3644
0.3781
0.3434
0.3751
0.347
0.3619
0.3726
0.3715
0.3442
0.3712
0.361
0.3757
0.3734
0.3408
0.3568
0.3708
0.373
0.3763
0.3814
0.3727
0.3669
0.3804
0.3879
0.3552
0.3633
0.3533
0.348
0.3824
0.3755
0.3571
0.3487
0.3606
0.3693
0.3582
0.3824
0.382
0.3619
0.3734
0.363
0.3603
0.3709
0.3688
0.3521
0.3568
0.3544
0.3749
0.3493
0.3743
0.3746
0.3727
0.3664
0.3716
0.3651
0.3723
0.3581
0.3631
0.3769
0.3523
0.3669
0.36
0.3759
0.3484
0.3636
0.354
0.3463
0.3587
0.3696
0.3838
0.3831
0.3664
0.3574
0.3778
0.3684
0.3631
0.3657
0.3706
0.3614
0.3572
0.3526
0.3932
0.3451
0.3793
0.3783
0.331
0.3425
0.3601
0.3524
0.3658
0.3608
0.3747
0.3653
0.37
0.3731
0.3571
0.3638
0.3745
0.3702
0.3596
0.373
0.3693
0.3643
0.3284
0.3573
0.3741
0.3856
0.3655
0.3515
0.3788
0.3633
0.3728
0.377
0.3704
0.3758
0.3538
0.3746
0.3405
0.3347
0.3789
0.3616
0.3816
0.3747
0.3694
0.3754
0.3583
0.3429
0.3804
0.3534
0.355
0.3639
0.3752
0.3584
0.3539
0.3842
0.3786
0.3554
0.3823
0.3706
0.3836
0.3611
0.3799
0.3557
0.377
0.3657
0.3674
0.3829
0.3429
0.3416
0.3678
0.3547
0.3603
0.3764
0.3676
0.349
0.368
0.3571
0.3682
0.3613
0.3622
0.3697
0.3501
0.3599
0.3692
0.3592
0.3727
0.3616
0.383
0.3429
0.3553
0.3297
0.3808
0.3783
0.3603
0.3724
0.3401
0.3731
0.3838
0.348
0.3636
0.3733
0.3658
0.3482
0.3757
0.3808
0.3705
0.3725
0.3584
0.3532
0.3667
0.3643
0.3686
0.3833
0.3534
0.3592
0.3691
0.3641
0.3691
0.3546
0.3681
0.3589
0.3407
0.3754
0.3649
0.3664
0.372
0.3654
0.3627
0.3682
0.371
0.3613
0.373
0.3681
0.3548
0.3761
0.3551
0.3578
0.388
0.363
0.3683
0.3533
0.3745
0.3235
0.3698
0.3667
0.3884
0.3611
0.365
0.3669
0.3731
0.3467
0.376
0.3443
0.3661
0.3651
0.3703
0.3914
0.3655
0.3532
0.3438
0.3697
0.3464
0.3556
0.3697
0.3698
0.3609
0.3779
0.3737
0.379
0.3844
0.3541
0.3553
0.3686
0.3842
0.37
0.3479
0.3561
0.3825
0.381
0.3729
0.3589
0.3691
0.3476
0.3776
0.3781
0.378
0.3805
0.3501
0.3702
0.3979
0.3627
0.3989
0.356
0.3697
0.3606
0.3682
0.3588
0.359
0.3575
0.3818
0.3802
0.3634
0.3643
0.3964
0.3546
0.3648
0.3855
0.3741
0.3971
0.3807
0.3755
0.3541
0.3742
0.3771
0.3626
0.3596
0.3335
0.3781
0.3802
0.3748
0.3648
0.3608
0.3575
0.3824
0.3688
0.3413
0.3811
0.3649
0.379
0.364
0.3818
0.3667
0.3865
0.3545
0.3791
0.3721
0.3735
0.3714
0.3644
0.3827
0.3623
0.3513
0.3582
0.3775
0.3612
0.3691
0.3616
0.3717
0.3727
0.3846
0.3834
0.369
0.3632
0.3759
0.3608
0.3704
0.3493
0.3699
0.3987
0.3433
0.3901
0.3619
0.3616
0.3767
0.383
0.3806
0.3589
0.3812
0.3672
0.3755
0.3671
0.3882
0.3716
0.3655
0.3863
0.3971
0.3643
0.3503
0.3696
0.3754
0.3695
0.3976
0.357
0.3612
0.3797
0.3538
0.3742
0.3587
0.3819
0.3693
0.374
0.3901
0.3823
0.375
0.3727
0.3811
0.358
0.3715
0.3847
0.3897
0.3663
0.3574
0.3638
0.3766
0.3587
0.3759
0.3836
0.3681
0.3751
0.3653
0.3903
0.37
0.3726
0.3579
0.3715
0.3503
0.3709
0.3801
0.373
0.3749
0.389
0.3772
0.3586
0.3807
0.3738
0.365
0.3797
0.3579
0.372
0.3694
0.3759
0.3764
0.3698
0.3581
0.3733
0.3719
0.3682
0.3694
0.3648
0.3917
0.3638
0.3789
0.3991
0.3604
0.3759
0.3569
0.3966
0.3653
0.3815
0.3593
0.3416
0.3705
0.3615
0.3853
0.3577
0.3458
0.3504
0.3478
0.3587
0.3614
0.3658
0.37
0.3626
0.3576
0.3924
0.3468
0.3609
0.362
0.3586
0.3647
0.3515
0.3641
0.3638
0.3761
0.3863
0.3833
0.3815
0.3473
0.3658
0.3819
0.3849
0.3528
0.3967
0.3741
0.3569
0.3619
0.3871
0.3718
0.3557
0.3646
0.3621
0.3824
0.3722
0.3956
0.3754
0.3988
0.3637
0.359
0.374
0.3781
0.382
0.3807
0.3667
0.3719
0.3547
0.3688
0.3541
0.3682
0.3717
0.3646
0.3799
0.365
0.3674
0.3654
0.3514
0.3895
0.367
0.3846
0.3629
0.3802
0.3706
0.3759
0.3751
0.3768
0.3639
0.3662
0.3803
0.3569
0.3707
0.3972
0.3814
0.3545
0.3777
0.3746
0.3706
0.3623
0.3748
0.397
0.353
0.3668
0.398
0.3496
0.3775
0.383
0.3465
0.379
0.3817
0.3748
0.3678
0.3661
0.356
0.364
0.3713
0.359
0.377
0.3742
0.3846
0.3564
0.3701
0.354
0.3567
0.3664
0.3509
0.3795
0.3691
0.3637
0.3283
0.378
0.3485
0.3647
0.3647
0.3563
0.3673
0.374
0.3893
0.3722
0.3607
0.367
0.3885
0.3776
0.3973
0.3484
0.3679
0.3797
0.3606
0.3742
0.3906
0.3698
0.3717
0.3984
0.3906
0.3755
0.3865
0.3495
0.3872
0.3639
0.3694
0.3761
0.3658
0.3725
0.3808
0.3784
0.3633
0.3972
0.3757
0.3791
0.3849
0.3714
0.3717
0.3746
0.3727
0.3739
0.3717
0.3595
0.3504
0.3981
0.3604
0.3628
0.3881
0.3604
0.3697
0.3629
0.3733
0.3607
0.3621
0.3627
0.3801
0.3812
0.3752
0.3713
0.3722
0.3871
0.3628
0.3639
0.398
0.3779
0.3651
0.3663
0.3971
0.3725
0.3647
0.3768
0.3841
0.3624
0.3746
0.3549
0.3618
0.3617
0.3966
0.3748
0.3606
0.3736
0.3531
0.3795
0.3849
0.3576
0.3646
0.3462
0.3825
0.3664
0.3397
0.3973
0.3662
0.3822
0.3618
0.3845
0.3656
0.398
0.3703
0.3648
0.3557
0.352
0.3787
0.3577
0.3672
0.3685
0.3986
0.3993
0.3961
0.3726
0.3714
0.3564
0.3769
0.3747
0.3772
0.3761
0.3646
0.3571
0.3379
0.3894
0.3689
0.3632
0.3499
0.3717
0.3823
0.3483
0.3583
0.3495
0.3814
0.3926
0.3659
0.3853
0.3618
0.3961
0.3372
0.3785
0.3716
0.3664
0.3931
0.3759
0.3712
0.3683
0.3602
0.3653
0.3714
0.3871
0.3889
0.3822
0.3672
0.3647
0.384
0.3945
0.3804
0.3753
0.3421
0.3391
0.3454
0.3461
0.369
0.3644
0.3989
0.3657
0.3602
0.3731
0.3708
0.3701
0.3695
0.3798
0.3883
0.3795
0.3983
0.3689
0.3513
0.3587
0.3819
0.3666
0.3845
0.3775
0.353
0.3816
0.3593
0.3831
0.3719
0.3981
0.359
0.379
0.3653
0.3987
0.3678
0.3705
0.3624
0.3572
0.3876
0.3962
0.3745
0.3713
0.3508
0.3806
0.365
0.384
0.3405
0.3882
0.3737
0.3719
0.3686
0.381
0.3593
0.365
0.3561
0.3501
0.3662
0.3903
0.3567
0.3813
0.3517
0.3645
0.3777
0.3828
0.3784
0.347
0.3621
0.3625
0.3985
0.3761
0.3723
0.3563
0.3788
0.3518
0.3662
0.3772
0.3758
0.3679
0.3774
0.3435
0.3741
0.3711
0.3476
0.3593
0.3574
0.3675
0.3985
0.3646
0.3635
0.3883
0.3848
0.387
0.3974
0.3654
0.3743
0.3493
0.3963
0.3641
0.382
0.3665
0.3562
0.3587
0.3823
0.3714
0.351
0.3794
0.3978
0.3692
0.3756
0.3731
0.382
0.3778
0.3817
0.3757
0.3579
0.3735
0.3754
0.3811
0.3571
0.3643
0.3652
0.3743
0.3657
0.3708
0.3768
0.3605
0.3783
0.3677
0.3557
0.3639
0.3644
0.3642
0.389
0.3807
0.3969
0.3654
0.3676
0.3847
0.3655
0.3803
0.3796
0.3659
0.38
0.3677
0.3808
0.3663
0.3712
0.3821
0.3882
0.3661
0.3719
0.3497
0.3398
0.3728
0.356
0.3891
0.3516
0.3609
0.376
0.3656
0.363
0.3563
0.3819
0.3376
0.3793
0.3693
0.3539
0.3527
0.3786
0.3689
0.3649
0.3804
0.3769
0.3896
0.3815
0.385
0.3273
0.3571
0.3591
0.3774
0.3578
0.3535
0.3626
0.3559
0.3456
0.3891
0.3556
0.3685
0.3795
0.3665
0.359
0.3744
0.3385
0.347
0.3903
0.3742
0.3878
0.3631
0.3558
0.3767
0.3512
0.394
0.3581
0.3624
0.3468
0.3635
0.3549
0.3811
0.3297
0.3797
0.3785
0.3762
0.3789
0.3744
0.3627
0.3837
0.3637
0.3786
0.3681
0.3985
0.3582
0.3741
0.3976
0.373
0.376
0.3797
0.3605
0.3885
0.3699
0.3585
0.3851
0.3749
0.3537
0.3764
0.3663
0.373
0.3837
0.3694
0.3709
0.3566
0.396
0.3872
0.3753
0.3683
0.3962
0.3631
0.3777
0.3615
0.3768
0.3849
0.3647
0.3924
0.3649
0.3665
0.3428
0.3761
0.3771
0.3787
0.3744
0.3461
0.3724
0.38
0.3719
0.3774
0.3402
0.3654
0.3637
0.382
0.3619
0.3887
0.3565
0.3836
0.3587
0.373
0.3621
0.3831
0.3686
0.3538
0.3967
0.3827
0.345
0.3752
0.3786
0.3756
0.3609
0.3694
0.3832
0.3445
0.3778
0.3892
0.3789
0.3602
0.3605
0.3648
0.3884
0.3607
0.3639
0.3597
0.3962
0.3786
0.3387
0.3773
0.3499
0.3642
0.3694
0.3993
0.3413
0.377
0.3977
0.3848
0.3758
0.3571
0.3985
0.3973
0.3638
0.373
0.3765
0.3749
0.393
0.3763
0.3701
0.3543
0.3944
0.3447
0.3397
0.3814
0.3605
0.3729
0.3396
0.3674
0.3813
0.365
0.3793
0.3768
0.3667
0.3808
0.3741
0.3658
0.375
0.3562
0.3974
0.3614
0.3558
0.3722
0.3973
0.3556
0.3703
0.3627
0.3965
0.362
0.3747
0.3673
0.3538
0.3726
0.3773
0.3701
0.3685
0.3639
0.367
0.3496
0.3736
0.3541
0.3777
0.3654
0.3325
0.3855
0.3843
0.3986
0.3604
0.3615
0.3703
0.3691
0.3914
0.3708
0.376
0.3531
0.348
0.3768
0.3533
0.3744
0.3741
0.3299
0.3832
0.3455
0.3616
0.3599
0.3592
0.3837
0.3759
0.3698
0.3785
0.3803
0.3605
0.384
0.3791
0.3635
0.3641
0.3699
0.3404
0.366
0.3344
0.3987
0.3706
0.3741
0.3489
0.3759
0.3509
0.3776
0.3757
0.3718
0.3985
0.3472
0.3663
0.3414
0.3467
0.3735
0.3577
0.3786
0.3755
0.3752
0.3603
0.3624
0.3467
0.3767
0.3558
0.3623
0.3886
0.3575
0.3678
0.3977
0.3781
0.3828
0.3609
0.3835
0.3768
0.3702
0.3992
0.372
0.3739
0.3812
0.3634
0.3666
0.3981
0.3431
0.3714
0.3651
0.3496
0.3515
0.3835
0.3666
0.3591
0.3798
0.3594
0.3775
0.3617
0.3623
0.3722
0.3474
0.3621
0.367
0.3628
0.3729
0.3725
0.3982
0.3544
0.3503
0.3379
0.3802
0.3709
0.3976
0.3611
0.3498
0.3724
0.3841
0.3516
0.3562
0.3817
0.3469
0.347
0.3899
0.3796
0.3758
0.3621
0.3617
0.3712
0.37
0.3672
0.3606
0.3676
0.3498
0.3958
0.3936
0.3657
0.354
0.3972
0.3721
0.3648
0.3434
0.3799
0.3667
0.3739
0.3643
0.3789
0.3697
0.3769
0.3606
0.3742
0.3623
0.373
0.3714
0.3769
0.3891
0.3674
0.3845
0.3534
0.3699
0.3584
0.387
0.3239
0.3614
0.3774
0.3741
0.3601
0.3779
0.3797
0.3777
0.3785
0.3725
0.3466
0.3657
0.3671
0.3668
0.3732
0.3682
0.3639
0.3962
0.3859
0.3477
0.3536
0.3741
0.3742
0.3975
0.3975
0.3928
0.3986
0.3908
0.3988
0.3951
0.3984
0.3989
0.398
0.3955
0.3804
0.3872
0.386
0.387
0.3955
0.3897
0.3975
0.3972
0.3969
0.3964
0.3786
0.397
0.3996
0.3978
0.3987
0.3931
0.396
0.3928
0.3902
0.3992
0.3977
0.3976
0.3965
0.3735
0.3998
0.394
0.3985
0.3982
0.3984
0.3904
0.3939
0.398
0.397
0.3968
0.3973
0.3571
0.3986
0.3984
0.3846
0.3898
0.3834
0.3814
0.3928
0.3981
0.3972
0.3938
0.3857
0.3962
0.3768
0.3979
0.3911
0.398
0.3796
0.3987
0.3913
0.3508
0.3729
0.3935
0.3995
0.3931
0.3806
0.376
0.3895
0.3841
0.377
0.3987
0.3986
0.4
0.3861
0.3976
0.3705
0.3986
0.3848
0.3997
0.3961
0.3971
0.3717
0.3992
0.3895
0.3959
0.3669
0.3967
0.3983
0.3981
0.3971
0.3975
0.3978
0.3956
0.3934
0.3986
0.3991
0.3944
0.3974
0.3988
0.3966
0.3911
0.3958
0.3721
0.3929
0.3981
0.3967
0.3978
0.3957
0.3977
0.3786
0.3962
0.3983
0.3967
0.3985
0.3992
0.3979
0.3585
0.399
0.3948
0.3957
0.3889
0.3982
0.3975
0.3973
0.3988
0.3957
0.397
0.3563
0.3971
0.3851
0.3642
0.3975
0.394
0.3621
0.398
0.3969
0.3869
0.3925
0.3989
0.39
0.3987
0.3755
0.3745
0.3793
0.3974
0.3854
0.3981
0.3857
0.3827
0.3975
0.398
0.3968
0.388
0.3775
0.3881
0.3981
0.358
0.3835
0.3967
0.3864
0.3974
0.3988
0.3978
0.3737
0.3981
0.3969
0.3983
0.3952
0.3855
0.37
0.3989
0.398
0.3945
0.3985
0.3988
0.3976
0.3837
0.3636
0.3889
0.3968
0.3981
0.3982
0.3981
0.3889
0.398
0.3955
0.3963
0.3762
0.3903
0.3988
0.3921
0.3876
0.3782
0.3964
0.3796
0.398
0.394
0.3968
0.3863
0.3953
0.3982
0.3982
0.3973
0.3975
0.3811
0.3984
0.3449
0.3888
0.394
0.3998
0.3988
0.3959
0.3648
0.3743
0.3968
0.3973
0.397
0.3632
0.3986
0.3979
0.3987
0.3968
0.3976
0.3977
0.3976
0.384
0.3984
0.3989
0.3777
0.3991
0.3923
0.396
0.3818
0.3977
0.3924
0.3973
0.3806
0.3982
0.3892
0.3941
0.3986
0.3983
0.3966
0.3984
0.3889
0.3962
0.3987
0.3983
0.3932
0.3864
0.3968
0.3973
0.3887
0.3978
0.3872
0.3929
0.3976
0.3921
0.3962
0.3964
0.3879
0.3982
0.3993
0.3754
0.3891
0.3935
0.3967
0.3702
0.3908
0.3982
0.397
0.3932
0.3977
0.3578
0.3991
0.3963
0.3963
0.3966
0.3982
0.3973
0.3687
0.3924
0.396
0.3978
0.3929
0.3978
0.3978
0.3931
0.398
0.3973
0.3984
0.3981
0.3997
0.3987
0.3964
0.3833
0.3967
0.3868
0.3982
0.3984
0.39
0.3968
0.3885
0.3974
0.3967
0.3997
0.3991
0.399
0.3987
0.3973
0.3974
0.3899
0.3981
0.3815
0.3997
0.3961
0.3906
0.3989
0.3978
0.3969
0.3962
0.3986
0.3602
0.3992
0.3887
0.3895
0.3977
0.3975
0.3743
0.3955
0.3972
0.3592
0.3983
0.3982
0.3985
0.3956
0.398
0.3874
0.3988
0.3977
0.3988
0.3914
0.3889
0.3934
0.398
0.3848
0.3982
0.3995
0.3889
0.3963
0.3689
0.3704
0.3974
0.3946
0.3974
0.3966
0.3974
0.3975
0.392
0.3968
0.3518
0.3975
0.3693
0.3984
0.3956
0.3724
0.3998
0.3929
0.3988
0.3992
0.3971
0.3963
0.3978
0.3973
0.3926
0.3876
0.3973
0.3982
0.389
0.3931
0.3942
0.3958
0.3731
0.3992
0.3983
0.3956
0.3849
0.3986
0.396
0.3771
0.3959
0.3985
0.3877
0.3961
0.3975
0.3941
0.3976
0.3887
0.3974
0.3983
0.3979
0.3926
0.3977
0.386
0.3854
0.3635
0.3975
0.3975
0.3817
0.3971
0.3977
0.3968
0.3656
0.3959
0.3953
0.3874
0.3643
0.3976
0.3983
0.3882
0.3969
0.364
0.3994
0.3964
0.3768
0.3891
0.3824
0.3963
0.3905
0.3979
0.3994
0.3799
0.397
0.3835
0.3994
0.3972
0.3608
0.3966
0.3844
0.3915
0.3968
0.3887
0.3924
0.3947
0.3961
0.3959
0.398
0.3976
0.389
0.3877
0.3985
0.3864
0.3989
0.3977
0.3637
0.3982
0.3947
0.3796
0.3603
0.3922
0.3913
0.3675
0.3962
0.393
0.386
0.3972
0.3632
0.3955
0.3926
0.3962
0.3971
0.3867
0.3943
0.3811
0.3949
0.3952
0.3984
0.3973
0.3987
0.3814
0.3982
0.3991
0.3984
0.3975
0.39
0.3984
0.3964
0.3955
0.3979
0.3983
0.3893
0.3966
0.395
0.3982
0.3986
0.3864
0.3981
0.3981
0.3978
0.3959
0.3818
0.3964
0.3898
0.3983
0.3731
0.3638
0.3983
0.3874
0.3895
0.3965
0.395
0.398
0.3911
0.3974
0.3985
0.3987
0.3856
0.3826
0.3973
0.3973
0.3802
0.3968
0.3984
0.3975
0.3993
0.399
0.368
0.3898
0.3944
0.3918
0.396
0.3976
0.3981
0.3874
0.3973
0.3557
0.3915
0.3973
0.3836
0.3897
0.3856
0.3977
0.4
0.3984
0.3977
0.3981
0.37
0.3985
0.3977
0.399
0.3966
0.3858
0.39
0.3962
0.3978
0.39
0.3929
0.3952
0.3802
0.399
0.3987
0.3824
0.3997
0.3991
0.3916
0.3945
0.3993
0.3967
0.3991
0.3968
0.398
0.3876
0.3881
0.3886
0.387
0.3743
0.3986
0.3986
0.397
0.397
0.3929
0.3976
0.3985
0.3811
0.399
0.3977
0.3872
0.3985
0.3968
0.3891
0.398
0.3982
0.3971
0.3892
0.398
0.399
0.3941
0.3906
0.3882
0.3982
0.3875
0.3987
0.3948
0.3745
0.3963
0.3855
0.3966
0.3971
0.3985
0.3961
0.3983
0.3896
0.3962
0.3962
0.393
0.394
0.3572
0.3879
0.3917
0.398
0.3972
0.3888
0.3976
0.3986
0.3978
0.399
0.3832
0.3993
0.3964
0.34
0.343
0.3993
0.3971
0.3966
0.3989
0.363
0.3551
0.3855
0.3982
0.3979
0.3808
0.3981
0.3971
0.3953
0.398
0.3547
0.3988
0.3962
0.3903
0.3996
0.3769
0.3697
0.3961
0.3969
0.3933
0.3808
0.3915
0.3974
0.3683
0.3985
0.3981
0.3817
0.3984
0.3832
0.3992
0.392
0.3988
0.3974
0.3966
0.3978
0.3679
0.3976
0.3987
0.3853
0.3954
0.3986
0.3975
0.3978
0.3932
0.3849
0.3962
0.3989
0.3731
0.3911
0.3964
0.3876
0.3924
0.3904
0.3966
0.3983
0.3982
0.3987
0.3718
0.3987
0.397
0.38
0.3963
0.3987
0.3804
0.3919
0.3973
0.3969
0.3965
0.398
0.3981
0.3973
0.3979
0.3958
0.3969
0.3943
0.398
0.3984
0.365
0.3858
0.3957
0.3879
0.398
0.3986
0.3971
0.3971
0.3915
0.3958
0.3984
0.39
0.3943
0.3865
0.3912
0.3977
0.398
0.3897
0.399
0.3969
0.3846
0.3967
0.3961
0.3895
0.3962
0.3985
0.3967
0.3955
0.398
0.389
0.3923
0.3959
0.3976
0.3983
0.3806
0.3958
0.3994
0.399
0.3973
0.3981
0.3965
0.3969
0.3854
0.3782
0.3966
0.3911
0.399
0.3949
0.3902
0.3979
0.3966
0.3969
0.3987
0.3786
0.3972
0.3969
0.3758
0.3906
0.3984
0.3895
0.3988
0.398
0.3784
0.3935
0.384
0.3977
0.3971
0.3987
0.3982
0.3992
0.3684
0.3783
0.3973
0.3981
0.3983
0.3971
0.3926
0.389
0.3962
0.3968
0.3974
0.3973
0.3876
0.396
0.3973
0.3977
0.3981
0.3976
0.3886
0.3984
0.3986
0.3993
0.3913
0.3774
0.396
0.3967
0.3867
0.3891
0.3983
0.3994
0.3853
0.383
0.3973
0.3985
0.3921
0.3842
0.3948
0.3966
0.3977
0.3885
0.389
0.3894
0.3845
0.3993
0.3893
0.3971
0.3984
0.3875
0.3974
0.3985
0.3894
0.3986
0.3985
0.3844
0.3801
0.3969
0.3691
0.3983
0.3981
0.3976
0.3976
0.3892
0.3973
0.3958
0.3982
0.3966
0.396
0.3987
0.3982
0.3847
0.3804
0.3748
0.3987
0.3992
0.3788
0.3641
0.398
0.3872
0.3977
0.3925
0.3988
0.399
0.3965
0.3811
0.3709
0.3959
0.3981
0.3962
0.3977
0.3972
0.3983
0.3889
0.3763
0.3967
0.3922
0.397
0.387
0.3927
0.3973
0.3961
0.3972
0.3987
0.3951
0.3993
0.3977
0.3972
0.382
0.3968
0.3917
0.3933
0.397
0.3935
0.3987
0.3977
0.3653
0.396
0.398
0.3976
0.3988
0.3971
0.3973
0.3989
0.3963
0.3865
0.3976
0.3831
0.3734
0.398
0.3908
0.3607
0.3912
0.3978
0.3914
0.3986
0.3986
0.3962
0.3611
0.399
0.3963
0.3851
0.372
0.3629
0.3977
0.3654
0.3967
0.3975
0.379
0.3968
0.3877
0.3969
0.3986
0.3874
0.3793
0.372
0.3582
0.3979
0.3986
0.383
0.397
0.3985
0.3873
0.3951
0.3984
0.3981
0.3985
0.3958
0.3854
0.3977
0.3959
0.3973
0.3984
0.397
0.3903
0.3989
0.3964
0.3889
0.3885
0.3933
0.3977
0.379
0.3974
0.3809
0.3968
0.3995
0.3962
0.3869
0.3908
0.3984
0.3775
0.3977
0.3974
0.3977
0.3978
0.3893
0.3938
0.3909
0.3983
0.3992
0.3977
0.3858
0.3757
0.397
0.3967
0.3898
0.3989
0.3971
0.3955
0.3862
0.3653
0.3973
0.391
0.3761
NA
NA
NA
NA
NA
NA
NA
NA
NA
NA
NA
NA
NA
NA
NA
NA
NA
NA
NA
NA
NA
NA
NA
NA
NA
NA
NA
NA
NA
NA
NA
NA
NA
NA
NA
NA
NA
NA
NA
NA
NA
NA
NA
NA
NA
NA
NA
NA
NA
NA
NA
NA
NA
NA
NA
NA
NA
NA
NA
NA
NA
NA
NA
NA
NA
NA
NA
NA
NA
NA
NA
NA
NA
NA
NA
NA
NA
NA
NA
NA
NA
NA
NA
NA
NA
NA
NA
NA
NA
NA
NA
NA
NA
NA
NA
NA
NA
NA
NA
NA
NA
NA
NA
NA
NA
NA
NA
NA
NA
NA
NA
NA
NA
NA
NA
NA
NA
NA
NA
NA
NA
NA
NA
NA
NA
NA
NA
NA
NA
NA
NA
NA
NA
NA
NA
NA
NA
NA
NA
NA
NA
NA
NA
NA
NA
NA
NA
NA
NA
NA
NA
NA
NA
NA
NA
NA
NA
NA
NA
NA
NA
NA
NA
NA
NA
NA
NA
NA
NA
NA
NA
NA
NA
NA
NA
NA
NA
NA
NA
NA
NA
NA
NA
NA
NA
NA
NA
NA
NA
NA
NA
NA
NA
NA
NA
NA
NA
NA
NA
NA
NA
NA
NA
NA
NA
NA
NA
NA
NA
NA
NA
NA
NA
NA
NA
NA
NA
NA
NA
NA
NA
NA
NA
NA
NA
NA
NA
NA
NA
NA
NA
NA
NA
NA
NA
NA
NA
NA
NA
NA
NA
NA
NA
NA
NA
NA
NA
NA
NA
NA
NA
NA
NA
NA
NA
NA
NA
NA
NA
NA
NA
NA
NA
NA
NA
NA
NA
NA
NA
NA
NA
NA
NA
NA
NA
NA
NA
NA
NA
NA
NA
NA
NA
NA
NA
NA
NA
NA
NA
NA
NA
NA
NA
NA
NA
NA
NA
NA
NA
NA
NA
NA
NA
NA
NA
NA
NA
NA
NA
NA
NA
NA
NA
NA
NA
NA
NA
NA
NA
NA
NA
NA
NA
NA
NA
NA
NA
NA
NA
NA
NA
NA
NA
NA
NA
NA
NA
NA
NA
NA
NA
NA
NA
NA
NA
NA
NA
NA
NA
NA
NA
NA
NA
NA
NA
NA
NA
NA
NA
NA
NA
NA
NA
NA
NA
NA
NA
NA
NA
NA
NA
NA
NA
NA
NA
NA
NA
NA
NA
NA
NA
NA
NA
NA
NA
NA
NA
NA
NA
NA
NA
NA
NA
NA
NA
NA
NA
NA
NA
NA
NA
NA
NA
NA
NA
NA
NA
NA
NA
NA
NA
NA
NA
NA
NA
NA
NA
NA
NA
NA
NA
NA
NA
NA
NA
NA
NA
NA
NA
NA
NA
NA
NA
NA
NA
NA
NA
NA
NA
NA
NA
NA
NA
NA
NA
NA
NA
NA
NA
NA
NA
NA
NA
NA
NA
NA
NA
NA
NA
NA
NA
NA
NA
NA
NA
NA
NA
NA
NA
NA
NA
NA
NA
NA
NA
NA
NA
NA
NA
NA
NA
NA
NA
NA
NA
NA
NA
NA
NA
NA
NA
NA
NA
NA
NA
NA
NA
NA
NA
NA
NA
NA
NA
NA
NA
NA
NA
NA
NA
NA
NA
NA
NA
NA
NA
NA
NA
NA
NA
NA
NA
NA
NA
NA
NA
NA
NA
NA
NA
NA
NA
NA
NA
NA
NA
NA
NA
NA
NA
NA
NA
NA
NA
NA
NA
NA
NA
NA
NA
NA
NA
NA
NA
NA
NA
NA
NA
NA
NA
NA
NA
NA
NA
NA
NA
NA
NA
NA
NA
NA
NA
NA
NA
NA
NA
NA
NA
NA
NA
NA
NA
NA
NA
NA
NA
NA
NA
NA
NA
NA
NA
NA
NA
NA
NA
NA
NA
NA
NA
NA
NA
NA
NA
NA
NA
NA
NA
NA
NA
NA
NA
NA
NA
NA
NA
NA
NA
NA
NA
NA
NA
NA
NA
NA
NA
NA
NA
NA
NA
NA
NA
NA
NA
NA
NA
NA
NA
NA
NA
NA
NA
NA
NA
NA
NA
NA
NA
NA
NA
NA
NA
NA
NA
NA
NA
NA
NA
NA
NA
NA
NA
NA
NA
NA
NA
NA
NA
NA
NA
NA
NA
NA
NA
NA
NA
NA
NA
NA
NA
NA
NA
NA
NA
NA
NA
NA
NA
NA
NA
NA
NA
NA
NA
NA
NA
NA
NA
NA
NA
NA
NA
NA
NA
NA
NA
NA
NA
NA
NA
NA
NA
NA
NA
NA
NA
NA
NA
NA
NA
NA
NA
NA
NA
NA
NA
NA
NA
NA
NA
NA
NA
NA
NA
NA
NA
NA
NA
NA
NA
NA
NA
NA
NA
NA
NA
NA
NA
NA
NA
NA
NA
NA
NA
NA
NA
NA
NA
NA
NA
NA
NA
NA
NA
NA
NA
NA
NA
NA
NA
NA
NA
NA
NA
NA
NA
NA
NA
NA
NA
NA
NA
NA
NA
NA
NA
NA
NA
NA
NA
NA
NA
NA
NA
NA
NA
NA
NA
NA
NA
NA
NA
NA
NA
NA
NA
NA
NA
NA
NA
NA
NA
NA
NA
NA
NA
NA
NA
NA
NA
NA
NA
NA
NA
NA
NA
NA
NA
NA
NA
NA
NA
NA
NA
NA
NA
NA
NA
NA
NA
NA
NA
NA
NA
NA
NA
NA
NA
NA
NA
NA
NA
NA
NA
NA
NA
NA
NA
NA
NA
NA
NA
NA
NA
NA
NA
NA
NA
NA
NA
NA
NA
NA
NA
NA
NA
NA
NA
NA
NA
NA
NA
NA
NA
NA
NA
NA
NA
NA
NA
NA
NA
NA
NA
NA
NA
NA
NA
NA
NA
NA
NA
NA
NA
NA
NA
NA
NA
NA
NA
NA
NA
NA
NA
NA
NA
NA
NA
NA
NA
NA
NA
NA
NA
NA
NA
NA
NA
NA
NA
NA
NA
NA
NA
NA
NA
NA
NA
NA
NA
NA
NA
NA
NA
NA
NA
NA
NA
NA
NA
NA
NA
NA
NA
NA
NA
NA
NA
NA
NA
NA
NA
NA
NA
NA
NA
NA
NA
NA
NA
NA
NA
NA
NA
NA
NA
NA
NA
NA
NA
NA
NA
NA
NA
NA
NA
NA
NA
NA
NA
NA
NA
NA
NA
NA
NA
NA
NA
NA
NA
NA
NA
NA
NA
NA
NA
NA
NA
NA
NA
NA
NA
NA
NA
NA
NA
NA
NA
NA
NA
NA
NA
NA
NA
NA
NA
NA
NA
NA
NA
NA
NA
NA
NA
NA
NA
NA
NA
NA
NA
NA
NA
NA
NA
NA
NA
NA
NA
NA
NA
NA
NA
NA
NA
NA
NA
NA
NA
NA
NA
NA
NA
NA
NA
NA
NA
NA
NA
NA
NA
NA
NA
NA
NA
NA
NA
NA
NA
NA
NA
NA
NA
NA
NA
NA
NA
NA
NA
NA
NA
NA
NA
NA
NA
NA
NA
NA
NA
NA
NA
NA
NA
NA
NA
NA
NA
NA
NA
NA
NA
NA
NA
NA
NA
NA
NA
NA
NA
NA
NA
NA
NA
NA
NA
NA
NA
NA
NA
NA
NA
NA
NA
NA
NA
NA
NA
NA
NA
NA
NA
NA
NA
NA
NA
NA
NA
NA
NA
NA
NA
NA
NA
NA
NA
NA
NA
NA
NA
NA
NA
NA
NA
NA
NA
NA
NA
NA
NA
NA
NA
NA
NA
NA
NA
NA
NA
NA
NA
NA
NA
NA
NA
NA
NA
NA
NA
NA
NA
NA
NA
NA
NA
NA
NA
NA
NA
NA
NA
NA
NA
NA
NA
NA
NA
NA
NA
NA
NA
NA
NA
NA
NA
NA
NA
NA
NA
NA
NA
NA
NA
NA
NA
NA
NA
NA
NA
NA
NA
NA
NA
NA
NA
NA
NA
NA
NA
NA
NA
NA
NA
NA
NA
NA
NA
NA
NA
NA
NA
NA
NA
NA
NA
NA
NA
NA
NA
NA
NA
NA
NA
NA
NA
NA
NA
NA
NA
NA
NA
NA
NA
NA
NA
NA
NA
NA
NA
NA
NA
NA
NA
NA
NA
NA
NA
NA
NA
NA
NA
NA
NA
NA
NA
NA
NA
NA
NA
NA
NA
NA
NA
NA
NA
NA
NA
NA
NA
NA
NA
NA
NA
NA
NA
NA
NA
NA
NA
NA
NA
NA
NA
NA
NA
NA
NA
NA
NA
NA
NA
NA
NA
NA
NA
NA
NA
NA
NA
NA
NA
NA
NA
NA
NA
NA
NA
NA
NA
NA
NA
NA
NA
NA
NA
NA
NA
NA
NA
NA
NA
NA
NA
NA
NA
NA
NA
NA
NA
NA
NA
NA
NA
NA
NA
NA
NA
NA
NA
NA
NA
NA
NA
NA
NA
NA
NA
NA
NA
NA
NA
NA
NA
NA
NA
NA
NA
NA
NA
NA
NA
NA
NA
NA
NA
NA
NA
NA
NA
NA
NA
NA
NA
NA
NA
NA
NA
NA
NA
NA
NA
NA
NA
NA
NA
NA
NA
NA
NA
NA
NA
NA
NA
NA
NA
NA
NA
NA
NA
NA
NA
NA
NA
NA
NA
NA
NA
NA
NA
NA
NA
NA
NA
NA
NA
NA
NA
NA
NA
NA
NA
NA
NA
NA
NA
NA
NA
NA
NA
NA
NA
NA
NA
NA
NA
NA
NA
NA
NA
NA
NA
NA
NA
NA
NA
NA
NA
NA
NA
NA
NA
NA
NA
NA
NA
NA
NA
NA
NA
NA
NA
NA
NA
NA
NA
NA
NA
NA
NA
NA
NA
NA
NA
NA
NA
NA
NA
NA
NA
NA
NA
NA
NA
NA
NA
NA
NA
NA
NA
NA
NA
NA
NA
NA
NA
NA
NA
NA
NA
NA
NA
NA
NA
NA
NA
NA
NA
NA
NA
NA
NA
NA
NA
NA
NA
NA
NA
NA
NA
NA
NA
NA
NA
NA
NA
NA
NA
NA
NA
NA
NA
NA
NA
NA
NA
NA
NA
NA
NA
NA
NA
NA
NA
NA
NA
NA
NA
NA
NA
NA
NA
NA
NA
NA
NA
NA
NA
NA
NA
NA
NA
NA
NA
NA
NA
NA
NA
NA
NA
NA
NA
NA
NA
NA
NA
NA
NA
NA
NA
NA
NA
NA
NA
NA
NA
NA
NA
NA
NA
NA
NA
NA
NA
NA
NA
NA
NA
NA
NA
NA
NA
NA
NA
NA
NA
NA
NA
NA
NA
NA
NA
NA
NA
NA
NA
NA
NA
NA
NA
NA
NA
NA
NA
NA
NA
NA
NA
NA
NA
NA
NA
NA
NA
NA
NA
NA
NA
NA
NA
NA
NA
NA
NA
NA
NA
NA
NA
NA
NA
NA
NA
NA
NA
NA
NA
NA
NA
NA
NA
NA
NA
NA
NA
NA
NA
NA
NA
NA
NA
NA
NA
NA
NA
NA
NA
NA
NA
NA
NA
NA
NA
NA
NA
NA
NA
NA
NA
NA
NA
NA
NA
NA
NA
NA
NA
NA
NA
NA
NA
NA
NA
NA
NA
NA
NA
NA
NA
NA
NA
NA
NA
NA
NA
NA
NA
NA
NA
NA
NA
NA
NA
NA
NA
NA
NA
NA
NA
NA
NA
NA
NA
NA
NA
NA
NA
NA
NA
NA
NA
NA
NA
NA
NA
NA
NA
NA
NA
NA
NA
NA
NA
NA
NA
NA
NA
NA
NA
NA
NA
NA
NA
NA
NA
NA
NA
NA
NA
NA
NA
NA
NA
NA
NA
NA
NA
NA
NA
NA
NA
NA
NA
NA
NA
NA
NA
NA
NA
NA
NA
NA
NA
NA
NA
NA
NA
NA
NA
NA
NA
NA
NA
NA
NA
NA
NA
NA
NA
NA
NA
NA
NA
NA
NA
NA
NA
NA
NA
NA
NA
NA
NA
NA
NA
NA
NA
NA
NA
NA
NA
NA
NA
NA
NA
NA
NA
NA
NA
NA
NA
NA
NA
NA
NA
NA
NA
NA
NA
NA
NA
NA
NA
NA
NA
NA
NA
NA
NA
NA
NA
NA
NA
NA
NA
NA
NA
NA
NA
NA
NA
NA
NA
NA
NA
NA
NA
NA
NA
NA
NA
NA
NA
NA
NA
NA
NA
NA
NA
NA
NA
NA
NA
NA
NA
NA
NA
NA
NA
NA
NA
NA
NA
NA
NA
NA
NA
NA
NA
NA
NA
NA
NA
NA
NA
NA
NA
NA
NA
NA
NA
NA
NA
NA
NA
NA
NA
NA
NA
NA
NA
NA
NA
NA
NA
NA
NA
NA
NA
NA
NA
NA
NA
NA
NA
NA
NA
NA
NA
NA
NA
NA
NA
NA
NA
NA
NA
NA
NA
NA
NA
NA
NA
NA
NA
NA
NA
NA
NA
NA
NA
NA
NA
NA
NA
NA
NA
NA
NA
NA
NA
NA
NA
NA
NA
NA
NA
NA
NA
NA
NA
NA
NA
NA
NA
NA
NA
NA
NA
NA
NA
NA
NA
NA
NA
NA
NA
NA
NA
NA
NA
NA
NA
NA
NA
NA
NA
NA
NA
NA
NA
NA
NA
NA
NA
NA
NA
NA
NA
NA
NA
NA
NA
NA
NA
NA
NA
NA
NA
NA
NA
NA
NA
NA
NA
NA
NA
NA
NA
NA
NA
NA
NA
NA
NA
NA
NA
NA
NA
NA
NA
NA
NA
NA
NA
NA
NA
NA
NA
NA
NA
NA
NA
NA
NA
NA
NA
NA
NA
NA
NA
NA
NA
NA
NA
NA
NA
NA
NA
NA
NA
NA
NA
NA
NA
NA
NA
NA
NA
NA
NA
NA
NA
NA
NA
NA
NA
NA
NA
NA
NA
NA
NA
NA
NA
NA
NA
NA
NA
NA
NA
NA
NA
NA
NA
NA
NA
NA
NA
NA
NA
NA
NA
NA
NA
NA
NA
NA
NA
NA
NA
NA
NA
NA
NA
NA
NA
NA
NA
NA
NA
NA
NA
NA
NA
NA
NA
NA
NA
NA
NA
NA
NA
NA
NA
NA
NA
NA
NA
NA
NA
NA
NA
NA
NA
NA
NA
NA
NA
NA
NA
NA
NA
NA
NA
NA
NA
NA
NA
NA
NA
NA
NA
NA
NA
NA
NA
NA
NA
NA
NA
NA
NA
NA
NA
NA
NA
NA
NA
NA
NA
NA
NA
NA
NA
NA
NA
NA
NA
NA
NA
NA
NA
NA
NA
NA
NA
NA
NA
NA
NA
NA
NA
NA
NA
NA
NA
NA
NA
NA
NA
NA
NA
NA
NA
NA
NA
NA
NA
NA
NA
NA
NA
NA
NA
NA
NA
NA
NA
NA
NA
NA
NA
NA
NA
NA
NA
NA
NA
NA
NA
NA
NA
NA
NA
NA
NA
NA
NA
NA
NA
NA
NA
NA
NA
NA
NA
NA
NA
NA
NA
NA
NA
NA
NA
NA
NA
NA
NA
NA
NA
NA
NA
NA
NA
NA
NA
NA
NA
NA
NA
NA
NA
NA
NA
NA
NA
NA
NA
NA
NA
NA
NA
NA
NA
NA
NA
NA
NA
NA
NA
NA
NA
NA
NA
NA
NA
NA
NA
NA
NA
NA
NA
NA
NA
NA
NA
NA
NA
NA
NA
NA
NA
NA
NA
NA
NA
NA
NA
NA
NA
NA
NA
NA
NA
NA
NA
NA
NA
NA
NA
NA
NA
NA
NA
NA
NA
NA
NA
NA
NA
NA
NA
NA
NA
NA
NA
NA
NA
NA
NA
NA
NA
NA
NA
NA
NA
NA
NA
NA
NA
NA
NA
NA
NA
NA
NA
NA
NA
NA
NA
NA
NA
NA
NA
NA
NA
NA
NA
NA
NA
NA
NA
NA
NA
NA
NA
NA
NA
NA
NA
NA
NA
NA
NA
NA
NA
NA
NA
NA
NA
NA
NA
NA
NA
NA
NA
NA
NA
NA
NA
NA
NA
NA
NA
NA
NA
NA
NA
NA
NA
NA
NA
NA
NA
NA
NA
NA
NA
NA
NA
NA
NA
NA
NA
NA
NA
NA
NA
NA
NA
NA
NA
NA
NA
NA
NA
NA
NA
NA
NA
NA
NA
NA
NA
NA
NA
NA
NA
NA
NA
NA
NA
NA
NA
NA
NA
NA
NA
NA
NA
NA
NA
NA
NA
NA
NA
NA
NA
NA
NA
NA
NA
NA
NA
NA
NA
NA
NA
NA
NA
NA
NA
NA
NA
NA
NA
NA
NA
NA
NA
NA
NA
NA
NA
NA
NA
NA
NA
NA
NA
NA
NA
NA
NA
NA
NA
NA
NA
NA
NA
NA
NA
NA
NA
NA
NA
NA
NA
NA
NA
NA
NA
NA
NA
NA
NA
NA
NA
NA
NA
NA
NA
NA
NA
NA
NA
NA
NA
NA
NA
NA
NA
NA
NA
NA
NA
NA
NA
NA
NA
NA
NA
NA
NA
NA
NA
NA
NA
NA
NA
NA
NA
NA
NA
NA
NA
NA
NA
NA
NA
NA
NA
NA
NA
NA
NA
NA
NA
NA
NA
NA
NA
NA
NA
NA
NA
NA
NA
NA
NA
NA
NA
NA
NA
NA
NA
NA
NA
NA
NA
NA
NA
NA
NA
NA
NA
NA
NA
NA
NA
NA
NA
NA
NA
NA
NA
NA
NA
NA
NA
NA
NA
NA
NA
NA
NA
NA
NA
NA
NA
NA
NA
NA
NA
NA
NA
NA
NA
NA
NA
NA
NA
NA
NA
NA
NA
NA
NA
NA
NA
NA
NA
NA
NA
NA
NA
NA
NA
NA
NA
NA
NA
NA
NA
NA
NA
NA
NA
NA
NA
NA
NA
NA
NA
NA
NA
NA
NA
NA
NA
NA
NA
NA
NA
NA
NA
NA
NA
NA
NA
NA
NA
NA
NA
NA
NA
NA
NA
NA
NA
NA
NA
NA
NA
NA
NA
NA
NA
NA
NA
NA
NA
NA
NA
NA
NA
NA
NA
NA
NA
NA
NA
NA
NA
NA
NA
NA
NA
NA
NA
NA
NA
NA
NA
NA
NA
NA
NA
NA
NA
NA
NA
NA
NA
NA
NA
NA
NA
NA
NA
NA
NA
NA
NA
NA
NA
NA
NA
NA
NA
NA
NA
NA
NA
NA
NA
NA
NA
NA
NA
NA
NA
NA
NA
NA
NA
NA
NA
NA
NA
NA
NA
NA
NA
NA
NA
NA
NA
NA
NA
NA
NA
NA
NA
NA
NA
NA
NA
NA
NA
NA
NA
NA
NA
NA
NA
NA
NA
NA
NA
NA
NA
NA
NA
NA
NA
NA
NA
NA
NA
NA
NA
NA
NA
NA
NA
NA
NA
NA
NA
NA
NA
NA
NA
NA
NA
NA
NA
NA
NA
NA
NA
NA
NA
NA
NA
NA
NA
NA
NA
NA
NA
NA
NA
NA
NA
NA
NA
NA
NA
NA
NA
NA
NA
NA
NA
NA
NA
NA
NA
NA
NA
NA
NA
NA
NA
NA
NA
NA
NA
NA
NA
NA
NA
NA
NA
NA
NA
NA
NA
NA
NA
NA
NA
NA
NA
NA
NA
NA
NA
NA
NA
NA
NA
NA
NA
NA
NA
NA
NA
NA
NA
NA
NA
NA
0.3614
0.2797
0.2486
0.3086
0.2079
0.3333
0.3812
0.359
0.3026
0.301
0.3977
0.3806
0.1946
0.3333
0.3333
0.3772
0.3759
0.5214
0.2604
0.3046
0.3007
0.2857
0.3766
0.2322
0.2097
0.3107
0.2788
0.3799
0.2151
0.3204
0.4777
0.3902
0.3675
0.4305
0.3742
0.2655
0.2966
0.3149
0.3226
0.4577
0.3193
0.1386
0.4392
0.4084
0.471
0.3
0.4069
0.2258
0.2718
0.5868
0.2692
0.5986
0.2229
0.3059
0.2822
0.3466
0.3352
0.4204
0.3765
0.3397
0.4653
0.3133
0.3154
0.2741
0.3043
0.1808
0.4629
0.3974
0.4848
0.3865
0.293
0.3757
0.2784
0.4422
0.5984
0.3793
0.4226
0.4522
0.25
0.3669
0.3898
0.3896
0.2595
0.4848
0.3056
0.3012
0.1726
0.3797
0.2252
0.328
0.2299
0.5556
0.3987
0.2698
0.4966
0.2987
0.4267
0.2914
0.2515
0.1742
0.3487
0.4688
0.2181
0.3081
0.32
0.3576
0.284
0.3
0.3067
0.2222
0.223
0.4188
0.5
0.2468
0.3253
0.3313
0.2121
0.4804
0.4276
0.2768
0.4094
0.3056
0.3706
0.3926
0.2404
0.2516
0.3716
0.4082
0.2613
0.3526
0.1512
0.3869
0.4
0.6026
0.2769
0.3057
0.3716
0.4718
0.2529
0.4079
0.3882
0.2638
0.3433
0.2765
0.4138
0.365
0.2971
0.2818
0.3697
0.3793
0.4925
0.3103
0.227
0.3714
0.1899
0.1649
0.4452
0.3862
0.2644
0.2273
0.3373
0.2952
0.366
0.2209
0.4233
0.1799
0.2339
0.2804
0.3422
0.3885
0.4172
0.3251
0.388
0.4015
0.4152
0.3826
0.2432
0.3333
0.3396
0.2827
0.3939
0.3523
0.372
0.3699
0.341
0.558
0.3333
0.3516
0.2848
0.3312
0.4965
0.404
0.4326
0.3396
0.2865
0.3404
0.2743
0.4016
0.3598
0.3216
0.5823
0.3354
0.3468
0.3473
0.4286
0.4297
0.3394
0.3377
0.3878
0.2775
0.28
0.2099
0.5875
0.3966
0.1366
0.2833
0.4604
0.3558
0.3103
0.4294
0.3736
0.1449
0.3504
0.4167
0.3609
0.2774
0.2012
0.319
0.5655
0.3062
0.3333
0.3077
0.3405
0.274
0.2487
0.3776
0.2395
0.3027
0.185
0.3228
0.1989
0.4124
0.3944
0.3371
0.4022
0.3239
0.4519
0.2
0.3376
0.3973
0.3133
0.3187
0.2638
0.4167
0.2321
0.2727
0.2043
0.1975
0.2147
0.3989
0.3775
0.2744
0.4595
0.3862
0.4113
0.2286
0.5157
0.549
0.2601
0.3694
0.3557
0.3803
0.3114
0.4186
0.2981
0.2671
0.5147
0.224
0.2255
0.5245
0.2721
0.2411
0.28
0.3721
0.2948
0.5041
0.3397
0.3457
0.3553
0.3354
0.2473
0.2727
0.391
0.2949
0.4065
0.3727
0.3247
0.4275
0.4752
0.366
0.2875
0.621
0.2343
0.3988
0.3922
0.4342
0.3841
0.2865
0.2359
0.3333
0.2788
0.3086
0.2714
0.3675
0.201
0.3239
0.4229
0.2826
0.2697
0.3713
0.2468
0.3184
0.3533
0.4143
0.2126
0.2692
0.3902
0.1564
0.4897
0.2727
0.2597
0.3404
0.3062
0.4155
0.3061
0.3608
0.172
0.341
0.2993
0.2453
0.3375
0.2941
0.3609
0.2326
0.2899
0.2595
0.2347
0.2542
0.4535
0.4104
0.4051
0.6504
0.3228
0.2222
0.3415
0.3553
0.4806
0.3557
0.3534
0.4318
0.4596
0.3158
0.2552
0.2948
0.3041
0.3257
0.4057
0.432
0.3378
0.1886
0.2516
0.297
0.2989
0.2251
0.3034
0.3092
0.2857
0.1808
0.3533
0.3051
0.3684
0.4276
0.3476
0.3295
0.2439
0.2781
0.3039
0.5
0.3128
0.4595
0.3966
0.3494
0.4718
0.1471
0.2787
0.5493
0.2273
0.3098
0.1676
0.4133
0.2284
0.3659
0.3824
0.2069
0.2643
0.3776
0.4161
0.2368
0.4901
0.4805
0.2831
0.35
0.4562
0.3267
0.1946
0.2737
0.5
0.3595
0.4265
0.3147
0.2715
0.28
0.4161
0.5352
0.3315
0.3832
0.2837
0.3622
0.3929
0.2632
0.3864
0.3158
0.5591
0.3216
0.2067
0.3386
0.2359
0.4741
0.1452
0.5594
0.4295
0.3356
0.3366
0.3006
0.2333
0.2924
0.38
0.3243
0.3618
0.2189
0.1579
0.1897
0.2839
0.4106
0.3667
0.4551
0.2235
0.4821
0.25
0.6554
0.5066
0.4672
0.4138
0.3294
0.4307
0.2713
0.2727
0.4863
0.3896
0.3161
0.2386
0.4733
0.2473
0.2516
0.3039
0.4667
0.2468
0.3631
0.48
0.3289
0.3162
0.1768
0.3537
0.3067
0.1717
0.4214
0.1371
0.242
0.4359
0.3846
0.2545
0.4615
0.3295
0.2545
0.3012
0.25
0.3818
0.2422
0.4444
0.3497
0.5474
0.4795
0.1592
0.2789
0.4733
0.4471
0.3471
0.25
0.3935
0.2022
0.2071
0.5571
0.3652
0.4467
0.5556
0.3743
0.2256
0.3741
0.3314
0.4961
0.3086
0.2
0.2253
0.2442
0.5217
0.3399
0.3395
0.2914
0.1953
0.3824
0.4205
0.2667
0.3648
0.3028
0.198
0.2485
0.3125
0.3951
0.4545
0.2529
0.6056
0.4645
0.3529
0.3902
0.2743
0.3869
0.3376
0.3029
0.3558
0.1651
0.3198
0.2843
0.3111
0.2471
0.5896
0.3214
0.3846
0.2215
0.2609
0.4028
0.2981
0.3232
0.2938
0.4173
0.1892
0.2543
0.3514
0.2994
0.378
0.2649
0.1908
0.1724
0.2337
0.4337
0.2324
0.2604
0.319
0.4371
0.4255
0.35
0.2866
0.3314
0.2133
0.2642
0.3533
0.3054
0.2635
0.3618
0.3875
0.351
0.2938
0.3333
0.2389
0.2951
0.3133
0.2919
0.3237
0.3476
0.3944
0.2333
0.3492
0.2203
0.2911
0.2573
0.4286
0.2548
0.25
0.5347
0.2959
0.3381
0.4024
0.4836
0.341
0.4575
0.4729
0.471
0.4853
0.3663
0.5385
0.3212
0.3248
0.1988
0.5845
0.4765
0.3459
0.3592
0.4737
0.2561
0.3778
0.36
0.35
0.3155
0.2933
0.2353
0.1795
0.5643
0.6894
0.3966
0.2486
0.3165
0.4483
0.3216
0.5214
0.5556
0.2922
0.4023
0.3073
0.2757
0.351
0.4301
0.2419
0.6164
0.4803
0.289
0.2471
0.2842
0.3312
0.4586
0.3077
0.5278
0.291
0.3974
0.3457
0.698
0.4145
0.3989
0.2057
0.5659
0.2209
0.1847
0.2814
0.2486
0.2108
0.3294
0.3907
0.2312
0.3017
0.3988
0.3556
0.4929
0.226
0.264
0.2655
0.3095
0.2
0.493
0.4753
0.1885
0.3394
0.2557
0.4405
0.5278
0.2034
0.1543
0.2814
0.3
0.3025
0.2874
0.435
0.2378
0.2517
0.2692
0.2671
0.4194
0.3576
0.2229
0.4068
0.3951
0.4069
0.3464
0.198
0.3902
0.4052
0.497
0.202
0.3547
0.173
0.2914
0.4698
0.271
0.3041
0.2919
0.2326
0.5215
0.3133
0.6408
0.2706
0.3667
0.3846
0.3314
0.1844
0.3191
0.2612
0.3562
0.36
0.3297
0.4333
0.3247
0.2412
0.4924
0.2867
0.2158
0.2623
0.4832
0.3672
0.2439
0.4674
0.3625
0.2768
0.2715
0.4253
0.3908
0.4015
0.2769
0.2431
0.2988
0.3671
0.4236
0.2366
0.5076
0.2768
0.4837
0.3701
0.3395
0.5276
0.5315
0.2486
0.3497
0.237
0.2667
0.5533
0.42
0.3375
0.288
0.2202
0.25
0.3224
0.3681
0.2679
0.1914
0.4965
0.4929
0.5185
0.5342
0.1617
0.4
0.3453
0.4638
0.3212
0.3122
0.3916
0.269
0.2083
0.3379
0.2695
0.2953
0.3118
0.2486
0.3986
0.3961
0.4702
0.4286
0.2875
0.4205
0.3379
0.2229
0.247
0.3266
0.3446
0.32
0.2316
0.4379
0.32
0.2857
0.4817
0.3089
0.3901
0.3581
0.4126
0.3073
0.3882
0.4286
0.3758
0.5252
0.1607
0.1615
0.2948
0.3613
0.2542
0.3885
0.4894
0.3314
0.2849
0.3312
0.3711
0.4535
0.1689
0.4899
0.2366
0.2222
0.6689
0.7014
0.3929
0.3926
0.4023
0.3631
0.2828
0.3267
0.3059
0.4375
0.3487
0.3622
0.2616
0.3377
0.3861
0.3757
0.2458
0.4806
0.6752
0.487
0.3146
0.2294
0.4136
0.4706
0.2601
0.4012
0.3539
0.2241
0.2189
0.1988
0.4067
0.2874
0.5606
0.6462
0.2
0.4037
0.1543
0.2933
0.2989
0.3082
0.3987
0.4962
0.1868
0.3537
0.5118
0.366
0.2763
0.3659
0.5411
0.2189
0.2333
0.4596
0.232
0.2486
0.2283
0.45
0.2849
0.3673
0.206
0.4423
0.2812
0.2486
0.5309
0.5793
0.3352
0.4713
0.422
0.271
0.2976
0.3727
0.2459
0.4204
0.3013
0.3043
0.2821
0.3077
0.5111
0.4265
0.2917
0.3333
0.3038
0.4138
0.2312
0.4823
0.3442
0.6786
0.2457
0.2927
0.3529
0.3171
0.6096
0.2831
0.2047
0.4631
0.3636
0.2948
0.4865
0.5714
0.264
0.2151
0.2701
0.2822
0.458
0.3457
0.2989
0.3208
0.3697
0.2643
0.4624
0.4615
0.3051
0.3174
0.3626
0.4452
0.284
0.3161
0.6349
0.3562
0.4632
0.2548
0.3129
0.4307
0.4545
0.378
0.3786
0.3309
0.3333
0.3171
0.5074
0.2446
0.3946
0.441
0.1429
0.4036
0.3232
0.44
0.2749
0.7008
0.3176
0.3036
0.1963
0.3509
0.4931
0.3974
0.1908
0.5037
0.2717
0.48
0.2986
0.4167
0.2606
0.1882
0.3446
0.5188
0.5212
0.3077
0.5556
0.4046
0.28
0.2299
0.3497
0.1973
0.2099
0.2457
0.118
0.3
0.3125
0.2692
0.2013
0.2092
0.3636
0.2903
0.1267
0.1812
0.1968
0.3413
0.2553
0.4322
0.2047
0.2252
0.2517
0.1371
0.3742
0.1896
0.041
0.2971
0.0058
0.352
0.2652
0.2928
0.3292
0.3636
0.3193
0.3046
0.2774
0.2316
0.3034
0.2652
0.0659
0.3379
0.2711
0.1145
0.3716
0.0326
0.3478
0.1667
0.3241
0.2039
0.2092
0.2422
0.2637
0.493
0.1867
0.1279
0.2577
0.2655
0.2784
0.3885
0.3272
0.3397
0.4167
0.2143
0.2416
0.1818
0.2733
0.1348
0.44
0.2138
0.3835
0.3152
0.2342
0.2597
0.2216
0.3108
0.5246
0.3652
0.3274
0.3101
0.1528
0.2837
0.3559
0.3613
0.1852
0.4242
0.2361
0.1512
0.2083
0.2911
0.1569
0.2742
0.2554
0.4815
0.3418
0.0197
0.449
0.0848
0.2895
0.2557
0.1726
0.1292
0.2143
0.3516
0.1649
0.2558
0.1638
0.2914
0.117
0.2579
0.3704
0.1961
0.0435
0.2716
0.3636
0.1987
0.2892
0.2108
0.0286
0.3352
0.2449
0.1453
0.3176
0.2167
0.2941
0.319
0.2198
0.2579
0.2635
0.25
0.201
0.2949
0.1802
0.3413
0.3239
0.391
0.2154
0.2539
0.3378
0.3099
0.2294
0.2961
0.2749
0.2025
0.2519
0.1647
0.3103
0.2429
0.32
0.1713
0.2909
0.3241
0.3571
0.2
0.1283
0.2229
0.1788
0.1042
0.3742
0.2552
0.1724
0.203
0.2781
0.2289
0.3856
0.2086
0.1977
0.1632
0.1919
0.2186
0.3102
0.242
0.2848
0.2118
0.2513
0.3485
0.1798
0.2752
0.2919
0.0192
0.2704
0.2304
0.2955
0.0419
0.2866
0.2105
0.2759
0.4565
0.3054
0.2791
0.1345
0.3831
0.4028
0.4503
0.3688
0.2767
0.276
0.2908
0.2
0.3023
0.2805
0.1657
0.4214
0.2767
0.2543
0.3174
0.3286
0.4297
0.2424
0.3179
0.2993
0.1092
0.1089
0.1467
0.528
0.3851
0.1585
0.2
0.4748
0.0598
0.3056
0.4259
0.2692
0.1546
0.259
0.3241
0.3018
0.2516
0.1852
0.2086
0.0588
0.1667
0.0251
0.3077
0.2973
0.2297
0.1818
0.1888
0.1796
0.2204
0.1792
0.3544
0.2312
0.2978
0.2676
0.1989
0.2312
0.2292
0.2826
0.2717
0.2739
0.3356
0.2515
0.2527
0.1024
0.3787
0.1345
0.1854
0.1604
0.172
0.1808
0.2951
0.298
0.2182
0.3046
0.2467
0.0414
0.1381
0.4843
0.3529
0.1989
0.2548
0.3356
0.3521
0.0389
0.3538
0.236
0.0345
0.4412
0.1639
0.1716
0.3986
0.25
0.1631
0.2457
0.3023
0.2139
0.2891
0.2949
0.2042
0.2697
0.1758
0.2527
0.2273
0.3269
0.2264
0.2956
0.3006
0.2273
0.3435
0.2979
0.3399
0.2981
0.5806
0.1818
0.3631
0.2857
0.2353
0.3116
0.2339
0.2103
0.2917
0.2485
0.2963
0.2286
0.2934
0.148
0.0321
0.3543
0.2228
0.2022
0.2874
0.1646
0.2346
0.2294
0.2979
0.0269
0.2143
0.378
0.1397
0.3724
0.2662
0.2323
0.3286
0.2222
0.2606
0.2
0.1925
0.1384
0.2601
0.0255
0.1615
0.2147
0.1987
0.2647
0.2326
0.284
0.1962
0.2041
0.1977
0.314
0.3806
0.0335
0.4634
0.3165
0.1556
0.2744
0.2273
0.2868
0.2819
0.2857
0.2782
0.3602
0.1667
0.2083
0.1724
0.1827
0.1761
0.3714
0.3412
0.25
0.0272
0.2453
0.3049
0.2241
0.0294
0.1966
0.2566
0.3052
0.113
0.2754
0.2147
0.3224
0.3618
0.253
0.0474
0.1932
0.3077
0.2431
0.3504
0.2682
0.2051
0.3678
0.3012
0.3662
0.1737
0.2186
0.4577
0.0309
0.288
0.1285
0.3
0.1235
0.2683
0.0266
0.2241
0.2837
0.3147
0.4099
0.1579
0.4834
0.3766
0.2289
0.0302
0.016
0.0592
0.2324
0.2235
0.3014
0.1925
0.2549
0.2222
0.1656
0.2171
0.3072
0.5211
0.2663
0.2045
0.2624
0.3469
0.3286
0.2573
0.4034
0.3684
0.5591
0.2982
0.1667
0.2698
0.1684
0.2806
0.0619
0.5069
0.302
0.2945
0.2634
0.142
0.1878
0.1977
0.34
0.2838
0.2903
0.2189
0.1156
0.0739
0.2821
0.2829
0.3289
0.1317
0.1264
0.375
0.1975
0.5135
0.4675
0.3869
0.4483
0.2824
0.223
0.0192
0.2364
0.3197
0.2258
0.2065
0.2161
0.3759
0.2363
0.2484
0.1474
0.026
0.2338
0.3185
0.4467
0.2685
0.2941
0.2025
0.2857
0.4051
0.1457
0.434
0.1257
0.1727
0.0383
0.2956
0.2121
0.3427
0.0104
0.2121
0.2156
0.2754
0.303
0.1863
0.0526
0.2202
0.2945
0.3973
0.1667
0.2449
0.4733
0.4529
0.2647
0.1908
0.2968
0.2842
0.2189
0.4714
0.2682
0.34
0.5417
0.2849
0.1343
0.2953
0.2151
0.4252
0.2577
0.1937
0.1703
0.1919
0.4275
0.3333
0.2393
0.0157
0.1775
0.2647
0.3239
0.1703
0.3522
0.2887
0.1878
0.2061
0.2898
0.241
0.3706
0.1813
0.4685
0.4
0.2647
0.3333
0.2343
0.0323
0.242
0.2514
0.319
0.1422
0.314
0.0421
0.2667
0.2286
0.4851
0.0471
0.3147
0.1572
0.2112
0.4167
0.3292
0.2485
0.2875
0.3404
0.1622
0.027
0.2267
0.2675
0.1929
0.1104
0.1645
0.1921
0.2174
0.3333
0.1838
0.2105
0.25
0.2848
0.3759
0.3478
0.2803
0.2114
0.1934
0.2264
0.2733
0.1302
0.241
0.3487
0.3188
0.3377
0.2688
0.2759
0.1333
0.0383
0.34
0.2236
0.2139
0.2927
0.2847
0.1867
0.2937
0.1243
0.2405
0.2059
0.3613
0.2595
0.1795
0.2662
0.2308
0.3309
0.3963
0.6134
0.2139
0.366
0.2672
0.4101
0.2806
0.1829
0.3265
0.2847
0.3121
0.1677
0.5352
0.3176
0.2284
0.3239
0.4403
0.2256
0.3704
0.32
0.295
0.2857
0.2267
0.1579
0.109
0.6286
0.5379
0.3
0.2312
0.3038
0.3586
0.2749
0.4255
0.4485
0.1274
0.2931
0.2
0.1737
0.2252
0.3968
0.1581
0.4422
0.4118
0.2057
0.2
0.1728
0.2597
0.4013
0.1656
0.4336
0.1414
0.351
0.3292
0.44
0.2372
0.3457
0.1272
0.5271
0.1628
0.1592
0.1538
0.1921
0.1568
0.2529
0.1739
0.25
0.2402
0.375
0.0243
0.4643
0.2466
0.0305
0.1695
0.1706
0.1824
0.3944
0.2606
0.2083
0.2727
0.2102
0.2959
0.4097
0.1921
0.2606
0.2096
0.2412
0.216
0.2471
0.3672
0.0657
0.2797
0.2088
0.2919
0.0337
0.2349
0.2171
0.2938
0.1636
0.1677
0.2222
0.105
0.3598
0.2941
0.4303
0.1869
0.239
0.1398
0.1765
0.4228
0.172
0.1871
0.1784
0.1512
0.454
0.2333
0.3179
0.1768
0.2652
0.2821
0.3543
0.162
0.305
0.1765
0.2671
0.24
0.2811
0.3133
0.0526
0.2529
0.4621
0.2171
0.1562
0.2186
0.3893
0.2712
0.1524
0.3967
0.2831
0.1477
0.2517
0.3908
0.2443
0.3409
0.1173
0.2628
0.2883
0.2785
0.0435
0.1979
0.4848
0.226
0.3571
0.2597
0.2156
0.0108
0.4054
0.2108
0.0331
0.1852
0.2056
0.3439
0.0233
0.0335
0.2408
0.2739
0.2065
0.2614
0.1736
0.1647
0.2222
0.3958
0.0506
0.4667
0.4354
0.2061
0.28
0.3022
0.4672
0.303
0.2804
0.2395
0.2515
0.1667
0.2759
0.1856
0.255
0.2294
0.1622
0.3623
0.0278
0.4405
0.3442
0.175
0.0244
0.3379
0.2166
0.2711
0.0409
0.2703
0.2346
0.226
0.3669
0.2239
0.1667
0.3273
0.2356
0.2657
0.2635
0.3846
0.2402
0.3684
0.3571
0.2883
0.5971
0.131
0.1358
0.0211
0.2774
0.3277
0.3286
0.3688
0.2069
0.2376
0.2785
0.3333
0.3779
0.2
0.4094
0.2151
0.1765
0.5298
0.5139
0.4107
0.362
0.3143
0.3274
0.1074
0.183
0.2118
0.325
0.3399
0.3307
0.1802
0.2368
0.3291
0.2804
0.1864
0.4496
0.586
0.461
0.0203
0.2235
0.1916
0.4286
0.1724
0.3195
0.3296
0.1839
0.2129
0.0227
0.3467
0.2754
0.4545
0.3893
0.1707
0.2919
0.1444
0.1533
0.1818
0.2703
0.3086
0.4887
0.1429
0.2993
0.289
0.2941
0.3289
0.297
0.0457
0.1657
0.1475
0.2716
0.1685
0.1934
0.1902
0.0169
0.1755
0.2013
0.1709
0.3019
0.3562
0.0365
0.4198
0.531
0.2514
0.3885
0.3584
0.215
0.2663
0.354
0.1913
0.3101
0.2564
0.2422
0.2615
0.1902
0.5111
0.3623
0.2294
0.2817
0.1818
0.2397
0.0406
0.4255
0.4091
0.6
0.2286
0.2317
0.0319
0.2683
0.4658
0.259
0.157
0.3467
0.2909
0.1517
0.4094
0.4381
0.1833
0.2043
0.1943
0.2883
0.2977
0.2356
0.1932
0.2893
0.2874
0.2143
0.3179
0.0581
0.1397
0.2515
0.3132
0.0575
0.1813
0.2701
0.3876
0.2209
0.3676
0.2229
0.2454
0.2128
0.2517
0.2242
0.3143
0.2721
0.3478
0.3171
0.3261
0.1739
0.2829
0.2242
0.1164
0.3735
0.189
0.3133
0.1686
0.622
0.2905
0.2143
0.215
0.2865
0.4931
0.2185
0.2197
0.4
0.25
0.3933
0.3056
0.3264
0.2394
0.1902
0.2162
0.3292
0.0508
0.2132
0.4503
0.3353
0.2171
0.2126
0.0219
0.0312
0.0963
0.016
0.1798
0.0169
0.0714
0.0294
0.0237
0.0286
0.057
0.2839
0.1
0.2517
0.1915
0.0374
0.2482
0.0435
0.0275
0.0368
0.0641
0.2189
0.0282
0.0089
0.0359
0.0208
0.1636
0.0404
0.1429
0.2541
0.0163
0.0393
0.0309
0.0592
0.2645
0.0053
0.051
0.025
0.0299
0.0248
0.253
0.1084
0.018
0.0512
0.0503
0.033
0.2966
0.0309
0.0341
0.4298
0.2527
0.4965
0.1928
0.157
0.038
0.0457
0.0681
0.3631
0.0393
0.3526
0.0412
0.2143
0.0245
0.269
0.0108
0.1299
0.3503
0.3158
0.0544
0.0053
0.135
0.3039
0.2784
0.2703
0.5
0.2333
0.0154
0.0166
0
0.3381
0.0291
0.3247
0.0302
0.4167
0.0063
0.0389
0.0337
0.2848
0.0124
0.246
0.06
0.3696
0.0486
0.0246
0.0231
0.0353
0.0351
0.026
0.0457
0.1348
0.0174
0.0136
0.1198
0.0376
0.0212
0.0294
0.1953
0.0577
0.2455
0.1765
0.0311
0.0455
0.0429
0.0536
0.022
0.2169
0.0457
0.0287
0.0373
0.0273
0.0175
0.0305
0.2941
0.0164
0.0564
0.0659
0.2905
0.0307
0.033
0.0402
0.0272
0.0374
0.0452
0.4487
0.0383
0.2124
0.3243
0.0309
0.0919
0.3026
0.0317
0.0575
0.2889
0.1529
0.0238
0.2143
0.0208
0.1547
0.2788
0.3241
0.0248
0.2138
0.0207
0.3029
0.1899
0.0573
0.0345
0.0242
0.1609
0.2071
0.2959
0.0217
0.3464
0.1718
0.0266
0.1737
0.0339
0.0215
0.0381
0.2911
0.0309
0.0315
0.0291
0.0897
0.2022
0.3289
0.0246
0.0321
0.0656
0.0246
0.0205
0.0314
0.2622
0.3061
0.0699
0.0373
0.0366
0.0204
0.0279
0.2792
0.0353
0.0503
0.0542
0.3019
0.2448
0.0196
0.1886
0.3023
0.3232
0.0312
0.3136
0.0226
0.0749
0.0417
0.331
0.0638
0.0217
0.0241
0.0361
0.0279
0.115
0.0312
0.441
0.0872
0.1257
0.0053
0.0173
0.038
0.3636
0.4012
0.0348
0.0229
0.0519
0.3472
0.0258
0.0296
0.0289
0.0385
0.0235
0.023
0.0352
0.2885
0.0198
0.0248
0.1717
0.013
0.1497
0.0348
0.1792
0.0452
0.172
0.0361
0.2676
0.0314
0.0704
0.0581
0.0316
0.0296
0.0511
0.0175
0.0843
0.0396
0.0287
0.0104
0.1345
0.1833
0.0355
0.0366
0.1638
0.0288
0.3311
0.1697
0.0287
0.1883
0.0414
0.0411
0.3354
0.0166
0.0157
0.2994
0.0988
0.1523
0.05
0.2782
0.2407
0.0345
0.0311
0.1694
0.0323
0.3356
0.0204
0.0667
0.0415
0.0415
0.0262
0.0544
0.2949
0.1762
0.0468
0.0289
0.1497
0.0238
0.0345
0.1635
0.0449
0.0278
0.0301
0.027
0.0062
0.0287
0.0517
0.5161
0.0426
0.369
0.0405
0.0294
0.259
0.0374
0.2256
0.0307
0.0337
0.0055
0.0199
0.0213
0.0192
0.0385
0.0305
0.25
0.041
0.2814
0.0058
0.055
0.2235
0.0186
0.0269
0.0302
0.043
0.0216
0.4414
0.012
0.271
0.2411
0.0287
0.0452
0.2267
0.0611
0.0417
0.2775
0.0255
0.0409
0.0331
0.0542
0.0312
0.1734
0.0256
0.0412
0.0144
0.1864
0.2965
0.0784
0.0447
0.439
0.0168
0.0104
0.2364
0.0479
0.3178
0.3221
0.0268
0.0621
0.0343
0.0423
0.039
0.0372
0.1777
0.037
0.3771
0.0474
0.25
0.0163
0.0581
0.2744
0.0052
0.1562
0.0255
0.0179
0.0359
0.0273
0.0214
0.0556
0.1852
0.3289
0.0426
0.0263
0.1546
0.1379
0.1243
0.0588
0.2295
0.0119
0.0105
0.0363
0.3803
0.0171
0.0503
0.3667
0.0432
0.0253
0.1397
0.0417
0.0417
0.0829
0.0266
0.2011
0.0577
0.0368
0.026
0.1789
0.0161
0.3766
0.1034
0.232
0.0428
0.0296
0.1568
0.0419
0.0289
0.0455
0.2843
0.0452
0.0552
0.28
0.3193
0.0291
0.028
0.3114
0.0581
0.3112
0.0121
0.038
0.3523
0.2982
0.5827
0.0492
0.1933
0.0237
0.014
0.2889
0.0361
0.5069
0.012
0.0368
0.2634
0.0378
0.2389
0.1919
0.0529
0.2432
0.1835
0.0608
0.0615
0.0852
0.0455
0.0533
0.2667
0.1377
0.0273
0.3988
0.0241
0.0339
0.4091
0.0305
0.0497
0.2941
0.2446
0.1968
0.2242
0.2925
0.0663
0.1519
0.206
0.0479
0.224
0.0393
0.1579
0.0649
0.037
0.3376
0.067
0.2416
0.0592
0.0647
0.0299
0.0437
0.0243
0.2683
0.027
0.0085
0.0219
0.0276
0.2182
0.0353
0.0466
0.0559
0.033
0.0324
0.2667
0.0298
0.0643
0.022
0.025
0.3605
0.0424
0.0429
0.0318
0.0503
0.2588
0.0364
0.236
0.0255
0.1893
0.2752
0.0204
0.36
0.1098
0.0622
0.1194
0.0349
0.2093
0.034
0.0223
0.0196
0.1257
0.1618
0.0409
0.0303
0.2778
0.0366
0.022
0.0423
0.0154
0.0052
0.3711
0.2308
0.1212
0.1647
0.0777
0.0323
0.023
0.1754
0.0353
0.3677
0.2191
0.0378
0.2229
0.2701
0.2692
0.0421
0
0.0218
0.0462
0.0327
0.2556
0.0272
0.0311
0.0209
0.0435
0.1384
0.2593
0.0549
0.0383
0.2545
0.0497
0.0549
0.1676
0.0216
0.0181
0.2739
0.0066
0.019
0.1776
0.133
0.015
0.0538
0.0202
0.0378
0.033
0.2848
0.3262
0.2927
0.293
0.2457
0.031
0.0118
0.0422
0.0347
0.0718
0.0345
0.0282
0.2914
0.0116
0.0302
0.1833
0.0335
0.061
0.0824
0.0316
0.0226
0.0366
0.1533
0.0284
0.0219
0.1235
0.1919
0.3097
0.0226
0.1667
0.0233
0.0598
0.2734
0.0464
0.3934
0.0526
0.0351
0.034
0.0491
0.0194
0.2139
0.0559
0.0467
0.0739
0.1111
0.5211
0.3118
0.189
0.025
0.0261
0.2561
0.0331
0.0251
0.0323
0.0215
0.2333
0.0109
0.0497
0.5643
0.3971
0.0151
0.0368
0.0517
0.0179
0.2281
0.4643
0.1097
0.0245
0.0256
0.1944
0.0245
0.0545
0.0433
0.0218
0.5274
0.0221
0.0695
0.2235
0.0095
0.242
0.3949
0.0419
0.0405
0.1466
0.3311
0.2121
0.0393
0.2387
0.0141
0.0331
0.5659
0.0167
0.1132
0.0167
0.2034
0.0258
0.0412
0.0407
0.0343
0.2235
0.0208
0.0146
0.3714
0.051
0.0303
0.0464
0.0278
0.1412
0.4225
0.0378
0.0238
0.3152
0.2159
0.0564
0.0872
0.1685
0.2485
0.0492
0.0272
0.0347
0.0104
0.3051
0.0202
0.051
0.1413
0.0559
0.0225
0.253
0.1829
0.0404
0.0714
0.0427
0.0237
0.0388
0.0435
0.0414
0.0476
0.0376
0.1
0.0253
0.0248
0.4228
0.1847
0.0562
0.2162
0.0437
0.0309
0.061
0.0517
0.1129
0.07
0.0118
0.2303
0.1056
0.3404
0.1912
0.0312
0.026
0.2649
0.0227
0.0468
0.1469
0.0592
0.0435
0.1632
0.0513
0.0273
0.0406
0.0694
0.037
0.247
0.1761
0.0552
0.0249
0.0206
0.2727
0.0526
0.0064
0.0221
0.0355
0.0248
0.0352
0.0556
0.209
0.3442
0.0341
0.0734
0.0161
0.0602
0.2162
0.0276
0.05
0.0561
0.0226
0.1455
0.0391
0.0425
0.1786
0.2228
0.0347
0.2361
0.0219
0.04
0.3147
0.0696
0.4148
0.0335
0.0503
0.0181
0.0392
0.0123
0.2848
0.2579
0.033
0.0168
0.0281
0.0446
0.1557
0.255
0.0524
0.0452
0.0261
0.0222
0.3333
0.0457
0.0412
0.0244
0.0424
0.0238
0.1543
0.0273
0.0309
0.0105
0.209
0.3491
0.0727
0.0299
0.3091
0.2147
0.0382
0.012
0.4126
0.2402
0.0349
0.0279
0.0806
0.4388
0.119
0.0355
0.0421
0.2903
0.2655
0.2857
0.2966
0.016
0.107
0.0465
0.0211
0.3547
0.0426
0.0276
0.2258
0.0219
0.0217
0.4861
0.1977
0.038
0.3506
0.0262
0.0323
0.0424
0.0328
0.2875
0.0389
0.0417
0.0221
0.0427
0.0578
0.0288
0.0325
0.4264
0.586
0.3961
0.0203
0.0164
0.227
0.4083
0.0273
0.3314
0.0293
0.0492
0.0226
0.0227
0.0565
0.1916
0.447
0.0461
0.0324
0.0541
0.0357
0.038
0.0319
0.277
0.2169
0.0458
0.1593
0.0429
0.3179
0.0659
0.0299
0.0659
0.04
0.0282
0.0638
0.016
0.0251
0.03
0.1838
0.0452
0.1862
0.0562
0.039
0.0936
0.0281
0.0208
0.4074
0.0578
0.0201
0.0272
0.0206
0.0261
0.0374
0.016
0.0498
0.2848
0.0485
0.2547
0.2821
0.0354
0.2039
0.3043
0.1988
0.044
0.1939
0.0131
0.0305
0.037
0.3052
0.0225
0.043
0.2378
0.2824
0.2622
0.0465
0.2108
0.0489
0.0343
0.3273
0.0529
0.349
0.0331
0.0266
0.1774
0.1875
0.2454
0.3588
0.0429
0.0259
0.1524
0.0484
0.0325
0.341
0.064
0.0209
0.0163
0.0332
0.0345
0.2544
0.0415
0.0506
0.0398
0.0195
0.052
0.2577
0.0127
0.0329
0.2545
0.2786
0.0685
0.0328
0.2169
0.0519
0.1452
0.0578
0.0057
0.041
0.3795
0.189
0.0291
0.2151
0.0422
0.0189
0.033
0.0345
0.269
0.0588
0.2053
0.0319
0.0126
0.0338
0.38
0.2569
0.0435
0.0347
0.1667
0.0244
0.0497
0.066
0.2121
0.3801
0.0471
0.2034
0.2184
