ncvFD_AFR	ncvFD_EUR	ncvFD_ASN	ncv_AFR	ncv_EUR	ncv_ASN	hka_AFR	hka_EUR	hka_ASN	tajd_AFR
0.4501	0.4494	0.495	0.3463	0.2739	0.4822	0.5743	0.3784	0.396	1.17895
0.4635	0.4618	0.4904	0.3813	0.3352	0.4598	0.5065	0.3636	0.3247	0.305992
0.466	0.4662	0.4959	0.3846	0.3196	0.4828	0.474	0.2839	0.3161	0.219282
0.4594	0.4571	0.4567	0.3584	0.3153	0.2946	0.4722	0.375	0.3403	0.878452
0.4629	0.4523	0.4848	0.3826	0.2936	0.438	0.5269	0.3832	0.3473	0.274562
0.4749	0.4765	0.497	0.4066	0.3792	0.4804	0.4059	0.2749	0.186	-0.369092
0.4494	0.4412	0.469	0.3485	0.2759	0.4	0.597	0.4667	0.5	1.12357
0.4557	0.4522	0.4965	0.3547	0.2944	0.486	0.517	0.3864	0.3352	0.981551
0.4699	0.4724	0.4906	0.4008	0.36	0.4534	0.485	0.2874	0.2635	-0.213111
0.4379	0.4382	0.4793	0.3199	0.2587	0.4364	0.651	0.4631	0.5168	1.78969
0.4443	0.4493	0.4637	0.3523	0.3262	0.3748	0.7181	0.5034	0.4698	1.04509
0.4603	0.4576	0.4729	0.3507	0.2852	0.3675	0.4286	0.3168	0.2981	1.06482
0.452	0.4448	0.4937	0.3626	0.3034	0.4801	0.6284	0.4932	0.473	0.785861
0.4647	0.4663	0.4684	0.3576	0.3222	0.3462	0.3873	0.2867	0.3077	0.886375
0.4398	0.4463	0.4969	0.3051	0.3042	0.4689	0.564	0.4767	0.1133	2.10887
0.476	0.4763	0.4921	0.3986	0.3627	0.4576	0.3465	0.2426	0.2376	-0.152981
0.4591	0.4564	0.4978	0.3826	0.3129	0.4625	0.6093	0.3775	0.0647	0.275132
0.4508	0.4466	0.4885	0.3567	0.2513	0.4191	0.6164	0.3711	0.1802	0.934916
0.4511	0.4422	0.4475	0.3461	0.2416	0.2942	0.5563	0.3974	0.4371	1.18213
0.4702	0.4645	0.4931	0.3972	0.3415	0.4676	0.4568	0.3457	0.2778	-0.115586
0.4551	0.4579	0.4953	0.3944	0.3313	0.4803	0.8333	0.4037	0.3168	-0.0412679
0.4258	0.4355	0.4909	0.31	0.3142	0.4762	0.806	0.6642	0.6343	2.01304
0.4542	0.4598	0.4688	0.3575	0.2822	0.3933	0.5563	0.2925	0.4648	0.905321
0.4594	0.4579	0.469	0.3769	0.3365	0.3386	0.5636	0.4182	0.2848	0.42428
0.4565	0.4566	0.4864	0.3892	0.2979	0.4516	0.731	0.3464	0.4118	0.0999937
0.4504	0.4478	0.4653	0.32	0.2584	0.3612	0.4691	0.3704	0.3889	1.77027
0.4654	0.4654	0.4943	0.3663	0.2984	0.4691	0.4051	0.2615	0.2335	0.688815
0.4459	0.4479	0.4938	0.3566	0.3141	0.4808	0.7134	0.4841	0.4841	0.941903
0.4629	0.4684	0.4992	0.3836	0.3589	0.4877	0.5312	0.3375	0.0743	0.248193
0.4514	0.4445	0.493	0.3528	0.3021	0.4756	0.5833	0.4936	0.4103	1.02581
0.4677	0.4644	0.4934	0.3959	0.3213	0.4695	0.5035	0.305	0.2837	-0.0803156
0.45	0.4506	0.4934	0.3437	0.2702	0.4744	0.5633	0.3608	0.3544	1.2434
0.4416	0.4417	0.4656	0.3431	0.3183	0.3908	0.7103	0.5862	0.5172	1.26496
0.442	0.4379	0.4635	0.3373	0.2985	0.3897	0.6693	0.5669	0.5591	1.38947
0.4584	0.4445	0.4941	0.3813	0.2872	0.4813	0.6165	0.4552	0.4701	0.306702
0.4428	0.4376	0.4887	0.3173	0.2463	0.4634	0.5652	0.4472	0.4658	1.84204
0.4756	0.4792	0.4797	0.4141	0.3896	0.3888	0.4341	0.2623	0.2514	-0.581859
0.4509	0.4671	0.4959	0.3597	0.3896	0.4824	0.6319	0.4792	0.3067	0.858694
0.4725	0.4699	0.4858	0.3706	0.317	0.4346	0.3106	0.2422	0.2981	0.567306
0.461	0.4988	0.4985	0.3689	0.4811	0.4759	0.4907	0.0663	0.0663	0.625064
0.4641	0.4596	0.4882	0.3834	0.333	0.4557	0.5063	0.3861	0.3797	0.25151
0.4608	0.4601	0.4703	0.3536	0.3054	0.3392	0.4308	0.3231	0.2718	1.00348
0.459	0.4587	0.495	0.3647	0.3258	0.4743	0.5067	0.38	0.2484	0.728352
0.4583	0.4618	0.491	0.3401	0.3134	0.4631	0.4233	0.319	0.3354	1.31177
0.4548	0.4631	0.4991	0.3171	0.3119	0.4856	0.4057	0.3029	0.0684	1.82668
0.4541	0.4506	0.4944	0.3641	0.3194	0.4808	0.5952	0.4643	0.4167	0.752568
0.4552	0.4481	0.4661	0.3574	0.255	0.3649	0.5385	0.3626	0.3901	0.917644
0.4527	0.4596	0.4894	0.3058	0.3152	0.4541	0.4041	0.3469	0.3151	2.0448
0.4478	0.4622	0.4982	0.3543	0.3759	0.4766	0.6597	0.5034	0.0843	0.991312
0.468	0.4647	0.4896	0.4067	0.3154	0.4576	0.5779	0.2922	0.3377	-0.377529
0.4578	0.4467	0.4958	0.365	0.2774	0.483	0.5294	0.4118	0.3298	0.728952
0.4428	0.4665	0.4912	0.3642	0.4029	0.4735	0.8519	0.5852	0.5111	0.751399
0.4652	0.4647	0.4753	0.3509	0.2833	0.374	0.3596	0.2514	0.2793	1.05388
0.4581	0.4549	0.4982	0.3865	0.3191	0.4754	0.6645	0.4091	0.0814	0.173797
0.4523	0.451	0.4625	0.3506	0.3367	0.3501	0.557	0.5168	0.3947	1.0759
0.4699	0.469	0.4749	0.3757	0.3254	0.3642	0.366	0.2629	0.2629	0.450261
0.4603	0.446	0.4921	0.3808	0.2581	0.4712	0.5707	0.3859	0.3913	0.324633
0.4665	0.4542	0.4865	0.3834	0.2861	0.4371	0.4583	0.3512	0.2917	0.250647
0.4656	0.469	0.4799	0.3866	0.3513	0.3923	0.4935	0.3117	0.2581	0.168296
0.4474	0.4494	0.4967	0.3435	0.3113	0.4616	0.6071	0.4571	0.0994	1.24519
0.4468	0.4478	0.4793	0.3377	0.3008	0.4271	0.5882	0.4492	0.4278	1.39337
0.4575	0.4526	0.4963	0.37	0.3226	0.4848	0.5625	0.4479	0.3247	0.604048
0.4621	0.4684	0.4974	0.3389	0.3114	0.4578	0.369	0.25	0.0676	1.33853
0.474	0.4716	0.4971	0.4004	0.356	0.4853	0.3926	0.2883	0.2454	-0.1993
0.4637	0.4561	0.4967	0.3818	0.2838	0.4875	0.5059	0.3294	0.3588	0.294932
0.4599	0.46	0.4676	0.397	0.3378	0.3736	0.7143	0.3935	0.3961	-0.111107
0.4732	0.4707	0.4965	0.3841	0.3405	0.4504	0.3422	0.2698	0.0796	0.230166
0.4557	0.4581	0.485	0.3287	0.3292	0.4375	0.4248	0.3961	0.3377	1.56561
0.4509	0.4439	0.4438	0.3513	0.2835	0.2716	0.5846	0.4538	0.4308	1.05529
0.4715	0.4749	0.4926	0.4028	0.3566	0.4656	0.4606	0.2485	0.2848	-0.266895
0.4685	0.4715	0.4838	0.3917	0.3633	0.4298	0.4629	0.3068	0.3239	0.0320011
0.4583	0.4628	0.494	0.3539	0.3345	0.4731	0.4713	0.3503	0.293	0.991213
0.4611	0.4628	0.4883	0.3835	0.2921	0.4557	0.5705	0.2781	0.3758	0.25097
0.4612	0.4537	0.4805	0.3803	0.3213	0.423	0.5486	0.4306	0.3681	0.332074
0.4322	0.4259	0.496	0.3145	0.2471	0.4611	0.7185	0.5704	0.1188	1.9086
0.4638	0.4605	0.4664	0.3907	0.3019	0.3409	0.5577	0.3141	0.3205	0.0606054
0.4454	0.4321	0.4955	0.3586	0.2839	0.4867	0.7388	0.597	0.5224	0.8881
0.445	0.4452	0.4955	0.333	0.3232	0.4835	0.597	0.5522	0.3824	1.48407
0.4666	0.4685	0.498	0.3884	0.3463	0.4703	0.4833	0.3065	0.075	0.120903
0.457	0.4519	0.4875	0.3668	0.3054	0.4531	0.5548	0.4129	0.3806	0.678895
0.4538	0.4526	0.4974	0.363	0.3254	0.4714	0.5949	0.4557	0.1023	0.776104
0.4485	0.4519	0.4869	0.3431	0.314	0.4443	0.5855	0.4342	0.3247	1.25781
0.4404	0.4357	0.4972	0.3452	0.2692	0.4673	0.75	0.5128	0.0978	1.21952
0.4669	0.4706	0.4852	0.3588	0.3437	0.4123	0.3587	0.2757	0.2228	0.86817
0.4745	0.4684	0.4733	0.3966	0.3244	0.3317	0.3654	0.2675	0.2278	-0.0974738
0.4508	0.4461	0.477	0.3707	0.2864	0.4106	0.7114	0.4362	0.3826	0.584851
0.4678	0.4693	0.4849	0.3966	0.3181	0.4365	0.5064	0.25	0.3333	-0.0995561
0.4677	0.4586	0.4699	0.3882	0.3023	0.3363	0.4596	0.3333	0.2716	0.125408
0.471	0.4699	0.4954	0.3901	0.3602	0.4716	0.4045	0.3202	0.1966	0.0745496
0.4575	0.4509	0.4909	0.3717	0.3097	0.4648	0.5714	0.4345	0.3588	0.558188
0.4607	0.4584	0.4788	0.3643	0.3182	0.4105	0.4756	0.3659	0.3415	0.738445
0.4714	0.4607	0.4934	0.3997	0.3041	0.4721	0.4444	0.3148	0.321	-0.180965
0.472	0.4702	0.492	0.3703	0.3162	0.45	0.3178	0.2383	0.2009	0.584496
0.4443	0.4356	0.447	0.3387	0.2831	0.3219	0.6357	0.55	0.5214	1.36082
0.4436	0.4397	0.4923	0.3284	0.2423	0.4714	0.5987	0.4211	0.3816	1.59749
0.4705	0.4724	0.498	0.4122	0.3314	0.4694	0.5562	0.2367	0.0722	-0.533965
0.4571	0.4577	0.4661	0.3892	0.3532	0.3651	0.7132	0.4779	0.3897	0.10129
0.4745	0.4776	0.4979	0.3995	0.3417	0.4719	0.3793	0.1966	0.0851	-0.175566
0.4516	0.4516	0.4596	0.3435	0.3193	0.3465	0.5355	0.4516	0.4258	1.24413
0.4513	0.4595	0.4972	0.3268	0.3287	0.4693	0.478	0.3774	0.1023	1.62023
0.4659	0.4576	0.4954	0.3988	0.3385	0.48	0.5686	0.4286	0.3052	-0.159252
0.4486	0.4544	0.4863	0.3269	0.277	0.4479	0.5159	0.3354	0.3758	1.62308
0.4608	0.4606	0.4733	0.3549	0.314	0.3909	0.4359	0.3333	0.3654	0.963179
0.4463	0.4397	0.4863	0.3527	0.2785	0.4526	0.6803	0.4898	0.4286	1.03216
0.4426	0.4387	0.4959	0.3436	0.2945	0.4866	0.694	0.5448	0.4552	1.24812
0.4631	0.4679	0.4971	0.3902	0.2739	0.4772	0.5704	0.2162	0.1509	0.0730498
0.464	0.4562	0.4716	0.3843	0.3136	0.3578	0.5139	0.3819	0.2917	0.228264
0.455	0.4368	0.4971	0.336	0.2643	0.4887	0.4564	0.4899	0.3557	1.40568
0.4531	0.4789	0.4911	0.3486	0.434	0.4649	0.5338	0.5038	0.3534	1.11487
0.4718	0.4707	0.4802	0.377	0.3517	0.4019	0.3399	0.2906	0.2808	0.415911
0.4494	0.4456	0.4682	0.35	0.2808	0.3919	0.604	0.4295	0.4698	1.0926
0.4606	0.4628	0.4838	0.3672	0.3793	0.4432	0.4901	0.5099	0.4238	0.665508
0.4585	0.4474	0.4856	0.3467	0.2478	0.4467	0.4423	0.359	0.391	1.15938
0.4451	0.446	0.4807	0.3187	0.2855	0.4313	0.5379	0.4354	0.4218	1.80048
0.4634	0.4597	0.4873	0.3707	0.3213	0.4396	0.4568	0.358	0.2822	0.575836
0.4608	0.4514	0.4715	0.3625	0.265	0.371	0.4654	0.3459	0.327	0.781365
0.4388	0.4322	0.4627	0.3479	0.2759	0.3879	0.8027	0.5714	0.5646	1.15472
0.4434	0.4477	0.4922	0.3282	0.2757	0.4719	0.6014	0.3986	0.3961	1.59943
0.4711	0.4694	0.4902	0.4067	0.3695	0.4606	0.4965	0.3542	0.3427	-0.374226
0.4754	0.4665	0.4925	0.4061	0.3076	0.4573	0.3936	0.2634	0.2234	-0.357224
0.4589	0.4548	0.4859	0.3574	0.2792	0.4486	0.4762	0.3353	0.3988	0.908796
0.4577	0.447	0.485	0.3818	0.2987	0.4546	0.6357	0.4538	0.5154	0.293498
0.4306	0.4273	0.4964	0.304	0.2521	0.457	0.6943	0.5669	0.0942	2.14067
0.4758	0.4756	0.4965	0.417	0.3875	0.4842	0.4497	0.3133	0.2867	-0.659962
0.4484	0.4511	0.4908	0.3527	0.3161	0.4664	0.6376	0.4497	0.3933	1.02983
0.4569	0.4553	0.461	0.3293	0.2521	0.3192	0.4115	0.2969	0.3385	1.56727
0.464	0.4679	0.4893	0.3747	0.3512	0.4459	0.4636	0.3245	0.2611	0.475308
0.4647	0.4587	0.4823	0.3753	0.3183	0.4289	0.4525	0.3631	0.3575	0.463434
0.4654	0.4634	0.4935	0.3537	0.3194	0.4702	0.3655	0.3131	0.2879	0.994337
0.4595	0.4592	0.4918	0.3604	0.2931	0.4652	0.478	0.3132	0.3187	0.838884
0.4428	0.4279	0.4887	0.3539	0.2705	0.4676	0.7622	0.6084	0.5524	1.00593
0.4736	0.4778	0.495	0.4115	0.3807	0.475	0.4675	0.2597	0.2597	-0.50848
0.4581	0.4642	0.4836	0.3358	0.2856	0.428	0.4132	0.2575	0.3174	1.41134
0.4533	0.4512	0.4957	0.3662	0.2884	0.4825	0.6235	0.3851	0.3333	0.700264
0.4555	0.4521	0.4813	0.3392	0.2364	0.4156	0.4604	0.3069	0.3119	1.35083
0.4822	0.4722	0.4831	0.425	0.3373	0.3568	0.3364	0.2477	0.1567	-0.890409
0.4528	0.4531	0.4901	0.3619	0.3344	0.4661	0.6071	0.4786	0.4286	0.801688
0.4703	0.4713	0.4692	0.4138	0.3678	0.3427	0.5769	0.3206	0.2901	-0.571984
0.444	0.4424	0.4876	0.3154	0.2836	0.4587	0.5419	0.471	0.4452	1.87739
0.4638	0.4662	0.4891	0.3847	0.3146	0.4445	0.5207	0.2765	0.2588	0.218775
0.4698	0.4668	0.4841	0.4139	0.3455	0.4211	0.5917	0.3258	0.2753	-0.58175
0.4531	0.4558	0.4673	0.3584	0.3031	0.3717	0.5806	0.3648	0.3938	0.890523
0.4643	0.4615	0.4915	0.3703	0.3215	0.4648	0.4395	0.3375	0.3312	0.584311
0.4566	0.4385	0.4988	0.3738	0.2771	0.4805	0.6039	0.5	0.0656	0.502363
0.4654	0.4635	0.4878	0.3833	0.3258	0.4418	0.4783	0.3237	0.2826	0.25346
0.4803	0.4873	0.4926	0.4032	0.4227	0.4491	0.2836	0.2139	0.1791	-0.274464
0.4562	0.4542	0.4617	0.351	0.3161	0.3099	0.4936	0.4103	0.3141	1.06332
0.4689	0.4647	0.4987	0.3916	0.3523	0.4797	0.4529	0.3706	0.0707	0.0352815
0.4474	0.441	0.4801	0.3576	0.2765	0.4384	0.6887	0.4702	0.5099	0.914489
0.4734	0.4708	0.4924	0.391	0.3652	0.4661	0.3636	0.3205	0.3013	0.0497047
0.4572	0.45	0.4988	0.3666	0.2889	0.4837	0.5497	0.3987	0.0809	0.682696
0.458	0.4557	0.4923	0.3712	0.3483	0.4715	0.5594	0.4895	0.3846	0.565738
0.4645	0.4613	0.4935	0.395	0.3034	0.4704	0.5745	0.3077	0.2917	-0.0561652
0.4665	0.4654	0.4679	0.3873	0.3252	0.3095	0.4785	0.3011	0.2527	0.150908
0.4614	0.4586	0.4876	0.3806	0.3189	0.4373	0.5448	0.3655	0.2621	0.325254
0.4505	0.4346	0.4879	0.3726	0.2693	0.4609	0.7342	0.525	0.4688	0.539263
0.4598	0.4595	0.494	0.3676	0.3141	0.4749	0.506	0.3452	0.3214	0.658937
0.4606	0.4659	0.4794	0.3846	0.3225	0.4185	0.5901	0.2909	0.3697	0.222205
0.4411	0.4375	0.4634	0.3286	0.2779	0.3351	0.64	0.5133	0.3442	1.59542
0.4412	0.4402	0.4893	0.3169	0.2926	0.466	0.5878	0.5203	0.473	1.84851
0.4581	0.464	0.4556	0.3578	0.346	0.3062	0.4897	0.363	0.3724	0.895499
0.4709	0.4699	0.4872	0.3725	0.3188	0.4266	0.3403	0.2448	0.2292	0.528508
0.4674	0.4592	0.4828	0.3903	0.2965	0.4266	0.4777	0.3185	0.3312	0.0694758
0.4588	0.4581	0.4846	0.3727	0.3016	0.4302	0.5519	0.3377	0.3052	0.529951
0.4692	0.4665	0.4963	0.3939	0.3249	0.4783	0.4581	0.2889	0.2111	-0.025107
0.4766	0.4784	0.4826	0.4013	0.3552	0.3731	0.345	0.2057	0.1829	-0.223251
0.471	0.4726	0.4946	0.392	0.3444	0.4672	0.414	0.2548	0.2038	0.02388
0.4619	0.462	0.4923	0.3575	0.316	0.4692	0.4277	0.3218	0.3448	0.904343
0.4518	0.4443	0.4515	0.3508	0.298	0.3125	0.5652	0.4845	0.4348	1.07425
0.4591	0.4599	0.4932	0.3636	0.3112	0.4733	0.5	0.3352	0.3497	0.761397
0.4777	0.482	0.4919	0.3904	0.3487	0.45	0.2886	0.1592	0.204	0.0655536
0.4597	0.4557	0.496	0.3553	0.2642	0.4842	0.454	0.3067	0.3415	0.957356
0.4517	0.4482	0.4975	0.3286	0.3007	0.476	0.4788	0.4451	0.1183	1.58276
0.4669	0.4669	0.4537	0.399	0.3553	0.3031	0.5442	0.349	0.3878	-0.16456
0.4408	0.4358	0.4903	0.3226	0.244	0.4671	0.617	0.461	0.4326	1.72359
0.4433	0.4403	0.496	0.3338	0.2989	0.4728	0.6291	0.5364	0.1792	1.47709
0.4639	0.4636	0.4745	0.3468	0.303	0.3639	0.3663	0.2849	0.2674	1.15064
0.4609	0.4586	0.4987	0.3924	0.2979	0.4875	0.6419	0.3267	0.1205	0.0147276
0.4725	0.4788	0.4807	0.3642	0.3468	0.369	0.2952	0.1905	0.2	0.732195
0.4626	0.4513	0.4988	0.3877	0.2457	0.4825	0.5647	0.3235	0.0765	0.139728
0.4596	0.4631	0.4991	0.3643	0.3557	0.4834	0.4932	0.4041	0.0562	0.73538
0.4625	0.4625	0.4856	0.3729	0.3104	0.4273	0.4828	0.3068	0.267	0.5237
0.4705	0.4681	0.497	0.4009	0.3317	0.4871	0.4722	0.2826	0.3135	-0.217728
0.4643	0.4628	0.4806	0.3953	0.31	0.4032	0.5806	0.3032	0.2774	-0.0642901
0.4653	0.4677	0.4947	0.3889	0.3658	0.4492	0.5132	0.3684	0.122	0.108466
0.4558	0.4549	0.4906	0.3615	0.3316	0.468	0.5476	0.4444	0.4286	0.802005
0.4603	0.4603	0.4733	0.3896	0.3205	0.3828	0.6338	0.3497	0.3357	0.0893654
0.4564	0.4453	0.4841	0.3669	0.3067	0.4484	0.5669	0.4968	0.4713	0.676842
0.4622	0.4555	0.4836	0.3915	0.3398	0.436	0.6032	0.4615	0.3692	0.0379669
0.463	0.4576	0.4634	0.3791	0.3082	0.3449	0.5035	0.3546	0.3688	0.362055
0.4617	0.4594	0.4923	0.4017	0.3668	0.4774	0.7105	0.5088	0.5263	-0.239114
0.4508	0.4469	0.48	0.3558	0.2688	0.4281	0.6115	0.3944	0.4155	0.950394
0.4555	0.4563	0.4965	0.3575	0.3052	0.4858	0.5342	0.363	0.3288	0.905213
0.4373	0.4315	0.4984	0.3348	0.2434	0.4681	0.7423	0.5031	0.0545	1.46664
0.4534	0.4454	0.4873	0.3611	0.2289	0.4514	0.5906	0.3533	0.3733	0.821837
0.4646	0.4603	0.4625	0.3803	0.3056	0.3263	0.4795	0.3219	0.3356	0.332147
0.4777	0.4697	0.494	0.4151	0.3248	0.4639	0.3893	0.255	0.2081	-0.600386
0.4586	0.4533	0.4985	0.3749	0.3234	0.4822	0.5699	0.4409	0.0957	0.476892
0.4662	0.4674	0.4922	0.353	0.3375	0.4634	0.3522	0.3019	0.283	0.996411
0.4577	0.4508	0.4909	0.3693	0.3293	0.4672	0.5533	0.4933	0.4	0.615131
0.4596	0.4589	0.4779	0.3678	0.3183	0.4116	0.5103	0.3605	0.3655	0.650119
0.448	0.4436	0.4517	0.3642	0.3004	0.3327	0.7231	0.5	0.4923	0.748114
0.4625	0.4578	0.4632	0.3746	0.3119	0.319	0.4902	0.3595	0.3137	0.478444
0.4673	0.465	0.4723	0.4054	0.337	0.3615	0.5849	0.3292	0.2919	-0.341632
0.4679	0.4689	0.4967	0.3833	0.313	0.4842	0.4321	0.2469	0.2716	0.254077
0.4579	0.4585	0.4892	0.3338	0.2696	0.4541	0.4104	0.289	0.3237	1.45776
0.4544	0.4547	0.4713	0.3491	0.2995	0.3769	0.5145	0.3696	0.3478	1.10254
0.4654	0.4687	0.4946	0.3836	0.3724	0.4727	0.4803	0.375	0.2547	0.246739
0.4576	0.458	0.4646	0.3871	0.364	0.38	0.6809	0.5211	0.4789	0.156415
0.4723	0.4698	0.4767	0.4064	0.345	0.3872	0.4663	0.2883	0.2945	-0.367172
0.4624	0.4629	0.488	0.3647	0.3581	0.4559	0.4481	0.4156	0.3896	0.723794
0.4699	0.4969	0.4987	0.3896	0.4834	0.484	0.4226	0.2294	0.0884	0.0873533
0.4672	0.4663	0.4924	0.3622	0.3265	0.4598	0.3647	0.2941	0.2412	0.782446
0.45	0.4548	0.4901	0.3639	0.3368	0.4666	0.6781	0.4626	0.4354	0.756311
0.4277	0.4154	0.4949	0.3239	0.2609	0.4597	0.8593	0.7407	0.1515	1.71307
0.443	0.441	0.4641	0.3257	0.2912	0.3787	0.5962	0.5064	0.4808	1.65847
0.4773	0.4759	0.488	0.3747	0.3378	0.4258	0.2542	0.209	0.209	0.461894
0.4604	0.4584	0.4957	0.3753	0.2845	0.461	0.535	0.3082	0.1292	0.46244
0.4424	0.445	0.4875	0.3565	0.3373	0.4671	0.7899	0.6159	0.6304	0.9438
0.4797	0.4763	0.4932	0.4168	0.3791	0.4567	0.3519	0.2778	0.1939	-0.647377
0.449	0.4458	0.4862	0.3504	0.2966	0.4516	0.6135	0.4634	0.4207	1.08869
0.4681	0.4614	0.4896	0.3783	0.3268	0.453	0.4067	0.3493	0.2986	0.384665
0.4541	0.4576	0.4639	0.3523	0.3375	0.2878	0.5338	0.4257	0.2632	1.03339
0.4718	0.4708	0.4913	0.3968	0.3326	0.4523	0.4219	0.2552	0.2344	-0.105348
0.4425	0.4981	0.4944	0.3515	0.472	0.4822	0.75	0.0739	0.4679	1.06778
0.474	0.4817	0.4863	0.3699	0.3644	0.4043	0.2886	0.1805	0.1854	0.589594
0.454	0.4489	0.4865	0.354	0.3005	0.4526	0.5436	0.4362	0.4161	0.992516
0.4659	0.466	0.4679	0.3776	0.3259	0.3282	0.4419	0.2965	0.2791	0.402529
0.458	0.4548	0.4732	0.3803	0.3028	0.3969	0.6188	0.375	0.3938	0.336193
0.463	0.4588	0.485	0.3828	0.3031	0.4328	0.5253	0.3333	0.3082	0.269401
0.4586	0.4579	0.4797	0.3717	0.3209	0.4163	0.5497	0.3775	0.351	0.554401
0.4555	0.4523	0.4513	0.3782	0.3325	0.2547	0.6601	0.4837	0.3333	0.390981
0.4568	0.4461	0.4692	0.3878	0.2957	0.3924	0.7095	0.4575	0.451	0.138656
0.4655	0.4635	0.4704	0.3707	0.3379	0.3613	0.4208	0.3497	0.3169	0.579246
0.4565	0.4548	0.4604	0.3525	0.2935	0.337	0.494	0.3571	0.3869	1.02933
0.4615	0.4503	0.4538	0.3859	0.2987	0.257	0.5772	0.4161	0.3154	0.188634
0.4755	0.4779	0.4878	0.398	0.3203	0.4216	0.3526	0.1714	0.2	-0.133722
0.4697	0.4738	0.4965	0.4008	0.3273	0.4605	0.4907	0.2169	0.1023	-0.212168
0.4705	0.4802	0.4864	0.386	0.323	0.4189	0.3959	0.1535	0.22	0.184925
0.4634	0.4562	0.4778	0.3997	0.3263	0.3954	0.6429	0.4127	0.3023	-0.184116
0.4618	0.4539	0.4897	0.3722	0.2711	0.4565	0.4921	0.3316	0.3263	0.543269
0.4692	0.4622	0.4659	0.4063	0.3169	0.3294	0.5417	0.3214	0.3036	-0.36644
0.4543	0.4557	0.4829	0.3659	0.3294	0.4379	0.6014	0.4267	0.4067	0.702644
0.4561	0.4622	0.4985	0.3564	0.3303	0.4833	0.519	0.3481	0.1027	0.934747
0.456	0.4494	0.4853	0.3505	0.2754	0.4457	0.4938	0.3812	0.3938	1.07616
0.4544	0.4502	0.4847	0.3681	0.2843	0.4464	0.6121	0.3879	0.4242	0.651438
0.4633	0.4686	0.4848	0.3666	0.3645	0.4311	0.4405	0.3512	0.3036	0.679887
0.4743	0.475	0.4933	0.4073	0.328	0.4549	0.4246	0.2067	0.1844	-0.39176
0.4765	0.471	0.4952	0.4076	0.3317	0.4753	0.3764	0.2514	0.2444	-0.397745
0.4681	0.4736	0.4928	0.3788	0.3686	0.4662	0.4083	0.2899	0.2781	0.36814
0.459	0.4551	0.4898	0.3846	0.3104	0.46	0.6275	0.3871	0.3548	0.222983
0.453	0.4525	0.4834	0.3723	0.3171	0.4212	0.673	0.434	0.2909	0.544478
0.4639	0.4636	0.4878	0.3858	0.3169	0.4381	0.5238	0.3061	0.2617	0.187882
0.4567	0.4783	0.4963	0.3631	0.408	0.4862	0.5398	0.3409	0.375	0.775334
0.4509	0.4469	0.4901	0.3648	0.3298	0.4644	0.6645	0.5526	0.4013	0.734301
0.4681	0.4716	0.4881	0.3799	0.3488	0.4417	0.4132	0.2738	0.2738	0.342217
0.4444	0.4414	0.4976	0.3415	0.2839	0.4749	0.649	0.4834	0.1065	1.2992
0.459	0.4572	0.4779	0.3843	0.3339	0.4249	0.6242	0.4204	0.4522	0.231515
0.4584	0.4641	0.4688	0.3682	0.3577	0.3738	0.5346	0.3962	0.3774	0.643845
0.4272	0.4134	0.4372	0.3321	0.2314	0.3317	0.9348	0.6739	0.7246	1.52998
0.4483	0.4481	0.496	0.3279	0.2877	0.485	0.5241	0.4171	0.3743	1.61304
0.4628	0.4587	0.4956	0.3607	0.2833	0.4772	0.4254	0.3039	0.2461	0.826724
0.4669	0.4662	0.4969	0.3858	0.3466	0.4661	0.462	0.3354	0.1059	0.189592
0.4733	0.4712	0.4946	0.3817	0.3394	0.4715	0.3314	0.2616	0.2384	0.292256
0.4494	0.4429	0.4962	0.3499	0.2858	0.4865	0.6045	0.4701	0.403	1.09012
0.4643	0.4608	0.4962	0.4014	0.3534	0.4848	0.6319	0.4306	0.3403	-0.231482
0.4633	0.4589	0.4654	0.3731	0.3077	0.3058	0.4691	0.3395	0.2716	0.518213
0.447	0.4478	0.4809	0.3529	0.3241	0.4374	0.6667	0.5185	0.4691	1.02973
0.4603	0.4467	0.4733	0.3958	0.3123	0.4059	0.6897	0.4944	0.4382	-0.0780825
0.4635	0.4608	0.4766	0.3664	0.3173	0.4033	0.436	0.3372	0.3547	0.685627
0.4632	0.4549	0.4797	0.3909	0.3102	0.3873	0.5732	0.3885	0.2484	0.0531708
0.4621	0.4633	0.4885	0.3602	0.3278	0.4494	0.4346	0.3298	0.3089	0.842365
0.45	0.4466	0.4825	0.3397	0.2578	0.4347	0.546	0.3804	0.3926	1.33575
0.4706	0.4733	0.4979	0.3809	0.3565	0.4745	0.3736	0.2678	0.0933	0.315879
0.4549	0.4566	0.4619	0.3075	0.2875	0.3279	0.3838	0.3297	0.3459	2.02957
0.4414	0.4391	0.4773	0.3486	0.2981	0.4162	0.7517	0.5503	0.4067	1.13627
0.4554	0.4544	0.4759	0.3534	0.293	0.3921	0.5155	0.3602	0.323	1.00908
0.4802	0.4827	0.4934	0.4289	0.3635	0.4552	0.4151	0.1688	0.1824	-0.999719
0.4567	0.4518	0.4984	0.3644	0.2823	0.479	0.5467	0.3684	0.0838	0.737769
0.4499	0.447	0.4527	0.346	0.3095	0.2478	0.5756	0.4826	0.3143	1.19273
0.4703	0.4756	0.4978	0.3834	0.3596	0.4779	0.3886	0.2457	0.1141	0.251512
0.461	0.4534	0.493	0.375	0.2881	0.4139	0.5205	0.3626	0.0963	0.472045
0.4489	0.452	0.4663	0.3137	0.3099	0.3085	0.4706	0.4225	0.2667	1.91872
0.4524	0.4475	0.498	0.3537	0.2693	0.477	0.5689	0.3892	0.0968	1.00697
0.4479	0.4435	0.4515	0.3666	0.3243	0.3054	0.7463	0.5821	0.4179	0.688289
0.4426	0.4425	0.4725	0.3447	0.2627	0.3947	0.7016	0.4278	0.3969	1.2359
0.4452	0.4439	0.4784	0.3651	0.3227	0.4279	0.7969	0.5703	0.4615	0.727493
0.465	0.4669	0.4977	0.3814	0.3436	0.4879	0.4768	0.3205	0.2342	0.302198
0.4721	0.4661	0.4816	0.415	0.3318	0.4111	0.5346	0.3062	0.2875	-0.609597
0.4618	0.4718	0.4761	0.3585	0.3437	0.4103	0.4341	0.262	0.3989	0.881063
0.4655	0.4627	0.4711	0.3823	0.3243	0.3379	0.4713	0.3292	0.2609	0.281048
0.4623	0.4634	0.4915	0.3614	0.327	0.4581	0.4364	0.3273	0.2667	0.807805
0.459	0.4521	0.4634	0.3825	0.321	0.332	0.6118	0.4503	0.3371	0.279346
0.4657	0.4637	0.4912	0.3699	0.3252	0.4563	0.4144	0.3204	0.2652	0.598409
0.4633	0.4682	0.4698	0.3651	0.2914	0.3413	0.4346	0.2292	0.2812	0.721687
0.4693	0.4692	0.4962	0.3973	0.3681	0.481	0.4765	0.3529	0.2573	-0.118413
0.4744	0.4695	0.4937	0.4108	0.3577	0.4675	0.4423	0.3205	0.25	-0.485843
0.4445	0.4468	0.4944	0.333	0.292	0.4801	0.604	0.44	0.4	1.49105
0.4472	0.4449	0.451	0.3319	0.2585	0.3059	0.557	0.3974	0.4238	1.51093
0.4709	0.4807	0.4803	0.404	0.3894	0.396	0.483	0.2386	0.2614	-0.302968
0.4325	0.4204	0.4974	0.3466	0.263	0.4674	0.9397	0.681	0.0909	1.18278
0.4551	0.4575	0.4827	0.3559	0.3047	0.4214	0.5337	0.3497	0.3067	0.948655
0.4281	0.434	0.4393	0.3225	0.3299	0.3131	0.8417	0.775	0.6	1.73483
0.4428	0.4426	0.4717	0.3553	0.3256	0.4165	0.7724	0.6016	0.561	0.96762
0.4532	0.4605	0.4966	0.3333	0.3354	0.4799	0.4737	0.3816	0.2099	1.46939
0.464	0.4591	0.4862	0.3838	0.2804	0.4389	0.5097	0.2968	0.3097	0.24264
0.4435	0.4416	0.4944	0.3212	0.3094	0.4795	0.5703	0.5547	0.3846	1.73998
0.4512	0.4528	0.4967	0.3784	0.3239	0.4888	0.7674	0.4496	0.4264	0.386009
0.4554	0.4587	0.4982	0.353	0.3266	0.4742	0.5155	0.3814	0.0769	1.02597
0.4613	0.4556	0.4783	0.3524	0.2663	0.3989	0.4195	0.3103	0.3046	1.02573
0.479	0.4779	0.4898	0.4102	0.362	0.4229	0.3356	0.2215	0.1656	-0.461703
0.4496	0.4491	0.4888	0.3344	0.258	0.4594	0.5301	0.3571	0.3976	1.45787
0.4652	0.4622	0.4972	0.3762	0.3223	0.4868	0.4483	0.331	0.2759	0.43364
0.4725	0.4728	0.4938	0.3939	0.3623	0.4592	0.3936	0.2872	0.1852	-0.0273383
0.4332	0.4196	0.4798	0.3527	0.2585	0.4443	0.985	0.6767	0.6015	1.04113
0.4406	0.4377	0.4708	0.3238	0.2862	0.4023	0.625	0.5329	0.4737	1.70255
0.4699	0.46	0.4902	0.4066	0.3224	0.4646	0.526	0.3571	0.3961	-0.373977
0.4393	0.4442	0.4849	0.3351	0.3182	0.4546	0.7059	0.549	0.5229	1.45416
0.4611	0.4656	0.4925	0.3645	0.3792	0.4734	0.4694	0.4558	0.4014	0.729587
0.4731	0.476	0.4956	0.3886	0.3622	0.4783	0.3593	0.2455	0.2635	0.11425
0.4759	0.4736	0.4943	0.4061	0.3424	0.472	0.3829	0.24	0.2629	-0.355287
0.4513	0.4519	0.4991	0.3484	0.3239	0.4883	0.5629	0.4611	0.0881	1.13461
0.48	0.4837	0.4888	0.4161	0.4009	0.4292	0.3427	0.2191	0.2022	-0.631368
0.462	0.4734	0.498	0.3901	0.4025	0.4803	0.596	0.4172	0.1145	0.0753067
0.4637	0.4716	0.4744	0.3506	0.3732	0.3365	0.3797	0.3316	0.2234	1.06775
0.4645	0.4611	0.4771	0.3701	0.2765	0.3782	0.4352	0.2746	0.2642	0.596478
0.4559	0.4517	0.4848	0.3529	0.2471	0.4331	0.5057	0.3218	0.3161	1.02213
0.4351	0.4243	0.4801	0.3252	0.2477	0.4418	0.7266	0.5899	0.554	1.67499
0.4651	0.4611	0.476	0.3852	0.3209	0.401	0.4961	0.3411	0.3566	0.203963
0.4692	0.4682	0.485	0.3946	0.3341	0.4317	0.4635	0.2865	0.3021	-0.0459943
0.4769	0.4743	0.4817	0.3959	0.3417	0.4009	0.3188	0.2319	0.2512	-0.0801132
0.4465	0.4477	0.4475	0.348	0.2965	0.298	0.6478	0.4403	0.4465	1.14792
0.4433	0.4427	0.4931	0.3295	0.3246	0.4764	0.6084	0.5964	0.4192	1.57746
0.4576	0.4528	0.4915	0.3246	0.2245	0.4638	0.3897	0.2911	0.3192	1.67624
0.4472	0.4494	0.4625	0.333	0.3142	0.3643	0.5616	0.4658	0.4452	1.48603
0.4563	0.4518	0.4652	0.3619	0.3018	0.3641	0.5412	0.4059	0.4	0.803208
0.4597	0.4602	0.4672	0.3474	0.2984	0.328	0.4268	0.311	0.2866	1.14147
0.4612	0.4585	0.4866	0.3756	0.3179	0.4461	0.52	0.3642	0.351	0.452881
0.4596	0.4573	0.4699	0.3725	0.3273	0.3733	0.5342	0.4012	0.358	0.535824
0.4761	0.4818	0.4852	0.3992	0.4042	0.4087	0.3468	0.2601	0.2139	-0.16697
0.477	0.4765	0.4825	0.3836	0.3803	0.3551	0.2792	0.2792	0.1616	0.242942
0.4335	0.4286	0.4481	0.3108	0.2711	0.335	0.6797	0.6013	0.5556	1.9929
0.4647	0.4522	0.4656	0.3801	0.2721	0.3551	0.4767	0.3488	0.3663	0.339358
0.4468	0.4442	0.448	0.3591	0.3291	0.3318	0.712	0.592	0.544	0.871011
0.4507	0.4595	0.479	0.3426	0.3558	0.4318	0.5472	0.4591	0.478	1.2673
0.4537	0.4569	0.4834	0.3218	0.3261	0.4323	0.432	0.4024	0.3491	1.72597
0.4371	0.4381	0.4584	0.3024	0.2712	0.3559	0.5912	0.4906	0.478	2.16148
0.4676	0.47	0.4819	0.3868	0.334	0.4203	0.454	0.2655	0.32	0.163393
0.48	0.4829	0.4837	0.405	0.383	0.3867	0.2961	0.1942	0.1893	-0.325476
0.4569	0.4569	0.4801	0.3561	0.3298	0.4125	0.5032	0.4129	0.3226	0.939598
0.4568	0.4519	0.4814	0.376	0.3103	0.4347	0.6138	0.4238	0.4267	0.445011
0.4705	0.4757	0.4907	0.3737	0.3645	0.453	0.3503	0.2532	0.2595	0.493517
0.4679	0.4709	0.4835	0.3999	0.3863	0.4011	0.5273	0.3892	0.2235	-0.189165
0.4579	0.4604	0.4629	0.3361	0.329	0.3256	0.4175	0.366	0.3299	1.41413
0.449	0.4426	0.4693	0.334	0.2808	0.4033	0.5374	0.4626	0.517	1.46165
0.4761	0.4718	0.4809	0.4085	0.3122	0.4108	0.3904	0.2193	0.2995	-0.423676
0.4723	0.4732	0.4923	0.3926	0.3427	0.4555	0.3906	0.2448	0.2176	0.00806476
0.4723	0.4716	0.4784	0.3939	0.3281	0.3891	0.396	0.24	0.2733	-0.0250963
0.4696	0.4715	0.4895	0.3979	0.3769	0.4503	0.4746	0.3446	0.2818	-0.134117
0.46	0.4655	0.4709	0.3663	0.3535	0.3774	0.4969	0.3625	0.3562	0.6886
0.4473	0.4475	0.4941	0.3141	0.2821	0.4802	0.492	0.4118	0.4332	1.91181
0.4617	0.4688	0.4979	0.3702	0.3676	0.4773	0.4841	0.3567	0.1024	0.589737
0.4555	0.4434	0.4914	0.3746	0.3144	0.4709	0.6331	0.5468	0.4317	0.481435
0.4674	0.467	0.4947	0.3668	0.3567	0.4751	0.3765	0.3519	0.2771	0.667552
0.4597	0.46	0.4568	0.3723	0.3532	0.3142	0.5321	0.4423	0.3758	0.540279
0.4485	0.4528	0.4507	0.3356	0.33	0.284	0.5519	0.4675	0.3831	1.42791
0.45	0.4369	0.4951	0.3711	0.2276	0.4833	0.7323	0.4252	0.4252	0.572361
0.4631	0.4602	0.4719	0.3658	0.3042	0.3686	0.44	0.32	0.3143	0.70053
0.4656	0.4633	0.4775	0.3664	0.3368	0.3894	0.4027	0.349	0.2886	0.677868
0.4708	0.4711	0.4849	0.385	0.3377	0.4115	0.3867	0.26	0.2267	0.206007
0.4571	0.4634	0.4611	0.3697	0.3633	0.3127	0.568	0.426	0.3254	0.609323
0.461	0.458	0.4858	0.3832	0.2738	0.437	0.5714	0.2987	0.3117	0.258172
0.4657	0.4644	0.496	0.3747	0.3378	0.4783	0.4324	0.3378	0.2297	0.47263
0.4556	0.4391	0.4572	0.3804	0.2909	0.3565	0.6739	0.529	0.5	0.333608
0.4473	0.4474	0.4387	0.3512	0.3113	0.2836	0.65	0.4823	0.5143	1.06452
0.4669	0.4578	0.4728	0.3758	0.3271	0.312	0.4171	0.3934	0.2093	0.450563
0.4729	0.4704	0.4713	0.4107	0.3658	0.3664	0.4792	0.3281	0.3177	-0.488966
0.474	0.4728	0.4911	0.4245	0.3707	0.4571	0.5685	0.3067	0.2733	-0.881714
0.4614	0.459	0.4947	0.3816	0.3579	0.4578	0.551	0.4762	0.1503	0.299703
0.4541	0.453	0.4847	0.3345	0.3197	0.4425	0.4638	0.4348	0.3841	1.43495
0.4536	0.4508	0.4795	0.3495	0.3276	0.423	0.5287	0.4875	0.3938	1.10246
0.461	0.4575	0.4845	0.3815	0.3154	0.4359	0.5595	0.3706	0.3412	0.30414
0.4741	0.4762	0.4868	0.3826	0.3361	0.4198	0.3214	0.2041	0.2143	0.270436
0.4343	0.4394	0.4898	0.322	0.3068	0.4714	0.7233	0.575	0.5688	1.75376
0.4512	0.4522	0.4878	0.3566	0.306	0.4538	0.6069	0.411	0.3767	0.932631
0.448	0.4448	0.4931	0.3565	0.266	0.4799	0.6709	0.4099	0.5316	0.940724
0.4754	0.4713	0.4828	0.4056	0.3134	0.3844	0.3901	0.2253	0.1978	-0.344648
0.4309	0.4315	0.4852	0.3185	0.2909	0.4624	0.7643	0.6286	0.6714	1.82836
0.4628	0.4601	0.4931	0.3631	0.3145	0.4706	0.4345	0.3393	0.3155	0.767165
0.4661	0.466	0.4646	0.4013	0.2505	0.3178	0.5818	0.213	0.297	-0.229638
0.4581	0.4511	0.4757	0.3463	0.2901	0.3975	0.4468	0.3901	0.3475	1.16092
0.4565	0.4559	0.4661	0.3279	0.2717	0.343	0.412	0.3148	0.3287	1.60763
0.4635	0.4628	0.471	0.3696	0.3235	0.3764	0.4503	0.3275	0.3509	0.605343
0.4766	0.4742	0.474	0.3959	0.3312	0.3611	0.3249	0.2183	0.269	-0.0778311
0.4443	0.4419	0.4977	0.3312	0.2755	0.4682	0.6	0.4588	0.0816	1.53934
0.4605	0.4565	0.4987	0.3755	0.2889	0.4673	0.5345	0.3333	0.0419	0.460091
0.453	0.4434	0.4941	0.3859	0.2902	0.4824	0.7951	0.4754	0.5082	0.187407
0.4743	0.4752	0.494	0.4119	0.3669	0.4663	0.4534	0.2651	0.2256	-0.518472
0.4566	0.4594	0.4905	0.3007	0.3222	0.462	0.3515	0.3636	0.3455	2.14685
0.4638	0.4658	0.4827	0.3936	0.3331	0.3885	0.5808	0.3114	0.2069	-0.0182231
0.4626	0.4593	0.489	0.3739	0.2819	0.4514	0.4857	0.2971	0.3086	0.498439
0.4647	0.463	0.4942	0.3739	0.3068	0.4715	0.4481	0.2968	0.2645	0.49363
0.4663	0.4953	0.499	0.3701	0.4778	0.4865	0.4051	0.2767	0.0838	0.588089
0.4477	0.4416	0.4683	0.3429	0.2406	0.3845	0.5988	0.4012	0.4302	1.26925
0.4552	0.4526	0.4972	0.3559	0.2879	0.4895	0.5318	0.3699	0.3678	0.950596
0.4436	0.4418	0.4586	0.3463	0.3109	0.3618	0.6935	0.5565	0.5	1.17891
0.4601	0.4628	0.4959	0.3531	0.3224	0.4683	0.4398	0.3246	0.1535	1.01626
0.4459	0.4488	0.4523	0.3311	0.325	0.2596	0.5743	0.5068	0.3311	1.53085
0.4615	0.4544	0.4976	0.3714	0.2497	0.4577	0.4937	0.3019	0.0625	0.561322
0.4545	0.4467	0.4557	0.3873	0.3232	0.3212	0.7687	0.5306	0.4052	0.150466
0.4706	0.4727	0.4731	0.393	0.3889	0.3701	0.4265	0.3676	0.3015	-0.00230143
0.4825	0.4738	0.4954	0.417	0.3275	0.4726	0.2911	0.2179	0.2089	-0.643893
0.475	0.4642	0.4739	0.4265	0.3256	0.3958	0.5556	0.3154	0.375	-0.93725
0.4494	0.4362	0.4794	0.3704	0.3009	0.4429	0.7424	0.5985	0.5985	0.591623
0.4716	0.4714	0.4938	0.3937	0.3363	0.4697	0.4088	0.2541	0.2652	-0.0206312
0.4673	0.4663	0.4963	0.384	0.3367	0.4546	0.4467	0.3133	0.0932	0.233616
0.4696	0.4742	0.4935	0.3973	0.348	0.469	0.471	0.242	0.2739	-0.117414
0.4607	0.4576	0.4962	0.3506	0.2799	0.482	0.4225	0.3102	0.2727	1.07266
0.4688	0.464	0.4974	0.3901	0.3235	0.4882	0.4477	0.314	0.2791	0.075223
0.4577	0.4514	0.4723	0.3545	0.2869	0.3874	0.4835	0.3804	0.3696	0.983785
0.4503	0.4518	0.4978	0.3194	0.2702	0.4805	0.4688	0.35	0.1314	1.78227
0.4513	0.4509	0.4935	0.352	0.3315	0.4782	0.5811	0.5	0.4324	1.04383
0.4661	0.4613	0.4896	0.3984	0.3222	0.4573	0.5583	0.3415	0.3374	-0.147907
0.4686	0.4703	0.466	0.3784	0.2604	0.2625	0.3989	0.1882	0.2216	0.379463
0.453	0.4516	0.4981	0.3643	0.2998	0.4759	0.6169	0.4038	0.0889	0.745421
0.4658	0.4661	0.4797	0.3955	0.3782	0.4096	0.5466	0.441	0.319	-0.0702395
0.4448	0.4434	0.4979	0.3468	0.301	0.4781	0.6735	0.5034	0.1105	1.17327
0.4594	0.4576	0.4554	0.3571	0.3169	0.2345	0.4658	0.3727	0.2795	0.913537
0.447	0.4535	0.4854	0.3489	0.3326	0.412	0.6423	0.4672	0.2177	1.11946
0.4583	0.4683	0.448	0.368	0.3793	0.288	0.5349	0.407	0.4186	0.650411
0.4463	0.4453	0.4707	0.3478	0.3113	0.4088	0.6497	0.5096	0.5223	1.15201
0.4521	0.4467	0.4595	0.3566	0.2976	0.361	0.5897	0.4551	0.4808	0.935675
0.4575	0.4558	0.4875	0.3717	0.2821	0.4545	0.5714	0.3292	0.3975	0.5573
0.4667	0.4521	0.4764	0.3976	0.2884	0.395	0.539	0.3766	0.3247	-0.126107
0.443	0.4449	0.4766	0.3494	0.2991	0.4173	0.7236	0.4797	0.4309	1.10835
0.4629	0.4622	0.4727	0.3727	0.3315	0.3846	0.4733	0.351	0.351	0.52528
0.4533	0.4492	0.4963	0.3577	0.3065	0.484	0.5734	0.4476	0.3077	0.902882
0.4517	0.4514	0.4724	0.3253	0.2636	0.3765	0.4684	0.3439	0.3292	1.65126
0.463	0.4587	0.4778	0.3918	0.3309	0.3989	0.5857	0.3929	0.3143	0.0292503
0.4668	0.4612	0.4947	0.372	0.3242	0.4576	0.4038	0.3462	0.1491	0.539544
0.4161	0.4173	0.4918	0.2709	0.1987	0.4791	0.7704	0.563	0.6593	2.79316
0.4472	0.4466	0.4948	0.3404	0.2836	0.4812	0.5938	0.425	0.3938	1.32467
0.4489	0.4398	0.4537	0.3454	0.2925	0.3292	0.5899	0.5252	0.4532	1.1982
0.4679	0.4651	0.4694	0.3845	0.2975	0.3345	0.4368	0.2632	0.2737	0.222794
0.4743	0.4791	0.4982	0.3903	0.3658	0.4792	0.3455	0.2135	0.0945	0.0697235
0.4758	0.4679	0.4779	0.4065	0.3021	0.3832	0.3867	0.2431	0.2652	-0.367916
0.4519	0.4514	0.4911	0.35	0.3113	0.4679	0.5613	0.4323	0.3935	1.09086
0.4513	0.4363	0.469	0.3601	0.2155	0.3998	0.625	0.4145	0.5	0.849738
0.4468	0.4414	0.4699	0.3514	0.2951	0.396	0.6614	0.5118	0.4567	1.05603
0.4596	0.4655	0.4906	0.3663	0.2589	0.4543	0.503	0.2229	0.2711	0.690849
0.4787	0.4745	0.4952	0.3909	0.3274	0.4719	0.2727	0.2102	0.2102	0.0528896
0.4506	0.4614	0.4871	0.367	0.3557	0.4561	0.6867	0.4295	0.4371	0.678316
0.4724	0.4664	0.4816	0.3972	0.3442	0.3989	0.4107	0.3274	0.2485	-0.115214
0.4433	0.4477	0.4938	0.3447	0.327	0.4799	0.6887	0.5298	0.457	1.22565
0.4685	0.4659	0.4938	0.4084	0.3545	0.451	0.5782	0.36	0.1512	-0.423865
0.4529	0.4537	0.4974	0.3727	0.3438	0.4743	0.6783	0.5035	0.1132	0.532368
0.4493	0.4552	0.4946	0.3351	0.3139	0.4805	0.5375	0.3938	0.3875	1.44041
0.463	0.4621	0.4848	0.3764	0.3184	0.4366	0.4904	0.3248	0.3376	0.434165
0.4419	0.4405	0.4967	0.349	0.3083	0.4894	0.7444	0.5652	0.4493	1.12272
0.4862	0.4926	0.4969	0.4493	0.4324	0.4789	0.3943	0.1319	0.1758	-1.60774
0.4382	0.4378	0.4421	0.3443	0.2959	0.3017	0.7898	0.5605	0.5223	1.24217
0.4575	0.4598	0.4642	0.3711	0.3348	0.3585	0.569	0.3886	0.3966	0.575123
0.4602	0.457	0.4959	0.3714	0.3064	0.4836	0.517	0.358	0.3352	0.564955
0.4556	0.4569	0.4815	0.3552	0.2728	0.4273	0.5208	0.3073	0.3698	0.971327
0.4724	0.4716	0.4955	0.3613	0.347	0.4755	0.2892	0.2711	0.2289	0.791441
0.4598	0.4526	0.4739	0.3668	0.2809	0.3998	0.5029	0.3584	0.3931	0.678812
0.4649	0.4599	0.4629	0.3882	0.3593	0.3484	0.5185	0.4667	0.3852	0.124381
0.4408	0.429	0.4503	0.3437	0.2763	0.329	0.7312	0.6125	0.5	1.25516
0.4638	0.4615	0.4925	0.3812	0.3565	0.4732	0.5	0.4312	0.4	0.310577
0.4501	0.4455	0.4893	0.3665	0.3323	0.4611	0.6951	0.5854	0.3952	0.695042
0.4506	0.4552	0.49	0.318	0.3402	0.4633	0.461	0.4675	0.3885	1.80781
0.4562	0.4552	0.4944	0.329	0.2654	0.478	0.4188	0.3125	0.35	1.56131
0.4491	0.4456	0.468	0.3456	0.2603	0.399	0.5874	0.3931	0.5172	1.19458
0.4311	0.4291	0.4882	0.3064	0.2824	0.4661	0.698	0.6309	0.5503	2.08728
0.4634	0.4639	0.4923	0.3646	0.3327	0.4673	0.4306	0.3333	0.3194	0.723503
0.471	0.468	0.4974	0.3953	0.3567	0.4862	0.4305	0.3377	0.2384	-0.0634025
0.4718	0.467	0.496	0.3916	0.3389	0.483	0.396	0.3087	0.3087	0.0343332
0.4568	0.4554	0.4956	0.3648	0.3225	0.4836	0.546	0.4121	0.3758	0.731219
0.4394	0.4273	0.4862	0.3458	0.2696	0.4592	0.7737	0.6131	0.5324	1.20052
0.4401	0.4343	0.4823	0.3198	0.2529	0.4443	0.6159	0.4928	0.4928	1.78351
0.4786	0.4771	0.4811	0.4102	0.3772	0.3992	0.3434	0.2626	0.2576	-0.469663
0.445	0.4428	0.4466	0.3319	0.2567	0.3102	0.5915	0.4138	0.4897	1.51158
0.4575	0.4541	0.4891	0.3762	0.2781	0.4602	0.6	0.3395	0.3913	0.44292
0.4603	0.4615	0.4883	0.3852	0.3487	0.4481	0.6014	0.4054	0.3067	0.20644
0.4664	0.4658	0.4681	0.4134	0.3316	0.3512	0.6974	0.3092	0.3224	-0.568496
0.4682	0.4721	0.4811	0.3813	0.338	0.4226	0.4167	0.25	0.3512	0.306431
0.4614	0.4574	0.4986	0.3848	0.3351	0.4873	0.5732	0.4204	0.1243	0.216199
0.4634	0.4657	0.4829	0.3617	0.2979	0.424	0.4205	0.2584	0.3146	0.800981
0.4621	0.4639	0.4624	0.347	0.2913	0.3223	0.3913	0.2671	0.3292	1.14647
0.4485	0.4558	0.498	0.3377	0.3394	0.479	0.5607	0.4566	0.105	1.3885
0.4599	0.4706	0.4952	0.3628	0.3672	0.4727	0.4828	0.3295	0.2191	0.777814
0.4636	0.4653	0.4619	0.3555	0.3279	0.2825	0.3956	0.3077	0.2747	0.95091
0.4718	0.4709	0.4859	0.3891	0.3376	0.4317	0.3855	0.2626	0.2793	0.102332
0.4501	0.4545	0.4579	0.3261	0.2902	0.3244	0.4924	0.3553	0.3858	1.65149
0.4502	0.4534	0.4795	0.3488	0.3514	0.4253	0.5849	0.5409	0.4088	1.12348
0.4462	0.439	0.48	0.3341	0.2732	0.4327	0.5821	0.4851	0.4552	1.45856
0.4633	0.4691	0.491	0.3829	0.3362	0.4536	0.5207	0.28	0.2514	0.265569
0.4377	0.4367	0.4937	0.285	0.2447	0.4802	0.5294	0.4529	0.4824	2.50956
0.4734	0.4635	0.4977	0.3911	0.2643	0.4511	0.3642	0.2428	0.0526	0.0485777
0.4525	0.4588	0.493	0.331	0.3082	0.4745	0.4756	0.3415	0.3902	1.52811
0.4524	0.4464	0.4951	0.3446	0.2629	0.4815	0.5269	0.3892	0.3653	1.22165
0.4557	0.4693	0.479	0.3614	0.3819	0.4213	0.5495	0.4	0.3956	0.8196
0.4601	0.4538	0.4937	0.3822	0.2996	0.4734	0.5833	0.3788	0.3182	0.283025
0.4657	0.4657	0.4656	0.3757	0.3238	0.3388	0.4379	0.2959	0.3254	0.450056
0.4638	0.4555	0.4874	0.391	0.2755	0.442	0.5614	0.3235	0.2941	0.0507796
0.4507	0.4423	0.4731	0.3694	0.244	0.411	0.7021	0.4	0.4759	0.616283
0.4476	0.4526	0.4919	0.3482	0.308	0.4687	0.6279	0.4109	0.3615	1.13223
0.4701	0.4693	0.4892	0.3782	0.3536	0.4468	0.3716	0.3129	0.2703	0.380421
0.4318	0.4275	0.4717	0.3476	0.2643	0.4158	0.9683	0.5952	0.5547	1.16258
0.453	0.4502	0.4966	0.3426	0.2953	0.4874	0.5101	0.4094	0.3691	1.26019
0.4667	0.4599	0.4643	0.3889	0.2926	0.3309	0.4839	0.3057	0.3248	0.10635
0.4547	0.4518	0.4985	0.3412	0.2685	0.4878	0.479	0.3473	0.1406	1.29527
0.4685	0.4683	0.4838	0.3731	0.3121	0.4222	0.3801	0.2515	0.2865	0.512298
0.4461	0.4431	0.4834	0.3651	0.3196	0.4407	0.775	0.5702	0.4146	0.724059
0.4794	0.4847	0.4943	0.4148	0.3688	0.4564	0.3497	0.1522	0.1576	-0.595078
0.4717	0.4746	0.4949	0.4071	0.3522	0.4672	0.4852	0.2442	0.1919	-0.386698
0.4649	0.4537	0.4853	0.4037	0.29	0.4338	0.6375	0.3625	0.3062	-0.294455
0.4541	0.4482	0.4986	0.3329	0.2688	0.4783	0.4586	0.3822	0.073	1.47896
0.4477	0.449	0.4978	0.3575	0.3412	0.4708	0.6824	0.5676	0.0857	0.915714
0.446	0.4366	0.4396	0.3468	0.2733	0.2694	0.6488	0.5119	0.4702	1.17885
0.4456	0.4517	0.4424	0.3486	0.3461	0.2633	0.6667	0.5449	0.4295	1.13425
0.4605	0.4622	0.4612	0.379	0.3583	0.3176	0.5541	0.4268	0.3333	0.367446
0.457	0.4596	0.4964	0.3721	0.3366	0.4668	0.5844	0.3961	0.1273	0.545188
0.4669	0.4656	0.4914	0.4055	0.3449	0.4586	0.5987	0.3399	0.2745	-0.34401
0.4639	0.4597	0.4609	0.3926	0.3196	0.3592	0.5695	0.3548	0.4503	0.00827404
0.471	0.4672	0.4933	0.3878	0.3056	0.4634	0.3931	0.2543	0.2312	0.136568
0.4559	0.4521	0.4542	0.3568	0.2911	0.2897	0.5238	0.381	0.3571	0.927181
0.4698	0.4667	0.4955	0.3911	0.3444	0.4812	0.4315	0.3243	0.3219	0.0489523
0.4561	0.4544	0.4596	0.3469	0.2905	0.2965	0.4787	0.3564	0.3141	1.16834
0.4665	0.4672	0.4712	0.3922	0.3458	0.3441	0.5071	0.3214	0.2695	0.0190721
0.4731	0.4749	0.4902	0.3775	0.3664	0.4408	0.3214	0.2679	0.2118	0.397785
0.439	0.4311	0.4884	0.3165	0.2246	0.4615	0.6184	0.4737	0.4474	1.86287
0.4582	0.458	0.467	0.3706	0.3166	0.3348	0.5515	0.3676	0.3015	0.580085
0.4601	0.4639	0.4973	0.36	0.3436	0.4876	0.4674	0.3587	0.288	0.847475
0.4769	0.4748	0.4875	0.4054	0.3451	0.4155	0.3567	0.2312	0.1908	-0.334965
0.4608	0.4577	0.4676	0.3821	0.3608	0.3345	0.5683	0.5108	0.2937	0.286321
0.4626	0.4574	0.4948	0.3677	0.2637	0.4775	0.4561	0.2924	0.3099	0.654078
0.4401	0.4335	0.4936	0.34	0.2074	0.4785	0.7211	0.4286	0.4286	1.33735
0.4676	0.4636	0.4798	0.403	0.3584	0.3979	0.5575	0.4057	0.2747	-0.275721
0.4507	0.4365	0.4994	0.3478	0.2327	0.4892	0.5698	0.436	0.0609	1.15053
0.4304	0.4233	0.4843	0.3057	0.2345	0.4593	0.7051	0.5705	0.6538	2.10528
0.4668	0.4503	0.4986	0.403	0.2734	0.4811	0.5774	0.369	0.0789	-0.275367
0.4652	0.4779	0.4847	0.3893	0.352	0.4205	0.5172	0.2067	0.2584	0.0974044
0.4591	0.4535	0.459	0.3797	0.2868	0.3181	0.5882	0.3595	0.3595	0.35149
0.4351	0.4337	0.4412	0.3454	0.3005	0.3273	0.8676	0.6324	0.6324	1.21461
0.4282	0.4648	0.4851	0.3157	0.306	0.4605	0.797	0.277	0.6316	1.88766
0.4562	0.4927	0.4519	0.3712	0.4714	0.2491	0.5959	0.3537	0.3219	0.569316
0.4611	0.4948	0.4954	0.3737	0.4574	0.4604	0.5125	0.1469	0.1356	0.502263
0.4566	0.4602	0.4949	0.3697	0.2844	0.4798	0.5776	0.2919	0.3478	0.60832
0.4495	0.4576	0.4929	0.3274	0.3368	0.4693	0.506	0.4226	0.3095	1.61396
0.4672	0.4636	0.4738	0.392	0.3311	0.3478	0.4902	0.3333	0.2468	0.025708
0.4604	0.4626	0.4872	0.3588	0.3064	0.4462	0.4571	0.2994	0.3314	0.876256
0.4644	0.4624	0.4959	0.3708	0.3063	0.4561	0.4392	0.3016	0.1068	0.577252
0.4542	0.4542	0.496	0.3535	0.2989	0.4848	0.5374	0.3741	0.3605	1.00356
0.4525	0.4558	0.4815	0.3647	0.3434	0.4334	0.6304	0.471	0.413	0.73108
0.4421	0.4296	0.4961	0.3571	0.2756	0.4514	0.8015	0.6031	0.0927	0.927957
0.4774	0.4802	0.4974	0.4128	0.3527	0.4673	0.3851	0.1829	0.0889	-0.540616
0.4486	0.4489	0.4924	0.3317	0.3232	0.476	0.5352	0.5	0.4789	1.50925
0.4615	0.4601	0.4769	0.3802	0.305	0.379	0.5422	0.3234	0.2695	0.336441
0.4543	0.4549	0.4913	0.38	0.3544	0.4671	0.7029	0.529	0.3696	0.344146
0.4721	0.4747	0.4735	0.4103	0.3685	0.3544	0.4966	0.2752	0.2617	-0.47524
0.4545	0.4447	0.4881	0.3809	0.253	0.4576	0.7068	0.391	0.406	0.319889
0.449	0.4423	0.499	0.3386	0.2634	0.4865	0.5563	0.4305	0.0824	1.35874
0.479	0.4757	0.4813	0.4261	0.3507	0.3659	0.4303	0.2294	0.1871	-0.922052
0.4519	0.4485	0.478	0.3365	0.2708	0.4237	0.5034	0.3826	0.4392	1.40097
0.4344	0.4291	0.4935	0.3176	0.2473	0.482	0.6978	0.5357	0.5714	1.84152
0.46	0.4678	0.4752	0.3604	0.2838	0.3921	0.4693	0.2253	0.3352	0.837527
0.4539	0.4457	0.4953	0.3591	0.2548	0.4821	0.5706	0.3842	0.3672	0.876771
0.4549	0.4648	0.4603	0.3447	0.3656	0.3374	0.4882	0.4118	0.3882	1.21482
0.4618	0.4576	0.4683	0.3905	0.3174	0.3569	0.6043	0.3741	0.3333	0.0658618
0.4594	0.4519	0.454	0.3675	0.2448	0.2716	0.5135	0.3176	0.3311	0.657051
0.4514	0.4534	0.483	0.358	0.2987	0.4376	0.6118	0.3816	0.4013	0.900124
0.4628	0.4653	0.4777	0.3653	0.3142	0.3747	0.4438	0.284	0.2485	0.713521
0.4631	0.4631	0.4894	0.371	0.3077	0.451	0.463	0.2963	0.2901	0.570107
0.4614	0.464	0.4762	0.369	0.2936	0.3878	0.4828	0.2686	0.3046	0.623831
0.4521	0.4445	0.4875	0.3527	0.238	0.4552	0.5705	0.3718	0.4038	1.02729
0.4683	0.4757	0.4809	0.3946	0.4034	0.3858	0.4833	0.3722	0.227	-0.0457417
0.4687	0.4674	0.4945	0.398	0.3348	0.4717	0.4942	0.2965	0.2486	-0.137197
0.4728	0.4726	0.4954	0.399	0.349	0.4791	0.4107	0.2619	0.2857	-0.163918
0.4667	0.4625	0.4931	0.3824	0.3488	0.4751	0.4494	0.3911	0.3911	0.277909
0.4649	0.4698	0.4982	0.383	0.313	0.4709	0.4878	0.2384	0.0659	0.262641
0.4655	0.4779	0.4832	0.3754	0.3377	0.4281	0.4395	0.189	0.3291	0.455237
0.4579	0.4529	0.4777	0.3597	0.2477	0.4039	0.5029	0.3121	0.3353	0.856359
0.454	0.4412	0.4982	0.3892	0.2743	0.4849	0.8043	0.4638	0.1382	0.099704
0.4655	0.4675	0.493	0.3891	0.3592	0.4718	0.5099	0.351	0.3377	0.102824
0.464	0.4639	0.4967	0.3847	0.3108	0.4849	0.515	0.2934	0.2874	0.217806
0.4221	0.425	0.4974	0.3008	0.2828	0.4647	0.8199	0.6894	0.0837	2.22079
0.4616	0.4617	0.4958	0.3635	0.3401	0.4765	0.4556	0.3778	0.2253	0.759554
0.4556	0.4526	0.4952	0.3704	0.3005	0.4777	0.6026	0.3947	0.2803	0.589722
0.4534	0.4532	0.4962	0.3908	0.2801	0.4837	0.8408	0.3515	0.3072	0.0570575
0.4568	0.4634	0.4909	0.3551	0.3322	0.4654	0.5	0.3374	0.3681	0.965881
0.4781	0.4781	0.4893	0.4042	0.3529	0.4281	0.3278	0.2056	0.1889	-0.301068
0.4703	0.467	0.488	0.3757	0.2911	0.4372	0.3593	0.2395	0.2515	0.445843
0.4693	0.4689	0.49	0.3767	0.3354	0.4481	0.3801	0.2807	0.2515	0.421587
0.4568	0.4516	0.494	0.3796	0.2862	0.4772	0.6395	0.3779	0.3663	0.355641
0.4502	0.446	0.4855	0.3466	0.3111	0.4531	0.5735	0.5	0.4706	1.16662
0.4628	0.4743	0.4973	0.3804	0.3637	0.4637	0.5159	0.2706	0.0838	0.330384
0.4509	0.4459	0.4971	0.338	0.2817	0.4672	0.5238	0.4286	0.1005	1.37433
0.468	0.4745	0.4819	0.3908	0.3335	0.4005	0.4667	0.2176	0.2471	0.0557609
0.4696	0.4655	0.4876	0.412	0.3274	0.4331	0.5811	0.3041	0.2432	-0.52437
0.4474	0.4434	0.4935	0.351	0.2971	0.4801	0.6471	0.4926	0.5	1.06966
0.4623	0.4668	0.4845	0.3629	0.3572	0.4344	0.4417	0.3558	0.3313	0.771498
0.4632	0.4712	0.4959	0.3785	0.3431	0.4814	0.4972	0.2682	0.2865	0.381346
0.4695	0.4616	0.4745	0.3878	0.312	0.3701	0.4233	0.319	0.2822	0.134343
0.4639	0.4705	0.4976	0.3848	0.3574	0.472	0.5176	0.3059	0.0952	0.217374
0.4728	0.4783	0.4952	0.4054	0.3555	0.4708	0.4465	0.2073	0.2012	-0.337481
0.4652	0.4695	0.4968	0.3406	0.3539	0.4817	0.335	0.31	0.215	1.29894
0.4626	0.4557	0.4929	0.3799	0.3078	0.4743	0.5175	0.375	0.3889	0.342054
0.4664	0.465	0.4885	0.3816	0.3718	0.4541	0.4522	0.4331	0.3503	0.298122
0.4681	0.4722	0.4903	0.3884	0.3296	0.4525	0.453	0.2366	0.2688	0.121095
0.458	0.4519	0.478	0.3704	0.2645	0.4069	0.5542	0.3413	0.3413	0.590463
0.462	0.4562	0.4927	0.3835	0.306	0.4745	0.5497	0.3657	0.407	0.251923
0.4625	0.4533	0.4713	0.3833	0.2832	0.4008	0.5399	0.3558	0.454	0.255914
0.4741	0.4769	0.4974	0.3891	0.3729	0.4852	0.3439	0.2548	0.2166	0.098822
0.4636	0.4619	0.4845	0.3611	0.3245	0.4376	0.4151	0.3396	0.3522	0.811021
0.4392	0.4426	0.4823	0.3189	0.3059	0.4419	0.6268	0.5282	0.4648	1.80504
0.4841	0.4811	0.4957	0.4415	0.3609	0.468	0.3963	0.1829	0.1585	-1.36807
0.4482	0.441	0.4906	0.3504	0.2448	0.4678	0.6284	0.4122	0.4257	1.08642
0.468	0.4694	0.4975	0.3909	0.3542	0.4862	0.4667	0.3131	0.2222	0.0552832
0.4668	0.4585	0.4815	0.3768	0.2743	0.4213	0.422	0.2948	0.3353	0.421766
0.4567	0.4553	0.4902	0.372	0.3179	0.4587	0.5909	0.4026	0.3247	0.550177
0.4753	0.4735	0.4963	0.4113	0.3477	0.4796	0.4244	0.25	0.2267	-0.501579
0.4466	0.4445	0.4892	0.3413	0.3205	0.4655	0.609	0.553	0.4697	1.29368
0.4625	0.4682	0.4983	0.3454	0.3349	0.4804	0.3818	0.2874	0.0955	1.18291
0.4388	0.4303	0.4715	0.3406	0.2669	0.413	0.75	0.5694	0.5347	1.32553
0.4541	0.4567	0.4953	0.3418	0.3281	0.4787	0.4901	0.4106	0.2895	1.27718
0.4377	0.4427	0.4492	0.3131	0.2901	0.302	0.6242	0.4832	0.4362	1.93436
0.4586	0.4649	0.4946	0.3354	0.343	0.4775	0.4051	0.3439	0.3248	1.41444
0.451	0.452	0.4547	0.3353	0.2788	0.311	0.5127	0.3608	0.3924	1.43154
0.4515	0.451	0.4879	0.3508	0.3287	0.4622	0.5714	0.489	0.489	1.08111
0.4692	0.4682	0.4906	0.395	0.3453	0.46	0.4651	0.3081	0.3198	-0.0556381
0.4622	0.453	0.4897	0.3814	0.3097	0.4651	0.5342	0.4099	0.4348	0.305916
0.4542	0.4495	0.4941	0.3674	0.2636	0.479	0.6118	0.3618	0.4013	0.667242
0.4536	0.4532	0.4953	0.3648	0.332	0.4818	0.609	0.4679	0.3526	0.731169
0.4619	0.4636	0.4884	0.4016	0.356	0.4649	0.7023	0.3971	0.5115	-0.236194
0.4513	0.4533	0.4961	0.3569	0.3245	0.4866	0.6067	0.4437	0.4172	0.927492
0.4576	0.4608	0.4898	0.3599	0.313	0.451	0.5081	0.3297	0.2757	0.852986
0.4667	0.4682	0.4943	0.3888	0.3696	0.4788	0.4833	0.3722	0.3722	0.109686
0.4503	0.4418	0.4986	0.339	0.2444	0.4847	0.538	0.4051	0.1011	1.35124
0.4594	0.4511	0.4501	0.376	0.3223	0.288	0.5584	0.4675	0.3961	0.446241
0.4647	0.4581	0.4902	0.3945	0.3239	0.4634	0.564	0.382	0.3807	-0.042296
0.4755	0.4774	0.497	0.3844	0.3397	0.4828	0.3058	0.1962	0.2105	0.223399
0.4581	0.4571	0.4937	0.3439	0.326	0.4732	0.4387	0.4	0.3185	1.22318
0.4661	0.4576	0.4973	0.3901	0.2798	0.4696	0.503	0.3095	0.1	0.0743689
0.4775	0.4762	0.4965	0.4133	0.3496	0.4824	0.3856	0.2222	0.2549	-0.552448
0.4618	0.4597	0.4655	0.3689	0.2528	0.3401	0.4756	0.2622	0.3293	0.624936
0.4694	0.4668	0.4987	0.4045	0.3102	0.4859	0.5241	0.2635	0.105	-0.317041
0.4626	0.4643	0.47	0.374	0.3188	0.3497	0.4865	0.302	0.2953	0.493162
0.4534	0.4539	0.49	0.3434	0.3153	0.4602	0.5068	0.4122	0.3514	1.23937
0.4594	0.457	0.463	0.3721	0.3462	0.3706	0.5374	0.4626	0.4626	0.542364
0.4671	0.4664	0.4798	0.3824	0.3623	0.3712	0.443	0.3758	0.2148	0.276248
0.455	0.4496	0.498	0.351	0.2385	0.4816	0.5122	0.3293	0.1271	1.06734
0.4316	0.4306	0.4816	0.3165	0.2877	0.4472	0.7403	0.6299	0.5649	1.87595
0.4547	0.4513	0.4926	0.3509	0.3147	0.4726	0.517	0.4422	0.381	1.06358
0.4785	0.4784	0.4944	0.4193	0.3837	0.4695	0.3966	0.2586	0.2343	-0.724697
0.4763	0.4785	0.4808	0.4	0.3797	0.3756	0.3466	0.2486	0.209	-0.189274
0.4553	0.457	0.4934	0.3609	0.3264	0.4748	0.5535	0.4025	0.3648	0.828027
0.4564	0.4511	0.4933	0.3623	0.2945	0.473	0.5405	0.3986	0.3378	0.788274
0.4762	0.4763	0.4983	0.393	0.3469	0.4892	0.3212	0.2176	0.1917	-0.00299413
0.4549	0.4524	0.4865	0.3761	0.2982	0.4471	0.6584	0.3913	0.3602	0.446948
0.4339	0.4255	0.4919	0.3348	0.2582	0.4773	0.8095	0.6032	0.5714	1.45787
0.4633	0.4648	0.4651	0.3567	0.3264	0.3375	0.4046	0.3103	0.3295	0.920482
0.4428	0.4431	0.4419	0.3349	0.324	0.2625	0.6429	0.5873	0.4331	1.44152
0.4689	0.4726	0.4965	0.377	0.3018	0.4795	0.388	0.2011	0.212	0.415189
0.4419	0.4341	0.4763	0.3393	0.2465	0.4268	0.6835	0.482	0.518	1.34944
0.4504	0.4634	0.4429	0.353	0.3657	0.23	0.6015	0.4361	0.3759	1.0164
0.4422	0.44	0.4731	0.3472	0.2883	0.4107	0.7266	0.5108	0.4748	1.16679
0.4597	0.4595	0.4765	0.3379	0.3254	0.3832	0.3988	0.369	0.2857	1.35948
0.4464	0.4474	0.4919	0.3414	0.3171	0.4726	0.6124	0.5	0.4308	1.29072
0.4588	0.4582	0.4913	0.362	0.3072	0.462	0.4967	0.3464	0.3077	0.795621
0.4617	0.4609	0.4644	0.3699	0.34	0.3438	0.4817	0.3879	0.3515	0.59895
0.4521	0.446	0.498	0.3565	0.2997	0.478	0.5899	0.4676	0.1019	0.932456
0.4513	0.4383	0.4801	0.3538	0.2806	0.4392	0.5899	0.5108	0.518	0.998726
0.4667	0.4618	0.4987	0.3826	0.3198	0.4837	0.4514	0.3314	0.0895	0.273588
0.4698	0.4704	0.4897	0.3928	0.341	0.4469	0.4417	0.274	0.2548	0.00280821
0.4545	0.441	0.4554	0.3703	0.297	0.3327	0.625	0.5221	0.4412	0.591164
0.462	0.4566	0.4835	0.3794	0.3296	0.4195	0.527	0.4161	0.2819	0.355013
0.4791	0.4789	0.4877	0.4227	0.3939	0.4219	0.4012	0.2778	0.2037	-0.819591
0.4636	0.4561	0.4951	0.3862	0.295	0.4826	0.5333	0.3467	0.4	0.177559
0.4638	0.4652	0.4917	0.3725	0.3011	0.4607	0.4561	0.2674	0.2791	0.533534
0.47	0.4766	0.4794	0.4105	0.3533	0.3809	0.5556	0.2237	0.2381	-0.480878
0.4842	0.4862	0.4874	0.4203	0.394	0.3862	0.2684	0.1675	0.1406	-0.740049
0.4444	0.4422	0.4765	0.3669	0.2932	0.4244	0.8345	0.4966	0.4897	0.684511
0.4609	0.4593	0.488	0.3353	0.2747	0.4483	0.375	0.288	0.3207	1.42244
0.4457	0.4345	0.4619	0.353	0.2753	0.3793	0.6947	0.542	0.5267	1.02083
0.4619	0.4616	0.467	0.3473	0.3354	0.3385	0.3946	0.3676	0.3081	1.14751
0.465	0.4572	0.4827	0.4076	0.3173	0.4193	0.6755	0.3775	0.298	-0.405517
0.4423	0.4415	0.4876	0.3322	0.2738	0.4599	0.6369	0.4586	0.465	1.51558
0.473	0.4667	0.4838	0.4152	0.3648	0.4162	0.5114	0.3807	0.2614	-0.617229
0.4796	0.479	0.4938	0.4204	0.3759	0.4596	0.375	0.233	0.1875	-0.755044
0.4628	0.4656	0.4919	0.3514	0.3039	0.457	0.3944	0.2667	0.2444	1.04821
0.4678	0.4731	0.4972	0.3615	0.3516	0.4812	0.3532	0.2615	0.1818	0.806775
0.461	0.4618	0.4811	0.3864	0.374	0.4198	0.5929	0.5	0.3356	0.175115
0.4484	0.4626	0.4904	0.3553	0.3534	0.4669	0.6538	0.4037	0.4224	0.969443
0.4518	0.4497	0.4829	0.3599	0.305	0.4317	0.6144	0.4379	0.3595	0.853754
0.4591	0.4582	0.4952	0.3637	0.3159	0.458	0.5	0.363	0.1333	0.751342
0.4614	0.4884	0.4949	0.3748	0.4618	0.465	0.5125	0.4562	0.1771	0.474855
0.4713	0.469	0.4776	0.3861	0.34	0.4074	0.3812	0.2873	0.3536	0.181377
0.4685	0.4721	0.4695	0.3743	0.3567	0.3379	0.3846	0.284	0.2781	0.482581
0.476	0.4725	0.4961	0.4	0.3373	0.4769	0.3512	0.244	0.2083	-0.189324
0.4747	0.4787	0.4971	0.4145	0.3802	0.4821	0.4615	0.2469	0.1975	-0.590854
0.4653	0.4661	0.495	0.3512	0.3005	0.476	0.3602	0.2581	0.2688	1.05
0.4676	0.4656	0.4635	0.3847	0.3386	0.2947	0.4438	0.325	0.275	0.218086
0.4648	0.4653	0.4833	0.3772	0.3296	0.4253	0.4596	0.3106	0.3106	0.412616
0.4712	0.4712	0.4674	0.3976	0.3442	0.2886	0.4375	0.2697	0.233	-0.125325
0.4736	0.4687	0.4719	0.4049	0.3536	0.3467	0.4262	0.3207	0.2663	-0.326128
0.4608	0.4706	0.495	0.3795	0.3651	0.4798	0.5523	0.3237	0.3353	0.356436
0.4499	0.4515	0.484	0.353	0.3331	0.4439	0.6115	0.4968	0.4241	1.0242
0.471	0.4646	0.4964	0.4074	0.3242	0.4828	0.5037	0.3088	0.2721	-0.392104
0.4313	0.4298	0.4307	0.3252	0.2834	0.2771	0.7969	0.625	0.5938	1.67638
0.4664	0.4667	0.4901	0.3912	0.3105	0.4541	0.5031	0.2654	0.2883	0.0460352
0.4732	0.4675	0.4902	0.3841	0.3043	0.4587	0.3409	0.25	0.3239	0.230403
0.4674	0.4698	0.4948	0.3834	0.3532	0.4777	0.4406	0.3056	0.3125	0.249138
0.4764	0.4757	0.4758	0.3969	0.336	0.3409	0.3315	0.2088	0.2143	-0.106232
0.4746	0.4664	0.474	0.4118	0.3458	0.3794	0.4457	0.3314	0.3143	-0.517276
0.462	0.449	0.4952	0.3776	0.2228	0.4813	0.5167	0.3187	0.3516	0.405489
0.4618	0.4577	0.4675	0.3796	0.3051	0.3378	0.5316	0.3478	0.3006	0.353191
0.4481	0.449	0.4645	0.34	0.307	0.3629	0.5776	0.4506	0.4074	1.33274
0.4444	0.4488	0.4496	0.3695	0.332	0.3321	0.8613	0.5324	0.5217	0.619602
0.458	0.4656	0.4966	0.3838	0.3901	0.469	0.6438	0.5137	0.1273	0.244505
0.4695	0.4716	0.4839	0.3808	0.2981	0.4039	0.3923	0.2065	0.2228	0.317235
0.4598	0.4683	0.4751	0.3604	0.356	0.3649	0.473	0.3311	0.2628	0.830255
0.4565	0.4503	0.4735	0.3684	0.2444	0.4122	0.5726	0.3306	0.4758	0.632647
0.4502	0.452	0.4909	0.3644	0.3257	0.4733	0.6774	0.465	0.529	0.745527
0.4402	0.4304	0.492	0.3101	0.2099	0.4763	0.5764	0.4583	0.5208	1.98998
0.4685	0.4613	0.4951	0.3753	0.3143	0.4792	0.3889	0.326	0.3111	0.457922
0.4622	0.4593	0.4654	0.3877	0.3245	0.3152	0.5732	0.3694	0.2848	0.140343
0.4692	0.4658	0.495	0.3799	0.2929	0.4757	0.3946	0.2517	0.2653	0.337147
0.4634	0.4673	0.4931	0.3814	0.3786	0.4543	0.5082	0.4208	0.1852	0.307249
0.4602	0.4598	0.4981	0.3565	0.3112	0.4787	0.4514	0.3371	0.1	0.930917
0.4494	0.4467	0.4906	0.353	0.2709	0.4683	0.62	0.4	0.4333	1.02369
0.4648	0.4742	0.4716	0.3482	0.3232	0.3475	0.358	0.2086	0.2716	1.11132
0.4716	0.4696	0.4867	0.3944	0.3253	0.4254	0.4118	0.2567	0.2353	-0.0395589
0.4614	0.4597	0.4917	0.3707	0.3263	0.4406	0.4912	0.3684	0.172	0.580319
0.4799	0.4776	0.4988	0.4212	0.3489	0.4855	0.3713	0.2059	0.0929	-0.774418
0.4561	0.456	0.466	0.3427	0.3191	0.3507	0.4631	0.396	0.349	1.25129
0.4595	0.4585	0.4839	0.3601	0.304	0.425	0.4767	0.3372	0.2965	0.84461
0.4668	0.4667	0.4642	0.3764	0.3145	0.3013	0.4214	0.2704	0.2767	0.429446
0.469	0.4627	0.4903	0.4037	0.3606	0.4499	0.5267	0.4267	0.2517	-0.293228
0.4658	0.4639	0.4941	0.3805	0.3329	0.4718	0.4583	0.3333	0.2722	0.326505
0.4494	0.44	0.4625	0.3471	0.2674	0.3473	0.5903	0.4621	0.3867	1.15975
0.4651	0.459	0.4867	0.3815	0.3366	0.4418	0.4768	0.404	0.3137	0.299982
0.4244	0.4252	0.4915	0.3136	0.2542	0.4772	0.855	0.5954	0.6031	1.93828
0.4828	0.4824	0.4965	0.4383	0.3981	0.4758	0.4107	0.2321	0.1726	-1.27693
0.4626	0.4552	0.491	0.3767	0.248	0.4666	0.5	0.2937	0.3803	0.424316
0.4623	0.4587	0.4918	0.358	0.2984	0.47	0.4236	0.3264	0.3889	0.882807
0.4738	0.4656	0.496	0.4047	0.3366	0.4827	0.4211	0.3211	0.3053	-0.321205
0.4439	0.4398	0.4486	0.3416	0.2907	0.2991	0.6582	0.519	0.4367	1.30004
0.4664	0.4705	0.4942	0.3585	0.3572	0.4711	0.3653	0.3054	0.2575	0.869733
0.4671	0.4604	0.4937	0.3902	0.2718	0.4709	0.4831	0.2753	0.2865	0.0733423
0.4604	0.4629	0.494	0.3728	0.3329	0.4738	0.5207	0.345	0.3041	0.528073
0.4737	0.4689	0.4981	0.3871	0.2899	0.4882	0.3439	0.2222	0.1958	0.154076
0.4618	0.4655	0.4723	0.3798	0.3286	0.3852	0.5333	0.3066	0.3603	0.343314
0.4408	0.4386	0.477	0.3577	0.2983	0.4334	0.8406	0.5571	0.5643	0.913938
0.4675	0.4696	0.4951	0.3831	0.3383	0.4779	0.4383	0.2781	0.2945	0.259561
0.4709	0.4638	0.4776	0.414	0.3638	0.3943	0.5605	0.4214	0.3019	-0.582517
0.4588	0.457	0.4911	0.3693	0.3175	0.4636	0.5325	0.3806	0.3355	0.615726
0.4409	0.4364	0.4669	0.3367	0.2368	0.3989	0.6859	0.443	0.5443	1.41491
0.4591	0.4632	0.4659	0.3566	0.3064	0.331	0.4688	0.2938	0.3062	0.92542
0.4491	0.4417	0.4972	0.3828	0.3256	0.4669	0.8769	0.6154	0.0952	0.272112
0.4707	0.4686	0.4959	0.42	0.3178	0.4787	0.6316	0.2566	0.2418	-0.757959
0.4718	0.4705	0.4827	0.4034	0.3657	0.3977	0.4568	0.3272	0.227	-0.282436
0.4692	0.4687	0.4828	0.3839	0.3054	0.405	0.41	0.24	0.245	0.239557
0.447	0.4455	0.4657	0.3456	0.2587	0.3775	0.6242	0.3922	0.4444	1.19961
0.4648	0.4647	0.476	0.3963	0.3172	0.3705	0.5769	0.2949	0.2628	-0.0915313
0.4433	0.4411	0.4855	0.3328	0.2633	0.4558	0.6233	0.443	0.5102	1.4965
0.4671	0.4777	0.494	0.396	0.4063	0.4652	0.5192	0.3459	0.2147	-0.0816205
0.468	0.4643	0.4991	0.3708	0.3368	0.4848	0.3795	0.3373	0.0604	0.568708
0.4641	0.4659	0.4878	0.3911	0.3585	0.4528	0.5549	0.372	0.3659	0.0494401
0.4614	0.4606	0.4917	0.3673	0.3161	0.4668	0.4759	0.3373	0.3434	0.66486
0.4453	0.4413	0.4689	0.3508	0.2887	0.387	0.6879	0.4965	0.4306	1.07743
0.4342	0.4249	0.4726	0.3137	0.2733	0.421	0.6815	0.6561	0.5796	1.93164
0.4639	0.4551	0.497	0.3597	0.2717	0.4877	0.4048	0.3214	0.3214	0.846592
0.4689	0.4694	0.4675	0.3819	0.331	0.3355	0.407	0.2674	0.2965	0.288802
0.4734	0.4654	0.494	0.391	0.292	0.4717	0.3632	0.2547	0.2783	0.0508954
0.4649	0.4654	0.497	0.3789	0.3213	0.4866	0.4667	0.2944	0.2944	0.369798
0.4386	0.4328	0.4953	0.3483	0.285	0.4721	0.8106	0.5909	0.2099	1.14152
0.4646	0.4529	0.4971	0.379	0.2951	0.4709	0.4718	0.3803	0.1118	0.364119
0.471	0.4662	0.4869	0.4078	0.3212	0.4388	0.5061	0.2866	0.2909	-0.408101
0.4702	0.4673	0.4948	0.3848	0.3015	0.4733	0.3955	0.2486	0.2486	0.213735
0.4543	0.455	0.468	0.3409	0.3347	0.3473	0.4843	0.4528	0.3145	1.30049
0.4748	0.4739	0.4762	0.3973	0.3551	0.3514	0.3642	0.2583	0.2252	-0.115865
0.4475	0.4364	0.4906	0.3542	0.2971	0.4735	0.6646	0.5823	0.5633	0.997854
0.4505	0.4413	0.4834	0.3668	0.2439	0.4401	0.6871	0.4082	0.4082	0.682435
0.4668	0.4663	0.4977	0.3699	0.3244	0.4882	0.3953	0.2907	0.2442	0.594452
0.4568	0.4567	0.4879	0.3621	0.3481	0.4587	0.5328	0.4745	0.4307	0.790015
0.4532	0.4445	0.4793	0.3661	0.2653	0.429	0.626	0.4122	0.4427	0.695408
0.4511	0.4516	0.4608	0.3794	0.3236	0.36	0.781	0.4638	0.4545	0.360214
0.4384	0.4558	0.4698	0.3429	0.2877	0.3709	0.7744	0.338	0.3521	1.26948
0.4551	0.4495	0.4517	0.3548	0.2777	0.303	0.5285	0.3834	0.4093	0.981232
0.4623	0.4629	0.4765	0.3856	0.3392	0.4105	0.559	0.3602	0.3913	0.194368
0.4573	0.4481	0.4818	0.3913	0.276	0.4447	0.7284	0.3952	0.5185	0.0446941
0.4723	0.4723	0.4964	0.4082	0.3484	0.4837	0.4762	0.2653	0.2857	-0.414458
0.4432	0.4505	0.451	0.3021	0.3289	0.2984	0.509	0.497	0.4072	2.16009
0.4567	0.4952	0.4976	0.3464	0.4796	0.4893	0.4684	0.3177	0.2969	1.1779
0.464	0.4725	0.4938	0.3763	0.3347	0.4671	0.4702	0.2403	0.2403	0.434637
0.4769	0.474	0.4973	0.4125	0.3382	0.4696	0.3949	0.2293	0.1006	-0.53104
0.4535	0.4552	0.4656	0.3373	0.3203	0.3465	0.4819	0.4096	0.3434	1.38491
0.4567	0.4566	0.4495	0.3675	0.3343	0.3131	0.5625	0.4297	0.4609	0.657485
0.4543	0.4528	0.4451	0.3563	0.332	0.2523	0.5497	0.4737	0.386	0.942183
0.4704	0.4737	0.4985	0.3718	0.3661	0.4805	0.3466	0.2841	0.0856	0.543982
0.4668	0.4661	0.4864	0.3699	0.294	0.433	0.3953	0.25	0.2733	0.595199
0.4653	0.4745	0.4962	0.3583	0.3708	0.4807	0.3804	0.2834	0.2513	0.881011
0.4727	0.4651	0.492	0.4248	0.3308	0.4674	0.6164	0.3154	0.3356	-0.89486
0.465	0.467	0.467	0.3693	0.3145	0.3341	0.4231	0.2675	0.2994	0.607774
0.4582	0.4558	0.4983	0.3435	0.3197	0.4833	0.4362	0.4	0.1145	1.22947
0.4592	0.4557	0.4636	0.3721	0.2814	0.3376	0.5404	0.3292	0.3478	0.545504
0.4506	0.4518	0.4741	0.3497	0.3314	0.403	0.5811	0.4865	0.4054	1.09863
0.4382	0.4211	0.4761	0.3422	0.2092	0.4357	0.774	0.5442	0.6327	1.28855
0.4733	0.4742	0.4974	0.4091	0.3572	0.4803	0.4577	0.2587	0.1554	-0.438925
0.4575	0.4548	0.4981	0.367	0.3173	0.4786	0.5465	0.407	0.0979	0.675689
0.454	0.4592	0.4715	0.3421	0.3384	0.3773	0.4933	0.4067	0.3467	1.27011
0.4733	0.4704	0.4848	0.4003	0.2922	0.4256	0.4087	0.2115	0.2788	-0.201268
0.4589	0.4611	0.4575	0.3248	0.2961	0.2134	0.3756	0.2995	0.2487	1.66141
0.4523	0.4519	0.4941	0.3576	0.2961	0.4806	0.5933	0.3933	0.44	0.908096
0.4708	0.4744	0.4906	0.3745	0.3539	0.4471	0.349	0.25	0.2268	0.478417
0.4727	0.4682	0.496	0.407	0.3561	0.4818	0.4596	0.3333	0.2901	-0.382352
0.4636	0.4615	0.486	0.3617	0.3047	0.4398	0.4176	0.3077	0.3242	0.801309
0.467	0.4647	0.4942	0.3875	0.3093	0.4697	0.4691	0.2835	0.2449	0.1444
0.4514	0.4515	0.492	0.3276	0.328	0.4626	0.4798	0.4798	0.2818	1.60769
0.4456	0.4499	0.4949	0.3536	0.3203	0.4481	0.6993	0.4771	0.1143	1.01306
0.4794	0.4807	0.4857	0.4129	0.3716	0.3796	0.3405	0.2032	0.1534	-0.543258
0.4482	0.4445	0.4914	0.3328	0.2757	0.4702	0.5448	0.4315	0.4178	1.48733
0.456	0.4536	0.4875	0.3575	0.3069	0.4538	0.5248	0.3972	0.3901	0.904894
0.4539	0.4546	0.4982	0.3373	0.3135	0.4812	0.4765	0.4	0.1106	1.38724
0.467	0.4625	0.4689	0.3825	0.3216	0.3105	0.4444	0.3272	0.2439	0.274473
0.4584	0.4635	0.4839	0.338	0.3439	0.4321	0.4153	0.3641	0.3333	1.36549
0.4548	0.4493	0.4962	0.3417	0.2358	0.4854	0.479	0.3293	0.3593	1.28486
0.4643	0.4671	0.4726	0.3751	0.356	0.3521	0.4601	0.3476	0.2683	0.466198
0.4661	0.4643	0.4894	0.3573	0.2468	0.4451	0.3651	0.2222	0.254	0.904469
0.4427	0.4417	0.4914	0.3388	0.3288	0.4732	0.6645	0.6316	0.4868	1.36362
0.4585	0.4567	0.4543	0.3562	0.3073	0.3021	0.478	0.3626	0.3791	0.942476
0.4685	0.4697	0.4962	0.3991	0.334	0.4816	0.5053	0.2694	0.268	-0.166794
0.4587	0.4596	0.4671	0.3453	0.3175	0.3421	0.4346	0.3508	0.3141	1.20152
0.4674	0.472	0.4943	0.3829	0.3449	0.4702	0.439	0.2621	0.2427	0.2671
0.4608	0.4487	0.4946	0.3825	0.2465	0.4785	0.5705	0.3462	0.3462	0.277992
0.4554	0.4653	0.4806	0.3415	0.3531	0.4158	0.4691	0.3642	0.3272	1.28518
0.4455	0.4419	0.4767	0.3452	0.3022	0.4026	0.6494	0.526	0.3484	1.21374
0.4714	0.474	0.4843	0.403	0.3271	0.4157	0.4648	0.2153	0.25	-0.2723
0.4408	0.434	0.4761	0.3683	0.3086	0.4368	0.9504	0.662	0.6479	0.65143
0.4682	0.4684	0.4857	0.3817	0.3406	0.4255	0.419	0.2961	0.257	0.297023
0.4741	0.4742	0.4859	0.3935	0.3669	0.429	0.3605	0.2791	0.2674	-0.0142939
0.4483	0.4446	0.4878	0.3238	0.257	0.4573	0.5108	0.3978	0.4194	1.70218
0.4617	0.4647	0.4876	0.3531	0.3539	0.4372	0.4167	0.375	0.2619	1.0079
0.4645	0.4714	0.4981	0.3761	0.3443	0.4716	0.4606	0.2679	0.0749	0.44118
0.4698	0.468	0.4935	0.3953	0.3072	0.4693	0.4552	0.2483	0.2759	-0.0620365
0.4703	0.4623	0.4806	0.3966	0.3093	0.4169	0.451	0.3072	0.3333	-0.0987177
0.4597	0.4616	0.4774	0.3547	0.358	0.4216	0.4528	0.434	0.4403	0.96911
0.444	0.4413	0.4937	0.3441	0.2915	0.4774	0.6712	0.5034	0.3986	1.2384
0.4746	0.4712	0.4732	0.3958	0.3608	0.3548	0.3616	0.3051	0.2655	-0.0773038
0.4392	0.4604	0.4951	0.3062	0.3193	0.4804	0.5753	0.3455	0.3403	2.0933
0.4756	0.4723	0.48	0.3812	0.3435	0.4079	0.2951	0.2568	0.306	0.303079
0.464	0.4962	0.4974	0.3721	0.4536	0.4717	0.4518	0.0924	0.1033	0.541352
0.4658	0.4637	0.4958	0.3715	0.3295	0.4786	0.4177	0.3291	0.25	0.554004
0.436	0.4284	0.4921	0.3043	0.2592	0.4778	0.6143	0.5714	0.5714	2.11394
0.4508	0.4703	0.498	0.371	0.3924	0.4812	0.7121	0.4286	0.1184	0.576078
0.4561	0.4528	0.4811	0.3626	0.2932	0.4192	0.549	0.3782	0.3333	0.782984
0.4282	0.444	0.4893	0.3062	0.3458	0.4641	0.7447	0.6809	0.4397	2.09043
0.458	0.4547	0.4955	0.353	0.3081	0.4536	0.4724	0.3869	0.1121	1.02349
0.4709	0.4683	0.4788	0.3877	0.3142	0.3983	0.3955	0.2542	0.2938	0.137844
0.4793	0.4827	0.497	0.4257	0.3955	0.4673	0.4186	0.2222	0.1027	-0.911863
0.4719	0.4593	0.4785	0.4034	0.2397	0.4028	0.4565	0.2541	0.3152	-0.286512
0.4644	0.4655	0.4834	0.3776	0.3112	0.4244	0.4706	0.2781	0.3048	0.404743
0.4575	0.4569	0.4948	0.3812	0.3246	0.477	0.6369	0.3988	0.3006	0.31264
0.4603	0.4567	0.4851	0.3747	0.2883	0.4361	0.5337	0.3299	0.3247	0.483269
0.4478	0.4411	0.4972	0.3456	0.2944	0.4894	0.6111	0.5139	0.3724	1.19669
0.4306	0.421	0.4335	0.3153	0.2434	0.2887	0.75	0.6172	0.5938	1.89034
0.4508	0.4461	0.4719	0.3687	0.2826	0.3999	0.6944	0.4276	0.4345	0.634546
0.4677	0.4699	0.4983	0.3891	0.2822	0.4749	0.4651	0.2069	0.0765	0.102116
0.4228	0.4312	0.4592	0.3102	0.3169	0.3892	0.8636	0.75	0.6591	2.01255
0.4498	0.4378	0.4891	0.371	0.2751	0.4663	0.7368	0.5033	0.4934	0.579069
0.4745	0.4711	0.4822	0.4192	0.3702	0.4226	0.5032	0.3312	0.3248	-0.726282
0.4623	0.4595	0.4942	0.3905	0.3467	0.4719	0.5924	0.4268	0.2675	0.063992
0.4814	0.4825	0.4815	0.418	0.4078	0.3995	0.3208	0.2579	0.2516	-0.676166
0.4598	0.4557	0.4598	0.3857	0.3158	0.3252	0.6164	0.3919	0.3649	0.194063
0.465	0.4606	0.463	0.3673	0.2942	0.3267	0.4157	0.3012	0.3313	0.659429
0.4702	0.4844	0.4971	0.4042	0.4441	0.4832	0.5	0.4104	0.2117	-0.304601
0.4485	0.4457	0.4915	0.3307	0.3106	0.4716	0.5329	0.503	0.4371	1.54317
0.4573	0.4509	0.4984	0.3546	0.213	0.4843	0.4899	0.2953	0.1124	0.974256
0.4614	0.4627	0.4978	0.3693	0.3748	0.4709	0.4843	0.4875	0.0852	0.613039
0.4605	0.4609	0.4931	0.3603	0.3018	0.4698	0.4606	0.3091	0.303	0.837407
0.4623	0.4489	0.4523	0.3772	0.2928	0.2787	0.5084	0.419	0.3575	0.416087
0.4865	0.4901	0.4929	0.431	0.4191	0.4218	0.2611	0.1527	0.1078	-1.04714
0.463	0.466	0.4835	0.3917	0.3716	0.4426	0.5839	0.4146	0.4286	0.0343941
0.4598	0.459	0.4609	0.3606	0.3127	0.2971	0.4747	0.3485	0.303	0.836068
0.4665	0.466	0.4934	0.4073	0.3551	0.4695	0.625	0.3603	0.2847	-0.394808
0.4776	0.4734	0.4899	0.4171	0.3566	0.4197	0.4036	0.2671	0.1566	-0.661982
0.4697	0.4686	0.4898	0.3943	0.3679	0.448	0.4518	0.3609	0.2573	-0.0371091
0.4483	0.4457	0.4728	0.3583	0.3025	0.3974	0.6761	0.4792	0.4028	0.89393
0.4794	0.4848	0.4962	0.4095	0.4059	0.4719	0.3245	0.2128	0.1587	-0.446454
0.4456	0.4467	0.457	0.3278	0.2771	0.3455	0.5644	0.411	0.4601	1.61017
0.4704	0.4664	0.4901	0.4021	0.3271	0.4441	0.4819	0.2934	0.2275	-0.249173
0.4224	0.4262	0.4601	0.3004	0.2703	0.3794	0.8117	0.6299	0.5649	2.22519
0.4584	0.4545	0.4644	0.3447	0.3226	0.3444	0.4367	0.4241	0.3544	1.20494
0.474	0.4768	0.4947	0.3946	0.3462	0.4697	0.3667	0.2105	0.2171	-0.0443591
0.4641	0.4579	0.4912	0.3824	0.297	0.46	0.5	0.3316	0.2947	0.28026
0.4522	0.4514	0.4856	0.3786	0.3251	0.4525	0.7445	0.471	0.4565	0.380493
0.4343	0.419	0.4476	0.3263	0.2252	0.3447	0.7466	0.5959	0.6096	1.65464
0.4546	0.4533	0.4791	0.3541	0.2935	0.417	0.5333	0.3733	0.3667	0.989613
0.4439	0.4413	0.4793	0.3402	0.2431	0.4241	0.6516	0.4076	0.4076	1.33075
0.4562	0.456	0.4936	0.3577	0.2654	0.4746	0.5222	0.3056	0.3443	0.9082
0.4685	0.4668	0.4938	0.3766	0.2825	0.4645	0.3923	0.232	0.221	0.426322
0.4571	0.4628	0.4881	0.3619	0.3776	0.4595	0.5274	0.5	0.4315	0.797132
0.4722	0.4698	0.4882	0.3653	0.3092	0.4363	0.3024	0.2341	0.2439	0.706499
0.4475	0.4452	0.4861	0.3351	0.2485	0.446	0.5663	0.3795	0.3675	1.44616
0.4505	0.4593	0.477	0.3456	0.3602	0.4127	0.5633	0.481	0.3924	1.19873
0.47	0.472	0.4773	0.3813	0.3406	0.3167	0.3854	0.2552	0.1744	0.30613
0.4493	0.4455	0.492	0.3488	0.2777	0.4712	0.6	0.425	0.4	1.12511
0.452	0.4532	0.4974	0.336	0.3237	0.4716	0.5	0.4438	0.1056	1.4163
0.4608	0.4562	0.4669	0.3813	0.3083	0.3223	0.5616	0.3699	0.2808	0.307451
0.4487	0.4625	0.4884	0.3519	0.3799	0.4503	0.6279	0.5194	0.3206	1.04381
0.4501	0.4488	0.4872	0.3332	0.317	0.4591	0.5185	0.4815	0.4741	1.47017
0.4602	0.4663	0.4608	0.3719	0.3353	0.3143	0.5207	0.3099	0.3314	0.550263
0.4708	0.4682	0.4904	0.3964	0.3225	0.4581	0.4384	0.2671	0.3082	-0.0918021
0.4434	0.4426	0.4772	0.3129	0.2766	0.4225	0.5407	0.4535	0.4535	1.93879
0.4489	0.4424	0.4882	0.3559	0.2929	0.4636	0.6474	0.4936	0.5	0.955577
0.4587	0.4515	0.4867	0.341	0.3298	0.4441	0.4203	0.4851	0.3309	1.27815
0.4712	0.4799	0.4846	0.399	0.3937	0.418	0.4444	0.2616	0.2515	-0.163886
0.4679	0.4692	0.4887	0.3946	0.3594	0.447	0.4912	0.3276	0.2874	-0.0457076
0.4727	0.4688	0.488	0.4017	0.3263	0.4375	0.4276	0.2671	0.2534	-0.234802
0.4564	0.4515	0.4601	0.369	0.2939	0.3546	0.578	0.3931	0.4451	0.628177
0.4386	0.4388	0.4864	0.3263	0.2704	0.4579	0.6709	0.481	0.5	1.65315
0.4579	0.4725	0.4947	0.3727	0.3786	0.4795	0.5705	0.3355	0.3553	0.530313
0.4681	0.4731	0.4971	0.4001	0.399	0.4703	0.5235	0.4059	0.1123	-0.193951
0.4617	0.4592	0.4975	0.3769	0.3357	0.4885	0.5179	0.3988	0.2798	0.421406
0.4595	0.4515	0.4792	0.3739	0.2627	0.4267	0.5436	0.3423	0.4295	0.498878
0.4383	0.4312	0.4789	0.3444	0.271	0.4338	0.7868	0.5693	0.5036	1.23529
0.4823	0.4832	0.4905	0.4182	0.3993	0.4387	0.3014	0.2237	0.1963	-0.693389
0.4629	0.4595	0.4971	0.3903	0.3024	0.4805	0.5753	0.3243	0.1806	0.0713976
0.4453	0.4425	0.4791	0.2977	0.2668	0.4238	0.4715	0.4352	0.4093	2.25629
0.4698	0.4697	0.4844	0.3966	0.3567	0.4217	0.4606	0.3152	0.2695	-0.0980498
0.4583	0.4512	0.4765	0.3728	0.2488	0.4084	0.5614	0.3275	0.3801	0.531081
0.4529	0.457	0.4899	0.3387	0.3565	0.4582	0.4967	0.5033	0.3312	1.35053
0.4514	0.4507	0.4818	0.3309	0.2971	0.4284	0.4898	0.4082	0.3673	1.5247
0.4397	0.4341	0.4832	0.3435	0.2784	0.4473	0.7518	0.5547	0.4964	1.25355
0.4564	0.4544	0.4782	0.3397	0.2873	0.419	0.4485	0.3515	0.4	1.32611
0.4752	0.4812	0.4948	0.4092	0.3532	0.4749	0.4148	0.1732	0.267	-0.442896
0.4492	0.4464	0.4947	0.3299	0.2922	0.4798	0.5183	0.4451	0.3659	1.5581
0.4522	0.45	0.4951	0.329	0.2395	0.4597	0.4734	0.3275	0.1443	1.57529
0.4555	0.4642	0.4856	0.3266	0.3266	0.4425	0.4213	0.3169	0.3539	1.62258
0.4555	0.4568	0.4957	0.3672	0.2899	0.4827	0.5844	0.3312	0.3377	0.670574
0.4436	0.433	0.4564	0.3404	0.2456	0.3646	0.6585	0.4919	0.5528	1.31496
0.4677	0.472	0.4937	0.3778	0.3536	0.4633	0.4118	0.2781	0.2139	0.398072
0.4641	0.4637	0.4829	0.3931	0.3088	0.4192	0.5693	0.292	0.292	-0.00517451
0.4563	0.4494	0.4942	0.355	0.2929	0.4809	0.509	0.4132	0.4491	0.969551
0.4631	0.462	0.493	0.3715	0.3002	0.4645	0.4651	0.2965	0.2558	0.559639
0.4561	0.4596	0.4629	0.3478	0.3182	0.3473	0.4818	0.3525	0.3813	1.13082
0.4501	0.4512	0.4856	0.3666	0.3371	0.4452	0.6943	0.5159	0.3774	0.691169
0.4512	0.442	0.4783	0.3423	0.266	0.4221	0.537	0.4383	0.4198	1.27395
0.4723	0.4668	0.4791	0.415	0.3486	0.4014	0.5306	0.3333	0.2993	-0.607323
0.4681	0.4672	0.4964	0.3893	0.2842	0.4833	0.4573	0.2303	0.2814	0.096054
0.4728	0.4542	0.4756	0.4114	0.3045	0.4104	0.4875	0.3851	0.4125	-0.505042
0.4579	0.4536	0.4846	0.3692	0.2322	0.4405	0.5503	0.2914	0.3709	0.618308
0.4493	0.4578	0.4957	0.3372	0.3165	0.4835	0.5462	0.3692	0.3615	1.38083
0.477	0.4736	0.4907	0.4283	0.3661	0.4325	0.5091	0.2848	0.1724	-0.993173
0.4645	0.469	0.4958	0.3851	0.3578	0.4823	0.5072	0.3261	0.3188	0.205211
0.4511	0.442	0.4803	0.3578	0.2872	0.4389	0.6172	0.4844	0.5078	0.899278
0.4562	0.4505	0.4662	0.3387	0.2765	0.3307	0.4481	0.3716	0.3027	1.35478
0.4399	0.4389	0.4934	0.3294	0.2946	0.4813	0.6643	0.5417	0.5594	1.57602
0.4518	0.4429	0.4823	0.3618	0.2858	0.4417	0.626	0.4697	0.4621	0.802582
0.4564	0.4547	0.4647	0.3578	0.3034	0.352	0.5185	0.3765	0.3704	0.902002
0.4728	0.4689	0.4969	0.4065	0.3544	0.4843	0.454	0.319	0.2454	-0.369443
0.4705	0.4715	0.4937	0.3827	0.3082	0.4598	0.3815	0.2171	0.1943	0.268925
0.4452	0.4495	0.4643	0.3179	0.3128	0.364	0.5329	0.4605	0.4145	1.82019
0.4598	0.4647	0.4745	0.371	0.3053	0.3807	0.5232	0.2774	0.3097	0.571153
0.4415	0.4347	0.4927	0.33	0.2879	0.4794	0.6403	0.5755	0.5612	1.56004
0.4819	0.4835	0.4976	0.4272	0.4096	0.4757	0.3576	0.2455	0.1098	-0.944375
0.4603	0.4536	0.4925	0.3766	0.2934	0.4722	0.5455	0.3697	0.3795	0.429747
0.4476	0.4411	0.4513	0.3686	0.252	0.3212	0.7692	0.4231	0.4615	0.638815
0.4573	0.4562	0.4899	0.369	0.3268	0.4579	0.5613	0.4129	0.329	0.623867
0.4626	0.4708	0.4787	0.3513	0.3243	0.3868	0.3978	0.2431	0.2623	1.05101
0.4664	0.4661	0.4964	0.3794	0.2429	0.4821	0.4415	0.2073	0.2591	0.358088
0.4579	0.4525	0.4811	0.38	0.2956	0.4283	0.6187	0.3857	0.3857	0.342012
0.4296	0.4252	0.474	0.3187	0.2593	0.4264	0.7881	0.6093	0.5894	1.82884
0.4344	0.4383	0.4423	0.3025	0.2703	0.302	0.6301	0.4863	0.5205	2.15884
0.4534	0.4536	0.4968	0.3616	0.3004	0.4867	0.5928	0.3832	0.3174	0.814192
0.4733	0.4743	0.4973	0.3969	0.3438	0.4842	0.3908	0.2343	0.2114	-0.10691
0.4363	0.4395	0.493	0.3435	0.3059	0.4811	0.8254	0.5714	0.6032	1.25435
0.4645	0.4649	0.4966	0.3904	0.2658	0.4816	0.5412	0.2326	0.2267	0.0681697
0.4438	0.448	0.491	0.3153	0.2339	0.4652	0.5438	0.3375	0.3625	1.88149
0.457	0.4659	0.4908	0.3566	0.3666	0.4638	0.503	0.3988	0.3512	0.931299
0.4572	0.4575	0.4558	0.3713	0.2965	0.3107	0.5766	0.3358	0.3796	0.562521
0.463	0.4644	0.488	0.3658	0.3223	0.4483	0.4432	0.3068	0.3182	0.700303
0.475	0.4797	0.4981	0.4019	0.3978	0.4836	0.3793	0.2759	0.1308	-0.242716
0.4438	0.4689	0.4864	0.3228	0.3189	0.4557	0.5714	0.2554	0.4643	1.72555
0.46	0.466	0.4901	0.3889	0.3353	0.4625	0.6351	0.3133	0.3733	0.109376
0.457	0.4526	0.4874	0.3661	0.3213	0.4096	0.5497	0.4437	0.179	0.695378
0.4514	0.4464	0.4495	0.3308	0.2558	0.271	0.4907	0.3789	0.3727	1.53252
0.4512	0.4589	0.4584	0.3422	0.3368	0.323	0.5362	0.4058	0.3768	1.26767
0.4645	0.4646	0.4989	0.3911	0.3038	0.4878	0.5443	0.2767	0.1047	0.0486681
0.4513	0.4436	0.4832	0.378	0.3008	0.4369	0.7619	0.5	0.3876	0.396262
0.4575	0.493	0.498	0.3772	0.4728	0.4654	0.6061	0.355	0.0635	0.41706
0.4649	0.4611	0.494	0.3869	0.3156	0.4775	0.5092	0.3313	0.3681	0.160499
0.4631	0.4654	0.4978	0.362	0.3275	0.4817	0.4263	0.3053	0.1408	0.796376
0.4524	0.4532	0.4989	0.343	0.3184	0.4857	0.5217	0.4286	0.0884	1.25645
0.4442	0.4557	0.4964	0.3362	0.346	0.4705	0.6259	0.482	0.1438	1.41561
0.4758	0.4719	0.4845	0.3915	0.3286	0.3923	0.3232	0.2378	0.189	0.0382502
0.4686	0.4712	0.4948	0.3662	0.3378	0.4733	0.3554	0.259	0.247	0.68265
0.4407	0.4398	0.4895	0.3353	0.3037	0.4635	0.6828	0.5586	0.4218	1.44494
0.4463	0.4406	0.4751	0.3133	0.2416	0.4056	0.5035	0.4113	0.3972	1.90787
