x
0.3441
0.3433
0.3345
0.3452
0.3396
0.3455
0.3313
0.3587
0.3661
0.3567
0.3259
0.377
0.3264
0.3378
0.3406
0.3634
0.3652
0.3133
0.3633
0.3547
0.3446
0.3444
0.3483
0.3558
0.3361
0.372
0.3388
0.3544
0.3544
0.3599
0.3722
0.3587
0.3733
0.3365
0.3461
0.3628
0.3544
0.3506
0.3269
0.3284
0.3727
0.3492
0.3458
0.356
0.3372
0.3187
0.3652
0.3506
0.3405
0.315
0.3418
0.3495
0.308
0.3768
0.345
0.3372
0.3368
0.3474
0.3719
0.3304
0.3685
0.3496
0.3529
0.3487
0.3226
0.3579
0.34
0.3505
0.3235
0.3287
0.3339
0.3431
0.3575
0.3671
0.3309
0.3311
0.3227
0.321
0.3275
0.3205
0.3765
0.3728
0.3299
0.3385
0.3672
0.3553
0.3795
0.3615
0.3527
0.3583
0.3548
0.3681
0.3387
0.3249
0.3566
0.3578
0.3577
0.3577
0.3658
0.3771
0.3717
0.3527
0.3111
0.3764
0.3606
0.3637
0.3562
0.363
0.3182
0.3394
0.3534
0.3467
0.3413
0.3762
0.3366
0.3591
0.3336
0.3488
0.3367
0.3454
0.3328
0.3394
0.3733
0.3547
0.3865
0.3692
0.3249
0.3563
0.3607
0.3732
0.3435
0.3524
0.3181
0.3462
0.3632
0.3315
0.3624
0.3539
0.3571
0.3642
0.3164
0.3523
0.3536
0.3385
0.3542
0.3602
0.3514
0.3613
0.3331
0.3614
0.3343
0.3612
0.3509
0.3167
0.3144
0.3292
0.3491
0.344
0.3388
0.3468
0.3136
0.3223
0.3221
0.3323
0.3432
0.3546
0.3573
0.3591
0.3474
0.3403
0.3048
0.367
0.3533
0.3478
0.3605
0.3339
0.3404
0.314
0.3506
0.3375
0.3715
0.3232
0.3654
0.3605
0.3317
0.3577
0.3302
0.3398
0.3406
0.3215
0.3449
0.3426
0.3311
0.348
0.3519
0.3533
0.3593
0.3606
0.3591
0.3539
0.3309
0.3346
0.3505
0.3416
0.3423
0.3454
0.3528
0.337
0.3482
0.3589
0.3108
0.3382
0.3574
0.3439
0.3288
0.345
0.3083
0.3265
0.3381
0.349
0.335
0.3414
0.3657
0.3399
0.3606
0.3565
0.32
0.3425
0.3769
0.3654
0.3433
0.3484
0.3482
0.3692
0.344
0.3545
0.3454
0.3637
0.3167
0.3667
0.3595
0.3294
0.3403
0.3507
0.3336
0.3591
0.3544
0.3428
0.3529
0.3464
0.3622
0.3751
0.358
0.3668
0.3403
0.3672
0.3332
0.3425
0.329
0.359
0.3538
0.3613
0.336
0.3627
0.3519
0.3493
0.3274
0.3638
0.3523
0.3621
0.3717
0.3394
0.3438
0.3493
0.3448
0.3342
0.3358
0.3359
0.3255
0.3532
0.3755
0.3415
0.3626
0.3482
0.3626
0.3428
0.3526
0.3141
0.3446
0.3506
0.3413
0.3504
0.3681
0.351
0.3529
0.3442
0.354
0.3122
0.3495
0.3467
0.3188
0.3664
0.3361
0.3513
0.339
0.3491
0.3538
0.3256
0.3727
0.3527
0.3431
0.3388
0.3562
0.363
0.3397
0.3411
0.3607
0.3189
0.3385
0.3715
0.3331
0.3691
0.324
0.3377
0.3319
0.3619
0.3452
0.3147
0.3279
0.332
0.3583
0.35
0.3539
0.347
0.3818
0.3409
0.3456
0.3609
0.3401
0.3634
0.3305
0.3796
0.347
0.3591
0.366
0.34
0.3723
0.3457
0.3436
0.3495
0.3431
0.3514
0.3508
0.3623
0.3271
0.3506
0.3215
0.3606
0.3261
0.327
0.343
0.3679
0.3549
0.3423
0.3211
0.3477
0.3394
0.3445
0.3563
0.3649
0.359
0.3519
0.3355
0.3484
0.3402
0.348
0.35
0.357
0.3167
0.3615
0.3651
0.3306
0.347
0.3637
0.3563
0.3695
0.3278
0.3706
0.3374
0.347
0.3224
0.3365
0.3152
0.3527
0.365
0.3336
0.3433
0.3311
0.3376
0.3358
0.3552
0.3607
0.347
0.3226
0.3603
0.3669
0.301
0.3523
0.3532
0.3344
0.331
0.3619
0.3663
0.3582
0.3468
0.3695
0.3244
0.3276
0.3609
0.3043
0.3831
0.3147
0.3437
0.316
0.3768
0.375
0.3476
0.3743
0.3674
0.3144
0.3603
0.3569
0.3533
0.3683
0.3564
0.3631
0.3429
0.3402
0.3228
0.3573
0.3558
0.3398
0.3746
0.3623
0.3665
0.3628
0.3462
0.3254
0.3705
0.3455
0.3513
0.3521
0.3549
0.3343
0.3434
0.3656
0.352
0.3775
0.3404
0.3472
0.3679
0.3263
0.3541
0.3225
0.3587
0.3066
0.3711
0.3472
0.373
0.3427
0.3259
0.3404
0.3296
0.359
0.3471
0.3446
0.3194
0.3548
0.3505
0.3349
0.3073
0.3542
0.3477
0.3459
0.3453
0.3354
0.3568
0.3573
0.362
0.3491
0.3829
0.337
0.3354
0.3629
0.33
0.3433
0.3756
0.3234
0.3738
0.3442
0.368
0.3362
0.3565
0.3483
0.3258
0.3397
0.3271
0.3633
0.3327
0.3552
0.3606
0.327
0.3705
0.339
0.3575
0.3356
0.3637
0.3798
0.3343
0.3483
0.3587
0.3543
0.335
0.3562
0.3605
0.3347
0.3368
0.3512
0.3446
0.32
0.3443
0.3584
0.35
0.3328
0.3373
0.3437
0.3617
0.3467
0.3652
0.3352
0.3506
0.332
0.3445
0.3549
0.3285
0.3644
0.3644
0.3432
0.3547
0.3224
0.3619
0.3425
0.3159
0.3612
0.3381
0.3381
0.3409
0.3478
0.3155
0.3601
0.3431
0.372
0.3702
0.2906
0.3534
0.3658
0.3558
0.3564
0.3432
0.3437
0.3644
0.3246
0.3507
0.3673
0.3293
0.3586
0.356
0.3094
0.345
0.3399
0.3564
0.3694
0.3318
0.3195
0.3384
0.3501
0.345
0.3572
0.3583
0.3872
0.3367
0.3591
0.3681
0.3579
0.3639
0.357
0.346
0.3442
0.3486
0.3394
0.3705
0.3353
0.322
0.3365
0.3512
0.351
0.36
0.3313
0.3505
0.3484
0.3541
0.3724
0.3448
0.3528
0.3495
0.3444
0.3603
0.3698
0.3344
0.3636
0.3171
0.3199
0.357
0.3436
0.3118
0.3645
0.3458
0.3479
0.3419
0.3539
0.3529
0.3447
0.3547
0.3539
0.371
0.363
0.3248
0.3306
0.3599
0.3683
0.3439
0.3768
0.3608
0.3696
0.3411
0.3753
0.3693
0.3193
0.3605
0.3609
0.3395
0.3709
0.3669
0.339
0.3444
0.3428
0.3497
0.355
0.321
0.3348
0.3541
0.3685
0.3488
0.3705
0.3789
0.3416
0.3216
0.3404
0.3465
0.339
0.3692
0.3676
0.3202
0.3564
0.376
0.3723
0.3467
0.3307
0.3663
0.3394
0.3618
0.3727
0.3561
0.3656
0.3378
0.3572
0.343
0.3616
0.3268
0.346
0.3682
0.3341
0.3585
0.366
0.3285
0.3735
0.3697
0.3364
0.344
0.3524
0.336
0.3265
0.3414
0.352
0.3782
0.3608
0.3498
0.3276
0.3379
0.3487
0.3497
0.3469
0.3421
0.3613
0.3653
0.3551
0.3298
0.3452
0.3458
0.3526
0.3665
0.3565
0.349
0.3518
0.365
0.3443
0.3715
0.3671
0.3624
0.3822
0.3748
0.3364
0.3777
0.3635
0.3645
0.3353
0.3561
0.3298
0.3625
0.3404
0.3736
0.3422
0.3733
0.3426
0.3445
0.322
0.3523
0.3539
0.3641
0.3126
0.3585
0.3387
0.3614
0.3773
0.3581
0.3418
0.3351
0.3688
0.3011
0.3392
0.3707
0.3662
0.3688
0.3721
0.3276
0.3658
0.3568
0.37
0.3596
0.3737
0.3756
0.3414
0.3614
0.3512
0.3704
0.3294
0.3351
0.323
0.3341
0.3389
0.3584
0.3535
0.3226
0.369
0.3599
0.3113
0.3597
0.3688
0.365
0.3577
0.3398
0.3298
0.3766
0.3608
0.3834
0.3458
0.3767
0.3829
0.3382
0.3277
0.3471
0.3327
0.3595
0.3288
0.3612
0.3354
0.3432
0.3554
0.3364
0.3575
0.3596
0.3378
0.3118
0.3521
0.3478
0.3522
0.3518
0.3679
0.3638
0.3535
0.3069
0.3421
0.3641
0.3664
0.3373
0.3682
0.3303
0.3637
0.3505
0.3442
0.3767
0.3728
0.3376
0.3486
0.3191
0.3708
0.3593
0.3244
0.3485
0.3221
0.3363
0.367
0.3399
0.3553
0.3714
0.3424
0.3827
0.3468
0.2996
0.3594
0.3593
0.3642
0.327
0.3302
0.3234
0.3497
0.3347
0.3596
0.3307
0.3655
0.3557
0.3517
0.3435
0.3454
0.3255
0.3736
0.3501
0.3324
0.2962
0.3458
0.3466
0.3187
0.3653
0.3488
0.359
0.3622
0.3656
0.3414
0.3575
0.3431
0.3232
0.3715
0.3609
0.3553
0.3629
0.3859
0.3823
0.3665
0.3247
0.3744
0.3625
0.343
0.3339
0.3645
0.3295
0.3497
0.3606
0.3327
0.3208
0.3381
0.348
0.363
0.3444
0.3649
0.3633
0.3423
0.3584
0.3252
0.3691
0.3501
0.3491
0.3207
0.3298
0.3608
0.3502
0.3511
0.3444
0.3505
0.3813
0.3668
0.3554
0.3655
0.322
0.321
0.3329
0.3457
0.3394
0.3491
0.3333
0.376
0.3491
0.3594
0.3578
0.3611
0.3671
0.3469
0.3713
0.3291
0.3535
0.3757
0.3449
0.3269
0.3661
0.374
0.3429
0.3776
0.3507
0.3353
0.33
0.3415
0.3241
0.3301
0.3766
0.3555
0.3332
0.3256
0.3338
0.3224
0.3456
0.3578
0.3779
0.3201
0.3246
0.3468
0.3568
0.313
0.3535
0.3486
0.3567
0.3202
0.3384
0.3428
0.366
0.3578
0.3686
0.3391
0.3645
0.3455
0.3265
0.3689
0.3541
0.3246
0.3531
0.3607
0.3618
0.3422
0.3288
0.3221
0.3457
0.3602
0.3693
0.3554
0.337
0.3637
0.3581
0.3539
0.3445
0.3444
0.3631
0.3438
0.3382
0.341
0.3416
0.3426
0.3451
0.3992
0.3366
0.3588
0.3582
0.3721
0.2943
0.3814
0.3333
0.3406
0.335
0.3376
0.346
0.2966
0.3733
0.3446
0.3431
0.3543
0.3485
0.3465
0.3305
0.3633
0.3208
0.3333
0.3511
0.3565
0.364
0.3612
0.38
0.3421
0.3504
0.3944
0.3575
0.3449
0.3323
0.3257
0.3959
0.3543
0.3417
0.3569
0.3375
0.3072
0.361
0.3435
0.3374
0.332
0.3776
0.3487
0.3612
0.3681
0.3427
0.333
0.319
0.3392
0.3738
0.3231
0.3762
0.3481
0.3542
0.3427
0.3664
0.3634
0.3388
0.3949
0.3058
0.3123
0.3566
0.3587
0.347
0.3731
0.3375
0.3331
0.3662
0.3044
0.3254
0.3226
0.3568
0.362
0.333
0.3347
0.3728
0.3659
0.3641
0.3654
0.3534
0.355
0.3436
0.3617
0.3222
0.3089
0.3437
0.3614
0.3542
0.3575
0.3659
0.3812
0.3982
0.3575
0.3146
0.375
0.3671
0.3633
0.3985
0.3601
0.3162
0.3518
0.3498
0.3493
0.3342
0.3789
0.3255
0.356
0.341
0.3472
0.3202
0.3416
0.3162
0.3514
0.3948
0.3537
0.379
0.3528
0.3282
0.3695
0.36
0.3668
0.358
0.3721
0.3388
0.3591
0.3541
0.3197
0.3508
0.3603
0.3829
0.3694
0.3206
0.3637
0.364
0.3616
0.3573
0.3864
0.3621
0.3472
0.3397
0.361
0.335
0.3588
0.3962
0.3864
0.3174
0.3149
0.3323
0.3996
0.3385
0.3334
0.2823
0.3352
0.3419
0.3392
0.3349
0.3498
0.3573
0.3644
0.3528
0.3421
0.3144
0.3649
0.3649
0.3452
0.3576
0.3303
0.325
0.3972
0.3479
0.3305
0.3681
0.3382
0.367
0.3159
0.3432
0.3969
0.3308
0.4
0.3965
0.3184
0.3214
0.3418
0.3024
0.3935
0.395
0.3661
0.3992
0.3533
0.3516
0.3504
0.3877
0.3371
0.3456
0.3392
0.3952
0.3973
0.3335
0.3977
0.3505
0.3583
0.3137
0.3345
0.3701
0.3322
0.3071
0.3466
0.3296
0.3996
0.3477
0.3542
0.3471
0.3938
0.3668
0.3427
0.3404
0.3563
0.348
0.3289
0.3692
0.3592
0.3443
0.3465
0.3499
0.3781
0.3466
0.3485
0.3621
0.3651
0.3993
0.3605
0.3578
0.3307
0.3645
0.3584
0.3444
0.3686
0.349
0.3991
0.3437
0.3446
0.3583
0.3708
0.3784
0.3916
0.341
0.3569
0.3265
0.3448
0.3271
0.3692
0.3583
0.3578
0.306
0.3447
0.3415
0.3416
0.333
0.3776
0.3989
0.3444
0.3656
0.3194
0.3547
0.3377
0.3801
0.3271
0.3282
0.3366
0.3374
0.3595
0.3729
0.3372
0.3729
0.3443
0.3613
0.3507
0.3533
0.324
0.3637
0.3351
0.3492
0.3568
0.3536
0.3399
0.3275
0.3221
0.3947
0.2967
0.3384
0.3507
0.3216
0.367
0.3352
0.3476
0.3436
0.3466
0.3545
0.32
0.3807
0.3609
0.3384
0.3889
0.3662
0.3688
0.3401
0.3403
0.359
0.3298
0.3334
0.3637
0.3344
0.3646
0.3147
0.3467
0.3349
0.3734
0.35
0.3282
0.3147
0.3295
0.3593
0.3382
0.3683
0.3961
0.3917
0.3393
0.3567
0.359
0.3457
0.3905
0.3306
0.3784
0.3446
0.3517
0.3701
0.3205
0.3695
0.3377
0.335
0.346
0.3332
0.331
0.3658
0.3568
0.3484
0.3428
0.3852
0.3598
0.3327
0.3262
0.3207
0.3711
0.3476
0.3976
0.3949
0.3438
0.3379
0.3386
0.3618
0.359
0.3821
0.3396
0.3262
0.3407
0.3879
0.3568
0.3524
0.3602
0.3062
0.3743
0.3961
0.3254
0.3912
0.3645
0.3991
0.3544
0.3261
0.3751
0.3963
0.3612
0.3245
0.3396
0.3074
0.348
0.3965
0.3352
0.3418
0.3216
0.318
0.318
0.3659
0.3671
0.3463
0.3238
0.3561
0.3643
0.3219
0.3473
0.3542
0.3471
0.3169
0.3704
0.3563
0.3497
0.3448
0.3347
0.3431
0.3827
0.3953
0.3241
0.3974
0.3803
0.3553
0.3189
0.3736
0.3608
0.3392
0.3717
0.3634
0.3047
0.3553
0.3388
0.35
0.363
0.3669
0.3987
0.3285
0.3448
0.3439
0.3527
0.3583
0.3276
0.3685
0.3538
0.3945
0.3965
0.3394
0.3118
0.3784
0.3324
0.3532
0.3547
0.3583
0.3535
0.3332
0.3759
0.37
0.3696
0.3307
0.359
0.3579
0.3402
0.373
0.3525
0.3595
0.3181
0.375
0.3981
0.3756
0.3278
0.3222
0.3183
0.329
0.3506
0.3287
0.3356
0.3067
0.3564
0.3562
0.3313
0.3387
0.3508
0.3681
0.3452
0.3313
0.3225
0.3648
0.3982
0.3546
0.3354
0.3775
0.3559
0.339
0.3791
0.3239
0.3568
0.36
0.322
0.3703
0.346
0.3697
0.3483
0.3785
0.331
0.326
0.3423
0.305
0.3982
0.399
0.355
0.3615
0.3314
0.3772
0.3318
0.3333
0.3303
0.3974
0.3723
0.3061
0.3322
0.3555
0.3391
0.337
0.3533
0.3474
0.3963
0.3431
0.3504
0.3399
0.3065
0.343
0.3603
0.3863
0.3272
0.3167
0.3515
0.3544
0.339
0.3612
0.3403
0.3608
0.337
0.3427
0.3495
0.3208
0.3662
0.3654
0.328
0.3516
0.3259
0.3677
0.3494
0.3177
0.3584
0.336
0.3893
0.3332
0.3562
0.3126
0.3987
0.3841
0.3802
0.3679
0.3043
0.3167
0.375
0.3448
0.3705
0.3321
0.3412
0.3657
0.3152
0.3377
0.3963
0.322
0.3569
0.3967
0.3376
0.3402
0.3614
0.3615
0.3629
0.3248
0.306
0.3988
0.3403
0.3429
0.3594
0.3718
0.3778
0.3293
0.3548
0.3973
0.3666
0.3619
0.3623
0.3283
0.3497
0.3478
0.3361
0.3704
0.3501
0.2845
0.3501
0.347
0.3486
0.3687
0.3385
0.3993
0.357
0.3536
0.382
0.3405
0.3261
0.3358
0.3762
0.3554
0.388
0.3298
0.3644
0.3037
0.3151
0.3519
0.3379
0.3189
0.3758
0.347
0.3439
0.3345
0.3439
0.3577
0.3352
0.3595
0.343
0.3848
0.3542
0.3251
0.3076
0.3662
0.3797
0.3912
0.3793
0.3554
0.3709
0.3466
0.3811
0.3829
0.3189
0.3646
0.3464
0.3308
0.3706
0.3562
0.3549
0.3297
0.3979
0.3515
0.3599
0.3074
0.3417
0.3625
0.3778
0.3632
0.3718
0.3798
0.3692
0.3256
0.3481
0.3668
0.3472
0.3679
0.3716
0.3451
0.3624
0.3707
0.375
0.3593
0.3191
0.3664
0.3245
0.3635
0.3844
0.3546
0.3692
0.3537
0.3522
0.3531
0.3582
0.3286
0.3617
0.3761
0.3603
0.3469
0.3611
0.3252
0.3889
0.3836
0.355
0.3379
0.3637
0.3618
0.3406
0.3298
0.3615
0.3874
0.3655
0.3452
0.3343
0.3376
0.3758
0.3427
0.3907
0.3444
0.3422
0.3812
0.3523
0.3243
0.3513
0.3564
0.3541
0.3862
0.3558
0.3573
0.3443
0.369
0.3385
0.3666
0.3772
0.3593
0.3829
0.3715
0.3455
0.3848
0.3715
0.3652
0.3464
0.3506
0.3303
0.3675
0.3356
0.3689
0.342
0.3976
0.3397
0.3433
0.3414
0.3522
0.3948
0.3542
0.3239
0.3548
0.3277
0.387
0.3601
0.3401
0.3787
0.3198
0.369
0.3113
0.3289
0.3674
0.3731
0.3649
0.3893
0.3087
0.3637
0.358
0.3761
0.3559
0.3696
0.3757
0.3388
0.3594
0.3428
0.3572
0.3358
0.3424
0.3373
0.3347
0.334
0.3632
0.3962
0.3354
0.3745
0.3415
0.3096
0.3533
0.3649
0.3949
0.3564
0.3469
0.3213
0.3708
0.365
0.3663
0.3386
0.3676
0.3956
0.3339
0.3265
0.3558
0.3262
0.3631
0.3035
0.3668
0.3374
0.3417
0.3557
0.3314
0.3603
0.3699
0.3517
0.4
0.3488
0.3464
0.3396
0.3244
0.3899
0.3654
0.3767
0.3898
0.3444
0.3984
0.365
0.3409
0.3802
0.3416
0.367
0.3498
0.3293
0.3738
0.3569
0.3424
0.3459
0.3152
0.3767
0.3948
0.3292
0.359
0.3155
0.3318
0.3533
0.3464
0.3713
0.3549
0.3524
0.3822
0.3437
0.3035
0.3573
0.3488
0.3939
0.3493
0.3572
0.3205
0.3493
0.3123
0.3583
0.3278
0.3725
0.3418
0.3506
0.3415
0.3349
0.3244
0.3554
0.346
0.3317
0.3066
0.3461
0.3516
0.313
0.3607
0.3336
0.3712
0.3577
0.3683
0.337
0.3644
0.351
0.3175
0.3585
0.3873
0.3509
0.3645
0.3815
0.3813
0.3654
0.318
0.3745
0.3588
0.3442
0.3398
0.3951
0.3622
0.3474
0.3551
0.3275
0.3191
0.3975
0.3385
0.3655
0.3246
0.3623
0.3611
0.343
0.395
0.3278
0.3767
0.3669
0.351
0.345
0.3379
0.355
0.3647
0.3543
0.3456
0.3428
0.3889
0.3675
0.3578
0.3646
0.3438
0.3385
0.3216
0.3334
0.3323
0.3409
0.3339
0.3726
0.3329
0.3664
0.3658
0.3834
0.3724
0.3511
0.3568
0.3322
0.3756
0.3742
0.3421
0.329
0.3614
0.3734
0.3415
0.3773
0.318
0.3255
0.3069
0.2906
0.3116
0.3382
0.3728
0.3664
0.3973
0.3246
0.3371
0.3977
0.3534
0.3468
0.3788
0.3253
0.3207
0.3677
0.3527
0.3383
0.3309
0.3539
0.3445
0.3235
0.3327
0.347
0.3616
0.3629
0.3857
0.3329
0.3493
0.3557
0.3265
0.3836
0.3544
0.3407
0.3913
0.368
0.3623
0.3305
0.3962
0.3071
0.3424
0.3712
0.3607
0.3566
0.3394
0.3577
0.3465
0.354
0.3391
0.36
0.3525
0.3514
0.3848
0.3967
0.3975
0.382
0.3904
0.3982
0.391
0.3992
0.3868
0.3961
0.3865
0.4
0.3617
0.3966
0.3986
0.3969
0.398
0.3985
0.3997
0.3997
0.3903
0.3974
0.3717
0.3979
0.395
0.3474
0.397
0.3423
0.3953
0.3847
0.3961
0.3919
0.3948
0.3978
0.3943
0.3972
0.3966
0.3988
0.3929
0.3518
0.3993
0.3958
0.3859
0.3947
0.3943
0.3993
0.3893
0.4
0.3728
0.3905
0.3987
0.3919
0.3988
0.3782
0.3973
0.3828
0.3916
0.3898
0.3965
0.3955
0.3993
0.3953
0.3949
0.3996
0.3221
0.3789
0.3622
0.3953
0.3665
0.3832
0.3993
0.3741
0.399
0.399
0.3993
0.3846
0.3806
0.3923
0.3935
0.3932
0.3942
0.3929
0.3908
0.3917
0.3929
0.3985
0.3846
0.3814
0.3938
0.3957
0.3889
0.3996
0.3935
0.3851
0.3921
0.3948
0.3905
0.3949
0.3815
0.3959
0.3962
0.3916
0.3856
0.3774
0.3936
0.3996
0.4
0.3882
0.3847
0.3816
0.3727
0.3964
0.3981
0.3829
0.3537
0.3979
0.3441
0.3993
0.3631
0.3897
0.3989
0.3981
0.3926
0.3863
0.398
0.3769
0.3736
0.399
0.4
0.3993
0.385
0.3958
0.3941
0.3911
0.3988
0.399
0.3734
0.3888
0.3994
0.3806
0.3987
0.3944
0.3641
0.3942
0.3607
0.3991
0.3963
0.4
0.3532
0.3666
0.3992
0.3885
0.3988
0.3913
0.3932
0.397
0.3929
0.3993
0.3965
0.3983
0.3138
0.3949
0.3703
0.398
0.3708
0.397
0.3947
0.3996
0.3955
0.3889
0.3722
0.3997
0.3965
0.3988
0.3794
0.3961
0.3556
0.3985
0.3943
0.3884
0.3975
0.3667
0.398
0.3688
0.3375
0.3968
0.3885
0.3993
0.3437
0.3556
0.3763
0.3823
0.3855
0.3879
0.3961
0.3997
0.3979
0.3895
0.3742
0.3949
0.3433
0.3785
0.38
0.3696
0.3954
0.3956
0.4
0.3983
0.3889
0.3833
0.3688
0.3851
0.395
0.37
0.3926
0.3945
0.396
0.4
0.3828
0.3868
0.3937
0.3982
0.3962
0.3869
0.3752
0.3869
0.3817
0.3827
0.3909
0.3985
0.3908
0.3988
0.3874
0.3987
0.3896
0.3853
0.3696
0.3987
0.3977
0.3793
0.3886
0.3955
0.3667
0.3962
0.3978
0.3975
0.3932
0.3974
0.3982
0.3891
0.3983
0.3811
0.3889
0.3976
0.3973
0.3739
0.3981
0.3981
0.3842
0.3847
0.3874
0.3984
0.351
0.3909
0.4
0.3696
0.382
0.3956
0.3918
0.3947
0.3952
0.3372
0.394
0.3923
0.3988
0.3991
0.3968
0.3935
0.3936
0.3997
0.3974
0.3951
0.3945
0.3915
0.3801
0.3846
0.391
0.3913
0.3923
0.3933
0.3912
0.3943
0.3952
0.3965
0.394
0.3877
0.3957
0.384
0.3876
0.3936
0.3459
0.3992
0.3892
0.3923
0.3936
0.3496
0.3995
0.3905
0.3996
0.3679
0.3814
0.3616
0.3955
0.3992
0.388
0.3855
0.3914
0.3893
0.3993
0.3957
0.3921
0.3825
0.375
0.3992
0.3945
0.3971
0.4
0.3987
0.3989
0.3953
0.3974
0.4
0.3979
0.3936
0.3945
0.3994
0.3859
0.3994
0.3964
0.399
0.3722
0.3798
0.3678
0.3721
0.3917
0.3829
0.3965
0.3956
0.3957
0.3994
0.3997
0.3928
0.3988
0.392
0.3971
0.3976
0.3925
0.3952
0.3864
0.393
0.3279
0.3753
0.3866
0.3928
0.398
0.3884
0.3713
0.3451
0.3936
0.3966
0.399
0.3977
0.3546
0.3851
0.3949
0.3956
0.3818
0.3781
0.3995
0.3995
0.3991
0.3935
0.3959
0.3992
0.3951
0.3605
0.3959
0.3899
0.3996
0.3789
0.3988
0.3914
0.3988
0.3977
0.4
0.3868
0.3765
0.3875
0.3643
0.3963
0.4
0.393
0.3834
0.3996
0.3937
0.3992
0.3915
0.3948
0.398
0.397
0.3997
0.3987
0.3667
0.3848
0.3853
0.3989
0.3869
0.3994
0.397
0.3909
0.3924
0.3993
0.3907
0.3928
0.3791
0.3964
0.399
0.3929
0.3992
0.3676
0.3961
0.3907
0.3977
0.3749
0.3904
0.3995
0.3736
0.3896
0.3815
0.3942
0.3561
0.3993
0.3934
0.3966
0.3954
0.3962
0.3972
0.3889
0.3981
0.3993
0.384
0.3983
0.3961
0.3946
0.3974
0.3992
0.3851
0.3929
0.3869
0.3905
0.3922
0.3937
0.3939
0.3915
0.395
0.3984
0.39
0.3912
0.3919
0.3993
0.3971
0.3944
0.3987
0.3537
0.3951
0.3995
0.3949
0.3937
0.3796
0.3727
0.3768
0.3979
0.3917
0.3745
0.3783
0.3817
0.3933
0.3985
0.3585
0.3837
0.3981
0.3985
0.3954
0.3936
0.393
0.3833
0.3965
0.3929
0.398
0.3897
0.3949
0.3886
0.3989
0.3764
0.3992
0.3982
0.379
0.3995
0.3926
0.3921
0.3932
0.4
0.3966
0.3992
0.3897
0.3941
0.3987
0.3974
0.3972
0.3768
0.3955
0.3985
0.398
0.3911
0.3945
0.3943
0.3448
0.3877
0.3899
0.3869
0.3526
0.3943
0.3926
0.3561
0.3962
0.3997
0.3983
0.3997
0.395
0.3996
0.3909
0.3968
0.3986
0.398
0.3931
0.3972
0.3992
0.3987
0.3975
0.3992
0.3991
0.3952
0.3974
0.4
0.3955
0.3935
0.3886
0.3993
0.3499
0.3983
0.3954
0.3946
0.3997
0.3822
0.3678
0.3948
0.3905
0.3951
0.3972
0.3902
0.3963
0.3925
0.3961
0.3874
0.3931
0.371
0.3994
0.3794
0.3985
0.3997
0.3994
0.3945
0.3152
0.3992
0.3969
0.3958
0.3542
0.3899
0.3987
0.3913
0.3934
0.3992
0.3996
0.3986
0.3926
0.3878
0.3419
0.3996
0.3762
0.3996
0.3942
0.3929
0.391
0.3985
0.3967
0.3916
0.3889
0.3874
0.3982
0.3652
0.3985
0.392
0.3993
0.3894
0.3808
0.3993
0.3994
0.3954
0.3955
0.3962
0.3698
0.3983
0.3946
0.3929
0.399
0.399
0.3988
0.3978
0.3995
0.3877
0.3862
0.3491
0.3934
0.3607
0.3867
0.3863
0.3992
0.3925
0.3989
0.399
0.391
0.3959
0.3704
0.3737
0.396
0.3996
0.3952
0.3702
0.398
0.4
0.3991
0.3698
0.3957
0.3612
0.3504
0.3987
0.3947
0.368
0.3991
0.3844
0.3989
0.3996
0.3944
0.3995
0.3923
0.393
0.3955
0.3928
0.3981
0.3919
0.3984
0.3906
0.3982
0.3906
0.3836
0.3991
0.362
0.3958
0.3935
0.3344
0.3981
0.3974
0.3738
0.3969
0.3914
0.3887
0.3992
0.3991
0.3949
0.395
0.3782
0.3525
0.3881
0.3967
0.3338
0.399
0.399
0.3878
0.3946
0.3982
0.389
0.3592
0.3905
0.3803
0.3978
0.3978
0.3992
0.3992
0.3434
0.3977
0.3958
0.3941
0.3979
0.4
0.3986
0.3951
0.3993
0.3956
0.3869
0.3966
0.3992
0.3992
0.3638
0.3976
0.3815
0.3881
0.3951
0.3899
0.3983
0.3971
0.3982
0.377
0.3937
0.3959
0.3644
0.3987
0.3957
0.3988
0.3889
0.3952
0.365
0.3914
0.397
0.3901
0.3944
0.3933
0.3976
0.3968
0.3892
0.3496
0.4
0.3988
0.3897
0.3963
0.3931
0.3993
0.3849
0.3623
0.3994
0.3996
0.3859
0.3911
0.3858
0.3876
0.3993
0.3979
0.3956
0.3997
0.3956
0.3942
0.3971
0.3996
0.4
0.3843
0.3993
0.3894
0.3553
0.3967
0.3948
0.3899
0.383
0.3949
0.3887
0.3886
0.3942
0.386
0.3794
0.3983
0.3934
0.3939
0.3916
0.3827
0.3941
0.3959
0.3974
0.3944
0.395
0.3988
0.3761
0.3583
0.3982
0.3614
0.3964
0.3767
0.3953
0.3993
0.3825
0.3804
0.3929
0.3996
0.3866
0.399
0.3987
0.3768
0.3994
0.3969
0.3756
0.3983
0.3863
0.3989
0.3953
0.3735
0.3897
0.3921
0.3873
0.3958
0.3951
0.3968
0.3918
0.3884
0.3996
0.3593
0.3667
0.3825
0.3345
0.3906
0.3934
0.3897
0.3691
0.3996
0.3725
0.3942
0.3839
0.3995
0.3927
0.3959
0.398
0.3774
0.3847
0.3953
0.3993
0.3969
0.3822
0.3995
0.3709
0.3945
0.3877
0.3951
0.3994
0.3977
0.3841
0.374
0.3994
0.385
0.3984
0.3904
0.3722
0.398
0.3986
0.3991
0.3875
0.3865
0.399
0.3933
0.396
0.3788
0.3951
0.3991
0.394
0.3969
0.3967
0.3958
0.3618
0.352
0.3962
0.3988
0.3898
0.3914
0.3927
0.396
0.3939
0.4
0.3673
0.3961
0.3906
0.3743
0.3887
0.3845
0.3975
0.3989
0.3907
0.3931
0.3988
0.3897
0.3955
0.394
0.3973
0.3786
0.386
0.3958
0.3926
0.3988
0.3946
0.396
0.399
0.3823
0.3748
0.3982
0.3959
0.394
0.3613
0.3992
0.3883
0.3909
0.352
0.3649
0.3503
0.4
0.331
0.3981
0.3989
0.3947
0.3925
0.3898
0.3884
0.3938
0.396
0.3987
0.3555
0.3966
0.3906
0.3994
0.396
0.3941
0.3506
0.3994
0.3898
0.3838
0.3985
0.3976
0.3563
0.3922
0.3994
0.377
0.3976
0.3441
0.3815
0.3989
0.3865
0.3716
0.3704
0.395
0.3926
0.3745
0.3953
0.3979
0.3996
0.3954
0.3947
0.3605
0.3426
0.3969
0.3769
0.3952
0.3968
0.3888
0.3997
0.3876
0.3952
0.3972
0.3968
0.3518
0.3946
0.3954
0.3985
0.3935
0.3965
0.3985
0.3911
0.3824
0.3918
0.3951
0.394
0.3964
0.3992
0.3891
0.3993
0.3989
0.3787
0.3973
NA
NA
NA
NA
NA
NA
NA
NA
NA
NA
NA
NA
NA
NA
NA
NA
NA
NA
NA
NA
NA
NA
NA
NA
NA
NA
NA
NA
NA
NA
NA
NA
NA
NA
NA
NA
NA
NA
NA
NA
NA
NA
NA
NA
NA
NA
NA
NA
NA
NA
NA
NA
NA
NA
NA
NA
NA
NA
NA
NA
NA
NA
NA
NA
NA
NA
NA
NA
NA
NA
NA
NA
NA
NA
NA
NA
NA
NA
NA
NA
NA
NA
NA
NA
NA
NA
NA
NA
NA
NA
NA
NA
NA
NA
NA
NA
NA
NA
NA
NA
NA
NA
NA
NA
NA
NA
NA
NA
NA
NA
NA
NA
NA
NA
NA
NA
NA
NA
NA
NA
NA
NA
NA
NA
NA
NA
NA
NA
NA
NA
NA
NA
NA
NA
NA
NA
NA
NA
NA
NA
NA
NA
NA
NA
NA
NA
NA
NA
NA
NA
NA
NA
NA
NA
NA
NA
NA
NA
NA
NA
NA
NA
NA
NA
NA
NA
NA
NA
NA
NA
NA
NA
NA
NA
NA
NA
NA
NA
NA
NA
NA
NA
NA
NA
NA
NA
NA
NA
NA
NA
NA
NA
NA
NA
NA
NA
NA
NA
NA
NA
NA
NA
NA
NA
NA
NA
NA
NA
NA
NA
NA
NA
NA
NA
NA
NA
NA
NA
NA
NA
NA
NA
NA
NA
NA
NA
NA
NA
NA
NA
NA
NA
NA
NA
NA
NA
NA
NA
NA
NA
NA
NA
NA
NA
NA
NA
NA
NA
NA
NA
NA
NA
NA
NA
NA
NA
NA
NA
NA
NA
NA
NA
NA
NA
NA
NA
NA
NA
NA
NA
NA
NA
NA
NA
NA
NA
NA
NA
NA
NA
NA
NA
NA
NA
NA
NA
NA
NA
NA
NA
NA
NA
NA
NA
NA
NA
NA
NA
NA
NA
NA
NA
NA
NA
NA
NA
NA
NA
NA
NA
NA
NA
NA
NA
NA
NA
NA
NA
NA
NA
NA
NA
NA
NA
NA
NA
NA
NA
NA
NA
NA
NA
NA
NA
NA
NA
NA
NA
NA
NA
NA
NA
NA
NA
NA
NA
NA
NA
NA
NA
NA
NA
NA
NA
NA
NA
NA
NA
NA
NA
NA
NA
NA
NA
NA
NA
NA
NA
NA
NA
NA
NA
NA
NA
NA
NA
NA
NA
NA
NA
NA
NA
NA
NA
NA
NA
NA
NA
NA
NA
NA
NA
NA
NA
NA
NA
NA
NA
NA
NA
NA
NA
NA
NA
NA
NA
NA
NA
NA
NA
NA
NA
NA
NA
NA
NA
NA
NA
NA
NA
NA
NA
NA
NA
NA
NA
NA
NA
NA
NA
NA
NA
NA
NA
NA
NA
NA
NA
NA
NA
NA
NA
NA
NA
NA
NA
NA
NA
NA
NA
NA
NA
NA
NA
NA
NA
NA
NA
NA
NA
NA
NA
NA
NA
NA
NA
NA
NA
NA
NA
NA
NA
NA
NA
NA
NA
NA
NA
NA
NA
NA
NA
NA
NA
NA
NA
NA
NA
NA
NA
NA
NA
NA
NA
NA
NA
NA
NA
NA
NA
NA
NA
NA
NA
NA
NA
NA
NA
NA
NA
NA
NA
NA
NA
NA
NA
NA
NA
NA
NA
NA
NA
NA
NA
NA
NA
NA
NA
NA
NA
NA
NA
NA
NA
NA
NA
NA
NA
NA
NA
NA
NA
NA
NA
NA
NA
NA
NA
NA
NA
NA
NA
NA
NA
NA
NA
NA
NA
NA
NA
NA
NA
NA
NA
NA
NA
NA
NA
NA
NA
NA
NA
NA
NA
NA
NA
NA
NA
NA
NA
NA
NA
NA
NA
NA
NA
NA
NA
NA
NA
NA
NA
NA
NA
NA
NA
NA
NA
NA
NA
NA
NA
NA
NA
NA
NA
NA
NA
NA
NA
NA
NA
NA
NA
NA
NA
NA
NA
NA
NA
NA
NA
NA
NA
NA
NA
NA
NA
NA
NA
NA
NA
NA
NA
NA
NA
NA
NA
NA
NA
NA
NA
NA
NA
NA
NA
NA
NA
NA
NA
NA
NA
NA
NA
NA
NA
NA
NA
NA
NA
NA
NA
NA
NA
NA
NA
NA
NA
NA
NA
NA
NA
NA
NA
NA
NA
NA
NA
NA
NA
NA
NA
NA
NA
NA
NA
NA
NA
NA
NA
NA
NA
NA
NA
NA
NA
NA
NA
NA
NA
NA
NA
NA
NA
NA
NA
NA
NA
NA
NA
NA
NA
NA
NA
NA
NA
NA
NA
NA
NA
NA
NA
NA
NA
NA
NA
NA
NA
NA
NA
NA
NA
NA
NA
NA
NA
NA
NA
NA
NA
NA
NA
NA
NA
NA
NA
NA
NA
NA
NA
NA
NA
NA
NA
NA
NA
NA
NA
NA
NA
NA
NA
NA
NA
NA
NA
NA
NA
NA
NA
NA
NA
NA
NA
NA
NA
NA
NA
NA
NA
NA
NA
NA
NA
NA
NA
NA
NA
NA
NA
NA
NA
NA
NA
NA
NA
NA
NA
NA
NA
NA
NA
NA
NA
NA
NA
NA
NA
NA
NA
NA
NA
NA
NA
NA
NA
NA
NA
NA
NA
NA
NA
NA
NA
NA
NA
NA
NA
NA
NA
NA
NA
NA
NA
NA
NA
NA
NA
NA
NA
NA
NA
NA
NA
NA
NA
NA
NA
NA
NA
NA
NA
NA
NA
NA
NA
NA
NA
NA
NA
NA
NA
NA
NA
NA
NA
NA
NA
NA
NA
NA
NA
NA
NA
NA
NA
NA
NA
NA
NA
NA
NA
NA
NA
NA
NA
NA
NA
NA
NA
NA
NA
NA
NA
NA
NA
NA
NA
NA
NA
NA
NA
NA
NA
NA
NA
NA
NA
NA
NA
NA
NA
NA
NA
NA
NA
NA
NA
NA
NA
NA
NA
NA
NA
NA
NA
NA
NA
NA
NA
NA
NA
NA
NA
NA
NA
NA
NA
NA
NA
NA
NA
NA
NA
NA
NA
NA
NA
NA
NA
NA
NA
NA
NA
NA
NA
NA
NA
NA
NA
NA
NA
NA
NA
NA
NA
NA
NA
NA
NA
NA
NA
NA
NA
NA
NA
NA
NA
NA
NA
NA
NA
NA
NA
NA
NA
NA
NA
NA
NA
NA
NA
NA
NA
NA
NA
NA
NA
NA
NA
NA
NA
NA
NA
NA
NA
NA
NA
NA
NA
NA
NA
NA
NA
NA
NA
NA
NA
NA
NA
NA
NA
NA
NA
NA
NA
NA
NA
NA
NA
NA
NA
NA
NA
NA
NA
NA
NA
NA
NA
NA
NA
NA
NA
NA
NA
NA
NA
NA
NA
NA
NA
NA
NA
NA
NA
NA
NA
NA
NA
NA
NA
NA
NA
NA
NA
NA
NA
NA
NA
NA
NA
NA
NA
NA
NA
NA
NA
NA
NA
NA
NA
NA
NA
NA
NA
NA
NA
NA
NA
NA
NA
NA
NA
NA
NA
NA
NA
NA
NA
NA
NA
NA
NA
NA
NA
NA
NA
NA
NA
NA
NA
NA
NA
NA
NA
NA
NA
NA
NA
NA
NA
NA
NA
NA
NA
NA
NA
NA
NA
NA
NA
NA
NA
NA
NA
NA
NA
NA
NA
NA
NA
NA
NA
NA
NA
NA
NA
NA
NA
NA
NA
NA
NA
NA
NA
NA
NA
NA
NA
NA
NA
NA
NA
NA
NA
NA
NA
NA
NA
NA
NA
NA
NA
NA
NA
NA
NA
NA
NA
NA
NA
NA
NA
NA
NA
NA
NA
NA
NA
NA
NA
NA
NA
NA
NA
NA
NA
NA
NA
NA
NA
NA
NA
NA
NA
NA
NA
NA
NA
NA
NA
NA
NA
NA
NA
NA
NA
NA
NA
NA
NA
NA
NA
NA
NA
NA
NA
NA
NA
NA
NA
NA
NA
NA
NA
NA
NA
NA
NA
NA
NA
NA
NA
NA
NA
NA
NA
NA
NA
NA
NA
NA
NA
NA
NA
NA
NA
NA
NA
NA
NA
NA
NA
NA
NA
NA
NA
NA
NA
NA
NA
NA
NA
NA
NA
NA
NA
NA
NA
NA
NA
NA
NA
NA
NA
NA
NA
NA
NA
NA
NA
NA
NA
NA
NA
NA
NA
NA
NA
NA
NA
NA
NA
NA
NA
NA
NA
NA
NA
NA
NA
NA
NA
NA
NA
NA
NA
NA
NA
NA
NA
NA
NA
NA
NA
NA
NA
NA
NA
NA
NA
NA
NA
NA
NA
NA
NA
NA
NA
NA
NA
NA
NA
NA
NA
NA
NA
NA
NA
NA
NA
NA
NA
NA
NA
NA
NA
NA
NA
NA
NA
NA
NA
NA
NA
NA
NA
NA
NA
NA
NA
NA
NA
NA
NA
NA
NA
NA
NA
NA
NA
NA
NA
NA
NA
NA
NA
NA
NA
NA
NA
NA
NA
NA
NA
NA
NA
NA
NA
NA
NA
NA
NA
NA
NA
NA
NA
NA
NA
NA
NA
NA
NA
NA
NA
NA
NA
NA
NA
NA
NA
NA
NA
NA
NA
NA
NA
NA
NA
NA
NA
NA
NA
NA
NA
NA
NA
NA
NA
NA
NA
NA
NA
NA
NA
NA
NA
NA
NA
NA
NA
NA
NA
NA
NA
NA
NA
NA
NA
NA
NA
NA
NA
NA
NA
NA
NA
NA
NA
NA
NA
NA
NA
NA
NA
NA
NA
NA
NA
NA
NA
NA
NA
NA
NA
NA
NA
NA
NA
NA
NA
NA
NA
NA
NA
NA
NA
NA
NA
NA
NA
NA
NA
NA
NA
NA
NA
NA
NA
NA
NA
NA
NA
NA
NA
NA
NA
NA
NA
NA
NA
NA
NA
NA
NA
NA
NA
NA
NA
NA
NA
NA
NA
NA
NA
NA
NA
NA
NA
NA
NA
NA
NA
NA
NA
NA
NA
NA
NA
NA
NA
NA
NA
NA
NA
NA
NA
NA
NA
NA
NA
NA
NA
NA
NA
NA
NA
NA
NA
NA
NA
NA
NA
NA
NA
NA
NA
NA
NA
NA
NA
NA
NA
NA
NA
NA
NA
NA
NA
NA
NA
NA
NA
NA
NA
NA
NA
NA
NA
NA
NA
NA
NA
NA
NA
NA
NA
NA
NA
NA
NA
NA
NA
NA
NA
NA
NA
NA
NA
NA
NA
NA
NA
NA
NA
NA
NA
NA
NA
NA
NA
NA
NA
NA
NA
NA
NA
NA
NA
NA
NA
NA
NA
NA
NA
NA
NA
NA
NA
NA
NA
NA
NA
NA
NA
NA
NA
NA
NA
NA
NA
NA
NA
NA
NA
NA
NA
NA
NA
NA
NA
NA
NA
NA
NA
NA
NA
NA
NA
NA
NA
NA
NA
NA
NA
NA
NA
NA
NA
NA
NA
NA
NA
NA
NA
NA
NA
NA
NA
NA
NA
NA
NA
NA
NA
NA
NA
NA
NA
NA
NA
NA
NA
NA
NA
NA
NA
NA
NA
NA
NA
NA
NA
NA
NA
NA
NA
NA
NA
NA
NA
NA
NA
NA
NA
NA
NA
NA
NA
NA
NA
NA
NA
NA
NA
NA
NA
NA
NA
NA
NA
NA
NA
NA
NA
NA
NA
NA
NA
NA
NA
NA
NA
NA
NA
NA
NA
NA
NA
NA
NA
NA
NA
NA
NA
NA
NA
NA
NA
NA
NA
NA
NA
NA
NA
NA
NA
NA
NA
NA
NA
NA
NA
NA
NA
NA
NA
NA
NA
NA
NA
NA
NA
NA
NA
NA
NA
NA
NA
NA
NA
NA
NA
NA
NA
NA
NA
NA
NA
NA
NA
NA
NA
NA
NA
NA
NA
NA
NA
NA
NA
NA
NA
NA
NA
NA
NA
NA
NA
NA
NA
NA
NA
NA
NA
NA
NA
NA
NA
NA
NA
NA
NA
NA
NA
NA
NA
NA
NA
NA
NA
NA
NA
NA
NA
NA
NA
NA
NA
NA
NA
NA
NA
NA
NA
NA
NA
NA
NA
NA
NA
NA
NA
NA
NA
NA
NA
NA
NA
NA
NA
NA
NA
NA
NA
NA
NA
NA
NA
NA
NA
NA
NA
NA
NA
NA
NA
NA
NA
NA
NA
NA
NA
NA
NA
NA
NA
NA
NA
NA
NA
NA
NA
NA
NA
NA
NA
NA
NA
NA
NA
NA
NA
NA
NA
NA
NA
NA
NA
NA
NA
NA
NA
NA
NA
NA
NA
NA
NA
NA
NA
NA
NA
NA
NA
NA
NA
NA
NA
NA
NA
NA
NA
NA
NA
NA
NA
NA
NA
NA
NA
NA
NA
NA
NA
NA
NA
NA
NA
NA
NA
NA
NA
NA
NA
NA
NA
NA
NA
NA
NA
NA
NA
NA
NA
NA
NA
NA
NA
NA
NA
NA
NA
NA
NA
NA
NA
NA
NA
NA
NA
NA
NA
NA
NA
NA
NA
NA
NA
NA
NA
NA
NA
NA
NA
NA
NA
NA
NA
NA
NA
NA
NA
NA
NA
NA
NA
NA
NA
NA
NA
NA
NA
NA
NA
NA
NA
NA
NA
NA
NA
NA
NA
NA
NA
NA
NA
NA
NA
NA
NA
NA
NA
NA
NA
NA
NA
NA
NA
NA
NA
NA
NA
NA
NA
NA
NA
NA
NA
NA
NA
NA
NA
NA
NA
NA
NA
NA
NA
NA
NA
NA
NA
NA
NA
NA
NA
NA
NA
NA
NA
NA
NA
NA
NA
NA
NA
NA
NA
NA
NA
NA
NA
NA
NA
NA
NA
NA
NA
NA
NA
NA
NA
NA
NA
NA
NA
NA
NA
NA
NA
NA
NA
NA
NA
NA
NA
NA
NA
NA
NA
NA
NA
NA
NA
NA
NA
NA
NA
NA
NA
NA
NA
NA
NA
NA
NA
NA
NA
NA
NA
NA
NA
NA
NA
NA
NA
NA
NA
NA
NA
NA
NA
NA
NA
NA
NA
NA
NA
NA
NA
NA
NA
NA
NA
NA
NA
NA
NA
NA
NA
NA
NA
NA
NA
NA
NA
NA
NA
NA
NA
NA
NA
NA
NA
NA
NA
NA
NA
NA
NA
NA
NA
NA
NA
NA
NA
NA
NA
NA
NA
NA
NA
NA
NA
NA
NA
NA
NA
NA
NA
NA
NA
NA
NA
NA
NA
NA
NA
NA
NA
NA
NA
NA
NA
NA
NA
NA
NA
NA
NA
NA
NA
NA
NA
NA
NA
NA
NA
NA
NA
NA
NA
NA
NA
NA
NA
NA
NA
NA
NA
NA
NA
NA
NA
NA
NA
NA
NA
NA
NA
NA
NA
NA
NA
NA
NA
NA
NA
NA
NA
NA
NA
NA
NA
NA
NA
NA
NA
NA
NA
NA
NA
NA
NA
NA
NA
NA
NA
NA
NA
NA
NA
NA
NA
NA
NA
NA
NA
NA
NA
NA
NA
NA
NA
NA
NA
NA
NA
NA
NA
NA
NA
NA
NA
NA
NA
NA
NA
NA
NA
NA
NA
NA
NA
NA
NA
NA
NA
NA
NA
NA
NA
NA
NA
NA
NA
NA
NA
NA
NA
NA
NA
NA
NA
NA
NA
NA
NA
NA
NA
NA
NA
NA
NA
NA
NA
NA
NA
NA
NA
NA
NA
NA
NA
NA
NA
NA
NA
NA
NA
NA
NA
NA
NA
NA
NA
NA
NA
NA
NA
NA
NA
NA
NA
NA
NA
NA
NA
NA
NA
NA
NA
NA
NA
NA
NA
NA
NA
NA
NA
NA
NA
NA
NA
NA
NA
NA
NA
NA
NA
NA
NA
NA
NA
NA
NA
NA
NA
NA
NA
NA
NA
NA
NA
NA
NA
NA
NA
NA
NA
NA
NA
NA
NA
NA
NA
NA
NA
NA
NA
NA
NA
NA
NA
NA
NA
NA
NA
NA
NA
NA
NA
NA
NA
NA
NA
NA
NA
NA
NA
NA
NA
NA
NA
NA
NA
NA
NA
NA
NA
NA
NA
NA
NA
NA
NA
NA
NA
NA
NA
NA
NA
NA
NA
NA
NA
NA
NA
NA
NA
NA
NA
NA
NA
NA
NA
NA
NA
NA
NA
NA
NA
NA
NA
NA
NA
NA
NA
NA
NA
NA
NA
NA
NA
NA
NA
NA
NA
NA
NA
NA
NA
NA
NA
NA
NA
NA
NA
NA
NA
NA
NA
NA
NA
NA
NA
NA
NA
NA
NA
NA
NA
NA
NA
NA
NA
NA
NA
NA
NA
NA
NA
NA
NA
NA
NA
NA
NA
NA
NA
NA
NA
NA
NA
NA
NA
NA
NA
NA
NA
NA
NA
NA
NA
NA
NA
NA
NA
NA
NA
NA
NA
NA
NA
NA
NA
NA
NA
NA
NA
NA
NA
NA
NA
NA
NA
NA
NA
NA
NA
NA
NA
NA
NA
NA
NA
NA
NA
NA
NA
NA
NA
NA
NA
NA
NA
NA
NA
NA
NA
NA
NA
NA
NA
NA
NA
NA
NA
NA
NA
NA
NA
NA
NA
NA
NA
NA
NA
NA
NA
NA
NA
NA
NA
NA
NA
NA
NA
NA
NA
NA
NA
NA
NA
NA
NA
NA
NA
NA
NA
NA
NA
NA
NA
NA
NA
NA
NA
NA
NA
NA
NA
NA
NA
NA
NA
NA
NA
NA
NA
NA
NA
NA
NA
NA
NA
NA
NA
NA
NA
NA
NA
NA
NA
NA
NA
NA
NA
NA
NA
NA
NA
NA
NA
NA
NA
NA
NA
NA
NA
NA
NA
NA
NA
NA
NA
NA
NA
NA
NA
NA
NA
NA
NA
NA
NA
NA
NA
NA
NA
NA
NA
NA
NA
NA
NA
NA
NA
NA
NA
NA
NA
NA
NA
NA
NA
NA
NA
NA
NA
NA
NA
NA
NA
NA
NA
NA
NA
NA
NA
NA
NA
NA
NA
NA
NA
NA
NA
NA
NA
NA
NA
NA
NA
NA
NA
NA
NA
NA
NA
NA
NA
NA
NA
NA
NA
NA
NA
NA
NA
NA
NA
NA
NA
NA
NA
NA
NA
NA
NA
NA
NA
NA
NA
NA
NA
NA
NA
NA
NA
NA
NA
NA
NA
NA
NA
NA
NA
NA
NA
NA
NA
NA
NA
NA
NA
NA
NA
NA
NA
NA
NA
NA
NA
NA
NA
NA
NA
NA
NA
NA
NA
NA
NA
NA
NA
NA
NA
NA
NA
NA
NA
NA
NA
NA
NA
NA
NA
NA
NA
NA
NA
NA
NA
NA
NA
NA
NA
NA
NA
NA
NA
NA
NA
NA
NA
NA
NA
NA
NA
NA
NA
NA
NA
NA
NA
NA
NA
NA
NA
NA
NA
NA
NA
NA
NA
NA
NA
NA
NA
NA
NA
NA
NA
NA
NA
NA
NA
NA
NA
NA
NA
NA
NA
NA
NA
NA
NA
NA
NA
NA
NA
NA
NA
NA
NA
NA
NA
NA
NA
NA
NA
NA
NA
NA
NA
NA
NA
NA
NA
NA
NA
NA
NA
NA
NA
NA
NA
NA
NA
NA
NA
NA
NA
NA
NA
NA
NA
NA
NA
NA
NA
NA
NA
NA
NA
NA
NA
NA
NA
NA
NA
NA
NA
NA
NA
NA
NA
0.6905
0.575
0.6667
0.5
0.7179
0.5429
0.7949
0.4898
0.6098
0.3714
1.375
0.4651
0.8333
0.8387
0.7674
0.7097
0.8485
1.1143
0.383
0.5814
0.6
0.381
0.6047
0.5435
0.8378
0.5882
0.9688
1.1034
0.7714
0.6562
0.4615
0.4792
0.5405
0.5789
0.4828
0.4706
0.463
0.7955
0.9714
1.1304
0.4444
0.4419
0.8286
0.3846
0.6562
1.1212
0.4286
0.7209
0.8125
1.0476
0.925
0.5946
1.44
0.4595
0.75
0.7059
1.2917
0.7111
0.322
1.1111
0.3778
0.7188
0.4595
0.8788
0.6296
0.6053
1
0.5641
1
1
0.6944
0.9722
0.439
0.3171
0.9697
1.1714
1.069
0.875
0.7368
1.129
0.4474
0.425
1.0333
0.6944
0.3846
0.5641
0.4419
0.4857
0.7568
0.5
0.5
0.5588
0.8919
0.931
0.6944
0.4146
0.5208
0.359
0.4848
0.2667
0.4103
0.5625
1.1333
0.2
0.5128
0.6944
0.6364
0.64
1.2069
0.6667
0.6829
0.5526
0.5897
0.3455
0.675
0.619
0.7273
0.5122
1.087
0.6765
1
0.5556
0.625
0.75
0.2449
0.5349
1
0.3659
0.3415
0.5227
0.65
0.3934
1
0.5814
0.6216
1.0857
0.4516
0.4865
0.5319
0.5128
1.2121
0.4792
0.5952
0.7045
0.7667
0.4419
0.5
0.5
0.85
0.7222
1.0606
0.5789
0.5952
0.8462
0.8235
0.88
0.7059
1.0588
0.5476
0.7895
1.7222
1.0303
1.0625
0.6596
0.8056
0.9688
0.6552
0.4242
0.5686
0.6667
1.8421
0.3208
0.5946
0.4762
0.3667
0.8387
1.1613
0.8077
0.4634
0.7436
0.4222
0.8571
0.4571
1.0455
0.7742
0.4651
0.6923
0.7576
0.9
0.7353
0.8889
0.6571
1.1875
0.8571
0.5526
0.4419
0.4231
0.7297
0.55
0.6111
0.7895
0.65
0.6071
0.6591
0.8947
0.6
0.75
0.8611
0.4571
0.4694
1.1852
0.5263
0.3947
0.7241
1.1154
0.4634
1.0909
0.7742
0.7442
0.6667
0.6471
0.6032
0.5581
0.6667
0.6098
0.4483
0.9118
0.8444
0.3902
0.5143
0.8
0.7442
0.6111
0.4878
0.8571
0.6327
0.9062
0.4773
0.9677
0.5676
0.7805
0.871
0.8919
0.5278
0.6341
0.4146
0.7838
0.7895
0.6471
0.5952
0.4
0.4474
0.5641
0.3721
0.6786
0.36
0.8214
0.5652
0.871
0.3095
0.5946
0.4419
1.2647
0.8056
0.7111
0.8065
0.7857
0.5
0.5135
0.6571
0.4419
1
0.5625
0.9286
0.6087
0.9667
0.6905
0.8387
0.7568
0.5641
0.2727
0.8462
0.3333
0.587
0.5476
0.5882
0.4474
1.1429
0.8125
0.7429
1.28
0.4872
0.4571
0.5106
0.7667
0.8571
0.4872
1.5
0.8065
0.7097
0.9355
0.3824
0.8889
0.8438
0.7895
0.5556
0.6071
0.8108
0.3636
0.5429
0.5
0.5946
0.5294
0.4082
0.7556
0.8
0.4651
0.75
0.6857
0.4211
0.6774
0.4828
0.9583
0.871
0.6905
0.5789
0.4872
1.1154
0.9062
0.8438
0.4872
0.6486
0.475
0.6364
0.4
0.6905
0.7
0.4651
0.6897
0.7
0.9268
0.2727
0.6667
0.4118
0.5192
0.8214
0.3846
0.75
0.5952
0.5238
0.8718
1.0323
0.619
0.3902
0.7436
0.5641
1
0.4706
0.7674
0.8571
0.8444
0.3878
0.575
0.8235
1.96
0.5455
0.9375
0.8684
0.5385
0.381
0.6579
0.6923
0.9032
0.7027
0.6809
0.4571
0.6
0.525
1.3077
0.4483
0.5556
0.7143
0.7407
0.4857
0.5217
0.5455
1
0.5
1.0345
0.5641
1.2143
0.7907
1.1379
0.6977
0.4857
0.973
0.7222
0.8519
1.28
0.8438
0.5
0.5208
0.5152
0.8182
0.5897
0.32
1.2188
0.4848
0.8056
0.8485
1.0286
0.4706
0.549
0.561
0.5854
1.0909
0.7317
0.7692
0.3415
1.2121
0.2041
0.9688
0.5217
0.8947
0.2195
0.5
0.619
0.425
0.4054
1.0345
0.5556
0.6061
0.6286
0.4048
0.5385
0.3492
0.7353
0.5625
0.8889
0.6522
0.3684
0.8947
0.4444
0.7241
0.4091
0.3529
0.8462
1.1176
0.4186
0.65
0.5167
0.5652
0.5312
0.7317
0.8261
0.3514
0.4706
0.26
0.8636
0.8333
0.5952
0.7879
0.5333
1
0.5
1.16
0.4595
0.7179
0.4444
0.65
0.8974
1.1212
0.6757
0.7778
0.8125
0.7333
1.3846
0.5294
0.625
0.7742
1.3077
0.5429
0.6905
0.625
1
0.7059
0.449
0.875
0.6333
0.725
0.3922
0.6667
0.6486
0.4595
0.8529
0.5952
0.3396
0.8788
0.5122
0.5588
0.2857
0.7632
0.5652
0.9189
0.7955
0.5357
0.92
0.4483
0.8636
0.4615
0.4571
1.0333
0.4348
0.7742
0.7368
0.6098
0.575
0.3125
1.0882
0.7742
0.383
0.6875
0.8
0.75
0.6667
0.7097
0.7931
0.4706
1
1.0333
0.641
0.375
0.6111
0.9091
0.8684
0.4706
0.5946
0.7959
0.6579
0.8378
0.5161
0.7941
0.8293
0.619
1.075
0.5476
0.3333
0.7407
0.6216
0.8387
0.7179
0.7419
1.1176
0.5238
0.625
1.0938
0.5143
0.6226
1.32
0.7742
0.449
0.4314
0.3519
1.6842
0.6522
0.6667
0.6571
0.3889
0.8438
0.6757
0.3158
0.9714
0.8108
0.3529
0.8788
0.3182
0.5
1
0.6042
0.5526
0.3878
0.3214
1.0312
0.9333
1.6842
0.5897
0.7317
0.6429
0.4146
0.3095
0.7568
0.5
0.5714
0.5667
0.5185
0.44
1
0.4355
0.6136
0.8485
0.5152
0.7105
1.6
0.8485
0.641
0.5385
0.5472
0.9231
0.641
0.7647
0.6562
0.3667
0.6757
0.8148
0.8056
1.0312
0.5778
0.2895
0.6364
0.3333
1.48
0.8387
0.5405
0.6486
1.3636
0.4828
0.7
1.0476
0.8519
0.8537
0.6923
0.6452
0.6486
1
0.3143
0.5405
0.8
1.1852
0.3725
0.3333
0.68
0.3077
0.4615
0.4286
0.6774
0.3421
0.5172
1.1724
0.4524
0.7568
0.878
0.2821
0.4615
0.6053
0.7297
0.8667
0.5625
0.4848
1.037
0.8182
0.6216
0.4595
0.5
0.4545
0.3556
0.8485
0.9
0.6905
0.7097
1.0385
0.4314
0.3182
1.1481
0.3158
0.3023
0.3115
0.6944
0.88
0.4865
0.9706
0.4386
0.4146
0.5429
0.3878
0.9333
0.5238
0.6471
0.6452
0.8667
0.5849
0.4054
0.7143
0.5758
0.3462
0.8
0.2143
0.4545
0.6286
0.8293
0.641
0.9091
1.1562
0.9189
0.6047
0.2381
0.4615
0.551
0.697
0.6562
0.4651
0.7368
0.5349
0.6136
0.6667
0.3654
0.625
0.8485
0.5238
0.6364
0.56
0.3611
0.6765
0.4151
0.5526
0.3659
0.7222
0.3659
0.4889
0.4898
0.3243
0.4444
1.1
0.4828
0.5833
0.561
0.7027
0.5
1.1
0.6667
0.7222
0.4412
0.5814
0.3175
0.6333
0.9412
0.8333
0.6757
0.5312
0.5333
0.9375
0.3542
0.9655
0.439
0.4468
0.5312
0.697
0.8125
0.4722
1.3158
0.9333
0.2182
0.3542
0.45
0.4737
1.0857
0.4545
0.4107
0.3519
0.38
0.4286
0.3556
0.6765
0.383
0.6154
0.3846
0.8611
0.7419
1.2727
0.7857
0.5946
0.3684
0.4898
1.125
0.5
0.5405
0.8056
0.913
0.4524
0.4878
0.7241
0.7667
0.5862
0.4167
0.4318
0.3556
0.6154
0.6538
0.1967
0.641
1
0.4667
1.0294
0.4419
1.3103
0.5789
0.7143
0.5143
0.4524
0.9375
0.5143
0.5946
0.6667
1.3333
0.7353
0.8095
0.7
0.9231
0.35
0.5128
0.7568
1.2727
1
0.439
0.2857
1.1071
0.4
0.8788
0.3968
0.5526
0.9231
0.3056
0.4857
0.8065
0.5
0.9355
0.4118
0.5714
0.7742
0.8
1.3333
0.6471
0.4237
1.0588
0.4821
0.4872
0.7667
0.3061
0.625
1.28
0.4286
0.6098
0.4242
1.0769
0.8966
1.1471
0.5294
1.12
0.4054
0.6744
0.4722
0.7778
0.5192
0.5581
0.7059
1.2143
0.4792
0.6944
0.875
1.0333
0.7381
0.75
0.96
0.4
0.6486
0.3137
0.4783
0.4038
0.5581
0.4
0.5278
1.0909
0.381
0.6129
0.5429
0.4167
0.1915
0.2619
0.4074
0.9722
0.4
0.561
0.8333
0.7059
0.4615
0.7586
0.7273
0.7879
0.7368
0.7297
0.7083
0.7297
0.3469
0.6667
0.3684
0.4333
0.5152
0.6522
0.9286
0.4186
0.5116
0.5758
0.7333
0.9286
0.4737
0.8182
0.5405
0.6
0.4524
0.25
0.4167
0.7407
0.5263
1
1.1429
0.7353
0.8529
0.8235
1
0.8438
0.2667
0.9091
0.5946
0.4545
0.5
0.45
0.7714
0.4386
0.7143
0.4694
0.2826
0.6061
0.7073
0.475
0.3284
0.5814
0.3958
1.3448
0.7561
1.1471
1.3793
1.0667
0.6667
0.3261
0.5778
0.8529
0.8857
1.1111
1.125
0.5128
0.8621
0.2759
1.0345
1.0645
0.9062
0.4
0.8667
1.2258
0.55
0.6552
0.7714
0.8889
0.4848
0.3542
0.6061
0.3721
0.5778
0.7292
0.525
1.12
0.4167
0.5405
1.0714
0.5135
0.6316
0.2909
1.0294
0.8824
1.4211
0.5273
0.5294
0.3922
0.4231
0.7073
0.6429
0.6667
0.3514
0.7429
0.6765
0.5
0.6333
0.5
0.55
0.5714
0.5312
0.7436
0.05
0.5128
0.3878
0.4146
0.4571
0.9583
0.2093
0.8333
0.6774
0.6279
0.5161
0.4242
0.9143
0.2766
0.3778
0.451
0.381
0.4884
0.4348
0.6486
0.3824
0.7812
0.7931
0.6
0.4062
0.2821
0.3958
0.2051
0.5789
0.4138
0.4118
0.5741
0.4545
0.6857
1
0.1042
0.3721
0.4571
0.5641
0.75
0.8485
0.3571
0.5349
0.5625
0.9524
0.6
0.4324
1.04
0.4054
0.7
0.6471
1.125
0.5778
0.2167
0.8519
0.3778
0.5312
0.5405
0.7576
0.7037
0.3947
0.75
0.0638
1
0.8387
0.6667
0.5833
0.3659
0.3171
0.6364
0.8
0.8621
0.8125
0.6053
0.7576
0.5
0.3
0.6364
0.5556
0.359
0.3077
0.2326
0.4
0.4595
0.3696
0.4211
0.2941
0.6486
1.069
0.7222
0.439
0.4375
0.2821
0.3333
0.1833
0.0714
0.375
0.7667
0.2222
0.425
0.3056
0.075
0.4
0.8966
0.6111
0.3902
0.5263
0.5897
0.1429
0.6
0.4048
0.6364
0.4146
0.913
0.5294
0.8065
0.4167
0.1522
0.6944
0.2245
0.4884
0.9189
0.439
0.2683
0.2045
0.45
0.3934
0.76
0.5349
0.5405
0.7714
0.4194
0.4865
0.2708
0.2564
1.0909
0.3542
0.5714
0.5455
0.5333
0.3023
0.4545
0.4565
0.6
0.5556
0.8485
0.3947
0.1837
0.8462
0.8529
0.84
0.5882
0.0233
0.5581
0.5526
1.2778
0.7879
0.875
0.5532
0.5278
0.4375
0.4483
0.3939
0.4118
0.5185
1.4211
0.4902
0.4324
0.5238
0.4333
0.7097
0.8065
0.1795
0.4634
0.6923
0.2444
0.7143
0.3714
0.8636
0.5
0.1224
0.5769
0
0.12
0.6765
0.75
0.5143
0.9062
0.6
0.119
0.3953
0.0484
0.5946
0.375
0.4167
0.7105
0.7632
0.4643
0.4545
0.087
0.0227
0.5312
0.0698
0.4857
0.4286
0.8889
0.4474
0.3421
0.6897
0.7692
0.5122
1.0303
0.025
0.4651
0.5278
0.5882
0.1918
0.3721
0.5152
0.5854
0.5862
0.7353
0.6
0.2683
0.3143
0.7714
0.4186
0.4722
0.1778
0.5714
0.5714
0.75
0.3636
0.0455
0.2703
0.439
0.7742
0.7027
0.5278
0.5854
0.3171
0.4324
0.06
0.3824
0.5476
0.3714
0.2821
0.3846
0.2791
0.5714
0.36
0.8571
0.4348
0.6774
0.3333
0.5946
0.3256
1.0882
0.5556
0.4667
0.5484
0.7143
0.2326
0.0488
0.5143
0.3023
0.6857
0.4375
0.6786
0.5
0.6667
0.6429
0.7419
0.6486
0.4872
0.2273
0.5385
0.4286
0.413
0.3095
0.4706
0.3947
0.9286
0.5
0.5714
0.64
0.3415
0.5429
0.4468
0.5667
0.7857
0.0455
1.2308
0.5806
0.4839
0.6774
0.3235
0.8148
0.4375
0.5526
0.3333
0.3214
0.7297
0.2424
0.3714
0.4565
0.5405
0.3529
0.3469
0.5778
0.5333
0.4651
0.6875
0.6571
0.2632
0.7097
0.2759
0.8333
0.7742
0.5714
0.3421
0.4103
0.7692
0.7812
0.6875
0.5128
0.5946
0.475
0.1064
0.05
0.619
0.75
0.3721
0.5517
0.45
0.7317
0.1778
0.6
0.3824
0.3269
0.8214
0.2885
0.525
0.5
0.4762
0.6667
0.6452
0.4762
0.3415
0.5897
0.4872
0.84
0.3529
0.6047
0.7714
0.7333
0.1837
0.375
0.0244
0.1667
0.4364
0.6562
0.5526
0.4615
0.3095
0.5
0.5556
0.9032
0.4595
0.5745
0.4571
0.3333
0.375
0.8846
0.3276
0.0741
0.8929
0.7037
0.3714
0.0385
0.4118
0.8621
0.2222
0.1053
0.5641
0.8214
0.5814
0.8276
0.3953
0.2368
0.5526
0.4722
0.6667
0.88
0.7188
0.4524
0.4375
0.4545
0.7879
0.359
0.26
1.0938
0.5152
0.4474
0.7576
0.8286
0.3529
0.3333
0.4634
0.5122
0.7576
0.7073
0.6923
0.2439
1.1212
0.0784
0.8125
0.5217
0.8158
0.35
0.4722
0.4286
0.3659
0.2432
0.8621
0.3778
0.5152
0.4286
0.3095
0.4615
0.058
0.6471
0.4167
0.7778
0.5435
0.3158
0.6842
0.2174
0.4483
0.0962
0.2
0.5897
0.8529
0.2326
0.575
0.4167
0.5
0.4062
0.5854
0.5435
0.2703
0.4118
0.2857
0.6591
0.7576
0.3333
0.6061
0.4333
0.6296
0.3333
1.08
0.3243
0.1277
0.2444
0.575
0.7949
0.8182
0.6216
0.4444
0.6875
0.6333
1
0.6471
0.5
0.6452
1.0385
0.4286
0.4762
0.45
0.6
0.7941
0.3878
0.0625
0.3667
0.45
0.1698
0.5641
0.5676
0.3684
0.8529
0.4524
0.3019
0.8182
0.2683
0.4706
0.3265
0.5789
0.4565
0.7027
0.8636
0.6071
0.92
0.0909
0.0667
0.359
0.3714
0.9667
0.2391
0.5806
0.5
0.561
0.0889
0.1875
1
0.6452
0.3404
0.5625
0.8286
0.5556
0.4167
0.0513
0.6207
0.4706
1
0.9667
0.641
0.375
0.5278
0.7576
0.7105
0.4706
0.4324
0.5306
0.3421
0.7027
0.4516
0.6176
0.6585
0.5476
1
0.3571
0.2464
0.5714
0.5676
0.7419
0.3415
0.4839
0.8529
0.3571
0.525
0.7188
0.5143
0.4717
1.2
0.0833
0.449
0.2745
0.3148
1.6842
0.7826
0.359
0.5143
0.4167
0.7188
0.4865
0.2414
0.9143
0.6757
0.0536
0.7879
0.3182
0.0816
0.8636
0.625
0.5526
0.2857
0.3036
0.9688
0.8
0.0769
0.5385
0.5122
0.5476
0.4146
0.1667
0.6486
0.3421
0.0526
0.4333
0.2778
0.42
0.6579
0.4194
0.5227
0.6364
0.303
0.6316
1.2
0.8485
0.4615
0.4359
0.4151
0.6154
0.0476
0.6176
0.6562
0.3
0.5946
0.7778
0.6944
0.8125
0.3778
0.3158
0.6061
0.2778
1
0.6129
0.3514
0.4054
1.1364
0.4138
0.4
0.4762
0.5556
0.7317
0.4615
0.4839
0.3784
0.6286
0.1143
0.3514
0.7333
0.9259
0.3333
0.1667
0.2414
0.1795
0.3846
0.3469
0.5806
0.1842
0.4828
1.069
0.2619
0.4865
0.5366
0.2564
0.4103
0.5789
0.5405
0.1176
0.5312
0.4848
0.9259
0.7273
0.4054
0.2703
0.4375
0.2
0.2444
0.6364
0.775
0.5714
0.5484
0.6538
0.3725
0.3409
0.8889
0.4035
0.3256
0.2951
0.5556
0.6
0.4324
0.7941
0.2982
0.1395
0.4571
0.2353
0.7333
0.4286
0.6471
0.5161
0.9333
0.4151
0.3243
0.375
0.4242
0.3077
0.7714
0.2321
0.3182
0.6
0.4878
0.5641
0.7727
1.0625
0.7027
0.4884
0.2143
0.3269
0.4898
0.7879
0.6562
0.4419
0.6053
0.4186
0.4545
0.4524
0.25
0.4688
0.5758
0.5714
0.5227
0.52
0.2222
0.4118
0.4528
0.4737
0.2683
0.5
0.2927
0.2667
0.5306
0.2432
0.1778
0.9
0.1724
0.2917
0.439
0.6486
0.4286
0.6333
0.4524
0.5833
0.3824
0.6047
0.0448
0.4667
0.4857
0.7222
0.4324
0.4688
0.3043
0.9062
0.3333
0.7241
0.1087
0.2979
0.625
0.5152
0.8125
0.3611
0.9474
0.5
0.3091
0.3673
0.375
0.3158
0.8571
0.2727
0.3036
0.2963
0.34
0.4048
0.2609
0.5588
0.3617
0.6154
0.3333
0.9167
0.6774
0.9545
0.5357
0.5135
0.4211
0.3061
1.0312
0.3158
0.5405
0.8056
0.5217
0.3333
0.1111
0.4194
0.7
0.6207
0.25
0.2727
0.3556
0.6154
0.3462
0.1967
0.5385
0.6154
0.4889
0.7353
0.3023
0.9655
0.4737
0.7429
0.5429
0.3721
0.6562
0.3714
0.3684
0.6667
0
0.6471
0.5714
0.5333
0.9615
0.425
0.4872
0.5676
1.1818
0.6786
0.0851
0.2321
0.8929
0.3143
0.6667
0.2857
0.4211
0.6923
0.3611
0.3429
0.5484
0.3889
1.129
0.2353
0.2188
0.7419
0.4444
1.2222
0.5
0.322
0.6471
0.4286
0.3077
0.75
0.2041
0.4375
1.04
0.3571
0.439
0.2353
0.6154
0.7931
0.9412
0.4706
0.84
0.3514
0.5814
0.4167
0.4722
0.4231
0.5581
0.6176
0.8214
0.4583
0.4722
0.5
1.1667
0.4524
0.5
1
0.2727
0.5135
0.3529
0.3261
0.3269
0.5116
0.28
0.5278
0.697
0.3095
0.4516
0.4857
0.4444
0.2553
0.1667
0.2727
0.75
0.2391
0.3415
0.5833
0.5882
0.359
0.8276
0.4545
0.3636
0.6316
0.7297
0.1379
0.8649
0.3061
0.7179
0.2895
0.5333
0.4242
0.4348
0.8929
0.2558
0.4419
0.697
0.7
0.9286
0.3947
0.3158
0.4324
0.4
0.4048
0.1522
0.1944
0.6296
0.3158
0.9286
0.9643
0.6176
0.8529
0.7059
0.7297
0.625
0.1778
0.5455
0.2973
0.6061
0.2955
0.275
0.5429
0.3333
0.6286
0.3469
0.2391
0.4545
0.6585
0.375
0.1791
0.4884
0.2857
0.6897
0.7073
0.9412
1.069
0.8667
0.6429
0.2826
0.4667
0.1042
0.6857
0.7778
0.093
0.359
0.3793
0.1552
0.8966
0.871
0.7812
0.44
0.9
0.6452
0.425
0.5172
0.8286
0.6667
0.5152
0.4167
0.3636
0.2093
0.5333
0.6458
0.475
0.7308
0.3333
0.4737
0.8214
0.175
0.5
0.3091
0.5882
0.1136
0.9474
0.4909
0.4412
0.2941
0.4423
0.6098
0.3929
0.4444
0.4595
0.6
0.4706
0.4444
0.5333
0.5476
0.0816
0.1837
0.4375
0.7179
0.1
0.5641
0.0357
0.3902
0.0976
0.9583
0
0.6333
0.0732
0.0741
0.0541
0.0833
0.08
0.02
0.0208
0.4314
0.1
0.5116
0.0192
0.087
0.5
0.1429
0.5862
0.1163
0.4375
0.2821
0.3958
0.1795
0.0638
0.4828
0.1053
0.0323
0.0588
0.7143
0.6522
0.0417
0.3488
0.4571
0.4359
0.5312
0.0222
0.3095
0
0.5312
0.8571
0.0833
0.0952
0.0789
0.3514
0.0833
0.5588
1.0417
0.4889
0.25
0.0541
0.0417
0.0526
0.4474
0.025
0.6667
0.3684
0.4286
0.0638
0.8966
0.8387
0.0426
0.5278
0.0213
0.0667
0.0476
0.7429
0.1351
0.8125
0.6053
0.697
0.1163
0.1818
0.6667
0.5556
0.359
0.0732
0.2093
0.2857
0.4865
0.0816
0.4737
0.0263
0.6486
0.931
0.1463
0.3415
0.0962
0.4103
0.5152
0.2333
0.0714
0.4375
0.9667
0.1556
0.2683
0.025
0
0.56
0.8966
0.6389
0.3902
0.093
0.087
0.1786
0.625
0.0833
0.7273
0.0444
0.6957
0.5294
0.0476
0.087
0.45
0.1429
0.1373
0.4884
0.7838
0.0667
0
0.0435
0.45
0.2295
0.0968
0.4419
0.0769
0.0652
0.4516
0.3784
0.0189
0.2051
0.0435
0.375
0.4
0.037
0.4
0.0612
0.102
0
0.6
0.3333
0.0526
0.3421
0.0408
0.8846
0.7059
0.1212
0.5588
0.0465
0.0577
0.0682
1.3333
0.0889
0.7812
0.0847
0.6111
0.1081
0.2059
0.0278
0.3725
0.6296
1.4211
0.0172
0.0682
0.0784
0.3333
0.1282
0.9032
0.1026
0.4634
0.6154
0.0851
0.6667
0.0833
0.7273
0.6452
0.102
0.5769
0.0465
0.625
0.6471
0.6667
0.5714
0.1795
0.6857
0.0952
0.0208
0.0484
0.1667
0.4
0.093
0.6842
0.575
0.4286
0.5682
0.1304
0.0227
0
0.093
0.5143
0.449
0.8148
0.5263
0.1
0.7241
0.1389
0.4634
0.0625
0
0.4419
0.5
0.1667
0.0759
0.0625
0.5152
0.5854
0.3103
0.6471
0.6222
0.3659
0.075
0.5714
0.0588
0.3611
0.0625
0.6
0.5714
0.5938
0.0417
0.1136
0.3514
0.3171
0.1
0.6486
0.3056
0.0392
0.0652
0.5676
0.08
0.0714
0.4762
0.0833
0.2051
0.4359
0.0816
0.0606
0.34
0.0789
0.0545
0.6774
0.3571
0.4595
0.0435
0.9412
0.6389
0
0.5161
0.7143
0.3023
0.3784
0.4
0.0638
0.6857
0.5312
0.6786
0.06
0.0588
0.12
0.6452
0.5946
0.0217
0.0667
0.4231
0.3333
0.5
0.5
0.5882
0.4474
0.9643
0.1351
0.5143
0.76
0.4872
0.1
0.0179
0.5806
0.75
0.0909
1
0.4516
0.4839
0.9355
0.0541
0.5556
0.5625
0.5526
0.5278
0.0323
0.7568
0.0278
0.4
0.5217
0.5135
0.3824
0.0545
0.6222
0.5556
0.3953
0.6875
0.0455
0.2895
0.6452
0.3276
0.7917
0.0513
0.5
0.0909
0
0.0556
0.0714
0.0488
0.1395
0
0.093
0.1489
0.25
0.0392
0.55
0.0408
0.1429
0.0435
0.6341
0.2667
0.4667
0.3529
0.2642
0.8214
0.25
0.08
0.0833
0.0385
0.0208
0.6129
0.04
0.3171
0.0588
0.0952
0.2059
0.3333
0.6047
0.6857
0.6
0.2857
0.425
0.5882
0.1389
0.5091
0.625
0.5263
0.4872
0.2619
0.0682
0.1613
0.3889
0.5135
0.4468
0.3714
0.4
0.375
0.0294
0.0161
0.037
0.1143
0.0625
0.0263
0.3696
0.3235
0.1081
0.2222
0.0263
0.3333
0.0769
0.6512
0.0811
0.06
0
0.6579
0.4722
0.7778
0.64
0.0714
0
0.2917
0.3939
0.0244
0.1463
0.0357
1.0625
0.4242
0.093
0.1316
0.02
0.0702
0.3725
0.439
0.3659
0.0698
0.6829
0.0392
0.0652
1
0.2041
0.0455
0.4783
0.7368
0.35
0.2778
0.0426
0.1163
0.0488
0.7931
0.3111
0.4848
0.0513
0.2857
0.5128
0.029
0.5882
0.5625
0.7037
0.4783
0.4474
0.0435
0.2222
0.125
0.0962
0.2
0.087
0.8824
0.0652
0.0426
0.4167
0.0962
0.3125
0.4878
0.0909
0.05
0.3529
0.0943
0.6591
0.5455
0.3333
0.5758
0.4333
0.8519
0.375
0.0811
0.2162
0.5385
0.2667
0.0417
0.0962
0.0769
0.0426
0.5278
0.0732
0.0286
0.1389
0.5294
0.4
0.6129
1.1154
0.122
0.2083
0.5
0.5667
0.6765
0.2692
0.1042
0.3
0.525
0.1296
0.102
0.0851
0.3784
0.7353
0.4286
0.2453
0.7576
0.0698
0.5294
0.1321
0.6053
0.037
0.8108
0.0545
0.0588
0.96
0.0303
0.1333
0.3077
0.2857
0
0.2391
0.0541
0.5263
0.561
0.0889
0.1667
0.0816
0.6774
0.3191
0.1026
0.093
0.4722
0.5
0.1795
0.6897
0.3235
0.0909
0.7
0.5641
0.1389
0.5833
0.6364
0.0556
0.0164
0.0909
0.0169
0.3684
0.0227
0.4516
0.0909
0.0769
0.0962
0.725
0.1111
0.0519
0.0556
0.0667
0.0488
0.0408
0.1282
0.0417
0
0.12
0.6562
0.5429
0.0455
1.08
0.0556
0.3878
0.1961
0.0169
1.3684
0.7391
0.359
0.4857
0.0488
0.122
0.6486
0.0625
0.8286
0.0714
0.2549
0.7273
0.3182
0.0204
0.9545
0.082
0.0213
0.0364
0.3393
0.7812
0.0488
0.1923
0.0417
0.4634
0.4762
0.087
0.2381
0.6216
0.025
0.0263
0.0909
0.463
0.38
0.7105
0.0278
0.5227
0.0238
0.2727
0.6316
1.2
0.0732
0.0952
0.4615
0.4906
0.7308
0.0476
0.4412
0.1026
0.2333
0.0444
0.6296
0.6667
0.0465
0.04
0.2895
0.0682
0.3056
0.96
0.093
0.0952
0.5946
0.0333
0.0625
0.0789
0.1154
0.0323
0.6098
0.359
0.5484
0.4324
0.6286
0.2286
0.4054
0.0541
0.2059
0.0351
0.0682
0.2414
0.2051
0.4359
0.2653
0.1622
0.0244
0.0968
0.8966
0.1136
0
0.0588
0.3077
0.0952
0.6316
0.5135
0.0588
0.0732
0.5152
0.0606
0.2703
0.0714
0.0244
0.4688
0.0328
0.2889
0.5455
0.0943
0.5476
0.0769
0.6923
0.0893
0.2273
0.125
0.3158
0.2558
0.0606
0.5
0.1875
0.2703
0.8235
0.0794
0.1163
0.4857
0.2353
0.1892
0.5238
0.05
0.0588
0.0833
0.0833
0.3784
0.5714
0.3636
0.25
0.6
0.05
0.0417
0.4571
0.4878
0.0714
0.5455
0.697
0.6486
0.3953
0.0227
0.0656
0.0536
0.0513
0.5938
0.0588
0.1042
0.1042
0.0833
0
0.0545
0.3438
0.0455
0.06
0.5909
0.0678
0.0526
0.0541
0.3962
0.1163
0.2195
0.5278
0.1951
0.2826
0.0385
0.1
0.102
1.05
0.0667
0.3333
0.439
0.0417
0.3571
0.027
0.4524
0.0667
0.3235
0.5581
0.0896
0.5
0.5143
0.6944
0.122
0.027
0.2826
0.7812
0
0.0769
0.087
0.0196
0.1143
0.0465
0.8125
0.3056
0.0357
0.027
0.2545
0.2245
0.325
0.3158
0.0222
0.0816
0.3214
0.0179
0.34
0.3095
0.1042
0.0244
0
0.4872
0.0476
0.8333
0.5484
0.1724
0.4643
0.1628
0.4211
0.449
0.875
0.3947
0.5405
0.7778
0.5217
0.0455
0.1556
0.1111
0.6
0.6552
0.1875
0.2727
0.0612
0.5128
0.3846
0.0806
0.5385
0.7692
0.08
0.7647
0.2791
1.069
0.186
0.0465
0.5143
0.3488
0.75
0.025
0.3158
0.0656
0.0857
0.4118
0.0196
0.0811
0.9231
0.0667
0.4359
0.0465
0.1429
0.7143
0.3902
0.25
0.2051
0.027
0.0526
0.2381
0.4211
0.6154
0.0256
0.2857
0.5161
0.4444
0.8065
0.2549
0.125
0.7419
0.5833
0.0244
0.4706
0.4237
0.7059
0.0308
0.3077
0.3333
0.02
0.4792
0.4194
0.375
0.0417
0.1389
1
0.0303
0.8235
0.0541
0.64
0.1429
0.0179
0.027
0.6389
0.5
0.0377
0.6471
0.1081
0.1636
0.4167
0.0811
0.0909
0.0377
0.5357
0.88
0.0492
0.5676
0.0702
0.3261
0.25
0.0556
0.24
0.0652
0.0444
0.3095
0.4194
0.4286
0.3056
0.0816
0.119
0.3091
0.8056
0.2391
0.3415
0
0.6176
0.3077
0.1429
0.4242
0.3636
0.6053
0.0213
0.069
0.6216
0.0893
0.0566
0.2632
0.3333
0.4848
0.0727
0.7857
0.3023
0.04
0.4242
0.0769
0.0278
0.087
0.0682
0.4054
0.375
0.06
0.1087
0.2778
0.4074
0.05
0.9286
0.8214
0.7353
0.6471
0.6765
0
0.5938
0.0625
0.0476
0.0513
0.3636
0.3864
0.275
0.4857
0.3276
0.0435
0.3673
0.2391
0.4545
0.0408
0.325
0.2609
0.5349
0.0189
0.6897
0.7317
0.0732
0.0435
0.8333
0.5238
0.0377
0.5111
0.1458
0.7429
0.7037
0.0698
0.4872
0.4483
0.2807
0.4375
0.8065
0.7188
0.0517
0.0714
0.0244
0.1556
0.4828
0.6857
0.6296
0.1081
0.2449
0.1053
0.0638
0.5556
0.0172
0.475
0.1176
0.0488
0.1111
0.8571
0.15
0.3947
0.082
0.6471
0.1364
0.1034
0.4909
0.4412
0.3333
0.082
0.5366
0.1613
0.0244
0.2973
0.0465
0.0476
0.3333
0.1081
