x
0.3438
0.3379
0.3484
0.3292
0.3625
0.3481
0.3609
0.3665
0.3612
0.3371
0.3432
0.3672
0.3747
0.352
0.3492
0.3573
0.3619
0.3509
0.3592
0.3342
0.3604
0.3603
0.3763
0.3408
0.3733
0.3686
0.3523
0.351
0.3599
0.3588
0.3576
0.3517
0.3524
0.3351
0.3456
0.3567
0.3518
0.36
0.3552
0.3451
0.3816
0.3592
0.3654
0.3604
0.3552
0.3487
0.3531
0.3432
0.3475
0.3661
0.3477
0.3491
0.3449
0.3484
0.368
0.3644
0.358
0.319
0.3689
0.3602
0.3289
0.359
0.3573
0.3705
0.373
0.3544
0.3219
0.3641
0.3443
0.3563
0.3643
0.3649
0.3532
0.3332
0.3589
0.3217
0.362
0.3618
0.3453
0.3618
0.3183
0.3412
0.3484
0.3621
0.3586
0.3457
0.3604
0.3756
0.3754
0.3428
0.3395
0.3706
0.3642
0.3584
0.3526
0.3328
0.3577
0.3638
0.3646
0.3732
0.3446
0.3526
0.357
0.334
0.3424
0.3607
0.3531
0.3556
0.3592
0.3405
0.3457
0.3674
0.3692
0.3629
0.3616
0.3521
0.352
0.3656
0.3535
0.3462
0.363
0.3787
0.3468
0.3427
0.3682
0.3538
0.3671
0.3704
0.3497
0.3509
0.3486
0.3421
0.3384
0.3347
0.3443
0.3567
0.3657
0.3536
0.3396
0.3547
0.3447
0.3537
0.3539
0.3645
0.3579
0.3352
0.3637
0.3219
0.3586
0.3323
0.3588
0.3671
0.3651
0.3699
0.3562
0.3648
0.3579
0.3567
0.3699
0.3388
0.3434
0.3286
0.3469
0.3522
0.3517
0.3474
0.364
0.3557
0.3728
0.3458
0.3736
0.3804
0.354
0.3564
0.3595
0.3308
0.3724
0.3594
0.3627
0.3339
0.357
0.3548
0.3481
0.3536
0.3783
0.3644
0.3763
0.3428
0.3313
0.368
0.3404
0.374
0.3612
0.354
0.3683
0.3456
0.3468
0.3494
0.3437
0.3452
0.3444
0.3529
0.341
0.3415
0.3406
0.3425
0.354
0.3463
0.367
0.3617
0.3517
0.3529
0.3418
0.3539
0.3714
0.3456
0.3562
0.3478
0.3476
0.3346
0.3422
0.3164
0.3647
0.3699
0.351
0.3392
0.349
0.3516
0.3584
0.3588
0.3644
0.3677
0.3387
0.3614
0.3488
0.362
0.3421
0.351
0.3466
0.3582
0.364
0.3428
0.354
0.3481
0.3221
0.3659
0.3591
0.3361
0.3315
0.3629
0.3652
0.3596
0.3773
0.341
0.3406
0.3483
0.3498
0.3313
0.3352
0.352
0.3585
0.3679
0.3497
0.3484
0.3643
0.3454
0.3579
0.3728
0.3571
0.36
0.3512
0.3596
0.3493
0.3789
0.351
0.3592
0.3525
0.3442
0.3611
0.3525
0.3439
0.3554
0.3377
0.36
0.3447
0.3673
0.3428
0.3409
0.3475
0.3519
0.3637
0.3477
0.3599
0.3643
0.3714
0.361
0.368
0.3678
0.3452
0.3392
0.3514
0.3395
0.3701
0.3336
0.3559
0.3499
0.3548
0.3548
0.3654
0.3396
0.337
0.3505
0.343
0.3645
0.3683
0.3572
0.3633
0.3608
0.3457
0.3463
0.3566
0.3462
0.3548
0.3412
0.3369
0.3432
0.349
0.3605
0.3674
0.3697
0.3428
0.3489
0.3636
0.3667
0.3694
0.3572
0.3336
0.3582
0.3355
0.3761
0.3692
0.3231
0.349
0.3408
0.3708
0.3676
0.3675
0.3405
0.3556
0.3406
0.3402
0.37
0.3378
0.3368
0.358
0.3491
0.3586
0.3444
0.3507
0.3619
0.3632
0.3438
0.3701
0.3555
0.3377
0.3687
0.3471
0.3437
0.3541
0.364
0.3364
0.3675
0.3602
0.3409
0.3373
0.3562
0.3503
0.3398
0.3572
0.3556
0.3755
0.3475
0.3476
0.3611
0.3696
0.3715
0.3339
0.3298
0.3507
0.3489
0.3307
0.3485
0.3645
0.3578
0.3502
0.3573
0.3549
0.3593
0.3816
0.3643
0.343
0.3707
0.3528
0.3386
0.355
0.3675
0.3479
0.3488
0.3627
0.3502
0.3335
0.339
0.3269
0.3436
0.3685
0.3624
0.3713
0.3549
0.3629
0.3518
0.369
0.3707
0.358
0.3366
0.3575
0.3457
0.3615
0.3388
0.3485
0.3517
0.3516
0.3425
0.3529
0.359
0.3571
0.3421
0.3497
0.3549
0.366
0.3499
0.3662
0.3556
0.3485
0.3523
0.3508
0.3632
0.327
0.3606
0.3273
0.3419
0.3481
0.354
0.3703
0.3565
0.348
0.3538
0.3267
0.3667
0.3615
0.3627
0.3188
0.3828
0.3559
0.3636
0.3543
0.3545
0.3502
0.3569
0.337
0.3326
0.3443
0.3547
0.3633
0.3414
0.3532
0.3528
0.348
0.3388
0.3569
0.3569
0.3727
0.3708
0.3717
0.3656
0.369
0.3678
0.3756
0.3606
0.3605
0.369
0.3497
0.3558
0.3529
0.35
0.3606
0.3569
0.3584
0.3585
0.3312
0.367
0.3498
0.3581
0.3453
0.3282
0.3446
0.357
0.3351
0.3372
0.3432
0.3609
0.3395
0.3723
0.3575
0.3621
0.3596
0.3549
0.3515
0.3766
0.346
0.3582
0.3326
0.3498
0.367
0.3668
0.3357
0.3317
0.3563
0.3581
0.3537
0.356
0.3387
0.3443
0.3379
0.3505
0.3589
0.348
0.3697
0.3667
0.3614
0.3206
0.3498
0.3715
0.3468
0.364
0.3589
0.3422
0.361
0.3815
0.3224
0.3583
0.3491
0.3579
0.3858
0.366
0.3625
0.3628
0.3767
0.3523
0.3482
0.3468
0.3658
0.3308
0.3625
0.3719
0.3592
0.3649
0.3518
0.3617
0.3367
0.3338
0.34
0.3518
0.3727
0.3459
0.3778
0.3686
0.3588
0.365
0.348
0.363
0.3521
0.373
0.3372
0.3518
0.3211
0.3761
0.3532
0.3628
0.3621
0.3496
0.3612
0.3467
0.3549
0.3727
0.3528
0.3625
0.3355
0.3664
0.3367
0.3604
0.3344
0.3583
0.346
0.3436
0.3574
0.3843
0.3589
0.3545
0.3341
0.3509
0.3514
0.3467
0.3559
0.3615
0.3612
0.3462
0.3547
0.346
0.355
0.3688
0.322
0.3483
0.3579
0.3492
0.3515
0.3624
0.3547
0.3706
0.3664
0.3519
0.3479
0.3562
0.3617
0.3622
0.3234
0.3664
0.3716
0.3772
0.3621
0.356
0.3218
0.3511
0.3603
0.3628
0.3386
0.3322
0.351
0.3385
0.3686
0.3547
0.3713
0.3403
0.3321
0.3458
0.344
0.3617
0.3602
0.3585
0.3435
0.3376
0.349
0.369
0.3474
0.3564
0.3558
0.3556
0.3394
0.3546
0.342
0.3461
0.3583
0.3561
0.3421
0.3598
0.366
0.3775
0.3733
0.3683
0.3494
0.3502
0.3555
0.3542
0.3221
0.3551
0.3758
0.3493
0.3493
0.364
0.3461
0.346
0.3638
0.3446
0.3752
0.3267
0.3635
0.351
0.36
0.3422
0.3771
0.3391
0.3652
0.3671
0.3437
0.3469
0.3712
0.3639
0.373
0.3626
0.3453
0.3458
0.3648
0.3628
0.3735
0.3566
0.352
0.3384
0.3221
0.3483
0.3703
0.3421
0.3686
0.3518
0.3431
0.364
0.3464
0.3418
0.3534
0.3508
0.368
0.3298
0.3538
0.3654
0.3618
0.3535
0.3499
0.3424
0.3425
0.3597
0.3453
0.3571
0.3251
0.3678
0.3595
0.3385
0.3666
0.3566
0.3485
0.3643
0.3258
0.3412
0.3372
0.3481
0.3512
0.366
0.3275
0.3205
0.3526
0.3488
0.3523
0.3836
0.347
0.3577
0.3498
0.3569
0.3258
0.3606
0.3711
0.3467
0.3494
0.3576
0.3504
0.3496
0.3585
0.3601
0.3608
0.3481
0.3587
0.3274
0.3444
0.368
0.3688
0.3661
0.3211
0.3383
0.3679
0.3537
0.3573
0.3376
0.3581
0.3359
0.3467
0.3617
0.3549
0.331
0.3595
0.3687
0.3301
0.358
0.3701
0.3661
0.3569
0.3506
0.353
0.3555
0.344
0.3376
0.354
0.351
0.3455
0.379
0.3573
0.3651
0.3393
0.3588
0.3557
0.3728
0.3511
0.3631
0.3276
0.3584
0.3744
0.3471
0.3505
0.3502
0.3792
0.3484
0.3727
0.339
0.3558
0.3627
0.3453
0.3437
0.3574
0.3571
0.3507
0.3551
0.3409
0.3566
0.3484
0.3388
0.3407
0.3548
0.3564
0.3362
0.333
0.3641
0.3522
0.3397
0.3604
0.3526
0.3671
0.3658
0.3596
0.3433
0.3604
0.3372
0.3567
0.3605
0.3459
0.3307
0.3507
0.3723
0.3374
0.338
0.3769
0.3564
0.3612
0.3515
0.362
0.377
0.3576
0.3535
0.3494
0.3618
0.3504
0.3412
0.3499
0.3736
0.3654
0.3466
0.3486
0.3379
0.344
0.3299
0.3497
0.3359
0.3641
0.3547
0.3623
0.323
0.3274
0.3606
0.3479
0.3544
0.3629
0.3605
0.3656
0.367
0.3211
0.3506
0.3478
0.3524
0.3619
0.361
0.3383
0.3212
0.3451
0.3437
0.3826
0.3351
0.3647
0.3541
0.3549
0.3543
0.3479
0.3691
0.3522
0.3447
0.3664
0.356
0.3234
0.3461
0.3552
0.3476
0.3472
0.3703
0.3554
0.3547
0.3599
0.3604
0.3486
0.3466
0.3509
0.3457
0.351
0.3558
0.3272
0.3366
0.3755
0.3395
0.3692
0.3425
0.3515
0.3609
0.3432
0.3358
0.3493
0.3486
0.3739
0.3642
0.372
0.3597
0.3405
0.3692
0.3474
0.3635
0.3763
0.3545
0.3506
0.3852
0.3297
0.3587
0.3563
0.3375
0.3479
0.3487
0.3687
0.3351
0.3541
0.3678
0.3593
0.3581
0.3404
0.3322
0.339
0.358
0.3627
0.3419
0.352
0.3281
0.3433
0.3549
0.3507
0.3285
0.3774
0.3412
0.3798
0.3516
0.3597
0.3556
0.3464
0.3428
0.3653
0.3444
0.3571
0.3382
0.3564
0.3571
0.3592
0.3527
0.326
0.3423
0.3498
0.3193
0.368
0.357
0.3624
0.3751
0.3611
0.3419
0.3528
0.3617
0.3751
0.3438
0.3494
0.3565
0.3633
0.3538
0.3656
0.3263
0.3596
0.3653
0.3759
0.3344
0.3748
0.3795
0.3521
0.3427
0.3626
0.3576
0.3574
0.3477
0.3455
0.3343
0.3472
0.3571
0.3495
0.3584
0.3499
0.3421
0.383
0.3617
0.363
0.3622
0.3617
0.3417
0.3502
0.3416
0.3465
0.367
0.3412
0.339
0.3439
0.3465
0.3657
0.3521
0.3522
0.3136
0.3676
0.3574
0.3308
0.3515
0.3631
0.3635
0.3765
0.3427
0.3141
0.362
0.3417
0.3581
0.3687
0.367
0.3478
0.3312
0.359
0.3211
0.3663
0.3654
0.3439
0.36
0.3087
0.3389
0.3462
0.3633
0.3526
0.3814
0.3582
0.3727
0.3727
0.34
0.3457
0.3707
0.3597
0.3574
0.35
0.3361
0.354
0.3572
0.3628
0.3779
0.343
0.3521
0.3536
0.332
0.3417
0.3685
0.3573
0.3585
0.3592
0.3372
0.346
0.3635
0.3703
0.3737
0.3598
0.3526
0.3549
0.3687
0.3568
0.341
0.3575
0.3809
0.3493
0.3359
0.3693
0.3529
0.3663
0.3699
0.3464
0.3458
0.3464
0.3401
0.3406
0.3368
0.3401
0.3555
0.3665
0.346
0.3381
0.3522
0.3458
0.3494
0.357
0.3675
0.3562
0.3288
0.3623
0.3135
0.3508
0.3332
0.3653
0.3594
0.3664
0.3691
0.3532
0.3735
0.3604
0.3559
0.3665
0.3411
0.3513
0.3265
0.3584
0.3468
0.349
0.3549
0.3608
0.366
0.3724
0.3402
0.3734
0.3757
0.3551
0.3574
0.3586
0.3251
0.3558
0.3508
0.3662
0.332
0.3539
0.3578
0.3371
0.35
0.38
0.3561
0.366
0.3368
0.3271
0.3637
0.338
0.376
0.3587
0.3498
0.3649
0.3387
0.3564
0.3464
0.3394
0.3456
0.344
0.3533
0.3386
0.3403
0.3415
0.3329
0.3508
0.3459
0.3686
0.3564
0.3561
0.3405
0.3406
0.3427
0.3698
0.3495
0.3556
0.3454
0.3382
0.3332
0.3435
0.3064
0.3671
0.3761
0.3539
0.3362
0.3433
0.3552
0.3593
0.3563
0.3569
0.3677
0.3363
0.3661
0.3466
0.3621
0.3359
0.3589
0.3428
0.357
0.3576
0.3385
0.3561
0.3467
0.3225
0.3687
0.3591
0.3337
0.33
0.3606
0.3688
0.3547
0.3823
0.3354
0.3414
0.3452
0.3418
0.3316
0.3323
0.3537
0.3584
0.364
0.3484
0.3476
0.3671
0.3631
0.358
0.3705
0.3603
0.3564
0.3487
0.3587
0.348
0.3765
0.3434
0.3603
0.3494
0.3324
0.3589
0.349
0.3256
0.3566
0.3379
0.3579
0.3521
0.3677
0.3373
0.3363
0.345
0.3442
0.3554
0.3479
0.3551
0.3601
0.374
0.3609
0.3731
0.3655
0.3429
0.3498
0.3669
0.3382
0.3693
0.3313
0.358
0.3465
0.3526
0.3494
0.3724
0.3306
0.3408
0.3507
0.344
0.3617
0.3697
0.3614
0.3646
0.3623
0.3642
0.3491
0.3591
0.3369
0.3527
0.3366
0.3329
0.3454
0.3423
0.3557
0.3657
0.3706
0.3383
0.3437
0.3625
0.3695
0.376
0.3575
0.3433
0.3654
0.3368
0.373
0.3673
0.3055
0.3467
0.3497
0.3669
0.3638
0.3684
0.3492
0.3599
0.336
0.3286
0.3679
0.337
0.3366
0.354
0.346
0.3552
0.3472
0.3506
0.3562
0.3746
0.3445
0.3723
0.3498
0.3337
0.3622
0.3491
0.3468
0.3471
0.3587
0.3354
0.3701
0.358
0.3368
0.3275
0.3514
0.3493
0.3378
0.3513
0.3638
0.3757
0.3386
0.3599
0.352
0.367
0.3699
0.3306
0.3342
0.3429
0.3441
0.3311
0.3415
0.3628
0.3561
0.351
0.3587
0.3601
0.3563
0.3817
0.3632
0.3412
0.3789
0.349
0.3332
0.355
0.3668
0.3457
0.3501
0.3429
0.3427
0.3249
0.3332
0.3274
0.3439
0.3675
0.3645
0.372
0.3511
0.3616
0.3542
0.3734
0.365
0.3569
0.3224
0.3555
0.3466
0.3664
0.3386
0.349
0.3581
0.3403
0.3379
0.3489
0.3585
0.3552
0.3422
0.348
0.3532
0.368
0.3491
0.3609
0.3508
0.3513
0.354
0.3495
0.3643
0.3313
0.3615
0.3176
0.3401
0.3466
0.3568
0.3671
0.3569
0.3496
0.3582
0.3172
0.3636
0.357
0.3592
0.3026
0.3869
0.3563
0.3643
0.3577
0.3587
0.3507
0.3519
0.3351
0.3293
0.3464
0.3625
0.3623
0.3334
0.354
0.3573
0.345
0.3305
0.3572
0.3545
0.3728
0.3706
0.3965
0.368
0.3753
0.3658
0.3771
0.3982
0.3653
0.367
0.3504
0.3528
0.3542
0.3486
0.3557
0.3665
0.3575
0.3582
0.3248
0.3641
0.3466
0.358
0.3452
0.3207
0.3461
0.3551
0.3292
0.3378
0.3405
0.3616
0.3383
0.3719
0.3463
0.358
0.3618
0.3512
0.3461
0.3749
0.3429
0.3522
0.328
0.3521
0.3657
0.3647
0.3302
0.3283
0.3573
0.3637
0.3555
0.3611
0.322
0.3436
0.3354
0.3427
0.3576
0.3467
0.3674
0.36
0.3553
0.3173
0.3533
0.3696
0.3394
0.3618
0.3597
0.3329
0.3608
0.3823
0.332
0.3596
0.3475
0.3628
0.3836
0.3645
0.363
0.3637
0.3873
0.3552
0.3473
0.3467
0.3727
0.3291
0.3603
0.3712
0.3643
0.3592
0.3579
0.3641
0.3317
0.329
0.3329
0.3605
0.3728
0.349
0.3834
0.3679
0.3659
0.3661
0.347
0.3635
0.3467
0.373
0.3293
0.3566
0.3201
0.3771
0.3555
0.3599
0.357
0.3467
0.3544
0.3428
0.3548
0.3754
0.3433
0.3647
0.3372
0.3656
0.3363
0.3573
0.3301
0.3664
0.3531
0.345
0.3545
0.3818
0.3586
0.3525
0.3452
0.3464
0.3569
0.3432
0.3512
0.3608
0.3544
0.346
0.3493
0.3475
0.3497
0.3697
0.3121
0.3904
0.3489
0.3496
0.3384
0.3596
0.3529
0.3689
0.3671
0.3427
0.3517
0.3494
0.3636
0.367
0.3459
0.3726
0.3689
0.3973
0.3645
0.3503
0.3325
0.3515
0.3573
0.3658
0.3349
0.3281
0.3452
0.3339
0.3835
0.3423
0.3951
0.3403
0.3469
0.3398
0.336
0.3592
0.3534
0.3633
0.3394
0.344
0.348
0.3618
0.3459
0.3584
0.3523
0.3568
0.3325
0.3528
0.3384
0.3426
0.3548
0.3528
0.3345
0.3462
0.3653
0.3701
0.3695
0.3639
0.351
0.3492
0.3555
0.3448
0.3173
0.3514
0.3749
0.3471
0.3416
0.364
0.3398
0.3518
0.3636
0.3407
0.3793
0.318
0.3578
0.3504
0.3613
0.352
0.3748
0.3318
0.3659
0.3625
0.3393
0.3468
0.3706
0.361
0.3684
0.3602
0.3425
0.3488
0.3629
0.3596
0.3793
0.3606
0.3606
0.3497
0.3146
0.3517
0.3733
0.3413
0.3691
0.3509
0.3429
0.3584
0.3452
0.3441
0.3422
0.3489
0.3668
0.3308
0.3529
0.3656
0.3626
0.3441
0.3498
0.3301
0.3393
0.3542
0.3478
0.3559
0.3416
0.3671
0.3566
0.3397
0.3612
0.3638
0.3469
0.3587
0.3239
0.3367
0.3365
0.3468
0.3531
0.3666
0.3233
0.3148
0.3527
0.3449
0.3373
0.3784
0.3502
0.3548
0.3493
0.3496
0.321
0.3506
0.3713
0.3466
0.3478
0.3555
0.348
0.3466
0.3487
0.3632
0.359
0.3418
0.3592
0.3229
0.3439
0.3703
0.3729
0.3641
0.3217
0.3429
0.3653
0.3506
0.3665
0.3317
0.3556
0.3279
0.3397
0.3577
0.3484
0.3316
0.3611
0.3707
0.3269
0.3596
0.3788
0.3656
0.3533
0.3502
0.3531
0.3566
0.3382
0.3315
0.3536
0.3567
0.3366
0.3791
0.3591
0.3639
0.3389
0.3589
0.3518
0.3743
0.3532
0.3612
0.319
0.3571
0.3674
0.352
0.3459
0.3526
0.3779
0.3471
0.3755
0.3379
0.3535
0.3651
0.342
0.3436
0.3646
0.3616
0.3507
0.3553
0.3371
0.3549
0.3484
0.3347
0.3339
0.3518
0.3664
0.3437
0.3256
0.3626
0.3491
0.3371
0.3595
0.3492
0.3693
0.3657
0.3578
0.3409
0.3576
0.3293
0.3554
0.3612
0.3432
0.3324
0.3506
0.3693
0.3328
0.338
0.3759
0.3526
0.3603
0.3543
0.3615
0.3765
0.3636
0.3568
0.3432
0.3635
0.3482
0.3431
0.348
0.379
0.3607
0.3499
0.3457
0.3362
0.3386
0.3248
0.3417
0.3273
0.3633
0.3443
0.3612
0.3249
0.3183
0.357
0.342
0.3529
0.3635
0.3584
0.3524
0.3663
0.335
0.3552
0.3442
0.3506
0.3709
0.3595
0.345
0.3282
0.3447
0.3357
0.3863
0.3389
0.364
0.3543
0.3474
0.3589
0.3454
0.3707
0.356
0.3443
0.3644
0.3527
0.3192
0.3383
0.3571
0.3459
0.3482
0.3656
0.36
0.3539
0.3541
0.368
0.3501
0.3418
0.3528
0.3431
0.3482
0.3583
0.3287
0.3738
0.3761
0.3392
0.3703
0.336
0.3574
0.3572
0.339
0.3324
0.354
0.3498
0.3726
0.3596
0.3785
0.3439
0.3402
0.3657
0.3449
0.36
0.3771
0.3488
0.3459
0.3681
0.3333
0.3625
0.357
0.3287
0.3439
0.3507
0.3638
0.3366
0.3519
0.3633
0.3589
0.3558
0.3331
0.3274
0.3391
0.3478
0.3552
0.3328
0.3546
0.3199
0.345
0.3505
0.3908
0.326
0.3816
0.3324
0.3742
0.3469
0.3583
0.3581
0.3445
0.3356
0.363
0.3401
0.3517
0.3288
0.3623
0.3701
0.3638
0.356
0.3901
0.3983
0.3622
0.3429
0.3992
0.3944
0.368
0.3983
0.3888
0.3728
0.3918
0.378
0.3734
0.3909
0.3854
0.3962
0.3933
0.3672
0.3972
0.3916
0.3943
0.3884
0.3966
0.3548
0.3908
0.3522
0.397
0.3988
0.3904
0.3979
0.3615
0.3886
0.3914
0.3934
0.3583
0.3908
0.3976
0.3908
0.3996
0.3824
0.3873
0.3667
0.3636
0.3957
0.3752
0.3838
0.3535
0.3714
0.3987
0.3984
0.3384
0.3668
0.3756
0.3505
0.3936
0.3728
0.3818
0.3926
0.3947
0.3587
0.3988
0.3489
0.382
0.3756
0.3923
0.3809
0.3853
0.3905
0.3521
0.3935
0.3669
0.379
0.3936
0.354
0.3755
0.3459
0.3841
0.3953
0.3893
0.3852
0.3524
0.3965
0.3492
0.382
0.397
0.3981
0.3872
0.3916
0.3724
0.3658
0.3882
0.3844
0.3771
0.3928
0.3939
0.3323
0.3963
0.3928
0.399
0.3888
0.3454
0.3749
0.3507
0.3846
0.3821
0.3983
0.3599
0.3801
0.3561
0.3972
0.3946
0.371
0.396
0.3806
0.3854
0.3532
0.3666
0.3923
0.3953
0.3745
0.39
0.3849
0.3626
0.3794
0.392
0.3715
0.3965
0.3927
0.3758
0.3417
0.3819
0.3393
0.3494
0.3365
0.3816
0.391
0.3981
0.3908
0.3943
0.3615
0.3934
0.3729
0.395
0.3855
0.3684
0.3816
0.3939
0.3311
0.35
0.3806
0.3913
0.374
0.3895
0.3959
0.3866
0.3715
0.3864
0.3563
0.3874
0.3676
0.3937
0.3989
0.3978
0.3964
0.3603
0.3782
0.3959
0.3726
0.3765
0.394
0.3727
0.3952
0.395
0.3931
0.3642
0.3268
0.3744
0.3837
0.3963
0.3571
0.3938
0.3571
0.3851
0.3745
0.3969
0.3675
0.394
0.3574
0.3725
0.3985
0.3688
0.3991
0.3606
0.3656
0.3712
0.3483
0.3826
0.3607
0.3965
0.359
0.3799
0.3634
0.3882
0.3399
0.3925
0.3698
0.3757
0.3982
0.3688
0.3993
0.3557
0.3717
0.3682
0.3944
0.3971
0.368
0.3557
0.3951
0.386
0.3801
0.3952
0.3914
0.3954
0.3932
0.396
0.3512
0.3944
0.3843
0.3859
0.3966
0.3906
0.3964
0.3573
0.3784
0.3588
0.3906
0.3555
0.3959
0.3917
0.3921
0.3973
0.3812
0.3953
0.3765
0.3997
0.3919
0.3828
0.3907
0.3368
0.3595
0.3649
0.398
0.3991
0.3368
0.336
0.3983
0.3934
0.3662
0.3774
0.3563
0.3995
0.396
0.3821
0.3731
0.3945
0.3899
0.3863
0.3936
0.399
0.3925
0.3523
0.3944
0.3515
0.3845
0.3437
0.3622
0.3562
0.3686
0.3949
0.3967
0.3992
0.379
0.37
0.398
0.3923
0.3905
0.3544
0.3966
0.3681
0.3639
0.3906
0.3498
0.3843
0.3686
0.3818
0.3847
0.3793
0.3985
0.3592
0.3982
0.37
0.3974
0.3756
0.3834
0.3884
0.3901
0.3692
0.3667
0.3922
0.3775
0.3964
0.3994
0.3572
0.3697
0.3811
0.3609
0.3658
0.3658
0.3868
0.3953
0.3573
0.3847
0.3788
0.3975
0.3777
0.3481
0.3428
0.3684
0.3728
0.3938
0.3967
0.3866
0.3851
0.3745
0.3925
0.3905
0.3929
0.3982
0.3983
0.3897
0.3804
0.3748
0.3548
0.3926
0.3959
0.3763
0.3909
0.3925
0.3981
0.3768
0.3389
0.3856
0.3867
0.3448
0.3935
0.3677
0.389
0.3863
0.3506
0.369
0.3815
0.3568
0.391
0.3842
0.3695
0.3943
0.3954
0.3546
0.3522
0.3671
0.3792
0.3765
0.3935
0.3992
0.3424
0.3608
0.3795
0.3552
0.395
0.386
0.3746
0.3386
0.3635
0.3975
0.3955
0.3702
0.3467
0.3435
0.3513
0.3804
0.3287
0.3716
0.3841
0.3711
0.3488
0.3976
0.3702
0.3607
0.3944
0.3911
0.3938
0.3976
0.354
0.3571
0.3963
0.3988
0.3558
0.3848
0.3956
0.3953
0.3305
0.3978
0.357
0.3593
0.3829
0.3879
0.3971
0.3916
0.3997
0.369
0.3932
0.377
0.3836
0.3934
0.3906
0.3653
0.3615
0.3894
0.368
0.3988
0.3948
0.3425
0.3983
0.3988
0.3755
0.3694
0.3921
0.3982
0.3642
0.361
0.397
0.3541
0.3535
0.3923
0.3875
0.3917
0.3423
0.3949
0.3563
0.3948
0.3829
0.3954
0.3729
0.3738
0.3601
0.3749
0.3872
0.3935
0.3981
0.3948
0.3342
0.3969
0.3642
0.3952
0.3903
0.3639
0.3565
0.358
0.3877
0.346
0.399
0.3773
0.399
0.3927
0.3765
0.3801
0.3813
0.3898
0.3892
0.3698
0.391
0.379
0.3975
0.3945
0.3945
0.3894
0.3895
0.3961
0.3893
0.3983
0.3663
0.3878
0.3616
0.3468
0.3934
0.3845
0.3679
0.3799
0.3935
0.3758
0.3637
0.3992
0.3913
0.3809
0.3733
0.3615
0.3375
0.3761
0.3943
0.3989
0.3565
0.3985
0.3563
0.3763
0.3965
0.3852
0.3528
0.393
0.3908
0.358
0.3972
0.3919
0.3988
0.3704
0.3574
0.3675
0.3581
0.3833
0.3979
0.399
0.3929
0.3576
0.3373
0.3885
0.3944
0.3975
0.367
0.3635
0.3582
0.3818
0.3953
0.3963
0.3945
0.381
0.3964
0.3793
0.3646
0.3939
0.3931
0.3896
0.3908
0.3971
0.3879
0.3779
0.3867
0.3953
0.3936
0.3772
0.3566
0.3494
0.3818
0.3985
0.3993
0.3958
0.3996
0.3648
0.3864
0.3909
0.3808
0.3609
0.3855
0.3805
0.3989
0.392
0.3769
0.3988
0.3936
0.3888
0.3963
0.3937
0.3655
0.3967
0.3979
0.3593
0.3831
0.3754
0.3543
0.3964
0.3927
0.3819
0.3728
0.3978
0.3955
0.3703
0.3824
0.3879
0.372
0.3699
0.367
0.3927
0.3922
0.3902
0.3897
0.3954
0.3754
0.3853
0.3771
0.3891
0.3687
0.3942
0.3503
0.3775
0.3497
0.3667
0.3741
0.3977
0.3499
0.3876
0.3499
0.3879
0.3866
0.3497
0.3953
0.3966
0.3878
0.3617
0.3741
0.397
0.3965
0.3883
0.3969
0.3704
0.3977
0.3982
0.3954
0.3807
0.3879
0.3972
0.3997
0.3652
0.3958
0.3867
0.3702
0.3978
0.3408
0.3753
0.396
0.3794
0.3952
0.3887
0.399
0.3889
0.3954
0.3443
0.3457
0.3966
0.3692
0.3791
0.3717
0.3874
0.3908
0.3715
0.3934
0.3823
0.3676
0.3964
0.3378
0.3866
0.3889
0.3873
0.3935
0.3504
0.3626
0.3801
0.3911
0.3922
0.3918
0.397
0.376
0.3976
0.3826
0.3735
0.3866
0.3877
0.3951
0.3847
0.3856
0.3989
0.387
0.3568
0.3968
0.3853
0.3908
0.3962
0.3845
0.3985
0.397
0.3976
0.3769
0.3746
0.391
0.3619
0.3886
0.3849
0.3899
0.3715
0.3837
0.3925
0.3905
0.3618
0.3908
0.3967
0.3751
0.384
0.3716
0.3965
0.3918
0.3891
0.3754
0.3871
0.3978
0.3901
0.3678
0.3621
0.3963
0.3962
0.3929
0.3947
0.3901
0.3769
0.3908
0.373
0.3729
0.3924
0.3766
0.3988
0.3929
0.3954
0.394
0.3887
0.3654
0.3687
0.3958
0.3423
0.3811
0.3962
0.3944
0.3919
0.3919
0.3382
0.3657
0.3966
0.3863
0.3909
0.3937
0.3965
0.3761
0.3952
0.3522
0.3838
0.3611
0.3772
0.3477
0.3507
0.3237
0.3846
0.3702
0.3949
0.3908
0.3966
0.3898
0.3894
0.3806
0.3863
0.3854
0.3945
0.39
0.3974
0.3945
0.3966
0.3856
0.3823
0.3989
0.3346
0.3797
0.3941
0.3984
0.3926
0.399
0.3921
0.3754
0.3976
0.3851
0.3743
0.3639
0.3708
0.3877
0.3922
0.3922
0.3829
0.3744
0.3797
0.3994
0.3982
0.3709
0.3965
0.3712
0.3901
0.3449
0.3958
0.3767
0.3917
0.3791
0.3942
0.3763
0.397
0.36
0.3926
0.396
0.3597
0.3961
0.3764
0.3898
0.3852
0.3947
0.3983
0.3987
0.3668
0.3718
0.3915
0.3515
0.3668
0.3617
0.3982
0.3824
0.3919
0.3338
0.3742
0.3892
0.3291
0.3887
0.3669
0.3883
0.3879
0.3886
0.3623
0.3511
0.344
0.3619
0.3967
0.3942
0.3788
0.3845
0.3668
0.3665
0.3827
0.3906
0.3653
0.3638
0.3469
0.3488
0.391
0.3873
0.3973
0.3964
0.386
0.3873
0.3898
0.3994
0.3931
0.3863
0.3855
0.3833
0.3761
0.3794
0.3933
0.3883
0.3933
0.3972
0.3911
0.3983
0.3939
0.3472
0.3368
0.3589
0.3942
0.3632
0.3588
0.3756
0.3682
0.3284
0.3617
0.3826
0.3957
0.3764
0.3891
0.3912
0.3965
0.3686
0.3842
0.3831
0.3974
0.3971
0.3855
0.3707
0.3526
0.3461
0.39
0.3955
0.3488
0.3793
0.385
0.3888
0.3568
0.3611
0.3807
0.3868
0.3872
0.3636
0.3799
0.3933
0.3425
0.3932
0.3987
0.3926
0.3883
0.3696
0.3863
0.3674
0.3968
0.3955
0.3902
0.3681
0.3624
0.3952
0.3808
0.3955
0.3912
0.3964
0.3949
0.3845
0.3696
0.3893
0.3878
0.3893
0.3991
0.3946
0.3574
0.3849
0.3889
0.3944
0.3617
0.347
0.3947
0.3943
0.3968
0.397
0.3765
0.3432
0.3873
0.3503
0.3964
0.3867
0.3829
0.3897
0.3955
0.3647
0.3782
0.3965
0.3666
0.3947
0.3986
0.3472
0.3714
0.3553
0.355
0.3774
0.3932
0.3956
0.3663
0.3545
0.395
0.3699
0.3935
0.3866
0.3894
0.3969
0.3827
0.3926
0.355
0.382
0.3901
0.3968
0.3576
0.394
0.3885
0.3842
0.3511
0.3957
0.3516
NA
NA
NA
NA
NA
NA
NA
NA
NA
NA
NA
NA
NA
NA
NA
NA
NA
NA
NA
NA
NA
NA
NA
NA
NA
NA
NA
NA
NA
NA
NA
NA
NA
NA
NA
NA
NA
NA
NA
NA
NA
NA
NA
NA
NA
NA
NA
NA
NA
NA
NA
NA
NA
NA
NA
NA
NA
NA
NA
NA
NA
NA
NA
NA
NA
NA
NA
NA
NA
NA
NA
NA
NA
NA
NA
NA
NA
NA
NA
NA
NA
NA
NA
NA
NA
NA
NA
NA
NA
NA
NA
NA
NA
NA
NA
NA
NA
NA
NA
NA
NA
NA
NA
NA
NA
NA
NA
NA
NA
NA
NA
NA
NA
NA
NA
NA
NA
NA
NA
NA
NA
NA
NA
NA
NA
NA
NA
NA
NA
NA
NA
NA
NA
NA
NA
NA
NA
NA
NA
NA
NA
NA
NA
NA
NA
NA
NA
NA
NA
NA
NA
NA
NA
NA
NA
NA
NA
NA
NA
NA
NA
NA
NA
NA
NA
NA
NA
NA
NA
NA
NA
NA
NA
NA
NA
NA
NA
NA
NA
NA
NA
NA
NA
NA
NA
NA
NA
NA
NA
NA
NA
NA
NA
NA
NA
NA
NA
NA
NA
NA
NA
NA
NA
NA
NA
NA
NA
NA
NA
NA
NA
NA
NA
NA
NA
NA
NA
NA
NA
NA
NA
NA
NA
NA
NA
NA
NA
NA
NA
NA
NA
NA
NA
NA
NA
NA
NA
NA
NA
NA
NA
NA
NA
NA
NA
NA
NA
NA
NA
NA
NA
NA
NA
NA
NA
NA
NA
NA
NA
NA
NA
NA
NA
NA
NA
NA
NA
NA
NA
NA
NA
NA
NA
NA
NA
NA
NA
NA
NA
NA
NA
NA
NA
NA
NA
NA
NA
NA
NA
NA
NA
NA
NA
NA
NA
NA
NA
NA
NA
NA
NA
NA
NA
NA
NA
NA
NA
NA
NA
NA
NA
NA
NA
NA
NA
NA
NA
NA
NA
NA
NA
NA
NA
NA
NA
NA
NA
NA
NA
NA
NA
NA
NA
NA
NA
NA
NA
NA
NA
NA
NA
NA
NA
NA
NA
NA
NA
NA
NA
NA
NA
NA
NA
NA
NA
NA
NA
NA
NA
NA
NA
NA
NA
NA
NA
NA
NA
NA
NA
NA
NA
NA
NA
NA
NA
NA
NA
NA
NA
NA
NA
NA
NA
NA
NA
NA
NA
NA
NA
NA
NA
NA
NA
NA
NA
NA
NA
NA
NA
NA
NA
NA
NA
NA
NA
NA
NA
NA
NA
NA
NA
NA
NA
NA
NA
NA
NA
NA
NA
NA
NA
NA
NA
NA
NA
NA
NA
NA
NA
NA
NA
NA
NA
NA
NA
NA
NA
NA
NA
NA
NA
NA
NA
NA
NA
NA
NA
NA
NA
NA
NA
NA
NA
NA
NA
NA
NA
NA
NA
NA
NA
NA
NA
NA
NA
NA
NA
NA
NA
NA
NA
NA
NA
NA
NA
NA
NA
NA
NA
NA
NA
NA
NA
NA
NA
NA
NA
NA
NA
NA
NA
NA
NA
NA
NA
NA
NA
NA
NA
NA
NA
NA
NA
NA
NA
NA
NA
NA
NA
NA
NA
NA
NA
NA
NA
NA
NA
NA
NA
NA
NA
NA
NA
NA
NA
NA
NA
NA
NA
NA
NA
NA
NA
NA
NA
NA
NA
NA
NA
NA
NA
NA
NA
NA
NA
NA
NA
NA
NA
NA
NA
NA
NA
NA
NA
NA
NA
NA
NA
NA
NA
NA
NA
NA
NA
NA
NA
NA
NA
NA
NA
NA
NA
NA
NA
NA
NA
NA
NA
NA
NA
NA
NA
NA
NA
NA
NA
NA
NA
NA
NA
NA
NA
NA
NA
NA
NA
NA
NA
NA
NA
NA
NA
NA
NA
NA
NA
NA
NA
NA
NA
NA
NA
NA
NA
NA
NA
NA
NA
NA
NA
NA
NA
NA
NA
NA
NA
NA
NA
NA
NA
NA
NA
NA
NA
NA
NA
NA
NA
NA
NA
NA
NA
NA
NA
NA
NA
NA
NA
NA
NA
NA
NA
NA
NA
NA
NA
NA
NA
NA
NA
NA
NA
NA
NA
NA
NA
NA
NA
NA
NA
NA
NA
NA
NA
NA
NA
NA
NA
NA
NA
NA
NA
NA
NA
NA
NA
NA
NA
NA
NA
NA
NA
NA
NA
NA
NA
NA
NA
NA
NA
NA
NA
NA
NA
NA
NA
NA
NA
NA
NA
NA
NA
NA
NA
NA
NA
NA
NA
NA
NA
NA
NA
NA
NA
NA
NA
NA
NA
NA
NA
NA
NA
NA
NA
NA
NA
NA
NA
NA
NA
NA
NA
NA
NA
NA
NA
NA
NA
NA
NA
NA
NA
NA
NA
NA
NA
NA
NA
NA
NA
NA
NA
NA
NA
NA
NA
NA
NA
NA
NA
NA
NA
NA
NA
NA
NA
NA
NA
NA
NA
NA
NA
NA
NA
NA
NA
NA
NA
NA
NA
NA
NA
NA
NA
NA
NA
NA
NA
NA
NA
NA
NA
NA
NA
NA
NA
NA
NA
NA
NA
NA
NA
NA
NA
NA
NA
NA
NA
NA
NA
NA
NA
NA
NA
NA
NA
NA
NA
NA
NA
NA
NA
NA
NA
NA
NA
NA
NA
NA
NA
NA
NA
NA
NA
NA
NA
NA
NA
NA
NA
NA
NA
NA
NA
NA
NA
NA
NA
NA
NA
NA
NA
NA
NA
NA
NA
NA
NA
NA
NA
NA
NA
NA
NA
NA
NA
NA
NA
NA
NA
NA
NA
NA
NA
NA
NA
NA
NA
NA
NA
NA
NA
NA
NA
NA
NA
NA
NA
NA
NA
NA
NA
NA
NA
NA
NA
NA
NA
NA
NA
NA
NA
NA
NA
NA
NA
NA
NA
NA
NA
NA
NA
NA
NA
NA
NA
NA
NA
NA
NA
NA
NA
NA
NA
NA
NA
NA
NA
NA
NA
NA
NA
NA
NA
NA
NA
NA
NA
NA
NA
NA
NA
NA
NA
NA
NA
NA
NA
NA
NA
NA
NA
NA
NA
NA
NA
NA
NA
NA
NA
NA
NA
NA
NA
NA
NA
NA
NA
NA
NA
NA
NA
NA
NA
NA
NA
NA
NA
NA
NA
NA
NA
NA
NA
NA
NA
NA
NA
NA
NA
NA
NA
NA
NA
NA
NA
NA
NA
NA
NA
NA
NA
NA
NA
NA
NA
NA
NA
NA
NA
NA
NA
NA
NA
NA
NA
NA
NA
NA
NA
NA
NA
NA
NA
NA
NA
NA
NA
NA
NA
NA
NA
NA
NA
NA
NA
NA
NA
NA
NA
NA
NA
NA
NA
NA
NA
NA
NA
NA
NA
NA
NA
NA
NA
NA
NA
NA
NA
NA
NA
NA
NA
NA
NA
NA
NA
NA
NA
NA
NA
NA
NA
NA
NA
NA
NA
NA
NA
NA
NA
NA
NA
NA
NA
NA
NA
NA
NA
NA
NA
NA
NA
NA
NA
NA
NA
NA
NA
NA
NA
NA
NA
NA
NA
NA
NA
NA
NA
NA
NA
NA
NA
NA
NA
NA
NA
NA
NA
NA
NA
NA
NA
NA
NA
NA
NA
NA
NA
NA
NA
NA
NA
NA
NA
NA
NA
NA
NA
NA
NA
NA
NA
NA
NA
NA
NA
NA
NA
NA
NA
NA
NA
NA
NA
NA
NA
NA
NA
NA
NA
NA
NA
NA
NA
NA
NA
NA
NA
NA
NA
NA
NA
NA
NA
NA
NA
NA
NA
NA
NA
NA
NA
NA
NA
NA
NA
NA
NA
NA
NA
NA
NA
NA
NA
NA
NA
NA
NA
NA
NA
NA
NA
NA
NA
NA
NA
NA
NA
NA
NA
NA
NA
NA
NA
NA
NA
NA
NA
NA
NA
NA
NA
NA
NA
NA
NA
NA
NA
NA
NA
NA
NA
NA
NA
NA
NA
NA
NA
NA
NA
NA
NA
NA
NA
NA
NA
NA
NA
NA
NA
NA
NA
NA
NA
NA
NA
NA
NA
NA
NA
NA
NA
NA
NA
NA
NA
NA
NA
NA
NA
NA
NA
NA
NA
NA
NA
NA
NA
NA
NA
NA
NA
NA
NA
NA
NA
NA
NA
NA
NA
NA
NA
NA
NA
NA
NA
NA
NA
NA
NA
NA
NA
NA
NA
NA
NA
NA
NA
NA
NA
NA
NA
NA
NA
NA
NA
NA
NA
NA
NA
NA
NA
NA
NA
NA
NA
NA
NA
NA
NA
NA
NA
NA
NA
NA
NA
NA
NA
NA
NA
NA
NA
NA
NA
NA
NA
NA
NA
NA
NA
NA
NA
NA
NA
NA
NA
NA
NA
NA
NA
NA
NA
NA
NA
NA
NA
NA
NA
NA
NA
NA
NA
NA
NA
NA
NA
NA
NA
NA
NA
NA
NA
NA
NA
NA
NA
NA
NA
NA
NA
NA
NA
NA
NA
NA
NA
NA
NA
NA
NA
NA
NA
NA
NA
NA
NA
NA
NA
NA
NA
NA
NA
NA
NA
NA
NA
NA
NA
NA
NA
NA
NA
NA
NA
NA
NA
NA
NA
NA
NA
NA
NA
NA
NA
NA
NA
NA
NA
NA
NA
NA
NA
NA
NA
NA
NA
NA
NA
NA
NA
NA
NA
NA
NA
NA
NA
NA
NA
NA
NA
NA
NA
NA
NA
NA
NA
NA
NA
NA
NA
NA
NA
NA
NA
NA
NA
NA
NA
NA
NA
NA
NA
NA
NA
NA
NA
NA
NA
NA
NA
NA
NA
NA
NA
NA
NA
NA
NA
NA
NA
NA
NA
NA
NA
NA
NA
NA
NA
NA
NA
NA
NA
NA
NA
NA
NA
NA
NA
NA
NA
NA
NA
NA
NA
NA
NA
NA
NA
NA
NA
NA
NA
NA
NA
NA
NA
NA
NA
NA
NA
NA
NA
NA
NA
NA
NA
NA
NA
NA
NA
NA
NA
NA
NA
NA
NA
NA
NA
NA
NA
NA
NA
NA
NA
NA
NA
NA
NA
NA
NA
NA
NA
NA
NA
NA
NA
NA
NA
NA
NA
NA
NA
NA
NA
NA
NA
NA
NA
NA
NA
NA
NA
NA
NA
NA
NA
NA
NA
NA
NA
NA
NA
NA
NA
NA
NA
NA
NA
NA
NA
NA
NA
NA
NA
NA
NA
NA
NA
NA
NA
NA
NA
NA
NA
NA
NA
NA
NA
NA
NA
NA
NA
NA
NA
NA
NA
NA
NA
NA
NA
NA
NA
NA
NA
NA
NA
NA
NA
NA
NA
NA
NA
NA
NA
NA
NA
NA
NA
NA
NA
NA
NA
NA
NA
NA
NA
NA
NA
NA
NA
NA
NA
NA
NA
NA
NA
NA
NA
NA
NA
NA
NA
NA
NA
NA
NA
NA
NA
NA
NA
NA
NA
NA
NA
NA
NA
NA
NA
NA
NA
NA
NA
NA
NA
NA
NA
NA
NA
NA
NA
NA
NA
NA
NA
NA
NA
NA
NA
NA
NA
NA
NA
NA
NA
NA
NA
NA
NA
NA
NA
NA
NA
NA
NA
NA
NA
NA
NA
NA
NA
NA
NA
NA
NA
NA
NA
NA
NA
NA
NA
NA
NA
NA
NA
NA
NA
NA
NA
NA
NA
NA
NA
NA
NA
NA
NA
NA
NA
NA
NA
NA
NA
NA
NA
NA
NA
NA
NA
NA
NA
NA
NA
NA
NA
NA
NA
NA
NA
NA
NA
NA
NA
NA
NA
NA
NA
NA
NA
NA
NA
NA
NA
NA
NA
NA
NA
NA
NA
NA
NA
NA
NA
NA
NA
NA
NA
NA
NA
NA
NA
NA
NA
NA
NA
NA
NA
NA
NA
NA
NA
NA
NA
NA
NA
NA
NA
NA
NA
NA
NA
NA
NA
NA
NA
NA
NA
NA
NA
NA
NA
NA
NA
NA
NA
NA
NA
NA
NA
NA
NA
NA
NA
NA
NA
NA
NA
NA
NA
NA
NA
NA
NA
NA
NA
NA
NA
NA
NA
NA
NA
NA
NA
NA
NA
NA
NA
NA
NA
NA
NA
NA
NA
NA
NA
NA
NA
NA
NA
NA
NA
NA
NA
NA
NA
NA
NA
NA
NA
NA
NA
NA
NA
NA
NA
NA
NA
NA
NA
NA
NA
NA
NA
NA
NA
NA
NA
NA
NA
NA
NA
NA
NA
NA
NA
NA
NA
NA
NA
NA
NA
NA
NA
NA
NA
NA
NA
NA
NA
NA
NA
NA
NA
NA
NA
NA
NA
NA
NA
NA
NA
NA
NA
NA
NA
NA
NA
NA
NA
NA
NA
NA
NA
NA
NA
NA
NA
NA
NA
NA
NA
NA
NA
NA
NA
NA
NA
NA
NA
NA
NA
NA
NA
NA
NA
NA
NA
NA
NA
NA
NA
NA
NA
NA
NA
NA
NA
NA
NA
NA
NA
NA
NA
NA
NA
NA
NA
NA
NA
NA
NA
NA
NA
NA
NA
NA
NA
NA
NA
NA
NA
NA
NA
NA
NA
NA
NA
NA
NA
NA
NA
NA
NA
NA
NA
NA
NA
NA
NA
NA
NA
NA
NA
NA
NA
NA
NA
NA
NA
NA
NA
NA
NA
NA
NA
NA
NA
NA
NA
NA
NA
NA
NA
NA
NA
NA
NA
NA
NA
NA
NA
NA
NA
NA
NA
NA
NA
NA
NA
NA
NA
NA
NA
NA
NA
NA
NA
NA
NA
NA
NA
NA
NA
NA
NA
NA
NA
NA
NA
NA
NA
NA
NA
NA
NA
NA
NA
NA
NA
NA
NA
NA
NA
NA
NA
NA
NA
NA
NA
NA
NA
NA
NA
NA
NA
NA
NA
NA
NA
NA
NA
NA
NA
NA
NA
NA
NA
NA
NA
NA
NA
NA
NA
NA
NA
NA
NA
NA
NA
NA
NA
NA
NA
NA
NA
NA
NA
NA
NA
NA
NA
NA
NA
NA
NA
NA
NA
NA
NA
NA
NA
NA
NA
NA
NA
NA
NA
NA
NA
NA
NA
NA
NA
NA
NA
NA
NA
NA
NA
NA
NA
NA
NA
NA
NA
NA
NA
NA
NA
NA
NA
NA
NA
NA
NA
NA
NA
NA
NA
NA
NA
NA
NA
NA
NA
NA
NA
NA
NA
NA
NA
NA
NA
NA
NA
NA
NA
NA
NA
NA
NA
NA
NA
NA
NA
NA
NA
NA
NA
NA
NA
NA
NA
NA
NA
NA
NA
NA
NA
NA
NA
NA
NA
NA
NA
NA
NA
NA
NA
NA
NA
NA
NA
NA
NA
NA
NA
NA
NA
NA
NA
NA
NA
NA
NA
NA
NA
NA
NA
NA
NA
NA
NA
NA
NA
NA
NA
NA
NA
NA
NA
NA
NA
NA
NA
NA
NA
NA
NA
NA
NA
NA
NA
NA
NA
NA
NA
NA
NA
NA
NA
NA
NA
NA
NA
NA
NA
NA
NA
NA
NA
NA
NA
NA
NA
NA
NA
NA
NA
NA
NA
NA
NA
NA
NA
NA
NA
NA
NA
NA
NA
NA
NA
NA
NA
NA
NA
NA
NA
NA
NA
NA
NA
NA
NA
NA
NA
NA
NA
NA
NA
NA
NA
NA
NA
NA
NA
NA
NA
NA
NA
NA
NA
NA
NA
NA
NA
NA
NA
NA
NA
NA
NA
NA
NA
NA
NA
NA
NA
NA
NA
NA
NA
NA
NA
NA
NA
NA
NA
NA
NA
NA
NA
NA
NA
NA
NA
NA
NA
NA
NA
NA
NA
NA
NA
NA
NA
NA
NA
NA
NA
NA
NA
NA
NA
NA
NA
NA
NA
NA
NA
NA
NA
NA
NA
NA
NA
NA
NA
NA
NA
NA
NA
NA
NA
NA
NA
NA
NA
NA
NA
NA
NA
NA
NA
NA
NA
NA
NA
NA
NA
NA
NA
NA
NA
NA
NA
NA
NA
NA
NA
NA
NA
NA
NA
NA
NA
NA
NA
NA
NA
NA
NA
NA
NA
NA
NA
NA
NA
NA
NA
NA
NA
NA
NA
NA
NA
NA
NA
NA
NA
NA
NA
NA
NA
NA
NA
NA
NA
NA
NA
NA
NA
NA
NA
NA
NA
NA
NA
NA
NA
NA
NA
NA
NA
NA
NA
NA
NA
NA
NA
NA
NA
NA
NA
NA
NA
NA
NA
NA
NA
NA
NA
NA
NA
NA
NA
NA
NA
NA
NA
NA
NA
NA
NA
NA
NA
NA
NA
NA
NA
NA
NA
NA
NA
NA
NA
NA
NA
NA
NA
NA
NA
NA
NA
NA
NA
NA
NA
NA
NA
NA
NA
NA
NA
NA
NA
NA
NA
NA
NA
NA
NA
NA
NA
NA
NA
NA
NA
NA
NA
NA
NA
NA
NA
NA
NA
NA
NA
NA
NA
NA
NA
NA
NA
NA
NA
NA
NA
NA
NA
NA
NA
NA
NA
NA
NA
NA
NA
NA
NA
NA
NA
NA
NA
NA
NA
NA
NA
NA
NA
NA
NA
NA
NA
NA
NA
NA
NA
NA
NA
NA
NA
NA
NA
NA
NA
NA
NA
NA
NA
NA
NA
NA
NA
NA
NA
NA
NA
NA
NA
NA
NA
NA
NA
NA
NA
NA
NA
NA
NA
NA
NA
NA
NA
NA
NA
NA
NA
NA
NA
NA
NA
NA
NA
NA
NA
NA
NA
NA
NA
NA
NA
NA
NA
NA
NA
NA
NA
NA
NA
NA
NA
NA
NA
NA
NA
NA
NA
NA
NA
NA
NA
NA
NA
NA
NA
NA
NA
NA
NA
NA
NA
NA
NA
NA
NA
NA
NA
NA
NA
NA
NA
NA
NA
NA
NA
NA
NA
NA
NA
NA
NA
NA
NA
NA
NA
NA
NA
NA
NA
NA
NA
NA
NA
NA
NA
NA
NA
NA
NA
NA
NA
NA
NA
NA
NA
NA
NA
NA
NA
NA
NA
NA
NA
NA
NA
NA
NA
NA
NA
NA
NA
NA
NA
NA
NA
NA
NA
NA
NA
NA
NA
NA
NA
NA
NA
NA
NA
NA
NA
NA
NA
NA
NA
NA
NA
NA
NA
NA
NA
NA
NA
NA
NA
NA
NA
NA
NA
NA
NA
NA
NA
NA
NA
NA
NA
NA
NA
NA
NA
NA
NA
NA
NA
NA
NA
NA
NA
NA
NA
NA
NA
NA
NA
NA
NA
NA
NA
NA
NA
NA
NA
NA
NA
NA
NA
NA
NA
NA
NA
NA
NA
NA
NA
NA
NA
NA
NA
NA
NA
NA
NA
NA
NA
NA
NA
NA
NA
NA
NA
NA
NA
NA
NA
NA
NA
NA
NA
NA
NA
NA
NA
NA
NA
NA
NA
NA
NA
NA
NA
NA
NA
NA
NA
NA
NA
NA
NA
NA
NA
NA
NA
NA
NA
NA
NA
NA
NA
NA
NA
NA
NA
NA
NA
NA
NA
NA
NA
NA
NA
NA
NA
NA
NA
NA
NA
NA
NA
NA
NA
NA
NA
NA
NA
NA
NA
NA
NA
NA
NA
NA
NA
NA
NA
NA
NA
NA
NA
NA
NA
NA
NA
NA
NA
NA
NA
NA
NA
NA
1.125
0.6173
0.5238
1.1207
0.5522
0.6866
0.4419
0.3736
0.5584
0.6418
0.5946
0.3763
0.3368
0.5079
0.7031
0.5857
0.3778
0.6712
0.5128
1.0984
0.5205
0.382
0.4605
0.6719
0.3367
0.5733
0.4732
0.6304
0.4588
0.5
0.6087
0.5556
0.6875
0.6377
0.6282
0.76
0.4819
0.519
0.5938
0.625
0.2522
0.3708
0.4878
0.4524
0.5
0.7097
0.481
0.5128
0.6026
0.3878
0.7662
0.6395
0.6479
0.5082
0.4359
0.525
0.4941
1.0893
0.3827
0.4595
0.8143
0.8387
0.507
0.5
0.2604
0.6463
0.9104
0.4789
0.5581
0.4935
0.4353
0.4103
0.5676
0.7167
0.4177
1
0.4348
0.4886
0.6901
0.5821
0.9451
0.6585
0.4714
0.4819
0.5147
0.5714
0.4118
0.4462
0.3514
0.55
0.6712
0.3444
0.433
0.6111
0.5775
0.8254
0.5469
0.3953
0.4321
0.3365
0.6753
0.5056
0.4872
0.6974
0.6923
0.5714
0.4434
0.5652
0.4545
0.7051
0.557
0.4494
0.3614
0.6197
0.5
0.4894
0.5116
0.3448
0.7164
0.6329
0.5733
0.2763
0.5823
0.7681
0.4607
0.561
0.3239
0.5312
0.6984
0.7463
0.4783
0.746
0.5682
0.8154
0.5476
0.5333
0.4231
0.6282
0.5897
0.5469
0.8088
0.4845
0.4144
0.4605
0.4432
0.7195
0.3656
0.9032
0.5495
0.7294
0.5385
0.3736
0.4795
0.3864
0.5443
0.4773
0.4595
0.5079
0.378
0.7119
0.4828
0.7069
0.5375
0.5213
0.4795
0.7246
0.5667
0.4659
0.3542
0.5769
0.3718
0.4079
0.6184
0.4198
0.5385
0.8793
0.45
0.4868
0.4787
1.0625
0.4659
0.4646
0.6854
0.5714
0.2317
0.4444
0.5132
0.8472
0.8421
0.4865
0.6353
0.2315
0.561
0.5915
0.375
0.6329
0.8267
0.5833
0.7183
0.55
0.6125
0.6071
0.6892
0.7595
0.6377
0.7123
0.5366
0.6629
0.3465
0.5595
0.589
0.6575
0.6444
0.6271
0.4795
0.7317
0.4592
0.5972
0.6716
0.6923
0.6047
1.0517
0.5405
0.3846
0.4156
0.6765
0.6197
0.4607
0.4828
0.3918
0.525
0.4
0.9138
0.3956
0.6618
0.3263
0.7971
0.6627
0.7778
0.4211
0.4457
0.8841
0.5128
0.5278
0.8831
0.4227
0.3933
0.6935
0.807
0.4468
0.4559
0.625
0.2887
0.7576
0.661
0.6897
0.6351
0.8125
0.6486
0.5811
0.4889
0.4459
0.5333
0.8056
0.4239
0.6463
0.443
0.4091
0.4337
0.557
0.6053
0.4157
0.7385
0.3069
0.5507
0.4111
0.6027
0.7294
0.4176
0.6076
0.7826
0.5
0.7463
0.4268
0.5467
0.4225
0.6364
0.625
0.6986
0.6087
0.4028
0.5
0.4756
0.4943
0.3263
0.5652
0.2936
0.4074
0.7714
0.6562
0.4557
0.8056
0.378
0.7273
0.6711
0.5769
0.5205
0.5541
0.4105
0.7206
0.6875
0.4444
0.625
0.3827
0.3253
0.4634
0.6625
0.45
0.8462
0.6531
0.4571
0.7344
0.4535
0.7692
0.9254
0.6173
0.5349
0.5488
0.4744
0.427
0.6197
0.5634
0.6026
0.4086
0.4177
0.5366
0.8182
0.4884
0.7722
0.3958
0.5063
1.3519
0.6329
0.6528
0.4571
0.3333
0.4304
0.6333
0.5402
0.5694
0.8052
0.3516
0.6857
0.6709
0.5426
0.5625
0.52
0.6389
0.4321
0.5
0.6
0.5862
0.413
0.5795
0.6883
0.3438
0.4844
0.5714
0.55
0.5
0.6892
0.4512
0.6786
0.8602
0.7833
0.5281
0.6615
0.6557
0.4853
0.6
0.4382
0.9032
0.6471
0.4731
0.3765
0.4086
0.9104
0.7463
0.5833
0.7059
0.8529
0.573
0.375
0.5469
0.5926
0.4648
0.5256
0.6
0.1735
0.4432
0.7027
0.3214
0.4744
0.7458
0.5732
0.3368
0.6585
0.5417
0.5938
0.6164
0.8551
0.9821
0.8857
0.6296
0.4505
0.4658
0.29
0.4478
0.3293
0.6812
0.3494
0.3908
0.4423
0.8657
0.4935
0.4865
0.3978
0.6267
0.5857
0.5625
0.6912
0.5867
0.5769
0.4231
0.5128
0.7391
0.5696
0.4894
0.4336
0.803
0.561
0.5976
0.5063
0.5867
0.6027
0.3776
0.8246
0.4937
0.7463
0.6506
0.5556
0.5125
0.2973
0.4828
0.7742
0.5269
0.8305
0.4054
0.4742
0.5529
1.0833
0.3521
0.3736
0.5735
0.5156
0.52
0.4405
0.6304
0.5851
0.8493
0.6849
0.6508
0.3789
0.6418
0.6667
0.5591
0.6212
0.7206
0.5079
0.4471
0.2621
0.3034
0.3483
0.4337
0.4127
0.4483
0.2391
0.5122
0.5067
0.4722
0.7077
0.5352
0.4607
0.5047
0.3968
0.5532
0.6
0.5
0.9242
0.3258
0.5875
0.5122
0.5349
1.0667
0.8286
0.4324
0.8413
0.7286
0.5309
0.3542
0.6806
0.3947
0.4762
0.4605
0.4568
0.5119
0.5753
0.41
0.807
0.5443
0.75
0.5529
0.3165
0.3846
1
0.9844
0.5522
0.5797
0.3889
0.4776
0.9841
0.8026
0.6628
0.622
0.4216
0.6049
0.4571
0.413
0.443
0.9655
0.5946
0.3444
0.5909
0.4487
0.493
0.9355
0.4521
0.2558
0.85
0.5455
0.641
0.4861
0.2727
0.4444
0.4128
0.407
0.3827
0.5417
0.6721
0.6
0.4111
0.85
0.4819
0.4421
0.5417
0.6885
0.6111
0.5341
0.7297
0.7692
0.803
0.5211
0.3516
0.5244
0.4085
0.4177
0.619
0.3438
0.5556
0.4875
0.5978
0.4146
0.75
0.5059
0.8472
0.3295
0.561
0.4643
0.4947
0.6447
0.4737
0.6977
0.6163
0.4425
0.75
0.4356
0.6974
0.3895
0.7037
0.4588
0.725
0.42
0.725
0.6447
0.5176
0.3108
0.4773
0.625
0.9846
0.5269
0.5432
0.6111
0.4667
0.4524
0.4828
0.7288
0.7179
0.7143
0.7231
0.3973
1.1333
0.6351
0.481
0.5976
0.6301
0.6528
0.5634
0.3684
0.3846
0.6034
0.8143
0.7742
0.4881
0.4545
1.0704
0.4021
0.3836
0.4024
0.4688
0.4938
0.9831
0.625
0.4824
0.4691
0.7015
0.8235
0.5432
0.697
0.382
0.6753
0.3929
0.6
0.8088
0.7662
0.75
0.411
0.4819
0.5402
0.6029
0.807
0.5114
0.4568
0.625
0.4382
0.4255
0.5574
0.9054
0.507
0.6301
0.5309
0.6471
0.7237
0.6818
0.5402
0.642
0.4177
0.4545
0.3571
0.5714
0.4487
0.5385
0.575
0.8644
0.6512
0.3196
0.5429
0.6667
0.4133
0.619
0.7742
0.4615
0.6885
0.5
0.9706
0.3689
0.6129
0.5732
0.7288
0.4211
0.5775
0.4592
0.5169
0.619
0.6203
0.5068
0.3895
0.4235
0.425
0.5375
0.5517
0.5517
0.6418
0.2717
0.5067
0.6184
0.7042
1.0769
0.5479
0.2796
0.5638
0.2921
0.9048
0.6892
0.4205
0.4487
0.6452
0.5811
0.5455
0.4643
0.8261
0.5429
0.3735
0.4462
0.6761
0.5217
0.9
0.6567
0.4694
0.6024
0.5479
0.963
0.425
0.4458
0.76
0.5349
0.6184
0.54
0.3626
0.7647
0.6471
0.6163
0.5325
0.6892
0.3711
0.7733
1.1404
0.4889
0.5714
0.6452
0.2907
0.4861
0.5275
0.6389
0.622
0.9836
0.5
0.3718
0.5432
0.6765
0.5352
0.6389
0.7857
0.5465
0.5119
0.5281
0.6625
0.3191
0.7857
0.5176
0.4559
0.4388
0.4118
0.7848
0.5972
0.5571
0.6
0.5256
0.7619
0.6197
0.7465
0.7808
0.3678
0.4776
0.6047
0.481
0.3239
0.7532
0.3953
0.3418
0.4096
0.5529
0.5833
0.4615
0.5405
0.6081
0.7
0.4205
0.443
0.8088
0.2381
0.4074
0.5067
0.6769
0.4235
0.4835
0.32
0.65
0.4045
0.8814
0.5224
0.2949
0.5132
0.6234
0.6812
0.3265
0.7042
0.34
0.7206
0.6026
0.4557
0.5114
0.6364
0.451
0.4554
0.6562
0.4444
0.7067
0.5714
0.6395
0.8136
0.9375
0.7778
0.614
0.6667
0.7538
0.4571
0.6438
0.7
0.5714
0.6197
0.3059
0.3978
0.5789
0.8226
0.5224
0.8475
0.5258
0.449
0.5316
0.7297
0.7253
0.3816
0.7733
0.6049
0.475
0.5753
0.3659
0.6286
0.5385
0.2963
0.5238
0.5132
0.5972
0.5507
0.5897
0.7727
0.6782
0.381
0.6044
0.5532
0.6912
0.7222
0.6552
0.8133
0.6623
0.7931
0.5114
0.5181
0.4247
0.8391
0.9452
0.4203
0.6222
0.5974
0.4565
0.6
0.5781
0.4737
0.931
0.7576
0.5147
0.4889
0.5526
0.3857
0.5522
1.0333
0.5895
0.6463
0.2947
0.6667
0.5753
0.6364
0.5915
0.5556
0.8571
0.381
0.5063
0.5867
0.375
0.4725
0.95
0.7595
0.5663
0.5119
0.5882
0.5224
0.5181
0.5294
0.4923
0.5946
0.6364
0.6447
0.5811
0.5867
0.5867
0.4494
0.8667
0.7534
0.3297
0.6854
0.4568
0.7681
0.5526
0.5405
0.7273
0.8462
0.5301
0.7097
0.24
0.4725
0.3333
0.5493
0.6389
0.4231
0.8987
0.4416
0.283
0.4615
0.557
0.3766
1.0877
0.3838
0.4889
0.7945
0.5385
0.5294
0.3671
0.6625
0.5641
0.4019
0.5493
0.5393
0.7297
0.8548
0.6486
0.5775
0.4382
0.6765
0.5897
0.9167
0.5735
0.5222
0.6892
0.7176
0.3457
0.678
0.3429
0.5571
0.4545
0.5733
0.7937
0.6575
0.3494
0.6914
0.4556
0.7606
0.62
0.6912
0.3333
0.662
0.9583
0.5309
0.4881
0.8448
0.4328
0.5224
0.2907
0.2857
0.359
0.597
0.3649
0.3333
0.2526
0.4921
0.4688
0.4143
0.3444
0.5479
0.4103
0.7619
0.3562
0.3034
0.2078
0.6875
0.3265
0.253
0.3839
0.4239
0.3647
0.36
0.4058
0.4444
0.5938
0.5942
0.4744
0.4
0.4217
0.3797
0.5
0.4167
0.1652
0.3371
0.2561
0.3214
0.3333
0.6774
0.3797
0.4872
0.4744
0.2755
0.4805
0.5349
0.5211
0.4754
0.3077
0.4125
0.3412
0.8036
0.2593
0.3108
0.6429
0.5238
0.507
0.3617
0.1979
0.5122
0.7313
0.3803
0.4535
0.3636
0.3059
0.2949
0.5
0.6
0.3418
0.8
0.2826
0.2727
0.493
0.3881
0.7253
0.5244
0.4571
0.2892
0.4118
0.4286
0.3647
0.2769
0.3333
0.4875
0.5616
0.2778
0.3299
0.4658
0.4789
0.5556
0.4844
0.3605
0.321
0.1714
0.4675
0.4157
0.4487
0.5921
0.5538
0.4
0.3585
0.4783
0.3409
0.5128
0.4304
0.2584
0.253
0.25
0.359
0.3191
0.4535
0.2614
0.3768
0.519
0.44
0.1299
0.519
0.5797
0.3146
0.3171
0.3099
0.2969
0.5079
0.4478
0.3623
0.6349
0.4773
0.5909
0.5238
0.3733
0.2436
0.5897
0.5385
0.4375
0.5882
0.4227
0.3333
0.2468
0.3523
0.6098
0.3226
0.8065
0.3956
0.6118
0.2949
0.3297
0.2466
0.2727
0.3797
0.3182
0.4459
0.5077
0.2805
0.7627
0.5172
0.5862
0.3293
0.5213
0.4247
0.4638
0.2778
0.375
0.2396
0.5128
0.3077
0.3158
0.4211
0.3827
0.3462
0.6897
0.4875
0.3947
0.2553
0.6
0.375
0.404
0.5056
0.4286
0.1951
0.3889
0.2895
0.5694
0.7193
0.3108
0.5059
0.1574
0.3855
0.4085
0.2875
0.519
0.7333
0.5357
0.6056
0.47
0.4375
0.4432
0.5405
0.519
0.4928
0.4865
0.378
0.4607
0.2376
0.3929
0.4384
0.4932
0.4889
0.4576
0.2933
0.4643
0.3469
0.5139
0.5821
0.5128
0.5698
0.931
0.2933
0.2923
0.3506
0.6029
0.5352
0.382
0.3933
0.3505
0.4125
0.2895
0.8103
0.2637
0.4348
0.3368
0.6522
0.3571
0.5278
0.3474
0.3152
0.6232
0.3418
0.4167
0.6835
0.2371
0.3258
0.629
0.6034
0.3617
0.3235
0.425
0.1649
0.6212
0.5932
0.5
0.4324
0.5938
0.7432
0.5
0.3556
0.2763
0.48
0.411
0.3261
0.4756
0.3544
0.2273
0.3373
0.5063
0.4342
0.3596
0.5231
0.2178
0.4638
0.3444
0.4459
0.5765
0.3956
0.5063
0.6087
0.4783
0.4925
0.3049
0.4267
0.3099
0.5303
0.5125
0.4521
0.5797
0.4521
0.5
0.378
0.4138
0.2083
0.3913
0.2844
0.284
0.7
0.6406
0.2927
0.6944
0.2561
0.6061
0.3816
0.4744
0.4247
0.4459
0.2947
0.7353
0.5781
0.3556
0.4861
0.3827
0.3012
0.3902
0.375
0.375
0.5385
0.551
0.4143
0.5625
0.3837
0.5063
0.6567
0.4024
0.5233
0.4146
0.2692
0.2472
0.5775
0.5211
0.3375
0.3011
0.3291
0.3902
0.7879
0.3372
0.6329
0.2292
0.3165
1.1111
0.4937
0.4722
0.3143
0.3733
0.2785
0.4833
0.4138
0.5833
0.7013
0.2747
0.4857
0.4937
0.4149
0.4375
0.36
0.4444
0.3704
0.3737
0.5143
0.4598
0.2174
0.3736
0.5844
0.3021
0.4688
0.4167
0.4875
0.35
0.6216
0.2805
0.3882
0.5161
0.7
0.4719
0.5077
0.6557
0.4265
0.3151
0.2584
0.629
0.3529
0.3978
0.3176
0.3118
0.7164
0.7463
0.4722
0.5735
0.6765
0.4494
0.2692
0.375
0.4938
0.3803
0.5
0.4857
0.1633
0.2727
0.5946
0.193
0.3974
0.6949
0.4146
0.2737
0.4024
0.4722
0.4923
0.5068
0.6377
0.7321
0.6571
0.4568
0.4176
0.3425
0.22
0.4328
0.3537
0.3913
0.3012
0.3563
0.2692
0.7463
0.3247
0.4054
0.3548
0.56
0.5571
0.475
0.5294
0.5333
0.5256
0.3718
0.4615
0.6232
0.4557
0.3617
0.3363
0.5758
0.3614
0.4756
0.4684
0.4
0.5342
0.2857
0.5789
0.3797
0.6716
0.4819
0.4578
0.425
0.3108
0.3333
0.6774
0.3548
0.6949
0.3514
0.3608
0.4
0.9
0.1549
0.3956
0.2941
0.4844
0.27
0.5238
0.4674
0.617
0.6301
0.5541
0.3175
0.3158
0.6418
0.3594
0.3871
0.3939
0.5588
0.4127
0.4471
0.2233
0.2247
0.0729
0.2771
0.3016
0.2759
0.163
0.086
0.3506
0.32
0.5077
0.4789
0.4
0.4019
0.4127
0.3723
0.4211
0.3205
0.6515
0.2697
0.4
0.4024
0.4884
0.8533
0.4857
0.3919
0.7143
0.5571
0.4815
0.3333
0.5972
0.1974
0.4762
0.3289
0.3457
0.4286
0.4795
0.25
0.5088
0.481
0.7424
0.4
0.2785
0.2981
0.7121
0.7344
0.3134
0.4058
0.3667
0.403
0.6349
0.4146
0.593
0.4634
0.3725
0.5062
0.4085
0.3478
0.3544
0.8793
0.3919
0.2444
0.5
0.3205
0.4366
0.5692
0.28
0.1744
0.8
0.3896
0.4359
0.4028
0.1236
0.284
0.2936
0.3605
0.1829
0.4167
0.4426
0.45
0.2444
0.6833
0.2791
0.2632
0.3056
0.3443
0.4167
0.2727
0.5405
0.6026
0.5909
0.4085
0.2637
0.439
0.1944
0.3671
0.5079
0.25
0.4521
0.3125
0.5543
0.2073
0.625
0.4588
0.8611
0.2045
0.3537
0.3214
0.3474
0.5
0.5
0.4302
0.4651
0.2655
0.4667
0.2574
0.4868
0.2737
0.5309
0.3647
0.625
0.39
0.4405
0.5
0.4118
0.2027
0.3182
0.4844
0.4143
0.5484
0.4444
0.4722
0.4667
0.2857
0.3103
0.5593
0.4103
0.4762
0.5231
0.274
0.9667
0.4324
0.4177
0.369
0.5068
0.3194
0.4085
0.3243
0.2717
0.4828
0.4286
0.4516
0.2976
0.2987
0.8451
0.2424
0.2603
0.1807
0.2708
0.4074
0.7097
0.425
0.4118
0.321
0.4925
0.6038
0.4074
0.6818
0.1209
0.4156
0.2976
0.5647
0.6029
0.4359
0.5417
0.3699
0.4096
0.3448
0.5147
0.6842
0.4318
0.4074
0.5781
0.2809
0.383
0.4839
0.7568
0.4085
0.4658
0.4938
0.3971
0.4079
0.5682
0.4023
0.2561
0.3291
0.3377
0.3
0.4176
0.5
0.3974
0.4375
0.7119
0.3372
0.3299
0.5
0.5679
0.2763
0.4688
0.5323
0.359
0.459
0.1765
0.6471
0.2885
0.5806
0.3103
0.5333
0.2632
0.5634
0.3469
0.2921
0.5952
0.3671
0.2432
0.3789
0.3294
0.35
0.5375
0.3977
0.2874
0.5373
0.1702
0.4133
0.3684
0.6197
1
0.4247
0.2473
0.4468
0.236
0.4603
0.5405
0.3523
0.5256
0.5645
0.5405
0.4091
0.2976
0.7391
0.3333
0.2892
0.303
0.4789
0.4493
0.7429
0.5075
0.4286
0.4578
0.3562
0.7593
0.375
0.3494
0.5733
0.3605
0.3289
0.42
0.3626
0.7206
0.6235
0.5814
0.4935
0.4868
0.2626
0.68
0.7241
0.3778
0.4821
0.5645
0.2069
0.4861
0.3956
0.3472
0.4024
0.7213
0.4054
0.2179
0.4568
0.4118
0.4648
0.5556
0.5571
0.4302
0.3929
0.4045
0.5375
0.2766
0.631
0.4941
0.2941
0.2857
0.2941
0.7342
0.5
0.3714
0.4706
0.4103
0.6786
0.3944
0.6197
0.5205
0.3333
0.3731
0.5698
0.3924
0.3803
0.6494
0.3372
0.225
0.3494
0.4353
0.4722
0.375
0.3919
0.4595
0.625
0.3864
0.3537
0.6324
0.1548
0.3333
0.2667
0.5692
0.4353
0.3956
0.26
0.4625
0.3371
0.7458
0.3582
0.2821
0.3684
0.4103
0.4638
0.2551
0.4789
0.1863
0.5735
0.4231
0.2785
0.4432
0.4697
0.3333
0.297
0.4531
0.3667
0.56
0.3857
0.4884
0.6667
0.6719
0.4198
0.3333
0.6377
0.7077
0.3714
0.4054
0.5714
0.3333
0.4507
0.2118
0.2688
0.4737
0.5079
0.3881
0.661
0.3535
0.398
0.4557
0.6486
0.4167
0.3158
0.5867
0.5432
0.25
0.3378
0.3537
0.3714
0.3077
0.2099
0.2857
0.4474
0.411
0.2958
0.4231
0.4394
0.3908
0.1882
0.3297
0.4255
0.5
0.5972
0.6552
0.6267
0.4935
0.6552
0.3182
0.4096
0.411
0.8046
0.7945
0.3623
0.5
0.4026
0.2717
0.45
0.3125
0.3158
0.8448
0.5606
0.4853
0.3889
0.3896
0.2714
0.5672
0.85
0.5368
0.4878
0.2316
0.5733
0.28
0.3205
0.3472
0.4167
0.4762
0.2976
0.3924
0.4667
0.3182
0.4615
0.75
0.4937
0.4337
0.4524
0.4265
0.3971
0.3494
0.4824
0.3538
0.3896
0.3939
0.5789
0.4744
0.4667
0.3733
0.3596
0.7049
0.4459
0.2527
0.4944
0.2593
0.5942
0.3553
0.2933
0.4675
0.7692
0.4458
0.5968
0.208
0.3297
0.1829
0.5634
0.5333
0.2949
0.481
0.2987
0.2264
0.4487
0.4557
0.2338
0.7544
0.3434
0.3333
0.6164
0.4835
0.4824
0.3165
0.625
0.4615
0.2243
0.5211
0.4607
0.5676
0.7742
0.4933
0.5775
0.3933
0.6029
0.359
0.7222
0.5
0.4
0.4054
0.6353
0.1852
0.678
0.4412
0.4
0.3523
0.4133
0.4286
0.5342
0.3452
0.4815
0.4111
0.662
0.41
0.2113
0.358
0.4085
0.7917
0.0515
0.4643
1.0517
0.0533
0.1389
0.3605
0.0515
0.3718
0.5075
0.3514
0.2581
0.2737
0.4762
0.4688
0.2857
0.3222
0.4384
0.1149
0.6508
0.2603
0.2584
0.1688
0.6406
0.2143
0.4533
0.0787
0.0577
0.3256
0.0682
0.3043
0.3827
0.375
0.5072
0.3718
0.2895
0.0928
0.2625
0.027
0.5278
0.1391
0.3708
0.3049
0.2976
0.3571
0.5323
0.4177
0.4872
0.0538
0.0566
0.4545
0.5233
0.4789
0.4098
0.2692
0.425
0.3882
0.7857
0.2716
0.3514
0.0575
0.3968
0.4225
0.2447
0.1667
0.2045
0.7164
0.2535
0.4884
0.3247
0.3176
0.2821
0.3919
0.7333
0.3038
0.8308
0.3261
0.2841
0.4507
0.3134
0.8022
0.0808
0.4286
0.3253
0.0759
0.1163
0.2824
0.2615
0.2533
0.525
0.5342
0.2556
0.2887
0.4384
0.4085
0.5238
0.0822
0.3488
0.0562
0.1714
0.4805
0.382
0.4615
0.6447
0.5692
0.1026
0.3868
0.5362
0.3523
0.087
0.4177
0.4045
0.2771
0.2361
0.4103
0.383
0.3721
0.3103
0.1039
0.4937
0.4
0.2368
0.3544
0.7971
0.3596
0.3659
0.2535
0.2969
0.5079
0.4776
0.4348
0.6508
0.4545
0.5846
0.5476
0.4267
0.093
0.359
0.4744
0.4688
0.4118
0.4021
0.3243
0.2208
0.3409
0.622
0.2688
0.8226
0.3516
0.6118
0.2564
0.2967
0.274
0.2386
0.3671
0.2159
0.3784
0.4462
0.2561
0.678
0.4253
0.0694
0.0753
0.0654
0.4384
0.5217
0.03
0.236
0.25
0.4231
0.1795
0.25
0.3247
0.358
0.4103
0.6552
0.3293
0.4079
0.266
0.5312
0.3708
0.3838
0.573
0.4643
0.0805
0.5
0.1585
0.5278
0.614
0.0617
0.5529
0.0431
0.3855
0.4507
0.2875
0.4557
0.4125
0.3294
0.0843
0.43
0.425
0.375
0.325
0.4051
0.4783
0.5135
0.4146
0.0577
0.2376
0.0421
0.4247
0.5068
0.4667
0.3729
0.0488
0.3929
0.3469
0.4306
0.4627
0.5256
0.4186
0.8448
0.2667
0.1846
0.3247
0.5147
0.4225
0.3258
0.3483
0.2474
0.4
0.25
0.6379
0.3187
0.4143
0.3158
0.5217
0.0612
0.5139
0.2917
0.0417
0.5143
0.0778
0.4583
0.0198
0.0882
0.3258
0.5645
0.5
0.3298
0.3382
0.0645
0.0588
0.5758
0.5085
0.0725
0.5
0.6094
0.5676
0.3649
0.02
0.3026
0.36
0.5068
0.2391
0.4512
0.3038
0.1932
0.0667
0.358
0.4605
0.3258
0.4462
0.1456
0.4638
0.3
0.4324
0.4824
0.3297
0.0778
0.0482
0.5109
0.5522
0.0323
0.4533
0.2394
0.5606
0.1188
0.5205
0.5507
0.411
0.3889
0.4024
0.2874
0.2292
0.3913
0.2364
0.0667
0.5857
0.1067
0.2805
0.0814
0.2561
0.6515
0.3158
0.4615
0.5068
0.473
0.2737
0.5735
0.0964
0.0288
0.5694
0.3086
0.253
0.4268
0.3875
0.2875
0.4923
0.3776
0.3857
0.5312
0.3372
0.0737
0.5821
0.4024
0.4186
0.3902
0.3333
0.2809
0.1098
0.4789
0.2927
0.2688
0.1707
0.378
0.5224
0.0521
0.0971
0.2292
0.3165
0.8036
0.481
0.4167
0.0909
0.3067
0.325
0.5
0.0891
0.5833
0.4937
0.2418
0.5286
0.5316
0.3298
0.4219
0.31
0.4028
0.4198
0.3265
0.2027
0.5517
0.1957
0.3846
0.5584
0.2083
0.3906
0.5
0.475
0.325
0.5811
0.3537
0.3294
0.0348
0.6
0.3483
0.4615
0.6393
0.1026
0.5
0.2584
0.5645
0.4235
0.0481
0.2824
0.234
0.6716
0.6866
0.3611
0.4412
0.5735
0.3933
0.1545
0.375
0.4321
0.0617
0.4231
0.4429
0.1837
0.25
0.5
0.0496
0.4615
0.6441
0.0532
0.0583
0.4268
0.4583
0.2899
0.0714
0.6232
0.1045
0.6714
0.4198
0.3407
0.3836
0.0727
0.3582
0.0217
0.3043
0.0814
0.2989
0.3558
0.6716
0.3636
0.4054
0.2473
0.5333
0.5286
0.0562
0.0641
0.5467
0.0556
0.0667
0.3718
0.5362
0.443
0.055
0.3186
0.4848
0.2093
0.5366
0.3418
0.4533
0.411
0.2449
0.614
0.3291
0.6567
0.051
0.4458
0.1136
0.2162
0.3103
0.4677
0.3656
0.6949
0.2703
0.0571
0.1075
1.0167
0.1549
0.3516
0.0789
0.4531
0.29
0.4405
0.4022
0.5053
0.589
0.0556
0.3651
0.0566
0.4306
0.4444
0.4194
0.2105
0.2532
0.381
0.4
0.2233
0.1685
0.0521
0.3012
0.1618
0.2759
0.1739
0.0968
0.3947
0.1
0.3939
0.3803
0.3587
0.4112
0.3333
0.3617
0.3816
0.359
0.5909
0.2697
0.4375
0.0435
0.4302
0.76
0.5286
0.3784
0.6032
0.5857
0.4568
0.0275
0.5417
0.0732
0.4762
0.3684
0.0435
0.3452
0.411
0.25
0.4211
0.4557
0.0769
0.3647
0.069
0.25
0.6567
0.75
0.3284
0.4348
0.0392
0.0541
0.6984
0.4268
0.5465
0.4268
0.3627
0.0505
0.2958
0.337
0.3544
0.8103
0.3514
0.2333
0.0789
0.3462
0.0886
0.6
0.2667
0.2209
0.7167
0.3506
0.4744
0.0494
0.1705
0.2716
0.2752
0.2614
0.2805
0.4028
0.4426
0.4
0.2556
0.0633
0.0421
0.1684
0.0125
0.3115
0.4444
0.2614
0.5811
0.6282
0.6061
0.3662
0.0412
0.4268
0.2083
0.0706
0.2969
0.2708
0.0941
0.325
0.4348
0.119
0.0435
0.4118
0.5974
0.2273
0.378
0.2857
0.3368
0.4605
0.4342
0.07
0.3605
0.2124
0.6
0.2574
0.4737
0.2947
0.4535
0.3412
0.5875
0.43
0.6125
0.1196
0.3882
0.12
0.3523
0.4219
0.5606
0.4301
0.3827
0.4583
0.3733
0.3571
0.4253
0.1143
0.4231
0.4286
0.4462
0.3014
0.9
0.4595
0.3875
0.0612
0.5205
0.3194
0.4648
0.0875
0.2609
0.5172
0.1125
0.4516
0.1075
0.0568
0.3924
0.2079
0.274
0.1084
0.019
0.3951
0.0811
0.375
0.3529
0.0879
0.5373
0.3833
0.1087
0.5
0.1538
0.5195
0.0659
0.4353
0.0909
0.5325
0.5694
0.2603
0.3855
0.3678
0.4853
0.5172
0.4318
0.4444
0.137
0.3034
0.4362
0.0704
0.5658
0.4085
0.4795
0.5185
0.3824
0.4079
0.5
0.4368
0.284
0.3291
0.2597
0.2286
0.4505
0.0769
0.4487
0.45
0.7288
0.4535
0.2165
0.4857
0.5309
0.0366
0.4688
0.4516
0.0909
0.5082
0.2588
0.0562
0.3558
0.055
0.1087
0.0429
0.2105
0.5775
0.3061
0.2809
0.4405
0.4304
0.2192
0.3895
0.2588
0.375
0.5125
0.4318
0.2614
0.025
0.2391
0.4
0.3947
0.0941
0.7963
0.3973
0.2473
0.4574
0.05
0.3692
0.473
0.3636
0.2963
0.0921
0.5135
0.4091
0.2381
0.7681
0.4167
0.2048
0.4462
0.4648
0.4493
0.0465
0.4478
0.3571
0.5181
0.3699
0.7222
0.3
0.2184
0.5333
0.3488
0.3026
0.39
0.3297
0.6765
0.5059
0.5233
0.1236
0.4474
0.2424
0.6133
0.0759
0.3889
0.4107
0.5484
0.1724
0.4167
0.3956
0.4167
0.3537
0.6393
0.473
0.2436
0.4444
0.3971
0.1266
0.4861
0.4571
0.4186
0.3571
0.3483
0.125
0.3191
0.0571
0.4
0.0704
0.2653
0.2647
0.0612
0.4583
0.3571
0.3647
0.044
0.5476
0.0375
0.5972
0.4658
0.0714
0.3433
0.6047
0.3544
0.2817
0.641
0.3837
0.2375
0.2771
0.3647
0.4861
0.0242
0.0843
0.473
0.0962
0.375
0.3049
0.6471
0.1222
0.3827
0.3067
0.5231
0.3412
0.3478
0.2
0.425
0.2697
0.1
0.403
0.2564
0.4342
0.4026
0.4493
0.1429
0.0581
0.0556
0.5441
0.3974
0.2532
0.3933
0.4394
0.3235
0.0273
0.5
0.3667
0.5333
0.3429
0.4186
0.6
0.5625
0.4074
0.4035
0.5507
0.6923
0.3286
0.3784
0.6286
0.2949
0.0602
0.2353
0.1771
0.3158
0.5079
0.3582
0.6441
0.3434
0.3061
0.557
0.6081
0.4286
0.3026
0.56
0.0619
0.15
0.4054
0.3902
0.4
0.0361
0.1852
0.2619
0.4211
0.411
0.338
0.4231
0.4848
0.4023
0.3333
0.0612
0.4362
0.0875
0.4865
0.6724
0.64
0.5065
0.3281
0.3523
0.4699
0.4384
0.7701
0.6986
0.3623
0.4889
0.1279
0.3152
0.3667
0.375
0.0874
0.8448
0.4697
0.4559
0.1212
0.0588
0.3143
0.5672
0.8
0.4947
0.4756
0.1515
0.5333
0.32
0.3205
0.4028
0.3425
0.4444
0.2857
0.443
0.4667
0.25
0.3736
0.6833
0.4557
0.2674
0.0526
0.4265
0.3382
0.3855
0.3882
0.3692
0.2308
0.3788
0.5
0.3846
0.4533
0.4133
0.3371
0.1733
0.6301
0.1429
0.1165
0.284
0.5942
0.3421
0.3067
0.4935
0.0488
0.3735
0.5
0.2
0.3297
0.0824
0.5634
0.52
0.2949
0.5063
0.2468
0.1604
0.3846
0.4557
0.2597
0.6667
0.2525
0.3333
0.6301
0.2929
0.3765
0.3165
0.65
0.092
0.243
0.1266
0.07
0.5135
0.6562
0.5067
0.4507
0.3933
0.1084
0.3462
0.6667
0.4706
0.4222
0.2911
0.5294
0.2346
0.5085
0.0972
0.4571
0.3295
0.3733
0.5556
0.4795
0.1087
0.4815
0.3667
0.5634
0.4
0.4412
0.321
0.4225
