x
0.3638
0.3608
0.3723
0.3554
0.3791
0.3429
0.3458
0.3462
0.3445
0.3606
0.3303
0.3597
0.3817
0.3656
0.35
0.3611
0.3569
0.3366
0.3763
0.3552
0.3583
0.3743
0.335
0.3638
0.3717
0.3666
0.3665
0.3344
0.3662
0.3674
0.3433
0.3653
0.3356
0.3529
0.3449
0.36
0.3547
0.3656
0.3547
0.3395
0.3575
0.3836
0.3492
0.354
0.3375
0.3867
0.3435
0.3703
0.3731
0.3457
0.3736
0.3427
0.3745
0.3701
0.3496
0.3451
0.3488
0.3528
0.3516
0.3297
0.3321
0.3792
0.362
0.3686
0.3525
0.3663
0.3529
0.3482
0.3399
0.359
0.3555
0.3624
0.364
0.3284
0.3196
0.3487
0.3427
0.3292
0.3635
0.3567
0.339
0.3332
0.3596
0.3397
0.3625
0.3656
0.3881
0.3675
0.3731
0.3409
0.3825
0.3521
0.3365
0.3666
0.3275
0.3811
0.3525
0.3493
0.366
0.3798
0.3588
0.3484
0.3812
0.3539
0.3585
0.3484
0.3749
0.3632
0.3536
0.3706
0.3684
0.3531
0.3454
0.3784
0.3521
0.3558
0.3753
0.359
0.3567
0.3743
0.3327
0.3557
0.3557
0.3531
0.3593
0.3753
0.3435
0.3561
0.3673
0.3587
0.3616
0.3577
0.3432
0.3376
0.375
0.3602
0.3615
0.3514
0.3621
0.3587
0.3572
0.3727
0.3473
0.3611
0.3487
0.3413
0.3566
0.3686
0.344
0.3564
0.3357
0.358
0.3795
0.3662
0.3884
0.3836
0.34
0.346
0.3745
0.3583
0.3668
0.3562
0.3678
0.3619
0.3567
0.3731
0.3659
0.384
0.3605
0.3537
0.3407
0.36
0.3449
0.3467
0.3497
0.3597
0.3568
0.3455
0.3518
0.3641
0.3776
0.3613
0.357
0.3708
0.3533
0.3488
0.3467
0.3751
0.3733
0.3825
0.3249
0.3475
0.3637
0.3395
0.3649
0.3599
0.3611
0.3348
0.3737
0.3659
0.3224
0.3388
0.3496
0.3566
0.3456
0.3566
0.3626
0.3558
0.363
0.3826
0.3689
0.3799
0.3264
0.3453
0.3752
0.3693
0.3482
0.3648
0.3539
0.3347
0.351
0.3872
0.3367
0.3335
0.3469
0.3445
0.3641
0.3469
0.3328
0.3739
0.3494
0.3559
0.3528
0.3475
0.3792
0.3482
0.3798
0.3446
0.3715
0.3849
0.3645
0.3383
0.3768
0.3481
0.3429
0.3575
0.3378
0.3644
0.3591
0.335
0.3582
0.3654
0.3684
0.3715
0.3662
0.3693
0.3683
0.3702
0.366
0.3456
0.361
0.3556
0.3447
0.3541
0.3563
0.3766
0.3274
0.3536
0.3785
0.369
0.3556
0.3626
0.3682
0.3532
0.3419
0.3661
0.3413
0.3593
0.3596
0.3585
0.3745
0.3746
0.3566
0.3601
0.3583
0.337
0.3477
0.3598
0.3456
0.365
0.3709
0.3469
0.3717
0.3596
0.3514
0.3584
0.3533
0.3437
0.3586
0.3377
0.3578
0.3172
0.3676
0.3493
0.3484
0.3673
0.3467
0.3678
0.3711
0.3382
0.3571
0.3606
0.3618
0.3433
0.3688
0.3587
0.347
0.3589
0.3691
0.3674
0.3673
0.3598
0.3528
0.3298
0.3767
0.3598
0.3489
0.3734
0.3318
0.3422
0.3686
0.3719
0.376
0.3532
0.3505
0.3487
0.376
0.3738
0.3838
0.3708
0.3724
0.3622
0.3502
0.371
0.349
0.3544
0.3681
0.3901
0.3714
0.3406
0.3498
0.325
0.3674
0.3616
0.3639
0.3659
0.3602
0.3512
0.3436
0.3532
0.3505
0.3516
0.3679
0.366
0.3714
0.3725
0.3336
0.3484
0.3541
0.3883
0.3766
0.3729
0.3774
0.3662
0.3664
0.356
0.3599
0.3878
0.357
0.355
0.3451
0.3415
0.3561
0.3447
0.3733
0.3526
0.3539
0.334
0.3715
0.366
0.358
0.3459
0.3299
0.3822
0.3536
0.3187
0.3669
0.3641
0.3803
0.3362
0.3709
0.3454
0.3555
0.3619
0.3548
0.3347
0.334
0.3743
0.3263
0.352
0.3538
0.3655
0.3461
0.3657
0.3691
0.3628
0.3278
0.366
0.3466
0.3682
0.3643
0.3604
0.3623
0.3322
0.3473
0.3424
0.3529
0.3547
0.3685
0.3534
0.3538
0.3539
0.3398
0.3637
0.3682
0.3779
0.3703
0.3631
0.3823
0.3082
0.3649
0.3726
0.3586
0.3739
0.3863
0.3523
0.3431
0.3664
0.3634
0.3739
0.375
0.3854
0.364
0.3414
0.3643
0.3519
0.3733
0.3371
0.3703
0.3327
0.3561
0.3443
0.37
0.3449
0.3624
0.3555
0.3657
0.3467
0.3556
0.3548
0.3762
0.3596
0.385
0.3778
0.3363
0.3439
0.3592
0.3513
0.3347
0.3627
0.3446
0.3888
0.3772
0.3424
0.3751
0.3665
0.3734
0.374
0.3335
0.3585
0.3655
0.356
0.3453
0.3631
0.3849
0.3541
0.36
0.3774
0.3075
0.3514
0.3557
0.3537
0.3836
0.3528
0.3271
0.3502
0.3497
0.3679
0.354
0.3724
0.381
0.3175
0.3599
0.3471
0.3471
0.3556
0.3726
0.3667
0.3717
0.3488
0.3698
0.3749
0.3826
0.3572
0.3365
0.3406
0.3599
0.3738
0.3729
0.3578
0.3571
0.3623
0.3441
0.3533
0.3713
0.357
0.3491
0.3568
0.3516
0.363
0.3094
0.3448
0.3506
0.3359
0.3683
0.339
0.3585
0.3639
0.3829
0.3789
0.3467
0.3822
0.3618
0.3703
0.3548
0.3721
0.36
0.3815
0.3517
0.3495
0.3791
0.3442
0.3464
0.3531
0.3672
0.3732
0.3596
0.3498
0.3509
0.3534
0.3841
0.384
0.3632
0.3556
0.371
0.3741
0.3612
0.3691
0.3487
0.3469
0.3477
0.3574
0.3694
0.3623
0.3446
0.3595
0.3604
0.3559
0.3539
0.3634
0.3824
0.3443
0.3724
0.3608
0.366
0.3669
0.3578
0.3581
0.3456
0.3647
0.3536
0.3688
0.3757
0.3673
0.3496
0.3704
0.3623
0.3477
0.3617
0.3561
0.3469
0.3581
0.3594
0.3323
0.3506
0.3423
0.3551
0.347
0.3319
0.3495
0.3593
0.3793
0.3399
0.3394
0.3608
0.3658
0.3531
0.3528
0.3733
0.3603
0.3306
0.3518
0.3637
0.3696
0.3823
0.3011
0.3505
0.3457
0.3711
0.3639
0.3667
0.3607
0.3322
0.334
0.3577
0.358
0.3717
0.3845
0.3533
0.3388
0.3628
0.333
0.3375
0.3678
0.3741
0.3569
0.3519
0.3445
0.371
0.351
0.3644
0.3528
0.364
0.3212
0.3466
0.3317
0.3785
0.3083
0.3738
0.3802
0.3598
0.3679
0.3664
0.3746
0.3692
0.3688
0.3526
0.3617
0.3539
0.3185
0.3768
0.385
0.3558
0.3602
0.3686
0.3416
0.3572
0.3918
0.3545
0.3602
0.3484
0.3473
0.3714
0.3904
0.3707
0.3505
0.3538
0.3641
0.3457
0.3749
0.3621
0.3671
0.3883
0.3652
0.3722
0.387
0.3454
0.3582
0.3604
0.3597
0.3694
0.3465
0.3572
0.3368
0.3723
0.3726
0.3837
0.3643
0.3334
0.3523
0.363
0.3555
0.3792
0.3306
0.3514
0.3246
0.3784
0.3475
0.3545
0.3454
0.3749
0.3793
0.367
0.354
0.3621
0.3513
0.3701
0.3604
0.371
0.3449
0.3632
0.3755
0.364
0.359
0.3503
0.3815
0.3314
0.355
0.381
0.3731
0.3487
0.3416
0.3467
0.3722
0.3746
0.3538
0.3405
0.3585
0.3801
0.3322
0.3658
0.3234
0.3543
0.3641
0.3649
0.3334
0.353
0.3534
0.3765
0.3725
0.3265
0.3519
0.3583
0.3614
0.3612
0.3754
0.3569
0.3555
0.3725
0.3823
0.353
0.3584
0.3342
0.3208
0.3725
0.376
0.3387
0.3363
0.3602
0.3425
0.3481
0.3794
0.371
0.3669
0.3683
0.3432
0.3442
0.3571
0.3565
0.3467
0.3427
0.3405
0.3657
0.3418
0.3674
0.3673
0.3692
0.36
0.3564
0.3605
0.3713
0.3565
0.3453
0.3668
0.3342
0.3518
0.352
0.3731
0.3385
0.3445
0.3301
0.326
0.3563
0.3655
0.3747
0.3738
0.3383
0.333
0.3753
0.3535
0.3628
0.3479
0.3541
0.3432
0.3457
0.3498
0.3908
0.3421
0.3743
0.3664
0.3287
0.3165
0.3401
0.3462
0.3581
0.3498
0.3708
0.3491
0.3536
0.3678
0.3564
0.3444
0.3667
0.3655
0.351
0.3589
0.3564
0.3571
0.3197
0.351
0.3677
0.377
0.362
0.3378
0.3664
0.3583
0.3675
0.3635
0.3537
0.3546
0.3295
0.3659
0.3333
0.3359
0.3792
0.3538
0.3844
0.3622
0.3636
0.3616
0.3381
0.3349
0.3688
0.3237
0.3366
0.3443
0.3684
0.3405
0.3389
0.3768
0.3764
0.3504
0.3763
0.3635
0.3837
0.345
0.3732
0.3494
0.3724
0.3646
0.3654
0.3817
0.3181
0.3346
0.3605
0.3347
0.3547
0.3727
0.3548
0.3207
0.3603
0.3301
0.3583
0.3481
0.3524
0.3598
0.3432
0.3429
0.3609
0.3479
0.3661
0.3524
0.383
0.3159
0.3435
0.3162
0.3751
0.367
0.3357
0.3669
0.326
0.3665
0.379
0.3303
0.3472
0.3645
0.3592
0.3252
0.3684
0.3754
0.3631
0.3653
0.3365
0.3401
0.348
0.3607
0.3528
0.3777
0.345
0.3502
0.3619
0.3599
0.367
0.3388
0.3662
0.3411
0.329
0.3683
0.3603
0.3538
0.3676
0.3535
0.3581
0.3609
0.3578
0.3457
0.3684
0.359
0.3307
0.3745
0.3359
0.3549
0.3855
0.3542
0.3494
0.3564
0.371
0.3178
0.3604
0.3592
0.3865
0.3408
0.3595
0.3714
0.3636
0.3435
0.364
0.3218
0.3556
0.3555
0.3604
0.3904
0.3523
0.3424
0.3263
0.3636
0.3344
0.3423
0.3608
0.3608
0.3528
0.3774
0.37
0.3746
0.3829
0.3366
0.3385
0.3483
0.3736
0.3573
0.3258
0.3347
0.3748
0.3777
0.3595
0.3481
0.3603
0.3438
0.3705
0.3695
0.3689
0.3789
0.3305
0.359
0.3981
0.3512
0.4
0.3385
0.3561
0.358
0.3712
0.3489
0.3423
0.3495
0.3764
0.3714
0.3437
0.3604
0.395
0.3359
0.3512
0.3795
0.3721
0.3975
0.3677
0.3679
0.3451
0.3636
0.3815
0.3459
0.3603
0.3258
0.3716
0.3665
0.37
0.3509
0.343
0.3488
0.3799
0.3448
0.3175
0.3789
0.3555
0.3667
0.3513
0.3704
0.3569
0.3781
0.3403
0.3709
0.3566
0.3775
0.3685
0.347
0.3812
0.3582
0.3167
0.3376
0.37
0.3568
0.3541
0.3446
0.3627
0.3713
0.3813
0.3791
0.3521
0.3631
0.3623
0.338
0.3637
0.3407
0.3609
0.3995
0.3255
0.3904
0.3553
0.3458
0.3664
0.3805
0.3677
0.3492
0.3749
0.3523
0.3614
0.363
0.3855
0.3681
0.3548
0.3792
0.3973
0.3571
0.3465
0.3678
0.3692
0.3566
0.3983
0.3557
0.3472
0.3756
0.331
0.3598
0.3435
0.3778
0.3557
0.3684
0.3874
0.3761
0.3619
0.365
0.371
0.3478
0.3634
0.3847
0.3937
0.3587
0.3477
0.3645
0.3713
0.3557
0.3681
0.3746
0.3549
0.3654
0.3538
0.3859
0.3589
0.3758
0.3446
0.371
0.3398
0.3558
0.3775
0.372
0.367
0.3857
0.3732
0.3431
0.3782
0.3643
0.3539
0.3758
0.3606
0.3609
0.3478
0.3722
0.3642
0.3653
0.3479
0.3587
0.3618
0.3627
0.3521
0.3574
0.3883
0.3585
0.3682
0.3994
0.3534
0.3735
0.3558
0.3961
0.3567
0.3734
0.3325
0.3468
0.3605
0.3469
0.3801
0.3374
0.3221
0.3381
0.3369
0.3382
0.3527
0.358
0.3577
0.3416
0.3435
0.3907
0.3333
0.3381
0.3526
0.3471
0.3611
0.3405
0.348
0.349
0.3694
0.39
0.3696
0.3776
0.3346
0.3567
0.3746
0.3784
0.3376
0.3966
0.3613
0.3487
0.3493
0.3834
0.3503
0.3312
0.3512
0.3472
0.3746
0.355
0.3959
0.3665
0.3987
0.3475
0.3375
0.3561
0.3715
0.3704
0.3759
0.3498
0.3588
0.3491
0.3637
0.3391
0.3707
0.3552
0.3415
0.3748
0.3537
0.3542
0.3538
0.3265
0.3885
0.3647
0.3758
0.3487
0.3683
0.3675
0.3685
0.372
0.3671
0.352
0.3515
0.3741
0.3517
0.361
0.3969
0.3781
0.3301
0.3796
0.3681
0.3683
0.348
0.3733
0.3957
0.346
0.3488
0.3971
0.3456
0.3664
0.3756
0.345
0.3762
0.3827
0.3633
0.3698
0.3615
0.3315
0.3518
0.3599
0.3373
0.3723
0.3685
0.3764
0.3501
0.356
0.34
0.3512
0.3558
0.3406
0.3741
0.3526
0.3566
0.3105
0.371
0.3475
0.3514
0.3584
0.341
0.3616
0.3727
0.3847
0.3616
0.3325
0.3639
0.3828
0.3725
0.3986
0.3485
0.3653
0.3741
0.3551
0.3663
0.389
0.3592
0.3558
0.3989
0.3895
0.3711
0.3826
0.3299
0.3803
0.349
0.3591
0.3801
0.3586
0.3549
0.3725
0.3703
0.3606
0.398
0.3674
0.3704
0.3789
0.3595
0.3615
0.3683
0.3542
0.3651
0.3662
0.3603
0.3275
0.3975
0.3518
0.3491
0.3841
0.3444
0.3672
0.362
0.3653
0.3442
0.3542
0.3564
0.3686
0.3748
0.3644
0.3654
0.368
0.3845
0.3519
0.3446
0.3969
0.3737
0.3651
0.3688
0.3985
0.3705
0.3562
0.3666
0.3823
0.3457
0.3705
0.3263
0.3539
0.3572
0.3959
0.3743
0.3456
0.3654
0.3309
0.3805
0.3736
0.3401
0.3441
0.3259
0.3845
0.3513
0.3177
0.3959
0.3586
0.3816
0.339
0.3769
0.3444
0.3972
0.3548
0.3494
0.3292
0.3373
0.3792
0.3474
0.3573
0.3556
0.3992
0.3995
0.398
0.3685
0.3616
0.3298
0.3736
0.3635
0.3733
0.364
0.3343
0.3464
0.3124
0.3871
0.3544
0.352
0.3472
0.3585
0.3797
0.3445
0.3493
0.3483
0.3811
0.3887
0.3569
0.3824
0.3596
0.397
0.3093
0.3788
0.3639
0.3659
0.3908
0.376
0.3522
0.3556
0.3478
0.3619
0.3683
0.3791
0.383
0.3744
0.3548
0.3651
0.372
0.3936
0.3751
0.3635
0.3305
0.3208
0.338
0.327
0.3575
0.3615
0.3992
0.3588
0.331
0.3596
0.3547
0.3595
0.3579
0.3727
0.3905
0.3636
0.398
0.3556
0.3511
0.3478
0.3739
0.3448
0.3838
0.3718
0.3392
0.3683
0.3551
0.3778
0.3581
0.3982
0.354
0.3768
0.3715
0.3975
0.3581
0.3736
0.3376
0.3501
0.3857
0.3978
0.3593
0.3664
0.345
0.3688
0.3525
0.3806
0.3332
0.3854
0.3504
0.3623
0.3612
0.3696
0.3479
0.3563
0.342
0.3531
0.3568
0.384
0.3412
0.3821
0.3332
0.3527
0.372
0.3831
0.3672
0.3396
0.3423
0.3558
0.3995
0.3707
0.3646
0.3473
0.3674
0.337
0.3482
0.3685
0.362
0.3596
0.3637
0.3315
0.3687
0.3603
0.3431
0.3403
0.3384
0.3671
0.4
0.3522
0.3504
0.3842
0.3804
0.3848
0.398
0.359
0.3688
0.356
0.3952
0.366
0.3787
0.3482
0.3438
0.3602
0.3723
0.3649
0.3252
0.3702
0.398
0.3656
0.3662
0.3682
0.369
0.3727
0.3849
0.3651
0.3395
0.3673
0.3674
0.3839
0.3507
0.3551
0.3525
0.3641
0.3581
0.3607
0.3637
0.3382
0.3636
0.3544
0.3515
0.3572
0.3538
0.3589
0.3849
0.3755
0.3984
0.3582
0.3601
0.3779
0.3555
0.3726
0.373
0.3585
0.3748
0.3518
0.3765
0.363
0.3601
0.3699
0.3889
0.3583
0.3651
0.3292
0.3288
0.3634
0.3324
0.3873
0.3407
0.3453
0.3606
0.3586
0.3529
0.339
0.3751
0.345
0.3747
0.3598
0.3595
0.3502
0.3702
0.362
0.3576
0.3742
0.3685
0.3882
0.3752
0.3861
0.3021
0.3547
0.3399
0.3773
0.3517
0.3379
0.3501
0.3506
0.3385
0.3785
0.3379
0.3656
0.3705
0.3569
0.3363
0.3644
0.3107
0.3389
0.388
0.3692
0.3825
0.3503
0.342
0.3731
0.3408
0.3901
0.3498
0.3586
0.334
0.3413
0.3394
0.3729
0.3024
0.3707
0.3729
0.3596
0.3709
0.3602
0.3632
0.3809
0.3557
0.3689
0.3649
0.3973
0.3402
0.3703
0.3972
0.36
0.3646
0.3742
0.3384
0.3868
0.3657
0.3407
0.3829
0.3631
0.3341
0.3665
0.3456
0.3672
0.378
0.3584
0.371
0.345
0.3982
0.3876
0.3692
0.3507
0.3959
0.3601
0.3797
0.3508
0.3642
0.3757
0.3581
0.3906
0.3566
0.3561
0.3273
0.3712
0.3792
0.3741
0.3696
0.3286
0.3564
0.3723
0.3515
0.3679
0.3288
0.35
0.3485
0.3728
0.3414
0.3881
0.3438
0.3746
0.3628
0.3707
0.3354
0.3815
0.3572
0.3365
0.3984
0.3809
0.3403
0.3678
0.3738
0.3682
0.3571
0.3565
0.3761
0.3275
0.3705
0.3882
0.3722
0.3447
0.34
0.3463
0.3868
0.3562
0.355
0.3445
0.3964
0.3814
0.3245
0.3723
0.3226
0.3586
0.3607
0.3994
0.3272
0.3629
0.3994
0.3835
0.3745
0.3368
0.3985
0.3948
0.3476
0.3694
0.3664
0.361
0.3903
0.3684
0.3544
0.3438
0.3919
0.3232
0.3022
0.3714
0.3591
0.3625
0.3279
0.3672
0.3658
0.3521
0.3776
0.3601
0.3661
0.3773
0.3583
0.3506
0.3616
0.3376
0.3979
0.3477
0.3406
0.3615
0.3996
0.3372
0.3635
0.3611
0.3943
0.339
0.3695
0.3669
0.3537
0.3592
0.3672
0.3567
0.3544
0.3544
0.3612
0.34
0.3588
0.3261
0.3681
0.3668
0.324
0.3756
0.3791
0.3984
0.3329
0.3552
0.3528
0.3688
0.3867
0.3528
0.3652
0.339
0.3337
0.3702
0.3495
0.371
0.3614
0.325
0.3766
0.3185
0.3588
0.3485
0.3492
0.3748
0.3601
0.3515
0.3726
0.3767
0.3387
0.3786
0.3757
0.3555
0.3409
0.3564
0.3288
0.3621
0.3215
0.4
0.3518
0.3688
0.3315
0.3572
0.3445
0.3749
0.3642
0.3531
0.3984
0.3143
0.3568
0.3346
0.3443
0.373
0.3464
0.3824
0.3609
0.3657
0.3337
0.3447
0.3403
0.3608
0.325
0.3411
0.3838
0.3442
0.3545
0.3976
0.3682
0.3831
0.3545
0.3764
0.3706
0.3702
0.3988
0.3644
0.3684
0.3782
0.3608
0.3661
0.3988
0.3209
0.3697
0.3548
0.3277
0.3414
0.3847
0.3541
0.3374
0.3745
0.3307
0.3686
0.3491
0.3544
0.3584
0.3334
0.3429
0.3572
0.3529
0.3659
0.3647
0.3983
0.3342
0.3412
0.3265
0.3775
0.3548
0.398
0.3522
0.3374
0.3651
0.3809
0.3334
0.3345
0.3697
0.3358
0.3149
0.387
0.3749
0.3703
0.3512
0.3452
0.3594
0.3478
0.3661
0.3399
0.3494
0.339
0.3986
0.3916
0.3619
0.3537
0.3983
0.3688
0.3472
0.33
0.3725
0.3612
0.3659
0.3604
0.3707
0.3677
0.3707
0.3461
0.364
0.3553
0.3655
0.3532
0.3751
0.3843
0.3651
0.3807
0.3411
0.3514
0.3599
0.3865
0.3209
0.3497
0.3728
0.3701
0.3393
0.3755
0.381
0.3724
0.3757
0.3598
0.3247
0.3546
0.3549
0.3562
0.3652
0.3533
0.3533
0.3965
0.383
0.337
0.3394
0.3667
0.3633
0.3991
0.4
0.3878
0.3994
0.3908
0.3985
0.3939
0.3984
0.3994
0.3987
0.396
0.3711
0.3804
0.3823
0.381
0.3935
0.3863
0.3971
0.3958
0.3966
0.397
0.3815
0.3948
0.3996
0.399
0.3988
0.3893
0.3978
0.3924
0.3908
0.3987
0.3977
0.3987
0.3958
0.3648
0.3995
0.3988
0.3977
0.3984
0.3979
0.3866
0.3928
0.3987
0.3965
0.3951
0.3976
0.3498
0.3968
0.3982
0.385
0.3898
0.3803
0.3736
0.39
0.3989
0.3961
0.3977
0.3843
0.3988
0.3597
0.3973
0.3914
0.3989
0.3737
0.3984
0.3846
0.3424
0.3633
0.3985
0.399
0.3903
0.3827
0.3735
0.3852
0.3822
0.3756
0.3994
0.3986
0.4
0.3844
0.3972
0.3584
0.3995
0.3856
0.4
0.397
0.3954
0.3725
0.4
0.3849
0.3978
0.3549
0.3966
0.3991
0.399
0.3974
0.3971
0.3966
0.3959
0.3928
0.3989
0.3989
0.391
0.3973
0.399
0.3979
0.3905
0.3975
0.3627
0.3909
0.3979
0.3964
0.3975
0.396
0.3974
0.3726
0.3978
0.3992
0.3989
0.3989
0.399
0.3987
0.3401
0.398
0.3925
0.3959
0.3862
0.3995
0.3984
0.3985
0.3983
0.3974
0.3983
0.3533
0.3989
0.3816
0.3545
0.3995
0.3916
0.3583
0.3984
0.3982
0.3836
0.3896
0.398
0.3845
0.3989
0.38
0.3667
0.3791
0.3989
0.3795
0.3974
0.3835
0.3789
0.3968
0.3983
0.3968
0.3843
0.3686
0.385
0.3991
0.361
0.3779
0.3978
0.3854
0.3967
0.3992
0.3971
0.3578
0.3994
0.3957
0.3981
0.3963
0.3791
0.3639
0.3986
0.3973
0.394
0.3985
0.3994
0.3964
0.3786
0.3546
0.3832
0.3969
0.3976
0.3965
0.3995
0.3844
0.3985
0.3948
0.3968
0.3649
0.388
0.3995
0.3896
0.3823
0.3707
0.3954
0.3661
0.3981
0.3986
0.397
0.3852
0.3929
0.3974
0.3994
0.3973
0.3988
0.3726
0.3991
0.3264
0.3838
0.3909
0.3995
0.398
0.3958
0.3537
0.3691
0.3959
0.3956
0.3968
0.3441
0.398
0.3988
0.3989
0.3961
0.3962
0.3978
0.3964
0.3769
0.3977
0.3983
0.3731
0.4
0.3912
0.3964
0.3774
0.3984
0.3909
0.3989
0.3814
0.3991
0.38
0.3937
0.3994
0.3985
0.3959
0.3979
0.3981
0.397
0.3986
0.4
0.3893
0.3912
0.3967
0.396
0.3838
0.3991
0.3834
0.3912
0.3965
0.3913
0.3989
0.3979
0.3818
0.3987
0.3996
0.3732
0.3911
0.3955
0.395
0.3704
0.3866
0.3971
0.3977
0.3904
0.3969
0.3515
0.3994
0.3974
0.3985
0.3932
0.3983
0.3966
0.3599
0.3916
0.3975
0.3981
0.3917
0.3976
0.399
0.3901
0.3985
0.3991
0.3988
0.3988
0.4
0.3994
0.3967
0.3787
0.3951
0.387
0.3979
0.397
0.3877
0.3991
0.3861
0.396
0.3959
0.3995
0.3988
0.399
0.3983
0.3979
0.399
0.3897
0.3983
0.3791
0.4
0.3979
0.3869
0.3993
0.3966
0.396
0.3974
0.4
0.3453
0.3989
0.385
0.386
0.4
0.3972
0.3603
0.397
0.3957
0.3585
0.3983
0.398
0.398
0.3976
0.398
0.3844
0.3982
0.3969
0.3983
0.3918
0.387
0.3958
0.3984
0.3824
0.3986
0.4
0.384
0.3994
0.3684
0.3609
0.3956
0.3943
0.3966
0.397
0.3963
0.3959
0.3915
0.3974
0.3399
0.3976
0.3525
0.3974
0.3966
0.3726
0.4
0.3907
0.3995
0.3989
0.3974
0.3951
0.4
0.397
0.3869
0.3855
0.3982
0.3962
0.3885
0.392
0.3937
0.3972
0.3759
0.3984
0.3988
0.3937
0.3798
0.3978
0.3982
0.3625
0.3963
0.3974
0.3845
0.3965
0.3988
0.3915
0.396
0.3814
0.397
0.3982
0.3969
0.392
0.399
0.3822
0.3823
0.3644
0.3976
0.398
0.3762
0.3967
0.3965
0.3984
0.3503
0.3941
0.3933
0.3788
0.362
0.3958
0.3988
0.3844
0.3983
0.3607
0.399
0.3952
0.3745
0.3867
0.3819
0.3977
0.3871
0.3995
0.3996
0.3782
0.3967
0.3777
0.399
0.3989
0.3599
0.3948
0.3867
0.3877
0.3962
0.385
0.3912
0.396
0.3938
0.3937
0.3983
0.3955
0.3884
0.382
0.4
0.3859
0.3989
0.3969
0.3529
0.3995
0.3994
0.372
0.3487
0.39
0.3899
0.3456
0.3984
0.3911
0.3824
0.3968
0.3514
0.398
0.3891
0.3973
0.395
0.3864
0.3937
0.3732
0.3935
0.3932
0.3985
0.3984
0.3978
0.3786
0.3985
0.4
0.3986
0.3978
0.3889
0.399
0.3964
0.3944
0.3987
0.3974
0.3882
0.3956
0.3939
0.3966
0.3975
0.3847
0.3989
0.3995
0.3956
0.3939
0.3734
0.3994
0.3862
0.398
0.362
0.3658
0.399
0.3839
0.3842
0.3968
0.392
0.399
0.392
0.3988
0.3979
0.3981
0.3866
0.3697
0.3977
0.3976
0.3768
0.3979
0.3977
0.3964
0.3995
0.4
0.357
0.3874
0.3929
0.3857
0.3967
0.3983
0.3975
0.3854
0.3971
0.3519
0.3897
0.3982
0.3838
0.3852
0.3809
0.3979
0.4
0.3996
0.3986
0.3992
0.3637
0.399
0.3988
0.3995
0.3972
0.3818
0.3867
0.3954
0.3963
0.3853
0.3984
0.3966
0.3716
0.3996
0.4
0.377
0.4
0.3994
0.3879
0.3951
0.4
0.3941
0.3986
0.3972
0.3987
0.3867
0.3856
0.3825
0.3865
0.3685
0.3985
0.3994
0.3983
0.394
0.3964
0.4
0.398
0.3758
0.398
0.3995
0.3849
0.3987
0.3985
0.3951
0.398
0.3968
0.3967
0.3834
0.3988
0.399
0.3902
0.3902
0.388
0.3969
0.381
0.3978
0.3965
0.3661
0.3959
0.3837
0.3956
0.3984
0.398
0.3968
0.398
0.3883
0.3942
0.3963
0.3931
0.3919
0.3843
0.3849
0.3912
0.399
0.3994
0.3838
0.3974
0.3991
0.3973
0.3991
0.379
0.3991
0.3955
0.3205
0.3339
0.3995
0.4
0.3965
0.4
0.3515
0.3454
0.3911
0.3966
0.3991
0.3794
0.3965
0.3985
0.3963
0.3963
0.3391
0.3996
0.398
0.3911
0.4
0.3667
0.3595
0.3938
0.3976
0.3917
0.3745
0.3908
0.398
0.3522
0.3988
0.3975
0.3773
0.3988
0.38
0.3995
0.3909
0.3978
0.3982
0.399
0.3982
0.353
0.3962
0.3996
0.3813
0.3949
0.3991
0.3973
0.3972
0.391
0.384
0.3951
0.3986
0.3666
0.3905
0.3974
0.3915
0.389
0.3854
0.3986
0.3986
0.3983
0.3995
0.3669
0.3979
0.3989
0.3764
0.3981
0.3987
0.381
0.393
0.3976
0.3966
0.3947
0.399
0.3995
0.3962
0.3984
0.3949
0.398
0.3977
0.3989
0.3989
0.3625
0.3809
0.3959
0.3787
0.3989
0.3995
0.3968
0.3973
0.3878
0.3955
0.3986
0.3865
0.3924
0.3864
0.3911
0.3972
0.3979
0.3858
0.3985
0.3972
0.3837
0.3978
0.3978
0.3856
0.3985
0.399
0.3964
0.3943
0.3983
0.385
0.3929
0.3964
0.3991
0.3974
0.37
0.3961
0.3987
0.3989
0.3956
0.3968
0.3967
0.3952
0.3813
0.3674
0.3985
0.3939
0.3994
0.3961
0.3853
0.3988
0.3948
0.3963
0.3985
0.3864
0.3959
0.3972
0.3568
0.3872
0.3976
0.3863
0.4
0.3978
0.3757
0.3903
0.3791
0.3963
0.3972
0.3979
0.3976
0.3991
0.367
0.3586
0.3957
0.3981
0.3974
0.3977
0.3916
0.3862
0.3987
0.3974
0.3988
0.3978
0.385
0.3955
0.3978
0.3991
0.3995
0.3994
0.3883
0.3969
0.3987
0.399
0.3909
0.3764
0.3963
0.3994
0.3817
0.385
0.3988
0.3995
0.3832
0.3751
0.3975
0.3978
0.3971
0.3824
0.3923
0.3963
0.3968
0.3832
0.3861
0.3841
0.3852
0.3985
0.3828
0.3965
0.3988
0.385
0.3979
0.3989
0.3884
0.3994
0.399
0.3774
0.3736
0.3958
0.3643
0.3985
0.3988
0.3962
0.3956
0.3868
0.3975
0.3956
0.3977
0.3978
0.3967
0.3986
0.3988
0.3806
0.3772
0.3704
0.3995
0.3987
0.3785
0.3527
0.3948
0.3854
0.3975
0.3944
0.3996
0.3994
0.3953
0.3746
0.369
0.3972
0.3967
0.398
0.3975
0.3949
0.3995
0.3821
0.3662
0.3985
0.3888
0.3994
0.3821
0.396
0.3994
0.3941
0.397
0.398
0.3975
0.3986
0.3982
0.3973
0.3824
0.3945
0.3906
0.3925
0.397
0.3956
0.399
0.3996
0.3512
0.3967
0.399
0.3971
0.3986
0.3996
0.3975
0.399
0.3974
0.3779
0.3956
0.3776
0.3694
0.3996
0.3915
0.3398
0.3893
0.3985
0.3886
0.3969
0.3983
0.3964
0.3504
0.3995
0.398
0.3768
0.3541
0.3523
0.3985
0.3542
0.3948
0.3982
0.3704
0.3964
0.3845
0.3976
0.3979
0.3845
0.3694
0.3634
0.3398
0.3977
0.3985
0.381
0.3973
0.3983
0.386
0.3975
0.3987
0.4
0.3996
0.3978
0.3843
0.3972
0.3972
0.3961
0.3974
0.3969
0.3896
0.3986
0.3972
0.3875
0.3855
0.39
0.398
0.3716
0.3956
0.3819
0.3967
0.399
0.3964
0.3845
0.3845
0.399
0.3736
0.3986
0.3993
0.3976
0.3966
0.3841
0.3927
0.3908
0.3985
0.3982
0.3973
0.3811
0.3683
0.3967
0.3955
0.3872
0.3989
0.397
0.3957
0.3854
0.361
0.3983
0.3879
0.3666
NA
NA
NA
NA
NA
NA
NA
NA
NA
NA
NA
NA
NA
NA
NA
NA
NA
NA
NA
NA
NA
NA
NA
NA
NA
NA
NA
NA
NA
NA
NA
NA
NA
NA
NA
NA
NA
NA
NA
NA
NA
NA
NA
NA
NA
NA
NA
NA
NA
NA
NA
NA
NA
NA
NA
NA
NA
NA
NA
NA
NA
NA
NA
NA
NA
NA
NA
NA
NA
NA
NA
NA
NA
NA
NA
NA
NA
NA
NA
NA
NA
NA
NA
NA
NA
NA
NA
NA
NA
NA
NA
NA
NA
NA
NA
NA
NA
NA
NA
NA
NA
NA
NA
NA
NA
NA
NA
NA
NA
NA
NA
NA
NA
NA
NA
NA
NA
NA
NA
NA
NA
NA
NA
NA
NA
NA
NA
NA
NA
NA
NA
NA
NA
NA
NA
NA
NA
NA
NA
NA
NA
NA
NA
NA
NA
NA
NA
NA
NA
NA
NA
NA
NA
NA
NA
NA
NA
NA
NA
NA
NA
NA
NA
NA
NA
NA
NA
NA
NA
NA
NA
NA
NA
NA
NA
NA
NA
NA
NA
NA
NA
NA
NA
NA
NA
NA
NA
NA
NA
NA
NA
NA
NA
NA
NA
NA
NA
NA
NA
NA
NA
NA
NA
NA
NA
NA
NA
NA
NA
NA
NA
NA
NA
NA
NA
NA
NA
NA
NA
NA
NA
NA
NA
NA
NA
NA
NA
NA
NA
NA
NA
NA
NA
NA
NA
NA
NA
NA
NA
NA
NA
NA
NA
NA
NA
NA
NA
NA
NA
NA
NA
NA
NA
NA
NA
NA
NA
NA
NA
NA
NA
NA
NA
NA
NA
NA
NA
NA
NA
NA
NA
NA
NA
NA
NA
NA
NA
NA
NA
NA
NA
NA
NA
NA
NA
NA
NA
NA
NA
NA
NA
NA
NA
NA
NA
NA
NA
NA
NA
NA
NA
NA
NA
NA
NA
NA
NA
NA
NA
NA
NA
NA
NA
NA
NA
NA
NA
NA
NA
NA
NA
NA
NA
NA
NA
NA
NA
NA
NA
NA
NA
NA
NA
NA
NA
NA
NA
NA
NA
NA
NA
NA
NA
NA
NA
NA
NA
NA
NA
NA
NA
NA
NA
NA
NA
NA
NA
NA
NA
NA
NA
NA
NA
NA
NA
NA
NA
NA
NA
NA
NA
NA
NA
NA
NA
NA
NA
NA
NA
NA
NA
NA
NA
NA
NA
NA
NA
NA
NA
NA
NA
NA
NA
NA
NA
NA
NA
NA
NA
NA
NA
NA
NA
NA
NA
NA
NA
NA
NA
NA
NA
NA
NA
NA
NA
NA
NA
NA
NA
NA
NA
NA
NA
NA
NA
NA
NA
NA
NA
NA
NA
NA
NA
NA
NA
NA
NA
NA
NA
NA
NA
NA
NA
NA
NA
NA
NA
NA
NA
NA
NA
NA
NA
NA
NA
NA
NA
NA
NA
NA
NA
NA
NA
NA
NA
NA
NA
NA
NA
NA
NA
NA
NA
NA
NA
NA
NA
NA
NA
NA
NA
NA
NA
NA
NA
NA
NA
NA
NA
NA
NA
NA
NA
NA
NA
NA
NA
NA
NA
NA
NA
NA
NA
NA
NA
NA
NA
NA
NA
NA
NA
NA
NA
NA
NA
NA
NA
NA
NA
NA
NA
NA
NA
NA
NA
NA
NA
NA
NA
NA
NA
NA
NA
NA
NA
NA
NA
NA
NA
NA
NA
NA
NA
NA
NA
NA
NA
NA
NA
NA
NA
NA
NA
NA
NA
NA
NA
NA
NA
NA
NA
NA
NA
NA
NA
NA
NA
NA
NA
NA
NA
NA
NA
NA
NA
NA
NA
NA
NA
NA
NA
NA
NA
NA
NA
NA
NA
NA
NA
NA
NA
NA
NA
NA
NA
NA
NA
NA
NA
NA
NA
NA
NA
NA
NA
NA
NA
NA
NA
NA
NA
NA
NA
NA
NA
NA
NA
NA
NA
NA
NA
NA
NA
NA
NA
NA
NA
NA
NA
NA
NA
NA
NA
NA
NA
NA
NA
NA
NA
NA
NA
NA
NA
NA
NA
NA
NA
NA
NA
NA
NA
NA
NA
NA
NA
NA
NA
NA
NA
NA
NA
NA
NA
NA
NA
NA
NA
NA
NA
NA
NA
NA
NA
NA
NA
NA
NA
NA
NA
NA
NA
NA
NA
NA
NA
NA
NA
NA
NA
NA
NA
NA
NA
NA
NA
NA
NA
NA
NA
NA
NA
NA
NA
NA
NA
NA
NA
NA
NA
NA
NA
NA
NA
NA
NA
NA
NA
NA
NA
NA
NA
NA
NA
NA
NA
NA
NA
NA
NA
NA
NA
NA
NA
NA
NA
NA
NA
NA
NA
NA
NA
NA
NA
NA
NA
NA
NA
NA
NA
NA
NA
NA
NA
NA
NA
NA
NA
NA
NA
NA
NA
NA
NA
NA
NA
NA
NA
NA
NA
NA
NA
NA
NA
NA
NA
NA
NA
NA
NA
NA
NA
NA
NA
NA
NA
NA
NA
NA
NA
NA
NA
NA
NA
NA
NA
NA
NA
NA
NA
NA
NA
NA
NA
NA
NA
NA
NA
NA
NA
NA
NA
NA
NA
NA
NA
NA
NA
NA
NA
NA
NA
NA
NA
NA
NA
NA
NA
NA
NA
NA
NA
NA
NA
NA
NA
NA
NA
NA
NA
NA
NA
NA
NA
NA
NA
NA
NA
NA
NA
NA
NA
NA
NA
NA
NA
NA
NA
NA
NA
NA
NA
NA
NA
NA
NA
NA
NA
NA
NA
NA
NA
NA
NA
NA
NA
NA
NA
NA
NA
NA
NA
NA
NA
NA
NA
NA
NA
NA
NA
NA
NA
NA
NA
NA
NA
NA
NA
NA
NA
NA
NA
NA
NA
NA
NA
NA
NA
NA
NA
NA
NA
NA
NA
NA
NA
NA
NA
NA
NA
NA
NA
NA
NA
NA
NA
NA
NA
NA
NA
NA
NA
NA
NA
NA
NA
NA
NA
NA
NA
NA
NA
NA
NA
NA
NA
NA
NA
NA
NA
NA
NA
NA
NA
NA
NA
NA
NA
NA
NA
NA
NA
NA
NA
NA
NA
NA
NA
NA
NA
NA
NA
NA
NA
NA
NA
NA
NA
NA
NA
NA
NA
NA
NA
NA
NA
NA
NA
NA
NA
NA
NA
NA
NA
NA
NA
NA
NA
NA
NA
NA
NA
NA
NA
NA
NA
NA
NA
NA
NA
NA
NA
NA
NA
NA
NA
NA
NA
NA
NA
NA
NA
NA
NA
NA
NA
NA
NA
NA
NA
NA
NA
NA
NA
NA
NA
NA
NA
NA
NA
NA
NA
NA
NA
NA
NA
NA
NA
NA
NA
NA
NA
NA
NA
NA
NA
NA
NA
NA
NA
NA
NA
NA
NA
NA
NA
NA
NA
NA
NA
NA
NA
NA
NA
NA
NA
NA
NA
NA
NA
NA
NA
NA
NA
NA
NA
NA
NA
NA
NA
NA
NA
NA
NA
NA
NA
NA
NA
NA
NA
NA
NA
NA
NA
NA
NA
NA
NA
NA
NA
NA
NA
NA
NA
NA
NA
NA
NA
NA
NA
NA
NA
NA
NA
NA
NA
NA
NA
NA
NA
NA
NA
NA
NA
NA
NA
NA
NA
NA
NA
NA
NA
NA
NA
NA
NA
NA
NA
NA
NA
NA
NA
NA
NA
NA
NA
NA
NA
NA
NA
NA
NA
NA
NA
NA
NA
NA
NA
NA
NA
NA
NA
NA
NA
NA
NA
NA
NA
NA
NA
NA
NA
NA
NA
NA
NA
NA
NA
NA
NA
NA
NA
NA
NA
NA
NA
NA
NA
NA
NA
NA
NA
NA
NA
NA
NA
NA
NA
NA
NA
NA
NA
NA
NA
NA
NA
NA
NA
NA
NA
NA
NA
NA
NA
NA
NA
NA
NA
NA
NA
NA
NA
NA
NA
NA
NA
NA
NA
NA
NA
NA
NA
NA
NA
NA
NA
NA
NA
NA
NA
NA
NA
NA
NA
NA
NA
NA
NA
NA
NA
NA
NA
NA
NA
NA
NA
NA
NA
NA
NA
NA
NA
NA
NA
NA
NA
NA
NA
NA
NA
NA
NA
NA
NA
NA
NA
NA
NA
NA
NA
NA
NA
NA
NA
NA
NA
NA
NA
NA
NA
NA
NA
NA
NA
NA
NA
NA
NA
NA
NA
NA
NA
NA
NA
NA
NA
NA
NA
NA
NA
NA
NA
NA
NA
NA
NA
NA
NA
NA
NA
NA
NA
NA
NA
NA
NA
NA
NA
NA
NA
NA
NA
NA
NA
NA
NA
NA
NA
NA
NA
NA
NA
NA
NA
NA
NA
NA
NA
NA
NA
NA
NA
NA
NA
NA
NA
NA
NA
NA
NA
NA
NA
NA
NA
NA
NA
NA
NA
NA
NA
NA
NA
NA
NA
NA
NA
NA
NA
NA
NA
NA
NA
NA
NA
NA
NA
NA
NA
NA
NA
NA
NA
NA
NA
NA
NA
NA
NA
NA
NA
NA
NA
NA
NA
NA
NA
NA
NA
NA
NA
NA
NA
NA
NA
NA
NA
NA
NA
NA
NA
NA
NA
NA
NA
NA
NA
NA
NA
NA
NA
NA
NA
NA
NA
NA
NA
NA
NA
NA
NA
NA
NA
NA
NA
NA
NA
NA
NA
NA
NA
NA
NA
NA
NA
NA
NA
NA
NA
NA
NA
NA
NA
NA
NA
NA
NA
NA
NA
NA
NA
NA
NA
NA
NA
NA
NA
NA
NA
NA
NA
NA
NA
NA
NA
NA
NA
NA
NA
NA
NA
NA
NA
NA
NA
NA
NA
NA
NA
NA
NA
NA
NA
NA
NA
NA
NA
NA
NA
NA
NA
NA
NA
NA
NA
NA
NA
NA
NA
NA
NA
NA
NA
NA
NA
NA
NA
NA
NA
NA
NA
NA
NA
NA
NA
NA
NA
NA
NA
NA
NA
NA
NA
NA
NA
NA
NA
NA
NA
NA
NA
NA
NA
NA
NA
NA
NA
NA
NA
NA
NA
NA
NA
NA
NA
NA
NA
NA
NA
NA
NA
NA
NA
NA
NA
NA
NA
NA
NA
NA
NA
NA
NA
NA
NA
NA
NA
NA
NA
NA
NA
NA
NA
NA
NA
NA
NA
NA
NA
NA
NA
NA
NA
NA
NA
NA
NA
NA
NA
NA
NA
NA
NA
NA
NA
NA
NA
NA
NA
NA
NA
NA
NA
NA
NA
NA
NA
NA
NA
NA
NA
NA
NA
NA
NA
NA
NA
NA
NA
NA
NA
NA
NA
NA
NA
NA
NA
NA
NA
NA
NA
NA
NA
NA
NA
NA
NA
NA
NA
NA
NA
NA
NA
NA
NA
NA
NA
NA
NA
NA
NA
NA
NA
NA
NA
NA
NA
NA
NA
NA
NA
NA
NA
NA
NA
NA
NA
NA
NA
NA
NA
NA
NA
NA
NA
NA
NA
NA
NA
NA
NA
NA
NA
NA
NA
NA
NA
NA
NA
NA
NA
NA
NA
NA
NA
NA
NA
NA
NA
NA
NA
NA
NA
NA
NA
NA
NA
NA
NA
NA
NA
NA
NA
NA
NA
NA
NA
NA
NA
NA
NA
NA
NA
NA
NA
NA
NA
NA
NA
NA
NA
NA
NA
NA
NA
NA
NA
NA
NA
NA
NA
NA
NA
NA
NA
NA
NA
NA
NA
NA
NA
NA
NA
NA
NA
NA
NA
NA
NA
NA
NA
NA
NA
NA
NA
NA
NA
NA
NA
NA
NA
NA
NA
NA
NA
NA
NA
NA
NA
NA
NA
NA
NA
NA
NA
NA
NA
NA
NA
NA
NA
NA
NA
NA
NA
NA
NA
NA
NA
NA
NA
NA
NA
NA
NA
NA
NA
NA
NA
NA
NA
NA
NA
NA
NA
NA
NA
NA
NA
NA
NA
NA
NA
NA
NA
NA
NA
NA
NA
NA
NA
NA
NA
NA
NA
NA
NA
NA
NA
NA
NA
NA
NA
NA
NA
NA
NA
NA
NA
NA
NA
NA
NA
NA
NA
NA
NA
NA
NA
NA
NA
NA
NA
NA
NA
NA
NA
NA
NA
NA
NA
NA
NA
NA
NA
NA
NA
NA
NA
NA
NA
NA
NA
NA
NA
NA
NA
NA
NA
NA
NA
NA
NA
NA
NA
NA
NA
NA
NA
NA
NA
NA
NA
NA
NA
NA
NA
NA
NA
NA
NA
NA
NA
NA
NA
NA
NA
NA
NA
NA
NA
NA
NA
NA
NA
NA
NA
NA
NA
NA
NA
NA
NA
NA
NA
NA
NA
NA
NA
NA
NA
NA
NA
NA
NA
NA
NA
NA
NA
NA
NA
NA
NA
NA
NA
NA
NA
NA
NA
NA
NA
NA
NA
NA
NA
NA
NA
NA
NA
NA
NA
NA
NA
NA
NA
NA
NA
NA
NA
NA
NA
NA
NA
NA
NA
NA
NA
NA
NA
NA
NA
NA
NA
NA
NA
NA
NA
NA
NA
NA
NA
NA
NA
NA
NA
NA
NA
NA
NA
NA
NA
NA
NA
NA
NA
NA
NA
NA
NA
NA
NA
NA
NA
NA
NA
NA
NA
NA
NA
NA
NA
NA
NA
NA
NA
NA
NA
NA
NA
NA
NA
NA
NA
NA
NA
NA
NA
NA
NA
NA
NA
NA
NA
NA
NA
NA
NA
NA
NA
NA
NA
NA
NA
NA
NA
NA
NA
NA
NA
NA
NA
NA
NA
NA
NA
NA
NA
NA
NA
NA
NA
NA
NA
NA
NA
NA
NA
NA
NA
NA
NA
NA
NA
NA
NA
NA
NA
NA
NA
NA
NA
NA
NA
NA
NA
NA
NA
NA
NA
NA
NA
NA
NA
NA
NA
NA
NA
NA
NA
NA
NA
NA
NA
NA
NA
NA
NA
NA
NA
NA
NA
NA
NA
NA
NA
NA
NA
NA
NA
NA
NA
NA
NA
NA
NA
NA
NA
NA
NA
NA
NA
NA
NA
NA
NA
NA
NA
NA
NA
NA
NA
NA
NA
NA
NA
NA
NA
NA
NA
NA
NA
NA
NA
NA
NA
NA
NA
NA
NA
NA
NA
NA
NA
NA
NA
NA
NA
NA
NA
NA
NA
NA
NA
NA
NA
NA
NA
NA
NA
NA
NA
NA
NA
NA
NA
NA
NA
NA
NA
NA
NA
NA
NA
NA
NA
NA
NA
NA
NA
NA
NA
NA
NA
NA
NA
NA
NA
NA
NA
NA
NA
NA
NA
NA
NA
NA
NA
NA
NA
NA
NA
NA
NA
NA
NA
NA
NA
NA
NA
NA
NA
NA
NA
NA
NA
NA
NA
NA
NA
NA
NA
NA
NA
NA
NA
NA
NA
NA
NA
NA
NA
NA
NA
NA
NA
NA
NA
NA
NA
NA
NA
NA
NA
NA
NA
NA
NA
NA
NA
NA
NA
NA
NA
NA
NA
NA
NA
NA
NA
NA
NA
NA
NA
NA
NA
NA
NA
NA
NA
NA
NA
NA
NA
NA
NA
NA
NA
NA
NA
NA
NA
NA
NA
NA
NA
NA
NA
NA
NA
NA
NA
NA
NA
NA
NA
NA
NA
NA
NA
NA
NA
NA
NA
NA
NA
NA
NA
NA
NA
NA
NA
NA
NA
NA
NA
NA
NA
NA
NA
NA
NA
NA
NA
NA
NA
NA
NA
NA
NA
NA
NA
NA
NA
NA
NA
NA
NA
NA
NA
NA
NA
NA
NA
NA
NA
NA
NA
NA
NA
NA
NA
NA
NA
NA
NA
NA
NA
NA
NA
NA
NA
NA
NA
NA
NA
NA
NA
NA
NA
NA
NA
NA
NA
NA
NA
NA
NA
NA
NA
NA
NA
NA
NA
NA
NA
NA
NA
NA
NA
NA
NA
NA
NA
NA
NA
NA
NA
NA
NA
NA
NA
NA
NA
NA
NA
NA
NA
NA
NA
NA
NA
NA
NA
NA
NA
NA
NA
NA
NA
NA
NA
NA
NA
NA
NA
NA
NA
NA
NA
NA
NA
NA
NA
NA
NA
NA
NA
NA
NA
NA
NA
NA
NA
NA
NA
NA
NA
NA
NA
NA
NA
NA
NA
NA
NA
NA
NA
NA
NA
NA
NA
NA
NA
NA
NA
NA
NA
NA
NA
NA
NA
NA
NA
NA
NA
NA
NA
NA
NA
NA
NA
NA
NA
NA
NA
NA
NA
NA
NA
NA
NA
NA
NA
NA
NA
NA
NA
NA
NA
NA
NA
NA
NA
NA
NA
NA
NA
NA
NA
NA
NA
NA
NA
NA
NA
NA
NA
NA
NA
NA
NA
NA
NA
NA
NA
NA
NA
NA
NA
NA
NA
NA
NA
NA
NA
NA
NA
NA
NA
NA
NA
NA
NA
NA
NA
NA
NA
NA
NA
NA
NA
NA
NA
NA
NA
NA
NA
NA
NA
NA
NA
NA
NA
NA
NA
NA
NA
NA
NA
NA
NA
NA
NA
NA
NA
NA
NA
NA
NA
NA
NA
NA
NA
NA
NA
NA
NA
NA
NA
NA
NA
NA
NA
NA
NA
NA
NA
NA
NA
NA
NA
NA
NA
NA
NA
NA
NA
NA
NA
NA
NA
NA
NA
NA
NA
NA
NA
NA
NA
NA
NA
NA
NA
NA
NA
NA
NA
NA
NA
NA
NA
NA
NA
NA
NA
NA
NA
NA
NA
NA
NA
NA
NA
NA
NA
NA
NA
NA
NA
NA
NA
NA
NA
NA
NA
NA
NA
NA
NA
NA
NA
NA
NA
NA
NA
NA
NA
NA
NA
NA
NA
NA
NA
NA
NA
NA
NA
NA
NA
NA
NA
NA
NA
NA
NA
NA
NA
NA
NA
NA
NA
NA
NA
NA
NA
NA
NA
NA
NA
NA
NA
NA
NA
NA
NA
NA
NA
NA
NA
NA
NA
NA
NA
NA
NA
NA
NA
NA
NA
NA
NA
NA
NA
NA
NA
NA
NA
NA
NA
NA
NA
NA
NA
NA
NA
NA
NA
NA
NA
NA
NA
NA
NA
NA
NA
NA
NA
NA
NA
NA
NA
NA
NA
NA
NA
NA
NA
NA
NA
NA
NA
NA
NA
NA
NA
NA
NA
NA
NA
NA
NA
NA
NA
NA
NA
NA
NA
NA
NA
NA
NA
NA
NA
NA
NA
NA
NA
NA
NA
NA
NA
NA
NA
NA
NA
NA
NA
NA
NA
NA
NA
NA
NA
NA
NA
NA
NA
NA
NA
NA
NA
NA
NA
NA
NA
NA
NA
NA
NA
NA
NA
NA
NA
NA
NA
NA
NA
NA
NA
NA
NA
NA
NA
NA
NA
NA
NA
NA
NA
NA
NA
NA
NA
NA
NA
NA
NA
NA
NA
NA
NA
NA
NA
NA
NA
NA
NA
NA
NA
NA
NA
NA
NA
NA
NA
NA
NA
NA
NA
NA
NA
NA
NA
NA
NA
NA
NA
NA
NA
NA
NA
NA
NA
NA
NA
NA
NA
NA
NA
NA
NA
NA
NA
NA
NA
NA
NA
NA
NA
NA
NA
NA
NA
NA
NA
NA
NA
NA
NA
NA
NA
NA
NA
NA
NA
NA
NA
NA
NA
NA
NA
NA
NA
NA
NA
NA
NA
NA
NA
NA
NA
NA
0.4719
0.321
0.3226
0.4225
0.2299
0.4648
0.5286
0.5797
0.4308
0.4
0.5926
0.5634
0.2361
0.3485
0.383
0.45
0.4024
0.5577
0.3011
0.4133
0.3968
0.2738
0.5312
0.3137
0.25
0.3953
0.4058
0.5556
0.3163
0.287
0.4767
0.4432
0.557
0.5
0.4783
0.3478
0.4242
0.3488
0.4595
0.6418
0.4545
0.129
0.4444
0.5426
0.7241
0.2
0.4545
0.3438
0.2872
0.5735
0.2857
0.7794
0.3194
0.3488
0.3662
0.4625
0.4938
0.52
0.3804
0.6964
0.7188
0.2737
0.3286
0.3542
0.3692
0.275
0.5385
0.5091
0.5741
0.5758
0.3867
0.3617
0.2921
0.5942
0.6761
0.4474
0.8103
0.6316
0.3173
0.4394
0.6076
0.6026
0.381
0.5
0.3913
0.314
0.3086
0.375
0.2714
0.5176
0.2556
0.6491
0.5488
0.382
0.6143
0.3425
0.5063
0.4643
0.3158
0.1829
0.4923
0.6471
0.2444
0.3933
0.4304
0.4348
0.2841
0.3158
0.4024
0.25
0.3194
0.4937
0.5733
0.2632
0.4304
0.4625
0.2368
0.433
0.493
0.2927
0.6857
0.4318
0.5244
0.4459
0.3718
0.2805
0.5469
0.56
0.3131
0.4366
0.2429
0.4789
0.4658
0.7073
0.2051
0.3111
0.4143
0.5
0.3151
0.4167
0.5526
0.4328
0.3793
0.4146
0.5833
0.5538
0.3974
0.3158
0.4706
0.3947
0.4545
0.3506
0.2136
0.3647
0.2421
0.1509
0.6667
0.4921
0.3108
0.3235
0.4048
0.3478
0.3239
0.275
0.5556
0.1892
0.2875
0.2857
0.4433
0.6471
0.5606
0.4124
0.5595
0.4915
0.4667
0.4568
0.407
0.5538
0.3537
0.325
0.4412
0.4938
0.4167
0.4533
0.5325
0.4359
0.4359
0.4038
0.3012
0.5147
0.7612
0.5588
0.4737
0.5135
0.4
0.3171
0.3415
0.6207
0.475
0.3407
0.7973
0.4795
0.4713
0.4096
0.4932
0.5763
0.4625
0.5385
0.5429
0.1963
0.3736
0.2323
0.7733
0.4828
0.2368
0.3537
0.7097
0.3131
0.4754
0.5301
0.4943
0.1739
0.5763
0.661
0.4861
0.4118
0.2432
0.4474
0.7027
0.3766
0.4713
0.527
0.4432
0.4429
0.2626
0.5593
0.2927
0.427
0.2771
0.3784
0.25
0.525
0.4079
0.5116
0.6296
0.3896
0.5588
0.3049
0.4557
0.6418
0.3537
0.3068
0.2903
0.5455
0.3253
0.3069
0.2569
0.2118
0.2614
0.4607
0.5493
0.3218
0.5714
0.3919
0.5758
0.2288
0.8095
0.4824
0.2717
0.3855
0.4342
0.3924
0.3103
0.4444
0.4844
0.2963
0.5797
0.3253
0.3178
0.4667
0.2639
0.2222
0.475
0.3735
0.3372
0.629
0.4487
0.4444
0.5352
0.3951
0.2979
0.4058
0.4321
0.3971
0.5
0.4471
0.4085
0.5441
0.6418
0.5758
0.3375
0.8077
0.321
0.3837
0.5342
0.3636
0.4923
0.3023
0.3011
0.5441
0.3636
0.6197
0.3
0.55
0.2371
0.5263
0.4588
0.3056
0.3265
0.3704
0.375
0.3889
0.4217
0.7679
0.2432
0.303
0.4557
0.2111
0.7188
0.4394
0.3649
0.3729
0.25
0.4648
0.4559
0.4458
0.2329
0.337
0.3824
0.3086
0.4
0.4308
0.5139
0.358
0.378
0.3973
0.31
0.2526
0.5116
0.5536
0.5758
0.8772
0.4872
0.3085
0.5067
0.4143
0.5128
0.5167
0.5152
0.4918
0.5647
0.48
0.3056
0.4
0.3619
0.2959
0.5326
0.5556
0.4789
0.2069
0.275
0.2963
0.2772
0.3205
0.3152
0.338
0.4167
0.1573
0.4691
0.3889
0.7164
0.473
0.3452
0.4744
0.2222
0.369
0.4268
0.66
0.2766
0.6471
0.5843
0.6393
0.65
0.1786
0.4074
0.8197
0.3117
0.3626
0.186
0.6667
0.2676
0.473
0.4943
0.325
0.4194
0.5833
0.5256
0.1935
0.6429
0.6471
0.3425
0.3394
0.6234
0.473
0.1978
0.2872
0.8182
0.4306
0.6392
0.3699
0.3636
0.5333
0.4643
0.807
0.4565
0.4933
0.4118
0.4205
0.6029
0.3297
0.4051
0.4211
0.5915
0.2976
0.3099
0.3678
0.2604
0.4483
0.2073
0.8947
0.3488
0.4054
0.3154
0.325
0.2111
0.4638
0.4915
0.4324
0.4024
0.2062
0.2083
0.2143
0.4308
0.5588
0.4133
0.5
0.191
0.557
0.3243
0.7714
0.6538
0.5
0.6269
0.4471
0.4605
0.3776
0.3043
0.7222
0.56
0.4667
0.2828
0.5156
0.2929
0.2391
0.5065
0.6852
0.3506
0.3571
0.5823
0.4844
0.5345
0.1548
0.3662
0.44
0.2903
0.4533
0.1867
0.3478
0.5125
0.4125
0.2706
0.3929
0.4878
0.2597
0.234
0.4143
0.4471
0.3
0.7895
0.5417
0.5658
0.5063
0.2632
0.3125
0.6481
0.4471
0.5342
0.4839
0.5493
0.234
0.3049
0.697
0.4684
0.6087
0.4795
0.4556
0.2759
0.4722
0.3333
0.7069
0.375
0.2157
0.2278
0.359
0.5775
0.5294
0.4085
0.3333
0.2237
0.4684
0.5128
0.3125
0.4805
0.4688
0.2527
0.375
0.4091
0.5714
0.52
0.3222
1.0444
0.5233
0.494
0.5696
0.2472
0.6071
0.3896
0.3684
0.5233
0.1909
0.4321
0.3048
0.3579
0.2683
0.5156
0.4805
0.411
0.2234
0.4085
0.5161
0.3294
0.5
0.4342
0.6094
0.25
0.3368
0.4058
0.4125
0.4194
0.4328
0.2027
0.1339
0.3232
0.6618
0.2584
0.3409
0.3222
0.4524
0.5441
0.4918
0.4342
0.3333
0.2743
0.3714
0.5606
0.4844
0.4267
0.3837
0.4805
0.4267
0.3289
0.4578
0.2941
0.4494
0.3649
0.3766
0.4074
0.4595
0.45
0.3056
0.4615
0.2727
0.4507
0.2826
0.4651
0.3699
0.375
0.7188
0.3718
0.4098
0.6324
0.6379
0.4048
0.806
0.614
0.6462
0.6197
0.6119
0.6825
0.4483
0.4658
0.1932
0.4933
0.6395
0.3684
0.2706
0.5652
0.3906
0.4359
0.4318
0.5714
0.4086
0.4
0.2584
0.1685
0.8254
0.7206
0.5714
0.2527
0.369
0.6308
0.4684
0.5714
0.5735
0.4328
0.4881
0.2925
0.4043
0.4026
0.5862
0.3465
0.9104
0.5287
0.4605
0.2674
0.4348
0.4253
0.56
0.375
0.6875
0.3571
0.4872
0.3875
0.8143
0.5616
0.5699
0.2658
0.8491
0.2473
0.186
0.4051
0.2697
0.3766
0.3034
0.3797
0.3056
0.3977
0.4227
0.5222
0.8305
0.2785
0.4118
0.3678
0.3627
0.2584
0.5641
0.5584
0.2088
0.4179
0.3375
0.5679
0.803
0.2778
0.253
0.3218
0.4167
0.4533
0.2688
0.5506
0.2021
0.2794
0.3053
0.3253
0.4884
0.3882
0.1852
0.4796
0.4865
0.4923
0.3924
0.2529
0.5
0.5
0.6154
0.2
0.3679
0.2059
0.3649
0.6667
0.3731
0.3299
0.4938
0.3205
0.675
0.4167
0.7826
0.2857
0.5055
0.4667
0.4167
0.2651
0.2927
0.322
0.6034
0.4111
0.4783
0.5733
0.3784
0.3067
0.4789
0.3421
0.233
0.3875
0.5205
0.4941
0.2692
0.5843
0.4074
0.2609
0.3623
0.5977
0.5974
0.6
0.2745
0.2222
0.4143
0.4932
0.5694
0.2143
0.6552
0.3867
0.6986
0.4286
0.5
0.7324
0.717
0.3875
0.4478
0.2286
0.2647
0.6667
0.4933
0.4933
0.4186
0.3467
0.3111
0.6393
0.4571
0.3889
0.2874
0.5493
0.5469
0.8636
0.8983
0.2195
0.4348
0.5152
0.5867
0.3448
0.6447
0.4875
0.3457
0.3425
0.2639
0.3095
0.4478
0.4253
0.3514
0.5246
0.413
0.6324
0.5479
0.3733
0.5056
0.4722
0.3056
0.2604
0.4235
0.5714
0.3544
0.2396
0.4125
0.45
0.4062
0.6806
0.5185
0.4697
0.4026
0.4507
0.4588
0.6364
0.6032
0.3913
0.6
0.2317
0.2432
0.5455
0.6286
0.3196
0.569
0.4583
0.4737
0.4353
0.4375
0.5233
0.5222
0.2397
0.5352
0.2857
0.3067
0.6974
1.1356
0.7069
0.4024
0.5125
0.4337
0.3472
0.4478
0.5
0.4681
0.3766
0.5818
0.2842
0.358
0.4828
0.5698
0.3423
0.5672
0.7532
0.56
0.4416
0.4127
0.4625
0.6667
0.4561
0.4337
0.4103
0.32
0.3107
0.3973
0.6957
0.3824
0.6053
0.6104
0.1981
0.52
0.1333
0.4154
0.3418
0.5217
0.6714
0.52
0.2949
0.6562
0.7179
0.6308
0.3636
0.5278
0.7042
0.2927
0.23
0.5238
0.3372
0.3077
0.2099
0.6176
0.375
0.4125
0.2605
0.3977
0.3133
0.2745
0.8243
0.6351
0.4146
0.6308
0.5114
0.2917
0.4474
0.6301
0.3191
0.7797
0.3472
0.4079
0.3465
0.3298
0.6
0.6786
0.3488
0.4267
0.3544
0.4844
0.2157
0.7188
0.44
0.7826
0.325
0.4521
0.6351
0.3714
0.8088
0.3611
0.2683
0.6447
0.5143
0.3836
0.6571
0.95
0.2632
0.2626
0.3247
0.36
0.6842
0.4699
0.4868
0.3409
0.4625
0.3485
0.5632
0.5595
0.3696
0.3247
0.3529
0.6029
0.314
0.4615
0.6575
0.4342
0.5
0.3108
0.3258
0.5147
0.5139
0.52
0.5818
0.4375
0.4189
0.3614
0.875
0.2556
0.5915
0.481
0.1683
0.4684
0.4795
0.4026
0.2826
0.7429
0.3968
0.3218
0.2054
0.5352
0.527
0.3605
0.2771
0.5902
0.4125
0.7015
0.4085
0.5513
0.3444
0.2547
0.4932
0.6053
0.7123
0.3235
0.6705
0.5342
0.3333
0.2747
0.3933
0.1667
0.2581
0.3099
0.1264
0.4366
0.4571
0.4348
0.3731
0.2947
0.5432
0.4648
0.1528
0.194
0.2979
0.4375
0.3537
0.5
0.2688
0.32
0.3175
0.1279
0.6094
0.2647
0.0319
0.3605
0
0.5062
0.4194
0.3056
0.3034
0.4432
0.4684
0.3718
0.3913
0.3043
0.4242
0.3023
0.0952
0.4627
0.3636
0.1505
0.3704
0.0357
0.6724
0.2316
0.4091
0.2857
0.1789
0.3714
0.2637
0.6029
0.25
0.2093
0.3099
0.375
0.4568
0.48
0.3478
0.75
0.625
0.2526
0.3143
0.2917
0.3692
0.2222
0.6026
0.386
0.5091
0.4925
0.3733
0.266
0.2247
0.5072
0.6056
0.5065
0.6207
0.5
0.2019
0.3788
0.6076
0.5443
0.2614
0.4861
0.2899
0.1724
0.3086
0.2875
0.2429
0.4706
0.2667
0.614
0.4878
0.0099
0.5857
0.0769
0.3375
0.3571
0.2632
0.1829
0.403
0.4559
0.2222
0.3483
0.275
0.3333
0.1477
0.2842
0.4878
0.25
0.0602
0.3291
0.4133
0.1974
0.3418
0.3125
0.0253
0.3402
0.3521
0.1951
0.5429
0.3523
0.439
0.3784
0.3205
0.2927
0.3594
0.3947
0.3232
0.3944
0.3
0.3944
0.4247
0.439
0.1368
0.3333
0.4
0.2927
0.3014
0.3214
0.4026
0.3731
0.3621
0.2073
0.4444
0.403
0.4545
0.1579
0.4
0.3289
0.4545
0.3117
0.1442
0.2353
0.2211
0.1296
0.5909
0.381
0.1892
0.2745
0.369
0.2717
0.338
0.2875
0.3614
0.1786
0.3
0.2476
0.3814
0.4412
0.4394
0.268
0.4167
0.4576
0.3011
0.3086
0.4419
0.0128
0.3293
0.25
0.2941
0.0337
0.375
0.2933
0.5065
0.3974
0.4744
0.4038
0.1882
0.5735
0.5821
0.6176
0.4474
0.4324
0.3368
0.3171
0.2927
0.5
0.4
0.1959
0.5676
0.4658
0.3218
0.3976
0.3425
0.5932
0.375
0.5077
0.4143
0.0748
0.2088
0.17
0.7333
0.4828
0.1974
0.2805
0.6935
0.0531
0.4426
0.5181
0.3678
0.1913
0.4333
0.5333
0.4306
0.3529
0.274
0.3684
0.0645
0.2179
0.028
0.4324
0.4773
0.4429
0.2121
0.3051
0.2317
0.3556
0.2771
0.4054
0.2692
0.4
0.25
0.3488
0.4074
0.2785
0.3478
0.4051
0.4051
0.5821
0.3049
0.2614
0.1702
0.5844
0.2048
0.2079
0.1927
0.1882
0.25
0.3933
0.4507
0.25
0.3333
0.36
0.0476
0.161
0.8095
0.3294
0.2717
0.2651
0.3947
0.4177
0.0543
0.4286
0.375
0.0444
0.4638
0.241
0.2617
0.4
0.2917
0.127
0.375
0.253
0.2558
0.5082
0.3974
0.2844
0.4507
0.2048
0.2766
0.3913
0.3704
0.3382
0.3974
0.3488
0.3099
0.4265
0.3881
0.5758
0.358
0.8077
0.2222
0.3605
0.3699
0.2727
0.4769
0.2674
0.2151
0.4706
0.3636
0.5775
0.2571
0.5
0.1837
0.0308
0.3529
0.25
0.2347
0.3086
0.2188
0.3
0.3133
0.5172
0.0164
0.2424
0.4684
0.1778
0.5781
0.4697
0.3514
0.4237
0.1739
0.2958
0.3529
0.2824
0.1918
0.2935
0.0132
0.1975
0.3377
0.3077
0.3611
0.3457
0.378
0.3425
0.29
0.2211
0.314
0.6429
0.0361
0.5789
0.4359
0.234
0.4133
0.2222
0.3077
0.4167
0.4091
0.3279
0.4
0.2632
0.2593
0.2625
0.219
0.1939
0.4783
0.4321
0.4085
0.0326
0.3125
0.284
0.2079
0.0227
0.2174
0.3239
0.4861
0.1124
0.4074
0.2333
0.597
0.4595
0.2941
0.0659
0.1795
0.4167
0.3171
0.54
0.2447
0.4085
0.5056
0.5574
0.5667
0.1548
0.2963
0.7049
0.0353
0.3626
0.1279
0.5507
0.1831
0.4189
0.0303
0.35
0.4355
0.5667
0.5513
0.1613
0.6429
0.5294
0.3151
0.0165
0.0108
0.0449
0.2637
0.3191
0.5606
0.2179
0.4227
0.2568
0.2424
0.4533
0.3855
0.7719
0.3696
0.3165
0.3529
0.375
0.5294
0.3187
0.4684
0.4561
0.5493
0.3095
0.2676
0.3218
0.2188
0.3051
0.0682
0.8596
0.2674
0.3784
0.2769
0.2
0.1778
0.3623
0.4915
0.3784
0.3537
0.2165
0.1781
0.1071
0.4154
0.3971
0.28
0.2308
0.1461
0.4051
0.3243
0.6143
0.6154
0.4306
0.6866
0.4
0.2368
0.0089
0.3043
0.6111
0.3684
0.32
0.2727
0.5156
0.303
0.2283
0.2857
0.0308
0.3247
0.3333
0.5696
0.4062
0.4483
0.2143
0.3662
0.5067
0.2581
0.4933
0.1733
0.2696
0.0309
0.325
0.2471
0.2619
0.0202
0.2987
0.1809
0.4857
0.3529
0.2111
0.0267
0.3784
0.3766
0.443
0.28
0.3125
0.5926
0.5059
0.4247
0.3871
0.4366
0.3404
0.3171
0.6515
0.3038
0.4783
0.5068
0.4333
0.2373
0.4167
0.1919
0.6207
0.3611
0.2451
0.1646
0.2949
0.5352
0.5
0.2958
0.01
0.2237
0.3165
0.3974
0.2604
0.5065
0.4062
0.2637
0.3194
0.3864
0.4308
0.4667
0.2198
0.7778
0.4302
0.4217
0.481
0.236
0
0.3506
0.3684
0.4767
0.1455
0.4198
0.0354
0.3158
0.2927
0.3594
0.0638
0.3014
0.1684
0.338
0.5323
0.3059
0.443
0.4079
0.5625
0.23
0.028
0.2254
0.3875
0.2353
0.1884
0.1757
0.1607
0.3131
0.4928
0.236
0.2778
0.2333
0.3333
0.5
0.541
0.3947
0.2759
0.2478
0.3571
0.4545
0.2273
0.3467
0.3837
0.3896
0.44
0.3026
0.4337
0.1765
0.0275
0.4595
0.2727
0.3333
0.3649
0.4167
0.2639
0.3846
0.1591
0.3803
0.2391
0.3953
0.3836
0.3194
0.2899
0.2949
0.4098
0.6176
0.7193
0.3095
0.597
0.3621
0.4769
0.4167
0.3088
0.4219
0.3793
0.4795
0.1818
0.4667
0.3953
0.2842
0.2824
0.4857
0.3125
0.4744
0.375
0.3818
0.3763
0.3143
0.2135
0.1011
0.8889
0.5882
0.4643
0.2418
0.369
0.5231
0.3797
0.4935
0.5294
0.2687
0.4524
0.2264
0.2653
0.2987
0.6207
0.2277
0.7015
0.4545
0.3377
0.2209
0.26
0.3908
0.52
0.175
0.5625
0.25
0.4615
0.3375
0.5634
0.411
0.5054
0.1923
0.8491
0.2366
0.2093
0.2375
0.2472
0.2468
0.2584
0.2073
0.2963
0.375
0.4021
0.0459
0.7627
0.2658
0.04
0.2644
0.2549
0.2247
0.4872
0.3125
0.2308
0.4179
0.25
0.4691
0.697
0.2556
0.44
0.2414
0.3452
0.2933
0.2473
0.4607
0.0396
0.3529
0.2316
0.4096
0.0291
0.2588
0.1852
0.3878
0.2703
0.2794
0.2658
0.125
0.439
0.3947
0.5641
0.2
0.2453
0.1667
0.2133
0.6333
0.2647
0.2474
0.3457
0.2051
0.55
0.3472
0.5
0.2222
0.4286
0.3333
0.4762
0.241
0.2683
0.1967
0.4828
0.2667
0.4058
0.4533
0.0241
0.3067
0.507
0.2895
0.1731
0.275
0.4384
0.4118
0.2308
0.5506
0.358
0.1648
0.3333
0.5287
0.4026
0.5833
0.1262
0.2833
0.4
0.411
0.0375
0.1633
0.6724
0.2933
0.6164
0.2987
0.2821
0.0127
0.566
0.35
0.0135
0.1714
0.2157
0.5833
0.0222
0.0652
0.3721
0.3067
0.2889
0.4516
0.2571
0.2297
0.3218
0.5211
0.0667
0.7273
0.8305
0.3625
0.2609
0.4394
0.5333
0.3218
0.6184
0.325
0.284
0.3014
0.2361
0.2381
0.403
0.3448
0.2703
0.5246
0.027
0.5882
0.4521
0.2533
0.0095
0.5278
0.25
0.2812
0.0426
0.4762
0.3038
0.2292
0.35
0.36
0.2154
0.5068
0.3457
0.3333
0.2987
0.4789
0.3882
0.6364
0.5714
0.2717
0.6769
0.2073
0.16
0.025
0.4857
0.3608
0.569
0.3194
0.3462
0.3953
0.4125
0.4419
0.4556
0.2562
0.4789
0.2449
0.28
0.5921
0.9153
0.7586
0.378
0.4
0.4217
0.1507
0.3188
0.3625
0.4468
0.3718
0.5455
0.2526
0.2963
0.3793
0.5233
0.2883
0.5373
0.6753
0.56
0
0.3968
0.2125
0.6167
0.2982
0.381
0.3846
0.2667
0.3301
0.0361
0.6522
0.3382
0.5
0.4286
0.1698
0.3733
0.1143
0.2615
0.2405
0.5072
0.4595
0.5333
0.2436
0.5781
0.4744
0.4923
0.4697
0.4306
0.0549
0.2439
0.1176
0.3452
0.2614
0.2527
0.1975
0.0263
0.2268
0.25
0.1681
0.3068
0.3976
0.0189
0.6081
0.5946
0.3415
0.6
0.4773
0.2167
0.3896
0.6301
0.266
0.5833
0.3889
0.3289
0.3069
0.2766
0.6167
0.6071
0.3103
0.3733
0.2048
0.2923
0.037
0.7188
0.4933
0.7391
0.2875
0.3699
0.0341
0.3286
0.6324
0.3194
0.2073
0.5263
0.4714
0.2603
0.5211
0.825
0.2268
0.2323
0.2468
0.3333
0.4737
0.314
0.3553
0.2727
0.45
0.3333
0.4023
0.0316
0.1957
0.2857
0.3039
0.0375
0.1977
0.4487
0.5068
0.2987
0.3939
0.2973
0.2809
0.3143
0.2639
0.3026
0.4545
0.4062
0.3649
0.3855
0.625
0.2
0.4533
0.2593
0.1485
0.5063
0.3425
0.3117
0.1848
0.6429
0.3492
0.2414
0.25
0.4648
0.5541
0.1977
0.2892
0.4098
0.3875
0.6119
0.4225
0.4615
0.3111
0.2381
0.3288
0.4605
0.0521
0.25
0.5682
0.4521
0.2604
0.2747
0.0196
0
0.1702
0.0133
0.1954
0.0125
0.1059
0.0244
0.0127
0.0196
0.0421
0.4789
0.1528
0.303
0.2872
0.0435
0.3537
0.0656
0.0297
0.0233
0.0556
0.1744
0.0385
0.0088
0.0213
0.0101
0.2754
0.0319
0.18
0.2407
0.0294
0.0505
0.0204
0.0575
0.3768
0.0098
0.026
0.0417
0.0238
0.0253
0.3896
0.1398
0.0108
0.0536
0.0676
0.0381
0.3636
0.0735
0.0408
0.4118
0.2527
0.6176
0.2917
0.2442
0.0241
0.0625
0.0426
0.4267
0.0189
0.75
0.061
0.2211
0.0247
0.3438
0.013
0.2375
0.3924
0.4909
0.0323
0.0119
0.2278
0.2979
0.3258
0.4493
0.5915
0.2405
0.0128
0.0211
0
0.3939
0.0388
0.5128
0.0106
0.4306
0
0.0435
0.0444
0.2625
0
0.4471
0.049
0.5614
0.0377
0.0198
0.0116
0.037
0.0449
0.0316
0.0375
0.1341
0.0247
0.0122
0.1978
0.051
0.0227
0.0253
0.2045
0.0388
0.3529
0.2361
0.0361
0.0337
0.0455
0.061
0.0225
0.2875
0.038
0.0179
0.025
0.0235
0.0227
0.0286
0.4268
0.0345
0.0698
0.0581
0.4062
0.0111
0.0275
0.012
0.038
0.0361
0.0366
0.5
0.0236
0.2778
0.4429
0.0112
0.1325
0.3333
0.0349
0.0395
0.4655
0.2317
0.0455
0.3881
0.023
0.1158
0.3882
0.3421
0.0127
0.3117
0.0185
0.3412
0.2421
0.0741
0.0366
0.0267
0.2162
0.3137
0.4167
0.0192
0.3239
0.2375
0.0206
0.1875
0.0353
0.0174
0.0442
0.5294
0.0139
0.0374
0.0412
0.0845
0.3118
0.4321
0.0297
0.0385
0.0707
0.0227
0.013
0.0449
0.3472
0.3867
0.0909
0.0333
0.043
0.0333
0.0111
0.4853
0.0341
0.0476
0.0538
0.4595
0.3368
0.011
0.2805
0.5
0.45
0.0381
0.6133
0.0227
0.0303
0.051
0.3973
0.1045
0.0213
0.0133
0.0238
0.0185
0.1648
0.019
0.56
0.1327
0.1842
0.0114
0.0241
0.0354
0.4754
0.506
0.05
0.0328
0.0405
0.5254
0.0345
0.026
0.025
0.0543
0.0323
0.0227
0.0467
0.4459
0.0198
0.0366
0.2121
0
0.1951
0.0196
0.2289
0.0361
0.2115
0.0233
0.25
0.02
0.1099
0.0568
0.0119
0.0333
0.0532
0.0115
0.0217
0.0206
0.0297
0
0.2289
0.165
0.0342
0.0556
0.2273
0.0192
0.493
0.2273
0.0253
0.225
0.0238
0.0317
0.5873
0.0204
0.0096
0.3494
0.1047
0.1047
0.0761
0.2769
0.3906
0.0556
0.0241
0.253
0.0339
0.4133
0.0132
0.0597
0.0319
0.087
0.0204
0.0649
0.4231
0.1982
0.0345
0.0225
0.1915
0.0122
0.022
0.2647
0.0333
0.0103
0.0253
0.0253
0
0.0122
0.0568
0.7308
0.0556
0.3605
0.046
0.0575
0.3485
0.0204
0.2688
0.0366
0.03
0.0111
0.0256
0.0208
0.0283
0.0462
0.0211
0.25
0.0367
0.3333
0
0.0291
0.3253
0.0141
0.041
0.0357
0.0326
0
0.6562
0.0128
0.3784
0.3051
0
0.0506
0.3529
0.0392
0.0633
0.2935
0.0263
0.0449
0.044
0.0411
0.0235
0.2195
0.04
0.0595
0.018
0.2105
0.3605
0.0571
0.0361
0.5789
0.0215
0
0.36
0.0128
0.3077
0.4833
0.038
0.0606
0.0323
0.046
0.0508
0.0556
0.219
0.028
0.4783
0.0532
0.4366
0.0217
0.0455
0.2346
0
0.2308
0.0098
0.0247
0.0375
0.0326
0
0.0588
0.3784
0.4189
0.0404
0.0549
0.1538
0.2022
0.1548
0.0476
0.2021
0.0247
0.0098
0.0494
0.5667
0.023
0.0215
0.7049
0.0471
0.0404
0.1744
0.0465
0.0267
0.1236
0.0404
0.35
0.0685
0.0405
0.03
0.1935
0.011
0.5294
0.1392
0.2202
0.043
0.0337
0.2088
0.049
0.0333
0.0345
0.4639
0.0482
0.0685
0.5467
0.4096
0.0533
0.0177
0.4667
0.038
0.3523
0.0225
0.051
0.3797
0.386
0.6056
0.033
0.2676
0.0101
0.0094
0.3103
0.0568
0.8596
0.0208
0.0235
0.2692
0.0575
0.2
0.3478
0.0411
0.3378
0.2289
0.0476
0.1026
0.131
0.0375
0.1053
0.2667
0.2051
0
0.4177
0.0244
0.0333
0.5897
0.0114
0.0127
0.4235
0.3289
0.2653
0.2717
0.5741
0.0349
0.2308
0.2626
0.0411
0.3131
0.0283
0.2738
0.0462
0.0602
0.3452
0.0594
0.3281
0.0571
0.0805
0.0235
0.0349
0.04
0.3205
0.0123
0
0.0309
0.0312
0.2588
0.0213
0.0404
0.0706
0.02
0.0476
0.3176
0.0417
0.0667
0.0353
0.046
0.443
0.0241
0.0105
0.0597
0.0673
0.411
0.0137
0.3649
0.0288
0.2805
0.2667
0.0111
0.5072
0.1605
0.0481
0.2034
0.0222
0.202
0.027
0.0247
0.027
0.1125
0.2949
0.0421
0.0253
0.3521
0.03
0.0241
0.0543
0.0115
0
0.5195
0.3594
0.1758
0.3067
0.0485
0.0253
0.0208
0.2088
0.0667
0.3721
0.2778
0.0312
0.2135
0.4286
0.3506
0.0465
0
0.0085
0.0312
0.0177
0.3158
0.0114
0.0256
0.0106
0.0353
0.1789
0.3889
0.0833
0.0645
0.443
0.0105
0.0361
0.24
0.0093
0
0.35
0
0.0139
0.2568
0.1161
0
0.0988
0.0312
0.03
0.0291
0.3333
0.4118
0.5082
0.3947
0.3103
0.0323
0.0127
0.038
0.058
0.0449
0
0.0449
0.3867
0.0241
0.01
0.2235
0.0275
0.0235
0.0357
0.0435
0.0357
0.0286
0.2361
0.0263
0.0215
0.2162
0.2391
0.3372
0.0345
0.2778
0.0385
0.0471
0.377
0.0568
0.5172
0.0833
0.0247
0.0441
0.0513
0.0119
0.3088
0.0676
0.0455
0.0787
0.1705
0.4533
0.4186
0.2268
0.0211
0.0125
0.4375
0.0222
0.0196
0.0312
0.0189
0.3143
0.0103
0.0549
0.8571
0.4853
0.0102
0
0.043
0
0.3165
0.5455
0.0864
0.0411
0.02
0.1981
0.0459
0.0227
0.0392
0.036
0.7463
0.009
0.0455
0.2093
0
0.3678
0.52
0.0602
0.0122
0.1667
0.3974
0.241
0.0337
0.3699
0.018
0.0361
0.8868
0.01
0.1279
0.0111
0.236
0.0482
0.04
0.0222
0.0325
0.3409
0.0273
0.0092
0.5932
0.0581
0.02
0.06
0.0268
0.1798
0.4615
0.0549
0.0297
0.4179
0.25
0.0297
0.0455
0.2556
0.44
0.0303
0.0206
0.0366
0.0097
0.3708
0.0297
0.0128
0.1667
0.0417
0.0291
0.2706
0.1481
0.0263
0.0779
0.0811
0.022
0.0108
0.0526
0.0353
0.0645
0.0288
0.0427
0.0091
0.0125
0.5667
0.2794
0.0481
0.4074
0.0235
0.0099
0.0617
0.043
0.1778
0.0556
0.0119
0.381
0.1928
0.3171
0.2131
0.0149
0.03
0.3913
0.0319
0.0361
0.1688
0.0488
0.037
0.233
0.0341
0.0217
0.04
0.0595
0.0367
0.3827
0.1648
0.0513
0.0187
0.022
0.4833
0.0442
0.0145
0.0244
0.05
0.0375
0.0495
0.0811
0.28
0.5753
0.0326
0.0465
0.0127
0.0615
0.3875
0.027
0.0694
0.0619
0.0235
0.1136
0.0652
0.0388
0.3333
0.3333
0.0526
0.3143
0
0.0404
0.338
0.1067
0.6364
0.0465
0.0426
0.0253
0.0533
0.0108
0.3103
0.5921
0.0435
0.0235
0.037
0.0395
0.1786
0.3731
0.0288
0.0482
0.0139
0.018
0.4559
0.0455
0.0494
0.019
0.0114
0.0125
0.165
0.0532
0.0274
0.0119
0.2083
0.3625
0.0769
0.0137
0.4795
0.3457
0.027
0.0116
0.507
0.3765
0.0241
0.0375
0.0381
0.5077
0.1951
0.037
0.05
0.5429
0.3402
0.5
0.2917
0.0337
0.1758
0.0435
0.0182
0.4556
0.0465
0.0235
0.2347
0.012
0.0213
0.8814
0.2769
0.0316
0.425
0.01
0.0256
0.0641
0.0556
0.383
0.0217
0.029
0.0196
0.0225
0.0615
0.0297
0.0256
0.5821
0.6883
0.4933
0.0112
0.0282
0.2346
0.5833
0.0656
0.381
0.0323
0.0366
0.0084
0.012
0.0652
0.2647
0.5263
0.0444
0.0536
0.0333
0.0278
0.0571
0.0118
0.5217
0.3333
0.0337
0.2564
0.0132
0.4872
0.039
0.0133
0.119
0.033
0.0449
0.0476
0.0303
0.0303
0.0288
0.1728
0.0658
0.2371
0.0698
0.0407
0.0625
0.0215
0.0094
0.6351
0.0556
0.0215
0.0244
0.03
0.0076
0.0562
0.0217
0.037
0.5667
0.0897
0.3553
0.3465
0.0095
0.2174
0.5179
0.2529
0.0341
0.2651
0.0294
0.037
0.038
0.4133
0.0109
0.0349
0.3973
0.527
0.3429
0.0341
0.2917
0.0659
0.0312
0.5429
0.0617
0.4789
0.02
0.0381
0.2222
0.2857
0.3467
0.5614
0.051
0.0222
0.1758
0.051
0.0385
0.4138
0.0316
0.0291
0
0.0084
0.0375
0.2558
0.0543
0.0526
0.0465
0.027
0.0588
0.2809
0.0119
0.026
0.3158
0.4364
0.1096
0.0345
0.3133
0.0896
0.1413
0.0645
0.0116
0.0286
0.481
0.3425
0.0227
0.25
0.0312
0.0145
0.0204
0.0484
0.4366
0.0652
0.186
0.0323
0.0278
0.0316
0.597
0.338
0.0319
0.0505
0.2336
0.0238
0.0568
0.0625
0.25
0.4432
0.0375
0.3021
0.3187
