x
0.3649
0.3513
0.3611
0.3459
0.3684
0.3591
0.3729
0.3774
0.3701
0.361
0.3659
0.3704
0.3756
0.37
0.362
0.3602
0.3685
0.3611
0.3667
0.3557
0.3668
0.3661
0.3822
0.3472
0.377
0.3724
0.3599
0.3615
0.3673
0.37
0.3713
0.3671
0.3605
0.3549
0.3459
0.3626
0.3602
0.3695
0.3664
0.3611
0.3818
0.3719
0.3717
0.3733
0.3655
0.3607
0.3693
0.3595
0.3593
0.3616
0.3499
0.3619
0.3617
0.3584
0.376
0.3721
0.3651
0.3387
0.3742
0.3658
0.3463
0.3735
0.364
0.3658
0.3811
0.3572
0.3436
0.3769
0.357
0.3675
0.3732
0.3689
0.3638
0.3502
0.3661
0.3414
0.3637
0.3662
0.3589
0.3683
0.3304
0.3579
0.3696
0.3681
0.37
0.3538
0.3699
0.3828
0.3691
0.349
0.3566
0.3753
0.3738
0.3637
0.371
0.359
0.366
0.3591
0.3715
0.3784
0.3564
0.3598
0.3717
0.3487
0.357
0.3714
0.3667
0.3672
0.3748
0.3622
0.3605
0.3793
0.3787
0.3719
0.371
0.3657
0.3534
0.3763
0.3617
0.3634
0.3724
0.3801
0.352
0.3498
0.3708
0.3622
0.3707
0.3681
0.3639
0.3643
0.3646
0.3624
0.3441
0.3528
0.3639
0.3568
0.3782
0.3621
0.359
0.3599
0.3531
0.3707
0.3586
0.3723
0.3721
0.3547
0.3634
0.3381
0.3654
0.3422
0.364
0.3676
0.3746
0.3741
0.3625
0.3687
0.3708
0.3723
0.3754
0.3497
0.3567
0.3483
0.3526
0.3592
0.3669
0.3614
0.3639
0.3616
0.378
0.3555
0.3784
0.3831
0.3665
0.3741
0.3691
0.3442
0.3718
0.3711
0.3705
0.3475
0.3641
0.3692
0.3593
0.3614
0.3778
0.3718
0.3704
0.3578
0.3553
0.3769
0.3415
0.3817
0.3689
0.3632
0.3713
0.3609
0.3531
0.3487
0.3588
0.3536
0.3626
0.3668
0.3442
0.3589
0.3607
0.3488
0.3613
0.3576
0.3717
0.3731
0.3643
0.3587
0.3502
0.3692
0.377
0.357
0.3512
0.3597
0.3685
0.3514
0.3609
0.339
0.3747
0.3761
0.3587
0.3591
0.3643
0.3672
0.3698
0.3679
0.3651
0.3695
0.3441
0.3668
0.3662
0.3671
0.3579
0.3615
0.3647
0.3645
0.3676
0.3471
0.3707
0.3642
0.3483
0.3714
0.3617
0.3496
0.3586
0.371
0.3558
0.3638
0.3787
0.3556
0.3509
0.3536
0.3463
0.3465
0.3536
0.3694
0.369
0.3615
0.365
0.3617
0.3761
0.3434
0.3678
0.3771
0.3591
0.3699
0.3639
0.3616
0.3463
0.3818
0.3551
0.3647
0.3635
0.3568
0.368
0.3684
0.3569
0.361
0.3596
0.371
0.354
0.374
0.3489
0.3483
0.3562
0.3554
0.3718
0.3588
0.3692
0.3684
0.3737
0.3738
0.3713
0.3766
0.3533
0.3551
0.3542
0.3485
0.3705
0.3561
0.3633
0.3633
0.3597
0.3656
0.3718
0.3527
0.354
0.3557
0.3563
0.3621
0.3688
0.3523
0.3653
0.3684
0.3604
0.358
0.3678
0.3533
0.3618
0.3554
0.3539
0.3554
0.3629
0.3732
0.3691
0.3737
0.362
0.3718
0.367
0.372
0.3796
0.3607
0.3597
0.3669
0.3441
0.3789
0.3737
0.3444
0.3655
0.3603
0.3805
0.3765
0.3762
0.3489
0.3669
0.3482
0.3563
0.3729
0.3577
0.3494
0.3736
0.3654
0.3693
0.3626
0.3654
0.364
0.3709
0.3649
0.3676
0.3603
0.3516
0.3738
0.3647
0.3528
0.3648
0.3745
0.3502
0.3739
0.3644
0.3495
0.3608
0.363
0.3625
0.3486
0.3644
0.3709
0.3791
0.3539
0.362
0.3693
0.3782
0.3758
0.3367
0.3548
0.359
0.3627
0.351
0.3582
0.3757
0.3737
0.3484
0.3639
0.3648
0.3691
0.384
0.3742
0.3551
0.368
0.3666
0.3635
0.3693
0.3652
0.3574
0.3655
0.3794
0.3566
0.3531
0.356
0.3389
0.3608
0.3747
0.3758
0.3818
0.3669
0.3734
0.3578
0.3711
0.3794
0.37
0.359
0.3714
0.3473
0.3621
0.3521
0.3576
0.3562
0.367
0.3549
0.3663
0.3699
0.3503
0.3658
0.352
0.368
0.3716
0.3654
0.368
0.3705
0.3559
0.3594
0.3587
0.3676
0.3565
0.3683
0.3506
0.352
0.3645
0.3578
0.3826
0.3743
0.3642
0.367
0.3486
0.3678
0.369
0.3766
0.3381
0.3826
0.3544
0.3723
0.3664
0.3625
0.3629
0.3641
0.3523
0.3479
0.3561
0.3695
0.3644
0.3507
0.3703
0.3675
0.3638
0.3476
0.3731
0.3632
0.3794
0.3793
0.3739
0.375
0.3759
0.3721
0.3845
0.3706
0.3699
0.3767
0.3552
0.367
0.3584
0.3654
0.3686
0.3627
0.3656
0.367
0.3438
0.3682
0.3612
0.3704
0.3586
0.3501
0.351
0.3748
0.3418
0.3515
0.3527
0.3632
0.3399
0.378
0.3728
0.3663
0.3694
0.3615
0.3624
0.3788
0.3574
0.3732
0.3366
0.3545
0.3709
0.3744
0.3616
0.3541
0.3661
0.3694
0.3606
0.3664
0.3598
0.3524
0.3565
0.3639
0.3573
0.3616
0.3713
0.3698
0.3735
0.3387
0.3658
0.3779
0.3634
0.3721
0.3763
0.3584
0.3711
0.3806
0.3446
0.3646
0.356
0.3701
0.3819
0.3672
0.3725
0.3742
0.3728
0.363
0.3512
0.3638
0.374
0.3432
0.3667
0.3746
0.3676
0.3724
0.366
0.3671
0.3568
0.3505
0.3496
0.3615
0.375
0.3672
0.3827
0.3737
0.3695
0.3675
0.3613
0.3551
0.3528
0.3785
0.3434
0.3625
0.3469
0.3783
0.367
0.3575
0.3665
0.3517
0.371
0.3614
0.3669
0.3752
0.3674
0.3652
0.3473
0.3746
0.3525
0.3695
0.3429
0.367
0.3613
0.3566
0.3726
0.3836
0.3662
0.371
0.3506
0.3635
0.368
0.3556
0.3618
0.3544
0.3678
0.3693
0.3669
0.3647
0.3695
0.3792
0.3318
0.3603
0.372
0.3549
0.3714
0.3725
0.3624
0.3734
0.3747
0.3714
0.3626
0.3606
0.3569
0.3729
0.341
0.37
0.3783
0.3829
0.3721
0.3569
0.3486
0.3581
0.373
0.371
0.3571
0.3563
0.3581
0.3545
0.3783
0.3606
0.3741
0.358
0.3513
0.3532
0.3604
0.3694
0.368
0.3702
0.3599
0.3567
0.3617
0.372
0.361
0.3706
0.3689
0.368
0.3429
0.3658
0.3505
0.3598
0.3712
0.3691
0.3547
0.3629
0.3665
0.3817
0.3765
0.3772
0.3586
0.3504
0.3605
0.3622
0.3448
0.3644
0.3795
0.3523
0.3605
0.3718
0.3666
0.3414
0.373
0.3623
0.3793
0.3478
0.374
0.3594
0.3679
0.3653
0.3776
0.3637
0.3704
0.3726
0.3505
0.3596
0.3691
0.3666
0.3752
0.3641
0.362
0.3567
0.3711
0.3708
0.3702
0.3682
0.3585
0.3589
0.3444
0.3642
0.3601
0.3513
0.3712
0.3648
0.35
0.3717
0.3598
0.3483
0.3711
0.3641
0.3738
0.3513
0.3649
0.3755
0.3649
0.3657
0.3649
0.3536
0.3564
0.3654
0.359
0.3632
0.3467
0.3773
0.3737
0.3551
0.3782
0.3665
0.3564
0.3657
0.3431
0.3581
0.3523
0.362
0.3585
0.3654
0.3393
0.3326
0.3576
0.3566
0.3648
0.3873
0.3673
0.3688
0.366
0.362
0.3515
0.367
0.3763
0.362
0.3629
0.3637
0.3571
0.3573
0.3711
0.3631
0.3677
0.3582
0.3612
0.3488
0.358
0.3706
0.372
0.3751
0.3416
0.3505
0.3679
0.3592
0.3551
0.3521
0.3692
0.3463
0.3572
0.3745
0.3659
0.3451
0.3622
0.3758
0.352
0.3695
0.3818
0.3732
0.3601
0.3656
0.3618
0.3601
0.3476
0.3548
0.3641
0.3674
0.3458
0.3766
0.3564
0.3752
0.3581
0.367
0.3667
0.3766
0.3607
0.3585
0.3424
0.3671
0.3825
0.3597
0.3665
0.3653
0.3789
0.3616
0.3768
0.364
0.3625
0.3697
0.3587
0.3637
0.3725
0.365
0.3616
0.3587
0.3592
0.3637
0.3498
0.3588
0.3567
0.3637
0.3635
0.3485
0.3496
0.3781
0.3636
0.3493
0.3711
0.3624
0.3803
0.3694
0.3554
0.3625
0.3632
0.3553
0.3551
0.3605
0.3641
0.3437
0.3603
0.3786
0.3503
0.3502
0.3785
0.3545
0.366
0.3633
0.3641
0.3797
0.3684
0.3682
0.3633
0.3741
0.3602
0.3597
0.3627
0.3785
0.3705
0.3599
0.3653
0.3496
0.3543
0.3527
0.3632
0.35
0.3709
0.3635
0.37
0.3462
0.3406
0.3671
0.3611
0.3635
0.3626
0.3677
0.3722
0.3698
0.3586
0.3614
0.3651
0.3553
0.3678
0.3737
0.3589
0.3565
0.3534
0.3589
0.3809
0.3462
0.3672
0.3639
0.3624
0.3689
0.3513
0.3764
0.3618
0.3553
0.3748
0.3648
0.3356
0.3552
0.361
0.3523
0.356
0.3709
0.3606
0.3616
0.3684
0.3699
0.3484
0.3596
0.3666
0.3578
0.3551
0.3626
0.3572
0.35
0.3834
0.3569
0.3768
0.3595
0.3603
0.3651
0.3448
0.3512
0.3624
0.3649
0.3804
0.3583
0.3702
0.3726
0.3619
0.3734
0.3618
0.3696
0.3724
0.3673
0.3556
0.3888
0.3449
0.3661
0.3684
0.3456
0.3643
0.368
0.3759
0.3476
0.3657
0.3747
0.3711
0.3668
0.3623
0.3449
0.3475
0.3684
0.3651
0.3655
0.3588
0.3489
0.3628
0.3679
0.3642
0.3497
0.3755
0.3559
0.3851
0.3695
0.369
0.3667
0.3594
0.3645
0.3672
0.3589
0.3596
0.3555
0.3594
0.3706
0.3691
0.361
0.3499
0.3536
0.3606
0.3419
0.3735
0.3648
0.3747
0.3838
0.3691
0.3642
0.373
0.3679
0.3782
0.3682
0.3613
0.3566
0.3717
0.3659
0.3733
0.3545
0.37
0.3711
0.3838
0.3452
0.3772
0.3834
0.3597
0.3584
0.3719
0.3703
0.3734
0.364
0.3575
0.3522
0.3481
0.3627
0.3595
0.3686
0.3646
0.3635
0.3849
0.3746
0.3722
0.376
0.3704
0.3557
0.3687
0.3603
0.3585
0.3596
0.3472
0.3539
0.3581
0.3558
0.3741
0.3657
0.3632
0.3391
0.3745
0.3662
0.3468
0.3705
0.3675
0.3579
0.3796
0.3486
0.3369
0.3766
0.3594
0.3707
0.3777
0.369
0.3616
0.3511
0.3702
0.3409
0.3679
0.3681
0.3592
0.3712
0.3243
0.3579
0.3693
0.3699
0.3686
0.3864
0.3677
0.3811
0.363
0.3446
0.3621
0.375
0.3728
0.3635
0.3701
0.3618
0.363
0.3543
0.3739
0.3825
0.3564
0.3598
0.3699
0.347
0.3541
0.3782
0.3705
0.3691
0.3766
0.3627
0.3633
0.3777
0.3787
0.3783
0.3711
0.3688
0.3521
0.3761
0.3692
0.3605
0.3679
0.388
0.3522
0.3493
0.3723
0.3629
0.3729
0.3686
0.3631
0.3651
0.3635
0.3611
0.3432
0.3541
0.361
0.3572
0.3806
0.3573
0.355
0.3584
0.3541
0.3689
0.3617
0.3791
0.3747
0.3537
0.3625
0.3335
0.3623
0.3428
0.3724
0.3592
0.3769
0.3702
0.3605
0.3756
0.3705
0.37
0.374
0.3462
0.3615
0.3455
0.3639
0.3564
0.3664
0.3702
0.3632
0.3721
0.3729
0.3504
0.3805
0.377
0.3674
0.3742
0.3671
0.339
0.3521
0.3608
0.3774
0.3486
0.3643
0.3725
0.3491
0.3597
0.3816
0.3667
0.3758
0.3541
0.3527
0.3759
0.3407
0.3824
0.3679
0.3585
0.3674
0.3561
0.3585
0.3458
0.3566
0.3576
0.3634
0.3679
0.342
0.3567
0.3641
0.3512
0.3589
0.359
0.3717
0.3713
0.3677
0.3475
0.3541
0.3604
0.375
0.3628
0.3507
0.3594
0.3633
0.3511
0.3611
0.3332
0.3751
0.3805
0.3581
0.3598
0.3608
0.3709
0.372
0.3679
0.36
0.3716
0.3435
0.3749
0.366
0.368
0.3544
0.374
0.3636
0.3647
0.3648
0.3414
0.3741
0.3659
0.3514
0.3768
0.3619
0.3567
0.3559
0.3702
0.357
0.3625
0.38
0.355
0.353
0.3487
0.3354
0.3472
0.3544
0.3732
0.3716
0.3582
0.3639
0.3663
0.3795
0.3624
0.3697
0.3757
0.3615
0.3667
0.3609
0.358
0.3451
0.3784
0.3492
0.3663
0.3615
0.3485
0.3638
0.3603
0.3451
0.3612
0.356
0.3709
0.3667
0.3747
0.347
0.3458
0.3528
0.3505
0.3636
0.3613
0.3641
0.3698
0.3729
0.3771
0.3785
0.3767
0.3512
0.3622
0.3693
0.3455
0.3694
0.3577
0.3657
0.3629
0.3619
0.3627
0.3776
0.3481
0.3603
0.3551
0.3583
0.3624
0.3705
0.3592
0.3698
0.3692
0.3766
0.3594
0.3694
0.3472
0.3601
0.3505
0.3504
0.3674
0.3571
0.3715
0.3682
0.3779
0.361
0.3689
0.367
0.375
0.3855
0.3593
0.3641
0.3745
0.3447
0.3772
0.3733
0.3349
0.3657
0.3618
0.38
0.3747
0.3797
0.363
0.3714
0.3434
0.3469
0.3741
0.3591
0.3491
0.3711
0.3659
0.3662
0.3654
0.367
0.3588
0.379
0.3667
0.3683
0.3549
0.3482
0.3674
0.3657
0.3552
0.3597
0.3701
0.3534
0.3784
0.3614
0.3493
0.3563
0.36
0.3626
0.3463
0.3599
0.3762
0.3783
0.3486
0.3708
0.3623
0.3756
0.3768
0.333
0.3568
0.3545
0.3605
0.3524
0.3565
0.3739
0.3737
0.3475
0.3627
0.3688
0.3671
0.3839
0.3746
0.3567
0.3798
0.3643
0.3605
0.3726
0.3629
0.36
0.3626
0.3709
0.3544
0.3473
0.3532
0.3397
0.3593
0.3754
0.3754
0.3794
0.3644
0.3736
0.3588
0.3758
0.3752
0.369
0.3517
0.372
0.3489
0.3695
0.3524
0.3598
0.3576
0.361
0.3511
0.3619
0.3694
0.3658
0.3631
0.3496
0.3682
0.3718
0.366
0.3717
0.3679
0.3568
0.3614
0.3589
0.3672
0.3589
0.3675
0.3458
0.3526
0.366
0.3626
0.3757
0.3775
0.3692
0.37
0.3403
0.3647
0.3673
0.3751
0.3298
0.3845
0.3558
0.3737
0.3697
0.3691
0.3619
0.3623
0.3494
0.3443
0.3565
0.3778
0.3647
0.3431
0.3709
0.3724
0.364
0.3439
0.3729
0.3648
0.3776
0.3795
0.3978
0.3778
0.3825
0.372
0.3855
0.3986
0.3734
0.3757
0.3573
0.3625
0.3559
0.3676
0.3663
0.3699
0.364
0.3682
0.3414
0.3702
0.3596
0.3678
0.3588
0.3454
0.3545
0.3733
0.3385
0.3528
0.3504
0.3629
0.3393
0.3801
0.3646
0.3607
0.3736
0.3595
0.3597
0.3796
0.3576
0.3677
0.3377
0.3556
0.3704
0.3723
0.3592
0.3526
0.3678
0.3707
0.3712
0.3703
0.3535
0.3489
0.3548
0.3596
0.3543
0.3593
0.3729
0.366
0.3658
0.3351
0.3694
0.3774
0.3597
0.3677
0.3776
0.3542
0.3736
0.3789
0.3524
0.3659
0.3553
0.3721
0.3797
0.3686
0.3754
0.378
0.3857
0.3648
0.3507
0.3639
0.3805
0.343
0.3708
0.3759
0.373
0.3686
0.3691
0.3689
0.3549
0.3416
0.3443
0.3675
0.3747
0.3752
0.3864
0.3808
0.373
0.3673
0.3611
0.3529
0.3464
0.3817
0.3393
0.3654
0.3436
0.3797
0.373
0.3588
0.3633
0.348
0.3657
0.3595
0.3684
0.3767
0.3609
0.3687
0.3472
0.3724
0.351
0.3697
0.3401
0.3746
0.3666
0.3567
0.3697
0.3804
0.3684
0.3712
0.3605
0.3606
0.3696
0.3558
0.3593
0.3568
0.3629
0.3677
0.3641
0.3657
0.3668
0.3791
0.3248
0.3913
0.3634
0.3546
0.365
0.3726
0.3629
0.3731
0.3772
0.3668
0.3664
0.3591
0.3566
0.3785
0.3603
0.3782
0.3779
0.3973
0.3739
0.3524
0.3441
0.3551
0.372
0.3742
0.3566
0.355
0.3566
0.3517
0.39
0.3509
0.396
0.3556
0.3594
0.3455
0.3575
0.3722
0.3662
0.3737
0.3576
0.358
0.3619
0.3667
0.359
0.3727
0.3673
0.3706
0.3359
0.3651
0.3465
0.3576
0.3713
0.3669
0.3493
0.3514
0.3686
0.3772
0.3722
0.3743
0.3587
0.3483
0.3627
0.3561
0.3432
0.3634
0.3776
0.3513
0.355
0.3711
0.3631
0.348
0.3767
0.3625
0.3851
0.3422
0.3712
0.3605
0.3705
0.3689
0.3769
0.3576
0.3737
0.3695
0.3483
0.3626
0.3733
0.3624
0.3687
0.3629
0.3585
0.358
0.3717
0.3705
0.3752
0.3723
0.3662
0.3689
0.3396
0.3726
0.3611
0.3518
0.3704
0.3654
0.3488
0.3664
0.3648
0.3519
0.3672
0.3656
0.3735
0.3522
0.363
0.3751
0.3686
0.3608
0.3654
0.3447
0.3548
0.3612
0.3615
0.3635
0.3567
0.3776
0.3709
0.3576
0.3718
0.3707
0.3542
0.3628
0.3409
0.3524
0.3516
0.364
0.3617
0.3682
0.3432
0.3333
0.3594
0.3509
0.3524
0.3835
0.369
0.3656
0.3651
0.3579
0.3518
0.3624
0.3762
0.3627
0.3643
0.3626
0.3564
0.3556
0.3634
0.3633
0.3692
0.3557
0.3621
0.3467
0.3572
0.3736
0.3742
0.3737
0.3406
0.3543
0.3651
0.3572
0.3657
0.3502
0.3683
0.3421
0.3525
0.3709
0.3639
0.3442
0.3647
0.3797
0.3547
0.3736
0.3833
0.3762
0.3569
0.367
0.3627
0.3631
0.343
0.3489
0.3651
0.372
0.3397
0.377
0.3558
0.3771
0.3626
0.3657
0.3622
0.3786
0.3593
0.358
0.3388
0.363
0.3785
0.3642
0.3645
0.3664
0.3763
0.3631
0.379
0.3647
0.3608
0.3729
0.3568
0.3643
0.3753
0.3704
0.3652
0.3553
0.3555
0.3613
0.3498
0.3558
0.3558
0.3671
0.3723
0.3517
0.3424
0.3792
0.3652
0.3484
0.3697
0.3641
0.3819
0.3659
0.354
0.361
0.3628
0.3575
0.3617
0.3598
0.363
0.3446
0.361
0.3788
0.3448
0.3511
0.3792
0.3489
0.3657
0.3664
0.3695
0.3807
0.3732
0.371
0.3612
0.376
0.3598
0.3616
0.3636
0.3848
0.3693
0.3635
0.3644
0.3512
0.3504
0.3462
0.3604
0.344
0.3751
0.3562
0.3721
0.3489
0.3334
0.365
0.355
0.3629
0.361
0.3761
0.3676
0.3703
0.3644
0.3661
0.3623
0.3567
0.3766
0.3765
0.3617
0.3619
0.3506
0.3563
0.387
0.351
0.3674
0.3681
0.3558
0.3666
0.351
0.3778
0.3635
0.3551
0.3754
0.3613
0.3364
0.3538
0.3662
0.3498
0.3558
0.3636
0.3643
0.3611
0.3689
0.3775
0.347
0.3552
0.3691
0.3558
0.3525
0.3642
0.36
0.3822
0.3849
0.3573
0.381
0.3561
0.3591
0.3645
0.3419
0.3482
0.3658
0.3683
0.376
0.3533
0.3786
0.363
0.3615
0.3758
0.3605
0.3688
0.3741
0.3612
0.3538
0.3791
0.3502
0.3703
0.3688
0.3404
0.3627
0.3681
0.3708
0.3497
0.3661
0.374
0.3711
0.3646
0.3583
0.3408
0.3472
0.364
0.3608
0.3582
0.3587
0.3439
0.3636
0.3652
0.3919
0.3492
0.3807
0.3511
0.3767
0.3674
0.3702
0.3716
0.3607
0.3596
0.3648
0.3542
0.3557
0.3521
0.3659
0.3851
0.3743
0.3623
0.3941
0.3979
0.3726
0.358
0.3983
0.3895
0.3788
0.3986
0.3912
0.3817
0.3939
0.3796
0.3766
0.3932
0.3889
0.3934
0.3946
0.3765
0.3982
0.3934
0.3953
0.3888
0.3957
0.3605
0.3915
0.3598
0.3977
0.3992
0.3926
0.3983
0.3755
0.3916
0.3922
0.395
0.3591
0.3928
0.3979
0.3919
0.3969
0.3885
0.3878
0.3784
0.3723
0.3958
0.3804
0.3867
0.3699
0.3777
0.3986
0.3962
0.3446
0.3738
0.383
0.3586
0.3949
0.3809
0.3845
0.3941
0.3958
0.3679
0.3984
0.3718
0.3851
0.3703
0.3931
0.3815
0.389
0.3934
0.3636
0.3955
0.3771
0.3803
0.3937
0.3651
0.3817
0.3596
0.385
0.3955
0.3908
0.3903
0.3582
0.3973
0.3719
0.3852
0.3976
0.3984
0.3897
0.3931
0.3605
0.3695
0.3914
0.3868
0.3842
0.3927
0.3956
0.3606
0.3964
0.3927
0.3993
0.3911
0.3552
0.3802
0.3688
0.3863
0.3862
0.3979
0.3726
0.3844
0.3746
0.3985
0.3963
0.3804
0.3969
0.3845
0.3882
0.3691
0.3688
0.393
0.397
0.3824
0.3931
0.3873
0.3636
0.3825
0.3924
0.3777
0.3969
0.3905
0.383
0.3634
0.3869
0.3596
0.3515
0.3571
0.3867
0.3918
0.3982
0.3929
0.394
0.3657
0.3899
0.3829
0.3956
0.3891
0.3816
0.3875
0.3927
0.3455
0.3618
0.383
0.3907
0.3739
0.3929
0.3956
0.3882
0.3727
0.3889
0.3713
0.3891
0.3777
0.3954
0.3971
0.3979
0.3955
0.3728
0.384
0.397
0.3777
0.3769
0.3952
0.3777
0.3954
0.3947
0.3936
0.3724
0.3426
0.3733
0.3866
0.3966
0.3674
0.3947
0.3715
0.3868
0.3726
0.3978
0.3735
0.3901
0.3699
0.3821
0.3988
0.3692
0.3989
0.3685
0.3728
0.3725
0.3643
0.384
0.3572
0.3951
0.3665
0.3847
0.3749
0.3883
0.3571
0.3934
0.378
0.3799
0.3988
0.3723
0.3986
0.3668
0.375
0.3735
0.3958
0.3912
0.3756
0.3496
0.3964
0.3917
0.3856
0.3964
0.3929
0.3967
0.3951
0.3953
0.3696
0.3928
0.3888
0.3898
0.3958
0.3905
0.3969
0.3614
0.3817
0.374
0.3919
0.369
0.3975
0.3948
0.3943
0.3972
0.3819
0.3974
0.3846
0.3996
0.3936
0.3814
0.3936
0.3665
0.3688
0.3516
0.3986
0.3989
0.3551
0.3486
0.3981
0.3932
0.374
0.385
0.3747
0.3994
0.3951
0.387
0.3829
0.3962
0.3899
0.3897
0.3945
0.3969
0.3943
0.3621
0.3948
0.346
0.3871
0.3518
0.3684
0.3645
0.3752
0.3946
0.3971
0.3979
0.3812
0.3782
0.3977
0.3932
0.3922
0.358
0.3973
0.3713
0.3716
0.392
0.3635
0.3882
0.3757
0.3786
0.3901
0.3828
0.3983
0.3646
0.3975
0.3758
0.3971
0.3769
0.3898
0.392
0.3927
0.3721
0.3732
0.3939
0.383
0.3975
0.3989
0.366
0.3698
0.3852
0.3604
0.3681
0.3742
0.391
0.3953
0.3695
0.3877
0.3817
0.3978
0.3824
0.3681
0.3582
0.3792
0.3737
0.3954
0.3972
0.3922
0.3868
0.3812
0.3942
0.389
0.3894
0.3982
0.3952
0.3911
0.3825
0.3817
0.3707
0.3942
0.3975
0.3822
0.3936
0.3935
0.3984
0.3802
0.3558
0.3855
0.3904
0.3555
0.3955
0.3795
0.3916
0.3897
0.3672
0.3682
0.3838
0.3724
0.3895
0.3854
0.3731
0.3939
0.3937
0.3605
0.3684
0.3749
0.386
0.3829
0.3946
0.3991
0.3666
0.3656
0.3859
0.3621
0.3975
0.3904
0.378
0.3472
0.3738
0.398
0.3964
0.3802
0.3512
0.361
0.3589
0.3864
0.3532
0.3791
0.3899
0.3825
0.3456
0.3982
0.38
0.3691
0.3944
0.3936
0.3949
0.3983
0.3677
0.3764
0.3967
0.3979
0.367
0.3873
0.3977
0.3908
0.3535
0.397
0.3652
0.3703
0.3879
0.3922
0.3972
0.3926
0.399
0.3702
0.3957
0.3831
0.3878
0.3948
0.3934
0.3595
0.3625
0.3916
0.3752
0.3979
0.395
0.3559
0.3982
0.3978
0.3818
0.3805
0.3929
0.3973
0.3721
0.373
0.396
0.3691
0.3586
0.3933
0.389
0.3922
0.3647
0.3946
0.37
0.3945
0.3891
0.3971
0.3849
0.3863
0.3785
0.3822
0.3906
0.3931
0.3986
0.3962
0.3511
0.3955
0.3632
0.3973
0.3931
0.3727
0.3683
0.3671
0.3906
0.358
0.3987
0.3849
0.3991
0.3931
0.386
0.3864
0.3858
0.3893
0.3933
0.3761
0.3917
0.3854
0.3966
0.3956
0.3966
0.388
0.3922
0.397
0.3905
0.3983
0.3739
0.3892
0.3673
0.3668
0.3947
0.3882
0.3732
0.3845
0.3938
0.3793
0.3739
0.3985
0.3914
0.3858
0.3769
0.3775
0.3435
0.3813
0.3936
0.3961
0.3578
0.3984
0.3716
0.3769
0.3971
0.3868
0.37
0.3952
0.3925
0.3729
0.3974
0.3909
0.3978
0.3773
0.3759
0.3773
0.3676
0.387
0.3953
0.3987
0.3951
0.3622
0.3594
0.3914
0.3925
0.3977
0.3741
0.368
0.3728
0.3842
0.3966
0.3955
0.3966
0.3842
0.397
0.3848
0.3762
0.3951
0.3927
0.3901
0.3845
0.3978
0.386
0.3802
0.3916
0.3947
0.3945
0.3812
0.3573
0.366
0.3871
0.3936
0.3969
0.3949
0.3988
0.3734
0.3905
0.3915
0.3862
0.3727
0.3876
0.384
0.3981
0.3955
0.3822
0.3993
0.3943
0.3898
0.3959
0.3923
0.3681
0.3964
0.3978
0.3677
0.3871
0.3785
0.3711
0.3962
0.3936
0.3831
0.3787
0.3972
0.3959
0.3742
0.386
0.3878
0.3759
0.3763
0.3747
0.3942
0.3935
0.3925
0.3923
0.396
0.3836
0.384
0.3808
0.3934
0.3746
0.3948
0.364
0.3825
0.3552
0.359
0.3788
0.3972
0.3644
0.3914
0.3687
0.3916
0.3873
0.3639
0.3948
0.3947
0.3924
0.3742
0.3786
0.3972
0.397
0.3928
0.3975
0.3759
0.3981
0.3982
0.391
0.3833
0.3895
0.395
0.3993
0.367
0.3947
0.3885
0.3802
0.3972
0.3586
0.3811
0.3963
0.3852
0.3968
0.389
0.398
0.3906
0.3962
0.3535
0.3648
0.3971
0.3755
0.3833
0.3797
0.3887
0.3924
0.3756
0.3951
0.3877
0.3761
0.3948
0.3385
0.3869
0.3902
0.3902
0.3956
0.3657
0.3714
0.3804
0.391
0.3941
0.392
0.3976
0.3799
0.398
0.3867
0.3785
0.3887
0.3882
0.3958
0.385
0.3883
0.3986
0.3913
0.3521
0.3979
0.3891
0.3925
0.3977
0.3887
0.3979
0.3969
0.3979
0.3736
0.3847
0.3931
0.3693
0.3877
0.3896
0.3896
0.3705
0.3849
0.3927
0.3918
0.3671
0.3919
0.3969
0.3706
0.3875
0.3742
0.3967
0.3933
0.3927
0.3666
0.389
0.3985
0.3923
0.3724
0.368
0.397
0.3962
0.395
0.3962
0.3897
0.3837
0.3916
0.3797
0.3766
0.3937
0.3838
0.3983
0.3931
0.3956
0.3953
0.3907
0.374
0.3783
0.3971
0.3591
0.3872
0.397
0.3953
0.3924
0.3927
0.3596
0.3744
0.3958
0.3903
0.3914
0.3941
0.3965
0.3783
0.3932
0.3641
0.3873
0.376
0.3791
0.3665
0.3586
0.3558
0.3869
0.3757
0.3962
0.393
0.397
0.3932
0.3904
0.3858
0.387
0.3887
0.3894
0.3898
0.3973
0.393
0.397
0.3873
0.3856
0.3979
0.3498
0.3819
0.3952
0.3982
0.3946
0.3975
0.3906
0.3811
0.3984
0.3883
0.3783
0.3652
0.3806
0.3924
0.3934
0.395
0.3885
0.3751
0.3862
0.3988
0.398
0.3732
0.3965
0.3743
0.3936
0.3461
0.3966
0.3714
0.3938
0.3858
0.3949
0.3805
0.3971
0.3649
0.3922
0.3956
0.3723
0.3968
0.3809
0.3908
0.3898
0.3954
0.3981
0.3962
0.3795
0.3765
0.3923
0.3637
0.3783
0.375
0.3982
0.3868
0.3902
0.3548
0.3787
0.3904
0.3537
0.3925
0.3751
0.3882
0.3888
0.3873
0.3803
0.3649
0.3508
0.3725
0.3971
0.3951
0.3809
0.386
0.3769
0.3699
0.3882
0.3919
0.3643
0.3736
0.3574
0.3591
0.393
0.3893
0.3975
0.3962
0.3868
0.3885
0.3916
0.3975
0.3939
0.3898
0.3844
0.3879
0.3839
0.3808
0.3958
0.3907
0.3941
0.3953
0.3925
0.3982
0.3952
0.3576
0.3542
0.3711
0.3958
0.3699
0.3684
0.3815
0.3775
0.3451
0.3679
0.3874
0.3964
0.3732
0.3925
0.3943
0.3975
0.3836
0.3885
0.3886
0.3971
0.3983
0.3899
0.3784
0.3743
0.3542
0.3894
0.396
0.3605
0.3814
0.3895
0.3905
0.3659
0.3643
0.3849
0.39
0.3893
0.3734
0.3833
0.3939
0.3541
0.3945
0.3977
0.394
0.3881
0.3733
0.3882
0.3769
0.3947
0.3946
0.3907
0.3808
0.3701
0.3957
0.3821
0.3968
0.3935
0.3973
0.3957
0.3883
0.3794
0.3911
0.3888
0.3902
0.3985
0.3954
0.3727
0.3869
0.3877
0.3963
0.3737
0.3653
0.396
0.3955
0.3959
0.3963
0.3816
0.3534
0.3917
0.3625
0.3967
0.3906
0.385
0.3918
0.3968
0.371
0.3841
0.3969
0.3735
0.3961
0.3984
0.3689
0.3761
0.361
0.3675
0.3814
0.3948
0.3945
0.3765
0.3709
0.3955
0.3758
0.3949
0.3865
0.3922
0.3977
0.3887
0.3939
0.37
0.3853
0.3936
0.398
0.3652
0.3951
0.3917
0.3849
0.3659
0.394
0.3606
NA
NA
NA
NA
NA
NA
NA
NA
NA
NA
NA
NA
NA
NA
NA
NA
NA
NA
NA
NA
NA
NA
NA
NA
NA
NA
NA
NA
NA
NA
NA
NA
NA
NA
NA
NA
NA
NA
NA
NA
NA
NA
NA
NA
NA
NA
NA
NA
NA
NA
NA
NA
NA
NA
NA
NA
NA
NA
NA
NA
NA
NA
NA
NA
NA
NA
NA
NA
NA
NA
NA
NA
NA
NA
NA
NA
NA
NA
NA
NA
NA
NA
NA
NA
NA
NA
NA
NA
NA
NA
NA
NA
NA
NA
NA
NA
NA
NA
NA
NA
NA
NA
NA
NA
NA
NA
NA
NA
NA
NA
NA
NA
NA
NA
NA
NA
NA
NA
NA
NA
NA
NA
NA
NA
NA
NA
NA
NA
NA
NA
NA
NA
NA
NA
NA
NA
NA
NA
NA
NA
NA
NA
NA
NA
NA
NA
NA
NA
NA
NA
NA
NA
NA
NA
NA
NA
NA
NA
NA
NA
NA
NA
NA
NA
NA
NA
NA
NA
NA
NA
NA
NA
NA
NA
NA
NA
NA
NA
NA
NA
NA
NA
NA
NA
NA
NA
NA
NA
NA
NA
NA
NA
NA
NA
NA
NA
NA
NA
NA
NA
NA
NA
NA
NA
NA
NA
NA
NA
NA
NA
NA
NA
NA
NA
NA
NA
NA
NA
NA
NA
NA
NA
NA
NA
NA
NA
NA
NA
NA
NA
NA
NA
NA
NA
NA
NA
NA
NA
NA
NA
NA
NA
NA
NA
NA
NA
NA
NA
NA
NA
NA
NA
NA
NA
NA
NA
NA
NA
NA
NA
NA
NA
NA
NA
NA
NA
NA
NA
NA
NA
NA
NA
NA
NA
NA
NA
NA
NA
NA
NA
NA
NA
NA
NA
NA
NA
NA
NA
NA
NA
NA
NA
NA
NA
NA
NA
NA
NA
NA
NA
NA
NA
NA
NA
NA
NA
NA
NA
NA
NA
NA
NA
NA
NA
NA
NA
NA
NA
NA
NA
NA
NA
NA
NA
NA
NA
NA
NA
NA
NA
NA
NA
NA
NA
NA
NA
NA
NA
NA
NA
NA
NA
NA
NA
NA
NA
NA
NA
NA
NA
NA
NA
NA
NA
NA
NA
NA
NA
NA
NA
NA
NA
NA
NA
NA
NA
NA
NA
NA
NA
NA
NA
NA
NA
NA
NA
NA
NA
NA
NA
NA
NA
NA
NA
NA
NA
NA
NA
NA
NA
NA
NA
NA
NA
NA
NA
NA
NA
NA
NA
NA
NA
NA
NA
NA
NA
NA
NA
NA
NA
NA
NA
NA
NA
NA
NA
NA
NA
NA
NA
NA
NA
NA
NA
NA
NA
NA
NA
NA
NA
NA
NA
NA
NA
NA
NA
NA
NA
NA
NA
NA
NA
NA
NA
NA
NA
NA
NA
NA
NA
NA
NA
NA
NA
NA
NA
NA
NA
NA
NA
NA
NA
NA
NA
NA
NA
NA
NA
NA
NA
NA
NA
NA
NA
NA
NA
NA
NA
NA
NA
NA
NA
NA
NA
NA
NA
NA
NA
NA
NA
NA
NA
NA
NA
NA
NA
NA
NA
NA
NA
NA
NA
NA
NA
NA
NA
NA
NA
NA
NA
NA
NA
NA
NA
NA
NA
NA
NA
NA
NA
NA
NA
NA
NA
NA
NA
NA
NA
NA
NA
NA
NA
NA
NA
NA
NA
NA
NA
NA
NA
NA
NA
NA
NA
NA
NA
NA
NA
NA
NA
NA
NA
NA
NA
NA
NA
NA
NA
NA
NA
NA
NA
NA
NA
NA
NA
NA
NA
NA
NA
NA
NA
NA
NA
NA
NA
NA
NA
NA
NA
NA
NA
NA
NA
NA
NA
NA
NA
NA
NA
NA
NA
NA
NA
NA
NA
NA
NA
NA
NA
NA
NA
NA
NA
NA
NA
NA
NA
NA
NA
NA
NA
NA
NA
NA
NA
NA
NA
NA
NA
NA
NA
NA
NA
NA
NA
NA
NA
NA
NA
NA
NA
NA
NA
NA
NA
NA
NA
NA
NA
NA
NA
NA
NA
NA
NA
NA
NA
NA
NA
NA
NA
NA
NA
NA
NA
NA
NA
NA
NA
NA
NA
NA
NA
NA
NA
NA
NA
NA
NA
NA
NA
NA
NA
NA
NA
NA
NA
NA
NA
NA
NA
NA
NA
NA
NA
NA
NA
NA
NA
NA
NA
NA
NA
NA
NA
NA
NA
NA
NA
NA
NA
NA
NA
NA
NA
NA
NA
NA
NA
NA
NA
NA
NA
NA
NA
NA
NA
NA
NA
NA
NA
NA
NA
NA
NA
NA
NA
NA
NA
NA
NA
NA
NA
NA
NA
NA
NA
NA
NA
NA
NA
NA
NA
NA
NA
NA
NA
NA
NA
NA
NA
NA
NA
NA
NA
NA
NA
NA
NA
NA
NA
NA
NA
NA
NA
NA
NA
NA
NA
NA
NA
NA
NA
NA
NA
NA
NA
NA
NA
NA
NA
NA
NA
NA
NA
NA
NA
NA
NA
NA
NA
NA
NA
NA
NA
NA
NA
NA
NA
NA
NA
NA
NA
NA
NA
NA
NA
NA
NA
NA
NA
NA
NA
NA
NA
NA
NA
NA
NA
NA
NA
NA
NA
NA
NA
NA
NA
NA
NA
NA
NA
NA
NA
NA
NA
NA
NA
NA
NA
NA
NA
NA
NA
NA
NA
NA
NA
NA
NA
NA
NA
NA
NA
NA
NA
NA
NA
NA
NA
NA
NA
NA
NA
NA
NA
NA
NA
NA
NA
NA
NA
NA
NA
NA
NA
NA
NA
NA
NA
NA
NA
NA
NA
NA
NA
NA
NA
NA
NA
NA
NA
NA
NA
NA
NA
NA
NA
NA
NA
NA
NA
NA
NA
NA
NA
NA
NA
NA
NA
NA
NA
NA
NA
NA
NA
NA
NA
NA
NA
NA
NA
NA
NA
NA
NA
NA
NA
NA
NA
NA
NA
NA
NA
NA
NA
NA
NA
NA
NA
NA
NA
NA
NA
NA
NA
NA
NA
NA
NA
NA
NA
NA
NA
NA
NA
NA
NA
NA
NA
NA
NA
NA
NA
NA
NA
NA
NA
NA
NA
NA
NA
NA
NA
NA
NA
NA
NA
NA
NA
NA
NA
NA
NA
NA
NA
NA
NA
NA
NA
NA
NA
NA
NA
NA
NA
NA
NA
NA
NA
NA
NA
NA
NA
NA
NA
NA
NA
NA
NA
NA
NA
NA
NA
NA
NA
NA
NA
NA
NA
NA
NA
NA
NA
NA
NA
NA
NA
NA
NA
NA
NA
NA
NA
NA
NA
NA
NA
NA
NA
NA
NA
NA
NA
NA
NA
NA
NA
NA
NA
NA
NA
NA
NA
NA
NA
NA
NA
NA
NA
NA
NA
NA
NA
NA
NA
NA
NA
NA
NA
NA
NA
NA
NA
NA
NA
NA
NA
NA
NA
NA
NA
NA
NA
NA
NA
NA
NA
NA
NA
NA
NA
NA
NA
NA
NA
NA
NA
NA
NA
NA
NA
NA
NA
NA
NA
NA
NA
NA
NA
NA
NA
NA
NA
NA
NA
NA
NA
NA
NA
NA
NA
NA
NA
NA
NA
NA
NA
NA
NA
NA
NA
NA
NA
NA
NA
NA
NA
NA
NA
NA
NA
NA
NA
NA
NA
NA
NA
NA
NA
NA
NA
NA
NA
NA
NA
NA
NA
NA
NA
NA
NA
NA
NA
NA
NA
NA
NA
NA
NA
NA
NA
NA
NA
NA
NA
NA
NA
NA
NA
NA
NA
NA
NA
NA
NA
NA
NA
NA
NA
NA
NA
NA
NA
NA
NA
NA
NA
NA
NA
NA
NA
NA
NA
NA
NA
NA
NA
NA
NA
NA
NA
NA
NA
NA
NA
NA
NA
NA
NA
NA
NA
NA
NA
NA
NA
NA
NA
NA
NA
NA
NA
NA
NA
NA
NA
NA
NA
NA
NA
NA
NA
NA
NA
NA
NA
NA
NA
NA
NA
NA
NA
NA
NA
NA
NA
NA
NA
NA
NA
NA
NA
NA
NA
NA
NA
NA
NA
NA
NA
NA
NA
NA
NA
NA
NA
NA
NA
NA
NA
NA
NA
NA
NA
NA
NA
NA
NA
NA
NA
NA
NA
NA
NA
NA
NA
NA
NA
NA
NA
NA
NA
NA
NA
NA
NA
NA
NA
NA
NA
NA
NA
NA
NA
NA
NA
NA
NA
NA
NA
NA
NA
NA
NA
NA
NA
NA
NA
NA
NA
NA
NA
NA
NA
NA
NA
NA
NA
NA
NA
NA
NA
NA
NA
NA
NA
NA
NA
NA
NA
NA
NA
NA
NA
NA
NA
NA
NA
NA
NA
NA
NA
NA
NA
NA
NA
NA
NA
NA
NA
NA
NA
NA
NA
NA
NA
NA
NA
NA
NA
NA
NA
NA
NA
NA
NA
NA
NA
NA
NA
NA
NA
NA
NA
NA
NA
NA
NA
NA
NA
NA
NA
NA
NA
NA
NA
NA
NA
NA
NA
NA
NA
NA
NA
NA
NA
NA
NA
NA
NA
NA
NA
NA
NA
NA
NA
NA
NA
NA
NA
NA
NA
NA
NA
NA
NA
NA
NA
NA
NA
NA
NA
NA
NA
NA
NA
NA
NA
NA
NA
NA
NA
NA
NA
NA
NA
NA
NA
NA
NA
NA
NA
NA
NA
NA
NA
NA
NA
NA
NA
NA
NA
NA
NA
NA
NA
NA
NA
NA
NA
NA
NA
NA
NA
NA
NA
NA
NA
NA
NA
NA
NA
NA
NA
NA
NA
NA
NA
NA
NA
NA
NA
NA
NA
NA
NA
NA
NA
NA
NA
NA
NA
NA
NA
NA
NA
NA
NA
NA
NA
NA
NA
NA
NA
NA
NA
NA
NA
NA
NA
NA
NA
NA
NA
NA
NA
NA
NA
NA
NA
NA
NA
NA
NA
NA
NA
NA
NA
NA
NA
NA
NA
NA
NA
NA
NA
NA
NA
NA
NA
NA
NA
NA
NA
NA
NA
NA
NA
NA
NA
NA
NA
NA
NA
NA
NA
NA
NA
NA
NA
NA
NA
NA
NA
NA
NA
NA
NA
NA
NA
NA
NA
NA
NA
NA
NA
NA
NA
NA
NA
NA
NA
NA
NA
NA
NA
NA
NA
NA
NA
NA
NA
NA
NA
NA
NA
NA
NA
NA
NA
NA
NA
NA
NA
NA
NA
NA
NA
NA
NA
NA
NA
NA
NA
NA
NA
NA
NA
NA
NA
NA
NA
NA
NA
NA
NA
NA
NA
NA
NA
NA
NA
NA
NA
NA
NA
NA
NA
NA
NA
NA
NA
NA
NA
NA
NA
NA
NA
NA
NA
NA
NA
NA
NA
NA
NA
NA
NA
NA
NA
NA
NA
NA
NA
NA
NA
NA
NA
NA
NA
NA
NA
NA
NA
NA
NA
NA
NA
NA
NA
NA
NA
NA
NA
NA
NA
NA
NA
NA
NA
NA
NA
NA
NA
NA
NA
NA
NA
NA
NA
NA
NA
NA
NA
NA
NA
NA
NA
NA
NA
NA
NA
NA
NA
NA
NA
NA
NA
NA
NA
NA
NA
NA
NA
NA
NA
NA
NA
NA
NA
NA
NA
NA
NA
NA
NA
NA
NA
NA
NA
NA
NA
NA
NA
NA
NA
NA
NA
NA
NA
NA
NA
NA
NA
NA
NA
NA
NA
NA
NA
NA
NA
NA
NA
NA
NA
NA
NA
NA
NA
NA
NA
NA
NA
NA
NA
NA
NA
NA
NA
NA
NA
NA
NA
NA
NA
NA
NA
NA
NA
NA
NA
NA
NA
NA
NA
NA
NA
NA
NA
NA
NA
NA
NA
NA
NA
NA
NA
NA
NA
NA
NA
NA
NA
NA
NA
NA
NA
NA
NA
NA
NA
NA
NA
NA
NA
NA
NA
NA
NA
NA
NA
NA
NA
NA
NA
NA
NA
NA
NA
NA
NA
NA
NA
NA
NA
NA
NA
NA
NA
NA
NA
NA
NA
NA
NA
NA
NA
NA
NA
NA
NA
NA
NA
NA
NA
NA
NA
NA
NA
NA
NA
NA
NA
NA
NA
NA
NA
NA
NA
NA
NA
NA
NA
NA
NA
NA
NA
NA
NA
NA
NA
NA
NA
NA
NA
NA
NA
NA
NA
NA
NA
NA
NA
NA
NA
NA
NA
NA
NA
NA
NA
NA
NA
NA
NA
NA
NA
NA
NA
NA
NA
NA
NA
NA
NA
NA
NA
NA
NA
NA
NA
NA
NA
NA
NA
NA
NA
NA
NA
NA
NA
NA
NA
NA
NA
NA
NA
NA
NA
NA
NA
NA
NA
NA
NA
NA
NA
NA
NA
NA
NA
NA
NA
NA
NA
NA
NA
NA
NA
NA
NA
NA
NA
NA
NA
NA
NA
NA
NA
NA
NA
NA
NA
NA
NA
NA
NA
NA
NA
NA
NA
NA
NA
NA
NA
NA
NA
NA
NA
NA
NA
NA
NA
NA
NA
NA
NA
NA
NA
NA
NA
NA
NA
NA
NA
NA
NA
NA
NA
NA
NA
NA
NA
NA
NA
NA
NA
NA
NA
NA
NA
NA
NA
NA
NA
NA
NA
NA
NA
NA
NA
NA
NA
NA
NA
NA
NA
NA
NA
NA
NA
NA
NA
NA
NA
NA
NA
NA
NA
NA
NA
NA
NA
NA
NA
NA
NA
NA
NA
NA
NA
NA
NA
NA
NA
NA
NA
NA
NA
NA
NA
NA
NA
NA
NA
NA
NA
NA
NA
NA
NA
NA
NA
NA
NA
NA
NA
NA
NA
NA
NA
NA
NA
NA
NA
NA
NA
NA
NA
NA
NA
NA
NA
NA
NA
NA
NA
NA
NA
NA
NA
NA
NA
NA
NA
NA
NA
NA
NA
NA
NA
NA
NA
NA
NA
NA
NA
NA
NA
NA
NA
NA
NA
NA
NA
NA
NA
NA
NA
NA
NA
NA
NA
NA
NA
NA
NA
NA
NA
NA
NA
NA
NA
NA
NA
NA
NA
NA
NA
NA
NA
NA
NA
NA
NA
NA
NA
NA
NA
NA
NA
NA
NA
NA
NA
NA
NA
NA
NA
NA
NA
NA
NA
NA
NA
NA
NA
NA
NA
NA
NA
NA
NA
NA
NA
NA
NA
NA
NA
NA
NA
NA
NA
NA
NA
NA
NA
NA
NA
NA
NA
NA
NA
NA
NA
NA
NA
NA
NA
NA
NA
NA
NA
NA
NA
NA
NA
NA
NA
NA
NA
NA
NA
NA
NA
NA
NA
NA
NA
NA
NA
NA
NA
NA
NA
NA
NA
NA
NA
NA
NA
NA
NA
NA
NA
NA
NA
NA
NA
NA
NA
NA
NA
NA
NA
NA
NA
NA
NA
NA
NA
NA
NA
NA
NA
NA
NA
NA
NA
NA
NA
NA
NA
NA
NA
NA
NA
NA
NA
NA
NA
NA
NA
NA
NA
NA
NA
NA
NA
NA
NA
NA
NA
NA
NA
NA
NA
NA
NA
NA
NA
NA
NA
NA
NA
NA
NA
NA
NA
NA
NA
NA
NA
NA
NA
NA
NA
NA
NA
NA
NA
NA
NA
NA
NA
NA
NA
NA
NA
NA
NA
NA
NA
NA
NA
NA
NA
NA
NA
NA
NA
NA
NA
NA
NA
NA
NA
NA
NA
NA
NA
NA
NA
NA
NA
NA
NA
NA
NA
NA
NA
NA
NA
NA
NA
NA
NA
NA
NA
NA
NA
NA
NA
NA
NA
NA
NA
NA
NA
NA
NA
NA
NA
NA
NA
NA
NA
NA
NA
NA
NA
NA
NA
NA
NA
NA
NA
NA
NA
NA
NA
NA
NA
NA
NA
NA
NA
NA
NA
NA
NA
NA
NA
NA
NA
NA
NA
NA
NA
NA
NA
NA
NA
NA
NA
NA
NA
NA
NA
NA
NA
NA
NA
NA
NA
NA
NA
NA
NA
NA
NA
NA
NA
NA
NA
NA
NA
NA
NA
NA
NA
NA
NA
NA
NA
NA
NA
NA
NA
NA
NA
NA
NA
NA
NA
NA
NA
NA
NA
NA
NA
NA
NA
NA
NA
NA
NA
NA
NA
NA
NA
NA
NA
NA
NA
NA
NA
NA
NA
NA
NA
NA
NA
NA
NA
NA
NA
NA
NA
NA
NA
NA
NA
NA
NA
NA
NA
NA
NA
NA
NA
NA
NA
NA
NA
NA
NA
NA
NA
NA
NA
NA
NA
NA
NA
NA
NA
NA
NA
NA
NA
NA
NA
NA
NA
NA
NA
NA
NA
NA
NA
NA
NA
NA
NA
NA
NA
NA
NA
NA
NA
NA
NA
NA
NA
NA
NA
NA
NA
NA
NA
NA
NA
NA
NA
NA
NA
NA
NA
NA
NA
NA
NA
NA
NA
NA
NA
NA
NA
NA
NA
NA
NA
NA
NA
NA
NA
NA
NA
NA
NA
NA
NA
NA
NA
NA
NA
NA
NA
NA
NA
NA
NA
NA
NA
NA
NA
NA
NA
NA
NA
NA
NA
NA
NA
NA
NA
NA
NA
NA
NA
NA
NA
NA
NA
NA
NA
NA
NA
NA
NA
NA
NA
NA
NA
NA
NA
NA
NA
NA
NA
NA
NA
NA
NA
NA
NA
NA
NA
NA
NA
NA
NA
NA
NA
NA
NA
NA
NA
NA
NA
NA
NA
NA
NA
NA
NA
NA
NA
NA
NA
NA
NA
NA
NA
NA
NA
NA
NA
NA
NA
NA
NA
NA
NA
NA
NA
NA
NA
NA
NA
NA
NA
NA
NA
NA
NA
NA
NA
NA
NA
NA
NA
NA
NA
NA
NA
NA
NA
NA
NA
NA
NA
NA
NA
NA
NA
NA
NA
NA
NA
NA
NA
NA
NA
NA
NA
NA
NA
NA
NA
NA
NA
NA
NA
NA
NA
NA
NA
NA
NA
NA
NA
NA
NA
NA
NA
NA
NA
NA
NA
NA
NA
NA
NA
NA
NA
NA
NA
NA
NA
NA
NA
NA
NA
NA
NA
NA
NA
NA
NA
NA
NA
NA
NA
NA
NA
NA
NA
NA
NA
NA
NA
NA
NA
NA
NA
NA
NA
NA
NA
NA
NA
NA
NA
NA
NA
NA
NA
NA
NA
NA
NA
NA
NA
NA
NA
NA
NA
NA
NA
NA
NA
NA
NA
NA
NA
NA
NA
NA
NA
NA
NA
NA
NA
NA
NA
NA
NA
NA
NA
NA
NA
NA
NA
NA
NA
NA
NA
NA
NA
NA
NA
NA
NA
NA
NA
NA
NA
NA
NA
NA
NA
NA
NA
NA
NA
NA
NA
NA
NA
NA
NA
NA
NA
NA
NA
NA
NA
NA
NA
NA
NA
NA
NA
NA
NA
NA
NA
NA
NA
NA
NA
NA
NA
NA
NA
NA
NA
NA
NA
NA
NA
NA
NA
NA
NA
NA
NA
NA
NA
NA
NA
NA
NA
NA
NA
NA
NA
NA
NA
NA
NA
NA
NA
NA
NA
NA
NA
NA
NA
NA
NA
NA
NA
NA
NA
NA
NA
NA
NA
NA
NA
NA
NA
NA
NA
NA
NA
NA
NA
NA
NA
NA
NA
NA
NA
NA
NA
NA
NA
NA
NA
NA
NA
NA
NA
NA
NA
0.6614
0.538
0.4444
0.8855
0.442
0.5035
0.3294
0.2864
0.475
0.4183
0.3962
0.3988
0.3365
0.381
0.5248
0.6241
0.3764
0.5094
0.4463
0.763
0.4204
0.3596
0.3333
0.68
0.3135
0.4691
0.4378
0.4719
0.4351
0.4106
0.4037
0.4201
0.5191
0.5547
0.5974
0.6781
0.4225
0.4458
0.5185
0.4828
0.2755
0.2629
0.3652
0.337
0.3918
0.5267
0.3473
0.3886
0.5091
0.4195
0.6913
0.474
0.4694
0.4345
0.3924
0.4096
0.4205
0.7481
0.4052
0.4286
0.6234
0.5283
0.4392
0.514
0.2347
0.6207
0.7211
0.3875
0.5
0.3826
0.3351
0.3902
0.5125
0.5203
0.3836
0.7132
0.4451
0.4783
0.4847
0.4384
0.7665
0.5385
0.3373
0.4024
0.4258
0.5161
0.3729
0.3986
0.4681
0.5256
0.4774
0.3171
0.3413
0.5563
0.3734
0.5338
0.5
0.4539
0.358
0.2981
0.5723
0.4093
0.3617
0.6107
0.4934
0.3687
0.399
0.4082
0.3155
0.4011
0.3976
0.367
0.2908
0.4503
0.4581
0.3302
0.5361
0.3052
0.5484
0.4633
0.4487
0.2914
0.6133
0.6612
0.443
0.5325
0.32
0.5606
0.4575
0.4824
0.3732
0.4403
0.5385
0.5646
0.3966
0.5
0.3118
0.5273
0.4138
0.5588
0.6054
0.3166
0.3949
0.4898
0.3096
0.5538
0.3787
0.6715
0.4316
0.6724
0.5
0.422
0.3831
0.3771
0.4675
0.3673
0.3567
0.3988
0.3595
0.7054
0.4124
0.5403
0.4906
0.5122
0.3949
0.5294
0.5793
0.4241
0.3169
0.4911
0.375
0.3778
0.4839
0.2682
0.4167
0.662
0.5646
0.3882
0.3812
0.8296
0.4124
0.316
0.5407
0.5058
0.25
0.3557
0.5742
0.6327
0.6308
0.3742
0.6452
0.1878
0.4706
0.4815
0.3497
0.4619
0.7303
0.5742
0.56
0.4793
0.4451
0.4588
0.6133
0.5061
0.4868
0.5742
0.4899
0.4863
0.3778
0.3699
0.5423
0.6154
0.5939
0.4507
0.4194
0.5641
0.6512
0.5035
0.3895
0.514
0.4438
0.6739
0.4733
0.438
0.4184
0.4437
0.4494
0.3524
0.3576
0.367
0.4872
0.4468
0.8649
0.3916
0.4962
0.3277
0.5811
0.5427
0.5207
0.413
0.4259
0.7744
0.3621
0.3536
0.6447
0.3818
0.3659
0.5479
0.6074
0.3814
0.6429
0.56
0.2792
0.5909
0.6202
0.6336
0.7698
0.5556
0.4716
0.3873
0.3859
0.5205
0.3882
0.5059
0.3235
0.6538
0.3353
0.3392
0.5062
0.4812
0.4518
0.4091
0.6688
0.2704
0.5385
0.4121
0.4688
0.5714
0.4171
0.5
0.6316
0.4675
0.5298
0.3539
0.5793
0.3439
0.5986
0.5732
0.6218
0.5655
0.3082
0.4417
0.3742
0.4
0.3728
0.3622
0.3152
0.3333
0.6806
0.5469
0.5461
0.702
0.3837
0.4575
0.4969
0.4371
0.5316
0.4011
0.369
0.5092
0.4545
0.4068
0.4843
0.4036
0.3373
0.522
0.52
0.4099
0.5987
0.5739
0.325
0.6286
0.454
0.5613
0.6824
0.5122
0.3702
0.4
0.3787
0.3743
0.3895
0.3175
0.5467
0.3652
0.3103
0.5
0.4518
0.373
0.6846
0.3115
0.3939
0.8686
0.4149
0.471
0.3846
0.3174
0.3818
0.5507
0.4375
0.5192
0.6039
0.3621
0.483
0.5563
0.3436
0.4351
0.4126
0.4417
0.3413
0.449
0.4855
0.4162
0.4294
0.5375
0.5583
0.3825
0.3517
0.5028
0.4722
0.3793
0.5634
0.4167
0.5112
0.6765
0.4359
0.4833
0.5245
0.5923
0.4231
0.4533
0.3898
0.7308
0.4715
0.3989
0.3208
0.3956
0.8308
0.4606
0.4868
0.5385
0.5882
0.4807
0.2727
0.4552
0.6818
0.4062
0.3964
0.5714
0.171
0.3714
0.5704
0.3645
0.34
0.4324
0.4348
0.3975
0.6026
0.4026
0.322
0.5985
0.7244
0.7812
0.7319
0.4651
0.3988
0.3353
0.2153
0.3517
0.3772
0.5676
0.3533
0.3427
0.3352
0.5563
0.3702
0.5357
0.4276
0.5548
0.5068
0.5733
0.5407
0.5693
0.4785
0.3713
0.5638
0.4185
0.6268
0.3547
0.4061
0.5536
0.5696
0.4854
0.4724
0.5097
0.5578
0.3187
0.5
0.4146
0.5232
0.5269
0.4573
0.4873
0.2189
0.3218
0.4506
0.3626
0.7727
0.3893
0.4588
0.399
0.7252
0.3553
0.4145
0.4276
0.3774
0.4579
0.3333
0.4599
0.4973
0.6121
0.5541
0.4236
0.3602
0.5865
0.4286
0.3803
0.4248
0.5484
0.4145
0.4312
0.2674
0.2873
0.3697
0.3253
0.3613
0.4033
0.2088
0.4195
0.4085
0.3837
0.5793
0.4106
0.503
0.3927
0.3592
0.4802
0.4834
0.4356
0.6623
0.3434
0.4641
0.4294
0.506
0.7308
0.791
0.3
0.6935
0.5786
0.4759
0.3554
0.744
0.3497
0.3285
0.4444
0.3567
0.4327
0.4684
0.3467
0.5664
0.3672
0.6884
0.4904
0.3554
0.3147
0.6452
0.5772
0.3836
0.4345
0.4136
0.4101
0.5933
0.6333
0.4868
0.4691
0.4944
0.4843
0.5214
0.3777
0.3434
0.6833
0.3978
0.2768
0.3892
0.4241
0.3353
0.6906
0.4184
0.3289
0.5448
0.5411
0.5284
0.4183
0.3333
0.4706
0.3279
0.3443
0.3987
0.4392
0.6452
0.4255
0.3422
0.6875
0.4416
0.3314
0.5417
0.4965
0.4065
0.5096
0.5374
0.6599
0.746
0.5214
0.3372
0.3532
0.3198
0.3167
0.4444
0.3333
0.4444
0.6127
0.6122
0.3354
0.6154
0.4713
0.6026
0.3459
0.3779
0.4969
0.4278
0.6111
0.3812
0.5116
0.4817
0.3958
0.55
0.3878
0.6383
0.326
0.5802
0.3953
0.6242
0.3351
0.5058
0.531
0.4
0.3636
0.4671
0.3951
0.9147
0.413
0.4161
0.4586
0.48
0.557
0.4078
0.4345
0.5266
0.4469
0.4771
0.2965
0.8952
0.5321
0.3728
0.5806
0.375
0.4362
0.483
0.4079
0.3743
0.3869
0.5417
0.5918
0.5714
0.3369
0.8028
0.3789
0.36
0.3879
0.385
0.4966
0.7338
0.5521
0.339
0.4
0.4713
0.5656
0.5
0.5455
0.2989
0.5752
0.3926
0.4724
0.5061
0.7103
0.5705
0.3529
0.3918
0.4054
0.4247
0.6349
0.4157
0.4408
0.4452
0.3177
0.3299
0.4167
0.8284
0.4052
0.585
0.4167
0.4698
0.4966
0.5949
0.4611
0.5646
0.3602
0.4438
0.3137
0.4721
0.4571
0.4753
0.4875
0.6479
0.5389
0.3059
0.5299
0.4878
0.3497
0.4653
0.7967
0.3694
0.5496
0.3765
0.7431
0.3242
0.4516
0.5034
0.4718
0.3859
0.3672
0.4247
0.4489
0.5833
0.5298
0.4902
0.4161
0.5125
0.3947
0.4128
0.474
0.4826
0.5282
0.3176
0.4691
0.5355
0.5347
0.7445
0.4348
0.388
0.547
0.3636
0.5804
0.5817
0.3294
0.3699
0.5612
0.3405
0.4359
0.3953
0.6424
0.45
0.3464
0.4351
0.5099
0.3865
0.6424
0.539
0.3981
0.4432
0.4932
0.6364
0.3216
0.3988
0.5118
0.4118
0.4487
0.5
0.3832
0.6259
0.5105
0.5031
0.4211
0.5864
0.4251
0.6235
0.9756
0.5119
0.552
0.5752
0.2674
0.3355
0.4089
0.4877
0.5515
0.6087
0.3964
0.3152
0.4278
0.481
0.4615
0.5467
0.6069
0.4124
0.5172
0.465
0.4884
0.3556
0.5407
0.4214
0.4146
0.3915
0.3333
0.5793
0.5097
0.4967
0.5749
0.5468
0.6213
0.449
0.6276
0.6027
0.3182
0.4067
0.5874
0.4908
0.2821
0.5181
0.3529
0.2475
0.3295
0.5399
0.4351
0.3878
0.5032
0.6056
0.5644
0.3632
0.3256
0.7415
0.2771
0.4151
0.4267
0.4734
0.3448
0.4375
0.3258
0.5776
0.5
0.7373
0.45
0.2601
0.4035
0.4506
0.4967
0.3158
0.6071
0.3138
0.4351
0.4969
0.4161
0.4512
0.443
0.3105
0.39
0.4901
0.4724
0.5287
0.4599
0.5697
0.5556
0.6093
0.5588
0.4844
0.5828
0.6276
0.3289
0.5248
0.6071
0.4235
0.4867
0.2542
0.3503
0.6014
0.5235
0.4658
0.5926
0.5118
0.4261
0.3924
0.5855
0.5868
0.3354
0.6345
0.521
0.3512
0.5762
0.4024
0.4514
0.4885
0.3019
0.497
0.4257
0.5338
0.3613
0.4861
0.5
0.5092
0.3237
0.5029
0.5115
0.4636
0.5349
0.5211
0.5641
0.4611
0.5855
0.4059
0.488
0.4375
0.5707
0.7931
0.4161
0.4886
0.4551
0.4382
0.4964
0.493
0.3842
0.4335
0.5034
0.3797
0.457
0.4304
0.3374
0.4706
0.5108
0.5475
0.4311
0.3275
0.5909
0.4638
0.5282
0.4755
0.4121
0.6822
0.362
0.386
0.5438
0.3486
0.3879
0.7934
0.5824
0.5111
0.5276
0.5071
0.5172
0.4767
0.5159
0.3797
0.4573
0.6593
0.5563
0.4304
0.5033
0.5526
0.3889
0.4847
0.5517
0.2487
0.521
0.3652
0.5789
0.4783
0.4383
0.6713
0.6357
0.3876
0.5725
0.2785
0.5467
0.4026
0.4392
0.4803
0.4134
0.6387
0.3882
0.35
0.4238
0.5294
0.2881
0.7557
0.3967
0.3911
0.6541
0.4311
0.3925
0.3333
0.559
0.5
0.3385
0.3896
0.4545
0.4561
0.6643
0.6181
0.4041
0.4438
0.4753
0.5704
0.6486
0.4371
0.4041
0.4872
0.5263
0.4422
0.5556
0.3232
0.3371
0.3488
0.3978
0.637
0.4167
0.4083
0.6242
0.436
0.5342
0.5568
0.4934
0.2771
0.5215
0.5354
0.4557
0.4198
0.6031
0.3551
0.4043
0.2353
0.1845
0.3025
0.3725
0.195
0.3067
0.219
0.3129
0.3617
0.4254
0.309
0.3585
0.3785
0.4113
0.3101
0.2722
0.1553
0.632
0.2919
0.2471
0.3189
0.3315
0.3032
0.271
0.2484
0.3136
0.4351
0.4161
0.474
0.3356
0.3422
0.3133
0.3577
0.269
0.1276
0.232
0.2135
0.1957
0.2515
0.46
0.2635
0.36
0.3636
0.3391
0.4362
0.3961
0.4286
0.3425
0.2342
0.2994
0.267
0.5038
0.2092
0.2532
0.4416
0.319
0.3716
0.3611
0.1878
0.4552
0.5
0.2562
0.3466
0.255
0.2199
0.2622
0.3562
0.4324
0.2877
0.5441
0.2927
0.2422
0.3436
0.2857
0.5629
0.3671
0.2604
0.2683
0.2903
0.3165
0.2599
0.1933
0.3732
0.4615
0.3935
0.2378
0.2575
0.3684
0.2722
0.3108
0.3803
0.3947
0.267
0.1579
0.3757
0.3368
0.2819
0.4631
0.3882
0.2737
0.2642
0.3333
0.1981
0.2881
0.2831
0.1852
0.19
0.2105
0.2774
0.2264
0.4458
0.2129
0.2531
0.322
0.3269
0.096
0.4667
0.5702
0.3418
0.2604
0.28
0.3684
0.3856
0.2674
0.2676
0.3836
0.4451
0.4189
0.3086
0.391
0.1588
0.4121
0.3908
0.375
0.4865
0.2915
0.3385
0.1689
0.2132
0.3929
0.355
0.6277
0.3211
0.4914
0.2264
0.3353
0.1859
0.28
0.3314
0.2806
0.3101
0.3576
0.2288
0.6279
0.3842
0.4597
0.3395
0.4207
0.2658
0.2903
0.2988
0.3418
0.2667
0.4142
0.2895
0.2556
0.3355
0.2346
0.2679
0.5
0.4966
0.3377
0.1713
0.5662
0.2994
0.3019
0.4386
0.3353
0.1676
0.3221
0.2405
0.3878
0.4154
0.2372
0.5226
0.132
0.2816
0.358
0.2638
0.35
0.6316
0.5161
0.46
0.4379
0.2912
0.3218
0.5
0.372
0.3026
0.3665
0.3221
0.3497
0.2333
0.2486
0.3151
0.4103
0.3744
0.3239
0.2468
0.3354
0.407
0.3916
0.3053
0.35
0.4024
0.587
0.2353
0.2993
0.3333
0.3706
0.3608
0.2429
0.2635
0.2872
0.3654
0.2535
0.6847
0.244
0.2941
0.3333
0.4324
0.3012
0.3059
0.2772
0.311
0.5865
0.2203
0.2623
0.3797
0.1845
0.3171
0.3642
0.3636
0.2513
0.4062
0.3068
0.1675
0.4416
0.4806
0.4504
0.5159
0.4236
0.4886
0.2629
0.2989
0.3446
0.3647
0.2442
0.2353
0.5
0.2471
0.193
0.3688
0.3812
0.3253
0.3466
0.513
0.2245
0.4444
0.3072
0.323
0.4464
0.3371
0.4286
0.4436
0.4142
0.3274
0.2528
0.298
0.2357
0.4755
0.4242
0.4295
0.5034
0.3375
0.3865
0.3252
0.326
0.2384
0.2757
0.2772
0.2
0.6042
0.4375
0.2778
0.5497
0.2907
0.329
0.3025
0.3234
0.3459
0.3164
0.2798
0.4663
0.3699
0.3239
0.3711
0.3253
0.2952
0.434
0.3137
0.3067
0.3312
0.4489
0.2688
0.45
0.3333
0.4038
0.4595
0.2529
0.3812
0.2703
0.2604
0.2131
0.3721
0.2593
0.3072
0.2865
0.2241
0.3765
0.4157
0.2595
0.5503
0.2022
0.2788
0.6204
0.3138
0.3226
0.1987
0.2515
0.1667
0.3571
0.3182
0.4872
0.5
0.2414
0.3469
0.3841
0.2718
0.313
0.2718
0.3558
0.2604
0.3299
0.3986
0.2586
0.2768
0.3436
0.4663
0.2623
0.3172
0.352
0.375
0.2529
0.4648
0.2857
0.352
0.4211
0.3822
0.3667
0.3566
0.5077
0.3654
0.2092
0.2316
0.5385
0.2487
0.3146
0.2453
0.2527
0.6846
0.4424
0.3882
0.4103
0.3922
0.326
0.2201
0.2534
0.5325
0.3062
0.3846
0.4361
0.1917
0.2114
0.4718
0.2064
0.32
0.3784
0.2609
0.3602
0.3046
0.3766
0.2303
0.4745
0.4936
0.5078
0.5143
0.314
0.3064
0.2118
0.1579
0.3172
0.24
0.3581
0.2695
0.2247
0.2159
0.4305
0.2155
0.4214
0.3203
0.4247
0.411
0.4467
0.3407
0.4453
0.3681
0.2695
0.4832
0.3478
0.4085
0.25
0.3046
0.3452
0.2866
0.3158
0.3742
0.3806
0.3624
0.2582
0.338
0.3537
0.457
0.3952
0.2874
0.4367
0.2156
0.198
0.3889
0.2339
0.6061
0.3826
0.2924
0.2383
0.5725
0.1711
0.4079
0.2338
0.3145
0.2263
0.339
0.3583
0.4426
0.4545
0.4295
0.2345
0.2903
0.5414
0.2346
0.2558
0.2645
0.4387
0.2848
0.3938
0.1968
0.1547
0.0562
0.2349
0.2452
0.2099
0.1319
0.0741
0.2986
0.2416
0.3793
0.3709
0.4217
0.2564
0.3239
0.3503
0.3203
0.2364
0.4805
0.259
0.2983
0.3235
0.4036
0.5513
0.4478
0.2188
0.6452
0.3899
0.4217
0.3434
0.6
0.1718
0.292
0.366
0.2456
0.3333
0.3481
0.2312
0.3566
0.3503
0.6741
0.4114
0.253
0.269
0.4258
0.443
0.2603
0.3103
0.3086
0.2806
0.3467
0.3782
0.418
0.3333
0.4382
0.3836
0.3493
0.2979
0.297
0.6333
0.2473
0.2034
0.3095
0.2875
0.2717
0.4345
0.2345
0.1908
0.5103
0.3425
0.3807
0.2745
0.1703
0.268
0.224
0.2204
0.2013
0.3311
0.4758
0.2979
0.2021
0.5312
0.2453
0.2286
0.25
0.2587
0.2774
0.2785
0.3673
0.4694
0.5238
0.3333
0.2442
0.201
0.1561
0.2778
0.363
0.2874
0.3333
0.4028
0.5578
0.1739
0.5321
0.3885
0.5385
0.2264
0.2442
0.3727
0.2889
0.5
0.3812
0.3064
0.3403
0.2656
0.3071
0.2296
0.4397
0.2376
0.4074
0.2701
0.535
0.3191
0.3239
0.3793
0.2611
0.2403
0.256
0.2654
0.3139
0.3913
0.3665
0.3822
0.4067
0.3464
0.2889
0.3379
0.3077
0.3051
0.3137
0.1965
0.7903
0.3397
0.3254
0.3354
0.2772
0.2416
0.3265
0.28
0.1908
0.3066
0.3036
0.3265
0.3442
0.2086
0.5524
0.2135
0.2119
0.152
0.23
0.415
0.5211
0.4172
0.2793
0.2515
0.3758
0.376
0.3333
0.5035
0.0904
0.366
0.2439
0.4172
0.4451
0.411
0.3557
0.2941
0.314
0.2703
0.3425
0.5397
0.3795
0.375
0.3871
0.2154
0.269
0.3459
0.8284
0.3203
0.4422
0.3782
0.2617
0.2897
0.4465
0.3832
0.2973
0.2654
0.2688
0.2208
0.3182
0.4929
0.3457
0.3438
0.4718
0.2934
0.2781
0.4627
0.439
0.2073
0.2966
0.5806
0.293
0.2977
0.142
0.4444
0.2391
0.4649
0.2903
0.3147
0.3098
0.3295
0.3011
0.25
0.4821
0.2781
0.1987
0.3602
0.35
0.3553
0.3663
0.3484
0.2414
0.4085
0.2023
0.2716
0.3677
0.4306
0.5912
0.253
0.3115
0.4199
0.2597
0.2937
0.4314
0.3118
0.3757
0.4964
0.2903
0.2821
0.25
0.4834
0.2761
0.2514
0.2774
0.3245
0.2822
0.5364
0.3896
0.3301
0.3125
0.3176
0.5152
0.2573
0.2798
0.3765
0.2588
0.25
0.3526
0.3174
0.5442
0.4684
0.4277
0.3421
0.3832
0.2529
0.5185
0.56
0.3529
0.496
0.4052
0.1897
0.3032
0.2927
0.2901
0.3494
0.4214
0.284
0.1697
0.3056
0.3038
0.391
0.4467
0.4276
0.322
0.3724
0.2905
0.3837
0.2778
0.3953
0.3899
0.2622
0.2698
0.2338
0.5183
0.3742
0.3444
0.4226
0.4245
0.4793
0.3061
0.469
0.4178
0.2614
0.26
0.4722
0.3681
0.2675
0.3916
0.2267
0.1608
0.2659
0.4146
0.3442
0.3163
0.3376
0.4296
0.4417
0.2684
0.2584
0.6216
0.1786
0.3797
0.1933
0.3373
0.3448
0.3375
0.226
0.3851
0.4189
0.5167
0.3214
0.2081
0.2791
0.2667
0.366
0.2749
0.3333
0.1832
0.3182
0.3313
0.2609
0.3133
0.2685
0.2603
0.245
0.3179
0.3681
0.4013
0.3723
0.4788
0.4015
0.4172
0.3059
0.2578
0.4768
0.5379
0.2434
0.331
0.461
0.269
0.34
0.1412
0.2599
0.5
0.3133
0.3699
0.3597
0.3086
0.3864
0.3101
0.4803
0.3391
0.2439
0.4828
0.4251
0.2262
0.4145
0.2788
0.3125
0.28
0.1698
0.2456
0.3311
0.3154
0.2327
0.3125
0.3395
0.3252
0.1486
0.28
0.3258
0.3113
0.3931
0.4789
0.4359
0.3293
0.4575
0.2471
0.3554
0.3241
0.5183
0.6069
0.2847
0.3807
0.3054
0.3146
0.3525
0.2098
0.2842
0.3873
0.3758
0.2911
0.3495
0.3082
0.1818
0.3922
0.3548
0.4525
0.3593
0.2339
0.4545
0.2766
0.2378
0.3056
0.3297
0.3923
0.2393
0.2807
0.35
0.28
0.3598
0.5935
0.3706
0.3611
0.4417
0.3929
0.3836
0.3081
0.4459
0.2278
0.2959
0.437
0.457
0.3148
0.3444
0.3684
0.303
0.3373
0.3378
0.1554
0.3593
0.191
0.3947
0.3354
0.2638
0.4545
0.5571
0.3202
0.4493
0.2283
0.36
0.184
0.4027
0.3032
0.2486
0.3503
0.2471
0.2556
0.3576
0.4133
0.1695
0.5954
0.3043
0.2346
0.4717
0.3333
0.2674
0.244
0.5093
0.319
0.1771
0.3636
0.3352
0.3333
0.5786
0.4267
0.363
0.3812
0.3951
0.3169
0.4797
0.3576
0.2938
0.3013
0.4503
0.2041
0.4519
0.3148
0.2286
0.2558
0.2849
0.3162
0.3274
0.2982
0.36
0.3779
0.4286
0.3864
0.1346
0.2575
0.3558
0.3969
0.0442
0.358
0.8168
0.0403
0.18
0.2412
0.0607
0.3025
0.3137
0.2201
0.2515
0.2163
0.2838
0.3262
0.3582
0.2809
0.3333
0.0863
0.3901
0.2013
0.2809
0.1615
0.4921
0.1838
0.3765
0.0725
0.0406
0.2308
0.0471
0.1801
0.2899
0.313
0.3431
0.3831
0.2303
0.0841
0.2262
0.0733
0.2966
0.1574
0.2577
0.2191
0.1793
0.2807
0.4
0.2575
0.3029
0.0538
0.0923
0.4295
0.4221
0.3179
0.3862
0.2089
0.3054
0.3182
0.5191
0.2222
0.2792
0.0833
0.227
0.3041
0.3
0.1582
0.1859
0.4932
0.1625
0.358
0.2349
0.2565
0.2622
0.325
0.473
0.2534
0.5735
0.3171
0.2671
0.3436
0.2133
0.6647
0.0944
0.2604
0.3049
0.076
0.0936
0.2203
0.1867
0.3239
0.4551
0.3935
0.2378
0.2036
0.3487
0.2152
0.3041
0.0828
0.3618
0.0423
0.1579
0.3988
0.285
0.2926
0.5101
0.4408
0.0677
0.2746
0.4082
0.2029
0.0515
0.259
0.2926
0.18
0.1908
0.3226
0.2642
0.4036
0.2403
0.0568
0.3277
0.2756
0.1771
0.3533
0.6033
0.3418
0.284
0.2267
0.3333
0.3268
0.2865
0.3239
0.3585
0.4231
0.3946
0.3543
0.4295
0.0615
0.2695
0.3448
0.3897
0.3289
0.2513
0.2769
0.1689
0.1878
0.352
0.2722
0.5766
0.2902
0.5543
0.2597
0.3237
0.1923
0.2229
0.3254
0.2194
0.2675
0.3212
0.2157
0.5152
0.3051
0.0993
0.0773
0.0707
0.2866
0.3613
0.0387
0.2312
0.2722
0.3491
0.1871
0.2222
0.2436
0.2793
0.2976
0.5141
0.3684
0.351
0.1848
0.4118
0.2541
0.2689
0.4678
0.341
0.0765
0.3356
0.1779
0.3605
0.3692
0.0602
0.5226
0.0385
0.2989
0.3333
0.2515
0.325
0.3758
0.3718
0.097
0.3905
0.3077
0.2529
0.3129
0.3171
0.281
0.3416
0.3289
0.0437
0.2333
0.0486
0.3288
0.4103
0.4129
0.2431
0.0964
0.3106
0.4012
0.2838
0.2356
0.4134
0.2722
0.5507
0.1961
0.1304
0.3404
0.3007
0.3165
0.2429
0.2635
0.2128
0.3718
0.1958
0.5586
0.2651
0.2734
0.2825
0.3784
0.0543
0.3
0.2169
0.064
0.4776
0.0628
0.2678
0.022
0.1156
0.3232
0.3245
0.2552
0.2615
0.5
0.0564
0.0634
0.4416
0.4109
0.0974
0.5873
0.4514
0.3523
0.2171
0.0305
0.3581
0.2529
0.2849
0.1569
0.4744
0.2235
0.193
0.0925
0.25
0.3373
0.3239
0.4545
0.1212
0.4306
0.2651
0.3106
0.375
0.2686
0.0699
0.0526
0.4176
0.375
0.0466
0.3113
0.1911
0.5141
0.0891
0.4359
0.469
0.325
0.311
0.3067
0.2295
0.2865
0.2378
0.25
0.0798
0.5278
0.1399
0.2716
0.0894
0.2384
0.3791
0.2346
0.3473
0.434
0.3616
0.2381
0.411
0.0867
0.0402
0.4277
0.3133
0.193
0.4654
0.3733
0.2331
0.3182
0.3202
0.2812
0.4
0.3046
0.0722
0.4324
0.2412
0.2983
0.2595
0.2899
0.224
0.1117
0.2487
0.2387
0.2167
0.1229
0.3333
0.2824
0.045
0.2184
0.2022
0.2364
0.5143
0.2819
0.3226
0.0732
0.2395
0.2071
0.3429
0.0714
0.5064
0.3248
0.2343
0.3605
0.4238
0.2051
0.2727
0.2427
0.2761
0.2824
0.3112
0.2028
0.3353
0.2599
0.3497
0.4172
0.1838
0.3172
0.4358
0.375
0.2356
0.4718
0.2544
0.2961
0.0348
0.2994
0.3
0.3217
0.4846
0.0585
0.3
0.2203
0.4538
0.285
0.0417
0.2138
0.1828
0.6385
0.4424
0.3684
0.2994
0.3791
0.2818
0.1014
0.269
0.4286
0.0506
0.3235
0.3358
0.1762
0.1943
0.3427
0.0474
0.34
0.3221
0.0457
0.0611
0.3179
0.3571
0.125
0.1111
0.4167
0.1241
0.5357
0.3023
0.2832
0.2353
0.0631
0.269
0.0317
0.3176
0.0678
0.2191
0.25
0.3709
0.2541
0.4214
0.2697
0.3904
0.3836
0.0765
0.089
0.438
0.0621
0.0865
0.2785
0.3081
0.4085
0.0766
0.2944
0.2976
0.2216
0.3275
0.3129
0.3613
0.3087
0.235
0.3521
0.2805
0.4503
0.0691
0.3114
0.0809
0.1834
0.1683
0.2289
0.2616
0.5758
0.2617
0.0489
0.0796
0.6336
0.1776
0.3882
0.0667
0.2956
0.2684
0.3559
0.2834
0.3602
0.4303
0.0632
0.2621
0.0481
0.3333
0.2919
0.2676
0.1566
0.2367
0.2434
0.2795
0.1915
0.1429
0.0899
0.2108
0.0859
0.2099
0.1374
0.0688
0.2797
0.0741
0.3154
0.2914
0.3491
0.2718
0.2887
0.3051
0.3137
0.2545
0.461
0.241
0.2983
0.0707
0.3675
0.5128
0.4851
0.225
0.5161
0.4277
0.3675
0.0753
0.576
0.0814
0.2993
0.3725
0.0588
0.3041
0.3291
0.1759
0.3077
0.3051
0.0625
0.3503
0.0833
0.2234
0.3567
0.4765
0.2466
0.3103
0.0829
0.0662
0.4
0.3654
0.3455
0.284
0.3596
0.0645
0.2808
0.2819
0.2485
0.5583
0.2312
0.226
0.0495
0.2875
0.0811
0.3931
0.2069
0.1895
0.4828
0.3082
0.4091
0.0427
0.2
0.2662
0.1654
0.1862
0.2792
0.3784
0.4194
0.2606
0.1809
0.0921
0.1071
0.1771
0.0506
0.2308
0.2692
0.2595
0.4218
0.46
0.5079
0.3191
0.0383
0.2108
0.1618
0.037
0.25
0.2816
0.1361
0.3958
0.4228
0.1166
0.0449
0.3333
0.3765
0.2075
0.2267
0.3043
0.2889
0.4722
0.3062
0.0781
0.288
0.2188
0.4429
0.2551
0.3901
0.2486
0.3155
0.2356
0.4873
0.3298
0.4244
0.1018
0.2778
0.1401
0.2798
0.2531
0.447
0.3152
0.2963
0.3631
0.36
0.4295
0.3111
0.0701
0.3018
0.2626
0.2614
0.2035
0.7016
0.3205
0.2706
0.1186
0.2935
0.2148
0.3605
0.0875
0.1965
0.292
0.0829
0.3537
0.0739
0.0539
0.3487
0.2062
0.2119
0.1579
0.0374
0.415
0.0915
0.3497
0.2458
0.1038
0.3758
0.2955
0.0988
0.3916
0.1186
0.4771
0.08
0.3252
0.0928
0.4828
0.3423
0.1911
0.3099
0.2406
0.3469
0.3984
0.3313
0.4013
0.0893
0.2051
0.3096
0.0979
0.5662
0.3007
0.415
0.3846
0.2416
0.269
0.3711
0.3892
0.3061
0.2407
0.2375
0.1688
0.3503
0.0793
0.3148
0.3438
0.4718
0.3353
0.1775
0.4179
0.4146
0.052
0.3241
0.4919
0.0714
0.3282
0.2057
0.0473
0.2826
0.0619
0.1463
0.0588
0.2283
0.3523
0.2634
0.233
0.369
0.2781
0.2129
0.4161
0.2625
0.3487
0.3721
0.3742
0.1989
0.0427
0.2529
0.284
0.3161
0.0864
0.4069
0.2289
0.3388
0.3702
0.0414
0.274
0.4118
0.3059
0.1685
0.1024
0.2811
0.2756
0.2209
0.4834
0.3374
0.1955
0.3961
0.3289
0.3067
0.0714
0.3312
0.2864
0.3409
0.2838
0.4621
0.2047
0.157
0.3353
0.2647
0.2244
0.3421
0.2994
0.5374
0.3026
0.3962
0.122
0.3413
0.2412
0.4815
0.0903
0.375
0.3828
0.3922
0.1494
0.2581
0.2878
0.2469
0.3253
0.3714
0.3669
0.2061
0.2833
0.2671
0.0947
0.3595
0.3724
0.2994
0.3448
0.2857
0.2021
0.2944
0.0594
0.3396
0.0568
0.254
0.1841
0.0725
0.3613
0.3245
0.3214
0.0566
0.3647
0.057
0.4726
0.3562
0.0576
0.2667
0.4755
0.2945
0.1899
0.3214
0.2717
0.1436
0.1943
0.3681
0.3548
0.045
0.0795
0.4507
0.0942
0.2895
0.2123
0.5743
0.1167
0.4304
0.2
0.2959
0.3046
0.2531
0.1611
0.3789
0.3333
0.1074
0.3357
0.1734
0.3099
0.3086
0.3072
0.1696
0.0807
0.065
0.3182
0.3313
0.236
0.3373
0.2886
0.2374
0.032
0.404
0.3681
0.3567
0.2847
0.3939
0.3504
0.3377
0.3118
0.2734
0.457
0.4828
0.1974
0.331
0.5
0.2339
0.0599
0.1695
0.1639
0.3137
0.32
0.3562
0.4444
0.3143
0.3125
0.4241
0.4539
0.3571
0.2195
0.4276
0.0632
0.1813
0.4145
0.3333
0.2986
0.0484
0.1509
0.2222
0.3041
0.3289
0.2201
0.3333
0.2761
0.3129
0.2486
0.0591
0.3202
0.0838
0.36
0.4648
0.4551
0.3174
0.2012
0.2882
0.3976
0.2966
0.4921
0.5448
0.2993
0.358
0.1564
0.3202
0.2153
0.2797
0.0683
0.3543
0.2953
0.2722
0.1019
0.0409
0.2454
0.3595
0.3172
0.4022
0.3473
0.1469
0.4091
0.2908
0.2238
0.3403
0.2609
0.4231
0.2086
0.3567
0.375
0.1932
0.3091
0.5122
0.3706
0.2222
0.0608
0.3571
0.3356
0.3256
0.3481
0.2658
0.1871
0.437
0.4106
0.2364
0.3444
0.3553
0.3232
0.1183
0.4552
0.1244
0.1016
0.2191
0.375
0.3665
0.2515
0.4685
0.0602
0.2682
0.3768
0.1826
0.3933
0.0702
0.3893
0.3226
0.2291
0.3248
0.2294
0.2278
0.298
0.3725
0.1573
0.4885
0.2065
0.2179
0.4717
0.2135
0.2246
0.2321
0.5155
0.1006
0.1927
0.097
0.0781
0.3275
0.4895
0.4067
0.3288
0.325
0.1105
0.3099
0.4392
0.3245
0.2938
0.2422
0.341
0.2857
0.3852
0.0751
0.2686
0.2733
0.2674
0.375
0.2781
0.0749
0.3893
0.3256
0.3602
0.358
0.2895
0.2575
0.3129
