ncvFD_AFR	ncvFD_EUR	ncvFD_ASN	ncv_AFR	ncv_EUR	ncv_ASN	hka_AFR	hka_EUR	hka_ASN	tajd_AFR
0.4776	0.4962	0.4973	0.4328	0.4748	0.4761	0.5352	0.1824	0.1321	-1.11999
0.4892	0.4986	0.4981	0.4531	0.484	0.468	0.3148	0.0936	0.0643	-1.69535
0.4671	0.4968	0.4977	0.4102	0.4692	0.4807	0.637	0.1212	0.1394	-0.474544
0.4849	0.4954	0.4975	0.4436	0.4603	0.473	0.3892	0.1361	0.1047	-1.43234
0.4797	0.4821	0.4943	0.4375	0.4361	0.4807	0.512	0.416	0.424	-1.24803
0.4825	0.4802	0.4908	0.4499	0.4336	0.4668	0.5667	0.457	0.3947	-1.6435
0.4886	0.4971	0.4963	0.4507	0.4789	0.4801	0.3179	0.1622	0.237	-1.63081
0.4886	0.4685	0.4974	0.4654	0.3703	0.4511	0.5112	0.3708	0.0588	-2.13397
0.4922	0.4975	0.4968	0.4703	0.4666	0.4651	0.3636	0.0846	0.1045	-2.25963
0.4855	0.4912	0.4957	0.4543	0.4639	0.4826	0.4867	0.3333	0.3333	-1.76627
0.49	0.4974	0.4977	0.4523	0.484	0.4791	0.2794	0.201	0.1262	-1.6818
0.4834	0.4854	0.4968	0.4442	0.4349	0.4865	0.4494	0.3101	0.3125	-1.45688
0.4862	0.4967	0.4957	0.4388	0.475	0.451	0.3118	0.1582	0.1017	-1.27369
0.4781	0.4962	0.4937	0.4027	0.4571	0.4673	0.3228	0.1005	0.2487	-0.261595
0.4719	0.4791	0.4983	0.4155	0.4084	0.4731	0.547	0.326	0.068	-0.628636
0.4845	0.4848	0.493	0.4503	0.4249	0.4653	0.4765	0.2752	0.2617	-1.64094
0.483	0.4883	0.4984	0.4388	0.4471	0.482	0.4085	0.2988	0.1029	-1.29067
0.4796	0.4819	0.4938	0.4353	0.4212	0.4691	0.494	0.3254	0.2604	-1.19883
0.4821	0.4964	0.4983	0.4355	0.464	0.4863	0.4114	0.1145	0.1446	-1.19163
0.4878	0.4964	0.494	0.4443	0.4644	0.4594	0.2963	0.1156	0.1792	-1.42511
0.4713	0.494	0.4977	0.4148	0.4695	0.4785	0.557	0.2542	0.1204	-0.605018
0.4861	0.4975	0.4984	0.4503	0.4891	0.4769	0.4101	0.2961	0.0769	-1.64397
0.4792	0.4974	0.4958	0.4488	0.4724	0.4479	0.7197	0.1056	0.0932	-1.61598
0.4754	0.4932	0.4962	0.4352	0.4816	0.4606	0.6549	0.6056	0.1124	-1.20224
0.4803	0.4799	0.4956	0.4294	0.4084	0.4833	0.4181	0.3107	0.3616	-1.01915
0.4894	0.4985	0.4974	0.4529	0.4822	0.4814	0.305	0.0921	0.1645	-1.66672
0.4751	0.4852	0.4988	0.4077	0.4356	0.481	0.4076	0.3185	0.0678	-0.397953
0.4806	0.4978	0.4974	0.4297	0.4733	0.475	0.4118	0.0936	0.117	-1.02015
0.4856	0.4888	0.4985	0.4346	0.448	0.4832	0.302	0.2886	0.1019	-1.13769
0.4927	0.4966	0.4975	0.469	0.456	0.4642	0.3208	0.0873	0.0786	-2.22026
0.4848	0.4975	0.4991	0.4435	0.4831	0.4792	0.3915	0.1777	0.0437	-1.4394
0.481	0.4906	0.498	0.4372	0.4556	0.4695	0.4631	0.2829	0.0741	-1.24556
0.4775	0.477	0.494	0.437	0.418	0.4529	0.594	0.4254	0.1533	-1.24653
0.47	0.497	0.498	0.4131	0.4824	0.4655	0.5783	0.2108	0.0622	-0.558075
0.4786	0.4811	0.4934	0.4146	0.4041	0.4178	0.3663	0.2717	0.0957	-0.590936
0.4755	0.4972	0.4982	0.4295	0.487	0.4763	0.5758	0.2806	0.0867	-1.02356
0.4782	0.497	0.4974	0.4207	0.47	0.4329	0.4118	0.1145	0.0441	-0.771703
0.4793	0.4975	0.4981	0.4301	0.4726	0.48	0.4539	0.1053	0.1053	-1.03636
0.4883	0.4974	0.4961	0.4482	0.4686	0.4666	0.3086	0.0919	0.1351	-1.55348
0.4774	0.4793	0.4985	0.4361	0.4179	0.4866	0.5833	0.3681	0.125	-1.22311
0.4795	0.4868	0.4982	0.4376	0.4448	0.4644	0.5235	0.3333	0.0542	-1.26321
0.4883	0.4877	0.494	0.4592	0.4332	0.4694	0.4222	0.2418	0.2527	-1.92373
0.4842	0.4889	0.4859	0.4566	0.4626	0.4548	0.6013	0.4379	0.4771	-1.85564
0.4913	0.4941	0.4964	0.4576	0.4643	0.4627	0.268	0.2062	0.1122	-1.83171
0.4731	0.4957	0.4956	0.4242	0.4565	0.4571	0.5956	0.1139	0.1203	-0.872251
0.476	0.4796	0.496	0.4223	0.427	0.46	0.4848	0.4182	0.1154	-0.816216
0.4845	0.4921	0.4957	0.4499	0.4629	0.4335	0.472	0.2795	0.0747	-1.63508
0.4807	0.4782	0.4974	0.4309	0.4032	0.4619	0.4177	0.3228	0.0774	-1.05697
0.4915	0.4804	0.4968	0.4693	0.4098	0.4809	0.3966	0.3056	0.2032	-2.2333
0.4793	0.4978	0.4996	0.3909	0.4654	0.49	0.264	0.0704	0.0423	0.0540016
0.4903	0.4979	0.4969	0.4542	0.4812	0.4731	0.2814	0.1272	0.1329	-1.71664
0.4866	0.4846	0.4965	0.4635	0.4454	0.4604	0.6	0.4154	0.1	-2.05891
0.485	0.4887	0.4955	0.4517	0.445	0.4415	0.4727	0.2727	0.0894	-1.69199
0.483	0.4973	0.4974	0.4436	0.463	0.4686	0.4566	0.0821	0.0923	-1.4443
0.4795	0.4971	0.4993	0.4294	0.4696	0.4856	0.4408	0.1078	0.0539	-1.01406
0.4799	0.4963	0.4974	0.4448	0.4653	0.4751	0.6056	0.125	0.1188	-1.48845
0.4766	0.4854	0.4985	0.4212	0.4233	0.4744	0.4593	0.2558	0.0642	-0.786279
0.4856	0.4954	0.4972	0.4469	0.4635	0.4705	0.392	0.1497	0.107	-1.53469
0.4915	0.491	0.4955	0.4686	0.456	0.4475	0.3846	0.269	0.0994	-2.20307
0.4878	0.4866	0.4975	0.4573	0.4453	0.4696	0.4161	0.3416	0.0904	-1.8513
0.4808	0.4983	0.4971	0.4405	0.4833	0.4672	0.5089	0.1164	0.1005	-1.35804
0.4828	0.4978	0.4982	0.449	0.4692	0.4788	0.5355	0.0814	0.093	-1.61179
0.4875	0.4903	0.4985	0.4402	0.4374	0.4894	0.2804	0.1958	0.1684	-1.31499
0.4894	0.4978	0.4959	0.4606	0.475	0.4575	0.382	0.0995	0.1099	-1.95467
0.4904	0.4924	0.4978	0.4469	0.4657	0.477	0.2331	0.2945	0.108	-1.47474
0.4904	0.4956	0.497	0.4568	0.4735	0.4798	0.3	0.2033	0.1758	-1.81205
0.4607	0.4988	0.4958	0.3972	0.4869	0.487	0.6934	0.0994	0.4891	-0.116863
0.4851	0.4979	0.4985	0.4488	0.4764	0.4815	0.4331	0.1006	0.0888	-1.59302
0.4922	0.4894	0.4969	0.47	0.458	0.462	0.36	0.3533	0.0926	-2.22317
0.481	0.4972	0.4985	0.4453	0.4711	0.484	0.5646	0.1086	0.1086	-1.5005
0.482	0.4976	0.4982	0.4406	0.4761	0.4774	0.4645	0.1124	0.0899	-1.35023
0.4872	0.4875	0.4972	0.4554	0.4488	0.4695	0.4194	0.3419	0.1059	-1.78983
0.4878	0.4789	0.4964	0.4574	0.4112	0.4678	0.4172	0.3436	0.1292	-1.85496
0.4875	0.4962	0.4957	0.4387	0.4717	0.4482	0.2722	0.1579	0.095	-1.259
0.485	0.4817	0.4965	0.4418	0.4128	0.4673	0.3694	0.2911	0.125	-1.36762
0.489	0.4915	0.4959	0.4626	0.4351	0.4531	0.4342	0.1623	0.1013	-2.01319
0.4922	0.4979	0.4964	0.4702	0.4794	0.4809	0.3631	0.1167	0.2381	-2.24539
0.4812	0.4974	0.4981	0.4497	0.4837	0.4782	0.6291	0.1919	0.0971	-1.6443
0.4812	0.4949	0.4973	0.4232	0.476	0.479	0.3526	0.2756	0.1479	-0.825818
0.4777	0.4974	0.496	0.439	0.4741	0.4665	0.6127	0.1156	0.1387	-1.31266
0.4836	0.4987	0.4982	0.451	0.4811	0.4851	0.5263	0.0734	0.1356	-1.67066
0.4845	0.4937	0.4957	0.4431	0.4739	0.4567	0.3957	0.3286	0.1156	-1.40285
0.4877	0.4869	0.4954	0.4497	0.4339	0.4773	0.3395	0.2654	0.2622	-1.5998
0.4882	0.4793	0.4985	0.4648	0.411	0.4822	0.5238	0.3333	0.092	-2.09904
0.485	0.4803	0.4962	0.4575	0.4337	0.4786	0.5698	0.4535	0.2222	-1.8889
0.4766	0.4837	0.4965	0.4284	0.4347	0.4556	0.526	0.3571	0.0904	-0.995988
0.4871	0.4902	0.4959	0.4426	0.4583	0.4681	0.3077	0.3231	0.1533	-1.35781
0.4885	0.4954	0.4983	0.4552	0.4811	0.4765	0.3624	0.3289	0.0802	-1.76436
0.4831	0.4986	0.4987	0.4414	0.4838	0.4721	0.4294	0.0941	0.0495	-1.37635
0.4877	0.4852	0.4974	0.4556	0.4336	0.4713	0.4012	0.3064	0.1016	-1.8001
0.4818	0.4925	0.4975	0.4311	0.4603	0.4838	0.3856	0.242	0.189	-1.05509
0.4889	0.4954	0.4961	0.4696	0.477	0.4415	0.5959	0.2548	0.0769	-2.26596
0.4827	0.4977	0.4981	0.4492	0.4691	0.4763	0.5461	0.0847	0.0904	-1.62073
0.4881	0.4932	0.4958	0.4566	0.4665	0.4451	0.3938	0.2625	0.0882	-1.82491
0.4808	0.4875	0.4978	0.4352	0.4538	0.4788	0.4512	0.3902	0.1209	-1.19069
0.4898	0.4979	0.4973	0.4602	0.4785	0.4723	0.3605	0.1111	0.1111	-1.9334
0.4858	0.4852	0.499	0.4392	0.4159	0.4839	0.3242	0.2337	0.067	-1.29378
0.4843	0.4946	0.4834	0.4435	0.48	0.4265	0.4094	0.3779	0.314	-1.43358
0.4765	0.4976	0.498	0.4221	0.4799	0.4753	0.4694	0.1369	0.0893	-0.806589
0.4894	0.4961	0.4981	0.4532	0.4645	0.4816	0.306	0.127	0.1164	-1.70841
0.4814	0.4961	0.4943	0.4339	0.4639	0.4761	0.4207	0.1264	0.3234	-1.14639
0.4902	0.4942	0.4974	0.4618	0.4718	0.4654	0.3595	0.2662	0.0843	-1.96754
0.478	0.4942	0.4943	0.4206	0.4573	0.4565	0.4161	0.1646	0.1582	-0.757034
0.4895	0.4866	0.4992	0.4619	0.4242	0.486	0.3931	0.2318	0.0613	-1.97556
0.4826	0.499	0.4983	0.4334	0.4854	0.4698	0.3782	0.0788	0.0606	-1.12318
0.4853	0.4952	0.4978	0.4468	0.4734	0.4811	0.4051	0.225	0.1345	-1.52655
0.4837	0.481	0.4947	0.4244	0.4075	0.4727	0.2969	0.2865	0.25	-0.863292
0.488	0.4865	0.4966	0.4583	0.4552	0.4409	0.4198	0.45	0.0642	-1.88304
0.4701	0.498	0.4967	0.3822	0.4809	0.4679	0.3878	0.1198	0.1198	0.279673
0.4843	0.4832	0.4972	0.4403	0.4292	0.4781	0.3806	0.3355	0.1529	-1.32668
0.4834	0.4952	0.4954	0.4355	0.477	0.4536	0.3714	0.2686	0.1152	-1.19174
0.4594	0.4959	0.4969	0.3972	0.4673	0.4728	0.7305	0.1497	0.1317	-0.117333
0.4837	0.4963	0.4977	0.4473	0.4858	0.4791	0.4718	0.3566	0.1266	-1.54577
0.4946	0.4976	0.4957	0.4749	0.4726	0.4566	0.2842	0.099	0.1146	-2.37107
0.4821	0.4984	0.4981	0.4101	0.4759	0.4771	0.2744	0.0743	0.0914	-0.453642
0.4864	0.4836	0.4952	0.4467	0.4089	0.476	0.3642	0.2416	0.2528	-1.52326
0.4872	0.49	0.497	0.4434	0.4424	0.469	0.3098	0.2222	0.1117	-1.41443
0.4786	0.4966	0.4976	0.4472	0.4609	0.4716	0.7211	0.0994	0.0939	-1.57258
0.4728	0.4983	0.497	0.3948	0.47	0.471	0.3913	0.0621	0.1186	-0.0510603
0.4895	0.4873	0.4985	0.4569	0.4151	0.478	0.3353	0.1916	0.076	-1.81938
0.4868	0.4983	0.4993	0.4584	0.4695	0.4855	0.4845	0.0628	0.0493	-1.91573
0.4888	0.499	0.4967	0.4467	0.4875	0.4581	0.2807	0.0904	0.0904	-1.49505
0.4711	0.4956	0.4973	0.4295	0.456	0.4795	0.7483	0.1173	0.1543	-1.03808
0.4747	0.4961	0.4966	0.4084	0.4819	0.4643	0.4211	0.2821	0.1098	-0.41746
0.4781	0.4843	0.494	0.4367	0.4473	0.4813	0.5662	0.4485	0.4779	-1.23581
0.4878	0.4979	0.499	0.4461	0.4751	0.4864	0.3105	0.0928	0.0802	-1.51053
0.4915	0.4976	0.4973	0.4635	0.4745	0.4697	0.3149	0.1077	0.1026	-2.02543
0.4815	0.4838	0.4934	0.4322	0.4168	0.4692	0.4025	0.2642	0.283	-1.0944
0.4652	0.4973	0.4942	0.4053	0.473	0.4468	0.6452	0.116	0.1285	-0.338959
0.4866	0.4939	0.4984	0.4521	0.4623	0.48	0.4093	0.202	0.0909	-1.70379
0.487	0.4779	0.4975	0.4578	0.4099	0.4706	0.4625	0.358	0.0963	-1.87458
0.4877	0.4948	0.4978	0.4573	0.4774	0.4805	0.4251	0.3036	0.1271	-1.85711
0.4792	0.4967	0.4976	0.4358	0.4608	0.4606	0.5119	0.0969	0.0663	-1.21573
0.4778	0.4872	0.4968	0.4206	0.4419	0.4534	0.4217	0.3012	0.0765	-0.762431
0.4771	0.481	0.4975	0.4332	0.4397	0.4871	0.5597	0.4906	0.2398	-1.14122
0.4773	0.4575	0.4933	0.4284	0.3312	0.4276	0.5	0.4091	0.1098	-0.993509
0.4822	0.4902	0.4988	0.4373	0.4466	0.4869	0.4225	0.2378	0.1053	-1.23862
0.4823	0.4971	0.4988	0.414	0.4729	0.4818	0.2849	0.1236	0.073	-0.564816
0.4814	0.4954	0.4957	0.4431	0.4574	0.4519	0.5177	0.1274	0.1019	-1.42623
0.4681	0.4972	0.4939	0.4211	0.4737	0.4502	0.7385	0.1227	0.1472	-0.789757
0.4786	0.4788	0.4943	0.4298	0.4181	0.4796	0.4733	0.38	0.4	-1.0288
0.4874	0.4974	0.4972	0.4524	0.4679	0.4719	0.3764	0.0928	0.1134	-1.69969
0.4895	0.4836	0.4984	0.4596	0.4197	0.4815	0.3646	0.2798	0.0943	-1.92767
0.4889	0.4971	0.4962	0.4629	0.4789	0.4608	0.446	0.1634	0.1111	-2.01782
0.4888	0.4837	0.4982	0.4522	0.4258	0.4763	0.3222	0.3056	0.0859	-1.67953
0.4887	0.4974	0.4988	0.4679	0.4686	0.4821	0.5639	0.0943	0.0755	-2.19584
0.4937	0.4896	0.4979	0.4729	0.4547	0.4791	0.3086	0.3106	0.1124	-2.30037
0.4838	0.492	0.4967	0.4542	0.4729	0.4751	0.5755	0.4317	0.1582	-1.76986
0.4881	0.4989	0.4984	0.4597	0.4851	0.481	0.4389	0.0777	0.0922	-1.94128
0.4786	0.4827	0.4963	0.423	0.4203	0.4648	0.4161	0.302	0.1227	-0.825213
0.4879	0.4979	0.4974	0.4647	0.4743	0.466	0.5409	0.0899	0.0843	-2.10646
0.4767	0.4932	0.4961	0.433	0.4763	0.4548	0.5732	0.414	0.0994	-1.13359
0.4791	0.4978	0.4972	0.4249	0.4777	0.4756	0.4172	0.1145	0.1325	-0.882038
0.4881	0.4967	0.4974	0.4575	0.4651	0.4743	0.4068	0.1099	0.1152	-1.86522
0.488	0.4968	0.4956	0.4543	0.4751	0.4553	0.3716	0.1497	0.1138	-1.73825
0.4765	0.4982	0.4979	0.4301	0.479	0.4661	0.5449	0.0952	0.0667	-1.05289
0.4695	0.4972	0.4971	0.406	0.4735	0.4704	0.5306	0.1221	0.1105	-0.355226
0.4878	0.4814	0.4902	0.4501	0.3906	0.4416	0.3407	0.2312	0.2151	-1.62391
0.4744	0.4961	0.496	0.4201	0.4671	0.4635	0.5143	0.1401	0.1274	-0.750415
0.4828	0.4963	0.497	0.4514	0.4693	0.4694	0.5772	0.1404	0.1111	-1.69114
0.4916	0.4978	0.4994	0.4684	0.472	0.489	0.3725	0.0882	0.0588	-2.18031
0.483	0.4985	0.4966	0.4365	0.4796	0.4482	0.3901	0.0784	0.0735	-1.22518
0.4833	0.4795	0.4964	0.4413	0.4083	0.4828	0.4229	0.3182	0.267	-1.37146
0.4829	0.4958	0.4988	0.4322	0.4825	0.4849	0.3625	0.319	0.0847	-1.0885
0.4817	0.4764	0.4968	0.4412	0.4172	0.4724	0.4805	0.4351	0.1341	-1.36746
0.4879	0.48	0.4915	0.4544	0.4054	0.4589	0.3787	0.2959	0.2722	-1.75615
0.4751	0.4962	0.4959	0.422	0.4658	0.466	0.5097	0.1307	0.142	-0.808983
0.4779	0.4797	0.4961	0.4291	0.4208	0.4618	0.4877	0.3742	0.1167	-1.0125
0.4817	0.4954	0.499	0.4256	0.4773	0.4817	0.3541	0.2584	0.0573	-0.909222
0.4834	0.4888	0.4984	0.4385	0.4573	0.4792	0.3933	0.3725	0.0828	-1.2738
0.4761	0.4976	0.4993	0.4224	0.4886	0.4826	0.4828	0.2727	0.0419	-0.822542
0.4896	0.4723	0.4952	0.4634	0.3639	0.4791	0.4121	0.2967	0.3022	-2.05224
0.4817	0.4785	0.4979	0.4465	0.4226	0.4766	0.5479	0.4178	0.103	-1.53432
0.4823	0.4978	0.4985	0.442	0.4762	0.4838	0.4688	0.1067	0.1067	-1.39477
0.4799	0.4916	0.4985	0.4414	0.4574	0.4763	0.5562	0.2577	0.0674	-1.38653
0.4828	0.481	0.4978	0.437	0.4176	0.4624	0.4	0.3273	0.0652	-1.23712
0.476	0.4983	0.4972	0.4104	0.4778	0.4644	0.4031	0.0853	0.09	-0.478182
0.4734	0.4775	0.4874	0.423	0.4017	0.4515	0.5735	0.3309	0.3676	-0.83504
0.4739	0.4966	0.4976	0.4303	0.461	0.4692	0.6429	0.0984	0.0874	-1.05748
0.4817	0.4981	0.4982	0.4424	0.474	0.4671	0.4944	0.0833	0.0588	-1.41738
0.4857	0.4964	0.4965	0.4531	0.4632	0.4677	0.4615	0.113	0.1243	-1.72876
0.4749	0.4697	0.4984	0.3937	0.3442	0.4741	0.3473	0.2874	0.0663	-0.0204655
0.4728	0.4864	0.4945	0.4259	0.4476	0.4485	0.6291	0.3711	0.125	-0.927675
0.4678	0.4971	0.497	0.4231	0.4673	0.4529	0.7817	0.1	0.0706	-0.850535
0.4916	0.4933	0.4983	0.4588	0.4652	0.4764	0.2653	0.2487	0.0794	-1.86894
0.4837	0.4896	0.4958	0.4548	0.4666	0.4854	0.5938	0.4692	0.4154	-1.78646
0.4907	0.4885	0.4987	0.4571	0.4213	0.4772	0.2872	0.1862	0.0619	-1.82096
0.4922	0.4936	0.4979	0.4672	0.4579	0.4772	0.3228	0.1865	0.104	-2.14924
0.4903	0.488	0.4976	0.4538	0.4283	0.4755	0.2795	0.2174	0.1124	-1.70006
0.4783	0.4989	0.4974	0.4243	0.4858	0.4733	0.4364	0.0879	0.1099	-0.870369
0.4814	0.4888	0.497	0.4322	0.4353	0.474	0.4067	0.2237	0.1358	-1.09029
0.4803	0.4731	0.4903	0.4242	0.3853	0.4245	0.3812	0.3478	0.1588	-0.861076
0.4794	0.4975	0.4979	0.4231	0.4737	0.4723	0.3958	0.109	0.0833	-0.825425
0.4773	0.4974	0.4987	0.4317	0.4789	0.4823	0.5364	0.1438	0.0838	-1.09098
0.4845	0.4986	0.4988	0.4101	0.4832	0.4794	0.2291	0.0895	0.0632	-0.452754
0.4579	0.4722	0.4981	0.3823	0.408	0.4701	0.6352	0.478	0.0718	0.283668
0.4854	0.4954	0.4951	0.4531	0.466	0.466	0.4741	0.1608	0.1748	-1.71656
0.4823	0.4827	0.4986	0.4485	0.4353	0.4809	0.5509	0.3892	0.0829	-1.60521
0.4886	0.4984	0.4984	0.4549	0.4819	0.4821	0.355	0.1006	0.1006	-1.76649
0.488	0.4979	0.4979	0.4489	0.4776	0.4752	0.3245	0.1061	0.096	-1.58506
0.4751	0.4954	0.4983	0.4222	0.4802	0.4777	0.5123	0.3077	0.0838	-0.814232
0.4736	0.4948	0.4968	0.4207	0.4713	0.4717	0.5422	0.2253	0.1316	-0.774961
0.4794	0.4813	0.4936	0.4327	0.4142	0.4113	0.4728	0.3043	0.0854	-1.12574
0.477	0.4962	0.4956	0.4194	0.4586	0.4559	0.4364	0.1038	0.1148	-0.729386
0.4814	0.4943	0.4963	0.4424	0.4784	0.4461	0.5062	0.3642	0.0778	-1.41203
0.4788	0.497	0.4979	0.4387	0.4714	0.4726	0.5638	0.119	0.0833	-1.30114
0.4903	0.4764	0.4973	0.4681	0.3983	0.4884	0.4527	0.3378	0.3108	-2.1898
0.4791	0.4849	0.4944	0.4385	0.4434	0.441	0.5497	0.3876	0.1122	-1.30027
0.4937	0.4817	0.4959	0.475	0.3969	0.4774	0.3438	0.2407	0.2284	-2.38156
0.4854	0.483	0.4943	0.4538	0.4154	0.4493	0.4868	0.2745	0.1325	-1.75169
0.4659	0.4823	0.4974	0.4029	0.4436	0.4705	0.6026	0.4834	0.1011	-0.272648
0.4896	0.4715	0.4941	0.4578	0.3588	0.4728	0.3429	0.2955	0.2857	-1.85485
0.4763	0.4773	0.4914	0.4334	0.4228	0.4714	0.5917	0.4535	0.4438	-1.1524
0.4885	0.4848	0.4981	0.4657	0.4407	0.4732	0.5241	0.3675	0.0798	-2.13887
0.4914	0.4957	0.4976	0.4687	0.4807	0.4783	0.3924	0.2911	0.1287	-2.19878
0.4781	0.4853	0.4965	0.427	0.4388	0.458	0.4625	0.3375	0.095	-0.950154
0.471	0.4853	0.4965	0.4098	0.4447	0.4612	0.5233	0.3815	0.1031	-0.464183
0.4804	0.4972	0.4952	0.4229	0.4666	0.4734	0.369	0.095	0.2262	-0.823529
0.4839	0.4991	0.4986	0.4259	0.484	0.477	0.3005	0.0628	0.0676	-0.905416
0.4698	0.4927	0.4986	0.4037	0.4747	0.4796	0.5062	0.4188	0.0765	-0.291795
0.4884	0.4953	0.4942	0.4525	0.4431	0.4553	0.3416	0.0958	0.1557	-1.68559
0.4887	0.4979	0.497	0.4485	0.4636	0.4715	0.297	0.0625	0.1193	-1.55221
0.4782	0.4976	0.4955	0.4342	0.4772	0.4635	0.5315	0.1203	0.1456	-1.16083
0.4796	0.4969	0.4955	0.4379	0.463	0.4652	0.5225	0.095	0.1523	-1.2825
0.4714	0.4918	0.4811	0.4048	0.4661	0.3395	0.4759	0.3313	0.1591	-0.321932
0.4776	0.4761	0.4977	0.4255	0.3945	0.4754	0.4647	0.3294	0.1044	-0.907739
0.4834	0.4808	0.4898	0.4511	0.4148	0.4598	0.5419	0.3185	0.3567	-1.67834
0.4854	0.4885	0.4975	0.4443	0.4496	0.4753	0.378	0.311	0.1167	-1.44838
0.4893	0.491	0.4992	0.453	0.4495	0.4833	0.3098	0.2283	0.0518	-1.70285
0.4789	0.4965	0.4973	0.4239	0.4562	0.461	0.4167	0.0909	0.0766	-0.862958
0.4749	0.4876	0.4983	0.4084	0.4488	0.4692	0.4158	0.3368	0.0619	-0.422631
0.487	0.4907	0.4978	0.4631	0.4616	0.4745	0.5625	0.331	0.0988	-2.04914
0.4881	0.4989	0.4963	0.4605	0.4849	0.4693	0.4512	0.0833	0.1429	-1.95938
0.4878	0.489	0.4989	0.4464	0.4497	0.487	0.31	0.295	0.093	-1.51053
0.4926	0.4803	0.4916	0.4699	0.3909	0.4645	0.3333	0.2486	0.322	-2.22996
0.4884	0.482	0.4971	0.4676	0.4224	0.4775	0.5781	0.3281	0.1522	-2.18351
0.4751	0.476	0.4971	0.4365	0.4314	0.4711	0.6883	0.5779	0.1164	-1.24548
0.4804	0.4665	0.4957	0.4478	0.4047	0.4669	0.6356	0.6017	0.1549	-1.56803
0.4955	0.4885	0.4958	0.4826	0.4484	0.457	0.3526	0.3023	0.1135	-2.64126
0.4894	0.4975	0.4958	0.4488	0.4788	0.4567	0.2737	0.1337	0.1123	-1.55979
0.4809	0.4968	0.4973	0.4462	0.476	0.4631	0.5804	0.1562	0.0812	-1.5271
0.4844	0.4756	0.4966	0.4498	0.3949	0.4677	0.4747	0.3396	0.1229	-1.63026
0.484	0.4967	0.4981	0.4337	0.4821	0.4789	0.3408	0.227	0.102	-1.13508
0.4648	0.4667	0.4946	0.4082	0.3944	0.4441	0.6861	0.5182	0.1138	-0.420432
0.4803	0.4993	0.4996	0.4394	0.4856	0.49	0.5128	0.0506	0.0449	-1.32108
0.4757	0.4983	0.498	0.4335	0.4802	0.477	0.619	0.0936	0.0994	-1.15062
0.4834	0.485	0.4972	0.4402	0.429	0.4681	0.4088	0.2873	0.1005	-1.33843
0.4753	0.4972	0.4971	0.4292	0.4731	0.4507	0.578	0.1194	0.0647	-1.02591
0.4859	0.4952	0.4976	0.4567	0.4591	0.4733	0.5033	0.1394	0.103	-1.84612
0.4791	0.4906	0.4979	0.4347	0.4585	0.4679	0.5033	0.3072	0.071	-1.17884
0.484	0.4812	0.4879	0.45	0.4174	0.4408	0.4968	0.3212	0.2727	-1.6393
0.4897	0.4959	0.4962	0.4561	0.4553	0.4648	0.3194	0.1067	0.1267	-1.77283
0.48	0.4862	0.4971	0.4145	0.4372	0.4584	0.3333	0.3011	0.0784	-0.585908
0.4866	0.4843	0.4975	0.4601	0.4069	0.4786	0.529	0.2244	0.1377	-1.95769
0.4783	0.4971	0.4991	0.4336	0.4752	0.4859	0.5203	0.1333	0.0719	-1.14452
0.4848	0.4988	0.4984	0.4517	0.4704	0.4849	0.4841	0.0449	0.118	-1.69111
0.47	0.4709	0.4948	0.4168	0.3863	0.4833	0.6164	0.3904	0.4658	-0.661767
0.484	0.4973	0.4973	0.4518	0.4497	0.4628	0.5217	0.0588	0.0824	-1.68807
0.4856	0.4959	0.4956	0.4472	0.4814	0.4469	0.3976	0.2831	0.096	-1.54033
0.4859	0.4963	0.4968	0.4503	0.4646	0.4598	0.4167	0.121	0.0892	-1.62675
0.4755	0.4964	0.4954	0.4317	0.462	0.4614	0.6	0.1091	0.1394	-1.09225
0.4777	0.4957	0.4951	0.4164	0.45	0.4588	0.3988	0.0995	0.1414	-0.641687
0.4863	0.4976	0.4953	0.458	0.4676	0.4587	0.5067	0.0819	0.1345	-1.88521
0.4761	0.4987	0.4969	0.4317	0.4827	0.4733	0.5771	0.085	0.135	-1.10097
0.4905	0.4969	0.4961	0.4609	0.4842	0.4593	0.3333	0.2486	0.1099	-1.94989
0.4877	0.4977	0.4985	0.45	0.4716	0.4809	0.3417	0.0905	0.0857	-1.62806
0.4899	0.498	0.4955	0.4525	0.4816	0.4588	0.2848	0.1214	0.1272	-1.66679
0.4621	0.4703	0.4988	0.3759	0.3772	0.4833	0.5057	0.3652	0.0788	0.448977
0.4851	0.4748	0.4965	0.4471	0.393	0.4685	0.4167	0.3462	0.1307	-1.53801
0.4743	0.4983	0.4979	0.4222	0.4824	0.4717	0.5364	0.1092	0.0805	-0.813502
0.4864	0.4852	0.498	0.4512	0.4463	0.4768	0.4082	0.4014	0.0982	-1.65415
0.4899	0.4948	0.496	0.4668	0.4544	0.4843	0.4532	0.1346	0.3453	-2.14207
0.492	0.4978	0.4978	0.4728	0.4703	0.4728	0.4303	0.0811	0.0919	-2.34611
0.4799	0.4985	0.4973	0.4226	0.4823	0.4724	0.3799	0.096	0.1111	-0.818029
0.4913	0.4899	0.497	0.4573	0.4407	0.472	0.2679	0.2189	0.1221	-1.8065
0.4807	0.4827	0.496	0.4366	0.4447	0.471	0.4672	0.4818	0.1656	-1.22335
0.4744	0.4971	0.4948	0.433	0.4603	0.4629	0.6617	0.0807	0.1677	-1.13275
0.4953	0.4976	0.4978	0.4796	0.4631	0.4719	0.3043	0.0718	0.0872	-2.53268
0.4812	0.4856	0.4985	0.4403	0.438	0.4804	0.4892	0.3237	0.0861	-1.33585
0.4796	0.4965	0.4974	0.4209	0.4851	0.4874	0.3772	0.3114	0.2575	-0.768754
0.4879	0.4898	0.4967	0.4434	0.4311	0.462	0.2893	0.1869	0.1	-1.41584
0.4862	0.4637	0.4987	0.4528	0.3651	0.4864	0.434	0.4277	0.1061	-1.71492
0.4851	0.4784	0.4987	0.4473	0.4137	0.4799	0.4183	0.366	0.0723	-1.54221
0.4876	0.4942	0.4966	0.4512	0.4683	0.4405	0.3567	0.2339	0.0652	-1.65584
0.4851	0.4921	0.4951	0.4431	0.4589	0.4796	0.3759	0.2463	0.3209	-1.393
0.4893	0.4985	0.4982	0.4573	0.4861	0.4784	0.3481	0.1183	0.0947	-1.82885
0.4873	0.4894	0.4979	0.4504	0.4389	0.4877	0.3622	0.2246	0.2032	-1.63841
0.488	0.4972	0.4972	0.449	0.4672	0.473	0.3254	0.0978	0.1196	-1.57736
0.483	0.4818	0.4983	0.4539	0.4478	0.4785	0.6149	0.5652	0.086	-1.77841
0.4695	0.473	0.4974	0.4176	0.4006	0.4759	0.6434	0.4154	0.1234	-0.68359
0.4728	0.4989	0.4976	0.4094	0.4796	0.4683	0.4733	0.0599	0.0838	-0.447954
0.4793	0.4796	0.4961	0.4309	0.4328	0.486	0.46	0.4694	0.3933	-1.05919
0.4743	0.4938	0.4976	0.409	0.4774	0.47	0.434	0.3836	0.0914	-0.437532
0.4855	0.4959	0.4975	0.4292	0.4521	0.4735	0.2775	0.0991	0.1045	-1.00063
0.4838	0.4987	0.4989	0.4578	0.4826	0.4879	0.6484	0.0828	0.0966	-1.88683
0.4632	0.4761	0.4972	0.3916	0.4241	0.4638	0.5786	0.4969	0.0884	0.0366106
0.48	0.4967	0.4969	0.4388	0.4563	0.4685	0.5181	0.0863	0.114	-1.30439
0.4638	0.4749	0.4981	0.3882	0.4167	0.4788	0.5411	0.4726	0.0988	0.127179
0.4772	0.4912	0.4957	0.4325	0.4664	0.481	0.5478	0.3694	0.3006	-1.11707
0.4683	0.4809	0.4917	0.4107	0.4432	0.4719	0.6071	0.5357	0.4296	-0.488861
0.4784	0.4839	0.4861	0.4337	0.3857	0.3755	0.5168	0.1856	0.1437	-1.14792
0.492	0.4922	0.4948	0.4737	0.463	0.4725	0.4528	0.2767	0.239	-2.37668
0.4871	0.4968	0.498	0.4515	0.4558	0.4662	0.3812	0.0819	0.0643	-1.66494
0.4779	0.4964	0.4978	0.4279	0.4874	0.4785	0.4765	0.4027	0.1152	-0.973132
0.4797	0.4924	0.4992	0.4319	0.4667	0.4851	0.4581	0.3049	0.0543	-1.09144
0.4889	0.4961	0.4961	0.4546	0.4708	0.4544	0.3395	0.157	0.0988	-1.74701
0.4819	0.4911	0.4981	0.4286	0.4469	0.4727	0.367	0.2128	0.0765	-0.99291
0.488	0.4983	0.4982	0.4584	0.4831	0.4778	0.4236	0.1118	0.0921	-1.87562
0.4911	0.4845	0.4939	0.4669	0.422	0.4735	0.3832	0.2695	0.3054	-2.14629
0.4845	0.4945	0.4962	0.4318	0.4556	0.4483	0.3155	0.1493	0.0846	-1.07792
0.4885	0.4884	0.494	0.4547	0.4372	0.441	0.3554	0.241	0.1193	-1.7576
0.4701	0.4765	0.4898	0.4267	0.4196	0.4687	0.7442	0.4496	0.5039	-0.952543
0.4921	0.4855	0.4985	0.4743	0.4319	0.4799	0.4545	0.2905	0.0829	-2.40906
0.4701	0.4831	0.4959	0.4067	0.4438	0.485	0.5223	0.4557	0.3797	-0.375076
0.4881	0.4802	0.4983	0.4545	0.4019	0.483	0.3728	0.2816	0.1146	-1.75877
0.4844	0.4982	0.4975	0.4554	0.4729	0.4708	0.5636	0.0714	0.0969	-1.81974
0.4867	0.476	0.4944	0.4626	0.4239	0.4445	0.5779	0.5	0.1189	-2.04452
0.4846	0.498	0.4986	0.4369	0.4689	0.4811	0.3464	0.0725	0.0829	-1.22999
0.489	0.4966	0.4968	0.4534	0.4566	0.459	0.3228	0.0882	0.0882	-1.72303
0.4805	0.4785	0.4981	0.4276	0.4082	0.468	0.3988	0.3373	0.0645	-0.962466
0.4902	0.4854	0.4962	0.4638	0.4095	0.4777	0.3875	0.2125	0.2125	-2.04488
0.4871	0.4963	0.4959	0.4655	0.4539	0.4868	0.6187	0.0904	0.4604	-2.13086
0.4874	0.4952	0.4965	0.4438	0.4725	0.4506	0.3077	0.2179	0.0802	-1.4102
0.4867	0.4954	0.4985	0.4579	0.4807	0.4802	0.4839	0.3205	0.0862	-1.88193
0.4816	0.4882	0.4931	0.4486	0.4508	0.4744	0.587	0.3333	0.3768	-1.59933
0.4905	0.497	0.4968	0.4592	0.463	0.4527	0.3155	0.0909	0.0758	-1.89787
0.4807	0.4976	0.4951	0.4444	0.4768	0.4807	0.5638	0.1195	0.3423	-1.47417
0.4841	0.4821	0.4967	0.4413	0.4188	0.4731	0.3962	0.3082	0.1429	-1.35925
0.4747	0.4968	0.4981	0.4342	0.4881	0.4857	0.6718	0.3704	0.1533	-1.17036
0.4884	0.4962	0.4972	0.4665	0.4586	0.4677	0.5473	0.1053	0.0994	-2.15741
0.4766	0.4888	0.4972	0.4168	0.4532	0.4726	0.4286	0.3314	0.1152	-0.658386
0.4809	0.4991	0.4983	0.4031	0.4886	0.4751	0.2731	0.0894	0.0766	-0.272321
0.4888	0.4945	0.496	0.4604	0.467	0.4568	0.413	0.2065	0.1066	-1.9613
0.4888	0.4862	0.4988	0.4587	0.4215	0.4796	0.3889	0.232	0.0625	-1.89837
0.4833	0.4967	0.4956	0.4404	0.4665	0.4427	0.4157	0.1127	0.0882	-1.34454
0.4817	0.4854	0.4975	0.4433	0.449	0.4736	0.5035	0.4225	0.1069	-1.42773
0.4757	0.4963	0.4976	0.4264	0.4299	0.4774	0.5314	0.0606	0.1212	-0.941079
0.481	0.4966	0.4983	0.4193	0.4681	0.4797	0.3356	0.1218	0.0962	-0.71159
0.4878	0.4969	0.4963	0.4604	0.4696	0.4621	0.4639	0.1164	0.1111	-1.96183
0.478	0.4942	0.4973	0.4297	0.4814	0.4704	0.4915	0.4576	0.1055	-1.03451
0.4806	0.4785	0.4948	0.4393	0.4048	0.4573	0.5	0.3224	0.1446	-1.31472
0.4918	0.4974	0.4965	0.4568	0.477	0.4623	0.2456	0.1278	0.1056	-1.77958
0.4777	0.4962	0.4961	0.4228	0.4672	0.4493	0.4414	0.1366	0.087	-0.822516
0.4858	0.4972	0.4987	0.4531	0.4712	0.4837	0.4541	0.1106	0.0876	-1.74441
0.4698	0.4939	0.4942	0.4184	0.4516	0.4555	0.6429	0.1506	0.1566	-0.708363
0.4802	0.4849	0.4953	0.446	0.4476	0.4828	0.6138	0.4286	0.381	-1.52733
0.4675	0.4612	0.4988	0.4203	0.3877	0.483	0.7521	0.5983	0.078	-0.762956
0.491	0.4857	0.4986	0.4684	0.4454	0.4712	0.4118	0.3765	0.0521	-2.20353
0.4756	0.4987	0.4974	0.4286	0.4803	0.4746	0.5597	0.0695	0.1176	-1.00432
0.4806	0.4892	0.4951	0.4279	0.4558	0.4757	0.3962	0.3396	0.2562	-0.968619
0.4835	0.4968	0.4973	0.4465	0.4708	0.4646	0.4706	0.1279	0.0872	-1.52743
0.4865	0.4904	0.4989	0.4512	0.4515	0.4836	0.4026	0.2593	0.0702	-1.65667
0.4876	0.4969	0.4977	0.455	0.4459	0.4806	0.3987	0.0651	0.1361	-1.77047
0.4665	0.498	0.4933	0.378	0.4793	0.4756	0.4323	0.1117	0.3871	0.390119
0.4933	0.4924	0.4954	0.4667	0.4553	0.4659	0.2618	0.2135	0.1606	-2.10615
0.4893	0.4957	0.4976	0.4519	0.477	0.4709	0.3005	0.2371	0.0913	-1.6727
0.461	0.4989	0.4965	0.3992	0.483	0.4695	0.704	0.0705	0.1346	-0.170951
0.4826	0.4985	0.498	0.4342	0.4833	0.4784	0.3862	0.1	0.1062	-1.14224
0.4747	0.4984	0.497	0.4342	0.4804	0.4736	0.6691	0.0886	0.1329	-1.1726
0.4879	0.4897	0.4949	0.4505	0.4462	0.4561	0.3396	0.2516	0.1377	-1.62326
0.4835	0.4717	0.4741	0.4484	0.341	0.3334	0.497	0.259	0.2216	-1.59268
0.487	0.4979	0.4984	0.4552	0.4677	0.4841	0.4286	0.073	0.1124	-1.78886
0.4802	0.4795	0.4974	0.4453	0.4239	0.4699	0.6	0.4	0.0988	-1.50233
0.4859	0.4979	0.4966	0.4508	0.4788	0.4837	0.4214	0.1111	0.2704	-1.65219
0.4775	0.4681	0.4986	0.438	0.3918	0.4626	0.6065	0.471	0.04	-1.28642
0.4838	0.4985	0.4984	0.4343	0.4837	0.4707	0.3497	0.1015	0.0609	-1.15445
0.4754	0.4926	0.4969	0.4156	0.4578	0.4663	0.4503	0.2216	0.1061	-0.623597
0.4859	0.4929	0.4984	0.4449	0.4612	0.4769	0.3642	0.2339	0.0782	-1.46285
0.4731	0.4805	0.4972	0.4106	0.4181	0.4604	0.4744	0.3397	0.0791	-0.483785
0.4671	0.4974	0.4969	0.4041	0.4791	0.472	0.5785	0.1429	0.1286	-0.301905
0.4939	0.4974	0.4971	0.4651	0.4743	0.4684	0.2216	0.116	0.105	-2.01996
0.4824	0.4836	0.497	0.4307	0.427	0.4707	0.365	0.3121	0.1169	-1.03281
0.4785	0.4957	0.4976	0.434	0.4683	0.4766	0.5168	0.1636	0.1152	-1.15668
0.4861	0.4973	0.4983	0.4386	0.4757	0.4744	0.3134	0.1262	0.0721	-1.28113
0.4881	0.4851	0.4981	0.4489	0.4211	0.4793	0.319	0.253	0.1047	-1.57
0.4749	0.4948	0.496	0.4189	0.4538	0.4593	0.4901	0.1317	0.1138	-0.717199
0.4834	0.4962	0.4967	0.4318	0.4614	0.4606	0.3464	0.1124	0.0947	-1.07099
0.4831	0.4954	0.4955	0.4375	0.4696	0.4537	0.3972	0.1842	0.1118	-1.24071
0.494	0.4982	0.4987	0.4797	0.4839	0.4835	0.4312	0.1314	0.0857	-2.56444
0.4807	0.4708	0.4931	0.4428	0.3939	0.4719	0.5407	0.4265	0.3333	-1.41683
0.4718	0.4861	0.4982	0.4197	0.4516	0.4781	0.5893	0.4226	0.0928	-0.748605
0.4881	0.4721	0.4913	0.4585	0.3841	0.4683	0.4186	0.3605	0.3895	-1.89526
0.4763	0.4958	0.4967	0.4258	0.4799	0.4743	0.5074	0.2695	0.1533	-0.91033
0.4866	0.4775	0.4973	0.4582	0.4053	0.4672	0.4933	0.3444	0.093	-1.88877
0.4801	0.4782	0.4967	0.4236	0.4	0.4858	0.3812	0.3106	0.3106	-0.842209
0.4804	0.4978	0.4983	0.4369	0.477	0.4783	0.48	0.1071	0.0893	-1.23825
0.483	0.4978	0.4923	0.4449	0.4846	0.4212	0.4737	0.1709	0.118	-1.47683
0.4836	0.477	0.4881	0.4456	0.4035	0.3931	0.4581	0.3464	0.1406	-1.50771
0.4886	0.4917	0.4994	0.4474	0.4503	0.4851	0.2941	0.2108	0.0459	-1.54018
0.4931	0.4869	0.4974	0.4734	0.4348	0.4741	0.3598	0.2699	0.113	-2.34108
0.4777	0.4981	0.4988	0.4247	0.4724	0.4822	0.4561	0.0758	0.0707	-0.886682
0.4802	0.498	0.494	0.4303	0.4744	0.4371	0.4258	0.0872	0.1124	-1.03961
0.4771	0.4971	0.4971	0.426	0.4676	0.4631	0.4859	0.1013	0.0886	-0.918333
0.4808	0.4904	0.4977	0.4218	0.4399	0.4705	0.3544	0.2013	0.0888	-0.787235
0.4821	0.4964	0.4985	0.4307	0.443	0.481	0.3758	0.071	0.0874	-1.04893
0.4761	0.4981	0.4987	0.4333	0.4812	0.4869	0.6	0.1138	0.1138	-1.14365
0.4819	0.4972	0.4983	0.4359	0.4725	0.4742	0.4201	0.1167	0.0722	-1.20688
0.4861	0.4932	0.4979	0.4379	0.4587	0.4731	0.3069	0.2053	0.0859	-1.2525
0.4678	0.4979	0.4983	0.3968	0.474	0.4786	0.5083	0.0905	0.0905	-0.104361
0.4529	0.4842	0.498	0.3777	0.4544	0.4637	0.7177	0.5565	0.0621	0.402226
0.475	0.4771	0.4973	0.4228	0.4204	0.4697	0.5188	0.441	0.0989	-0.832224
0.4825	0.4983	0.4972	0.4348	0.4809	0.4616	0.392	0.1015	0.0812	-1.17467
0.4878	0.4774	0.4981	0.4612	0.4136	0.4815	0.4783	0.3885	0.1133	-1.96972
0.4707	0.4944	0.4958	0.3984	0.4767	0.485	0.4532	0.3237	0.4	-0.145508
0.4824	0.4969	0.4971	0.4248	0.4621	0.474	0.3314	0.0929	0.1311	-0.873171
0.4801	0.4988	0.4985	0.4213	0.4852	0.4741	0.3681	0.0909	0.0625	-0.776365
0.4679	0.4955	0.4984	0.4174	0.4861	0.481	0.6944	0.4795	0.0936	-0.683245
0.482	0.4865	0.4983	0.4264	0.4428	0.4773	0.3497	0.3279	0.0804	-0.924321
0.4916	0.4978	0.497	0.4559	0.4705	0.4678	0.2469	0.0828	0.1065	-1.74722
0.4766	0.4976	0.4975	0.4229	0.4538	0.464	0.4737	0.0576	0.0785	-0.835838
0.467	0.479	0.4921	0.3911	0.4248	0.4233	0.4912	0.4211	0.1244	0.04783
0.4784	0.4842	0.4985	0.4283	0.4086	0.481	0.4667	0.2303	0.0872	-0.984679
0.4823	0.4879	0.498	0.422	0.4391	0.4743	0.3197	0.2653	0.0867	-0.785091
0.4786	0.4834	0.4952	0.4301	0.4397	0.4599	0.4748	0.4029	0.1429	-1.03495
0.4773	0.4964	0.4985	0.4244	0.486	0.483	0.4645	0.3567	0.0988	-0.873245
0.4493	0.4927	0.4974	0.3663	0.4766	0.4684	0.7107	0.4654	0.0914	0.697721
0.4801	0.4838	0.4964	0.4275	0.4139	0.4533	0.4088	0.2541	0.0881	-0.963476
0.4688	0.4923	0.4986	0.4127	0.4732	0.4877	0.6131	0.4173	0.1321	-0.545877
0.4915	0.4918	0.4948	0.4666	0.4592	0.4506	0.3526	0.2628	0.1228	-2.11901
0.4761	0.4982	0.498	0.4323	0.4798	0.4726	0.5882	0.0974	0.0821	-1.11891
0.4767	0.4901	0.4948	0.4171	0.4279	0.4551	0.4278	0.1719	0.1364	-0.667431
0.4876	0.4956	0.4954	0.4514	0.43	0.4817	0.3616	0.0725	0.339	-1.6659
0.4836	0.4958	0.4979	0.4404	0.4641	0.4783	0.4036	0.1366	0.1093	-1.33893
0.4788	0.478	0.4973	0.4386	0.4184	0.4703	0.5638	0.4027	0.1047	-1.29703
0.4858	0.4857	0.4975	0.4479	0.4204	0.4794	0.3941	0.2384	0.1389	-1.56399
0.479	0.4806	0.4967	0.4153	0.4007	0.4816	0.3622	0.2704	0.2189	-0.614715
0.4764	0.4967	0.4954	0.4374	0.4866	0.4302	0.6485	0.3333	0.0758	-1.27533
0.4768	0.4962	0.4949	0.4229	0.4696	0.4376	0.4658	0.1456	0.0949	-0.826691
0.4902	0.4954	0.4975	0.4477	0.4495	0.4717	0.2435	0.1061	0.101	-1.52224
0.4752	0.4976	0.4975	0.4204	0.4799	0.4771	0.4931	0.1375	0.125	-0.758541
0.4779	0.4934	0.4992	0.4258	0.4754	0.479	0.4588	0.3743	0.0417	-0.916086
0.4867	0.4957	0.4963	0.4498	0.4427	0.4545	0.3779	0.0865	0.0919	-1.6175
0.4796	0.4976	0.4963	0.4218	0.4756	0.4544	0.3824	0.1134	0.0928	-0.794446
0.4904	0.4957	0.4937	0.475	0.4666	0.448	0.6423	0.1515	0.1455	-2.43923
0.4736	0.4979	0.4996	0.423	0.4782	0.4888	0.5657	0.11	0.04	-0.843231
0.4838	0.4967	0.4976	0.4461	0.4645	0.4765	0.4562	0.105	0.116	-1.5159
0.4822	0.4846	0.4981	0.4396	0.4193	0.4763	0.4459	0.2561	0.0894	-1.31836
0.4884	0.498	0.4856	0.4539	0.4804	0.3918	0.3543	0.1135	0.1722	-1.73919
0.4797	0.4987	0.4982	0.4292	0.4804	0.4771	0.4335	0.0725	0.0881	-1.01379
0.4776	0.4988	0.498	0.4006	0.4788	0.4692	0.3247	0.0622	0.0718	-0.20635
0.4796	0.4793	0.4977	0.4337	0.4164	0.4773	0.4774	0.359	0.1149	-1.14585
0.4718	0.4773	0.4951	0.3998	0.4153	0.4807	0.4364	0.4	0.3515	-0.18469
0.4877	0.4912	0.4957	0.4411	0.4519	0.4741	0.2802	0.235	0.2032	-1.33738
0.4828	0.4975	0.4968	0.4415	0.4727	0.4556	0.4424	0.105	0.0824	-1.37774
0.483	0.4861	0.4979	0.428	0.4211	0.4715	0.3333	0.2332	0.0825	-0.970241
0.4884	0.4879	0.4959	0.4537	0.425	0.4568	0.3519	0.2086	0.1092	-1.72472
0.4775	0.4975	0.497	0.4413	0.4714	0.4692	0.6612	0.0986	0.1127	-1.3758
0.483	0.4898	0.4967	0.4351	0.4588	0.4608	0.3812	0.3438	0.0966	-1.17579
0.4814	0.4978	0.4977	0.4381	0.4785	0.4773	0.4593	0.1156	0.1156	-1.26563
0.4828	0.4941	0.4969	0.4348	0.4715	0.4733	0.3846	0.2688	0.1329	-1.16567
0.4772	0.4757	0.4976	0.4299	0.4207	0.4829	0.5188	0.4812	0.1688	-1.03106
0.4779	0.4879	0.4973	0.4207	0.441	0.461	0.4204	0.2733	0.076	-0.764006
0.4877	0.4981	0.4974	0.4509	0.4802	0.4769	0.3523	0.107	0.1283	-1.64901
0.4825	0.4933	0.4983	0.4522	0.4782	0.4768	0.6087	0.4532	0.0819	-1.71237
0.461	0.4976	0.4953	0.3769	0.4688	0.4497	0.5321	0.0874	0.1093	0.422112
0.471	0.476	0.4943	0.3953	0.385	0.432	0.4286	0.2988	0.0989	-0.0631228
0.4852	0.4981	0.4981	0.4244	0.4766	0.4804	0.2646	0.0891	0.1089	-0.856197
0.4716	0.4769	0.4932	0.4041	0.4082	0.4714	0.4656	0.3704	0.3212	-0.304247
0.4659	0.4942	0.4977	0.4095	0.4833	0.4647	0.6667	0.5435	0.0736	-0.457295
0.4735	0.4981	0.4971	0.4173	0.4769	0.4695	0.5141	0.0941	0.1089	-0.676465
0.4784	0.4847	0.4974	0.4209	0.4374	0.4694	0.4088	0.3459	0.095	-0.768261
0.48	0.4896	0.4986	0.4353	0.4558	0.482	0.479	0.3214	0.086	-1.19842
0.4763	0.4741	0.4966	0.4289	0.4179	0.4651	0.539	0.5035	0.1118	-1.00587
0.4861	0.4962	0.4966	0.454	0.4637	0.4661	0.4516	0.1207	0.1149	-1.7525
0.4737	0.4691	0.4967	0.4303	0.404	0.4871	0.6538	0.5267	0.3511	-1.05367
0.4762	0.4985	0.4982	0.4279	0.4833	0.4784	0.5333	0.1017	0.0904	-0.980452
0.4855	0.4876	0.4969	0.4473	0.4409	0.4616	0.4013	0.2829	0.0904	-1.5369
0.4855	0.4972	0.4975	0.4534	0.4774	0.4605	0.4731	0.1459	0.0703	-1.74635
0.4803	0.4806	0.4935	0.444	0.4315	0.4756	0.5752	0.4248	0.3725	-1.46556
0.4875	0.4778	0.4988	0.4633	0.4234	0.4865	0.539	0.4416	0.096	-2.05865
0.4872	0.4981	0.4969	0.4439	0.4802	0.4802	0.3128	0.1073	0.1888	-1.43457
0.4872	0.4957	0.4978	0.4524	0.4756	0.483	0.3846	0.2166	0.1481	-1.68922
0.4834	0.4958	0.4983	0.4366	0.4748	0.4848	0.3793	0.2069	0.125	-1.21101
0.485	0.4964	0.4954	0.4588	0.4872	0.4519	0.5946	0.3919	0.1118	-1.92143
0.4881	0.4845	0.4982	0.4475	0.4164	0.4746	0.3107	0.2486	0.0802	-1.53346
0.4645	0.4942	0.49	0.3955	0.4613	0.4113	0.5775	0.1847	0.1401	-0.0704672
0.4737	0.4778	0.4952	0.4193	0.4191	0.4846	0.5266	0.4118	0.4647	-0.73498
0.4879	0.4786	0.4974	0.4456	0.3869	0.4595	0.3034	0.264	0.0725	-1.47548
0.4735	0.4749	0.486	0.3991	0.3831	0.4345	0.3975	0.3106	0.2919	-0.165875
0.4784	0.4958	0.4941	0.436	0.4755	0.4368	0.5443	0.2139	0.1098	-1.2213
0.4775	0.4971	0.4965	0.4015	0.4611	0.4588	0.3297	0.0825	0.0979	-0.230285
0.4699	0.4963	0.4988	0.398	0.4857	0.4752	0.467	0.3503	0.0536	-0.138345
0.4841	0.4896	0.4962	0.4401	0.4561	0.464	0.3856	0.3268	0.1207	-1.32025
0.4804	0.4947	0.4971	0.4393	0.4736	0.4677	0.5105	0.2597	0.1037	-1.3123
0.4819	0.481	0.4979	0.4126	0.3928	0.4698	0.2857	0.2418	0.0773	-0.527084
0.4813	0.4971	0.4952	0.4142	0.4713	0.4751	0.3065	0.1162	0.2419	-0.576228
0.4839	0.4982	0.4958	0.4394	0.4742	0.4818	0.3869	0.0761	0.3095	-1.30765
0.4844	0.4738	0.4973	0.444	0.4013	0.4733	0.4104	0.403	0.1149	-1.43064
0.4788	0.4817	0.4985	0.4379	0.406	0.4802	0.5541	0.2675	0.0857	-1.2781
0.4807	0.4913	0.4981	0.4083	0.4606	0.4691	0.2951	0.2951	0.069	-0.412687
0.4869	0.4972	0.4986	0.4519	0.4878	0.4687	0.3938	0.3005	0.0476	-1.69585
0.4842	0.4919	0.4987	0.4355	0.4642	0.4846	0.3478	0.3043	0.09	-1.18993
0.4822	0.4935	0.4972	0.4451	0.4722	0.4501	0.5097	0.3148	0.0625	-1.49096
0.4738	0.4968	0.4972	0.4114	0.4537	0.4684	0.4606	0.0787	0.1011	-0.504667
0.4788	0.497	0.4974	0.4254	0.4763	0.476	0.4305	0.1488	0.125	-0.897938
0.4762	0.472	0.4923	0.4199	0.3849	0.4711	0.4611	0.3653	0.3713	-0.745678
0.4758	0.487	0.4965	0.4205	0.4451	0.4478	0.477	0.3297	0.0758	-0.765977
0.4816	0.498	0.4982	0.4257	0.4847	0.4827	0.3566	0.1529	0.121	-0.893263
0.4867	0.4954	0.4975	0.4521	0.4818	0.4702	0.4024	0.3415	0.0939	-1.68909
0.4796	0.4971	0.4949	0.442	0.4729	0.445	0.5743	0.125	0.1071	-1.40014
0.4816	0.4966	0.4973	0.4325	0.4703	0.4505	0.4027	0.1341	0.061	-1.09826
0.4727	0.4819	0.499	0.4139	0.4197	0.4857	0.5087	0.3164	0.08	-0.580687
0.4848	0.4986	0.4987	0.4589	0.4762	0.4858	0.6164	0.0652	0.1033	-1.93443
0.4768	0.4963	0.4961	0.4207	0.4639	0.4649	0.451	0.119	0.131	-0.766134
0.4825	0.4807	0.4973	0.4381	0.4018	0.4722	0.4207	0.2727	0.1086	-1.2704
0.4916	0.4918	0.4973	0.4679	0.4439	0.4501	0.3642	0.1818	0.0595	-2.17428
0.4696	0.4709	0.4965	0.4023	0.3859	0.459	0.503	0.3879	0.0978	-0.254649
0.4803	0.4837	0.4917	0.4344	0.4319	0.4603	0.4611	0.3373	0.2754	-1.16849
0.475	0.4743	0.4977	0.4253	0.3783	0.4792	0.5455	0.3054	0.1244	-0.909224
0.4858	0.4764	0.4984	0.4441	0.3728	0.4789	0.3624	0.2617	0.0828	-1.43113
0.4788	0.4893	0.497	0.4411	0.4668	0.467	0.5984	0.4921	0.1034	-1.36694
0.4645	0.4917	0.4984	0.3828	0.4654	0.4786	0.494	0.3254	0.082	0.267548
0.4913	0.4938	0.4966	0.466	0.4575	0.4685	0.3542	0.1771	0.125	-2.12363
0.4853	0.4886	0.498	0.4395	0.4295	0.4869	0.3413	0.2083	0.1845	-1.299
0.4812	0.4975	0.4972	0.4317	0.4647	0.454	0.4072	0.0782	0.067	-1.08331
0.4727	0.4799	0.4956	0.4068	0.4231	0.4547	0.4573	0.3841	0.1141	-0.3775
0.4822	0.4817	0.4876	0.4321	0.4208	0.4482	0.383	0.3262	0.3333	-1.07989
0.4841	0.4756	0.4978	0.4488	0.3772	0.4767	0.4768	0.2829	0.1053	-1.59594
0.4889	0.493	0.4948	0.4649	0.4675	0.4547	0.482	0.2847	0.1364	-2.08797
0.4817	0.4773	0.4966	0.4381	0.4012	0.4676	0.4487	0.3312	0.1214	-1.27168
0.4957	0.4987	0.4962	0.4802	0.4838	0.4799	0.2816	0.0919	0.2386	-2.52896
0.4914	0.483	0.4979	0.4678	0.4026	0.4872	0.3763	0.234	0.2021	-2.18542
0.4598	0.4958	0.4979	0.3887	0.4883	0.4745	0.6407	0.5689	0.0905	0.112893
0.4751	0.4924	0.4958	0.4209	0.4718	0.45	0.5	0.382	0.0957	-0.779729
0.4824	0.4955	0.4982	0.4283	0.4553	0.4736	0.3509	0.116	0.0761	-0.977573
0.4907	0.498	0.4973	0.4603	0.4784	0.469	0.3191	0.1071	0.0969	-1.93369
0.478	0.4967	0.497	0.4268	0.4595	0.4395	0.4645	0.0929	0.0546	-0.942983
0.4838	0.4718	0.4944	0.4517	0.4051	0.4817	0.5315	0.4685	0.4545	-1.69048
0.4846	0.4953	0.4957	0.4613	0.453	0.4591	0.6838	0.1154	0.1218	-2.00437
0.4819	0.4961	0.4974	0.4469	0.4612	0.4699	0.5468	0.1176	0.098	-1.54134
0.4624	0.4981	0.4988	0.3908	0.4782	0.4879	0.5918	0.0982	0.1166	0.0559611
0.4872	0.4901	0.4983	0.4601	0.4581	0.4763	0.491	0.322	0.0808	-1.95619
0.4903	0.4891	0.4977	0.4682	0.4356	0.4722	0.4512	0.2189	0.095	-2.20428
0.489	0.4969	0.498	0.4583	0.4786	0.478	0.375	0.1705	0.1033	-1.87923
0.4775	0.4783	0.4968	0.4397	0.3892	0.4869	0.634	0.2744	0.3232	-1.3395
0.475	0.4973	0.4988	0.4081	0.4613	0.4837	0.4124	0.0769	0.0817	-0.41439
0.4734	0.498	0.4975	0.3939	0.4702	0.4429	0.375	0.0743	0.0495	-0.0251713
0.4862	0.4969	0.497	0.4532	0.4858	0.4575	0.4366	0.2887	0.0784	-1.71653
0.475	0.4964	0.4988	0.4175	0.4858	0.4823	0.4743	0.3429	0.0761	-0.679184
0.4806	0.4769	0.4978	0.4278	0.3826	0.4506	0.3968	0.2789	0.0481	-0.973968
0.4842	0.4982	0.4981	0.4405	0.4797	0.4707	0.385	0.1005	0.0731	-1.35068
0.4827	0.4886	0.4961	0.4454	0.4445	0.4622	0.4906	0.2733	0.118	-1.4987
0.4839	0.4599	0.4868	0.4533	0.3537	0.427	0.5541	0.4459	0.2393	-1.74525
0.4766	0.4917	0.4977	0.3923	0.4703	0.46	0.3122	0.3967	0.065	0.0166296
0.4937	0.4958	0.4928	0.4786	0.4476	0.4392	0.4214	0.0925	0.1437	-2.52441
0.4797	0.478	0.4964	0.4226	0.3907	0.4703	0.3873	0.2832	0.1421	-0.818938
0.4864	0.4975	0.4978	0.4591	0.4626	0.477	0.5193	0.0746	0.1095	-1.9352
0.4854	0.4984	0.4968	0.4501	0.477	0.4544	0.4368	0.0788	0.0788	-1.647
0.4792	0.4984	0.4988	0.43	0.4807	0.4823	0.4545	0.0909	0.0707	-1.0414
0.4767	0.4945	0.498	0.419	0.4685	0.4728	0.4407	0.2188	0.08	-0.721662
0.4845	0.4932	0.4985	0.4458	0.4719	0.4839	0.425	0.3273	0.1073	-1.50157
0.4878	0.4983	0.4963	0.4611	0.4722	0.4543	0.4775	0.0663	0.0918	-1.99142
0.4821	0.4922	0.4978	0.4284	0.4581	0.4819	0.3582	0.2376	0.1435	-0.988578
0.4949	0.4808	0.4979	0.4792	0.4119	0.4561	0.3333	0.3067	0.052	-2.55868
0.4867	0.4966	0.499	0.4422	0.481	0.4783	0.3169	0.2186	0.051	-1.37948
0.4928	0.497	0.4985	0.4719	0.4737	0.4859	0.3529	0.1304	0.118	-2.28168
0.4802	0.4781	0.4974	0.4371	0.397	0.4683	0.4911	0.3018	0.0934	-1.25326
0.4866	0.476	0.4923	0.4462	0.4052	0.4684	0.3497	0.3764	0.3333	-1.50815
0.4856	0.4933	0.4944	0.4511	0.4745	0.4245	0.4375	0.3693	0.0867	-1.67207
0.4727	0.4838	0.4969	0.4194	0.4363	0.4684	0.5569	0.3653	0.1111	-0.737621
0.49	0.4962	0.4969	0.4631	0.4501	0.4617	0.3851	0.0865	0.0914	-2.03077
0.4854	0.4962	0.4935	0.4606	0.4615	0.4771	0.6115	0.1132	0.4071	-1.97464
0.4697	0.4852	0.4974	0.4221	0.4483	0.4773	0.6908	0.4231	0.1348	-0.821052
0.4741	0.4977	0.4983	0.4093	0.4715	0.4844	0.4398	0.0909	0.1244	-0.45002
0.4729	0.4833	0.4957	0.4087	0.4485	0.4533	0.4671	0.5066	0.1065	-0.430227
0.4943	0.4899	0.4965	0.475	0.4315	0.46	0.3043	0.1863	0.1006	-2.36275
0.4861	0.4831	0.4815	0.4499	0.4388	0.3794	0.4057	0.4057	0.2073	-1.6289
0.4846	0.4896	0.4989	0.4419	0.4454	0.4864	0.385	0.2488	0.0884	-1.39372
0.4858	0.4846	0.4839	0.4508	0.4343	0.4302	0.4253	0.3276	0.3218	-1.66027
0.4927	0.4977	0.4905	0.4709	0.4801	0.4508	0.3419	0.1317	0.2516	-2.24715
0.4825	0.495	0.4952	0.4285	0.4482	0.4535	0.3503	0.1138	0.1198	-0.977343
0.4855	0.4972	0.4988	0.4506	0.4719	0.4863	0.4392	0.1132	0.1006	-1.64311
0.4922	0.4962	0.4967	0.4736	0.4709	0.4742	0.4276	0.1566	0.1506	-2.36148
0.4791	0.4904	0.4981	0.4204	0.4502	0.4738	0.3874	0.2513	0.0825	-0.760978
0.4851	0.476	0.4981	0.4429	0.3751	0.4682	0.3737	0.2727	0.0667	-1.42107
0.483	0.4961	0.4977	0.4287	0.48	0.4726	0.337	0.2486	0.0947	-0.9879
0.46	0.4918	0.4984	0.3906	0.4375	0.4802	0.6512	0.1611	0.0915	0.0636231
0.4696	0.4911	0.4968	0.4139	0.4749	0.4683	0.5987	0.5592	0.1148	-0.580486
0.4818	0.4683	0.4986	0.44	0.356	0.4867	0.463	0.3313	0.1186	-1.33373
0.4765	0.4825	0.4983	0.4123	0.4057	0.4772	0.401	0.2525	0.0841	-0.531639
0.4881	0.4952	0.4954	0.4572	0.4806	0.4599	0.4027	0.3356	0.1361	-1.83675
0.4833	0.4856	0.4965	0.4399	0.4314	0.4602	0.4099	0.2857	0.1018	-1.3231
0.47	0.4968	0.4968	0.4213	0.4747	0.4697	0.6712	0.1481	0.1235	-0.794256
0.4828	0.4696	0.4984	0.4388	0.3761	0.4744	0.4183	0.3725	0.0698	-1.28868
0.4923	0.4963	0.4962	0.472	0.4689	0.4647	0.3929	0.14	0.1267	-2.28865
0.4746	0.4773	0.4985	0.4268	0.4198	0.4853	0.5762	0.4314	0.1193	-0.95166
0.4827	0.4984	0.498	0.4351	0.4844	0.4783	0.3904	0.1145	0.1024	-1.17023
0.4915	0.4932	0.4964	0.4724	0.4635	0.4702	0.4539	0.24	0.1419	-2.31953
0.4897	0.4767	0.4734	0.4687	0.4158	0.3901	0.5098	0.4183	0.3595	-2.22585
0.4894	0.4846	0.4966	0.4474	0.4202	0.4813	0.2667	0.2606	0.2289	-1.50704
0.486	0.4921	0.4973	0.4468	0.4544	0.4585	0.3766	0.2208	0.0741	-1.51796
0.4685	0.4765	0.497	0.4014	0.3907	0.4697	0.5223	0.3086	0.1143	-0.23029
0.4912	0.49	0.496	0.4677	0.4446	0.4525	0.3899	0.2327	0.0958	-2.16858
0.4843	0.4979	0.4987	0.4487	0.4844	0.4867	0.4655	0.1585	0.1105	-1.60236
0.4756	0.4772	0.4946	0.4197	0.4187	0.481	0.4754	0.4262	0.3989	-0.74365
0.4819	0.4956	0.4944	0.4219	0.4703	0.4564	0.3268	0.1805	0.1538	-0.7993
0.4754	0.4983	0.4984	0.4165	0.4707	0.4631	0.4578	0.0642	0.0481	-0.650044
0.4944	0.4867	0.4981	0.4784	0.43	0.4834	0.3556	0.2519	0.1319	-2.46945
0.4824	0.499	0.4984	0.4384	0.4865	0.4809	0.4259	0.0814	0.093	-1.28091
0.4825	0.4989	0.4985	0.4424	0.4851	0.474	0.4628	0.0845	0.061	-1.41562
0.4931	0.4989	0.4972	0.4681	0.4819	0.4591	0.2865	0.0663	0.0765	-2.16097
0.4725	0.4905	0.4972	0.4197	0.4637	0.4689	0.5688	0.3688	0.1006	-0.746356
0.4721	0.4769	0.4979	0.4071	0.3969	0.4821	0.4754	0.3224	0.1343	-0.389461
0.4746	0.4978	0.4975	0.4192	0.4619	0.4706	0.5	0.0647	0.0945	-0.730766
0.4733	0.4961	0.4968	0.4153	0.4665	0.4692	0.5034	0.1369	0.119	-0.616024
0.47	0.4949	0.4962	0.3983	0.4616	0.4669	0.4671	0.1588	0.1353	-0.145013
0.4768	0.4978	0.4974	0.4405	0.4739	0.4716	0.679	0.0938	0.1042	-1.36881
0.469	0.4958	0.4943	0.4093	0.4852	0.4802	0.5724	0.4069	0.4138	-0.44948
0.4738	0.4859	0.4944	0.407	0.4336	0.4764	0.4333	0.2895	0.3224	-0.381412
0.4826	0.4971	0.4982	0.4473	0.4883	0.4813	0.5192	0.3291	0.1073	-1.55967
0.4848	0.4874	0.4974	0.4448	0.4275	0.4791	0.4012	0.2275	0.1477	-1.46777
0.4712	0.4889	0.4971	0.4137	0.4638	0.4714	0.5493	0.4577	0.1176	-0.57036
0.4866	0.4698	0.4965	0.4561	0.3856	0.4444	0.4589	0.4067	0.0706	-1.81374
0.4651	0.4776	0.4972	0.3869	0.4007	0.4605	0.5062	0.325	0.0782	0.16109
0.4805	0.4983	0.4969	0.4331	0.4862	0.4649	0.4416	0.1377	0.1018	-1.12338
0.4805	0.497	0.4981	0.4423	0.4758	0.4821	0.5448	0.1472	0.1227	-1.40765
0.478	0.4969	0.4987	0.4328	0.4632	0.4823	0.5226	0.0955	0.0787	-1.12259
0.4882	0.4917	0.4982	0.4583	0.4579	0.4897	0.4126	0.2552	0.2207	-1.86912
0.4842	0.4892	0.495	0.4396	0.4505	0.4577	0.3778	0.2944	0.1406	-1.31609
0.4841	0.4897	0.4972	0.4446	0.458	0.4726	0.4268	0.3415	0.116	-1.46637
0.4752	0.4953	0.4956	0.4309	0.457	0.4808	0.6042	0.1288	0.302	-1.07163
0.4708	0.4881	0.4925	0.3852	0.4454	0.4406	0.3865	0.2945	0.1543	0.202476
0.4807	0.4983	0.498	0.4381	0.4807	0.4782	0.4845	0.1011	0.1011	-1.27986
0.4879	0.4887	0.4978	0.446	0.4505	0.4739	0.3041	0.3099	0.0928	-1.48349
0.4858	0.4971	0.4972	0.4334	0.4716	0.4653	0.2903	0.1179	0.0923	-1.11726
0.49	0.4912	0.494	0.4576	0.4614	0.4669	0.325	0.3082	0.2298	-1.83433
0.4857	0.4946	0.4978	0.439	0.4695	0.465	0.3275	0.2222	0.0703	-1.28316
0.4793	0.4974	0.4949	0.4235	0.4663	0.4479	0.4024	0.0874	0.1148	-0.844114
0.4799	0.4701	0.4979	0.4415	0.3571	0.4711	0.557	0.3101	0.0791	-1.3879
0.471	0.4976	0.4965	0.3974	0.4786	0.4662	0.4398	0.129	0.1183	-0.121044
0.478	0.4882	0.4953	0.4318	0.4476	0.4566	0.5105	0.3077	0.1258	-1.08897
0.4765	0.488	0.4979	0.403	0.4555	0.4571	0.3557	0.3841	0.0536	-0.267687
0.4781	0.4941	0.4935	0.428	0.4436	0.4772	0.4706	0.1235	0.4052	-0.977686
0.4802	0.4721	0.4964	0.4282	0.363	0.4839	0.4099	0.2981	0.2919	-0.979134
0.4858	0.4952	0.4971	0.4492	0.4793	0.4635	0.408	0.3046	0.0904	-1.60692
0.4833	0.4726	0.4988	0.4397	0.3847	0.481	0.4082	0.3537	0.0688	-1.30933
0.4803	0.4965	0.4979	0.428	0.4653	0.4798	0.4052	0.1145	0.1205	-0.969556
0.4846	0.4838	0.4966	0.4258	0.4105	0.4678	0.284	0.2426	0.1209	-0.891065
0.4719	0.4765	0.4952	0.4073	0.4148	0.456	0.4808	0.4167	0.1292	-0.391561
0.4732	0.4972	0.4973	0.4133	0.4743	0.4723	0.4925	0.1234	0.1104	-0.556252
0.4767	0.498	0.4976	0.4346	0.4725	0.4721	0.5938	0.082	0.0984	-1.18362
0.476	0.48	0.4974	0.4181	0.3961	0.473	0.4521	0.2671	0.1104	-0.690368
0.4779	0.4948	0.4982	0.432	0.4815	0.478	0.5157	0.3962	0.0934	-1.1008
0.4801	0.4951	0.4863	0.4342	0.4465	0.3844	0.4658	0.1067	0.1517	-1.1611
0.4894	0.4983	0.4964	0.4531	0.4773	0.459	0.3085	0.0854	0.1005	-1.70869
0.4813	0.4887	0.4977	0.4255	0.4467	0.4637	0.3626	0.2857	0.0686	-0.899811
0.4854	0.4923	0.4974	0.4302	0.4471	0.4582	0.2857	0.1786	0.068	-1.02847
0.4726	0.4646	0.4959	0.4332	0.39	0.4594	0.748	0.536	0.1184	-1.14145
0.4805	0.4964	0.4985	0.4225	0.4663	0.4836	0.3654	0.1228	0.1053	-0.808843
0.4909	0.4952	0.4964	0.4737	0.4501	0.4631	0.5427	0.1117	0.1117	-2.39958
0.4824	0.4963	0.4959	0.4447	0.4556	0.4584	0.4932	0.0964	0.1145	-1.47393
0.4741	0.4622	0.496	0.4234	0.3753	0.4874	0.5533	0.5	0.4667	-0.849393
0.4635	0.4693	0.4972	0.3875	0.3957	0.4848	0.5443	0.4684	0.2312	0.144738
0.4729	0.4981	0.4976	0.4033	0.4783	0.4728	0.4323	0.0988	0.0988	-0.28057
0.4848	0.4855	0.4967	0.4623	0.4561	0.4449	0.7059	0.5147	0.0675	-2.0403
0.4812	0.4884	0.4981	0.4165	0.4461	0.4724	0.3179	0.289	0.0745	-0.639209
0.4792	0.4981	0.4977	0.438	0.4806	0.4763	0.5394	0.1135	0.1081	-1.2851
0.4665	0.4962	0.497	0.4039	0.4704	0.4579	0.5929	0.1534	0.0798	-0.297551
0.4729	0.4696	0.4987	0.4299	0.4124	0.4775	0.6768	0.5854	0.0606	-1.05036
0.4942	0.4979	0.4975	0.4756	0.4772	0.4704	0.3207	0.1015	0.0964	-2.41025
0.4786	0.4784	0.497	0.437	0.4205	0.4895	0.5503	0.4067	0.4	-1.24883
0.4836	0.4957	0.4976	0.4494	0.4842	0.4781	0.5059	0.3757	0.125	-1.6287
0.4736	0.4945	0.4964	0.4287	0.4604	0.4671	0.6339	0.1667	0.127	-0.996975
0.4752	0.4963	0.4986	0.4074	0.4532	0.4739	0.4045	0.0905	0.0603	-0.392393
0.4796	0.4984	0.498	0.4331	0.4816	0.4818	0.4706	0.0952	0.1241	-1.11828
0.4944	0.4935	0.4977	0.4665	0.4401	0.4765	0.2059	0.1302	0.1086	-2.04217
0.4768	0.4972	0.4982	0.431	0.4682	0.474	0.546	0.1014	0.0773	-1.07923
0.4854	0.4852	0.4989	0.4477	0.425	0.4813	0.4072	0.2663	0.0615	-1.55772
0.4808	0.4978	0.4975	0.4462	0.4708	0.4771	0.5886	0.0829	0.1268	-1.54062
0.4904	0.4912	0.4973	0.4617	0.4127	0.4622	0.3472	0.1224	0.0788	-1.98725
0.4868	0.4982	0.4957	0.4509	0.4826	0.4659	0.3885	0.1156	0.1497	-1.63508
0.4879	0.4882	0.4976	0.466	0.4624	0.4673	0.5756	0.4767	0.0821	-2.16056
0.4895	0.4893	0.4956	0.4621	0.4481	0.4779	0.3986	0.2752	0.2583	-1.98707
0.4682	0.4959	0.4952	0.3893	0.4851	0.4508	0.4557	0.3861	0.1143	0.0953906
0.4724	0.4977	0.4979	0.4129	0.4672	0.4678	0.5088	0.0777	0.0725	-0.549729
0.4829	0.4803	0.4967	0.4461	0.4283	0.4583	0.4898	0.4082	0.0893	-1.51342
0.4862	0.4968	0.4986	0.4506	0.4678	0.4773	0.4096	0.1154	0.0659	-1.64798
0.4646	0.4942	0.4963	0.4004	0.4488	0.4703	0.6159	0.135	0.1472	-0.203079
0.4885	0.4686	0.4864	0.4579	0.349	0.4297	0.3913	0.3106	0.2577	-1.86274
0.4722	0.4944	0.498	0.3916	0.4786	0.4775	0.3882	0.3647	0.1022	0.0363354
0.4924	0.4983	0.4977	0.4555	0.4818	0.4693	0.2155	0.1064	0.0851	-1.73096
0.4855	0.4844	0.4979	0.4468	0.4389	0.4703	0.3944	0.3667	0.0777	-1.53496
0.4756	0.489	0.497	0.419	0.4634	0.4717	0.469	0.4483	0.122	-0.715232
0.4738	0.4977	0.4981	0.4118	0.472	0.4784	0.4641	0.0931	0.098	-0.519745
0.4843	0.496	0.4969	0.4356	0.4635	0.4838	0.3452	0.1264	0.2367	-1.18719
0.4803	0.4968	0.496	0.4189	0.4627	0.4391	0.3503	0.0983	0.0751	-0.704027
0.4811	0.4854	0.4928	0.4474	0.438	0.4638	0.5926	0.3285	0.2571	-1.56255
0.4861	0.4983	0.4986	0.4517	0.4775	0.4823	0.4247	0.0829	0.0878	-1.69413
0.464	0.4963	0.499	0.3978	0.4716	0.4872	0.6071	0.1557	0.0838	-0.130637
0.4756	0.4897	0.4943	0.4226	0.4522	0.4736	0.5	0.2876	0.2829	-0.824936
0.4731	0.4804	0.4982	0.4088	0.4224	0.4807	0.4611	0.3667	0.102	-0.435399
0.4804	0.4974	0.4979	0.4353	0.4771	0.4773	0.4658	0.1326	0.105	-1.19453
0.4774	0.4944	0.4779	0.4331	0.4803	0.3969	0.5481	0.4028	0.3056	-1.12881
0.4874	0.4959	0.4983	0.4522	0.4656	0.4853	0.3784	0.1384	0.1312	-1.6784
0.4838	0.4862	0.4951	0.4542	0.4553	0.4826	0.5733	0.4667	0.3933	-1.7771
0.4892	0.477	0.498	0.4605	0.3873	0.4812	0.3918	0.2907	0.1196	-1.95166
0.4701	0.4914	0.4957	0.4012	0.4543	0.4666	0.4839	0.2422	0.1512	-0.223655
0.4613	0.4952	0.4974	0.389	0.4828	0.4707	0.6051	0.3949	0.0994	0.105951
0.4707	0.479	0.497	0.4158	0.4285	0.4538	0.5855	0.4474	0.0722	-0.633891
0.4837	0.4983	0.4969	0.4495	0.4808	0.4607	0.5035	0.0964	0.0904	-1.61801
0.4813	0.4705	0.4948	0.4477	0.4129	0.43	0.5882	0.563	0.087	-1.56241
0.4774	0.4941	0.4974	0.4096	0.4692	0.4746	0.3675	0.244	0.118	-0.449598
0.4818	0.4963	0.4958	0.4489	0.4711	0.4593	0.5839	0.1524	0.1212	-1.61277
0.4786	0.4916	0.4939	0.4409	0.4705	0.4762	0.6047	0.4122	0.3561	-1.363
0.4842	0.4893	0.4895	0.4317	0.4516	0.4524	0.3243	0.2973	0.2973	-1.05842
0.4712	0.4854	0.4976	0.4181	0.4538	0.4726	0.5924	0.4873	0.0989	-0.700998
0.4766	0.4776	0.4984	0.4249	0.3779	0.4774	0.4909	0.2573	0.0802	-0.893745
0.4831	0.4881	0.4977	0.432	0.4388	0.4749	0.3547	0.2562	0.1055	-1.09453
0.4923	0.4963	0.4976	0.4721	0.4609	0.4669	0.3916	0.1076	0.0823	-2.2936
0.4872	0.4965	0.4964	0.4588	0.4677	0.4748	0.4675	0.125	0.1705	-1.91262
0.4804	0.4872	0.4971	0.4157	0.4208	0.4653	0.3315	0.2099	0.0933	-0.618301
0.4742	0.4969	0.4981	0.4222	0.4567	0.4757	0.54	0.0805	0.0862	-0.813755
0.4696	0.4951	0.4982	0.404	0.4816	0.4819	0.5149	0.3731	0.1111	-0.298147
0.4875	0.4939	0.4965	0.4555	0.4679	0.4691	0.4114	0.2438	0.1317	-1.79425
0.4738	0.4976	0.4907	0.4341	0.4787	0.4287	0.7092	0.1287	0.1607	-1.17172
0.4744	0.4933	0.4964	0.4168	0.4625	0.4585	0.4851	0.226	0.098	-0.65256
0.4753	0.4841	0.4971	0.4127	0.4321	0.487	0.4335	0.3295	0.2881	-0.542956
0.4827	0.4947	0.4982	0.4455	0.4781	0.4705	0.4908	0.3273	0.0656	-1.50412
0.4809	0.4857	0.4948	0.4286	0.4398	0.4301	0.3933	0.3315	0.0856	-0.994365
0.4758	0.4924	0.4992	0.4304	0.4721	0.4867	0.5747	0.3829	0.0612	-1.06361
0.488	0.4784	0.4985	0.4553	0.4166	0.4702	0.3846	0.3822	0.0536	-1.77798
0.485	0.496	0.4978	0.4428	0.4514	0.4696	0.3771	0.0942	0.0785	-1.40785
0.4528	0.4962	0.4972	0.4048	0.4457	0.4611	1.0935	0.0806	0.0806	-0.33004
0.49	0.4816	0.4959	0.4643	0.4153	0.4829	0.401	0.3046	0.3249	-2.08605
0.488	0.4975	0.4978	0.4423	0.4638	0.4748	0.2785	0.0756	0.0988	-1.35773
0.4803	0.4962	0.4951	0.4323	0.4708	0.4512	0.44	0.1529	0.1176	-1.09927
0.4819	0.4976	0.4983	0.4345	0.4755	0.4837	0.4088	0.1098	0.1156	-1.16306
0.4919	0.492	0.4985	0.4573	0.4269	0.4796	0.2431	0.1326	0.0815	-1.80229
0.4832	0.4928	0.497	0.4559	0.4745	0.4747	0.6406	0.4031	0.1399	-1.8249
0.4811	0.4783	0.4962	0.4352	0.3712	0.4795	0.4412	0.2339	0.2299	-1.18954
0.4759	0.4777	0.4901	0.4071	0.393	0.458	0.3875	0.2963	0.321	-0.381155
0.4808	0.4965	0.4977	0.4429	0.4502	0.4704	0.5359	0.0805	0.0862	-1.42669
0.4863	0.4982	0.4986	0.4351	0.4807	0.4819	0.2872	0.1045	0.0846	-1.16773
0.4849	0.4864	0.4927	0.4543	0.4385	0.4346	0.5195	0.3032	0.1345	-1.77357
0.4783	0.4986	0.499	0.4333	0.4777	0.483	0.5155	0.0676	0.0631	-1.14748
0.4839	0.4817	0.4987	0.4235	0.381	0.4771	0.2887	0.2062	0.0637	-0.836558
0.4814	0.4927	0.4962	0.4486	0.4754	0.4688	0.5985	0.4318	0.1409	-1.59899
0.479	0.4934	0.4976	0.4317	0.4776	0.4586	0.478	0.4277	0.0632	-1.08909
0.4824	0.4929	0.494	0.4294	0.4647	0.4464	0.3571	0.2597	0.1325	-1.00221
0.4734	0.4945	0.4954	0.4294	0.4498	0.4536	0.65	0.1288	0.1166	-1.02796
0.489	0.494	0.4961	0.457	0.4743	0.4313	0.3614	0.3119	0.0639	-1.84972
0.4776	0.497	0.497	0.4203	0.4671	0.4752	0.4265	0.1039	0.1429	-0.748244
0.4807	0.4981	0.4965	0.4287	0.4737	0.4444	0.4	0.0808	0.0707	-0.997066
0.4859	0.4945	0.4979	0.4448	0.4701	0.4669	0.3622	0.2312	0.0704	-1.47024
0.4737	0.4893	0.4941	0.4248	0.4624	0.4509	0.5844	0.4156	0.1446	-0.894556
0.4889	0.4894	0.497	0.4507	0.4407	0.4557	0.3054	0.2321	0.0756	-1.62318
0.484	0.489	0.498	0.4389	0.44	0.4761	0.3779	0.2384	0.0914	-1.29144
0.4913	0.4945	0.4981	0.4577	0.4597	0.4688	0.2718	0.1643	0.066	-1.84413
0.4794	0.4802	0.496	0.4312	0.4068	0.4549	0.4595	0.2987	0.1013	-1.06843
0.4808	0.4643	0.4967	0.4407	0.3655	0.4502	0.509	0.4192	0.0753	-1.36255
0.4857	0.4818	0.4964	0.4408	0.4162	0.4669	0.3374	0.303	0.1264	-1.33493
0.4729	0.4965	0.4956	0.4076	0.4676	0.4678	0.4571	0.1258	0.1635	-0.39537
0.4933	0.4956	0.4918	0.4694	0.4762	0.4573	0.2909	0.2349	0.25	-2.18507
0.4674	0.4979	0.4976	0.405	0.4757	0.4746	0.5796	0.0968	0.1075	-0.32976
0.4884	0.4881	0.4967	0.4375	0.4463	0.4574	0.2446	0.3022	0.0878	-1.19363
0.4659	0.4974	0.4987	0.3953	0.4686	0.4832	0.5411	0.0947	0.0828	-0.0627813
0.4847	0.4948	0.4984	0.4519	0.476	0.4621	0.4912	0.2865	0.0466	-1.70285
0.4865	0.4983	0.4986	0.4493	0.4798	0.4874	0.3829	0.0942	0.123	-1.60514
0.4698	0.498	0.497	0.4102	0.472	0.4659	0.5583	0.0781	0.099	-0.476328
0.4831	0.4953	0.4969	0.4416	0.4541	0.4652	0.4324	0.119	0.1012	-1.36997
0.4803	0.4978	0.4976	0.4413	0.4824	0.4764	0.5385	0.1481	0.1164	-1.3845
0.4834	0.4881	0.4958	0.4423	0.451	0.4683	0.4286	0.3377	0.16	-1.39428
0.4805	0.4729	0.4953	0.4345	0.3792	0.4778	0.4556	0.3297	0.2747	-1.17394
0.484	0.4977	0.4962	0.4503	0.4615	0.4681	0.5	0.0675	0.1411	-1.64221
0.4843	0.4974	0.4984	0.4289	0.4786	0.4798	0.3054	0.1397	0.0894	-0.982791
0.4781	0.4681	0.4977	0.4374	0.3994	0.4798	0.5756	0.5174	0.1327	-1.26968
0.4883	0.4812	0.4978	0.4553	0.3964	0.4818	0.3723	0.2482	0.1399	-1.75969
0.4747	0.4978	0.4974	0.4072	0.4712	0.4694	0.4151	0.086	0.0968	-0.384805
0.4796	0.4962	0.4976	0.4446	0.4546	0.4579	0.62	0.0966	0.0625	-1.48574
0.4804	0.4733	0.4781	0.438	0.3797	0.3322	0.4917	0.326	0.1813	-1.28348
0.4853	0.4908	0.4964	0.4409	0.425	0.4336	0.3533	0.1518	0.0606	-1.35009
0.4824	0.4953	0.4962	0.4473	0.4781	0.4572	0.5325	0.2792	0.1018	-1.56161
0.4787	0.4703	0.4944	0.4449	0.3966	0.4551	0.6667	0.4519	0.1494	-1.49455
0.4932	0.4965	0.497	0.451	0.459	0.4699	0.1702	0.0969	0.1122	-1.56889
0.4833	0.4981	0.4977	0.4439	0.4785	0.4746	0.4497	0.0963	0.1016	-1.45266
0.4643	0.469	0.4957	0.4091	0.399	0.4657	0.7156	0.4955	0.1493	-0.442084
0.4581	0.4804	0.4969	0.3695	0.4266	0.4673	0.5481	0.3926	0.1083	0.607028
0.4842	0.4903	0.4973	0.4304	0.418	0.474	0.3171	0.1463	0.1198	-1.02813
0.4861	0.4894	0.4974	0.43	0.4281	0.4712	0.2653	0.1869	0.1014	-1.01519
0.4884	0.4927	0.4993	0.4374	0.4379	0.4879	0.2431	0.1422	0.0622	-1.23158
0.4842	0.4969	0.4977	0.446	0.4721	0.4789	0.4354	0.1304	0.1242	-1.5013
0.4553	0.4966	0.4978	0.3899	0.4883	0.4771	0.771	0.4058	0.1111	0.0829543
0.4747	0.4956	0.493	0.4239	0.4313	0.4334	0.5409	0.0739	0.125	-0.864834
0.4868	0.4981	0.4976	0.4496	0.4829	0.4672	0.3728	0.1243	0.0811	-1.61038
0.4834	0.4874	0.4941	0.4434	0.4471	0.4751	0.4406	0.3287	0.3217	-1.42234
0.4792	0.4929	0.4978	0.4351	0.4739	0.4801	0.5069	0.3836	0.125	-1.18772
0.4819	0.4952	0.4964	0.4424	0.4803	0.4581	0.4848	0.3275	0.099	-1.40949
0.4844	0.487	0.4949	0.4353	0.4296	0.4755	0.341	0.2431	0.2706	-1.19234
0.4712	0.4964	0.4986	0.4053	0.4727	0.4842	0.4834	0.1566	0.1024	-0.334743
0.4897	0.4959	0.4961	0.4596	0.4503	0.4438	0.3554	0.095	0.0782	-1.90777
0.4811	0.489	0.4988	0.4267	0.4496	0.4841	0.375	0.2938	0.0857	-0.931515
0.4745	0.4852	0.4981	0.4249	0.4337	0.4803	0.5586	0.3082	0.1062	-0.892481
0.4774	0.4831	0.4948	0.416	0.4195	0.4758	0.4032	0.2903	0.2796	-0.634211
0.4759	0.471	0.495	0.3974	0.364	0.4518	0.3425	0.3149	0.1212	-0.119631
0.4823	0.4987	0.4987	0.4452	0.474	0.4827	0.5057	0.0547	0.0796	-1.50145
0.4753	0.4695	0.4973	0.4221	0.3659	0.4658	0.5034	0.3423	0.0898	-0.809464
0.4901	0.4964	0.4972	0.4685	0.4716	0.4731	0.4759	0.15	0.1188	-2.20505
0.4803	0.4948	0.4983	0.4344	0.4794	0.4768	0.46	0.3467	0.0793	-1.16111
0.4544	0.4797	0.4978	0.3779	0.4345	0.4671	0.6835	0.482	0.0755	0.396912
0.4867	0.4762	0.496	0.4571	0.4151	0.4594	0.471	0.4275	0.1139	-1.84147
0.4798	0.4992	0.492	0.4423	0.486	0.4668	0.5734	0.0641	0.3287	-1.40753
0.478	0.4842	0.4973	0.4421	0.442	0.4734	0.6486	0.3986	0.1173	-1.41003
0.4936	0.495	0.4962	0.4811	0.4803	0.4471	0.52	0.3444	0.0819	-2.62715
0.4855	0.4816	0.4972	0.4523	0.424	0.4557	0.4606	0.3455	0.0703	-1.70902
0.4898	0.4973	0.4977	0.4568	0.4728	0.4787	0.3216	0.1154	0.1209	-1.8148
0.48	0.4823	0.4974	0.4265	0.4151	0.473	0.4035	0.2881	0.1081	-0.932522
0.4878	0.4765	0.4978	0.4476	0.3839	0.4781	0.3218	0.2874	0.1152	-1.53958
0.482	0.4771	0.4984	0.445	0.4103	0.4763	0.5137	0.3767	0.0732	-1.48294
0.4796	0.481	0.496	0.4314	0.4234	0.4599	0.4565	0.3587	0.1144	-1.08435
0.4696	0.4949	0.4971	0.4219	0.4844	0.465	0.6947	0.4891	0.0938	-0.809612
0.4775	0.4974	0.4944	0.4072	0.4756	0.4235	0.3543	0.1212	0.0859	-0.383545
0.4884	0.4877	0.4996	0.452	0.4115	0.4886	0.3352	0.1774	0.0361	-1.67735
0.4833	0.4692	0.4967	0.4515	0.3737	0.4524	0.5535	0.3711	0.0769	-1.69455
0.4897	0.4989	0.4959	0.452	0.4787	0.4728	0.2857	0.0566	0.1823	-1.67583
0.4826	0.4634	0.4983	0.4537	0.3783	0.4759	0.6308	0.4923	0.0784	-1.758
0.4891	0.4967	0.4972	0.4519	0.4763	0.4558	0.3062	0.1656	0.0714	-1.65374
0.4729	0.4661	0.4958	0.4106	0.3722	0.4801	0.4795	0.4152	0.2692	-0.485415
0.4713	0.4902	0.4971	0.435	0.4749	0.4556	0.8493	0.651	0.0741	-1.20877
0.4699	0.4827	0.4909	0.4155	0.4337	0.4679	0.6058	0.3796	0.4088	-0.624053
0.4847	0.4843	0.4959	0.442	0.4324	0.4822	0.3822	0.3246	0.3089	-1.3917
0.4877	0.4959	0.4948	0.4567	0.4623	0.4452	0.4156	0.1279	0.1105	-1.82959
0.4809	0.4762	0.4965	0.4322	0.3971	0.4611	0.4226	0.3373	0.1022	-1.10033
0.4848	0.4895	0.4964	0.4488	0.4609	0.4429	0.4459	0.3841	0.0706	-1.59021
0.477	0.4958	0.4973	0.4109	0.4637	0.4693	0.3827	0.1374	0.0989	-0.487688
0.4827	0.4975	0.4969	0.4485	0.4768	0.462	0.5355	0.125	0.0924	-1.59668
0.48	0.4875	0.4983	0.44	0.4469	0.4759	0.5324	0.3264	0.0755	-1.3325
0.4851	0.4847	0.4967	0.4441	0.4198	0.4635	0.3846	0.2569	0.1032	-1.43301
0.4846	0.4968	0.4988	0.4345	0.467	0.4816	0.3278	0.1094	0.0729	-1.15471
0.4882	0.4744	0.4923	0.4635	0.4011	0.4692	0.4944	0.3889	0.3425	-2.07194
0.4845	0.4914	0.499	0.4535	0.4603	0.4854	0.523	0.2889	0.0777	-1.75903
0.4811	0.4912	0.4911	0.4283	0.4622	0.459	0.3856	0.3137	0.2876	-0.975513
0.4803	0.4833	0.4964	0.4224	0.4204	0.4855	0.369	0.2888	0.3369	-0.814887
0.4786	0.4943	0.499	0.4292	0.4759	0.4862	0.4667	0.32	0.0783	-1.01165
0.4886	0.4981	0.4969	0.4584	0.4805	0.4629	0.3939	0.1073	0.096	-1.88262
0.4727	0.4954	0.4954	0.4215	0.453	0.4603	0.58	0.1136	0.1364	-0.79761
0.4889	0.4821	0.4927	0.4639	0.4244	0.4735	0.46	0.3355	0.3882	-2.05879
0.4759	0.4987	0.496	0.4376	0.4837	0.4831	0.6742	0.0909	0.3188	-1.27285
0.4842	0.4779	0.496	0.4417	0.3998	0.4836	0.396	0.3154	0.3221	-1.36801
0.4719	0.4932	0.4973	0.4099	0.4769	0.4664	0.5	0.4286	0.0889	-0.46578
0.4886	0.4894	0.4974	0.4615	0.4502	0.4735	0.4403	0.2857	0.1105	-1.98603
0.484	0.4932	0.4979	0.4433	0.4718	0.47	0.4182	0.3273	0.0778	-1.4284
0.4824	0.4978	0.4971	0.4432	0.4758	0.4755	0.4765	0.1005	0.1376	-1.43463
0.4813	0.4984	0.4986	0.4435	0.4877	0.488	0.5263	0.1549	0.1379	-1.43368
0.4817	0.4985	0.4994	0.4224	0.4805	0.4882	0.3353	0.0838	0.0576	-0.805802
0.491	0.498	0.4983	0.4666	0.4828	0.479	0.3804	0.1337	0.0872	-2.13229
0.4941	0.4957	0.4981	0.4736	0.461	0.4787	0.2935	0.1276	0.1015	-2.33408
0.4707	0.4787	0.4983	0.4016	0.4177	0.4819	0.4713	0.3822	0.1081	-0.233189
0.4687	0.4964	0.4972	0.4099	0.463	0.4674	0.5875	0.1111	0.0952	-0.468411
0.4873	0.4799	0.4898	0.4595	0.4083	0.3316	0.4753	0.3086	0.0773	-1.93171
0.4799	0.4853	0.4957	0.4451	0.4531	0.4568	0.6124	0.4806	0.1169	-1.48958
0.4847	0.4918	0.498	0.4306	0.4452	0.4794	0.3039	0.1858	0.1117	-1.0379
0.4771	0.4995	0.4983	0.3944	0.4851	0.4854	0.3098	0.0388	0.1359	-0.0384969
0.4752	0.4956	0.4964	0.4218	0.4823	0.4715	0.5062	0.3375	0.1469	-0.803935
0.4823	0.488	0.4973	0.4293	0.4245	0.4672	0.3596	0.2056	0.0938	-1.0101
0.4761	0.4583	0.4965	0.4212	0.3093	0.4639	0.4734	0.3491	0.1111	-0.785808
0.4767	0.4808	0.4987	0.4321	0.4241	0.4875	0.5621	0.366	0.1149	-1.10573
0.4669	0.4882	0.4977	0.4185	0.4646	0.4751	0.7481	0.5191	0.102	-0.714848
0.4803	0.4886	0.4962	0.4425	0.4547	0.4865	0.5528	0.354	0.3975	-1.41996
0.4861	0.4966	0.4971	0.4534	0.4817	0.4624	0.4465	0.2298	0.0877	-1.73617
0.4828	0.4898	0.4979	0.4427	0.4168	0.4778	0.4559	0.1533	0.1046	-1.40134
0.4651	0.4962	0.4966	0.4112	0.4596	0.4584	0.712	0.1074	0.094	-0.503303
0.4835	0.4974	0.498	0.4466	0.4678	0.476	0.4737	0.0914	0.0914	-1.52978
0.4813	0.4918	0.4954	0.4339	0.466	0.4613	0.4231	0.3297	0.14	-1.15491
0.4778	0.4975	0.4979	0.4265	0.4673	0.4731	0.467	0.0852	0.0852	-0.943664
0.4616	0.4922	0.4972	0.4002	0.4776	0.4694	0.6987	0.5449	0.1042	-0.197884
0.4808	0.498	0.4977	0.4473	0.4864	0.4671	0.6056	0.1753	0.0764	-1.56359
0.468	0.4979	0.4983	0.3913	0.4789	0.4798	0.4706	0.1128	0.0923	0.0422809
0.4887	0.4931	0.4973	0.4563	0.4539	0.4818	0.365	0.1863	0.1765	-1.82742
0.4715	0.4812	0.498	0.4096	0.4337	0.4813	0.5083	0.4254	0.1208	-0.458712
0.4697	0.4961	0.4942	0.398	0.4695	0.4786	0.4731	0.1522	0.3765	-0.135727
0.4749	0.4664	0.4897	0.4227	0.3531	0.3835	0.5222	0.35	0.1095	-0.835246
0.49	0.4926	0.4983	0.4675	0.4729	0.4808	0.4604	0.3885	0.0962	-2.16638
0.4936	0.4955	0.4992	0.4751	0.429	0.4859	0.3559	0.0729	0.0625	-2.40561
0.483	0.487	0.4977	0.4382	0.4461	0.4666	0.4053	0.3368	0.0758	-1.28261
0.4841	0.4895	0.4954	0.4265	0.442	0.4743	0.2978	0.236	0.2247	-0.919032
0.4856	0.4939	0.496	0.4532	0.4734	0.4676	0.4645	0.3057	0.1453	-1.73065
0.4804	0.498	0.4968	0.4182	0.4729	0.4669	0.3446	0.0812	0.1125	-0.682757
0.4753	0.4982	0.4977	0.437	0.4808	0.4799	0.6897	0.1059	0.1294	-1.25931
0.4728	0.4964	0.4965	0.4181	0.4683	0.4645	0.5425	0.1307	0.1136	-0.696641
0.4808	0.4978	0.4983	0.4156	0.477	0.4815	0.3224	0.109	0.1026	-0.608029
0.4793	0.4969	0.497	0.4299	0.4717	0.4699	0.4527	0.1258	0.1132	-1.02991
0.4824	0.4915	0.4978	0.4225	0.4562	0.4661	0.319	0.2515	0.073	-0.804233
0.476	0.4765	0.4989	0.435	0.4083	0.4821	0.6267	0.38	0.0647	-1.19594
0.476	0.4845	0.4985	0.4154	0.4434	0.4781	0.4328	0.398	0.0759	-0.62274
0.4645	0.4965	0.496	0.3987	0.4593	0.4621	0.6028	0.0982	0.1227	-0.156595
0.4839	0.4814	0.4995	0.4457	0.4154	0.4886	0.4462	0.3077	0.0479	-1.48464
0.4852	0.4814	0.4944	0.451	0.4221	0.4529	0.4562	0.3415	0.1412	-1.66585
0.4813	0.4964	0.4984	0.4117	0.482	0.4802	0.2945	0.2534	0.0886	-0.496865
0.47	0.4869	0.4961	0.4082	0.4424	0.4639	0.5362	0.3143	0.1258	-0.415428
0.4905	0.4964	0.4949	0.4725	0.4711	0.4565	0.5461	0.1463	0.1402	-2.3451
0.4751	0.4965	0.4969	0.4112	0.4558	0.463	0.4286	0.0899	0.0952	-0.500182
0.4777	0.4871	0.4975	0.4292	0.4485	0.4764	0.4966	0.3537	0.1198	-1.01256
0.4849	0.488	0.4944	0.4472	0.4487	0.4508	0.4239	0.3207	0.1357	-1.55507
0.472	0.4961	0.4985	0.4074	0.4863	0.4751	0.4796	0.4082	0.0658	-0.398581
0.4929	0.4855	0.4957	0.472	0.432	0.4739	0.3519	0.2901	0.2012	-2.2932
0.4852	0.4985	0.498	0.4482	0.4837	0.4691	0.4227	0.1048	0.0714	-1.58651
0.4771	0.4703	0.4969	0.4385	0.401	0.4736	0.6324	0.4779	0.1382	-1.29536
0.4903	0.4869	0.4975	0.4625	0.443	0.4723	0.3621	0.3179	0.1027	-2.00695
0.478	0.4866	0.4955	0.4456	0.4519	0.4777	0.7163	0.4043	0.2611	-1.51989
0.4829	0.4963	0.494	0.4396	0.4655	0.3891	0.422	0.1243	0.0645	-1.32031
0.4851	0.4917	0.4974	0.4357	0.4581	0.4807	0.3226	0.2564	0.1595	-1.17844
0.4768	0.4713	0.4979	0.4155	0.3742	0.4634	0.4153	0.3388	0.0647	-0.620306
0.493	0.4924	0.497	0.4659	0.454	0.4545	0.265	0.209	0.0728	-2.09034
0.481	0.4962	0.4977	0.4389	0.4861	0.4647	0.4834	0.3775	0.0723	-1.30034
0.4808	0.4924	0.4979	0.4365	0.4715	0.4748	0.4639	0.3758	0.0924	-1.23077
0.4796	0.4688	0.4956	0.4453	0.4063	0.4657	0.6316	0.5526	0.1527	-1.49121
0.4833	0.4976	0.4981	0.45	0.4589	0.4579	0.5257	0.065	0.05	-1.6499
0.4703	0.4945	0.4846	0.4052	0.4811	0.4109	0.5057	0.4195	0.2299	-0.33539
0.4762	0.4959	0.4979	0.4217	0.4526	0.4715	0.4759	0.0984	0.082	-0.80035
0.4842	0.4978	0.4981	0.4342	0.476	0.4767	0.3376	0.1034	0.092	-1.13942
0.4803	0.4837	0.4963	0.4475	0.447	0.4633	0.6357	0.4714	0.1173	-1.57158
0.4772	0.4697	0.4967	0.4219	0.3701	0.4527	0.4471	0.351	0.0776	-0.809649
0.4887	0.4745	0.4982	0.4676	0.4041	0.4823	0.5549	0.4012	0.1148	-2.20276
0.4851	0.493	0.4969	0.452	0.4733	0.4626	0.4727	0.3631	0.0924	-1.70112
0.4781	0.4964	0.4977	0.4338	0.4641	0.4571	0.5287	0.1144	0.0597	-1.15939
0.4861	0.4927	0.4978	0.4443	0.4569	0.4675	0.3526	0.2147	0.0746	-1.4557
0.4778	0.4939	0.4971	0.4229	0.476	0.4562	0.4389	0.35	0.0743	-0.834794
0.4712	0.4729	0.4988	0.4153	0.4086	0.4819	0.5643	0.4643	0.0736	-0.615224
0.4933	0.4975	0.4986	0.4764	0.4809	0.4816	0.4025	0.1534	0.0852	-2.44928
0.4853	0.4834	0.4958	0.4457	0.4249	0.4838	0.3939	0.3072	0.3554	-1.49307
0.4683	0.4867	0.4957	0.4051	0.4528	0.4844	0.557	0.4114	0.3861	-0.333094
0.4878	0.498	0.4972	0.457	0.4739	0.4589	0.4124	0.0867	0.0765	-1.84986
0.4838	0.4952	0.4973	0.4506	0.4798	0.488	0.5166	0.3179	0.2895	-1.65888
0.4799	0.4975	0.4976	0.4302	0.4725	0.4684	0.4367	0.1034	0.0862	-1.04053
0.4843	0.4802	0.4969	0.4479	0.43	0.4658	0.4564	0.4257	0.1047	-1.56504
0.4828	0.4872	0.4963	0.4386	0.447	0.4517	0.4171	0.3371	0.0863	-1.29164
0.4767	0.4978	0.4974	0.4278	0.4805	0.4568	0.5153	0.1278	0.0667	-0.97799
0.4831	0.4719	0.493	0.4566	0.4075	0.478	0.6689	0.4834	0.4768	-1.86297
0.4781	0.4872	0.4957	0.4304	0.4565	0.4592	0.4934	0.4342	0.1221	-1.05012
0.4841	0.4931	0.4961	0.4551	0.4704	0.4834	0.5722	0.3132	0.3132	-1.81571
0.4763	0.4911	0.4964	0.4165	0.4663	0.4542	0.4337	0.3728	0.089	-0.648238
0.488	0.4901	0.4979	0.4619	0.4462	0.4782	0.4815	0.2393	0.1098	-2.0105
0.4873	0.4883	0.4988	0.4616	0.4536	0.4837	0.5157	0.3522	0.0782	-2.00555
0.4833	0.4822	0.4986	0.428	0.4166	0.4858	0.327	0.2956	0.1131	-0.95963
0.4823	0.4898	0.4975	0.4292	0.4488	0.4687	0.358	0.2614	0.0914	-1.00495
0.4841	0.4878	0.4979	0.441	0.4288	0.4765	0.3905	0.2235	0.1023	-1.35352
0.4887	0.489	0.4965	0.4547	0.4409	0.4498	0.3494	0.244	0.08	-1.75647
0.4866	0.4957	0.4967	0.4464	0.4736	0.4477	0.3512	0.2	0.0718	-1.50651
0.4721	0.4975	0.4979	0.4269	0.4705	0.4647	0.6667	0.0964	0.0663	-0.9559
0.4907	0.4972	0.496	0.4629	0.464	0.4556	0.3491	0.087	0.1033	-2.00984
0.4858	0.4954	0.4953	0.4656	0.4564	0.4554	0.7246	0.1242	0.1242	-2.14736
0.487	0.4965	0.4961	0.4501	0.4562	0.4534	0.3699	0.0895	0.0947	-1.62504
0.4838	0.4961	0.4954	0.4433	0.467	0.4493	0.4244	0.1368	0.1053	-1.43214
0.487	0.4711	0.4974	0.4601	0.3913	0.4688	0.5029	0.4068	0.095	-1.96433
0.4817	0.4678	0.4969	0.4471	0.3745	0.4767	0.5588	0.3971	0.1558	-1.54909
0.4886	0.4974	0.4994	0.4672	0.4737	0.4867	0.5494	0.1117	0.0479	-2.18863
0.467	0.4766	0.498	0.4032	0.4316	0.4768	0.5734	0.5594	0.0976	-0.279108
0.4702	0.4921	0.4909	0.4154	0.4765	0.4696	0.5972	0.5208	0.4375	-0.622629
0.4808	0.4989	0.4968	0.4339	0.4883	0.4743	0.4387	0.1006	0.1479	-1.14773
0.4835	0.497	0.4978	0.4493	0.4564	0.468	0.5099	0.0778	0.0778	-1.61669
0.4797	0.471	0.4979	0.4287	0.3936	0.4711	0.4302	0.4213	0.0816	-1.00196
0.4944	0.4974	0.4973	0.4782	0.4693	0.4577	0.3523	0.0948	0.0711	-2.51391
0.4709	0.4603	0.499	0.4218	0.3154	0.4873	0.6437	0.3389	0.0865	-0.813875
0.4633	0.4745	0.4839	0.3782	0.406	0.4051	0.4935	0.4129	0.2256	0.387168
0.4815	0.4903	0.4959	0.4332	0.4518	0.4572	0.4118	0.2662	0.1098	-1.12043
0.4744	0.4905	0.4968	0.4049	0.4557	0.4687	0.4085	0.2866	0.118	-0.323229
0.4871	0.4891	0.4976	0.4497	0.4507	0.4744	0.363	0.2973	0.1062	-1.59474
0.4904	0.4902	0.4962	0.4497	0.4424	0.4711	0.2485	0.2189	0.157	-1.56943
0.4867	0.4965	0.4985	0.4468	0.4659	0.4731	0.3506	0.1189	0.0595	-1.52107
0.4792	0.4969	0.4949	0.4396	0.467	0.4498	0.5578	0.1071	0.119	-1.32693
0.4827	0.4856	0.4967	0.4431	0.4354	0.4669	0.4641	0.3072	0.1156	-1.42162
0.4828	0.4975	0.4983	0.4429	0.4719	0.4823	0.457	0.1	0.105	-1.42932
0.4807	0.4799	0.4979	0.4337	0.4049	0.4697	0.4413	0.2961	0.0765	-1.14902
0.4873	0.4963	0.4901	0.4602	0.4874	0.4587	0.4867	0.4267	0.3267	-1.94991
0.4772	0.4969	0.4962	0.4255	0.4714	0.4849	0.4762	0.1271	0.343	-0.908762
0.4622	0.498	0.4977	0.3941	0.4772	0.4712	0.6242	0.0984	0.0881	-0.0314705
0.4884	0.4913	0.497	0.4633	0.464	0.4716	0.4803	0.3289	0.122	-2.04834
0.4815	0.4953	0.4967	0.4466	0.475	0.4723	0.56	0.2385	0.1377	-1.52613
0.486	0.4966	0.4971	0.447	0.465	0.4733	0.3799	0.1099	0.1257	-1.53811
0.4736	0.496	0.4862	0.4197	0.4734	0.3938	0.5329	0.1801	0.1677	-0.743584
0.4897	0.4971	0.4974	0.4607	0.483	0.4756	0.3691	0.2067	0.121	-1.93337
0.4765	0.4763	0.4974	0.4334	0.4292	0.4778	0.5845	0.5423	0.1345	-1.14242
0.492	0.4967	0.4979	0.4669	0.4662	0.4803	0.3269	0.1131	0.119	-2.1163
0.4833	0.4936	0.4977	0.4552	0.4752	0.4745	0.6222	0.3592	0.1032	-1.80546
0.4733	0.4961	0.4976	0.43	0.4879	0.468	0.6647	0.4911	0.0833	-1.05272
0.495	0.4954	0.4985	0.4683	0.4678	0.4704	0.1943	0.1706	0.0563	-2.12667
0.4867	0.4989	0.4977	0.4327	0.4811	0.4689	0.2644	0.0649	0.0811	-1.08368
0.4798	0.4978	0.4961	0.4269	0.4788	0.4658	0.4118	0.1166	0.135	-0.938492
0.4806	0.4971	0.4978	0.4377	0.4664	0.4731	0.4841	0.0984	0.0929	-1.26604
0.4728	0.4984	0.4972	0.4258	0.4792	0.4736	0.6289	0.0824	0.1209	-0.928033
0.4727	0.4828	0.4948	0.4088	0.446	0.4603	0.4701	0.4925	0.1558	-0.428369
0.4911	0.4888	0.4971	0.4646	0.4379	0.4693	0.3462	0.2357	0.1078	-2.05169
0.4807	0.4745	0.4976	0.4403	0.4055	0.4632	0.5102	0.4094	0.0727	-1.34325
0.484	0.4908	0.4906	0.4457	0.4644	0.4564	0.4425	0.3621	0.2874	-1.50713
0.4793	0.4621	0.4983	0.4299	0.3282	0.4796	0.4503	0.345	0.0904	-1.03637
0.4906	0.4991	0.4983	0.4499	0.4828	0.4722	0.2432	0.0558	0.066	-1.58527
0.4934	0.4949	0.4979	0.4704	0.4639	0.4893	0.2931	0.1694	0.2529	-2.22469
0.4836	0.4775	0.4973	0.4521	0.4126	0.4739	0.5484	0.3806	0.1189	-1.70999
0.4841	0.4975	0.4977	0.445	0.4701	0.4766	0.4314	0.0947	0.1124	-1.47386
0.4747	0.4975	0.4981	0.4096	0.4673	0.4759	0.4277	0.087	0.087	-0.453115
0.4895	0.4961	0.4983	0.4484	0.449	0.4788	0.2688	0.0863	0.0863	-1.55014
0.4926	0.4974	0.4976	0.4715	0.4805	0.4669	0.3602	0.1579	0.0808	-2.29637
0.4753	0.4816	0.4979	0.4169	0.4271	0.4773	0.4633	0.3652	0.1024	-0.663899
0.4926	0.4962	0.4957	0.4772	0.4679	0.4476	0.4892	0.14	0.0933	-2.48345
0.4826	0.4755	0.4972	0.448	0.3743	0.4744	0.5298	0.2774	0.1257	-1.58102
0.4884	0.4862	0.4977	0.4483	0.4338	0.475	0.3062	0.2812	0.1065	-1.54699
0.4822	0.4971	0.4968	0.4437	0.471	0.4754	0.4894	0.1154	0.1538	-1.44028
0.4792	0.4967	0.4993	0.4329	0.4868	0.4884	0.4812	0.3354	0.0667	-1.12417
0.4761	0.4894	0.4956	0.4155	0.4564	0.4629	0.4309	0.3351	0.1415	-0.624357
0.4859	0.4987	0.4955	0.4489	0.4822	0.4492	0.4	0.0821	0.1026	-1.60074
