x
0.3276
0.3532
0.3459
0.3509
0.3516
0.3395
0.3396
0.3521
0.3291
0.3513
0.3599
0.3554
0.3583
0.3469
0.3247
0.3474
0.3237
0.3445
0.3414
0.3467
0.354
0.3612
0.3477
0.3573
0.35
0.3521
0.3636
0.3372
0.3494
0.3253
0.3547
0.3609
0.3233
0.3498
0.3492
0.344
0.3498
0.3415
0.3814
0.3139
0.3341
0.3573
0.3599
0.3219
0.329
0.3471
0.3131
0.3457
0.3519
0.3302
0.3354
0.3402
0.3627
0.348
0.3288
0.3321
0.3499
0.3482
0.3294
0.3545
0.3393
0.3328
0.3516
0.3341
0.3493
0.3555
0.3576
0.3307
0.3758
0.3737
0.353
0.3676
0.3205
0.3564
0.3339
0.3576
0.3561
0.3561
0.3501
0.3363
0.3474
0.3551
0.3352
0.3505
0.3162
0.3597
0.3527
0.3666
0.3428
0.3456
0.3187
0.3513
0.331
0.35
0.3555
0.3204
0.3331
0.3306
0.3233
0.3442
0.3385
0.346
0.3498
0.3475
0.3274
0.347
0.3306
0.3134
0.3549
0.3648
0.3718
0.3378
0.3355
0.3421
0.3324
0.3193
0.3517
0.3545
0.3328
0.352
0.3534
0.3367
0.333
0.341
0.3296
0.3168
0.357
0.3647
0.3176
0.3372
0.3433
0.3653
0.3441
0.3272
0.3468
0.3175
0.3549
0.3558
0.3703
0.3467
0.3306
0.3552
0.3454
0.3192
0.3719
0.3414
0.3329
0.351
0.3419
0.3679
0.3675
0.3472
0.3495
0.3369
0.3624
0.337
0.3321
0.3479
0.3216
0.319
0.3557
0.3159
0.3524
0.3534
0.3414
0.3521
0.3576
0.3431
0.3465
0.3434
0.3593
0.3129
0.3423
0.3582
0.3291
0.3478
0.3449
0.3338
0.35
0.3671
0.3738
0.3269
0.3552
0.3546
0.3494
0.3538
0.3438
0.3463
0.3241
0.3205
0.2993
0.3159
0.3502
0.3577
0.3293
0.3643
0.3412
0.3469
0.3569
0.3689
0.3634
0.3307
0.3735
0.3414
0.3556
0.3579
0.3377
0.3303
0.3578
0.3372
0.3476
0.3394
0.3499
0.359
0.3487
0.3524
0.326
0.3584
0.3475
0.359
0.3456
0.338
0.3496
0.3049
0.3274
0.3496
0.3648
0.3617
0.3322
0.3471
0.3461
0.3616
0.3333
0.3409
0.3372
0.3194
0.3512
0.3288
0.3739
0.3564
0.3279
0.3541
0.3467
0.3569
0.3455
0.3628
0.3551
0.3123
0.3173
0.3447
0.3609
0.3373
0.3299
0.341
0.3472
0.3519
0.3324
0.3544
0.3246
0.3614
0.3556
0.3498
0.3392
0.3412
0.3613
0.3685
0.3143
0.3554
0.354
0.3371
0.3682
0.3377
0.3358
0.3414
0.337
0.3274
0.3404
0.3287
0.34
0.3232
0.3424
0.3014
0.3485
0.3177
0.3636
0.3285
0.3412
0.3352
0.3602
0.3417
0.3552
0.3267
0.327
0.345
0.3216
0.3393
0.3282
0.3271
0.3499
0.3511
0.3198
0.3277
0.3169
0.3492
0.3445
0.3493
0.3698
0.3742
0.341
0.3354
0.3128
0.3272
0.3573
0.3346
0.3511
0.37
0.3106
0.365
0.3401
0.3524
0.3402
0.345
0.3565
0.3145
0.345
0.3653
0.3374
0.3598
0.36
0.3603
0.3516
0.3581
0.3464
0.3507
0.3614
0.3596
0.3131
0.3529
0.3411
0.3464
0.3329
0.3283
0.3546
0.3439
0.345
0.3435
0.3115
0.323
0.3495
0.3664
0.3621
0.3594
0.3714
0.2738
0.3542
0.3457
0.3494
0.3086
0.3511
0.3338
0.3659
0.3624
0.3588
0.3482
0.3254
0.3408
0.3368
0.3615
0.3421
0.363
0.3601
0.3353
0.3394
0.3259
0.3311
0.3478
0.3687
0.3454
0.3463
0.2948
0.3391
0.3505
0.3603
0.3305
0.3433
0.3642
0.3513
0.3242
0.3516
0.3424
0.3338
0.3328
0.3617
0.3315
0.3506
0.3588
0.3194
0.3285
0.3025
0.3668
0.3358
0.3216
0.3351
0.3379
0.3106
0.3247
0.3627
0.3275
0.3294
0.3216
0.3652
0.3498
0.3648
0.3157
0.326
0.3485
0.3331
0.3097
0.336
0.3727
0.3664
0.3227
0.3406
0.3247
0.3406
0.337
0.3498
0.3523
0.3479
0.3288
0.367
0.3747
0.3279
0.3444
0.3471
0.3569
0.3465
0.3488
0.352
0.3542
0.3465
0.3489
0.3544
0.3255
0.3511
0.3435
0.3207
0.3465
0.3466
0.3453
0.3557
0.3337
0.341
0.3516
0.3283
0.3391
0.3392
0.3547
0.3336
0.3455
0.3538
0.3209
0.3532
0.3577
0.3465
0.3278
0.3693
0.3485
0.3409
0.3477
0.3551
0.3356
0.3353
0.3137
0.3592
0.3586
0.3242
0.3577
0.3412
0.3244
0.3243
0.336
0.3573
0.3347
0.3564
0.3263
0.3599
0.3646
0.3338
0.374
0.3624
0.3466
0.3505
0.3435
0.3213
0.3163
0.3624
0.3705
0.3442
0.3452
0.3145
0.349
0.337
0.3557
0.3538
0.3445
0.3471
0.359
0.3615
0.3313
0.3443
0.3466
0.3629
0.3298
0.3152
0.3504
0.343
0.3306
0.3443
0.3561
0.3604
0.334
0.3353
0.3725
0.3452
0.3585
0.3081
0.3412
0.3545
0.3015
0.3607
0.3466
0.3521
0.3438
0.3399
0.3459
0.3303
0.3361
0.32
0.3443
0.3313
0.3134
0.3644
0.3553
0.3681
0.3019
0.3364
0.3529
0.3189
0.3653
0.3672
0.3417
0.3495
0.3312
0.3666
0.3492
0.3442
0.3344
0.3392
0.3601
0.3395
0.374
0.3509
0.3385
0.3579
0.3274
0.3694
0.3682
0.3344
0.3022
0.3611
0.3322
0.3283
0.3467
0.359
0.3281
0.3738
0.3613
0.3647
0.3756
0.3539
0.3542
0.3306
0.3221
0.333
0.3573
0.3437
0.3389
0.3677
0.3505
0.3649
0.3234
0.3352
0.3605
0.3424
0.3487
0.3134
0.3671
0.3342
0.3116
0.3428
0.3341
0.3512
0.3507
0.3342
0.31
0.3465
0.3536
0.3361
0.3608
0.3723
0.3235
0.3538
0.3252
0.3593
0.3399
0.3517
0.3393
0.3285
0.3386
0.3445
0.3373
0.351
0.3453
0.3573
0.3628
0.351
0.3209
0.3173
0.3054
0.3512
0.348
0.2896
0.3339
0.329
0.3237
0.3235
0.3348
0.348
0.35
0.3428
0.3486
0.3453
0.3419
0.3406
0.3543
0.3495
0.3414
0.3607
0.354
0.3255
0.3599
0.3414
0.3561
0.3178
0.3687
0.3208
0.3521
0.3473
0.3571
0.3105
0.3232
0.3669
0.3634
0.3492
0.3584
0.3593
0.3459
0.3636
0.3362
0.329
0.3179
0.3616
0.3284
0.3482
0.3256
0.3172
0.3503
0.3428
0.3684
0.3258
0.3375
0.3169
0.3426
0.3223
0.3202
0.3488
0.3466
0.3337
0.3344
0.3557
0.3378
0.3354
0.3452
0.3432
0.3301
0.3189
0.3417
0.34
0.3354
0.3417
0.3357
0.3552
0.3741
0.3437
0.3438
0.34
0.3272
0.3374
0.3475
0.3355
0.3431
0.3367
0.3218
0.3608
0.3489
0.3372
0.325
0.3291
0.3259
0.3469
0.3471
0.334
0.3351
0.3615
0.3456
0.3547
0.3323
0.33
0.3513
0.3326
0.3384
0.3332
0.3489
0.3472
0.3541
0.3084
0.3119
0.35
0.3324
0.3661
0.3696
0.349
0.3358
0.3241
0.32
0.354
0.3343
0.3158
0.3393
0.3186
0.3492
0.3461
0.3267
0.3441
0.3668
0.3435
0.3138
0.3521
0.3719
0.3248
0.3296
0.3524
0.3328
0.3438
0.3202
0.3277
0.3512
0.3633
0.3469
0.3266
0.3617
0.3638
0.3281
0.3429
0.3558
0.3085
0.3693
0.3195
0.3432
0.3121
0.3325
0.3456
0.3172
0.3444
0.3496
0.317
0.3404
0.3519
0.366
0.3272
0.305
0.3485
0.3484
0.3289
0.3393
0.331
0.3502
0.3381
0.3338
0.3409
0.3647
0.3462
0.3404
0.3634
0.3466
0.366
0.3496
0.3378
0.3332
0.3449
0.3386
0.3344
0.3495
0.3406
0.338
0.3244
0.3218
0.3293
0.3724
0.3455
0.3427
0.3317
0.3671
0.3444
0.3398
0.3531
0.3397
0.3557
0.3465
0.3482
0.3534
0.3139
0.3294
0.3599
0.302
0.3299
0.3527
0.3645
0.352
0.3593
0.3464
0.361
0.3575
0.3488
0.3528
0.3255
0.3561
0.2959
0.3463
0.3492
0.3447
0.3566
0.3505
0.3049
0.3468
0.3467
0.3391
0.3302
0.3398
0.3426
0.3531
0.3234
0.3468
0.3296
0.3291
0.3533
0.3583
0.3548
0.3654
0.3682
0.3348
0.356
0.3396
0.3629
0.326
0.3449
0.3407
0.3409
0.3406
0.3478
0.3649
0.3536
0.3499
0.3169
0.353
0.3324
0.3434
0.3108
0.3527
0.3538
0.3617
0.3307
0.3603
0.3519
0.374
0.3045
0.3589
0.3507
0.3618
0.3466
0.3357
0.3424
0.3698
0.3441
0.355
0.3629
0.3646
0.3451
0.3275
0.3523
0.3402
0.3436
0.3443
0.3612
0.3332
0.355
0.3362
0.3287
0.339
0.335
0.337
0.3318
0.3227
0.3684
0.3677
0.3607
0.3628
0.3551
0.3419
0.3261
0.3465
0.3339
0.3444
0.3294
0.3391
0.3095
0.3268
0.3445
0.3286
0.3459
0.3384
0.3561
0.3391
0.3568
0.3529
0.373
0.3375
0.3528
0.3522
0.3641
0.3534
0.3434
0.3372
0.3704
0.3354
0.3158
0.3532
0.361
0.3637
0.3436
0.3416
0.3252
0.3176
0.3334
0.3164
0.3356
0.3287
0.3486
0.362
0.3278
0.3484
0.339
0.3601
0.3258
0.3309
0.3534
0.3707
0.3448
0.3547
0.3129
0.3465
0.3377
0.3678
0.3132
0.348
0.3258
0.3607
0.3465
0.366
0.3533
0.3478
0.3313
0.355
0.3638
0.341
0.3284
0.3381
0.3454
0.3706
0.3279
0.3521
0.3418
0.355
0.3448
0.3306
0.3324
0.3568
0.3256
0.3525
0.3603
0.3624
0.3567
0.3415
0.3246
0.3441
0.317
0.3412
0.3418
0.3459
0.3484
0.3651
0.344
0.3533
0.3459
0.3543
0.3647
0.3394
0.3512
0.3211
0.3489
0.3627
0.3252
0.3426
0.3547
0.3431
0.3455
0.3452
0.3819
0.3032
0.3349
0.3617
0.3573
0.3139
0.3359
0.3455
0.3111
0.3378
0.3487
0.3415
0.3368
0.3345
0.358
0.338
0.3308
0.3324
0.3461
0.3437
0.3262
0.3589
0.3338
0.3301
0.3506
0.3361
0.3443
0.3551
0.3558
0.322
0.3755
0.3716
0.3507
0.3665
0.3139
0.3571
0.3332
0.3558
0.3573
0.3577
0.3438
0.3396
0.3486
0.3533
0.3281
0.3505
0.316
0.3622
0.3513
0.3675
0.3351
0.3518
0.3181
0.353
0.3266
0.3518
0.3571
0.3187
0.3274
0.3267
0.3196
0.3451
0.3444
0.3435
0.3454
0.345
0.3241
0.3467
0.3271
0.3117
0.3638
0.364
0.3691
0.3331
0.3334
0.3435
0.3374
0.3203
0.3499
0.3548
0.3346
0.3543
0.3654
0.338
0.3254
0.3373
0.3291
0.3091
0.3556
0.369
0.3135
0.3356
0.3498
0.3653
0.3439
0.3262
0.3518
0.3067
0.3502
0.3525
0.3707
0.3501
0.3244
0.3513
0.3406
0.3167
0.3709
0.3379
0.3353
0.3454
0.3358
0.3666
0.3622
0.3458
0.3488
0.3364
0.3601
0.3326
0.33
0.345
0.3311
0.3165
0.3556
0.3157
0.3551
0.3457
0.3345
0.3582
0.3583
0.3452
0.3526
0.3372
0.3585
0.3004
0.3457
0.3523
0.3278
0.3531
0.3422
0.3348
0.3491
0.3681
0.3764
0.3272
0.3547
0.3554
0.3484
0.355
0.3388
0.3407
0.3324
0.3189
0.2998
0.31
0.3541
0.3563
0.3234
0.364
0.3372
0.346
0.3505
0.3734
0.3709
0.3244
0.3715
0.3385
0.3517
0.3565
0.3359
0.3281
0.3553
0.3394
0.3506
0.3351
0.353
0.3554
0.3538
0.3499
0.3212
0.3542
0.35
0.3636
0.3376
0.337
0.3428
0.3
0.3139
0.3502
0.3612
0.3618
0.3438
0.3441
0.3448
0.3627
0.3382
0.3405
0.334
0.3199
0.3476
0.3298
0.3738
0.3543
0.3184
0.3526
0.3487
0.357
0.3394
0.3617
0.358
0.311
0.3136
0.3537
0.3596
0.3286
0.3261
0.3356
0.3428
0.3467
0.3247
0.3481
0.3249
0.3594
0.3504
0.355
0.3428
0.342
0.3585
0.3701
0.3148
0.358
0.3553
0.3282
0.3675
0.3332
0.3293
0.3425
0.3361
0.3172
0.3404
0.3275
0.3368
0.3175
0.3524
0.2926
0.3461
0.3074
0.3602
0.3193
0.3323
0.3248
0.3598
0.3421
0.3546
0.3241
0.327
0.3349
0.314
0.335
0.3243
0.3239
0.3513
0.3477
0.3151
0.3243
0.3242
0.3413
0.3398
0.344
0.3679
0.3766
0.3439
0.3352
0.2992
0.3258
0.3491
0.3381
0.349
0.3736
0.307
0.3655
0.3337
0.349
0.3376
0.3427
0.3539
0.3139
0.3443
0.3682
0.3316
0.3606
0.3586
0.3634
0.3545
0.3584
0.3423
0.3507
0.3593
0.3603
0.3198
0.3548
0.3357
0.3388
0.334
0.3236
0.3596
0.3465
0.3435
0.3442
0.3075
0.3266
0.3451
0.3652
0.3602
0.3633
0.3737
0.2622
0.3514
0.3418
0.3443
0.3131
0.349
0.3295
0.3694
0.3646
0.3632
0.3422
0.3262
0.3418
0.3309
0.3587
0.3381
0.3609
0.3567
0.3313
0.3431
0.3242
0.3268
0.344
0.3684
0.3447
0.3423
0.2912
0.3325
0.3564
0.3582
0.3289
0.3398
0.3634
0.3514
0.3254
0.3484
0.344
0.3289
0.3325
0.3793
0.3397
0.3479
0.3553
0.3188
0.3254
0.3078
0.3623
0.3342
0.3224
0.3228
0.3291
0.3057
0.3211
0.363
0.3223
0.3279
0.3257
0.365
0.3468
0.3681
0.3112
0.3166
0.3515
0.3259
0.324
0.3362
0.3764
0.3658
0.3201
0.3348
0.3235
0.3376
0.3352
0.3512
0.3516
0.3528
0.3275
0.3647
0.376
0.3166
0.3414
0.3432
0.356
0.3517
0.3479
0.3478
0.3509
0.3396
0.3521
0.3486
0.3229
0.3496
0.3437
0.3093
0.3521
0.341
0.3476
0.3577
0.3374
0.3421
0.3549
0.3243
0.3385
0.3399
0.3601
0.3308
0.3454
0.3584
0.3214
0.342
0.3714
0.3413
0.326
0.3676
0.3434
0.3452
0.3396
0.3523
0.3315
0.3337
0.3087
0.3555
0.3556
0.3227
0.3591
0.3358
0.3197
0.3163
0.3352
0.3606
0.329
0.3569
0.323
0.3706
0.3636
0.3264
0.3747
0.3625
0.3423
0.3489
0.343
0.319
0.3225
0.3616
0.371
0.3464
0.3527
0.3201
0.347
0.3377
0.3584
0.3549
0.3372
0.3433
0.3552
0.3596
0.3217
0.3402
0.3474
0.3582
0.3173
0.3083
0.354
0.3455
0.3264
0.3427
0.3571
0.3596
0.3335
0.3327
0.3719
0.3427
0.3545
0.278
0.3419
0.3555
0.2984
0.3609
0.3466
0.3512
0.3431
0.334
0.3458
0.327
0.3514
0.3099
0.3439
0.3287
0.3051
0.3663
0.3523
0.3746
0.2967
0.3388
0.3566
0.3093
0.3613
0.3693
0.34
0.349
0.3438
0.3694
0.3481
0.3402
0.3288
0.3379
0.3577
0.3371
0.3676
0.3445
0.3388
0.3569
0.3337
0.3705
0.3717
0.3398
0.2924
0.3638
0.3326
0.3285
0.3431
0.3569
0.3281
0.3676
0.3562
0.3609
0.3777
0.3515
0.3481
0.3302
0.3239
0.3318
0.3524
0.3442
0.3352
0.3632
0.3476
0.3612
0.3253
0.3369
0.3585
0.3424
0.3511
0.3106
0.3615
0.3267
0.3061
0.3422
0.3324
0.3507
0.3531
0.3378
0.3032
0.3437
0.3519
0.33
0.3667
0.3619
0.3157
0.3531
0.3194
0.3531
0.3366
0.3504
0.336
0.3197
0.3581
0.346
0.3319
0.3484
0.3349
0.3563
0.3654
0.3589
0.3199
0.3193
0.2992
0.3508
0.352
0.2796
0.339
0.33
0.3113
0.3188
0.3373
0.3492
0.3489
0.3388
0.3473
0.348
0.3356
0.3329
0.3466
0.3425
0.34
0.3592
0.3478
0.32
0.3594
0.3361
0.3606
0.3152
0.3695
0.3223
0.3559
0.349
0.3536
0.3069
0.3226
0.3681
0.3656
0.3417
0.3579
0.3575
0.3417
0.3595
0.3348
0.3317
0.319
0.3662
0.323
0.3479
0.3228
0.3131
0.3513
0.3449
0.3565
0.3284
0.336
0.3142
0.338
0.3094
0.3151
0.346
0.3431
0.3275
0.3401
0.3522
0.3353
0.3426
0.3395
0.3441
0.3349
0.3166
0.3351
0.3428
0.3316
0.3372
0.3328
0.3551
0.3804
0.3491
0.3389
0.3458
0.3265
0.3293
0.3474
0.3355
0.3405
0.3318
0.3267
0.3616
0.3443
0.3378
0.3128
0.3218
0.3254
0.3523
0.3435
0.3315
0.3298
0.3616
0.3435
0.3543
0.3288
0.3291
0.3543
0.3278
0.3456
0.3347
0.3468
0.3454
0.3501
0.3164
0.313
0.3524
0.3353
0.3695
0.3702
0.3454
0.3211
0.3218
0.3135
0.3551
0.3285
0.3157
0.3405
0.3203
0.3469
0.3458
0.3287
0.3425
0.3656
0.333
0.3088
0.3455
0.372
0.3204
0.3373
0.3535
0.3352
0.3416
0.3258
0.3272
0.349
0.362
0.3495
0.3272
0.3636
0.3639
0.3283
0.341
0.3597
0.299
0.3705
0.3205
0.3423
0.3027
0.3306
0.3437
0.3166
0.3438
0.3461
0.3134
0.3422
0.3564
0.3747
0.3262
0.2969
0.3448
0.3483
0.3286
0.3398
0.3286
0.3541
0.3391
0.3315
0.3413
0.359
0.345
0.3399
0.3641
0.349
0.3658
0.3395
0.3371
0.3273
0.3387
0.3391
0.3283
0.3411
0.3384
0.3359
0.3246
0.3203
0.3232
0.3731
0.3455
0.3421
0.3291
0.3681
0.3441
0.339
0.3525
0.3375
0.359
0.3514
0.3308
0.3503
0.3047
0.3264
0.3682
0.2941
0.3219
0.3485
0.3621
0.3547
0.361
0.3451
0.3595
0.3567
0.346
0.3487
0.3192
0.3521
0.2949
0.3485
0.3438
0.3389
0.3601
0.3501
0.2886
0.3423
0.3492
0.3367
0.323
0.3321
0.339
0.3545
0.3222
0.3418
0.3235
0.3239
0.3456
0.3569
0.3515
0.3649
0.3649
0.3327
0.3558
0.3424
0.3642
0.3253
0.3366
0.3387
0.34
0.3417
0.3541
0.3728
0.3547
0.3463
0.3115
0.3544
0.3313
0.3374
0.3068
0.3514
0.3513
0.3607
0.3254
0.3582
0.3516
0.3707
0.3023
0.3604
0.3503
0.3626
0.3513
0.3321
0.3456
0.3663
0.3397
0.3553
0.3662
0.3684
0.3438
0.3212
0.3515
0.3411
0.342
0.3405
0.3676
0.3353
0.3564
0.3379
0.3239
0.3338
0.3469
0.3377
0.3336
0.3193
0.3621
0.3678
0.3616
0.3627
0.3533
0.3432
0.3265
0.3468
0.325
0.3413
0.3408
0.3397
0.311
0.3242
0.3476
0.3249
0.3412
0.3371
0.3539
0.3329
0.3549
0.3523
0.3778
0.3409
0.356
0.3537
0.3628
0.3565
0.3459
0.3405
0.3724
0.3364
0.3154
0.3474
0.3601
0.3595
0.3543
0.3348
0.3231
0.3142
0.3258
0.3059
0.3304
0.3286
0.3519
0.3604
0.3254
0.3495
0.3317
0.349
0.3228
0.3267
0.3485
0.3746
0.3511
0.3485
0.3065
0.3457
0.3327
0.3651
0.3111
0.3488
0.32
0.3651
0.3459
0.3647
0.3507
0.3523
0.3286
0.3519
0.3625
0.3363
0.3311
0.3409
0.3421
0.3772
0.3265
0.3691
0.3578
0.3456
0.3493
0.3367
0.3363
0.3524
0.3241
0.3517
0.3788
0.3744
0.3562
0.3523
0.3419
0.3476
0.3199
0.3665
0.3788
0.3636
0.3959
0.3673
0.3493
0.3696
0.3516
0.3698
0.3618
0.3381
0.3814
0.3702
0.3733
0.3875
0.3986
0.3524
0.3483
0.3419
0.3708
0.3481
0.39
0.3153
0.3941
0.3906
0.3663
0.3798
0.3883
0.3485
0.357
0.3884
0.3532
0.3599
0.3341
0.3381
0.3647
0.3383
0.3333
0.3583
0.3712
0.3664
0.33
0.3616
0.3843
0.3284
0.3844
0.3434
0.3598
0.356
0.3884
0.3766
0.3744
0.3729
0.3859
0.3673
0.3153
0.3567
0.3743
0.3905
0.3567
0.3883
0.3702
0.3339
0.3449
0.3574
0.3835
0.3686
0.3229
0.35
0.3883
0.3721
0.3402
0.3923
0.3264
0.3605
0.3296
0.3578
0.3885
0.3611
0.3909
0.354
0.3205
0.3689
0.34
0.3442
0.3589
0.3502
0.3313
0.3426
0.3932
0.3239
0.3609
0.391
0.3738
0.334
0.3376
0.3865
0.3981
0.3214
0.3867
0.3659
0.346
0.3541
0.3669
0.3511
0.3369
0.3858
0.3301
0.3067
0.393
0.3903
0.3853
0.3407
0.3431
0.3637
0.3453
0.3229
0.3736
0.3123
0.3574
0.3618
0.3682
0.392
0.3293
0.3626
0.3484
0.3365
0.382
0.3976
0.3387
0.3474
0.3435
0.3666
0.3709
0.3792
0.3469
0.3352
0.359
0.3372
0.3378
0.3502
0.3924
0.3202
0.3781
0.3196
0.355
0.3522
0.3658
0.3608
0.3983
0.3869
0.3492
0.3407
0.3641
0.3007
0.3674
0.3515
0.3278
0.3525
0.3434
0.3298
0.3882
0.3933
0.3751
0.3364
0.3538
0.353
0.3478
0.3888
0.3422
0.3778
0.3177
0.378
0.3597
0.3156
0.3586
0.3808
0.3937
0.3878
0.3679
0.3516
0.3549
0.3782
0.3928
0.3449
0.376
0.35
0.3699
0.3787
0.3748
0.3305
0.3582
0.3376
0.3562
0.3642
0.3563
0.3685
0.3496
0.3488
0.3564
0.3562
0.3566
0.377
0.3385
0.3812
0.3517
0.3138
0.3215
0.3496
0.3882
0.364
0.332
0.3457
0.3409
0.3592
0.3801
0.3407
0.3637
0.366
0.355
0.332
0.3751
0.3523
0.3283
0.3682
0.3488
0.3678
0.3504
0.3794
0.3861
0.3745
0.3919
0.3659
0.3638
0.3228
0.3298
0.3962
0.3431
0.3636
0.3298
0.3683
0.3222
0.3787
0.3725
0.3783
0.3666
0.3425
0.3879
0.3703
0.391
0.3598
0.3534
0.3822
0.3707
0.353
0.3315
0.3882
0.3674
0.3946
0.378
0.327
0.3475
0.3166
0.3522
0.3829
0.3494
0.3094
0.3615
0.3167
0.368
0.3621
0.3837
0.3547
0.3604
0.3298
0.3262
0.3506
0.374
0.3359
0.3334
0.388
0.3842
0.3938
0.3198
0.3266
0.3298
0.3483
0.3479
0.3505
0.3683
0.3808
0.3745
0.3938
0.294
0.3464
0.3673
0.368
0.3796
0.3773
0.3919
0.3965
0.392
0.3542
0.3639
0.3588
0.3674
0.3909
0.344
0.369
0.336
0.3701
0.3944
0.3593
0.3565
0.3569
0.3511
0.3851
0.3536
0.3634
0.3168
0.3705
0.3389
0.3656
0.3569
0.3311
0.3655
0.3512
0.3639
0.3454
0.3075
0.3189
0.3937
0.3656
0.3626
0.366
0.3777
0.2624
0.3971
0.339
0.3706
0.3176
0.3877
0.3638
0.3646
0.3648
0.3649
0.3888
0.3311
0.3429
0.3255
0.3601
0.3375
0.3645
0.3605
0.3321
0.3349
0.3671
0.388
0.3523
0.3846
0.3419
0.3617
0.3712
0.3344
0.3654
0.3773
0.3355
0.338
0.372
0.3521
0.3386
0.3533
0.3513
0.3239
0.3451
0.3889
0.3421
0.3503
0.3686
0.3193
0.3297
0.3361
0.3658
0.3351
0.3201
0.3504
0.3619
0.3397
0.3558
0.3879
0.3459
0.3302
0.3203
0.3687
0.3533
0.3638
0.3115
0.3444
0.354
0.337
0.3052
0.3414
0.3761
0.37
0.3157
0.3361
0.3619
0.3389
0.3569
0.3955
0.347
0.35
0.3289
0.3637
0.3976
0.3375
0.3519
0.3563
0.3606
0.3917
0.3502
0.3479
0.3577
0.3658
0.3713
0.3826
0.3285
0.3509
0.3407
0.3119
0.3396
0.3524
0.3968
0.3576
0.3269
0.3702
0.3537
0.33
0.3898
0.339
0.357
0.3298
0.3492
0.3635
0.3276
0.3572
0.397
0.344
0.3965
0.3693
0.3954
0.3507
0.383
0.3914
0.3939
0.3683
0.3077
0.3574
0.3807
0.3274
0.3578
0.3361
0.3674
0.3652
0.3478
0.3935
0.3933
0.3982
0.3923
0.3938
0.3958
0.367
0.3798
0.365
0.3433
0.3785
0.3848
0.3516
0.3057
0.3856
0.3703
0.3383
0.3454
0.3222
0.3899
0.3362
0.3754
0.3497
0.3504
0.3606
0.36
0.3621
0.3989
0.3403
0.3636
0.3596
0.3732
0.3969
0.3541
0.352
0.3463
0.3403
0.3579
0.3591
0.3331
0.3324
0.3802
0.3438
0.3572
0.2924
0.3402
0.3655
0.3065
0.375
0.3768
0.3517
0.3407
0.3752
0.3903
0.3479
0.3551
0.3094
0.3501
0.3297
0.3171
0.3786
0.388
0.3772
0.3042
0.3741
0.3734
0.3811
0.365
0.3709
0.3766
0.3767
0.3825
0.3716
0.3867
0.3407
0.3354
0.3433
0.3686
0.393
0.3731
0.3483
0.3379
0.3859
0.3349
0.37
0.397
0.3484
0.288
0.3692
0.3465
0.3255
0.3473
0.3888
0.3913
0.3674
0.367
0.3707
0.3974
0.3883
0.3715
0.3257
0.3727
0.3304
0.3766
0.3433
0.3379
0.3835
0.3944
0.3768
0.3224
0.3326
0.3764
0.3577
0.3726
0.3678
0.3753
0.3552
0.315
0.3828
0.3372
0.3514
0.388
0.3458
0.3059
0.3439
0.3528
0.3892
0.3783
0.357
0.325
0.3642
0.3912
0.3712
0.3371
0.3971
0.3526
0.3271
0.3923
0.399
0.3314
0.3516
0.3788
0.357
0.3622
0.3457
0.32
0.3232
0.2927
0.3716
0.3421
0.2853
0.3669
0.3283
0.3444
0.3165
0.3308
0.3469
0.3493
0.3403
0.3475
0.3449
0.3374
0.3315
0.3835
0.3621
0.3678
0.3611
0.3531
0.356
0.3649
0.3557
0.3935
0.3087
0.3959
0.3194
0.348
0.3884
0.3516
0.3675
0.3254
0.3668
0.3669
0.3577
0.3644
0.378
0.3405
0.3723
0.3794
0.3317
0.3113
0.3711
0.3292
0.3776
0.3934
0.3132
0.3756
0.3469
0.3755
0.3279
0.3863
0.3454
0.3584
0.3089
0.3078
0.3951
0.3863
0.3922
0.34
0.3986
0.3332
0.3926
0.3818
0.389
0.3374
0.3931
0.369
0.3808
0.3416
0.3398
0.3405
0.3902
0.3927
0.3563
0.3452
0.3417
0.3822
0.3353
0.3706
0.3349
0.3974
0.3341
0.3315
0.365
0.3419
0.3483
0.3724
0.3936
0.3408
0.3537
0.3466
0.3697
0.394
0.3617
0.397
0.3934
0.3919
0.3992
0.3529
0.3312
0.3422
0.341
0.3702
0.3972
0.3446
0.3144
0.3728
0.3952
0.3662
0.3711
0.3688
0.357
0.3284
0.3988
0.3404
0.3764
0.3348
0.3274
0.3343
0.3094
0.351
0.3536
0.3477
0.3374
0.3745
0.3794
0.392
0.3592
0.3752
0.3298
0.3874
0.3486
0.3387
0.3605
0.3337
0.3582
0.3539
0.3581
0.3549
0.3244
0.3619
0.3609
0.3778
0.3909
0.3634
0.3752
0.3848
0.3208
0.3417
0.3026
0.3906
0.3391
0.313
0.3388
0.3396
0.3143
0.3928
0.3545
0.3851
0.3326
0.3198
0.3503
0.3909
0.3242
0.3403
0.3286
0.3514
0.3411
0.3355
0.343
0.3917
0.3434
0.3466
0.3748
0.3506
0.4
0.3382
0.3356
0.3295
0.3398
0.3453
0.3433
0.3743
0.3569
0.3399
0.3591
0.3701
0.3628
0.3896
0.3442
0.3759
0.3661
0.3674
0.3944
0.3788
0.3513
0.3928
0.3922
0.3714
0.3464
0.3534
0.313
0.331
0.3568
0.2989
0.3493
0.3964
0.3682
0.3647
0.3806
0.3669
0.37
0.365
0.3796
0.3477
0.337
0.3745
0.3759
0.3481
0.3385
0.3508
0.3779
0.3655
0.3112
0.3519
0.3525
0.3852
0.3482
0.3358
0.3381
0.3745
0.399
0.3908
0.3301
0.3224
0.3617
0.3577
0.3471
0.3845
0.3797
0.3377
0.3573
0.3478
0.3623
0.3231
0.3535
0.3413
0.3406
0.3603
0.3556
0.376
0.3532
0.3484
0.308
0.3694
0.3339
0.3539
0.3764
0.3533
0.3522
0.3594
0.331
0.3854
0.3527
0.3739
0.3083
0.3606
0.3559
0.358
0.3424
0.333
0.345
0.3867
0.3439
0.3516
0.3765
0.3928
0.3781
0.3246
0.3853
0.3462
0.3632
0.3479
0.3665
0.3344
0.3585
0.3377
0.3353
0.3447
0.349
0.3433
0.3335
0.3313
0.3758
0.3914
0.3608
0.3774
0.3716
0.341
0.3241
0.3855
0.3365
0.3466
0.3303
0.3565
0.3573
0.3275
0.3623
0.3283
0.3665
0.3382
0.3605
0.3473
0.3615
0.3672
0.3794
0.3366
0.3758
0.3752
0.3761
0.3576
0.3418
0.3244
0.3754
0.3721
0.3889
0.3764
0.3588
0.3753
0.3552
0.3514
0.3639
0.3105
0.3924
0.3114
0.3346
0.3361
0.3527
0.3601
0.3788
0.3498
0.387
0.3919
0.3576
0.3959
0.3508
0.3837
0.3428
0.3653
0.3104
0.3473
0.332
0.3834
0.3144
0.3546
0.3336
0.3646
0.3753
0.377
0.375
0.3722
0.3303
0.3525
0.3699
0.3446
0.3356
0.3669
0.3848
0.3879
NA
NA
NA
NA
NA
NA
NA
NA
NA
NA
NA
NA
NA
NA
NA
NA
NA
NA
NA
NA
NA
NA
NA
NA
NA
NA
NA
NA
NA
NA
NA
NA
NA
NA
NA
NA
NA
NA
NA
NA
NA
NA
NA
NA
NA
NA
NA
NA
NA
NA
NA
NA
NA
NA
NA
NA
NA
NA
NA
NA
NA
NA
NA
NA
NA
NA
NA
NA
NA
NA
NA
NA
NA
NA
NA
NA
NA
NA
NA
NA
NA
NA
NA
NA
NA
NA
NA
NA
NA
NA
NA
NA
NA
NA
NA
NA
NA
NA
NA
NA
NA
NA
NA
NA
NA
NA
NA
NA
NA
NA
NA
NA
NA
NA
NA
NA
NA
NA
NA
NA
NA
NA
NA
NA
NA
NA
NA
NA
NA
NA
NA
NA
NA
NA
NA
NA
NA
NA
NA
NA
NA
NA
NA
NA
NA
NA
NA
NA
NA
NA
NA
NA
NA
NA
NA
NA
NA
NA
NA
NA
NA
NA
NA
NA
NA
NA
NA
NA
NA
NA
NA
NA
NA
NA
NA
NA
NA
NA
NA
NA
NA
NA
NA
NA
NA
NA
NA
NA
NA
NA
NA
NA
NA
NA
NA
NA
NA
NA
NA
NA
NA
NA
NA
NA
NA
NA
NA
NA
NA
NA
NA
NA
NA
NA
NA
NA
NA
NA
NA
NA
NA
NA
NA
NA
NA
NA
NA
NA
NA
NA
NA
NA
NA
NA
NA
NA
NA
NA
NA
NA
NA
NA
NA
NA
NA
NA
NA
NA
NA
NA
NA
NA
NA
NA
NA
NA
NA
NA
NA
NA
NA
NA
NA
NA
NA
NA
NA
NA
NA
NA
NA
NA
NA
NA
NA
NA
NA
NA
NA
NA
NA
NA
NA
NA
NA
NA
NA
NA
NA
NA
NA
NA
NA
NA
NA
NA
NA
NA
NA
NA
NA
NA
NA
NA
NA
NA
NA
NA
NA
NA
NA
NA
NA
NA
NA
NA
NA
NA
NA
NA
NA
NA
NA
NA
NA
NA
NA
NA
NA
NA
NA
NA
NA
NA
NA
NA
NA
NA
NA
NA
NA
NA
NA
NA
NA
NA
NA
NA
NA
NA
NA
NA
NA
NA
NA
NA
NA
NA
NA
NA
NA
NA
NA
NA
NA
NA
NA
NA
NA
NA
NA
NA
NA
NA
NA
NA
NA
NA
NA
NA
NA
NA
NA
NA
NA
NA
NA
NA
NA
NA
NA
NA
NA
NA
NA
NA
NA
NA
NA
NA
NA
NA
NA
NA
NA
NA
NA
NA
NA
NA
NA
NA
NA
NA
NA
NA
NA
NA
NA
NA
NA
NA
NA
NA
NA
NA
NA
NA
NA
NA
NA
NA
NA
NA
NA
NA
NA
NA
NA
NA
NA
NA
NA
NA
NA
NA
NA
NA
NA
NA
NA
NA
NA
NA
NA
NA
NA
NA
NA
NA
NA
NA
NA
NA
NA
NA
NA
NA
NA
NA
NA
NA
NA
NA
NA
NA
NA
NA
NA
NA
NA
NA
NA
NA
NA
NA
NA
NA
NA
NA
NA
NA
NA
NA
NA
NA
NA
NA
NA
NA
NA
NA
NA
NA
NA
NA
NA
NA
NA
NA
NA
NA
NA
NA
NA
NA
NA
NA
NA
NA
NA
NA
NA
NA
NA
NA
NA
NA
NA
NA
NA
NA
NA
NA
NA
NA
NA
NA
NA
NA
NA
NA
NA
NA
NA
NA
NA
NA
NA
NA
NA
NA
NA
NA
NA
NA
NA
NA
NA
NA
NA
NA
NA
NA
NA
NA
NA
NA
NA
NA
NA
NA
NA
NA
NA
NA
NA
NA
NA
NA
NA
NA
NA
NA
NA
NA
NA
NA
NA
NA
NA
NA
NA
NA
NA
NA
NA
NA
NA
NA
NA
NA
NA
NA
NA
NA
NA
NA
NA
NA
NA
NA
NA
NA
NA
NA
NA
NA
NA
NA
NA
NA
NA
NA
NA
NA
NA
NA
NA
NA
NA
NA
NA
NA
NA
NA
NA
NA
NA
NA
NA
NA
NA
NA
NA
NA
NA
NA
NA
NA
NA
NA
NA
NA
NA
NA
NA
NA
NA
NA
NA
NA
NA
NA
NA
NA
NA
NA
NA
NA
NA
NA
NA
NA
NA
NA
NA
NA
NA
NA
NA
NA
NA
NA
NA
NA
NA
NA
NA
NA
NA
NA
NA
NA
NA
NA
NA
NA
NA
NA
NA
NA
NA
NA
NA
NA
NA
NA
NA
NA
NA
NA
NA
NA
NA
NA
NA
NA
NA
NA
NA
NA
NA
NA
NA
NA
NA
NA
NA
NA
NA
NA
NA
NA
NA
NA
NA
NA
NA
NA
NA
NA
NA
NA
NA
NA
NA
NA
NA
NA
NA
NA
NA
NA
NA
NA
NA
NA
NA
NA
NA
NA
NA
NA
NA
NA
NA
NA
NA
NA
NA
NA
NA
NA
NA
NA
NA
NA
NA
NA
NA
NA
NA
NA
NA
NA
NA
NA
NA
NA
NA
NA
NA
NA
NA
NA
NA
NA
NA
NA
NA
NA
NA
NA
NA
NA
NA
NA
NA
NA
NA
NA
NA
NA
NA
NA
NA
NA
NA
NA
NA
NA
NA
NA
NA
NA
NA
NA
NA
NA
NA
NA
NA
NA
NA
NA
NA
NA
NA
NA
NA
NA
NA
NA
NA
NA
NA
NA
NA
NA
NA
NA
NA
NA
NA
NA
NA
NA
NA
NA
NA
NA
NA
NA
NA
NA
NA
NA
NA
NA
NA
NA
NA
NA
NA
NA
NA
NA
NA
NA
NA
NA
NA
NA
NA
NA
NA
NA
NA
NA
NA
NA
NA
NA
NA
NA
NA
NA
NA
NA
NA
NA
NA
NA
NA
NA
NA
NA
NA
NA
NA
NA
NA
NA
NA
NA
NA
NA
NA
NA
NA
NA
NA
NA
NA
NA
NA
NA
NA
NA
NA
NA
NA
NA
NA
NA
NA
NA
NA
NA
NA
NA
NA
NA
NA
NA
NA
NA
NA
NA
NA
NA
NA
NA
NA
NA
NA
NA
NA
NA
NA
NA
NA
NA
NA
NA
NA
NA
NA
NA
NA
NA
NA
NA
NA
NA
NA
NA
NA
NA
NA
NA
NA
NA
NA
NA
NA
NA
NA
NA
NA
NA
NA
NA
NA
NA
NA
NA
NA
NA
NA
NA
NA
NA
NA
NA
NA
NA
NA
NA
NA
NA
NA
NA
NA
NA
NA
NA
NA
NA
NA
NA
NA
NA
NA
NA
NA
NA
NA
NA
NA
NA
NA
NA
NA
NA
NA
NA
NA
NA
NA
NA
NA
NA
NA
NA
NA
NA
NA
NA
NA
NA
NA
NA
NA
NA
NA
NA
NA
NA
NA
NA
NA
NA
NA
NA
NA
NA
NA
NA
NA
NA
NA
NA
NA
NA
NA
NA
NA
NA
NA
NA
NA
NA
NA
NA
NA
NA
NA
NA
NA
NA
NA
NA
NA
NA
NA
NA
NA
NA
NA
NA
NA
NA
NA
NA
NA
NA
NA
NA
NA
NA
NA
NA
NA
NA
NA
NA
NA
NA
NA
NA
NA
NA
NA
NA
NA
NA
NA
NA
NA
NA
NA
NA
NA
NA
NA
NA
NA
NA
NA
NA
NA
NA
NA
NA
NA
NA
NA
NA
NA
NA
NA
NA
NA
NA
NA
NA
NA
NA
NA
NA
NA
NA
NA
NA
NA
NA
NA
NA
NA
NA
NA
NA
NA
NA
NA
NA
NA
NA
NA
NA
NA
NA
NA
NA
NA
NA
NA
NA
NA
NA
NA
NA
NA
NA
NA
NA
NA
NA
NA
NA
NA
NA
NA
NA
NA
NA
NA
NA
NA
NA
NA
NA
NA
NA
NA
NA
NA
NA
NA
NA
NA
NA
NA
NA
NA
NA
NA
NA
NA
NA
NA
NA
NA
NA
NA
NA
NA
NA
NA
NA
NA
NA
NA
NA
NA
NA
NA
NA
NA
NA
NA
NA
NA
NA
NA
NA
NA
NA
NA
NA
NA
NA
NA
NA
NA
NA
NA
NA
NA
NA
NA
NA
NA
NA
NA
NA
NA
NA
NA
NA
NA
NA
NA
NA
NA
NA
NA
NA
NA
NA
NA
NA
NA
NA
NA
NA
NA
NA
NA
NA
NA
NA
NA
NA
NA
NA
NA
NA
NA
NA
NA
NA
NA
NA
NA
NA
NA
NA
NA
NA
NA
NA
NA
NA
NA
NA
NA
NA
NA
NA
NA
NA
NA
NA
NA
NA
NA
NA
NA
NA
NA
NA
NA
NA
NA
NA
NA
NA
NA
NA
NA
NA
NA
NA
NA
NA
NA
NA
NA
NA
NA
NA
NA
NA
NA
NA
NA
NA
NA
NA
NA
NA
NA
NA
NA
NA
NA
NA
NA
NA
NA
NA
NA
NA
NA
NA
NA
NA
NA
NA
NA
NA
NA
NA
NA
NA
NA
NA
NA
NA
NA
NA
NA
NA
NA
NA
NA
NA
NA
NA
NA
NA
NA
NA
NA
NA
NA
NA
NA
NA
NA
NA
NA
NA
NA
NA
NA
NA
NA
NA
NA
NA
NA
NA
NA
NA
NA
NA
NA
NA
NA
NA
NA
NA
NA
NA
NA
NA
NA
NA
NA
NA
NA
NA
NA
NA
NA
NA
NA
NA
NA
NA
NA
NA
NA
NA
NA
NA
NA
NA
NA
NA
NA
NA
NA
NA
NA
NA
NA
NA
NA
NA
NA
NA
NA
NA
NA
NA
NA
NA
NA
NA
NA
NA
NA
NA
NA
NA
NA
NA
NA
NA
NA
NA
NA
NA
NA
NA
NA
NA
NA
NA
NA
NA
NA
NA
NA
NA
NA
NA
NA
NA
NA
NA
NA
NA
NA
NA
NA
NA
NA
NA
NA
NA
NA
NA
NA
NA
NA
NA
NA
NA
NA
NA
NA
NA
NA
NA
NA
NA
NA
NA
NA
NA
NA
NA
NA
NA
NA
NA
NA
NA
NA
NA
NA
NA
NA
NA
NA
NA
NA
NA
NA
NA
NA
NA
NA
NA
NA
NA
NA
NA
NA
NA
NA
NA
NA
NA
NA
NA
NA
NA
NA
NA
NA
NA
NA
NA
NA
NA
NA
NA
NA
NA
NA
NA
NA
NA
NA
NA
NA
NA
NA
NA
NA
NA
NA
NA
NA
NA
NA
NA
NA
NA
NA
NA
NA
NA
NA
NA
NA
NA
NA
NA
NA
NA
NA
NA
NA
NA
NA
NA
NA
NA
NA
NA
NA
NA
NA
NA
NA
NA
NA
NA
NA
NA
NA
NA
NA
NA
NA
NA
NA
NA
NA
NA
NA
NA
NA
NA
NA
NA
NA
NA
NA
NA
NA
NA
NA
NA
NA
NA
NA
NA
NA
NA
NA
NA
NA
NA
NA
NA
NA
NA
NA
NA
NA
NA
NA
NA
NA
NA
NA
NA
NA
NA
NA
NA
NA
NA
NA
NA
NA
NA
NA
NA
NA
NA
NA
NA
NA
NA
NA
NA
NA
NA
NA
NA
NA
NA
NA
NA
NA
NA
NA
NA
NA
NA
NA
NA
NA
NA
NA
NA
NA
NA
NA
NA
NA
NA
NA
NA
NA
NA
NA
NA
NA
NA
NA
NA
NA
NA
NA
NA
NA
NA
NA
NA
NA
NA
NA
NA
NA
NA
NA
NA
NA
NA
NA
NA
NA
NA
NA
NA
NA
NA
NA
NA
NA
NA
NA
NA
NA
NA
NA
NA
NA
NA
NA
NA
NA
NA
NA
NA
NA
NA
NA
NA
NA
NA
NA
NA
NA
NA
NA
NA
NA
NA
NA
NA
NA
NA
NA
NA
NA
NA
NA
NA
NA
NA
NA
NA
NA
NA
NA
NA
NA
NA
NA
NA
NA
NA
NA
NA
NA
NA
NA
NA
NA
NA
NA
NA
NA
NA
NA
NA
NA
NA
NA
NA
NA
NA
NA
NA
NA
NA
NA
NA
NA
NA
NA
NA
NA
NA
NA
NA
NA
NA
NA
NA
NA
NA
NA
NA
NA
NA
NA
NA
NA
NA
NA
NA
NA
NA
NA
NA
NA
NA
NA
NA
NA
NA
NA
NA
NA
NA
NA
NA
NA
NA
NA
NA
NA
NA
NA
NA
NA
NA
NA
NA
NA
NA
NA
NA
NA
NA
NA
NA
NA
NA
NA
NA
NA
NA
NA
NA
NA
NA
NA
NA
NA
NA
NA
NA
NA
NA
NA
NA
NA
NA
NA
NA
NA
NA
NA
NA
NA
NA
NA
NA
NA
NA
NA
NA
NA
NA
NA
NA
NA
NA
NA
NA
NA
NA
NA
NA
NA
NA
NA
NA
NA
NA
NA
NA
NA
NA
NA
NA
NA
NA
NA
NA
NA
NA
NA
NA
NA
NA
NA
NA
NA
NA
NA
NA
NA
NA
NA
NA
NA
NA
NA
NA
NA
NA
NA
NA
NA
NA
NA
NA
NA
NA
NA
NA
NA
NA
NA
NA
NA
NA
NA
NA
NA
NA
NA
NA
NA
NA
NA
NA
NA
NA
NA
NA
NA
NA
NA
NA
NA
NA
NA
NA
NA
NA
NA
NA
NA
NA
NA
NA
NA
NA
NA
NA
NA
NA
NA
NA
NA
NA
NA
NA
NA
NA
NA
NA
NA
NA
NA
NA
NA
NA
NA
NA
NA
NA
NA
NA
NA
NA
NA
NA
NA
NA
NA
NA
NA
NA
NA
NA
NA
NA
NA
NA
NA
NA
NA
NA
NA
NA
NA
NA
NA
NA
NA
NA
NA
NA
NA
NA
NA
NA
NA
NA
NA
NA
NA
NA
NA
NA
NA
NA
NA
NA
NA
NA
NA
NA
NA
NA
NA
NA
NA
NA
NA
NA
NA
NA
NA
NA
NA
NA
NA
NA
NA
NA
NA
NA
NA
NA
NA
NA
NA
NA
NA
NA
NA
NA
NA
NA
NA
NA
NA
NA
NA
NA
NA
NA
NA
NA
NA
NA
NA
NA
NA
NA
NA
NA
NA
NA
NA
NA
NA
NA
NA
NA
NA
NA
NA
NA
NA
NA
NA
NA
NA
NA
NA
NA
NA
NA
NA
NA
NA
NA
NA
NA
NA
NA
NA
NA
NA
NA
NA
NA
NA
NA
NA
NA
NA
NA
NA
NA
NA
NA
NA
NA
NA
NA
NA
NA
NA
NA
NA
NA
NA
NA
NA
NA
NA
NA
NA
NA
NA
NA
NA
NA
NA
NA
NA
NA
NA
NA
NA
NA
NA
NA
NA
NA
NA
NA
NA
NA
NA
NA
NA
NA
NA
NA
NA
NA
NA
NA
NA
NA
NA
NA
NA
NA
NA
NA
NA
NA
NA
NA
NA
NA
NA
NA
NA
NA
NA
NA
NA
NA
NA
NA
NA
NA
NA
NA
NA
NA
NA
NA
NA
NA
NA
NA
NA
NA
NA
NA
NA
NA
NA
NA
NA
NA
NA
NA
NA
NA
NA
NA
NA
NA
NA
NA
NA
NA
NA
NA
NA
NA
NA
NA
NA
NA
NA
NA
NA
NA
NA
NA
NA
NA
NA
NA
NA
NA
NA
NA
NA
NA
NA
NA
NA
NA
NA
NA
NA
NA
NA
NA
NA
NA
NA
NA
NA
NA
NA
NA
NA
NA
NA
NA
NA
NA
NA
NA
NA
NA
NA
NA
NA
NA
NA
NA
NA
NA
NA
NA
NA
NA
NA
NA
NA
NA
NA
NA
NA
NA
NA
NA
NA
NA
NA
NA
NA
NA
NA
NA
NA
NA
NA
NA
NA
NA
NA
NA
NA
NA
NA
NA
NA
NA
NA
NA
NA
NA
NA
NA
NA
NA
NA
NA
NA
NA
NA
NA
NA
NA
NA
NA
NA
NA
NA
NA
NA
NA
NA
NA
NA
NA
NA
NA
NA
NA
NA
NA
NA
NA
NA
NA
NA
NA
NA
NA
NA
NA
NA
NA
NA
NA
NA
NA
NA
NA
NA
NA
NA
NA
NA
NA
NA
NA
NA
NA
NA
NA
NA
NA
NA
NA
NA
NA
NA
NA
NA
NA
NA
NA
NA
NA
NA
NA
NA
NA
NA
NA
NA
NA
NA
NA
NA
NA
NA
NA
NA
NA
NA
NA
NA
NA
NA
NA
NA
NA
NA
NA
NA
NA
NA
NA
NA
NA
NA
NA
NA
NA
NA
NA
NA
NA
NA
NA
NA
NA
NA
NA
NA
NA
NA
NA
NA
NA
NA
NA
NA
NA
NA
NA
NA
NA
NA
NA
NA
NA
NA
NA
NA
NA
NA
NA
NA
NA
NA
NA
NA
NA
NA
NA
NA
NA
NA
NA
NA
NA
NA
NA
NA
NA
NA
NA
NA
NA
NA
NA
NA
NA
NA
NA
NA
NA
NA
NA
NA
NA
NA
NA
NA
NA
NA
NA
NA
NA
NA
NA
NA
NA
NA
NA
NA
NA
NA
NA
NA
NA
NA
NA
NA
NA
NA
NA
NA
NA
NA
NA
NA
NA
NA
NA
NA
NA
NA
NA
NA
NA
NA
NA
NA
NA
NA
NA
NA
NA
NA
NA
NA
NA
NA
NA
NA
NA
NA
NA
NA
NA
NA
NA
NA
NA
NA
NA
NA
NA
NA
NA
NA
NA
NA
NA
NA
NA
NA
NA
NA
NA
NA
NA
NA
NA
NA
NA
NA
NA
NA
NA
NA
NA
NA
NA
NA
NA
NA
NA
NA
NA
NA
NA
NA
NA
NA
NA
NA
NA
NA
NA
NA
NA
NA
NA
NA
NA
NA
NA
NA
NA
NA
NA
NA
NA
NA
NA
NA
NA
NA
NA
NA
NA
NA
NA
NA
NA
NA
NA
NA
NA
NA
NA
NA
NA
NA
NA
NA
NA
NA
NA
NA
NA
NA
NA
NA
NA
NA
NA
NA
NA
NA
NA
NA
NA
NA
NA
NA
NA
NA
NA
NA
NA
NA
NA
NA
NA
NA
NA
NA
NA
NA
NA
NA
NA
NA
NA
NA
NA
NA
NA
NA
NA
NA
NA
NA
NA
NA
NA
NA
NA
NA
NA
NA
NA
NA
NA
NA
NA
NA
NA
NA
NA
NA
NA
NA
NA
NA
NA
NA
NA
NA
NA
NA
NA
NA
NA
NA
NA
NA
NA
NA
NA
NA
NA
NA
NA
NA
NA
NA
NA
NA
NA
NA
NA
NA
NA
NA
NA
NA
NA
NA
NA
NA
NA
NA
NA
NA
NA
NA
NA
NA
NA
NA
NA
NA
NA
NA
NA
NA
NA
NA
NA
NA
NA
NA
NA
NA
NA
NA
NA
NA
NA
NA
NA
NA
NA
NA
NA
NA
NA
NA
NA
NA
NA
NA
NA
NA
NA
NA
NA
NA
NA
NA
NA
NA
NA
NA
NA
NA
NA
NA
NA
NA
NA
NA
NA
NA
NA
NA
NA
NA
NA
NA
NA
NA
NA
NA
NA
NA
NA
NA
NA
NA
NA
NA
NA
NA
NA
NA
NA
NA
NA
NA
NA
NA
NA
NA
NA
NA
NA
NA
NA
NA
NA
NA
NA
NA
NA
NA
NA
NA
NA
NA
NA
NA
NA
NA
NA
NA
NA
NA
NA
NA
NA
NA
NA
NA
NA
NA
NA
0.88
0.5942
0.5616
0.8472
0.4875
0.9672
0.5652
0.5333
0.7667
0.6176
0.4941
0.5405
0.4321
0.8154
0.7869
0.5287
0.9365
0.593
0.6707
0.6883
0.5204
0.4194
0.5393
0.525
0.5402
0.4886
0.3958
0.6364
0.557
0.9167
0.5897
0.4177
0.7368
0.5814
0.5316
0.6111
0.5783
0.7397
0.3077
1.1026
0.7458
0.5
0.5125
1.102
0.7059
0.5068
0.9661
0.7656
0.7101
0.7568
0.7246
0.9048
0.4111
0.6667
0.7857
0.8182
0.6829
0.641
0.7407
0.6087
0.7667
0.8286
0.4719
0.7727
0.5658
0.44
0.3867
1.0769
0.44
0.3919
0.3956
0.3488
1
0.4659
0.6986
0.4598
0.5065
0.7639
0.6027
0.6562
0.6026
0.4494
0.8462
0.6393
1.0943
0.5542
0.5342
0.5114
0.92
0.63
0.8108
0.55
0.8491
0.5286
0.5641
0.85
0.7895
1.1176
0.85
0.6301
0.7123
0.5882
0.6404
0.5729
1.0159
0.5955
0.7654
0.8906
0.6136
0.4483
0.3608
0.75
0.8182
0.7231
0.7361
0.9683
0.4778
0.5185
0.7403
0.567
0.6
0.8194
0.6944
0.6125
0.7917
1.0492
0.4835
0.2857
1.2264
0.7639
0.6935
0.4096
0.6375
0.85
0.587
1.2
0.5444
0.5571
0.494
0.5568
0.7143
0.5281
0.7123
0.8769
0.3168
0.6829
0.7273
0.6
0.7101
0.3936
0.4318
0.7015
0.5316
0.7458
0.4578
0.9677
0.75
0.8919
0.9667
0.9821
0.5541
0.9821
0.5333
0.5227
0.6447
0.4096
0.4789
0.4854
0.5376
0.6812
0.4217
1.1228
0.726
0.5574
0.8049
0.6782
0.6386
0.7571
0.4607
0.4722
0.3415
0.8873
0.4861
0.5278
0.6719
0.4605
0.6753
0.7121
0.8475
0.8596
1.0769
0.9559
0.7429
0.4938
0.9123
0.4651
0.6761
0.7162
0.4588
0.4368
0.3398
0.8971
0.4074
0.6579
0.5
0.5156
0.9153
0.7671
0.6
0.6049
0.6184
0.6703
0.7667
0.5205
0.4608
0.557
0.8636
0.6316
0.5063
0.5443
0.8056
0.6707
0.7
1.1912
1.1034
0.4868
0.4043
0.4368
0.803
0.6364
0.6627
0.5833
0.6625
0.6986
0.7027
0.9672
0.6522
0.9189
0.3091
0.5811
0.88
0.6667
0.52
0.4632
0.9444
0.4638
0.5052
1.0132
1
0.75
0.4149
0.8833
0.8765
0.75
0.5567
0.5488
0.9322
0.6176
0.7619
0.5167
0.5625
0.4815
0.8235
0.7778
0.587
0.3291
0.8026
0.4583
0.6154
1.0282
0.4023
0.8636
0.7857
0.6698
0.75
1.0656
0.6
0.7391
0.6707
0.8732
0.7015
1.3443
0.5227
1.1111
0.4304
1.1296
0.9091
0.9032
0.4697
0.5556
0.4719
0.7925
0.8475
0.806
1.1404
0.7683
0.9655
1.0714
0.5402
0.5395
0.7586
0.8507
0.9375
0.6753
0.4648
0.4872
0.4557
0.375
0.6543
0.8209
1.1538
0.8594
0.6
0.7342
0.5405
0.382
0.9655
0.4333
0.6462
0.4412
0.6854
0.5976
0.5584
0.9
0.6479
0.5488
0.8143
0.5625
0.5
0.5238
0.4767
0.5238
0.7143
0.4478
0.5224
0.6034
0.85
0.6471
0.7183
0.7286
0.679
0.9028
0.5195
0.7403
0.65
0.5904
1.0702
0.8689
0.6316
0.4286
0.3889
0.6538
0.3153
2.0227
0.5325
0.7031
0.5952
1.1667
0.5581
0.8514
0.4316
0.5119
0.5753
0.6711
1
0.7917
0.8451
0.5063
0.75
0.4699
0.4878
0.7619
0.5568
0.791
0.8333
0.5909
0.383
0.7857
0.7183
1.2727
0.7763
0.6105
0.4227
0.8025
0.5904
0.4222
0.5679
0.7887
0.6203
0.7105
0.7432
0.8451
0.6094
0.7619
0.7308
0.5068
0.7639
0.6923
1.0833
0.5342
1.0196
0.8983
0.7778
0.825
0.9677
0.8261
0.4795
0.9153
0.9014
0.9836
0.4257
0.557
0.6081
1.0125
0.9718
0.8889
0.6923
1.1509
0.5604
0.3836
0.3786
1.2373
0.6375
0.873
0.7183
0.6406
0.6875
0.7429
0.6143
0.8667
0.4478
0.3662
0.9643
0.7826
0.7538
0.4324
0.7143
0.4643
0.625
0.5647
0.6316
0.7377
0.5698
0.7381
0.5172
0.6308
1.058
0.6901
0.5224
0.6622
0.5783
0.8621
0.6076
0.5909
0.8125
0.7222
0.6316
0.4432
0.9091
0.7353
0.6133
0.8947
0.4713
0.6506
0.6301
0.6914
0.4568
0.5393
0.6702
0.6
0.6709
0.6588
0.8214
1
0.519
0.55
0.7222
0.4505
0.8485
0.8308
0.9839
0.726
0.3867
0.7949
0.6543
0.8696
0.5
0.3372
0.8451
0.3402
0.3913
0.9385
0.4783
0.6207
0.9667
0.9846
0.36
0.3372
0.6613
0.6203
1
0.5823
0.75
0.6912
0.4857
0.7105
0.6119
0.4574
0.4146
1.0133
0.7344
0.5213
0.5606
1.0429
1
0.5513
0.6569
0.72
0.7123
0.5217
0.4948
0.7273
0.7532
0.3409
0.6944
0.6056
2
0.6667
0.5362
1.1714
0.4953
0.6129
0.5467
0.5476
0.6905
0.5233
0.7576
0.7826
0.9492
0.7344
0.875
1.1875
0.375
0.5111
0.3871
1.3958
0.6667
0.4186
1.129
0.494
0.3784
0.6857
0.6949
0.7105
0.6176
0.5325
0.6706
0.7013
0.7344
0.4154
1
0.3696
0.534
0.7059
0.5955
0.8814
0.3431
0.4231
0.679
1.3455
0.4752
0.7303
0.913
0.6222
0.5352
0.9565
0.3766
0.4167
0.4769
0.3933
0.5286
0.5914
0.7121
0.9123
1.1111
0.4944
0.6197
0.6282
0.7463
0.7077
0.5238
0.8795
0.8219
0.5714
0.8462
0.75
1.0769
0.4301
0.8873
1.1364
0.5395
0.6962
0.5192
0.4878
0.6176
1.193
0.6774
0.4444
0.72
0.5469
0.5158
0.8788
0.5432
0.7971
0.4124
0.6786
0.5185
0.5823
0.8919
0.9286
0.5432
0.7
0.6265
0.7797
0.4815
0.527
0.6226
0.9
0.8358
1.7083
0.5222
0.5595
1.6346
0.7424
0.8095
1.0845
0.9333
0.7209
0.6341
0.6053
0.7639
0.5213
0.6
0.7164
0.8533
0.6769
0.56
0.7791
0.3944
0.58
0.918
0.4
0.642
0.5059
0.9481
0.3673
1.0667
0.7778
0.6119
0.6829
1.0267
0.9104
0.4624
0.3524
0.6456
0.5435
0.5068
0.759
0.5714
0.6329
0.8986
1.0606
0.4773
0.8354
0.5278
0.9836
0.9219
0.6
0.6364
0.5857
0.7536
0.9104
0.942
0.6618
1.1964
1.1429
0.5526
0.7727
0.7714
0.726
0.5652
0.8704
0.6711
0.7857
0.7213
0.7463
0.8689
0.8308
0.65
0.75
0.7069
0.76
0.5
0.3521
0.575
0.6282
0.6753
0.7609
1.0154
0.5517
0.7838
0.7353
0.7391
0.9221
0.443
0.6351
0.8026
1.0357
1.0517
0.7632
0.7067
0.4944
0.75
0.8171
0.4079
0.6456
0.807
0.9194
0.8
0.567
0.7101
0.775
0.7576
0.5595
0.6765
0.5857
1
1.1094
0.6111
0.8852
0.4382
0.4778
0.5048
1.0189
1.0597
0.9394
0.5244
0.8841
1.1636
0.7077
1.0938
0.4507
0.5915
1.0968
0.5789
0.3371
0.746
1
0.6154
0.5062
0.9342
0.7273
0.6056
0.75
0.5275
0.7714
0.8235
0.5526
0.4286
0.5417
0.871
0.3974
0.4074
0.831
0.7792
0.4512
1.3889
0.3542
0.875
0.6944
1.3443
0.871
0.5435
0.8636
0.7826
0.5652
1.0877
0.7115
0.4713
0.3919
0.8548
1.2903
0.5513
0.7121
0.7429
0.7
0.8438
0.6029
0.6207
0.7971
0.7761
0.4933
0.5699
0.6049
0.3978
0.519
0.4516
0.7765
0.6774
0.8413
0.7738
0.625
0.8214
0.8148
0.6533
0.5543
0.7812
1.0633
0.8052
0.3544
0.5119
0.7342
0.8852
0.4082
0.6333
0.6026
0.5294
0.7
0.5556
0.6375
0.6623
0.5795
1.2063
0.8421
0.5132
1.3556
0.8919
0.5
0.5432
0.6
0.4737
0.6232
0.3889
0.4932
0.6364
0.4896
0.8358
0.557
1.3115
0.6316
0.7794
0.7326
0.4719
0.618
1.1905
0.7377
0.5904
0.7763
0.8852
0.6883
0.6
0.5062
0.791
0.6375
0.7412
1.1803
0.6538
0.4556
0.5
0.3366
0.4805
0.7692
0.5362
0.6515
0.5647
0.75
0.5821
0.8
0.6386
0.6528
0.5287
0.5185
0.5405
0.65
1.0484
0.4744
0.7917
0.6966
1.2464
0.413
0.5376
0.4684
0.7674
0.4382
0.4375
0.3837
1.0847
0.4605
0.5753
0.5571
0.6119
0.6111
0.5443
0.4096
0.7733
0.5303
0.3789
0.5
0.5616
0.971
0.6774
0.561
0.7188
0.5797
0.6087
0.7333
0.7667
0.7692
0.8077
0.7778
0.7571
0.7121
0.974
0.9206
0.2841
0.4658
0.3333
0.4651
0.5641
0.6769
0.9531
0.5904
1
0.6026
0.7973
0.7123
1.082
1.0351
0.5125
0.8228
0.557
0.6456
0.6628
0.7568
0.6111
0.5811
0.3548
0.6582
0.5946
0.6216
0.4595
0.4634
0.5732
0.85
0.35
0.6316
1
0.7419
0.3803
0.4886
0.7143
0.6364
1
0.8986
0.9508
1.0943
0.6575
0.9062
0.5172
0.4118
0.8333
0.5493
0.7206
0.6087
1.0149
0.7869
0.6714
0.3587
0.6279
0.7313
1.1333
0.5735
0.7538
0.3836
1.0135
0.519
0.8769
0.4744
0.4674
0.5139
0.5405
0.6304
0.759
0.4286
0.4512
0.7647
0.9444
0.625
0.7969
0.413
0.6667
0.3623
0.5616
0.4444
0.5125
0.7213
0.6232
0.3444
0.6333
0.4348
0.3059
0.3784
0.358
0.5303
0.6066
0.4138
0.873
0.5581
0.5366
0.4545
0.4694
0.3118
0.4719
0.4375
0.4713
0.382
0.2812
0.6364
0.4937
0.7333
0.4125
0.3671
0.7193
0.4302
0.4177
0.4861
0.5181
0.5479
0.1957
0.8846
0.7288
0.3086
0.3625
0.8367
0.7059
0.4658
0.8305
0.5781
0.5217
0.6892
0.6087
0.7778
0.3556
0.4722
0.6143
0.6364
0.4634
0.4359
0.5926
0.3429
0.5833
0.6571
0.4045
0.6212
0.4474
0.37
0.44
0.6515
0.27
0.2838
0.4396
0.3023
0.85
0.3295
0.5616
0.3678
0.4935
0.5068
0.4795
0.5
0.4487
0.3933
0.6538
0.5082
0.9623
0.3294
0.411
0.3182
0.6154
0.3861
0.6622
0.375
0.6226
0.4
0.3462
0.8833
0.6579
0.9608
0.775
0.4247
0.5342
0.4706
0.4607
0.4375
0.6825
0.427
0.6049
0.8125
0.3523
0.2989
0.2474
0.6406
0.6104
0.5
0.4868
0.6825
0.4222
0.3827
0.5455
0.2887
0.3375
0.4932
0.6528
0.5375
0.5694
0.9508
0.3263
0.2959
0.8679
0.6111
0.4194
0.3373
0.4
0.675
0.4086
0.8769
0.4111
0.4714
0.3133
0.4432
0.5714
0.382
0.5479
0.8
0.2079
0.5366
0.5844
0.4625
0.5797
0.2979
0.2955
0.4328
0.481
0.5254
0.3133
0.6935
0.6471
0.5676
0.6667
0.8036
0.3649
0.8393
0.4111
0.4091
0.5263
0.3253
0.507
0.4466
0.4194
0.5652
0.3012
0.8596
0.5342
0.377
0.6707
0.382
0.5181
0.7
0.3933
0.3472
0.2805
0.6197
0.4444
0.4583
0.4531
0.3816
0.6104
0.4848
0.6271
0.8421
1
0.8235
0.4143
0.358
0.6667
0.2558
0.507
0.4865
0.4
0.2069
0.2358
0.5588
0.3086
0.5
0.4268
0.3538
0.661
0.6849
0.4
0.4691
0.4935
0.5385
0.4833
0.3649
0.4216
0.481
0.7727
0.3553
0.4684
0.3544
0.5556
0.5732
0.4714
1.0147
0.7931
0.4474
0.3085
0.3333
0.6061
0.6
0.5301
0.3571
0.5185
0.5068
0.5405
0.8361
0.4348
0.7467
0.2
0.3649
0.72
0.4028
0.5067
0.2737
0.6575
0.3333
0.3299
0.8816
0.7818
0.5429
0.3125
0.7333
0.6914
0.6184
0.433
0.4512
0.7458
0.5441
0.631
0.3667
0.5312
0.4568
0.4706
0.4247
0.3043
0.2532
0.8289
0.3611
0.4154
0.7324
0.2529
0.6667
0.631
0.5283
0.5294
0.7049
0.55
0.7101
0.5
0.7324
0.5
1.1639
0.4318
0.8889
0.3038
0.7818
0.6818
0.7742
0.303
0.5432
0.382
0.717
0.678
0.5672
0.8947
0.5
0.7069
0.8571
0.4828
0.4342
0.7931
0.6567
0.7407
0.4416
0.4789
0.359
0.3671
0.25
0.4405
0.6567
1.0577
0.8594
0.4133
0.5696
0.473
0.1828
0.8621
0.3111
0.5538
0.4216
0.5955
0.4268
0.3506
0.9286
0.4507
0.2805
0.6429
0.35
0.3784
0.3214
0.407
0.369
0.4571
0.3582
0.3731
0.3621
0.95
0.5
0.5634
0.4714
0.5926
0.6667
0.359
0.6234
0.4
0.5181
0.9474
0.8525
0.5789
0.2967
0.3056
0.4458
0.2613
1.6364
0.5195
0.5312
0.4524
0.8889
0.4419
0.5811
0.3579
0.381
0.2857
0.5
0.8
0.5833
0.6338
0.3924
0.575
0.3735
0.439
0.5397
0.625
0.6567
0.6667
0.4205
0.2396
0.5263
0.5352
1.1818
0.5714
0.3265
0.3814
0.5802
0.4458
0.3222
0.4074
0.6761
0.443
0.5263
0.6486
0.7083
0.25
0.5714
0.5
0.411
0.6667
0.6667
0.9833
0.3151
0.5185
0.7966
0.6508
0.6625
0.871
0.7391
0.3151
0.7119
0.8592
0.7705
0.3267
0.4051
0.3649
0.75
0.7746
0.3478
0.6154
1.0377
0.5165
0.2055
0.2913
0.7288
0.5375
0.7619
0.5775
0.6406
0.3375
0.5068
0.4286
0.5667
0.3134
0.3944
0.75
0.5217
0.6769
0.3378
0.3523
0.4048
0.5
0.4471
0.5789
0.459
0.4302
0.7381
0.4138
0.4923
0.8406
0.5634
0.4328
0.4595
0.4096
0.7931
0.519
0.4242
0.6406
0.5342
0.5395
0.3864
0.697
0.4706
0.3733
0.7632
0.4598
0.2209
0.5342
0.6173
0.3086
0.4494
0.5213
0.4625
0.4304
0.6353
0.6071
0.8644
0.4684
0.34
0.7222
0.3187
0.5821
0.7385
0.7419
0.6164
0.3467
0.5897
0.4074
0.7536
0.3
0.3372
0.6479
0.2784
0.3043
0.6029
0.3913
0.4828
0.75
0.8615
0.3
0.2809
0.5161
0.481
0.8841
0.481
0.5556
0.4853
0.3857
0.5132
0.4627
0.3404
0.4024
0.72
0.5938
0.5106
0.3939
0.7429
0.8261
0.4231
0.4314
0.6
0.5616
0.4286
0.4227
0.5065
0.7013
0.2841
0.4722
0.4507
1.5745
0.4409
0.4493
0.9429
0.2897
0.3936
0.44
0.4471
0.5714
0.4535
0.5909
0.5942
0.9153
0.5312
0.6389
1.25
0.2788
0.3444
0.2021
1.1667
0.6316
0.3605
0.8871
0.3735
0.3108
0.5714
0.4098
0.4231
0.3382
0.3544
0.5412
0.7273
0.5781
0.3385
0.64
0.2826
0.5049
0.5882
0.4382
0.678
0.2451
0.2056
0.6543
1.0909
0.3069
0.6517
0.6667
0.5111
0.4648
0.6667
0.2857
0.3333
0.4
0.2697
0.4286
0.4194
0.697
0.7119
0.6182
0.3297
0.5352
0.6795
0.4265
0.6615
0.3571
0.6747
0.6438
0.3647
0.5075
0.4
0.9038
0.3118
0.8169
1.0455
0.5395
0.6076
0.4712
0.4512
0.6324
1.1053
0.4355
0.5
0.76
0.3134
0.4
0.8333
0.4321
0.7681
0.4021
0.5714
0.4198
0.481
0.6892
0.7
0.4268
0.6143
0.4458
0.6271
0.3827
0.2973
0.4151
0.7167
0.6866
1.4583
0.4556
0.4762
1.3077
0.6212
0.6667
0.7606
0.7667
0.5814
0.4634
0.4342
0.4444
0.383
0.45
0.5672
0.6753
0.4462
0.52
0.4884
0.3239
0.43
0.7213
0.35
0.4444
0.3059
0.8701
0.2449
0.85
0.5873
0.4478
0.4186
0.8
0.6377
0.3011
0.2857
0.5696
0.4674
0.3425
0.4819
0.3636
0.6456
0.5942
0.8636
0.2418
0.6835
0.4444
0.918
0.875
0.4286
0.5455
0.4143
0.6957
0.597
0.7681
0.5441
0.8214
0.9683
0.5658
0.5152
0.7571
0.4795
0.4493
0.6296
0.5974
0.5476
0.5082
0.7015
0.8197
0.6
0.475
0.5882
0.6207
0.5333
0.4189
0.1944
0.5125
0.4872
0.6234
0.7174
0.5846
0.4713
0.5946
0.5588
0.5942
0.7342
0.3671
0.5541
0.5
0.8214
0.8793
0.6579
0.4667
0.5618
0.6053
0.5732
0.3026
0.481
0.5738
0.6129
0.6375
0.3402
0.6667
0.65
0.5909
0.4524
0.4559
0.4571
0.9211
1.0625
0.3889
0.6721
0.3077
0.3
0.4286
0.8113
0.7612
0.8939
0.4024
0.7101
0.8364
0.5692
0.9375
0.4507
0.507
0.7903
0.5263
0.2584
0.6667
0.8033
0.4923
0.358
0.6447
0.7818
0.4648
0.5952
0.4396
0.6389
0.6471
0.3766
0.3095
0.5139
0.6613
0.3333
0.284
0.6056
0.4416
0.2927
1.1667
0.2604
0.7083
0.5417
0.9836
0.6613
0.4348
0.7576
0.5797
0.5072
0.7895
0.7308
0.3563
0.3243
0.629
0.9516
0.4103
0.4242
0.6857
0.5375
0.6719
0.4118
0.5227
0.5634
0.4478
0.4133
0.4086
0.4938
0.2903
0.4875
0.2796
0.5294
0.5645
0.6508
0.5714
0.5
0.6429
0.537
0.52
0.4457
0.5938
0.8101
0.6753
0.275
0.4881
0.4634
0.6393
0.2857
0.5
0.5769
0.4235
0.5222
0.4444
0.5375
0.5714
0.4318
0.9841
0.7237
0.3553
1.0667
0.8108
0.4556
0.5309
0.5857
0.4211
0.3913
0.3194
0.3973
0.4545
0.4167
0.7164
0.3671
1.1311
0.4605
0.6029
0.6047
0.4045
0.4157
1.1429
0.5082
0.5181
0.6053
0.6721
0.6234
0.4667
0.4074
0.6269
0.425
0.6
0.8197
0.4744
0.3222
0.425
0.3564
0.2857
0.5897
0.3944
0.5672
0.3295
0.75
0.5224
0.4857
0.5301
0.4583
0.3908
0.321
0.4324
0.5375
0.8871
0.359
0.6667
0.5056
1
0.4891
0.3871
0.2911
0.7093
0.3708
0.3704
0.2529
1
0.3553
0.4384
0.3571
0.4265
0.5556
0.5443
0.3012
0.6267
0.3636
0.2737
0.2597
0.4658
0.7101
0.4355
0.5244
0.4219
0.6667
0.2935
0.56
0.35
0.6
0.641
0.6481
0.6479
0.7424
0.6494
0.873
0.2841
0.274
0.3218
0.3563
0.3718
0.5231
0.6061
0.4458
0.6761
0.4744
0.6622
0.5068
0.7619
0.8246
0.4875
0.6835
0.443
0.4937
0.3837
0.5676
0.4583
0.4133
0.2151
0.519
0.3919
0.5
0.4054
0.3902
0.4512
0.7167
0.21
0.5395
0.8
0.4286
0.3239
0.3409
0.3231
0.5455
0.7206
0.8406
0.6721
0.8113
0.6301
0.8281
0.3448
0.2941
0.7917
0.4085
0.7059
0.5652
0.7015
0.6066
0.5
0.2065
0.4767
0.3382
0.9333
0.4706
0.6462
0.274
0.7838
0.4937
0.7077
0.2949
0.4783
0.3056
0.4054
0.4457
0.6145
0.4429
0.378
0.5797
0.6806
0.575
0.5625
0.2211
0.64
0.4058
0.5068
0.4861
0.4
0.6721
0.5652
0.3667
0.5889
0.3913
0.2588
0.3243
0.3457
0.5692
0.7213
0.4943
0.8095
0.5
0.5488
0.4935
0.3367
0.2796
0.3596
0.325
0.3793
0.3146
0.2812
0.4848
0.3797
0.7
0.425
0.3544
0.0667
0.4302
0.443
0.4444
0.4578
0.5753
0.2308
0.9487
0.5593
0.358
0.3625
0.898
0.6176
0.4459
0.8305
0.6562
0.4493
0.7027
0.5362
0.7778
0.4222
0.5417
0.6
0.5
0.4512
0.4557
0.642
0.3286
0.6
0.6429
0.382
0.5758
0.4342
0.35
0.4
0.7273
0.25
0.2432
0.4505
0.2874
0.95
0.3146
0.6301
0.3448
0.2727
0.3699
0.4247
0.4844
0.4615
0.3258
0.641
0.4426
0.8113
0.4217
0.3562
0.25
0.5256
0.3366
0.6486
0.35
0.566
0.4143
0.3462
0.8333
0.5658
0.7843
0.7
0.5205
0.4247
0.4941
0.4382
0.4062
0.6508
0.4494
0.5926
0.8125
0.2921
0.2841
0.2577
0.5781
0.5325
0.4848
0.0879
0.7143
0.3667
0.4756
0.5065
0.3402
0.275
0.6667
0.6111
0.4568
0.5278
0.8689
0.3474
0.2857
0.9245
0.625
0.5484
0.253
0.3875
0.7375
0.3763
0.9077
0.4111
0.4
0.2289
0.4205
0.5714
0.4045
0.5753
0.6667
0.1881
0.0481
0.6883
0.425
0.5942
0.2447
0.2955
0.4925
0.4304
0.5085
0.3735
0.7581
0.5735
0.4324
0.4776
0.6964
0.4324
0.7857
0.4111
0.4318
0.5132
0.3614
0.0897
0.3786
0.3441
0.5652
0.2771
0.8772
0.3038
0.3934
0.6707
0.382
0.4699
0.6143
0.4157
0.3194
0.2317
0.6056
0.4444
0.375
0.375
0.4342
0.5325
0.5152
0.661
0.8596
0.8
0.8382
0.4857
0.3457
0.614
0.2791
0.4789
0.5135
0.4118
0.2069
0.1981
0.6912
0.2963
0.4868
0.4024
0.3846
0.5593
0.6849
0.3421
0.5309
0.4286
0.4835
0.4667
0.4167
0.402
0.4304
0.7576
0.3816
0.3671
0.3418
0.6667
0.561
0.5143
1.1618
0.8103
0.4156
0.2979
0.3103
0.5909
0.4909
0.494
0.3571
0.4938
0.4658
0.5132
0.6508
0.3521
0.7297
0.2
0.3378
0.5867
0.4444
0.4933
0.3474
0.6164
0.3768
0.3299
0.9342
0.8545
0.3143
0.3789
0.7
0.5802
0.0833
0.4227
0.4756
0.7627
0.4706
0.631
0.3667
0.4844
0.4568
0.4588
0.5342
0.2935
0.2785
0.5904
0.3194
0.4462
0.5833
0.2414
0.5588
0.6071
0.4811
0.5588
0.0976
0.45
0.7101
0.622
0.7042
0.5522
1.0984
0.375
0.9206
0.2658
0.8182
0.6364
0.6935
0.3788
0.4756
0.3708
0.6981
0.6271
0.6716
0.9123
0.5119
0.6207
0.6552
0.4368
0.4675
0.8103
0.7164
0.7625
0.4286
0.507
0.4744
0.2875
0.1333
0.4524
0.5441
0.9423
0.7188
0.3733
0.557
0.4459
0.2111
0.8448
0.2418
0.5846
0.4314
0.5056
0.4268
0.3636
0.8429
0.493
0.2805
0.5286
0.35
0.2973
0.3095
0.4419
0.2857
0.5
0.3582
0.3134
0.3103
0.8333
0.2917
0.5634
0.4857
0.642
0.625
0.3077
0.5128
0.575
0.4819
0.8772
0.7213
0.1159
0.2418
0.375
0.4634
0.2252
1.7273
0.0787
0.5469
0.4524
0.9259
0.3837
0.6892
0.2947
0.2791
0.4054
0.5132
0.8
0.4444
0.6479
0.3291
0.525
0.3614
0.2683
0.5556
0.5114
0.7612
0.6
0.4091
0.25
0.6607
0.4789
1.1091
0.5455
0.3061
0.3299
0.642
0.5301
0.2778
0.3827
0.6197
0.3291
0.6184
0.5811
0.5972
0.2647
0.5079
0.5
0.3699
0.7361
0.6667
0.8197
0.2877
0.6481
0.678
0.6825
0.575
0.9355
0.7101
0.2877
0.678
0.6197
0.6557
0.297
0.3924
0.3784
0.75
0.8169
0.4348
0.5824
0.8113
0.5275
0.274
0.2913
0.7458
0.525
0.746
0.5634
0.5781
0.3625
0.4521
0.4571
0.65
0.2985
0.169
0.6964
0.5072
0.6308
0.3784
0.375
0.4048
0.4318
0.4471
0.5526
0.4098
0.5
0.6786
0.3908
0.4769
0.7536
0.4225
0.4627
0.0843
0.3253
0.7241
0.519
0.4394
0.6719
0.5068
0.4605
0.3977
0.5909
0.4706
0.3553
0.75
0.4598
0.186
0.5479
0.0673
0.2469
0.1771
0.4021
0.5
0.4304
0.5116
0.5952
0.8814
0.3671
0.32
0.75
0.3297
0.5075
0.7692
0.6935
0.726
0.2933
0.5641
0.0667
0.6667
0.2714
0.2674
0.5634
0.2062
0.3478
0.4925
0.4348
0.5
0.75
0.8769
0.29
0.2135
0.4194
0.5443
0.8841
0.4304
0.5556
0.4559
0.3429
0.3797
0.4478
0.2872
0.2439
0.033
0.4219
0.4043
0.3485
0.6286
0.1075
0.3718
0.4608
0.6667
0.5205
0.3429
0.2784
0.5974
0.5844
0.2955
0.5139
0.3521
1.4255
0.4839
0.4058
1.0143
0.3084
0.4255
0.3867
0.407
0.4881
0.4651
0.7879
0.4429
0.7797
0.4375
0.6111
1.1667
0.2885
0.3444
0.2447
1.1458
0.4737
0.3953
0.8387
0.3494
0.2703
0.5714
0.5085
0.4359
0.3676
0.4684
0.5412
0.6364
0.6875
0.3538
0.6
0.25
0.466
0.6
0.3483
0.5085
0.2157
0.1944
0.5062
1.0364
0.3069
0.5955
0.6812
0.5333
0.338
0.6
0.2468
0.3333
0.3385
0.0526
0.4143
0.3978
0.5455
0.6552
0.7818
0.3667
0.4366
0.5385
0.3099
0.4923
0.3214
0.6506
0.5616
0.3647
0.4627
0.3875
0.8846
0.2581
0.7606
0.8636
0.4605
0.5443
0.3558
0.378
0.5735
0.9123
0.5161
0.4167
0.6
0.2388
0.3263
0.697
0.3415
0.6301
0.3299
0.5238
0.044
0.5316
0.6267
0.2169
0.0526
0.5857
0.4458
0.4915
0.3704
0.3108
0.5283
0.7
0.7164
1.1667
0.3889
0.4643
1.4423
0.5758
0.746
0.8451
0.7667
0.6628
0.3659
0.4474
0.5278
0.3723
0.4
0.4478
0.6234
0.4769
0.3867
0.4767
0.3521
0.45
0.8033
0.3375
0.4938
0.2791
0.8052
0.2245
0.6833
0.5397
0.4627
0.3488
0.8133
0.791
0.2473
0.2762
0.4684
0.4043
0.3151
0.5422
0.3896
0.557
0.5797
0.7879
0.2857
0.6582
0.4861
0.6508
0.8438
0.4
0.4675
0.1714
0.6232
0.6716
0.7826
0.5
0.8393
0.8889
0.4211
0.4394
0.5616
0.5342
0.0533
0.5
0.4675
0.5595
0.4918
0.6567
0.7213
0.4848
0.5
0.4265
0.5172
0.6533
0.3649
0.1944
0.425
0.4557
0.4937
0.6196
0.5846
0.4713
0.5405
0.061
0.5942
0.6582
0.3038
0.4189
0.5526
0.8393
0.6379
0.6184
0.3733
0.4494
0.5062
0.5732
0.3816
0.0543
0.1159
0.6129
0.0316
0.3093
0.6087
0.4625
0.5
0.4405
0.0714
0.4857
0.8553
0.9375
0.375
0.623
0.2088
0.2444
0.4571
0.5849
0.0769
0.697
0.4146
0.5652
0.8545
0.5538
0.8125
0.4085
0.4507
0.6212
0.5132
0.3146
0.5556
0.8197
0.4615
0.1605
0.8026
0.6429
0.4507
0.6429
0.5055
0.6027
0.7206
0.4156
0.3214
0.3867
0.7097
0.2949
0.3086
0.6197
0.4156
0.3902
1.0556
0.3021
0.75
0.5556
0.9836
0.6452
0.4239
0.7121
0.4348
0.5072
0.9474
0.4808
0.3563
0.1867
0.629
1
0.4615
0.3636
0.6571
0.5125
0.7188
0.5
0.5
0.5493
0.3971
0.3467
0.4624
0.4815
0.266
0.425
0
0.4588
0.4677
0.5714
0.5
0.4865
0.6786
0.6296
0.5067
0.5217
0.6406
0.6835
0.6883
0.2658
0.4524
0.378
0.7869
0.2653
0.4333
0.5256
0.3647
0.5222
0.3611
0.3875
0.5714
0.3636
1
0.6842
0.4605
1.2
0.7973
0.0485
0.2941
0.4143
0.3789
0.4493
0.3472
0.4795
0.5
0.3854
0.7463
0.4304
1.2295
0.4342
0.4412
0.3977
0.4494
0.382
1.0794
0.5574
0.4819
0.5658
0.6557
0.5325
0.48
0.3457
0.0641
0.425
0.6
0.7213
0.5641
0.3333
0.425
0.2079
0.2857
0.5
0.4928
0.5075
0.3409
0.75
0.5821
0.5286
0.506
0.5
0.3371
0.1975
0.3649
0.5185
0.8226
0.3718
0.6667
0.5169
0.8696
0.4348
0.3656
0.3797
0.5814
0.3596
0.4198
0.2184
1.0169
0.3158
0.3973
0.3
0.4776
0.5278
0.4684
0.253
0.5
0.3788
0.2737
0.2338
0.4384
0.7971
0.371
0.5122
0.5
0.4783
0.2717
0.4933
0.4167
0.5846
0.6154
0.5455
0.5915
0.6119
0.6753
0.6462
0.2614
0.3014
0.3068
0.2989
0.4231
0.4769
0.6818
0.4699
0.6901
0.3974
0.5541
0.5753
0.8852
0.7719
0.4
0.6203
0.4557
0.5823
0.3953
0.5541
0.4028
0.36
0.1505
0.5063
0.4054
0.4459
0.2973
0.3659
0.5244
0.6833
0.25
0.5526
0.8308
0.5323
0.338
0.3146
0.3077
0.5325
0.7059
0.7826
0.6885
0.8491
0.48
0.7385
0.3678
0.3176
0.6667
0.4085
0.6176
0.3099
0.7015
0.1169
0.4
0.2717
0.4419
0.5
0.8
0.4265
0.5538
0.2192
0.9189
0.3544
0.5152
0.3974
0.4457
0.3611
0.4054
0.4022
0.5783
0.4
0.3133
0.5362
0.5833
0.5375
0.5
0.1458
