x
0.3696
0.3614
0.335
0.3493
0.3433
0.3553
0.3767
0.3603
0.3289
0.3704
0.3494
0.378
0.3581
0.3638
0.3572
0.325
0.363
0.3466
0.3484
0.3639
0.3692
0.3365
0.3524
0.3549
0.3666
0.3771
0.3615
0.3721
0.3528
0.3442
0.3596
0.3277
0.3526
0.3498
0.3742
0.3653
0.3778
0.3668
0.3642
0.3475
0.3694
0.3649
0.3661
0.3618
0.3643
0.3637
0.36
0.362
0.3668
0.3674
0.3638
0.3488
0.3402
0.3491
0.3734
0.3624
0.3756
0.3418
0.3544
0.3577
0.3587
0.3522
0.3641
0.3497
0.3702
0.3679
0.3629
0.3712
0.3531
0.3512
0.3701
0.3708
0.3523
0.3469
0.3598
0.3583
0.3637
0.3638
0.3599
0.3658
0.3646
0.3686
0.365
0.3506
0.363
0.3658
0.3602
0.3487
0.3392
0.3024
0.3401
0.3522
0.3725
0.3534
0.3666
0.3605
0.3695
0.3665
0.3586
0.3304
0.3733
0.3652
0.3579
0.3601
0.368
0.367
0.3503
0.3496
0.3613
0.3455
0.3569
0.3422
0.3692
0.3443
0.3495
0.3565
0.3398
0.3816
0.3476
0.3586
0.3631
0.3521
0.3367
0.3727
0.3592
0.356
0.372
0.3896
0.3613
0.3528
0.3453
0.3698
0.3598
0.3449
0.3434
0.3525
0.3822
0.3602
0.3676
0.3568
0.3585
0.353
0.3544
0.376
0.3571
0.3633
0.3571
0.3642
0.3495
0.362
0.3466
0.3535
0.3411
0.3572
0.3475
0.3572
0.358
0.3779
0.3423
0.3495
0.348
0.3713
0.3518
0.337
0.3669
0.3699
0.3788
0.3714
0.352
0.3491
0.372
0.3608
0.3453
0.3782
0.3769
0.3733
0.3356
0.3547
0.3476
0.3591
0.3546
0.3373
0.3507
0.3697
0.33
0.3501
0.3588
0.371
0.3656
0.3584
0.3376
0.3684
0.3483
0.358
0.3436
0.3546
0.3748
0.3568
0.3606
0.3476
0.3649
0.3801
0.366
0.3491
0.3624
0.3603
0.3526
0.3735
0.3552
0.3818
0.3689
0.3545
0.3644
0.3551
0.3634
0.3587
0.3438
0.3754
0.3569
0.3556
0.3536
0.3423
0.3657
0.3695
0.3565
0.3588
0.3395
0.3595
0.3605
0.3681
0.3677
0.3645
0.3718
0.3419
0.3589
0.3616
0.3573
0.3671
0.3733
0.3647
0.3727
0.3668
0.3601
0.3611
0.3695
0.3646
0.3434
0.3604
0.3478
0.3692
0.3479
0.3715
0.3473
0.363
0.3564
0.3438
0.3655
0.3631
0.3538
0.3639
0.3601
0.3693
0.3555
0.3545
0.3517
0.3453
0.3534
0.3703
0.3642
0.3552
0.3711
0.3669
0.3626
0.3659
0.3497
0.3705
0.3682
0.3555
0.3637
0.3626
0.3504
0.3688
0.376
0.3399
0.3366
0.346
0.363
0.3666
0.3614
0.3663
0.3476
0.3513
0.334
0.3391
0.3645
0.3693
0.3493
0.377
0.372
0.3739
0.3653
0.36
0.3702
0.3641
0.3744
0.3405
0.3532
0.3456
0.3605
0.3489
0.3439
0.3736
0.351
0.3499
0.3445
0.3709
0.3624
0.3781
0.3497
0.3519
0.3633
0.3591
0.3493
0.3403
0.365
0.3808
0.3739
0.3546
0.3625
0.3345
0.3639
0.3492
0.3573
0.3549
0.3403
0.3624
0.3799
0.3432
0.3634
0.3647
0.3666
0.3508
0.365
0.3694
0.3685
0.3771
0.3686
0.3468
0.3777
0.3601
0.356
0.3655
0.3582
0.3544
0.3652
0.3638
0.365
0.3662
0.3523
0.3561
0.3572
0.3727
0.3326
0.3629
0.3713
0.3513
0.3382
0.3613
0.3628
0.3332
0.3592
0.3553
0.3718
0.3616
0.3607
0.3603
0.3482
0.3705
0.3436
0.3799
0.3523
0.3449
0.3827
0.3709
0.3607
0.3667
0.3899
0.3671
0.3277
0.3472
0.3539
0.3419
0.3352
0.3708
0.3526
0.3339
0.3466
0.3613
0.3426
0.3573
0.3516
0.3708
0.3625
0.3628
0.3654
0.3355
0.3391
0.3529
0.3537
0.3563
0.3613
0.3569
0.3511
0.355
0.3557
0.3576
0.3629
0.3646
0.3651
0.3635
0.3402
0.3221
0.3597
0.3558
0.3662
0.3523
0.3376
0.349
0.3564
0.359
0.3796
0.3524
0.3556
0.3794
0.3698
0.3718
0.3361
0.3589
0.3503
0.3383
0.3598
0.3507
0.3702
0.3683
0.3511
0.3541
0.3807
0.3575
0.3701
0.3561
0.3696
0.3578
0.3594
0.3674
0.365
0.3261
0.3483
0.353
0.3464
0.3418
0.3747
0.363
0.3471
0.3552
0.3426
0.3491
0.3472
0.3384
0.3438
0.351
0.3562
0.3406
0.3676
0.3639
0.3464
0.3682
0.373
0.3594
0.3261
0.3757
0.3817
0.338
0.37
0.3779
0.3647
0.3638
0.3548
0.3765
0.3535
0.3511
0.361
0.3662
0.3732
0.3645
0.335
0.3741
0.3636
0.3715
0.3631
0.3423
0.3586
0.3696
0.3589
0.36
0.3708
0.3736
0.3347
0.3573
0.3474
0.3786
0.3548
0.3409
0.3655
0.3542
0.3645
0.3715
0.3723
0.354
0.3597
0.368
0.3495
0.3593
0.3448
0.3501
0.3621
0.3533
0.3715
0.3665
0.3573
0.3544
0.3312
0.3449
0.3529
0.3571
0.3483
0.3585
0.3666
0.3401
0.3437
0.3792
0.3702
0.3593
0.3683
0.3526
0.3554
0.3297
0.3148
0.3495
0.3649
0.3569
0.3539
0.3582
0.3619
0.3747
0.3584
0.3756
0.355
0.37
0.3855
0.3618
0.3517
0.3632
0.3547
0.3752
0.3687
0.3657
0.3664
0.3533
0.3522
0.3439
0.3519
0.3669
0.3664
0.3566
0.3674
0.3529
0.3579
0.3375
0.3456
0.372
0.3642
0.364
0.3478
0.3655
0.3682
0.3537
0.3689
0.3585
0.3769
0.3792
0.3723
0.3619
0.3235
0.3692
0.35
0.3664
0.3544
0.3454
0.3692
0.3563
0.3608
0.3621
0.3566
0.3784
0.3592
0.3439
0.3499
0.3581
0.3565
0.359
0.3636
0.3705
0.3523
0.3432
0.3721
0.3624
0.3709
0.3589
0.3682
0.3508
0.3645
0.3503
0.3614
0.3614
0.3577
0.3656
0.3777
0.3705
0.3648
0.3566
0.3464
0.3548
0.3688
0.3636
0.3604
0.3662
0.3627
0.3647
0.3664
0.3502
0.349
0.3628
0.3528
0.3584
0.3564
0.3741
0.3531
0.362
0.3638
0.3361
0.3718
0.3441
0.3459
0.341
0.3655
0.3628
0.358
0.3754
0.3582
0.3703
0.3524
0.3655
0.3693
0.3691
0.3737
0.3585
0.3623
0.3524
0.3632
0.3509
0.357
0.3749
0.3537
0.379
0.3534
0.3708
0.3639
0.3688
0.3649
0.3571
0.3456
0.3778
0.3571
0.3596
0.349
0.3658
0.3615
0.3462
0.3601
0.3721
0.3743
0.3458
0.3491
0.3504
0.3557
0.3644
0.3653
0.3766
0.3617
0.3439
0.3659
0.338
0.3669
0.3697
0.3705
0.3599
0.3791
0.3637
0.3817
0.3442
0.3676
0.3597
0.3589
0.3681
0.35
0.3507
0.3419
0.3553
0.3386
0.3692
0.3624
0.3676
0.3499
0.3643
0.3694
0.3792
0.3628
0.3815
0.3603
0.3593
0.36
0.3702
0.3532
0.3667
0.3574
0.3392
0.3719
0.3526
0.355
0.3596
0.3371
0.3344
0.3567
0.3559
0.3485
0.3647
0.3557
0.3418
0.3566
0.3711
0.3706
0.3531
0.3736
0.3595
0.3624
0.3712
0.3659
0.3605
0.3593
0.364
0.3682
0.3625
0.3425
0.3186
0.3645
0.3592
0.3664
0.3581
0.3614
0.3441
0.332
0.3669
0.3547
0.3661
0.3766
0.3562
0.3569
0.3719
0.3601
0.3766
0.3563
0.3565
0.3657
0.3601
0.3711
0.3708
0.3532
0.3649
0.3544
0.3784
0.3607
0.3428
0.3533
0.3518
0.3622
0.3578
0.3509
0.3707
0.3612
0.3735
0.3664
0.36
0.3473
0.3767
0.3742
0.3665
0.3749
0.3641
0.3557
0.353
0.3531
0.3531
0.3549
0.3526
0.3731
0.3436
0.3573
0.3743
0.3529
0.3475
0.3499
0.3515
0.3577
0.3659
0.3584
0.3501
0.354
0.3664
0.3589
0.3459
0.3566
0.3683
0.3421
0.3601
0.3456
0.3709
0.3592
0.3707
0.3785
0.3542
0.3645
0.3597
0.3509
0.3686
0.3771
0.3799
0.3599
0.3611
0.3712
0.3491
0.3562
0.3551
0.3549
0.3524
0.3496
0.3771
0.3586
0.3576
0.365
0.357
0.3594
0.3467
0.3642
0.3603
0.3484
0.3742
0.362
0.367
0.3563
0.3125
0.3483
0.3526
0.3554
0.3531
0.3649
0.3406
0.3401
0.3719
0.3614
0.3675
0.3503
0.3658
0.3642
0.3705
0.3629
0.3695
0.3681
0.3451
0.3566
0.3537
0.3734
0.3505
0.3492
0.3567
0.3548
0.3683
0.3537
0.3541
0.3482
0.3689
0.3728
0.3526
0.3402
0.3407
0.3643
0.376
0.363
0.3545
0.3642
0.3715
0.37
0.3638
0.3632
0.3681
0.3501
0.3703
0.3258
0.3504
0.3618
0.3638
0.3716
0.3662
0.3541
0.382
0.3267
0.3748
0.3817
0.3556
0.3676
0.3642
0.374
0.3416
0.3713
0.3739
0.3549
0.3523
0.3248
0.3696
0.3678
0.3702
0.3502
0.365
0.3763
0.3576
0.3404
0.365
0.3676
0.3449
0.371
0.3664
0.366
0.3542
0.3479
0.345
0.3414
0.3639
0.3597
0.3614
0.3639
0.3647
0.3612
0.3638
0.3789
0.3756
0.3628
0.3681
0.3623
0.3413
0.3485
0.3688
0.3509
0.3602
0.3539
0.3784
0.351
0.3406
0.3572
0.3795
0.3463
0.3673
0.363
0.3667
0.3371
0.3394
0.3635
0.3556
0.352
0.3485
0.3793
0.3664
0.3599
0.3637
0.3783
0.3618
0.3612
0.3441
0.3747
0.3595
0.3624
0.3618
0.3659
0.3622
0.3308
0.3464
0.3683
0.3705
0.3783
0.3596
0.3279
0.37
0.3449
0.3779
0.3541
0.366
0.3582
0.3191
0.3614
0.3494
0.3566
0.3587
0.3721
0.3335
0.3494
0.3601
0.3699
0.3696
0.3634
0.3749
0.3546
0.3396
0.3615
0.3225
0.3514
0.3517
0.3737
0.3618
0.383
0.3653
0.366
0.3424
0.3683
0.3626
0.3667
0.363
0.3673
0.365
0.3546
0.363
0.3735
0.3674
0.3734
0.3485
0.3369
0.3512
0.3727
0.3581
0.3751
0.3409
0.3508
0.3547
0.3588
0.3612
0.3626
0.3464
0.3768
0.3657
0.3709
0.3667
0.3573
0.358
0.3686
0.3732
0.3506
0.346
0.3563
0.36
0.3628
0.3652
0.3623
0.3609
0.3661
0.3678
0.3641
0.345
0.3636
0.3615
0.3672
0.3365
0.3335
0.2937
0.3387
0.3506
0.3732
0.3561
0.3661
0.3645
0.3703
0.3679
0.3608
0.3263
0.3713
0.3662
0.3553
0.3596
0.3631
0.3648
0.3469
0.3408
0.3616
0.3463
0.3544
0.3332
0.3681
0.3441
0.3519
0.3568
0.3567
0.3829
0.3389
0.3539
0.3623
0.3485
0.3363
0.3677
0.3605
0.3593
0.3696
0.3967
0.3546
0.3538
0.3409
0.3728
0.3551
0.3436
0.3436
0.3489
0.3813
0.3736
0.3639
0.3536
0.3541
0.3678
0.3549
0.3764
0.355
0.3752
0.3543
0.365
0.3496
0.3568
0.3401
0.3536
0.3454
0.3521
0.3423
0.3631
0.3592
0.3736
0.3355
0.3507
0.3493
0.3684
0.3479
0.3259
0.37
0.3755
0.3822
0.3743
0.3478
0.3498
0.3757
0.3539
0.3459
0.3796
0.3764
0.3734
0.3293
0.3541
0.343
0.3519
0.3498
0.344
0.3479
0.3709
0.3258
0.3412
0.3517
0.3719
0.369
0.3656
0.3341
0.3651
0.3426
0.3566
0.348
0.3529
0.3749
0.3549
0.359
0.3441
0.368
0.382
0.3709
0.3487
0.3609
0.3617
0.3526
0.3719
0.3562
0.3834
0.3694
0.3484
0.3632
0.3508
0.3612
0.3584
0.3478
0.3784
0.3562
0.3522
0.3551
0.3482
0.3676
0.3698
0.3561
0.3547
0.3417
0.3597
0.372
0.3633
0.3787
0.3677
0.3663
0.3379
0.3559
0.3741
0.3496
0.3703
0.3746
0.3896
0.3779
0.3664
0.3677
0.3699
0.3728
0.3645
0.3429
0.3616
0.345
0.3746
0.3417
0.3707
0.3483
0.3633
0.3575
0.3424
0.3649
0.3618
0.3523
0.3605
0.3565
0.3676
0.3521
0.357
0.3495
0.3459
0.3519
0.3723
0.3641
0.352
0.3735
0.3716
0.3663
0.3702
0.3511
0.3785
0.3667
0.3548
0.3751
0.3601
0.3649
0.3689
0.381
0.3394
0.3323
0.3448
0.3647
0.3686
0.3611
0.3658
0.3491
0.3472
0.3311
0.3479
0.3584
0.3685
0.3478
0.3763
0.3773
0.3705
0.3696
0.356
0.3662
0.3616
0.3748
0.3416
0.3508
0.3532
0.3622
0.3453
0.3426
0.3767
0.3549
0.3497
0.3493
0.3707
0.3615
0.3741
0.3526
0.3507
0.3623
0.3581
0.3477
0.3402
0.3622
0.3803
0.3796
0.3534
0.3613
0.3339
0.3623
0.3395
0.3555
0.3525
0.3364
0.3642
0.3793
0.3389
0.3627
0.3659
0.3622
0.3542
0.364
0.3686
0.3703
0.3785
0.364
0.3362
0.3804
0.3627
0.3519
0.3649
0.358
0.3557
0.3651
0.3981
0.3621
0.367
0.3483
0.3397
0.3574
0.3768
0.3289
0.3606
0.3704
0.3496
0.3437
0.3552
0.348
0.3373
0.3617
0.3592
0.3631
0.3607
0.3588
0.3652
0.3509
0.366
0.346
0.3775
0.3493
0.3475
0.3881
0.3728
0.3623
0.3648
0.3898
0.3642
0.3215
0.3526
0.3524
0.343
0.3321
0.3688
0.3544
0.3344
0.3488
0.357
0.3416
0.3597
0.3957
0.3695
0.3695
0.357
0.3632
0.3361
0.3399
0.3485
0.3523
0.3553
0.3609
0.3536
0.3534
0.3576
0.3514
0.3578
0.3671
0.3674
0.3698
0.3589
0.341
0.3185
0.3468
0.3549
0.3582
0.3468
0.3367
0.3456
0.3536
0.3587
0.3834
0.3498
0.3544
0.3728
0.3666
0.3706
0.3582
0.3508
0.3483
0.3315
0.3606
0.3465
0.3815
0.3695
0.351
0.3529
0.377
0.351
0.3697
0.3524
0.3738
0.3598
0.359
0.3663
0.371
0.3246
0.3399
0.3503
0.3501
0.341
0.3728
0.3612
0.3451
0.3529
0.3378
0.3461
0.3487
0.3358
0.3428
0.3544
0.3517
0.3473
0.3675
0.3622
0.3433
0.3717
0.379
0.3533
0.3272
0.3768
0.3794
0.3348
0.3742
0.3787
0.3522
0.36
0.3547
0.3752
0.3479
0.3523
0.359
0.3643
0.3755
0.3671
0.3298
0.3739
0.3631
0.3714
0.362
0.3443
0.3578
0.3685
0.3613
0.3619
0.3682
0.3769
0.3334
0.3544
0.3532
0.377
0.3512
0.3376
0.364
0.3553
0.367
0.3668
0.3761
0.3563
0.3601
0.3688
0.351
0.3587
0.3383
0.3555
0.3556
0.3635
0.3714
0.3664
0.3623
0.3628
0.3328
0.3405
0.3582
0.3492
0.3472
0.3573
0.3641
0.3462
0.335
0.3776
0.3791
0.3612
0.3706
0.3529
0.3545
0.3272
0.3167
0.348
0.3621
0.354
0.3511
0.3577
0.3605
0.3786
0.3647
0.3781
0.3631
0.3688
0.3864
0.3653
0.3568
0.3651
0.3754
0.3712
0.3625
0.3564
0.3637
0.3523
0.3602
0.342
0.3496
0.3757
0.3569
0.3516
0.3658
0.3499
0.3579
0.3347
0.3637
0.3729
0.3669
0.3587
0.3591
0.3639
0.3639
0.3581
0.369
0.3505
0.3811
0.3787
0.3732
0.3629
0.3263
0.3742
0.3533
0.3683
0.3527
0.3419
0.3612
0.3541
0.3568
0.3621
0.3562
0.379
0.3599
0.3445
0.3491
0.3523
0.3531
0.3586
0.368
0.3714
0.3471
0.3436
0.3694
0.3606
0.3692
0.3475
0.367
0.3493
0.3673
0.3411
0.3628
0.3576
0.3565
0.3612
0.3746
0.3683
0.361
0.3561
0.3437
0.3515
0.3711
0.3697
0.3648
0.3637
0.3642
0.3672
0.3671
0.3391
0.3578
0.3691
0.3564
0.3576
0.3549
0.3749
0.3508
0.3627
0.3596
0.3305
0.3728
0.3396
0.3479
0.3401
0.365
0.3627
0.353
0.3762
0.354
0.3661
0.3496
0.36
0.3726
0.3703
0.3735
0.36
0.3657
0.3508
0.3674
0.3493
0.3601
0.3785
0.3575
0.381
0.3481
0.3686
0.3623
0.3674
0.3985
0.353
0.3544
0.3823
0.3491
0.359
0.3458
0.3643
0.3528
0.3502
0.3605
0.3703
0.3726
0.3487
0.3467
0.3678
0.3898
0.361
0.3676
0.3738
0.3599
0.3433
0.3661
0.3396
0.3759
0.371
0.3728
0.3641
0.3772
0.3622
0.3811
0.3407
0.3575
0.3584
0.3784
0.3546
0.3476
0.3513
0.3362
0.3506
0.3348
0.3687
0.3636
0.3634
0.3487
0.3669
0.373
0.3759
0.3622
0.3825
0.3597
0.3583
0.3621
0.3671
0.3543
0.3682
0.3549
0.3384
0.3737
0.3466
0.3511
0.3641
0.3434
0.3343
0.3515
0.3523
0.3453
0.367
0.3501
0.3416
0.3532
0.3687
0.371
0.3577
0.375
0.3627
0.3613
0.3743
0.369
0.3625
0.3618
0.3629
0.3681
0.3627
0.3388
0.3118
0.3648
0.3626
0.36
0.3557
0.3616
0.3449
0.3283
0.3982
0.3496
0.3717
0.3767
0.3603
0.3583
0.3725
0.3505
0.3753
0.3513
0.3596
0.3782
0.3588
0.3743
0.364
0.3537
0.3635
0.3525
0.3801
0.3547
0.3342
0.3545
0.3504
0.3644
0.3583
0.3541
0.3728
0.3624
0.3703
0.3639
0.3571
0.345
0.3761
0.3757
0.3671
0.3702
0.3618
0.3555
0.3533
0.3518
0.3513
0.3478
0.3519
0.3766
0.339
0.356
0.3768
0.3524
0.3445
0.3379
0.358
0.3555
0.3605
0.3543
0.3529
0.3523
0.3646
0.3605
0.3432
0.3519
0.3611
0.3457
0.3579
0.3445
0.364
0.3609
0.3742
0.3809
0.3535
0.3637
0.3602
0.3508
0.3726
0.3919
0.3799
0.3632
0.3544
0.3639
0.3536
0.359
0.3538
0.3538
0.3535
0.3514
0.3781
0.3571
0.3514
0.3731
0.3579
0.353
0.344
0.3685
0.3593
0.3411
0.3765
0.361
0.364
0.3565
0.3094
0.3454
0.3438
0.3592
0.3498
0.3619
0.344
0.3326
0.3919
0.3656
0.3756
0.3499
0.3669
0.3631
0.3719
0.3648
0.3722
0.3706
0.3396
0.3478
0.347
0.371
0.3513
0.3541
0.3514
0.3497
0.3636
0.3533
0.3575
0.3522
0.3615
0.3752
0.3489
0.3402
0.3401
0.3615
0.3752
0.3662
0.3635
0.3682
0.3733
0.3677
0.3651
0.3568
0.3676
0.3615
0.3675
0.3208
0.3517
0.3596
0.3644
0.3752
0.3673
0.3548
0.3863
0.3188
0.3743
0.3857
0.3617
0.3692
0.3631
0.3752
0.3363
0.371
0.3734
0.3567
0.3529
0.3309
0.3695
0.3732
0.3727
0.3517
0.364
0.3847
0.3532
0.3423
0.3553
0.3693
0.3503
0.3706
0.3664
0.369
0.356
0.3497
0.3483
0.3404
0.3641
0.3609
0.3488
0.3666
0.3668
0.3628
0.3693
0.3795
0.374
0.362
0.3665
0.361
0.3412
0.344
0.3736
0.3603
0.3588
0.3607
0.3793
0.348
0.34
0.3613
0.3864
0.347
0.3667
0.3628
0.3659
0.3403
0.3351
0.3604
0.3522
0.351
0.3502
0.3725
0.3654
0.3561
0.3675
0.3792
0.3602
0.3617
0.3383
0.3743
0.3514
0.3616
0.3596
0.368
0.3908
0.3978
0.3828
0.3717
0.356
0.3976
0.3599
0.3732
0.3966
0.387
0.3945
0.372
0.3645
0.3788
0.3447
0.3841
0.3977
0.3649
0.3618
0.3961
0.3566
0.391
0.3867
0.3889
0.3928
0.3983
0.3962
0.37
0.3524
0.3893
0.3735
0.3531
0.393
0.3977
0.3922
0.3941
0.3747
0.3954
0.3494
0.3981
0.3964
0.3854
0.3978
0.3901
0.3965
0.3648
0.3858
0.3846
0.3963
0.3781
0.375
0.357
0.3529
0.3951
0.3848
0.3856
0.3707
0.3853
0.3904
0.354
0.3769
0.3584
0.3475
0.3963
0.3635
0.3978
0.3922
0.3947
0.3515
0.3796
0.386
0.3803
0.3578
0.3971
0.3647
0.3972
0.395
0.3598
0.3636
0.3931
0.3934
0.3956
0.3488
0.3623
0.3697
0.3751
0.3646
0.3597
0.3769
0.3845
0.3736
0.3916
0.3731
0.3656
0.3942
0.3657
0.3889
0.3752
0.3914
0.3927
0.3947
0.3972
0.3985
0.3981
0.3869
0.3866
0.3652
0.3844
0.3916
0.3847
0.3437
0.3852
0.3972
0.3907
0.3851
0.3891
0.3826
0.353
0.3843
0.3968
0.3953
0.3992
0.3866
0.3955
0.3948
0.3941
0.3969
0.3854
0.3882
0.3695
0.3806
0.3986
0.3428
0.3604
0.3698
0.3791
0.3779
0.3852
0.3847
0.3953
0.3966
0.386
0.3863
0.374
0.3987
0.3902
0.3779
0.3966
0.3921
0.3773
0.3804
0.3858
0.3947
0.3879
0.3895
0.3735
0.3913
0.3964
0.3835
0.3936
0.3731
0.3882
0.3785
0.3834
0.3888
0.397
0.3885
0.3552
0.3693
0.392
0.3886
0.3673
0.3869
0.3948
0.3824
0.3717
0.365
0.3933
0.3985
0.3906
0.3808
0.3906
0.3844
0.3925
0.3933
0.3514
0.3976
0.3938
0.3973
0.3927
0.3958
0.3458
0.3949
0.3687
0.3913
0.3922
0.3912
0.3716
0.3749
0.3682
0.3911
0.398
0.3902
0.3647
0.3807
0.3949
0.3958
0.3949
0.3835
0.3898
0.394
0.3896
0.3933
0.3702
0.3969
0.3531
0.394
0.3988
0.3889
0.3827
0.3901
0.3954
0.3901
0.373
0.3608
0.381
0.3931
0.3964
0.398
0.3955
0.3972
0.3813
0.3581
0.3974
0.3922
0.378
0.3943
0.3959
0.3957
0.3838
0.3843
0.3723
0.3871
0.3944
0.3959
0.3954
0.3901
0.3861
0.3983
0.3889
0.3985
0.3457
0.3954
0.3989
0.3933
0.3885
0.3876
0.3951
0.3921
0.3932
0.3666
0.3982
0.3757
0.3892
0.3946
0.3982
0.3961
0.3826
0.3865
0.3687
0.3688
0.3823
0.3919
0.3994
0.3927
0.3959
0.3569
0.3917
0.3977
0.3704
0.392
0.3896
0.3963
0.387
0.3809
0.3895
0.3981
0.3853
0.3808
0.36
0.3655
0.3989
0.3939
0.3766
0.3804
0.3873
0.3826
0.3728
0.3939
0.3697
0.3698
0.3921
0.3906
0.377
0.3554
0.3977
0.3937
0.3914
0.3875
0.3392
0.3751
0.3929
0.394
0.3946
0.3821
0.3605
0.3788
0.3679
0.3556
0.3692
0.3826
0.3849
0.3629
0.3888
0.3956
0.3967
0.3538
0.3804
0.3964
0.3759
0.3892
0.3979
0.3708
0.3513
0.3709
0.3955
0.3814
0.397
0.3952
0.3899
0.3982
0.3734
0.3703
0.3829
0.3942
0.3933
0.3719
0.398
0.3649
0.3627
0.3902
0.397
0.3969
0.3812
0.3979
0.3818
0.3878
0.3979
0.3412
0.3562
0.3743
0.3776
0.3977
0.3805
0.3893
0.3437
0.3957
0.3904
0.3752
0.3902
0.3871
0.397
0.3859
0.3985
0.3983
0.3965
0.3853
0.3466
0.3993
0.3908
0.3618
0.3942
0.3949
0.3953
0.3848
0.3945
0.388
0.3926
0.3965
0.3952
0.3874
0.3702
0.3901
0.3769
0.3901
0.399
0.3975
0.3782
0.3976
0.3986
0.391
0.3914
0.3721
0.3864
0.3678
0.349
0.3613
0.3993
0.3916
0.3625
0.3938
0.3584
0.3729
0.37
0.3576
0.3915
0.3987
0.375
0.3644
0.3972
0.3109
0.3753
0.3548
0.3977
0.391
0.3455
0.3917
0.3745
0.3894
0.3966
0.3522
0.3688
0.3866
0.3768
0.3967
0.3554
0.3966
0.3445
0.384
0.3834
0.3889
0.3794
0.374
0.3979
0.3726
0.3871
0.3967
0.394
0.3578
0.3937
0.3582
0.3731
0.3968
0.396
0.363
0.3452
0.3931
0.3928
0.391
0.3861
0.3631
0.3935
0.3759
0.3915
0.3868
0.349
0.3353
0.3869
0.3598
0.3924
0.3922
0.3731
0.3921
0.3989
0.3834
0.3922
0.378
0.3296
0.3809
0.3786
0.3847
0.3967
0.3876
0.3748
0.3976
0.3858
0.3954
0.3526
0.3882
0.3926
0.3944
0.3961
0.3643
0.3556
0.3961
0.3945
0.3751
0.3951
0.3946
0.369
0.3828
0.3594
0.3942
0.3904
0.392
0.3881
0.379
0.3949
0.3947
0.3907
0.3581
0.3755
0.3636
0.3984
0.3691
0.3966
0.3859
0.3904
0.3734
0.3612
0.3574
0.3476
0.39
0.3564
0.3803
0.3985
0.3951
0.3571
0.3974
0.3646
0.3759
0.3955
0.3978
0.3903
0.3725
0.3827
0.3431
0.3498
0.3805
0.3712
0.366
0.3961
0.3554
0.3918
0.3675
0.3929
0.3814
0.3904
0.3973
0.3645
0.3874
0.3924
0.3946
0.3984
0.3961
0.3804
0.3845
0.3954
0.3873
0.3935
0.3872
0.3945
0.3939
0.391
0.39
0.398
0.347
0.3937
0.3972
0.3911
0.3643
0.3899
0.3725
0.3777
0.3971
0.3965
0.3951
0.386
0.3978
0.386
0.3852
0.3681
0.3991
0.3732
0.386
0.395
0.3917
0.3799
0.3919
0.397
0.3912
0.3817
0.3853
0.3826
0.3835
0.3919
0.3902
0.3718
0.393
0.3908
0.392
0.374
0.394
0.3973
0.3569
0.3818
0.3942
0.3934
0.3651
0.3932
0.396
0.3933
0.398
0.3832
0.3876
0.3667
0.3928
0.384
0.3795
0.3973
0.3946
0.3909
0.3929
0.3939
0.377
0.3924
0.3976
0.3985
0.376
0.3963
0.3842
0.3976
0.3807
0.3913
0.3982
0.3912
0.3692
0.3696
0.3924
0.3924
0.3846
0.3945
0.3979
0.3957
0.3954
0.3746
0.3637
0.3705
0.3427
0.3882
0.3922
0.3814
0.3945
0.3883
0.3715
0.3921
0.3868
0.3763
0.3872
0.3796
0.3903
0.3767
0.393
0.3722
0.364
0.3695
0.3803
0.3814
0.366
0.3844
0.391
0.3835
0.3896
0.3947
0.3742
0.3758
0.3986
0.3966
0.3923
0.3896
0.3943
0.3658
0.3922
0.3942
0.3895
0.3532
0.3402
0.3858
0.3667
0.3988
0.394
0.3583
0.3956
0.3962
0.3688
0.3917
0.3978
0.3982
0.3923
0.3928
0.3486
0.3912
0.3987
0.3923
0.3917
0.3932
0.3937
0.3908
0.3966
0.398
0.3871
0.3842
0.3843
0.3482
0.3659
0.36
0.3898
0.3636
0.3772
0.391
0.3843
0.397
0.3942
0.3793
0.3844
0.3983
0.3906
0.3777
0.3892
0.392
0.3782
0.3986
0.3724
0.3982
0.3864
0.3988
0.3768
0.3912
0.377
0.376
0.3855
0.3985
0.3982
0.3874
0.3959
0.3569
0.3508
0.3563
0.3934
0.3763
0.3959
0.391
0.3626
0.3949
0.3784
0.3813
0.3959
0.3667
0.3697
0.3913
0.3928
0.37
0.3667
0.3834
0.355
0.3829
0.3991
0.3973
0.3676
0.3841
0.3971
0.3927
0.3952
0.3942
0.3852
0.3982
0.3934
0.3464
0.3936
0.3795
0.3885
0.3918
0.3732
0.3868
0.3897
0.3733
0.3969
0.3728
0.3974
0.3916
0.3779
0.3785
0.3774
0.3957
0.3969
0.3985
0.387
0.3963
0.3915
0.3833
0.3839
0.386
0.3829
0.3769
0.3947
0.3967
0.375
0.391
0.3812
0.3946
0.3609
0.3831
0.3547
0.3871
0.3974
0.3602
0.3926
0.3572
0.378
0.3801
0.3968
0.3855
0.3629
0.3619
0.359
0.3811
0.3931
0.3564
0.3945
0.3605
0.3727
0.393
0.3887
0.3905
0.3955
0.3822
0.3971
0.3944
0.3658
0.3953
0.3757
0.3958
0.3736
0.3954
0.3967
0.3604
0.3952
0.3722
0.3784
0.3759
0.3951
0.3887
0.3808
0.3988
0.3947
0.3796
0.3849
0.3713
0.3792
0.3994
0.3462
0.3931
0.3801
0.396
0.3855
0.3957
0.394
0.3915
0.3752
0.3968
0.3488
0.3961
0.3892
0.3927
0.3973
0.3846
0.3879
0.3953
0.3781
0.3992
0.3877
0.398
0.3809
0.3767
0.3949
0.3768
0.3938
0.3895
0.3645
0.3715
0.3477
0.3463
0.3898
0.3899
0.3735
0.3675
0.3795
0.3638
0.3641
0.3737
0.3969
0.3977
0.3945
0.3667
0.3856
0.3974
0.3697
0.3886
0.3919
0.3927
0.3868
0.3975
0.3937
0.3816
0.3901
0.3968
0.3954
0.3948
0.3757
0.3961
0.3967
0.385
0.3923
0.3967
0.3775
0.3906
0.3934
0.3937
0.3943
0.3931
0.3732
0.3975
0.392
0.3915
0.354
0.3882
0.3727
0.3735
0.3755
0.3962
0.3982
0.395
0.3938
0.3477
0.3954
0.3965
0.3839
0.3985
0.3929
0.3774
0.3914
0.349
0.3624
0.3595
0.3843
0.3841
0.3907
0.3931
0.3721
0.3847
0.3734
0.3829
0.3937
0.387
0.3684
0.3808
0.3892
0.3975
0.3738
0.3657
0.3877
0.3964
0.3872
0.3646
0.3423
0.3794
0.394
0.3543
0.3656
0.3817
0.3783
0.373
0.3634
0.3966
0.3952
0.3805
0.3606
0.3946
0.3967
0.3877
0.3921
0.3895
0.3982
0.3868
0.3982
0.3892
0.362
0.3622
0.3777
NA
NA
NA
NA
NA
NA
NA
NA
NA
NA
NA
NA
NA
NA
NA
NA
NA
NA
NA
NA
NA
NA
NA
NA
NA
NA
NA
NA
NA
NA
NA
NA
NA
NA
NA
NA
NA
NA
NA
NA
NA
NA
NA
NA
NA
NA
NA
NA
NA
NA
NA
NA
NA
NA
NA
NA
NA
NA
NA
NA
NA
NA
NA
NA
NA
NA
NA
NA
NA
NA
NA
NA
NA
NA
NA
NA
NA
NA
NA
NA
NA
NA
NA
NA
NA
NA
NA
NA
NA
NA
NA
NA
NA
NA
NA
NA
NA
NA
NA
NA
NA
NA
NA
NA
NA
NA
NA
NA
NA
NA
NA
NA
NA
NA
NA
NA
NA
NA
NA
NA
NA
NA
NA
NA
NA
NA
NA
NA
NA
NA
NA
NA
NA
NA
NA
NA
NA
NA
NA
NA
NA
NA
NA
NA
NA
NA
NA
NA
NA
NA
NA
NA
NA
NA
NA
NA
NA
NA
NA
NA
NA
NA
NA
NA
NA
NA
NA
NA
NA
NA
NA
NA
NA
NA
NA
NA
NA
NA
NA
NA
NA
NA
NA
NA
NA
NA
NA
NA
NA
NA
NA
NA
NA
NA
NA
NA
NA
NA
NA
NA
NA
NA
NA
NA
NA
NA
NA
NA
NA
NA
NA
NA
NA
NA
NA
NA
NA
NA
NA
NA
NA
NA
NA
NA
NA
NA
NA
NA
NA
NA
NA
NA
NA
NA
NA
NA
NA
NA
NA
NA
NA
NA
NA
NA
NA
NA
NA
NA
NA
NA
NA
NA
NA
NA
NA
NA
NA
NA
NA
NA
NA
NA
NA
NA
NA
NA
NA
NA
NA
NA
NA
NA
NA
NA
NA
NA
NA
NA
NA
NA
NA
NA
NA
NA
NA
NA
NA
NA
NA
NA
NA
NA
NA
NA
NA
NA
NA
NA
NA
NA
NA
NA
NA
NA
NA
NA
NA
NA
NA
NA
NA
NA
NA
NA
NA
NA
NA
NA
NA
NA
NA
NA
NA
NA
NA
NA
NA
NA
NA
NA
NA
NA
NA
NA
NA
NA
NA
NA
NA
NA
NA
NA
NA
NA
NA
NA
NA
NA
NA
NA
NA
NA
NA
NA
NA
NA
NA
NA
NA
NA
NA
NA
NA
NA
NA
NA
NA
NA
NA
NA
NA
NA
NA
NA
NA
NA
NA
NA
NA
NA
NA
NA
NA
NA
NA
NA
NA
NA
NA
NA
NA
NA
NA
NA
NA
NA
NA
NA
NA
NA
NA
NA
NA
NA
NA
NA
NA
NA
NA
NA
NA
NA
NA
NA
NA
NA
NA
NA
NA
NA
NA
NA
NA
NA
NA
NA
NA
NA
NA
NA
NA
NA
NA
NA
NA
NA
NA
NA
NA
NA
NA
NA
NA
NA
NA
NA
NA
NA
NA
NA
NA
NA
NA
NA
NA
NA
NA
NA
NA
NA
NA
NA
NA
NA
NA
NA
NA
NA
NA
NA
NA
NA
NA
NA
NA
NA
NA
NA
NA
NA
NA
NA
NA
NA
NA
NA
NA
NA
NA
NA
NA
NA
NA
NA
NA
NA
NA
NA
NA
NA
NA
NA
NA
NA
NA
NA
NA
NA
NA
NA
NA
NA
NA
NA
NA
NA
NA
NA
NA
NA
NA
NA
NA
NA
NA
NA
NA
NA
NA
NA
NA
NA
NA
NA
NA
NA
NA
NA
NA
NA
NA
NA
NA
NA
NA
NA
NA
NA
NA
NA
NA
NA
NA
NA
NA
NA
NA
NA
NA
NA
NA
NA
NA
NA
NA
NA
NA
NA
NA
NA
NA
NA
NA
NA
NA
NA
NA
NA
NA
NA
NA
NA
NA
NA
NA
NA
NA
NA
NA
NA
NA
NA
NA
NA
NA
NA
NA
NA
NA
NA
NA
NA
NA
NA
NA
NA
NA
NA
NA
NA
NA
NA
NA
NA
NA
NA
NA
NA
NA
NA
NA
NA
NA
NA
NA
NA
NA
NA
NA
NA
NA
NA
NA
NA
NA
NA
NA
NA
NA
NA
NA
NA
NA
NA
NA
NA
NA
NA
NA
NA
NA
NA
NA
NA
NA
NA
NA
NA
NA
NA
NA
NA
NA
NA
NA
NA
NA
NA
NA
NA
NA
NA
NA
NA
NA
NA
NA
NA
NA
NA
NA
NA
NA
NA
NA
NA
NA
NA
NA
NA
NA
NA
NA
NA
NA
NA
NA
NA
NA
NA
NA
NA
NA
NA
NA
NA
NA
NA
NA
NA
NA
NA
NA
NA
NA
NA
NA
NA
NA
NA
NA
NA
NA
NA
NA
NA
NA
NA
NA
NA
NA
NA
NA
NA
NA
NA
NA
NA
NA
NA
NA
NA
NA
NA
NA
NA
NA
NA
NA
NA
NA
NA
NA
NA
NA
NA
NA
NA
NA
NA
NA
NA
NA
NA
NA
NA
NA
NA
NA
NA
NA
NA
NA
NA
NA
NA
NA
NA
NA
NA
NA
NA
NA
NA
NA
NA
NA
NA
NA
NA
NA
NA
NA
NA
NA
NA
NA
NA
NA
NA
NA
NA
NA
NA
NA
NA
NA
NA
NA
NA
NA
NA
NA
NA
NA
NA
NA
NA
NA
NA
NA
NA
NA
NA
NA
NA
NA
NA
NA
NA
NA
NA
NA
NA
NA
NA
NA
NA
NA
NA
NA
NA
NA
NA
NA
NA
NA
NA
NA
NA
NA
NA
NA
NA
NA
NA
NA
NA
NA
NA
NA
NA
NA
NA
NA
NA
NA
NA
NA
NA
NA
NA
NA
NA
NA
NA
NA
NA
NA
NA
NA
NA
NA
NA
NA
NA
NA
NA
NA
NA
NA
NA
NA
NA
NA
NA
NA
NA
NA
NA
NA
NA
NA
NA
NA
NA
NA
NA
NA
NA
NA
NA
NA
NA
NA
NA
NA
NA
NA
NA
NA
NA
NA
NA
NA
NA
NA
NA
NA
NA
NA
NA
NA
NA
NA
NA
NA
NA
NA
NA
NA
NA
NA
NA
NA
NA
NA
NA
NA
NA
NA
NA
NA
NA
NA
NA
NA
NA
NA
NA
NA
NA
NA
NA
NA
NA
NA
NA
NA
NA
NA
NA
NA
NA
NA
NA
NA
NA
NA
NA
NA
NA
NA
NA
NA
NA
NA
NA
NA
NA
NA
NA
NA
NA
NA
NA
NA
NA
NA
NA
NA
NA
NA
NA
NA
NA
NA
NA
NA
NA
NA
NA
NA
NA
NA
NA
NA
NA
NA
NA
NA
NA
NA
NA
NA
NA
NA
NA
NA
NA
NA
NA
NA
NA
NA
NA
NA
NA
NA
NA
NA
NA
NA
NA
NA
NA
NA
NA
NA
NA
NA
NA
NA
NA
NA
NA
NA
NA
NA
NA
NA
NA
NA
NA
NA
NA
NA
NA
NA
NA
NA
NA
NA
NA
NA
NA
NA
NA
NA
NA
NA
NA
NA
NA
NA
NA
NA
NA
NA
NA
NA
NA
NA
NA
NA
NA
NA
NA
NA
NA
NA
NA
NA
NA
NA
NA
NA
NA
NA
NA
NA
NA
NA
NA
NA
NA
NA
NA
NA
NA
NA
NA
NA
NA
NA
NA
NA
NA
NA
NA
NA
NA
NA
NA
NA
NA
NA
NA
NA
NA
NA
NA
NA
NA
NA
NA
NA
NA
NA
NA
NA
NA
NA
NA
NA
NA
NA
NA
NA
NA
NA
NA
NA
NA
NA
NA
NA
NA
NA
NA
NA
NA
NA
NA
NA
NA
NA
NA
NA
NA
NA
NA
NA
NA
NA
NA
NA
NA
NA
NA
NA
NA
NA
NA
NA
NA
NA
NA
NA
NA
NA
NA
NA
NA
NA
NA
NA
NA
NA
NA
NA
NA
NA
NA
NA
NA
NA
NA
NA
NA
NA
NA
NA
NA
NA
NA
NA
NA
NA
NA
NA
NA
NA
NA
NA
NA
NA
NA
NA
NA
NA
NA
NA
NA
NA
NA
NA
NA
NA
NA
NA
NA
NA
NA
NA
NA
NA
NA
NA
NA
NA
NA
NA
NA
NA
NA
NA
NA
NA
NA
NA
NA
NA
NA
NA
NA
NA
NA
NA
NA
NA
NA
NA
NA
NA
NA
NA
NA
NA
NA
NA
NA
NA
NA
NA
NA
NA
NA
NA
NA
NA
NA
NA
NA
NA
NA
NA
NA
NA
NA
NA
NA
NA
NA
NA
NA
NA
NA
NA
NA
NA
NA
NA
NA
NA
NA
NA
NA
NA
NA
NA
NA
NA
NA
NA
NA
NA
NA
NA
NA
NA
NA
NA
NA
NA
NA
NA
NA
NA
NA
NA
NA
NA
NA
NA
NA
NA
NA
NA
NA
NA
NA
NA
NA
NA
NA
NA
NA
NA
NA
NA
NA
NA
NA
NA
NA
NA
NA
NA
NA
NA
NA
NA
NA
NA
NA
NA
NA
NA
NA
NA
NA
NA
NA
NA
NA
NA
NA
NA
NA
NA
NA
NA
NA
NA
NA
NA
NA
NA
NA
NA
NA
NA
NA
NA
NA
NA
NA
NA
NA
NA
NA
NA
NA
NA
NA
NA
NA
NA
NA
NA
NA
NA
NA
NA
NA
NA
NA
NA
NA
NA
NA
NA
NA
NA
NA
NA
NA
NA
NA
NA
NA
NA
NA
NA
NA
NA
NA
NA
NA
NA
NA
NA
NA
NA
NA
NA
NA
NA
NA
NA
NA
NA
NA
NA
NA
NA
NA
NA
NA
NA
NA
NA
NA
NA
NA
NA
NA
NA
NA
NA
NA
NA
NA
NA
NA
NA
NA
NA
NA
NA
NA
NA
NA
NA
NA
NA
NA
NA
NA
NA
NA
NA
NA
NA
NA
NA
NA
NA
NA
NA
NA
NA
NA
NA
NA
NA
NA
NA
NA
NA
NA
NA
NA
NA
NA
NA
NA
NA
NA
NA
NA
NA
NA
NA
NA
NA
NA
NA
NA
NA
NA
NA
NA
NA
NA
NA
NA
NA
NA
NA
NA
NA
NA
NA
NA
NA
NA
NA
NA
NA
NA
NA
NA
NA
NA
NA
NA
NA
NA
NA
NA
NA
NA
NA
NA
NA
NA
NA
NA
NA
NA
NA
NA
NA
NA
NA
NA
NA
NA
NA
NA
NA
NA
NA
NA
NA
NA
NA
NA
NA
NA
NA
NA
NA
NA
NA
NA
NA
NA
NA
NA
NA
NA
NA
NA
NA
NA
NA
NA
NA
NA
NA
NA
NA
NA
NA
NA
NA
NA
NA
NA
NA
NA
NA
NA
NA
NA
NA
NA
NA
NA
NA
NA
NA
NA
NA
NA
NA
NA
NA
NA
NA
NA
NA
NA
NA
NA
NA
NA
NA
NA
NA
NA
NA
NA
NA
NA
NA
NA
NA
NA
NA
NA
NA
NA
NA
NA
NA
NA
NA
NA
NA
NA
NA
NA
NA
NA
NA
NA
NA
NA
NA
NA
NA
NA
NA
NA
NA
NA
NA
NA
NA
NA
NA
NA
NA
NA
NA
NA
NA
NA
NA
NA
NA
NA
NA
NA
NA
NA
NA
NA
NA
NA
NA
NA
NA
NA
NA
NA
NA
NA
NA
NA
NA
NA
NA
NA
NA
NA
NA
NA
NA
NA
NA
NA
NA
NA
NA
NA
NA
NA
NA
NA
NA
NA
NA
NA
NA
NA
NA
NA
NA
NA
NA
NA
NA
NA
NA
NA
NA
NA
NA
NA
NA
NA
NA
NA
NA
NA
NA
NA
NA
NA
NA
NA
NA
NA
NA
NA
NA
NA
NA
NA
NA
NA
NA
NA
NA
NA
NA
NA
NA
NA
NA
NA
NA
NA
NA
NA
NA
NA
NA
NA
NA
NA
NA
NA
NA
NA
NA
NA
NA
NA
NA
NA
NA
NA
NA
NA
NA
NA
NA
NA
NA
NA
NA
NA
NA
NA
NA
NA
NA
NA
NA
NA
NA
NA
NA
NA
NA
NA
NA
NA
NA
NA
NA
NA
NA
NA
NA
NA
NA
NA
NA
NA
NA
NA
NA
NA
NA
NA
NA
NA
NA
NA
NA
NA
NA
NA
NA
NA
NA
NA
NA
NA
NA
NA
NA
NA
NA
NA
NA
NA
NA
NA
NA
NA
NA
NA
NA
NA
NA
NA
NA
NA
NA
NA
NA
NA
NA
NA
NA
NA
NA
NA
NA
NA
NA
NA
NA
NA
NA
NA
NA
NA
NA
NA
NA
NA
NA
NA
NA
NA
NA
NA
NA
NA
NA
NA
NA
NA
NA
NA
NA
NA
NA
NA
NA
NA
NA
NA
NA
NA
NA
NA
NA
NA
NA
NA
NA
NA
NA
NA
NA
NA
NA
NA
NA
NA
NA
NA
NA
NA
NA
NA
NA
NA
NA
NA
NA
NA
NA
NA
NA
NA
NA
NA
NA
NA
NA
NA
NA
NA
NA
NA
NA
NA
NA
NA
NA
NA
NA
NA
NA
NA
NA
NA
NA
NA
NA
NA
NA
NA
NA
NA
NA
NA
NA
NA
NA
NA
NA
NA
NA
NA
NA
NA
NA
NA
NA
NA
NA
NA
NA
NA
NA
NA
NA
NA
NA
NA
NA
NA
NA
NA
NA
NA
NA
NA
NA
NA
NA
NA
NA
NA
NA
NA
NA
NA
NA
NA
NA
NA
NA
NA
NA
NA
NA
NA
NA
NA
NA
NA
NA
NA
NA
NA
NA
NA
NA
NA
NA
NA
NA
NA
NA
NA
NA
NA
NA
NA
NA
NA
NA
NA
NA
NA
NA
NA
NA
NA
NA
NA
NA
NA
NA
NA
NA
NA
NA
NA
NA
NA
NA
NA
NA
NA
NA
NA
NA
NA
NA
NA
NA
NA
NA
NA
NA
NA
NA
NA
NA
NA
NA
NA
NA
NA
NA
NA
NA
NA
NA
NA
NA
NA
NA
NA
NA
NA
NA
NA
NA
NA
NA
NA
NA
NA
NA
NA
NA
NA
NA
NA
NA
NA
NA
NA
NA
NA
NA
NA
NA
NA
NA
NA
NA
NA
NA
NA
NA
NA
NA
NA
NA
NA
NA
NA
NA
NA
NA
NA
NA
NA
NA
NA
NA
NA
NA
NA
NA
NA
NA
NA
NA
NA
NA
NA
NA
NA
NA
NA
NA
NA
NA
NA
NA
NA
NA
NA
NA
NA
NA
NA
NA
NA
NA
NA
NA
NA
NA
NA
NA
NA
NA
NA
NA
NA
NA
NA
NA
NA
NA
NA
NA
NA
NA
NA
NA
NA
NA
NA
NA
NA
NA
NA
NA
NA
NA
NA
NA
NA
NA
NA
NA
NA
NA
NA
NA
NA
NA
NA
NA
NA
NA
NA
NA
NA
NA
NA
NA
NA
NA
NA
NA
NA
NA
NA
NA
NA
NA
NA
NA
NA
NA
NA
NA
NA
NA
NA
NA
NA
NA
NA
NA
NA
NA
NA
NA
NA
NA
NA
NA
NA
NA
NA
NA
NA
NA
NA
NA
NA
NA
NA
NA
NA
NA
NA
NA
NA
NA
NA
NA
NA
NA
NA
NA
NA
NA
NA
NA
NA
NA
NA
NA
NA
NA
NA
NA
NA
NA
NA
NA
NA
NA
NA
NA
NA
NA
NA
NA
NA
NA
NA
NA
NA
NA
NA
NA
NA
NA
NA
NA
NA
NA
NA
NA
NA
NA
NA
NA
NA
NA
NA
NA
NA
NA
NA
NA
NA
NA
NA
NA
NA
NA
NA
NA
NA
NA
NA
NA
NA
NA
NA
NA
NA
NA
NA
NA
NA
NA
NA
NA
NA
NA
NA
NA
NA
NA
NA
NA
NA
NA
NA
NA
NA
NA
NA
NA
NA
NA
NA
NA
NA
NA
NA
NA
NA
NA
NA
NA
NA
NA
NA
NA
NA
NA
NA
NA
NA
NA
NA
NA
NA
NA
NA
NA
NA
NA
NA
NA
NA
NA
NA
NA
NA
NA
NA
NA
NA
NA
NA
NA
NA
NA
NA
NA
NA
NA
NA
NA
NA
NA
NA
NA
NA
NA
NA
NA
NA
NA
NA
NA
NA
NA
NA
NA
NA
NA
NA
NA
NA
NA
NA
NA
NA
NA
NA
NA
NA
NA
NA
NA
NA
NA
NA
NA
NA
NA
NA
NA
NA
NA
NA
NA
NA
NA
NA
NA
NA
NA
NA
NA
NA
NA
NA
NA
NA
NA
NA
NA
NA
NA
NA
NA
NA
NA
NA
NA
NA
NA
NA
NA
NA
NA
NA
NA
NA
NA
NA
NA
NA
NA
NA
NA
NA
NA
NA
NA
NA
NA
NA
NA
NA
NA
NA
NA
NA
NA
NA
NA
NA
NA
NA
NA
NA
NA
NA
NA
NA
NA
NA
NA
NA
NA
NA
NA
NA
NA
NA
NA
NA
NA
NA
NA
NA
NA
NA
NA
NA
NA
NA
NA
NA
NA
NA
NA
NA
NA
NA
NA
NA
NA
NA
NA
NA
NA
NA
NA
NA
NA
NA
NA
NA
NA
NA
NA
NA
NA
NA
NA
NA
NA
NA
NA
NA
NA
NA
NA
NA
NA
NA
NA
NA
NA
NA
NA
NA
NA
NA
NA
NA
NA
NA
NA
NA
NA
NA
NA
NA
NA
NA
NA
NA
NA
NA
NA
NA
NA
NA
NA
NA
NA
NA
NA
NA
NA
NA
NA
NA
NA
NA
NA
NA
NA
NA
NA
NA
NA
NA
NA
NA
NA
NA
NA
NA
NA
NA
NA
NA
NA
NA
NA
NA
NA
NA
NA
NA
NA
NA
NA
NA
NA
NA
NA
NA
NA
NA
NA
NA
NA
NA
NA
NA
NA
NA
NA
NA
NA
NA
NA
NA
NA
NA
NA
NA
NA
NA
NA
NA
NA
NA
NA
NA
NA
NA
NA
NA
NA
NA
NA
NA
NA
NA
NA
NA
NA
NA
NA
NA
NA
NA
NA
NA
NA
NA
NA
NA
NA
NA
NA
NA
NA
NA
NA
NA
NA
NA
NA
NA
NA
NA
NA
NA
NA
NA
NA
NA
NA
NA
NA
NA
NA
NA
NA
NA
NA
NA
NA
NA
NA
NA
NA
NA
NA
NA
NA
NA
NA
NA
NA
NA
NA
NA
NA
NA
NA
NA
NA
NA
NA
NA
NA
NA
NA
NA
NA
NA
NA
NA
NA
NA
NA
NA
NA
NA
NA
NA
NA
NA
NA
NA
NA
NA
NA
NA
NA
NA
NA
NA
NA
NA
NA
NA
NA
NA
NA
NA
NA
NA
NA
NA
NA
NA
NA
NA
NA
NA
NA
NA
NA
NA
NA
NA
NA
NA
NA
NA
NA
NA
NA
NA
NA
NA
NA
NA
NA
NA
NA
NA
NA
NA
NA
NA
NA
NA
NA
NA
NA
NA
NA
NA
NA
NA
NA
NA
NA
NA
NA
NA
NA
NA
NA
NA
NA
NA
NA
NA
NA
NA
NA
NA
NA
NA
NA
NA
NA
NA
NA
NA
NA
NA
NA
NA
NA
NA
NA
NA
NA
NA
NA
NA
NA
NA
NA
NA
NA
NA
NA
NA
NA
NA
NA
NA
NA
NA
NA
NA
NA
NA
NA
NA
NA
NA
NA
NA
NA
NA
NA
NA
NA
NA
NA
NA
NA
NA
NA
NA
NA
NA
0.3857
0.4384
0.6174
0.561
0.6914
0.5909
0.2717
0.3976
0.9008
0.4965
0.587
0.2708
0.6232
0.3799
0.4938
0.9231
0.352
0.6013
0.5192
0.4891
0.3515
0.7281
0.5671
0.5405
0.517
0.4249
0.4968
0.3632
0.5676
0.7234
0.6111
0.7754
0.6268
0.5846
0.3469
0.5266
0.3203
0.4277
0.426
0.6271
0.3595
0.5468
0.4343
0.5817
0.4476
0.5568
0.6376
0.5
0.4881
0.3827
0.4793
0.6026
0.7222
0.5912
0.2971
0.4932
0.3889
0.7163
0.5488
0.4898
0.5804
0.6623
0.5119
0.6519
0.4675
0.3873
0.5556
0.3949
0.4438
0.6136
0.3841
0.4182
0.4964
0.4875
0.5233
0.5159
0.4096
0.3916
0.4079
0.4438
0.4797
0.4038
0.4759
0.5986
0.4471
0.4241
0.4678
0.6667
0.7895
1.1395
0.6815
0.519
0.4132
0.5931
0.4145
0.4562
0.5212
0.4581
0.6395
0.854
0.3512
0.4051
0.4894
0.5065
0.4271
0.4433
0.6084
0.6446
0.4731
0.6543
0.5806
1
0.4923
0.6429
0.6641
0.5188
0.6963
0.3131
0.6439
0.5725
0.5099
0.5374
0.6364
0.4368
0.506
0.5959
0.3394
0.2632
0.5309
0.5407
0.689
0.44
0.5333
0.5634
0.6149
0.6178
0.3235
0.3841
0.4052
0.6158
0.544
0.5617
0.5345
0.3494
0.4684
0.5547
0.6124
0.3676
0.697
0.5
0.651
0.5793
0.7297
0.5238
0.6093
0.5602
0.4762
0.3543
0.8116
0.5722
0.7656
0.3373
0.6377
0.881
0.3896
0.3471
0.3608
0.3946
0.6269
0.5612
0.3846
0.5166
0.6962
0.2623
0.2857
0.4062
0.8504
0.5563
0.6077
0.5183
0.6596
0.6098
0.6194
0.4699
0.7698
0.6899
0.6377
0.3856
0.5672
0.4737
0.8794
0.4201
0.6832
0.5577
0.5809
0.4452
0.3033
0.5364
0.4875
0.6471
0.4631
0.2824
0.4444
0.7626
0.4671
0.44
0.825
0.3916
0.4795
0.2312
0.4027
0.5068
0.4247
0.4937
0.4096
0.5432
0.5556
0.3038
0.5625
0.5882
0.546
0.6181
0.3682
0.366
0.5385
0.5368
0.8051
0.4833
0.5163
0.4356
0.4221
0.4138
0.4503
0.6438
0.5256
0.5767
0.5119
0.4217
0.3464
0.4362
0.4012
0.3333
0.6821
0.3832
0.512
0.5238
0.8601
0.4793
0.5325
0.4235
0.7867
0.4128
0.6544
0.4272
0.5031
0.6901
0.4214
0.4471
0.7941
0.5455
0.5146
0.4238
0.5161
0.4645
0.5441
0.6026
0.5679
0.4195
0.3822
0.5603
0.3595
0.45
0.4812
0.4481
0.5812
0.4312
0.3988
0.6524
0.4424
0.426
0.6667
0.4564
0.3394
0.6815
0.7483
0.6168
0.4444
0.44
0.4744
0.3678
0.56
0.5778
0.7545
0.8785
0.3922
0.3801
0.521
0.3526
0.3369
0.3427
0.4607
0.5282
0.478
0.3763
0.3631
0.7703
0.4682
0.6587
0.5417
0.5152
0.6335
0.2877
0.5874
0.5071
0.6715
0.3616
0.5455
0.3141
0.6051
0.6438
0.4059
0.4812
0.7609
0.7453
0.4149
0.2941
0.4551
0.5411
0.5379
0.7231
0.4691
0.698
0.5029
0.5644
0.7293
0.4649
0.2973
0.6908
0.561
0.4286
0.3711
0.5338
0.415
0.5102
0.4367
0.3011
0.4259
0.698
0.3372
0.6024
0.585
0.3716
0.4485
0.4678
0.4392
0.4268
0.5789
0.4935
0.4872
0.7097
0.4854
0.3301
0.7542
0.4601
0.365
0.6159
0.7966
0.5
0.5152
0.7883
0.4885
0.5185
0.4463
0.483
0.4826
0.5
0.6618
0.3967
0.6241
0.4621
0.6258
0.7333
0.3114
0.3923
0.4892
0.3758
0.2019
0.4036
0.7737
0.5894
0.5226
0.5366
0.7384
0.4158
0.5683
0.6866
0.6463
0.5294
0.6271
0.4304
0.5
0.3439
0.4024
0.4074
0.4
0.7426
0.6453
0.6138
0.5235
0.5793
0.4424
0.5614
0.7206
0.4939
0.6301
0.5449
0.4556
0.36
0.3875
0.4867
0.7087
0.9197
0.6294
0.5909
0.4906
0.6316
0.7589
0.669
0.4828
0.5
0.3011
0.461
0.5172
0.2822
0.4458
0.3481
0.6383
0.4596
0.6824
0.75
0.5987
0.6335
0.3987
0.4649
0.4767
0.5316
0.2528
0.6331
0.4205
0.6573
0.3486
0.4268
0.5148
0.4044
0.451
1.0741
0.6974
0.5772
0.7034
0.6893
0.3791
0.4528
0.6259
0.5839
0.7154
0.6259
0.5867
0.6541
0.75
0.637
0.5946
0.7
0.4615
0.5442
0.7931
0.5797
0.2686
0.4724
1.0088
0.3556
0.3273
0.7874
0.4025
0.2667
0.5705
0.4834
0.4759
0.28
0.6216
0.5986
0.5
0.5266
0.4301
0.4771
0.7546
0.3395
0.3989
0.4615
0.4916
0.8252
0.5871
0.3973
0.4695
0.6096
0.326
0.3795
0.912
0.6641
0.5484
0.3333
0.5621
0.6906
0.4088
0.5143
0.481
0.4625
0.3389
0.5
0.539
0.3439
0.5976
0.4599
0.8594
0.5765
0.5511
0.5987
0.3391
0.3516
0.515
0.5035
0.7532
0.7039
0.6016
0.561
0.6414
0.4943
0.4798
0.6986
0.7279
0.4118
0.3616
0.5221
0.3964
0.5956
0.7643
0.8083
0.9922
0.55
0.4767
0.6875
0.5696
0.4971
0.4172
0.3693
0.4615
0.3804
0.6345
0.3312
0.2577
0.3836
0.4968
0.4679
0.5673
0.2781
0.4336
0.5503
0.5061
0.6358
0.4933
0.6835
0.5361
0.3875
0.5306
0.5833
0.4545
0.4936
0.4706
0.916
0.7917
0.3723
0.3966
0.5
0.6688
0.3571
0.487
0.539
0.4695
0.5783
0.3137
0.314
0.3765
0.4667
0.9281
0.386
0.6439
0.3558
0.5311
0.7463
0.5316
0.5353
0.5802
0.5223
0.5135
0.3777
0.4531
0.7451
0.4727
0.6194
0.5776
0.4819
0.427
0.3313
0.6081
0.719
0.45
0.4222
0.4038
0.4777
0.3842
0.6617
0.4375
0.6948
0.4326
0.5
0.5
0.4438
0.4437
0.4103
0.4121
0.5597
0.7681
0.5143
0.3976
0.4667
0.5033
0.5168
0.4631
0.3822
0.4489
0.7481
0.5979
0.4107
0.5304
0.5479
0.396
0.2688
0.5789
0.3892
0.5357
0.7742
0.3804
0.8065
0.7014
0.6458
0.4487
0.4611
0.4857
0.3057
0.4479
0.3911
0.6242
0.4577
0.355
0.4328
0.4013
0.6376
0.4706
0.6483
0.5752
0.5215
0.4663
0.2711
0.589
0.3451
0.6594
0.441
0.4178
0.3681
0.4405
0.5097
0.5926
0.3455
0.531
0.4489
0.5642
0.3953
0.5092
0.6765
0.4734
0.3571
0.369
0.68
0.6992
0.5833
0.4667
0.6053
0.4276
0.2523
0.4491
0.8041
0.5476
0.6879
0.4214
0.299
0.3838
0.4392
0.3103
0.4675
0.2816
0.7571
0.5066
0.4375
0.4521
0.5752
0.6
0.5172
0.7329
0.5438
0.7133
0.3913
0.3317
0.3861
0.6333
0.3913
0.4371
0.3592
0.5405
0.2524
0.5031
0.5168
0.4458
0.471
0.4911
0.4211
0.6289
0.6643
0.4237
0.5422
0.6164
0.4875
0.717
0.8829
0.5
0.539
0.6101
0.4268
0.5125
0.7656
0.5312
0.4651
0.4626
0.5697
0.3226
0.5077
0.4444
0.3107
0.3687
0.4877
0.4654
0.438
0.5227
0.4773
0.6458
1.2105
0.4078
0.465
0.4529
0.4971
0.4519
0.669
0.8968
0.5427
0.5058
0.5563
0.3728
0.5449
0.5099
0.4118
0.6541
0.2973
0.5321
0.5414
0.4162
0.4907
0.3086
0.3977
0.5605
0.3966
0.5652
0.3333
0.5119
0.7581
0.7174
0.6207
0.3616
0.582
0.6282
0.3764
0.4393
0.4044
0.4207
0.5324
0.6296
0.3216
0.4783
0.4326
0.3614
0.539
0.5676
0.5427
0.5267
0.5
0.675
0.6226
0.3391
0.7365
0.5479
0.3476
0.554
0.6143
0.695
0.5556
0.5057
0.4451
0.3846
0.6014
0.5163
0.4809
0.6093
0.5449
0.5106
0.4248
0.6929
0.4464
0.5762
0.5447
0.5608
0.4367
0.3049
0.585
0.3704
0.5679
0.6486
0.3519
0.4057
0.3014
0.5123
0.4759
0.4172
0.6714
0.4895
0.5127
0.4188
0.6029
0.5548
0.256
0.461
0.5782
0.497
0.5298
0.477
0.7214
0.4286
0.4336
0.8881
0.3618
0.5359
0.4043
0.4967
1.1721
0.6479
0.6783
0.5688
0.5385
0.488
0.6429
0.6934
0.2965
0.5097
0.4474
0.6061
0.4571
0.3926
0.3478
0.4387
0.2887
0.4417
0.6774
0.6667
0.62
0.3242
0.5663
0.5233
0.6107
0.6308
0.3975
0.527
0.5215
0.6556
0.4233
0.4059
0.5417
0.7432
0.7045
0.4156
0.3405
0.4636
0.5952
0.4162
0.3413
0.3576
0.3835
0.4211
0.4561
0.5507
0.375
0.9104
0.5602
0.6304
0.5294
0.4424
0.3907
0.4935
0.2579
0.8636
0.2642
0.284
0.537
0.4634
0.503
0.4748
0.6306
0.3743
0.3043
0.5325
0.4938
0.806
0.4645
0.4641
0.3711
0.6641
0.3141
0.5235
0.5287
0.5963
0.6593
0.4419
0.7
0.3859
0.4388
0.4305
0.55
0.5897
0.5845
0.6412
0.3906
0.5315
0.713
0.369
0.4109
0.5875
0.4819
0.2857
0.3145
0.4663
0.3939
0.4892
0.6058
0.6853
0.4038
0.637
0.5245
0.5621
0.2597
0.7353
0.775
0.5
0.2576
0.5789
0.4573
0.5347
0.3476
0.6536
0.746
0.6575
0.4764
0.7179
0.5782
0.2921
0.557
0.5203
0.4286
0.3164
0.5549
0.5
0.6929
0.377
0.5597
0.462
0.4774
0.3741
0.3537
0.604
0.4451
0.4691
0.2438
0.1576
0.4458
0.7769
0.2979
0.4275
0.2188
0.471
0.2961
0.3333
0.7972
0.3631
0.4837
0.4936
0.3796
0.2934
0.5877
0.4634
0.3649
0.2703
0.2462
0.3038
0.2708
0.4459
0.5177
0.3611
0.6159
0.4296
0.4692
0.2789
0.3824
0.1494
0.3188
0.3314
0.4576
0.2645
0.3741
0.2514
0.3725
0.3916
0.2556
0.4133
0.4333
0.2189
0.2547
0.3728
0.4872
0.5794
0.5766
0.2343
0.3699
0.2111
0.5248
0.4451
0.4354
0.4406
0.4224
0.4345
0.4667
0.1882
0.3642
0.2549
0.3885
0.3966
0.4091
0.2683
0.2303
0.4599
0.475
0.3953
0.3503
0.3735
0.2892
0.3947
0.3728
0.3243
0.2516
0.3103
0.5374
0.3235
0.3608
0.3626
0.5122
0.5789
1
0.586
0.4367
0.2395
0.3931
0.2697
0.3
0.3818
0.2155
0.3793
0.6423
0.2308
0.2911
0.3475
0.3442
0.3116
0.2615
0.512
0.5455
0.4192
0.5062
0.3871
0.7581
0.3615
0.5226
0.5115
0.3168
0.3986
0.204
0.5455
0.4071
0.3311
0.4459
0.526
0.3146
0.3512
0.4589
0.2545
0.0933
0.3889
0.3779
0.5
0.345
0.4133
0.5352
0.5135
0.4713
0.1686
0.2357
0.3007
0.3672
0.3462
0.2601
0.358
0.2202
0.3734
0.3
0.4031
0.2703
0.5379
0.3267
0.4899
0.469
0.5878
0.4354
0.5033
0.345
0.3333
0.2102
0.5108
0.3722
0.5156
0.2749
0.4855
0.6063
0.2662
0.2588
0.2625
0.2486
0.4328
0.4245
0.3782
0.4768
0.4969
0.2022
0.1753
0.2562
0.6457
0.4126
0.4923
0.3822
0.5532
0.5366
0.5075
0.256
0.619
0.4961
0.5217
0.25
0.2409
0.3548
0.6738
0.2485
0.4847
0.4487
0.3942
0.4041
0.2028
0.4437
0.3312
0.5425
0.2434
0.2093
0.2372
0.4354
0.2976
0.396
0.4
0.253
0.386
0.1828
0.2886
0.4589
0.3288
0.4494
0.3085
0.3497
0.4741
0.1975
0.375
0.4265
0.3926
0.5
0.276
0.268
0.3964
0.4526
0.661
0.388
0.3442
0.3313
0.1875
0.2841
0.3392
0.5312
0.4551
0.259
0.4167
0.2635
0.2905
0.3087
0.1953
0.2485
0.2422
0.2529
0.4518
0.3087
0.5479
0.3176
0.568
0.2353
0.6533
0.2542
0.3824
0.2864
0.4025
0.4327
0.3082
0.2765
0.4
0.4126
0.3918
0.3113
0.3548
0.4065
0.5147
0.5033
0.4321
0.2473
0.3439
0.4752
0.2372
0.3429
0.311
0.2951
0.4688
0.2284
0.289
0.439
0.2339
0.3669
0.3068
0.2645
0.211
0.4717
0.5714
0.5389
0.3137
0.32
0.2785
0.2759
0.4667
0.4745
0.6108
0.5514
0.3464
0.269
0.4731
0.2166
0.2299
0.2488
0.3371
0.4507
0.2893
0.328
0.2426
0.5033
0.4046
0.5397
0.3681
0.4303
0.4479
0.2783
0.4122
0.4929
0.413
0.2655
0.3697
0.2199
0.4557
0.4178
0.2765
0.4135
0.5435
0.5432
0.2979
0.1805
0.1737
0.4
0.3586
0.6692
0.3436
0.5705
0.3584
0.3515
0.6992
0.2593
0.173
0.5197
0.2909
0.2514
0.3396
0.36
0.3401
0.3716
0.3145
0.2614
0.358
0.6107
0.1638
0.3952
0.3946
0.2678
0.3152
0.4269
0.3514
0.087
0.3158
0.3571
0.4487
0.5403
0.3738
0.2028
0.7288
0.3497
0.32
0.4834
0.5847
0.3701
0.4157
0.7591
0.3068
0.4444
0.324
0.3409
0.2965
0.2609
0.4357
0.288
0.4056
0.2782
0.471
0.4098
0.1737
0.232
0.3656
0.2803
0.11
0.2952
0.6788
0.4437
0.3419
0.4909
0.6279
0.2574
0.4388
0.6343
0.5918
0.3791
0.4576
0.3354
0.3018
0.2328
0.2485
0.3642
0.3419
0.6324
0.5145
0.4276
0.4118
0.3931
0.3758
0.386
0.5662
0.372
0.4589
0.3588
0.2367
0.2667
0.2938
0.3553
0.4961
0.8175
0.4545
0.487
0.3711
0.4211
0.5177
0.507
0.3257
0.3286
0.1833
0.4184
0.3563
0.2475
0.3072
0.2265
0.3933
0.4472
0.4527
0.6143
0.3375
0.4472
0.3072
0.3459
0.3938
0.4873
0.267
0.3636
0.3466
0.3793
0.2172
0.3503
0.3294
0.28
0.2452
0.7315
0.4474
0.4467
0.4967
0.5424
0.2912
0.3774
0.4626
0.3704
0.4923
0.4388
0.4267
0.5865
0.4851
0.3691
0.4054
0.6143
0.3397
0.4014
0.6345
0.3237
0.2686
0.4085
0.8053
0.237
0.2121
0.5039
0.2298
0.1905
0.44
0.3709
0.3586
0.2
0.527
0.4354
0.3375
0.4201
0.3196
0.2941
0.6012
0.2963
0.3617
0.3172
0.3226
0.449
0.4103
0.2877
0.3163
0.3356
0.2486
0.2308
0.6349
0.3731
0.3846
0.2126
0.3922
0.554
0.2873
0.4914
0.4114
0.3292
0.2143
0.3961
0.4805
0.2675
0.4524
0.3262
0.6202
0.3529
0.4091
0.3766
0.2184
0.3022
0.2865
0.4266
0.5949
0.5724
0.4472
0.4146
0.4138
0.3559
0.3353
0.5959
0.5255
0.2151
0.2881
0.4265
0.2207
0.4926
0.5461
0.7417
0.9219
0.4688
0.3256
0.4161
0.3481
0.341
0.3179
0.1966
0.2778
0.3006
0.4897
0.2166
0.1538
0.3899
0.3822
0.3205
0.3743
0.2394
0.3846
0.36
0.3537
0.5
0.42
0.5612
0.401
0.2262
0.415
0.3861
0.3409
0.4231
0.3856
0.687
0.4694
0.1895
0.3966
0.4128
0.4875
0.3297
0.3377
0.4043
0.2744
0.3976
0.1667
0.1981
0.2398
0.38
0.8201
0.1871
0.4773
0.2485
0.3446
0.4889
0.3924
0.4706
0.4233
0.2911
0.4662
0.2135
0.3402
0.4516
0.4606
0.3548
0.4099
0.3675
0.3483
0.247
0.3986
0.7025
0.3375
0.2889
0.3269
0.5229
0.2486
0.4211
0.3182
0.5032
0.3146
0.3207
0.3908
0.3562
0.245
0.2821
0.3576
0.3657
0.5
0.4571
0.247
0.3333
0.2987
0.298
0.3087
0.3631
0.2898
0.5725
0.3069
0.3036
0.4144
0.3562
0.3663
0.225
0.4327
0.3293
0.3393
0.648
0.2683
0.5806
0.4306
0.5278
0.3141
0.4142
0.3571
0.2081
0.3562
0.3017
0.4133
0.3288
0.2294
0.2647
0.3158
0.4295
0.2674
0.4694
0.3205
0.454
0.3202
0.1988
0.4589
0.2254
0.4275
0.2593
0.3562
0.2912
0.0645
0.3226
0.455
0.2061
0.4138
0.3693
0.4302
0.2791
0.5337
0.5588
0.3314
0.3265
0.2353
0.4297
0.5338
0.4438
0.2264
0.3684
0.269
0.1927
0.3054
0.5473
0.2588
0.6127
0.1677
0.2526
0.2703
0.2635
0.2356
0.3226
0.2011
0.6429
0.4474
0.3011
0.3421
0.4118
0.4533
0.3793
0.5616
0.4188
0.5667
0.2938
0.3218
0.2785
0.4737
0.2831
0.2339
0.2449
0.2973
0.1517
0.3836
0.4333
0.2798
0.2788
0.3905
0.2842
0.5346
0.5385
0.2582
0.4819
0.4658
0.2963
0.5409
0.5526
0.4203
0.474
0.478
0.3049
0.4188
0.5703
0.4188
0.3206
0.3289
0.4121
0.2043
0.3385
0.3137
0.2316
0.2794
0.3457
0.3312
0.3066
0.3158
0.3295
0.5069
1.0088
0.2652
0.2981
0.3353
0.3931
0.3333
0.5172
0.7032
0.0559
0.3953
0.3592
0.2071
0.3354
0.4172
0.3399
0.4662
0.2162
0.4873
0.3885
0.2373
0.362
0.2469
0.2558
0.414
0.2989
0.3478
0.1684
0.4142
0.5806
0.4397
0.4483
0.3616
0.3821
0.3439
0.2528
0.289
0.2426
0.372
0.3597
0.5037
0.2211
0.2778
0.2753
0.25
0.3169
0.3919
0.4329
0.4467
0.5352
0.45
0.4025
0.2034
0.527
0.4589
0.3598
0.4029
0.5571
0.5745
0.4118
0.4091
0.3537
0.3901
0.4662
0.3856
0.2842
0.4172
0.4551
0.4752
0.3399
0.507
0.3452
0.4305
0.3871
0.3716
0.2785
0.1976
0.4286
0.3175
0.358
0.3851
0.25
0.1648
0.1849
0.4321
0.3583
0.3354
0.4714
0.4266
0.4937
0.4
0.3796
0.4863
0.1635
0.3636
0.415
0.3523
0.3882
0.3563
0.45
0.2378
0.3007
0.5448
0.25
0.4052
0.3617
0.3974
0.9836
0.5845
0.4722
0.4125
0.3964
0.2771
0.5179
0.5985
0.2442
0.3548
0.2251
0.4121
0.2786
0.3436
0.2174
0.2903
0.2835
0.297
0.4968
0.497
0.4
0.2363
0.4458
0.4709
0.3893
0.4198
0.3416
0.4054
0.4294
0.5099
0.2994
0.2412
0.3869
0.5497
0.5739
0.3766
0.2216
0.2484
0.3905
0.2629
0.2335
0.2914
0.3301
0.3333
0.2733
0.35
0.2917
0.7239
0.4337
0.4203
0.2727
0.2788
0.3444
0.3247
0.1263
0.75
0.1969
0.1813
0.4012
0.247
0.3293
0.2624
0.5159
0.2632
0.3043
0.4487
0.3951
0.6618
0.3141
0.242
0.2767
0.4504
0.3246
0.1698
0.414
0.4596
0.3404
0.3488
0.4648
0.3098
0.3094
0.3408
0.4071
0.4076
0.4452
0.5
0.2865
0.3357
0.4741
0.2674
0.2673
0.2927
0.289
0.2174
0.2393
0.2822
0.297
0.3165
0.4745
0.5105
0.205
0.4384
0.3986
0.3182
0.1793
0.4338
0.5691
0.3129
0.1508
0.5197
0.3333
0.3667
0.2909
0.6144
0.6063
0.4726
0.3979
0.5299
0.4694
0.2727
0.3987
0.3986
0.3265
0.2235
0.4104
0.3373
0.5669
0.1969
0.403
0.3699
0.3419
0.2806
0.3197
0.0691
0.3963
0.4877
0.4026
0.1522
0.2917
0.7438
0.0968
0.4493
0.1667
0.3841
0.3464
0.3333
0.6713
0.3017
0.1011
0.5192
0.3285
0.2216
0.5439
0.4024
0.4189
0.2635
0.2513
0.0914
0.0529
0.4257
0.539
0.3056
0.6187
0.3732
0.4615
0.0974
0.3198
0.1494
0.3585
0.2899
0.4463
0.0536
0.0867
0.2743
0.0769
0.2867
0.1089
0.3289
0.4267
0.2544
0.2147
0.3314
0.4395
0.5873
0.4855
0.1829
0.3356
0.1989
0.5211
0.4121
0.3673
0.4615
0.2963
0.3095
0.4148
0.1941
0.3526
0.0482
0.2956
0.3464
0.4261
0.2927
0.2667
0.3551
0.2988
0.0895
0.3503
0.1
0.3012
0.3224
0.3018
0.1355
0.2453
0.1645
0.4694
0.3412
0.2342
0.2373
0.6179
0.5592
1.0388
0.5223
0.358
0.2754
0.4207
0.3289
0.35
0.3576
0.2376
0.3391
0.6788
0.213
0.2975
0.0833
0.0819
0.0594
0.2284
0.4759
0.5868
0.3353
0.5062
0.3806
0.4779
0.3206
0.0479
0.447
0.3665
0.3913
0.1194
0.5152
0.4071
0.0882
0.3691
0.0365
0.2921
0.3036
0.4178
0.2289
0.0615
0.3827
0.343
0.4634
0.199
0.0819
0.5
0.5135
0.4522
0.1628
0.3311
0.3595
0.3729
0.1256
0.2139
0.3352
0.2275
0.2308
0.0699
0.3643
0.2919
0.0784
0.3133
0.5302
0.2583
0.4595
0.3758
0.5099
0.2791
0.3537
0.1761
0.0828
0.4111
0.4141
0.2456
0.3986
0.5635
0.2143
0.2281
0.1358
0.2595
0.5075
0.4317
0.2244
0.404
0.4356
0.1967
0.0864
0.2312
0.6562
0.3636
0.4923
0.0369
0.3605
0.4939
0.3955
0.2349
0.4848
0.4651
0.5145
0.0765
0.3657
0.0588
0.4897
0.1897
0.5092
0.3526
0.5662
0.3767
0.1831
0.3907
0.375
0.451
0.2434
0.1706
0.0882
0.5827
0.2738
0.4094
0.432
0.0682
0.3275
0.1559
0.2617
0.4178
0.363
0.3797
0.2979
0.0973
0.4444
0.2532
0.0556
0.4234
0.3558
0.411
0.2534
0.3137
0.3905
0.4412
0.5508
0.0837
0.0971
0.0562
0.2
0.0876
0.1573
0.4812
0.0698
0.241
0.2697
0.2814
0.2346
0.0898
0.2604
0.2424
0.2733
0.2353
0.1705
0.1159
0.1053
0.3059
0.4386
0.0489
0.4867
0.0471
0.4265
0.2961
0.0391
0.4269
0.2704
0.2529
0.3929
0.3217
0.3372
0.2848
0.096
0.3871
0.4632
0.1034
0.0484
0.2418
0.2994
0.4468
0.2516
0.2786
0.2927
0.2732
0.0383
0.2222
0.2659
0.5061
0.2023
0.0486
0.4815
0.1576
0.2339
0.0464
0.3871
0.509
0.3595
0.0424
0.3418
0.2356
0.4667
0.4779
0.0531
0.4299
0.2236
0.2865
0.4072
0.3013
0.2513
0.23
0.2514
0.3451
0.2642
0.3226
0.2619
0.6284
0.0576
0.4683
0.3129
0.3818
0.4348
0.2406
0.4324
0.2333
0.4275
0.2486
0.3091
0.2565
0.4713
0.4521
0.2765
0.4135
0.4783
0.463
0.1429
0.1512
0.178
0.36
0.3931
0.1053
0.3436
0.4966
0.0606
0.4172
0.6692
0.2698
0.1514
0.4671
0.0919
0.2743
0.327
0.0867
0.2416
0.25
0.3208
0.1629
0.3252
0.5503
0.0765
0.3434
0.483
0.2514
0.0789
0.0825
0.3041
0.0435
0.3209
0.2774
0.0629
0.4919
0.3155
0.1981
0.7034
0.0707
0.2079
0.4671
0.541
0.0809
0.4217
0.6058
0.36
0.3765
0.0674
0.3409
0.0564
0.0503
0.0864
0.288
0.4266
0.0476
0.4129
0.6083
0.125
0.2099
0.2849
0.3312
0.1005
0.3012
0.0893
0.096
0.3742
0.497
0.5257
0.2277
0.4604
0.1465
0.0585
0.0694
0.4802
0.0517
0.0538
0.2751
0.2182
0.3889
0.2581
0.6103
0.5814
0.4069
0.0412
0.4069
0.3576
0.3392
0.4234
0.3659
0.443
0.4118
0.2485
0.0595
0.3062
0.3355
0.0833
0.7226
0.4545
0.3377
0.0611
0.4145
0.5603
0.4366
0.3429
0.3286
0.1444
0.4397
0.431
0.1675
0.2651
0.2044
0.5248
0.0847
0.473
0.55
0.3082
0.441
0.3007
0.2919
0.0685
0.4114
0.1593
0.1006
0.2416
0.4375
0.2262
0.3631
0.3647
0.2311
0.2645
0.8426
0.5066
0.42
0.4106
0.3817
0.2158
0.3522
0.4626
0.4534
0.5154
0.3448
0.4867
0.5414
0.6045
0.3624
0.3108
0.5034
0.2375
0.3741
0.0457
0.3165
0.2743
0.3841
0.7699
0.2444
0.2242
0.5118
0.0647
0.1845
0.4765
0.0526
0.3586
0.195
0.5338
0.3691
0.3438
0.3077
0.203
0.3072
0.5951
0.1111
0.3032
0.2345
0.291
0.4558
0.4194
0.2945
0.3442
0.3423
0.2762
0.1824
0.6032
0.4254
0.4167
0.0934
0.3725
0.5899
0.326
0.36
0.0559
0.2438
0.0521
0.3377
0.3636
0.2675
0.3706
0.3209
0.5077
0.2431
0.3068
0.2036
0.0481
0.2418
0.3373
0.0793
0.557
0.4934
0.3659
0.0879
0.4345
0.3333
0.24
0.5442
0.5362
0.2849
0.2712
0.3162
0.2297
0.4853
0.4225
0.675
0.7266
0.4688
0.343
0.0702
0.4241
0.3161
0.3444
0.2022
0.0641
0.1627
0.3061
0.2357
0.134
0.3522
0.0751
0.3333
0.1173
0.1015
0.3636
0.3467
0.0595
0.5197
0.4
0.0663
0.3807
0.2938
0.3946
0.3734
0.2576
0.0565
0.0719
0.0828
0.2761
0.0743
0.2667
0.3663
0.3012
0.045
0.2201
0.4113
0.297
0.3916
0.1863
0.2029
0.0802
0.28
0.7929
0.2281
0.447
0.2761
0.4011
0.5185
0.2778
0.3765
0.3963
0.3949
0.4054
0.1823
0.0737
0.3671
0.3218
0.3677
0.3416
0.3313
0.2692
0.253
0.3986
0.0872
0.2024
0.2889
0.2756
0.3987
0.2079
0.5338
0.0615
0.24
0.3034
0.3043
0.1882
0.3312
0.1132
0.0898
0.0773
0.4104
0.0745
0.2708
0.0618
0.2452
0.2857
0.0859
0.2781
0.3185
0.2784
0.4662
0.3218
0.3333
0.078
0.0988
0.3317
0.2438
0.2283
0.2994
0.3095
0.616
0.2988
0.5161
0.5069
0.5
0.4038
0.3059
0.3786
0.1675
0.3774
0.2514
0.3733
0.3493
0.2544
0.2353
0.2566
0.4295
0.2343
0.4354
0.2756
0.4356
0.3202
0.1928
0.3741
0.1399
0.442
0.2469
0.3562
0.0603
0.1129
0.3484
0.4603
0.2061
0.3586
0.3182
0.419
0.3198
0.4294
0.5368
0.3669
0.2194
0.0659
0.4219
0.5149
0.0733
0.0947
0.3158
0.2966
0.1227
0.0484
0.4392
0.3118
0.5318
0.2455
0.0465
0.2703
0.3784
0.2241
0.2645
0.1307
0.0581
0.0747
0.3352
0.1498
0.366
0.46
0.3793
0.5342
0.4125
0.52
0.2593
0.2723
0.3228
0.0765
0.354
0.1771
0.1973
0.0591
0.1374
0.3522
0.3907
0.3155
0.3436
0.0821
0.2947
0.0815
0.5594
0.0513
0.4337
0.3072
0.3188
0.5312
0.6216
0.051
0.0341
0.4312
0.2727
0.4188
0.6016
0.3812
0.2846
0.2483
0.1844
0.2473
0.3154
0.1707
0.1864
0.2353
0.284
0.3062
0.3285
0.3383
0.2727
0.4722
0.7949
0.2762
0.3694
0.3765
0.0352
0.0662
0.5034
0.6903
0.067
0.3779
0.0949
0.2544
0.4167
0.0862
0.2308
0.4962
0.2216
0.3418
0.4013
0.2429
0.321
0.2711
0.2907
0.4331
0.0833
0.4348
0.0647
0.355
0.621
0.3901
0.469
0.2881
0.0929
0.0663
0.2921
0.2775
0.2868
0.3354
0.3669
0.4741
0.1658
0.2222
0.2921
0.0986
0.338
0.3986
0.4817
0.131
0.4225
0.45
0.3459
0.2316
0.071
0.3767
0.2604
0.4029
0.4286
0.5745
0.0904
0.3708
0.3537
0.3901
0.4257
0.3856
0.3005
0.3709
0.4551
0.3403
0.3203
0.493
0.369
0.404
0.2742
0.3087
0.0882
0.1034
0.3946
0.291
0.3148
0.0994
0.1889
0.1129
0.0584
0.2805
0.3422
0.3232
0.4357
0.4056
0.3861
0.3625
0.4632
0.0427
0.2212
0.3961
0.3741
0.2265
0.3618
0.0303
0.5
0.2622
0.2041
0.0793
0.2303
0.2727
0.3121
0.3444
0.8374
0.0613
0.4476
0.0734
0.3905
0.3072
0.0588
0.6277
0.2442
0.2774
0.2737
0.043
0.3071
0.0656
0.2367
0.3032
0.2205
0.2061
0.5161
0.4072
0.4452
0.2692
0.4217
0.4244
0.4228
0.3969
0.2919
0.349
0.3742
0.4437
0.2754
0.2164
0.0729
0.0659
0.4886
0.3766
0.2541
0.0675
0.4556
0.2659
0.2176
0.2649
0.2547
0.0753
0.2428
0.3571
0.2976
0.0682
0.2655
0.3913
0.267
0.1845
0.0793
0.3896
0.1684
0.0625
0.2021
0.1813
0.3374
0.2169
0.3176
0.2042
0.4586
0.0576
0.2733
0.3766
0.4074
0.5882
0.2342
0.242
0.239
0.0884
0.0927
0.195
0.2424
0.5155
0.0968
0.0642
0.411
0.0498
0.3094
0.2377
0.35
0.4359
0.4558
0.4529
0.2604
0.3357
0.4052
0.3048
0.2822
0.256
0.2659
0.205
0.2025
0.2761
0.2635
0.3381
0.5401
0.0647
0.2893
0.3699
0.3357
0.2727
0.2011
0.4559
0.6048
0.3197
0.1106
0.3354
0.2909
0.34
0.2683
0.4902
0.3357
0.216
0.3508
0.4274
0.449
0.1788
0.0872
0.3784
0.2653
0.1564
0.0417
0.3333
0.0764
0.228
0.4104
0.3046
0.3613
