x
0.3451
0.3603
0.3687
0.3522
0.3592
0.3549
0.354
0.3301
0.3598
0.3196
0.3404
0.3414
0.3079
0.3409
0.3557
0.3531
0.3507
0.3334
0.3411
0.3132
0.352
0.3225
0.3517
0.3283
0.3247
0.3236
0.3671
0.3323
0.3418
0.365
0.3536
0.3503
0.3247
0.35
0.3275
0.3497
0.3508
0.3573
0.3575
0.3194
0.3504
0.324
0.37
0.3199
0.3519
0.3639
0.3294
0.3219
0.3519
0.3488
0.3737
0.3522
0.3395
0.3478
0.3241
0.353
0.3785
0.3699
0.3517
0.3372
0.3341
0.3234
0.3439
0.3227
0.3517
0.3582
0.3529
0.3493
0.3404
0.3581
0.3542
0.3532
0.3517
0.3722
0.3037
0.321
0.3278
0.3548
0.3239
0.3722
0.335
0.3421
0.3272
0.3311
0.342
0.3565
0.3177
0.3518
0.3333
0.3331
0.3401
0.3699
0.3673
0.3381
0.3109
0.3566
0.3321
0.3519
0.3582
0.3404
0.3515
0.3199
0.3698
0.3313
0.3605
0.3484
0.3279
0.3104
0.3532
0.3605
0.3103
0.3471
0.3303
0.3259
0.3683
0.3466
0.3292
0.3073
0.3601
0.338
0.3653
0.3244
0.338
0.338
0.3371
0.3307
0.359
0.3683
0.3237
0.3636
0.3251
0.3676
0.3308
0.3535
0.3378
0.3253
0.3694
0.3533
0.3086
0.3809
0.3167
0.3261
0.3321
0.3603
0.3568
0.3399
0.3675
0.3434
0.3489
0.3673
0.3402
0.3291
0.3481
0.3019
0.3543
0.3476
0.3309
0.3373
0.3502
0.3209
0.334
0.3562
0.3489
0.3529
0.3698
0.3112
0.3732
0.3377
0.3283
0.3415
0.3456
0.3423
0.3409
0.3003
0.3617
0.3511
0.3427
0.3501
0.3336
0.3306
0.3562
0.3509
0.3483
0.3317
0.3355
0.3222
0.3389
0.3598
0.3416
0.3622
0.3276
0.3371
0.3501
0.3326
0.3484
0.3403
0.3333
0.356
0.3635
0.3332
0.3614
0.3529
0.3268
0.3481
0.3529
0.3415
0.3525
0.3498
0.3203
0.3139
0.3577
0.3714
0.338
0.3561
0.3785
0.3371
0.3138
0.3586
0.341
0.3561
0.3338
0.3597
0.3172
0.3638
0.3334
0.3394
0.3603
0.3391
0.3305
0.3226
0.3456
0.3675
0.3468
0.3673
0.3002
0.3672
0.3414
0.3329
0.3523
0.3712
0.3682
0.3534
0.3709
0.3618
0.3394
0.3559
0.3555
0.3541
0.3636
0.3427
0.327
0.3476
0.3397
0.3498
0.3452
0.3245
0.3427
0.3834
0.3468
0.3159
0.3473
0.317
0.3328
0.3383
0.3354
0.3215
0.3266
0.3517
0.3214
0.3538
0.3438
0.3217
0.3331
0.3443
0.3637
0.3491
0.3547
0.3394
0.3146
0.3333
0.3458
0.3319
0.3523
0.332
0.3733
0.3534
0.3471
0.2982
0.3716
0.3415
0.3215
0.3283
0.3412
0.362
0.3535
0.3422
0.3538
0.3608
0.324
0.3317
0.3423
0.3522
0.315
0.3448
0.3488
0.3345
0.3336
0.3511
0.3382
0.365
0.3632
0.3796
0.3318
0.3304
0.3347
0.3714
0.3255
0.3335
0.3523
0.3269
0.3638
0.33
0.3651
0.3608
0.3443
0.3642
0.3678
0.3323
0.345
0.3424
0.3246
0.3475
0.33
0.3187
0.3345
0.3744
0.3598
0.324
0.3454
0.3537
0.3441
0.3685
0.3153
0.3328
0.2991
0.3283
0.3611
0.3353
0.3476
0.3484
0.3476
0.3461
0.3589
0.3556
0.3635
0.352
0.3174
0.3311
0.3633
0.3227
0.3522
0.3375
0.3462
0.3256
0.3447
0.3304
0.3479
0.3636
0.3225
0.3352
0.356
0.3235
0.3426
0.3457
0.349
0.3257
0.3482
0.3414
0.3603
0.3082
0.3453
0.3748
0.3447
0.3651
0.3499
0.3557
0.3449
0.3295
0.3653
0.3513
0.326
0.3428
0.3343
0.345
0.3447
0.3262
0.3144
0.3199
0.3306
0.3281
0.3459
0.3615
0.3575
0.3269
0.3346
0.3697
0.3599
0.315
0.3586
0.3405
0.3368
0.3564
0.3119
0.3457
0.3359
0.3566
0.3354
0.3652
0.3573
0.3655
0.3292
0.3589
0.3267
0.3648
0.32
0.3303
0.2998
0.3079
0.3655
0.3486
0.3327
0.3402
0.3446
0.3522
0.3666
0.361
0.3542
0.3348
0.3553
0.3503
0.3725
0.35
0.3268
0.3677
0.3434
0.3605
0.3377
0.3278
0.3034
0.3129
0.3718
0.333
0.3399
0.3358
0.3725
0.3537
0.3526
0.3605
0.3472
0.3421
0.3243
0.3349
0.352
0.3417
0.3211
0.3502
0.303
0.361
0.3609
0.3377
0.3378
0.3248
0.3428
0.3215
0.3214
0.3336
0.3369
0.3369
0.3494
0.3078
0.3369
0.3509
0.3415
0.3598
0.3422
0.3654
0.3443
0.3397
0.3632
0.3736
0.3214
0.3526
0.35
0.3392
0.3643
0.3352
0.3512
0.3664
0.3585
0.3363
0.3678
0.3414
0.3345
0.3452
0.3683
0.3452
0.3326
0.3382
0.366
0.3498
0.3598
0.3383
0.3617
0.3638
0.3458
0.3325
0.3184
0.3692
0.3458
0.3072
0.3095
0.365
0.3507
0.3221
0.332
0.3459
0.3756
0.3274
0.3359
0.3405
0.3703
0.3452
0.3497
0.3298
0.3264
0.3545
0.352
0.3515
0.3345
0.3388
0.33
0.3361
0.3732
0.363
0.3545
0.3431
0.3634
0.3156
0.3419
0.3571
0.385
0.3611
0.3667
0.3578
0.3618
0.3336
0.3748
0.3363
0.3503
0.3075
0.3537
0.3089
0.3162
0.3586
0.3226
0.3347
0.3677
0.3372
0.356
0.3434
0.371
0.3565
0.3314
0.3403
0.3544
0.3534
0.3123
0.3642
0.3435
0.3334
0.3485
0.3386
0.3339
0.3415
0.332
0.3718
0.342
0.3368
0.3561
0.2998
0.3209
0.3553
0.3306
0.3419
0.3174
0.3363
0.3324
0.3316
0.3145
0.3458
0.3743
0.2953
0.3356
0.3672
0.3179
0.3462
0.3498
0.3427
0.3327
0.3188
0.3233
0.3619
0.3077
0.3233
0.3779
0.3614
0.3482
0.3429
0.3405
0.3153
0.3601
0.3387
0.3322
0.3461
0.3353
0.3487
0.3567
0.3696
0.3459
0.367
0.3637
0.3191
0.357
0.32
0.3445
0.3115
0.3298
0.3348
0.3775
0.3568
0.3556
0.3256
0.333
0.3318
0.3474
0.3475
0.3515
0.3621
0.3246
0.3741
0.3509
0.3804
0.3695
0.3656
0.3617
0.3367
0.3676
0.3438
0.3318
0.3417
0.3525
0.3079
0.3529
0.3521
0.3236
0.3665
0.3034
0.3622
0.3404
0.3308
0.3658
0.338
0.3692
0.3563
0.3561
0.3034
0.3166
0.351
0.3634
0.3485
0.3282
0.311
0.3455
0.337
0.3556
0.3428
0.3485
0.3596
0.3637
0.348
0.3527
0.3278
0.3505
0.3309
0.3645
0.3525
0.3394
0.346
0.3426
0.3311
0.3594
0.3358
0.3248
0.3291
0.3459
0.3423
0.3315
0.3398
0.3302
0.3422
0.3624
0.3758
0.336
0.3448
0.3585
0.3529
0.3593
0.3464
0.3542
0.3573
0.3367
0.3588
0.3075
0.3675
0.319
0.3341
0.3529
0.3493
0.3569
0.2892
0.3437
0.3328
0.326
0.3528
0.3596
0.3363
0.3535
0.3465
0.3447
0.3462
0.3484
0.3551
0.3616
0.3649
0.3196
0.3213
0.3645
0.346
0.3592
0.3621
0.3519
0.3247
0.3386
0.3459
0.3541
0.3387
0.317
0.3289
0.3652
0.3586
0.3225
0.3563
0.3549
0.3376
0.3237
0.351
0.3809
0.3279
0.3376
0.3756
0.3349
0.3443
0.3353
0.2861
0.382
0.3414
0.3511
0.3547
0.3316
0.3503
0.3426
0.3188
0.2959
0.3628
0.3491
0.3337
0.3432
0.3495
0.3274
0.3638
0.3178
0.3231
0.3453
0.3176
0.3495
0.3626
0.3448
0.3313
0.3573
0.3587
0.3398
0.3372
0.3256
0.2974
0.325
0.3371
0.3045
0.3104
0.2981
0.3448
0.3612
0.3391
0.3285
0.3275
0.2919
0.3529
0.3378
0.3292
0.353
0.3544
0.3556
0.3171
0.3701
0.3506
0.356
0.3375
0.3089
0.323
0.3333
0.3535
0.3676
0.3482
0.3316
0.3431
0.3067
0.3426
0.3535
0.3386
0.3385
0.3574
0.3483
0.3315
0.363
0.3538
0.3406
0.3489
0.338
0.3596
0.3274
0.3744
0.3489
0.3341
0.3489
0.3547
0.3559
0.3324
0.3528
0.3554
0.3371
0.3296
0.3559
0.3334
0.3547
0.3228
0.3559
0.2847
0.355
0.3364
0.2922
0.3454
0.3634
0.3314
0.3642
0.3333
0.3421
0.3458
0.358
0.3419
0.3446
0.3426
0.3039
0.3489
0.3277
0.362
0.3373
0.3098
0.3519
0.3446
0.2986
0.3568
0.3505
0.3231
0.3555
0.3589
0.3764
0.3531
0.3446
0.3211
0.3253
0.3256
0.3138
0.3303
0.3097
0.3346
0.3088
0.3405
0.3401
0.3505
0.3278
0.3326
0.3544
0.3582
0.3232
0.3568
0.3714
0.3627
0.3146
0.3557
0.3205
0.3293
0.3158
0.3542
0.3312
0.3451
0.3594
0.3486
0.3408
0.3323
0.3591
0.3625
0.3438
0.3512
0.3292
0.3596
0.3461
0.359
0.3417
0.3388
0.3424
0.3649
0.3599
0.334
0.334
0.368
0.3428
0.326
0.3435
0.341
0.3268
0.3515
0.2976
0.3656
0.3434
0.3704
0.3687
0.3176
0.3431
0.3394
0.3492
0.3584
0.2868
0.3572
0.3301
0.3393
0.337
0.3624
0.3516
0.3529
0.3623
0.3507
0.3463
0.3005
0.3545
0.319
0.3472
0.3604
0.3356
0.3565
0.336
0.3076
0.372
0.3469
0.3594
0.328
0.3102
0.3386
0.3523
0.3438
0.3456
0.3354
0.344
0.3256
0.3589
0.3508
0.3344
0.3352
0.3457
0.3537
0.3401
0.3388
0.3435
0.3609
0.3729
0.3622
0.3532
0.3628
0.352
0.3199
0.3575
0.3129
0.3386
0.3356
0.3207
0.3446
0.356
0.3484
0.3504
0.3326
0.338
0.3146
0.3519
0.3261
0.3548
0.3388
0.31
0.3333
0.3646
0.326
0.3456
0.3154
0.3543
0.3525
0.3212
0.3616
0.3251
0.3404
0.363
0.3454
0.3546
0.3215
0.3499
0.3197
0.3707
0.3277
0.3531
0.3651
0.3959
0.3231
0.3506
0.3503
0.3769
0.3477
0.3383
0.3443
0.3819
0.3594
0.3563
0.3672
0.3501
0.3365
0.3376
0.3173
0.3452
0.3284
0.3471
0.3583
0.3537
0.3475
0.349
0.3611
0.3678
0.3488
0.3642
0.3628
0.3018
0.3128
0.3367
0.3503
0.3229
0.3765
0.328
0.3394
0.342
0.317
0.3437
0.3569
0.3311
0.3459
0.334
0.3589
0.3298
0.3637
0.3882
0.3412
0.3196
0.3688
0.3362
0.3518
0.3428
0.3299
0.3514
0.3127
0.377
0.3302
0.3573
0.3488
0.3274
0.3208
0.354
0.3673
0.3058
0.3494
0.325
0.3157
0.3701
0.331
0.326
0.3115
0.3592
0.3526
0.3667
0.3184
0.3412
0.3453
0.3311
0.33
0.3447
0.3501
0.3179
0.3623
0.2968
0.3792
0.33
0.3614
0.342
0.3201
0.3535
0.3769
0.2996
0.3791
0.312
0.3069
0.3284
0.36
0.3571
0.3383
0.3536
0.3395
0.3486
0.3703
0.332
0.3357
0.3406
0.3289
0.3529
0.3487
0.3391
0.3374
0.3433
0.324
0.341
0.354
0.3434
0.3436
0.3734
0.3149
0.3516
0.3459
0.3261
0.3399
0.3497
0.3611
0.3345
0.2919
0.3642
0.3593
0.3441
0.3512
0.3353
0.3319
0.3519
0.3517
0.3456
0.3247
0.3343
0.323
0.3375
0.3614
0.3477
0.3654
0.3345
0.3365
0.3684
0.3274
0.3178
0.3388
0.3287
0.3555
0.3636
0.3285
0.3642
0.3585
0.3363
0.3497
0.3491
0.3478
0.3499
0.3573
0.3198
0.3177
0.357
0.3749
0.3402
0.3535
0.382
0.3397
0.3142
0.3448
0.3432
0.3659
0.3355
0.3678
0.3123
0.3563
0.3297
0.3374
0.3704
0.3273
0.3353
0.3452
0.3513
0.3606
0.3463
0.3662
0.3327
0.3532
0.3498
0.3338
0.3628
0.3625
0.3586
0.3665
0.3376
0.3606
0.3232
0.3496
0.3497
0.364
0.3718
0.3478
0.357
0.3519
0.3227
0.3537
0.3495
0.3284
0.3402
0.38
0.3485
0.3291
0.3604
0.3109
0.3369
0.3502
0.337
0.3238
0.3196
0.3338
0.3225
0.3476
0.3506
0.3407
0.3625
0.3406
0.3685
0.3441
0.3589
0.346
0.3136
0.3534
0.3529
0.3066
0.3529
0.332
0.3656
0.3578
0.3419
0.299
0.3699
0.3232
0.3393
0.3592
0.3442
0.3546
0.3525
0.3532
0.3524
0.3641
0.335
0.3293
0.3439
0.3533
0.3141
0.3471
0.3512
0.3473
0.3333
0.3499
0.2862
0.3712
0.3681
0.3731
0.3363
0.3291
0.3326
0.3766
0.3148
0.3631
0.3539
0.3331
0.366
0.372
0.3655
0.3632
0.342
0.3654
0.3707
0.3321
0.3459
0.3465
0.3287
0.3459
0.3304
0.3224
0.369
0.3772
0.3582
0.3405
0.3519
0.3159
0.3455
0.3468
0.3133
0.3296
0.2951
0.3299
0.3639
0.33
0.3368
0.3433
0.3288
0.3448
0.3486
0.3565
0.3489
0.3573
0.319
0.3282
0.3625
0.3215
0.3574
0.3377
0.3422
0.3092
0.3398
0.3345
0.3547
0.3992
0.3328
0.3548
0.3549
0.3194
0.3449
0.3464
0.3488
0.3564
0.3378
0.3434
0.3629
0.3044
0.3719
0.3756
0.3338
0.3665
0.3448
0.3576
0.3399
0.3145
0.3355
0.3526
0.3172
0.3428
0.349
0.3404
0.35
0.3295
0.3136
0.346
0.3294
0.3591
0.349
0.3572
0.3593
0.3314
0.3304
0.3633
0.3557
0.3164
0.3277
0.3431
0.3375
0.3558
0.3572
0.3475
0.3456
0.3387
0.3316
0.3688
0.3565
0.3656
0.3283
0.3636
0.3286
0.3615
0.3851
0.3337
0.294
0.3064
0.363
0.3443
0.3341
0.337
0.3518
0.3388
0.3628
0.3621
0.3554
0.3445
0.3557
0.3572
0.3652
0.3385
0.3278
0.3707
0.3423
0.3598
0.3457
0.327
0.2911
0.3079
0.379
0.3267
0.3487
0.3287
0.3732
0.3602
0.3576
0.359
0.3416
0.3426
0.3232
0.3248
0.3549
0.3435
0.3165
0.3498
0.2996
0.3616
0.3627
0.3451
0.3389
0.3251
0.341
0.3192
0.3328
0.3314
0.3134
0.3371
0.3512
0.3094
0.3376
0.3529
0.3507
0.3627
0.3353
0.3499
0.3214
0.345
0.3653
0.3766
0.324
0.3524
0.3333
0.3466
0.3624
0.3386
0.3441
0.3674
0.3462
0.337
0.367
0.3379
0.3376
0.3346
0.3596
0.3594
0.3191
0.337
0.3478
0.3376
0.3549
0.3366
0.3565
0.3616
0.3426
0.3262
0.313
0.361
0.3373
0.313
0.3041
0.3638
0.3472
0.3246
0.3283
0.3566
0.3725
0.3266
0.3656
0.3392
0.3638
0.3565
0.3482
0.3218
0.3289
0.3397
0.3512
0.3432
0.3394
0.3384
0.3444
0.3328
0.3742
0.3566
0.357
0.3429
0.3601
0.3336
0.3414
0.357
0.3691
0.366
0.3664
0.3558
0.3553
0.3606
0.3826
0.333
0.3462
0.3017
0.3434
0.3135
0.3256
0.3569
0.3329
0.3325
0.366
0.3468
0.358
0.3464
0.3704
0.3589
0.3423
0.3484
0.3568
0.3502
0.3056
0.3594
0.3414
0.3397
0.3474
0.3375
0.337
0.3416
0.3713
0.3749
0.3494
0.3522
0.3428
0.2933
0.3127
0.3542
0.3333
0.3472
0.3197
0.3409
0.3352
0.3352
0.3152
0.3493
0.3707
0.2907
0.3348
0.367
0.3263
0.3282
0.3507
0.3412
0.3268
0.3183
0.3179
0.3593
0.31
0.3427
0.38
0.3621
0.3518
0.3484
0.3379
0.3344
0.3533
0.3412
0.3332
0.3499
0.3263
0.3533
0.3565
0.3727
0.3319
0.3666
0.3646
0.3143
0.3557
0.3378
0.3526
0.3137
0.3279
0.3357
0.3773
0.3571
0.363
0.3255
0.3312
0.344
0.3627
0.3985
0.3619
0.3745
0.3166
0.371
0.3447
0.3802
0.3301
0.37
0.3666
0.3574
0.3614
0.3446
0.3359
0.347
0.3532
0.3052
0.3602
0.3544
0.324
0.35
0.3018
0.3638
0.342
0.3301
0.3688
0.3648
0.3676
0.3548
0.3616
0.3064
0.3139
0.353
0.3656
0.3499
0.3273
0.3085
0.3567
0.342
0.3588
0.3743
0.3417
0.3588
0.3718
0.3425
0.3553
0.3247
0.3476
0.3293
0.3649
0.3561
0.3435
0.3458
0.3353
0.3272
0.3601
0.3564
0.3169
0.3292
0.3295
0.3445
0.3319
0.3383
0.326
0.3269
0.3634
0.3745
0.33
0.3328
0.3598
0.3506
0.3508
0.3492
0.3214
0.3575
0.3276
0.3619
0.3142
0.3576
0.3112
0.3336
0.3467
0.398
0.3478
0.2872
0.3332
0.3317
0.33
0.3525
0.3546
0.3303
0.3594
0.3433
0.3461
0.3403
0.3399
0.3568
0.3606
0.3592
0.3137
0.352
0.3623
0.3554
0.3502
0.3652
0.3526
0.3257
0.3319
0.3462
0.3607
0.3365
0.312
0.3317
0.3708
0.3555
0.3194
0.3663
0.3717
0.3994
0.3299
0.3474
0.3814
0.3424
0.3481
0.385
0.3354
0.3586
0.333
0.3327
0.3789
0.3444
0.3507
0.3469
0.326
0.3562
0.3462
0.3099
0.3031
0.3536
0.3478
0.3307
0.3435
0.3603
0.3331
0.3631
0.318
0.3196
0.3435
0.3158
0.3528
0.3744
0.3516
0.3375
0.3628
0.3536
0.3414
0.3384
0.3223
0.3004
0.3414
0.3332
0.2983
0.3134
0.2883
0.3432
0.3459
0.3363
0.3326
0.3274
0.2933
0.3654
0.3399
0.3983
0.3511
0.3807
0.3491
0.3162
0.3827
0.3552
0.3502
0.3464
0.2965
0.342
0.3377
0.3439
0.3632
0.31
0.3954
0.3423
0.2997
0.3561
0.3501
0.3348
0.3366
0.3573
0.3532
0.3432
0.3645
0.3524
0.3404
0.3505
0.3303
0.3597
0.3352
0.3683
0.3512
0.3394
0.3366
0.3528
0.3505
0.3278
0.3536
0.362
0.3361
0.3327
0.3613
0.3474
0.3565
0.3274
0.3541
0.2999
0.3539
0.336
0.284
0.3424
0.3544
0.3325
0.3635
0.3319
0.3367
0.3477
0.3607
0.3392
0.3357
0.3518
0.2896
0.3549
0.3359
0.3548
0.3338
0.3519
0.3558
0.351
0.2908
0.3744
0.3404
0.3319
0.3521
0.3651
0.3696
0.3432
0.3563
0.324
0.3227
0.3567
0.3242
0.333
0.3038
0.3353
0.3142
0.3381
0.3475
0.3717
0.3296
0.3319
0.3547
0.3441
0.3257
0.3569
0.3851
0.3701
0.3104
0.3656
0.3195
0.3267
0.3009
0.3535
0.3491
0.3477
0.3626
0.348
0.3314
0.338
0.3652
0.3591
0.3484
0.3578
0.3303
0.3642
0.3444
0.3599
0.3399
0.3388
0.3412
0.3569
0.3427
0.3295
0.3398
0.3704
0.34
0.3257
0.3409
0.3376
0.3335
0.3581
0.294
0.3683
0.3412
0.37
0.3682
0.3155
0.3371
0.3358
0.3433
0.3651
0.2851
0.3578
0.3278
0.3536
0.3345
0.3695
0.3434
0.3412
0.3558
0.351
0.3498
0.3039
0.3541
0.323
0.3451
0.3749
0.3238
0.3575
0.3353
0.3062
0.3615
0.344
0.3608
0.3262
0.3114
0.3286
0.3482
0.3449
0.3422
0.3134
0.3429
0.3246
0.3617
0.3523
0.3364
0.311
0.3399
0.3755
0.334
0.336
0.3943
0.3763
0.3987
0.3994
0.3567
0.3944
0.3808
0.336
0.389
0.3979
0.3426
0.3354
0.3943
0.3524
0.3798
0.3859
0.3838
0.3868
0.3994
0.3202
0.3777
0.3532
0.3787
0.3832
0.3211
0.3633
0.3843
0.3666
0.3589
0.3597
0.3863
0.3994
0.3963
0.3982
0.3985
0.398
0.3972
0.3947
0.3711
0.3995
0.4
0.3813
0.3843
0.3987
0.3842
0.3917
0.3302
0.3988
0.3603
0.3586
0.3969
0.3979
0.373
0.3349
0.3557
0.3632
0.3756
0.3995
0.3882
0.3847
0.3453
0.3538
0.3872
0.3546
0.3996
0.3995
0.3952
0.3539
0.3642
0.3582
0.3798
0.3979
0.3981
0.38
0.3782
0.3808
0.3981
0.3663
0.3656
0.3977
0.3983
0.3863
0.3368
0.321
0.3848
0.3684
0.3101
0.3953
0.3581
0.3306
0.3323
0.3716
0.3995
0.3856
0.3314
0.3724
0.3851
0.3992
0.3674
0.398
0.3528
0.3807
0.3905
0.3649
0.3699
0.3474
0.3978
0.3791
0.3528
0.3897
0.378
0.362
0.3813
0.3627
0.3987
0.3991
0.3986
0.3955
0.3616
0.3313
0.3984
0.3995
0.3756
0.3835
0.3604
0.3984
0.3873
0.3705
0.3532
0.3904
0.2912
0.3988
0.3568
0.3565
0.3335
0.3877
0.3644
0.3977
0.3767
0.3824
0.363
0.3804
0.3847
0.3987
0.3764
0.3714
0.3788
0.3949
0.3791
0.3995
0.3837
0.3711
0.3969
0.3966
0.372
0.3559
0.3722
0.3691
0.3516
0.3809
0.3716
0.3479
0.358
0.3983
0.3917
0.3995
0.3992
0.4
0.399
0.394
0.3745
0.3989
0.3943
0.3992
0.39
0.3807
0.3849
0.3554
0.335
0.3838
0.3989
0.3573
0.3749
0.3983
0.3975
0.3227
0.3814
0.377
0.3867
0.3862
0.3343
0.4
0.3959
0.3817
0.3978
0.3995
0.3986
0.3896
0.3665
0.399
0.3882
0.399
0.3667
0.4
0.3581
0.3994
0.3975
0.3963
0.3621
0.3168
0.3991
0.3973
0.3968
0.3609
0.3924
0.3714
0.3984
0.3722
0.3949
0.3882
0.3784
0.3915
0.3974
0.3718
0.3322
0.3791
0.3621
0.3973
0.3985
0.3338
0.3953
0.3974
0.3981
0.3974
0.3725
0.3967
0.3566
0.3618
0.3946
0.3952
0.3933
0.3968
0.3975
0.3975
0.381
0.3819
0.3532
0.3731
0.3668
0.3406
0.3471
0.3974
0.3389
0.3987
0.366
0.3568
0.3408
0.3966
0.3873
0.3508
0.3725
0.3981
0.369
0.4
0.3994
0.3198
0.3808
0.3839
0.3994
0.3873
0.3995
0.3223
0.3632
0.4
0.3705
0.3952
0.3972
0.3854
0.3986
0.3217
0.3991
0.3517
0.3587
0.3708
0.3986
0.3975
0.3985
0.3227
0.3779
0.3555
0.3294
0.3959
0.3412
0.3892
0.3859
0.3886
0.3967
0.3821
0.3967
0.3577
0.3971
0.3886
0.3971
0.372
0.3576
0.3815
0.3688
0.3523
0.3989
0.3717
0.3932
0.392
0.3973
0.3386
0.3416
0.3872
0.3786
0.3966
0.3717
0.3976
0.3884
0.3341
0.3987
0.3964
0.3624
0.385
0.4
0.3935
0.3746
0.3741
0.383
0.3657
0.3259
0.3426
0.3956
0.3871
0.398
0.3364
0.3753
0.3986
0.3983
0.3984
0.3988
0.383
0.3227
0.3765
0.3816
0.3828
0.3963
0.3646
0.3958
0.3455
0.3526
0.3993
0.388
0.3774
0.3385
0.3422
0.381
0.3669
0.374
0.3982
0.3964
0.3615
0.3414
0.3384
0.3618
0.3975
0.3388
0.385
0.395
0.381
0.3954
0.3989
0.3457
0.3968
0.3854
0.343
0.3833
0.3147
0.396
0.3803
0.34
0.3766
0.3881
0.3978
0.3765
0.3983
0.3906
0.3779
0.3629
0.343
0.3994
0.3949
0.3506
0.3364
0.3976
0.3548
0.3942
0.3388
0.3938
0.3931
0.393
0.3401
0.3845
0.3988
0.3906
0.3802
0.3647
0.3453
0.3837
0.3969
0.3962
0.3601
0.3846
0.3985
0.4
0.3688
0.399
0.3995
0.322
0.3884
0.3252
0.3706
0.3995
0.3523
0.374
0.399
0.3897
0.3748
0.3701
0.3977
0.3981
0.3334
0.3966
0.3966
0.3666
0.3963
0.3763
0.394
0.3679
0.3843
0.3266
0.3668
0.3435
0.3627
0.398
0.3507
0.3083
0.3764
0.3996
0.3831
0.3651
0.3334
0.3972
0.3776
0.3499
0.3996
0.3513
0.3496
0.3248
0.3824
0.3853
0.3666
0.3661
0.388
0.3593
0.3656
0.363
0.3439
0.3838
0.3957
0.3858
0.3378
0.3399
0.3743
0.3972
0.3995
0.3857
0.3791
0.3976
0.3982
0.3715
0.3989
0.3959
0.363
0.395
0.387
0.3896
0.3903
0.3251
0.3953
0.3831
0.3387
0.3816
0.3991
0.3937
0.3912
0.3457
0.347
0.3749
0.3743
0.3974
0.3387
0.3975
0.3984
0.35
0.3473
0.3469
0.3802
0.3802
0.3731
0.3492
0.3925
0.3691
0.356
0.3653
0.3637
0.3835
0.3461
0.3773
0.3978
0.377
0.3988
0.4
0.3499
0.3929
0.3319
0.3759
0.3954
0.3712
0.3987
0.3875
0.3252
0.3327
0.3738
0.378
0.3482
0.3436
0.3594
0.3953
0.3342
0.3718
0.398
0.3706
0.3663
0.3991
0.3967
0.339
0.3627
0.3905
0.3934
0.3665
0.3881
0.3991
0.3835
0.383
0.3982
0.359
0.3567
0.3675
0.3783
0.3793
0.3692
0.3669
0.3962
0.3996
0.3373
0.3851
0.3969
0.3771
0.3985
0.3707
0.3705
0.39
0.3507
0.3994
0.3621
0.3991
0.3954
0.3769
0.3994
0.3982
0.3971
0.397
0.3979
0.3968
0.3845
0.3432
0.3001
0.3652
0.3856
0.369
0.3731
0.3371
0.3984
0.3792
0.3989
0.3807
0.3878
0.3985
0.3987
0.3502
0.3624
0.3372
0.3742
0.3959
0.3876
0.396
0.3995
0.3985
0.3734
0.3781
0.3666
0.3944
0.4
0.3952
0.3555
0.399
0.3203
0.397
0.3968
0.3404
0.3429
0.3856
0.3972
0.3864
0.3948
0.399
0.3949
0.3982
0.3499
0.3809
0.3523
0.3973
0.3959
0.3781
0.3996
0.3936
0.3959
0.4
0.3979
0.3845
0.3839
0.3786
0.3995
0.3963
0.3949
0.3977
0.3983
0.3985
0.3976
0.3451
0.4
0.3673
0.3818
0.4
0.3872
0.3717
0.3953
0.3623
0.3994
0.3769
0.3995
0.324
0.3919
0.3015
0.3666
0.3568
0.3977
0.3739
0.3958
0.3966
0.3725
0.3792
0.3422
0.397
0.3563
0.3839
0.397
0.3688
0.3995
0.3871
0.3415
0.3966
0.3958
0.367
0.3984
0.3699
0.3549
0.3681
0.3991
0.3859
0.3554
0.381
0.378
0.3382
0.3989
0.3544
0.3949
0.3708
0.3295
0.4
0.3683
0.3665
0.3761
0.3578
0.3429
0.3829
0.3456
0.3628
0.3742
0.398
0.332
0.3815
0.399
0.3589
0.3867
0.3525
0.362
0.3979
0.3971
0.3295
0.39
0.3241
0.3334
0.3861
0.3976
0.3731
0.3024
0.3973
0.3355
0.3695
0.3979
0.3891
0.368
0.3969
0.3648
0.3745
0.397
0.375
0.3682
0.395
0.3892
0.3378
0.3636
0.3891
0.3759
0.3463
0.3902
0.3805
0.3345
0.3506
0.3491
0.3979
0.3694
0.3782
0.3902
0.3925
0.3579
0.3989
0.3668
0.3831
0.4
0.369
0.3785
0.3958
0.3976
0.3704
0.3916
0.3963
0.3762
0.3781
0.3525
0.3776
0.3576
0.3841
0.348
0.3558
0.3992
0.3826
0.3969
0.3988
0.4
0.3967
0.3993
0.3753
0.3941
0.3683
0.3988
0.3181
0.3264
0.3863
0.3963
0.3871
0.3981
0.3859
0.3377
0.3633
0.398
0.3576
0.3621
0.3304
0.3021
0.394
0.3695
0.3137
0.3955
0.3701
0.399
0.3989
0.3836
0.3833
0.3686
0.3994
0.3648
0.399
0.3827
0.3874
0.3655
0.3992
0.3816
0.3935
0.3797
0.3601
0.4
0.3589
0.399
0.3678
0.3657
0.3861
0.3623
0.3958
0.3868
0.3772
0.3969
0.3875
0.3819
0.3991
0.3737
0.3531
0.3978
0.3995
0.3564
0.394
0.3632
0.3836
0.3978
0.3281
0.4
0.3526
0.3731
0.389
0.3812
0.3985
0.3661
0.3606
0.3898
0.361
0.37
0.3488
0.4
0.3803
0.3986
0.3989
0.3727
0.3681
0.3978
0.3976
0.3985
0.3544
0.3471
0.3925
0.3294
0.3604
0.3778
0.357
0.3957
0.3935
0.3463
0.3411
0.3869
0.3845
0.3975
0.345
0.332
0.3964
0.3504
0.3553
0.3752
0.3523
0.3375
0.3767
0.3978
0.392
0.3977
0.3569
0.379
0.3946
0.3702
0.3984
0.3837
0.3976
0.3501
0.3109
0.3858
0.397
0.3991
0.3833
0.3344
0.3983
0.397
0.3283
0.3819
0.3996
0.3958
0.3431
0.3812
0.3261
0.3544
0.396
0.3603
0.3317
0.399
0.3821
0.3547
0.3366
0.3981
0.3759
0.3656
0.3966
0.3522
0.3968
0.3852
0.399
0.3792
0.3725
0.3617
0.3943
0.3859
0.3676
0.3988
0.3712
0.3989
0.3829
0.3678
0.3983
0.3619
0.4
0.3973
0.3974
0.3995
0.3989
0.3982
0.3962
0.3105
0.3349
0.3976
0.3469
0.3599
0.3521
0.3956
0.3991
0.3989
0.3849
0.3841
0.3649
0.3994
0.3701
0.3841
0.3533
0.3416
0.3867
0.3887
0.3594
0.3983
0.314
0.3932
0.345
0.3829
0.3905
0.3975
0.3758
0.3551
0.3803
0.3967
0.3986
0.3988
0.3967
0.3981
0.3668
0.3672
0.3822
0.3795
0.3977
0.3795
0.3577
0.3858
0.3974
0.3703
NA
NA
NA
NA
NA
NA
NA
NA
NA
NA
NA
NA
NA
NA
NA
NA
NA
NA
NA
NA
NA
NA
NA
NA
NA
NA
NA
NA
NA
NA
NA
NA
NA
NA
NA
NA
NA
NA
NA
NA
NA
NA
NA
NA
NA
NA
NA
NA
NA
NA
NA
NA
NA
NA
NA
NA
NA
NA
NA
NA
NA
NA
NA
NA
NA
NA
NA
NA
NA
NA
NA
NA
NA
NA
NA
NA
NA
NA
NA
NA
NA
NA
NA
NA
NA
NA
NA
NA
NA
NA
NA
NA
NA
NA
NA
NA
NA
NA
NA
NA
NA
NA
NA
NA
NA
NA
NA
NA
NA
NA
NA
NA
NA
NA
NA
NA
NA
NA
NA
NA
NA
NA
NA
NA
NA
NA
NA
NA
NA
NA
NA
NA
NA
NA
NA
NA
NA
NA
NA
NA
NA
NA
NA
NA
NA
NA
NA
NA
NA
NA
NA
NA
NA
NA
NA
NA
NA
NA
NA
NA
NA
NA
NA
NA
NA
NA
NA
NA
NA
NA
NA
NA
NA
NA
NA
NA
NA
NA
NA
NA
NA
NA
NA
NA
NA
NA
NA
NA
NA
NA
NA
NA
NA
NA
NA
NA
NA
NA
NA
NA
NA
NA
NA
NA
NA
NA
NA
NA
NA
NA
NA
NA
NA
NA
NA
NA
NA
NA
NA
NA
NA
NA
NA
NA
NA
NA
NA
NA
NA
NA
NA
NA
NA
NA
NA
NA
NA
NA
NA
NA
NA
NA
NA
NA
NA
NA
NA
NA
NA
NA
NA
NA
NA
NA
NA
NA
NA
NA
NA
NA
NA
NA
NA
NA
NA
NA
NA
NA
NA
NA
NA
NA
NA
NA
NA
NA
NA
NA
NA
NA
NA
NA
NA
NA
NA
NA
NA
NA
NA
NA
NA
NA
NA
NA
NA
NA
NA
NA
NA
NA
NA
NA
NA
NA
NA
NA
NA
NA
NA
NA
NA
NA
NA
NA
NA
NA
NA
NA
NA
NA
NA
NA
NA
NA
NA
NA
NA
NA
NA
NA
NA
NA
NA
NA
NA
NA
NA
NA
NA
NA
NA
NA
NA
NA
NA
NA
NA
NA
NA
NA
NA
NA
NA
NA
NA
NA
NA
NA
NA
NA
NA
NA
NA
NA
NA
NA
NA
NA
NA
NA
NA
NA
NA
NA
NA
NA
NA
NA
NA
NA
NA
NA
NA
NA
NA
NA
NA
NA
NA
NA
NA
NA
NA
NA
NA
NA
NA
NA
NA
NA
NA
NA
NA
NA
NA
NA
NA
NA
NA
NA
NA
NA
NA
NA
NA
NA
NA
NA
NA
NA
NA
NA
NA
NA
NA
NA
NA
NA
NA
NA
NA
NA
NA
NA
NA
NA
NA
NA
NA
NA
NA
NA
NA
NA
NA
NA
NA
NA
NA
NA
NA
NA
NA
NA
NA
NA
NA
NA
NA
NA
NA
NA
NA
NA
NA
NA
NA
NA
NA
NA
NA
NA
NA
NA
NA
NA
NA
NA
NA
NA
NA
NA
NA
NA
NA
NA
NA
NA
NA
NA
NA
NA
NA
NA
NA
NA
NA
NA
NA
NA
NA
NA
NA
NA
NA
NA
NA
NA
NA
NA
NA
NA
NA
NA
NA
NA
NA
NA
NA
NA
NA
NA
NA
NA
NA
NA
NA
NA
NA
NA
NA
NA
NA
NA
NA
NA
NA
NA
NA
NA
NA
NA
NA
NA
NA
NA
NA
NA
NA
NA
NA
NA
NA
NA
NA
NA
NA
NA
NA
NA
NA
NA
NA
NA
NA
NA
NA
NA
NA
NA
NA
NA
NA
NA
NA
NA
NA
NA
NA
NA
NA
NA
NA
NA
NA
NA
NA
NA
NA
NA
NA
NA
NA
NA
NA
NA
NA
NA
NA
NA
NA
NA
NA
NA
NA
NA
NA
NA
NA
NA
NA
NA
NA
NA
NA
NA
NA
NA
NA
NA
NA
NA
NA
NA
NA
NA
NA
NA
NA
NA
NA
NA
NA
NA
NA
NA
NA
NA
NA
NA
NA
NA
NA
NA
NA
NA
NA
NA
NA
NA
NA
NA
NA
NA
NA
NA
NA
NA
NA
NA
NA
NA
NA
NA
NA
NA
NA
NA
NA
NA
NA
NA
NA
NA
NA
NA
NA
NA
NA
NA
NA
NA
NA
NA
NA
NA
NA
NA
NA
NA
NA
NA
NA
NA
NA
NA
NA
NA
NA
NA
NA
NA
NA
NA
NA
NA
NA
NA
NA
NA
NA
NA
NA
NA
NA
NA
NA
NA
NA
NA
NA
NA
NA
NA
NA
NA
NA
NA
NA
NA
NA
NA
NA
NA
NA
NA
NA
NA
NA
NA
NA
NA
NA
NA
NA
NA
NA
NA
NA
NA
NA
NA
NA
NA
NA
NA
NA
NA
NA
NA
NA
NA
NA
NA
NA
NA
NA
NA
NA
NA
NA
NA
NA
NA
NA
NA
NA
NA
NA
NA
NA
NA
NA
NA
NA
NA
NA
NA
NA
NA
NA
NA
NA
NA
NA
NA
NA
NA
NA
NA
NA
NA
NA
NA
NA
NA
NA
NA
NA
NA
NA
NA
NA
NA
NA
NA
NA
NA
NA
NA
NA
NA
NA
NA
NA
NA
NA
NA
NA
NA
NA
NA
NA
NA
NA
NA
NA
NA
NA
NA
NA
NA
NA
NA
NA
NA
NA
NA
NA
NA
NA
NA
NA
NA
NA
NA
NA
NA
NA
NA
NA
NA
NA
NA
NA
NA
NA
NA
NA
NA
NA
NA
NA
NA
NA
NA
NA
NA
NA
NA
NA
NA
NA
NA
NA
NA
NA
NA
NA
NA
NA
NA
NA
NA
NA
NA
NA
NA
NA
NA
NA
NA
NA
NA
NA
NA
NA
NA
NA
NA
NA
NA
NA
NA
NA
NA
NA
NA
NA
NA
NA
NA
NA
NA
NA
NA
NA
NA
NA
NA
NA
NA
NA
NA
NA
NA
NA
NA
NA
NA
NA
NA
NA
NA
NA
NA
NA
NA
NA
NA
NA
NA
NA
NA
NA
NA
NA
NA
NA
NA
NA
NA
NA
NA
NA
NA
NA
NA
NA
NA
NA
NA
NA
NA
NA
NA
NA
NA
NA
NA
NA
NA
NA
NA
NA
NA
NA
NA
NA
NA
NA
NA
NA
NA
NA
NA
NA
NA
NA
NA
NA
NA
NA
NA
NA
NA
NA
NA
NA
NA
NA
NA
NA
NA
NA
NA
NA
NA
NA
NA
NA
NA
NA
NA
NA
NA
NA
NA
NA
NA
NA
NA
NA
NA
NA
NA
NA
NA
NA
NA
NA
NA
NA
NA
NA
NA
NA
NA
NA
NA
NA
NA
NA
NA
NA
NA
NA
NA
NA
NA
NA
NA
NA
NA
NA
NA
NA
NA
NA
NA
NA
NA
NA
NA
NA
NA
NA
NA
NA
NA
NA
NA
NA
NA
NA
NA
NA
NA
NA
NA
NA
NA
NA
NA
NA
NA
NA
NA
NA
NA
NA
NA
NA
NA
NA
NA
NA
NA
NA
NA
NA
NA
NA
NA
NA
NA
NA
NA
NA
NA
NA
NA
NA
NA
NA
NA
NA
NA
NA
NA
NA
NA
NA
NA
NA
NA
NA
NA
NA
NA
NA
NA
NA
NA
NA
NA
NA
NA
NA
NA
NA
NA
NA
NA
NA
NA
NA
NA
NA
NA
NA
NA
NA
NA
NA
NA
NA
NA
NA
NA
NA
NA
NA
NA
NA
NA
NA
NA
NA
NA
NA
NA
NA
NA
NA
NA
NA
NA
NA
NA
NA
NA
NA
NA
NA
NA
NA
NA
NA
NA
NA
NA
NA
NA
NA
NA
NA
NA
NA
NA
NA
NA
NA
NA
NA
NA
NA
NA
NA
NA
NA
NA
NA
NA
NA
NA
NA
NA
NA
NA
NA
NA
NA
NA
NA
NA
NA
NA
NA
NA
NA
NA
NA
NA
NA
NA
NA
NA
NA
NA
NA
NA
NA
NA
NA
NA
NA
NA
NA
NA
NA
NA
NA
NA
NA
NA
NA
NA
NA
NA
NA
NA
NA
NA
NA
NA
NA
NA
NA
NA
NA
NA
NA
NA
NA
NA
NA
NA
NA
NA
NA
NA
NA
NA
NA
NA
NA
NA
NA
NA
NA
NA
NA
NA
NA
NA
NA
NA
NA
NA
NA
NA
NA
NA
NA
NA
NA
NA
NA
NA
NA
NA
NA
NA
NA
NA
NA
NA
NA
NA
NA
NA
NA
NA
NA
NA
NA
NA
NA
NA
NA
NA
NA
NA
NA
NA
NA
NA
NA
NA
NA
NA
NA
NA
NA
NA
NA
NA
NA
NA
NA
NA
NA
NA
NA
NA
NA
NA
NA
NA
NA
NA
NA
NA
NA
NA
NA
NA
NA
NA
NA
NA
NA
NA
NA
NA
NA
NA
NA
NA
NA
NA
NA
NA
NA
NA
NA
NA
NA
NA
NA
NA
NA
NA
NA
NA
NA
NA
NA
NA
NA
NA
NA
NA
NA
NA
NA
NA
NA
NA
NA
NA
NA
NA
NA
NA
NA
NA
NA
NA
NA
NA
NA
NA
NA
NA
NA
NA
NA
NA
NA
NA
NA
NA
NA
NA
NA
NA
NA
NA
NA
NA
NA
NA
NA
NA
NA
NA
NA
NA
NA
NA
NA
NA
NA
NA
NA
NA
NA
NA
NA
NA
NA
NA
NA
NA
NA
NA
NA
NA
NA
NA
NA
NA
NA
NA
NA
NA
NA
NA
NA
NA
NA
NA
NA
NA
NA
NA
NA
NA
NA
NA
NA
NA
NA
NA
NA
NA
NA
NA
NA
NA
NA
NA
NA
NA
NA
NA
NA
NA
NA
NA
NA
NA
NA
NA
NA
NA
NA
NA
NA
NA
NA
NA
NA
NA
NA
NA
NA
NA
NA
NA
NA
NA
NA
NA
NA
NA
NA
NA
NA
NA
NA
NA
NA
NA
NA
NA
NA
NA
NA
NA
NA
NA
NA
NA
NA
NA
NA
NA
NA
NA
NA
NA
NA
NA
NA
NA
NA
NA
NA
NA
NA
NA
NA
NA
NA
NA
NA
NA
NA
NA
NA
NA
NA
NA
NA
NA
NA
NA
NA
NA
NA
NA
NA
NA
NA
NA
NA
NA
NA
NA
NA
NA
NA
NA
NA
NA
NA
NA
NA
NA
NA
NA
NA
NA
NA
NA
NA
NA
NA
NA
NA
NA
NA
NA
NA
NA
NA
NA
NA
NA
NA
NA
NA
NA
NA
NA
NA
NA
NA
NA
NA
NA
NA
NA
NA
NA
NA
NA
NA
NA
NA
NA
NA
NA
NA
NA
NA
NA
NA
NA
NA
NA
NA
NA
NA
NA
NA
NA
NA
NA
NA
NA
NA
NA
NA
NA
NA
NA
NA
NA
NA
NA
NA
NA
NA
NA
NA
NA
NA
NA
NA
NA
NA
NA
NA
NA
NA
NA
NA
NA
NA
NA
NA
NA
NA
NA
NA
NA
NA
NA
NA
NA
NA
NA
NA
NA
NA
NA
NA
NA
NA
NA
NA
NA
NA
NA
NA
NA
NA
NA
NA
NA
NA
NA
NA
NA
NA
NA
NA
NA
NA
NA
NA
NA
NA
NA
NA
NA
NA
NA
NA
NA
NA
NA
NA
NA
NA
NA
NA
NA
NA
NA
NA
NA
NA
NA
NA
NA
NA
NA
NA
NA
NA
NA
NA
NA
NA
NA
NA
NA
NA
NA
NA
NA
NA
NA
NA
NA
NA
NA
NA
NA
NA
NA
NA
NA
NA
NA
NA
NA
NA
NA
NA
NA
NA
NA
NA
NA
NA
NA
NA
NA
NA
NA
NA
NA
NA
NA
NA
NA
NA
NA
NA
NA
NA
NA
NA
NA
NA
NA
NA
NA
NA
NA
NA
NA
NA
NA
NA
NA
NA
NA
NA
NA
NA
NA
NA
NA
NA
NA
NA
NA
NA
NA
NA
NA
NA
NA
NA
NA
NA
NA
NA
NA
NA
NA
NA
NA
NA
NA
NA
NA
NA
NA
NA
NA
NA
NA
NA
NA
NA
NA
NA
NA
NA
NA
NA
NA
NA
NA
NA
NA
NA
NA
NA
NA
NA
NA
NA
NA
NA
NA
NA
NA
NA
NA
NA
NA
NA
NA
NA
NA
NA
NA
NA
NA
NA
NA
NA
NA
NA
NA
NA
NA
NA
NA
NA
NA
NA
NA
NA
NA
NA
NA
NA
NA
NA
NA
NA
NA
NA
NA
NA
NA
NA
NA
NA
NA
NA
NA
NA
NA
NA
NA
NA
NA
NA
NA
NA
NA
NA
NA
NA
NA
NA
NA
NA
NA
NA
NA
NA
NA
NA
NA
NA
NA
NA
NA
NA
NA
NA
NA
NA
NA
NA
NA
NA
NA
NA
NA
NA
NA
NA
NA
NA
NA
NA
NA
NA
NA
NA
NA
NA
NA
NA
NA
NA
NA
NA
NA
NA
NA
NA
NA
NA
NA
NA
NA
NA
NA
NA
NA
NA
NA
NA
NA
NA
NA
NA
NA
NA
NA
NA
NA
NA
NA
NA
NA
NA
NA
NA
NA
NA
NA
NA
NA
NA
NA
NA
NA
NA
NA
NA
NA
NA
NA
NA
NA
NA
NA
NA
NA
NA
NA
NA
NA
NA
NA
NA
NA
NA
NA
NA
NA
NA
NA
NA
NA
NA
NA
NA
NA
NA
NA
NA
NA
NA
NA
NA
NA
NA
NA
NA
NA
NA
NA
NA
NA
NA
NA
NA
NA
NA
NA
NA
NA
NA
NA
NA
NA
NA
NA
NA
NA
NA
NA
NA
NA
NA
NA
NA
NA
NA
NA
NA
NA
NA
NA
NA
NA
NA
NA
NA
NA
NA
NA
NA
NA
NA
NA
NA
NA
NA
NA
NA
NA
NA
NA
NA
NA
NA
NA
NA
NA
NA
NA
NA
NA
NA
NA
NA
NA
NA
NA
NA
NA
NA
NA
NA
NA
NA
NA
NA
NA
NA
NA
NA
NA
NA
NA
NA
NA
NA
NA
NA
NA
NA
NA
NA
NA
NA
NA
NA
NA
NA
NA
NA
NA
NA
NA
NA
NA
NA
NA
NA
NA
NA
NA
NA
NA
NA
NA
NA
NA
NA
NA
NA
NA
NA
NA
NA
NA
NA
NA
NA
NA
NA
NA
NA
NA
NA
NA
NA
NA
NA
NA
NA
NA
NA
NA
NA
NA
NA
NA
NA
NA
NA
NA
NA
NA
NA
NA
NA
NA
NA
NA
NA
NA
NA
NA
NA
NA
NA
NA
NA
NA
NA
NA
NA
NA
NA
NA
NA
NA
NA
NA
NA
NA
NA
NA
NA
NA
NA
NA
NA
NA
NA
NA
NA
NA
NA
NA
NA
NA
NA
NA
NA
NA
NA
NA
NA
NA
NA
NA
NA
NA
NA
NA
NA
NA
NA
NA
NA
NA
NA
NA
NA
NA
NA
NA
NA
NA
NA
NA
NA
NA
NA
NA
NA
NA
NA
NA
NA
NA
NA
NA
NA
NA
NA
NA
NA
NA
NA
NA
NA
NA
NA
NA
NA
NA
NA
NA
NA
NA
NA
NA
NA
NA
NA
NA
NA
NA
NA
NA
NA
NA
NA
NA
NA
NA
NA
NA
NA
NA
NA
NA
NA
NA
NA
NA
NA
NA
NA
NA
NA
NA
NA
NA
NA
NA
NA
NA
NA
NA
NA
NA
NA
NA
NA
NA
NA
NA
NA
NA
NA
NA
NA
NA
NA
NA
NA
NA
NA
NA
NA
NA
NA
NA
NA
NA
NA
NA
NA
NA
NA
NA
NA
NA
NA
NA
NA
NA
NA
NA
NA
NA
NA
NA
NA
NA
NA
NA
NA
NA
NA
NA
NA
NA
NA
NA
NA
NA
NA
NA
NA
NA
NA
NA
NA
NA
NA
NA
NA
NA
NA
NA
NA
NA
NA
NA
NA
NA
NA
NA
NA
NA
NA
NA
NA
NA
NA
NA
NA
NA
NA
NA
NA
NA
NA
NA
NA
NA
NA
NA
NA
NA
NA
NA
NA
NA
NA
NA
NA
NA
NA
NA
NA
NA
NA
NA
NA
NA
NA
NA
NA
NA
NA
NA
NA
NA
NA
NA
NA
NA
NA
NA
NA
NA
NA
NA
NA
NA
NA
NA
NA
NA
NA
NA
NA
NA
NA
NA
NA
NA
NA
NA
NA
NA
NA
NA
NA
NA
NA
NA
NA
NA
NA
NA
NA
NA
NA
NA
NA
NA
NA
NA
NA
NA
NA
NA
NA
NA
NA
NA
NA
NA
NA
NA
NA
NA
NA
NA
NA
NA
NA
NA
NA
NA
NA
NA
NA
NA
NA
NA
NA
NA
NA
NA
NA
NA
NA
NA
NA
NA
NA
NA
NA
NA
NA
NA
NA
NA
NA
NA
NA
NA
NA
NA
NA
NA
NA
NA
NA
NA
NA
NA
NA
NA
NA
NA
NA
NA
NA
NA
NA
NA
NA
NA
NA
NA
NA
NA
NA
NA
NA
NA
NA
NA
NA
NA
NA
NA
NA
NA
NA
NA
NA
NA
NA
NA
NA
NA
NA
NA
NA
NA
NA
NA
NA
NA
NA
NA
NA
NA
NA
NA
NA
NA
NA
NA
NA
NA
NA
NA
NA
NA
NA
NA
NA
NA
NA
NA
NA
NA
NA
NA
NA
NA
NA
NA
NA
NA
NA
NA
NA
NA
NA
NA
NA
NA
NA
NA
NA
NA
NA
NA
NA
NA
NA
NA
NA
NA
NA
NA
NA
NA
NA
NA
NA
NA
NA
NA
NA
NA
NA
NA
NA
NA
NA
NA
NA
NA
NA
NA
NA
NA
NA
NA
NA
NA
NA
NA
NA
NA
NA
NA
NA
NA
NA
NA
NA
NA
NA
NA
NA
NA
NA
NA
NA
NA
NA
NA
NA
NA
NA
NA
NA
NA
NA
NA
NA
NA
NA
NA
NA
NA
NA
NA
NA
NA
NA
NA
NA
NA
NA
NA
NA
NA
NA
NA
NA
NA
NA
NA
NA
NA
NA
NA
NA
NA
NA
NA
NA
NA
NA
NA
NA
NA
NA
NA
NA
NA
NA
NA
NA
NA
NA
NA
NA
NA
NA
NA
NA
NA
NA
NA
NA
NA
NA
NA
NA
NA
NA
NA
NA
NA
NA
NA
NA
NA
NA
NA
NA
NA
NA
NA
NA
NA
NA
NA
NA
NA
NA
NA
NA
NA
NA
NA
NA
NA
NA
NA
NA
NA
NA
NA
NA
NA
NA
NA
NA
NA
NA
NA
NA
NA
NA
NA
NA
NA
NA
NA
NA
NA
NA
NA
NA
NA
NA
NA
NA
NA
NA
NA
NA
NA
NA
NA
NA
NA
NA
NA
NA
NA
NA
NA
NA
NA
NA
NA
NA
NA
NA
NA
NA
NA
NA
NA
NA
NA
NA
NA
NA
NA
NA
NA
NA
NA
NA
NA
NA
NA
NA
NA
NA
NA
NA
NA
NA
NA
NA
NA
NA
NA
NA
NA
NA
NA
NA
NA
NA
NA
NA
NA
NA
NA
NA
NA
NA
NA
NA
NA
NA
NA
NA
NA
NA
NA
NA
NA
NA
NA
NA
NA
NA
NA
NA
NA
0.4674
0.3333
0.3582
0.4189
0.4304
0.3434
0.3902
0.803
0.3684
0.8305
0.8088
0.5556
0.9111
0.4533
0.3953
0.4048
0.4203
0.5319
0.5606
0.8
0.381
0.7714
0.3457
0.641
0.9032
0.8689
0.2771
0.6714
0.4583
0.7241
0.4026
0.5152
0.8571
0.4587
0.7042
0.4872
0.4762
0.5079
0.3944
0.8
0.4521
0.7455
0.25
0.7333
0.4783
0.3059
0.6308
0.8395
0.4382
0.5455
0.2547
0.4658
0.5063
0.5342
0.7647
0.4186
0.3182
0.2706
0.3418
0.6447
0.6667
0.8548
0.4507
0.8627
0.4124
0.4512
0.4045
0.4342
0.4537
0.3378
0.4103
0.3333
0.4133
0.3415
1.0333
0.8246
0.6622
0.3974
0.7162
0.2703
0.6032
0.6479
0.6271
0.7067
0.5316
0.5616
0.831
0.6
0.6197
0.5694
0.75
0.2111
0.3049
0.4865
0.9375
0.4787
0.5417
0.3646
0.4091
0.5507
0.6579
0.7869
0.2967
0.5
0.2967
0.3939
0.6629
0.8846
0.4342
0.35
0.9848
0.4189
0.6667
0.8
0.2842
0.7143
0.5625
0.8421
0.3951
0.6667
0.2727
0.8286
0.5479
0.4595
0.5405
0.9143
0.4176
0.3827
0.6533
0.2644
1.1923
0.3188
0.6667
0.3867
0.5323
0.7105
0.3837
0.3735
1.0303
0.1613
0.7538
0.831
0.5455
0.3258
0.3377
0.5977
0.3871
0.5068
0.403
0.3
0.6301
0.6825
0.4725
1.0179
0.4247
0.439
0.6892
0.6032
0.4231
0.6528
0.6386
0.3889
0.589
0.6212
0.2958
0.8824
0.3444
0.5652
0.6479
0.4912
0.4938
0.5479
0.6719
1.2564
0.2941
0.4024
0.5429
0.4868
0.5443
0.5783
0.4583
0.4286
0.481
0.7742
0.6667
0.8033
0.661
0.3571
0.5422
0.3793
0.6517
0.5682
0.4107
0.6056
0.6786
0.6301
0.5714
0.3333
0.3418
0.5526
0.3947
0.4382
0.6984
0.5072
0.5673
0.4412
0.4127
0.4247
0.8636
0.7538
0.3146
0.3108
0.5965
0.4471
0.2135
0.6125
0.7419
0.4333
0.481
0.3594
0.7119
0.4177
0.8333
0.3836
0.641
0.5342
0.359
0.7027
0.6923
0.7143
0.4118
0.3827
0.443
0.3919
1.2941
0.3733
0.5294
0.6329
0.4483
0.2973
0.2857
0.4267
0.4808
0.4
0.8833
0.4074
0.4176
0.4571
0.2872
0.493
0.7123
0.4043
0.6452
0.3953
0.5
0.6667
0.4857
0.2308
0.4459
0.8333
0.5286
0.963
0.7333
0.5352
0.6716
0.7667
0.7119
0.6721
0.8448
0.4189
0.4598
0.7344
0.6883
0.5362
0.3544
0.4795
0.3592
0.4545
0.8611
0.7273
0.4706
0.9538
0.2935
0.5493
0.2874
0.3882
0.5
0.9625
0.3043
0.7246
0.9615
0.6164
0.5128
0.3494
0.493
0.5395
0.4082
0.3261
0.7534
0.6812
0.5231
0.4286
0.7576
0.473
0.4607
0.6346
0.6061
0.3896
1.0175
0.3222
0.3864
0.2235
0.5735
0.6494
0.6622
0.2857
0.8657
0.7213
0.4444
0.7429
0.3793
0.6418
0.2879
0.411
0.5
0.3137
0.3
0.7097
0.5385
0.4932
0.7143
0.4154
0.6716
0.7436
0.7692
0.2472
0.3939
0.766
0.4896
0.7671
0.4776
0.4783
0.95
0.6528
1.1887
1.0847
0.4268
0.5714
0.5753
0.4051
0.6615
0.5714
0.4
0.4615
0.3559
0.3495
0.7692
0.619
0.3696
0.8103
0.4045
0.5333
0.4286
0.9474
0.5
0.68
0.4268
0.3267
0.7656
0.5441
0.4203
0.8116
0.597
0.4658
0.4688
0.65
0.5714
0.4615
0.4247
1
0.4744
0.2558
0.4831
0.3529
0.4615
0.4
0.5921
0.7321
0.6071
0.5811
0.8806
0.4545
0.5846
0.6129
0.4945
0.6212
1.0127
0.9492
0.6301
0.6944
0.4225
0.3077
0.4198
0.6053
0.6458
0.3188
0.3562
0.9811
0.5882
0.4932
0.5238
0.3614
0.9661
0.4516
0.6173
0.5529
0.625
0.2857
0.3415
0.2812
0.7397
0.3766
0.7179
0.3256
0.8125
0.6333
0.9583
0.7969
0.3372
0.4634
0.6538
0.6125
0.5395
0.6349
0.3333
0.3906
0.3704
0.7079
0.337
0.4605
0.3243
0.5385
0.7746
0.2588
0.6707
0.3667
0.5376
0.7419
1.1273
0.8644
0.2308
0.6623
0.5714
0.5873
0.3222
0.3956
0.4421
0.4257
0.4783
0.4881
0.7639
0.6618
0.5352
0.5909
0.8493
0.5
1.0755
0.3483
0.3544
0.6119
0.5696
0.675
0.5761
0.7875
0.75
0.6667
0.7808
0.5652
0.4125
0.9231
0.6125
0.3765
0.5676
0.411
0.6154
0.4359
0.7465
0.5714
0.427
0.2439
0.6761
0.4805
0.4737
0.5217
0.3816
0.575
0.5647
0.3133
0.519
0.5
0.3372
0.5584
0.5857
0.5072
0.4459
0.46
0.7302
0.6418
0.314
0.6081
0.3704
0.6234
0.4058
0.3258
0.5263
0.5493
0.8382
0.3253
0.5063
0.9254
0.8594
0.4
0.4583
0.75
0.6667
0.4891
0.1899
0.6812
0.5789
0.6173
0.2237
0.5714
0.4304
0.6528
0.6912
0.5443
0.5
0.4127
0.5714
0.5412
0.7027
0.7581
0.284
0.3241
0.39
0.4938
0.375
0.9074
0.5405
0.3976
0.2267
0.4054
0.2596
0.4342
0.3133
0.5556
0.3218
0.5584
0.4026
0.9683
0.4561
0.8776
0.8182
0.3611
0.65
0.4872
0.2613
0.5616
0.3371
0.5443
0.2111
0.3684
0.5584
0.6571
0.4302
0.5161
0.9483
0.3226
0.4568
0.64
0.4074
0.4722
0.5698
0.5222
0.6667
0.2255
0.5205
0.5938
0.48
1.1525
0.661
0.3182
0.7162
0.493
0.7671
0.5373
0.5301
0.5652
0.8909
0.4471
0.2091
1.1739
0.5205
0.3511
0.8219
0.6377
0.4659
0.4651
0.6027
0.6944
0.6957
0.3182
1.0545
0.7458
0.1605
0.3243
0.4324
0.4545
0.5541
0.9412
0.3636
0.506
0.6118
0.4091
0.6471
0.4912
0.3636
0.2955
0.7714
0.2637
0.3059
0.7759
0.3226
0.8261
0.625
0.9677
0.5797
0.5747
0.2021
0.473
0.4306
0.6875
0.6575
0.64
0.4533
0.6027
0.3789
0.2981
0.7333
0.2162
0.48
0.1364
0.5156
0.266
0.297
0.64
0.4167
0.4789
0.7791
0.494
0.4217
0.8545
0.4493
0.4545
0.7746
0.5205
0.9545
0.3163
0.4691
0.65
0.2828
0.5455
0.2386
0.4889
0.411
0.8873
0.8143
0.4079
0.3895
0.5116
0.7869
0.8571
0.5352
0.7188
0.4521
0.4583
0.44
0.4242
0.3333
0.4684
0.4
0.6627
0.4474
0.6765
0.36
0.4096
0.6308
0.5072
0.5
0.807
0.2667
0.7571
0.7541
0.641
0.5972
0.5067
0.5417
0.5352
0.7742
0.6506
0.4625
0.1818
0.6857
0.5942
0.3548
0.4615
0.3974
0.4667
0.5806
0.4247
0.6857
0.3837
0.9474
0.299
0.7101
0.6327
0.3605
0.4935
0.4024
1.254
0.4872
0.6522
0.7581
0.4375
0.3378
0.5402
0.3913
0.473
0.4253
0.5397
0.4359
0.375
0.3256
0.3163
0.8088
0.7794
0.3721
0.6538
0.5432
0.25
0.3678
0.6842
0.5493
0.519
0.3548
0.5455
0.8947
0.6618
0.3222
0.4507
0.7385
0.4384
0.427
0.5942
0.6324
0.5645
0.1584
0.6066
0.4824
0.3034
0.5316
0.4235
0.5846
1.1538
0.3333
0.5227
0.4198
0.4125
0.7273
0.3723
0.6575
0.9677
0.8947
0.3855
0.4848
0.5636
0.4483
0.5385
0.6538
0.3039
0.9516
0.8226
0.4756
0.9074
0.4023
0.4625
0.5362
0.5974
0.4211
0.4512
0.7031
0.5301
0.7377
0.9688
0.7534
0.5571
1.0968
0.9123
1.0308
0.4615
0.4865
0.6494
0.7612
0.8052
1.0345
0.4265
0.5811
0.6119
0.3913
0.4023
0.4574
0.6667
0.3068
0.4
0.5122
0.5747
1.2593
0.7973
0.6897
0.5647
0.2737
0.8654
0.5694
0.4658
1.0702
0.7121
0.3621
0.6901
0.4713
0.3235
0.4098
0.662
0.2785
0.4324
0.6912
0.4074
0.6333
0.4429
0.7222
0.24
0.427
0.7966
0.5513
0.3696
0.4865
0.6429
0.4416
0.4459
0.5116
0.6567
0.5333
0.5694
0.3158
0.6143
0.4493
1.1961
0.4444
0.6024
1.2222
0.4286
0.407
0.5238
0.3295
0.5823
0.6447
0.4471
0.4118
0.6
0.5161
0.4776
1.1509
0.5
0.7681
0.4719
0.5375
0.9643
0.3571
0.4923
1.0545
0.4568
0.5529
0.6071
0.3523
0.3765
0.2551
0.5455
0.5068
0.8776
0.6377
0.7571
0.8448
0.5588
0.9434
0.7119
0.8548
0.6806
0.4505
0.4767
0.7167
0.5781
0.383
0.4915
0.625
0.4255
0.2018
0.3793
0.8125
0.4605
0.6716
0.7101
0.9286
0.3333
0.56
0.5733
0.3458
0.4598
0.5632
0.5616
0.4231
0.5
0.6714
0.5072
0.6667
0.3544
0.4699
0.3429
0.5
0.5
0.48
0.3158
0.5362
0.6923
0.5465
0.2597
0.4667
0.6923
0.4375
0.5205
0.6349
0.3797
1.0784
0.314
0.5417
0.2841
0.3614
0.7945
0.4878
0.5326
0.6092
0.3553
1.1613
0.4235
0.5488
0.5588
0.5854
0.3371
0.4625
0.5
0.4024
0.3333
0.4362
0.9412
0.3478
0.6703
0.4568
0.3768
0.7288
0.4321
0.5946
1.0172
0.2875
0.5139
0.321
0.6071
0.8871
0.5862
0.3929
0.4762
0.4242
1.0943
0.5
0.6892
0.4268
0.3733
0.589
0.8182
0.5946
0.4493
0.6
0.5696
0.4565
0.2696
0.1765
0.3784
0.3544
0.2323
0.3659
0.7576
0.3684
0.661
0.4225
0.5432
0.6222
0.4533
0.2791
0.3571
0.3623
0.5106
0.5
0.7
0.3452
0.5571
0.3086
0.5128
0.7581
0.7049
0.241
0.7143
0.375
0.7241
0.3117
0.4242
0.7532
0.3394
0.6197
0.4103
0.4048
0.4127
0.3239
0.6571
0.4932
0.7273
0.1852
0.6933
0.5
0.2118
0.0488
0.6049
0.3933
0.3506
0.1509
0.3836
0.4177
0.5205
0.5882
0.3256
0.3333
0.2471
0.3544
0.4868
0.4697
0.8387
0.3803
0.566
0.3711
0.2892
0.4382
0.3816
0.4259
0.2838
0.2821
0.3718
0.3733
0.2561
0.8689
0.7193
0.5263
0.3846
0.6216
0.2162
0.5238
0.4444
0.4915
0.6933
0.4337
0.3699
0.7042
0.55
0.5352
0.5139
0.5417
0.2444
0.2805
0.4865
0.6212
0.2979
0.5068
0.3333
0.3939
0.5942
0.3421
0.6885
0.163
0.4865
0.2857
0.3737
0.6067
0.7692
0.3684
0.2
0.8788
0.3378
0.6316
0.7818
0.2
0.5595
0.6
0.9123
0.2963
0.6522
0.2208
0.6429
0.3973
0.4459
0.473
0.6
0.4286
0.3704
0.6053
0.2414
1.0385
0.16
0.5797
0.32
0.4355
0.6579
0.3837
0.525
0.9394
0.1505
0.7077
0.7746
0.5606
0.3034
0.3247
0.4659
0.3226
0.4795
0.3433
0.2222
0.5068
0.5077
0.4286
0.9286
0.3562
0.3333
0.4805
0.4762
0.3718
0.6667
0.494
0.3222
0.4459
0.3788
0.2254
0.7647
0.3222
0.4058
0.5493
0.4035
0.3537
0.4384
0.4789
1.0769
0.2549
0.3171
0.3889
0.3421
0.5443
0.506
0.3611
0.338
0.3924
0.5806
0.5088
0.7705
0.4833
0.2429
0.4096
0.2184
0.5618
0.4886
0.4821
0.5634
0.7143
0.4658
0.5714
0.3438
0.2405
0.5658
0.2105
0.3596
0.6032
0.4429
0.4231
0.4118
0.3175
0.3243
0.7424
0.6923
0.3371
0.1892
0.5439
0.3333
0.1222
0.45
0.7097
0.4045
0.4125
0.25
0.5763
0.2222
0.6944
0.2973
0.5385
0.5342
0.2692
0.5946
0.6026
0.619
0.4118
0.2469
0.3544
0.2267
1.098
0.3919
0.3971
0.519
0.3448
0.2432
0.3407
0.24
0.4423
0.2615
0.6833
0.4198
0.3297
0.3571
0.234
0.3521
0.5342
0.3723
0.5968
0.3372
0.4091
0.5467
0.4571
0.1429
0.3649
0.7
0.4857
0.8889
0.4737
0.4366
0.4328
0.6833
0.7288
0.5082
0.7759
0.3919
0.3333
0.6094
0.4026
0.5072
0.2532
0.3836
0.2816
0.4091
0.8889
0.5909
0.3882
0.8308
0.3478
0.5352
0.2414
0.3
0.4103
0.8875
0.2174
0.5942
0.9038
0.6164
0.4359
0.3133
0.3803
0.4605
0.3571
0.2283
0.6438
0.4783
0.4
0.4
0.7121
0.3378
0.3483
0.4906
0.5
0.3896
1.0351
0.2667
0.2159
0.1882
0.6029
0.5325
0.4865
0.2208
0.6866
0.3333
0.321
0.4861
0.2874
0.5075
0.2273
0.2877
0.4531
0.2136
0.2099
0.5968
0.4308
0.3867
0.5775
0.4
0.6716
0.5641
0.5385
0.1573
0.303
0.617
0.4271
0.6438
0.403
0.3913
0.85
0.6389
0.9245
0.8644
0.2317
0.5
0.6712
0.4051
0.5606
0.4603
0.3875
0.3231
0.4407
0.3204
0.6769
0.5119
0.25
0.6379
0.3933
0.4667
0.4156
0.7368
0.4697
0.56
0.2892
0.0175
0.4478
0.4118
0.3043
0.6957
0.4776
0.3973
0.375
0.5333
0.4366
0.4359
0.2466
0.8125
0.4103
0.1798
0.5517
0.3023
0.3974
0.3444
0.5
0.6786
0.4912
0.3377
0.6866
0.4318
0.3846
0.5161
0.3736
0.6212
0.7468
0.678
0.5205
0.5205
0.3803
0.2911
0.3951
0.5921
0.5
0.3333
0.3151
0.7358
0.5588
0.411
0.5079
0.2892
0.7458
0.3871
0.5556
0.4588
0.5278
0.2088
0.2927
0.2396
0.6301
0.3117
0.6538
0.2558
0.4028
0.6
0.9583
0.7656
0.314
0.4878
0.6026
0.475
0.4737
0.5781
0.2667
0.2812
0.284
0.427
0.2935
0.3125
0.2838
0.4615
0.6056
0.1744
0.561
0.3444
0.3978
0.5484
1.0182
0.8983
0.2019
0.5455
0.3956
0.5238
0.2
0.2581
0.4211
0.3039
0.4928
0.4048
0.625
0.5882
0.4648
0.4697
0.6575
0.3538
0.9623
0.2584
0.2658
0.4118
0.5063
0.6375
0.5217
0.642
0.6176
0.5278
0.7534
0.4638
0.4
0.7846
0.4568
0.3765
0.5405
0.2329
0.5077
0.3462
0.6338
0.3896
0.2778
0.1951
0.6197
0.3291
0.4912
0.3623
0.3026
0.525
0.4598
0.2651
0.4684
0.4324
0.2674
0.5395
0.5714
0.4493
0.3378
0.37
0.7619
0.4925
0.3837
0.5
0.2963
0.4304
0.2778
0.2697
0.4605
0.5634
0.75
0.2892
0.5316
0.8636
0.8125
0.2571
0.375
0.6176
0.5795
0.4239
0.2278
0.5652
0.4737
0.4878
0.2895
0.3968
0.3924
0.6111
0.5588
0.4557
0.4419
0.4286
0.4643
0.5176
0.4051
0.5323
0.1728
0.3241
0.3131
0.4074
0.25
0.6
0.4865
0.3373
0.2133
0.2703
0.2212
0.3289
0.2976
0.4691
0.1591
0.5714
0.4286
1.0476
0.4386
0.8571
0.697
0.3194
0.6333
0.5455
0.2523
0.3784
0.375
0.3875
0.2444
0.3553
0.4935
0.5205
0.3256
0.3226
0.7931
0.2796
0.4074
0.5733
0.3827
0.5139
0.5233
0.4396
0.4773
0.1765
0.4658
0.4375
0.4133
0.9153
0.7797
0.3333
0.6216
0.3803
0.6575
0.4776
0.4819
0.4493
0.7455
0.3294
0.2
1.1522
0.4521
0.3011
0.7808
0.5217
0.3295
0.407
0.5479
0.6389
0.6812
0.2955
0.8909
0.6333
0.1481
0.2432
0.3919
0.4286
0.5135
0.7794
0.375
0.4217
0.4941
0.4091
0.5147
0.3621
0.2879
0.1818
0.6
0.2088
0.2588
0.7069
0.3011
0.6522
0.4643
0.6935
0.5507
0.5172
0.1579
0.3108
0.2432
0.55
0.4795
0.5733
0.32
0.0341
0.2947
0.2692
0.68
0.2394
0.39
0.1364
0.5938
0.1875
0.2475
0.5067
0.2824
0.4366
0.5169
0.494
0.3373
0.8545
0.2899
0.3068
0.6197
0.5753
0.8788
0.2551
0.3902
0.55
0.2222
0.4394
0.25
0.3778
0.2973
0.7887
0.6714
0.3289
0.2784
0.3488
0.623
0.7
0.3108
0.4
0.274
0.4658
0.4667
0.3134
0.1954
0.481
0.2933
0.5422
0.4342
0.5588
0.2267
0.3012
0.4091
0.4058
0.5132
0.5789
0.32
0.5571
0.6721
0.5128
0.5694
0.44
0.5
0.493
0.6129
0.6265
0.6133
0.2078
0.6143
0.5362
0.2742
0.3333
0.4615
0.3733
0.5968
0.3784
0.6429
0.2326
0.8772
0.2887
0.7391
0.5204
0.4302
0.0341
0.378
1.0635
0.5128
0.4928
0.5156
0.375
0.3378
0.5517
0.3043
0.4595
0.4138
0.4921
0.4615
0.3194
0.2791
0.2755
0.6765
0.7206
0.3256
0.3974
0.3827
0.2604
0.3793
0.6316
0.5493
0.4304
0.3656
0.5
0.7368
0.6324
0.2667
0.2958
0.7385
0.2329
0.2697
0.0125
0.5294
0.3651
0.1485
0.4219
0.4235
0.1522
0.4557
0.3765
0.4615
1.0962
0.1622
0.4432
0.3333
0.4125
0.6182
0.2979
0.3699
0.7619
0.9825
0.3373
0.4848
0.5818
0.4368
0.2821
0.5
0.2353
0.7097
0.5806
0.4146
0.7222
0.3333
0.275
0.3286
0.4675
0.2763
0.3293
0.5625
0.4578
0.6885
0.9219
0.6438
0.5143
0.9516
0.9123
1
0.5
0.4459
0.4684
0.597
0.6104
0.9483
0.3088
0.4324
0.0375
0.3478
0.2759
0.4043
0.6061
0.125
0.3286
0.4268
0.3523
0.8947
0.6757
0.6207
0.3864
0.2632
0.7115
0.0341
0.4932
0.9474
0.5606
0.3448
0.4789
0.4943
0.2941
0.459
0.4789
0.2405
0.3243
0.3971
0.3333
0.5333
0.2714
0.5972
0.27
0.3483
0.4576
0.5256
0.3043
0.4189
0.5714
0.3377
0.4324
0.4535
0.5672
0.2933
0.5417
0.2895
0.5429
0.2899
1.1373
0.3968
0.4578
1.1111
0.4026
0.3023
0.5556
0.2727
0.5316
0.5395
0.3529
0.3235
0.4342
0.4839
0.4328
1
0.4242
0.4928
0.3258
0.525
0.7679
0.3
0.3788
1
0.284
0.3882
0.5179
0.3409
0.2588
0.2449
0.4091
0.411
0.8367
0.6232
0.7
0.7241
0.5147
0.7736
0.6441
0.7258
0.4722
0.3736
0.25
0.5167
0.4531
0.2872
0.4407
0.6944
0.3191
0.1651
0.1954
0.7188
0.2346
0.6418
0.6087
1.0357
0.3205
0.5467
0.36
0.271
0.3793
0.5517
0.5068
0.2564
0.3448
0.4429
0.4203
0.5821
0.2658
0.3976
0.2667
0.473
0.4333
0.45
0.2763
0.4571
0.6308
0.4651
0.1818
0.4556
0.6615
0.4688
0.4795
0.5556
0.2911
0.9608
0.2093
0.4306
0.2273
0.3012
0.726
0.4699
0.4239
0.4138
0.3684
1.0794
0.2706
0.561
0.4118
0.5244
0.2135
0.4625
0.4242
0.4177
0.3793
0.4255
0.9412
0.3152
0.6264
0.3827
0.1781
0.7797
0.3086
0.5541
0.8814
0.3125
0.4028
0.2963
0.5595
0.7581
0.5517
0.4524
0.3968
0.4848
0.9811
0.4189
0.6216
0.378
0.3467
0.5342
0.7532
0.4595
0.3333
0.5286
0.443
0.0748
0.2719
0.0278
0.012
0.275
0.0556
0.2805
0.6667
0.2632
0.025
0.5735
0.4938
0.0714
0.4267
0.2907
0.369
0.3768
0.3838
0.0125
0.6857
0.3333
0.6
0.3293
0.5385
0.8065
0.7049
0.241
0.6286
0.4028
0.7586
0.3247
0.0133
0.05
0.0248
0.0323
0.0345
0.0532
0.0278
0.2958
0.0101
0
0.6364
0.2315
0.0294
0.338
0.2118
0.6308
0.0185
0.2921
0.3636
0.0631
0.046
0.4051
0.4384
0.5294
0.3721
0.2121
0.0109
0.3291
0.4545
0.5
0.7742
0.3662
0.5849
0.0087
0.0108
0.0792
0.3289
0.3981
0.3378
0.3205
0.0112
0.0233
0.3049
0.8033
0.6667
0.0316
0.3974
0.6081
0.0513
0.0385
0.4028
0.5424
0.64
0.4684
0.2727
0.7042
0.0515
0.5211
0.5417
0.5556
0.2333
0.0114
0.4324
0.6212
0.3085
0.4521
0.0183
0.2609
0.0238
0.3553
0.6721
0.1196
0.2471
0.2418
0.3636
0.0268
0.7692
0.3553
0.2375
0.8182
0.3649
0.569
0.6909
0.0291
0.0192
0.0309
0.0625
0.2593
0.6087
0.0247
0.0112
0.3699
0.473
0.4459
0.0353
0.3626
0.3086
0.5658
0.2529
0.9423
0.0256
0.5362
0.3067
0.5161
0.1064
0.2386
0.0316
0.8788
0.172
0.6769
0.6901
0.4697
0.0294
0.175
0.5227
0.3387
0.0575
0.403
0.0105
0.4384
0.619
0.0385
0.04
0.3288
0.4634
0.4675
0.5397
0.3846
0.625
0.4578
0.3778
0.4189
0.026
0.1972
0.0108
0.0095
0
0.0227
0.0735
0.4024
0.0233
0.0595
0.0179
0.2451
0.2771
0.375
0.3026
0.4937
0.494
0.0247
0.3662
0.3418
0.0375
0.0423
0.6557
0.4667
0.3
0.3855
0.0968
0.5955
0
0.0308
0.5493
0.0385
0.0118
0.0119
0.2812
0.2658
0.011
0.2763
0.0208
0.5873
0
0.2736
0.013
0.0571
0.0843
0.6667
0.7231
0.0202
0.0375
0.0588
0.2976
0.1111
0.4875
0.0133
0.2308
0.05
0.2969
0.55
0.1951
0.0471
0.3243
0.5256
0.5068
0.2821
0.0227
0.023
0.6032
0.075
0.0482
0.0326
0.037
1.098
0.075
0.4265
0.481
0.0606
0.0361
0.06
0.0723
0.0407
0.0429
0.6333
0.3704
0.3846
0.2714
0.234
0.3944
0.5616
0.0278
0.6129
0.0194
0.3939
0.5333
0.4571
0.0412
0.3649
0.6333
0.4286
0.0417
0.5263
0
0.0125
0.6667
0.5167
0.5082
0.013
0.3649
0.0099
0.625
0.4156
0
0.1899
0.0465
0.0342
0.4394
0.0297
0.5909
0.0194
0.5942
0.3261
0.5211
0.0312
0.0396
0.0323
0.9125
0.2571
0.5942
0.7593
0.0562
0.4359
0.2706
0.338
0.3158
0.0598
0.2717
0.0412
0.5362
0.0541
0.0909
0.0337
0.3378
0.3258
0.5283
0.5152
0.3766
0.0244
0.3111
0.1667
0.1647
0.0494
0.5065
0.4595
0.1818
0.7164
0.0541
0.3457
0.0222
0.3218
0.6269
0.0274
0.0482
0.4375
0.2233
0
0.0833
0.4
0.3867
0.5493
0.4
0.7015
0.5641
0.061
0.1348
0.0435
0.4898
0.3646
0.0312
0.0256
0.0244
0.026
0.5139
1.1321
0.8475
0.2561
0.5
0.0652
0.3924
0.0233
0.4444
0.3457
0.0141
0.339
0.3301
0.7385
0.6071
0.2717
0.5932
0.2778
0.04
0.0337
0.7193
0.4848
0.56
0.3133
0.0263
0.3944
0.4412
0.0658
0.6522
0.0526
0.0233
0.4062
0.0735
0.4085
0.4103
0.2603
0.8281
0.0435
0.1932
0.4045
0.2907
0.3333
0.0306
0.3684
0.026
0.1014
0.3117
0.6716
0.3977
0.0132
0.0405
0.3846
0.5909
0.0459
0.6102
0.0667
0.5342
0.0854
0.119
0.0761
0.5658
0.4792
0.0253
0.2466
0.6981
0.5588
0.4795
0.4762
0.0208
0.0488
0.371
0.4444
0.0323
0
0.1868
0.0208
0.0097
0.589
0.2949
0.5769
0.2907
0.0118
0.4677
0.9167
0.022
0.2529
0.4024
0.5256
0.0417
0.033
0.5469
0.0494
0.0286
0.2716
0.0288
0.2826
0.0667
0.25
0.4154
0.6056
0.2326
0.4878
0.3444
0.0182
0.5806
0.9455
0.7966
0.0091
0.5455
0.3956
0.5714
0.0532
0.3187
0.3229
0.0085
0.4058
0.4167
0.6111
0.5588
0.3803
0.3939
0.6712
0.3385
0.9623
0.2697
0.2405
0.3529
0.481
0.0566
0.3763
0.642
0.4366
0.5417
0.03
0.0118
0.4
0.7692
0.033
0.0388
0.4474
0.0127
0.0513
0.359
0.0761
0.3766
0.2444
0.2439
0.6338
0.0444
0.5439
0.4493
0.2105
0.0202
0.0505
0.2048
0.3671
0.4324
0.1685
0.4868
0.0238
0.4928
0.0465
0.0345
0.6667
0.5224
0.3372
0.527
0.284
0.4557
0.3333
0.0989
0.3289
0.5634
0.7647
0.2651
0.4937
0.8088
0.8125
0.038
0.3611
0.026
0
0.4022
0.1772
0.5797
0.3718
0.0526
0.2895
0.0282
0.3544
0.5833
0.5588
0.5316
0.4419
0.4286
0.4762
0.5294
0.0435
0.4677
0.1852
0.0163
0.35
0.3704
0.0102
0.0615
0.4459
0.3012
0.2133
0.0875
0.2212
0.2763
0.0204
0.4815
0.2414
0.0408
0.3974
0.9365
0.3509
0.8163
0.6667
0.3056
0.6167
0.0521
0.0082
0.4658
0.3146
0.0426
0.1889
0.0233
0.4935
0.3151
0.2674
0.4032
0.0127
0.2903
0.0106
0.0568
0.3827
0.0125
0.0094
0.0654
0.0374
0.0377
0.0337
0.2202
0.3867
0.8983
0.6271
0.3636
0.527
0.4085
0.6301
0.0244
0.1856
0.0247
0.6727
0.3294
0.0325
0.0147
0.4932
0.266
0.6986
0.2432
0.0515
0.266
0.0556
0.0106
0.023
0.3068
0.7455
0.6271
0.1358
0
0.0488
0.3896
0.0222
0.7794
0.04
0.0408
0.5059
0.4091
0.4167
0.0625
0.3636
0.086
0.0112
0.06
0.0217
0.6724
0.3118
0.7391
0.0615
0.0341
0.5217
0.0093
0.1474
0.0361
0
0.0385
0.4795
0.5067
0.32
0.0114
0.0467
0.0439
0.0515
0.0256
0.0254
0.0532
0.5156
0
0.2376
0.6133
0
0.3662
0.3
0.0515
0.3614
0.0133
0.2899
0.0101
0.6338
0.1585
0.8788
0.2551
0.3951
0.0426
0.202
0.0625
0.0526
0.3444
0.2838
0.831
0.0326
0.3816
0.2371
0.049
0.5323
0.0106
0.3108
0.4
0.037
0.0471
0.3733
0.0135
0.1954
0.3671
0.28
0.0185
0.4211
0.5735
0.2933
0.1489
0.4923
0.0241
0.4605
0.0811
0.2533
0.5429
0
0.5513
0.5833
0.3718
0.5139
0.4366
0.5323
0.5181
0.5333
0.2105
0.0241
0.5507
0.25
0.0215
0.4103
0.3867
0.5806
0.3108
0.0366
0.0312
0.7719
0.268
0.7391
0.5102
0.3837
0.0341
0.2857
1.0635
0.0421
0.5507
0.5156
0.0213
0.2973
0.5402
0.0274
0.4459
0.4023
0.0556
0.4487
0.2778
0.0421
0.2551
0.6912
0.4211
0.2614
0.3718
0.4444
0.25
0.3218
0.6447
0.493
0.3544
0.0385
0.5303
0.7719
0.1728
0.0707
0.2676
0.0247
0.2877
0.2584
0
0.5294
0.4032
0.099
0.0123
0.1809
0.1739
0.0842
0.3765
0.5231
1.0962
0.1892
0.3864
0.4074
0.375
0.5636
0.0183
0.4247
0.0595
0.0253
0
0.0519
0.0149
0.3678
0.0805
0.5513
0.0265
0.6452
0.6452
0.4024
0.0725
0.3333
0.0233
0.4203
0.5455
0.2368
0.0105
0.5469
0.4578
0.5806
0.9219
0.0515
0.4857
1
0.0494
1.0308
0.0211
0.0235
0.4684
0.5373
0.5455
0.0125
0.3529
0.0222
0.5672
0.337
0.3218
0.018
0.6212
0.1364
0.3
0.3253
0
0.8772
0.0213
0.5763
0.375
0.1959
0.7115
0.0568
0.3836
0.8246
0.037
0.3448
0.5493
0.0187
0.3235
0.4426
0.0233
0.0118
0.3243
0.0854
0.3333
0.5
0.038
0.625
0
0.3371
0.4237
0.3023
0.2609
0.0341
0.6
0.2597
0.2727
0.4884
0.4925
0.3289
0
0.2895
0.022
0.0247
1.1176
0.381
0.0404
0.0405
0.0222
0.2907
0.5238
0.0938
0.5443
0.4474
0.3412
0.2941
0.0795
0.0857
0.4627
1
0.3788
0.4783
0.04
0.4375
0.75
0.061
0.3182
0.9643
0.284
0.3721
0.5179
0.3182
0.0312
0.1919
0.0133
0.4247
0.6939
0.0706
0.6857
0.025
0.5147
0.0294
0.6441
0.7581
0.375
0.0367
0.0194
0.5333
0.5
0.028
0.0556
0.6111
0.266
0.0085
0.0532
0.75
0.4211
0.6119
0.5797
0.0253
0.3333
0.52
0.0222
0.2685
0.3678
0.5862
0.033
0.2564
0.3295
0.0581
0.3623
0.0341
0.2278
0.0215
0.3048
0.5541
0.4333
0.0435
0.3421
0.4714
0.0256
0.4651
0.0238
0.4444
0.5672
0.0267
0.4795
0
0.023
0.0139
0.011
0.0233
0.0408
0.0659
0.7123
0.5244
0.0531
0.3793
0.2895
1.1452
0.0638
0.01
0.0247
0.4634
0.2135
0.4
0.0132
0.2381
0.3448
0.383
0.8235
0.3261
0.1456
0.3827
0.0253
0.7458
0.0632
0.5405
0.5538
0.25
0.0345
0.2716
0.5595
0.6935
0.0423
0.0309
0.027
0.025
0.0161
0.3649
0.5811
0.3415
0.32
0.0119
0.7403
0.3867
0.3913
0.0588
0.481
