ncvFD_AFR	ncvFD_EUR	ncvFD_ASN	ncv_AFR	ncv_EUR	ncv_ASN	hka_AFR	hka_EUR	hka_ASN
0.4662	0.4685	0.4904	0.3865	0.3465	0.4447	0.48	0.3067	0.2237
0.4153	0.4138	0.4174	0.3204	0.3168	0.2683	1.1111	1.1111	0.7407
0.4488	0.4423	0.4652	0.3459	0.233	0.3834	0.5934	0.3846	0.4835
0.4488	0.4451	0.4922	0.3412	0.2774	0.4749	0.5714	0.4286	0.4603
0.4686	0.4687	0.4871	0.3927	0.2998	0.433	0.4659	0.2333	0.2556
0.429	0.418	0.47	0.3265	0.2272	0.4282	0.8507	0.6119	0.7761
0.4086	0.3969	0.4109	0.2661	0.211	0.2288	0.8636	0.8182	0.697
0.4491	0.4374	0.4764	0.3709	0.328	0.4321	0.7532	0.7013	0.5714
0.4242	0.4198	0.4369	0.3179	0.2644	0.3197	0.8889	0.6944	0.6667
0.4308	0.4057	0.4539	0.3346	0.2061	0.3719	0.875	0.7	0.65
0.4355	0.4382	0.4867	0.3207	0.2853	0.4609	0.6951	0.5244	0.5366
0.4523	0.4454	0.4746	0.3719	0.3138	0.4108	0.6854	0.5169	0.4382
0.452	0.4555	0.4924	0.356	0.278	0.4673	0.5895	0.3263	0.3158
0.4162	0.4031	0.4513	0.3045	0.1824	0.3754	0.9538	0.6769	0.7385
0.4496	0.4505	0.4944	0.3553	0.3106	0.4817	0.6316	0.4421	0.4526
0.4252	0.4209	0.4578	0.2938	0.2564	0.3574	0.7333	0.6533	0.4933
0.4461	0.4326	0.4672	0.3746	0.2645	0.401	0.8696	0.5362	0.5507
0.3636	0.3715	0.4111	0.2708	0.266	0.3478	2	1.6667	1.6875
0.4588	0.4516	0.483	0.3708	0.3294	0.4358	0.5422	0.4819	0.3855
0.4462	0.4482	0.4988	0.3661	0.3376	0.4863	0.7826	0.5652	0.1
0.4483	0.4531	0.4567	0.3506	0.3291	0.3306	0.6282	0.4615	0.4177
0.4347	0.445	0.4705	0.3545	0.3368	0.4311	0.9649	0.614	0.807
0.4387	0.4295	0.4486	0.3426	0.235	0.3412	0.7671	0.5068	0.5753
0.4289	0.4185	0.4894	0.3259	0.2255	0.4708	0.8493	0.6027	0.589
0.4652	0.4638	0.4977	0.3974	0.3415	0.4888	0.5738	0.3548	0.2581
0.427	0.4287	0.4414	0.2822	0.2741	0.3069	0.6585	0.6098	0.5488
0.4563	0.4538	0.477	0.3542	0.2742	0.412	0.5053	0.3368	0.3895
0.4189	0.4223	0.4766	0.3048	0.3339	0.4457	0.9024	1.0732	0.8049
0.3965	0.4133	0.4778	0.2511	0.2925	0.4516	0.9859	0.9296	0.8873
0.4451	0.4457	0.4572	0.3421	0.2922	0.3607	0.64	0.4533	0.52
0.437	0.4404	0.4714	0.3085	0.2887	0.4011	0.6164	0.5068	0.4521
0.4374	0.4293	0.4936	0.323	0.2774	0.4818	0.675	0.6125	0.55
0.4658	0.4618	0.4904	0.3723	0.3228	0.4521	0.4211	0.3368	0.2632
0.4425	0.4424	0.4864	0.3317	0.2952	0.4547	0.6316	0.5	0.4474
0.4369	0.4358	0.4855	0.3176	0.2864	0.4551	0.6571	0.5571	0.5
0.4298	0.4196	0.4494	0.322	0.2579	0.352	0.8052	0.6753	0.6154
0.4307	0.4274	0.4914	0.2924	0.2316	0.472	0.6444	0.5222	0.4556
0.4109	0.4206	0.4852	0.3015	0.3057	0.4658	1.0417	0.875	0.7917
0.4532	0.4556	0.4845	0.3722	0.3504	0.4475	0.6667	0.5	0.4444
0.439	0.4405	0.4457	0.3363	0.2889	0.3198	0.72	0.5067	0.5333
0.4494	0.4442	0.4612	0.3469	0.2969	0.353	0.5882	0.4824	0.4235
0.4095	0.4165	0.4958	0.2594	0.2674	0.4898	0.8194	0.75	0.7083
0.4614	0.4672	0.4685	0.3735	0.3634	0.3729	0.5053	0.3684	0.3789
0.4316	0.4224	0.4462	0.3237	0.2135	0.336	0.7821	0.5385	0.5897
0.4166	0.4924	0.4478	0.3325	0.4635	0.3709	1.2143	0.2754	0.7857
0.4528	0.4514	0.4996	0.3428	0.3154	0.49	0.5143	0.4429	0.038
0.4538	0.4445	0.495	0.3692	0.2664	0.4788	0.6322	0.4138	0.3182
0.4256	0.4119	0.4804	0.3112	0.2356	0.4532	0.8169	0.7042	0.7606
0.4022	0.3952	0.4598	0.2592	0.1748	0.4077	0.9333	0.7467	0.8533
0.3904	0.3903	0.4829	0.2512	0.2196	0.4633	1.0923	0.9385	0.9091
0.4374	0.4553	0.4873	0.3449	0.3653	0.4632	0.8116	0.5775	0.5493
0.4425	0.4246	0.4416	0.371	0.2406	0.3301	0.9306	0.5694	0.6389
0.4353	0.4401	0.4798	0.3102	0.299	0.441	0.6486	0.5405	0.5541
0.4715	0.4781	0.4849	0.4093	0.3116	0.3862	0.5054	0.1633	0.1735
0.3599	0.3581	0.4212	0.2197	0.1941	0.3494	1.4828	1.3448	1.3103
0.4535	0.4485	0.4891	0.3495	0.3159	0.4614	0.5309	0.4815	0.4074
0.4046	0.3774	0.4336	0.3263	0.2279	0.3707	1.5094	1.1887	1.2264
0.4329	0.4366	0.4989	0.3111	0.3112	0.4836	0.6901	0.6338	0.075
0.4461	0.4221	0.4956	0.3672	0.2589	0.4884	0.7941	0.6471	0.6176
0.4428	0.4321	0.443	0.3797	0.2731	0.2907	1.0395	0.5641	0.481
0.4432	0.436	0.4894	0.3287	0.239	0.4682	0.6056	0.4507	0.5211
0.4395	0.4363	0.459	0.3054	0.2123	0.3314	0.5684	0.4105	0.3895
0.4141	0.4077	0.4072	0.2761	0.2382	0.2035	0.8235	0.7647	0.6765
0.4573	0.4572	0.4707	0.3647	0.2676	0.3772	0.5373	0.2985	0.3582
0.452	0.4552	0.4784	0.333	0.3362	0.4274	0.4896	0.4545	0.4583
0.468	0.4642	0.4978	0.37	0.3004	0.4888	0.3776	0.2755	0.2449
0.4586	0.4451	0.4823	0.3931	0.3156	0.4388	0.7105	0.5263	0.4342
0.4494	0.448	0.4801	0.341	0.2523	0.4315	0.56	0.36	0.44
0.4316	0.4336	0.4962	0.3377	0.3104	0.4889	0.8824	0.6765	0.5147
0.4542	0.4444	0.4949	0.3463	0.259	0.4812	0.5057	0.4023	0.3793
0.4328	0.4287	0.4962	0.3381	0.2963	0.4897	0.8596	0.6897	0.5862
0.4425	0.4403	0.4795	0.3145	0.2881	0.4385	0.56	0.5067	0.5333
0.4471	0.4411	0.4617	0.2896	0.2571	0.3734	0.4318	0.4318	0.5
0.4748	0.4696	0.4971	0.4149	0.3586	0.4679	0.4615	0.3205	0.1013
0.4424	0.4331	0.4944	0.3524	0.2798	0.4754	0.7582	0.5714	0.3
0.4606	0.4603	0.4933	0.3707	0.2843	0.4724	0.5063	0.2911	0.3291
0.4144	0.4198	0.4338	0.294	0.2823	0.3147	0.9176	0.7647	0.6941
0.4353	0.442	0.4977	0.3133	0.3054	0.4718	0.6618	0.5352	0.093
0.4355	0.4224	0.4754	0.3441	0.2383	0.4284	0.8471	0.5882	0.5647
0.4563	0.4577	0.4991	0.3368	0.2968	0.4851	0.4405	0.3333	0.0638
0.4589	0.4615	0.4893	0.347	0.3439	0.455	0.4375	0.3906	0.3281
0.4277	0.426	0.4995	0.2912	0.2185	0.488	0.6829	0.5122	0.0485
0.437	0.4261	0.4925	0.3332	0.2723	0.4803	0.7391	0.6377	0.6232
0.4566	0.4604	0.4946	0.3298	0.3234	0.4779	0.4167	0.3542	0.3333
0.4474	0.4546	0.4967	0.3412	0.3414	0.4881	0.5949	0.481	0.3797
0.4068	0.3818	0.4677	0.3033	0.1964	0.4319	1.1507	0.9726	0.9726
0.4476	0.4461	0.4954	0.3467	0.3115	0.4493	0.619	0.5	0.1053
0.4348	0.4319	0.4894	0.3399	0.2914	0.4683	0.8281	0.625	0.5156
0.4655	0.4639	0.4914	0.3725	0.3182	0.4524	0.4268	0.3049	0.2317
0.4505	0.4369	0.4619	0.3382	0.2408	0.3676	0.5309	0.4444	0.4691
0.4527	0.4427	0.4962	0.3546	0.3091	0.4395	0.5692	0.5385	0.0714
0.4349	0.4346	0.4757	0.3088	0.2825	0.4325	0.6484	0.5604	0.6044
0.4328	0.4317	0.4712	0.299	0.2745	0.4204	0.6404	0.573	0.618
0.4301	0.4327	0.4953	0.3264	0.2652	0.4852	0.8293	0.5366	0.4756
0.4532	0.4576	0.4988	0.3874	0.3864	0.4805	0.8077	0.675	0.0659
0.4208	0.4132	0.4947	0.3093	0.2745	0.4294	0.8961	0.8312	0.0882
0.4052	0.3888	0.4677	0.2778	0.2087	0.4309	0.9865	0.9189	0.9459
0.4454	0.4384	0.4919	0.3511	0.2595	0.4732	0.6866	0.4627	0.4478
0.4747	0.4769	0.482	0.4098	0.3505	0.3703	0.4286	0.2157	0.1863
0.4486	0.4322	0.4554	0.3805	0.2664	0.3626	0.8636	0.5455	0.5606
0.4502	0.4499	0.4589	0.3534	0.3252	0.2734	0.6087	0.4928	0.2899
0.4301	0.4112	0.4457	0.3058	0.1778	0.3361	0.7111	0.5889	0.6
0.4322	0.418	0.424	0.3476	0.2255	0.1827	0.9589	0.6081	0.4795
0.4142	0.4051	0.4738	0.3038	0.2519	0.4388	0.9895	0.8526	0.8
0.4579	0.4404	0.4622	0.4005	0.2863	0.3754	0.8194	0.5	0.5
0.4344	0.444	0.4901	0.2977	0.3068	0.4667	0.6125	0.5125	0.4375
0.4538	0.451	0.472	0.359	0.2826	0.3857	0.5714	0.3776	0.3673
0.4633	0.4932	0.4966	0.3889	0.4736	0.4813	0.5571	0.3571	0.2222
0.4299	0.4235	0.4874	0.3122	0.279	0.4649	0.7468	0.6962	0.5823
0.4091	0.4052	0.4447	0.3039	0.2547	0.3636	1.1017	0.8644	0.7966
0.4118	0.4	0.4111	0.3267	0.2927	0.2965	1.2807	1.2105	1
0.4018	0.3937	0.4876	0.322	0.2636	0.4757	1.5333	1.1111	1.0667
0.4579	0.4446	0.4571	0.3747	0.2825	0.3269	0.5833	0.4444	0.4028
0.4126	0.3991	0.4933	0.3069	0.2165	0.4843	1.0484	0.8065	0.7581
0.4541	0.4452	0.4795	0.3691	0.2328	0.4324	0.625	0.3594	0.4688
0.4261	0.425	0.4942	0.3098	0.2687	0.485	0.8	0.64	0.64
0.425	0.4127	0.4938	0.3365	0.2215	0.4844	1.0286	0.6571	0.6714
0.4217	0.4219	0.4991	0.303	0.2172	0.4851	0.8382	0.5507	0.0682
0.4333	0.4281	0.4925	0.3146	0.2044	0.4769	0.7011	0.4713	0.4943
0.478	0.4776	0.4808	0.3931	0.3589	0.369	0.2907	0.2209	0.1977
0.4166	0.4135	0.4297	0.2824	0.2457	0.3208	0.8143	0.7143	0.8
0.4074	0.3971	0.4483	0.2886	0.2395	0.3867	1.0159	0.9206	0.9524
0.4453	0.4383	0.4872	0.3277	0.2704	0.4588	0.5694	0.4861	0.4722
0.4355	0.4306	0.4892	0.3184	0.2673	0.467	0.6833	0.5667	0.5
0.4653	0.4616	0.494	0.3957	0.2367	0.4693	0.5588	0.2353	0.25
0.4246	0.4332	0.4478	0.2977	0.3159	0.314	0.76	0.71	0.4851
0.4483	0.4518	0.4993	0.3085	0.2686	0.4886	0.4632	0.3474	0.0654
0.4683	0.4732	0.4895	0.3932	0.3642	0.4414	0.4742	0.2857	0.2323
0.4195	0.4072	0.4917	0.3194	0.2808	0.4824	1	0.9688	0.9062
0.4596	0.4582	0.4961	0.3667	0.2998	0.4834	0.5057	0.3333	0.3103
0.4219	0.4229	0.4308	0.3193	0.2782	0.2984	0.9464	0.7018	0.6667
0.4561	0.4686	0.4974	0.3392	0.2944	0.4872	0.4512	0.2289	0.253
0.4417	0.4411	0.4341	0.3275	0.3254	0.2234	0.625	0.625	0.4444
0.4373	0.4393	0.4823	0.3177	0.2834	0.441	0.6506	0.506	0.4578
0.4615	0.462	0.4747	0.3863	0.2874	0.3789	0.5814	0.2791	0.3023
0.443	0.4345	0.4479	0.3548	0.3015	0.3272	0.7639	0.625	0.5278
0.4422	0.4411	0.4879	0.3308	0.3214	0.4609	0.6329	0.6076	0.4684
0.4145	0.429	0.4481	0.2673	0.2642	0.3477	0.7792	0.5769	0.6154
0.4465	0.4445	0.4457	0.3243	0.2897	0.2713	0.5385	0.4615	0.4103
0.45	0.4372	0.4915	0.3363	0.226	0.4733	0.5309	0.4198	0.4815
0.4161	0.4138	0.4779	0.2741	0.2474	0.4487	0.7838	0.7162	0.7973
0.4431	0.4351	0.454	0.3788	0.2638	0.3419	1.0161	0.5075	0.4925
0.4499	0.438	0.4947	0.3432	0.267	0.4798	0.5632	0.4828	0.3678
0.3932	0.3972	0.4909	0.2263	0.2276	0.48	0.9221	0.8701	0.8571
0.4485	0.439	0.4624	0.3496	0.3086	0.3878	0.619	0.5873	0.5714
0.4473	0.4407	0.4896	0.3637	0.2971	0.4654	0.7368	0.5263	0.4487
0.4269	0.4328	0.4322	0.3024	0.3054	0.2497	0.746	0.6667	0.5079
0.4355	0.4318	0.4852	0.3474	0.2652	0.4599	0.875	0.5469	0.6094
0.4151	0.4098	0.4573	0.2816	0.2603	0.4015	0.8361	0.8197	0.8525
0.4174	0.4011	0.4924	0.3241	0.2254	0.4829	1.0952	0.8095	0.8254
0.4522	0.4483	0.4957	0.3583	0.3147	0.4847	0.5974	0.4805	0.4026
0.4707	0.4758	0.4841	0.3601	0.3498	0.3737	0.3093	0.2268	0.1649
0.4282	0.4199	0.4645	0.2888	0.2362	0.386	0.6667	0.6111	0.5139
0.4545	0.4471	0.4477	0.3531	0.2478	0.2417	0.5301	0.3614	0.3494
0.4513	0.4404	0.4928	0.3542	0.2807	0.4748	0.5921	0.4868	0.4079
0.4343	0.4262	0.4909	0.3414	0.2786	0.4729	0.8507	0.6567	0.5224
0.4311	0.4299	0.4706	0.338	0.3006	0.4121	0.8966	0.6897	0.5517
0.4607	0.4521	0.4929	0.3719	0.2432	0.4713	0.5116	0.314	0.3372
0.418	0.4094	0.4838	0.3132	0.2689	0.465	0.9831	0.8644	0.8983
0.4752	0.4744	0.4933	0.3842	0.3575	0.4633	0.3086	0.2561	0.2317
0.4407	0.4396	0.446	0.3131	0.2485	0.3032	0.5795	0.4318	0.4773
0.4657	0.4723	0.4951	0.3831	0.3393	0.4573	0.473	0.25	0.1341
0.4454	0.4466	0.4915	0.3456	0.2967	0.4734	0.6533	0.4533	0.48
0.4647	0.4504	0.4546	0.372	0.3222	0.2899	0.439	0.4756	0.3537
0.4217	0.4197	0.4308	0.2759	0.2304	0.3114	0.7091	0.6	0.7273
0.442	0.4458	0.4901	0.3391	0.3164	0.4661	0.68	0.52	0.4267
0.4579	0.4553	0.4872	0.3482	0.3374	0.4557	0.4565	0.4565	0.4239
0.4357	0.4271	0.4416	0.3412	0.2319	0.2866	0.8205	0.525	0.4875
0.4415	0.4398	0.4969	0.3313	0.2863	0.49	0.6462	0.5077	0.4462
0.4624	0.4883	0.4984	0.3889	0.4384	0.4734	0.5789	0.25	0.068
0.4208	0.414	0.4728	0.3078	0.2846	0.4407	0.8852	0.8689	0.9016
0.4105	0.4019	0.4339	0.2885	0.2011	0.3364	0.9552	0.7313	0.8209
0.3999	0.3888	0.4249	0.262	0.1916	0.3146	0.9877	0.8642	0.8519
0.4449	0.4591	0.4959	0.3043	0.3224	0.4334	0.4943	0.3678	0.0707
0.4339	0.4405	0.4957	0.3383	0.3212	0.4874	0.8356	0.6164	0.5195
0.4623	0.4586	0.4893	0.3939	0.3292	0.4581	0.6211	0.3895	0.3579
0.4079	0.403	0.4356	0.2714	0.222	0.3367	0.9014	0.7746	0.7887
0.4271	0.4207	0.4533	0.3201	0.2582	0.3754	0.8451	0.662	0.6901
0.45	0.4484	0.446	0.3624	0.3149	0.2349	0.6667	0.48	0.3553
0.4508	0.4474	0.4762	0.3328	0.2559	0.4159	0.5062	0.3704	0.4321
0.4708	0.4661	0.4992	0.3996	0.3029	0.4841	0.4565	0.2609	0.0515
0.4484	0.4587	0.4947	0.3006	0.3256	0.4775	0.4421	0.3789	0.3163
0.4736	0.4753	0.4954	0.4078	0.3268	0.4734	0.4432	0.2022	0.2135
0.4195	0.411	0.4319	0.3035	0.2586	0.2866	0.8824	0.7941	0.6087
0.4709	0.4702	0.499	0.349	0.3447	0.4867	0.2828	0.2828	0.0857
0.4062	0.3917	0.498	0.286	0.2019	0.4787	1.0204	0.8571	0.1077
0.4249	0.4194	0.4733	0.3085	0.283	0.4261	0.8133	0.7733	0.6133
0.4407	0.4375	0.4942	0.3237	0.298	0.4816	0.6234	0.5714	0.4675
0.4187	0.4113	0.4876	0.3154	0.2025	0.4692	0.9846	0.6308	0.6923
0.4593	0.4629	0.4878	0.3954	0.2908	0.4404	0.7143	0.275	0.275
0.422	0.4232	0.4861	0.2923	0.2667	0.4669	0.7761	0.6567	0.7463
0.4426	0.4329	0.4474	0.324	0.2338	0.2751	0.5955	0.4719	0.4
0.4318	0.4152	0.4442	0.3445	0.2384	0.3603	0.9375	0.6719	0.7812
0.452	0.438	0.4962	0.3588	0.2998	0.4584	0.6047	0.5698	0.1058
0.4302	0.4193	0.4544	0.3327	0.2591	0.3778	0.873	0.6825	0.6825
0.4308	0.4221	0.4383	0.3351	0.2756	0.3473	0.8784	0.7027	0.8108
0.4241	0.4215	0.4533	0.3008	0.2311	0.3516	0.7848	0.5823	0.5443
0.3989	0.3919	0.454	0.2839	0.1926	0.3992	1.1562	0.8281	0.9375
0.4388	0.4364	0.4952	0.3432	0.3134	0.486	0.7692	0.6462	0.5231
0.42	0.4055	0.4148	0.3206	0.2425	0.2754	1	0.8095	0.8095
0.4467	0.4402	0.4446	0.3399	0.3289	0.2672	0.6	0.6571	0.4143
0.4647	0.4633	0.4924	0.382	0.3536	0.4687	0.4868	0.3947	0.3289
0.4298	0.4256	0.4848	0.3161	0.2946	0.4575	0.7703	0.7297	0.5811
0.4287	0.4278	0.4411	0.3107	0.2946	0.3151	0.7595	0.6962	0.5823
0.4479	0.4284	0.4635	0.3452	0.189	0.3898	0.6055	0.4495	0.5596
0.4256	0.4398	0.494	0.3037	0.3388	0.4821	0.7746	0.7183	0.5135
0.4425	0.436	0.4739	0.3279	0.312	0.4168	0.6146	0.6458	0.5
0.4543	0.4551	0.4726	0.3298	0.3033	0.3773	0.4468	0.3723	0.3298
0.4321	0.4375	0.4844	0.2779	0.2896	0.4501	0.5778	0.5444	0.4778
0.4446	0.4395	0.4945	0.37	0.233	0.4817	0.8615	0.4091	0.4394
0.4045	0.412	0.4494	0.2607	0.2277	0.3774	0.9028	0.6806	0.8056
0.4678	0.4641	0.4719	0.3987	0.2971	0.3503	0.5195	0.2727	0.2727
0.434	0.4254	0.49	0.341	0.2671	0.4462	0.8548	0.629	0.2429
0.4089	0.4165	0.486	0.2732	0.2899	0.4655	0.8947	0.8553	0.7105
0.4725	0.4713	0.4702	0.4034	0.3612	0.3455	0.4412	0.3039	0.2843
0.4583	0.4601	0.4856	0.3823	0.3362	0.4409	0.6269	0.3881	0.3433
0.4493	0.4483	0.4605	0.3382	0.283	0.3395	0.5507	0.4058	0.3913
0.4058	0.3875	0.4739	0.3063	0.2157	0.4452	1.2037	0.963	0.963
0.4468	0.4476	0.4733	0.353	0.3158	0.3915	0.6706	0.4941	0.3678
0.4123	0.3993	0.4882	0.3362	0.2529	0.4744	1.4035	0.9483	0.8793
0.4232	0.4306	0.4484	0.2893	0.2876	0.3255	0.7429	0.6286	0.5143
0.4074	0.408	0.4676	0.3418	0.3258	0.4353	1.7115	1.3846	1.0769
0.4582	0.4555	0.486	0.3632	0.3125	0.4435	0.5125	0.3875	0.35
0.4407	0.4373	0.4524	0.3491	0.2145	0.3307	0.7711	0.4048	0.4762
0.4499	0.4553	0.4973	0.3312	0.3252	0.4533	0.514	0.4206	0.065
0.4339	0.424	0.4904	0.316	0.2151	0.472	0.6974	0.5263	0.5395
0.4452	0.4386	0.4824	0.357	0.2864	0.4441	0.7326	0.5227	0.4886
0.4205	0.4181	0.4646	0.3132	0.2057	0.4067	0.9296	0.5676	0.6757
0.4254	0.4147	0.4867	0.2994	0.1762	0.468	0.7568	0.5541	0.7297
0.4644	0.4609	0.4716	0.3662	0.2831	0.3638	0.4205	0.2841	0.3068
0.4347	0.4402	0.4717	0.2865	0.2826	0.4065	0.5714	0.4935	0.4805
0.4407	0.4397	0.4904	0.3388	0.2718	0.467	0.7013	0.4744	0.4231
0.4687	0.4672	0.498	0.3987	0.3331	0.489	0.5	0.2955	0.2273
0.395	0.3795	0.391	0.3	0.2152	0.2394	1.4237	1.0847	1.0169
0.4745	0.4695	0.4801	0.4033	0.2358	0.4311	0.3974	0.1795	0.4359
0.4209	0.42	0.4327	0.3009	0.2125	0.2865	0.8415	0.561	0.5976
0.4587	0.4505	0.4959	0.3452	0.2613	0.4822	0.4337	0.3494	0.3012
0.4071	0.3985	0.4946	0.3176	0.2601	0.488	1.3	1	0.8333
0.4216	0.4255	0.4258	0.2829	0.2745	0.2508	0.7391	0.6522	0.5797
0.4536	0.4523	0.448	0.3839	0.3582	0.2802	0.7581	0.5968	0.4032
0.4449	0.4571	0.4956	0.3152	0.2955	0.4812	0.5286	0.338	0.3099
0.4398	0.4402	0.4749	0.355	0.2969	0.4252	0.8387	0.5323	0.5484
0.4413	0.4437	0.455	0.3321	0.3352	0.3539	0.6538	0.6282	0.5256
0.4166	0.4148	0.4781	0.3056	0.2914	0.4482	0.9545	0.8939	0.7727
0.4525	0.4441	0.4488	0.3515	0.2675	0.2815	0.5568	0.4205	0.3977
0.4554	0.4497	0.4573	0.3652	0.2862	0.2996	0.5753	0.3973	0.3425
0.3961	0.3915	0.4817	0.2882	0.2691	0.4656	1.2623	1.1967	1.1803
0.4368	0.4302	0.4993	0.2958	0.2003	0.49	0.5729	0.4479	0.0708
0.416	0.4185	0.4996	0.2938	0.2384	0.49	0.8861	0.6329	0.0472
0.4645	0.4649	0.4972	0.3937	0.3455	0.4885	0.5625	0.35	0.325
0.4323	0.4277	0.4661	0.3492	0.3045	0.4049	0.9714	0.7429	0.6143
0.4657	0.4613	0.4664	0.4103	0.3282	0.333	0.6829	0.3537	0.3049
0.4367	0.4256	0.4957	0.3309	0.2657	0.4871	0.7294	0.6235	0.5
0.4587	0.4602	0.4968	0.3838	0.3614	0.4841	0.6265	0.4699	0.2529
0.4067	0.4201	0.4881	0.2637	0.2944	0.4722	0.8831	0.8182	0.7662
0.4525	0.4332	0.4942	0.3586	0.2756	0.4439	0.593	0.5581	0.1224
0.4676	0.4624	0.4829	0.3757	0.3326	0.4153	0.4043	0.3511	0.2766
0.4188	0.3935	0.4977	0.3319	0.2477	0.4755	1.1429	1.0179	0.1081
0.4763	0.4724	0.4901	0.4137	0.3532	0.4531	0.4156	0.2727	0.2821
0.4269	0.4114	0.496	0.3313	0.2218	0.4898	0.9344	0.6721	0.6557
0.4828	0.48	0.4881	0.4346	0.3516	0.4222	0.3837	0.1839	0.1954
0.4257	0.4268	0.4792	0.307	0.225	0.4458	0.7903	0.5161	0.6613
0.4466	0.4425	0.4465	0.3462	0.2851	0.2649	0.6351	0.473	0.3919
0.4283	0.4221	0.4921	0.3477	0.2715	0.4791	1.0625	0.6875	0.625
0.4486	0.4464	0.4795	0.3667	0.2875	0.4257	0.7294	0.4353	0.4118
0.4255	0.4172	0.4977	0.3441	0.2559	0.4824	1.1	0.7	0.1528
0.4472	0.4393	0.4936	0.3472	0.2732	0.4496	0.6296	0.4815	0.1538
0.4571	0.4597	0.4962	0.3514	0.3359	0.4164	0.4804	0.3922	0.0517
0.4381	0.4326	0.4876	0.3403	0.2331	0.4636	0.7632	0.4737	0.5395
0.4839	0.4859	0.497	0.4256	0.3636	0.4814	0.299	0.134	0.1959
0.4099	0.4055	0.4632	0.2677	0.2373	0.4087	0.8507	0.791	0.7463
0.4488	0.4392	0.47	0.3313	0.2731	0.4115	0.5294	0.4824	0.5647
0.4529	0.4517	0.4777	0.3327	0.2799	0.3994	0.4756	0.3659	0.3171
0.4002	0.4023	0.4128	0.2342	0.2254	0.2575	0.8529	0.7941	0.7647
0.4527	0.4422	0.4569	0.3641	0.2602	0.298	0.623	0.4262	0.3443
0.4479	0.4479	0.4467	0.3421	0.3112	0.3412	0.5902	0.4754	0.6066
0.41	0.3994	0.4981	0.3267	0.2728	0.49	1.3333	1.0625	0.2295
0.4255	0.4238	0.4963	0.2991	0.2537	0.4898	0.7532	0.6104	0.5844
0.4417	0.4348	0.4409	0.3556	0.292	0.2959	0.8	0.5867	0.52
0.4303	0.4093	0.4474	0.3524	0.2386	0.3633	1.0635	0.746	0.7302
0.4237	0.4263	0.465	0.2841	0.2847	0.3967	0.7126	0.6782	0.5747
0.4341	0.4257	0.438	0.3373	0.2793	0.2713	0.8254	0.6667	0.4921
0.4373	0.4447	0.489	0.3293	0.3523	0.4706	0.7097	0.7097	0.619
0.4585	0.4521	0.4541	0.3728	0.304	0.2586	0.5581	0.407	0.314
0.457	0.4544	0.4935	0.378	0.2431	0.4726	0.6235	0.2955	0.3182
0.4341	0.4112	0.4286	0.3514	0.227	0.3014	0.9481	0.6883	0.7143
0.4326	0.4311	0.4948	0.3195	0.2267	0.4354	0.7386	0.4773	0.0935
0.4372	0.4412	0.4964	0.3256	0.2806	0.4462	0.6923	0.4769	0.075
0.4405	0.4257	0.4976	0.3505	0.2517	0.462	0.7857	0.5833	0.0693
0.4626	0.462	0.4784	0.3672	0.2832	0.381	0.4545	0.2747	0.2527
0.3989	0.3728	0.4243	0.3083	0.1884	0.3449	1.4182	1.0727	1.1455
0.4237	0.4212	0.4955	0.3184	0.2797	0.4885	0.9014	0.7324	0.662
0.4533	0.4408	0.4563	0.3793	0.3031	0.3481	0.7215	0.5443	0.481
0.4532	0.4521	0.497	0.3753	0.223	0.4887	0.6923	0.2949	0.3718
0.4428	0.4397	0.4868	0.3266	0.319	0.4584	0.6032	0.619	0.4844
0.4541	0.4453	0.4709	0.3646	0.315	0.3926	0.597	0.5224	0.4179
0.4555	0.4939	0.4967	0.3366	0.4723	0.4621	0.4516	0.2917	0.098
0.4083	0.3978	0.4439	0.2908	0.2273	0.3709	1.0139	0.8611	0.8889
0.4072	0.4051	0.4874	0.2962	0.2822	0.4714	1.0794	1.0159	0.8095
0.4086	0.4138	0.4054	0.2961	0.302	0.2435	1.0462	0.9846	0.8154
0.4387	0.4286	0.456	0.3379	0.2499	0.3649	0.7344	0.5469	0.5625
0.4302	0.4193	0.4793	0.3348	0.2597	0.4519	0.8889	0.6852	0.7963
0.4526	0.4517	0.4873	0.362	0.3282	0.4565	0.6119	0.4776	0.4328
0.4072	0.4078	0.4189	0.2856	0.2658	0.3111	1	0.875	0.9464
0.4623	0.4647	0.4969	0.3689	0.3225	0.4685	0.4674	0.3043	0.1111
0.4547	0.4549	0.4833	0.345	0.3008	0.4414	0.4932	0.3699	0.4247
0.4283	0.4366	0.4871	0.2799	0.281	0.4626	0.6329	0.5316	0.5443
0.4454	0.4352	0.4503	0.3428	0.2125	0.3008	0.6377	0.4203	0.4203
0.414	0.4123	0.4722	0.3008	0.2593	0.4325	0.9701	0.7794	0.75
0.43	0.4231	0.4951	0.3227	0.2262	0.4863	0.8056	0.5556	0.5694
0.4412	0.4349	0.4898	0.3313	0.222	0.4678	0.6522	0.4348	0.4783
0.4279	0.4241	0.4659	0.281	0.2144	0.402	0.6429	0.5238	0.5952
0.4385	0.4307	0.4907	0.3642	0.2802	0.4775	0.9683	0.6032	0.7143
0.4405	0.4413	0.4949	0.3115	0.2992	0.431	0.5769	0.5256	0.086
0.4339	0.4141	0.4231	0.3375	0.2673	0.2628	0.8308	0.7846	0.6462
0.4431	0.4457	0.4948	0.291	0.2806	0.4814	0.4805	0.4286	0.3896
0.449	0.4493	0.4715	0.3465	0.2887	0.3924	0.5942	0.4058	0.4058
0.4428	0.4352	0.4832	0.346	0.1949	0.4414	0.7067	0.4	0.4267
0.4488	0.4501	0.478	0.3262	0.2902	0.4229	0.5111	0.4	0.4333
0.4522	0.4508	0.497	0.3455	0.268	0.488	0.5341	0.3556	0.3333
0.4537	0.4621	0.4933	0.3396	0.3373	0.4751	0.4878	0.3659	0.378
0.4109	0.4195	0.4769	0.2792	0.3028	0.4459	0.8939	0.8788	0.7879
0.4765	0.4649	0.4773	0.3997	0.3469	0.3769	0.3412	0.3529	0.2588
0.4499	0.4499	0.4948	0.3411	0.2999	0.4791	0.5529	0.4235	0.3412
0.4249	0.4246	0.4833	0.3101	0.3138	0.4574	0.8235	0.8529	0.6765
0.4159	0.4127	0.4865	0.3064	0.2842	0.4684	0.9726	0.8904	0.7671
0.4263	0.4187	0.4689	0.3302	0.2407	0.4214	0.9385	0.6364	0.7121
0.4325	0.4314	0.4706	0.2958	0.2443	0.4062	0.6322	0.5057	0.5057
0.4574	0.4524	0.4928	0.3299	0.2645	0.4751	0.4059	0.3366	0.42
0.4029	0.3941	0.4403	0.3098	0.2497	0.3751	1.3208	1.0189	1.0556
0.4731	0.4657	0.4777	0.3997	0.2984	0.4003	0.4074	0.2593	0.321
0.4681	0.4646	0.4967	0.3893	0.3408	0.4869	0.4571	0.3429	0.3429
0.4262	0.4066	0.4806	0.3332	0.1983	0.4545	0.9688	0.6719	0.7812
0.4635	0.46	0.4992	0.3324	0.3122	0.4872	0.337	0.337	0.0693
0.4418	0.438	0.4895	0.3535	0.2923	0.4702	0.7812	0.5469	0.5625
0.3971	0.3861	0.4942	0.2761	0.1999	0.488	1.1343	0.9254	0.9552
0.4571	0.4358	0.4704	0.3939	0.3046	0.4058	0.7619	0.619	0.5079
0.4236	0.4382	0.4789	0.2955	0.3206	0.4452	0.7662	0.6494	0.6623
0.4629	0.4649	0.4655	0.3625	0.3311	0.3154	0.4318	0.3182	0.2841
0.4516	0.4501	0.4882	0.3636	0.2855	0.459	0.6413	0.3913	0.4239
0.3822	0.3638	0.4944	0.2818	0.1743	0.4893	1.5577	1.1538	1.1346
0.4531	0.4967	0.4975	0.3678	0.4871	0.4597	0.6386	0.3494	0.0698
0.4383	0.4448	0.4899	0.3196	0.293	0.4653	0.6438	0.4658	0.4247
0.434	0.4274	0.4969	0.3148	0.1899	0.4895	0.6907	0.4592	0.4242
0.4435	0.4415	0.4985	0.3339	0.2754	0.4731	0.625	0.4625	0.0612
0.4236	0.4219	0.4869	0.3157	0.2488	0.4645	0.8846	0.6203	0.6076
0.4486	0.4432	0.492	0.3594	0.3104	0.4712	0.6761	0.5352	0.3944
0.432	0.4308	0.4846	0.3043	0.2772	0.4545	0.6744	0.593	0.5349
0.4432	0.4534	0.4799	0.2987	0.3034	0.43	0.5	0.3913	0.4348
0.4465	0.4401	0.4385	0.3612	0.287	0.2628	0.7342	0.5063	0.4684
0.4338	0.431	0.4932	0.2983	0.195	0.4794	0.6232	0.4348	0.5072
0.4695	0.4745	0.4944	0.3968	0.3881	0.4685	0.4691	0.3333	0.2222
0.4188	0.4165	0.4869	0.3057	0.277	0.4663	0.9104	0.791	0.6567
0.4377	0.4308	0.4841	0.333	0.2631	0.4501	0.7231	0.5538	0.4923
0.4395	0.4395	0.4645	0.3333	0.3168	0.405	0.6935	0.6129	0.6613
0.4562	0.4507	0.4878	0.3612	0.2754	0.4555	0.5395	0.3684	0.3947
0.4632	0.4609	0.4861	0.3882	0.3578	0.4532	0.5556	0.4444	0.4444
0.4706	0.47	0.4781	0.3954	0.3453	0.3756	0.4382	0.2857	0.2444
0.4449	0.4412	0.4463	0.3497	0.3006	0.3218	0.6875	0.5312	0.5312
0.4643	0.4632	0.4975	0.3673	0.3353	0.4681	0.4267	0.3467	0.0875
0.4646	0.4502	0.4514	0.404	0.2665	0.3148	0.6494	0.359	0.4416
0.4291	0.4253	0.499	0.3352	0.2806	0.4867	0.918	0.6774	0.0811
0.451	0.451	0.488	0.3284	0.3032	0.4589	0.4884	0.4186	0.4302
0.4607	0.4595	0.4912	0.3796	0.2291	0.4552	0.5543	0.2447	0.2553
0.4306	0.4399	0.4674	0.3279	0.3334	0.4074	0.8286	0.6857	0.6
0.4355	0.4246	0.487	0.3502	0.2941	0.4665	0.9	0.7429	0.6571
0.4377	0.4291	0.4733	0.3025	0.2559	0.4181	0.5833	0.5556	0.5278
0.4349	0.4265	0.4966	0.3276	0.2898	0.4898	0.7439	0.6951	0.5122
0.4477	0.448	0.4921	0.342	0.3259	0.4753	0.5942	0.5217	0.4783
0.4151	0.4157	0.4981	0.2791	0.2403	0.4695	0.8228	0.6709	0.068
0.479	0.4991	0.4896	0.4212	0.49	0.4343	0.3936	0.1031	0.2021
0.4398	0.442	0.4905	0.3336	0.2914	0.4579	0.6882	0.4946	0.303
0.4579	0.4573	0.4885	0.3652	0.2782	0.4396	0.5287	0.3103	0.25
0.4472	0.4405	0.4922	0.3731	0.3122	0.4764	0.8235	0.5797	0.5072
0.4442	0.437	0.4774	0.3292	0.2655	0.4133	0.5918	0.4898	0.3878
0.4607	0.4612	0.493	0.327	0.2612	0.4661	0.3587	0.2581	0.2688
0.4487	0.4396	0.4931	0.3603	0.2956	0.4802	0.6812	0.5362	0.5507
0.4499	0.4464	0.463	0.3544	0.3102	0.3767	0.619	0.4921	0.4921
0.451	0.4527	0.4546	0.3304	0.3308	0.2846	0.4944	0.4719	0.3444
0.4245	0.4228	0.4714	0.324	0.2872	0.4297	0.9275	0.7391	0.7391
0.4112	0.4053	0.4214	0.2679	0.1865	0.2806	0.831	0.662	0.7324
0.4505	0.4548	0.4793	0.3587	0.2836	0.4128	0.6341	0.3415	0.3415
0.4762	0.4603	0.4959	0.4228	0.2814	0.4297	0.4828	0.2874	0.0659
0.4276	0.4177	0.4229	0.3428	0.2715	0.2496	1.0278	0.75	0.6111
0.4408	0.4355	0.4406	0.3492	0.2939	0.328	0.7692	0.5846	0.6462
0.4643	0.458	0.4907	0.3764	0.3271	0.4593	0.4658	0.3919	0.3108
0.4715	0.4707	0.4828	0.405	0.3313	0.4248	0.4746	0.2542	0.322
0.409	0.4131	0.4071	0.2635	0.2498	0.1886	0.8451	0.7324	0.6479
0.408	0.3965	0.4786	0.2857	0.248	0.4529	0.9846	0.9692	0.8769
0.4223	0.4155	0.4718	0.3051	0.2062	0.4261	0.8406	0.5942	0.6667
0.4396	0.435	0.4961	0.3272	0.2469	0.4875	0.6579	0.4737	0.4605
0.4491	0.4991	0.4884	0.3594	0.4872	0.4626	0.6667	0.0761	0.4691
0.449	0.4156	0.4981	0.3872	0.2607	0.474	0.9344	0.7377	0.0811
0.3822	0.3881	0.4944	0.244	0.2627	0.4878	1.2	1.2182	0.8571
0.4439	0.4533	0.4563	0.3212	0.3249	0.3384	0.5644	0.4455	0.4455
0.4409	0.4447	0.4997	0.3049	0.2513	0.49	0.5476	0.3882	0.0309
0.4597	0.4667	0.4634	0.3661	0.3067	0.3303	0.5	0.2603	0.3333
0.4487	0.4468	0.4965	0.3596	0.3146	0.4891	0.6765	0.5	0.4853
0.4253	0.4092	0.4628	0.3277	0.1425	0.4108	0.9394	0.5606	0.7879
0.443	0.4331	0.4761	0.3484	0.2602	0.4235	0.7183	0.5211	0.493
0.4372	0.4247	0.4459	0.3334	0.1986	0.2999	0.7349	0.494	0.4699
0.4451	0.4448	0.4967	0.3236	0.2739	0.4887	0.5556	0.4247	0.4247
0.4239	0.42	0.4985	0.3031	0.2796	0.483	0.8	0.75	0.0972
0.4192	0.3998	0.4962	0.329	0.2006	0.4555	1.1014	0.7536	0.0978
0.4548	0.455	0.4763	0.356	0.3136	0.4189	0.5385	0.3956	0.4505
0.4516	0.4506	0.493	0.3579	0.3388	0.4734	0.6076	0.5316	0.3671
0.3994	0.3795	0.4712	0.3214	0.1998	0.4428	1.6111	1.0185	1.0741
0.4352	0.4317	0.4452	0.3447	0.3005	0.3123	0.8592	0.662	0.5139
0.4519	0.4497	0.4593	0.3561	0.2603	0.3346	0.5921	0.3553	0.3947
0.4543	0.4469	0.4692	0.3667	0.2746	0.3825	0.6071	0.4048	0.4048
0.4776	0.4804	0.4948	0.4112	0.3047	0.4717	0.3721	0.1395	0.2326
0.4522	0.4448	0.4946	0.3554	0.2551	0.482	0.5823	0.3924	0.443
0.4503	0.4489	0.469	0.3716	0.3048	0.3907	0.7297	0.4459	0.4459
0.4508	0.4462	0.4924	0.3034	0.2919	0.4744	0.4211	0.4474	0.4342
0.4486	0.4379	0.499	0.3041	0.1872	0.4804	0.4487	0.3718	0.0562
0.4295	0.4233	0.415	0.3402	0.273	0.2495	0.9538	0.6769	0.7077
0.4219	0.4205	0.4207	0.2783	0.2765	0.2424	0.716	0.7284	0.6173
0.4152	0.4253	0.4956	0.3097	0.2853	0.4877	1.0154	0.6944	0.5556
0.4404	0.4475	0.4938	0.3364	0.3108	0.4748	0.6933	0.48	0.3333
0.4145	0.4114	0.4931	0.3058	0.2638	0.4845	1	0.8103	0.8103
0.4717	0.4713	0.497	0.4063	0.3578	0.4645	0.4789	0.2958	0.0959
0.4374	0.4357	0.4866	0.3216	0.2662	0.4546	0.6667	0.5062	0.439
0.4429	0.4346	0.436	0.3454	0.2895	0.3074	0.7015	0.5821	0.6269
0.4089	0.399	0.4795	0.2881	0.2157	0.4538	0.9839	0.8065	0.8387
0.4371	0.4407	0.485	0.3114	0.3215	0.4539	0.6267	0.6133	0.5067
0.4075	0.3977	0.4735	0.2988	0.2175	0.4394	1.0938	0.8281	0.8281
0.3839	0.381	0.4181	0.242	0.222	0.3157	1.1562	1.0938	1
0.4521	0.439	0.497	0.3607	0.2227	0.4893	0.6143	0.4	0.4
0.4194	0.4003	0.4871	0.3232	0.2556	0.4728	1.0364	0.9455	0.9273
0.4285	0.4305	0.4986	0.3292	0.2892	0.4748	0.8831	0.6364	0.0619
0.4525	0.4438	0.449	0.3435	0.2817	0.2414	0.5211	0.4507	0.338
0.4525	0.4516	0.4912	0.3457	0.3077	0.4714	0.5301	0.4217	0.4588
0.4691	0.4614	0.4934	0.4121	0.3349	0.4757	0.5952	0.369	0.381
0.4621	0.4566	0.4977	0.376	0.3017	0.49	0.5062	0.3537	0.3049
0.4233	0.3893	0.4829	0.3347	0.1603	0.4624	1.0545	0.7818	0.8727
0.4264	0.4366	0.4797	0.3042	0.256	0.4384	0.7632	0.4744	0.5256
0.4369	0.4299	0.4863	0.332	0.2911	0.4597	0.7326	0.6512	0.5349
0.3952	0.3889	0.39	0.2589	0.2261	0.214	1.0526	0.9868	0.9211
0.4064	0.3974	0.4287	0.2692	0.2163	0.3155	0.9143	0.8286	0.7857
0.4222	0.4208	0.4985	0.31	0.2951	0.486	0.873	0.8095	0.1266
0.4772	0.4776	0.498	0.3988	0.3487	0.4738	0.3235	0.2059	0.0849
0.4308	0.4251	0.4362	0.3045	0.2321	0.2566	0.6933	0.5467	0.48
0.4055	0.3939	0.4993	0.3043	0.2358	0.488	1.1905	0.9524	0.0588
0.4197	0.4167	0.4245	0.3214	0.2877	0.2999	1.0133	0.84	0.7733
0.4442	0.4424	0.4751	0.3097	0.2242	0.4128	0.52	0.3733	0.44
0.4499	0.4534	0.477	0.3449	0.3352	0.4202	0.5698	0.4767	0.4419
0.4078	0.3937	0.3998	0.3085	0.245	0.2485	1.1774	1	0.9194
0.4405	0.4301	0.4707	0.347	0.2785	0.4136	0.7606	0.6056	0.5634
0.4461	0.4416	0.4963	0.379	0.3335	0.4884	0.9219	0.6562	0.4688
0.4565	0.4574	0.4926	0.3473	0.31	0.4694	0.4742	0.3608	0.3299
0.4262	0.4073	0.4963	0.3269	0.2167	0.4601	0.9138	0.7069	0.1053
0.4453	0.437	0.4896	0.3271	0.2832	0.47	0.5667	0.5333	0.55
0.4103	0.3844	0.4338	0.33	0.2483	0.368	1.375	1.1875	1.1719
0.4568	0.4602	0.4838	0.3811	0.3097	0.4329	0.6517	0.3297	0.3407
0.4457	0.4525	0.4943	0.3509	0.3241	0.4818	0.6806	0.4533	0.4667
0.4342	0.4317	0.4858	0.3084	0.2732	0.4604	0.6582	0.5696	0.5823
0.444	0.433	0.4948	0.3265	0.2043	0.4547	0.5844	0.4286	0.1364
0.4103	0.4119	0.4913	0.3021	0.2711	0.4804	1.0597	0.8358	0.8209
0.4215	0.4231	0.4712	0.2764	0.2279	0.4186	0.7143	0.5584	0.5974
0.4287	0.4346	0.4775	0.2985	0.2748	0.4328	0.6984	0.5397	0.5397
0.4483	0.4384	0.4741	0.3625	0.3103	0.4288	0.7051	0.6026	0.6154
0.467	0.4509	0.4844	0.4057	0.2905	0.4343	0.5949	0.3924	0.3333
0.4674	0.4594	0.4763	0.3996	0.3023	0.4036	0.5366	0.3253	0.3614
0.375	0.3677	0.4663	0.2529	0.2194	0.4386	1.4255	1.3191	1.2979
0.4325	0.4213	0.4331	0.3329	0.2896	0.2927	0.825	0.775	0.6125
0.4437	0.4462	0.4869	0.3213	0.3043	0.4616	0.5672	0.4776	0.5373
0.4601	0.4574	0.461	0.3743	0.3295	0.3537	0.5357	0.4048	0.4286
0.4079	0.4161	0.4895	0.2829	0.3083	0.4759	0.9683	0.9841	0.7937
0.4083	0.4085	0.4575	0.2779	0.2535	0.393	0.931	0.8103	0.7414
0.4116	0.4013	0.4791	0.3087	0.2487	0.4532	1.0862	0.8966	0.8448
0.4316	0.4331	0.4421	0.3178	0.2986	0.3141	0.7465	0.6338	0.5634
0.4347	0.4343	0.4968	0.3179	0.209	0.4495	0.6949	0.4237	0.0714
0.4556	0.4501	0.4981	0.3646	0.3044	0.4802	0.5682	0.4318	0.1078
0.4351	0.426	0.4919	0.3252	0.2309	0.4779	0.726	0.5342	0.589
0.4068	0.3827	0.4592	0.3075	0.2197	0.4162	1.1918	1.0548	1.0411
0.4348	0.4265	0.4686	0.3009	0.2061	0.4036	0.619	0.4881	0.5357
0.4262	0.4326	0.4837	0.2915	0.2742	0.4533	0.7073	0.561	0.561
0.4249	0.4307	0.4827	0.322	0.2925	0.4554	0.9032	0.6452	0.6613
0.4181	0.4137	0.4878	0.3135	0.2633	0.4712	0.9839	0.7742	0.7581
0.4184	0.4109	0.4249	0.3107	0.2496	0.2988	0.9545	0.7612	0.7612
0.4507	0.4306	0.4676	0.3812	0.2728	0.4166	0.8101	0.5823	0.6962
0.4391	0.4328	0.4966	0.3491	0.2452	0.4885	0.8056	0.4933	0.4267
0.4663	0.4586	0.4803	0.3925	0.2875	0.3892	0.5135	0.3108	0.2432
0.4693	0.4646	0.4926	0.394	0.2748	0.4552	0.4579	0.243	0.2056
0.4306	0.4251	0.4515	0.3105	0.2271	0.3399	0.7246	0.5362	0.5217
0.4626	0.4518	0.4852	0.3689	0.3187	0.4533	0.4615	0.4474	0.4868
0.4567	0.459	0.4603	0.3559	0.3309	0.3102	0.5059	0.3882	0.3294
0.4609	0.4584	0.4881	0.3301	0.2354	0.4459	0.3627	0.2574	0.297
0.4282	0.4158	0.498	0.3366	0.2659	0.4821	0.9508	0.7541	0.1299
0.4557	0.4586	0.4674	0.3103	0.2408	0.3612	0.3804	0.2609	0.3587
0.4209	0.421	0.4735	0.3289	0.2973	0.4374	1.0545	0.8182	0.7818
0.448	0.4459	0.4986	0.3649	0.3194	0.4839	0.7286	0.5286	0.1
0.4381	0.4268	0.4826	0.3444	0.2619	0.4557	0.7917	0.5972	0.6806
0.4546	0.4298	0.4419	0.3977	0.2684	0.2823	0.8947	0.5789	0.4737
0.4472	0.4475	0.4795	0.3267	0.2993	0.4286	0.5362	0.4493	0.4348
0.438	0.4269	0.489	0.3223	0.2288	0.4659	0.662	0.5211	0.493
0.457	0.448	0.4922	0.3729	0.2623	0.4721	0.5904	0.3735	0.3976
0.4281	0.4264	0.4271	0.3016	0.2601	0.2331	0.7222	0.5972	0.5278
0.4535	0.4508	0.4947	0.3319	0.3202	0.4491	0.4648	0.4648	0.122
0.4534	0.4388	0.4585	0.365	0.2086	0.332	0.6145	0.3855	0.3976
0.4127	0.4052	0.4959	0.2971	0.2057	0.4637	0.9718	0.7042	0.1319
0.4176	0.4155	0.4938	0.3006	0.2655	0.4499	0.9	0.7571	0.1477
0.4621	0.46	0.4966	0.3822	0.3492	0.4866	0.5397	0.4286	0.3492
0.4283	0.4233	0.4321	0.3129	0.2651	0.2862	0.7778	0.6508	0.6032
0.4149	0.42	0.4265	0.227	0.2173	0.2766	0.6456	0.5696	0.6456
0.4128	0.4116	0.422	0.2408	0.2565	0.2801	0.7083	0.7778	0.7222
0.4504	0.4628	0.4753	0.3512	0.3776	0.4173	0.593	0.5	0.4651
0.4318	0.4273	0.4443	0.3275	0.2892	0.3219	0.803	0.6818	0.5606
0.4456	0.4328	0.4864	0.3461	0.1746	0.4577	0.6533	0.4	0.4933
0.4313	0.4268	0.4902	0.3109	0.2309	0.4732	0.7162	0.527	0.5946
0.4277	0.42	0.4396	0.3052	0.2293	0.319	0.7468	0.5949	0.6203
0.4339	0.4334	0.4855	0.325	0.2847	0.4554	0.7468	0.5823	0.5063
0.4683	0.4722	0.4926	0.3985	0.3507	0.4582	0.5062	0.2706	0.2235
0.4611	0.4633	0.4796	0.3248	0.3367	0.3986	0.3495	0.3495	0.2816
0.4562	0.4541	0.4688	0.375	0.3085	0.3784	0.6197	0.3944	0.3944
0.4186	0.4185	0.4942	0.31	0.2686	0.4864	0.9455	0.7273	0.7636
0.4121	0.4232	0.4378	0.2888	0.2974	0.3258	0.9275	0.7826	0.6812
0.4429	0.4371	0.4822	0.3489	0.2675	0.445	0.7246	0.4928	0.5072
0.4511	0.4438	0.4962	0.3494	0.2822	0.4867	0.5714	0.4524	0.4048
0.4571	0.4521	0.4835	0.3478	0.2572	0.4392	0.4659	0.3295	0.3977
0.4391	0.433	0.4953	0.3424	0.2567	0.4852	0.7571	0.5143	0.4714
0.4234	0.4089	0.4981	0.328	0.2296	0.4741	0.9865	0.7237	0.0816
0.4171	0.4148	0.4857	0.2886	0.2383	0.4619	0.8378	0.6757	0.6216
0.4729	0.4605	0.4765	0.3887	0.308	0.3854	0.3636	0.3232	0.2929
0.4553	0.4443	0.463	0.375	0.2724	0.3585	0.6404	0.427	0.4157
0.4481	0.4459	0.4847	0.3201	0.289	0.4383	0.5	0.4432	0.3523
0.4278	0.423	0.4789	0.3359	0.3111	0.4455	0.9552	0.8657	0.6716
0.4278	0.4215	0.4838	0.2983	0.24	0.4527	0.7123	0.6027	0.5479
0.4153	0.4143	0.4939	0.218	0.2226	0.4802	0.6211	0.6421	0.45
0.4654	0.4664	0.4918	0.4065	0.3917	0.4598	0.6494	0.5065	0.2658
0.4396	0.4283	0.4512	0.3504	0.2141	0.3326	0.8065	0.4839	0.5
0.4387	0.4462	0.4511	0.325	0.2815	0.3066	0.6625	0.425	0.425
0.4029	0.3727	0.4898	0.3073	0.1668	0.4791	1.2899	1	0.971
0.4694	0.4615	0.4988	0.4012	0.3378	0.4757	0.5	0.375	0.0526
0.3834	0.3759	0.4309	0.2595	0.1864	0.3535	1.2941	1.0196	1.0588
0.4164	0.3984	0.4628	0.3013	0.2101	0.4142	0.9275	0.7971	0.8406
0.4417	0.4396	0.4304	0.3544	0.3153	0.2327	0.7901	0.6049	0.4938
0.4443	0.4416	0.4418	0.3479	0.3054	0.2816	0.6892	0.5405	0.473
0.4131	0.4172	0.4824	0.2824	0.2652	0.4532	0.8732	0.7324	0.6338
0.4803	0.4811	0.4911	0.4082	0.3542	0.424	0.3021	0.1753	0.1443
0.4636	0.461	0.4667	0.3804	0.3447	0.3546	0.5	0.4	0.35
0.4283	0.4283	0.499	0.2882	0.2276	0.487	0.6632	0.5053	0.0862
0.4132	0.4026	0.4188	0.2722	0.2118	0.2787	0.8194	0.75	0.7639
0.4662	0.4611	0.4948	0.3879	0.2588	0.475	0.4872	0.2564	0.2692
0.471	0.4774	0.4939	0.3985	0.3705	0.4607	0.4459	0.2436	0.1923
0.4042	0.4185	0.4834	0.261	0.2686	0.4606	0.9091	0.7273	0.7576
0.4333	0.4301	0.487	0.3064	0.2687	0.464	0.663	0.5761	0.587
0.4109	0.4154	0.4614	0.2477	0.2489	0.4009	0.7556	0.7	0.7111
0.4612	0.4634	0.4603	0.3522	0.3337	0.2434	0.4205	0.3409	0.25
0.4642	0.4567	0.4562	0.3747	0.286	0.2384	0.46	0.3267	0.2772
0.4186	0.4093	0.4204	0.2927	0.1611	0.247	0.8354	0.5823	0.6329
0.4388	0.4363	0.4512	0.3218	0.2733	0.3482	0.6452	0.5161	0.5645
0.4372	0.436	0.4656	0.3455	0.2552	0.3841	0.8194	0.4795	0.4795
0.4177	0.4142	0.4737	0.3088	0.2627	0.4361	0.9559	0.7647	0.75
0.4478	0.452	0.4571	0.3585	0.2809	0.3304	0.6867	0.3647	0.4118
0.4313	0.4322	0.4864	0.2924	0.2429	0.4577	0.6364	0.4944	0.4944
0.4154	0.3871	0.401	0.3269	0.1996	0.258	1.1786	0.9107	0.9464
0.4179	0.4101	0.4931	0.3172	0.2468	0.4847	1.0169	0.7627	0.8305
0.4507	0.4522	0.4985	0.3226	0.325	0.4826	0.4737	0.4605	0.0952
0.4114	0.426	0.4146	0.2556	0.3008	0.224	0.7778	0.7531	0.642
0.4531	0.443	0.4788	0.3662	0.2824	0.4291	0.6282	0.4615	0.4615
0.4357	0.432	0.4529	0.3291	0.2744	0.3455	0.7385	0.5692	0.5231
0.4345	0.4288	0.4814	0.3334	0.2948	0.4522	0.7879	0.6818	0.6667
0.4002	0.4052	0.4875	0.2828	0.2542	0.4753	1.1207	0.8621	1.0517
0.4559	0.4546	0.4594	0.3723	0.2937	0.3587	0.6081	0.36	0.473
0.4403	0.4353	0.4419	0.3518	0.2586	0.2738	0.8	0.4935	0.4545
0.4314	0.4219	0.4828	0.3136	0.2282	0.4527	0.7286	0.5714	0.6
0.418	0.4095	0.497	0.2874	0.2069	0.4681	0.8171	0.6585	0.1058
0.439	0.4409	0.4918	0.3679	0.3342	0.4735	1	0.6719	0.4615
0.469	0.4696	0.4865	0.3822	0.3109	0.4279	0.4059	0.2376	0.2475
0.4592	0.454	0.4987	0.3573	0.2495	0.4812	0.4712	0.3048	0.075
0.4008	0.3735	0.4906	0.2817	0.1292	0.4813	1.1	0.9	1.0333
0.4558	0.4574	0.4952	0.351	0.3245	0.4814	0.5	0.3929	0.3571
0.4414	0.4547	0.4955	0.3271	0.3522	0.4807	0.6279	0.5233	0.3068
0.4357	0.4373	0.494	0.3286	0.3168	0.413	0.7353	0.6471	0.0814
0.4543	0.4505	0.4933	0.3708	0.3158	0.4796	0.6324	0.4559	0.5
0.4526	0.4477	0.4706	0.3386	0.2307	0.3664	0.5	0.3367	0.3265
0.4476	0.4421	0.4567	0.3299	0.2959	0.3399	0.5422	0.506	0.4458
0.4444	0.4411	0.4395	0.3331	0.2869	0.2847	0.6076	0.4937	0.5063
0.4544	0.4676	0.4419	0.3647	0.3916	0.2537	0.5918	0.4796	0.4184
0.4279	0.4265	0.47	0.3052	0.2977	0.4168	0.7436	0.7308	0.6154
0.4363	0.4322	0.4639	0.3421	0.2883	0.3873	0.8136	0.6102	0.5333
0.4695	0.4678	0.4968	0.3814	0.3558	0.483	0.3944	0.338	0.2394
0.4701	0.4708	0.4933	0.3837	0.3167	0.4686	0.3933	0.2333	0.2809
0.4263	0.4252	0.4235	0.3242	0.2987	0.252	0.8902	0.7561	0.6098
0.4097	0.411	0.4149	0.2774	0.2705	0.2777	0.9028	0.8472	0.8194
0.4484	0.4496	0.4483	0.2851	0.2509	0.2506	0.4086	0.3441	0.3548
0.4453	0.4385	0.4475	0.3464	0.302	0.3321	0.6607	0.5714	0.5536
0.425	0.4197	0.4573	0.2836	0.2256	0.374	0.6923	0.5897	0.5897
0.4327	0.4452	0.4721	0.3297	0.3033	0.4266	0.8	0.4875	0.6625
0.4481	0.453	0.4617	0.3496	0.3087	0.3505	0.6267	0.4079	0.4079
0.4455	0.44	0.4889	0.3479	0.2843	0.4623	0.6667	0.5	0.4306
0.4054	0.408	0.4409	0.3065	0.288	0.3711	1.2157	1	0.9804
0.4474	0.4404	0.4429	0.3607	0.2632	0.2762	0.7101	0.4493	0.4493
0.433	0.4223	0.442	0.3242	0.1724	0.311	0.759	0.4819	0.5542
0.4355	0.4355	0.4667	0.3368	0.3299	0.4013	0.791	0.7463	0.5672
0.4156	0.4208	0.4928	0.2889	0.2914	0.483	0.8657	0.791	0.7463
0.4684	0.4728	0.4968	0.3655	0.3057	0.4834	0.3571	0.2035	0.2478
0.4385	0.4319	0.4948	0.3547	0.232	0.3978	0.8676	0.4783	0.0602
0.4516	0.4567	0.4715	0.3417	0.2808	0.4202	0.5278	0.3194	0.6056
0.4641	0.4584	0.4772	0.3727	0.3078	0.4115	0.4524	0.3452	0.381
0.4271	0.4154	0.4796	0.3423	0.2517	0.454	1.0364	0.7091	0.8364
0.4546	0.4396	0.4966	0.3763	0.2423	0.4886	0.6667	0.4219	0.4375
0.4617	0.4506	0.489	0.3779	0.2699	0.4576	0.5233	0.3605	0.3678
0.4296	0.4208	0.492	0.3106	0.204	0.4784	0.7436	0.5385	0.6026
0.4322	0.4294	0.4826	0.3359	0.2612	0.4534	0.8551	0.5652	0.6232
0.4694	0.4724	0.4968	0.3925	0.3382	0.4794	0.4471	0.2471	0.1882
0.4568	0.4486	0.4602	0.3968	0.3487	0.3567	0.8065	0.6129	0.4516
0.4337	0.4215	0.4703	0.3232	0.2241	0.42	0.7407	0.5679	0.642
0.4074	0.4089	0.4955	0.2954	0.2211	0.4898	1.0667	0.7	0.7833
0.4183	0.4164	0.4178	0.3126	0.3112	0.2942	0.9714	1	0.8571
0.429	0.4294	0.4162	0.3041	0.2878	0.1979	0.7195	0.6463	0.5732
0.4157	0.4137	0.4913	0.2924	0.2693	0.4695	0.8833	0.8	0.4091
0.4547	0.4494	0.4742	0.3455	0.2981	0.4051	0.4943	0.4253	0.4138
0.4251	0.4278	0.4584	0.3206	0.2847	0.3867	0.8904	0.6575	0.6575
0.4314	0.4205	0.4262	0.3154	0.2393	0.2554	0.7375	0.6125	0.5875
0.4682	0.4636	0.4852	0.368	0.2603	0.4372	0.367	0.2385	0.3303
0.4752	0.47	0.4864	0.4259	0.3213	0.4352	0.5432	0.2469	0.284
0.4497	0.4623	0.4899	0.3614	0.3461	0.4537	0.6667	0.3867	0.2933
0.4364	0.425	0.4563	0.3352	0.2379	0.3808	0.7627	0.5593	0.661
0.448	0.4506	0.4453	0.361	0.3414	0.3127	0.7	0.5429	0.5143
0.4533	0.4592	0.4721	0.3449	0.3302	0.3852	0.5152	0.3838	0.3636
0.4197	0.4179	0.493	0.31	0.259	0.4819	0.9221	0.7013	0.6364
0.4356	0.4307	0.4443	0.3342	0.2794	0.2806	0.7714	0.6	0.4429
0.4438	0.442	0.4408	0.3133	0.2344	0.2672	0.5368	0.3895	0.4526
0.4625	0.4602	0.4916	0.3161	0.2516	0.4588	0.3168	0.2574	0.2673
0.4359	0.4454	0.4711	0.3145	0.3039	0.3769	0.6579	0.4868	0.3506
0.4412	0.4368	0.459	0.3301	0.2956	0.3264	0.6458	0.5729	0.3776
0.4528	0.4535	0.467	0.3435	0.2889	0.364	0.5165	0.3626	0.3736
0.4375	0.4375	0.4879	0.3263	0.2672	0.4656	0.6905	0.4881	0.5595
0.4633	0.4596	0.4885	0.3597	0.2522	0.4469	0.4141	0.2626	0.2929
0.444	0.4455	0.4985	0.3023	0.2991	0.4827	0.5	0.4722	0.0952
0.4567	0.456	0.4896	0.3297	0.3204	0.4635	0.4143	0.4	0.4143
0.4225	0.4208	0.4315	0.2908	0.2619	0.253	0.7612	0.6716	0.5224
0.4421	0.4329	0.4627	0.3361	0.3109	0.3811	0.662	0.6901	0.5211
0.4301	0.4303	0.4251	0.3235	0.3115	0.2908	0.8088	0.7353	0.7206
0.445	0.443	0.4883	0.3271	0.2235	0.4536	0.5714	0.3673	0.3535
0.444	0.4476	0.4636	0.3433	0.2648	0.3803	0.6667	0.381	0.5
0.476	0.4704	0.4938	0.4017	0.3387	0.4643	0.36	0.27	0.22
0.4487	0.4409	0.4684	0.3184	0.2717	0.3806	0.4872	0.4615	0.4103
0.4599	0.4544	0.4726	0.3898	0.3366	0.3965	0.6452	0.4677	0.4032
0.4465	0.4482	0.494	0.315	0.2571	0.4781	0.5059	0.3647	0.3882
0.4452	0.4387	0.449	0.3478	0.2662	0.3312	0.6711	0.4737	0.5263
0.4075	0.4082	0.4874	0.2373	0.2325	0.4683	0.7654	0.7407	0.679
0.39	0.4021	0.404	0.294	0.306	0.3122	1.4894	1.2979	1.3191
0.4557	0.4407	0.4813	0.3639	0.2511	0.4417	0.5625	0.425	0.5
0.4298	0.4266	0.4623	0.3408	0.2735	0.3957	0.9524	0.6349	0.6349
0.4633	0.461	0.4916	0.3701	0.3291	0.4672	0.4556	0.3596	0.3556
0.4419	0.4525	0.4944	0.3117	0.3203	0.4545	0.5571	0.4429	0.1463
0.4354	0.4389	0.4778	0.326	0.2918	0.4366	0.726	0.5342	0.5753
0.4146	0.4067	0.486	0.2518	0.1894	0.4642	0.72	0.6533	0.6667
0.4275	0.4206	0.4862	0.3029	0.2563	0.4629	0.7397	0.6575	0.6164
0.4499	0.4419	0.4969	0.3523	0.2878	0.489	0.6081	0.4865	0.4054
0.4592	0.4548	0.4899	0.3768	0.2717	0.4601	0.5676	0.3243	0.3514
0.4209	0.3994	0.4514	0.3321	0.2491	0.375	1.0893	0.9286	0.7321
0.4658	0.4562	0.4934	0.3951	0.3335	0.473	0.5432	0.4321	0.3333
0.4327	0.4279	0.4573	0.3261	0.1944	0.3722	0.7763	0.4605	0.5789
0.4134	0.414	0.4598	0.3198	0.2959	0.4028	1.1538	0.9385	0.7846
0.3691	0.3756	0.476	0.21	0.23	0.4534	1.2353	1.2353	1.1176
0.4543	0.4295	0.4857	0.3884	0.2525	0.4559	0.7857	0.5429	0.5
0.4535	0.4561	0.489	0.3279	0.3052	0.4583	0.4516	0.3656	0.3763
0.4596	0.4458	0.4983	0.3832	0.2552	0.4813	0.6027	0.3836	0.1011
0.4335	0.4206	0.4977	0.3233	0.255	0.4624	0.7436	0.6538	0.0686
0.464	0.4641	0.4846	0.3836	0.3031	0.4252	0.5102	0.28	0.28
0.4436	0.4432	0.4476	0.3533	0.3135	0.2843	0.7403	0.5455	0.4156
0.43	0.4361	0.4942	0.3092	0.244	0.415	0.7284	0.4578	0.0808
0.4547	0.4518	0.4683	0.3602	0.2615	0.3836	0.5625	0.3375	0.425
0.4496	0.4514	0.4869	0.3589	0.3106	0.4557	0.6528	0.4306	0.4384
0.4119	0.4047	0.4518	0.3085	0.2263	0.3835	1.0779	0.7662	0.8052
0.4452	0.4409	0.4516	0.3057	0.256	0.316	0.4947	0.4316	0.4421
0.4535	0.4521	0.4931	0.3639	0.2668	0.4705	0.6056	0.3421	0.3158
0.4456	0.4472	0.4858	0.3558	0.3135	0.4404	0.7143	0.4921	0.3333
0.4763	0.4752	0.4964	0.4107	0.3384	0.4811	0.3976	0.2169	0.241
0.4592	0.4582	0.4882	0.3466	0.29	0.4551	0.4318	0.3182	0.375
0.4188	0.4181	0.4393	0.28	0.2346	0.2995	0.7692	0.6282	0.5513
0.4352	0.4211	0.4249	0.3215	0.1549	0.2338	0.7051	0.4744	0.5513
0.4455	0.4451	0.4885	0.3166	0.3071	0.4626	0.5244	0.5	0.4634
0.4142	0.4109	0.465	0.3107	0.2609	0.4086	1.0448	0.806	0.6866
0.455	0.4575	0.4553	0.3556	0.2798	0.2385	0.5342	0.3108	0.2838
0.4387	0.4422	0.4862	0.2624	0.2898	0.4504	0.4651	0.4884	0.407
0.4232	0.42	0.4488	0.2946	0.2287	0.3676	0.7674	0.593	0.7326
0.4062	0.4091	0.4768	0.2749	0.2351	0.4481	0.9508	0.7377	0.8525
0.4513	0.4451	0.4697	0.3628	0.2991	0.3965	0.6418	0.4776	0.4627
0.4055	0.4216	0.4526	0.3132	0.3247	0.3924	1.2903	1	0.8889
0.4658	0.4629	0.4939	0.4023	0.3247	0.477	0.6	0.3286	0.3714
0.4276	0.4175	0.4175	0.3334	0.267	0.2307	0.9375	0.7344	0.625
0.4328	0.4344	0.4982	0.3084	0.2785	0.4733	0.6795	0.5513	0.0745
0.436	0.4312	0.4894	0.3209	0.27	0.4716	0.6867	0.5663	0.6145
0.4355	0.4338	0.4828	0.3194	0.2678	0.4448	0.6875	0.5309	0.4815
0.4244	0.4238	0.4966	0.3069	0.278	0.4601	0.8125	0.6875	0.0964
0.4613	0.4669	0.4955	0.3534	0.316	0.4794	0.4235	0.2706	0.2824
0.4637	0.4599	0.4982	0.3711	0.2205	0.4765	0.4516	0.2366	0.0842
0.4538	0.447	0.4675	0.3935	0.3535	0.3699	0.863	0.6712	0.3846
0.438	0.4384	0.488	0.3353	0.2946	0.4647	0.7317	0.5488	0.5366
0.4457	0.4314	0.4943	0.346	0.2344	0.4823	0.65	0.4875	0.4875
0.4322	0.4319	0.4917	0.3269	0.2834	0.4745	0.791	0.597	0.4925
0.4524	0.4485	0.4939	0.3631	0.2813	0.4796	0.6222	0.4	0.4333
0.4525	0.4359	0.4857	0.3813	0.3136	0.463	0.7619	0.6548	0.6548
0.4154	0.4078	0.4877	0.3119	0.2521	0.4714	1.0286	0.8143	0.7714
0.4651	0.4582	0.491	0.3943	0.3369	0.4628	0.5532	0.4149	0.3298
0.4274	0.4141	0.4949	0.3344	0.156	0.4868	0.95	0.5333	0.6333
0.4451	0.4411	0.4556	0.3422	0.2785	0.3401	0.641	0.4744	0.4615
0.4086	0.3936	0.4791	0.3183	0.1886	0.4535	1.2656	0.7969	0.8594
0.4249	0.4072	0.4835	0.3286	0.2413	0.4616	0.9565	0.7826	0.7826
0.424	0.4165	0.4989	0.3166	0.2293	0.4836	0.8824	0.6324	0.0698
0.4632	0.4636	0.499	0.3651	0.3174	0.4784	0.4368	0.3068	0.051
0.4715	0.4664	0.4927	0.4062	0.3113	0.4634	0.4831	0.2697	0.2584
0.4412	0.4376	0.4995	0.3325	0.2484	0.49	0.6585	0.4512	0.0526
0.4477	0.4441	0.4818	0.3462	0.2538	0.4328	0.6145	0.3976	0.3976
0.442	0.4392	0.4488	0.2986	0.2862	0.3184	0.5143	0.5143	0.4857
0.4416	0.4455	0.4684	0.3468	0.338	0.4087	0.7361	0.6111	0.5833
0.4376	0.4253	0.4695	0.3452	0.2465	0.4004	0.8082	0.5753	0.4932
0.4484	0.4374	0.4606	0.3488	0.2807	0.3442	0.617	0.5213	0.4043
0.4756	0.4656	0.4873	0.4007	0.2896	0.4425	0.3636	0.25	0.3
0.4196	0.4261	0.4596	0.3212	0.3042	0.401	1.0145	0.7681	0.7681
0.397	0.3844	0.4811	0.3106	0.2696	0.4657	1.5106	1.3617	1.2766
0.4501	0.4453	0.4961	0.3258	0.2677	0.486	0.4912	0.4087	0.3913
0.4375	0.4289	0.4955	0.3591	0.2975	0.4884	0.9385	0.6923	0.6515
0.4392	0.4316	0.4568	0.3461	0.2428	0.3333	0.7821	0.5	0.4231
0.4561	0.45	0.4808	0.3922	0.2483	0.4321	0.7746	0.3375	0.425
0.4022	0.3927	0.3949	0.3087	0.251	0.2486	1.3279	1.0492	1
0.4282	0.4325	0.4728	0.2907	0.2835	0.4229	0.6747	0.5904	0.5904
0.4336	0.4286	0.4891	0.3443	0.2757	0.4716	0.8923	0.6154	0.6462
0.455	0.4443	0.4731	0.3467	0.275	0.409	0.4947	0.4316	0.4632
0.4587	0.4553	0.4939	0.3413	0.2917	0.4777	0.4217	0.3494	0.3855
0.4228	0.4178	0.4454	0.308	0.2738	0.3424	0.8485	0.7576	0.6364
0.4514	0.4422	0.4806	0.3151	0.2334	0.4321	0.4429	0.3857	0.4286
0.4287	0.4141	0.4778	0.3249	0.2155	0.4358	0.8462	0.6282	0.5641
0.4621	0.455	0.4566	0.3845	0.287	0.2542	0.5556	0.3444	0.2889
0.4273	0.4168	0.4793	0.3321	0.2453	0.442	0.9315	0.6712	0.589
0.4249	0.4114	0.487	0.3528	0.2855	0.4704	1.2381	0.9206	0.8095
0.4447	0.4571	0.4963	0.3481	0.3416	0.4554	0.6825	0.4444	0.0959
0.4647	0.4719	0.4951	0.3837	0.3399	0.4777	0.4946	0.2553	0.2872
0.4662	0.4644	0.4909	0.3322	0.2596	0.4529	0.3053	0.2316	0.2526
0.4619	0.4579	0.4668	0.3515	0.2835	0.3442	0.4086	0.3118	0.3226
0.4708	0.4736	0.4878	0.4135	0.3357	0.4157	0.5604	0.2308	0.1848
0.4391	0.4382	0.4985	0.3134	0.2702	0.4864	0.6053	0.4868	0.1294
0.4322	0.4324	0.493	0.2956	0.2847	0.4804	0.6351	0.5946	0.5676
0.4453	0.4507	0.4571	0.3386	0.3122	0.3346	0.6186	0.4433	0.4227
0.4359	0.4311	0.4536	0.3054	0.2684	0.3477	0.6197	0.5634	0.5211
0.4538	0.4554	0.475	0.361	0.3662	0.4196	0.5821	0.5821	0.4925
0.4174	0.4205	0.4994	0.3082	0.2848	0.49	0.9559	0.7647	0.0674
0.4328	0.4225	0.4657	0.3374	0.263	0.41	0.8533	0.6533	0.68
0.4351	0.4323	0.4638	0.3126	0.2734	0.3894	0.662	0.5634	0.5493
0.4555	0.4531	0.4978	0.3626	0.3058	0.4802	0.56	0.4	0.1279
0.4439	0.4597	0.4908	0.3396	0.2984	0.4744	0.6479	0.3158	0.5775
0.399	0.4085	0.4966	0.2218	0.2365	0.4882	0.825	0.75	0.413
0.4576	0.45	0.48	0.3903	0.2968	0.4313	0.7105	0.4156	0.4416
0.4388	0.4433	0.4983	0.3199	0.3248	0.479	0.6375	0.5875	0.0928
0.4677	0.4554	0.4903	0.3909	0.2889	0.4567	0.4747	0.3434	0.303
0.4477	0.4818	0.4498	0.3457	0.4421	0.3233	0.6125	0.4875	0.4875
0.457	0.4662	0.4954	0.3309	0.3408	0.4804	0.4141	0.3232	0.3131
0.4297	0.4299	0.4917	0.3292	0.2759	0.4785	0.8571	0.6	0.6438
0.4509	0.4498	0.4729	0.3535	0.2962	0.3815	0.5955	0.4157	0.3371
0.4576	0.4692	0.482	0.3567	0.3005	0.4177	0.4941	0.2299	0.3059
0.4481	0.4532	0.4647	0.3546	0.3239	0.3375	0.6556	0.4444	0.3333
0.4278	0.3955	0.4912	0.3424	0.2363	0.4806	1.0172	0.931	0.8448
0.4343	0.4276	0.4842	0.3098	0.1979	0.4531	0.663	0.4674	0.5326
0.45	0.4455	0.4756	0.3492	0.285	0.398	0.5889	0.4396	0.3516
0.4535	0.448	0.4977	0.3499	0.265	0.4896	0.5333	0.3778	0.2889
0.4068	0.4036	0.4211	0.2994	0.2754	0.3038	1.1148	1	0.8548
0.4601	0.4567	0.4846	0.3362	0.2605	0.428	0.3882	0.2941	0.2941
0.445	0.4353	0.4471	0.3365	0.2896	0.3323	0.6133	0.5733	0.56
0.4593	0.4515	0.4839	0.382	0.3271	0.4506	0.6	0.4769	0.5077
0.4466	0.4464	0.4704	0.3416	0.3209	0.3911	0.6105	0.5263	0.4211
0.4498	0.4329	0.4914	0.3642	0.235	0.4698	0.6842	0.4737	0.4079
0.429	0.4248	0.4841	0.3344	0.2325	0.4536	0.9125	0.55	0.55
0.4276	0.4257	0.4899	0.337	0.2497	0.4718	0.9688	0.5781	0.5781
0.4374	0.4352	0.4804	0.261	0.213	0.4265	0.4766	0.4206	0.3925
0.4322	0.434	0.4961	0.3302	0.2878	0.4892	0.8125	0.5846	0.5692
0.4503	0.4377	0.4996	0.3531	0.298	0.49	0.6049	0.5679	0.0412
0.4303	0.3963	0.4874	0.375	0.2298	0.477	1.4545	0.8909	1.2364
0.455	0.4403	0.4982	0.3702	0.2728	0.478	0.6145	0.4699	0.0918
0.4444	0.4481	0.4934	0.3136	0.257	0.4749	0.5294	0.3647	0.3647
0.4456	0.4396	0.451	0.3318	0.2969	0.3035	0.5811	0.5405	0.4189
0.4251	0.4212	0.4948	0.3152	0.2796	0.4864	0.8507	0.7313	0.6269
0.4586	0.4558	0.4873	0.3511	0.3108	0.4473	0.4565	0.3804	0.337
0.4489	0.4565	0.4656	0.3192	0.3123	0.3581	0.4861	0.375	0.375
0.4548	0.4439	0.4719	0.3868	0.2786	0.4037	0.7536	0.4429	0.4571
0.4304	0.4345	0.4857	0.3201	0.3078	0.461	0.7831	0.6506	0.6024
0.4278	0.422	0.498	0.3018	0.2744	0.478	0.7286	0.7	0.1047
0.4334	0.4297	0.4904	0.3372	0.2888	0.4729	0.8387	0.6452	0.5645
0.466	0.4749	0.4968	0.3841	0.3732	0.4834	0.4714	0.2838	0.24
0.4481	0.4399	0.4907	0.3446	0.274	0.4699	0.6	0.4769	0.4615
0.4466	0.4347	0.4924	0.3389	0.2473	0.4756	0.597	0.4776	0.4627
0.4454	0.4487	0.4713	0.2815	0.2986	0.3897	0.4337	0.4337	0.3976
0.4152	0.407	0.4017	0.3023	0.2545	0.214	0.9589	0.8356	0.7671
0.4185	0.4047	0.4613	0.328	0.2553	0.4075	1.1094	0.875	0.7969
0.4255	0.4271	0.4639	0.291	0.2517	0.3974	0.7162	0.5676	0.6081
0.4613	0.4623	0.4646	0.3904	0.371	0.3164	0.6163	0.4767	0.2955
0.4643	0.4553	0.4821	0.3933	0.2295	0.4318	0.5658	0.2763	0.3816
0.4468	0.4366	0.4417	0.3644	0.2646	0.2684	0.7538	0.4923	0.4462
0.4488	0.4305	0.4921	0.3561	0.2035	0.4763	0.6522	0.4493	0.5072
0.4166	0.4074	0.4733	0.3135	0.2787	0.4365	1.0159	0.9524	0.7778
0.4366	0.4078	0.487	0.3521	0.236	0.4674	0.8919	0.7568	0.6892
0.4401	0.4384	0.4983	0.3237	0.2932	0.4804	0.6329	0.5443	0.0957
0.4627	0.465	0.4638	0.3792	0.3602	0.3283	0.5116	0.3908	0.3256
0.4382	0.4224	0.4831	0.341	0.2445	0.4544	0.7647	0.6029	0.6176
0.4686	0.4876	0.4961	0.3974	0.4516	0.4596	0.4935	0.3636	0.1125
0.4389	0.4369	0.4968	0.3103	0.2113	0.4339	0.5957	0.4043	0.0541
0.4509	0.4505	0.4761	0.3643	0.2838	0.4152	0.6615	0.3846	0.4308
0.4354	0.4331	0.4914	0.2911	0.3065	0.4748	0.5769	0.6667	0.5316
0.4438	0.457	0.4576	0.3178	0.2987	0.2647	0.5532	0.3438	0.2917
0.4461	0.4461	0.4787	0.354	0.3113	0.439	0.6912	0.5	0.5735
0.4456	0.4506	0.456	0.3503	0.3209	0.366	0.679	0.4691	0.5679
0.4051	0.3905	0.499	0.3143	0.2304	0.4886	1.3137	0.9804	0.0933
0.468	0.4589	0.4815	0.4039	0.3226	0.4355	0.5556	0.3704	0.4321
0.4388	0.4438	0.4992	0.3377	0.2991	0.49	0.7324	0.493	0.0843
0.4336	0.4451	0.4373	0.3234	0.3231	0.2917	0.7432	0.5541	0.5541
0.4276	0.4255	0.4995	0.3154	0.2946	0.49	0.806	0.7313	0.0581
0.4443	0.4454	0.4568	0.3251	0.2589	0.3264	0.5732	0.3929	0.4048
0.4544	0.4963	0.4986	0.3893	0.4859	0.4819	0.7937	0.3538	0.087
0.4358	0.4363	0.4943	0.3081	0.2692	0.4826	0.6329	0.5063	0.4937
0.458	0.4516	0.4714	0.3726	0.3273	0.3887	0.5679	0.4756	0.3902
0.4388	0.4405	0.4781	0.3027	0.2618	0.4221	0.57	0.4455	0.4257
0.428	0.4234	0.4782	0.3515	0.2967	0.4522	1.1207	0.7759	0.8793
0.4058	0.3996	0.477	0.3	0.2686	0.4476	1.1429	1.0317	0.8254
0.4223	0.4038	0.4876	0.3014	0.2182	0.4703	0.8182	0.7532	0.7403
0.4446	0.4503	0.491	0.3511	0.3139	0.4718	0.7031	0.4531	0.4844
0.4584	0.4594	0.4765	0.3734	0.3662	0.3758	0.5634	0.507	0.2676
0.4645	0.4559	0.4964	0.3665	0.3278	0.4834	0.4196	0.4196	0.2832
0.4317	0.4266	0.4769	0.3471	0.3038	0.4392	0.9655	0.7586	0.6552
0.4375	0.4197	0.4973	0.3467	0.2379	0.4514	0.8235	0.6176	0.0625
0.4496	0.4429	0.4888	0.3335	0.2925	0.4612	0.5263	0.4868	0.4211
0.4426	0.4483	0.4928	0.3423	0.308	0.4736	0.6875	0.4625	0.3875
0.4232	0.4239	0.4865	0.322	0.2455	0.4658	0.9412	0.5882	0.6765
0.4427	0.4441	0.4515	0.3239	0.2712	0.3269	0.5926	0.4268	0.4756
0.4502	0.451	0.4838	0.3426	0.3302	0.4517	0.5542	0.494	0.5301
0.4416	0.4385	0.4626	0.304	0.2386	0.3602	0.5366	0.4268	0.4268
0.4435	0.4394	0.4735	0.2887	0.2425	0.4021	0.4706	0.4235	0.4118
0.4586	0.4495	0.4921	0.3823	0.3278	0.4746	0.6184	0.5065	0.4675
0.4476	0.4407	0.4889	0.3181	0.1986	0.4621	0.5	0.3605	0.4302
0.4728	0.4756	0.4992	0.3736	0.3412	0.484	0.3152	0.2174	0.0505
0.4494	0.4669	0.4862	0.359	0.3953	0.4259	0.6582	0.519	0.2469
0.4305	0.4232	0.4972	0.3271	0.2468	0.4691	0.825	0.6	0.1042
0.4141	0.4061	0.4333	0.3049	0.2327	0.332	1	0.7679	0.8036
0.4151	0.4088	0.459	0.2642	0.1965	0.3923	0.7581	0.6452	0.6935
0.4467	0.4392	0.4745	0.351	0.3205	0.43	0.6618	0.6324	0.6176
0.4411	0.4398	0.4789	0.3305	0.3179	0.4269	0.65	0.6125	0.4375
0.4164	0.416	0.4692	0.2786	0.2387	0.4151	0.8	0.6625	0.625
0.3822	0.36	0.4796	0.2967	0.2018	0.4655	1.7917	1.3542	1.5
0.4342	0.4099	0.454	0.3444	0.212	0.3704	0.8788	0.6667	0.6364
0.4356	0.4362	0.4964	0.31	0.2337	0.4885	0.6429	0.4405	0.4643
0.393	0.3677	0.465	0.2916	0.2014	0.434	1.377	1.2131	1.2131
0.4629	0.4553	0.4677	0.3825	0.3354	0.3383	0.525	0.45	0.3
0.4157	0.4067	0.4229	0.3199	0.268	0.2934	1.0959	0.9041	0.7671
0.4436	0.4489	0.4762	0.3086	0.292	0.417	0.5238	0.4167	0.4405
0.4217	0.4059	0.4918	0.3157	0.2103	0.4793	0.9231	0.7077	0.6769
0.4304	0.4281	0.4903	0.3004	0.1944	0.4733	0.6824	0.4588	0.5882
0.4104	0.3938	0.4718	0.3155	0.2543	0.4429	1.1833	1.05	1.0333
0.4296	0.435	0.4937	0.3012	0.3113	0.4795	0.6974	0.6579	0.4487
0.4394	0.4356	0.4614	0.3434	0.2559	0.3853	0.7576	0.4848	0.5758
0.4227	0.4164	0.4822	0.2899	0.2468	0.4535	0.7536	0.6812	0.6522
0.4229	0.4179	0.4951	0.3264	0.2937	0.4879	0.9853	0.8529	0.6912
0.4382	0.43	0.4932	0.322	0.2254	0.4793	0.6571	0.4857	0.5
0.4737	0.4667	0.488	0.4305	0.3409	0.4557	0.6543	0.3171	0.3902
0.4322	0.4434	0.4567	0.3348	0.3633	0.3832	0.8448	0.8276	0.6724
0.3824	0.3586	0.4942	0.2876	0.1568	0.4893	1.6333	1.1667	1.1833
0.4536	0.457	0.4586	0.3522	0.3205	0.3289	0.5412	0.3882	0.3882
0.418	0.4203	0.4875	0.3082	0.2798	0.4683	0.9437	0.7465	0.6761
0.3979	0.4047	0.4761	0.2748	0.2696	0.4499	1.1081	0.9459	0.9595
0.4303	0.4447	0.4288	0.3372	0.367	0.2959	0.9062	0.8281	0.6875
0.3848	0.3706	0.424	0.2858	0.2141	0.3454	1.5357	1.2321	1.1607
0.4546	0.4618	0.4991	0.3096	0.3107	0.4875	0.3913	0.3152	0.0762
0.4519	0.4449	0.446	0.3385	0.2838	0.2584	0.5114	0.4432	0.3864
0.4271	0.4186	0.4973	0.3292	0.2933	0.4399	0.9125	0.8375	0.0505
0.4649	0.4401	0.4959	0.4019	0.2434	0.4851	0.6216	0.4189	0.3919
0.4047	0.4062	0.4413	0.2889	0.2285	0.3367	1.0741	0.7531	0.679
0.4195	0.4061	0.4152	0.3454	0.2712	0.2533	1.3051	0.9322	0.7167
0.4633	0.4582	0.4816	0.3864	0.2997	0.4286	0.5417	0.3333	0.375
0.4378	0.4381	0.4875	0.3159	0.2031	0.4604	0.6354	0.3854	0.4792
0.408	0.4112	0.4975	0.2899	0.2473	0.4719	1.0139	0.75	0.0989
0.4652	0.466	0.4915	0.3714	0.3445	0.463	0.4286	0.3333	0.3095
0.448	0.4365	0.4415	0.3664	0.2349	0.2493	0.7407	0.439	0.4146
0.4767	0.4704	0.4918	0.4262	0.3608	0.4647	0.5	0.3158	0.3158
0.4278	0.4155	0.481	0.339	0.2155	0.4473	0.9839	0.6129	0.5968
0.4231	0.4147	0.4874	0.2959	0.2465	0.468	0.7761	0.7015	0.6716
0.4217	0.4093	0.4243	0.3556	0.3059	0.344	1.4038	1.1154	1.1346
0.4287	0.4185	0.4625	0.3351	0.2745	0.4006	0.9265	0.75	0.6765
0.4397	0.4304	0.4304	0.3418	0.2398	0.2239	0.7397	0.5068	0.4795
0.4496	0.4342	0.4606	0.3584	0.2771	0.3694	0.65	0.55	0.5
0.4349	0.421	0.4858	0.3255	0.2259	0.4618	0.7308	0.5769	0.6154
0.4123	0.4239	0.4842	0.2724	0.2923	0.4573	0.8358	0.7463	0.6176
0.4288	0.4266	0.4784	0.3145	0.2245	0.4378	0.7791	0.5169	0.5682
0.4655	0.4648	0.4992	0.3658	0.3187	0.4867	0.4024	0.2963	0.069
0.3802	0.3466	0.4348	0.2799	0.156	0.3843	1.5932	1.3559	1.4746
0.4295	0.4313	0.4625	0.2881	0.2769	0.3884	0.6463	0.5854	0.5732
0.4343	0.4326	0.4341	0.3256	0.2913	0.2682	0.7429	0.6143	0.5286
0.4432	0.4595	0.4754	0.3424	0.3169	0.3898	0.6757	0.3506	0.3247
0.465	0.4586	0.4816	0.3753	0.2669	0.402	0.4476	0.2857	0.2571
0.431	0.4407	0.4938	0.2886	0.3014	0.4818	0.6267	0.5395	0.5263
0.4588	0.4533	0.4626	0.3651	0.2792	0.3006	0.5116	0.3488	0.2907
0.4209	0.4347	0.4939	0.272	0.2884	0.4819	0.7059	0.5765	0.5176
0.461	0.4606	0.4705	0.3792	0.3198	0.343	0.5465	0.3448	0.2759
0.4168	0.4196	0.44	0.3046	0.2592	0.3542	0.9423	0.6792	0.8269
0.4202	0.4196	0.4195	0.3059	0.2504	0.2547	0.8841	0.6522	0.6667
0.4229	0.4318	0.4362	0.2727	0.2947	0.2952	0.6812	0.6377	0.5797
0.4537	0.4518	0.49	0.3534	0.2387	0.4642	0.5455	0.3117	0.4026
0.4264	0.4223	0.4422	0.2928	0.2402	0.3126	0.7101	0.5942	0.5571
0.4408	0.4343	0.4961	0.3303	0.237	0.4878	0.6526	0.4632	0.4737
0.4427	0.4441	0.4491	0.3232	0.2537	0.2952	0.5904	0.3976	0.4217
0.4245	0.4108	0.4932	0.3414	0.2609	0.4807	1.0962	0.8077	0.5556
0.4247	0.419	0.4447	0.314	0.2106	0.3218	0.8514	0.5676	0.5541
0.4538	0.4583	0.4851	0.3573	0.335	0.4368	0.5632	0.4091	0.3295
0.4567	0.4367	0.4939	0.4066	0.2402	0.48	0.9571	0.4459	0.4533
0.4415	0.437	0.4623	0.3334	0.2639	0.364	0.6579	0.4868	0.4474
0.4143	0.4196	0.4228	0.2806	0.2566	0.2811	0.8429	0.6714	0.7143
0.436	0.4161	0.4918	0.3576	0.2488	0.48	0.963	0.6914	0.7037
0.4262	0.4231	0.4784	0.316	0.2837	0.4468	0.8361	0.7213	0.7213
0.4451	0.4544	0.4919	0.3302	0.3194	0.4658	0.5833	0.4167	0.3194
0.4433	0.4522	0.4476	0.3264	0.3299	0.3181	0.5952	0.4762	0.5
0.4647	0.4644	0.4968	0.3931	0.3324	0.4864	0.5545	0.3267	0.3168
0.4323	0.4331	0.4952	0.3157	0.3017	0.4736	0.7231	0.6462	0.2267
0.4116	0.4026	0.4043	0.2961	0.2426	0.2617	0.9851	0.8507	0.9104
0.4196	0.4067	0.4794	0.2823	0.2257	0.4463	0.7671	0.7397	0.6575
0.4392	0.4225	0.4822	0.3597	0.228	0.4499	0.8986	0.5652	0.5797
0.4066	0.4024	0.4423	0.3095	0.2691	0.357	1.2188	0.9844	0.7969
0.4129	0.398	0.4635	0.3077	0.2258	0.4136	1.0492	0.8525	0.8033
0.4502	0.443	0.4897	0.3657	0.2867	0.4676	0.6857	0.4714	0.4857
0.4387	0.4433	0.476	0.2985	0.2507	0.424	0.5571	0.4	0.5
0.4159	0.4178	0.4715	0.3096	0.2943	0.4336	1	0.8571	0.8052
0.4217	0.4255	0.4702	0.3153	0.2976	0.425	0.9206	0.746	0.7143
0.4492	0.4473	0.4565	0.317	0.2548	0.3296	0.4762	0.369	0.4167
0.4301	0.4186	0.4921	0.3448	0.2596	0.4777	0.9839	0.6935	0.5645
0.4356	0.4413	0.4849	0.3067	0.304	0.4494	0.6292	0.5393	0.4494
0.4281	0.4355	0.47	0.2505	0.28	0.4042	0.5542	0.5422	0.506
0.4475	0.4427	0.463	0.3563	0.3006	0.3734	0.6786	0.5119	0.4762
0.4686	0.4666	0.4839	0.3759	0.3375	0.4237	0.3889	0.3111	0.2889
0.4517	0.4495	0.4583	0.3456	0.2965	0.3137	0.5432	0.4198	0.358
0.4377	0.4339	0.4726	0.3207	0.227	0.4124	0.6585	0.4512	0.5
0.4253	0.42	0.4899	0.3114	0.2496	0.4716	0.8228	0.6456	0.5696
0.4298	0.4287	0.4908	0.308	0.2824	0.4739	0.7273	0.6364	0.5606
0.4538	0.4487	0.4815	0.3541	0.3062	0.429	0.5476	0.4524	0.381
0.4472	0.4367	0.4944	0.3681	0.343	0.4642	0.7759	0.8103	0.194
0.4191	0.4106	0.422	0.2956	0.2287	0.2882	0.8429	0.7	0.7571
0.4553	0.4565	0.4836	0.357	0.2983	0.433	0.5341	0.3483	0.3483
0.4333	0.4376	0.4933	0.2848	0.3095	0.4788	0.5833	0.6111	0.4722
0.4528	0.4473	0.4921	0.3537	0.2834	0.4715	0.5625	0.4167	0.3958
0.4694	0.4723	0.4643	0.4019	0.3445	0.3216	0.5051	0.2574	0.3069
0.4486	0.4441	0.4923	0.3623	0.3064	0.4731	0.6966	0.5111	0.4111
0.4556	0.4532	0.4869	0.3461	0.2728	0.4477	0.4835	0.3407	0.3516
0.4422	0.4283	0.4971	0.3538	0.2332	0.4426	0.7742	0.5161	0.0556
0.4378	0.4454	0.4932	0.2764	0.288	0.4776	0.5059	0.4471	0.4471
0.4432	0.4327	0.4994	0.3571	0.2626	0.488	0.7778	0.5309	0.049
0.4438	0.4481	0.4633	0.3575	0.3258	0.3587	0.7671	0.5205	0.411
0.459	0.4571	0.4761	0.3866	0.2902	0.3979	0.641	0.3293	0.3415
0.451	0.4598	0.4908	0.3213	0.2973	0.4653	0.4651	0.314	0.3721
0.4524	0.4476	0.4894	0.3668	0.2714	0.4614	0.6456	0.3924	0.3924
0.4428	0.4387	0.4917	0.3503	0.3023	0.4751	0.7361	0.5694	0.5139
0.4305	0.4182	0.422	0.3487	0.2719	0.2388	1.0135	0.7432	0.5946
0.453	0.4516	0.4707	0.3478	0.3067	0.3599	0.5309	0.4198	0.3086
0.4541	0.4489	0.4972	0.3513	0.2714	0.489	0.5287	0.3793	0.3448
0.4276	0.436	0.4981	0.317	0.2615	0.4802	0.8154	0.4923	0.1053
0.4468	0.443	0.4925	0.3592	0.2728	0.4744	0.7143	0.4416	0.4286
0.4309	0.4227	0.4931	0.3401	0.2962	0.4805	0.9189	0.7838	0.5541
0.4582	0.4633	0.4916	0.341	0.348	0.4692	0.4268	0.378	0.3902
0.4617	0.4504	0.488	0.4044	0.3563	0.4646	0.7424	0.6212	0.5303
0.4312	0.4152	0.4691	0.358	0.2892	0.4279	1.1094	0.875	0.8125
0.4461	0.4399	0.4524	0.3616	0.2715	0.3255	0.7471	0.4713	0.4598
0.4485	0.45	0.4949	0.3626	0.2978	0.4765	0.7015	0.4179	0.2817
0.4359	0.4334	0.4411	0.3162	0.2791	0.3107	0.6667	0.5652	0.5652
0.4166	0.4138	0.4762	0.2957	0.2388	0.4408	0.8873	0.6901	0.7183
0.46	0.4603	0.4953	0.3673	0.3149	0.4758	0.5	0.3382	0.25
0.4235	0.4224	0.4706	0.3164	0.2465	0.415	0.8904	0.6081	0.5811
0.4428	0.4448	0.467	0.3477	0.3278	0.3971	0.7176	0.5765	0.5294
0.4094	0.4187	0.4867	0.2646	0.2774	0.4662	0.8448	0.7586	0.6724
0.4633	0.462	0.4855	0.3587	0.251	0.4296	0.4112	0.243	0.2804
0.4446	0.4374	0.4407	0.363	0.275	0.2597	0.7945	0.5068	0.44
0.4082	0.4019	0.4936	0.2886	0.2413	0.4852	1	0.8571	0.7679
0.4047	0.4082	0.4398	0.2509	0.222	0.3435	0.8553	0.7105	0.75
0.4458	0.4498	0.4768	0.2955	0.296	0.397	0.4607	0.4157	0.3258
0.4443	0.4499	0.454	0.3585	0.3497	0.342	0.7627	0.5932	0.4915
0.4055	0.3998	0.4726	0.2787	0.2429	0.4393	0.9867	0.8933	0.88
0.4494	0.4515	0.4785	0.3445	0.3081	0.4126	0.5769	0.4231	0.359
0.4478	0.4452	0.4881	0.3547	0.2793	0.4515	0.6615	0.4308	0.3433
0.4397	0.4326	0.4693	0.3216	0.2042	0.398	0.6296	0.4321	0.4815
0.466	0.4607	0.4953	0.3692	0.3269	0.4771	0.4057	0.3585	0.2642
0.396	0.3963	0.4979	0.241	0.233	0.4658	0.9444	0.9041	0.0686
0.4287	0.4296	0.4555	0.2675	0.2448	0.37	0.5897	0.5256	0.6026
0.417	0.4194	0.4894	0.3005	0.2767	0.4745	0.9104	0.7463	0.7313
0.4288	0.4122	0.4247	0.348	0.2052	0.2632	1.0533	0.6267	0.6267
0.4506	0.4501	0.4496	0.3643	0.2965	0.328	0.6667	0.4133	0.5067
0.4325	0.4271	0.4901	0.3379	0.2845	0.474	0.8636	0.6667	0.6364
0.4693	0.4724	0.4967	0.3771	0.3127	0.4811	0.381	0.2143	0.2143
0.3996	0.3878	0.3812	0.2807	0.2322	0.1924	1.1167	1.0333	0.9667
0.4689	0.45	0.453	0.4186	0.3193	0.3364	0.6757	0.473	0.4865
0.4482	0.4521	0.4666	0.3364	0.284	0.3623	0.56	0.3684	0.3733
0.4023	0.3947	0.4262	0.2764	0.2383	0.3294	1.0323	0.9516	0.9355
0.4296	0.4272	0.4851	0.3585	0.3311	0.4652	1.1667	0.9259	0.7778
0.438	0.439	0.4785	0.2806	0.2537	0.4287	0.5146	0.4466	0.466
0.4479	0.4494	0.4933	0.3287	0.3045	0.4771	0.5333	0.44	0.4267
0.4278	0.4223	0.4735	0.2861	0.1995	0.4232	0.6629	0.5169	0.573
0.4649	0.4653	0.4948	0.3478	0.3173	0.4773	0.3556	0.2889	0.3077
0.4305	0.4213	0.4933	0.3273	0.2356	0.4817	0.8261	0.5942	0.5942
0.4634	0.4687	0.492	0.3891	0.3509	0.4721	0.5571	0.3143	0.4143
0.4333	0.4267	0.4442	0.3143	0.2664	0.317	0.7	0.6111	0.5444
0.4821	0.4841	0.4986	0.4295	0.3362	0.4834	0.3656	0.129	0.0928
0.4344	0.4277	0.4511	0.321	0.292	0.3665	0.7164	0.6866	0.6716
0.4393	0.4345	0.4963	0.3573	0.299	0.4708	0.8718	0.6154	0.1489
0.4503	0.4334	0.4878	0.3779	0.2548	0.4627	0.7882	0.5059	0.5059
