x
0.3597
0.3606
0.3785
0.3722
0.374
0.3558
0.3669
0.3517
0.3616
0.3521
0.3576
0.3614
0.3406
0.3467
0.3585
0.3645
0.3609
0.3518
0.3577
0.3364
0.364
0.3424
0.3656
0.3461
0.3445
0.3464
0.3746
0.3416
0.3527
0.3726
0.3618
0.3585
0.3426
0.3629
0.3442
0.3578
0.3701
0.3627
0.3664
0.3427
0.3558
0.3441
0.3768
0.3503
0.3533
0.3722
0.3546
0.3471
0.3599
0.358
0.3731
0.3637
0.3516
0.3644
0.3366
0.3603
0.3867
0.3759
0.3602
0.3531
0.3449
0.3466
0.3593
0.3506
0.3663
0.3611
0.3595
0.3586
0.3559
0.37
0.3693
0.3638
0.3597
0.3811
0.3307
0.3578
0.3451
0.3632
0.3516
0.3628
0.3565
0.3638
0.3539
0.355
0.3546
0.3675
0.3341
0.3627
0.3508
0.355
0.3598
0.3761
0.3759
0.3517
0.3434
0.368
0.3514
0.3663
0.3679
0.3556
0.3662
0.3433
0.3785
0.354
0.363
0.3587
0.3506
0.3343
0.3647
0.3663
0.3269
0.3648
0.3578
0.3527
0.3733
0.3568
0.3355
0.3283
0.3634
0.3548
0.373
0.3431
0.3463
0.3562
0.3591
0.3572
0.3717
0.374
0.3491
0.3718
0.354
0.3735
0.3467
0.3576
0.3616
0.3296
0.379
0.3637
0.3385
0.3834
0.3379
0.3516
0.3475
0.37
0.3645
0.3603
0.3735
0.3526
0.3616
0.3675
0.3566
0.3496
0.358
0.3399
0.3686
0.361
0.3442
0.3513
0.3595
0.3412
0.3442
0.3666
0.3628
0.3715
0.373
0.3338
0.3779
0.3555
0.3462
0.3648
0.3636
0.3584
0.3544
0.3464
0.363
0.3523
0.3513
0.3623
0.3473
0.3415
0.3664
0.3737
0.3579
0.3575
0.3637
0.3418
0.3584
0.3676
0.355
0.3636
0.35
0.3434
0.3652
0.3494
0.3601
0.3608
0.3485
0.3635
0.3666
0.3596
0.3723
0.3575
0.3374
0.3633
0.3565
0.3662
0.3675
0.3598
0.3471
0.338
0.3687
0.3705
0.3537
0.364
0.3819
0.3542
0.3345
0.3664
0.345
0.3686
0.3613
0.3597
0.3411
0.374
0.3501
0.3619
0.3767
0.3447
0.3423
0.3464
0.3665
0.3705
0.3559
0.3648
0.3356
0.3769
0.3594
0.3519
0.3639
0.3775
0.3755
0.3602
0.3771
0.3714
0.3568
0.366
0.3679
0.3709
0.3703
0.3558
0.3496
0.365
0.3579
0.3617
0.3572
0.3479
0.3671
0.3881
0.3665
0.338
0.3587
0.3471
0.3536
0.359
0.3491
0.3489
0.3431
0.3715
0.3449
0.355
0.3542
0.3411
0.352
0.3559
0.3676
0.3586
0.3627
0.3582
0.3499
0.3525
0.3598
0.3451
0.3686
0.3506
0.3804
0.3612
0.3576
0.3236
0.3782
0.3597
0.3469
0.3506
0.3577
0.3727
0.3735
0.3428
0.3583
0.3671
0.3326
0.3537
0.3581
0.3481
0.3263
0.3571
0.3561
0.3557
0.3509
0.3688
0.3566
0.3715
0.3649
0.3842
0.3539
0.3475
0.353
0.3754
0.3414
0.3522
0.3609
0.3477
0.3714
0.3433
0.3696
0.3693
0.3451
0.3674
0.3811
0.3485
0.3564
0.3535
0.3391
0.3693
0.3441
0.3332
0.3489
0.3743
0.3594
0.3493
0.3552
0.3726
0.3562
0.3775
0.3336
0.3587
0.3132
0.3541
0.3724
0.3562
0.366
0.3617
0.3644
0.3647
0.3676
0.3559
0.3654
0.3563
0.3472
0.3459
0.3685
0.3344
0.3603
0.3526
0.3644
0.3416
0.3635
0.3478
0.3626
0.3662
0.3415
0.3504
0.3703
0.3426
0.3519
0.3604
0.3619
0.347
0.3558
0.3595
0.3612
0.3426
0.3595
0.3725
0.3576
0.373
0.3597
0.3584
0.3567
0.3533
0.376
0.3675
0.3437
0.354
0.3459
0.3604
0.3577
0.3409
0.3382
0.3373
0.3494
0.3397
0.3603
0.3744
0.3705
0.3495
0.36
0.3708
0.3712
0.3524
0.3758
0.3544
0.3476
0.3634
0.3423
0.368
0.3513
0.3722
0.3555
0.3649
0.3681
0.3699
0.3481
0.3712
0.3475
0.3664
0.3374
0.344
0.3331
0.3395
0.3719
0.3549
0.3578
0.3605
0.3451
0.3657
0.3739
0.3715
0.3531
0.3459
0.3551
0.3585
0.3664
0.3675
0.3468
0.3784
0.3627
0.3713
0.3583
0.3486
0.3342
0.3464
0.3806
0.3442
0.3538
0.3554
0.3719
0.3607
0.3675
0.3722
0.3592
0.3617
0.35
0.3497
0.3616
0.3562
0.3338
0.3685
0.3419
0.3621
0.3651
0.3511
0.3587
0.3471
0.3567
0.3434
0.3382
0.3613
0.353
0.3585
0.359
0.3286
0.3552
0.3726
0.3456
0.3608
0.3619
0.3739
0.3602
0.3512
0.3746
0.3766
0.3501
0.37
0.3721
0.3558
0.3723
0.3485
0.3662
0.3718
0.3695
0.3534
0.3735
0.357
0.3437
0.3676
0.3741
0.361
0.3531
0.3624
0.3769
0.3696
0.3577
0.3574
0.3752
0.3699
0.3624
0.3502
0.3356
0.3712
0.3563
0.348
0.3451
0.369
0.3612
0.3379
0.3492
0.3535
0.3724
0.3445
0.3568
0.3536
0.3732
0.3578
0.3666
0.3433
0.3385
0.3698
0.3567
0.3713
0.3574
0.3571
0.3464
0.361
0.3753
0.3729
0.3638
0.3459
0.3729
0.3255
0.3555
0.3674
0.3869
0.3738
0.3647
0.3618
0.3712
0.3578
0.38
0.3511
0.3643
0.3466
0.3712
0.3332
0.3363
0.3679
0.3538
0.3555
0.3714
0.3532
0.3665
0.3586
0.3751
0.3582
0.3554
0.3511
0.3665
0.3651
0.3357
0.3753
0.3602
0.3527
0.3706
0.3584
0.3555
0.3515
0.3505
0.3752
0.3622
0.3518
0.3673
0.3338
0.3319
0.3737
0.3531
0.3588
0.333
0.3556
0.3531
0.3414
0.3443
0.3517
0.381
0.3289
0.3546
0.3765
0.3301
0.3628
0.3654
0.3623
0.3488
0.3465
0.3517
0.3711
0.3389
0.3502
0.3831
0.3647
0.3521
0.3528
0.3655
0.3435
0.3645
0.349
0.3447
0.3615
0.3603
0.3636
0.3694
0.3709
0.354
0.3711
0.3694
0.3431
0.3648
0.351
0.3574
0.3452
0.3535
0.3525
0.3816
0.3658
0.3673
0.3469
0.3539
0.3387
0.3528
0.3627
0.3707
0.3722
0.3444
0.3827
0.3601
0.3795
0.3783
0.37
0.3682
0.3452
0.367
0.3585
0.3414
0.3585
0.3644
0.3224
0.3646
0.3668
0.3419
0.3654
0.3397
0.3651
0.3541
0.3461
0.37
0.3521
0.3681
0.3566
0.3674
0.3409
0.3379
0.3661
0.3676
0.3633
0.3489
0.3298
0.3535
0.3574
0.3675
0.357
0.3592
0.3724
0.372
0.3634
0.3561
0.3456
0.3551
0.3512
0.3768
0.3653
0.3631
0.3626
0.3533
0.3317
0.3764
0.3577
0.3445
0.3468
0.3592
0.3553
0.3421
0.3449
0.346
0.3494
0.3719
0.378
0.3502
0.3657
0.3614
0.3631
0.3677
0.3471
0.3689
0.3654
0.356
0.3674
0.3265
0.3794
0.3408
0.3394
0.3694
0.3643
0.3697
0.3204
0.3503
0.3539
0.3463
0.3573
0.3634
0.3565
0.3649
0.3658
0.3596
0.3675
0.3574
0.3675
0.3713
0.3714
0.3423
0.347
0.3628
0.3603
0.3701
0.3746
0.3668
0.3407
0.3529
0.3538
0.3687
0.356
0.3539
0.3462
0.373
0.3697
0.3546
0.3584
0.3649
0.3646
0.3513
0.3653
0.3878
0.3536
0.3462
0.379
0.3514
0.3497
0.3407
0.3082
0.3881
0.3534
0.3649
0.367
0.3536
0.3633
0.366
0.3437
0.3116
0.3691
0.3607
0.3557
0.3676
0.3614
0.3366
0.3698
0.3396
0.3491
0.3614
0.3452
0.3557
0.3629
0.3646
0.3535
0.3644
0.372
0.3602
0.3522
0.3532
0.337
0.3496
0.3507
0.3377
0.3172
0.3241
0.3685
0.3725
0.3565
0.3405
0.3519
0.3377
0.3663
0.3549
0.3552
0.3627
0.3609
0.3653
0.3497
0.3732
0.3562
0.3694
0.3503
0.3317
0.341
0.3585
0.3618
0.373
0.3673
0.3562
0.3569
0.3337
0.3599
0.3635
0.3524
0.345
0.368
0.3648
0.3512
0.3657
0.3606
0.354
0.356
0.3559
0.3689
0.3564
0.378
0.359
0.3591
0.3671
0.3623
0.3699
0.3554
0.3575
0.3665
0.3518
0.3556
0.3664
0.3632
0.3613
0.3401
0.3665
0.3202
0.3729
0.3482
0.3273
0.3619
0.3751
0.3558
0.3604
0.3603
0.3559
0.3564
0.3711
0.364
0.3703
0.3616
0.3295
0.3625
0.3452
0.3715
0.3565
0.3343
0.3643
0.3538
0.3378
0.3718
0.3665
0.3429
0.3661
0.3657
0.3789
0.3689
0.3643
0.3529
0.3413
0.3433
0.3514
0.3501
0.3327
0.3575
0.3367
0.3595
0.3453
0.3597
0.3355
0.3603
0.3606
0.3681
0.346
0.3665
0.3742
0.3718
0.3421
0.3641
0.3455
0.3478
0.3285
0.3652
0.35
0.3515
0.3656
0.355
0.3623
0.3539
0.3691
0.3711
0.3627
0.3567
0.3405
0.3626
0.3592
0.3603
0.3602
0.3607
0.3588
0.3745
0.3656
0.3509
0.3504
0.3708
0.3558
0.3497
0.3607
0.353
0.3515
0.37
0.3346
0.3715
0.3592
0.3753
0.3784
0.3496
0.3553
0.3539
0.3521
0.3633
0.3288
0.371
0.3572
0.352
0.351
0.3649
0.3668
0.3692
0.3698
0.364
0.356
0.3316
0.3655
0.3373
0.37
0.3625
0.3626
0.3699
0.3539
0.3434
0.3768
0.3627
0.366
0.3536
0.3316
0.3624
0.3652
0.3634
0.368
0.3527
0.363
0.3466
0.3669
0.3643
0.3499
0.3516
0.3601
0.3701
0.3421
0.3606
0.3586
0.3615
0.3812
0.3791
0.3708
0.3631
0.3668
0.3449
0.3625
0.3502
0.3587
0.3577
0.3515
0.3523
0.3582
0.3641
0.36
0.35
0.3548
0.3386
0.3621
0.3439
0.3674
0.3542
0.3358
0.3581
0.3739
0.3346
0.3517
0.3362
0.3631
0.3612
0.3379
0.3704
0.342
0.3507
0.3793
0.3513
0.3651
0.3474
0.3551
0.3461
0.379
0.3549
0.3535
0.3752
0.3973
0.3491
0.361
0.3596
0.3752
0.3595
0.3506
0.3624
0.3848
0.3641
0.3765
0.3777
0.3595
0.3545
0.3471
0.3436
0.3622
0.356
0.3622
0.3645
0.3607
0.3602
0.3607
0.3796
0.3804
0.3601
0.37
0.3764
0.336
0.3564
0.354
0.3597
0.3524
0.3665
0.3497
0.3625
0.3636
0.345
0.3515
0.3655
0.3449
0.3594
0.3511
0.372
0.3532
0.3731
0.3907
0.355
0.3525
0.3782
0.3543
0.3658
0.3554
0.3522
0.3697
0.343
0.3826
0.3531
0.3617
0.3608
0.3487
0.3372
0.3651
0.3708
0.3215
0.3696
0.3553
0.3483
0.376
0.3451
0.3331
0.3302
0.3648
0.3667
0.3717
0.3413
0.3507
0.3646
0.3602
0.3607
0.3605
0.3581
0.3456
0.3735
0.3354
0.3837
0.3461
0.3646
0.3645
0.324
0.3662
0.3818
0.3336
0.3804
0.3377
0.3392
0.3471
0.3694
0.3652
0.3625
0.3651
0.35
0.3604
0.3697
0.3534
0.3535
0.3529
0.3581
0.3683
0.3644
0.3532
0.3524
0.3556
0.3426
0.3499
0.3672
0.3642
0.3705
0.3744
0.3378
0.3627
0.3702
0.3462
0.3644
0.3695
0.3725
0.3475
0.3418
0.3657
0.3636
0.3572
0.3674
0.3493
0.3445
0.3639
0.3736
0.3564
0.3549
0.3645
0.3431
0.3552
0.3703
0.3611
0.3631
0.3541
0.3436
0.3775
0.3445
0.3409
0.3615
0.3433
0.3646
0.3682
0.3568
0.3762
0.363
0.3436
0.3634
0.3543
0.3727
0.367
0.3686
0.3474
0.3464
0.3709
0.3728
0.3586
0.363
0.3855
0.3572
0.338
0.3555
0.3468
0.3762
0.3635
0.3689
0.3414
0.3682
0.35
0.3596
0.381
0.3429
0.3481
0.3619
0.373
0.3642
0.3564
0.3631
0.3568
0.3702
0.3651
0.3528
0.3727
0.37
0.369
0.378
0.3544
0.371
0.3468
0.3574
0.3645
0.379
0.3776
0.3595
0.3721
0.3686
0.3443
0.3714
0.3644
0.352
0.3644
0.3841
0.3673
0.3492
0.3694
0.3417
0.3655
0.3691
0.3509
0.3521
0.3383
0.3633
0.3493
0.3498
0.3612
0.3549
0.3741
0.3536
0.3711
0.3539
0.3667
0.3594
0.3508
0.3664
0.3646
0.3236
0.3683
0.3532
0.3759
0.3624
0.3554
0.3291
0.3739
0.3465
0.3585
0.3691
0.3633
0.3664
0.3767
0.3512
0.3562
0.3718
0.346
0.3501
0.3604
0.3558
0.3263
0.361
0.3578
0.3633
0.3513
0.3717
0.3226
0.3784
0.3704
0.378
0.3557
0.3469
0.3529
0.3806
0.337
0.3799
0.3624
0.3518
0.3733
0.378
0.3722
0.3749
0.3468
0.3712
0.3825
0.3483
0.3575
0.3606
0.342
0.368
0.3435
0.3377
0.3762
0.3806
0.3611
0.3614
0.365
0.3514
0.3598
0.3652
0.3351
0.3588
0.3113
0.3559
0.3747
0.3523
0.3531
0.3621
0.354
0.3615
0.3581
0.3555
0.356
0.3614
0.3465
0.3501
0.3683
0.3328
0.364
0.3537
0.3617
0.3352
0.3614
0.3513
0.3686
0.3978
0.3527
0.3643
0.3733
0.3399
0.358
0.3602
0.3626
0.3714
0.35
0.3627
0.3666
0.347
0.3792
0.3785
0.3466
0.377
0.3566
0.3593
0.3532
0.3454
0.3584
0.3734
0.3388
0.3571
0.3568
0.354
0.3623
0.3432
0.3376
0.3635
0.3496
0.3676
0.3631
0.3735
0.37
0.3517
0.3576
0.3658
0.3693
0.3559
0.3582
0.3566
0.3485
0.3643
0.3709
0.3708
0.3591
0.3635
0.3461
0.3685
0.3702
0.3697
0.3493
0.3736
0.3533
0.3626
0.3858
0.3475
0.3264
0.3349
0.3752
0.3533
0.3595
0.3599
0.3535
0.3542
0.3726
0.3719
0.3578
0.3522
0.3572
0.3664
0.3589
0.3611
0.3506
0.3809
0.3623
0.3692
0.3666
0.3502
0.3267
0.3447
0.3854
0.3395
0.3606
0.3483
0.371
0.3707
0.3704
0.3685
0.3548
0.3625
0.3492
0.3434
0.3641
0.3612
0.3443
0.3702
0.3375
0.3627
0.3668
0.3567
0.3589
0.3506
0.3568
0.3408
0.3532
0.3596
0.3326
0.3609
0.3603
0.331
0.356
0.3737
0.3582
0.366
0.3594
0.3679
0.3432
0.353
0.3772
0.379
0.3494
0.3704
0.361
0.3618
0.371
0.353
0.3622
0.3731
0.3643
0.3532
0.3717
0.3531
0.3477
0.3612
0.3699
0.3696
0.3421
0.3632
0.3642
0.362
0.3543
0.3561
0.3714
0.3692
0.3614
0.342
0.3336
0.3676
0.3505
0.3513
0.34
0.3729
0.3552
0.341
0.345
0.3651
0.3715
0.3458
0.3765
0.3521
0.3715
0.3639
0.366
0.3426
0.3419
0.3631
0.3525
0.3688
0.3603
0.3594
0.3587
0.3646
0.3763
0.3692
0.3645
0.3478
0.3687
0.3346
0.3545
0.3696
0.3837
0.3763
0.3633
0.3606
0.3685
0.3752
0.3818
0.3483
0.3634
0.3437
0.3684
0.3377
0.3438
0.3649
0.3594
0.3538
0.3709
0.369
0.3645
0.3644
0.3756
0.3578
0.3641
0.3587
0.3715
0.3649
0.3294
0.3749
0.3602
0.3572
0.3706
0.3569
0.3583
0.3536
0.379
0.3787
0.3649
0.3625
0.3569
0.332
0.3271
0.3722
0.3546
0.3611
0.3356
0.3619
0.3545
0.3462
0.3453
0.3546
0.3756
0.3272
0.3557
0.3769
0.34
0.3499
0.3692
0.362
0.3431
0.346
0.3501
0.3693
0.3396
0.3658
0.3847
0.3659
0.353
0.361
0.3657
0.3549
0.3568
0.3522
0.3443
0.366
0.3569
0.3693
0.3776
0.3724
0.346
0.3732
0.3712
0.3392
0.3666
0.3626
0.3626
0.3494
0.3534
0.3519
0.3805
0.3675
0.3723
0.3468
0.3549
0.3496
0.3655
0.398
0.3776
0.3833
0.3415
0.3761
0.356
0.3812
0.3491
0.3749
0.3733
0.3627
0.3646
0.3585
0.348
0.3625
0.3653
0.3219
0.3712
0.3657
0.3488
0.3496
0.3381
0.3646
0.3604
0.3415
0.3731
0.3753
0.3688
0.354
0.3717
0.3433
0.3375
0.3686
0.3686
0.3653
0.3499
0.3299
0.3678
0.3654
0.369
0.3788
0.3558
0.372
0.3797
0.3628
0.3602
0.344
0.3554
0.3542
0.3754
0.3689
0.3685
0.3614
0.3469
0.3299
0.3762
0.3706
0.3412
0.3475
0.3445
0.3607
0.3445
0.3432
0.3442
0.3317
0.3739
0.3776
0.3466
0.357
0.3665
0.3633
0.3615
0.3499
0.3528
0.3678
0.3493
0.3708
0.3329
0.3745
0.3349
0.34
0.3654
0.3983
0.3622
0.3236
0.341
0.3556
0.3495
0.3594
0.3604
0.3539
0.3662
0.3654
0.3623
0.3636
0.3517
0.3715
0.371
0.3674
0.3392
0.3693
0.3601
0.3683
0.366
0.3756
0.3658
0.3412
0.348
0.3562
0.3715
0.3556
0.3522
0.3477
0.3753
0.3739
0.3513
0.3676
0.3803
0.3984
0.3578
0.3658
0.3881
0.3655
0.3567
0.3881
0.3533
0.3635
0.3391
0.3453
0.3854
0.3649
0.3653
0.3629
0.3507
0.3691
0.3676
0.3412
0.3173
0.3662
0.3617
0.3553
0.3687
0.3669
0.3407
0.3712
0.3429
0.3503
0.3598
0.3484
0.362
0.3793
0.3654
0.3559
0.3694
0.3698
0.3621
0.3538
0.351
0.34
0.3606
0.348
0.3363
0.319
0.3166
0.3686
0.3639
0.3579
0.3435
0.3549
0.3399
0.3755
0.3624
0.3983
0.3575
0.381
0.3598
0.3503
0.3826
0.361
0.3646
0.357
0.3286
0.3586
0.3578
0.3521
0.3743
0.3484
0.3967
0.3502
0.3301
0.3699
0.3608
0.3531
0.3439
0.3677
0.3677
0.3605
0.3752
0.3601
0.3565
0.3545
0.353
0.3713
0.3636
0.3732
0.3615
0.364
0.3585
0.3623
0.3626
0.3544
0.359
0.3717
0.3439
0.355
0.3672
0.3703
0.3668
0.3429
0.3685
0.3295
0.3758
0.3531
0.3251
0.3616
0.3713
0.3574
0.3619
0.3593
0.3513
0.3587
0.3726
0.3586
0.3661
0.3697
0.3185
0.3669
0.3545
0.3664
0.3501
0.364
0.3644
0.3544
0.3331
0.3853
0.3613
0.3517
0.3645
0.3728
0.3759
0.366
0.3744
0.3548
0.3364
0.3666
0.3574
0.353
0.33
0.3596
0.338
0.3589
0.3519
0.3778
0.3361
0.3602
0.3603
0.3598
0.3457
0.3708
0.3875
0.3757
0.3412
0.3723
0.345
0.3487
0.3136
0.3663
0.3629
0.3531
0.3707
0.3556
0.3556
0.3573
0.3745
0.3672
0.3645
0.3643
0.3421
0.3644
0.3584
0.3552
0.3596
0.3594
0.3572
0.3692
0.3569
0.3518
0.3545
0.3744
0.3541
0.3439
0.3611
0.3516
0.3613
0.3774
0.3338
0.3763
0.358
0.3749
0.3788
0.3496
0.3555
0.3516
0.3479
0.3698
0.3285
0.3731
0.3562
0.363
0.3478
0.374
0.3624
0.3611
0.369
0.3617
0.361
0.3386
0.3635
0.34
0.3677
0.3757
0.3562
0.3709
0.354
0.3417
0.3683
0.363
0.3673
0.3546
0.3374
0.3571
0.3614
0.3666
0.3639
0.3411
0.3635
0.3485
0.3703
0.367
0.3511
0.3343
0.3561
0.3818
0.3401
0.3588
0.3915
0.3771
0.3973
0.3983
0.3738
0.3893
0.3863
0.3567
0.391
0.3978
0.3618
0.3578
0.3962
0.354
0.3804
0.3903
0.3877
0.3905
0.3992
0.3444
0.3823
0.3626
0.3851
0.3867
0.3454
0.3743
0.3879
0.37
0.3631
0.3644
0.3872
0.3983
0.3964
0.3986
0.3959
0.3988
0.3977
0.3964
0.3787
0.398
0.3997
0.3871
0.3892
0.3989
0.383
0.3942
0.3546
0.3982
0.3675
0.3696
0.398
0.3971
0.3779
0.3567
0.3613
0.3677
0.3887
0.3984
0.3901
0.3884
0.3586
0.3697
0.3903
0.3699
0.3991
0.3982
0.3966
0.362
0.3721
0.3749
0.3845
0.3985
0.3971
0.3861
0.3838
0.3889
0.3978
0.3741
0.3778
0.3984
0.3986
0.3896
0.3601
0.3479
0.3885
0.3806
0.3363
0.3959
0.3707
0.3521
0.3582
0.379
0.3983
0.389
0.3586
0.3805
0.3874
0.3988
0.3778
0.3988
0.3694
0.3855
0.3929
0.3766
0.3732
0.36
0.3955
0.3812
0.3682
0.3904
0.3822
0.3752
0.3898
0.3759
0.399
0.3979
0.3963
0.3958
0.3665
0.3484
0.3985
0.398
0.3815
0.3891
0.375
0.3988
0.3902
0.3747
0.3683
0.3921
0.3333
0.3982
0.3691
0.3638
0.3604
0.3752
0.3788
0.3976
0.381
0.3849
0.3731
0.3867
0.3876
0.3991
0.377
0.382
0.3843
0.3973
0.3851
0.3998
0.3884
0.3807
0.3964
0.3973
0.3811
0.3688
0.3784
0.3758
0.3609
0.3858
0.3759
0.3596
0.3725
0.397
0.3924
0.3989
0.397
0.3983
0.3976
0.3971
0.3842
0.3975
0.3951
0.3987
0.3902
0.3802
0.3865
0.3695
0.3552
0.3864
0.3992
0.3786
0.3798
0.3977
0.3963
0.342
0.3872
0.3832
0.3899
0.3824
0.3554
0.3988
0.3978
0.3855
0.3975
0.3975
0.399
0.3904
0.3713
0.3974
0.3922
0.3995
0.3706
0.3983
0.364
0.3995
0.3977
0.3974
0.3753
0.3402
0.3993
0.3979
0.3966
0.3695
0.3935
0.3795
0.3982
0.3813
0.3961
0.3914
0.3866
0.391
0.3966
0.3798
0.3503
0.3859
0.3778
0.398
0.3972
0.3537
0.3974
0.3982
0.3979
0.3979
0.3803
0.3972
0.3725
0.3729
0.3951
0.3975
0.3901
0.3968
0.3979
0.3973
0.3864
0.3847
0.3673
0.385
0.3748
0.3558
0.3689
0.3985
0.3539
0.3991
0.3781
0.3693
0.3663
0.3975
0.3914
0.3654
0.3781
0.3984
0.3791
0.3972
0.3968
0.3493
0.3848
0.3903
0.3988
0.3889
0.399
0.3402
0.3749
0.3971
0.3725
0.396
0.397
0.3898
0.3977
0.3505
0.399
0.3503
0.3728
0.3787
0.3983
0.3984
0.3973
0.3479
0.384
0.3714
0.355
0.3974
0.3609
0.3916
0.3929
0.3882
0.3974
0.3862
0.3979
0.3687
0.3973
0.3887
0.3975
0.3793
0.3639
0.3857
0.3766
0.3695
0.3966
0.3797
0.3925
0.3937
0.398
0.3547
0.3585
0.388
0.3832
0.3972
0.3784
0.3984
0.3913
0.3463
0.398
0.397
0.3653
0.3868
0.3988
0.3955
0.3798
0.3814
0.3845
0.3784
0.34
0.3539
0.3955
0.3865
0.3976
0.358
0.3803
0.3986
0.3986
0.3988
0.3965
0.3897
0.332
0.3835
0.385
0.3846
0.3972
0.375
0.397
0.3614
0.3617
0.3991
0.3883
0.3789
0.359
0.3598
0.3845
0.3716
0.3781
0.3974
0.3944
0.3653
0.3626
0.3538
0.373
0.3986
0.3559
0.3884
0.3923
0.3857
0.3943
0.3986
0.3616
0.3962
0.3868
0.3592
0.3864
0.3428
0.3965
0.381
0.3559
0.3827
0.3897
0.3932
0.3794
0.3976
0.393
0.3863
0.3724
0.3579
0.3981
0.394
0.3617
0.3518
0.3978
0.3698
0.3963
0.3569
0.3957
0.3959
0.3961
0.3601
0.3903
0.3964
0.3925
0.3888
0.3788
0.3579
0.3862
0.3906
0.3965
0.3766
0.3875
0.3964
0.3976
0.3652
0.398
0.3989
0.3465
0.3915
0.3449
0.3748
0.399
0.3617
0.3816
0.399
0.3935
0.3772
0.3813
0.3978
0.3982
0.3555
0.3971
0.3968
0.3702
0.3957
0.3761
0.3932
0.3635
0.39
0.3495
0.3805
0.3643
0.3712
0.3988
0.3647
0.3435
0.3839
0.3994
0.3845
0.3735
0.3512
0.3968
0.3796
0.3666
0.3978
0.3623
0.3669
0.3517
0.3864
0.3875
0.3769
0.3707
0.3921
0.3763
0.3676
0.3634
0.3567
0.3888
0.3966
0.3891
0.3553
0.3704
0.3828
0.3978
0.3991
0.3881
0.3833
0.3985
0.3979
0.3771
0.3995
0.3966
0.3758
0.3956
0.3883
0.3928
0.3922
0.351
0.3961
0.3893
0.3584
0.3847
0.3992
0.3961
0.3918
0.3638
0.3584
0.3782
0.3799
0.3973
0.3645
0.3983
0.3977
0.3649
0.3691
0.3657
0.3865
0.3798
0.3806
0.3718
0.3925
0.3806
0.3643
0.3745
0.3701
0.3872
0.3675
0.3847
0.3968
0.3808
0.398
0.3978
0.358
0.3931
0.3461
0.3828
0.3963
0.3779
0.3926
0.391
0.3455
0.3423
0.3825
0.3797
0.3706
0.3637
0.3724
0.3966
0.3643
0.3767
0.3965
0.3755
0.3694
0.3995
0.3963
0.3527
0.3745
0.3931
0.3961
0.3634
0.3891
0.3988
0.3883
0.3852
0.3988
0.3734
0.3746
0.3814
0.3837
0.3837
0.3749
0.3787
0.3976
0.3983
0.3533
0.3893
0.3976
0.3806
0.3969
0.3801
0.3708
0.3929
0.3665
0.3994
0.3753
0.398
0.3966
0.3865
0.3983
0.3987
0.3971
0.396
0.3974
0.3982
0.3888
0.3581
0.3372
0.3701
0.3883
0.3778
0.3802
0.3495
0.3975
0.3801
0.3983
0.388
0.3891
0.3984
0.3984
0.3698
0.3757
0.3469
0.3784
0.3969
0.3912
0.3972
0.3971
0.3974
0.3803
0.3851
0.3781
0.3946
0.3962
0.3953
0.365
0.3964
0.3463
0.3976
0.398
0.3532
0.3599
0.391
0.3958
0.3908
0.3943
0.3978
0.3967
0.3986
0.366
0.3849
0.3706
0.396
0.3966
0.3839
0.3991
0.3928
0.3978
0.3986
0.3976
0.3894
0.3856
0.3798
0.3979
0.3953
0.3925
0.3969
0.3976
0.3962
0.397
0.3607
0.3983
0.3749
0.3854
0.3993
0.3895
0.3775
0.3962
0.3727
0.3966
0.3841
0.3955
0.3418
0.3917
0.3394
0.3698
0.368
0.3967
0.3771
0.3967
0.3971
0.3699
0.3846
0.3648
0.3976
0.3702
0.3845
0.3978
0.3831
0.3992
0.39
0.3649
0.3974
0.3969
0.3739
0.3986
0.3776
0.3711
0.3704
0.3983
0.3875
0.371
0.3879
0.3869
0.3621
0.3958
0.36
0.3961
0.3824
0.3576
0.3997
0.3762
0.3747
0.3856
0.3665
0.3463
0.3866
0.349
0.3725
0.3817
0.3984
0.357
0.3831
0.3963
0.3679
0.3872
0.3713
0.3709
0.3976
0.3934
0.345
0.3929
0.3443
0.3388
0.3907
0.3967
0.3823
0.331
0.3962
0.3578
0.3768
0.3982
0.3905
0.3786
0.3966
0.3791
0.382
0.3963
0.3759
0.3782
0.3939
0.3913
0.3547
0.3781
0.3882
0.3829
0.3636
0.3935
0.3861
0.3464
0.3623
0.3589
0.3969
0.3787
0.386
0.3928
0.3954
0.3752
0.3987
0.3716
0.3887
0.4
0.3802
0.3857
0.3964
0.3982
0.3809
0.3929
0.3961
0.3764
0.3787
0.3603
0.3813
0.3744
0.3884
0.3658
0.3694
0.3992
0.3892
0.3961
0.3972
0.3997
0.3978
0.3994
0.3866
0.3956
0.3721
0.3994
0.3436
0.3536
0.3888
0.3964
0.3889
0.3984
0.3908
0.3585
0.3703
0.3977
0.3734
0.3704
0.353
0.3418
0.3955
0.3763
0.3451
0.397
0.3713
0.3989
0.3981
0.389
0.386
0.381
0.399
0.3735
0.3982
0.3883
0.3888
0.3709
0.3991
0.3876
0.3938
0.3812
0.3748
0.398
0.3704
0.3975
0.3808
0.3706
0.3889
0.3746
0.3968
0.3887
0.3838
0.3979
0.3891
0.3858
0.3975
0.38
0.368
0.3984
0.3985
0.3639
0.396
0.3677
0.3894
0.3946
0.3593
0.3976
0.3602
0.3842
0.3933
0.3811
0.3966
0.3773
0.3619
0.392
0.3641
0.38
0.3637
0.3995
0.384
0.3953
0.3985
0.3776
0.3813
0.3959
0.3987
0.3984
0.3717
0.3712
0.3951
0.3585
0.3688
0.3822
0.3708
0.3968
0.3956
0.3668
0.358
0.3908
0.3887
0.3969
0.3625
0.3492
0.3975
0.3548
0.3709
0.3853
0.3697
0.3524
0.3834
0.3966
0.3931
0.3969
0.3748
0.3869
0.3953
0.3765
0.3987
0.3873
0.3981
0.3684
0.338
0.3895
0.3978
0.3967
0.3839
0.3632
0.3962
0.3942
0.3496
0.3854
0.3985
0.3965
0.364
0.3858
0.3485
0.3681
0.397
0.3718
0.3508
0.3988
0.3851
0.3602
0.3588
0.3986
0.3816
0.3731
0.3965
0.3623
0.3971
0.3854
0.3989
0.3771
0.3806
0.3741
0.3964
0.3902
0.3747
0.3991
0.378
0.3988
0.3849
0.3758
0.3942
0.3707
0.3987
0.3981
0.3981
0.3994
0.3972
0.3976
0.3973
0.3487
0.3525
0.3985
0.3515
0.3649
0.3669
0.3971
0.3987
0.3975
0.3869
0.3844
0.3762
0.3982
0.3764
0.3864
0.3615
0.3637
0.3888
0.3878
0.376
0.3978
0.3512
0.3944
0.3599
0.3896
0.3916
0.3974
0.3789
0.3712
0.3851
0.3965
0.3977
0.3981
0.3961
0.3969
0.3775
0.3771
0.3851
0.384
0.3988
0.3833
0.3683
0.3897
0.398
0.3817
NA
NA
NA
NA
NA
NA
NA
NA
NA
NA
NA
NA
NA
NA
NA
NA
NA
NA
NA
NA
NA
NA
NA
NA
NA
NA
NA
NA
NA
NA
NA
NA
NA
NA
NA
NA
NA
NA
NA
NA
NA
NA
NA
NA
NA
NA
NA
NA
NA
NA
NA
NA
NA
NA
NA
NA
NA
NA
NA
NA
NA
NA
NA
NA
NA
NA
NA
NA
NA
NA
NA
NA
NA
NA
NA
NA
NA
NA
NA
NA
NA
NA
NA
NA
NA
NA
NA
NA
NA
NA
NA
NA
NA
NA
NA
NA
NA
NA
NA
NA
NA
NA
NA
NA
NA
NA
NA
NA
NA
NA
NA
NA
NA
NA
NA
NA
NA
NA
NA
NA
NA
NA
NA
NA
NA
NA
NA
NA
NA
NA
NA
NA
NA
NA
NA
NA
NA
NA
NA
NA
NA
NA
NA
NA
NA
NA
NA
NA
NA
NA
NA
NA
NA
NA
NA
NA
NA
NA
NA
NA
NA
NA
NA
NA
NA
NA
NA
NA
NA
NA
NA
NA
NA
NA
NA
NA
NA
NA
NA
NA
NA
NA
NA
NA
NA
NA
NA
NA
NA
NA
NA
NA
NA
NA
NA
NA
NA
NA
NA
NA
NA
NA
NA
NA
NA
NA
NA
NA
NA
NA
NA
NA
NA
NA
NA
NA
NA
NA
NA
NA
NA
NA
NA
NA
NA
NA
NA
NA
NA
NA
NA
NA
NA
NA
NA
NA
NA
NA
NA
NA
NA
NA
NA
NA
NA
NA
NA
NA
NA
NA
NA
NA
NA
NA
NA
NA
NA
NA
NA
NA
NA
NA
NA
NA
NA
NA
NA
NA
NA
NA
NA
NA
NA
NA
NA
NA
NA
NA
NA
NA
NA
NA
NA
NA
NA
NA
NA
NA
NA
NA
NA
NA
NA
NA
NA
NA
NA
NA
NA
NA
NA
NA
NA
NA
NA
NA
NA
NA
NA
NA
NA
NA
NA
NA
NA
NA
NA
NA
NA
NA
NA
NA
NA
NA
NA
NA
NA
NA
NA
NA
NA
NA
NA
NA
NA
NA
NA
NA
NA
NA
NA
NA
NA
NA
NA
NA
NA
NA
NA
NA
NA
NA
NA
NA
NA
NA
NA
NA
NA
NA
NA
NA
NA
NA
NA
NA
NA
NA
NA
NA
NA
NA
NA
NA
NA
NA
NA
NA
NA
NA
NA
NA
NA
NA
NA
NA
NA
NA
NA
NA
NA
NA
NA
NA
NA
NA
NA
NA
NA
NA
NA
NA
NA
NA
NA
NA
NA
NA
NA
NA
NA
NA
NA
NA
NA
NA
NA
NA
NA
NA
NA
NA
NA
NA
NA
NA
NA
NA
NA
NA
NA
NA
NA
NA
NA
NA
NA
NA
NA
NA
NA
NA
NA
NA
NA
NA
NA
NA
NA
NA
NA
NA
NA
NA
NA
NA
NA
NA
NA
NA
NA
NA
NA
NA
NA
NA
NA
NA
NA
NA
NA
NA
NA
NA
NA
NA
NA
NA
NA
NA
NA
NA
NA
NA
NA
NA
NA
NA
NA
NA
NA
NA
NA
NA
NA
NA
NA
NA
NA
NA
NA
NA
NA
NA
NA
NA
NA
NA
NA
NA
NA
NA
NA
NA
NA
NA
NA
NA
NA
NA
NA
NA
NA
NA
NA
NA
NA
NA
NA
NA
NA
NA
NA
NA
NA
NA
NA
NA
NA
NA
NA
NA
NA
NA
NA
NA
NA
NA
NA
NA
NA
NA
NA
NA
NA
NA
NA
NA
NA
NA
NA
NA
NA
NA
NA
NA
NA
NA
NA
NA
NA
NA
NA
NA
NA
NA
NA
NA
NA
NA
NA
NA
NA
NA
NA
NA
NA
NA
NA
NA
NA
NA
NA
NA
NA
NA
NA
NA
NA
NA
NA
NA
NA
NA
NA
NA
NA
NA
NA
NA
NA
NA
NA
NA
NA
NA
NA
NA
NA
NA
NA
NA
NA
NA
NA
NA
NA
NA
NA
NA
NA
NA
NA
NA
NA
NA
NA
NA
NA
NA
NA
NA
NA
NA
NA
NA
NA
NA
NA
NA
NA
NA
NA
NA
NA
NA
NA
NA
NA
NA
NA
NA
NA
NA
NA
NA
NA
NA
NA
NA
NA
NA
NA
NA
NA
NA
NA
NA
NA
NA
NA
NA
NA
NA
NA
NA
NA
NA
NA
NA
NA
NA
NA
NA
NA
NA
NA
NA
NA
NA
NA
NA
NA
NA
NA
NA
NA
NA
NA
NA
NA
NA
NA
NA
NA
NA
NA
NA
NA
NA
NA
NA
NA
NA
NA
NA
NA
NA
NA
NA
NA
NA
NA
NA
NA
NA
NA
NA
NA
NA
NA
NA
NA
NA
NA
NA
NA
NA
NA
NA
NA
NA
NA
NA
NA
NA
NA
NA
NA
NA
NA
NA
NA
NA
NA
NA
NA
NA
NA
NA
NA
NA
NA
NA
NA
NA
NA
NA
NA
NA
NA
NA
NA
NA
NA
NA
NA
NA
NA
NA
NA
NA
NA
NA
NA
NA
NA
NA
NA
NA
NA
NA
NA
NA
NA
NA
NA
NA
NA
NA
NA
NA
NA
NA
NA
NA
NA
NA
NA
NA
NA
NA
NA
NA
NA
NA
NA
NA
NA
NA
NA
NA
NA
NA
NA
NA
NA
NA
NA
NA
NA
NA
NA
NA
NA
NA
NA
NA
NA
NA
NA
NA
NA
NA
NA
NA
NA
NA
NA
NA
NA
NA
NA
NA
NA
NA
NA
NA
NA
NA
NA
NA
NA
NA
NA
NA
NA
NA
NA
NA
NA
NA
NA
NA
NA
NA
NA
NA
NA
NA
NA
NA
NA
NA
NA
NA
NA
NA
NA
NA
NA
NA
NA
NA
NA
NA
NA
NA
NA
NA
NA
NA
NA
NA
NA
NA
NA
NA
NA
NA
NA
NA
NA
NA
NA
NA
NA
NA
NA
NA
NA
NA
NA
NA
NA
NA
NA
NA
NA
NA
NA
NA
NA
NA
NA
NA
NA
NA
NA
NA
NA
NA
NA
NA
NA
NA
NA
NA
NA
NA
NA
NA
NA
NA
NA
NA
NA
NA
NA
NA
NA
NA
NA
NA
NA
NA
NA
NA
NA
NA
NA
NA
NA
NA
NA
NA
NA
NA
NA
NA
NA
NA
NA
NA
NA
NA
NA
NA
NA
NA
NA
NA
NA
NA
NA
NA
NA
NA
NA
NA
NA
NA
NA
NA
NA
NA
NA
NA
NA
NA
NA
NA
NA
NA
NA
NA
NA
NA
NA
NA
NA
NA
NA
NA
NA
NA
NA
NA
NA
NA
NA
NA
NA
NA
NA
NA
NA
NA
NA
NA
NA
NA
NA
NA
NA
NA
NA
NA
NA
NA
NA
NA
NA
NA
NA
NA
NA
NA
NA
NA
NA
NA
NA
NA
NA
NA
NA
NA
NA
NA
NA
NA
NA
NA
NA
NA
NA
NA
NA
NA
NA
NA
NA
NA
NA
NA
NA
NA
NA
NA
NA
NA
NA
NA
NA
NA
NA
NA
NA
NA
NA
NA
NA
NA
NA
NA
NA
NA
NA
NA
NA
NA
NA
NA
NA
NA
NA
NA
NA
NA
NA
NA
NA
NA
NA
NA
NA
NA
NA
NA
NA
NA
NA
NA
NA
NA
NA
NA
NA
NA
NA
NA
NA
NA
NA
NA
NA
NA
NA
NA
NA
NA
NA
NA
NA
NA
NA
NA
NA
NA
NA
NA
NA
NA
NA
NA
NA
NA
NA
NA
NA
NA
NA
NA
NA
NA
NA
NA
NA
NA
NA
NA
NA
NA
NA
NA
NA
NA
NA
NA
NA
NA
NA
NA
NA
NA
NA
NA
NA
NA
NA
NA
NA
NA
NA
NA
NA
NA
NA
NA
NA
NA
NA
NA
NA
NA
NA
NA
NA
NA
NA
NA
NA
NA
NA
NA
NA
NA
NA
NA
NA
NA
NA
NA
NA
NA
NA
NA
NA
NA
NA
NA
NA
NA
NA
NA
NA
NA
NA
NA
NA
NA
NA
NA
NA
NA
NA
NA
NA
NA
NA
NA
NA
NA
NA
NA
NA
NA
NA
NA
NA
NA
NA
NA
NA
NA
NA
NA
NA
NA
NA
NA
NA
NA
NA
NA
NA
NA
NA
NA
NA
NA
NA
NA
NA
NA
NA
NA
NA
NA
NA
NA
NA
NA
NA
NA
NA
NA
NA
NA
NA
NA
NA
NA
NA
NA
NA
NA
NA
NA
NA
NA
NA
NA
NA
NA
NA
NA
NA
NA
NA
NA
NA
NA
NA
NA
NA
NA
NA
NA
NA
NA
NA
NA
NA
NA
NA
NA
NA
NA
NA
NA
NA
NA
NA
NA
NA
NA
NA
NA
NA
NA
NA
NA
NA
NA
NA
NA
NA
NA
NA
NA
NA
NA
NA
NA
NA
NA
NA
NA
NA
NA
NA
NA
NA
NA
NA
NA
NA
NA
NA
NA
NA
NA
NA
NA
NA
NA
NA
NA
NA
NA
NA
NA
NA
NA
NA
NA
NA
NA
NA
NA
NA
NA
NA
NA
NA
NA
NA
NA
NA
NA
NA
NA
NA
NA
NA
NA
NA
NA
NA
NA
NA
NA
NA
NA
NA
NA
NA
NA
NA
NA
NA
NA
NA
NA
NA
NA
NA
NA
NA
NA
NA
NA
NA
NA
NA
NA
NA
NA
NA
NA
NA
NA
NA
NA
NA
NA
NA
NA
NA
NA
NA
NA
NA
NA
NA
NA
NA
NA
NA
NA
NA
NA
NA
NA
NA
NA
NA
NA
NA
NA
NA
NA
NA
NA
NA
NA
NA
NA
NA
NA
NA
NA
NA
NA
NA
NA
NA
NA
NA
NA
NA
NA
NA
NA
NA
NA
NA
NA
NA
NA
NA
NA
NA
NA
NA
NA
NA
NA
NA
NA
NA
NA
NA
NA
NA
NA
NA
NA
NA
NA
NA
NA
NA
NA
NA
NA
NA
NA
NA
NA
NA
NA
NA
NA
NA
NA
NA
NA
NA
NA
NA
NA
NA
NA
NA
NA
NA
NA
NA
NA
NA
NA
NA
NA
NA
NA
NA
NA
NA
NA
NA
NA
NA
NA
NA
NA
NA
NA
NA
NA
NA
NA
NA
NA
NA
NA
NA
NA
NA
NA
NA
NA
NA
NA
NA
NA
NA
NA
NA
NA
NA
NA
NA
NA
NA
NA
NA
NA
NA
NA
NA
NA
NA
NA
NA
NA
NA
NA
NA
NA
NA
NA
NA
NA
NA
NA
NA
NA
NA
NA
NA
NA
NA
NA
NA
NA
NA
NA
NA
NA
NA
NA
NA
NA
NA
NA
NA
NA
NA
NA
NA
NA
NA
NA
NA
NA
NA
NA
NA
NA
NA
NA
NA
NA
NA
NA
NA
NA
NA
NA
NA
NA
NA
NA
NA
NA
NA
NA
NA
NA
NA
NA
NA
NA
NA
NA
NA
NA
NA
NA
NA
NA
NA
NA
NA
NA
NA
NA
NA
NA
NA
NA
NA
NA
NA
NA
NA
NA
NA
NA
NA
NA
NA
NA
NA
NA
NA
NA
NA
NA
NA
NA
NA
NA
NA
NA
NA
NA
NA
NA
NA
NA
NA
NA
NA
NA
NA
NA
NA
NA
NA
NA
NA
NA
NA
NA
NA
NA
NA
NA
NA
NA
NA
NA
NA
NA
NA
NA
NA
NA
NA
NA
NA
NA
NA
NA
NA
NA
NA
NA
NA
NA
NA
NA
NA
NA
NA
NA
NA
NA
NA
NA
NA
NA
NA
NA
NA
NA
NA
NA
NA
NA
NA
NA
NA
NA
NA
NA
NA
NA
NA
NA
NA
NA
NA
NA
NA
NA
NA
NA
NA
NA
NA
NA
NA
NA
NA
NA
NA
NA
NA
NA
NA
NA
NA
NA
NA
NA
NA
NA
NA
NA
NA
NA
NA
NA
NA
NA
NA
NA
NA
NA
NA
NA
NA
NA
NA
NA
NA
NA
NA
NA
NA
NA
NA
NA
NA
NA
NA
NA
NA
NA
NA
NA
NA
NA
NA
NA
NA
NA
NA
NA
NA
NA
NA
NA
NA
NA
NA
NA
NA
NA
NA
NA
NA
NA
NA
NA
NA
NA
NA
NA
NA
NA
NA
NA
NA
NA
NA
NA
NA
NA
NA
NA
NA
NA
NA
NA
NA
NA
NA
NA
NA
NA
NA
NA
NA
NA
NA
NA
NA
NA
NA
NA
NA
NA
NA
NA
NA
NA
NA
NA
NA
NA
NA
NA
NA
NA
NA
NA
NA
NA
NA
NA
NA
NA
NA
NA
NA
NA
NA
NA
NA
NA
NA
NA
NA
NA
NA
NA
NA
NA
NA
NA
NA
NA
NA
NA
NA
NA
NA
NA
NA
NA
NA
NA
NA
NA
NA
NA
NA
NA
NA
NA
NA
NA
NA
NA
NA
NA
NA
NA
NA
NA
NA
NA
NA
NA
NA
NA
NA
NA
NA
NA
NA
NA
NA
NA
NA
NA
NA
NA
NA
NA
NA
NA
NA
NA
NA
NA
NA
NA
NA
NA
NA
NA
NA
NA
NA
NA
NA
NA
NA
NA
NA
NA
NA
NA
NA
NA
NA
NA
NA
NA
NA
NA
NA
NA
NA
NA
NA
NA
NA
NA
NA
NA
NA
NA
NA
NA
NA
NA
NA
NA
NA
NA
NA
NA
NA
NA
NA
NA
NA
NA
NA
NA
NA
NA
NA
NA
NA
NA
NA
NA
NA
NA
NA
NA
NA
NA
NA
NA
NA
NA
NA
NA
NA
NA
NA
NA
NA
NA
NA
NA
NA
NA
NA
NA
NA
NA
NA
NA
NA
NA
NA
NA
NA
NA
NA
NA
NA
NA
NA
NA
NA
NA
NA
NA
NA
NA
NA
NA
NA
NA
NA
NA
NA
NA
NA
NA
NA
NA
NA
NA
NA
NA
NA
NA
NA
NA
NA
NA
NA
NA
NA
NA
NA
NA
NA
NA
NA
NA
NA
NA
NA
NA
NA
NA
NA
NA
NA
NA
NA
NA
NA
NA
NA
NA
NA
NA
NA
NA
NA
NA
NA
NA
NA
NA
NA
NA
NA
NA
NA
NA
NA
NA
NA
NA
NA
NA
NA
NA
NA
NA
NA
NA
NA
NA
NA
NA
NA
NA
NA
NA
NA
NA
NA
NA
NA
NA
NA
NA
NA
NA
NA
NA
NA
NA
NA
NA
NA
NA
NA
NA
NA
NA
NA
NA
NA
NA
NA
NA
NA
NA
NA
NA
NA
NA
NA
NA
NA
NA
NA
NA
NA
NA
NA
NA
NA
NA
NA
NA
NA
NA
NA
NA
NA
NA
NA
NA
NA
NA
NA
NA
NA
NA
NA
NA
NA
NA
NA
NA
NA
NA
NA
NA
NA
NA
NA
NA
NA
NA
NA
NA
NA
NA
NA
NA
NA
NA
NA
NA
NA
NA
NA
NA
NA
NA
NA
NA
NA
NA
NA
NA
NA
NA
NA
NA
NA
NA
NA
NA
NA
NA
NA
NA
NA
NA
NA
NA
NA
NA
NA
NA
NA
NA
NA
NA
NA
NA
NA
NA
NA
NA
NA
NA
NA
NA
NA
NA
NA
NA
NA
NA
NA
NA
NA
NA
NA
NA
NA
NA
NA
NA
NA
NA
NA
NA
NA
NA
NA
NA
NA
NA
NA
NA
NA
NA
NA
NA
NA
NA
NA
NA
NA
NA
NA
NA
NA
NA
NA
NA
NA
NA
NA
NA
NA
NA
NA
NA
NA
NA
NA
NA
NA
NA
NA
NA
NA
NA
NA
NA
NA
NA
NA
NA
NA
NA
NA
NA
NA
NA
NA
NA
NA
NA
NA
NA
NA
NA
NA
NA
NA
NA
NA
NA
NA
NA
NA
NA
NA
NA
NA
NA
NA
NA
NA
NA
NA
NA
NA
NA
NA
NA
NA
NA
NA
NA
NA
NA
NA
NA
NA
NA
NA
NA
NA
NA
NA
NA
NA
NA
NA
NA
NA
NA
NA
NA
NA
NA
NA
NA
NA
NA
NA
NA
NA
NA
NA
NA
NA
NA
NA
NA
NA
NA
NA
NA
NA
NA
NA
NA
NA
NA
NA
NA
NA
NA
NA
NA
NA
NA
NA
NA
NA
NA
NA
NA
NA
NA
NA
NA
NA
NA
NA
NA
NA
NA
NA
NA
NA
NA
NA
NA
NA
NA
NA
NA
NA
NA
NA
NA
NA
NA
NA
NA
NA
NA
NA
NA
NA
NA
NA
NA
NA
NA
NA
NA
NA
NA
NA
NA
NA
NA
NA
NA
NA
NA
NA
NA
NA
NA
NA
NA
NA
NA
NA
NA
NA
NA
NA
NA
NA
NA
NA
NA
NA
NA
NA
NA
NA
NA
NA
NA
NA
NA
NA
NA
NA
NA
NA
NA
NA
NA
NA
NA
NA
NA
NA
NA
NA
NA
NA
NA
NA
NA
NA
NA
NA
NA
NA
NA
NA
NA
NA
NA
NA
NA
NA
NA
NA
NA
NA
NA
NA
NA
NA
NA
NA
NA
NA
NA
NA
NA
NA
NA
NA
NA
NA
NA
NA
NA
NA
NA
NA
NA
NA
NA
NA
NA
NA
NA
NA
NA
NA
NA
NA
NA
NA
NA
NA
NA
NA
NA
NA
NA
NA
NA
NA
NA
NA
NA
NA
NA
NA
NA
NA
NA
NA
NA
NA
NA
NA
NA
NA
NA
NA
NA
NA
NA
NA
NA
NA
NA
NA
NA
NA
NA
NA
NA
NA
NA
NA
NA
NA
NA
NA
NA
NA
NA
NA
NA
NA
NA
NA
NA
NA
NA
NA
NA
NA
NA
NA
NA
NA
NA
NA
NA
NA
NA
NA
NA
NA
NA
NA
NA
NA
NA
NA
NA
NA
NA
NA
NA
NA
NA
NA
NA
NA
NA
NA
NA
NA
NA
NA
NA
NA
NA
NA
NA
NA
NA
NA
NA
NA
NA
NA
NA
NA
NA
NA
NA
NA
NA
NA
NA
NA
NA
NA
NA
NA
NA
NA
NA
NA
NA
NA
NA
NA
NA
NA
NA
NA
NA
NA
NA
NA
NA
NA
NA
NA
NA
NA
NA
NA
NA
NA
NA
NA
NA
NA
NA
NA
NA
NA
NA
NA
NA
NA
NA
NA
NA
NA
NA
NA
NA
NA
NA
NA
NA
NA
NA
NA
NA
NA
NA
NA
NA
NA
NA
NA
NA
NA
NA
NA
NA
NA
NA
NA
NA
NA
NA
NA
NA
NA
NA
NA
NA
NA
NA
NA
NA
NA
NA
NA
NA
NA
NA
NA
NA
NA
NA
NA
NA
NA
NA
NA
NA
NA
NA
NA
NA
NA
NA
NA
NA
NA
NA
NA
NA
NA
NA
NA
NA
NA
NA
NA
NA
NA
NA
NA
NA
NA
NA
NA
NA
NA
NA
NA
NA
NA
NA
NA
NA
NA
NA
NA
NA
NA
NA
NA
NA
NA
NA
NA
NA
NA
NA
NA
NA
NA
NA
NA
NA
NA
NA
NA
NA
NA
NA
NA
NA
NA
NA
NA
NA
NA
NA
NA
NA
NA
NA
NA
NA
NA
NA
NA
NA
NA
NA
NA
NA
NA
NA
NA
NA
NA
NA
0.3448
0.3471
0.2639
0.2431
0.2875
0.3729
0.3017
0.4882
0.323
0.4662
0.5333
0.3617
0.5556
0.4172
0.3795
0.3486
0.3852
0.4152
0.4266
0.5422
0.2857
0.5461
0.2487
0.5157
0.5571
0.5223
0.2316
0.5634
0.3742
0.5
0.3184
0.4198
0.6453
0.3333
0.4684
0.3939
0.298
0.4355
0.3179
0.5405
0.3758
0.5591
0.2018
0.3869
0.4595
0.2805
0.3922
0.4913
0.3587
0.4211
0.2723
0.3459
0.461
0.3827
0.6268
0.3867
0.2184
0.2353
0.3133
0.4268
0.5333
0.5302
0.3464
0.4899
0.3102
0.3684
0.3642
0.3901
0.3544
0.2544
0.2775
0.259
0.3444
0.2403
0.6723
0.3818
0.4969
0.3273
0.4217
0.351
0.4118
0.3841
0.4252
0.4458
0.479
0.4088
0.669
0.4615
0.4342
0.4143
0.4872
0.1747
0.2516
0.4067
0.5612
0.3652
0.3716
0.2542
0.3071
0.414
0.4695
0.568
0.2198
0.3101
0.2902
0.3616
0.4615
0.65
0.3354
0.3219
0.781
0.2704
0.4191
0.4733
0.2384
0.5449
0.6212
0.6555
0.3519
0.4795
0.2037
0.6739
0.4961
0.3354
0.3558
0.4915
0.2775
0.3133
0.431
0.2402
0.6165
0.3099
0.4698
0.3899
0.3154
0.6803
0.25
0.2775
0.5871
0.1487
0.5245
0.5263
0.4478
0.2753
0.2739
0.3763
0.2803
0.4
0.2987
0.2809
0.4194
0.4658
0.3929
0.5429
0.2865
0.3247
0.5772
0.5289
0.3312
0.4634
0.5247
0.3
0.4231
0.3585
0.281
0.6866
0.284
0.3576
0.4828
0.2767
0.3353
0.3922
0.5103
0.5641
0.2818
0.3951
0.4621
0.3481
0.443
0.4885
0.3526
0.2442
0.3789
0.4235
0.3688
0.5615
0.5
0.2887
0.4217
0.3933
0.432
0.5256
0.3
0.4586
0.4688
0.3743
0.4718
0.2802
0.3121
0.3228
0.3013
0.3804
0.554
0.3403
0.4663
0.2981
0.2937
0.3381
0.506
0.5067
0.269
0.3006
0.4118
0.3351
0.2176
0.4199
0.5476
0.3158
0.4589
0.3037
0.3791
0.3962
0.5203
0.2697
0.4464
0.3497
0.2342
0.5419
0.6093
0.4437
0.2412
0.3354
0.3459
0.3867
0.7734
0.2533
0.3793
0.441
0.3149
0.2484
0.2574
0.363
0.375
0.3088
0.5547
0.3432
0.3118
0.2994
0.2542
0.4467
0.5034
0.2995
0.4154
0.32
0.4211
0.4573
0.2934
0.1582
0.2919
0.5855
0.3985
0.493
0.5155
0.3475
0.5255
0.449
0.5522
0.3648
0.5789
0.3987
0.3713
0.5197
0.4372
0.44
0.3571
0.3709
0.3022
0.3121
0.4599
0.4795
0.4025
0.7163
0.2299
0.3878
0.2326
0.3675
0.3613
0.6606
0.2671
0.4631
0.5669
0.4214
0.3855
0.3059
0.2652
0.5692
0.3801
0.2849
0.6549
0.4679
0.4
0.4803
0.6719
0.3926
0.3559
0.4054
0.4145
0.2434
0.6324
0.2618
0.3486
0.1829
0.3713
0.4545
0.4323
0.2265
0.6067
0.4818
0.3613
0.5674
0.3081
0.5238
0.2667
0.3247
0.5537
0.325
0.1742
0.5259
0.4394
0.4437
0.5755
0.2654
0.5263
0.6258
0.5528
0.2457
0.4375
0.4701
0.4091
0.3966
0.3716
0.3416
0.669
0.3736
0.958
0.6096
0.3012
0.4286
0.3665
0.3557
0.4106
0.3701
0.3611
0.437
0.3651
0.3373
0.438
0.5059
0.3953
0.6718
0.3452
0.4315
0.2749
0.6738
0.3147
0.4575
0.3118
0.3405
0.5379
0.4266
0.2979
0.5461
0.4892
0.3404
0.3713
0.4403
0.4718
0.3245
0.4228
0.6242
0.3812
0.2619
0.3837
0.3038
0.3593
0.4403
0.4262
0.45
0.3623
0.4036
0.6233
0.3529
0.5
0.4041
0.3536
0.4818
0.6236
0.7167
0.4586
0.5578
0.3056
0.2548
0.2909
0.4012
0.3535
0.3571
0.2848
0.4437
0.2981
0.3957
0.4317
0.3
0.551
0.2887
0.4805
0.3202
0.461
0.3017
0.2857
0.2527
0.4933
0.2688
0.4679
0.3272
0.5621
0.4897
0.6095
0.4797
0.3333
0.4096
0.3905
0.3771
0.4931
0.4478
0.3061
0.3034
0.4329
0.5562
0.3575
0.3742
0.3862
0.3608
0.5423
0.209
0.4083
0.2601
0.3472
0.4837
0.7481
0.4444
0.185
0.5476
0.4186
0.4014
0.303
0.3556
0.3056
0.2995
0.3357
0.322
0.5263
0.526
0.4231
0.4113
0.6341
0.3212
0.5425
0.354
0.2959
0.4658
0.3296
0.4222
0.4182
0.5714
0.557
0.3902
0.557
0.3846
0.362
0.6667
0.4103
0.2099
0.6124
0.415
0.3533
0.3766
0.5625
0.4965
0.2834
0.2184
0.4634
0.3536
0.2463
0.4088
0.2819
0.4408
0.3771
0.2412
0.3812
0.3526
0.2848
0.3571
0.4752
0.3038
0.319
0.3231
0.4388
0.3605
0.2295
0.3642
0.3913
0.4451
0.2321
0.2893
0.3434
0.4113
0.6549
0.3397
0.3926
0.4458
0.5111
0.3194
0.442
0.5489
0.5309
0.4162
0.2053
0.4771
0.3709
0.5036
0.2517
0.475
0.3235
0.5
0.553
0.3694
0.4634
0.2597
0.341
0.3795
0.5986
0.3736
0.2733
0.2289
0.2746
0.4626
0.2963
0.8
0.3677
0.3106
0.2403
0.3226
0.285
0.4138
0.2749
0.3488
0.2515
0.4177
0.3025
0.4671
0.2817
0.5818
0.5839
0.2667
0.3706
0.3735
0.2388
0.4494
0.2805
0.4267
0.1975
0.3871
0.3576
0.5374
0.3785
0.375
0.6721
0.2514
0.3548
0.4091
0.2287
0.3481
0.4115
0.4465
0.5032
0.2181
0.3418
0.4767
0.3254
0.62
0.5354
0.2185
0.462
0.3125
0.585
0.3791
0.3533
0.5205
0.4892
0.4302
0.1714
0.6466
0.3522
0.2635
0.6859
0.3846
0.3576
0.2961
0.438
0.4514
0.4647
0.2416
0.5887
0.4774
0.1772
0.3264
0.4014
0.36
0.3006
0.5658
0.3515
0.4416
0.5114
0.3062
0.3826
0.374
0.2886
0.3232
0.5814
0.2432
0.2635
0.4701
0.2717
0.435
0.513
0.4933
0.3791
0.4171
0.1989
0.3785
0.3333
0.485
0.4631
0.5986
0.4207
0.4302
0.2199
0.2316
0.5226
0.1589
0.4208
0.1637
0.3453
0.2295
0.2379
0.5128
0.3626
0.3688
0.5912
0.3369
0.311
0.672
0.3672
0.3174
0.5442
0.5278
0.5425
0.3073
0.3797
0.535
0.2539
0.4267
0.3
0.4834
0.3
0.5309
0.5812
0.28
0.4036
0.349
0.4904
0.6165
0.4887
0.4459
0.3135
0.3782
0.3412
0.3
0.257
0.3688
0.3935
0.4651
0.4444
0.4258
0.25
0.3631
0.3706
0.3444
0.4286
0.7476
0.1706
0.4667
0.5164
0.474
0.473
0.4167
0.4733
0.4859
0.5969
0.6071
0.3396
0.1893
0.55
0.3654
0.3317
0.3506
0.3812
0.4671
0.3902
0.3631
0.5208
0.3434
0.686
0.191
0.5177
0.6023
0.2337
0.3372
0.3148
0.8014
0.473
0.4218
0.5766
0.3978
0.3141
0.3636
0.3358
0.2775
0.3374
0.3151
0.3824
0.2841
0.2674
0.269
0.5315
0.5132
0.372
0.4773
0.3391
0.195
0.2727
0.4966
0.4702
0.4362
0.2514
0.3856
0.4337
0.4406
0.2339
0.3812
0.4204
0.5
0.3429
0.3412
0.3642
0.3425
0.1171
0.3711
0.4059
0.3136
0.391
0.4176
0.5111
0.8785
0.2201
0.4477
0.3311
0.3234
0.4597
0.27
0.3481
0.6569
0.7438
0.3421
0.3617
0.3409
0.25
0.4043
0.5915
0.266
0.5899
0.4895
0.3495
0.5496
0.3816
0.4568
0.3203
0.3846
0.32
0.3276
0.4231
0.4186
0.4479
0.5
0.4939
0.4196
0.6434
0.832
0.7
0.2568
0.3468
0.4235
0.6535
0.4706
0.5215
0.2914
0.4268
0.3793
0.3283
0.3875
0.3511
0.4189
0.2903
0.4014
0.3576
0.3956
0.8074
0.5857
0.4961
0.4747
0.2457
0.4533
0.3697
0.3176
0.6291
0.461
0.2772
0.5
0.4639
0.2602
0.2766
0.4437
0.2975
0.3484
0.5168
0.3806
0.4054
0.3313
0.4136
0.2304
0.3385
0.4091
0.3258
0.3315
0.3355
0.4012
0.4317
0.3182
0.4375
0.3718
0.3832
0.32
0.2745
0.4901
0.3481
0.7536
0.267
0.5031
0.6714
0.289
0.2772
0.3232
0.3425
0.3115
0.4777
0.3916
0.2708
0.434
0.25
0.3478
0.7951
0.3529
0.5517
0.3298
0.3885
0.6283
0.3071
0.4082
0.518
0.2793
0.3297
0.4252
0.2486
0.3118
0.2323
0.3533
0.3484
0.4701
0.4752
0.5479
0.451
0.4
0.6107
0.463
0.5931
0.4078
0.4286
0.3804
0.6276
0.338
0.3333
0.3358
0.4452
0.3158
0.1981
0.2849
0.5942
0.3974
0.5034
0.4562
0.7768
0.2699
0.3976
0.474
0.3077
0.4012
0.3256
0.3939
0.2927
0.3543
0.4317
0.4895
0.5957
0.3742
0.3734
0.4205
0.3533
0.3169
0.335
0.2312
0.4565
0.4748
0.4088
0.2867
0.3765
0.4783
0.3403
0.4267
0.3916
0.2418
0.5984
0.3019
0.3544
0.2247
0.2367
0.4375
0.3885
0.3989
0.5828
0.3274
0.669
0.2841
0.3094
0.4286
0.5032
0.3267
0.3222
0.3067
0.303
0.2883
0.3621
0.6078
0.3242
0.5244
0.2439
0.3929
0.3759
0.322
0.4539
0.5333
0.2378
0.3922
0.2875
0.3802
0.6289
0.4141
0.3051
0.2961
0.2653
0.7559
0.3268
0.4841
0.3563
0.2683
0.4134
0.5793
0.44
0.2838
0.5379
0.3795
0.3161
0.2791
0.1301
0.1934
0.225
0.2486
0.2514
0.4412
0.3416
0.3649
0.2628
0.3422
0.3471
0.3974
0.2635
0.2343
0.3333
0.3779
0.3427
0.4405
0.2671
0.4184
0.2284
0.3562
0.4786
0.4214
0.191
0.5775
0.329
0.5224
0.2402
0.3106
0.5291
0.2426
0.4177
0.3333
0.2071
0.379
0.2583
0.3919
0.3691
0.5118
0.1376
0.3869
0.4558
0.1768
0.0393
0.36
0.3043
0.3092
0.1675
0.2975
0.3442
0.3272
0.4507
0.28
0.1782
0.1941
0.2831
0.3312
0.4118
0.4765
0.2581
0.3289
0.2713
0.2471
0.3584
0.2624
0.3284
0.1437
0.1734
0.2727
0.298
0.1494
0.5447
0.3273
0.3598
0.3152
0.3494
0.2649
0.3529
0.2727
0.2891
0.4036
0.3743
0.2875
0.5211
0.4103
0.3618
0.3214
0.359
0.1807
0.2075
0.3467
0.3151
0.2079
0.3557
0.2486
0.3071
0.3585
0.2048
0.408
0.1196
0.3101
0.2694
0.2655
0.3956
0.5583
0.2622
0.2123
0.6715
0.1824
0.3235
0.3939
0.157
0.4311
0.5769
0.6218
0.2469
0.4589
0.1975
0.4245
0.3256
0.2716
0.2883
0.2825
0.3294
0.3012
0.3771
0.1676
0.5299
0.1438
0.4228
0.3082
0.2416
0.619
0.2733
0.3964
0.5097
0.1487
0.4306
0.4408
0.3881
0.2135
0.2803
0.2613
0.2293
0.3812
0.2468
0.2247
0.3161
0.3758
0.3274
0.4786
0.2151
0.2121
0.3677
0.3443
0.293
0.5276
0.4074
0.2263
0.2531
0.1875
0.2092
0.4925
0.2426
0.2012
0.3931
0.2327
0.1977
0.3137
0.3791
0.4701
0.2486
0.321
0.2914
0.2125
0.4114
0.3793
0.2821
0.1676
0.3043
0.3412
0.2411
0.5231
0.3252
0.1831
0.2831
0.2467
0.3669
0.4167
0.3265
0.4459
0.4609
0.2573
0.4437
0.2527
0.2166
0.2975
0.141
0.3006
0.4964
0.3219
0.342
0.2236
0.2238
0.2857
0.4167
0.4467
0.269
0.1792
0.3309
0.2554
0.0914
0.2928
0.4603
0.3333
0.381
0.2296
0.3007
0.2439
0.4257
0.2632
0.369
0.3519
0.1772
0.4387
0.451
0.3907
0.2059
0.2349
0.2767
0.2583
0.6406
0.2416
0.2621
0.3602
0.2376
0.1925
0.2512
0.1634
0.3043
0.2029
0.438
0.3412
0.2857
0.1962
0.1977
0.2763
0.3203
0.2525
0.3923
0.2079
0.3289
0.3354
0.2635
0.1243
0.2346
0.4323
0.3609
0.4859
0.2321
0.2553
0.3285
0.3878
0.4925
0.2469
0.4222
0.3671
0.2575
0.4145
0.2432
0.4067
0.2143
0.3377
0.2363
0.3312
0.4211
0.3836
0.2767
0.6312
0.2567
0.3401
0.1618
0.2749
0.3226
0.5636
0.2055
0.4027
0.5317
0.4151
0.2711
0.2294
0.1676
0.4846
0.3567
0.1734
0.5175
0.3185
0.3
0.4145
0.6016
0.2667
0.2994
0.3125
0.3553
0.2275
0.6471
0.2042
0.2
0.1534
0.3929
0.3766
0.3161
0.1713
0.4467
0.1724
0.2645
0.3427
0.2254
0.415
0.1829
0.1948
0.4298
0.1832
0.1508
0.4074
0.3258
0.274
0.4681
0.2346
0.5263
0.4294
0.3902
0.1477
0.2692
0.359
0.3216
0.3218
0.2819
0.236
0.5724
0.3678
0.7899
0.4228
0.1627
0.3286
0.4241
0.2614
0.3117
0.3117
0.3333
0.3407
0.381
0.2899
0.4088
0.3647
0.2151
0.5038
0.3046
0.3082
0.2632
0.4861
0.2727
0.3922
0.2035
0.0347
0.3154
0.3357
0.1901
0.4605
0.3885
0.2908
0.2575
0.3284
0.3566
0.268
0.2252
0.3742
0.2688
0.1552
0.4072
0.2
0.3234
0.3459
0.3934
0.3857
0.3094
0.1824
0.4558
0.2922
0.3379
0.3836
0.2873
0.4818
0.4719
0.5167
0.3822
0.396
0.2708
0.179
0.3091
0.4128
0.298
0.3571
0.2229
0.3203
0.3043
0.3022
0.4317
0.2375
0.3851
0.2028
0.3896
0.2697
0.3896
0.2123
0.1893
0.2418
0.4067
0.2188
0.375
0.2469
0.354
0.4621
0.5905
0.4662
0.2298
0.3735
0.3373
0.2784
0.4583
0.4148
0.2041
0.2123
0.2683
0.3609
0.2905
0.2562
0.3537
0.2911
0.3836
0.1236
0.3647
0.2659
0.2332
0.3312
0.5954
0.4444
0.145
0.4107
0.2849
0.3592
0.2364
0.1885
0.2833
0.25
0.3497
0.2429
0.4145
0.4156
0.3526
0.3077
0.3964
0.1928
0.4902
0.2422
0.2308
0.3087
0.3184
0.3667
0.3697
0.4406
0.3889
0.2866
0.519
0.2657
0.3497
0.5303
0.3101
0.2044
0.4511
0.2109
0.3267
0.2089
0.4167
0.3191
0.1693
0.1667
0.3598
0.2043
0.2687
0.2532
0.2148
0.3816
0.3034
0.2294
0.3125
0.3141
0.2606
0.3713
0.4577
0.2658
0.2289
0.2821
0.4892
0.2791
0.2514
0.2601
0.3116
0.2825
0.1813
0.2327
0.2952
0.4014
0.5563
0.2357
0.3988
0.3841
0.4815
0.1736
0.3116
0.4361
0.4024
0.3459
0.2185
0.3961
0.3052
0.3714
0.2238
0.2975
0.2529
0.4138
0.4511
0.2548
0.4207
0.2013
0.289
0.3072
0.3026
0.24
0.1615
0.2189
0.3105
0.381
0.1975
0.569
0.3548
0.236
0.118
0.2065
0.26
0.2828
0.2093
0.2733
0.1548
0.4494
0.2901
0.4671
0.2324
0.5455
0.4745
0.2485
0.3287
0.3879
0.2289
0.2036
0.3333
0.2434
0.2099
0.3419
0.303
0.3974
0.2
0.2206
0.5656
0.1639
0.2774
0.3831
0.2128
0.3418
0.3125
0.3478
0.311
0.1596
0.3101
0.3081
0.2959
0.4901
0.6378
0.2267
0.4051
0.2875
0.4898
0.2941
0.3043
0.3562
0.4173
0.314
0.1762
0.6165
0.2893
0.2048
0.5833
0.3497
0.1879
0.2514
0.3869
0.3862
0.3657
0.2135
0.472
0.35
0.1329
0.2153
0.3566
0.3011
0.2428
0.4276
0.3576
0.3333
0.392
0.2688
0.2685
0.2266
0.1391
0.1829
0.4729
0.1711
0.1976
0.4701
0.2197
0.3427
0.3652
0.3667
0.3399
0.36
0.1525
0.2203
0.1739
0.3593
0.3087
0.483
0.311
0.0302
0.1728
0.178
0.4323
0.2192
0.3315
0.1228
0.3957
0.1658
0.1971
0.4231
0.25
0.305
0.4185
0.3316
0.2317
0.672
0.1878
0.2275
0.4054
0.5417
0.4641
0.2604
0.283
0.4268
0.1969
0.2715
0.225
0.3709
0.236
0.4146
0.425
0.2067
0.244
0.2448
0.3822
0.4812
0.2246
0.2237
0.2
0.4052
0.3118
0.1988
0.1366
0.3168
0.2452
0.3953
0.4136
0.3548
0.1622
0.2215
0.2
0.2848
0.406
0.5437
0.1706
0.3394
0.4262
0.3571
0.4189
0.3264
0.3817
0.4366
0.4496
0.5643
0.4106
0.1953
0.4429
0.3077
0.2525
0.2597
0.35
0.3618
0.3232
0.2642
0.4444
0.1856
0.6033
0.1709
0.4823
0.4561
0.2609
0.0323
0.2716
0.6301
0.4595
0.3061
0.3597
0.3149
0.2885
0.3316
0.2482
0.2428
0.2822
0.3082
0.3529
0.1932
0.1919
0.25
0.4336
0.3935
0.3537
0.2557
0.2414
0.196
0.25
0.4564
0.4106
0.349
0.2568
0.3268
0.3554
0.4476
0.2164
0.1687
0.5
0.2348
0.1932
0.0272
0.2832
0.2381
0.1122
0.2256
0.3765
0.1214
0.3141
0.3353
0.4222
0.8224
0.0988
0.3218
0.223
0.2754
0.384
0.199
0.2155
0.4397
0.7934
0.2368
0.3404
0.3106
0.2194
0.234
0.4507
0.1823
0.4388
0.3241
0.2796
0.3759
0.2697
0.2118
0.2258
0.3115
0.2133
0.2356
0.3333
0.314
0.3804
0.4383
0.3902
0.3776
0.5385
0.768
0.64
0.2568
0.2775
0.28
0.4922
0.3529
0.4294
0.2252
0.2622
0.0375
0.3081
0.2688
0.3245
0.3243
0.1337
0.2958
0.2909
0.2678
0.5141
0.4429
0.4
0.3272
0.1818
0.3467
0.027
0.4444
0.5563
0.3546
0.2624
0.3435
0.4277
0.2143
0.2908
0.3052
0.1739
0.2774
0.2953
0.329
0.3311
0.1786
0.2988
0.2255
0.2615
0.2597
0.3051
0.2486
0.2961
0.3234
0.2979
0.3052
0.4331
0.3333
0.2575
0.2629
0.2288
0.4183
0.2062
0.6522
0.1921
0.3208
0.5857
0.2543
0.1902
0.3232
0.2762
0.2787
0.3694
0.2831
0.2069
0.2919
0.2256
0.2609
0.623
0.3203
0.3767
0.2356
0.4183
0.531
0.2357
0.3378
0.5324
0.1648
0.2418
0.3937
0.2373
0.2059
0.206
0.2252
0.2258
0.403
0.4752
0.4726
0.3595
0.3475
0.5191
0.3313
0.4897
0.3073
0.3665
0.2035
0.469
0.2797
0.2623
0.3134
0.4581
0.2158
0.1353
0.1732
0.4058
0.195
0.4228
0.3851
0.8304
0.2147
0.3554
0.3377
0.2253
0.3114
0.3626
0.3394
0.189
0.2557
0.3309
0.331
0.4577
0.2645
0.3038
0.3239
0.2994
0.2817
0.3147
0.225
0.3121
0.4029
0.3315
0.2067
0.3412
0.4638
0.2986
0.36
0.3147
0.1538
0.5
0.1562
0.2785
0.1966
0.2012
0.3625
0.3082
0.2979
0.362
0.2917
0.5306
0.1875
0.337
0.3312
0.4167
0.18
0.2944
0.3
0.3025
0.2761
0.3333
0.5355
0.2554
0.4512
0.2
0.1905
0.3803
0.226
0.3684
0.4474
0.2378
0.2792
0.2375
0.3021
0.4654
0.3594
0.3446
0.2237
0.2925
0.6434
0.2745
0.3797
0.3103
0.2378
0.3631
0.4817
0.3143
0.25
0.4759
0.2831
0.0947
0.2515
0.0395
0.0208
0.1615
0.0745
0.1844
0.3882
0.2174
0.0347
0.3444
0.2888
0.0441
0.3907
0.2754
0.2343
0.2868
0.2514
0.0123
0.4345
0.2609
0.4255
0.205
0.3665
0.5071
0.4076
0.1685
0.5282
0.3355
0.5224
0.2682
0.0201
0.0495
0.023
0.0582
0.022
0.0333
0.0284
0.2053
0.0273
0.006
0.3721
0.1514
0.0249
0.3026
0.1402
0.3791
0.0192
0.2772
0.268
0.04
0.0447
0.3247
0.2716
0.4718
0.32
0.0971
0.0168
0.2651
0.2938
0.4265
0.4497
0.2581
0.3092
0.0192
0.0312
0.0615
0.2695
0.2913
0.193
0.2254
0.0164
0.0409
0.1948
0.4516
0.297
0.0314
0.2788
0.3313
0.0357
0.0256
0.2403
0.3047
0.3916
0.2948
0.1548
0.4315
0.0492
0.3618
0.3357
0.3121
0.1988
0.0178
0.2933
0.3288
0.1944
0.3154
0.026
0.1724
0.0166
0.2242
0.416
0.0924
0.1512
0.2176
0.2655
0.0874
0.5417
0.2561
0.2192
0.5474
0.2579
0.25
0.3712
0.0217
0.0253
0.044
0.0608
0.2407
0.4218
0.0233
0.0303
0.2519
0.2778
0.2761
0.0206
0.2543
0.2651
0.3371
0.1899
0.4924
0.0256
0.3624
0.239
0.2685
0.1941
0.1404
0.026
0.471
0.1538
0.4236
0.3882
0.3433
0.0205
0.175
0.2864
0.2229
0.033
0.2922
0.0052
0.2903
0.3767
0.0474
0.0435
0.1977
0.3351
0.3185
0.3934
0.3057
0.4085
0.3742
0.2842
0.2531
0.0349
0.1765
0.0188
0.0376
0.0279
0.0359
0.0402
0.2558
0.0355
0.0457
0.0282
0.2376
0.2761
0.2914
0.2013
0.3086
0.3851
0.0174
0.1829
0.2671
0.0359
0.051
0.4538
0.3008
0.2254
0.2711
0.1139
0.3609
0.0165
0.0245
0.4013
0.044
0.0266
0.0116
0.2308
0.2357
0.0289
0.1731
0.0112
0.4714
0.0375
0.2273
0.0116
0.0519
0.0584
0.3728
0.4667
0.0162
0.0319
0.0596
0.2228
0.1143
0.3094
0.0276
0.1493
0.0452
0.1926
0.2727
0.1618
0.0602
0.2208
0.3631
0.2945
0.1582
0.0273
0.0299
0.3907
0.0378
0.0347
0.0333
0.0361
0.5938
0.057
0.2759
0.3168
0.0556
0.0227
0.0981
0.0549
0.0337
0.034
0.3796
0.3059
0.2647
0.15
0.1854
0.2895
0.2857
0.0185
0.4341
0.0153
0.2342
0.3354
0.2575
0.0378
0.2222
0.3935
0.3308
0.0353
0.3212
0.026
0.0452
0.3673
0.3778
0.25
0.0255
0.3038
0.0212
0.4408
0.2432
0.0479
0.1818
0.0409
0.0347
0.2611
0.0267
0.3267
0.022
0.5241
0.2032
0.3401
0.0323
0.026
0.0391
0.5322
0.1946
0.3893
0.4453
0.0389
0.2711
0.1977
0.1505
0.3308
0.0508
0.2197
0.0282
0.3567
0.0491
0.1065
0.0375
0.2444
0.2825
0.3661
0.3618
0.2222
0.0659
0.2147
0.162
0.125
0.0265
0.3377
0.3161
0.1602
0.4867
0.0455
0.2774
0.0179
0.2254
0.4626
0.0278
0.0357
0.4132
0.1931
0.0108
0.0467
0.2879
0.2585
0.4539
0.2284
0.5489
0.4233
0.0563
0.1543
0.042
0.2773
0.2714
0.0299
0.0242
0.0167
0.0523
0.2644
0.8655
0.4631
0.1807
0.3143
0.0546
0.2517
0.0335
0.3117
0.2873
0.0135
0.2857
0.3018
0.4161
0.4059
0.2035
0.4621
0.2211
0.0417
0.043
0.4722
0.2657
0.4052
0.2093
0.0149
0.3182
0.3147
0.0738
0.4276
0.0519
0.0256
0.2695
0.0759
0.3287
0.2848
0.2384
0.44
0.0335
0.1871
0.2733
0.2125
0.2663
0.125
0.3115
0.0482
0.0769
0.1765
0.4626
0.3137
0.0245
0.0542
0.2873
0.4493
0.037
0.4
0.05
0.3464
0.057
0.071
0.0447
0.3779
0.2525
0.0774
0.1772
0.3007
0.284
0.3525
0.3813
0.0914
0.0452
0.1958
0.3052
0.0426
0.0398
0.2179
0.027
0.0154
0.36
0.184
0.3974
0.2901
0.0216
0.3514
0.5048
0.022
0.1472
0.3253
0.2781
0.0309
0.0343
0.3431
0.0449
0.0318
0.2364
0.0469
0.2849
0.0852
0.2886
0.2327
0.363
0.1292
0.2824
0.2601
0.0141
0.3506
0.4885
0.4236
0.0097
0.4405
0.2849
0.3803
0.0514
0.2944
0.2033
0.0333
0.3007
0.2768
0.3421
0.3831
0.3077
0.2587
0.5488
0.1988
0.4221
0.2795
0.2544
0.2685
0.2849
0.0374
0.2679
0.4225
0.193
0.3049
0.0259
0.0185
0.319
0.5379
0.0234
0.0302
0.3406
0.0063
0.0419
0.2152
0.0647
0.3262
0.164
0.1839
0.3598
0.0457
0.291
0.283
0.1678
0.0169
0.0412
0.1765
0.2393
0.3269
0.1579
0.3473
0.0241
0.2532
0.0324
0.0374
0.4173
0.2733
0.2022
0.3121
0.2899
0.2994
0.1706
0.0854
0.1928
0.4507
0.5385
0.2611
0.3558
0.3772
0.4412
0.0446
0.2899
0.0267
0.0263
0.3135
0.1722
0.4248
0.25
0.0452
0.2168
0.0692
0.2118
0.3862
0.4924
0.3121
0.4268
0.2338
0.2948
0.3193
0.0353
0.2216
0.1688
0.0417
0.2591
0.3401
0.0056
0.058
0.329
0.1925
0.1366
0.0488
0.26
0.269
0.0262
0.2849
0.2036
0.0265
0.25
0.4072
0.1831
0.5182
0.4453
0.2182
0.3497
0.0365
0.0183
0.3188
0.2256
0.0294
0.1605
0.0287
0.2909
0.3421
0.1758
0.2409
0.0133
0.1913
0.0237
0.0465
0.2021
0.0234
0.0139
0.0652
0.0543
0.0303
0.0219
0.1429
0.2781
0.4834
0.5276
0.2368
0.3354
0.275
0.483
0.0287
0.165
0.0234
0.3381
0.2733
0.031
0.0299
0.2671
0.1845
0.5577
0.2027
0.0402
0.1684
0.0375
0.0473
0.0199
0.2135
0.4206
0.3419
0.1132
0.053
0.0566
0.3029
0.0421
0.4539
0.038
0.0279
0.3693
0.2875
0.2288
0.097
0.2282
0.104
0.0323
0.0455
0.0222
0.3926
0.2254
0.3842
0.0859
0.0333
0.3137
0.0197
0.1469
0.0259
0.017
0.0402
0.2886
0.4218
0.2988
0.0302
0.0637
0.0647
0.0541
0.0258
0.0529
0.0495
0.3381
0.0253
0.1875
0.4423
0.0153
0.2482
0.2327
0.0431
0.2317
0.0566
0.2044
0.0442
0.4286
0.1677
0.4444
0.2135
0.2785
0.05
0.1762
0.0526
0.0517
0.3642
0.1925
0.4121
0.0201
0.26
0.2202
0.0282
0.2407
0.0182
0.2391
0.2171
0.025
0.0341
0.2882
0.0164
0.1475
0.2484
0.2581
0.029
0.3232
0.3613
0.1689
0.0941
0.2727
0.0482
0.3985
0.0677
0.1647
0.297
0.0071
0.3701
0.3986
0.1974
0.4198
0.4085
0.3721
0.5071
0.3709
0.1716
0.025
0.3205
0.2327
0.064
0.2901
0.3684
0.2988
0.2327
0.0377
0.05
0.562
0.1759
0.4894
0.4561
0.2337
0.043
0.1697
0.6164
0.052
0.3265
0.3525
0.0242
0.25
0.3262
0.0483
0.2428
0.2638
0.0566
0.3294
0.1761
0.0601
0.2035
0.4615
0.241
0.259
0.25
0.2874
0.155
0.2102
0.4765
0.3775
0.2685
0.0457
0.3399
0.3313
0.1384
0.0489
0.1627
0.0229
0.2879
0.1705
0
0.2832
0.2329
0.0683
0.0162
0.1176
0.1561
0.0611
0.3647
0.4444
0.7757
0.1553
0.2203
0.277
0.2275
0.328
0.0135
0.232
0.0599
0.0248
0.0059
0.038
0.0133
0.1827
0.0588
0.4507
0.0137
0.3957
0.3586
0.2688
0.0537
0.2697
0.0168
0.2418
0.3187
0.2067
0.0361
0.293
0.3256
0.3576
0.463
0.0412
0.3566
0.5385
0.0412
0.6667
0.0248
0.0321
0.28
0.4141
0.2824
0.0208
0.2318
0.0267
0.3172
0.2778
0.2795
0.0187
0.3446
0.139
0.2569
0.1941
0.0196
0.5105
0.0364
0.2963
0.321
0.1573
0.3533
0.0486
0.2838
0.4901
0.0312
0.2574
0.3664
0.057
0.2449
0.2979
0.0227
0.0233
0.2645
0.052
0.2968
0.2649
0.0667
0.3232
0.027
0.2718
0.2143
0.1658
0.2663
0.0533
0.3413
0.2482
0.1962
0.4268
0.2885
0.2235
0.0102
0.2288
0.0535
0.0168
0.6522
0.2034
0.0495
0.0235
0.0316
0.1739
0.2367
0.06
0.2951
0.3439
0.2651
0.1931
0.0625
0.0575
0.2857
0.623
0.2418
0.3129
0.0488
0.2803
0.4956
0.0382
0.3041
0.5
0.1758
0.2077
0.3701
0.2472
0.043
0.1422
0.0366
0.2258
0.3481
0.0592
0.4863
0.0226
0.3475
0.0316
0.3642
0.4828
0.2376
0.0319
0.0486
0.4759
0.2727
0.039
0.0533
0.4323
0.1947
0.0181
0.0474
0.4
0.2792
0.3826
0.3789
0.0274
0.227
0.3434
0.0169
0.2128
0.3234
0.3743
0.0269
0.1951
0.2584
0.0497
0.2517
0.04
0.2323
0.0234
0.3409
0.3832
0.2676
0.0367
0.2188
0.3475
0.0191
0.3315
0.0252
0.3471
0.3643
0.071
0.36
0.0123
0.0209
0.0204
0.012
0.0335
0.0316
0.0508
0.3416
0.3654
0.032
0.3436
0.256
0.6414
0.0479
0.015
0.0289
0.3718
0.2067
0.2556
0.0305
0.1976
0.2699
0.2931
0.4114
0.25
0.1648
0.2049
0.037
0.3521
0.0612
0.3618
0.2545
0.1856
0.0289
0.225
0.3125
0.4528
0.0414
0.0259
0.0424
0.037
0.0276
0.2288
0.3608
0.2931
0.2561
0.01
0.5061
0.2614
0.25
0.0452
0.2695
