ncvFD_AFR	ncvFD_EUR	ncvFD_ASN	ncv_AFR	ncv_EUR	ncv_ASN	hka_AFR	hka_EUR	hka_ASN	tajd_AFR
0.3927	0.3779	0.3827	0.2823	0.1653	0.2233	1.2857	0.9286	1.0714	2.42013
0.4114	0.41	0.4133	0.2676	0.2426	0.2377	0.8269	0.75	0.6923	2.72113
0.4436	0.4488	0.4728	0.3297	0.2875	0.3821	0.6047	0.4091	0.3409	1.43141
0.3601	0.3586	0.4727	0.2558	0.2467	0.4542	1.875	1.7917	1.5417	2.93392
0.3903	0.4011	0.4789	0.2799	0.2679	0.4538	1.32	1	0.88	2.44362
0.4476	0.45	0.4935	0.3688	0.351	0.4806	0.7714	0.6	0.5143	0.577055
0.4232	0.416	0.4774	0.3319	0.2831	0.4438	1.0286	0.8286	0.7143	1.43277
0.4197	0.4238	0.4285	0.3122	0.3272	0.2721	0.9394	0.9697	0.6061	1.81703
0.4507	0.4434	0.4736	0.3527	0.2354	0.423	0.5946	0.3784	0.5676	0.920828
0.4373	0.4369	0.4674	0.2986	0.2467	0.3915	0.5758	0.4545	0.4848	1.96025
0.4423	0.4404	0.4339	0.3529	0.3384	0.2199	0.7647	0.7059	0.4412	0.935672
0.3541	0.3214	0.4319	0.2688	0.1489	0.3882	2.3462	1.8077	1.7692	2.76488
0.4263	0.4219	0.4586	0.3104	0.2408	0.367	0.8	0.6	0.525	1.85893
0.4161	0.4241	0.4319	0.2562	0.3094	0.29	0.7143	0.8333	0.619	2.82451
0.4475	0.4453	0.4564	0.2915	0.2803	0.3062	0.4318	0.4318	0.3636	2.08618
0.4271	0.423	0.4871	0.3389	0.2766	0.4641	1	0.6944	0.5833	1.28046
0.4085	0.3899	0.4082	0.2967	0.1504	0.2453	1.0541	0.7568	0.7838	2.16384
0.4066	0.4016	0.4369	0.2454	0.1833	0.3496	0.8056	0.6944	0.8611	2.98604
0.3541	0.3435	0.4889	0.2296	0.1691	0.481	1.7143	1.4762	1.4286	3.2927
0.4206	0.4076	0.4204	0.3315	0.2772	0.2677	1.0909	0.9394	0.697	1.44213
0.3907	0.3719	0.4444	0.2963	0.1954	0.3834	1.5	1.1154	1.0385	2.17279
0.4344	0.4216	0.4435	0.3216	0.2085	0.3197	0.7179	0.5385	0.5641	1.61062
0.403	0.3904	0.4388	0.2952	0.1895	0.352	1.1622	0.8378	0.8378	2.21154
0.3699	0.3607	0.4411	0.2351	0.1796	0.3848	1.3871	1.2258	1.1935	3.25863
0.4284	0.4074	0.4399	0.3512	0.2735	0.3636	1.1053	0.9211	0.9211	1.01969
0.4245	0.4242	0.4874	0.2981	0.3171	0.4675	0.7647	0.8824	0.6571	2.05327
0.3865	0.3812	0.4821	0.2571	0.1762	0.4636	1.2083	0.9167	1	2.79941
0.4107	0.4111	0.4092	0.2784	0.2691	0.2415	0.8919	0.8378	0.7568	2.47078
0.4052	0.3977	0.3879	0.2801	0.2222	0.1803	1	0.8438	0.8438	2.43275
0.4318	0.4286	0.4386	0.332	0.2827	0.3058	0.8333	0.6389	0.5833	1.40544
0.4315	0.4338	0.4286	0.3031	0.2671	0.1828	0.6765	0.5294	0.4412	1.92885
0.4389	0.4369	0.4341	0.335	0.2958	0.2555	0.7143	0.5714	0.5	1.27706
0.411	0.3936	0.4161	0.3463	0.258	0.3102	1.6538	1.0769	1	1.13266
0.4346	0.4339	0.4557	0.2633	0.2598	0.3583	0.5111	0.5111	0.5333	2.62501
0.4139	0.4181	0.4089	0.3008	0.2808	0.1188	0.973	0.7838	0.5405	2.07026
0.4032	0.3954	0.3888	0.3115	0.2256	0.2204	1.3333	0.8889	0.963	1.85705
0.4309	0.4193	0.4202	0.3223	0.2143	0.1721	0.7857	0.5714	0.5	1.62335
0.4238	0.4152	0.4557	0.3279	0.2171	0.3563	0.9762	0.619	0.5238	1.53402
0.4565	0.4531	0.4699	0.304	0.2177	0.3187	0.3585	0.283	0.2453	1.86248
0.4478	0.4412	0.4413	0.2936	0.2587	0.2098	0.4333	0.4333	0.3667	1.92343
0.399	0.3857	0.3882	0.2865	0.2452	0.2526	1.1786	1.1429	1.1429	2.32213
0.4157	0.411	0.4102	0.2658	0.2027	0.1848	0.7561	0.6341	0.6098	2.67351
0.4179	0.407	0.4231	0.3377	0.2503	0.3036	1.2424	0.8182	0.8182	1.32204
0.4085	0.4027	0.4667	0.2601	0.1614	0.4097	0.8387	0.6452	0.6452	2.71622
0.4137	0.4058	0.4624	0.2822	0.1821	0.4129	0.8611	0.6486	0.8333	2.38657
0.4101	0.4033	0.4462	0.2939	0.2573	0.3537	1	0.9062	0.6875	2.17822
0.4546	0.4414	0.4524	0.3425	0.2723	0.3247	0.4857	0.4571	0.4571	1.09584
0.3946	0.3827	0.3815	0.2434	0.1796	0.1742	0.9767	0.907	0.907	3.12196
0.4055	0.3928	0.4214	0.3014	0.2241	0.2972	1.1622	0.9189	0.8108	2.08885
0.4283	0.423	0.4659	0.3348	0.2584	0.4095	0.9333	0.6333	0.6667	1.33695
0.446	0.4506	0.4556	0.2727	0.2697	0.2524	0.4098	0.3607	0.2951	2.4958
0.4383	0.4366	0.4666	0.3573	0.3186	0.3891	0.8974	0.6667	0.4872	0.863919
0.4215	0.4204	0.4176	0.331	0.314	0.2077	1.0625	0.9375	0.5758	1.44477
0.4026	0.3982	0.46	0.3006	0.2696	0.413	1.2258	1.0645	0.9355	2.08273
0.3594	0.3435	0.3327	0.2747	0.2114	0.1386	2.25	1.8	1.5238	2.60318
0.3923	0.3861	0.4713	0.2581	0.2333	0.4444	1.1	1.0667	1.1333	2.82037
0.3895	0.3673	0.367	0.2911	0.1534	0.152	1.4667	1.0333	1.0333	2.29337
0.4362	0.44	0.4423	0.3125	0.2906	0.2887	0.6452	0.5161	0.4839	1.71888
0.3746	0.3442	0.4771	0.2793	0.1663	0.4606	1.7586	1.4483	1.4483	2.54264
0.3855	0.3784	0.3807	0.2827	0.2313	0.2301	1.4762	1.1905	1.1429	2.37854
0.4257	0.4175	0.4954	0.3255	0.2432	0.4883	0.9143	0.6571	0.6571	1.55105
0.4362	0.4332	0.4394	0.3095	0.1639	0.2574	0.6327	0.3878	0.449	1.8711
0.4177	0.4012	0.4085	0.3069	0.04	0.2095	0.9412	0.5588	0.6765	1.92829
0.4196	0.4126	0.4238	0.2815	0.1803	0.2284	0.7632	0.5789	0.5526	2.38187
0.4382	0.4336	0.4272	0.3386	0.2643	0.1538	0.75	0.525	0.425	1.2648
0.4023	0.3945	0.4015	0.293	0.2409	0.2507	1.1613	0.9677	0.9032	2.21951
0.3903	0.386	0.4899	0.2873	0.2331	0.4789	1.4	1.0667	0.9333	2.35722
0.424	0.4122	0.4385	0.3103	0.1288	0.3188	0.8409	0.5227	0.6364	1.8868
0.4069	0.408	0.4563	0.3225	0.2128	0.3912	1.3704	0.6897	0.7586	1.63576
0.4004	0.3996	0.4764	0.2609	0.2531	0.4454	0.9722	0.9444	0.8056	2.78796
0.4003	0.3964	0.4718	0.2543	0.1857	0.4387	0.9394	0.7576	0.9091	2.86487
0.4026	0.3971	0.4567	0.2568	0.238	0.4041	0.9143	0.9143	0.9143	2.83232
0.4199	0.414	0.415	0.3125	0.2492	0.2431	0.9375	0.7188	0.6875	1.80436
0.4289	0.4295	0.4685	0.2651	0.2589	0.4086	0.5814	0.5581	0.5814	2.62175
0.4278	0.414	0.4186	0.3277	0.1633	0.2107	0.8857	0.5429	0.5714	1.50002
0.4092	0.412	0.4117	0.2439	0.2621	0.2355	0.7647	0.7941	0.7059	2.97306
0.428	0.4292	0.4722	0.2165	0.2605	0.4145	0.4906	0.566	0.5283	3.36808
0.4103	0.4074	0.4	0.2664	0.1758	0.1457	0.8378	0.6216	0.6486	2.66373
0.44	0.4402	0.4387	0.342	0.3035	0.2664	0.7368	0.5526	0.4737	1.18207
0.4494	0.4466	0.4375	0.3671	0.3332	0.2516	0.7143	0.5714	0.4571	0.611691
0.4066	0.3986	0.4486	0.2839	0.2122	0.3719	1	0.8	0.775	2.41119
0.4172	0.4312	0.4998	0.3185	0.315	0.49	1.0444	0.7391	0.0182	1.75298
0.4066	0.4072	0.3938	0.3027	0.308	0.2088	1.1481	1.1852	0.8519	2.00478
0.3719	0.3722	0.4268	0.2294	0.2103	0.3552	1.303	1.1818	1.2121	3.34478
0.3776	0.3751	0.3847	0.2762	0.2033	0.2352	1.6207	1.1	1.1	2.58462
0.4122	0.398	0.4947	0.3068	0.1991	0.4887	1.0571	0.7714	0.8857	1.95586
0.4125	0.4045	0.4387	0.3089	0.2594	0.3463	1.069	0.8966	0.7931	1.88253
0.3921	0.3771	0.388	0.3009	0.2381	0.2566	1.5217	1.2609	1.1739	2.06361
0.435	0.4378	0.4824	0.2878	0.3074	0.4353	0.5714	0.6	0.4	2.16766
0.4306	0.4272	0.4767	0.3267	0.2851	0.4363	0.8205	0.6667	0.6154	1.52673
0.3775	0.3755	0.4998	0.2528	0.2344	0.49	1.3667	1.2667	0.0233	2.96352
0.4423	0.4186	0.4416	0.3554	0.2428	0.3377	0.7857	0.6429	0.6786	0.860584
0.3686	0.3562	0.3784	0.2332	0.156	0.2273	1.4	1.2	1.1667	3.28125
0.4426	0.4419	0.4499	0.3188	0.2093	0.3011	0.5745	0.3617	0.4255	1.66038
0.3867	0.3807	0.3815	0.2414	0.1851	0.1885	1.1	0.95	0.95	3.16534
0.4334	0.4206	0.4536	0.3278	0.1999	0.3733	0.7727	0.5333	0.6667	1.51139
0.416	0.4282	0.4366	0.298	0.3162	0.3412	0.9143	0.8	0.8	2.09985
0.4344	0.436	0.4385	0.2953	0.3249	0.2856	0.6042	0.7083	0.5208	2.13106
0.411	0.4063	0.4922	0.3159	0.2498	0.4822	1.1724	0.8276	0.7931	1.75984
0.4042	0.3966	0.3976	0.273	0.1807	0.1857	0.9744	0.7436	0.7436	2.59886
0.3821	0.364	0.3702	0.2694	0.1552	0.1913	1.4167	1.0833	1.125	2.63529
0.4433	0.4313	0.4946	0.3436	0.1665	0.4815	0.6809	0.4043	0.4255	1.1647
0.3464	0.3468	0.4131	0.2128	0.1932	0.3536	1.7391	1.5652	1.7391	3.56635
0.4378	0.4346	0.4491	0.3586	0.3321	0.3867	0.9259	0.7778	0.9259	0.803868
0.3939	0.385	0.3884	0.2885	0.2345	0.2044	1.3182	1.0909	0.9091	2.25603
0.413	0.4059	0.4269	0.2849	0.2161	0.2838	0.8889	0.7222	0.6667	2.34457
0.4407	0.4275	0.4673	0.3429	0.2776	0.4043	0.7273	0.6364	0.5758	1.14215
0.4019	0.4029	0.3992	0.2652	0.216	0.1532	0.9697	0.7576	0.6667	2.69279
0.3744	0.3529	0.473	0.255	0.1502	0.4525	1.4615	1.2308	1.3846	2.90877
0.4267	0.4312	0.4616	0.2788	0.202	0.36	0.6512	0.4419	0.4419	2.42148
0.4071	0.3874	0.3873	0.2965	0.1472	0.1464	1.0833	0.7778	0.7778	2.16769
0.372	0.3572	0.4195	0.2711	0.1868	0.341	1.72	1.32	1.24	2.65914
0.4197	0.4197	0.4841	0.3016	0.2658	0.4592	0.8667	0.7	0.6667	1.98593
0.4032	0.395	0.4423	0.2427	0.1755	0.3477	0.8438	0.75	0.7273	3.00376
0.4223	0.4108	0.4639	0.3192	0.2459	0.4131	0.9375	0.75	0.7812	1.67082
0.3858	0.3636	0.3915	0.3022	0.2073	0.2828	1.76	1.32	1.32	2.07581
0.3958	0.3907	0.3831	0.2615	0.2352	0.1841	1.0571	1	0.9143	2.79173
0.3899	0.3871	0.3697	0.2843	0.2689	0.1895	1.375	1.2917	1.125	2.36331
0.4077	0.373	0.4	0.3313	0.1415	0.2442	1.4828	0.931	0.8966	1.46704
0.368	0.3561	0.3867	0.2601	0.1812	0.2574	1.6897	1.3103	1.2069	2.87852
0.424	0.4246	0.4346	0.3173	0.3012	0.3262	0.8889	0.7778	0.7407	1.66553
0.4289	0.4256	0.4263	0.2686	0.1917	0.1219	0.5909	0.4773	0.4091	2.57695
0.3981	0.3823	0.4541	0.2987	0.2203	0.4063	1.3226	1.0645	1.0645	2.13395
0.3747	0.3779	0.3865	0.2632	0.2327	0.2624	1.5417	1.2083	1.25	2.76427
0.3577	0.3466	0.398	0.2326	0.1636	0.3043	1.6522	1.3913	1.3913	3.26339
0.4015	0.3867	0.4592	0.3193	0.2337	0.4098	1.5	1.0588	0.9118	1.7442
0.3791	0.3629	0.3586	0.2738	0.2204	0.1687	1.5455	1.4242	1.2121	2.64241
0.4244	0.417	0.4982	0.3124	0.2604	0.4804	0.8462	0.7179	0.102	1.82554
0.4029	0.3831	0.4054	0.2879	0.1996	0.2749	1.1034	0.9655	0.9655	2.29092
0.4372	0.4321	0.4348	0.3134	0.2451	0.2733	0.6333	0.5	0.5333	1.68924
0.4111	0.4529	0.4305	0.2745	0.3894	0.2765	0.8649	0.8378	0.5946	2.53154
0.3852	0.3787	0.4598	0.2491	0.1919	0.4195	1.1765	1	1.0882	3.0177
0.3873	0.3785	0.3706	0.2828	0.2406	0.1433	1.4286	1.25	0.9643	2.43252
0.4249	0.4176	0.4961	0.2874	0.2103	0.49	0.7097	0.5806	0.6452	2.20239
0.4072	0.4105	0.4172	0.2606	0.2355	0.2304	0.8605	0.7209	0.6279	2.8084
0.4593	0.452	0.4727	0.3449	0.2818	0.3817	0.425	0.3659	0.3415	1.04734
0.4034	0.3866	0.4697	0.2867	0.157	0.4353	1.0833	0.8056	0.9444	2.35384
0.4383	0.4337	0.4441	0.3334	0.209	0.2224	0.7143	0.4286	0.3571	1.37574
0.4477	0.4431	0.4446	0.3372	0.2787	0.2265	0.5714	0.4524	0.3571	1.26185
0.3912	0.3914	0.3865	0.2369	0.142	0.1288	1	0.7273	0.7576	3.15632
0.4079	0.41	0.4672	0.2742	0.2289	0.4196	0.9167	0.7083	0.75	2.60867
0.4115	0.4138	0.4277	0.2415	0.2414	0.3013	0.7273	0.697	0.7273	2.9805
0.3928	0.3938	0.4	0.2348	0.2304	0.2583	0.9655	0.931	0.9655	3.13577
0.4138	0.4136	0.4398	0.3079	0.2524	0.3455	1.0294	0.7353	0.7647	1.92571
0.4398	0.4287	0.432	0.3135	0.2265	0.2447	0.5952	0.5	0.5	1.74891
0.4097	0.4012	0.4374	0.3049	0.2423	0.3443	1.0968	0.871	0.8065	1.97901
0.3914	0.3873	0.3866	0.2477	0.2172	0.2147	1.0541	0.973	0.973	3.03437
0.4521	0.4463	0.4446	0.3612	0.2713	0.2302	0.617	0.4043	0.3617	0.759708
0.4157	0.389	0.396	0.3565	0.2293	0.1805	1.6875	1	0.75	0.91282
0.376	0.3741	0.4392	0.2167	0.2044	0.3729	1.1515	1.1212	1.0606	3.49546
0.4139	0.4083	0.4168	0.2593	0.1734	0.2205	0.7561	0.6098	0.6098	2.7832
0.4158	0.4091	0.4179	0.3125	0.1959	0.2286	1.0256	0.641	0.6154	1.85462
0.4349	0.4289	0.4438	0.303	0.2412	0.3237	0.625	0.525	0.575	1.95182
0.3951	0.3752	0.476	0.3139	0.2469	0.4521	1.6316	1.3684	1.0526	1.78263
0.4066	0.4058	0.4155	0.2801	0.2736	0.2698	0.975	0.95	0.775	2.47652
0.4046	0.4063	0.394	0.2418	0.2415	0.1357	0.8205	0.7949	0.6923	3.07274
0.3699	0.3696	0.47	0.2513	0.2392	0.4445	1.5357	1.4286	1.25	2.99879
0.4307	0.4209	0.4573	0.3655	0.2676	0.3784	1.2414	0.6897	0.6207	0.674645
0.3928	0.3743	0.4894	0.3098	0.233	0.4807	1.64	1.28	1.24	1.9127
0.4452	0.4418	0.4953	0.3586	0.278	0.4839	0.7442	0.4651	0.4186	0.826089
0.3655	0.3692	0.3931	0.1783	0.2066	0.2868	1.1429	1.2143	1.3214	3.92652
0.4022	0.4012	0.4641	0.2049	0.1756	0.4104	0.7368	0.6842	0.7368	3.55011
0.4301	0.421	0.4753	0.334	0.2684	0.4349	0.8846	0.6923	0.6538	1.32204
0.4294	0.4275	0.4442	0.3211	0.2704	0.2975	0.8065	0.6129	0.4839	1.59914
0.4302	0.4309	0.4964	0.3101	0.2848	0.49	0.7308	0.6154	0.5769	1.75094
0.4093	0.4146	0.4294	0.2472	0.2532	0.2952	0.775	0.725	0.675	2.97888
0.4252	0.4211	0.4934	0.2904	0.22	0.4784	0.7179	0.5641	0.45	2.21335
0.4461	0.4455	0.4714	0.3649	0.3313	0.4059	0.7742	0.5806	0.4839	0.658458
0.388	0.3756	0.3791	0.2383	0.146	0.2012	1.0606	0.9091	1.0303	3.153
0.405	0.3904	0.4242	0.2792	0.1858	0.3142	1	0.8276	0.8621	2.42298
0.3832	0.3569	0.3594	0.2901	0.1652	0.1669	1.6452	1.2258	1.1935	2.3365
0.3918	0.3949	0.4844	0.2287	0.2285	0.461	0.9535	0.907	0.6977	3.3434
0.4125	0.3989	0.3963	0.3049	0.2402	0.231	1.0345	0.8966	0.8966	1.95497
0.4073	0.4043	0.4959	0.2821	0.204	0.4688	0.9737	0.7105	0.1569	2.42873
0.413	0.4131	0.4527	0.3182	0.3127	0.3899	1.1471	1.0882	0.8529	1.73259
0.4413	0.4569	0.4652	0.3715	0.3691	0.3315	0.973	0.5676	0.3158	0.531332
0.4142	0.4131	0.4216	0.2838	0.2022	0.2912	0.8611	0.6111	0.7778	2.35732
0.45	0.4481	0.4817	0.3309	0.3009	0.4236	0.5106	0.4468	0.3404	1.39382
0.3543	0.3675	0.3565	0.2113	0.2457	0.2171	1.5385	1.5385	1.5385	3.58719
0.3659	0.3675	0.3721	0.2437	0.2514	0.2511	1.56	1.6	1.48	3.09776
0.4266	0.4296	0.4374	0.2892	0.245	0.2823	0.6923	0.525	0.525	2.22511
0.4066	0.3951	0.4186	0.2677	0.1569	0.2588	0.9048	0.7143	0.6905	2.69143
0.3649	0.3273	0.4576	0.2658	0.1353	0.43	1.8696	1.6087	1.6522	2.7524
0.4118	0.3996	0.402	0.292	0.1604	0.2068	0.9535	0.6744	0.7442	2.26295
0.4081	0.4007	0.4972	0.2566	0.236	0.4839	0.8293	0.8537	0.2157	2.85304
0.4289	0.4183	0.4489	0.3222	0.2166	0.3393	0.825	0.5854	0.561	1.62403
0.4089	0.41	0.4063	0.2797	0.2454	0.2185	0.931	0.7586	0.7241	2.39499
0.3537	0.3284	0.3408	0.2543	0.1556	0.1973	2.0667	1.7	1.7333	3.02208
0.4157	0.4121	0.4453	0.3041	0.2325	0.3453	0.9615	0.6923	0.6538	1.92987
0.4004	0.4032	0.4277	0.2551	0.229	0.3045	0.9412	0.7941	0.7429	2.86084
0.3593	0.3488	0.356	0.2224	0.145	0.1734	1.5172	1.2759	1.2759	3.4552
0.4296	0.4278	0.4707	0.3047	0.2655	0.4088	0.7143	0.5952	0.5238	1.95773
0.4221	0.4119	0.4189	0.294	0.1477	0.2302	0.7826	0.5435	0.6087	2.20125
0.3806	0.3619	0.475	0.2818	0.2079	0.4547	1.6071	1.3571	1.2857	2.47344
0.4095	0.4177	0.4508	0.2175	0.2807	0.3671	0.6842	0.7895	0.6842	3.35459
0.3926	0.3895	0.3876	0.2237	0.2044	0.1669	0.9211	0.8947	0.8158	3.37138
0.4193	0.42	0.432	0.2493	0.2279	0.2994	0.6531	0.5918	0.6531	2.95473
0.4006	0.4029	0.4346	0.2368	0.2376	0.3266	0.8571	0.8286	0.7429	3.12775
0.4551	0.4535	0.4777	0.3363	0.2638	0.4018	0.4565	0.3261	0.3261	1.25848
0.3749	0.3775	0.4848	0.2673	0.2697	0.4715	1.5833	1.5417	1.1667	2.69922
0.3911	0.3816	0.3851	0.2633	0.1945	0.1889	1.1613	0.9677	0.9032	2.75462
0.4675	0.4573	0.464	0.4006	0.3334	0.3335	0.5417	0.4167	0.3333	-0.190842
0.4053	0.4035	0.4738	0.1847	0.1411	0.4311	0.6585	0.6098	0.6585	3.7838
0.3794	0.3881	0.3788	0.2189	0.2614	0.2013	1.1034	1.2069	1.0345	3.41085
0.3865	0.3827	0.4165	0.2377	0.2072	0.3078	1.0833	1	0.9722	3.19192
0.4653	0.4668	0.4628	0.3691	0.3486	0.2921	0.4167	0.3333	0.2778	0.525262
0.4159	0.4055	0.4869	0.3006	0.2396	0.4676	0.9333	0.8	0.7	2.02181
0.4103	0.4122	0.4449	0.2409	0.1786	0.3415	0.74	0.58	0.64	3.12833
0.4037	0.3847	0.4248	0.3055	0.2145	0.2982	1.25	1	0.76	1.94352
0.3896	0.3821	0.4629	0.2566	0.2049	0.4174	1.1429	1	0.8929	2.83562
0.4359	0.4341	0.4678	0.3214	0.2617	0.389	0.6923	0.5128	0.4615	1.6076
0.4309	0.4291	0.4231	0.3078	0.2359	0.2013	0.7073	0.5122	0.5122	1.89042
0.3749	0.3667	0.478	0.2513	0.2338	0.4614	1.4138	1.4483	1.3793	2.98852
0.4159	0.406	0.4092	0.3239	0.1925	0.2344	1.1333	0.6667	0.7333	1.59354
0.395	0.3775	0.4434	0.3045	0.2159	0.3905	1.4848	1.1212	1.2121	2.04698
0.3881	0.3905	0.4947	0.2689	0.2608	0.4896	1.2692	1.1538	1.0769	2.63676
0.415	0.3986	0.4644	0.3214	0.1561	0.4179	1.129	0.6774	0.8387	1.65094
0.4684	0.4653	0.4634	0.3629	0.3107	0.2512	0.3488	0.2791	0.2326	0.656685
0.4044	0.4052	0.4158	0.2307	0.2252	0.2324	0.7838	0.7568	0.6486	3.20777
0.4247	0.4192	0.4288	0.3166	0.2669	0.2953	0.8684	0.7105	0.6842	1.73987
0.4256	0.4226	0.4911	0.2748	0.2043	0.471	0.6522	0.5217	0.4565	2.5097
0.4298	0.4147	0.4036	0.3511	0.293	0.2043	1.0625	0.9062	0.7188	1.00159
0.4282	0.4271	0.454	0.3102	0.2871	0.3885	0.7647	0.6765	0.7941	1.82137
0.3923	0.3777	0.389	0.287	0.1964	0.2417	1.3438	1.0312	1.0625	2.36711
0.3956	0.3903	0.4038	0.2749	0.2269	0.2169	1.1562	0.9688	0.75	2.55877
0.3433	0.3243	0.3193	0.2409	0.1767	0.1572	2.2083	1.9583	1.9167	3.21553
0.4038	0.399	0.4047	0.2172	0.2074	0.2209	0.75	0.7812	0.75	3.32614
0.4191	0.4181	0.4738	0.3147	0.2201	0.4261	0.9714	0.5946	0.5946	1.78324
0.4199	0.4064	0.4147	0.3167	0.1335	0.2344	0.9697	0.5758	0.6667	1.73252
0.4199	0.4028	0.4309	0.2835	0.166	0.2884	0.7674	0.6512	0.6279	2.37859
0.3844	0.3669	0.3965	0.2867	0.204	0.267	1.56	1.24	1.08	2.35534
0.4386	0.4352	0.4742	0.3468	0.2544	0.4161	0.8	0.4857	0.4857	1.07829
0.4135	0.3922	0.4817	0.3213	0.2072	0.4577	1.1667	0.8667	0.8	1.65251
0.3883	0.3719	0.4786	0.2681	0.1911	0.4582	1.2581	1.0968	1.0968	2.69101
0.3987	0.392	0.4768	0.3001	0.2566	0.4523	1.3226	1.0968	1	2.106
0.467	0.4701	0.4808	0.3151	0.3686	0.3922	0.2683	0.3415	0.2439	1.50408
0.379	0.3602	0.4628	0.2824	0.1634	0.4271	1.6667	1.1667	1.125	2.43889
0.4499	0.4441	0.4934	0.3216	0.2413	0.4808	0.48	0.38	0.54	1.58203
0.383	0.353	0.3569	0.2941	0.1839	0.1788	1.7143	1.381	1.2857	2.19981
0.4316	0.4306	0.4434	0.3161	0.2775	0.3077	0.7381	0.5952	0.5238	1.73824
0.4297	0.4248	0.4272	0.3178	0.2516	0.2623	0.7812	0.5938	0.5938	1.66449
0.3834	0.3492	0.3646	0.2929	0.0965	0.2022	1.6818	1.1364	1.2727	2.22805
0.4012	0.3991	0.4134	0.2085	0.186	0.2654	0.7576	0.7273	0.7879	3.4583
0.4577	0.4523	0.4583	0.3734	0.2849	0.3052	0.5789	0.3684	0.3421	0.458265
0.4355	0.4289	0.451	0.3741	0.3096	0.3559	1.2143	0.75	0.6071	0.465842
0.4121	0.4028	0.4055	0.2913	0.2375	0.2219	0.9429	0.8286	0.7429	2.23422
0.4433	0.4472	0.4913	0.3276	0.2738	0.4702	0.6	0.4	0.425	1.46117
0.4199	0.4507	0.4514	0.3116	0.3626	0.2111	0.931	0.6552	0.2903	1.80206
0.4426	0.4464	0.458	0.3101	0.3254	0.3685	0.5429	0.5429	0.5429	1.74968
0.4478	0.4446	0.4659	0.3713	0.2842	0.3932	0.7895	0.4474	0.5263	0.526465
0.3521	0.3575	0.4033	0.2345	0.2179	0.3313	1.8261	1.5217	1.6522	3.26211
0.417	0.427	0.4837	0.2818	0.2884	0.4545	0.8049	0.6829	0.5854	2.40906
0.4191	0.4092	0.4134	0.2748	0.2278	0.2247	0.7429	0.7143	0.6571	2.4701
0.444	0.4453	0.494	0.328	0.2935	0.4771	0.5897	0.4615	0.359	1.44345
0.4134	0.4094	0.4268	0.2946	0.2357	0.2862	0.9412	0.7353	0.6765	2.16541
0.4481	0.4496	0.4393	0.3613	0.3333	0.2245	0.7	0.525	0.4	0.75329
0.3833	0.357	0.382	0.2932	0.1975	0.2527	1.6923	1.3846	1.2692	2.25318
0.4011	0.3998	0.4924	0.2279	0.2314	0.4826	0.8182	0.8485	0.7879	3.22303
0.4168	0.4092	0.4104	0.308	0.2444	0.2492	0.9667	0.7667	0.7667	1.88747
0.4421	0.4378	0.4558	0.2974	0.2695	0.3071	0.5098	0.4902	0.3725	2.06484
0.3882	0.37	0.4299	0.2733	0.1388	0.3493	1.3077	0.9615	1.0385	2.56726
0.3883	0.3879	0.442	0.1935	0.1915	0.3579	0.875	0.875	0.8125	3.83771
0.3856	0.382	0.3881	0.277	0.2214	0.2474	1.4074	1.0741	1.1111	2.52666
0.3966	0.3989	0.4029	0.2456	0.2684	0.2911	0.9565	1.0435	1.1304	2.88571
0.4193	0.4255	0.4354	0.2584	0.227	0.313	0.6809	0.5319	0.6596	2.8068
0.477	0.4804	0.4976	0.3898	0.3941	0.4741	0.2979	0.2553	0.1064	0.0704418
0.4051	0.3953	0.4056	0.3179	0.2176	0.2768	1.3611	0.8611	0.9722	1.77009
0.4152	0.4097	0.4303	0.2931	0.2397	0.3079	0.8974	0.7436	0.7179	2.21193
0.3923	0.3779	0.3969	0.2957	0.2075	0.2614	1.4444	1.0741	1.037	2.18375
0.4024	0.3889	0.3755	0.3235	0.2665	0.229	1.5385	1.2308	1.2308	1.62469
0.4149	0.4047	0.4352	0.307	0.2074	0.3486	1	0.7143	0.8929	1.90054
0.4076	0.3933	0.4468	0.3039	0.2107	0.388	1.1351	0.8649	1.027	2.0363
0.3852	0.371	0.4121	0.2663	0.1591	0.3072	1.3125	1	1.0625	2.73846
0.3976	0.3956	0.3946	0.2712	0.2249	0.1798	1.0882	0.8824	0.7647	2.62387
0.4497	0.4438	0.474	0.3187	0.18	0.3766	0.4746	0.322	0.3051	1.6677
0.4145	0.4136	0.407	0.3059	0.2622	0.2064	1	0.7714	0.6857	1.96549
0.425	0.4226	0.4248	0.3278	0.298	0.2683	0.9474	0.7949	0.641	1.51968
0.4429	0.4411	0.4449	0.2851	0.2935	0.2748	0.4681	0.5106	0.4255	2.24339
0.4051	0.399	0.406	0.2881	0.1889	0.2674	1.0588	0.7353	0.9118	2.31227
0.4629	0.456	0.4917	0.3273	0.224	0.4619	0.3333	0.2667	0.2889	1.36822
0.3795	0.3732	0.3788	0.2598	0.222	0.2386	1.3846	1.2308	1.2308	2.81508
0.4048	0.3983	0.3973	0.2689	0.2269	0.1933	0.9412	0.8529	0.7647	2.62893
0.302	0.2841	0.2922	0.2413	0.2048	0.2056	4.8182	4.3636	3.8182	3.20892
0.3846	0.3726	0.49	0.2473	0.1558	0.4798	1.1765	0.9706	1	3.04744
0.4314	0.432	0.4308	0.3055	0.2773	0.2546	0.6889	0.5778	0.5333	1.94989
0.412	0.4107	0.4199	0.287	0.2831	0.3017	0.9189	0.9189	0.8649	2.32032
0.3874	0.3934	0.4241	0.2511	0.2813	0.3417	1.1481	1.2593	1.1111	2.91678
0.4232	0.4252	0.4873	0.2816	0.222	0.4622	0.7105	0.5263	0.5263	2.36225
0.463	0.4625	0.4791	0.393	0.2758	0.4099	0.5952	0.2619	0.3333	-0.00187841
0.3775	0.3687	0.4565	0.2732	0.2354	0.422	1.5833	1.4167	1.375	2.59552
0.4481	0.4472	0.4479	0.2992	0.2564	0.1931	0.4419	0.3721	0.3023	1.95076
0.4571	0.4546	0.4674	0.3685	0.2836	0.3428	0.5625	0.3438	0.3125	0.553526
0.4006	0.3934	0.4044	0.2402	0.1627	0.2276	0.871	0.7419	0.7742	3.04151
0.4152	0.4021	0.4545	0.2984	0.1643	0.3829	0.931	0.6552	0.7241	2.05629
0.466	0.4701	0.47	0.3499	0.3454	0.3452	0.3469	0.2857	0.2857	0.944249
0.4002	0.399	0.4336	0.2419	0.2376	0.3274	0.8837	0.8837	0.7674	3.12003
0.4068	0.4034	0.4039	0.2886	0.2049	0.2269	1.0286	0.7222	0.7778	2.30363
0.363	0.3587	0.3652	0.248	0.2239	0.2491	1.6818	1.5455	1.6364	3.01566
0.405	0.3977	0.427	0.2879	0.2458	0.3356	1.0606	0.9394	0.9697	2.30921
0.3872	0.385	0.4898	0.2644	0.2629	0.4798	1.25	1.2857	1.0357	2.72852
0.4493	0.4512	0.4939	0.3165	0.2786	0.4742	0.4737	0.3684	0.3158	1.61734
0.414	0.3968	0.3975	0.3082	0.2045	0.2252	1.0286	0.8	0.8571	1.92416
0.3837	0.3925	0.3809	0.2377	0.2531	0.1385	1.1333	1.0667	0.8333	3.15399
0.4181	0.4087	0.4184	0.3274	0.2639	0.2884	1.1111	0.8519	0.8148	1.50186
0.4022	0.3925	0.4211	0.2713	0.2077	0.3009	1	0.8649	0.8378	2.623
0.3955	0.3837	0.4192	0.2697	0.2177	0.3112	1.1176	1.0294	0.9412	2.65657
0.4065	0.413	0.4031	0.2495	0.2655	0.1821	0.8235	0.7941	0.6765	2.90971
0.4018	0.3886	0.4811	0.2877	0.1835	0.4592	1.125	0.8438	0.9062	2.31865
0.4347	0.4304	0.4408	0.3047	0.2361	0.2803	0.6346	0.5	0.4808	1.9776
0.4268	0.4351	0.4504	0.3475	0.3524	0.3753	1.1034	0.931	0.7586	1.07822
0.4128	0.402	0.4244	0.3336	0.239	0.318	1.3462	0.8462	0.8846	1.39168
0.4045	0.4054	0.4359	0.2865	0.2458	0.3382	1.0588	0.8235	0.7941	2.34177
0.455	0.4601	0.4993	0.3173	0.1774	0.49	0.4043	0.2128	0.0816	1.61362
0.3619	0.3354	0.41	0.2713	0.1714	0.349	2.0769	1.6538	1.7692	2.69787
0.4085	0.4047	0.4017	0.2582	0.2143	0.1468	0.8293	0.7317	0.6341	2.82613
0.4442	0.4422	0.4685	0.3438	0.2945	0.3886	0.6667	0.5	0.4444	1.12315
0.3962	0.4093	0.4709	0.2593	0.2672	0.4421	1.0357	0.8571	1.0714	2.76355
0.4477	0.4454	0.4691	0.307	0.2729	0.381	0.4667	0.4167	0.4	1.90054
0.3762	0.3811	0.3809	0.2355	0.2102	0.2252	1.2593	1.037	1.1111	3.18753
0.4032	0.4001	0.4192	0.2536	0.1886	0.2832	0.8889	0.7222	0.7778	2.88587
0.3784	0.3688	0.4086	0.2628	0.2026	0.328	1.44	1.2	1.4	2.76326
0.4217	0.4155	0.4932	0.3221	0.2442	0.4818	0.9737	0.6842	0.6053	1.64489
0.4407	0.45	0.483	0.3246	0.3082	0.4305	0.6279	0.4419	0.3488	1.54165
0.4275	0.4257	0.4651	0.3346	0.2749	0.384	0.95	0.6512	0.4884	1.38086
0.4325	0.4103	0.4387	0.3467	0.2293	0.3463	0.9412	0.7059	0.7941	1.09513
0.4391	0.4395	0.4766	0.3491	0.2167	0.4191	0.8056	0.3889	0.4444	1.0314
0.4042	0.3965	0.4085	0.2846	0.2012	0.2497	1.0513	0.7949	0.7949	2.40345
0.4482	0.4402	0.4398	0.3608	0.2595	0.2571	0.6944	0.4444	0.4444	0.755855
0.4233	0.4143	0.4365	0.2882	0.1908	0.3165	0.7368	0.5789	0.6579	2.25283
0.3956	0.3993	0.4917	0.2675	0.2497	0.4819	1.1	0.9333	0.8667	2.6612
0.4249	0.4172	0.472	0.2939	0.1167	0.4136	0.7368	0.4737	0.5263	2.14849
0.4328	0.421	0.4382	0.3406	0.2849	0.3176	0.8788	0.7576	0.6364	1.21715
0.3851	0.3822	0.482	0.216	0.2182	0.4642	1	1.0556	1.0556	3.48963
0.4197	0.4035	0.4844	0.3096	0.1836	0.4594	0.9189	0.6757	0.6486	1.88605
0.4268	0.4114	0.419	0.3408	0.2019	0.281	1.0286	0.6286	0.7714	1.23926
0.3983	0.4096	0.4036	0.2645	0.258	0.2702	1.0312	0.8125	0.9688	2.71182
0.4094	0.4068	0.4002	0.2918	0.2231	0.1743	1	0.7308	0.6923	2.16832
0.444	0.441	0.4428	0.3487	0.2888	0.2477	0.7	0.5	0.4	1.03711
0.3923	0.3826	0.4112	0.2891	0.2283	0.3091	1.3667	1.1	1.1	2.3191
0.4237	0.4242	0.4471	0.3302	0.2851	0.3421	1	0.7105	0.6053	1.47299
0.456	0.4456	0.4515	0.3566	0.184	0.2138	0.5208	0.3125	0.2917	0.849512
0.4324	0.4229	0.4262	0.3238	0.258	0.2812	0.7667	0.6333	0.6667	1.52878
0.4244	0.4268	0.4295	0.3087	0.2933	0.2959	0.8235	0.7059	0.6765	1.86636
0.3689	0.3563	0.3671	0.2602	0.2043	0.2346	1.6667	1.4444	1.4444	2.86017
0.3953	0.3978	0.394	0.2017	0.2528	0.2137	0.8108	0.973	0.8649	3.61831
0.4569	0.4584	0.4578	0.3703	0.2959	0.2503	0.575	0.325	0.275	0.532097
0.446	0.4363	0.4937	0.3637	0.2804	0.4776	0.7667	0.5333	0.4	0.68276
0.398	0.3951	0.4523	0.2637	0.2431	0.3931	1.0312	0.9688	0.9062	2.72564
0.3946	0.3897	0.4067	0.2529	0.2191	0.2704	1.0278	0.9444	0.9167	2.93546
0.4368	0.4272	0.4336	0.3194	0.2582	0.2529	0.6667	0.5833	0.5	1.62455
0.4334	0.421	0.4883	0.3653	0.1349	0.4671	1.1429	0.4571	0.5714	0.68418
0.4492	0.4476	0.4528	0.3125	0.1754	0.3284	0.4634	0.2927	0.4634	1.70538
0.4053	0.4047	0.4751	0.2642	0.1896	0.4416	0.907	0.6744	0.7907	2.75925
0.4198	0.4237	0.4319	0.3081	0.2738	0.2501	0.907	0.6744	0.5116	1.94007
0.3763	0.363	0.4509	0.316	0.2826	0.4144	2.6	2.28	1.48	1.84086
0.4669	0.4627	0.4719	0.4111	0.175	0.3113	0.6522	0.1957	0.2174	-0.463987
0.4121	0.4053	0.4943	0.2995	0.2323	0.4863	1	0.7778	0.7222	2.09464
0.4009	0.4044	0.395	0.2674	0.2975	0.1915	1	1.1515	0.7879	2.66266
0.4099	0.4053	0.4376	0.2767	0.2447	0.3318	0.8974	0.8205	0.7179	2.51338
0.3828	0.3794	0.3963	0.3034	0.2749	0.2821	1.9	1.55	1.2	2.02784
0.4047	0.4081	0.4166	0.2446	0.2442	0.2853	0.8293	0.7805	0.8293	3.04597
0.3803	0.3765	0.4505	0.2768	0.2312	0.4001	1.5484	1.2258	1.0968	2.5782
0.3876	0.3912	0.4189	0.2507	0.2571	0.3176	1.1429	1.1143	1	2.99122
0.408	0.3942	0.4059	0.3008	0.2152	0.2313	1.1	0.8667	0.7667	2.05363
0.4567	0.4552	0.4633	0.3311	0.2323	0.2764	0.4186	0.2791	0.2558	1.33556
0.4672	0.4651	0.4699	0.4034	0.2959	0.365	0.5714	0.2619	0.3333	-0.259553
0.4344	0.4358	0.4319	0.2941	0.2519	0.2563	0.6	0.475	0.525	2.10696
0.3755	0.3549	0.414	0.2641	0.1707	0.334	1.5312	1.2812	1.3125	2.80882
0.4285	0.4227	0.489	0.3181	0.2385	0.4678	0.8049	0.5854	0.5366	1.70931
0.3956	0.3831	0.4825	0.2932	0.2363	0.4661	1.3243	1.1351	1.1081	2.27151
0.3847	0.3694	0.421	0.2805	0.1979	0.3366	1.4722	1.1667	1.1389	2.52522
0.4032	0.3954	0.4955	0.2784	0.1806	0.4897	1.0278	0.7568	0.7838	2.4969
0.4226	0.415	0.4601	0.3017	0.2582	0.3885	0.8158	0.7368	0.6316	2.02415
0.4496	0.4464	0.4747	0.3598	0.2253	0.3915	0.6585	0.3415	0.3415	0.784912
0.4673	0.4656	0.4738	0.3594	0.321	0.3703	0.3542	0.2917	0.2917	0.745546
0.4063	0.3906	0.4853	0.2778	0.1888	0.4663	0.9667	0.8333	0.8	2.44846
0.4047	0.39	0.398	0.2627	0.1322	0.2053	0.9091	0.7273	0.7879	2.71653
0.4356	0.4307	0.4293	0.3191	0.2792	0.176	0.6857	0.6	0.4286	1.63128
0.4169	0.41	0.4341	0.2963	0.2278	0.3133	0.8864	0.7045	0.6818	2.17187
0.3962	0.4011	0.4259	0.2934	0.2164	0.325	1.3125	0.7812	0.9062	2.24199
0.461	0.4602	0.4617	0.3622	0.2506	0.3428	0.4615	0.2564	0.3846	0.690851
0.4192	0.4158	0.4452	0.2785	0.2211	0.3441	0.7568	0.6216	0.6486	2.42588
0.4186	0.3978	0.4676	0.3276	0.1966	0.4216	1.1	0.7667	0.7667	1.51305
0.3919	0.3808	0.4069	0.2606	0.1914	0.3009	1.125	0.9688	1.125	2.80077
0.4463	0.4403	0.4527	0.3238	0.2552	0.3275	0.5385	0.4359	0.4615	1.51081
0.4178	0.4118	0.414	0.2702	0.2103	0.1788	0.7436	0.641	0.5641	2.58042
0.3979	0.3822	0.3839	0.294	0.1962	0.2027	1.2759	0.9655	0.9655	2.2069
0.4386	0.4313	0.4365	0.3164	0.2264	0.2252	0.625	0.475	0.425	1.69329
0.4236	0.4186	0.4455	0.2811	0.1921	0.3577	0.7027	0.5405	0.7297	2.36107
0.4299	0.4261	0.4252	0.3066	0.2243	0.2196	0.7174	0.5217	0.5217	1.93944
0.3938	0.3887	0.3959	0.285	0.2425	0.2191	1.2857	1.0714	0.8571	2.36939
0.4446	0.4426	0.4511	0.3621	0.313	0.303	0.7872	0.5532	0.4167	0.755667
0.4523	0.4569	0.4973	0.3305	0.3271	0.4865	0.4762	0.4048	0.2558	1.36745
0.427	0.4204	0.4931	0.315	0.1992	0.48	0.814	0.5349	0.5349	1.78201
0.4291	0.4293	0.4571	0.3071	0.257	0.3413	0.7333	0.5556	0.4444	1.93068
0.4093	0.4033	0.4021	0.2608	0.2225	0.207	0.8286	0.7714	0.7429	2.73873
0.4306	0.4249	0.4448	0.3075	0.2454	0.3019	0.7111	0.5778	0.4889	1.91558
0.3909	0.3877	0.472	0.2511	0.2365	0.4414	1.0833	1.0556	0.9722	2.97818
0.4244	0.4278	0.4806	0.3087	0.2967	0.4458	0.8235	0.7059	0.5882	1.86579
0.4107	0.3988	0.4748	0.2875	0.1719	0.4347	0.9459	0.7027	0.6757	2.31724
0.4229	0.4118	0.4254	0.3124	0.2564	0.287	0.875	0.775	0.7	1.83489
0.4229	0.4169	0.4647	0.3138	0.2292	0.3869	0.8857	0.6286	0.5143	1.78479
0.4118	0.4043	0.4034	0.2882	0.2251	0.194	0.9302	0.7674	0.6977	2.3308
0.4318	0.4189	0.491	0.3365	0.2655	0.4744	0.8684	0.7105	0.5526	1.32166
0.4475	0.4284	0.4924	0.3762	0.2561	0.4764	0.8462	0.5641	0.4872	0.414448
0.4548	0.4532	0.489	0.3501	0.2992	0.4592	0.5128	0.3846	0.3846	0.963181
0.4398	0.437	0.4715	0.3335	0.265	0.3984	0.6889	0.4889	0.4348	1.37911
0.4116	0.4122	0.4251	0.298	0.2833	0.3043	1	0.8929	0.7857	2.07257
0.3701	0.3731	0.3833	0.2102	0.2082	0.235	1.2188	1.1562	1.125	3.59374
0.4073	0.417	0.4146	0.2813	0.2892	0.2817	0.9688	0.8438	0.8438	2.40243
0.435	0.4305	0.4293	0.3241	0.2197	0.2853	0.7222	0.4722	0.6389	1.54645
0.4155	0.4175	0.4061	0.2948	0.2518	0.2288	0.9024	0.6829	0.7561	2.1919
0.3912	0.3862	0.4613	0.2748	0.2276	0.4174	1.25	1.0357	0.9643	2.54817
0.4186	0.4114	0.4203	0.2654	0.2089	0.25	0.7143	0.6429	0.6429	2.67114
0.3772	0.3835	0.4378	0.2257	0.2497	0.3679	1.1786	1.2143	1.0357	3.32406
0.4175	0.4132	0.4108	0.2625	0.2168	0.2049	0.7179	0.641	0.641	2.70034
0.3939	0.3831	0.4199	0.2987	0.2464	0.3247	1.44	1.2	1.04	2.11039
0.435	0.4298	0.4624	0.3215	0.2789	0.396	0.7073	0.6098	0.6341	1.61764
0.4293	0.4237	0.4934	0.3353	0.2844	0.4815	0.9143	0.7143	0.5714	1.34356
0.4145	0.4028	0.4763	0.3397	0.2664	0.4436	1.3846	0.9615	0.7692	1.26391
0.4195	0.4192	0.4767	0.2675	0.2769	0.4383	0.7083	0.75	0.6458	2.66884
0.4367	0.4383	0.4944	0.3059	0.2293	0.482	0.6098	0.4146	0.4634	1.89657
0.3794	0.3703	0.4045	0.2214	0.1442	0.2823	1.1176	0.9706	1.0294	3.42832
0.466	0.4677	0.4496	0.3892	0.2829	0.2346	0.5	0.225	0.325	0.0878717
0.395	0.3909	0.407	0.2668	0.2282	0.2903	1.1071	0.9643	1.0357	2.65641
0.3454	0.3458	0.4613	0.2185	0.2066	0.4331	1.8261	1.6957	1.4783	3.49991
0.4223	0.4189	0.4455	0.2685	0.2175	0.3312	0.6744	0.5814	0.5814	2.60874
0.3801	0.3548	0.3771	0.2949	0.202	0.2722	1.8333	1.4583	1.5833	2.22078
0.4063	0.3903	0.4894	0.287	0.1805	0.4761	1.0263	0.8158	0.8158	2.34941
0.4438	0.4276	0.4845	0.3427	0.1476	0.4428	0.6667	0.4167	0.3958	1.18261
0.4125	0.4023	0.4021	0.318	0.2214	0.1969	1.1562	0.7812	0.7188	1.72983
0.4312	0.4303	0.4888	0.2966	0.2356	0.4688	0.6538	0.5	0.5769	1.96245
0.4374	0.4353	0.4397	0.3278	0.2902	0.2598	0.7	0.575	0.45	1.48281
0.4163	0.4149	0.4653	0.3066	0.2674	0.4163	0.9677	0.7742	0.7742	1.9222
0.4363	0.4261	0.454	0.3349	0.2194	0.3406	0.7632	0.5128	0.4872	1.33895
0.4201	0.4207	0.4253	0.1593	0.2441	0.2149	0.4865	0.6216	0.5135	3.8465
0.4347	0.4256	0.4381	0.348	0.2788	0.3083	0.9	0.6667	0.6	1.04625
0.4013	0.3903	0.4065	0.3111	0.2603	0.303	1.3846	1.1538	1.1538	1.86676
0.3936	0.3891	0.4134	0.279	0.2297	0.2984	1.2333	1	0.9667	2.48602
0.4736	0.4765	0.4755	0.3964	0.3272	0.318	0.383	0.1915	0.1915	-0.0815807
0.4554	0.4616	0.4621	0.3118	0.3537	0.3453	0.3871	0.4194	0.3871	1.58784
0.4238	0.4142	0.4162	0.2885	0.1993	0.2344	0.7297	0.5946	0.6486	2.23863
0.4511	0.4586	0.4527	0.3292	0.3762	0.2795	0.4889	0.5778	0.3556	1.41226
0.4474	0.444	0.4684	0.3169	0.3116	0.3931	0.5	0.5278	0.4722	1.60872
0.3754	0.3532	0.3534	0.2787	0.1841	0.1222	1.7241	1.3793	1.1379	2.54942
0.4005	0.3976	0.4466	0.2354	0.206	0.3575	0.8529	0.7941	0.7059	3.13856
0.4298	0.4528	0.4315	0.3394	0.3221	0.2563	0.9375	0.4444	0.5294	1.24751
0.4559	0.4569	0.4412	0.3479	0.3339	0.1692	0.4848	0.4242	0.3333	0.977206
0.3779	0.3587	0.4763	0.2986	0.2143	0.4615	2	1.4667	1.6667	2.07472
0.4447	0.445	0.4986	0.3339	0.2973	0.4883	0.6053	0.4737	0.1429	1.32459
0.4346	0.4289	0.4877	0.3118	0.2182	0.4629	0.6667	0.4848	0.5152	1.75489
0.4214	0.4183	0.4148	0.2979	0.2369	0.1758	0.8158	0.6316	0.5526	2.09552
0.4089	0.3983	0.4913	0.2464	0.1794	0.4785	0.7778	0.7222	0.6944	2.95957
0.4285	0.4233	0.4277	0.29	0.2095	0.256	0.6667	0.5238	0.5714	2.21967
0.4338	0.4358	0.4857	0.2614	0.2941	0.4586	0.5161	0.5806	0.5484	2.51837
0.4299	0.4222	0.4285	0.3293	0.2361	0.1921	0.8537	0.5854	0.4524	1.48435
0.4158	0.4092	0.4921	0.2755	0.1667	0.482	0.7955	0.5909	0.7955	2.53543
0.4591	0.4527	0.4628	0.3948	0.3387	0.3543	0.7143	0.5	0.4048	-0.047144
0.3775	0.3658	0.3947	0.2578	0.2005	0.2789	1.4138	1.2414	1.2069	2.87917
0.4523	0.4521	0.4549	0.3373	0.2658	0.2674	0.5	0.3409	0.3182	1.24547
0.4195	0.4173	0.4576	0.2767	0.231	0.3696	0.7442	0.6279	0.5581	2.49211
0.4303	0.4092	0.4552	0.36	0.2087	0.3891	1.1667	0.6667	0.7667	0.800326
0.4345	0.4192	0.4576	0.3509	0.2791	0.3793	0.931	0.7586	0.6207	0.983914
0.4074	0.394	0.4453	0.2953	0.178	0.3691	1.0667	0.7667	0.8333	2.1527
0.421	0.418	0.4494	0.2881	0.2219	0.3631	0.7714	0.6	0.6857	2.2462
0.451	0.4467	0.4513	0.3699	0.3257	0.3386	0.7	0.54	0.52	0.566627
0.4274	0.4236	0.4341	0.2752	0.1644	0.2232	0.6296	0.463	0.4444	2.53447
0.4002	0.3824	0.4462	0.3203	0.2156	0.3958	1.56	1.04	1.2	1.68903
0.442	0.4331	0.4439	0.3593	0.296	0.3299	0.825	0.625	0.6	0.812222
0.4094	0.3964	0.4993	0.2997	0.1755	0.485	1.0588	0.7353	0.0465	2.09185
0.4321	0.4282	0.4498	0.3513	0.2916	0.3467	1	0.6774	0.5806	0.988768
0.392	0.3773	0.47	0.2807	0.2047	0.4379	1.2857	1.0714	1	2.44892
0.4078	0.3795	0.4346	0.3411	0.2044	0.3547	1.6786	1.0357	0.9677	1.25782
0.4311	0.4252	0.4215	0.3032	0.2278	0.2072	0.6829	0.5366	0.5366	1.97228
0.3822	0.3663	0.3763	0.268	0.1006	0.2001	1.4	0.9333	1.0667	2.70862
0.4361	0.4293	0.4518	0.2907	0.1818	0.3207	0.566	0.434	0.4528	2.22311
0.3893	0.3805	0.3781	0.2603	0.1843	0.1651	1.175	0.95	0.925	2.86758
0.42	0.4182	0.4298	0.2433	0.1452	0.2772	0.6279	0.4884	0.6047	2.99467
0.4694	0.4612	0.478	0.396	0.2448	0.3749	0.4667	0.2444	0.2444	-0.0748755
0.4124	0.4156	0.4525	0.2605	0.2458	0.3638	0.7812	0.6875	0.625	2.69833
0.4026	0.3934	0.4825	0.2581	0.1732	0.4577	0.9211	0.7632	0.7368	2.83605
0.4372	0.4322	0.4712	0.3355	0.2345	0.415	0.75	0.4792	0.5625	1.35424
0.429	0.4207	0.4856	0.2824	0.1467	0.4519	0.6327	0.4694	0.449	2.38297
0.4049	0.3905	0.4629	0.3106	0.209	0.4177	1.2759	0.8966	0.8966	1.88066
0.4228	0.4143	0.417	0.2959	0.2671	0.2405	0.7812	0.7812	0.6562	2.08301
0.3969	0.3852	0.4258	0.26	0.1846	0.3296	1.0278	0.8889	0.9444	2.81727
0.4338	0.4298	0.4403	0.3341	0.2691	0.327	0.8065	0.5806	0.6452	1.33363
0.4191	0.4129	0.4629	0.2579	0.1748	0.3819	0.6818	0.5682	0.5227	2.79661
0.3761	0.3753	0.4331	0.2888	0.2735	0.3777	1.8696	1.6522	1.3913	2.33325
0.4112	0.4063	0.411	0.2935	0.266	0.2537	0.975	0.9	0.775	2.22589
0.3727	0.3731	0.38	0.2393	0.2233	0.2375	1.36	1.24	1.2	3.12954
0.4074	0.4016	0.3927	0.2958	0.2307	0.1628	1.0714	0.8214	0.75	2.12776
0.3678	0.3708	0.3704	0.1893	0.1581	0.1929	1.1538	1	1.1282	3.91095
0.3623	0.343	0.4796	0.2579	0.1642	0.4658	1.8333	1.4583	1.5417	2.89427
0.3541	0.3513	0.3522	0.2029	0.1817	0.1773	1.48	1.4	1.36	3.6756
0.4006	0.4018	0.4592	0.3164	0.2932	0.4067	1.4828	1.1724	0.8621	1.78436
0.4297	0.4271	0.4655	0.3058	0.2508	0.3834	0.7174	0.5652	0.4783	1.95531
0.4319	0.4299	0.4544	0.2668	0.2577	0.3225	0.55	0.55	0.425	2.55242
0.4486	0.4397	0.4888	0.3706	0.2926	0.4655	0.7632	0.5263	0.5	0.541043
0.402	0.3995	0.4923	0.2519	0.204	0.4828	0.9	0.7667	0.8333	2.86126
0.4141	0.4016	0.4059	0.2839	0.2075	0.2334	0.8636	0.75	0.7727	2.40112
0.4123	0.4021	0.4362	0.3345	0.2709	0.3612	1.3793	1	1	1.38808
0.3416	0.3321	0.333	0.2174	0.1853	0.1732	1.92	1.84	1.72	3.54991
0.3764	0.3478	0.3835	0.2977	0.1834	0.2851	2.0435	1.4783	1.5652	2.17563
0.4311	0.4189	0.4961	0.358	0.2823	0.4894	1.1111	0.7778	0.5926	0.835014
0.4318	0.4246	0.429	0.3019	0.2019	0.16	0.6667	0.5	0.4167	2.02568
0.3946	0.3821	0.4092	0.284	0.1983	0.2746	1.2564	0.9744	0.8974	2.44687
0.4473	0.4544	0.4478	0.2875	0.3047	0.3382	0.4255	0.383	0.5745	2.1716
0.352	0.3376	0.3279	0.2737	0.2306	0.1904	2.5714	2.2381	2	2.65538
0.4067	0.41	0.4821	0.2529	0.234	0.4572	0.8333	0.7222	0.75	2.87722
0.4444	0.4463	0.4479	0.3514	0.2792	0.3021	0.7097	0.4194	0.4516	0.948579
0.3963	0.3834	0.3892	0.2666	0.1551	0.1936	1.0811	0.8378	0.8649	2.72356
0.4039	0.3941	0.4012	0.2854	0.2061	0.1886	1.0645	0.8387	0.7097	2.34296
0.4016	0.3867	0.3768	0.3006	0.1309	0.1023	1.25	0.7586	0.8214	2.06868
0.415	0.4048	0.4816	0.3219	0.246	0.4526	1.1333	0.8333	0.6667	1.63514
0.3662	0.3439	0.4385	0.2634	0.1277	0.3892	1.7917	1.2917	1.4167	2.79414
0.4349	0.438	0.4273	0.2838	0.2069	0.1925	0.561	0.3902	0.4634	2.27861
0.3921	0.3775	0.3813	0.3138	0.2211	0.2444	1.7407	1.1481	1.2222	1.85049
0.4122	0.4131	0.4779	0.2718	0.2545	0.4466	0.8333	0.75	0.75	2.56178
0.4168	0.4096	0.4874	0.2855	0.2758	0.4711	0.8276	0.8966	0.7931	2.26155
0.4092	0.405	0.4727	0.2957	0.2492	0.4337	1.0312	0.8438	0.75	2.15157
0.4245	0.4244	0.4279	0.3152	0.3151	0.272	0.8636	0.8636	0.6136	1.79157
0.4154	0.3985	0.4054	0.3211	0.2005	0.2415	1.1154	0.7692	0.8077	1.62573
0.3837	0.3736	0.3746	0.2432	0.1833	0.1872	1.1667	1.0417	1.0417	3.00774
0.413	0.4083	0.4133	0.3115	0.2806	0.2656	1.0789	0.9474	0.7895	1.87908
0.421	0.4177	0.4967	0.2608	0.1527	0.49	0.6667	0.5	0.5	2.76696
0.468	0.4648	0.4597	0.4041	0.2831	0.2914	0.5556	0.25	0.3056	-0.268702
0.3739	0.3617	0.3649	0.2533	0.1793	0.1993	1.4583	1.2083	1.25	2.91432
0.4122	0.4035	0.4615	0.2968	0.1906	0.4099	0.9778	0.6889	0.8222	2.1838
0.3988	0.3887	0.4524	0.2717	0.2181	0.3902	1.0667	0.9556	0.8667	2.66968
0.4224	0.41	0.4431	0.315	0.2173	0.3671	0.9032	0.6774	0.871	1.74204
0.4737	0.4667	0.4779	0.4098	0.3296	0.3648	0.4545	0.2955	0.2273	-0.409212
0.4717	0.4664	0.4685	0.4148	0.3138	0.3517	0.5455	0.2727	0.3182	-0.547417
0.3841	0.3729	0.4203	0.251	0.1679	0.314	1.2121	1	0.9394	2.98689
0.4244	0.4162	0.4446	0.2406	0.169	0.3082	0.5714	0.5306	0.5102	3.04801
0.393	0.3841	0.4374	0.2535	0.205	0.3591	1.0588	0.9706	0.9412	2.91853
0.411	0.4048	0.4043	0.3085	0.2677	0.1836	1.1	0.9333	0.6667	1.90177
0.4198	0.4139	0.4346	0.2909	0.2594	0.2828	0.8049	0.7561	0.561	2.24094
0.3939	0.3885	0.3769	0.2898	0.2342	0.1753	1.3333	1.0303	0.9697	2.31784
0.4468	0.4436	0.4556	0.3247	0.2764	0.2933	0.5349	0.4419	0.3488	1.51053
0.4519	0.4499	0.4552	0.3289	0.2506	0.2246	0.4773	0.3409	0.2727	1.40889
0.3916	0.391	0.3957	0.2634	0.2296	0.2389	1.1515	0.9697	0.9394	2.76679
0.3919	0.3741	0.4518	0.285	0.1615	0.3977	1.3333	0.9667	1	2.39126
0.4362	0.4364	0.4355	0.2966	0.2328	0.1929	0.5833	0.4375	0.3958	2.09874
0.348	0.3409	0.4755	0.2068	0.1775	0.4586	1.6452	1.5806	1.5161	3.71517
0.3837	0.3734	0.4624	0.2792	0.2245	0.4214	1.4828	1.2414	1	2.51343
0.4115	0.4041	0.4892	0.252	0.2048	0.4725	0.7619	0.7143	0.6667	2.91079
0.4433	0.4335	0.4572	0.381	0.319	0.3751	1.04	0.72	0.6	0.288749
0.3724	0.3631	0.4647	0.2728	0.2303	0.434	1.7308	1.5	1.2308	2.63866
0.3648	0.3545	0.3977	0.233	0.1599	0.3079	1.4828	1.2414	1.4483	3.29112
0.4002	0.3984	0.4956	0.2704	0.2477	0.488	1.0312	0.9375	0.5882	2.61097
0.4309	0.4257	0.4993	0.3388	0.2406	0.4867	0.907	0.5581	0.0536	1.29097
0.4052	0.4033	0.4845	0.2204	0.2222	0.4621	0.7429	0.7714	0.7143	3.31375
0.3945	0.3887	0.3912	0.2735	0.2396	0.2367	1.1667	1.0556	1	2.61135
0.4076	0.4065	0.4022	0.2636	0.2145	0.2049	0.8684	0.7105	0.7368	2.7272
0.4223	0.4175	0.4239	0.3012	0.207	0.2723	0.8182	0.5758	0.6667	2.00257
0.45	0.4413	0.4746	0.3657	0.2233	0.4053	0.6905	0.381	0.4048	0.655405
0.4209	0.4159	0.4291	0.3151	0.2631	0.2454	0.9355	0.7419	0.5312	1.7472
0.4346	0.4382	0.4522	0.2961	0.2712	0.2553	0.6042	0.4898	0.3265	2.11477
0.4624	0.4634	0.4947	0.3712	0.2941	0.4802	0.475	0.275	0.375	0.500002
0.4042	0.3944	0.4869	0.2244	0.1801	0.4692	0.7667	0.7667	0.7667	3.21049
0.3759	0.3675	0.4422	0.2416	0.1923	0.386	1.3103	1.1724	1.1724	3.12414
0.4475	0.4528	0.48	0.3583	0.2966	0.4194	0.6923	0.3846	0.359	0.81905
0.3858	0.3733	0.4226	0.2648	0.1898	0.3188	1.2857	1.0714	0.9286	2.73015
0.4443	0.4303	0.4415	0.3635	0.244	0.3241	0.8065	0.5161	0.6129	0.694872
0.4513	0.439	0.4508	0.3632	0.2569	0.3155	0.6452	0.4516	0.4516	0.681405
0.4263	0.4205	0.4776	0.2998	0.2501	0.4404	0.7436	0.641	0.641	2.04633
0.3955	0.3878	0.3796	0.3012	0.2586	0.1954	1.4231	1.1923	1	2.06695
0.4432	0.4406	0.4583	0.325	0.2667	0.3264	0.5909	0.4545	0.3864	1.52658
0.4225	0.4043	0.4267	0.3309	0.1447	0.265	1.0357	0.6071	0.6071	1.42423
0.4017	0.3788	0.3979	0.2883	0.1824	0.2639	1.1333	0.9667	1.0333	2.29559
0.394	0.3931	0.4573	0.28	0.2696	0.4025	1.2333	1.1667	0.8667	2.46725
0.3879	0.3734	0.4737	0.2789	0.1782	0.4473	1.3684	1.0263	1.0526	2.5536
0.4143	0.4047	0.4268	0.3327	0.2542	0.3459	1.2857	0.8696	1.087	1.37528
0.3847	0.3788	0.3983	0.2299	0.2018	0.2527	1.0714	1.0357	0.9643	3.23106
0.4137	0.405	0.494	0.3037	0.2089	0.4852	1	0.7143	0.6857	2.00777
0.4447	0.4398	0.4447	0.3246	0.1439	0.3146	0.566	0.3273	0.5283	1.55934
0.4363	0.4255	0.4733	0.3097	0.2076	0.4074	0.6316	0.5	0.4474	1.81496
0.3636	0.3504	0.3816	0.26	0.1894	0.262	1.8214	1.4643	1.3571	2.88907
0.4037	0.3982	0.3965	0.2716	0.2013	0.2385	0.975	0.775	0.925	2.6303
0.3911	0.3909	0.4273	0.2762	0.261	0.3496	1.2647	1.1471	1.1176	2.56824
0.3955	0.3815	0.4825	0.2697	0.1758	0.4633	1.1176	0.9118	0.9412	2.65649
0.4152	0.4004	0.4209	0.3237	0.1824	0.2922	1.1471	0.7059	0.7941	1.61761
0.3964	0.3828	0.4228	0.2858	0.2165	0.328	1.2308	1.0385	1	2.32916
0.446	0.4405	0.4708	0.3325	0.3056	0.3883	0.5778	0.5556	0.4	1.37334
0.3913	0.3856	0.3927	0.2559	0.2114	0.2241	1.1053	0.9737	0.9211	2.9165
0.383	0.3535	0.3989	0.2961	0.1579	0.2898	1.75	1.25	1.2083	2.18918
0.466	0.4614	0.4686	0.356	0.1944	0.3065	0.3636	0.2121	0.2424	0.858424
0.3495	0.3331	0.4932	0.2186	0.1396	0.4887	1.72	1.52	1.52	3.50455
0.3871	0.3852	0.3837	0.2856	0.2685	0.261	1.4667	1.3333	1.3	2.3983
0.4334	0.4257	0.4676	0.2953	0.1873	0.4031	0.6176	0.4706	0.5588	2.04828
0.3802	0.3741	0.3784	0.2649	0.2395	0.2459	1.4167	1.3333	1.2917	2.71413
0.4612	0.4596	0.4871	0.3901	0.2815	0.4447	0.6176	0.2941	0.3235	0.0666778
0.3503	0.3472	0.4436	0.2394	0.1635	0.3942	1.9474	1.381	1.2857	3.15132
0.4455	0.4463	0.4438	0.3367	0.2659	0.265	0.6047	0.3953	0.4186	1.28564
0.395	0.4005	0.4302	0.2554	0.2661	0.3396	1.0345	1	0.931	2.83787
0.4064	0.3864	0.428	0.3374	0.2521	0.3522	1.6522	1.1739	1.1304	1.32006
0.4109	0.3854	0.4844	0.3326	0.2249	0.4671	1.3929	1.0357	0.9286	1.4282
0.4367	0.4299	0.4518	0.3256	0.2462	0.335	0.7	0.525	0.5	1.52771
0.4181	0.4139	0.4164	0.3121	0.2616	0.2772	0.9706	0.7647	0.7941	1.8306
0.4309	0.4151	0.4375	0.3607	0.2436	0.3316	1.1562	0.6875	0.7188	0.789186
0.4309	0.4221	0.4604	0.2926	0.2167	0.3636	0.6429	0.5476	0.4762	2.16324
0.3615	0.3591	0.3787	0.217	0.1866	0.2531	1.4286	1.2857	1.3429	3.5658
0.4001	0.3963	0.4032	0.2647	0.2301	0.2146	1	0.8929	0.75	2.66289
0.4064	0.4062	0.4679	0.2516	0.2635	0.423	0.8333	0.8889	0.7778	2.89833
0.4545	0.4469	0.4904	0.3565	0.2075	0.4592	0.5472	0.3208	0.3208	0.865323
0.3703	0.3653	0.3643	0.2645	0.2361	0.2336	1.6818	1.5	1.5	2.74128
0.3822	0.3826	0.4807	0.2641	0.2482	0.4625	1.3611	1.2222	1.1111	2.8095
0.4282	0.4275	0.4481	0.2935	0.2361	0.317	0.6863	0.5294	0.4906	2.20482
0.4441	0.4323	0.4546	0.3261	0.2518	0.3367	0.5814	0.5116	0.4651	1.49775
0.3866	0.3801	0.3922	0.2933	0.2608	0.1414	1.5862	1.3793	0.7188	2.25847
0.4319	0.4198	0.4938	0.3143	0.1596	0.4809	0.7234	0.4894	0.4894	1.79234
0.4083	0.4144	0.4801	0.2716	0.2616	0.4496	0.8966	0.7586	0.6897	2.52491
0.3901	0.3782	0.4483	0.2443	0.1614	0.3792	1.0571	0.9143	0.8571	3.07542
0.3876	0.3597	0.4935	0.2964	0.1793	0.4876	1.6	1.24	1.12	2.17466
0.3978	0.3925	0.3929	0.2667	0.1804	0.2104	1.0526	0.7895	0.8684	2.722
0.4132	0.4182	0.4591	0.2739	0.2903	0.392	0.8286	0.8286	0.6857	2.51734
0.4156	0.4067	0.4576	0.3052	0.2427	0.3978	0.9706	0.7941	0.7941	1.96806
0.4423	0.4265	0.4352	0.304	0.2423	0.312	0.5263	0.5526	0.6579	1.87756
0.429	0.4149	0.4162	0.3535	0.256	0.2203	1.1154	0.7308	0.6154	0.934093
0.4493	0.4473	0.4414	0.3421	0.3445	0.1818	0.5682	0.6136	0.3409	1.1639
0.4583	0.4542	0.488	0.3672	0.3264	0.4647	0.5312	0.4375	0.5312	0.57796
0.4224	0.4326	0.4496	0.2729	0.3224	0.361	0.6889	0.7556	0.6667	2.55095
0.4498	0.4249	0.4582	0.3932	0.305	0.3897	1	0.7931	0.6897	-0.00627483
0.4197	0.4129	0.4691	0.3238	0.2855	0.4266	1.0357	0.8929	0.7857	1.57008
0.4242	0.4214	0.4189	0.3129	0.2813	0.2554	0.8529	0.7353	0.6765	1.79148
0.4084	0.4047	0.472	0.2892	0.2403	0.43	1	0.8125	0.7188	2.266
0.3695	0.3574	0.3966	0.2677	0.2272	0.3114	1.75	1.6071	1.5357	2.74495
0.433	0.4294	0.4413	0.3277	0.1854	0.2904	0.7812	0.4375	0.5	1.46533
0.3918	0.3843	0.4907	0.2534	0.2062	0.4809	1.0811	0.973	0.973	2.94751
0.4637	0.4601	0.49	0.3668	0.2931	0.4618	0.4348	0.3043	0.3696	0.601762
0.4004	0.3881	0.4024	0.2803	0.1849	0.2678	1.0976	0.8537	0.9756	2.50048
0.406	0.3966	0.4909	0.296	0.1808	0.4792	1.1026	0.7436	0.7949	2.19549
0.4469	0.4461	0.4476	0.3404	0.319	0.2762	0.6	0.525	0.4	1.19515
0.3964	0.4033	0.4042	0.2601	0.2799	0.277	1.037	1.037	1	2.7405
0.3756	0.3441	0.392	0.2809	0.1371	0.2843	1.75	1.3214	1.3214	2.50579
0.3898	0.3699	0.4683	0.273	0.1651	0.4374	1.2667	1.0333	1.1	2.59851
0.3847	0.3828	0.3922	0.227	0.2075	0.2598	1.0571	1	1.1143	3.34023
0.4066	0.4053	0.402	0.234	0.2138	0.1891	0.766	0.7234	0.7021	3.22693
0.4191	0.4104	0.4194	0.3149	0.2259	0.2631	0.9722	0.6944	0.6944	1.78487
0.4405	0.4341	0.4943	0.3548	0.2364	0.4809	0.8214	0.4643	0.4286	0.879843
0.3377	0.3476	0.359	0.1856	0.2081	0.2444	1.7083	1.6667	1.75	3.92792
0.3962	0.3777	0.3898	0.2927	0.1996	0.2483	1.3043	1.0435	1.087	2.18747
0.4325	0.4371	0.4348	0.2894	0.2649	0.2533	0.6098	0.4878	0.4878	2.20148
0.4196	0.4148	0.4109	0.3195	0.2904	0.1511	1	0.8889	0.5556	1.64628
0.4195	0.4105	0.4011	0.326	0.268	0.1586	1.0625	0.8438	0.6562	1.55014
0.4346	0.4293	0.4352	0.2919	0.2224	0.255	0.5897	0.4872	0.4872	2.13532
0.4187	0.4209	0.4184	0.3113	0.2607	0.2216	0.9524	0.6667	0.5952	1.87823
0.4404	0.4377	0.4467	0.2943	0.1755	0.2758	0.5227	0.3636	0.4091	2.09145
0.4331	0.4277	0.4331	0.3086	0.1755	0.2642	0.6765	0.4412	0.5294	1.82622
0.4072	0.4124	0.4075	0.1947	0.2387	0.2344	0.6585	0.7073	0.7561	3.66403
0.4529	0.4445	0.4421	0.3558	0.2255	0.2283	0.5714	0.3571	0.381	0.86269
0.4344	0.4308	0.4352	0.303	0.2621	0.2332	0.6327	0.551	0.449	1.99716
0.4414	0.4357	0.4884	0.3073	0.2195	0.4643	0.55	0.425	0.5	1.8394
0.4436	0.4199	0.4954	0.3745	0.2594	0.487	0.9412	0.6765	0.5588	0.453449
0.4097	0.4065	0.4109	0.2643	0.2113	0.24	0.8378	0.7027	0.7297	2.69926
0.3607	0.3583	0.4271	0.2413	0.2122	0.365	1.6667	1.4583	1.375	3.14344
0.4387	0.4411	0.4311	0.3358	0.3339	0.2654	0.7222	0.6667	0.5556	1.30371
0.4495	0.4471	0.477	0.3293	0.2831	0.4233	0.5116	0.4186	0.4651	1.40919
0.4249	0.4173	0.4646	0.3194	0.2185	0.3911	0.8857	0.6	0.5429	1.67181
0.4107	0.421	0.406	0.2747	0.277	0.1887	0.8723	0.7234	0.6596	2.5846
0.4628	0.4656	0.4662	0.3415	0.339	0.3329	0.3673	0.3265	0.3061	1.12585
0.3814	0.3741	0.3811	0.256	0.2411	0.2189	1.3077	1.3462	1.0769	2.86318
0.402	0.3868	0.4052	0.2907	0.2218	0.2647	1.1471	1	0.9118	2.27908
0.4185	0.4202	0.4169	0.292	0.2803	0.2215	0.8333	0.75	0.6111	2.19903
0.3711	0.3659	0.3704	0.2765	0.2568	0.2447	1.8333	1.7083	1.4583	2.56744
0.4423	0.435	0.453	0.3295	0.1384	0.2824	0.625	0.3571	0.3571	1.48001
0.4322	0.4318	0.4859	0.3542	0.3066	0.4624	1.0312	0.6875	0.625	0.929821
0.3991	0.3993	0.3898	0.2936	0.2675	0.2255	1.2424	1.0303	0.9697	2.23244
0.4147	0.4005	0.4717	0.2808	0.2147	0.4281	0.8378	0.7838	0.7027	2.41119
0.4494	0.4495	0.4562	0.3317	0.3321	0.3408	0.5227	0.5227	0.4545	1.36819
0.431	0.4307	0.4732	0.2949	0.2231	0.4145	0.65	0.475	0.5	2.11146
0.3513	0.3363	0.3337	0.2245	0.1602	0.1376	1.7333	1.5667	1.5	3.4656
0.388	0.3789	0.3993	0.271	0.1834	0.2727	1.2903	0.9677	1.0645	2.64536
0.4338	0.4345	0.4272	0.3275	0.2577	0.2327	0.7632	0.5	0.5263	1.49475
0.4295	0.427	0.4293	0.2842	0.2655	0.23	0.6316	0.6053	0.5	2.28482
0.3971	0.3872	0.462	0.274	0.1912	0.4163	1.1176	0.8824	0.9118	2.58079
0.3681	0.3547	0.3624	0.2536	0.1836	0.2146	1.6087	1.3478	1.3913	2.9237
0.4057	0.3985	0.4671	0.2948	0.2708	0.4203	1.1	1.0667	0.7667	2.16773
0.3989	0.4081	0.4381	0.3057	0.2686	0.3511	1.3846	0.8846	0.8462	1.97355
0.3782	0.3679	0.4012	0.283	0.2268	0.3041	1.7	1.3667	1.3	2.47367
0.3698	0.3638	0.4414	0.2476	0.1992	0.3855	1.5	1.2692	1.1923	3.03621
0.4188	0.4208	0.4409	0.2866	0.2491	0.3391	0.8	0.6333	0.7	2.24061
0.4579	0.4563	0.4567	0.33	0.2916	0.2821	0.4	0.3393	0.3214	1.39524
0.4036	0.4019	0.4991	0.2489	0.2121	0.4867	0.8621	0.7586	0.075	2.88265
0.4069	0.4	0.4598	0.2896	0.2294	0.4021	1.0323	0.8387	0.7742	2.2595
0.4266	0.4222	0.4751	0.2782	0.2111	0.4347	0.65	0.5366	0.6585	2.41251
0.4591	0.4642	0.4671	0.3754	0.3344	0.3241	0.5614	0.3333	0.2807	0.43203
0.4418	0.4325	0.4946	0.3473	0.2613	0.4837	0.7353	0.5294	0.5	1.05266
0.3971	0.3933	0.4369	0.2643	0.2437	0.3564	1.05	1	0.925	2.77447
0.3661	0.3561	0.3913	0.2758	0.2258	0.3004	2	1.625	1.5417	2.59595
0.4138	0.4084	0.4485	0.287	0.2289	0.36	0.8864	0.7273	0.6818	2.34874
0.437	0.4272	0.4796	0.3431	0.2891	0.4389	0.8049	0.6829	0.5366	1.17865
0.4323	0.4292	0.4331	0.2873	0.1674	0.2189	0.6053	0.4211	0.4474	2.21622
0.4183	0.4178	0.4226	0.3014	0.2798	0.2775	0.8919	0.7838	0.7027	2.04137
0.4378	0.4368	0.4377	0.328	0.24	0.2033	0.6944	0.4444	0.3889	1.45834
0.4109	0.4109	0.4525	0.2608	0.261	0.3801	0.8056	0.8056	0.75	2.73819
0.408	0.4063	0.4928	0.2346	0.1889	0.481	0.75	0.6562	0.625	3.08275
0.4048	0.4015	0.4338	0.3263	0.269	0.3463	1.5	1	0.9062	1.58744
0.4327	0.4279	0.4274	0.3087	0.2143	0.211	0.6829	0.4878	0.4878	1.8667
0.4092	0.3974	0.4531	0.3095	0.2509	0.3971	1.1515	0.9697	0.9394	1.90752
0.3852	0.3704	0.43	0.2619	0.1914	0.3489	1.2727	1.1212	1.0303	2.81572
0.4549	0.4559	0.4707	0.3794	0.3219	0.3768	0.6829	0.4048	0.3571	0.329474
0.3769	0.3554	0.369	0.2608	0.167	0.2227	1.4571	1.2571	1.3143	2.87399
0.463	0.4617	0.472	0.3936	0.17	0.3521	0.6	0.2	0.275	-0.0171891
0.4172	0.4133	0.4157	0.306	0.2475	0.2644	0.9444	0.7222	0.75	1.95693
0.4356	0.4343	0.4339	0.2778	0.2232	0.2206	0.5349	0.4419	0.4419	2.38285
0.3978	0.3944	0.4658	0.2742	0.2237	0.4201	1.1053	0.8947	0.8158	2.59846
0.4282	0.4225	0.4196	0.3105	0.2671	0.2135	0.7667	0.6667	0.5667	1.78972
0.4288	0.4397	0.4895	0.2656	0.2879	0.4642	0.5833	0.5135	0.4324	2.55598
0.3719	0.372	0.3745	0.1795	0.172	0.1748	1.0526	1.0263	1	3.99245
0.4042	0.3978	0.4803	0.2901	0.2521	0.4558	1.0938	0.9688	0.8438	2.26934
0.4276	0.4047	0.4527	0.3573	0.196	0.3746	1.2188	0.6875	0.697	0.870929
0.4087	0.4066	0.4926	0.271	0.1908	0.4817	0.8857	0.6571	0.6857	2.58504
0.4239	0.4201	0.4286	0.2944	0.2462	0.2812	0.7561	0.6341	0.6341	2.16257
0.4004	0.3891	0.3889	0.2855	0.2131	0.1635	1.1379	0.931	0.7931	2.34218
0.4042	0.3913	0.4282	0.2908	0.2132	0.3365	1.1	0.9	0.95	2.29854
0.4198	0.4175	0.438	0.2887	0.2625	0.2897	0.7949	0.7179	0.5385	2.26752
0.3949	0.3869	0.4697	0.254	0.1527	0.4341	1.0294	0.7941	0.9118	2.90278
0.4595	0.46	0.4613	0.2831	0.2865	0.2811	0.2963	0.2963	0.2778	2.17249
0.3992	0.3924	0.3875	0.2821	0.2154	0.1954	1.1351	0.8919	0.8919	2.45558
0.4289	0.4288	0.4337	0.2994	0.2625	0.2651	0.7	0.575	0.525	2.04504
0.4301	0.4418	0.4412	0.2614	0.2295	0.2256	0.5577	0.3846	0.3846	2.72791
0.4023	0.3952	0.4478	0.2899	0.236	0.3841	1.1333	0.9333	0.9333	2.26574
0.3894	0.382	0.3998	0.2494	0.1856	0.2442	1.1	0.9333	0.9	2.96143
0.3557	0.3495	0.4681	0.189	0.1493	0.4408	1.36	1.28	1.24	3.82354
0.3921	0.3916	0.4069	0.143	0.1824	0.2533	0.7222	0.8056	0.8333	4.19571
0.3521	0.3507	0.3557	0.2559	0.2387	0.2495	2.1538	1.9231	1.9231	2.97621
0.4056	0.4166	0.4866	0.2771	0.2926	0.4647	0.9737	0.8684	0.6316	2.52051
0.4514	0.4507	0.4523	0.33	0.298	0.3259	0.4872	0.4103	0.4615	1.36761
0.3967	0.3729	0.3838	0.319	0.1956	0.2531	1.6667	1.1	1.2333	1.7488
0.3677	0.3683	0.4759	0.2423	0.2343	0.4534	1.5	1.4167	1.125	3.09873
0.4027	0.4059	0.449	0.2532	0.2705	0.3712	0.8966	0.931	0.7586	2.82705
0.356	0.3585	0.3574	0.2191	0.1871	0.169	1.5667	1.3	1.2333	3.52004
0.4274	0.425	0.479	0.2856	0.2837	0.4482	0.6667	0.6923	0.7179	2.28024
0.4427	0.4418	0.4916	0.2727	0.2554	0.4655	0.4444	0.4222	0.3333	2.42339
0.3867	0.384	0.3622	0.2782	0.2402	0.0892	1.3929	1.1429	0.9643	2.51122
0.4094	0.4086	0.4053	0.2697	0.2135	0.209	0.8684	0.6842	0.7105	2.62333
0.4528	0.4521	0.4892	0.3276	0.2904	0.4475	0.46	0.38	0.2745	1.45217
0.4407	0.4348	0.4415	0.3408	0.2521	0.2729	0.7143	0.4857	0.4571	1.19284
0.4181	0.3998	0.4885	0.3124	0.2206	0.4722	0.973	0.8108	0.7297	1.83932
0.4138	0.4143	0.4153	0.2335	0.259	0.2308	0.675	0.75	0.65	3.14148
0.4054	0.4022	0.4469	0.2758	0.2416	0.3693	0.9706	0.8529	0.7941	2.51673
0.3901	0.385	0.4819	0.265	0.1987	0.4611	1.1935	0.9355	0.9032	2.73215
0.404	0.4035	0.4023	0.2826	0.2607	0.2479	1.0408	0.9184	0.8776	2.48111
0.4113	0.4191	0.4151	0.1583	0.2319	0.184	0.561	0.6098	0.561	3.9905
0.4343	0.4336	0.4528	0.2637	0.2603	0.3708	0.5152	0.5152	0.6667	2.5071
0.4301	0.4281	0.4298	0.2999	0.2929	0.2464	0.6842	0.6842	0.5263	2.01942
0.3815	0.353	0.4172	0.2861	0.172	0.3438	1.64	1.32	1.36	2.37597
0.448	0.4509	0.4525	0.3384	0.2941	0.2155	0.5714	0.4	0.2857	1.20741
0.4265	0.4244	0.4653	0.3018	0.2653	0.3969	0.75	0.6364	0.5682	2.03416
0.4123	0.4018	0.4547	0.3111	0.2699	0.3862	1.0938	1	0.75	1.86028
0.3966	0.3873	0.463	0.2587	0.1964	0.4192	1.0256	0.8974	0.9231	2.85796
0.3737	0.3584	0.4344	0.2861	0.2371	0.3792	1.9091	1.6818	1.3636	2.37972
0.4019	0.4071	0.4053	0.2656	0.2605	0.2189	0.9722	0.8611	0.7368	2.70785
0.402	0.3983	0.4023	0.2409	0.1981	0.2489	0.8529	0.7647	0.8824	3.0547
0.4452	0.4252	0.4646	0.374	0.2691	0.4001	0.8889	0.6389	0.6111	0.46456
0.4394	0.4325	0.4735	0.3158	0.1226	0.414	0.6098	0.3659	0.4878	1.70477
0.3988	0.3981	0.3897	0.2211	0.2322	0.1588	0.825	0.875	0.775	3.38977
0.3982	0.3813	0.3735	0.3046	0.2125	0.1117	1.3913	1.0435	0.8696	1.97263
0.435	0.427	0.4793	0.2857	0.1322	0.4362	0.5641	0.4103	0.5128	2.23307
0.3948	0.3912	0.4761	0.3015	0.2554	0.4518	1.4483	1.1034	1.0345	2.08364
0.4379	0.4417	0.4926	0.3535	0.3404	0.4715	0.8718	0.6923	0.359	0.948626
0.4238	0.4073	0.416	0.3116	0.1237	0.2531	0.8529	0.5588	0.7059	1.81761
0.4197	0.4385	0.4098	0.3076	0.2893	0.2317	0.9062	0.5312	0.7188	1.89589
0.3931	0.3912	0.4373	0.213	0.1786	0.3397	0.875	0.8	0.775	3.52127
0.4216	0.4247	0.415	0.2692	0.2944	0.2064	0.6857	0.7429	0.6	2.54114
0.4164	0.4063	0.4626	0.3332	0.2571	0.4148	1.2286	0.8571	0.8571	1.42537
0.3697	0.3804	0.375	0.222	0.2604	0.226	1.2963	1.3704	1.2222	3.39528
0.4048	0.4065	0.4666	0.2962	0.2601	0.4236	1.1316	0.8684	0.8421	2.19136
0.4418	0.4356	0.4373	0.3071	0.2262	0.237	0.5435	0.4348	0.4348	1.87337
0.4367	0.432	0.4335	0.2974	0.2338	0.2421	0.58	0.48	0.48	2.09072
0.4214	0.413	0.4815	0.296	0.1857	0.4576	0.8056	0.5833	0.8056	2.11696
0.4038	0.3989	0.3978	0.2757	0.2405	0.2301	1	0.8974	0.8718	2.55554
0.4316	0.4212	0.4203	0.3363	0.1686	0.1615	0.8718	0.4872	0.4872	1.32983
0.4278	0.4338	0.477	0.3246	0.3319	0.4396	0.8621	0.7931	0.6552	1.52768
0.4556	0.442	0.4849	0.3638	0.2885	0.4257	0.5641	0.4872	0.275	0.676647
0.4198	0.4385	0.4524	0.3333	0.3467	0.3815	1.1333	0.8	0.7667	1.39417
0.4297	0.4304	0.446	0.2493	0.199	0.29	0.5333	0.4444	0.4444	2.86171
0.4007	0.3982	0.404	0.2436	0.1658	0.2072	0.8837	0.6977	0.7209	3.09246
0.3676	0.3837	0.3987	0.2063	0.2933	0.2787	1.24	1.68	1.12	3.57108
0.3932	0.3908	0.3942	0.2808	0.2274	0.2651	1.2593	0.963	1.1111	2.43346
0.385	0.4128	0.4653	0.2644	0.3225	0.4277	1.3	1.2	1	2.7549
0.4379	0.4356	0.4421	0.2955	0.2778	0.3056	0.5581	0.5349	0.5349	2.0811
0.3827	0.3696	0.3822	0.2511	0.1644	0.2448	1.2414	1.0345	1.2069	2.95812
0.4219	0.4208	0.4129	0.2928	0.2513	0.1829	0.78	0.64	0.58	2.23919
0.4056	0.3994	0.407	0.2697	0.2242	0.2333	0.931	0.8276	0.7586	2.5694
0.3943	0.3862	0.4878	0.237	0.168	0.4731	0.9524	0.8333	0.8571	3.20971
0.3581	0.3588	0.3596	0.1979	0.2052	0.2024	1.3667	1.4	1.3667	3.77352
0.4298	0.4257	0.429	0.3	0.2852	0.2642	0.6889	0.6889	0.5778	2.05545
0.4115	0.4227	0.3944	0.2616	0.2993	0.1821	0.8	0.8	0.7714	2.71568
0.4082	0.3856	0.4235	0.293	0.1812	0.3039	1.0312	0.875	0.8125	2.20268
0.4064	0.3977	0.4889	0.309	0.2384	0.478	1.2188	0.9062	1.0312	1.92083
0.4318	0.4355	0.4242	0.324	0.3074	0.222	0.7805	0.6341	0.5366	1.58338
0.4145	0.4119	0.4083	0.2578	0.2259	0.1528	0.7419	0.6774	0.5806	2.71342
0.4188	0.4151	0.4652	0.2815	0.2192	0.4004	0.775	0.625	0.6	2.40007
0.4185	0.4204	0.4667	0.2903	0.2778	0.3962	0.8235	0.7353	0.5294	2.21471
0.4285	0.4196	0.423	0.3246	0.2552	0.2595	0.8485	0.6667	0.6364	1.54779
0.3662	0.3607	0.367	0.2134	0.1718	0.2093	1.3077	1.1923	1.2692	3.50724
0.441	0.4413	0.4983	0.3285	0.2624	0.485	0.641	0.439	0.1333	1.44899
0.4282	0.4261	0.4567	0.3134	0.2577	0.3514	0.7838	0.5946	0.4865	1.78054
0.3856	0.3732	0.4726	0.2534	0.1549	0.4435	1.2	0.96	1	2.86959
0.3972	0.378	0.4054	0.3104	0.1569	0.3005	1.5	0.9062	1.1562	1.92402
0.4173	0.4104	0.4741	0.3172	0.2679	0.4371	1.0312	0.8438	0.75	1.72663
0.4053	0.4162	0.4779	0.231	0.2462	0.4476	0.7727	0.6818	0.7727	3.25557
0.3855	0.3771	0.3732	0.2735	0.194	0.1874	1.375	1.0312	1.0625	2.62057
0.3996	0.394	0.4919	0.2276	0.173	0.4814	0.8378	0.7568	0.7838	3.2755
0.4375	0.4299	0.4282	0.3321	0.259	0.2023	0.7234	0.5532	0.4681	1.41995
0.4211	0.4176	0.4154	0.2941	0.2313	0.1586	0.8	0.625	0.525	2.17542
0.3811	0.3647	0.4439	0.2434	0.1034	0.3852	1.2174	0.9565	1.087	3.00526
0.4235	0.4213	0.4907	0.3113	0.2826	0.4748	0.8571	0.7429	0.6	1.82992
0.4009	0.3929	0.4114	0.2944	0.2143	0.2787	1.2059	0.8824	0.8824	2.21798
0.3499	0.3468	0.3327	0.2159	0.1837	0.1333	1.6818	1.5	1.5	3.49888
0.4041	0.3897	0.4651	0.308	0.1967	0.4152	1.2667	0.8667	0.7667	1.93681
0.4251	0.4099	0.4716	0.3076	0.1841	0.4209	0.8056	0.6111	0.6111	1.89491
0.4329	0.4283	0.4381	0.3007	0.2359	0.2836	0.6458	0.5208	0.5208	2.04299
0.3713	0.3607	0.4283	0.2656	0.217	0.3567	1.6667	1.4444	1.1852	2.7651
0.4168	0.4093	0.4054	0.3078	0.2316	0.2004	0.9655	0.7241	0.6897	1.88441
0.4276	0.4192	0.4419	0.3153	0.2624	0.3498	0.8056	0.6944	0.75	1.74261
0.445	0.4459	0.4368	0.3106	0.3063	0.1698	0.5122	0.4878	0.3659	1.76633
0.4212	0.4112	0.4109	0.2966	0.256	0.2366	0.8125	0.7812	0.7188	2.07953
0.4403	0.43	0.4897	0.3734	0.2904	0.4734	1.0294	0.6471	0.6471	0.484205
0.4462	0.4356	0.4782	0.337	0.2423	0.4269	0.5946	0.4595	0.4595	1.25203
0.4468	0.4457	0.4566	0.3489	0.287	0.328	0.6471	0.4412	0.4118	1.00171
0.3912	0.3958	0.387	0.2315	0.2471	0.1887	0.9756	0.9756	0.878	3.29468
0.3925	0.3797	0.3744	0.2957	0.2328	0.191	1.4412	1.1765	1.0588	2.2224
0.4588	0.4587	0.476	0.3266	0.2623	0.3854	0.38	0.28	0.3	1.43532
0.4107	0.4011	0.4283	0.3003	0.2013	0.334	1.037	0.7407	0.9259	2.02767
0.4113	0.3975	0.4721	0.2872	0.2074	0.439	0.9333	0.8	0.9	2.271
0.4248	0.4178	0.4649	0.2834	0.2127	0.3975	0.6944	0.5833	0.5833	2.31036
0.4012	0.3968	0.4406	0.2502	0.1788	0.3565	0.9048	0.7381	0.8333	2.98781
0.4463	0.4459	0.4649	0.2857	0.2716	0.3418	0.4318	0.4091	0.3409	2.18791
0.4607	0.4564	0.4818	0.3366	0.2961	0.4132	0.3818	0.3455	0.2909	1.25384
0.4145	0.405	0.4465	0.2964	0.2297	0.3419	0.9318	0.7727	0.6136	2.17956
0.4135	0.4053	0.4851	0.3108	0.2638	0.4654	1.0625	0.9062	0.7812	1.86236
0.4034	0.3813	0.4378	0.3304	0.2391	0.386	1.6296	1.1852	1.3704	1.48831
0.3897	0.3844	0.3802	0.2707	0.2215	0.1762	1.25	1.0357	0.9286	2.61952
0.3775	0.3902	0.4226	0.2253	0.2539	0.336	1.1714	1.1143	1.0857	3.3938
0.4113	0.4166	0.4868	0.2836	0.2553	0.4656	0.9118	0.7059	0.6471	2.36062
0.3953	0.3879	0.3784	0.3163	0.2791	0.2415	1.6667	1.3704	1.2593	1.79283
0.3803	0.3783	0.3758	0.2312	0.1903	0.1891	1.1562	1	1.0312	3.27741
0.4334	0.4289	0.4359	0.2992	0.1921	0.2375	0.6327	0.449	0.449	2.0707
0.4029	0.3988	0.4764	0.2511	0.1739	0.4482	0.8824	0.7059	0.8824	2.90703
0.4406	0.4409	0.4787	0.3339	0.276	0.4379	0.6765	0.4706	0.5588	1.32338
0.407	0.39	0.4097	0.3149	0.2037	0.2661	1.2692	0.8846	0.8462	1.77482
0.4135	0.4095	0.4778	0.2455	0.2182	0.4461	0.7143	0.6857	0.7429	2.93415
0.3632	0.3532	0.4701	0.227	0.1482	0.4433	1.4688	1.2188	1.1875	3.40429
0.4181	0.4143	0.4291	0.2639	0.2625	0.2787	0.7143	0.7619	0.619	2.69744
0.4205	0.3951	0.495	0.3486	0.2157	0.4441	1.3214	0.8571	0.1053	1.06769
0.4109	0.4034	0.4088	0.2392	0.1602	0.2448	0.7273	0.6364	0.7727	3.11227
0.4312	0.4421	0.4575	0.2746	0.294	0.3261	0.5789	0.5	0.3947	2.42398
0.3927	0.3784	0.3831	0.2853	0.1909	0.2088	1.3143	1	1	2.41232
0.4517	0.4544	0.4593	0.3237	0.2946	0.2773	0.463	0.3636	0.2909	1.54689
0.4065	0.3976	0.4619	0.2676	0.1581	0.4145	0.9048	0.6905	0.881	2.6946
0.3938	0.3963	0.384	0.2958	0.2624	0.2294	1.4054	1.0541	1.0811	2.22833
0.4283	0.4234	0.4315	0.3448	0.2637	0.2643	1.0323	0.6452	0.5484	1.13647
0.4449	0.4447	0.4879	0.2576	0.07	0.4438	0.3958	0.2708	0.2917	2.64655
0.4196	0.4117	0.4095	0.3237	0.2568	0.14	1.037	0.7778	0.5556	1.5664
0.45	0.4346	0.4513	0.3471	0.2288	0.2086	0.5789	0.4474	0.2895	1.04117
0.4257	0.4201	0.441	0.2858	0.1718	0.2891	0.6905	0.5	0.5	2.30611
0.4686	0.476	0.4656	0.4024	0.3954	0.3425	0.5278	0.3333	0.3333	-0.227591
0.4393	0.4425	0.4739	0.331	0.2911	0.3937	0.6829	0.4878	0.3659	1.41502
0.4192	0.4062	0.4481	0.3219	0.2605	0.3773	1.0312	0.875	0.8438	1.63006
0.3889	0.3756	0.4561	0.3084	0.2559	0.421	1.76	1.44	1.36	1.95232
0.3825	0.3706	0.4986	0.2645	0.197	0.49	1.3571	1.1429	0.1667	2.74743
0.4232	0.4163	0.4315	0.3398	0.2714	0.26	1.1154	0.7692	0.5385	1.2341
0.3804	0.3657	0.4901	0.2448	0.1324	0.4809	1.2424	1	1.0909	3.09276
0.3942	0.3734	0.391	0.3011	0.2161	0.2504	1.4615	1.1923	1.0769	2.07348
0.4075	0.4077	0.411	0.2327	0.2189	0.1979	0.75	0.7083	0.625	3.24636
0.4429	0.4416	0.4657	0.3273	0.3162	0.388	0.6053	0.5789	0.5	1.45781
0.4223	0.4165	0.4247	0.292	0.2656	0.2679	0.7692	0.7436	0.641	2.20052
0.3865	0.3638	0.493	0.2797	0.1363	0.4857	1.4138	1.0345	0.9655	2.49354
0.4366	0.4321	0.4814	0.2933	0.2179	0.442	0.5682	0.4545	0.5	2.13165
0.4548	0.4347	0.4941	0.391	0.2652	0.4818	0.8	0.5143	0.4857	0.0489233
0.3603	0.3572	0.3563	0.2338	0.2119	0.1976	1.6	1.48	1.4	3.25987
0.4291	0.4241	0.4855	0.3134	0.233	0.4595	0.7674	0.5581	0.5814	1.8051
0.417	0.4067	0.4138	0.3093	0.2662	0.2606	0.9737	0.8947	0.7632	1.90567
0.4545	0.452	0.4484	0.376	0.3562	0.2978	0.6667	0.5897	0.4359	0.406569
0.4034	0.3923	0.3895	0.2986	0.2327	0.1761	1.1852	0.963	0.8148	2.08944
0.3999	0.384	0.416	0.3017	0.1619	0.3049	1.3077	0.8462	0.9615	2.04231
0.4458	0.4406	0.4469	0.3456	0.2872	0.3048	0.6471	0.5	0.4706	1.07269
0.4175	0.4048	0.4176	0.3412	0.2279	0.2842	1.3077	0.7692	0.8077	1.22276
0.4412	0.4458	0.4363	0.3088	0.2626	0.1984	0.5581	0.3953	0.3953	1.83073
0.4174	0.4192	0.4275	0.2432	0.2589	0.2607	0.6585	0.6829	0.5854	2.99572
0.41	0.3887	0.4143	0.337	0.205	0.2918	1.5	0.9062	0.9062	1.35359
0.4375	0.4328	0.4328	0.3283	0.2549	0.2109	0.7	0.5122	0.439	1.47142
0.4006	0.394	0.4267	0.2846	0.2664	0.3231	1.125	1.125	0.875	2.37776
0.3928	0.3864	0.462	0.2188	0.1934	0.4138	0.9	0.9	0.8667	3.35026
0.3775	0.3664	0.3719	0.2456	0.1929	0.2242	1.3077	1.1923	1.2692	3.03109
0.4397	0.4289	0.4353	0.338	0.2394	0.2712	0.7174	0.5217	0.5217	1.28904
0.4122	0.4154	0.4053	0.2829	0.2928	0.1793	0.8919	0.8919	0.6486	2.38803
0.4137	0.4141	0.411	0.2822	0.2606	0.2125	0.8621	0.7586	0.6552	2.33093
0.4314	0.4241	0.4366	0.31	0.285	0.2969	0.7105	0.7105	0.5789	1.83375
0.4408	0.4397	0.4657	0.3537	0.2668	0.3555	0.8049	0.4634	0.3659	0.939848
0.3648	0.3439	0.3584	0.2678	0.2034	0.2399	1.9048	1.7143	1.7143	2.70239
0.4044	0.4058	0.4137	0.2817	0.1581	0.2299	1.0278	0.6111	0.6667	2.43575
0.4385	0.4385	0.4747	0.3032	0.2894	0.4124	0.5745	0.5319	0.4468	1.96576
0.3951	0.3903	0.3908	0.2695	0.24	0.2214	1.125	1.0312	0.9375	2.64819
0.407	0.3991	0.4375	0.3044	0.25	0.3561	1.1562	0.9375	0.9062	2.00333
0.3918	0.3907	0.4214	0.266	0.2418	0.3204	1.1667	1.0333	0.9667	2.70185
0.4291	0.4256	0.4751	0.294	0.2216	0.4184	0.6739	0.5217	0.4783	2.16875
0.4247	0.4161	0.4728	0.2706	0.1825	0.4189	0.65	0.55	0.55	2.54154
0.4564	0.4492	0.4631	0.369	0.2463	0.2816	0.5789	0.3421	0.2632	0.558531
0.4108	0.4044	0.4025	0.2959	0.2296	0.2362	1	0.7805	0.8293	2.18835
0.4444	0.439	0.4407	0.3156	0.3145	0.3077	0.5366	0.6098	0.561	1.6807
0.3866	0.3698	0.3717	0.2711	0.1922	0.1865	1.3243	1.1351	1.0811	2.68467
0.3678	0.3616	0.4822	0.2145	0.1627	0.4642	1.2857	1.1429	1.0286	3.57523
0.397	0.3957	0.4399	0.2705	0.2384	0.3746	1.0938	0.9375	1.0625	2.62386
0.4142	0.4093	0.4535	0.2496	0.1914	0.3565	0.7174	0.6304	0.5652	2.95841
0.419	0.4075	0.4213	0.2748	0.2526	0.2697	0.7436	0.8205	0.6923	2.50072
0.3757	0.3574	0.3713	0.2489	0.1628	0.226	1.375	1.2083	1.2917	2.96961
0.4014	0.3935	0.49	0.264	0.1916	0.4782	0.9722	0.8056	0.8611	2.73526
0.4199	0.4743	0.4638	0.2864	0.4216	0.3953	0.7812	0.5312	0.5938	2.25686
0.4095	0.4025	0.4915	0.2844	0.2183	0.4798	0.9487	0.7692	0.7436	2.38573
0.4046	0.3805	0.4507	0.3097	0.2067	0.3988	1.2727	1.0303	1.0606	1.91966
0.4155	0.4139	0.4652	0.2436	0.2173	0.3988	0.6829	0.6341	0.5854	3.00244
0.4276	0.4237	0.4478	0.2431	0.1224	0.314	0.5429	0.4286	0.4857	2.86504
0.423	0.4234	0.4281	0.3284	0.26	0.2229	1	0.6333	0.5	1.48022
0.3711	0.3525	0.4935	0.2924	0.241	0.4597	2.15	1.9	0.2	2.26498
0.4315	0.4239	0.429	0.3215	0.2239	0.2617	0.7714	0.5429	0.5714	1.60457
0.4668	0.4615	0.4813	0.3888	0.2912	0.419	0.4808	0.2885	0.3269	0.100882
0.4048	0.4078	0.4919	0.2882	0.2706	0.4817	1.0667	0.9	0.8	2.28482
0.3933	0.3895	0.4128	0.2378	0.191	0.2716	0.9706	0.8529	0.8235	3.14377
0.3743	0.3707	0.3734	0.2586	0.2398	0.2142	1.5	1.4091	1.1818	2.81092
0.3993	0.4001	0.4937	0.2019	0.1951	0.4854	0.7632	0.7368	0.7632	3.60246
0.418	0.4135	0.4698	0.2632	0.2192	0.4205	0.7143	0.6429	0.6667	2.70847
0.3747	0.3778	0.368	0.1979	0.2027	0.1189	1.0833	1.0556	0.9444	3.75756
0.4042	0.4152	0.399	0.263	0.3025	0.1317	0.92	0.96	0.64	2.62984
0.4592	0.4541	0.4679	0.3408	0.1526	0.33	0.413	0.2391	0.2826	1.1496
0.3689	0.3637	0.4897	0.2271	0.2049	0.4817	1.3478	1.3043	1.3043	3.28332
0.4082	0.404	0.4152	0.2758	0.2698	0.3026	0.92	0.96	0.96	2.41733
0.4244	0.4071	0.469	0.3403	0.171	0.4141	1.0882	0.6176	0.6176	1.25231
0.3952	0.3584	0.3658	0.3274	0.2065	0.2327	1.9167	1.4167	1.4583	1.55847
0.4443	0.4301	0.4622	0.3756	0.2957	0.4022	0.9333	0.6667	0.7	0.420058
0.4075	0.405	0.4201	0.2671	0.2647	0.2909	0.8857	0.9143	0.8	2.65106
0.4246	0.4205	0.4187	0.3103	0.248	0.2184	0.8293	0.6341	0.5854	1.87279
0.423	0.4165	0.4248	0.29	0.2316	0.2676	0.75	0.6389	0.6389	2.21206
0.3928	0.391	0.4046	0.2422	0.2157	0.2434	1	0.913	0.8261	3.16346
0.4588	0.4595	0.4647	0.3488	0.3175	0.2908	0.4444	0.3519	0.2593	1.01444
0.4566	0.4516	0.4937	0.3413	0.2836	0.4743	0.451	0.3725	0.3333	1.17003
0.4135	0.4005	0.4308	0.2995	0.2145	0.2938	0.973	0.7838	0.6486	2.09545
0.41	0.4197	0.4856	0.2721	0.2769	0.461	0.871	0.7419	0.6129	2.52758
0.3823	0.37	0.4549	0.2711	0.2048	0.4165	1.4286	1.1905	1.2857	2.57366
0.4425	0.4311	0.4341	0.3481	0.1516	0.2081	0.7273	0.3939	0.4242	1.02944
0.3987	0.3948	0.4037	0.2547	0.2776	0.2703	0.9677	1.1935	0.9677	2.84795
0.3995	0.402	0.4222	0.2689	0.2419	0.2948	1.0357	0.8571	0.7857	2.60283
0.4075	0.4035	0.4443	0.2116	0.1456	0.3484	0.6923	0.6154	0.6923	3.4486
0.4145	0.405	0.414	0.3093	0.2347	0.2466	1.0263	0.7895	0.7105	1.91573
0.4189	0.4225	0.4209	0.3045	0.2763	0.2705	0.9	0.7	0.7	1.94059
0.4393	0.4403	0.4936	0.3397	0.3209	0.4806	0.7353	0.6176	0.5	1.21678
0.3874	0.3753	0.38	0.2694	0.1856	0.2036	1.2895	1.0263	1.0263	2.7159
0.4459	0.4461	0.4413	0.3551	0.2969	0.2732	0.7027	0.4595	0.4595	0.887364
0.4374	0.4324	0.4857	0.3458	0.2782	0.4597	0.8182	0.5758	0.5758	1.09623
0.4576	0.4568	0.4648	0.3359	0.3243	0.3207	0.42	0.4	0.3	1.26763
0.4208	0.4131	0.4282	0.3145	0.2132	0.2689	0.9333	0.6333	0.6	1.75299
0.4723	0.4672	0.4821	0.4047	0.3402	0.3972	0.4545	0.3091	0.2364	-0.292202
0.4482	0.4484	0.4482	0.3245	0.2949	0.3057	0.5143	0.4286	0.4571	1.46328
0.4678	0.4533	0.4648	0.3873	0.3011	0.3279	0.4516	0.3871	0.3125	0.126208
0.4363	0.4399	0.447	0.3248	0.289	0.3396	0.7027	0.5135	0.5946	1.53055
0.4098	0.3987	0.4684	0.2931	0.2	0.4195	1	0.7647	0.7059	2.20623
0.447	0.4456	0.4721	0.3445	0.2803	0.3949	0.619	0.4286	0.4048	1.11927
0.3575	0.357	0.3858	0.1859	0.1774	0.2748	1.3103	1.2759	1.3793	3.89957
0.4208	0.4286	0.4187	0.2459	0.2788	0.2177	0.625	0.625	0.5833	2.98838
0.4326	0.4313	0.4338	0.282	0.2688	0.2543	0.5833	0.5625	0.5	2.36542
0.4158	0.4005	0.4484	0.317	0.1848	0.3806	1.0645	0.7097	0.871	1.73102
0.4101	0.4048	0.4213	0.2802	0.2509	0.299	0.9118	0.8529	0.8235	2.42314
0.4022	0.388	0.3909	0.2865	0.1978	0.1521	1.1071	0.8929	0.75	2.30809
0.4453	0.4469	0.4636	0.3314	0.2075	0.3252	0.5849	0.3208	0.3208	1.42288
0.4221	0.4229	0.4714	0.3104	0.3031	0.42	0.8788	0.8182	0.6061	1.84002
0.4161	0.419	0.4385	0.2611	0.2775	0.3061	0.7317	0.7561	0.5854	2.74411
0.3993	0.3976	0.488	0.2763	0.2139	0.473	1.0909	0.8182	0.8182	2.52746
0.3962	0.3844	0.3831	0.2661	0.1831	0.1553	1.0789	0.8947	0.8421	2.73788
0.4044	0.3975	0.44	0.301	0.25	0.3676	1.1852	0.963	0.963	2.0425
0.4332	0.431	0.4801	0.3346	0.1953	0.4393	0.8222	0.4348	0.5217	1.37849
0.4132	0.4197	0.4105	0.2617	0.2657	0.2582	0.775	0.7	0.8	2.74231
0.4213	0.4101	0.4178	0.2711	0.0267	0.2422	0.6977	0.4884	0.6512	2.57377
0.4078	0.4063	0.4622	0.2874	0.204	0.413	1	0.6875	0.8438	2.29963
0.439	0.4364	0.4485	0.2607	0.1816	0.3392	0.4595	0.3784	0.5676	2.55491
0.3587	0.3388	0.3518	0.2791	0.2253	0.2463	2.3889	2.1111	2	2.51412
0.4508	0.4429	0.4452	0.3082	0.2194	0.2676	0.4318	0.3636	0.4091	1.78638
0.3891	0.3756	0.4947	0.2648	0.2265	0.49	1.2143	1.2143	1.1429	2.71441
0.4727	0.4679	0.4717	0.4029	0.2418	0.2594	0.4355	0.1935	0.1774	-0.249711
0.4457	0.4474	0.4892	0.3384	0.2328	0.462	0.6098	0.3415	0.4146	1.24409
0.4081	0.3958	0.4369	0.3023	0.2019	0.2748	1.1111	0.8056	0.5128	2.05961
0.4114	0.4051	0.404	0.2781	0.2022	0.2096	0.8788	0.697	0.7273	2.44386
0.4359	0.4294	0.4876	0.363	0.3049	0.4661	1.0312	0.7188	0.5938	0.725872
0.4003	0.4048	0.3807	0.3078	0.2941	0.1829	1.3714	1.1143	0.9429	1.97677
0.3747	0.3763	0.3636	0.2399	0.2223	0.1637	1.3235	1.1765	1.1176	3.19414
0.3947	0.3852	0.3876	0.2824	0.2331	0.2473	1.24	1.08	1.12	2.38318
0.4206	0.4223	0.418	0.2959	0.2824	0.2487	0.8182	0.7273	0.6667	2.10161
0.4189	0.4093	0.4539	0.3177	0.2184	0.3679	1	0.6889	0.6222	1.76234
0.4255	0.4189	0.4777	0.3463	0.3178	0.4459	1.129	1	0.7419	1.1134
0.3829	0.3731	0.3731	0.2685	0.2153	0.1687	1.3871	1.1935	1	2.70531
0.3887	0.3917	0.4082	0.2659	0.2692	0.2986	1.2308	1.1923	1.0769	2.68128
0.4051	0.4159	0.4461	0.2354	0.1869	0.3151	0.7907	0.5581	0.5116	3.18877
0.3823	0.3707	0.3883	0.2929	0.2224	0.2354	1.72	1.28	1.04	2.25512
0.4347	0.4265	0.4348	0.3075	0.2308	0.2923	0.6471	0.5294	0.5882	1.83563
0.4473	0.4463	0.4628	0.3064	0.2164	0.3163	0.4706	0.3333	0.3137	1.87765
0.3585	0.3486	0.3657	0.2078	0.1512	0.2111	1.4242	1.303	1.303	3.68042
0.4521	0.4528	0.4474	0.2834	0.3164	0.2541	0.3673	0.4286	0.3673	2.20805
