x
0.3625
0.3492
0.3192
0.3272
0.3139
0.3617
0.3699
0.3548
0.2832
0.3629
0.3298
0.375
0.3333
0.3461
0.3352
0.3008
0.3495
0.3369
0.3254
0.3531
0.3502
0.3221
0.3298
0.3359
0.3553
0.3714
0.339
0.3638
0.3341
0.3298
0.351
0.2975
0.335
0.3362
0.3634
0.3581
0.3699
0.3553
0.3433
0.3249
0.3521
0.3409
0.3544
0.3409
0.366
0.3533
0.3586
0.3425
0.3585
0.3495
0.3521
0.3534
0.3237
0.329
0.364
0.3702
0.3734
0.327
0.3403
0.3585
0.3505
0.3421
0.3523
0.3306
0.3635
0.3496
0.3476
0.3554
0.3292
0.3352
0.353
0.3469
0.3334
0.3248
0.3482
0.3399
0.347
0.3486
0.3477
0.3508
0.3591
0.3382
0.3509
0.326
0.3532
0.3499
0.3443
0.3453
0.3183
0.2647
0.3342
0.332
0.3688
0.3259
0.35
0.3622
0.3621
0.3613
0.3513
0.325
0.3627
0.357
0.3353
0.3379
0.3591
0.3613
0.3323
0.3349
0.3508
0.3369
0.3471
0.3328
0.3485
0.3332
0.3342
0.3362
0.3271
0.376
0.3232
0.3492
0.3569
0.3396
0.3334
0.3563
0.3476
0.3322
0.3474
0.3882
0.3506
0.3433
0.3171
0.356
0.3497
0.3214
0.3215
0.3323
0.3737
0.3427
0.3485
0.3555
0.3453
0.336
0.3289
0.3637
0.3495
0.3507
0.3439
0.3555
0.3337
0.3498
0.3178
0.3339
0.3091
0.3397
0.3329
0.33
0.3474
0.3686
0.3152
0.344
0.3436
0.3462
0.3465
0.3157
0.3462
0.3612
0.3819
0.3687
0.3278
0.3279
0.3641
0.3413
0.3318
0.3749
0.367
0.3581
0.3046
0.3445
0.3226
0.3397
0.3409
0.3197
0.3392
0.3552
0.2934
0.3178
0.3459
0.3553
0.3587
0.3503
0.3068
0.354
0.3276
0.3482
0.3304
0.3326
0.3671
0.3397
0.3521
0.3407
0.3583
0.3701
0.3486
0.3266
0.3463
0.3602
0.3363
0.3626
0.3359
0.375
0.3676
0.3365
0.3475
0.337
0.3474
0.3565
0.3438
0.3692
0.3322
0.3405
0.3475
0.3298
0.3562
0.3568
0.3356
0.3486
0.3157
0.3499
0.3492
0.3682
0.3661
0.3435
0.3654
0.33
0.3582
0.3555
0.3485
0.3476
0.3746
0.3429
0.3662
0.3547
0.3506
0.3396
0.3702
0.3553
0.3197
0.3436
0.3329
0.3542
0.319
0.3631
0.3172
0.345
0.3433
0.3361
0.3488
0.3473
0.3466
0.3574
0.3423
0.3526
0.3285
0.331
0.3503
0.341
0.3355
0.3614
0.3512
0.3446
0.3569
0.3609
0.3529
0.3467
0.3284
0.3607
0.3563
0.347
0.3443
0.3547
0.3507
0.3639
0.376
0.3025
0.3403
0.3248
0.3579
0.3468
0.3423
0.3566
0.344
0.3313
0.313
0.3213
0.3568
0.3696
0.3396
0.3687
0.3587
0.3682
0.3693
0.3455
0.3672
0.3493
0.3704
0.3367
0.3388
0.3313
0.3444
0.3206
0.3257
0.3559
0.3429
0.3477
0.3362
0.3592
0.3556
0.3755
0.3367
0.3347
0.3506
0.3465
0.3413
0.3316
0.3591
0.372
0.3627
0.3329
0.3457
0.314
0.3517
0.3371
0.3565
0.3319
0.321
0.3446
0.3785
0.3205
0.3531
0.3529
0.354
0.3246
0.3496
0.3614
0.3554
0.3727
0.3525
0.3348
0.3715
0.3529
0.3354
0.3542
0.3546
0.336
0.3606
0.3467
0.3508
0.3578
0.3495
0.3286
0.3518
0.3604
0.3029
0.3481
0.3639
0.3411
0.3176
0.3589
0.341
0.3061
0.3435
0.3542
0.3594
0.3398
0.3534
0.3534
0.3304
0.3579
0.3181
0.3743
0.346
0.3432
0.3806
0.3528
0.3477
0.354
0.3888
0.3574
0.3033
0.3298
0.3359
0.3158
0.3054
0.3627
0.3353
0.3015
0.3429
0.3272
0.3203
0.3447
0.3298
0.3619
0.3443
0.3464
0.3489
0.3266
0.3105
0.3297
0.3312
0.3577
0.3549
0.3449
0.352
0.3389
0.3386
0.3377
0.3439
0.3557
0.3651
0.354
0.3156
0.3085
0.345
0.3436
0.3514
0.3252
0.2977
0.3351
0.3343
0.3413
0.3722
0.3432
0.3313
0.3651
0.3568
0.3668
0.3223
0.3446
0.3451
0.3069
0.3398
0.3206
0.374
0.361
0.3539
0.3425
0.3708
0.3349
0.3617
0.3458
0.3677
0.3503
0.3439
0.3576
0.3547
0.3115
0.3219
0.3457
0.3284
0.313
0.3681
0.3502
0.3202
0.34
0.3231
0.3278
0.3385
0.3133
0.3157
0.3303
0.345
0.3268
0.3673
0.351
0.3225
0.3595
0.3707
0.3527
0.3293
0.3693
0.3711
0.3261
0.3599
0.3744
0.345
0.356
0.3287
0.3627
0.3398
0.3424
0.34
0.355
0.3632
0.345
0.3268
0.3627
0.3542
0.3656
0.3514
0.3199
0.3345
0.3504
0.3417
0.3403
0.3638
0.365
0.318
0.3334
0.3398
0.3661
0.3356
0.3203
0.3601
0.3447
0.3538
0.3646
0.3585
0.3469
0.3461
0.3564
0.3235
0.3427
0.3267
0.3168
0.3424
0.3324
0.3542
0.3549
0.3382
0.3361
0.3117
0.3402
0.3288
0.3431
0.3362
0.3342
0.3509
0.3073
0.325
0.3666
0.3717
0.3317
0.3701
0.3499
0.3506
0.3095
0.2958
0.3292
0.3451
0.3388
0.3435
0.3424
0.3464
0.3683
0.341
0.371
0.3375
0.3603
0.3859
0.3364
0.3388
0.3437
0.351
0.3591
0.3608
0.348
0.3591
0.3522
0.3202
0.3234
0.3377
0.3493
0.3546
0.3317
0.3616
0.3382
0.3434
0.3231
0.3195
0.3605
0.3435
0.3691
0.3312
0.3486
0.3535
0.3339
0.3564
0.3411
0.3674
0.3734
0.3619
0.3535
0.3124
0.3594
0.3411
0.3619
0.338
0.336
0.356
0.3403
0.3514
0.351
0.3397
0.3729
0.3506
0.3217
0.3128
0.3445
0.3436
0.3395
0.3551
0.3631
0.3255
0.3231
0.3579
0.3558
0.3558
0.3353
0.3546
0.3426
0.3479
0.333
0.3489
0.3551
0.3435
0.348
0.3678
0.3622
0.3468
0.353
0.3454
0.3283
0.3577
0.3561
0.3442
0.3474
0.3526
0.3528
0.3568
0.3342
0.3464
0.3511
0.3462
0.3394
0.3455
0.37
0.3548
0.3504
0.3536
0.316
0.3594
0.3251
0.3126
0.3267
0.3478
0.3517
0.3401
0.3648
0.3344
0.3772
0.3481
0.3477
0.3581
0.3637
0.3731
0.3404
0.3455
0.3368
0.3531
0.3298
0.3403
0.3736
0.3378
0.372
0.3342
0.3668
0.3539
0.3473
0.3418
0.3379
0.3447
0.3809
0.3502
0.3472
0.3237
0.3527
0.3604
0.3213
0.3549
0.3676
0.3615
0.3234
0.3171
0.3359
0.3484
0.3546
0.3527
0.3703
0.3406
0.3361
0.3607
0.3032
0.3548
0.3536
0.3668
0.3493
0.375
0.3424
0.378
0.3225
0.3624
0.3395
0.3489
0.3538
0.3265
0.3406
0.3181
0.3478
0.3232
0.3557
0.3491
0.3584
0.334
0.3492
0.3591
0.3732
0.3423
0.3652
0.3472
0.3445
0.3556
0.355
0.3368
0.3524
0.3475
0.3122
0.3546
0.3391
0.3383
0.3464
0.2941
0.3203
0.3444
0.338
0.3297
0.3516
0.3538
0.3133
0.3514
0.3511
0.3584
0.3454
0.3669
0.3441
0.3608
0.3588
0.3569
0.3489
0.343
0.3406
0.3563
0.346
0.322
0.2902
0.3466
0.3477
0.3567
0.3471
0.3479
0.3324
0.3092
0.3566
0.3435
0.3552
0.3704
0.3457
0.3551
0.3544
0.3445
0.3685
0.3461
0.3328
0.3545
0.3387
0.3491
0.3682
0.348
0.3563
0.3351
0.3804
0.3479
0.3187
0.3387
0.3374
0.3503
0.3532
0.3395
0.3614
0.3481
0.3511
0.3557
0.3427
0.3304
0.3737
0.3658
0.3462
0.3801
0.3471
0.3373
0.3379
0.339
0.3315
0.3433
0.339
0.3605
0.3181
0.348
0.3645
0.3279
0.3155
0.3313
0.3384
0.3363
0.3629
0.344
0.3294
0.3254
0.3544
0.3429
0.3193
0.3397
0.3537
0.3274
0.3447
0.3208
0.3681
0.3533
0.3654
0.3721
0.3275
0.3502
0.352
0.3365
0.3576
0.3726
0.3786
0.3443
0.3508
0.3577
0.338
0.3355
0.3355
0.332
0.3444
0.3367
0.3738
0.3457
0.3367
0.3563
0.3489
0.3369
0.3195
0.3452
0.3489
0.3489
0.3608
0.3387
0.3522
0.3234
0.2863
0.3298
0.339
0.3303
0.3297
0.3532
0.3201
0.3168
0.3506
0.3401
0.3551
0.3292
0.3444
0.3605
0.3691
0.3428
0.35
0.3592
0.3325
0.3408
0.3336
0.3645
0.3317
0.3244
0.3448
0.3334
0.3576
0.3283
0.3377
0.333
0.3534
0.3594
0.3368
0.3103
0.3258
0.3525
0.3698
0.3432
0.3359
0.3504
0.3621
0.3544
0.3455
0.3503
0.3545
0.3401
0.3591
0.317
0.3375
0.3501
0.3459
0.3636
0.3522
0.3473
0.3754
0.3031
0.3636
0.3838
0.3415
0.3603
0.3538
0.3713
0.3225
0.3636
0.3637
0.3449
0.3414
0.3028
0.3551
0.3577
0.3586
0.3367
0.3476
0.3784
0.3558
0.319
0.3511
0.3492
0.3285
0.3639
0.3565
0.3583
0.3289
0.3266
0.3395
0.3105
0.3569
0.352
0.3471
0.3549
0.3492
0.3488
0.3542
0.3783
0.3608
0.3521
0.3631
0.3455
0.3173
0.3368
0.3573
0.3432
0.3691
0.3343
0.368
0.3181
0.3183
0.3381
0.3732
0.3301
0.3428
0.3529
0.3498
0.3101
0.3086
0.3539
0.345
0.3351
0.3335
0.3678
0.3498
0.3454
0.3513
0.3675
0.3583
0.3401
0.3174
0.3656
0.3371
0.3478
0.3498
0.3626
0.3477
0.3123
0.3247
0.3519
0.3729
0.3702
0.3578
0.2836
0.3608
0.323
0.377
0.3304
0.3466
0.3322
0.2894
0.3483
0.3369
0.3343
0.3493
0.3519
0.3179
0.3243
0.3398
0.3589
0.3635
0.3414
0.3642
0.3334
0.3228
0.3498
0.2967
0.3345
0.3392
0.364
0.3521
0.374
0.3483
0.3446
0.3104
0.3465
0.3344
0.354
0.3396
0.3668
0.3527
0.3536
0.3495
0.364
0.349
0.3637
0.3556
0.3164
0.3338
0.3599
0.3652
0.3762
0.324
0.3318
0.3558
0.3507
0.3501
0.3518
0.3255
0.3725
0.3479
0.3586
0.3507
0.3316
0.3396
0.3461
0.3439
0.3321
0.3236
0.3414
0.3422
0.3455
0.3513
0.3483
0.3417
0.3615
0.3376
0.3489
0.3188
0.3544
0.3434
0.352
0.3348
0.3107
0.2511
0.3329
0.3262
0.3662
0.3228
0.3472
0.3598
0.3636
0.3608
0.3471
0.3194
0.359
0.359
0.3263
0.3336
0.3523
0.3612
0.3266
0.3246
0.3463
0.337
0.3457
0.3225
0.3412
0.3356
0.3292
0.3311
0.339
0.3787
0.3094
0.3438
0.3559
0.3367
0.3347
0.3474
0.3468
0.3381
0.342
0.3989
0.3416
0.3458
0.3104
0.3631
0.347
0.317
0.3163
0.3273
0.3682
0.351
0.3437
0.3489
0.3399
0.3473
0.3262
0.3683
0.3468
0.3651
0.3392
0.3541
0.3296
0.3453
0.3122
0.335
0.3136
0.3308
0.3228
0.3332
0.3459
0.3607
0.2967
0.3441
0.3418
0.3364
0.3447
0.2973
0.3464
0.3708
0.3808
0.3713
0.323
0.3287
0.3662
0.3307
0.3227
0.3748
0.3655
0.3575
0.2917
0.3403
0.3131
0.3275
0.332
0.3254
0.3351
0.3603
0.286
0.3059
0.3386
0.3557
0.3535
0.3561
0.2938
0.3506
0.32
0.3502
0.3337
0.3288
0.3634
0.3383
0.3486
0.3369
0.3606
0.3738
0.3543
0.3196
0.3428
0.3602
0.3298
0.3566
0.3354
0.3769
0.3668
0.3309
0.3425
0.3344
0.3385
0.3544
0.3456
0.3683
0.3321
0.3384
0.3465
0.3355
0.3541
0.355
0.3322
0.3459
0.3069
0.3446
0.3612
0.3616
0.3748
0.346
0.3628
0.323
0.3527
0.3684
0.3406
0.3488
0.3723
0.385
0.3696
0.3515
0.3519
0.3495
0.37
0.3519
0.3146
0.343
0.3275
0.3567
0.3054
0.3605
0.3069
0.3452
0.3413
0.3343
0.3492
0.3465
0.3366
0.3542
0.3352
0.349
0.3183
0.3337
0.3489
0.3411
0.3367
0.362
0.3525
0.3383
0.3595
0.3611
0.3551
0.3462
0.3283
0.3662
0.3569
0.347
0.3576
0.3535
0.3592
0.3566
0.3797
0.2986
0.3375
0.324
0.3589
0.3423
0.3365
0.3525
0.3406
0.3196
0.3074
0.3226
0.3563
0.3707
0.336
0.3683
0.3634
0.3665
0.3717
0.3422
0.3628
0.3484
0.3719
0.3356
0.3358
0.3397
0.3447
0.3167
0.3215
0.3639
0.3502
0.3488
0.3377
0.3592
0.3545
0.3704
0.341
0.3353
0.3481
0.345
0.3399
0.331
0.3541
0.3675
0.3628
0.3309
0.3421
0.3159
0.3492
0.3272
0.3521
0.3264
0.3192
0.3419
0.3794
0.319
0.3533
0.353
0.3474
0.3258
0.345
0.3649
0.359
0.3744
0.3442
0.323
0.3743
0.3536
0.3287
0.3517
0.356
0.3374
0.3633
0.3992
0.3477
0.357
0.3468
0.3138
0.3519
0.368
0.2982
0.3448
0.3614
0.3383
0.3172
0.3494
0.3207
0.3062
0.343
0.3582
0.3443
0.3361
0.3469
0.3652
0.3261
0.3513
0.3203
0.37
0.3457
0.3469
0.3842
0.3499
0.3498
0.3511
0.3866
0.3543
0.2951
0.3277
0.3343
0.3171
0.2972
0.3596
0.3398
0.3011
0.3437
0.3166
0.3173
0.3462
0.3941
0.3588
0.3438
0.333
0.3475
0.331
0.312
0.3205
0.3277
0.3542
0.3524
0.3407
0.3556
0.3407
0.3295
0.3378
0.3484
0.3551
0.3685
0.3486
0.3127
0.3014
0.3283
0.3364
0.3425
0.3167
0.2918
0.3286
0.3268
0.3403
0.3748
0.3404
0.3267
0.3606
0.3513
0.3669
0.3426
0.3365
0.3414
0.2941
0.3344
0.3137
0.378
0.3631
0.3556
0.3401
0.369
0.317
0.3618
0.3421
0.368
0.3509
0.3423
0.3537
0.3632
0.308
0.3142
0.3416
0.3307
0.3043
0.3688
0.3477
0.315
0.3363
0.3159
0.3233
0.3386
0.3113
0.3135
0.3199
0.3388
0.3272
0.3665
0.3503
0.3157
0.3619
0.379
0.3434
0.3176
0.3707
0.3668
0.3223
0.3599
0.3741
0.3257
0.3505
0.3267
0.3615
0.3344
0.3424
0.3323
0.3534
0.3659
0.3439
0.3194
0.3629
0.3523
0.3605
0.3485
0.3221
0.3269
0.3438
0.3418
0.3364
0.3619
0.3687
0.3132
0.3332
0.3423
0.3659
0.3314
0.3188
0.3583
0.3466
0.3616
0.3592
0.359
0.3478
0.3484
0.3523
0.3266
0.3399
0.3172
0.3198
0.3302
0.3409
0.3523
0.3552
0.3372
0.3383
0.3122
0.3339
0.3342
0.33
0.3287
0.3285
0.3417
0.3159
0.3135
0.3598
0.3736
0.337
0.3732
0.3521
0.3482
0.31
0.3004
0.3257
0.3364
0.3325
0.3411
0.3412
0.342
0.3716
0.34
0.371
0.34
0.3597
0.3845
0.3443
0.3416
0.3439
0.3659
0.3548
0.3535
0.3367
0.3554
0.3503
0.3327
0.3191
0.3317
0.3618
0.3465
0.3231
0.3567
0.3354
0.3429
0.3195
0.341
0.359
0.3448
0.3638
0.3437
0.3453
0.3454
0.3398
0.3534
0.3278
0.3753
0.3741
0.3595
0.3543
0.3129
0.3654
0.3463
0.3597
0.3365
0.3311
0.3452
0.3349
0.3496
0.3475
0.3387
0.3727
0.3504
0.3224
0.3127
0.3348
0.3382
0.3379
0.3599
0.3642
0.3161
0.3233
0.3514
0.3524
0.3518
0.3248
0.3504
0.3392
0.3464
0.3142
0.3495
0.3465
0.3396
0.3386
0.3628
0.3583
0.3423
0.352
0.3414
0.3227
0.3533
0.3572
0.3469
0.3417
0.3514
0.3544
0.3564
0.324
0.3516
0.3653
0.3467
0.3373
0.3457
0.3692
0.3524
0.3531
0.3485
0.313
0.3612
0.3159
0.312
0.3236
0.3466
0.3498
0.3372
0.3665
0.3373
0.3716
0.3454
0.3386
0.3606
0.3662
0.3776
0.3408
0.3436
0.3341
0.3587
0.3271
0.3391
0.3762
0.3411
0.3757
0.3246
0.3627
0.3466
0.3454
0.3986
0.3266
0.3536
0.3821
0.3389
0.3472
0.3141
0.351
0.3545
0.3228
0.3538
0.3678
0.3527
0.3238
0.3088
0.3597
0.3922
0.3493
0.3562
0.3691
0.3386
0.3351
0.3583
0.3026
0.3585
0.3513
0.3678
0.3507
0.3784
0.3403
0.3794
0.3132
0.3521
0.3356
0.368
0.3342
0.3171
0.341
0.3068
0.3448
0.3172
0.3519
0.3498
0.3524
0.3297
0.3501
0.3659
0.3718
0.3401
0.3633
0.3471
0.3464
0.3545
0.3482
0.3386
0.3526
0.3423
0.3067
0.3548
0.3299
0.3357
0.3475
0.3005
0.3129
0.3378
0.3362
0.326
0.3478
0.3459
0.3115
0.3486
0.3469
0.3615
0.3494
0.3684
0.343
0.3581
0.3633
0.3625
0.3534
0.3482
0.3324
0.3579
0.3435
0.3139
0.278
0.3429
0.3487
0.3477
0.3451
0.3443
0.3363
0.3078
0.3974
0.3353
0.3604
0.3694
0.3465
0.3551
0.3567
0.3246
0.3658
0.3422
0.3365
0.3696
0.331
0.351
0.3602
0.3472
0.3529
0.3333
0.381
0.346
0.3077
0.3323
0.3313
0.3502
0.3505
0.3394
0.3685
0.3453
0.3451
0.3501
0.3396
0.3266
0.3753
0.3661
0.3446
0.3747
0.3437
0.3366
0.3367
0.3385
0.3285
0.3405
0.3375
0.3592
0.3104
0.3482
0.3668
0.3268
0.3106
0.3055
0.3451
0.3326
0.3537
0.3406
0.3336
0.3222
0.355
0.3437
0.3187
0.3458
0.3509
0.3293
0.3419
0.3156
0.3563
0.3553
0.365
0.3758
0.3199
0.3503
0.3503
0.3384
0.3651
0.3887
0.3728
0.3457
0.3418
0.3503
0.3456
0.3392
0.3356
0.3302
0.3438
0.3386
0.3736
0.345
0.3263
0.3602
0.3473
0.324
0.316
0.3441
0.3465
0.3411
0.3634
0.3357
0.3477
0.3184
0.2802
0.3188
0.3245
0.3375
0.325
0.3467
0.3239
0.3125
0.3883
0.3474
0.3676
0.3189
0.3446
0.3602
0.3719
0.3411
0.3538
0.362
0.3253
0.3261
0.3228
0.3607
0.333
0.3283
0.3378
0.3198
0.3538
0.3236
0.341
0.3411
0.3428
0.3615
0.3331
0.3083
0.3201
0.3466
0.366
0.3444
0.3492
0.3503
0.3673
0.3503
0.344
0.3454
0.3552
0.3398
0.3556
0.3137
0.3367
0.3479
0.3389
0.3614
0.3521
0.3465
0.3809
0.2904
0.365
0.3862
0.3482
0.3591
0.3517
0.368
0.3132
0.3625
0.3621
0.3457
0.3422
0.302
0.3554
0.3619
0.3611
0.3356
0.3485
0.3789
0.3501
0.3219
0.3414
0.3497
0.3281
0.3614
0.3587
0.3593
0.332
0.3238
0.3441
0.3071
0.357
0.345
0.3255
0.3568
0.3478
0.3538
0.3571
0.3774
0.3556
0.3493
0.3619
0.3426
0.3173
0.3313
0.3553
0.3526
0.3675
0.3328
0.3687
0.3083
0.3053
0.3351
0.3787
0.3325
0.3426
0.3502
0.3454
0.3163
0.3016
0.3543
0.3415
0.3323
0.3311
0.3595
0.3487
0.3377
0.3517
0.3718
0.3612
0.3363
0.3132
0.3656
0.3291
0.345
0.3391
0.3651
0.3874
0.3985
0.3749
0.3589
0.363
0.3967
0.3535
0.3628
0.3967
0.3829
0.3941
0.3532
0.3467
0.3668
0.3227
0.376
0.3979
0.3488
0.3529
0.394
0.346
0.387
0.3808
0.386
0.391
0.3984
0.3974
0.3559
0.3391
0.3858
0.3641
0.3331
0.3922
0.3967
0.3913
0.3912
0.366
0.393
0.3222
0.3986
0.3969
0.3812
0.4
0.3918
0.3973
0.3642
0.3807
0.3804
0.396
0.3702
0.3783
0.3465
0.3355
0.3928
0.3893
0.3874
0.3627
0.3808
0.392
0.3441
0.3732
0.3459
0.3269
0.3959
0.3454
0.3975
0.3888
0.3936
0.3339
0.3653
0.3748
0.3743
0.3348
0.3959
0.3519
0.3988
0.3931
0.3457
0.3459
0.3948
0.3879
0.3952
0.3221
0.3517
0.3531
0.3638
0.3665
0.3464
0.3696
0.3829
0.3604
0.3913
0.3557
0.347
0.395
0.3561
0.3861
0.3648
0.39
0.3895
0.3935
0.3984
0.3981
0.3986
0.3835
0.382
0.3539
0.3791
0.3938
0.3828
0.3289
0.3753
0.3967
0.3874
0.3785
0.3845
0.3722
0.3288
0.3803
0.3967
0.3941
0.399
0.3789
0.3945
0.393
0.3895
0.3978
0.3859
0.3863
0.3547
0.3712
0.3983
0.3178
0.3462
0.3589
0.3675
0.3687
0.3797
0.384
0.3947
0.3946
0.378
0.3791
0.3693
0.3988
0.389
0.3701
0.3985
0.3901
0.3674
0.3792
0.3786
0.3939
0.3833
0.3828
0.3661
0.3878
0.3985
0.382
0.3934
0.347
0.3875
0.3714
0.3727
0.3861
0.3965
0.3939
0.3283
0.3578
0.3881
0.3836
0.3547
0.3834
0.3959
0.3735
0.3566
0.3505
0.3906
0.3993
0.3893
0.3751
0.3885
0.3796
0.3903
0.3908
0.3406
0.398
0.393
0.3972
0.3911
0.3955
0.326
0.3952
0.3618
0.3874
0.3886
0.3903
0.3635
0.372
0.3591
0.3885
0.3975
0.3856
0.3484
0.3804
0.3936
0.3953
0.3942
0.3773
0.3899
0.3932
0.3859
0.3935
0.3566
0.3962
0.3519
0.3923
0.3979
0.3877
0.38
0.3869
0.395
0.3885
0.3563
0.3486
0.3742
0.3984
0.3982
0.3976
0.3973
0.3966
0.3734
0.3493
0.3979
0.3933
0.3711
0.392
0.3953
0.3973
0.3809
0.3788
0.3578
0.38
0.3933
0.397
0.3987
0.3869
0.3835
0.3972
0.383
0.3975
0.3025
0.3946
0.3987
0.3923
0.3836
0.3813
0.3936
0.3911
0.3892
0.3455
0.3977
0.3674
0.3896
0.3977
0.3967
0.3952
0.3761
0.3828
0.3467
0.3574
0.3771
0.387
0.3998
0.391
0.3952
0.3496
0.3893
0.3989
0.3683
0.3906
0.3885
0.3989
0.3913
0.3736
0.3878
0.3963
0.3779
0.3742
0.3533
0.3503
0.3986
0.3927
0.3831
0.3811
0.384
0.3755
0.359
0.392
0.3704
0.3572
0.3888
0.3879
0.3756
0.3464
0.398
0.3923
0.3894
0.382
0.3179
0.3586
0.3945
0.3968
0.3938
0.3752
0.3526
0.3745
0.3597
0.3426
0.3495
0.379
0.3829
0.3569
0.3884
0.3954
0.3965
0.3284
0.3735
0.3952
0.3675
0.3874
0.3988
0.3566
0.3379
0.3536
0.3957
0.3754
0.3978
0.3926
0.3854
0.3976
0.3579
0.3593
0.3785
0.3927
0.3901
0.3638
0.398
0.362
0.3465
0.3883
0.399
0.3957
0.3801
0.3981
0.3741
0.3851
0.3981
0.3142
0.3524
0.361
0.3693
0.3988
0.3766
0.3852
0.3238
0.3953
0.3853
0.3658
0.3857
0.3875
0.3971
0.3803
0.3973
0.3972
0.398
0.38
0.323
0.3994
0.39
0.3638
0.3947
0.3915
0.3936
0.3793
0.3928
0.3851
0.3969
0.3984
0.3945
0.384
0.3549
0.3878
0.3695
0.3853
0.3993
0.3971
0.37
0.399
0.3974
0.3894
0.3862
0.3583
0.3797
0.3633
0.3281
0.337
0.3988
0.3922
0.354
0.3921
0.363
0.3607
0.3557
0.3368
0.387
0.3993
0.3736
0.3537
0.3969
0.2937
0.3671
0.336
0.3965
0.3872
0.3109
0.3896
0.3611
0.3864
0.3951
0.3435
0.3533
0.3773
0.3676
0.3966
0.3445
0.3969
0.3376
0.3765
0.3719
0.3847
0.3826
0.3701
0.3979
0.3674
0.3819
0.3984
0.3916
0.3448
0.3941
0.349
0.3593
0.3961
0.3956
0.3539
0.3192
0.392
0.3904
0.3854
0.383
0.3495
0.3912
0.3696
0.3912
0.3803
0.3404
0.3098
0.3827
0.3295
0.3914
0.3916
0.3718
0.3899
0.3987
0.3789
0.3923
0.3723
0.3266
0.3761
0.3651
0.3816
0.3964
0.3844
0.3635
0.3954
0.3784
0.3929
0.3406
0.3863
0.3897
0.3924
0.3943
0.3405
0.3497
0.3971
0.3957
0.3666
0.3942
0.3926
0.3487
0.3706
0.3414
0.3924
0.3884
0.39
0.3868
0.37
0.3946
0.3931
0.3887
0.3467
0.37
0.353
0.3984
0.3661
0.3956
0.3837
0.3908
0.3593
0.3392
0.3395
0.3323
0.3818
0.3266
0.3633
0.3978
0.3947
0.3335
0.3958
0.3515
0.3729
0.3939
0.3973
0.3883
0.3563
0.3734
0.3014
0.3298
0.3689
0.3741
0.3416
0.3967
0.3534
0.3921
0.3596
0.3912
0.3731
0.3865
0.3967
0.3576
0.3826
0.3895
0.3957
0.3983
0.3951
0.3679
0.382
0.3942
0.38
0.3994
0.3807
0.3898
0.3944
0.3915
0.3869
0.3994
0.3461
0.3907
0.3953
0.3898
0.3442
0.3869
0.3538
0.371
0.3965
0.3971
0.394
0.3763
0.3972
0.3775
0.3871
0.3593
0.3995
0.3517
0.3801
0.3933
0.3884
0.3714
0.3906
0.3968
0.3894
0.3795
0.3807
0.3789
0.3798
0.3901
0.3887
0.3569
0.3904
0.3903
0.3904
0.3636
0.392
0.397
0.329
0.3698
0.3935
0.3933
0.3487
0.3913
0.3965
0.3904
0.3975
0.3719
0.3852
0.3508
0.3907
0.3751
0.3753
0.3954
0.3928
0.3904
0.3915
0.3899
0.3653
0.3882
0.3978
0.3989
0.3689
0.3989
0.3755
0.3962
0.3743
0.3869
0.3982
0.3879
0.3596
0.3592
0.3933
0.3924
0.3848
0.3951
0.397
0.3952
0.3964
0.3762
0.3551
0.3629
0.3244
0.3867
0.3891
0.3732
0.3937
0.3858
0.3624
0.3891
0.3815
0.3646
0.3889
0.378
0.3872
0.3668
0.3934
0.3746
0.3477
0.3439
0.3732
0.377
0.3508
0.377
0.3896
0.3781
0.3857
0.3933
0.3689
0.3679
0.3975
0.3955
0.3889
0.3896
0.3952
0.3587
0.391
0.3914
0.387
0.3547
0.3157
0.3851
0.3652
0.3976
0.3921
0.3285
0.3978
0.3951
0.3594
0.3917
0.3968
0.3986
0.3906
0.3917
0.3217
0.3893
0.3978
0.3904
0.3914
0.3928
0.3901
0.3873
0.398
0.3965
0.3862
0.3727
0.3778
0.3249
0.3605
0.3401
0.3899
0.3541
0.366
0.3877
0.3793
0.3972
0.3936
0.372
0.3816
0.3989
0.3811
0.3713
0.3841
0.3915
0.3683
0.3985
0.3596
0.3979
0.3819
0.3982
0.37
0.39
0.3673
0.3598
0.3816
0.3978
0.3996
0.3835
0.3945
0.3585
0.33
0.353
0.3918
0.3675
0.3961
0.3886
0.3442
0.3943
0.3676
0.3752
0.3952
0.3529
0.3471
0.3912
0.3892
0.3591
0.3577
0.3733
0.3471
0.3789
0.3999
0.3968
0.367
0.3831
0.3971
0.3915
0.3951
0.3918
0.3814
0.3978
0.3925
0.3202
0.3921
0.3754
0.3822
0.3896
0.3565
0.3774
0.3884
0.3707
0.3951
0.3614
0.3966
0.3905
0.3708
0.3701
0.3692
0.394
0.3948
0.3987
0.3847
0.3953
0.3873
0.3784
0.3786
0.3916
0.3821
0.3708
0.3925
0.3981
0.363
0.3877
0.3757
0.3989
0.3417
0.3844
0.3396
0.3788
0.3964
0.3505
0.391
0.3349
0.3664
0.372
0.3971
0.3796
0.3615
0.3507
0.3416
0.3702
0.3915
0.337
0.3933
0.3456
0.3646
0.3906
0.3854
0.387
0.3946
0.3783
0.3964
0.3958
0.3406
0.3943
0.369
0.3945
0.3659
0.3965
0.3965
0.3333
0.3946
0.3616
0.3751
0.3654
0.3939
0.3851
0.3777
0.3981
0.3939
0.3788
0.3779
0.3571
0.3685
0.3991
0.3194
0.3885
0.3725
0.3966
0.3775
0.3929
0.392
0.3855
0.368
0.3995
0.3333
0.3988
0.3877
0.3906
0.3989
0.3797
0.3825
0.3945
0.3688
0.3994
0.3814
0.3988
0.3811
0.362
0.3951
0.3654
0.3932
0.386
0.3475
0.3606
0.3284
0.3176
0.3872
0.3863
0.3698
0.3465
0.3726
0.3537
0.3422
0.3582
0.398
0.397
0.3934
0.3547
0.3847
0.3953
0.3583
0.3851
0.3909
0.3894
0.3788
0.3965
0.3916
0.3729
0.3889
0.3945
0.3965
0.3943
0.3605
0.3936
0.3972
0.3834
0.39
0.395
0.3646
0.3914
0.3924
0.3926
0.3943
0.3911
0.364
0.3959
0.3899
0.3901
0.3419
0.3845
0.356
0.3612
0.3671
0.3991
0.3985
0.394
0.3919
0.3293
0.3953
0.3959
0.377
0.399
0.3918
0.3696
0.3868
0.3248
0.3606
0.3386
0.3808
0.3781
0.3881
0.3914
0.3575
0.3781
0.363
0.3831
0.3896
0.3835
0.3632
0.3733
0.3873
0.3978
0.3548
0.3592
0.3853
0.3941
0.3806
0.3404
0.3122
0.3664
0.39
0.3336
0.3381
0.3748
0.3699
0.3627
0.3368
0.3946
0.3942
0.3747
0.3478
0.3916
0.3974
0.3818
0.3948
0.3815
0.3992
0.3814
0.3987
0.3922
0.3355
0.3454
0.3694
NA
NA
NA
NA
NA
NA
NA
NA
NA
NA
NA
NA
NA
NA
NA
NA
NA
NA
NA
NA
NA
NA
NA
NA
NA
NA
NA
NA
NA
NA
NA
NA
NA
NA
NA
NA
NA
NA
NA
NA
NA
NA
NA
NA
NA
NA
NA
NA
NA
NA
NA
NA
NA
NA
NA
NA
NA
NA
NA
NA
NA
NA
NA
NA
NA
NA
NA
NA
NA
NA
NA
NA
NA
NA
NA
NA
NA
NA
NA
NA
NA
NA
NA
NA
NA
NA
NA
NA
NA
NA
NA
NA
NA
NA
NA
NA
NA
NA
NA
NA
NA
NA
NA
NA
NA
NA
NA
NA
NA
NA
NA
NA
NA
NA
NA
NA
NA
NA
NA
NA
NA
NA
NA
NA
NA
NA
NA
NA
NA
NA
NA
NA
NA
NA
NA
NA
NA
NA
NA
NA
NA
NA
NA
NA
NA
NA
NA
NA
NA
NA
NA
NA
NA
NA
NA
NA
NA
NA
NA
NA
NA
NA
NA
NA
NA
NA
NA
NA
NA
NA
NA
NA
NA
NA
NA
NA
NA
NA
NA
NA
NA
NA
NA
NA
NA
NA
NA
NA
NA
NA
NA
NA
NA
NA
NA
NA
NA
NA
NA
NA
NA
NA
NA
NA
NA
NA
NA
NA
NA
NA
NA
NA
NA
NA
NA
NA
NA
NA
NA
NA
NA
NA
NA
NA
NA
NA
NA
NA
NA
NA
NA
NA
NA
NA
NA
NA
NA
NA
NA
NA
NA
NA
NA
NA
NA
NA
NA
NA
NA
NA
NA
NA
NA
NA
NA
NA
NA
NA
NA
NA
NA
NA
NA
NA
NA
NA
NA
NA
NA
NA
NA
NA
NA
NA
NA
NA
NA
NA
NA
NA
NA
NA
NA
NA
NA
NA
NA
NA
NA
NA
NA
NA
NA
NA
NA
NA
NA
NA
NA
NA
NA
NA
NA
NA
NA
NA
NA
NA
NA
NA
NA
NA
NA
NA
NA
NA
NA
NA
NA
NA
NA
NA
NA
NA
NA
NA
NA
NA
NA
NA
NA
NA
NA
NA
NA
NA
NA
NA
NA
NA
NA
NA
NA
NA
NA
NA
NA
NA
NA
NA
NA
NA
NA
NA
NA
NA
NA
NA
NA
NA
NA
NA
NA
NA
NA
NA
NA
NA
NA
NA
NA
NA
NA
NA
NA
NA
NA
NA
NA
NA
NA
NA
NA
NA
NA
NA
NA
NA
NA
NA
NA
NA
NA
NA
NA
NA
NA
NA
NA
NA
NA
NA
NA
NA
NA
NA
NA
NA
NA
NA
NA
NA
NA
NA
NA
NA
NA
NA
NA
NA
NA
NA
NA
NA
NA
NA
NA
NA
NA
NA
NA
NA
NA
NA
NA
NA
NA
NA
NA
NA
NA
NA
NA
NA
NA
NA
NA
NA
NA
NA
NA
NA
NA
NA
NA
NA
NA
NA
NA
NA
NA
NA
NA
NA
NA
NA
NA
NA
NA
NA
NA
NA
NA
NA
NA
NA
NA
NA
NA
NA
NA
NA
NA
NA
NA
NA
NA
NA
NA
NA
NA
NA
NA
NA
NA
NA
NA
NA
NA
NA
NA
NA
NA
NA
NA
NA
NA
NA
NA
NA
NA
NA
NA
NA
NA
NA
NA
NA
NA
NA
NA
NA
NA
NA
NA
NA
NA
NA
NA
NA
NA
NA
NA
NA
NA
NA
NA
NA
NA
NA
NA
NA
NA
NA
NA
NA
NA
NA
NA
NA
NA
NA
NA
NA
NA
NA
NA
NA
NA
NA
NA
NA
NA
NA
NA
NA
NA
NA
NA
NA
NA
NA
NA
NA
NA
NA
NA
NA
NA
NA
NA
NA
NA
NA
NA
NA
NA
NA
NA
NA
NA
NA
NA
NA
NA
NA
NA
NA
NA
NA
NA
NA
NA
NA
NA
NA
NA
NA
NA
NA
NA
NA
NA
NA
NA
NA
NA
NA
NA
NA
NA
NA
NA
NA
NA
NA
NA
NA
NA
NA
NA
NA
NA
NA
NA
NA
NA
NA
NA
NA
NA
NA
NA
NA
NA
NA
NA
NA
NA
NA
NA
NA
NA
NA
NA
NA
NA
NA
NA
NA
NA
NA
NA
NA
NA
NA
NA
NA
NA
NA
NA
NA
NA
NA
NA
NA
NA
NA
NA
NA
NA
NA
NA
NA
NA
NA
NA
NA
NA
NA
NA
NA
NA
NA
NA
NA
NA
NA
NA
NA
NA
NA
NA
NA
NA
NA
NA
NA
NA
NA
NA
NA
NA
NA
NA
NA
NA
NA
NA
NA
NA
NA
NA
NA
NA
NA
NA
NA
NA
NA
NA
NA
NA
NA
NA
NA
NA
NA
NA
NA
NA
NA
NA
NA
NA
NA
NA
NA
NA
NA
NA
NA
NA
NA
NA
NA
NA
NA
NA
NA
NA
NA
NA
NA
NA
NA
NA
NA
NA
NA
NA
NA
NA
NA
NA
NA
NA
NA
NA
NA
NA
NA
NA
NA
NA
NA
NA
NA
NA
NA
NA
NA
NA
NA
NA
NA
NA
NA
NA
NA
NA
NA
NA
NA
NA
NA
NA
NA
NA
NA
NA
NA
NA
NA
NA
NA
NA
NA
NA
NA
NA
NA
NA
NA
NA
NA
NA
NA
NA
NA
NA
NA
NA
NA
NA
NA
NA
NA
NA
NA
NA
NA
NA
NA
NA
NA
NA
NA
NA
NA
NA
NA
NA
NA
NA
NA
NA
NA
NA
NA
NA
NA
NA
NA
NA
NA
NA
NA
NA
NA
NA
NA
NA
NA
NA
NA
NA
NA
NA
NA
NA
NA
NA
NA
NA
NA
NA
NA
NA
NA
NA
NA
NA
NA
NA
NA
NA
NA
NA
NA
NA
NA
NA
NA
NA
NA
NA
NA
NA
NA
NA
NA
NA
NA
NA
NA
NA
NA
NA
NA
NA
NA
NA
NA
NA
NA
NA
NA
NA
NA
NA
NA
NA
NA
NA
NA
NA
NA
NA
NA
NA
NA
NA
NA
NA
NA
NA
NA
NA
NA
NA
NA
NA
NA
NA
NA
NA
NA
NA
NA
NA
NA
NA
NA
NA
NA
NA
NA
NA
NA
NA
NA
NA
NA
NA
NA
NA
NA
NA
NA
NA
NA
NA
NA
NA
NA
NA
NA
NA
NA
NA
NA
NA
NA
NA
NA
NA
NA
NA
NA
NA
NA
NA
NA
NA
NA
NA
NA
NA
NA
NA
NA
NA
NA
NA
NA
NA
NA
NA
NA
NA
NA
NA
NA
NA
NA
NA
NA
NA
NA
NA
NA
NA
NA
NA
NA
NA
NA
NA
NA
NA
NA
NA
NA
NA
NA
NA
NA
NA
NA
NA
NA
NA
NA
NA
NA
NA
NA
NA
NA
NA
NA
NA
NA
NA
NA
NA
NA
NA
NA
NA
NA
NA
NA
NA
NA
NA
NA
NA
NA
NA
NA
NA
NA
NA
NA
NA
NA
NA
NA
NA
NA
NA
NA
NA
NA
NA
NA
NA
NA
NA
NA
NA
NA
NA
NA
NA
NA
NA
NA
NA
NA
NA
NA
NA
NA
NA
NA
NA
NA
NA
NA
NA
NA
NA
NA
NA
NA
NA
NA
NA
NA
NA
NA
NA
NA
NA
NA
NA
NA
NA
NA
NA
NA
NA
NA
NA
NA
NA
NA
NA
NA
NA
NA
NA
NA
NA
NA
NA
NA
NA
NA
NA
NA
NA
NA
NA
NA
NA
NA
NA
NA
NA
NA
NA
NA
NA
NA
NA
NA
NA
NA
NA
NA
NA
NA
NA
NA
NA
NA
NA
NA
NA
NA
NA
NA
NA
NA
NA
NA
NA
NA
NA
NA
NA
NA
NA
NA
NA
NA
NA
NA
NA
NA
NA
NA
NA
NA
NA
NA
NA
NA
NA
NA
NA
NA
NA
NA
NA
NA
NA
NA
NA
NA
NA
NA
NA
NA
NA
NA
NA
NA
NA
NA
NA
NA
NA
NA
NA
NA
NA
NA
NA
NA
NA
NA
NA
NA
NA
NA
NA
NA
NA
NA
NA
NA
NA
NA
NA
NA
NA
NA
NA
NA
NA
NA
NA
NA
NA
NA
NA
NA
NA
NA
NA
NA
NA
NA
NA
NA
NA
NA
NA
NA
NA
NA
NA
NA
NA
NA
NA
NA
NA
NA
NA
NA
NA
NA
NA
NA
NA
NA
NA
NA
NA
NA
NA
NA
NA
NA
NA
NA
NA
NA
NA
NA
NA
NA
NA
NA
NA
NA
NA
NA
NA
NA
NA
NA
NA
NA
NA
NA
NA
NA
NA
NA
NA
NA
NA
NA
NA
NA
NA
NA
NA
NA
NA
NA
NA
NA
NA
NA
NA
NA
NA
NA
NA
NA
NA
NA
NA
NA
NA
NA
NA
NA
NA
NA
NA
NA
NA
NA
NA
NA
NA
NA
NA
NA
NA
NA
NA
NA
NA
NA
NA
NA
NA
NA
NA
NA
NA
NA
NA
NA
NA
NA
NA
NA
NA
NA
NA
NA
NA
NA
NA
NA
NA
NA
NA
NA
NA
NA
NA
NA
NA
NA
NA
NA
NA
NA
NA
NA
NA
NA
NA
NA
NA
NA
NA
NA
NA
NA
NA
NA
NA
NA
NA
NA
NA
NA
NA
NA
NA
NA
NA
NA
NA
NA
NA
NA
NA
NA
NA
NA
NA
NA
NA
NA
NA
NA
NA
NA
NA
NA
NA
NA
NA
NA
NA
NA
NA
NA
NA
NA
NA
NA
NA
NA
NA
NA
NA
NA
NA
NA
NA
NA
NA
NA
NA
NA
NA
NA
NA
NA
NA
NA
NA
NA
NA
NA
NA
NA
NA
NA
NA
NA
NA
NA
NA
NA
NA
NA
NA
NA
NA
NA
NA
NA
NA
NA
NA
NA
NA
NA
NA
NA
NA
NA
NA
NA
NA
NA
NA
NA
NA
NA
NA
NA
NA
NA
NA
NA
NA
NA
NA
NA
NA
NA
NA
NA
NA
NA
NA
NA
NA
NA
NA
NA
NA
NA
NA
NA
NA
NA
NA
NA
NA
NA
NA
NA
NA
NA
NA
NA
NA
NA
NA
NA
NA
NA
NA
NA
NA
NA
NA
NA
NA
NA
NA
NA
NA
NA
NA
NA
NA
NA
NA
NA
NA
NA
NA
NA
NA
NA
NA
NA
NA
NA
NA
NA
NA
NA
NA
NA
NA
NA
NA
NA
NA
NA
NA
NA
NA
NA
NA
NA
NA
NA
NA
NA
NA
NA
NA
NA
NA
NA
NA
NA
NA
NA
NA
NA
NA
NA
NA
NA
NA
NA
NA
NA
NA
NA
NA
NA
NA
NA
NA
NA
NA
NA
NA
NA
NA
NA
NA
NA
NA
NA
NA
NA
NA
NA
NA
NA
NA
NA
NA
NA
NA
NA
NA
NA
NA
NA
NA
NA
NA
NA
NA
NA
NA
NA
NA
NA
NA
NA
NA
NA
NA
NA
NA
NA
NA
NA
NA
NA
NA
NA
NA
NA
NA
NA
NA
NA
NA
NA
NA
NA
NA
NA
NA
NA
NA
NA
NA
NA
NA
NA
NA
NA
NA
NA
NA
NA
NA
NA
NA
NA
NA
NA
NA
NA
NA
NA
NA
NA
NA
NA
NA
NA
NA
NA
NA
NA
NA
NA
NA
NA
NA
NA
NA
NA
NA
NA
NA
NA
NA
NA
NA
NA
NA
NA
NA
NA
NA
NA
NA
NA
NA
NA
NA
NA
NA
NA
NA
NA
NA
NA
NA
NA
NA
NA
NA
NA
NA
NA
NA
NA
NA
NA
NA
NA
NA
NA
NA
NA
NA
NA
NA
NA
NA
NA
NA
NA
NA
NA
NA
NA
NA
NA
NA
NA
NA
NA
NA
NA
NA
NA
NA
NA
NA
NA
NA
NA
NA
NA
NA
NA
NA
NA
NA
NA
NA
NA
NA
NA
NA
NA
NA
NA
NA
NA
NA
NA
NA
NA
NA
NA
NA
NA
NA
NA
NA
NA
NA
NA
NA
NA
NA
NA
NA
NA
NA
NA
NA
NA
NA
NA
NA
NA
NA
NA
NA
NA
NA
NA
NA
NA
NA
NA
NA
NA
NA
NA
NA
NA
NA
NA
NA
NA
NA
NA
NA
NA
NA
NA
NA
NA
NA
NA
NA
NA
NA
NA
NA
NA
NA
NA
NA
NA
NA
NA
NA
NA
NA
NA
NA
NA
NA
NA
NA
NA
NA
NA
NA
NA
NA
NA
NA
NA
NA
NA
NA
NA
NA
NA
NA
NA
NA
NA
NA
NA
NA
NA
NA
NA
NA
NA
NA
NA
NA
NA
NA
NA
NA
NA
NA
NA
NA
NA
NA
NA
NA
NA
NA
NA
NA
NA
NA
NA
NA
NA
NA
NA
NA
NA
NA
NA
NA
NA
NA
NA
NA
NA
NA
NA
NA
NA
NA
NA
NA
NA
NA
NA
NA
NA
NA
NA
NA
NA
NA
NA
NA
NA
NA
NA
NA
NA
NA
NA
NA
NA
NA
NA
NA
NA
NA
NA
NA
NA
NA
NA
NA
NA
NA
NA
NA
NA
NA
NA
NA
NA
NA
NA
NA
NA
NA
NA
NA
NA
NA
NA
NA
NA
NA
NA
NA
NA
NA
NA
NA
NA
NA
NA
NA
NA
NA
NA
NA
NA
NA
NA
NA
NA
NA
NA
NA
NA
NA
NA
NA
NA
NA
NA
NA
NA
NA
NA
NA
NA
NA
NA
NA
NA
NA
NA
NA
NA
NA
NA
NA
NA
NA
NA
NA
NA
NA
NA
NA
NA
NA
NA
NA
NA
NA
NA
NA
NA
NA
NA
NA
NA
NA
NA
NA
NA
NA
NA
NA
NA
NA
NA
NA
NA
NA
NA
NA
NA
NA
NA
NA
NA
NA
NA
NA
NA
NA
NA
NA
NA
NA
NA
NA
NA
NA
NA
NA
NA
NA
NA
NA
NA
NA
NA
NA
NA
NA
NA
NA
NA
NA
NA
NA
NA
NA
NA
NA
NA
NA
NA
NA
NA
NA
NA
NA
NA
NA
NA
NA
NA
NA
NA
NA
NA
NA
NA
NA
NA
NA
NA
NA
NA
NA
NA
NA
NA
NA
NA
NA
NA
NA
NA
NA
NA
NA
NA
NA
NA
NA
NA
NA
NA
NA
NA
NA
NA
NA
NA
NA
NA
NA
NA
NA
NA
NA
NA
NA
NA
NA
NA
NA
NA
NA
NA
NA
NA
NA
NA
NA
NA
NA
NA
NA
NA
NA
NA
NA
NA
NA
NA
NA
NA
NA
NA
NA
NA
NA
NA
NA
NA
NA
NA
NA
NA
NA
NA
NA
NA
NA
NA
NA
NA
NA
NA
NA
NA
NA
NA
NA
NA
NA
NA
NA
NA
NA
NA
NA
NA
NA
NA
NA
NA
NA
NA
NA
NA
NA
NA
NA
NA
NA
NA
NA
NA
NA
NA
NA
NA
NA
NA
NA
NA
NA
NA
NA
NA
NA
NA
NA
NA
NA
NA
NA
NA
NA
NA
NA
NA
NA
NA
NA
NA
NA
NA
NA
NA
NA
NA
NA
NA
NA
NA
NA
NA
NA
NA
NA
NA
NA
NA
NA
NA
NA
NA
NA
NA
NA
NA
NA
NA
NA
NA
NA
NA
NA
NA
NA
NA
NA
NA
NA
NA
NA
NA
NA
NA
NA
NA
NA
NA
NA
NA
NA
NA
NA
NA
NA
NA
NA
NA
NA
NA
NA
NA
NA
NA
NA
NA
NA
NA
NA
NA
NA
NA
NA
NA
NA
NA
NA
NA
NA
NA
NA
NA
NA
NA
NA
NA
NA
NA
NA
NA
NA
NA
NA
NA
NA
NA
NA
NA
NA
NA
NA
NA
NA
NA
NA
NA
NA
NA
NA
NA
NA
NA
NA
NA
NA
NA
NA
NA
NA
NA
NA
NA
NA
NA
NA
NA
NA
NA
NA
NA
NA
NA
NA
NA
NA
NA
NA
NA
NA
NA
NA
NA
NA
NA
NA
NA
NA
NA
NA
NA
NA
NA
NA
NA
NA
NA
NA
NA
NA
NA
NA
NA
NA
NA
NA
NA
NA
NA
NA
NA
NA
NA
NA
NA
NA
NA
NA
NA
NA
NA
NA
NA
NA
NA
NA
NA
NA
NA
NA
NA
NA
NA
NA
NA
NA
NA
NA
NA
NA
NA
NA
NA
NA
NA
NA
NA
NA
NA
NA
NA
NA
NA
NA
NA
NA
NA
NA
NA
NA
NA
NA
NA
NA
NA
NA
NA
NA
NA
NA
NA
NA
NA
NA
NA
NA
NA
NA
NA
NA
NA
NA
NA
NA
NA
NA
NA
NA
NA
NA
NA
NA
NA
NA
NA
NA
NA
NA
NA
NA
NA
NA
NA
NA
NA
NA
NA
NA
NA
NA
NA
NA
NA
NA
NA
NA
NA
NA
NA
NA
NA
NA
NA
NA
NA
NA
NA
NA
NA
NA
NA
NA
NA
NA
NA
NA
NA
NA
NA
NA
NA
NA
NA
NA
NA
NA
NA
NA
NA
NA
NA
NA
NA
NA
NA
NA
NA
NA
NA
NA
NA
NA
NA
NA
NA
NA
NA
NA
NA
NA
NA
NA
NA
NA
NA
NA
NA
NA
NA
NA
NA
NA
NA
NA
NA
NA
NA
NA
NA
NA
NA
NA
NA
NA
NA
NA
NA
NA
NA
NA
NA
NA
NA
NA
NA
NA
NA
NA
NA
NA
NA
NA
NA
NA
NA
NA
NA
NA
NA
NA
NA
NA
NA
NA
NA
NA
NA
NA
NA
NA
NA
NA
NA
NA
NA
NA
NA
NA
NA
NA
NA
NA
NA
NA
NA
NA
NA
NA
NA
NA
NA
NA
NA
NA
NA
NA
NA
NA
NA
NA
NA
NA
NA
NA
NA
NA
NA
NA
NA
NA
NA
NA
NA
NA
NA
NA
NA
NA
NA
NA
NA
NA
NA
NA
NA
NA
NA
NA
NA
NA
NA
NA
NA
NA
NA
NA
NA
NA
NA
NA
NA
NA
NA
NA
NA
NA
NA
NA
NA
NA
NA
NA
NA
NA
NA
NA
NA
NA
NA
NA
NA
NA
NA
NA
NA
NA
NA
NA
NA
NA
NA
NA
NA
NA
NA
NA
NA
NA
NA
NA
NA
NA
NA
NA
NA
NA
NA
NA
NA
NA
NA
NA
NA
NA
NA
NA
NA
NA
NA
NA
NA
NA
NA
NA
NA
NA
NA
NA
NA
NA
NA
NA
NA
NA
NA
NA
NA
NA
NA
NA
NA
NA
NA
NA
NA
NA
NA
NA
NA
NA
NA
NA
NA
NA
NA
NA
NA
NA
NA
NA
NA
NA
NA
NA
NA
NA
NA
NA
NA
NA
NA
NA
NA
NA
NA
NA
NA
NA
NA
NA
NA
NA
NA
NA
NA
NA
NA
NA
NA
NA
NA
NA
NA
NA
NA
NA
NA
NA
NA
NA
NA
NA
NA
NA
NA
NA
NA
NA
NA
NA
NA
NA
NA
NA
NA
NA
NA
NA
NA
NA
NA
NA
NA
NA
NA
NA
NA
NA
NA
NA
NA
NA
NA
NA
NA
NA
NA
NA
NA
NA
NA
NA
NA
NA
NA
NA
NA
NA
NA
0.3973
0.5606
0.8358
0.8194
1
0.43
0.3488
0.3837
1.6222
0.5696
0.7971
0.3158
0.9344
0.5444
0.8209
1.4821
0.4886
0.7123
0.7887
0.5763
0.4789
0.9206
0.8333
0.7647
0.6301
0.48
0.7794
0.4382
0.9032
0.9565
0.6308
1.0137
0.9057
0.7593
0.3571
0.6154
0.3704
0.5714
0.7042
1.0811
0.4861
0.9649
0.5513
0.806
0.3467
0.5955
0.8235
0.7097
0.55
0.5287
0.5632
0.4773
0.9206
0.8421
0.3529
0.4156
0.375
0.8286
0.759
0.4337
0.662
0.9048
0.5889
0.8154
0.5385
0.5
0.6571
0.5195
0.716
0.759
0.6143
0.6667
0.6267
0.7792
0.7
0.6301
0.5714
0.5333
0.481
0.625
0.3924
0.7742
0.6774
0.9104
0.4789
0.6716
0.7778
0.6923
1.0455
1.9107
0.8148
0.7917
0.4815
1.1356
0.7167
0.4286
0.6364
0.44
0.7917
0.9167
0.5062
0.473
0.7869
0.7937
0.4947
0.4609
0.8533
0.8448
0.5714
0.7838
0.675
1.1429
0.8846
0.6463
0.8833
0.7432
0.9167
0.3511
0.9474
0.7101
0.5938
0.6316
0.6267
0.6522
0.6471
0.8621
0.6818
0.2828
0.6282
0.5957
1
0.5208
0.6216
0.8406
0.9524
0.9265
0.4133
0.5323
0.5303
0.7143
0.6915
0.8219
0.7952
0.507
0.5714
0.7593
0.7385
0.4444
0.9118
0.4819
0.913
0.8548
1.2857
0.6389
0.7838
0.8857
0.6479
0.4568
1.4909
0.6705
0.8971
0.5303
0.7576
1.1552
0.5692
0.4321
0.3293
0.39
0.9697
0.7541
0.4156
0.7424
0.8214
0.2614
0.4143
0.5
1.5294
0.6486
0.9275
0.75
0.8243
0.7568
0.8475
0.5217
1.3878
1.0588
0.6944
0.4921
0.6061
0.5316
1.7193
0.5465
0.8765
0.7403
0.6769
0.7077
0.3839
0.7692
0.5714
0.7101
0.5075
0.3294
0.6912
1.1311
0.6076
0.425
1.2075
0.5634
0.6184
0.2747
0.4321
0.6528
0.5942
0.6944
0.587
0.5227
0.4937
0.325
0.9322
0.6721
0.6265
0.8154
0.4615
0.45
0.75
0.7302
1.2708
0.6494
0.6571
0.4421
0.439
0.4932
0.4607
0.8125
0.5696
0.5455
0.5568
0.5526
0.3933
0.6061
0.52
0.4217
0.6962
0.5972
0.4
0.575
1.5
0.6591
0.6622
0.5821
1.375
0.5185
1.3095
0.5604
0.6234
0.7805
0.5195
0.5104
0.9538
0.5385
0.7625
0.6418
0.9677
0.6622
0.5256
0.6207
0.7467
0.5057
0.4805
0.6562
0.5143
0.5909
0.4725
0.7612
0.8481
0.5135
0.527
0.7
0.6769
0.4659
0.619
0.4643
0.3304
1.1356
0.6714
0.7901
0.4494
0.7288
0.6849
0.4588
0.68
0.8667
1.0513
1.26
0.4079
0.3793
0.68
0.375
0.4526
0.3913
0.4176
0.7302
0.4667
0.5402
0.3816
0.8333
0.6145
0.8167
0.6818
0.7945
0.8116
0.4149
0.6267
0.4932
0.8814
0.4301
0.5778
0.3564
0.7895
0.8
0.5063
0.5753
0.8485
0.8313
0.4884
0.3535
0.5658
0.7391
0.7059
0.9815
0.65
0.8611
0.5222
0.7976
0.9365
0.642
0.2877
0.8676
0.6667
0.5732
0.5455
0.746
0.5811
0.625
0.4
0.3789
0.5714
0.875
0.4024
0.6667
0.8615
0.4653
0.4356
0.6552
0.4675
0.6265
0.6029
0.7027
0.5222
1.0556
0.4672
0.4018
1.2917
0.6849
0.4375
0.7606
1.1698
0.5412
0.8209
1.2787
0.7361
0.5222
0.5529
0.7375
0.5882
0.5244
0.7969
0.5054
0.8154
0.5
0.618
0.8305
0.2692
0.625
0.6628
0.4691
0.25
0.4737
1.0847
0.8485
0.6883
0.8108
1.2533
0.4021
0.6389
1.1579
0.64
1.0536
0.8889
0.557
0.7606
0.4255
0.6087
0.6716
0.5833
0.746
0.9863
1.0526
0.8451
0.5429
0.5
0.7195
0.7794
0.6154
0.931
0.6753
0.6486
0.4342
0.3293
0.4667
1.0566
1.3208
0.8824
0.7867
0.6933
0.9231
1.5192
0.9118
0.759
0.5938
0.3494
0.5143
0.8472
0.3854
0.6056
0.4157
0.7971
0.6184
0.8243
1.3818
0.9589
0.9855
0.2857
0.4245
0.4105
0.625
0.358
0.9048
0.5823
0.7143
0.3171
0.427
0.6548
0.4825
0.5
1.3462
1.0299
0.6438
1.0154
1.1618
0.4048
0.6061
0.8971
0.7308
1.0364
0.9123
0.6628
0.8548
1.0333
1.1186
0.7297
0.8594
0.5
0.6892
1.1667
0.6901
0.2841
0.5833
1.0164
0.4154
0.4211
0.8615
0.5135
0.28
0.8906
0.5493
0.7966
0.4271
0.8261
0.5844
0.7612
0.6375
0.5918
0.6571
0.8571
0.4353
0.4886
0.4267
0.5591
1.0909
0.9821
0.6667
0.6364
0.8529
0.3761
0.3678
1.1833
0.9254
0.6023
0.4512
0.8286
0.8816
0.4545
0.6437
0.5795
0.5309
0.425
0.5432
0.65
0.4512
0.88
0.622
1.125
1.0156
0.8906
0.8
0.4691
0.4615
0.6364
0.7692
1.0882
0.7429
0.7193
0.7738
0.8
0.7571
0.7917
1.1852
1.0169
0.5823
0.3232
0.7541
0.3727
0.6176
0.7432
1.0741
1.2857
0.7564
0.75
0.9091
0.6667
0.6118
0.5455
0.3846
0.6133
0.4634
0.8889
0.3614
0.2673
0.5735
0.5393
0.6857
0.5641
0.4
0.5541
0.803
0.6071
0.6761
0.8333
0.9167
0.7111
0.5055
0.6104
0.8205
0.4306
0.5732
0.5263
1.2222
1.0462
0.4667
0.5422
0.3896
0.88
0.561
0.7581
0.7538
0.5714
0.7901
0.3402
0.3611
0.5733
0.5063
1.125
0.5541
0.8333
0.358
0.6404
0.8923
0.7639
0.7831
0.5833
0.75
0.6812
0.3945
0.5106
1.1364
0.875
0.7821
0.6842
0.625
0.42
0.3297
1.0167
1.0189
0.7887
0.4384
0.527
0.7794
0.5062
0.7869
0.631
0.9452
0.5556
0.5957
0.5476
0.6316
0.5147
0.5067
0.6618
0.6613
0.8333
0.8333
0.5139
0.5833
0.6667
0.6667
0.5658
0.4737
0.5625
0.8772
0.6055
0.5281
0.602
0.7812
0.4906
0.2989
0.5417
0.5185
0.6571
1.0357
0.4605
1.0962
1.2075
0.8696
0.5733
0.5301
0.6429
0.4176
0.726
0.32
0.6341
0.7121
0.5181
0.4658
0.4342
0.875
0.7027
0.7821
0.7385
0.7162
0.6753
0.2632
0.8485
0.3571
1
0.4767
0.5634
0.5479
0.7324
0.7746
0.5327
0.3472
0.6119
0.5443
1
0.5714
0.5529
1.1064
0.5
0.3939
0.5882
0.9344
1.2182
0.6744
0.5211
0.7237
0.5385
0.3271
0.6712
0.7692
0.5843
1.2609
0.5065
0.4348
0.4535
0.5417
0.3152
0.7101
0.2577
1.1
0.4848
0.7042
0.5979
0.8939
0.9322
0.5889
1.1111
0.5889
1
0.5526
0.4184
0.4714
0.7922
0.4674
0.5595
0.4921
0.7021
0.443
0.6024
0.6
0.4516
0.8095
0.6582
0.5349
0.7952
1.0984
0.6
0.7595
0.7465
0.5581
1.4815
1.12
0.6562
0.7286
0.8171
0.6154
0.5128
1.1228
0.5795
0.8333
0.4324
0.5833
0.4
0.6842
0.4625
0.4396
0.4112
0.5844
0.5909
0.7692
0.7164
0.7162
0.9531
1.66
0.6528
0.5176
0.5432
0.52
0.6462
0.7941
1.1282
0.7342
0.6296
0.6842
0.4405
0.6712
0.5278
0.6212
1.12
0.3409
0.6667
0.831
0.5974
0.7714
0.4925
0.3956
0.625
0.5432
0.7848
0.32
0.6076
1.1429
0.9859
0.8983
0.5
0.6296
0.725
0.4286
0.622
0.614
0.525
0.7049
0.8615
0.3429
0.5513
0.6222
0.3048
0.7656
0.7143
0.7808
0.6567
0.7586
0.759
0.8133
0.4133
1.0833
0.6351
0.3793
0.9219
1.0508
1.1493
0.6667
0.8529
0.4231
0.5412
0.7273
0.8209
0.5895
0.7971
0.8116
0.6721
0.5217
0.9552
0.5682
0.8667
0.6852
0.7324
0.475
0.3636
0.9818
0.4681
0.6707
0.7385
0.4188
0.4023
0.2439
0.7101
0.5732
0.5395
0.7812
0.7015
0.7714
0.6667
0.6479
0.6308
0.2521
0.6216
1
0.5952
0.5422
0.7531
1.0758
0.6515
0.5143
0.8657
0.4722
0.8125
0.5479
0.918
1.6792
0.9104
0.8636
0.7671
0.8806
0.7125
0.8961
0.9444
0.4638
0.7778
0.5326
1.0152
0.6724
0.4444
0.3571
0.6957
0.4353
0.5
0.8133
0.8933
0.873
0.3929
0.8
0.9265
0.7703
1.0345
0.493
0.8621
0.7195
0.7895
0.5176
0.4872
0.7105
1.1587
0.8537
0.6338
0.3953
0.6094
0.8046
0.506
0.4865
0.4444
0.59
0.4667
0.4805
0.7424
0.4699
1.0145
0.7059
0.7467
0.859
0.5385
0.5972
0.5811
0.2745
1.4211
0.3158
0.1562
0.7125
0.5333
0.5616
0.5303
0.9125
0.4
0.3457
0.6092
0.5682
1.082
0.6087
0.4762
0.443
0.9273
0.4536
0.5063
0.6494
0.8529
0.7714
0.6883
0.9508
0.4516
0.4861
0.5138
0.7705
0.8065
0.6812
1
0.4409
0.6232
0.9623
0.4674
0.5795
0.6806
0.5506
0.3253
0.5
0.5263
0.3667
0.6774
0.9322
0.7945
0.4744
0.6951
0.4211
0.7969
0.2727
1.2642
1.2115
0.7368
0.25
0.7143
0.7143
0.6389
0.5405
0.875
1.1731
0.7941
0.5155
0.875
0.8103
0.4125
0.7536
0.6765
0.5493
0.3605
0.5165
0.7606
0.9322
0.4674
0.7818
0.6329
0.7297
0.4521
0.4394
0.8358
0.625
0.84
0.198
0.2209
0.5116
1.4222
0.3797
0.6232
0.2421
0.8033
0.4667
0.5522
1.2857
0.4886
0.6164
0.7746
0.4746
0.507
0.7619
0.7179
0.5882
0.3243
0.2647
0.5441
0.3708
0.7258
0.7536
0.4308
0.9041
0.6415
0.6852
0.3571
0.4505
0.1975
0.4714
0.5493
0.8378
0.4306
0.6667
0.3333
0.4776
0.3733
0.3371
0.4638
0.6774
0.2716
0.3908
0.5057
0.4091
0.7937
0.8947
0.3176
0.2727
0.1875
0.7
0.5783
0.3976
0.507
0.5522
0.5333
0.6769
0.2025
0.5526
0.3467
0.5584
0.6173
0.5904
0.4429
0.5263
0.5867
0.7273
0.5625
0.5616
0.5325
0.4267
0.4937
0.55
0.3544
0.5385
0.5
0.8806
0.4366
0.5522
0.5833
0.5231
0.9091
1.6964
0.6667
0.6528
0.284
0.7797
0.45
0.2857
0.4416
0.2574
0.5694
0.7361
0.3415
0.3514
0.623
0.6349
0.4
0.2759
0.7067
0.8276
0.5195
0.6081
0.475
0.8889
0.6538
0.6341
0.6833
0.5135
0.6
0.2632
0.8596
0.5634
0.4062
0.5789
0.5733
0.5286
0.4471
0.6552
0.5
0.07
0.4744
0.4468
0.7973
0.4271
0.5135
0.7536
0.8571
0.7206
0.2597
0.4286
0.4697
0.4048
0.4681
0.4444
0.6386
0.2639
0.4396
0.3929
0.5538
0.3556
0.7206
0.4096
0.7826
0.7097
1.0893
0.5833
0.6892
0.6571
0.4789
0.2963
0.9273
0.3864
0.6029
0.5522
0.5909
0.8966
0.4308
0.3333
0.2439
0.23
0.7424
0.6721
0.4416
0.7121
0.6667
0.2386
0.2571
0.3857
1.2745
0.4865
0.8261
0.5217
0.6486
0.7703
0.7288
0.3429
1.1429
0.8824
0.625
0.3651
0.3636
0.425
1.2807
0.3372
0.7407
0.5195
0.5231
0.6462
0.2589
0.6615
0.369
0.5942
0.2985
0.2558
0.4412
0.7903
0.4177
0.4
0.6792
0.3944
0.5395
0.2198
0.3457
0.6667
0.4348
0.6111
0.4565
0.3864
0.4684
0.25
0.6441
0.5902
0.4578
0.5846
0.3558
0.3625
0.5875
0.6094
1.0208
0.5325
0.4429
0.2947
0.2209
0.473
0.3708
0.6375
0.481
0.3068
0.5
0.5
0.2809
0.5303
0.25
0.3614
0.3951
0.3919
0.4
0.4
0.9464
0.4205
0.6757
0.403
1.1607
0.2976
0.8095
0.4505
0.5584
0.4756
0.4156
0.3646
0.5231
0.4615
0.6125
0.5075
0.6452
0.6081
0.4872
0.5057
0.6
0.3077
0.4545
0.625
0.3521
0.3939
0.3846
0.4776
0.6962
0.3333
0.3514
0.525
0.3731
0.4205
0.3708
0.3529
0.1913
0.9322
0.5286
0.7778
0.3596
0.5254
0.5205
0.3765
0.5333
0.7333
0.8846
0.82
0.3684
0.2874
0.5867
0.2716
0.3789
0.3261
0.2637
0.6032
0.2667
0.4253
0.2632
0.6154
0.5663
0.7333
0.5152
0.7397
0.6377
0.4681
0.425
0.5342
0.5932
0.3871
0.3889
0.2475
0.6447
0.5429
0.3797
0.4521
0.6212
0.5783
0.3372
0.2929
0.3117
0.6232
0.4706
0.9444
0.5185
0.7222
0.3667
0.5465
0.9524
0.4321
0.1644
0.8235
0.3647
0.3659
0.4935
0.6349
0.4459
0.5692
0.3444
0.2947
0.5325
0.7778
0.2289
0.3846
0.6
0.3564
0.3366
0.5862
0.3506
0.04
0.4559
0.4865
0.4667
0.9074
0.3852
0.2679
1.25
0.5205
0.3438
0.6197
0.7925
0.4353
0.6866
1.1639
0.5
0.4444
0.4302
0.5375
0.4
0.2651
0.625
0.4086
0.6567
0.3662
0.4382
0.3833
0.1795
0.375
0.5233
0.3827
0.1442
0.3553
1.0169
0.6515
0.5065
0.76
1.0667
0.3093
0.5972
1.0877
0.6267
0.8036
0.7037
0.4304
0.5
0.2766
0.4638
0.5672
0.5417
0.6667
0.8219
0.7895
0.6479
0.3857
0.4524
0.5122
0.5147
0.4872
0.7241
0.5897
0.3919
0.3289
0.3171
0.4267
0.8679
1.1321
0.6618
0.5467
0.5467
0.7077
1.0577
0.7353
0.5542
0.4688
0.25
0.4857
0.625
0.3542
0.4225
0.2697
0.5526
0.6184
0.5676
1.0545
0.6267
0.7826
0.2987
0.3774
0.3579
0.5729
0.3457
0.6825
0.4304
0.4571
0.2742
0.382
0.4286
0.3509
0.3158
0.9808
0.7463
0.4595
0.806
0.9265
0.3214
0.4848
0.7206
0.5128
0.7273
0.6842
0.5233
0.871
0.7833
0.7627
0.5
0.7656
0.3472
0.5946
1.0167
0.375
0.2955
0.5417
0.7705
0.2923
0.3158
0.6
0.3378
0.1881
0.7812
0.5493
0.6271
0.2917
0.7681
0.5455
0.5821
0.5375
0.4694
0.4714
0.7403
0.4118
0.4432
0.3867
0.4
0.7059
0.7143
0.5079
0.4444
0.5147
0.2661
0.2727
0.8033
0.5588
0.4494
0.2759
0.6286
0.75
0.3068
0.5402
0.5227
0.3951
0.325
0.4568
0.575
0.3537
0.7532
0.4634
0.875
0.7812
0.6719
0.6607
0.3333
0.3846
0.5065
0.7231
0.9265
0.6143
0.6316
0.5833
0.5231
0.5714
0.5278
1.037
0.7966
0.3924
0.2929
0.7213
0.2091
0.5
0.473
1.0556
1.3214
0.7051
0.5395
0.6364
0.4198
0.4706
0.4805
0.2609
0.4667
0.2927
0.6825
0.2771
0.1569
0.6765
0.4719
0.4571
0.4231
0.3947
0.473
0.5672
0.4167
0.5352
0.7424
0.8
0.5667
0.3131
0.5195
0.6667
0.4028
0.5854
0.5263
0.9048
0.7879
0.2778
0.5783
0.4545
0.72
0.5366
0.5484
0.6154
0.3095
0.6049
0.2062
0.2407
0.3467
0.481
0.9062
0.2432
0.6167
0.3457
0.4944
0.6364
0.4861
0.5904
0.4643
0.4079
0.5942
0.2432
0.4468
0.697
0.875
0.4872
0.5132
0.55
0.4
0.2967
0.7167
0.9245
0.6338
0.3151
0.527
0.791
0.3951
0.541
0.4524
0.7534
0.4111
0.3617
0.5357
0.5526
0.3235
0.3733
0.5735
0.4194
0.5303
0.6667
0.3472
0.3929
0.44
0.4638
0.3947
0.5263
0.375
0.6842
0.3363
0.3933
0.4898
0.5781
0.4623
0.2644
0.4271
0.3827
0.4143
0.807
0.3553
0.8269
0.9245
0.7101
0.44
0.5181
0.5143
0.2581
0.5
0.27
0.4578
0.5294
0.3012
0.2973
0.3421
0.6406
0.4459
0.641
0.3636
0.6486
0.5065
0.2
0.5909
0.2714
0.6552
0.314
0.4648
0.4521
0.0581
0.5211
0.4486
0.1667
0.5224
0.5063
0.7215
0.4286
0.5529
0.9149
0.3837
0.303
0.3529
0.7097
0.9455
0.5402
0.141
0.5132
0.3538
0.215
0.5068
0.6026
0.2921
1.087
0.2625
0.4058
0.2907
0.375
0.2283
0.5571
0.2165
0.9
0.4697
0.493
0.4343
0.6818
0.678
0.4667
0.873
0.4778
0.8356
0.44
0.4388
0.3857
0.5974
0.3978
0.2955
0.2647
0.4681
0.3165
0.4819
0.5733
0.3226
0.4203
0.5823
0.4419
0.6506
0.918
0.4875
0.6709
0.5775
0.4419
1.1481
0.82
0.5156
0.6857
0.6463
0.4103
0.4103
0.9298
0.4773
0.5645
0.4189
0.5
0.22
0.4737
0.35
0.3187
0.3636
0.4026
0.4627
0.5769
0.3676
0.5541
0.75
1.4
0.4521
0.4118
0.4691
0.46
0.5077
0.6471
1.0128
0.0674
0.5185
0.4605
0.2619
0.4474
0.4167
0.5303
0.78
0.2727
0.5676
0.6479
0.325
0.6857
0.403
0.2826
0.5125
0.4074
0.5063
0.1584
0.481
0.8929
0.6389
0.6441
0.4762
0.4074
0.4625
0.2755
0.4146
0.4211
0.475
0.5246
0.7385
0.2476
0.3974
0.4667
0.2095
0.4531
0.5065
0.726
0.597
0.7759
0.494
0.5333
0.3333
0.9333
0.5
0.3908
0.7188
1.0169
0.8806
0.5362
0.6912
0.4231
0.5412
0.6667
0.7313
0.3263
0.5362
0.7391
0.5738
0.4783
0.6912
0.4659
0.7
0.5091
0.4507
0.375
0.25
0.8
0.4149
0.4268
0.5231
0.2991
0.2045
0.1951
0.6667
0.4756
0.5132
0.625
0.6567
0.7
0.6806
0.4225
0.6
0.1933
0.5405
0.7143
0.4881
0.4337
0.642
0.8182
0.4627
0.3857
0.5373
0.3472
0.75
0.4658
0.7869
1.434
0.8209
0.6515
0.6301
0.6567
0.4125
0.7792
0.8611
0.3768
0.619
0.3118
0.7121
0.5345
0.3827
0.2041
0.4493
0.4353
0.3373
0.6
0.7067
0.6667
0.2857
0.6667
0.7941
0.5405
0.6552
0.493
0.6897
0.5732
0.6053
0.4706
0.3718
0.5789
0.9841
0.6463
0.5493
0.2558
0.4375
0.6092
0.3855
0.3378
0.4722
0.48
0.4222
0.3718
0.4697
0.3855
0.8116
0.5412
0.5467
0.4699
0.3718
0.4861
0.4189
0.1471
1.193
0.2947
0.1667
0.5
0.36
0.3836
0.3582
0.7875
0.2941
0.3704
0.5795
0.4773
0.9839
0.4928
0.3571
0.3544
0.6364
0.4742
0.1829
0.4416
0.6471
0.4366
0.5844
0.6557
0.3763
0.4167
0.4404
0.7213
0.6613
0.4444
0.8831
0.3118
0.3768
0.6981
0.3478
0.4659
0.3699
0.3667
0.2289
0.3784
0.3816
0.3222
0.4516
0.7966
0.6164
0.3375
0.5
0.3421
0.5938
0.25
0.8491
0.9615
0.5
0.1923
0.6429
0.5571
0.4324
0.4933
0.8438
1.0192
0.4853
0.4948
0.7292
0.6724
0.375
0.5942
0.5588
0.4648
0.2644
0.4176
0.5493
0.7966
0.2688
0.6182
0.5
0.4865
0.2603
0.4394
0.0562
0.6528
0.7733
0.3
0.2093
0.3605
1.4222
0.0778
0.6522
0.1895
0.6557
0.5
0.5672
1.1071
0.4318
0.0787
0.8169
0.4576
0.3944
0.7143
0.641
0.6765
0.3243
0.2941
0.0964
0.0297
0.6935
0.7246
0.4462
0.9589
0.5849
0.6111
0.1039
0.4176
0.2099
0.4571
0.507
0.7973
0.0723
0.0735
0.3462
0
0.2667
0.1143
0.3333
0.6452
0.2963
0.3218
0.4713
0.3295
0.7619
0.7414
0.2824
0.2468
0.1649
0.6571
0.5238
0.3373
0.507
0.4179
0.4222
0.6154
0.2278
0.5526
0.0714
0.4304
0.6049
0.6024
0.5143
0.5439
0.5333
0.5063
0.0968
0.5068
0.0556
0.4133
0.481
0.425
0.131
0.4923
0.1765
0.806
0.4366
0.3582
0.3421
0.6462
0.8333
1.7857
0.5679
0.5833
0.2716
0.8136
0.5
0.4026
0.4286
0.297
0.4444
0.8056
0.3293
0.3919
0.0959
0.1013
0.0654
0.2672
0.68
0.8276
0.4675
0.5676
0.475
0.5882
0.5962
0.0588
0.6833
0.5676
0.5667
0.2
0.8246
0.5493
0.1184
0.4868
0.0421
0.5286
0.4471
0.6552
0.4627
0.0495
0.4872
0.3936
0.7703
0.2959
0.0899
0.7536
0.7937
0.7059
0.2468
0.5161
0.5152
0.4048
0.156
0.3827
0.6024
0.3056
0.2727
0.0769
0.4923
0.3889
0.0602
0.4096
0.7971
0.3382
0.875
0.5139
0.7027
0.5714
0.493
0.2716
0.0897
0.4659
0.4706
0.5522
0.4697
0.931
0.3846
0.2561
0.122
0.25
0.7727
0.6721
0.2987
0.697
0.631
0.2386
0.0779
0.3286
1.2549
0.4324
0.8261
0.0446
0.4684
0.7432
0.5085
0.3333
1.102
0.902
0.6111
0.1096
0.4242
0.0645
1.0175
0.2444
0.7037
0.4156
0.6615
0.6154
0.2768
0.5385
0.4524
0.5072
0.3134
0.2
0.1013
0.918
0.4177
0.4125
0.6415
0.1039
0.5132
0.2088
0.2222
0.5417
0.4783
0.5417
0.4457
0.1078
0.4304
0.2625
0.0833
0.5484
0.4337
0.5692
0.3462
0.375
0.6125
0.6349
0.9583
0.0659
0.0714
0.0476
0.186
0.0805
0.2111
0.6125
0.069
0.2841
0.4066
0.4605
0.2247
0.0864
0.3421
0.3373
0.3333
0.3784
0.2292
0.0761
0.0845
0.4205
0.5946
0.0526
0.9464
0.0538
0.9762
0.4396
0.0323
0.5122
0.4026
0.3646
0.5385
0.3333
0.5625
0.4328
0.125
0.6216
0.4359
0.0673
0.087
0.3297
0.4156
0.6094
0.4429
0.3636
0.3626
0.4776
0.0104
0.2933
0.3784
0.6375
0.3284
0.0312
0.4167
0.1739
0.2348
0.022
0.3158
0.6914
0.4045
0.0704
0.5479
0.3412
0.5067
0.7
0.0734
0.72
0.1446
0.3103
0.52
0.3125
0.3474
0.25
0.2308
0.5079
0.2933
0.3908
0.2632
0.6026
0.051
0.5667
0.4348
0.6986
0.6087
0.383
0.45
0.2468
0.5763
0.3441
0.3556
0.297
0.5526
0.6
0.4177
0.5068
0.5455
0.5542
0.1522
0.2323
0.2692
0.5942
0.5588
0.1176
0.5309
0.625
0.0571
0.7024
0.9048
0.4691
0.1507
0.6912
0.0833
0.4634
0.5065
0.1084
0.3333
0.3538
0.3333
0.1771
0.5065
0.7083
0.092
0.3222
0.7231
0.3564
0.0508
0.0769
0.2857
0.03
0.4559
0.4
0.0693
0.8333
0.3443
0.2768
1.25
0.0353
0.2551
0.6338
0.7544
0.0612
0.7164
1.0164
0.5694
0.3444
0.0612
0.5625
0.0918
0.0761
0.0494
0.4301
0.6567
0.037
0.4494
0.661
0.141
0.3906
0.4186
0.4321
0.1154
0.3816
0.061
0.0476
0.5065
0.7733
1.0267
0.3093
0.5972
0.1842
0.0341
0.0946
0.716
0.033
0.0909
0.3723
0.4493
0.6418
0.3889
0.6825
0.9315
0.7368
0.0652
0.4
0.4286
0.4268
0.3768
0.4872
0.7241
0.5641
0.4054
0.0341
0.3171
0.3867
0.1184
1.0189
0.6324
0.4933
0.0449
0.6769
1.2115
0.6176
0.5663
0.4688
0.2024
0.5286
0.6667
0.2784
0.338
0.2247
0.7391
0.0455
0.5811
1.0364
0.5467
0.7971
0.2468
0.3302
0.0583
0.4792
0.25
0.0588
0.3625
0.5429
0.2419
0.3933
0.5
0.3158
0.3158
1.0385
0.7015
0.5
0.6269
0.8676
0.2644
0.4697
0.75
0.6154
0.7636
0.5932
0.593
0.8387
0.9
0.7288
0.4054
0.7121
0.2297
0.5
0.0714
0.3611
0.2727
0.4861
0.7541
0.2769
0.2763
0.6308
0.037
0.198
0.7656
0.0854
0.661
0.3021
0.7101
0.4286
0.5075
0.375
0.297
0.5286
0.7013
0.0745
0.3409
0.3333
0.3958
0.7206
0.7679
0.5079
0.5051
0.5588
0.3211
0.2841
0.7541
0.6324
0.4719
0.1075
0.5571
0.7895
0.3409
0.4713
0.0583
0.2716
0.0575
0.4074
0.425
0.378
0.6667
0.4878
0.7077
0.5
0.5625
0.4375
0.0659
0.3077
0.4935
0.0988
0.8088
0.5571
0.5965
0.0619
0.5692
0.5857
0.3836
1.037
0.8136
0.481
0.2525
0.5574
0.2
0.5588
0.4865
0.9815
1.0357
0.6923
0.5658
0.0732
0.5309
0.4471
0.4935
0.2391
0.046
0.1951
0.5238
0.2771
0.1683
0.6324
0.0291
0.4857
0.2069
0.1294
0.3514
0.5373
0.0408
0.4648
0.7879
0.0921
0.5333
0.4505
0.5325
0.6538
0.2917
0.0619
0.0465
0.0989
0.4231
0.101
0.4458
0.2857
0.4615
0.0312
0.4062
0.6
0.381
0.6049
0.2577
0.2222
0.0575
0.3418
0.9531
0.3108
0.6
0.321
0.5281
0.6061
0.4384
0.5301
0.4706
0.5132
0.5507
0.2342
0.0642
0.697
0.6
0.5513
0.4474
0.55
0.3465
0.2747
0.7667
0.0694
0.3205
0.3562
0.3784
0.5821
0.3457
0.6721
0.0792
0.3837
0.4
0.3936
0.3371
0.5395
0.1507
0.0732
0.075
0.5
0.0253
0.4928
0.1013
0.314
0.44
0.0875
0.3816
0.4474
0.4
0.6034
0.3363
0.382
0.0714
0.1447
0.4057
0.2414
0.2157
0.3457
0.4429
0.7719
0.3947
0.8077
0.9811
0.6232
0.5467
0.4337
0.5286
0.2151
0.5479
0.21
0.3855
0.5441
0.3133
0.2568
0.25
0.625
0.4189
0.5769
0.3636
0.6892
0.5065
0.1895
0.5909
0.1549
0.6379
0.2907
0.507
0.093
0.1628
0.5493
0.4486
0.2083
0.4179
0.4304
0.7215
0.4545
0.4118
0.8936
0.407
0.2121
0.1316
0.6935
0.9455
0.0388
0.0732
0.3816
0.3846
0.2056
0.0227
0.5385
0.3483
1.058
0.375
0.0494
0.3256
0.4722
0.2174
0.4857
0.1649
0.0488
0.1233
0.5211
0.243
0.5909
0.7627
0.4667
0.8254
0.4556
0.6986
0.4026
0.398
0.4143
0.0899
0.4457
0.2444
0.2059
0.0536
0.2785
0.4458
0.5333
0.3763
0.5373
0.0825
0.407
0.0808
0.9344
0.0652
0.6203
0.4658
0.4884
1.1296
0.82
0.0506
0.0241
0.6265
0.4103
0.3718
1.0175
0.3864
0.4918
0.3378
0.2667
0.29
0.4386
0.253
0.2527
0.2727
0.3636
0.4478
0.5577
0.3529
0.4595
0.7031
1.36
0.5068
0.4471
0.4444
0.0084
0.0779
0.5735
0.9744
0.0449
0.4815
0.0778
0.2976
0.5205
0.1176
0.3134
0.88
0.2841
0.4459
0.6479
0.3625
0.5714
0.403
0.3043
0.475
0.0978
0.5823
0.0849
0.443
0.9464
0.5972
0.7288
0.4048
0.1111
0.0833
0.3673
0.3902
0.4561
0.5125
0.541
0.7077
0.181
0.2564
0.4333
0.0734
0.5312
0.5714
0.6849
0.0617
0.6379
0.494
0.5067
0.44
0.0805
0.4459
0.3295
0.7188
0.8136
0.9104
0.0706
0.6471
0.3974
0.5529
0.6364
0.6866
0.3579
0.4928
0.6812
0.5574
0.4058
0.7059
0.4886
0.6833
0.3455
0.3662
0.0889
0.0698
0.7091
0.3936
0.4024
0.1579
0.2288
0.1031
0.0575
0.5362
0.4512
0.4605
0.5312
0.6119
0.5714
0.5972
0.5915
0.0405
0.2605
0.5676
0.619
0.2907
0.4819
0.0392
0.8939
0.4328
0.3099
0.0714
0.2778
0.4923
0.4521
0.7213
1.3208
0.0233
0.6212
0.046
0.7015
0.4125
0.0381
0.8333
0.4203
0.4762
0.337
0.0366
0.5172
0.0769
0.2347
0.4783
0.3647
0.2892
0.6
0.6667
0.6825
0.3214
0.6267
0.7941
0.5676
0.6897
0.3662
0.6207
0.5122
0.5658
0.4118
0.3718
0.0745
0.0353
0.6463
0.5493
0.314
0.0811
0.6782
0.3614
0.2468
0.375
0.4423
0.0686
0.3718
0.5606
0.3976
0.0968
0.2632
0.4933
0.4578
0.3077
0.0833
0.4865
0.2157
0.0449
0.3368
0.1458
0.4625
0.3467
0.3973
0.209
0.7
0.0707
0.321
0.4483
0.4318
0.9194
0.3913
0.3333
0.3038
0.0597
0.0748
0.2439
0.3506
0.75
0.0732
0.0787
0.5846
0.0667
0.3889
0.3303
0.6393
0.6935
0.5139
0.8312
0.3011
0.4493
0.6226
0.4239
0.4659
0.3973
0.3556
0.2169
0.3784
0.3947
0.3077
0.5323
0.8305
0.0761
0.3875
0.4146
0.25
0.5312
0.2614
0.8868
1.0577
0.5
0.1538
0.5
0.5429
0.5
0.4324
0.75
0.6393
0.3714
0.4227
0.6458
0.6034
0.2716
0.0988
0.5147
0.3662
0.1954
0.0291
0.5775
0.061
0.3226
0.6364
0.4375
0.5405
