x
0.3636
0.397
0.3655
0.3498
0.3892
0.3842
0.3735
0.3965
0.359
0.3893
0.3874
0.3583
0.3984
0.3854
0.3735
0.3892
0.3816
0.3975
0.3966
0.3631
0.3646
0.3634
0.3856
0.3834
0.3914
0.3687
0.3895
0.3484
0.3772
0.3613
0.386
0.3477
0.398
0.3762
0.3657
0.3844
0.3979
0.3933
0.3908
0.3652
0.3871
0.3764
0.3976
0.3845
0.3857
0.385
0.3794
0.3634
0.3887
0.3685
0.3801
0.3681
0.3772
0.3819
0.3817
0.3628
0.3782
0.3793
0.3689
0.3746
0.3819
0.3894
0.3781
0.388
0.372
0.3466
0.3876
0.3669
0.3741
0.3717
0.3782
0.3716
0.3857
0.3727
0.3839
0.3671
0.3859
0.3684
0.3768
0.3986
0.3803
0.3586
0.3758
0.3813
0.3908
0.3691
0.3875
0.3647
0.3768
0.3361
0.3811
0.3752
0.3762
0.3663
0.372
0.3613
0.3974
0.3712
0.3695
0.3691
0.3922
0.3861
0.3624
0.3971
0.3942
0.389
0.3908
0.3854
0.3947
0.3608
0.3636
0.3883
0.3919
0.3753
0.3742
0.3636
0.3628
0.3783
0.3972
0.3639
0.3827
0.3826
0.3923
0.3852
0.3708
0.378
0.3588
0.3787
0.3675
0.3738
0.377
0.3911
0.3629
0.3596
0.3967
0.3804
0.3898
0.3786
0.3447
0.3968
0.3802
0.3736
0.3706
0.3888
0.3805
0.3713
0.3652
0.3672
0.3842
0.3544
0.3842
0.3866
0.3911
0.386
0.3709
0.3862
0.3802
0.3901
0.3887
0.3777
0.3907
0.3789
0.3873
0.3838
0.3769
0.3846
0.3818
0.3712
0.3962
0.3686
0.3694
0.3745
0.3973
0.3815
0.3844
0.388
0.365
0.3654
0.3928
0.3937
0.3778
0.3741
0.3406
0.3856
0.3899
0.3823
0.3222
0.3875
0.3615
0.3863
0.3793
0.3659
0.3727
0.3724
0.3867
0.3252
0.3972
0.3755
0.3841
0.3918
0.3771
0.3857
0.3962
0.3553
0.3754
0.3747
0.3669
0.3973
0.371
0.3615
0.3948
0.3971
0.3623
0.3839
0.3863
0.373
0.3796
0.3864
0.36
0.3794
0.3766
0.3861
0.3897
0.3606
0.3837
0.3801
0.3701
0.3774
0.39
0.3791
0.3707
0.3577
0.3762
0.3866
0.3865
0.3651
0.3563
0.3748
0.376
0.3626
0.3972
0.3955
0.367
0.3735
0.3673
0.3648
0.3728
0.3803
0.3886
0.3714
0.3552
0.3839
0.3619
0.3912
0.3719
0.3856
0.3677
0.3791
0.3785
0.3772
0.3958
0.3721
0.3552
0.3932
0.3889
0.3712
0.3975
0.3925
0.3833
0.385
0.3864
0.396
0.3563
0.3802
0.3844
0.386
0.3912
0.3826
0.3963
0.3625
0.3453
0.3749
0.3782
0.3809
0.3578
0.3898
0.3894
0.3587
0.3539
0.379
0.3774
0.3865
0.3685
0.3867
0.3718
0.3728
0.3951
0.3721
0.3817
0.3764
0.3969
0.3794
0.3717
0.3809
0.3659
0.3966
0.3668
0.3876
0.3833
0.3716
0.3819
0.3701
0.3681
0.3688
0.3839
0.3735
0.3511
0.376
0.3822
0.3628
0.3948
0.393
0.3744
0.3921
0.3852
0.3895
0.3912
0.3764
0.3898
0.3833
0.3426
0.3924
0.3947
0.3802
0.3895
0.3842
0.3747
0.384
0.3928
0.3856
0.3691
0.3782
0.3614
0.3711
0.3606
0.3921
0.3927
0.3841
0.3984
0.3796
0.3747
0.3922
0.3588
0.3805
0.3489
0.3786
0.3816
0.3733
0.3657
0.3907
0.3713
0.3673
0.3758
0.3623
0.396
0.3878
0.3766
0.3677
0.3889
0.3896
0.3971
0.3601
0.3292
0.3753
0.3892
0.3863
0.368
0.3658
0.3688
0.3622
0.3856
0.3905
0.3965
0.3796
0.3947
0.3886
0.3982
0.376
0.373
0.3858
0.3779
0.3952
0.3856
0.3804
0.3638
0.3837
0.3605
0.3895
0.387
0.3746
0.3855
0.3677
0.3822
0.3734
0.3888
0.3764
0.384
0.3944
0.3898
0.3597
0.3474
0.3923
0.3554
0.3802
0.3745
0.3971
0.3744
0.3967
0.3874
0.3825
0.3797
0.3588
0.386
0.3964
0.3622
0.3747
0.3951
0.376
0.3907
0.366
0.3676
0.3731
0.3952
0.3818
0.3914
0.3633
0.3737
0.37
0.3607
0.3753
0.3524
0.3647
0.3757
0.3756
0.3767
0.3517
0.3775
0.3811
0.3641
0.3848
0.3685
0.3685
0.3895
0.3805
0.3887
0.3768
0.3727
0.3811
0.3229
0.3964
0.3846
0.3978
0.3954
0.3638
0.3857
0.3523
0.3909
0.3775
0.3932
0.3836
0.3792
0.372
0.3873
0.3748
0.3794
0.3759
0.3863
0.3777
0.3676
0.3867
0.3758
0.3811
0.3746
0.3882
0.3819
0.3624
0.3756
0.3561
0.3847
0.3798
0.3976
0.3712
0.3695
0.3777
0.3859
0.3818
0.3848
0.3748
0.3776
0.3733
0.3673
0.3797
0.3644
0.386
0.3852
0.3665
0.3791
0.3789
0.3947
0.3976
0.3754
0.3742
0.3894
0.3831
0.3968
0.3682
0.3772
0.3858
0.3643
0.3682
0.367
0.3956
0.3714
0.3806
0.3821
0.3654
0.3778
0.3881
0.3821
0.3784
0.3882
0.3953
0.3856
0.3523
0.3593
0.3927
0.3567
0.3756
0.3753
0.3746
0.377
0.351
0.3597
0.3713
0.381
0.3686
0.3772
0.3715
0.3599
0.3676
0.3915
0.3801
0.3761
0.3716
0.3878
0.3958
0.3825
0.3783
0.3973
0.3888
0.3823
0.3665
0.381
0.3778
0.38
0.3769
0.3987
0.364
0.3735
0.3815
0.3776
0.3768
0.3973
0.3751
0.3747
0.3891
0.3849
0.3947
0.3645
0.3881
0.3578
0.397
0.399
0.3713
0.3478
0.3778
0.3738
0.3838
0.3982
0.3754
0.382
0.3684
0.372
0.3719
0.3867
0.3811
0.3827
0.3976
0.3718
0.3773
0.3784
0.3701
0.3826
0.3802
0.3611
0.3839
0.3827
0.3564
0.3658
0.3722
0.3871
0.3714
0.3475
0.376
0.3807
0.3731
0.394
0.3757
0.3952
0.3678
0.3751
0.3509
0.3825
0.3892
0.3881
0.3792
0.3912
0.3763
0.3637
0.3863
0.3767
0.3877
0.3771
0.3783
0.3863
0.3881
0.3842
0.3893
0.3876
0.3722
0.3593
0.3874
0.3803
0.3731
0.3875
0.3877
0.3829
0.3975
0.3798
0.3762
0.3919
0.3851
0.3975
0.3805
0.3749
0.3816
0.3623
0.3869
0.3727
0.3887
0.3665
0.3707
0.3931
0.3858
0.39
0.3554
0.3779
0.3863
0.3765
0.3803
0.3827
0.3805
0.3821
0.3694
0.3637
0.3715
0.3909
0.3856
0.3824
0.3756
0.3756
0.3896
0.3735
0.3658
0.3599
0.3829
0.3828
0.3747
0.3799
0.3849
0.3755
0.3851
0.376
0.3796
0.397
0.386
0.3801
0.3882
0.3709
0.3586
0.3743
0.3916
0.3719
0.3478
0.3717
0.3804
0.3792
0.383
0.371
0.3728
0.3856
0.3397
0.3764
0.3792
0.3775
0.3844
0.3744
0.3669
0.3875
0.3761
0.3725
0.369
0.372
0.3822
0.3681
0.3849
0.3454
0.374
0.3687
0.3787
0.3801
0.3966
0.3979
0.3858
0.3831
0.3789
0.3739
0.3892
0.3437
0.3963
0.3788
0.3749
0.3724
0.3736
0.3763
0.3839
0.3653
0.3854
0.3754
0.3858
0.3733
0.3887
0.3824
0.3665
0.3916
0.3618
0.351
0.3893
0.3893
0.3896
0.3711
0.3979
0.3778
0.3899
0.3748
0.3646
0.3822
0.3649
0.3854
0.3913
0.3755
0.386
0.341
0.3906
0.3914
0.3872
0.3671
0.3624
0.3579
0.3955
0.3774
0.3943
0.3832
0.3694
0.3797
0.3705
0.3769
0.3734
0.3816
0.3805
0.3808
0.3853
0.382
0.3932
0.3968
0.38
0.383
0.388
0.3969
0.3802
0.3858
0.3872
0.3792
0.3845
0.3608
0.3805
0.3873
0.3832
0.384
0.3684
0.369
0.3861
0.3876
0.3895
0.3831
0.3599
0.3964
0.3763
0.3933
0.3678
0.3771
0.3864
0.3783
0.3658
0.3669
0.388
0.3438
0.373
0.3893
0.3898
0.3813
0.3776
0.3774
0.3832
0.3639
0.3983
0.3813
0.3883
0.3782
0.3639
0.3842
0.3617
0.3717
0.3847
0.3973
0.391
0.3737
0.3864
0.3894
0.3556
0.3795
0.3707
0.3805
0.3663
0.3878
0.3614
0.3752
0.3704
0.3726
0.3772
0.3652
0.3858
0.3582
0.3612
0.3779
0.3905
0.3904
0.3808
0.3799
0.3817
0.3823
0.388
0.3592
0.3974
0.3649
0.3772
0.385
0.378
0.3694
0.3805
0.349
0.3863
0.397
0.3866
0.3697
0.3925
0.3974
0.369
0.3768
0.3694
0.3687
0.3785
0.3792
0.3721
0.3607
0.3975
0.3721
0.3758
0.3771
0.3773
0.377
0.3928
0.3692
0.3846
0.3751
0.3692
0.3874
0.377
0.3695
0.3967
0.3527
0.3603
0.3826
0.394
0.3682
0.3679
0.3954
0.3934
0.3877
0.3899
0.3844
0.378
0.3775
0.3511
0.3843
0.3837
0.3607
0.3813
0.3784
0.3707
0.3711
0.3738
0.3918
0.3957
0.378
0.3623
0.389
0.3724
0.3793
0.386
0.3757
0.3641
0.3684
0.3824
0.3797
0.3897
0.3673
0.3792
0.3842
0.3811
0.3977
0.396
0.3668
0.3764
0.3757
0.3842
0.3956
0.3686
0.3878
0.3788
0.3753
0.3828
0.384
0.3937
0.3843
0.3855
0.371
0.3776
0.3914
0.3734
0.3547
0.3471
0.3755
0.3889
0.3769
0.3891
0.3542
0.3797
0.3678
0.3678
0.3915
0.3786
0.3803
0.3674
0.3951
0.3647
0.383
0.3989
0.3918
0.3818
0.3811
0.3498
0.3717
0.3495
0.3871
0.3667
0.3846
0.3862
0.3611
0.3751
0.3704
0.3852
0.3964
0.3969
0.3972
0.3978
0.3963
0.3992
0.3983
0.3954
0.3972
0.398
0.389
0.3979
0.367
0.3973
0.3659
0.3778
0.3822
0.3636
0.398
0.3836
0.3981
0.378
0.3985
0.3653
0.3783
0.3823
0.397
0.3959
0.3888
0.3591
0.3953
0.3766
0.3868
0.3974
0.3601
0.3978
0.3894
0.3966
0.3965
0.3863
0.3973
0.3844
0.3983
0.3547
0.3801
0.3799
0.3981
0.3986
0.3915
0.3976
0.3969
0.3975
0.3788
0.3975
0.3865
0.3877
0.3972
0.3969
0.397
0.3869
0.3977
0.3932
0.3983
0.3981
0.3596
0.3985
0.3977
0.3866
0.3963
0.372
0.3853
0.396
0.3971
0.3733
0.3966
0.3825
0.3901
0.3852
0.3953
0.3977
0.3932
0.3967
0.3923
0.3977
0.3973
0.3747
0.397
0.3724
0.3983
0.3977
0.3965
0.3852
0.3806
0.3971
0.389
0.3745
0.397
0.3973
0.3943
0.3832
0.3968
0.3674
0.3985
0.3948
0.3917
0.3739
0.3962
0.397
0.3892
0.3889
0.3943
0.3974
0.3884
0.3993
0.3853
0.3969
0.3967
0.3971
0.3938
0.391
0.3973
0.3909
0.3965
0.398
0.3985
0.3838
0.3909
0.3801
0.3635
0.3968
0.3718
0.399
0.3985
0.3898
0.3987
0.3971
0.3978
0.3943
0.3985
0.39
0.344
0.3987
0.3984
0.3717
0.3875
0.399
0.3956
0.3724
0.3647
0.3972
0.3783
0.3869
0.3663
0.3974
0.3779
0.3685
0.3947
0.3894
0.3877
0.3939
0.3975
0.3979
0.3964
0.3978
0.3962
0.3699
0.3966
0.3836
0.354
0.398
0.3932
0.3965
0.3975
0.3968
0.3851
0.3905
0.3805
0.398
0.3965
0.3824
0.3823
0.3877
0.3985
0.3982
0.3973
0.3858
0.3993
0.377
0.3977
0.3974
0.3893
0.3972
0.3982
0.3616
0.3973
0.3985
0.3967
0.37
0.3988
0.3956
0.3777
0.3719
0.3974
0.3987
0.3875
0.3915
0.3976
0.3637
0.3749
0.3814
0.3946
0.3978
0.3972
0.3934
0.3881
0.3964
0.3604
0.3814
0.3958
0.3991
0.3884
0.3971
0.3947
0.3958
0.3874
0.3786
0.3661
0.3975
0.3963
0.3984
0.3982
0.3983
0.3765
0.3982
0.3979
0.3909
0.3925
0.3745
0.3968
0.3976
0.3626
0.3747
0.3978
0.3894
0.3966
0.3879
0.3988
0.3951
0.3676
0.3963
0.3861
0.373
0.3982
0.3969
0.3978
0.3966
0.3958
0.3995
0.3963
0.3977
0.398
0.3804
0.3825
0.3867
0.3976
0.3975
0.3962
0.379
0.3879
0.3974
0.3973
0.3974
0.399
0.3984
0.3973
0.3973
0.3978
0.3748
0.383
0.3572
0.3974
0.3888
0.3789
0.3861
0.3975
0.3985
0.3674
0.3713
0.3989
0.3978
0.3897
0.3651
0.3516
0.3972
0.3944
0.3838
0.3968
0.3907
0.3968
0.3962
0.3689
0.3964
0.379
0.3966
0.3971
0.395
0.3894
0.3824
0.3816
0.3972
0.3968
0.378
0.3982
0.3638
0.3774
0.3834
0.383
0.3965
0.37
0.3965
0.3977
0.3978
0.397
0.398
0.3834
0.3753
0.3988
0.3959
0.3978
0.3988
0.3968
0.3986
0.3732
0.3552
0.3982
0.3977
0.3985
0.3953
0.359
0.3969
0.3715
0.3873
0.3972
0.3922
0.399
0.397
0.3716
0.396
0.398
0.3915
0.3964
0.3973
0.3974
0.3984
0.3977
0.3976
0.3702
0.3954
0.3771
0.3785
0.3973
0.3988
0.3934
0.3687
0.39
0.398
0.3883
0.395
0.3816
0.3995
0.3814
0.3987
0.3915
0.3972
0.3882
0.3898
0.3643
0.3801
0.3905
0.3982
0.3957
0.3827
0.3986
0.3898
0.3978
0.3902
0.3995
0.3958
0.3971
0.396
0.3976
0.3998
0.357
0.384
0.398
0.3976
0.3955
0.3977
0.3977
0.3857
0.3975
0.3976
0.3912
0.3724
0.3974
0.3979
0.3769
0.368
0.3631
0.3844
0.3886
0.3785
0.3964
0.3969
0.3794
0.3948
0.3684
0.3876
0.3883
0.3954
0.3879
0.3969
0.3956
0.3963
0.398
0.3806
0.3823
0.3909
0.3954
0.3612
0.3977
0.3901
0.3938
0.3957
0.3716
0.3829
0.3783
0.397
0.3972
0.358
0.3973
0.3995
0.3817
0.3834
0.3965
0.3835
0.3998
0.3938
0.3962
0.3906
0.3845
0.3989
0.3688
0.3985
0.3877
0.3658
0.3936
0.396
0.3968
0.3984
0.3995
0.3964
0.3894
0.3959
0.399
0.3967
0.3969
0.3985
0.3888
0.3989
0.397
0.3991
0.3899
0.3974
0.393
0.398
0.3838
0.3982
0.3975
0.3985
0.3909
0.3979
0.3992
0.3719
0.3631
0.3749
0.3984
0.3815
0.398
0.3977
0.3988
0.3973
0.396
0.3983
0.3629
0.3957
0.3986
0.3951
0.3896
0.396
0.3959
0.3983
0.3968
0.3981
0.3933
0.3853
0.3624
0.3575
0.3866
0.3984
0.3958
0.3919
0.3984
0.3979
0.394
0.3977
0.398
0.3975
0.3953
0.3978
0.3962
0.3988
0.3973
0.3983
0.3894
0.38
0.3744
0.3957
0.3971
0.3927
0.398
0.3952
0.3512
0.3993
0.3833
0.399
0.3949
0.3975
0.3978
0.3868
0.3958
0.3736
0.3986
0.3916
0.3888
0.381
0.362
0.3916
0.3972
0.3966
0.3984
0.3804
0.3959
0.39
0.3962
0.3756
0.3986
0.3736
0.3837
0.398
0.3987
0.3967
0.3878
0.3981
0.3887
0.3974
0.3811
0.3805
0.3967
0.3664
0.3861
0.3739
0.3987
0.3991
0.398
0.3831
0.3804
0.3968
0.3962
0.3976
0.3985
0.3913
0.3981
0.3967
0.3981
0.3978
0.3811
0.3612
0.3978
0.3993
0.3987
0.3977
0.3728
0.3974
0.3988
0.3802
0.386
0.3921
0.3984
0.3976
0.3954
0.3973
0.398
0.3989
0.3991
0.3922
0.3682
0.3789
0.3967
0.3936
0.384
0.3727
0.3874
0.3807
0.3995
0.3863
0.3776
0.3862
0.397
0.3986
0.398
0.3813
0.3814
0.3918
0.3957
0.3978
0.3674
0.3968
0.3963
0.3986
0.3974
0.3769
0.3911
0.3926
0.3997
0.397
0.3967
0.3912
0.3875
0.3966
0.3972
0.3984
0.3989
0.3978
0.3599
0.3972
0.384
0.3916
0.3788
0.3981
0.3834
0.3981
0.3989
0.3714
0.368
0.3985
0.3794
0.3977
0.3965
0.3983
0.3784
0.3953
0.3919
0.3959
0.3956
0.3852
0.3981
0.3982
0.3966
0.3971
0.3979
0.3533
0.3896
0.3681
0.3982
0.3993
0.3973
0.3902
0.3983
0.3992
0.3656
0.3951
0.3973
0.3977
0.3754
0.398
0.3833
0.3971
0.3888
0.3693
0.3969
0.3858
0.3956
0.3922
0.3819
0.3816
0.3981
0.397
0.3916
0.3944
0.3605
0.3881
0.3958
0.3741
0.3973
0.3964
0.3954
0.3976
0.372
0.3597
0.3982
0.3977
0.3581
0.3971
0.3829
0.3929
0.3978
0.384
0.3983
0.3971
0.3982
0.3508
0.3967
0.3901
0.3978
0.3837
0.399
0.3971
0.3983
0.381
0.3954
0.398
0.3724
0.3852
0.3737
0.3922
0.3992
0.3954
0.3963
0.3977
0.3612
0.3945
0.3992
0.3983
0.3758
0.3982
0.3986
0.3567
0.3915
0.3962
0.398
0.3861
0.3966
0.361
0.3986
0.3967
0.3757
0.3888
0.3824
0.3972
0.386
0.3984
0.3977
0.3853
0.3986
0.3831
0.396
0.3916
0.3976
0.3901
0.3992
0.3783
0.381
0.3788
0.3989
0.396
0.3625
0.3961
0.3908
0.3875
0.3614
0.3764
0.3894
0.3983
0.3868
0.3985
0.3948
0.3834
0.373
0.399
0.3891
0.3875
0.39
0.3734
0.3821
0.3982
0.38
0.3985
0.3818
0.3962
0.3892
0.3852
0.3958
0.3893
0.398
0.3875
0.3965
0.3783
0.3982
0.3973
0.3897
0.3895
0.3805
0.3978
0.3977
0.3906
0.3973
0.3988
0.3972
0.3984
0.3971
0.3793
0.3977
0.3956
0.3592
0.3971
0.3944
0.3977
0.3982
0.3983
0.3966
0.3899
0.3918
0.37
0.3988
0.3286
0.3902
0.3381
0.3941
0.3934
0.3964
0.3718
0.3979
0.3966
0.3959
0.3753
0.3977
0.3987
0.3599
0.3789
0.3896
0.395
0.3988
0.3977
0.3968
0.3935
0.3972
0.3958
0.3978
0.3912
0.363
0.3966
0.3818
0.3901
0.3763
0.3992
0.388
0.3979
0.3981
0.3983
0.3713
0.3901
0.3764
0.3917
0.397
0.372
0.3968
0.3975
0.3981
0.3895
0.3995
0.3596
0.3977
0.3758
0.3993
0.3973
0.3973
0.3961
0.3853
0.3737
0.3526
0.397
0.3967
0.3973
0.3697
0.3972
0.3989
0.3593
0.3952
0.3969
0.3931
0.3967
0.3972
0.3726
0.398
0.3839
0.3903
0.3966
0.3982
0.3862
0.3948
0.3991
0.3822
0.3887
0.3971
0.3924
0.393
0.3795
0.3846
0.398
0.3963
0.396
0.3864
0.3762
0.3892
0.3942
0.3998
0.3984
0.3981
0.3959
0.3788
0.3895
0.3976
0.3685
0.3819
0.3993
0.3989
0.395
0.3725
0.3967
0.3972
0.3916
0.3972
0.3694
0.3986
0.3929
0.3876
0.3965
0.3977
0.3974
0.3755
0.3826
0.3622
0.3924
0.3795
0.3932
0.3991
0.369
0.3911
0.3717
0.3961
0.3991
0.383
0.3973
0.3797
0.3788
0.3934
0.3966
0.3982
0.3979
0.3559
0.3967
0.3971
0.3979
0.3796
0.3962
0.388
0.3926
0.3836
0.389
0.3376
0.3971
0.3986
0.3968
0.3785
0.3969
0.3972
0.3973
0.3983
0.3974
0.3976
0.3877
0.3958
0.397
0.3971
0.3759
0.3995
0.3972
0.3953
0.3977
0.3976
0.3963
0.3976
0.3983
0.3972
0.3981
0.3988
0.3962
0.3979
0.3952
0.3969
0.3993
0.3979
0.3921
0.3971
0.3986
0.3992
0.3983
0.3981
0.3773
0.3981
0.3985
0.3977
0.3955
0.3992
0.3964
0.3951
0.4
0.3973
0.3982
0.3961
0.398
0.3977
0.3963
0.3988
0.397
0.3961
0.3976
0.3969
0.3992
0.3973
0.399
0.3978
0.3976
0.3988
0.3949
0.398
0.3983
0.3973
0.3994
0.3965
0.3967
0.3978
0.3979
0.3956
0.395
0.3959
0.3976
0.3976
0.3931
0.3982
0.3965
0.3968
0.397
0.3976
0.3983
0.3971
0.3961
0.3972
0.3947
0.3977
0.3989
0.3974
0.3974
0.3974
0.3985
0.3966
0.3698
0.3959
0.3953
0.3987
0.3973
0.3969
0.3984
0.3997
0.3969
0.3982
0.3852
0.3975
0.3983
0.3971
0.3976
0.398
0.3973
0.3976
0.3984
0.3997
0.3971
0.3968
0.3969
0.3966
0.3978
0.3985
0.3966
0.3979
0.3953
0.3986
0.3975
0.397
0.3985
0.3976
0.3981
0.3981
0.3988
0.3995
0.396
0.395
0.3953
0.3971
0.3976
0.3943
0.398
0.3974
0.3991
0.3995
0.3978
0.3967
0.3984
0.3967
0.3977
0.3991
0.3978
0.3968
0.3973
0.3983
0.3966
0.3956
0.3977
0.3973
0.3985
0.3983
0.3971
0.3971
0.3897
0.3987
0.3968
0.3991
0.3852
0.3954
0.3985
0.3974
0.3975
0.3987
0.3985
0.3989
0.3993
0.392
0.3899
0.3975
0.3978
0.398
0.3973
0.3972
0.3977
0.3889
0.3983
0.3975
0.3902
0.397
0.3981
0.3981
0.3981
0.3972
0.3983
0.3956
0.3977
0.3978
0.3979
0.3979
0.3978
0.3962
0.3982
0.3977
0.3983
0.3979
0.3983
0.3982
0.398
0.3981
0.397
0.3975
0.398
0.3977
0.3963
0.3963
0.3976
0.3951
0.3956
0.3986
0.3991
0.3979
0.3994
0.3978
0.3992
0.397
0.3975
0.3784
0.3948
0.3967
0.3875
0.3977
0.3958
0.3989
0.3978
0.3995
0.3977
0.3973
0.385
0.3959
0.3984
0.3983
0.3992
0.3932
0.3964
0.3972
0.3987
0.3971
0.3982
0.3971
0.3981
0.3997
0.3989
0.3995
0.3971
0.3975
0.3987
0.3911
0.3847
0.3975
0.3982
0.3977
0.3831
0.398
0.3963
0.3971
0.3933
0.3977
0.397
0.3984
0.3964
0.3992
0.3994
0.3987
0.3986
0.3979
0.3951
0.3966
0.3971
0.3974
0.3964
0.3978
0.396
0.3974
0.3963
0.3988
0.3964
0.3974
0.3916
0.3985
0.3967
0.395
0.3981
0.399
0.3971
0.3987
0.3976
0.3974
0.3975
0.3972
0.3972
0.3976
0.3983
0.3997
0.3906
0.3985
0.3976
0.3984
0.3984
0.3965
0.3972
0.3979
0.3979
0.3976
0.3982
0.3993
0.3971
0.3939
0.3988
0.3887
0.3951
0.3984
0.3958
0.3973
0.3978
0.3986
0.3971
0.3989
0.3982
0.395
0.3973
0.3966
0.3964
0.3984
0.3982
0.3978
0.398
0.3776
0.3852
0.3775
0.3965
0.3986
0.3986
0.3973
0.3994
0.3957
0.3971
0.3983
0.3965
0.397
0.3982
0.3967
0.3983
0.3986
0.3989
0.3992
0.3976
0.3983
0.3958
0.3808
0.3978
0.3984
0.3978
0.3987
0.398
0.3985
0.3989
0.3972
0.3983
0.3978
0.3984
0.394
0.396
0.3951
0.3963
0.3981
0.3985
0.3985
0.3953
0.3993
0.3975
0.3981
0.3988
0.3948
0.3971
0.3993
0.3984
0.3969
0.3953
0.3961
0.382
0.3985
0.3973
0.3975
0.3985
0.393
0.3987
0.3979
0.3982
0.3984
0.398
0.3945
0.3977
0.3989
0.396
0.3983
0.3965
0.3971
0.397
0.3991
0.3872
0.398
0.3991
0.394
0.3986
0.3987
0.3983
0.3967
0.3977
0.3979
0.3978
0.3983
0.3987
0.398
0.3896
0.3976
0.3984
0.3887
0.399
0.3982
0.3896
0.3922
0.3965
0.3983
0.3974
0.3986
0.399
0.398
0.3984
0.3973
0.3869
0.3962
0.3969
0.3953
0.3964
0.3976
0.3975
0.3981
0.3976
0.3982
0.3982
0.3974
0.3982
0.3966
0.3953
0.3952
0.3983
0.3876
0.3984
0.3982
0.3967
0.3981
0.3836
0.3978
0.385
0.3973
0.399
0.3991
0.3833
0.3977
0.3974
0.3973
0.3973
0.3969
0.3978
0.3973
0.3989
0.3975
0.398
0.3977
0.3979
0.3981
0.3974
0.3967
0.3985
0.398
0.3967
0.3967
0.3986
0.3985
0.3979
0.3986
0.3983
0.3976
0.3977
0.3951
0.3984
0.398
0.3968
0.396
0.3969
0.399
0.3979
0.3981
0.3967
0.3862
0.3968
0.3993
0.3976
0.3955
0.3985
0.3968
0.3965
0.3967
0.3964
0.3983
0.3967
0.3964
0.3986
0.3986
0.3986
0.3973
0.3967
0.3991
0.3986
0.3981
0.3961
0.3977
0.3993
0.3962
0.3988
0.3936
0.3971
0.3959
0.3979
0.3961
0.3979
0.3959
0.3983
0.394
0.3991
0.3666
0.3958
0.3984
0.3893
0.3988
0.3968
0.398
0.3972
0.396
0.3982
0.3971
0.3967
0.3983
0.3988
0.3988
0.3976
0.3968
0.3989
0.3995
0.3983
0.3965
0.3987
0.3987
0.3972
0.3982
0.3995
0.3974
0.3963
0.3954
0.3974
0.3979
0.3972
0.3962
0.3985
0.3983
0.3971
0.3985
0.3982
0.3963
0.3973
0.3975
0.3976
0.3743
0.3985
0.398
0.3967
0.3976
0.3965
0.3979
0.3976
0.3994
0.399
0.3973
0.3991
0.3911
0.3979
0.3976
0.397
0.3972
0.3957
0.3946
0.3992
0.3978
0.3975
0.3965
0.3964
0.3976
0.396
0.3988
0.3971
0.3994
0.3972
0.3931
0.3974
0.397
0.3889
0.3986
0.3968
0.3957
0.3992
0.3956
0.3965
0.3968
0.3978
0.3983
0.3974
0.3987
0.3965
0.3952
0.3989
0.3908
0.3982
0.3945
0.3983
0.3981
0.3976
0.3993
0.3967
0.3958
0.3992
0.3968
0.3961
0.3995
0.3983
0.3983
0.3989
0.397
0.3862
0.3979
0.3985
0.3985
0.373
0.3985
0.3964
0.3987
0.3965
0.397
0.3985
0.3805
0.3931
0.3971
0.3767
0.4
0.3963
0.3962
0.3973
0.3972
0.3962
0.3973
0.3979
0.3988
0.3983
0.3957
0.3953
0.3835
0.3961
0.3983
0.3991
0.3976
0.3968
0.3984
0.3968
0.3964
0.3986
0.3985
0.3961
0.3979
0.3993
0.3963
0.3989
0.398
0.3985
0.398
0.3964
0.3989
0.3986
0.3987
0.3977
0.3983
0.3964
0.3922
0.3927
0.3987
0.397
0.3885
0.3979
0.3981
0.3952
0.3971
0.3957
0.3978
0.3981
0.3952
0.3928
0.3984
0.3994
0.3997
0.398
0.3997
0.3946
0.3995
0.3674
0.3948
0.3995
0.3973
0.3979
0.3961
0.3973
0.3992
0.359
0.3987
0.398
0.3971
0.3931
0.3974
0.3911
0.3991
0.3982
0.3978
0.3968
0.3981
0.3976
0.3938
0.3989
0.3988
0.3966
0.3984
0.396
0.3986
0.3978
0.3985
0.3977
0.3897
0.3984
0.3957
0.3971
0.3992
0.3982
0.3965
0.3961
0.3983
0.3954
0.3988
0.3988
0.3987
0.3902
0.3993
0.397
0.3993
0.3974
0.3973
0.3974
0.3973
0.3972
0.3969
0.3972
0.3977
0.3972
0.3959
0.3981
0.3986
0.3915
0.3972
0.3984
0.3987
0.3979
0.397
0.3965
0.3962
0.3964
0.3992
0.3956
0.3972
0.396
0.3978
0.3968
0.398
0.3988
0.398
0.3981
0.3966
0.3975
0.3989
0.3857
0.3973
0.3876
0.3946
0.3968
0.3962
0.3967
0.3954
0.3978
0.3981
0.3982
0.3964
0.3984
0.3904
0.3977
0.398
0.3962
0.3978
0.3977
0.3943
0.3994
0.3972
0.3982
0.396
0.399
0.3982
0.3978
0.3964
0.3739
0.3956
0.3787
0.3973
0.3977
0.3988
0.3961
0.3992
0.3996
0.3974
0.3982
0.3962
0.3986
0.3967
0.3965
0.397
0.3997
0.3989
0.3975
0.3982
0.3957
0.3992
0.3974
0.3977
0.3994
0.3981
0.3988
0.3984
0.3954
0.3977
0.3961
0.3974
0.3948
0.3967
0.3969
0.397
0.3955
0.3953
0.3966
0.398
0.3958
0.3985
0.3987
0.3956
0.3965
0.3976
0.3949
0.3981
0.3977
0.3976
0.3966
0.3968
0.398
0.3918
0.3963
0.395
0.3988
0.3959
0.3877
0.3842
0.3981
0.397
0.3993
0.3981
0.3984
0.3968
0.3954
0.3994
0.3972
0.3977
0.391
0.3955
0.3978
0.3984
0.3981
0.3966
0.3977
0.3983
0.3977
0.3984
0.3983
0.3984
0.3969
0.3975
0.3966
0.3981
0.3977
0.3955
0.3984
0.3923
0.3971
0.3989
0.3979
0.3976
0.3973
0.3971
0.3987
0.3963
0.3975
0.3957
0.3989
0.3983
0.3973
0.3976
0.3941
0.3962
0.3977
0.3964
0.3977
0.3987
0.3976
0.395
0.3976
0.3965
0.3947
0.3984
0.3989
0.3994
0.3984
0.3993
0.3952
0.3967
0.399
0.3923
0.3991
0.3993
0.3953
0.3971
0.3955
0.396
0.3977
0.3995
0.3911
0.3981
0.3967
0.3964
0.3989
0.3975
0.3955
0.3963
0.3971
0.3748
0.3965
0.3987
0.3971
0.3947
0.398
0.3971
0.3989
0.3971
0.3995
0.3971
0.3969
0.3926
0.3979
0.3931
0.3988
0.3971
0.3985
0.3973
0.3983
0.3966
0.3983
0.3888
0.3968
0.3988
0.3968
0.3976
0.3951
0.3982
0.3955
0.3988
0.399
0.3961
0.3978
0.3962
0.3978
0.3979
0.3986
0.3959
0.3963
0.399
0.3853
0.3969
0.3972
0.3969
0.3969
NA
NA
NA
NA
NA
NA
NA
NA
NA
NA
NA
NA
NA
NA
NA
NA
NA
NA
NA
NA
NA
NA
NA
NA
NA
NA
NA
NA
NA
NA
NA
NA
NA
NA
NA
NA
NA
NA
NA
NA
NA
NA
NA
NA
NA
NA
NA
NA
NA
NA
NA
NA
NA
NA
NA
NA
NA
NA
NA
NA
NA
NA
NA
NA
NA
NA
NA
NA
NA
NA
NA
NA
NA
NA
NA
NA
NA
NA
NA
NA
NA
NA
NA
NA
NA
NA
NA
NA
NA
NA
NA
NA
NA
NA
NA
NA
NA
NA
NA
NA
NA
NA
NA
NA
NA
NA
NA
NA
NA
NA
NA
NA
NA
NA
NA
NA
NA
NA
NA
NA
NA
NA
NA
NA
NA
NA
NA
NA
NA
NA
NA
NA
NA
NA
NA
NA
NA
NA
NA
NA
NA
NA
NA
NA
NA
NA
NA
NA
NA
NA
NA
NA
NA
NA
NA
NA
NA
NA
NA
NA
NA
NA
NA
NA
NA
NA
NA
NA
NA
NA
NA
NA
NA
NA
NA
NA
NA
NA
NA
NA
NA
NA
NA
NA
NA
NA
NA
NA
NA
NA
NA
NA
NA
NA
NA
NA
NA
NA
NA
NA
NA
NA
NA
NA
NA
NA
NA
NA
NA
NA
NA
NA
NA
NA
NA
NA
NA
NA
NA
NA
NA
NA
NA
NA
NA
NA
NA
NA
NA
NA
NA
NA
NA
NA
NA
NA
NA
NA
NA
NA
NA
NA
NA
NA
NA
NA
NA
NA
NA
NA
NA
NA
NA
NA
NA
NA
NA
NA
NA
NA
NA
NA
NA
NA
NA
NA
NA
NA
NA
NA
NA
NA
NA
NA
NA
NA
NA
NA
NA
NA
NA
NA
NA
NA
NA
NA
NA
NA
NA
NA
NA
NA
NA
NA
NA
NA
NA
NA
NA
NA
NA
NA
NA
NA
NA
NA
NA
NA
NA
NA
NA
NA
NA
NA
NA
NA
NA
NA
NA
NA
NA
NA
NA
NA
NA
NA
NA
NA
NA
NA
NA
NA
NA
NA
NA
NA
NA
NA
NA
NA
NA
NA
NA
NA
NA
NA
NA
NA
NA
NA
NA
NA
NA
NA
NA
NA
NA
NA
NA
NA
NA
NA
NA
NA
NA
NA
NA
NA
NA
NA
NA
NA
NA
NA
NA
NA
NA
NA
NA
NA
NA
NA
NA
NA
NA
NA
NA
NA
NA
NA
NA
NA
NA
NA
NA
NA
NA
NA
NA
NA
NA
NA
NA
NA
NA
NA
NA
NA
NA
NA
NA
NA
NA
NA
NA
NA
NA
NA
NA
NA
NA
NA
NA
NA
NA
NA
NA
NA
NA
NA
NA
NA
NA
NA
NA
NA
NA
NA
NA
NA
NA
NA
NA
NA
NA
NA
NA
NA
NA
NA
NA
NA
NA
NA
NA
NA
NA
NA
NA
NA
NA
NA
NA
NA
NA
NA
NA
NA
NA
NA
NA
NA
NA
NA
NA
NA
NA
NA
NA
NA
NA
NA
NA
NA
NA
NA
NA
NA
NA
NA
NA
NA
NA
NA
NA
NA
NA
NA
NA
NA
NA
NA
NA
NA
NA
NA
NA
NA
NA
NA
NA
NA
NA
NA
NA
NA
NA
NA
NA
NA
NA
NA
NA
NA
NA
NA
NA
NA
NA
NA
NA
NA
NA
NA
NA
NA
NA
NA
NA
NA
NA
NA
NA
NA
NA
NA
NA
NA
NA
NA
NA
NA
NA
NA
NA
NA
NA
NA
NA
NA
NA
NA
NA
NA
NA
NA
NA
NA
NA
NA
NA
NA
NA
NA
NA
NA
NA
NA
NA
NA
NA
NA
NA
NA
NA
NA
NA
NA
NA
NA
NA
NA
NA
NA
NA
NA
NA
NA
NA
NA
NA
NA
NA
NA
NA
NA
NA
NA
NA
NA
NA
NA
NA
NA
NA
NA
NA
NA
NA
NA
NA
NA
NA
NA
NA
NA
NA
NA
NA
NA
NA
NA
NA
NA
NA
NA
NA
NA
NA
NA
NA
NA
NA
NA
NA
NA
NA
NA
NA
NA
NA
NA
NA
NA
NA
NA
NA
NA
NA
NA
NA
NA
NA
NA
NA
NA
NA
NA
NA
NA
NA
NA
NA
NA
NA
NA
NA
NA
NA
NA
NA
NA
NA
NA
NA
NA
NA
NA
NA
NA
NA
NA
NA
NA
NA
NA
NA
NA
NA
NA
NA
NA
NA
NA
NA
NA
NA
NA
NA
NA
NA
NA
NA
NA
NA
NA
NA
NA
NA
NA
NA
NA
NA
NA
NA
NA
NA
NA
NA
NA
NA
NA
NA
NA
NA
NA
NA
NA
NA
NA
NA
NA
NA
NA
NA
NA
NA
NA
NA
NA
NA
NA
NA
NA
NA
NA
NA
NA
NA
NA
NA
NA
NA
NA
NA
NA
NA
NA
NA
NA
NA
NA
NA
NA
NA
NA
NA
NA
NA
NA
NA
NA
NA
NA
NA
NA
NA
NA
NA
NA
NA
NA
NA
NA
NA
NA
NA
NA
NA
NA
NA
NA
NA
NA
NA
NA
NA
NA
NA
NA
NA
NA
NA
NA
NA
NA
NA
NA
NA
NA
NA
NA
NA
NA
NA
NA
NA
NA
NA
NA
NA
NA
NA
NA
NA
NA
NA
NA
NA
NA
NA
NA
NA
NA
NA
NA
NA
NA
NA
NA
NA
NA
NA
NA
NA
NA
NA
NA
NA
NA
NA
NA
NA
NA
NA
NA
NA
NA
NA
NA
NA
NA
NA
NA
NA
NA
NA
NA
NA
NA
NA
NA
NA
NA
NA
NA
NA
NA
NA
NA
NA
NA
NA
NA
NA
NA
NA
NA
NA
NA
NA
NA
NA
NA
NA
NA
NA
NA
NA
NA
NA
NA
NA
NA
NA
NA
NA
NA
NA
NA
NA
NA
NA
NA
NA
NA
NA
NA
NA
NA
NA
NA
NA
NA
NA
NA
NA
NA
NA
NA
NA
NA
NA
NA
NA
NA
NA
NA
NA
NA
NA
NA
NA
NA
NA
NA
NA
NA
NA
NA
NA
NA
NA
NA
NA
NA
NA
NA
NA
NA
NA
NA
NA
NA
NA
NA
NA
NA
NA
NA
NA
NA
NA
NA
NA
NA
NA
NA
NA
NA
NA
NA
NA
NA
NA
NA
NA
NA
NA
NA
NA
NA
NA
NA
NA
NA
NA
NA
NA
NA
NA
NA
NA
NA
NA
NA
NA
NA
NA
NA
NA
NA
NA
NA
NA
NA
NA
NA
NA
NA
NA
NA
NA
NA
NA
NA
NA
NA
NA
NA
NA
NA
NA
NA
NA
NA
NA
NA
NA
NA
NA
NA
NA
NA
NA
NA
NA
NA
NA
NA
NA
NA
NA
NA
NA
NA
NA
NA
NA
NA
NA
NA
NA
NA
NA
NA
NA
NA
NA
NA
NA
NA
NA
NA
NA
NA
NA
NA
NA
NA
NA
NA
NA
NA
NA
NA
NA
NA
NA
NA
NA
NA
NA
NA
NA
NA
NA
NA
NA
NA
NA
NA
NA
NA
NA
NA
NA
NA
NA
NA
NA
NA
NA
NA
NA
NA
NA
NA
NA
NA
NA
NA
NA
NA
NA
NA
NA
NA
NA
NA
NA
NA
NA
NA
NA
NA
NA
NA
NA
NA
NA
NA
NA
NA
NA
NA
NA
NA
NA
NA
NA
NA
NA
NA
NA
NA
NA
NA
NA
NA
NA
NA
NA
NA
NA
NA
NA
NA
NA
NA
NA
NA
NA
NA
NA
NA
NA
NA
NA
NA
NA
NA
NA
NA
NA
NA
NA
NA
NA
NA
NA
NA
NA
NA
NA
NA
NA
NA
NA
NA
NA
NA
NA
NA
NA
NA
NA
NA
NA
NA
NA
NA
NA
NA
NA
NA
NA
NA
NA
NA
NA
NA
NA
NA
NA
NA
NA
NA
NA
NA
NA
NA
NA
NA
NA
NA
NA
NA
NA
NA
NA
NA
NA
NA
NA
NA
NA
NA
NA
NA
NA
NA
NA
NA
NA
NA
NA
NA
NA
NA
NA
NA
NA
NA
NA
NA
NA
NA
NA
NA
NA
NA
NA
NA
NA
NA
NA
NA
NA
NA
NA
NA
NA
NA
NA
NA
NA
NA
NA
NA
NA
NA
NA
NA
NA
NA
NA
NA
NA
NA
NA
NA
NA
NA
NA
NA
NA
NA
NA
NA
NA
NA
NA
NA
NA
NA
NA
NA
NA
NA
NA
NA
NA
NA
NA
NA
NA
NA
NA
NA
NA
NA
NA
NA
NA
NA
NA
NA
NA
NA
NA
NA
NA
NA
NA
NA
NA
NA
NA
NA
NA
NA
NA
NA
NA
NA
NA
NA
NA
NA
NA
NA
NA
NA
NA
NA
NA
NA
NA
NA
NA
NA
NA
NA
NA
NA
NA
NA
NA
NA
NA
NA
NA
NA
NA
NA
NA
NA
NA
NA
NA
NA
NA
NA
NA
NA
NA
NA
NA
NA
NA
NA
NA
NA
NA
NA
NA
NA
NA
NA
NA
NA
NA
NA
NA
NA
NA
NA
NA
NA
NA
NA
NA
NA
NA
NA
NA
NA
NA
NA
NA
NA
NA
NA
NA
NA
NA
NA
NA
NA
NA
NA
NA
NA
NA
NA
NA
NA
NA
NA
NA
NA
NA
NA
NA
NA
NA
NA
NA
NA
NA
NA
NA
NA
NA
NA
NA
NA
NA
NA
NA
NA
NA
NA
NA
NA
NA
NA
NA
NA
NA
NA
NA
NA
NA
NA
NA
NA
NA
NA
NA
NA
NA
NA
NA
NA
NA
NA
NA
NA
NA
NA
NA
NA
NA
NA
NA
NA
NA
NA
NA
NA
NA
NA
NA
NA
NA
NA
NA
NA
NA
NA
NA
NA
NA
NA
NA
NA
NA
NA
NA
NA
NA
NA
NA
NA
NA
NA
NA
NA
NA
NA
NA
NA
NA
NA
NA
NA
NA
NA
NA
NA
NA
NA
NA
NA
NA
NA
NA
NA
NA
NA
NA
NA
NA
NA
NA
NA
NA
NA
NA
NA
NA
NA
NA
NA
NA
NA
NA
NA
NA
NA
NA
NA
NA
NA
NA
NA
NA
NA
NA
NA
NA
NA
NA
NA
NA
NA
NA
NA
NA
NA
NA
NA
NA
NA
NA
NA
NA
NA
NA
NA
NA
NA
NA
NA
NA
NA
NA
NA
NA
NA
NA
NA
NA
NA
NA
NA
NA
NA
NA
NA
NA
NA
NA
NA
NA
NA
NA
NA
NA
NA
NA
NA
NA
NA
NA
NA
NA
NA
NA
NA
NA
NA
NA
NA
NA
NA
NA
NA
NA
NA
NA
NA
NA
NA
NA
NA
NA
NA
NA
NA
NA
NA
NA
NA
NA
NA
NA
NA
NA
NA
NA
NA
NA
NA
NA
NA
NA
NA
NA
NA
NA
NA
NA
NA
NA
NA
NA
NA
NA
NA
NA
NA
NA
NA
NA
NA
NA
NA
NA
NA
NA
NA
NA
NA
NA
NA
NA
NA
NA
NA
NA
NA
NA
NA
NA
NA
NA
NA
NA
NA
NA
NA
NA
NA
NA
NA
NA
NA
NA
NA
NA
NA
NA
NA
NA
NA
NA
NA
NA
NA
NA
NA
NA
NA
NA
NA
NA
NA
NA
NA
NA
NA
NA
NA
NA
NA
NA
NA
NA
NA
NA
NA
NA
NA
NA
NA
NA
NA
NA
NA
NA
NA
NA
NA
NA
NA
NA
NA
NA
NA
NA
NA
NA
NA
NA
NA
NA
NA
NA
NA
NA
NA
NA
NA
NA
NA
NA
NA
NA
NA
NA
NA
NA
NA
NA
NA
NA
NA
NA
NA
NA
NA
NA
NA
NA
NA
NA
NA
NA
NA
NA
NA
NA
NA
NA
NA
NA
NA
NA
NA
NA
NA
NA
NA
NA
NA
NA
NA
NA
NA
NA
NA
NA
NA
NA
NA
NA
NA
NA
NA
NA
NA
NA
NA
NA
NA
NA
NA
NA
NA
NA
NA
NA
NA
NA
NA
NA
NA
NA
NA
NA
NA
NA
NA
NA
NA
NA
NA
NA
NA
NA
NA
NA
NA
NA
NA
NA
NA
NA
NA
NA
NA
NA
NA
NA
NA
NA
NA
NA
NA
NA
NA
NA
NA
NA
NA
NA
NA
NA
NA
NA
NA
NA
NA
NA
NA
NA
NA
NA
NA
NA
NA
NA
NA
NA
NA
NA
NA
NA
NA
NA
NA
NA
NA
NA
NA
NA
NA
NA
NA
NA
NA
NA
NA
NA
NA
NA
NA
NA
NA
NA
NA
NA
NA
NA
NA
NA
NA
NA
NA
NA
NA
NA
NA
NA
NA
NA
NA
NA
NA
NA
NA
NA
NA
NA
NA
NA
NA
NA
NA
NA
NA
NA
NA
NA
NA
NA
NA
NA
NA
NA
NA
NA
NA
NA
NA
NA
NA
NA
NA
NA
NA
NA
NA
NA
NA
NA
NA
NA
NA
NA
NA
NA
NA
NA
NA
NA
NA
NA
NA
NA
NA
NA
NA
NA
NA
NA
NA
NA
NA
NA
NA
NA
NA
NA
NA
NA
NA
NA
NA
NA
NA
NA
NA
NA
NA
NA
NA
NA
NA
NA
NA
NA
NA
NA
NA
NA
NA
NA
NA
NA
NA
NA
NA
NA
NA
NA
NA
NA
NA
NA
NA
NA
NA
NA
NA
NA
NA
NA
NA
NA
NA
NA
NA
NA
NA
NA
NA
NA
NA
NA
NA
NA
NA
NA
NA
NA
NA
NA
NA
NA
NA
NA
NA
NA
NA
NA
NA
NA
NA
NA
NA
NA
NA
NA
NA
NA
NA
NA
NA
NA
NA
NA
NA
NA
NA
NA
NA
NA
NA
NA
NA
NA
NA
NA
NA
NA
NA
NA
NA
NA
NA
NA
NA
NA
NA
NA
NA
NA
NA
NA
NA
NA
NA
NA
NA
NA
NA
NA
NA
NA
NA
NA
NA
NA
NA
NA
NA
NA
NA
NA
NA
NA
NA
NA
NA
NA
NA
NA
NA
NA
NA
NA
NA
NA
NA
NA
NA
NA
NA
NA
NA
NA
NA
NA
NA
NA
NA
NA
NA
NA
NA
NA
NA
NA
NA
NA
NA
NA
NA
NA
NA
NA
NA
NA
NA
NA
NA
NA
NA
NA
NA
NA
NA
NA
NA
NA
NA
NA
NA
NA
NA
NA
NA
NA
NA
NA
NA
NA
NA
NA
NA
NA
NA
NA
NA
NA
NA
NA
NA
NA
NA
NA
NA
NA
NA
NA
NA
NA
NA
NA
NA
NA
NA
NA
NA
NA
NA
NA
NA
NA
NA
NA
NA
NA
NA
NA
NA
NA
NA
NA
NA
NA
NA
NA
NA
NA
NA
NA
NA
NA
NA
NA
NA
NA
NA
NA
NA
NA
NA
NA
NA
NA
NA
NA
NA
NA
NA
NA
NA
NA
NA
NA
NA
NA
NA
NA
NA
NA
NA
NA
NA
NA
NA
NA
NA
NA
NA
NA
NA
NA
NA
NA
NA
NA
NA
NA
NA
NA
NA
NA
NA
NA
NA
NA
NA
NA
NA
NA
NA
NA
NA
NA
NA
NA
NA
NA
NA
NA
NA
NA
NA
NA
NA
NA
NA
NA
NA
NA
NA
NA
NA
NA
NA
NA
NA
NA
NA
NA
NA
NA
NA
NA
NA
NA
NA
NA
NA
NA
NA
NA
NA
NA
NA
NA
NA
NA
NA
NA
NA
NA
NA
NA
NA
NA
NA
NA
NA
NA
NA
NA
NA
NA
NA
NA
NA
NA
NA
NA
NA
NA
NA
NA
NA
NA
NA
NA
NA
NA
NA
NA
NA
NA
NA
NA
NA
NA
NA
NA
NA
NA
NA
NA
NA
NA
NA
NA
NA
NA
NA
NA
NA
NA
NA
NA
NA
NA
NA
NA
NA
NA
NA
NA
NA
NA
NA
NA
NA
NA
NA
NA
NA
NA
NA
NA
NA
NA
NA
NA
NA
NA
NA
NA
NA
NA
NA
NA
NA
NA
NA
NA
NA
NA
NA
NA
NA
NA
NA
NA
NA
NA
NA
NA
NA
NA
NA
NA
NA
NA
NA
NA
NA
NA
NA
NA
NA
NA
NA
NA
NA
NA
NA
NA
NA
NA
NA
NA
NA
NA
NA
NA
NA
NA
NA
NA
NA
NA
NA
NA
NA
NA
NA
NA
NA
NA
NA
NA
NA
NA
NA
NA
NA
NA
NA
NA
NA
NA
NA
NA
NA
NA
NA
NA
NA
NA
NA
NA
NA
NA
NA
NA
NA
NA
NA
NA
NA
NA
NA
NA
NA
NA
NA
NA
NA
NA
NA
NA
NA
NA
NA
NA
NA
NA
NA
NA
NA
NA
NA
NA
NA
NA
NA
NA
NA
NA
NA
NA
NA
NA
NA
NA
NA
NA
NA
NA
NA
NA
NA
NA
NA
NA
NA
NA
NA
NA
NA
NA
NA
NA
NA
NA
NA
NA
NA
NA
NA
NA
NA
NA
NA
NA
NA
NA
NA
NA
NA
NA
NA
NA
NA
NA
NA
NA
NA
NA
NA
NA
NA
NA
NA
NA
NA
NA
NA
NA
NA
NA
NA
NA
NA
NA
NA
NA
NA
NA
NA
NA
NA
NA
NA
NA
NA
NA
NA
NA
NA
NA
NA
NA
NA
NA
NA
NA
NA
NA
NA
NA
NA
NA
NA
NA
NA
NA
NA
NA
NA
NA
NA
NA
NA
NA
NA
NA
NA
NA
NA
NA
NA
NA
NA
NA
NA
NA
NA
NA
NA
NA
NA
NA
NA
NA
NA
NA
NA
NA
NA
NA
NA
NA
NA
NA
NA
NA
NA
NA
NA
NA
NA
NA
NA
NA
NA
NA
NA
NA
NA
NA
NA
NA
NA
NA
NA
NA
NA
NA
NA
NA
NA
NA
NA
NA
NA
NA
NA
NA
NA
NA
NA
NA
NA
NA
NA
NA
NA
NA
NA
NA
NA
NA
NA
NA
NA
NA
NA
NA
NA
NA
NA
NA
NA
NA
NA
NA
NA
NA
NA
NA
NA
NA
NA
NA
NA
NA
NA
NA
NA
NA
NA
NA
NA
NA
NA
NA
NA
NA
NA
NA
NA
NA
NA
NA
NA
NA
NA
NA
NA
NA
NA
NA
NA
NA
NA
NA
NA
NA
NA
NA
NA
NA
NA
NA
NA
NA
NA
NA
NA
NA
NA
NA
NA
NA
NA
NA
NA
NA
NA
NA
NA
NA
NA
NA
NA
NA
NA
NA
NA
NA
NA
NA
NA
NA
NA
NA
NA
NA
NA
NA
NA
NA
NA
NA
NA
NA
NA
NA
NA
NA
NA
NA
NA
NA
NA
NA
NA
NA
NA
NA
NA
NA
NA
NA
NA
NA
NA
NA
NA
NA
NA
NA
NA
NA
NA
NA
NA
NA
NA
NA
NA
NA
NA
NA
NA
NA
NA
NA
NA
NA
NA
NA
NA
NA
NA
NA
NA
NA
NA
NA
NA
NA
NA
NA
NA
NA
NA
NA
NA
NA
NA
NA
NA
NA
NA
NA
NA
NA
NA
NA
NA
NA
NA
NA
NA
NA
NA
NA
NA
NA
NA
0.4406
0.0495
0.5182
0.4679
0.2792
0.3237
0.3155
0.0552
0.4662
0.1105
0.3222
0.5245
0.0312
0.2406
0.3022
0.2738
0.2761
0.0524
0.0543
0.4294
0.3567
0.4894
0.237
0.2784
0.2099
0.4898
0.2716
0.6029
0.25
0.371
0.16
0.6783
0.04
0.3029
0.414
0.2452
0.0361
0.1649
0.2363
0.2961
0.3448
0.461
0.0542
0.185
0.3023
0.449
0.2515
0.3068
0.3032
0.2581
0.2714
0.6187
0.4275
0.2235
0.3212
0.3986
0.4242
0.3013
0.3457
0.44
0.531
0.2781
0.2622
0.3069
0.4113
0.5132
0.3289
0.2439
0.3108
0.4444
0.233
0.4094
0.4025
0.3906
0.3314
0.5467
0.3875
0.5455
0.3272
0.0259
0.3072
0.5213
0.3101
0.2353
0.2065
0.3013
0.3399
0.5507
0.2365
0.6047
0.2339
0.2781
0.3977
0.4403
0.4043
0.3681
0.0495
0.4048
0.3487
0.3654
0.1628
0.3871
0.3812
0.0552
0.1264
0.2532
0.2193
0.3896
0.1154
0.5139
0.3593
0.2699
0.1333
0.2961
0.3543
0.3436
0.4556
0.3025
0.0411
0.3239
0.3007
0.2875
0.1625
0.2667
0.2807
0.2432
0.3254
0.2848
0.3294
0.2949
0.3636
0.224
0.4275
0.5782
0.0743
0.3067
0.2542
0.4621
0.4333
0.06
0.2209
0.3547
0.4436
0.2992
0.2581
0.3278
0.4437
0.4225
0.4231
0.5455
0.4774
0.3433
0.205
0.1845
0.4068
0.2247
0.2642
0.262
0.225
0.3559
0.2031
0.2402
0.3143
0.2663
0.3442
0.2265
0.2945
0.4444
0.0651
0.3169
0.7519
0.3938
0.0455
0.2733
0.1613
0.2023
0.5035
0.3566
0.1292
0.0865
0.3972
0.3273
0.697
0.3955
0.2568
0.2114
0.7984
0.1921
0.4161
0.25
0.25
0.3562
0.3234
0.4806
0.2816
0.705
0.0468
0.3908
0.4697
0.2038
0.2092
0.257
0.0722
0.5424
0.4925
0.4694
0.3923
0.0604
0.3333
0.3742
0.0842
0.0429
0.471
0.1722
0.3796
0.4286
0.2857
0.14
0.4965
0.3143
0.25
0.3529
0.2774
0.5224
0.3041
0.6039
0.4012
0.3806
0.226
0.3333
0.3952
0.4324
0.4527
0.3897
0.3533
0.3697
0.4839
0.4685
0.3691
0.5068
0.052
0.0659
0.4583
0.3907
0.5031
0.4848
0.4012
0.28
0.3012
0.3693
0.5429
0.5085
0.4422
0.206
0.3049
0.4247
0.4099
0.3248
0.2663
0.4125
0.093
0.4133
0.4681
0.1462
0.2881
0.2561
0.0556
0.1886
0.5177
0.2716
0.3397
0.08
0.4485
0.5122
0.3558
0.2188
0.1935
0.3571
0.0745
0.3897
0.6103
0.4186
0.3526
0.3283
0.3308
0.1337
0.2581
0.3988
0.6372
0.4267
0.5211
0.25
0.2836
0.345
0.4438
0.3185
0.0846
0.5182
0.4341
0.3193
0.05
0.379
0.3876
0.3311
0.3544
0.0582
0.3269
0.3129
0.2584
0.3741
0.5882
0.5108
0.3129
0.4238
0.2434
0.4351
0.3946
0.2821
0.3034
0.5714
0.1139
0.1622
0.5
0.1824
0.2564
0.2222
0.216
0.3744
0.2606
0.3546
0.5245
0.1854
0.0894
0.3473
0.2717
0.4694
0.4189
0.2896
0.1782
0.2252
0.5679
0.2987
0.7063
0.3735
0.5395
0.1768
0.1837
0.2414
0.025
0.363
0.3097
0.1863
0.4138
0.2832
0.4676
0.3869
0.3721
0.3171
0.4966
0.1205
0.3032
0.5263
0.4698
0.3214
0.0781
0.3312
0.2948
0.4565
0.3041
0.2715
0.0645
0.5
0.7863
0.3133
0.2715
0.3732
0.4737
0.3148
0.4294
0.4048
0.2431
0.2312
0.0581
0.25
0.0976
0.2038
0.0408
0.284
0.3353
0.3916
0.3284
0.1134
0.4221
0.1865
0.3852
0.3029
0.4966
0.244
0.2254
0.4438
0.2235
0.4621
0.1988
0.3691
0.2327
0.3013
0.2
0.1283
0.2562
0.5329
0.7344
0.1017
0.5321
0.2585
0.4364
0.0659
0.2717
0.044
0.3039
0.2308
0.3353
0.4201
0.3951
0.0783
0.6992
0.5068
0.0733
0.3219
0.2147
0.3353
0.4233
0.3333
0.1
0.2622
0.1368
0.4379
0.3423
0.359
0.4348
0.3081
0.6562
0.4067
0.2312
0.3557
0.3118
0.5188
0.4671
0.2814
0.2554
0.2468
0.3311
0.3101
0.2527
0.2387
0.2396
0.3254
0.3865
0.2733
0.7597
0.0743
0.1879
0.0406
0.0857
0.3514
0.216
0.5802
0.2182
0.3609
0.1557
0.3481
0.3066
0.3878
0.3087
0.3971
0.2121
0.226
0.195
0.3846
0.311
0.178
0.3442
0.2806
0.297
0.1827
0.483
0.5357
0.3986
0.4885
0.2253
0.3313
0.0526
0.3295
0.4125
0.303
0.3514
0.28
0.4408
0.4783
0.4412
0.2216
0.3775
0.4206
0.3218
0.225
0.1562
0.441
0.3247
0.5074
0.0983
0.0402
0.3841
0.3171
0.1613
0.2011
0.0442
0.338
0.2688
0.2663
0.3782
0.6828
0.2817
0.0915
0.3673
0.4148
0.2891
0.3472
0.3688
0.2929
0.2162
0.2517
0.2933
0.1005
0.2695
0.4692
0.4656
0.1768
0.3631
0.4309
0.4088
0.2766
0.4268
0.5407
0.4354
0.4067
0.2737
0.3743
0.1742
0.4231
0.3525
0.3941
0.1133
0.358
0.4027
0.4755
0.3289
0.0983
0.2561
0.4483
0.0565
0.242
0.3268
0.4539
0.4257
0.3561
0.3352
0.2707
0.0291
0.382
0.3642
0.3742
0.2564
0.2886
0.0417
0.3064
0.3247
0.2757
0.2356
0.0637
0.6889
0.1667
0.4277
0.0571
0.0163
0.2406
0.5229
0.3551
0.4539
0.3333
0.0269
0.3617
0.3
0.461
0.3892
0.5513
0.1685
0.2818
0.4965
0.0526
0.3732
0.2967
0.443
0.3562
0.2595
0.3333
0.3478
0.3161
0.2704
0.6581
0.391
0.3176
0.3506
0.3846
0.5147
0.2927
0.4211
0.269
0.1222
0.2367
0.0743
0.4328
0.4854
0.75
0.2174
0.2781
0.2706
0.1959
0.2222
0.3675
0.4184
0.2717
0.3614
0.2822
0.4323
0.2874
0.3072
0.1749
0.4444
0.2682
0.2452
0.2941
0.3091
0.2738
0.349
0.3546
0.1768
0.1962
0.4392
0.0421
0.2381
0.2262
0.1781
0.2723
0.0518
0.3071
0.3
0.2517
0.52
0.366
0.3558
0.1921
0.4094
0.4577
0.1585
0.3
0.2539
0.5207
0.2242
0.3939
0.3284
0.2989
0.2026
0.302
0.2931
0.4295
0.3232
0.5775
0.2384
0.2793
0.5357
0.3416
0.2987
0.1579
0.3669
0.312
0.3377
0.2558
0.3023
0.2356
0.4403
0.3648
0.2917
0.3514
0.3027
0.3295
0.0585
0.236
0.383
0.3224
0.3484
0.4514
0.3161
0.1296
0.4286
0.5867
0.3766
0.2927
0.2013
0.471
0.3653
0.449
0.2327
0.5276
0.2688
0.3333
0.4012
0.2866
0.2176
0.44
0.3015
0.276
0.2877
0.4586
0.3974
0.5667
0.2892
0.2403
0.589
0.4828
0.3812
0.3714
0.3669
0.0517
0.0345
0.175
0.4408
0.2571
0.4146
0.2083
0.4493
0.0479
0.2363
0.4026
0.3782
0.3267
0.2395
0.1959
0.3846
0.2656
0.2793
0.4
0.2866
0.2893
0.5241
0.4088
0.1834
0.4812
0.6918
0.283
0.2635
0.2683
0.5205
0.0368
0.2788
0.2372
0.3526
0.4783
0.1947
0.5625
0.1814
0.2147
0.3291
0.2378
0.6277
0.2129
0.1538
0.2
0.2356
0.4218
0.5097
0.0909
0.2013
0.1117
0.3873
0.4311
0.366
0.4049
0.414
0.3665
0.4299
0.2143
0.2
0.4362
0.2848
0.1316
0.0585
0.2568
0.2941
0.3077
0.071
0.2275
0.1632
0.3462
0.3537
0.4275
0.383
0.2268
0.3176
0.4296
0.2299
0.4038
0.5704
0.2
0.3442
0.2374
0.2349
0.705
0.0638
0.3972
0.1264
0.552
0.4161
0.3798
0.4538
0.4695
0.4228
0.2403
0.5563
0.309
0.2617
0.2547
0.2258
0.3036
0.3103
0.3012
0.425
0.0365
0.1774
0.2797
0.2752
0.535
0.2081
0.415
0.4066
0.4338
0.0359
0.2036
0.3438
0.3484
0.2229
0.6985
0.3797
0.3453
0.3353
0.3308
0.3152
0.3784
0.52
0.3125
0.4803
0.2929
0.3964
0.2558
0.4897
0.4452
0.3184
0.2458
0.2258
0.4
0.3094
0.3613
0.2797
0.306
0.3352
0.0579
0.4889
0.2944
0.2147
0.3268
0.4172
0.2857
0.5
0.2692
0.0571
0.3396
0.4054
0.1646
0.0503
0.4247
0.3819
0.3026
0.4479
0.2
0.3315
0.327
0.4938
0.0426
0.4855
0.3375
0.2564
0.4041
0.4861
0.1789
0.3155
0.3779
0.4217
0.4177
0.2924
0.3671
0.3333
0.05
0.5494
0.4476
0.2134
0.07
0.3537
0.3938
0.0714
0.1549
0.1899
0.1646
0.4861
0.2688
0.2121
0.442
0.3728
0.327
0.3391
0.2826
0.2948
0.3245
0.329
0.3333
0.1782
0.0958
0.3333
0.4967
0.2296
0.2798
0.3455
0.2667
0.2848
0.4963
0.3061
0.3056
0.3333
0.2294
0.4286
0.1888
0.3172
0.2292
0.0386
0.0539
0.4257
0.2941
0.507
0.2468
0.0676
0.413
0.2892
0.3238
0.2108
0.1348
0.284
0.1526
0.2346
0.3
0.3537
0.2405
0.2143
0.3312
0.443
0.5427
0.4226
0.2981
0.3077
0.2651
0.3613
0.6463
0.3836
0.3614
0.1221
0.3742
0.6818
0.4028
0.1032
0.314
0.2919
0.0242
0.1437
0.1604
0.2905
0.5246
0.3288
0.5149
0.3232
0.5143
0.4207
0.3669
0.4221
0.355
0.3517
0.4217
0.0596
0.0552
0.0588
0.0266
0.0481
0.0166
0.0171
0.0506
0.0394
0.0343
0.2602
0.0348
0.2912
0.0321
0.3284
0.3394
0.245
0.4294
0.0172
0.3333
0.0366
0.2614
0.0226
0.3741
0.2531
0.5294
0.0464
0.0507
0.12
0.5137
0.0629
0.2682
0.3822
0.0311
0.3958
0.0455
0.2363
0.0585
0.0438
0.3961
0.0361
0.2395
0.0253
0.415
0.1737
0.3125
0.0231
0.0195
0.1589
0.0549
0.0387
0.0352
0.3926
0.0255
0.3193
0.3145
0.0435
0.0359
0.0395
0.2781
0.0391
0.0853
0.0181
0.0432
0.3026
0.0335
0.0422
0.381
0.0576
0.2953
0.3899
0.0541
0.0408
0.4371
0.0591
0.5664
0.2284
0.3576
0.0482
0.0306
0.1617
0.0608
0.1576
0.0471
0.0417
0.4275
0.0226
0.4566
0.0326
0.0378
0.0255
0.3657
0.3592
0.0307
0.2994
0.3095
0.0349
0.0298
0.0663
0.3355
0.0385
0.5833
0.0331
0.0588
0.1755
0.4091
0.0435
0.0442
0.2814
0.2331
0.0974
0.0408
0.3143
0.0161
0.2135
0.0495
0.0342
0.0435
0.0909
0.2209
0.0298
0.2308
0.0532
0.0245
0.0319
0.2393
0.2235
0.3077
0.3901
0.0547
0.4729
0.0169
0.0195
0.2667
0.0154
0.0588
0.0339
0.08
0.033
0.2674
0.4737
0.0213
0.0351
0.2444
0.3487
0.0124
0.0519
0.4615
0.4065
0.0336
0.205
0.1071
0.375
0.0366
0.2228
0.3352
0.1145
0.2446
0.1615
0.1421
0.0452
0.0326
0.0335
0.0312
0.0617
0.3819
0.0473
0.2216
0.5714
0.0385
0.1566
0.0629
0.0531
0.0541
0.4444
0.2517
0.3006
0.0366
0.0435
0.2651
0.553
0.3209
0.0244
0.0317
0.0301
0.1946
0.0161
0.2115
0.0506
0.0361
0.2788
0.0435
0.0311
0.5816
0.0172
0.0249
0.0506
0.2357
0.0121
0.0515
0.3734
0.4576
0.0377
0.0294
0.3132
0.1953
0.0366
0.3377
0.4304
0.2026
0.086
0.0435
0.0422
0.1146
0.3052
0.0465
0.4965
0.391
0.053
0.0112
0.3032
0.0241
0.0524
0.0652
0.3413
0.3161
0.3939
0.0395
0.0521
0.0236
0.0351
0.037
0.3562
0.0312
0.0385
0.2179
0.0723
0.1747
0.0405
0.0385
0.3547
0.3311
0.0255
0.25
0.0622
0.2649
0.0215
0.0556
0.4714
0.0629
0.3946
0.19
0.0395
0.0359
0.0387
0.0578
0.0492
0.0112
0.0393
0.0238
0.0291
0.2938
0.2486
0.2061
0.0302
0.0266
0.0442
0.216
0.3052
0.0331
0.0435
0.0297
0.0211
0.0174
0.0301
0.0503
0.0314
0.2847
0.5515
0.4535
0.0341
0.2828
0.3158
0.123
0.0242
0.0254
0.6261
0.2961
0.0237
0.0359
0.1442
0.4969
0.4188
0.0489
0.1302
0.4507
0.0336
0.2308
0.0444
0.0414
0.358
0.046
0.3208
0.0417
0.0473
0.0793
0.264
0.24
0.5368
0.0581
0.0432
0.3444
0.0244
0.4221
0.1847
0.2308
0.2621
0.0435
0.2328
0.0471
0.0323
0.0337
0.0482
0.0272
0.2469
0.3846
0.0219
0.044
0.0347
0.0262
0.067
0.0267
0.2312
0.4762
0.0347
0.0299
0.033
0.0549
0.5926
0.0429
0.6508
0.3253
0.0328
0.1823
0.0146
0.0415
0.2568
0.076
0.0282
0.1988
0.0497
0.0372
0.037
0.0316
0.0274
0.0275
0.3333
0.0629
0.2447
0.4737
0.0452
0.0211
0.0703
0.4
0.1564
0.0305
0.2905
0.0545
0.582
0.0114
0.6068
0.0292
0.2119
0.0621
0.1543
0.2683
0.3135
0.2917
0.2514
0.0216
0.0584
0.2434
0.0299
0.1465
0.0406
0.2308
0.011
0.0412
0.0476
0.0928
0.033
0.0049
0.4
0.1833
0.0402
0.0497
0.0482
0.0354
0.0372
0.3835
0.0328
0.0235
0.2138
0.2564
0.0393
0.0309
0.3355
0.5608
0.2953
0.4133
0.0899
0.1959
0.0383
0.0599
0.2299
0.0604
0.2707
0.1667
0.3041
0.0619
0.3333
0.0359
0.0516
0.0395
0.0359
0.2721
0.2034
0.2033
0.0481
0.2651
0.0375
0.2393
0.0609
0.0442
0.3108
0.1322
0.3292
0.0415
0.0479
0.38
0.035
0.006
0.2647
0.4662
0.0452
0.2395
0.0049
0.0719
0.071
0.2264
0.2253
0.0233
0.2188
0.0211
0.2988
0.3267
0.0714
0.0495
0.0446
0.0203
0.0114
0.0663
0.2099
0.051
0.0229
0.0374
0.0511
0.033
0.292
0.0237
0.0479
0.0197
0.2364
0.0417
0.1366
0.027
0.2317
0.0343
0.0292
0.0268
0.2321
0.0476
0.014
0.4571
0.3504
0.4034
0.0253
0.184
0.0292
0.0305
0.0165
0.0385
0.0536
0.0162
0.4342
0.044
0.0248
0.0439
0.1429
0.0429
0.0392
0.0233
0.0406
0.0368
0.1592
0.3957
0.3072
0.4024
0.3642
0.022
0.0704
0.1839
0.0221
0.0309
0.064
0.043
0.0393
0.033
0.0633
0.0321
0.0533
0.0195
0.049
0.0239
0.2875
0.3165
0.1838
0.0581
0.0427
0.0647
0.0317
0.0667
0.3258
0.0155
0.2426
0.021
0.0632
0.0242
0.044
0.3287
0.0769
0.2166
0.0297
0.2151
0.1742
0.3077
0.3094
0.2147
0.0312
0.0435
0.0364
0.4792
0.0457
0.0988
0.0437
0.3851
0.0169
0.2025
0.2403
0.0244
0.0114
0.0455
0.2737
0.0341
0.2867
0.0288
0.2948
0.3926
0.0369
0.2568
0.3944
0.2102
0.0174
0.0194
0.0267
0.1133
0.6667
0.0305
0.0423
0.0343
0.0326
0.2075
0.0324
0.0458
0.024
0.0265
0.2683
0.3105
0.0287
0.0056
0.0139
0.0214
0.2111
0.0412
0.0173
0.2876
0.338
0.1793
0.0355
0.0389
0.0608
0.0435
0.022
0.0153
0.0094
0.1079
0.2866
0.2953
0.0465
0.1258
0.4118
0.2561
0.3439
0.2917
0.0053
0.1953
0.351
0.3507
0.0594
0.0301
0.023
0.1883
0.2882
0.2
0.0546
0.0263
0.3333
0.0538
0.0635
0.0113
0.0489
0.2989
0.0864
0.163
0.007
0.0446
0.0359
0.2118
0.2831
0.0615
0.0424
0.0305
0.0192
0.0429
0.3716
0.0474
0.2789
0.0778
0.3188
0.0286
0.1722
0.0191
0.025
0.2587
0.2188
0.0169
0.3049
0.0321
0.0556
0.0181
0.2201
0.0625
0.2051
0.0455
0.0506
0.3923
0.022
0.0406
0.0542
0.0479
0.0309
0.3423
0.2538
0.5352
0.0298
0.0156
0.0423
0.2202
0.0229
0.0168
0.3491
0.0647
0.04
0.0328
0.237
0.0267
0.1734
0.038
0.2639
0.3446
0.0493
0.289
0.0585
0.0714
0.1533
0.2968
0.0333
0.0417
0.2166
0.0429
0.3378
0.2934
0.0647
0.2683
0.0443
0.0598
0.0543
0.0225
0.2264
0.4785
0.0286
0.0514
0.3832
0.0276
0.2176
0.1
0.0327
0.224
0.0312
0.0452
0.0162
0.7667
0.0435
0.2338
0.0294
0.4207
0.0216
0.038
0.0209
0.2922
0.0537
0.0301
0.4211
0.2114
0.2538
0.1845
0.0183
0.0638
0.0769
0.0517
0.3077
0.0949
0.0164
0.0287
0.3787
0.0282
0.0259
0.4
0.2195
0.052
0.0355
0.3899
0.0395
0.4688
0.0191
0.0402
0.253
0.2606
0.2721
0.0368
0.2024
0.0355
0.0259
0.446
0.0149
0.5188
0.0548
0.1832
0.0393
0.1566
0.0166
0.3014
0.1479
0.1674
0.0188
0.0457
0.3459
0.0532
0.2041
0.1285
0.3584
0.3713
0.2876
0.0275
0.3608
0.0323
0.0678
0.253
0.3481
0.0112
0.2785
0.1438
0.2208
0.235
0.2614
0.0407
0.2278
0.0291
0.1526
0.0559
0.1073
0.3913
0.0617
0.2513
0.0438
0.3556
0.0448
0.3333
0.0291
0.0423
0.2581
0.1027
0.2108
0.0326
0.0474
0.1146
0.0333
0.0201
0.0523
0.0253
0.0658
0.3012
0.0276
0.0659
0.5033
0.0354
0.121
0.0462
0.0347
0.0214
0.0459
0.2169
0.2036
0.2557
0.0101
0.7377
0.2617
0.4713
0.1149
0.0578
0.0476
0.4254
0.0357
0.0278
0.0444
0.3935
0.0279
0.0229
0.3418
0.3165
0.2619
0.0355
0.0165
0.0407
0.0423
0.1479
0.038
0.053
0.0267
0.1977
0.4483
0.0675
0.2626
0.2584
0.2166
0.018
0.3165
0.0422
0.0253
0.029
0.2955
0.2312
0.3696
0.1878
0.0402
0.245
0.0374
0.0497
0.0421
0.1361
0.0114
0.3459
0.0252
0.2468
0.0149
0.0424
0.0435
0.0479
0.362
0.2917
0.4561
0.0395
0.0361
0.0496
0.4203
0.0279
0.0233
0.411
0.0659
0.0348
0.087
0.0368
0.0354
0.2919
0.0366
0.2284
0.25
0.0444
0.0205
0.3986
0.069
0.0196
0.2483
0.2671
0.0325
0.0972
0.142
0.2745
0.411
0.0395
0.0465
0.0438
0.3432
0.3648
0.1229
0.0647
0.0053
0.0301
0.0357
0.0578
0.2222
0.122
0.0292
0.4771
0.1852
0.0142
0.0161
0.051
0.3113
0.0506
0.0364
0.1944
0.0351
0.2781
0.0266
0.1726
0.2828
0.0455
0.0481
0.0359
0.3919
0.2824
0.4789
0.1801
0.2983
0.0671
0.0108
0.3429
0.2012
0.354
0.0497
0.0201
0.216
0.0413
0.2744
0.1646
0.0719
0.0552
0.0314
0.0294
0.4226
0.0495
0.0323
0.033
0.329
0.0383
0.3232
0.1588
0.1279
0.2339
0.7182
0.0556
0.0258
0.0645
0.2919
0.029
0.0393
0.0394
0.0181
0.0415
0.0422
0.3235
0.0611
0.0581
0.0291
0.2431
0.0108
0.0316
0.0671
0.0248
0.0265
0.0442
0.0412
0.0213
0.0481
0.0276
0.0114
0.0393
0.0296
0.0571
0.0357
0.01
0.0347
0.1056
0.0662
0.0209
0.0136
0.0152
0.0172
0.3475
0.0209
0.0207
0.0282
0.0882
0.0166
0.0482
0.0795
0
0.0427
0.0223
0.0514
0.0357
0.038
0.0737
0.012
0.0253
0.0402
0.0291
0.0375
0.0168
0.0361
0.0162
0.0354
0.0393
0.0165
0.0674
0.0347
0.0293
0.0449
0.0121
0.0387
0.0402
0.0269
0.0255
0.0417
0.0503
0.0543
0.0359
0.0339
0.0667
0.0223
0.0467
0.0361
0.0486
0.0452
0.0223
0.0241
0.0634
0.0314
0.0476
0.0205
0.009
0.0357
0.0398
0.043
0.033
0.0402
0.3333
0.0542
0.0699
0.0229
0.0552
0.051
0.0176
0.006
0.0491
0.0226
0.436
0.038
0.0324
0.0357
0.0267
0.0242
0.0307
0.0347
0.0306
0.0058
0.0357
0.0442
0.0508
0.044
0.0429
0.0276
0.0471
0.034
0.0703
0.0311
0.0387
0.067
0.0279
0.0354
0.0204
0.0306
0.0215
0.0105
0.0495
0.0753
0.0683
0.0258
0.0337
0.0595
0.0308
0.0319
0.0196
0.0106
0.0405
0.0484
0.0179
0.0446
0.0348
0.0195
0.0393
0.0439
0.0409
0.0205
0.0588
0.0452
0.03
0.044
0.0206
0.037
0.0426
0.0468
0.2611
0.0289
0.0373
0.0195
0.4336
0.0618
0.0268
0.0395
0.0514
0.0202
0.0209
0.0238
0.0144
0.0964
0.2337
0.039
0.0309
0.0452
0.0326
0.0223
0.0312
0.2603
0.0366
0.0178
0.2139
0.0476
0.022
0.0284
0.0252
0.0354
0.0216
0.046
0.0327
0.0437
0.0366
0.0248
0.0166
0.0424
0.0194
0.0341
0.0265
0.0301
0.0314
0.0269
0.0244
0.0333
0.0422
0.0552
0.0248
0.0518
0.0578
0.0632
0.0448
0.0506
0.0578
0.0242
0.0155
0.0326
0.0136
0.044
0.0176
0.0476
0.0385
0.321
0.0621
0.0419
0.183
0.0211
0.0435
0.0181
0.0375
0.0114
0.0326
0.0284
0.4286
0.0596
0.0169
0.0227
0.0181
0.0681
0.0598
0.0311
0.0286
0.0355
0.0395
0.0417
0.0377
0.0058
0.0247
0.0116
0.0417
0.0385
0.0292
0.0904
0.1928
0.0462
0.022
0.0196
0.1366
0.0306
0.0645
0.0415
0.0552
0.0323
0.0505
0.0179
0.0559
0.0169
0.014
0.0282
0.0299
0.0276
0.0694
0.0328
0.0559
0.0393
0.0476
0.0233
0.0552
0.0254
0.046
0.0251
0.0532
0.0276
0.1914
0.0229
0.0464
0.0559
0.0347
0.0211
0.0465
0.0241
0.0279
0.0262
0.0513
0.0523
0.0385
0.0284
0.027
0.0066
0.1176
0.0338
0.0355
0.0352
0.0229
0.0355
0.0419
0.0317
0.0152
0.0319
0.0217
0.0149
0.0294
0.0738
0.027
0.3
0.069
0.0203
0.046
0.0333
0.0365
0.0178
0.0366
0.0201
0.0301
0.0485
0.0409
0.0432
0.0529
0.0244
0.0389
0.0298
0.0376
0.2207
0.4122
0.1865
0.0521
0.0215
0.0225
0.0301
0.0136
0.0581
0.0391
0.0328
0.0629
0.052
0.0314
0.0549
0.0374
0.0155
0.023
0.0173
0.0398
0.0275
0.0488
0.5062
0.0429
0.0294
0.0265
0.0164
0.026
0.0243
0.0155
0.0438
0.0175
0.0339
0.0353
0.0745
0.0479
0.0432
0.0526
0.0205
0.033
0.0282
0.0743
0.0142
0.0359
0.0282
0.0263
0.0625
0.0276
0.0156
0.0305
0.0536
0.0303
0.071
0.5069
0.0325
0.0468
0.0552
0.0124
0.1489
0.0165
0.0238
0.0311
0.0305
0.027
0.0903
0.0303
0.024
0.0491
0.0203
0.0426
0.0552
0.0515
0.0204
0.1082
0.044
0.0196
0.0637
0.0262
0.023
0.0387
0.0482
0.0354
0.0319
0.0331
0.0328
0.0294
0.0298
0.2215
0.0393
0.0361
0.3032
0.0208
0.0238
0.0904
0.1011
0.0321
0.0385
0.0479
0.026
0.0165
0.0394
0.0242
0.038
0.3491
0.0541
0.0359
0.0452
0.0621
0.0308
0.0377
0.0311
0.03
0.016
0.0165
0.0438
0.0405
0.0305
0.0552
0.0592
0.0167
0.3292
0.0311
0.0299
0.0508
0.02
0.1242
0.0359
0.4586
0.0508
0.0223
0.0097
0.2143
0.0296
0.0457
0.0394
0.0407
0.0616
0.0316
0.027
0.0247
0.0238
0.0297
0.0318
0.0305
0.0286
0.0422
0.0398
0.0191
0.0229
0.0321
0.0568
0.022
0.0188
0.0414
0.0299
0.0263
0.0389
0.0365
0.0469
0.0108
0.0279
0.0441
0.0468
0.047
0.0216
0.019
0.0326
0.0419
0.365
0.0379
0.0152
0.0341
0.0585
0.0203
0.044
0.044
0.0536
0.0432
0.0275
0.0314
0.0435
0.0146
0.0172
0.0143
0.0343
0.0465
0.0203
0.0316
0.0417
0.0476
0.0347
0.0151
0.0517
0.022
0.1559
0.0387
0.0904
0.037
0.0514
0.0376
0.0618
0.0275
0.0759
0.0128
0.2789
0.0519
0.028
0.268
0.022
0.0506
0.0361
0.0581
0.0427
0.0244
0.0476
0.0467
0.0318
0.0259
0.022
0.035
0.0345
0.0193
0.011
0.0188
0.0409
0.0235
0.0198
0.0312
0.0316
0.0057
0.0323
0.0625
0.0688
0.0326
0.0424
0.0391
0.0571
0.0287
0.0328
0.0376
0.0339
0.0345
0.0595
0.0366
0.0343
0.039
0.257
0.0293
0.0174
0.0337
0.0529
0.0479
0.0323
0.0364
0.0119
0.0207
0.0407
0.0146
0.2011
0.0314
0.0395
0.0457
0.0476
0.0514
0.0543
0.0169
0.027
0.0458
0.0359
0.0596
0.0269
0.0622
0.0144
0.0391
0.0093
0.0481
0.0933
0.0361
0.0405
0.2614
0.0307
0.0508
0.0592
0.0167
0.0552
0.038
0.033
0.0408
0.0236
0.0352
0.0279
0.0468
0.064
0.0182
0.2215
0.0165
0.0618
0.037
0.0374
0.0387
0.0057
0.04
0.0495
0.0181
0.046
0.0671
0.0108
0.024
0.0164
0.0158
0.0417
0.1404
0.0212
0.0339
0.0272
0.2299
0.012
0.041
0.0282
0.0347
0.0479
0.0323
0.2892
0.0615
0.0303
0.3759
0
0.0552
0.0722
0.0474
0.0377
0.0722
0.039
0.0383
0.0207
0.0318
0.045
0.0662
0.4667
0.0565
0.0319
0.0128
0.0417
0.0482
0.0349
0.05
0.037
0.0303
0.0337
0.0608
0.0396
0.0152
0.0482
0.018
0.0361
0.024
0.0225
0.0497
0.0179
0.0312
0.0211
0.0279
0.0229
0.0503
0.191
0.0935
0.0286
0.0383
0.0847
0.0321
0.0376
0.0652
0.0446
0.052
0.0296
0.0258
0.0585
0.0595
0.0189
0.0119
0.0056
0.0298
0.0056
0.0613
0.0059
0.2994
0.0706
0.0109
0.0316
0.0326
0.0326
0.0337
0.0174
0.4663
0.0286
0.04
0.0359
0.0618
0.0328
0.1176
0.0196
0.0286
0.0311
0.0387
0.027
0.0395
0.0761
0.0237
0.0118
0.0575
0.027
0.0506
0.0262
0.023
0.0293
0.0301
0.1337
0.0259
0.0496
0.0552
0.0183
0.0213
0.045
0.0402
0.0114
0.057
0.0219
0.0191
0.0246
0.1959
0.0155
0.0471
0.011
0.0347
0.0355
0.044
0.0565
0.0352
0.0431
0.0287
0.0216
0.0497
0.0675
0.0307
0.0223
0.1078
0.0259
0.0305
0.0198
0.0423
0.032
0.0481
0.0393
0.0526
0.0166
0.0545
0.0389
0.0352
0.0282
0.04
0.0272
0.0213
0.0311
0.038
0.0402
0.0361
0.023
0.1503
0.0452
0.3519
0.0508
0.0442
0.0621
0.0335
0.0549
0.05
0.0234
0.025
0.0412
0.0349
0.2089
0.0243
0.02
0.0335
0.033
0.037
0.0679
0.0095
0.0375
0.0248
0.0343
0.0222
0.0407
0.0265
0.0457
0.1929
0.0549
0.6835
0.0368
0.0309
0.0167
0.0537
0.0174
0.0084
0.0461
0.0208
0.0442
0.0299
0.0331
0.0404
0.0671
0.0058
0.0149
0.0267
0.0306
0.0447
0.0169
0.0365
0.0404
0.0127
0.0303
0.0259
0.0221
0.0405
0.0381
0.0613
0.0476
0.0565
0.0389
0.0279
0.0447
0.04
0.0562
0.038
0.0265
0.0496
0.033
0.0233
0.0775
0.0455
0.0435
0.0464
0.0214
0.0385
0.0294
0.0429
0.0457
0.0253
0.2102
0.0539
0.071
0.012
0.0506
0.3169
0.1459
0.0263
0.0613
0.0154
0.023
0.0294
0.0317
0.0683
0.014
0.0398
0.0341
0.1214
0.044
0.024
0.0149
0.0364
0.0311
0.0299
0.0155
0.0165
0.0348
0.0282
0.0206
0.0284
0.0443
0.0503
0.0291
0.0303
0.0539
0.0199
0.0707
0.0421
0.0202
0.0269
0.0314
0.05
0.0412
0.0278
0.0308
0.0429
0.0632
0.0245
0.0245
0.0452
0.0325
0.0764
0.0592
0.04
0.0465
0.0282
0.0186
0.0375
0.0628
0.0447
0.0481
0.0547
0.0263
0.0241
0.0119
0.0347
0.016
0.0599
0.0292
0.0164
0.0857
0.0189
0.0108
0.0561
0.0552
0.0633
0.0545
0.0258
0.0117
0.0778
0.0319
0.0338
0.037
0.013
0.0433
0.0419
0.0542
0.0328
0.2236
0.0508
0.0145
0.0595
0.0652
0.0209
0.0398
0.0105
0.0387
0.0101
0.0398
0.0275
0.1591
0.0294
0.0778
0.0273
0.0471
0.0196
0.0308
0.0165
0.0516
0.0385
0.3097
0.0383
0.0163
0.0339
0.0444
0.0435
0.0282
0.0556
0.0258
0.0215
0.0568
0.029
0.0562
0.0493
0.0301
0.023
0.0545
0.0452
0.022
0.1636
0.0349
0.0377
0.0541
0.0474
