ncvFD_AFR	ncvFD_EUR	ncvFD_ASN	ncv_AFR	ncv_EUR	ncv_ASN	hka_AFR	hka_EUR	hka_ASN	tajd_AFR
0.4605	0.4613	0.4957	0.39	0.3753	0.4613	0.6333	0.5167	0.1304	0.0735494
0.4676	0.4963	0.4992	0.3845	0.4834	0.4823	0.4433	0.2887	0.0485	0.21653
0.4587	0.4736	0.4977	0.4261	0.4414	0.4834	1.3704	0.8727	0.1622	-0.924336
0.4917	0.4933	0.4988	0.4653	0.4486	0.4774	0.3267	0.1584	0.0577	-1.99673
0.4754	0.4742	0.4767	0.424	0.3767	0.3902	0.519	0.3038	0.3038	-0.831595
0.4722	0.4603	0.4973	0.4126	0.3145	0.4893	0.5116	0.3372	0.3372	-0.521238
0.4609	0.4952	0.4991	0.4019	0.4875	0.4735	0.7391	0.6377	0.0341	-0.236882
0.4593	0.4977	0.4967	0.3978	0.4739	0.4659	0.7397	0.1	0.1111	-0.128447
0.4752	0.4995	0.4988	0.4137	0.49	0.4766	0.443	0.0575	0.0575	-0.542332
0.4439	0.4457	0.491	0.3402	0.3144	0.4757	0.6515	0.5152	0.6061	1.27087
0.4513	0.4364	0.4979	0.3631	0.2913	0.4794	0.6452	0.5645	0.1169	0.738024
0.4722	0.496	0.4989	0.4367	0.4868	0.49	0.8387	0.4348	0.1299	-1.20916
0.4616	0.4617	0.4944	0.3907	0.3634	0.4526	0.6104	0.4545	0.1395	0.0572489
0.4673	0.4697	0.4979	0.4089	0.3683	0.4732	0.619	0.3452	0.0851	-0.427374
0.467	0.4127	0.477	0.4332	0.3012	0.4501	1.0484	1	0.9032	-1.12425
0.478	0.488	0.497	0.4375	0.4564	0.4803	0.5821	0.3971	0.1857	-1.20764
0.4455	0.466	0.4966	0.3352	0.4029	0.4642	0.5977	0.5977	0.1078	1.40053
0.4226	0.4976	0.4972	0.3374	0.468	0.4667	1.1017	0.0843	0.0964	1.37042
0.4498	0.4569	0.4881	0.363	0.3715	0.4689	0.6765	0.5821	0.6418	0.748427
0.4679	0.4575	0.4985	0.3936	0.3097	0.483	0.4844	0.3594	0.0959	-0.0161241
0.4644	0.496	0.4982	0.401	0.469	0.4837	0.6271	0.1549	0.1268	-0.20849
0.4677	0.4996	0.498	0.3964	0.49	0.477	0.506	0.0421	0.0947	-0.0890174
0.469	0.4548	0.4977	0.4167	0.3406	0.4778	0.65	0.475	0.1158	-0.642109
0.4643	0.4967	0.4992	0.3884	0.4634	0.4872	0.5326	0.1038	0.066	0.117444
0.4565	0.44	0.4975	0.3939	0.3441	0.4811	0.7812	0.75	0.1538	-0.025466
0.4492	0.4103	0.4991	0.4008	0.2797	0.4851	1.1719	0.9062	0.0652	-0.211999
0.4642	0.4953	0.4946	0.3954	0.4335	0.46	0.5846	0.0811	0.1622	-0.0636387
0.4701	0.4956	0.4974	0.4143	0.4677	0.4643	0.589	0.1647	0.0824	-0.567654
0.4679	0.4487	0.4928	0.4253	0.3371	0.4798	0.8194	0.5556	0.5694	-0.890752
0.4371	0.4921	0.4985	0.3622	0.4808	0.4877	0.9848	0.7164	0.1413	0.78303
0.4547	0.4978	0.4981	0.4161	0.4802	0.4812	1.2885	0.1299	0.1169	-0.63366
0.442	0.4703	0.4954	0.3383	0.4192	0.4635	0.6761	0.6338	0.1481	1.32293
0.4693	0.4757	0.48	0.3992	0.3997	0.4266	0.4881	0.3571	0.4048	-0.161775
0.4356	0.4901	0.4551	0.3737	0.4768	0.3831	1.2041	0.7692	0.7115	0.495481
0.4761	0.4989	0.496	0.4178	0.4805	0.4514	0.4483	0.0625	0.0938	-0.657222
0.4409	0.4964	0.4836	0.3449	0.4541	0.456	0.7377	0.0897	0.623	1.16823
0.4624	0.4633	0.4793	0.3852	0.3741	0.4219	0.5541	0.473	0.3919	0.19566
0.466	0.4714	0.4975	0.3972	0.4188	0.4796	0.5526	0.5921	0.1412	-0.109564
0.4568	0.4304	0.4989	0.3876	0.2773	0.4875	0.7083	0.5972	0.0952	0.138388
0.4573	0.4896	0.4978	0.3867	0.4727	0.4736	0.6857	0.6286	0.0941	0.161839
0.4606	0.4854	0.4984	0.3961	0.4574	0.4688	0.6849	0.5479	0.0549	-0.0827624
0.4746	0.4977	0.4964	0.428	0.4222	0.4612	0.5876	0.0331	0.1074	-0.965605
0.4309	0.4083	0.4491	0.3845	0.3301	0.4101	1.6977	1.4419	1.4419	0.223471
0.4541	0.4434	0.4973	0.3762	0.2692	0.4692	0.6774	0.4301	0.0991	0.433324
0.4659	0.4661	0.4952	0.4079	0.3791	0.4372	0.6506	0.4458	0.0891	-0.399697
0.4665	0.4693	0.4968	0.3861	0.3671	0.4685	0.4719	0.3483	0.1158	0.17566
0.4674	0.4673	0.4955	0.3744	0.3448	0.4575	0.4023	0.3182	0.1224	0.460208
0.44	0.4304	0.476	0.385	0.3272	0.4503	1.2414	0.8276	0.9828	0.208885
0.4593	0.4747	0.4987	0.3766	0.399	0.4815	0.5641	0.3718	0.0753	0.41457
0.4815	0.4503	0.4975	0.4412	0.326	0.4732	0.4891	0.4891	0.1058	-1.32762
0.4365	0.4431	0.4987	0.3437	0.3171	0.4856	0.8219	0.56	0.1011	1.21879
0.4408	0.4542	0.489	0.3264	0.3631	0.4691	0.6349	0.5873	0.5714	1.56366
0.4731	0.4355	0.4988	0.437	0.3138	0.4762	0.7973	0.6622	0.0556	-1.2278
0.4684	0.4678	0.4949	0.432	0.4077	0.4849	0.9322	0.5932	0.5254	-1.07822
0.4541	0.4225	0.4621	0.4071	0.3171	0.4152	1.082	0.918	0.8852	-0.382398
0.4441	0.4387	0.4947	0.3495	0.3206	0.4853	0.7037	0.642	0.5679	1.08124
0.4728	0.4721	0.4975	0.4296	0.4097	0.4791	0.68	0.4933	0.1395	-1.0025
0.4664	0.4795	0.4915	0.4106	0.4401	0.4741	0.6622	0.5541	0.5	-0.47155
0.4734	0.4971	0.4995	0.4136	0.4876	0.4834	0.4886	0.3146	0.0309	-0.548848
0.4723	0.4699	0.4896	0.4115	0.3876	0.4069	0.5	0.4138	0.1385	-0.472468
0.4466	0.4976	0.4982	0.39	0.4658	0.41	1.0694	0.0795	0.0227	0.0777884
0.4661	0.4557	0.4867	0.4013	0.3508	0.3862	0.5833	0.5	0.15	-0.217294
0.4833	0.4807	0.4906	0.4381	0.3782	0.4345	0.3929	0.2143	0.1786	-1.20468
0.4229	0.4293	0.4972	0.3318	0.3117	0.49	1.0351	0.7544	0.3939	1.48825
0.4725	0.4966	0.4988	0.3958	0.4847	0.4744	0.4023	0.2874	0.0515	-0.0734587
0.4651	0.4826	0.4974	0.3781	0.4468	0.4623	0.4583	0.5139	0.0759	0.368304
0.4461	0.4527	0.4965	0.3735	0.3721	0.49	0.8571	0.6786	0.5536	0.493521
0.438	0.4453	0.4933	0.347	0.3475	0.4255	0.8133	0.6667	0.1075	1.14286
0.4517	0.485	0.499	0.3726	0.4605	0.49	0.7049	0.6393	0.1067	0.511077
0.4363	0.4217	0.496	0.363	0.2949	0.49	1.0164	0.7937	0.6667	0.762346
0.4749	0.481	0.4988	0.4006	0.3991	0.4883	0.3763	0.2581	0.1188	-0.195569
0.4615	0.4713	0.4962	0.3651	0.3823	0.4841	0.4651	0.3678	0.3218	0.689981
0.4593	0.4637	0.49	0.3777	0.3688	0.4666	0.5714	0.4429	0.4429	0.382522
0.457	0.4979	0.4976	0.3933	0.4778	0.4658	0.7595	0.1058	0.0769	-0.0088501
0.4667	0.4775	0.4968	0.3883	0.4129	0.4732	0.4804	0.3824	0.1379	0.120627
0.4729	0.4841	0.495	0.4205	0.4426	0.4636	0.5625	0.4062	0.1644	-0.726459
0.4404	0.4337	0.4983	0.3469	0.307	0.4674	0.7614	0.6591	0.0566	1.15213
0.4595	0.4741	0.4957	0.3781	0.4054	0.455	0.5694	0.4167	0.1098	0.374337
0.4534	0.4959	0.4985	0.3805	0.4587	0.4795	0.7317	0.1165	0.0777	0.323751
0.4564	0.4493	0.4956	0.3998	0.3458	0.4839	0.8594	0.5846	0.3857	-0.181473
0.4735	0.4909	0.4974	0.4094	0.4549	0.4866	0.4557	0.2658	0.2405	-0.426878
0.4543	0.4579	0.4727	0.3737	0.3526	0.4176	0.6528	0.4722	0.5417	0.48736
0.4822	0.4951	0.4935	0.4569	0.4616	0.4554	0.7353	0.1538	0.1795	-1.8081
0.4794	0.4737	0.4981	0.4293	0.3922	0.4795	0.4432	0.3636	0.1064	-0.975998
0.4663	0.4715	0.4971	0.4023	0.4016	0.4407	0.5844	0.4545	0.0543	-0.244879
0.4769	0.4951	0.499	0.4053	0.4811	0.4713	0.3571	0.3571	0.036	-0.320356
0.4608	0.4852	0.4948	0.4012	0.4646	0.4375	0.7321	0.75	0.0959	-0.215689
0.4744	0.459	0.4959	0.4324	0.3646	0.4525	0.6543	0.5062	0.0989	-1.08774
0.4672	0.4961	0.4977	0.4232	0.4894	0.4813	0.8101	0.5823	0.14	-0.833324
0.4374	0.4664	0.4848	0.3465	0.4171	0.4611	0.8235	0.7451	0.6667	1.1257
0.4592	0.4986	0.4991	0.3967	0.4825	0.4875	0.7308	0.0891	0.0792	-0.100943
0.4729	0.4688	0.499	0.421	0.3173	0.4803	0.5672	0.2537	0.0548	-0.743242
0.4578	0.4266	0.492	0.397	0.2993	0.479	0.7778	0.7361	0.625	-0.108907
0.4632	0.4848	0.4973	0.4055	0.4434	0.47	0.7083	0.3889	0.1	-0.333914
0.4721	0.4813	0.499	0.4164	0.4395	0.4836	0.5488	0.4756	0.0659	-0.627294
0.4541	0.4351	0.4885	0.3849	0.2987	0.4704	0.7541	0.6066	0.6557	0.205218
0.4767	0.4954	0.4991	0.4197	0.4786	0.4867	0.4444	0.2778	0.0769	-0.696499
0.4393	0.4978	0.4987	0.3318	0.4835	0.4783	0.6885	0.1538	0.0641	1.45343
0.4681	0.4984	0.4977	0.4234	0.4846	0.4835	0.7763	0.1209	0.1648	-0.836218
0.4693	0.4751	0.4982	0.3992	0.39	0.4781	0.4886	0.3295	0.0909	-0.16356
0.434	0.4491	0.4994	0.3549	0.3716	0.49	0.9865	0.76	0.0606	0.966531
0.4654	0.4685	0.4968	0.4146	0.3945	0.4655	0.7463	0.4776	0.1067	-0.581414
0.4303	0.4948	0.4786	0.347	0.4879	0.4475	1	0.7759	0.7241	1.14105
0.4827	0.4571	0.497	0.4436	0.3203	0.489	0.4699	0.3855	0.3735	-1.38266
0.459	0.4979	0.4992	0.3845	0.4794	0.4886	0.625	0.1183	0.0753	0.217811
0.4608	0.4718	0.492	0.3611	0.3849	0.468	0.4605	0.3684	0.3421	0.774575
0.4529	0.4568	0.4922	0.3976	0.3956	0.4532	0.9524	0.7937	0.2099	-0.123154
0.4631	0.4694	0.4976	0.4067	0.4093	0.4661	0.726	0.5616	0.0805	-0.367778
0.4712	0.4982	0.4992	0.4076	0.4782	0.49	0.5	0.0928	0.0928	-0.385101
0.4565	0.4653	0.4969	0.355	0.3666	0.4889	0.5053	0.4082	0.3895	0.940643
0.4499	0.4964	0.499	0.3717	0.4629	0.4875	0.7403	0.1099	0.0879	0.544334
0.4782	0.4645	0.4988	0.4285	0.3362	0.4757	0.4722	0.3333	0.0513	-0.940724
0.4367	0.4357	0.4972	0.3807	0.3736	0.4805	1.2951	1.1967	0.1705	0.322232
0.4487	0.4749	0.4994	0.3808	0.4342	0.4875	0.8644	0.661	0.0541	0.31144
0.4676	0.4671	0.4979	0.4024	0.391	0.4769	0.5526	0.4868	0.1	-0.247996
0.473	0.4706	0.4856	0.412	0.3887	0.4373	0.4881	0.4048	0.3176	-0.504033
0.4633	0.4979	0.496	0.4117	0.4858	0.4595	0.7846	0.1772	0.1139	-0.50305
0.4503	0.4724	0.4998	0.3568	0.4234	0.49	0.6267	0.6133	0.0211	0.896139
0.4738	0.4723	0.4968	0.4149	0.3782	0.4877	0.4884	0.3371	0.3596	-0.582984
0.4617	0.4591	0.4816	0.3542	0.3537	0.4287	0.4206	0.4579	0.3738	0.953967
0.4712	0.4662	0.4949	0.4084	0.3759	0.483	0.5055	0.4286	0.4396	-0.408667
0.4508	0.4687	0.4954	0.3797	0.4135	0.4526	0.7927	0.622	0.1121	0.34402
0.4801	0.4801	0.4878	0.4404	0.4107	0.4641	0.5333	0.3167	0.5333	-1.26612
0.4414	0.4628	0.4907	0.3383	0.4064	0.4582	0.6866	0.7313	0.2987	1.31972
0.4763	0.4975	0.4972	0.4192	0.4574	0.4578	0.4528	0.0661	0.0744	-0.707963
0.4706	0.4592	0.4933	0.4199	0.3237	0.4806	0.6308	0.3692	0.5385	-0.718414
0.4546	0.4558	0.4913	0.4053	0.394	0.4799	1.0217	0.8043	0.7826	-0.327662
0.4627	0.4592	0.4944	0.4004	0.3658	0.4576	0.6667	0.5072	0.1585	-0.196569
0.4664	0.448	0.4948	0.4284	0.3712	0.4529	0.9531	0.7846	0.131	-0.979681
0.4692	0.451	0.4973	0.4221	0.3433	0.4562	0.7121	0.5455	0.0676	-0.786781
0.4638	0.4981	0.4997	0.4143	0.4867	0.49	0.8028	0.1705	0.0341	-0.579109
0.4733	0.4674	0.4975	0.396	0.3382	0.4636	0.3866	0.3025	0.0763	-0.0805725
0.434	0.4603	0.4987	0.3655	0.4169	0.487	1.125	1	0.1111	0.706146
0.4547	0.4605	0.4989	0.3868	0.3949	0.4863	0.7571	0.6761	0.0909	0.159681
0.4732	0.4826	0.4987	0.4026	0.415	0.4829	0.4231	0.2821	0.0843	-0.248314
0.4491	0.467	0.4998	0.3584	0.3964	0.49	0.6585	0.5244	0.0192	0.867601
0.468	0.4981	0.499	0.4018	0.4704	0.4751	0.5376	0.0708	0.0442	-0.23398
0.444	0.4981	0.498	0.3203	0.4719	0.4742	0.5591	0.0762	0.0857	1.72638
0.4647	0.4961	0.4992	0.4133	0.4888	0.49	0.7534	0.5479	0.0909	-0.548002
0.4814	0.4791	0.4968	0.3986	0.3965	0.484	0.25	0.2826	0.25	-0.137501
0.434	0.443	0.4958	0.3313	0.3526	0.4892	0.7848	0.7468	0.6582	1.50302
0.4751	0.4767	0.4784	0.4234	0.3746	0.3682	0.5238	0.2619	0.2262	-0.81828
0.4672	0.4703	0.4912	0.3924	0.3751	0.4667	0.4925	0.3582	0.3731	0.0137535
0.4354	0.4364	0.4976	0.3255	0.3363	0.4783	0.7231	0.7692	0.1266	1.60224
0.4071	0.4233	0.4941	0.2947	0.336	0.4877	1.069	1.069	0.931	2.27532
0.4458	0.4461	0.4866	0.3594	0.3227	0.4599	0.7375	0.5375	0.525	0.845967
0.4286	0.4562	0.4978	0.2986	0.3811	0.4756	0.7011	0.6667	0.1038	2.19524
0.4191	0.4394	0.493	0.3306	0.3503	0.4845	1.1207	0.8103	0.8448	1.5227
0.4302	0.4782	0.4977	0.3034	0.4366	0.4678	0.6986	0.5616	0.0778	2.07504
0.4344	0.497	0.4949	0.3665	0.4768	0.4894	1.1273	0.1528	0.9273	0.676294
0.4535	0.4354	0.4819	0.4054	0.3221	0.4575	1.0741	0.7037	0.7778	-0.332957
0.4729	0.4733	0.4966	0.4106	0.3902	0.474	0.4783	0.3623	0.1528	-0.456644
0.4415	0.4477	0.4976	0.3716	0.3642	0.4438	0.9683	0.7302	0.0482	0.549278
0.4708	0.4976	0.4989	0.4193	0.4802	0.4872	0.619	0.1389	0.0972	-0.69895
0.4471	0.4802	0.4977	0.3599	0.4407	0.4812	0.7123	0.5342	0.1413	0.82906
0.4812	0.4664	0.4959	0.4443	0.353	0.483	0.5422	0.3494	0.3253	-1.41924
0.4428	0.4789	0.4991	0.3762	0.44	0.4834	0.987	0.5783	0.0577	0.439165
0.4746	0.4812	0.4979	0.4015	0.4199	0.4787	0.3855	0.3333	0.1124	-0.217262
0.472	0.4792	0.4964	0.4263	0.4304	0.4681	0.662	0.4595	0.1325	-0.904782
0.4416	0.4524	0.4968	0.3563	0.3801	0.4629	0.8082	0.7534	0.0978	0.92236
0.4574	0.4743	0.4979	0.3701	0.4166	0.4803	0.5641	0.4872	0.1209	0.573607
0.4833	0.486	0.4972	0.4335	0.4296	0.4645	0.3608	0.268	0.09	-1.08209
0.4585	0.4971	0.4924	0.3812	0.4587	0.4786	0.6125	0.0777	0.5625	0.302418
0.4411	0.4704	0.4986	0.3537	0.4253	0.4806	0.7971	0.7101	0.0814	0.979041
0.4717	0.4672	0.4967	0.4129	0.3883	0.4624	0.5301	0.4699	0.101	-0.530967
0.4107	0.4619	0.4966	0.3437	0.4338	0.4644	1.6078	1.451	0.1084	1.23965
0.4599	0.4952	0.496	0.3836	0.4491	0.448	0.5974	0.1087	0.087	0.240412
0.4215	0.4435	0.4944	0.3334	0.3585	0.4875	1.087	0.7826	0.8261	1.47018
0.4634	0.4717	0.4903	0.4077	0.4247	0.4748	0.7273	0.6515	0.6364	-0.392092
0.4783	0.4802	0.4973	0.4373	0.4295	0.4778	0.5652	0.4203	0.141	-1.20245
0.4678	0.4937	0.4986	0.3956	0.4302	0.4818	0.5	0.1068	0.0874	-0.0684425
0.4654	0.4616	0.4987	0.3797	0.3029	0.4823	0.4608	0.3039	0.0783	0.337114
0.4613	0.4455	0.4986	0.3937	0.309	0.4825	0.6429	0.5	0.09	-0.0210601
0.4184	0.4725	0.4978	0.3287	0.4368	0.4802	1.1176	0.8235	0.129	1.57764
0.4356	0.4994	0.4982	0.3243	0.488	0.4645	0.7123	0.0543	0.0543	1.64032
0.451	0.4517	0.4921	0.3749	0.3594	0.4786	0.7419	0.6129	0.5968	0.456604
0.4477	0.457	0.4748	0.3779	0.3813	0.4269	0.8592	0.6486	0.5676	0.390623
0.4558	0.4655	0.4973	0.3804	0.3811	0.49	0.6712	0.4658	0.3699	0.321112
0.4361	0.4336	0.4934	0.3459	0.3196	0.4844	0.8472	0.7222	0.7361	1.16906
0.4707	0.4945	0.4971	0.3981	0.4848	0.4742	0.45	0.5833	0.1304	-0.129121
0.4676	0.4687	0.4989	0.3966	0.3457	0.4891	0.5116	0.3023	0.1146	-0.0950948
0.453	0.4539	0.4995	0.3842	0.381	0.4875	0.7763	0.7237	0.0396	0.22839
0.4767	0.4672	0.4931	0.4187	0.3615	0.4742	0.4375	0.3625	0.375	-0.676533
0.4599	0.4382	0.4907	0.4116	0.3434	0.4766	0.913	0.7826	0.6712	-0.505157
0.467	0.4989	0.4989	0.407	0.48	0.4844	0.6076	0.0568	0.0795	-0.371931
0.4447	0.4977	0.4975	0.3618	0.4664	0.4808	0.7812	0.0759	0.1519	0.780406
0.4627	0.4985	0.4981	0.3819	0.4864	0.4736	0.5263	0.125	0.0795	0.278102
0.4691	0.4471	0.4893	0.4197	0.3131	0.4693	0.6825	0.4921	0.5556	-0.715424
0.4781	0.4967	0.496	0.4253	0.4869	0.48	0.4505	0.3407	0.2527	-0.868576
0.4813	0.4799	0.4953	0.4162	0.3762	0.476	0.3131	0.2222	0.2525	-0.600294
0.465	0.4972	0.4971	0.4121	0.4768	0.4796	0.7288	0.1389	0.1667	-0.506727
0.4723	0.457	0.4955	0.424	0.3429	0.4566	0.6237	0.4516	0.1217	-0.851155
0.4581	0.4627	0.4987	0.3864	0.3998	0.485	0.6618	0.6618	0.0964	0.168248
0.4685	0.4366	0.496	0.4314	0.3395	0.49	0.9155	0.7887	0.662	-1.0712
0.4591	0.483	0.4936	0.4087	0.4477	0.4816	0.8971	0.5072	0.5507	-0.425877
0.4627	0.4971	0.496	0.3716	0.4727	0.4591	0.4719	0.1224	0.1122	0.534866
0.4575	0.4639	0.4939	0.4107	0.4116	0.4528	1	0.7581	0.1558	-0.481373
0.4488	0.4636	0.4842	0.3684	0.4007	0.4566	0.7385	0.6462	0.6	0.619179
0.4444	0.4758	0.4989	0.3871	0.4446	0.4875	1.1045	0.8235	0.093	0.153522
0.4662	0.4969	0.499	0.4016	0.4722	0.4878	0.5833	0.1275	0.0882	-0.228461
0.441	0.4541	0.4978	0.3216	0.3474	0.4758	0.6098	0.5122	0.101	1.69283
0.4415	0.452	0.4952	0.3126	0.3624	0.43	0.5663	0.6265	0.0784	1.87563
0.4483	0.4499	0.4975	0.4021	0.3862	0.473	1.2466	0.8919	0.1042	-0.250143
0.4592	0.4569	0.4728	0.3968	0.3943	0.4195	0.7324	0.7746	0.5556	-0.100626
0.466	0.495	0.4987	0.3873	0.4819	0.4787	0.4884	0.3837	0.0645	0.143787
0.4621	0.447	0.4942	0.4118	0.3631	0.4854	0.8308	0.7385	0.6769	-0.508506
0.4184	0.4888	0.494	0.3414	0.4766	0.4385	1.28	0.94	0.1143	1.27684
0.4749	0.4922	0.4973	0.419	0.4694	0.466	0.49	0.35	0.0877	-0.703327
0.4672	0.4863	0.4976	0.3944	0.4605	0.4825	0.5057	0.5517	0.165	-0.0374675
0.447	0.484	0.4987	0.3522	0.4576	0.4819	0.6615	0.6308	0.0779	0.998038
0.4421	0.4936	0.4958	0.3527	0.4833	0.4747	0.7679	0.625	0.2059	0.987107
0.4335	0.4984	0.4994	0.3398	0.4781	0.4861	0.8554	0.0818	0.0455	1.32153
0.4657	0.4752	0.4985	0.3771	0.3979	0.4814	0.4444	0.358	0.092	0.394046
0.4662	0.4961	0.4963	0.3956	0.4678	0.4588	0.5375	0.1429	0.102	-0.0700665
0.4516	0.4284	0.4535	0.3914	0.3262	0.3783	0.9077	0.8615	0.7077	0.0405949
0.4763	0.4755	0.4906	0.4214	0.4011	0.4125	0.4684	0.3671	0.1325	-0.75278
0.4753	0.471	0.4837	0.4231	0.3704	0.4138	0.5128	0.3333	0.2564	-0.803846
0.4678	0.4966	0.4961	0.4068	0.4428	0.4627	0.5846	0.0667	0.12	-0.361137
0.4607	0.4851	0.4908	0.3849	0.4576	0.4448	0.5897	0.5641	0.2111	0.205649
0.4537	0.4658	0.488	0.3726	0.3907	0.4624	0.6579	0.5132	0.4868	0.518318
0.4874	0.4812	0.4991	0.453	0.4167	0.4872	0.3864	0.3182	0.0737	-1.63861
0.434	0.4795	0.498	0.3408	0.4532	0.4852	0.8525	0.8197	0.1579	1.27474
0.4677	0.4656	0.4895	0.4167	0.3577	0.4612	0.6933	0.3733	0.3867	-0.641276
0.4838	0.4979	0.4987	0.4338	0.4834	0.4851	0.3462	0.1446	0.0964	-1.06296
0.4805	0.4759	0.487	0.4362	0.4028	0.4446	0.4714	0.3662	0.3239	-1.15192
0.4484	0.4475	0.4994	0.352	0.3433	0.49	0.6349	0.6032	0.0641	0.996786
0.4678	0.4519	0.4888	0.407	0.3374	0.4664	0.5867	0.5067	0.52	-0.369536
0.4769	0.4698	0.4975	0.4315	0.376	0.4891	0.5479	0.3684	0.3026	-1.03867
0.4594	0.4359	0.4967	0.3887	0.2989	0.4517	0.6489	0.5957	0.0783	0.111101
0.4228	0.4111	0.4906	0.3467	0.3037	0.4807	1.2182	1.0545	0.9818	1.15557
0.4524	0.4656	0.4935	0.3668	0.4067	0.4811	0.6471	0.6471	0.5294	0.654659
0.4611	0.4758	0.4977	0.4179	0.4398	0.4671	0.9833	0.7167	0.0779	-0.681211
0.4601	0.489	0.4943	0.3972	0.4696	0.4832	0.7089	0.5823	0.519	-0.112673
0.4532	0.4841	0.4685	0.3684	0.4483	0.4026	0.6406	0.4688	0.5312	0.610843
0.4676	0.4704	0.4961	0.4004	0.4146	0.4614	0.5373	0.5821	0.1169	-0.191441
0.4768	0.4531	0.4953	0.4322	0.3435	0.4097	0.5595	0.5119	0.06	-1.07362
0.4736	0.4959	0.4965	0.4157	0.485	0.485	0.5	0.3768	0.3043	-0.592778
0.4558	0.4746	0.4976	0.389	0.4334	0.4685	0.75	0.6625	0.0833	0.102484
0.4425	0.4442	0.4942	0.3635	0.3665	0.4848	0.8507	0.8358	0.6269	0.746314
0.47	0.4998	0.4986	0.4018	0.49	0.4722	0.4906	0.024	0.056	-0.235003
0.4704	0.496	0.4951	0.4099	0.4714	0.4529	0.5405	0.1687	0.1205	-0.445158
0.4388	0.4743	0.4954	0.3385	0.4213	0.4681	0.7361	0.5278	0.1728	1.32829
0.4553	0.4541	0.4982	0.4078	0.3805	0.4797	1.0411	0.7123	0.1023	-0.404076
0.4537	0.4753	0.4959	0.3825	0.4372	0.4641	0.7419	0.6935	0.1333	0.26749
0.4687	0.4636	0.4949	0.4011	0.3715	0.4845	0.5147	0.4559	0.5	-0.209137
0.4587	0.496	0.498	0.377	0.4535	0.4738	0.5811	0.0976	0.0854	0.40237
0.4514	0.4746	0.4989	0.3859	0.4319	0.4776	0.8448	0.6379	0.0541	0.180637
0.429	0.438	0.4969	0.3436	0.3559	0.4539	1	0.8923	0.0761	1.22656
0.4579	0.4541	0.4957	0.3949	0.3722	0.4874	0.75	0.6471	0.5294	-0.0526728
0.451	0.4937	0.4991	0.3623	0.4811	0.4882	0.6449	0.5047	0.0846	0.784035
0.4693	0.4971	0.496	0.4226	0.4727	0.4718	0.7143	0.122	0.1707	-0.799332
0.4621	0.4447	0.4957	0.3935	0.2955	0.4375	0.6216	0.473	0.0795	-0.0158585
0.4658	0.4451	0.4947	0.416	0.2949	0.4119	0.7534	0.4667	0.0706	-0.623643
0.472	0.4996	0.4979	0.4274	0.49	0.4709	0.68	0.046	0.0805	-0.940376
0.4559	0.4571	0.4997	0.3784	0.3367	0.485	0.6522	0.4301	0.0194	0.376924
0.4582	0.493	0.4893	0.39	0.4762	0.4672	0.6923	0.4231	0.5	0.0778031
0.446	0.4403	0.4902	0.3748	0.3354	0.4372	0.8732	0.6901	0.1977	0.468607
0.4471	0.4494	0.4983	0.3821	0.3703	0.485	0.931	0.7414	0.1282	0.280253
0.4436	0.4547	0.4943	0.3877	0.399	0.4566	1.1455	0.9091	0.1579	0.137835
0.4437	0.4469	0.4992	0.3314	0.3104	0.4802	0.6111	0.4861	0.0455	1.46653
0.4649	0.4596	0.498	0.4027	0.3849	0.4723	0.6286	0.6143	0.0805	-0.255104
0.4532	0.4858	0.499	0.377	0.4552	0.4872	0.7042	0.4861	0.0875	0.407448
0.4714	0.4967	0.4962	0.432	0.4739	0.4656	0.7792	0.1471	0.1275	-1.08314
0.4571	0.4971	0.4987	0.3852	0.4675	0.4857	0.6786	0.1	0.1	0.194981
0.4376	0.4158	0.4872	0.3687	0.2349	0.4706	1.0517	0.6552	0.7931	0.6216
0.4705	0.4716	0.4951	0.4203	0.4009	0.4816	0.6418	0.4478	0.3731	-0.73209
0.4438	0.4432	0.4982	0.387	0.3662	0.4823	1.1228	0.8596	0.1169	0.155302
0.4724	0.4746	0.4977	0.4141	0.3961	0.4875	0.5195	0.3625	0.2235	-0.558892
0.4699	0.4719	0.4866	0.3929	0.38	0.4538	0.439	0.3496	0.4309	0.00176578
0.453	0.4968	0.4967	0.3778	0.4705	0.4521	0.7183	0.1236	0.0787	0.387068
0.482	0.4543	0.4884	0.4566	0.36	0.466	0.7424	0.5672	0.5373	-1.79482
0.4591	0.4839	0.4991	0.3787	0.4563	0.4886	0.5821	0.6119	0.0897	0.357643
0.4697	0.4866	0.4956	0.4183	0.438	0.4521	0.6438	0.2949	0.1059	-0.681664
0.4546	0.4423	0.4947	0.3938	0.3499	0.4877	0.8387	0.7419	0.7581	-0.0225109
0.4477	0.4787	0.4989	0.3912	0.4468	0.4858	1.0462	0.7077	0.0864	0.0453698
0.4719	0.476	0.4939	0.4147	0.4029	0.4715	0.5395	0.3636	0.2805	-0.577197
0.459	0.4932	0.4972	0.3691	0.4773	0.4683	0.5287	0.4368	0.101	0.600756
0.4458	0.4984	0.4976	0.3752	0.4851	0.4785	0.8841	0.119	0.131	0.459469
0.4498	0.4507	0.4985	0.3906	0.3897	0.4803	0.9565	0.913	0.0842	0.0626567
0.4707	0.4746	0.4987	0.4099	0.3854	0.4834	0.5312	0.3229	0.0857	-0.452935
0.4755	0.474	0.4976	0.4208	0.381	0.4705	0.4886	0.3182	0.09	-0.745544
0.4543	0.4551	0.4811	0.3605	0.3339	0.444	0.5714	0.449	0.5408	0.817831
0.4531	0.4961	0.4976	0.3798	0.4503	0.4734	0.7333	0.0886	0.1013	0.333293
0.4577	0.4761	0.4984	0.3992	0.4311	0.4804	0.8095	0.5714	0.0921	-0.165169
0.4403	0.496	0.498	0.2821	0.3772	0.4535	0.4912	0.0388	0.0465	2.50421
0.4588	0.4608	0.4963	0.3822	0.3676	0.4885	0.6125	0.4875	0.4875	0.277019
0.4663	0.4686	0.4931	0.3788	0.375	0.4722	0.4396	0.3846	0.3407	0.357357
0.4608	0.4801	0.498	0.3574	0.4391	0.4784	0.4458	0.5181	0.1042	0.865788
0.4639	0.4634	0.498	0.3968	0.4018	0.4828	0.6029	0.6618	0.1325	-0.0995531
0.4255	0.4961	0.4984	0.3207	0.4624	0.4804	0.8806	0.1209	0.0879	1.73138
0.4691	0.4966	0.4974	0.3949	0.4628	0.4889	0.4667	0.1042	0.3111	-0.0502688
0.4551	0.4718	0.4937	0.353	0.3951	0.4738	0.5196	0.4118	0.3235	0.993581
0.4741	0.4703	0.4651	0.4225	0.392	0.3479	0.5441	0.4265	0.3529	-0.783404
0.4491	0.4368	0.4806	0.3733	0.3183	0.4452	0.7742	0.6613	0.5806	0.499183
0.4562	0.4631	0.499	0.3646	0.3809	0.4863	0.5568	0.5114	0.0762	0.713142
0.4754	0.4944	0.4978	0.4187	0.4775	0.4757	0.473	0.3378	0.1013	-0.677087
0.4645	0.4797	0.499	0.3939	0.4334	0.4863	0.5663	0.4699	0.0833	-0.0258304
0.4543	0.4663	0.4851	0.3613	0.3934	0.4566	0.5753	0.5205	0.5479	0.783685
0.4766	0.4974	0.4986	0.4312	0.4711	0.4815	0.5526	0.1034	0.0805	-1.03476
0.4784	0.4674	0.4982	0.4395	0.3577	0.4745	0.5942	0.3478	0.0769	-1.27058
0.4476	0.4923	0.4971	0.365	0.436	0.4832	0.7391	0.1456	0.2136	0.716316
0.4537	0.4195	0.495	0.3896	0.2605	0.4874	0.8158	0.6842	0.6579	0.0872951
0.4484	0.4519	0.4856	0.3636	0.36	0.405	0.7097	0.6129	0.1974	0.731745
0.4606	0.4634	0.4946	0.3998	0.381	0.4453	0.7222	0.5065	0.1149	-0.18156
0.467	0.4709	0.4969	0.3723	0.3618	0.4607	0.402	0.3107	0.0885	0.51779
0.4675	0.4561	0.4963	0.4225	0.3892	0.4591	0.7838	0.7432	0.1042	-0.809447
0.4657	0.4644	0.4976	0.4027	0.3952	0.4803	0.6061	0.5758	0.1429	-0.25462
0.4822	0.4725	0.4978	0.4356	0.3892	0.4746	0.4096	0.3735	0.0968	-1.13933
0.4555	0.4742	0.4993	0.3974	0.4289	0.4883	0.8571	0.6143	0.069	-0.119119
0.4752	0.4957	0.4978	0.4106	0.4808	0.4817	0.4235	0.2941	0.1398	-0.460615
0.465	0.4773	0.4957	0.3877	0.4124	0.4854	0.5128	0.3846	0.4231	0.1343
0.4631	0.4662	0.4983	0.3954	0.3849	0.4701	0.6111	0.4722	0.0617	-0.064485
0.444	0.4683	0.4982	0.3218	0.406	0.4736	0.5647	0.5647	0.0762	1.6852
0.4572	0.4757	0.4966	0.3745	0.3839	0.4519	0.5946	0.3	0.0787	0.46636
0.4782	0.4769	0.4945	0.4264	0.4112	0.4535	0.4559	0.3857	0.141	-0.876724
0.4714	0.4582	0.4979	0.4163	0.3737	0.472	0.5694	0.5694	0.0814	-0.62009
0.4473	0.4339	0.496	0.3685	0.3064	0.445	0.7778	0.6543	0.0825	0.626928
0.4718	0.462	0.4956	0.4342	0.3948	0.4885	0.8028	0.6338	0.6338	-1.14324
0.4426	0.4994	0.4985	0.3435	0.4851	0.4835	0.6944	0.0455	0.1023	1.21053
0.4793	0.4744	0.4867	0.4226	0.3503	0.4437	0.3951	0.2439	0.3293	-0.77467
0.4765	0.4691	0.4937	0.4178	0.3916	0.4746	0.4359	0.4487	0.3418	-0.649443
0.4806	0.4969	0.4995	0.4497	0.4711	0.4867	0.6615	0.1233	0.0411	-1.57239
0.4596	0.4739	0.4976	0.4011	0.4152	0.4823	0.7703	0.4865	0.1573	-0.218662
0.4627	0.4605	0.4985	0.4045	0.363	0.4711	0.7126	0.4719	0.0583	-0.310314
0.4826	0.4978	0.4963	0.4345	0.4793	0.4616	0.3889	0.122	0.1098	-1.08614
0.4637	0.4908	0.4977	0.3701	0.4653	0.4721	0.4479	0.375	0.0935	0.572004
0.4829	0.482	0.4991	0.4366	0.3973	0.4863	0.3939	0.2376	0.0741	-1.18096
0.4758	0.4962	0.4977	0.4174	0.4796	0.4614	0.4536	0.2347	0.0654	-0.651984
0.4772	0.4677	0.4936	0.4123	0.3768	0.4719	0.3846	0.4066	0.3043	-0.502736
0.4734	0.4849	0.4974	0.407	0.4265	0.4557	0.4433	0.2784	0.066	-0.369277
0.4616	0.4492	0.4696	0.3928	0.3381	0.41	0.6292	0.5506	0.5618	0.00384903
0.4539	0.4713	0.4964	0.3723	0.4	0.4886	0.6517	0.4494	0.4607	0.530821
0.4689	0.472	0.4972	0.3819	0.3375	0.4636	0.4062	0.25	0.0857	0.278953
0.4167	0.4411	0.4972	0.3255	0.3708	0.4461	1.1268	0.9718	0.0571	1.65351
0.4509	0.4303	0.4813	0.3746	0.2354	0.4457	0.7407	0.5	0.5556	0.460061
0.4582	0.4623	0.492	0.399	0.3661	0.4695	0.7879	0.4559	0.3676	-0.160413
0.4638	0.4637	0.4996	0.3957	0.3753	0.4867	0.5972	0.4722	0.0353	-0.0730479
0.4494	0.4623	0.4957	0.3982	0.4107	0.4895	1.1053	0.807	0.7018	-0.140692
0.4708	0.4986	0.4903	0.3998	0.4804	0.4692	0.4588	0.0808	0.4706	-0.176633
0.4709	0.479	0.498	0.4177	0.4075	0.4767	0.5974	0.3247	0.0964	-0.663286
0.4636	0.4933	0.4977	0.4084	0.4834	0.4396	0.7297	0.6892	0.0412	-0.414295
0.463	0.4669	0.4912	0.3772	0.3749	0.4678	0.4933	0.4133	0.3867	0.393274
0.4497	0.4967	0.4963	0.3776	0.4551	0.4723	0.8	0.0843	0.1566	0.392413
0.4805	0.4889	0.4922	0.4218	0.4493	0.4495	0.3605	0.2955	0.1932	-0.751074
0.4687	0.473	0.4977	0.424	0.4189	0.482	0.7612	0.5441	0.1481	-0.84602
0.4431	0.4665	0.4925	0.3631	0.4111	0.481	0.8333	0.6667	0.6667	0.748634
0.459	0.4517	0.4885	0.3951	0.3411	0.4654	0.7195	0.5244	0.5122	-0.058568
0.4707	0.4557	0.497	0.4216	0.3809	0.4625	0.6494	0.6753	0.0899	-0.775637
0.4685	0.4713	0.497	0.4263	0.4162	0.4691	0.8056	0.5694	0.1111	-0.91687
0.4654	0.4407	0.4961	0.4025	0.1986	0.4652	0.6118	0.3605	0.1327	-0.254163
0.4604	0.4665	0.4967	0.3868	0.4052	0.4429	0.6098	0.6049	0.0652	0.157789
0.4118	0.4472	0.4771	0.2545	0.3701	0.4443	0.7671	0.7945	0.7397	2.99983
0.4342	0.4411	0.498	0.3657	0.3587	0.4814	1.12	0.84	0.1212	0.692221
0.4759	0.4792	0.4948	0.4062	0.4125	0.4793	0.3816	0.3421	0.3421	-0.335475
0.4647	0.4734	0.4969	0.3812	0.3862	0.4434	0.4828	0.3448	0.0619	0.298468
0.471	0.4743	0.4961	0.4211	0.4115	0.4693	0.6338	0.4507	0.1481	-0.75777
0.4549	0.4468	0.4728	0.3714	0.3324	0.4214	0.6235	0.5647	0.5765	0.549594
0.4525	0.4817	0.4988	0.3651	0.4479	0.4856	0.6329	0.5696	0.0957	0.700045
0.456	0.4837	0.4935	0.3782	0.4562	0.4162	0.6486	0.6216	0.092	0.376425
0.4388	0.4511	0.4935	0.3612	0.3644	0.4839	0.9254	0.6567	0.6866	0.806078
0.4765	0.4698	0.4935	0.4217	0.3404	0.4733	0.4667	0.28	0.3333	-0.758309
0.4657	0.4777	0.4995	0.381	0.3991	0.4834	0.4615	0.3165	0.0345	0.299224
0.4653	0.4952	0.499	0.3967	0.4261	0.4821	0.5652	0.075	0.0625	-0.0970224
0.4868	0.4838	0.4811	0.4392	0.4267	0.3611	0.2959	0.3061	0.1837	-1.22041
0.4668	0.4877	0.4982	0.399	0.4595	0.4846	0.5467	0.4533	0.131	-0.1581
0.4564	0.4578	0.4986	0.3802	0.3542	0.4815	0.6533	0.48	0.0833	0.326124
0.4553	0.4986	0.4967	0.3448	0.4855	0.4549	0.4828	0.1122	0.0816	1.16531
0.4559	0.4638	0.4955	0.359	0.3616	0.4478	0.5333	0.4133	0.0989	0.83411
0.4561	0.4625	0.4936	0.3779	0.3849	0.4808	0.6438	0.5479	0.5068	0.382103
0.4145	0.4991	0.4967	0.3163	0.461	0.473	1.0893	0.0235	0.1412	1.82839
0.4524	0.4413	0.4988	0.3905	0.3345	0.4863	0.8696	0.6667	0.0976	0.0642706
0.4486	0.4991	0.498	0.3809	0.4867	0.4765	0.8689	0.0732	0.0976	0.311139
0.4819	0.4985	0.4986	0.4103	0.4759	0.484	0.2787	0.0682	0.0985	-0.448938
0.4701	0.4778	0.4941	0.3905	0.385	0.4749	0.4239	0.2717	0.3152	0.0616966
0.4495	0.4244	0.4824	0.3944	0.3056	0.4593	1.0299	0.806	0.791	-0.0384764
0.4652	0.4852	0.4979	0.3588	0.4308	0.4671	0.3827	0.2927	0.069	0.818934
0.4551	0.4781	0.4938	0.3821	0.4356	0.4832	0.7015	0.5507	0.5942	0.278817
0.457	0.4481	0.488	0.36	0.2958	0.4576	0.5189	0.434	0.4151	0.829827
0.4627	0.4877	0.499	0.3797	0.458	0.4872	0.5132	0.4342	0.0833	0.333559
0.4575	0.4987	0.496	0.3814	0.4773	0.4878	0.6374	0.0631	0.4945	0.29891
0.4363	0.4565	0.4888	0.367	0.3743	0.4729	1.0702	0.6102	0.7288	0.662477
0.4723	0.4949	0.4973	0.4137	0.4806	0.4692	0.5176	0.3647	0.1	-0.552521
0.4591	0.4874	0.4969	0.3785	0.456	0.489	0.5811	0.4189	0.4054	0.365371
0.4551	0.475	0.496	0.3601	0.4308	0.4657	0.5541	0.6081	0.1364	0.809489
0.4702	0.467	0.4964	0.4066	0.3308	0.4867	0.5176	0.2941	0.3765	-0.361303
0.48	0.4612	0.4986	0.4328	0.3408	0.4847	0.4533	0.3867	0.1059	-1.06021
0.4663	0.4746	0.4979	0.4053	0.4012	0.4754	0.6111	0.3846	0.0962	-0.33014
0.4429	0.4313	0.4721	0.3738	0.3402	0.437	0.9545	0.9091	0.8485	0.493417
0.4753	0.4982	0.4972	0.4185	0.4729	0.4744	0.4756	0.0745	0.1277	-0.677208
0.4516	0.4485	0.4932	0.3919	0.3657	0.4833	0.913	0.7246	0.6957	0.0273337
0.4654	0.4675	0.4935	0.3986	0.3989	0.4766	0.5783	0.5301	0.3976	-0.149889
0.4505	0.4362	0.4989	0.3913	0.3521	0.4844	0.9437	0.9014	0.0745	0.0439455
0.4612	0.4716	0.4968	0.368	0.3844	0.4688	0.4819	0.369	0.1188	0.620939
0.464	0.4871	0.4978	0.3903	0.4543	0.4761	0.5513	0.4125	0.1034	0.068301
0.4709	0.4862	0.4964	0.3936	0.4463	0.4843	0.4235	0.3647	0.3023	-0.0161009
0.4516	0.4979	0.4979	0.3672	0.4693	0.4771	0.6667	0.0759	0.1013	0.644406
0.4604	0.4877	0.4965	0.3792	0.4569	0.4554	0.5581	0.4186	0.0882	0.352467
0.4491	0.4497	0.4961	0.355	0.3226	0.451	0.6389	0.4861	0.092	0.936105
0.4567	0.4799	0.4984	0.4115	0.4537	0.4839	1.0536	0.8036	0.1096	-0.5015
0.4719	0.4984	0.4985	0.4356	0.4826	0.4815	0.8281	0.1013	0.0886	-1.18027
0.4502	0.4965	0.4983	0.3473	0.4895	0.4802	0.5765	0.5	0.098	1.1219
0.4572	0.4968	0.4985	0.3743	0.4578	0.4687	0.5949	0.0851	0.0532	0.472505
0.4567	0.439	0.4946	0.3837	0.3448	0.4854	0.6753	0.7763	0.5921	0.239003
0.4543	0.47	0.4983	0.3565	0.3696	0.4791	0.55	0.3457	0.0889	0.898341
0.4554	0.4795	0.4975	0.387	0.4461	0.4643	0.7391	0.6522	0.0769	0.155485
0.4568	0.4495	0.4964	0.4033	0.3697	0.4678	0.9	0.7333	0.1286	-0.276041
0.4724	0.4693	0.493	0.3999	0.3506	0.4672	0.4235	0.3059	0.2824	-0.179386
0.4155	0.4286	0.4877	0.3088	0.3326	0.4721	1	0.9074	0.8148	1.96956
0.4315	0.4894	0.4968	0.3175	0.4709	0.461	0.7468	0.5949	0.0928	1.79906
0.4714	0.4726	0.4979	0.4162	0.4023	0.481	0.5679	0.4337	0.1237	-0.621627
0.4652	0.4936	0.4953	0.3949	0.464	0.4742	0.5556	0.2258	0.2258	-0.05022
0.4708	0.499	0.4972	0.395	0.4867	0.4677	0.4314	0.0818	0.1	-0.054606
0.4479	0.4975	0.495	0.3878	0.4758	0.4666	0.9844	0.1184	0.1842	0.134142
0.4759	0.4897	0.4957	0.4119	0.4619	0.4583	0.4133	0.3867	0.119	-0.486797
0.4388	0.4401	0.4967	0.3514	0.3227	0.4658	0.8312	0.6282	0.11	1.04265
0.4704	0.4571	0.498	0.4239	0.2903	0.4715	0.6923	0.3291	0.0787	-0.844893
0.4678	0.4529	0.4876	0.4193	0.3523	0.465	0.7231	0.5538	0.5692	-0.709545
0.4481	0.4116	0.4971	0.3851	0.2443	0.4672	0.9375	0.7344	0.1	0.204348
0.4712	0.4898	0.498	0.4037	0.4582	0.479	0.475	0.3375	0.1059	-0.280553
0.4636	0.4643	0.4965	0.4118	0.3746	0.4444	0.775	0.4578	0.0714	-0.511754
0.4822	0.4709	0.4989	0.4386	0.3938	0.4834	0.4359	0.4231	0.069	-1.22433
0.4655	0.4854	0.4903	0.4129	0.4644	0.4744	0.72	0.72	0.6267	-0.537147
0.4717	0.4818	0.4965	0.421	0.4217	0.4141	0.6082	0.3299	0.0459	-0.768363
0.4783	0.4869	0.4976	0.4321	0.4499	0.4732	0.506	0.3735	0.1	-1.05969
0.4671	0.4957	0.498	0.3775	0.4793	0.4781	0.4198	0.2674	0.1011	0.382266
0.4551	0.4389	0.4992	0.3843	0.2738	0.4872	0.7215	0.4875	0.0693	0.22493
0.469	0.4601	0.4994	0.3984	0.3433	0.4861	0.4898	0.4082	0.045	-0.142985
0.4662	0.4805	0.4929	0.4031	0.4411	0.4722	0.5946	0.527	0.3506	-0.267378
0.4522	0.4976	0.4979	0.3574	0.4804	0.4774	0.5926	0.1443	0.1031	0.882371
0.4453	0.4479	0.4989	0.345	0.3483	0.4875	0.6522	0.6232	0.0976	1.16684
0.4576	0.4945	0.4973	0.393	0.4821	0.49	0.7397	0.4521	0.3733	-0.00293548
0.4533	0.4608	0.4947	0.3811	0.3772	0.4854	0.7385	0.5385	0.5846	0.302825
0.4532	0.464	0.4979	0.3939	0.4009	0.4763	0.8864	0.6364	0.0973	-0.0252286
0.4728	0.4897	0.4992	0.391	0.4538	0.4889	0.3738	0.2991	0.0783	0.0481002
0.4403	0.4542	0.4875	0.356	0.3884	0.4677	0.8375	0.7875	0.65	0.935101
0.4565	0.4592	0.4981	0.4101	0.39	0.4856	1.0351	0.6667	0.1528	-0.464043
0.4686	0.4467	0.4967	0.4032	0.3163	0.4666	0.5333	0.5067	0.1136	-0.266385
0.4151	0.4792	0.4931	0.3256	0.4523	0.4435	1.1724	0.8103	0.1486	1.63656
0.4642	0.4989	0.4999	0.386	0.4863	0.49	0.5185	0.0842	0.0105	0.178082
0.451	0.4466	0.4862	0.3753	0.3388	0.461	0.7439	0.5976	0.5732	0.455718
0.4743	0.4697	0.4974	0.4074	0.3516	0.4885	0.4235	0.3023	0.3023	-0.373979
0.4692	0.4669	0.4982	0.3948	0.3758	0.4806	0.4643	0.4167	0.1031	-0.0492729
0.4642	0.4566	0.498	0.4106	0.3817	0.4612	0.7353	0.6618	0.0575	-0.472338
0.4531	0.4564	0.4988	0.373	0.3713	0.478	0.6761	0.5915	0.0588	0.505604
0.453	0.4486	0.4608	0.3754	0.3545	0.3861	0.6962	0.6456	0.5949	0.449434
0.4376	0.4499	0.4987	0.3761	0.3879	0.4867	1.1695	0.9153	0.1125	0.438986
0.4592	0.4651	0.4794	0.3681	0.3848	0.4274	0.5195	0.4935	0.4286	0.618407
0.454	0.4609	0.4878	0.4027	0.4034	0.4725	1	0.7541	0.8167	-0.261607
0.4875	0.4988	0.496	0.4417	0.4826	0.4496	0.2897	0.0734	0.0917	-1.29848
0.4626	0.4683	0.4992	0.3961	0.3689	0.4851	0.6304	0.3696	0.0545	-0.0851968
0.4723	0.4732	0.4972	0.412	0.3946	0.4869	0.5047	0.3832	0.2768	-0.513888
0.437	0.444	0.4837	0.3356	0.3335	0.4587	0.7538	0.6154	0.6769	1.38612
0.4665	0.4898	0.4983	0.4036	0.4528	0.4855	0.5921	0.2895	0.1341	-0.28153
0.4421	0.446	0.4841	0.3535	0.3284	0.4544	0.7746	0.5616	0.5616	0.983784
0.4672	0.4583	0.4879	0.4102	0.374	0.4637	0.6329	0.5696	0.519	-0.460972
0.4746	0.4677	0.4962	0.4253	0.3499	0.4621	0.5584	0.3247	0.1163	-0.871298
0.4542	0.454	0.4951	0.375	0.3419	0.4622	0.6667	0.4928	0.1538	0.453875
0.4693	0.4762	0.4897	0.4018	0.3987	0.4608	0.5068	0.3425	0.3699	-0.230075
0.4469	0.4716	0.4962	0.3712	0.4294	0.4522	0.8125	0.725	0.0899	0.56046
0.4529	0.4334	0.4996	0.3879	0.3274	0.4834	0.8193	0.7711	0.0273	0.13393
0.4319	0.4637	0.4992	0.3174	0.3923	0.4867	0.7403	0.5714	0.0632	1.79802
0.4454	0.4347	0.499	0.363	0.3319	0.4872	0.7742	0.7742	0.0897	0.750154
0.4636	0.4673	0.4986	0.3982	0.381	0.4744	0.6216	0.4324	0.061	-0.138607
0.4664	0.4962	0.4979	0.4268	0.4676	0.4811	0.9155	0.1364	0.125	-0.936903
0.4621	0.4979	0.4981	0.406	0.4825	0.484	0.75	0.1368	0.1368	-0.350808
0.4453	0.4979	0.4985	0.3757	0.4842	0.487	0.9062	0.1538	0.1282	0.443182
0.4616	0.4496	0.493	0.4084	0.3684	0.4811	0.7975	0.7215	0.5949	-0.417024
0.425	0.442	0.4983	0.3451	0.3801	0.4805	1.1273	1.0727	0.0964	1.18951
0.4535	0.4773	0.4971	0.3582	0.4307	0.4643	0.5732	0.5244	0.0918	0.863189
0.4244	0.4122	0.4955	0.3524	0.3142	0.4492	1.25	1.125	0.1029	1.01518
0.4471	0.4979	0.4961	0.3633	0.4482	0.4554	0.7368	0.0444	0.1	0.750034
0.4771	0.479	0.4992	0.4086	0.4187	0.4777	0.3684	0.3789	0.0367	-0.405547
0.4512	0.4925	0.4883	0.3692	0.4775	0.4669	0.6897	0.5172	0.5632	0.607157
0.4708	0.4855	0.4959	0.4252	0.4392	0.4866	0.6944	0.3333	0.4533	-0.877999
0.475	0.4926	0.4961	0.4214	0.4703	0.4533	0.5075	0.3433	0.0959	-0.747895
0.435	0.4317	0.4991	0.3344	0.297	0.4834	0.7841	0.6477	0.0561	1.44252
0.4756	0.4969	0.4978	0.433	0.4886	0.4766	0.6133	0.3816	0.1084	-1.09258
0.442	0.4956	0.4976	0.3697	0.4894	0.458	0.9296	0.7324	0.0625	0.598761
0.4742	0.4744	0.4981	0.4079	0.394	0.4755	0.4286	0.3571	0.0842	-0.387024
0.4398	0.4565	0.4975	0.359	0.3684	0.451	0.8767	0.5714	0.0556	0.859919
0.4497	0.4659	0.4959	0.3175	0.3838	0.4859	0.4713	0.4713	0.4138	1.75495
0.4734	0.4578	0.4738	0.4231	0.2972	0.4035	0.5747	0.3333	0.4138	-0.818244
0.4606	0.4508	0.4939	0.4127	0.3415	0.4435	0.9048	0.5397	0.1282	-0.535185
0.4728	0.4754	0.4972	0.3923	0.4009	0.4779	0.3793	0.3678	0.1489	0.0160899
0.4452	0.4446	0.4971	0.3589	0.3423	0.4742	0.746	0.6508	0.1316	0.845446
0.478	0.468	0.4879	0.4545	0.4034	0.4671	0.9833	0.55	0.6	-1.75151
0.4659	0.4664	0.4953	0.3873	0.3453	0.4803	0.4902	0.3301	0.3204	0.145692
0.4468	0.4599	0.4859	0.3412	0.3692	0.4622	0.6049	0.5122	0.6173	1.26021
0.4402	0.4328	0.497	0.3592	0.3444	0.4686	0.8676	0.9118	0.1087	0.851716
0.4663	0.4911	0.4979	0.4119	0.4725	0.4776	0.6825	0.4921	0.1081	-0.501681
0.4603	0.464	0.4974	0.3568	0.3628	0.4808	0.4512	0.4146	0.163	0.880091
0.465	0.4673	0.4949	0.3903	0.3646	0.4316	0.5275	0.3696	0.0857	0.0693219
0.4615	0.4424	0.496	0.4149	0.3635	0.4688	0.9062	0.8548	0.1519	-0.5968
0.4618	0.4541	0.4878	0.3764	0.2925	0.4589	0.5125	0.3625	0.4375	0.41707
0.461	0.4949	0.4989	0.3996	0.4839	0.4818	0.7089	0.4684	0.0632	-0.176405
0.4645	0.4841	0.4954	0.4246	0.4587	0.4885	0.9655	0.6552	0.6724	-0.868125
0.4591	0.4955	0.4984	0.3866	0.4864	0.4842	0.6389	0.5	0.1176	0.161979
0.473	0.4791	0.4928	0.4247	0.4189	0.4753	0.6061	0.3788	0.4242	-0.848948
0.457	0.496	0.4976	0.3706	0.4344	0.4667	0.5758	0.069	0.0805	0.553622
0.4694	0.46	0.4953	0.418	0.3562	0.4839	0.6512	0.4535	0.4186	-0.682012
0.4717	0.4987	0.4976	0.3987	0.4788	0.4818	0.4321	0.0652	0.1522	-0.14822
0.4833	0.4699	0.4635	0.4435	0.3918	0.3546	0.4444	0.4343	0.3939	-1.39366
0.4707	0.4457	0.4983	0.42	0.371	0.487	0.6316	0.8421	0.1493	-0.712964
0.46	0.492	0.4951	0.4041	0.4782	0.4876	0.7966	0.5932	0.661	-0.294993
0.4548	0.4434	0.4908	0.3939	0.3519	0.4763	0.8333	0.7333	0.65	-0.025333
0.4503	0.4453	0.4956	0.3904	0.3643	0.4703	0.9394	0.7879	0.1786	0.0656735
0.4687	0.4537	0.4966	0.4197	0.3724	0.462	0.6986	0.6575	0.1011	-0.724715
0.4764	0.4715	0.4992	0.4016	0.3596	0.49	0.3511	0.2979	0.0865	-0.22164
0.4718	0.4787	0.4987	0.3991	0.4121	0.4779	0.433	0.3505	0.066	-0.16003
0.4687	0.4787	0.4938	0.4143	0.3993	0.3952	0.6308	0.2985	0.0704	-0.563859
0.4437	0.4493	0.4938	0.3841	0.3922	0.4869	1.0781	1	0.9219	0.232192
0.4233	0.4343	0.4993	0.3601	0.3622	0.49	1.431	1.0678	0.0759	0.844424
0.4611	0.4988	0.4975	0.3993	0.4852	0.4712	0.7027	0.087	0.0978	-0.169384
0.4678	0.4634	0.4944	0.3904	0.3551	0.4729	0.4699	0.3976	0.2667	0.0657105
0.4581	0.4966	0.4938	0.3846	0.4529	0.442	0.6486	0.0814	0.1279	0.214036
0.4621	0.4402	0.4929	0.4071	0.3292	0.4805	0.7632	0.6579	0.5789	-0.37912
0.4665	0.4666	0.4952	0.3911	0.3761	0.483	0.5	0.4231	0.3974	0.0469787
0.4752	0.4882	0.4946	0.4482	0.4455	0.416	0.9683	0.2917	0.075	-1.56416
0.4389	0.4375	0.4949	0.3554	0.3469	0.4875	0.8649	0.8243	0.7027	0.946381
0.4407	0.4528	0.4985	0.3667	0.3801	0.4804	0.9324	0.7432	0.0851	0.675925
0.4511	0.4962	0.4973	0.3757	0.4602	0.4661	0.747	0.11	0.09	0.446333
0.4684	0.4684	0.4941	0.4127	0.3243	0.442	0.6235	0.2674	0.1209	-0.530441
0.4591	0.4578	0.4994	0.381	0.3393	0.488	0.5974	0.4286	0.0568	0.304695
0.4779	0.4636	0.4884	0.4276	0.3731	0.436	0.4756	0.4634	0.236	-0.927914
0.434	0.4965	0.4966	0.3401	0.473	0.4701	0.8485	0.1548	0.131	1.29606
0.4538	0.4679	0.4875	0.3551	0.3999	0.464	0.5526	0.5263	0.5526	0.927352
0.4482	0.4962	0.4973	0.366	0.4523	0.4783	0.7333	0.0909	0.1477	0.684443
0.4592	0.4576	0.4966	0.3993	0.3769	0.4672	0.7619	0.6032	0.12	-0.168255
0.455	0.4986	0.4981	0.3971	0.4882	0.4813	0.871	0.1392	0.1139	-0.110384
0.4596	0.4572	0.4903	0.3503	0.3128	0.4571	0.4375	0.3684	0.3053	1.03868
0.4496	0.4284	0.479	0.3891	0.3047	0.452	0.9437	0.7324	0.8169	0.101145
0.4565	0.4773	0.4987	0.3955	0.4336	0.4839	0.8	0.5571	0.093	-0.0666383
0.4613	0.4455	0.4974	0.412	0.3666	0.4773	0.8659	0.8049	0.1333	-0.521348
0.4677	0.4871	0.499	0.3839	0.4389	0.4851	0.4375	0.2857	0.0748	0.230033
0.4446	0.4413	0.4947	0.3307	0.321	0.485	0.5921	0.6026	0.5513	1.48636
0.4535	0.4593	0.4949	0.3696	0.3765	0.4712	0.641	0.5641	0.2198	0.591634
0.4516	0.4984	0.4979	0.3424	0.4802	0.478	0.5309	0.087	0.1087	1.22172
0.4527	0.4693	0.4982	0.3899	0.4151	0.4823	0.8514	0.6216	0.1176	0.0796678
0.4582	0.4393	0.493	0.4031	0.3322	0.4819	0.8448	0.6897	0.6379	-0.267813
0.4789	0.4714	0.4936	0.4289	0.3855	0.4761	0.4561	0.3772	0.3772	-0.986223
0.4445	0.4938	0.4783	0.3762	0.4855	0.4432	0.9344	0.7541	0.6557	0.431849
0.4667	0.4992	0.4996	0.3945	0.4886	0.49	0.5172	0.0745	0.0426	-0.039635
0.449	0.4461	0.4844	0.3395	0.308	0.4522	0.5612	0.4898	0.5102	1.30866
0.4569	0.444	0.4583	0.3959	0.3554	0.3768	0.7937	0.746	0.5873	-0.0779766
0.4353	0.4462	0.4955	0.337	0.3635	0.4369	0.7975	0.7595	0.0816	1.37609
0.4634	0.4636	0.4965	0.4082	0.3766	0.4563	0.7333	0.4805	0.0899	-0.409794
0.4505	0.4516	0.4991	0.3948	0.3737	0.4888	1	0.7164	0.0879	-0.0491987
0.44	0.4881	0.4958	0.3615	0.472	0.4893	0.8971	0.7647	0.6471	0.798294
0.4175	0.4259	0.4583	0.3305	0.3319	0.4095	1.1636	0.9636	0.9455	1.52378
0.4649	0.4975	0.4955	0.4147	0.481	0.4705	0.7667	0.1571	0.1857	-0.581765
0.4491	0.4939	0.4963	0.3894	0.4367	0.4336	0.9667	0.1139	0.0633	0.0918742
0.4469	0.4701	0.4994	0.3254	0.4002	0.4851	0.5357	0.4762	0.0408	1.59902
0.4616	0.4489	0.4783	0.3961	0.3276	0.4233	0.6571	0.5143	0.4286	-0.0817935
0.4471	0.4107	0.4963	0.3879	0.258	0.4595	1.0156	0.7969	0.1047	0.131528
0.4417	0.4394	0.4978	0.3236	0.2947	0.4661	0.6071	0.5357	0.0722	1.65304
0.454	0.4669	0.4972	0.3794	0.3812	0.4694	0.7059	0.4412	0.1039	0.345079
0.4632	0.4498	0.4993	0.4036	0.3478	0.4802	0.6857	0.5857	0.0366	-0.280933
0.4565	0.4764	0.4998	0.3826	0.4236	0.49	0.6714	0.4857	0.0241	0.265933
0.4669	0.4391	0.4909	0.4168	0.2906	0.4748	0.7222	0.5278	0.5833	-0.643775
0.4362	0.4954	0.4977	0.3638	0.4894	0.4769	1.0323	0.7581	0.1139	0.744091
0.4793	0.4817	0.4953	0.4177	0.3937	0.4498	0.3678	0.2333	0.1075	-0.643451
0.4604	0.4803	0.4991	0.3787	0.3819	0.4888	0.5556	0.2273	0.0842	0.361104
0.4773	0.4977	0.4996	0.4178	0.4886	0.49	0.4167	0.2619	0.046	-0.652721
0.4776	0.485	0.499	0.3678	0.4232	0.4856	0.2357	0.2643	0.0743	0.613919
0.4494	0.4448	0.4976	0.384	0.3486	0.484	0.8833	0.6833	0.1781	0.230122
0.466	0.4748	0.4988	0.3852	0.4001	0.4838	0.4773	0.375	0.08	0.197066
0.4774	0.4754	0.499	0.4251	0.4081	0.4713	0.4681	0.4043	0.0354	-0.86528
0.4624	0.4727	0.4952	0.3976	0.4238	0.4331	0.65	0.6066	0.0822	-0.120186
0.4595	0.4503	0.4872	0.3839	0.3474	0.4641	0.6102	0.5763	0.5763	0.227343
0.4547	0.4462	0.4955	0.392	0.3071	0.4865	0.8143	0.4857	0.5143	0.0251842
0.4712	0.4596	0.4909	0.4292	0.3643	0.442	0.7403	0.4935	0.1977	-1.00047
0.4583	0.4976	0.4838	0.3905	0.4734	0.4377	0.6933	0.1034	0.375	0.0625885
0.4494	0.493	0.4992	0.3757	0.4808	0.4826	0.791	0.5821	0.0519	0.441823
0.4484	0.4468	0.4956	0.3798	0.3758	0.4532	0.8615	0.8615	0.1084	0.340562
0.4291	0.4195	0.4903	0.3521	0.3213	0.4798	1.0943	1.0189	0.9434	1.02085
0.4673	0.4502	0.4992	0.4071	0.3206	0.4851	0.6022	0.4731	0.0545	-0.379437
0.4534	0.4981	0.4964	0.361	0.4723	0.4717	0.5897	0.0761	0.1522	0.796406
0.4706	0.4741	0.4937	0.4082	0.4002	0.4775	0.5195	0.3896	0.4026	-0.398994
0.447	0.4596	0.4787	0.3571	0.3844	0.4469	0.6944	0.6111	0.7083	0.892672
0.4711	0.4668	0.4965	0.3854	0.366	0.4602	0.382	0.382	0.099	0.189911
0.4641	0.4672	0.4932	0.3962	0.3821	0.4784	0.5926	0.439	0.4691	-0.0853342
0.4405	0.3951	0.4694	0.3959	0.2952	0.4439	1.5	1.3621	1.2759	-0.0791966
0.4743	0.4764	0.49	0.3797	0.3809	0.4611	0.3107	0.2816	0.3592	0.327435
0.4508	0.4803	0.4644	0.3912	0.4478	0.3977	0.9344	0.6393	0.5968	0.0441767
0.468	0.4362	0.499	0.4269	0.3113	0.4858	0.84	0.64	0.0729	-0.938439
0.4758	0.476	0.4933	0.4023	0.3599	0.4623	0.3661	0.2411	0.2232	-0.245003
0.4684	0.4806	0.4974	0.4151	0.4368	0.4781	0.6486	0.473	0.1364	-0.593145
0.4895	0.4988	0.4994	0.4645	0.4813	0.4861	0.4369	0.0684	0.0427	-2.02552
0.473	0.4772	0.4997	0.4178	0.3797	0.49	0.5342	0.2667	0.0366	-0.65764
0.4721	0.476	0.4964	0.4399	0.4168	0.4361	0.9242	0.4429	0.0641	-1.31542
0.4635	0.4538	0.4957	0.4157	0.3691	0.4873	0.8378	0.6316	0.5263	-0.621111
0.4555	0.4397	0.4974	0.3906	0.3223	0.4772	0.7746	0.6338	0.1325	0.0615623
0.46	0.4709	0.4969	0.3759	0.4108	0.4715	0.5455	0.5325	0.1264	0.429089
0.4646	0.4946	0.4926	0.3899	0.4558	0.4383	0.5352	0.1446	0.1446	0.0763753
0.4812	0.4732	0.4966	0.4411	0.4074	0.4715	0.5	0.4493	0.1375	-1.29417
0.454	0.4802	0.4985	0.3604	0.4325	0.4711	0.5761	0.4457	0.0545	0.816502
0.4505	0.4531	0.492	0.3644	0.3353	0.4743	0.6709	0.481	0.4684	0.719874
0.4745	0.4904	0.4846	0.417	0.467	0.4461	0.4848	0.4242	0.4242	-0.623432
0.4568	0.4494	0.4942	0.3953	0.3758	0.4537	0.7903	0.7903	0.1494	-0.0629254
0.4324	0.4671	0.4792	0.3202	0.4107	0.4421	0.7463	0.6418	0.597	1.72307
0.4765	0.4891	0.4967	0.4262	0.4494	0.4719	0.5063	0.2911	0.1395	-0.889964
0.4057	0.4438	0.4945	0.3021	0.3805	0.4883	1.1642	1.0149	0.9104	2.1522
0.4369	0.4706	0.4961	0.3196	0.4193	0.4592	0.6667	0.625	0.1099	1.73125
0.4469	0.4985	0.4991	0.3584	0.4806	0.4841	0.7049	0.0886	0.0633	0.851568
0.4369	0.4691	0.4994	0.3364	0.4125	0.49	0.76	0.6	0.0659	1.38136
0.4618	0.4603	0.497	0.3583	0.3331	0.4685	0.4324	0.3784	0.1098	0.833296
0.467	0.498	0.4843	0.4217	0.441	0.457	0.7917	0.0366	0.6027	-0.784441
0.4742	0.4765	0.4921	0.422	0.4213	0.4147	0.5375	0.4625	0.1111	-0.777652
0.4689	0.4367	0.4925	0.4257	0.2919	0.4762	0.7812	0.5625	0.4697	-0.891692
0.4618	0.4695	0.4947	0.4013	0.3646	0.4806	0.7024	0.3372	0.3837	-0.223991
0.4786	0.4981	0.4961	0.4482	0.4823	0.4717	0.7463	0.125	0.1625	-1.54548
0.4448	0.4538	0.4945	0.3864	0.3958	0.4072	1.0758	0.8939	0.069	0.172215
0.4728	0.4659	0.4791	0.4095	0.308	0.392	0.4744	0.2692	0.2692	-0.432682
0.4314	0.4962	0.4776	0.3267	0.4373	0.4453	0.806	0.0698	0.7313	1.59098
0.4604	0.4974	0.4993	0.3919	0.4734	0.49	0.65	0.1134	0.0722	0.0277285
0.4804	0.4968	0.4982	0.4435	0.4619	0.4815	0.5634	0.0964	0.1084	-1.38142
0.4603	0.4978	0.4993	0.3734	0.4775	0.4861	0.5256	0.1111	0.0556	0.489355
0.4684	0.4751	0.4956	0.4067	0.4073	0.4627	0.5676	0.4054	0.1375	-0.361508
0.4517	0.4668	0.4994	0.3664	0.3941	0.4851	0.6579	0.5132	0.043	0.669336
0.4588	0.4467	0.4884	0.3853	0.3119	0.464	0.6364	0.4937	0.4937	0.19818
0.4707	0.4826	0.4975	0.404	0.4282	0.4741	0.4881	0.3452	0.1111	-0.287895
0.453	0.4981	0.4973	0.3514	0.4631	0.4548	0.5484	0.0566	0.066	1.02929
0.4191	0.423	0.43	0.3421	0.2622	0.3408	1.2679	0.6452	0.9464	1.26854
0.4802	0.4967	0.498	0.4152	0.4715	0.4789	0.3333	0.1368	0.1053	-0.572811
0.469	0.492	0.4972	0.405	0.4329	0.4494	0.5375	0.1458	0.0625	-0.316223
0.4641	0.4937	0.4955	0.3666	0.4704	0.4803	0.4271	0.2812	0.3021	0.655972
0.4412	0.4415	0.4955	0.3295	0.3306	0.4872	0.6429	0.6429	0.5571	1.51047
0.4546	0.4675	0.4987	0.3768	0.3862	0.471	0.6706	0.4535	0.0476	0.414797
0.4734	0.4957	0.4978	0.4236	0.4821	0.4793	0.5811	0.3243	0.122	-0.823137
0.4624	0.489	0.481	0.3987	0.4501	0.4501	0.6615	0.2973	0.6462	-0.151405
0.451	0.4979	0.4969	0.3825	0.4784	0.473	0.8154	0.1098	0.1341	0.268648
0.4549	0.4967	0.4943	0.3634	0.4279	0.4641	0.5758	0.0519	0.1948	0.727462
0.4607	0.497	0.4986	0.3811	0.4691	0.4846	0.5641	0.1099	0.0989	0.301336
0.4667	0.4754	0.4987	0.3926	0.3811	0.486	0.506	0.2976	0.1053	0.00715094
0.4702	0.4676	0.4953	0.3907	0.3827	0.4445	0.4217	0.4337	0.0978	0.0564044
0.4705	0.4861	0.4977	0.3849	0.4431	0.4752	0.3905	0.3429	0.1026	0.204526
0.4645	0.4688	0.4992	0.3982	0.3905	0.49	0.6	0.45	0.0938	-0.138912
0.4644	0.4638	0.4942	0.4095	0.3897	0.4357	0.7164	0.5522	0.1067	-0.44125
0.4714	0.4878	0.4971	0.4064	0.4609	0.4677	0.4868	0.4737	0.1034	-0.348972
0.471	0.4969	0.497	0.4045	0.4689	0.4754	0.4844	0.1127	0.1408	-0.295232
0.4464	0.444	0.4662	0.3757	0.3448	0.4057	0.8732	0.6761	0.6197	0.44617
0.4341	0.4974	0.497	0.3696	0.4608	0.4696	1.1875	0.0741	0.1111	0.605771
0.4518	0.4825	0.4939	0.3895	0.4519	0.4844	0.8769	0.6	0.6462	0.08863
0.4731	0.4941	0.4976	0.3835	0.4746	0.4666	0.3404	0.3085	0.08	0.235651
0.4596	0.498	0.4985	0.4001	0.4737	0.4703	0.7581	0.0833	0.0556	-0.187061
0.4608	0.4742	0.4932	0.3896	0.4235	0.4789	0.6224	0.551	0.4796	0.0866076
0.4508	0.4985	0.4976	0.4143	0.4868	0.4723	1.4808	0.1268	0.0959	-0.587283
0.4581	0.4723	0.4987	0.3893	0.4133	0.4844	0.6875	0.5156	0.0933	0.0929799
0.4717	0.496	0.4922	0.406	0.4604	0.467	0.4778	0.1176	0.3222	-0.344355
0.4715	0.4794	0.499	0.4103	0.417	0.4841	0.5147	0.3611	0.0649	-0.451973
0.4673	0.4602	0.4951	0.4016	0.3495	0.4654	0.5541	0.4267	0.1728	-0.226233
0.47	0.4755	0.4918	0.4043	0.4214	0.4707	0.5075	0.4925	0.403	-0.293158
0.4588	0.4793	0.4982	0.3912	0.4285	0.4855	0.6875	0.439	0.1398	0.0458139
0.476	0.4582	0.4932	0.4208	0.3305	0.4747	0.4722	0.3981	0.3796	-0.756036
0.4628	0.4616	0.4972	0.4002	0.373	0.4685	0.6622	0.5	0.1	-0.190261
0.4678	0.4964	0.497	0.3914	0.4869	0.4874	0.4756	0.378	0.3171	0.0380309
0.4708	0.4876	0.4915	0.422	0.4552	0.4169	0.6508	0.4	0.125	-0.776083
0.4553	0.4663	0.4993	0.387	0.3776	0.49	0.7419	0.4355	0.08	0.153288
0.454	0.4435	0.4985	0.3831	0.349	0.4851	0.7397	0.7123	0.1124	0.255015
0.4499	0.4306	0.4947	0.3748	0.3183	0.4862	0.7679	0.7679	0.6441	0.457335
0.423	0.4765	0.4949	0.3532	0.4502	0.4539	1.3137	0.9423	0.1299	1.00174
0.4401	0.4695	0.4975	0.3471	0.4192	0.4548	0.7692	0.6615	0.0617	1.12764
0.4589	0.4956	0.4964	0.3824	0.4872	0.4893	0.6125	0.525	0.5	0.269907
0.4752	0.458	0.4833	0.4366	0.3568	0.4499	0.6883	0.4872	0.5256	-1.20753
0.4285	0.4476	0.4997	0.3549	0.3723	0.485	1.1528	0.8056	0.0215	0.97099
0.4784	0.4804	0.4948	0.4257	0.3883	0.4745	0.443	0.2405	0.2658	-0.865929
0.4643	0.4756	0.4949	0.3954	0.4178	0.4811	0.5811	0.4595	0.3784	-0.0647152
0.4758	0.463	0.4959	0.432	0.3178	0.4856	0.5952	0.314	0.4048	-1.07023
0.4718	0.4783	0.4989	0.4223	0.4265	0.485	0.619	0.4524	0.0825	-0.799043
0.4641	0.4749	0.4984	0.3901	0.407	0.4787	0.5467	0.4079	0.0843	0.0717759
0.4439	0.4584	0.485	0.3642	0.3829	0.4583	0.8219	0.6267	0.5867	0.732274
0.4642	0.4743	0.4958	0.4013	0.4195	0.4657	0.6354	0.5104	0.1429	-0.224414
0.4469	0.4836	0.4973	0.3379	0.4499	0.4711	0.5882	0.5147	0.1067	1.31356
0.4583	0.4511	0.499	0.3949	0.3496	0.4801	0.7403	0.5714	0.0532	-0.0532558
0.488	0.4989	0.4979	0.4604	0.4886	0.4826	0.4531	0.1061	0.1364	-1.82458
0.4609	0.4933	0.4974	0.3707	0.4749	0.4553	0.5	0.375	0.0636	0.563117
0.459	0.4842	0.4693	0.3229	0.4318	0.3585	0.3694	0.3243	0.3243	1.64169
0.4371	0.4587	0.499	0.3538	0.3979	0.49	0.8955	0.7612	0.1176	0.981613
0.4414	0.4331	0.4969	0.3665	0.3321	0.4697	0.9118	0.8088	0.119	0.676294
0.4712	0.4657	0.4752	0.4152	0.3819	0.4062	0.5616	0.4658	0.3973	-0.58814
0.4706	0.4767	0.4982	0.4253	0.4037	0.4803	0.7013	0.3544	0.1034	-0.883617
0.4486	0.4586	0.4962	0.3423	0.3405	0.4616	0.5789	0.4211	0.1136	1.22652
0.4298	0.4782	0.4975	0.3216	0.4476	0.4527	0.8025	0.75	0.0594	1.72023
0.4695	0.4618	0.4825	0.4314	0.404	0.4553	0.8594	0.7344	0.6719	-1.06113
0.4499	0.4943	0.4993	0.3806	0.4491	0.49	0.8281	0.1325	0.0723	0.317056
0.4559	0.4988	0.4993	0.3976	0.48	0.49	0.8481	0.0632	0.0737	-0.125784
0.4759	0.4759	0.4993	0.3951	0.3521	0.49	0.3333	0.2299	0.0729	-0.0533971
0.46	0.4835	0.495	0.3941	0.4469	0.4835	0.6825	0.4762	0.4444	-0.0312318
0.4393	0.457	0.4955	0.3232	0.3574	0.4866	0.6438	0.5068	0.5068	1.65195
0.47	0.4693	0.4963	0.4007	0.3894	0.4855	0.4819	0.4337	0.3529	-0.202246
0.4649	0.4561	0.4957	0.4044	0.3504	0.4409	0.6438	0.4932	0.0833	-0.303301
0.4588	0.4645	0.4987	0.3741	0.386	0.4882	0.561	0.5122	0.1209	0.47693
0.4488	0.4402	0.4947	0.373	0.3269	0.4836	0.7805	0.6463	0.4878	0.514701
0.4617	0.4861	0.4957	0.3901	0.4508	0.4727	0.6034	0.4138	0.194	0.071449
0.4532	0.4606	0.4972	0.3725	0.367	0.4644	0.6705	0.4886	0.0891	0.524797
0.4434	0.4977	0.4953	0.3634	0.4795	0.4492	0.8281	0.131	0.1071	0.745054
0.4578	0.4734	0.4973	0.363	0.4262	0.465	0.5195	0.6104	0.0879	0.738432
0.4815	0.4836	0.4966	0.4435	0.4385	0.4633	0.5176	0.3882	0.1064	-1.39216
0.471	0.4946	0.4985	0.4283	0.487	0.4722	0.7342	0.7215	0.0588	-0.973734
0.3879	0.496	0.4989	0.3069	0.4609	0.4857	1.7692	0.1176	0.0824	2.06535
0.4745	0.4864	0.4964	0.3937	0.4346	0.4656	0.3537	0.2805	0.1196	-0.0184107
0.4611	0.4678	0.4909	0.3975	0.4076	0.4731	0.6842	0.5921	0.5263	-0.120491
0.4764	0.478	0.4864	0.429	0.4141	0.4321	0.5366	0.378	0.2683	-0.97567
0.4606	0.4529	0.4976	0.4052	0.3727	0.4748	0.7903	0.6774	0.1096	-0.325859
0.4454	0.4409	0.4931	0.383	0.3378	0.4818	1	0.6923	0.6308	0.259699
0.4632	0.4655	0.4985	0.4001	0.4014	0.4856	0.65	0.6	0.1216	-0.186417
0.477	0.4807	0.4952	0.4305	0.4	0.4775	0.5333	0.2667	0.2763	-1.01089
0.4459	0.495	0.496	0.3436	0.4858	0.4231	0.6341	0.5488	0.0588	1.20989
0.4578	0.4989	0.4987	0.3909	0.489	0.487	0.7123	0.1099	0.1099	0.0523355
0.4568	0.446	0.4766	0.4098	0.3726	0.4469	1.0167	0.85	0.8333	-0.455225
0.4595	0.4704	0.4942	0.4068	0.4297	0.4559	0.8525	0.7869	0.1579	-0.368996
0.4396	0.4433	0.4981	0.373	0.3745	0.4063	1.0484	0.9516	0.023	0.514429
0.4436	0.4548	0.4756	0.3543	0.3659	0.4314	0.7465	0.5915	0.5915	0.963365
0.4816	0.4917	0.4962	0.4362	0.4493	0.4588	0.433	0.2062	0.1068	-1.17718
0.4614	0.4979	0.4989	0.3936	0.4735	0.4868	0.6404	0.0882	0.0882	-0.0190339
0.438	0.4598	0.4988	0.3413	0.3955	0.4878	0.7714	0.7	0.1059	1.26647
0.439	0.4715	0.4981	0.3693	0.381	0.4797	1.0182	0.3594	0.1081	0.603021
0.477	0.4514	0.4986	0.4313	0.2745	0.4865	0.54	0.36	0.1197	-1.0575
0.459	0.491	0.4996	0.3737	0.4718	0.4875	0.5532	0.4787	0.0364	0.490585
0.4508	0.4561	0.4944	0.3798	0.3847	0.4851	0.7937	0.6984	0.6032	0.338187
0.4806	0.471	0.4963	0.4393	0.3743	0.453	0.5	0.3444	0.0909	-1.27374
0.4587	0.457	0.4969	0.4066	0.374	0.457	0.8784	0.5974	0.0805	-0.369515
0.4259	0.4021	0.4964	0.369	0.2889	0.4397	1.5185	1.1296	0.0667	0.622307
0.478	0.4803	0.4956	0.4174	0.405	0.4254	0.3976	0.2892	0.0682	-0.63791
0.4626	0.4857	0.4959	0.3967	0.4616	0.4877	0.6349	0.619	0.5079	-0.0983982
0.4698	0.4714	0.4962	0.4153	0.3899	0.4559	0.6071	0.3953	0.099	-0.60119
0.4701	0.4823	0.4985	0.3999	0.4209	0.4826	0.475	0.3125	0.0964	-0.178647
0.4564	0.4565	0.4956	0.3805	0.3706	0.4871	0.6571	0.5857	0.5286	0.318126
0.4491	0.4455	0.4881	0.3899	0.3611	0.472	0.9744	0.7564	0.7564	0.0793497
0.4746	0.4636	0.496	0.4355	0.3938	0.4867	0.6933	0.5867	0.44	-1.17481
0.4551	0.4886	0.4965	0.3973	0.4719	0.4704	0.8701	0.7013	0.1373	-0.115737
0.4572	0.464	0.4929	0.377	0.3743	0.4754	0.6125	0.4625	0.4125	0.407334
0.4201	0.4563	0.4979	0.312	0.3855	0.4854	0.9286	0.7	0.1685	1.92612
0.4666	0.4536	0.4929	0.4296	0.3477	0.444	0.9718	0.5211	0.1529	-1.0206
0.4775	0.497	0.4866	0.3968	0.468	0.4376	0.3125	0.1078	0.2917	-0.09795
0.4605	0.4684	0.497	0.4003	0.3966	0.4662	0.7333	0.4933	0.1	-0.195276
0.4802	0.4857	0.4978	0.4128	0.4032	0.4862	0.3232	0.1919	0.198	-0.513832
0.4504	0.4965	0.4983	0.3769	0.4818	0.4841	0.7746	0.2439	0.125	0.413012
0.4518	0.4986	0.4985	0.3708	0.4815	0.4742	0.6892	0.0825	0.0619	0.56149
0.4559	0.4773	0.4974	0.3981	0.4501	0.4716	0.8553	0.8816	0.102	-0.138736
0.4727	0.4295	0.4961	0.4306	0.2708	0.4888	0.6986	0.589	0.5479	-1.03323
0.461	0.46	0.4971	0.3895	0.367	0.4666	0.6164	0.5	0.0978	0.0876897
0.4558	0.4511	0.496	0.3936	0.3385	0.4889	0.8	0.5231	0.5692	-0.0175126
0.4599	0.4558	0.498	0.3998	0.3384	0.4837	0.7467	0.4533	0.1395	-0.182981
0.4546	0.4763	0.4912	0.3933	0.4385	0.4782	0.8333	0.6667	0.6852	-0.0106076
0.4248	0.4232	0.4947	0.3291	0.3102	0.452	0.9636	0.8545	0.1299	1.5386
0.4715	0.4692	0.4953	0.4085	0.3906	0.4802	0.5	0.4419	0.3218	-0.411169
0.4302	0.4382	0.4973	0.3493	0.3661	0.4581	1.0294	1	0.0722	1.0972
0.4529	0.4673	0.4907	0.3887	0.4144	0.4738	0.8308	0.6769	0.5692	0.109957
0.4587	0.4948	0.4962	0.4204	0.4268	0.4585	1.1739	0.0833	0.1042	-0.76158
0.4767	0.4826	0.4816	0.409	0.4193	0.4237	0.3793	0.2989	0.3448	-0.413907
0.4818	0.4931	0.4938	0.4393	0.4465	0.4582	0.4571	0.1558	0.1818	-1.23589
0.4242	0.4572	0.4972	0.3199	0.3872	0.4695	0.9028	0.6944	0.1031	1.75763
0.4354	0.49	0.496	0.3605	0.479	0.4675	1.0143	0.9286	0.1443	0.827887
0.4494	0.4666	0.4979	0.3705	0.4122	0.4742	0.7432	0.6757	0.0889	0.573779
0.474	0.4813	0.4985	0.4208	0.4245	0.485	0.5309	0.358	0.1124	-0.744245
0.4718	0.4959	0.4957	0.4275	0.4886	0.4264	0.686	0.5581	0.0667	-0.951547
0.4326	0.4569	0.4956	0.3433	0.3858	0.4883	0.9062	0.6875	0.6094	1.22574
0.4652	0.4956	0.4989	0.3961	0.4315	0.4871	0.5638	0.0741	0.0926	-0.0836212
0.4687	0.497	0.4977	0.4005	0.4862	0.439	0.5119	0.2778	0.0417	-0.197579
0.4641	0.4722	0.488	0.3499	0.3878	0.4509	0.3723	0.3723	0.3404	1.03319
0.432	0.434	0.4953	0.3495	0.3273	0.426	0.9839	0.7581	0.0741	1.08405
0.4746	0.4945	0.4939	0.424	0.4268	0.3742	0.5444	0.0874	0.0583	-0.842447
0.4524	0.4699	0.4984	0.3528	0.3962	0.4714	0.5663	0.4578	0.0625	0.989357
0.46	0.4747	0.4968	0.3905	0.4216	0.4677	0.6506	0.5181	0.1134	0.0630677
0.4669	0.4977	0.4953	0.3935	0.4793	0.4601	0.507	0.125	0.1375	-0.0137618
0.4492	0.4983	0.4958	0.3775	0.4832	0.487	0.8133	0.1149	0.4933	0.400829
0.4577	0.4539	0.4968	0.3915	0.3597	0.4648	0.7206	0.5735	0.1026	0.0376559
0.4578	0.4524	0.4916	0.391	0.3592	0.4789	0.7143	0.6	0.6714	0.048913
0.426	0.4511	0.4958	0.3003	0.3697	0.4898	0.75	0.6974	0.6974	2.15218
0.46	0.461	0.4942	0.3783	0.3862	0.4839	0.5606	0.5909	0.5758	0.365985
0.473	0.4628	0.4927	0.4311	0.3774	0.4777	0.6944	0.5	0.5	-1.04623
0.4608	0.4947	0.4947	0.3878	0.4428	0.4626	0.6076	0.1075	0.172	0.133048
0.4687	0.4476	0.4947	0.4044	0.2429	0.4811	0.5405	0.3514	0.3919	-0.299149
0.459	0.457	0.4929	0.3671	0.333	0.4745	0.5185	0.4198	0.3951	0.645175
0.4471	0.4977	0.4983	0.3472	0.473	0.4838	0.6316	0.0978	0.1196	1.12105
0.4529	0.4982	0.4976	0.3679	0.4712	0.4752	0.6437	0.07	0.11	0.638355
0.4517	0.4865	0.4984	0.3393	0.456	0.4711	0.5165	0.4615	0.0588	1.29865
0.464	0.4636	0.499	0.383	0.3583	0.4863	0.506	0.4048	0.0833	0.253548
0.4724	0.4615	0.4949	0.4157	0.3659	0.4533	0.5325	0.4675	0.1294	-0.603396
0.4317	0.4281	0.471	0.3629	0.3428	0.4384	1.1639	1.0164	0.9508	0.770213
0.4593	0.4975	0.494	0.3762	0.4534	0.4334	0.5616	0.0588	0.1059	0.422102
0.482	0.4879	0.497	0.4392	0.4603	0.4344	0.4493	0.4571	0.0506	-1.22834
0.4567	0.492	0.4985	0.3799	0.4731	0.4794	0.6438	0.4324	0.0814	0.334297
0.4632	0.4342	0.4846	0.4263	0.3092	0.463	1.0811	0.6622	0.7432	-0.932005
0.4361	0.459	0.4963	0.3491	0.374	0.4401	0.8765	0.5556	0.0693	1.10364
0.4234	0.4844	0.4968	0.3523	0.4697	0.454	1.2833	1.1	0.0795	1.03068
0.4604	0.4581	0.4984	0.4016	0.3831	0.476	0.75	0.6364	0.0753	-0.23201
0.4765	0.4751	0.4981	0.4367	0.4181	0.4672	0.6341	0.4762	0.0619	-1.21147
0.4466	0.4837	0.4965	0.3828	0.4542	0.4664	0.9565	0.5797	0.122	0.265494
0.4711	0.4993	0.4981	0.4268	0.4861	0.4794	0.7073	0.0515	0.1031	-0.93191
0.4732	0.499	0.4974	0.3808	0.4788	0.41	0.3303	0.0496	0.0331	0.304082
0.4537	0.4391	0.4667	0.3673	0.2707	0.3927	0.6232	0.4783	0.5072	0.641112
0.4628	0.4974	0.4994	0.3881	0.4441	0.4875	0.5634	0.0513	0.0513	0.122371
0.4751	0.4977	0.498	0.4344	0.4783	0.4842	0.6571	0.122	0.1463	-1.13302
0.4567	0.4482	0.4973	0.399	0.3504	0.4605	0.8387	0.629	0.0779	-0.160797
0.4625	0.4691	0.4842	0.3942	0.3969	0.4519	0.6176	0.4783	0.5147	-0.0317539
0.4698	0.4512	0.4993	0.4188	0.3236	0.49	0.6456	0.4691	0.0729	-0.698679
0.4512	0.4657	0.4987	0.3625	0.3669	0.4813	0.6437	0.4023	0.0748	0.768448
0.4598	0.4619	0.4996	0.3645	0.361	0.4875	0.4902	0.4412	0.0354	0.716662
0.4532	0.4958	0.4969	0.3876	0.461	0.4675	0.8077	0.125	0.1094	0.137693
0.4698	0.4785	0.4969	0.3592	0.3909	0.4668	0.3191	0.2766	0.1078	0.806906
0.4584	0.497	0.4989	0.3797	0.4897	0.4867	0.6049	0.4096	0.0909	0.338722
0.4728	0.4655	0.4992	0.3982	0.3764	0.4841	0.4074	0.4444	0.0532	-0.134414
0.4714	0.4953	0.4955	0.3864	0.4811	0.4832	0.381	0.3412	0.3765	0.162184
0.4611	0.4553	0.4922	0.3953	0.3537	0.4722	0.6623	0.5195	0.4026	-0.0612209
0.4711	0.482	0.4972	0.4007	0.4388	0.4739	0.4565	0.4457	0.125	-0.201591
0.4591	0.4582	0.482	0.3844	0.3488	0.4443	0.6234	0.4545	0.5065	0.218731
0.4629	0.4984	0.4994	0.385	0.4847	0.4886	0.5417	0.1161	0.0603	0.205489
0.4789	0.4779	0.4981	0.4283	0.3937	0.4812	0.4487	0.2949	0.1124	-0.937367
0.4718	0.4737	0.4964	0.3952	0.3898	0.462	0.4118	0.3529	0.1075	-0.0578604
0.4582	0.4976	0.4957	0.4055	0.4827	0.4662	0.8788	0.1625	0.15	-0.33799
0.442	0.4626	0.4984	0.3568	0.3912	0.4848	0.8028	0.5915	0.1196	0.908722
0.455	0.4427	0.4986	0.3766	0.3157	0.4876	0.6585	0.561	0.125	0.419064
0.4645	0.479	0.498	0.3773	0.4186	0.4744	0.4667	0.3778	0.0849	0.395652
0.4566	0.4978	0.4992	0.3838	0.4477	0.4835	0.6786	0.0455	0.0545	0.237101
0.4526	0.4612	0.4985	0.361	0.3745	0.4776	0.6061	0.5147	0.0732	0.786312
0.4532	0.4687	0.4958	0.3525	0.369	0.4559	0.5495	0.3626	0.1089	1.00268
0.4766	0.472	0.4973	0.4254	0.3921	0.4596	0.4949	0.3939	0.0748	-0.882274
0.4521	0.4641	0.4867	0.3908	0.3938	0.4606	0.8824	0.5735	0.5294	0.0553616
0.4761	0.4984	0.4977	0.4439	0.4856	0.4734	0.7887	0.131	0.0952	-1.42766
0.4485	0.4584	0.4963	0.3813	0.3775	0.473	0.875	0.5893	0.1618	0.298084
0.4368	0.4438	0.4963	0.3432	0.3427	0.475	0.8116	0.6667	0.1765	1.22605
0.4628	0.4812	0.4835	0.3764	0.4242	0.3938	0.4943	0.3563	0.2065	0.418577
0.4657	0.4947	0.4995	0.3918	0.4803	0.4875	0.5227	0.375	0.0412	0.029822
0.4669	0.4983	0.4851	0.4063	0.485	0.4294	0.6049	0.129	0.2892	-0.355526
0.4533	0.4835	0.4988	0.4004	0.4616	0.4826	0.9868	0.7895	0.0762	-0.20193
0.4615	0.4634	0.4967	0.3386	0.348	0.4639	0.3766	0.3766	0.1059	1.25903
0.4239	0.4244	0.4962	0.3289	0.3229	0.4606	0.9841	0.9206	0.1124	1.55659
0.4671	0.4472	0.4959	0.3955	0.2716	0.4856	0.5149	0.396	0.4059	-0.0672394
0.4595	0.4884	0.4967	0.4245	0.4771	0.4742	1.2586	1.0517	0.1512	-0.876716
0.4595	0.4662	0.4985	0.4028	0.4044	0.4804	0.7945	0.6081	0.087	-0.264061
0.4568	0.4663	0.4967	0.383	0.4029	0.4801	0.6667	0.5909	0.2	0.253289
0.4687	0.4547	0.4878	0.4115	0.3529	0.461	0.6026	0.5256	0.4744	-0.495017
0.4785	0.4655	0.4946	0.4367	0.3633	0.4793	0.5506	0.3933	0.3596	-1.20461
0.4342	0.4745	0.4924	0.3206	0.4306	0.4798	0.7164	0.6269	0.6176	1.70978
0.4691	0.4576	0.4544	0.412	0.371	0.3568	0.5942	0.5652	0.5507	-0.503155
0.4544	0.4408	0.4917	0.3756	0.302	0.4735	0.6667	0.5402	0.4713	0.446132
0.4733	0.4734	0.4923	0.3937	0.3973	0.4598	0.3766	0.3896	0.2469	-0.0190667
0.4624	0.4633	0.4966	0.4018	0.3674	0.475	0.6914	0.4444	0.1596	-0.235832
0.4296	0.4138	0.4837	0.3493	0.2854	0.4649	1.0462	0.8769	0.8923	1.09649
0.4061	0.4602	0.4979	0.28	0.4036	0.4087	0.9831	0.7797	0.026	2.54975
0.4644	0.4462	0.4856	0.4068	0.3357	0.4596	0.6849	0.589	0.5753	-0.369045
0.4612	0.4953	0.4968	0.3965	0.4841	0.4788	0.6721	0.4194	0.1831	-0.0933229
0.4562	0.4341	0.4974	0.4019	0.3208	0.4833	0.8971	0.7206	0.1882	-0.239198
0.4208	0.4221	0.4954	0.3402	0.3204	0.4898	1.1905	0.9524	0.8254	1.31466
0.4687	0.4543	0.4975	0.4159	0.3143	0.4664	0.6486	0.4054	0.0843	-0.616757
0.4485	0.449	0.4982	0.3736	0.3609	0.4759	0.7931	0.6782	0.0818	0.501338
0.4386	0.4989	0.4996	0.3558	0.4783	0.49	0.8767	0.0543	0.0435	0.937313
0.4396	0.4769	0.4894	0.3465	0.435	0.4734	0.7746	0.5915	0.6761	1.14765
0.4585	0.4985	0.4978	0.3832	0.4845	0.4735	0.6267	0.1059	0.0941	0.251077
0.4402	0.4119	0.4927	0.3662	0.2553	0.4825	0.942	0.7681	0.7246	0.685772
0.4594	0.4627	0.4975	0.374	0.3773	0.462	0.5476	0.5	0.0722	0.4793
0.4672	0.499	0.497	0.3888	0.4875	0.4568	0.473	0.0889	0.0778	0.104215
0.4415	0.4365	0.4978	0.3426	0.2707	0.4491	0.7101	0.5072	0.0465	1.22865
0.4419	0.497	0.4987	0.367	0.4743	0.4704	0.9041	0.1373	0.049	0.665844
0.4588	0.4762	0.4949	0.3996	0.4327	0.4862	0.7778	0.5873	0.6032	-0.174818
0.4194	0.4949	0.4979	0.3191	0.4882	0.4733	1	0.7606	0.0879	1.78282
0.473	0.4969	0.499	0.4116	0.4851	0.4801	0.4828	0.2644	0.0521	-0.492362
0.4356	0.4278	0.4926	0.3452	0.3257	0.4835	0.8548	0.871	0.8226	1.17456
0.4382	0.4275	0.4934	0.3736	0.3257	0.4358	1.1053	0.8772	0.1216	0.498661
0.4436	0.4444	0.499	0.3825	0.3705	0.49	1.0545	0.8727	0.1169	0.270218
0.4413	0.4532	0.4978	0.3944	0.4128	0.4816	1.4091	1.2727	0.1408	-0.0397726
0.4672	0.4512	0.4984	0.4059	0.3562	0.4803	0.593	0.6047	0.09	-0.343636
0.4565	0.4477	0.4956	0.3582	0.3299	0.4874	0.52	0.5417	0.5417	0.851528
0.44	0.419	0.4989	0.3489	0.2805	0.4835	0.7846	0.7692	0.0723	1.08691
0.4347	0.4431	0.4424	0.3611	0.3761	0.3775	1.0435	0.9783	1.0217	0.795446
0.4649	0.4613	0.4984	0.3986	0.3511	0.4855	0.5921	0.4156	0.1279	-0.147462
0.4806	0.4979	0.4968	0.4386	0.4696	0.467	0.4928	0.075	0.1125	-1.22443
0.4812	0.4909	0.4987	0.43	0.4587	0.4851	0.3951	0.2963	0.093	-0.976855
0.475	0.4739	0.497	0.4	0.3592	0.461	0.3723	0.266	0.0857	-0.181355
0.4584	0.4459	0.4943	0.3703	0.3125	0.4799	0.5465	0.5059	0.407	0.571496
0.4623	0.4565	0.4945	0.3996	0.337	0.4832	0.6712	0.4384	0.4932	-0.175766
0.4246	0.4436	0.4988	0.3373	0.3823	0.489	1.0492	1.0492	0.125	1.37079
0.4447	0.4303	0.4922	0.3793	0.3126	0.4309	0.9677	0.7419	0.1375	0.354344
0.4612	0.4573	0.4978	0.3887	0.3701	0.4698	0.6053	0.5658	0.0795	0.109332
0.4402	0.4838	0.4973	0.3823	0.4691	0.465	1.1786	1.1429	0.0854	0.278962
0.4783	0.4699	0.4911	0.429	0.3572	0.4575	0.475	0.3125	0.275	-0.965723
0.4566	0.4456	0.4573	0.383	0.331	0.3694	0.6719	0.5781	0.5625	0.25353
0.4582	0.4793	0.4966	0.3537	0.4188	0.4864	0.4725	0.3736	0.337	0.963179
0.4489	0.424	0.4891	0.3833	0.2804	0.4719	0.8889	0.6944	0.6528	0.252097
0.4405	0.447	0.4939	0.3702	0.3739	0.4466	0.9836	0.8361	0.137	0.582223
0.4547	0.4935	0.4974	0.3651	0.4801	0.4768	0.5889	0.5	0.1296	0.704892
0.4541	0.4603	0.4954	0.3737	0.3619	0.4252	0.6588	0.4706	0.0714	0.493494
0.4494	0.4418	0.4957	0.3838	0.3402	0.4882	0.8784	0.6892	0.5811	0.238398
0.4477	0.4764	0.4986	0.3531	0.4301	0.4827	0.6548	0.5476	0.0928	0.993208
0.452	0.4619	0.4983	0.3759	0.3886	0.4818	0.726	0.589	0.1034	0.437983
0.4588	0.4615	0.497	0.3769	0.3582	0.49	0.5775	0.4366	0.4366	0.40413
0.4602	0.4619	0.4886	0.3515	0.3462	0.4627	0.4324	0.3919	0.4595	0.988637
0.4638	0.4682	0.4967	0.4025	0.372	0.4708	0.6579	0.3816	0.1294	-0.252525
0.4494	0.4944	0.4977	0.3972	0.4664	0.4799	1.0862	0.2078	0.1299	-0.112919
0.4766	0.474	0.4913	0.4165	0.3295	0.406	0.4267	0.2179	0.1125	-0.61032
0.475	0.4963	0.4965	0.4174	0.4377	0.4538	0.4757	0.0678	0.0847	-0.659369
0.4734	0.4624	0.4964	0.4222	0.3263	0.4851	0.5663	0.3373	0.3218	-0.790583
0.4537	0.4595	0.498	0.4035	0.4044	0.4742	1.0282	0.8169	0.0879	-0.286112
0.4742	0.4989	0.4989	0.421	0.4834	0.4804	0.5263	0.0723	0.0602	-0.746243
0.4354	0.498	0.4983	0.371	0.4803	0.4812	1.1642	0.1124	0.1011	0.571851
0.4663	0.4722	0.4974	0.4181	0.3938	0.4741	0.7639	0.3973	0.1149	-0.683171
0.4473	0.4548	0.4934	0.3439	0.3471	0.4801	0.6098	0.5	0.5	1.19949
0.4697	0.4739	0.4946	0.4115	0.4063	0.4572	0.5714	0.4286	0.1519	-0.48789
0.4394	0.4299	0.4602	0.3701	0.3143	0.3961	1.0152	0.7576	0.697	0.588877
0.4415	0.4418	0.4976	0.3543	0.3429	0.4762	0.7935	0.7065	0.113	0.980445
0.4498	0.4982	0.4987	0.329	0.4837	0.4857	0.5067	0.1236	0.1011	1.50161
0.4561	0.4991	0.4988	0.3842	0.478	0.488	0.6944	0.0455	0.1136	0.225522
0.4624	0.4695	0.4977	0.3803	0.3773	0.4711	0.5233	0.3793	0.09	0.322548
0.4542	0.4347	0.4994	0.3741	0.2506	0.4883	0.6593	0.4835	0.0536	0.484448
0.4304	0.4622	0.4773	0.3371	0.4088	0.4435	0.9041	0.7808	0.7123	1.37852
0.4476	0.4639	0.4966	0.3643	0.3815	0.4886	0.7344	0.5	0.4375	0.717307
0.4566	0.4654	0.4982	0.4009	0.4076	0.4838	0.8679	0.6604	0.127	-0.209785
0.4774	0.4981	0.4935	0.4393	0.4777	0.4801	0.6324	0.0941	0.5	-1.26729
0.4526	0.4671	0.4978	0.3811	0.3987	0.4774	0.7561	0.5366	0.1078	0.309161
0.4786	0.4975	0.4979	0.4394	0.4871	0.4756	0.5823	0.25	0.0941	-1.27918
0.4345	0.4379	0.4286	0.3609	0.3545	0.3292	1.0448	0.8806	0.8806	0.819698
0.4542	0.4773	0.4933	0.3862	0.4314	0.4809	0.7654	0.5309	0.5556	0.177367
0.4517	0.4542	0.49	0.3747	0.3549	0.468	0.7215	0.5443	0.4684	0.468952
0.4544	0.4639	0.4958	0.37	0.3828	0.4865	0.625	0.5077	0.4615	0.571834
0.4495	0.4546	0.4967	0.3915	0.3992	0.4694	0.9831	0.9153	0.1266	0.0374398
0.4641	0.4728	0.4943	0.3857	0.404	0.4812	0.52	0.44	0.44	0.18337
0.4555	0.4932	0.4603	0.3872	0.4792	0.3727	0.7385	0.4925	0.5231	0.148169
0.4552	0.4743	0.4995	0.373	0.4198	0.49	0.6282	0.5128	0.0549	0.506222
0.4571	0.4983	0.4977	0.3899	0.4704	0.4688	0.7215	0.0612	0.0816	0.0803979
0.4438	0.4975	0.4968	0.3713	0.4827	0.4572	0.8983	0.169	0.0845	0.551671
0.4599	0.4951	0.4991	0.3751	0.4851	0.478	0.5443	0.4937	0.0421	0.449843
0.4439	0.4405	0.4916	0.3526	0.3242	0.4779	0.7286	0.6286	0.6286	0.999925
0.4485	0.4473	0.4942	0.3858	0.3634	0.486	0.9333	0.7333	0.72	0.188164
0.4648	0.4549	0.4435	0.4146	0.3925	0.3285	0.7714	0.8143	0.6	-0.585211
0.4388	0.4057	0.4935	0.3719	0.279	0.4874	1.058	0.9855	1.058	0.545881
0.455	0.4643	0.4988	0.3979	0.4101	0.4563	0.8831	0.7273	0.0288	-0.133543
0.4656	0.4502	0.4906	0.3941	0.2861	0.4693	0.5405	0.3919	0.4595	-0.030991
0.4519	0.4502	0.4963	0.3854	0.3448	0.4895	0.8209	0.5652	0.5362	0.196913
0.4594	0.4334	0.4682	0.4074	0.3051	0.4077	0.8657	0.6567	0.5821	-0.388028
0.4642	0.4756	0.4968	0.3742	0.4121	0.4857	0.4571	0.4225	0.2958	0.459555
0.4581	0.4988	0.4974	0.3914	0.4803	0.4662	0.7083	0.0645	0.086	0.0409654
0.4847	0.4996	0.4988	0.4441	0.49	0.4803	0.4	0.0467	0.0654	-1.39997
0.4587	0.4823	0.4958	0.3968	0.4525	0.4423	0.7463	0.6232	0.0843	-0.101507
0.4358	0.4767	0.4996	0.3228	0.4332	0.49	0.7011	0.5747	0.045	1.68905
0.4534	0.4794	0.4975	0.3853	0.4464	0.4763	0.7794	0.6618	0.1205	0.196947
0.4779	0.48	0.4936	0.4409	0.4113	0.4713	0.6364	0.3205	0.2949	-1.32896
0.4664	0.4624	0.4943	0.3942	0.3813	0.481	0.5233	0.5294	0.4353	-0.0331845
0.4584	0.4737	0.4994	0.3997	0.4162	0.4875	0.7903	0.5	0.0541	-0.177798
0.4557	0.4635	0.4994	0.3748	0.3714	0.49	0.6296	0.4568	0.0619	0.462109
0.4634	0.4946	0.4962	0.4062	0.4291	0.435	0.7089	0.0879	0.0659	-0.355224
0.4687	0.4977	0.4978	0.3833	0.4659	0.4617	0.4167	0.0737	0.0632	0.241462
0.4858	0.4782	0.4985	0.4343	0.3739	0.4894	0.2959	0.24	0.16	-1.08429
0.4374	0.4487	0.4937	0.3827	0.4009	0.4869	1.3091	1.2	0.9455	0.268249
0.4672	0.4534	0.4922	0.4141	0.3432	0.4773	0.679	0.5062	0.5309	-0.5705
0.4602	0.4983	0.4972	0.4047	0.4765	0.4605	0.7952	0.0792	0.0792	-0.317158
0.4673	0.4714	0.4945	0.4074	0.3738	0.4788	0.6026	0.3375	0.3625	-0.383916
0.4622	0.4978	0.4987	0.3912	0.4801	0.4845	0.6	0.129	0.0947	0.0442281
0.4382	0.4633	0.4908	0.354	0.4084	0.447	0.8689	0.7377	0.2222	0.970038
0.4726	0.4756	0.4994	0.414	0.3909	0.49	0.5125	0.325	0.0659	-0.557069
0.459	0.4978	0.4968	0.3699	0.4753	0.4692	0.5333	0.1019	0.1204	0.581758
0.4459	0.4502	0.4981	0.3636	0.3647	0.461	0.7692	0.6795	0.0521	0.745553
0.4512	0.4606	0.4927	0.3892	0.3327	0.4741	0.8889	0.3731	0.403	0.0985496
0.4422	0.4609	0.4948	0.3554	0.4077	0.4875	0.7857	0.8143	0.7143	0.939944
0.4553	0.4647	0.4878	0.3608	0.3846	0.461	0.5541	0.5	0.473	0.792476
0.475	0.4735	0.4943	0.4221	0.426	0.4559	0.5147	0.6029	0.1558	-0.769293
0.4279	0.4786	0.4962	0.3188	0.4487	0.4496	0.8219	0.7534	0.0851	1.77406
0.4641	0.4974	0.4957	0.3844	0.4599	0.4825	0.5116	0.0714	0.3372	0.218488
0.4485	0.4981	0.4975	0.3652	0.4754	0.4668	0.72	0.0842	0.0842	0.703181
0.4588	0.4639	0.4953	0.3775	0.3483	0.4796	0.5802	0.3704	0.3086	0.393509
0.4568	0.4967	0.4884	0.4028	0.4705	0.472	0.8909	0.1316	0.7273	-0.260227
0.4586	0.4953	0.4988	0.3997	0.4885	0.4851	0.7846	0.7077	0.0899	-0.178807
0.4384	0.4372	0.452	0.3084	0.2894	0.3361	0.5952	0.5476	0.5	1.96981
0.4523	0.461	0.4967	0.37	0.3908	0.49	0.6716	0.6269	0.4925	0.57815
0.4633	0.4741	0.4961	0.382	0.4054	0.4868	0.5146	0.4175	0.4272	0.281804
0.4596	0.4962	0.4978	0.3944	0.487	0.476	0.6949	0.4237	0.1014	-0.0374913
0.4734	0.463	0.4984	0.4152	0.3333	0.4684	0.5	0.3457	0.0549	-0.587979
0.4714	0.4737	0.4965	0.4131	0.4019	0.4713	0.5395	0.4079	0.1429	-0.531749
0.4326	0.4564	0.4954	0.3354	0.3936	0.4623	0.8415	0.7805	0.1442	1.42003
0.4658	0.4697	0.4991	0.4028	0.3938	0.482	0.6042	0.4479	0.0541	-0.262557
0.4674	0.4974	0.4993	0.4059	0.4405	0.4886	0.5862	0.0485	0.068	-0.345724
0.4459	0.4533	0.4955	0.3638	0.3795	0.4546	0.7692	0.7231	0.1149	0.732814
0.4631	0.4972	0.4955	0.3844	0.4658	0.4097	0.5325	0.093	0.0581	0.216667
0.455	0.4782	0.4992	0.393	0.4471	0.4821	0.8171	0.7439	0.0467	-0.00128872
0.4668	0.473	0.4988	0.4119	0.4139	0.4762	0.6667	0.5	0.0538	-0.509526
0.4824	0.4881	0.4992	0.4428	0.436	0.49	0.473	0.2432	0.0897	-1.34726
0.4181	0.4248	0.4976	0.298	0.308	0.4739	0.875	0.8125	0.1047	2.19499
0.4654	0.4725	0.4976	0.3991	0.4235	0.4769	0.5833	0.6111	0.1163	-0.159405
0.4713	0.4993	0.4965	0.4035	0.4883	0.4351	0.4706	0.0619	0.0619	-0.276353
0.4666	0.4422	0.494	0.4456	0.3967	0.4426	1.6905	1.4286	0.1231	-1.49931
0.4654	0.4972	0.4964	0.4014	0.4812	0.4544	0.6027	0.1818	0.0909	-0.222399
0.4755	0.4905	0.4988	0.4248	0.4649	0.484	0.5227	0.3864	0.0792	-0.861809
0.4394	0.449	0.493	0.325	0.3416	0.4801	0.6512	0.5698	0.5581	1.63367
0.4648	0.4551	0.4973	0.4142	0.3484	0.4653	0.7625	0.5	0.0879	-0.577085
0.458	0.499	0.4939	0.3796	0.4843	0.4653	0.6136	0.0667	0.22	0.343102
0.4632	0.4685	0.4965	0.3882	0.3656	0.4567	0.5556	0.3556	0.0909	0.12183
0.4304	0.4786	0.4966	0.352	0.4448	0.4737	1.0556	0.6724	0.1528	1.02121
0.4427	0.4994	0.4982	0.3495	0.49	0.4754	0.7326	0.07	0.08	1.08606
0.441	0.4294	0.4815	0.3352	0.2879	0.4521	0.6765	0.6471	0.6618	1.38846
0.484	0.4856	0.4989	0.4472	0.442	0.4803	0.4574	0.3511	0.0606	-1.49823
0.4805	0.4741	0.4963	0.4172	0.3797	0.4826	0.3375	0.3125	0.2716	-0.619169
0.4734	0.4683	0.4975	0.4267	0.3927	0.4842	0.6143	0.4714	0.1875	-0.909215
0.4816	0.4712	0.4964	0.4399	0.3926	0.4706	0.4706	0.4118	0.1444	-1.27995
0.4331	0.4893	0.4948	0.3598	0.4778	0.4688	1.0732	0.9512	0.2075	0.821928
0.4544	0.4939	0.497	0.4175	0.4554	0.4771	1.3509	0.1667	0.1538	-0.679418
0.403	0.4884	0.4993	0.3018	0.4777	0.485	1.2264	1.1132	0.0494	2.13892
0.4844	0.4926	0.4975	0.4053	0.4589	0.483	0.2178	0.2277	0.1748	-0.30384
0.4718	0.4819	0.4978	0.3985	0.4196	0.4705	0.4304	0.3165	0.0824	-0.141358
0.4398	0.4105	0.496	0.3685	0.246	0.49	0.9831	0.7541	0.6721	0.623781
