x
0.3306
0.3422
0.3801
0.3572
0.3141
0.3235
0.3233
0.3662
0.3404
0.3565
0.3219
0.357
0.368
0.3414
0.345
0.3372
0.3352
0.3689
0.3655
0.3444
0.3392
0.3483
0.3445
0.3516
0.3549
0.3268
0.3481
0.3292
0.3095
0.3267
0.3298
0.3004
0.3369
0.3433
0.295
0.3531
0.3208
0.3436
0.3562
0.3823
0.3118
0.3086
0.3129
0.3213
0.3482
0.2958
0.2949
0.3077
0.344
0.3572
0.3434
0.362
0.3149
0.3556
0.332
0.3397
0.3489
0.3391
0.334
0.3071
0.2927
0.3312
0.3548
0.359
0.312
0.3346
0.3406
0.3324
0.3317
0.2876
0.3617
0.3465
0.3676
0.3028
0.3261
0.3644
0.315
0.3523
0.3452
0.3464
0.3569
0.3748
0.3392
0.3615
0.3198
0.3595
0.2738
0.3258
0.3518
0.3473
0.3321
0.3726
0.3477
0.3818
0.329
0.3021
0.3543
0.3456
0.3301
0.3547
0.3397
0.3557
0.3514
0.3635
0.3112
0.3534
0.3329
0.3517
0.3389
0.2866
0.336
0.2971
0.3265
0.328
0.355
0.3441
0.3359
0.3331
0.3412
0.3666
0.3395
0.3048
0.3351
0.3117
0.3267
0.3497
0.3493
0.3376
0.3553
0.3238
0.3318
0.3332
0.3016
0.3425
0.3564
0.3427
0.3335
0.3683
0.2889
0.3431
0.3452
0.3306
0.3599
0.3303
0.3414
0.3291
0.3087
0.3286
0.2938
0.3332
0.3129
0.3139
0.3466
0.3295
0.2671
0.3449
0.3579
0.3456
0.3083
0.2533
0.3493
0.3406
0.3326
0.32
0.3638
0.3267
0.3502
0.3233
0.3613
0.3041
0.3696
0.3171
0.3285
0.3557
0.3465
0.3492
0.2729
0.3231
0.3243
0.2991
0.3112
0.3349
0.3324
0.3282
0.3616
0.3378
0.3415
0.3713
0.3497
0.3254
0.3318
0.3278
0.3493
0.3556
0.2954
0.3441
0.3626
0.3204
0.3398
0.2928
0.329
0.3458
0.3516
0.3512
0.3464
0.3316
0.3355
0.2978
0.2961
0.3498
0.3281
0.3446
0.3647
0.345
0.2848
0.3593
0.3537
0.3232
0.3103
0.3054
0.3498
0.3476
0.3422
0.3295
0.3489
0.3307
0.3265
0.327
0.3302
0.349
0.3374
0.3356
0.3006
0.3628
0.3038
0.3256
0.317
0.3546
0.3167
0.2935
0.3196
0.3293
0.3366
0.3218
0.3375
0.3358
0.361
0.3212
0.3357
0.3553
0.3161
0.3478
0.337
0.3667
0.3481
0.336
0.3239
0.3332
0.3462
0.3155
0.3473
0.3005
0.3389
0.3301
0.3406
0.3315
0.3087
0.2994
0.3418
0.3103
0.3634
0.3034
0.3337
0.3011
0.3508
0.3697
0.3424
0.3431
0.3164
0.3454
0.3486
0.3088
0.3209
0.3384
0.3331
0.3564
0.3632
0.3485
0.3549
0.3256
0.3276
0.3231
0.3138
0.3646
0.3257
0.3324
0.2691
0.3462
0.3316
0.3299
0.314
0.2932
0.3437
0.316
0.3026
0.2889
0.3326
0.3659
0.3414
0.2951
0.3112
0.3454
0.3209
0.3559
0.3552
0.3397
0.3225
0.3402
0.3293
0.306
0.328
0.3457
0.277
0.3605
0.3571
0.3607
0.3677
0.3298
0.3489
0.3331
0.3148
0.2787
0.3545
0.3704
0.3822
0.3284
0.3059
0.3187
0.3444
0.3261
0.3362
0.3253
0.3359
0.3474
0.3475
0.348
0.3614
0.3294
0.3304
0.352
0.3043
0.3414
0.3434
0.3237
0.3054
0.3425
0.3435
0.3398
0.3651
0.3569
0.3381
0.2897
0.3463
0.3751
0.3636
0.3638
0.3661
0.3161
0.3259
0.359
0.3121
0.3526
0.3323
0.2858
0.3174
0.3497
0.3272
0.3175
0.3535
0.3
0.3478
0.3534
0.3012
0.3364
0.3559
0.336
0.3286
0.3599
0.3429
0.3261
0.3209
0.3271
0.3243
0.2931
0.3613
0.3462
0.3624
0.3493
0.3141
0.3281
0.3201
0.3435
0.3216
0.333
0.3219
0.3442
0.3621
0.3726
0.352
0.3531
0.3248
0.335
0.3426
0.3419
0.2936
0.3176
0.331
0.3219
0.3225
0.3274
0.2854
0.3259
0.3402
0.3463
0.3182
0.2912
0.3169
0.3073
0.3171
0.3258
0.3069
0.3385
0.3356
0.3503
0.319
0.3312
0.3573
0.3295
0.3462
0.3475
0.3003
0.376
0.3056
0.3508
0.3618
0.3684
0.334
0.3529
0.332
0.3555
0.3164
0.3419
0.3183
0.35
0.3599
0.316
0.3658
0.3265
0.3228
0.3473
0.3156
0.2879
0.3456
0.3375
0.3438
0.3255
0.3192
0.3401
0.3233
0.3555
0.3413
0.3186
0.3073
0.3808
0.3378
0.3541
0.3323
0.3426
0.3612
0.3256
0.306
0.3447
0.3242
0.3592
0.3421
0.2994
0.3398
0.3491
0.3338
0.3342
0.3578
0.3842
0.355
0.3501
0.3363
0.3244
0.35
0.2991
0.3418
0.3556
0.3137
0.3482
0.339
0.3052
0.2903
0.3384
0.3456
0.3401
0.3328
0.2948
0.328
0.2804
0.3422
0.3309
0.3425
0.3325
0.3501
0.3346
0.3237
0.332
0.3141
0.3215
0.3261
0.3268
0.3104
0.3729
0.3515
0.337
0.3456
0.3467
0.3492
0.3354
0.321
0.3454
0.3662
0.3493
0.3696
0.3572
0.335
0.309
0.3629
0.2879
0.3458
0.3297
0.347
0.3713
0.3325
0.3508
0.3317
0.3532
0.3364
0.3257
0.3532
0.3692
0.306
0.3433
0.3735
0.3231
0.3614
0.3403
0.3332
0.2972
0.3474
0.3377
0.2879
0.307
0.3073
0.3184
0.3234
0.3304
0.3313
0.3719
0.3594
0.3291
0.3505
0.313
0.3291
0.3203
0.351
0.3396
0.3428
0.3277
0.348
0.3194
0.3307
0.3413
0.3332
0.3618
0.3226
0.317
0.3025
0.3206
0.3124
0.2897
0.3272
0.3515
0.3071
0.3509
0.362
0.3635
0.3717
0.2825
0.3479
0.3662
0.2981
0.3258
0.3398
0.3182
0.3069
0.3361
0.3327
0.3638
0.3226
0.3639
0.3547
0.332
0.2935
0.346
0.331
0.3099
0.2951
0.3857
0.3148
0.3579
0.3113
0.3197
0.3687
0.3387
0.3507
0.3129
0.3361
0.3261
0.3079
0.3576
0.3538
0.3211
0.336
0.3244
0.3293
0.318
0.3428
0.3576
0.3543
0.368
0.3172
0.3659
0.3183
0.3398
0.2983
0.3638
0.3382
0.3198
0.331
0.3321
0.3387
0.3068
0.3352
0.3417
0.3506
0.3429
0.3376
0.343
0.322
0.3466
0.3627
0.3318
0.327
0.3581
0.3275
0.3387
0.3239
0.3636
0.3427
0.3268
0.3266
0.3375
0.3178
0.3406
0.3557
0.3169
0.2881
0.3287
0.3684
0.3575
0.3321
0.3384
0.3131
0.3685
0.3429
0.3339
0.36
0.3194
0.3146
0.3676
0.2958
0.3305
0.3332
0.3323
0.3203
0.3678
0.3622
0.3646
0.3579
0.3518
0.3224
0.3561
0.3099
0.3542
0.3411
0.3774
0.3184
0.33
0.3524
0.3659
0.3199
0.3459
0.3635
0.3848
0.3332
0.3584
0.3635
0.3255
0.332
0.369
0.3585
0.3267
0.3647
0.2787
0.3394
0.3565
0.331
0.3703
0.3706
0.3532
0.3301
0.3529
0.314
0.3093
0.3468
0.3506
0.366
0.3418
0.3335
0.3288
0.3769
0.3397
0.3119
0.3302
0.3452
0.3357
0.2861
0.3475
0.306
0.3404
0.3314
0.3368
0.3252
0.3309
0.3383
0.3627
0.3253
0.3615
0.3336
0.3386
0.3148
0.345
0.3343
0.3404
0.3446
0.3451
0.3363
0.3633
0.2641
0.317
0.3412
0.346
0.3189
0.3234
0.3568
0.3366
0.3811
0.3655
0.3217
0.3653
0.3657
0.337
0.368
0.327
0.3153
0.3245
0.3528
0.3283
0.3418
0.3224
0.3273
0.34
0.3417
0.344
0.3066
0.3393
0.318
0.3199
0.368
0.35
0.354
0.3603
0.3258
0.2911
0.3534
0.3051
0.3176
0.3133
0.3543
0.3419
0.3197
0.3305
0.3363
0.3635
0.3447
0.335
0.3535
0.333
0.3689
0.3406
0.295
0.2869
0.3066
0.3236
0.3697
0.3419
0.3389
0.2945
0.3248
0.3112
0.2995
0.3539
0.3006
0.3035
0.3078
0.3153
0.3117
0.3044
0.3543
0.3486
0.3515
0.3421
0.3127
0.2926
0.3348
0.3531
0.3289
0.3437
0.3337
0.3018
0.3161
0.3499
0.3311
0.2894
0.3122
0.3085
0.3517
0.3285
0.3535
0.3482
0.3179
0.327
0.3365
0.3187
0.315
0.3246
0.323
0.3446
0.351
0.3643
0.3633
0.3382
0.362
0.3468
0.297
0.3403
0.3301
0.3392
0.3554
0.3224
0.3554
0.3526
0.3037
0.3312
0.337
0.3428
0.3336
0.315
0.3384
0.362
0.3576
0.3079
0.312
0.3046
0.3135
0.3409
0.3479
0.3292
0.3263
0.3411
0.3661
0.3457
0.3037
0.3428
0.3367
0.3266
0.371
0.3534
0.3127
0.3233
0.3033
0.338
0.3215
0.3287
0.3372
0.3466
0.3496
0.3407
0.3635
0.3263
0.3379
0.3083
0.3593
0.3389
0.324
0.3227
0.2821
0.3495
0.347
0.3536
0.3152
0.3756
0.3443
0.3306
0.3345
0.3574
0.339
0.3507
0.3336
0.3095
0.3007
0.3733
0.3529
0.3684
0.3495
0.3319
0.3287
0.3261
0.3406
0.3247
0.3287
0.3608
0.3567
0.3609
0.3028
0.3069
0.3211
0.3606
0.3472
0.3582
0.3224
0.2834
0.3244
0.338
0.3618
0.3639
0.3289
0.3424
0.2977
0.314
0.2993
0.3611
0.3388
0.3245
0.3113
0.3436
0.3317
0.3356
0.3287
0.3509
0.3411
0.3066
0.3409
0.3464
0.3643
0.3474
0.3716
0.2812
0.3619
0.3189
0.3272
0.3511
0.3157
0.3012
0.3509
0.3327
0.3119
0.3402
0.3821
0.3565
0.3092
0.3285
0.3104
0.3263
0.3643
0.3411
0.3251
0.3726
0.3819
0.3234
0.3388
0.3451
0.3494
0.365
0.3642
0.3468
0.3358
0.3379
0.3479
0.3654
0.3475
0.3142
0.342
0.3313
0.282
0.3235
0.3281
0.3139
0.3262
0.3949
0.3053
0.3768
0.3281
0.3595
0.3566
0.3787
0.3985
0.2935
0.3964
0.3995
0.3356
0.315
0.2671
0.2926
0.3355
0.357
0.3402
0.3608
0.3083
0.3422
0.3915
0.3322
0.3495
0.3826
0.3259
0.3982
0.2878
0.3975
0.3486
0.3662
0.3167
0.3319
0.3411
0.337
0.3545
0.3074
0.3528
0.3319
0.3588
0.2979
0.3264
0.3658
0.3217
0.3522
0.3427
0.3363
0.3479
0.3608
0.3558
0.378
0.3173
0.3515
0.2985
0.3335
0.338
0.3592
0.3462
0.3736
0.3328
0.3856
0.3464
0.3143
0.3497
0.3447
0.3571
0.3581
0.3505
0.3528
0.3478
0.348
0.3066
0.34
0.3439
0.3426
0.3258
0.2973
0.3469
0.2957
0.3315
0.3187
0.3331
0.336
0.3334
0.3338
0.3107
0.3599
0.3288
0.3423
0.3348
0.3322
0.3149
0.3497
0.3517
0.3487
0.352
0.329
0.3428
0.3377
0.2973
0.3307
0.3516
0.3202
0.3339
0.3774
0.2981
0.3306
0.3453
0.3248
0.3504
0.338
0.3755
0.337
0.3013
0.2954
0.3984
0.3507
0.3178
0.3706
0.3503
0.3306
0.2796
0.3456
0.399
0.347
0.3916
0.2742
0.3524
0.3514
0.3303
0.3192
0.3733
0.3703
0.3575
0.3122
0.3648
0.2866
0.3579
0.3328
0.3208
0.3489
0.3469
0.3548
0.2971
0.3172
0.3366
0.3089
0.3103
0.3165
0.3208
0.3088
0.3626
0.3292
0.3446
0.3646
0.3344
0.3014
0.3323
0.3139
0.3329
0.3582
0.2797
0.3359
0.3596
0.2977
0.3423
0.2827
0.3488
0.3813
0.3878
0.3523
0.3394
0.3404
0.3287
0.3097
0.2931
0.3297
0.3271
0.338
0.3972
0.3944
0.3799
0.3584
0.3459
0.3163
0.3165
0.3215
0.3425
0.3393
0.335
0.2872
0.3552
0.3155
0.3491
0.3853
0.3149
0.3464
0.3386
0.3547
0.287
0.3594
0.3985
0.3302
0.3425
0.3572
0.3099
0.3066
0.3367
0.316
0.3472
0.3052
0.3238
0.3272
0.3553
0.312
0.3457
0.3385
0.3409
0.3388
0.3447
0.3602
0.3555
0.3189
0.3248
0.332
0.3302
0.3076
0.3495
0.3178
0.327
0.3287
0.3355
0.335
0.3062
0.2834
0.369
0.3261
0.346
0.3082
0.3215
0.3419
0.3428
0.3657
0.3921
0.3406
0.3165
0.3345
0.3591
0.3967
0.3098
0.3113
0.327
0.3623
0.3519
0.3492
0.3507
0.3241
0.3295
0.3344
0.3347
0.3623
0.31
0.3206
0.2907
0.3338
0.3336
0.3151
0.321
0.2814
0.3372
0.3226
0.2847
0.2874
0.3357
0.3542
0.3377
0.3904
0.3067
0.347
0.321
0.3601
0.3467
0.3326
0.3269
0.3489
0.3049
0.2864
0.3252
0.3346
0.2608
0.3586
0.3565
0.3442
0.3714
0.3271
0.3451
0.3421
0.329
0.2715
0.3463
0.372
0.3801
0.3225
0.2961
0.3168
0.3198
0.3113
0.338
0.3219
0.314
0.3594
0.3426
0.3257
0.3578
0.3254
0.3146
0.3407
0.3455
0.3337
0.3294
0.3224
0.3352
0.3427
0.3935
0.338
0.3668
0.3773
0.3294
0.2473
0.3988
0.3797
0.3624
0.3839
0.364
0.3325
0.3546
0.3392
0.3348
0.3501
0.3256
0.3909
0.3097
0.3527
0.3191
0.3178
0.3593
0.2965
0.3361
0.3444
0.2924
0.3393
0.3901
0.3286
0.3196
0.3601
0.3322
0.3286
0.3013
0.3111
0.3369
0.3278
0.3536
0.3481
0.3379
0.3612
0.3256
0.322
0.3142
0.3397
0.3224
0.3298
0.3139
0.3902
0.3654
0.37
0.3504
0.346
0.3177
0.3336
0.395
0.3405
0.2882
0.3032
0.3433
0.3253
0.3054
0.3211
0.2783
0.3182
0.3985
0.3596
0.3092
0.2896
0.3376
0.2672
0.3249
0.322
0.3293
0.3365
0.3477
0.3573
0.313
0.3268
0.3929
0.34
0.3572
0.3677
0.3095
0.3774
0.2904
0.3469
0.3682
0.3497
0.3312
0.3972
0.302
0.3335
0.3066
0.3584
0.37
0.3537
0.3525
0.3003
0.3573
0.347
0.3994
0.3396
0.3097
0.2958
0.346
0.3501
0.3707
0.3309
0.3126
0.3994
0.3748
0.3405
0.3321
0.3164
0.3008
0.3482
0.3238
0.3513
0.3932
0.3374
0.3596
0.3128
0.3081
0.3503
0.3162
0.3927
0.3344
0.3023
0.347
0.3478
0.3613
0.3304
0.3598
0.3802
0.3959
0.3531
0.3391
0.342
0.3417
0.2857
0.3505
0.3509
0.3255
0.344
0.3354
0.3061
0.2824
0.3273
0.3325
0.3372
0.3448
0.3019
0.3321
0.319
0.3436
0.3271
0.3479
0.3226
0.351
0.3207
0.3044
0.3397
0.3581
0.314
0.3126
0.3228
0.3419
0.3641
0.3441
0.3312
0.3435
0.345
0.3584
0.345
0.3227
0.3437
0.3636
0.342
0.3685
0.3607
0.3542
0.375
0.3618
0.2968
0.3343
0.3265
0.3331
0.3722
0.3337
0.3996
0.331
0.3245
0.3206
0.3244
0.3622
0.364
0.3066
0.349
0.3714
0.3154
0.3558
0.3355
0.3602
0.3406
0.3334
0.3244
0.2893
0.3147
0.3062
0.304
0.32
0.3214
0.3419
0.3656
0.3563
0.3996
0.3547
0.346
0.3084
0.3142
0.3449
0.3286
0.3451
0.3205
0.3544
0.3139
0.3344
0.3981
0.321
0.3575
0.3236
0.3197
0.2951
0.3465
0.317
0.3161
0.3264
0.339
0.2998
0.3384
0.3526
0.3572
0.3758
0.3988
0.3399
0.3589
0.2865
0.3425
0.3398
0.3104
0.2942
0.337
0.3937
0.3692
0.3951
0.3661
0.3647
0.3178
0.3595
0.3651
0.316
0.3083
0.288
0.3883
0.3967
0.3516
0.2922
0.3222
0.366
0.3356
0.3496
0.3004
0.3424
0.3002
0.3141
0.3485
0.3464
0.3372
0.3367
0.3336
0.3027
0.3213
0.3373
0.3626
0.3444
0.365
0.3571
0.3645
0.3236
0.3352
0.3165
0.372
0.3377
0.3136
0.3996
0.3172
0.3435
0.3773
0.3299
0.3382
0.342
0.3325
0.335
0.3372
0.3222
0.3571
0.3608
0.346
0.307
0.3498
0.3316
0.388
0.3159
0.3495
0.3072
0.3433
0.391
0.3379
0.2965
0.3465
0.3582
0.3811
0.284
0.3221
0.3479
0.3554
0.3458
0.3329
0.3197
0.3683
0.3404
0.3365
0.3662
0.3244
0.3191
0.3452
0.2974
0.3347
0.3273
0.321
0.318
0.367
0.3398
0.3445
0.3548
0.3502
0.2968
0.3901
0.3212
0.3587
0.3422
0.3776
0.3162
0.3049
0.3592
0.3984
0.3348
0.3579
0.3484
0.3879
0.3188
0.3594
0.3536
0.3291
0.3427
0.3695
0.3598
0.3129
0.3893
0.3107
0.3357
0.35
0.3395
0.3767
0.3346
0.3578
0.3379
0.346
0.3976
0.3055
0.398
0.3549
0.3589
0.3408
0.3294
0.3268
0.3844
0.3455
0.3283
0.3234
0.347
0.3483
0.3217
0.3374
0.347
0.3405
0.332
0.3209
0.3001
0.318
0.3331
0.3627
0.2884
0.3576
0.3546
0.3179
0.3214
0.3521
0.3299
0.3622
0.3377
0.3392
0.3417
0.3583
0.2704
0.3153
0.3371
0.3388
0.3459
0.3031
0.3597
0.3648
0.3993
0.362
0.3042
0.3661
0.358
0.3184
0.3632
0.3336
0.3178
0.3072
0.3743
0.327
0.3412
0.327
0.329
0.3422
0.354
0.3421
0.3434
0.3571
0.3136
0.3317
0.3652
0.3612
0.3976
0.3543
0.3169
0.2879
0.3561
0.3169
0.3018
0.3148
0.3507
0.3713
0.3408
0.344
0.3865
0.3546
0.3319
0.3332
0.3518
0.324
0.3674
0.3788
0.2989
0.3006
0.308
0.3286
0.3698
0.3223
0.3382
0.2911
0.3386
0.3106
0.2635
0.3521
0.3643
0.3993
0.3067
0.3187
0.3032
0.2953
0.3595
0.3659
0.3542
0.34
0.3044
0.2772
0.3169
0.3277
0.3193
0.3408
0.3295
0.3015
0.3101
0.3671
0.3896
0.2686
0.3169
0.3244
0.3978
0.3257
0.3854
0.345
0.3116
0.3407
0.3351
0.3322
0.3124
0.3993
0.3197
0.3463
0.3426
0.3771
0.3601
0.3939
0.3475
0.3986
0.3909
0.3353
0.32
0.3419
0.339
0.3635
0.3412
0.355
0.3117
0.3934
0.3335
0.3383
0.3287
0.333
0.3382
0.3578
0.3546
0.2798
0.325
0.3139
0.3253
0.334
0.3392
0.3304
0.3027
0.3523
0.3696
0.3381
0.3016
0.3359
0.3952
0.3137
0.388
0.3551
0.2985
0.3927
0.283
0.3342
0.3667
0.3354
0.3869
0.3336
0.3501
0.3323
0.3466
0.3187
0.3413
0.2838
0.341
0.3312
0.3129
0.3644
0.3482
0.3554
0.3463
0.349
0.3977
0.391
0.3293
0.3176
0.318
0.3696
0.3233
0.3541
0.3086
0.2832
0.2921
0.372
0.3608
0.3782
0.3391
0.334
0.3447
0.3259
0.398
0.3348
0.338
0.3561
0.3556
0.3588
0.2912
0.3098
0.3404
0.3977
0.3199
0.3559
0.3305
0.267
0.3898
0.343
0.3649
0.3956
0.3308
0.348
0.3047
0.3333
0.2953
0.3643
0.3225
0.3331
0.3177
0.3322
0.3436
0.3165
0.2943
0.3749
0.4
0.3047
0.3442
0.3468
0.3547
0.3451
0.367
0.2926
0.3549
0.3295
0.3158
0.3844
0.324
0.311
0.3485
0.3337
0.3899
0.3942
0.3989
0.3979
0.3918
0.3753
0.3976
0.3873
0.3716
0.388
0.3921
0.3982
0.398
0.397
0.3979
0.398
0.3981
0.3993
0.3962
0.3993
0.3989
0.3899
0.3984
0.3991
0.395
0.3911
0.3668
0.3799
0.3962
0.3993
0.3801
0.3762
0.3221
0.3964
0.3971
0.3785
0.385
0.3946
0.3902
0.3876
0.3992
0.3794
0.3964
0.3144
0.4
0.3996
0.3975
0.3395
0.3932
0.3876
0.3956
0.3933
0.3947
0.3988
0.3981
0.3555
0.4
0.3989
0.3489
0.3914
0.3971
0.3969
0.3737
0.3767
0.3985
0.3948
0.3799
0.3441
0.393
0.3885
0.3976
0.374
0.3968
0.3524
0.378
0.3644
0.3525
0.3966
0.3976
0.3961
0.3795
0.3927
0.3984
0.3943
0.3926
0.3965
0.3871
0.383
0.394
0.396
0.3595
0.3935
0.3875
0.3984
0.3709
0.3946
0.3967
0.3974
0.3909
0.3952
0.3752
0.3956
0.3988
0.377
0.3997
0.3749
0.3262
0.3982
0.3863
0.3852
0.3936
0.3919
0.3723
0.3944
0.3976
0.3933
0.3502
0.3891
0.3982
0.3831
0.3805
0.3985
0.3944
0.3962
0.3935
0.3969
0.397
0.3969
0.378
0.394
0.3785
0.3364
0.3896
0.393
0.3964
0.3932
0.4
0.3989
0.3492
0.384
0.3942
0.3816
0.397
0.3973
0.3988
0.3995
0.382
0.3837
0.3997
0.3942
0.3919
0.3993
0.3943
0.3473
0.3391
0.3815
0.3918
0.394
0.395
0.369
0.3997
0.3626
0.3996
0.3988
0.3955
0.3986
0.3897
0.366
0.3953
0.3907
0.3959
0.3863
0.3838
0.3939
0.3993
0.3965
0.4
0.3914
0.3596
0.399
0.3919
0.3994
0.3922
0.3909
0.3962
0.3572
0.3543
0.3996
0.3537
0.3988
0.3973
0.3893
0.3989
0.3853
0.38
0.3786
0.3929
0.393
0.3903
0.3898
0.3936
0.3948
0.3977
0.3959
0.3952
0.397
0.3967
0.3182
0.3907
0.3928
0.3837
0.3838
0.3943
0.3928
0.3529
0.3962
0.3934
0.3781
0.3733
0.3985
0.3989
0.3938
0.3941
0.4
0.3971
0.3946
0.3932
0.3997
0.3895
0.3471
0.345
0.3886
0.3823
0.3983
0.3992
0.3915
0.3673
0.3946
0.366
0.3379
0.3982
0.3856
0.3796
0.3774
0.3994
0.3321
0.3967
0.3922
0.3954
0.3953
0.3924
0.3751
0.394
0.3974
0.3985
0.3546
0.3746
0.3996
0.3815
0.3507
0.395
0.3993
0.3934
0.3993
0.3974
0.3864
0.3991
0.3973
0.3978
0.3857
0.3953
0.3951
0.3554
0.3977
0.3968
0.3826
0.3993
0.3761
0.3987
0.3874
0.3996
0.3965
0.3278
0.3784
0.3984
0.3941
0.3597
0.3996
0.3952
0.3988
0.3996
0.3898
0.3989
0.3575
0.3258
0.3617
0.3979
0.3792
0.3931
0.3965
0.3996
0.3761
0.3946
0.399
0.3909
0.3898
0.3505
0.3946
0.389
0.3576
0.3993
0.3871
0.387
0.368
0.3846
0.3767
0.3899
0.3856
0.3992
0.3639
0.3983
0.3997
0.3899
0.3963
0.3824
0.3949
0.391
0.3829
0.3861
0.3978
0.3867
0.3799
0.3993
0.3914
0.3945
0.3719
0.3993
0.3101
0.3933
0.3762
0.3863
0.3935
0.3987
0.395
0.3908
0.3952
0.3888
0.3868
0.3973
0.3984
0.3992
0.3944
0.399
0.3933
0.3986
0.375
0.3985
0.398
0.3835
0.3909
0.3796
0.3991
0.3895
0.3989
0.3967
0.3839
0.3952
0.3903
0.3924
0.3693
0.3992
0.3974
0.3391
0.3944
0.3913
0.3959
0.3175
0.3883
0.359
0.3842
0.3597
0.3566
0.3816
0.3807
0.3946
0.394
0.3693
0.3997
0.3779
0.3934
0.3503
0.3978
0.3984
0.3983
0.3716
0.3934
0.3908
0.3959
0.3801
0.391
0.3966
0.3846
0.3444
0.3711
0.3982
0.3986
0.3824
0.3945
0.3946
0.3993
0.3974
0.3972
0.3962
0.3732
0.3896
0.3794
0.3294
0.3953
0.3985
0.4
0.3215
0.3968
0.3659
0.3936
0.3934
0.3253
0.3918
0.3865
0.3962
0.3506
0.3425
0.3464
0.3985
0.3985
0.3559
0.3935
0.398
0.3996
0.3888
0.359
0.3979
0.3966
0.3802
0.3904
0.3566
0.3805
0.3725
0.3983
0.3871
0.3887
0.3919
0.3996
0.399
0.3976
0.3608
0.396
0.386
0.3924
0.3988
0.3944
0.3859
0.3996
0.3983
0.3678
0.3995
0.373
0.3996
0.4
0.3926
0.3942
0.3591
0.3928
0.3851
0.368
0.3823
0.3951
0.3988
0.3779
0.394
0.3904
0.3894
0.3952
0.3989
0.3982
0.3875
0.3951
0.3907
0.394
0.3948
0.3742
0.3979
0.3987
0.3991
0.3947
0.3883
0.3982
0.3718
0.3912
0.3503
0.3914
0.3574
0.3937
0.3997
0.3912
0.399
0.394
0.3978
0.3931
0.3989
0.3983
0.3972
0.373
0.3937
0.3254
0.3933
0.3844
0.3988
0.3393
0.3944
0.3994
0.3949
0.3341
0.393
0.3347
0.3997
0.3932
0.4
0.3499
0.3971
0.3947
0.386
0.3943
0.3921
0.3919
0.3942
0.3919
0.3978
0.3921
0.3955
0.3997
0.3978
0.39
0.3906
0.3526
0.3989
0.3963
0.3721
0.4
0.3993
0.3799
0.3949
0.3716
0.3872
0.3989
0.3973
0.3985
0.3924
0.3892
0.3814
0.3996
0.3985
0.3967
0.3854
0.3765
0.3823
0.352
0.3922
0.3597
0.3817
0.386
0.3737
0.3861
0.3602
0.3943
0.3862
0.3914
0.387
0.3883
0.398
0.3942
0.3989
0.3954
0.3986
0.3937
0.3987
0.3946
0.3858
0.389
0.3863
0.3992
0.3323
0.3928
0.3828
0.3084
0.3838
0.3908
0.3981
0.3998
0.397
0.3872
0.3946
0.3983
0.3889
0.395
0.3249
0.3854
0.3827
0.3743
0.3976
0.3935
0.3997
0.3995
0.3965
0.3966
0.3951
0.3978
0.3996
0.3997
0.3926
0.3521
0.3962
0.3922
0.3996
0.3724
0.3515
0.3951
0.3995
0.3982
0.3984
0.3907
0.3624
0.4
0.3845
0.389
0.3876
0.3939
0.3647
0.3918
0.3916
0.3575
0.398
0.3771
0.3892
0.3888
0.3932
0.3983
0.3742
0.3853
0.3911
0.397
0.3989
0.3997
0.3914
0.3821
0.3944
0.3984
0.3958
0.3986
0.3947
0.3526
0.3821
0.3867
0.377
0.3985
0.3958
0.3892
0.3979
0.3941
0.3997
0.3989
0.3974
0.3963
0.3842
0.3862
0.3923
0.3901
0.3981
0.3908
0.399
0.3939
0.3985
0.3993
0.3943
0.4
0.3817
0.3935
0.3401
0.3961
0.4
0.3939
0.3896
0.3873
0.3944
0.3508
0.3457
0.3814
0.3715
0.3848
0.3178
0.3973
0.3981
0.3941
0.3595
0.3982
0.3987
0.4
0.3249
0.3665
0.3988
0.3992
0.3996
0.3982
0.3979
0.3996
0.3984
0.3936
0.3914
0.3978
0.3416
0.3985
0.3628
0.3984
0.3575
0.3757
0.3845
0.3828
0.3975
0.354
0.3936
0.3835
0.3957
0.3996
0.3987
0.3859
0.3753
0.3932
0.3973
0.3962
0.3976
0.331
0.3816
0.3892
0.3619
0.3867
0.3823
0.3673
0.397
0.3928
0.3806
0.3988
0.3906
0.3943
0.3891
0.3993
0.3993
0.3866
0.3976
0.3814
0.3915
0.3954
0.4
0.397
0.3986
0.3983
0.3906
0.3942
0.3838
0.3883
0.3968
0.3958
0.3996
0.3912
0.3886
0.3752
0.3951
0.3988
0.3953
0.3599
0.3997
0.3358
0.3969
0.3989
0.3935
0.3981
0.3838
0.3955
0.3953
0.3992
0.3918
0.3968
0.3933
0.3977
0.3842
0.3909
0.3854
0.3867
0.397
0.3891
0.3909
0.3903
0.3892
0.3985
0.3942
0.3937
0.398
0.3788
0.3393
0.3903
0.3668
0.3923
0.3837
0.3784
0.3777
0.3954
0.3942
0.4
0.3988
0.3596
0.3859
0.3883
0.3958
0.3987
0.3996
0.3951
0.3981
0.2857
0.3993
0.399
0.3961
0.3728
0.3973
0.3762
0.3513
0.3855
0.3759
0.3951
0.3936
0.3688
0.395
0.321
0.3801
0.3613
0.3997
0.3913
0.3987
0.3922
0.3932
0.3984
0.3552
0.3481
0.3916
0.3714
0.383
0.392
0.3846
0.3986
0.3923
0.3865
0.3993
0.3849
0.3972
0.3917
0.3994
0.3653
0.3929
0.3932
0.3956
0.3979
0.3919
0.3996
0.396
0.3885
0.3844
0.3959
0.3889
0.3885
0.3989
0.3993
0.3972
0.3848
0.3925
0.3421
0.3438
0.3967
0.3902
0.382
0.3912
0.3988
0.3934
0.3997
0.3928
0.3255
0.3988
0.3892
0.3988
0.3663
0.3909
0.3805
0.3852
0.3945
0.3993
0.3986
0.3208
0.3985
0.3951
0.3633
0.3853
0.3653
0.3986
0.3926
0.3989
0.3988
0.39
0.3993
0.3685
0.3912
0.3501
0.3988
0.3973
0.3933
0.3983
0.3969
0.3874
0.3996
0.3974
0.398
0.3912
0.3987
0.397
0.3934
0.391
0.3955
0.3928
0.3779
0.3954
0.3972
0.3956
0.3825
0.3978
0.3784
0.3715
0.3687
0.3922
0.3921
0.3631
0.3985
0.385
0.3954
0.3408
0.3987
0.3823
0.3311
0.3991
0.3949
0.3938
0.3908
0.3986
0.3942
0.3902
0.398
0.3988
0.3968
0.3977
0.3985
0.3956
0.3343
0.3954
0.3926
0.3994
0.3972
0.3775
0.3842
0.3767
0.3737
0.4
0.3997
0.3979
0.398
0.3984
0.3901
0.3989
0.3758
0.3033
0.3997
0.397
0.3654
0.3996
0.3922
0.3908
0.3991
0.3952
0.3876
0.3959
0.3979
0.3838
0.3955
0.398
0.3984
0.3982
0.4
NA
NA
NA
NA
NA
NA
NA
NA
NA
NA
NA
NA
NA
NA
NA
NA
NA
NA
NA
NA
NA
NA
NA
NA
NA
NA
NA
NA
NA
NA
NA
NA
NA
NA
NA
NA
NA
NA
NA
NA
NA
NA
NA
NA
NA
NA
NA
NA
NA
NA
NA
NA
NA
NA
NA
NA
NA
NA
NA
NA
NA
NA
NA
NA
NA
NA
NA
NA
NA
NA
NA
NA
NA
NA
NA
NA
NA
NA
NA
NA
NA
NA
NA
NA
NA
NA
NA
NA
NA
NA
NA
NA
NA
NA
NA
NA
NA
NA
NA
NA
NA
NA
NA
NA
NA
NA
NA
NA
NA
NA
NA
NA
NA
NA
NA
NA
NA
NA
NA
NA
NA
NA
NA
NA
NA
NA
NA
NA
NA
NA
NA
NA
NA
NA
NA
NA
NA
NA
NA
NA
NA
NA
NA
NA
NA
NA
NA
NA
NA
NA
NA
NA
NA
NA
NA
NA
NA
NA
NA
NA
NA
NA
NA
NA
NA
NA
NA
NA
NA
NA
NA
NA
NA
NA
NA
NA
NA
NA
NA
NA
NA
NA
NA
NA
NA
NA
NA
NA
NA
NA
NA
NA
NA
NA
NA
NA
NA
NA
NA
NA
NA
NA
NA
NA
NA
NA
NA
NA
NA
NA
NA
NA
NA
NA
NA
NA
NA
NA
NA
NA
NA
NA
NA
NA
NA
NA
NA
NA
NA
NA
NA
NA
NA
NA
NA
NA
NA
NA
NA
NA
NA
NA
NA
NA
NA
NA
NA
NA
NA
NA
NA
NA
NA
NA
NA
NA
NA
NA
NA
NA
NA
NA
NA
NA
NA
NA
NA
NA
NA
NA
NA
NA
NA
NA
NA
NA
NA
NA
NA
NA
NA
NA
NA
NA
NA
NA
NA
NA
NA
NA
NA
NA
NA
NA
NA
NA
NA
NA
NA
NA
NA
NA
NA
NA
NA
NA
NA
NA
NA
NA
NA
NA
NA
NA
NA
NA
NA
NA
NA
NA
NA
NA
NA
NA
NA
NA
NA
NA
NA
NA
NA
NA
NA
NA
NA
NA
NA
NA
NA
NA
NA
NA
NA
NA
NA
NA
NA
NA
NA
NA
NA
NA
NA
NA
NA
NA
NA
NA
NA
NA
NA
NA
NA
NA
NA
NA
NA
NA
NA
NA
NA
NA
NA
NA
NA
NA
NA
NA
NA
NA
NA
NA
NA
NA
NA
NA
NA
NA
NA
NA
NA
NA
NA
NA
NA
NA
NA
NA
NA
NA
NA
NA
NA
NA
NA
NA
NA
NA
NA
NA
NA
NA
NA
NA
NA
NA
NA
NA
NA
NA
NA
NA
NA
NA
NA
NA
NA
NA
NA
NA
NA
NA
NA
NA
NA
NA
NA
NA
NA
NA
NA
NA
NA
NA
NA
NA
NA
NA
NA
NA
NA
NA
NA
NA
NA
NA
NA
NA
NA
NA
NA
NA
NA
NA
NA
NA
NA
NA
NA
NA
NA
NA
NA
NA
NA
NA
NA
NA
NA
NA
NA
NA
NA
NA
NA
NA
NA
NA
NA
NA
NA
NA
NA
NA
NA
NA
NA
NA
NA
NA
NA
NA
NA
NA
NA
NA
NA
NA
NA
NA
NA
NA
NA
NA
NA
NA
NA
NA
NA
NA
NA
NA
NA
NA
NA
NA
NA
NA
NA
NA
NA
NA
NA
NA
NA
NA
NA
NA
NA
NA
NA
NA
NA
NA
NA
NA
NA
NA
NA
NA
NA
NA
NA
NA
NA
NA
NA
NA
NA
NA
NA
NA
NA
NA
NA
NA
NA
NA
NA
NA
NA
NA
NA
NA
NA
NA
NA
NA
NA
NA
NA
NA
NA
NA
NA
NA
NA
NA
NA
NA
NA
NA
NA
NA
NA
NA
NA
NA
NA
NA
NA
NA
NA
NA
NA
NA
NA
NA
NA
NA
NA
NA
NA
NA
NA
NA
NA
NA
NA
NA
NA
NA
NA
NA
NA
NA
NA
NA
NA
NA
NA
NA
NA
NA
NA
NA
NA
NA
NA
NA
NA
NA
NA
NA
NA
NA
NA
NA
NA
NA
NA
NA
NA
NA
NA
NA
NA
NA
NA
NA
NA
NA
NA
NA
NA
NA
NA
NA
NA
NA
NA
NA
NA
NA
NA
NA
NA
NA
NA
NA
NA
NA
NA
NA
NA
NA
NA
NA
NA
NA
NA
NA
NA
NA
NA
NA
NA
NA
NA
NA
NA
NA
NA
NA
NA
NA
NA
NA
NA
NA
NA
NA
NA
NA
NA
NA
NA
NA
NA
NA
NA
NA
NA
NA
NA
NA
NA
NA
NA
NA
NA
NA
NA
NA
NA
NA
NA
NA
NA
NA
NA
NA
NA
NA
NA
NA
NA
NA
NA
NA
NA
NA
NA
NA
NA
NA
NA
NA
NA
NA
NA
NA
NA
NA
NA
NA
NA
NA
NA
NA
NA
NA
NA
NA
NA
NA
NA
NA
NA
NA
NA
NA
NA
NA
NA
NA
NA
NA
NA
NA
NA
NA
NA
NA
NA
NA
NA
NA
NA
NA
NA
NA
NA
NA
NA
NA
NA
NA
NA
NA
NA
NA
NA
NA
NA
NA
NA
NA
NA
NA
NA
NA
NA
NA
NA
NA
NA
NA
NA
NA
NA
NA
NA
NA
NA
NA
NA
NA
NA
NA
NA
NA
NA
NA
NA
NA
NA
NA
NA
NA
NA
NA
NA
NA
NA
NA
NA
NA
NA
NA
NA
NA
NA
NA
NA
NA
NA
NA
NA
NA
NA
NA
NA
NA
NA
NA
NA
NA
NA
NA
NA
NA
NA
NA
NA
NA
NA
NA
NA
NA
NA
NA
NA
NA
NA
NA
NA
NA
NA
NA
NA
NA
NA
NA
NA
NA
NA
NA
NA
NA
NA
NA
NA
NA
NA
NA
NA
NA
NA
NA
NA
NA
NA
NA
NA
NA
NA
NA
NA
NA
NA
NA
NA
NA
NA
NA
NA
NA
NA
NA
NA
NA
NA
NA
NA
NA
NA
NA
NA
NA
NA
NA
NA
NA
NA
NA
NA
NA
NA
NA
NA
NA
NA
NA
NA
NA
NA
NA
NA
NA
NA
NA
NA
NA
NA
NA
NA
NA
NA
NA
NA
NA
NA
NA
NA
NA
NA
NA
NA
NA
NA
NA
NA
NA
NA
NA
NA
NA
NA
NA
NA
NA
NA
NA
NA
NA
NA
NA
NA
NA
NA
NA
NA
NA
NA
NA
NA
NA
NA
NA
NA
NA
NA
NA
NA
NA
NA
NA
NA
NA
NA
NA
NA
NA
NA
NA
NA
NA
NA
NA
NA
NA
NA
NA
NA
NA
NA
NA
NA
NA
NA
NA
NA
NA
NA
NA
NA
NA
NA
NA
NA
NA
NA
NA
NA
NA
NA
NA
NA
NA
NA
NA
NA
NA
NA
NA
NA
NA
NA
NA
NA
NA
NA
NA
NA
NA
NA
NA
NA
NA
NA
NA
NA
NA
NA
NA
NA
NA
NA
NA
NA
NA
NA
NA
NA
NA
NA
NA
NA
NA
NA
NA
NA
NA
NA
NA
NA
NA
NA
NA
NA
NA
NA
NA
NA
NA
NA
NA
NA
NA
NA
NA
NA
NA
NA
NA
NA
NA
NA
NA
NA
NA
NA
NA
NA
NA
NA
NA
NA
NA
NA
NA
NA
NA
NA
NA
NA
NA
NA
NA
NA
NA
NA
NA
NA
NA
NA
NA
NA
NA
NA
NA
NA
NA
NA
NA
NA
NA
NA
NA
NA
NA
NA
NA
NA
NA
NA
NA
NA
NA
NA
NA
NA
NA
NA
NA
NA
NA
NA
NA
NA
NA
NA
NA
NA
NA
NA
NA
NA
NA
NA
NA
NA
NA
NA
NA
NA
NA
NA
NA
NA
NA
NA
NA
NA
NA
NA
NA
NA
NA
NA
NA
NA
NA
NA
NA
NA
NA
NA
NA
NA
NA
NA
NA
NA
NA
NA
NA
NA
NA
NA
NA
NA
NA
NA
NA
NA
NA
NA
NA
NA
NA
NA
NA
NA
NA
NA
NA
NA
NA
NA
NA
NA
NA
NA
NA
NA
NA
NA
NA
NA
NA
NA
NA
NA
NA
NA
NA
NA
NA
NA
NA
NA
NA
NA
NA
NA
NA
NA
NA
NA
NA
NA
NA
NA
NA
NA
NA
NA
NA
NA
NA
NA
NA
NA
NA
NA
NA
NA
NA
NA
NA
NA
NA
NA
NA
NA
NA
NA
NA
NA
NA
NA
NA
NA
NA
NA
NA
NA
NA
NA
NA
NA
NA
NA
NA
NA
NA
NA
NA
NA
NA
NA
NA
NA
NA
NA
NA
NA
NA
NA
NA
NA
NA
NA
NA
NA
NA
NA
NA
NA
NA
NA
NA
NA
NA
NA
NA
NA
NA
NA
NA
NA
NA
NA
NA
NA
NA
NA
NA
NA
NA
NA
NA
NA
NA
NA
NA
NA
NA
NA
NA
NA
NA
NA
NA
NA
NA
NA
NA
NA
NA
NA
NA
NA
NA
NA
NA
NA
NA
NA
NA
NA
NA
NA
NA
NA
NA
NA
NA
NA
NA
NA
NA
NA
NA
NA
NA
NA
NA
NA
NA
NA
NA
NA
NA
NA
NA
NA
NA
NA
NA
NA
NA
NA
NA
NA
NA
NA
NA
NA
NA
NA
NA
NA
NA
NA
NA
NA
NA
NA
NA
NA
NA
NA
NA
NA
NA
NA
NA
NA
NA
NA
NA
NA
NA
NA
NA
NA
NA
NA
NA
NA
NA
NA
NA
NA
NA
NA
NA
NA
NA
NA
NA
NA
NA
NA
NA
NA
NA
NA
NA
NA
NA
NA
NA
NA
NA
NA
NA
NA
NA
NA
NA
NA
NA
NA
NA
NA
NA
NA
NA
NA
NA
NA
NA
NA
NA
NA
NA
NA
NA
NA
NA
NA
NA
NA
NA
NA
NA
NA
NA
NA
NA
NA
NA
NA
NA
NA
NA
NA
NA
NA
NA
NA
NA
NA
NA
NA
NA
NA
NA
NA
NA
NA
NA
NA
NA
NA
NA
NA
NA
NA
NA
NA
NA
NA
NA
NA
NA
NA
NA
NA
NA
NA
NA
NA
NA
NA
NA
NA
NA
NA
NA
NA
NA
NA
NA
NA
NA
NA
NA
NA
NA
NA
NA
NA
NA
NA
NA
NA
NA
NA
NA
NA
NA
NA
NA
NA
NA
NA
NA
NA
NA
NA
NA
NA
NA
NA
NA
NA
NA
NA
NA
NA
NA
NA
NA
NA
NA
NA
NA
NA
NA
NA
NA
NA
NA
NA
NA
NA
NA
NA
NA
NA
NA
NA
NA
NA
NA
NA
NA
NA
NA
NA
NA
NA
NA
NA
NA
NA
NA
NA
NA
NA
NA
NA
NA
NA
NA
NA
NA
NA
NA
NA
NA
NA
NA
NA
NA
NA
NA
NA
NA
NA
NA
NA
NA
NA
NA
NA
NA
NA
NA
NA
NA
NA
NA
NA
NA
NA
NA
NA
NA
NA
NA
NA
NA
NA
NA
NA
NA
NA
NA
NA
NA
NA
NA
NA
NA
NA
NA
NA
NA
NA
NA
NA
NA
NA
NA
NA
NA
NA
NA
NA
NA
NA
NA
NA
NA
NA
NA
NA
NA
NA
NA
NA
NA
NA
NA
NA
NA
NA
NA
NA
NA
NA
NA
NA
NA
NA
NA
NA
NA
NA
NA
NA
NA
NA
NA
NA
NA
NA
NA
NA
NA
NA
NA
NA
NA
NA
NA
NA
NA
NA
NA
NA
NA
NA
NA
NA
NA
NA
NA
NA
NA
NA
NA
NA
NA
NA
NA
NA
NA
NA
NA
NA
NA
NA
NA
NA
NA
NA
NA
NA
NA
NA
NA
NA
NA
NA
NA
NA
NA
NA
NA
NA
NA
NA
NA
NA
NA
NA
NA
NA
NA
NA
NA
NA
NA
NA
NA
NA
NA
NA
NA
NA
NA
NA
NA
NA
NA
NA
NA
NA
NA
NA
NA
NA
NA
NA
NA
NA
NA
NA
NA
NA
NA
NA
NA
NA
NA
NA
NA
NA
NA
NA
NA
NA
NA
NA
NA
NA
NA
NA
NA
NA
NA
NA
NA
NA
NA
NA
NA
NA
NA
NA
NA
NA
NA
NA
NA
NA
NA
NA
NA
NA
NA
NA
NA
NA
NA
NA
NA
NA
NA
NA
NA
NA
NA
NA
NA
NA
NA
NA
NA
NA
NA
NA
NA
NA
NA
NA
NA
NA
NA
NA
NA
NA
NA
NA
NA
NA
NA
NA
NA
NA
NA
NA
NA
NA
NA
NA
NA
NA
NA
NA
NA
NA
NA
NA
NA
NA
NA
NA
NA
NA
NA
NA
NA
NA
NA
NA
NA
NA
NA
NA
NA
NA
NA
NA
NA
NA
NA
NA
NA
NA
NA
NA
NA
NA
NA
NA
NA
NA
NA
NA
NA
NA
NA
NA
NA
NA
NA
NA
NA
NA
NA
NA
NA
NA
NA
NA
NA
NA
NA
NA
NA
NA
NA
NA
NA
NA
NA
NA
NA
NA
NA
NA
NA
NA
NA
NA
NA
NA
NA
NA
NA
NA
NA
NA
NA
NA
NA
NA
NA
NA
NA
NA
NA
NA
NA
NA
NA
NA
NA
NA
NA
NA
NA
NA
NA
NA
NA
NA
NA
NA
NA
NA
NA
NA
NA
NA
NA
NA
NA
NA
NA
NA
NA
NA
NA
NA
NA
NA
NA
NA
NA
NA
NA
NA
NA
NA
NA
NA
NA
NA
NA
NA
NA
NA
NA
NA
NA
NA
NA
NA
NA
NA
NA
NA
NA
NA
NA
NA
NA
NA
NA
NA
NA
NA
NA
NA
NA
NA
NA
NA
NA
NA
NA
NA
NA
NA
NA
NA
NA
NA
NA
NA
NA
NA
NA
NA
NA
NA
NA
NA
NA
NA
NA
NA
NA
NA
NA
NA
NA
NA
NA
NA
NA
NA
NA
NA
NA
NA
NA
NA
NA
NA
NA
NA
NA
NA
NA
NA
NA
NA
NA
NA
NA
NA
NA
NA
NA
NA
NA
NA
NA
NA
NA
NA
NA
NA
NA
NA
NA
NA
NA
NA
NA
NA
NA
NA
NA
NA
NA
NA
NA
NA
NA
NA
NA
NA
NA
NA
NA
NA
NA
NA
NA
NA
NA
NA
NA
NA
NA
NA
NA
NA
NA
NA
NA
NA
NA
NA
NA
NA
NA
NA
NA
NA
NA
NA
NA
NA
NA
NA
NA
NA
NA
NA
NA
NA
NA
NA
NA
NA
NA
NA
NA
NA
NA
NA
NA
NA
NA
NA
NA
NA
NA
NA
NA
NA
NA
NA
NA
NA
NA
NA
NA
NA
NA
NA
NA
NA
NA
NA
NA
NA
NA
NA
NA
NA
NA
NA
NA
NA
NA
NA
NA
NA
NA
NA
NA
NA
NA
NA
NA
NA
NA
NA
NA
NA
NA
NA
NA
NA
NA
NA
NA
NA
NA
NA
NA
NA
NA
NA
NA
NA
NA
NA
NA
NA
NA
NA
NA
NA
NA
NA
NA
NA
NA
NA
NA
NA
NA
NA
NA
NA
NA
NA
NA
NA
NA
NA
NA
NA
NA
NA
NA
NA
NA
NA
NA
NA
NA
NA
NA
NA
NA
NA
NA
NA
NA
NA
NA
NA
NA
NA
NA
NA
NA
NA
NA
NA
NA
NA
NA
NA
NA
NA
NA
NA
NA
NA
NA
NA
NA
NA
NA
NA
NA
NA
NA
NA
NA
NA
NA
NA
NA
NA
NA
NA
NA
NA
NA
NA
NA
NA
NA
NA
NA
NA
NA
NA
NA
NA
NA
NA
NA
NA
NA
NA
NA
NA
NA
NA
NA
NA
NA
NA
NA
NA
NA
NA
NA
NA
NA
NA
NA
NA
NA
NA
NA
NA
NA
NA
NA
NA
NA
NA
NA
NA
NA
NA
NA
NA
NA
NA
NA
NA
NA
NA
NA
NA
NA
NA
NA
NA
NA
NA
NA
NA
NA
NA
NA
NA
NA
NA
NA
NA
NA
NA
NA
NA
NA
NA
NA
NA
NA
NA
NA
NA
NA
NA
NA
NA
NA
NA
NA
NA
NA
NA
NA
NA
NA
NA
NA
NA
NA
NA
NA
NA
NA
NA
NA
NA
NA
NA
NA
NA
NA
NA
NA
NA
NA
NA
NA
NA
NA
NA
NA
NA
NA
NA
NA
NA
NA
NA
NA
NA
NA
NA
NA
NA
NA
NA
NA
NA
NA
NA
NA
NA
NA
NA
NA
NA
NA
NA
NA
NA
NA
NA
NA
NA
NA
NA
NA
NA
NA
NA
NA
NA
NA
NA
NA
NA
NA
NA
NA
NA
NA
NA
NA
NA
NA
NA
NA
NA
NA
NA
NA
NA
NA
NA
NA
NA
NA
NA
NA
NA
NA
NA
NA
NA
NA
NA
NA
NA
NA
NA
NA
NA
NA
NA
NA
NA
NA
NA
NA
NA
NA
NA
NA
NA
NA
NA
NA
NA
NA
NA
NA
NA
NA
NA
NA
NA
NA
NA
NA
NA
NA
NA
NA
NA
NA
NA
NA
NA
NA
NA
NA
NA
NA
NA
NA
NA
NA
NA
NA
NA
NA
NA
NA
NA
NA
NA
NA
NA
NA
NA
NA
NA
NA
NA
NA
NA
NA
NA
NA
NA
NA
NA
NA
NA
NA
NA
NA
NA
NA
NA
NA
NA
NA
NA
NA
NA
NA
NA
NA
NA
NA
NA
NA
NA
NA
NA
NA
NA
NA
NA
NA
NA
NA
NA
NA
NA
NA
NA
NA
NA
NA
NA
NA
NA
NA
NA
NA
NA
NA
NA
NA
NA
NA
NA
NA
NA
NA
NA
NA
NA
NA
NA
NA
NA
NA
NA
NA
NA
NA
NA
NA
NA
NA
NA
NA
NA
NA
NA
NA
NA
NA
NA
NA
NA
NA
NA
NA
NA
NA
NA
NA
NA
NA
NA
NA
NA
NA
NA
NA
NA
NA
NA
NA
NA
NA
NA
NA
NA
NA
NA
NA
NA
NA
NA
NA
NA
NA
NA
NA
NA
NA
NA
NA
NA
NA
NA
NA
NA
NA
NA
NA
NA
NA
NA
NA
NA
NA
NA
NA
NA
NA
NA
NA
NA
NA
NA
NA
NA
NA
NA
NA
NA
NA
NA
NA
NA
NA
NA
NA
NA
NA
NA
NA
NA
NA
NA
NA
NA
NA
NA
NA
NA
NA
NA
NA
NA
NA
NA
NA
NA
NA
NA
NA
NA
NA
NA
NA
NA
NA
NA
NA
NA
NA
NA
NA
NA
NA
NA
NA
NA
NA
NA
NA
NA
NA
NA
NA
NA
NA
NA
NA
NA
NA
NA
NA
NA
NA
NA
NA
NA
NA
NA
NA
NA
NA
NA
NA
NA
NA
NA
NA
NA
NA
NA
NA
NA
NA
NA
NA
NA
NA
NA
NA
NA
NA
NA
NA
NA
NA
NA
NA
NA
NA
NA
NA
NA
NA
NA
NA
NA
NA
NA
NA
NA
NA
NA
NA
NA
NA
NA
NA
NA
NA
NA
NA
NA
NA
NA
NA
NA
NA
NA
NA
NA
NA
NA
NA
NA
NA
1.069
0.8
0.2364
0.6
1.0606
0.9688
1.1538
0.8148
0.6176
0.7727
1.1034
0.5581
0.4146
1
0.8
0.6818
0.641
0.3415
0.7297
0.6765
0.7714
0.6735
0.65
0.4889
0.561
1.0938
0.8065
0.9333
1.3824
0.8
1.2121
1.1818
0.9375
0.7097
1.5833
0.5946
1.4444
0.5814
0.6
0.3182
0.931
1.1471
1.4783
1.12
0.75
1.3793
1.9545
1.5
0.6053
0.4464
0.5
0.4048
1.0455
0.5778
0.7561
0.6596
0.65
0.5135
0.9394
1.56
1.3226
0.9643
0.4561
0.6111
1.0857
0.9688
0.6111
0.8824
0.9032
1.72
0.55
0.9118
0.8889
1.1765
0.9167
0.303
1.1143
0.7667
0.6047
0.6757
0.5946
0.4902
0.9333
0.475
1.0625
0.5806
2.25
0.9333
0.5909
0.7
0.6829
0.3529
0.8049
0.4324
1
1.2812
0.3947
0.4255
0.7429
0.5
0.6
0.5278
0.4848
0.4038
1.1026
0.7105
0.9118
0.814
0.8056
1.6667
0.6842
1.0625
0.7872
0.9375
0.75
0.7941
0.7826
0.7812
0.7826
0.587
1.0909
1.5
0.7895
0.9714
0.8649
0.6078
0.6458
0.8947
0.5581
0.7778
0.6129
0.7879
1.2258
0.7429
0.475
0.7778
0.8
0.359
1.3333
0.7586
0.8421
0.871
0.6129
0.7333
0.6829
0.9756
1.069
1.48
1.4828
0.7742
1.1579
0.8182
0.4694
1
1.5
0.525
0.5952
0.6522
1.3043
2.2353
0.5238
0.6279
1.0667
0.8387
0.4186
0.8788
0.4419
1.1875
0.4444
1.4583
0.413
1.0909
1.1111
0.5897
0.475
0.6098
1.8182
1.0976
0.9697
1.129
1.5185
0.7436
0.8235
1.1875
0.6
0.6977
0.7222
0.5714
1.25
1.5417
0.9429
0.8667
0.6818
0.4694
1.4194
0.9167
0.7647
1.4483
0.5102
1.5185
0.6923
0.7647
0.5758
0.5814
0.619
0.8378
0.7692
1.2759
1.52
0.6122
0.9333
0.6757
0.5349
0.6
1.7917
0.4865
0.8966
0.7368
0.9375
1.1304
0.5333
0.6098
0.6316
1.28
0.5
0.8696
0.8431
0.8611
0.825
0.5333
0.6875
0.7838
1.2308
0.625
1.0741
1.1176
1.0357
0.4681
0.9091
1.6
0.8947
1.1379
0.8108
1.1429
0.8537
0.8293
0.5789
1.0882
0.7105
0.6458
1.0312
0.6486
0.5938
0.575
0.7273
1.35
0.7561
0.9355
1.3462
1.4643
0.8148
1.2
0.9333
0.9091
0.907
0.697
0.9737
1.3333
0.6571
0.871
0.7105
1
0.6957
1.1379
0.6389
0.4419
0.6154
0.6364
1
1
0.5758
0.8529
0.9302
1
0.7209
0.4808
0.5714
0.5161
0.5714
0.8919
0.9062
0.9714
0.8485
0.5116
1.0263
0.8378
1.7308
0.6364
0.7097
0.9773
1.0938
1.5417
0.7561
0.9062
1.4074
1.4815
0.9615
0.4324
0.6923
1.375
1
0.4722
0.963
0.4146
0.6667
0.8108
0.9688
0.7143
1.12
1.7895
0.7556
0.6905
1.8095
0.4615
0.5455
0.56
0.4792
0.8846
0.6136
0.5854
1.2857
1.7083
0.5
0.5833
0.381
0.9091
1.3667
1
0.9091
1.2963
0.8684
0.92
0.8571
0.6222
0.8065
0.7273
0.6667
0.9677
1.0345
0.6098
1.1481
0.6897
1.0312
1.16
1.2273
0.7826
0.8421
0.7941
0.6053
0.6053
1.0606
2.25
0.5952
0.38
0.4043
0.5484
0.3095
1.6087
0.9333
0.75
0.9655
0.3514
0.8889
1.64
1.3125
0.8333
0.8485
1.0513
0.4872
1.2
0.5
0.5938
1.7
0.6739
0.4419
0.7619
0.9459
0.3778
0.9
1
1.2414
1.0625
1.1786
1.4167
0.6341
0.7632
0.8571
0.75
1.1034
1.0357
1.0833
0.5882
0.871
0.6667
1.0294
0.5319
0.4615
0.2857
0.6
0.5476
0.8286
0.5625
0.6341
0.5217
1.5294
1.2424
0.775
1.2414
1.3448
0.7941
1.6667
0.8462
0.7576
0.6042
1.1379
1.52
1.3235
1.4643
1.0312
1.1316
1.3
0.58
0.8182
0.58
1.087
0.7586
0.4324
0.9
0.5625
0.5
1.2069
0.1731
1.7692
0.46
0.5588
0.9062
0.9655
0.7273
1.2121
0.6304
1.0882
0.7647
0.9118
0.4889
0.5714
1.2069
0.5263
0.7241
1.2162
0.7429
0.8684
1.5385
0.6512
0.878
1.0417
0.9143
1
0.8095
1.1471
0.5897
0.6364
0.9143
1.04
0.5581
0.9143
0.7027
0.7895
0.7742
0.4783
1.0938
1.1176
0.7143
0.8571
0.4808
0.64
1.56
1
0.6667
0.7143
0.7143
0.5306
0.4571
0.5625
0.8056
1
0.6389
0.5909
1.4242
0.5625
0.5
0.9688
0.8621
0.641
1.1143
1.3226
0.9189
0.5429
0.931
0.75
1.4583
0.75
1.4211
0.7059
0.9444
0.561
0.8919
0.8438
0.8125
1.3158
0.5652
1.32
1.4815
1
1.2381
1.1081
0.4
0.7241
0.7
0.5192
0.7222
0.7059
0.6579
0.9643
0.7727
0.3721
0.6842
0.4651
0.5
0.6486
1.2857
0.4091
2.1053
0.7442
0.931
0.7273
0.3
0.75
0.7647
0.8378
0.9394
1
0.7727
0.3922
0.2857
0.9615
0.5
0.5349
0.973
0.3636
0.697
0.7778
1
0.9714
0.9512
1.3704
0.8824
0.9688
1.3333
0.9091
0.7647
0.6316
0.5263
0.6585
0.9677
0.46
1.2667
1.3333
1.16
0.75
0.7347
0.6471
0.875
0.4857
1.4138
0.6279
0.7568
1.1923
0.5476
0.75
0.9355
1.1875
0.7941
0.9444
1.7391
0.7381
0.7097
1.1053
0.5484
0.5472
0.377
0.4737
1.3226
0.5714
0.5714
1.3636
1.0312
0.5455
0.9167
2
0.7353
0.8095
0.3077
0.9259
0.5946
0.4615
0.963
1.3793
0.4681
0.9459
1.0938
1.8095
0.1803
1.1724
0.5366
1.6667
1.381
0.4828
0.8529
0.4783
1.2069
0.8636
1.1786
1.1212
0.5122
0.6222
0.6765
0.5918
1.2
1.2609
0.9032
0.7209
0.5349
0.6944
0.383
1.0541
0.5161
1.303
0.8158
1.8261
0.7368
0.7143
1.2812
0.8
0.8974
0.8205
1.1481
0.8049
0.625
0.65
0.775
0.5094
0.5833
0.814
0.5897
0.5
0.825
1.3103
0.5526
0.8158
0.6667
0.7429
0.5769
1.2059
0.8485
0.9143
0.7812
1.32
0.5769
0.5122
1.24
1.3571
1.0625
0.8485
0.625
0.7857
0.9737
0.8438
0.3043
0.7857
0.7234
0.3939
0.814
1.2759
0.625
1.2941
0.619
0.775
1.1562
0.9032
0.3556
1.025
0.5758
0.625
0.8857
1.2069
0.5581
1.1944
0.5588
0.7561
0.3077
1.0588
1.2
0.55
0.4706
1.1
0.8333
0.4318
0.2051
1.0294
0.3636
0.4565
1.0526
0.825
0.3333
0.5385
0.9143
0.4902
2.0909
0.6923
0.5283
0.8947
0.5
0.75
0.5143
0.8857
0.6552
1.3103
1.3438
0.6531
0.6667
0.6944
0.5833
0.8261
0.8372
0.3922
0.6389
0.8571
0.975
0.7188
0.75
1.4615
0.6176
1.3333
0.6471
0.7347
0.7
1.2333
0.9394
0.6923
0.5
1.4074
0.4884
0.7647
1.0294
0.8889
0.6429
1
0.8966
0.75
0.9048
0.8857
0.4848
2.3158
0.8182
0.5946
0.9062
0.8378
1.0357
0.4048
0.6905
0.3617
0.3958
1.1379
0.6471
0.6389
0.8158
0.4318
1.2333
1.1481
1.2121
0.4565
1.1923
0.6667
0.8974
0.8108
0.6364
0.6087
0.6765
1.0667
0.5686
1.1667
0.8947
0.4808
0.55
0.931
0.5102
0.9444
1.3548
0.6
1.0333
1.0588
1.0645
0.5278
0.5294
1.1176
0.5714
0.7143
0.5676
0.6279
0.814
0.4737
0.878
0.5
0.8919
1.6296
1.3333
0.9688
1
0.4286
1.0968
0.7273
1.1613
0.8333
0.9714
2.3889
0.6765
1.2308
1.0938
0.9333
1.32
1.1481
1.1154
0.55
0.7105
0.5
0.697
1.0385
1.8571
1.2286
1.0667
0.9231
0.6829
0.9655
0.9697
1.3448
0.5946
0.9375
1.7692
1.2857
1.0233
0.5476
1.0278
0.5238
0.6875
1.1481
0.7381
0.8276
1.0556
1.2692
0.7
0.9545
0.8571
0.5556
0.5098
0.4865
0.8387
0.6154
0.4595
1.5161
0.931
0.8684
0.5676
0.7333
0.95
0.5294
0.75
1.2424
0.7241
0.8621
0.6905
0.8889
0.9118
0.6774
0.4091
0.5938
1.3235
1.3103
1.4231
1.0345
0.9062
0.7632
0.8421
1.1154
0.6571
0.6333
0.8182
1.1212
0.6111
1.1111
0.9091
0.5
0.6471
1.0357
0.9062
1.3182
0.9286
0.6744
0.7805
0.9706
1.1538
0.7895
0.7879
0.5
0.9722
0.6977
1.2414
0.6
1.1714
1.5238
1.2083
1.4167
0.6316
0.6596
0.5952
1.6
0.3409
0.7568
0.825
1.2059
0.4091
0.7292
0.4681
1
1.8095
1.0833
0.2979
0.4848
0.4222
0.6364
0.7027
1
1.1562
0.8276
0.8718
0.7381
0.5088
0.6571
0.4872
1.3846
1.1538
1.1481
0.45
1.6087
0.5429
0.7436
1.5926
1.3871
0.6522
0.4
0.5278
0.7857
0.6579
1.5455
1.0278
1.4062
0.381
1
0.9444
1.4167
0.5556
0.7619
1
1.2593
0.561
1
1.1852
0.6129
0.7561
0.5
0.5778
0.4348
1.8276
0.3256
1.0645
0.8387
0.5854
1.4103
1.1892
0.4865
0.7667
0.9655
0.6
0.1273
0.4
1.0303
0.7188
1
0.7037
0.5
0.4444
0.8621
0.4884
0.3171
0.96
0.6
0.4773
0.5897
0.2683
0.4048
0.7353
0.8235
0.6122
0.625
0.4444
0.439
0.9688
0.5806
0.7
1.5
0.8
0.9091
1.0909
0.7188
0.2941
1.2083
0.4865
1.037
0.5116
0.4
0.25
0.075
1.0294
0.129
0.0303
0.5833
1.1034
1.4545
1.1786
0.5
0.4107
0.5
0.3256
1.3182
0.4222
0.1111
0.617
0.45
0.4865
0.7879
0.0938
1.0968
0.0556
0.3509
0.3056
0.8571
0.6562
0.5556
0.5588
0.5806
1.44
0.35
0.7353
0.3421
1
0.7222
0.2121
0.9714
0.5333
0.4651
0.6216
0.6216
0.3137
0.6333
0.2195
0.8438
0.4194
2.125
0.7333
0.5227
0.5122
0.5366
0.2059
0.5122
0.2973
0.5641
0.8438
0.5
0.4681
0.6857
0.4286
0.55
0.3611
0.3939
0.4038
1.0256
0.4211
0.7941
0.5814
0.6389
1.7333
0.5263
0.9375
0.617
0.75
0.75
0.5294
0.6522
0.6562
0.7391
0.3261
0.9091
0.5455
0.5263
1.0286
0.7838
0.4314
0.3958
0.7105
0.4419
0.6444
0.6452
0.697
1.0968
0.5556
0.45
0.6111
0.6667
0.2308
1.25
0.6207
0.5122
0.8387
0.5161
0.6667
0.4878
0.7073
0.8621
1.04
0.0417
0.6774
1.0263
0.8485
0.449
0.9667
1.5909
0.4
0.0208
0.7609
1.0435
1.6111
0.4048
0.4651
0.8667
0.8387
0.2667
0.8485
0.4186
0.875
0.25
1.2083
0.3913
0.7273
1.037
0.4615
0.45
0.4878
1.7727
0.7317
0.8485
1.0323
1.037
0.7692
0.8235
0.9375
0.3333
0.6279
0.5556
0.3611
1
1.2083
0.7714
0.9
0.5227
0.3265
1.1935
0.6389
0.4706
1.2759
0.4898
1.4444
0.641
0.6176
0.4242
0.4186
0.619
0.7838
0.641
1.1034
1.16
0.6122
0.8667
0.5526
0.12
0.1286
1.7083
0.3243
0.6552
0.8158
0.875
1
0.4889
0.561
0.5263
1.12
0.425
0.7609
0.7255
0.7778
0.75
0.5333
0.6875
0.6486
1.1154
0.45
0.075
1.1471
0.9286
0.4468
0.9091
1.45
0.7632
0.9655
0.5946
0.9714
0.8293
0.6585
0.3947
0.9706
0.6316
0.5
0.8438
0.5676
0.5625
0.35
0.6364
0.8
0.7317
0.871
0.8846
1.2143
0.5185
1.0286
0.7667
0.7879
0.5349
0.6061
0.9211
1.2424
0.6
0.7097
0.5405
1.0312
0.5652
1.069
0.3889
0.3256
0.5128
0.4773
0.9697
0.6667
0.4242
0.0625
0.7907
0.8667
0.6279
0.2727
0.3333
0.4194
0.3571
0.8378
0.625
0.6857
0.8182
0.4651
0.7368
0.6757
1.7692
0.8182
0.5806
0.7273
0.75
1.25
0.5122
0.9688
1.3704
1.2593
0.5
0.3514
0.439
1.2917
0.8529
0.4722
0.8519
0.2927
0.359
0.5946
0.9375
0.6571
0.92
1.3684
0.7556
0.5
1.619
0.4103
0.3939
0.42
0.3125
0.8077
0.4318
0.5854
1.2381
1.4167
0.5
0.25
0.1905
0.697
1.0333
0.8
0.7576
1.0741
0.6842
0.72
0.8
0.5111
0.6452
0.6364
0.4242
0.8065
0.8276
0.4634
1.2222
0.6897
0.7812
0.88
1.1818
0.6087
0.6053
0.5
0.2895
0.2564
0.8485
1.8
0.0392
0.3
0.3191
0.3125
0.381
1.2174
0.7333
0.5833
0.7931
0.5135
0.6944
0.125
1.0938
0.5
0.7879
0.8974
0.4615
1
0.5789
0.5938
1.55
0.587
0.4545
0.6429
0.7027
0.4
0.5667
0.6667
0.9667
0.75
0.9643
1.2083
0.561
0.6053
0.8929
0.8214
1.0345
0.8571
0.9167
0.5294
1.129
0.5111
0.8529
0.4468
0.3846
0.3333
0.4444
0.5
0.7714
0.5625
0.439
0.5652
1.2353
0.9394
0.625
1
1.069
0.7059
1.4333
0.7692
0.0513
0.5
1.1379
1.12
1.0294
1.6786
0.875
0.9737
1.2667
0.48
0.6061
0.4
1.3043
0.6207
0.5135
0.6667
0.4375
0.525
1.1034
0.2692
1.3077
0.44
0.2571
0.5833
0.6552
0.0926
0.9697
0.5217
1
0.5882
0.8529
0.3778
0.4
0.9655
0.4211
0.8621
0.0377
0.4
0.7895
1.1154
0.4651
0.6829
0.48
0.6286
1.0385
0.0182
0.9412
0.5128
0.5455
0.7714
0.84
0.4419
0.6286
0.4737
0.6579
0.6452
0.4783
0.9062
0.9706
0.5714
0.7857
0.4615
0.5294
1.32
0.7419
0.6905
0.6905
0.5429
0.4286
0.2857
0.0741
0.4722
0.9062
0.7222
0.5227
1.1818
0.6061
0.3529
0.8438
0.7241
0.5641
0.8857
1.3226
0.6053
0.6286
0.7586
0.5556
1.625
0.625
1.4211
0.6176
0.9167
0.4878
0.7027
0.7273
0.6562
1.1
0.6304
1.08
1.037
0.7407
0.9524
0.7838
0.325
0.5862
0.575
0.5
0.5833
0.5588
0.6053
0.7241
0.7955
0.3488
0.5526
0.3488
0.5
0.6216
1.0714
0.25
1.6316
0.6047
0.7586
0.6061
0.26
0.6111
0.0238
0.5676
0.8182
0.8537
0.6136
0.4118
0.3265
1.0769
0.4118
0.2093
0.7568
0.3636
0.6061
0.8333
1.0625
0.5714
0.6098
1.2222
0.7647
0.8182
1.1818
0.697
0.7255
0.5263
0.2632
0.439
0.0244
0.4
1
1.1
1.04
0.5833
0.5714
0.5588
0.75
0.4857
1.0345
0.6047
0.0444
0.8462
0.5714
0.8056
0.7742
0.9688
0.8235
0.8889
1.6522
0.6429
0.4839
1.0526
0.4677
0.3962
0.2951
0.3684
0.0392
0.5714
0.3333
1.303
1
0.5152
0.7778
1.35
0.6176
0.619
0.2308
0.2286
0.3514
0.3333
0.8148
1.2759
0.4468
0.7568
0.9375
1.2857
0.1148
0.1778
0.4634
1.5238
0.8261
0.3448
0.6765
0.413
1.1724
0.6591
0.8621
1.0909
0.439
0.4222
0.8529
0.4902
1.0667
1.0435
0.9032
0.5349
0.4186
0.6667
0.3404
0.5714
0.4194
0.8857
0.6579
1.2
0.3158
0.4857
1.0312
0.0227
0.8205
0.7179
1
0.6341
0.5625
0.625
0.625
0.4717
0.5278
0.7442
0.4615
0.3864
0.625
1.0345
0.4211
0.7105
0.5556
0.7714
0.4615
1
0.8788
0.7143
0.5312
1.16
0.5577
0.3659
0.92
1.3571
0.75
0.4118
0.5208
0.619
0.7632
1.0625
0.2319
0.7143
0.5532
0.3939
0.7209
0.7931
0.575
0.9118
0.619
0.725
0.875
0.9355
0.3111
0.925
0.4242
0.3
0.6857
0.931
0.4419
0.9722
0.4412
0.6829
0.2051
0.6857
1.1667
0.425
0.1111
0.9
0.6667
0.3864
0.1282
0.7059
0.303
0.3478
0.6053
0.65
0.2051
0.3488
0.7143
0.3529
1.5455
0.6538
0.4151
0.7895
0.3421
0.5625
0.3714
0.8571
0.3793
0.093
1
0.1017
0.8056
0.3611
0.5556
0.6957
0.8372
0.1765
0.5556
0.9143
0.7
0.5
0.6591
1.3846
0.5294
1.1667
0.5588
0.5918
0.66
1.0333
0.7576
0.6154
0.2885
1.2593
0.3953
0.6471
0.8235
0.8889
0.5714
0.7568
0.6897
0.6389
0.6905
0.6286
0.4242
2.1053
0.7273
0.5405
0.625
0.8108
0.9286
0.381
0.5714
0.0417
0.2917
0.9655
0.3824
0.4167
0.7895
0.3409
0.7333
0.8519
1.0606
0.3696
0.8846
0.6667
0.7692
0.7568
0.4412
0.5652
0.7353
0.9667
0.4902
1.1111
0.8421
0.3269
0.475
0.0278
0.3878
0.8333
1.2903
0.525
0.9333
1
0.9032
0.3611
0.5294
0.9706
0.6286
0.5952
0.3784
0.6977
0.6136
0.4474
0.7317
0.3889
0.7838
1.2593
1.6087
1
0.6875
0.381
0.7097
0.5909
1.1613
0.7333
0.9714
2.1111
0.4118
1.3077
0.0426
0.8667
1.12
1.1481
1.0769
0.525
0.4474
0.35
0.6667
0.8846
1.381
0.9143
0.6
0.8974
0.439
0.7931
1
1.069
0.3243
0.8438
1.4615
0.9143
0.7955
0.1064
0.7222
0.4048
0.6562
1.1111
0.5952
0.5862
0.75
1.1923
0.0476
0.8864
0.7143
0.5278
0.3137
0.4054
0.1316
0.4231
0.0909
1.2258
0.6552
0.6667
0.4595
0.6
0.925
0.5098
0.5
0.9697
0.6207
0.5862
0.619
0.7407
0.7941
0.5484
0.4091
0.5
1.1765
1.069
1.1923
0.9655
0.6061
0.5
0.6579
0.9615
0.5714
0.3548
0.6667
0.9091
0.6111
0.0385
0.7273
0.3611
0.4118
0.8929
0.75
1
0.6429
0.6744
0.5122
0.7941
0.8462
0.5263
0.6364
0.5
0.6944
0.6047
1.1724
0.6
0.9714
1.2381
0.9583
1.3333
0.3947
0.5745
0.4762
0.0968
0.2045
0.5135
0.675
0.9412
0.3636
0.625
0.4043
0.7931
1.8095
0.9167
0.3404
0.4545
0.3778
0.5
0.5405
0.6765
0.9375
0.0833
0.8974
0.5952
0.3333
0.4857
0.2564
1.0769
1.0385
0.9259
0.0667
0.9583
0.5429
0.8205
1.7037
1.0645
0.5
0.24
0.3611
0.6905
0.4872
0.9545
0.8056
1.2188
0.4048
0.8261
0.7222
1.2917
0.5111
0.619
0.6875
1.04
0.3636
0
1.0741
0.5312
0.7805
0.32
0.5333
0.3261
1.6207
0.3256
1
0.7419
0.561
0.9744
0.8649
0.4324
0.6333
0.931
0.075
0.0351
0.0714
1
0.5294
0.0286
0.7037
0.5882
0.4222
0.931
0.0816
0.0465
0.1212
0.0952
0.0385
0.0851
0.0455
0.0435
0.0465
0.0465
0.5102
0.0851
0.0577
0.0851
1.0312
0.4839
0.6667
0.0526
0.0455
0.7576
1
0.6875
0.1143
0.0769
0.4054
1.1111
0.3953
0.4667
0.2045
0.025
1.0588
0.1613
0.96
0
0.0227
0.1176
1.1786
0.5789
0.2982
0.0426
0.3721
0.2414
0.0192
0.1111
0.5319
0
0.0714
0.7576
1.08
0.12
0.1389
0.3509
0.3333
0.02
0.0769
0.5833
0.5588
0.6774
1.32
0.1042
0.5294
0.093
1.0588
0.35
0.2576
0.8571
0.1081
0.0185
0.0625
0.4865
0.3333
0.1053
0.2439
0.8125
0.2
2.0625
0.7333
0.5455
0.1064
0.561
0.2059
0.4634
0.0811
0.5641
0.0952
0.0667
0.0189
0.7143
0.386
0.525
0.3611
0.0526
0.3846
0.0185
0.5789
0.6471
0.06
0.7222
1.7333
0.5526
0.9688
0.5957
0.1667
0.1429
0.6471
0.7391
0.5312
0.0877
0.413
0.6364
0.0256
0.102
0.0638
0.1087
0.0333
0.0755
0.1087
0.3721
0.5778
0.5806
0.7576
1.0645
0.125
0.0889
0.5278
0
0.0238
1.2083
0.5862
0.5122
0.7419
0.0909
0.1351
0.0588
0.0345
0.9655
1.2
0.0208
0.1842
0.9211
0.0444
0.449
1
1.4545
0.4
0.0833
0.0926
0.1667
2.1176
0.0208
0.5581
0.0233
0.0513
0.1
0.0714
0.4419
0.7812
0.1579
1.2083
0.098
0.8788
0.963
0.4103
0.0417
0.0204
0
0.7317
0.6667
0.0435
0.963
0.04
0.7941
0.9688
0.3
0.5814
0.6944
0.0244
1
0.0541
0.0408
0.8
0.0741
0.3673
1.1935
0.6389
0.1053
0.125
0.4694
1.4444
0.641
0.1944
0.1026
0.1064
0.0392
0.0204
0.12
1.2759
1.28
0.6122
0.9
0.6757
0.5349
0.0714
1.6667
0.2973
0.6207
0.6842
0.875
0.0333
0.0755
0.5366
0.5526
0
0.0833
0.037
0.7059
0.0213
0.875
0.4
0.5312
0.6216
1.1923
0.0909
0.05
1
0.3333
0.4255
0.8788
1.3
0.06
0.7931
0.5405
0.9143
0.037
0.6829
0.0952
0.8529
0.0652
0.1607
0.75
0.5405
0.5312
0.1364
0.05
0.8
0.6829
0.0244
1.0385
1.2857
0.1562
0.0213
0.6667
0.0435
0.0926
0.6667
0.0588
0.0192
0.0732
0.8387
0.4054
0.102
0.6522
0.1163
0.1395
0.3256
0.0444
0.4773
0.0444
0.6667
0.0256
0.0625
0.8372
0.8889
0.0526
0.0667
0.4524
0.0278
0.381
0.0612
0.025
0.7714
0.0476
0.4651
0.7632
0.6486
0.093
0.5455
0.6129
0.05
0.0256
1.5
0.4878
0.0652
1.2222
0.1026
0.8462
0.3784
0.5366
1.25
0.0417
0.4444
0.6667
0.3902
0.4359
0.7027
0.0833
0.6
0.0541
1.3684
0.0345
0.0189
1.5714
0.1163
0.3939
0.42
0.25
0.7692
0.4545
0.0962
1.1429
1.5417
0.0476
0.2222
0.2381
0.7273
0.0444
0.85
0.1333
1.1111
0.6053
0.0909
0.0889
0.0926
0.4688
0.0698
0.3333
0.8065
0.0278
0.0652
0.0526
0.0294
0.0652
0.68
0.0303
0.5
0.04
0.0909
0.2
0.2051
0.9091
0.0556
0.5
0.0741
0.25
0.4688
0.381
0.1613
0.7333
0.4167
0.0513
0.1163
0.6944
0.15
1.125
0.1628
0.8485
0.9231
0.359
1.0333
0.4737
0.4375
1.45
0.6304
0.0962
0.5714
0.8108
0.0192
0.6
0.0769
0.625
0.1
0.0789
0.0833
0.4634
0.5789
0.1351
0.1515
0.9655
0.4516
0.1212
0.5588
1.2258
0.6
0.0714
0.0909
0.4103
0.3333
0.4222
0.0435
0.0816
0.0806
0.14
0.5217
1.2353
0.9697
0.7
0.1471
0.0732
0
1.4
0.1143
0.697
0.5417
0.093
1.24
0.9412
1.5
0.1364
0.9474
1.0333
0.56
0.0769
0.0862
1.1739
0.6552
0.0465
0.0256
0.4583
0.525
0.0476
0.2115
1.0769
0.34
0.3235
0.4722
0.5517
0.0926
1
0.587
0.9706
0.0238
0.0667
0.0816
0.5143
0.0732
0.4561
0.7931
0.0377
0.2162
0.7632
0.0256
0.0566
0.5854
0.0345
0.8571
0.027
0
0.1429
0.0851
0.5455
0.7714
0.88
0.3636
0.6286
0.3947
0.0784
0.5806
0.4255
0.7812
1.0588
0.0645
0.0732
0.0606
0.4902
0.0541
0.6452
0.5
0.1091
0.5429
0.0175
0.0571
0.0556
0.3611
0.8125
0.0714
0.4545
1.0303
0.4848
0.4118
0.8125
0.6207
0.0217
1.0286
0.0638
0.2826
0.1333
0.7241
0.0698
0.0698
0.1
1.3684
0.6176
0.9167
0.0612
0.7297
0.0526
0.5938
0.2222
0.0351
0.1351
1.1481
0.7407
0.6667
0.0213
0.3
0
0.575
0.0635
0.4722
0.5882
0.4634
0.6897
0.1176
0.0652
0.6842
0.0426
0.4062
0.1778
0.0159
0.0385
1.5263
0.5349
0.7241
0.075
0.22
0.5556
0
0.0465
0.697
0.0893
0.6364
0.3725
0.0741
0.0811
0.1026
0.2093
0.8378
0.4848
0.0263
0.098
0.0667
0.5714
0.6341
1.2222
0.7647
0.8485
1
0.7273
0.7647
0.5789
0.1842
0.439
0.0732
0.4
0.9667
0.9
0.1111
0.0889
0.551
0.0732
0.1579
0.0682
0.0714
0.0652
0.4865
0.8462
0.6429
0.75
0.05
0.9375
0.6765
0.9167
1.3913
0.5952
0.6061
0.037
0.0135
0.0328
0.2787
0.3421
0.0784
0.4286
0.3095
1.1212
0.8438
0.5455
0.7222
0.1111
0.5588
0.0182
0.0339
0.0571
0.0698
0.2
0.0882
0.0227
0.0179
0.0833
0.9688
0.1111
0.1311
0.0222
0.439
1.3333
0.1379
0.0323
0.0488
0.0364
1
0.5682
0
0.9091
0.4634
0.4889
0.5882
0.549
0.9333
1.0435
0.8387
0.0392
0.3721
0.5833
0.3404
0.5952
0.1143
0.9714
0.6316
1.16
0.0952
0.0455
0.0213
0.6286
0.7692
0.5122
0.0789
0.0566
0.0698
0.475
0.55
0.4151
0.5278
0.6279
0.0816
0.3409
0.575
0.093
0.0952
0.02
0.0732
0.1136
0.1
1
0.8182
0.0625
0.625
0.0513
0.2
0.0435
0.1429
0.1026
0.0465
0.1053
0
0.6667
0.6579
0.9062
0.2754
0
0.5319
0.3636
0.6977
0.1
0.575
1.0588
0.5952
0.6
0.7812
0.9355
0.2
0.0556
0.5152
0.35
0.0244
0.0833
0
1.0556
0.3235
0.0816
0.0488
0.0233
0.0976
0.102
0.0278
0.0811
0.6333
0.3636
0.0513
0.7647
0.05
0.3261
0.0833
0.775
0.2564
0.2558
0.7429
0.0667
1.6818
0.0645
0.4528
0.16
0.0244
0.0556
0.4
0.7143
0.5862
0.093
0.1333
0.1356
0.6389
0.3889
0.5
0.6304
0.814
0.1765
0.5556
0.1277
0.2128
0.625
0.0816
1.2308
0.5294
1.0333
0.0227
0.0469
0.66
0.0698
0.7273
0.1818
0.0508
0
0.0417
0.0227
0.0227
0.8519
0.4762
0.8108
0.1351
0.1042
0.3409
0.0222
0.1579
2.2105
0.75
0.0833
0.05
0.0816
0.7857
0.0213
0.5952
0.0833
0.0545
0.119
0.1316
0.3889
0.0652
0.0851
0.0526
0.9259
0.125
0.3913
0.1351
0.1515
0.6667
0.7297
0.4412
0.0755
0.3611
0.9667
0.4314
0.8333
0.1
0.2308
0.475
0.0278
0.4286
0.8056
1.1935
0.475
0.8667
1.0294
0.871
0.3889
0.0678
0.0816
0
0.0784
0.4595
0.6279
0.6364
0.3421
0.05
0.0256
0.0833
0.0769
1.2917
0.0426
0.0652
0.3095
0.5806
0.1111
1.0968
0.6333
0.8286
2.0556
0.3824
0.6333
0.9375
0.0488
1.32
0.963
0.9615
0.0217
0.3684
0.0426
0.15
0.1471
0.1053
0.7778
0.7
0.0943
0.439
0.6207
0.9394
0.931
0.093
0.1778
1.5
0.0417
0.5
0.0638
0.7778
0.0408
0.4375
0.1026
0.6667
0.1081
0.04
0.1538
0.0238
0.0984
0.5714
0.5278
0.0714
0.3514
0.6452
0.0357
0.0455
0.0408
0.6897
0.6667
0.5405
0.4
0.1455
0.1897
0.4688
1.0303
0.0811
0.2059
0.0196
0.7778
0.7353
0.05
0.3636
0.0789
1.1176
0.2162
1.0769
0.931
0.122
0.0444
0.0682
1.0385
0.0732
0.0857
0.5758
0.8485
0.5556
0.0577
0.8182
0.0455
0.0541
1.0357
0.0465
1.0455
0.6429
0.5814
0.0577
0.0952
0.6923
0.0227
0.122
0.5526
0.0222
0.0784
0.0682
0.5667
0.0851
0.1562
0.0938
1.2083
0.3421
0.1132
0.4524
0.2581
0.1087
0.1087
0.65
0.0638
0.3409
0.6667
0.4681
0.8966
0.1613
0.9444
0.0408
0.3333
0.3333
0.4848
0.0417
0.7059
0.9688
0.0556
0.0926
0.5714
0.3684
0.0909
0.3333
1.1923
0.0811
0.0769
0.1111
0.0938
0.075
0.12
1.7037
0.0476
0.5217
0.0357
0.0976
0.6667
0.4615
1.0455
0.8056
0
0.0217
0.0714
0.0784
0.0789
0.6
0.0755
0.625
0.8148
0.02
0.1316
0.963
0.0256
0.1321
0.42
0.0385
0.2609
1.5172
0.3023
0.0488
0.7097
0.0769
0.0784
0.1053
0.0952
0
