x
0.3303
0.3641
0.3579
0.3581
0.3399
0.3522
0.3542
0.3469
0.3605
0.3656
0.3761
0.3636
0.3661
0.3722
0.3836
0.3729
0.3779
0.3564
0.3667
0.3797
0.3601
0.3753
0.3778
0.3496
0.3683
0.3674
0.3605
0.3653
0.3659
0.3597
0.3606
0.367
0.3715
0.3808
0.3657
0.3805
0.3569
0.354
0.3758
0.3531
0.3605
0.365
0.3557
0.3679
0.3566
0.3475
0.374
0.361
0.3606
0.3561
0.3497
0.3628
0.3662
0.3829
0.3579
0.3581
0.359
0.3753
0.3564
0.338
0.3585
0.3518
0.3755
0.3806
0.3642
0.3592
0.3492
0.3688
0.3637
0.3538
0.3826
0.3837
0.3397
0.3757
0.33
0.3765
0.3694
0.3582
0.3793
0.3653
0.3276
0.3685
0.3682
0.3527
0.3663
0.3453
0.366
0.3737
0.3445
0.3576
0.3411
0.3469
0.3863
0.3501
0.3633
0.3462
0.3588
0.3515
0.3598
0.3547
0.3581
0.378
0.379
0.3516
0.3602
0.3771
0.3724
0.3855
0.3846
0.3691
0.3647
0.3515
0.3662
0.3481
0.3599
0.3669
0.3593
0.3701
0.3659
0.3451
0.3637
0.3576
0.3619
0.3705
0.3795
0.3822
0.3513
0.3472
0.3499
0.3363
0.3451
0.3932
0.3644
0.3661
0.3536
0.341
0.3322
0.3508
0.3716
0.3517
0.3615
0.3719
0.3536
0.3692
0.3577
0.3504
0.3623
0.3566
0.3503
0.3791
0.3629
0.356
0.3687
0.3697
0.3519
0.3438
0.3567
0.3788
0.3438
0.3481
0.3436
0.3713
0.3641
0.3716
0.3485
0.367
0.3714
0.3662
0.3725
0.3723
0.3658
0.3517
0.3622
0.3281
0.3723
0.3684
0.3548
0.3466
0.3698
0.3645
0.3652
0.3824
0.3741
0.3542
0.3588
0.3578
0.3407
0.3613
0.3635
0.3665
0.3638
0.3684
0.3665
0.3588
0.3549
0.3538
0.3849
0.3785
0.3603
0.3612
0.3569
0.3358
0.3595
0.3358
0.3622
0.3535
0.376
0.3755
0.3744
0.3702
0.3686
0.3412
0.3414
0.3681
0.3643
0.3513
0.3556
0.3663
0.3679
0.3584
0.3843
0.3588
0.3712
0.3521
0.3715
0.3828
0.3678
0.3614
0.3952
0.3669
0.354
0.3726
0.356
0.3736
0.3836
0.3588
0.3597
0.3724
0.3454
0.3548
0.3574
0.3524
0.369
0.3808
0.3748
0.3715
0.3695
0.3741
0.3703
0.3639
0.3463
0.3831
0.3594
0.3663
0.3769
0.372
0.3355
0.3788
0.3436
0.3707
0.3717
0.3663
0.3467
0.3608
0.3495
0.3424
0.3429
0.3424
0.3679
0.3791
0.3638
0.3725
0.3596
0.349
0.3707
0.3746
0.3487
0.3669
0.3743
0.3665
0.3791
0.3608
0.3442
0.3448
0.3435
0.3462
0.3732
0.3559
0.3661
0.3557
0.3508
0.3658
0.3467
0.361
0.3625
0.3717
0.3637
0.3757
0.37
0.379
0.345
0.3732
0.3671
0.3565
0.3668
0.3708
0.3666
0.3796
0.3718
0.3616
0.3742
0.3408
0.3557
0.3446
0.3805
0.3625
0.36
0.354
0.3726
0.3559
0.3482
0.3661
0.3566
0.351
0.3594
0.3617
0.3595
0.3614
0.3564
0.3436
0.3725
0.3859
0.3373
0.3504
0.3564
0.35
0.3531
0.3749
0.3843
0.3831
0.3758
0.3698
0.3305
0.3893
0.306
0.3491
0.3674
0.3763
0.3789
0.3655
0.3659
0.3659
0.3622
0.3703
0.3383
0.3691
0.363
0.3616
0.3751
0.3546
0.3597
0.3739
0.3426
0.3644
0.3558
0.3626
0.3459
0.3444
0.3622
0.3616
0.3348
0.3704
0.3661
0.3738
0.3622
0.3794
0.3612
0.3541
0.3663
0.3675
0.359
0.3861
0.3682
0.3656
0.3843
0.3554
0.3526
0.3662
0.3593
0.3471
0.3682
0.377
0.3448
0.347
0.3485
0.3653
0.3712
0.3438
0.3533
0.3552
0.3751
0.3609
0.3513
0.3756
0.3605
0.3784
0.3613
0.3665
0.3728
0.3499
0.3763
0.3636
0.347
0.3702
0.3624
0.3605
0.3683
0.3717
0.3579
0.3618
0.3765
0.3522
0.3653
0.373
0.3605
0.3546
0.3728
0.36
0.3612
0.3552
0.3726
0.3473
0.3779
0.3675
0.3765
0.3589
0.3538
0.3413
0.3729
0.3533
0.3665
0.382
0.36
0.3572
0.3663
0.3623
0.3579
0.3716
0.3574
0.3651
0.3697
0.3706
0.3675
0.3655
0.3614
0.3518
0.3652
0.3716
0.3627
0.3708
0.3683
0.3479
0.3881
0.3679
0.3506
0.3699
0.3536
0.3649
0.35
0.3613
0.3669
0.3703
0.3385
0.3547
0.3672
0.3754
0.362
0.3626
0.3488
0.3397
0.3613
0.3651
0.3475
0.3518
0.3654
0.3606
0.3828
0.3685
0.3573
0.3661
0.3598
0.3542
0.3795
0.3608
0.3612
0.356
0.3529
0.3504
0.3562
0.3641
0.3733
0.3808
0.37
0.3676
0.3624
0.3785
0.3482
0.3771
0.3622
0.3579
0.3756
0.3847
0.3528
0.352
0.3801
0.3448
0.3521
0.3837
0.3843
0.3576
0.3417
0.3571
0.3543
0.3773
0.3512
0.3671
0.3588
0.3495
0.3583
0.3771
0.3608
0.332
0.3534
0.3609
0.3611
0.3698
0.356
0.3392
0.3407
0.3443
0.3683
0.375
0.3561
0.3516
0.3466
0.3797
0.3656
0.3601
0.362
0.3856
0.3682
0.349
0.3678
0.3829
0.3358
0.3637
0.3473
0.3761
0.3459
0.3779
0.366
0.3506
0.3497
0.3679
0.3542
0.3764
0.3649
0.3809
0.3755
0.3604
0.3662
0.3637
0.3642
0.3744
0.3723
0.3537
0.3444
0.3383
0.3529
0.3604
0.3604
0.3545
0.3375
0.3396
0.3729
0.3708
0.3713
0.3438
0.3617
0.3372
0.363
0.3759
0.3696
0.3312
0.3752
0.3664
0.361
0.3494
0.3299
0.3674
0.338
0.3527
0.3743
0.3553
0.36
0.3658
0.3379
0.3632
0.3483
0.3797
0.3731
0.3618
0.3493
0.3647
0.3371
0.3802
0.3595
0.355
0.3565
0.3335
0.351
0.363
0.3535
0.3516
0.368
0.346
0.3212
0.3709
0.3709
0.38
0.35
0.3677
0.3895
0.3522
0.362
0.3712
0.3574
0.3498
0.375
0.348
0.3447
0.3483
0.3627
0.3602
0.3459
0.3455
0.3431
0.3808
0.3679
0.3624
0.3555
0.3508
0.3757
0.3594
0.3618
0.3609
0.3591
0.3725
0.371
0.3638
0.3514
0.3642
0.3603
0.3681
0.3584
0.3494
0.3372
0.3578
0.3793
0.3591
0.3496
0.3656
0.3236
0.3878
0.3781
0.3552
0.3761
0.3505
0.3777
0.3784
0.3392
0.3572
0.3666
0.379
0.3378
0.3715
0.3666
0.3481
0.3821
0.3443
0.3698
0.3574
0.3535
0.3763
0.3508
0.3567
0.3606
0.3507
0.3765
0.3644
0.3752
0.3844
0.3949
0.3718
0.3721
0.3602
0.3586
0.3662
0.3427
0.3791
0.3359
0.3511
0.3592
0.3643
0.3742
0.362
0.3456
0.3821
0.3627
0.3471
0.3729
0.3647
0.3401
0.3424
0.3524
0.3621
0.3681
0.366
0.3548
0.3611
0.3783
0.3545
0.3754
0.3704
0.3643
0.3745
0.369
0.3439
0.3665
0.347
0.3689
0.3389
0.3512
0.3856
0.3432
0.3597
0.349
0.3708
0.3346
0.365
0.3481
0.356
0.3495
0.3396
0.3634
0.3874
0.3502
0.3634
0.3556
0.3756
0.358
0.3336
0.3591
0.3758
0.3621
0.3575
0.3582
0.3821
0.3534
0.3694
0.373
0.3688
0.3772
0.3661
0.3582
0.3499
0.3298
0.3777
0.3653
0.3527
0.3507
0.3787
0.3785
0.3587
0.3555
0.3717
0.3679
0.3652
0.3395
0.3488
0.3431
0.371
0.353
0.3678
0.3646
0.3461
0.3726
0.3812
0.3418
0.3569
0.3601
0.3529
0.3671
0.367
0.3701
0.3388
0.3701
0.3591
0.3612
0.3621
0.3631
0.3799
0.3682
0.3686
0.3612
0.3671
0.3781
0.3759
0.3624
0.3667
0.3619
0.3577
0.3647
0.3516
0.3648
0.355
0.3751
0.3755
0.3376
0.363
0.3747
0.3623
0.3643
0.3577
0.342
0.3687
0.3715
0.357
0.3522
0.379
0.3667
0.3796
0.366
0.3631
0.3434
0.3584
0.3818
0.3492
0.377
0.382
0.3784
0.3647
0.3476
0.345
0.3777
0.3787
0.3685
0.3708
0.364
0.3603
0.3666
0.3723
0.3566
0.344
0.3619
0.3638
0.3757
0.3722
0.3453
0.3644
0.3644
0.375
0.3584
0.3559
0.3799
0.3549
0.3774
0.3208
0.3484
0.3677
0.3777
0.358
0.3675
0.3606
0.3546
0.3582
0.3461
0.3648
0.3616
0.375
0.3546
0.3545
0.3773
0.385
0.3608
0.3649
0.3743
0.377
0.3633
0.3807
0.3517
0.3508
0.3555
0.3686
0.3619
0.358
0.3726
0.344
0.3806
0.3603
0.3578
0.3743
0.3525
0.3674
0.3468
0.3662
0.3249
0.3612
0.3647
0.388
0.3602
0.3807
0.3713
0.3488
0.3519
0.3622
0.3635
0.3736
0.3691
0.3799
0.36
0.352
0.3679
0.372
0.3553
0.3638
0.3612
0.3701
0.3498
0.3766
0.3589
0.3733
0.3755
0.3621
0.3594
0.3625
0.3833
0.3748
0.3611
0.3614
0.3624
0.3664
0.3792
0.3663
0.3701
0.3614
0.337
0.3528
0.3665
0.363
0.3657
0.3731
0.3531
0.3328
0.365
0.3626
0.3567
0.3716
0.3854
0.3731
0.3736
0.3648
0.3429
0.3661
0.3332
0.3811
0.3543
0.3552
0.3491
0.3601
0.3511
0.3485
0.3514
0.353
0.368
0.3671
0.3606
0.3599
0.3433
0.34
0.3515
0.3789
0.3673
0.3528
0.3759
0.3793
0.3667
0.3464
0.3507
0.3644
0.3297
0.3711
0.3866
0.3618
0.3539
0.3511
0.3674
0.355
0.3597
0.37
0.3706
0.3633
0.3702
0.3729
0.3763
0.3652
0.3833
0.3436
0.3596
0.3825
0.3382
0.3786
0.3809
0.3525
0.3983
0.3585
0.396
0.3597
0.3678
0.3656
0.3588
0.3594
0.3708
0.3667
0.3684
0.3732
0.3689
0.3742
0.3726
0.3582
0.3898
0.381
0.3515
0.3671
0.3558
0.3955
0.3751
0.3613
0.3664
0.3628
0.3562
0.3761
0.3772
0.3856
0.3589
0.3644
0.371
0.3734
0.3571
0.3501
0.3541
0.3559
0.3824
0.3872
0.3657
0.3612
0.363
0.3703
0.3626
0.3508
0.3819
0.3806
0.3565
0.3559
0.3654
0.3751
0.3719
0.358
0.3655
0.3763
0.3967
0.3739
0.3855
0.3492
0.3703
0.3359
0.3693
0.3641
0.3809
0.3586
0.349
0.3672
0.3554
0.3589
0.3714
0.3567
0.3574
0.3504
0.3881
0.359
0.3284
0.3797
0.3791
0.3479
0.3555
0.3823
0.3691
0.3796
0.375
0.3672
0.3706
0.3513
0.3448
0.3672
0.3616
0.3852
0.3525
0.3777
0.3655
0.3608
0.3954
0.3647
0.3639
0.3774
0.3837
0.3607
0.3485
0.3646
0.3549
0.341
0.3431
0.3881
0.3642
0.3708
0.313
0.398
0.3984
0.316
0.3655
0.3581
0.3627
0.3721
0.3617
0.3646
0.359
0.3565
0.3967
0.376
0.3971
0.3763
0.3742
0.3506
0.3657
0.3758
0.3509
0.3468
0.3523
0.3722
0.3371
0.3562
0.3589
0.3752
0.3777
0.3789
0.3653
0.3723
0.3612
0.3572
0.3852
0.38
0.3654
0.3724
0.3995
0.3229
0.3638
0.3694
0.3496
0.3463
0.3692
0.3738
0.3519
0.3792
0.3985
0.3528
0.3634
0.3884
0.3398
0.3562
0.3578
0.3686
0.3668
0.3633
0.3638
0.3632
0.3975
0.3563
0.3787
0.363
0.3542
0.3651
0.3849
0.3297
0.352
0.3693
0.3743
0.3647
0.3842
0.3828
0.3812
0.372
0.3696
0.3483
0.3334
0.3519
0.3544
0.364
0.3433
0.3964
0.3649
0.3735
0.3802
0.386
0.3726
0.334
0.3723
0.3635
0.3696
0.3646
0.3545
0.3642
0.3567
0.3398
0.3526
0.38
0.388
0.3482
0.3531
0.3635
0.3421
0.3655
0.3641
0.3579
0.3606
0.3795
0.3784
0.3784
0.372
0.3856
0.3477
0.3665
0.3521
0.3684
0.3731
0.3982
0.3745
0.3881
0.3427
0.3837
0.3494
0.3476
0.3762
0.3725
0.3675
0.3586
0.3599
0.3394
0.3567
0.3535
0.3974
0.3689
0.3577
0.3677
0.362
0.3601
0.3872
0.3672
0.3496
0.362
0.3991
0.3665
0.3684
0.3733
0.3532
0.3557
0.3857
0.398
0.3848
0.3422
0.3915
0.356
0.3524
0.369
0.3406
0.3824
0.3705
0.3743
0.3709
0.3709
0.357
0.3832
0.3689
0.3718
0.3701
0.3586
0.3507
0.3644
0.3556
0.3759
0.3638
0.3619
0.3673
0.3864
0.3468
0.345
0.3787
0.3625
0.3549
0.3623
0.3724
0.3662
0.3491
0.3581
0.3983
0.3453
0.365
0.3569
0.3668
0.3575
0.3575
0.3752
0.3978
0.3627
0.3959
0.3522
0.3484
0.3443
0.3568
0.3764
0.3629
0.3843
0.3974
0.3768
0.3469
0.3767
0.2992
0.3518
0.3538
0.3809
0.3635
0.352
0.3749
0.3652
0.3669
0.3642
0.3323
0.3812
0.3519
0.3771
0.3743
0.3533
0.3464
0.377
0.3966
0.3724
0.3786
0.3558
0.3544
0.355
0.3684
0.3621
0.3451
0.3656
0.3736
0.3757
0.3519
0.3624
0.3647
0.3968
0.3628
0.3825
0.3657
0.3776
0.3738
0.3572
0.3861
0.3723
0.3514
0.3964
0.3642
0.3585
0.3855
0.3793
0.3529
0.3746
0.3536
0.3897
0.3793
0.3485
0.3655
0.3695
0.3733
0.374
0.3508
0.3633
0.3969
0.3585
0.3609
0.3685
0.366
0.3654
0.3744
0.385
0.3852
0.3404
0.3529
0.3669
0.365
0.3649
0.3725
0.3523
0.3763
0.3619
0.3732
0.3714
0.3586
0.3538
0.377
0.37
0.3676
0.3855
0.3723
0.3562
0.3835
0.3748
0.3809
0.3685
0.3979
0.3435
0.384
0.352
0.3701
0.374
0.3601
0.352
0.3883
0.3743
0.3681
0.378
0.3592
0.3737
0.3766
0.3725
0.3684
0.3464
0.3584
0.3514
0.3656
0.3926
0.3671
0.3596
0.3721
0.3452
0.3626
0.371
0.3736
0.367
0.3673
0.3964
0.3359
0.3751
0.3648
0.363
0.3253
0.3555
0.3776
0.3761
0.3708
0.3774
0.3865
0.3612
0.3632
0.3991
0.3588
0.3525
0.3605
0.3862
0.3365
0.3782
0.3666
0.3705
0.3515
0.3556
0.3647
0.3972
0.3551
0.345
0.3554
0.3506
0.3662
0.3636
0.3801
0.3754
0.3622
0.3716
0.3606
0.3827
0.3662
0.3757
0.3674
0.3627
0.3629
0.3691
0.3603
0.3634
0.3836
0.3569
0.3654
0.3772
0.3807
0.3573
0.3644
0.3563
0.3607
0.3965
0.352
0.369
0.3555
0.3592
0.341
0.3697
0.3494
0.37
0.3505
0.3898
0.3601
0.369
0.3542
0.3469
0.3428
0.3342
0.3577
0.3802
0.3594
0.3613
0.3836
0.3543
0.375
0.3454
0.3433
0.3853
0.363
0.3612
0.3674
0.376
0.3443
0.3708
0.3515
0.3778
0.3756
0.3725
0.3627
0.397
0.3749
0.3628
0.3546
0.3813
0.3388
0.3835
0.3654
0.3618
0.3652
0.3744
0.3721
0.3961
0.3754
0.3634
0.3569
0.3368
0.3875
0.3568
0.3502
0.3474
0.3325
0.3464
0.3739
0.3848
0.397
0.3492
0.3658
0.338
0.3655
0.3588
0.3714
0.3298
0.3898
0.3588
0.3572
0.3448
0.3316
0.3616
0.3961
0.3644
0.3608
0.3528
0.3604
0.3988
0.3384
0.3679
0.3526
0.3941
0.3711
0.3707
0.358
0.3614
0.3954
0.3701
0.3446
0.3555
0.3596
0.3336
0.371
0.3718
0.3518
0.3523
0.3563
0.3412
0.3178
0.3759
0.3636
0.3816
0.3696
0.3697
0.3713
0.3451
0.3609
0.3617
0.3489
0.3534
0.3733
0.3582
0.3816
0.343
0.3739
0.377
0.3812
0.3435
0.339
0.3717
0.3593
0.3884
0.3645
0.3476
0.3689
0.3622
0.3525
0.3639
0.3589
0.3709
0.3763
0.3618
0.3754
0.3574
0.3594
0.3604
0.3552
0.3464
0.328
0.3486
0.3833
0.3614
0.3621
0.3896
0.3376
0.3824
0.3763
0.362
0.3611
0.3536
0.3797
0.3606
0.3421
0.36
0.3652
0.3724
0.3749
0.3659
0.3778
0.3679
0.3881
0.3453
0.3981
0.373
0.3794
0.3776
0.3491
0.3967
0.3975
0.3519
0.3632
0.3671
0.3768
0.3736
0.3671
0.3768
0.3741
0.365
0.351
0.3867
0.3824
0.3802
0.3829
0.347
0.3492
0.3995
0.3926
0.3744
0.3536
0.3782
0.3609
0.3607
0.3573
0.3642
0.3499
0.3632
0.3546
0.3626
0.3553
0.3595
0.3564
0.3595
0.3796
0.3867
0.3977
0.3522
0.3515
0.3842
0.3698
0.3755
0.3722
0.387
0.3764
0.3403
0.3524
0.3624
0.3648
0.3744
0.3536
0.3748
0.3501
0.3626
0.3382
0.3677
0.3624
0.327
0.3984
0.3922
0.3605
0.3691
0.361
0.384
0.3768
0.3496
0.3632
0.3966
0.3626
0.3497
0.3947
0.3811
0.356
0.3591
0.3655
0.3794
0.392
0.3634
0.3628
0.3705
0.3521
0.3767
0.3551
0.3642
0.3606
0.3724
0.3851
0.3433
0.3579
0.3711
0.3693
0.3783
0.3407
0.3397
0.3475
0.3645
0.3543
0.3718
0.3616
0.3412
0.3859
0.39
0.3673
0.3433
0.3738
0.3674
0.395
0.3805
0.3531
0.3513
0.3737
0.3514
0.3983
0.3723
0.3623
0.3807
0.3693
0.3725
0.3731
0.3762
0.397
0.3768
0.3805
0.3618
0.3994
0.3418
0.3509
0.375
0.3622
0.3619
0.3773
0.3669
0.3444
0.3658
0.3752
0.3609
0.3842
0.345
0.3706
0.3677
0.3988
0.3534
0.3636
0.35
0.3766
0.3787
0.3747
0.366
0.3471
0.3486
0.3678
0.379
0.3632
0.3716
0.3798
0.3711
0.3633
0.3429
0.3781
0.3826
0.3618
0.3629
0.3761
0.3756
0.3711
0.3646
0.3413
0.3455
0.3728
0.3564
0.3868
0.3729
0.3515
0.3675
0.3657
0.3806
0.3642
0.3657
0.3881
0.3627
0.3813
0.3107
0.3545
0.3962
0.3743
0.3963
0.371
0.3556
0.3603
0.3585
0.3829
0.3869
0.3665
0.3735
0.3466
0.3499
0.3727
0.3863
0.365
0.3655
0.3983
0.3774
0.3649
0.3863
0.3505
0.3949
0.3587
0.3807
0.3708
0.3593
0.3744
0.3471
0.3677
0.3624
0.3621
0.3633
0.3346
0.3684
0.3447
0.3725
0.3317
0.341
0.3716
0.3892
0.3694
0.3763
0.3618
0.3575
0.3619
0.3269
0.3797
0.3711
0.3844
0.3759
0.3592
0.354
0.375
0.3796
0.3513
0.3708
0.3557
0.3743
0.3486
0.3683
0.3586
0.375
0.3661
0.3979
0.36
0.365
0.3888
0.3865
0.3623
0.359
0.3776
0.3695
0.3759
0.3713
0.3727
0.3656
0.3425
0.3539
0.365
0.3585
0.3842
0.3901
0.3529
0.382
0.3709
0.3555
0.3461
0.3753
0.3774
0.3698
0.3752
0.3604
0.3639
0.3899
0.3832
0.3523
0.3586
0.3641
0.3622
0.3623
0.3515
0.3975
0.3469
0.3563
0.3779
0.3699
0.3587
0.3954
0.3462
0.3568
0.3861
0.3554
0.3652
0.3435
0.3841
0.399
0.3622
0.3652
0.3476
0.3674
0.3933
0.3855
0.3973
0.3906
0.399
0.3745
0.3881
0.3959
0.39
0.3976
0.3997
0.3997
0.3822
0.3754
0.3991
0.3907
0.3976
0.3845
0.3976
0.3901
0.3944
0.3992
0.3995
0.3959
0.3981
0.3963
0.3966
0.3866
0.3979
0.3976
0.3976
0.3981
0.3963
0.3985
0.3875
0.3975
0.3808
0.3946
0.3983
0.3529
0.3822
0.3967
0.3975
0.398
0.395
0.3956
0.3786
0.373
0.3967
0.3725
0.3992
0.3973
0.3992
0.3962
0.3981
0.3983
0.3994
0.396
0.3986
0.3995
0.3986
0.3912
0.3928
0.3986
0.3961
0.3977
0.3888
0.3976
0.3976
0.368
0.3956
0.3964
0.3971
0.3995
0.3958
0.3972
0.3973
0.3979
0.3973
0.3937
0.3975
0.3984
0.3995
0.3875
0.3808
0.373
0.3975
0.3989
0.3995
0.3847
0.3963
0.3992
0.397
0.3977
0.3978
0.3978
0.394
0.3983
0.3973
0.3936
0.3676
0.3986
0.394
0.3943
0.3968
0.3968
0.3841
0.3993
0.3986
0.3944
0.3899
0.3595
0.3985
0.3774
0.3803
0.3949
0.3962
0.3933
0.3799
0.3957
0.3972
0.3968
0.3894
0.3965
0.3956
0.3907
0.3965
0.3991
0.3974
0.3959
0.3991
0.384
0.3844
0.3962
0.3975
0.3977
0.3967
0.3211
0.3907
0.3987
0.3988
0.3907
0.3881
0.3969
0.3956
0.3958
0.3969
0.3986
0.3946
0.3974
0.383
0.3977
0.3965
0.3969
0.359
0.3968
0.3939
0.399
0.3985
0.3957
0.3886
0.3956
0.3677
0.3804
0.3992
0.3991
0.3913
0.388
0.3893
0.3989
0.3963
0.3787
0.3748
0.3989
0.3903
0.3978
0.3977
0.3866
0.3795
0.3975
0.3987
0.3869
0.3988
0.3972
0.3979
0.3984
0.3982
0.3982
0.3882
0.3912
0.3973
0.3966
0.3971
0.3864
0.3949
0.3982
0.3929
0.3985
0.3982
0.3969
0.3985
0.3832
0.3974
0.3971
0.3873
0.3989
0.3996
0.3954
0.3861
0.3753
0.3969
0.3972
0.3976
0.3827
0.3987
0.3847
0.3957
0.3968
0.3945
0.3868
0.3908
0.3766
0.398
0.3965
0.3977
0.3979
0.3979
0.3783
0.3992
0.3913
0.3981
0.3974
0.3868
0.3983
0.3957
0.3976
0.3961
0.3878
0.3779
0.3982
0.3948
0.3868
0.3785
0.3782
0.3971
0.3994
0.3981
0.392
0.3848
0.395
0.396
0.397
0.3772
0.3967
0.3965
0.3979
0.3834
0.3971
0.398
0.3974
0.3975
0.3862
0.3514
0.3663
0.3958
0.3845
0.3974
0.3989
0.3975
0.3905
0.3815
0.3969
0.3974
0.3867
0.3907
0.3908
0.3773
0.3975
0.3978
0.3915
0.3928
0.3976
0.3976
0.3982
0.3969
0.3981
0.3787
0.397
0.3954
0.3837
0.3981
0.3865
0.3984
0.397
0.3672
0.3985
0.3989
0.3963
0.3874
0.383
0.3995
0.3971
0.3912
0.3874
0.395
0.3737
0.397
0.3917
0.3978
0.398
0.3908
0.3858
0.3868
0.3958
0.3985
0.3781
0.399
0.397
0.3856
0.3872
0.3975
0.3991
0.3968
0.3953
0.3995
0.3815
0.3835
0.3848
0.3766
0.3896
0.3978
0.3874
0.3986
0.3986
0.3871
0.3614
0.3985
0.3985
0.39
0.395
0.399
0.3993
0.397
0.3995
0.3767
0.3843
0.3949
0.3965
0.3922
0.3987
0.3911
0.391
0.3961
0.3822
0.3577
0.3977
0.398
0.3972
0.3969
0.397
0.3587
0.3985
0.3982
0.3983
0.3707
0.3651
0.3978
0.3922
0.3986
0.3976
0.3993
0.3962
0.3896
0.3929
0.3786
0.3975
0.3901
0.3977
0.3759
0.3972
0.3891
0.3961
0.3918
0.387
0.3961
0.3996
0.3969
0.3983
0.3981
0.3955
0.3986
0.393
0.3532
0.3957
0.3975
0.3966
0.3909
0.3975
0.3986
0.3985
0.3834
0.3977
0.3983
0.3748
0.3967
0.3762
0.3886
0.3789
0.3968
0.396
0.3886
0.3983
0.339
0.3967
0.398
0.3968
0.3879
0.3986
0.3732
0.398
0.3912
0.3972
0.3964
0.3913
0.3655
0.3991
0.3984
0.3965
0.3547
0.3965
0.3911
0.3958
0.3977
0.3869
0.3791
0.3976
0.398
0.3961
0.3965
0.3775
0.3764
0.3981
0.3897
0.3711
0.3986
0.3957
0.376
0.3971
0.3927
0.3983
0.3995
0.391
0.3989
0.3865
0.4
0.3861
0.3878
0.398
0.3984
0.398
0.3911
0.3872
0.3992
0.3975
0.3976
0.3972
0.3883
0.3966
0.3607
0.399
0.3983
0.3634
0.336
0.3959
0.3981
0.3911
0.3974
0.3965
0.3991
0.3585
0.3982
0.3962
0.3573
0.3987
0.3977
0.3991
0.3986
0.391
0.3885
0.3991
0.3881
0.3963
0.399
0.3973
0.3976
0.3846
0.3639
0.3702
0.3972
0.3802
0.3945
0.3979
0.3739
0.3971
0.3995
0.3829
0.3497
0.3981
0.3768
0.3862
0.3976
0.3922
0.3969
0.3976
0.3835
0.384
0.398
0.3773
0.3907
0.3986
0.3464
0.3981
0.3749
0.3972
0.387
0.395
0.3833
0.3905
0.3984
0.3976
0.3951
0.3962
0.397
0.3968
0.398
0.3987
0.3869
0.3853
0.3861
0.395
0.3483
0.3981
0.3988
0.3993
0.3977
0.3976
0.3922
0.3561
0.3967
0.3971
0.3907
0.3979
0.3993
0.3843
0.3966
0.3908
0.395
0.3969
0.3973
0.3802
0.3985
0.3977
0.3842
0.3988
0.3971
0.398
0.3796
0.3985
0.399
0.3879
0.3888
0.3632
0.3973
0.3947
0.3967
0.3988
0.3995
0.3991
0.3986
0.399
0.3878
0.3982
0.3471
0.3496
0.3784
0.3873
0.3972
0.3725
0.3897
0.3988
0.3945
0.3943
0.3973
0.3981
0.3881
0.3978
0.3648
0.3559
0.3963
0.3975
0.3459
0.3974
0.3879
0.3954
0.3989
0.3974
0.3971
0.3996
0.3963
0.3981
0.3988
0.3913
0.398
0.3969
0.3977
0.372
0.398
0.3983
0.3963
0.3963
0.3966
0.3955
0.3601
0.3988
0.3883
0.3421
0.3333
0.3968
0.3974
0.3908
0.3989
0.397
0.3977
0.3541
0.3906
0.3985
0.3988
0.3982
0.3976
0.3966
0.3972
0.3983
0.3899
0.3959
0.3963
0.3857
0.397
0.3679
0.3989
0.3887
0.3877
0.3973
0.3851
0.3977
0.3968
0.395
0.3984
0.3983
0.3974
0.3959
0.3989
0.3939
0.3929
0.3988
0.3983
0.3989
0.3832
0.3748
0.3959
0.3767
0.3976
0.3964
0.3626
0.3981
0.3795
0.3997
0.3653
0.3787
0.3863
0.3984
0.3705
0.3903
0.3964
0.3962
0.3758
0.3821
0.3782
0.3966
0.3992
0.3974
0.364
0.3972
0.3799
0.3987
0.397
0.3976
0.397
0.3957
0.3984
0.3976
0.3831
0.3766
0.3872
0.3764
0.3967
0.3878
0.3739
0.3985
0.3976
0.3959
0.3836
0.3869
0.358
0.3979
0.3974
0.3934
0.3972
0.399
0.3892
0.3954
0.3792
0.3889
0.3982
0.399
0.3984
0.3985
0.3882
0.3966
0.3873
0.3823
0.3951
0.3887
0.3979
0.3709
0.3969
0.3891
0.3982
0.3816
0.3781
0.3868
0.3976
0.3973
0.399
0.3961
0.3556
0.397
0.396
0.399
0.397
0.3976
0.3978
0.3869
0.3992
0.3977
0.3978
0.3964
0.3923
0.397
0.3963
0.3969
0.3957
0.3821
0.3883
0.3978
0.3992
0.3581
0.395
0.3979
0.3875
0.3661
0.3989
0.3936
0.3908
0.3801
0.3963
0.3885
0.3816
0.3958
0.388
0.3599
0.3906
0.3971
0.3985
0.3955
0.3966
0.397
0.398
0.3988
0.3959
0.3971
0.3868
0.3983
0.3985
0.3978
0.3958
0.3843
0.3963
0.3978
0.3677
0.3986
0.3793
0.3972
0.3917
0.3983
0.3942
0.3734
0.3927
0.3808
0.3974
0.3997
0.379
0.3982
0.3722
0.3901
0.3901
0.3878
0.3982
0.3991
0.3977
0.3891
0.3985
0.3835
0.3983
0.3697
0.3958
0.3985
0.3922
0.3915
0.3979
0.3748
0.3791
0.3954
0.3974
0.3977
0.3892
0.3952
0.3974
0.3889
0.3844
0.3976
0.3995
0.397
0.3968
0.3966
0.3948
0.397
0.3881
0.3985
0.3986
0.3913
0.3895
0.3973
0.3973
0.3642
0.3856
0.396
0.3982
0.3973
0.382
0.3971
0.3714
0.3872
0.3857
0.3579
0.3967
0.3944
0.3973
0.3989
0.3952
0.3971
0.3989
0.3989
0.3667
0.3864
0.3985
0.3805
0.3917
0.3974
0.3828
0.3964
0.3936
0.3973
0.3908
0.3619
0.3953
0.3962
0.3599
0.3791
0.3787
0.3965
0.3979
0.3977
0.3952
0.3966
0.3881
0.3978
0.3833
0.3981
0.395
0.3963
0.3865
0.3963
0.3745
0.3899
0.3839
0.3963
0.3937
0.3864
0.38
0.3894
0.3957
0.3895
0.3748
0.3761
0.397
0.391
0.3957
0.3955
0.3855
0.3985
0.3974
0.3898
0.3792
0.3849
0.3653
0.3977
0.3974
0.3978
0.397
0.3914
0.3897
0.3968
0.3765
0.3971
0.3973
0.3968
0.3982
0.3895
0.3972
0.3974
0.3977
0.3967
0.3991
0.3964
0.3607
0.396
0.3993
0.392
0.3968
0.3625
0.397
0.3974
0.3989
0.388
0.3849
0.398
0.3977
0.3896
0.3984
0.3929
0.3988
0.3979
0.397
0.3819
0.388
0.3981
0.3986
0.3856
0.378
0.3793
0.3982
0.3864
0.3994
0.3885
0.371
0.3988
0.3973
0.3782
0.3972
0.3983
0.3983
0.3962
0.3975
0.3875
0.3905
0.3949
0.3632
0.3812
0.3995
0.3958
0.3978
0.3965
0.3777
0.399
0.3989
0.3989
0.3989
0.3961
0.3985
0.3994
NA
NA
NA
NA
NA
NA
NA
NA
NA
NA
NA
NA
NA
NA
NA
NA
NA
NA
NA
NA
NA
NA
NA
NA
NA
NA
NA
NA
NA
NA
NA
NA
NA
NA
NA
NA
NA
NA
NA
NA
NA
NA
NA
NA
NA
NA
NA
NA
NA
NA
NA
NA
NA
NA
NA
NA
NA
NA
NA
NA
NA
NA
NA
NA
NA
NA
NA
NA
NA
NA
NA
NA
NA
NA
NA
NA
NA
NA
NA
NA
NA
NA
NA
NA
NA
NA
NA
NA
NA
NA
NA
NA
NA
NA
NA
NA
NA
NA
NA
NA
NA
NA
NA
NA
NA
NA
NA
NA
NA
NA
NA
NA
NA
NA
NA
NA
NA
NA
NA
NA
NA
NA
NA
NA
NA
NA
NA
NA
NA
NA
NA
NA
NA
NA
NA
NA
NA
NA
NA
NA
NA
NA
NA
NA
NA
NA
NA
NA
NA
NA
NA
NA
NA
NA
NA
NA
NA
NA
NA
NA
NA
NA
NA
NA
NA
NA
NA
NA
NA
NA
NA
NA
NA
NA
NA
NA
NA
NA
NA
NA
NA
NA
NA
NA
NA
NA
NA
NA
NA
NA
NA
NA
NA
NA
NA
NA
NA
NA
NA
NA
NA
NA
NA
NA
NA
NA
NA
NA
NA
NA
NA
NA
NA
NA
NA
NA
NA
NA
NA
NA
NA
NA
NA
NA
NA
NA
NA
NA
NA
NA
NA
NA
NA
NA
NA
NA
NA
NA
NA
NA
NA
NA
NA
NA
NA
NA
NA
NA
NA
NA
NA
NA
NA
NA
NA
NA
NA
NA
NA
NA
NA
NA
NA
NA
NA
NA
NA
NA
NA
NA
NA
NA
NA
NA
NA
NA
NA
NA
NA
NA
NA
NA
NA
NA
NA
NA
NA
NA
NA
NA
NA
NA
NA
NA
NA
NA
NA
NA
NA
NA
NA
NA
NA
NA
NA
NA
NA
NA
NA
NA
NA
NA
NA
NA
NA
NA
NA
NA
NA
NA
NA
NA
NA
NA
NA
NA
NA
NA
NA
NA
NA
NA
NA
NA
NA
NA
NA
NA
NA
NA
NA
NA
NA
NA
NA
NA
NA
NA
NA
NA
NA
NA
NA
NA
NA
NA
NA
NA
NA
NA
NA
NA
NA
NA
NA
NA
NA
NA
NA
NA
NA
NA
NA
NA
NA
NA
NA
NA
NA
NA
NA
NA
NA
NA
NA
NA
NA
NA
NA
NA
NA
NA
NA
NA
NA
NA
NA
NA
NA
NA
NA
NA
NA
NA
NA
NA
NA
NA
NA
NA
NA
NA
NA
NA
NA
NA
NA
NA
NA
NA
NA
NA
NA
NA
NA
NA
NA
NA
NA
NA
NA
NA
NA
NA
NA
NA
NA
NA
NA
NA
NA
NA
NA
NA
NA
NA
NA
NA
NA
NA
NA
NA
NA
NA
NA
NA
NA
NA
NA
NA
NA
NA
NA
NA
NA
NA
NA
NA
NA
NA
NA
NA
NA
NA
NA
NA
NA
NA
NA
NA
NA
NA
NA
NA
NA
NA
NA
NA
NA
NA
NA
NA
NA
NA
NA
NA
NA
NA
NA
NA
NA
NA
NA
NA
NA
NA
NA
NA
NA
NA
NA
NA
NA
NA
NA
NA
NA
NA
NA
NA
NA
NA
NA
NA
NA
NA
NA
NA
NA
NA
NA
NA
NA
NA
NA
NA
NA
NA
NA
NA
NA
NA
NA
NA
NA
NA
NA
NA
NA
NA
NA
NA
NA
NA
NA
NA
NA
NA
NA
NA
NA
NA
NA
NA
NA
NA
NA
NA
NA
NA
NA
NA
NA
NA
NA
NA
NA
NA
NA
NA
NA
NA
NA
NA
NA
NA
NA
NA
NA
NA
NA
NA
NA
NA
NA
NA
NA
NA
NA
NA
NA
NA
NA
NA
NA
NA
NA
NA
NA
NA
NA
NA
NA
NA
NA
NA
NA
NA
NA
NA
NA
NA
NA
NA
NA
NA
NA
NA
NA
NA
NA
NA
NA
NA
NA
NA
NA
NA
NA
NA
NA
NA
NA
NA
NA
NA
NA
NA
NA
NA
NA
NA
NA
NA
NA
NA
NA
NA
NA
NA
NA
NA
NA
NA
NA
NA
NA
NA
NA
NA
NA
NA
NA
NA
NA
NA
NA
NA
NA
NA
NA
NA
NA
NA
NA
NA
NA
NA
NA
NA
NA
NA
NA
NA
NA
NA
NA
NA
NA
NA
NA
NA
NA
NA
NA
NA
NA
NA
NA
NA
NA
NA
NA
NA
NA
NA
NA
NA
NA
NA
NA
NA
NA
NA
NA
NA
NA
NA
NA
NA
NA
NA
NA
NA
NA
NA
NA
NA
NA
NA
NA
NA
NA
NA
NA
NA
NA
NA
NA
NA
NA
NA
NA
NA
NA
NA
NA
NA
NA
NA
NA
NA
NA
NA
NA
NA
NA
NA
NA
NA
NA
NA
NA
NA
NA
NA
NA
NA
NA
NA
NA
NA
NA
NA
NA
NA
NA
NA
NA
NA
NA
NA
NA
NA
NA
NA
NA
NA
NA
NA
NA
NA
NA
NA
NA
NA
NA
NA
NA
NA
NA
NA
NA
NA
NA
NA
NA
NA
NA
NA
NA
NA
NA
NA
NA
NA
NA
NA
NA
NA
NA
NA
NA
NA
NA
NA
NA
NA
NA
NA
NA
NA
NA
NA
NA
NA
NA
NA
NA
NA
NA
NA
NA
NA
NA
NA
NA
NA
NA
NA
NA
NA
NA
NA
NA
NA
NA
NA
NA
NA
NA
NA
NA
NA
NA
NA
NA
NA
NA
NA
NA
NA
NA
NA
NA
NA
NA
NA
NA
NA
NA
NA
NA
NA
NA
NA
NA
NA
NA
NA
NA
NA
NA
NA
NA
NA
NA
NA
NA
NA
NA
NA
NA
NA
NA
NA
NA
NA
NA
NA
NA
NA
NA
NA
NA
NA
NA
NA
NA
NA
NA
NA
NA
NA
NA
NA
NA
NA
NA
NA
NA
NA
NA
NA
NA
NA
NA
NA
NA
NA
NA
NA
NA
NA
NA
NA
NA
NA
NA
NA
NA
NA
NA
NA
NA
NA
NA
NA
NA
NA
NA
NA
NA
NA
NA
NA
NA
NA
NA
NA
NA
NA
NA
NA
NA
NA
NA
NA
NA
NA
NA
NA
NA
NA
NA
NA
NA
NA
NA
NA
NA
NA
NA
NA
NA
NA
NA
NA
NA
NA
NA
NA
NA
NA
NA
NA
NA
NA
NA
NA
NA
NA
NA
NA
NA
NA
NA
NA
NA
NA
NA
NA
NA
NA
NA
NA
NA
NA
NA
NA
NA
NA
NA
NA
NA
NA
NA
NA
NA
NA
NA
NA
NA
NA
NA
NA
NA
NA
NA
NA
NA
NA
NA
NA
NA
NA
NA
NA
NA
NA
NA
NA
NA
NA
NA
NA
NA
NA
NA
NA
NA
NA
NA
NA
NA
NA
NA
NA
NA
NA
NA
NA
NA
NA
NA
NA
NA
NA
NA
NA
NA
NA
NA
NA
NA
NA
NA
NA
NA
NA
NA
NA
NA
NA
NA
NA
NA
NA
NA
NA
NA
NA
NA
NA
NA
NA
NA
NA
NA
NA
NA
NA
NA
NA
NA
NA
NA
NA
NA
NA
NA
NA
NA
NA
NA
NA
NA
NA
NA
NA
NA
NA
NA
NA
NA
NA
NA
NA
NA
NA
NA
NA
NA
NA
NA
NA
NA
NA
NA
NA
NA
NA
NA
NA
NA
NA
NA
NA
NA
NA
NA
NA
NA
NA
NA
NA
NA
NA
NA
NA
NA
NA
NA
NA
NA
NA
NA
NA
NA
NA
NA
NA
NA
NA
NA
NA
NA
NA
NA
NA
NA
NA
NA
NA
NA
NA
NA
NA
NA
NA
NA
NA
NA
NA
NA
NA
NA
NA
NA
NA
NA
NA
NA
NA
NA
NA
NA
NA
NA
NA
NA
NA
NA
NA
NA
NA
NA
NA
NA
NA
NA
NA
NA
NA
NA
NA
NA
NA
NA
NA
NA
NA
NA
NA
NA
NA
NA
NA
NA
NA
NA
NA
NA
NA
NA
NA
NA
NA
NA
NA
NA
NA
NA
NA
NA
NA
NA
NA
NA
NA
NA
NA
NA
NA
NA
NA
NA
NA
NA
NA
NA
NA
NA
NA
NA
NA
NA
NA
NA
NA
NA
NA
NA
NA
NA
NA
NA
NA
NA
NA
NA
NA
NA
NA
NA
NA
NA
NA
NA
NA
NA
NA
NA
NA
NA
NA
NA
NA
NA
NA
NA
NA
NA
NA
NA
NA
NA
NA
NA
NA
NA
NA
NA
NA
NA
NA
NA
NA
NA
NA
NA
NA
NA
NA
NA
NA
NA
NA
NA
NA
NA
NA
NA
NA
NA
NA
NA
NA
NA
NA
NA
NA
NA
NA
NA
NA
NA
NA
NA
NA
NA
NA
NA
NA
NA
NA
NA
NA
NA
NA
NA
NA
NA
NA
NA
NA
NA
NA
NA
NA
NA
NA
NA
NA
NA
NA
NA
NA
NA
NA
NA
NA
NA
NA
NA
NA
NA
NA
NA
NA
NA
NA
NA
NA
NA
NA
NA
NA
NA
NA
NA
NA
NA
NA
NA
NA
NA
NA
NA
NA
NA
NA
NA
NA
NA
NA
NA
NA
NA
NA
NA
NA
NA
NA
NA
NA
NA
NA
NA
NA
NA
NA
NA
NA
NA
NA
NA
NA
NA
NA
NA
NA
NA
NA
NA
NA
NA
NA
NA
NA
NA
NA
NA
NA
NA
NA
NA
NA
NA
NA
NA
NA
NA
NA
NA
NA
NA
NA
NA
NA
NA
NA
NA
NA
NA
NA
NA
NA
NA
NA
NA
NA
NA
NA
NA
NA
NA
NA
NA
NA
NA
NA
NA
NA
NA
NA
NA
NA
NA
NA
NA
NA
NA
NA
NA
NA
NA
NA
NA
NA
NA
NA
NA
NA
NA
NA
NA
NA
NA
NA
NA
NA
NA
NA
NA
NA
NA
NA
NA
NA
NA
NA
NA
NA
NA
NA
NA
NA
NA
NA
NA
NA
NA
NA
NA
NA
NA
NA
NA
NA
NA
NA
NA
NA
NA
NA
NA
NA
NA
NA
NA
NA
NA
NA
NA
NA
NA
NA
NA
NA
NA
NA
NA
NA
NA
NA
NA
NA
NA
NA
NA
NA
NA
NA
NA
NA
NA
NA
NA
NA
NA
NA
NA
NA
NA
NA
NA
NA
NA
NA
NA
NA
NA
NA
NA
NA
NA
NA
NA
NA
NA
NA
NA
NA
NA
NA
NA
NA
NA
NA
NA
NA
NA
NA
NA
NA
NA
NA
NA
NA
NA
NA
NA
NA
NA
NA
NA
NA
NA
NA
NA
NA
NA
NA
NA
NA
NA
NA
NA
NA
NA
NA
NA
NA
NA
NA
NA
NA
NA
NA
NA
NA
NA
NA
NA
NA
NA
NA
NA
NA
NA
NA
NA
NA
NA
NA
NA
NA
NA
NA
NA
NA
NA
NA
NA
NA
NA
NA
NA
NA
NA
NA
NA
NA
NA
NA
NA
NA
NA
NA
NA
NA
NA
NA
NA
NA
NA
NA
NA
NA
NA
NA
NA
NA
NA
NA
NA
NA
NA
NA
NA
NA
NA
NA
NA
NA
NA
NA
NA
NA
NA
NA
NA
NA
NA
NA
NA
NA
NA
NA
NA
NA
NA
NA
NA
NA
NA
NA
NA
NA
NA
NA
NA
NA
NA
NA
NA
NA
NA
NA
NA
NA
NA
NA
NA
NA
NA
NA
NA
NA
NA
NA
NA
NA
NA
NA
NA
NA
NA
NA
NA
NA
NA
NA
NA
NA
NA
NA
NA
NA
NA
NA
NA
NA
NA
NA
NA
NA
NA
NA
NA
NA
NA
NA
NA
NA
NA
NA
NA
NA
NA
NA
NA
NA
NA
NA
NA
NA
NA
NA
NA
NA
NA
NA
NA
NA
NA
NA
NA
NA
NA
NA
NA
NA
NA
NA
NA
NA
NA
NA
NA
NA
NA
NA
NA
NA
NA
NA
NA
NA
NA
NA
NA
NA
NA
NA
NA
NA
NA
NA
NA
NA
NA
NA
NA
NA
NA
NA
NA
NA
NA
NA
NA
NA
NA
NA
NA
NA
NA
NA
NA
NA
NA
NA
NA
NA
NA
NA
NA
NA
NA
NA
NA
NA
NA
NA
NA
NA
NA
NA
NA
NA
NA
NA
NA
NA
NA
NA
NA
NA
NA
NA
NA
NA
NA
NA
NA
NA
NA
NA
NA
NA
NA
NA
NA
NA
NA
NA
NA
NA
NA
NA
NA
NA
NA
NA
NA
NA
NA
NA
NA
NA
NA
NA
NA
NA
NA
NA
NA
NA
NA
NA
NA
NA
NA
NA
NA
NA
NA
NA
NA
NA
NA
NA
NA
NA
NA
NA
NA
NA
NA
NA
NA
NA
NA
NA
NA
NA
NA
NA
NA
NA
NA
NA
NA
NA
NA
NA
NA
NA
NA
NA
NA
NA
NA
NA
NA
NA
NA
NA
NA
NA
NA
NA
NA
NA
NA
NA
NA
NA
NA
NA
NA
NA
NA
NA
NA
NA
NA
NA
NA
NA
NA
NA
NA
NA
NA
NA
NA
NA
NA
NA
NA
NA
NA
NA
NA
NA
NA
NA
NA
NA
NA
NA
NA
NA
NA
NA
NA
NA
NA
NA
NA
NA
NA
NA
NA
NA
NA
NA
NA
NA
NA
NA
NA
NA
NA
NA
NA
NA
NA
NA
NA
NA
NA
NA
NA
NA
NA
NA
NA
NA
NA
NA
NA
NA
NA
NA
NA
NA
NA
NA
NA
NA
NA
NA
NA
NA
NA
NA
NA
NA
NA
NA
NA
NA
NA
NA
NA
NA
NA
NA
NA
NA
NA
NA
NA
NA
NA
NA
NA
NA
NA
NA
NA
NA
NA
NA
NA
NA
NA
NA
NA
NA
NA
NA
NA
NA
NA
NA
NA
NA
NA
NA
NA
NA
NA
NA
NA
NA
NA
NA
NA
NA
NA
NA
NA
NA
NA
NA
NA
NA
NA
NA
NA
NA
NA
NA
NA
NA
NA
NA
NA
NA
NA
NA
NA
NA
NA
NA
NA
NA
NA
NA
NA
NA
NA
NA
NA
NA
NA
NA
NA
NA
NA
NA
NA
NA
NA
NA
NA
NA
NA
NA
NA
NA
NA
NA
NA
NA
NA
NA
NA
NA
NA
NA
NA
NA
NA
NA
NA
NA
NA
NA
NA
NA
NA
NA
NA
NA
NA
NA
NA
NA
NA
NA
NA
NA
NA
NA
NA
NA
NA
NA
NA
NA
NA
NA
NA
NA
NA
NA
NA
NA
NA
NA
NA
NA
NA
NA
NA
NA
NA
NA
NA
NA
NA
NA
NA
NA
NA
NA
NA
NA
NA
NA
NA
NA
NA
NA
NA
NA
NA
NA
NA
NA
NA
NA
NA
NA
NA
NA
NA
NA
NA
NA
NA
NA
NA
NA
NA
NA
NA
NA
NA
NA
NA
NA
NA
NA
NA
NA
NA
NA
NA
NA
NA
NA
NA
NA
NA
NA
NA
NA
NA
NA
NA
NA
NA
NA
NA
NA
NA
NA
NA
NA
NA
NA
NA
NA
NA
NA
NA
NA
NA
NA
NA
NA
NA
NA
NA
NA
NA
NA
NA
NA
NA
NA
NA
NA
NA
NA
NA
NA
NA
NA
NA
NA
NA
NA
NA
NA
NA
NA
NA
NA
NA
NA
NA
NA
NA
NA
NA
NA
NA
NA
NA
NA
NA
NA
NA
NA
NA
NA
NA
NA
NA
NA
NA
NA
NA
NA
NA
NA
NA
NA
NA
NA
NA
NA
NA
NA
NA
NA
NA
NA
NA
NA
NA
NA
NA
NA
NA
NA
NA
NA
NA
NA
NA
NA
NA
NA
NA
NA
NA
NA
NA
NA
NA
NA
NA
NA
NA
NA
NA
NA
NA
NA
NA
NA
NA
NA
NA
NA
NA
NA
NA
NA
NA
NA
NA
NA
NA
NA
NA
NA
NA
NA
NA
NA
NA
NA
NA
NA
NA
NA
NA
NA
NA
NA
NA
NA
NA
NA
NA
NA
NA
NA
NA
NA
NA
NA
NA
NA
NA
NA
NA
NA
NA
NA
NA
NA
NA
NA
NA
NA
NA
NA
NA
NA
NA
NA
NA
NA
NA
NA
NA
NA
NA
NA
NA
NA
NA
NA
NA
NA
NA
NA
NA
NA
NA
NA
NA
NA
NA
NA
NA
NA
NA
NA
NA
NA
NA
NA
NA
NA
NA
NA
NA
NA
NA
NA
NA
NA
NA
NA
NA
NA
NA
NA
NA
NA
NA
NA
NA
NA
NA
NA
NA
NA
NA
NA
NA
NA
NA
NA
NA
NA
NA
NA
NA
NA
NA
NA
NA
NA
NA
NA
NA
NA
NA
NA
NA
NA
NA
NA
NA
NA
NA
NA
NA
NA
NA
NA
NA
NA
NA
NA
NA
NA
NA
NA
NA
NA
NA
NA
NA
NA
NA
NA
NA
NA
NA
NA
NA
NA
NA
NA
NA
NA
NA
NA
NA
NA
NA
NA
NA
NA
NA
NA
NA
NA
NA
NA
NA
NA
NA
NA
NA
NA
NA
NA
NA
NA
NA
NA
NA
NA
NA
NA
NA
NA
NA
NA
NA
NA
NA
NA
NA
NA
NA
NA
NA
NA
NA
NA
NA
NA
NA
NA
NA
NA
NA
NA
NA
NA
NA
NA
NA
NA
NA
NA
NA
NA
NA
NA
NA
NA
NA
NA
NA
NA
NA
NA
NA
NA
NA
NA
NA
NA
NA
NA
NA
NA
NA
NA
NA
NA
NA
NA
NA
NA
NA
NA
NA
NA
NA
NA
NA
NA
NA
NA
NA
NA
NA
NA
NA
NA
NA
NA
NA
NA
NA
NA
NA
NA
NA
NA
NA
NA
NA
NA
NA
NA
NA
NA
NA
NA
NA
NA
NA
NA
NA
NA
NA
NA
NA
NA
NA
NA
NA
NA
NA
NA
NA
NA
NA
NA
NA
NA
NA
NA
NA
NA
NA
NA
NA
NA
NA
NA
NA
NA
NA
NA
NA
NA
NA
NA
NA
NA
NA
NA
NA
NA
NA
NA
NA
NA
NA
NA
NA
NA
NA
NA
NA
NA
NA
NA
NA
NA
NA
NA
NA
NA
NA
NA
NA
NA
NA
NA
NA
NA
NA
NA
NA
NA
NA
NA
NA
NA
NA
NA
NA
NA
NA
NA
NA
NA
NA
NA
NA
NA
NA
NA
NA
NA
NA
NA
NA
NA
NA
NA
NA
NA
NA
NA
NA
NA
NA
NA
NA
NA
NA
NA
NA
NA
NA
NA
NA
NA
NA
NA
NA
NA
NA
NA
NA
NA
NA
NA
NA
NA
NA
NA
NA
NA
NA
NA
NA
NA
NA
NA
NA
NA
NA
NA
NA
NA
NA
NA
NA
NA
NA
NA
NA
NA
NA
NA
NA
NA
NA
NA
NA
NA
NA
NA
NA
NA
NA
NA
NA
NA
NA
NA
NA
NA
NA
NA
NA
NA
NA
NA
NA
NA
NA
NA
NA
NA
NA
NA
NA
NA
NA
NA
NA
NA
NA
NA
NA
NA
0.845
0.3797
0.4755
0.3439
0.5
0.4551
0.4571
0.5105
0.3062
0.2796
0.2866
0.4222
0.3182
0.2318
0.226
0.3007
0.1944
0.4194
0.2994
0.1879
0.5214
0.2209
0.2562
0.4136
0.3036
0.4106
0.3087
0.3289
0.36
0.2709
0.3571
0.3688
0.2819
0.3176
0.3648
0.3
0.415
0.3929
0.301
0.4574
0.3439
0.2949
0.4533
0.2798
0.376
0.7431
0.2727
0.3785
0.4094
0.4797
0.3922
0.3256
0.3333
0.2671
0.3989
0.3636
0.3841
0.2614
0.3873
0.6267
0.425
0.3567
0.2948
0.1899
0.3459
0.4577
0.5
0.2745
0.4379
0.478
0.2013
0.1648
0.5294
0.3149
0.6911
0.23
0.2595
0.4906
0.3636
0.2901
0.5973
0.3408
0.2907
0.4326
0.3107
0.4493
0.3333
0.3487
0.569
0.4071
0.5
0.5032
0.3397
0.42
0.3511
0.5068
0.4468
0.4207
0.407
0.5109
0.7073
0.2606
0.2077
0.4276
0.3918
0.2146
0.2596
0.1714
0.2077
0.365
0.3062
0.451
0.458
0.5225
0.3571
0.4103
0.3723
0.256
0.4266
0.4663
0.4085
0.3444
0.3793
0.2568
0.2515
0.3284
0.4586
0.4277
0.5159
0.5145
0.5794
0.1585
0.3654
0.3168
0.9643
0.5139
0.5203
0.6825
0.262
0.3631
0.3642
0.2652
0.5291
0.3354
0.3741
0.4846
0.4315
0.381
0.4507
0.2573
0.4094
0.4675
0.2866
0.2706
0.4783
0.5625
0.4383
0.2756
0.6268
0.4178
0.5068
0.2343
0.2644
0.2911
0.475
0.3526
0.3355
0.3375
0.26
0.2654
0.3315
0.4348
0.3714
0.6769
0.3294
0.2971
0.4714
0.4968
0.2885
0.3293
0.3875
0.2
0.327
0.4741
0.3506
0.4928
0.6154
0.3356
0.3416
0.303
0.4242
0.2805
0.2531
0.4277
0.4733
0.592
0.1744
0.3497
0.4656
0.4424
0.4551
0.6639
0.518
0.592
0.3289
0.3626
0.2879
0.2993
0.2316
0.2978
0.2921
0.6241
0.5929
0.4431
0.3812
0.472
0.4606
0.2742
0.3374
0.3333
0.2692
0.4625
0.3294
0.7343
0.3233
0.277
0.246
0.3211
0.0959
0.303
0.4414
0.4653
0.3796
0.2462
0.2065
0.4379
0.4247
0.3184
0.5355
0.4392
0.4493
0.4727
0.3533
0.235
0.2727
0.3279
0.2914
0.2553
0.4638
0.4088
0.4275
0.2458
0.5496
0.2645
0.246
0.2337
0.6806
0.1878
0.5399
0.5105
0.3987
0.3125
0.4583
0.4143
0.4859
0.5191
0.5581
0.5035
0.3459
0.2368
0.38
0.3013
0.3547
0.5182
0.2695
0.2892
0.4459
0.3882
0.3121
0.2591
0.217
0.4143
0.6179
0.5128
0.5484
0.6822
0.2785
0.4924
0.4362
0.4113
0.4417
0.2663
0.5179
0.3758
0.3333
0.2899
0.3618
0.2842
0.4416
0.2115
0.5123
0.2545
0.2733
0.3961
0.3987
0.3212
0.3741
0.2461
0.2822
0.4286
0.3205
0.5608
0.4475
0.5474
0.2525
0.4539
0.4518
0.4963
0.25
0.4122
0.506
0.3767
0.4185
0.5352
0.4099
0.3727
0.4167
0.4438
0.4083
0.5207
0.3429
0.3382
0.553
0.4929
0.4224
0.4966
0.4188
0.2429
0.2189
0.15
0.2667
0.2557
0.7021
0.2628
0.9919
0.46
0.3741
0.2346
0.2663
0.3878
0.2767
0.3395
0.377
0.2604
0.6621
0.3295
0.4481
0.4265
0.2518
0.4467
0.4422
0.2705
0.6
0.4571
0.3899
0.3289
0.4726
0.4516
0.4518
0.3313
0.5649
0.2986
0.2745
0.2595
0.375
0.2993
0.3188
0.4789
0.3077
0.3537
0.3673
0.2545
0.3087
0.3931
0.1702
0.375
0.5147
0.3636
0.4106
0.4062
0.2528
0.2021
0.6045
0.5137
0.457
0.3514
0.3143
0.5676
0.4103
0.4714
0.3333
0.375
0.4551
0.2384
0.3765
0.3282
0.3766
0.2911
0.3311
0.4795
0.1939
0.2985
0.5443
0.4853
0.3831
0.4012
0.3856
0.2931
0.3488
0.3179
0.2251
0.5379
0.3046
0.2434
0.5093
0.3385
0.2753
0.5
0.3941
0.4681
0.3274
0.5093
0.1964
0.4213
0.2147
0.3533
0.4658
0.6371
0.2897
0.3964
0.4194
0.194
0.3092
0.4578
0.3171
0.35
0.4118
0.3314
0.3899
0.2896
0.3148
0.2349
0.2857
0.4276
0.349
0.3882
0.4
0.2938
0.3714
0.3101
0.3006
0.4465
0.292
0.2921
0.4085
0.2658
0.5
0.3472
0.5315
0.3353
0.2841
0.28
0.6644
0.5034
0.3511
0.2759
0.3286
0.3245
0.5116
0.5469
0.3786
0.3786
0.5743
0.455
0.3254
0.5077
0.5234
0.3373
0.359
0.3086
0.34
0.4472
0.2994
0.3625
0.3657
0.4483
0.3254
0.4848
0.4722
0.3568
0.2733
0.1828
0.3455
0.2486
0.3636
0.269
0.5441
0.2312
0.3216
0.5714
0.3272
0.2217
0.493
0.4774
0.1987
0.5455
0.4848
0.2349
0.1826
0.3391
0.5625
0.3616
0.5143
0.3493
0.3522
0.3158
0.4177
0.5874
0.5071
0.2516
0.4583
0.5232
0.5039
0.4226
0.3354
0.3151
0.4545
0.5806
0.4972
0.6066
0.4054
0.2359
0.3987
0.6415
0.4717
0.3788
0.3688
0.4538
0.5878
0.2321
0.3453
0.4295
0.3295
0.2848
0.6016
0.4276
0.4183
0.1875
0.5357
0.3134
0.3902
0.487
0.46
0.2716
0.4529
0.3237
0.4733
0.209
0.2595
0.4079
0.2579
0.3677
0.3862
0.1987
0.2655
0.5147
0.5175
0.7255
0.3316
0.3973
0.5252
0.4895
0.5571
0.6484
0.3793
0.3699
0.2486
0.5391
0.3158
0.6323
0.3179
0.4481
0.3722
0.596
0.2151
0.3988
0.3562
0.4328
0.6536
0.3165
0.4921
0.3782
0.3439
0.404
0.4626
0.2825
0.5241
0.3693
0.5248
0.2541
0.2849
0.4452
0.4733
0.3125
0.5597
0.2531
0.4118
0.3963
0.3476
0.5986
0.4375
0.3397
0.4
0.4345
0.4045
0.5234
0.7302
0.3077
0.3017
0.1688
0.4417
0.2568
0.1988
0.4581
0.3503
0.4323
0.434
0.5337
0.2628
0.5333
0.6267
0.6438
0.3659
0.4128
0.4509
0.5333
0.6452
0.2474
0.3557
0.306
0.4145
0.4279
0.2339
0.3617
0.4497
0.3765
0.4577
0.2651
0.3401
0.3782
0.4459
0.4082
0.4533
0.4634
0.5145
0.5139
0.6259
0.4307
0.2316
0.4675
0.4832
0.5108
0.8385
0.1429
0.2125
0.3503
0.3373
0.4222
0.2699
0.3355
0.4729
0.3693
0.3494
0.3708
0.5349
0.35
0.2907
0.3831
0.32
0.4792
0.2471
0.36
0.407
0.2775
0.4405
0.4476
0.4375
0.4599
0.2707
0.2671
0.2254
0.2346
0.0694
0.285
0.2778
0.3882
0.5845
0.3776
0.5108
0.2899
0.625
0.4659
0.4904
0.3293
0.2203
0.3152
0.6667
0.2469
0.2912
0.5227
0.3621
0.3143
0.547
0.5315
0.4785
0.4194
0.3082
0.4126
0.5695
0.4189
0.2089
0.4702
0.2353
0.4069
0.3551
0.2245
0.2921
0.4907
0.2994
0.5172
0.2675
0.5597
0.4895
0.3103
0.5513
0.3533
0.5703
0.3125
0.5109
0.355
0.6786
0.4694
0.4878
0.8731
0.3743
0.1395
0.4969
0.3289
0.4769
0.2557
0.4238
0.6172
0.3405
0.366
0.3782
0.4832
0.338
0.2575
0.5696
0.3778
0.36
0.2849
0.2883
0.4157
0.4091
0.5373
0.7586
0.3292
0.3081
0.4026
0.3861
0.2737
0.2164
0.4713
0.3547
0.2638
0.4207
0.283
0.5933
0.6049
0.4808
0.2908
0.3846
0.2768
0.3068
0.5822
0.2357
0.1562
0.6
0.4278
0.3642
0.4538
0.2749
0.2963
0.3825
0.4902
0.2346
0.4229
0.3722
0.2892
0.4968
0.2222
0.325
0.2712
0.3515
0.2638
0.2679
0.2535
0.4357
0.3032
0.3623
0.5226
0.4521
0.4437
0.4345
0.5302
0.2439
0.2597
0.7185
0.3214
0.232
0.4323
0.2528
0.5369
0.5333
0.3333
0.35
0.5127
0.4353
0.5693
0.3198
0.2025
0.281
0.3588
0.4932
0.5484
0.3191
0.404
0.3
0.2542
0.2264
0.3514
0.5655
0.5448
0.3562
0.2236
0.3067
0.3333
0.3764
0.4028
0.4013
0.2557
0.4452
0.4307
0.5038
0.4103
0.2658
0.2865
0.4692
0.3905
0.3898
0.2186
0.3827
0.3487
0.2054
0.4465
0.2051
0.8672
0.4371
0.2674
0.2547
0.4422
0.3094
0.3438
0.5096
0.4345
0.5241
0.2881
0.3711
0.2515
0.497
0.4229
0.2938
0.2288
0.3575
0.306
0.1823
0.1796
0.2886
0.2222
0.3904
0.443
0.3376
0.3252
0.3141
0.4452
0.2349
0.5068
0.2138
0.3161
0.3609
0.3406
0.5906
0.3243
0.5915
0.2757
0.6529
0.5605
0.3028
0.125
0.3481
0.2012
0.3167
0.469
0.3642
0.6449
0.383
0.227
0.3735
0.2303
0.4557
0.4
0.3161
0.2515
0.3673
0.3132
0.3687
0.2924
0.358
0.2115
0.4
0.3333
0.2835
0.3385
0.3727
0.2982
0.1493
0.2727
0.4097
0.3354
0.3242
0.2849
0.1634
0.3099
0.2393
0.3333
0.5779
0.4775
0.3333
0.3804
0.2581
0.3202
0.4118
0.6222
0.396
0.4379
0.4286
0.2914
0.2254
0.3419
0.2637
0.3931
0.4891
0.3256
0.5528
0.3831
0.471
0.4527
0.5
0.4151
0.4286
0.474
0.5349
0.3262
0.2875
0.3478
0.4238
0.4183
0.5098
0.5455
0.4286
0.3469
0.4459
0.4847
0.1902
0.2659
0.3855
0.4959
0.4902
0.3673
0.5802
0.2138
0.3636
0.2698
0.4408
0.3462
0.3143
0.3958
0.2875
0.2258
0.1951
0.3407
0.3052
0.1722
0.1644
0.2632
0.1722
0.4516
0.2695
0.1524
0.5571
0.1902
0.1543
0.3642
0.0385
0.2697
0.0542
0.3113
0.2278
0.2562
0.3429
0.2688
0.1948
0.28
0.283
0.2688
0.3243
0.2695
0.1859
0.4109
0.2675
0.25
0.3467
0.256
0.416
0.0757
0.1879
0.2825
0.2484
0.3333
0.375
0.2558
0.142
0.1366
0.3596
0.2847
0.351
0.1932
0.3099
0.5467
0.3374
0.3509
0.1534
0.1013
0.2595
0.2958
0.4797
0.2353
0.2675
0.4214
0.1429
0.1593
0.4444
0.3389
0.6098
0.1643
0.2025
0.2938
0.2342
0.1548
0.044
0.2514
0.2139
0.383
0.2147
0.5344
0.268
0.2449
0.2826
0.3286
0.3986
0.3961
0.3101
0.4133
0.2804
0.4726
0.3121
0.3313
0.3065
0.292
0.5565
0.1458
0.1639
0.4145
0.3144
0.1359
0.2019
0.1761
0.1475
0.2429
0.2562
0.3791
0.4962
0.3722
0.2798
0.1341
0.3431
0.1538
0.4406
0.3865
0.0588
0.3046
0.2877
0.1959
0.122
0.3134
0.3684
0.3899
0.3544
0.4451
0.5317
0.1215
0.2692
0.2236
1.0179
0.0235
0.0272
0.6825
0.234
0.3017
0.2583
0.2265
0.3895
0.2667
0.2857
0.303
0.0476
0.2601
0.0659
0.1503
0.1854
0.3896
0.2866
0.2824
0.3623
0.3862
0.3576
0.2283
0.5211
0.4315
0.4795
0.1771
0.2241
0.1899
0.3975
0.2989
0.2452
0.3062
0.2215
0.1852
0.2472
0.3357
0.0103
0.6231
0.2294
0.2286
0.3786
0.4065
0.2038
0.2814
0.3846
0.1494
0.0286
0.3778
0.2792
0.3217
0.422
0.3087
0.3043
0.2111
0.2717
0.3232
0.2963
0.4151
0.0385
0.624
0.2164
0.2883
0.3333
0.303
0.4231
0.6303
0.3191
0.4921
0.2848
0.3388
0.1176
0.2483
0.1629
0.2191
0.2346
0.4752
0.4786
0.3952
0.3188
0.424
0.4424
0.0341
0.2638
0.2628
0.2778
0.2189
0.2176
0.6503
0.2164
0.2282
0.2246
0.267
0.3358
0.2667
0.3931
0.539
0.3869
0.2103
0.1676
0.3743
0.3624
0.2849
0.4367
0.3243
0.365
0.4545
0.3036
0.1344
0.2143
0.2204
0.2286
0.2021
0.413
0.2183
0.3696
0.2514
0.3897
0.0223
0.1765
0.163
0.5347
0.116
0.5092
0.3862
0.2531
0.25
0.4
0.2847
0.2708
0.4198
0.3864
0.4468
0.0389
0.2763
0.2933
0.2229
0.3023
0.4307
0.1716
0.2353
0.3581
0.3553
0.0158
0.2448
0.2075
0.2517
0.4444
0.4679
0.4129
0.0242
0.2595
0.4242
0.1635
0.3262
0.3436
0.1941
0.5298
0.2609
0.2484
0.1824
0.2368
0.2022
0.3442
0.1603
0.4259
0.2
0.2267
0.3117
0.3861
0.2303
0.2993
0.2251
0.2331
0.3587
0.239
0.3919
0.453
0.529
0.2424
0.3399
0.2994
0.2571
0.2188
0.3969
0.3855
0.4056
0.0246
0.5493
0.2654
0.323
0.2431
0.3669
0.3787
0.264
0.0318
0.3284
0.0556
0.3241
0.3913
0.4345
0.3375
0.1966
0.2899
0.1556
0.0457
0.2102
0.539
0.2436
0.878
0.4527
0.3673
0.1676
0.284
0.4422
0.2704
0.2469
0.2408
0.2544
0.6294
0.2601
0.4416
0.383
0.1799
0.4467
0.4286
0.2271
0.0393
0.224
0.3208
0.3421
0.3904
0.3871
0.3494
0.247
0.4675
0.2448
0.2745
0.2075
0.375
0.3103
0.3057
0.0438
0.3791
0.2517
0.2721
0.1636
0.302
0.3562
0.1
0.3043
0.365
0.051
0.3974
0.3478
0.2135
0.1436
0.4851
0.2632
0.4079
0.2568
0.1429
0.4189
0.3121
0.3571
0.2545
0.2847
0.4101
0.3067
0.0417
0.3462
0.2857
0.2342
0.223
0.3581
0.2121
0.2488
0.434
0.4412
0.3182
0.3272
0.2941
0.2184
0.314
0.3372
0.1571
0.3383
0.2208
0.2063
0.3193
0.3077
0.309
0.3267
0.3529
0.2837
0.2047
0.3394
0.1845
0.2692
0.1629
0.2663
0.0405
0.4597
0.1931
0.3432
0.2766
0.209
0.2961
0.3373
0.2805
0.2889
0.2832
0.1629
0.2956
0.2162
0.2716
0.2048
0.2209
0.3701
0.2914
0.3487
0.2965
0.1547
0.2841
0.2994
0.2081
0.3836
0.3139
0.1854
0.2515
0.2278
0.3796
0.0461
0.4965
0.1899
0.2557
0.2467
0.5533
0.3691
0.3351
0.163
0.2071
0.2318
0.3953
0.4609
0.3214
0.0191
0.4932
0.3651
0.2781
0.3893
0.6694
0.244
0.2692
0.24
0.32
0.3354
0.2429
0.0324
0.3284
0.3931
0.3195
0.3636
0.2973
0.2703
0.1506
0.1559
0.2667
0.2324
0.253
0.1088
0.3942
0.1908
0.2456
0.3399
0.2711
0.2075
0.2945
0.2581
0.1401
0.5035
0.306
0.2831
0.1507
0.2816
0.4297
0.339
0.5029
0.0692
0.3396
0.2139
0.3354
0.4476
0.4357
0.2258
0.3378
0.4967
0.3488
0.2663
0.2785
0.3219
0.3766
0.4252
0.4413
0.5492
0.4392
0.201
0.3481
0.2635
0.4528
0.3333
0.3
0.4231
0.4015
0.1429
0.3066
0.3595
0.2386
0.2469
0.5041
0.2403
0.3856
0.1406
0.4097
0.2537
0.2771
0.0455
0.36
0.2531
0.3118
0.1371
0.4667
0.1281
0.2785
0.3226
0.25
0.2839
0.1867
0.0552
0.1751
0.3603
0.4336
0.5321
0.3265
0.3014
0.4071
0.3986
0.5429
0.5859
0.3176
0.2655
0.0406
0.4375
0.2281
0.4839
0.2632
0.451
0.2818
0.6026
0.1398
0.3095
0.3062
0.4403
0.5752
0.2911
0.0784
0.3462
0.3758
0.3642
0.3061
0.0258
0.4384
0.2727
0.3333
0.1319
0.1977
0.32
0.3359
0.2443
0.0632
0.2469
0.4118
0.3415
0.2866
0.5211
0.3241
0.3141
0.3312
0.369
0.3146
0.4219
0.6349
0.2912
0.2971
0.1364
0.2989
0.1913
0.1976
0.3871
0.2866
0.2372
0.3962
0.454
0.2308
0.3388
0.2642
0.5205
0.2151
0.3372
0.1474
0.5
0.504
0.2158
0.3154
0.2703
0.3421
0.3483
0.2047
0.3191
0.349
0.2659
0.4276
0.241
0.2925
0.3397
0.3767
0.3061
0.3667
0.3697
0.3525
0.3767
0.5252
0.4088
0.1638
0.3432
0.3289
0.2671
0.7077
0.1029
0.2
0.3121
0.253
0.4
0.2393
0.3026
0.4419
0.3011
0.2651
0.3051
0.392
0.2733
0.2442
0.3442
0.3133
0.3793
0.0266
0.2733
0.3721
0.1719
0.3333
0.0377
0.0349
0.3942
0.2873
0.227
0.1591
0.2169
0.2538
0.1888
0.2044
0.3421
0.5175
0.2027
0.4571
0.2012
0.4922
0.3466
0.4204
0.0108
0.1525
0.2711
0.4025
0.2099
0.2637
0.3955
0.3046
0.2229
0.4274
0.3179
0.3558
0.329
0.3924
0.4681
0.351
0.3377
0.1329
0.3312
0.0328
0.3517
0.3406
0.1582
0.2235
0.2753
0.1698
0.3379
0.1911
0.4403
0.3217
0.2743
0.4038
0.2663
0.3209
0.1728
0.438
0.2959
0.45
0.3605
0.378
0.8209
0.03
0.0988
0.3235
0.2303
0.2932
0.2386
0.2453
0.4538
0.3243
0.0333
0.2885
0.3618
0.0452
0.1726
0.2893
0.3926
0.2384
0.2246
0.1092
0.2907
0.2424
0.3111
0.5214
0.1914
0.3605
0.3247
0.2683
0.232
0.1696
0.4331
0.3372
0.2174
0.2318
0.2037
0.44
0.5432
0.4038
0.2553
0.3141
0.1921
0.2599
0.5
0.2143
0.0848
0.5571
0.3889
0.2229
0.2769
0.0598
0.1975
0.3889
0.451
0.1732
0.3988
0.0337
0.2169
0.2716
0.1746
0.2062
0.1808
0.2339
0.1706
0.0497
0.162
0.3191
0.2645
0.0131
0.4645
0.3356
0.2961
0.2759
0.2338
0.1646
0.2516
0.4366
0.2296
0.1768
0.3013
0.2303
0.375
0.4
0.2438
0.022
0.3544
0.3412
0.471
0.25
0.135
0.2222
0.2222
0.3973
0.3254
0.2624
0.3576
0.3294
0.226
0.1761
0.2703
0.4069
0.437
0.2105
0.1166
0.3129
0.2867
0.3989
0.3264
0.2075
0.267
0.4452
0.4015
0.3431
0.2949
0.1688
0.2032
0.3383
0.3567
0.3051
0.1585
0.2468
0.2697
0.1568
0.3312
0.1385
0.7891
0.404
0.0538
0.1975
0.0465
0.2597
0.3188
0.3812
0.302
0.5034
0.2655
0.2303
0.2105
0.355
0.3943
0.226
0.1111
0.2626
0.3077
0.0192
0.1796
0.2483
0.1871
0.3493
0.0552
0.293
0.2688
0.2968
0.3836
0.2108
0.3907
0.2278
0.2989
0.3118
0.2899
0.4724
0.2819
0.4648
0.1916
0.5647
0.5641
0.3028
0.0909
0.2873
0.1939
0.2667
0.4069
0.351
0.5942
0.2199
0.189
0.2426
0.1939
0.3038
0.3143
0.2774
0.1963
0.3537
0.2446
0.3017
0.185
0.4091
0.2323
0.3291
0.2089
0.2103
0.028
0.2857
0.2456
0.1194
0.1761
0.3448
0.2733
0.2143
0.2514
0.1895
0.2606
0.2073
0.3169
0.4459
0.3636
0.2585
0.2822
0.2304
0.1264
0.3355
0.5333
0.2953
0.3464
0.3786
0.2053
0.2601
0.3419
0.1484
0.2733
0.4745
0.2629
0.5031
0.3442
0.3896
0.2973
0.4085
0.3208
0.3214
0.0376
0.3953
0.3262
0.2562
0.2547
0.2876
0.0407
0.4183
0.4336
0.392
0.3014
0.3986
0.4172
0.1411
0.022
0.3855
0.5207
0.3725
0.2819
0.1266
0.2075
0.0311
0.2487
0.0163
0.4038
0.3143
0.0485
0.2531
0.0441
0.0056
0.0065
0.2597
0.1589
0.0195
0.1961
0.0308
0.4387
0.0323
0.1646
0.0539
0.0178
0.0118
0.043
0.0275
0.0599
0.0482
0.1875
0.0306
0.0352
0.0314
0.033
0.0599
0.0241
0.2767
0.0393
0.277
0.0759
0.0283
0.3566
0.2739
0.0482
0.0294
0.044
0.0556
0.0486
0.1939
0.2825
0.0457
0.3133
0.0173
0.0267
0.0165
0.0407
0.0244
0.0366
0.012
0.0526
0.0127
0.0056
0.0217
0.0957
0.1695
0.0181
0.0495
0.0458
0.1576
0.0357
0.0234
0.3727
0.0435
0.0564
0.0508
0.0099
0.0608
0.0264
0.0296
0.0328
0.0291
0.1548
0.033
0.0357
0.0106
0.3333
0.1899
0.5573
0.0359
0.0229
0.0098
0.2414
0.0497
0.0164
0.0343
0.04
0.0338
0.023
0.0839
0.0214
0.0442
0.0728
0.5645
0.0151
0.125
0.0872
0.0457
0.0514
0.2308
0.0108
0.0155
0.0327
0.2562
0.4052
0.0323
0.3389
0.2976
0.0651
0.0705
0.1598
0.3846
0.057
0.0428
0.0473
0.2671
0.0429
0.0526
0.2279
0.0323
0.0106
0.0489
0.0469
0.0196
0.1381
0.2179
0.0398
0.0364
0.0353
0.0489
0.6587
0.2139
0.0245
0.0059
0.221
0.3056
0.0331
0.0606
0.0519
0.0417
0.026
0.0479
0.0492
0.2533
0.0225
0.0331
0.0699
0.3043
0.0412
0.0521
0.0224
0.0287
0.0636
0.1509
0.0426
0.2356
0.2025
0.0165
0.0198
0.2258
0.3062
0.1946
0.0234
0.0406
0.3286
0.3488
0.0238
0.2412
0.0311
0.0309
0.3742
0.2051
0.0365
0.0291
0.1322
0.0171
0.0385
0.0412
0.0244
0.0184
0.0179
0.3168
0.2161
0.0415
0.05
0.05
0.3899
0.0449
0.0342
0.157
0.0273
0.0338
0.0421
0.0331
0.4874
0.0455
0.0272
0.3041
0.0094
0.0095
0.0637
0.191
0.2022
0.0415
0.0444
0.0351
0.1333
0.0225
0.424
0.0622
0.0341
0.0694
0.2885
0.2174
0.1988
0.0272
0.037
0.028
0.0355
0.0296
0.2513
0.0068
0.2242
0.0292
0.0414
0.365
0.0288
0.0452
0.0249
0.0529
0.2849
0.3374
0.0179
0.0676
0.3333
0.2619
0.1467
0.0488
0.0095
0.0428
0.1071
0.3696
0.1133
0.0494
0.0361
0.3529
0.0279
0.0306
0.03
0.4792
0.0265
0.0256
0.0476
0.0226
0.25
0.3929
0.2986
0.0727
0.4122
0.0196
0.024
0.0333
0.2171
0.2914
0.0296
0.0256
0.0861
0.1976
0.1961
0.3446
0.0455
0.0263
0.2021
0.1737
0.0323
0.0486
0.022
0.0376
0.0364
0.195
0.051
0.0539
0.3191
0.0383
0.2118
0.0302
0.0234
0.2549
0.0326
0.0237
0.0404
0.0947
0.141
0.0054
0.04
0.2267
0.3312
0.0615
0.2485
0.0294
0.2135
0.0278
0.0233
0.2327
0.4257
0.3481
0.0599
0.0279
0.4079
0.0207
0.0461
0.1979
0.3206
0.0398
0.0185
0.0542
0.0675
0.0111
0.3043
0.2207
0.3846
0.3491
0.264
0.0382
0.2836
0.0123
0.018
0.3354
0.3379
0.0272
0.0208
0.2485
0.0773
0.0171
0.0162
0.0284
0.0116
0.9024
0.3667
0.0409
0.0521
0.1734
0.0233
0.1006
0.2284
0.067
0.2189
0.4895
0.0471
0.0225
0.0375
0.034
0.0495
0.381
0.0181
0.0393
0.0204
0.327
0.2484
0.0292
0.0652
0.0312
0.027
0.011
0.0581
0.2484
0.0872
0.3155
0.05
0.2422
0.0312
0.3187
0.025
0.2838
0.0473
0.2081
0.3197
0.0404
0.0096
0.0519
0.03
0.0291
0.0656
0.0263
0.1543
0.4552
0.0636
0.04
0.0479
0.1374
0.0414
0.0167
0.0241
0.1758
0.0309
0.0193
0.2185
0.0469
0.3615
0.2792
0.2215
0.0373
0.0514
0.2061
0.0227
0.443
0.05
0.0385
0.0426
0.3137
0.0314
0.2907
0.0309
0.1832
0.0261
0.0422
0.1905
0.3133
0.0136
0.0305
0.0407
0.3824
0.0497
0.0549
0.0576
0.0221
0.1
0.1685
0.0378
0.0347
0.0537
0.0581
0.1648
0.25
0.0188
0.2566
0.3072
0.0163
0.0542
0.2849
0.0432
0.0562
0.0249
0.0109
0.2048
0.0057
0.3766
0
0.3487
0.3314
0.0209
0.02
0.0402
0.2081
0.3585
0.0065
0.0355
0.0316
0.0405
0.1019
0.0592
0.2614
0.0208
0.0206
0.2533
0.58
0.064
0.023
0.1848
0.0256
0.0429
0.0134
0.3969
0.0329
0.0446
0.5338
0.0276
0.0275
0.0199
0.0192
0.2289
0.2756
0.0105
0.3333
0.0337
0.0207
0.0486
0.0533
0.4
0.3432
0.3788
0.0235
0.2919
0.1325
0.0354
0.2909
0.029
0.0109
0.1361
0.4161
0.0216
0.2398
0.1078
0.0337
0.1934
0.0438
0.0422
0.1667
0.4276
0.0392
0.259
0.1872
0.0152
0.4141
0.0101
0.4915
0.0314
0.3396
0.0312
0.1047
0.0698
0.0245
0.0353
0.061
0.0595
0.0461
0.0684
0.0286
0.0126
0.3442
0.3937
0.3799
0.0654
0.3919
0.0287
0.0163
0.0159
0.0417
0.0327
0.1707
0.4231
0.0491
0.0278
0.2214
0.0276
0.016
0.1098
0.0544
0.2143
0.0511
0.0398
0.0407
0.2074
0.0324
0.0341
0.3867
0.0219
0.0355
0.0216
0.3019
0.0288
0.0226
0.3137
0.2611
0.2323
0.0189
0.061
0.0428
0.0258
0.0115
0.0206
0.0133
0.0123
0.3151
0.0291
0.4255
0.5
0.2252
0.2655
0.0457
0.4453
0.2573
0.0267
0.0595
0.064
0.0386
0.0333
0.1505
0.026
0.3312
0.3582
0.0573
0.0405
0.4524
0.044
0.3185
0.0674
0.0245
0.0412
0.023
0.0051
0.0633
0.0374
0.0269
0.2115
0.0338
0.0314
0.0316
0.2222
0.0324
0.0217
0.0278
0.0331
0.0562
0.0647
0.3043
0.0153
0.2978
0.4297
0.5969
0.0246
0.041
0.1299
0.0198
0.0597
0.0391
0.3871
0.2264
0.0289
0.022
0.016
0.0292
0.0423
0.0281
0.0333
0.1919
0.06
0.04
0.3775
0.0338
0.2211
0.0178
0.2703
0.3137
0.0391
0.2456
0.019
0.0571
0.082
0.0121
0.0282
0.0252
0.0578
0.0178
0.1266
0.1402
0.0215
0.0323
0.0183
0.5396
0.4161
0.0526
0.3432
0.0347
0.0723
0.7077
0.0331
0.175
0.0055
0.2651
0.3242
0.1317
0.0359
0.4806
0.2584
0.0497
0.0348
0.375
0.1488
0.2267
0.0511
0.0117
0.0391
0.2308
0.0476
0.3121
0.0197
0.0455
0.0314
0.0468
0.0545
0.0345
0.0278
0.1648
0.1914
0.2385
0.1888
0.0464
0.3158
0.4126
0.0323
0.0366
0.043
0.1533
0.358
0.3567
0.0378
0.0216
0.0632
0.0316
0.0229
0.2637
0.05
0.3046
0.1135
0.0211
0.0225
0.0314
0.0279
0.3101
0.0479
0.3576
0.3581
0.0485
0.3052
0.0328
0.3586
0.0588
0.1633
0.0308
0.2753
0.1824
0.3586
0.0542
0.0471
0.0124
0.0457
0.3974
0.0343
0.0654
0.0174
0.0485
0.0269
0.0351
0.381
0.0163
0.0412
0.035
0.0452
0.0699
0.0482
0.0449
0.0269
0.0606
0.5156
0.3081
0.0278
0.0175
0.3421
0.0645
0.0279
0.3208
0.3778
0.0181
0.1406
0.2182
0.2849
0.0563
0.2963
0.5172
0.0468
0.2849
0.3052
0.2485
0.0303
0.0273
0.0625
0.0667
0.0393
0.0244
0.0114
0.0604
0.0392
0.3846
0.0258
0.0169
0.0317
0.0412
0.1091
0.0658
0.0298
0.5571
0.019
0.2485
0.0464
0.1754
0.0287
0.08
0.4902
0.0579
0.2809
0.024
0.0055
0.3057
0.0305
0.2062
0.2147
0.2222
0.2699
0.0221
0.02
0.026
0.2645
0.0261
0.4323
0.0182
0.3709
0.0606
0.0281
0.1585
0.1935
0.0301
0.2245
0.1989
0.0877
0.0305
0.0452
0.2878
0.0909
0.044
0.2975
0.2147
0.0422
0.0108
0.0523
0.0549
0.0314
0.064
0.0552
0.2624
0.0169
0.0214
0.1977
0.1384
0.0488
0.0359
0.403
0.2039
0.0479
0.022
0.0422
0.3483
0.044
0.2075
0.2784
0.4129
0.4275
0.0318
0.0389
0.0287
0.0246
0.0506
0.0302
0.0246
0.0157
0.2654
0.3158
0.0155
0.2857
0.159
0.0292
0.4437
0.0376
0.0947
0.0407
0.075
0.3
0.0652
0.0675
0.5172
0.2768
0.2424
0.0552
0.0312
0.0244
0.0421
0.0503
0.2737
0.0394
0.1771
0.0289
0.0549
0.0432
0.1456
0.0442
0.1718
0.2515
0.2756
0.0559
0.1124
0.3841
0.1698
0.2528
0.0423
0.0933
0.5276
0.2349
0.04
0.2103
0.0326
0.0615
0.331
0.0222
0.0398
0.1566
0.3056
0.4345
0.3245
0.0337
0.0385
0.0343
0.0447
0.1867
0.2785
0.0438
0.242
0.04
0.0357
0.0291
0.0354
0.2151
0.025
0.0417
0.0452
0.0523
0.0189
0.0421
0.323
0.0266
0.0143
0.1818
0.0245
0.2609
0.0302
0.0258
0.018
0.2746
0.2025
0.0284
0.0374
0.1162
0.0359
0.0884
0.0215
0.0206
0.0291
0.5185
0.3087
0.0414
0.0244
0.2185
0.2299
0.3097
0.0103
0.3401
0.0124
0.2743
0.5093
0.0112
0.0278
0.3378
0.0366
0.0165
0.0321
0.0376
0.0194
0.2979
0.225
0.052
0.2614
0.3595
0.0108
0.0599
0.0388
0.0375
0.4054
0.016
0.0238
0.011
0.0108
0.0414
0.0287
0.012
