ncvFD_AFR	ncvFD_EUR	ncvFD_ASN	ncv_AFR	ncv_EUR	ncv_ASN	hka_AFR	hka_EUR	hka_ASN
0.4472	0.4482	0.4854	0.3469	0.3057	0.4455	0.6286	0.4571	0.3889
0.4078	0.4155	0.4042	0.3229	0.3491	0.2618	1.3478	1.5217	0.913
0.4234	0.4092	0.4467	0.3235	0.1918	0.3584	0.9474	0.6316	0.7105
0.4059	0.394	0.4866	0.3051	0.2249	0.472	1.1905	0.9048	0.9524
0.4622	0.4533	0.4818	0.3812	0.2682	0.4178	0.5333	0.3333	0.3111
0.3973	0.381	0.4576	0.299	0.2187	0.4234	1.3462	1.0769	1.3462
0.3934	0.3862	0.3958	0.2383	0.2053	0.2185	0.9714	0.9429	0.8571
0.4318	0.4148	0.465	0.3624	0.3232	0.4201	1.1515	1.1515	0.8485
0.4218	0.4133	0.4281	0.3173	0.2599	0.2882	0.9333	0.7667	0.6667
0.4079	0.3787	0.4398	0.2974	0.1921	0.3592	1.0732	1	0.878
0.42	0.4254	0.4845	0.2633	0.2198	0.4557	0.6875	0.5208	0.5625
0.4295	0.4155	0.4641	0.3358	0.2545	0.4087	0.913	0.7174	0.7174
0.43	0.4364	0.4926	0.3175	0.2867	0.4773	0.775	0.55	0.5
0.4124	0.4051	0.4513	0.2905	0.1688	0.3664	0.9333	0.6333	0.6667
0.4309	0.4305	0.4924	0.3366	0.2971	0.48	0.8889	0.6667	0.6222
0.3965	0.3977	0.4456	0.2649	0.2445	0.3584	1.0667	0.9333	0.7333
0.4289	0.411	0.4585	0.3605	0.2634	0.4089	1.2222	0.8148	0.9259
0.3398	0.3524	0.4003	0.2396	0.2531	0.3411	2.3182	2.0909	2.0455
0.4267	0.4114	0.4719	0.3255	0.2755	0.4287	0.8919	0.8649	0.7027
0.4177	0.4186	0.4991	0.3451	0.3308	0.49	1.3636	1.1364	0.1
0.4108	0.4153	0.4267	0.3104	0.2902	0.3108	1.1212	0.8788	0.7941
0.4199	0.423	0.4624	0.3495	0.3	0.4177	1.36	0.8	0.92
0.4262	0.41	0.4394	0.3366	0.2029	0.3411	1	0.6452	0.7419
0.3885	0.3673	0.4829	0.3092	0.2178	0.4683	1.7895	1.3158	1.2105
0.4513	0.4491	0.4972	0.358	0.3369	0.49	0.6129	0.5484	0.3871
0.3894	0.3941	0.4192	0.2093	0.2269	0.307	0.9118	0.9118	0.9118
0.4517	0.4488	0.4722	0.3473	0.2967	0.3998	0.551	0.4286	0.4286
0.4153	0.4008	0.475	0.3144	0.2824	0.4455	1.0526	1.1053	0.8947
0.3706	0.3927	0.4747	0.2184	0.2727	0.4513	1.2571	1.2	1.1429
0.4413	0.4411	0.4578	0.3254	0.2402	0.3556	0.6216	0.4054	0.4865
0.4139	0.4154	0.463	0.2998	0.249	0.3975	0.9667	0.7	0.6333
0.4125	0.4004	0.4913	0.3041	0.2658	0.482	1.027	1	0.9459
0.4629	0.4563	0.4896	0.3624	0.2996	0.4548	0.4314	0.3529	0.3137
0.4196	0.4251	0.4822	0.2845	0.3027	0.4543	0.7778	0.7778	0.6667
0.4267	0.4261	0.4836	0.3142	0.2785	0.4553	0.8158	0.6579	0.6053
0.4261	0.4208	0.4443	0.3201	0.2777	0.3301	0.8649	0.7297	0.5946
0.4154	0.4088	0.4895	0.257	0.1923	0.4704	0.7273	0.6364	0.5682
0.382	0.4027	0.4838	0.2513	0.2768	0.4679	1.2564	1.0256	1.0513
0.4336	0.4357	0.4831	0.3488	0.3299	0.4484	0.9355	0.7419	0.5161
0.3915	0.3924	0.413	0.2645	0.2468	0.3132	1.1613	1.0323	1.0968
0.4296	0.4305	0.4464	0.2727	0.2674	0.317	0.5946	0.5676	0.5135
0.3813	0.3873	0.4949	0.2493	0.25	0.49	1.2571	1.1429	1.0571
0.4577	0.4606	0.468	0.3558	0.3488	0.3607	0.4884	0.4186	0.3488
0.4316	0.4154	0.4445	0.3427	0.1948	0.3464	0.925	0.575	0.675
0.3859	0.4942	0.4321	0.2901	0.4679	0.3683	1.56	0.2286	1.24
0.4387	0.4313	0.4994	0.3506	0.3125	0.49	0.8276	0.7241	0.0588
0.4358	0.4187	0.4938	0.358	0.2177	0.4811	0.9722	0.5833	0.5
0.4243	0.4086	0.4792	0.3213	0.2498	0.4537	0.9118	0.7941	0.8529
0.3589	0.3494	0.4458	0.2291	0.1593	0.4048	1.5882	1.3235	1.4706
0.3639	0.3662	0.4795	0.2193	0.2019	0.4623	1.3939	1.2424	1.2424
0.431	0.4512	0.4863	0.3248	0.3523	0.4578	0.8	0.5833	0.5
0.4317	0.4002	0.4299	0.3714	0.1718	0.3359	1.3125	0.6875	0.9062
0.4241	0.4299	0.4787	0.2759	0.274	0.4452	0.6757	0.5946	0.6757
0.4635	0.4596	0.4731	0.3899	0.1611	0.3487	0.561	0.2093	0.2558
0.3212	0.3219	0.4121	0.1816	0.1789	0.3588	2.0909	2.0455	1.9545
0.4364	0.4239	0.4849	0.3332	0.28	0.4614	0.75	0.6944	0.6667
0.3998	0.3759	0.4333	0.2944	0.2062	0.3645	1.2333	1.1	1.1333
0.3848	0.3983	0.4985	0.23	0.2653	0.4704	1.0714	1.0357	0.0556
0.4325	0.4005	0.4957	0.355	0.2138	0.4896	1.0312	0.7812	0.7188
0.4119	0.3834	0.4036	0.3477	0.2096	0.2754	1.6471	1	1
0.4287	0.4203	0.4873	0.3102	0.2144	0.4647	0.7561	0.561	0.5854
0.4232	0.4129	0.4444	0.3143	0.1881	0.3136	0.8824	0.5882	0.5294
0.3891	0.3828	0.3816	0.2692	0.2425	0.2265	1.25	1.1786	1.1071
0.4532	0.4535	0.4674	0.3273	0.244	0.386	0.4545	0.303	0.4545
0.4253	0.4278	0.4682	0.2908	0.2714	0.4149	0.7174	0.6122	0.6522
0.4609	0.4536	0.4974	0.3541	0.2757	0.4885	0.4318	0.3409	0.2955
0.4348	0.4085	0.4749	0.3736	0.2789	0.443	1.2333	0.9333	0.8333
0.4293	0.428	0.4734	0.2857	0.2227	0.4235	0.64	0.5	0.58
0.4122	0.4045	0.4953	0.3113	0.2377	0.4892	1.0968	0.8065	0.7742
0.4287	0.4135	0.4938	0.3222	0.2511	0.4814	0.8293	0.7317	0.5116
0.4234	0.4169	0.4953	0.3434	0.2819	0.4895	1.1538	0.8077	0.8077
0.4092	0.4058	0.468	0.3013	0.2874	0.4362	1.0769	1.0385	1.0769
0.4215	0.419	0.4444	0.2511	0.2291	0.3326	0.6316	0.6053	0.6053
0.4713	0.4628	0.4994	0.3926	0.3047	0.49	0.4091	0.2955	0.0667
0.4154	0.4103	0.4947	0.2993	0.2455	0.4813	0.9333	0.7556	0.4038
0.4603	0.4597	0.4945	0.3746	0.3	0.4739	0.5319	0.3191	0.2766
0.3875	0.3985	0.4165	0.2484	0.2601	0.2996	1.1277	1	0.9149
0.4087	0.4114	0.4962	0.2996	0.3023	0.4748	1.0741	1.037	0.1842
0.4321	0.4242	0.4748	0.3405	0.2535	0.4255	0.8947	0.6053	0.5526
0.4604	0.4534	0.4994	0.3463	0.2439	0.49	0.413	0.3043	0.0588
0.4311	0.4316	0.4835	0.2808	0.2586	0.4461	0.6	0.5333	0.4667
0.4041	0.4022	0.4991	0.2577	0.205	0.4875	0.8947	0.7368	0.0755
0.4259	0.4064	0.4926	0.3358	0.2602	0.4834	1	0.871	0.8065
0.4513	0.4556	0.4954	0.3034	0.2878	0.4817	0.4151	0.3396	0.3396
0.4317	0.4396	0.4967	0.3096	0.3192	0.49	0.7027	0.6216	0.4865
0.3626	0.3283	0.4674	0.2798	0.1949	0.4483	2.2308	2.0385	1.8077
0.4274	0.4277	0.4938	0.3095	0.2575	0.4486	0.775	0.575	0.1458
0.3999	0.3999	0.4851	0.2584	0.2453	0.465	0.9677	0.9032	0.7742
0.4485	0.447	0.4875	0.3322	0.2784	0.4443	0.5385	0.4103	0.3077
0.4032	0.3781	0.426	0.2801	0.2001	0.3361	1.04	1.04	1
0.4051	0.3958	0.4963	0.2661	0.2436	0.4385	0.92	0.96	0.069
0.4297	0.4333	0.4774	0.267	0.2888	0.4395	0.5769	0.5962	0.6346
0.4307	0.426	0.4704	0.3105	0.2401	0.4247	0.7234	0.5532	0.7021
0.3854	0.3866	0.4941	0.2733	0.2138	0.4878	1.375	0.9688	0.9375
0.4346	0.4377	0.4978	0.3574	0.3504	0.4757	1	0.8485	0.1026
0.3946	0.3795	0.4955	0.2916	0.2226	0.4174	1.3333	1.1212	0.0625
0.4173	0.4064	0.4792	0.2658	0.2223	0.4463	0.7333	0.7333	0.6667
0.4466	0.4373	0.4901	0.3756	0.2959	0.4709	0.8667	0.5667	0.5333
0.4666	0.4653	0.4728	0.3795	0.3046	0.3344	0.4386	0.2712	0.2373
0.4439	0.4321	0.4535	0.363	0.2215	0.3385	0.8108	0.4595	0.4865
0.4338	0.4355	0.4421	0.3007	0.2921	0.19	0.6316	0.5789	0.3421
0.4042	0.3794	0.4255	0.2808	0.1795	0.3262	1.0256	0.9487	0.9231
0.4184	0.3981	0.3981	0.3365	0.2158	0.1649	1.2121	0.8182	0.697
0.3982	0.3922	0.4702	0.2827	0.2479	0.439	1.1633	1.0408	1.0204
0.4397	0.4231	0.4435	0.372	0.297	0.3453	1.0312	0.7812	0.6875
0.4116	0.419	0.4866	0.2071	0.233	0.46	0.6364	0.6136	0.5227
0.4362	0.4317	0.4618	0.3364	0.2253	0.3717	0.7755	0.4694	0.4898
0.4628	0.4944	0.4963	0.3777	0.4752	0.481	0.5	0.3	0.25
0.4147	0.4089	0.4848	0.2944	0.2816	0.4636	0.9143	0.9429	0.7429
0.4113	0.4048	0.4436	0.3114	0.2419	0.3515	1.1212	0.8182	0.7273
0.3904	0.3729	0.39	0.3014	0.2462	0.2707	1.5862	1.4138	1.2414
0.3823	0.3844	0.4841	0.2674	0.2526	0.4697	1.3913	1.2174	1.1304
0.4362	0.4123	0.4305	0.3555	0.2493	0.2916	0.9355	0.7419	0.6452
0.398	0.3839	0.4945	0.2785	0.1704	0.4887	1.1333	0.8667	0.9667
0.4539	0.4344	0.4762	0.3541	0.07	0.423	0.5455	0.3333	0.4848
0.3995	0.3916	0.4921	0.2948	0.238	0.484	1.2424	1	1
0.4071	0.3867	0.4939	0.323	0.199	0.4873	1.3714	0.9143	0.9429
0.3997	0.4005	0.499	0.2688	0.2329	0.4834	1.0312	0.8438	0.0652
0.4386	0.4358	0.4944	0.3043	0.2182	0.48	0.5778	0.4222	0.4
0.4715	0.4697	0.4771	0.3629	0.3431	0.3255	0.3061	0.2857	0.1837
0.3928	0.3895	0.415	0.2667	0.243	0.311	1.1515	1.0606	1.0303
0.3802	0.3609	0.4368	0.2531	0.1675	0.3764	1.3103	1.1724	1.2069
0.4099	0.3935	0.4801	0.2979	0.2122	0.4569	1.0333	0.8667	0.9
0.3949	0.3827	0.4898	0.2923	0.2365	0.4794	1.3333	1.1429	1
0.4438	0.4354	0.4897	0.3443	0.1825	0.4622	0.6774	0.3871	0.3871
0.3825	0.3903	0.4158	0.2543	0.2613	0.306	1.2703	1.1622	0.973
0.4287	0.4302	0.4994	0.2618	0.2408	0.49	0.5745	0.5106	0.069
0.4612	0.4674	0.4861	0.3736	0.3643	0.4297	0.5102	0.3673	0.2653
0.422	0.407	0.4922	0.3197	0.2676	0.4825	0.9487	0.8974	0.8205
0.4493	0.4495	0.4954	0.3142	0.2411	0.4813	0.4667	0.3333	0.3333
0.3945	0.3769	0.4006	0.3178	0.1971	0.2858	1.7273	1.0455	1.1364
0.4479	0.4634	0.4965	0.3275	0.2858	0.4855	0.5294	0.2647	0.3235
0.4299	0.4309	0.4209	0.2905	0.3124	0.2212	0.6486	0.7297	0.5676
0.4286	0.4351	0.4909	0.2974	0.2701	0.4714	0.6957	0.5217	0.4783
0.4346	0.4292	0.4567	0.3254	0.2293	0.3604	0.7368	0.5	0.5263
0.4216	0.4189	0.4334	0.2956	0.2759	0.2975	0.8	0.75	0.625
0.4273	0.4252	0.4839	0.2926	0.3125	0.4562	0.6944	0.8333	0.6111
0.3717	0.3914	0.4247	0.2098	0.2374	0.3388	1.1875	1	1.0625
0.432	0.4308	0.4292	0.3122	0.2892	0.2432	0.7105	0.6316	0.5263
0.4327	0.4136	0.4895	0.3298	0.2132	0.4738	0.8	0.6286	0.6857
0.4079	0.4077	0.4744	0.2719	0.2714	0.446	0.9048	0.9048	0.9524
0.4227	0.4033	0.4344	0.3526	0.2231	0.3061	1.3103	0.7742	0.6452
0.4384	0.4229	0.4932	0.3166	0.2638	0.4782	0.6279	0.6512	0.4651
0.3777	0.3908	0.4906	0.2055	0.2593	0.4813	1.069	1.1379	1.0345
0.4268	0.4217	0.4552	0.2902	0.2975	0.3856	0.6923	0.8077	0.7308
0.4175	0.4052	0.4887	0.31	0.25	0.4719	0.9688	0.8438	0.6875
0.3943	0.3988	0.4033	0.2583	0.2487	0.2332	1.0645	0.9355	0.8065
0.4338	0.4321	0.4926	0.3316	0.2782	0.4788	0.7895	0.5789	0.5526
0.3608	0.3493	0.4336	0.2522	0.2256	0.3952	1.8	1.8	1.95
0.3954	0.3739	0.4904	0.3016	0.191	0.482	1.4333	1.0667	1.1667
0.4355	0.4321	0.4937	0.3338	0.3005	0.4831	0.7714	0.6571	0.6
0.4588	0.4617	0.4742	0.3207	0.305	0.3604	0.3673	0.3061	0.2653
0.4091	0.3993	0.4556	0.2815	0.2284	0.3819	0.9375	0.8438	0.6875
0.4513	0.4394	0.44	0.3464	0.1885	0.1937	0.5532	0.3617	0.3617
0.4243	0.4097	0.4906	0.3217	0.2553	0.4777	0.9143	0.8	0.7429
0.4191	0.4096	0.4892	0.3182	0.2576	0.4713	1	0.8108	0.6216
0.4165	0.4173	0.4647	0.3267	0.2917	0.4149	1.1481	0.8519	0.7778
0.4468	0.4334	0.491	0.3484	0.2018	0.4676	0.6444	0.4222	0.4
0.3903	0.3747	0.4825	0.2813	0.212	0.4677	1.3333	1.1481	1.2222
0.456	0.4546	0.4886	0.3298	0.311	0.4626	0.4242	0.3939	0.4545
0.3903	0.3964	0.4044	0.2267	0.2404	0.2665	0.9677	0.9355	0.9355
0.4517	0.4565	0.4991	0.3617	0.273	0.49	0.6279	0.3111	0.1
0.4274	0.431	0.4963	0.3361	0.3134	0.49	0.9667	0.7333	0.6
0.4538	0.4489	0.4556	0.3025	0.3192	0.299	0.3846	0.4872	0.359
0.3968	0.3998	0.3975	0.2611	0.2416	0.2499	1.037	0.8889	0.963
0.4084	0.4175	0.4855	0.27	0.2879	0.4614	0.8857	0.8286	0.6286
0.4488	0.4442	0.4833	0.3405	0.3287	0.4525	0.5682	0.5909	0.5682
0.3996	0.3813	0.4098	0.2983	0.177	0.2799	1.2778	0.9167	0.9167
0.4332	0.4332	0.4967	0.3089	0.2815	0.49	0.675	0.575	0.5
0.4487	0.4837	0.4991	0.3695	0.4371	0.4834	0.75	0.375	0.0566
0.3792	0.3668	0.4604	0.292	0.2662	0.4361	1.8125	1.8125	1.75
0.4036	0.398	0.427	0.284	0.2171	0.3164	1.0588	0.8235	0.8235
0.3829	0.3692	0.4137	0.2314	0.1393	0.3073	1.1111	0.9722	1.0278
0.4217	0.4411	0.493	0.2419	0.3151	0.411	0.6047	0.5814	0.0943
0.413	0.4162	0.495	0.3062	0.2965	0.4888	1.0333	0.9	0.8065
0.436	0.4298	0.4879	0.3472	0.2947	0.4675	0.8611	0.6667	0.6111
0.3941	0.3841	0.4227	0.2812	0.1865	0.3205	1.2424	0.9091	0.9394
0.4215	0.4043	0.4477	0.3358	0.2167	0.3777	1.1143	0.7429	0.8571
0.4328	0.4361	0.4346	0.3018	0.3022	0.2464	0.6512	0.6047	0.4773
0.4402	0.4381	0.4719	0.308	0.2399	0.4068	0.5682	0.4318	0.4773
0.4574	0.455	0.4998	0.3453	0.27	0.49	0.4528	0.3208	0.0172
0.4238	0.4381	0.4942	0.262	0.2964	0.4808	0.6346	0.5577	0.4444
0.4559	0.4527	0.4958	0.3515	0.1812	0.4819	0.5	0.2619	0.3095
0.4254	0.4203	0.4309	0.3174	0.287	0.2835	0.8611	0.7778	0.6111
0.4538	0.456	0.4991	0.3076	0.3009	0.488	0.3962	0.3585	0.0847
0.3791	0.3587	0.4965	0.264	0.1802	0.4787	1.4348	1.2609	0.2
0.3907	0.3772	0.4639	0.2812	0.2503	0.426	1.3235	1.3529	1.0294
0.4168	0.4109	0.4927	0.3084	0.2705	0.4825	0.9697	0.8485	0.7273
0.3966	0.3892	0.4905	0.2653	0.1943	0.4807	1.0667	0.8667	1
0.4421	0.4447	0.4831	0.3665	0.2773	0.4316	0.8919	0.4324	0.3514
0.4052	0.4009	0.482	0.2928	0.2559	0.462	1.0938	0.9375	0.9375
0.4115	0.4005	0.4203	0.2449	0.1872	0.2413	0.7381	0.7143	0.619
0.4114	0.3858	0.4303	0.3279	0.2269	0.364	1.3077	1.0385	1.2308
0.4319	0.4125	0.4979	0.3146	0.2367	0.4856	0.725	0.7	0.1698
0.4018	0.3899	0.4396	0.3053	0.2466	0.3694	1.2963	1.0741	1
0.3935	0.3841	0.3969	0.3035	0.2592	0.2949	1.5172	1.2759	1.3103
0.4057	0.4004	0.44	0.2851	0.2274	0.3404	1.025	0.825	0.725
0.3548	0.3385	0.4338	0.2592	0.1809	0.3914	2.1154	1.6538	1.7692
0.4322	0.4274	0.4949	0.326	0.2532	0.4841	0.7838	0.5676	0.4865
0.4321	0.4163	0.428	0.3199	0.1672	0.2718	0.75	0.5278	0.6111
0.4541	0.447	0.4455	0.366	0.347	0.2607	0.6053	0.6316	0.3947
0.4471	0.4457	0.4892	0.3071	0.2487	0.4642	0.475	0.375	0.45
0.3805	0.3915	0.4768	0.2622	0.3031	0.4558	1.3846	1.5769	1.1538
0.4226	0.4212	0.4382	0.2696	0.2568	0.3156	0.6744	0.6512	0.6279
0.4283	0.4184	0.456	0.2706	0.1589	0.3595	0.6034	0.5	0.5345
0.3711	0.3941	0.4894	0.2739	0.309	0.4807	1.7917	1.5833	1.24
0.4175	0.4087	0.4631	0.2909	0.2714	0.4075	0.8444	0.8889	0.7333
0.4458	0.4433	0.4651	0.3295	0.222	0.3519	0.5682	0.3636	0.3636
0.399	0.4074	0.4784	0.2471	0.2469	0.4479	0.925	0.8	0.75
0.4238	0.4075	0.4926	0.3335	0.1905	0.4809	1.0294	0.6471	0.6471
0.3931	0.3998	0.4423	0.2489	0.2227	0.3657	1.0303	0.8182	0.8788
0.4673	0.4629	0.4682	0.3836	0.3275	0.3294	0.4444	0.3333	0.2778
0.424	0.4124	0.4903	0.3309	0.212	0.4425	1	0.6389	0.2143
0.403	0.4041	0.4843	0.2845	0.2726	0.4633	1.075	0.975	0.775
0.4598	0.4586	0.449	0.3532	0.3334	0.2557	0.4444	0.4	0.3556
0.43	0.436	0.4774	0.3393	0.309	0.4394	0.9333	0.6333	0.6333
0.4269	0.4265	0.4513	0.2999	0.2327	0.349	0.7333	0.5333	0.5667
0.3946	0.3748	0.4681	0.3048	0.2114	0.4402	1.5	1.1429	1.2143
0.4327	0.4396	0.4704	0.3157	0.2994	0.3772	0.717	0.5472	0.3636
0.3901	0.3721	0.4855	0.3131	0.2359	0.4742	1.8077	1.3462	1.3077
0.3993	0.412	0.4354	0.2572	0.2622	0.31	0.9706	0.7941	0.6471
0.3935	0.391	0.4629	0.3311	0.3062	0.4318	2.1071	1.6429	1.2857
0.4448	0.4387	0.4814	0.3351	0.2833	0.441	0.6098	0.5122	0.4878
0.4298	0.4248	0.4403	0.3456	0.2301	0.3082	1	0.5455	0.5682
0.4215	0.4296	0.4942	0.263	0.3154	0.4404	0.6667	0.7692	0.1154
0.3786	0.3622	0.4841	0.2669	0.1958	0.4713	1.48	1.28	1.28
0.4189	0.4081	0.475	0.329	0.2371	0.4353	1.1081	0.7568	0.6757
0.3988	0.3938	0.4559	0.2984	0.1955	0.4036	1.3	0.8125	0.9375
0.4013	0.3811	0.4833	0.2589	0.1074	0.4668	0.9459	0.7838	1.0541
0.4601	0.4513	0.4712	0.3624	0.2762	0.3921	0.4773	0.3636	0.4091
0.3968	0.4039	0.4561	0.2353	0.2526	0.3954	0.9062	0.875	0.8125
0.4259	0.4243	0.4865	0.3101	0.2741	0.4599	0.8056	0.6667	0.5278
0.4465	0.4439	0.4969	0.3433	0.2576	0.4886	0.6216	0.4054	0.3784
0.3504	0.3294	0.35	0.2406	0.1558	0.2068	1.96	1.68	1.6
0.4624	0.4492	0.4708	0.388	0.1814	0.4116	0.5714	0.2857	0.5429
0.4032	0.3977	0.414	0.2895	0.2188	0.2778	1.1111	0.8333	0.8333
0.4302	0.4227	0.4958	0.3002	0.2226	0.4876	0.6842	0.5526	0.5263
0.3842	0.3818	0.4951	0.2608	0.2336	0.49	1.2857	1.1429	0.9643
0.4173	0.4196	0.4225	0.2492	0.2485	0.2607	0.6765	0.6471	0.6471
0.4464	0.4494	0.4387	0.3799	0.3691	0.2375	0.9231	0.7308	0.4231
0.4344	0.4442	0.4929	0.3133	0.2772	0.475	0.6774	0.4375	0.4062
0.4248	0.4259	0.471	0.3254	0.2705	0.426	0.9333	0.6333	0.7
0.4445	0.4435	0.4487	0.3535	0.3416	0.3372	0.7222	0.6667	0.5556
0.3919	0.3966	0.4714	0.2501	0.2766	0.4419	1.0588	1.1471	1.0294
0.4404	0.4252	0.4327	0.337	0.2575	0.2644	0.6977	0.6047	0.5349
0.4304	0.4255	0.4366	0.2944	0.2457	0.2849	0.6571	0.5714	0.5429
0.3952	0.3908	0.4791	0.2768	0.2648	0.4611	1.1786	1.1786	1.2143
0.4306	0.4215	0.4994	0.2921	0.1818	0.49	0.6458	0.5	0.069
0.3679	0.3771	0.4997	0.2208	0.2224	0.49	1.3243	1.1622	0.0323
0.4505	0.4462	0.4952	0.3834	0.3289	0.4876	0.84	0.56	0.64
0.4068	0.3972	0.4503	0.3304	0.2845	0.39	1.5	1.2	0.9333
0.4561	0.4503	0.4619	0.394	0.2961	0.3217	0.7949	0.4103	0.3333
0.4079	0.3915	0.4946	0.2995	0.2242	0.4883	1.0909	0.9394	0.8485
0.4433	0.4468	0.4971	0.3288	0.3179	0.4894	0.6047	0.5116	0.3721
0.3724	0.3828	0.4852	0.2539	0.2374	0.4725	1.5	1.1471	1.2059
0.4195	0.4008	0.4994	0.3158	0.2213	0.49	0.9714	0.8	0.0698
0.4596	0.4555	0.4814	0.3354	0.2824	0.4168	0.3922	0.3333	0.3137
0.3903	0.3528	0.498	0.3103	0.2179	0.4821	1.7407	1.6296	0.125
0.4696	0.463	0.4867	0.3821	0.274	0.4398	0.3953	0.2558	0.3023
0.4013	0.3745	0.4948	0.2989	0.1745	0.4897	1.2414	1	1.0345
0.4787	0.4796	0.4835	0.4098	0.3696	0.3976	0.3415	0.2143	0.2143
0.4165	0.4136	0.4749	0.3112	0.2154	0.4401	1	0.6333	0.7667
0.4525	0.4523	0.455	0.3443	0.3017	0.2903	0.525	0.4	0.35
0.407	0.4073	0.4898	0.2992	0.2319	0.4781	1.1071	0.75	0.8929
0.4269	0.4185	0.4684	0.3506	0.2568	0.4158	1.1429	0.6857	0.6571
0.3975	0.3855	0.4975	0.3066	0.2173	0.4751	1.4375	1	0.1163
0.4147	0.4056	0.4915	0.2885	0.2592	0.4466	0.8788	0.8788	0.2
0.4377	0.4496	0.4986	0.2774	0.334	0.467	0.5094	0.5283	0.0455
0.4268	0.4166	0.4833	0.3291	0.1971	0.4537	0.9189	0.5676	0.5946
0.4822	0.4874	0.4982	0.4144	0.3598	0.4878	0.2885	0.1154	0.1731
0.3696	0.3623	0.4518	0.2315	0.1938	0.4086	1.3667	1.2667	1.2333
0.4114	0.399	0.4519	0.289	0.2509	0.3981	0.9429	0.9429	1
0.4315	0.4306	0.4665	0.2766	0.2728	0.38	0.5814	0.5814	0.4419
0.3871	0.3883	0.3966	0.2228	0.2116	0.2338	1	0.9355	0.9032
0.4403	0.4222	0.4436	0.345	0.235	0.314	0.75	0.5833	0.5417
0.4171	0.4113	0.4229	0.2968	0.242	0.3282	0.8846	0.7308	1
0.413	0.406	0.4964	0.3289	0.2888	0.49	1.2727	1.0455	0.56
0.397	0.3937	0.4954	0.2598	0.2293	0.49	1.0244	0.9268	0.8537
0.4326	0.4312	0.4332	0.3498	0.3324	0.3134	0.9697	0.8485	0.697
0.4048	0.3826	0.4344	0.3022	0.2067	0.3596	1.1875	1	1.0312
0.4147	0.4214	0.4628	0.2741	0.3085	0.3998	0.8049	0.878	0.6585
0.4286	0.4108	0.4254	0.3519	0.285	0.2592	1.1071	0.9286	0.6071
0.3946	0.4148	0.483	0.2756	0.3328	0.4681	1.1818	1.2727	1.1818
0.4469	0.438	0.4388	0.3536	0.2587	0.2351	0.6744	0.4651	0.4186
0.4573	0.4541	0.4933	0.3798	0.1863	0.4715	0.6304	0.2553	0.3191
0.4048	0.372	0.3999	0.3121	0.1803	0.2871	1.2973	1.0541	1.1622
0.4365	0.4334	0.4914	0.3228	0.2012	0.418	0.6889	0.4222	0.1273
0.4088	0.4161	0.4973	0.2902	0.2801	0.4725	1	0.8125	0.1136
0.4136	0.4038	0.4964	0.2798	0.2465	0.4256	0.85	0.85	0.0556
0.4482	0.4474	0.4726	0.3451	0.2633	0.3606	0.6	0.381	0.2857
0.3665	0.3417	0.3968	0.2788	0.1841	0.3285	2.0435	1.6087	1.8696
0.4151	0.4173	0.4949	0.327	0.3007	0.488	1.1875	0.9062	0.75
0.4438	0.4269	0.4487	0.3571	0.2556	0.33	0.7632	0.5789	0.5263
0.4497	0.4473	0.4968	0.3623	0.1961	0.488	0.6727	0.3091	0.3636
0.4104	0.4103	0.481	0.2996	0.3039	0.4554	1.037	1.0741	0.7778
0.4423	0.4333	0.4653	0.3443	0.2948	0.3868	0.7059	0.6176	0.5
0.4332	0.4915	0.4942	0.2767	0.4772	0.4588	0.561	0.6098	0.1702
0.3989	0.3879	0.4402	0.2939	0.2371	0.3785	1.25	1.0556	1.1111
0.3831	0.3833	0.4844	0.282	0.2851	0.472	1.5357	1.5714	1.2857
0.3802	0.3908	0.3809	0.281	0.3009	0.2683	1.6087	1.5652	1.4348
0.4159	0.3954	0.4389	0.3412	0.2116	0.3645	1.36	0.84	0.96
0.4289	0.4187	0.4753	0.3234	0.2791	0.4438	0.8333	0.7667	0.8333
0.4291	0.4251	0.4834	0.3369	0.277	0.4573	0.9333	0.6667	0.6667
0.3679	0.3646	0.3971	0.24	0.2006	0.3046	1.4737	1.2632	1.4211
0.4372	0.4393	0.4937	0.3412	0.328	0.4572	0.7879	0.6667	0.1795
0.4473	0.4467	0.4795	0.3384	0.2799	0.438	0.5833	0.4167	0.5278
0.3765	0.3911	0.4818	0.252	0.2765	0.4675	1.3846	1.2692	1.3077
0.4201	0.4134	0.4325	0.2666	0.201	0.2969	0.697	0.6061	0.6364
0.391	0.3797	0.4655	0.2941	0.2272	0.4321	1.4643	1.1429	1.1071
0.4181	0.4149	0.4949	0.2713	0.2002	0.4864	0.7436	0.5897	0.6154
0.4294	0.4232	0.491	0.3051	0.1929	0.4714	0.7188	0.5	0.4688
0.4235	0.4197	0.4632	0.2667	0.2007	0.3953	0.6522	0.5435	0.6087
0.4068	0.3767	0.4892	0.3395	0.213	0.4809	1.68	1.12	1.32
0.4161	0.4154	0.4928	0.3009	0.2561	0.4432	0.931	0.7241	0.1538
0.4211	0.3959	0.4065	0.3264	0.2357	0.2329	1.0263	0.9211	0.7632
0.4148	0.4169	0.4928	0.261	0.2687	0.4813	0.75	0.75	0.6389
0.4324	0.4284	0.4563	0.3436	0.1953	0.3721	0.9143	0.4571	0.6
0.4125	0.3972	0.4817	0.2879	0.1522	0.456	0.9143	0.6857	0.7429
0.4229	0.4257	0.4674	0.2927	0.2771	0.4152	0.7632	0.6579	0.6842
0.4272	0.4217	0.4959	0.3051	0.2191	0.4884	0.7556	0.5556	0.5556
0.4319	0.4399	0.4931	0.308	0.2978	0.4785	0.6923	0.5385	0.4872
0.3799	0.3868	0.4739	0.2637	0.2578	0.4496	1.4138	1.2069	1.1379
0.468	0.4489	0.4724	0.3692	0.2959	0.3825	0.375	0.425	0.35
0.4383	0.4386	0.4942	0.3261	0.2958	0.4811	0.675	0.55	0.45
0.3998	0.3914	0.4801	0.2901	0.2774	0.4616	1.1923	1.2692	1.1154
0.3968	0.3892	0.4833	0.2823	0.2457	0.4651	1.1892	1.0811	0.9459
0.4185	0.4019	0.4642	0.3336	0.1985	0.4146	1.1724	0.7241	0.7931
0.4111	0.4099	0.4622	0.2594	0.2184	0.4044	0.7955	0.6818	0.7273
0.4445	0.4403	0.4918	0.3111	0.2452	0.4728	0.52	0.42	0.44
0.4018	0.386	0.4287	0.324	0.2391	0.3563	1.5667	1.1	1.1667
0.4708	0.4634	0.4772	0.3747	0.2771	0.4046	0.3488	0.2558	0.3488
0.4519	0.4528	0.4972	0.3531	0.3258	0.49	0.5758	0.4545	0.3939
0.4058	0.3809	0.4749	0.3181	0.1674	0.4494	1.3448	0.8966	1.0345
0.4413	0.4415	0.4989	0.2693	0.2814	0.488	0.4524	0.4762	0.1042
0.413	0.3987	0.4872	0.3243	0.2608	0.474	1.2143	1	1
0.3885	0.3715	0.495	0.2749	0.1245	0.49	1.3143	0.9143	1.0286
0.4505	0.4162	0.4619	0.4	0.2722	0.3956	1.0968	0.7742	0.6452
0.3935	0.4076	0.4701	0.2721	0.2824	0.435	1.1765	0.9706	0.9118
0.4669	0.4708	0.4697	0.3619	0.3086	0.2998	0.3673	0.2245	0.2245
0.4286	0.4241	0.4832	0.3243	0.242	0.4526	0.8444	0.5778	0.5778
0.3195	0.2935	0.493	0.2276	0.1381	0.49	2.9444	2.4444	2.3889
0.4522	0.4969	0.4951	0.3756	0.4894	0.4597	0.7179	0.4103	0.1429
0.4149	0.4233	0.4866	0.2723	0.2531	0.4631	0.7949	0.6154	0.5897
0.4225	0.4137	0.4966	0.2768	0.1688	0.49	0.7021	0.5532	0.5319
0.4292	0.4257	0.4978	0.3116	0.2696	0.4591	0.7561	0.6341	0.0588
0.3988	0.4038	0.4839	0.2608	0.251	0.4633	1	0.8684	0.8158
0.4367	0.4248	0.4895	0.3487	0.2642	0.4696	0.8571	0.6286	0.5429
0.423	0.4205	0.4836	0.2728	0.2148	0.4529	0.68	0.56	0.56
0.432	0.4385	0.4761	0.2976	0.2578	0.422	0.6458	0.4583	0.4792
0.4229	0.4116	0.4097	0.3181	0.2201	0.2111	0.9167	0.6667	0.6667
0.3993	0.3968	0.4918	0.2235	0.1724	0.4813	0.8276	0.7241	0.7931
0.4646	0.4683	0.4933	0.4007	0.3807	0.472	0.6176	0.4118	0.3235
0.4078	0.3989	0.4854	0.2914	0.2303	0.4666	1.0286	0.8571	0.8
0.4066	0.4078	0.4827	0.2315	0.2152	0.4577	0.7576	0.697	0.7273
0.4292	0.4301	0.4568	0.3266	0.3093	0.3926	0.8485	0.7273	0.7576
0.4342	0.4297	0.4836	0.3162	0.2464	0.4468	0.6944	0.5278	0.4722
0.4451	0.4396	0.4794	0.3553	0.3287	0.4505	0.7222	0.6667	0.75
0.4475	0.4428	0.4582	0.3176	0.2915	0.3666	0.5	0.4857	0.5294
0.416	0.4141	0.4222	0.3143	0.2999	0.3173	1.037	0.963	0.9259
0.4512	0.4512	0.4994	0.3118	0.2878	0.49	0.4359	0.3846	0.0698
0.4389	0.4165	0.4256	0.3653	0.2562	0.3035	0.9677	0.7097	0.7742
0.3769	0.381	0.4992	0.2746	0.2763	0.49	1.619	1.5238	0.0938
0.421	0.4231	0.4835	0.2893	0.2694	0.4614	0.7778	0.6667	0.7778
0.4335	0.4267	0.4851	0.332	0.2235	0.453	0.8	0.5143	0.4857
0.3991	0.4116	0.4531	0.2854	0.2855	0.3917	1.1667	0.9167	0.8611
0.4399	0.4238	0.4876	0.3722	0.2884	0.4694	1.027	0.7297	0.7027
0.4114	0.4052	0.4626	0.2662	0.2442	0.407	0.8205	0.8205	0.7436
0.4283	0.418	0.4964	0.3241	0.2511	0.49	0.8478	0.6739	0.5652
0.4188	0.4254	0.4896	0.2556	0.2891	0.4753	0.6774	0.7097	0.7419
0.3816	0.3883	0.4993	0.223	0.2129	0.49	1.0882	0.9412	0.0816
0.4691	0.499	0.4883	0.3881	0.49	0.4328	0.4318	0.1087	0.2273
0.4041	0.3909	0.481	0.3097	0.2358	0.4569	1.2857	1	0.8276
0.4421	0.4417	0.4847	0.3144	0.2492	0.4379	0.5652	0.413	0.3478
0.4264	0.4144	0.4899	0.331	0.2428	0.4749	0.9444	0.6944	0.6944
0.4372	0.4272	0.476	0.3262	0.2229	0.4188	0.6949	0.5085	0.4576
0.4403	0.4455	0.4903	0.2903	0.2261	0.4666	0.5128	0.35	0.425
0.4189	0.4068	0.4906	0.3131	0.2723	0.4798	0.963	0.9259	0.8889
0.4366	0.4318	0.4532	0.3348	0.2705	0.3596	0.7561	0.561	0.5854
0.4292	0.43	0.4266	0.3094	0.312	0.2145	0.7442	0.7442	0.5
0.384	0.3905	0.4582	0.2644	0.2538	0.4195	1.3214	1.1071	1.1786
0.4071	0.3914	0.4146	0.2853	0.1628	0.2887	1	0.7647	0.8824
0.4176	0.4225	0.466	0.2956	0.2214	0.4006	0.8684	0.5526	0.5789
0.4762	0.4601	0.4955	0.4296	0.2417	0.4294	0.55	0.25	0.0732
0.417	0.406	0.4133	0.3241	0.2385	0.2346	1.1053	0.7895	0.6842
0.4169	0.4215	0.4192	0.292	0.2785	0.2942	0.8611	0.7222	0.8333
0.4424	0.4326	0.4879	0.3342	0.3001	0.4655	0.6471	0.6471	0.5588
0.4528	0.4445	0.4703	0.3726	0.2532	0.3988	0.6786	0.3929	0.4643
0.3721	0.3762	0.3642	0.2416	0.2225	0.1521	1.3929	1.1786	1.0714
0.3922	0.3773	0.4747	0.2514	0.1861	0.447	1.0606	1	0.9697
0.4169	0.4098	0.4699	0.288	0.1894	0.4171	0.8378	0.6216	0.6216
0.4221	0.4231	0.4965	0.2797	0.2174	0.4889	0.7179	0.5385	0.4615
0.4306	0.4998	0.4869	0.3502	0.49	0.4659	1.0294	0.0238	0.6471
0.4319	0.3898	0.4975	0.366	0.2322	0.4644	1.2069	1	0.0769
0.3401	0.3492	0.4936	0.2201	0.2435	0.49	2	2.0455	1.7727
0.4365	0.4417	0.4514	0.299	0.2883	0.341	0.5882	0.4902	0.5294
0.4249	0.4293	0.4994	0.2809	0.2064	0.49	0.6829	0.4634	0.0612
0.4228	0.4236	0.4259	0.3278	0.2416	0.3077	1	0.5833	0.7917
0.4259	0.4238	0.4963	0.314	0.26	0.49	0.8286	0.6286	0.6
0.377	0.3502	0.4388	0.281	0.1551	0.3899	1.7083	1.2917	1.4167
0.4238	0.4153	0.4697	0.305	0.2202	0.4103	0.8125	0.625	0.5625
0.4363	0.42	0.4457	0.3357	0.1345	0.297	0.7674	0.4651	0.4651
0.4169	0.4141	0.4956	0.2992	0.2139	0.4891	0.9032	0.625	0.6875
0.3917	0.386	0.4997	0.277	0.2623	0.49	1.2593	1.2593	0.0286
0.3797	0.3555	0.4954	0.284	0.1616	0.4608	1.6667	1.2333	0.14
0.4344	0.436	0.4646	0.3131	0.3052	0.3973	0.6765	0.6176	0.5882
0.4328	0.4336	0.4937	0.3363	0.313	0.48	0.8438	0.6875	0.4688
0.3617	0.3259	0.4602	0.3029	0.1903	0.4401	3.0556	2.0556	2.1111
0.41	0.397	0.4211	0.2936	0.2161	0.2897	1	0.8333	0.7778
0.4314	0.4235	0.439	0.3422	0.2116	0.2977	0.925	0.525	0.55
0.4395	0.4269	0.4594	0.3447	0.2468	0.3761	0.7647	0.5588	0.5588
0.4693	0.4671	0.4933	0.383	0.2865	0.4661	0.4043	0.234	0.2553
0.4387	0.4358	0.4939	0.3411	0.2121	0.4823	0.7561	0.4146	0.5366
0.4325	0.4234	0.4553	0.347	0.228	0.3662	0.9444	0.5556	0.5833
0.4205	0.4128	0.488	0.2897	0.2554	0.4724	0.7879	0.7576	0.7879
0.4289	0.4199	0.4996	0.2734	0.2071	0.49	0.6053	0.5526	0.0444
0.3956	0.3915	0.3758	0.3031	0.2562	0.2137	1.4483	1.1034	1.1379
0.4024	0.4031	0.4044	0.2547	0.2616	0.2455	0.907	0.9302	0.8372
0.3723	0.3786	0.4934	0.2626	0.2658	0.4877	1.6	1.4667	1.1667
0.4287	0.4361	0.4938	0.3328	0.2992	0.4793	0.9062	0.5938	0.4375
0.3753	0.3747	0.494	0.2827	0.2596	0.49	1.7917	1.5	1.5
0.4545	0.4464	0.4994	0.3879	0.2798	0.49	0.7742	0.4194	0.0625
0.4129	0.41	0.4794	0.2897	0.2449	0.447	0.9189	0.7568	0.6757
0.4262	0.4232	0.4303	0.2883	0.2699	0.2812	0.6944	0.6667	0.6111
0.3984	0.3961	0.4796	0.2487	0.2275	0.4561	0.9429	0.8857	0.9143
0.4019	0.4039	0.4783	0.3054	0.2956	0.4548	1.2963	1.1481	0.963
0.4114	0.3967	0.4748	0.3241	0.1637	0.4367	1.2581	0.7097	0.7097
0.3697	0.3719	0.4145	0.1999	0.2076	0.3211	1.1724	1.1724	1.1379
0.4396	0.4158	0.4966	0.3525	0.1369	0.49	0.8235	0.5	0.5294
0.4005	0.3816	0.4856	0.3017	0.237	0.472	1.2917	1.1667	1.0833
0.4211	0.4215	0.4981	0.3205	0.2774	0.39	0.9744	0.7179	0.02
0.4147	0.4012	0.4088	0.3008	0.242	0.2473	0.9565	0.8696	0.7826
0.4504	0.4447	0.49	0.2941	0.2618	0.4703	0.4048	0.4048	0.5238
0.4547	0.4428	0.49	0.3842	0.3105	0.4728	0.7297	0.5405	0.5946
0.4559	0.4515	0.4977	0.3386	0.3191	0.49	0.4524	0.4524	0.3095
0.4078	0.3732	0.4807	0.3021	0.0917	0.4613	1.1154	0.8462	1.0385
0.3979	0.4082	0.4716	0.2681	0.2377	0.4345	1.0606	0.7576	0.8182
0.4018	0.3975	0.4795	0.3068	0.2853	0.4568	1.3143	1.2	0.9429
0.367	0.3688	0.3532	0.2196	0.2337	0.1524	1.3333	1.4	1.2333
0.3659	0.3577	0.4034	0.1956	0.1818	0.3047	1.2143	1.2857	1.25
0.3839	0.3634	0.4975	0.2948	0.211	0.4834	1.6957	1.3478	0.1765
0.4634	0.463	0.4967	0.344	0.2685	0.469	0.3654	0.25	0.125
0.4131	0.4062	0.4233	0.248	0.2297	0.2702	0.7273	0.7576	0.6667
0.4157	0.4061	0.4989	0.2945	0.2247	0.488	0.8974	0.7436	0.1042
0.3796	0.3651	0.3878	0.2786	0.208	0.2711	1.5926	1.2963	1.2963
0.4206	0.4216	0.4661	0.2782	0.2464	0.4021	0.7353	0.6176	0.5882
0.4255	0.4311	0.4648	0.3156	0.3156	0.4039	0.8462	0.7436	0.641
0.3771	0.3498	0.3613	0.2819	0.2064	0.2278	1.72	1.6	1.52
0.4157	0.4021	0.4625	0.2969	0.2332	0.4082	0.9118	0.8235	0.7647
0.4388	0.4374	0.4957	0.35	0.3265	0.4877	0.8205	0.6923	0.5385
0.4451	0.442	0.4896	0.3343	0.3069	0.4671	0.6	0.54	0.48
0.3992	0.3752	0.4954	0.2842	0.15	0.4314	1.1538	0.9231	0.0769
0.4343	0.4238	0.4902	0.3106	0.2722	0.4751	0.6667	0.6667	0.6667
0.3813	0.3511	0.4164	0.3096	0.2271	0.362	2.1154	1.7692	1.8077
0.4605	0.4651	0.4874	0.3671	0.2898	0.4467	0.4909	0.2545	0.3273
0.4084	0.4174	0.4914	0.3083	0.2982	0.482	1.16	0.8889	0.9259
0.4021	0.3941	0.4806	0.2801	0.2092	0.4616	1.0606	0.8485	1.0606
0.4052	0.3819	0.4924	0.3073	0.2041	0.4205	1.2308	1	0.1143
0.3763	0.3722	0.488	0.2914	0.2596	0.4797	1.913	1.5652	1.4783
0.4208	0.421	0.4694	0.2652	0.2409	0.4144	0.6829	0.6098	0.6098
0.3916	0.4029	0.4685	0.2569	0.2672	0.4321	1.1071	0.9643	0.9286
0.4081	0.3988	0.4525	0.3095	0.29	0.408	1.1786	1.2143	1.1786
0.4494	0.4311	0.474	0.3687	0.2474	0.4221	0.7273	0.5152	0.5455
0.4572	0.4447	0.4686	0.3799	0.2813	0.3983	0.6327	0.44	0.5
0.3573	0.3519	0.4641	0.2173	0.2024	0.4396	1.5217	1.5217	1.5652
0.3994	0.3889	0.3995	0.2929	0.2732	0.2684	1.2258	1.2903	1.0323
0.4215	0.4299	0.4879	0.2796	0.2558	0.4683	0.7273	0.5455	0.6364
0.4583	0.4584	0.4591	0.3671	0.3186	0.3129	0.5306	0.3673	0.3469
0.3823	0.3837	0.4856	0.2726	0.2687	0.4734	1.4444	1.3704	1.2222
0.3872	0.3849	0.4476	0.2598	0.2231	0.3858	1.2143	1.0357	0.9643
0.3954	0.3813	0.4741	0.3049	0.2437	0.4499	1.4783	1.2174	1.1304
0.4265	0.4227	0.4355	0.3003	0.2734	0.3187	0.7429	0.6857	0.6857
0.3842	0.376	0.4934	0.2645	0.1659	0.4388	1.3182	0.9545	0.129
0.4391	0.4304	0.4982	0.3273	0.2154	0.4782	0.6667	0.4667	0.0909
0.4126	0.4074	0.4925	0.2794	0.204	0.4812	0.8649	0.6757	0.6757
0.3902	0.365	0.454	0.2899	0.2084	0.4152	1.4333	1.3	1.3
0.3961	0.3794	0.4506	0.2824	0.1768	0.3933	1.2059	0.9412	0.9706
0.3875	0.391	0.4777	0.2716	0.2362	0.4568	1.3077	1	1.1154
0.3989	0.4088	0.4796	0.2851	0.2853	0.4558	1.1667	0.9667	0.9
0.4009	0.3956	0.4878	0.2825	0.2367	0.4725	1.1034	0.931	0.8276
0.3911	0.3843	0.4028	0.2944	0.2459	0.2956	1.4643	1.1724	1.1724
0.4375	0.413	0.4617	0.3504	0.2331	0.4107	0.8537	0.6829	0.8293
0.4221	0.4103	0.4955	0.3374	0.2294	0.4882	1.1176	0.7059	0.6176
0.4458	0.4398	0.4682	0.3589	0.3058	0.3677	0.7333	0.5667	0.3667
0.4635	0.4592	0.4916	0.3541	0.2599	0.4528	0.3939	0.2727	0.2273
0.4053	0.3973	0.4284	0.3	0.2316	0.3292	1.1538	0.8846	0.8846
0.4488	0.4382	0.4812	0.3411	0.32	0.4505	0.5714	0.6471	0.6471
0.4423	0.438	0.4468	0.3581	0.2953	0.3146	0.8056	0.5556	0.5
0.4405	0.4382	0.4836	0.3056	0.2171	0.4482	0.5556	0.4	0.4889
0.405	0.3831	0.4988	0.3079	0.1896	0.4752	1.2414	0.931	0.0513
0.4306	0.4328	0.4488	0.2974	0.2551	0.3545	0.6667	0.5128	0.641
0.4073	0.4059	0.4679	0.3258	0.2923	0.4333	1.4074	1.0741	1
0.4159	0.4059	0.4977	0.327	0.2575	0.4844	1.1667	0.8667	0.1795
0.412	0.3998	0.4785	0.3068	0.2462	0.4545	1.0606	0.9091	0.9394
0.4459	0.4239	0.4297	0.3819	0.2723	0.2751	0.9667	0.6667	0.6
0.4384	0.4418	0.4755	0.3456	0.3263	0.4187	0.7941	0.6176	0.4706
0.4119	0.4022	0.486	0.2737	0.213	0.466	0.8485	0.7576	0.7273
0.4451	0.4324	0.4916	0.3583	0.2245	0.4728	0.7436	0.4615	0.4615
0.3975	0.3958	0.3958	0.275	0.2397	0.2079	1.1176	0.9412	0.8235
0.4192	0.4178	0.4916	0.2908	0.2785	0.403	0.8148	0.7778	0.1053
0.4572	0.4455	0.4684	0.3632	0.2414	0.3624	0.5306	0.3673	0.3469
0.3751	0.3594	0.496	0.2558	0.149	0.3962	1.4516	1.129	0.0444
0.3915	0.3905	0.4988	0.2718	0.2516	0.488	1.2188	1.0938	0.1111
0.4345	0.4306	0.4968	0.3139	0.3	0.49	0.6774	0.6774	0.4839
0.401	0.3979	0.405	0.2677	0.245	0.2546	1	0.9333	0.8667
0.4109	0.4133	0.4199	0.2373	0.2112	0.259	0.7209	0.6279	0.6744
0.3858	0.3841	0.3977	0.2305	0.2407	0.2791	1.0571	1.1429	1.1429
0.4463	0.4604	0.4717	0.3442	0.392	0.4119	0.6304	0.6522	0.5217
0.4011	0.3888	0.4174	0.3067	0.2512	0.3174	1.3333	1.1212	1.0303
0.4076	0.3816	0.4791	0.2995	0.127	0.4549	1.0968	0.8065	0.9032
0.3946	0.3798	0.487	0.2762	0.2044	0.474	1.1875	1.0312	1.0312
0.3911	0.3793	0.4082	0.2853	0.21	0.308	1.3548	1.0645	1.1613
0.4082	0.4082	0.48	0.303	0.2798	0.4527	1.1143	0.9429	0.7714
0.4555	0.4555	0.4926	0.3438	0.2422	0.4678	0.4762	0.2857	0.3095
0.4494	0.4522	0.4726	0.3282	0.3211	0.3885	0.5102	0.449	0.3673
0.4399	0.432	0.4521	0.3702	0.2906	0.3619	1	0.6207	0.6207
0.3779	0.3749	0.4938	0.2722	0.24	0.4891	1.56	1.32	1.36
0.4045	0.4143	0.4265	0.3062	0.2973	0.3274	1.2353	0.9412	0.9118
0.4093	0.3978	0.4737	0.2915	0.1819	0.4401	1	0.7333	0.8333
0.417	0.4093	0.4958	0.3127	0.2523	0.4896	1	0.7941	0.6765
0.4417	0.4378	0.4795	0.3165	0.2689	0.4367	0.5778	0.4889	0.5111
0.4075	0.3952	0.495	0.2949	0.2121	0.4885	1.0625	0.8438	0.7812
0.4074	0.3842	0.497	0.3279	0.2053	0.4664	1.4375	0.9706	0.102
0.3655	0.3736	0.4796	0.1725	0.2148	0.4606	1.1212	1.1818	1.1212
0.4537	0.4332	0.4609	0.3571	0.2862	0.3818	0.5641	0.5897	0.5641
0.46	0.4513	0.4665	0.3831	0.2901	0.3598	0.5918	0.3878	0.3673
0.4308	0.4241	0.4787	0.3146	0.2653	0.4364	0.7436	0.641	0.5385
0.4314	0.4347	0.479	0.3349	0.3351	0.4441	0.8636	0.7955	0.6364
0.3993	0.3888	0.4775	0.277	0.205	0.4494	1.0938	0.9062	0.8438
0.4134	0.4158	0.4954	0.1976	0.1996	0.4878	0.6	0.58	0.62
0.4569	0.4559	0.4896	0.3946	0.3683	0.456	0.7778	0.5833	0.3243
0.428	0.4096	0.44	0.3475	0.1546	0.3387	1.0714	0.5714	0.7143
0.4135	0.413	0.4282	0.3139	0.2565	0.3027	1.0909	0.7576	0.7273
0.3709	0.3336	0.4883	0.2701	0.1334	0.4802	1.7419	1.4839	1.4839
0.4599	0.4512	0.4995	0.3694	0.2844	0.49	0.5135	0.3784	0.0526
0.3365	0.3312	0.4091	0.2039	0.1686	0.3439	1.9091	1.7273	1.6818
0.401	0.3835	0.4577	0.2948	0.2292	0.4151	1.2059	1.0882	1.0882
0.414	0.4154	0.4012	0.319	0.3123	0.2342	1.129	1.0323	0.8387
0.4281	0.4243	0.4216	0.2947	0.2739	0.1917	0.6923	0.6667	0.5128
0.4177	0.4255	0.4838	0.2523	0.2538	0.4526	0.6818	0.5909	0.5455
0.4689	0.469	0.4853	0.3758	0.2979	0.3855	0.383	0.2292	0.1667
0.465	0.4626	0.4653	0.3825	0.3477	0.3496	0.4839	0.3871	0.3548
0.4192	0.4172	0.499	0.273	0.2181	0.4851	0.7333	0.6	0.0714
0.3805	0.3614	0.3898	0.249	0.1198	0.2635	1.2703	1.027	1.1892
0.4458	0.438	0.4946	0.3736	0.2594	0.4829	0.8667	0.4667	0.4667
0.4709	0.4765	0.4918	0.3887	0.3713	0.4586	0.4	0.2571	0.2571
0.3953	0.409	0.4835	0.2333	0.2347	0.4633	0.9211	0.7368	0.8421
0.4175	0.4081	0.4845	0.314	0.2758	0.4661	1	0.9231	0.8718
0.3807	0.3897	0.4478	0.2196	0.227	0.3914	1.087	0.9783	1.0435
0.4579	0.4605	0.4553	0.3239	0.3261	0.2017	0.3846	0.359	0.2564
0.4434	0.4301	0.4337	0.3254	0.2229	0.2326	0.5882	0.4808	0.4615
0.4088	0.4112	0.4213	0.1841	0.1851	0.247	0.6222	0.6	0.6222
0.4261	0.4185	0.438	0.3128	0.2604	0.3393	0.8182	0.697	0.7576
0.4016	0.3794	0.4434	0.322	0.1291	0.3838	1.5417	0.8333	1.0833
0.403	0.3978	0.4696	0.297	0.2238	0.4337	1.1818	0.8485	0.9091
0.4285	0.4299	0.4396	0.3315	0.2261	0.3101	0.9	0.4878	0.5854
0.4082	0.4079	0.4836	0.2562	0.1883	0.4577	0.8261	0.6383	0.6596
0.4161	0.3864	0.4022	0.3006	0.091	0.2223	0.9286	0.7143	0.7857
0.3684	0.3546	0.4892	0.2904	0.2523	0.4837	2.2222	2	2
0.444	0.4365	0.4989	0.3361	0.2609	0.4834	0.6286	0.4857	0.075
0.3698	0.3947	0.3738	0.2248	0.2812	0.2019	1.3143	1.2286	1.1143
0.4383	0.4233	0.4693	0.3366	0.2808	0.4149	0.7353	0.7059	0.6176
0.4317	0.434	0.4542	0.3308	0.2766	0.3631	0.8276	0.5517	0.5862
0.3967	0.379	0.4756	0.3175	0.2388	0.4548	1.6364	1.2273	1.2273
0.3887	0.3929	0.486	0.2751	0.2423	0.4736	1.3125	1	1.1562
0.4327	0.4323	0.4366	0.3249	0.2525	0.3131	0.7692	0.5128	0.641
0.4217	0.4082	0.4162	0.3413	0.2083	0.2068	1.1765	0.6765	0.5882
0.4096	0.4	0.4806	0.3024	0.2413	0.4576	1.0769	0.8846	0.8846
0.3842	0.3709	0.498	0.2384	0.142	0.4804	1.1277	0.9574	0.1176
0.4398	0.4441	0.4895	0.378	0.3643	0.4664	1.1212	0.8182	0.4706
0.462	0.461	0.4847	0.3581	0.2982	0.4225	0.4286	0.3036	0.2679
0.4421	0.4305	0.498	0.3198	0.2062	0.4813	0.5849	0.4528	0.1231
0.3763	0.3424	0.489	0.2568	0.0815	0.4812	1.4333	1.2	1.4333
0.439	0.4349	0.4963	0.3313	0.2876	0.4896	0.6905	0.5714	0.5476
0.4081	0.4281	0.4931	0.2624	0.3126	0.4804	0.8537	0.7805	0.561
0.4371	0.4325	0.4937	0.3419	0.3186	0.4367	0.7941	0.7353	0.119
0.4303	0.421	0.4925	0.3314	0.2304	0.4801	0.8621	0.5862	0.6207
0.4551	0.4499	0.4722	0.3508	0.2378	0.3667	0.5102	0.3265	0.3061
0.438	0.434	0.4491	0.3056	0.2826	0.3363	0.5909	0.5682	0.5455
0.4308	0.427	0.4261	0.308	0.282	0.2786	0.7105	0.6579	0.6579
0.4435	0.4502	0.4234	0.3601	0.3619	0.2227	0.7955	0.6591	0.5455
0.4179	0.4106	0.4665	0.3066	0.2517	0.417	0.9355	0.7742	0.7419
0.4238	0.4275	0.4582	0.3413	0.3214	0.3643	1.1154	0.8462	0.5185
0.4591	0.4611	0.4962	0.3228	0.3593	0.4827	0.3684	0.4474	0.2895
0.458	0.4585	0.4902	0.3661	0.2786	0.4624	0.5306	0.3	0.3673
0.4176	0.4145	0.4114	0.3286	0.2897	0.2303	1.1389	0.8889	0.6944
0.384	0.382	0.3848	0.2769	0.2537	0.2521	1.4483	1.2759	1.2069
0.4224	0.4246	0.4284	0.221	0.2185	0.2516	0.5526	0.5263	0.5526
0.4281	0.414	0.4296	0.3132	0.2255	0.3008	0.7826	0.6522	0.6957
0.4041	0.399	0.4446	0.2626	0.2254	0.3619	0.9189	0.8378	0.7838
0.4148	0.4322	0.4651	0.285	0.3136	0.4156	0.8571	0.7143	0.7714
0.4268	0.4262	0.4459	0.3141	0.2687	0.342	0.8125	0.625	0.625
0.4143	0.4057	0.4854	0.3095	0.2571	0.4647	1.0333	0.8667	0.7333
0.3681	0.3686	0.4167	0.3059	0.2923	0.3728	2.7333	2.2667	2.2
0.441	0.4274	0.4285	0.3615	0.2448	0.2343	0.871	0.5484	0.5161
0.4174	0.403	0.4247	0.2948	0.1052	0.2805	0.8684	0.5789	0.6842
0.4262	0.4213	0.4578	0.3498	0.3282	0.3994	1.1538	1.0385	0.8077
0.392	0.3803	0.4903	0.3004	0.2444	0.482	1.52	1.24	1.2
0.4568	0.4616	0.4961	0.3407	0.2503	0.481	0.4464	0.2456	0.2632
0.4246	0.4192	0.4952	0.3063	0.2198	0.3637	0.8056	0.5833	0.0426
0.4162	0.4141	0.4534	0.3227	0.2559	0.4052	1.1111	0.7407	1.0741
0.4558	0.4493	0.4745	0.3445	0.2477	0.4028	0.4737	0.3421	0.3947
0.4072	0.3975	0.4763	0.3012	0.2029	0.4467	1.1212	0.7879	0.8485
0.4257	0.4049	0.4953	0.3277	0.1305	0.4885	0.931	0.5862	0.6897
0.4484	0.4403	0.4848	0.3366	0.2444	0.4519	0.5581	0.4186	0.4884
0.4025	0.3887	0.4903	0.2846	0.1657	0.4787	1.0857	0.8	0.8571
0.4232	0.4225	0.4843	0.329	0.2068	0.4595	1	0.5263	0.6579
0.452	0.4532	0.4947	0.3504	0.2889	0.4786	0.561	0.3659	0.3415
0.4468	0.4303	0.4514	0.3789	0.2877	0.3494	0.9	0.6333	0.5667
0.4325	0.4198	0.4695	0.3105	0.1776	0.4148	0.6939	0.5102	0.6122
0.3863	0.3844	0.4949	0.2954	0.2228	0.49	1.625	1.0417	1.0417
0.4137	0.4136	0.4141	0.3121	0.3304	0.3049	1.069	1.2759	1
0.4005	0.3991	0.3863	0.2661	0.2385	0.1976	1	0.8857	0.9143
0.3785	0.3897	0.493	0.2109	0.2784	0.48	1.08	1.32	0.5517
0.409	0.3981	0.4494	0.295	0.2466	0.3836	1.0312	0.9375	0.875
0.4097	0.4138	0.4525	0.2963	0.2593	0.3808	1.027	0.7568	0.7568
0.4017	0.3856	0.3961	0.2782	0.2033	0.2413	1.0556	0.9444	0.9444
0.448	0.4391	0.4761	0.3427	0.2439	0.4252	0.5918	0.4286	0.5102
0.4625	0.4483	0.4787	0.4162	0.2627	0.4248	0.8857	0.3714	0.4286
0.4281	0.4458	0.4873	0.347	0.3568	0.464	1.0625	0.7188	0.5625
0.4112	0.386	0.4387	0.3196	0.1833	0.3733	1.2083	0.875	1.0833
0.419	0.4327	0.4171	0.3261	0.356	0.3081	1.0769	1.0385	0.9615
0.4365	0.4465	0.4647	0.3327	0.3234	0.3864	0.7442	0.5349	0.5116
0.4191	0.4118	0.4897	0.3182	0.2517	0.4757	1	0.7568	0.7568
0.44	0.4306	0.4463	0.3459	0.2505	0.28	0.7632	0.5263	0.4211
0.4297	0.4255	0.4235	0.2973	0.2015	0.2333	0.6792	0.4906	0.566
0.4577	0.455	0.4923	0.2867	0.173	0.4644	0.3182	0.2424	0.2879
0.4162	0.4204	0.4613	0.2576	0.2403	0.3833	0.7179	0.6154	0.5641
0.4125	0.4075	0.4403	0.2741	0.2519	0.3201	0.8409	0.8182	0.6136
0.4271	0.4278	0.4494	0.305	0.2744	0.3638	0.7556	0.6222	0.6889
0.4152	0.4096	0.4835	0.3115	0.1859	0.4627	1.0294	0.6176	0.8235
0.4461	0.4387	0.483	0.3291	0.1973	0.4415	0.5625	0.375	0.4375
0.431	0.4319	0.4985	0.277	0.2619	0.4803	0.5897	0.5385	0.087
0.4295	0.4294	0.4839	0.2871	0.287	0.4603	0.6429	0.6429	0.7143
0.4002	0.3897	0.4054	0.2855	0.2239	0.245	1.1429	0.9643	0.8214
0.4218	0.4105	0.4498	0.3177	0.2672	0.3677	0.9355	0.8387	0.7097
0.4261	0.4235	0.4057	0.3396	0.3085	0.2226	1.0323	0.8387	0.7419
0.4308	0.4222	0.484	0.31	0.1864	0.4504	0.72	0.5	0.5
0.4265	0.4282	0.453	0.2982	0.2305	0.3631	0.7317	0.5122	0.6098
0.4731	0.4698	0.495	0.3987	0.3184	0.468	0.4035	0.2456	0.193
0.4238	0.4239	0.4599	0.1969	0.2631	0.3712	0.5	0.6364	0.5227
0.4326	0.4239	0.452	0.3596	0.326	0.3774	1.087	0.9565	0.7391
0.4251	0.4308	0.4935	0.2859	0.238	0.481	0.7	0.5	0.525
0.4202	0.4067	0.4204	0.3176	0.2011	0.2776	0.9706	0.6765	0.7353
0.3711	0.3638	0.482	0.2188	0.1666	0.4658	1.25	1.125	1.1562
0.3481	0.36	0.3792	0.2619	0.2713	0.3169	2.45	2.15	2.45
0.4235	0.3932	0.4675	0.3221	0.2021	0.4315	0.9355	0.8387	0.9677
0.4206	0.4119	0.4546	0.3465	0.2679	0.3892	1.2857	0.8214	0.7857
0.4413	0.4367	0.4893	0.3234	0.2781	0.4691	0.6136	0.5227	0.5455
0.4351	0.4338	0.4984	0.3072	0.2217	0.484	0.6389	0.4444	0.1111
0.4138	0.4113	0.4702	0.2789	0.227	0.429	0.8438	0.6875	0.7812
0.3901	0.3795	0.4834	0.2209	0.1154	0.464	0.9459	0.8108	0.8919
0.408	0.3951	0.4833	0.2879	0.2298	0.4654	1	0.9091	0.9697
0.433	0.4229	0.4959	0.3226	0.2549	0.489	0.75	0.625	0.5938
0.4326	0.4193	0.4846	0.3525	0.2146	0.4564	1	0.5714	0.5714
0.4021	0.3637	0.437	0.3263	0.2249	0.3632	1.6	1.44	1
0.4599	0.4558	0.4938	0.3567	0.3197	0.4751	0.4571	0.4	0.3429
0.4221	0.4221	0.4546	0.2973	0.2034	0.3776	0.8	0.525	0.675
0.3959	0.3944	0.4445	0.3318	0.3098	0.3907	2	1.5833	1.1667
0.357	0.3658	0.4739	0.1953	0.2327	0.4544	1.3714	1.4571	1.4
0.4423	0.4085	0.4829	0.3776	0.2013	0.4519	1.0263	0.6579	0.5789
0.4458	0.4502	0.4875	0.2975	0.3092	0.4579	0.4651	0.4419	0.4419
0.4438	0.4241	0.4988	0.3614	0.2149	0.4768	0.8	0.525	0.0556
0.427	0.4041	0.4957	0.3227	0.1997	0.451	0.8649	0.7027	0.102
0.458	0.4586	0.4836	0.3789	0.2696	0.4169	0.6078	0.2885	0.2692
0.4203	0.4203	0.4237	0.3215	0.2893	0.2606	1	0.7895	0.6316
0.4175	0.4191	0.4975	0.2947	0.2367	0.4576	0.8649	0.6216	0.0667
0.4324	0.4258	0.4503	0.3551	0.2532	0.3749	1.0345	0.5862	0.7586
0.4401	0.4379	0.4836	0.3474	0.2366	0.4587	0.7714	0.4286	0.6857
0.3869	0.3836	0.4382	0.2627	0.2281	0.3719	1.2432	1.0811	1.0811
0.4159	0.4097	0.4268	0.2305	0.1874	0.2952	0.6429	0.619	0.7143
0.4395	0.4348	0.494	0.3236	0.2504	0.4814	0.6429	0.4828	0.4828
0.436	0.4351	0.4821	0.3432	0.2685	0.4358	0.8276	0.5172	0.4138
0.4648	0.465	0.4947	0.3847	0.327	0.4795	0.5	0.3095	0.3571
0.4497	0.4483	0.4879	0.3171	0.2944	0.4534	0.4694	0.4286	0.3673
0.4223	0.4225	0.4421	0.289	0.2438	0.2896	0.7556	0.6	0.4889
0.3963	0.3682	0.3786	0.2821	0.1137	0.2152	1.2	0.9333	1.1
0.4394	0.4407	0.4893	0.2971	0.3305	0.4651	0.5429	0.6571	0.4571
0.3768	0.3747	0.4524	0.263	0.2284	0.406	1.4828	1.2414	1.1379
0.4404	0.4396	0.4369	0.3473	0.2264	0.248	0.7647	0.4	0.4571
0.4157	0.4188	0.4812	0.2719	0.2573	0.4488	0.7805	0.6829	0.6098
0.4186	0.4129	0.4465	0.2986	0.2293	0.3716	0.8696	0.6739	0.8261
0.3624	0.3624	0.467	0.2307	0.18	0.442	1.52	1.2	1.4
0.4323	0.4232	0.4559	0.3421	0.2891	0.3815	0.9032	0.7419	0.6774
0.3877	0.4058	0.4481	0.2586	0.2895	0.3857	1.1944	1.0556	0.9444
0.4485	0.4402	0.491	0.3781	0.2632	0.4759	0.8387	0.4516	0.6129
0.3945	0.3836	0.3838	0.2879	0.2509	0.2272	1.2963	1.2222	1.0741
0.4023	0.4067	0.4976	0.2669	0.2712	0.4535	0.9737	0.9211	0.0577
0.3902	0.3961	0.4872	0.2393	0.2274	0.4736	1.0286	0.8857	0.9714
0.4252	0.4224	0.48	0.3105	0.2583	0.4441	0.8205	0.641	0.5897
0.4077	0.4061	0.4941	0.2653	0.253	0.4498	0.875	0.8438	0.1395
0.4576	0.4624	0.4947	0.3421	0.3	0.4778	0.439	0.2927	0.3171
0.4523	0.4474	0.4982	0.3498	0.1416	0.4753	0.5532	0.2766	0.0816
0.4383	0.4278	0.4547	0.3764	0.3377	0.3607	1.1471	0.9706	0.5641
0.4127	0.4096	0.4804	0.3188	0.2826	0.455	1.1613	0.9355	0.8065
0.428	0.4053	0.4929	0.338	0.2034	0.4814	0.9697	0.697	0.6364
0.4002	0.3964	0.4869	0.3006	0.2708	0.4718	1.2857	1.1071	0.8929
0.4357	0.4278	0.4935	0.3379	0.2551	0.4823	0.7955	0.5682	0.5909
0.4442	0.4253	0.4827	0.3804	0.3108	0.4621	1	0.8205	0.8718
0.4022	0.4019	0.4871	0.3092	0.2849	0.4729	1.3333	1.1	0.9333
0.4421	0.4276	0.4866	0.359	0.293	0.4631	0.8205	0.6923	0.5897
0.3843	0.3582	0.4937	0.2868	0.1435	0.4882	1.5652	1.1304	1.1739
0.4446	0.4433	0.4557	0.3256	0.2873	0.3224	0.5714	0.4694	0.4082
0.3813	0.3692	0.4742	0.2751	0.1631	0.4488	1.5	1.0357	1.0714
0.3987	0.3668	0.473	0.3039	0.1721	0.4461	1.3667	1.1	1.0667
0.4126	0.3978	0.4993	0.3007	0.1923	0.49	1	0.7568	0.0784
0.4336	0.435	0.4998	0.2998	0.2854	0.49	0.6316	0.5641	0.0208
0.4654	0.4604	0.4914	0.3943	0.2689	0.4611	0.5455	0.2727	0.2955
0.4275	0.4151	0.4989	0.3333	0.1935	0.49	0.9394	0.5758	0.1282
0.4538	0.4511	0.4833	0.3568	0.3024	0.4305	0.561	0.4146	0.3415
0.4084	0.4131	0.4191	0.223	0.271	0.259	0.7105	0.8158	0.6842
0.4259	0.4282	0.457	0.3481	0.3256	0.3962	1.1379	0.8621	0.7931
0.4187	0.4039	0.4598	0.3136	0.2402	0.3859	0.9706	0.8235	0.6176
0.4465	0.4376	0.4677	0.3522	0.3043	0.3861	0.6735	0.5918	0.449
0.4559	0.4397	0.4803	0.355	0.2606	0.4422	0.5161	0.4516	0.5484
0.4224	0.433	0.4606	0.3073	0.2937	0.3884	0.8529	0.6176	0.6176
0.3661	0.3489	0.4751	0.3076	0.2686	0.4628	2.9412	2.5882	2.1176
0.4383	0.4283	0.4962	0.3127	0.2244	0.4879	0.614	0.5	0.4655
0.4134	0.4043	0.4952	0.3427	0.2947	0.49	1.4783	1.1304	0.9167
0.4206	0.4089	0.4392	0.3099	0.1958	0.27	0.9048	0.6429	0.4762
0.4391	0.4235	0.4733	0.3683	0.2054	0.423	1	0.5152	0.5758
0.378	0.3637	0.3685	0.2923	0.2144	0.2487	1.8636	1.3636	1.5455
0.3892	0.3994	0.4603	0.2402	0.2485	0.4118	1.05	0.925	0.9
0.4317	0.4225	0.4891	0.3409	0.2267	0.4712	0.9062	0.5625	0.625
0.4316	0.4174	0.4618	0.3319	0.2491	0.4078	0.8378	0.6757	0.7838
0.4538	0.4484	0.4925	0.3073	0.2407	0.4754	0.3947	0.3421	0.4474
0.4064	0.3968	0.4279	0.3015	0.2492	0.3381	1.1429	0.9714	0.9714
0.4114	0.3962	0.4686	0.2402	0.1853	0.4257	0.7241	0.7586	0.7931
0.4068	0.3842	0.4714	0.3084	0.1787	0.4344	1.2	0.8857	0.8286
0.4379	0.4269	0.4295	0.3399	0.2316	0.2448	0.7632	0.5263	0.5263
0.4097	0.3959	0.4744	0.3064	0.2202	0.4405	1.1111	0.8611	0.8056
0.3962	0.3778	0.4853	0.32	0.2497	0.4717	1.7037	1.3333	1.1111
0.4118	0.436	0.4953	0.2839	0.3189	0.4277	0.9032	0.6774	0.075
0.4513	0.4601	0.4945	0.3662	0.2962	0.4806	0.6667	0.3095	0.4048
0.4638	0.4599	0.4889	0.2923	0.2402	0.4511	0.2692	0.25	0.3077
0.4468	0.4467	0.4522	0.3035	0.2736	0.2803	0.4681	0.4043	0.3617
0.4771	0.4782	0.4905	0.4288	0.3379	0.4274	0.5116	0.186	0.1628
0.4259	0.423	0.4983	0.2912	0.2242	0.485	0.7105	0.5526	0.1333
0.4028	0.3989	0.492	0.2475	0.2003	0.4814	0.8684	0.7632	0.7632
0.4164	0.4235	0.4364	0.2982	0.2796	0.3322	0.907	0.6977	0.7442
0.4294	0.4241	0.4464	0.2974	0.2425	0.3208	0.6842	0.5789	0.5263
0.4153	0.4182	0.4552	0.3127	0.3242	0.401	1.0385	1.0769	0.9231
0.4064	0.408	0.4994	0.2921	0.2598	0.49	1.0625	0.8438	0.0667
0.4294	0.415	0.462	0.3395	0.2599	0.4007	0.9487	0.7436	0.6923
0.3947	0.3941	0.4443	0.223	0.213	0.3664	0.8889	0.8611	0.8333
0.4257	0.4238	0.4979	0.3238	0.2892	0.4835	0.9	0.7333	0.15
0.4395	0.4453	0.4895	0.3258	0.2678	0.4706	0.6531	0.4082	0.5714
0.3832	0.3901	0.4955	0.2304	0.2087	0.4883	1.1	0.9	0.6222
0.4436	0.4306	0.4719	0.37	0.2975	0.4218	0.8889	0.6667	0.6111
0.4327	0.4352	0.4981	0.3273	0.3211	0.4668	0.7838	0.7027	0.0625
0.4562	0.4395	0.4877	0.3471	0.25	0.4565	0.4783	0.4348	0.413
0.4253	0.4736	0.4304	0.3073	0.4339	0.313	0.8	0.7143	0.7429
0.4455	0.4551	0.4947	0.3027	0.2979	0.4796	0.4828	0.3621	0.3621
0.3904	0.3967	0.4901	0.2681	0.2646	0.4786	1.2121	1.0606	0.8857
0.4065	0.4069	0.4544	0.2837	0.23	0.3758	1	0.75	0.6667
0.4269	0.4407	0.467	0.2864	0.2572	0.4083	0.6757	0.4359	0.6216
0.4382	0.4467	0.4593	0.3334	0.3208	0.3301	0.7174	0.5217	0.383
0.4032	0.3583	0.494	0.3243	0.2023	0.4893	1.5217	1.3913	1.3043
0.4187	0.4089	0.4804	0.2888	0.1734	0.4473	0.8125	0.6042	0.625
0.4289	0.421	0.4653	0.2971	0.2682	0.3907	0.6905	0.6905	0.5238
0.4529	0.4481	0.498	0.3483	0.2617	0.49	0.5349	0.3721	0.2558
0.4018	0.3939	0.4163	0.3047	0.2712	0.3024	1.2903	1.1613	0.9375
0.4495	0.4454	0.483	0.3297	0.2435	0.4297	0.5143	0.3714	0.3429
0.4233	0.4061	0.4218	0.3366	0.2704	0.3055	1.0741	0.9259	0.8519
0.4538	0.4452	0.4868	0.3468	0.329	0.4643	0.5152	0.5758	0.6061
0.4384	0.4399	0.4647	0.3289	0.3163	0.3715	0.6875	0.6042	0.4375
0.4297	0.4129	0.4942	0.3421	0.1466	0.4824	0.9667	0.5333	0.5
0.4321	0.4244	0.483	0.3376	0.2007	0.4471	0.8696	0.5	0.5
0.3914	0.3811	0.4858	0.3063	0.2184	0.4726	1.6296	1.0741	1.1111
0.4151	0.4134	0.4763	0.2173	0.1995	0.4299	0.6207	0.6034	0.5517
0.4204	0.4214	0.4956	0.3104	0.2737	0.4887	0.9118	0.7059	0.6471
0.4382	0.4282	0.4996	0.3227	0.3029	0.49	0.6591	0.7273	0.037
0.4219	0.3791	0.4873	0.3705	0.2234	0.4788	1.7667	1.1333	1.5333
0.4344	0.4182	0.4988	0.3185	0.2325	0.4704	0.7027	0.6216	0.0435
0.4195	0.4171	0.4927	0.3039	0.2303	0.4789	0.8857	0.6286	0.5429
0.4216	0.4139	0.4348	0.2986	0.2676	0.2973	0.8158	0.7895	0.6053
0.4274	0.4273	0.4939	0.3293	0.3045	0.4828	0.9062	0.75	0.5625
0.4357	0.4262	0.4801	0.3239	0.2247	0.4394	0.7083	0.5208	0.5208
0.4308	0.4383	0.4536	0.2816	0.2643	0.3488	0.6053	0.4737	0.5263
0.4411	0.4219	0.4574	0.3772	0.2356	0.386	1.0606	0.5882	0.6765
0.4398	0.4461	0.4859	0.3168	0.3182	0.4578	0.6087	0.5217	0.5217
0.4146	0.4	0.4981	0.3179	0.2584	0.4734	1.1034	0.9655	0.0811
0.4128	0.4076	0.4878	0.3311	0.2917	0.4739	1.3103	1.0345	0.8966
0.4568	0.4615	0.4957	0.3581	0.3146	0.4823	0.5135	0.325	0.325
0.4535	0.4518	0.4933	0.3109	0.3019	0.4731	0.4062	0.4062	0.3438
0.4447	0.4249	0.4922	0.3589	0.2307	0.4757	0.7576	0.5455	0.4848
0.4333	0.4388	0.4661	0.2672	0.2832	0.3832	0.5349	0.5116	0.4651
0.3717	0.3615	0.358	0.2583	0.2082	0.1916	1.5667	1.3667	1.3333
0.3959	0.3777	0.4515	0.3109	0.2418	0.4055	1.5517	1.2759	1.1724
0.3976	0.3984	0.4514	0.2574	0.223	0.3878	1	0.8378	0.8649
0.4526	0.453	0.4529	0.3812	0.369	0.3236	0.7568	0.6486	0.4474
0.4419	0.4254	0.4726	0.3563	0.2163	0.423	0.8	0.5143	0.6
0.4282	0.4078	0.4137	0.3502	0.207	0.1882	1.0968	0.6774	0.5806
0.4366	0.4066	0.4909	0.3567	0.2144	0.4788	0.9355	0.7097	0.7742
0.3982	0.3877	0.4702	0.2807	0.2471	0.4363	1.1471	1.1176	0.9412
0.437	0.405	0.4896	0.3565	0.2286	0.4747	0.9231	0.7692	0.7179
0.4199	0.4162	0.4987	0.2881	0.2272	0.4861	0.7895	0.6316	0.1
0.424	0.4223	0.4227	0.3378	0.3084	0.2909	1.069	0.8621	0.7586
0.4017	0.3766	0.4748	0.2894	0.1834	0.4529	1.1429	1	1.2143
0.4461	0.4802	0.4986	0.3499	0.4457	0.488	0.6667	0.6061	0.1389
0.4364	0.4339	0.4981	0.2724	0.2185	0.4518	0.5122	0.439	0.0435
0.4403	0.4392	0.4706	0.3544	0.2917	0.4095	0.8235	0.5294	0.5294
0.4216	0.4187	0.49	0.2868	0.2919	0.4747	0.7561	0.8293	0.6667
0.424	0.4429	0.4435	0.2817	0.2976	0.2906	0.7	0.5	0.475
0.4223	0.4232	0.4711	0.3085	0.2548	0.4319	0.8621	0.6207	0.7931
0.4352	0.4454	0.4515	0.3286	0.3202	0.3703	0.7436	0.5385	0.6923
0.3979	0.3839	0.4987	0.3077	0.2362	0.488	1.44	1.12	0.125
0.4436	0.4295	0.4725	0.374	0.2879	0.4286	0.9355	0.6452	0.6774
0.4059	0.4096	0.4991	0.2907	0.2413	0.49	1.0625	0.75	0.1
0.3949	0.4168	0.4026	0.2593	0.3043	0.2619	1.0606	0.9394	0.9394
0.4198	0.4187	0.4994	0.2976	0.2781	0.49	0.8421	0.7632	0.0588
0.4358	0.4325	0.4487	0.3022	0.2474	0.3342	0.6087	0.5	0.5435
0.4178	0.4948	0.4972	0.3453	0.4877	0.4778	1.3636	0.7391	0.1481
0.4198	0.4246	0.4937	0.2447	0.2651	0.4832	0.6341	0.6341	0.6098
0.4313	0.4228	0.4512	0.3225	0.2657	0.3476	0.7805	0.6585	0.561
0.3962	0.4017	0.4643	0.2437	0.247	0.4133	0.9535	0.8837	0.7674
0.417	0.4148	0.4779	0.3425	0.3016	0.4572	1.3462	0.9615	1.1154
0.3541	0.3497	0.4665	0.2608	0.2417	0.445	2.1739	2	1.6522
0.4271	0.413	0.4871	0.2888	0.2129	0.4653	0.6829	0.6341	0.6098
0.4322	0.4385	0.4893	0.3169	0.291	0.4698	0.7317	0.5366	0.561
0.4583	0.4579	0.4734	0.3854	0.3676	0.3699	0.6486	0.5405	0.2973
0.4544	0.4419	0.4972	0.3435	0.2959	0.4896	0.4921	0.5079	0.3651
0.4253	0.4172	0.4736	0.331	0.2773	0.4375	0.9688	0.7812	0.7812
0.4169	0.3998	0.4955	0.3191	0.247	0.4276	1.0588	0.9118	0.0714
0.4266	0.4156	0.4838	0.3036	0.22	0.4567	0.7568	0.6216	0.6216
0.4218	0.4253	0.49	0.303	0.2541	0.471	0.8378	0.5946	0.5405
0.415	0.4075	0.4844	0.3311	0.2107	0.4676	1.2414	0.6897	0.9655
0.4169	0.4065	0.4223	0.3123	0.2467	0.3056	1	0.8125	0.8438
0.44	0.4443	0.4822	0.3228	0.3323	0.4513	0.6316	0.6053	0.6053
0.4267	0.4166	0.4529	0.2758	0.1948	0.359	0.641	0.5641	0.5897
0.3972	0.3892	0.4512	0.2677	0.2219	0.3894	1.0714	0.9643	0.8929
0.4597	0.4506	0.4933	0.377	0.3334	0.477	0.5581	0.5116	0.4186
0.4315	0.4224	0.4883	0.303	0.2145	0.4634	0.6757	0.5405	0.4865
0.4774	0.4795	0.4992	0.367	0.3713	0.4834	0.2364	0.2182	0.0517
0.4183	0.4391	0.4766	0.3232	0.353	0.4276	1.0645	0.8387	0.5152
0.4199	0.4116	0.4965	0.3021	0.1996	0.4656	0.8667	0.6222	0.1186
0.3878	0.3807	0.411	0.2777	0.2396	0.3107	1.36	1.2	1.12
0.4075	0.3942	0.4528	0.265	0.1544	0.3809	0.875	0.7188	0.75
0.4237	0.4141	0.4657	0.3336	0.316	0.4259	1.0323	1.0968	0.9355
0.4234	0.4191	0.4707	0.3328	0.3099	0.423	1.0333	0.9333	0.6667
0.3925	0.3919	0.4621	0.2353	0.204	0.412	0.9722	0.8611	0.8333
0.3516	0.3423	0.4773	0.2487	0.2183	0.4652	2.0455	1.9091	1.9545
0.417	0.3872	0.4395	0.3333	0.2162	0.3516	1.2121	0.9697	0.8182
0.4073	0.4084	0.495	0.2944	0.2537	0.4885	1.0625	0.8125	0.7812
0.3971	0.3748	0.4653	0.261	0.1853	0.4301	1.0312	1.0312	1.0625
0.4467	0.4312	0.454	0.352	0.2405	0.3438	0.6667	0.5	0.5
0.3985	0.3817	0.3966	0.3237	0.2572	0.2875	1.6897	1.3103	1.2414
0.4246	0.4309	0.4718	0.2611	0.2642	0.4206	0.6222	0.5556	0.6
0.392	0.3538	0.4868	0.316	0.1689	0.4764	1.7917	1.2917	1.2917
0.4287	0.4237	0.4893	0.3271	0.1966	0.4746	0.8611	0.5	0.75
0.3954	0.3638	0.4682	0.3201	0.2185	0.4446	1.7391	1.3913	1.4348
0.4263	0.4228	0.4934	0.2483	0.2412	0.4804	0.5682	0.5909	0.5227
0.4213	0.4019	0.4442	0.3337	0.2172	0.3597	1.0968	0.7742	0.7742
0.4028	0.3911	0.4773	0.2825	0.2219	0.4517	1.0645	0.9355	0.9355
0.3997	0.4003	0.4947	0.2865	0.2879	0.4886	1.1613	1.1613	0.871
0.4076	0.3956	0.4902	0.2573	0.1744	0.4778	0.8387	0.7419	0.8065
0.4659	0.4477	0.4836	0.4094	0.282	0.4436	0.6667	0.4103	0.4359
0.4312	0.4396	0.4535	0.3321	0.3594	0.3656	0.8462	0.8846	0.6154
0.363	0.3421	0.4938	0.2539	0.1655	0.4895	1.7586	1.4828	1.4483
0.4365	0.4382	0.447	0.3025	0.232	0.2926	0.6	0.42	0.44
0.3887	0.3948	0.4865	0.2654	0.2648	0.4721	1.2258	1.0968	0.9677
0.361	0.3652	0.4684	0.2369	0.2302	0.4442	1.6129	1.4516	1.3871
0.4146	0.4292	0.4133	0.2932	0.3267	0.249	0.9091	0.8485	0.7273
0.3672	0.3408	0.399	0.3007	0.2062	0.3306	2.5909	1.8182	1.8182
0.4393	0.4512	0.4994	0.2721	0.3035	0.49	0.4792	0.4167	0.069
0.4406	0.4281	0.4258	0.3294	0.2459	0.1942	0.6522	0.5435	0.4783
0.4134	0.405	0.4994	0.3299	0.288	0.485	1.2727	1.0606	0.0444
0.4474	0.4259	0.4952	0.3526	0.2345	0.4858	0.6571	0.5429	0.5143
0.3899	0.3904	0.4312	0.2809	0.2171	0.3331	1.3415	0.9268	0.8537
0.3909	0.3738	0.3891	0.2967	0.2149	0.2437	1.5	1.1786	1.0714
0.4401	0.4324	0.4741	0.3511	0.2392	0.425	0.8	0.4857	0.5714
0.4319	0.4335	0.4851	0.3136	0.2001	0.4562	0.72	0.42	0.54
0.3874	0.3861	0.4988	0.2751	0.2195	0.4825	1.3421	1	0.0769
0.4639	0.4659	0.4884	0.358	0.3605	0.4562	0.4	0.3778	0.3778
0.435	0.4159	0.4266	0.3681	0.1908	0.2582	1.1316	0.5641	0.5897
0.4621	0.4626	0.4869	0.3868	0.3304	0.4499	0.5714	0.3429	0.3714
0.3939	0.3757	0.4719	0.3212	0.2401	0.4456	1.8261	1.3043	1.1304
0.3898	0.3772	0.4827	0.2721	0.2225	0.4663	1.2581	1.1613	1.0968
0.4	0.3797	0.4055	0.3238	0.2586	0.3244	1.6296	1.3704	1.4444
0.3895	0.3789	0.4492	0.2922	0.2496	0.3975	1.4828	1.3103	1.1034
0.4358	0.4243	0.4219	0.3494	0.21	0.195	0.8857	0.5143	0.5143
0.4209	0.4045	0.442	0.3449	0.2634	0.35	1.25	0.9167	0.75
0.4188	0.4059	0.4808	0.2986	0.2443	0.456	0.8649	0.8108	0.8108
0.3703	0.3806	0.4755	0.256	0.254	0.4554	1.5769	1.3077	1.2692
0.4148	0.4045	0.4745	0.3039	0.1079	0.4344	0.9773	0.5682	0.6818
0.4432	0.445	0.4996	0.3146	0.2223	0.49	0.55	0.35	0.0455
0.3497	0.2922	0.4145	0.2769	0.1105	0.3723	2.8	2.25	2.35
0.4006	0.3998	0.4475	0.2664	0.2505	0.3831	1	0.9286	0.9286
0.4094	0.4084	0.4137	0.2918	0.26	0.2632	1	0.8387	0.7742
0.4235	0.4472	0.4685	0.3125	0.2982	0.3784	0.8649	0.45	0.4
0.4501	0.4377	0.4728	0.3666	0.2238	0.4035	0.6957	0.413	0.4348
0.419	0.4297	0.4922	0.2698	0.3072	0.4801	0.7241	0.7241	0.6552
0.4167	0.4031	0.4208	0.3263	0.2547	0.2916	1.1379	0.8966	0.7931
0.3845	0.4033	0.4956	0.2317	0.2589	0.49	1.0857	0.9143	0.8
0.4578	0.459	0.4689	0.3671	0.3351	0.3459	0.54	0.4	0.3
0.4056	0.4018	0.4333	0.3169	0.2306	0.3756	1.3333	0.8182	1.3333
0.404	0.4041	0.4109	0.2674	0.2207	0.2684	0.9459	0.7568	0.8378
0.4229	0.4282	0.4362	0.2826	0.2861	0.3149	0.7188	0.6562	0.6562
0.4186	0.4201	0.4844	0.2813	0.2682	0.4637	0.7778	0.7037	0.7778
0.3797	0.3729	0.407	0.2517	0.2171	0.2984	1.3103	1.2069	1.1
0.4111	0.3998	0.4957	0.2844	0.1863	0.49	0.92	0.72	0.76
0.4226	0.4199	0.4247	0.3098	0.229	0.2402	0.8649	0.5946	0.5676
0.3992	0.381	0.4895	0.3023	0.2201	0.4792	1.3333	1.0833	1.0417
0.4266	0.4259	0.4478	0.3071	0.2678	0.3261	0.775	0.625	0.525
0.4476	0.4522	0.4834	0.3303	0.2805	0.4371	0.5435	0.3617	0.383
0.4475	0.4176	0.4931	0.4021	0.2281	0.481	1.2903	0.6176	0.5882
0.4307	0.4254	0.457	0.3	0.2568	0.3495	0.675	0.6	0.475
0.3844	0.3904	0.3993	0.2414	0.2451	0.2517	1.1429	1.0571	0.9429
0.4106	0.3838	0.4891	0.331	0.2338	0.4795	1.3784	1.1081	1.1622
0.3895	0.387	0.4696	0.2721	0.2616	0.4401	1.2667	1.2333	1.1
0.4234	0.4274	0.4869	0.3013	0.2858	0.4666	0.8	0.6667	0.6667
0.4122	0.4229	0.4159	0.2767	0.274	0.2703	0.8571	0.6857	0.7714
0.4499	0.4486	0.496	0.3577	0.3118	0.4879	0.6383	0.4681	0.4894
0.403	0.4014	0.4976	0.2843	0.2624	0.489	1.0741	0.963	0.2857
0.3656	0.347	0.3563	0.27	0.2111	0.2446	1.9167	1.7083	1.8333
0.3735	0.3517	0.4698	0.2295	0.1485	0.4427	1.2727	1.2424	1.1818
0.4127	0.3895	0.4754	0.3346	0.2311	0.4486	1.3667	1	0.9667
0.4189	0.4067	0.4483	0.3073	0.2224	0.3582	0.9189	0.7297	0.6757
0.3968	0.382	0.4596	0.2847	0.1965	0.4123	1.2121	0.9697	0.9394
0.4386	0.4374	0.4899	0.3323	0.2878	0.4658	0.7027	0.5405	0.4324
0.4307	0.4368	0.4712	0.2839	0.2631	0.4154	0.6154	0.4872	0.5641
0.3948	0.3965	0.4649	0.2893	0.2714	0.4309	1.3056	1.1111	1.1111
0.3879	0.3942	0.4608	0.2837	0.2757	0.4264	1.4231	1.1923	1.2308
0.4119	0.4102	0.4302	0.2586	0.2333	0.3193	0.7812	0.7188	0.7812
0.4051	0.3853	0.489	0.32	0.2244	0.4769	1.3929	1.0357	0.9286
0.407	0.4107	0.493	0.2893	0.2869	0.4834	1.0294	0.9412	0.7353
0.4115	0.4217	0.465	0.2374	0.2707	0.4089	0.7143	0.6905	0.6905
0.4282	0.4173	0.4431	0.3477	0.2943	0.3509	1.0667	0.8667	0.7333
0.4635	0.4565	0.4786	0.3481	0.3404	0.4206	0.375	0.45	0.4
0.4441	0.4465	0.453	0.3145	0.3239	0.3212	0.5366	0.5366	0.439
0.427	0.4205	0.4662	0.3086	0.2495	0.405	0.7778	0.6389	0.6111
0.4132	0.4069	0.4884	0.3145	0.2672	0.4719	1.1034	0.8966	0.7241
0.415	0.4113	0.4925	0.2529	0.2288	0.4818	0.7179	0.6923	0.7179
0.4526	0.441	0.479	0.3324	0.2701	0.417	0.4783	0.4565	0.3696
0.4151	0.3993	0.4901	0.3532	0.3271	0.4558	1.6364	1.7273	0.3
0.381	0.3695	0.3792	0.2591	0.1992	0.2305	1.3448	1.1724	1.1724
0.452	0.4563	0.4853	0.3498	0.3256	0.4361	0.5581	0.4091	0.3182
0.4306	0.433	0.494	0.2855	0.3191	0.4821	0.6216	0.7297	0.5135
0.4421	0.4311	0.4903	0.3345	0.2217	0.4714	0.6531	0.4694	0.5306
0.4526	0.4589	0.4416	0.3585	0.3299	0.2955	0.5918	0.3878	0.5102
0.4219	0.4126	0.4889	0.3229	0.2696	0.4721	0.9767	0.8182	0.6818
0.4341	0.4341	0.4829	0.2916	0.2435	0.4427	0.5952	0.4762	0.4524
0.4242	0.4067	0.4952	0.3104	0.1853	0.3894	0.8387	0.6452	0.0513
0.3947	0.4043	0.4919	0.214	0.2265	0.4804	0.8571	0.7714	0.7143
0.4358	0.4296	0.4991	0.3382	0.1814	0.488	0.7955	0.4318	0.0862
0.4299	0.4336	0.4544	0.3431	0.3159	0.3604	0.973	0.7027	0.5676
0.4395	0.4334	0.4644	0.3625	0.2152	0.3812	0.9211	0.439	0.4878
0.4031	0.4138	0.4839	0.2835	0.2634	0.4655	1.0645	0.7742	0.9032
0.4326	0.4274	0.4872	0.3482	0.2588	0.4634	0.9535	0.5814	0.5581
0.4243	0.4164	0.49	0.3347	0.2707	0.4749	1.0294	0.7647	0.6765
0.4264	0.4262	0.4147	0.3255	0.301	0.2375	0.9	0.75	0.675
0.4309	0.43	0.4583	0.2921	0.2731	0.3514	0.641	0.5897	0.4615
0.4417	0.4312	0.4967	0.3444	0.2138	0.4885	0.7174	0.4565	0.413
0.4203	0.4317	0.499	0.3091	0.251	0.4867	0.9032	0.5161	0.0811
0.4258	0.4238	0.4947	0.3168	0.225	0.4863	0.8485	0.5455	0.6364
0.4017	0.3901	0.4957	0.282	0.2272	0.49	1.0833	0.9722	0.75
0.442	0.4473	0.4922	0.3279	0.3022	0.4756	0.6216	0.4595	0.4865
0.4407	0.4218	0.4876	0.3809	0.3174	0.4729	1.1333	0.9333	0.8667
0.4056	0.3764	0.4604	0.3263	0.2304	0.4261	1.4722	1.2222	1.25
0.4266	0.4131	0.4328	0.3344	0.2309	0.3138	0.9706	0.6765	0.7059
0.4418	0.4426	0.4975	0.3514	0.2708	0.4891	0.7647	0.4412	0.2973
0.4145	0.4055	0.421	0.306	0.2472	0.2988	1	0.8276	0.8276
0.4014	0.3977	0.4729	0.2689	0.2408	0.4404	1	0.9167	0.8889
0.438	0.4378	0.4973	0.3162	0.274	0.49	0.6333	0.5	0.3667
0.3899	0.3777	0.459	0.2821	0.1791	0.4125	1.3529	0.9706	0.9706
0.4265	0.4309	0.4591	0.2908	0.3063	0.3848	0.7	0.7	0.625
0.3829	0.4	0.4858	0.2323	0.2817	0.4706	1.1154	1.1154	0.9615
0.4398	0.4362	0.4815	0.3138	0.1586	0.4374	0.5957	0.3617	0.4468
0.4237	0.412	0.4169	0.3301	0.2338	0.2366	1	0.697	0.6471
0.4142	0.405	0.4936	0.3098	0.1994	0.4836	1.0385	0.6923	0.6538
0.4048	0.4082	0.4405	0.2504	0.2103	0.3479	0.8511	0.6809	0.766
0.4121	0.4214	0.4633	0.2226	0.27	0.3859	0.6667	0.6923	0.5385
0.428	0.4344	0.4382	0.3449	0.3165	0.3214	1.0385	0.6923	0.6538
0.3822	0.3705	0.4654	0.2742	0.2297	0.4344	1.4667	1.3333	1.2
0.3998	0.4037	0.4639	0.2816	0.2531	0.4212	1.12	0.88	0.92
0.4268	0.4229	0.4805	0.3154	0.2143	0.4502	0.8214	0.5357	0.6786
0.4218	0.4131	0.4601	0.2859	0.1429	0.3894	0.75	0.5278	0.6389
0.4441	0.4375	0.4947	0.3396	0.2856	0.4811	0.6444	0.5333	0.4
0.367	0.3661	0.4961	0.2196	0.1998	0.4558	1.3333	1.2333	0.1
0.4048	0.4057	0.4395	0.2471	0.2503	0.3598	0.8378	0.8378	0.8919
0.3885	0.3928	0.4863	0.2616	0.2572	0.4725	1.2	1.0857	1.0286
0.4083	0.3805	0.396	0.3375	0.199	0.2464	1.5758	1	0.9697
0.4249	0.422	0.4233	0.298	0.2148	0.2702	0.7576	0.5455	0.6667
0.4181	0.4086	0.4957	0.3412	0.2844	0.49	1.2857	0.9643	0.75
0.4524	0.4562	0.4956	0.3405	0.3194	0.4808	0.5116	0.3953	0.3023
0.355	0.342	0.3297	0.2411	0.21	0.1523	1.8261	1.8261	1.6522
0.4592	0.4345	0.4401	0.4051	0.2751	0.3209	0.8378	0.5405	0.6216
0.4082	0.41	0.4356	0.3208	0.2598	0.3487	1.3077	0.8148	0.8846
0.3842	0.3762	0.4117	0.2661	0.2405	0.3187	1.3333	1.2963	1.1852
0.4171	0.4146	0.4841	0.3459	0.3195	0.4662	1.4	1.12	0.92
0.4346	0.4392	0.4779	0.2065	0.2591	0.4229	0.4182	0.4545	0.4364
0.4044	0.3971	0.4909	0.2879	0.2237	0.48	1.0714	0.8571	0.8571
0.4052	0.3961	0.4654	0.2493	0.17	0.4147	0.8409	0.7273	0.75
0.444	0.4358	0.4961	0.3354	0.2883	0.4895	0.625	0.5625	0.5938
0.4082	0.3977	0.4919	0.278	0.1817	0.4817	0.9333	0.7333	0.8
0.4425	0.447	0.4865	0.3624	0.3485	0.463	0.84	0.64	0.6
0.4021	0.3941	0.4222	0.2668	0.225	0.3037	0.9762	0.9048	0.8333
0.4757	0.478	0.4991	0.4184	0.3512	0.4867	0.4615	0.2051	0.0732
0.4191	0.4096	0.4401	0.2856	0.2235	0.3436	0.7907	0.6977	0.7442
0.4374	0.4338	0.4941	0.3554	0.3175	0.444	0.9024	0.7073	0.125
0.4147	0.3754	0.4788	0.3455	0.1786	0.458	1.4828	1	1.069
