x
0.3094
0.3407
0.3309
0.3204
0.3264
0.3129
0.329
0.3446
0.3214
0.3255
0.352
0.3405
0.3378
0.3161
0.3293
0.3287
0.308
0.3415
0.3132
0.3251
0.3485
0.351
0.3108
0.3372
0.3298
0.3436
0.3475
0.3196
0.331
0.2951
0.3254
0.3522
0.3205
0.3233
0.3301
0.3457
0.3346
0.3306
0.3727
0.2903
0.3134
0.3331
0.3452
0.3126
0.3004
0.3176
0.304
0.3294
0.347
0.3207
0.3202
0.3256
0.3478
0.3227
0.3146
0.3283
0.3297
0.3375
0.306
0.3312
0.3061
0.3112
0.3284
0.2945
0.3417
0.3361
0.3389
0.3085
0.3763
0.3634
0.329
0.3472
0.295
0.3395
0.3286
0.345
0.3341
0.3448
0.3389
0.3087
0.3126
0.3466
0.3158
0.3232
0.2808
0.3467
0.3438
0.3543
0.3311
0.3337
0.2984
0.3252
0.3078
0.3198
0.3483
0.3022
0.3256
0.2984
0.3182
0.3335
0.3282
0.3292
0.3293
0.3195
0.3089
0.3234
0.3052
0.2676
0.346
0.3456
0.3569
0.339
0.3125
0.3125
0.3151
0.3029
0.3412
0.3343
0.3125
0.3341
0.3428
0.3194
0.3077
0.3301
0.3068
0.294
0.3259
0.3478
0.3197
0.3312
0.3088
0.3525
0.32
0.3126
0.3213
0.3182
0.3294
0.339
0.3553
0.3269
0.2873
0.3357
0.3295
0.3026
0.3649
0.331
0.3163
0.3279
0.3435
0.3594
0.3493
0.3182
0.3242
0.3122
0.3484
0.3052
0.3104
0.3447
0.3094
0.3016
0.3462
0.294
0.3245
0.342
0.3088
0.3411
0.331
0.3469
0.3353
0.3426
0.3575
0.3275
0.3171
0.3326
0.3122
0.3165
0.3218
0.3109
0.3517
0.3456
0.3596
0.3016
0.335
0.3564
0.3392
0.3403
0.3237
0.3148
0.2988
0.309
0.2557
0.3084
0.3186
0.3411
0.321
0.365
0.3234
0.3511
0.3422
0.3652
0.3493
0.3151
0.3612
0.3087
0.3271
0.3364
0.308
0.3126
0.3505
0.3244
0.3288
0.3306
0.3471
0.3201
0.3605
0.3323
0.2963
0.3453
0.3238
0.3589
0.3073
0.3339
0.3189
0.3022
0.3147
0.3283
0.3506
0.35
0.318
0.3438
0.3243
0.353
0.3254
0.319
0.3046
0.2966
0.3318
0.2801
0.3663
0.3512
0.3071
0.3351
0.3345
0.3515
0.3329
0.3461
0.3396
0.2976
0.2701
0.3332
0.3366
0.3452
0.3132
0.296
0.3261
0.3265
0.316
0.337
0.3019
0.3458
0.3409
0.3347
0.3394
0.3212
0.3532
0.3541
0.2829
0.3441
0.3527
0.3358
0.3562
0.3153
0.3275
0.3205
0.3118
0.3301
0.3151
0.3037
0.3244
0.2957
0.3358
0.2995
0.3309
0.2864
0.3508
0.3047
0.3346
0.3209
0.3406
0.3256
0.3311
0.3024
0.3007
0.331
0.3018
0.3194
0.3199
0.3101
0.3382
0.311
0.3032
0.3333
0.2997
0.3178
0.343
0.3214
0.3675
0.3581
0.3187
0.3131
0.2797
0.3176
0.3451
0.3311
0.3385
0.3626
0.2844
0.3411
0.3228
0.3396
0.3291
0.3297
0.3593
0.3073
0.3271
0.3565
0.3165
0.3555
0.3551
0.3461
0.3358
0.3519
0.3417
0.3362
0.3475
0.3445
0.2831
0.3371
0.3083
0.3409
0.319
0.2989
0.3414
0.3203
0.3222
0.3059
0.2822
0.2955
0.3328
0.3646
0.3521
0.3249
0.3713
0.2421
0.3408
0.3297
0.3299
0.2802
0.327
0.3133
0.3523
0.3466
0.3545
0.3291
0.283
0.3027
0.3397
0.3492
0.3157
0.3561
0.3232
0.3207
0.3179
0.3199
0.3257
0.3303
0.3605
0.3312
0.3227
0.2746
0.3163
0.3338
0.3438
0.29
0.3295
0.3601
0.3294
0.3077
0.3395
0.339
0.3168
0.3245
0.3578
0.3076
0.3312
0.3283
0.2733
0.2938
0.2884
0.347
0.3207
0.2983
0.3439
0.3164
0.2808
0.3066
0.3451
0.2906
0.3078
0.3055
0.3413
0.3416
0.3555
0.2847
0.3197
0.3302
0.3064
0.3008
0.3281
0.3672
0.3504
0.3182
0.3184
0.2869
0.3245
0.3216
0.3402
0.3508
0.3234
0.3001
0.3348
0.3674
0.3038
0.3255
0.3307
0.3296
0.3432
0.341
0.3193
0.325
0.3319
0.3469
0.3664
0.2928
0.3478
0.3204
0.315
0.332
0.3412
0.3264
0.3462
0.3009
0.3153
0.3094
0.289
0.3255
0.3177
0.3393
0.3321
0.3308
0.3282
0.2964
0.3404
0.341
0.3305
0.3017
0.3467
0.3369
0.3054
0.3139
0.344
0.3366
0.31
0.3014
0.3595
0.3482
0.3103
0.3357
0.3187
0.2511
0.3174
0.3271
0.3409
0.3184
0.3596
0.299
0.3594
0.3568
0.3155
0.3651
0.3367
0.33
0.3283
0.3132
0.3007
0.3023
0.3367
0.3653
0.3328
0.3095
0.3035
0.3364
0.3116
0.3355
0.3356
0.3167
0.3258
0.3401
0.3444
0.3017
0.3131
0.3179
0.3501
0.2995
0.3168
0.3411
0.3364
0.307
0.3282
0.3271
0.3462
0.3283
0.325
0.3814
0.3334
0.3384
0.2666
0.3282
0.3397
0.2814
0.3476
0.338
0.3363
0.3207
0.3153
0.3326
0.3029
0.3237
0.286
0.3589
0.326
0.2856
0.3563
0.3496
0.3701
0.2924
0.31
0.335
0.3095
0.3579
0.36
0.3178
0.3278
0.3174
0.3516
0.3299
0.327
0.3127
0.3203
0.3558
0.3271
0.3588
0.3238
0.3011
0.3515
0.3118
0.3531
0.3572
0.3131
0.2798
0.3539
0.3204
0.2941
0.3384
0.3425
0.3241
0.3583
0.3416
0.3449
0.3741
0.3368
0.336
0.3167
0.2831
0.2945
0.3353
0.3107
0.3167
0.3585
0.3551
0.3556
0.3113
0.3293
0.3234
0.3161
0.3238
0.2965
0.3601
0.3022
0.31
0.3253
0.3263
0.3463
0.346
0.3094
0.2953
0.3302
0.3329
0.3243
0.3562
0.3603
0.2971
0.3407
0.3107
0.3337
0.3361
0.3369
0.3359
0.2987
0.3247
0.3343
0.3168
0.3436
0.3131
0.3346
0.3619
0.3397
0.3035
0.3046
0.3115
0.3421
0.3508
0.2803
0.319
0.3022
0.3053
0.3004
0.3144
0.3202
0.3151
0.3417
0.3337
0.326
0.3364
0.323
0.3252
0.3324
0.3198
0.3416
0.3385
0.3143
0.3395
0.3117
0.3392
0.3057
0.3485
0.2962
0.339
0.3269
0.3426
0.2908
0.302
0.3388
0.3508
0.3261
0.34
0.3366
0.331
0.3449
0.3146
0.3256
0.2764
0.3506
0.3065
0.3202
0.3007
0.2924
0.3413
0.325
0.3482
0.3197
0.3128
0.3026
0.3131
0.3003
0.3046
0.3333
0.3385
0.3354
0.3359
0.3501
0.317
0.3088
0.3329
0.3234
0.3112
0.301
0.3229
0.3168
0.3343
0.3168
0.3156
0.3293
0.3709
0.328
0.3372
0.3171
0.3137
0.3089
0.3299
0.3205
0.3312
0.302
0.3016
0.3567
0.3316
0.3335
0.3061
0.3176
0.2957
0.334
0.3273
0.3337
0.3255
0.3558
0.3315
0.3573
0.3169
0.3176
0.3364
0.3288
0.3331
0.3216
0.3397
0.3353
0.3431
0.2791
0.2755
0.3447
0.3427
0.3596
0.3565
0.341
0.3188
0.3302
0.2895
0.3396
0.3156
0.2938
0.3037
0.3106
0.3524
0.3309
0.2886
0.3218
0.3582
0.3138
0.2893
0.3481
0.3683
0.313
0.2935
0.3529
0.3171
0.3298
0.2795
0.3021
0.3328
0.3482
0.3376
0.3099
0.3423
0.3632
0.3132
0.3049
0.349
0.2865
0.3585
0.3098
0.3149
0.2875
0.3231
0.3351
0.3159
0.3441
0.3198
0.3136
0.3418
0.3325
0.348
0.3177
0.2868
0.3232
0.32
0.3114
0.3221
0.3074
0.3286
0.3302
0.3151
0.3312
0.369
0.3332
0.3169
0.3376
0.3417
0.3627
0.3464
0.3196
0.3241
0.3233
0.327
0.3235
0.3313
0.2968
0.3083
0.302
0.2914
0.3108
0.3546
0.326
0.3322
0.3197
0.3435
0.3239
0.3148
0.324
0.3183
0.3225
0.3288
0.3434
0.3254
0.2984
0.3277
0.3561
0.2884
0.3019
0.3398
0.3506
0.3374
0.3498
0.3335
0.3572
0.338
0.3275
0.352
0.3
0.3339
0.2679
0.3245
0.3466
0.3346
0.3365
0.3481
0.2961
0.3484
0.3301
0.3192
0.3093
0.3322
0.3221
0.3412
0.3054
0.3092
0.3131
0.3112
0.3445
0.3582
0.3523
0.3571
0.3588
0.3403
0.3434
0.327
0.3541
0.298
0.3337
0.3227
0.3064
0.333
0.3387
0.3565
0.332
0.3223
0.3002
0.3288
0.3089
0.3517
0.2854
0.3305
0.35
0.3423
0.3151
0.3572
0.3253
0.3537
0.2895
0.346
0.3316
0.349
0.3289
0.3077
0.3217
0.3581
0.2995
0.3373
0.361
0.3577
0.3231
0.3177
0.3554
0.3132
0.2964
0.3139
0.3424
0.32
0.3364
0.318
0.3017
0.3095
0.3185
0.3219
0.322
0.2953
0.3432
0.3493
0.3343
0.3539
0.332
0.3245
0.3129
0.3236
0.3253
0.3284
0.2988
0.311
0.2806
0.3109
0.3318
0.3146
0.3474
0.3135
0.3551
0.3417
0.3351
0.3338
0.3597
0.3006
0.3216
0.3429
0.3481
0.3478
0.3301
0.3025
0.3624
0.3268
0.2999
0.3503
0.3557
0.3448
0.321
0.3402
0.3152
0.2866
0.3084
0.3003
0.3091
0.3045
0.3274
0.325
0.2978
0.3353
0.3183
0.3532
0.3103
0.3125
0.3465
0.3628
0.3051
0.3419
0.2966
0.3185
0.3223
0.34
0.2946
0.3226
0.3075
0.3535
0.3226
0.3589
0.3389
0.3472
0.3115
0.3383
0.3495
0.3182
0.3184
0.3161
0.3215
0.3547
0.3121
0.3303
0.3212
0.3257
0.3212
0.3066
0.3174
0.3537
0.3211
0.3245
0.3532
0.3448
0.3382
0.3146
0.3238
0.3231
0.3086
0.3363
0.31
0.3217
0.3422
0.3513
0.3011
0.3305
0.3245
0.348
0.3489
0.323
0.3375
0.2789
0.319
0.3539
0.3184
0.3123
0.3374
0.3463
0.3262
0.3332
0.3733
0.276
0.3184
0.3423
0.3415
0.3054
0.3069
0.3124
0.3035
0.3193
0.3437
0.3231
0.3209
0.3142
0.3455
0.3047
0.3164
0.3246
0.3179
0.3328
0.3022
0.3341
0.298
0.3011
0.3278
0.2895
0.3299
0.3342
0.3279
0.2941
0.3784
0.3698
0.3275
0.345
0.2826
0.337
0.3319
0.3408
0.3393
0.344
0.3312
0.3081
0.3085
0.3481
0.3135
0.3205
0.2809
0.3472
0.3399
0.3567
0.3257
0.3434
0.2938
0.3234
0.2972
0.3214
0.3477
0.2995
0.3216
0.2917
0.3112
0.338
0.3282
0.327
0.3208
0.3183
0.2965
0.3233
0.2996
0.2621
0.3563
0.3453
0.3553
0.338
0.3057
0.3107
0.3175
0.2935
0.3402
0.3248
0.3005
0.337
0.3511
0.3228
0.2993
0.3256
0.3041
0.2873
0.3218
0.3524
0.3133
0.3302
0.3016
0.3534
0.31
0.3051
0.3226
0.3016
0.3231
0.3318
0.3564
0.3276
0.276
0.3274
0.3232
0.2935
0.3652
0.33
0.306
0.3195
0.3383
0.3592
0.3431
0.3061
0.3211
0.3082
0.3408
0.304
0.3068
0.3355
0.3125
0.2957
0.3441
0.2878
0.3255
0.3351
0.3025
0.3488
0.3336
0.3472
0.341
0.3454
0.3551
0.316
0.3195
0.3242
0.3031
0.3201
0.3192
0.313
0.3518
0.3471
0.3646
0.3008
0.3357
0.3563
0.3356
0.3435
0.3199
0.309
0.3031
0.3034
0.2559
0.3048
0.3146
0.3416
0.3148
0.3649
0.3157
0.3452
0.3378
0.3665
0.3548
0.3052
0.3588
0.3095
0.3234
0.3335
0.3052
0.3124
0.3431
0.3287
0.3274
0.3204
0.3444
0.316
0.3621
0.3271
0.2846
0.3348
0.3278
0.3669
0.2891
0.3312
0.3111
0.3011
0.2969
0.3295
0.3461
0.3515
0.3196
0.3436
0.324
0.3534
0.3252
0.3195
0.2976
0.3044
0.3237
0.2811
0.3677
0.3476
0.3033
0.331
0.3341
0.3548
0.3242
0.3361
0.3385
0.2895
0.2516
0.3323
0.3345
0.3445
0.3144
0.2842
0.3168
0.3173
0.3053
0.3255
0.3018
0.3461
0.3382
0.3352
0.3403
0.3219
0.3456
0.3558
0.2809
0.3495
0.3473
0.3306
0.3558
0.3127
0.3192
0.3214
0.3084
0.3195
0.3189
0.3065
0.3228
0.2858
0.3447
0.2931
0.3273
0.2765
0.3445
0.3016
0.329
0.3111
0.3364
0.3278
0.3306
0.2984
0.297
0.3164
0.2837
0.3067
0.3175
0.3006
0.3419
0.3058
0.2963
0.3317
0.3053
0.3054
0.34
0.3159
0.3611
0.3595
0.3211
0.3136
0.2723
0.3177
0.3336
0.3387
0.3353
0.3606
0.2771
0.3432
0.311
0.3402
0.3211
0.3262
0.3598
0.3071
0.3261
0.3609
0.3043
0.3553
0.3534
0.3452
0.3375
0.3532
0.3363
0.3342
0.3443
0.3438
0.2942
0.3383
0.3002
0.3284
0.3179
0.2919
0.3418
0.3245
0.3142
0.3088
0.277
0.3043
0.3318
0.3626
0.3517
0.3225
0.3721
0.2313
0.3372
0.3243
0.3204
0.2861
0.3245
0.3044
0.3544
0.3472
0.366
0.3271
0.2794
0.2969
0.3361
0.345
0.3102
0.3495
0.3228
0.3128
0.3241
0.3167
0.3156
0.3237
0.3568
0.3313
0.3208
0.2661
0.3053
0.3274
0.3443
0.281
0.3239
0.3586
0.3226
0.3057
0.3352
0.3373
0.312
0.3243
0.3747
0.3087
0.3237
0.3201
0.2721
0.2916
0.2928
0.3362
0.2994
0.3037
0.3317
0.3036
0.2733
0.3017
0.3399
0.2777
0.3095
0.3086
0.342
0.3353
0.3568
0.276
0.3103
0.3242
0.2962
0.3054
0.3268
0.3707
0.3486
0.3143
0.3118
0.2845
0.3203
0.3188
0.3396
0.345
0.3276
0.2935
0.3285
0.3687
0.2882
0.3158
0.3277
0.328
0.3492
0.339
0.3156
0.3158
0.327
0.3447
0.3612
0.2873
0.3478
0.3175
0.2992
0.3234
0.3384
0.3226
0.3519
0.307
0.3208
0.3122
0.2834
0.3244
0.3208
0.3416
0.3288
0.3265
0.3273
0.2946
0.3381
0.3458
0.3217
0.2954
0.3395
0.3284
0.31
0.3023
0.3431
0.3331
0.2981
0.2936
0.3498
0.345
0.3058
0.3338
0.3056
0.233
0.3112
0.326
0.3436
0.312
0.3585
0.2919
0.3621
0.3547
0.3043
0.3637
0.3364
0.324
0.3226
0.3109
0.2949
0.2993
0.3321
0.3628
0.3345
0.3101
0.3037
0.3306
0.3094
0.3324
0.3348
0.3088
0.3174
0.3356
0.3411
0.2845
0.3075
0.3149
0.3369
0.2713
0.3051
0.3423
0.337
0.2966
0.3235
0.3274
0.3468
0.3219
0.3209
0.3788
0.3292
0.3341
0.2267
0.3268
0.3447
0.2709
0.3466
0.335
0.3383
0.3181
0.3063
0.3337
0.3031
0.3403
0.2769
0.3652
0.3167
0.2912
0.3606
0.3434
0.3823
0.2797
0.3144
0.337
0.2967
0.3531
0.3613
0.3115
0.3227
0.3217
0.3561
0.3292
0.3097
0.3064
0.3235
0.3524
0.3213
0.355
0.3184
0.3008
0.3477
0.3222
0.3532
0.3558
0.3191
0.2679
0.3504
0.3176
0.3011
0.3381
0.3417
0.3223
0.349
0.3404
0.3418
0.3742
0.3303
0.331
0.3123
0.2705
0.2862
0.3301
0.3038
0.3182
0.354
0.3544
0.3506
0.3109
0.3324
0.3145
0.3076
0.3191
0.293
0.3536
0.2977
0.3064
0.3282
0.3266
0.342
0.3478
0.3128
0.2844
0.3226
0.3309
0.3247
0.3549
0.357
0.2921
0.35
0.3045
0.3306
0.3324
0.3275
0.3291
0.2874
0.3415
0.3354
0.3067
0.3407
0.309
0.3307
0.3606
0.3383
0.3009
0.3073
0.3025
0.344
0.3561
0.2656
0.3219
0.3158
0.2884
0.2949
0.3203
0.3184
0.309
0.3384
0.3251
0.3264
0.3299
0.3149
0.3011
0.3267
0.317
0.3333
0.3329
0.3059
0.3392
0.3044
0.3455
0.3028
0.3452
0.2982
0.3405
0.327
0.3365
0.289
0.2924
0.3418
0.3526
0.3217
0.3414
0.3303
0.3242
0.3337
0.314
0.3251
0.2782
0.3523
0.2981
0.316
0.3018
0.2906
0.3423
0.3275
0.3346
0.3248
0.3034
0.3041
0.3053
0.2809
0.2944
0.3331
0.3361
0.3332
0.3355
0.3512
0.309
0.3147
0.3232
0.3204
0.3135
0.2968
0.3132
0.3203
0.3307
0.3138
0.3167
0.3281
0.3727
0.3355
0.333
0.3207
0.3126
0.2924
0.331
0.3277
0.3243
0.2962
0.3067
0.3585
0.3277
0.3297
0.2931
0.3108
0.2943
0.3391
0.3234
0.3269
0.32
0.3526
0.3256
0.3584
0.3093
0.3162
0.3299
0.3196
0.3388
0.3189
0.3333
0.3241
0.3348
0.2866
0.2801
0.3457
0.3419
0.364
0.3548
0.3402
0.3067
0.3247
0.2852
0.3433
0.3003
0.2894
0.302
0.3121
0.353
0.3295
0.2784
0.3229
0.3549
0.3021
0.2855
0.3396
0.3699
0.3136
0.2959
0.3533
0.3144
0.3246
0.278
0.3004
0.3309
0.3458
0.3363
0.3103
0.345
0.3622
0.3055
0.2919
0.3599
0.2773
0.3586
0.3117
0.3074
0.2789
0.3216
0.3302
0.3195
0.3485
0.3116
0.3054
0.3411
0.3353
0.3533
0.3143
0.2738
0.3123
0.317
0.309
0.3212
0.309
0.3344
0.3306
0.3064
0.335
0.3584
0.3269
0.3108
0.334
0.345
0.3622
0.34
0.3234
0.3182
0.318
0.3226
0.3226
0.3177
0.2986
0.3043
0.3029
0.2906
0.3024
0.3549
0.328
0.3265
0.3147
0.3448
0.3261
0.3112
0.3231
0.3123
0.3244
0.3316
0.3256
0.3222
0.2906
0.3228
0.3622
0.2801
0.2896
0.3323
0.3468
0.333
0.3546
0.3337
0.3541
0.3283
0.3236
0.3507
0.2983
0.3294
0.2673
0.3214
0.3408
0.3289
0.3321
0.3456
0.2814
0.3413
0.3285
0.3114
0.3012
0.3261
0.3153
0.3442
0.3032
0.3044
0.304
0.2993
0.3219
0.3571
0.3493
0.3565
0.3537
0.3364
0.3467
0.3296
0.3545
0.2964
0.3224
0.3226
0.3071
0.3321
0.344
0.3572
0.3348
0.3153
0.2898
0.3259
0.3098
0.3435
0.2762
0.3309
0.3474
0.3382
0.3134
0.3595
0.3201
0.3415
0.2882
0.3464
0.3278
0.3476
0.3349
0.3037
0.3253
0.3505
0.2847
0.3375
0.3651
0.3602
0.3264
0.3051
0.3555
0.3163
0.284
0.3085
0.3448
0.3151
0.3348
0.3184
0.2939
0.302
0.3373
0.3249
0.3247
0.2989
0.3376
0.3508
0.3336
0.3543
0.329
0.3257
0.3114
0.3212
0.3082
0.3225
0.3071
0.3055
0.2666
0.3078
0.3379
0.3103
0.3418
0.3065
0.3525
0.3355
0.325
0.3285
0.3627
0.3037
0.3191
0.3438
0.3459
0.3482
0.3291
0.3067
0.3623
0.325
0.2972
0.3382
0.3542
0.339
0.3298
0.3316
0.3087
0.289
0.2891
0.291
0.302
0.3072
0.3282
0.3187
0.2994
0.3337
0.306
0.3482
0.3006
0.3033
0.3395
0.3655
0.3126
0.3298
0.2886
0.3139
0.3186
0.3358
0.29
0.3249
0.2976
0.3587
0.3228
0.3566
0.3337
0.3544
0.3089
0.3342
0.3465
0.3074
0.3244
0.3174
0.3158
0.3646
0.3055
0.3536
0.3436
0.307
0.3172
0.3058
0.3215
0.3476
0.3148
0.3212
0.3738
0.3579
0.339
0.331
0.3329
0.3287
0.3073
0.3659
0.3668
0.3492
0.3956
0.3549
0.3063
0.3537
0.3325
0.364
0.3399
0.3201
0.3763
0.3566
0.3629
0.3857
0.3984
0.3285
0.3323
0.3465
0.3633
0.3382
0.3858
0.2945
0.3924
0.3861
0.3546
0.3785
0.384
0.3183
0.3534
0.3865
0.3405
0.3454
0.3123
0.3183
0.3572
0.3078
0.319
0.3547
0.3576
0.3601
0.3033
0.3379
0.3776
0.3
0.3828
0.3027
0.3504
0.3335
0.385
0.3706
0.3695
0.3678
0.3801
0.3481
0.2854
0.3342
0.375
0.3871
0.3366
0.3865
0.3648
0.304
0.3023
0.3524
0.3785
0.3491
0.2892
0.3375
0.3852
0.3591
0.3244
0.3909
0.3044
0.3356
0.3004
0.3273
0.3856
0.3518
0.3917
0.3326
0.3109
0.3722
0.3234
0.327
0.3408
0.3242
0.303
0.3086
0.3914
0.2875
0.3514
0.3869
0.36
0.3351
0.3127
0.3793
0.3982
0.2939
0.383
0.3485
0.3219
0.3382
0.3535
0.3409
0.3149
0.3832
0.3054
0.2802
0.3905
0.3858
0.386
0.3316
0.2991
0.3526
0.3127
0.3048
0.3597
0.3156
0.3311
0.3444
0.3528
0.389
0.2805
0.3451
0.3295
0.3177
0.3778
0.3994
0.3159
0.3204
0.3463
0.3583
0.3568
0.3655
0.3131
0.3065
0.342
0.3075
0.3137
0.3404
0.3911
0.2986
0.371
0.2926
0.3265
0.3399
0.35
0.3506
0.3972
0.3882
0.3378
0.349
0.3594
0.3159
0.3409
0.3202
0.3115
0.32
0.3183
0.3051
0.3889
0.3949
0.3622
0.3123
0.3341
0.3555
0.3327
0.3872
0.3196
0.3685
0.2918
0.3733
0.3428
0.3072
0.3331
0.3735
0.3932
0.3889
0.3581
0.3541
0.3362
0.3712
0.389
0.3271
0.3645
0.3268
0.3519
0.3694
0.3638
0.3108
0.345
0.3287
0.3263
0.3582
0.3493
0.3468
0.3629
0.3243
0.3393
0.3375
0.3357
0.3728
0.2972
0.3781
0.3276
0.3093
0.304
0.3289
0.3836
0.3537
0.321
0.3466
0.3218
0.3485
0.3751
0.3192
0.3416
0.3582
0.3393
0.2967
0.3688
0.3448
0.3098
0.3513
0.3352
0.367
0.3401
0.3677
0.3802
0.3658
0.3878
0.3501
0.3357
0.3383
0.3159
0.3986
0.3172
0.3449
0.3071
0.3524
0.3016
0.3731
0.3624
0.3662
0.3493
0.3221
0.3843
0.3562
0.3897
0.3502
0.3514
0.3805
0.3596
0.3375
0.32
0.387
0.356
0.3939
0.3702
0.2983
0.3313
0.2862
0.3454
0.3829
0.3308
0.2776
0.3455
0.2976
0.367
0.3522
0.3761
0.3313
0.3373
0.3051
0.2969
0.3335
0.3671
0.3131
0.3288
0.3837
0.3819
0.3906
0.3041
0.3311
0.3157
0.3151
0.3484
0.3212
0.3653
0.3602
0.3638
0.392
0.2662
0.3408
0.3538
0.3701
0.3739
0.3727
0.3907
0.3948
0.3929
0.3439
0.3668
0.3483
0.3695
0.3924
0.3242
0.3604
0.3081
0.3626
0.3951
0.3424
0.3434
0.3487
0.339
0.3803
0.3312
0.3423
0.2835
0.3579
0.3043
0.3604
0.3493
0.3065
0.3518
0.3296
0.3486
0.3108
0.2704
0.2938
0.3964
0.3626
0.3535
0.3302
0.3752
0.2327
0.3996
0.3241
0.36
0.2963
0.3815
0.355
0.3518
0.3468
0.3651
0.3859
0.2842
0.2905
0.3344
0.3469
0.3095
0.3561
0.323
0.3129
0.3117
0.3643
0.3867
0.3348
0.3794
0.3242
0.3446
0.3657
0.3132
0.3434
0.3715
0.296
0.3263
0.3667
0.3261
0.3247
0.3349
0.3461
0.3048
0.3398
0.3881
0.3103
0.3274
0.3429
0.2734
0.3009
0.3167
0.3408
0.3033
0.2992
0.3575
0.3492
0.3219
0.3478
0.3818
0.315
0.3114
0.2961
0.3437
0.3469
0.3491
0.2774
0.3355
0.3305
0.3103
0.2909
0.3327
0.3702
0.3588
0.307
0.3111
0.3457
0.3234
0.3463
0.3943
0.3392
0.3283
0.2975
0.3292
0.3978
0.3193
0.3271
0.3418
0.3335
0.3913
0.3465
0.3113
0.3332
0.3554
0.365
0.3866
0.297
0.342
0.3151
0.3023
0.3224
0.353
0.3939
0.3512
0.291
0.3573
0.311
0.289
0.3878
0.3207
0.339
0.3242
0.3339
0.3337
0.3034
0.3431
0.3945
0.3244
0.3984
0.3386
0.391
0.3154
0.3737
0.3898
0.3929
0.3544
0.2932
0.3534
0.3745
0.3086
0.3371
0.3043
0.3401
0.3623
0.3455
0.3911
0.3931
0.3991
0.3904
0.3941
0.3957
0.3575
0.3686
0.3424
0.3235
0.3726
0.3791
0.3401
0.2871
0.3767
0.3618
0.3251
0.3118
0.3081
0.3869
0.3078
0.363
0.3237
0.3206
0.3459
0.3418
0.3424
0.3972
0.3053
0.3429
0.3387
0.3608
0.3997
0.3457
0.3461
0.3257
0.3166
0.3182
0.3427
0.3207
0.3201
0.3846
0.3287
0.3341
0.2482
0.33
0.3524
0.2861
0.3655
0.3714
0.3343
0.3159
0.3648
0.3894
0.3313
0.3441
0.2662
0.369
0.3208
0.2859
0.3736
0.3878
0.3832
0.2903
0.3623
0.3609
0.3792
0.3539
0.3615
0.369
0.37
0.3765
0.3594
0.3835
0.3092
0.3137
0.3251
0.354
0.3916
0.3605
0.3203
0.3043
0.3816
0.3164
0.3515
0.3947
0.3292
0.2612
0.3575
0.3359
0.2917
0.3398
0.3851
0.3898
0.3477
0.3539
0.3545
0.398
0.3847
0.3635
0.3097
0.3582
0.2936
0.3656
0.306
0.3133
0.386
0.396
0.3713
0.3064
0.325
0.3508
0.3309
0.3551
0.3608
0.3707
0.3416
0.3105
0.3791
0.3269
0.3448
0.3872
0.3236
0.2852
0.3266
0.3319
0.3883
0.3709
0.349
0.3046
0.359
0.3918
0.3571
0.3327
0.3985
0.3482
0.2981
0.3902
0.399
0.3066
0.3439
0.3664
0.3312
0.363
0.3314
0.2992
0.3074
0.2936
0.3639
0.343
0.2616
0.361
0.3072
0.3317
0.293
0.3089
0.3146
0.3092
0.334
0.3254
0.3229
0.3357
0.3095
0.3732
0.3468
0.3533
0.3412
0.3438
0.3478
0.3459
0.3379
0.3918
0.2906
0.393
0.2961
0.332
0.3859
0.336
0.3632
0.3021
0.3393
0.3534
0.3417
0.3448
0.3641
0.3205
0.3562
0.3744
0.3247
0.2762
0.3597
0.3057
0.3661
0.3918
0.2931
0.3709
0.3288
0.3504
0.3239
0.3799
0.3154
0.3377
0.2819
0.2804
0.3944
0.3869
0.3931
0.3361
0.3976
0.3094
0.3879
0.3783
0.3856
0.3199
0.3918
0.3605
0.3792
0.3387
0.3031
0.321
0.3837
0.391
0.3449
0.34
0.3161
0.3791
0.3014
0.3607
0.324
0.3964
0.2984
0.3084
0.3647
0.3229
0.3468
0.3661
0.3928
0.3133
0.338
0.3234
0.3641
0.3933
0.3572
0.3965
0.3995
0.3929
0.3997
0.3278
0.326
0.3347
0.3287
0.3628
0.3962
0.3293
0.2805
0.363
0.3944
0.3703
0.364
0.3552
0.3499
0.314
0.3987
0.317
0.3702
0.3082
0.3118
0.2981
0.2962
0.3557
0.3394
0.3134
0.3172
0.3626
0.3687
0.3897
0.3531
0.3669
0.3237
0.3834
0.349
0.3188
0.3492
0.2854
0.3442
0.3384
0.3447
0.3423
0.3115
0.3448
0.3589
0.3734
0.3846
0.3648
0.3696
0.379
0.3093
0.3072
0.2793
0.3905
0.3266
0.3138
0.3443
0.3024
0.31
0.3949
0.3366
0.3734
0.3225
0.3007
0.3228
0.3872
0.3032
0.3183
0.308
0.3275
0.3317
0.3139
0.3285
0.3897
0.3248
0.3259
0.3517
0.3473
0.4
0.3406
0.3176
0.3205
0.3211
0.332
0.3384
0.3633
0.3309
0.3097
0.3487
0.3606
0.3565
0.3833
0.3269
0.3699
0.3627
0.3404
0.3922
0.3694
0.3198
0.3904
0.3875
0.3591
0.3382
0.3273
0.2985
0.3264
0.3445
0.2838
0.3286
0.3962
0.3541
0.3534
0.3798
0.3613
0.3657
0.3471
0.3709
0.3503
0.315
0.3624
0.3709
0.3213
0.3326
0.3404
0.3669
0.3621
0.2959
0.3526
0.3322
0.3798
0.3352
0.3234
0.3136
0.3685
0.3988
0.3858
0.3137
0.2969
0.3532
0.3568
0.3449
0.3816
0.3734
0.3425
0.348
0.3343
0.3543
0.3013
0.3432
0.3189
0.3114
0.3534
0.3395
0.3623
0.3305
0.3193
0.2886
0.3517
0.3098
0.3573
0.3708
0.3334
0.3468
0.3405
0.3168
0.3821
0.3226
0.3477
0.2988
0.3456
0.3357
0.3449
0.3284
0.3048
0.3252
0.3829
0.2922
0.3366
0.3766
0.3919
0.3725
0.2985
0.3865
0.3229
0.3308
0.3186
0.3442
0.3131
0.3414
0.3165
0.3127
0.3134
0.337
0.3313
0.3199
0.3081
0.3579
0.3874
0.332
0.37
0.3571
0.3152
0.3066
0.3793
0.3193
0.3301
0.2923
0.3357
0.3419
0.3055
0.3549
0.3118
0.3661
0.312
0.357
0.3514
0.3391
0.3516
0.3644
0.2969
0.3581
0.3688
0.3649
0.3518
0.3237
0.2856
0.368
0.3685
0.3901
0.3722
0.3541
0.3615
0.33
0.3449
0.3604
0.2826
0.3912
0.2943
0.305
0.3183
0.3273
0.316
0.3724
0.3342
0.3836
0.3891
0.3574
0.397
0.3409
0.3795
0.3027
0.3552
0.2956
0.3154
0.3181
0.3681
0.2949
0.3323
0.3049
0.3568
0.3663
0.3701
0.3715
0.3711
0.3105
0.3318
0.3581
0.3225
0.3303
0.3508
0.3783
0.379
NA
NA
NA
NA
NA
NA
NA
NA
NA
NA
NA
NA
NA
NA
NA
NA
NA
NA
NA
NA
NA
NA
NA
NA
NA
NA
NA
NA
NA
NA
NA
NA
NA
NA
NA
NA
NA
NA
NA
NA
NA
NA
NA
NA
NA
NA
NA
NA
NA
NA
NA
NA
NA
NA
NA
NA
NA
NA
NA
NA
NA
NA
NA
NA
NA
NA
NA
NA
NA
NA
NA
NA
NA
NA
NA
NA
NA
NA
NA
NA
NA
NA
NA
NA
NA
NA
NA
NA
NA
NA
NA
NA
NA
NA
NA
NA
NA
NA
NA
NA
NA
NA
NA
NA
NA
NA
NA
NA
NA
NA
NA
NA
NA
NA
NA
NA
NA
NA
NA
NA
NA
NA
NA
NA
NA
NA
NA
NA
NA
NA
NA
NA
NA
NA
NA
NA
NA
NA
NA
NA
NA
NA
NA
NA
NA
NA
NA
NA
NA
NA
NA
NA
NA
NA
NA
NA
NA
NA
NA
NA
NA
NA
NA
NA
NA
NA
NA
NA
NA
NA
NA
NA
NA
NA
NA
NA
NA
NA
NA
NA
NA
NA
NA
NA
NA
NA
NA
NA
NA
NA
NA
NA
NA
NA
NA
NA
NA
NA
NA
NA
NA
NA
NA
NA
NA
NA
NA
NA
NA
NA
NA
NA
NA
NA
NA
NA
NA
NA
NA
NA
NA
NA
NA
NA
NA
NA
NA
NA
NA
NA
NA
NA
NA
NA
NA
NA
NA
NA
NA
NA
NA
NA
NA
NA
NA
NA
NA
NA
NA
NA
NA
NA
NA
NA
NA
NA
NA
NA
NA
NA
NA
NA
NA
NA
NA
NA
NA
NA
NA
NA
NA
NA
NA
NA
NA
NA
NA
NA
NA
NA
NA
NA
NA
NA
NA
NA
NA
NA
NA
NA
NA
NA
NA
NA
NA
NA
NA
NA
NA
NA
NA
NA
NA
NA
NA
NA
NA
NA
NA
NA
NA
NA
NA
NA
NA
NA
NA
NA
NA
NA
NA
NA
NA
NA
NA
NA
NA
NA
NA
NA
NA
NA
NA
NA
NA
NA
NA
NA
NA
NA
NA
NA
NA
NA
NA
NA
NA
NA
NA
NA
NA
NA
NA
NA
NA
NA
NA
NA
NA
NA
NA
NA
NA
NA
NA
NA
NA
NA
NA
NA
NA
NA
NA
NA
NA
NA
NA
NA
NA
NA
NA
NA
NA
NA
NA
NA
NA
NA
NA
NA
NA
NA
NA
NA
NA
NA
NA
NA
NA
NA
NA
NA
NA
NA
NA
NA
NA
NA
NA
NA
NA
NA
NA
NA
NA
NA
NA
NA
NA
NA
NA
NA
NA
NA
NA
NA
NA
NA
NA
NA
NA
NA
NA
NA
NA
NA
NA
NA
NA
NA
NA
NA
NA
NA
NA
NA
NA
NA
NA
NA
NA
NA
NA
NA
NA
NA
NA
NA
NA
NA
NA
NA
NA
NA
NA
NA
NA
NA
NA
NA
NA
NA
NA
NA
NA
NA
NA
NA
NA
NA
NA
NA
NA
NA
NA
NA
NA
NA
NA
NA
NA
NA
NA
NA
NA
NA
NA
NA
NA
NA
NA
NA
NA
NA
NA
NA
NA
NA
NA
NA
NA
NA
NA
NA
NA
NA
NA
NA
NA
NA
NA
NA
NA
NA
NA
NA
NA
NA
NA
NA
NA
NA
NA
NA
NA
NA
NA
NA
NA
NA
NA
NA
NA
NA
NA
NA
NA
NA
NA
NA
NA
NA
NA
NA
NA
NA
NA
NA
NA
NA
NA
NA
NA
NA
NA
NA
NA
NA
NA
NA
NA
NA
NA
NA
NA
NA
NA
NA
NA
NA
NA
NA
NA
NA
NA
NA
NA
NA
NA
NA
NA
NA
NA
NA
NA
NA
NA
NA
NA
NA
NA
NA
NA
NA
NA
NA
NA
NA
NA
NA
NA
NA
NA
NA
NA
NA
NA
NA
NA
NA
NA
NA
NA
NA
NA
NA
NA
NA
NA
NA
NA
NA
NA
NA
NA
NA
NA
NA
NA
NA
NA
NA
NA
NA
NA
NA
NA
NA
NA
NA
NA
NA
NA
NA
NA
NA
NA
NA
NA
NA
NA
NA
NA
NA
NA
NA
NA
NA
NA
NA
NA
NA
NA
NA
NA
NA
NA
NA
NA
NA
NA
NA
NA
NA
NA
NA
NA
NA
NA
NA
NA
NA
NA
NA
NA
NA
NA
NA
NA
NA
NA
NA
NA
NA
NA
NA
NA
NA
NA
NA
NA
NA
NA
NA
NA
NA
NA
NA
NA
NA
NA
NA
NA
NA
NA
NA
NA
NA
NA
NA
NA
NA
NA
NA
NA
NA
NA
NA
NA
NA
NA
NA
NA
NA
NA
NA
NA
NA
NA
NA
NA
NA
NA
NA
NA
NA
NA
NA
NA
NA
NA
NA
NA
NA
NA
NA
NA
NA
NA
NA
NA
NA
NA
NA
NA
NA
NA
NA
NA
NA
NA
NA
NA
NA
NA
NA
NA
NA
NA
NA
NA
NA
NA
NA
NA
NA
NA
NA
NA
NA
NA
NA
NA
NA
NA
NA
NA
NA
NA
NA
NA
NA
NA
NA
NA
NA
NA
NA
NA
NA
NA
NA
NA
NA
NA
NA
NA
NA
NA
NA
NA
NA
NA
NA
NA
NA
NA
NA
NA
NA
NA
NA
NA
NA
NA
NA
NA
NA
NA
NA
NA
NA
NA
NA
NA
NA
NA
NA
NA
NA
NA
NA
NA
NA
NA
NA
NA
NA
NA
NA
NA
NA
NA
NA
NA
NA
NA
NA
NA
NA
NA
NA
NA
NA
NA
NA
NA
NA
NA
NA
NA
NA
NA
NA
NA
NA
NA
NA
NA
NA
NA
NA
NA
NA
NA
NA
NA
NA
NA
NA
NA
NA
NA
NA
NA
NA
NA
NA
NA
NA
NA
NA
NA
NA
NA
NA
NA
NA
NA
NA
NA
NA
NA
NA
NA
NA
NA
NA
NA
NA
NA
NA
NA
NA
NA
NA
NA
NA
NA
NA
NA
NA
NA
NA
NA
NA
NA
NA
NA
NA
NA
NA
NA
NA
NA
NA
NA
NA
NA
NA
NA
NA
NA
NA
NA
NA
NA
NA
NA
NA
NA
NA
NA
NA
NA
NA
NA
NA
NA
NA
NA
NA
NA
NA
NA
NA
NA
NA
NA
NA
NA
NA
NA
NA
NA
NA
NA
NA
NA
NA
NA
NA
NA
NA
NA
NA
NA
NA
NA
NA
NA
NA
NA
NA
NA
NA
NA
NA
NA
NA
NA
NA
NA
NA
NA
NA
NA
NA
NA
NA
NA
NA
NA
NA
NA
NA
NA
NA
NA
NA
NA
NA
NA
NA
NA
NA
NA
NA
NA
NA
NA
NA
NA
NA
NA
NA
NA
NA
NA
NA
NA
NA
NA
NA
NA
NA
NA
NA
NA
NA
NA
NA
NA
NA
NA
NA
NA
NA
NA
NA
NA
NA
NA
NA
NA
NA
NA
NA
NA
NA
NA
NA
NA
NA
NA
NA
NA
NA
NA
NA
NA
NA
NA
NA
NA
NA
NA
NA
NA
NA
NA
NA
NA
NA
NA
NA
NA
NA
NA
NA
NA
NA
NA
NA
NA
NA
NA
NA
NA
NA
NA
NA
NA
NA
NA
NA
NA
NA
NA
NA
NA
NA
NA
NA
NA
NA
NA
NA
NA
NA
NA
NA
NA
NA
NA
NA
NA
NA
NA
NA
NA
NA
NA
NA
NA
NA
NA
NA
NA
NA
NA
NA
NA
NA
NA
NA
NA
NA
NA
NA
NA
NA
NA
NA
NA
NA
NA
NA
NA
NA
NA
NA
NA
NA
NA
NA
NA
NA
NA
NA
NA
NA
NA
NA
NA
NA
NA
NA
NA
NA
NA
NA
NA
NA
NA
NA
NA
NA
NA
NA
NA
NA
NA
NA
NA
NA
NA
NA
NA
NA
NA
NA
NA
NA
NA
NA
NA
NA
NA
NA
NA
NA
NA
NA
NA
NA
NA
NA
NA
NA
NA
NA
NA
NA
NA
NA
NA
NA
NA
NA
NA
NA
NA
NA
NA
NA
NA
NA
NA
NA
NA
NA
NA
NA
NA
NA
NA
NA
NA
NA
NA
NA
NA
NA
NA
NA
NA
NA
NA
NA
NA
NA
NA
NA
NA
NA
NA
NA
NA
NA
NA
NA
NA
NA
NA
NA
NA
NA
NA
NA
NA
NA
NA
NA
NA
NA
NA
NA
NA
NA
NA
NA
NA
NA
NA
NA
NA
NA
NA
NA
NA
NA
NA
NA
NA
NA
NA
NA
NA
NA
NA
NA
NA
NA
NA
NA
NA
NA
NA
NA
NA
NA
NA
NA
NA
NA
NA
NA
NA
NA
NA
NA
NA
NA
NA
NA
NA
NA
NA
NA
NA
NA
NA
NA
NA
NA
NA
NA
NA
NA
NA
NA
NA
NA
NA
NA
NA
NA
NA
NA
NA
NA
NA
NA
NA
NA
NA
NA
NA
NA
NA
NA
NA
NA
NA
NA
NA
NA
NA
NA
NA
NA
NA
NA
NA
NA
NA
NA
NA
NA
NA
NA
NA
NA
NA
NA
NA
NA
NA
NA
NA
NA
NA
NA
NA
NA
NA
NA
NA
NA
NA
NA
NA
NA
NA
NA
NA
NA
NA
NA
NA
NA
NA
NA
NA
NA
NA
NA
NA
NA
NA
NA
NA
NA
NA
NA
NA
NA
NA
NA
NA
NA
NA
NA
NA
NA
NA
NA
NA
NA
NA
NA
NA
NA
NA
NA
NA
NA
NA
NA
NA
NA
NA
NA
NA
NA
NA
NA
NA
NA
NA
NA
NA
NA
NA
NA
NA
NA
NA
NA
NA
NA
NA
NA
NA
NA
NA
NA
NA
NA
NA
NA
NA
NA
NA
NA
NA
NA
NA
NA
NA
NA
NA
NA
NA
NA
NA
NA
NA
NA
NA
NA
NA
NA
NA
NA
NA
NA
NA
NA
NA
NA
NA
NA
NA
NA
NA
NA
NA
NA
NA
NA
NA
NA
NA
NA
NA
NA
NA
NA
NA
NA
NA
NA
NA
NA
NA
NA
NA
NA
NA
NA
NA
NA
NA
NA
NA
NA
NA
NA
NA
NA
NA
NA
NA
NA
NA
NA
NA
NA
NA
NA
NA
NA
NA
NA
NA
NA
NA
NA
NA
NA
NA
NA
NA
NA
NA
NA
NA
NA
NA
NA
NA
NA
NA
NA
NA
NA
NA
NA
NA
NA
NA
NA
NA
NA
NA
NA
NA
NA
NA
NA
NA
NA
NA
NA
NA
NA
NA
NA
NA
NA
NA
NA
NA
NA
NA
NA
NA
NA
NA
NA
NA
NA
NA
NA
NA
NA
NA
NA
NA
NA
NA
NA
NA
NA
NA
NA
NA
NA
NA
NA
NA
NA
NA
NA
NA
NA
NA
NA
NA
NA
NA
NA
NA
NA
NA
NA
NA
NA
NA
NA
NA
NA
NA
NA
NA
NA
NA
NA
NA
NA
NA
NA
NA
NA
NA
NA
NA
NA
NA
NA
NA
NA
NA
NA
NA
NA
NA
NA
NA
NA
NA
NA
NA
NA
NA
NA
NA
NA
NA
NA
NA
NA
NA
NA
NA
NA
NA
NA
NA
NA
NA
NA
NA
NA
NA
NA
NA
NA
NA
NA
NA
NA
NA
NA
NA
NA
NA
NA
NA
NA
NA
NA
NA
NA
NA
NA
NA
NA
NA
NA
NA
NA
NA
NA
NA
NA
NA
NA
NA
NA
NA
NA
NA
NA
NA
NA
NA
NA
NA
NA
NA
NA
NA
NA
NA
NA
NA
NA
NA
NA
NA
NA
NA
NA
NA
NA
NA
NA
NA
NA
NA
NA
NA
NA
NA
NA
NA
NA
NA
NA
NA
NA
NA
NA
NA
NA
NA
NA
NA
NA
NA
NA
NA
NA
NA
NA
NA
NA
NA
NA
NA
NA
NA
NA
NA
NA
NA
NA
NA
NA
NA
NA
NA
NA
NA
NA
NA
NA
NA
NA
NA
NA
NA
NA
NA
NA
NA
NA
NA
NA
NA
NA
NA
NA
NA
NA
NA
NA
NA
NA
NA
NA
NA
NA
NA
NA
NA
NA
NA
NA
NA
NA
NA
NA
NA
NA
NA
NA
NA
NA
NA
NA
NA
NA
NA
NA
NA
NA
NA
NA
NA
NA
NA
NA
NA
NA
NA
NA
NA
NA
NA
NA
NA
NA
NA
NA
NA
NA
NA
NA
NA
NA
NA
NA
NA
NA
NA
NA
NA
NA
NA
NA
NA
NA
NA
NA
NA
NA
NA
NA
NA
NA
NA
NA
NA
NA
NA
NA
NA
NA
NA
NA
NA
NA
NA
NA
NA
NA
NA
NA
NA
NA
NA
NA
NA
NA
NA
NA
NA
NA
NA
NA
NA
NA
NA
NA
NA
NA
NA
NA
NA
NA
NA
NA
NA
NA
NA
NA
NA
NA
NA
NA
NA
NA
NA
NA
NA
NA
NA
NA
NA
NA
NA
NA
NA
NA
NA
NA
NA
NA
NA
NA
NA
NA
NA
NA
NA
NA
NA
NA
NA
NA
NA
NA
NA
NA
NA
NA
NA
NA
NA
NA
NA
NA
NA
NA
NA
NA
NA
NA
NA
NA
NA
NA
NA
NA
NA
NA
NA
NA
NA
NA
NA
NA
NA
NA
NA
NA
NA
NA
NA
NA
NA
NA
NA
NA
NA
NA
NA
NA
NA
NA
NA
NA
NA
NA
NA
NA
NA
NA
NA
NA
NA
NA
NA
NA
NA
NA
NA
NA
NA
NA
NA
NA
NA
NA
NA
NA
NA
NA
NA
NA
NA
NA
NA
NA
NA
NA
NA
NA
NA
NA
NA
NA
NA
NA
NA
NA
NA
NA
NA
NA
NA
NA
NA
NA
NA
NA
NA
NA
NA
NA
NA
NA
NA
NA
NA
NA
NA
NA
NA
NA
NA
NA
NA
NA
NA
NA
NA
NA
NA
NA
NA
NA
NA
NA
NA
NA
NA
NA
NA
NA
NA
NA
NA
NA
NA
NA
NA
NA
NA
NA
NA
NA
NA
NA
NA
NA
NA
NA
NA
NA
NA
NA
NA
NA
NA
NA
NA
NA
NA
NA
NA
NA
NA
NA
NA
NA
NA
NA
NA
NA
NA
NA
NA
NA
NA
NA
NA
NA
NA
NA
NA
NA
NA
NA
NA
NA
NA
NA
NA
NA
NA
NA
NA
NA
NA
NA
NA
NA
NA
NA
NA
NA
NA
NA
NA
NA
NA
NA
NA
NA
NA
NA
NA
NA
NA
NA
NA
NA
NA
NA
NA
NA
NA
NA
NA
NA
NA
NA
NA
NA
NA
NA
NA
NA
NA
NA
NA
NA
NA
NA
NA
NA
NA
NA
NA
NA
NA
NA
NA
NA
NA
NA
NA
NA
NA
NA
NA
NA
NA
NA
NA
NA
NA
NA
NA
NA
NA
NA
NA
NA
NA
NA
NA
NA
NA
NA
NA
NA
NA
NA
NA
NA
NA
NA
NA
NA
NA
NA
NA
NA
NA
NA
NA
NA
NA
NA
NA
NA
NA
NA
NA
NA
NA
NA
NA
NA
NA
NA
NA
NA
NA
NA
NA
NA
NA
NA
NA
NA
NA
NA
NA
NA
NA
NA
NA
NA
NA
NA
NA
NA
NA
NA
NA
NA
NA
NA
NA
NA
NA
NA
NA
NA
NA
NA
NA
NA
NA
NA
NA
NA
NA
NA
NA
NA
NA
NA
NA
NA
NA
NA
NA
NA
NA
NA
NA
NA
NA
NA
NA
NA
NA
NA
NA
NA
NA
NA
NA
NA
NA
NA
NA
NA
NA
NA
NA
NA
NA
NA
NA
NA
NA
NA
NA
NA
NA
NA
NA
NA
NA
NA
NA
NA
NA
NA
NA
NA
NA
NA
NA
NA
NA
NA
NA
NA
NA
NA
NA
NA
NA
NA
NA
NA
NA
NA
NA
NA
NA
NA
NA
NA
NA
NA
NA
NA
NA
NA
NA
NA
NA
NA
NA
NA
NA
NA
NA
NA
NA
NA
NA
NA
NA
NA
NA
NA
NA
NA
NA
NA
NA
NA
NA
NA
NA
NA
NA
NA
NA
NA
NA
NA
NA
NA
NA
NA
NA
NA
NA
NA
NA
NA
NA
NA
NA
NA
NA
NA
NA
NA
NA
NA
NA
NA
NA
NA
NA
NA
NA
NA
NA
NA
NA
NA
NA
NA
NA
NA
NA
NA
NA
NA
NA
NA
NA
NA
NA
NA
NA
NA
NA
NA
NA
NA
NA
NA
NA
NA
NA
NA
NA
NA
NA
NA
NA
NA
NA
NA
NA
NA
NA
NA
NA
NA
NA
NA
NA
NA
NA
NA
NA
NA
NA
NA
NA
NA
NA
NA
NA
NA
NA
NA
NA
NA
NA
NA
NA
NA
NA
NA
NA
NA
NA
NA
NA
NA
NA
NA
NA
NA
NA
NA
NA
NA
NA
NA
NA
NA
NA
NA
NA
NA
NA
NA
NA
NA
NA
NA
NA
NA
NA
NA
NA
NA
NA
NA
NA
NA
NA
NA
NA
NA
NA
NA
NA
NA
NA
NA
NA
NA
NA
NA
NA
NA
NA
NA
NA
NA
NA
NA
NA
NA
NA
NA
NA
NA
NA
NA
NA
NA
NA
NA
NA
NA
NA
NA
NA
NA
NA
NA
NA
NA
NA
NA
NA
NA
NA
NA
NA
NA
NA
NA
NA
NA
NA
NA
NA
NA
NA
NA
NA
NA
NA
NA
NA
NA
NA
NA
NA
NA
NA
NA
NA
NA
NA
NA
NA
NA
NA
NA
NA
NA
NA
NA
NA
NA
NA
NA
NA
NA
NA
NA
NA
NA
NA
NA
NA
NA
NA
NA
NA
NA
NA
NA
NA
NA
NA
NA
NA
NA
NA
NA
NA
NA
NA
NA
NA
NA
NA
NA
NA
NA
NA
NA
NA
NA
NA
NA
NA
NA
NA
NA
NA
NA
NA
NA
NA
NA
NA
NA
NA
NA
NA
NA
NA
NA
NA
NA
NA
NA
NA
NA
NA
NA
NA
NA
NA
NA
NA
NA
NA
NA
NA
NA
NA
NA
NA
NA
NA
NA
NA
NA
NA
NA
NA
NA
NA
NA
NA
NA
NA
NA
NA
NA
NA
NA
NA
NA
NA
NA
NA
NA
NA
NA
NA
NA
NA
NA
NA
NA
NA
NA
NA
NA
NA
NA
NA
NA
NA
NA
NA
NA
NA
NA
NA
NA
NA
NA
NA
NA
NA
NA
NA
NA
NA
NA
NA
NA
NA
NA
NA
NA
NA
NA
NA
NA
NA
NA
NA
NA
NA
NA
NA
NA
NA
NA
NA
NA
NA
NA
NA
NA
NA
NA
NA
NA
NA
NA
NA
NA
NA
NA
NA
NA
NA
NA
NA
NA
NA
NA
NA
NA
NA
NA
NA
NA
NA
NA
NA
NA
NA
NA
NA
NA
NA
NA
NA
NA
NA
NA
NA
NA
NA
NA
NA
NA
NA
NA
NA
NA
NA
NA
NA
NA
NA
NA
NA
NA
NA
NA
NA
NA
NA
NA
NA
NA
NA
NA
NA
NA
NA
NA
NA
NA
NA
NA
NA
NA
1.2647
1.08
0.75
1.3103
0.8056
1.5263
0.75
0.6047
0.7955
0.8571
0.5682
0.8182
0.4762
1.2963
0.8571
0.8158
1.1613
0.6458
1.129
0.878
0.5769
0.5128
1.1562
0.6818
0.7436
0.4762
0.6842
0.9211
0.7105
1.8125
0.8108
0.4524
0.7586
0.875
0.6279
0.5278
0.8108
0.8571
0.4
1.5
1
0.7353
0.7317
1.0769
1.1562
0.8966
1.069
1.1111
0.875
0.9167
1.0769
1.28
0.5854
0.9688
0.973
0.7838
1.027
0.7317
1.0769
0.8966
1.3913
1.3913
0.625
1.32
0.8125
0.6739
0.6552
1.303
0.4231
0.5333
0.6
0.4186
1.5833
0.6136
0.6829
0.5111
0.7105
0.9706
0.7419
0.9667
1.2333
0.5238
0.9394
1.0833
1.5
0.6585
0.6154
0.6078
1
0.76
1.3
1.0323
1.04
1
0.7209
1.2143
0.7907
1.8095
1.05
0.5641
0.9189
0.7317
0.9756
0.878
1.4815
0.9048
1.0833
1.6667
0.7391
0.55
0.4468
0.6129
1.2222
1.28
0.8095
1.28
0.5227
0.7429
1.2353
0.75
0.9091
1.0286
1
0.7778
1.2414
1.3913
0.6744
0.4792
1.3333
0.8621
1.5
0.5135
0.9444
1.1892
0.8864
1.1765
0.8462
0.8438
0.5682
0.8649
1.3462
0.8158
0.85
1.2143
0.4043
0.75
1.0263
0.7941
0.6389
0.4375
0.625
1.3182
0.9412
1.0385
0.6389
1.625
1.0571
0.973
1
1.2414
0.7143
1.5
1
0.587
1.1515
0.4722
0.7308
0.4423
0.6739
0.6452
0.42
1
1.0312
0.7857
0.9744
1.0882
0.8158
1
0.3922
0.7097
0.45
1.1842
0.6774
0.45
0.8333
0.5263
0.9167
1.037
1.08
1.1429
1.9167
1.0294
1.3077
0.6154
0.9583
0.4348
0.9394
0.6667
0.5556
0.6154
0.4038
1.125
0.6207
0.9143
0.7222
0.7941
1.2581
0.9091
0.8421
0.7442
0.8108
0.8182
0.8077
0.9231
0.3077
0.7568
1.4231
0.8158
0.697
0.5128
1.6
0.6042
1.0323
1.1316
1.1786
0.7632
0.6
0.4681
0.9355
0.6667
0.8293
0.7368
0.7812
0.9375
1.2581
1.1667
0.871
1.7917
0.3182
0.6667
1
0.9355
0.6667
0.4694
1.1842
0.7407
0.7561
1.3636
2.5
1
0.7941
0.871
1.1111
1.6923
0.8049
0.8889
1.1852
0.8182
1.0556
0.5
0.6897
0.6
1
0.8485
0.7021
0.4375
1.303
0.5833
0.5946
0.8056
0.4615
1.0882
0.9362
0.9038
1.1379
1.0938
0.8529
1
0.8293
1.4062
0.8824
1.2353
0.7073
1.7391
0.5319
1.12
0.8235
1.2333
0.7
0.6923
0.7045
1.2308
1.2069
0.8857
1.7391
1.0541
1
1.6667
0.5833
1
0.9259
0.8056
1.1136
1.129
0.4595
0.7273
0.5122
0.5128
0.8085
1.2222
1.52
0.9737
0.7368
0.6829
0.641
0.4792
1.48
0.7179
0.9667
0.4902
0.8378
0.8205
0.4634
0.9286
0.7097
0.6047
1.1667
0.7045
0.4324
0.7368
0.6341
0.4681
0.6944
0.5476
0.7
0.7917
1.25
0.8857
1.2857
0.7727
0.9032
1.0882
0.7429
1.0588
0.9706
0.9429
1.5185
1.2857
0.7241
0.4565
0.5429
1.2069
0.3
3.1429
0.6452
0.88
0.8571
1.5217
0.825
1.2424
0.6667
0.5556
0.619
0.7778
1.7143
1.5926
0.7317
0.6591
1.1818
0.6389
0.7143
1.037
0.9167
0.8205
0.8571
0.7778
0.413
0.9286
0.7838
1.7727
1
0.9024
0.6098
1.6786
0.7907
0.5227
0.7838
0.9706
0.8421
0.7727
0.9
0.9189
0.5714
1.087
0.9655
1.0333
1.4
1.1034
1.5
0.8529
1.5
1.1481
0.6053
1.0833
1.4615
1.0345
0.7647
1.56
1.2188
1.3704
0.6667
0.6286
0.9
1.6667
1.1389
1.1034
1.0638
1.3571
0.7442
0.3636
0.6087
1.5862
0.9722
1.3478
0.7838
0.8857
0.8919
1.0303
0.8235
1.4615
0.7692
0.4545
1.3333
1.0857
0.8378
0.6486
0.75
0.5128
1
0.8333
0.7105
0.7097
0.4
1.1842
0.5682
0.931
1.2432
0.875
0.5152
1.0345
0.5417
1.375
0.9
1.4091
1.6
0.9259
0.9667
0.5652
1
1
1.0741
1.2188
0.5
1
0.8571
1.0513
0.9032
0.8056
1.25
1
0.7111
0.6905
1.4688
1.2414
0.5319
0.6038
0.9474
0.619
1.4231
2.8462
1.0345
0.8537
0.4324
1.0571
0.4667
1.2812
0.439
0.4419
0.9706
0.4872
0.6061
1.2667
0.7222
1.12
1.2963
1.2143
0.5952
0.2642
0.8485
1.0323
1.3226
0.8235
1.24
1.1034
0.8529
1.0541
0.7667
0.6042
0.6316
1.8148
1.2083
0.8333
0.8
1.92
1
0.6579
0.7556
1.1176
1.0938
0.9655
0.5686
0.9697
1.0278
0.2791
0.9355
0.8667
3.5
0.6596
0.6765
1.76
0.6
0.6875
0.6667
0.7436
1.119
0.7045
1.0345
0.9706
1.6364
0.4062
1.1667
1.8889
0.5102
0.6364
0.3529
1.9524
1.1429
0.6667
1.375
0.6486
0.4
1.1481
0.8182
0.973
0.6061
0.5946
1.1765
1
0.75
0.4118
1.2857
0.4043
0.8684
1.1515
0.5208
1.0769
0.4792
0.5476
1
1.9583
0.5263
0.8333
1.3226
0.7674
0.625
1.0857
0.5758
0.5556
0.5588
0.3061
0.8
0.7556
0.8529
1.7826
1.8095
0.6444
1.3913
0.8182
0.8286
0.4118
0.5833
1.0698
0.9118
1.3636
1.3077
1.0588
1.4167
0.4651
1.0811
1.0789
0.6757
0.8372
0.6458
0.5319
0.9412
1.8261
0.8621
0.6486
0.8182
0.5926
0.56
1.1333
0.6579
0.9706
0.6667
0.766
0.7576
0.7714
1.25
1.3871
0.7297
0.9333
0.6585
1.125
0.7647
0.5833
0.7692
1.1667
1.1053
1.75
0.6596
0.5909
1.7333
0.8788
1
1.4848
1.2667
0.9189
0.9211
1.2258
1.0294
0.75
0.7727
0.6364
1
1.4444
0.7222
1.0263
0.6129
0.7556
1.2
0.6216
1.1071
0.7
1.1765
0.6053
1.3103
1
0.8519
0.8049
1.2
1.3704
0.7368
0.5789
0.75
0.7179
0.8485
1.027
1
0.8947
0.975
1.5517
0.5897
1.0769
0.8485
1.1562
1.2963
0.6667
0.8378
0.9286
0.775
1.5517
1.0294
1.0333
1.5556
1.5758
0.6154
0.7812
0.7419
0.8611
0.6667
1.1379
1.2258
0.975
0.9394
0.8919
1.1786
1.0909
0.8684
0.7429
1.0769
0.8286
0.9667
0.3889
0.8293
0.7073
0.7949
0.8298
1.5926
0.6667
0.8462
0.8421
1.2667
1.2353
0.4595
0.7368
0.95
1.2308
1.0645
1.2759
0.7692
0.7838
0.7949
0.9512
0.4286
0.8182
0.6429
1.0333
0.9487
0.8095
0.8667
0.8571
0.8824
0.6596
1.2143
0.8056
1.3243
1.75
0.675
0.8485
0.4444
0.6667
0.5636
1.129
0.8333
1.4074
0.5333
1.0286
1.4167
1.24
1.2759
0.3333
0.6944
1.7917
0.8
0.3913
1.28
1.375
0.75
0.4762
1.1026
1.1818
0.5238
1
0.7442
1.4333
1.2069
0.6923
0.5897
0.6286
1.0333
0.5
0.35
1.1724
1.4643
0.4375
1.8966
0.4444
1
1.2069
1.4643
0.9688
0.6957
0.85
0.6667
1.1
1.4231
0.5484
0.5714
0.5484
1.1379
1.7308
0.8947
1.1613
0.9722
0.973
1.1935
0.8462
0.7045
1.0303
0.8387
0.5429
0.7391
0.9062
0.7222
0.5682
0.4894
0.6444
0.8
0.7742
1.0833
0.8125
0.8214
1.1304
1.1724
0.8974
1.0667
1.6552
1.0256
0.4211
0.6667
0.8182
1.0323
0.5652
0.9118
0.9714
0.8611
1.0465
0.9286
0.8158
0.7632
0.7778
1.3333
0.825
0.6486
1.8261
1.6
0.6444
0.6279
0.7576
0.5625
0.7273
0.4412
0.7097
0.9189
0.52
1.1724
0.7143
2
1
0.7714
0.7561
0.6316
0.5556
1.4545
0.75
0.875
1
1.2143
0.8182
0.9167
0.5526
1
1.0588
1
1.5185
0.8857
0.4667
0.4878
0.3696
0.4722
0.7907
0.6923
0.7692
0.6226
1.0294
0.75
0.9355
0.9
0.75
0.6512
0.525
0.6552
1.129
1.2903
0.7143
1.125
0.6364
1.7667
0.6047
0.6136
0.6571
0.9535
0.381
0.6857
0.7188
1.3448
0.5476
0.9688
0.5897
0.7297
1.0417
0.8125
0.5641
1.6296
0.6286
0.3469
0.5676
0.7586
1.3235
0.7931
0.9
1.3
0.9091
0.881
0.9706
1
1
1.1935
1.381
0.8611
0.8519
1.1143
1.2692
0.5294
0.6111
0.6053
0.4894
0.9667
0.8333
1.0811
0.925
1.1579
0.7027
1.2759
1.1852
1.8333
1.2258
0.697
1.0833
0.5789
1.0606
0.7045
0.7778
0.9355
0.8056
0.4286
1.129
1.1429
0.8286
0.6389
0.4884
0.775
1.3478
0.4186
0.6667
1.1389
0.8966
0.5143
0.6818
1.0741
0.6279
1.0857
1.1935
1.4643
1.3077
1
1.2121
0.7568
0.8966
1.2812
0.7568
1.1071
0.5625
1.303
1.1923
0.7812
0.42
1.2069
0.8529
1.4444
1.0714
0.9697
0.7037
1.3929
0.6857
1.0741
0.5
0.6667
0.439
0.7647
0.6444
1.027
0.697
0.6316
1.0625
1.0571
1.0645
1.0312
0.5814
0.9118
0.68
0.8333
0.8276
0.7778
1.3684
0.7778
0.3721
0.7727
0.7143
0.4091
0.697
0.4762
0.8889
0.6
0.5789
1.129
0.5625
1
0.6585
0.5192
0.3846
1.0312
0.6364
0.7692
0.4762
0.4474
0.8947
0.6579
1.5
0.6316
0.3571
0.6897
0.725
0.5581
0.4722
0.6757
0.6857
0.2549
1.25
1.0357
0.4857
0.4878
0.8077
1.0938
0.8276
0.9655
0.7222
0.6875
0.8056
1
1.08
0.439
0.8125
0.7838
0.6757
0.7568
0.5122
0.9231
0.5517
1
1.087
0.625
1.16
0.625
0.5652
0.6207
0.9091
0.2308
0.3333
0.6571
0.3953
1.4167
0.4773
0.561
0.4889
0.6579
0.6176
0.6129
0.7667
1.0667
0.4524
0.9091
0.8333
1.45
0.439
0.4872
0.3529
0.7273
0.4706
1
0.6452
0.88
0.8077
0.4186
1.2857
0.6977
1.6667
0.875
0.5128
0.7027
0.6585
0.7073
0.7561
1.037
0.6905
0.8056
1.5833
0.4348
0.425
0.3404
0.6452
0.9444
0.8846
0.6512
1.08
0.5682
0.5429
0.8824
0.4091
0.3636
0.5833
0.9375
0.6667
0.8966
1.4348
0.6512
0.4167
0.7667
0.7586
0.9545
0.4324
0.6667
0.9189
0.7727
0.8529
0.6923
0.75
0.4091
0.7027
1.2308
0.6316
0.7
1.1786
0.2553
0.65
0.7105
0.7941
0.5
0.375
0.425
0.8636
0.7941
0.9231
0.4722
1.3333
0.9429
0.5135
0.8125
1.069
0.4286
1.2917
0.7812
0.5
0.9091
0.3611
0.8077
0.4231
0.5652
0.5806
0.34
0.7037
0.8438
0.6071
0.8205
0.7429
0.7632
1.0645
0.3529
0.5484
0.375
0.9211
0.6452
0.35
0.4722
0.5
0.9167
0.7407
0.96
1
1.8333
0.9706
0.9231
0.5128
0.8333
0.2391
0.697
0.4583
0.4889
0.2308
0.3654
0.7812
0.5172
0.8571
0.7222
0.6
1.129
0.9091
0.5263
0.6047
0.7027
0.5909
0.5
0.8462
0.3077
0.7027
1.1923
0.5
0.7576
0.3333
1.24
0.5833
0.8065
1
0.9643
0.7368
0.4222
0.3617
0.7419
0.5758
0.7317
0.3947
0.7188
0.8438
1.0645
1.1333
0.6774
1.7083
0.2576
0.4359
0.8462
0.6452
0.6154
0.3061
0.9211
0.5185
0.5122
1.2121
2
0.7188
0.6286
0.5806
0.9167
1.5
0.6341
0.7222
1.037
0.8485
0.8611
0.425
0.6897
0.55
0.5
0.6364
0.3404
0.3438
1.3939
0.4444
0.4595
0.6667
0.3333
0.9118
0.7234
0.7308
0.8276
0.6875
0.8529
0.9706
0.6341
1.1875
0.6286
1.0588
0.561
1.5652
0.4255
1
0.6765
1.0667
0.4667
0.7949
0.5682
1.1923
1.0345
0.7714
1.3043
0.7027
0.8
1.2381
0.4583
0.9286
1
0.6111
1.0227
0.8065
0.4595
0.6061
0.3902
0.3846
0.6667
0.963
1.48
0.9474
0.5263
0.5366
0.6154
0.28
1.32
0.5385
0.8
0.4902
0.8378
0.6154
0.2927
0.9286
0.6129
0.3488
0.8667
0.4318
0.4324
0.4474
0.5854
0.4255
0.5278
0.5
0.6333
0.5417
1.4643
0.7143
1.1071
0.5455
0.7742
1
0.4722
0.9118
0.7353
0.9714
1.4444
1.25
0.7586
0.3043
0.4
0.9655
0.2333
2.8571
0.6452
0.8
0.6571
1.2609
0.725
0.9091
0.4889
0.5278
0.2667
0.6944
1.5714
1.1852
0.5366
0.5227
1
0.5278
0.7857
0.7407
0.9167
0.6923
0.6429
0.6222
0.3478
0.7857
0.7568
1.6818
0.7895
0.6098
0.5854
1.2857
0.5581
0.2955
0.6216
0.8824
0.5263
0.5455
0.775
0.7895
0.2432
0.9565
0.8276
0.8333
1.32
1.1379
1.2692
0.6176
0.8261
1.2222
0.5
0.9444
1.3462
1.0345
0.4706
1.32
1.1875
1.0741
0.5952
0.5143
0.5333
1.3333
0.8889
0.6333
1
1.2143
0.6279
0.2045
0.4565
0.8966
0.8333
1.2609
0.6757
0.8857
0.4595
0.4722
0.6471
1
0.6923
0.4242
1.0741
0.7429
0.7838
0.5946
0.3902
0.4615
0.8611
0.7333
0.7105
0.5484
0.325
1.1316
0.4318
0.7241
0.9459
0.8125
0.4545
0.6552
0.4792
1.375
0.8
1.0455
1.36
0.7407
0.8
0.4783
0.8125
0.6
0.6667
1.0938
0.4737
0.4444
0.7429
0.8974
0.6452
0.5556
1.0278
0.8182
0.4222
0.619
1.0625
1.1034
0.4468
0.3962
0.8947
0.5
0.963
2.6154
0.8966
0.7561
0.4595
0.8571
0.4222
1.1562
0.2927
0.3953
0.8235
0.3846
0.5455
0.9375
0.5556
1
1.037
1.1429
0.5238
0.3208
0.697
0.9032
1.1613
0.6471
0.84
0.7241
0.6471
0.9189
0.6667
0.4792
0.5526
1.4074
1.0833
0.8889
0.5
1.32
0.8235
0.5526
0.4889
0.9412
0.8438
0.7586
0.5294
0.6667
0.9167
0.2558
0.6452
0.7333
2.8
0.5532
0.4706
1.36
0.4
0.5102
0.5952
0.7179
0.9286
0.6364
0.931
0.7353
1.7273
0.375
0.8
1.9444
0.3265
0.4091
0.1538
1.5238
1
0.5128
1.0938
0.5405
0.4
0.9259
0.5758
0.6579
0.4848
0.5526
0.8529
1.075
0.6875
0.3235
0.7619
0.3191
0.9211
1
0.4167
0.9615
0.3958
0.3333
0.8485
1.5833
0.3684
0.7708
1.1613
0.6279
0.5625
0.7429
0.4848
0.4667
0.5294
0.2653
0.7
0.6222
0.7941
1.4348
1.1818
0.5435
1.1304
1.0303
0.5714
0.4706
0.5278
0.8605
0.7647
1.0909
0.9615
0.7059
1.25
0.3488
1.0541
1.0526
0.7027
0.6744
0.5625
0.4894
0.9118
1.6957
0.6207
0.5946
0.8182
0.4444
0.38
1.0667
0.5
0.8824
0.6154
0.5957
0.6061
0.5714
1.0278
1
0.5
0.9
0.561
1
0.5588
0.2778
0.5385
0.9667
0.8684
1.4167
0.5532
0.5
1.4333
0.8182
0.9643
1.0909
1.1
0.8378
0.8158
1
0.5
0.55
0.6136
0.5758
0.875
1.0556
0.7222
0.7105
0.4839
0.6
1.04
0.5676
0.7857
0.475
1.1471
0.4474
1.1034
0.7333
0.6667
0.4762
1.0857
1.1481
0.5789
0.4474
0.8056
0.641
0.5758
0.6757
0.5862
0.8947
0.625
1.5172
0.359
0.9487
0.7879
1.1875
1.2963
0.4848
0.7568
0.75
0.7
1.069
0.9412
0.9667
1.1852
1.303
0.6923
0.6562
0.7419
0.5278
0.4848
0.8276
1.0645
0.75
0.697
0.7568
1.0714
0.8485
0.6579
0.6286
0.9615
0.7429
0.8
0.2778
0.6829
0.561
0.7692
0.8298
1.0741
0.6667
0.8205
0.6316
1.0667
1.2059
0.4324
0.6579
0.575
1
1.0968
1.1379
0.641
0.8919
0.6667
0.7073
0.3571
0.6364
0.7143
0.8
0.8205
0.5476
0.7667
0.7381
0.7353
0.5532
0.7143
0.6111
1.3514
1.75
0.45
0.5152
0.3617
0.4872
0.4727
1
0.6389
1.4444
0.5111
0.9714
1.125
1.04
1.1034
0.381
0.6944
1.375
0.8
0.3478
1.12
1.25
0.5938
0.2857
0.7179
1.1818
0.4048
0.8056
0.6279
1.1935
1
0.5385
0.4615
0.6286
0.8333
0.5263
0.225
0.931
1
0.25
1.7241
0.3111
0.8485
0.9655
1.2857
0.7812
0.5217
0.825
0.4872
0.9
0.9615
0.6452
0.5429
0.5484
0.8276
1.3077
0.6842
0.7742
0.8889
0.8108
1
0.6154
0.6364
0.8788
0.5484
0.4286
0.5652
0.75
0.5556
0.5227
0.2979
0.5333
0.7333
0.6774
0.75
0.6562
0.7143
0.6522
1.1034
0.7949
0.8667
1.3448
0.8974
0.4211
0.6667
0.5909
0.7742
0.5217
0.7647
0.9143
0.7222
0.7442
0.8214
0.7105
0.6842
0.6111
1.1667
0.675
0.3514
1.3913
1.52
0.5556
0.5349
0.5758
0.5417
0.4545
0.3235
0.6129
0.7297
0.38
1.069
0.6
1.8
0.7027
0.6857
0.6585
0.6579
0.4
1.3636
0.4375
0.7188
0.7879
0.8929
0.8182
0.6667
0.5263
0.8
0.7941
0.7805
1.1111
0.7143
0.3111
0.3902
0.4565
0.3333
0.5814
0.5357
0.7179
0.375
1.0294
0.6667
0.6774
0.85
0.5455
0.4651
0.4
0.5862
0.9677
1.0968
0.5714
0.9375
0.4909
1.4667
0.6977
0.4773
0.5143
0.9302
0.4048
0.6857
0.5312
1.2759
0.4286
0.75
0.4359
0.6216
0.9167
0.8438
0.3846
1.2593
0.5429
0.2449
0.3784
0.7241
0.9118
0.4138
0.825
1.05
0.9091
0.4762
0.7059
0.48
0.8621
1
1.0476
0.8611
1.037
0.7143
1.3077
0.5294
0.4167
0.5789
0.4681
0.6333
0.8
0.7838
0.75
0.8684
0.5946
1.069
0.9259
1.375
1.0968
0.6364
0.9167
0.4211
0.7879
0.3864
0.5556
0.6452
0.6111
0.3265
0.9677
0.7857
0.6857
0.5556
0.4419
0.675
1.3478
0.2791
0.6111
0.9722
0.5862
0.3429
0.4773
0.5556
0.4884
0.8286
1.2258
1.0357
1.0385
0.871
1.1818
0.5405
0.7241
1.2188
0.5676
0.9286
0.5625
0.8788
0.8462
0.6562
0.3
1.069
0.4706
1.3333
0.8571
0.8182
0.5926
1.1071
0.8
0.8889
0.2826
0.6667
0.3415
0.5294
0.4222
0.8108
0.697
0.5263
0.8438
0.8571
0.9355
0.9375
0.3913
0.7647
0.6
0.7222
0.8621
0.6389
1.1053
0.7222
0.3953
0.6818
0.75
0.3409
0.4545
0.5
1
0.6857
0.7105
1
0.4792
0.9355
0.7317
0.3654
0.3846
0.875
0.5227
0.6154
0.3571
0.4211
0.6842
0.4737
1.5625
0.6579
0.4048
0.1081
0.65
0.6047
0.4722
0.5946
0.7143
0.22
1.3611
0.8571
0.5143
0.5366
0.9615
1.0312
0.8276
0.931
0.8056
0.5312
0.8889
0.7692
1.2
0.5366
1
0.8108
0.5135
0.7568
0.5122
0.8974
0.5517
1.1304
1.0435
0.625
1.16
0.5938
0.5652
0.6207
1
0.2308
0.3
0.6857
0.4318
1.4583
0.5
0.5854
0.4667
0.4474
0.5
0.5161
0.8
1.0667
0.381
0.8788
0.7083
1.45
0.561
0.4872
0.3529
0.697
0.4314
1
0.5806
0.88
0.7308
0.3953
1.1071
0.5814
1.4762
0.825
0.5897
0.5676
0.6585
0.7073
0.6829
0.9259
0.7143
0.8889
1.6667
0.3478
0.425
0.3404
0.5161
0.8611
0.8846
0.0714
1
0.4773
0.6857
0.8824
0.5227
0.3636
0.8286
0.9375
0.5676
0.8621
1.3043
0.6512
0.4583
0.8667
0.7931
1.1364
0.3514
0.6667
0.9189
0.6818
0.9412
0.6667
0.6562
0.3864
0.6757
1.2308
0.6579
0.675
1.0357
0.234
0.0377
0.9474
0.7059
0.4722
0.3125
0.475
0.9545
0.7059
0.8846
0.5278
1.4583
0.8571
0.5135
0.6667
0.8621
0.5429
1.2083
0.8125
0.5217
0.9091
0.3889
0.129
0.3462
0.4565
0.6452
0.3
0.7037
0.6176
0.7143
0.9487
0.7714
0.7105
0.9355
0.3725
0.4516
0.35
0.8947
0.6452
0.325
0.5
0.5526
0.8333
0.8889
0.88
1.0714
1.5417
0.9118
0.9231
0.4359
0.7083
0.2174
0.697
0.4375
0.4889
0.2051
0.3269
0.8125
0.4483
0.7714
0.7778
0.5714
0.9677
0.8485
0.4359
0.6744
0.6486
0.6136
0.5385
0.9231
0.2769
0.7027
1.3077
0.5
0.6061
0.3846
1.52
0.7292
0.9032
1.1579
0.9286
0.641
0.4444
0.4043
0.8065
0.4242
0.7561
0.4737
0.6562
0.75
1.0645
1.0333
0.5455
1.6667
0.2576
0.4103
0.8205
0.6774
0.5385
0.3878
0.8158
0.5556
0.5122
1.2727
2.1667
0.5312
0.6571
0.4839
0.8333
0.0465
0.6829
0.75
0.963
0.6364
0.9444
0.425
0.6207
0.625
0.4773
0.7576
0.4043
0.375
0.8947
0.4444
0.4865
0.5833
0.359
0.7778
0.7021
0.6538
0.8966
0.1395
0.7059
0.9706
0.7805
1.1875
0.6176
1.0588
0.5122
1.5217
0.3404
1.08
0.6176
0.9333
0.6
0.6923
0.6136
1.1154
1
0.7714
1.4348
0.8378
0.6
1.0952
0.4583
0.9286
1.037
0.6389
0.9545
0.8387
0.5405
0.7273
0.3171
0.2821
0.6042
0.75
1.36
0.7105
0.5263
0.5366
0.5897
0.2449
1.28
0.4615
0.7667
0.549
0.7027
0.5897
0.3171
0.8571
0.5806
0.3256
0.8
0.3636
0.3514
0.5
0.6098
0.3191
0.5556
0.5
0.5
0.4167
1.2143
0.4054
1.0714
0.5682
0.9355
1
0.4722
0.8235
0.8529
0.8
1.3333
1.0714
0.1053
0.2826
0.4857
1
0.25
2.9286
0.027
0.8
0.6571
1.3913
0.625
1
0.4
0.4324
0.381
0.7222
1.5714
0.963
0.6098
0.3864
0.9091
0.4722
0.5714
0.7778
0.7778
0.8205
0.75
0.6
0.3261
0.75
0.6486
1.5455
0.8158
0.6098
0.5366
1.2857
0.6279
0.3636
0.5946
0.8529
0.5
0.6364
0.775
0.7105
0.3243
0.8696
0.8276
0.8333
1.4
1.2069
1.3077
0.5294
1.0435
1.0741
0.6053
0.7778
1.4615
0.931
0.4706
1.24
0.9688
0.8889
0.5238
0.5143
0.4667
1.3333
0.9167
0.7667
0.9574
1
0.5814
0.2727
0.4565
0.8621
0.8333
1.3478
0.7838
0.8286
0.4865
0.5833
0.7647
1.1538
0.6538
0.1515
1.0741
0.6857
0.6757
0.5946
0.3659
0.4872
0.8611
0.7667
0.7105
0.4516
0.375
1.0263
0.4545
0.7586
0.8919
0.625
0.5152
0.1212
0.3542
1.25
0.8667
1.0455
1.36
0.6296
0.7
0.5
0.6875
0.6571
0.6667
1.0938
0.5526
0.3889
0.8
0.0556
0.5484
0.4211
0.7632
0.8788
0.5111
0.5714
1.0312
1.1724
0.383
0.4151
0.9211
0.5
0.8889
2.6923
0.8276
0.8293
0.4324
0.7143
0.06
1
0.3171
0.3256
0.7941
0.3077
0.5455
0.7188
0.6667
0.84
1.1111
1.0714
0.5476
0.283
0.5152
1.0323
1.1613
0.6471
0.92
0.7241
0.5294
0.7105
0.6667
0.4375
0.3684
0.0833
0.7917
0.8056
0.5667
1.12
0.02
0.4737
0.5778
1.0294
0.7188
0.5862
0.3922
0.6364
0.7222
0.2558
0.7097
0.5667
2.75
0.617
0.5588
1.56
0.4182
0.551
0.5238
0.641
0.8333
0.5227
1.1034
0.6176
1.3636
0.3438
0.7667
1.8333
0.3469
0.3864
0.1923
1.4762
0.7619
0.5385
1.0312
0.5135
0.3429
0.963
0.697
0.6579
0.5758
0.6316
0.9412
0.9
0.8125
0.3529
0.8571
0.2979
0.7895
1.1212
0.3958
0.6923
0.375
0.381
0.7576
1.5417
0.3684
0.7292
1.129
0.6512
0.4688
0.6286
0.3939
0.4889
0.4706
0.0566
0.5
0.5556
0.7059
1.3478
1.4091
0.5556
1
0.7576
0.3514
0.3235
0.3611
0.7907
0.6471
1
0.8462
0.6176
1.125
0.3256
1.0811
0.8947
0.5676
0.6047
0.375
0.4043
0.7647
1.2174
0.6897
0.6486
0.6364
0.3704
0.36
1
0.3846
0.8286
0.5385
0.5319
0.0513
0.6286
0.9459
0.3659
0.0652
0.9
0.5122
0.8333
0.6176
0.3333
0.6538
0.9333
0.8421
1.125
0.4043
0.4545
1.4667
0.7273
1.0357
1.1515
1.0667
0.8919
0.7105
0.9677
0.5882
0.6
0.5682
0.4242
0.825
1.0556
0.6389
0.6579
0.6129
0.6222
1.08
0.5405
0.8214
0.3902
1.1471
0.3684
1
0.7
0.6667
0.4762
0.9714
1.2222
0.4737
0.4474
0.7222
0.525
0.5758
0.7297
0.6552
0.7895
0.6
1.4483
0.4615
0.9231
0.8485
0.9375
1.2963
0.4848
0.6486
0.3214
0.65
1.2069
0.8824
0.9333
1.1481
1.1818
0.5128
0.5312
0.5161
0.5833
0.0833
0.7931
0.9032
0.75
0.697
0.8108
1
0.6765
0.7368
0.4571
0.8077
0.8571
0.6667
0.25
0.5854
0.5122
0.7179
0.7872
1.037
0.6222
0.7179
0.0851
1.1
1
0.3243
0.6053
0.65
1
0.7742
1
0.5128
0.7027
0.6154
0.6829
0.4048
0.0556
0.0303
0.7667
0.0204
0.5238
0.7333
0.5238
0.6471
0.5319
0.1081
0.5833
1.2973
1.375
0.45
0.5152
0.2553
0.3846
0.4909
0.8065
0.0833
1.2222
0.4889
0.9429
1.2917
1.08
0.9655
0.3333
0.6389
1.5
0.625
0.4348
0.96
1.25
0.5312
0.2143
0.8718
1.1364
0.4524
0.8611
0.6279
1.1613
1.069
0.5385
0.3846
0.5429
0.9333
0.4474
0.25
0.931
1
0.375
1.5517
0.3778
0.8485
0.8966
1.25
0.8438
0.5652
0.7
0.3846
0.9667
1.1154
0.4516
0.6
0.3438
0.7931
1.3462
0.7632
0.6774
0.9444
0.7297
1
0.7308
0.6136
0.8788
0.4839
0.3714
0.6087
0.7188
0.5556
0.4545
0
0.4444
0.6333
0.6452
0.7222
0.6875
0.6786
0.6957
1.1034
0.8974
0.9667
1.1379
0.9231
0.3684
0.6154
0.5227
0.9032
0.4783
0.6471
0.8286
0.6389
0.814
0.7143
0.6053
0.6842
0.6667
1.1944
0.675
0.4865
1.6087
1.52
0.0364
0.4318
0.6061
0.4375
0.5455
0.3824
0.7742
0.6757
0.36
1.069
0.6286
1.84
0.6757
0.4857
0.5122
0.6579
0.4
1.1515
0.5625
0.6875
0.9091
0.9286
0.6667
0.75
0.4211
0.0789
0.8235
0.8049
0.963
0.7143
0.3111
0.3902
0.2609
0.4167
0.4419
0.8077
0.6154
0.4286
1.0588
0.75
0.7419
0.85
0.5909
0.4651
0.3
0.6552
0.9677
1.0645
0.6
0.9062
0.4545
1.3
0.6279
0.3864
0.5714
0.7674
0.3571
0.7429
0.4375
1.2759
0.4524
0.6875
0.3846
0.7027
0.875
0.7812
0.3846
1.1852
0.5143
0.2857
0.2703
0.6552
1.0294
0.3103
0.8
1.15
0.8182
0.4762
0.6765
0.68
0.7586
1
0.9524
0.75
0.8519
0.8286
0.9615
0.4706
0.4444
0.5526
0.3617
0.7
0.6667
0.8108
0.775
0.8158
0.5676
0.9655
1
1.5417
1
0.5455
0.8889
0.4737
0.9394
0.3864
0.5
0.7097
0.5833
0.2857
0.9677
0.8571
0.6571
0.4722
0.4651
0.7
1.3913
0.3721
0.6667
0.9722
0.6207
0.3429
0.5
0.5185
0.5349
0.8286
1.0968
1.1429
1.0385
0.8125
1.1515
0.5676
0.7241
1.125
0.5405
0.8571
0.4545
0.9091
0.0541
0.4688
0.32
0.9655
0.6765
1.1481
0.75
0.7576
0.4444
1.25
0.5714
0.7407
0.4565
0.7143
0.4146
0.5882
0.3778
0.8378
0.6061
0.4737
0.875
0.7143
0.9677
0.75
0.2826
