x
0.3278
0.3194
0.3325
0.3557
0.3463
0.3449
0.3678
0.3306
0.3022
0.3667
0.3474
0.3424
0.3401
0.3504
0.3458
0.3189
0.3398
0.3147
0.3738
0.319
0.3482
0.3459
0.3389
0.3315
0.3152
0.3382
0.3595
0.3671
0.3377
0.3435
0.3279
0.3568
0.3294
0.3524
0.3056
0.346
0.3277
0.3732
0.3299
0.3486
0.3295
0.345
0.3178
0.3323
0.3612
0.3458
0.3527
0.3352
0.3558
0.3304
0.3667
0.3559
0.295
0.3256
0.3447
0.316
0.3556
0.3545
0.2958
0.308
0.3092
0.3202
0.2875
0.3388
0.3219
0.3328
0.3531
0.3558
0.3678
0.3191
0.3327
0.3454
0.3477
0.3196
0.3341
0.3505
0.3515
0.3325
0.3075
0.3088
0.3422
0.3328
0.3364
0.3648
0.3608
0.3559
0.3175
0.3346
0.3399
0.3834
0.338
0.3738
0.3544
0.3633
0.3603
0.3394
0.3117
0.3344
0.3712
0.351
0.3218
0.3186
0.3311
0.3554
0.3419
0.3484
0.3331
0.3637
0.3316
0.3056
0.335
0.3465
0.3422
0.3613
0.3646
0.344
0.3438
0.3477
0.34
0.3584
0.3572
0.3139
0.332
0.3438
0.3657
0.3337
0.3446
0.3327
0.3604
0.3438
0.3403
0.337
0.3046
0.3489
0.3418
0.3709
0.3398
0.3561
0.3575
0.348
0.3032
0.343
0.3248
0.3624
0.3474
0.3225
0.3495
0.3502
0.3542
0.3333
0.3546
0.3493
0.3528
0.3634
0.3219
0.3367
0.3607
0.3605
0.3284
0.3471
0.3499
0.3601
0.3469
0.3464
0.3623
0.3488
0.3413
0.3098
0.3359
0.3162
0.3322
0.3289
0.3498
0.3282
0.3377
0.3764
0.3324
0.3597
0.326
0.3368
0.3451
0.3474
0.35
0.3211
0.3474
0.3398
0.3331
0.2858
0.3504
0.3726
0.3561
0.3444
0.3236
0.3445
0.3597
0.3287
0.3583
0.3333
0.3463
0.3639
0.3425
0.3248
0.3305
0.344
0.3636
0.3362
0.3303
0.335
0.316
0.3343
0.2897
0.3366
0.3512
0.3446
0.3727
0.3295
0.342
0.331
0.3411
0.328
0.3624
0.3278
0.306
0.3805
0.3232
0.3532
0.3279
0.3702
0.3228
0.3304
0.3308
0.3413
0.3326
0.3323
0.322
0.321
0.3333
0.302
0.3286
0.3528
0.322
0.3325
0.3218
0.36
0.359
0.3372
0.3408
0.356
0.3504
0.3303
0.3059
0.341
0.3478
0.3602
0.3413
0.3677
0.3447
0.3291
0.3698
0.3492
0.2865
0.3357
0.3744
0.367
0.3535
0.3212
0.3462
0.3249
0.3416
0.3421
0.3596
0.3559
0.3612
0.3493
0.3281
0.3545
0.3574
0.3475
0.3693
0.3555
0.3502
0.3336
0.341
0.3067
0.3347
0.3563
0.3387
0.3532
0.3449
0.3711
0.3345
0.3167
0.3394
0.3237
0.3382
0.3612
0.3725
0.3636
0.3418
0.3115
0.3572
0.3537
0.349
0.346
0.3517
0.3556
0.3353
0.3668
0.3514
0.3317
0.3446
0.345
0.3841
0.346
0.3521
0.3203
0.3269
0.3228
0.363
0.3406
0.3183
0.321
0.3647
0.3147
0.3554
0.3155
0.3454
0.3689
0.3227
0.3464
0.3601
0.3255
0.3169
0.2902
0.3598
0.3221
0.3317
0.3174
0.2964
0.3377
0.3593
0.3309
0.3417
0.3572
0.3371
0.3664
0.3549
0.3352
0.3587
0.3216
0.3365
0.325
0.3449
0.3644
0.3485
0.3616
0.3314
0.3359
0.3501
0.3466
0.3531
0.3395
0.3478
0.322
0.3667
0.3573
0.3239
0.36
0.3375
0.3294
0.3324
0.3374
0.3944
0.3542
0.3147
0.3496
0.3676
0.339
0.2972
0.3502
0.3064
0.3334
0.3527
0.3437
0.3114
0.335
0.3602
0.3228
0.3435
0.326
0.2893
0.3399
0.3454
0.341
0.3611
0.346
0.3601
0.3382
0.3493
0.3601
0.3043
0.3499
0.3213
0.3463
0.3437
0.3257
0.3455
0.354
0.3392
0.2887
0.3166
0.3286
0.3484
0.3571
0.3421
0.3711
0.3292
0.3307
0.3598
0.3443
0.3285
0.3472
0.3372
0.3283
0.362
0.352
0.361
0.3425
0.3593
0.3463
0.339
0.3106
0.3447
0.3308
0.3403
0.3227
0.3138
0.3278
0.3314
0.3162
0.3258
0.3473
0.3313
0.3571
0.3686
0.3547
0.3164
0.3132
0.3281
0.357
0.3249
0.3393
0.3406
0.3204
0.35
0.3357
0.3285
0.341
0.3526
0.3494
0.3313
0.3117
0.3494
0.3583
0.3018
0.3416
0.3329
0.354
0.3437
0.3236
0.3328
0.3222
0.3237
0.3519
0.346
0.3678
0.3394
0.3257
0.3412
0.3439
0.3339
0.3556
0.3664
0.3382
0.3277
0.354
0.3447
0.3244
0.3652
0.339
0.2991
0.3504
0.3653
0.3488
0.3417
0.3309
0.3123
0.3623
0.3394
0.3691
0.3674
0.3401
0.3519
0.3254
0.349
0.3622
0.3661
0.3196
0.3473
0.3362
0.3476
0.3238
0.3333
0.3236
0.3241
0.332
0.3514
0.3298
0.3363
0.3589
0.3032
0.3319
0.3429
0.3222
0.3367
0.3289
0.3583
0.3231
0.3227
0.3662
0.3239
0.3475
0.3581
0.3512
0.3212
0.365
0.352
0.3759
0.3365
0.3732
0.3433
0.3404
0.3454
0.3494
0.3532
0.3389
0.3689
0.3196
0.3653
0.3458
0.3159
0.3622
0.3427
0.3521
0.3457
0.3344
0.3275
0.3419
0.355
0.3603
0.339
0.37
0.3382
0.3607
0.3166
0.3526
0.3536
0.3288
0.3551
0.3161
0.3361
0.3056
0.3323
0.3435
0.3456
0.3574
0.349
0.3465
0.3169
0.3538
0.3531
0.3075
0.3378
0.3483
0.347
0.3078
0.3595
0.3623
0.3394
0.3366
0.2966
0.3471
0.3485
0.3436
0.346
0.3421
0.3497
0.3216
0.3478
0.3492
0.3328
0.3262
0.3476
0.3649
0.3404
0.3096
0.3561
0.3313
0.3506
0.3535
0.3743
0.3389
0.3458
0.3751
0.3267
0.3191
0.3182
0.3101
0.3289
0.3246
0.3435
0.3274
0.3349
0.3357
0.354
0.323
0.3481
0.3349
0.3454
0.3596
0.3393
0.3593
0.3581
0.34
0.3578
0.3487
0.346
0.352
0.3469
0.3602
0.338
0.3484
0.3393
0.3245
0.3347
0.3503
0.3386
0.3263
0.3456
0.3639
0.3357
0.3338
0.3172
0.3167
0.3383
0.3491
0.3419
0.3294
0.3651
0.3441
0.3466
0.3402
0.3485
0.3292
0.3422
0.3519
0.3646
0.342
0.3195
0.3356
0.315
0.3581
0.3331
0.3295
0.3224
0.3413
0.3139
0.3514
0.3589
0.3201
0.369
0.3242
0.342
0.3549
0.3507
0.3487
0.3544
0.3521
0.3197
0.3541
0.3275
0.338
0.3601
0.3631
0.3319
0.3395
0.3486
0.3334
0.3644
0.3344
0.3649
0.3374
0.3207
0.3463
0.3208
0.3365
0.3749
0.3315
0.3347
0.3576
0.3336
0.3446
0.3549
0.3218
0.3539
0.3253
0.3395
0.3363
0.314
0.3518
0.354
0.3373
0.3309
0.3495
0.3058
0.3022
0.3254
0.3534
0.3577
0.3342
0.3609
0.3405
0.3558
0.3348
0.326
0.3292
0.3552
0.3428
0.349
0.3467
0.3485
0.3188
0.3377
0.3553
0.3654
0.3201
0.3479
0.3303
0.3469
0.3644
0.359
0.3606
0.3467
0.3448
0.3408
0.3384
0.3087
0.3528
0.3482
0.3415
0.3499
0.3793
0.356
0.3434
0.3431
0.3608
0.3285
0.3173
0.3714
0.3475
0.343
0.3504
0.3129
0.3232
0.3183
0.3564
0.3368
0.3382
0.3288
0.34
0.3433
0.3331
0.3412
0.3606
0.3589
0.3403
0.3594
0.3284
0.3399
0.3414
0.3614
0.3671
0.3043
0.336
0.354
0.3631
0.3542
0.375
0.3564
0.3675
0.313
0.3429
0.3576
0.3187
0.3388
0.3635
0.3151
0.3435
0.3007
0.3352
0.374
0.3105
0.3407
0.3347
0.3033
0.3143
0.3302
0.3671
0.3189
0.3462
0.3481
0.3614
0.3144
0.3151
0.3223
0.3496
0.3505
0.3312
0.3605
0.3432
0.3513
0.3495
0.3375
0.3618
0.3231
0.3482
0.3212
0.3421
0.341
0.3442
0.3384
0.3662
0.3392
0.2998
0.3092
0.3451
0.3379
0.3357
0.3543
0.3471
0.3561
0.3509
0.3367
0.3507
0.3668
0.3387
0.3584
0.3121
0.3419
0.3637
0.3364
0.3559
0.3289
0.3385
0.3363
0.357
0.3312
0.3138
0.329
0.3595
0.3554
0.3557
0.3143
0.33
0.3662
0.3373
0.3325
0.3584
0.3537
0.3038
0.2869
0.3574
0.3425
0.315
0.3413
0.3498
0.3484
0.3401
0.3405
0.3346
0.3488
0.319
0.3684
0.3263
0.3381
0.3455
0.3377
0.3357
0.3448
0.3609
0.3468
0.3071
0.3308
0.3532
0.3417
0.3183
0.3279
0.3492
0.3408
0.3348
0.3508
0.3558
0.3351
0.3652
0.3445
0.3542
0.3406
0.3409
0.3512
0.3371
0.3444
0.3564
0.3447
0.3438
0.3265
0.3187
0.2968
0.3394
0.3086
0.3362
0.359
0.3101
0.3615
0.3511
0.3652
0.3221
0.3187
0.3492
0.3679
0.3402
0.3329
0.3293
0.3586
0.3282
0.3463
0.3457
0.344
0.3484
0.3652
0.371
0.3227
0.3498
0.3329
0.3397
0.3669
0.3085
0.3486
0.327
0.3569
0.3277
0.3214
0.3367
0.3468
0.3479
0.3087
0.3497
0.3668
0.3534
0.3468
0.3357
0.3542
0.3368
0.3484
0.3441
0.3489
0.3455
0.3262
0.3386
0.3551
0.3478
0.3089
0.3595
0.3417
0.3381
0.3392
0.3551
0.3305
0.3753
0.3504
0.3362
0.342
0.3467
0.3288
0.328
0.3574
0.3325
0.3459
0.3518
0.3329
0.3225
0.3255
0.3196
0.3331
0.3549
0.3488
0.3536
0.368
0.329
0.3005
0.3574
0.3475
0.3385
0.3405
0.3527
0.3447
0.3266
0.3428
0.3094
0.3739
0.3094
0.3472
0.3414
0.3343
0.3337
0.3087
0.333
0.3599
0.3671
0.3458
0.3424
0.3275
0.3635
0.3323
0.3588
0.3049
0.3464
0.3323
0.3735
0.3333
0.3527
0.3272
0.3414
0.3191
0.3345
0.3419
0.3504
0.3488
0.3336
0.354
0.3373
0.3692
0.3492
0.3106
0.3251
0.3496
0.312
0.3596
0.3509
0.3059
0.3094
0.3089
0.3224
0.2776
0.3339
0.3205
0.3375
0.3553
0.3539
0.3582
0.3188
0.3293
0.3484
0.3453
0.3203
0.3384
0.3527
0.3499
0.3431
0.3014
0.2898
0.339
0.3353
0.3352
0.3647
0.3721
0.354
0.3224
0.3349
0.3511
0.3812
0.3391
0.3743
0.3544
0.3716
0.3687
0.3375
0.3062
0.3276
0.3668
0.3516
0.3153
0.3191
0.3294
0.3576
0.3453
0.3455
0.3358
0.3625
0.3313
0.3033
0.3287
0.3438
0.3594
0.3695
0.3669
0.3429
0.3428
0.3405
0.3367
0.345
0.3636
0.3121
0.3292
0.3362
0.3673
0.3388
0.3433
0.335
0.3604
0.3527
0.3475
0.3394
0.2972
0.3518
0.3405
0.3705
0.3422
0.3582
0.3674
0.3518
0.3164
0.3514
0.3206
0.364
0.3449
0.3118
0.3428
0.3539
0.3557
0.325
0.3618
0.3456
0.3569
0.3659
0.3276
0.3356
0.3632
0.362
0.326
0.3479
0.3449
0.3578
0.3461
0.348
0.3594
0.351
0.3541
0.3038
0.3392
0.3105
0.3324
0.3304
0.3406
0.3266
0.3399
0.379
0.3393
0.3577
0.3261
0.3351
0.342
0.3554
0.3446
0.3279
0.3481
0.3364
0.3337
0.2815
0.3522
0.3757
0.353
0.333
0.3204
0.3366
0.3616
0.325
0.356
0.3308
0.3615
0.37
0.3314
0.3205
0.3363
0.3545
0.3597
0.336
0.3247
0.3363
0.3251
0.3254
0.2872
0.3204
0.3609
0.3443
0.3915
0.3316
0.3464
0.3366
0.3422
0.3305
0.3711
0.3296
0.3009
0.381
0.3307
0.3664
0.3253
0.3677
0.3261
0.3385
0.3297
0.3455
0.3375
0.3465
0.3235
0.3166
0.3315
0.2807
0.3271
0.3524
0.3296
0.3326
0.3149
0.3588
0.3565
0.3546
0.3391
0.3579
0.3493
0.3308
0.3014
0.3371
0.354
0.3618
0.3437
0.3756
0.3453
0.3357
0.3713
0.3574
0.3213
0.3394
0.3727
0.3633
0.3546
0.3139
0.3444
0.3214
0.3377
0.3466
0.3598
0.363
0.3595
0.3552
0.3287
0.3554
0.3621
0.3441
0.3683
0.3415
0.3596
0.3454
0.3449
0.3055
0.331
0.3576
0.3585
0.3495
0.3436
0.3773
0.3348
0.3146
0.34
0.3204
0.3372
0.366
0.3815
0.3669
0.3489
0.3096
0.3574
0.3589
0.3478
0.3478
0.349
0.3539
0.3378
0.3676
0.3573
0.3233
0.3423
0.3359
0.3825
0.3472
0.3489
0.2936
0.3213
0.3113
0.3639
0.3393
0.3185
0.3208
0.368
0.3088
0.363
0.3161
0.3545
0.3657
0.3225
0.346
0.3611
0.3266
0.3187
0.292
0.3642
0.3198
0.3319
0.3128
0.2854
0.3415
0.3578
0.3359
0.3392
0.3562
0.3425
0.3672
0.3642
0.3246
0.3658
0.316
0.3874
0.3235
0.3508
0.3718
0.3579
0.3677
0.3307
0.3484
0.3508
0.3477
0.3568
0.3361
0.3737
0.3226
0.3634
0.3488
0.3102
0.3621
0.3404
0.336
0.3333
0.3433
0.3943
0.3546
0.3216
0.3485
0.3657
0.3442
0.2888
0.3462
0.3072
0.3319
0.3496
0.3434
0.3269
0.3211
0.3666
0.3372
0.337
0.326
0.2818
0.3334
0.3474
0.3372
0.3641
0.3613
0.3614
0.3477
0.3337
0.3555
0.3094
0.3568
0.3171
0.3533
0.346
0.324
0.3437
0.3543
0.3438
0.2797
0.3178
0.3292
0.3454
0.3556
0.3385
0.3688
0.3345
0.3297
0.3623
0.3344
0.3294
0.3456
0.3409
0.3372
0.3608
0.3554
0.3582
0.334
0.3608
0.3453
0.3412
0.3091
0.3412
0.3356
0.3367
0.3234
0.3166
0.3233
0.331
0.3168
0.3205
0.3461
0.332
0.359
0.3618
0.3562
0.313
0.3123
0.3284
0.3647
0.3215
0.3333
0.3456
0.3196
0.3507
0.3324
0.3332
0.342
0.3581
0.3468
0.3207
0.3128
0.3502
0.3592
0.2917
0.3406
0.3361
0.3642
0.3454
0.3208
0.3334
0.3235
0.3195
0.3535
0.3448
0.3633
0.347
0.3198
0.3422
0.3493
0.3321
0.3536
0.3639
0.3361
0.3266
0.3526
0.3368
0.3253
0.3671
0.3372
0.307
0.356
0.3621
0.3377
0.3338
0.3348
0.3175
0.367
0.3431
0.3692
0.3699
0.3491
0.3309
0.3207
0.3447
0.3611
0.37
0.3179
0.348
0.3332
0.3431
0.3185
0.3382
0.3191
0.3264
0.3289
0.3529
0.3306
0.3336
0.345
0.3023
0.3361
0.3589
0.3246
0.3388
0.3285
0.3535
0.3354
0.3231
0.3723
0.3259
0.348
0.3591
0.3474
0.3231
0.3705
0.3484
0.3761
0.3323
0.3754
0.3474
0.3352
0.3362
0.3482
0.3433
0.3427
0.3778
0.3279
0.3584
0.3492
0.3146
0.3662
0.3382
0.3524
0.3514
0.3368
0.3225
0.3411
0.356
0.3589
0.3484
0.3705
0.3427
0.36
0.3069
0.3477
0.3523
0.3263
0.3564
0.3143
0.3387
0.3062
0.3394
0.3452
0.3407
0.3553
0.3381
0.334
0.3228
0.3633
0.3517
0.308
0.3378
0.3489
0.3475
0.3043
0.353
0.3595
0.34
0.339
0.2919
0.3436
0.3484
0.3634
0.3608
0.3382
0.3517
0.3176
0.3507
0.3514
0.3368
0.3273
0.3502
0.364
0.3366
0.3092
0.3497
0.3305
0.3509
0.3553
0.3787
0.3342
0.3434
0.3776
0.3207
0.3207
0.322
0.3065
0.3245
0.3285
0.3372
0.3213
0.336
0.3325
0.3541
0.3184
0.361
0.3413
0.3451
0.3585
0.3353
0.3672
0.3613
0.3289
0.3756
0.351
0.3439
0.3496
0.3534
0.3684
0.3352
0.3638
0.3401
0.3266
0.3426
0.348
0.3407
0.3237
0.3457
0.3682
0.3335
0.3371
0.3051
0.3115
0.3446
0.3513
0.3408
0.3289
0.3667
0.3396
0.3407
0.342
0.3517
0.3323
0.3447
0.3539
0.3642
0.3309
0.3195
0.3365
0.3215
0.3646
0.3364
0.333
0.3274
0.3487
0.3171
0.3521
0.3582
0.3166
0.3716
0.3195
0.3362
0.3574
0.3594
0.3475
0.3512
0.3566
0.3148
0.3528
0.3287
0.3314
0.3758
0.3703
0.3289
0.3385
0.3564
0.3329
0.3724
0.3474
0.3814
0.3371
0.3268
0.3252
0.316
0.3369
0.3736
0.3429
0.3324
0.3593
0.3318
0.3435
0.356
0.312
0.3582
0.324
0.3482
0.3405
0.3018
0.3505
0.3554
0.338
0.3342
0.3535
0.3043
0.307
0.3261
0.3513
0.3574
0.3264
0.3633
0.3374
0.3479
0.3362
0.3273
0.3312
0.3667
0.3415
0.3592
0.349
0.3453
0.3307
0.3401
0.3535
0.3664
0.3206
0.347
0.3256
0.3486
0.3697
0.3584
0.3682
0.3443
0.3466
0.3486
0.3402
0.3004
0.3498
0.353
0.3388
0.3541
0.3827
0.3551
0.3478
0.3463
0.3585
0.3238
0.3045
0.3711
0.3456
0.3422
0.3525
0.3082
0.3224
0.3224
0.3588
0.3313
0.3359
0.3238
0.3407
0.3466
0.3265
0.3431
0.3575
0.3643
0.3471
0.3567
0.3249
0.3419
0.3374
0.3631
0.371
0.3078
0.3406
0.35
0.3623
0.3562
0.3787
0.3538
0.3653
0.3091
0.3448
0.3574
0.3145
0.3525
0.3619
0.3099
0.3424
0.299
0.3279
0.3676
0.3036
0.339
0.3374
0.2997
0.3131
0.3216
0.3638
0.3417
0.3441
0.3466
0.3647
0.3089
0.3204
0.3214
0.3512
0.3507
0.3284
0.3557
0.34
0.3561
0.3508
0.3336
0.3666
0.3225
0.3394
0.3124
0.342
0.3355
0.3478
0.3384
0.3717
0.334
0.2931
0.3362
0.3443
0.336
0.3409
0.3538
0.3483
0.3563
0.3527
0.3327
0.3496
0.3757
0.341
0.3849
0.315
0.3424
0.365
0.3438
0.3649
0.3283
0.3411
0.3367
0.3538
0.3328
0.3143
0.3334
0.3575
0.3541
0.354
0.2998
0.3406
0.3623
0.3426
0.3281
0.3542
0.3487
0.3064
0.288
0.358
0.3371
0.3149
0.3392
0.3493
0.3493
0.3455
0.3406
0.3292
0.3481
0.312
0.369
0.326
0.3377
0.3453
0.343
0.3351
0.3512
0.3608
0.3437
0.3151
0.3373
0.3564
0.342
0.3132
0.3258
0.35
0.3429
0.3352
0.3475
0.3539
0.3319
0.3586
0.344
0.356
0.3343
0.3444
0.3507
0.3409
0.3382
0.3569
0.347
0.3439
0.3235
0.3138
0.2987
0.3322
0.3115
0.3338
0.3638
0.3167
0.3655
0.349
0.365
0.3298
0.3279
0.3491
0.3691
0.3421
0.3294
0.3284
0.3694
0.3297
0.3525
0.3512
0.3423
0.35
0.3623
0.3726
0.3365
0.3539
0.3387
0.3442
0.3627
0.3113
0.3498
0.3205
0.3598
0.3301
0.3227
0.3307
0.346
0.3429
0.3102
0.3467
0.3782
0.3532
0.3488
0.3366
0.3518
0.3379
0.3485
0.3404
0.3492
0.3563
0.3281
0.3405
0.3599
0.3464
0.3132
0.3587
0.343
0.3778
0.3335
0.353
0.3292
0.3683
0.3426
0.3358
0.3448
0.3451
0.3372
0.3303
0.3601
0.3345
0.3459
0.3436
0.3216
0.3188
0.3594
0.3222
0.3306
0.3559
0.3562
0.362
0.3683
0.3547
0.3131
0.3583
0.3644
0.3722
0.3973
0.3813
0.3465
0.3261
0.3398
0.3482
0.3788
0.3788
0.3613
0.351
0.3978
0.3845
0.3959
0.3723
0.3686
0.3705
0.3463
0.3494
0.3234
0.3708
0.3334
0.3591
0.3026
0.3876
0.3349
0.3746
0.3475
0.3861
0.3694
0.3436
0.319
0.337
0.3646
0.3986
0.3607
0.3412
0.3792
0.3509
0.3764
0.3492
0.356
0.3921
0.346
0.3127
0.3676
0.355
0.293
0.3023
0.3155
0.3159
0.2718
0.3298
0.3164
0.3596
0.3569
0.3737
0.3797
0.3118
0.3576
0.3495
0.35
0.3135
0.359
0.3566
0.3538
0.394
0.3958
0.3362
0.3394
0.3392
0.3465
0.3639
0.39
0.3626
0.3214
0.3846
0.3769
0.3872
0.3404
0.3814
0.3733
0.3739
0.3726
0.3486
0.3074
0.3373
0.3992
0.3891
0.399
0.316
0.3358
0.3604
0.3673
0.4
0.3351
0.3651
0.3343
0.3173
0.3733
0.3541
0.3989
0.3933
0.3739
0.3457
0.3862
0.3845
0.3829
0.3483
0.3821
0.3202
0.3332
0.3412
0.3729
0.3639
0.3435
0.349
0.3769
0.3652
0.3485
0.3739
0.3411
0.3574
0.3439
0.3634
0.3864
0.3642
0.3859
0.3783
0.3319
0.3622
0.3212
0.3635
0.3525
0.3181
0.345
0.3981
0.3879
0.3323
0.3793
0.3482
0.354
0.3914
0.3698
0.3429
0.3706
0.3824
0.329
0.3863
0.3582
0.3552
0.3681
0.3466
0.3592
0.3838
0.3542
0.3353
0.371
0.3801
0.3707
0.3474
0.3484
0.3398
0.3336
0.3817
0.34
0.3808
0.4
0.3832
0.375
0.3899
0.3619
0.3247
0.3768
0.339
0.3427
0.3964
0.3515
0.3878
0.3592
0.3367
0.3281
0.3427
0.3777
0.3243
0.3574
0.3582
0.3636
0.3944
0.3402
0.3244
0.3367
0.3874
0.3584
0.3348
0.3586
0.3345
0.3163
0.3339
0.3042
0.317
0.3577
0.3852
0.3718
0.3351
0.3457
0.3424
0.3525
0.3836
0.3728
0.3463
0.3611
0.3802
0.333
0.3988
0.3243
0.3779
0.3526
0.335
0.3499
0.3482
0.3738
0.383
0.3853
0.3185
0.3521
0.2866
0.3446
0.3541
0.3325
0.372
0.3161
0.3942
0.3576
0.3391
0.3849
0.3996
0.3703
0.3469
0.3057
0.3452
0.3571
0.391
0.3972
0.3683
0.343
0.3494
0.3848
0.3279
0.2812
0.352
0.3887
0.3949
0.3806
0.3728
0.36
0.3282
0.3526
0.3867
0.39
0.3754
0.3717
0.3513
0.342
0.356
0.3901
0.3434
0.3709
0.3486
0.3552
0.3556
0.3552
0.3201
0.3457
0.3886
0.384
0.3751
0.376
0.3693
0.3295
0.3365
0.3426
0.3421
0.3507
0.3729
0.3832
0.3637
0.3841
0.3432
0.398
0.3657
0.3506
0.3457
0.3581
0.3539
0.3519
0.3903
0.3572
0.3422
0.387
0.3703
0.3901
0.3432
0.3785
0.2945
0.3484
0.3122
0.3802
0.3455
0.3172
0.3398
0.3742
0.3956
0.3728
0.4
0.3565
0.3728
0.3315
0.3759
0.3682
0.3994
0.363
0.2968
0.3828
0.3838
0.3422
0.3252
0.3521
0.3369
0.399
0.3309
0.341
0.3629
0.3553
0.3899
0.3969
0.3815
0.3818
0.3619
0.3864
0.3955
0.3642
0.3751
0.3557
0.3823
0.3333
0.3529
0.3587
0.3553
0.3554
0.3725
0.3752
0.3817
0.3663
0.349
0.3522
0.3768
0.3408
0.3569
0.3976
0.3647
0.4
0.3561
0.3659
0.3532
0.3772
0.3978
0.2924
0.3878
0.3011
0.3594
0.3459
0.3384
0.3117
0.3172
0.3779
0.385
0.3395
0.3959
0.3982
0.3351
0.3641
0.3991
0.3628
0.3609
0.3768
0.3397
0.3429
0.3573
0.378
0.362
0.3801
0.3531
0.3716
0.3418
0.3588
0.3555
0.346
0.279
0.3163
0.3324
0.344
0.3725
0.3544
0.3725
0.3316
0.3284
0.3598
0.3443
0.3265
0.3505
0.3743
0.3312
0.3637
0.3496
0.3633
0.3411
0.3596
0.3596
0.3358
0.3134
0.3415
0.3462
0.3642
0.3328
0.3328
0.3253
0.3285
0.3196
0.3298
0.3864
0.3585
0.3899
0.3587
0.3535
0.3145
0.3944
0.3248
0.3639
0.3268
0.3848
0.3496
0.3203
0.3963
0.3761
0.3306
0.398
0.3564
0.3511
0.3568
0.3107
0.3572
0.3892
0.3204
0.3414
0.3602
0.3877
0.3571
0.3522
0.334
0.336
0.3798
0.3796
0.3442
0.3945
0.3532
0.3277
0.3411
0.3416
0.332
0.359
0.3974
0.3364
0.3436
0.3558
0.3568
0.3237
0.3694
0.3591
0.3012
0.3695
0.3889
0.3568
0.3387
0.3879
0.376
0.359
0.398
0.3772
0.3901
0.3576
0.3417
0.3599
0.3535
0.3591
0.3967
0.3261
0.3527
0.3844
0.3595
0.32
0.3443
0.3323
0.3365
0.3304
0.3528
0.3709
0.3959
0.3979
0.301
0.3692
0.3574
0.3217
0.3755
0.3268
0.3812
0.3676
0.3298
0.3979
0.3311
0.3473
0.3736
0.3533
0.3976
0.3823
0.3856
0.3835
0.3353
0.3755
0.356
0.3829
0.3306
0.3497
0.3489
0.3892
0.3771
0.3636
0.3902
0.3516
0.3282
0.384
0.354
0.3523
0.3752
0.3483
0.3392
0.3435
0.3673
0.3896
0.3565
0.3992
0.3446
0.3811
0.3061
0.3494
0.3511
0.3667
0.3535
0.3335
0.3406
0.3076
0.3341
0.3593
0.3347
0.3968
0.3408
0.3464
0.339
0.3726
0.3579
0.3119
0.3592
0.3463
0.3542
0.3024
0.3608
0.357
0.3452
0.3983
0.3568
0.3635
0.3479
0.3492
0.3614
0.3486
0.3505
0.3525
0.3753
0.3498
0.3381
0.3282
0.3481
0.3725
0.3995
0.3136
0.3604
0.3278
0.3501
0.3647
0.3758
0.3613
0.3413
0.3936
0.3325
0.3636
0.3178
0.2987
0.3272
0.3942
0.3591
0.3451
0.3842
0.398
0.4
0.3204
0.3658
0.3344
0.3988
0.3584
0.3467
0.3673
0.3985
0.3606
0.3549
0.3499
0.3854
0.352
0.3864
0.3971
0.3358
0.3513
0.3434
0.3693
0.3471
0.3643
0.3856
0.3252
0.3876
0.3683
0.3711
0.3415
0.3399
0.3816
0.3468
0.388
0.366
0.331
0.3667
0.3864
0.3953
0.3847
0.3863
0.3994
0.3722
0.3586
0.3653
0.3819
0.3641
0.3291
0.3209
0.3802
0.3384
0.348
0.3384
0.387
0.3216
0.3584
0.3601
0.3181
0.3995
0.324
0.3463
0.3786
0.3678
0.3475
0.3995
0.3646
0.3269
0.3828
0.3288
0.3383
0.3594
0.3918
0.3824
0.3976
0.3578
0.3347
0.3735
0.3431
0.3851
0.3402
0.3248
0.336
0.3403
0.3984
0.3739
0.3592
0.3359
0.3647
0.3435
0.359
0.3807
0.3649
0.3807
0.3285
0.3328
0.3507
0.3131
0.3671
0.3949
0.3394
0.3334
0.3625
0.3778
0.302
0.3982
0.3986
0.3584
0.3281
0.3609
0.3541
0.3573
0.3354
0.3348
0.373
0.3833
0.3861
0.3587
0.3982
0.3492
0.3225
0.3376
0.3769
0.3654
0.3232
0.3751
0.3345
0.355
0.371
0.3603
0.366
0.3459
0.3439
0.3659
0.3986
0.2945
0.3533
0.3493
0.3493
0.3787
0.3837
0.3733
0.3501
0.3953
0.3662
0.3539
0.3799
0.39
0.377
0.365
0.3991
0.3376
0.3218
0.4
0.3878
0.3306
0.3953
0.3557
0.3539
0.3426
0.3454
0.3408
0.3887
0.3677
0.3515
0.3642
0.3705
0.3404
0.3506
0.3634
0.3714
0.3002
0.3389
0.3522
0.3711
0.3803
0.3789
0.3576
0.3996
0.3971
0.3759
0.382
0.3178
0.398
0.3668
0.3145
0.3869
0.375
0.3345
0.3764
0.3971
0.3849
0.3608
0.3589
0.3605
0.3986
0.3687
0.34
0.3426
0.3464
0.3638
0.3791
0.3146
0.3256
0.3778
0.3988
0.3395
0.355
0.3978
0.3802
0.3516
0.3711
0.3896
0.3239
0.386
0.3512
0.3858
0.3933
0.3457
0.3407
0.3887
0.3408
0.2993
0.3033
0.3988
0.3843
0.3682
0.3563
0.3405
0.3728
0.3488
0.3337
0.3545
0.3943
0.364
0.3735
0.3485
0.3461
0.381
0.3437
0.3701
0.3985
0.3499
0.3972
0.3602
0.332
0.324
0.3277
0.3602
0.3862
0.3786
0.3405
0.3289
0.3615
0.3469
0.3282
0.3889
0.3868
0.3966
0.3513
0.379
0.3988
0.3264
0.3501
0.3983
0.3426
0.398
0.3462
0.3263
0.3501
0.3211
0.3717
0.329
0.3376
0.3431
0.3728
0.3629
0.3495
0.3974
0.3478
0.3764
0.3321
0.3898
0.3432
0.3254
0.3366
0.3478
0.3434
0.3835
0.3623
0.3991
0.336
0.3885
0.3854
0.3599
0.3506
0.3536
0.3492
0.3399
0.364
0.3583
0.3856
0.348
0.356
0.3807
0.2991
0.3457
0.3974
0.35
0.3716
0.3124
0.3721
0.3981
0.3813
0.3302
0.3176
0.3473
0.3771
0.3468
0.3365
0.3453
0.3856
0.3468
0.3619
0.3557
0.3959
0.3487
0.3657
0.3868
0.3684
0.3589
0.3362
0.3567
0.3921
0.3609
0.3547
0.3805
0.3984
0.3954
0.3272
0.3635
0.3936
0.3479
0.3431
0.3528
0.3717
0.3561
0.3481
0.3606
0.3662
0.3598
0.3554
0.3548
0.3508
0.3562
0.3334
0.3411
0.3886
0.3495
0.3153
0.3983
0.3393
0.3398
0.3835
0.3519
0.4
0.3685
0.3441
0.3489
0.3862
0.3447
0.3264
0.3279
0.3563
0.3706
0.3436
0.3637
0.327
0.3216
NA
NA
NA
NA
NA
NA
NA
NA
NA
NA
NA
NA
NA
NA
NA
NA
NA
NA
NA
NA
NA
NA
NA
NA
NA
NA
NA
NA
NA
NA
NA
NA
NA
NA
NA
NA
NA
NA
NA
NA
NA
NA
NA
NA
NA
NA
NA
NA
NA
NA
NA
NA
NA
NA
NA
NA
NA
NA
NA
NA
NA
NA
NA
NA
NA
NA
NA
NA
NA
NA
NA
NA
NA
NA
NA
NA
NA
NA
NA
NA
NA
NA
NA
NA
NA
NA
NA
NA
NA
NA
NA
NA
NA
NA
NA
NA
NA
NA
NA
NA
NA
NA
NA
NA
NA
NA
NA
NA
NA
NA
NA
NA
NA
NA
NA
NA
NA
NA
NA
NA
NA
NA
NA
NA
NA
NA
NA
NA
NA
NA
NA
NA
NA
NA
NA
NA
NA
NA
NA
NA
NA
NA
NA
NA
NA
NA
NA
NA
NA
NA
NA
NA
NA
NA
NA
NA
NA
NA
NA
NA
NA
NA
NA
NA
NA
NA
NA
NA
NA
NA
NA
NA
NA
NA
NA
NA
NA
NA
NA
NA
NA
NA
NA
NA
NA
NA
NA
NA
NA
NA
NA
NA
NA
NA
NA
NA
NA
NA
NA
NA
NA
NA
NA
NA
NA
NA
NA
NA
NA
NA
NA
NA
NA
NA
NA
NA
NA
NA
NA
NA
NA
NA
NA
NA
NA
NA
NA
NA
NA
NA
NA
NA
NA
NA
NA
NA
NA
NA
NA
NA
NA
NA
NA
NA
NA
NA
NA
NA
NA
NA
NA
NA
NA
NA
NA
NA
NA
NA
NA
NA
NA
NA
NA
NA
NA
NA
NA
NA
NA
NA
NA
NA
NA
NA
NA
NA
NA
NA
NA
NA
NA
NA
NA
NA
NA
NA
NA
NA
NA
NA
NA
NA
NA
NA
NA
NA
NA
NA
NA
NA
NA
NA
NA
NA
NA
NA
NA
NA
NA
NA
NA
NA
NA
NA
NA
NA
NA
NA
NA
NA
NA
NA
NA
NA
NA
NA
NA
NA
NA
NA
NA
NA
NA
NA
NA
NA
NA
NA
NA
NA
NA
NA
NA
NA
NA
NA
NA
NA
NA
NA
NA
NA
NA
NA
NA
NA
NA
NA
NA
NA
NA
NA
NA
NA
NA
NA
NA
NA
NA
NA
NA
NA
NA
NA
NA
NA
NA
NA
NA
NA
NA
NA
NA
NA
NA
NA
NA
NA
NA
NA
NA
NA
NA
NA
NA
NA
NA
NA
NA
NA
NA
NA
NA
NA
NA
NA
NA
NA
NA
NA
NA
NA
NA
NA
NA
NA
NA
NA
NA
NA
NA
NA
NA
NA
NA
NA
NA
NA
NA
NA
NA
NA
NA
NA
NA
NA
NA
NA
NA
NA
NA
NA
NA
NA
NA
NA
NA
NA
NA
NA
NA
NA
NA
NA
NA
NA
NA
NA
NA
NA
NA
NA
NA
NA
NA
NA
NA
NA
NA
NA
NA
NA
NA
NA
NA
NA
NA
NA
NA
NA
NA
NA
NA
NA
NA
NA
NA
NA
NA
NA
NA
NA
NA
NA
NA
NA
NA
NA
NA
NA
NA
NA
NA
NA
NA
NA
NA
NA
NA
NA
NA
NA
NA
NA
NA
NA
NA
NA
NA
NA
NA
NA
NA
NA
NA
NA
NA
NA
NA
NA
NA
NA
NA
NA
NA
NA
NA
NA
NA
NA
NA
NA
NA
NA
NA
NA
NA
NA
NA
NA
NA
NA
NA
NA
NA
NA
NA
NA
NA
NA
NA
NA
NA
NA
NA
NA
NA
NA
NA
NA
NA
NA
NA
NA
NA
NA
NA
NA
NA
NA
NA
NA
NA
NA
NA
NA
NA
NA
NA
NA
NA
NA
NA
NA
NA
NA
NA
NA
NA
NA
NA
NA
NA
NA
NA
NA
NA
NA
NA
NA
NA
NA
NA
NA
NA
NA
NA
NA
NA
NA
NA
NA
NA
NA
NA
NA
NA
NA
NA
NA
NA
NA
NA
NA
NA
NA
NA
NA
NA
NA
NA
NA
NA
NA
NA
NA
NA
NA
NA
NA
NA
NA
NA
NA
NA
NA
NA
NA
NA
NA
NA
NA
NA
NA
NA
NA
NA
NA
NA
NA
NA
NA
NA
NA
NA
NA
NA
NA
NA
NA
NA
NA
NA
NA
NA
NA
NA
NA
NA
NA
NA
NA
NA
NA
NA
NA
NA
NA
NA
NA
NA
NA
NA
NA
NA
NA
NA
NA
NA
NA
NA
NA
NA
NA
NA
NA
NA
NA
NA
NA
NA
NA
NA
NA
NA
NA
NA
NA
NA
NA
NA
NA
NA
NA
NA
NA
NA
NA
NA
NA
NA
NA
NA
NA
NA
NA
NA
NA
NA
NA
NA
NA
NA
NA
NA
NA
NA
NA
NA
NA
NA
NA
NA
NA
NA
NA
NA
NA
NA
NA
NA
NA
NA
NA
NA
NA
NA
NA
NA
NA
NA
NA
NA
NA
NA
NA
NA
NA
NA
NA
NA
NA
NA
NA
NA
NA
NA
NA
NA
NA
NA
NA
NA
NA
NA
NA
NA
NA
NA
NA
NA
NA
NA
NA
NA
NA
NA
NA
NA
NA
NA
NA
NA
NA
NA
NA
NA
NA
NA
NA
NA
NA
NA
NA
NA
NA
NA
NA
NA
NA
NA
NA
NA
NA
NA
NA
NA
NA
NA
NA
NA
NA
NA
NA
NA
NA
NA
NA
NA
NA
NA
NA
NA
NA
NA
NA
NA
NA
NA
NA
NA
NA
NA
NA
NA
NA
NA
NA
NA
NA
NA
NA
NA
NA
NA
NA
NA
NA
NA
NA
NA
NA
NA
NA
NA
NA
NA
NA
NA
NA
NA
NA
NA
NA
NA
NA
NA
NA
NA
NA
NA
NA
NA
NA
NA
NA
NA
NA
NA
NA
NA
NA
NA
NA
NA
NA
NA
NA
NA
NA
NA
NA
NA
NA
NA
NA
NA
NA
NA
NA
NA
NA
NA
NA
NA
NA
NA
NA
NA
NA
NA
NA
NA
NA
NA
NA
NA
NA
NA
NA
NA
NA
NA
NA
NA
NA
NA
NA
NA
NA
NA
NA
NA
NA
NA
NA
NA
NA
NA
NA
NA
NA
NA
NA
NA
NA
NA
NA
NA
NA
NA
NA
NA
NA
NA
NA
NA
NA
NA
NA
NA
NA
NA
NA
NA
NA
NA
NA
NA
NA
NA
NA
NA
NA
NA
NA
NA
NA
NA
NA
NA
NA
NA
NA
NA
NA
NA
NA
NA
NA
NA
NA
NA
NA
NA
NA
NA
NA
NA
NA
NA
NA
NA
NA
NA
NA
NA
NA
NA
NA
NA
NA
NA
NA
NA
NA
NA
NA
NA
NA
NA
NA
NA
NA
NA
NA
NA
NA
NA
NA
NA
NA
NA
NA
NA
NA
NA
NA
NA
NA
NA
NA
NA
NA
NA
NA
NA
NA
NA
NA
NA
NA
NA
NA
NA
NA
NA
NA
NA
NA
NA
NA
NA
NA
NA
NA
NA
NA
NA
NA
NA
NA
NA
NA
NA
NA
NA
NA
NA
NA
NA
NA
NA
NA
NA
NA
NA
NA
NA
NA
NA
NA
NA
NA
NA
NA
NA
NA
NA
NA
NA
NA
NA
NA
NA
NA
NA
NA
NA
NA
NA
NA
NA
NA
NA
NA
NA
NA
NA
NA
NA
NA
NA
NA
NA
NA
NA
NA
NA
NA
NA
NA
NA
NA
NA
NA
NA
NA
NA
NA
NA
NA
NA
NA
NA
NA
NA
NA
NA
NA
NA
NA
NA
NA
NA
NA
NA
NA
NA
NA
NA
NA
NA
NA
NA
NA
NA
NA
NA
NA
NA
NA
NA
NA
NA
NA
NA
NA
NA
NA
NA
NA
NA
NA
NA
NA
NA
NA
NA
NA
NA
NA
NA
NA
NA
NA
NA
NA
NA
NA
NA
NA
NA
NA
NA
NA
NA
NA
NA
NA
NA
NA
NA
NA
NA
NA
NA
NA
NA
NA
NA
NA
NA
NA
NA
NA
NA
NA
NA
NA
NA
NA
NA
NA
NA
NA
NA
NA
NA
NA
NA
NA
NA
NA
NA
NA
NA
NA
NA
NA
NA
NA
NA
NA
NA
NA
NA
NA
NA
NA
NA
NA
NA
NA
NA
NA
NA
NA
NA
NA
NA
NA
NA
NA
NA
NA
NA
NA
NA
NA
NA
NA
NA
NA
NA
NA
NA
NA
NA
NA
NA
NA
NA
NA
NA
NA
NA
NA
NA
NA
NA
NA
NA
NA
NA
NA
NA
NA
NA
NA
NA
NA
NA
NA
NA
NA
NA
NA
NA
NA
NA
NA
NA
NA
NA
NA
NA
NA
NA
NA
NA
NA
NA
NA
NA
NA
NA
NA
NA
NA
NA
NA
NA
NA
NA
NA
NA
NA
NA
NA
NA
NA
NA
NA
NA
NA
NA
NA
NA
NA
NA
NA
NA
NA
NA
NA
NA
NA
NA
NA
NA
NA
NA
NA
NA
NA
NA
NA
NA
NA
NA
NA
NA
NA
NA
NA
NA
NA
NA
NA
NA
NA
NA
NA
NA
NA
NA
NA
NA
NA
NA
NA
NA
NA
NA
NA
NA
NA
NA
NA
NA
NA
NA
NA
NA
NA
NA
NA
NA
NA
NA
NA
NA
NA
NA
NA
NA
NA
NA
NA
NA
NA
NA
NA
NA
NA
NA
NA
NA
NA
NA
NA
NA
NA
NA
NA
NA
NA
NA
NA
NA
NA
NA
NA
NA
NA
NA
NA
NA
NA
NA
NA
NA
NA
NA
NA
NA
NA
NA
NA
NA
NA
NA
NA
NA
NA
NA
NA
NA
NA
NA
NA
NA
NA
NA
NA
NA
NA
NA
NA
NA
NA
NA
NA
NA
NA
NA
NA
NA
NA
NA
NA
NA
NA
NA
NA
NA
NA
NA
NA
NA
NA
NA
NA
NA
NA
NA
NA
NA
NA
NA
NA
NA
NA
NA
NA
NA
NA
NA
NA
NA
NA
NA
NA
NA
NA
NA
NA
NA
NA
NA
NA
NA
NA
NA
NA
NA
NA
NA
NA
NA
NA
NA
NA
NA
NA
NA
NA
NA
NA
NA
NA
NA
NA
NA
NA
NA
NA
NA
NA
NA
NA
NA
NA
NA
NA
NA
NA
NA
NA
NA
NA
NA
NA
NA
NA
NA
NA
NA
NA
NA
NA
NA
NA
NA
NA
NA
NA
NA
NA
NA
NA
NA
NA
NA
NA
NA
NA
NA
NA
NA
NA
NA
NA
NA
NA
NA
NA
NA
NA
NA
NA
NA
NA
NA
NA
NA
NA
NA
NA
NA
NA
NA
NA
NA
NA
NA
NA
NA
NA
NA
NA
NA
NA
NA
NA
NA
NA
NA
NA
NA
NA
NA
NA
NA
NA
NA
NA
NA
NA
NA
NA
NA
NA
NA
NA
NA
NA
NA
NA
NA
NA
NA
NA
NA
NA
NA
NA
NA
NA
NA
NA
NA
NA
NA
NA
NA
NA
NA
NA
NA
NA
NA
NA
NA
NA
NA
NA
NA
NA
NA
NA
NA
NA
NA
NA
NA
NA
NA
NA
NA
NA
NA
NA
NA
NA
NA
NA
NA
NA
NA
NA
NA
NA
NA
NA
NA
NA
NA
NA
NA
NA
NA
NA
NA
NA
NA
NA
NA
NA
NA
NA
NA
NA
NA
NA
NA
NA
NA
NA
NA
NA
NA
NA
NA
NA
NA
NA
NA
NA
NA
NA
NA
NA
NA
NA
NA
NA
NA
NA
NA
NA
NA
NA
NA
NA
NA
NA
NA
NA
NA
NA
NA
NA
NA
NA
NA
NA
NA
NA
NA
NA
NA
NA
NA
NA
NA
NA
NA
NA
NA
NA
NA
NA
NA
NA
NA
NA
NA
NA
NA
NA
NA
NA
NA
NA
NA
NA
NA
NA
NA
NA
NA
NA
NA
NA
NA
NA
NA
NA
NA
NA
NA
NA
NA
NA
NA
NA
NA
NA
NA
NA
NA
NA
NA
NA
NA
NA
NA
NA
NA
NA
NA
NA
NA
NA
NA
NA
NA
NA
NA
NA
NA
NA
NA
NA
NA
NA
NA
NA
NA
NA
NA
NA
NA
NA
NA
NA
NA
NA
NA
NA
NA
NA
NA
NA
NA
NA
NA
NA
NA
NA
NA
NA
NA
NA
NA
NA
NA
NA
NA
NA
NA
NA
NA
NA
NA
NA
NA
NA
NA
NA
NA
NA
NA
NA
NA
NA
NA
NA
NA
NA
NA
NA
NA
NA
NA
NA
NA
NA
NA
NA
NA
NA
NA
NA
NA
NA
NA
NA
NA
NA
NA
NA
NA
NA
NA
NA
NA
NA
NA
NA
NA
NA
NA
NA
NA
NA
NA
NA
NA
NA
NA
NA
NA
NA
NA
NA
NA
NA
NA
NA
NA
NA
NA
NA
NA
NA
NA
NA
NA
NA
NA
NA
NA
NA
NA
NA
NA
NA
NA
NA
NA
NA
NA
NA
NA
NA
NA
NA
NA
NA
NA
NA
NA
NA
NA
NA
NA
NA
NA
NA
NA
NA
NA
NA
NA
NA
NA
NA
NA
NA
NA
NA
NA
NA
NA
NA
NA
NA
NA
NA
NA
NA
NA
NA
NA
NA
NA
NA
NA
NA
NA
NA
NA
NA
NA
NA
NA
NA
NA
NA
NA
NA
NA
NA
NA
NA
NA
NA
NA
NA
NA
NA
NA
NA
NA
NA
NA
NA
NA
NA
NA
NA
NA
NA
NA
NA
NA
NA
NA
NA
NA
NA
NA
NA
NA
NA
NA
NA
NA
NA
NA
NA
NA
NA
NA
NA
NA
NA
NA
NA
NA
NA
NA
NA
NA
NA
NA
NA
NA
NA
NA
NA
NA
NA
NA
NA
NA
NA
NA
NA
NA
NA
NA
NA
NA
NA
NA
NA
NA
NA
NA
NA
NA
NA
NA
NA
NA
NA
NA
NA
NA
NA
NA
NA
NA
NA
NA
NA
NA
NA
NA
NA
NA
NA
NA
NA
NA
NA
NA
NA
NA
NA
NA
NA
NA
NA
NA
NA
NA
NA
NA
NA
NA
NA
NA
NA
NA
NA
NA
NA
NA
NA
NA
NA
NA
NA
NA
NA
NA
NA
NA
NA
NA
NA
NA
NA
NA
NA
NA
NA
NA
NA
NA
NA
NA
NA
NA
NA
NA
NA
NA
NA
NA
NA
NA
NA
NA
NA
NA
NA
NA
NA
NA
NA
NA
NA
NA
NA
NA
NA
NA
NA
NA
NA
NA
NA
NA
NA
NA
NA
NA
NA
NA
NA
NA
NA
NA
NA
NA
NA
NA
NA
NA
NA
NA
NA
NA
NA
NA
NA
NA
NA
NA
NA
NA
NA
NA
NA
NA
NA
NA
NA
NA
NA
NA
NA
NA
NA
NA
NA
NA
NA
NA
NA
NA
NA
NA
NA
NA
NA
NA
NA
NA
NA
NA
NA
NA
NA
NA
NA
NA
NA
NA
NA
NA
NA
NA
NA
NA
NA
NA
NA
NA
NA
NA
NA
NA
NA
NA
NA
NA
NA
NA
NA
NA
NA
NA
NA
NA
NA
NA
NA
NA
NA
NA
NA
NA
NA
NA
NA
NA
NA
NA
NA
NA
NA
NA
NA
NA
NA
NA
NA
NA
NA
NA
NA
NA
NA
NA
NA
NA
NA
NA
NA
NA
NA
NA
NA
NA
NA
NA
NA
NA
NA
NA
NA
NA
NA
NA
NA
NA
NA
NA
NA
NA
NA
NA
NA
NA
NA
NA
NA
NA
NA
NA
NA
NA
NA
NA
NA
NA
NA
NA
NA
NA
NA
NA
NA
NA
NA
NA
NA
NA
NA
NA
NA
NA
NA
NA
NA
NA
NA
NA
NA
NA
NA
NA
NA
NA
NA
NA
NA
NA
NA
NA
NA
NA
NA
NA
NA
NA
NA
NA
NA
NA
NA
NA
NA
NA
NA
NA
NA
NA
NA
NA
NA
NA
NA
NA
NA
NA
NA
NA
NA
NA
NA
NA
NA
NA
NA
NA
NA
NA
NA
NA
NA
NA
NA
NA
NA
NA
NA
NA
NA
NA
NA
NA
NA
NA
NA
NA
NA
NA
NA
NA
NA
NA
NA
NA
NA
NA
NA
NA
NA
NA
NA
NA
NA
NA
NA
NA
NA
NA
NA
NA
NA
NA
NA
NA
NA
NA
NA
NA
NA
NA
NA
NA
NA
NA
NA
NA
NA
NA
NA
NA
NA
NA
NA
NA
NA
NA
NA
NA
NA
NA
NA
NA
NA
NA
NA
NA
NA
NA
NA
NA
NA
NA
NA
NA
NA
NA
NA
NA
NA
NA
NA
NA
NA
NA
NA
NA
NA
NA
NA
NA
NA
NA
NA
NA
NA
NA
NA
NA
NA
NA
NA
NA
NA
NA
NA
NA
NA
NA
NA
NA
NA
NA
NA
NA
NA
NA
NA
NA
NA
NA
NA
NA
NA
NA
NA
NA
NA
NA
NA
NA
NA
NA
NA
NA
NA
NA
NA
NA
NA
NA
NA
NA
NA
NA
NA
NA
NA
NA
NA
NA
NA
NA
NA
NA
NA
NA
NA
NA
NA
NA
NA
NA
NA
NA
NA
NA
NA
NA
NA
NA
NA
NA
NA
NA
NA
NA
NA
NA
NA
NA
NA
NA
NA
NA
NA
NA
NA
NA
NA
NA
NA
NA
NA
NA
NA
NA
NA
NA
NA
NA
NA
NA
NA
NA
NA
NA
NA
NA
NA
NA
NA
NA
NA
NA
NA
NA
NA
NA
NA
NA
NA
NA
NA
NA
NA
NA
NA
NA
NA
NA
NA
NA
NA
NA
NA
NA
NA
NA
NA
NA
NA
NA
NA
NA
NA
NA
NA
NA
NA
NA
NA
NA
NA
NA
NA
NA
NA
NA
NA
NA
NA
NA
NA
NA
NA
NA
NA
NA
NA
NA
NA
NA
NA
NA
NA
NA
NA
NA
NA
NA
NA
NA
NA
NA
NA
NA
NA
NA
NA
NA
NA
NA
NA
NA
NA
NA
NA
NA
NA
NA
NA
NA
NA
NA
NA
NA
NA
NA
NA
NA
NA
NA
NA
NA
NA
NA
NA
NA
NA
NA
NA
NA
NA
NA
NA
NA
NA
NA
NA
NA
NA
NA
NA
NA
NA
NA
NA
NA
NA
NA
NA
NA
NA
NA
NA
NA
NA
NA
NA
NA
NA
NA
NA
NA
NA
NA
NA
NA
NA
NA
NA
NA
NA
NA
NA
NA
NA
NA
NA
NA
NA
NA
NA
NA
NA
NA
NA
NA
NA
NA
NA
NA
NA
NA
NA
NA
NA
NA
NA
NA
NA
NA
NA
NA
NA
NA
NA
NA
NA
NA
NA
NA
NA
NA
NA
NA
NA
NA
NA
NA
NA
NA
NA
NA
NA
NA
NA
NA
NA
NA
NA
NA
NA
NA
NA
NA
NA
NA
NA
NA
NA
NA
NA
NA
NA
NA
NA
NA
NA
NA
NA
NA
NA
NA
NA
NA
NA
NA
NA
NA
NA
NA
NA
NA
NA
NA
NA
NA
NA
NA
NA
NA
NA
NA
NA
NA
NA
NA
NA
NA
NA
NA
NA
0.625
0.7258
0.6267
0.3176
0.5063
0.4848
0.2651
0.6216
0.9474
0.3222
0.4925
0.5529
0.5357
0.4096
0.48
0.8103
0.5
0.8939
0.2
0.8169
0.4941
0.4583
0.7143
0.6024
0.9286
0.5634
0.3298
0.3766
0.589
0.5802
0.6301
0.3919
0.7465
0.3623
0.9153
0.4268
0.701
0.202
0.6
0.443
0.7042
0.5385
0.8154
0.7627
0.4211
0.4944
0.4359
0.5465
0.4268
0.52
0.3944
0.4824
1.1148
0.7397
0.5385
1
0.4066
0.5
1.2241
0.871
0.803
0.8382
1.4091
0.831
0.7937
0.625
0.4429
0.3973
0.3611
0.8077
0.6949
0.6456
0.4265
0.8906
0.6479
0.4773
0.3623
0.6667
1.1148
0.9759
0.5915
0.6154
0.5811
0.375
0.4321
0.4054
0.7143
0.5897
0.52
0.1524
0.4932
0.2581
0.3837
0.3684
0.3776
0.6615
0.9216
0.6119
0.4
0.4321
0.7794
0.8689
0.6479
0.3933
0.4556
0.5067
0.6286
0.3483
0.6418
1.3
0.8026
0.4943
0.5972
0.4028
0.3521
0.411
0.5918
0.5455
0.6538
0.506
0.413
0.9516
0.6984
0.6538
0.3187
0.5747
0.493
0.5412
0.3404
0.5128
0.4865
0.5955
0.9848
0.5
0.625
0.314
0.6154
0.3452
0.375
0.378
1.0667
0.4925
0.8025
0.3218
0.5077
0.8
0.4828
0.4524
0.3867
0.6212
0.5217
0.5732
0.4286
0.4286
0.7368
0.5606
0.3226
0.375
0.6806
0.3889
0.4828
0.3951
0.4286
0.5119
0.3721
0.5185
0.5672
0.9846
0.6429
1.0667
0.6892
0.6026
0.5342
0.5521
0.6338
0.2424
0.5618
0.3889
0.7869
0.5679
0.4583
0.5062
0.5
0.7222
0.3855
0.4722
0.6324
1.3607
0.3661
0.2442
0.4086
0.5902
0.9138
0.527
0.3364
0.7662
0.3662
0.641
0.5294
0.3457
0.625
0.6935
0.6237
0.4925
0.3514
0.6197
0.7
0.5465
0.8293
0.5949
1.1385
0.7619
0.5469
0.6607
0.2338
0.6136
0.4085
0.6234
0.5421
0.6724
0.3457
0.6429
1
0.2027
0.6456
0.4479
0.8769
0.2658
0.7534
0.6721
0.7083
0.4607
0.5733
0.6
0.6143
0.8657
0.5775
1.2353
0.6296
0.3867
0.7143
0.6471
0.7941
0.3218
0.3021
0.5065
0.5412
0.4149
0.4304
0.5802
0.9403
0.7059
0.4787
0.3889
0.525
0.2911
0.5568
0.6324
0.2277
0.527
1.2558
0.5303
0.2584
0.2766
0.4023
0.806
0.4675
0.65
0.5049
0.5972
0.3205
0.425
0.3793
0.4545
0.7297
0.4177
0.439
0.4583
0.3235
0.4051
0.5522
0.6486
0.5802
0.8833
0.557
0.3699
0.5238
0.4805
0.5055
0.3093
0.5789
0.9855
0.4868
0.8475
0.5
0.3297
0.2581
0.3301
0.6286
1.0169
0.3723
0.4066
0.4432
0.4667
0.3889
0.4471
0.5395
0.2736
0.5211
0.8382
0.4706
0.6154
0.23
0.481
0.3803
1
0.8219
0.8116
0.3506
0.6863
0.6875
0.7051
0.3407
0.9062
0.5429
0.7302
0.5231
0.2673
0.7083
0.475
0.4043
0.7463
0.7576
1.0323
0.3256
0.7534
0.6375
0.7949
1.3529
0.5797
0.3929
0.5844
0.5385
0.4125
0.5195
0.3412
0.4937
0.7606
0.3978
0.7465
0.6438
0.6098
0.6308
0.3011
0.5185
0.3095
0.7286
0.527
0.4891
0.4524
0.3696
0.5588
0.5
0.7229
0.25
0.3836
0.8
0.3214
0.525
0.6286
0.7013
0.4675
0.068
0.3619
0.8358
0.4674
0.25
0.5824
1.36
0.5062
0.9091
0.5932
0.5238
0.5342
0.7857
0.7424
0.3372
0.8681
0.6027
0.7966
1.2034
0.525
0.5538
0.5747
0.3148
0.4915
0.36
0.5765
0.4923
0.3093
0.8378
0.4268
0.7167
0.506
0.4304
0.6562
0.475
0.4639
0.7069
1.3469
0.7284
0.6304
0.45
0.4267
0.6296
0.2577
0.7468
0.5696
0.3846
0.5897
0.8254
0.4318
0.5362
0.6393
0.3059
0.3836
0.3165
0.4568
0.314
0.4643
0.5862
0.8209
0.4808
0.619
0.5316
0.6765
0.8525
0.8302
0.6234
0.7188
0.7903
0.5263
0.5467
0.3333
0.3452
0.3571
0.7241
0.7738
0.5694
0.382
0.725
0.7361
0.4706
0.7391
0.4302
0.7031
0.6
0.4507
0.3861
0.4848
0.7424
0.9104
0.4935
0.4189
1.2157
0.4844
0.5375
0.4674
0.4853
0.6712
0.6471
0.9048
0.7101
0.4
0.4878
0.3117
0.5783
0.8333
0.5541
0.678
0.5692
0.4242
0.3053
0.6267
0.561
0.4603
0.5526
0.5882
0.2907
0.4928
0.9189
0.4844
0.3021
0.4872
0.5507
0.6667
0.9818
0.4022
0.5181
0.32
0.2871
0.55
0.5909
0.7561
0.4675
0.321
0.3288
0.7353
0.5429
0.6027
0.52
0.7826
0.6143
0.8525
0.6714
0.6184
0.4815
0.5968
0.6076
0.3286
0.9206
0.6825
0.5
0.6716
0.6364
0.6795
0.3889
0.6207
0.803
0.3165
0.6974
0.4217
0.301
0.4194
0.7746
0.268
0.527
0.2299
0.6923
0.3059
0.5694
0.6716
0.7273
0.4198
0.4853
0.5195
0.2418
0.7534
0.3043
0.55
0.7812
0.3171
0.55
0.3875
0.4886
0.4945
0.5658
0.6277
0.3483
0.2647
0.5119
0.2736
0.5584
0.4189
0.9254
0.4848
0.3623
0.7101
0.3548
0.7833
0.6154
0.9032
0.6271
0.4815
0.5974
0.3673
0.5455
0.4872
0.7042
0.4286
0.4828
0.8197
0.6087
0.4068
0.4222
1.0536
0.4062
0.3125
0.5682
0.5965
1.1875
0.4583
0.3714
0.44
0.4638
0.5294
0.4186
0.7294
0.4535
0.4302
0.5152
0.7903
0.6757
0.3086
0.6623
0.8286
0.4146
0.5493
0.4512
0.3506
0.2069
0.6232
0.5135
0.203
0.7391
0.6875
0.7302
1.0769
0.8
0.8235
0.5181
0.6667
0.5444
0.6286
0.3516
0.6709
0.4074
0.6364
0.4211
0.3511
0.5
0.3457
0.3875
0.6709
0.4231
0.4853
0.5375
0.519
0.4138
0.3418
0.4878
0.5402
0.4588
0.8116
0.5581
0.4412
0.4868
0.8462
0.5176
0.36
0.5443
0.614
0.918
0.8689
0.5679
0.3692
0.7162
0.807
0.3372
0.5301
0.5522
0.5139
0.5714
0.7667
0.6184
0.3855
0.3333
0.7571
1.069
0.6429
0.8052
0.3519
0.6098
0.5753
0.7246
0.4731
0.7976
0.3784
0.4667
0.7778
0.3011
0.7808
0.625
0.4306
0.4483
0.4273
0.3837
0.3667
0.8592
0.3804
0.6719
0.5821
0.4048
0.3241
0.5873
0.6707
0.4889
0.5844
0.3293
0.6061
0.3077
0.6462
0.7108
0.7286
0.6986
0.6479
0.2328
0.5802
0.6032
0.4474
0.6835
0.5303
0.4167
0.8406
0.4516
0.7625
0.662
0.589
0.9091
0.4267
0.4342
0.5309
0.6714
0.4205
0.9143
1.1765
0.6667
0.3882
0.3026
0.6719
0.369
0.5122
0.4507
0.5694
0.7576
0.6404
0.4712
0.5294
0.4146
0.5385
0.4286
0.8226
0.6308
0.3803
0.3263
0.8615
0.5455
0.7407
0.5397
0.3146
0.3548
0.3766
0.439
0.5132
0.5455
0.5
1.0345
0.4839
0.5263
0.5
0.5316
0.2609
0.4328
0.5132
0.5062
0.4
0.6812
0.9701
0.2613
0.425
0.5278
0.4023
0.9643
0.7297
0.9062
0.425
0.6528
0.7455
0.6857
0.5942
0.4493
0.8088
0.4898
0.4026
0.375
0.5256
0.44
0.8154
0.6125
0.4933
0.3523
0.3158
0.85
0.6047
0.443
0.3077
0.44
0.2125
0.3929
0.2478
0.9818
0.5395
0.4
0.7361
0.6711
0.2809
0.8235
0.475
1.1587
0.625
0.2473
1.1324
0.5269
0.5921
1.1167
0.85
0.6849
0.4118
0.7188
0.4747
0.4598
0.3696
0.7667
0.8909
0.7391
0.5165
0.575
0.6176
0.3721
0.4328
0.3614
0.4375
0.5323
0.3191
0.7612
0.4316
0.8909
0.5385
0.6286
0.4857
0.5205
0.3286
0.5
0.9706
0.9298
0.5469
0.6184
0.7576
0.3875
0.5217
0.359
0.4
0.5814
0.5
0.3168
0.5747
0.4091
0.9077
0.5488
0.3256
0.5714
0.3571
0.675
0.5851
0.4932
0.3814
0.7229
0.75
0.619
0.4118
0.4091
0.3662
1.0303
0.746
0.3214
0.6418
0.7059
0.4737
0.4028
0.9545
1.1395
0.3152
0.5895
0.8182
0.5946
0.4776
0.3846
0.5479
0.7097
0.7246
0.3973
0.8088
0.2472
0.6556
0.5238
0.4459
0.5072
0.6406
0.4747
0.4675
0.4681
0.8806
0.5942
0.375
0.5085
0.8594
0.7432
0.4432
0.5326
0.6027
0.4194
0.4396
0.5595
0.2895
0.4545
0.4143
0.557
0.5455
0.5
0.5476
0.5056
0.4516
0.5802
0.5333
0.7833
0.8333
1.1429
0.5735
0.9868
0.6224
0.3562
0.8133
0.3556
0.4024
0.3704
0.8676
0.7586
0.4253
0.2784
0.4559
0.8
0.7164
0.3415
0.8033
0.3913
0.4342
0.6716
0.4865
0.3803
0.2812
0.7778
0.4459
0.6522
0.5506
0.2588
0.8507
0.4848
0.8308
0.3438
0.7049
0.6061
0.5873
0.5224
0.4362
0.9104
0.4943
0.2979
0.5375
0.449
0.5758
0.4304
0.5574
0.4533
0.6087
0.5176
0.5109
0.625
0.5316
0.3827
0.4512
0.8197
0.2688
0.5139
0.5658
0.7051
0.4512
0.6447
0.2069
0.4795
0.6
0.6629
0.4789
0.7564
0.7403
0.3636
0.5676
0.4605
0.4337
0.7167
0.6716
0.5875
0.6935
0.4667
0.3176
0.4051
0.3333
0.2169
0.5135
0.8772
0.2889
0.3881
0.5294
0.4286
0.3373
0.3867
0.7586
0.4778
0.7424
0.1882
0.7887
0.3882
0.5
0.6
0.5301
0.7143
0.5915
0.2979
0.2338
0.4384
0.378
0.589
0.24
0.7746
0.2899
0.8136
0.3902
0.4845
0.2121
0.56
0.3418
0.5493
0.4615
0.6462
0.45
0.4605
0.3371
0.3718
0.5
0.3415
0.5867
0.2394
0.3647
1
0.7123
0.4
0.8308
0.3187
0.3625
1.0862
0.7742
0.7576
0.6912
1.2955
0.6056
0.6667
0.4583
0.4429
0.3836
0.3333
0.6154
0.5763
0.3375
0.4118
0.7188
0.507
0.382
0.3913
0.4533
0.8852
1
0.4444
0.5
0.527
0.225
0.2073
0.4324
0.6044
0.4744
0.3467
0.181
0.5616
0.1935
0.3488
0.1818
0.2121
0.4923
0.7451
0.5075
0.36
0.4074
0.6471
0.6885
0.6056
0.3146
0.4333
0.44
0.4286
0.2584
0.5672
1.04
0.5921
0.4138
0.2895
0.2639
0.2254
0.3973
0.449
0.4545
0.4231
0.3735
0.3043
0.8065
0.5556
0.5897
0.2198
0.4368
0.4648
0.4941
0.2872
0.4051
0.3514
0.5281
0.9242
0.3247
0.4688
0.2442
0.4154
0.2857
0.2449
0.4024
0.8043
0.4179
0.6296
0.2644
0.4
0.7818
0.4138
0.3095
0.32
0.5606
0.3152
0.4146
0.3626
0.3372
0.5921
0.4697
0.2581
0.3182
0.7083
0.4167
0.3678
0.3333
0.3766
0.3929
0.2442
0.358
0.4776
0.8154
0.5357
0.7833
0.5405
0.5
0.4658
0.5833
0.4384
0.12
0.4831
0.2637
0.6774
0.5
0.4444
0.4074
0.4
0.625
0.3976
0.4583
0.5072
1.2623
0.3482
0.1744
0.3548
0.5082
0.6724
0.5676
0.2523
0.5195
0.2817
0.4872
0.2667
0.2593
0.5833
0.6774
0.4839
0.3235
0.3108
0.5211
0.6
0.4884
0.7073
0.5696
1.0615
0.6825
0.2899
0.4107
0.1039
0.5568
0.3803
0.4805
0.463
0.5517
0.2716
0.5286
0.8923
0.1081
0.4875
0.2222
0.7538
0.2405
0.589
0.4426
0.625
0.4157
0.56
0.5375
0.6143
0.8209
0.6056
1.0588
0.6914
0.3467
0.6349
0.5588
0.7206
0.3103
0.2917
0.5065
0.4588
0.2979
0.3544
0.5556
0.9254
0.5588
0.2979
0.2556
0.3827
0.2278
0.4545
0.5147
0.2277
0.5
1.1163
0.4697
0.2247
0.2553
0.3448
0.6866
0.3766
0.65
0.4757
0.3425
0.3718
0.2375
0.2955
0.3766
0.6757
0.3671
0.2976
0.375
0.2255
0.4304
0.338
0.5333
0.358
0.8
0.5063
0.2877
0.4603
0.3766
0.3736
0.1633
0.5132
0.7971
0.4737
0.8305
0.4677
0.2747
0.1277
0.2039
0.3714
0.8
0.3085
0.3077
0.3523
0.3733
0.3667
0.3176
0.4605
0.2075
0.3514
0.5882
0.4353
0.6154
0.13
0.4051
0.4085
0.9683
0.6575
0.7971
0.2727
0.5098
0.625
0.5769
0.3297
0.8125
0.2692
0.7302
0.3385
0.2376
0.6111
0.3457
0.2447
0.6176
0.7424
0.9839
0.2209
0.6986
0.5875
0.6795
1.0392
0.5507
0.2619
0.5065
0.4769
0.3086
0.4286
0.2353
0.3418
0.6479
0.2581
0.6901
0.359
0.561
0.4058
0.1935
0.378
0.25
0.6714
0.4
0.3587
0.4286
0.2935
0.5882
0.1795
0.6145
0.2273
0.3562
0.7231
0.2262
0.475
0.5429
0.4744
0.3896
0.0385
0.3524
0.6324
0.3587
0.3553
0.4396
1.1
0.3827
0.8182
0.5085
0.4603
0.4658
0.625
0.6818
0.2326
0.4272
0.5342
0.5763
1.0678
0.5625
0.4769
0.4713
0.2593
0.322
0.2667
0.3721
0.5781
0.433
0.8243
0.4268
0.65
0.3735
0.3924
0.6094
0.3875
0.3299
0.4912
1.2857
0.6296
0.5652
0.4
0.3333
0.4321
0.2165
0.5316
0.557
0.2436
0.5513
0.5397
0.3636
0.4638
0.5738
0.3529
0.3151
0.2911
0.5062
0.2442
0.381
0.5862
0.7313
0.5
0.6032
0.481
0.6324
0.8033
0.6852
0.5974
0.6719
0.6349
0.4342
0.4667
0.2949
0.3333
0.3095
0.6379
0.7976
0.5972
0.2247
0.675
0.5278
0.3647
0.6957
0.3256
0.5231
0.4857
0.4507
0.2843
0.4394
0.6061
0.7761
0.3636
0.2703
1.1373
0.4375
0.4875
0.25
0.3824
0.6712
0.549
0.6349
0.6957
0.3467
0.4024
0.2727
0.4458
0.6667
0.5
0.3898
0.5385
0.3636
0.2737
0.5067
0.5854
0.3651
0.5
0.5686
0.2442
0.5072
0.8243
0.3281
0.3229
0.5395
0.4638
0.5942
0.9273
0.2283
0.3855
0.2237
0.1887
0.3625
0.5455
0.5854
0.4026
0.3333
0.2055
0.6324
0.3714
0.4932
0.44
0.7
0.5352
0.6557
0.5714
0.6184
0.3704
0.6129
0.5316
0.4179
0.873
0.5556
0.2889
0.597
0.5152
0.5641
0.375
0.5747
0.7273
0.2375
0.6579
0.4819
0.2913
0.3968
0.662
0.2577
0.3649
0.1724
0.6
0.1765
0.3611
0.5
0.507
0.3827
0.4265
0.4935
0.2391
0.6849
0.3261
0.3333
0.7812
0.241
0.5125
0.3375
0.3636
0.5165
0.6184
0.3936
0.2697
0.2794
0.4524
0.2264
0.4103
0.2703
0.7761
0.3913
0.3188
0.5362
0.3441
0.6833
0.5385
0.8387
0.4746
0.3659
0.4416
0.3163
0.4675
0.4615
0.6761
0.2468
0.3218
0.8525
0.5652
0.3644
0.3778
0.8214
0.375
0.2604
0.4545
0.4386
1.0417
0.4167
0.3714
0.33
0.2754
0.4706
0.3103
0.6588
0.3605
0.3837
0.4697
0.5806
0.3766
0.2716
0.4938
0.7714
0.4512
0.5634
0.3415
0.3247
0.1609
0.5362
0.4595
0.1353
0.6377
0.6719
0.619
0.9615
0.5818
0.7059
0.4819
0.6049
0.4667
0.5
0.3077
0.6203
0.3023
0.4091
0.3895
0.3191
0.4737
0.2963
0.3
0.5696
0.1852
0.3529
0.45
0.4177
0.3218
0.2405
0.4634
0.375
0.4353
0.6197
0.5
0.4265
0.4737
0.6923
0.3647
0.2
0.519
0.4737
0.8361
0.8197
0.5062
0.4154
0.5676
0.6491
0.2093
0.4096
0.403
0.5278
0.3721
0.5082
0.4342
0.3253
0.2447
0.662
0.6379
0.5143
0.6364
0.3333
0.5854
0.5205
0.6667
0.3548
0.7619
0.3684
0.2895
0.6508
0.1828
0.6575
0.4531
0.3333
0.2529
0.3455
0.3372
0.2857
0.6901
0.3261
0.5469
0.5373
0.2381
0.2105
0.5556
0.5122
0.3226
0.5065
0.2317
0.3636
0.1075
0.4462
0.6386
0.7143
0.6712
0.4648
0.181
0.4321
0.5238
0.3421
0.519
0.4242
0.2833
0.6812
0.2969
0.75
0.4028
0.5342
0.8
0.4
0.3026
0.5062
0.5571
0.375
0.7857
0.9118
0.5167
0.3176
0.3026
0.6406
0.2738
0.4756
0.3889
0.4861
0.6061
0.5393
0.215
0.4824
0.3293
0.359
0.4286
0.871
0.4923
0.338
0.2947
0.7077
0.4091
0.5926
0.4286
0.191
0.2742
0.2338
0.3902
0.4342
0.4935
0.439
0.9828
0.4086
0.3289
0.4868
0.358
0.1739
0.2985
0.4079
0.3659
0.3176
0.7101
0.7761
0.2072
0.3875
0.3889
0.3218
0.8393
0.5946
0.5758
0.2805
0.625
0.5636
0.5571
0.4783
0.3478
0.5294
0.398
0.3377
0.2955
0.4359
0.3467
0.6
0.4125
0.5067
0.2386
0.2
0.8333
0.4545
0.4304
0.25
0.3467
0.15
0.369
0.2212
0.7455
0.4079
0.314
0.7083
0.3125
0.3103
0.7647
0.4125
0.9365
0.6
0.2366
0.8382
0.4409
0.5263
0.8667
0.7167
0.5616
0.2471
0.5077
0.3737
0.3678
0.2391
0.7167
0.7455
0.6522
0.3407
0.3855
0.5
0.3023
0.5075
0.3494
0.325
0.5
0.2234
0.597
0.4468
0.7455
0.4487
0.5714
0.4714
0.4932
0.1831
0.5119
0.9412
0.7895
0.4375
0.5
0.5522
0.325
0.5652
0.3462
0.3667
0.5
0.4767
0.1485
0.4828
0.2045
0.8308
0.4146
0.3023
0.4085
0.381
0.6
0.5106
0.5479
0.299
0.5238
0.7656
0.5714
0.2647
0.375
0.338
1.0455
0.5714
0.2857
0.3971
0.5147
0.3684
0.3889
0.8788
1.186
0.2935
0.4526
0.7576
0.527
0.3881
0.4038
0.5479
0.4677
0.5942
0.411
0.6912
0.236
0.5778
0.4286
0.4054
0.4058
0.4688
0.3636
0.2564
0.3936
0.8657
0.5507
0.3295
0.4915
0.7969
0.5946
0.4205
0.4457
0.5616
0.3763
0.4286
0.5357
0.3026
0.4545
0.2676
0.6076
0.4615
0.4028
0.4048
0.5056
0.3548
0.4444
0.4167
0.5902
0.6721
1.0179
0.5147
0.8421
0.5714
0.2603
0.7733
0.2174
0.3902
0.284
0.5429
0.6379
0.3563
0.1959
0.4412
0.6143
0.5373
0.2561
0.6557
0.3333
0.3553
0.6418
0.4
0.2254
0.2308
0.6389
0.3919
0.4429
0.4045
0.2353
0.7761
0.3939
0.6923
0.2917
0.5323
0.697
0.5079
0.4493
0.4468
0.7761
0.4023
0.1809
0.3457
0.3776
0.5606
0.3038
0.4918
0.4133
0.4348
0.4
0.3053
0.5625
0.4
0.2469
0.378
0.7213
0.3011
0.4722
0.1628
0.5385
0.3049
0.6184
0.1977
0.4384
0.5867
0.3933
0.4085
0.6154
0.5714
0.2879
0.5676
0.4079
0.4217
0.6167
0.6269
0.5625
0.5806
0.52
0.3294
0.2911
0.3485
0.253
0.5676
0.8596
0.3111
0.3881
0.4588
0.0291
0.3133
0.3733
0.7241
0.4444
0.8182
0.1765
0.7042
0.4235
0.5
0.037
0.4819
0.0513
0.4225
0.2447
0.2208
0.3973
0.3902
0.6575
0.2267
0.5493
0.2899
0.8305
0.3537
0.5052
0.1616
0.4933
0.3544
0.5352
0.3846
0.5846
0.5167
0.2987
0.0303
0.3291
0.4767
0.3253
0.5067
0.169
0.3765
0.9508
0.0538
0.4154
0.6615
0.2308
0.3875
1.0172
0.7742
0.7727
0.6912
1.3182
0.5352
0.6984
0.4722
0.3
0.2267
0.2778
0.7308
0.4915
0.3625
0.3529
0.7031
0.493
0.3371
0.3768
0.0787
0.0227
0.9639
0.4583
0.4769
0.473
0.25
0.2317
0.2838
0.7253
0.4744
0.3867
0.0952
0.5278
0.1613
0.2907
0.1558
0.1818
0.5231
0.7647
0.5224
0.0087
0.2963
0.0225
0.7049
0.5352
0.2472
0.3889
0
0.4714
0.236
0.4853
0.6964
0.4868
0.4253
0.023
0.1644
0.2254
0.3973
0.4082
0.4242
0.4615
0.3855
0.2935
0.7581
0.4762
0.3846
0.2308
0.4138
0.3662
0.5294
0.2872
0.4304
0.3378
0.4944
0.8788
0.3247
0.4375
0.3023
0.4
0.2976
0.1939
0.4146
1
0.3433
0.5556
0.2874
0.3846
0.6364
0.4138
0.0326
0.2667
0.5303
0.25
0.3902
0.3587
0.2209
0.5789
0.3939
0.2688
0.2584
0.5556
0.3333
0.3678
0.321
0.3506
0.3333
0.314
0.3333
0.4478
0.473
0.4821
0.6833
0.5135
0.5513
0.3973
0.5208
0.4658
0.1919
0.4725
0.2747
0
0.5
0.3611
0.2716
0.2623
0.6111
0.3614
0.4306
0.4783
0.0449
0.3036
0.1977
0.2903
0.459
0.5517
0.4054
0.2273
0.5325
0.3239
0.5385
0.2476
0.0941
0.5417
0.5806
0.5054
0.2941
0.3378
0.4789
0.5
0.4651
0.6707
0.5443
1.0154
0.6984
0.2899
0.4286
0.1948
0.5
0.4085
0.5065
0.4167
0.5
0.2222
0.5429
0.7692
0.1622
0.5823
0.027
0.6
0.2278
0.6027
0.5574
0.4861
0.3708
0.4342
0.5
0.4133
0.791
0.4648
1.2157
0.5366
0.36
0.619
0.4853
0.6471
0.08
0.2708
0.4416
0.4471
0.0094
0.3165
0.5185
0.806
0.3571
0.2766
0.2333
0.0333
0.2025
0.4432
0.5
0.1485
0.5286
1.1163
0.4545
0.1573
0.1212
0.2759
0.6567
0.3636
0.525
0.4466
0.3699
0.2532
0.2625
0.3068
0.3896
0.5541
0.3291
0.2619
0.3854
0.2451
0.3544
0.4478
0.5067
0.4815
0.8
0.4304
0.3014
0.4844
0.3896
0.3516
0.1856
0.5526
0.7826
0.3947
0.55
0.4839
0.2857
0.1277
0.2524
0.4429
0.7667
0.037
0.3407
0.3864
0.36
0.3444
0.3176
0.4474
0.217
0.3108
0.3889
0.3765
0.6604
0.15
0.4177
0.3099
0.9365
0.6438
0.7391
0.2468
0.3725
0.6094
0.6154
0.2527
0.0645
0.2564
0
0.3231
0.2178
0.5972
0.4198
0.2766
0.012
0.6818
0.9839
0.2414
0.5135
0.525
0.6667
1.0588
0.4348
0.0217
0.5714
0.3846
0.2439
0.4805
0.2235
0.0714
0.5915
0.2366
0.6901
0.3846
0.0769
0.4203
0.2473
0.3902
0.25
0.5
0.4
0.3587
0.381
0.2935
0.4559
0.36
0.5714
0.2386
0.3562
0.7077
0.2976
0.4321
0.5286
0.0211
0.4156
0
0.2857
0.7164
0.3587
0.3289
0.0192
1.12
0.3457
0.8545
0.5085
0.3651
0.4521
0.7321
0.6364
0.2326
0.4563
0.4521
0.0704
0.0213
0.4625
0.4308
0.02
0.25
0.2881
0.2267
0.4588
0.4462
0.299
0.8378
0.2471
0.6833
0.3253
0.4051
0.6406
0.3875
0.3163
0.3793
1.2245
0.6296
0.4891
0.3875
0.2933
0.4815
0.2165
0.4937
0.5443
0.2692
0.4615
0.6349
0.3409
0.4058
0.5738
0.2588
0.3699
0.2532
0.5185
0.2558
0.3452
0.4713
0.7015
0.4423
0.5397
0.5063
0.6029
0.6885
0.6296
0.5325
0.6562
0.5323
0.3816
0.5333
0.2692
0.3095
0.3214
0.7414
0.1346
0.5417
0.236
0.5875
0.4658
0.3412
0.6087
0.051
0.5385
0.5143
0.0244
0.2745
0.3333
0.5606
0.7015
0.4026
0.2568
0.9216
0.4219
0.45
0.3478
0.3235
0.6027
0.5294
0.6984
0.6522
0.3733
0.4024
0.092
0.4819
0.7333
0.4133
0.4068
0.5692
0.2626
0.0485
0.4667
0.5366
0.3016
0.4474
0.6667
0.1744
0.5362
0.8378
0.2969
0.2165
0.5132
0.4638
0.1266
0.9273
0.3043
0.0444
0.1842
0.2075
0.4125
0.5568
0.4878
0.3205
0.2963
0.0513
0.6471
0.3714
0.4658
0.3867
0.6857
0.3803
0.7377
0.5286
0.5263
0.3333
0.5161
0.05
0.0253
0.8413
0.5238
0.3295
0.597
0.4394
0.5513
0.274
0.5517
0.5758
0.0471
0.6316
0.3855
0.301
0.3333
0.043
0.2165
0.3649
0.1034
0.4727
0.1647
0.4444
0.4853
0.4648
0.3086
0.3235
0.2949
0.2308
0.6438
0.2609
0.4167
0.7344
0.241
0.4125
0.375
0.3864
0.5165
0.5789
0.4255
0.2921
0.2647
0.4048
0.0175
0.3974
0.2838
0.8358
0.3913
0.3913
0.5652
0.3333
0.7
0.3974
0.8548
0.5424
0.3537
0.4805
0.0566
0.4026
0.4231
0.6479
0.2468
0.2989
0.7705
0.4928
0.3559
0.3444
0.8214
0.2769
0.2812
0.4205
0.0145
0.8958
0.3889
0.3714
0.35
0.3188
0.4118
0.3295
0.6824
0.3837
0.3837
0.4545
0.5484
0.3506
0.1951
0.0104
0.7571
0.2561
0.5493
0.3415
0.3247
0.1724
0.4638
0.4324
0.1579
0.5942
0.6719
0.6032
0.8462
0.6182
0.0781
0.4819
0.4353
0.4778
0.0349
0
0.5823
0.2529
0.4848
0.0265
0.266
0.4342
0.2346
0.0333
0.4444
0.2949
0.4118
0.4
0.3165
0.3563
0.0353
0.4756
0.3563
0.3765
0.5915
0.4884
0.3235
0.4026
0.5846
0.3529
0.2667
0.5696
0.4912
0.6613
0.623
0.5309
0.3385
0.3919
0.6491
0.2907
0.3976
0.0247
0.4722
0.3605
0.0139
0.3947
0.2651
0.2128
0.4658
0.6552
0.5429
0.6753
0.1927
0.494
0.4795
0.6232
0.3763
0.7738
0.3026
0.3421
0.6825
0.0103
0.6301
0.4375
0.3472
0.3333
0.3455
0.0106
0.2747
0.6761
0.25
0.5312
0.4328
0.25
0.2105
0.5397
0.0211
0.3152
0.5195
0.2073
0.4848
0.2043
0.5538
0.5783
0.507
0.6575
0.0345
0.1897
0.3704
0.5079
0.2763
0.5316
0.3788
0.2833
0.6232
0.1159
0.575
0.5493
0.5068
0.6727
0.36
0.0602
0.4815
0.5714
0.2527
0.8143
0.9412
0.04
0.0316
0.2895
0.5938
0.2738
0.439
0.4366
0.5278
0.6061
0.4111
0.215
0.4118
0.3415
0.022
0.3766
0.6825
0.4462
0.2778
0.2316
0.7538
0.4091
0.4819
0.381
0.2022
0.2903
0.2338
0.4024
0.3684
0.3766
0.0206
0.8448
0.3441
0.4342
0.3947
0.3333
0.1196
0.3881
0.3247
0.0674
0.3412
0.7101
0.7164
0.1786
0.4125
0.4028
0.0204
0.8214
0.5811
0
0.3457
0.5417
0.0746
0.5493
0.5507
0.4203
0.5441
0.4388
0.2987
0.2386
0.4744
0.32
0.5538
0.4125
0.3377
0.2159
0.1789
0.7833
0.4535
0.3797
0.1869
0.2933
0.125
0.2738
0.0078
0.0658
0.4079
0.2644
0.6806
0.0449
0.2135
0.7206
0.3625
0.8571
0.5125
0.1474
0.0316
0.4624
0.4342
0.8167
0.7667
0.0206
0.3059
0.403
0.3939
0.3636
0.2826
0.7667
0.7455
0.6087
0.3297
0.01
0.5294
0.3256
0.0375
0.3133
0.3125
0.2576
0.2553
0.5672
0.4149
0.6909
0.4231
0.0833
0.4
0.4795
0.1972
0.4048
0.9706
0.807
0.0267
0.4868
0.7273
0.3125
0.4348
0.2949
0.4111
0.4419
0.3295
0.1386
0.4023
0.2273
0.7231
0.4512
0.1136
0.4648
0.2619
0.01
0.4574
0.0337
0.3093
0.4762
0.7188
0.5238
0.2451
0.3182
0.338
0.9848
0.6032
0.2619
0.4265
0.5294
0.2895
0.3333
0.0326
1.093
0.2935
0.0265
0.6364
0.3553
0.0253
0.4231
0.0349
0.5161
0.5652
0.3562
0.7353
0.2022
0.4778
0.4603
0.4459
0.4493
0.4531
0.3232
0.0476
0.3723
0.7826
0.5072
0.2727
0.4237
0.7188
0.527
0.3409
0.4239
0.4932
0.3763
0.0198
0.4524
0.2763
0.3939
0.2817
0.5316
0.4487
0.375
0.3929
0.427
0.3226
0.4321
0.4167
0.623
0.6721
0.9107
0.5147
0.0577
0.4848
0.1892
0.7067
0.2333
0.0104
0.2073
0.5143
0.6271
0.3793
0.2371
0.3971
0.4225
0.6716
0.1954
0.6557
0.3623
0.3684
0.038
0.4189
0.2254
0.2
0.5694
0.3784
0.5507
0.4382
0.1882
0.7761
0.404
0.6
0.0273
0.0519
0.5303
0.5238
0.0741
0.3723
0.791
0.3793
0.1702
0.2805
0.3776
0.4697
0.2048
0.4918
0.28
0.4348
0.3765
0.2842
0.5938
0.4375
0.2716
0.378
0.7213
0.0291
0.4306
0.4211
0.4615
0.3049
0
0.1977
0.411
0.4933
0.3708
0.4225
0.5513
0.5065
0.2727
0.4595
0.3816
0.4096
0.541
0.6567
