x
0.3549
0.3644
0.3817
0.3156
0.3479
0.3367
0.3374
0.3045
0.3202
0.3735
0.37
0.3391
0.3862
0.375
0.3377
0.3598
0.3504
0.3668
0.3555
0.3786
0.3475
0.3505
0.3978
0.365
0.3496
0.3781
0.3522
0.3523
0.3471
0.3466
0.3692
0.3809
0.3385
0.324
0.3607
0.3709
0.3622
0.3789
0.3596
0.3439
0.3977
0.3782
0.3734
0.3815
0.353
0.327
0.3706
0.3563
0.3201
0.3684
0.3394
0.3411
0.3895
0.3588
0.3798
0.3695
0.3532
0.3519
0.3441
0.3798
0.3765
0.3625
0.3681
0.3446
0.3512
0.3592
0.3596
0.3672
0.3562
0.334
0.3267
0.3394
0.319
0.3809
0.3743
0.2881
0.3565
0.3493
0.3742
0.3619
0.3298
0.3541
0.3866
0.3776
0.3226
0.3506
0.3477
0.3701
0.3399
0.3557
0.3668
0.3823
0.3355
0.3346
0.372
0.3842
0.3647
0.3516
0.3299
0.3636
0.3205
0.3621
0.3689
0.3462
0.3623
0.3571
0.3509
0.3629
0.3669
0.3973
0.3525
0.3592
0.3474
0.3528
0.3693
0.3609
0.3257
0.3758
0.3861
0.3471
0.3744
0.3478
0.3451
0.3542
0.354
0.3506
0.3661
0.3602
0.3413
0.3351
0.3341
0.3558
0.363
0.358
0.3715
0.3271
0.3573
0.3654
0.318
0.3506
0.3534
0.3518
0.3604
0.363
0.3767
0.3546
0.3703
0.3393
0.3258
0.3687
0.3705
0.372
0.3588
0.3758
0.3704
0.3365
0.3759
0.3559
0.3371
0.377
0.3837
0.3434
0.3666
0.3369
0.3496
0.3647
0.3173
0.3503
0.3523
0.3758
0.3507
0.3528
0.3438
0.3867
0.3655
0.3345
0.382
0.3787
0.3684
0.3673
0.3687
0.3567
0.3486
0.3664
0.3366
0.3677
0.3486
0.3453
0.3693
0.357
0.376
0.3304
0.3522
0.374
0.3551
0.3713
0.3672
0.3348
0.3867
0.3994
0.3582
0.3563
0.3366
0.3587
0.3705
0.3537
0.3277
0.3715
0.3468
0.3384
0.359
0.3529
0.3681
0.3839
0.3004
0.3522
0.3708
0.3485
0.3453
0.3789
0.378
0.3875
0.3533
0.3618
0.3984
0.3618
0.3552
0.3148
0.366
0.3634
0.3822
0.2906
0.3666
0.3534
0.3563
0.3885
0.3185
0.3321
0.3513
0.3539
0.3512
0.3647
0.3328
0.3436
0.3137
0.3918
0.3731
0.3761
0.376
0.3867
0.38
0.3609
0.3718
0.3351
0.3622
0.336
0.3689
0.3537
0.3801
0.3486
0.3821
0.3779
0.322
0.3725
0.3707
0.339
0.3499
0.3135
0.3557
0.3444
0.3588
0.3179
0.379
0.3652
0.3881
0.3802
0.3445
0.3756
0.3438
0.369
0.3037
0.3465
0.3766
0.3489
0.3756
0.3796
0.3406
0.366
0.3894
0.3688
0.3692
0.3751
0.3725
0.3624
0.3773
0.3574
0.3572
0.3497
0.3227
0.3724
0.3742
0.3633
0.3695
0.3307
0.3194
0.366
0.381
0.3573
0.3709
0.3515
0.3639
0.3699
0.3669
0.379
0.3809
0.3474
0.3598
0.387
0.317
0.3338
0.3309
0.3742
0.3438
0.3692
0.3383
0.3454
0.3974
0.3733
0.3569
0.3623
0.3688
0.3348
0.3519
0.3557
0.3482
0.3706
0.374
0.3307
0.3885
0.3724
0.3673
0.3734
0.3401
0.3517
0.3673
0.3364
0.3722
0.3886
0.3551
0.3346
0.3339
0.376
0.3391
0.3611
0.3681
0.3623
0.3843
0.3424
0.3614
0.3626
0.3405
0.3778
0.3779
0.3621
0.3475
0.3755
0.3697
0.3502
0.3702
0.3915
0.3598
0.3827
0.3717
0.3417
0.3738
0.3214
0.3625
0.3695
0.3458
0.3495
0.3527
0.3092
0.3418
0.3601
0.3597
0.3766
0.3524
0.3628
0.3363
0.3754
0.3109
0.3599
0.3546
0.3579
0.3603
0.3712
0.3866
0.342
0.3432
0.3414
0.3728
0.3485
0.3757
0.3591
0.3668
0.3584
0.3964
0.3861
0.3654
0.3512
0.3612
0.3679
0.3978
0.366
0.3412
0.3564
0.3628
0.3797
0.3352
0.3776
0.3535
0.3781
0.3711
0.3404
0.3478
0.3298
0.3711
0.3564
0.3519
0.3215
0.3608
0.3509
0.3696
0.3878
0.3259
0.3607
0.3864
0.3419
0.3576
0.3437
0.3859
0.355
0.3824
0.3724
0.3337
0.3751
0.3548
0.3736
0.3534
0.3841
0.3408
0.3647
0.3805
0.3794
0.3749
0.3498
0.3548
0.3772
0.3522
0.3259
0.389
0.3706
0.3565
0.3787
0.3074
0.363
0.3496
0.3636
0.3464
0.3823
0.3581
0.378
0.3682
0.3689
0.3427
0.3526
0.3528
0.3131
0.3684
0.3529
0.3666
0.3479
0.3705
0.3543
0.3672
0.3475
0.3476
0.3491
0.3343
0.369
0.3815
0.3643
0.3827
0.3684
0.368
0.3471
0.2969
0.3748
0.3765
0.3707
0.3132
0.3662
0.3803
0.3313
0.3343
0.3888
0.3588
0.3863
0.3623
0.3569
0.3677
0.3647
0.3656
0.3751
0.3512
0.3684
0.3763
0.3418
0.3347
0.3867
0.3481
0.3565
0.3283
0.3514
0.3728
0.3343
0.354
0.3703
0.363
0.3332
0.3443
0.3573
0.356
0.3979
0.3625
0.366
0.3553
0.3585
0.3613
0.3886
0.3654
0.3588
0.3745
0.3266
0.3746
0.3396
0.3368
0.3811
0.3719
0.3658
0.3641
0.3379
0.3732
0.3936
0.3837
0.3717
0.3641
0.3415
0.358
0.369
0.3633
0.3724
0.3766
0.3727
0.3219
0.3386
0.3449
0.381
0.383
0.3762
0.3715
0.3984
0.3413
0.3737
0.3245
0.3606
0.3692
0.3743
0.3452
0.3504
0.3496
0.3536
0.3587
0.3514
0.3689
0.3371
0.3496
0.3487
0.34
0.3248
0.3707
0.3555
0.3765
0.3388
0.3471
0.3592
0.3655
0.3565
0.3462
0.3401
0.3264
0.3455
0.3647
0.3776
0.3
0.364
0.3652
0.3761
0.3764
0.3728
0.3539
0.3544
0.3141
0.3796
0.3722
0.3675
0.3679
0.3766
0.3694
0.3519
0.3725
0.35
0.3773
0.3715
0.348
0.364
0.3826
0.3333
0.3778
0.3536
0.3606
0.3534
0.355
0.3276
0.3867
0.3714
0.3734
0.3809
0.3677
0.3964
0.3592
0.3802
0.3623
0.3843
0.3589
0.3375
0.3416
0.3701
0.3908
0.3823
0.3658
0.3665
0.3692
0.3687
0.3776
0.3561
0.3631
0.3526
0.3839
0.3876
0.3956
0.3818
0.3498
0.3587
0.3189
0.3554
0.3364
0.3747
0.3588
0.3512
0.3823
0.3404
0.3748
0.3563
0.3925
0.3684
0.3655
0.3553
0.3636
0.3607
0.3607
0.364
0.357
0.3765
0.3646
0.3966
0.3837
0.3775
0.3995
0.3709
0.358
0.3381
0.3529
0.357
0.3655
0.366
0.3511
0.3546
0.3444
0.3611
0.3721
0.3624
0.3642
0.3726
0.371
0.3924
0.3556
0.3657
0.3516
0.3814
0.35
0.3488
0.3642
0.299
0.3707
0.3596
0.3501
0.3835
0.3604
0.3482
0.3727
0.3201
0.3785
0.3639
0.3465
0.3587
0.3503
0.3651
0.3751
0.3529
0.3487
0.3593
0.3796
0.3777
0.3732
0.3364
0.3515
0.3828
0.3604
0.3582
0.3534
0.3432
0.3533
0.3533
0.3557
0.3251
0.3159
0.3815
0.3642
0.3873
0.3536
0.3439
0.3663
0.3475
0.3471
0.3698
0.3866
0.3491
0.3258
0.3728
0.3554
0.3618
0.3605
0.335
0.3571
0.3622
0.3349
0.3562
0.3368
0.3633
0.3108
0.373
0.3637
0.3534
0.3411
0.3967
0.3677
0.3798
0.3696
0.3421
0.3622
0.344
0.3703
0.3602
0.3631
0.3549
0.3628
0.38
0.2878
0.3668
0.3523
0.3387
0.3689
0.2809
0.3597
0.3613
0.3973
0.3546
0.3642
0.3685
0.3772
0.351
0.3172
0.3704
0.3535
0.3738
0.359
0.3623
0.3421
0.3618
0.3671
0.3548
0.3485
0.3391
0.3445
0.3713
0.3796
0.368
0.3681
0.3777
0.3644
0.3749
0.3573
0.3333
0.3443
0.3599
0.368
0.3292
0.3606
0.3413
0.3549
0.372
0.3792
0.3684
0.3754
0.3648
0.3793
0.3701
0.3571
0.3771
0.3814
0.3729
0.3696
0.3664
0.3855
0.3303
0.3441
0.3891
0.3767
0.3808
0.3791
0.3596
0.3684
0.3523
0.3417
0.362
0.3252
0.342
0.3715
0.3312
0.348
0.3388
0.368
0.3625
0.3029
0.3455
0.3514
0.3116
0.3764
0.3402
0.3174
0.3707
0.3839
0.345
0.344
0.382
0.3772
0.3521
0.3569
0.3548
0.3648
0.3706
0.3615
0.3613
0.3661
0.3455
0.3238
0.3468
0.3546
0.334
0.3371
0.3228
0.3534
0.36
0.3417
0.3573
0.3437
0.3615
0.3879
0.3673
0.3544
0.3425
0.3962
0.344
0.3304
0.351
0.3581
0.357
0.3551
0.3654
0.3439
0.3362
0.3325
0.3715
0.3473
0.378
0.3514
0.3475
0.3843
0.3898
0.3295
0.3802
0.3555
0.3497
0.3636
0.3618
0.3188
0.3627
0.3804
0.3621
0.3491
0.3337
0.3368
0.38
0.3651
0.3792
0.3677
0.3822
0.3708
0.3379
0.3364
0.3796
0.3182
0.386
0.3637
0.3457
0.3568
0.3611
0.3538
0.3649
0.3533
0.3685
0.3779
0.364
0.3438
0.3453
0.3578
0.351
0.3606
0.3617
0.3594
0.3301
0.3727
0.355
0.3505
0.3508
0.373
0.3609
0.3443
0.3736
0.3579
0.3712
0.3689
0.3676
0.3853
0.3872
0.3593
0.3542
0.3661
0.3673
0.3712
0.3453
0.3332
0.35
0.3847
0.376
0.3785
0.3521
0.3899
0.3453
0.3469
0.3633
0.3613
0.3737
0.3497
0.3323
0.3779
0.335
0.3071
0.3121
0.3989
0.3833
0.399
0.3773
0.3862
0.3344
0.3548
0.3979
0.3816
0.3891
0.38
0.399
0.3586
0.3472
0.3984
0.3936
0.3569
0.3948
0.3549
0.3995
0.3469
0.3964
0.3565
0.3395
0.3426
0.3691
0.371
0.396
0.3324
0.3994
0.3967
0.3688
0.3835
0.3573
0.3382
0.3987
0.3647
0.3497
0.3611
0.3963
0.3856
0.3651
0.3796
0.3699
0.3599
0.3956
0.3971
0.3608
0.3434
0.3818
0.3629
0.3953
0.3986
0.3701
0.3735
0.3696
0.3978
0.3871
0.3525
0.399
0.3796
0.3634
0.3975
0.3658
0.4
0.3696
0.3738
0.3598
0.3245
0.3974
0.3798
0.3981
0.324
0.3915
0.3975
0.3339
0.3581
0.3751
0.4
0.3568
0.3412
0.3979
0.3865
0.3731
0.3181
0.3604
0.376
0.3994
0.3827
0.3472
0.3747
0.3495
0.3467
0.3699
0.3765
0.3908
0.3777
0.3416
0.4
0.3897
0.3992
0.3501
0.3972
0.3755
0.3627
0.3682
0.3522
0.3892
0.3977
0.3735
0.3967
0.3804
0.3968
0.3979
0.3957
0.3675
0.3298
0.3713
0.3951
0.3252
0.3672
0.356
0.3388
0.3991
0.366
0.336
0.3387
0.3845
0.339
0.3523
0.3797
0.3317
0.3287
0.3651
0.3862
0.3959
0.3705
0.3895
0.3937
0.3536
0.3586
0.3971
0.3317
0.3568
0.356
0.3449
0.397
0.3663
0.3972
0.3757
0.3656
0.3528
0.3992
0.3642
0.3926
0.3826
0.3677
0.3728
0.3976
0.3535
0.35
0.3731
0.3907
0.3977
0.3828
0.359
0.318
0.3702
0.3385
0.3877
0.3958
0.3416
0.3475
0.3906
0.3709
0.3848
0.368
0.3619
0.3977
0.3883
0.3739
0.3976
0.3965
0.398
0.3795
0.3977
0.3373
0.3572
0.3802
0.3247
0.3855
0.3244
0.3645
0.3681
0.353
0.3671
0.3724
0.3481
0.3983
0.3459
0.3968
0.3568
0.3262
0.3466
0.3619
0.3666
0.3708
0.3462
0.392
0.397
0.3971
0.3549
0.3824
0.3851
0.3633
0.3986
0.3501
0.3649
0.3654
0.3642
0.3798
0.3872
0.3494
0.3472
0.3769
0.3385
0.3706
0.3191
0.3678
0.3545
0.3967
0.3178
0.3622
0.3669
0.3491
0.4
0.3988
0.3536
0.3723
0.3704
0.3639
0.3964
0.3384
0.3728
0.3482
0.386
0.3772
0.3822
0.392
0.3633
0.374
0.3949
0.3742
0.3822
0.3594
0.3795
0.3996
0.3809
0.3814
0.3441
0.332
0.3851
0.3646
0.3832
0.3976
0.3705
0.3401
0.3918
0.3549
0.3638
0.3863
0.3071
0.3822
0.3872
0.3628
0.3991
0.3854
0.3976
0.3579
0.3731
0.3176
0.3322
0.3555
0.3691
0.3872
0.3986
0.3579
0.4
0.3831
0.362
0.355
0.3852
0.3515
0.378
0.3652
0.3843
0.3975
0.3803
0.3956
0.3754
0.3635
0.3469
0.4
0.3962
0.3983
0.3867
0.3694
0.3945
0.3965
0.3793
0.3842
0.3795
0.3722
0.394
0.3699
0.3819
0.3956
0.3739
0.3982
0.4
0.3975
0.3902
0.3831
0.3603
0.3952
0.3405
0.3685
0.3883
0.3913
0.3653
0.3644
0.3572
0.3655
0.367
0.328
0.38
0.3642
0.3608
0.3957
0.392
0.3726
0.3954
0.3769
0.3971
0.3995
0.3163
0.3504
0.3865
0.3598
0.3315
0.3825
0.3912
0.3288
0.3635
0.3762
0.3991
0.3923
0.3969
0.3474
0.3964
0.3507
0.3953
0.3852
0.3595
0.3286
0.3953
0.3746
0.394
0.3961
0.398
0.399
0.366
0.3632
0.3574
0.3758
0.3994
0.3598
0.4
0.327
0.3585
0.3981
0.2953
0.3491
0.3712
0.3695
0.3755
0.3977
0.3477
0.293
0.3521
0.306
0.3982
0.3502
0.3861
0.3495
0.3966
0.3388
0.3847
0.392
0.3674
0.3843
0.34
0.3699
0.3254
0.3667
0.3635
0.3296
0.3951
0.3983
0.3947
0.3586
0.3975
0.3899
0.3974
0.3456
0.3941
0.3689
0.3985
0.3932
0.3666
0.3995
0.3853
0.3688
0.3373
0.3523
0.3546
0.3687
0.3995
0.3596
0.3389
0.3989
0.3859
0.3991
0.3697
0.3536
0.3684
0.3567
0.3938
0.3786
0.348
0.3947
0.3855
0.3837
0.3623
0.3533
0.3886
0.3617
0.3622
0.3515
0.3368
0.3589
0.3652
0.3971
0.398
0.3857
0.3971
0.3549
0.3832
0.3976
0.2954
0.3982
0.3723
0.3978
0.353
0.3945
0.3972
0.3915
0.3739
0.3935
0.3674
0.3893
0.3343
0.3805
0.367
0.3983
0.3459
0.3755
0.3984
0.3851
0.3979
0.3986
0.3937
0.3701
0.3799
0.3614
0.3762
0.3871
0.3969
0.3612
0.3838
0.399
0.3914
0.3906
0.3593
0.391
0.3681
0.3979
0.3995
0.3824
0.3754
0.3802
0.3771
0.3652
0.3425
0.3597
0.3677
0.3634
0.3863
0.3559
0.3844
0.3996
0.3634
0.3622
0.3482
0.3965
0.3355
0.3664
0.341
0.3973
0.3692
0.3457
0.3978
0.3057
0.3556
0.3987
0.3642
0.3991
0.3177
0.3712
0.3529
0.3978
0.3989
0.3576
0.3977
0.3964
0.3658
0.3437
0.3363
0.3487
0.3562
0.3634
0.3689
0.3981
0.3931
0.3781
0.3948
0.3938
0.3766
0.3955
0.3574
0.3396
0.3363
0.3801
0.3974
0.3958
0.3728
0.3535
0.3961
0.3718
0.3754
0.3833
0.3525
0.3619
0.3413
0.3146
0.3716
0.382
0.3963
0.3624
0.3533
0.364
0.3946
0.3954
0.3804
0.3873
0.3502
0.3795
0.378
0.346
0.3852
0.3701
0.3579
0.3614
0.316
0.3963
0.3277
0.3263
0.3963
0.3383
0.3376
0.3687
0.3873
0.3863
0.3682
0.3632
0.3677
0.3996
0.3559
0.3443
0.3513
0.3584
0.3456
0.3965
0.3964
0.3994
0.3429
0.3533
0.3912
0.3674
0.3399
0.3703
0.3764
0.3238
0.3715
0.3845
0.3826
0.3827
0.397
0.3835
0.3609
0.3615
0.3936
0.3631
0.3591
0.3711
0.3976
0.3841
0.3697
0.3607
0.3719
0.344
0.3988
0.3965
0.3458
0.3739
0.3305
0.3638
0.3736
0.3787
0.3743
0.3703
0.3759
0.3984
0.3471
0.3968
0.3972
0.3967
0.3793
0.3908
0.3912
0.3967
0.3479
0.3593
0.4
0.3703
0.3851
0.3811
0.3875
0.3988
0.3728
0.3972
0.3622
0.3839
0.3916
0.3799
0.3674
0.3978
0.3519
0.3522
0.3871
0.3834
0.3807
0.3873
0.396
0.3582
0.3968
0.3914
0.3549
0.3639
0.3627
0.3858
0.364
0.3982
0.3877
0.3842
0.3664
0.3782
0.3743
0.3806
0.3983
0.351
0.3491
0.3726
0.3859
0.3559
0.3762
0.3952
0.3603
0.398
0.3608
0.3683
0.3649
0.3862
0.3623
0.384
0.3578
0.391
0.4
0.3984
0.3669
0.3757
0.3761
0.3647
0.3228
0.373
0.3548
0.3817
0.3711
0.3386
0.3775
0.3976
0.3927
0.3519
0.3821
0.3949
0.3995
0.3989
0.3751
0.3605
0.376
0.3978
0.3985
0.3907
0.383
0.3984
0.3721
0.3489
0.3651
0.3618
0.3969
0.3387
0.3654
0.381
0.3612
0.3573
0.3389
0.3453
0.3928
0.3748
0.381
0.3927
0.3986
0.3996
0.362
0.3687
0.3541
0.3831
0.3491
0.3984
0.3958
0.3491
0.3539
0.3433
0.3544
0.3774
0.398
0.3599
0.3763
0.3818
0.3928
0.3319
0.3838
0.3784
0.399
0.3794
0.3995
0.3848
0.3911
0.3978
0.3526
0.3366
0.3617
0.3747
0.3658
0.3982
0.3626
0.3973
0.386
0.3475
0.3776
0.3975
0.395
0.3955
0.3734
0.3713
0.3796
0.3799
0.3748
0.3859
0.3986
0.363
0.3651
0.3967
0.4
0.3781
0.3549
0.3346
0.3781
0.3838
0.3357
0.3911
0.3847
0.3859
0.3587
0.3388
0.389
0.3166
0.3684
0.3394
0.3506
0.3964
0.3655
0.363
0.3428
0.3722
0.3982
0.3972
0.3348
0.3525
0.3544
0.3988
0.3554
0.3463
0.3806
0.3863
0.3944
0.3704
0.3576
0.3582
0.3479
0.3746
0.3459
0.3474
0.3678
0.3653
0.3154
0.3452
0.3731
0.399
0.3817
0.3723
0.3512
0.3982
0.3517
0.3611
0.3972
0.397
0.3573
0.3659
0.3683
0.368
0.3707
0.398
0.3491
0.3196
0.3969
0.3311
0.3072
0.3864
0.3365
0.3972
0.3639
0.392
0.3848
0.3437
0.362
0.3864
0.3603
0.342
0.3544
0.3564
0.3669
0.3986
0.3986
0.3628
0.3959
0.322
0.3991
0.3985
0.3686
0.3785
0.3976
0.394
0.3995
0.3596
0.3745
0.3983
0.3465
0.3859
0.382
0.3597
0.3986
0.3734
0.3836
0.3986
0.3672
0.3546
0.3614
0.372
0.3483
0.3681
0.3439
0.3582
0.3406
0.3959
0.3967
0.3972
0.371
0.3988
0.3983
0.3233
0.3688
0.3669
0.3459
0.3136
0.3787
0.3796
0.3697
0.3498
0.3993
0.3542
0.3995
0.3954
0.3581
0.3983
0.3986
0.3656
0.3483
0.3872
0.3995
0.3259
0.3963
0.3941
0.3752
0.3553
0.371
0.3686
0.3795
0.3971
0.3807
0.3648
0.3763
0.3801
0.3985
0.3838
0.3321
0.3995
0.3719
0.3991
0.3659
0.3614
0.3551
0.3554
0.3988
0.3737
0.3983
0.3711
0.3574
0.3562
0.3629
0.3972
0.3676
0.3369
0.3527
0.382
0.3659
0.3951
0.3603
0.361
0.3879
0.3629
0.3991
0.368
0.398
0.3833
0.3988
0.3528
0.3991
0.3681
0.3995
0.3799
0.3644
0.3788
0.3881
0.3663
0.3464
0.3889
0.3949
0.3199
0.3003
0.3594
0.3976
0.3976
0.3996
0.3992
0.396
0.3975
0.3974
0.3976
0.3969
0.3987
0.3963
0.398
0.399
0.3964
0.3985
0.3805
0.3945
0.3961
0.3995
0.3996
0.3943
0.3967
0.3433
0.3986
0.3961
0.3985
0.3979
0.352
0.3969
0.3969
0.3977
0.3966
0.3961
0.399
0.4
0.3988
0.399
0.4
0.3984
0.3969
0.3958
0.3986
0.3983
0.3738
0.399
0.3995
0.3984
0.3983
0.3988
0.3933
0.362
0.3966
0.3995
0.398
0.4
0.3982
0.3969
0.3861
0.3995
0.398
0.3972
0.4
0.3991
0.399
0.396
0.3977
0.399
0.3931
0.399
0.3974
0.3964
0.3983
0.3961
0.3971
0.3982
0.3957
0.3839
0.3986
0.3987
0.3961
0.3991
0.3962
0.3654
0.3971
0.3866
0.3966
0.3988
0.3986
0.3951
0.3982
0.3928
0.3826
0.3979
0.3947
0.3955
0.4
0.3953
0.3968
0.398
0.3992
0.3989
0.399
0.3829
0.3953
0.3961
0.3995
0.3983
0.3975
0.3954
0.3987
0.391
0.3967
0.3996
0.3964
0.3987
0.399
0.3986
0.3977
0.399
0.392
0.395
0.3835
0.3984
0.3808
0.3962
0.3497
0.3981
0.3847
0.4
0.3936
0.3949
0.3432
0.3981
0.3989
0.3985
0.3849
0.4
0.3972
0.3954
0.3935
0.3959
0.3976
0.399
0.3811
0.3946
0.3972
0.3984
0.4
0.3995
0.3943
0.3987
0.3975
0.3983
0.3991
0.3987
0.3965
0.3981
0.3969
0.3989
0.3978
0.3727
0.3963
0.3983
0.398
0.398
0.3942
0.3969
0.3977
0.3931
0.3955
0.3995
0.3946
0.3965
0.3902
0.3989
0.3986
0.399
0.3985
0.3994
0.3981
0.3966
0.3991
0.3971
0.3962
0.3888
0.3944
0.3983
0.3929
0.3989
0.3988
0.3989
0.3972
0.3966
0.3974
0.3955
0.3981
0.3984
0.3994
0.3994
0.3984
0.3953
0.3839
0.3946
0.3973
0.3973
0.3959
0.3975
0.3945
0.3986
0.3979
0.3959
0.3963
0.3974
0.3979
0.3824
0.3986
0.3797
0.3968
0.3992
0.3965
0.3983
0.3972
0.3951
0.3976
0.3965
0.3976
0.4
0.3987
0.3944
0.3974
0.3969
0.3944
0.397
0.3981
0.4
0.4
0.4
0.3949
0.3969
0.3968
0.3985
0.3904
0.3983
0.3936
0.3967
0.3969
0.3992
0.3905
0.399
0.3963
0.3977
0.3901
0.3969
0.3974
0.3976
0.3775
0.3806
0.3617
0.3964
0.3971
0.3973
0.3963
0.3694
0.3982
0.3823
0.3994
0.3991
0.3989
0.396
0.3955
0.3993
0.3991
0.3881
0.3987
0.3983
0.399
0.3996
0.3979
0.3991
0.3978
0.3716
0.3956
0.3988
0.3967
0.3995
0.3995
0.3987
0.3987
0.3983
0.3968
0.3984
0.3968
0.3789
0.3975
0.3828
0.3975
0.4
0.3977
0.3756
0.3981
0.3849
0.3982
0.38
0.3984
0.3985
0.3898
0.3751
0.396
0.399
0.397
0.3984
0.3974
0.396
0.386
0.3988
0.3953
0.3985
0.3991
0.3985
0.3976
0.3986
0.3954
0.3879
0.3839
0.3982
0.3954
0.3976
0.3978
0.3958
0.3978
0.3411
0.3969
0.3978
0.3977
0.3985
0.3989
0.3987
0.3945
0.398
0.3985
0.3974
0.3972
0.3985
0.3989
0.399
0.3966
0.3991
0.3886
0.3994
0.3955
0.3976
0.3965
0.3985
0.3985
0.3995
0.3972
0.3907
0.3993
0.3976
0.3818
0.3981
0.3984
0.3931
0.3989
0.3853
0.3966
0.3975
0.398
0.3989
0.3995
0.3931
0.3967
0.398
0.3972
0.3978
0.3906
0.398
0.3955
0.3994
0.3981
0.3967
0.3971
0.3705
0.3977
0.3989
0.3982
0.3817
0.396
0.3981
0.3787
0.3834
0.3641
0.3944
0.3978
0.396
0.3982
0.3981
0.3965
0.3989
0.3975
0.3973
0.3896
0.3994
0.3985
0.386
0.3476
0.397
0.3966
0.3975
0.3987
0.3989
0.3952
0.397
0.3973
0.3946
0.3967
0.3972
0.3994
0.3967
0.3982
0.3952
0.3904
0.3579
0.3971
0.3973
0.3975
0.399
0.3978
0.3917
0.3983
0.3968
0.3939
0.3963
0.3995
0.3989
0.3979
0.3927
0.3995
0.3971
0.3963
0.3929
0.3961
0.3994
0.3969
0.3973
0.3994
0.3975
0.3967
0.4
0.3979
0.399
0.3969
0.3945
0.3901
0.3978
0.3936
0.3951
0.3985
0.3993
0.397
0.4
0.3951
0.3943
0.3918
0.3996
0.3932
0.3952
0.3984
0.3972
0.398
0.3978
0.3985
0.3947
0.3857
0.3665
0.3958
0.3989
0.397
0.3852
0.398
0.397
0.3961
0.3993
0.3965
0.3762
0.3989
0.3972
0.3904
0.3965
0.3944
0.3994
0.399
0.3973
0.3988
0.4
0.3989
0.399
0.3979
0.4
0.3977
0.3883
0.3947
0.342
0.3969
0.397
0.3976
0.3962
0.4
0.3973
0.3984
0.3978
0.3912
0.3937
0.3988
0.3925
0.3965
0.399
0.4
0.3964
0.3989
0.3955
0.3979
0.3972
0.3987
0.3973
0.3981
0.3771
0.3855
0.3984
0.3988
0.3962
0.4
0.3989
0.3946
0.3964
0.3991
0.3968
0.4
0.3985
0.3953
0.3982
0.3967
0.3968
0.3987
0.3972
0.3977
0.3941
0.392
0.387
0.3995
0.3829
0.3985
0.3964
0.3962
0.3977
0.3995
0.3929
0.3843
0.3975
0.3969
0.3929
0.3985
0.396
0.3983
0.396
0.3972
0.3968
0.3851
0.3948
0.3846
0.3921
0.3932
0.3956
0.3989
0.3657
0.3974
0.3969
0.3974
0.397
0.3979
0.3995
0.3853
0.4
0.3942
0.3814
0.3954
0.3962
0.3992
0.356
0.4
0.4
0.4
0.3974
0.3989
0.387
0.3901
0.3858
0.3984
0.3991
0.3963
0.3985
0.3961
0.3986
0.3967
0.391
0.3631
0.3982
0.3984
0.3994
0.3994
0.4
0.3961
0.397
0.3961
0.3889
0.3937
0.3983
0.3992
0.3995
0.3872
0.3978
0.3955
0.3918
0.3955
0.399
0.3974
0.3519
0.3972
0.3619
0.3995
0.3988
0.3988
0.3944
0.3987
0.3977
0.3991
0.3966
0.398
0.3871
0.3676
0.3949
0.3995
0.3951
0.3965
0.3925
0.3946
0.3989
0.3974
0.3959
0.3995
0.3994
0.3973
0.3959
0.3994
0.397
0.3973
0.3955
0.3972
0.3988
0.3955
0.3946
0.3981
0.3924
0.3964
0.3812
0.3842
0.3989
0.3988
0.3977
0.3964
0.3667
0.3969
0.3973
0.3957
0.3982
0.3958
0.3934
0.3956
0.3945
0.3846
0.3985
0.3969
0.3862
0.398
0.3982
0.3988
0.374
0.399
0.3972
0.3599
0.3956
0.3995
0.3942
0.4
0.3944
0.395
0.373
0.398
0.3967
0.3982
0.3964
0.3953
0.3964
0.3979
0.3977
0.3862
0.3955
0.3984
0.3985
0.3979
0.3974
0.3981
0.3977
0.3996
0.386
0.3981
0.3973
0.3989
0.3957
0.3972
0.3937
0.4
0.3963
0.3972
0.3987
0.3946
0.3967
0.394
0.3915
0.3975
0.3992
0.396
0.3922
0.3953
0.397
0.3993
0.3975
0.3968
0.398
0.3989
0.3973
0.3982
0.3976
0.3985
0.3951
0.3995
0.3945
0.3985
0.3979
0.3939
0.3987
0.3984
0.3942
0.3995
0.3887
0.3987
0.4
0.3992
0.3975
0.394
0.4
0.395
0.3978
0.4
0.397
0.397
0.3977
0.3983
0.3959
0.3927
0.3767
0.3963
0.3857
0.382
0.3976
0.3878
0.3974
0.4
0.3838
0.3983
0.3948
0.3977
0.3964
0.3982
0.3949
0.3974
0.3841
0.3925
0.3982
0.397
0.4
0.3971
0.3979
0.3972
0.3979
0.3963
0.397
0.3995
0.397
0.3957
0.399
0.3995
0.399
0.3995
0.3985
0.3996
0.3958
0.3924
0.397
0.3995
0.3979
0.3953
0.3991
0.3984
0.3942
0.3443
0.3701
0.3894
0.398
0.3969
0.3964
0.3968
0.3683
0.3826
0.3975
0.3951
0.3976
0.3834
0.3921
0.3996
0.3952
0.3994
0.3882
0.3985
0.3981
0.3991
0.3988
0.3973
0.3978
0.3971
0.3876
0.3994
0.3972
0.3969
0.3968
0.4
0.3965
0.3995
0.3972
0.3871
0.3982
0.3991
0.3801
0.3988
0.3994
0.3972
0.3977
0.398
0.3935
0.398
0.3973
0.3978
0.3992
0.3911
0.3976
0.3841
0.376
0.3966
0.399
0.3981
0.3907
0.3953
0.3757
0.3991
0.3985
0.398
0.3956
0.3932
0.3971
0.3995
0.3859
0.3981
0.3977
0.3986
0.3854
0.3572
0.3996
0.3973
0.3995
0.4
0.3976
0.395
0.3974
0.4
0.3981
0.3967
0.3682
0.3974
0.3981
0.3834
0.3969
0.3973
0.3994
0.3978
0.3988
0.3995
0.399
0.3989
0.4
0.3961
0.3634
0.3984
0.3965
0.3979
0.3983
0.3995
0.3986
0.3932
0.3979
0.3971
0.393
0.3819
0.3961
0.3976
0.372
0.3773
0.3988
0.3979
0.4
0.3929
0.3974
0.3606
0.3971
0.3979
0.3902
0.3961
0.3911
0.3958
0.4
0.3668
0.396
0.396
0.3945
0.4
0.3977
0.3834
0.3987
0.3977
0.3989
0.3982
0.3983
0.3902
0.4
0.4
0.3995
0.3995
0.3975
0.3975
0.398
0.3837
0.393
0.3909
0.3967
0.3988
0.3648
0.3968
0.3793
0.398
0.3983
0.3964
0.3917
0.398
0.3909
0.3959
0.3866
0.399
0.3925
0.3953
0.3979
0.3849
0.3995
0.397
0.3971
0.3857
0.3975
0.3982
0.3974
0.3994
0.3946
0.3975
0.3995
0.3974
0.3718
0.3966
0.3971
0.3941
0.3962
0.3975
0.3584
NA
NA
NA
NA
NA
NA
NA
NA
NA
NA
NA
NA
NA
NA
NA
NA
NA
NA
NA
NA
NA
NA
NA
NA
NA
NA
NA
NA
NA
NA
NA
NA
NA
NA
NA
NA
NA
NA
NA
NA
NA
NA
NA
NA
NA
NA
NA
NA
NA
NA
NA
NA
NA
NA
NA
NA
NA
NA
NA
NA
NA
NA
NA
NA
NA
NA
NA
NA
NA
NA
NA
NA
NA
NA
NA
NA
NA
NA
NA
NA
NA
NA
NA
NA
NA
NA
NA
NA
NA
NA
NA
NA
NA
NA
NA
NA
NA
NA
NA
NA
NA
NA
NA
NA
NA
NA
NA
NA
NA
NA
NA
NA
NA
NA
NA
NA
NA
NA
NA
NA
NA
NA
NA
NA
NA
NA
NA
NA
NA
NA
NA
NA
NA
NA
NA
NA
NA
NA
NA
NA
NA
NA
NA
NA
NA
NA
NA
NA
NA
NA
NA
NA
NA
NA
NA
NA
NA
NA
NA
NA
NA
NA
NA
NA
NA
NA
NA
NA
NA
NA
NA
NA
NA
NA
NA
NA
NA
NA
NA
NA
NA
NA
NA
NA
NA
NA
NA
NA
NA
NA
NA
NA
NA
NA
NA
NA
NA
NA
NA
NA
NA
NA
NA
NA
NA
NA
NA
NA
NA
NA
NA
NA
NA
NA
NA
NA
NA
NA
NA
NA
NA
NA
NA
NA
NA
NA
NA
NA
NA
NA
NA
NA
NA
NA
NA
NA
NA
NA
NA
NA
NA
NA
NA
NA
NA
NA
NA
NA
NA
NA
NA
NA
NA
NA
NA
NA
NA
NA
NA
NA
NA
NA
NA
NA
NA
NA
NA
NA
NA
NA
NA
NA
NA
NA
NA
NA
NA
NA
NA
NA
NA
NA
NA
NA
NA
NA
NA
NA
NA
NA
NA
NA
NA
NA
NA
NA
NA
NA
NA
NA
NA
NA
NA
NA
NA
NA
NA
NA
NA
NA
NA
NA
NA
NA
NA
NA
NA
NA
NA
NA
NA
NA
NA
NA
NA
NA
NA
NA
NA
NA
NA
NA
NA
NA
NA
NA
NA
NA
NA
NA
NA
NA
NA
NA
NA
NA
NA
NA
NA
NA
NA
NA
NA
NA
NA
NA
NA
NA
NA
NA
NA
NA
NA
NA
NA
NA
NA
NA
NA
NA
NA
NA
NA
NA
NA
NA
NA
NA
NA
NA
NA
NA
NA
NA
NA
NA
NA
NA
NA
NA
NA
NA
NA
NA
NA
NA
NA
NA
NA
NA
NA
NA
NA
NA
NA
NA
NA
NA
NA
NA
NA
NA
NA
NA
NA
NA
NA
NA
NA
NA
NA
NA
NA
NA
NA
NA
NA
NA
NA
NA
NA
NA
NA
NA
NA
NA
NA
NA
NA
NA
NA
NA
NA
NA
NA
NA
NA
NA
NA
NA
NA
NA
NA
NA
NA
NA
NA
NA
NA
NA
NA
NA
NA
NA
NA
NA
NA
NA
NA
NA
NA
NA
NA
NA
NA
NA
NA
NA
NA
NA
NA
NA
NA
NA
NA
NA
NA
NA
NA
NA
NA
NA
NA
NA
NA
NA
NA
NA
NA
NA
NA
NA
NA
NA
NA
NA
NA
NA
NA
NA
NA
NA
NA
NA
NA
NA
NA
NA
NA
NA
NA
NA
NA
NA
NA
NA
NA
NA
NA
NA
NA
NA
NA
NA
NA
NA
NA
NA
NA
NA
NA
NA
NA
NA
NA
NA
NA
NA
NA
NA
NA
NA
NA
NA
NA
NA
NA
NA
NA
NA
NA
NA
NA
NA
NA
NA
NA
NA
NA
NA
NA
NA
NA
NA
NA
NA
NA
NA
NA
NA
NA
NA
NA
NA
NA
NA
NA
NA
NA
NA
NA
NA
NA
NA
NA
NA
NA
NA
NA
NA
NA
NA
NA
NA
NA
NA
NA
NA
NA
NA
NA
NA
NA
NA
NA
NA
NA
NA
NA
NA
NA
NA
NA
NA
NA
NA
NA
NA
NA
NA
NA
NA
NA
NA
NA
NA
NA
NA
NA
NA
NA
NA
NA
NA
NA
NA
NA
NA
NA
NA
NA
NA
NA
NA
NA
NA
NA
NA
NA
NA
NA
NA
NA
NA
NA
NA
NA
NA
NA
NA
NA
NA
NA
NA
NA
NA
NA
NA
NA
NA
NA
NA
NA
NA
NA
NA
NA
NA
NA
NA
NA
NA
NA
NA
NA
NA
NA
NA
NA
NA
NA
NA
NA
NA
NA
NA
NA
NA
NA
NA
NA
NA
NA
NA
NA
NA
NA
NA
NA
NA
NA
NA
NA
NA
NA
NA
NA
NA
NA
NA
NA
NA
NA
NA
NA
NA
NA
NA
NA
NA
NA
NA
NA
NA
NA
NA
NA
NA
NA
NA
NA
NA
NA
NA
NA
NA
NA
NA
NA
NA
NA
NA
NA
NA
NA
NA
NA
NA
NA
NA
NA
NA
NA
NA
NA
NA
NA
NA
NA
NA
NA
NA
NA
NA
NA
NA
NA
NA
NA
NA
NA
NA
NA
NA
NA
NA
NA
NA
NA
NA
NA
NA
NA
NA
NA
NA
NA
NA
NA
NA
NA
NA
NA
NA
NA
NA
NA
NA
NA
NA
NA
NA
NA
NA
NA
NA
NA
NA
NA
NA
NA
NA
NA
NA
NA
NA
NA
NA
NA
NA
NA
NA
NA
NA
NA
NA
NA
NA
NA
NA
NA
NA
NA
NA
NA
NA
NA
NA
NA
NA
NA
NA
NA
NA
NA
NA
NA
NA
NA
NA
NA
NA
NA
NA
NA
NA
NA
NA
NA
NA
NA
NA
NA
NA
NA
NA
NA
NA
NA
NA
NA
NA
NA
NA
NA
NA
NA
NA
NA
NA
NA
NA
NA
NA
NA
NA
NA
NA
NA
NA
NA
NA
NA
NA
NA
NA
NA
NA
NA
NA
NA
NA
NA
NA
NA
NA
NA
NA
NA
NA
NA
NA
NA
NA
NA
NA
NA
NA
NA
NA
NA
NA
NA
NA
NA
NA
NA
NA
NA
NA
NA
NA
NA
NA
NA
NA
NA
NA
NA
NA
NA
NA
NA
NA
NA
NA
NA
NA
NA
NA
NA
NA
NA
NA
NA
NA
NA
NA
NA
NA
NA
NA
NA
NA
NA
NA
NA
NA
NA
NA
NA
NA
NA
NA
NA
NA
NA
NA
NA
NA
NA
NA
NA
NA
NA
NA
NA
NA
NA
NA
NA
NA
NA
NA
NA
NA
NA
NA
NA
NA
NA
NA
NA
NA
NA
NA
NA
NA
NA
NA
NA
NA
NA
NA
NA
NA
NA
NA
NA
NA
NA
NA
NA
NA
NA
NA
NA
NA
NA
NA
NA
NA
NA
NA
NA
NA
NA
NA
NA
NA
NA
NA
NA
NA
NA
NA
NA
NA
NA
NA
NA
NA
NA
NA
NA
NA
NA
NA
NA
NA
NA
NA
NA
NA
NA
NA
NA
NA
NA
NA
NA
NA
NA
NA
NA
NA
NA
NA
NA
NA
NA
NA
NA
NA
NA
NA
NA
NA
NA
NA
NA
NA
NA
NA
NA
NA
NA
NA
NA
NA
NA
NA
NA
NA
NA
NA
NA
NA
NA
NA
NA
NA
NA
NA
NA
NA
NA
NA
NA
NA
NA
NA
NA
NA
NA
NA
NA
NA
NA
NA
NA
NA
NA
NA
NA
NA
NA
NA
NA
NA
NA
NA
NA
NA
NA
NA
NA
NA
NA
NA
NA
NA
NA
NA
NA
NA
NA
NA
NA
NA
NA
NA
NA
NA
NA
NA
NA
NA
NA
NA
NA
NA
NA
NA
NA
NA
NA
NA
NA
NA
NA
NA
NA
NA
NA
NA
NA
NA
NA
NA
NA
NA
NA
NA
NA
NA
NA
NA
NA
NA
NA
NA
NA
NA
NA
NA
NA
NA
NA
NA
NA
NA
NA
NA
NA
NA
NA
NA
NA
NA
NA
NA
NA
NA
NA
NA
NA
NA
NA
NA
NA
NA
NA
NA
NA
NA
NA
NA
NA
NA
NA
NA
NA
NA
NA
NA
NA
NA
NA
NA
NA
NA
NA
NA
NA
NA
NA
NA
NA
NA
NA
NA
NA
NA
NA
NA
NA
NA
NA
NA
NA
NA
NA
NA
NA
NA
NA
NA
NA
NA
NA
NA
NA
NA
NA
NA
NA
NA
NA
NA
NA
NA
NA
NA
NA
NA
NA
NA
NA
NA
NA
NA
NA
NA
NA
NA
NA
NA
NA
NA
NA
NA
NA
NA
NA
NA
NA
NA
NA
NA
NA
NA
NA
NA
NA
NA
NA
NA
NA
NA
NA
NA
NA
NA
NA
NA
NA
NA
NA
NA
NA
NA
NA
NA
NA
NA
NA
NA
NA
NA
NA
NA
NA
NA
NA
NA
NA
NA
NA
NA
NA
NA
NA
NA
NA
NA
NA
NA
NA
NA
NA
NA
NA
NA
NA
NA
NA
NA
NA
NA
NA
NA
NA
NA
NA
NA
NA
NA
NA
NA
NA
NA
NA
NA
NA
NA
NA
NA
NA
NA
NA
NA
NA
NA
NA
NA
NA
NA
NA
NA
NA
NA
NA
NA
NA
NA
NA
NA
NA
NA
NA
NA
NA
NA
NA
NA
NA
NA
NA
NA
NA
NA
NA
NA
NA
NA
NA
NA
NA
NA
NA
NA
NA
NA
NA
NA
NA
NA
NA
NA
NA
NA
NA
NA
NA
NA
NA
NA
NA
NA
NA
NA
NA
NA
NA
NA
NA
NA
NA
NA
NA
NA
NA
NA
NA
NA
NA
NA
NA
NA
NA
NA
NA
NA
NA
NA
NA
NA
NA
NA
NA
NA
NA
NA
NA
NA
NA
NA
NA
NA
NA
NA
NA
NA
NA
NA
NA
NA
NA
NA
NA
NA
NA
NA
NA
NA
NA
NA
NA
NA
NA
NA
NA
NA
NA
NA
NA
NA
NA
NA
NA
NA
NA
NA
NA
NA
NA
NA
NA
NA
NA
NA
NA
NA
NA
NA
NA
NA
NA
NA
NA
NA
NA
NA
NA
NA
NA
NA
NA
NA
NA
NA
NA
NA
NA
NA
NA
NA
NA
NA
NA
NA
NA
NA
NA
NA
NA
NA
NA
NA
NA
NA
NA
NA
NA
NA
NA
NA
NA
NA
NA
NA
NA
NA
NA
NA
NA
NA
NA
NA
NA
NA
NA
NA
NA
NA
NA
NA
NA
NA
NA
NA
NA
NA
NA
NA
NA
NA
NA
NA
NA
NA
NA
NA
NA
NA
NA
NA
NA
NA
NA
NA
NA
NA
NA
NA
NA
NA
NA
NA
NA
NA
NA
NA
NA
NA
NA
NA
NA
NA
NA
NA
NA
NA
NA
NA
NA
NA
NA
NA
NA
NA
NA
NA
NA
NA
NA
NA
NA
NA
NA
NA
NA
NA
NA
NA
NA
NA
NA
NA
NA
NA
NA
NA
NA
NA
NA
NA
NA
NA
NA
NA
NA
NA
NA
NA
NA
NA
NA
NA
NA
NA
NA
NA
NA
NA
NA
NA
NA
NA
NA
NA
NA
NA
NA
NA
NA
NA
NA
NA
NA
NA
NA
NA
NA
NA
NA
NA
NA
NA
NA
NA
NA
NA
NA
NA
NA
NA
NA
NA
NA
NA
NA
NA
NA
NA
NA
NA
NA
NA
NA
NA
NA
NA
NA
NA
NA
NA
NA
NA
NA
NA
NA
NA
NA
NA
NA
NA
NA
NA
NA
NA
NA
NA
NA
NA
NA
NA
NA
NA
NA
NA
NA
NA
NA
NA
NA
NA
NA
NA
NA
NA
NA
NA
NA
NA
NA
NA
NA
NA
NA
NA
NA
NA
NA
NA
NA
NA
NA
NA
NA
NA
NA
NA
NA
NA
NA
NA
NA
NA
NA
NA
NA
NA
NA
NA
NA
NA
NA
NA
NA
NA
NA
NA
NA
NA
NA
NA
NA
NA
NA
NA
NA
NA
NA
NA
NA
NA
NA
NA
NA
NA
NA
NA
NA
NA
NA
NA
NA
NA
NA
NA
NA
NA
NA
NA
NA
NA
NA
NA
NA
NA
NA
NA
NA
NA
NA
NA
NA
NA
NA
NA
NA
NA
NA
NA
NA
NA
NA
NA
NA
NA
NA
NA
NA
NA
NA
NA
NA
NA
NA
NA
NA
NA
NA
NA
NA
NA
NA
NA
NA
NA
NA
NA
NA
NA
NA
NA
NA
NA
NA
NA
NA
NA
NA
NA
NA
NA
NA
NA
NA
NA
NA
NA
NA
NA
NA
NA
NA
NA
NA
NA
NA
NA
NA
NA
NA
NA
NA
NA
NA
NA
NA
NA
NA
NA
NA
NA
NA
NA
NA
NA
NA
NA
NA
NA
NA
NA
NA
NA
NA
NA
NA
NA
NA
NA
NA
NA
NA
NA
NA
NA
NA
NA
NA
NA
NA
NA
NA
NA
NA
NA
NA
NA
NA
NA
NA
NA
NA
NA
NA
NA
NA
NA
NA
NA
NA
NA
NA
NA
NA
NA
NA
NA
NA
NA
NA
NA
NA
NA
NA
NA
NA
NA
NA
NA
NA
NA
NA
NA
NA
NA
NA
NA
NA
NA
NA
NA
NA
NA
NA
NA
NA
NA
NA
NA
NA
NA
NA
NA
NA
NA
NA
NA
NA
NA
NA
NA
NA
NA
NA
NA
NA
NA
NA
NA
NA
NA
NA
NA
NA
NA
NA
NA
NA
NA
NA
NA
NA
NA
NA
NA
NA
NA
NA
NA
NA
NA
NA
NA
NA
NA
NA
NA
NA
NA
NA
NA
NA
NA
NA
NA
NA
NA
NA
NA
NA
NA
NA
NA
NA
NA
NA
NA
NA
NA
NA
NA
NA
NA
NA
NA
NA
NA
NA
NA
NA
NA
NA
NA
NA
NA
NA
NA
NA
NA
NA
NA
NA
NA
NA
NA
NA
NA
NA
NA
NA
NA
NA
NA
NA
NA
NA
NA
NA
NA
NA
NA
NA
NA
NA
NA
NA
NA
NA
NA
NA
NA
NA
NA
NA
NA
NA
NA
NA
NA
NA
NA
NA
NA
NA
NA
NA
NA
NA
NA
NA
NA
NA
NA
NA
NA
NA
NA
NA
NA
NA
NA
NA
NA
NA
NA
NA
NA
NA
NA
NA
NA
NA
NA
NA
NA
NA
NA
NA
NA
NA
NA
NA
NA
NA
NA
NA
NA
NA
NA
NA
NA
NA
NA
NA
NA
NA
NA
NA
NA
NA
NA
NA
NA
NA
NA
NA
NA
NA
NA
NA
NA
NA
NA
NA
NA
NA
NA
NA
NA
NA
NA
NA
NA
NA
NA
NA
NA
NA
NA
NA
NA
NA
NA
NA
NA
NA
NA
NA
NA
NA
NA
NA
NA
NA
NA
NA
NA
NA
NA
NA
NA
NA
NA
NA
NA
NA
NA
NA
NA
NA
NA
NA
NA
NA
NA
NA
NA
NA
NA
NA
NA
NA
NA
NA
NA
NA
NA
NA
NA
NA
NA
NA
NA
NA
NA
NA
NA
NA
NA
NA
NA
NA
NA
NA
NA
NA
NA
NA
NA
NA
NA
NA
NA
NA
NA
NA
NA
NA
NA
NA
NA
NA
NA
NA
NA
NA
NA
NA
NA
NA
NA
NA
NA
NA
NA
NA
NA
NA
NA
NA
NA
NA
NA
NA
NA
NA
NA
NA
NA
NA
NA
NA
NA
NA
NA
NA
NA
NA
NA
NA
NA
NA
NA
NA
NA
NA
NA
NA
NA
NA
NA
NA
NA
NA
NA
NA
NA
NA
NA
NA
NA
NA
NA
NA
NA
NA
NA
NA
NA
NA
NA
NA
NA
NA
NA
NA
NA
NA
NA
NA
NA
NA
NA
NA
NA
NA
NA
NA
NA
NA
NA
NA
NA
NA
NA
NA
NA
NA
NA
NA
NA
NA
NA
NA
NA
NA
NA
NA
NA
NA
NA
NA
NA
NA
NA
NA
NA
NA
NA
NA
NA
NA
NA
NA
NA
NA
NA
NA
NA
NA
NA
NA
NA
NA
NA
NA
NA
NA
NA
NA
NA
NA
NA
NA
NA
NA
NA
NA
NA
NA
NA
NA
NA
NA
NA
NA
NA
NA
NA
NA
NA
NA
NA
NA
NA
NA
NA
NA
NA
NA
NA
NA
NA
NA
NA
NA
NA
NA
NA
NA
NA
NA
NA
NA
NA
NA
NA
NA
NA
NA
NA
NA
NA
NA
NA
NA
NA
NA
NA
NA
NA
NA
NA
NA
NA
NA
NA
NA
NA
NA
NA
NA
NA
NA
NA
NA
NA
NA
NA
NA
NA
NA
NA
NA
NA
NA
NA
NA
NA
NA
NA
NA
NA
NA
NA
NA
NA
NA
NA
NA
NA
NA
NA
NA
NA
NA
NA
NA
NA
NA
NA
NA
NA
NA
NA
NA
NA
NA
NA
NA
NA
NA
NA
NA
NA
NA
NA
NA
NA
NA
NA
NA
NA
NA
NA
NA
NA
NA
NA
NA
NA
NA
NA
NA
NA
NA
NA
NA
NA
NA
NA
NA
NA
NA
NA
NA
NA
NA
NA
NA
NA
NA
NA
NA
NA
NA
NA
NA
NA
NA
NA
NA
NA
NA
NA
NA
NA
NA
NA
NA
NA
NA
NA
NA
NA
NA
NA
NA
NA
NA
NA
NA
NA
NA
NA
NA
NA
NA
NA
NA
NA
NA
NA
NA
NA
NA
NA
NA
NA
NA
NA
NA
NA
NA
NA
NA
NA
NA
NA
NA
NA
NA
NA
NA
NA
NA
NA
NA
NA
NA
NA
NA
NA
NA
NA
NA
NA
NA
NA
NA
NA
NA
NA
NA
NA
NA
NA
NA
NA
NA
NA
NA
NA
NA
NA
NA
NA
NA
NA
NA
NA
NA
NA
NA
NA
NA
NA
NA
NA
NA
NA
NA
NA
NA
NA
NA
NA
NA
NA
NA
NA
NA
NA
NA
NA
NA
NA
NA
NA
NA
NA
NA
NA
NA
NA
NA
NA
NA
NA
NA
NA
NA
NA
NA
NA
NA
NA
NA
NA
NA
NA
NA
NA
NA
NA
NA
NA
NA
NA
NA
NA
NA
NA
NA
NA
NA
NA
NA
NA
NA
NA
NA
NA
NA
NA
NA
NA
NA
NA
NA
NA
NA
NA
NA
NA
NA
NA
NA
NA
NA
NA
NA
NA
NA
NA
NA
NA
NA
NA
NA
NA
NA
NA
NA
NA
NA
NA
NA
NA
NA
NA
NA
NA
NA
NA
NA
NA
NA
NA
NA
NA
NA
NA
NA
NA
NA
NA
NA
NA
NA
NA
NA
NA
NA
NA
NA
NA
NA
NA
NA
NA
NA
NA
NA
NA
NA
NA
NA
NA
NA
NA
NA
NA
NA
NA
NA
NA
NA
NA
NA
NA
NA
NA
NA
NA
NA
NA
NA
NA
NA
NA
NA
NA
NA
NA
NA
NA
NA
NA
NA
NA
NA
NA
NA
NA
NA
NA
NA
NA
NA
NA
NA
NA
NA
NA
NA
NA
NA
NA
NA
NA
NA
NA
NA
NA
NA
NA
NA
NA
NA
NA
NA
NA
NA
NA
NA
NA
NA
NA
NA
NA
NA
NA
NA
NA
NA
NA
NA
NA
NA
NA
NA
NA
0.5441
0.5968
0.3067
0.8333
0.5682
0.6984
0.6957
0.9254
0.6212
0.25
0.3548
0.6418
0.3766
0.4941
0.4853
0.381
0.6029
0.4848
0.589
0.3784
0.6477
0.4262
0.05
0.48
0.56
0.8305
0.5745
0.4598
0.6522
0.4932
0.4805
0.338
0.56
0.9643
0.56
0.4878
0.6167
0.3462
0.5753
0.5775
0.0412
0.3506
0.3178
0.274
0.4359
1.0308
0.6849
0.4565
0.8571
0.303
0.7903
0.8657
0.2826
0.5641
0.3438
0.2179
0.5811
0.3846
0.5
0.3059
0.7778
0.378
0.619
0.9189
0.5301
0.5507
0.2917
0.4384
0.7
0.8361
0.7818
0.5333
0.8806
0.2427
0.4051
1.16
0.4776
0.5244
0.4253
0.4545
0.5684
0.3708
0.2588
0.375
0.8889
0.3974
0.6951
0.4915
0.6329
0.5873
0.4524
0.3699
0.631
0.5972
0.2683
0.2388
0.4096
0.4675
0.6462
0.3846
0.7375
0.7031
0.56
0.4412
0.4105
0.4205
0.56
0.3053
0.5068
0.0336
0.427
0.4831
0.5893
0.434
0.5541
0.3441
0.76
0.2941
0.1707
0.6143
0.2551
0.55
0.5902
0.5059
0.7838
0.5
0.7097
0.5082
0.5287
0.7471
0.7302
0.6271
0.9661
0.3896
0.5634
0.8806
0.5658
0.2946
1.0682
0.4632
0.5312
0.6444
0.7465
0.4177
0.3833
0.4776
0.4024
0.8028
0.8684
0.3452
0.3467
0.6098
0.4356
0.2857
0.2809
0.76
0.3043
0.4933
0.6292
0.6119
0.4776
0.4744
0.2857
0.75
0.5942
0.5806
0.7612
0.4286
0.5
0.4328
0.7
0.6486
0.64
0.1294
0.3333
0.4952
0.5588
0.3571
0.4271
0.3692
0.2644
0.5893
0.6118
0.3647
0.8056
0.3837
0.5616
0.5057
0.25
0.6
0.4394
0.6
0.5278
0.4444
0.5062
0.3676
0.4868
0.6406
0.3333
0.0122
0.9643
0.6727
0.6974
0.5393
0.4321
0.3253
0.75
0.5
0.5692
0.8267
0.5556
0.4521
0.4203
0.2911
1.2
0.6098
0.5
0.6341
0.6724
0.3814
0.3563
0.3108
0.4177
0.4384
0.0345
0.5467
0.4355
0.7467
0.3736
0.4177
0.5897
1.1333
0.4598
0.4306
0.5593
0.211
0.8197
0.4868
0.4815
0.4574
0.7031
0.2558
0.6269
0.4848
0.9
0.1111
0.4583
0.2596
0.2969
0.3012
0.3578
0.5679
0.25
0.6
0.3462
0.7606
0.3939
0.4478
0.3375
0.4583
0.55
0.443
0.7321
0.2604
0.4154
0.597
0.7288
0.8193
0.4267
0.6182
0.3974
0.98
0.2447
0.4118
0.3333
0.3708
0.4359
0.3265
0.9492
0.475
1.0556
0.6087
0.6203
0.4286
0.4167
0.2766
0.6579
0.3656
0.2871
0.3617
0.3418
0.2105
0.5128
0.7714
0.4416
0.5658
0.7273
0.6508
0.7536
0.4815
0.4085
0.473
0.3855
0.791
0.8594
0.4821
0.2
0.4429
0.3023
0.3797
0.5616
0.3205
0.6143
0.2471
0.4133
0.622
0.7568
0.2875
0.9167
0.5395
0.6232
0.2099
0.6491
0.381
0.6567
0.4588
0.0583
0.4267
0.5426
0.3563
0.4058
0.8833
0.5231
0.5075
0.6
0.3919
0.403
0.7179
0.2468
0.3038
0.5263
0.2366
0.7458
0.6327
0.4156
0.8308
0.4627
0.1856
0.3529
0.6825
0.6301
0.2159
0.8033
0.4324
0.2927
0.2609
0.2316
0.8226
0.5333
0.4478
0.6774
0.4079
0.3619
0.3684
0.6833
0.4394
0.359
0.3968
0.6462
0.2105
0.4
0.5316
0.25
1.1042
0.3415
0.871
0.863
0.4557
0.8571
0.4667
0.44
1.0678
0.6885
0.589
0.5568
0.9107
0.3846
0.4328
1.1154
0.4769
0.9483
0.5806
0.6774
0.3333
0.5769
0.3404
0.375
0.5
0.5342
0.6923
0.4808
0.5052
0.2252
0.8909
0.5263
0.4805
0.0714
0.3571
0.5405
0.44
0.4468
0.5246
0.038
0.5067
0.5797
0.4407
0.4394
0.3333
1.16
0.3
0.4713
0.2805
0.275
0.5735
0.5676
0.7231
0.3302
0.4416
0.7286
0.7667
0.6324
0.5571
0.5349
0.3462
0.6857
0.4429
0.4
0.6508
0.3205
0.5526
0.3857
0.5
0.2812
0.5143
0.5543
0.2805
0.3971
0.4394
0.4407
0.5
0.6176
0.3378
0.6329
0.3151
0.3516
0.7273
0.5424
0.35
0.5
1.0217
0.2889
0.5067
0.8475
0.5882
0.8226
0.3981
0.697
0.3077
0.7541
0.5294
0.5
0.5432
0.3611
0.3714
0.4737
0.4605
0.5139
0.7647
0.3974
0.4384
0.3256
0.4688
0.6182
0.6724
0.3659
0.434
0.4714
0.4595
0.8421
0.3857
0.2299
0.3239
0.3294
0.3269
0.3402
0.5278
1.0462
0.4231
0.4286
0.2472
0.9492
0.2958
0.6056
0.9394
0.8302
0.2727
0.3793
0.3562
0.5424
0.4321
0.5568
0.6714
0.4062
0.4483
0.6727
0.5125
0.3553
0.4198
0.6119
0.3736
0.4384
0.3235
0.9677
0.5
0.3494
0.7313
0.5529
0.9811
0.4699
0.6264
0.5
0.7018
0.4058
0.0476
0.4598
0.6364
0.4405
0.4868
0.4648
0.3
0.4268
0.4125
0.233
0.7013
0.2755
0.7705
0.6951
0.2917
0.3571
0.4773
0.7246
0.6462
0.3474
0.0886
0.5
0.5397
0.4598
0.6538
0.5
0.2439
0.4853
0.4754
0.3796
0.4909
0.7903
0.5821
0.8696
0.2766
0.5
0.3898
0.3649
0.0349
0.4762
0.202
0.7344
0.4
0.3882
0.2603
0.5938
0.5352
0.5352
0.3974
0.4516
0.746
0.3718
0.918
0.7353
0.6173
0.6706
0.7101
0.4198
0.4
0.4179
0.6154
0.5606
0.4722
0.3763
0.5205
0.5732
0.5529
1.0357
0.8088
0.3889
0.2278
0.9273
0.4375
0.4217
0.2386
0.3636
0.4493
0.6176
0.4478
0.9273
0.4684
0.481
0.3188
0.3804
0.8852
0.3269
0.4658
0.3736
0.4286
0.3846
0.5484
0.5811
0.3333
0.2439
0.6226
0.2532
0.4571
0.3953
0.5846
0.4
0.8732
0.3882
0.5556
0.3077
0.3077
0.31
0.0706
0.5875
0.2976
0.4861
0.4909
0.4938
0.7692
0.4857
0.3306
0.1395
0.2568
0.4103
0.4697
0.425
0.5672
0.2941
0.4535
0.5556
0.4928
0.4583
0.297
0.0714
0.3182
0.6456
0.5152
0.7711
0.6984
0.6957
0.4091
0.4853
0.4118
0.5
0.5574
0.3875
0.8036
0.1625
0.2386
0.6349
0.5068
0.7627
0.8136
0.3636
0.52
0.6769
0.4265
0.4231
0.0784
0.5167
0.3222
0.0112
0.3053
0.4225
0.5694
0.5443
0.4203
0.4
0.494
0.4353
0.36
0.5714
0.8333
0.2889
0.4255
0.2658
0.4521
0.3731
0.1798
0.4118
0.4058
0.5143
0.3619
1.2391
0.4545
0.4146
0.9688
0.2947
0.4026
0.6349
0.4935
0.4787
0.8621
0.4667
1
0.5224
0.2989
0.9833
0.5125
0.6935
0.4857
0.5
0.4737
0.5909
0.3511
0.16
0.2874
0.5844
0.5632
0.5439
0.3333
0.3939
0.35
0.5652
0.6316
0.3333
0.4348
0.4342
0.9492
0.8286
0.5873
0.5
0.3516
0.5862
0.4819
0.4556
0.7077
0.5
0.3542
0.2386
0.6885
0.7294
0.5342
0.6552
0.5
0.4444
0.5976
0.4337
0.4545
0.641
0.5077
0.6429
0.407
0.9057
0.4706
0.4085
0.5067
0.7143
0.0549
0.3562
0.2179
0.5616
0.5
0.6667
0.5857
0.625
0.5429
0.5244
0.4444
0.473
0.2212
1.619
0.4066
0.5333
0.5366
0.32
1.3902
0.3398
0.3797
0.0521
0.4947
0.425
0.443
0.4658
0.7714
0.8
0.4933
0.4557
0.4756
0.6322
0.4762
0.9608
0.5395
0.3678
0.6986
0.4557
0.6
0.7188
0.26
0.7353
0.3086
0.4767
0.338
0.4494
0.4783
0.3721
0.6143
0.5455
0.623
0.2875
0.6184
0.527
0.6
0.4444
0.3521
0.5303
0.3636
0.4342
0.4524
0.3077
0.4925
0.4024
0.4521
0.3582
0.3896
0.4286
0.3117
0.1667
1.0154
0.5797
0.2987
0.4024
0.3012
0.3452
0.75
0.5663
0.7385
0.6436
0.3099
0.7191
0.5698
0.3833
0.7778
0.4932
0.5758
0.3241
0.383
1.2308
0.6456
0.6395
0.9403
0.4458
0.5
0.8333
0.3232
0.3077
0.5658
0.4512
0.3012
0.4118
0.4471
0.5781
0.4861
0.5278
0.5974
0.337
0.5405
0.3011
0.5769
1.0152
0.4352
0.4571
0.5714
0.7627
0.6712
0.5397
0.3765
0.5294
0.3958
1.0545
0.5211
0.241
0.6463
0.5135
0.4907
0.0633
0.5806
0.6338
0.5
0.6232
0.5949
0.4857
0.6667
0.6557
0.6471
0.5714
0.4848
0.9661
0.2603
0.4756
0.7463
0.1735
0.1939
0.6707
0.3229
0.7
0.6379
0.8148
0.5932
0.75
0.2917
0.6406
0.2804
0.5781
0.6111
1
0.2947
0.4643
0.4157
0.3947
0.5238
0.3924
0.6757
0.7067
0.1881
0.8043
0.375
0.4625
0.5116
0.4583
0.427
0.6842
0.4868
0.6613
0.3878
0.3176
0.3171
0.5672
0.6296
0.6267
0.4355
0.3523
0.439
0.5
0.6038
0.4386
0.4848
0.4677
0.5714
0.338
0.3196
0.75
0.3951
0.6216
0.4342
0.7246
0.6415
0.3529
0.3684
0.4375
0.4923
0.5574
0.5526
0.3889
0.7013
0.625
0.6849
0.2683
0.2979
0.3636
0.6456
0.2267
0.4267
0.5507
0.3371
0.4247
0.3108
0.6207
0.7547
0.3125
0.6
1.1304
0.9194
0.0235
0.5161
0.0116
0.7949
0.3933
0.5397
0.5652
0.0303
0.6212
0.25
0.3065
0.0215
0.3766
0.4118
0.0345
0.1124
0.5294
0.0641
0.5753
0.0116
0.5114
0.0571
0.3913
0.4533
0.5733
0.7931
0.4681
0.051
0.5797
0.0119
0.0556
0.2817
0.4667
0.875
0.48
0.0204
0.6667
0.3462
0.4658
0.044
0.1053
0.2593
0.3271
0.274
0.2963
0.0449
0.0306
0.2935
0.9464
0.2626
0.4265
0.0638
0.0097
0.5
0.3333
0.2436
0.0312
0.3297
0.3846
0.0211
0.7385
0.2805
0.0127
0.6316
0
0.5217
0.2708
0.4932
0.6066
0.0238
0.6727
0.033
0.8507
0.1553
0.0556
1.04
0.4925
0.4268
0
0.375
0.5579
0.0202
0.1882
0.325
0.7901
0.3846
0.3855
0.0135
0.5063
0.5714
0.4286
0.3919
0.5833
0.5139
0.2073
0.1618
0.2471
0.3896
0
0.2785
0.0093
0.8814
0.0532
0.3478
0.3158
0.2418
0.4
0.2737
0.0521
0.1982
0.0377
0.3371
0.0462
0.0325
0.0444
0.2473
0.64
0.2255
0.0588
0.7647
0.2347
0.5667
0.6557
0.019
0.6133
0.5
0.6129
0.459
0.5057
0.6667
0.6094
0.5763
0.7833
0.3766
0.4085
0.0562
0.5
0.2589
0.0952
0.3368
0.4154
0.0345
0.7042
0.3544
0.3
0.403
0.0412
0.6056
0.044
0.3095
0.3067
0.5488
0.0177
0.2958
0.1868
0.48
0.2688
0.473
0.0278
0.5821
0.5522
0.4359
0.2245
0.039
0.4783
0.3226
0.7206
0.2394
0.4219
0.3134
0.0845
0.6216
0.56
0.1059
0.2444
0.4667
0.5147
0.2857
0.0364
0.2923
0.1954
0.0294
0.0792
0.0435
0.7222
0.0316
0.5811
0.4023
0.2826
0.5846
0.4375
0.5385
0.4167
0.5079
0.3735
0.3676
0.4342
0.6875
0.0263
0.7833
0.0741
0.5455
0.6053
0.5169
0.3827
0.3253
0.5357
0.625
0.0921
0.0515
0.0444
0.3288
0.2609
0.2152
1.0492
0.0306
0.5
0.6341
0.6724
0.3196
0.2759
0.2973
0.3797
0.4521
0.3867
0.5467
0.4194
0.72
0.3846
0.443
0.0515
1.1
0.4253
0.4028
0.3729
0
0.0253
0.5132
0.4444
0.3191
0.3731
0.0532
0.5672
0.4394
0.7667
0.4
0.3425
0.2981
0.2031
0.3012
0.2661
0.0842
0.2857
0.5333
0.3291
0.6479
0.0087
0.4478
0.2625
0.4167
0.6026
0.3924
0.6429
0.25
0.0405
0.4925
0.661
0.2079
0.3067
0.4561
0.359
0.8
0.2128
0.3676
0.2879
0.0198
0.4103
0.0275
0.7619
0.1839
1.1111
0.5652
0.5443
0.3626
0.369
0.0297
0.5263
0
0.2277
0.3298
0.3671
0.1447
0.4615
0.8
0.3766
0.4868
0.0465
0.6508
0.0549
0.3827
0.4366
0.4054
0
0.0465
0.037
0.386
0.25
0.075
0.0417
0.2911
0.3973
0.2051
0.5429
0.0652
0.3733
0.2674
0.0417
0.3
0.0309
0
0.046
0.2593
0.4386
0.3529
0.0575
0.3882
0.3696
0.3247
0.1964
0.2414
0.4058
0.4
0.4615
0.3881
0.5
0.3108
0.403
0.5769
0.0595
0.2025
0.4342
0.049
0.3846
0.05
0.0115
0.7231
0.5075
0.1649
0.2941
0.5556
0.5753
0.2273
0.7213
0.3243
0.2439
0.0196
0.1735
0.0488
0.4762
0.0395
0.5238
0.0899
0.3524
0.4079
0.7667
0.1111
0.2821
0.0833
0.037
0.0315
0.0111
0.5696
0.2273
0.4483
0.2927
0.0122
0.8082
0
0.8095
0.45
0.0336
1.0169
0.541
0.473
0.4773
0.9643
0.0189
0.4627
1.0577
0.4308
0.7931
0.04
0.6452
0.3103
0.4937
0.0472
0.6667
0.4167
0.1047
0.6462
0.4423
0.4639
0.2778
0.7818
0.4744
0.4286
0.5068
0.0816
0.0366
0.0682
0.4787
0.026
0.2535
0.023
0.4638
0.0746
0.2879
0.0222
0.0385
0.2875
0.01
0.2073
0.2222
0.5
0.4459
0.5846
0.3302
0.0114
0.6286
0.65
0.0244
0.4
0.0196
0.359
0.5429
0.3714
0.4203
0.0779
0.3077
0.4868
0.0759
0.087
0.2292
0.4429
0.5761
0.2048
0.3235
0.3788
0.4237
0.5
0.5147
0.3243
0.0278
0.0349
0.2637
0.0526
0.4576
0.275
0.0538
0.9783
0.0404
0.44
0.0267
0.6176
0.0617
0.0231
0.1163
0.2615
0.1125
0.549
0.2674
0.6173
0.2361
0.4286
0.0211
0.5
0.3973
0.0345
0.4231
0.0112
0.0208
0.1268
0.5273
0.5254
0.3415
0.3585
0.3714
0.0588
0.7719
0.2857
0.0215
0.2222
0.2353
0.3173
0.2347
0.5694
0.0353
0.0105
0.4643
0.1798
0.7
0.3857
0.6197
0.8333
0.7925
0.2299
0.3448
0.3699
0.4032
0.4444
0.0088
0.6429
0.3077
0.4464
0.0811
0.5
0.4342
0.4198
0.0488
0.3297
0.411
0.038
0.8226
0.4286
0.0204
0.6418
0.0198
0.8113
0.4096
0.5714
0.04
0.0132
0.3188
0.0238
0.0673
0.6212
0.4167
0.5
0.4225
0.3125
0.3929
0.4
0.0273
0.0693
0.2245
0.0909
0.1237
0.2449
0.043
0.4091
0.6667
0.6308
0.3158
0.038
0.0581
0.4127
0.4598
0.0769
0.5
0.2073
0.3824
0.4426
0.3241
0.4545
0.7581
0.5075
0.5652
0.0374
0.4268
0.4576
0.3649
0.0698
0.0541
0.2449
0.3649
0.3286
0.3529
0.2329
0.4688
0.4507
0.5493
0.3462
0.3387
0.7097
0.0345
0.9836
0.6912
0.0417
0.6118
0.5507
0.358
0.3545
0.403
0.5897
0.4545
0.3611
0.0093
0.3973
0.561
0.4943
1.0357
0.7353
0.0366
0.0714
0.0132
0.4062
0.4512
0.2045
0.3737
0.4783
0.5672
0.3731
0.7455
0.4051
0.481
0.3333
0.2581
0.0366
0.2981
0.3425
0.3187
0.0575
0.3538
0.5269
0.4667
0.0526
0.2439
0.6
0.2532
0.3143
0.3837
0.0253
0.0455
0.7606
0.4048
0.6111
0.2418
0.1585
0.22
0.3205
0.5125
0.2771
0.0349
0.5091
0.0543
0.0211
0.038
0.2419
0.124
0.2133
0.0471
0.4242
0.3625
0
0.2353
0.3605
0.3333
0.3571
0.0259
0.2178
0.0238
0.303
0.475
0.1111
0.6988
0.5556
0.0261
0.3939
0.3382
0.3529
0.4754
0.541
0.2963
0.0685
0.5441
0.0408
0.1216
0.4247
0.7288
0.678
0.3523
0.4667
0.039
0.3478
0.4359
0.4186
0.4833
0.2778
0.3049
0.0288
0.3521
0.5694
0.4375
0.3143
0.3714
0.4699
0.07
0.28
0.0345
0.7833
0.2556
0.3936
0.1899
0.4658
0.2222
0.5135
0.2333
0
0.0345
0.2762
0.875
0.3788
0.2195
0.8906
0.2737
0.4156
0.4921
0.4935
0.5
0.7759
0.044
0.0825
0.4478
0.2759
0.0588
0.01
0.0241
0.4286
0.375
0.3895
0.0119
0.0185
0.0667
0.2414
0.0108
0.4598
0.5088
0.2262
0.3333
0.0448
0.5072
0.6316
0.2759
0.3478
0.3684
0.8814
0.7857
0.1053
0.4375
0.2747
0.0959
0.0303
0.0091
0.7077
0.3372
0.2917
0.1818
0.6393
0.0263
0.0787
0.6552
0.3529
0.5
0.5854
0.3494
0.0204
0.5513
0.3385
0.5595
0.0693
0.7736
0.4265
0.3239
0.0112
0.6857
0.011
0.3699
0.1923
0.0312
0.5541
0.6032
0.3662
0.4091
0.4857
0.0312
0.4286
0.0326
0.2745
1.2619
0.3407
0.0472
0.0421
0.0455
1.2195
0.2427
0.3165
0.3023
0.4062
0.1875
0.0215
0.2667
0.6286
0.0568
0
0.3375
0.4024
0.5517
0.3059
0.4655
0.4605
0.2299
0.4247
0.4051
0.378
0.6562
0.3
0.75
0.4
0.4302
0.338
0.0374
0.3913
0.3023
0.5571
0.44
0.039
0.0241
0.5789
0.44
0.4179
0.0254
0.3521
0.4
0.2987
0.4026
0.0842
0.3187
0.3284
0.2927
0.4384
0.3433
0.3766
0.3571
0.275
0.2121
0.7538
0.5652
0.4267
0.0217
0.2771
0.369
0.3896
0.0388
0.6154
0.4455
0.0506
0.037
0.3908
0.3167
0.6111
0.5068
0.5909
0.0165
0.3404
1.1154
0.0291
0.593
0.7761
0.3976
0.439
0.0513
0.2626
0.0972
0.4103
0.3902
0.2771
0.4
0.3529
0.5077
0.4167
0.4167
0.4051
0.0312
0.0316
0.2258
0.0652
0.9242
0.0078
0.0127
0.5571
0.7288
0.033
0.0513
0.0099
0.4853
0.2812
0.0263
0.5352
0.1724
0.5854
0.4865
0.0234
0.2466
0.4839
0.0115
0.3667
0.6232
0.5063
0.4143
0.6061
0.5738
0.4058
0.5143
0.4545
0.0602
0.0641
0.0426
0.4783
0.0189
0.0192
0.5854
0.2653
0.6
0.5
0.7593
0.1846
0.6429
0.2535
0.625
0.0083
0.5938
0.0111
0.1094
0.3158
0.0204
0.0303
0.3733
0.4762
0.3291
0.0106
0.5921
0.0283
0.0968
0.3594
0.3375
0.4651
0.4444
0.3034
0.0316
0.2763
0.629
0.3571
0.1765
0.0333
0.4776
0.5926
0.0108
0.4516
0.0189
0.3171
0.4737
0.6038
0.4211
0.027
0.4355
0.0085
0.2958
0.3608
0.5278
0.4444
0.0449
0.4079
0.6812
0.4182
0.2588
0.4342
0.0645
0.4154
0.4918
0.3421
0.3333
0.0198
0.5455
0.0337
0.2073
0.0098
0.3864
0.0099
0.24
0.0112
0.5652
0.2584
0.3288
0.2838
0.5517
0.7736
0.2375
0.0538
1
0.8226
0.5147
0.025
0.0349
0.009
0.0097
0.039
0.0455
0.0404
0.0345
0.0588
0.0278
0.0538
0.0333
0.0208
0.046
0.0337
0.5294
0.0385
0.0526
0.0116
0.0089
0.0714
0.075
0.4133
0.0208
0.0375
0.0177
0.0306
0.6232
0.0595
0.0222
0.0513
0.0455
0.0488
0.0112
0
0.0135
0.0222
0
0.011
0.0619
0.0465
0.0081
0.038
0.2716
0.0112
0.0102
0.0196
0.038
0.027
0.0988
0.6765
0.0388
0.011
0.028
0
0.0104
0.0714
0.4103
0.0105
0.0341
0.0543
0
0.0196
0.0211
0.0706
0.0291
0.0217
0.1316
0.0119
0.0455
0.044
0.0116
0.0459
0.0556
0.0405
0.0256
0.439
0.0208
0.0291
0.042
0.0202
0.0879
0.3
0.0508
0.359
0.051
0.027
0.0208
0.0519
0.0099
0.0476
0.5119
0.0108
0.0455
0.0556
0
0.0543
0.046
0.0337
0.0093
0.0235
0.0213
0.5
0.0278
0.0404
0.0116
0.028
0.0208
0.042
0.0283
0.0588
0.0615
0.0081
0.0444
0.028
0.0208
0.0171
0.0235
0.0227
0.2041
0.039
0.5246
0.019
0.5946
0.0568
0.7419
0.0429
0.4713
0
0.0595
0.0811
0.8
0.0233
0.0235
0.0225
0.4605
0
0.0635
0.0545
0.0667
0.0345
0.0341
0.0217
0.2667
0.0494
0.0206
0.0353
0
0.011
0.0723
0.0278
0.0265
0.0253
0.0202
0.011
0.0187
0.011
0.0463
0.0238
0.0375
0.4231
0.0541
0.026
0.0238
0.0435
0.0455
0.0375
0.039
0.0533
0.0563
0.01
0.0879
0.0349
0.2222
0.0163
0.0119
0.0215
0.0182
0.0139
0.0316
0.0294
0.0198
0.0652
0.0408
0.2727
0.0556
0.0288
0.0583
0.0247
0.027
0.0235
0.0244
0.0769
0.0211
0.0556
0.0114
0.0353
0.0132
0.0122
0.0247
0.058
0.1758
0.0472
0.022
0.0435
0.0571
0.0133
0.0526
0.0309
0.0222
0.0843
0.0263
0.0595
0.0361
0.5244
0.0297
0.6829
0.0263
0.0175
0.0521
0.038
0.0435
0.0595
0.0345
0.0449
0.0411
0
0.0288
0.0625
0.0309
0.0337
0.0495
0.0575
0.029
0
0
0
0.0421
0.0377
0.0513
0.0319
0.1013
0.026
0.0845
0.0549
0.0488
0.0087
0.2344
0.0225
0.0323
0.0316
0.25
0.0309
0.0575
0.0333
0.3636
0.4627
0.3
0.061
0.049
0.0233
0.0714
0.2708
0.027
0.5224
0.0135
0.0189
0.0235
0.029
0.0575
0.0143
0.0196
0.3333
0.0274
0.0297
0.0227
0.0092
0.046
0.0109
0.0127
0.4857
0.05
0.0189
0.0505
0.0099
0.0105
0.028
0.0088
0.0283
0.0323
0.0361
0.0722
0.7571
0.0465
0.5132
0.0465
0
0.033
0.3704
0.0233
0.4324
0.0306
0.6567
0.0247
0.0328
0.2375
0.1486
0.0312
0.0222
0.0568
0.0349
0.037
0.0435
0.4133
0.0102
0.0625
0.0222
0.0206
0.0333
0.0345
0.0112
0.0597
0.3412
0.5075
0.0388
0.1078
0.0341
0.0242
0.0421
0.0128
0.4
0.0395
0.038
0.0435
0.0341
0.0127
0.0204
0.0595
0.0444
0.0326
0.049
0.0405
0.0333
0.023
0.0215
0.0575
0.0198
0.2824
0.0133
0.0941
0.0309
0.08
0.0233
0.033
0.0098
0.0392
0.1579
0.015
0.0526
0.4921
0.0225
0.0342
0.0964
0.0247
0.4242
0.0575
0.0556
0.0247
0.0236
0.0111
0.0693
0.0404
0.0435
0.0341
0.0488
0.1196
0.0449
0.0241
0.0133
0.0336
0.0562
0.0649
0.5
0.027
0.0244
0.0094
0.4328
0.05
0.0411
0.7931
0.5323
0.6613
0.0521
0.049
0.0566
0.0217
0.0194
0.0698
0.0238
0.0331
0.0339
0.25
0.0139
0.0341
0.4156
0.5068
0.051
0.0488
0.0568
0.0278
0.013
0.0633
0.046
0.0617
0.0746
0.0423
0.0333
0.0128
0.0659
0.04
0.0353
0.2125
0.5294
0.046
0.0494
0.0417
0.0227
0.023
0.1081
0.0366
0.05
0.0588
0.0421
0.0116
0.025
0.0125
0.0779
0.0115
0.0309
0.0506
0.0978
0.0476
0.0122
0.0435
0.0326
0.0128
0.0263
0.0758
0
0.0476
0.012
0.0463
0.0814
0.2637
0.0263
0.0986
0.0667
0.0323
0.0147
0.0404
0
0.04
0.0723
0.0864
0.0077
0.0698
0.0685
0.025
0.0625
0.0202
0.0485
0.0127
0.05
0.4103
0.3684
0.0482
0.023
0.0575
0.3699
0.0208
0.0556
0.0758
0.0145
0.043
0.3774
0.025
0.0235
0.2239
0.0506
0.1149
0.0125
0.0211
0.0354
0.0189
0
0.0235
0.0211
0.0303
0
0.0519
0.3099
0.0538
0.8485
0.058
0.0213
0.0202
0.0476
0
0.0309
0.0354
0.0316
0.0714
0.058
0.027
0.0918
0.0471
0.0213
0
0.0392
0.023
0.0506
0.0361
0.0633
0.0204
0.037
0.0099
0.9057
0.4217
0.036
0.01
0.0658
0
0.0238
0.0673
0.0706
0.0189
0.0435
0
0.0333
0.0515
0.022
0.0364
0.0396
0.019
0.0519
0.0196
0.0561
0.0968
0.375
0.0115
0.5538
0.0183
0.038
0.0465
0.039
0.0101
0.0923
0.4714
0.0345
0.0256
0.0972
0.0323
0.0469
0.037
0.0256
0.0241
0.0467
0.4268
0.058
0.3243
0.1163
0.0811
0.0642
0.0233
0.3
0.04
0.0253
0.0375
0.0568
0.0476
0.0114
0.3871
0
0.0575
0.1687
0.0769
0.0521
0.0179
0.5507
0
0
0
0.03
0.0244
0.375
0.2632
0.4247
0.0192
0.0192
0.0625
0.0319
0.0488
0.0119
0.0526
0.0973
0.4268
0.0104
0.0357
0.0119
0.0123
0
0.0769
0.0326
0.0532
0.2754
0.0476
0.0366
0.0172
0.0115
0.3187
0.0115
0.0676
0.0619
0.0667
0.0211
0.0575
0.3387
0.0233
0.2958
0.0097
0.0253
0.0182
0.0521
0.0196
0.0116
0.0204
0.0341
0.0439
0.3333
0.55
0.0842
0.0116
0.0746
0.0543
0.0737
0.0633
0.0229
0.0292
0.0385
0.0118
0.0133
0.0323
0.061
0.013
0.043
0.061
0.0633
0.0345
0.0268
0.0714
0.0822
0.0412
0.0617
0.0278
0.619
0.4787
0.0132
0.026
0.0125
0.0563
0.541
0.033
0.0137
0.0714
0.0204
0.0526
0.0543
0.0411
0.0519
0.4318
0.0341
0.039
0.3881
0.0341
0.0392
0.0135
0.3111
0.0225
0.0385
0.3239
0.0341
0.0104
0.0519
0
0.0686
0.05
0.2933
0.0345
0.0247
0.0309
0.0485
0.0795
0.0455
0.0256
0.0515
0.3765
0.0617
0.0345
0.0254
0.0141
0.0375
0.0319
0.0316
0.0095
0.4156
0.0423
0.0612
0.0246
0.0886
0.044
0.0515
0
0.0421
0.0353
0.02
0.0723
0.0366
0.0694
0.055
0.0357
0.0093
0.0377
0.1667
0.0538
0.0686
0.0141
0.0455
0.037
0.0448
0.0235
0.0619
0.0396
0.0122
0.0333
0.0602
0.0102
0.0526
0.0337
0.0385
0.0548
0.0202
0.0273
0.0556
0.0098
0.3125
0.0106
0
0.0175
0.0449
0.0441
0
0.0824
0.0309
0
0.0306
0.0319
0.0274
0.0374
0.0686
0.0725
0.3676
0.04
0.4267
0.6
0.044
0.3288
0.0366
0
0.4459
0.0375
0.0482
0.04
0.0449
0.0104
0.0959
0.0217
0.2308
0.0822
0.04
0.0377
0
0.0455
0.0462
0.0268
0.0111
0.0515
0.0459
0.0114
0.043
0.0723
0.0222
0.0114
0.022
0.011
0.0101
0.0092
0.0594
0.0758
0.033
0.0105
0.0471
0.0674
0.0206
0.0357
0.0926
0.8382
0.2716
0.2447
0.0345
0.0374
0.038
0.0538
0.5429
0.44
0.026
0.0602
0.0211
0.4533
0.0513
0.0085
0.0247
0.0127
0.3289
0.0323
0.0421
0.019
0.0263
0.0435
0.0482
0.0267
0.3506
0.012
0.033
0.0381
0.0549
0
0.0465
0.0109
0.0323
0.2874
0.022
0.0194
0.7077
0.0259
0.0127
0.037
0.0505
0.0448
0.0896
0.0349
0.0488
0.0413
0.018
0.0843
0.0291
0.5
0.7463
0.0526
0.0208
0.0128
0.2323
0.0694
0.4103
0.0196
0.0225
0.0206
0.0532
0.0641
0.0659
0.0116
0.1798
0.0417
0.0211
0.0297
0.4103
0.8636
0.0078
0.0253
0.0114
0
0.022
0.0256
0.0495
0
0.018
0.0526
0.493
0.0217
0.0096
0.4865
0.0312
0.0253
0.013
0.023
0.0189
0.0114
0.0211
0.0241
0
0.0519
0.4058
0.0345
0.05
0.0241
0.0385
0.0106
0.0115
0.066
0.0385
0.0388
0.1553
0.5714
0.0417
0.0405
0.2
0.6964
0.0253
0.0476
0
0.1053
0.0333
0.766
0.0354
0.0306
0.236
0.0361
0.1154
0.087
0
0.5658
0.0283
0.0645
0.0822
0
0.0286
0.4167
0.0198
0.0421
0.0235
0.04
0.0086
0.2
0
0
0.0099
0.0108
0.0423
0.0472
0.0337
0.4474
0.125
0.0923
0.0405
0.027
0.5204
0.0353
0.3299
0.0449
0.0206
0.0449
0.2125
0.0337
0.082
0.0515
0.3421
0.0215
0.0909
0.058
0.046
0.4028
0.0099
0.0377
0.0562
0.2317
0.0294
0.0404
0.0198
0.0123
0.0337
0.0449
0.0098
0.0476
0.2973
0.0658
0.0145
0.0588
0.0323
0.0563
0.8871
