x
0.3522
0.3376
0.3545
0.3609
0.3541
0.3541
0.3704
0.3389
0.3362
0.3728
0.3502
0.3614
0.3607
0.3655
0.3593
0.3423
0.3538
0.3376
0.3841
0.3399
0.3651
0.3574
0.3531
0.3456
0.3441
0.3548
0.3729
0.3641
0.3565
0.3447
0.3532
0.3604
0.3464
0.3582
0.3372
0.3591
0.3461
0.3786
0.3517
0.3537
0.353
0.3591
0.3309
0.3566
0.3744
0.3588
0.3618
0.3515
0.3674
0.3535
0.3727
0.3678
0.3243
0.3425
0.3454
0.3289
0.3657
0.3662
0.3256
0.3466
0.3341
0.3511
0.3264
0.3503
0.3419
0.3563
0.3582
0.3658
0.3768
0.3368
0.3523
0.3504
0.3592
0.3349
0.3526
0.3573
0.3624
0.3341
0.328
0.3348
0.3617
0.3514
0.3503
0.3704
0.3607
0.3624
0.3394
0.3475
0.3483
0.3869
0.3611
0.3742
0.3676
0.3723
0.3728
0.3538
0.3255
0.3531
0.3716
0.3515
0.3411
0.3459
0.3446
0.3652
0.3438
0.3529
0.3435
0.3699
0.3514
0.335
0.3492
0.3578
0.3558
0.3636
0.3739
0.3665
0.3528
0.3587
0.3513
0.3635
0.3628
0.3373
0.3561
0.3456
0.3716
0.3475
0.3629
0.3446
0.3593
0.3541
0.3494
0.3491
0.3349
0.3631
0.3608
0.3804
0.3612
0.3658
0.3644
0.3641
0.3503
0.3506
0.3414
0.3666
0.3635
0.3521
0.3579
0.361
0.3608
0.3532
0.3618
0.3583
0.3606
0.3683
0.3481
0.3534
0.374
0.3729
0.3545
0.3599
0.359
0.3615
0.3672
0.36
0.3743
0.3578
0.3586
0.3313
0.3486
0.3344
0.3405
0.3471
0.3605
0.3423
0.3524
0.3808
0.3513
0.3749
0.3438
0.3571
0.3499
0.3561
0.366
0.3425
0.3687
0.3443
0.3546
0.3237
0.3594
0.3736
0.3621
0.3578
0.3466
0.3627
0.3648
0.3473
0.3635
0.3547
0.3485
0.3662
0.3428
0.3558
0.3486
0.3527
0.3703
0.3549
0.3422
0.3426
0.3302
0.3423
0.3212
0.355
0.3635
0.3596
0.3755
0.3434
0.3447
0.3529
0.3531
0.3508
0.3709
0.3508
0.3269
0.3814
0.3497
0.3572
0.3511
0.3709
0.3428
0.3519
0.3529
0.3599
0.3546
0.3436
0.3434
0.35
0.3471
0.3471
0.3501
0.3597
0.3556
0.3426
0.3376
0.3722
0.3659
0.3515
0.362
0.358
0.3722
0.3542
0.3327
0.3539
0.3649
0.3704
0.3531
0.3766
0.3615
0.3497
0.3791
0.3583
0.3314
0.3531
0.3741
0.3809
0.3594
0.3491
0.3614
0.3466
0.3557
0.3571
0.3694
0.3651
0.3676
0.3615
0.3374
0.3546
0.3716
0.3629
0.3746
0.3655
0.367
0.3517
0.3552
0.3318
0.3444
0.3535
0.357
0.3661
0.3572
0.374
0.3514
0.3352
0.3589
0.3429
0.3445
0.3721
0.3772
0.3603
0.3577
0.3429
0.3691
0.3643
0.358
0.3623
0.361
0.3706
0.3528
0.3669
0.3634
0.3558
0.3558
0.3676
0.384
0.362
0.359
0.3471
0.3427
0.3355
0.3676
0.3534
0.3374
0.3392
0.3717
0.3389
0.3649
0.3362
0.3485
0.3733
0.3371
0.3595
0.3553
0.3512
0.3353
0.3083
0.3661
0.3479
0.3537
0.3395
0.3323
0.3636
0.3629
0.3442
0.3554
0.3701
0.3567
0.3719
0.3649
0.3462
0.3617
0.3451
0.3534
0.3411
0.3559
0.3662
0.3605
0.3655
0.3522
0.3628
0.3633
0.3649
0.3584
0.3569
0.3477
0.3484
0.3635
0.3715
0.3469
0.364
0.3555
0.3586
0.347
0.3521
0.3917
0.3648
0.3406
0.3669
0.3719
0.3521
0.326
0.3555
0.3515
0.353
0.3675
0.3648
0.3351
0.3414
0.3621
0.3385
0.3459
0.3406
0.3108
0.3495
0.3578
0.3447
0.3699
0.358
0.3643
0.3543
0.3582
0.3716
0.335
0.3686
0.3494
0.3567
0.3636
0.3511
0.3607
0.3598
0.3589
0.3371
0.3273
0.3449
0.3688
0.3707
0.3529
0.3713
0.3479
0.3474
0.3701
0.3543
0.3493
0.3591
0.3476
0.3563
0.3645
0.3656
0.3735
0.3597
0.3729
0.3588
0.3579
0.3269
0.3653
0.3506
0.3586
0.359
0.3483
0.3481
0.3545
0.3432
0.3582
0.3633
0.3486
0.3697
0.3779
0.3653
0.3466
0.3334
0.3507
0.3626
0.3356
0.3598
0.3513
0.3405
0.359
0.3586
0.349
0.346
0.3602
0.3562
0.3489
0.3403
0.3628
0.3689
0.3431
0.3598
0.3517
0.3667
0.358
0.3466
0.354
0.3507
0.3526
0.3648
0.3612
0.3771
0.3556
0.356
0.357
0.3508
0.3539
0.369
0.3716
0.3478
0.3474
0.3735
0.3562
0.3514
0.3698
0.3572
0.3292
0.3649
0.3731
0.3585
0.3542
0.342
0.3342
0.3675
0.3543
0.3756
0.3762
0.3449
0.3674
0.3397
0.3676
0.3695
0.3721
0.3408
0.3659
0.349
0.3484
0.3512
0.3545
0.3419
0.3546
0.3459
0.366
0.3527
0.3504
0.3647
0.3376
0.3602
0.3528
0.343
0.3585
0.3439
0.3635
0.3402
0.3337
0.37
0.3526
0.36
0.3675
0.3589
0.3425
0.3614
0.3675
0.3784
0.3639
0.3814
0.36
0.3566
0.3597
0.3525
0.3623
0.3485
0.3731
0.3317
0.3723
0.3661
0.3304
0.3747
0.3596
0.367
0.3626
0.3497
0.347
0.357
0.3627
0.3723
0.3583
0.3794
0.354
0.3692
0.3491
0.3692
0.3596
0.3429
0.3681
0.3426
0.342
0.3352
0.3506
0.351
0.3585
0.3618
0.3676
0.3639
0.3517
0.363
0.3636
0.3345
0.3574
0.3529
0.3603
0.34
0.3721
0.3657
0.3493
0.3524
0.3333
0.3606
0.3605
0.3538
0.3548
0.3567
0.3645
0.334
0.3642
0.365
0.3518
0.353
0.355
0.3743
0.3463
0.332
0.3684
0.3551
0.3654
0.3697
0.3704
0.3616
0.3601
0.3787
0.3437
0.3551
0.3379
0.3419
0.3511
0.3488
0.3628
0.342
0.3496
0.3577
0.36
0.3461
0.3634
0.3531
0.3653
0.3712
0.3489
0.372
0.3635
0.3557
0.3576
0.3541
0.3563
0.3645
0.356
0.3695
0.35
0.3655
0.3544
0.3447
0.348
0.359
0.3452
0.3428
0.355
0.3659
0.3508
0.3598
0.3419
0.3451
0.3512
0.3635
0.3531
0.3368
0.3724
0.3524
0.3668
0.3472
0.3664
0.3546
0.3626
0.3586
0.3775
0.3591
0.3513
0.3496
0.3397
0.3689
0.3543
0.351
0.3412
0.3595
0.3374
0.3663
0.3617
0.3461
0.3754
0.3335
0.3628
0.3679
0.3654
0.3532
0.3613
0.3696
0.3259
0.3566
0.3562
0.3606
0.3689
0.3701
0.3452
0.3455
0.3625
0.3507
0.3717
0.3497
0.3693
0.3558
0.35
0.3641
0.3349
0.3579
0.3792
0.3416
0.3521
0.3668
0.3569
0.3624
0.365
0.3418
0.3718
0.345
0.3543
0.3539
0.3383
0.3694
0.3637
0.3516
0.3504
0.3674
0.3363
0.3382
0.3519
0.365
0.3628
0.3419
0.3579
0.3582
0.3688
0.3469
0.3485
0.3491
0.3598
0.3565
0.3698
0.3551
0.3603
0.3419
0.3481
0.3639
0.3689
0.3393
0.3591
0.346
0.3557
0.3746
0.3715
0.3691
0.3585
0.3678
0.347
0.3476
0.3489
0.358
0.358
0.3525
0.3559
0.3848
0.3663
0.3484
0.3588
0.371
0.3495
0.3384
0.3756
0.3564
0.3557
0.3542
0.3407
0.3511
0.347
0.3595
0.3528
0.3604
0.3459
0.3583
0.3524
0.3384
0.3571
0.372
0.3712
0.3564
0.3567
0.3477
0.3606
0.3589
0.3625
0.373
0.3405
0.35
0.3622
0.3699
0.3612
0.377
0.3599
0.3754
0.3246
0.3514
0.3674
0.3479
0.3577
0.3721
0.3301
0.3511
0.324
0.3453
0.3726
0.33
0.3543
0.34
0.334
0.3434
0.3508
0.3714
0.3398
0.3501
0.3622
0.3679
0.3403
0.3425
0.3501
0.364
0.3567
0.3446
0.3668
0.3629
0.3629
0.3644
0.3493
0.3746
0.3516
0.3484
0.3464
0.3561
0.3545
0.3514
0.3573
0.3713
0.3495
0.3318
0.3324
0.3612
0.3596
0.3522
0.369
0.3554
0.3583
0.3642
0.3583
0.3561
0.3725
0.3515
0.3689
0.3434
0.3533
0.3741
0.3553
0.3632
0.3465
0.3537
0.3532
0.3581
0.355
0.344
0.3483
0.3682
0.3705
0.3654
0.3382
0.3482
0.3753
0.352
0.3504
0.3699
0.3666
0.3332
0.3227
0.3694
0.3598
0.3363
0.3566
0.3633
0.3676
0.3541
0.3589
0.3554
0.3594
0.3481
0.3774
0.3376
0.3518
0.3581
0.3566
0.3478
0.3529
0.3689
0.3649
0.338
0.353
0.3593
0.3642
0.3293
0.3542
0.3586
0.3591
0.3501
0.3598
0.366
0.3514
0.3699
0.36
0.3705
0.3642
0.3626
0.3614
0.3548
0.3606
0.3701
0.3555
0.3616
0.3575
0.3543
0.3254
0.3568
0.3324
0.3544
0.3629
0.3291
0.3645
0.3565
0.3752
0.3373
0.3429
0.357
0.3756
0.3548
0.3531
0.3383
0.3592
0.3607
0.3642
0.3624
0.3561
0.3585
0.3663
0.3697
0.3363
0.3607
0.3432
0.3591
0.3718
0.3381
0.357
0.3414
0.3677
0.3516
0.3441
0.3589
0.354
0.3588
0.3327
0.3634
0.3716
0.3679
0.3629
0.3513
0.3661
0.3462
0.3559
0.3579
0.3537
0.3548
0.3462
0.3599
0.3662
0.3663
0.3323
0.3651
0.3524
0.3561
0.348
0.3674
0.3551
0.3777
0.3631
0.3549
0.3591
0.3631
0.3427
0.3476
0.3665
0.3473
0.3592
0.3578
0.3481
0.3516
0.3533
0.3385
0.3565
0.3595
0.3592
0.3628
0.3713
0.336
0.3329
0.367
0.3491
0.3595
0.3647
0.3677
0.3603
0.3482
0.3568
0.337
0.3852
0.3322
0.3667
0.3515
0.3495
0.3459
0.3428
0.351
0.3736
0.3648
0.3665
0.339
0.3531
0.3673
0.3454
0.3606
0.3369
0.3598
0.3528
0.3811
0.3535
0.3569
0.3522
0.3563
0.335
0.3586
0.3563
0.364
0.3558
0.3506
0.3667
0.3583
0.3784
0.3635
0.3346
0.3466
0.3516
0.329
0.3681
0.3638
0.332
0.3484
0.3346
0.3522
0.3232
0.34
0.3457
0.3636
0.3626
0.3663
0.3707
0.339
0.3492
0.363
0.3565
0.3383
0.351
0.3568
0.3638
0.3474
0.3233
0.3233
0.361
0.3578
0.3514
0.3743
0.3689
0.3626
0.3428
0.3472
0.3563
0.3851
0.3628
0.3724
0.3696
0.3782
0.3768
0.3489
0.3235
0.3483
0.3701
0.3531
0.3366
0.3512
0.3439
0.367
0.346
0.3505
0.3457
0.3729
0.3493
0.3336
0.3467
0.3558
0.3659
0.3684
0.3775
0.3629
0.3554
0.3546
0.3463
0.3569
0.3676
0.3362
0.3566
0.3432
0.3735
0.3536
0.3599
0.3477
0.3595
0.3606
0.3599
0.35
0.3316
0.3676
0.362
0.3802
0.3662
0.3692
0.3716
0.3639
0.36
0.3569
0.3392
0.3666
0.3665
0.3479
0.3506
0.3649
0.3638
0.3493
0.3674
0.3579
0.3651
0.3718
0.3575
0.3533
0.3762
0.3753
0.3545
0.3606
0.3574
0.3596
0.3657
0.3636
0.3714
0.3614
0.3717
0.329
0.3527
0.3328
0.3416
0.3502
0.3572
0.3408
0.3566
0.3834
0.3583
0.3752
0.3477
0.3572
0.3466
0.3614
0.3692
0.3525
0.3709
0.3447
0.3574
0.3192
0.3611
0.3791
0.3621
0.352
0.347
0.3575
0.3716
0.351
0.3627
0.3571
0.3709
0.3741
0.3339
0.3562
0.354
0.3656
0.3672
0.3555
0.3398
0.3421
0.3384
0.3375
0.3201
0.3452
0.375
0.3585
0.3905
0.3441
0.3477
0.3591
0.3547
0.352
0.3797
0.3533
0.3241
0.3829
0.3591
0.3737
0.3509
0.371
0.3476
0.3558
0.3534
0.3632
0.3592
0.3535
0.3423
0.3486
0.3454
0.3391
0.3461
0.3613
0.3593
0.343
0.3352
0.3692
0.3656
0.3671
0.3626
0.3623
0.3731
0.3549
0.3271
0.3543
0.3682
0.3706
0.3553
0.3828
0.3631
0.3482
0.3821
0.3677
0.3529
0.356
0.3754
0.3784
0.36
0.3445
0.3611
0.344
0.3531
0.3609
0.3681
0.3716
0.3684
0.3669
0.3383
0.3543
0.3771
0.3621
0.3748
0.3553
0.3745
0.3552
0.3607
0.3307
0.3436
0.356
0.3717
0.3676
0.3567
0.3794
0.3549
0.3394
0.3603
0.3401
0.3451
0.3747
0.379
0.3649
0.3633
0.347
0.3676
0.3656
0.3578
0.3646
0.3594
0.3719
0.3574
0.3677
0.3679
0.3535
0.3619
0.3658
0.3805
0.3636
0.3532
0.3337
0.3388
0.3272
0.3698
0.3531
0.3376
0.3408
0.3725
0.3368
0.3741
0.3355
0.3626
0.3735
0.3375
0.36
0.3572
0.3508
0.3306
0.3126
0.3686
0.3459
0.3492
0.3377
0.3291
0.3686
0.3676
0.3462
0.354
0.3706
0.3622
0.3738
0.3721
0.3412
0.3661
0.3434
0.3882
0.3393
0.3622
0.3718
0.3662
0.3752
0.3521
0.3713
0.3619
0.3681
0.3615
0.3594
0.3775
0.3495
0.3694
0.3675
0.3388
0.3679
0.36
0.3639
0.3483
0.355
0.3939
0.3665
0.3482
0.3679
0.3707
0.357
0.3244
0.3513
0.3529
0.3547
0.3657
0.3652
0.3427
0.3357
0.3651
0.3555
0.3432
0.3469
0.3039
0.3426
0.3558
0.3441
0.3737
0.3723
0.364
0.3605
0.3488
0.3659
0.3378
0.3736
0.3466
0.3613
0.3645
0.347
0.3613
0.3611
0.3645
0.3296
0.3313
0.3464
0.368
0.37
0.3485
0.3723
0.3471
0.3467
0.3681
0.3441
0.3518
0.3614
0.3518
0.3626
0.3622
0.3716
0.3725
0.3539
0.3761
0.3631
0.3606
0.3279
0.3598
0.354
0.3586
0.3553
0.3506
0.3481
0.3544
0.3454
0.3557
0.3625
0.3485
0.371
0.3743
0.3682
0.3463
0.3341
0.3511
0.3724
0.3343
0.3556
0.3573
0.3406
0.3599
0.3577
0.3546
0.3514
0.3649
0.3659
0.3399
0.3421
0.3643
0.3711
0.3387
0.3609
0.353
0.3738
0.358
0.345
0.3571
0.3524
0.3501
0.3653
0.3624
0.3732
0.3614
0.3543
0.3592
0.354
0.3515
0.3686
0.3728
0.3477
0.345
0.3756
0.3527
0.3523
0.3711
0.3555
0.3354
0.371
0.3687
0.3503
0.3486
0.3421
0.3363
0.3703
0.3563
0.3773
0.3808
0.3511
0.3528
0.3416
0.362
0.3708
0.3695
0.3436
0.3682
0.3532
0.3499
0.3504
0.3595
0.3396
0.3622
0.3451
0.3672
0.3529
0.3497
0.3576
0.3372
0.3649
0.3644
0.3436
0.3609
0.3455
0.3604
0.3498
0.3343
0.377
0.352
0.3596
0.3669
0.3581
0.3459
0.3668
0.366
0.3835
0.3621
0.382
0.3633
0.3584
0.356
0.3523
0.3475
0.3541
0.3824
0.3413
0.3687
0.3715
0.3318
0.3753
0.3558
0.3653
0.3681
0.3507
0.3461
0.355
0.3631
0.3705
0.3665
0.3823
0.3603
0.3698
0.3454
0.3694
0.3576
0.345
0.3697
0.3437
0.3448
0.3358
0.3547
0.3529
0.3542
0.3574
0.3622
0.3556
0.3549
0.3713
0.364
0.3338
0.3602
0.3538
0.3572
0.3405
0.3608
0.3634
0.3487
0.3568
0.3315
0.3618
0.362
0.3728
0.3662
0.3603
0.3693
0.331
0.3668
0.3652
0.356
0.3578
0.353
0.3735
0.3418
0.3306
0.3608
0.3571
0.366
0.3714
0.3761
0.3607
0.3566
0.3803
0.3392
0.3563
0.3421
0.3414
0.3516
0.3496
0.3596
0.3419
0.3499
0.3538
0.3606
0.3418
0.3722
0.3622
0.366
0.3724
0.3442
0.3788
0.3699
0.3423
0.368
0.3577
0.3534
0.3663
0.3617
0.3763
0.3462
0.378
0.3516
0.3506
0.3546
0.3586
0.3497
0.3421
0.3546
0.3703
0.3487
0.3629
0.3357
0.3414
0.3573
0.3646
0.3577
0.335
0.3725
0.3504
0.3647
0.3469
0.3694
0.3607
0.3653
0.3589
0.3789
0.3581
0.3572
0.3515
0.3458
0.3697
0.3586
0.3544
0.3458
0.367
0.3415
0.3705
0.3683
0.3453
0.3799
0.3323
0.3616
0.3695
0.3709
0.3534
0.3598
0.3702
0.3256
0.3575
0.3576
0.3586
0.3836
0.374
0.3454
0.3426
0.3679
0.3487
0.379
0.3576
0.3778
0.3567
0.3539
0.349
0.332
0.36
0.3765
0.352
0.3505
0.3694
0.3603
0.3666
0.3663
0.3359
0.3734
0.3432
0.3626
0.3569
0.3333
0.3704
0.3646
0.3526
0.3501
0.3699
0.3362
0.3431
0.354
0.3672
0.3614
0.3382
0.3596
0.3561
0.364
0.3492
0.3549
0.3523
0.3753
0.3557
0.3765
0.362
0.3579
0.3459
0.3521
0.364
0.3735
0.3431
0.3548
0.3432
0.3546
0.3766
0.3732
0.376
0.3579
0.3686
0.3556
0.351
0.3439
0.3585
0.3627
0.3513
0.3583
0.3858
0.3694
0.3527
0.3651
0.3695
0.3471
0.327
0.3785
0.3518
0.3545
0.3567
0.3388
0.352
0.353
0.3608
0.353
0.359
0.3447
0.3592
0.3637
0.3384
0.3604
0.3713
0.3748
0.3591
0.3582
0.346
0.3636
0.3583
0.3687
0.3742
0.3429
0.3518
0.3602
0.3681
0.3629
0.3824
0.3593
0.3749
0.3221
0.3476
0.3681
0.3469
0.3693
0.3702
0.3277
0.3504
0.3214
0.3395
0.3709
0.3261
0.3542
0.3459
0.337
0.3444
0.3464
0.3693
0.3582
0.3491
0.3568
0.3724
0.337
0.3489
0.3506
0.3669
0.3601
0.3438
0.365
0.3626
0.3664
0.3667
0.349
0.381
0.3538
0.3396
0.3421
0.354
0.3488
0.3548
0.3604
0.377
0.3468
0.3271
0.3471
0.3635
0.3576
0.3532
0.372
0.3577
0.3585
0.3662
0.3549
0.358
0.3808
0.3539
0.387
0.344
0.3545
0.3757
0.3627
0.3709
0.349
0.3557
0.3536
0.3587
0.3581
0.343
0.3492
0.3689
0.3684
0.3662
0.3271
0.3604
0.3742
0.3562
0.3483
0.3688
0.3651
0.3362
0.3195
0.3713
0.354
0.337
0.3522
0.3642
0.3688
0.361
0.3596
0.3502
0.3595
0.3433
0.3774
0.3371
0.3499
0.3588
0.3621
0.3483
0.3584
0.3704
0.363
0.3421
0.3585
0.36
0.3643
0.326
0.354
0.3618
0.3617
0.3518
0.3587
0.3649
0.3502
0.3637
0.3629
0.3645
0.3594
0.3671
0.3629
0.359
0.3572
0.3738
0.3575
0.3639
0.3598
0.3549
0.327
0.3565
0.3335
0.3551
0.3741
0.3334
0.3777
0.358
0.3755
0.3445
0.3497
0.3588
0.3757
0.356
0.3521
0.337
0.3673
0.3596
0.3678
0.3676
0.3562
0.3598
0.3705
0.3711
0.3489
0.3638
0.3487
0.3626
0.3702
0.3401
0.358
0.3371
0.3707
0.3591
0.347
0.3521
0.358
0.352
0.3434
0.3611
0.3809
0.3717
0.3653
0.3508
0.3657
0.3467
0.358
0.3589
0.3566
0.361
0.3455
0.3618
0.3703
0.3664
0.3368
0.364
0.3508
0.3849
0.3499
0.366
0.3575
0.3744
0.3572
0.3536
0.364
0.3615
0.3508
0.3517
0.3714
0.3497
0.3594
0.3471
0.3398
0.3471
0.3741
0.3426
0.3565
0.3601
0.3641
0.3684
0.3685
0.3581
0.3407
0.3679
0.3648
0.3807
0.3983
0.3857
0.3583
0.3505
0.3533
0.3633
0.3874
0.3826
0.3746
0.3621
0.3975
0.3861
0.3974
0.3796
0.3795
0.3657
0.3661
0.3468
0.3492
0.3707
0.3509
0.3621
0.3381
0.391
0.3542
0.3804
0.3635
0.3813
0.3788
0.3581
0.3349
0.36
0.3779
0.3978
0.37
0.3529
0.3851
0.3687
0.3745
0.3638
0.3659
0.3868
0.3467
0.3277
0.3756
0.3642
0.3249
0.3476
0.3391
0.352
0.321
0.3364
0.3405
0.3761
0.3593
0.3801
0.386
0.3336
0.3693
0.3646
0.3656
0.3334
0.3708
0.3622
0.3665
0.3897
0.3959
0.3546
0.3601
0.3578
0.3595
0.374
0.3918
0.3679
0.3407
0.3882
0.3796
0.3866
0.3626
0.3785
0.3814
0.381
0.3801
0.3593
0.3245
0.3535
0.3984
0.3894
0.3977
0.3495
0.347
0.3706
0.369
0.3997
0.3459
0.3723
0.3543
0.3579
0.3812
0.3667
0.3992
0.3917
0.382
0.3664
0.3891
0.3875
0.3853
0.3577
0.384
0.3427
0.3588
0.3477
0.377
0.3725
0.3639
0.3583
0.3755
0.3715
0.36
0.3783
0.3602
0.3709
0.3633
0.376
0.3912
0.3739
0.3865
0.382
0.3642
0.3653
0.3376
0.3669
0.3689
0.3546
0.3529
0.3893
0.3894
0.3548
0.3834
0.3596
0.3672
0.3927
0.3815
0.3573
0.3807
0.3885
0.3552
0.39
0.3681
0.3586
0.3793
0.3636
0.3719
0.3845
0.3632
0.35
0.3785
0.3828
0.3734
0.3614
0.3624
0.3521
0.3533
0.3854
0.3579
0.3886
0.3994
0.3891
0.3784
0.3901
0.3755
0.3497
0.3866
0.346
0.363
0.3982
0.3603
0.3883
0.3663
0.3544
0.3543
0.3641
0.3815
0.3448
0.3632
0.3716
0.374
0.3952
0.3391
0.3539
0.3541
0.3905
0.3686
0.3556
0.3688
0.3424
0.3344
0.3447
0.3313
0.3512
0.3721
0.3895
0.3753
0.3464
0.3482
0.3625
0.3642
0.3889
0.3809
0.364
0.3699
0.3817
0.3579
0.3989
0.3533
0.3795
0.3658
0.3542
0.3653
0.3629
0.3832
0.3863
0.3888
0.3516
0.3717
0.3392
0.3611
0.3617
0.3626
0.3771
0.3343
0.395
0.3661
0.3594
0.3903
0.3995
0.3841
0.3636
0.3329
0.3654
0.3722
0.3925
0.398
0.3806
0.3602
0.3632
0.3893
0.347
0.3304
0.3654
0.3883
0.3968
0.382
0.3811
0.3729
0.348
0.365
0.3895
0.3908
0.3807
0.3774
0.3651
0.3507
0.3557
0.3932
0.3601
0.3744
0.363
0.3733
0.3656
0.3683
0.3409
0.3537
0.3886
0.3866
0.3836
0.3814
0.3737
0.3494
0.3547
0.3597
0.3572
0.3565
0.3799
0.3815
0.3623
0.3888
0.3664
0.3977
0.3718
0.3601
0.3637
0.3659
0.3719
0.3667
0.3897
0.371
0.366
0.3907
0.3828
0.3895
0.3615
0.3769
0.3326
0.3603
0.3294
0.3839
0.3568
0.3366
0.3529
0.38
0.3967
0.381
0.3997
0.363
0.3813
0.3524
0.3818
0.3668
0.3992
0.3656
0.3155
0.3881
0.3896
0.3558
0.3465
0.3682
0.3681
0.3975
0.3453
0.3552
0.3764
0.3694
0.392
0.3958
0.3857
0.3848
0.3739
0.3886
0.3965
0.372
0.3788
0.3707
0.3846
0.3573
0.3739
0.3714
0.3729
0.3614
0.3805
0.377
0.3865
0.3709
0.3685
0.3695
0.379
0.3605
0.3745
0.3985
0.3743
0.3982
0.3676
0.3743
0.371
0.3808
0.3975
0.3262
0.3887
0.3496
0.3721
0.3622
0.3628
0.3392
0.3441
0.3776
0.3884
0.3463
0.3944
0.3977
0.3499
0.3684
0.3978
0.3718
0.3744
0.3761
0.3587
0.3565
0.3703
0.3839
0.3783
0.3866
0.3626
0.3816
0.3582
0.3713
0.3633
0.3698
0.3329
0.3304
0.3486
0.3681
0.3817
0.3652
0.3762
0.3465
0.3475
0.3655
0.3544
0.3504
0.3652
0.379
0.3595
0.3654
0.3669
0.3754
0.3592
0.3751
0.3728
0.357
0.3369
0.3627
0.3616
0.3748
0.364
0.3609
0.3509
0.354
0.3462
0.3628
0.3854
0.3674
0.392
0.3718
0.3699
0.3459
0.3954
0.3479
0.3714
0.3401
0.3895
0.358
0.3456
0.3968
0.3842
0.3536
0.399
0.3646
0.3662
0.3688
0.3419
0.3714
0.3931
0.3563
0.3599
0.3707
0.3915
0.3714
0.3666
0.3566
0.3588
0.3869
0.3843
0.36
0.3957
0.367
0.3588
0.3593
0.3554
0.3522
0.3742
0.3982
0.347
0.3593
0.377
0.3674
0.3503
0.3731
0.3708
0.3291
0.3788
0.3894
0.3679
0.3515
0.3758
0.3817
0.3678
0.398
0.3833
0.391
0.3605
0.3624
0.3706
0.3699
0.3729
0.3978
0.3455
0.3713
0.3878
0.3642
0.3474
0.3646
0.3479
0.3687
0.3452
0.3645
0.3793
0.3956
0.3973
0.3367
0.3821
0.3636
0.3428
0.385
0.3451
0.3853
0.375
0.341
0.3979
0.3574
0.3622
0.3799
0.3657
0.3977
0.3804
0.3884
0.3834
0.3671
0.3833
0.371
0.3888
0.3543
0.3518
0.3647
0.3921
0.3794
0.3705
0.3917
0.3696
0.3442
0.3889
0.3687
0.3647
0.3836
0.3609
0.3599
0.3577
0.3726
0.3927
0.3721
0.3988
0.3625
0.3853
0.3447
0.3714
0.3582
0.375
0.3668
0.3576
0.3459
0.3362
0.3534
0.3648
0.3537
0.395
0.362
0.3638
0.3638
0.3797
0.3667
0.338
0.3728
0.3514
0.3624
0.3401
0.3759
0.3607
0.3558
0.3976
0.3714
0.3778
0.362
0.3595
0.3654
0.3663
0.3686
0.3593
0.382
0.3636
0.3572
0.3597
0.3536
0.3809
0.3976
0.3326
0.3719
0.3543
0.3664
0.3771
0.3734
0.3766
0.3594
0.3937
0.3475
0.3789
0.337
0.3367
0.3543
0.3946
0.3736
0.3648
0.3884
0.3977
0.3993
0.3423
0.3755
0.3572
0.397
0.3722
0.3579
0.3802
0.3912
0.374
0.3577
0.3534
0.3876
0.369
0.3889
0.397
0.3464
0.3707
0.356
0.3801
0.3569
0.3715
0.3882
0.3431
0.3885
0.3722
0.3769
0.3675
0.3612
0.3863
0.3577
0.3913
0.3714
0.3391
0.3739
0.3885
0.3974
0.3863
0.3901
0.3928
0.3824
0.3673
0.3798
0.3892
0.3803
0.3471
0.3445
0.3824
0.363
0.364
0.3554
0.3903
0.346
0.3733
0.3641
0.3463
0.399
0.335
0.3717
0.3869
0.3782
0.3545
0.3988
0.3754
0.3371
0.383
0.359
0.363
0.3737
0.3931
0.3868
0.3973
0.37
0.3491
0.3802
0.3532
0.3857
0.3579
0.3546
0.3584
0.3512
0.3983
0.3785
0.3673
0.3565
0.3751
0.3671
0.3757
0.384
0.3763
0.3861
0.3498
0.3524
0.3645
0.3386
0.3807
0.3964
0.354
0.3542
0.3772
0.3836
0.341
0.3979
0.3975
0.3644
0.338
0.3576
0.3657
0.3694
0.3479
0.3585
0.3803
0.3842
0.3895
0.3766
0.3977
0.3616
0.3404
0.3503
0.3817
0.3711
0.3447
0.379
0.3501
0.362
0.3808
0.373
0.3781
0.3599
0.3716
0.3696
0.3943
0.3457
0.3615
0.361
0.3597
0.3813
0.3885
0.3815
0.3541
0.3947
0.3747
0.3668
0.3858
0.3912
0.3805
0.371
0.399
0.3609
0.3528
0.3985
0.3894
0.3541
0.3946
0.3682
0.3685
0.3513
0.3535
0.3579
0.391
0.3778
0.3668
0.3612
0.375
0.3614
0.3686
0.3663
0.3747
0.3404
0.3496
0.3612
0.3792
0.3845
0.3822
0.3683
0.3994
0.3957
0.3816
0.3873
0.3496
0.3981
0.3744
0.3294
0.3885
0.3776
0.3427
0.3771
0.3967
0.3886
0.3565
0.3736
0.375
0.3981
0.3758
0.3572
0.347
0.3641
0.3712
0.3844
0.3428
0.3532
0.3849
0.398
0.3517
0.3701
0.3982
0.3847
0.3673
0.3781
0.3937
0.355
0.3856
0.3663
0.3831
0.3964
0.3569
0.3639
0.392
0.3554
0.3308
0.3306
0.3982
0.387
0.3771
0.3726
0.3503
0.3737
0.3646
0.3571
0.3602
0.3955
0.371
0.3787
0.3671
0.3576
0.3857
0.3651
0.3735
0.3981
0.3635
0.3971
0.3681
0.359
0.3504
0.3484
0.3696
0.3909
0.3834
0.3573
0.3476
0.3748
0.36
0.3492
0.3908
0.3879
0.396
0.3633
0.3833
0.3981
0.3436
0.3606
0.3975
0.3683
0.3983
0.3645
0.3483
0.3614
0.3502
0.3796
0.3386
0.3515
0.3574
0.3817
0.3711
0.355
0.3953
0.3671
0.3814
0.3575
0.3907
0.3661
0.337
0.3615
0.3606
0.3633
0.3877
0.3701
0.3975
0.3547
0.3885
0.3902
0.3762
0.37
0.3737
0.3616
0.3586
0.3751
0.3729
0.3871
0.3669
0.376
0.3885
0.3276
0.3664
0.3977
0.366
0.3834
0.3304
0.3752
0.3972
0.3873
0.3461
0.3443
0.3571
0.3817
0.3602
0.3589
0.354
0.3836
0.3709
0.3753
0.3706
0.3909
0.3577
0.3729
0.3891
0.3751
0.368
0.3454
0.37
0.3919
0.3747
0.364
0.3832
0.3968
0.3964
0.3525
0.3747
0.3954
0.3589
0.3587
0.3652
0.3778
0.3712
0.3647
0.3707
0.3817
0.3661
0.3617
0.3701
0.361
0.359
0.3486
0.3619
0.3917
0.3677
0.3388
0.3973
0.3531
0.3595
0.3858
0.3648
0.399
0.376
0.358
0.3646
0.3907
0.3603
0.3438
0.3496
0.3684
0.3786
0.3601
0.3669
0.3444
0.3555
NA
NA
NA
NA
NA
NA
NA
NA
NA
NA
NA
NA
NA
NA
NA
NA
NA
NA
NA
NA
NA
NA
NA
NA
NA
NA
NA
NA
NA
NA
NA
NA
NA
NA
NA
NA
NA
NA
NA
NA
NA
NA
NA
NA
NA
NA
NA
NA
NA
NA
NA
NA
NA
NA
NA
NA
NA
NA
NA
NA
NA
NA
NA
NA
NA
NA
NA
NA
NA
NA
NA
NA
NA
NA
NA
NA
NA
NA
NA
NA
NA
NA
NA
NA
NA
NA
NA
NA
NA
NA
NA
NA
NA
NA
NA
NA
NA
NA
NA
NA
NA
NA
NA
NA
NA
NA
NA
NA
NA
NA
NA
NA
NA
NA
NA
NA
NA
NA
NA
NA
NA
NA
NA
NA
NA
NA
NA
NA
NA
NA
NA
NA
NA
NA
NA
NA
NA
NA
NA
NA
NA
NA
NA
NA
NA
NA
NA
NA
NA
NA
NA
NA
NA
NA
NA
NA
NA
NA
NA
NA
NA
NA
NA
NA
NA
NA
NA
NA
NA
NA
NA
NA
NA
NA
NA
NA
NA
NA
NA
NA
NA
NA
NA
NA
NA
NA
NA
NA
NA
NA
NA
NA
NA
NA
NA
NA
NA
NA
NA
NA
NA
NA
NA
NA
NA
NA
NA
NA
NA
NA
NA
NA
NA
NA
NA
NA
NA
NA
NA
NA
NA
NA
NA
NA
NA
NA
NA
NA
NA
NA
NA
NA
NA
NA
NA
NA
NA
NA
NA
NA
NA
NA
NA
NA
NA
NA
NA
NA
NA
NA
NA
NA
NA
NA
NA
NA
NA
NA
NA
NA
NA
NA
NA
NA
NA
NA
NA
NA
NA
NA
NA
NA
NA
NA
NA
NA
NA
NA
NA
NA
NA
NA
NA
NA
NA
NA
NA
NA
NA
NA
NA
NA
NA
NA
NA
NA
NA
NA
NA
NA
NA
NA
NA
NA
NA
NA
NA
NA
NA
NA
NA
NA
NA
NA
NA
NA
NA
NA
NA
NA
NA
NA
NA
NA
NA
NA
NA
NA
NA
NA
NA
NA
NA
NA
NA
NA
NA
NA
NA
NA
NA
NA
NA
NA
NA
NA
NA
NA
NA
NA
NA
NA
NA
NA
NA
NA
NA
NA
NA
NA
NA
NA
NA
NA
NA
NA
NA
NA
NA
NA
NA
NA
NA
NA
NA
NA
NA
NA
NA
NA
NA
NA
NA
NA
NA
NA
NA
NA
NA
NA
NA
NA
NA
NA
NA
NA
NA
NA
NA
NA
NA
NA
NA
NA
NA
NA
NA
NA
NA
NA
NA
NA
NA
NA
NA
NA
NA
NA
NA
NA
NA
NA
NA
NA
NA
NA
NA
NA
NA
NA
NA
NA
NA
NA
NA
NA
NA
NA
NA
NA
NA
NA
NA
NA
NA
NA
NA
NA
NA
NA
NA
NA
NA
NA
NA
NA
NA
NA
NA
NA
NA
NA
NA
NA
NA
NA
NA
NA
NA
NA
NA
NA
NA
NA
NA
NA
NA
NA
NA
NA
NA
NA
NA
NA
NA
NA
NA
NA
NA
NA
NA
NA
NA
NA
NA
NA
NA
NA
NA
NA
NA
NA
NA
NA
NA
NA
NA
NA
NA
NA
NA
NA
NA
NA
NA
NA
NA
NA
NA
NA
NA
NA
NA
NA
NA
NA
NA
NA
NA
NA
NA
NA
NA
NA
NA
NA
NA
NA
NA
NA
NA
NA
NA
NA
NA
NA
NA
NA
NA
NA
NA
NA
NA
NA
NA
NA
NA
NA
NA
NA
NA
NA
NA
NA
NA
NA
NA
NA
NA
NA
NA
NA
NA
NA
NA
NA
NA
NA
NA
NA
NA
NA
NA
NA
NA
NA
NA
NA
NA
NA
NA
NA
NA
NA
NA
NA
NA
NA
NA
NA
NA
NA
NA
NA
NA
NA
NA
NA
NA
NA
NA
NA
NA
NA
NA
NA
NA
NA
NA
NA
NA
NA
NA
NA
NA
NA
NA
NA
NA
NA
NA
NA
NA
NA
NA
NA
NA
NA
NA
NA
NA
NA
NA
NA
NA
NA
NA
NA
NA
NA
NA
NA
NA
NA
NA
NA
NA
NA
NA
NA
NA
NA
NA
NA
NA
NA
NA
NA
NA
NA
NA
NA
NA
NA
NA
NA
NA
NA
NA
NA
NA
NA
NA
NA
NA
NA
NA
NA
NA
NA
NA
NA
NA
NA
NA
NA
NA
NA
NA
NA
NA
NA
NA
NA
NA
NA
NA
NA
NA
NA
NA
NA
NA
NA
NA
NA
NA
NA
NA
NA
NA
NA
NA
NA
NA
NA
NA
NA
NA
NA
NA
NA
NA
NA
NA
NA
NA
NA
NA
NA
NA
NA
NA
NA
NA
NA
NA
NA
NA
NA
NA
NA
NA
NA
NA
NA
NA
NA
NA
NA
NA
NA
NA
NA
NA
NA
NA
NA
NA
NA
NA
NA
NA
NA
NA
NA
NA
NA
NA
NA
NA
NA
NA
NA
NA
NA
NA
NA
NA
NA
NA
NA
NA
NA
NA
NA
NA
NA
NA
NA
NA
NA
NA
NA
NA
NA
NA
NA
NA
NA
NA
NA
NA
NA
NA
NA
NA
NA
NA
NA
NA
NA
NA
NA
NA
NA
NA
NA
NA
NA
NA
NA
NA
NA
NA
NA
NA
NA
NA
NA
NA
NA
NA
NA
NA
NA
NA
NA
NA
NA
NA
NA
NA
NA
NA
NA
NA
NA
NA
NA
NA
NA
NA
NA
NA
NA
NA
NA
NA
NA
NA
NA
NA
NA
NA
NA
NA
NA
NA
NA
NA
NA
NA
NA
NA
NA
NA
NA
NA
NA
NA
NA
NA
NA
NA
NA
NA
NA
NA
NA
NA
NA
NA
NA
NA
NA
NA
NA
NA
NA
NA
NA
NA
NA
NA
NA
NA
NA
NA
NA
NA
NA
NA
NA
NA
NA
NA
NA
NA
NA
NA
NA
NA
NA
NA
NA
NA
NA
NA
NA
NA
NA
NA
NA
NA
NA
NA
NA
NA
NA
NA
NA
NA
NA
NA
NA
NA
NA
NA
NA
NA
NA
NA
NA
NA
NA
NA
NA
NA
NA
NA
NA
NA
NA
NA
NA
NA
NA
NA
NA
NA
NA
NA
NA
NA
NA
NA
NA
NA
NA
NA
NA
NA
NA
NA
NA
NA
NA
NA
NA
NA
NA
NA
NA
NA
NA
NA
NA
NA
NA
NA
NA
NA
NA
NA
NA
NA
NA
NA
NA
NA
NA
NA
NA
NA
NA
NA
NA
NA
NA
NA
NA
NA
NA
NA
NA
NA
NA
NA
NA
NA
NA
NA
NA
NA
NA
NA
NA
NA
NA
NA
NA
NA
NA
NA
NA
NA
NA
NA
NA
NA
NA
NA
NA
NA
NA
NA
NA
NA
NA
NA
NA
NA
NA
NA
NA
NA
NA
NA
NA
NA
NA
NA
NA
NA
NA
NA
NA
NA
NA
NA
NA
NA
NA
NA
NA
NA
NA
NA
NA
NA
NA
NA
NA
NA
NA
NA
NA
NA
NA
NA
NA
NA
NA
NA
NA
NA
NA
NA
NA
NA
NA
NA
NA
NA
NA
NA
NA
NA
NA
NA
NA
NA
NA
NA
NA
NA
NA
NA
NA
NA
NA
NA
NA
NA
NA
NA
NA
NA
NA
NA
NA
NA
NA
NA
NA
NA
NA
NA
NA
NA
NA
NA
NA
NA
NA
NA
NA
NA
NA
NA
NA
NA
NA
NA
NA
NA
NA
NA
NA
NA
NA
NA
NA
NA
NA
NA
NA
NA
NA
NA
NA
NA
NA
NA
NA
NA
NA
NA
NA
NA
NA
NA
NA
NA
NA
NA
NA
NA
NA
NA
NA
NA
NA
NA
NA
NA
NA
NA
NA
NA
NA
NA
NA
NA
NA
NA
NA
NA
NA
NA
NA
NA
NA
NA
NA
NA
NA
NA
NA
NA
NA
NA
NA
NA
NA
NA
NA
NA
NA
NA
NA
NA
NA
NA
NA
NA
NA
NA
NA
NA
NA
NA
NA
NA
NA
NA
NA
NA
NA
NA
NA
NA
NA
NA
NA
NA
NA
NA
NA
NA
NA
NA
NA
NA
NA
NA
NA
NA
NA
NA
NA
NA
NA
NA
NA
NA
NA
NA
NA
NA
NA
NA
NA
NA
NA
NA
NA
NA
NA
NA
NA
NA
NA
NA
NA
NA
NA
NA
NA
NA
NA
NA
NA
NA
NA
NA
NA
NA
NA
NA
NA
NA
NA
NA
NA
NA
NA
NA
NA
NA
NA
NA
NA
NA
NA
NA
NA
NA
NA
NA
NA
NA
NA
NA
NA
NA
NA
NA
NA
NA
NA
NA
NA
NA
NA
NA
NA
NA
NA
NA
NA
NA
NA
NA
NA
NA
NA
NA
NA
NA
NA
NA
NA
NA
NA
NA
NA
NA
NA
NA
NA
NA
NA
NA
NA
NA
NA
NA
NA
NA
NA
NA
NA
NA
NA
NA
NA
NA
NA
NA
NA
NA
NA
NA
NA
NA
NA
NA
NA
NA
NA
NA
NA
NA
NA
NA
NA
NA
NA
NA
NA
NA
NA
NA
NA
NA
NA
NA
NA
NA
NA
NA
NA
NA
NA
NA
NA
NA
NA
NA
NA
NA
NA
NA
NA
NA
NA
NA
NA
NA
NA
NA
NA
NA
NA
NA
NA
NA
NA
NA
NA
NA
NA
NA
NA
NA
NA
NA
NA
NA
NA
NA
NA
NA
NA
NA
NA
NA
NA
NA
NA
NA
NA
NA
NA
NA
NA
NA
NA
NA
NA
NA
NA
NA
NA
NA
NA
NA
NA
NA
NA
NA
NA
NA
NA
NA
NA
NA
NA
NA
NA
NA
NA
NA
NA
NA
NA
NA
NA
NA
NA
NA
NA
NA
NA
NA
NA
NA
NA
NA
NA
NA
NA
NA
NA
NA
NA
NA
NA
NA
NA
NA
NA
NA
NA
NA
NA
NA
NA
NA
NA
NA
NA
NA
NA
NA
NA
NA
NA
NA
NA
NA
NA
NA
NA
NA
NA
NA
NA
NA
NA
NA
NA
NA
NA
NA
NA
NA
NA
NA
NA
NA
NA
NA
NA
NA
NA
NA
NA
NA
NA
NA
NA
NA
NA
NA
NA
NA
NA
NA
NA
NA
NA
NA
NA
NA
NA
NA
NA
NA
NA
NA
NA
NA
NA
NA
NA
NA
NA
NA
NA
NA
NA
NA
NA
NA
NA
NA
NA
NA
NA
NA
NA
NA
NA
NA
NA
NA
NA
NA
NA
NA
NA
NA
NA
NA
NA
NA
NA
NA
NA
NA
NA
NA
NA
NA
NA
NA
NA
NA
NA
NA
NA
NA
NA
NA
NA
NA
NA
NA
NA
NA
NA
NA
NA
NA
NA
NA
NA
NA
NA
NA
NA
NA
NA
NA
NA
NA
NA
NA
NA
NA
NA
NA
NA
NA
NA
NA
NA
NA
NA
NA
NA
NA
NA
NA
NA
NA
NA
NA
NA
NA
NA
NA
NA
NA
NA
NA
NA
NA
NA
NA
NA
NA
NA
NA
NA
NA
NA
NA
NA
NA
NA
NA
NA
NA
NA
NA
NA
NA
NA
NA
NA
NA
NA
NA
NA
NA
NA
NA
NA
NA
NA
NA
NA
NA
NA
NA
NA
NA
NA
NA
NA
NA
NA
NA
NA
NA
NA
NA
NA
NA
NA
NA
NA
NA
NA
NA
NA
NA
NA
NA
NA
NA
NA
NA
NA
NA
NA
NA
NA
NA
NA
NA
NA
NA
NA
NA
NA
NA
NA
NA
NA
NA
NA
NA
NA
NA
NA
NA
NA
NA
NA
NA
NA
NA
NA
NA
NA
NA
NA
NA
NA
NA
NA
NA
NA
NA
NA
NA
NA
NA
NA
NA
NA
NA
NA
NA
NA
NA
NA
NA
NA
NA
NA
NA
NA
NA
NA
NA
NA
NA
NA
NA
NA
NA
NA
NA
NA
NA
NA
NA
NA
NA
NA
NA
NA
NA
NA
NA
NA
NA
NA
NA
NA
NA
NA
NA
NA
NA
NA
NA
NA
NA
NA
NA
NA
NA
NA
NA
NA
NA
NA
NA
NA
NA
NA
NA
NA
NA
NA
NA
NA
NA
NA
NA
NA
NA
NA
NA
NA
NA
NA
NA
NA
NA
NA
NA
NA
NA
NA
NA
NA
NA
NA
NA
NA
NA
NA
NA
NA
NA
NA
NA
NA
NA
NA
NA
NA
NA
NA
NA
NA
NA
NA
NA
NA
NA
NA
NA
NA
NA
NA
NA
NA
NA
NA
NA
NA
NA
NA
NA
NA
NA
NA
NA
NA
NA
NA
NA
NA
NA
NA
NA
NA
NA
NA
NA
NA
NA
NA
NA
NA
NA
NA
NA
NA
NA
NA
NA
NA
NA
NA
NA
NA
NA
NA
NA
NA
NA
NA
NA
NA
NA
NA
NA
NA
NA
NA
NA
NA
NA
NA
NA
NA
NA
NA
NA
NA
NA
NA
NA
NA
NA
NA
NA
NA
NA
NA
NA
NA
NA
NA
NA
NA
NA
NA
NA
NA
NA
NA
NA
NA
NA
NA
NA
NA
NA
NA
NA
NA
NA
NA
NA
NA
NA
NA
NA
NA
NA
NA
NA
NA
NA
NA
NA
NA
NA
NA
NA
NA
NA
NA
NA
NA
NA
NA
NA
NA
NA
NA
NA
NA
NA
NA
NA
NA
NA
NA
NA
NA
NA
NA
NA
NA
NA
NA
NA
NA
NA
NA
NA
NA
NA
NA
NA
NA
NA
NA
NA
NA
NA
NA
NA
NA
NA
NA
NA
NA
NA
NA
NA
NA
NA
NA
NA
NA
NA
NA
NA
NA
NA
NA
NA
NA
NA
NA
NA
NA
NA
NA
NA
NA
NA
NA
NA
NA
NA
NA
NA
NA
NA
NA
NA
NA
NA
NA
NA
NA
NA
NA
NA
NA
NA
NA
NA
NA
NA
NA
NA
NA
NA
NA
NA
NA
NA
NA
NA
NA
NA
NA
NA
NA
NA
NA
NA
NA
NA
NA
NA
NA
NA
NA
NA
NA
NA
NA
NA
NA
NA
NA
NA
NA
NA
NA
NA
NA
NA
NA
NA
NA
NA
NA
NA
NA
NA
NA
NA
NA
NA
NA
NA
NA
NA
NA
NA
NA
NA
NA
NA
NA
NA
NA
NA
NA
NA
NA
NA
NA
NA
NA
NA
NA
NA
NA
NA
NA
NA
NA
NA
NA
NA
NA
NA
NA
NA
NA
NA
NA
NA
NA
NA
NA
NA
NA
NA
NA
NA
NA
NA
NA
NA
NA
NA
NA
NA
NA
NA
NA
NA
NA
NA
NA
NA
NA
NA
NA
NA
NA
NA
NA
NA
NA
NA
NA
NA
NA
NA
NA
NA
NA
NA
NA
NA
NA
NA
NA
NA
NA
NA
NA
NA
NA
NA
NA
NA
NA
NA
NA
NA
NA
NA
NA
NA
NA
NA
NA
NA
NA
NA
NA
NA
NA
NA
NA
NA
NA
NA
NA
NA
NA
NA
NA
NA
NA
NA
NA
NA
NA
NA
NA
NA
NA
NA
NA
NA
NA
NA
NA
NA
NA
NA
NA
NA
NA
NA
NA
NA
NA
NA
NA
NA
NA
NA
NA
NA
NA
NA
NA
NA
NA
NA
NA
NA
NA
NA
NA
NA
NA
NA
NA
NA
NA
NA
NA
NA
NA
NA
NA
NA
NA
NA
NA
NA
NA
NA
NA
NA
NA
NA
NA
NA
NA
NA
NA
NA
NA
NA
NA
NA
NA
NA
NA
NA
NA
NA
NA
NA
NA
NA
NA
NA
NA
NA
NA
NA
NA
NA
NA
NA
NA
NA
NA
NA
NA
NA
NA
NA
NA
NA
NA
NA
NA
NA
NA
NA
NA
NA
NA
NA
NA
NA
NA
NA
NA
NA
NA
NA
NA
NA
NA
NA
NA
NA
NA
NA
NA
NA
NA
NA
NA
NA
NA
NA
NA
NA
NA
NA
NA
NA
NA
NA
NA
NA
NA
NA
NA
NA
NA
NA
NA
NA
NA
NA
NA
NA
NA
NA
NA
NA
NA
NA
NA
NA
NA
NA
NA
NA
NA
NA
NA
NA
NA
NA
NA
NA
NA
NA
NA
NA
NA
NA
NA
NA
NA
NA
NA
NA
NA
NA
NA
NA
NA
NA
NA
NA
NA
NA
NA
NA
NA
NA
NA
NA
NA
NA
NA
NA
NA
NA
NA
NA
NA
NA
NA
NA
NA
NA
NA
NA
NA
NA
NA
NA
NA
NA
NA
NA
NA
NA
NA
NA
NA
NA
NA
NA
NA
NA
NA
NA
NA
NA
NA
NA
NA
NA
NA
NA
NA
NA
NA
NA
NA
NA
NA
NA
NA
NA
NA
NA
NA
NA
NA
NA
NA
NA
NA
NA
NA
NA
NA
NA
NA
NA
NA
NA
NA
NA
NA
NA
NA
NA
NA
NA
NA
NA
NA
NA
NA
NA
NA
NA
NA
NA
NA
NA
NA
NA
NA
NA
NA
NA
NA
NA
NA
NA
NA
NA
NA
NA
NA
NA
NA
NA
NA
NA
NA
NA
NA
NA
NA
NA
NA
NA
NA
NA
NA
NA
NA
NA
NA
NA
NA
NA
NA
NA
NA
NA
NA
NA
NA
NA
NA
NA
NA
NA
NA
NA
NA
NA
NA
NA
NA
NA
NA
NA
NA
NA
NA
NA
NA
NA
NA
NA
NA
NA
NA
NA
NA
NA
NA
NA
NA
NA
NA
NA
NA
NA
NA
NA
NA
NA
NA
NA
NA
NA
NA
NA
NA
NA
NA
NA
NA
NA
NA
NA
NA
NA
NA
NA
NA
NA
NA
NA
NA
NA
NA
NA
NA
NA
NA
NA
NA
NA
NA
NA
NA
NA
NA
NA
NA
NA
NA
NA
NA
NA
NA
NA
NA
NA
NA
NA
NA
NA
NA
NA
NA
NA
NA
NA
NA
NA
NA
NA
NA
NA
NA
NA
NA
NA
NA
NA
NA
NA
NA
NA
NA
NA
NA
NA
NA
NA
NA
NA
NA
NA
NA
NA
NA
NA
NA
NA
NA
NA
NA
NA
NA
NA
NA
NA
NA
NA
NA
NA
NA
NA
NA
NA
NA
NA
NA
NA
NA
NA
NA
NA
NA
NA
NA
NA
NA
NA
NA
NA
NA
NA
NA
NA
NA
NA
NA
NA
NA
NA
NA
NA
NA
NA
NA
NA
NA
NA
NA
NA
NA
NA
NA
NA
NA
NA
NA
NA
NA
NA
NA
NA
NA
NA
NA
NA
NA
NA
NA
NA
NA
NA
NA
NA
NA
NA
NA
NA
NA
NA
NA
NA
NA
NA
NA
NA
NA
NA
NA
NA
NA
NA
NA
NA
NA
NA
NA
NA
NA
NA
NA
NA
NA
NA
NA
NA
NA
NA
NA
NA
NA
NA
NA
NA
NA
NA
NA
NA
NA
NA
NA
NA
NA
NA
NA
NA
NA
NA
NA
NA
NA
NA
NA
NA
NA
NA
NA
NA
NA
NA
NA
NA
NA
NA
NA
NA
NA
NA
NA
NA
NA
NA
NA
NA
NA
NA
NA
NA
NA
NA
NA
NA
NA
NA
NA
0.4056
0.5069
0.3831
0.2865
0.4167
0.4088
0.2609
0.5752
0.5481
0.2727
0.4815
0.3333
0.3402
0.2945
0.3403
0.5512
0.4337
0.5827
0.1414
0.5906
0.3218
0.4113
0.5804
0.4808
0.5515
0.3758
0.2316
0.351
0.3804
0.5724
0.4259
0.3289
0.5563
0.3453
0.5655
0.3333
0.538
0.1809
0.4
0.3718
0.4201
0.4094
0.6744
0.4198
0.2976
0.375
0.3816
0.4162
0.311
0.3673
0.3826
0.341
0.736
0.5442
0.5435
0.7746
0.3276
0.3952
0.7687
0.4545
0.5355
0.4659
0.7009
0.6831
0.531
0.3869
0.4968
0.3446
0.2638
0.5497
0.4638
0.5976
0.3354
0.6547
0.4204
0.4211
0.3007
0.6875
0.808
0.6071
0.3931
0.4538
0.4581
0.3291
0.3989
0.3716
0.4943
0.4717
0.4459
0.1317
0.2867
0.3172
0.2722
0.2909
0.2687
0.5224
0.7603
0.4067
0.371
0.4161
0.539
0.529
0.5072
0.3333
0.5033
0.4839
0.5267
0.2938
0.4452
0.7132
0.5733
0.3861
0.4326
0.4406
0.2645
0.2609
0.4485
0.4599
0.5304
0.4235
0.3481
0.5973
0.4156
0.5949
0.2722
0.4505
0.3168
0.4451
0.3488
0.4
0.3919
0.5367
0.5597
0.3653
0.391
0.2333
0.3846
0.3067
0.3107
0.3176
0.4248
0.4122
0.5818
0.2941
0.3974
0.4267
0.381
0.3204
0.3161
0.438
0.4268
0.439
0.3588
0.3526
0.4643
0.3889
0.2047
0.2743
0.4083
0.3469
0.3554
0.375
0.2767
0.354
0.2574
0.3989
0.4526
0.6857
0.5159
0.8074
0.5735
0.4335
0.4133
0.4346
0.46
0.1884
0.4199
0.2551
0.627
0.3764
0.4768
0.4595
0.3401
0.5166
0.2337
0.4437
0.3846
0.7431
0.2935
0.2473
0.3247
0.4109
0.5411
0.3314
0.2932
0.5342
0.3381
0.4423
0.511
0.3576
0.6471
0.3953
0.467
0.4228
0.2911
0.411
0.5379
0.5063
0.6859
0.4969
0.7606
0.4894
0.4295
0.44
0.2273
0.5962
0.4236
0.4172
0.462
0.4333
0.2532
0.3882
0.6759
0.1765
0.3866
0.3989
0.5188
0.3077
0.4837
0.4354
0.4539
0.3239
0.3987
0.5493
0.4314
0.4675
0.4595
0.4931
0.4753
0.3333
0.369
0.5476
0.5878
0.2135
0.2969
0.4183
0.3333
0.3807
0.2609
0.3543
0.6268
0.4965
0.3317
0.264
0.4176
0.2291
0.3944
0.4189
0.1737
0.4859
0.619
0.3766
0.2429
0.1721
0.3822
0.471
0.3235
0.4423
0.3817
0.4277
0.3113
0.3256
0.3048
0.3878
0.7246
0.4094
0.3161
0.3386
0.2642
0.3038
0.3354
0.4966
0.434
0.592
0.5123
0.3836
0.3793
0.3459
0.4318
0.2778
0.4222
0.671
0.3605
0.6047
0.4762
0.2418
0.2057
0.3778
0.415
0.6176
0.2604
0.3017
0.3976
0.3491
0.3176
0.2698
0.4562
0.2732
0.4013
0.4675
0.4074
0.3154
0.2263
0.3158
0.3571
0.529
0.5346
0.6569
0.3151
0.5126
0.5469
0.5202
0.2833
0.5865
0.4161
0.5845
0.4697
0.2775
0.5556
0.3841
0.462
0.483
0.5839
0.7985
0.2899
0.5068
0.3943
0.557
0.7583
0.3833
0.3442
0.5143
0.3889
0.323
0.3158
0.2865
0.3797
0.6364
0.3791
0.4966
0.4935
0.5
0.5109
0.2931
0.3795
0.2975
0.4611
0.2994
0.3692
0.2812
0.3413
0.4082
0.4672
0.4973
0.2848
0.2579
0.5395
0.3062
0.3665
0.3563
0.503
0.3667
0.13
0.2951
0.513
0.3053
0.2533
0.4599
0.752
0.4083
0.375
0.3973
0.3288
0.3516
0.6142
0.6713
0.3373
0.6158
0.5584
0.6102
0.9281
0.4314
0.4196
0.54
0.2871
0.3913
0.3416
0.4177
0.3725
0.2323
0.4765
0.2733
0.4452
0.4278
0.2919
0.4052
0.3846
0.4309
0.4702
0.662
0.6335
0.5029
0.2544
0.28
0.5163
0.2513
0.5556
0.4387
0.3684
0.503
0.5278
0.3407
0.4312
0.365
0.2651
0.2959
0.2135
0.3111
0.2317
0.3388
0.4053
0.6515
0.2903
0.4336
0.391
0.3333
0.4839
0.6522
0.3892
0.4853
0.4277
0.358
0.4013
0.2438
0.2421
0.275
0.4296
0.568
0.404
0.355
0.5894
0.4194
0.3907
0.5298
0.3372
0.4286
0.4151
0.4207
0.3515
0.45
0.5362
0.5324
0.3871
0.3557
0.5612
0.3377
0.3831
0.3388
0.338
0.4805
0.4397
0.535
0.4151
0.2883
0.3483
0.2432
0.3941
0.4258
0.3896
0.5082
0.3841
0.3069
0.2802
0.5486
0.4211
0.3006
0.4034
0.4219
0.2575
0.3243
0.6319
0.3313
0.2642
0.3742
0.4155
0.5639
0.6744
0.3409
0.3804
0.2938
0.2103
0.5328
0.4031
0.596
0.2704
0.2931
0.3087
0.5306
0.3529
0.4684
0.5435
0.4768
0.3987
0.5973
0.3978
0.4625
0.3667
0.4286
0.4506
0.3129
0.526
0.3657
0.3931
0.4828
0.3718
0.5342
0.3857
0.5155
0.6299
0.2749
0.3855
0.3922
0.2833
0.3733
0.5139
0.3232
0.3333
0.2289
0.3857
0.2108
0.3478
0.4314
0.4792
0.4013
0.4161
0.4452
0.2273
0.6357
0.2439
0.3082
0.6107
0.2457
0.3889
0.2515
0.3443
0.4115
0.4157
0.4358
0.2927
0.2109
0.3443
0.2123
0.4142
0.3205
0.4938
0.3273
0.3662
0.6029
0.2663
0.482
0.5092
0.5128
0.4342
0.4085
0.4384
0.3506
0.3294
0.329
0.3743
0.3234
0.3879
0.5448
0.3952
0.3938
0.3515
0.5912
0.3221
0.3022
0.4516
0.4552
0.6439
0.3693
0.3357
0.3966
0.3946
0.3733
0.3254
0.5465
0.3316
0.2915
0.4
0.4752
0.5683
0.2203
0.5986
0.5839
0.314
0.3393
0.3152
0.2318
0.2626
0.3636
0.4036
0.2009
0.5385
0.3529
0.6031
0.6148
0.4806
0.5255
0.3202
0.5918
0.4096
0.4211
0.3391
0.4932
0.3228
0.471
0.2567
0.2902
0.4639
0.2685
0.3269
0.539
0.4069
0.4275
0.411
0.3976
0.3621
0.2849
0.3772
0.3552
0.3642
0.5385
0.4421
0.3741
0.471
0.6149
0.3949
0.3289
0.4514
0.3712
0.5401
0.48
0.4242
0.2966
0.5676
0.6058
0.2948
0.453
0.3375
0.4218
0.3616
0.4194
0.3609
0.3353
0.2143
0.4867
0.4943
0.4962
0.5247
0.2749
0.4309
0.3865
0.5135
0.3503
0.5412
0.256
0.3837
0.4593
0.2787
0.6496
0.3806
0.3226
0.3023
0.4105
0.3523
0.2704
0.7931
0.3602
0.3987
0.351
0.3543
0.3022
0.4718
0.6531
0.3582
0.4589
0.2663
0.4367
0.2768
0.4545
0.4157
0.4186
0.5399
0.3905
0.1957
0.4872
0.4574
0.3975
0.3941
0.3782
0.3158
0.5755
0.2568
0.5085
0.4748
0.4146
0.5764
0.2952
0.363
0.4321
0.4898
0.2849
0.5759
0.6463
0.4583
0.3149
0.2857
0.5764
0.3862
0.3743
0.2994
0.4651
0.4931
0.4199
0.4973
0.4261
0.2384
0.4706
0.3295
0.6154
0.4789
0.3253
0.2935
0.6127
0.3987
0.5652
0.4167
0.2265
0.2411
0.2981
0.341
0.2818
0.4865
0.4969
0.465
0.4586
0.4048
0.4172
0.4654
0.215
0.3176
0.4605
0.372
0.3155
0.4465
0.7285
0.2415
0.3423
0.4118
0.3688
0.5507
0.4217
0.5436
0.3611
0.5244
0.4328
0.5286
0.3926
0.4074
0.7154
0.4185
0.3007
0.2751
0.4231
0.4551
0.5443
0.3895
0.3736
0.3391
0.2826
0.4575
0.4695
0.3636
0.2751
0.3544
0.1731
0.3861
0.1943
0.8443
0.4907
0.3272
0.4405
0.4253
0.2162
0.6288
0.4
0.8106
0.5145
0.2678
0.8264
0.3898
0.5203
0.7222
0.5208
0.471
0.36
0.4962
0.4643
0.3988
0.2857
0.5276
0.5137
0.4353
0.3602
0.4545
0.4491
0.3081
0.2874
0.2909
0.2941
0.4167
0.235
0.4099
0.4785
0.5036
0.4698
0.4859
0.4783
0.3688
0.3049
0.4146
0.5686
0.6
0.3706
0.375
0.4808
0.2679
0.4051
0.3642
0.2978
0.3904
0.4099
0.2538
0.4302
0.3209
0.5827
0.441
0.2353
0.4025
0.3145
0.5188
0.4227
0.3812
0.3667
0.4971
0.4658
0.4971
0.3109
0.3189
0.3117
0.6536
0.4966
0.2601
0.4557
0.5103
0.3392
0.2914
0.5571
0.7129
0.2394
0.4202
0.5481
0.469
0.3333
0.2568
0.4012
0.4675
0.4496
0.3581
0.5137
0.1923
0.5796
0.4104
0.3481
0.3506
0.4889
0.4343
0.3667
0.2941
0.5503
0.3822
0.3135
0.327
0.6719
0.4213
0.3509
0.3523
0.4371
0.3495
0.3564
0.4235
0.2562
0.3731
0.3185
0.3277
0.3333
0.3816
0.4145
0.3825
0.2985
0.4458
0.3617
0.4103
0.414
0.736
0.3882
0.6849
0.4286
0.3673
0.5946
0.3393
0.3958
0.2529
0.637
0.4812
0.3487
0.232
0.3675
0.5157
0.6096
0.3469
0.3938
0.2805
0.3268
0.4967
0.3836
0.3182
0.3066
0.6241
0.3379
0.6084
0.3815
0.2727
0.5
0.3938
0.6603
0.2688
0.5071
0.4238
0.415
0.4521
0.3584
0.617
0.3467
0.256
0.3195
0.307
0.4207
0.3037
0.4762
0.3889
0.4247
0.4451
0.4199
0.4545
0.3314
0.2739
0.3062
0.5778
0.2634
0.4459
0.3875
0.5817
0.3486
0.3966
0.2143
0.3529
0.44
0.4158
0.4122
0.5808
0.5029
0.3092
0.4881
0.3455
0.4178
0.5294
0.3856
0.3389
0.4861
0.2857
0.2924
0.2885
0.2734
0.2174
0.451
0.5185
0.2121
0.4
0.3115
0.232
0.2331
0.2778
0.4488
0.3554
0.4532
0.1099
0.5168
0.2529
0.3972
0.4336
0.3974
0.3897
0.4013
0.1895
0.2384
0.2561
0.4178
0.3519
0.2387
0.5629
0.2806
0.4759
0.3333
0.3043
0.1755
0.3548
0.3141
0.3254
0.3289
0.4846
0.2638
0.3393
0.25
0.3355
0.3676
0.2622
0.3214
0.1867
0.2717
0.648
0.4832
0.3913
0.6268
0.2471
0.2934
0.6642
0.3697
0.471
0.3693
0.6154
0.5211
0.4414
0.2339
0.3503
0.28
0.2025
0.4238
0.4058
0.2456
0.311
0.5108
0.3885
0.3268
0.2876
0.4306
0.616
0.6429
0.274
0.2857
0.3484
0.1887
0.2514
0.3176
0.4138
0.3899
0.2994
0.1512
0.3067
0.1989
0.2367
0.1497
0.1576
0.3881
0.595
0.3467
0.2926
0.3602
0.4545
0.3478
0.4565
0.2584
0.4444
0.4
0.3533
0.1907
0.4581
0.5839
0.4133
0.3228
0.2552
0.2587
0.1548
0.2422
0.3358
0.3285
0.3826
0.2765
0.2873
0.4966
0.2987
0.4843
0.1775
0.3243
0.325
0.3642
0.2791
0.35
0.2733
0.3898
0.5346
0.2202
0.3008
0.1657
0.2426
0.2121
0.2123
0.2882
0.3097
0.3588
0.4667
0.2549
0.2293
0.38
0.369
0.221
0.2516
0.3669
0.2683
0.3232
0.2824
0.2743
0.3254
0.3333
0.1674
0.2057
0.3905
0.3197
0.2831
0.3
0.239
0.2716
0.1733
0.264
0.2857
0.5286
0.378
0.5481
0.4559
0.3931
0.3133
0.4398
0.2895
0.0913
0.3115
0.1566
0.4154
0.3128
0.4305
0.3446
0.2109
0.3636
0.2216
0.404
0.2956
0.7222
0.2826
0.1774
0.2784
0.3462
0.4178
0.3314
0.1927
0.319
0.2374
0.2911
0.2135
0.2303
0.5441
0.314
0.3297
0.2303
0.2468
0.3497
0.4924
0.4241
0.5641
0.472
0.6268
0.4397
0.1698
0.304
0.108
0.4295
0.3889
0.3129
0.3457
0.3333
0.1835
0.3235
0.6
0.1169
0.2551
0.1777
0.4684
0.2115
0.3987
0.3197
0.3882
0.2727
0.3608
0.3986
0.4379
0.4286
0.4595
0.4444
0.5
0.2766
0.3155
0.4603
0.5068
0.2247
0.2292
0.3464
0.2556
0.25
0.1793
0.3486
0.6268
0.3617
0.2211
0.1878
0.2865
0.162
0.3
0.4069
0.1474
0.3551
0.5333
0.3052
0.209
0.162
0.293
0.4
0.2882
0.4103
0.3441
0.2469
0.3245
0.1919
0.2181
0.2789
0.5423
0.3624
0.1875
0.2698
0.1813
0.3354
0.2048
0.3904
0.2516
0.52
0.3889
0.2945
0.2759
0.2222
0.2727
0.1542
0.3722
0.5484
0.2857
0.5426
0.4206
0.2033
0.142
0.2278
0.2857
0.4286
0.224
0.2514
0.2952
0.2544
0.2824
0.1958
0.3168
0.2049
0.2422
0.3136
0.2629
0.2824
0.1421
0.2632
0.3617
0.4903
0.5094
0.5985
0.274
0.3613
0.4531
0.4104
0.2833
0.4812
0.186
0.5282
0.25
0.2023
0.4667
0.2632
0.2704
0.381
0.5766
0.7239
0.1953
0.4865
0.44
0.4494
0.5285
0.2688
0.1987
0.4214
0.3472
0.2025
0.2807
0.1788
0.2911
0.4825
0.2549
0.4626
0.2866
0.4217
0.3172
0.1932
0.2754
0.2075
0.4251
0.2012
0.2718
0.2448
0.2814
0.3919
0.1946
0.3617
0.1939
0.2264
0.4238
0.2062
0.2984
0.2701
0.3735
0.3133
0.0446
0.235
0.3718
0.2158
0.32
0.3262
0.64
0.3609
0.35
0.3219
0.2897
0.2747
0.4567
0.5385
0.241
0.301
0.474
0.3636
0.8201
0.4868
0.3846
0.4172
0.1931
0.2286
0.2422
0.3
0.3816
0.3131
0.4882
0.2326
0.3973
0.3056
0.2609
0.3867
0.2562
0.2818
0.3378
0.5986
0.5342
0.3801
0.2059
0.22
0.366
0.1832
0.4314
0.3935
0.2237
0.4424
0.3542
0.2637
0.375
0.3285
0.3313
0.2012
0.1854
0.3278
0.1585
0.25
0.3737
0.5639
0.3306
0.3846
0.3057
0.3631
0.4
0.4014
0.3593
0.4044
0.3293
0.2955
0.3816
0.2312
0.2263
0.2125
0.3732
0.568
0.375
0.1792
0.5497
0.3444
0.281
0.4901
0.2616
0.2867
0.3062
0.3931
0.2395
0.2535
0.4203
0.4245
0.2774
0.2013
0.5252
0.3113
0.3442
0.1803
0.2887
0.4416
0.3521
0.3503
0.3711
0.2454
0.2753
0.2027
0.3
0.3806
0.3831
0.3443
0.3642
0.2487
0.2143
0.4028
0.4408
0.1718
0.3466
0.3359
0.1976
0.3378
0.5
0.2086
0.2539
0.4
0.331
0.4662
0.5891
0.2045
0.2935
0.1615
0.1267
0.3796
0.3316
0.4013
0.2704
0.2299
0.1946
0.4014
0.2235
0.3165
0.413
0.4013
0.3052
0.443
0.2707
0.4312
0.2667
0.3714
0.3951
0.2917
0.4805
0.2914
0.2542
0.4207
0.3013
0.4348
0.3214
0.4534
0.622
0.1667
0.3735
0.366
0.2265
0.3179
0.4414
0.2988
0.25
0.1446
0.2857
0.1297
0.25
0.2803
0.3203
0.3758
0.3796
0.3935
0.2022
0.5071
0.2378
0.1887
0.5802
0.1875
0.3457
0.2454
0.2228
0.3802
0.4036
0.2905
0.2683
0.2109
0.2896
0.1408
0.2941
0.2115
0.4012
0.2105
0.3028
0.3655
0.2367
0.4317
0.454
0.5
0.3158
0.3152
0.3493
0.3161
0.2824
0.3161
0.3408
0.1976
0.2364
0.5597
0.3353
0.3316
0.2909
0.4429
0.3154
0.2473
0.4
0.2836
0.5303
0.2784
0.2746
0.2458
0.2313
0.28
0.1977
0.5174
0.2368
0.2613
0.3407
0.2958
0.3451
0.2034
0.4658
0.5369
0.3314
0.3512
0.2364
0.1921
0.1869
0.2848
0.3253
0.125
0.4615
0.3137
0.4351
0.4836
0.3411
0.4203
0.2865
0.4094
0.3554
0.3158
0.2759
0.4178
0.25
0.25
0.2299
0.2591
0.4337
0.1867
0.25
0.474
0.25
0.3043
0.3625
0.2874
0.2586
0.186
0.3713
0.2204
0.3457
0.3543
0.4053
0.3381
0.4387
0.4932
0.2994
0.2215
0.375
0.2803
0.4818
0.4467
0.3939
0.3034
0.4459
0.5328
0.185
0.3204
0.2346
0.449
0.221
0.2785
0.2604
0.2824
0.1383
0.4371
0.2784
0.3534
0.3951
0.2559
0.337
0.3374
0.4662
0.215
0.4795
0.2126
0.2081
0.4074
0.1413
0.5328
0.2645
0.2194
0.185
0.3158
0.2955
0.2183
0.6
0.2857
0.3137
0.2895
0.1543
0.2021
0.4085
0.4898
0.2233
0.3836
0.1871
0.3418
0.1508
0.2922
0.3596
0.4186
0.5031
0.2663
0.1783
0.3544
0.3798
0.2795
0.2941
0.227
0.2313
0.4964
0.1733
0.5028
0.2643
0.372
0.5069
0.2275
0.2397
0.3827
0.3946
0.2366
0.45
0.488
0.2917
0.2022
0.3071
0.5278
0.3034
0.3216
0.2595
0.3663
0.3542
0.3611
0.1692
0.375
0.2035
0.2516
0.3182
0.6231
0.3592
0.253
0.2228
0.4437
0.3333
0.4161
0.3712
0.1934
0.1915
0.1863
0.3353
0.2541
0.3986
0.3457
0.4459
0.3867
0.2619
0.3576
0.3272
0.155
0.1959
0.3553
0.2303
0.2246
0.4277
0.5629
0.1538
0.3557
0.3099
0.2875
0.4928
0.3253
0.3355
0.2692
0.439
0.3731
0.3786
0.2941
0.25
0.4308
0.2811
0.2222
0.2211
0.3269
0.3141
0.4051
0.2384
0.3391
0.2184
0.1848
0.4771
0.3494
0.3125
0.2169
0.283
0.1218
0.3291
0.1611
0.6066
0.3665
0.2378
0.375
0.1833
0.2295
0.5909
0.3438
0.6288
0.5087
0.2054
0.6389
0.3107
0.4527
0.4724
0.3862
0.3613
0.22
0.3333
0.3452
0.3077
0.1832
0.4331
0.3973
0.3529
0.2394
0.2917
0.3832
0.2649
0.2759
0.2927
0.2118
0.3609
0.13
0.3106
0.463
0.4234
0.349
0.4366
0.442
0.3125
0.1576
0.4024
0.5425
0.5077
0.2937
0.3224
0.4013
0.1834
0.4713
0.3086
0.264
0.3048
0.3727
0.1212
0.3605
0.1711
0.4892
0.3106
0.2118
0.2761
0.3082
0.4037
0.3505
0.3625
0.2762
0.2978
0.4596
0.3966
0.1949
0.2419
0.2338
0.6209
0.3862
0.1897
0.2956
0.3724
0.2339
0.2517
0.5214
0.7426
0.2074
0.3298
0.4963
0.3793
0.2917
0.25
0.4074
0.3117
0.3953
0.3176
0.3851
0.1813
0.4968
0.3582
0.2785
0.2774
0.3556
0.3068
0.2026
0.2406
0.5034
0.3121
0.2772
0.2704
0.6434
0.3315
0.3158
0.2841
0.3713
0.2957
0.3351
0.3824
0.2704
0.2985
0.2089
0.3503
0.2543
0.3158
0.2902
0.3115
0.2015
0.3434
0.2553
0.283
0.3038
0.664
0.2941
0.5685
0.358
0.18
0.5608
0.1364
0.3264
0.2
0.4
0.4211
0.2745
0.1602
0.3373
0.3602
0.4863
0.2585
0.3125
0.2256
0.2288
0.4314
0.3469
0.1887
0.2014
0.4468
0.331
0.3793
0.2601
0.1883
0.4512
0.3161
0.5064
0.2312
0.2867
0.4305
0.3401
0.3581
0.3584
0.4178
0.285
0.1538
0.2081
0.2512
0.3904
0.2042
0.4082
0.3519
0.3014
0.372
0.2649
0.3986
0.2529
0.1783
0.225
0.5407
0.2796
0.4653
0.1098
0.3725
0.2343
0.3218
0.1905
0.3015
0.4067
0.2474
0.2848
0.4371
0.3392
0.2105
0.4094
0.2848
0.3767
0.4706
0.3856
0.3333
0.3931
0.3052
0.2924
0.2308
0.2806
0.2609
0.4902
0.4889
0.2182
0.3778
0.2663
0.023
0.2331
0.2847
0.4409
0.3253
0.5036
0.1152
0.4636
0.2701
0.3916
0.0382
0.3718
0.037
0.3057
0.1789
0.2517
0.2622
0.4521
0.4012
0.2208
0.4118
0.259
0.4552
0.2035
0.3315
0.1277
0.3097
0.3397
0.3136
0.2953
0.4462
0.2822
0.1953
0.0488
0.2922
0.3622
0.2182
0.3061
0.1812
0.2832
0.616
0.0819
0.3913
0.5352
0.1724
0.3234
0.597
0.3697
0.4839
0.3409
0.6239
0.4718
0.4414
0.2398
0.293
0.1645
0.184
0.4834
0.3261
0.2398
0.2424
0.4892
0.3121
0.2941
0.2549
0.135
0.037
0.5655
0.2671
0.3077
0.3161
0.1761
0.1758
0.277
0.4713
0.3293
0.3439
0.1073
0.3087
0.1667
0.2071
0.1198
0.1429
0.3731
0.6529
0.3467
0.019
0.2857
0.0378
0.3696
0.4203
0.1854
0.366
0.0057
0.3733
0.1804
0.2956
0.3
0.3333
0.3228
0.0183
0.1862
0.1613
0.2484
0.2993
0.3139
0.3652
0.3353
0.2541
0.4832
0.2662
0.3312
0.2071
0.2973
0.236
0.3931
0.2907
0.3354
0.26
0.3842
0.4906
0.2202
0.2687
0.1944
0.2118
0.2242
0.1722
0.3235
0.4183
0.313
0.4121
0.2549
0.2357
0.3067
0.3512
0.1047
0.2258
0.3286
0.2134
0.3049
0.2414
0.1818
0.3118
0.2778
0.1628
0.1582
0.3099
0.2282
0.2711
0.2812
0.2138
0.2174
0.203
0.2697
0.3577
0.3467
0.3386
0.4741
0.4191
0.3642
0.2733
0.3874
0.3224
0.1449
0.3189
0.1566
0.0136
0.2833
0.3113
0.2365
0.1745
0.3701
0.1838
0.3775
0.2893
0.0222
0.2554
0.1935
0.2268
0.3308
0.3311
0.237
0.1875
0.354
0.2734
0.3526
0.1875
0.0941
0.5515
0.3214
0.3297
0.2237
0.2532
0.319
0.3456
0.4114
0.4808
0.4472
0.6268
0.4255
0.1824
0.2598
0.1818
0.4103
0.4167
0.3313
0.2926
0.298
0.1582
0.3412
0.5241
0.1494
0.3128
0.0235
0.3459
0.1923
0.3922
0.3673
0.3137
0.2614
0.2562
0.3776
0.2654
0.4026
0.2436
0.5211
0.3333
0.2837
0.2798
0.375
0.473
0.0714
0.2083
0.2745
0.25
0.0102
0.1576
0.3086
0.5245
0.2109
0.1709
0.1777
0.0312
0.1229
0.2833
0.4
0.1053
0.3623
0.5238
0.2922
0.1638
0.0586
0.2484
0.3806
0.2353
0.359
0.3118
0.2716
0.1908
0.1977
0.234
0.2685
0.4577
0.3154
0.1477
0.2698
0.1969
0.2532
0.2733
0.3904
0.3208
0.496
0.358
0.2877
0.3425
0.2222
0.267
0.1759
0.35
0.5226
0.2653
0.3769
0.416
0.2198
0.1477
0.2722
0.2857
0.3688
0.0381
0.2514
0.3193
0.2367
0.2824
0.1799
0.3106
0.2195
0.2298
0.2139
0.2371
0.303
0.1526
0.2749
0.2979
0.4903
0.4717
0.5547
0.2041
0.2941
0.4375
0.4509
0.2044
0.0539
0.186
0.0058
0.2574
0.1486
0.437
0.3179
0.327
0.0178
0.5182
0.7612
0.1686
0.2819
0.3714
0.443
0.561
0.2032
0.0417
0.5
0.2986
0.1585
0.3041
0.1685
0.061
0.4126
0.1911
0.415
0.3067
0.05
0.2966
0.2126
0.2695
0.2215
0.2917
0.2202
0.2362
0.2083
0.2575
0.2973
0.4058
0.3386
0.2242
0.2013
0.4183
0.2812
0.2732
0.2874
0.0157
0.3133
0.0194
0.2022
0.4545
0.2053
0.28
0.0193
0.64
0.2924
0.35
0.2945
0.2466
0.2363
0.4409
0.3836
0.253
0.3061
0.3896
0.0667
0.0262
0.3399
0.3566
0.0299
0.203
0.1844
0.2298
0.3082
0.3203
0.206
0.4941
0.1543
0.3446
0.2556
0.236
0.4133
0.2609
0.25
0.1854
0.5315
0.4938
0.3509
0.2059
0.1933
0.366
0.178
0.3595
0.4
0.2368
0.3939
0.3889
0.2295
0.3125
0.3139
0.241
0.2367
0.1742
0.3389
0.1463
0.2174
0.2895
0.4559
0.2661
0.3636
0.3248
0.2722
0.3355
0.415
0.2994
0.3897
0.2349
0.2429
0.3816
0.1875
0.2
0.2112
0.3944
0.1026
0.3487
0.1965
0.4636
0.2692
0.2848
0.4
0.0421
0.2867
0.3
0.012
0.2216
0.2324
0.3623
0.4173
0.2645
0.1544
0.3957
0.2649
0.3247
0.2131
0.2207
0.3701
0.3099
0.3885
0.3459
0.2699
0.2809
0.075
0.3059
0.3742
0.293
0.3145
0.351
0.1693
0.0357
0.375
0.3595
0.1534
0.2955
0.375
0.1557
0.3311
0.5153
0.1963
0.1959
0.4
0.3803
0.2238
0.5969
0.2216
0.035
0.1366
0.1493
0.3723
0.3265
0.3203
0.1938
0.1808
0.0368
0.4286
0.2118
0.3101
0.3333
0.3947
0.2194
0.5101
0.2265
0.3938
0.2611
0.3143
0.0521
0.0244
0.4516
0.2571
0.2686
0.4345
0.242
0.3727
0.2098
0.3913
0.4609
0.0275
0.3434
0.2745
0.2556
0.2318
0.0462
0.25
0.25
0.1145
0.2177
0.1081
0.288
0.2739
0.2876
0.293
0.2374
0.2
0.2102
0.4786
0.2012
0.2516
0.6077
0.1761
0.2593
0.2638
0.2337
0.375
0.3434
0.3296
0.2378
0.1689
0.2446
0.0271
0.2529
0.1987
0.4259
0.1988
0.331
0.3931
0.2249
0.4317
0.3681
0.4936
0.3553
0.3091
0.3401
0.0699
0.2529
0.2645
0.3296
0.1976
0.2424
0.5
0.3054
0.3212
0.2727
0.4214
0.1569
0.2692
0.329
0.0201
0.4697
0.2191
0.2606
0.2682
0.2721
0.2667
0.2023
0.5407
0.2579
0.2814
0.3015
0.2676
0.3521
0.1374
0.0355
0.5235
0.1839
0.3018
0.2303
0.2119
0.1768
0.2606
0.2695
0.1384
0.4336
0.3268
0.4427
0.4426
0.3566
0.0696
0.2865
0.2548
0.3174
0.0468
0.0102
0.4041
0.1905
0.3121
0.0338
0.171
0.3253
0.1467
0.0828
0.2625
0.3034
0.3696
0.325
0.1916
0.2701
0.0444
0.3713
0.2131
0.2822
0.3543
0.3842
0.2734
0.2919
0.4189
0.293
0.2282
0.4097
0.2632
0.413
0.3667
0.3939
0.226
0.3108
0.5474
0.2139
0.3204
0.0225
0.4014
0.2155
0.076
0.2249
0.2118
0.1223
0.2357
0.2955
0.3835
0.4198
0.184
0.266
0.3252
0.3986
0.235
0.4737
0.1782
0.289
0.4074
0.0211
0.5255
0.2115
0.1847
0.2254
0.2895
0.026
0.198
0.531
0.2484
0.2745
0.2368
0.1657
0.1702
0.3662
0.0361
0.2195
0.3904
0.1598
0.3924
0.1899
0.3701
0.3202
0.289
0.4908
0.0317
0.1696
0.275
0.3256
0.1925
0.2824
0.2147
0.2222
0.3706
0.0839
0.3672
0.3957
0.3354
0.4236
0.1976
0.0506
0.3765
0.4218
0.1587
0.4812
0.4615
0.0359
0.041
0.2786
0.5139
0.3034
0.3216
0.2994
0.3663
0.3472
0.2818
0.1744
0.2841
0.186
0.0286
0.2955
0.4773
0.3803
0.2083
0.1848
0.5141
0.3333
0.3515
0.3258
0.1326
0.1773
0.1543
0.2701
0.1639
0.3378
0.0663
0.3585
0.337
0.3155
0.3113
0.2778
0.11
0.2432
0.3007
0.0756
0.246
0.4403
0.4248
0.1435
0.3691
0.2982
0.0225
0.4348
0.3313
0.023
0.2762
0.3354
0.0878
0.3521
0.3456
0.3481
0.4385
0.2865
0.2157
0.1526
0.2949
0.3205
0.3861
0.2442
0.2067
0.2069
0.1576
0.4118
0.3659
0.2841
0.1302
0.2188
0.1154
0.1963
0.013
0.0679
0.3415
0.1758
0.3728
0.0417
0.1676
0.5455
0.3062
0.5909
0.4046
0.1436
0.0393
0.3164
0.4054
0.4173
0.4236
0.0269
0.2252
0.2628
0.3631
0.2326
0.2094
0.4724
0.4247
0.3588
0.2074
0.0208
0.3832
0.1925
0.0311
0.2364
0.2
0.1915
0.135
0.2981
0.4074
0.4234
0.3289
0.0429
0.3
0.2812
0.1515
0.2927
0.549
0.5154
0.019
0.3158
0.4037
0.1834
0.3354
0.2901
0.2697
0.2727
0.2761
0.105
0.3103
0.1925
0.3885
0.323
0.0814
0.3006
0.239
0.0216
0.3041
0.0326
0.2514
0.2697
0.4074
0.3736
0.1917
0.2
0.2387
0.5882
0.3862
0.1771
0.3082
0.3586
0.193
0.2318
0.0471
0.6634
0.2181
0.0283
0.4519
0.2993
0.05
0.2297
0.0328
0.3247
0.3488
0.2635
0.4054
0.1467
0.4076
0.3284
0.3165
0.2692
0.3407
0.2914
0.0875
0.2287
0.4636
0.293
0.2446
0.2327
0.5736
0.2809
0.2573
0.2614
0.3293
0.2903
0.045
0.3059
0.2516
0.2388
0.1718
0.2881
0.2428
0.2763
0.2539
0.2732
0.194
0.3434
0.2482
0.283
0.3019
0.592
0.3059
0.0503
0.3051
0.1226
0.5068
0.2143
0.037
0.1437
0.3667
0.3806
0.3026
0.2099
0.2952
0.2622
0.5548
0.2222
0.3438
0.2289
0.2353
0.0651
0.375
0.1761
0.2014
0.4043
0.2828
0.4615
0.2832
0.1883
0.4329
0.3057
0.4359
0.0443
0.0377
0.3072
0.3265
0.0536
0.2832
0.5035
0.2513
0.142
0.1754
0.2326
0.3219
0.1066
0.3946
0.2346
0.2585
0.3293
0.2554
0.4056
0.2529
0.1911
0.225
0.4559
0.03
0.3289
0.275
0.3856
0.24
0.0207
0.1548
0.2868
0.3267
0.2158
0.298
0.3832
0.3333
0.1974
0.3081
0.2788
0.3562
0.4088
0.3725
