x
0.3193
0.2996
0.2999
0.3424
0.3323
0.319
0.3552
0.3138
0.2682
0.3462
0.3359
0.3311
0.3215
0.3247
0.3098
0.3078
0.3382
0.3005
0.3508
0.2975
0.3198
0.3209
0.3227
0.3235
0.3083
0.3257
0.3396
0.3533
0.2941
0.3149
0.2926
0.3484
0.3017
0.3448
0.3063
0.3089
0.308
0.3639
0.3204
0.3424
0.302
0.3265
0.3224
0.3349
0.3339
0.331
0.3352
0.3223
0.3545
0.2934
0.3426
0.355
0.2816
0.3131
0.34
0.2892
0.3346
0.3331
0.2984
0.2769
0.3055
0.2898
0.2832
0.3356
0.2984
0.3472
0.3369
0.3462
0.3556
0.3164
0.3158
0.3286
0.323
0.3087
0.323
0.3364
0.3482
0.317
0.3041
0.2933
0.3335
0.3049
0.3284
0.3473
0.3582
0.3322
0.3067
0.3253
0.31
0.3891
0.3074
0.3683
0.3254
0.3712
0.3486
0.3354
0.3276
0.294
0.3623
0.3538
0.3209
0.2996
0.3015
0.3405
0.3167
0.3455
0.3099
0.346
0.3159
0.2909
0.3219
0.3264
0.3263
0.3443
0.3563
0.3024
0.3487
0.3406
0.3237
0.3526
0.3442
0.3236
0.3264
0.3221
0.3523
0.3254
0.3152
0.3232
0.3709
0.3193
0.3252
0.3226
0.2858
0.3215
0.3048
0.3631
0.3166
0.3369
0.3512
0.3489
0.2649
0.333
0.3122
0.3433
0.3177
0.3076
0.334
0.3311
0.3418
0.3346
0.3542
0.3365
0.3467
0.3469
0.2932
0.3297
0.3332
0.3271
0.3012
0.3334
0.3245
0.3547
0.3272
0.3194
0.3491
0.327
0.3072
0.2883
0.3156
0.3034
0.3264
0.3033
0.352
0.2712
0.3315
0.3664
0.3021
0.3304
0.3021
0.3125
0.3369
0.3327
0.3221
0.2956
0.3035
0.3244
0.3226
0.2606
0.3203
0.348
0.3556
0.3148
0.2941
0.3265
0.3329
0.3183
0.3666
0.3108
0.3231
0.3521
0.3468
0.3013
0.3122
0.3181
0.359
0.3025
0.3174
0.3092
0.3118
0.3285
0.281
0.3127
0.3314
0.3208
0.3651
0.3199
0.3177
0.3066
0.3306
0.3054
0.3448
0.288
0.279
0.3671
0.3036
0.3459
0.3274
0.3542
0.3038
0.3095
0.3071
0.3226
0.3092
0.307
0.3241
0.3015
0.3056
0.2781
0.301
0.3361
0.3153
0.309
0.2918
0.3511
0.3207
0.2981
0.3042
0.3501
0.3246
0.3279
0.2807
0.3157
0.3231
0.3421
0.3413
0.3616
0.3424
0.3105
0.3742
0.339
0.2295
0.3149
0.3649
0.3576
0.345
0.2999
0.3393
0.3109
0.3253
0.3261
0.3467
0.3461
0.349
0.3394
0.2954
0.3363
0.3527
0.3404
0.3623
0.3484
0.3149
0.2965
0.3247
0.2834
0.3282
0.3503
0.3363
0.3414
0.3233
0.3504
0.3106
0.3102
0.2949
0.3108
0.3285
0.339
0.3621
0.3534
0.3371
0.2874
0.3445
0.3343
0.3273
0.3336
0.338
0.3459
0.303
0.3651
0.3398
0.3128
0.3406
0.3227
0.3804
0.3301
0.3252
0.3071
0.3032
0.289
0.353
0.321
0.3084
0.3059
0.3462
0.3169
0.3411
0.2848
0.3481
0.3641
0.3038
0.3239
0.3489
0.2685
0.2913
0.2856
0.3454
0.3154
0.3159
0.313
0.2822
0.3194
0.3568
0.3181
0.3131
0.3428
0.3235
0.3406
0.3596
0.3157
0.3426
0.301
0.3066
0.3375
0.3284
0.3514
0.3353
0.3533
0.3386
0.3187
0.3494
0.3181
0.3455
0.3138
0.3377
0.281
0.3435
0.3423
0.3055
0.3596
0.2842
0.2959
0.323
0.3277
0.3881
0.3419
0.2916
0.327
0.3472
0.3502
0.2605
0.3516
0.2877
0.2887
0.3334
0.3314
0.2953
0.3294
0.3392
0.318
0.3258
0.295
0.2753
0.329
0.3289
0.3268
0.336
0.3203
0.3518
0.3107
0.3277
0.3288
0.2615
0.3278
0.2864
0.3262
0.314
0.3184
0.3312
0.3556
0.3361
0.2462
0.3013
0.2985
0.3183
0.3505
0.3177
0.3533
0.315
0.3101
0.3482
0.3579
0.3282
0.3235
0.3165
0.2941
0.3563
0.34
0.3395
0.3342
0.3434
0.2975
0.3121
0.2979
0.3185
0.3099
0.3253
0.3075
0.2679
0.2988
0.3065
0.2979
0.3024
0.3352
0.319
0.3545
0.3508
0.332
0.2899
0.2798
0.3009
0.355
0.296
0.3142
0.3125
0.2931
0.3339
0.3216
0.2852
0.3167
0.3388
0.3162
0.2971
0.2788
0.3371
0.3451
0.2896
0.3198
0.3079
0.3363
0.3449
0.3008
0.3219
0.3191
0.2742
0.3285
0.3261
0.3612
0.323
0.3118
0.3311
0.344
0.3066
0.3368
0.353
0.3232
0.3379
0.3416
0.3051
0.2841
0.3545
0.3166
0.2787
0.3499
0.3362
0.3241
0.3247
0.3194
0.2969
0.3359
0.3213
0.3525
0.3636
0.3184
0.3409
0.3106
0.3183
0.3542
0.3506
0.3072
0.3298
0.315
0.3256
0.2919
0.297
0.3013
0.2998
0.3107
0.313
0.3018
0.3154
0.3458
0.2948
0.3251
0.3271
0.3286
0.3148
0.2999
0.3279
0.3219
0.3158
0.3643
0.2763
0.3256
0.3362
0.3387
0.2825
0.3435
0.3146
0.3722
0.3126
0.358
0.3323
0.3343
0.3343
0.3516
0.3363
0.3007
0.3483
0.3111
0.3597
0.3209
0.2628
0.3474
0.3391
0.344
0.3559
0.3002
0.3204
0.3344
0.3385
0.3358
0.3047
0.3578
0.3275
0.3372
0.3008
0.3208
0.3383
0.3172
0.322
0.2945
0.3049
0.2891
0.3032
0.3363
0.3248
0.3428
0.3352
0.3269
0.2666
0.34
0.3277
0.3301
0.3237
0.3455
0.3361
0.2791
0.3494
0.3321
0.3384
0.3073
0.2841
0.3398
0.3326
0.3314
0.3193
0.3098
0.3007
0.3112
0.3271
0.326
0.3212
0.2897
0.3301
0.3551
0.3317
0.2866
0.3427
0.3105
0.3514
0.3307
0.3718
0.339
0.3164
0.3595
0.3179
0.3257
0.2962
0.3118
0.3162
0.3035
0.3192
0.3071
0.3056
0.2919
0.327
0.3027
0.3015
0.3122
0.341
0.349
0.3131
0.346
0.3299
0.3087
0.3542
0.324
0.3336
0.3383
0.33
0.3379
0.3403
0.3118
0.3084
0.305
0.3137
0.3409
0.3106
0.29
0.3236
0.3576
0.2968
0.2946
0.2657
0.2978
0.332
0.3351
0.3414
0.328
0.3476
0.339
0.3177
0.3374
0.3187
0.3186
0.3283
0.3308
0.3381
0.3202
0.2702
0.3173
0.3007
0.3428
0.3206
0.2877
0.2919
0.3489
0.2895
0.3341
0.3491
0.2719
0.353
0.3043
0.3244
0.3283
0.3327
0.3261
0.3243
0.3321
0.322
0.3304
0.3156
0.3164
0.3498
0.3414
0.3307
0.3287
0.3401
0.2974
0.3582
0.3146
0.3597
0.3097
0.2738
0.3396
0.3126
0.3191
0.3637
0.3217
0.3205
0.3353
0.3023
0.3412
0.3195
0.2988
0.334
0.3153
0.3349
0.321
0.2975
0.3376
0.353
0.3247
0.292
0.3296
0.3022
0.3
0.3041
0.3295
0.335
0.313
0.3535
0.3197
0.3321
0.3267
0.3109
0.3183
0.332
0.3047
0.3214
0.335
0.3339
0.3039
0.3274
0.3434
0.353
0.3033
0.3182
0.3088
0.3315
0.3361
0.3621
0.3461
0.3504
0.3116
0.3402
0.3174
0.2867
0.35
0.3299
0.3166
0.3209
0.3748
0.3361
0.318
0.3321
0.3563
0.3095
0.2963
0.3546
0.3394
0.3269
0.3384
0.3029
0.2877
0.3085
0.324
0.3027
0.3209
0.3157
0.3197
0.3192
0.338
0.3207
0.344
0.3627
0.32
0.3408
0.3082
0.3212
0.2936
0.3588
0.3577
0.3169
0.3014
0.3404
0.3502
0.3541
0.3614
0.3371
0.35
0.3179
0.3187
0.3555
0.2877
0.3015
0.3532
0.2892
0.3454
0.2657
0.316
0.3673
0.2988
0.3233
0.3251
0.2894
0.2752
0.3181
0.3501
0.3133
0.3389
0.3247
0.3488
0.2999
0.3122
0.2874
0.3165
0.353
0.3278
0.3504
0.3217
0.33
0.3342
0.315
0.3612
0.3094
0.3274
0.3158
0.3087
0.3147
0.3306
0.3103
0.3549
0.3303
0.3057
0.2871
0.3184
0.3073
0.323
0.3313
0.3398
0.3552
0.3369
0.3261
0.335
0.3555
0.3121
0.3595
0.2961
0.295
0.3578
0.2956
0.3322
0.3205
0.3368
0.3244
0.3285
0.3013
0.2818
0.3107
0.3282
0.32
0.3093
0.2804
0.3114
0.3543
0.3128
0.3109
0.3325
0.3403
0.2758
0.291
0.3536
0.3117
0.2976
0.3089
0.3382
0.3329
0.3329
0.3196
0.2963
0.3254
0.2986
0.3641
0.3163
0.3259
0.3359
0.3224
0.3155
0.3282
0.3509
0.3227
0.2799
0.2946
0.3437
0.3167
0.3
0.3114
0.3294
0.3276
0.3235
0.3443
0.3532
0.3197
0.3417
0.3283
0.3269
0.3136
0.3189
0.3251
0.3273
0.3162
0.3481
0.3181
0.3248
0.2984
0.2791
0.297
0.327
0.3102
0.3098
0.3332
0.2933
0.3435
0.3169
0.3465
0.306
0.2894
0.3263
0.3597
0.3528
0.334
0.3148
0.3593
0.2841
0.3296
0.3286
0.3286
0.3157
0.3434
0.3598
0.3129
0.3334
0.3229
0.3215
0.3413
0.2567
0.3361
0.325
0.3492
0.2953
0.2806
0.3147
0.3291
0.3222
0.2858
0.349
0.3569
0.3369
0.3233
0.3125
0.362
0.3274
0.3356
0.3339
0.3398
0.348
0.2993
0.3121
0.3399
0.3262
0.2718
0.3326
0.3214
0.3175
0.3124
0.3382
0.3175
0.3701
0.3496
0.3334
0.3131
0.3408
0.3061
0.32
0.3561
0.3235
0.3347
0.3418
0.3122
0.2913
0.314
0.3022
0.2938
0.3462
0.3371
0.3292
0.3437
0.3092
0.265
0.3342
0.3368
0.3275
0.3247
0.3283
0.3048
0.3158
0.3413
0.2999
0.3506
0.2907
0.3214
0.3126
0.3258
0.3249
0.2995
0.3264
0.3367
0.3492
0.3069
0.3097
0.2904
0.3557
0.3063
0.3517
0.3046
0.3088
0.3043
0.363
0.3199
0.3455
0.2953
0.3195
0.3219
0.3306
0.3106
0.3337
0.3267
0.3212
0.3523
0.3106
0.342
0.3477
0.2992
0.3114
0.3421
0.2803
0.3369
0.3268
0.3088
0.2811
0.3074
0.291
0.2771
0.3375
0.2918
0.3532
0.3385
0.3491
0.345
0.316
0.3127
0.3283
0.3184
0.3116
0.3219
0.3383
0.35
0.326
0.2951
0.2706
0.3293
0.3053
0.3269
0.3455
0.3713
0.3264
0.3111
0.3242
0.3247
0.3872
0.3075
0.3699
0.3264
0.3749
0.3514
0.3398
0.3236
0.2817
0.3572
0.3547
0.3137
0.2965
0.3034
0.3425
0.3201
0.3432
0.3087
0.3431
0.3135
0.285
0.3107
0.3223
0.3392
0.345
0.3533
0.2961
0.3451
0.3345
0.3164
0.3292
0.3552
0.3197
0.3261
0.3122
0.3507
0.3334
0.3155
0.3229
0.3704
0.3279
0.3279
0.3254
0.2758
0.3184
0.3009
0.3609
0.3077
0.3371
0.3618
0.3493
0.2837
0.335
0.3038
0.3469
0.3102
0.2963
0.3291
0.3332
0.3416
0.3261
0.3601
0.3291
0.344
0.3523
0.2951
0.331
0.3333
0.3285
0.299
0.3363
0.3199
0.3541
0.3239
0.318
0.3447
0.3274
0.3283
0.2823
0.3191
0.2971
0.3168
0.3006
0.3405
0.2644
0.3251
0.368
0.3086
0.3225
0.2991
0.3091
0.3319
0.338
0.3217
0.3038
0.3049
0.3195
0.3205
0.2572
0.3203
0.349
0.3504
0.2926
0.2834
0.3214
0.3324
0.3128
0.3657
0.3082
0.3268
0.3619
0.3382
0.2996
0.3168
0.3249
0.3555
0.2988
0.309
0.3104
0.3146
0.321
0.2803
0.2866
0.3386
0.3148
0.3849
0.3218
0.3252
0.3136
0.3306
0.3054
0.3581
0.2917
0.268
0.3663
0.3064
0.3535
0.3268
0.3499
0.3079
0.3086
0.3035
0.3277
0.3142
0.3166
0.323
0.2956
0.3051
0.2497
0.2986
0.3348
0.3255
0.3093
0.2789
0.3468
0.3181
0.3295
0.2973
0.3546
0.3205
0.3278
0.2824
0.3072
0.3279
0.3457
0.3395
0.3674
0.3432
0.3129
0.3713
0.3438
0.2836
0.3221
0.3627
0.3538
0.3475
0.2853
0.3325
0.3037
0.3169
0.3232
0.351
0.355
0.3467
0.348
0.2953
0.3343
0.3524
0.3361
0.3579
0.3341
0.3215
0.3024
0.3229
0.2809
0.3266
0.3515
0.3532
0.3358
0.3187
0.3561
0.3061
0.2998
0.2935
0.305
0.3245
0.3471
0.3661
0.3598
0.3437
0.2797
0.342
0.3353
0.3221
0.3346
0.3367
0.339
0.3065
0.3654
0.3417
0.311
0.3387
0.311
0.3776
0.3321
0.3249
0.2799
0.297
0.2777
0.3521
0.3284
0.3087
0.3011
0.3508
0.3154
0.3448
0.2908
0.3523
0.3595
0.3065
0.3165
0.3416
0.2628
0.284
0.2864
0.3496
0.3116
0.3143
0.3075
0.2685
0.3234
0.3503
0.3259
0.3058
0.3386
0.3312
0.3385
0.3717
0.3048
0.3595
0.2968
0.3786
0.3366
0.3371
0.3611
0.3454
0.3548
0.3361
0.3271
0.3495
0.3228
0.3491
0.3111
0.3648
0.2775
0.3368
0.3358
0.2932
0.3602
0.2864
0.3008
0.3201
0.333
0.3865
0.3434
0.3015
0.3251
0.35
0.3556
0.2478
0.3488
0.2892
0.2885
0.3309
0.3352
0.3113
0.3122
0.3425
0.3269
0.3167
0.2944
0.2622
0.3223
0.3321
0.3175
0.3393
0.333
0.3516
0.329
0.3095
0.3238
0.2693
0.3322
0.2794
0.3341
0.3162
0.3159
0.3272
0.3573
0.3467
0.2317
0.3009
0.2966
0.3128
0.347
0.3056
0.3488
0.3127
0.311
0.3516
0.3447
0.3252
0.3192
0.3172
0.3089
0.353
0.342
0.3363
0.329
0.3464
0.2951
0.3149
0.2964
0.3148
0.3157
0.3184
0.3066
0.2696
0.2929
0.3107
0.2971
0.2908
0.3298
0.32
0.3566
0.3347
0.3324
0.2864
0.2774
0.301
0.3596
0.2882
0.3004
0.3192
0.287
0.3342
0.3145
0.2852
0.3153
0.3457
0.3103
0.2804
0.2829
0.3345
0.3447
0.279
0.3175
0.3094
0.3458
0.3479
0.302
0.3196
0.3209
0.2703
0.3285
0.3236
0.3558
0.3307
0.2982
0.3275
0.347
0.3036
0.3364
0.3519
0.3168
0.3354
0.339
0.2929
0.2847
0.3518
0.3116
0.291
0.3504
0.3311
0.3164
0.316
0.3258
0.3045
0.3403
0.3243
0.3504
0.3473
0.3316
0.3179
0.3005
0.3119
0.3533
0.3535
0.303
0.3288
0.3122
0.3192
0.2766
0.2899
0.2979
0.2991
0.3118
0.3201
0.3033
0.3117
0.3116
0.295
0.3325
0.3344
0.3276
0.3148
0.2952
0.3248
0.3334
0.3145
0.3601
0.2841
0.3268
0.3402
0.3362
0.281
0.3506
0.3059
0.3678
0.3069
0.357
0.334
0.3202
0.311
0.3493
0.3224
0.2998
0.3636
0.3233
0.349
0.3233
0.2646
0.3512
0.3314
0.3411
0.3592
0.3063
0.3153
0.3336
0.3381
0.3363
0.3205
0.3548
0.3311
0.3318
0.2911
0.3135
0.3385
0.3138
0.3242
0.2946
0.3107
0.2919
0.3137
0.3383
0.3159
0.3354
0.3212
0.3107
0.2784
0.354
0.3255
0.3308
0.3268
0.3458
0.3417
0.2644
0.3504
0.3223
0.3396
0.3078
0.2823
0.3311
0.3323
0.3491
0.341
0.3019
0.3006
0.3055
0.3294
0.3267
0.3219
0.282
0.331
0.3544
0.3336
0.286
0.3404
0.3114
0.3511
0.3329
0.3734
0.3359
0.3124
0.361
0.3086
0.3239
0.2941
0.3028
0.3105
0.3035
0.3107
0.2958
0.3048
0.2876
0.3263
0.2976
0.3259
0.3162
0.3408
0.3483
0.3054
0.3531
0.3306
0.2957
0.3713
0.3218
0.3266
0.3294
0.3367
0.3453
0.3371
0.3317
0.3095
0.2929
0.3211
0.3391
0.3173
0.2809
0.3229
0.3654
0.2989
0.2927
0.2551
0.2878
0.3306
0.3353
0.3348
0.3253
0.3479
0.3329
0.306
0.3382
0.3166
0.3207
0.3279
0.3321
0.3321
0.3043
0.2617
0.3171
0.3034
0.3538
0.3283
0.2952
0.2955
0.3581
0.2928
0.331
0.3549
0.2658
0.3541
0.2958
0.315
0.3275
0.3393
0.3221
0.3204
0.3376
0.3203
0.3248
0.3181
0.3074
0.3702
0.3492
0.3341
0.327
0.3385
0.2923
0.369
0.3197
0.3718
0.3035
0.2801
0.3217
0.308
0.3174
0.3631
0.3363
0.3158
0.3439
0.2915
0.3397
0.3158
0.2889
0.3311
0.3139
0.3385
0.3258
0.2822
0.3365
0.3563
0.3263
0.2983
0.3333
0.2964
0.3032
0.3034
0.3239
0.3363
0.3028
0.3547
0.3151
0.3207
0.3261
0.3134
0.32
0.3395
0.3033
0.3357
0.3343
0.3279
0.3193
0.3279
0.3464
0.3545
0.3085
0.3146
0.3103
0.3327
0.3369
0.3614
0.3475
0.3487
0.3151
0.3531
0.3171
0.2743
0.3439
0.3365
0.3137
0.3247
0.3771
0.3367
0.3221
0.3308
0.3567
0.3054
0.2752
0.3535
0.3389
0.3213
0.3402
0.2949
0.284
0.3152
0.3213
0.2976
0.3159
0.3103
0.3209
0.3213
0.3332
0.3162
0.342
0.366
0.3304
0.3326
0.2991
0.3213
0.2934
0.3582
0.3626
0.3175
0.3026
0.3382
0.3507
0.3638
0.3651
0.3335
0.3425
0.3109
0.3147
0.3563
0.2775
0.3031
0.353
0.2901
0.3417
0.2613
0.3066
0.3581
0.2886
0.3225
0.3289
0.2804
0.2694
0.3055
0.3405
0.3223
0.3386
0.3233
0.349
0.293
0.3197
0.2876
0.3149
0.3421
0.3271
0.3453
0.3185
0.3306
0.3336
0.3111
0.3652
0.3084
0.3127
0.3102
0.3073
0.3053
0.3333
0.3094
0.3537
0.3231
0.298
0.3171
0.318
0.3014
0.3268
0.3269
0.3376
0.3568
0.3407
0.3187
0.3353
0.3551
0.3072
0.3867
0.2982
0.2959
0.3593
0.3001
0.3457
0.3166
0.3325
0.3246
0.3225
0.2973
0.2829
0.3164
0.3214
0.3207
0.3102
0.2587
0.3137
0.3505
0.3162
0.3041
0.3286
0.3366
0.2778
0.2887
0.3522
0.3025
0.2979
0.312
0.3381
0.3329
0.3337
0.3119
0.2897
0.3279
0.2941
0.3668
0.3154
0.3223
0.3345
0.3247
0.3142
0.3322
0.347
0.3175
0.2875
0.3025
0.3486
0.3184
0.2953
0.3052
0.327
0.3274
0.3245
0.335
0.3463
0.3131
0.3363
0.3288
0.3177
0.303
0.3231
0.3235
0.3322
0.3103
0.3451
0.3188
0.3207
0.2945
0.2655
0.3006
0.3173
0.3119
0.3074
0.3378
0.2994
0.3465
0.3037
0.3437
0.3106
0.3031
0.3261
0.3611
0.3503
0.3293
0.3141
0.3602
0.2842
0.3356
0.3337
0.3296
0.3164
0.3302
0.3626
0.3255
0.3348
0.3253
0.3239
0.3402
0.2636
0.337
0.323
0.3487
0.3004
0.2839
0.3056
0.3205
0.3202
0.2864
0.3485
0.3704
0.3359
0.318
0.3146
0.3638
0.3273
0.3354
0.3242
0.3385
0.3548
0.2983
0.312
0.3429
0.3263
0.2782
0.3339
0.3189
0.3648
0.3014
0.3331
0.3212
0.3642
0.3435
0.3313
0.3166
0.3389
0.3197
0.322
0.3565
0.3237
0.3333
0.3311
0.2983
0.2876
0.3542
0.3026
0.2926
0.3394
0.3352
0.3434
0.3485
0.3421
0.2813
0.3363
0.3584
0.3686
0.399
0.3725
0.3071
0.3077
0.3383
0.3406
0.3619
0.3762
0.3405
0.3294
0.3987
0.3825
0.3939
0.3654
0.3453
0.3543
0.305
0.3233
0.2869
0.3616
0.3041
0.3515
0.301
0.3797
0.3104
0.3639
0.3398
0.3871
0.3576
0.3213
0.3223
0.3343
0.336
0.4
0.3412
0.3297
0.3787
0.3236
0.3546
0.3458
0.3503
0.4
0.3447
0.2794
0.349
0.3296
0.2924
0.2745
0.3166
0.2842
0.2672
0.3319
0.2926
0.3708
0.3347
0.3672
0.3725
0.304
0.3438
0.3293
0.3207
0.3037
0.3525
0.3458
0.3505
0.3975
0.4
0.3258
0.3313
0.3122
0.3411
0.3499
0.3873
0.3376
0.312
0.3821
0.3679
0.3871
0.3126
0.3782
0.3561
0.3776
0.3623
0.344
0.3232
0.3019
0.4
0.3898
0.3991
0.2928
0.3027
0.3462
0.3528
0.4
0.3086
0.3477
0.3197
0.2854
0.3655
0.334
0.4
0.3875
0.3632
0.3035
0.3864
0.3845
0.3777
0.3332
0.3762
0.3283
0.324
0.3093
0.3593
0.3604
0.3075
0.3417
0.3846
0.35
0.3291
0.3674
0.3297
0.3299
0.3014
0.3569
0.3794
0.3466
0.3839
0.3768
0.3085
0.3528
0.3005
0.3466
0.3172
0.2988
0.3319
0.3972
0.3813
0.3337
0.3768
0.3345
0.3423
0.3881
0.3571
0.3374
0.35
0.3679
0.3014
0.3822
0.3404
0.3534
0.3549
0.3161
0.3474
0.3794
0.3324
0.3281
0.3626
0.376
0.3644
0.327
0.3472
0.2899
0.3144
0.3749
0.3091
0.3657
0.4
0.3788
0.3666
0.3859
0.3258
0.2954
0.3592
0.3234
0.33
0.399
0.3184
0.379
0.3618
0.2965
0.289
0.3185
0.3624
0.3171
0.3702
0.3457
0.3286
0.3923
0.346
0.299
0.3197
0.3791
0.3528
0.2982
0.3468
0.3073
0.3119
0.3282
0.2963
0.2847
0.3345
0.3801
0.3619
0.325
0.3225
0.3221
0.3448
0.3784
0.3591
0.3175
0.3492
0.3668
0.313
0.3992
0.3254
0.3676
0.3415
0.314
0.3317
0.3268
0.3651
0.3788
0.3829
0.2986
0.3328
0.26
0.3224
0.3374
0.3306
0.3627
0.2751
0.3916
0.3199
0.3044
0.3759
0.4
0.3531
0.3517
0.2841
0.3077
0.3354
0.3867
0.3973
0.3535
0.3397
0.3249
0.3853
0.3032
0.2159
0.3389
0.3846
0.3953
0.3775
0.3652
0.3582
0.3139
0.3409
0.3828
0.3859
0.3687
0.3604
0.3425
0.3154
0.335
0.3881
0.3363
0.3632
0.3413
0.3188
0.3241
0.3439
0.3018
0.3403
0.3875
0.3851
0.3703
0.3672
0.3452
0.3019
0.3267
0.3004
0.3309
0.3437
0.3605
0.3696
0.356
0.3798
0.3297
0.3983
0.3462
0.3278
0.3319
0.3447
0.3388
0.3275
0.3917
0.341
0.319
0.3862
0.3565
0.3854
0.3278
0.3681
0.2757
0.335
0.2749
0.3739
0.3283
0.307
0.3269
0.3683
0.3978
0.3582
0.4
0.3524
0.3689
0.3101
0.3666
0.3524
0.3986
0.3505
0.2941
0.3753
0.3813
0.3282
0.3208
0.3489
0.3172
0.4
0.3146
0.3072
0.3418
0.3447
0.3793
0.3961
0.3782
0.373
0.3574
0.3783
0.3982
0.3526
0.3654
0.3315
0.3809
0.3371
0.3343
0.3574
0.3323
0.3467
0.3617
0.3681
0.3717
0.3414
0.3352
0.3414
0.3754
0.288
0.3362
0.4
0.3596
0.4
0.3429
0.3595
0.3319
0.3654
0.3976
0.2537
0.3881
0.2826
0.3357
0.3236
0.3294
0.2967
0.3074
0.3638
0.3827
0.3136
0.3943
0.3961
0.3269
0.3571
0.3983
0.3348
0.3345
0.3708
0.3106
0.3197
0.3232
0.3705
0.3343
0.374
0.3317
0.3642
0.3328
0.3476
0.3566
0.3474
0.2294
0.2998
0.2991
0.3098
0.3678
0.3326
0.3559
0.308
0.3045
0.3508
0.3589
0.3241
0.3261
0.3649
0.3008
0.3674
0.3334
0.3406
0.3321
0.3422
0.3243
0.3044
0.2942
0.3146
0.3309
0.3572
0.3191
0.2974
0.2946
0.3047
0.3039
0.2999
0.3841
0.3511
0.3894
0.3325
0.3273
0.2896
0.3926
0.2965
0.3582
0.2981
0.378
0.3173
0.2865
0.3981
0.3762
0.2806
0.3989
0.3429
0.3183
0.3349
0.2763
0.3423
0.3876
0.3078
0.3178
0.343
0.3836
0.3607
0.3417
0.3269
0.3361
0.3712
0.3699
0.3231
0.3936
0.3378
0.3094
0.334
0.3482
0.3075
0.3412
0.3991
0.3178
0.3498
0.3431
0.3212
0.2848
0.3548
0.3428
0.283
0.3649
0.38
0.3407
0.3226
0.3909
0.3725
0.3379
0.398
0.3595
0.3824
0.3395
0.3247
0.3507
0.3144
0.3548
0.3976
0.3096
0.3343
0.3812
0.3418
0.2863
0.2993
0.3138
0.3157
0.3079
0.3174
0.3593
0.3956
0.3941
0.2895
0.3657
0.333
0.3258
0.3656
0.2919
0.3703
0.3663
0.3245
0.3971
0.2933
0.3277
0.36
0.3428
0.3965
0.3707
0.377
0.3819
0.3072
0.3545
0.3498
0.3805
0.3046
0.3528
0.327
0.3808
0.3636
0.3623
0.3883
0.3266
0.2675
0.3765
0.353
0.3422
0.3795
0.322
0.3313
0.336
0.3615
0.385
0.3315
0.3991
0.3338
0.3707
0.2925
0.3138
0.335
0.3602
0.3191
0.3133
0.3104
0.2932
0.3049
0.3545
0.3099
0.3975
0.3211
0.3276
0.3045
0.3655
0.3292
0.3332
0.352
0.342
0.3483
0.2651
0.3519
0.3197
0.3449
0.4
0.3525
0.3527
0.3339
0.3352
0.3433
0.3167
0.303
0.3453
0.3674
0.3218
0.3257
0.2917
0.3266
0.3637
0.399
0.2951
0.3534
0.307
0.3525
0.3477
0.3734
0.3616
0.3096
0.3907
0.3248
0.3643
0.2922
0.3008
0.3087
0.3979
0.3427
0.3264
0.3782
0.3966
0.4
0.301
0.3331
0.3118
0.3993
0.3474
0.3201
0.35
0.4
0.3398
0.3552
0.3257
0.3818
0.3338
0.3831
0.3926
0.3364
0.3061
0.3122
0.3523
0.3294
0.3574
0.3787
0.2796
0.3824
0.3656
0.3571
0.2996
0.2996
0.3767
0.3335
0.3851
0.3636
0.3287
0.35
0.3845
0.3955
0.3832
0.3769
0.3989
0.366
0.3358
0.3343
0.3757
0.3441
0.3098
0.2999
0.3739
0.3275
0.3195
0.3089
0.3894
0.2967
0.3364
0.3475
0.2741
0.3991
0.2997
0.3281
0.3666
0.3543
0.3224
0.4
0.3462
0.3305
0.3745
0.3202
0.3152
0.3498
0.3874
0.3834
0.3992
0.3441
0.2986
0.371
0.3236
0.3809
0.3098
0.2775
0.3264
0.3344
0.3971
0.3633
0.3517
0.3139
0.3511
0.3109
0.3564
0.3646
0.3561
0.3633
0.3125
0.3215
0.3387
0.2877
0.3616
0.3967
0.331
0.2961
0.3385
0.3766
0.2938
0.3967
0.3991
0.3361
0.3016
0.3514
0.3375
0.33
0.3277
0.3201
0.3672
0.3756
0.3771
0.3381
0.4
0.3339
0.3084
0.3253
0.3689
0.3498
0.3056
0.3607
0.3061
0.3403
0.3411
0.3674
0.3489
0.349
0.309
0.3632
0.3975
0.2661
0.3483
0.3375
0.3262
0.3651
0.3778
0.3629
0.3214
0.4
0.3651
0.3405
0.3751
0.3842
0.3735
0.355
0.3992
0.323
0.2822
0.4
0.3802
0.2894
0.3985
0.3493
0.3384
0.3175
0.35
0.3131
0.3859
0.371
0.3384
0.3467
0.3592
0.3179
0.2887
0.3553
0.3633
0.3083
0.3025
0.3398
0.3561
0.3794
0.3651
0.3358
0.4
0.3988
0.3639
0.3829
0.2813
0.3967
0.3549
0.2859
0.3866
0.3711
0.3138
0.3696
0.3948
0.3813
0.3579
0.3527
0.345
0.3991
0.3499
0.3187
0.3373
0.3202
0.3481
0.3762
0.3121
0.2937
0.3643
0.4
0.3386
0.3428
0.3959
0.37
0.3333
0.3637
0.3889
0.3084
0.3798
0.3463
0.3777
0.3935
0.3299
0.3133
0.3851
0.3286
0.3052
0.2837
0.3984
0.3775
0.3647
0.3306
0.3346
0.3733
0.3368
0.3192
0.3388
0.3905
0.3446
0.3764
0.3393
0.3036
0.373
0.3012
0.3487
0.4
0.3421
0.397
0.3293
0.294
0.2977
0.3082
0.3214
0.3757
0.3589
0.3186
0.3054
0.3485
0.3246
0.3041
0.3837
0.3855
0.3982
0.3547
0.3763
0.3976
0.3082
0.3242
0.397
0.3284
0.3974
0.3182
0.2817
0.329
0.3047
0.3693
0.3202
0.3243
0.3329
0.3651
0.3489
0.329
0.3988
0.3197
0.3699
0.2965
0.3879
0.3162
0.304
0.3185
0.3218
0.3282
0.3821
0.3544
0.3983
0.3183
0.3814
0.3813
0.3305
0.3295
0.3329
0.3232
0.3318
0.3479
0.3478
0.379
0.327
0.3396
0.3717
0.3035
0.3275
0.3971
0.3285
0.3498
0.2941
0.3534
0.3954
0.3675
0.3099
0.2858
0.3225
0.3714
0.3534
0.3264
0.3386
0.3833
0.3145
0.35
0.3402
0.3975
0.3173
0.3363
0.3824
0.3635
0.3436
0.326
0.3419
0.387
0.3431
0.3434
0.3814
0.3984
0.3959
0.2828
0.3606
0.3989
0.3226
0.3312
0.3472
0.3717
0.3387
0.3179
0.3451
0.367
0.3533
0.3409
0.3434
0.3395
0.3552
0.3028
0.3132
0.3834
0.3296
0.2769
0.3974
0.3142
0.3155
0.3745
0.3333
0.4
0.3656
0.3455
0.343
0.3814
0.3379
0.3029
0.3189
0.3529
0.3675
0.3288
0.3564
0.3016
0.285
NA
NA
NA
NA
NA
NA
NA
NA
NA
NA
NA
NA
NA
NA
NA
NA
NA
NA
NA
NA
NA
NA
NA
NA
NA
NA
NA
NA
NA
NA
NA
NA
NA
NA
NA
NA
NA
NA
NA
NA
NA
NA
NA
NA
NA
NA
NA
NA
NA
NA
NA
NA
NA
NA
NA
NA
NA
NA
NA
NA
NA
NA
NA
NA
NA
NA
NA
NA
NA
NA
NA
NA
NA
NA
NA
NA
NA
NA
NA
NA
NA
NA
NA
NA
NA
NA
NA
NA
NA
NA
NA
NA
NA
NA
NA
NA
NA
NA
NA
NA
NA
NA
NA
NA
NA
NA
NA
NA
NA
NA
NA
NA
NA
NA
NA
NA
NA
NA
NA
NA
NA
NA
NA
NA
NA
NA
NA
NA
NA
NA
NA
NA
NA
NA
NA
NA
NA
NA
NA
NA
NA
NA
NA
NA
NA
NA
NA
NA
NA
NA
NA
NA
NA
NA
NA
NA
NA
NA
NA
NA
NA
NA
NA
NA
NA
NA
NA
NA
NA
NA
NA
NA
NA
NA
NA
NA
NA
NA
NA
NA
NA
NA
NA
NA
NA
NA
NA
NA
NA
NA
NA
NA
NA
NA
NA
NA
NA
NA
NA
NA
NA
NA
NA
NA
NA
NA
NA
NA
NA
NA
NA
NA
NA
NA
NA
NA
NA
NA
NA
NA
NA
NA
NA
NA
NA
NA
NA
NA
NA
NA
NA
NA
NA
NA
NA
NA
NA
NA
NA
NA
NA
NA
NA
NA
NA
NA
NA
NA
NA
NA
NA
NA
NA
NA
NA
NA
NA
NA
NA
NA
NA
NA
NA
NA
NA
NA
NA
NA
NA
NA
NA
NA
NA
NA
NA
NA
NA
NA
NA
NA
NA
NA
NA
NA
NA
NA
NA
NA
NA
NA
NA
NA
NA
NA
NA
NA
NA
NA
NA
NA
NA
NA
NA
NA
NA
NA
NA
NA
NA
NA
NA
NA
NA
NA
NA
NA
NA
NA
NA
NA
NA
NA
NA
NA
NA
NA
NA
NA
NA
NA
NA
NA
NA
NA
NA
NA
NA
NA
NA
NA
NA
NA
NA
NA
NA
NA
NA
NA
NA
NA
NA
NA
NA
NA
NA
NA
NA
NA
NA
NA
NA
NA
NA
NA
NA
NA
NA
NA
NA
NA
NA
NA
NA
NA
NA
NA
NA
NA
NA
NA
NA
NA
NA
NA
NA
NA
NA
NA
NA
NA
NA
NA
NA
NA
NA
NA
NA
NA
NA
NA
NA
NA
NA
NA
NA
NA
NA
NA
NA
NA
NA
NA
NA
NA
NA
NA
NA
NA
NA
NA
NA
NA
NA
NA
NA
NA
NA
NA
NA
NA
NA
NA
NA
NA
NA
NA
NA
NA
NA
NA
NA
NA
NA
NA
NA
NA
NA
NA
NA
NA
NA
NA
NA
NA
NA
NA
NA
NA
NA
NA
NA
NA
NA
NA
NA
NA
NA
NA
NA
NA
NA
NA
NA
NA
NA
NA
NA
NA
NA
NA
NA
NA
NA
NA
NA
NA
NA
NA
NA
NA
NA
NA
NA
NA
NA
NA
NA
NA
NA
NA
NA
NA
NA
NA
NA
NA
NA
NA
NA
NA
NA
NA
NA
NA
NA
NA
NA
NA
NA
NA
NA
NA
NA
NA
NA
NA
NA
NA
NA
NA
NA
NA
NA
NA
NA
NA
NA
NA
NA
NA
NA
NA
NA
NA
NA
NA
NA
NA
NA
NA
NA
NA
NA
NA
NA
NA
NA
NA
NA
NA
NA
NA
NA
NA
NA
NA
NA
NA
NA
NA
NA
NA
NA
NA
NA
NA
NA
NA
NA
NA
NA
NA
NA
NA
NA
NA
NA
NA
NA
NA
NA
NA
NA
NA
NA
NA
NA
NA
NA
NA
NA
NA
NA
NA
NA
NA
NA
NA
NA
NA
NA
NA
NA
NA
NA
NA
NA
NA
NA
NA
NA
NA
NA
NA
NA
NA
NA
NA
NA
NA
NA
NA
NA
NA
NA
NA
NA
NA
NA
NA
NA
NA
NA
NA
NA
NA
NA
NA
NA
NA
NA
NA
NA
NA
NA
NA
NA
NA
NA
NA
NA
NA
NA
NA
NA
NA
NA
NA
NA
NA
NA
NA
NA
NA
NA
NA
NA
NA
NA
NA
NA
NA
NA
NA
NA
NA
NA
NA
NA
NA
NA
NA
NA
NA
NA
NA
NA
NA
NA
NA
NA
NA
NA
NA
NA
NA
NA
NA
NA
NA
NA
NA
NA
NA
NA
NA
NA
NA
NA
NA
NA
NA
NA
NA
NA
NA
NA
NA
NA
NA
NA
NA
NA
NA
NA
NA
NA
NA
NA
NA
NA
NA
NA
NA
NA
NA
NA
NA
NA
NA
NA
NA
NA
NA
NA
NA
NA
NA
NA
NA
NA
NA
NA
NA
NA
NA
NA
NA
NA
NA
NA
NA
NA
NA
NA
NA
NA
NA
NA
NA
NA
NA
NA
NA
NA
NA
NA
NA
NA
NA
NA
NA
NA
NA
NA
NA
NA
NA
NA
NA
NA
NA
NA
NA
NA
NA
NA
NA
NA
NA
NA
NA
NA
NA
NA
NA
NA
NA
NA
NA
NA
NA
NA
NA
NA
NA
NA
NA
NA
NA
NA
NA
NA
NA
NA
NA
NA
NA
NA
NA
NA
NA
NA
NA
NA
NA
NA
NA
NA
NA
NA
NA
NA
NA
NA
NA
NA
NA
NA
NA
NA
NA
NA
NA
NA
NA
NA
NA
NA
NA
NA
NA
NA
NA
NA
NA
NA
NA
NA
NA
NA
NA
NA
NA
NA
NA
NA
NA
NA
NA
NA
NA
NA
NA
NA
NA
NA
NA
NA
NA
NA
NA
NA
NA
NA
NA
NA
NA
NA
NA
NA
NA
NA
NA
NA
NA
NA
NA
NA
NA
NA
NA
NA
NA
NA
NA
NA
NA
NA
NA
NA
NA
NA
NA
NA
NA
NA
NA
NA
NA
NA
NA
NA
NA
NA
NA
NA
NA
NA
NA
NA
NA
NA
NA
NA
NA
NA
NA
NA
NA
NA
NA
NA
NA
NA
NA
NA
NA
NA
NA
NA
NA
NA
NA
NA
NA
NA
NA
NA
NA
NA
NA
NA
NA
NA
NA
NA
NA
NA
NA
NA
NA
NA
NA
NA
NA
NA
NA
NA
NA
NA
NA
NA
NA
NA
NA
NA
NA
NA
NA
NA
NA
NA
NA
NA
NA
NA
NA
NA
NA
NA
NA
NA
NA
NA
NA
NA
NA
NA
NA
NA
NA
NA
NA
NA
NA
NA
NA
NA
NA
NA
NA
NA
NA
NA
NA
NA
NA
NA
NA
NA
NA
NA
NA
NA
NA
NA
NA
NA
NA
NA
NA
NA
NA
NA
NA
NA
NA
NA
NA
NA
NA
NA
NA
NA
NA
NA
NA
NA
NA
NA
NA
NA
NA
NA
NA
NA
NA
NA
NA
NA
NA
NA
NA
NA
NA
NA
NA
NA
NA
NA
NA
NA
NA
NA
NA
NA
NA
NA
NA
NA
NA
NA
NA
NA
NA
NA
NA
NA
NA
NA
NA
NA
NA
NA
NA
NA
NA
NA
NA
NA
NA
NA
NA
NA
NA
NA
NA
NA
NA
NA
NA
NA
NA
NA
NA
NA
NA
NA
NA
NA
NA
NA
NA
NA
NA
NA
NA
NA
NA
NA
NA
NA
NA
NA
NA
NA
NA
NA
NA
NA
NA
NA
NA
NA
NA
NA
NA
NA
NA
NA
NA
NA
NA
NA
NA
NA
NA
NA
NA
NA
NA
NA
NA
NA
NA
NA
NA
NA
NA
NA
NA
NA
NA
NA
NA
NA
NA
NA
NA
NA
NA
NA
NA
NA
NA
NA
NA
NA
NA
NA
NA
NA
NA
NA
NA
NA
NA
NA
NA
NA
NA
NA
NA
NA
NA
NA
NA
NA
NA
NA
NA
NA
NA
NA
NA
NA
NA
NA
NA
NA
NA
NA
NA
NA
NA
NA
NA
NA
NA
NA
NA
NA
NA
NA
NA
NA
NA
NA
NA
NA
NA
NA
NA
NA
NA
NA
NA
NA
NA
NA
NA
NA
NA
NA
NA
NA
NA
NA
NA
NA
NA
NA
NA
NA
NA
NA
NA
NA
NA
NA
NA
NA
NA
NA
NA
NA
NA
NA
NA
NA
NA
NA
NA
NA
NA
NA
NA
NA
NA
NA
NA
NA
NA
NA
NA
NA
NA
NA
NA
NA
NA
NA
NA
NA
NA
NA
NA
NA
NA
NA
NA
NA
NA
NA
NA
NA
NA
NA
NA
NA
NA
NA
NA
NA
NA
NA
NA
NA
NA
NA
NA
NA
NA
NA
NA
NA
NA
NA
NA
NA
NA
NA
NA
NA
NA
NA
NA
NA
NA
NA
NA
NA
NA
NA
NA
NA
NA
NA
NA
NA
NA
NA
NA
NA
NA
NA
NA
NA
NA
NA
NA
NA
NA
NA
NA
NA
NA
NA
NA
NA
NA
NA
NA
NA
NA
NA
NA
NA
NA
NA
NA
NA
NA
NA
NA
NA
NA
NA
NA
NA
NA
NA
NA
NA
NA
NA
NA
NA
NA
NA
NA
NA
NA
NA
NA
NA
NA
NA
NA
NA
NA
NA
NA
NA
NA
NA
NA
NA
NA
NA
NA
NA
NA
NA
NA
NA
NA
NA
NA
NA
NA
NA
NA
NA
NA
NA
NA
NA
NA
NA
NA
NA
NA
NA
NA
NA
NA
NA
NA
NA
NA
NA
NA
NA
NA
NA
NA
NA
NA
NA
NA
NA
NA
NA
NA
NA
NA
NA
NA
NA
NA
NA
NA
NA
NA
NA
NA
NA
NA
NA
NA
NA
NA
NA
NA
NA
NA
NA
NA
NA
NA
NA
NA
NA
NA
NA
NA
NA
NA
NA
NA
NA
NA
NA
NA
NA
NA
NA
NA
NA
NA
NA
NA
NA
NA
NA
NA
NA
NA
NA
NA
NA
NA
NA
NA
NA
NA
NA
NA
NA
NA
NA
NA
NA
NA
NA
NA
NA
NA
NA
NA
NA
NA
NA
NA
NA
NA
NA
NA
NA
NA
NA
NA
NA
NA
NA
NA
NA
NA
NA
NA
NA
NA
NA
NA
NA
NA
NA
NA
NA
NA
NA
NA
NA
NA
NA
NA
NA
NA
NA
NA
NA
NA
NA
NA
NA
NA
NA
NA
NA
NA
NA
NA
NA
NA
NA
NA
NA
NA
NA
NA
NA
NA
NA
NA
NA
NA
NA
NA
NA
NA
NA
NA
NA
NA
NA
NA
NA
NA
NA
NA
NA
NA
NA
NA
NA
NA
NA
NA
NA
NA
NA
NA
NA
NA
NA
NA
NA
NA
NA
NA
NA
NA
NA
NA
NA
NA
NA
NA
NA
NA
NA
NA
NA
NA
NA
NA
NA
NA
NA
NA
NA
NA
NA
NA
NA
NA
NA
NA
NA
NA
NA
NA
NA
NA
NA
NA
NA
NA
NA
NA
NA
NA
NA
NA
NA
NA
NA
NA
NA
NA
NA
NA
NA
NA
NA
NA
NA
NA
NA
NA
NA
NA
NA
NA
NA
NA
NA
NA
NA
NA
NA
NA
NA
NA
NA
NA
NA
NA
NA
NA
NA
NA
NA
NA
NA
NA
NA
NA
NA
NA
NA
NA
NA
NA
NA
NA
NA
NA
NA
NA
NA
NA
NA
NA
NA
NA
NA
NA
NA
NA
NA
NA
NA
NA
NA
NA
NA
NA
NA
NA
NA
NA
NA
NA
NA
NA
NA
NA
NA
NA
NA
NA
NA
NA
NA
NA
NA
NA
NA
NA
NA
NA
NA
NA
NA
NA
NA
NA
NA
NA
NA
NA
NA
NA
NA
NA
NA
NA
NA
NA
NA
NA
NA
NA
NA
NA
NA
NA
NA
NA
NA
NA
NA
NA
NA
NA
NA
NA
NA
NA
NA
NA
NA
NA
NA
NA
NA
NA
NA
NA
NA
NA
NA
NA
NA
NA
NA
NA
NA
NA
NA
NA
NA
NA
NA
NA
NA
NA
NA
NA
NA
NA
NA
NA
NA
NA
NA
NA
NA
NA
NA
NA
NA
NA
NA
NA
NA
NA
NA
NA
NA
NA
NA
NA
NA
NA
NA
NA
NA
NA
NA
NA
NA
NA
NA
NA
NA
NA
NA
NA
NA
NA
NA
NA
NA
NA
NA
NA
NA
NA
NA
NA
NA
NA
NA
NA
NA
NA
NA
NA
NA
NA
NA
NA
NA
NA
NA
NA
NA
NA
NA
NA
NA
NA
NA
NA
NA
NA
NA
NA
NA
NA
NA
NA
NA
NA
NA
NA
NA
NA
NA
NA
NA
NA
NA
NA
NA
NA
NA
NA
NA
NA
NA
NA
NA
NA
NA
NA
NA
NA
NA
NA
NA
NA
NA
NA
NA
NA
NA
NA
NA
NA
NA
NA
NA
NA
NA
NA
NA
NA
NA
NA
NA
NA
NA
NA
NA
NA
NA
NA
NA
NA
NA
NA
NA
NA
NA
NA
NA
NA
NA
NA
NA
NA
NA
NA
NA
NA
NA
NA
NA
NA
NA
NA
NA
NA
NA
NA
NA
NA
NA
NA
NA
NA
NA
NA
NA
NA
NA
NA
NA
NA
NA
NA
NA
NA
NA
NA
NA
NA
NA
NA
NA
NA
NA
NA
NA
NA
NA
NA
NA
NA
NA
NA
NA
NA
NA
NA
NA
NA
NA
NA
NA
NA
NA
NA
NA
NA
NA
NA
NA
NA
NA
NA
NA
NA
NA
NA
NA
NA
NA
NA
NA
NA
NA
NA
NA
NA
NA
NA
NA
NA
NA
NA
NA
NA
NA
NA
NA
NA
NA
NA
NA
NA
NA
NA
NA
NA
NA
NA
NA
NA
NA
NA
NA
NA
NA
NA
NA
NA
NA
NA
NA
NA
NA
NA
NA
NA
NA
NA
NA
NA
NA
NA
NA
NA
NA
NA
NA
NA
NA
NA
NA
NA
NA
NA
NA
NA
NA
NA
NA
NA
NA
NA
NA
NA
NA
NA
NA
NA
NA
NA
NA
NA
NA
NA
NA
NA
NA
NA
NA
NA
NA
NA
NA
NA
NA
NA
NA
NA
NA
NA
NA
NA
NA
NA
NA
NA
NA
NA
NA
NA
NA
NA
NA
NA
NA
NA
NA
NA
NA
NA
NA
NA
NA
NA
NA
NA
NA
NA
NA
NA
NA
NA
NA
NA
NA
NA
NA
NA
NA
NA
NA
NA
NA
NA
NA
NA
NA
NA
NA
NA
NA
NA
NA
NA
NA
NA
NA
NA
NA
NA
NA
NA
NA
NA
NA
NA
NA
NA
NA
NA
NA
NA
NA
NA
NA
NA
NA
NA
NA
NA
NA
NA
NA
NA
NA
NA
NA
NA
NA
NA
NA
NA
NA
NA
NA
NA
NA
NA
NA
NA
NA
NA
NA
NA
NA
NA
NA
NA
NA
NA
NA
NA
NA
NA
NA
NA
NA
NA
NA
NA
NA
NA
NA
NA
NA
NA
NA
NA
NA
NA
NA
NA
NA
NA
NA
NA
NA
NA
NA
NA
NA
NA
NA
NA
NA
NA
NA
NA
NA
NA
NA
NA
NA
NA
NA
NA
NA
NA
NA
NA
NA
NA
NA
NA
NA
NA
NA
NA
NA
NA
NA
NA
NA
NA
NA
NA
NA
NA
NA
NA
NA
NA
NA
NA
NA
NA
NA
NA
NA
NA
NA
NA
NA
NA
NA
NA
NA
NA
NA
NA
NA
NA
NA
NA
NA
NA
NA
NA
NA
NA
NA
NA
NA
NA
NA
NA
NA
NA
NA
NA
NA
NA
NA
NA
NA
NA
NA
NA
NA
NA
NA
NA
NA
NA
NA
NA
NA
NA
NA
NA
NA
NA
NA
NA
NA
NA
NA
NA
NA
NA
NA
NA
NA
NA
NA
NA
NA
NA
NA
NA
NA
NA
NA
NA
NA
NA
NA
NA
NA
NA
NA
NA
NA
NA
NA
NA
NA
NA
NA
NA
NA
NA
NA
NA
NA
NA
NA
NA
NA
NA
NA
NA
NA
NA
NA
NA
NA
NA
NA
NA
NA
NA
NA
NA
NA
NA
NA
NA
NA
NA
NA
NA
NA
NA
NA
NA
NA
NA
NA
NA
NA
NA
NA
NA
NA
NA
NA
NA
NA
NA
NA
NA
NA
NA
NA
NA
NA
NA
NA
NA
NA
NA
NA
NA
NA
NA
NA
NA
NA
NA
NA
NA
NA
NA
NA
NA
NA
NA
NA
NA
NA
NA
NA
NA
NA
NA
NA
NA
NA
NA
NA
NA
NA
NA
NA
NA
NA
NA
NA
NA
NA
NA
NA
NA
NA
NA
NA
NA
NA
NA
NA
NA
NA
NA
NA
NA
NA
NA
NA
NA
NA
NA
NA
NA
NA
NA
NA
NA
NA
NA
NA
NA
NA
NA
NA
NA
NA
NA
NA
NA
NA
NA
NA
NA
NA
NA
NA
NA
NA
NA
NA
NA
NA
NA
NA
NA
NA
NA
NA
NA
NA
NA
NA
NA
NA
NA
NA
NA
NA
NA
NA
NA
NA
NA
NA
NA
NA
NA
NA
NA
NA
NA
NA
NA
NA
NA
NA
NA
NA
NA
NA
NA
NA
NA
NA
NA
NA
NA
NA
NA
NA
NA
NA
NA
NA
NA
NA
NA
NA
NA
NA
NA
NA
NA
NA
NA
NA
NA
NA
NA
NA
NA
NA
NA
NA
NA
NA
NA
NA
NA
NA
NA
NA
NA
NA
NA
NA
NA
NA
NA
NA
NA
NA
NA
NA
NA
NA
NA
NA
NA
NA
NA
NA
NA
NA
NA
NA
NA
NA
NA
NA
NA
NA
NA
NA
NA
NA
NA
NA
NA
NA
NA
NA
NA
NA
NA
NA
NA
NA
NA
NA
NA
NA
NA
NA
NA
NA
NA
NA
NA
NA
NA
NA
NA
NA
NA
NA
NA
NA
NA
NA
NA
NA
NA
NA
NA
NA
NA
NA
NA
NA
NA
NA
NA
NA
NA
NA
NA
NA
NA
NA
NA
NA
NA
NA
NA
NA
NA
NA
NA
NA
NA
NA
NA
NA
NA
NA
NA
NA
NA
NA
NA
NA
NA
NA
NA
NA
NA
NA
NA
NA
NA
NA
NA
NA
NA
NA
NA
NA
NA
NA
NA
NA
NA
NA
NA
NA
NA
NA
NA
NA
NA
NA
NA
NA
NA
NA
NA
NA
NA
NA
NA
NA
NA
NA
NA
NA
NA
NA
NA
NA
NA
NA
NA
NA
NA
NA
NA
NA
NA
NA
NA
NA
NA
NA
NA
NA
NA
NA
NA
NA
NA
NA
NA
NA
NA
NA
NA
NA
NA
NA
NA
NA
NA
NA
NA
NA
NA
NA
NA
NA
NA
NA
NA
NA
NA
NA
NA
NA
NA
NA
NA
NA
NA
NA
NA
NA
NA
NA
NA
NA
NA
NA
NA
NA
NA
NA
NA
NA
NA
NA
NA
NA
NA
NA
NA
NA
NA
NA
NA
NA
NA
NA
NA
NA
NA
NA
NA
NA
NA
NA
NA
NA
NA
NA
NA
NA
NA
NA
NA
NA
NA
NA
NA
NA
NA
0.75
0.9259
0.9394
0.4333
0.6923
0.7353
0.3514
0.8718
1.5385
0.5385
0.6923
0.6744
0.75
0.6944
0.963
1.0312
0.5676
1.037
0.4103
1.0323
0.7222
0.7742
0.8276
0.75
0.9032
0.6857
0.4889
0.4167
1.1739
0.9697
1.125
0.439
1.0667
0.4865
0.8889
0.8649
1
0.2807
0.6857
0.4419
1.125
0.7317
0.6842
0.7059
0.8125
0.5814
0.5676
0.6905
0.4211
0.9412
0.5517
0.4894
1.2759
0.881
0.5625
1.5862
0.6154
0.7941
1.2162
1.2593
0.8824
1.3871
1.381
0.7436
1.129
0.45
0.625
0.4634
0.5135
0.9268
1.2
0.8889
0.6786
0.9118
0.7111
0.5625
0.3611
0.7436
1.25
1.2927
0.66
0.8966
0.6061
0.5556
0.3953
0.625
0.7885
0.7027
0.8667
0.0862
0.8438
0.2745
0.7027
0.2895
0.4314
0.7429
0.6667
1.1111
0.575
0.3922
0.7368
1.1111
0.9375
0.5789
0.7568
0.6316
0.8788
0.5526
0.8485
1.5862
1.0606
0.8182
0.7143
0.4643
0.3611
0.931
0.6
0.6111
0.7241
0.6098
0.5122
0.8529
0.6765
1
0.3913
0.6579
0.9643
0.7
0.2667
0.7812
0.6744
0.75
1.4286
0.931
1.0714
0.375
1
0.46
0.449
0.375
1.8235
0.5806
1.0811
0.5128
0.7586
0.9231
0.6279
0.641
0.5
0.6061
0.5625
0.7222
0.5111
0.6585
1.1111
0.6944
0.5556
0.7333
1.0606
0.4839
0.6944
0.5122
0.6552
0.8372
0.5111
0.7368
0.9286
1.3214
0.96
1.3793
0.7838
0.8611
0.4878
1.4231
0.7568
0.3261
0.8974
0.7317
1.2222
0.7895
0.6552
0.6316
0.8
1.0588
0.8788
0.6452
0.6667
1.8
0.6667
0.4
0.434
1.1304
1.5217
0.7353
0.6042
0.8824
0.25
0.8158
0.9231
0.4857
0.6364
0.9412
0.8511
0.7407
0.3902
1.1481
0.931
0.8649
0.8571
0.6744
1.3
1.125
0.7241
0.963
0.2778
0.7949
0.6667
0.9706
0.6346
1
0.5349
1.1481
1.619
0.3529
0.8537
0.54
0.7778
0.3889
0.9444
0.8929
1.125
0.617
0.9
0.8788
0.6061
1.1212
0.8824
1.75
0.8571
0.5263
0.8
0.8205
1.5417
0.375
0.6061
1
1.027
0.4681
0.7568
0.6327
1.1765
1.1
0.7805
0.5556
0.5789
0.3056
0.5556
0.8571
0.1923
0.575
3.0769
0.6667
0.3488
0.3061
0.4762
1.1034
0.5526
0.7941
0.7
0.875
0.4146
0.5455
0.4211
0.525
1.1667
0.6471
0.5333
0.54
0.3793
0.4783
1.2083
1.2
0.6512
1.1724
0.575
0.4222
0.5758
0.5405
0.7073
0.45
0.8485
1.1463
1.0323
0.9615
0.6071
0.5
0.3902
0.4894
0.7742
1.5385
0.4667
0.5676
0.6667
0.5366
0.5098
0.5106
0.8824
0.2424
0.6111
0.9375
0.5185
0.875
0.3061
0.6667
0.6176
1.3214
1.1786
1.2963
0.4
0.8462
0.7941
0.9412
0.4545
0.9333
0.6
1.0833
0.5
0.2667
0.8
0.7838
0.5116
1.6316
1.1667
1.125
0.4211
0.8889
0.8333
0.8684
1.6667
0.6944
0.4222
0.725
1
0.5946
0.5882
0.7037
0.4878
0.8824
0.5
0.9688
0.9333
0.4651
0.875
0.3958
0.7222
0.3514
0.6053
0.625
0.4815
0.7027
0.4468
0.8571
0.6176
1.4571
0.4615
0.5263
1.0625
0.3684
1.1429
1.0645
0.8611
0.6061
0.1429
0.4561
1.125
0.7222
0.4286
0.4286
2.2941
0.4792
1.1481
1.0833
0.8148
0.6333
1.125
0.7692
0.5641
0.9796
1.0741
1.1667
1.5417
0.5946
0.7647
0.75
0.5217
0.6538
0.4
0.9375
0.7667
0.5833
1.7083
0.6389
1.2581
0.6591
0.7179
0.7273
0.6667
0.5106
0.7
2.7895
0.8947
0.9535
0.8056
0.5116
0.9714
0.4091
0.9714
0.7949
0.45
0.5122
0.825
0.6829
0.7097
1
0.3659
0.5172
0.5556
0.5385
0.4318
1
0.8788
1.0571
0.75
0.9286
0.6842
0.9355
1.6957
1.16
0.9429
0.9333
1.3182
0.6053
0.6216
0.3571
0.5556
0.5366
0.9615
1.2703
0.8529
0.3404
1.1034
1.32
0.7895
1.16
0.525
0.9688
1.24
0.697
0.5
0.8889
1.2222
1.4
0.6471
0.5
1.5417
0.7879
0.8605
0.6591
0.5278
0.8571
0.7143
0.8889
1.6
0.6471
0.6944
0.3571
0.7895
1.0714
0.6571
0.68
0.9615
0.6383
0.4255
0.7222
0.4348
0.5455
1.2593
1.1304
0.35
0.6667
1.2727
0.5
0.6364
0.7778
0.7632
0.7714
1.2143
0.6842
0.775
0.4828
0.3333
0.8
0.7391
0.9722
0.8
0.4
0.4857
0.9062
0.7778
0.8462
0.7647
1.3448
1.1154
1.0323
0.9688
0.9231
0.9643
0.8571
0.875
0.4348
1.1429
0.7667
0.6444
0.6316
0.8529
1.2593
0.7143
0.625
0.9655
0.2927
1.2857
0.5952
0.5094
0.5
1.4783
0.4565
1
0.275
1
0.4595
0.7222
0.8333
0.963
0.4524
0.7297
1.037
0.4286
0.9091
0.3478
0.8077
1.8095
0.5
0.6216
0.4222
0.3889
0.8611
0.6
0.6
0.4571
0.4571
0.9375
0.3542
0.6579
0.6786
1.0571
0.9655
0.5172
0.8611
0.6905
1.1923
1
1.1429
0.9583
0.55
0.8684
0.5333
0.7568
0.65
1.4444
0.5641
0.7632
0.5526
0.7941
0.4
0.5918
1.8333
0.4054
0.6579
0.5
0.92
1.2917
0.5152
0.5278
0.5581
0.7059
0.96
1.0357
0.9744
0.65
0.6667
0.6333
1.4074
0.8824
0.3333
0.6829
1.2143
0.5128
0.7647
0.4419
0.5758
0.25
0.6875
0.8125
0.303
0.8125
0.5897
1.0645
1.0345
1
1.1071
0.8611
0.9268
0.9348
1.2
0.5814
0.8824
0.9655
0.8519
0.4902
0.4348
0.7576
0.4359
0.7879
1.1389
0.4054
0.8462
0.8378
0.7436
0.5366
0.5926
0.4884
1.0882
0.8182
1.1333
0.8108
0.5758
0.7
1.64
0.7632
0.4048
0.9697
1.087
1.75
1.1935
0.5385
0.5484
0.7234
0.88
0.5263
0.587
0.8
0.5143
0.9429
0.8485
0.7714
0.5405
0.5882
1.1613
2.2632
0.931
0.9737
0.5
0.7111
1
1.24
0.4107
1.1795
0.5
0.4722
1.5417
0.4792
1.1818
0.8286
0.697
0.6857
0.6735
0.7143
0.5217
0.8333
0.5897
0.7297
0.9333
0.5128
0.5106
0.6061
0.766
0.5366
1
0.4167
0.7931
0.3462
1.0769
1.375
0.8529
0.7442
0.8235
0.2885
0.7027
0.8
0.697
1.2353
0.6552
0.8095
1.0333
0.6786
0.9487
0.6939
0.725
1.2069
0.5758
0.413
0.6757
1.2759
0.5641
0.9143
1.4
0.8966
0.6429
0.4865
0.9643
0.4222
0.7179
0.7879
0.6875
0.9677
0.7556
0.7857
1.0645
0.7105
0.75
0.6364
1.0714
0.7353
0.4474
0.4091
1.08
0.9615
0.9737
0.5882
0.6765
0.2857
0.5714
0.4091
0.8125
0.5
0.7073
1.4074
0.5
0.7667
0.8387
0.9677
0.2889
0.6897
0.7742
0.5952
0.4146
0.9375
1.3871
0.4615
0.5789
0.75
0.5192
1.12
1.2059
1
0.9
1.1333
0.9565
0.8286
0.9032
0.7222
0.7576
0.775
0.5263
0.3148
0.6667
0.6571
1.1613
0.7857
1.2273
0.3864
0.4419
0.7143
1.0938
0.5526
0.4348
0.4737
0.275
0.6316
0.4118
0.9259
0.7419
0.3256
1.2059
1.2667
0.325
1.2222
0.4318
1.8125
0.8333
0.3235
1.3429
0.7021
0.6757
1.5172
1.56
0.8421
0.5161
0.8235
0.5185
0.8
0.4634
0.9677
0.9643
1.1034
0.9211
0.5588
0.6765
0.5128
0.6333
0.5455
0.6
0.6957
0.32
0.9355
0.6098
0.8182
1
0.9375
0.6129
0.8333
0.3889
0.6667
0.8684
1.2174
0.9091
1.1562
0.9286
0.6061
0.5556
0.3684
0.4906
0.6977
0.6222
0.4091
1
0.3725
1.2759
1.129
0.35
1.16
0.6765
0.7317
0.6304
0.6286
0.6923
1.1212
1.2
0.881
0.7949
0.8108
0.9583
1.7692
1.1154
0.3182
0.9615
1.0357
0.7742
0.4872
1.4483
1.0435
0.3182
1
1.2414
1
0.5714
0.5
0.625
1.037
1.3448
0.625
1
0.2727
0.7073
0.6667
0.525
0.7222
0.871
0.7073
0.5
0.7297
1.3448
1.037
0.439
0.75
1.1071
1.1429
0.6512
0.7292
0.6757
0.5111
0.5208
0.7632
0.5
0.6216
0.8
0.8158
0.6571
0.7778
0.6098
0.8889
0.5152
0.9
0.7586
1.0323
1.6087
1.0645
0.7576
0.9111
0.9545
0.5294
1.0513
0.5
0.8276
0.4375
1.1176
1.125
0.6667
0.322
0.359
0.8857
0.8
0.35
1.6364
0.5758
0.5882
0.8519
0.8667
0.6364
0.3438
0.9189
0.6286
0.7838
0.8182
0.5
1.6538
0.6316
0.8
0.375
1.1429
1.1429
0.8519
0.875
0.6842
1.2143
0.3922
0.4211
0.8333
0.7692
0.8276
0.2766
0.625
0.5778
0.8529
0.675
0.4773
0.9
0.775
0.5
0.7188
1.4583
0.4524
0.8125
0.8108
1.1212
0.5556
0.7692
0.2292
0.4634
0.6216
1.1053
0.5938
1.1176
0.7556
0.3548
0.6579
0.5676
0.5116
0.9655
1.0882
0.6944
0.9259
0.8788
0.4333
0.5641
0.5588
0.3889
0.7436
1.4615
0.4615
0.5385
0.6512
0.6111
0.5278
0.7778
0.9688
0.4595
0.8889
0.3333
1.0645
0.6111
0.8065
0.7586
0.65
0.8387
0.6857
0.4444
0.4167
0.9565
0.7059
1.0312
0.3171
1.0667
0.3514
0.8519
0.7838
0.7632
0.2982
0.6857
0.3953
0.9375
0.6341
0.6579
0.5
0.875
0.4884
0.5405
0.619
0.3684
1.0294
0.4483
0.3617
1.2759
0.7143
0.4375
1.3793
0.5641
0.6176
1.0811
1.2222
0.7941
1.129
1.4286
0.5641
1
0.325
0.6875
0.3902
0.4324
0.6341
0.95
0.5278
0.75
0.7647
0.6222
0.4792
0.3889
0.641
0.9062
1.3171
0.54
0.8966
0.6364
0.3611
0.2273
0.7188
0.7115
0.6216
0.6
0.1207
0.9375
0.2157
0.6486
0.1842
0.3529
0.4857
0.5278
1.0741
0.5
0.3333
0.6842
0.9259
0.9688
0.4474
0.7297
0.4211
0.697
0.3947
0.697
1.3448
0.7879
0.6364
0.4857
0.4286
0.3333
0.8966
0.44
0.5278
0.6207
0.4878
0.439
0.6765
0.6176
1.0303
0.3478
0.4737
0.8214
0.55
0.2
0.7188
0.5116
0.6458
1.3214
0.6333
0.9286
0.3
0.7857
0.46
0.32
0.4167
1.3889
0.5806
0.8378
0.3846
0.7241
0.9231
0.5581
0.4615
0.5
0.5152
0.3333
0.5833
0.4444
0.5238
1
0.5
0.4722
0.6333
1.0606
0.4839
0.6111
0.3415
0.6207
0.7209
0.3556
0.5789
0.8571
1.1786
0.76
1.069
0.6757
0.8056
0.4634
1.5
0.5946
0.1957
0.8205
0.561
1.1111
0.7632
0.5517
0.5526
0.56
1
0.8485
0.6452
0.6364
1.7333
0.6667
0.3714
0.3585
0.9565
1.087
0.7941
0.5208
0.6471
0.2
0.7368
0.6154
0.3143
0.5152
0.9412
0.6596
0.6667
0.3659
1
0.7241
0.7838
0.7857
0.6279
1.2667
1.0625
0.5
0.7037
0.1667
0.6667
0.5667
0.7353
0.5769
0.7917
0.3953
1
1.381
0.2059
0.7561
0.3208
0.7222
0.3333
0.8056
0.75
0.9375
0.617
0.75
0.8182
0.6061
1.0909
0.9412
1.6
0.9429
0.5526
0.6667
0.7949
1.2083
0.4375
0.6364
0.9655
0.9459
0.3191
0.6216
0.551
1.1471
0.9
0.4878
0.3889
0.4211
0.3056
0.4444
0.8
0.2308
0.75
2.7692
0.6364
0.2791
0.3061
0.4286
1.0345
0.4474
0.8235
0.66
0.5312
0.3659
0.303
0.4211
0.45
1.1333
0.5294
0.4
0.46
0.2931
0.5
0.7308
1.1333
0.5349
1.1034
0.55
0.3111
0.5152
0.4595
0.5854
0.3415
0.7879
1.0244
0.9677
1.0385
0.6429
0.4762
0.2195
0.2553
0.3871
1.1111
0.4222
0.5135
0.5556
0.4878
0.5098
0.4468
0.8235
0.2121
0.5278
0.6562
0.463
1.0833
0.1429
0.6111
0.6471
1.3214
0.9643
1.3333
0.4
0.5769
0.7353
0.7941
0.4091
0.7667
0.3947
1.0417
0.3529
0.2833
0.8286
0.6216
0.3953
1.5789
1.2
1.0625
0.3158
0.8333
0.7778
0.7105
1.2917
0.7222
0.3111
0.65
0.8571
0.4865
0.5588
0.4444
0.2439
0.8529
0.3478
0.9062
0.8
0.4419
0.5143
0.2708
0.6111
0.3243
0.5526
0.575
0.4074
0.6757
0.3191
0.8286
0.2432
1.2286
0.4103
0.4474
0.9688
0.2368
1.1429
1.0323
0.5833
0.4848
0.0952
0.4561
0.7812
0.5833
0.4571
0.3571
1.9412
0.3542
1.1111
1.0417
0.6667
0.5
0.8333
0.7949
0.4103
0.5091
0.963
0.9667
1.375
0.6486
0.6471
0.6364
0.5
0.5385
0.35
0.5455
0.8621
0.8611
1.5833
0.6944
1.1935
0.5227
0.6154
0.6667
0.5758
0.3191
0.4667
2.7368
0.7895
0.8837
0.7222
0.3721
0.8
0.3864
0.8286
0.7692
0.3
0.4634
0.525
0.5854
0.6452
0.9655
0.3659
0.4483
0.4444
0.5897
0.3636
0.9
0.9091
0.8857
0.6667
0.9643
0.6053
0.8065
1.6087
1.08
0.8857
0.9
1.0909
0.5263
0.5946
0.3095
0.5278
0.561
0.9615
1.3243
0.8824
0.2766
1.1034
0.84
0.6053
1.08
0.475
0.7576
1.12
0.7273
0.3696
0.8519
1.1111
1.3333
0.5
0.3824
1.4167
0.6667
0.7674
0.4091
0.3889
0.9143
0.5714
0.6389
1.55
0.6176
0.5833
0.3333
0.6842
0.8571
0.6286
0.44
0.8077
0.4894
0.383
0.6111
0.4783
0.4242
1.037
1.1304
0.35
0.7667
1.1212
0.3438
0.6667
0.7778
0.6579
0.7143
1.1786
0.4737
0.55
0.4138
0.3333
0.525
0.6957
0.8056
0.7333
0.475
0.3143
0.8438
0.5556
0.6923
0.6176
1.2069
1.0769
0.9355
0.9375
0.9231
0.75
1.0357
0.8438
0.9
1.0286
0.6333
0.5106
0.5263
0.7353
1.0741
0.7143
0.5833
0.7586
0.2927
1.25
0.6667
0.4528
0.4839
1.2174
0.4348
0.7778
0.275
0.75
0.3514
0.4444
0.6
0.7241
0.381
0.6486
1
0.3571
0.7879
0.3913
0.5769
1.8571
0.3902
0.6216
0.4222
0.2778
0.8056
0.7143
0.4444
0.4
0.4857
0.875
0.3333
0.5
0.4643
0.9714
0.8065
0.4483
0.6944
0.6429
0.9231
0.9118
1
0.8333
0.439
0.7368
0.4667
0.6486
0.7
1.4074
0.2821
0.5526
0.5526
0.6765
0.3846
0.4694
1.4167
0.4054
0.5789
0.4231
0.76
1.25
0.5455
0.5556
0.4651
0.4118
0.88
0.7931
0.8718
0.575
0.6111
0.6
1.1111
0.5714
0.3333
0.5366
1.1429
0.5128
0.7647
0.3721
0.5455
0.2045
0.5625
0.7188
0.2424
0.75
0.641
0.9355
1
0.7857
1.0714
0.7778
0.9512
0.8043
1.08
0.5349
0.8824
0.6176
0.6667
0.3922
0.413
0.7879
0.4615
0.5758
1.0278
0.1842
0.6923
0.5946
0.6154
0.4634
0.4444
0.4651
0.8824
0.7273
1.0333
0.7297
0.5455
0.7667
1.28
0.5526
0.2143
1
0.9565
1.7083
1.129
0.6154
0.5161
0.5106
0.68
0.3421
0.4783
0.7333
0.5429
0.8
0.6364
0.6286
0.5405
0.5
1
1.5789
0.8276
0.8947
0.4792
0.6444
0.9667
1.24
0.2857
1.0769
0.5
0.3333
1.4583
0.2917
0.9697
0.6857
0.6667
0.4286
0.5714
0.6286
0.413
0.6389
0.5641
0.6757
0.8667
0.3077
0.42
0.5152
0.5957
0.5366
0.9259
0.2778
0.6207
0.1698
0.8462
1.3125
0.7059
0.7674
0.5882
0.2308
0.5405
0.7
0.4545
0.9412
0.4138
0.619
0.9333
0.5862
0.8462
0.48
0.725
1.0345
0.4848
0.2826
0.5946
1.069
0.5641
0.8857
1
0.7586
0.5476
0.5135
1.0357
0.3556
0.6923
0.6667
0.5938
0.8387
0.6222
0.4545
1.0323
0.5526
0.4722
0.5455
1.1429
0.5882
0.3421
0.3864
0.92
0.8462
0.7632
0.5588
0.4412
0.2286
0.4571
0.3409
0.7188
0.4524
0.6585
1.4074
0.4792
0.4667
0.7419
0.7188
0.2
0.4483
0.7097
0.5
0.3415
1.0312
1.1935
0.3654
0.4211
0.5625
0.4231
0.96
1.0588
0.6562
0.6129
1.1667
0.7826
0.6857
0.6129
0.5833
0.4848
0.675
0.4737
0.2593
0.6389
0.6286
0.9677
0.6429
1.2727
0.2955
0.2558
0.7143
0.875
0.5263
0.3261
0.3158
0.25
0.6579
0.4118
0.7037
0.6774
0.3023
1.1765
0.7419
0.35
1.0741
0.4318
1.5938
0.7778
0.3529
1.0286
0.5957
0.5676
1.0345
1.4
0.7368
0.4194
0.5882
0.4074
0.6
0.3659
0.9355
0.7143
1.1379
0.7105
0.5
0.5294
0.359
0.7333
0.5758
0.475
0.7826
0.24
0.7419
0.7
0.7576
0.8276
0.9062
0.6452
0.7778
0.3333
0.5758
0.8947
1.087
0.8182
0.875
0.7241
0.5455
0.6389
0.3421
0.4717
0.6279
0.6
0.2955
0.7941
0.1765
1.0345
0.9677
0.3
0.96
0.7059
0.6585
0.587
0.6857
0.5897
0.9394
1.2333
0.8333
0.5897
0.7838
0.8333
1.7308
0.8462
0.3636
0.6667
0.75
0.6452
0.5128
1.4483
1
0.3409
0.875
1.069
0.8824
0.4
0.5
0.55
0.7037
1.2069
0.6562
0.8824
0.2045
0.6585
0.5758
0.5
0.5833
0.6774
0.561
0.3824
0.5946
1.3793
1
0.4146
0.7917
1.0714
0.8214
0.6744
0.6042
0.6486
0.4889
0.5
0.7105
0.5
0.6216
0.6
0.8947
0.7143
0.6667
0.4878
0.8056
0.4545
0.775
0.6207
0.9355
1.4348
0.9355
0.7273
0.8444
0.9545
0.4412
1
0.3556
0.8966
0.4375
0.7714
1.0417
0.5714
0.2542
0.3333
0.5429
0.7
0.325
1.5455
0.4848
0.5588
0.8148
0.7742
0.4848
0.25
0.8108
0.6
0.5946
0.5909
0.4062
1.6154
0.5263
0.7333
0.375
0.9286
1.25
0.7778
0.6667
0.7368
1.1429
0.3725
0.2105
0.4865
0.641
0.8966
0.2128
0.5938
0.5333
0.6176
0.5
0.3409
0.9667
0.675
0.3611
0.5625
1.3333
0.4762
0.75
0.2273
0.9394
0.4667
0.6923
0.2128
0.4146
0.5946
0.6842
0.4688
0.9706
0.6667
0.2903
0.7632
0.5676
0.5116
0.8621
1.0294
0.6667
0.8148
0.9394
0.5333
0.4615
0.5588
0.4167
0.8205
1.4231
0.5128
0.5
0.5581
0.0208
0.5278
0.7778
0.8438
0.5135
0.963
0.3333
0.9677
0.6667
0.8065
0.0286
0.575
0.0667
0.5714
0.4444
0.3611
0.8261
0.6765
1.125
0.2927
0.9
0.3243
0.9259
0.7297
0.7895
0.2456
0.6286
0.3721
0.875
0.6098
0.5526
0.5294
0.6667
0
0.4737
0.5952
0.3421
0.9118
0.3448
0.383
1.2414
0
0.4062
1.1034
0.3846
0.6471
1.027
1.1852
0.7941
1.1613
1.4286
0.5385
1.0323
0.3
0.4688
0.2857
0.4054
0.7805
0.75
0.5556
0.6429
0.7941
0.6
0.4167
0.4444
0.0385
0
1.2683
0.52
0.7586
0.5455
0.3333
0.2955
0.5625
0.8269
0.5946
0.5667
0.0862
0.8438
0.1961
0.5405
0.1316
0.2549
0.5143
0.5556
1.037
0
0.2745
0.0192
0.963
0.8438
0.3421
0.6216
0
0.7576
0.3684
0.6765
1.129
0.6061
0.6667
0
0.3571
0.3056
0.8966
0.4
0.4444
0.6552
0.5122
0.3902
0.6471
0.5588
0.697
0.3696
0.4474
0.7143
0.625
0.2
0.7188
0.4884
0.6458
1.25
0.6
0.9286
0.35
0.75
0.46
0.22
0.4375
1.7647
0.4516
0.7838
0.4103
0.6897
0.8846
0.5814
0.0435
0.4412
0.4848
0.25
0.5278
0.4667
0.3333
0.963
0.4444
0.4444
0.5667
0.9091
0.4516
0.6111
0.3415
0.5517
0.6047
0.3778
0.5526
0.7857
0.5556
0.72
0.931
0.6757
0.8611
0.439
1.3077
0.6216
0.2391
0.8205
0.6098
0
0.7895
0.5172
0.4211
0.56
0.9412
0.8182
0.5806
0.6364
0.0213
0.5778
0.4286
0.2264
0.913
1
0.6176
0.4167
0.6176
0.225
0.7632
0.5385
0.1944
0.4848
0.8824
0.7234
0.5556
0.3902
0.963
0.7586
0.7838
0.7143
0.6047
1.1667
1.125
0.4667
0.7037
0.2778
0.5897
0.6333
0.7647
0.5
0.75
0.3488
1
1.2381
0.2647
0.8049
0.0164
0.5556
0.3333
0.8333
0.8214
0.75
0.5745
0.6341
0.7879
0.5152
1.0909
0.7647
1.8
0.9143
0.5
0.7
0.7436
1.2083
0.1053
0.6364
0.7931
0.9459
0
0.5946
0.551
1.0294
0.7333
0.4634
0.3889
0.0227
0.3333
0.4444
0.7714
0.1346
0.7778
2.8462
0.6364
0.2093
0.1111
0.3333
1
0.4737
0.6765
0.64
0.5625
0.3902
0.303
0.5
0.45
1
0.5
0.3333
0.42
0.3276
0.413
0.9583
1.0667
0.5581
1.1034
0.5
0.3556
0.4545
0.4865
0.561
0.35
0.8182
0.9512
0.871
0.7308
0.5357
0.4762
0.2195
0.3191
0.5806
1.1111
0.037
0.6216
0.6
0.4634
0.451
0.4255
0.7941
0.2121
0.4722
0.625
0.4074
1.125
0.2245
0.5556
0.5588
1.1429
0.9643
1.2963
0.325
0.5385
0.7353
0.8235
0.3409
0.05
0.4211
0
0.3235
0.25
0.8
0.6757
0.4186
0.0312
1.1667
1.0625
0.3846
0.6389
0.6667
0.7105
1.2917
0.6389
0
0.725
0.7143
0.4324
0.6176
0.5556
0.0909
0.8235
0.3913
0.9375
0.7667
0.0392
0.5714
0.375
0.6389
0.2703
0.4474
0.625
0.3889
0.6486
0.383
0.7143
0.4857
1.2286
0.4615
0.4737
0.9375
0.3421
1.0714
0.9677
0
0.4848
0
0.3684
0.9375
0.6111
0.5143
0.0164
2
0.3333
1.1481
1.0417
0.5556
0.5333
0.9583
0.7436
0.4103
0.5636
0.7037
0.0952
0.0488
0.5405
0.5
0.0385
0.4783
0.5385
0.3
0.75
0.7
0.6111
1.5417
0.4722
1.1613
0.5
0.641
0.6667
0.4848
0.2979
0.4
2.5263
0.8158
0.8837
0.6667
0.3488
0.8286
0.3636
0.7429
0.7949
0.3
0.3902
0.6
0.5854
0.6452
0.9655
0.2439
0.5517
0.4444
0.5641
0.3864
0.8667
0.7576
0.9143
0.7083
0.75
0.6842
0.7742
1.4783
1
0.7429
0.8667
0.9091
0.5
0.6216
0.2857
0.5833
0.561
1.0769
0.1852
0.8529
0.2979
1
0.84
0.6579
1.04
0.0417
0.7879
1.16
0.0238
0.3913
0.6667
0.963
1.1667
0.5294
0.3529
1.2083
0.6364
0.7674
0.5227
0.2778
0.8286
0.619
0.6944
1.45
0.6176
0.5556
0.0833
0.7368
1
0.4857
0.36
0.9615
0.383
0.0192
0.6667
0.4565
0.4242
1
1.3043
0.275
0.8667
1.0909
0.3438
0.4706
0.7222
0.6579
0.119
1.1786
0.4737
0.0455
0.3448
0.4314
0.65
0.7391
0.6667
0.6333
0.325
0.0526
0.8125
0.5833
0.641
0.5882
1.1724
0.8846
1
0.7812
0.7692
0.6786
0.8214
0.0227
0.0741
1
0.6
0.4681
0.5789
0.6471
1
0.5357
0.5833
0.6552
0.0667
1.2143
0.5952
0.5094
0.4194
0.0811
0.3696
0.8519
0.125
0.7143
0.3243
0.5
0.6333
0.7241
0.2857
0.5135
0.6667
0.3571
0.697
0.3261
0.6923
1.6667
0.3415
0.4324
0.4444
0.2963
0.9167
0.6571
0.4667
0.4286
0.4571
0.8125
0.0185
0.5
0.5
1.0286
0.7742
0.5517
0.7222
0.6429
0.9615
0.7059
1.0286
0.875
0.4146
0.6842
0.0392
0.5946
0.65
1.3333
0.2821
0.6053
0.5263
0.5882
0.4
0.4082
1.4583
0.3514
0.6316
0.4423
0
1.0417
0.5455
0.4722
0.4651
0.5294
0.76
0.8333
0.8974
0.575
0.5833
0.6
1.037
0.5714
0.2778
0.0208
1.0714
0.3077
0.7353
0.3256
0.5455
0.2045
0.4688
0.6875
0.2424
0.6562
0.641
0.9032
0.8621
0.8214
0.025
0.8056
0.6364
0.8261
0.0526
0
0.7941
0.5882
0.7407
0.0161
0.3696
0.7576
0.3846
0
0.8108
0.2973
0.6538
0.5135
0.4359
0.5122
0.0938
0.4419
0.7647
0.697
1.0333
0.7568
0.4242
0.7
1.2
0.5789
0.2619
0.9697
1.0435
1.5417
0.9355
0.6154
0.4516
0.4255
0.68
0.4737
0.4783
0.0244
0.5429
0.7714
0.0244
0.5429
0.4595
0.4412
0.8065
1.5263
0.7931
0.8421
0.2708
0.6222
0.9333
1.16
0.2857
1.1026
0.475
0.4167
1.375
0.0192
0.8788
0.6286
0.6667
0.5143
0.5918
0
0.4348
0.6111
0.4103
0.6216
0.7
0.3077
0.36
0.4545
0.0175
0.3902
1.1111
0.1944
0.6552
0.2075
1
1.25
0.5882
0.6977
0.0652
0.2692
0.4865
0.7
0.4242
1.0294
0.3793
0.6667
0.9
0.2121
0.7436
0.6531
0.65
1
0.4545
0.04
0.5946
1.1379
0.425
0.9429
1
0.075
0.0192
0.4865
0.9286
0.3778
0.641
0.697
0.625
0.7742
0.5778
0.4318
0.9032
0.5263
0
0.5455
0.9286
0.5588
0.3684
0.3409
0.96
0.8077
0.7895
0.5
0.4412
0.2
0.4
0.3636
0.6875
0.4048
0.0392
1.2593
0.3958
0.6333
0.6774
0.6875
0.1556
0.5862
0.5625
0
0.3415
1.0312
1.0645
0.3208
0.5
0.5938
0.0164
1
1.0882
0
0.7
0.9667
0.0323
0.6667
0.7742
0.6944
0.5152
0.7
0.4211
0.2037
0.6111
0.5429
0.871
0.619
1.0455
0.2727
0.2558
0.6857
0.875
0.4474
0.2826
0.2895
0.2
0.4474
0
0.0256
0.6774
0.25
1.1471
0.075
0.3
1.1111
0.3636
1.4688
0.6944
0.1714
0.0577
0.6383
0.4865
1.0345
1.48
0.0192
0.5161
0.6176
0.4259
0.575
0.439
0.9677
0.75
1.069
0.6579
0
0.5882
0.4359
0.0732
0.5758
0.45
0.32
0.26
0.7419
0.725
0.697
0.8621
0.0714
0.5806
0.8611
0.3333
0.5455
0.8947
1.087
0.0357
0.875
0.9286
0.5455
0.5
0.2895
0.4717
0.5814
0.4783
0.25
0.7647
0.1961
0.931
1.0323
0.175
1
0.4412
0
0.5
0.0465
0.6154
0.8788
1.1333
0.7619
0.5641
0.7027
0.875
1.7308
0.9231
0.3864
0.7037
0.75
0.5161
0.4359
0.0204
0.9565
0.3409
0.0545
0.8966
0.5556
0.0465
0.5833
0.04
0.7778
1.1034
0.5625
0.9706
0.2273
0.561
0.5758
0.55
0.6389
0.6452
0.5122
0.027
0.6216
1.3448
0.963
0.3415
0.6667
0.9286
0.75
0.5581
0.5833
0.5946
0.4444
0.0385
0.6579
0.5
0.5405
0.5484
0.8158
0.7143
0.6111
0.4634
0.7222
0.4545
0.775
0.5862
0.9355
1.3913
0.871
0.6364
0.0645
0.7955
0.3143
0.9487
0.4091
0.025
0.3438
0.7429
1.0833
0.5952
0.2542
0.3333
0.5143
0.8
0.2439
1.5
0.4848
0.5588
0.0294
0.8333
0.4545
0.2812
0.7027
0.5143
0.7027
0.5909
0.375
1.6154
0.5263
0.6333
0.0345
0.0732
1
0.7778
0.0238
0.6579
1.1786
0.3725
0.1842
0.4054
0.6667
0.7931
0.1915
0.5938
0.4
0.5588
0.45
0.2955
0.9
0.725
0.4167
0.625
1.375
0.0408
0.6875
0.6757
0.9091
0.4667
0
0.2128
0.3902
0.5405
0.6316
0.4688
0.8235
0.5778
0.2903
0.5526
0.5135
0.5116
0.8276
1
