ncvFD_AFR	ncvFD_EUR	ncvFD_ASN	ncv_AFR	ncv_EUR	ncv_ASN	hka_AFR	hka_EUR	hka_ASN	tajd_AFR
0.4733	0.4878	0.4988	0.4219	0.4553	0.4875	0.5652	0.3913	0.1039	-0.769111
0.4787	0.4973	0.4985	0.4568	0.4824	0.4836	1.0147	0.1882	0.1059	-1.83855
0.4491	0.4779	0.4921	0.3744	0.4461	0.4787	0.7846	0.7385	0.6	0.474246
0.4595	0.4931	0.4945	0.4191	0.443	0.4895	1.0943	0.1467	1.1	-0.712437
0.4587	0.487	0.4934	0.4079	0.4663	0.4532	0.8971	0.6471	0.1711	-0.402708
0.4788	0.4914	0.4984	0.4065	0.4487	0.4719	0.3246	0.2137	0.063	-0.351078
0.4673	0.4813	0.4975	0.4045	0.4449	0.4574	0.5778	0.5444	0.0648	-0.306325
0.4742	0.4979	0.4976	0.4153	0.4633	0.4761	0.4783	0.0641	0.1154	-0.579598
0.4671	0.4339	0.4934	0.4318	0.3459	0.4528	1	0.9	0.1714	-1.06418
0.4762	0.4841	0.498	0.4134	0.4253	0.4753	0.4167	0.2929	0.0901	-0.538302
0.4235	0.496	0.4985	0.3368	0.4701	0.4819	1.0727	0.1579	0.0921	1.37582
0.4581	0.486	0.497	0.3766	0.4552	0.4776	0.5909	0.4776	0.1566	0.40949
0.4548	0.4962	0.4976	0.3822	0.4744	0.4845	0.7111	0.1802	0.1892	0.281147
0.4755	0.4797	0.4971	0.4455	0.4406	0.4561	0.8615	0.5538	0.075	-1.47507
0.467	0.4959	0.499	0.4113	0.4533	0.4821	0.6508	0.1	0.0625	-0.483985
0.4603	0.4975	0.4987	0.4006	0.4545	0.4828	0.7407	0.0619	0.0825	-0.203895
0.4747	0.4988	0.497	0.4055	0.4781	0.4421	0.4051	0.0581	0.0581	-0.320556
0.4759	0.4953	0.4982	0.4292	0.4546	0.4793	0.5556	0.122	0.0976	-0.975428
0.4698	0.4981	0.4991	0.4312	0.4864	0.4851	0.84	0.1692	0.0615	-1.03359
0.4824	0.4863	0.4996	0.4344	0.4337	0.4867	0.3924	0.2785	0.0349	-1.09466
0.4737	0.479	0.4956	0.3999	0.3982	0.4814	0.3978	0.2903	0.3118	-0.178305
0.4901	0.4961	0.4969	0.4597	0.4353	0.4572	0.3415	0.069	0.0805	-1.7975
0.4591	0.4902	0.4674	0.4087	0.4768	0.4025	0.8971	0.75	0.5588	-0.425822
0.4664	0.4975	0.4966	0.4213	0.4771	0.4618	0.8095	0.1282	0.1026	-0.767847
0.4862	0.4908	0.4935	0.4442	0.4561	0.4452	0.3488	0.2791	0.1413	-1.36651
0.481	0.4958	0.4954	0.4562	0.4885	0.4619	0.7975	0.575	0.1429	-1.81025
0.4636	0.4976	0.4989	0.394	0.4721	0.4864	0.5867	0.0978	0.087	-0.0278879
0.472	0.4882	0.4986	0.401	0.4568	0.4807	0.4382	0.3933	0.08	-0.208243
0.4836	0.4957	0.498	0.4461	0.4548	0.4771	0.4625	0.1099	0.0989	-1.44799
0.4821	0.4982	0.4984	0.4414	0.485	0.4802	0.4691	0.1379	0.092	-1.3164
0.481	0.4519	0.4953	0.4545	0.3696	0.4877	0.7538	0.6769	0.6308	-1.73129
0.4809	0.4987	0.4985	0.4298	0.4856	0.4635	0.4024	0.0968	0.043	-0.974646
0.4828	0.4786	0.4972	0.4456	0.412	0.4713	0.4886	0.3523	0.11	-1.45282
0.466	0.4935	0.4961	0.4128	0.4806	0.489	0.7027	0.5135	0.5541	-0.534902
0.4955	0.4772	0.4967	0.4793	0.3785	0.4712	0.2874	0.2644	0.134	-2.34928
0.4798	0.4973	0.4988	0.4492	0.4741	0.4872	0.6949	0.1194	0.1045	-1.55214
0.4563	0.4983	0.497	0.3857	0.4754	0.477	0.7031	0.0779	0.1558	0.186867
0.4667	0.496	0.4966	0.4022	0.4264	0.4579	0.5732	0.0619	0.0928	-0.242893
0.483	0.4987	0.4977	0.4452	0.4844	0.4834	0.4783	0.0946	0.1622	-1.40786
0.4875	0.4793	0.4945	0.4626	0.4338	0.4245	0.5238	0.4881	0.0842	-1.96409
0.4825	0.4827	0.4979	0.4362	0.4127	0.4729	0.4048	0.2706	0.087	-1.15639
0.4871	0.4811	0.4989	0.4616	0.4282	0.4834	0.5286	0.3857	0.075	-1.90647
0.4373	0.4383	0.4963	0.3554	0.3507	0.4409	0.9054	0.8378	0.0714	0.950044
0.481	0.4949	0.4964	0.4515	0.4858	0.4512	0.6786	0.5714	0.0841	-1.65663
0.4674	0.4985	0.4978	0.4181	0.4851	0.4739	0.7213	0.1096	0.0959	-0.673239
0.488	0.4981	0.4993	0.4335	0.4891	0.4851	0.2364	0.2091	0.05	-1.04919
0.4694	0.4816	0.4971	0.4283	0.4475	0.4465	0.806	0.5672	0.0595	-0.970961
0.4858	0.4915	0.4995	0.4535	0.4636	0.4875	0.4598	0.3146	0.0417	-1.67655
0.4823	0.4963	0.4974	0.4431	0.4601	0.4766	0.4783	0.1078	0.1275	-1.38011
0.4608	0.4943	0.4982	0.4234	0.4883	0.4813	1.1404	0.9649	0.1096	-0.8411
0.471	0.4753	0.4974	0.4338	0.4374	0.4638	0.8354	0.6962	0.0816	-1.14203
0.483	0.4787	0.4954	0.4403	0.4229	0.4461	0.4239	0.413	0.098	-1.28633
0.4624	0.4965	0.4967	0.3784	0.4677	0.4898	0.5122	0.1263	0.4878	0.366982
0.4873	0.4815	0.497	0.462	0.4272	0.454	0.52	0.3684	0.0732	-1.92488
0.457	0.4936	0.4981	0.3956	0.4846	0.4845	0.7875	0.725	0.1386	-0.0711806
0.475	0.4983	0.4984	0.4534	0.4845	0.4815	1.2182	0.1233	0.0959	-1.73221
0.4598	0.4918	0.4988	0.3999	0.4798	0.4863	0.75	0.7031	0.0976	-0.183651
0.474	0.4928	0.4909	0.4319	0.4736	0.4637	0.6667	0.3836	0.3472	-1.06664
0.4489	0.4614	0.4955	0.3509	0.3883	0.4362	0.6186	0.5979	0.082	1.05008
0.468	0.4993	0.4991	0.4148	0.49	0.4872	0.6579	0.0753	0.0753	-0.586133
0.4615	0.4906	0.4974	0.3973	0.4743	0.4768	0.6719	0.5938	0.1282	-0.114787
0.4726	0.4961	0.4984	0.4398	0.4647	0.4806	0.8906	0.1282	0.0897	-1.30753
0.4795	0.4643	0.4964	0.4482	0.3943	0.4892	0.6933	0.5733	0.5067	-1.54866
0.4805	0.4987	0.4983	0.4265	0.487	0.4667	0.3908	0.1087	0.0543	-0.886334
0.4855	0.4821	0.4951	0.455	0.4336	0.4837	0.5	0.3971	0.4412	-1.69612
0.4944	0.4964	0.4943	0.4715	0.4818	0.447	0.253	0.25	0.1279	-2.07085
0.4753	0.4874	0.4981	0.4237	0.4578	0.478	0.519	0.443	0.0957	-0.82193
0.4867	0.4817	0.494	0.4549	0.4259	0.4752	0.4393	0.3551	0.3271	-1.73839
0.446	0.4625	0.4956	0.3779	0.4091	0.4549	0.9104	0.7761	0.1124	0.388858
0.4742	0.4982	0.4961	0.4333	0.4758	0.457	0.6786	0.0841	0.1028	-1.11896
0.4643	0.4964	0.498	0.4134	0.4539	0.4773	0.7722	0.0882	0.098	-0.556619
0.4702	0.4967	0.4951	0.4317	0.4559	0.4604	0.8333	0.0854	0.1463	-1.06861
0.4797	0.4987	0.4974	0.4574	0.4882	0.4633	0.9531	0.1264	0.0805	-1.84467
0.4702	0.488	0.499	0.4112	0.4511	0.4834	0.557	0.3415	0.0652	-0.483892
0.4618	0.4953	0.4949	0.4181	0.4544	0.4497	0.9583	0.1196	0.1196	-0.692391
0.4861	0.4958	0.4954	0.4494	0.4635	0.4468	0.3976	0.1333	0.1	-1.52818
0.4754	0.4965	0.4905	0.4301	0.4622	0.4371	0.5867	0.1071	0.1905	-1.00763
0.4753	0.4963	0.4988	0.4299	0.4726	0.4867	0.5875	0.1591	0.1023	-1.00708
0.4666	0.4705	0.4971	0.429	0.4324	0.4612	0.9583	0.8333	0.0851	-1.00553
0.4625	0.4869	0.4943	0.4172	0.4693	0.4509	0.9062	0.7656	0.1392	-0.660258
0.4693	0.4703	0.4951	0.4359	0.4379	0.4898	0.9836	0.9836	0.9344	-1.19682
0.4704	0.4652	0.4558	0.4415	0.4223	0.3636	1.0847	0.8814	0.5588	-1.36628
0.487	0.4933	0.4942	0.4531	0.4756	0.4636	0.4028	0.3889	0.1951	-1.6139
0.4556	0.4821	0.4966	0.3741	0.4466	0.4669	0.6267	0.5333	0.117	0.477363
0.472	0.4877	0.4959	0.424	0.4633	0.4355	0.6338	0.5211	0.0723	-0.837009
0.4434	0.4685	0.4984	0.3605	0.4195	0.4804	0.8	0.7	0.0886	0.810359
0.4694	0.4957	0.4987	0.4114	0.4855	0.4728	0.5814	0.4302	0.0495	-0.493608
0.4559	0.4885	0.4917	0.3646	0.4656	0.4736	0.5632	0.5172	0.4713	0.713278
0.4756	0.4956	0.4935	0.4305	0.4626	0.4439	0.5833	0.1392	0.1392	-1.01437
0.4733	0.4949	0.4988	0.4541	0.4511	0.49	1.46	0.1233	0.137	-1.75948
0.4682	0.4612	0.4982	0.4201	0.3843	0.4812	0.7206	0.5735	0.1059	-0.733264
0.4795	0.4876	0.4929	0.4521	0.4704	0.4516	0.7846	0.7385	0.1807	-1.6639
0.4821	0.4978	0.4976	0.4426	0.4864	0.4875	0.4815	0.1975	0.2346	-1.35331
0.436	0.4799	0.4959	0.352	0.448	0.4506	0.9048	0.6667	0.0964	1.02227
0.4705	0.498	0.4989	0.4212	0.4826	0.4863	0.6533	0.1333	0.0889	-0.764692
0.4598	0.4959	0.4969	0.3794	0.4623	0.4764	0.5714	0.1268	0.1549	0.337369
0.4499	0.4843	0.4968	0.3747	0.4624	0.4636	0.7662	0.7403	0.101	0.470036
0.4758	0.4737	0.4954	0.4357	0.3999	0.4839	0.6438	0.3973	0.411	-1.17155
0.4755	0.4964	0.4962	0.4336	0.4637	0.4576	0.6269	0.1154	0.1026	-1.10289
0.4849	0.4964	0.4994	0.4507	0.4673	0.4851	0.4659	0.1275	0.0392	-1.59646
0.4833	0.4706	0.4918	0.4578	0.4062	0.4704	0.6835	0.5063	0.3924	-1.8436
0.465	0.4981	0.4974	0.4219	0.4721	0.4739	0.8833	0.0769	0.1154	-0.788914
0.479	0.4985	0.4951	0.4488	0.4834	0.416	0.7333	0.1023	0.0682	-1.57383
0.4573	0.4947	0.4933	0.4093	0.4877	0.485	0.9818	0.7636	0.8182	-0.437802
0.4813	0.4966	0.4968	0.4495	0.4787	0.4707	0.6184	0.1932	0.125	-1.57603
0.4765	0.4925	0.4974	0.4338	0.4754	0.4713	0.5921	0.4474	0.1047	-1.11431
0.484	0.4982	0.4944	0.4683	0.479	0.4541	1.0484	0.0976	0.1463	-2.19117
0.4737	0.482	0.4997	0.4027	0.4072	0.485	0.4124	0.2653	0.0187	-0.254865
0.4564	0.4975	0.4985	0.3774	0.4719	0.4851	0.6329	0.1	0.1111	0.396414
0.4356	0.455	0.4964	0.3877	0.4187	0.4722	1.5294	1.3529	0.1519	0.138132
0.4687	0.4849	0.4948	0.4324	0.4632	0.4873	0.9275	0.7246	0.6957	-1.09783
0.4774	0.4661	0.4993	0.4331	0.3389	0.4851	0.5467	0.32	0.0471	-1.08599
0.4611	0.4848	0.4985	0.4133	0.4632	0.4877	0.8939	0.7273	0.1461	-0.550626
0.4702	0.4677	0.4973	0.4148	0.3985	0.4794	0.589	0.5205	0.1512	-0.581109
0.4634	0.4721	0.4988	0.4127	0.4231	0.4801	0.7941	0.6176	0.0682	-0.531579
0.4748	0.4932	0.4945	0.4439	0.4847	0.4559	0.8657	0.8088	0.1477	-1.43009
0.4585	0.4781	0.4961	0.4026	0.3962	0.4602	0.8254	0.3	0.1125	-0.255509
0.4751	0.4353	0.4921	0.4428	0.3161	0.4663	0.8182	0.6753	0.3182	-1.40452
0.4749	0.4684	0.4966	0.4274	0.3926	0.4614	0.5696	0.4684	0.1011	-0.933694
0.4881	0.4962	0.4975	0.4593	0.4849	0.471	0.4316	0.3438	0.0952	-1.85246
0.4675	0.4783	0.498	0.4232	0.4379	0.4803	0.7973	0.5733	0.1136	-0.828476
0.4699	0.4987	0.498	0.424	0.483	0.4686	0.7123	0.0824	0.0706	-0.846527
0.4743	0.4989	0.4969	0.4284	0.4835	0.4599	0.6056	0.0759	0.0886	-0.956918
0.4654	0.4982	0.4978	0.422	0.4822	0.4854	0.8667	0.1163	0.1829	-0.799589
0.4711	0.4989	0.4982	0.4255	0.4851	0.4818	0.686	0.0769	0.1154	-0.894224
0.4861	0.4991	0.4965	0.4505	0.4705	0.4846	0.4096	0.0341	0.3012	-1.56337
0.464	0.4938	0.4933	0.4018	0.4829	0.448	0.6438	0.5753	0.1556	-0.234655
0.4649	0.4567	0.4948	0.425	0.3949	0.4566	0.9545	0.7879	0.1429	-0.884606
0.4667	0.4837	0.4937	0.4218	0.4593	0.4227	0.8082	0.6986	0.0968	-0.789198
0.4728	0.4986	0.4992	0.4223	0.4861	0.4867	0.5867	0.1149	0.069	-0.78812
0.4863	0.4811	0.4978	0.4649	0.4354	0.4731	0.6618	0.4412	0.0921	-2.03644
0.4687	0.4741	0.496	0.4182	0.4222	0.4874	0.6765	0.5441	0.4706	-0.676358
0.464	0.4971	0.4952	0.4135	0.4787	0.456	0.7826	0.1628	0.1279	-0.553601
0.4748	0.4939	0.495	0.4441	0.4852	0.4648	0.871	0.7097	0.1707	-1.431
0.4757	0.4957	0.4966	0.4361	0.4577	0.4537	0.6571	0.1176	0.0824	-1.182
0.4755	0.4813	0.4994	0.4112	0.4202	0.49	0.4203	0.3333	0.0649	-0.465799
0.4805	0.4897	0.4961	0.4396	0.4635	0.4386	0.507	0.4085	0.0714	-1.25986
0.4844	0.4974	0.4969	0.4295	0.4794	0.4567	0.3049	0.1494	0.0805	-0.93645
0.4032	0.4486	0.4993	0.2799	0.3841	0.49	1.037	0.9074	0.08	2.54636
0.4569	0.4977	0.4993	0.3754	0.4802	0.488	0.6081	0.131	0.0595	0.443569
0.4674	0.4982	0.4965	0.4099	0.4873	0.4702	0.625	0.1692	0.1385	-0.440251
0.4563	0.4923	0.4968	0.4055	0.4813	0.4638	0.9538	0.7077	0.1	-0.339053
0.445	0.4749	0.4991	0.3939	0.4458	0.49	1.2143	0.9107	0.0964	-0.0269618
0.4779	0.4827	0.4979	0.4341	0.4341	0.4457	0.5393	0.382	0.0417	-1.12788
0.4571	0.4516	0.4987	0.3801	0.3712	0.4851	0.6377	0.6957	0.0976	0.326633
0.4844	0.4985	0.4985	0.4526	0.4775	0.4792	0.5172	0.0707	0.0808	-1.66334
0.476	0.4756	0.4988	0.4179	0.4035	0.4861	0.4516	0.3763	0.0962	-0.665715
0.4723	0.4855	0.496	0.423	0.4463	0.4646	0.6087	0.3913	0.1316	-0.804851
0.4734	0.4921	0.4982	0.4204	0.4668	0.4851	0.5469	0.3231	0.1389	-0.722682
0.4784	0.4864	0.4947	0.4259	0.4305	0.4621	0.4458	0.2619	0.1702	-0.877029
0.4731	0.4965	0.4992	0.4114	0.4678	0.49	0.48	0.1279	0.093	-0.480857
0.4833	0.4959	0.4979	0.4376	0.451	0.473	0.39	0.0965	0.0877	-1.21023
0.4728	0.4902	0.4975	0.4209	0.4635	0.4785	0.5698	0.382	0.1359	-0.755548
0.4827	0.4788	0.4961	0.4414	0.4155	0.4384	0.4444	0.3667	0.0729	-1.32039
0.4804	0.4974	0.499	0.4506	0.4746	0.4823	0.6944	0.1176	0.0588	-1.61687
0.4705	0.4972	0.4983	0.428	0.4791	0.4738	0.75	0.1546	0.0722	-0.967992
0.4625	0.4664	0.4991	0.3928	0.3676	0.4867	0.6056	0.3944	0.0732	0.00271023
0.477	0.4829	0.4948	0.4463	0.4597	0.458	0.7922	0.7662	0.1485	-1.50767
0.4871	0.4974	0.4971	0.447	0.4843	0.4507	0.34	0.2	0.066	-1.46236
0.4808	0.4972	0.4987	0.4374	0.4659	0.4815	0.4717	0.0932	0.0763	-1.22783
0.4568	0.4943	0.4989	0.3536	0.4825	0.4856	0.4945	0.4945	0.0833	0.967748
0.4813	0.4709	0.4969	0.4444	0.4099	0.4636	0.5375	0.525	0.0978	-1.41751
0.4775	0.4699	0.4982	0.4302	0.3993	0.4761	0.5116	0.4767	0.0833	-1.0104
0.4747	0.4969	0.4961	0.4195	0.4635	0.486	0.5	0.0947	0.3929	-0.708214
0.4869	0.4697	0.4956	0.4639	0.4118	0.4449	0.5909	0.5758	0.0921	-1.98451
0.4585	0.4896	0.4946	0.3869	0.4681	0.4002	0.6579	0.5	0.0632	0.15646
0.4771	0.4703	0.4937	0.4449	0.4227	0.4829	0.7568	0.68	0.5946	-1.45917
0.4865	0.4948	0.4958	0.4489	0.4824	0.4638	0.3803	0.4225	0.1358	-1.48194
0.472	0.4822	0.4958	0.4326	0.4487	0.4558	0.7656	0.5588	0.1084	-1.08655
0.4777	0.4983	0.4966	0.4425	0.4865	0.472	0.6711	0.1505	0.1443	-1.37751
0.4809	0.4594	0.4924	0.4591	0.3804	0.4798	0.9138	0.5862	0.6207	-1.88248
0.4656	0.4984	0.498	0.4023	0.4746	0.4749	0.6047	0.0707	0.0909	-0.24814
0.4493	0.4968	0.4985	0.389	0.4699	0.486	0.9516	0.1235	0.1235	0.102188
0.4724	0.4969	0.4972	0.4263	0.4819	0.4801	0.6479	0.2118	0.1647	-0.90397
0.4743	0.4967	0.4977	0.447	0.4717	0.4751	1	0.1364	0.1023	-1.53577
0.4749	0.4454	0.489	0.4333	0.3233	0.4672	0.6479	0.5493	0.5211	-1.10084
0.4643	0.4855	0.4954	0.4149	0.4652	0.4883	0.7941	0.7353	0.6471	-0.592758
0.4725	0.4801	0.4984	0.4141	0.4311	0.4714	0.5172	0.4368	0.0612	-0.563888
0.4711	0.4932	0.4923	0.4166	0.4574	0.427	0.5789	0.1977	0.1279	-0.631254
0.4733	0.4991	0.4978	0.4295	0.4802	0.4792	0.6571	0.0476	0.119	-0.994469
0.481	0.4681	0.4956	0.4347	0.3908	0.4622	0.4405	0.4643	0.1368	-1.12351
0.4635	0.4615	0.494	0.4112	0.3946	0.396	0.7683	0.6463	0.068	-0.496221
0.4697	0.4851	0.4887	0.4215	0.4599	0.3929	0.6857	0.6143	0.1325	-0.772173
0.4837	0.4808	0.4981	0.4365	0.4205	0.4802	0.3696	0.3478	0.1068	-1.16568
0.4713	0.4958	0.496	0.4339	0.4709	0.4656	0.8246	0.1757	0.1351	-1.12114
0.4918	0.4751	0.4872	0.4753	0.4313	0.4638	0.5139	0.6111	0.5694	-2.32186
0.466	0.4965	0.499	0.4191	0.4895	0.4875	0.7895	0.5132	0.087	-0.714731
0.4775	0.4818	0.4938	0.4443	0.4541	0.4354	0.7162	0.6892	0.1136	-1.4339
0.4841	0.4943	0.498	0.4355	0.4718	0.4766	0.3506	0.2597	0.0964	-1.1098
0.4847	0.4695	0.4974	0.4449	0.3849	0.4751	0.4085	0.4085	0.1184	-1.38135
0.4725	0.4851	0.4987	0.4155	0.4335	0.4709	0.527	0.3108	0.0476	-0.595005
0.4577	0.461	0.4998	0.3774	0.3846	0.49	0.6049	0.5802	0.0206	0.397107
0.476	0.4802	0.4931	0.4285	0.432	0.4423	0.5467	0.44	0.1446	-0.957715
0.4762	0.4978	0.4978	0.4288	0.4798	0.4569	0.5417	0.125	0.0568	-0.960611
0.4666	0.4938	0.4943	0.4095	0.4535	0.4354	0.6447	0.1609	0.1034	-0.440258
0.4759	0.4979	0.499	0.4354	0.4842	0.4886	0.6364	0.1579	0.0921	-1.15413
0.4838	0.4726	0.4989	0.4425	0.3689	0.4863	0.4167	0.3059	0.0842	-1.33674
0.4656	0.4971	0.4973	0.4095	0.4772	0.4744	0.6757	0.1463	0.122	-0.440965
0.4378	0.495	0.4988	0.3514	0.4883	0.4878	0.8548	0.7581	0.1154	1.03072
0.4797	0.4832	0.4987	0.4384	0.44	0.4691	0.525	0.4125	0.0465	-1.24023
0.4291	0.4527	0.4994	0.3456	0.403	0.49	1.02	1.06	0.0615	1.16234
0.4773	0.499	0.4987	0.4346	0.485	0.4802	0.5714	0.069	0.069	-1.13688
0.4796	0.4912	0.4977	0.4468	0.4759	0.4815	0.6557	0.5902	0.1429	-1.47874
0.4769	0.4793	0.4978	0.4282	0.4172	0.4706	0.5135	0.3649	0.0833	-0.942687
0.4759	0.4967	0.4952	0.4362	0.4695	0.4369	0.6515	0.125	0.0875	-1.17983
0.477	0.4966	0.496	0.4158	0.4786	0.4829	0.4105	0.19	0.3158	-0.602866
0.4679	0.4974	0.4972	0.4221	0.4667	0.4674	0.7632	0.0874	0.0971	-0.79672
0.4554	0.4454	0.4953	0.4019	0.3701	0.465	0.9286	0.8393	0.16	-0.237951
0.4705	0.4688	0.4997	0.4244	0.4127	0.49	0.6944	0.6111	0.0353	-0.855267
0.4769	0.4982	0.4997	0.4295	0.4748	0.49	0.527	0.0805	0.0345	-0.981517
0.459	0.4635	0.4835	0.4105	0.4151	0.4591	0.931	0.8276	0.7069	-0.472566
0.4823	0.4815	0.4975	0.4518	0.4426	0.4797	0.6104	0.5065	0.1444	-1.64714
0.4671	0.4983	0.494	0.4208	0.4836	0.4849	0.7742	0.1139	0.6613	-0.753048
0.4564	0.4982	0.4975	0.3927	0.4822	0.4728	0.7714	0.1149	0.1034	0.00492057
0.4709	0.4955	0.4967	0.4233	0.4627	0.4703	0.6622	0.1412	0.1294	-0.822805
0.4776	0.4922	0.4871	0.4468	0.4776	0.4638	0.7671	0.5479	0.5753	-1.51548
0.4755	0.4979	0.4961	0.4305	0.4806	0.456	0.5857	0.1266	0.1013	-1.01331
0.4815	0.4978	0.4972	0.4451	0.4803	0.4699	0.5366	0.1277	0.1064	-1.43841
0.4323	0.4956	0.4922	0.3679	0.4592	0.4851	1.2222	0.125	1.1111	0.644644
0.4629	0.4961	0.4972	0.3963	0.4881	0.4668	0.625	0.5	0.0947	-0.0885452
0.4868	0.4997	0.4986	0.452	0.49	0.4843	0.3978	0.0288	0.0962	-1.61936
0.4912	0.4825	0.4956	0.4762	0.4378	0.4866	0.597	0.4179	0.4925	-2.365
0.4675	0.4966	0.4979	0.4131	0.4571	0.4215	0.6548	0.0891	0.0297	-0.543564
0.4535	0.493	0.4965	0.3922	0.4816	0.465	0.8548	0.619	0.1139	0.0187987
0.4502	0.4717	0.4911	0.3743	0.4206	0.479	0.7564	0.6026	0.7564	0.47977
0.4424	0.4586	0.4966	0.398	0.424	0.4731	1.4528	1.3019	0.1486	-0.136427
0.4595	0.4897	0.4982	0.4094	0.4746	0.4873	0.8929	0.6964	0.1719	-0.438705
0.4717	0.4985	0.4996	0.4398	0.4791	0.4801	0.9444	0.0808	0.0202	-1.32201
0.4666	0.4538	0.4911	0.4153	0.3542	0.4679	0.7123	0.5479	0.3973	-0.602763
0.4889	0.499	0.498	0.4796	0.4858	0.4576	1.2131	0.0737	0.0526	-2.57188
0.4791	0.4666	0.4938	0.4502	0.4053	0.4134	0.7606	0.6056	0.0843	-1.61163
0.4535	0.4973	0.4991	0.4123	0.4562	0.4826	1.2407	0.0685	0.0548	-0.527137
0.4692	0.4634	0.4653	0.4296	0.406	0.3019	0.8382	0.7059	0.2667	-1.01218
0.4814	0.483	0.4983	0.4483	0.438	0.4803	0.5915	0.4028	0.0964	-1.52975
0.4827	0.4842	0.4964	0.4512	0.4294	0.442	0.5778	0.3111	0.0693	-1.63844
0.4737	0.4971	0.4972	0.438	0.4785	0.4584	0.7887	0.1613	0.0753	-1.25362
0.4964	0.4875	0.4963	0.4819	0.4249	0.4785	0.25	0.2159	0.2159	-2.38656
0.4772	0.4961	0.4978	0.4498	0.4779	0.478	0.875	0.2179	0.1154	-1.60492
0.4792	0.4937	0.4941	0.4575	0.4293	0.4867	1	0.1053	0.8143	-1.86113
0.4934	0.4716	0.4982	0.4789	0.3962	0.4788	0.4688	0.4219	0.0959	-2.38592
0.4603	0.4817	0.4992	0.4019	0.4441	0.49	0.7576	0.5152	0.0886	-0.236904
0.4599	0.497	0.4987	0.4038	0.4751	0.4838	0.7949	0.1398	0.086	-0.29255
0.4814	0.4974	0.4975	0.4415	0.4547	0.4653	0.4947	0.0625	0.0811	-1.34172
0.4599	0.4905	0.4966	0.4018	0.4742	0.4685	0.7703	0.5946	0.1263	-0.236772
0.4831	0.4981	0.4997	0.4627	0.4817	0.49	0.8654	0.1159	0.029	-1.96937
0.4342	0.4476	0.4988	0.3796	0.3979	0.4863	1.3818	1.1818	0.0976	0.351115
0.4789	0.4977	0.4955	0.4407	0.4755	0.4469	0.5895	0.1062	0.0973	-1.33356
0.4606	0.4953	0.4997	0.416	0.4889	0.49	0.9672	0.7377	0.0349	-0.626279
0.4805	0.4987	0.4983	0.4442	0.486	0.4822	0.5698	0.1	0.11	-1.42433
0.4635	0.49	0.4859	0.4186	0.4763	0.4698	0.8873	0.7465	0.9014	-0.703096
0.4657	0.4826	0.4939	0.4287	0.4582	0.4581	1	0.7451	0.1765	-0.979528
0.4613	0.4436	0.4968	0.4107	0.3481	0.3948	0.8438	0.7031	0.0349	-0.476525
0.4715	0.4975	0.4904	0.4377	0.4706	0.4744	0.9014	0.0968	0.6111	-1.25625
0.4814	0.4888	0.4937	0.4557	0.471	0.4375	0.7606	0.6479	0.119	-1.78007
0.4814	0.4678	0.4964	0.4454	0.4021	0.4641	0.5455	0.5455	0.1149	-1.44326
0.4725	0.4979	0.4985	0.4286	0.4813	0.483	0.678	0.1304	0.1	-0.958597
0.4457	0.4993	0.496	0.3753	0.488	0.4715	0.8871	0.0595	0.1667	0.453994
0.4797	0.4949	0.4967	0.4558	0.4871	0.4447	0.8904	0.6575	0.0667	-1.80183
0.477	0.4973	0.498	0.4496	0.4773	0.4757	0.8873	0.1379	0.092	-1.6107
0.4849	0.4807	0.4969	0.4549	0.4362	0.4709	0.5278	0.463	0.124	-1.75959
0.4478	0.4546	0.4917	0.3849	0.3872	0.4802	0.9444	0.7639	0.7361	0.21114
0.4722	0.4984	0.4983	0.4234	0.4789	0.4825	0.6184	0.0851	0.1064	-0.822617
0.4557	0.4939	0.496	0.3956	0.4553	0.4661	0.8276	0.1644	0.137	-0.0702829
0.4574	0.4817	0.4992	0.3962	0.4547	0.4875	0.7816	0.7126	0.0684	-0.087545
0.4682	0.4827	0.4933	0.4273	0.455	0.4301	0.8421	0.6579	0.1146	-0.951841
0.4839	0.4988	0.4972	0.4525	0.4789	0.4753	0.5408	0.0609	0.1304	-1.68111
0.4861	0.4956	0.4956	0.4493	0.4592	0.4465	0.3976	0.1263	0.0947	-1.52458
0.4663	0.4938	0.4938	0.4241	0.4579	0.4545	0.8689	0.1795	0.1667	-0.850416
0.4793	0.487	0.4935	0.4507	0.4649	0.4833	0.76	0.6133	0.64	-1.6334
0.4846	0.4954	0.4968	0.4476	0.4587	0.4617	0.4375	0.1294	0.0941	-1.48349
0.4489	0.4953	0.495	0.404	0.4853	0.49	1.2642	0.4783	1	-0.297634
0.4739	0.453	0.494	0.4272	0.3643	0.4826	0.6053	0.6184	0.5395	-0.929683
0.459	0.458	0.4985	0.404	0.3903	0.4803	0.8286	0.7	0.0814	-0.295241
0.4754	0.4601	0.4859	0.4461	0.3969	0.4623	0.8889	0.7083	0.625	-1.50425
0.4704	0.497	0.4949	0.4164	0.4229	0.481	0.6	0.044	0.3733	-0.625461
0.4669	0.4414	0.4924	0.4292	0.3534	0.4829	0.9474	0.7895	0.8246	-0.995705
0.4772	0.4717	0.4956	0.4162	0.379	0.464	0.4096	0.3494	0.1444	-0.605665
0.4749	0.4895	0.4996	0.4149	0.4599	0.49	0.4592	0.3673	0.037	-0.584925
0.4867	0.4666	0.4931	0.4564	0.3736	0.4361	0.4595	0.4133	0.1294	-1.73687
0.4919	0.4937	0.4973	0.4756	0.4739	0.4767	0.5147	0.3235	0.1316	-2.32045
0.4721	0.4801	0.4972	0.4225	0.4334	0.4743	0.6098	0.4578	0.125	-0.800297
0.473	0.4913	0.4947	0.3971	0.4695	0.45	0.3973	0.411	0.125	-0.104346
0.4718	0.4978	0.495	0.4173	0.4811	0.4683	0.5652	0.1341	0.1951	-0.642922
0.4823	0.4773	0.491	0.4416	0.3851	0.463	0.4624	0.2796	0.3333	-1.33594
0.4751	0.4374	0.4988	0.4497	0.3489	0.4843	1.0312	0.8438	0.0814	-1.61586
0.4727	0.498	0.4985	0.432	0.481	0.487	0.7195	0.1176	0.1275	-1.08253
0.4778	0.4719	0.4988	0.4324	0.3828	0.4875	0.5238	0.3594	0.1127	-1.04581
0.4713	0.4886	0.4989	0.3975	0.4417	0.4816	0.4343	0.2574	0.0619	-0.119068
0.4818	0.497	0.4961	0.4574	0.4487	0.4622	0.7797	0.0658	0.1184	-1.81219
0.4781	0.4982	0.4965	0.4211	0.4682	0.483	0.418	0.0602	0.2623	-0.763149
0.4783	0.4946	0.4973	0.4298	0.4606	0.4731	0.4824	0.1667	0.1146	-0.992221
0.4845	0.4958	0.4953	0.4485	0.4326	0.4465	0.4556	0.0707	0.101	-1.53137
0.4783	0.4797	0.4983	0.4323	0.433	0.4774	0.5063	0.4684	0.0833	-1.06138
0.4796	0.4816	0.4971	0.4458	0.4399	0.4751	0.6406	0.4688	0.137	-1.45189
0.4679	0.4869	0.497	0.425	0.4672	0.461	0.8108	0.6892	0.087	-0.882992
0.4366	0.4553	0.4968	0.3622	0.4003	0.4662	1	0.9062	0.1099	0.781892
0.4403	0.4884	0.4988	0.363	0.474	0.4861	0.9054	0.8243	0.098	0.764867
0.4742	0.4963	0.4942	0.437	0.47	0.4829	0.7407	0.1443	0.5185	-1.22966
0.4682	0.4748	0.4959	0.4131	0.4287	0.447	0.6353	0.5882	0.0882	-0.544446
0.4821	0.4895	0.4989	0.4361	0.4543	0.4801	0.4156	0.3117	0.0575	-1.14661
0.471	0.4938	0.4934	0.4291	0.4678	0.44	0.7455	0.2464	0.1304	-0.97393
0.4704	0.4949	0.493	0.4079	0.4307	0.4458	0.5238	0.0857	0.1571	-0.384702
0.4852	0.485	0.4968	0.445	0.4381	0.4666	0.3902	0.3415	0.1111	-1.39854
0.4839	0.4706	0.4977	0.4501	0.3969	0.4661	0.5	0.4474	0.0761	-1.56868
0.4872	0.4766	0.4968	0.4618	0.4136	0.489	0.5211	0.4085	0.4085	-1.91007
0.4516	0.4688	0.4968	0.4014	0.43	0.4725	1.0746	0.8657	0.1333	-0.229248
0.4458	0.4823	0.4937	0.3719	0.4568	0.4851	0.8493	0.726	0.7397	0.541947
0.4634	0.4726	0.497	0.3936	0.4187	0.49	0.5904	0.5542	0.4337	-0.0175453
0.4788	0.4978	0.4985	0.4361	0.4638	0.4836	0.5325	0.0682	0.1023	-1.17242
0.473	0.4891	0.4989	0.4312	0.4674	0.4856	0.6966	0.5165	0.0833	-1.06381
0.4681	0.4781	0.4969	0.4154	0.4267	0.49	0.6622	0.4595	0.4459	-0.6041
0.4719	0.4997	0.4988	0.4369	0.49	0.4829	0.859	0.0316	0.0737	-1.23559
0.4876	0.4799	0.4965	0.4582	0.41	0.4596	0.439	0.3171	0.0989	-1.79784
0.4745	0.4556	0.4966	0.4269	0.3382	0.471	0.5795	0.4545	0.1346	-0.926542
0.4775	0.4819	0.499	0.4297	0.4372	0.4889	0.5062	0.4321	0.0989	-0.989825
0.4546	0.4953	0.4981	0.3675	0.452	0.4538	0.6056	0.1149	0.046	0.634461
0.4538	0.4918	0.4978	0.3855	0.4789	0.4807	0.7692	0.6462	0.1341	0.19129
0.459	0.4579	0.4933	0.3805	0.3729	0.481	0.5974	0.5714	0.5584	0.318629
0.4568	0.4837	0.4945	0.3857	0.4439	0.4807	0.6897	0.4348	0.4022	0.188772
0.4769	0.4974	0.4971	0.4305	0.4671	0.4593	0.5347	0.0877	0.0789	-1.03381
0.4922	0.4844	0.4971	0.4624	0.4204	0.4602	0.2736	0.2642	0.0818	-1.88264
0.4692	0.4607	0.4867	0.4288	0.3928	0.4669	0.8254	0.6508	0.6984	-0.983468
0.4776	0.4881	0.4929	0.4264	0.4589	0.4273	0.4744	0.4231	0.1163	-0.891595
0.4672	0.496	0.4929	0.4243	0.45	0.4429	0.831	0.092	0.1494	-0.861777
0.4637	0.4768	0.4992	0.3916	0.4295	0.4803	0.5663	0.5301	0.0408	0.0350709
0.4653	0.484	0.4949	0.4183	0.4534	0.4855	0.8049	0.5476	0.5488	-0.696001
0.4626	0.495	0.4973	0.4119	0.4592	0.4581	0.8125	0.1463	0.0732	-0.509333
0.46	0.4973	0.4985	0.4128	0.443	0.4779	0.9315	0.0532	0.0745	-0.542193
0.4679	0.4968	0.4988	0.4121	0.4731	0.4856	0.6322	0.1386	0.0891	-0.516627
0.4882	0.4899	0.499	0.464	0.4489	0.4851	0.5068	0.2603	0.0769	-1.97605
0.477	0.4684	0.4987	0.4267	0.3826	0.4856	0.4938	0.4198	0.0989	-0.90606
0.4885	0.4832	0.4996	0.4637	0.4491	0.49	0.4824	0.5176	0.0404	-1.98465
0.4937	0.4927	0.4986	0.4747	0.4434	0.4802	0.3412	0.1573	0.0769	-2.24835
0.4791	0.4945	0.4967	0.4371	0.4819	0.4649	0.5294	0.4471	0.1075	-1.20821
0.4821	0.4866	0.4987	0.4305	0.4535	0.4851	0.3733	0.4267	0.1	-0.97841
0.4543	0.4577	0.4978	0.4035	0.4008	0.4715	1	0.8305	0.0854	-0.281941
0.4818	0.4674	0.4978	0.452	0.3827	0.4746	0.6429	0.4384	0.0952	-1.64765
0.4681	0.4761	0.497	0.4188	0.4349	0.4788	0.7049	0.623	0.169	-0.69035
0.4794	0.4934	0.4985	0.4291	0.4705	0.4633	0.4421	0.297	0.0442	-0.97461
0.4867	0.4904	0.4878	0.4544	0.443	0.4462	0.4324	0.2162	0.3108	-1.66819
0.4766	0.4925	0.4992	0.4039	0.4671	0.4872	0.3579	0.3053	0.0654	-0.282356
0.4809	0.4619	0.4964	0.4463	0.3731	0.4893	0.5823	0.4937	0.5128	-1.48058
0.4807	0.4715	0.4964	0.4462	0.4123	0.4888	0.593	0.5294	0.4824	-1.487
0.4746	0.4899	0.4968	0.4377	0.4748	0.4671	0.7333	0.6833	0.1096	-1.22429
0.4834	0.497	0.4984	0.4515	0.4757	0.4726	0.5455	0.1429	0.0649	-1.60091
0.4514	0.4755	0.4963	0.3916	0.4483	0.4714	0.9153	0.9492	0.1528	0.0359736
0.4762	0.4966	0.4965	0.4398	0.4617	0.4453	0.6957	0.1	0.0727	-1.31662
0.4726	0.4727	0.499	0.4114	0.3998	0.4858	0.4937	0.4177	0.0761	-0.485541
0.4678	0.4915	0.4895	0.4075	0.4111	0.4284	0.5897	0.1163	0.186	-0.385683
0.4873	0.4954	0.4983	0.4711	0.4888	0.4815	0.8136	0.7119	0.1	-2.23885
0.4641	0.4744	0.4945	0.4279	0.4469	0.4892	1.0714	0.9821	1.0536	-0.965414
0.4629	0.4539	0.4751	0.4167	0.3685	0.4335	0.8806	0.6269	0.6418	-0.647455
0.4856	0.4815	0.4907	0.4547	0.386	0.4264	0.4878	0.2195	0.1566	-1.71168
0.4813	0.4991	0.499	0.447	0.4861	0.4739	0.5758	0.0667	0.04	-1.47705
0.4839	0.495	0.4972	0.4278	0.4781	0.4885	0.3107	0.301	0.3235	-0.915699
0.4639	0.4936	0.4962	0.4325	0.4654	0.4605	1.2381	0.2344	0.1094	-1.08933
0.487	0.4915	0.4992	0.4649	0.4761	0.49	0.6119	0.5672	0.0897	-2.02203
0.481	0.4968	0.4994	0.4436	0.4888	0.4851	0.5375	0.4125	0.044	-1.39419
0.4643	0.4987	0.4981	0.4157	0.4882	0.4828	0.806	0.125	0.125	-0.616016
0.4701	0.4723	0.4976	0.4047	0.3992	0.4811	0.507	0.4225	0.1481	-0.302997
0.4585	0.4809	0.4981	0.3947	0.442	0.4831	0.7302	0.5238	0.1282	-0.0468867
0.4622	0.4991	0.4973	0.4244	0.4886	0.4654	1.0847	0.0886	0.0886	-0.868015
0.4812	0.4968	0.4985	0.458	0.471	0.4856	0.8507	0.1266	0.1139	-1.8572
0.48	0.4733	0.4981	0.447	0.4167	0.4804	0.6406	0.5156	0.1111	-1.4884
0.475	0.4964	0.4985	0.4164	0.4862	0.4452	0.4651	0.3605	0.0306	-0.619763
0.4548	0.4995	0.4992	0.3976	0.49	0.4768	0.8852	0.0513	0.0385	-0.122756
0.4787	0.4992	0.4977	0.4462	0.4867	0.4741	0.6933	0.0612	0.102	-1.49022
0.4628	0.447	0.4971	0.4176	0.3462	0.4715	0.8983	0.6271	0.1154	-0.667861
0.4762	0.4973	0.4977	0.4307	0.456	0.474	0.5632	0.0686	0.098	-1.03331
0.4596	0.4951	0.4944	0.405	0.4873	0.4506	0.8226	0.629	0.1351	-0.320602
0.4723	0.4958	0.4967	0.4112	0.4847	0.4559	0.5	0.3889	0.0854	-0.476808
0.4825	0.4962	0.4962	0.4508	0.4576	0.4804	0.5833	0.1014	0.2464	-1.57699
0.4687	0.4933	0.4843	0.4156	0.4836	0.4612	0.6452	0.7097	0.7097	-0.59999
0.4653	0.467	0.4928	0.411	0.4096	0.4319	0.7027	0.6351	0.1264	-0.484854
0.4692	0.4504	0.4936	0.4262	0.3602	0.4842	0.7742	0.6452	0.6935	-0.904321
0.4401	0.4094	0.4942	0.3683	0.2365	0.4876	0.9692	0.7385	0.8769	0.6326
0.4854	0.4931	0.4987	0.439	0.4518	0.4759	0.3363	0.177	0.0598	-1.24592
0.4759	0.4985	0.4989	0.4243	0.4883	0.4851	0.5072	0.1538	0.0769	-0.829102
0.4539	0.4677	0.4992	0.3894	0.4056	0.4861	0.8088	0.5775	0.0581	0.0920253
0.4319	0.4745	0.4987	0.3675	0.4491	0.4878	1.2308	1.0577	0.1184	0.653041
0.4728	0.4921	0.4993	0.4323	0.4787	0.49	0.7206	0.6029	0.0741	-1.0791
0.4729	0.4812	0.4964	0.4126	0.4356	0.4887	0.4946	0.4409	0.4731	-0.523084
0.4637	0.4603	0.4971	0.3915	0.374	0.4229	0.5663	0.5301	0.0417	0.0374648
0.4877	0.4897	0.4904	0.4497	0.4434	0.4382	0.3421	0.2368	0.1974	-1.49842
0.4654	0.4992	0.4987	0.4168	0.488	0.4844	0.7797	0.0685	0.0959	-0.637429
0.4671	0.4485	0.496	0.431	0.3716	0.4611	0.9811	0.7736	0.12	-1.04415
0.4589	0.4977	0.4945	0.3991	0.4783	0.4858	0.7681	0.119	0.6377	-0.163379
0.4708	0.4784	0.4997	0.3983	0.4263	0.49	0.45	0.45	0.0354	-0.140571
0.4598	0.4755	0.4943	0.3997	0.4285	0.442	0.746	0.5625	0.1159	-0.177978
0.4785	0.4743	0.4939	0.4363	0.4203	0.4828	0.5455	0.5195	0.5584	-1.1814
0.4754	0.4888	0.4981	0.4226	0.4577	0.4713	0.5054	0.3763	0.0748	-0.801777
0.4803	0.4888	0.4968	0.4445	0.4665	0.4819	0.5844	0.5195	0.2222	-1.42511
0.4902	0.4715	0.4975	0.4735	0.4087	0.4655	0.6047	0.5	0.0792	-2.32571
0.4661	0.4988	0.4978	0.4308	0.488	0.478	1.0317	0.1149	0.1149	-1.05364
0.4774	0.4931	0.4959	0.4383	0.4786	0.4741	0.6176	0.4853	0.1951	-1.2364
0.486	0.4979	0.4986	0.4336	0.4754	0.487	0.2857	0.0976	0.122	-1.03066
0.4453	0.4571	0.494	0.3625	0.386	0.4551	0.7719	0.6842	0.1622	0.757865
0.4683	0.4987	0.4975	0.4067	0.4839	0.4774	0.5694	0.092	0.1264	-0.36082
0.4924	0.4899	0.4819	0.472	0.4501	0.3952	0.3837	0.2667	0.2333	-2.19737
0.4714	0.4942	0.4977	0.4278	0.4833	0.47	0.7067	0.5467	0.087	-0.954725
0.4787	0.4957	0.4939	0.449	0.4675	0.3992	0.7581	0.1571	0.0714	-1.56146
0.4829	0.4974	0.4948	0.4571	0.4598	0.4562	0.6905	0.0707	0.1414	-1.8297
0.4679	0.4967	0.4985	0.4191	0.47	0.4831	0.7188	0.1286	0.0972	-0.70322
0.4733	0.4849	0.4946	0.4249	0.4484	0.4728	0.5976	0.4368	0.2553	-0.866492
0.4807	0.487	0.4987	0.4282	0.4457	0.479	0.3978	0.3333	0.0686	-0.941698
0.4847	0.4966	0.4955	0.4504	0.4741	0.4673	0.4714	0.1538	0.1667	-1.55846
0.4742	0.4959	0.497	0.4245	0.4876	0.4713	0.5616	0.4932	0.1205	-0.845812
0.4379	0.4949	0.4991	0.3676	0.4884	0.485	1.0294	0.7941	0.0652	0.654211
0.4883	0.4963	0.4981	0.4521	0.4372	0.4749	0.3402	0.0667	0.0857	-1.60742
0.49	0.4984	0.4956	0.4749	0.4859	0.4405	0.6795	0.1277	0.0851	-2.37425
0.4627	0.4973	0.4978	0.3839	0.4897	0.4754	0.5376	0.3656	0.1009	0.232966
0.4749	0.4823	0.4968	0.409	0.4205	0.4655	0.4211	0.3117	0.1071	-0.41274
0.4539	0.494	0.4984	0.3925	0.4862	0.4789	0.8462	0.7846	0.0864	0.011581
0.4854	0.4974	0.4993	0.4469	0.4772	0.4888	0.4019	0.1333	0.0667	-1.49135
0.4629	0.4644	0.4937	0.4177	0.3993	0.4176	0.8983	0.6102	0.0897	-0.668679
0.4887	0.474	0.4983	0.4649	0.4163	0.4815	0.4923	0.4923	0.1039	-1.97797
0.4912	0.4782	0.4985	0.4659	0.3959	0.4823	0.3626	0.2967	0.0918	-2.01299
0.4675	0.4988	0.4989	0.4074	0.4839	0.4863	0.5976	0.0842	0.0842	-0.385463
0.464	0.4879	0.4949	0.411	0.4607	0.4293	0.75	0.4658	0.0843	-0.483735
0.4785	0.483	0.4918	0.4514	0.453	0.4805	0.8382	0.5942	0.7353	-1.65498
0.4695	0.4983	0.4986	0.4045	0.4798	0.4837	0.5208	0.0957	0.0957	-0.306763
0.4674	0.4973	0.4946	0.4192	0.4804	0.4414	0.7385	0.1622	0.1081	-0.707065
0.4657	0.4656	0.4968	0.4182	0.3929	0.4146	0.7867	0.5333	0.043	-0.687359
0.4881	0.4985	0.4979	0.4641	0.4682	0.4868	0.5114	0.0505	0.1935	-2.01123
0.4895	0.4986	0.4991	0.4543	0.486	0.4888	0.3133	0.1099	0.0879	-1.62889
0.4626	0.4624	0.4986	0.4022	0.383	0.4859	0.6897	0.5402	0.1165	-0.246646
0.4827	0.4967	0.4992	0.4558	0.4626	0.4858	0.6705	0.0991	0.0631	-1.79187
0.4779	0.485	0.4978	0.429	0.4482	0.4671	0.4881	0.4286	0.0753	-0.971054
0.4435	0.4761	0.4893	0.3948	0.4526	0.4792	1.3051	1.0678	1.0678	-0.0491572
0.4744	0.4946	0.4961	0.4176	0.4835	0.4523	0.494	0.494	0.0938	-0.655873
0.4793	0.4948	0.4975	0.444	0.4798	0.4764	0.6235	0.3523	0.1212	-1.42584
0.4544	0.497	0.4977	0.3897	0.4594	0.4758	0.7971	0.0824	0.1059	0.0836343
0.4706	0.4954	0.496	0.4215	0.4527	0.4598	0.6515	0.1139	0.1139	-0.76565
0.4566	0.4939	0.4929	0.4095	0.4641	0.4463	1.0167	0.2133	0.16	-0.446619
0.4885	0.4973	0.4977	0.4503	0.4486	0.4759	0.3152	0.0583	0.1068	-1.53277
0.4879	0.4978	0.4977	0.4654	0.467	0.4804	0.5571	0.0723	0.1325	-2.02782
0.4693	0.4651	0.4966	0.3998	0.3847	0.4822	0.493	0.4928	0.2368	-0.175079
0.4753	0.4988	0.4993	0.4307	0.4856	0.4861	0.5976	0.0957	0.0532	-1.03298
0.4639	0.4912	0.4995	0.4084	0.4716	0.49	0.7183	0.4583	0.0482	-0.412283
0.4863	0.4953	0.4973	0.4681	0.4869	0.4371	0.7794	0.5652	0.0476	-2.15909
0.4705	0.4936	0.4975	0.424	0.4818	0.4749	0.6866	0.5522	0.1154	-0.838107
0.4692	0.4953	0.4986	0.4427	0.4563	0.482	1.2364	0.125	0.0833	-1.40838
0.4805	0.4965	0.4977	0.4212	0.4867	0.4736	0.3571	0.3571	0.0973	-0.744742
0.4836	0.4979	0.4986	0.4617	0.4831	0.4863	0.7818	0.1471	0.1176	-1.93222
0.4763	0.4974	0.499	0.4257	0.4781	0.4889	0.5062	0.1395	0.1047	-0.878161
0.4604	0.4896	0.4966	0.3922	0.4622	0.4567	0.6538	0.3974	0.0899	0.0193667
0.4595	0.498	0.4986	0.3876	0.4752	0.4855	0.6386	0.0882	0.1078	0.139915
0.4868	0.499	0.4979	0.4403	0.4836	0.4786	0.3023	0.0652	0.1087	-1.237
0.4602	0.498	0.4965	0.3679	0.4722	0.4652	0.5	0.0814	0.1163	0.618958
0.4764	0.4465	0.4976	0.4473	0.376	0.4771	0.8571	0.873	0.1176	-1.52707
0.4792	0.4781	0.4981	0.4271	0.4319	0.4825	0.4308	0.5077	0.1266	-0.885683
0.488	0.4917	0.4976	0.4571	0.4695	0.457	0.4054	0.3874	0.062	-1.80048
0.481	0.4938	0.4995	0.4602	0.4859	0.49	0.9538	0.8	0.0494	-1.93351
0.4794	0.4743	0.4919	0.4567	0.435	0.4806	0.9474	0.7018	0.7368	-1.81131
0.487	0.4975	0.4985	0.4534	0.4719	0.4822	0.4043	0.1019	0.0926	-1.66537
0.4548	0.499	0.4722	0.3738	0.4818	0.4159	0.6429	0.0594	0.5412	0.490758
0.4787	0.4787	0.4968	0.4298	0.4158	0.4154	0.4691	0.3704	0.043	-0.987303
0.4793	0.4963	0.4965	0.4178	0.4008	0.4533	0.3678	0.0426	0.0851	-0.644652
0.4653	0.4745	0.4981	0.4054	0.4281	0.4804	0.641	0.5949	0.1122	-0.331025
0.4765	0.4967	0.496	0.4257	0.4638	0.4644	0.5	0.1059	0.1294	-0.869592
0.4649	0.4975	0.4947	0.3983	0.4675	0.4289	0.589	0.0864	0.0864	-0.140397
0.4876	0.4827	0.4993	0.4636	0.4495	0.488	0.5342	0.5479	0.0595	-1.97422
0.4655	0.4864	0.4979	0.4142	0.4572	0.4675	0.7375	0.4875	0.0729	-0.575274
0.4553	0.4903	0.4988	0.3961	0.4763	0.4878	0.8475	0.7119	0.1154	-0.0820312
0.4869	0.4828	0.4925	0.454	0.4287	0.47	0.4179	0.3433	0.3433	-1.63303
0.4753	0.4974	0.496	0.4331	0.4744	0.4612	0.6282	0.1183	0.1183	-1.10172
0.4744	0.4969	0.4979	0.436	0.4712	0.466	0.7143	0.125	0.0682	-1.18575
0.4659	0.4864	0.4976	0.4054	0.4582	0.467	0.6234	0.5065	0.0816	-0.329539
0.4601	0.4762	0.4969	0.3781	0.4246	0.4683	0.5568	0.5	0.1111	0.379497
0.431	0.4492	0.4997	0.339	0.3742	0.49	0.9062	0.7812	0.0333	1.32385
0.4669	0.4949	0.4889	0.3962	0.4615	0.4647	0.525	0.1596	0.475	-0.0859707
0.4438	0.4754	0.4942	0.3598	0.4436	0.4614	0.7857	0.8214	0.1857	0.820357
0.476	0.4977	0.4979	0.4282	0.4492	0.4707	0.5402	0.0495	0.0792	-0.957234
0.4769	0.4968	0.4948	0.434	0.4693	0.4371	0.5775	0.1205	0.0964	-1.11219
0.4713	0.467	0.4973	0.4379	0.4012	0.4629	0.918	0.5574	0.0811	-1.25022
0.447	0.4775	0.4992	0.3858	0.4508	0.486	0.9841	0.8889	0.0595	0.187635
0.4699	0.4481	0.4958	0.4263	0.3511	0.4893	0.746	0.6349	0.6508	-0.903796
0.4789	0.4934	0.498	0.4404	0.4788	0.4734	0.5854	0.4634	0.0842	-1.31133
0.483	0.4736	0.4972	0.4476	0.3951	0.4678	0.5055	0.3763	0.0971	-1.519
0.4632	0.4984	0.4982	0.4162	0.4802	0.4778	0.8571	0.0879	0.0879	-0.636394
0.4558	0.4624	0.4956	0.3985	0.4025	0.459	0.863	0.6986	0.125	-0.149682
0.4831	0.4943	0.4949	0.4551	0.461	0.467	0.6324	0.1772	0.1899	-1.73254
0.4782	0.484	0.496	0.3923	0.4254	0.478	0.2857	0.2967	0.2308	0.0157641
0.4738	0.4964	0.4976	0.4324	0.4699	0.4739	0.6812	0.1379	0.1034	-1.07707
0.4607	0.4679	0.4955	0.4067	0.4233	0.4618	0.8082	0.7808	0.1383	-0.371199
0.4859	0.4966	0.4969	0.4614	0.4869	0.453	0.6	0.3605	0.0745	-1.94801
0.4698	0.4959	0.4962	0.4327	0.4742	0.4681	0.875	0.1923	0.141	-1.09884
0.4747	0.4679	0.4968	0.4254	0.4039	0.4877	0.5571	0.5571	0.3571	-0.867704
0.4561	0.4962	0.4953	0.4046	0.4734	0.4595	0.9474	0.1684	0.1368	-0.315772
0.4783	0.4985	0.4976	0.4462	0.4857	0.4709	0.7167	0.12	0.0933	-1.47064
0.4454	0.4976	0.4954	0.3995	0.4849	0.4708	1.3333	0.1923	0.1923	-0.177712
0.4702	0.4992	0.4974	0.4144	0.4821	0.4518	0.5843	0.049	0.0588	-0.576682
0.4753	0.48	0.4967	0.4373	0.4425	0.4713	0.6957	0.5652	0.1325	-1.22061
0.4784	0.4961	0.4965	0.4499	0.4625	0.4842	0.8	0.1207	0.2931	-1.56927
0.4726	0.4983	0.4993	0.4097	0.4869	0.49	0.48	0.1512	0.0814	-0.435155
0.453	0.4794	0.4994	0.3634	0.441	0.4803	0.6122	0.5714	0.0312	0.750484
0.4833	0.4989	0.4987	0.4492	0.4816	0.4707	0.5165	0.0654	0.0467	-1.56667
0.4912	0.4931	0.4898	0.4697	0.4729	0.4633	0.4239	0.3478	0.4022	-2.15853
0.4489	0.4979	0.4987	0.3817	0.4731	0.4681	0.8696	0.087	0.0435	0.29327
0.4921	0.498	0.4978	0.4814	0.4767	0.4747	0.75	0.0959	0.0959	-2.55124
0.4567	0.4365	0.4991	0.4236	0.3821	0.4888	1.4211	1.3333	0.0851	-0.856236
0.4637	0.4597	0.4977	0.4051	0.3833	0.4727	0.6857	0.6	0.093	-0.32222
0.4801	0.4987	0.4992	0.4349	0.4787	0.4886	0.4699	0.0645	0.0753	-1.13221
0.485	0.4867	0.497	0.437	0.4218	0.4693	0.3333	0.2222	0.1132	-1.17392
0.4815	0.476	0.4852	0.4551	0.429	0.4584	0.7375	0.55	0.575	-1.77098
0.4882	0.4969	0.4948	0.4407	0.4642	0.4691	0.2644	0.0968	0.2069	-1.22904
0.4842	0.4971	0.4968	0.4454	0.4761	0.4775	0.4318	0.1386	0.1683	-1.43098
0.4778	0.497	0.4957	0.4472	0.4671	0.4638	0.7681	0.1047	0.1395	-1.52014
0.4714	0.4591	0.4959	0.4337	0.3887	0.4736	0.8143	0.6571	0.1875	-1.12931
0.4747	0.4846	0.4983	0.4128	0.4484	0.4829	0.4483	0.4483	0.1111	-0.52267
0.4849	0.4876	0.498	0.432	0.4384	0.4804	0.3077	0.2692	0.119	-1.00035
0.4813	0.498	0.4972	0.4505	0.4799	0.4683	0.6364	0.1125	0.1	-1.59193
0.4678	0.497	0.4974	0.3982	0.4888	0.476	0.5176	0.3647	0.1224	-0.138278
0.4698	0.4966	0.4979	0.4137	0.4678	0.4707	0.5904	0.1212	0.0808	-0.555401
0.48	0.4898	0.4966	0.4286	0.4431	0.4641	0.4186	0.2326	0.1099	-0.95038
0.4833	0.4973	0.4984	0.4274	0.4612	0.4597	0.3235	0.0789	0.0439	-0.907474
0.4713	0.4638	0.4973	0.4079	0.3926	0.4734	0.5	0.5714	0.1154	-0.387918
0.472	0.4871	0.4986	0.4168	0.4583	0.479	0.5556	0.4691	0.0745	-0.638655
0.4557	0.4975	0.4983	0.3941	0.4724	0.4672	0.8088	0.1034	0.0575	-0.031347
0.4743	0.4841	0.497	0.4128	0.4451	0.4746	0.4595	0.4324	0.1379	-0.514794
0.474	0.4761	0.4935	0.4179	0.407	0.4737	0.5056	0.382	0.3371	-0.66695
0.4808	0.4835	0.4983	0.4427	0.4468	0.4737	0.5349	0.4767	0.0707	-1.37464
0.4522	0.4824	0.4991	0.4073	0.4626	0.4803	1.1818	0.9273	0.0513	-0.388582
0.4776	0.4974	0.4933	0.4345	0.4735	0.4791	0.5571	0.1139	0.4857	-1.12117
0.468	0.4957	0.4981	0.4086	0.4732	0.4858	0.5949	0.1957	0.1522	-0.415106
0.4738	0.4967	0.4997	0.4225	0.4649	0.49	0.5541	0.1059	0.0353	-0.790939
0.4503	0.4941	0.4944	0.3803	0.4258	0.4199	0.8116	0.0941	0.0824	0.328007
0.4929	0.4916	0.4985	0.4748	0.4632	0.4473	0.3977	0.3068	0.0303	-2.29378
0.4795	0.4953	0.4956	0.4094	0.4495	0.4815	0.3214	0.1075	0.3214	-0.415623
0.4708	0.4985	0.4991	0.3983	0.4721	0.4889	0.4505	0.06	0.09	-0.138691
0.455	0.4986	0.4984	0.3717	0.4755	0.4812	0.6234	0.0638	0.0957	0.538399
0.4603	0.4993	0.4954	0.4062	0.4883	0.4895	0.8133	0.0619	0.7867	-0.358245
0.4854	0.4951	0.4992	0.4424	0.4713	0.4803	0.3596	0.2135	0.0435	-1.32317
0.4779	0.4563	0.4936	0.4436	0.3336	0.4459	0.6842	0.431	0.1429	-1.38283
0.4498	0.4953	0.4976	0.3979	0.4162	0.4833	1.0847	0.0649	0.1688	-0.134032
0.4397	0.4717	0.4938	0.3244	0.4179	0.3254	0.6438	0.5753	0.0444	1.62717
0.4818	0.4676	0.4969	0.4413	0.3782	0.4556	0.4756	0.4146	0.0778	-1.31493
0.4743	0.4908	0.4987	0.4333	0.4722	0.4867	0.6712	0.5068	0.1084	-1.10775
0.483	0.4658	0.4967	0.4484	0.3895	0.4891	0.52	0.5067	0.44	-1.5219
0.4751	0.4954	0.4974	0.4387	0.455	0.4589	0.7308	0.1188	0.0693	-1.27525
0.485	0.4968	0.4967	0.4643	0.4735	0.4473	0.75	0.1429	0.0714	-2.01834
0.4914	0.456	0.4942	0.4736	0.322	0.4813	0.4925	0.403	0.4627	-2.24478
0.487	0.4967	0.4965	0.4585	0.4684	0.4808	0.4789	0.1184	0.2237	-1.79912
0.4843	0.4581	0.4967	0.4604	0.3817	0.4528	0.6875	0.625	0.0779	-1.89748
0.4808	0.4883	0.4976	0.4241	0.4509	0.4681	0.3671	0.3291	0.0824	-0.808228
0.4828	0.4883	0.4989	0.4498	0.4627	0.489	0.55	0.475	0.1149	-1.57874
0.4665	0.4917	0.4988	0.4237	0.4727	0.4823	0.85	0.45	0.0725	-0.834992
0.4735	0.484	0.4895	0.4262	0.445	0.4367	0.6053	0.4342	0.2118	-0.900881
0.4604	0.4677	0.4965	0.3961	0.393	0.4474	0.6892	0.4868	0.0761	-0.0830155
0.4805	0.4812	0.4985	0.44	0.4168	0.4838	0.5106	0.3191	0.1009	-1.29862
0.4641	0.4957	0.4965	0.404	0.4836	0.4775	0.662	0.3662	0.1875	-0.290769
0.4768	0.4941	0.4984	0.4075	0.4407	0.4813	0.369	0.117	0.0957	-0.372888
0.48	0.4867	0.4991	0.4072	0.4183	0.4802	0.303	0.2121	0.0467	-0.363647
0.4656	0.4853	0.499	0.4253	0.4531	0.4858	0.9254	0.481	0.0769	-0.892522
0.4656	0.4985	0.4995	0.3715	0.4867	0.4834	0.4217	0.1319	0.033	0.52897
0.4783	0.493	0.4948	0.4397	0.4718	0.4532	0.5974	0.3377	0.1325	-1.28737
0.4845	0.4953	0.4936	0.4347	0.4608	0.4416	0.3333	0.1429	0.1299	-1.07273
0.4677	0.498	0.4947	0.429	0.4734	0.3901	0.9024	0.0857	0.0571	-1.0084
0.4731	0.4935	0.492	0.4369	0.4354	0.4802	0.7971	0.1196	0.6957	-1.22068
0.4718	0.4751	0.4955	0.4396	0.435	0.4411	0.9306	0.6667	0.0889	-1.31283
0.4372	0.4968	0.4923	0.3392	0.4771	0.4795	0.7733	0.1648	0.6133	1.32044
0.4558	0.4973	0.4966	0.3825	0.4675	0.4784	0.686	0.0952	0.19	0.272393
0.4342	0.4638	0.494	0.3654	0.4161	0.487	1.1186	0.8305	0.8644	0.705019
0.4714	0.4527	0.4968	0.4346	0.3897	0.4789	0.8305	0.8475	0.1857	-1.14311
0.4904	0.4829	0.4992	0.4666	0.4392	0.4851	0.4167	0.4167	0.0556	-2.06898
0.4769	0.4985	0.4977	0.4411	0.4826	0.4702	0.6866	0.0976	0.0854	-1.32687
0.4638	0.4825	0.4989	0.4046	0.4428	0.4838	0.6771	0.4688	0.0714	-0.31356
0.485	0.48	0.4945	0.4598	0.4344	0.4607	0.6173	0.4691	0.1705	-1.89511
0.4809	0.4937	0.4973	0.4374	0.4777	0.462	0.4706	0.4058	0.0811	-1.18394
0.4709	0.4959	0.4972	0.3931	0.4732	0.4782	0.4211	0.186	0.1512	-0.00316686
0.474	0.4938	0.4989	0.4475	0.4675	0.4867	1.0385	0.2462	0.0923	-1.5322
0.4714	0.4953	0.4991	0.43	0.4885	0.4888	0.7465	0.7042	0.0899	-1.01774
0.4857	0.4983	0.4977	0.4623	0.4689	0.4579	0.6337	0.0593	0.0593	-2.00141
0.4772	0.4866	0.4969	0.4223	0.4478	0.4703	0.4512	0.3659	0.1196	-0.77691
0.4832	0.4908	0.4959	0.4562	0.4679	0.4789	0.6491	0.4138	0.2459	-1.74291
0.4518	0.4885	0.4965	0.3827	0.4701	0.4643	0.7969	0.6406	0.1139	0.262826
0.4467	0.4694	0.4954	0.3918	0.4318	0.4894	1.0952	0.873	0.7812	0.0288838
0.4889	0.4959	0.4971	0.4443	0.4778	0.4688	0.2653	0.2347	0.1048	-1.34856
0.4719	0.4981	0.4986	0.4295	0.4759	0.4855	0.7143	0.09	0.1111	-1.01153
0.4421	0.4783	0.4955	0.3716	0.4528	0.459	0.9494	0.8987	0.1284	0.554913
0.4692	0.4719	0.4921	0.4368	0.4295	0.4815	1.0159	0.7143	0.7619	-1.22826
0.4789	0.4982	0.4988	0.4355	0.4854	0.4852	0.52	0.1461	0.0899	-1.15077
0.4452	0.4927	0.4987	0.3933	0.4851	0.4875	1.1887	0.9811	0.1176	-0.00985663
0.4804	0.4995	0.498	0.4214	0.49	0.4862	0.3617	0.0476	0.1714	-0.748084
0.465	0.4542	0.4959	0.4215	0.2846	0.4856	0.875	0.3485	0.4091	-0.778805
0.4742	0.4971	0.4971	0.4115	0.4718	0.4657	0.4533	0.119	0.0952	-0.480208
0.4751	0.499	0.4979	0.4196	0.4804	0.4757	0.4878	0.0538	0.0968	-0.708904
0.4715	0.4324	0.4991	0.4416	0.3369	0.4863	1.0128	0.859	0.0741	-1.38456
0.4891	0.4968	0.4988	0.4752	0.4702	0.4805	0.8088	0.125	0.0682	-2.38861
0.4763	0.4888	0.4977	0.4432	0.4705	0.4564	0.7619	0.631	0.0577	-1.41753
0.4741	0.4811	0.4962	0.4375	0.4518	0.4537	0.7536	0.6812	0.0941	-1.23319
0.4883	0.4975	0.4983	0.4571	0.4893	0.4792	0.3933	0.3146	0.0918	-1.76186
0.478	0.4978	0.4904	0.435	0.4732	0.4724	0.5484	0.0933	0.5484	-1.12161
0.4619	0.4734	0.494	0.3754	0.4067	0.4804	0.5054	0.4409	0.4516	0.444835
0.4648	0.447	0.4823	0.4151	0.3663	0.4571	0.7778	0.7639	0.7361	-0.601003
0.4866	0.4975	0.4972	0.4417	0.4864	0.4749	0.3176	0.2235	0.1304	-1.28002
0.4703	0.4932	0.4981	0.4172	0.479	0.4719	0.6111	0.4861	0.0732	-0.647045
0.4826	0.4972	0.4951	0.4594	0.4746	0.4441	0.7797	0.1266	0.1013	-1.87188
0.4776	0.4975	0.4989	0.4468	0.4691	0.4843	0.7703	0.0899	0.0787	-1.51527
0.4628	0.4661	0.4877	0.4291	0.425	0.4753	1.1935	0.8955	1.0161	-1.01176
0.4734	0.4827	0.4987	0.4167	0.4417	0.4856	0.5132	0.4474	0.1047	-0.628288
0.4585	0.4659	0.4981	0.394	0.4099	0.472	0.7237	0.6711	0.0745	-0.0270298
0.4663	0.446	0.4912	0.4266	0.373	0.4783	0.9211	0.8553	0.6974	-0.936635
0.4641	0.465	0.4987	0.3927	0.3711	0.4803	0.5652	0.4301	0.0727	0.00626137
0.4783	0.4942	0.4981	0.418	0.478	0.4845	0.3933	0.3667	0.1443	-0.65549
0.4687	0.4981	0.4992	0.4158	0.4782	0.4867	0.6494	0.1	0.0667	-0.615911
0.4796	0.4979	0.495	0.4307	0.4676	0.4594	0.45	0.0729	0.1458	-1.00859
0.4596	0.4984	0.4985	0.4084	0.4825	0.4788	0.8732	0.1023	0.0795	-0.418477
0.4665	0.499	0.4968	0.4193	0.4838	0.4534	0.7742	0.069	0.0776	-0.727311
0.4966	0.4853	0.4983	0.4818	0.4074	0.4855	0.2338	0.2078	0.1358	-2.31655
0.4491	0.4951	0.4981	0.4012	0.4651	0.4688	1.1852	0.1711	0.0658	-0.222023
0.473	0.4752	0.4951	0.4381	0.4234	0.4349	0.8272	0.5185	0.0874	-1.26982
0.4686	0.4994	0.4997	0.4188	0.49	0.485	0.6897	0.0686	0.0196	-0.706886
0.4825	0.4888	0.4993	0.4545	0.4704	0.488	0.6522	0.6232	0.061	-1.72037
0.4828	0.4965	0.4951	0.4487	0.4676	0.408	0.5349	0.125	0.0625	-1.55197
0.4721	0.4686	0.4965	0.4256	0.4039	0.4898	0.65	0.5375	0.525	-0.890679
0.4669	0.4987	0.4989	0.4113	0.4665	0.4843	0.6543	0.0426	0.0745	-0.492797
0.4799	0.4964	0.4969	0.4434	0.4685	0.4563	0.5846	0.1316	0.0789	-1.37224
0.4867	0.4893	0.499	0.4458	0.438	0.4872	0.3457	0.2222	0.0824	-1.40042
0.4544	0.4991	0.4992	0.392	0.4888	0.4886	0.8243	0.092	0.0805	0.0238848
0.46	0.4956	0.4988	0.3988	0.4869	0.4804	0.7294	0.5116	0.0667	-0.155432
0.4528	0.4764	0.499	0.3623	0.431	0.49	0.6102	0.5593	0.1127	0.748866
0.4847	0.4968	0.4998	0.4593	0.4831	0.49	0.6286	0.241	0.0241	-1.86141
0.4771	0.4848	0.4943	0.4376	0.4568	0.4387	0.6184	0.5658	0.1087	-1.22668
0.4898	0.496	0.4967	0.4737	0.4579	0.4655	0.6567	0.1098	0.1098	-2.30626
0.4835	0.4866	0.496	0.4509	0.4439	0.448	0.5309	0.3333	0.0889	-1.60816
0.4957	0.4941	0.4965	0.4824	0.4761	0.4842	0.3288	0.3333	0.2917	-2.43062
0.4812	0.4834	0.4992	0.4352	0.4263	0.486	0.4384	0.3151	0.0625	-1.12079
0.4662	0.4893	0.4942	0.3978	0.4693	0.4383	0.5526	0.5526	0.1099	-0.1255
0.4537	0.4771	0.4961	0.3869	0.4426	0.4897	0.7869	0.7049	0.623	0.156385
0.4817	0.474	0.4983	0.4449	0.4088	0.482	0.5275	0.4396	0.1078	-1.44258
0.488	0.4991	0.4987	0.463	0.4851	0.4816	0.5	0.0659	0.0769	-1.95036
0.4716	0.4745	0.4955	0.4223	0.4285	0.4699	0.6269	0.597	0.1795	-0.785086
0.4587	0.4988	0.4989	0.3973	0.4889	0.4872	0.7541	0.1233	0.0959	-0.11354
0.4563	0.4731	0.4974	0.4034	0.4397	0.4809	0.9206	0.8571	0.1573	-0.280837
0.4782	0.4945	0.4992	0.4138	0.4759	0.4858	0.37	0.3	0.0614	-0.545611
0.4833	0.4712	0.497	0.4536	0.409	0.4626	0.5889	0.5111	0.0909	-1.71346
0.4796	0.494	0.4937	0.4558	0.432	0.454	0.9	0.1031	0.1649	-1.81288
0.4868	0.4967	0.4987	0.462	0.4673	0.4863	0.5522	0.1154	0.1026	-1.91735
0.4748	0.4819	0.4965	0.4402	0.4428	0.4619	0.7759	0.4915	0.1061	-1.30042
0.4325	0.4031	0.4993	0.3546	0.2438	0.4826	1.0274	0.8493	0.0396	0.97513
0.4667	0.4663	0.4981	0.3915	0.3656	0.468	0.5	0.3889	0.066	0.035719
0.4503	0.489	0.4989	0.3871	0.4719	0.4872	0.8929	0.6607	0.0959	0.151276
0.4687	0.49	0.4953	0.4308	0.3988	0.4585	0.8889	0.1222	0.1333	-1.05307
0.4688	0.493	0.494	0.4394	0.4361	0.4545	1.1296	0.1316	0.1579	-1.30218
0.4533	0.4929	0.4945	0.379	0.4823	0.447	0.72	0.68	0.1236	0.359432
0.4588	0.4963	0.4907	0.3968	0.4763	0.4725	0.7458	0.1884	0.5254	-0.100259
0.486	0.4776	0.4955	0.451	0.3591	0.4787	0.4211	0.2208	0.2727	-1.5697
0.4694	0.4996	0.4939	0.4118	0.49	0.4813	0.5854	0.0396	0.4878	-0.504148
0.4673	0.4737	0.4967	0.4098	0.4252	0.4897	0.6286	0.5857	0.4857	-0.44722
0.4873	0.4968	0.4952	0.4428	0.465	0.4719	0.3036	0.1026	0.2124	-1.34391
0.4743	0.4972	0.497	0.4118	0.4897	0.4784	0.4524	0.369	0.1667	-0.494899
0.4533	0.4963	0.4983	0.3747	0.473	0.487	0.6849	0.1628	0.1512	0.465076
0.4618	0.4803	0.4969	0.3925	0.4384	0.4535	0.6212	0.5	0.075	0.0102732
0.4851	0.4965	0.4993	0.453	0.4729	0.486	0.4881	0.1505	0.0538	-1.6646
0.458	0.4536	0.4952	0.4033	0.3794	0.4882	0.8548	0.7143	0.6885	-0.275556
0.4726	0.4531	0.4978	0.4201	0.336	0.4662	0.5699	0.4839	0.0708	-0.737925
0.4827	0.4976	0.4973	0.4418	0.4812	0.4668	0.4507	0.1467	0.0933	-1.30615
0.4956	0.4981	0.4982	0.4865	0.4754	0.4794	0.4935	0.086	0.0968	-2.67912
0.4769	0.4702	0.4944	0.4252	0.387	0.48	0.4831	0.4045	0.3933	-0.866558
0.4771	0.4551	0.4963	0.4531	0.391	0.4616	1	0.791	0.1099	-1.7207
0.4887	0.4874	0.4928	0.4727	0.4645	0.4271	0.7213	0.5714	0.1184	-2.27326
0.4824	0.4983	0.4972	0.4387	0.4832	0.4724	0.4286	0.1149	0.1149	-1.22367
0.4633	0.4975	0.4998	0.4095	0.4773	0.49	0.7538	0.1282	0.0256	-0.440122
0.4843	0.4983	0.4992	0.4507	0.4831	0.4886	0.4935	0.1149	0.0805	-1.58675
0.4752	0.4975	0.4982	0.4359	0.4632	0.4841	0.6769	0.0759	0.1266	-1.17422
0.4589	0.4778	0.4985	0.4167	0.4532	0.4851	1.0678	0.9492	0.1136	-0.649477
0.4824	0.4976	0.4962	0.4426	0.4714	0.4582	0.4713	0.0947	0.1053	-1.35852
0.4688	0.4971	0.4992	0.3919	0.488	0.4834	0.4563	0.3238	0.0504	0.0269742
0.4643	0.4976	0.4984	0.419	0.4633	0.4754	0.8594	0.0732	0.0732	-0.707067
0.473	0.4971	0.4948	0.4271	0.459	0.4642	0.6364	0.0806	0.1774	-0.905894
0.4872	0.4981	0.4984	0.4352	0.4651	0.4744	0.2632	0.0583	0.0667	-1.11471
0.4691	0.4987	0.4994	0.4193	0.4861	0.49	0.6753	0.1075	0.0645	-0.71279
0.468	0.4958	0.496	0.4034	0.4872	0.4576	0.5493	0.493	0.1098	-0.27071
0.4385	0.4916	0.4956	0.3003	0.4785	0.4884	0.5652	0.6522	0.6087	2.09368
0.468	0.4991	0.4987	0.4035	0.478	0.4856	0.55	0.044	0.0989	-0.276509
0.4851	0.4889	0.4971	0.4326	0.4452	0.4591	0.3049	0.2683	0.0805	-1.02075
0.4757	0.4939	0.4987	0.4382	0.4761	0.4801	0.6941	0.3488	0.07	-1.26367
0.4794	0.482	0.4976	0.4482	0.4432	0.4798	0.697	0.4928	0.1375	-1.5356
0.4833	0.4989	0.4991	0.4387	0.4839	0.4875	0.4	0.0769	0.0769	-1.23224
0.4467	0.4512	0.4973	0.3715	0.3846	0.4545	0.8194	0.8333	0.0667	0.548876
0.4704	0.4945	0.4981	0.4145	0.4816	0.4702	0.5811	0.4324	0.0706	-0.571553
0.4745	0.4977	0.4974	0.4283	0.4731	0.4794	0.5946	0.0964	0.1446	-0.957858
0.484	0.4874	0.4971	0.449	0.448	0.4725	0.4831	0.3371	0.1224	-1.55167
0.4449	0.4783	0.497	0.3703	0.4441	0.4634	0.8553	0.6711	0.0938	0.58306
0.4802	0.4962	0.4991	0.4378	0.454	0.4875	0.5	0.0952	0.0762	-1.22878
0.4622	0.4978	0.4988	0.4209	0.4761	0.4851	1	0.1045	0.0896	-0.762034
0.4869	0.486	0.4963	0.462	0.4529	0.4477	0.5455	0.4432	0.08	-1.95847
0.486	0.4875	0.4935	0.4517	0.4487	0.4752	0.4286	0.3407	0.3626	-1.6184
0.4647	0.4595	0.4902	0.4073	0.3833	0.3659	0.6818	0.6061	0.0909	-0.379974
0.4607	0.4666	0.4979	0.3919	0.3818	0.441	0.6437	0.4483	0.0385	0.0269263
0.4929	0.4969	0.4976	0.4776	0.4626	0.4708	0.4719	0.0935	0.0935	-2.41745
0.4951	0.483	0.4985	0.4847	0.4456	0.4864	0.4805	0.4805	0.125	-2.61625
0.4844	0.4877	0.4942	0.468	0.4368	0.4351	0.9844	0.2593	0.1059	-2.17888
0.4692	0.4965	0.4968	0.4216	0.4716	0.457	0.7042	0.1429	0.0833	-0.777365
0.4729	0.4122	0.4907	0.4515	0.3301	0.4836	1.3333	1.3158	1.3333	-1.68237
0.4443	0.4833	0.4969	0.3523	0.4539	0.4685	0.7188	0.5938	0.1139	1.00024
0.4708	0.4962	0.4972	0.4263	0.4501	0.4516	0.7105	0.086	0.0645	-0.912381
0.4712	0.4879	0.4956	0.4387	0.4704	0.4887	0.9483	0.7069	0.6552	-1.27273
0.4853	0.4948	0.4982	0.4487	0.479	0.4763	0.4259	0.3333	0.0833	-1.55161
0.4828	0.4964	0.4959	0.4479	0.4877	0.4451	0.5185	0.4198	0.086	-1.51537
0.4879	0.4946	0.4957	0.4634	0.4678	0.4568	0.5143	0.2078	0.1169	-1.95411
0.4854	0.494	0.4953	0.4553	0.4798	0.4835	0.5067	0.4267	0.4	-1.7206
0.467	0.4739	0.4979	0.4042	0.4087	0.4736	0.5844	0.4416	0.0879	-0.29685
0.4611	0.4822	0.4971	0.3823	0.4462	0.4724	0.5634	0.5211	0.122	0.269114
0.4769	0.4979	0.4991	0.4274	0.476	0.4834	0.5056	0.099	0.0594	-0.933254
0.4604	0.4953	0.4941	0.4141	0.4453	0.4591	0.9375	0.1	0.175	-0.574092
0.4652	0.4591	0.4864	0.4251	0.3846	0.4619	0.9412	0.6232	0.5797	-0.887205
0.4752	0.4698	0.4979	0.4319	0.3923	0.4827	0.6154	0.4375	0.1383	-1.06671
0.4879	0.4888	0.4986	0.4582	0.4521	0.4839	0.4247	0.32	0.0952	-1.77512
0.4707	0.4992	0.4981	0.4148	0.4841	0.4767	0.5753	0.0568	0.0909	-0.58025
0.4693	0.4682	0.4833	0.4114	0.3986	0.4384	0.5833	0.5104	0.3958	-0.497514
0.4669	0.4993	0.4987	0.3953	0.486	0.4771	0.5176	0.0521	0.0625	-0.0625391
0.4671	0.4982	0.4953	0.4183	0.4802	0.4539	0.7385	0.1053	0.1184	-0.682555
0.4746	0.4697	0.4968	0.4274	0.395	0.4747	0.5823	0.4557	0.1505	-0.933131
0.4927	0.468	0.4969	0.4806	0.4125	0.4738	0.6207	0.6333	0.137	-2.48076
0.4855	0.4974	0.4942	0.446	0.4751	0.43	0.3896	0.1205	0.0964	-1.41785
0.4708	0.4666	0.4955	0.4153	0.3786	0.4861	0.5783	0.4337	0.4819	-0.600394
0.4869	0.4973	0.4963	0.4654	0.4765	0.4512	0.6286	0.1341	0.0854	-2.04739
0.4772	0.4633	0.4978	0.4465	0.3964	0.4764	0.7838	0.6133	0.1031	-1.5079
0.4727	0.4957	0.4956	0.4354	0.4356	0.4633	0.7838	0.0769	0.1429	-1.17961
0.4831	0.4939	0.4948	0.4576	0.4486	0.4597	0.6935	0.1408	0.1549	-1.80677
0.4747	0.4978	0.4988	0.4118	0.4697	0.467	0.4432	0.08	0.04	-0.496328
0.4715	0.4989	0.4963	0.4241	0.4863	0.4892	0.6528	0.0909	0.5278	-0.843317
0.4848	0.4905	0.4905	0.4559	0.4658	0.4651	0.5484	0.3978	0.3871	-1.77875
0.4828	0.4975	0.4976	0.4527	0.4783	0.4682	0.6	0.131	0.0833	-1.66627
0.4526	0.4984	0.4977	0.415	0.4863	0.486	1.383	0.1311	0.1967	-0.602112
0.4635	0.4803	0.4919	0.3948	0.4306	0.4669	0.5955	0.427	0.337	-0.0492504
0.4669	0.4911	0.4989	0.4291	0.4783	0.4861	0.9444	0.7111	0.0855	-1.01833
0.481	0.4714	0.4977	0.4528	0.4199	0.4528	0.7042	0.6056	0.0543	-1.68148
0.4736	0.4804	0.4938	0.4214	0.431	0.4252	0.5506	0.427	0.098	-0.769975
0.4633	0.4906	0.4977	0.3964	0.4649	0.4781	0.6154	0.3789	0.1193	-0.0920472
0.4815	0.459	0.4991	0.4612	0.4011	0.4841	0.9516	0.7903	0.0602	-1.95752
0.4749	0.4861	0.4974	0.4238	0.4494	0.4759	0.5333	0.4	0.125	-0.82272
0.4688	0.4757	0.4975	0.4209	0.4325	0.4723	0.7105	0.6053	0.1034	-0.761632
0.4789	0.4805	0.4841	0.4419	0.4383	0.4502	0.6056	0.493	0.493	-1.34351
0.4787	0.4771	0.4984	0.4476	0.4314	0.4841	0.7237	0.5395	0.1099	-1.53541
0.4567	0.497	0.4962	0.3482	0.463	0.4614	0.4744	0.092	0.1149	1.0762
0.479	0.4988	0.498	0.4412	0.4801	0.4847	0.5938	0.0676	0.1486	-1.31161
0.4764	0.4832	0.4934	0.4299	0.4473	0.4161	0.5488	0.494	0.0928	-1.00487
0.4656	0.4824	0.4956	0.4065	0.4452	0.4701	0.6456	0.5	0.1798	-0.360602
0.482	0.4949	0.4983	0.4462	0.459	0.4837	0.5326	0.1471	0.1176	-1.48298
0.476	0.4813	0.4988	0.4226	0.42	0.4873	0.4889	0.3333	0.1058	-0.795604
0.458	0.4805	0.4958	0.4075	0.4579	0.4572	0.9206	0.9048	0.1125	-0.39173
0.4851	0.4978	0.4991	0.4614	0.4809	0.4867	0.6562	0.1341	0.0732	-1.91973
0.4897	0.4986	0.498	0.4621	0.486	0.4797	0.3875	0.1136	0.1136	-1.88955
0.4794	0.4916	0.4946	0.4376	0.4681	0.454	0.5263	0.3684	0.1379	-1.21393
0.4515	0.4985	0.4969	0.3983	0.4867	0.4801	1.0196	0.1304	0.1884	-0.14247
0.4691	0.4709	0.4981	0.423	0.4286	0.4706	0.7308	0.7436	0.07	-0.823661
0.4764	0.4825	0.4952	0.4296	0.4396	0.4811	0.5422	0.4337	0.3494	-0.994754
0.4705	0.4949	0.4964	0.3944	0.4466	0.4687	0.4342	0.1124	0.1348	-0.038037
0.4764	0.4994	0.4988	0.4146	0.488	0.4852	0.4177	0.0575	0.092	-0.561685
0.437	0.4979	0.4973	0.3677	0.4837	0.4702	1.058	0.1477	0.1023	0.652172
0.4588	0.4816	0.4979	0.361	0.4215	0.4829	0.4928	0.3333	0.1392	0.775411
0.4582	0.4976	0.4988	0.4011	0.4691	0.4805	0.8169	0.086	0.0645	-0.218015
0.4822	0.47	0.4956	0.4438	0.3719	0.4837	0.493	0.3521	0.3803	-1.37458
0.468	0.4648	0.4984	0.4108	0.3848	0.4835	0.6176	0.5	0.1111	-0.472441
0.4724	0.4967	0.4999	0.4181	0.4705	0.49	0.5541	0.1294	0.0115	-0.669212
0.4791	0.4805	0.4948	0.4401	0.4273	0.4403	0.5698	0.3953	0.102	-1.30309
0.4756	0.4895	0.4982	0.4437	0.4745	0.4779	0.8095	0.7143	0.0897	-1.41372
0.4698	0.474	0.4979	0.4206	0.4139	0.4822	0.6667	0.4744	0.1395	-0.749572
0.4559	0.4669	0.4989	0.3834	0.4059	0.4878	0.6923	0.6026	0.0957	0.245922
0.4827	0.4967	0.4973	0.4424	0.4668	0.4751	0.4578	0.1158	0.1263	-1.34612
0.4813	0.4868	0.4949	0.4356	0.4451	0.4792	0.4368	0.3333	0.3333	-1.15027
0.4714	0.4982	0.4967	0.4238	0.4735	0.4664	0.6515	0.075	0.1125	-0.827953
0.4678	0.4727	0.4988	0.3984	0.4021	0.4852	0.519	0.4304	0.0899	-0.141806
0.4443	0.4974	0.4993	0.3746	0.4651	0.488	0.9219	0.0843	0.0602	0.47254
0.4601	0.4842	0.4956	0.4053	0.4562	0.4885	0.8088	0.5915	0.6197	-0.329714
0.4875	0.493	0.4984	0.4505	0.4579	0.4665	0.3556	0.2065	0.0515	-1.55628
0.4601	0.4973	0.4948	0.3912	0.4636	0.4396	0.6517	0.0818	0.1	0.0464061
0.4753	0.4686	0.4996	0.4375	0.4166	0.4867	0.7013	0.6623	0.0316	-1.2377
0.4905	0.4907	0.4967	0.4546	0.4545	0.4455	0.2755	0.268	0.0673	-1.644
0.4558	0.4725	0.496	0.3827	0.4202	0.4479	0.6905	0.5714	0.0882	0.265532
0.4773	0.4982	0.499	0.4506	0.4758	0.4888	0.8971	0.0843	0.0964	-1.63703
0.443	0.4495	0.4951	0.3884	0.3851	0.4873	1.1818	0.8909	0.6393	0.120099
0.4713	0.4984	0.4983	0.3901	0.4842	0.461	0.3974	0.1149	0.046	0.071728
0.4815	0.4972	0.497	0.4396	0.4649	0.4723	0.4691	0.0909	0.125	-1.26348
0.4628	0.4993	0.4981	0.4093	0.49	0.4773	0.7656	0.0789	0.0921	-0.434636
0.4728	0.497	0.4981	0.427	0.4891	0.4814	0.642	0.3855	0.117	-0.930601
0.4682	0.4958	0.4941	0.4388	0.4891	0.4835	1.1509	0.6415	0.566	-1.28243
0.4724	0.4968	0.498	0.444	0.4745	0.4753	1.0299	0.1494	0.092	-1.4469
0.4564	0.4973	0.4967	0.4017	0.4746	0.4626	0.8889	0.1236	0.1011	-0.23436
0.456	0.4946	0.4948	0.3871	0.4604	0.4336	0.725	0.1633	0.0918	0.152672
0.4746	0.4975	0.4972	0.4301	0.4813	0.4607	0.6133	0.1591	0.0795	-1.0097
0.4691	0.4964	0.4958	0.4323	0.4894	0.474	0.9	0.5167	0.1972	-1.08422
0.4858	0.4978	0.4971	0.4505	0.4735	0.4872	0.4222	0.0938	0.3	-1.57964
0.4622	0.4603	0.497	0.3989	0.3713	0.4621	0.6667	0.5147	0.0897	-0.156464
0.4707	0.4977	0.4994	0.4328	0.4767	0.488	0.831	0.1099	0.0549	-1.1057
0.4812	0.4847	0.4959	0.4584	0.4613	0.4587	0.8644	0.678	0.1159	-1.8547
0.4845	0.4992	0.4962	0.4577	0.488	0.4718	0.6034	0.0735	0.1618	-1.78125
0.4761	0.4988	0.4982	0.4316	0.4882	0.4779	0.5765	0.1122	0.0918	-1.0577
0.4796	0.4975	0.4993	0.4418	0.4657	0.49	0.5758	0.08	0.08	-1.32745
0.4765	0.483	0.4926	0.4065	0.3995	0.4569	0.3711	0.2268	0.2165	-0.351758
0.4715	0.476	0.4961	0.4218	0.4144	0.4858	0.622	0.4268	0.381	-0.781876
0.4713	0.4978	0.4943	0.4288	0.4761	0.4625	0.7273	0.1059	0.1882	-0.976816
0.4696	0.4836	0.4988	0.4333	0.4529	0.4878	0.8971	0.5588	0.1111	-1.12256
0.4634	0.4958	0.4993	0.4061	0.4893	0.4841	0.7073	0.6463	0.0472	-0.354419
0.4625	0.4883	0.4971	0.4055	0.4701	0.4597	0.7302	0.6667	0.0822	-0.3316
0.4591	0.4964	0.4991	0.3996	0.4671	0.4883	0.7679	0.1286	0.0857	-0.17388
0.4448	0.4924	0.4979	0.3839	0.4854	0.4597	1.0328	1.0984	0.0562	0.236991
0.4826	0.496	0.496	0.4416	0.4835	0.4696	0.4494	0.3258	0.1562	-1.32693
0.4816	0.4959	0.4983	0.4245	0.4462	0.4762	0.3482	0.088	0.08	-0.842784
0.4636	0.4863	0.499	0.3864	0.4536	0.4878	0.5357	0.4405	0.0891	0.167075
0.486	0.4918	0.4975	0.4461	0.4573	0.471	0.3711	0.2474	0.098	-1.44455
0.4566	0.4948	0.4982	0.4017	0.4887	0.487	0.8814	0.8644	0.1585	-0.233209
0.472	0.4984	0.4988	0.4075	0.4805	0.4851	0.4805	0.0899	0.0899	-0.379244
0.4789	0.4994	0.498	0.4487	0.49	0.461	0.7403	0.0674	0.0562	-1.57413
0.4712	0.466	0.4992	0.4326	0.4114	0.4841	0.8	0.6857	0.0568	-1.09663
0.4786	0.4618	0.4955	0.4412	0.3501	0.4834	0.6071	0.4048	0.381	-1.34064
0.4234	0.496	0.4967	0.3662	0.4569	0.471	1.566	0.1071	0.131	0.693895
0.4768	0.4958	0.4988	0.4409	0.4691	0.4851	0.6852	0.1642	0.0896	-1.29733
0.4402	0.4824	0.495	0.3769	0.4615	0.4883	1.0862	0.8793	0.7586	0.415505
0.4812	0.4955	0.4977	0.4111	0.4632	0.4757	0.2941	0.1455	0.1091	-0.465472
0.4894	0.492	0.4995	0.4638	0.445	0.4875	0.427	0.1798	0.0435	-1.97477
0.4768	0.4615	0.4968	0.4528	0.4132	0.4721	1.0154	0.8769	0.1341	-1.7105
0.4798	0.4931	0.4956	0.44	0.4429	0.4512	0.5402	0.1458	0.1042	-1.29793
0.4652	0.459	0.4967	0.4221	0.3996	0.4429	0.8772	0.7719	0.0641	-0.791257
0.4599	0.4734	0.4977	0.3926	0.4192	0.4798	0.6712	0.5342	0.1294	0.00765081
0.4886	0.4833	0.4997	0.4633	0.4371	0.49	0.4699	0.3855	0.0303	-1.96611
0.4693	0.4993	0.4987	0.401	0.488	0.4891	0.5	0.0625	0.1375	-0.20691
0.4827	0.4829	0.4949	0.4527	0.4436	0.4413	0.6067	0.4607	0.101	-1.68803
0.4769	0.4955	0.4974	0.4255	0.459	0.4797	0.4861	0.1294	0.1529	-0.861499
0.4522	0.4977	0.4983	0.3823	0.461	0.4812	0.7805	0.066	0.1038	0.277245
0.4651	0.462	0.4958	0.4062	0.3896	0.4881	0.6562	0.5938	0.5625	-0.34893
0.4698	0.4961	0.4991	0.4248	0.4642	0.4803	0.726	0.1279	0.0465	-0.870372
0.4822	0.4975	0.4987	0.4477	0.466	0.4865	0.5465	0.0816	0.1122	-1.5245
0.4787	0.4733	0.4986	0.4464	0.4332	0.4861	0.7	0.7143	0.1124	-1.48983
0.4737	0.4935	0.4949	0.4366	0.4816	0.4444	0.7571	0.5571	0.1071	-1.20879
0.4366	0.4691	0.4923	0.326	0.413	0.4794	0.7037	0.6049	0.6049	1.61186
0.4827	0.4904	0.4973	0.4415	0.4639	0.4686	0.4459	0.3784	0.0988	-1.30291
0.4752	0.4692	0.4972	0.4238	0.39	0.4897	0.5244	0.439	0.378	-0.82887
0.4631	0.4871	0.4977	0.407	0.4626	0.4705	0.7273	0.5455	0.0886	-0.374003
0.4731	0.4981	0.4985	0.4193	0.4635	0.4784	0.5437	0.0574	0.0738	-0.717047
0.4535	0.4981	0.4988	0.3954	0.484	0.4875	0.8983	0.1389	0.1111	-0.0646732
0.4841	0.4985	0.4983	0.4554	0.4883	0.4789	0.5775	0.1519	0.0886	-1.73465
0.4677	0.4938	0.4988	0.4191	0.4558	0.4851	0.7246	0.1705	0.0909	-0.705778
0.4673	0.4925	0.4948	0.3928	0.476	0.4541	0.4935	0.4675	0.1348	0.00281444
0.4564	0.4804	0.497	0.4053	0.455	0.4735	0.9483	0.8103	0.1316	-0.331235
0.4804	0.4914	0.4935	0.4315	0.4462	0.3981	0.4324	0.2025	0.0759	-1.01939
0.4788	0.489	0.498	0.4476	0.4674	0.4673	0.7206	0.5294	0.0658	-1.52633
0.4789	0.4982	0.4944	0.4439	0.4749	0.4191	0.64	0.0814	0.0814	-1.41303
0.4729	0.4674	0.4989	0.4109	0.3866	0.4851	0.4815	0.4568	0.0833	-0.470238
0.4731	0.4987	0.4985	0.4338	0.4867	0.4644	0.7353	0.1059	0.0471	-1.12168
0.4774	0.4926	0.4986	0.4467	0.4395	0.4883	0.7778	0.1494	0.1379	-1.5101
0.4781	0.489	0.4998	0.4416	0.4632	0.49	0.64	0.44	0.0225	-1.34716
0.4842	0.4743	0.499	0.4527	0.3582	0.487	0.5294	0.2593	0.0855	-1.68945
0.4584	0.4946	0.4939	0.3986	0.4583	0.452	0.7778	0.1538	0.1538	-0.148674
0.47	0.4867	0.4992	0.4389	0.4724	0.4803	1.0317	0.9524	0.0449	-1.29211
0.4689	0.4983	0.4995	0.4415	0.4855	0.49	1.2105	0.1358	0.0494	-1.37409
0.4689	0.4668	0.4978	0.413	0.3756	0.4636	0.6104	0.4177	0.0674	-0.534726
0.482	0.4955	0.4979	0.413	0.4698	0.4711	0.2857	0.1809	0.0816	-0.507316
0.4737	0.4701	0.4977	0.4214	0.3936	0.4771	0.5455	0.4394	0.1169	-0.75048
0.4736	0.44	0.463	0.4362	0.3103	0.2749	0.7536	0.5797	0.2564	-1.1941
0.4785	0.4948	0.4968	0.4399	0.4822	0.4645	0.5942	0.4203	0.1026	-1.28033
0.4499	0.4799	0.4734	0.3898	0.4191	0.3944	0.9444	0.3607	0.377	0.0818139
0.481	0.4976	0.4961	0.4451	0.4741	0.4808	0.5616	0.1026	0.2564	-1.43073
0.484	0.4973	0.4991	0.442	0.4752	0.4753	0.4043	0.1275	0.0392	-1.33438
0.4885	0.4941	0.4803	0.4654	0.4602	0.4316	0.5132	0.1818	0.4342	-2.02916
0.4496	0.4927	0.4949	0.3693	0.4805	0.4445	0.7273	0.6104	0.1075	0.603141
0.4775	0.4978	0.4995	0.4536	0.4693	0.4875	0.9844	0.0805	0.046	-1.73089
0.4849	0.4939	0.4989	0.4645	0.4505	0.4844	0.7714	0.1477	0.0795	-2.05046
0.4706	0.4514	0.4922	0.4254	0.3673	0.4803	0.7031	0.6719	0.6719	-0.875932
0.4718	0.4967	0.4985	0.4077	0.4645	0.4875	0.4868	0.1047	0.1395	-0.382754
0.4713	0.4976	0.4989	0.4363	0.4844	0.4851	0.8793	0.1842	0.0789	-1.19604
0.481	0.498	0.4961	0.4457	0.4834	0.4474	0.5714	0.1429	0.0857	-1.47458
0.4401	0.4519	0.4988	0.3522	0.3676	0.4801	0.8088	0.6618	0.0667	1.01394
0.4732	0.4962	0.498	0.4205	0.4755	0.4705	0.5529	0.1868	0.0745	-0.742988
0.4684	0.4697	0.4953	0.4393	0.4278	0.4439	1.1562	0.7812	0.0964	-1.31068
0.4768	0.4806	0.4966	0.4492	0.4434	0.4725	0.8889	0.5522	0.1463	-1.58615
0.4747	0.4938	0.4936	0.4364	0.4641	0.4512	0.7067	0.2159	0.1596	-1.20287
0.4844	0.4917	0.4878	0.4564	0.476	0.4239	0.5818	0.5455	0.2069	-1.72674
0.4697	0.4795	0.4971	0.4206	0.4423	0.4765	0.6724	0.5862	0.1449	-0.735494
0.4507	0.4544	0.495	0.3826	0.3946	0.4804	0.8254	0.8571	0.3478	0.267519
0.479	0.4787	0.4978	0.4389	0.4172	0.4822	0.5606	0.3788	0.1429	-1.2424
0.4861	0.4948	0.4971	0.4593	0.4843	0.4605	0.5417	0.5	0.0833	-1.84594
0.4402	0.4976	0.4979	0.3598	0.4674	0.4851	0.873	0.0814	0.1628	0.83384
0.4904	0.497	0.4849	0.4637	0.4465	0.4372	0.375	0.0625	0.3371	-1.94659
0.4752	0.4988	0.4934	0.4279	0.4856	0.442	0.5667	0.0882	0.1373	-0.954144
0.4745	0.493	0.4921	0.4076	0.4706	0.4706	0.4203	0.3188	0.3768	-0.371773
0.4621	0.4809	0.4987	0.4013	0.4461	0.4843	0.6935	0.5806	0.0897	-0.218066
0.4924	0.4853	0.499	0.4736	0.4256	0.4843	0.4124	0.2653	0.0667	-2.28337
0.4742	0.4666	0.4991	0.4414	0.4238	0.4872	0.8406	0.8485	0.0795	-1.35801
0.4637	0.4525	0.4698	0.4308	0.3954	0.4306	1.1864	0.9322	0.8305	-1.05732
0.4652	0.4866	0.4992	0.3872	0.456	0.4851	0.5057	0.4598	0.0594	0.148212
0.4886	0.4893	0.4975	0.4646	0.4617	0.4718	0.4937	0.4051	0.1	-2.00315
0.4783	0.4957	0.4977	0.4473	0.4258	0.4761	0.7377	0.0667	0.1067	-1.50779
0.4841	0.4955	0.499	0.4548	0.4556	0.4886	0.5672	0.1184	0.0921	-1.70664
0.4703	0.4669	0.4891	0.4307	0.4098	0.4674	0.8103	0.6379	0.5172	-1.03017
0.4359	0.4981	0.4987	0.3636	0.4834	0.4802	1.0392	0.1324	0.0735	0.740396
0.4663	0.4964	0.4963	0.4134	0.4707	0.4518	0.6986	0.1429	0.0879	-0.548596
0.4507	0.4896	0.4986	0.37	0.4742	0.4826	0.7083	0.6944	0.0909	0.581718
0.4865	0.4977	0.4967	0.4546	0.4796	0.4515	0.4459	0.1299	0.0779	-1.67985
0.47	0.4855	0.4976	0.4109	0.4544	0.4773	0.5595	0.4881	0.12	-0.477134
0.4901	0.4906	0.4966	0.4612	0.4513	0.4609	0.3551	0.2523	0.0991	-1.89632
0.4774	0.4965	0.4986	0.4257	0.4734	0.4787	0.4737	0.1529	0.0706	-0.870132
0.4737	0.4992	0.4988	0.4284	0.4875	0.4841	0.6264	0.0667	0.0833	-0.977424
0.4884	0.4982	0.4978	0.4703	0.4862	0.47	0.6623	0.1548	0.0833	-2.22338
0.4702	0.4986	0.4976	0.442	0.4843	0.4757	1.1228	0.0972	0.1111	-1.38384
0.4769	0.4618	0.4987	0.4323	0.3484	0.4834	0.5556	0.4	0.0891	-1.08046
0.4806	0.4903	0.4982	0.4524	0.47	0.4782	0.7231	0.4923	0.0946	-1.66362
0.4725	0.4754	0.4984	0.4147	0.3822	0.4883	0.5217	0.3	0.16	-0.570371
0.481	0.4462	0.4978	0.4605	0.371	0.4794	0.9655	0.8276	0.119	-1.92998
0.46	0.4643	0.4941	0.4169	0.4145	0.4858	1.0152	0.7879	0.7273	-0.655772
0.4671	0.4974	0.4964	0.412	0.475	0.4706	0.6567	0.1169	0.1429	-0.505297
0.4696	0.4997	0.498	0.4254	0.49	0.4726	0.7467	0.0353	0.0824	-0.889828
0.4718	0.4956	0.4969	0.3985	0.4687	0.4897	0.4306	0.1688	0.4444	-0.141877
0.4673	0.495	0.4967	0.3842	0.4839	0.4712	0.4471	0.4588	0.1313	0.2205
0.4788	0.4963	0.496	0.4401	0.465	0.4378	0.5821	0.122	0.0732	-1.28164
0.4827	0.4979	0.499	0.4499	0.4756	0.4851	0.5541	0.0952	0.0714	-1.57258
0.4653	0.4968	0.4977	0.4025	0.4735	0.4738	0.6133	0.1429	0.0989	-0.251443
0.4728	0.4964	0.495	0.4209	0.4615	0.4692	0.5714	0.1064	0.2021	-0.753186
0.4793	0.4977	0.4965	0.4305	0.474	0.4641	0.4574	0.1019	0.1111	-1.01639
0.4663	0.4948	0.4995	0.4099	0.4857	0.49	0.6582	0.5823	0.05	-0.454224
0.4704	0.4814	0.4916	0.4338	0.456	0.4808	0.8676	0.7647	0.7941	-1.13485
0.4828	0.4933	0.4901	0.4563	0.4258	0.4704	0.68	0.1075	0.52	-1.79206
0.4817	0.4763	0.4966	0.4234	0.3988	0.455	0.3407	0.3407	0.0865	-0.793095
0.4774	0.4976	0.4983	0.4453	0.4792	0.4883	0.7458	0.1304	0.1739	-1.44477
0.4591	0.467	0.4952	0.4125	0.4144	0.4613	0.9672	0.6885	0.1467	-0.529165
0.4745	0.476	0.4894	0.4305	0.426	0.4693	0.6234	0.5195	0.5455	-1.02508
0.4718	0.4674	0.4969	0.429	0.3905	0.4776	0.7101	0.4783	0.1625	-0.983871
0.4736	0.4744	0.4984	0.4038	0.3955	0.4767	0.4205	0.3636	0.0769	-0.28246
0.4661	0.4779	0.4992	0.431	0.4461	0.4851	1.038	0.7375	0.0594	-1.07064
0.4385	0.4975	0.4977	0.3936	0.4773	0.4756	1.5439	0.125	0.1042	-0.0177232
0.4871	0.4956	0.4974	0.4584	0.4628	0.4751	0.4713	0.1383	0.117	-1.82442
0.4774	0.4891	0.4989	0.4333	0.4566	0.4889	0.5493	0.3521	0.1084	-1.08881
0.4573	0.4953	0.4944	0.3767	0.4584	0.4571	0.6081	0.1333	0.1556	0.412122
0.4881	0.4984	0.4987	0.4606	0.4855	0.4834	0.4505	0.1262	0.0874	-1.89112
0.4729	0.4644	0.4981	0.4245	0.3754	0.4814	0.6066	0.459	0.1159	-0.837104
0.4758	0.4819	0.4984	0.43	0.4367	0.4841	0.5714	0.4286	0.1163	-1.00576
0.478	0.4941	0.4978	0.4512	0.4553	0.474	0.8611	0.1596	0.0957	-1.65726
0.4772	0.4944	0.4978	0.4366	0.4766	0.4706	0.6024	0.3222	0.0842	-1.20383
0.4532	0.4909	0.4988	0.3947	0.4796	0.4845	0.9	0.8167	0.0864	-0.0474737
0.4567	0.4973	0.4986	0.3915	0.4754	0.4851	0.75	0.1266	0.1013	0.0368717
0.4845	0.4963	0.4985	0.458	0.4711	0.4829	0.6129	0.1507	0.0959	-1.8023
0.4813	0.4955	0.4971	0.4308	0.4634	0.4748	0.398	0.1441	0.1351	-1.0163
0.4679	0.4867	0.4956	0.4148	0.4557	0.486	0.662	0.4507	0.4648	-0.585349
0.4585	0.495	0.4928	0.3899	0.4449	0.4495	0.6842	0.1047	0.1744	0.078865
0.4577	0.4977	0.4989	0.3874	0.4772	0.4857	0.6818	0.1139	0.0886	0.142006
0.4865	0.4957	0.4955	0.4596	0.4564	0.4711	0.5217	0.1139	0.1899	-1.83968
0.4526	0.4579	0.4943	0.4107	0.4115	0.4876	1.25	1	0.8654	-0.482203
0.4821	0.4774	0.4937	0.457	0.4331	0.4815	0.7419	0.5484	0.5323	-1.79826
0.4793	0.4685	0.4805	0.4326	0.3777	0.4294	0.4744	0.3974	0.4103	-1.06288
0.4605	0.4987	0.4975	0.422	0.4704	0.4834	1.1148	0.0488	0.1829	-0.800755
0.4539	0.4696	0.4979	0.4063	0.4329	0.4799	1.0727	0.8909	0.1169	-0.359472
0.4753	0.4991	0.4979	0.4317	0.485	0.4804	0.6076	0.0659	0.1209	-1.05891
0.4751	0.4885	0.497	0.4465	0.4725	0.4765	0.9194	0.7419	0.15	-1.50681
0.4695	0.4869	0.4954	0.4334	0.3937	0.4505	0.9054	0.1579	0.1078	-1.13028
0.4779	0.4888	0.4978	0.4348	0.4596	0.4751	0.55	0.4	0.1011	-1.14122
0.461	0.4957	0.4945	0.3972	0.4579	0.4496	0.6857	0.1176	0.1294	-0.11164
0.4687	0.4944	0.4967	0.4231	0.4856	0.4552	0.7463	0.6418	0.0833	-0.817512
0.4669	0.4987	0.4984	0.4404	0.484	0.4802	1.3279	0.0899	0.0899	-1.34941
0.4862	0.4905	0.4986	0.4495	0.4581	0.4791	0.3947	0.3043	0.0726	-1.57061
0.4519	0.4989	0.4978	0.3749	0.4819	0.4792	0.7183	0.0667	0.1222	0.45976
0.4738	0.4869	0.497	0.4481	0.4603	0.4808	1.0781	0.5143	0.1899	-1.57073
0.4602	0.4974	0.4937	0.4006	0.4785	0.4465	0.7458	0.141	0.141	-0.201294
0.4664	0.4992	0.4989	0.4109	0.4867	0.4843	0.6667	0.0674	0.0787	-0.48058
0.4733	0.4987	0.4955	0.4449	0.4851	0.4877	1	0.0976	0.5902	-1.46591
0.4564	0.4975	0.4966	0.3702	0.4742	0.47	0.5844	0.1111	0.1333	0.57192
0.4864	0.4944	0.4967	0.4471	0.4732	0.4684	0.3647	0.2706	0.1196	-1.45338
0.4431	0.4962	0.4981	0.3765	0.4559	0.488	0.9833	0.0988	0.1852	0.424496
0.4684	0.4884	0.4992	0.4246	0.4643	0.4841	0.7821	0.5	0.051	-0.870729
0.4762	0.4985	0.4975	0.4284	0.486	0.4841	0.5362	0.125	0.1875	-0.946349
0.4629	0.4615	0.4976	0.4038	0.388	0.4625	0.6957	0.5942	0.0714	-0.286387
0.4633	0.4722	0.4892	0.3986	0.4102	0.4665	0.6338	0.493	0.493	-0.149294
0.4553	0.4964	0.4976	0.3951	0.4789	0.4584	0.8333	0.2078	0.0649	-0.0575537
0.4748	0.4887	0.4958	0.431	0.455	0.4734	0.6176	0.3529	0.1944	-1.02898
0.4349	0.4984	0.4987	0.378	0.4637	0.4851	1.3148	0.0476	0.0952	0.390294
0.4587	0.4973	0.4983	0.4032	0.4775	0.468	0.8286	0.1395	0.0581	-0.274474
0.4763	0.482	0.4907	0.4316	0.4087	0.4505	0.5679	0.2716	0.2439	-1.05236
0.4811	0.4983	0.4982	0.4228	0.4822	0.4733	0.3523	0.1075	0.0753	-0.777955
0.4683	0.4939	0.4994	0.4116	0.4801	0.4883	0.6154	0.4505	0.0536	-0.503851
0.4975	0.4976	0.4934	0.4776	0.4652	0.4767	0.1304	0.0761	0.407	-2.04799
0.4533	0.47	0.4976	0.3991	0.4402	0.4829	0.963	1.0741	0.1644	-0.163937
0.4474	0.497	0.4981	0.3541	0.4072	0.4747	0.6667	0.0364	0.0818	0.974221
0.4593	0.4926	0.4976	0.4068	0.4816	0.4783	0.8596	0.6842	0.1268	-0.36914
0.4718	0.4629	0.4993	0.4363	0.4077	0.486	0.8514	0.7432	0.0532	-1.21311
0.4698	0.4896	0.4951	0.4138	0.4689	0.4634	0.5909	0.5152	0.1622	-0.549346
0.4649	0.4947	0.4992	0.4093	0.4448	0.4886	0.6957	0.1136	0.0795	-0.436348
0.4849	0.4837	0.499	0.4615	0.4399	0.4875	0.6747	0.3976	0.087	-1.96137
0.4739	0.4941	0.495	0.431	0.462	0.4519	0.6543	0.1919	0.1212	-1.04531
0.4838	0.4981	0.4978	0.4408	0.4784	0.4828	0.4	0.099	0.1485	-1.29215
0.4601	0.4921	0.4984	0.4074	0.4386	0.4886	0.8382	0.1566	0.1687	-0.387243
0.4811	0.4993	0.4961	0.4518	0.4867	0.4866	0.6818	0.0583	0.4157	-1.67264
0.4724	0.4908	0.4976	0.4248	0.4712	0.4769	0.6296	0.4815	0.1196	-0.868532
0.4817	0.4916	0.4971	0.4612	0.4796	0.4693	0.9245	0.717	0.1077	-1.93496
0.4662	0.4629	0.4913	0.401	0.364	0.473	0.5769	0.4359	0.4872	-0.2116
0.4845	0.4988	0.499	0.4551	0.4845	0.4872	0.5493	0.0833	0.0833	-1.7185
0.4563	0.4982	0.4998	0.406	0.4831	0.49	0.9649	0.1205	0.0241	-0.348321
0.4686	0.4936	0.4956	0.429	0.4648	0.4596	0.8548	0.2308	0.1282	-0.990166
0.4738	0.4576	0.4961	0.441	0.3828	0.4649	0.8529	0.6471	0.1279	-1.34511
0.4907	0.4888	0.4976	0.4616	0.4509	0.4728	0.3333	0.3118	0.101	-1.87297
0.4663	0.4722	0.4961	0.4036	0.4172	0.4874	0.597	0.5522	0.4478	-0.277252
0.4679	0.4983	0.4997	0.4117	0.4831	0.49	0.6286	0.1136	0.0341	-0.496241
0.4553	0.4938	0.4964	0.3899	0.423	0.4361	0.7733	0.0947	0.0632	0.0797262
0.4801	0.4675	0.4959	0.4545	0.425	0.4736	0.8136	0.8305	0.1892	-1.72938
0.4806	0.4991	0.4993	0.444	0.4821	0.49	0.561	0.0521	0.0729	-1.41098
0.4868	0.4833	0.4948	0.4572	0.4331	0.4529	0.4658	0.3562	0.1299	-1.76018
0.4533	0.4485	0.496	0.3901	0.3679	0.4896	0.8333	0.7436	0.641	0.0754702
0.4773	0.4992	0.4996	0.4391	0.4857	0.49	0.6344	0.0614	0.0439	-1.28991
0.4639	0.4961	0.4986	0.4248	0.4654	0.4839	1	0.131	0.0952	-0.878342
