ncvFD_AFR	ncvFD_EUR	ncvFD_ASN	ncv_AFR	ncv_EUR	ncv_ASN	hka_AFR	hka_EUR	hka_ASN	tajd_AFR
0.4707	0.4867	0.499	0.4162	0.4504	0.4875	0.5897	0.3846	0.0909	-0.582111
0.4754	0.4961	0.4982	0.4546	0.4765	0.478	1.2353	0.2045	0.0909	-1.71451
0.4285	0.4707	0.4882	0.3546	0.4436	0.4778	1.1481	1.1481	1.1481	0.913687
0.4471	0.4918	0.4937	0.415	0.4443	0.4897	1.8095	0.1818	1.5714	-0.581477
0.4367	0.4842	0.4981	0.383	0.47	0.4768	1.3462	1.1538	0.0909	0.249676
0.4665	0.4862	0.4994	0.3823	0.4437	0.49	0.4528	0.3455	0.0625	0.255164
0.4589	0.4768	0.498	0.3862	0.4393	0.4535	0.64	0.66	0.0484	0.16909
0.4678	0.4966	0.4974	0.3955	0.4201	0.4788	0.5	0.0476	0.1429	-0.0598804
0.4629	0.4249	0.4955	0.4276	0.34	0.4709	1.1379	1.069	0.1905	-0.912828
0.4619	0.4733	0.4987	0.3979	0.4161	0.4867	0.6667	0.5111	0.1053	-0.124042
0.4139	0.4975	0.499	0.3509	0.4834	0.49	1.6364	0.1765	0.1176	1.01138
0.4531	0.4838	0.4963	0.3753	0.4531	0.4746	0.6944	0.5556	0.1739	0.422008
0.4508	0.4966	0.4984	0.3867	0.4577	0.4802	0.8723	0.0909	0.0909	0.159238
0.4731	0.4748	0.4989	0.4515	0.44	0.4867	1.3077	0.7692	0.0909	-1.59426
0.4519	0.4931	0.4989	0.402	0.4342	0.4834	1.0741	0.125	0.075	-0.229422
0.4513	0.4957	0.4982	0.3838	0.4198	0.4754	0.8205	0.0612	0.0816	0.228244
0.4698	0.4986	0.499	0.3981	0.4801	0.48	0.4706	0.0789	0.0526	-0.120776
0.4719	0.4995	0.4991	0.4241	0.49	0.49	0.6389	0.0476	0.0952	-0.784829
0.4579	0.499	0.4992	0.4202	0.49	0.49	1.2174	0.1143	0.0857	-0.701582
0.4789	0.4827	0.4994	0.427	0.4318	0.485	0.439	0.3659	0.0444	-0.833968
0.4673	0.4727	0.4944	0.3796	0.3926	0.4795	0.4255	0.383	0.383	0.311658
0.4866	0.4965	0.4994	0.4531	0.29	0.49	0.4186	0.0213	0.0638	-1.51844
0.4564	0.49	0.4652	0.4069	0.475	0.402	0.9773	0.6818	0.6136	-0.368436
0.4499	0.4951	0.4941	0.416	0.4738	0.4219	1.619	0.2353	0.0882	-0.60178
0.4857	0.4911	0.4934	0.4528	0.4599	0.4465	0.4545	0.2955	0.1489	-1.53269
0.4789	0.4951	0.4947	0.4509	0.4883	0.4501	0.7949	0.7179	0.125	-1.56327
0.4415	0.4996	0.4985	0.3828	0.49	0.4827	1.1379	0.0465	0.093	0.251289
0.4623	0.4848	0.498	0.3903	0.4548	0.4776	0.5918	0.5306	0.1017	0.0661032
0.4812	0.4972	0.4981	0.4505	0.4665	0.4644	0.6429	0.0962	0.0577	-1.52819
0.4842	0.4979	0.4998	0.4467	0.4829	0.49	0.4468	0.14	0.02	-1.37629
0.4668	0.4109	0.4917	0.4469	0.3431	0.4867	1.7647	1.5882	1.7059	-1.44298
0.4751	0.4989	0.4979	0.425	0.488	0.4464	0.5385	0.1064	0.0426	-0.800644
0.478	0.4715	0.4969	0.4413	0.4087	0.4631	0.6389	0.5	0.0952	-1.24393
0.4572	0.4917	0.4953	0.4114	0.4796	0.4888	1.0303	0.697	0.7273	-0.478976
0.4955	0.4773	0.4989	0.48	0.3905	0.4768	0.2941	0.2941	0.0517	-2.20144
0.4733	0.497	0.4974	0.4466	0.4801	0.4861	1.0556	0.1818	0.2273	-1.35371
0.4576	0.4982	0.4956	0.3882	0.4821	0.4704	0.6923	0.1111	0.1778	0.116252
0.4636	0.4937	0.4948	0.4029	0.3908	0.441	0.6667	0.069	0.1034	-0.254696
0.4819	0.4991	0.4983	0.4241	0.4875	0.4857	0.3404	0.0784	0.1373	-0.745033
0.483	0.4715	0.4907	0.4579	0.4322	0.3874	0.7073	0.7805	0.102	-1.75363
0.4823	0.4809	0.4966	0.4348	0.4143	0.4706	0.4	0.3143	0.1351	-0.991154
0.4848	0.4754	0.4994	0.4597	0.4297	0.485	0.6316	0.5789	0.0444	-1.7657
0.4215	0.4264	0.4981	0.3331	0.3423	0.462	1.0833	1.0556	0.0556	1.41758
0.4795	0.494	0.4957	0.4513	0.485	0.4421	0.7674	0.6744	0.0847	-1.58435
0.453	0.4983	0.4985	0.4074	0.4826	0.4802	1.1429	0.1081	0.0811	-0.370502
0.4842	0.4979	0.499	0.4148	0.4892	0.4802	0.25	0.25	0.0517	-0.499106
0.4596	0.4769	0.4958	0.4264	0.4536	0.4402	1.32	1.04	0.0811	-0.881481
0.4821	0.4905	0.4994	0.4431	0.4677	0.485	0.4884	0.4318	0.0417	-1.28018
0.4813	0.4959	0.498	0.4439	0.4425	0.4803	0.5283	0.0806	0.1129	-1.3465
0.4592	0.4948	0.4977	0.4264	0.49	0.4801	1.3448	1.1034	0.1316	-0.893795
0.471	0.4769	0.4993	0.429	0.4391	0.4801	0.7442	0.6512	0.0385	-0.950331
0.4755	0.4687	0.4961	0.4292	0.4162	0.4473	0.5714	0.6531	0.0847	-0.942199
0.4522	0.4947	0.4958	0.3715	0.4253	0.4896	0.6842	0.0833	0.6842	0.513787
0.4851	0.4886	0.4993	0.4611	0.4503	0.49	0.6471	0.3143	0.0789	-1.78705
0.4431	0.493	0.4985	0.3921	0.4867	0.4872	1.2571	1.1429	0.1373	0.0226296
0.4766	0.4987	0.4992	0.4505	0.486	0.48	0.9444	0.1042	0.0417	-1.5647
0.4618	0.4916	0.4989	0.4029	0.4787	0.488	0.7222	0.6667	0.1042	-0.249752
0.4635	0.4906	0.4872	0.4166	0.4741	0.4646	0.8529	0.5882	0.5882	-0.608806
0.4231	0.4416	0.4989	0.3426	0.3742	0.44	1.1515	1	0.02	1.20454
0.4583	0.4995	0.4997	0.4022	0.49	0.49	0.8293	0.0536	0.0357	-0.237062
0.4564	0.488	0.4957	0.4062	0.4731	0.4633	0.9643	0.8214	0.1389	-0.333949
0.4704	0.4961	0.4974	0.44	0.4593	0.4735	1.0345	0.1111	0.1111	-1.24729
0.4687	0.4457	0.4952	0.4424	0.381	0.49	1.2692	0.9615	0.9231	-1.329
0.4701	0.4988	0.4976	0.4127	0.4851	0.4684	0.5714	0.0851	0.0851	-0.492999
0.4835	0.4758	0.4931	0.457	0.432	0.4818	0.6486	0.5946	0.6216	-1.68944
0.4931	0.4979	0.4976	0.468	0.4878	0.4766	0.2857	0.2143	0.1163	-1.79546
0.468	0.4854	0.4983	0.4102	0.4531	0.4801	0.6111	0.4722	0.0952	-0.425303
0.4813	0.4752	0.495	0.4443	0.4234	0.4851	0.537	0.5185	0.5185	-1.36353
0.4142	0.446	0.4954	0.3592	0.4147	0.4678	1.8421	1.8947	0.1714	0.820078
0.4737	0.4984	0.4947	0.4354	0.4753	0.4553	0.7333	0.0702	0.1404	-1.12885
0.4487	0.4989	0.4982	0.4036	0.4802	0.4819	1.2647	0.0577	0.1154	-0.280064
0.4665	0.494	0.4909	0.4316	0.4459	0.438	1.0323	0.1316	0.1842	-1.0221
0.4712	0.4982	0.4963	0.4585	0.4872	0.4395	2.3636	0.1628	0.0698	-1.86022
0.4504	0.4791	0.4986	0.3908	0.4469	0.4826	0.9394	0.6857	0.0909	0.0542193
0.4576	0.4925	0.4917	0.4143	0.4327	0.4337	1.0769	0.1346	0.1538	-0.566031
0.4832	0.4947	0.4922	0.4522	0.4495	0.4336	0.5714	0.1224	0.1429	-1.55281
0.4698	0.4949	0.4866	0.4267	0.4431	0.3827	0.7561	0.1042	0.1458	-0.882904
0.4654	0.4968	0.4988	0.4205	0.479	0.485	0.8421	0.1818	0.0909	-0.71922
0.458	0.4615	0.4954	0.4247	0.4292	0.453	1.3714	1.2857	0.1132	-0.860824
0.4439	0.4858	0.4957	0.3891	0.4716	0.4547	1.1613	1.0323	0.1111	0.0959047
0.4673	0.4684	0.4947	0.4385	0.4383	0.4897	1.2121	1.1212	1.0909	-1.2373
0.4625	0.4693	0.4603	0.4357	0.4453	0.3844	1.5	1.3571	0.5946	-1.1632
0.4812	0.4892	0.4958	0.4478	0.4726	0.4751	0.5926	0.6667	0.2059	-1.34899
0.446	0.476	0.4994	0.3823	0.4458	0.485	0.9688	0.8438	0.0435	0.262057
0.4686	0.4882	0.4969	0.4291	0.4681	0.462	0.8571	0.6071	0.0909	-0.922145
0.4322	0.4609	0.4991	0.3623	0.4196	0.4867	1.1379	1.0345	0.0714	0.744174
0.455	0.4929	0.4996	0.4015	0.4833	0.49	0.9394	0.7576	0.0465	-0.218091
0.4402	0.4865	0.49	0.3656	0.4698	0.4755	0.9355	0.8387	0.7097	0.657701
0.4681	0.4936	0.4892	0.4251	0.4596	0.4202	0.8056	0.1951	0.1707	-0.834905
0.4676	0.4951	0.4985	0.4555	0.4446	0.49	2.8	0.1034	0.1724	-1.74232
0.4572	0.4467	0.4994	0.4168	0.3791	0.485	1.1613	0.9032	0.0455	-0.625879
0.4779	0.4863	0.4925	0.4468	0.47	0.4532	0.75	0.875	0.2	-1.40468
0.4791	0.4978	0.4977	0.4258	0.4871	0.4892	0.4255	0.2128	0.2766	-0.815146
0.4013	0.4677	0.4985	0.3324	0.4417	0.4826	1.76	1.32	0.0952	1.44468
0.4607	0.4991	0.4992	0.4137	0.4875	0.49	0.9189	0.0833	0.0833	-0.538578
0.4426	0.4924	0.4973	0.3531	0.441	0.4754	0.76	0.1562	0.125	0.892829
0.4339	0.4814	0.4954	0.3558	0.4646	0.4349	1	1.1471	0.0816	0.895657
0.4727	0.4688	0.4965	0.4268	0.3849	0.4885	0.6444	0.4222	0.4444	-0.879622
0.4716	0.4968	0.499	0.4321	0.4717	0.4867	0.7742	0.1316	0.0789	-1.0019
0.4827	0.4973	0.4995	0.4434	0.4755	0.49	0.4667	0.1296	0.0556	-1.28686
0.4787	0.4618	0.4889	0.4543	0.4091	0.4706	0.9143	0.8	0.6286	-1.66618
0.45	0.4978	0.4966	0.4122	0.4703	0.4707	1.4583	0.0811	0.1351	-0.502367
0.4777	0.4993	0.4956	0.4513	0.49	0.4303	0.8919	0.0732	0.0732	-1.5825
0.4426	0.4944	0.4946	0.3887	0.4892	0.49	1.2083	1.0833	1.1667	0.103604
0.4765	0.4971	0.4971	0.4453	0.4772	0.473	0.8	0.1463	0.122	-1.38609
0.4618	0.4919	0.4991	0.42	0.4804	0.49	1	0.7273	0.0952	-0.708003
0.4828	0.498	0.4922	0.4725	0.4729	0.4428	1.7097	0.0833	0.1667	-2.29783
0.461	0.4717	0.4997	0.3946	0.4049	0.48	0.66	0.4706	0.0169	-0.0417363
0.4379	0.4989	0.4993	0.3534	0.4851	0.49	0.8718	0.0816	0.0816	0.950332
0.4413	0.4602	0.4945	0.3854	0.4218	0.4685	1.1935	1.129	0.2174	0.190756
0.4647	0.4802	0.4929	0.4407	0.4622	0.4871	1.5714	1.1429	1.2143	-1.31283
0.4637	0.4474	0.4991	0.413	0.3372	0.4801	0.7879	0.5758	0.0488	-0.505991
0.4506	0.481	0.4983	0.41	0.4626	0.4841	1.3462	1.0769	0.122	-0.443204
0.4602	0.4602	0.4979	0.4023	0.4041	0.4803	0.7632	0.7895	0.125	-0.235108
0.4465	0.4604	0.4992	0.4002	0.4211	0.46	1.2903	1.0968	0.0208	-0.18852
0.4643	0.4938	0.4965	0.4376	0.4895	0.4648	1.4286	1.4643	0.1136	-1.21319
0.4543	0.48	0.4991	0.4016	0.4079	0.49	0.9677	0.3056	0.1	-0.219291
0.4718	0.4179	0.4882	0.4456	0.3077	0.4632	1.1429	0.9429	0.4878	-1.44287
0.4633	0.4536	0.4942	0.4151	0.3769	0.4416	0.8333	0.6944	0.1163	-0.569629
0.4857	0.4966	0.4993	0.4503	0.4896	0.49	0.4255	0.4894	0.0741	-1.46591
0.4619	0.4759	0.4979	0.4192	0.4294	0.4817	0.9762	0.5581	0.1346	-0.699564
0.4641	0.4995	0.4998	0.4251	0.49	0.49	1	0.0513	0.0256	-0.846727
0.4709	0.4989	0.4953	0.4235	0.4802	0.4473	0.6667	0.0625	0.1042	-0.788669
0.4522	0.4976	0.4978	0.3972	0.4763	0.4863	0.9722	0.1136	0.1905	-0.107794
0.4618	0.4985	0.4979	0.4214	0.4867	0.4851	1.027	0.125	0.1667	-0.753433
0.4821	0.4985	0.4974	0.4343	0.4705	0.4887	0.4	0.0556	0.3	-1.0359
0.4497	0.4917	0.4926	0.3972	0.4835	0.4445	1.0741	1.037	0.1622	-0.107079
0.4489	0.4357	0.4908	0.4171	0.3847	0.41	1.76	1.44	0.125	-0.643976
0.4512	0.4803	0.4967	0.4078	0.461	0.4547	1.2424	1.0606	0.0816	-0.388855
0.4698	0.4992	0.4992	0.421	0.49	0.4801	0.675	0.0851	0.0426	-0.717854
0.4874	0.4722	0.4984	0.4723	0.4237	0.4851	0.8621	0.6207	0.1212	-2.13989
0.468	0.473	0.4969	0.4118	0.4169	0.49	0.625	0.525	0.45	-0.473529
0.4499	0.4966	0.4989	0.404	0.4684	0.4851	1.2121	0.125	0.0833	-0.288691
0.4685	0.4917	0.4935	0.4358	0.4832	0.4595	1.0323	1	0.2	-1.1381
0.4672	0.4965	0.4977	0.4294	0.4159	0.4649	0.9355	0.0476	0.0714	-0.951781
0.466	0.4708	0.4997	0.3971	0.4196	0.49	0.5517	0.6207	0.0278	-0.0975472
0.4706	0.4842	0.4935	0.4351	0.463	0.4276	0.8857	0.7714	0.1064	-1.11525
0.48	0.4973	0.4987	0.4033	0.4788	0.4767	0.2889	0.1458	0.0625	-0.233286
0.3718	0.4348	0.4995	0.2504	0.383	0.49	1.48	1.44	0.0476	2.9774
0.4448	0.4976	0.4996	0.359	0.4764	0.49	0.7568	0.1136	0.0455	0.804843
0.4583	0.4989	0.4975	0.4035	0.49	0.478	0.8462	0.129	0.129	-0.257821
0.4473	0.4908	0.4991	0.3963	0.4807	0.49	1.1613	0.9355	0.1	-0.0850135
0.4142	0.4606	0.4993	0.3845	0.4426	0.49	3.3125	2.3125	0.0769	0.218539
0.4801	0.4815	0.4964	0.443	0.4326	0.29	0.5714	0.4048	0.0222	-1.29804
0.4566	0.4463	0.4983	0.3825	0.3625	0.4821	0.6667	0.75	0.1087	0.251415
0.4839	0.4994	0.4983	0.4562	0.485	0.4709	0.6098	0.0435	0.0652	-1.67523
0.462	0.4605	0.4979	0.4036	0.3909	0.4844	0.7222	0.6389	0.1556	-0.265654
0.4707	0.4848	0.4992	0.4136	0.4427	0.49	0.5641	0.3846	0.093	-0.510648
0.46	0.4873	0.4984	0.408	0.4651	0.488	0.8519	0.5926	0.1562	-0.372686
0.4781	0.4833	0.4961	0.4124	0.4264	0.4729	0.3659	0.3171	0.1702	-0.453949
0.4664	0.4955	0.4993	0.3881	0.4582	0.49	0.4857	0.125	0.075	0.112407
0.4702	0.4996	0.4973	0.4306	0.49	0.4742	0.8108	0.0408	0.1224	-0.986896
0.4613	0.4835	0.4958	0.4166	0.4623	0.4738	0.9459	0.8108	0.1961	-0.618847
0.489	0.4859	0.496	0.4528	0.4263	0.386	0.3191	0.2553	0.0408	-1.46616
0.4749	0.4994	0.5	0.4421	0.49	NA	0.8108	0.0667	0	-1.30552
0.4634	0.4974	0.4988	0.4287	0.4817	0.4801	1.1389	0.1667	0.0625	-0.963546
0.447	0.4579	0.4993	0.378	0.34	0.485	0.8824	0.4286	0.0465	0.365032
0.478	0.4817	0.4925	0.4496	0.4599	0.4414	0.8205	0.8718	0.1569	-1.53036
0.4823	0.4978	0.4989	0.4248	0.49	0.4851	0.3333	0.2889	0.0816	-0.75327
0.4791	0.499	0.4997	0.4373	0.4827	0.49	0.5345	0.0625	0.0312	-1.17674
0.4322	0.4912	0.4981	0.3363	0.4816	0.4886	0.8571	0.9286	0.2	1.28188
0.4726	0.4582	0.4998	0.4415	0.4106	0.49	0.9355	0.9677	0.025	-1.28557
0.4731	0.4651	0.4991	0.4217	0.3964	0.4834	0.5682	0.5682	0.06	-0.730679
0.4669	0.4994	0.4965	0.3964	0.49	0.4895	0.525	0.0638	0.5	-0.0843123
0.48	0.4493	0.4906	0.4592	0.3991	0.4077	1	1.1304	0.125	-1.74354
0.4568	0.4912	0.4946	0.3578	0.4735	0.4245	0.5128	0.5128	0.0833	0.797991
0.4754	0.4692	0.4926	0.4426	0.4273	0.4814	0.7949	0.7949	0.6667	-1.32474
0.4862	0.4939	0.4992	0.4609	0.4829	0.49	0.5714	0.5714	0.0857	-1.69962
0.4698	0.4777	0.4988	0.434	0.4508	0.485	0.9062	0.875	0.0909	-1.07708
0.4693	0.4989	0.4944	0.4375	0.4834	0.4697	1.0323	0.0698	0.2326	-1.18685
0.4765	0.4515	0.4915	0.4534	0.3823	0.4797	1.0667	0.8	0.7333	-1.64006
0.4521	0.4989	0.4995	0.3664	0.4801	0.49	0.6512	0.0577	0.0577	0.635745
0.4481	0.498	0.4986	0.3851	0.4757	0.4883	0.9375	0.0909	0.1364	0.193097
0.4656	0.496	0.4958	0.4272	0.4803	0.47	0.9697	0.2619	0.1667	-0.900986
0.4609	0.4967	0.4994	0.4357	0.4778	0.49	1.6667	0.1778	0.0667	-1.16943
0.4596	0.4124	0.4827	0.4261	0.3176	0.4667	1.3077	1.1538	1.1154	-0.874016
0.4509	0.4854	0.495	0.402	0.4712	0.49	1.1212	1.0606	1.0303	-0.234463
0.4655	0.4749	0.4981	0.3872	0.4288	0.4428	0.5	0.587	0.037	0.137395
0.4598	0.4973	0.4967	0.3929	0.4838	0.4629	0.6774	0.2051	0.1026	0.00120032
0.4677	0.4995	0.4979	0.4217	0.49	0.4804	0.7647	0.0488	0.122	-0.733559
0.4786	0.46	0.4935	0.4406	0.3808	0.4294	0.6	0.5778	0.1091	-1.24985
0.4559	0.457	0.4935	0.4005	0.4002	0.3315	0.8889	0.8444	0.0484	-0.196527
0.4693	0.4819	0.4813	0.4249	0.4486	0.258	0.75	0.575	0.1111	-0.831402
0.475	0.471	0.4973	0.419	0.4142	0.4773	0.4878	0.561	0.14	-0.64072
0.4627	0.495	0.4955	0.4266	0.4697	0.4649	1.12	0.2051	0.1538	-0.870905
0.4902	0.4691	0.4862	0.477	0.4265	0.4666	0.7576	0.7879	0.7273	-2.27894
0.4579	0.4951	0.4988	0.4182	0.4893	0.4851	1.1562	0.8438	0.0909	-0.665122
0.4793	0.4796	0.4932	0.4517	0.4455	0.4448	0.7895	0.6316	0.1489	-1.57949
0.4746	0.4943	0.4993	0.4073	0.473	0.47	0.4167	0.2778	0.0244	-0.333719
0.4786	0.4621	0.4991	0.4327	0.3799	0.4867	0.5	0.5263	0.0732	-0.987142
0.4595	0.4767	0.4981	0.39	0.4278	0.4563	0.6571	0.5143	0.0465	0.0707167
0.4528	0.4552	0.5	0.3788	0.3772	NA	0.7317	0.6585	0	0.347637
0.4594	0.4697	0.4955	0.4131	0.4362	0.4664	0.9667	0.9667	0.1622	-0.516638
0.4693	0.4985	0.4987	0.4145	0.4872	0.4657	0.6154	0.1373	0.0392	-0.541084
0.4551	0.498	0.4981	0.4019	0.4836	0.4557	0.9412	0.1395	0.0465	-0.228773
0.4742	0.4967	0.4983	0.4431	0.4829	0.488	0.8846	0.2414	0.1724	-1.29491
0.4758	0.4645	0.4984	0.4259	0.3578	0.4851	0.525	0.3902	0.1224	-0.824454
0.4626	0.4979	0.497	0.4075	0.4858	0.4769	0.75	0.1795	0.1538	-0.365989
0.4085	0.4927	0.4995	0.342	0.4878	0.49	1.6667	1.5	0.0541	1.22295
0.4719	0.4786	0.4995	0.427	0.4353	0.49	0.6765	0.5294	0.0541	-0.861972
0.4262	0.4528	0.499	0.3486	0.4067	0.49	1.1364	1.1364	0.1071	1.02435
0.4638	0.4991	0.4995	0.4245	0.4867	0.49	1	0.075	0.05	-0.825331
0.476	0.4885	0.496	0.4473	0.4722	0.4757	0.8846	0.7308	0.2	-1.40854
0.4711	0.4735	0.4978	0.4153	0.4205	0.4744	0.5682	0.5455	0.0943	-0.562821
0.4688	0.4969	0.4995	0.4208	0.465	0.49	0.7097	0.1	0.05	-0.696537
0.4782	0.4953	0.4955	0.4226	0.4732	0.4809	0.4259	0.2203	0.3148	-0.747935
0.4589	0.4955	0.4955	0.4195	0.4599	0.4424	1.1379	0.1333	0.0889	-0.694763
0.4519	0.4417	0.4987	0.4018	0.3689	0.4802	1.069	0.931	0.0732	-0.224786
0.4654	0.4619	0.4998	0.4243	0.4017	0.49	0.9118	0.7059	0.0238	-0.819255
0.4619	0.4973	0.4997	0.4204	0.4732	0.49	1	0.1143	0.0286	-0.700791
0.4546	0.4599	0.4824	0.4042	0.4091	0.4586	1	0.871	0.7742	-0.286684
0.4769	0.4744	0.4986	0.4504	0.4416	0.4861	0.9143	0.8286	0.1136	-1.55188
0.4564	0.4976	0.495	0.4082	0.482	0.4896	1	0.1538	0.9286	-0.385835
0.444	0.4998	0.4965	0.3799	0.49	0.4708	1	0.0233	0.1395	0.32193
0.4613	0.4934	0.4959	0.4203	0.4412	0.442	1.0323	0.1351	0.0811	-0.714215
0.477	0.4918	0.4865	0.4454	0.4795	0.4652	0.7714	0.6857	0.6571	-1.38407
0.4646	0.4985	0.4942	0.411	0.486	0.4085	0.7273	0.125	0.075	-0.450342
0.4739	0.4988	0.4967	0.4366	0.4883	0.466	0.75	0.1111	0.1111	-1.16263
0.4218	0.4993	0.4939	0.3708	0.485	0.49	1.7826	0.0513	1.5652	0.553893
0.4523	0.4944	0.4971	0.3914	0.4871	0.474	0.8857	0.7714	0.1277	0.0370197
0.4833	0.5	0.4981	0.4487	NA	0.4786	0.5116	0	0.1	-1.44093
0.4861	0.4701	0.4931	0.4717	0.4302	0.4851	1	0.8077	0.8846	-2.13426
0.465	0.4975	0.4998	0.4029	0.4588	0.49	0.625	0.0678	0.0169	-0.251535
0.4264	0.4892	0.4944	0.3799	0.4807	0.4525	1.8182	1.3043	0.1389	0.328024
0.4504	0.4705	0.4908	0.3729	0.4163	0.4781	0.7381	0.5952	0.7381	0.490802
0.4274	0.4514	0.4948	0.3767	0.4154	0.4541	1.6522	1.4783	0.1351	0.405473
0.4419	0.4855	0.4977	0.3946	0.4741	0.485	1.3846	1.3077	0.1818	-0.0421905
0.4649	0.4991	0.4992	0.4342	0.4875	0.4801	1.2258	0.0833	0.0417	-1.11002
0.4592	0.4415	0.4925	0.4115	0.3314	0.4779	0.9412	0.6471	0.5294	-0.477399
0.486	0.4991	0.4956	0.4791	0.49	0.4491	2.0952	0.1	0.1	-2.4754
0.4761	0.4593	0.4928	0.4472	0.4018	0.434	0.8788	0.7879	0.1316	-1.44706
0.4439	0.4998	0.4998	0.4042	0.49	0.49	1.5769	0.025	0.025	-0.294924
0.4637	0.4601	0.4773	0.4231	0.4107	0.3605	0.973	0.8919	0.2273	-0.797891
0.4712	0.4729	0.4981	0.4325	0.4351	0.4851	0.8	0.7667	0.15	-1.01327
0.4827	0.4839	0.4966	0.4508	0.4272	0.4273	0.5714	0.3061	0.0536	-1.54278
0.4635	0.4968	0.4962	0.4301	0.4782	0.4441	1.1765	0.1731	0.0769	-1.00068
0.4949	0.4789	0.4958	0.4812	0.4138	0.4808	0.3778	0.3556	0.2889	-2.28073
0.4676	0.4948	0.4988	0.4429	0.4757	0.4752	1.3929	0.2821	0.0513	-1.36343
0.4757	0.4933	0.4926	0.4572	0.4436	0.4864	1.375	0.1429	1.2188	-1.79944
0.4966	0.4675	0.4986	0.4892	0.4045	0.4834	0.4643	0.5714	0.0909	-2.39673
0.4481	0.4751	0.4988	0.3992	0.4409	0.49	1.1852	0.7778	0.1429	-0.158308
0.4465	0.4952	0.4991	0.3836	0.4718	0.48	0.9706	0.2093	0.0465	0.2325
0.4706	0.4996	0.4975	0.4284	0.49	0.4629	0.75	0.0377	0.0755	-0.926438
0.4406	0.4901	0.4992	0.3836	0.4805	0.49	1.1875	1.0625	0.0851	0.236428
0.4847	0.4976	0.4998	0.4627	0.4786	0.49	0.7241	0.1282	0.0256	-1.81954
0.4179	0.4403	0.4986	0.3677	0.4037	0.4851	1.9091	1.8182	0.1053	0.629081
0.4787	0.4988	0.4966	0.4419	0.4802	0.4597	0.6154	0.0635	0.0952	-1.30816
0.447	0.494	0.4996	0.4165	0.49	0.49	1.9091	1.5	0.0465	-0.625795
0.4758	0.4989	0.4982	0.4325	0.488	0.4757	0.6	0.102	0.0816	-1.01302
0.4509	0.4863	0.4813	0.4109	0.4756	0.4671	1.3548	1.3226	1.3548	-0.47416
0.4498	0.4728	0.4921	0.4233	0.4567	0.4623	2.0588	1.7647	0.2759	-0.800305
0.4584	0.4414	0.495	0.3936	0.3519	0.3513	0.7222	0.7778	0.0408	-0.0155581
0.4642	0.4972	0.4876	0.4354	0.461	0.4715	1.3333	0.08	0.7941	-1.1591
0.4801	0.4893	0.497	0.4514	0.4726	0.4566	0.7317	0.6585	0.0784	-1.57143
0.4801	0.4621	0.4946	0.4395	0.3926	0.4366	0.5227	0.6136	0.1	-1.19576
0.4734	0.4987	0.4987	0.4368	0.4834	0.4834	0.7778	0.0882	0.0882	-1.10959
0.4227	0.5	0.4948	0.3507	NA	0.4622	1.28	0	0.1667	1.00505
0.4773	0.494	0.4972	0.4547	0.4858	0.4437	1.0476	0.7381	0.0545	-1.72348
0.4776	0.4969	0.4962	0.4533	0.4813	0.4708	0.9688	0.2051	0.1538	-1.63155
0.4817	0.4759	0.4958	0.4509	0.4348	0.4612	0.6271	0.6271	0.1268	-1.58918
0.4372	0.44	0.4898	0.3861	0.375	0.4806	1.4	1.0667	1.1333	0.175426
0.4524	0.4982	0.4978	0.4125	0.4776	0.4768	1.3103	0.087	0.1087	-0.511941
0.4371	0.4958	0.4975	0.3853	0.4696	0.4821	1.381	0.1667	0.1667	0.188665
0.447	0.4784	0.4995	0.3883	0.4532	0.49	1.025	0.9	0.0492	0.118422
0.4651	0.4823	0.4998	0.4215	0.4583	0.49	0.8718	0.7692	0.0196	-0.750548
0.4814	0.4988	0.4973	0.4502	0.4705	0.4744	0.6296	0.0455	0.1212	-1.55626
0.4775	0.4929	0.4945	0.4425	0.4192	0.4237	0.6842	0.1042	0.0833	-1.29688
0.4593	0.4975	0.4951	0.4215	0.483	0.4426	1.1724	0.175	0.1	-0.750074
0.4748	0.4851	0.4927	0.4429	0.4624	0.4829	0.8421	0.6842	0.7632	-1.33878
0.4795	0.4972	0.5	0.4397	0.4644	NA	0.5476	0.087	0	-1.20167
0.4418	0.4957	0.4942	0.4035	0.4875	0.49	1.6923	0.5263	1.3846	-0.276883
0.4707	0.4426	0.4932	0.4236	0.3476	0.4825	0.6744	0.7209	0.6512	-0.793796
0.4602	0.4547	0.4995	0.4196	0.3823	0.49	1.0714	0.7143	0.0571	-0.689591
0.4715	0.4528	0.4848	0.442	0.3852	0.4634	1.0294	0.7941	0.7353	-1.32437
0.4602	0.4939	0.4915	0.4097	0.398	0.4757	0.871	0.0714	0.5484	-0.422497
0.4634	0.438	0.4952	0.4236	0.3521	0.4896	1	0.8571	0.8571	-0.791038
0.4711	0.4661	0.4938	0.4039	0.3694	0.4442	0.4762	0.4048	0.1333	-0.264311
0.4671	0.4865	0.4995	0.4021	0.457	0.49	0.5625	0.4792	0.0545	-0.229205
0.4842	0.4595	0.4987	0.4553	0.3551	0.488	0.5714	0.4571	0.1282	-1.60082
0.4919	0.4933	0.4953	0.4719	0.4732	0.4723	0.4138	0.3448	0.2121	-1.89592
0.4638	0.4754	0.4966	0.402	0.4334	0.4631	0.6522	0.6304	0.1071	-0.229579
0.4644	0.4894	0.4946	0.3879	0.4686	0.4581	0.5278	0.5278	0.1538	0.117458
0.453	0.4974	0.4937	0.4073	0.4816	0.4595	1.1379	0.1667	0.1905	-0.369126
0.4767	0.4704	0.4882	0.4391	0.377	0.4582	0.6591	0.3636	0.4091	-1.2168
0.4773	0.4455	0.4986	0.4473	0.33	0.4801	0.8	0.575	0.0755	-1.4627
0.4715	0.4983	0.499	0.4295	0.4863	0.49	0.7333	0.1429	0.1071	-0.966566
0.4733	0.4615	0.4987	0.4281	0.3641	0.485	0.6389	0.4595	0.093	-0.891487
0.4727	0.4868	0.499	0.4151	0.4442	0.4801	0.52	0.3269	0.0517	-0.560684
0.486	0.4956	0.4957	0.4635	0.3847	0.4548	0.6486	0.0444	0.1111	-1.87519
0.4671	0.4992	0.4964	0.4013	0.4802	0.4864	0.5556	0.0411	0.3651	-0.214398
0.4736	0.4932	0.4959	0.4278	0.4557	0.4585	0.6222	0.1887	0.1132	-0.905311
0.4769	0.4952	0.4951	0.4371	0.408	0.4633	0.619	0.06	0.16	-1.14749
0.4652	0.4647	0.4995	0.4277	0.4219	0.48	1	0.8966	0.0238	-0.904222
0.4702	0.4718	0.499	0.4434	0.4326	0.49	1.1818	0.7727	0.1154	-1.32278
0.4604	0.4818	0.4948	0.4247	0.464	0.43	1.2059	1.0588	0.087	-0.851484
0.4312	0.45	0.4954	0.3653	0.4022	0.4412	1.2222	1.1667	0.0909	0.68961
0.4258	0.489	0.499	0.3492	0.4793	0.49	1.1562	1.1562	0.1064	1.05295
0.4697	0.4977	0.4918	0.4328	0.4728	0.4788	0.881	0.0943	0.6429	-1.06946
0.4605	0.4687	0.494	0.4098	0.4295	0.4186	0.8611	0.8611	0.087	-0.43252
0.4748	0.4867	0.4995	0.4256	0.4532	0.48	0.5556	0.4167	0.0238	-0.810755
0.4581	0.4951	0.4936	0.4173	0.4603	0.4557	1.125	0.1471	0.1765	-0.620451
0.4652	0.4991	0.4953	0.4038	0.4867	0.4616	0.6286	0.0732	0.1463	-0.264794
0.4768	0.4774	0.4988	0.4361	0.4313	0.49	0.6111	0.5278	0.1395	-1.09676
0.4806	0.4578	0.4964	0.4549	0.3932	0.4526	0.7941	0.7353	0.087	-1.65321
0.4808	0.4711	0.4962	0.4478	0.42	0.49	0.6154	0.6154	0.6154	-1.35045
0.4326	0.4652	0.4958	0.3895	0.4419	0.4576	1.7778	1.5926	0.1136	0.0878944
0.4298	0.4777	0.4933	0.3661	0.4578	0.4867	1.2857	1.1786	1.0357	0.660611
0.4552	0.4676	0.4965	0.3842	0.4143	0.49	0.7179	0.6667	0.5385	0.214524
0.4723	0.496	0.4981	0.4294	0.436	0.4705	0.6944	0.0714	0.0714	-0.934704
0.4654	0.4881	0.4984	0.4174	0.4688	0.4844	0.7872	0.6383	0.1186	-0.642834
0.4523	0.4659	0.4958	0.4037	0.4237	0.49	1.0909	0.8788	0.7273	-0.277627
0.4611	0.4998	0.499	0.4291	0.49	0.4834	1.3125	0.0227	0.0682	-0.976407
0.4838	0.4736	0.4982	0.4521	0.3909	0.4705	0.5385	0.359	0.0682	-1.52409
0.4673	0.4375	0.4979	0.4234	0.3287	0.4766	0.8108	0.7027	0.102	-0.79237
0.4657	0.4722	0.4991	0.4096	0.4277	0.4875	0.675	0.675	0.0833	-0.421332
0.4422	0.4924	0.4972	0.3688	0.4363	0.4258	0.9143	0.1458	0.0417	0.589073
0.4416	0.4888	0.4962	0.3902	0.4789	0.4771	1.2857	1.1429	0.2051	0.0689154
0.442	0.441	0.4911	0.3671	0.3643	0.48	0.9	0.9	0.825	0.63632
0.4417	0.4767	0.4956	0.3725	0.4457	0.4889	0.9744	0.7949	0.6667	0.509092
0.4664	0.4988	0.4988	0.4148	0.4802	0.4841	0.7143	0.0678	0.0847	-0.570852
0.4895	0.4798	0.499	0.4542	0.4158	0.477	0.3115	0.3443	0.0462	-1.55953
0.4556	0.4427	0.4849	0.4195	0.3889	0.472	1.3448	1.2069	1.2069	-0.703131
0.4706	0.4859	0.4959	0.4088	0.4547	0.4273	0.525	0.475	0.0652	-0.387018
0.4646	0.4967	0.4951	0.4274	0.4431	0.4561	1.0286	0.0652	0.1304	-0.917183
0.4441	0.4655	0.499	0.3704	0.4201	0.4704	0.878	0.8293	0.0364	0.556702
0.4591	0.4807	0.4934	0.4142	0.4522	0.4832	1	0.7143	0.6585	-0.560983
0.4577	0.4933	0.4967	0.4125	0.4521	0.4613	1.0323	0.1707	0.0976	-0.505825
0.4454	0.4989	0.4992	0.4031	0.4851	0.49	1.4375	0.0833	0.0833	-0.267819
0.4586	0.4997	0.4985	0.4055	0.49	0.4821	0.8667	0.0364	0.0909	-0.32816
0.4838	0.4835	0.4982	0.4604	0.4411	0.4827	0.7241	0.4138	0.1212	-1.75551
0.468	0.4521	0.4987	0.4086	0.3574	0.4826	0.5952	0.5952	0.08	-0.391595
0.4865	0.4784	0.4994	0.4611	0.4468	0.49	0.5556	0.7222	0.0698	-1.76328
0.4929	0.4894	0.4993	0.4755	0.4371	0.49	0.4167	0.2162	0.0789	-2.07619
0.4675	0.4913	0.499	0.4336	0.481	0.49	1.0278	0.8611	0.1136	-1.09034
0.4797	0.4848	0.4992	0.4248	0.4512	0.4867	0.4	0.475	0.0682	-0.762226
0.4401	0.4442	0.4963	0.3989	0.3987	0.4571	1.625	1.375	0.0976	-0.153469
0.4801	0.4495	0.4986	0.4561	0.3777	0.485	0.871	0.8065	0.1053	-1.68711
0.4569	0.473	0.4989	0.411	0.4433	0.4867	1.037	0.963	0.0909	-0.460062
0.4808	0.4916	0.4997	0.4251	0.4635	0.48	0.3729	0.3115	0.0139	-0.808378
0.4836	0.4876	0.4853	0.4497	0.4378	0.4382	0.5111	0.2667	0.3333	-1.4767
0.4715	0.4906	0.4992	0.3973	0.4624	0.4834	0.4286	0.3469	0.0526	-0.104202
0.4751	0.4476	0.4953	0.4458	0.3623	0.4894	0.8974	0.7179	0.7949	-1.43273
0.4705	0.4545	0.4951	0.4351	0.3908	0.4894	0.8919	0.8056	0.8611	-1.12164
0.4687	0.4881	0.4948	0.4282	0.4734	0.4592	0.8333	0.8333	0.1538	-0.90415
0.4803	0.4967	0.4988	0.4563	0.4788	0.4752	0.8571	0.1892	0.0541	-1.67018
0.4473	0.4797	0.499	0.3938	0.46	0.4867	1.1111	1.0741	0.0857	-0.021688
0.4715	0.4983	0.4959	0.4365	0.483	0.3511	0.8723	0.1167	0.0333	-1.18224
0.4756	0.4757	0.4993	0.4126	0.4093	0.49	0.4255	0.4043	0.0755	-0.479921
0.468	0.4982	0.4964	0.4106	0.4751	0.4783	0.6136	0.0816	0.2041	-0.44778
0.4827	0.4933	0.4984	0.4716	0.4887	0.4752	1.6	1.5	0.0714	-2.17895
0.4439	0.4598	0.4924	0.4217	0.4436	0.4896	2.75	2.625	2.75	-0.770981
0.4565	0.4458	0.4708	0.4002	0.3549	0.4274	0.8636	0.7045	0.7273	-0.186783
0.48	0.4705	0.4882	0.4458	0.3744	0.4245	0.6176	0.3529	0.2	-1.35103
0.4738	0.4992	0.4997	0.4403	0.49	0.49	0.8333	0.0833	0.0278	-1.23051
0.4809	0.493	0.4975	0.422	0.4764	0.49	0.3529	0.4314	0.3333	-0.707079
0.4524	0.4972	0.4976	0.4304	0.4787	0.4649	2.3333	0.1538	0.0769	-1.01359
0.4824	0.4899	0.4993	0.4628	0.4772	0.49	0.9375	0.8125	0.0714	-1.90278
0.4729	0.4959	0.4987	0.4403	0.4896	0.4851	0.8857	0.6571	0.0952	-1.25913
0.4527	0.4991	0.4982	0.4015	0.49	0.4818	1.0294	0.0943	0.1132	-0.221135
0.4669	0.4709	0.4985	0.3924	0.3938	0.4867	0.5	0.425	0.1333	0.0127716
0.4508	0.4796	0.4984	0.3878	0.4435	0.4801	0.8857	0.6	0.0889	0.127653
0.4542	0.499	0.4983	0.4113	0.4867	0.4768	1.1786	0.0789	0.0789	-0.475141
0.4768	0.495	0.4995	0.4566	0.4512	0.48	1.2059	0.119	0.0238	-1.77219
0.4748	0.4616	0.4973	0.4481	0.4023	0.4709	1	0.72	0.1034	-1.44788
0.4628	0.4943	0.4965	0.3984	0.4849	0.4452	0.6471	0.6176	0.0714	-0.133848
0.4442	0.4998	0.4986	0.3888	0.49	0.47	1.1429	0.025	0.05	0.104331
0.4742	0.499	0.4967	0.4461	0.4834	0.4659	0.9688	0.0667	0.1111	-1.4232
0.4531	0.4294	0.4966	0.413	0.3329	0.4177	1.2857	0.8929	0.0476	-0.524579
0.4708	0.4966	0.4985	0.4136	0.4616	0.4739	0.561	0.102	0.0612	-0.513421
0.45	0.4942	0.4956	0.3902	0.4869	0.4402	0.9459	0.8108	0.0851	0.0684032
0.472	0.4978	0.4969	0.3907	0.4889	0.4545	0.3889	0.25	0.0769	0.0500147
0.4759	0.4932	0.4945	0.4485	0.4439	0.4756	0.9259	0.1471	0.2941	-1.45798
0.4631	0.4927	0.4834	0.4088	0.4845	0.4629	0.75	0.9062	0.8438	-0.393855
0.4646	0.463	0.4949	0.4194	0.4029	0.4588	0.8571	0.6857	0.1463	-0.684924
0.4649	0.4425	0.4955	0.4238	0.3602	0.49	0.9286	0.8214	0.8214	-0.789336
0.4143	0.3747	0.4944	0.3389	0.2333	0.49	1.3793	1.2759	1.2759	1.29264
0.4861	0.4898	0.499	0.4381	0.4326	0.4704	0.3077	0.1923	0.0377	-1.09768
0.476	0.4982	0.4989	0.4165	0.4867	0.4875	0.4412	0.1538	0.1026	-0.552565
0.4417	0.4557	0.4987	0.3809	0.3969	0.4851	1.0968	0.8438	0.1	0.299639
0.4145	0.4724	0.4986	0.3436	0.4542	0.488	1.4545	1.5909	0.1389	1.1628
0.4637	0.4898	0.4993	0.4229	0.4783	0.49	0.9655	0.8966	0.0789	-0.771861
0.4648	0.4756	0.4955	0.4076	0.4311	0.4883	0.6818	0.5909	0.6364	-0.373618
0.4571	0.4447	0.4993	0.394	0.3471	0.485	0.7647	0.6765	0.0465	-0.0262799
0.4798	0.4841	0.4818	0.4274	0.4278	0.4099	0.4167	0.3056	0.2778	-0.818885
0.4562	0.4992	0.4976	0.4145	0.49	0.4835	1.1538	0.0857	0.1714	-0.553401
0.4653	0.4448	0.4949	0.433	0.369	0.4528	1.1538	0.8462	0.1282	-1.05435
0.4387	0.4987	0.4942	0.3809	0.488	0.4891	1.2143	0.1282	1.1429	0.299544
0.4575	0.4684	0.4998	0.3876	0.4215	0.49	0.6889	0.7333	0.0179	0.133626
0.4392	0.4623	0.4896	0.3841	0.4227	0.4173	1.2593	1.037	0.1562	0.221559
0.4686	0.4628	0.4917	0.4325	0.4193	0.4835	0.9355	0.9355	1.0323	-1.03487
0.4689	0.4849	0.5	0.4223	0.454	NA	0.7255	0.5098	0	-0.776384
0.4679	0.4838	0.495	0.4368	0.4664	0.4794	1.1	0.9667	0.3235	-1.16837
0.4876	0.4585	0.496	0.4735	0.4006	0.4424	0.9	0.8	0.0784	-2.26017
0.4532	0.4992	0.4969	0.4174	0.4867	0.4486	1.4286	0.0667	0.0667	-0.648033
0.4728	0.4929	0.498	0.437	0.4813	0.4863	0.8108	0.6216	0.1702	-1.16413
0.4833	0.4971	0.4983	0.4165	0.4685	0.4851	0.2727	0.1064	0.1277	-0.530513
0.4249	0.4379	0.4891	0.3478	0.3716	0.4366	1.1667	1.0833	0.2222	1.05584
0.4717	0.4994	0.4966	0.4037	0.49	0.4639	0.4615	0.0652	0.1087	-0.25684
0.4912	0.4867	0.4732	0.4745	0.4446	0.3817	0.5385	0.3333	0.3333	-2.15593
0.4633	0.4934	0.4967	0.4158	0.4847	0.4347	0.8462	0.7692	0.0566	-0.593616
0.4739	0.4964	0.4925	0.4398	0.4722	0.3114	0.8182	0.1538	0.0513	-1.22829
0.4773	0.495	0.4905	0.4521	0.4545	0.4106	0.9444	0.1304	0.1304	-1.60961
0.462	0.4948	0.4978	0.4143	0.4273	0.4778	0.875	0.0833	0.1111	-0.545682
0.4599	0.4782	0.4923	0.4061	0.4442	0.4685	0.825	0.6829	0.3333	-0.339239
0.4728	0.4815	0.4978	0.4082	0.4432	0.4706	0.4651	0.5116	0.0833	-0.369391
0.483	0.4972	0.4968	0.4559	0.4782	0.4785	0.6552	0.1515	0.1818	-1.60636
0.463	0.4945	0.4963	0.4045	0.4873	0.4715	0.7027	0.7838	0.1556	-0.288543
0.4126	0.493	0.4994	0.3448	0.4879	0.485	1.5517	1.4138	0.0444	1.17094
0.4837	0.4975	0.497	0.4501	0.34	0.4645	0.5106	0.0189	0.0943	-1.49606
0.4893	0.4984	0.4944	0.4744	0.4821	0.417	0.7381	0.098	0.0784	-2.25599
0.4559	0.4968	0.4978	0.3831	0.49	0.4776	0.6889	0.4667	0.1132	0.244445
0.4631	0.4741	0.4992	0.3832	0.4102	0.4867	0.5263	0.4474	0.0682	0.227776
0.4468	0.4923	0.498	0.3886	0.4841	0.4705	1.0345	0.9655	0.0732	0.107607
0.4856	0.4966	0.4992	0.4436	0.474	0.488	0.3651	0.1571	0.0714	-1.30926
0.4557	0.4559	0.4861	0.4189	0.3987	0.4043	1.3182	0.8636	0.1875	-0.669157
0.4864	0.4677	0.4979	0.4613	0.4077	0.4804	0.5625	0.5938	0.122	-1.7419
0.4871	0.462	0.4977	0.465	0.3837	0.4829	0.6053	0.5526	0.1556	-1.90695
0.4533	0.4988	0.499	0.3815	0.4834	0.4867	0.7419	0.0789	0.0789	0.273703
0.4638	0.4882	0.4899	0.4216	0.4587	0.4293	0.9355	0.4167	0.1795	-0.740005
0.4751	0.4793	0.4911	0.4473	0.451	0.4804	0.9487	0.7692	0.8462	-1.48222
0.4558	0.4982	0.4973	0.4032	0.4872	0.4845	0.9355	0.1707	0.2195	-0.260254
0.4577	0.4972	0.4992	0.4156	0.4851	0.485	1.1034	0.2353	0.0588	-0.5878
0.4592	0.4616	0.4989	0.3911	0.3892	0.4704	0.675	0.6	0.0408	0.0452965
0.4852	0.4988	0.4978	0.4605	0.4768	0.4873	0.625	0.0536	0.2157	-1.83416
0.4859	0.498	0.4992	0.4344	0.4878	0.49	0.2927	0.1957	0.087	-0.952703
0.4651	0.4632	0.4984	0.4123	0.393	0.4872	0.7273	0.5909	0.1429	-0.498418
0.481	0.4987	0.4991	0.4569	0.4802	0.488	0.8222	0.069	0.0862	-1.76537
0.4717	0.4816	0.496	0.4231	0.4484	0.4632	0.6341	0.5854	0.1277	-0.772109
0.4342	0.4729	0.4876	0.3835	0.4532	0.4787	1.4828	1.4483	1.4138	0.240687
0.4595	0.4905	0.4913	0.4196	0.4812	0.4197	1.1071	1.0357	0.1316	-0.692678
0.4732	0.4937	0.4995	0.4342	0.4813	0.49	0.7391	0.5217	0.0536	-1.10077
0.4366	0.4975	0.4975	0.3718	0.4609	0.4762	1.1333	0.0714	0.119	0.520706
0.4635	0.4946	0.4959	0.4209	0.4541	0.4572	0.931	0.1389	0.1111	-0.715757
0.4541	0.4954	0.4907	0.4029	0.468	0.4337	1	0.175	0.175	-0.253726
0.4847	0.4959	0.4979	0.4423	0.4349	0.4826	0.383	0.0714	0.1429	-1.22871
0.4887	0.4996	0.4986	0.4651	0.49	0.42	0.5	0.0392	0.0196	-1.87593
0.4458	0.4429	0.4946	0.3756	0.3772	0.4816	0.8889	1	0.4194	0.412733
0.4577	0.4978	0.4992	0.4188	0.4851	0.49	1.1852	0.1714	0.0857	-0.671476
0.4429	0.4853	0.4992	0.3951	0.4708	0.49	1.3462	1.0385	0.0882	-0.0561067
0.4833	0.4956	0.4996	0.4661	0.49	0.49	1	0.7812	0.0465	-2.0132
0.4648	0.4917	0.4963	0.4168	0.4798	0.4553	0.8	0.7143	0.0952	-0.609531
0.4572	0.4953	0.4976	0.4343	0.4467	0.482	2	0.1026	0.1538	-1.1332
0.4778	0.4973	0.4974	0.4182	0.4895	0.4737	0.4074	0.3519	0.1111	-0.628345
0.481	0.4965	0.4982	0.462	0.4816	0.4801	1.0435	0.2414	0.1034	-1.83137
0.4628	0.4975	0.4984	0.3931	0.4858	0.488	0.6	0.2121	0.1515	-0.00306204
0.4403	0.4876	0.4985	0.3711	0.4683	0.4826	1	0.6667	0.0952	0.535649
0.4469	0.4984	0.4993	0.3731	0.4834	0.49	0.8293	0.1111	0.0741	0.48991
0.4805	0.4984	0.4972	0.4315	0.4823	0.4742	0.4286	0.1042	0.125	-0.947273
0.4462	0.4967	0.4937	0.3593	0.461	0.4479	0.7273	0.0976	0.1463	0.785521
0.4662	0.4248	0.4971	0.4403	0.3661	0.468	1.3929	1.5	0.1042	-1.287
0.4706	0.4689	0.4991	0.4244	0.4221	0.49	0.6897	0.7241	0.1053	-0.77805
0.482	0.4873	0.4953	0.456	0.4671	0.4425	0.725	0.65	0.0943	-1.69765
0.4807	0.4935	0.4998	0.4659	0.488	0.49	1.3571	1.1786	0.0256	-2.03994
0.4729	0.4683	0.4915	0.4507	0.4357	0.4832	1.2917	1.0417	1.0417	-1.55688
0.4802	0.4962	0.499	0.4504	0.4641	0.4802	0.6977	0.1228	0.0526	-1.54237
0.4399	0.4989	0.4646	0.3569	0.4802	0.4148	0.8537	0.0577	0.7805	0.872964
0.4715	0.4752	0.4981	0.4171	0.4117	0.4453	0.5714	0.4286	0.0377	-0.606748
0.4649	0.4913	0.4952	0.4173	0.285	0.4583	0.8065	0.0541	0.1351	-0.61445
0.4488	0.4622	0.4998	0.3983	0.4237	0.49	1.1333	1.0667	0.0227	-0.136241
0.4703	0.4981	0.4988	0.4212	0.4802	0.488	0.6571	0.1087	0.1087	-0.710906
0.4472	0.4984	0.4958	0.3503	0.4652	0.4519	0.6471	0.05	0.1	0.972146
0.4814	0.4755	0.4991	0.463	0.4485	0.485	1.0455	0.9545	0.0645	-1.84953
0.4501	0.4805	0.4987	0.3956	0.4531	0.486	1.0278	0.75	0.1064	-0.0694119
0.4245	0.4866	0.4986	0.3679	0.4785	0.4875	1.5556	1.6667	0.129	0.602354
0.484	0.4816	0.4954	0.44	0.4342	0.4786	0.3889	0.4167	0.2778	-1.1225
0.4684	0.497	0.4953	0.4267	0.4751	0.4553	0.8205	0.1429	0.1224	-0.885672
0.4677	0.497	0.4996	0.4342	0.4696	0.48	1.0323	0.1136	0.0227	-1.09216
0.4602	0.4845	0.4989	0.3902	0.4557	0.488	0.641	0.5641	0.1	0.0674599
0.4485	0.4711	0.4967	0.353	0.422	0.4666	0.6383	0.6383	0.1132	0.948399
0.4174	0.4404	0.4995	0.3269	0.3744	0.49	1.125	1.0417	0.0541	1.49552
0.4598	0.4915	0.4856	0.3864	0.4545	0.4592	0.6216	0.2391	0.5676	0.155909
0.4284	0.4686	0.4952	0.3533	0.436	0.4656	1.1333	1.0333	0.1667	0.952416
0.4733	0.4963	0.4981	0.4273	0.3922	0.4786	0.6279	0.04	0.1	-0.886796
0.4711	0.4961	0.4922	0.4215	0.4541	0.4199	0.6341	0.098	0.1176	-0.727897
0.4645	0.4572	0.4939	0.4366	0.395	0.4572	1.3636	0.7727	0.1724	-1.15183
0.4297	0.4705	0.4988	0.3683	0.447	0.4875	1.3333	1.3333	0.1081	0.601384
0.4607	0.437	0.4953	0.4145	0.3506	0.49	0.9333	0.8667	0.9	-0.551436
0.48	0.4935	0.4975	0.4429	0.4752	0.4693	0.5714	0.3673	0.0909	-1.32022
0.4794	0.4698	0.4964	0.4402	0.3923	0.441	0.561	0.439	0.0682	-1.21643
0.4465	0.4984	0.4978	0.4065	0.4802	0.4784	1.4839	0.0909	0.1136	-0.359108
0.4399	0.4525	0.4983	0.3929	0.4015	0.4739	1.4444	1.037	0.0714	0.0019052
0.4807	0.4958	0.493	0.455	0.4446	0.4592	0.7895	0.087	0.2174	-1.6758
0.4736	0.4827	0.4962	0.3709	0.4299	0.4814	0.2963	0.3519	0.2593	0.493421
0.4638	0.4955	0.4958	0.4352	0.4457	0.4657	1.3571	0.0952	0.1429	-1.13794
0.4506	0.4618	0.4937	0.3867	0.4202	0.4588	0.8788	1	0.1875	0.154772
0.4814	0.4955	0.4966	0.4548	0.4864	0.429	0.7292	0.5	0.0536	-1.6931
0.4565	0.4991	0.4982	0.4243	0.49	0.4841	1.4643	0.1053	0.1316	-0.838943
0.4693	0.4628	0.4969	0.4076	0.396	0.4894	0.55	0.625	0.425	-0.360458
0.462	0.4933	0.4924	0.4217	0.4662	0.458	1.0286	0.2564	0.2308	-0.758756
0.4717	0.4998	0.4989	0.4415	0.49	0.4875	1	0.0256	0.1026	-1.28141
0.4445	0.4964	0.4938	0.3964	0.4804	0.4689	1.2963	0.2286	0.2571	-0.0887802
0.4589	0.4994	0.4987	0.4053	0.47	0.4827	0.85	0.02	0.08	-0.319406
0.4683	0.4758	0.4982	0.4342	0.4456	0.4823	1	0.8485	0.1163	-1.09731
0.483	0.4971	0.4957	0.4603	0.478	0.4855	0.7826	0.1538	0.4231	-1.71308
0.4654	0.4983	0.4993	0.3806	0.4863	0.49	0.4667	0.1481	0.0741	0.289824
0.4456	0.4772	0.4993	0.3549	0.442	0.4704	0.7091	0.6909	0.0263	0.927459
0.4817	0.499	0.4997	0.4489	0.4851	0.49	0.587	0.0727	0.0364	-1.48101
0.49	0.4929	0.4886	0.4668	0.4721	0.4594	0.4444	0.3519	0.4074	-1.97019
0.44	0.497	0.4978	0.3726	0.4583	0.4605	1.0286	0.0816	0.0612	0.504972
0.4912	0.4964	0.4997	0.4827	0.4745	0.49	1.0385	0.1667	0.0278	-2.47159
0.4489	0.4214	0.4987	0.4246	0.3796	0.4883	2.28	2.16	0.1224	-0.868055
0.4385	0.4382	0.4959	0.388	0.3833	0.4736	1.381	1.2857	0.1875	0.121753
0.4742	0.4995	0.4989	0.4302	0.49	0.4875	0.6316	0.0476	0.0952	-0.950712
0.4832	0.4849	0.4953	0.4373	0.4207	0.4625	0.3922	0.2549	0.1481	-1.11509
0.4757	0.4682	0.4805	0.4514	0.4249	0.4578	1.0513	0.7949	0.8974	-1.61731
0.4864	0.4989	0.4936	0.4251	0.488	0.4685	0.2391	0.1	0.2609	-0.718145
0.4786	0.4977	0.4981	0.4385	0.4826	0.488	0.5714	0.1538	0.1923	-1.17666
0.4805	0.4987	0.4989	0.456	0.486	0.488	0.8333	0.1042	0.1042	-1.70444
0.4636	0.4469	0.4988	0.4263	0.378	0.49	1.0571	0.8857	0.1395	-0.88712
0.4635	0.4765	0.498	0.4067	0.4427	0.4668	0.7105	0.7368	0.0652	-0.347697
0.484	0.483	0.4975	0.4028	0.4243	0.4804	0.2188	0.3125	0.1471	-0.192843
0.4762	0.4966	0.4948	0.4466	0.4717	0.4569	0.8519	0.1429	0.1429	-1.3911
0.4456	0.4956	0.4951	0.388	0.49	0.4671	1.069	0.7931	0.1795	0.123636
0.4608	0.497	0.4974	0.4086	0.4648	0.4509	0.8293	0.098	0.0588	-0.404971
0.4703	0.4848	0.4948	0.4153	0.4338	0.4496	0.5909	0.3182	0.1224	-0.566226
0.4761	0.4956	0.498	0.4102	0.4526	0.34	0.4	0.1077	0.0154	-0.426837
0.4632	0.4491	0.495	0.415	0.385	0.4713	0.8387	0.9032	0.2162	-0.558998
0.4697	0.4852	0.4989	0.4221	0.4543	0.4851	0.6905	0.5	0.0833	-0.752578
0.4464	0.4968	0.4973	0.3916	0.4701	0.4584	1.1034	0.122	0.0732	0.0343674
0.4648	0.4774	0.4968	0.4132	0.44	0.4828	0.75	0.6429	0.2286	-0.498809
0.4701	0.4714	0.4933	0.4154	0.3998	0.4727	0.6	0.4444	0.3333	-0.571749
0.481	0.4834	0.4982	0.4405	0.4409	0.4735	0.5	0.4167	0.0755	-1.2303
0.436	0.4768	0.4997	0.3984	0.462	0.49	1.9091	1.6364	0.027	-0.142609
0.4704	0.4961	0.4897	0.4352	0.4718	0.476	0.9	0.1667	0.7667	-1.10258
0.4545	0.4961	0.4974	0.3886	0.4749	0.4815	0.7812	0.1905	0.1667	0.106245
0.4701	0.4946	0.4996	0.4206	0.4536	0.49	0.6579	0.1395	0.0465	-0.700998
0.4226	0.4958	0.4993	0.3578	0.4321	0.49	1.4138	0.0714	0.0714	0.862844
0.4913	0.4877	0.4972	0.4735	0.4547	0.36	0.5	0.3889	0.0238	-2.08215
0.4736	0.4983	0.4949	0.4109	0.4709	0.4824	0.4634	0.0625	0.4146	-0.433102
0.468	0.4977	0.4996	0.3999	0.4607	0.49	0.5238	0.0638	0.0426	-0.169129
0.4565	0.4981	0.4985	0.375	0.4706	0.4777	0.6136	0.0714	0.0714	0.432115
0.4534	0.4993	0.4945	0.4054	0.4867	0.4893	1.0789	0.0566	1.0526	-0.324956
0.4791	0.4934	0.4996	0.4268	0.4685	0.49	0.4318	0.2727	0.0435	-0.835738
0.4753	0.4481	0.4946	0.4405	0.3342	0.4523	0.7586	0.5517	0.1351	-1.21725
0.4305	0.4968	0.4975	0.3772	0.34	0.4803	1.5	0.0244	0.1463	0.398543
0.3945	0.452	0.4952	0.2776	0.4093	0.3956	1.2	1.24	0.0541	2.46134
0.4668	0.4424	0.4941	0.423	0.3569	0.4411	0.8235	0.7941	0.119	-0.775019
0.4718	0.493	0.4984	0.4322	0.4795	0.4867	0.7632	0.5263	0.1395	-1.02624
0.4769	0.4509	0.496	0.4451	0.3747	0.4895	0.7714	0.7429	0.6286	-1.37416
0.4647	0.4949	0.4981	0.4335	0.4485	0.4473	1.2121	0.1154	0.0385	-1.09554
0.4802	0.4954	0.4998	0.4602	0.4692	0.49	1.0312	0.1795	0.0256	-1.84282
0.4878	0.4283	0.4916	0.4726	0.3024	0.4809	0.8276	0.7241	0.7931	-2.13901
0.4821	0.4974	0.4966	0.4431	0.4709	0.4774	0.4857	0.1026	0.1795	-1.23888
0.4851	0.4558	0.4983	0.463	0.365	0.461	0.7027	0.5676	0.0476	-1.87754
0.4803	0.488	0.4963	0.4242	0.4549	0.4612	0.381	0.381	0.1111	-0.747045
0.4775	0.486	0.4984	0.4405	0.459	0.4886	0.6486	0.5405	0.1667	-1.23043
0.4459	0.4849	0.4977	0.4089	0.4713	0.4803	1.619	1.1429	0.1379	-0.41293
0.4649	0.4779	0.488	0.4244	0.439	0.4037	0.9394	0.6061	0.1579	-0.820079
0.454	0.4607	0.4942	0.3906	0.3864	0.4125	0.8205	0.6	0.0784	0.0573884
0.4748	0.4754	0.4976	0.4352	0.41	0.4802	0.6829	0.4146	0.1429	-1.10566
0.4596	0.4945	0.4958	0.4018	0.4801	0.4726	0.7778	0.3889	0.186	-0.222603
0.4713	0.4952	0.4972	0.4023	0.4633	0.4787	0.4615	0.1556	0.1556	-0.223047
0.4685	0.4786	0.4994	0.388	0.4146	0.46	0.4423	0.3654	0.0167	0.119417
0.4598	0.4803	0.4991	0.4256	0.4486	0.4867	1.2759	0.6571	0.0698	-0.869483
0.4493	0.4986	0.4992	0.3353	0.49	0.4801	0.5385	0.1591	0.0455	1.27983
0.4723	0.49	0.4967	0.4284	0.4687	0.4711	0.6829	0.4878	0.1333	-0.920766
0.4841	0.4971	0.4955	0.4163	0.4787	0.4438	0.2564	0.1628	0.093	-0.506585
0.455	0.4966	0.4929	0.417	0.4597	0.2438	1.2973	0.0962	0.0385	-0.644858
0.4601	0.4922	0.4936	0.4338	0.4455	0.4886	1.6296	0.1778	1.2963	-1.1133
0.4669	0.4728	0.4991	0.4365	0.4394	0.48	1.1613	0.871	0.0476	-1.16998
0.4079	0.4956	0.4887	0.3235	0.4739	0.4784	1.3548	0.2093	1.129	1.63233
0.4375	0.4992	0.498	0.3399	0.49	0.4882	0.7727	0.0847	0.2037	1.25128
0.4075	0.4497	0.4912	0.3493	0.4116	0.4858	1.9091	1.4545	1.6364	1.06157
0.4625	0.4384	0.4987	0.4259	0.3821	0.4834	1.1071	1.25	0.0857	-0.861379
0.4851	0.4704	0.4998	0.4644	0.4221	0.49	0.75	0.6667	0.0213	-1.92771
0.4753	0.4978	0.4971	0.4433	0.4777	0.4761	0.8214	0.1111	0.1389	-1.29947
0.4507	0.4752	0.4984	0.3924	0.4375	0.4801	0.9545	0.7045	0.0909	0.0146507
0.4788	0.4714	0.4924	0.4512	0.4333	0.4506	0.8056	0.8056	0.1905	-1.55825
0.4751	0.4939	0.4944	0.4187	0.4801	0.4474	0.4828	0.4483	0.125	-0.598545
0.4497	0.495	0.4985	0.3757	0.4708	0.4861	0.7812	0.2143	0.119	0.41253
0.4703	0.4933	0.4987	0.4461	0.4629	0.4834	1.2963	0.2286	0.0857	-1.44196
0.4642	0.4939	0.4992	0.4267	0.4877	0.49	1.0303	1	0.0909	-0.89164
0.483	0.4985	0.4966	0.4575	0.4703	0.4443	0.6949	0.0556	0.0694	-1.79902
0.4616	0.4789	0.4963	0.4117	0.4483	0.4713	0.8462	0.7308	0.1515	-0.463234
0.4763	0.487	0.497	0.4514	0.4657	0.488	1	0.6296	0.3333	-1.54673
0.4476	0.4896	0.4961	0.3685	0.4713	0.4553	0.7692	0.5897	0.1	0.59106
0.4296	0.46	0.4937	0.3839	0.4292	0.4892	1.76	1.4	1.4	0.230387
0.4832	0.4961	0.4989	0.4263	0.4817	0.488	0.3182	0.2727	0.102	-0.781776
0.4599	0.4994	0.4989	0.4184	0.49	0.485	1.0541	0.0625	0.0833	-0.674114
0.4482	0.4792	0.4954	0.3725	0.4516	0.4241	0.7907	0.7907	0.0702	0.503744
0.4638	0.4679	0.4909	0.4318	0.431	0.481	1.2188	0.9375	0.9375	-1.04566
0.4696	0.4982	0.4994	0.4322	0.4872	0.49	0.875	0.1628	0.0698	-1.02398
0.4246	0.4928	0.499	0.38	0.4884	0.485	1.9444	1.6667	0.0741	0.323699
0.475	0.4994	0.4986	0.4108	0.49	0.4821	0.4286	0.0678	0.0847	-0.437542
0.4591	0.4454	0.495	0.3969	0.2851	0.4844	0.7353	0.4412	0.4706	-0.0974057
0.4562	0.4964	0.4944	0.3965	0.471	0.4547	0.8214	0.1471	0.1471	-0.0858494
0.4654	0.4996	0.4976	0.4022	0.49	0.4563	0.6098	0.0408	0.0612	-0.229847
0.4658	0.4049	0.4985	0.4455	0.3333	0.4867	1.7778	1.6296	0.1277	-1.46032
0.4875	0.4955	0.4985	0.4747	0.4495	0.461	1	0.1042	0.0417	-2.30431
0.4699	0.4857	0.4971	0.4406	0.4702	0.4633	1.0952	0.9524	0.0877	-1.31323
0.4632	0.4783	0.4987	0.4182	0.4529	0.475	0.8929	0.8929	0.0571	-0.63802
0.4836	0.4961	0.4966	0.4543	0.49	0.4761	0.5882	0.6471	0.1707	-1.57553
0.4709	0.4975	0.4864	0.4251	0.4729	0.466	0.6897	0.1053	0.6897	-0.798188
0.452	0.464	0.4941	0.381	0.3957	0.4849	0.7727	0.5909	0.6591	0.298596
0.4469	0.4171	0.4821	0.4082	0.3462	0.469	1.5185	1.4074	1.4074	-0.401635
0.4857	0.4965	0.4979	0.4337	0.4851	0.483	0.2955	0.3182	0.1458	-0.950457
0.4495	0.4893	0.4974	0.3945	0.4765	0.478	1.0345	0.8621	0.1351	-0.039083
0.4804	0.4984	0.4968	0.4586	0.4803	0.4728	0.9355	0.0909	0.1364	-1.77199
0.4738	0.4961	0.4991	0.4376	0.4561	0.4875	0.775	0.102	0.0816	-1.18488
0.4627	0.464	0.4872	0.4308	0.4289	0.4746	1.2593	1.1071	1.037	-1.00516
0.451	0.4699	0.4983	0.396	0.4377	0.4841	1	1	0.125	-0.0777973
0.4481	0.4587	0.4988	0.3756	0.4086	0.4851	0.8235	0.9118	0.087	0.420058
0.4574	0.4295	0.4877	0.4255	0.3639	0.4766	1.4516	1.2581	1.129	-0.879084
0.4623	0.466	0.4996	0.3914	0.3892	0.49	0.6	0.5	0.0417	0.0361957
0.4738	0.4931	0.4985	0.4153	0.4756	0.4851	0.4898	0.4082	0.1132	-0.561507
0.4599	0.4996	0.4988	0.4078	0.49	0.485	0.8529	0.0455	0.0909	-0.377896
0.466	0.4994	0.4965	0.4237	0.47	0.4697	0.875	0.0222	0.1333	-0.794873
0.442	0.4981	0.499	0.388	0.4804	0.4875	1.2188	0.1111	0.0889	0.125251
0.454	0.499	0.4983	0.4131	0.4801	0.4649	1.2368	0.0536	0.0536	-0.536839
0.4971	0.4883	0.4978	0.4825	0.35	0.4843	0.2	0.1	0.1628	-1.99007
0.4412	0.4941	0.4983	0.3894	0.4563	0.4739	1.2857	0.1628	0.0698	0.0896072
0.4606	0.4594	0.4956	0.4338	0.4164	0.3742	1.5806	1.0323	0.0417	-1.12211
0.463	0.4996	0.4995	0.4088	0.49	0.485	0.7556	0.037	0.037	-0.410088
0.4778	0.4893	0.4994	0.4479	0.4752	0.485	0.7838	0.7838	0.0435	-1.46586
0.4782	0.4953	0.4926	0.4419	0.4459	0.3667	0.64	0.1017	0.0678	-1.30896
0.4629	0.4595	0.4956	0.4162	0.398	0.4897	0.8684	0.7368	0.7632	-0.604714
0.4585	0.4998	0.499	0.3971	0.49	0.475	0.7568	0.0222	0.0444	-0.10472
0.4673	0.4937	0.4929	0.4336	0.4622	0.4493	1.0435	0.2069	0.1724	-1.04262
0.4766	0.4845	0.4993	0.423	0.4362	0.49	0.4737	0.3421	0.0714	-0.732093
0.437	0.4984	0.4984	0.3852	0.488	0.488	1.3846	0.1515	0.1515	0.194506
0.4544	0.4944	0.4983	0.3986	0.4854	0.4732	0.913	0.6304	0.069	-0.146515
0.4424	0.4723	0.4983	0.3513	0.4302	0.49	0.75	0.7083	0.2069	0.923093
0.4849	0.4972	0.4998	0.4587	0.4831	0.49	0.6047	0.2041	0.0204	-1.7549
0.4723	0.483	0.4954	0.4327	0.455	0.459	0.75	0.6389	0.1333	-1.03337
0.4872	0.499	0.4985	0.4736	0.4867	0.488	0.963	0.0857	0.1429	-2.18835
0.484	0.4889	0.4959	0.4566	0.4571	0.4576	0.6098	0.3659	0.1111	-1.68732
0.4941	0.4943	0.4956	0.4839	0.48	0.4838	0.5938	0.4062	0.375	-2.39771
0.475	0.4804	0.4997	0.4329	0.4307	0.49	0.6364	0.4242	0.0278	-1.00622
0.4595	0.4876	0.4951	0.3882	0.4691	0.4464	0.6444	0.6889	0.1071	0.116287
0.4508	0.4772	0.496	0.3823	0.444	0.4895	0.8182	0.7273	0.6364	0.26026
0.47	0.4583	0.4976	0.435	0.4051	0.4828	0.9211	0.8684	0.1667	-1.12492
0.4853	0.499	0.499	0.4594	0.4834	0.4834	0.5897	0.0625	0.0625	-1.74864
0.4574	0.4664	0.496	0.4119	0.4246	0.4618	1.0323	0.871	0.122	-0.487809
0.4486	0.499	0.4986	0.3779	0.49	0.485	0.8333	0.1081	0.1081	0.360901
0.4432	0.4667	0.497	0.3859	0.4341	0.4777	1.129	1.0968	0.1569	0.177407
0.474	0.493	0.4992	0.4107	0.4719	0.4834	0.4528	0.3396	0.0484	-0.443362
0.479	0.4626	0.4958	0.4532	0.4064	0.432	0.8571	0.7381	0.0714	-1.65147
0.4739	0.4924	0.4919	0.4499	0.4013	0.4459	1.1463	0.0926	0.1852	-1.5892
0.4801	0.4989	0.4987	0.457	0.4875	0.488	0.9	0.1	0.125	-1.71263
0.47	0.4744	0.4941	0.438	0.4379	0.4424	1	0.75	0.1212	-1.18191
0.4159	0.3829	0.5	0.3417	0.2473	NA	1.3684	1.2105	0	1.25481
0.4558	0.4574	0.4998	0.3697	0.3623	0.49	0.5952	0.5238	0.0185	0.55208
0.44	0.488	0.4989	0.3703	0.471	0.49	1	0.7241	0.125	0.546838
0.4611	0.4947	0.4961	0.4298	0.3499	0.4649	1.3438	0.0435	0.1304	-0.997663
0.4681	0.4906	0.4912	0.4379	0.3726	0.4398	1.129	0.0909	0.1818	-1.20632
0.4227	0.491	0.4926	0.3448	0.4836	0.4369	1.1935	1.2258	0.1429	1.15219
0.4437	0.4948	0.4874	0.3586	0.4745	0.4698	0.7778	0.2647	0.7407	0.78722
0.4799	0.4669	0.4974	0.4368	0.3596	0.49	0.5	0.3611	0.3611	-1.0851
0.4479	0.4998	0.4899	0.3992	0.49	0.4807	1.2	0.025	1.12	-0.158726
0.4609	0.4685	0.496	0.4132	0.424	0.49	0.9	0.7667	0.6667	-0.515357
0.4845	0.4955	0.4947	0.4336	0.4544	0.477	0.3265	0.1154	0.3061	-0.98281
0.4674	0.4966	0.4977	0.4025	0.4895	0.4839	0.5581	0.4884	0.1667	-0.23732
0.445	0.4945	0.4972	0.3821	0.4642	0.4857	1	0.1892	0.2432	0.266837
0.449	0.4777	0.4993	0.3809	0.4428	0.485	0.8571	0.6786	0.0526	0.289159
0.4865	0.4983	0.4991	0.4558	0.4841	0.4867	0.4595	0.119	0.0714	-1.57631
0.4426	0.4397	0.4942	0.3767	0.3721	0.4875	1	1.0333	0.8667	0.398337
0.4683	0.4455	0.4967	0.4214	0.3381	0.4438	0.7347	0.6122	0.0656	-0.74958
0.4725	0.4988	0.4974	0.4319	0.4834	0.39	0.7273	0.0811	0.027	-0.99647
0.4937	0.4967	0.4982	0.4859	0.4733	0.4678	0.8333	0.1458	0.0625	-2.60134
0.4705	0.4614	0.493	0.4161	0.3914	0.479	0.5946	0.6216	0.5135	-0.57619
0.4779	0.452	0.4933	0.4562	0.3942	0.447	1.0667	0.9333	0.1538	-1.72033
0.4887	0.485	0.4939	0.4691	0.4571	0.404	0.5938	0.5625	0.075	-1.97324
0.4776	0.4976	0.4961	0.4415	0.4786	0.4583	0.6579	0.1304	0.1087	-1.26406
0.4526	0.4974	0.5	0.3973	0.4844	NA	0.96	0.2059	0	-0.106767
0.4822	0.4984	0.4992	0.4453	0.4841	0.4867	0.5128	0.1136	0.0682	-1.32964
0.4716	0.4982	0.4971	0.4361	0.4827	0.483	0.8571	0.1176	0.2059	-1.10919
0.4405	0.4706	0.4975	0.4006	0.4515	0.4852	1.6667	1.619	0.2105	-0.197599
0.481	0.4973	0.4963	0.4397	0.4577	0.4515	0.4902	0.0702	0.0877	-1.21293
0.4554	0.4956	0.4997	0.3772	0.4875	0.49	0.6531	0.551	0.0333	0.388791
0.4533	0.498	0.4992	0.4234	0.4736	0.485	1.6957	0.0857	0.0571	-0.811174
0.4642	0.4972	0.4997	0.4168	0.4637	0.49	0.8276	0.0857	0.0286	-0.598993
0.4845	0.4992	0.4995	0.4139	0.4827	0.4867	0.24	0.05	0.0375	-0.503494
0.4576	0.4996	0.4992	0.4083	0.49	0.49	0.9512	0.037	0.0926	-0.40083
0.4656	0.495	0.4988	0.4134	0.4858	0.49	0.7241	0.5517	0.1429	-0.504036
0.4109	0.4891	0.4946	0.304	0.4786	0.4894	1.0625	1.0625	1.0625	1.99673
0.4426	0.4998	0.4981	0.3691	0.49	0.4821	0.9062	0.0238	0.119	0.575483
0.4797	0.4857	0.4971	0.4248	0.4428	0.459	0.4	0.3556	0.08	-0.776321
0.4725	0.4945	0.4983	0.4305	0.4816	0.4751	0.7045	0.4318	0.0769	-0.987029
0.4716	0.4744	0.4982	0.4457	0.4411	0.4851	1.1613	0.8182	0.1395	-1.43322
0.481	0.4996	0.4991	0.4384	0.49	0.4875	0.4773	0.0377	0.0755	-1.15213
0.4273	0.4315	0.4985	0.3567	0.3619	0.4657	1.2188	1.1562	0.0465	0.884978
0.4585	0.4931	0.4985	0.3965	0.4813	0.4734	0.75	0.6	0.0625	-0.0897829
0.4659	0.4969	0.4961	0.4264	0.4684	0.4803	0.9355	0.1111	0.25	-0.869891
0.4759	0.4803	0.4954	0.4426	0.445	0.4512	0.7692	0.5897	0.1087	-1.32016
0.424	0.4696	0.4981	0.353	0.4381	0.4668	1.2727	1.0303	0.0625	0.978209
0.4724	0.4953	0.4987	0.4303	0.4562	0.4867	0.7073	0.125	0.1071	-0.975944
0.4535	0.499	0.499	0.4157	0.4801	0.49	1.3448	0.0556	0.1111	-0.59927
0.485	0.4846	0.496	0.4603	0.4522	0.4592	0.6316	0.5	0.1136	-1.78276
0.4817	0.4838	0.4907	0.4477	0.4486	0.4711	0.5676	0.4865	0.4865	-1.40344
0.4563	0.4514	0.491	0.3904	0.3833	0.3902	0.75	0.8125	0.1	0.0617893
0.4334	0.442	0.4962	0.3719	0.3682	0.3858	1.2571	0.9143	0.0392	0.528852
0.4907	0.4992	0.4979	0.4772	0.49	0.483	0.7105	0.0833	0.1458	-2.30789
0.4936	0.4815	0.4982	0.482	0.441	0.4835	0.5641	0.4872	0.1277	-2.39213
0.4796	0.4899	0.4943	0.466	0.4083	0.4273	1.5517	0.1364	0.0909	-2.07177
0.4594	0.4984	0.4995	0.4209	0.4883	0.49	1.1481	0.1667	0.0556	-0.726768
0.4752	0.4043	0.4869	0.4601	0.3347	0.4786	1.72	1.68	1.6	-1.88352
0.4183	0.4784	0.4981	0.3066	0.4518	0.4841	0.9259	0.8519	0.1351	1.88248
0.4681	0.4951	0.4952	0.4288	0.4588	0.4211	0.8788	0.1395	0.0698	-0.935272
0.4643	0.4854	0.4947	0.4278	0.4698	0.4882	1.0606	0.9697	0.8182	-0.925461
0.4826	0.494	0.4997	0.445	0.4805	0.49	0.4906	0.4528	0.0323	-1.36723
0.4765	0.4951	0.4928	0.4439	0.4882	0.3624	0.7632	0.7105	0.0638	-1.35139
0.482	0.4952	0.4941	0.4578	0.4762	0.439	0.7742	0.2571	0.1143	-1.71258
0.4768	0.4912	0.4922	0.4508	0.4797	0.4819	0.9355	0.7742	0.7742	-1.54699
0.4522	0.4656	0.4988	0.3615	0.4119	0.4802	0.6176	0.7059	0.0682	0.721888
0.4525	0.4789	0.4986	0.3562	0.4377	0.488	0.5806	0.5484	0.1316	0.820555
0.4679	0.4977	0.4993	0.4107	0.4644	0.4867	0.617	0.0727	0.0545	-0.451695
0.4433	0.4987	0.4965	0.3989	0.488	0.4753	1.4333	0.119	0.1667	-0.156451
0.4639	0.4504	0.4839	0.4283	0.3692	0.4578	1.0968	0.7097	0.6452	-0.936745
0.4677	0.4642	0.497	0.4208	0.4012	0.4794	0.75	0.6341	0.1731	-0.720456
0.487	0.4876	0.4977	0.4582	0.4448	0.4819	0.4722	0.3056	0.1463	-1.64133
0.4595	0.4989	0.4975	0.3937	0.4801	0.4535	0.6923	0.06	0.06	-0.0190179
0.4558	0.4534	0.475	0.4054	0.3912	0.4349	0.9744	0.8462	0.6667	-0.324827
0.4579	0.4992	0.4978	0.3864	0.4867	0.4766	0.6667	0.0638	0.1064	0.159846
0.4509	0.4995	0.495	0.3957	0.49	0.4555	1	0.0526	0.1316	-0.069797
0.4716	0.4666	0.4959	0.4238	0.3854	0.4706	0.6444	0.4667	0.1667	-0.799372
0.4913	0.4589	0.4961	0.48	0.4006	0.4763	0.7857	0.7857	0.2	-2.33273
0.4856	0.4985	0.4962	0.4471	0.4826	0.4407	0.3947	0.0976	0.0732	-1.31698
0.46	0.4562	0.4941	0.3855	0.3695	0.485	0.6098	0.5854	0.6585	0.181444
0.483	0.4985	0.4997	0.4614	0.488	0.49	0.8214	0.1429	0.0286	-1.80445
0.4659	0.4506	0.4987	0.4384	0.4046	0.4827	1.3226	1.1935	0.08	-1.23703
0.458	0.4976	0.4947	0.4272	0.4732	0.4706	1.4815	0.1	0.225	-0.919623
0.4825	0.4995	0.4965	0.4589	0.49	0.4731	0.7742	0.0513	0.1538	-1.74373
0.4661	0.4965	0.4994	0.401	0.4511	0.49	0.5814	0.08	0.06	-0.200416
0.466	0.4988	0.4956	0.4207	0.485	0.4886	0.8182	0.0909	0.6364	-0.711563
0.4843	0.4908	0.4903	0.4594	0.466	0.467	0.6591	0.3864	0.4318	-1.79637
0.4757	0.4987	0.4954	0.4416	0.488	0.4644	0.7576	0.1282	0.1538	-1.26631
0.4488	0.4985	0.4981	0.4136	0.488	0.4886	1.6	0.1471	0.2059	-0.546064
0.4504	0.4776	0.4893	0.3534	0.4304	0.4663	0.6038	0.5094	0.4815	0.945098
0.4613	0.4912	0.4988	0.426	0.4808	0.4841	1.186	0.8605	0.082	-0.90018
0.4716	0.4569	0.4974	0.4472	0.4163	0.4299	1.2333	1.1667	0.0408	-1.47906
0.4686	0.4758	0.4918	0.4177	0.4231	0.4066	0.675	0.5	0.1064	-0.631636
0.453	0.4856	0.498	0.3886	0.4644	0.4803	0.8261	0.7021	0.1167	0.11003
0.4795	0.4531	0.4993	0.4574	0.3991	0.4867	0.9722	0.9722	0.0577	-1.77017
0.4689	0.482	0.497	0.403	0.4395	0.4749	0.525	0.45	0.14	-0.24503
0.4622	0.466	0.499	0.4249	0.4266	0.4867	1.1	0.9333	0.0789	-0.838842
0.475	0.4797	0.4818	0.4301	0.4419	0.4465	0.6	0.5714	0.5429	-0.933922
0.4781	0.471	0.4975	0.4557	0.4301	0.4815	1.0294	0.7647	0.1591	-1.72181
0.4294	0.4961	0.492	0.3251	0.4598	0.4486	0.8333	0.1111	0.1944	1.5177
0.4702	0.4981	0.4973	0.4344	0.4801	0.4841	0.8919	0.1064	0.2128	-1.10198
0.4698	0.48	0.4945	0.4151	0.4435	0.3141	0.6047	0.5814	0.0377	-0.561889
0.446	0.4759	0.4975	0.3764	0.4444	0.4838	0.8919	0.8108	0.186	0.408704
0.4736	0.4946	0.4973	0.4381	0.458	0.4818	0.7949	0.1556	0.1778	-1.19909
0.4645	0.4704	0.4989	0.4166	0.4158	0.49	0.8108	0.5946	0.1277	-0.609829
0.4495	0.477	0.4982	0.4039	0.4538	0.4803	1.2308	1.0385	0.1053	-0.279118
0.4835	0.497	0.4983	0.4599	0.467	0.4867	0.7333	0.1026	0.1538	-1.75303
0.4873	0.4974	0.4985	0.4664	0.4843	0.488	0.6333	0.2	0.1429	-1.89905
0.4779	0.4932	0.4962	0.435	0.4756	0.4744	0.55	0.4	0.1778	-1.0679
0.4341	0.4989	0.4968	0.3802	0.4875	0.4787	1.4	0.1026	0.1795	0.318992
0.4634	0.4649	0.4987	0.4184	0.422	0.477	0.8889	0.8889	0.0625	-0.660766
0.4723	0.4801	0.4946	0.425	0.4366	0.4794	0.6341	0.4878	0.3659	-0.82102
0.4561	0.4976	0.4969	0.3807	0.4818	0.4834	0.6667	0.1538	0.2308	0.285766
0.4655	0.4989	0.4977	0.3899	0.4875	0.4845	0.5152	0.1	0.175	0.0694675
0.3939	0.4991	0.4998	0.3298	0.49	0.49	2.0417	0.0976	0.0244	1.51474
0.4434	0.4719	0.4983	0.3358	0.398	0.4867	0.6364	0.4242	0.15	1.26937
0.4417	0.4974	0.4977	0.3858	0.38	0.4786	1.1852	0.025	0.125	0.178399
0.4751	0.4488	0.495	0.437	0.3401	0.4877	0.7	0.5667	0.7	-1.11482
0.4523	0.4465	0.4993	0.3989	0.3773	0.49	1	0.8889	0.0811	-0.147996
0.4711	0.4951	0.5	0.4151	0.4619	NA	0.5641	0.1522	0	-0.549136
0.4699	0.4693	0.4965	0.4367	0.4205	0.4557	0.9714	0.6857	0.0909	-1.17098
0.4708	0.4876	0.4974	0.442	0.4718	0.4649	1.0741	0.8148	0.0833	-1.29847
0.466	0.4676	0.497	0.421	0.4068	0.4687	0.8235	0.5882	0.1081	-0.722
0.448	0.4665	0.4995	0.3715	0.4065	0.49	0.7857	0.619	0.0556	0.525914
0.4776	0.4956	0.4951	0.4464	0.4495	0.4751	0.7576	0.1	0.25	-1.39887
0.4805	0.4872	0.4935	0.4267	0.4508	0.473	0.3913	0.3696	0.3261	-0.824857
0.4636	0.4986	0.4989	0.4197	0.4802	0.4834	0.9032	0.075	0.075	-0.686578
0.4544	0.4634	0.4985	0.3781	0.4013	0.477	0.6857	0.6571	0.0714	0.355599
0.4342	0.497	0.4995	0.3685	0.4662	0.49	1.1667	0.1	0.05	0.601516
0.4466	0.479	0.4942	0.391	0.4564	0.4884	1.0857	0.9714	1.0286	0.0490576
0.4796	0.487	0.4989	0.4415	0.4555	0.4752	0.5676	0.4324	0.0476	-1.23619
0.449	0.4992	0.4957	0.39	0.4834	0.4533	0.9762	0.0526	0.1053	0.0758494
0.4627	0.4525	0.4994	0.4319	0.41	0.485	1.3	1.2333	0.0455	-1.04842
0.4875	0.4881	0.4953	0.4479	0.4415	0.3499	0.3333	0.2708	0.0377	-1.35265
0.4353	0.4638	0.4942	0.3609	0.4179	0.395	1.0227	0.8636	0.0656	0.795856
0.4746	0.4971	0.499	0.4494	0.4649	0.49	1.0606	0.093	0.1163	-1.53546
0.4383	0.4237	0.4936	0.3885	0.3303	0.4867	1.4074	1	0.9286	0.111914
0.4546	0.4994	0.4973	0.3754	0.49	0.4509	0.6585	0.06	0.06	0.424309
0.4751	0.4986	0.498	0.4363	0.4851	0.4872	0.6857	0.1053	0.1842	-1.11565
0.4504	0.4991	0.4985	0.3752	0.49	0.4826	0.7576	0.0976	0.0976	0.425625
0.4658	0.4963	0.4976	0.4263	0.4894	0.4735	0.9394	0.5455	0.1026	-0.873532
0.464	0.4959	0.4949	0.4374	0.49	0.487	1.45	0.7	0.65	-1.17001
0.4637	0.4958	0.4975	0.4358	0.4653	0.4652	1.3939	0.1429	0.0816	-1.1736
0.4428	0.496	0.499	0.3801	0.4711	0.4801	1.0476	0.1636	0.0545	0.32536
0.4337	0.4935	0.4939	0.3788	0.4408	0.434	1.3871	0.1304	0.1087	0.357497
0.4666	0.4991	0.4998	0.3969	0.4834	0.49	0.5366	0.0588	0.0196	-0.0970328
0.4623	0.4955	0.4967	0.4311	0.4891	0.4759	1.3	0.7	0.1622	-1.02684
0.4785	0.4982	0.4969	0.4361	0.4818	0.4895	0.5417	0.1111	0.4167	-1.12099
0.4498	0.4558	0.4985	0.3767	0.3707	0.4826	0.7879	0.6	0.0976	0.391269
0.4695	0.4971	0.4994	0.4278	0.4639	0.485	0.7879	0.0909	0.0455	-0.895711
0.473	0.477	0.4942	0.4536	0.4563	0.4438	1.4583	1.1667	0.1212	-1.6584
0.4836	0.4984	0.4933	0.4513	0.488	0.4688	0.5357	0.1562	0.2812	-1.42679
0.4735	0.499	0.4991	0.435	0.488	0.4875	0.7381	0.0962	0.0769	-1.11288
0.4739	0.4967	0.4993	0.4201	0.4243	0.49	0.5278	0.0488	0.0732	-0.6644
0.4594	0.4673	0.4843	0.3906	0.3858	0.4501	0.6667	0.4545	0.4848	0.0565039
0.4684	0.473	0.4971	0.4271	0.4104	0.49	0.825	0.475	0.4146	-0.899102
0.4658	0.497	0.4926	0.4278	0.4707	0.4559	0.9714	0.1154	0.2115	-0.921015
0.4518	0.4723	0.4987	0.4229	0.4493	0.49	1.8182	1.2727	0.1562	-0.798944
0.4464	0.4945	0.4988	0.3951	0.4897	0.4827	1.1765	1.1471	0.0784	-0.0550125
0.4538	0.4883	0.499	0.3892	0.4744	0.475	0.8108	0.8649	0.0435	0.0924399
0.4371	0.4966	0.4994	0.3846	0.4745	0.49	1.3636	0.1562	0.0625	0.206462
0.4388	0.4933	0.4998	0.3878	0.4883	0.49	1.3636	1.3636	0.0189	0.13299
0.4753	0.4944	0.4948	0.4278	0.4819	0.4653	0.5625	0.4583	0.1818	-0.899263
0.4786	0.4955	0.4991	0.4154	0.417	0.4803	0.3714	0.0625	0.05	-0.569961
0.4487	0.4819	0.4988	0.3749	0.453	0.49	0.8	0.6571	0.1333	0.436415
0.4836	0.4899	0.4958	0.4357	0.4594	0.4627	0.3673	0.3469	0.1321	-1.05627
0.4385	0.4929	0.4994	0.3848	0.4883	0.49	1.3077	1.5385	0.0682	0.203176
0.4651	0.4981	0.499	0.4026	0.4678	0.475	0.6216	0.0652	0.0435	-0.236915
0.4754	0.499	0.4966	0.4397	0.49	0.4407	0.7368	0.1087	0.0652	-1.23008
0.4567	0.4484	0.4985	0.4293	0.4089	0.4826	1.7037	1.4444	0.093	-0.988723
0.4764	0.4567	0.4935	0.4409	0.3515	0.4799	0.7073	0.4878	0.4878	-1.26863
0.4192	0.4937	0.4963	0.3627	0.4526	0.4577	1.6786	0.16	0.1	0.756735
0.4712	0.4988	0.4982	0.4373	0.49	0.4851	0.9091	0.1379	0.1379	-1.11615
0.4507	0.4844	0.4952	0.403	0.4662	0.4885	1.1538	0.8846	0.7308	-0.256308
0.4704	0.4981	0.4993	0.3963	0.4801	0.49	0.4468	0.1091	0.0727	-0.0818442
0.4861	0.4891	0.4992	0.4585	0.4407	0.4867	0.5238	0.2381	0.0682	-1.71286
0.4723	0.452	0.4972	0.4536	0.4086	0.4815	1.5556	1.2222	0.1795	-1.68497
0.475	0.4969	0.4966	0.4361	0.4545	0.4258	0.6857	0.0769	0.0513	-1.11048
0.4545	0.4446	0.4951	0.4138	0.3904	0.2	1.2308	1.1538	0.0238	-0.538455
0.4477	0.4671	0.4968	0.3799	0.4203	0.4693	0.8824	0.7647	0.122	0.320165
0.4877	0.4829	0.4998	0.4616	0.432	0.49	0.4894	0.3617	0.0172	-1.81022
0.4649	0.4991	0.4987	0.3962	0.49	0.49	0.5714	0.1	0.15	-0.0777725
0.4755	0.4786	0.496	0.4435	0.4467	0.4469	0.8158	0.7105	0.087	-1.35183
0.4641	0.4927	0.4969	0.4126	0.4533	0.4634	0.7667	0.1951	0.0976	-0.489272
0.4354	0.4963	0.4989	0.3714	0.438	0.4826	1.1707	0.0678	0.0678	0.544889
0.4546	0.4516	0.495	0.3933	0.3804	0.4887	0.8333	0.7778	0.8056	-0.00927817
0.454	0.4961	0.4982	0.4103	0.4479	0.477	1.16	0.0857	0.0857	-0.441855
0.4766	0.4977	0.4987	0.4493	0.473	0.49	0.9024	0.098	0.1569	-1.5425
0.4762	0.4709	0.4992	0.4467	0.4307	0.49	0.8519	0.7778	0.0833	-1.39405
0.4732	0.4909	0.4937	0.4448	0.4776	0.4443	1	0.7	0.1351	-1.38157
0.4342	0.4709	0.492	0.3123	0.4173	0.48	0.6757	0.5946	0.6757	1.77348
0.469	0.4834	0.4975	0.4283	0.4603	0.4753	0.8214	0.75	0.1143	-0.895244
0.4693	0.4616	0.4965	0.425	0.3961	0.4894	0.75	0.6562	0.5	-0.8146
0.4426	0.4815	0.4951	0.3985	0.4639	0.4553	1.4545	1.0909	0.129	-0.140292
0.471	0.4967	0.4981	0.4127	0.4635	0.4759	0.5455	0.1029	0.0882	-0.507474
0.4363	0.4977	0.4982	0.3732	0.4821	0.486	1.1667	0.1471	0.1471	0.478492
0.4801	0.4974	0.4987	0.4511	0.4878	0.4875	0.7241	0.2727	0.1212	-1.49825
0.4529	0.4945	0.4989	0.4113	0.4611	0.49	1.25	0.1707	0.122	-0.47717
0.4484	0.4889	0.4906	0.3541	0.474	0.4426	0.6471	0.7647	0.2093	0.88959
0.4539	0.478	0.496	0.4027	0.4521	0.4648	1	0.8929	0.1316	-0.244601
0.4754	0.4959	0.4963	0.4299	0.4623	0.4583	0.5833	0.1282	0.1026	-0.926373
0.4815	0.4907	0.4975	0.4531	0.467	0.4	0.6875	0.4062	0.0286	-1.56295
0.4713	0.4994	0.4983	0.4339	0.49	0.461	0.8235	0.0698	0.0465	-1.0708
0.4684	0.4604	0.4994	0.4204	0.3804	0.49	0.7179	0.5641	0.0667	-0.706207
0.4689	0.4991	0.4975	0.4314	0.4875	0.4556	0.8919	0.0816	0.0612	-1.01836
0.4689	0.4908	0.4986	0.4385	0.4431	0.486	1.0909	0.2045	0.1136	-1.22774
0.4729	0.4857	0.5	0.4364	0.4625	NA	0.7949	0.641	0	-1.15151
0.4811	0.4577	0.4992	0.449	0.3258	0.4875	0.62	0.3922	0.0702	-1.50786
0.4535	0.4989	0.4966	0.3896	0.4875	0.466	0.8235	0.093	0.1163	0.0833294
0.46	0.4817	0.4987	0.4378	0.4714	0.4704	1.9167	1.8333	0.0465	-1.23048
0.4673	0.4982	0.4996	0.4434	0.4851	0.49	1.4483	0.1395	0.0465	-1.38491
0.4565	0.4366	0.4967	0.4157	0.3623	0.4602	1.1667	1	0.0938	-0.580878
0.4692	0.4916	0.4978	0.4026	0.469	0.4649	0.5135	0.3846	0.0698	-0.230597
0.4621	0.4525	0.4987	0.4152	0.3821	0.4834	0.8846	0.7692	0.0882	-0.554877
0.4698	0.4414	0.4887	0.4329	0.345	0.3483	0.8788	0.7273	0.0952	-1.04679
0.4751	0.495	0.4975	0.4383	0.485	0.4709	0.7222	0.5	0.0976	-1.18014
0.4489	0.4978	0.4991	0.3936	0.4841	0.49	1.04	0.1667	0.1	-0.0159195
0.4709	0.4985	0.4937	0.4341	0.4875	0.4744	0.8462	0.1333	0.3333	-1.04349
0.483	0.4959	0.4995	0.4414	0.4658	0.47	0.434	0.1404	0.0175	-1.24728
0.4861	0.4955	0.4818	0.4632	0.4745	0.4409	0.6316	0.2174	0.4737	-1.86665
0.4424	0.4924	0.4939	0.3736	0.4829	0.4434	0.9688	0.8125	0.1282	0.47216
0.4673	0.4962	0.4993	0.4509	0.4648	0.485	2.0909	0.125	0.05	-1.61554
0.481	0.4929	0.4993	0.4672	0.4575	0.485	1.4286	0.2105	0.0526	-2.08859
0.4654	0.443	0.4914	0.428	0.366	0.4808	1	0.8621	0.8276	-0.911875
0.461	0.4985	0.4978	0.3833	0.4826	0.4863	0.5714	0.0976	0.1951	0.225505
0.4616	0.4976	0.4992	0.4327	0.4836	0.49	1.4286	0.1714	0.0857	-1.04438
0.474	0.4977	0.4967	0.4418	0.4834	0.4491	0.8571	0.1667	0.0741	-1.32247
0.4391	0.4477	0.5	0.3561	0.3643	NA	0.8667	0.7333	0	0.864234
0.4579	0.4929	0.4972	0.402	0.4735	0.4658	0.8378	0.375	0.093	-0.229523
0.4659	0.4608	0.5	0.4466	0.4271	NA	1.8696	1.2609	0	-1.48248
0.47	0.4751	0.4968	0.4443	0.4398	0.4745	1.2414	0.75	0.1463	-1.39372
0.4625	0.4989	0.4985	0.4302	0.4875	0.486	1.25	0.1026	0.125	-0.990254
0.4774	0.4925	0.4912	0.4471	0.4822	0.4275	0.7917	0.75	0.1481	-1.36826
0.4637	0.4748	0.4968	0.4092	0.4343	0.4708	0.7333	0.6667	0.1282	-0.399225
0.4328	0.436	0.4932	0.3641	0.3821	0.4806	1.1429	1.3571	0.5455	0.699974
0.4757	0.4737	0.4972	0.4367	0.41	0.4803	0.6667	0.4545	0.1714	-1.11503
0.4798	0.4922	0.4993	0.4538	0.4817	0.49	0.8182	0.7576	0.0714	-1.62187
0.4209	0.4985	0.498	0.3521	0.4826	0.4836	1.3704	0.0952	0.1429	0.987931
0.4851	0.4966	0.4772	0.4574	0.4703	0.4361	0.5625	0.1351	0.5938	-1.63572
0.4728	0.4995	0.4911	0.4315	0.485	0.4134	0.7083	0.0357	0.125	-1.02553
0.4636	0.4908	0.4882	0.3947	0.4674	0.4645	0.5926	0.4074	0.5185	-0.0413952
0.452	0.4783	0.4988	0.3862	0.4494	0.4834	0.8276	0.7931	0.0769	0.161837
0.4923	0.4827	0.4993	0.4755	0.4108	0.49	0.4694	0.2653	0.0769	-2.21136
0.4657	0.4631	0.4991	0.4299	0.4217	0.4875	1.0294	0.9706	0.0833	-0.98167
0.4535	0.4355	0.4625	0.4182	0.3743	0.4285	1.4375	1.2188	1.1875	-0.676286
0.4613	0.4848	0.4993	0.3815	0.4536	0.4867	0.5532	0.5106	0.0545	0.27622
0.483	0.4853	0.4988	0.4618	0.4613	0.4851	0.8333	0.6389	0.087	-1.8733
0.4709	0.4979	0.4997	0.44	0.4657	0.49	1	0.069	0.0345	-1.20905
0.4776	0.4954	0.4989	0.4506	0.458	0.49	0.871	0.1282	0.1282	-1.52901
0.4616	0.4531	0.4847	0.4242	0.3905	0.464	1.1154	0.8462	0.7692	-0.809759
0.4132	0.4989	0.4991	0.3373	0.4834	0.4867	1.3929	0.0732	0.0732	1.32417
0.4622	0.495	0.4979	0.4078	0.4635	0.4709	0.7692	0.1633	0.0816	-0.378285
0.4257	0.4839	0.4982	0.3651	0.4712	0.4826	1.4348	1.3043	0.1143	0.678462
0.4852	0.4978	0.4947	0.4495	0.4649	0.4094	0.439	0.0682	0.0682	-1.4212
0.4484	0.4769	0.498	0.4033	0.4509	0.4801	1.2759	0.931	0.1136	-0.268421
0.4871	0.4859	0.4956	0.4519	0.4407	0.4459	0.3833	0.3333	0.0938	-1.53761
0.4692	0.4961	0.4997	0.4187	0.4793	0.49	0.6667	0.2368	0.0263	-0.641732
0.4706	0.4989	0.498	0.4273	0.4867	0.4834	0.7347	0.0923	0.1385	-0.912595
0.482	0.4981	0.4962	0.4645	0.4867	0.4217	1.0645	0.1667	0.0556	-1.97259
0.4609	0.4991	0.4978	0.4309	0.4867	0.4804	1.4074	0.0769	0.1282	-1.01736
0.4747	0.458	0.4988	0.4291	0.3594	0.4867	0.6	0.5	0.1053	-0.946379
0.4728	0.4855	0.4971	0.4449	0.4644	0.4691	1.0323	0.7097	0.1081	-1.39584
0.4656	0.4669	0.498	0.3989	0.3608	0.4888	0.5758	0.3636	0.2222	-0.141843
0.4834	0.4485	0.4992	0.4633	0.3642	0.48	0.8571	0.7143	0.0417	-1.91763
0.459	0.4614	0.4946	0.4231	0.4113	0.4883	1.2424	0.8485	0.8485	-0.807154
0.4508	0.4978	0.4965	0.3955	0.482	0.4746	1	0.1395	0.1628	-0.0655872
0.4664	0.5	0.4994	0.4159	NA	0.49	0.7273	0	0.0588	-0.594806
0.4634	0.495	0.4964	0.3935	0.455	0.4894	0.5882	0.1316	0.5294	-0.013574
0.4431	0.4932	0.4973	0.361	0.4854	0.467	0.8125	0.875	0.0909	0.75316
0.471	0.4983	0.4993	0.4364	0.4867	0.49	0.8966	0.15	0.075	-1.12918
0.4712	0.4984	0.4995	0.4367	0.4861	0.49	0.8929	0.1351	0.0541	-1.13299
0.4608	0.4957	0.4973	0.3992	0.4693	0.4706	0.7105	0.1667	0.1042	-0.156502
0.4633	0.4938	0.4923	0.4102	0.4355	0.457	0.7632	0.1136	0.2273	-0.439887
0.4686	0.4966	0.4955	0.4275	0.4705	0.4543	0.825	0.1346	0.1154	-0.910005
0.4461	0.4921	0.4996	0.3965	0.4845	0.49	1.2188	1.0625	0.04	-0.0908342
0.4607	0.476	0.4901	0.4249	0.4542	0.4811	1.1875	1.1562	1.125	-0.849773
0.4747	0.4869	0.4829	0.4531	0.3769	0.4658	1.2333	0.1364	1.0333	-1.65385
0.474	0.4688	0.496	0.4131	0.3905	0.432	0.4694	0.449	0.0678	-0.501078
0.467	0.4975	0.499	0.4346	0.4802	0.49	1.0909	0.1481	0.1111	-1.07105
0.4452	0.4478	0.4953	0.4118	0.3933	0.4666	1.8077	1.0769	0.1714	-0.501847
0.4703	0.4706	0.4891	0.4212	0.4199	0.4721	0.6579	0.6316	0.6579	-0.716712
0.4641	0.4575	0.4978	0.4225	0.3813	0.4864	0.9394	0.6364	0.2	-0.77054
0.471	0.4746	0.4987	0.3974	0.37	0.4709	0.44	0.28	0.05	-0.107352
0.4564	0.4686	0.4996	0.4251	0.4378	0.49	1.5143	1.0857	0.0385	-0.877548
0.4286	0.4965	0.4989	0.3939	0.4728	0.4834	2.3182	0.15	0.075	-0.025397
0.4816	0.4951	0.4965	0.447	0.4419	0.4657	0.5625	0.098	0.1176	-1.42927
0.4732	0.4869	0.4991	0.4287	0.4552	0.4867	0.6486	0.4324	0.0714	-0.911158
0.4514	0.492	0.492	0.3825	0.4445	0.444	0.8056	0.1778	0.1778	0.255904
0.4796	0.4971	0.4981	0.4476	0.4847	0.4834	0.6757	0.2391	0.1304	-1.43204
0.4716	0.4654	0.4995	0.4211	0.3841	0.49	0.6129	0.4839	0.0571	-0.688289
0.4614	0.4724	0.4984	0.4119	0.4224	0.4867	0.8571	0.6	0.1395	-0.485624
0.479	0.4954	0.4975	0.4554	0.4505	0.4649	0.9333	0.1081	0.0811	-1.67466
0.4701	0.4898	0.4954	0.4347	0.4683	0.4677	0.9062	0.4865	0.1707	-1.09588
0.4413	0.4888	0.4982	0.3888	0.4797	0.4803	1.2692	1.2692	0.1053	0.104484
0.432	0.4982	0.4987	0.384	0.4861	0.4875	1.619	0.1515	0.1212	0.224497
0.4818	0.4983	0.4982	0.4573	0.4886	0.484	0.7742	0.1795	0.1282	-1.69862
0.4786	0.4986	0.4988	0.4212	0.4863	0.4888	0.4068	0.1194	0.1194	-0.714164
0.4599	0.4834	0.4949	0.4107	0.4536	0.486	0.8966	0.5862	0.5862	-0.44684
0.4364	0.4983	0.4949	0.3618	0.4739	0.47	1	0.0698	0.2093	0.757218
0.4518	0.4977	0.4987	0.3894	0.4786	0.485	0.875	0.125	0.1	0.0870521
0.4838	0.4968	0.4941	0.4508	0.469	0.4575	0.5143	0.119	0.1667	-1.45533
0.4407	0.4497	0.493	0.4004	0.4087	0.487	1.6429	1.3571	1.1786	-0.195707
0.4793	0.4745	0.4946	0.456	0.4364	0.4865	0.9286	0.7143	0.6786	-1.67648
0.4662	0.4496	0.4706	0.4233	0.3677	0.4236	0.8571	0.7143	0.6786	-0.770134
0.4617	0.4984	0.4967	0.4222	0.4604	0.4842	1.0588	0.0444	0.2667	-0.77414
0.4355	0.4553	0.4986	0.3994	0.4262	0.49	2	1.6667	0.1622	-0.16753
0.4642	0.499	0.498	0.4066	0.485	0.4766	0.6889	0.0755	0.0943	-0.34817
0.4679	0.4845	0.4961	0.4447	0.4718	0.4535	1.4643	1.25	0.0952	-1.4197
0.4489	0.4847	0.4942	0.421	0.3742	0.4523	2	0.1591	0.1458	-0.754
0.4693	0.4847	0.4976	0.4248	0.4599	0.4801	0.75	0.6389	0.1395	-0.820035
0.438	0.4968	0.494	0.3761	0.4456	0.4535	1.1562	0.0667	0.1556	0.419423
0.4555	0.4922	0.4943	0.4171	0.4854	0.4527	1.2667	1.1667	0.1429	-0.637397
0.4641	0.4993	0.4978	0.4434	0.49	0.4801	1.8462	0.075	0.125	-1.40033
0.479	0.4857	0.4975	0.4482	0.4557	0.477	0.7209	0.5	0.125	-1.48366
0.4355	0.4981	0.496	0.3702	0.4736	0.4764	1.1481	0.0789	0.2105	0.554142
0.4611	0.4842	0.4965	0.4309	0.4661	0.4821	1.3871	0.9062	0.2439	-1.02748
0.4285	0.4971	0.4919	0.3803	0.4786	0.4374	1.7	0.1579	0.1579	0.314894
0.4562	0.4998	0.4989	0.4104	0.49	0.4851	1.0571	0.0208	0.0833	-0.455671
0.4611	0.4983	0.4934	0.4293	0.4851	0.4874	1.3214	0.1333	1.1071	-0.970918
0.4422	0.4982	0.4989	0.3571	0.4751	0.49	0.8	0.08	0.12	0.861021
0.4831	0.4956	0.497	0.4454	0.4823	0.4782	0.4737	0.3421	0.1628	-1.3122
0.4396	0.4988	0.4988	0.377	0.475	0.49	1.1111	0.0526	0.1316	0.389533
0.4572	0.485	0.4996	0.407	0.464	0.49	0.9459	0.7436	0.0377	-0.364105
0.4774	0.4989	0.4971	0.4235	0.485	0.4789	0.4545	0.0816	0.1633	-0.756096
0.4489	0.4475	0.4978	0.3932	0.3829	0.4703	1.0357	0.9286	0.0833	-0.00704016
0.4335	0.4528	0.4816	0.3679	0.4056	0.4632	1.1786	1.1071	1.0357	0.612459
0.4494	0.4968	0.4954	0.378	0.4802	0.4361	0.8125	0.1944	0.0833	0.361513
0.4764	0.4937	0.498	0.4332	0.4761	0.4835	0.5854	0.3659	0.1364	-1.03189
0.4105	0.4978	0.4987	0.3708	0.4518	0.485	2.6316	0.05	0.1	0.561124
0.4426	0.4963	0.4969	0.3998	0.4731	0.4563	1.5	0.1622	0.0811	-0.178054
0.4636	0.4677	0.4834	0.4198	0.4	0.4473	0.9062	0.5312	0.4848	-0.693429
0.4689	0.4985	0.4969	0.3928	0.486	0.4629	0.4595	0.119	0.0952	0.00184233
0.4599	0.4915	0.4991	0.4091	0.479	0.4875	0.8718	0.6923	0.0769	-0.418047
0.4969	0.496	0.492	0.4734	0.4592	0.4768	0.1364	0.1136	0.5385	-1.63907
0.444	0.4648	0.4987	0.3934	0.4378	0.488	1.25	1.3929	0.119	-0.0126344
0.4367	0.4966	0.4986	0.3426	0.3734	0.4754	0.8085	0.0317	0.0635	1.20437
0.4459	0.4903	0.4975	0.3973	0.4821	0.4678	1.25	1.2083	0.0882	-0.111102
0.4592	0.4427	0.499	0.4324	0.3989	0.4834	1.6429	1.4643	0.0682	-1.07735
0.4631	0.4859	0.4923	0.4047	0.466	0.4612	0.7	0.7333	0.2571	-0.286988
0.458	0.4989	0.4987	0.3898	0.4875	0.488	0.697	0.0952	0.119	0.0750099
0.4796	0.4752	0.4982	0.4576	0.4336	0.4872	0.9722	0.6389	0.1667	-1.77728
0.4668	0.4911	0.4925	0.4247	0.4518	0.4291	0.8571	0.2364	0.1273	-0.841254
0.4766	0.4984	0.4984	0.4283	0.485	0.4851	0.5238	0.12	0.12	-0.890236
0.4517	0.4925	0.4985	0.4048	0.4294	0.4886	1.1429	0.1277	0.1489	-0.310425
0.479	0.4997	0.4949	0.4473	0.49	0.4847	0.7021	0.0351	0.5106	-1.46724
0.4653	0.4882	0.4966	0.4188	0.4702	0.4707	0.814	0.6744	0.1373	-0.679579
0.4797	0.4896	0.4983	0.4625	0.4786	0.477	1.2222	0.963	0.0833	-1.91096
0.4639	0.4555	0.49	0.4207	0.3704	0.4753	0.9091	0.6061	0.697	-0.719502
0.4802	0.498	0.4998	0.4488	0.4836	0.49	0.6667	0.1395	0.0233	-1.45845
0.4436	0.4983	0.4997	0.4047	0.4801	0.49	1.6111	0.0938	0.0312	-0.297318
0.4548	0.4912	0.4958	0.4219	0.467	0.4711	1.5	0.375	0.175	-0.771285
0.4659	0.4453	0.4956	0.4344	0.385	0.4603	1.1613	1.0323	0.1304	-1.11016
0.4883	0.4855	0.4988	0.4624	0.4349	0.4768	0.4694	0.3061	0.0577	-1.8329
0.4613	0.4729	0.4953	0.3816	0.4014	0.4861	0.5526	0.4211	0.5263	0.268627
0.4641	0.4979	0.4996	0.4108	0.4801	0.49	0.7436	0.1176	0.0392	-0.456506
0.447	0.4932	0.4942	0.3851	0.3528	0.4095	0.9737	0.0566	0.0755	0.198653
0.4738	0.4575	0.4965	0.4536	0.4225	0.4757	1.36	1.32	0.1714	-1.65367
0.4736	0.4994	0.4994	0.4298	0.485	0.49	0.6486	0.0444	0.0667	-0.942051
0.4865	0.4828	0.4966	0.4495	0.4349	0.4676	0.383	0.383	0.1224	-1.42004
0.4441	0.4364	0.4953	0.38	0.3517	0.4897	1	0.8919	0.8378	0.32413
0.4751	0.4992	0.4997	0.4311	0.485	0.49	0.6078	0.0606	0.0303	-1.0032
0.4552	0.4993	0.4985	0.4173	0.47	0.486	1.2963	0.0244	0.122	-0.63906
