ncvFD_AFR	ncvFD_EUR	ncvFD_ASN	ncv_AFR	ncv_EUR	ncv_ASN	hka_AFR	hka_EUR	hka_ASN	tajd_AFR
0.4761	0.488	0.4985	0.4332	0.4567	0.4834	0.5972	0.4028	0.1013	-1.13924
0.4833	0.4965	0.4965	0.4573	0.4711	0.4616	0.6733	0.1412	0.1059	-1.88595
0.4562	0.4807	0.493	0.3778	0.4472	0.4777	0.6403	0.6115	0.4714	0.399838
0.4728	0.4954	0.4952	0.4282	0.4419	0.4881	0.6596	0.0904	0.6889	-0.99487
0.4666	0.4885	0.4955	0.4137	0.4648	0.4645	0.6944	0.5	0.1519	-0.578272
0.4847	0.4943	0.4986	0.4256	0.4549	0.4748	0.2805	0.1518	0.0591	-0.899802
0.4787	0.4871	0.4975	0.4241	0.4476	0.4707	0.4226	0.3452	0.0968	-0.864809
0.4808	0.4982	0.4982	0.4261	0.4763	0.4798	0.3806	0.0838	0.1018	-0.913237
0.4817	0.4638	0.4958	0.4476	0.3663	0.4585	0.5693	0.4317	0.1188	-1.56677
0.4833	0.49	0.4979	0.4319	0.4394	0.4794	0.3476	0.2105	0.1133	-1.0845
0.4556	0.4967	0.4977	0.3681	0.4725	0.4767	0.5894	0.1397	0.1117	0.647921
0.4759	0.4908	0.497	0.4041	0.459	0.4744	0.3727	0.3025	0.1381	-0.300268
0.4614	0.4945	0.496	0.3874	0.4708	0.4813	0.592	0.2386	0.2741	0.148151
0.4833	0.4853	0.4981	0.4529	0.45	0.4758	0.5775	0.4366	0.0864	-1.73309
0.4814	0.4951	0.4959	0.4349	0.4413	0.4564	0.4295	0.0958	0.1078	-1.17248
0.4716	0.4977	0.4975	0.4093	0.4687	0.4657	0.5031	0.0824	0.0824	-0.448886
0.4813	0.4975	0.4973	0.4121	0.4704	0.4518	0.2976	0.095	0.0615	-0.513615
0.483	0.497	0.4986	0.4354	0.4735	0.4822	0.3832	0.1311	0.0874	-1.18793
0.4821	0.4961	0.4956	0.4496	0.4745	0.4343	0.5794	0.1875	0.0764	-1.62271
0.4861	0.4901	0.4993	0.4447	0.4383	0.4816	0.3558	0.2025	0.0405	-1.45474
0.4786	0.4837	0.4964	0.4062	0.4069	0.4829	0.3278	0.235	0.2678	-0.356
0.4901	0.4962	0.4977	0.4569	0.4384	0.4685	0.3121	0.0695	0.0802	-1.81632
0.4706	0.4917	0.4763	0.4191	0.4723	0.404	0.6242	0.4395	0.3631	-0.730961
0.4751	0.4983	0.4971	0.4239	0.4831	0.4628	0.5267	0.1163	0.0872	-0.862807
0.4884	0.493	0.4949	0.4482	0.4567	0.4375	0.3034	0.2022	0.0952	-1.55423
0.4852	0.4951	0.4965	0.4569	0.4826	0.4692	0.5472	0.4	0.1341	-1.86238
0.4728	0.4975	0.4971	0.4063	0.47	0.4692	0.4529	0.0923	0.1077	-0.364664
0.4751	0.49	0.4983	0.4089	0.461	0.4853	0.4136	0.358	0.1348	-0.431973
0.4855	0.4965	0.4971	0.4497	0.4675	0.4736	0.4286	0.1243	0.1243	-1.61725
0.486	0.4984	0.498	0.4394	0.4844	0.4798	0.32	0.1148	0.1148	-1.29374
0.4853	0.4643	0.4962	0.4567	0.3761	0.4869	0.5357	0.4643	0.4143	-1.8437
0.4817	0.4981	0.4987	0.4348	0.478	0.4729	0.4198	0.0955	0.0506	-1.17426
0.4878	0.4848	0.4965	0.4499	0.4267	0.4648	0.3402	0.2835	0.1154	-1.62349
0.4776	0.4958	0.4971	0.4189	0.4809	0.4876	0.4162	0.2893	0.3096	-0.718839
0.4952	0.4806	0.4979	0.4789	0.3783	0.4762	0.3011	0.2159	0.1	-2.50002
0.4835	0.497	0.4986	0.455	0.4692	0.4845	0.6094	0.1111	0.0972	-1.79475
0.4661	0.4983	0.4957	0.4051	0.4788	0.4662	0.6165	0.0915	0.1503	-0.333048
0.478	0.4946	0.4959	0.423	0.4433	0.4609	0.4345	0.1117	0.1223	-0.833017
0.4837	0.4978	0.4953	0.444	0.4695	0.4576	0.4371	0.0798	0.1288	-1.44421
0.4899	0.486	0.4955	0.4646	0.4401	0.4524	0.4152	0.3237	0.1099	-2.08455
0.4841	0.4874	0.4973	0.4454	0.4263	0.4749	0.4364	0.2235	0.1229	-1.49249
0.489	0.4851	0.4983	0.4633	0.4368	0.4824	0.4437	0.331	0.109	-2.02991
0.4497	0.4481	0.4962	0.3762	0.3547	0.4485	0.7863	0.6565	0.0843	0.442412
0.4825	0.4956	0.4977	0.4528	0.4871	0.4679	0.6173	0.5185	0.08	-1.74282
0.479	0.497	0.4947	0.434	0.4709	0.4408	0.5	0.1169	0.1039	-1.15164
0.4898	0.4976	0.4984	0.4442	0.4836	0.4664	0.2358	0.1698	0.0531	-1.42757
0.4755	0.4868	0.4972	0.4286	0.4449	0.4654	0.5652	0.3333	0.0904	-1.00666
0.4858	0.4927	0.4988	0.4523	0.4653	0.4794	0.4474	0.2756	0.0606	-1.6992
0.4855	0.4955	0.4967	0.4408	0.4623	0.4661	0.3457	0.1422	0.1127	-1.34926
0.4683	0.495	0.4977	0.4173	0.4859	0.4665	0.6806	0.5586	0.0769	-0.68041
0.4792	0.4821	0.495	0.4405	0.4418	0.4495	0.5732	0.4713	0.116	-1.36067
0.487	0.484	0.4971	0.4476	0.4225	0.4644	0.3478	0.2826	0.0914	-1.54996
0.4716	0.4967	0.4965	0.3945	0.4595	0.486	0.4132	0.0924	0.3413	-0.0429442
0.4911	0.4882	0.4981	0.4683	0.4351	0.4674	0.4023	0.2389	0.0645	-2.20058
0.4692	0.4954	0.4974	0.409	0.4852	0.4766	0.5641	0.465	0.1257	-0.441046
0.4781	0.4965	0.4974	0.4501	0.4618	0.4645	0.8244	0.1062	0.0812	-1.66388
0.4568	0.4922	0.4984	0.3851	0.4797	0.4838	0.6838	0.6324	0.1118	0.210042
0.4809	0.493	0.4936	0.4379	0.463	0.4663	0.4747	0.2422	0.2438	-1.27132
0.4599	0.4708	0.4972	0.3733	0.3977	0.4514	0.5326	0.4457	0.0648	0.516885
0.4789	0.4984	0.4985	0.4331	0.4816	0.4858	0.4938	0.0994	0.116	-1.13154
0.4708	0.4919	0.4979	0.4092	0.4721	0.4783	0.5226	0.4204	0.1111	-0.445075
0.4778	0.4964	0.4964	0.4384	0.4621	0.4578	0.6028	0.1104	0.0982	-1.29192
0.4854	0.4766	0.4966	0.4524	0.4099	0.4861	0.4667	0.3867	0.3333	-1.7045
0.4835	0.4986	0.4979	0.4353	0.487	0.4722	0.3667	0.1266	0.0823	-1.17374
0.4867	0.4867	0.4967	0.4475	0.4398	0.4859	0.3595	0.3026	0.3137	-1.53334
0.4951	0.4965	0.4965	0.4739	0.4784	0.4618	0.2389	0.1989	0.1033	-2.30719
0.4838	0.4909	0.4985	0.4338	0.4556	0.4783	0.3468	0.2717	0.0777	-1.13726
0.4875	0.4874	0.4955	0.4524	0.4298	0.4755	0.3737	0.2347	0.2296	-1.70707
0.4558	0.4693	0.4964	0.3867	0.4127	0.4627	0.7248	0.5973	0.1099	0.168075
0.48	0.4979	0.4966	0.4393	0.4695	0.4539	0.523	0.078	0.0829	-1.32275
0.4745	0.4968	0.4984	0.43	0.4603	0.4819	0.6184	0.0904	0.1017	-1.04711
0.4704	0.4966	0.4962	0.421	0.4656	0.4664	0.6525	0.1131	0.131	-0.783406
0.4846	0.4982	0.4984	0.4556	0.4803	0.475	0.5562	0.1016	0.0695	-1.8217
0.4805	0.492	0.4989	0.4228	0.455	0.482	0.3663	0.2273	0.0638	-0.821142
0.4696	0.4954	0.4959	0.4223	0.4511	0.4559	0.6985	0.1084	0.1084	-0.821839
0.4899	0.4958	0.4966	0.4581	0.4604	0.4573	0.3314	0.1236	0.0899	-1.85573
0.4822	0.4963	0.4936	0.4383	0.464	0.4505	0.4329	0.1173	0.1564	-1.27822
0.4818	0.4972	0.4973	0.4397	0.4756	0.4756	0.4596	0.1337	0.1287	-1.32354
0.4748	0.4778	0.4969	0.4326	0.4371	0.4629	0.6392	0.5823	0.0963	-1.12682
0.4751	0.4915	0.4944	0.4311	0.4718	0.4374	0.6074	0.4453	0.1046	-1.07447
0.4801	0.4789	0.4953	0.4425	0.4374	0.4857	0.5638	0.5436	0.5034	-1.41617
0.4807	0.4772	0.4708	0.4457	0.4249	0.371	0.5822	0.473	0.3376	-1.51524
0.4901	0.4947	0.4957	0.4601	0.476	0.4658	0.3419	0.2903	0.1479	-1.9122
0.4693	0.4864	0.4964	0.3889	0.4446	0.457	0.4303	0.3434	0.0957	0.10747
0.4724	0.4911	0.4966	0.4241	0.4662	0.4693	0.6202	0.3723	0.1274	-0.869355
0.4674	0.4816	0.4986	0.3905	0.4276	0.4761	0.4777	0.3694	0.0656	0.0642599
0.4774	0.4951	0.4977	0.4226	0.4815	0.4647	0.4485	0.366	0.0737	-0.827208
0.4683	0.4917	0.4941	0.3975	0.4673	0.4776	0.5	0.3539	0.3652	-0.124324
0.4792	0.496	0.4964	0.4401	0.4635	0.4595	0.5658	0.1265	0.1024	-1.34515
0.4773	0.4971	0.4986	0.4481	0.4636	0.4824	0.8182	0.0898	0.0898	-1.60049
0.4804	0.4784	0.4984	0.4378	0.4043	0.4815	0.4903	0.3226	0.0988	-1.26958
0.4858	0.4916	0.4948	0.4593	0.474	0.4583	0.5597	0.4925	0.1494	-1.92298
0.4846	0.4971	0.4971	0.446	0.4833	0.4846	0.4233	0.2121	0.2378	-1.5096
0.4601	0.4862	0.4962	0.3785	0.4514	0.4618	0.5603	0.4184	0.1166	0.380589
0.4803	0.4986	0.4988	0.4315	0.482	0.4874	0.4348	0.0889	0.1056	-1.07771
0.4754	0.4949	0.4968	0.4061	0.4603	0.4714	0.3919	0.1529	0.1274	-0.352973
0.4592	0.4868	0.4982	0.3841	0.4623	0.4651	0.6168	0.5595	0.055	0.237326
0.4776	0.4777	0.4945	0.4286	0.4099	0.4782	0.4934	0.3618	0.3487	-0.997462
0.4854	0.4968	0.4974	0.4482	0.4629	0.4733	0.4142	0.0978	0.1087	-1.57476
0.4894	0.4973	0.499	0.4575	0.4742	0.4823	0.346	0.1223	0.0611	-1.86442
0.4854	0.4768	0.4928	0.4563	0.4136	0.4738	0.525	0.4037	0.3875	-1.83892
0.4718	0.4961	0.4966	0.4276	0.4684	0.4715	0.6891	0.1458	0.1389	-0.972507
0.4827	0.4988	0.4964	0.451	0.4834	0.4581	0.5732	0.0806	0.0968	-1.68282
0.4702	0.4958	0.4952	0.4202	0.4867	0.4847	0.648	0.4603	0.472	-0.755722
0.4837	0.4961	0.4952	0.451	0.4722	0.4517	0.5253	0.1676	0.1173	-1.67508
0.4829	0.495	0.4973	0.4404	0.4772	0.4722	0.4295	0.2866	0.1124	-1.33726
0.4874	0.4983	0.4958	0.4663	0.4802	0.4647	0.6209	0.095	0.1397	-2.16715
0.4804	0.4831	0.4993	0.4233	0.4061	0.4839	0.3721	0.2428	0.043	-0.837226
0.472	0.498	0.4978	0.4201	0.4786	0.4819	0.5887	0.1046	0.1373	-0.755231
0.4577	0.4693	0.498	0.3995	0.4212	0.4771	0.8108	0.6959	0.0963	-0.180676
0.4771	0.4884	0.496	0.4399	0.4641	0.4871	0.6549	0.493	0.4577	-1.3425
0.4818	0.4768	0.4989	0.4426	0.3518	0.4811	0.4933	0.2185	0.0613	-1.41211
0.4674	0.4869	0.4979	0.4147	0.4622	0.4817	0.6772	0.5512	0.1329	-0.601377
0.4756	0.4757	0.498	0.4223	0.4091	0.4792	0.4968	0.4013	0.1061	-0.814942
0.4757	0.4809	0.4989	0.4337	0.425	0.4834	0.6214	0.3688	0.0741	-1.15408
0.4815	0.4949	0.4965	0.4496	0.483	0.4725	0.6127	0.4371	0.1503	-1.63351
0.4678	0.4818	0.4969	0.4118	0.4136	0.4504	0.6319	0.2922	0.071	-0.520698
0.4778	0.4504	0.4938	0.4428	0.3326	0.4714	0.6739	0.5108	0.2857	-1.43199
0.4809	0.4754	0.4948	0.4324	0.3921	0.4464	0.4242	0.3313	0.1124	-1.1045
0.4898	0.4967	0.4986	0.46	0.4853	0.4765	0.356	0.2902	0.067	-1.93561
0.476	0.4823	0.4988	0.4291	0.439	0.4831	0.55	0.4348	0.0769	-1.01834
0.474	0.4985	0.4985	0.4253	0.4832	0.4772	0.5796	0.1006	0.0726	-0.90838
0.4816	0.4955	0.4951	0.4419	0.4498	0.4325	0.4931	0.1032	0.0839	-1.38702
0.4722	0.4981	0.4977	0.4203	0.4814	0.4827	0.5828	0.1154	0.1534	-0.766099
0.4804	0.497	0.4976	0.4341	0.4694	0.4757	0.4535	0.1105	0.1105	-1.1591
0.4882	0.499	0.4978	0.4491	0.4848	0.4853	0.3174	0.0747	0.1834	-1.5785
0.4746	0.4943	0.4939	0.4089	0.4798	0.4432	0.4268	0.4	0.127	-0.434556
0.4735	0.4696	0.4969	0.4291	0.4043	0.4707	0.6424	0.5166	0.1236	-1.02141
0.4738	0.4879	0.4963	0.4294	0.4634	0.4531	0.6346	0.5127	0.0909	-1.0312
0.4803	0.4988	0.499	0.4299	0.4863	0.4846	0.4207	0.1	0.0688	-1.0226
0.4882	0.4864	0.4977	0.4622	0.4385	0.4783	0.4713	0.3019	0.1228	-2.01294
0.4745	0.4794	0.4969	0.4176	0.4307	0.4882	0.4904	0.4557	0.3671	-0.679772
0.4756	0.4959	0.4954	0.4302	0.4703	0.4625	0.5786	0.1635	0.1447	-1.04606
0.4798	0.4938	0.4927	0.4498	0.4821	0.4545	0.7109	0.5391	0.2	-1.64439
0.4804	0.4959	0.4954	0.4431	0.4674	0.455	0.5565	0.1479	0.1197	-1.42
0.4794	0.4838	0.498	0.4287	0.4171	0.4746	0.4395	0.2658	0.0877	-0.995414
0.486	0.4916	0.4968	0.4464	0.4637	0.4562	0.372	0.311	0.082	-1.50921
0.4858	0.4958	0.4961	0.4479	0.4673	0.4645	0.3961	0.1506	0.1265	-1.55406
0.4317	0.4619	0.4984	0.316	0.3837	0.4795	0.7348	0.553	0.0881	1.87534
0.4681	0.4961	0.4995	0.3839	0.4693	0.4889	0.4312	0.1512	0.0514	0.236905
0.4773	0.4982	0.4976	0.4278	0.4848	0.4744	0.4961	0.1348	0.1064	-0.966498
0.4653	0.4939	0.4973	0.4117	0.4822	0.4705	0.7143	0.5357	0.1037	-0.520708
0.459	0.482	0.4977	0.4076	0.4488	0.4754	0.8833	0.5726	0.1032	-0.405694
0.4793	0.4807	0.4815	0.4405	0.4195	0.3535	0.5689	0.3432	0.1695	-1.36119
0.467	0.4623	0.4984	0.3958	0.3686	0.4831	0.52	0.4667	0.104	-0.0763033
0.487	0.4984	0.4987	0.4555	0.4824	0.481	0.4337	0.1	0.0722	-1.80133
0.4822	0.4814	0.4968	0.4372	0.41	0.4615	0.4231	0.2857	0.096	-1.25262
0.4791	0.49	0.4968	0.4356	0.4505	0.4719	0.513	0.2662	0.1341	-1.2069
0.4778	0.4932	0.4975	0.424	0.4656	0.4709	0.4481	0.2548	0.0983	-0.858828
0.48	0.487	0.497	0.4162	0.4341	0.4676	0.3422	0.2646	0.1063	-0.635462
0.4772	0.4969	0.498	0.4252	0.4714	0.4802	0.4737	0.1257	0.1138	-0.895784
0.4877	0.4965	0.497	0.4473	0.4606	0.4654	0.3214	0.1023	0.0977	-1.53905
0.4794	0.4936	0.498	0.4342	0.469	0.4795	0.4904	0.2699	0.113	-1.16389
0.484	0.4781	0.4962	0.4387	0.4064	0.4611	0.375	0.337	0.1111	-1.28867
0.4851	0.4976	0.4988	0.4531	0.4731	0.4786	0.4906	0.1	0.0611	-1.73402
0.4733	0.4972	0.4975	0.4289	0.4797	0.4758	0.6471	0.1648	0.1193	-1.01788
0.4657	0.4661	0.4957	0.3871	0.3685	0.4447	0.4932	0.4014	0.0888	0.154828
0.4816	0.4862	0.4964	0.4512	0.4611	0.4685	0.6376	0.5705	0.1326	-1.68955
0.4873	0.4966	0.4979	0.4526	0.4819	0.4686	0.3842	0.2368	0.0743	-1.71401
0.4825	0.4969	0.4975	0.4396	0.4683	0.4631	0.4341	0.1139	0.0743	-1.32504
0.4665	0.4949	0.499	0.3794	0.4824	0.488	0.4398	0.4136	0.0905	0.357424
0.4842	0.4779	0.497	0.4499	0.415	0.4632	0.4863	0.3836	0.0932	-1.62962
0.4843	0.4803	0.4976	0.4431	0.4129	0.4694	0.4034	0.3202	0.0881	-1.42191
0.4824	0.4974	0.4972	0.4386	0.4657	0.4867	0.4286	0.0865	0.2738	-1.2887
0.4899	0.4794	0.4957	0.4682	0.4226	0.4503	0.4839	0.3935	0.1	-2.20573
0.4672	0.4912	0.4956	0.4086	0.4718	0.4427	0.619	0.4694	0.0872	-0.43045
0.4824	0.4777	0.494	0.4494	0.4244	0.4798	0.5605	0.4528	0.4331	-1.62825
0.4887	0.4962	0.4971	0.4514	0.483	0.4681	0.3179	0.298	0.1037	-1.63618
0.4777	0.4865	0.497	0.4407	0.452	0.4691	0.6393	0.4127	0.1119	-1.3571
0.4864	0.4984	0.4978	0.4524	0.4848	0.4778	0.4205	0.1231	0.1144	-1.70874
0.4821	0.465	0.4939	0.4555	0.3823	0.4811	0.708	0.4818	0.4891	-1.82603
0.4694	0.4965	0.4966	0.4067	0.4669	0.464	0.5409	0.1202	0.1093	-0.376683
0.4596	0.4981	0.4984	0.3884	0.4767	0.4843	0.6418	0.0915	0.1159	0.121537
0.4779	0.4967	0.4979	0.4352	0.4777	0.4824	0.5524	0.175	0.1375	-1.19356
0.4813	0.497	0.4978	0.453	0.4736	0.4787	0.6929	0.1333	0.12	-1.74126
0.4854	0.4706	0.4929	0.4439	0.3622	0.4689	0.3736	0.3161	0.3046	-1.44148
0.4757	0.4894	0.4957	0.4269	0.4651	0.4854	0.5374	0.449	0.4218	-0.949737
0.4787	0.4843	0.4985	0.4212	0.4299	0.4741	0.4022	0.3098	0.0634	-0.781834
0.4772	0.4954	0.4949	0.4285	0.4642	0.4528	0.5035	0.1529	0.1274	-0.990238
0.4693	0.4972	0.4965	0.4244	0.4708	0.4685	0.7424	0.1111	0.1307	-0.883633
0.4764	0.4677	0.4917	0.4266	0.3852	0.4554	0.5137	0.4452	0.2378	-0.938092
0.4746	0.4746	0.4955	0.4164	0.3994	0.4476	0.4778	0.3778	0.098	-0.649054
0.4787	0.4898	0.4924	0.4311	0.4637	0.4158	0.4823	0.4043	0.109	-1.0641
0.4867	0.4828	0.4966	0.4388	0.4086	0.4621	0.2944	0.2556	0.1026	-1.27212
0.4807	0.4975	0.4957	0.4426	0.4698	0.4659	0.5369	0.092	0.1494	-1.41525
0.4916	0.4805	0.4894	0.4742	0.4335	0.4648	0.4968	0.4459	0.4459	-2.40223
0.4741	0.495	0.4986	0.4292	0.4823	0.4856	0.6207	0.4	0.1091	-1.02135
0.484	0.4876	0.4965	0.4482	0.4559	0.4593	0.4706	0.4118	0.099	-1.58639
0.4871	0.4961	0.4981	0.4505	0.4737	0.4794	0.3704	0.179	0.1059	-1.63123
0.4837	0.4674	0.4981	0.4466	0.3766	0.4785	0.4658	0.411	0.097	-1.52457
0.4795	0.4869	0.4979	0.4311	0.4434	0.4662	0.4551	0.3205	0.0694	-1.06827
0.4644	0.4671	0.4996	0.3898	0.3907	0.49	0.54	0.4867	0.0409	0.0827852
0.4846	0.4867	0.4946	0.4371	0.4359	0.4443	0.3452	0.2798	0.113	-1.23121
0.4819	0.4957	0.4968	0.4445	0.4641	0.4565	0.5133	0.1404	0.0819	-1.47183
0.4724	0.4954	0.4966	0.4089	0.4605	0.4581	0.4808	0.1371	0.0914	-0.436235
0.4838	0.4985	0.4993	0.4442	0.485	0.4891	0.4354	0.1132	0.0692	-1.44821
0.4883	0.4814	0.4979	0.4489	0.3966	0.4712	0.3118	0.2456	0.0815	-1.57233
0.475	0.4978	0.4971	0.4189	0.4808	0.4732	0.485	0.1292	0.1236	-0.720194
0.4637	0.4962	0.4988	0.3824	0.4862	0.4842	0.5093	0.3827	0.0824	0.279294
0.4824	0.4851	0.4952	0.4429	0.4353	0.4324	0.4734	0.3195	0.0824	-1.42633
0.4544	0.4699	0.4991	0.3753	0.423	0.4882	0.6638	0.6983	0.0815	0.461324
0.4859	0.4979	0.498	0.4447	0.4661	0.476	0.3611	0.0677	0.0938	-1.46522
0.4823	0.4925	0.4977	0.4477	0.4763	0.4812	0.5429	0.4714	0.1456	-1.56848
0.4788	0.484	0.4974	0.4206	0.4308	0.4659	0.3963	0.3232	0.0843	-0.760104
0.4811	0.4974	0.4967	0.4396	0.4767	0.4548	0.4834	0.1287	0.0819	-1.31966
0.4815	0.4974	0.4958	0.432	0.4814	0.479	0.4022	0.1667	0.257	-1.09344
0.4771	0.497	0.4966	0.4287	0.4627	0.4553	0.5116	0.0913	0.0865	-1.00584
0.4706	0.4624	0.4952	0.4105	0.3726	0.4636	0.5396	0.482	0.1595	-0.480502
0.477	0.4793	0.4991	0.4299	0.4308	0.4825	0.527	0.4595	0.0545	-1.0372
0.4847	0.4981	0.4989	0.4395	0.4751	0.4733	0.3602	0.0852	0.0455	-1.29941
0.4728	0.4751	0.4874	0.4267	0.4187	0.4606	0.6391	0.4812	0.4887	-0.948383
0.4848	0.4854	0.4983	0.4535	0.4486	0.4835	0.5125	0.4188	0.1202	-1.75229
0.4776	0.4984	0.4955	0.4324	0.484	0.485	0.5324	0.1118	0.4317	-1.10602
0.4696	0.4962	0.4955	0.4019	0.4611	0.4608	0.5	0.1135	0.1351	-0.242947
0.4782	0.4965	0.4974	0.4355	0.4634	0.4756	0.5461	0.1105	0.1221	-1.20533
0.4763	0.4939	0.4886	0.4407	0.4831	0.4672	0.7071	0.5786	0.55	-1.3716
0.4828	0.4975	0.4979	0.4401	0.4753	0.4694	0.4286	0.116	0.0773	-1.33477
0.4869	0.498	0.4977	0.456	0.485	0.4759	0.443	0.1552	0.1092	-1.81444
0.4514	0.4972	0.4944	0.39	0.472	0.4867	0.896	0.1139	0.736	0.0804165
0.4716	0.4962	0.4978	0.4216	0.4878	0.4728	0.6181	0.4621	0.0904	-0.800525
0.4893	0.4976	0.4983	0.4577	0.4595	0.4767	0.3547	0.0645	0.0806	-1.85383
0.49	0.4853	0.4956	0.4673	0.4381	0.483	0.4527	0.3311	0.3514	-2.16461
0.4743	0.4968	0.4973	0.4191	0.4596	0.424	0.5086	0.0896	0.0398	-0.729589
0.4685	0.4949	0.4967	0.403	0.4819	0.4754	0.5344	0.3985	0.1589	-0.270522
0.463	0.4793	0.4923	0.3931	0.4321	0.477	0.5963	0.472	0.5155	-0.00390025
0.4604	0.4693	0.4953	0.4053	0.4236	0.4629	0.7955	0.7273	0.15	-0.34018
0.4735	0.4935	0.4975	0.4208	0.4753	0.4784	0.5489	0.3684	0.1338	-0.771495
0.4796	0.4986	0.4995	0.4487	0.481	0.4872	0.6972	0.08	0.04	-1.61637
0.4765	0.4638	0.4893	0.4319	0.3587	0.4494	0.5674	0.4043	0.2837	-1.09667
0.4913	0.4979	0.4985	0.4794	0.474	0.477	0.7394	0.0909	0.0695	-2.60136
0.484	0.4762	0.4948	0.4518	0.4122	0.4321	0.5223	0.4076	0.0899	-1.69919
0.4665	0.497	0.4984	0.4174	0.4683	0.4757	0.748	0.1074	0.0738	-0.681156
0.4795	0.4758	0.4782	0.4389	0.4169	0.3622	0.5364	0.4497	0.2188	-1.30411
0.4876	0.4869	0.4985	0.4584	0.4445	0.4795	0.4416	0.329	0.0814	-1.88568
0.4887	0.488	0.4979	0.4584	0.4294	0.4689	0.3897	0.2205	0.0766	-1.89847
0.4811	0.498	0.4979	0.4424	0.4776	0.4576	0.5179	0.101	0.0556	-1.41566
0.4959	0.4918	0.4972	0.4766	0.4353	0.4798	0.2204	0.1559	0.1613	-2.38258
0.484	0.4967	0.4975	0.4542	0.4745	0.4757	0.5649	0.1525	0.1186	-1.77862
0.4839	0.4961	0.4953	0.4591	0.4498	0.4856	0.6795	0.0874	0.5	-1.94535
0.4923	0.4817	0.498	0.4666	0.3945	0.4694	0.3115	0.235	0.0714	-2.12204
0.4704	0.4863	0.4981	0.4123	0.4461	0.4805	0.5592	0.3618	0.1105	-0.534902
0.4676	0.4957	0.4978	0.4104	0.459	0.4736	0.6234	0.1215	0.0939	-0.48259
0.487	0.4976	0.4976	0.454	0.4637	0.4698	0.4152	0.0737	0.0904	-1.75629
0.4743	0.4936	0.4972	0.419	0.4761	0.4757	0.5063	0.3734	0.1319	-0.723671
0.4833	0.497	0.4979	0.4548	0.474	0.4524	0.6131	0.1341	0.0488	-1.79195
0.4406	0.4516	0.4962	0.3794	0.3946	0.4674	1.114	0.9561	0.1384	0.361545
0.4851	0.4979	0.4969	0.4483	0.4741	0.4673	0.4272	0.0886	0.1097	-1.59776
0.4694	0.4948	0.4991	0.4161	0.4846	0.487	0.6296	0.5185	0.0765	-0.642438
0.4817	0.4983	0.4974	0.4413	0.4804	0.4729	0.4813	0.0981	0.1075	-1.38356
0.4761	0.4934	0.4907	0.4314	0.4784	0.4702	0.5731	0.4509	0.4678	-1.08995
0.4796	0.4897	0.4961	0.4379	0.4596	0.457	0.5235	0.3557	0.1053	-1.27418
0.4748	0.4647	0.4979	0.4207	0.3754	0.4654	0.5067	0.4533	0.0686	-0.76949
0.4778	0.4972	0.4928	0.4427	0.4733	0.4738	0.671	0.1189	0.391	-1.43351
0.4849	0.4897	0.4958	0.4587	0.4672	0.4485	0.5987	0.4713	0.0944	-1.92402
0.4848	0.4762	0.4967	0.4461	0.406	0.4653	0.4172	0.3742	0.108	-1.50978
0.4725	0.494	0.4972	0.4269	0.4676	0.4728	0.6504	0.2353	0.1189	-0.949831
0.4636	0.4985	0.4962	0.3986	0.4823	0.4699	0.6259	0.092	0.1472	-0.153388
0.4851	0.4963	0.4977	0.4619	0.4872	0.4667	0.6708	0.4172	0.0757	-2.03621
0.4854	0.4968	0.4962	0.4539	0.4607	0.44	0.4859	0.0914	0.0711	-1.76715
0.4878	0.4848	0.4965	0.4603	0.4393	0.4634	0.4604	0.3564	0.1096	-1.97255
0.4613	0.4661	0.4934	0.3991	0.3943	0.4799	0.6954	0.5298	0.5033	-0.16744
0.4813	0.4984	0.4988	0.4359	0.4796	0.4847	0.4395	0.0843	0.0899	-1.20653
0.4707	0.4965	0.4972	0.4108	0.4622	0.4742	0.539	0.1062	0.125	-0.488812
0.4688	0.4854	0.4979	0.4056	0.4547	0.4788	0.5478	0.4968	0.1111	-0.346199
0.4753	0.4871	0.4957	0.431	0.4599	0.4494	0.6	0.4938	0.0968	-1.07859
0.4858	0.499	0.4978	0.4551	0.4833	0.4811	0.486	0.0637	0.1373	-1.80492
0.4895	0.4969	0.4972	0.4504	0.466	0.4699	0.2831	0.105	0.105	-1.60518
0.4772	0.4964	0.4959	0.4295	0.4671	0.4568	0.5133	0.1287	0.1111	-1.02398
0.4853	0.4908	0.4949	0.4565	0.468	0.4827	0.5333	0.4182	0.4303	-1.85077
0.4836	0.4965	0.4977	0.4481	0.47	0.4738	0.4895	0.1355	0.0968	-1.57437
0.4612	0.4959	0.4947	0.413	0.4846	0.4866	0.8862	0.3688	0.6585	-0.559468
0.4806	0.4652	0.4957	0.43	0.364	0.4844	0.4124	0.4011	0.3898	-1.03694
0.4699	0.4707	0.4991	0.4122	0.3932	0.4843	0.5749	0.4251	0.0622	-0.533045
0.4821	0.4721	0.4873	0.4485	0.4077	0.4563	0.5644	0.4785	0.4294	-1.60562
0.4793	0.4976	0.4964	0.4266	0.45	0.4835	0.4248	0.0526	0.281	-0.931136
0.4744	0.4557	0.4947	0.4335	0.3518	0.485	0.672	0.504	0.56	-1.14683
0.48	0.4755	0.4972	0.4272	0.3796	0.4702	0.4091	0.2922	0.1065	-0.947589
0.4805	0.4928	0.499	0.4206	0.4617	0.4827	0.355	0.2426	0.0648	-0.764896
0.4909	0.4784	0.4954	0.4688	0.3928	0.4587	0.4248	0.283	0.1302	-2.20785
0.4926	0.4927	0.4962	0.4768	0.4688	0.4723	0.4786	0.3143	0.1613	-2.4662
0.4764	0.4828	0.4972	0.4288	0.4368	0.4703	0.5337	0.4	0.1081	-1.00995
0.4769	0.4925	0.4961	0.4163	0.4713	0.46	0.4177	0.3648	0.113	-0.639978
0.4833	0.4974	0.4968	0.4429	0.4766	0.4744	0.4392	0.1296	0.1481	-1.40916
0.4861	0.4806	0.4923	0.4516	0.3959	0.4668	0.4246	0.257	0.3128	-1.68524
0.4788	0.4489	0.4986	0.4515	0.3544	0.4822	0.8188	0.6377	0.0877	-1.7112
0.474	0.4979	0.4976	0.4266	0.4758	0.4775	0.5922	0.0963	0.1239	-0.952294
0.4868	0.484	0.4982	0.4484	0.3931	0.4828	0.3636	0.1973	0.1226	-1.55654
0.4774	0.4914	0.4985	0.419	0.4515	0.4802	0.4233	0.2275	0.0829	-0.717479
0.4818	0.4976	0.4963	0.456	0.4668	0.4669	0.7395	0.0822	0.1301	-1.8338
0.4792	0.4981	0.4967	0.4223	0.4706	0.4819	0.3974	0.0726	0.2261	-0.821864
0.4816	0.496	0.4965	0.4397	0.4675	0.4674	0.4688	0.1461	0.1236	-1.32502
0.4878	0.4965	0.4972	0.4531	0.4513	0.4593	0.3699	0.0811	0.0757	-1.71746
0.4805	0.4836	0.498	0.4331	0.4461	0.4697	0.4424	0.4606	0.0741	-1.12867
0.4853	0.4882	0.4979	0.4534	0.4379	0.4741	0.4817	0.25	0.0884	-1.74432
0.4669	0.4883	0.4981	0.422	0.4695	0.4741	0.8026	0.6447	0.0829	-0.819919
0.456	0.469	0.4978	0.3796	0.4061	0.471	0.6596	0.5461	0.0857	0.354283
0.4543	0.4898	0.4988	0.3742	0.4723	0.4876	0.6579	0.5987	0.1064	0.495213
0.4818	0.4971	0.4944	0.4442	0.4738	0.479	0.5153	0.1304	0.3681	-1.46782
0.4725	0.4771	0.4955	0.4226	0.4232	0.4572	0.5974	0.461	0.1229	-0.830932
0.488	0.4926	0.4989	0.4507	0.4542	0.4792	0.3372	0.2035	0.0595	-1.63638
0.4791	0.495	0.4965	0.4318	0.4678	0.4585	0.4762	0.1918	0.0959	-1.07697
0.4792	0.4968	0.4966	0.4118	0.4617	0.4566	0.3396	0.0941	0.0882	-0.508506
0.4856	0.4847	0.4966	0.449	0.4396	0.463	0.4161	0.3624	0.1037	-1.58903
0.4873	0.4802	0.4981	0.4535	0.409	0.4797	0.3941	0.3059	0.1053	-1.73342
0.4909	0.4826	0.4971	0.4686	0.4183	0.4874	0.42	0.2961	0.3026	-2.19777
0.4647	0.4768	0.4975	0.4137	0.4363	0.4777	0.7612	0.6119	0.1312	-0.576534
0.4471	0.4831	0.4933	0.3739	0.4565	0.4832	0.8345	0.6621	0.669	0.504391
0.4702	0.4761	0.4965	0.412	0.4145	0.4873	0.5636	0.4242	0.3818	-0.526964
0.4833	0.4982	0.4986	0.44	0.4776	0.4822	0.4114	0.0918	0.0867	-1.33024
0.4793	0.4921	0.4988	0.4354	0.4705	0.4867	0.5053	0.3782	0.0981	-1.20938
0.475	0.4827	0.4964	0.4236	0.4318	0.4863	0.527	0.3649	0.3649	-0.852603
0.4798	0.4996	0.4984	0.4434	0.4886	0.4749	0.5893	0.037	0.0688	-1.45333
0.488	0.4807	0.4976	0.4602	0.4103	0.4686	0.4506	0.3025	0.0838	-1.9501
0.4817	0.4668	0.4953	0.4393	0.3502	0.4615	0.4593	0.3372	0.1451	-1.31597
0.4819	0.4852	0.499	0.4463	0.4473	0.4881	0.5405	0.4122	0.0982	-1.52941
0.475	0.4961	0.4968	0.3889	0.4663	0.4639	0.3272	0.1348	0.1011	0.103781
0.4717	0.4947	0.4983	0.4003	0.4776	0.4811	0.4416	0.3182	0.0987	-0.201012
0.4686	0.467	0.4934	0.401	0.3837	0.4792	0.5168	0.4503	0.4702	-0.217637
0.4681	0.4879	0.4949	0.4028	0.446	0.4782	0.544	0.305	0.315	-0.270874
0.4838	0.4972	0.497	0.4417	0.4701	0.4561	0.4098	0.1071	0.0765	-1.38489
0.4901	0.4832	0.4976	0.4604	0.4239	0.4725	0.3468	0.3064	0.0973	-1.9347
0.4772	0.4719	0.4904	0.4324	0.3939	0.4685	0.5479	0.4041	0.4521	-1.11147
0.4833	0.4916	0.4948	0.4342	0.4623	0.4456	0.3654	0.2994	0.1118	-1.14542
0.4771	0.4971	0.4956	0.4286	0.4611	0.4563	0.5091	0.0851	0.117	-1.00335
0.4753	0.4844	0.4993	0.4193	0.4354	0.4802	0.4819	0.3412	0.037	-0.729983
0.4748	0.4883	0.4947	0.4312	0.4574	0.4811	0.6213	0.3966	0.4024	-1.08882
0.4751	0.4959	0.4963	0.4246	0.4645	0.4647	0.5338	0.1337	0.1221	-0.88305
0.4742	0.498	0.4971	0.4291	0.4709	0.4606	0.6164	0.0761	0.0815	-1.02318
0.4736	0.4956	0.4983	0.421	0.4653	0.4849	0.546	0.1492	0.1271	-0.783388
0.4884	0.4911	0.499	0.46	0.4549	0.4835	0.425	0.2562	0.0686	-1.93725
0.4826	0.4707	0.497	0.4367	0.3726	0.4707	0.4056	0.3444	0.1186	-1.23417
0.4904	0.4878	0.4981	0.4646	0.4517	0.4732	0.388	0.3568	0.0777	-2.08513
0.4939	0.4931	0.4972	0.4713	0.4354	0.4695	0.2759	0.1285	0.105	-2.24424
0.4855	0.4957	0.4967	0.4472	0.4819	0.4595	0.4	0.3152	0.0925	-1.54233
0.4876	0.4895	0.4978	0.4449	0.4529	0.4699	0.3072	0.3012	0.0795	-1.44863
0.465	0.4681	0.4982	0.4058	0.4028	0.4761	0.6543	0.5432	0.0854	-0.355799
0.4826	0.4792	0.4984	0.4472	0.4016	0.4805	0.519	0.2988	0.0909	-1.55694
0.4802	0.4846	0.4958	0.4384	0.4384	0.4618	0.5034	0.3557	0.1296	-1.28461
0.4799	0.4931	0.4976	0.4352	0.4702	0.4689	0.48	0.3118	0.0882	-1.1971
0.4829	0.4891	0.4873	0.4282	0.4386	0.4416	0.3373	0.2289	0.2952	-0.969103
0.483	0.4924	0.4977	0.4175	0.4659	0.4654	0.2843	0.2944	0.0751	-0.666648
0.4866	0.4743	0.4963	0.4475	0.384	0.4848	0.3602	0.3226	0.3243	-1.55011
0.4832	0.4788	0.4958	0.4459	0.4125	0.4844	0.4762	0.3509	0.3684	-1.51466
0.4819	0.492	0.4963	0.4499	0.4765	0.4608	0.5984	0.5246	0.1079	-1.63239
0.4848	0.4956	0.4986	0.4472	0.4571	0.4818	0.4267	0.119	0.0833	-1.53984
0.4609	0.4738	0.4977	0.4027	0.4334	0.4778	0.7463	0.6963	0.1198	-0.266486
0.4814	0.4964	0.4964	0.4468	0.4602	0.4439	0.5707	0.1053	0.0718	-1.56105
0.4776	0.4781	0.4991	0.4167	0.4051	0.4854	0.4024	0.3314	0.0699	-0.652259
0.4763	0.4917	0.4894	0.4188	0.4212	0.4218	0.4494	0.1287	0.1696	-0.712239
0.4886	0.4942	0.4969	0.4706	0.4834	0.4661	0.6525	0.5508	0.1029	-2.28548
0.4774	0.4837	0.4951	0.4404	0.451	0.4868	0.6508	0.5238	0.5952	-1.35242
0.4644	0.4605	0.4789	0.413	0.3745	0.4357	0.7609	0.529	0.5217	-0.557098
0.4898	0.4855	0.4918	0.4565	0.4082	0.4327	0.3184	0.2067	0.1484	-1.81016
0.4874	0.4988	0.4983	0.4502	0.4869	0.4671	0.3581	0.1	0.0562	-1.61136
0.4853	0.4953	0.4974	0.435	0.4774	0.4876	0.3125	0.2708	0.2723	-1.17043
0.481	0.4967	0.4959	0.4363	0.4664	0.4497	0.4545	0.1118	0.0941	-1.21382
0.4903	0.4942	0.4972	0.4658	0.474	0.4755	0.411	0.2973	0.1296	-2.10307
0.4848	0.4958	0.4972	0.4492	0.4833	0.4611	0.4494	0.3371	0.0821	-1.61705
0.4707	0.498	0.498	0.4259	0.4811	0.4787	0.708	0.119	0.1071	-0.929198
0.4811	0.4829	0.4983	0.4314	0.4188	0.482	0.4097	0.2897	0.1083	-1.06466
0.472	0.4852	0.4973	0.4027	0.4383	0.4679	0.4497	0.3356	0.0964	-0.262446
0.475	0.4949	0.4958	0.4381	0.446	0.4441	0.7234	0.1104	0.0859	-1.29435
0.4861	0.4972	0.4969	0.4646	0.475	0.4673	0.671	0.1314	0.1086	-2.12047
0.4819	0.4756	0.4985	0.4471	0.411	0.4816	0.551	0.415	0.0904	-1.55474
0.4804	0.4966	0.4988	0.4292	0.4839	0.4699	0.4118	0.2706	0.0435	-1.01054
0.4699	0.4983	0.4977	0.4145	0.4744	0.4637	0.597	0.071	0.071	-0.593979
0.4825	0.498	0.4986	0.452	0.4772	0.4756	0.6056	0.0966	0.0625	-1.70965
0.4745	0.4646	0.4974	0.4335	0.3563	0.4803	0.6667	0.3841	0.1524	-1.14988
0.482	0.4983	0.4985	0.4392	0.4644	0.4794	0.4485	0.0535	0.0802	-1.31008
0.4685	0.4955	0.4957	0.4154	0.4858	0.4576	0.65	0.4643	0.118	-0.623575
0.4751	0.4961	0.4963	0.4078	0.4819	0.4616	0.4079	0.281	0.1111	-0.400984
0.4849	0.4971	0.4968	0.4536	0.449	0.4803	0.5079	0.0643	0.2	-1.73238
0.4771	0.494	0.4885	0.4236	0.4796	0.4635	0.4631	0.4295	0.4765	-0.849058
0.4722	0.4703	0.4891	0.4156	0.4012	0.4284	0.5385	0.4792	0.1938	-0.623067
0.477	0.4691	0.4956	0.4314	0.3806	0.4846	0.5405	0.3986	0.4054	-1.0811
0.4546	0.4368	0.4947	0.3804	0.3004	0.4859	0.6985	0.5882	0.6176	0.334155
0.4863	0.4918	0.4981	0.4372	0.4478	0.4688	0.2981	0.1971	0.0676	-1.23689
0.4787	0.4975	0.497	0.4355	0.4766	0.4681	0.5282	0.125	0.1062	-1.20079
0.4687	0.4762	0.4988	0.4063	0.4059	0.4807	0.5549	0.375	0.0691	-0.365912
0.4492	0.4747	0.4763	0.3832	0.4392	0.3244	0.8769	0.7615	0.1899	0.260038
0.4754	0.4922	0.4963	0.4328	0.4771	0.46	0.619	0.5238	0.1053	-1.12997
0.4745	0.483	0.4963	0.4169	0.4285	0.4871	0.4831	0.3371	0.4101	-0.663222
0.4714	0.4706	0.4974	0.3961	0.3929	0.4239	0.4255	0.4255	0.0381	-0.0847664
0.4901	0.4905	0.4923	0.45	0.4455	0.4319	0.259	0.2229	0.1377	-1.58248
0.4729	0.4983	0.4988	0.4208	0.4739	0.4839	0.5674	0.0732	0.0793	-0.773654
0.4755	0.4616	0.4969	0.4365	0.3792	0.4647	0.6721	0.5328	0.1	-1.23413
0.47	0.4979	0.4959	0.4073	0.4762	0.4869	0.5287	0.0966	0.4586	-0.392002
0.4763	0.4827	0.4989	0.4082	0.4336	0.4783	0.3834	0.3782	0.0566	-0.415474
0.4654	0.4795	0.4957	0.4056	0.4369	0.461	0.6412	0.5152	0.1284	-0.345166
0.4853	0.4834	0.4946	0.4464	0.4273	0.4792	0.4012	0.3198	0.3547	-1.51967
0.4826	0.492	0.4986	0.4301	0.4602	0.4762	0.3561	0.2634	0.0664	-1.0396
0.4864	0.4918	0.4971	0.4496	0.4678	0.4834	0.3879	0.3515	0.2164	-1.6117
0.4911	0.4765	0.497	0.4745	0.42	0.4626	0.5519	0.4545	0.0894	-2.4202
0.4782	0.4987	0.4985	0.4446	0.4854	0.4767	0.6861	0.103	0.0727	-1.4859
0.4781	0.494	0.4975	0.4327	0.4797	0.4758	0.5175	0.4266	0.1198	-1.11673
0.4907	0.4984	0.4988	0.4515	0.4808	0.4862	0.2486	0.0934	0.0989	-1.62582
0.4643	0.4742	0.4963	0.3945	0.3977	0.4674	0.5735	0.3768	0.1321	-0.0424865
0.4704	0.4986	0.498	0.4128	0.4851	0.4806	0.5646	0.1034	0.1149	-0.546072
0.4933	0.4901	0.4849	0.4732	0.4467	0.3978	0.3459	0.241	0.1928	-2.3255
0.4813	0.4958	0.4979	0.4444	0.4837	0.4772	0.5352	0.3546	0.1062	-1.46597
0.4839	0.4966	0.4956	0.4556	0.4694	0.4462	0.5956	0.1267	0.0933	-1.81418
0.4831	0.4982	0.4962	0.4522	0.477	0.459	0.5732	0.0847	0.1058	-1.7195
0.4712	0.4963	0.4979	0.4254	0.479	0.4809	0.6807	0.2205	0.1288	-0.907273
0.4819	0.4908	0.4964	0.4418	0.4524	0.4764	0.48	0.25	0.1846	-1.39443
0.4856	0.4901	0.4985	0.4364	0.4501	0.4797	0.3125	0.2604	0.0829	-1.21139
0.4877	0.4961	0.4946	0.4585	0.4673	0.4652	0.4403	0.1399	0.1888	-1.87623
0.4825	0.497	0.4973	0.4416	0.4878	0.4753	0.4552	0.331	0.1274	-1.37144
0.4575	0.4959	0.4983	0.3907	0.4872	0.4751	0.7188	0.475	0.0773	0.0612019
0.4875	0.4978	0.4984	0.4568	0.4599	0.4813	0.4262	0.06	0.095	-1.85112
0.4908	0.4973	0.4906	0.4735	0.479	0.4203	0.5519	0.1534	0.1445	-2.38929
0.466	0.4955	0.4986	0.3956	0.4819	0.4777	0.5412	0.3412	0.0674	-0.0710488
0.4842	0.4876	0.4976	0.4313	0.4332	0.4788	0.321	0.2454	0.1322	-1.05505
0.4605	0.495	0.4979	0.4134	0.4873	0.4653	0.9225	0.6615	0.0671	-0.571065
0.4873	0.4978	0.499	0.4479	0.4816	0.4865	0.3387	0.1359	0.0825	-1.55687
0.4749	0.4771	0.4965	0.4229	0.4066	0.4475	0.5235	0.36	0.0747	-0.833729
0.4931	0.483	0.4979	0.469	0.4293	0.4684	0.2956	0.3418	0.0751	-2.16871
0.4897	0.4843	0.4975	0.459	0.4297	0.4637	0.3509	0.3099	0.0769	-1.89391
0.4711	0.4977	0.4974	0.4172	0.4723	0.4683	0.5864	0.0924	0.0924	-0.675852
0.474	0.4913	0.4971	0.4311	0.4641	0.4631	0.6516	0.3313	0.0894	-1.08327
0.4852	0.4871	0.4923	0.4581	0.4546	0.4753	0.5705	0.4133	0.4631	-1.89588
0.4764	0.4977	0.4977	0.4211	0.4776	0.472	0.4637	0.1176	0.0931	-0.785122
0.4751	0.4967	0.4962	0.4329	0.4753	0.4686	0.6349	0.1583	0.1439	-1.12678
0.4716	0.475	0.4982	0.4208	0.4012	0.4375	0.6087	0.3765	0.0317	-0.779757
0.4899	0.4981	0.498	0.4652	0.463	0.487	0.4217	0.0552	0.186	-2.10216
0.4906	0.4974	0.4986	0.4513	0.4695	0.4881	0.2514	0.0979	0.134	-1.62904
0.4675	0.4676	0.4981	0.4099	0.3875	0.4812	0.622	0.4573	0.1158	-0.4701
0.488	0.497	0.4986	0.4572	0.4702	0.4786	0.4056	0.1171	0.0732	-1.85553
0.4791	0.4852	0.4974	0.4353	0.45	0.4678	0.5123	0.4444	0.0919	-1.19941
0.4569	0.4782	0.4901	0.3999	0.4474	0.4755	0.8429	0.75	0.6929	-0.190591
0.4779	0.495	0.4969	0.4242	0.4821	0.4588	0.4458	0.3976	0.0856	-0.869945
0.4829	0.4954	0.4978	0.4531	0.4773	0.4784	0.6013	0.2577	0.1143	-1.74941
0.4658	0.4961	0.4968	0.3994	0.4641	0.4738	0.5755	0.1258	0.1447	-0.17599
0.4792	0.4968	0.4957	0.4309	0.4724	0.458	0.4621	0.1366	0.118	-1.05869
0.4677	0.4948	0.4953	0.4171	0.47	0.4629	0.6978	0.2174	0.1497	-0.67404
0.4906	0.498	0.4964	0.4603	0.4706	0.4682	0.321	0.0739	0.1307	-1.91469
0.4902	0.4971	0.4977	0.4663	0.4663	0.4804	0.4276	0.0988	0.1337	-2.13013
0.4789	0.4729	0.4969	0.4208	0.3924	0.4841	0.3946	0.3793	0.2434	-0.759698
0.4824	0.4975	0.4982	0.4451	0.472	0.4637	0.5	0.0994	0.0552	-1.49326
0.4739	0.4926	0.4986	0.4243	0.4713	0.4823	0.5705	0.36	0.0854	-0.876746
0.4905	0.4962	0.4977	0.4711	0.4848	0.4585	0.5068	0.3378	0.061	-2.29735
0.475	0.4936	0.4968	0.4228	0.4785	0.4639	0.5203	0.4324	0.1024	-0.830603
0.4785	0.4966	0.4988	0.4454	0.4643	0.4845	0.6889	0.1076	0.0886	-1.51081
0.482	0.4968	0.498	0.4321	0.4862	0.4796	0.3882	0.3099	0.1082	-1.0921
0.4889	0.498	0.498	0.4639	0.481	0.4808	0.4605	0.119	0.119	-2.06013
0.4796	0.4949	0.4973	0.4308	0.4621	0.4777	0.4493	0.1611	0.1409	-1.05186
0.4669	0.4916	0.4977	0.4034	0.4678	0.4602	0.5793	0.3659	0.0649	-0.285891
0.4735	0.4977	0.4982	0.411	0.4738	0.4821	0.4675	0.1	0.1158	-0.494756
0.49	0.4969	0.4968	0.4491	0.4604	0.4607	0.2568	0.0881	0.0933	-1.56632
0.4569	0.4967	0.4949	0.3653	0.4629	0.4517	0.5467	0.1023	0.125	0.716318
0.4835	0.4662	0.4975	0.4497	0.3836	0.4733	0.5139	0.4653	0.1065	-1.6249
0.485	0.4852	0.4968	0.4402	0.4313	0.471	0.3548	0.2949	0.1287	-1.31615
0.4896	0.4929	0.4976	0.4586	0.469	0.4432	0.3507	0.3081	0.046	-1.90104
0.4836	0.4949	0.4988	0.46	0.4855	0.4848	0.7244	0.5547	0.0872	-1.96296
0.485	0.483	0.4947	0.4582	0.4389	0.4817	0.5857	0.4113	0.4184	-1.89887
0.4904	0.4982	0.4986	0.4625	0.4757	0.4827	0.3575	0.0833	0.0926	-2.0149
0.4719	0.4988	0.4801	0.3989	0.4815	0.4166	0.4293	0.0698	0.3438	-0.161979
0.483	0.4837	0.4944	0.4373	0.4206	0.4284	0.3977	0.2807	0.0914	-1.24853
0.4817	0.4963	0.496	0.4208	0.4478	0.4601	0.3279	0.0808	0.1162	-0.763758
0.47	0.4788	0.4963	0.407	0.428	0.4591	0.5263	0.4509	0.1045	-0.386003
0.4832	0.4967	0.4973	0.4355	0.4617	0.4667	0.3782	0.0971	0.0914	-1.18369
0.4658	0.498	0.4967	0.4004	0.4757	0.464	0.5833	0.092	0.1043	-0.201929
0.4911	0.4879	0.4983	0.4679	0.448	0.4812	0.3988	0.3212	0.0989	-2.18078
0.4771	0.4903	0.4969	0.4258	0.4586	0.4703	0.4821	0.3214	0.1183	-0.917346
0.4708	0.4931	0.4981	0.4145	0.4753	0.4821	0.5682	0.4015	0.1176	-0.591214
0.4894	0.4871	0.4948	0.4615	0.4312	0.4707	0.3951	0.2485	0.2242	-1.97626
0.4811	0.4977	0.4971	0.4401	0.4757	0.4714	0.4902	0.1065	0.1183	-1.33586
0.4804	0.4962	0.4972	0.4431	0.4697	0.467	0.5597	0.1465	0.0955	-1.42625
0.4744	0.4896	0.4978	0.4133	0.4583	0.4736	0.4596	0.3478	0.0914	-0.55724
0.4691	0.4813	0.4958	0.3975	0.4297	0.46	0.4826	0.3895	0.1237	-0.122278
0.4492	0.4641	0.4985	0.3507	0.3875	0.4737	0.6114	0.5314	0.0605	1.08411
0.4746	0.496	0.4917	0.4054	0.4683	0.4692	0.4065	0.1494	0.3806	-0.336436
0.4616	0.4829	0.4965	0.3883	0.4519	0.4675	0.5931	0.5793	0.1243	0.123208
0.4802	0.4976	0.4972	0.4422	0.4656	0.4663	0.5556	0.0769	0.0934	-1.41039
0.4854	0.4972	0.4969	0.4464	0.4614	0.4533	0.3962	0.0809	0.0751	-1.51342
0.4797	0.4778	0.4966	0.4413	0.4184	0.4577	0.562	0.4088	0.0903	-1.37523
0.4571	0.4828	0.499	0.403	0.4571	0.4859	0.8833	0.7	0.0789	-0.277425
0.4786	0.4626	0.4952	0.434	0.3629	0.4852	0.5141	0.4366	0.4859	-1.15319
0.4836	0.4934	0.4967	0.4438	0.475	0.4637	0.4371	0.3709	0.1024	-1.43837
0.486	0.4777	0.498	0.454	0.3983	0.4779	0.4566	0.3143	0.0995	-1.76383
0.4658	0.4978	0.4979	0.415	0.4766	0.4804	0.7379	0.1059	0.1235	-0.614361
0.4688	0.4709	0.4973	0.4121	0.4052	0.4684	0.6038	0.4906	0.0973	-0.529751
0.4887	0.4957	0.4963	0.4594	0.4616	0.4735	0.4026	0.1302	0.1657	-1.90787
0.4797	0.4835	0.4941	0.408	0.4168	0.4723	0.3133	0.2711	0.2771	-0.403087
0.4783	0.497	0.4985	0.4382	0.4774	0.4771	0.5755	0.1566	0.0723	-1.28287
0.4632	0.4726	0.4966	0.4058	0.4222	0.4607	0.7122	0.5899	0.0983	-0.354073
0.4884	0.496	0.4961	0.4651	0.4802	0.4691	0.5172	0.2614	0.1489	-2.12483
0.4791	0.4964	0.4978	0.4362	0.4746	0.4751	0.5211	0.1709	0.1013	-1.22059
0.4831	0.4796	0.4969	0.4428	0.4214	0.4841	0.4452	0.3806	0.2436	-1.412
0.4689	0.4969	0.4967	0.4144	0.4747	0.4635	0.625	0.1429	0.1034	-0.598771
0.4873	0.4974	0.4981	0.4552	0.4733	0.4604	0.4129	0.1098	0.052	-1.78193
0.4617	0.4972	0.4961	0.4112	0.4745	0.4696	0.837	0.1288	0.1534	-0.509417
0.4759	0.4986	0.498	0.4301	0.484	0.4641	0.5679	0.1	0.0611	-1.05121
0.4822	0.4868	0.4974	0.4448	0.4498	0.4753	0.5031	0.3774	0.1222	-1.48178
0.4847	0.4966	0.4968	0.4558	0.4703	0.4797	0.5565	0.1349	0.1905	-1.80039
0.4721	0.4975	0.4975	0.4059	0.4773	0.4671	0.4675	0.1264	0.0862	-0.3509
0.4668	0.4848	0.498	0.3817	0.4481	0.4717	0.4438	0.4382	0.0802	0.296594
0.4842	0.4987	0.4978	0.4493	0.4839	0.4726	0.4756	0.086	0.0909	-1.61754
0.4897	0.4923	0.4897	0.4683	0.4716	0.4625	0.4969	0.3804	0.3926	-2.21569
0.4605	0.4958	0.4986	0.3891	0.4471	0.4773	0.6258	0.0914	0.0699	0.103205
0.4906	0.4986	0.498	0.4722	0.4827	0.4839	0.5245	0.0864	0.1481	-2.33168
0.4642	0.4481	0.4984	0.425	0.3849	0.4794	0.9917	0.9333	0.0882	-0.907456
0.4734	0.4675	0.4976	0.4155	0.3891	0.4735	0.5036	0.4672	0.1	-0.619385
0.4861	0.4981	0.4986	0.4448	0.463	0.4765	0.3556	0.0567	0.067	-1.46693
0.4807	0.4838	0.4979	0.425	0.4149	0.4765	0.3744	0.2564	0.1028	-0.892166
0.484	0.4769	0.486	0.4614	0.4286	0.4582	0.7358	0.5157	0.5283	-2.02639
0.4911	0.497	0.4955	0.4515	0.4761	0.4717	0.2353	0.1453	0.193	-1.61633
0.4872	0.4967	0.4975	0.451	0.4651	0.4788	0.3729	0.1094	0.1354	-1.65698
0.4791	0.4964	0.4958	0.4372	0.4635	0.4596	0.531	0.1138	0.1198	-1.25054
0.4795	0.473	0.4964	0.4396	0.4021	0.4652	0.5472	0.4224	0.1207	-1.33013
0.4828	0.4891	0.4972	0.4289	0.4516	0.4679	0.345	0.3041	0.0984	-0.992021
0.4829	0.4885	0.4983	0.4335	0.4451	0.4804	0.3711	0.2812	0.0966	-1.1271
0.4876	0.498	0.4982	0.4555	0.4839	0.4779	0.4041	0.142	0.0926	-1.78407
0.4754	0.4964	0.4966	0.4176	0.4843	0.4632	0.4651	0.3023	0.1053	-0.683326
0.4741	0.4976	0.4984	0.424	0.4791	0.4804	0.5602	0.1309	0.089	-0.870454
0.4777	0.4895	0.4976	0.4129	0.4439	0.476	0.3774	0.2453	0.1118	-0.541034
0.4868	0.4982	0.4979	0.4426	0.4717	0.4768	0.3158	0.0683	0.1024	-1.39383
0.4753	0.4729	0.4971	0.405	0.3991	0.4672	0.3896	0.4091	0.0988	-0.322849
0.4837	0.4918	0.4982	0.4327	0.4592	0.4661	0.3441	0.2634	0.0597	-1.10837
0.4675	0.4968	0.4972	0.3995	0.4703	0.473	0.5344	0.125	0.1184	-0.175986
0.4828	0.4892	0.4976	0.429	0.4482	0.4757	0.3442	0.2792	0.1124	-0.989032
0.4757	0.477	0.4928	0.4222	0.4179	0.4723	0.4942	0.4244	0.3605	-0.817223
0.4837	0.4869	0.4988	0.4501	0.4514	0.4812	0.5118	0.3873	0.0714	-1.64996
0.4717	0.489	0.4978	0.4159	0.4619	0.472	0.5541	0.4204	0.087	-0.635059
0.483	0.497	0.4947	0.4329	0.4691	0.4778	0.3636	0.1111	0.3205	-1.10613
0.4717	0.4965	0.4981	0.4137	0.4737	0.4828	0.5346	0.1593	0.1264	-0.571968
0.4795	0.4977	0.4991	0.4367	0.4742	0.4804	0.5139	0.0994	0.0497	-1.23594
0.4616	0.4945	0.4954	0.3945	0.4374	0.4452	0.6429	0.1037	0.0976	-0.0430306
0.4908	0.4915	0.4989	0.4654	0.459	0.4719	0.3743	0.2737	0.0412	-2.10438
0.4855	0.4972	0.4969	0.4204	0.457	0.4817	0.2429	0.0737	0.2067	-0.734765
0.4785	0.4966	0.497	0.4188	0.4594	0.4692	0.3929	0.095	0.1117	-0.709059
0.4665	0.4988	0.4989	0.3693	0.4776	0.4851	0.3988	0.0561	0.0816	0.60935
0.4743	0.4993	0.4969	0.4204	0.4851	0.4894	0.5183	0.0521	0.4182	-0.765186
0.4865	0.4958	0.4964	0.4417	0.4692	0.4544	0.3198	0.1628	0.0909	-1.36157
0.4871	0.476	0.4964	0.4521	0.354	0.4614	0.3871	0.2308	0.1059	-1.67987
0.4615	0.4962	0.4973	0.4123	0.464	0.4774	0.8615	0.1242	0.1366	-0.539057
0.4596	0.4804	0.4953	0.3663	0.4268	0.4396	0.5034	0.396	0.0893	0.688122
0.4896	0.4826	0.4971	0.4568	0.4126	0.4586	0.3299	0.2732	0.0788	-1.83065
0.4816	0.4931	0.4987	0.4449	0.4718	0.4864	0.5301	0.3353	0.1056	-1.49188
0.4867	0.4751	0.4972	0.4521	0.4139	0.4894	0.4029	0.446	0.3669	-1.67463
0.4806	0.4947	0.4951	0.4454	0.4478	0.4369	0.5839	0.1186	0.0904	-1.50662
0.4861	0.4968	0.4965	0.4624	0.468	0.4609	0.6111	0.1149	0.1014	-2.02416
0.4922	0.4688	0.4958	0.4727	0.3392	0.4818	0.4094	0.2886	0.302	-2.32472
0.4894	0.4973	0.4969	0.4615	0.4699	0.4791	0.3961	0.1024	0.1747	-1.97232
0.4885	0.4709	0.4953	0.4624	0.3967	0.4501	0.4599	0.438	0.109	-2.00449
0.4844	0.4913	0.4982	0.4391	0.4622	0.4776	0.3657	0.3086	0.0914	-1.29537
0.4849	0.4904	0.4989	0.4523	0.4602	0.4851	0.4859	0.3333	0.0808	-1.71777
0.4765	0.4947	0.4979	0.4242	0.4781	0.4709	0.4863	0.3289	0.0807	-0.868201
0.4829	0.4892	0.4935	0.4323	0.4458	0.4443	0.3621	0.2644	0.1405	-1.09458
0.4745	0.4805	0.4978	0.4145	0.4128	0.4613	0.4647	0.3161	0.0625	-0.593815
0.4854	0.4847	0.4988	0.4487	0.4209	0.4833	0.4185	0.2609	0.0784	-1.59794
0.4687	0.4954	0.497	0.4086	0.482	0.4792	0.5741	0.3457	0.1705	-0.430828
0.4779	0.4953	0.4963	0.4151	0.4465	0.4639	0.3864	0.1026	0.1179	-0.605813
0.4853	0.4908	0.4987	0.4332	0.4361	0.4815	0.3034	0.1798	0.0745	-1.11039
0.4694	0.4907	0.4982	0.4169	0.4574	0.4783	0.6358	0.2903	0.0896	-0.667842
0.4678	0.4979	0.4989	0.3822	0.4844	0.4839	0.4277	0.1591	0.0739	0.282127
0.4801	0.4935	0.4965	0.4401	0.4689	0.4597	0.5307	0.2717	0.0979	-1.35052
0.4892	0.496	0.4954	0.4465	0.4584	0.4324	0.2658	0.1098	0.0793	-1.47451
0.4766	0.4971	0.4942	0.4422	0.4713	0.4421	0.7215	0.1176	0.1176	-1.42164
0.4794	0.4957	0.4925	0.4432	0.4529	0.479	0.6045	0.1049	0.5746	-1.43644
0.4765	0.4785	0.4947	0.4461	0.4354	0.435	0.8169	0.5352	0.0952	-1.54412
0.4628	0.4975	0.4947	0.3775	0.4767	0.4796	0.5	0.125	0.3563	0.406686
0.4684	0.4973	0.4964	0.4003	0.4733	0.4722	0.5181	0.1152	0.1522	-0.201496
0.4478	0.4607	0.4955	0.3638	0.3776	0.487	0.7261	0.5414	0.5414	0.76321
0.4768	0.4662	0.4964	0.4361	0.3883	0.4749	0.6118	0.4906	0.1724	-1.22938
0.4885	0.483	0.4989	0.4634	0.4412	0.4863	0.475	0.4312	0.0874	-2.05321
0.4807	0.4983	0.4985	0.4442	0.4813	0.4802	0.5608	0.1012	0.0833	-1.46637
0.4721	0.4855	0.4986	0.4147	0.4459	0.472	0.5337	0.3876	0.0556	-0.605463
0.4871	0.4865	0.4964	0.4544	0.4338	0.4632	0.4152	0.2749	0.1111	-1.76733
0.4812	0.4942	0.4983	0.4322	0.4772	0.474	0.4138	0.3514	0.0696	-1.08992
0.48	0.4959	0.4981	0.4025	0.4674	0.4793	0.2857	0.1484	0.1044	-0.251866
0.4821	0.4954	0.4981	0.4524	0.4702	0.4815	0.632	0.1901	0.1197	-1.71523
0.4789	0.4959	0.4986	0.4388	0.4876	0.4828	0.5621	0.5033	0.0899	-1.30654
0.4898	0.4978	0.4978	0.4646	0.4687	0.4544	0.4167	0.0762	0.0538	-2.10149
0.4825	0.4897	0.4978	0.4329	0.4484	0.4777	0.378	0.2619	0.1105	-1.11167
0.4899	0.4937	0.4978	0.4651	0.4682	0.4823	0.4211	0.2549	0.1465	-2.08935
0.4562	0.4897	0.4966	0.3753	0.4696	0.4739	0.6232	0.529	0.1548	0.464747
0.4528	0.4724	0.4952	0.3909	0.4274	0.4875	0.8594	0.6641	0.6434	0.0558957
0.487	0.4957	0.4966	0.4446	0.479	0.4591	0.3245	0.266	0.0931	-1.45537
0.4801	0.4982	0.4984	0.4401	0.474	0.4822	0.5301	0.0753	0.1033	-1.34511
0.4535	0.4838	0.4969	0.3747	0.4558	0.4633	0.679	0.6049	0.0945	0.484458
0.4801	0.4813	0.4946	0.4435	0.4339	0.4819	0.5776	0.4224	0.4348	-1.45277
0.4845	0.4976	0.4973	0.4464	0.476	0.4708	0.4303	0.1141	0.1033	-1.52177
0.4643	0.495	0.4988	0.4046	0.4852	0.4847	0.6621	0.5205	0.0888	-0.319768
0.4788	0.4993	0.4981	0.4275	0.4892	0.4831	0.4472	0.0659	0.1264	-0.962079
0.4728	0.4667	0.4962	0.4278	0.3162	0.4835	0.6503	0.2733	0.3067	-0.981321
0.4812	0.4974	0.4973	0.4228	0.4772	0.4746	0.3494	0.1319	0.1243	-0.818529
0.4771	0.497	0.4974	0.4292	0.4662	0.4702	0.5168	0.1	0.1	-1.01558
0.4785	0.4515	0.4991	0.4447	0.3441	0.4867	0.6727	0.5394	0.0746	-1.49844
0.4924	0.4976	0.4981	0.4774	0.4718	0.4745	0.5212	0.0947	0.0842	-2.51741
0.4817	0.4907	0.4973	0.4544	0.4724	0.4693	0.7034	0.5241	0.0988	-1.79402
0.4788	0.4846	0.4972	0.4453	0.4571	0.4709	0.6713	0.5874	0.1111	-1.50951
0.491	0.498	0.4985	0.466	0.4893	0.4809	0.3708	0.2303	0.0895	-2.11991
0.485	0.4979	0.4929	0.4563	0.4762	0.474	0.5492	0.1	0.384	-1.82172
0.4695	0.4775	0.4936	0.3971	0.41	0.4757	0.471	0.3677	0.3677	-0.111365
0.4756	0.4631	0.4866	0.4254	0.3761	0.457	0.5263	0.4868	0.4737	-0.906587
0.4884	0.498	0.4973	0.4491	0.4878	0.4749	0.3097	0.2013	0.1212	-1.56831
0.4795	0.4942	0.4972	0.4347	0.4769	0.4691	0.4909	0.3455	0.105	-1.17999
0.488	0.4965	0.4971	0.4646	0.4616	0.4601	0.5315	0.1047	0.0814	-2.09213
0.4818	0.4974	0.4982	0.4554	0.4727	0.4745	0.7239	0.1083	0.0764	-1.8228
0.4704	0.4772	0.4899	0.4365	0.4268	0.4756	0.9328	0.4899	0.7239	-1.25255
0.4832	0.4894	0.4988	0.4246	0.4537	0.4872	0.3111	0.3111	0.1088	-0.867767
0.4705	0.4751	0.498	0.4031	0.4131	0.4761	0.4855	0.4419	0.0936	-0.277598
0.4746	0.4582	0.4931	0.4339	0.3829	0.4768	0.6686	0.6331	0.436	-1.16994
0.4711	0.4726	0.4984	0.4058	0.3927	0.483	0.4915	0.3855	0.1034	-0.353448
0.4826	0.4939	0.4974	0.4248	0.4749	0.4786	0.3272	0.3293	0.1429	-0.870875
0.4776	0.4987	0.4988	0.4155	0.4803	0.4824	0.3955	0.0714	0.0714	-0.619997
0.4864	0.4971	0.4963	0.4447	0.4604	0.4646	0.3442	0.0814	0.1221	-1.44618
0.4745	0.4974	0.4981	0.4234	0.4741	0.4706	0.5409	0.1124	0.073	-0.84995
0.4694	0.4976	0.4965	0.42	0.4765	0.4554	0.675	0.114	0.0881	-0.760127
0.4922	0.4787	0.4978	0.4692	0.4016	0.4841	0.35	0.3071	0.1667	-2.18306
0.4624	0.4967	0.4982	0.4032	0.4736	0.4726	0.705	0.1479	0.071	-0.281827
0.4775	0.4807	0.497	0.4367	0.4264	0.4449	0.5904	0.3855	0.0619	-1.24946
0.4781	0.499	0.4983	0.4347	0.4841	0.4629	0.5407	0.067	0.0513	-1.18563
0.4825	0.4899	0.4989	0.453	0.4722	0.4867	0.6241	0.5899	0.0904	-1.74095
0.4878	0.4971	0.4966	0.4544	0.472	0.4518	0.3815	0.1183	0.0806	-1.76078
0.4772	0.4756	0.4968	0.4304	0.407	0.4886	0.526	0.3931	0.3988	-1.05781
0.4774	0.499	0.4983	0.4293	0.4797	0.4793	0.5059	0.0535	0.0909	-1.02462
0.4852	0.4965	0.4966	0.4507	0.4705	0.4693	0.4516	0.1387	0.1272	-1.65258
0.4885	0.4907	0.4984	0.452	0.4468	0.4797	0.331	0.2254	0.0878	-1.65109
0.4685	0.4983	0.4989	0.4098	0.4747	0.4875	0.5918	0.0745	0.0994	-0.464597
0.4712	0.4964	0.4993	0.4061	0.4869	0.4817	0.4908	0.3758	0.0426	-0.359929
0.4608	0.4771	0.4982	0.3848	0.4291	0.4721	0.5862	0.5137	0.069	0.215916
0.4844	0.4961	0.4987	0.4561	0.4774	0.4747	0.5793	0.2121	0.0545	-1.8342
0.4817	0.487	0.4947	0.4459	0.4575	0.4406	0.539	0.461	0.1037	-1.5125
0.492	0.4965	0.4979	0.4746	0.4695	0.4751	0.4698	0.1353	0.0941	-2.40122
0.4875	0.4907	0.4966	0.452	0.4521	0.4468	0.3713	0.2515	0.073	-1.68035
0.497	0.4943	0.4965	0.4841	0.4711	0.4803	0.2361	0.2517	0.2238	-2.57556
0.4859	0.4879	0.4985	0.4464	0.4415	0.4776	0.3775	0.2781	0.0745	-1.50416
0.4796	0.491	0.4932	0.4263	0.4649	0.4442	0.4136	0.358	0.1461	-0.924704
0.4636	0.483	0.4969	0.3907	0.4458	0.4887	0.5639	0.4812	0.3897	0.0583638
0.4868	0.4822	0.4986	0.4545	0.4204	0.4832	0.4286	0.3141	0.0952	-1.78186
0.49	0.4968	0.4977	0.4679	0.4708	0.4759	0.4653	0.1288	0.1104	-2.18399
0.4829	0.4815	0.494	0.4413	0.4298	0.4569	0.4379	0.3856	0.1687	-1.36427
0.4619	0.497	0.4984	0.3999	0.4725	0.4833	0.6866	0.1266	0.1076	-0.189564
0.4619	0.4759	0.4976	0.4066	0.4375	0.4799	0.7623	0.6721	0.1366	-0.376077
0.4821	0.4948	0.4983	0.4244	0.4753	0.4783	0.3352	0.2737	0.0863	-0.865118
0.485	0.4773	0.497	0.4544	0.4197	0.4663	0.5155	0.4286	0.1005	-1.77896
0.483	0.4921	0.4894	0.4574	0.4199	0.4229	0.6975	0.1183	0.172	-1.89549
0.4887	0.4972	0.4951	0.4686	0.473	0.461	0.5833	0.1203	0.1504	-2.21162
0.4848	0.4903	0.4969	0.4488	0.4484	0.4698	0.4472	0.2439	0.1163	-1.59636
0.4548	0.4365	0.4986	0.3786	0.2715	0.4721	0.6797	0.5097	0.0526	0.38039
0.4758	0.4766	0.4987	0.4118	0.3905	0.4697	0.4154	0.3061	0.0465	-0.518448
0.4689	0.4922	0.4986	0.4019	0.4725	0.4842	0.5166	0.4079	0.096	-0.24412
0.4777	0.4946	0.4966	0.4354	0.4243	0.4629	0.5641	0.0829	0.105	-1.20559
0.4758	0.4924	0.4947	0.4456	0.4466	0.4571	0.8492	0.1739	0.1491	-1.52472
0.4682	0.4946	0.4963	0.401	0.4825	0.4596	0.526	0.461	0.1047	-0.218295
0.47	0.4965	0.4925	0.4111	0.4712	0.4676	0.5612	0.1401	0.3125	-0.497265
0.4876	0.4841	0.4961	0.4485	0.3878	0.4784	0.3356	0.1867	0.2267	-1.55452
0.4774	0.4993	0.4953	0.4185	0.4892	0.4801	0.4188	0.0718	0.3125	-0.700855
0.4744	0.4801	0.4972	0.4145	0.4227	0.4883	0.4688	0.375	0.3188	-0.593301
0.491	0.4972	0.4968	0.4555	0.4601	0.4731	0.2655	0.0779	0.141	-1.78397
0.4755	0.4967	0.497	0.416	0.4865	0.4719	0.4494	0.3354	0.125	-0.632825
0.4648	0.4969	0.4982	0.4058	0.478	0.4848	0.662	0.1677	0.1366	-0.354147
0.4733	0.4856	0.497	0.4008	0.4406	0.4687	0.4107	0.3393	0.1087	-0.211394
0.4881	0.4975	0.4993	0.4533	0.4797	0.4834	0.358	0.1421	0.0474	-1.72147
0.4685	0.4675	0.4964	0.4078	0.3855	0.4868	0.5725	0.45	0.3786	-0.405582
0.4805	0.4641	0.4983	0.4381	0.3494	0.4784	0.4889	0.3702	0.0861	-1.28469
0.4867	0.4962	0.4964	0.4543	0.4701	0.464	0.4326	0.1497	0.1156	-1.74957
0.4963	0.498	0.4971	0.486	0.4792	0.4772	0.3636	0.1086	0.1486	-2.73727
0.4797	0.476	0.4957	0.4286	0.3988	0.4806	0.4286	0.3462	0.2912	-0.997745
0.4804	0.4657	0.4976	0.4539	0.3957	0.4757	0.7742	0.5484	0.1111	-1.78785
0.4898	0.4909	0.4961	0.4711	0.4686	0.4498	0.558	0.4214	0.0875	-2.29968
0.4875	0.4969	0.4978	0.4497	0.4707	0.4762	0.349	0.1212	0.103	-1.59467
0.4723	0.4977	0.4991	0.4203	0.4807	0.4841	0.5811	0.1386	0.0602	-0.760685
0.4857	0.4987	0.4977	0.4532	0.4833	0.473	0.4643	0.086	0.0968	-1.73892
0.4809	0.4982	0.4973	0.4453	0.4732	0.4741	0.5695	0.0747	0.1207	-1.50167
0.4649	0.4842	0.4984	0.4188	0.4561	0.4839	0.831	0.5878	0.1111	-0.727708
0.4898	0.4975	0.4972	0.4551	0.4718	0.4682	0.3069	0.0995	0.0995	-1.77716
0.4758	0.4961	0.498	0.411	0.4812	0.471	0.4124	0.27	0.0776	-0.496999
0.4725	0.4977	0.4979	0.4191	0.4739	0.4763	0.56	0.0983	0.0983	-0.725422
0.4832	0.4977	0.4963	0.4406	0.4687	0.4695	0.4203	0.0816	0.1429	-1.33418
0.4897	0.4977	0.4981	0.4462	0.4556	0.4645	0.2511	0.0579	0.0579	-1.50104
0.4722	0.4986	0.4992	0.4261	0.4851	0.4872	0.6543	0.102	0.0714	-0.937355
0.4765	0.4961	0.4975	0.4166	0.4839	0.4707	0.4286	0.3247	0.0958	-0.648991
0.459	0.4937	0.4964	0.3499	0.4793	0.4884	0.446	0.446	0.4532	1.07537
0.4759	0.499	0.4978	0.4119	0.4754	0.4773	0.4142	0.0432	0.1081	-0.518777
0.484	0.4905	0.4976	0.425	0.452	0.4723	0.2934	0.2575	0.0971	-0.869472
0.4775	0.4948	0.4978	0.4406	0.4791	0.4761	0.6494	0.3355	0.1017	-1.36779
0.4828	0.4843	0.4977	0.4565	0.4398	0.4763	0.6815	0.3741	0.1104	-1.85261
0.4804	0.4982	0.4991	0.423	0.4826	0.4871	0.3704	0.1176	0.0802	-0.833091
0.4558	0.457	0.4948	0.3927	0.3798	0.4501	0.7903	0.6371	0.1224	0.0065968
0.4824	0.4961	0.4981	0.4366	0.4825	0.4736	0.411	0.2945	0.08	-1.2264
0.4782	0.4978	0.4978	0.4297	0.4755	0.4822	0.4845	0.1029	0.1429	-1.03165
0.4892	0.4896	0.4972	0.4588	0.4482	0.4776	0.3698	0.2656	0.1463	-1.90322
0.4552	0.481	0.4959	0.3761	0.4428	0.4383	0.6509	0.5266	0.075	0.44715
0.4839	0.4954	0.4983	0.4441	0.4574	0.4799	0.4295	0.1257	0.0914	-1.44879
0.4746	0.4962	0.4977	0.4277	0.4588	0.4791	0.5846	0.1074	0.1275	-0.970581
0.4891	0.4866	0.4971	0.4642	0.4492	0.4564	0.4556	0.3787	0.0741	-2.08046
0.4885	0.4902	0.4952	0.4502	0.446	0.4758	0.3155	0.2353	0.2513	-1.6211
0.4689	0.4664	0.4812	0.4122	0.3768	0.3363	0.6026	0.4305	0.1557	-0.531216
0.4728	0.4778	0.4984	0.405	0.3999	0.4731	0.4438	0.3167	0.0653	-0.328579
0.4931	0.4946	0.4953	0.4767	0.442	0.4545	0.4317	0.11	0.1196	-2.48474
0.4953	0.4874	0.4981	0.4834	0.4475	0.4781	0.3977	0.3333	0.0984	-2.68516
0.4883	0.4908	0.4963	0.4697	0.4435	0.4615	0.6503	0.205	0.1118	-2.27236
0.4803	0.4966	0.4981	0.4332	0.4686	0.4709	0.4472	0.1243	0.0734	-1.12942
0.4797	0.4411	0.4936	0.453	0.3369	0.4851	0.8	0.6838	0.763	-1.753
0.4665	0.4861	0.4962	0.3973	0.4494	0.4649	0.5417	0.4	0.1242	-0.117416
0.4742	0.4965	0.4963	0.4325	0.468	0.4527	0.6644	0.1278	0.0889	-1.12423
0.4817	0.492	0.4971	0.4417	0.4686	0.4873	0.4873	0.3544	0.3038	-1.38793
0.49	0.4958	0.4979	0.4552	0.478	0.4771	0.3	0.2421	0.1034	-1.76947
0.4846	0.4965	0.4975	0.4467	0.4863	0.4588	0.4312	0.35	0.0678	-1.53017
0.492	0.4954	0.495	0.466	0.4553	0.4536	0.3212	0.12	0.1257	-2.09494
0.4888	0.4955	0.4964	0.4598	0.4786	0.4838	0.4013	0.2745	0.2876	-1.91948
0.4709	0.4808	0.4975	0.4052	0.4177	0.4721	0.4901	0.3311	0.1	-0.33306
0.4678	0.4837	0.4961	0.3858	0.4443	0.4507	0.4459	0.4392	0.0909	0.186582
0.4845	0.498	0.4982	0.445	0.4752	0.4697	0.4144	0.0914	0.066	-1.48367
0.4759	0.4956	0.4962	0.4264	0.4463	0.4649	0.5263	0.0947	0.1243	-0.935416
0.4742	0.4703	0.4894	0.4322	0.3899	0.4591	0.6579	0.4167	0.3654	-1.11464
0.4833	0.48	0.4985	0.445	0.394	0.4836	0.4611	0.2606	0.1014	-1.48968
0.491	0.492	0.4986	0.4623	0.4522	0.484	0.3267	0.2115	0.0964	-1.96936
0.4783	0.4992	0.4978	0.4265	0.487	0.4683	0.4529	0.0667	0.0769	-0.937733
0.4778	0.4782	0.4887	0.4264	0.4066	0.4408	0.4677	0.3369	0.2513	-0.939223
0.4759	0.4983	0.498	0.4037	0.4729	0.4799	0.3702	0.0707	0.1111	-0.291424
0.4728	0.4977	0.496	0.4155	0.4789	0.4607	0.52	0.125	0.119	-0.623095
0.4838	0.4812	0.4969	0.4429	0.4084	0.4677	0.4201	0.284	0.1081	-1.41622
0.4946	0.4811	0.4982	0.4803	0.4175	0.4793	0.3816	0.3247	0.0952	-2.5587
0.4871	0.4973	0.4955	0.4493	0.4704	0.4493	0.3613	0.1037	0.1037	-1.59058
0.4754	0.4739	0.4949	0.417	0.3831	0.4813	0.4615	0.3269	0.3846	-0.662855
0.4902	0.4977	0.498	0.4666	0.4813	0.4657	0.4286	0.1437	0.0632	-2.13876
0.4851	0.4757	0.4975	0.4521	0.4115	0.4681	0.4734	0.4152	0.0863	-1.70649
0.4829	0.4963	0.4965	0.4457	0.459	0.463	0.4855	0.1042	0.1094	-1.51231
0.4869	0.4966	0.4949	0.4569	0.4601	0.4564	0.4581	0.0983	0.1387	-1.84421
0.4816	0.4978	0.499	0.4229	0.464	0.4777	0.3409	0.0684	0.0474	-0.823207
0.4759	0.4983	0.4962	0.4251	0.4776	0.4871	0.5139	0.0838	0.4306	-0.893971
0.4886	0.4922	0.4929	0.4598	0.4674	0.4676	0.4103	0.3249	0.2893	-1.94472
0.4875	0.4978	0.498	0.459	0.4806	0.476	0.4589	0.1274	0.0955	-1.90491
0.4653	0.497	0.4985	0.4223	0.474	0.486	0.877	0.1329	0.1189	-0.826073
0.4717	0.4848	0.4936	0.4082	0.4309	0.4675	0.4912	0.3029	0.2514	-0.418963
0.4756	0.4922	0.4961	0.4391	0.4757	0.4541	0.7111	0.4889	0.0981	-1.33384
0.4889	0.4826	0.4973	0.4583	0.4244	0.4635	0.3777	0.3245	0.0845	-1.88884
0.4804	0.4849	0.4959	0.4315	0.4321	0.4494	0.432	0.3077	0.0919	-1.08143
0.4761	0.4931	0.4981	0.4207	0.4657	0.4799	0.4689	0.2623	0.1066	-0.771741
0.4866	0.4738	0.498	0.463	0.4134	0.4593	0.5929	0.4755	0.0539	-2.04946
0.4787	0.4886	0.4961	0.4228	0.4509	0.4655	0.414	0.3185	0.1307	-0.82354
0.4747	0.4806	0.4969	0.4245	0.4328	0.4648	0.5448	0.4345	0.1006	-0.880331
0.4822	0.4858	0.4894	0.446	0.4435	0.4577	0.5217	0.3571	0.35	-1.51092
0.4846	0.485	0.4987	0.4513	0.4354	0.4851	0.4852	0.3235	0.0947	-1.68373
0.4734	0.496	0.4956	0.3802	0.4494	0.4505	0.3257	0.0914	0.1022	0.329007
0.4853	0.498	0.4973	0.4388	0.4734	0.473	0.3372	0.0856	0.1123	-1.27975
0.4859	0.4894	0.4961	0.4453	0.4525	0.4382	0.3663	0.3024	0.0724	-1.49159
0.4763	0.4892	0.4971	0.4153	0.4561	0.472	0.4253	0.3409	0.117	-0.614618
0.4837	0.4964	0.4988	0.4498	0.4639	0.484	0.5054	0.1139	0.0792	-1.64512
0.4838	0.4878	0.4988	0.4372	0.4294	0.4861	0.371	0.2246	0.098	-1.24482
0.468	0.4835	0.4963	0.414	0.4537	0.451	0.6507	0.5822	0.0862	-0.584918
0.4862	0.4981	0.4991	0.4598	0.4772	0.4855	0.5423	0.093	0.064	-1.94242
0.4926	0.4986	0.498	0.4678	0.483	0.4796	0.3103	0.0904	0.1117	-2.15413
0.4821	0.492	0.4935	0.4379	0.4626	0.4456	0.4337	0.2831	0.1436	-1.26984
0.468	0.4978	0.4979	0.4165	0.4816	0.4826	0.6803	0.1379	0.1379	-0.651186
0.4755	0.4767	0.4968	0.4283	0.4287	0.4526	0.559	0.5217	0.0773	-0.995367
0.4788	0.4824	0.4955	0.4358	0.4362	0.4805	0.5273	0.4061	0.3091	-1.21548
0.478	0.4961	0.4974	0.4118	0.4555	0.4745	0.366	0.0994	0.117	-0.508335
0.4799	0.4989	0.4979	0.4258	0.485	0.4732	0.4013	0.0824	0.0882	-0.906118
0.4627	0.4966	0.4979	0.389	0.4669	0.4755	0.5731	0.1198	0.0938	0.105312
0.4686	0.4847	0.4978	0.391	0.4319	0.4811	0.4565	0.3116	0.1316	0.0516814
0.4715	0.4976	0.4977	0.4093	0.4732	0.465	0.5066	0.1017	0.0734	-0.447643
0.4872	0.4792	0.4963	0.4483	0.3807	0.4799	0.345	0.2398	0.2339	-1.56298
0.4769	0.4746	0.4977	0.4247	0.398	0.4754	0.4795	0.3699	0.1049	-0.880069
0.4787	0.4973	0.4978	0.433	0.4782	0.4656	0.5	0.1463	0.0723	-1.12477
0.4767	0.4824	0.4969	0.4299	0.4317	0.4596	0.5349	0.3721	0.0863	-1.04431
0.482	0.4921	0.4976	0.4481	0.474	0.4741	0.5597	0.4478	0.1039	-1.57982
0.4757	0.4819	0.4985	0.4242	0.4273	0.4801	0.511	0.3587	0.0854	-0.876915
0.4703	0.4786	0.4981	0.4007	0.4181	0.4712	0.4759	0.3855	0.0714	-0.209363
0.4864	0.4976	0.4973	0.4532	0.4761	0.4761	0.4311	0.1148	0.1311	-1.73216
0.4857	0.4889	0.4964	0.4428	0.4404	0.4817	0.3542	0.2448	0.25	-1.40992
0.4772	0.4976	0.4964	0.4271	0.4642	0.4608	0.4929	0.0745	0.1056	-0.948282
0.4729	0.4801	0.4983	0.4099	0.4136	0.4833	0.4733	0.329	0.1138	-0.463101
0.4605	0.4967	0.4982	0.3892	0.4653	0.4746	0.6268	0.1091	0.0788	0.100614
0.4728	0.4888	0.4956	0.417	0.458	0.4838	0.5345	0.3785	0.3785	-0.669765
0.4892	0.4942	0.4973	0.4555	0.4615	0.4531	0.3371	0.1854	0.0652	-1.78157
0.4667	0.4974	0.4962	0.3851	0.4729	0.4608	0.4632	0.107	0.1116	0.208459
0.4815	0.4765	0.499	0.4443	0.4218	0.4854	0.526	0.4675	0.0726	-1.46923
0.4926	0.4933	0.4977	0.4596	0.4598	0.4675	0.2321	0.2071	0.0795	-1.85472
0.4679	0.4802	0.4975	0.3992	0.4204	0.4645	0.5207	0.3609	0.0785	-0.169666
0.4811	0.4966	0.4987	0.4512	0.4716	0.488	0.6667	0.141	0.125	-1.68848
0.457	0.4716	0.4961	0.398	0.4155	0.4841	0.8148	0.5556	0.3289	-0.137486
0.4785	0.4987	0.4978	0.4006	0.4859	0.4458	0.3072	0.1056	0.0444	-0.201841
0.4839	0.4965	0.4955	0.4448	0.4679	0.4596	0.437	0.125	0.1319	-1.46034
0.4721	0.498	0.4965	0.4245	0.4756	0.4491	0.6351	0.0893	0.0774	-0.886367
0.4753	0.4973	0.4982	0.4294	0.4891	0.486	0.5796	0.3312	0.1469	-1.02973
0.4755	0.495	0.4919	0.4454	0.4856	0.4764	0.8649	0.5495	0.5315	-1.51331
0.481	0.4968	0.4973	0.4488	0.4743	0.4685	0.6242	0.1437	0.0977	-1.61562
0.4719	0.498	0.4967	0.4229	0.4779	0.4671	0.6234	0.1034	0.1149	-0.841214
0.4664	0.4952	0.4951	0.3977	0.4671	0.455	0.5465	0.1753	0.1289	-0.129675
0.4789	0.4977	0.4967	0.4309	0.4742	0.4548	0.4737	0.0994	0.0819	-1.06171
0.4794	0.496	0.4955	0.4395	0.4836	0.4682	0.5507	0.3333	0.1711	-1.3183
0.4888	0.4953	0.4948	0.4547	0.4492	0.4689	0.3457	0.1066	0.2094	-1.76749
0.4701	0.4735	0.4984	0.406	0.4052	0.4706	0.5172	0.4295	0.061	-0.354188
0.4773	0.4973	0.498	0.443	0.4724	0.475	0.7	0.1138	0.0898	-1.43875
0.4861	0.4896	0.4971	0.4633	0.4665	0.473	0.6343	0.4627	0.1224	-2.05972
0.4877	0.4978	0.4972	0.4636	0.4764	0.4765	0.5315	0.1066	0.1393	-2.03431
0.4821	0.4985	0.498	0.4372	0.4858	0.4786	0.426	0.1223	0.1064	-1.24815
0.4849	0.496	0.4979	0.4474	0.4576	0.4682	0.4267	0.1098	0.0732	-1.54548
0.4814	0.4848	0.4925	0.4198	0.4109	0.457	0.3297	0.2253	0.2198	-0.734566
0.4751	0.4774	0.496	0.4303	0.4236	0.4828	0.5988	0.4568	0.3091	-1.05921
0.4794	0.4968	0.4953	0.4315	0.4714	0.4591	0.461	0.128	0.1341	-1.07318
0.4796	0.4893	0.4985	0.4427	0.4593	0.4827	0.589	0.3741	0.0976	-1.4243
0.47	0.4967	0.4981	0.4101	0.4892	0.4731	0.5528	0.4534	0.0773	-0.472033
0.4721	0.4923	0.4971	0.4068	0.471	0.4619	0.4717	0.3688	0.0852	-0.377228
0.4735	0.4974	0.4989	0.4172	0.4761	0.4874	0.5149	0.1258	0.0993	-0.66745
0.4594	0.4937	0.4968	0.4033	0.4854	0.464	0.8045	0.7744	0.1012	-0.285374
0.4822	0.4955	0.4953	0.4454	0.4769	0.4604	0.512	0.2457	0.1405	-1.5059
0.4846	0.497	0.4986	0.4336	0.462	0.4802	0.3242	0.0905	0.0804	-1.13018
0.4741	0.4887	0.498	0.4126	0.4554	0.4673	0.4634	0.3537	0.0688	-0.538481
0.4889	0.4942	0.4982	0.4587	0.4651	0.477	0.3829	0.2057	0.0889	-1.89497
0.4708	0.4939	0.4971	0.4224	0.481	0.474	0.6565	0.4815	0.1296	-0.821336
0.482	0.4976	0.4981	0.4281	0.4688	0.4785	0.3605	0.0856	0.0963	-0.972001
0.4832	0.498	0.4982	0.4541	0.48	0.4706	0.6065	0.1143	0.0686	-1.77914
0.4815	0.4791	0.4987	0.4365	0.419	0.4839	0.439	0.378	0.087	-1.22688
0.4785	0.4657	0.4959	0.4357	0.3633	0.4844	0.5364	0.3907	0.3642	-1.20894
0.4448	0.4948	0.4967	0.3793	0.4458	0.4663	0.9669	0.1118	0.1118	0.365016
0.4835	0.4971	0.4966	0.4451	0.4721	0.4578	0.4558	0.1205	0.0904	-1.47877
0.4563	0.4873	0.4956	0.3904	0.4627	0.487	0.75	0.5379	0.5152	0.0682699
0.4833	0.4966	0.4976	0.4195	0.4666	0.4766	0.2857	0.1176	0.1176	-0.722042
0.4876	0.4855	0.497	0.4591	0.4178	0.4798	0.4545	0.2338	0.1772	-1.91207
0.4833	0.4735	0.497	0.4564	0.4218	0.4735	0.6463	0.5578	0.1302	-1.85206
0.4816	0.4945	0.4968	0.4466	0.4586	0.4686	0.5549	0.1611	0.1167	-1.5449
0.4772	0.4746	0.4984	0.4361	0.4196	0.4612	0.5946	0.5034	0.0449	-1.22642
0.4635	0.4761	0.4956	0.396	0.4199	0.4605	0.6054	0.4626	0.1317	-0.0826946
0.4903	0.4863	0.4989	0.4621	0.4402	0.478	0.3584	0.3179	0.0558	-1.99126
0.4722	0.4979	0.4984	0.4049	0.4688	0.4832	0.4583	0.075	0.1062	-0.322843
0.4851	0.4864	0.4955	0.4554	0.4467	0.4533	0.5263	0.3626	0.1123	-1.81763
0.483	0.4955	0.4965	0.4342	0.4508	0.4727	0.375	0.1056	0.1491	-1.14151
0.465	0.4978	0.4955	0.4029	0.47	0.4514	0.6265	0.0816	0.1071	-0.27292
0.4787	0.4759	0.4967	0.4269	0.4039	0.486	0.4437	0.3706	0.3077	-0.938546
0.4756	0.4974	0.498	0.4323	0.4681	0.4687	0.6054	0.0936	0.0702	-1.11265
0.4867	0.4972	0.4986	0.4562	0.4654	0.4852	0.4545	0.0918	0.102	-1.83349
0.4853	0.4792	0.4991	0.4559	0.4373	0.4874	0.5229	0.5294	0.0824	-1.82394
0.4767	0.4955	0.4962	0.4377	0.4844	0.456	0.6376	0.4161	0.0977	-1.27655
0.4347	0.4698	0.492	0.3413	0.4154	0.4785	0.8429	0.6099	0.6028	1.31313
0.4891	0.4927	0.4983	0.4465	0.4555	0.4783	0.2717	0.2065	0.0885	-1.4935
0.4818	0.4785	0.4973	0.4352	0.4018	0.4871	0.4195	0.3107	0.2655	-1.1887
0.4731	0.4895	0.497	0.4106	0.4582	0.467	0.474	0.3506	0.1034	-0.481708
0.4808	0.4982	0.4986	0.43	0.4719	0.4824	0.407	0.0721	0.0856	-1.04193
0.459	0.4976	0.4976	0.3961	0.472	0.4751	0.7319	0.0952	0.1071	-0.0851253
0.4868	0.4978	0.4984	0.4609	0.4794	0.481	0.5282	0.1218	0.0962	-1.97441
0.476	0.4957	0.4983	0.4283	0.4658	0.4805	0.5423	0.1488	0.0952	-0.98913
0.479	0.494	0.4959	0.4227	0.4765	0.4621	0.4052	0.3529	0.125	-0.817553
0.4691	0.4865	0.4982	0.411	0.4586	0.4804	0.5862	0.5034	0.1034	-0.498077
0.4832	0.4873	0.4882	0.4359	0.4159	0.3871	0.3816	0.195	0.1321	-1.19621
0.48	0.4897	0.4975	0.4451	0.4675	0.4689	0.6056	0.4789	0.0892	-1.49765
0.4851	0.4973	0.4958	0.4482	0.4687	0.448	0.4241	0.0977	0.092	-1.57172
0.4827	0.48	0.4986	0.4295	0.406	0.4835	0.3503	0.2994	0.0928	-1.01171
0.4804	0.498	0.498	0.4373	0.4805	0.4631	0.4867	0.1163	0.0581	-1.25111
0.484	0.4956	0.4971	0.4531	0.4595	0.4732	0.5455	0.1283	0.123	-1.74658
0.4758	0.4866	0.499	0.4297	0.4563	0.4814	0.5646	0.4626	0.0581	-1.0336
0.4878	0.4804	0.4989	0.4559	0.3799	0.486	0.399	0.2217	0.0889	-1.82497
0.4706	0.4947	0.4951	0.4187	0.4458	0.4648	0.6174	0.1149	0.1667	-0.719281
0.4749	0.4897	0.4984	0.4395	0.4731	0.473	0.7536	0.6377	0.0636	-1.33581
0.4715	0.497	0.4991	0.4365	0.4732	0.4878	0.8731	0.1294	0.0765	-1.25201
0.474	0.4803	0.4986	0.4139	0.3909	0.4723	0.4744	0.2485	0.0568	-0.574376
0.483	0.4953	0.498	0.4181	0.4702	0.4773	0.2848	0.1919	0.1006	-0.675328
0.4811	0.4807	0.4982	0.4346	0.4181	0.4809	0.4348	0.3357	0.106	-1.15934
0.4792	0.4551	0.4768	0.4428	0.3412	0.3191	0.6096	0.4726	0.1801	-1.42967
0.4824	0.4947	0.4959	0.4416	0.4789	0.4556	0.46	0.34	0.1071	-1.37473
0.4643	0.4825	0.4781	0.396	0.4222	0.3949	0.5859	0.3162	0.2941	-0.0822829
0.4851	0.4979	0.4955	0.4533	0.4675	0.4684	0.4912	0.0722	0.1722	-1.74774
0.4858	0.4973	0.4979	0.4481	0.4711	0.4693	0.3963	0.108	0.0739	-1.56622
0.4919	0.4951	0.4867	0.4698	0.4586	0.4366	0.3804	0.1407	0.2826	-2.24891
0.4524	0.4942	0.4969	0.3562	0.4832	0.4602	0.5839	0.528	0.089	0.943974
0.4833	0.4983	0.4992	0.458	0.4776	0.4875	0.6879	0.0814	0.0698	-1.90484
0.489	0.496	0.4988	0.4677	0.4619	0.4818	0.5294	0.1236	0.073	-2.19538
0.4721	0.4579	0.4927	0.4262	0.3804	0.4806	0.6569	0.6204	0.6204	-0.934179
0.4729	0.4961	0.498	0.4008	0.4707	0.4833	0.4194	0.1588	0.1353	-0.211315
0.4831	0.4956	0.4984	0.4467	0.4672	0.4805	0.4932	0.1607	0.0893	-1.53471
0.4866	0.4978	0.4972	0.453	0.478	0.4593	0.4208	0.1142	0.0776	-1.73852
0.4479	0.4697	0.4986	0.359	0.3821	0.4797	0.6884	0.3931	0.0765	0.876469
0.481	0.4965	0.4965	0.4279	0.4761	0.4713	0.3869	0.1768	0.1413	-0.968231
0.4728	0.4756	0.4957	0.4385	0.4346	0.441	0.8485	0.6364	0.0828	-1.31049
0.4836	0.4861	0.4979	0.4558	0.446	0.4791	0.6164	0.3677	0.1149	-1.83066
0.4778	0.4956	0.4959	0.4367	0.4759	0.4642	0.5769	0.2286	0.1337	-1.24408
0.4883	0.492	0.4861	0.4609	0.4684	0.3989	0.4444	0.3504	0.1773	-1.95218
0.4773	0.4838	0.4974	0.4288	0.4432	0.4789	0.5038	0.4242	0.1409	-0.995828
0.4671	0.4698	0.4952	0.3999	0.413	0.4755	0.5461	0.5827	0.2533	-0.189107
0.4839	0.4843	0.498	0.4506	0.4262	0.4803	0.5077	0.2923	0.1168	-1.64367
0.4903	0.4964	0.4973	0.4637	0.4842	0.4663	0.3789	0.3043	0.0914	-2.04067
0.4619	0.4986	0.4985	0.3798	0.477	0.4858	0.5302	0.0678	0.1186	0.345929
0.4914	0.4958	0.487	0.4658	0.4609	0.4421	0.3497	0.1257	0.3067	-2.09716
0.4737	0.4988	0.4956	0.4273	0.4854	0.4597	0.6125	0.0914	0.129	-0.970167
0.4784	0.4944	0.4944	0.4112	0.4713	0.4734	0.3533	0.2515	0.2754	-0.49262
0.4703	0.4867	0.4989	0.4106	0.4526	0.4865	0.5474	0.4088	0.0864	-0.481681
0.493	0.4881	0.4992	0.4721	0.4393	0.487	0.3462	0.2595	0.066	-2.30897
0.4801	0.4758	0.4975	0.4435	0.4286	0.4671	0.5774	0.5549	0.0863	-1.4544
0.4738	0.4657	0.4756	0.4307	0.3943	0.4204	0.6533	0.54	0.48	-1.06902
0.4758	0.4904	0.4981	0.413	0.4624	0.4709	0.4235	0.3588	0.0733	-0.550587
0.4922	0.4919	0.4966	0.4706	0.4644	0.4691	0.3734	0.3038	0.1294	-2.25194
0.4821	0.4959	0.4968	0.4526	0.4471	0.4695	0.6364	0.0897	0.1218	-1.72487
0.4815	0.4876	0.4965	0.447	0.4094	0.4729	0.5674	0.1742	0.1548	-1.54882
0.4759	0.4791	0.4919	0.432	0.4264	0.4691	0.5915	0.4296	0.3662	-1.10242
0.4544	0.4988	0.4987	0.3832	0.4854	0.4835	0.7288	0.0909	0.0839	0.257603
0.4775	0.4976	0.4972	0.428	0.4782	0.4584	0.4901	0.1272	0.0751	-0.978911
0.4683	0.491	0.4968	0.4024	0.47	0.4583	0.5347	0.4444	0.087	-0.255278
0.4864	0.4979	0.4967	0.4579	0.4829	0.47	0.5	0.1439	0.1295	-1.86714
0.4731	0.4867	0.4978	0.4155	0.4541	0.4732	0.5125	0.4286	0.0899	-0.624662
0.4889	0.4896	0.4979	0.4614	0.4505	0.4702	0.4219	0.2812	0.0784	-1.99734
0.48	0.498	0.4988	0.4236	0.4776	0.4794	0.3855	0.1027	0.0649	-0.84429
0.4824	0.4987	0.499	0.4406	0.483	0.4841	0.4468	0.0814	0.0679	-1.3589
0.4907	0.4977	0.4962	0.4704	0.4803	0.4484	0.4724	0.1348	0.0843	-2.27703
0.4772	0.4937	0.4961	0.4423	0.4455	0.45	0.6968	0.1389	0.0889	-1.4236
0.4816	0.4704	0.4982	0.4349	0.362	0.4718	0.4219	0.3177	0.0711	-1.18543
0.4836	0.4923	0.4985	0.4509	0.4691	0.4818	0.5256	0.3462	0.093	-1.66965
0.4762	0.4777	0.4952	0.4164	0.3922	0.4531	0.4359	0.293	0.1183	-0.644294
0.4865	0.464	0.4985	0.4625	0.3843	0.4803	0.5833	0.5139	0.0843	-2.03519
0.4701	0.4739	0.4946	0.425	0.4191	0.4832	0.7192	0.5205	0.4863	-0.906026
0.4815	0.4982	0.4973	0.4213	0.4776	0.4752	0.3351	0.0909	0.1263	-0.779253
0.4767	0.4988	0.4959	0.4326	0.4798	0.4558	0.5697	0.067	0.1061	-1.12593
0.4819	0.4972	0.4977	0.4163	0.4693	0.489	0.3027	0.1031	0.2649	-0.633407
0.48	0.4968	0.497	0.4051	0.4843	0.4693	0.2955	0.2557	0.1099	-0.323242
0.4865	0.4977	0.497	0.4518	0.4693	0.4667	0.4101	0.0839	0.1032	-1.66651
0.4854	0.4975	0.4977	0.459	0.4663	0.4751	0.5752	0.0828	0.1065	-1.92715
0.4726	0.4976	0.4965	0.4183	0.4725	0.4631	0.5503	0.0988	0.1105	-0.702095
0.4781	0.4971	0.4963	0.4316	0.466	0.4696	0.5058	0.0957	0.1436	-1.09111
0.4831	0.4976	0.4959	0.4361	0.4767	0.4697	0.3846	0.1189	0.1622	-1.20753
0.478	0.4951	0.4992	0.4211	0.4814	0.4872	0.4208	0.3607	0.0676	-0.781461
0.4781	0.4861	0.4918	0.4404	0.4593	0.4753	0.6159	0.5395	0.5066	-1.35726
0.4837	0.4936	0.4918	0.4486	0.4368	0.4704	0.4908	0.1204	0.3926	-1.59889
0.4876	0.4831	0.4967	0.437	0.4036	0.4608	0.2609	0.235	0.0945	-1.21198
0.4788	0.4966	0.4976	0.4389	0.4659	0.4791	0.5646	0.1166	0.135	-1.30625
0.4692	0.4775	0.497	0.419	0.4289	0.4713	0.6709	0.5	0.1189	-0.730451
0.4766	0.4795	0.4897	0.4288	0.4318	0.4677	0.5263	0.4605	0.4868	-1.00527
0.4794	0.4762	0.498	0.4398	0.4076	0.4805	0.5548	0.3836	0.1173	-1.3326
0.4761	0.4793	0.4923	0.4018	0.4032	0.4258	0.3571	0.3022	0.1244	-0.236773
0.4756	0.4823	0.4985	0.4409	0.445	0.4776	0.75	0.503	0.0718	-1.38689
0.4605	0.4971	0.4974	0.4112	0.4702	0.47	0.8841	0.1099	0.0989	-0.509531
0.4872	0.4967	0.4975	0.4611	0.4691	0.4782	0.5127	0.1243	0.1302	-1.98845
0.4841	0.4921	0.4989	0.4429	0.4566	0.4878	0.4085	0.2317	0.1	-1.41228
0.4636	0.4947	0.4962	0.3915	0.4621	0.4663	0.5695	0.1676	0.1329	0.0385994
0.4922	0.4983	0.4991	0.4649	0.4778	0.4865	0.2982	0.0862	0.0733	-2.08394
0.4817	0.4759	0.498	0.432	0.3837	0.4785	0.3947	0.2961	0.103	-1.08269
0.4821	0.4848	0.4985	0.4401	0.4408	0.4789	0.454	0.3678	0.0802	-1.33924
0.4832	0.496	0.4984	0.4513	0.4706	0.4799	0.5562	0.1608	0.0905	-1.69327
0.4809	0.496	0.4981	0.4395	0.4799	0.4774	0.4906	0.256	0.0966	-1.32259
0.4635	0.4929	0.498	0.4043	0.4796	0.4772	0.685	0.5504	0.1006	-0.309878
0.4652	0.4962	0.4987	0.3971	0.471	0.4819	0.5724	0.1557	0.0769	-0.113096
0.4862	0.4965	0.4981	0.4593	0.4676	0.4831	0.5328	0.1242	0.1307	-1.9212
0.4855	0.497	0.4982	0.4418	0.4711	0.4792	0.3515	0.1193	0.0963	-1.38444
0.4746	0.4893	0.4969	0.4201	0.4547	0.4867	0.5068	0.3243	0.3133	-0.751636
0.4745	0.4958	0.4942	0.4092	0.4563	0.453	0.4294	0.1111	0.1481	-0.442906
0.4742	0.4976	0.4975	0.4082	0.4719	0.4614	0.4304	0.096	0.0734	-0.413112
0.4847	0.4954	0.4956	0.4593	0.4594	0.4626	0.6308	0.1325	0.1391	-1.93128
0.471	0.4737	0.4947	0.4232	0.4123	0.4814	0.6591	0.4697	0.4091	-0.844841
0.4885	0.4872	0.4952	0.4638	0.4399	0.4799	0.4832	0.2886	0.32	-2.06213
0.4859	0.4768	0.4865	0.4486	0.4029	0.4281	0.3987	0.3481	0.25	-1.57924
0.4703	0.4969	0.4974	0.4266	0.4636	0.4719	0.7361	0.0977	0.1034	-0.950764
0.4706	0.4804	0.4977	0.4229	0.4394	0.4789	0.6692	0.5115	0.1234	-0.83815
0.4833	0.4978	0.4978	0.4379	0.4759	0.4775	0.3918	0.1027	0.1081	-1.26532
0.4827	0.4916	0.4967	0.4533	0.475	0.468	0.6183	0.5191	0.1192	-1.74481
0.4794	0.4883	0.4958	0.4464	0.4203	0.4561	0.6597	0.1879	0.1098	-1.54324
0.4791	0.4895	0.4983	0.434	0.4585	0.4809	0.4969	0.3558	0.0994	-1.15883
0.4727	0.4959	0.4951	0.4143	0.4661	0.4464	0.5137	0.1429	0.1071	-0.586452
0.4806	0.4954	0.497	0.4294	0.4822	0.4614	0.4097	0.3542	0.0864	-1.00842
0.4755	0.4984	0.4978	0.4436	0.4821	0.4709	0.8148	0.1006	0.0828	-1.46497
0.4879	0.4914	0.4968	0.4551	0.4592	0.4544	0.3866	0.2769	0.0802	-1.79345
0.462	0.4981	0.497	0.3801	0.4782	0.4603	0.529	0.0973	0.0865	0.339233
0.4785	0.4901	0.4968	0.4483	0.4616	0.4781	0.7483	0.3618	0.1737	-1.60609
0.4739	0.4968	0.4951	0.4152	0.474	0.4545	0.4861	0.1429	0.125	-0.608955
0.4766	0.4994	0.4987	0.423	0.4882	0.4826	0.474	0.0567	0.0825	-0.836676
0.479	0.4976	0.4961	0.4475	0.4807	0.4865	0.7068	0.1438	0.4135	-1.57615
0.465	0.4907	0.4935	0.3841	0.3864	0.446	0.4913	0.1005	0.1457	0.233383
0.4876	0.4955	0.4968	0.4506	0.4764	0.4686	0.3509	0.2398	0.1189	-1.63431
0.4631	0.4975	0.4986	0.3908	0.4665	0.4878	0.5764	0.0819	0.1287	0.0580191
0.4731	0.4899	0.4966	0.4322	0.4635	0.4741	0.707	0.3975	0.1564	-1.11825
0.4818	0.4975	0.4981	0.4307	0.4751	0.4862	0.3819	0.1132	0.1635	-1.04046
0.4762	0.475	0.4984	0.4269	0.4013	0.4727	0.5205	0.3767	0.0621	-0.948323
0.4763	0.4796	0.4911	0.4245	0.4204	0.4666	0.4966	0.3758	0.3758	-0.878351
0.4681	0.4979	0.4981	0.4037	0.4793	0.4739	0.55	0.118	0.0787	-0.294436
0.4715	0.4851	0.4939	0.4116	0.4309	0.4672	0.5245	0.2966	0.2349	-0.510255
0.4595	0.4964	0.4963	0.3968	0.4528	0.4662	0.725	0.0867	0.1267	-0.10596
0.4733	0.4957	0.4963	0.4179	0.4673	0.4583	0.5274	0.1566	0.1024	-0.690122
0.4808	0.4862	0.4921	0.4359	0.4136	0.4514	0.4571	0.2079	0.2045	-1.21497
0.4855	0.497	0.4966	0.439	0.4669	0.4586	0.3314	0.105	0.0939	-1.28319
0.4728	0.4954	0.4987	0.4192	0.4802	0.4751	0.5531	0.3111	0.0571	-0.734769
0.4975	0.496	0.4934	0.4805	0.4642	0.4747	0.1529	0.1294	0.362	-2.39604
0.4657	0.4749	0.4971	0.413	0.4397	0.4779	0.7143	0.7589	0.1544	-0.552995
0.4611	0.4974	0.4985	0.3845	0.4626	0.4789	0.5765	0.0788	0.0788	0.224845
0.4754	0.4946	0.4973	0.4267	0.4812	0.4725	0.5461	0.4126	0.1125	-0.942465
0.4793	0.4742	0.4992	0.442	0.4094	0.4885	0.5903	0.4384	0.0769	-1.40034
0.4711	0.4895	0.4966	0.4211	0.468	0.4756	0.6304	0.5072	0.1635	-0.785212
0.4655	0.4958	0.4972	0.4004	0.4752	0.4727	0.5912	0.2075	0.1166	-0.201184
0.4891	0.488	0.4992	0.4656	0.4441	0.487	0.48	0.2898	0.0703	-2.13345
0.4778	0.496	0.4968	0.4322	0.4686	0.466	0.5253	0.1505	0.1075	-1.10878
0.489	0.4987	0.4988	0.4398	0.482	0.4846	0.2392	0.0762	0.0893	-1.29656
0.4735	0.4938	0.4979	0.4214	0.4432	0.4848	0.5524	0.1296	0.1667	-0.789775
0.4853	0.498	0.4958	0.4593	0.4807	0.4816	0.593	0.1168	0.3056	-1.94967
0.4833	0.4931	0.4971	0.435	0.4679	0.4708	0.369	0.2834	0.1156	-1.17899
0.4879	0.4921	0.4951	0.4639	0.4726	0.4513	0.5245	0.4196	0.118	-2.06857
0.4714	0.4693	0.4902	0.4115	0.3812	0.4671	0.5248	0.3972	0.4397	-0.507902
0.488	0.4989	0.4986	0.4568	0.4872	0.4811	0.4024	0.0929	0.082	-1.83294
0.4688	0.4979	0.4985	0.4211	0.4787	0.48	0.7121	0.1091	0.0848	-0.78767
0.48	0.4962	0.4972	0.4428	0.4682	0.4652	0.5685	0.1402	0.0915	-1.4231
0.4803	0.4659	0.4962	0.4459	0.3877	0.463	0.6084	0.4931	0.1183	-1.52236
0.4891	0.489	0.497	0.4604	0.447	0.459	0.3964	0.2781	0.082	-1.94838
0.4735	0.476	0.4966	0.4112	0.4109	0.4868	0.4667	0.4067	0.3467	-0.497322
0.4769	0.4984	0.4993	0.4288	0.4835	0.484	0.5168	0.1065	0.0473	-1.00479
0.4703	0.4956	0.4967	0.412	0.4609	0.4547	0.5613	0.1326	0.0829	-0.525642
0.4867	0.4781	0.4977	0.4613	0.4321	0.4791	0.5448	0.5103	0.1273	-1.99109
0.484	0.4992	0.4987	0.4474	0.4851	0.4846	0.4633	0.0603	0.0955	-1.56231
0.4869	0.4845	0.4929	0.4567	0.435	0.4458	0.4539	0.3355	0.1595	-1.83516
0.4654	0.4628	0.4969	0.4057	0.3752	0.4896	0.641	0.4872	0.4295	-0.350906
0.4818	0.4993	0.4997	0.442	0.4869	0.49	0.4847	0.058	0.0268	-1.40796
0.4695	0.4975	0.4971	0.4311	0.4748	0.4701	0.8571	0.1152	0.1091	-1.08537
