x
0.383
0.3766
0.37
0.3783
0.3709
0.3691
0.3855
0.3581
0.3817
0.3769
0.3677
0.3225
0.3584
0.3584
0.3682
0.3715
0.373
0.3607
0.38
0.3853
0.3663
0.3695
0.3786
0.3686
0.361
0.3689
0.3564
0.3728
0.3619
0.3769
0.3719
0.3695
0.3739
0.3819
0.3625
0.3691
0.3847
0.3733
0.3773
0.3615
0.362
0.3737
0.3673
0.3668
0.362
0.3602
0.3728
0.3675
0.3785
0.3728
0.37
0.357
0.372
0.3642
0.3757
0.3544
0.3817
0.3688
0.37
0.3717
0.3825
0.3673
0.3712
0.3684
0.3649
0.3728
0.3787
0.3827
0.376
0.3653
0.3697
0.3757
0.3737
0.3661
0.3899
0.3762
0.3686
0.3545
0.3734
0.3795
0.3631
0.3495
0.3895
0.3666
0.3765
0.3695
0.3638
0.3811
0.3842
0.3703
0.36
0.3506
0.364
0.358
0.3492
0.3626
0.366
0.3558
0.3668
0.3675
0.3819
0.3764
0.3871
0.3835
0.3684
0.3722
0.3772
0.377
0.3792
0.3722
0.3811
0.3727
0.3866
0.3681
0.3715
0.3606
0.3442
0.3694
0.3846
0.371
0.3726
0.3834
0.3736
0.3616
0.3771
0.3705
0.3681
0.37
0.3744
0.3695
0.3641
0.3803
0.3662
0.3826
0.3793
0.3648
0.3589
0.3658
0.3531
0.3573
0.3746
0.3699
0.3695
0.3794
0.3537
0.3705
0.3808
0.3516
0.3682
0.3746
0.364
0.3691
0.3598
0.3823
0.3634
0.3715
0.367
0.3895
0.3597
0.3806
0.3804
0.3772
0.3559
0.3466
0.3733
0.3784
0.381
0.3607
0.3641
0.3757
0.356
0.3648
0.3757
0.3812
0.3753
0.37
0.3528
0.3688
0.364
0.3705
0.3827
0.3686
0.3665
0.3654
0.3549
0.3794
0.3717
0.376
0.3742
0.3659
0.3591
0.3632
0.3813
0.3801
0.3558
0.3802
0.3832
0.3581
0.3591
0.3615
0.3799
0.3761
0.3661
0.3748
0.3822
0.372
0.358
0.3691
0.3666
0.3785
0.3772
0.3831
0.3719
0.3709
0.3783
0.3813
0.36
0.357
0.3703
0.3626
0.3732
0.3769
0.3754
0.379
0.3678
0.3819
0.3698
0.3815
0.3654
0.3698
0.3774
0.3715
0.3824
0.357
0.3564
0.356
0.386
0.3829
0.3773
0.3775
0.3571
0.3909
0.3471
0.3495
0.3757
0.3899
0.3737
0.3621
0.3557
0.3701
0.356
0.3607
0.3808
0.3608
0.3511
0.3625
0.3585
0.3663
0.3722
0.3607
0.3749
0.3829
0.3651
0.3665
0.3759
0.363
0.3709
0.3785
0.3494
0.3768
0.3604
0.3445
0.3829
0.3591
0.3632
0.3847
0.3649
0.3879
0.3648
0.3756
0.362
0.3577
0.375
0.374
0.3166
0.3768
0.3818
0.3792
0.378
0.3761
0.3574
0.35
0.3665
0.3644
0.3751
0.3715
0.3711
0.3835
0.3617
0.3624
0.3714
0.3701
0.3532
0.3669
0.3868
0.3683
0.3678
0.3772
0.3785
0.3663
0.38
0.3705
0.3762
0.3471
0.3738
0.3694
0.3738
0.3731
0.3793
0.3848
0.3581
0.3626
0.3746
0.3686
0.3815
0.384
0.3768
0.3674
0.3712
0.3726
0.3546
0.3649
0.3635
0.3721
0.3896
0.3797
0.3758
0.377
0.3649
0.3577
0.3726
0.3729
0.3801
0.3498
0.3834
0.3558
0.3672
0.3741
0.3691
0.3662
0.3781
0.3418
0.3558
0.3851
0.3652
0.3683
0.3714
0.3678
0.3635
0.375
0.3724
0.3527
0.3583
0.3712
0.3626
0.3789
0.3521
0.3767
0.3695
0.3756
0.3819
0.3656
0.3646
0.3617
0.3852
0.3823
0.3766
0.3609
0.3664
0.3619
0.3837
0.3744
0.3593
0.3754
0.3678
0.3585
0.3696
0.3728
0.3718
0.359
0.3541
0.3821
0.3732
0.3522
0.3645
0.3682
0.3611
0.3695
0.3808
0.3622
0.3586
0.3743
0.3594
0.3643
0.3776
0.3745
0.3709
0.3742
0.3707
0.3711
0.3734
0.3512
0.3788
0.3737
0.3714
0.3607
0.3572
0.3813
0.3806
0.3675
0.367
0.3843
0.3698
0.37
0.3768
0.368
0.3713
0.3854
0.3531
0.3809
0.3599
0.374
0.3649
0.3546
0.3793
0.3613
0.363
0.38
0.3732
0.3725
0.3564
0.3629
0.3696
0.3705
0.369
0.3743
0.3617
0.3554
0.3668
0.3852
0.3702
0.3877
0.3691
0.3775
0.383
0.359
0.3798
0.3767
0.354
0.3707
0.3539
0.3806
0.3813
0.3787
0.3566
0.3704
0.3636
0.3855
0.3774
0.3412
0.3638
0.3776
0.3702
0.3576
0.3767
0.3764
0.3633
0.3633
0.3712
0.3517
0.3692
0.3678
0.3813
0.3669
0.3563
0.375
0.3682
0.3625
0.3548
0.3782
0.3297
0.3744
0.3668
0.3661
0.3659
0.373
0.3784
0.3689
0.3686
0.3532
0.3731
0.351
0.3741
0.3548
0.3465
0.3729
0.3598
0.3796
0.3645
0.3684
0.3799
0.3696
0.3837
0.3739
0.3843
0.3693
0.3703
0.3631
0.3732
0.3527
0.3701
0.3935
0.3802
0.3755
0.359
0.3572
0.3705
0.3851
0.3763
0.3706
0.3702
0.3657
0.3779
0.366
0.3746
0.3498
0.3704
0.3721
0.3718
0.3776
0.3696
0.3797
0.362
0.3635
0.3504
0.3529
0.3653
0.3542
0.3577
0.3562
0.3746
0.3831
0.3646
0.3801
0.3745
0.3857
0.3796
0.3711
0.3811
0.3679
0.3864
0.3787
0.377
0.3717
0.3729
0.362
0.3609
0.3661
0.3683
0.3687
0.3787
0.3714
0.3579
0.374
0.383
0.3732
0.3476
0.3725
0.3709
0.3652
0.3747
0.3547
0.3582
0.3838
0.3678
0.3791
0.3763
0.3707
0.3758
0.3797
0.3305
0.3609
0.3693
0.3768
0.3835
0.3567
0.3748
0.3712
0.3718
0.3839
0.3751
0.3769
0.3636
0.3537
0.3599
0.3614
0.3644
0.3809
0.3511
0.3542
0.3684
0.3704
0.3546
0.3832
0.3847
0.3718
0.3522
0.3755
0.3746
0.3819
0.3539
0.3606
0.371
0.3809
0.3825
0.3868
0.3705
0.3815
0.3839
0.3816
0.3618
0.3789
0.3722
0.3686
0.3669
0.3821
0.3813
0.3665
0.3842
0.3848
0.3723
0.3504
0.3579
0.3651
0.3677
0.3683
0.3752
0.3695
0.3734
0.3784
0.3842
0.3541
0.3772
0.3732
0.3599
0.3834
0.3664
0.3772
0.3837
0.3746
0.3729
0.3748
0.3816
0.3794
0.362
0.3724
0.3532
0.3656
0.3872
0.3683
0.3745
0.376
0.3555
0.3672
0.3566
0.3758
0.3672
0.3854
0.3773
0.349
0.3663
0.371
0.3701
0.3603
0.3705
0.3677
0.3618
0.3592
0.351
0.3685
0.3702
0.3787
0.3814
0.3792
0.3592
0.3743
0.3778
0.3537
0.3906
0.3592
0.3701
0.3741
0.3709
0.3643
0.363
0.3759
0.3728
0.3669
0.3581
0.3539
0.3595
0.3798
0.3776
0.3713
0.3701
0.3654
0.3526
0.349
0.3618
0.3635
0.3432
0.3767
0.3588
0.3706
0.3652
0.3682
0.3395
0.3729
0.3722
0.3543
0.3738
0.3831
0.3517
0.3469
0.3748
0.3838
0.3713
0.3823
0.3853
0.3508
0.3636
0.3764
0.3706
0.3758
0.359
0.3643
0.3457
0.3721
0.3708
0.3781
0.3697
0.373
0.3609
0.3699
0.3804
0.3804
0.3743
0.376
0.3707
0.3594
0.38
0.3691
0.3606
0.3688
0.3801
0.3609
0.3557
0.3611
0.3491
0.3695
0.3803
0.3692
0.3768
0.3715
0.3834
0.3711
0.3728
0.3703
0.3719
0.3881
0.3664
0.3767
0.3655
0.3794
0.3765
0.3811
0.3759
0.3704
0.3824
0.3759
0.3535
0.3639
0.3755
0.3635
0.3723
0.3781
0.3845
0.3585
0.3506
0.3736
0.3367
0.3719
0.3599
0.3684
0.3663
0.3754
0.3711
0.3633
0.3601
0.3713
0.3792
0.3732
0.3768
0.366
0.3642
0.375
0.3762
0.3679
0.378
0.3642
0.3848
0.3792
0.3555
0.3802
0.36
0.3556
0.3704
0.3614
0.3728
0.3784
0.3664
0.3259
0.3597
0.3758
0.3638
0.3811
0.3712
0.3859
0.3484
0.3825
0.3747
0.3808
0.3434
0.3721
0.3684
0.3663
0.3563
0.3767
0.3626
0.3816
0.3663
0.3755
0.3654
0.374
0.3635
0.3795
0.3704
0.3634
0.3585
0.3708
0.3723
0.3755
0.3613
0.3646
0.3501
0.3619
0.3637
0.3413
0.3829
0.3613
0.363
0.3826
0.3857
0.3898
0.367
0.3694
0.3793
0.3741
0.3605
0.377
0.3753
0.3783
0.371
0.362
0.348
0.3616
0.3716
0.3687
0.3745
0.3605
0.3726
0.3621
0.3729
0.3714
0.3805
0.3845
0.3844
0.3569
0.3814
0.3752
0.3725
0.3548
0.3521
0.3382
0.3661
0.3906
0.3808
0.3704
0.3838
0.3578
0.3695
0.3543
0.3577
0.3636
0.3605
0.3761
0.3847
0.3599
0.3625
0.3679
0.3833
0.3783
0.3752
0.3721
0.3665
0.3509
0.3745
0.3589
0.3689
0.3858
0.3859
0.3803
0.3814
0.3659
0.3633
0.3658
0.3655
0.3779
0.3485
0.3599
0.3678
0.3768
0.3386
0.3702
0.3818
0.3869
0.3845
0.3698
0.3542
0.3713
0.3815
0.3645
0.361
0.3603
0.3692
0.3532
0.385
0.3585
0.3598
0.3784
0.3588
0.3657
0.3541
0.3634
0.3549
0.3643
0.3823
0.3751
0.3669
0.3692
0.3759
0.3807
0.3785
0.372
0.3615
0.3669
0.3582
0.3789
0.3779
0.3782
0.3743
0.3797
0.3777
0.3674
0.3731
0.3692
0.3481
0.3606
0.3761
0.3716
0.3858
0.3616
0.3738
0.3762
0.3751
0.3463
0.3764
0.3621
0.379
0.3696
0.3934
0.364
0.3886
0.3765
0.3594
0.3878
0.3876
0.3785
0.3729
0.3773
0.3987
0.398
0.3474
0.3519
0.3856
0.3736
0.3778
0.3892
0.3737
0.3762
0.3602
0.3592
0.3875
0.3613
0.3649
0.3777
0.3698
0.3728
0.3644
0.3961
0.3893
0.3712
0.397
0.3962
0.3644
0.3676
0.3885
0.3954
0.3775
0.3599
0.3546
0.3597
0.3742
0.3709
0.371
0.3571
0.391
0.3658
0.3975
0.3768
0.3762
0.3946
0.3736
0.3667
0.3753
0.3606
0.3973
0.3743
0.3847
0.3828
0.397
0.3571
0.3756
0.3886
0.3569
0.3626
0.3983
0.3822
0.3743
0.3705
0.3984
0.3669
0.3769
0.3982
0.3743
0.3938
0.3854
0.375
0.3884
0.3751
0.388
0.3638
0.3927
0.3794
0.3787
0.3755
0.3914
0.3717
0.3822
0.3965
0.36
0.3605
0.3604
0.3656
0.3473
0.343
0.3739
0.389
0.3733
0.3719
0.3847
0.3781
0.3947
0.3841
0.3727
0.3724
0.3758
0.3706
0.3606
0.3858
0.3856
0.3675
0.3963
0.3872
0.3764
0.3818
0.3743
0.396
0.3809
0.3977
0.3704
0.3959
0.3782
0.3982
0.3707
0.3746
0.3591
0.3612
0.3702
0.3712
0.3929
0.3968
0.3927
0.3907
0.3785
0.3659
0.3979
0.3709
0.3765
0.3964
0.381
0.3696
0.381
0.3921
0.3495
0.395
0.3801
0.3566
0.3738
0.3816
0.3602
0.3688
0.3679
0.3947
0.3829
0.3961
0.3821
0.39
0.3977
0.3659
0.3741
0.3626
0.3585
0.3862
0.3764
0.3798
0.393
0.368
0.3974
0.3869
0.3534
0.3546
0.3649
0.3747
0.3812
0.3724
0.3706
0.3866
0.3664
0.3763
0.3971
0.3969
0.398
0.37
0.3902
0.3833
0.3663
0.397
0.3759
0.3696
0.3917
0.3838
0.3961
0.3707
0.3975
0.3818
0.3986
0.3942
0.3645
0.3654
0.3966
0.3733
0.3937
0.3967
0.3844
0.3691
0.3865
0.3969
0.3744
0.3752
0.3753
0.3862
0.3646
0.3955
0.3858
0.3782
0.3698
0.354
0.3775
0.3771
0.3678
0.3981
0.3746
0.3709
0.3522
0.398
0.3849
0.398
0.3881
0.3676
0.3646
0.3696
0.3821
0.3508
0.3596
0.363
0.3642
0.3969
0.3734
0.3781
0.3585
0.3847
0.3933
0.3988
0.3765
0.3596
0.3757
0.3466
0.3648
0.3787
0.3486
0.3973
0.3894
0.3469
0.3881
0.358
0.3805
0.3764
0.3818
0.3625
0.3987
0.3486
0.3697
0.3681
0.3751
0.3982
0.3695
0.3646
0.3639
0.387
0.3652
0.3571
0.3858
0.3782
0.3971
0.3809
0.3609
0.3698
0.3955
0.3732
0.3536
0.3682
0.3929
0.3748
0.3609
0.3923
0.3951
0.3798
0.3712
0.3894
0.3775
0.395
0.365
0.3752
0.3606
0.3693
0.3966
0.3724
0.3968
0.3661
0.3711
0.3965
0.3508
0.3603
0.3771
0.3929
0.3957
0.3849
0.3624
0.3625
0.3976
0.3647
0.3776
0.3628
0.3793
0.3738
0.3793
0.3867
0.3952
0.3822
0.3979
0.3983
0.377
0.3698
0.3793
0.3873
0.3769
0.3491
0.3981
0.3883
0.3709
0.3665
0.3803
0.3708
0.3775
0.3973
0.3742
0.3949
0.3853
0.3548
0.3873
0.3629
0.3871
0.3632
0.3859
0.385
0.3713
0.3968
0.3614
0.3913
0.3891
0.3739
0.3828
0.3804
0.3559
0.3823
0.3985
0.3758
0.3979
0.3748
0.398
0.3701
0.3587
0.3943
0.3994
0.3552
0.3709
0.3667
0.3744
0.3786
0.3501
0.3978
0.3813
0.3935
0.3887
0.3884
0.3973
0.3979
0.3977
0.3975
0.3805
0.3697
0.396
0.3557
0.3673
0.3765
0.37
0.3982
0.3801
0.3635
0.3924
0.381
0.3736
0.3552
0.3906
0.3703
0.3675
0.3636
0.377
0.3663
0.3644
0.385
0.3834
0.3588
0.3728
0.3693
0.3818
0.3738
0.3674
0.3964
0.3737
0.3988
0.373
0.374
0.3961
0.374
0.3806
0.3969
0.3889
0.3869
0.362
0.3975
0.3677
0.3923
0.3774
0.3793
0.3974
0.3988
0.3765
0.3808
0.3991
0.3802
0.3947
0.3474
0.3748
0.3739
0.3635
0.3808
0.3763
0.3982
0.3747
0.3954
0.3714
0.3692
0.3758
0.3986
0.3997
0.3977
0.3684
0.3852
0.3933
0.3665
0.3869
0.3777
0.3861
0.3981
0.3888
0.3817
0.351
0.3721
0.3867
0.3766
0.3713
0.3987
0.3969
0.3722
0.3972
0.3872
0.3899
0.3512
0.3615
0.3798
0.3979
0.3858
0.3743
0.3721
0.3789
0.3611
0.3851
0.3658
0.3754
0.3878
0.3814
0.3783
0.3703
0.3813
0.3969
0.3933
0.3964
0.3984
0.3291
0.3664
0.3727
0.3647
0.3802
0.3979
0.3757
0.3935
0.3924
0.3763
0.3826
0.3592
0.3667
0.3948
0.3401
0.3781
0.3565
0.3701
0.3832
0.3687
0.3704
0.3692
0.3864
0.3722
0.3992
0.3785
0.377
0.3775
0.3574
0.3554
0.3843
0.3909
0.398
0.3967
0.3954
0.3709
0.3648
0.3988
0.3772
0.3716
0.3973
0.3658
0.3792
0.3986
0.3765
0.3535
0.3858
0.3936
0.3727
0.3987
0.3993
0.396
0.364
0.389
0.3604
0.397
0.377
0.331
0.3903
0.3454
0.398
0.3974
0.3609
0.3914
0.3943
0.38
0.3736
0.3945
0.3782
0.3695
0.3933
0.3753
0.3949
0.3749
0.3667
0.3726
0.3871
0.3969
0.3835
0.3686
0.3897
0.3732
0.386
0.3705
0.3974
0.3732
0.3805
0.379
0.3971
0.3682
0.371
0.3979
0.3819
0.3762
0.3798
0.3733
0.3909
0.3856
0.3834
0.3966
0.3973
0.3658
0.3894
0.3976
0.3811
0.3504
0.3978
0.3773
0.3834
0.3774
0.3766
0.3978
0.3819
0.3982
0.3647
0.3615
0.3754
0.3805
0.3342
0.3734
0.364
0.3978
0.3959
0.3691
0.3867
0.3844
0.3735
0.3714
0.3828
0.3986
0.3528
0.3776
0.3728
0.3871
0.3912
0.3868
0.3901
0.3816
0.3841
0.3838
0.3681
0.3967
0.3845
0.3753
0.3849
0.3843
0.3824
0.3947
0.3955
0.3957
0.3974
0.366
0.3532
0.3925
0.3591
0.361
0.3771
0.3987
0.3703
0.385
0.3849
0.3678
0.3967
0.398
0.3966
0.3766
0.3961
0.3967
0.3974
0.3975
0.3773
0.3824
0.3859
0.3786
0.3775
0.3951
0.3975
0.3479
0.3982
0.3622
0.3901
0.3725
0.3778
0.3951
0.3986
0.3773
0.3662
0.3863
0.3781
0.3976
0.3928
0.3982
0.3565
0.3548
0.3837
0.3712
0.357
0.3607
0.3481
0.3899
0.3974
0.3972
0.3953
0.3818
0.3742
0.3928
0.3709
0.3706
0.3827
0.3684
0.3741
0.3768
0.3976
0.3794
0.3518
0.3628
0.377
0.3949
0.3976
0.3978
0.3967
0.3973
0.3528
0.3694
0.3684
0.3578
0.3823
0.3579
0.3965
0.3882
0.344
0.3947
0.3959
0.3872
0.3866
0.3991
0.3812
0.387
0.3601
0.3925
0.3988
0.3738
0.3782
0.3601
0.3568
0.3595
0.372
0.3891
0.3852
0.3454
0.3777
0.3959
0.3906
0.3741
0.353
0.3565
0.3499
0.3776
0.3699
0.3702
0.3757
0.3976
0.3656
0.3733
0.383
0.3853
0.3835
0.3764
0.3578
0.3846
0.3894
0.3666
0.371
0.3978
0.3598
0.375
0.3966
0.3676
0.372
0.3773
0.378
0.3797
0.3967
0.3852
0.3842
0.3817
0.3844
0.3783
0.3745
0.3961
0.3877
0.3941
0.3718
0.3689
0.3715
0.3838
0.3724
0.3732
0.3947
0.3822
0.37
0.3691
0.3756
0.3698
0.3956
0.3989
0.3857
0.378
0.3618
0.3982
0.3988
0.3765
0.3829
0.395
0.3948
0.3967
0.3627
0.3969
0.3837
0.3643
0.379
0.356
0.3792
0.3981
0.3681
0.3842
0.3834
0.388
0.3966
0.3853
0.3743
0.3984
0.3978
0.396
0.3739
0.3756
0.3755
0.3749
0.3798
0.3725
0.3957
0.3389
0.3724
0.3743
0.3493
0.3875
0.3955
0.3828
0.3956
0.3985
0.3693
0.3725
0.3765
0.3669
0.3959
0.39
0.3586
0.3825
0.3766
0.3933
0.3807
0.3656
0.3663
0.3983
0.3979
0.3775
0.3875
0.3627
0.3569
0.3983
0.375
0.3752
0.3636
0.3614
0.3671
0.3977
0.3509
0.3951
0.3785
0.3678
0.3978
0.3892
0.3957
0.389
0.3788
0.375
0.3785
0.3952
0.3928
0.387
0.3754
0.3757
0.3769
0.3842
0.3596
0.3964
0.389
0.3562
0.3793
0.3546
0.398
0.3703
0.3962
0.3692
0.3818
0.3854
0.3834
0.3597
0.3792
0.3871
0.3834
0.3687
0.3983
0.3632
0.3632
0.3991
0.3831
0.3567
0.3818
0.3772
0.3774
0.3985
0.3667
0.3891
0.3588
0.3692
0.386
0.3975
0.3425
0.3674
0.3772
0.3868
0.3973
0.3974
0.3655
0.365
0.3806
0.3884
0.3841
0.3888
0.3892
0.3665
0.38
0.3711
0.3681
0.3543
0.3947
0.3788
0.368
0.3907
0.3749
0.3745
0.3454
0.3984
0.3822
0.394
0.3843
0.3667
0.3599
0.3684
0.3931
0.3847
0.385
0.3838
0.3973
0.3937
0.3749
0.3799
0.396
0.3951
0.3858
0.3717
0.3529
0.3509
0.339
0.3739
0.3994
0.3798
0.3975
0.3619
0.3706
0.3734
0.383
0.3799
0.361
0.3626
0.3626
0.3854
0.3805
0.3968
0.3896
0.3812
0.3985
0.3526
0.3774
0.358
0.3963
0.3661
0.3962
0.3823
0.3836
0.3736
0.3762
0.372
0.3839
0.3603
0.377
0.355
0.3972
0.37
0.3965
0.3976
0.3982
0.3956
0.3944
0.3968
0.3966
0.3979
0.399
0.3983
0.3982
0.3987
0.3953
0.3973
0.3983
0.3968
0.3949
0.3984
0.3906
0.3974
0.3737
0.3976
0.399
0.3715
0.3923
0.39
0.3981
0.3981
0.3977
0.3921
0.3975
0.3978
0.3973
0.3947
0.3973
0.3979
0.3986
0.3978
0.3955
0.3974
0.382
0.3969
0.3759
0.3974
0.3983
0.3977
0.3972
0.3977
0.3987
0.3926
0.394
0.3952
0.3951
0.3965
0.3944
0.3936
0.3983
0.3996
0.3973
0.3976
0.3979
0.3968
0.3944
0.3906
0.3974
0.3901
0.397
0.3962
0.3964
0.3992
0.3983
0.3979
0.3959
0.3979
0.3959
0.3976
0.3875
0.3938
0.3985
0.395
0.3975
0.3976
0.3986
0.3982
0.3957
0.3921
0.3831
0.3988
0.3955
0.3973
0.3991
0.3972
0.3659
0.396
0.3973
0.3933
0.398
0.3968
0.3978
0.3963
0.3856
0.3962
0.3967
0.3978
0.3922
0.3963
0.3987
0.3988
0.3987
0.3938
0.3813
0.3983
0.3984
0.3969
0.3949
0.3841
0.3963
0.3962
0.3944
0.3979
0.3866
0.3946
0.397
0.3988
0.3958
0.3909
0.3983
0.3979
0.3965
0.3971
0.3971
0.3969
0.3954
0.3965
0.397
0.3967
0.399
0.397
0.3969
0.3979
0.3961
0.3967
0.3887
0.3983
0.3945
0.3971
0.3985
0.3983
0.3969
0.3962
0.3982
0.3988
0.3976
0.396
0.3968
0.397
0.3968
0.394
0.3968
0.3968
0.3988
0.3956
0.3969
0.3973
0.3785
0.3988
0.3992
0.3959
0.3993
0.3964
0.3953
0.3978
0.3965
0.3982
0.3976
0.3981
0.3918
0.3975
0.3963
0.3948
0.3986
0.392
0.3734
0.3943
0.3973
0.3983
0.3902
0.3983
0.3949
0.3983
0.3966
0.3974
0.3956
0.3984
0.3977
0.3959
0.3974
0.3968
0.3951
0.3883
0.3984
0.3935
0.3964
0.3953
0.3976
0.3972
0.3958
0.3978
0.3871
0.3983
0.3976
0.3975
0.3966
0.3969
0.398
0.3966
0.3972
0.3836
0.3963
0.3933
0.3927
0.3977
0.3911
0.3973
0.3975
0.3988
0.3934
0.3992
0.3929
0.3866
0.3977
0.3989
0.3984
0.3934
0.3959
0.3979
0.3956
0.3992
0.3975
0.3932
0.3978
0.3956
0.399
0.3972
0.3971
0.3949
0.3907
0.3976
0.397
0.3964
0.3787
0.3984
0.3966
0.3993
0.3965
0.3935
0.3978
0.395
0.396
0.398
0.3991
0.3969
0.3888
0.3979
0.3982
0.3972
0.399
0.3971
0.3963
0.397
0.3942
0.3977
0.3863
0.3833
0.3959
0.3985
0.3963
0.3969
0.3928
0.3972
0.3982
0.3532
0.3948
0.3985
0.3986
0.3801
0.3971
0.3989
0.3985
0.3845
0.3873
0.3965
0.3977
0.3898
0.3794
0.3969
0.394
0.3975
0.3966
0.3949
0.3926
0.3967
0.3934
0.3831
0.3979
0.3965
0.3962
0.3967
0.3913
0.3967
0.3981
0.398
0.3923
0.3571
0.3935
0.397
0.3911
0.3955
0.3949
0.3969
0.3993
0.3977
0.3972
0.3903
0.3977
0.3966
0.3974
0.3957
0.3984
0.3967
0.3973
0.3929
0.3971
0.3968
0.397
0.3977
0.3987
0.3993
0.3969
0.3977
0.3981
0.3949
0.3958
0.3981
0.3968
0.3918
0.3986
0.3972
0.3918
0.3955
0.3939
0.3971
0.3972
0.3876
0.397
0.3979
0.3989
0.3948
0.3991
0.3977
0.3952
0.3976
0.3968
0.3916
0.3985
0.3751
0.3983
0.3898
0.3973
0.3968
0.3896
0.3971
0.3977
0.3963
0.3985
0.3977
0.3968
0.3986
0.3976
0.3985
0.3959
0.3988
0.3967
0.3842
0.3968
0.3987
0.3984
0.3995
0.3972
0.3978
0.3973
0.3969
0.398
0.3896
0.3729
0.3923
0.394
0.3967
0.3952
0.3978
0.3978
0.3936
0.3971
0.3957
0.3983
0.3913
0.3972
0.3914
0.3968
0.3956
0.3985
0.398
0.3943
0.3974
0.3988
0.3903
0.3987
0.3989
0.3965
0.3978
0.3971
0.3977
0.3965
0.3967
0.3989
0.3977
0.3963
0.3983
0.3839
0.3884
0.3973
0.3973
0.3981
0.3968
0.3967
0.3981
0.3972
0.3985
0.3981
0.3964
0.3903
0.3959
0.3984
0.3926
0.3979
0.3983
0.3972
0.3966
0.3934
0.3977
0.3983
0.3971
0.3974
0.3981
0.3916
0.3962
0.3932
0.3959
0.3957
0.3979
0.3982
0.3871
0.399
0.3969
0.3977
0.3964
0.3986
0.3961
0.393
0.3962
0.387
0.3974
0.3979
0.3956
0.3894
0.3961
0.3962
0.3642
0.3964
0.397
0.398
0.3776
0.3984
0.3979
0.3949
0.3954
0.3987
0.3984
0.3902
0.399
0.3981
0.3952
0.3977
0.3967
0.3984
0.3958
0.3945
0.3974
0.3965
0.3978
0.3922
0.3968
0.394
0.3975
0.3987
0.3967
0.3969
0.3976
0.3914
0.3985
0.3968
0.3985
0.3978
0.3974
0.3991
0.3992
0.3978
0.3974
0.3985
0.3966
0.397
0.397
0.3987
0.3986
0.3971
0.3942
0.3988
0.3959
0.3861
0.3962
0.3992
0.3909
0.3927
0.397
0.3982
0.3979
0.3985
0.3985
0.3959
0.3984
0.3991
0.3985
0.3973
0.3969
0.398
0.3989
0.3906
0.3934
0.3963
0.3977
0.386
0.3983
0.389
0.3987
0.3983
0.3979
0.3973
0.398
0.3982
0.3954
0.3976
0.3983
0.3966
0.3973
0.3981
0.3943
0.3988
0.3969
0.3965
0.3985
0.3971
0.3987
0.3717
0.3971
0.3986
0.3835
0.3989
0.3984
0.3938
0.391
0.3977
0.3992
0.3984
0.3864
0.397
0.3978
0.3962
0.3951
0.3958
0.3967
0.3973
0.396
0.3977
0.3973
0.3976
0.3984
0.3931
0.396
0.3955
0.3965
0.3966
0.3981
0.3967
0.3962
0.3977
0.3565
0.3982
0.3972
0.3967
0.3953
0.3961
0.3984
0.3977
0.3968
0.3971
0.3984
0.3983
0.3956
0.3817
0.3992
0.3966
0.3873
0.3992
0.3986
0.3963
0.3969
0.3967
0.399
0.3932
0.3971
0.3783
0.3985
0.3989
0.3987
0.3979
0.3991
0.3944
0.3972
0.3973
0.3977
0.3976
0.3974
0.3988
0.3973
0.3987
0.3976
0.3963
0.3984
0.3973
0.3982
0.3987
0.3983
0.3983
0.3944
0.3979
0.3945
0.396
0.3975
0.3956
0.3985
0.3965
0.3984
0.3979
0.3894
0.3758
0.397
0.3974
0.3608
0.3981
0.3979
0.3983
0.3971
0.3949
0.3984
0.3974
0.39
0.3957
0.3983
0.3918
0.398
0.3976
0.3972
0.3941
0.3896
0.3962
0.3966
0.397
0.3893
0.3914
0.3953
0.3986
0.3986
0.396
0.3817
0.3858
0.3963
0.378
0.374
0.3984
0.3986
0.3966
0.3887
0.3969
0.3979
0.3969
0.3968
0.3963
0.3961
0.3976
0.3986
0.3965
0.3987
0.3977
0.3967
0.3981
0.3965
0.374
0.3973
0.3972
0.3985
0.3959
0.3949
0.3963
0.3974
0.3987
0.3991
0.3946
0.3921
0.398
0.3987
0.3976
0.3931
0.3971
0.3912
0.3987
0.3897
0.3987
0.3983
0.398
0.3982
0.3856
0.3947
0.3988
0.393
0.3983
0.3689
0.38
0.3979
0.3905
0.3922
0.3958
0.3969
0.3963
0.3983
0.3989
0.3972
0.3966
0.3987
0.3984
0.3958
0.3989
0.3823
0.3992
0.3986
0.398
0.3989
0.3969
0.3915
0.3963
0.3852
0.3978
0.3968
0.3965
0.3978
0.392
0.3994
0.3973
0.3949
0.3955
0.3981
0.3958
0.3698
0.3978
0.3916
0.3958
0.3991
0.398
0.3989
0.3976
0.3985
0.3978
0.3971
0.3921
0.3878
0.3975
0.3966
0.3943
0.3973
0.3925
0.3958
0.3977
0.3964
0.3988
0.3974
0.3977
0.3965
0.3927
0.3982
0.3965
0.3982
0.3969
0.3947
0.3969
0.3975
0.3826
0.3963
0.3983
0.3985
0.3969
0.3972
0.3816
0.3992
0.3988
0.3981
0.3976
0.3986
0.393
0.394
0.3955
0.3931
0.398
0.3922
0.3983
0.3931
0.3986
0.3868
0.3965
0.3966
0.3973
0.3989
0.3957
0.3953
0.3971
0.3987
0.3969
0.3965
0.3983
0.3944
0.397
0.3982
0.3961
0.3862
0.3887
0.3979
0.3968
0.3974
0.3977
0.398
0.3977
0.3943
0.3991
0.3985
0.3984
0.3984
0.3961
0.398
0.3978
0.3955
0.3903
0.3981
0.397
0.3911
0.3953
0.3949
0.3952
0.3968
0.3964
0.3943
0.3969
0.3979
0.3958
0.3882
0.3974
0.3932
0.3962
0.3962
0.3977
0.3948
0.3833
0.392
0.3978
0.3939
0.397
0.3953
0.3941
0.3967
0.3951
0.3976
0.3987
0.3949
0.3984
0.3934
0.3981
0.3982
0.393
0.3976
0.3948
0.3969
0.3982
0.3897
0.397
0.398
0.3921
0.3974
0.3889
0.3973
0.3974
0.3972
0.391
0.398
0.3952
0.395
0.397
0.3961
0.3922
0.378
0.3849
0.3818
0.3988
0.3986
0.3981
0.3974
0.3874
0.397
0.3944
0.3972
0.3941
0.3963
0.3971
0.398
0.3977
0.3968
0.3972
0.3988
0.3994
0.396
0.3936
0.3986
0.3924
0.3884
0.3971
0.395
0.3975
0.3748
0.395
0.394
0.3983
0.3967
0.3978
0.3987
0.3971
0.379
0.3987
0.3966
0.3977
0.3978
0.3988
0.3989
0.3981
0.3946
0.3937
0.3946
0.3969
0.3967
0.3937
0.3963
0.3987
0.3947
0.3975
0.3984
0.3862
0.3974
0.3972
0.3973
0.3889
0.3925
0.3935
0.3966
0.3964
0.3942
0.3962
0.3861
0.3891
0.3951
0.3991
0.3966
0.3988
0.3964
0.3974
0.3993
NA
NA
NA
NA
NA
NA
NA
NA
NA
NA
NA
NA
NA
NA
NA
NA
NA
NA
NA
NA
NA
NA
NA
NA
NA
NA
NA
NA
NA
NA
NA
NA
NA
NA
NA
NA
NA
NA
NA
NA
NA
NA
NA
NA
NA
NA
NA
NA
NA
NA
NA
NA
NA
NA
NA
NA
NA
NA
NA
NA
NA
NA
NA
NA
NA
NA
NA
NA
NA
NA
NA
NA
NA
NA
NA
NA
NA
NA
NA
NA
NA
NA
NA
NA
NA
NA
NA
NA
NA
NA
NA
NA
NA
NA
NA
NA
NA
NA
NA
NA
NA
NA
NA
NA
NA
NA
NA
NA
NA
NA
NA
NA
NA
NA
NA
NA
NA
NA
NA
NA
NA
NA
NA
NA
NA
NA
NA
NA
NA
NA
NA
NA
NA
NA
NA
NA
NA
NA
NA
NA
NA
NA
NA
NA
NA
NA
NA
NA
NA
NA
NA
NA
NA
NA
NA
NA
NA
NA
NA
NA
NA
NA
NA
NA
NA
NA
NA
NA
NA
NA
NA
NA
NA
NA
NA
NA
NA
NA
NA
NA
NA
NA
NA
NA
NA
NA
NA
NA
NA
NA
NA
NA
NA
NA
NA
NA
NA
NA
NA
NA
NA
NA
NA
NA
NA
NA
NA
NA
NA
NA
NA
NA
NA
NA
NA
NA
NA
NA
NA
NA
NA
NA
NA
NA
NA
NA
NA
NA
NA
NA
NA
NA
NA
NA
NA
NA
NA
NA
NA
NA
NA
NA
NA
NA
NA
NA
NA
NA
NA
NA
NA
NA
NA
NA
NA
NA
NA
NA
NA
NA
NA
NA
NA
NA
NA
NA
NA
NA
NA
NA
NA
NA
NA
NA
NA
NA
NA
NA
NA
NA
NA
NA
NA
NA
NA
NA
NA
NA
NA
NA
NA
NA
NA
NA
NA
NA
NA
NA
NA
NA
NA
NA
NA
NA
NA
NA
NA
NA
NA
NA
NA
NA
NA
NA
NA
NA
NA
NA
NA
NA
NA
NA
NA
NA
NA
NA
NA
NA
NA
NA
NA
NA
NA
NA
NA
NA
NA
NA
NA
NA
NA
NA
NA
NA
NA
NA
NA
NA
NA
NA
NA
NA
NA
NA
NA
NA
NA
NA
NA
NA
NA
NA
NA
NA
NA
NA
NA
NA
NA
NA
NA
NA
NA
NA
NA
NA
NA
NA
NA
NA
NA
NA
NA
NA
NA
NA
NA
NA
NA
NA
NA
NA
NA
NA
NA
NA
NA
NA
NA
NA
NA
NA
NA
NA
NA
NA
NA
NA
NA
NA
NA
NA
NA
NA
NA
NA
NA
NA
NA
NA
NA
NA
NA
NA
NA
NA
NA
NA
NA
NA
NA
NA
NA
NA
NA
NA
NA
NA
NA
NA
NA
NA
NA
NA
NA
NA
NA
NA
NA
NA
NA
NA
NA
NA
NA
NA
NA
NA
NA
NA
NA
NA
NA
NA
NA
NA
NA
NA
NA
NA
NA
NA
NA
NA
NA
NA
NA
NA
NA
NA
NA
NA
NA
NA
NA
NA
NA
NA
NA
NA
NA
NA
NA
NA
NA
NA
NA
NA
NA
NA
NA
NA
NA
NA
NA
NA
NA
NA
NA
NA
NA
NA
NA
NA
NA
NA
NA
NA
NA
NA
NA
NA
NA
NA
NA
NA
NA
NA
NA
NA
NA
NA
NA
NA
NA
NA
NA
NA
NA
NA
NA
NA
NA
NA
NA
NA
NA
NA
NA
NA
NA
NA
NA
NA
NA
NA
NA
NA
NA
NA
NA
NA
NA
NA
NA
NA
NA
NA
NA
NA
NA
NA
NA
NA
NA
NA
NA
NA
NA
NA
NA
NA
NA
NA
NA
NA
NA
NA
NA
NA
NA
NA
NA
NA
NA
NA
NA
NA
NA
NA
NA
NA
NA
NA
NA
NA
NA
NA
NA
NA
NA
NA
NA
NA
NA
NA
NA
NA
NA
NA
NA
NA
NA
NA
NA
NA
NA
NA
NA
NA
NA
NA
NA
NA
NA
NA
NA
NA
NA
NA
NA
NA
NA
NA
NA
NA
NA
NA
NA
NA
NA
NA
NA
NA
NA
NA
NA
NA
NA
NA
NA
NA
NA
NA
NA
NA
NA
NA
NA
NA
NA
NA
NA
NA
NA
NA
NA
NA
NA
NA
NA
NA
NA
NA
NA
NA
NA
NA
NA
NA
NA
NA
NA
NA
NA
NA
NA
NA
NA
NA
NA
NA
NA
NA
NA
NA
NA
NA
NA
NA
NA
NA
NA
NA
NA
NA
NA
NA
NA
NA
NA
NA
NA
NA
NA
NA
NA
NA
NA
NA
NA
NA
NA
NA
NA
NA
NA
NA
NA
NA
NA
NA
NA
NA
NA
NA
NA
NA
NA
NA
NA
NA
NA
NA
NA
NA
NA
NA
NA
NA
NA
NA
NA
NA
NA
NA
NA
NA
NA
NA
NA
NA
NA
NA
NA
NA
NA
NA
NA
NA
NA
NA
NA
NA
NA
NA
NA
NA
NA
NA
NA
NA
NA
NA
NA
NA
NA
NA
NA
NA
NA
NA
NA
NA
NA
NA
NA
NA
NA
NA
NA
NA
NA
NA
NA
NA
NA
NA
NA
NA
NA
NA
NA
NA
NA
NA
NA
NA
NA
NA
NA
NA
NA
NA
NA
NA
NA
NA
NA
NA
NA
NA
NA
NA
NA
NA
NA
NA
NA
NA
NA
NA
NA
NA
NA
NA
NA
NA
NA
NA
NA
NA
NA
NA
NA
NA
NA
NA
NA
NA
NA
NA
NA
NA
NA
NA
NA
NA
NA
NA
NA
NA
NA
NA
NA
NA
NA
NA
NA
NA
NA
NA
NA
NA
NA
NA
NA
NA
NA
NA
NA
NA
NA
NA
NA
NA
NA
NA
NA
NA
NA
NA
NA
NA
NA
NA
NA
NA
NA
NA
NA
NA
NA
NA
NA
NA
NA
NA
NA
NA
NA
NA
NA
NA
NA
NA
NA
NA
NA
NA
NA
NA
NA
NA
NA
NA
NA
NA
NA
NA
NA
NA
NA
NA
NA
NA
NA
NA
NA
NA
NA
NA
NA
NA
NA
NA
NA
NA
NA
NA
NA
NA
NA
NA
NA
NA
NA
NA
NA
NA
NA
NA
NA
NA
NA
NA
NA
NA
NA
NA
NA
NA
NA
NA
NA
NA
NA
NA
NA
NA
NA
NA
NA
NA
NA
NA
NA
NA
NA
NA
NA
NA
NA
NA
NA
NA
NA
NA
NA
NA
NA
NA
NA
NA
NA
NA
NA
NA
NA
NA
NA
NA
NA
NA
NA
NA
NA
NA
NA
NA
NA
NA
NA
NA
NA
NA
NA
NA
NA
NA
NA
NA
NA
NA
NA
NA
NA
NA
NA
NA
NA
NA
NA
NA
NA
NA
NA
NA
NA
NA
NA
NA
NA
NA
NA
NA
NA
NA
NA
NA
NA
NA
NA
NA
NA
NA
NA
NA
NA
NA
NA
NA
NA
NA
NA
NA
NA
NA
NA
NA
NA
NA
NA
NA
NA
NA
NA
NA
NA
NA
NA
NA
NA
NA
NA
NA
NA
NA
NA
NA
NA
NA
NA
NA
NA
NA
NA
NA
NA
NA
NA
NA
NA
NA
NA
NA
NA
NA
NA
NA
NA
NA
NA
NA
NA
NA
NA
NA
NA
NA
NA
NA
NA
NA
NA
NA
NA
NA
NA
NA
NA
NA
NA
NA
NA
NA
NA
NA
NA
NA
NA
NA
NA
NA
NA
NA
NA
NA
NA
NA
NA
NA
NA
NA
NA
NA
NA
NA
NA
NA
NA
NA
NA
NA
NA
NA
NA
NA
NA
NA
NA
NA
NA
NA
NA
NA
NA
NA
NA
NA
NA
NA
NA
NA
NA
NA
NA
NA
NA
NA
NA
NA
NA
NA
NA
NA
NA
NA
NA
NA
NA
NA
NA
NA
NA
NA
NA
NA
NA
NA
NA
NA
NA
NA
NA
NA
NA
NA
NA
NA
NA
NA
NA
NA
NA
NA
NA
NA
NA
NA
NA
NA
NA
NA
NA
NA
NA
NA
NA
NA
NA
NA
NA
NA
NA
NA
NA
NA
NA
NA
NA
NA
NA
NA
NA
NA
NA
NA
NA
NA
NA
NA
NA
NA
NA
NA
NA
NA
NA
NA
NA
NA
NA
NA
NA
NA
NA
NA
NA
NA
NA
NA
NA
NA
NA
NA
NA
NA
NA
NA
NA
NA
NA
NA
NA
NA
NA
NA
NA
NA
NA
NA
NA
NA
NA
NA
NA
NA
NA
NA
NA
NA
NA
NA
NA
NA
NA
NA
NA
NA
NA
NA
NA
NA
NA
NA
NA
NA
NA
NA
NA
NA
NA
NA
NA
NA
NA
NA
NA
NA
NA
NA
NA
NA
NA
NA
NA
NA
NA
NA
NA
NA
NA
NA
NA
NA
NA
NA
NA
NA
NA
NA
NA
NA
NA
NA
NA
NA
NA
NA
NA
NA
NA
NA
NA
NA
NA
NA
NA
NA
NA
NA
NA
NA
NA
NA
NA
NA
NA
NA
NA
NA
NA
NA
NA
NA
NA
NA
NA
NA
NA
NA
NA
NA
NA
NA
NA
NA
NA
NA
NA
NA
NA
NA
NA
NA
NA
NA
NA
NA
NA
NA
NA
NA
NA
NA
NA
NA
NA
NA
NA
NA
NA
NA
NA
NA
NA
NA
NA
NA
NA
NA
NA
NA
NA
NA
NA
NA
NA
NA
NA
NA
NA
NA
NA
NA
NA
NA
NA
NA
NA
NA
NA
NA
NA
NA
NA
NA
NA
NA
NA
NA
NA
NA
NA
NA
NA
NA
NA
NA
NA
NA
NA
NA
NA
NA
NA
NA
NA
NA
NA
NA
NA
NA
NA
NA
NA
NA
NA
NA
NA
NA
NA
NA
NA
NA
NA
NA
NA
NA
NA
NA
NA
NA
NA
NA
NA
NA
NA
NA
NA
NA
NA
NA
NA
NA
NA
NA
NA
NA
NA
NA
NA
NA
NA
NA
NA
NA
NA
NA
NA
NA
NA
NA
NA
NA
NA
NA
NA
NA
NA
NA
NA
NA
NA
NA
NA
NA
NA
NA
NA
NA
NA
NA
NA
NA
NA
NA
NA
NA
NA
NA
NA
NA
NA
NA
NA
NA
NA
NA
NA
NA
NA
NA
NA
NA
NA
NA
NA
NA
NA
NA
NA
NA
NA
NA
NA
NA
NA
NA
NA
NA
NA
NA
NA
NA
NA
NA
NA
NA
NA
NA
NA
NA
NA
NA
NA
NA
NA
NA
NA
NA
NA
NA
NA
NA
NA
NA
NA
NA
NA
NA
NA
NA
NA
NA
NA
NA
NA
NA
NA
NA
NA
NA
NA
NA
NA
NA
NA
NA
NA
NA
NA
NA
NA
NA
NA
NA
NA
NA
NA
NA
NA
NA
NA
NA
NA
NA
NA
NA
NA
NA
NA
NA
NA
NA
NA
NA
NA
NA
NA
NA
NA
NA
NA
NA
NA
NA
NA
NA
NA
NA
NA
NA
NA
NA
NA
NA
NA
NA
NA
NA
NA
NA
NA
NA
NA
NA
NA
NA
NA
NA
NA
NA
NA
NA
NA
NA
NA
NA
NA
NA
NA
NA
NA
NA
NA
NA
NA
NA
NA
NA
NA
NA
NA
NA
NA
NA
NA
NA
NA
NA
NA
NA
NA
NA
NA
NA
NA
NA
NA
NA
NA
NA
NA
NA
NA
NA
NA
NA
NA
NA
NA
NA
NA
NA
NA
NA
NA
NA
NA
NA
NA
NA
NA
NA
NA
NA
NA
NA
NA
NA
NA
NA
NA
NA
NA
NA
NA
NA
NA
NA
NA
NA
NA
NA
NA
NA
NA
NA
NA
NA
NA
NA
NA
NA
NA
NA
NA
NA
NA
NA
NA
NA
NA
NA
NA
NA
NA
NA
NA
NA
NA
NA
NA
NA
NA
NA
NA
NA
NA
NA
NA
NA
NA
NA
NA
NA
NA
NA
NA
NA
NA
NA
NA
NA
NA
NA
NA
NA
NA
NA
NA
NA
NA
NA
NA
NA
NA
NA
NA
NA
NA
NA
NA
NA
NA
NA
NA
NA
NA
NA
NA
NA
NA
NA
NA
NA
NA
NA
NA
NA
NA
NA
NA
NA
NA
NA
NA
NA
NA
NA
NA
NA
NA
NA
NA
NA
NA
NA
NA
NA
NA
NA
NA
NA
NA
NA
NA
NA
NA
NA
NA
NA
NA
NA
NA
NA
NA
NA
NA
NA
NA
NA
NA
NA
NA
NA
NA
NA
NA
NA
NA
NA
NA
NA
NA
NA
NA
NA
NA
NA
NA
NA
NA
NA
NA
NA
NA
NA
NA
NA
NA
NA
NA
NA
NA
NA
NA
NA
NA
NA
NA
NA
NA
NA
NA
NA
NA
NA
NA
NA
NA
NA
NA
NA
NA
NA
NA
NA
NA
NA
NA
NA
NA
NA
NA
NA
NA
NA
NA
NA
NA
NA
NA
NA
NA
NA
NA
NA
NA
NA
NA
NA
NA
NA
NA
NA
NA
NA
NA
NA
NA
NA
NA
NA
NA
NA
NA
NA
NA
NA
NA
NA
NA
NA
NA
NA
NA
NA
NA
NA
NA
NA
NA
NA
NA
NA
NA
NA
NA
NA
NA
NA
NA
NA
NA
NA
NA
NA
NA
NA
NA
NA
NA
NA
NA
NA
NA
NA
NA
NA
NA
NA
NA
NA
NA
NA
NA
NA
NA
NA
NA
NA
NA
NA
NA
NA
NA
NA
NA
NA
NA
NA
NA
NA
NA
NA
NA
NA
NA
NA
NA
NA
NA
NA
NA
NA
NA
NA
NA
NA
NA
NA
NA
NA
NA
NA
NA
NA
NA
NA
NA
NA
NA
NA
NA
NA
NA
NA
NA
NA
NA
NA
NA
NA
NA
NA
NA
NA
NA
NA
NA
NA
NA
NA
NA
NA
NA
NA
NA
NA
NA
NA
NA
NA
NA
NA
NA
NA
NA
NA
NA
NA
NA
NA
NA
NA
NA
NA
NA
NA
NA
NA
NA
NA
NA
NA
NA
NA
NA
NA
NA
NA
NA
NA
NA
NA
NA
NA
NA
NA
NA
NA
NA
NA
NA
NA
NA
NA
NA
NA
NA
NA
NA
NA
NA
NA
NA
NA
NA
NA
NA
NA
NA
NA
NA
NA
NA
NA
NA
NA
NA
NA
NA
NA
NA
NA
NA
NA
NA
NA
NA
NA
NA
NA
NA
NA
NA
NA
NA
NA
NA
NA
NA
NA
NA
NA
NA
NA
NA
NA
NA
NA
NA
NA
NA
NA
NA
NA
NA
NA
NA
NA
NA
NA
NA
NA
NA
NA
NA
NA
NA
NA
NA
NA
NA
NA
NA
NA
NA
NA
NA
NA
NA
NA
NA
NA
NA
NA
NA
NA
NA
NA
NA
NA
NA
NA
NA
NA
NA
NA
NA
NA
NA
NA
NA
NA
NA
NA
NA
NA
NA
NA
NA
NA
NA
NA
NA
NA
NA
NA
NA
NA
NA
NA
NA
NA
NA
NA
NA
NA
NA
NA
NA
NA
NA
NA
NA
NA
NA
NA
NA
NA
NA
NA
NA
NA
NA
NA
NA
NA
NA
NA
NA
NA
NA
NA
NA
NA
NA
NA
NA
NA
NA
NA
NA
NA
NA
NA
NA
NA
NA
NA
NA
NA
NA
NA
NA
NA
NA
NA
NA
NA
NA
NA
NA
NA
NA
NA
NA
NA
NA
NA
NA
NA
NA
NA
NA
NA
NA
NA
NA
NA
NA
NA
NA
NA
NA
NA
NA
NA
NA
NA
NA
NA
NA
NA
NA
NA
NA
NA
NA
NA
NA
NA
NA
NA
NA
NA
NA
NA
NA
NA
NA
NA
NA
NA
NA
NA
NA
NA
NA
NA
NA
NA
NA
NA
NA
NA
NA
NA
NA
NA
NA
NA
NA
NA
NA
NA
NA
NA
NA
NA
NA
NA
NA
NA
NA
NA
NA
NA
NA
NA
NA
NA
NA
NA
NA
NA
NA
NA
NA
NA
NA
NA
NA
NA
NA
NA
NA
NA
NA
NA
NA
NA
NA
NA
NA
NA
NA
NA
NA
NA
NA
NA
NA
NA
NA
NA
NA
NA
NA
NA
NA
NA
NA
NA
NA
NA
NA
NA
NA
NA
NA
NA
NA
NA
NA
NA
NA
NA
NA
NA
NA
NA
NA
NA
NA
NA
NA
NA
NA
NA
NA
NA
NA
NA
NA
NA
NA
NA
NA
NA
NA
NA
NA
NA
NA
NA
NA
NA
NA
NA
NA
NA
NA
NA
NA
NA
NA
NA
NA
NA
NA
NA
NA
NA
NA
NA
NA
NA
NA
NA
NA
NA
NA
NA
NA
NA
NA
NA
NA
NA
NA
NA
NA
NA
NA
NA
NA
NA
NA
NA
NA
NA
NA
NA
NA
NA
NA
NA
NA
NA
NA
NA
NA
NA
NA
NA
NA
NA
NA
NA
NA
NA
NA
NA
NA
NA
NA
NA
NA
NA
NA
NA
NA
NA
NA
NA
NA
NA
NA
NA
NA
NA
NA
NA
NA
NA
NA
NA
NA
NA
NA
NA
NA
NA
NA
NA
NA
NA
NA
NA
NA
NA
NA
NA
NA
NA
NA
NA
NA
NA
NA
NA
NA
NA
NA
NA
NA
NA
NA
NA
NA
NA
NA
NA
NA
NA
NA
NA
NA
NA
NA
NA
NA
NA
NA
NA
NA
NA
NA
NA
NA
NA
NA
NA
NA
NA
NA
NA
NA
NA
NA
NA
NA
NA
NA
NA
NA
NA
NA
NA
NA
NA
NA
NA
NA
NA
NA
NA
NA
NA
NA
NA
NA
NA
NA
NA
NA
NA
NA
NA
NA
NA
NA
NA
NA
NA
NA
NA
NA
NA
NA
NA
NA
NA
NA
NA
NA
NA
NA
NA
NA
NA
NA
NA
NA
NA
NA
NA
NA
NA
NA
NA
NA
NA
NA
NA
NA
NA
NA
NA
NA
NA
NA
NA
NA
NA
NA
NA
NA
NA
NA
NA
NA
NA
NA
NA
NA
NA
NA
NA
NA
NA
NA
NA
NA
NA
NA
NA
NA
NA
NA
NA
NA
NA
NA
NA
NA
NA
NA
NA
NA
NA
NA
NA
NA
NA
NA
NA
NA
NA
NA
NA
NA
NA
NA
NA
NA
NA
NA
NA
NA
NA
NA
NA
NA
NA
NA
NA
NA
NA
NA
NA
NA
NA
NA
NA
NA
NA
NA
NA
NA
NA
NA
NA
NA
NA
NA
NA
NA
NA
NA
NA
NA
NA
NA
NA
NA
NA
NA
NA
NA
NA
NA
NA
NA
NA
NA
NA
NA
NA
NA
NA
NA
NA
NA
NA
NA
NA
NA
NA
NA
NA
NA
NA
NA
NA
NA
NA
NA
NA
NA
NA
NA
NA
NA
NA
NA
NA
NA
NA
NA
NA
NA
NA
NA
NA
NA
NA
NA
NA
NA
NA
NA
NA
NA
NA
NA
NA
NA
NA
NA
NA
NA
NA
NA
NA
NA
NA
NA
NA
NA
NA
NA
NA
NA
NA
NA
NA
NA
NA
NA
NA
NA
NA
NA
NA
NA
NA
NA
NA
NA
NA
NA
NA
NA
NA
0.328
0.4336
0.4746
0.3642
0.4205
0.4175
0.3841
0.5827
0.4788
0.3052
0.5909
0.8014
0.9254
0.5486
0.5417
0.5102
0.4494
0.5032
0.5214
0.3913
0.8661
0.4012
0.3537
0.4749
0.4599
0.3548
0.657
0.3832
0.5
0.4266
0.3494
0.454
0.2836
0.4248
0.4894
0.6054
0.2717
0.3842
0.4469
0.5407
0.6031
0.5982
0.5688
0.6309
0.5612
0.5125
0.3916
0.4568
0.439
0.4852
0.4557
0.5443
0.4357
0.5857
0.4903
0.4967
0.4351
0.6489
0.3515
0.4136
0.3596
0.5652
0.3514
0.5734
0.4857
0.5208
0.2798
0.3294
0.375
0.4171
0.538
0.475
0.6054
0.6032
0.3203
0.4662
0.4268
0.6772
0.4444
0.3663
0.3669
1.0776
0.2126
0.3929
0.3242
0.4805
0.4045
0.3515
0.3125
0.526
0.4192
0.5973
0.4626
0.5137
0.708
0.7986
0.4328
0.5608
0.4762
0.5108
0.2727
0.4643
0.2629
0.2568
0.5145
0.3864
0.3373
0.3832
0.4935
0.4934
0.3935
0.4477
0.3765
0.4714
0.4118
0.4653
0.7647
0.5089
0.2376
0.5414
0.4973
0.3758
0.543
0.5903
0.4444
0.4011
0.4533
0.6
0.4324
0.4079
0.4451
0.2831
0.4783
0.3318
0.3559
0.6715
0.6478
0.463
0.6765
0.4841
0.3509
0.3653
0.3684
0.3882
0.625
0.5159
0.2917
0.6494
0.4235
0.4653
0.436
0.5493
0.5414
0.5259
0.6133
0.4304
0.5571
0.227
0.688
0.4771
0.3693
0.4596
0.5946
0.7634
0.4286
0.3649
0.3032
0.6173
0.5159
0.2882
0.6054
0.5306
0.483
0.3354
0.5135
0.5115
0.704
0.4103
0.4207
0.5128
0.3649
0.5677
0.6558
0.3885
0.5473
0.3053
0.5528
0.415
0.36
0.5135
0.5034
0.5
0.3609
0.4481
0.5108
0.319
0.3375
0.6452
0.5597
0.6122
0.3734
0.4312
0.5494
0.4935
0.3065
0.4831
0.5882
0.4414
0.4146
0.3613
0.3575
0.2384
0.4438
0.3795
0.2887
0.3315
0.5444
0.6949
0.4783
0.5161
0.3205
0.3558
0.4023
0.3129
0.7037
0.386
0.4969
0.3785
0.5251
0.5123
0.5267
0.4658
0.3032
0.6164
0.5714
0.6115
0.3897
0.2222
0.4302
0.2951
0.7007
0.2564
0.7708
0.4964
0.3614
0.3452
0.5519
0.517
0.6393
0.415
0.6296
0.6639
0.2755
0.5127
0.6985
0.4941
0.4865
0.4601
0.5235
0.5804
0.3297
0.4938
0.4083
0.4457
0.4759
0.443
0.5325
0.4765
0.635
0.3596
0.6235
0.7133
0.2774
0.5096
0.4167
0.2988
0.513
0.3473
0.45
0.4848
0.6627
0.6025
0.3471
0.4839
1.0278
0.4408
0.3421
0.4671
0.456
0.4
0.5031
0.627
0.5283
0.58
0.518
0.414
0.726
0.4066
0.585
0.5755
0.3962
0.4286
0.6667
0.4444
0.3284
0.5902
0.5
0.3642
0.4894
0.3886
0.3526
0.6506
0.3357
0.6038
0.3613
0.5214
0.3523
0.3806
0.4094
0.3889
0.4678
0.5468
0.3312
0.4244
0.303
0.3722
0.4238
0.4733
0.5
0.4262
0.8705
0.6871
0.4812
0.4294
0.3529
0.5438
0.5034
0.568
0.7519
0.6304
0.4238
0.4103
0.3354
0.66
0.4463
0.497
0.3741
0.4367
0.4545
0.3675
0.4681
0.6547
0.5349
0.2604
0.4971
0.3736
0.4351
0.3625
0.4583
0.315
0.3892
0.6269
0.6288
0.4036
0.6277
0.5223
0.7012
0.6689
0.4857
0.2989
0.5333
0.5252
0.527
0.4859
0.3816
0.2784
0.3147
0.4971
0.5223
0.7698
0.3107
0.407
0.4605
0.5329
0.4452
0.9083
0.471
0.4872
0.5308
0.6618
0.6424
0.2746
0.4192
0.6115
0.5985
0.5226
0.5
0.3938
0.3929
0.5287
0.6644
0.4072
0.7447
0.6138
0.3869
0.5116
0.3987
0.4663
0.5871
0.4096
0.5674
0.7481
0.3099
0.3401
0.4452
0.5584
0.6329
0.4367
0.4267
0.4333
0.5743
0.3671
0.4177
0.4903
0.3275
0.5636
0.5646
0.3421
0.5241
0.3704
0.4201
0.4162
0.527
0.5563
0.352
0.5695
0.5571
0.2688
0.3441
0.4556
0.5438
0.5874
0.4321
0.4795
0.4632
0.2978
0.5449
0.6692
0.3876
0.3559
0.4103
0.4851
0.4684
0.4522
0.3898
0.7015
0.2926
0.2885
0.6429
0.4041
0.8051
0.5329
0.3597
0.3966
0.6311
0.4658
0.5025
0.3669
0.3952
0.6014
0.518
0.5068
0.3735
0.628
0.3846
0.38
0.5806
0.4354
0.4748
0.5621
0.3122
0.4172
0.4663
0.7222
0.5029
0.3276
0.5578
0.503
0.5
0.4059
0.8607
0.3586
0.4416
0.5325
0.5867
0.3923
0.4177
0.6642
0.5894
0.5857
0.3882
0.6752
0.3352
0.5153
0.7047
0.5584
0.6026
0.5041
0.5168
0.5143
0.6224
0.4396
0.3409
0.3029
0.3018
0.4129
0.4311
0.526
0.7742
0.5
0.4457
0.2882
0.2548
0.2574
0.685
0.5677
0.5248
0.3202
0.3446
0.4068
0.4706
0.4253
0.4471
0.604
0.3734
0.6984
0.3653
0.538
0.3966
0.3182
0.5328
0.6
0.6343
0.518
0.5448
0.6928
0.5031
0.8362
0.5548
0.679
0.4387
0.375
0.4422
0.3865
0.3448
0.2898
0.3801
0.4679
0.3295
0.443
0.2073
0.5303
0.3234
0.4805
0.3497
0.5577
0.6386
0.4085
0.4247
0.4392
0.46
0.311
0.5229
0.3706
0.2793
0.4967
0.62
0.4108
0.3643
0.3846
0.3468
0.5723
0.6296
0.3277
0.4233
0.4699
0.7542
0.4157
0.4691
0.4581
0.7444
0.441
0.5455
0.4375
0.383
0.7721
0.4302
0.3491
0.4072
0.3951
0.4167
0.3529
0.474
0.7385
0.4277
0.4789
0.6056
0.3427
0.8106
0.5862
0.5903
0.4198
0.5153
0.3631
0.255
0.3939
0.7343
0.4233
0.3234
0.3073
0.6901
0.474
0.4726
0.4359
0.3978
0.2727
0.5032
0.2874
0.3095
0.3636
0.6259
0.3312
0.6364
0.5282
0.4506
0.3216
0.3132
0.5714
0.2833
0.2078
0.4294
0.6014
0.6115
0.4591
0.5023
0.4201
0.3232
0.4054
0.3827
0.587
0.3819
0.6242
0.323
0.4186
0.5135
0.3025
0.4748
0.2775
0.3512
0.5096
0.4586
0.4179
0.3434
0.3724
0.5488
0.3295
0.7015
0.7379
0.355
0.5519
0.4759
0.3757
0.5878
0.5529
0.5747
0.378
0.443
0.288
0.4286
0.5759
0.4798
0.4378
0.5602
0.6232
0.3333
0.461
0.6496
0.6067
0.6486
0.5106
0.4834
0.3481
0.3636
0.4259
0.6541
0.4176
0.3743
0.5549
0.363
0.5256
0.4437
0.3693
0.475
0.6048
0.6014
0.4133
0.3655
0.5656
0.6503
0.5786
0.5492
0.4201
0.563
0.4464
0.4324
0.5333
0.585
0.5776
0.5085
0.5515
0.75
0.3684
0.7143
0.3812
0.435
0.6667
0.8832
0.4035
0.6389
0.7349
0.6093
0.3836
0.75
0.7612
0.358
0.5221
0.4033
0.375
0.322
0.5478
0.5417
0.4096
0.3771
0.3671
0.5706
0.5506
0.7099
0.481
0.3593
0.4667
0.4177
0.454
0.6382
0.4451
0.3108
0.3312
0.2857
0.4628
0.5714
0.5256
0.3333
0.4225
0.3987
0.4562
0.4438
0.454
0.6288
0.4439
0.5625
0.4438
0.442
0.5031
0.4029
0.4142
0.4145
0.5948
0.4881
0.5342
0.4451
0.3832
0.5862
0.482
0.4654
0.5887
0.3918
0.224
0.4571
0.5799
0.4061
0.3876
0.6319
0.4637
0.4867
0.4276
0.3148
0.3438
0.3509
0.627
0.8485
0.6393
0.7344
0.3269
0.6135
0.4359
0.4907
0.4286
0.5317
0.5145
0.5105
0.5497
0.3642
0.4375
0.4103
0.4221
0.6667
0.3939
0.4591
0.431
0.4138
0.5396
0.4207
0.3947
0.617
0.3963
0.4408
0.4486
0.5031
0.4747
0.4538
0.3791
0.6454
0.6928
0.5315
0.4487
0.6934
0.3923
0.3779
0.25
0.7886
0.4057
0.3873
0.4479
0.6078
0.4785
0.3759
0.3587
0.7121
0.4702
0.4507
0.3072
0.3832
0.3816
0.6525
0.3733
0.6347
0.2953
0.366
0.5357
0.5972
0.5887
0.4561
0.3973
0.5128
0.4939
0.6107
0.4471
0.5125
0.6074
0.3459
0.5833
0.4494
0.3587
0.3146
0.2424
0.372
0.4026
0.4195
0.3235
0.5
0.3333
0.3706
0.328
0.4035
0.5833
0.7143
0.5441
0.4722
0.5985
0.3858
0.4064
0.4348
0.4932
0.5425
0.3333
0.2595
0.3333
0.3725
0.6577
0.2927
0.4
0.439
0.4395
0.5917
0.595
0.4258
0.2164
0.3046
0.4421
0.3354
0.462
0.3916
0.5789
0.5333
0.5235
0.5064
0.5
0.2678
0.4967
0.6267
0.4129
0.3012
0.2683
0.3523
0.5652
0.4667
0.5396
0.3865
0.5479
0.3913
0.3316
0.2343
0.5522
0.4531
0.5177
0.6214
0.6148
0.4724
0.396
0.7211
0.5494
0.4848
0.4873
0.65
0.4208
0.3333
0.3293
0.2512
0.5804
0.5269
0.4812
0.442
0.4581
0.5821
0.7926
0.551
0.7302
0.3977
0.507
0.5662
0.4628
0.458
0.5783
0.7432
0.4934
0.8421
0.5548
0.2963
0.3567
0.507
0.4022
0.4562
0.4022
0.3038
0.3766
0.4962
0.4731
0.6066
0.4161
0.2914
0.3636
0.4471
0.3204
0.3143
0.6406
0.5145
0.6056
0.8843
0.5584
0.4859
0.4937
0.2921
0.6596
0.4933
0.4681
0.3624
0.5789
0.5141
0.4658
0.326
0.5455
0.1895
0.4266
0.2737
0.2832
0.3182
0.2784
0.3957
0.4214
0.3333
0.2532
0.0437
0.1022
0.6074
0.4343
0.5069
0.3533
0.2216
0.3312
0.3643
0.2358
0.6457
0.3353
0.253
0.4078
0.4225
0.2593
0.4244
0.3293
0.3764
0.0839
0.3012
0.3681
0.0516
0.0843
0.4628
0.4626
0.1337
0.2712
0.2597
0.4244
0.4809
0.5268
0.475
0.52
0.45
0.4214
0.2412
0.2805
0.0691
0.3314
0.3734
0.0833
0.3286
0.45
0.4
0.5232
0.069
0.5802
0.2798
0.2984
0.1088
0.4037
0.2757
0.3082
0.4114
0.4167
0.0503
0.2353
0.2515
0.3016
0.0556
0.275
0.3469
0.0606
0.2903
0.3985
0.3121
0.4062
0.3056
0.3023
0.2959
0.735
0.1494
0.4107
0.2065
0.3462
0.288
0.3152
0.2396
0.0718
0.4251
0.4503
0.3401
0.4247
0.5766
0.5625
0.3209
0.4189
0.3469
0.4101
0.2071
0.3728
0.1574
0.2011
0.3741
0.2994
0.2544
0.2711
0.3182
0.3289
0.2115
0.3198
0.1006
0.3472
0.2737
0.3958
0.4779
0.0914
0.1713
0.0857
0.25
0.213
0.3397
0.064
0.4444
0.3672
0.3533
0.4968
0.3446
0.3684
0.3956
0.1988
0.3354
0.1726
0.2472
0.4672
0.051
0.4012
0.5
0.1073
0.2035
0.3533
0.2727
0.1943
0.4759
0.0986
0.2934
0.5714
0.2171
0.3333
0.3314
0.3732
0.4395
0.1849
0.5067
0.0643
0.4286
0.1902
0.0844
0.3161
0.3011
0.3975
0.5676
0.4656
0.3393
0.2432
0.1198
0.4788
0.0678
0.2412
0.449
0.449
0.4218
0.2037
0.4257
0.264
0.528
0.2893
0.378
0.3168
0.0793
0.0552
0.0556
0.3631
0.3986
0.1579
0.4224
0.0882
0.2921
0.3176
0.3724
0.2995
0.0919
0.4044
0.0826
0.2364
0.0575
0.2254
0.3774
0.551
0.1156
0.2407
0.2824
0.0939
0.1935
0.3184
0.4156
0.0759
0.2866
0.2579
0.2458
0.1657
0.3529
0.116
0.2732
0.2303
0.4722
0.5339
0.354
0.3885
0.2922
0.1023
0.3563
0.2883
0.5062
0.0576
0.3086
0.0573
0.4581
0.4444
0.4238
0.3605
0.2128
0.4589
0.5
0.4571
0.3971
0.1319
0.3953
0.2951
0.5306
0.2745
0.5972
0.0542
0.4458
0.45
0.4156
0.5238
0.5738
0.2353
0.5247
0.1042
0.2615
0.4304
0.5956
0.4012
0.3514
0.3951
0.2839
0.4476
0.0355
0.3789
0.355
0.3486
0.4
0.0682
0.3353
0.3557
0.5328
0.2833
0.4938
0.5933
0.271
0.4395
0.0692
0.2134
0.4416
0.3114
0.3168
0.3576
0.4578
0.4969
0.2765
0.2821
0.8472
0.3072
0.1795
0.2395
0.3297
0.3333
0.4233
0.0816
0.3459
0.44
0.4348
0.2956
0.0894
0.2637
0.0888
0.3636
0.2439
0.1024
0.5512
0.3779
0.2886
0.5
0.1078
0.2209
0.3191
0.3429
0.0545
0.5422
0.3357
0.478
0.25
0.3617
0.2557
0.2692
0.1148
0.2654
0.07
0.0723
0.2994
0.3605
0.303
0.2935
0.2566
0.4275
0.0649
0.2623
0.5586
0.5442
0.3438
0.3681
0.3235
0.0552
0.4207
0.4173
0.4729
0.471
0.404
0.3269
0.2195
0.5541
0.2562
0.3772
0.3014
0.073
0.3818
0.2994
0.2979
0.4964
0.436
0.284
0.4566
0.3187
0.073
0.3062
0.0969
0.23
0.0588
0.4328
0.4697
0.3273
0.0238
0.4013
0.4817
0.4868
0.2841
0.2701
0.4307
0.0741
0.3581
0.3706
0.2763
0.1598
0.053
0.057
0.0718
0.1264
0.2079
0.3372
0.0769
0.4145
0.3677
0.4677
0.2803
0.0782
0.2707
0.4853
0.5298
0.2676
0.3234
0.4676
0.4621
0.3355
0.4026
0.3043
0.2571
0.4395
0.5101
0.3353
0.5603
0.4276
0.3015
0.4651
0.2876
0.259
0.4323
0.0984
0.24
0.0345
0.2398
0.2635
0.2685
0.3654
0.462
0.0889
0.2895
0.4067
0.4459
0.0651
0.3101
0.3019
0.3099
0.4364
0.0783
0.0585
0.4157
0.2317
0.0474
0.341
0.3716
0.4768
0.2514
0.4103
0.4643
0.2043
0.2526
0.0585
0.4188
0.128
0.3889
0.3425
0.2979
0.0556
0.0217
0.1161
0.2809
0.2389
0.2718
0.3162
0.3082
0.2704
0.1844
0.0788
0.2113
0.2372
0.6
0.2282
0.6864
0.3701
0.3094
0.041
0.0822
0.3841
0.0807
0.2023
0.2035
0.5874
0.4029
0.2208
0.044
0.5
0.3141
0.33
0.3273
0.3946
0.2979
0.5294
0.2439
0.2229
0.3938
0.4459
0.4277
0.2898
0.0727
0.4431
0.0618
0.0484
0.7213
0.3379
0.4156
0.3742
0.5
0.0564
0.2785
0.1361
0.1124
0.4857
0.2164
0.4331
0.2556
0.4049
0.5772
0.3613
0.5369
0.3333
0.2346
0.4571
0.4336
0.3022
0.1611
0.24
0.0387
0.329
0.3353
0.3462
0.621
0.349
0.3043
0.1818
0.0888
0.198
0.1391
0.4194
0.3451
0.0615
0.3176
0.2737
0.0815
0.4023
0.3824
0.0714
0.2438
0.6111
0.25
0.4214
0.3352
0.0625
0.0435
0.0909
0.4779
0.3121
0.4207
0.0635
0.3374
0.6724
0.3356
0.6173
0.0655
0.0896
0.3878
0.2515
0.2276
0.233
0.3275
0.391
0.2102
0.4051
0.0918
0.3456
0.1243
0.3161
0.3607
0.4295
0.4024
0.0652
0.2945
0.3243
0.3377
0.303
0.4771
0.3235
0.0585
0.2911
0.58
0.3441
0.0696
0.3385
0.2601
0.067
0.463
0.2655
0.3228
0.3473
0.7119
0.3371
0.4136
0.0983
0.0854
0.3665
0.2848
0.0612
0.2014
0.4599
0.0699
0.269
0.2339
0.2778
0.2976
0.0573
0.4481
0.0519
0.3371
0.493
0.4085
0.2486
0.6818
0.3529
0.3699
0.0773
0.2273
0.3095
0.185
0.297
0.4895
0.2699
0.1976
0.0622
0.5319
0.3831
0.3082
0.3526
0.232
0.1761
0.3949
0.1856
0.2857
0.3161
0.4966
0.0727
0.2715
0.4225
0.3273
0.202
0.2637
0.3896
0.1858
0.1515
0.0968
0.5405
0.3797
0.3333
0.2963
0.3432
0.2561
0.0571
0.3926
0.4748
0.1712
0.5223
0.1963
0.0703
0.0983
0.2407
0.0788
0.1329
0.0659
0.067
0.3758
0.3657
0.256
0.3172
0.4024
0.2486
0.075
0.5241
0.0806
0.3567
0.2994
0.3598
0.4662
0.4
0.041
0.2988
0.3544
0.2283
0.2485
0.0765
0.4195
0.0825
0.4639
0.471
0.3046
0.4113
0.5693
0.54
0.5302
0.3121
0.1163
0.0769
0.1677
0.1939
0.3901
0.2747
0.2865
0.4311
0.2708
0.3585
0.4305
0.3239
0.0652
0.4286
0.473
0.3267
0.197
0.1471
0.1
0.0755
0.1135
0.1047
0.4741
0.3393
0.3784
0.4172
0.4595
0.4534
0.0721
0.4044
0.6371
0.0898
0.1091
0.35
0.2978
0.045
0.7007
0.3333
0.4375
0.5663
0.0667
0.283
0.5071
0.7463
0.3851
0.4853
0.3481
0.25
0.2849
0.465
0.4583
0.1
0.3886
0.3354
0.4908
0.5674
0.5672
0.3354
0.2754
0.3133
0.3522
0.0806
0.4803
0.2866
0.25
0.1975
0.2378
0.3138
0.3516
0.4038
0.2222
0.3476
0.4052
0.05
0.3647
0.411
0.1076
0.3776
0.4722
0.3846
0.2917
0.3742
0.2374
0.2824
0.2368
0.5294
0.3675
0.3963
0.3354
0.0957
0.3862
0.3643
0.3711
0.3421
0.3567
0.2174
0.3073
0.3
0.3373
0.2921
0.4345
0.3408
0.2739
0.3026
0.3228
0.0601
0.2222
0.5078
0.7576
0.0576
0.0566
0.2949
0.4172
0.076
0.3665
0.0778
0.4365
0.1056
0.4895
0.457
0.2418
0.3938
0.2821
0.0734
0.4242
0.3939
0.2515
0.28
0.0798
0.1731
0.372
0.0683
0.1098
0.2711
0.3553
0.3946
0.434
0.3671
0.2923
0.3132
0.3356
0.6405
0.4126
0.2739
0.5036
0.2857
0.1011
0.2
0.1218
0.06
0.3161
0.2805
0.5294
0.2635
0.1172
0.2717
0.6642
0.3072
0.3497
0.1883
0.3118
0.3355
0.4755
0.0692
0.0718
0.1865
0.2338
0.3846
0.4097
0.0663
0.2281
0.381
0.4051
0.3765
0.4437
0.0737
0.5535
0.125
0.283
0.4359
0.0634
0.2065
0.1236
0.1455
0.256
0.3117
0.2978
0.1044
0.4028
0.2114
0.2765
0.2567
0.2749
0.2937
0.6299
0.0696
0.4028
0.4394
0.2437
0.3262
0.0516
0.3986
0.0994
0.2321
0.2468
0.2246
0.1634
0.5101
0.1707
0.2034
0.2398
0.3671
0.0594
0.58
0.3935
0.0457
0.2183
0.4316
0.2727
0.3987
0.3472
0.0656
0.3944
0.2704
0.3376
0.3873
0.2022
0.0674
0.5533
0.3806
0.2349
0.2256
0.067
0.0562
0.3795
0.4892
0.2331
0.3973
0.3354
0.2461
0.1714
0.4701
0.4375
0.3617
0.4366
0.5082
0.3436
0.302
0.5101
0.2771
0.4385
0.3165
0.5375
0.0531
0.2865
0.1098
0.1884
0.3986
0.4491
0.45
0.4348
0.2564
0.3926
0.5407
0.0904
0.5397
0.2682
0.3958
0.2899
0.2746
0.374
0.3832
0.56
0.4803
0.6154
0.3419
0.0287
0.2515
0.0798
0.3315
0.323
0.352
0.2215
0.3487
0.4812
0.3533
0.4402
0.2222
0.2781
0.055
0.3529
0.2762
0.0471
0.5391
0.4275
0.4965
0.1469
0.4359
0.0745
0.3544
0.162
0.4681
0.3533
0.3333
0.2617
0.4561
0.3087
0.323
0.1047
0.4026
0.0606
0.0875
0.087
0.0802
0.3295
0.0563
0.1146
0.0955
0.0419
0.0305
0.0601
0.0753
0.1
0.0553
0.0926
0.0655
0.2811
0.0581
0.4357
0.0655
0.5984
0.0808
0.067
0.3855
0.3979
0.2593
0.08
0.0366
0.0812
0.3125
0.087
0.0595
0.0704
0.0964
0.0794
0.0568
0.0725
0.0615
0.2541
0.0619
0.458
0.0859
0.4812
0.0874
0.0683
0.0649
0.0691
0.0806
0.0476
0.3491
0.1105
0.1257
0.0921
0.0964
0.3355
0.0805
0.0575
0.0253
0.0656
0.0667
0.0785
0.107
0.2742
0.4097
0.06
0.3542
0.0782
0.0782
0.2229
0.0481
0.0404
0.0568
0.0892
0.0606
0.1053
0.047
0.117
0.4297
0.0722
0.0914
0.0794
0.0692
0.0795
0.057
0.1005
0.3766
0.2692
0.0601
0.2332
0.0608
0.037
0.0667
0.3605
0.0952
0.0809
0.4828
0.0897
0.1294
0.0833
0.0793
0.1869
0.0847
0.0664
0.0714
0.3191
0.2655
0.0497
0.0543
0.0682
0.3224
0.2065
0.0529
0.0335
0.075
0.2947
0.4028
0.0719
0.0964
0.2088
0.0514
0.2474
0.0747
0.0958
0.0523
0.3352
0.3128
0.0592
0.0787
0.103
0.0898
0.0495
0.073
0.0734
0.1928
0.0515
0.1491
0.0408
0.1011
0.0994
0.0734
0.0811
0.1839
0.2597
0.0707
0.4762
0.0915
0.0652
0.0638
0.0464
0.1118
0.0781
0.075
0.0663
0.0993
0.0857
0.0643
0.1043
0.0958
0.0844
0.0706
0.0408
0.095
0.0749
0.085
0.3214
0.0581
0.0299
0.3059
0.0339
0.0761
0.0756
0.0536
0.0793
0.046
0.0514
0.067
0.5952
0.0751
0.0874
0.3846
0.0732
0.4839
0.4805
0.2803
0.0682
0.0352
0.4224
0.0294
0.2697
0.1012
0.1024
0.0744
0.0919
0.0566
0.055
0.2209
0.069
0.0726
0.2312
0.5442
0.0636
0.2901
0.0899
0.0994
0.095
0.0718
0.0843
0.0886
0.3152
0.04
0.0722
0.0707
0.0942
0.0829
0.0585
0.1492
0.0509
0.5508
0.096
0.414
0.3117
0.0568
0.2989
0.0674
0.0667
0.0471
0.1061
0.0521
0.4134
0.319
0.0739
0.0361
0.0488
0.5
0.325
0.0613
0.1818
0.043
0.0718
0.2459
0.0787
0.1961
0.0682
0.1145
0.0582
0.4312
0.4026
0.046
0.0548
0.0741
0.4877
0.0903
0.0861
0.0317
0.1118
0.3647
0.0756
0.3067
0.3097
0.0602
0.0406
0.0535
0.2959
0.0663
0.0659
0.113
0.0426
0.0778
0.1069
0.0725
0.4259
0.0495
0.3311
0.3885
0.1258
0.0462
0.0714
0.0909
0.35
0.0691
0.041
0.4596
0.2824
0.0778
0.0695
0.1887
0.0848
0.0552
0.0439
0.3185
0.3865
0.1156
0.0852
0.4667
0.5072
0.0694
0.4521
0.0498
0.0947
0.3357
0.1734
0.078
0.4882
0.2584
0.0642
0.0863
0.0828
0.0814
0.2979
0.0459
0.0545
0.0673
0.2867
0.4906
0.2692
0.0705
0.2273
0.1911
0.1469
0.0809
0.035
0.097
0.0585
0.3081
0.1538
0.0508
0.0882
0.0993
0.0714
0.0979
0.067
0.5238
0.0615
0.0642
0.0663
0.0773
0.0698
0.0408
0.1074
0.0898
0.0615
0.3038
0.0747
0.064
0.0909
0.1309
0.05
0.0787
0.3697
0.127
0.2568
0.1069
0.0732
0.2071
0.0863
0.078
0.0281
0.3312
0.051
0.0457
0.1
0.0764
0.0833
0.3515
0.0595
0.3949
0.0711
0.4211
0.0885
0.0802
0.442
0.0802
0.0679
0.1205
0.0675
0.0396
0.0795
0.0622
0.0829
0.0632
0.191
0.0302
0.0473
0.3421
0.1061
0.0753
0.064
0.0335
0.068
0.0562
0.0824
0.2153
0.086
0.4317
0.4924
0.3032
0.4156
0.0971
0.2429
0.0769
0.0611
0.1292
0.0523
0.1361
0.0639
0.4
0.1049
0.3252
0.0678
0.2831
0.0679
0.0747
0.2267
0.0671
0.0503
0.3459
0.041
0.0389
0.1084
0.0947
0.0659
0.071
0.1029
0.0814
0.0266
0.0707
0.1159
0.0585
0.3294
0.2012
0.0737
0.0895
0.0714
0.0879
0.1179
0.0667
0.0688
0.0404
0.055
0.0691
0.4037
0.0732
0.0484
0.411
0.0625
0.0909
0.0815
0.1032
0.2809
0.0311
0.0596
0.1032
0.0621
0.0719
0.2291
0.0909
0.201
0.0833
0.0595
0.0552
0.0671
0.3506
0.0641
0.0718
0.0753
0.0714
0.0493
0.2081
0.1839
0.0756
0.4101
0.0545
0.0879
0.3659
0.2298
0.0737
0.0884
0.3537
0.118
0.0745
0.0664
0.3293
0.0734
0.0904
0.0955
0.2727
0.0667
0.0503
0.3974
0.043
0.061
0.1227
0.0533
0.0756
0.0726
0.2376
0.2595
0.1065
0.0989
0.0651
0.2515
0.0656
0.2556
0.0865
0.0541
0.0585
0.0562
0.058
0.2099
0.061
0.0976
0.0294
0.1016
0.0789
0.0442
0.0462
0.0874
0.0663
0.0714
0.0723
0.0446
0.0856
0.0651
0.055
0.0662
0.4129
0.0683
0.2472
0.223
0.2458
0.037
0.3621
0.1176
0.0714
0.0523
0.0637
0.0761
0.0506
0.0837
0.0677
0.0497
0.0667
0.1046
0.0903
0.0632
0.037
0.3006
0.5345
0.0809
0.075
0.271
0.0519
0.3514
0.0667
0.0833
0.0729
0.0794
0.0611
0.0428
0.3101
0.1122
0.0616
0.1073
0.0452
0.0588
0.3846
0.0402
0.1173
0.0485
0.0621
0.0893
0.0656
0.4183
0.1117
0.0479
0.3907
0.0642
0.0431
0.3214
0.3417
0.0595
0.0464
0.041
0.2599
0.0667
0.067
0.0855
0.2584
0.0874
0.1143
0.1037
0.186
0.0747
0.051
0.0805
0.0675
0.2791
0.2398
0.2164
0.1136
0.082
0.0781
0.1193
0.0779
0.0945
0.4085
0.0843
0.099
0.0828
0.1091
0.2877
0.0276
0.0695
0.071
0.0654
0.0486
0.0419
0.0899
0.2515
0.0466
0.0838
0.3831
0.0382
0.0552
0.0881
0.0761
0.071
0.0565
0.2529
0.0915
0.4422
0.0667
0.0727
0.0621
0.0508
0.0376
0.2143
0.1092
0.0851
0.0531
0.0753
0.0769
0.0806
0.0629
0.0451
0.0681
0.2073
0.0381
0.0778
0.0688
0.0714
0.0741
0.0643
0.1311
0.0983
0.2222
0.103
0.0663
0.2059
0.0894
0.0811
0.0805
0.0486
0.3241
0.4207
0.0796
0.1062
0.2733
0.0591
0.0559
0.0718
0.1101
0.071
0.0739
0.0718
0.2927
0.2911
0.0515
0.284
0.071
0.075
0.0631
0.3988
0.4783
0.089
0.0789
0.0482
0.5
0.256
0.305
0.0465
0.0564
0.0828
0.2061
0.4737
0.067
0.3216
0.4601
0.0968
0.0595
0.0751
0.2921
0.087
0.0769
0.0751
0.1037
0.2576
0.0515
0.0941
0.0377
0.0769
0.0628
0.0537
0.0484
0.0719
0.0857
0.4595
0.0741
0.0865
0.0566
0.1125
0.0778
0.0727
0.0761
0.055
0.045
0.0988
0.1087
0.0952
0.0545
0.1272
0.283
0.0867
0.709
0.0437
0.4853
0.0452
0.0417
0.0582
0.0376
0.4931
0.0789
0.0352
0.1029
0.0632
0.4358
0.1699
0.0615
0.2754
0.3253
0.1067
0.0914
0.0919
0.0442
0.0573
0.071
0.1034
0.0613
0.0931
0.1044
0.0249
0.1584
0.04
0.0722
0.0558
0.0622
0.0886
0.0776
0.0947
0.4083
0.0556
0.0714
0.1046
0.0608
0.2632
0.0376
0.0904
0.1075
0.1176
0.0798
0.0994
0.3286
0.0652
0.3553
0.2044
0.0311
0.0547
0.0535
0.0734
0.0469
0.07
0.0569
0.293
0.3158
0.0565
0.0874
0.2047
0.0968
0.6316
0.0791
0.0818
0.1
0.0573
0.0747
0.0638
0.1198
0.5238
0.0435
0.0533
0.0395
0.0943
0.1124
0.067
0.0596
0.4394
0.0874
0.0455
0.0464
0.0736
0.0488
0.3354
0.0373
0.0347
0.0652
0.069
0.0577
0.4214
0.4304
0.0704
0.2595
0.0838
0.6144
0.0659
0.1975
0.0602
0.306
0.0741
0.0904
0.0897
0.06
0.0904
0.3212
0.0856
0.0275
0.0483
0.0481
0.0882
0.2244
0.0807
0.1043
0.0829
0.1646
0.3846
0.0629
0.0923
0.171
0.0982
0.0804
0.0741
0.4476
0.0495
0.0301
0.0598
0.0725
0.1
0.0526
0.0582
0.0833
0.2688
0.0552
0.0634
0.1848
0.1517
0.1294
0.2619
0.0814
0.0947
0.0989
0.0675
0.0865
0.2865
0.2527
0.0703
0.254
0.2356
0.1076
0.0788
0.109
0.1471
0.3529
0.0516
0.1951
0.0884
0.3036
0.2722
0.1711
0.2484
0.0591
0.0369
0.0909
0.0638
0.3861
0.0743
0.0366
0.2968
0.0857
0.087
0.0605
0.0718
0.3101
0.0861
0.0765
0.3444
0.1053
0.3631
0.0974
0.1694
0.073
0.3846
0.0698
0.2349
0.0955
0.0574
0.1062
0.3373
0.2133
0.2393
0.4795
0.0649
0.0547
0.0652
0.0812
0.3594
0.1
0.4366
0.0884
0.3374
0.135
0.0989
0.0546
0.0769
0.0698
0.0558
0.0338
0.0368
0.104
0.129
0.0552
0.3892
0.4062
0.0955
0.329
0.0733
0.5333
0.0904
0.5476
0.0707
0.0613
0.0828
0.0474
0.0867
0.4157
0.0674
0.0747
0.0775
0.0604
0.0526
0.0576
0.0859
0.337
0.3975
0.0933
0.1925
0.0769
0.4586
0.0964
0.0467
0.2685
0.0812
0.045
0.3412
0.0355
0.0576
0.0926
0.1299
0.1173
0.1329
0.0734
0.0807
0.3062
0.1173
0.4397
0.3067
0.3191
0.0573
0.1958
0.0595
0.0714
0.089
0.0449
