x
0.3041
0.3966
0.3642
0.3001
0.3799
0.3792
0.347
0.3982
0.3226
0.382
0.3775
0.3258
0.3969
0.3747
0.3576
0.3819
0.3564
0.3951
0.4
0.3178
0.337
0.3299
0.3692
0.3739
0.3877
0.3404
0.385
0.3296
0.3526
0.3308
0.3706
0.3378
0.4
0.361
0.334
0.3835
0.3982
0.3841
0.3868
0.3542
0.3805
0.3771
0.3972
0.3744
0.3847
0.3784
0.3748
0.3526
0.377
0.3375
0.3563
0.3397
0.3568
0.358
0.361
0.3261
0.3669
0.3642
0.3322
0.3732
0.379
0.3782
0.351
0.3864
0.3544
0.2979
0.3755
0.3583
0.3601
0.3516
0.3616
0.3525
0.3779
0.3646
0.3818
0.3445
0.3733
0.3518
0.3457
0.4
0.3683
0.3558
0.3537
0.3571
0.3831
0.3615
0.3818
0.3301
0.3538
0.3065
0.3674
0.3479
0.3846
0.3498
0.3432
0.3136
0.3979
0.3688
0.3511
0.345
0.3861
0.3841
0.3208
0.3981
0.3896
0.3879
0.3875
0.3789
0.4
0.2974
0.3325
0.3786
0.3914
0.3619
0.36
0.3585
0.338
0.3687
0.3923
0.322
0.3603
0.37
0.3906
0.3722
0.3499
0.3547
0.3115
0.3584
0.335
0.3639
0.3714
0.3877
0.3199
0.339
0.398
0.3652
0.38
0.3769
0.275
0.3945
0.3555
0.353
0.3567
0.3748
0.3762
0.3609
0.3596
0.3387
0.3765
0.353
0.3745
0.3744
0.383
0.3756
0.3456
0.3744
0.3718
0.381
0.3857
0.3305
0.386
0.3736
0.3771
0.3763
0.3656
0.3647
0.3686
0.3628
0.3981
0.3246
0.3621
0.368
0.4
0.3865
0.3781
0.3858
0.3465
0.3474
0.3969
0.3957
0.3659
0.3477
0.2931
0.3724
0.3741
0.3591
0.2898
0.3652
0.3039
0.3893
0.3648
0.3392
0.3561
0.3664
0.3789
0.3034
0.3989
0.3696
0.3758
0.3845
0.329
0.3807
0.398
0.3174
0.3583
0.3579
0.3535
0.3956
0.354
0.3571
0.3924
0.398
0.3241
0.3588
0.3744
0.3435
0.3725
0.3846
0.3406
0.373
0.3554
0.381
0.3806
0.3263
0.3785
0.3721
0.3551
0.3668
0.3817
0.3694
0.355
0.3348
0.3662
0.3776
0.3756
0.3296
0.3428
0.3585
0.3643
0.354
0.398
0.3919
0.3486
0.3747
0.3181
0.3475
0.3599
0.3717
0.3801
0.3521
0.3261
0.3808
0.3416
0.3774
0.3528
0.3754
0.3595
0.3642
0.3605
0.3649
0.3929
0.3524
0.3217
0.3972
0.3819
0.3317
0.3992
0.3874
0.3758
0.3664
0.3819
0.3983
0.3398
0.3803
0.3775
0.3603
0.3877
0.3586
0.3979
0.3241
0.3191
0.3658
0.3545
0.3733
0.3453
0.382
0.3803
0.3319
0.3219
0.3571
0.3628
0.3795
0.3468
0.3749
0.3571
0.3481
0.3947
0.361
0.37
0.348
0.3972
0.3616
0.3454
0.3748
0.3494
0.3987
0.3501
0.3835
0.3701
0.3403
0.3781
0.3474
0.3453
0.3532
0.3711
0.3629
0.2912
0.3386
0.3798
0.3321
0.3992
0.3929
0.3558
0.3889
0.3654
0.382
0.3851
0.3649
0.3841
0.3733
0.3274
0.3782
0.3968
0.3788
0.3812
0.3771
0.3664
0.3836
0.3903
0.3739
0.3591
0.3517
0.348
0.3364
0.3414
0.3837
0.3825
0.3666
0.4
0.3655
0.3437
0.3894
0.3353
0.3612
0.2938
0.3737
0.3708
0.3495
0.3416
0.3791
0.3502
0.3626
0.3554
0.3288
0.3968
0.3817
0.3618
0.3512
0.3821
0.3835
0.3969
0.3363
0.3009
0.3556
0.3826
0.374
0.3437
0.3358
0.3571
0.3427
0.3912
0.3796
0.3932
0.3643
0.3932
0.3808
0.3982
0.3488
0.3444
0.3796
0.3659
0.3949
0.3725
0.3505
0.3644
0.3803
0.3508
0.3855
0.3892
0.3613
0.3806
0.3513
0.3647
0.3672
0.3868
0.3538
0.3732
0.3874
0.3881
0.344
0.3175
0.395
0.313
0.3756
0.3524
0.3978
0.3664
0.3968
0.3776
0.3674
0.3565
0.3103
0.3773
0.4
0.3578
0.3731
0.3969
0.3473
0.3881
0.3343
0.3468
0.3516
0.395
0.3522
0.3763
0.343
0.3523
0.3371
0.3426
0.3517
0.3254
0.3479
0.3378
0.3617
0.3736
0.3248
0.3561
0.3724
0.3459
0.3668
0.3244
0.3552
0.3837
0.3573
0.3837
0.3715
0.3676
0.368
0.2915
0.3972
0.3854
0.3972
0.3964
0.3253
0.3755
0.3241
0.382
0.3648
0.3872
0.3717
0.3646
0.3575
0.3748
0.3824
0.3606
0.3464
0.3752
0.3582
0.332
0.3692
0.3519
0.3669
0.342
0.377
0.3782
0.3219
0.3588
0.307
0.3843
0.3821
0.396
0.3632
0.3298
0.3783
0.3821
0.364
0.374
0.3578
0.3786
0.3465
0.3434
0.3695
0.3311
0.369
0.3738
0.3444
0.3625
0.3679
0.3949
0.396
0.3611
0.3465
0.3817
0.3622
0.3954
0.3358
0.3647
0.3769
0.3408
0.3605
0.3376
0.3913
0.3305
0.3664
0.3719
0.3306
0.3582
0.3835
0.3597
0.3685
0.3846
0.3973
0.3854
0.3179
0.3314
0.3867
0.3309
0.3836
0.3462
0.3841
0.3608
0.3228
0.3378
0.3451
0.356
0.3516
0.3401
0.3624
0.3282
0.3544
0.3913
0.3763
0.3633
0.3583
0.3819
0.3894
0.3696
0.359
0.394
0.3791
0.3666
0.3507
0.3753
0.3481
0.3701
0.3718
0.3975
0.3407
0.3591
0.3729
0.3513
0.3657
0.398
0.3547
0.3524
0.3804
0.3741
0.3945
0.3533
0.3697
0.3309
0.3957
0.3979
0.3515
0.3164
0.3466
0.3594
0.363
0.3992
0.3504
0.3731
0.3507
0.3557
0.3456
0.3769
0.3679
0.3703
0.3975
0.3361
0.3623
0.3656
0.3406
0.3817
0.3449
0.3258
0.3721
0.3705
0.3131
0.3396
0.351
0.3771
0.3697
0.3223
0.3607
0.3664
0.3515
0.3913
0.372
0.3975
0.3466
0.3688
0.3263
0.3763
0.3838
0.3833
0.3621
0.386
0.3704
0.3485
0.3711
0.3801
0.3804
0.3603
0.353
0.3806
0.3747
0.3764
0.3827
0.3812
0.3718
0.324
0.3753
0.3684
0.3493
0.3778
0.3785
0.3737
0.3991
0.3625
0.3666
0.3911
0.3724
0.3985
0.3731
0.3591
0.369
0.3641
0.3795
0.3514
0.3767
0.3412
0.3433
0.3836
0.3682
0.3797
0.3448
0.3645
0.3819
0.3658
0.3593
0.3625
0.3656
0.3611
0.3448
0.327
0.3597
0.3826
0.3753
0.3686
0.3569
0.3597
0.3714
0.3547
0.3333
0.3257
0.3917
0.3732
0.3403
0.3696
0.3742
0.3381
0.3813
0.3602
0.356
0.3918
0.3786
0.359
0.3827
0.3593
0.3278
0.349
0.3957
0.3478
0.3335
0.3391
0.3614
0.3684
0.3785
0.356
0.3469
0.374
0.3072
0.3449
0.3693
0.356
0.3707
0.3613
0.3374
0.3837
0.3581
0.3609
0.3664
0.3751
0.3754
0.3193
0.3631
0.2909
0.3526
0.3559
0.3743
0.361
0.3971
0.4
0.3893
0.3714
0.3583
0.3527
0.3877
0.3019
0.3936
0.3629
0.3571
0.3429
0.3451
0.3416
0.3609
0.3387
0.3801
0.3723
0.3835
0.353
0.3861
0.3735
0.3338
0.3926
0.3461
0.3425
0.3814
0.3799
0.3796
0.3588
0.3962
0.3543
0.3841
0.3496
0.3418
0.368
0.3384
0.3887
0.3814
0.3674
0.3769
0.3134
0.3875
0.3881
0.372
0.3245
0.3588
0.3122
0.3902
0.3656
0.3923
0.3731
0.3672
0.3663
0.3549
0.3521
0.3289
0.3765
0.3616
0.3657
0.3701
0.3653
0.3934
0.3969
0.3561
0.3712
0.3777
0.399
0.3483
0.3786
0.379
0.3631
0.377
0.3374
0.3539
0.379
0.3738
0.3668
0.3335
0.3518
0.3801
0.3795
0.3888
0.3735
0.3438
0.3992
0.3684
0.3894
0.3579
0.3684
0.3777
0.3442
0.3372
0.3149
0.383
0.3221
0.3389
0.3811
0.3803
0.3758
0.354
0.3519
0.3781
0.3371
0.3971
0.3493
0.3835
0.3662
0.3625
0.366
0.3483
0.3569
0.3674
0.3953
0.3831
0.352
0.3819
0.3857
0.338
0.3603
0.3442
0.3576
0.3405
0.3773
0.3316
0.3487
0.3535
0.3444
0.3575
0.3379
0.3793
0.3459
0.3293
0.3451
0.3793
0.3875
0.3692
0.3663
0.3749
0.3652
0.3869
0.3055
0.3982
0.3282
0.3565
0.3727
0.3604
0.357
0.3595
0.3347
0.3838
0.3989
0.3775
0.3578
0.3859
0.3965
0.3404
0.3659
0.3429
0.3461
0.3372
0.3604
0.3314
0.3204
0.3984
0.3706
0.3604
0.3498
0.3642
0.3629
0.3972
0.344
0.3948
0.3499
0.3285
0.3817
0.356
0.3413
0.3991
0.3278
0.3066
0.3762
0.3891
0.3418
0.3502
0.3956
0.3953
0.3784
0.39
0.3708
0.3399
0.3584
0.3069
0.3806
0.379
0.3422
0.3561
0.3645
0.3424
0.3386
0.3326
0.3825
0.3953
0.3679
0.341
0.3859
0.3474
0.3518
0.3749
0.3636
0.3282
0.3169
0.3757
0.3617
0.3851
0.3337
0.356
0.3727
0.373
0.3991
0.3852
0.3413
0.3611
0.3706
0.3689
0.3953
0.3386
0.3802
0.3542
0.3483
0.3959
0.3704
0.3893
0.3679
0.3874
0.3664
0.3725
0.3894
0.3444
0.3276
0.3267
0.3527
0.3827
0.3451
0.3768
0.2891
0.3655
0.3281
0.3317
0.3799
0.3682
0.3706
0.3389
0.3917
0.3393
0.3656
0.3992
0.3869
0.3511
0.3608
0.3401
0.3348
0.3347
0.3795
0.3478
0.3785
0.3816
0.3428
0.3671
0.3231
0.375
0.3918
0.3936
0.3969
0.4
0.3988
0.4
0.4
0.3942
0.3982
0.3968
0.3836
0.3977
0.3436
0.3975
0.3182
0.3641
0.3669
0.3175
0.3931
0.371
0.3966
0.3627
0.4
0.336
0.3624
0.3791
0.4
0.396
0.3732
0.3456
0.4
0.3593
0.3755
0.3984
0.3302
0.3989
0.3872
0.3939
0.393
0.3868
0.399
0.3802
0.3983
0.3299
0.378
0.3729
0.3976
0.3993
0.3974
0.3972
0.397
0.399
0.3604
0.4
0.3782
0.3806
0.3963
0.398
0.3966
0.3732
0.3965
0.3914
0.3987
0.3989
0.3079
0.3983
0.398
0.3788
0.3947
0.3472
0.3779
0.3992
0.3967
0.3556
0.3944
0.3738
0.3773
0.382
0.3963
0.4
0.3894
0.3946
0.3841
0.4
0.3989
0.3601
0.4
0.3585
0.3989
0.3972
0.3938
0.3797
0.3601
0.3974
0.3813
0.3745
0.3975
0.3966
0.3912
0.3852
0.3961
0.3594
0.3976
0.3991
0.387
0.3622
0.4
0.3928
0.3796
0.3829
0.3896
0.3945
0.3829
0.4
0.3641
0.3968
0.3921
0.3953
0.3936
0.3811
0.3976
0.3864
0.3959
0.3985
0.398
0.3637
0.3795
0.3698
0.3498
0.3953
0.3436
0.4
0.3968
0.3825
0.4
0.3982
0.4
0.3899
0.398
0.3827
0.3096
0.3961
0.4
0.358
0.3841
0.3951
0.3904
0.3713
0.3352
0.3973
0.3431
0.3603
0.3442
0.399
0.3689
0.3497
0.3974
0.3701
0.3749
0.39
0.3936
0.3981
0.3991
0.4
0.3923
0.3478
0.3955
0.3595
0.3401
0.399
0.3852
0.3976
0.4
0.3991
0.3777
0.3844
0.363
0.399
0.3958
0.3598
0.3723
0.374
0.3985
0.3991
0.3922
0.3677
0.3988
0.3755
0.4
0.396
0.3837
0.3968
0.3986
0.3585
0.3955
0.4
0.3988
0.3403
0.4
0.3898
0.3693
0.3527
0.3975
0.4
0.3822
0.3866
0.3977
0.3519
0.3657
0.3646
0.3975
0.399
0.3989
0.3939
0.3839
0.3988
0.3417
0.384
0.3943
0.3973
0.3774
0.4
0.3989
0.3951
0.3818
0.3697
0.34
0.3978
0.3958
0.4
0.3988
0.3979
0.3582
0.3988
0.3982
0.3837
0.4
0.3969
0.3943
0.3945
0.3346
0.3771
0.3979
0.3744
0.3982
0.3837
0.399
0.3975
0.3518
0.3988
0.3777
0.311
0.3991
0.395
0.3964
0.3971
0.4
0.4
0.3956
0.3951
0.3989
0.3654
0.3714
0.3702
0.3992
0.3917
0.3943
0.3524
0.3828
0.4
0.4
0.4
0.4
0.4
0.4
0.3976
0.3966
0.35
0.3758
0.3401
0.3959
0.3858
0.3742
0.3757
0.3924
0.3977
0.3474
0.3374
0.3989
0.3975
0.3782
0.3526
0.3259
0.3973
0.39
0.3735
0.3975
0.3803
0.3972
0.4
0.3428
0.3974
0.3694
0.3925
0.3957
0.3952
0.3835
0.366
0.3789
0.3978
0.3966
0.3685
0.4
0.3405
0.3219
0.3557
0.3779
0.3977
0.3814
0.3969
0.4
0.3991
0.4
0.3988
0.3748
0.3641
0.3971
0.3915
0.4
0.3971
0.3967
0.4
0.3445
0.3331
0.3991
0.3988
0.3988
0.3942
0.3458
0.3974
0.3735
0.3763
0.3953
0.3844
0.3989
0.3949
0.3346
0.4
0.3971
0.3887
0.3979
0.3955
0.4
0.3992
0.3981
0.3967
0.3366
0.3969
0.3597
0.3776
0.3971
0.4
0.3887
0.3564
0.3738
0.398
0.3821
0.3929
0.369
0.4
0.3767
0.3981
0.3866
0.3976
0.3883
0.379
0.3397
0.3703
0.3871
0.3991
0.3967
0.3714
0.3989
0.3801
0.3951
0.3762
0.3985
0.3915
0.3989
0.3957
0.3991
0.3991
0.3541
0.3715
0.3977
0.3981
0.3994
0.3979
0.3982
0.3799
0.3969
0.3989
0.3876
0.3441
0.3969
0.3989
0.373
0.3573
0.333
0.3768
0.4
0.3727
0.3955
0.3957
0.3733
0.3914
0.33
0.379
0.377
0.3936
0.3805
0.4
0.3989
0.3991
0.397
0.3494
0.3722
0.3823
0.3988
0.32
0.3955
0.3806
0.3841
0.4
0.3479
0.3786
0.3705
0.3992
0.3922
0.3376
0.399
0.4
0.3779
0.3749
0.3949
0.3755
0.4
0.391
0.3922
0.3837
0.3754
0.3986
0.3369
0.395
0.3857
0.3411
0.399
0.3941
0.3983
0.4
0.4
0.3944
0.3879
0.3952
0.399
0.3989
0.3951
0.399
0.3819
0.4
0.4
0.3988
0.3834
0.4
0.3877
0.4
0.3662
0.398
0.3988
0.3984
0.3801
0.3974
0.4
0.3435
0.3323
0.3482
0.399
0.3832
0.4
0.3991
0.3988
0.3962
0.3906
0.4
0.3363
0.3962
0.3985
0.3951
0.3851
0.3964
0.3991
0.4
0.3924
0.3975
0.3859
0.3806
0.3157
0.3317
0.3771
0.399
0.3967
0.3849
0.4
0.3978
0.4
0.3963
0.3989
0.4
0.398
0.3983
0.4
0.3965
0.4
0.3959
0.379
0.3717
0.3445
0.3936
0.3992
0.3991
0.3991
0.3932
0.3077
0.3988
0.3715
0.398
0.3931
0.4
0.4
0.3742
0.3939
0.3381
0.3991
0.3865
0.3734
0.3708
0.3258
0.3911
0.3991
0.4
0.3987
0.3763
0.4
0.3785
0.3888
0.358
0.3979
0.3421
0.3631
0.3945
0.4
0.3945
0.3825
0.3979
0.3813
0.399
0.3701
0.3714
0.3946
0.349
0.3777
0.346
0.3989
0.3991
0.4
0.3625
0.3744
0.3963
0.3932
0.399
0.3989
0.3873
0.3962
0.3986
0.4
0.3974
0.3717
0.3254
0.3971
0.4
0.3992
0.3989
0.3585
0.3982
0.3969
0.3651
0.3747
0.3862
0.3967
0.3992
0.3961
0.3948
0.397
0.4
0.3963
0.3958
0.3407
0.3655
0.3979
0.3963
0.3771
0.3541
0.3821
0.3685
0.4
0.388
0.3579
0.3803
0.3978
0.3979
0.3981
0.3579
0.3732
0.3859
0.3969
0.3981
0.3545
0.3974
0.3931
0.4
0.3966
0.3476
0.3947
0.3869
0.4
0.3986
0.3948
0.3889
0.3776
0.3943
0.3947
0.3989
0.4
0.3982
0.3152
0.3973
0.3718
0.3962
0.3595
0.3982
0.3664
0.3989
0.3991
0.3449
0.3837
0.396
0.3552
0.3941
0.3976
0.4
0.3586
0.3899
0.3826
0.4
0.391
0.3824
0.3975
0.3948
0.3989
0.3976
0.3932
0.3088
0.3829
0.3594
0.3944
0.4
0.3956
0.3841
0.3989
0.4
0.3232
0.3954
0.398
0.3945
0.3605
0.4
0.3732
0.3948
0.3758
0.3569
0.3993
0.3715
0.3975
0.3989
0.3847
0.365
0.3989
0.3976
0.3838
0.397
0.3358
0.3885
0.3988
0.3465
0.3939
0.3972
0.3962
0.3971
0.3457
0.3619
0.3948
0.3981
0.3164
0.3961
0.3764
0.3975
0.3988
0.3736
0.3989
0.3967
0.4
0.3311
0.3988
0.3799
0.3989
0.3723
0.399
0.3989
0.399
0.3601
0.3955
0.3943
0.349
0.3697
0.3562
0.3877
0.3989
0.3971
0.3969
0.3968
0.3168
0.3948
0.3989
0.3955
0.3555
0.3994
0.3991
0.3457
0.3827
0.3934
0.399
0.3744
0.3988
0.3437
0.3956
0.3919
0.3481
0.3807
0.3715
0.394
0.3654
0.399
0.4
0.3763
0.4
0.3717
0.3975
0.3817
0.4
0.3794
0.4
0.3571
0.3652
0.3539
0.4
0.3976
0.3143
0.3986
0.3897
0.3803
0.3316
0.3733
0.3827
0.3989
0.3744
0.4
0.3984
0.3713
0.3533
0.4
0.3786
0.3846
0.3848
0.3365
0.3726
0.3977
0.3645
0.4
0.3699
0.3979
0.3989
0.3811
0.3942
0.3821
0.3954
0.379
0.399
0.3527
0.3965
0.3991
0.378
0.3959
0.3718
0.4
0.3992
0.3968
0.4
0.3978
0.3977
0.3985
0.3966
0.3623
0.398
0.3948
0.3475
0.3963
0.3912
0.399
0.4
0.4
0.3967
0.3869
0.3837
0.3372
0.3968
0.2911
0.3863
0.3319
0.3888
0.398
0.3992
0.34
0.3943
0.4
0.3936
0.3692
0.3972
0.4
0.3266
0.3616
0.3765
0.4
0.4
0.3941
0.3974
0.3881
0.399
0.3928
0.3927
0.3905
0.3457
0.3938
0.3611
0.3788
0.3744
0.3989
0.3818
0.3968
0.3959
0.3959
0.3379
0.3835
0.3451
0.3858
0.3964
0.3546
0.3991
0.3963
0.3984
0.3702
0.4
0.3126
0.3989
0.3621
0.4
0.3981
0.3934
0.3975
0.3788
0.3399
0.3262
0.3988
0.3886
0.3945
0.3699
0.3955
0.4
0.3367
0.3989
0.399
0.3928
0.3911
0.4
0.3277
0.3989
0.3674
0.3821
0.3924
0.399
0.3723
0.3974
0.3991
0.3629
0.3841
0.3971
0.3884
0.3876
0.3755
0.3736
0.3945
0.3965
0.3979
0.3811
0.3596
0.3764
0.4
0.4
0.3965
0.396
0.3962
0.3543
0.3814
0.3934
0.3563
0.3794
0.4
0.4
0.3903
0.3588
0.3964
0.3987
0.3879
0.3981
0.3573
0.399
0.3857
0.3818
0.396
0.3983
0.3969
0.3592
0.3698
0.3451
0.3833
0.3685
0.3965
0.4
0.3342
0.3905
0.3534
0.3958
0.4
0.3662
0.3976
0.3761
0.3561
0.3941
0.3976
0.3973
0.3989
0.3075
0.3954
0.4
0.4
0.3543
0.3907
0.3736
0.383
0.3568
0.3774
0.297
0.3926
0.3961
0.4
0.3664
0.3915
0.3989
0.3985
0.3981
0.3984
0.3988
0.3845
0.3957
0.3976
0.3967
0.3585
0.3988
0.3976
0.3957
0.3937
0.3937
0.3955
0.3969
0.4
0.3977
0.3974
0.4
0.4
0.3982
0.3923
0.3944
0.3985
0.3973
0.3963
0.3983
0.4
0.3993
0.3991
0.3946
0.3582
0.3946
0.4
0.3975
0.3953
0.3989
0.3964
0.3988
0.4
0.3941
0.3991
0.3989
0.4
0.3983
0.4
0.4
0.3947
0.3991
0.3957
0.3953
0.398
0.4
0.3979
0.3967
0.3964
0.3969
0.3927
0.3976
0.3993
0.3987
0.4
0.3989
0.3964
0.3988
0.3987
0.3929
0.3918
0.3951
0.4
0.3944
0.3893
0.3965
0.3939
0.3987
0.396
0.3962
0.3991
0.399
0.3952
0.3966
0.3913
0.3988
0.4
0.398
0.3965
0.395
0.3979
0.392
0.3627
0.3944
0.3974
0.399
0.398
0.3976
0.3989
0.4
0.3924
0.3992
0.3797
0.3989
0.4
0.3963
0.396
0.4
0.3953
0.3969
0.3983
0.4
0.3943
0.4
0.3958
0.3946
0.399
0.3992
0.3991
0.3985
0.3979
0.4
0.3961
0.3978
0.3972
0.3945
0.3952
0.3958
0.4
0.3988
0.3966
0.3934
0.3968
0.3972
0.3945
0.3905
0.4
0.3989
0.3992
0.4
0.3943
0.3928
0.396
0.3989
0.397
0.3989
0.3983
0.3953
0.3984
0.3991
0.3991
0.4
0.3941
0.398
0.4
0.3986
0.4
0.3975
0.3841
0.398
0.4
0.3953
0.3836
0.3976
0.4
0.3969
0.3989
0.4
0.399
0.4
0.3992
0.3895
0.3704
0.3938
0.3974
0.3988
0.399
0.3964
0.3949
0.3806
0.3988
0.4
0.3758
0.4
0.4
0.3973
0.4
0.3969
0.3958
0.3975
0.4
0.3967
0.3982
0.3987
0.3962
0.3963
0.3973
0.3985
0.3991
0.3948
0.4
0.3961
0.3987
0.3966
0.3989
0.3958
0.3958
0.3985
0.3991
0.3951
0.3986
0.4
0.3939
0.3966
0.399
0.3989
0.399
0.3975
0.4
0.3971
0.3973
0.3662
0.3914
0.3917
0.3718
0.4
0.3971
0.4
0.4
0.3979
0.3983
0.4
0.3837
0.396
0.3957
0.3978
0.3989
0.3952
0.3989
0.4
0.4
0.3985
0.3978
0.3938
0.3969
0.3988
0.3969
0.3986
0.3988
0.4
0.4
0.3981
0.3964
0.399
0.3963
0.3925
0.3847
0.3989
0.3935
0.3933
0.3939
0.399
0.3971
0.3991
0.3978
0.4
0.399
0.3991
0.4
0.3981
0.398
0.4
0.3972
0.3979
0.4
0.4
0.3928
0.3982
0.392
0.3992
0.3919
0.3972
0.383
0.4
0.3968
0.3936
0.4
0.3992
0.3971
0.3972
0.3945
0.3954
0.3971
0.3975
0.3991
0.3959
0.4
0.4
0.3831
0.3991
0.3983
0.4
0.399
0.3926
0.4
0.3992
0.4
0.3961
0.3981
0.3991
0.3949
0.3917
0.4
0.3857
0.389
0.4
0.3956
0.3985
0.3987
0.3988
0.3962
0.3974
0.396
0.3942
0.395
0.3933
0.3954
0.3988
0.3966
0.3965
0.3962
0.3718
0.3748
0.3898
0.3973
0.3968
0.4
0.3989
0.3988
0.397
0.3974
0.398
0.3945
0.397
0.3974
0.3984
0.4
0.3991
0.398
0.4
0.3983
0.3976
0.3988
0.3799
0.4
0.3968
0.3988
0.4
0.3964
0.3979
0.3969
0.3952
0.3955
0.399
0.4
0.3963
0.3952
0.4
0.3948
0.4
0.4
0.3989
0.3983
0.3994
0.3989
0.398
0.3979
0.3932
0.3982
0.3991
0.3981
0.3949
0.3932
0.3969
0.3762
0.4
0.399
0.3971
0.3949
0.3938
0.3989
0.3992
0.399
0.3991
0.3982
0.3931
0.3947
0.4
0.399
0.3976
0.3911
0.3945
0.3976
0.3989
0.3854
0.3982
0.4
0.3946
0.3991
0.3978
0.398
0.4
0.3978
0.3983
0.394
0.3988
0.3989
0.3987
0.3794
0.3961
0.395
0.3868
0.3985
0.3961
0.3909
0.3989
0.3972
0.398
0.4
0.3993
0.3989
0.399
0.3982
0.3935
0.3758
0.3964
0.3989
0.3979
0.3973
0.3992
0.3926
0.3979
0.399
0.4
0.4
0.3936
0.3975
0.3875
0.3966
0.3971
0.3978
0.3841
0.3984
0.3973
0.3948
0.399
0.3953
0.3992
0.3782
0.3949
0.4
0.3974
0.3658
0.3945
0.397
0.3979
0.3986
0.3926
0.399
0.3992
0.3966
0.4
0.4
0.3975
0.3941
0.3967
0.3977
0.3983
0.4
0.3981
0.3989
0.3941
0.399
0.399
0.4
0.3987
0.3955
0.3989
0.3919
0.3967
0.4
0.4
0.3981
0.3967
0.397
0.3981
0.4
0.4
0.4
0.378
0.3984
0.4
0.4
0.3944
0.3991
0.3988
0.3975
0.396
0.399
0.4
0.4
0.3866
0.3961
0.3982
0.4
0.4
0.3974
0.3981
0.3991
0.3988
0.3901
0.3974
0.3979
0.3989
0.4
0.3895
0.3966
0.4
0.3984
0.3991
0.3961
0.3969
0.4
0.3969
0.4
0.3122
0.3919
0.3976
0.3783
0.3979
0.3955
0.3991
0.3969
0.3935
0.3961
0.4
0.3971
0.3986
0.3966
0.3981
0.4
0.3936
0.4
0.4
0.3943
0.4
0.3989
0.4
0.3964
0.3978
0.3984
0.3984
0.3969
0.3991
0.3943
0.3964
0.395
0.4
0.4
0.3979
0.4
0.4
0.3969
0.3934
0.3955
0.4
0.3945
0.3573
0.3989
0.3987
0.3956
0.399
0.3959
0.3973
0.3993
0.399
0.4
0.3969
0.3982
0.3881
0.4
0.3991
0.3991
0.3927
0.3981
0.3948
0.4
0.3964
0.3972
0.3975
0.394
0.4
0.397
0.3966
0.398
0.3992
0.3978
0.3982
0.4
0.3946
0.3826
0.4
0.3983
0.3919
0.3992
0.3922
0.394
0.4
0.399
0.3978
0.4
0.3992
0.3978
0.3947
0.4
0.3808
0.399
0.3982
0.3991
0.399
0.399
0.4
0.3987
0.3896
0.4
0.4
0.4
0.4
0.4
0.4
0.4
0.3968
0.3646
0.3931
0.3989
0.3991
0.3327
0.4
0.3981
0.3979
0.3976
0.3959
0.4
0.3637
0.3847
0.3958
0.3568
0.4
0.3973
0.3952
0.3991
0.3989
0.3987
0.3936
0.3974
0.3978
0.3979
0.3982
0.3966
0.3822
0.3935
0.399
0.4
0.4
0.4
0.3989
0.3932
0.3958
0.4
0.3978
0.3928
0.398
0.3986
0.3969
0.3978
0.3971
0.4
0.3992
0.398
0.399
0.3991
0.4
0.3987
0.3989
0.3988
0.3837
0.3938
0.399
0.3972
0.4
0.3971
0.4
0.3976
0.3986
0.3959
0.3979
0.4
0.3974
0.4
0.4
0.3991
0.4
0.4
0.4
0.4
0.3983
0.3635
0.3977
0.4
0.3917
0.3981
0.3965
0.3974
0.4
0.3598
0.3978
0.3963
0.3957
0.3961
0.3949
0.3921
0.3988
0.3982
0.3978
0.3977
0.3991
0.3976
0.3977
0.4
0.4
0.3958
0.3973
0.3979
0.3963
0.3963
0.3972
0.392
0.3876
0.4
0.4
0.3952
0.4
0.3938
0.3989
0.3936
0.3953
0.4
0.4
0.3981
0.3992
0.3865
0.3982
0.3992
0.4
0.4
0.399
0.396
0.3956
0.3987
0.3958
0.3907
0.3981
0.3979
0.3936
0.3987
0.3973
0.3931
0.3989
0.3978
0.3992
0.3989
0.3975
0.3991
0.3975
0.3953
0.3981
0.396
0.3958
0.3988
0.3974
0.396
0.3991
0.4
0.3979
0.398
0.3947
0.3972
0.399
0.3924
0.3981
0.3706
0.3958
0.3974
0.3991
0.3979
0.3925
0.3945
0.3969
0.4
0.3955
0.3977
0.3811
0.398
0.3978
0.4
0.4
0.3936
0.3968
0.4
0.4
0.398
0.4
0.4
0.3964
0.3968
0.3947
0.3646
0.398
0.3723
0.3984
0.4
0.3975
0.3958
0.4
0.3992
0.3923
0.4
0.3924
0.399
0.4
0.3984
0.399
0.4
0.3991
0.399
0.3985
0.3945
0.4
0.3932
0.3977
0.4
0.3991
0.3991
0.4
0.399
0.3984
0.3913
0.3975
0.3991
0.3948
0.4
0.398
0.3973
0.3939
0.3954
0.397
0.3987
0.4
0.3969
0.39
0.3969
0.399
0.3955
0.4
0.3992
0.3975
0.3986
0.3989
0.3972
0.3891
0.3927
0.398
0.4
0.3989
0.3869
0.3691
0.4
0.3936
0.399
0.3983
0.4
0.3929
0.3952
0.3992
0.3967
0.3944
0.3902
0.3956
0.399
0.399
0.3972
0.3989
0.3967
0.3966
0.3945
0.397
0.4
0.3977
0.3936
0.3963
0.397
0.399
0.3988
0.395
0.399
0.4
0.3932
0.4
0.4
0.4
0.3991
0.399
0.3982
0.396
0.3972
0.3974
0.3974
0.4
0.3982
0.397
0.3964
0.3921
0.3982
0.3904
0.3939
0.3983
0.3989
0.3918
0.3989
0.3931
0.4
0.3976
0.3982
0.3989
0.3987
0.3989
0.393
0.3952
0.4
0.3948
0.3981
0.3989
0.3943
0.3989
0.389
0.3964
0.4
0.4
0.3925
0.399
0.3982
0.3976
0.3989
0.3944
0.3888
0.3936
0.3942
0.3846
0.3951
0.4
0.3981
0.4
0.3976
0.3975
0.3991
0.3973
0.4
0.3971
0.3965
0.3839
0.3989
0.3955
0.3988
0.3957
0.3989
0.3975
0.3947
0.3888
0.3968
0.3758
0.3907
0.3988
0.3987
0.3991
0.3921
0.4
0.394
0.3973
0.3969
0.3981
0.3992
0.3938
0.3992
0.4
0.4
0.3928
0.3951
0.3974
0.3963
0.3959
0.3971
0.3976
0.3942
NA
NA
NA
NA
NA
NA
NA
NA
NA
NA
NA
NA
NA
NA
NA
NA
NA
NA
NA
NA
NA
NA
NA
NA
NA
NA
NA
NA
NA
NA
NA
NA
NA
NA
NA
NA
NA
NA
NA
NA
NA
NA
NA
NA
NA
NA
NA
NA
NA
NA
NA
NA
NA
NA
NA
NA
NA
NA
NA
NA
NA
NA
NA
NA
NA
NA
NA
NA
NA
NA
NA
NA
NA
NA
NA
NA
NA
NA
NA
NA
NA
NA
NA
NA
NA
NA
NA
NA
NA
NA
NA
NA
NA
NA
NA
NA
NA
NA
NA
NA
NA
NA
NA
NA
NA
NA
NA
NA
NA
NA
NA
NA
NA
NA
NA
NA
NA
NA
NA
NA
NA
NA
NA
NA
NA
NA
NA
NA
NA
NA
NA
NA
NA
NA
NA
NA
NA
NA
NA
NA
NA
NA
NA
NA
NA
NA
NA
NA
NA
NA
NA
NA
NA
NA
NA
NA
NA
NA
NA
NA
NA
NA
NA
NA
NA
NA
NA
NA
NA
NA
NA
NA
NA
NA
NA
NA
NA
NA
NA
NA
NA
NA
NA
NA
NA
NA
NA
NA
NA
NA
NA
NA
NA
NA
NA
NA
NA
NA
NA
NA
NA
NA
NA
NA
NA
NA
NA
NA
NA
NA
NA
NA
NA
NA
NA
NA
NA
NA
NA
NA
NA
NA
NA
NA
NA
NA
NA
NA
NA
NA
NA
NA
NA
NA
NA
NA
NA
NA
NA
NA
NA
NA
NA
NA
NA
NA
NA
NA
NA
NA
NA
NA
NA
NA
NA
NA
NA
NA
NA
NA
NA
NA
NA
NA
NA
NA
NA
NA
NA
NA
NA
NA
NA
NA
NA
NA
NA
NA
NA
NA
NA
NA
NA
NA
NA
NA
NA
NA
NA
NA
NA
NA
NA
NA
NA
NA
NA
NA
NA
NA
NA
NA
NA
NA
NA
NA
NA
NA
NA
NA
NA
NA
NA
NA
NA
NA
NA
NA
NA
NA
NA
NA
NA
NA
NA
NA
NA
NA
NA
NA
NA
NA
NA
NA
NA
NA
NA
NA
NA
NA
NA
NA
NA
NA
NA
NA
NA
NA
NA
NA
NA
NA
NA
NA
NA
NA
NA
NA
NA
NA
NA
NA
NA
NA
NA
NA
NA
NA
NA
NA
NA
NA
NA
NA
NA
NA
NA
NA
NA
NA
NA
NA
NA
NA
NA
NA
NA
NA
NA
NA
NA
NA
NA
NA
NA
NA
NA
NA
NA
NA
NA
NA
NA
NA
NA
NA
NA
NA
NA
NA
NA
NA
NA
NA
NA
NA
NA
NA
NA
NA
NA
NA
NA
NA
NA
NA
NA
NA
NA
NA
NA
NA
NA
NA
NA
NA
NA
NA
NA
NA
NA
NA
NA
NA
NA
NA
NA
NA
NA
NA
NA
NA
NA
NA
NA
NA
NA
NA
NA
NA
NA
NA
NA
NA
NA
NA
NA
NA
NA
NA
NA
NA
NA
NA
NA
NA
NA
NA
NA
NA
NA
NA
NA
NA
NA
NA
NA
NA
NA
NA
NA
NA
NA
NA
NA
NA
NA
NA
NA
NA
NA
NA
NA
NA
NA
NA
NA
NA
NA
NA
NA
NA
NA
NA
NA
NA
NA
NA
NA
NA
NA
NA
NA
NA
NA
NA
NA
NA
NA
NA
NA
NA
NA
NA
NA
NA
NA
NA
NA
NA
NA
NA
NA
NA
NA
NA
NA
NA
NA
NA
NA
NA
NA
NA
NA
NA
NA
NA
NA
NA
NA
NA
NA
NA
NA
NA
NA
NA
NA
NA
NA
NA
NA
NA
NA
NA
NA
NA
NA
NA
NA
NA
NA
NA
NA
NA
NA
NA
NA
NA
NA
NA
NA
NA
NA
NA
NA
NA
NA
NA
NA
NA
NA
NA
NA
NA
NA
NA
NA
NA
NA
NA
NA
NA
NA
NA
NA
NA
NA
NA
NA
NA
NA
NA
NA
NA
NA
NA
NA
NA
NA
NA
NA
NA
NA
NA
NA
NA
NA
NA
NA
NA
NA
NA
NA
NA
NA
NA
NA
NA
NA
NA
NA
NA
NA
NA
NA
NA
NA
NA
NA
NA
NA
NA
NA
NA
NA
NA
NA
NA
NA
NA
NA
NA
NA
NA
NA
NA
NA
NA
NA
NA
NA
NA
NA
NA
NA
NA
NA
NA
NA
NA
NA
NA
NA
NA
NA
NA
NA
NA
NA
NA
NA
NA
NA
NA
NA
NA
NA
NA
NA
NA
NA
NA
NA
NA
NA
NA
NA
NA
NA
NA
NA
NA
NA
NA
NA
NA
NA
NA
NA
NA
NA
NA
NA
NA
NA
NA
NA
NA
NA
NA
NA
NA
NA
NA
NA
NA
NA
NA
NA
NA
NA
NA
NA
NA
NA
NA
NA
NA
NA
NA
NA
NA
NA
NA
NA
NA
NA
NA
NA
NA
NA
NA
NA
NA
NA
NA
NA
NA
NA
NA
NA
NA
NA
NA
NA
NA
NA
NA
NA
NA
NA
NA
NA
NA
NA
NA
NA
NA
NA
NA
NA
NA
NA
NA
NA
NA
NA
NA
NA
NA
NA
NA
NA
NA
NA
NA
NA
NA
NA
NA
NA
NA
NA
NA
NA
NA
NA
NA
NA
NA
NA
NA
NA
NA
NA
NA
NA
NA
NA
NA
NA
NA
NA
NA
NA
NA
NA
NA
NA
NA
NA
NA
NA
NA
NA
NA
NA
NA
NA
NA
NA
NA
NA
NA
NA
NA
NA
NA
NA
NA
NA
NA
NA
NA
NA
NA
NA
NA
NA
NA
NA
NA
NA
NA
NA
NA
NA
NA
NA
NA
NA
NA
NA
NA
NA
NA
NA
NA
NA
NA
NA
NA
NA
NA
NA
NA
NA
NA
NA
NA
NA
NA
NA
NA
NA
NA
NA
NA
NA
NA
NA
NA
NA
NA
NA
NA
NA
NA
NA
NA
NA
NA
NA
NA
NA
NA
NA
NA
NA
NA
NA
NA
NA
NA
NA
NA
NA
NA
NA
NA
NA
NA
NA
NA
NA
NA
NA
NA
NA
NA
NA
NA
NA
NA
NA
NA
NA
NA
NA
NA
NA
NA
NA
NA
NA
NA
NA
NA
NA
NA
NA
NA
NA
NA
NA
NA
NA
NA
NA
NA
NA
NA
NA
NA
NA
NA
NA
NA
NA
NA
NA
NA
NA
NA
NA
NA
NA
NA
NA
NA
NA
NA
NA
NA
NA
NA
NA
NA
NA
NA
NA
NA
NA
NA
NA
NA
NA
NA
NA
NA
NA
NA
NA
NA
NA
NA
NA
NA
NA
NA
NA
NA
NA
NA
NA
NA
NA
NA
NA
NA
NA
NA
NA
NA
NA
NA
NA
NA
NA
NA
NA
NA
NA
NA
NA
NA
NA
NA
NA
NA
NA
NA
NA
NA
NA
NA
NA
NA
NA
NA
NA
NA
NA
NA
NA
NA
NA
NA
NA
NA
NA
NA
NA
NA
NA
NA
NA
NA
NA
NA
NA
NA
NA
NA
NA
NA
NA
NA
NA
NA
NA
NA
NA
NA
NA
NA
NA
NA
NA
NA
NA
NA
NA
NA
NA
NA
NA
NA
NA
NA
NA
NA
NA
NA
NA
NA
NA
NA
NA
NA
NA
NA
NA
NA
NA
NA
NA
NA
NA
NA
NA
NA
NA
NA
NA
NA
NA
NA
NA
NA
NA
NA
NA
NA
NA
NA
NA
NA
NA
NA
NA
NA
NA
NA
NA
NA
NA
NA
NA
NA
NA
NA
NA
NA
NA
NA
NA
NA
NA
NA
NA
NA
NA
NA
NA
NA
NA
NA
NA
NA
NA
NA
NA
NA
NA
NA
NA
NA
NA
NA
NA
NA
NA
NA
NA
NA
NA
NA
NA
NA
NA
NA
NA
NA
NA
NA
NA
NA
NA
NA
NA
NA
NA
NA
NA
NA
NA
NA
NA
NA
NA
NA
NA
NA
NA
NA
NA
NA
NA
NA
NA
NA
NA
NA
NA
NA
NA
NA
NA
NA
NA
NA
NA
NA
NA
NA
NA
NA
NA
NA
NA
NA
NA
NA
NA
NA
NA
NA
NA
NA
NA
NA
NA
NA
NA
NA
NA
NA
NA
NA
NA
NA
NA
NA
NA
NA
NA
NA
NA
NA
NA
NA
NA
NA
NA
NA
NA
NA
NA
NA
NA
NA
NA
NA
NA
NA
NA
NA
NA
NA
NA
NA
NA
NA
NA
NA
NA
NA
NA
NA
NA
NA
NA
NA
NA
NA
NA
NA
NA
NA
NA
NA
NA
NA
NA
NA
NA
NA
NA
NA
NA
NA
NA
NA
NA
NA
NA
NA
NA
NA
NA
NA
NA
NA
NA
NA
NA
NA
NA
NA
NA
NA
NA
NA
NA
NA
NA
NA
NA
NA
NA
NA
NA
NA
NA
NA
NA
NA
NA
NA
NA
NA
NA
NA
NA
NA
NA
NA
NA
NA
NA
NA
NA
NA
NA
NA
NA
NA
NA
NA
NA
NA
NA
NA
NA
NA
NA
NA
NA
NA
NA
NA
NA
NA
NA
NA
NA
NA
NA
NA
NA
NA
NA
NA
NA
NA
NA
NA
NA
NA
NA
NA
NA
NA
NA
NA
NA
NA
NA
NA
NA
NA
NA
NA
NA
NA
NA
NA
NA
NA
NA
NA
NA
NA
NA
NA
NA
NA
NA
NA
NA
NA
NA
NA
NA
NA
NA
NA
NA
NA
NA
NA
NA
NA
NA
NA
NA
NA
NA
NA
NA
NA
NA
NA
NA
NA
NA
NA
NA
NA
NA
NA
NA
NA
NA
NA
NA
NA
NA
NA
NA
NA
NA
NA
NA
NA
NA
NA
NA
NA
NA
NA
NA
NA
NA
NA
NA
NA
NA
NA
NA
NA
NA
NA
NA
NA
NA
NA
NA
NA
NA
NA
NA
NA
NA
NA
NA
NA
NA
NA
NA
NA
NA
NA
NA
NA
NA
NA
NA
NA
NA
NA
NA
NA
NA
NA
NA
NA
NA
NA
NA
NA
NA
NA
NA
NA
NA
NA
NA
NA
NA
NA
NA
NA
NA
NA
NA
NA
NA
NA
NA
NA
NA
NA
NA
NA
NA
NA
NA
NA
NA
NA
NA
NA
NA
NA
NA
NA
NA
NA
NA
NA
NA
NA
NA
NA
NA
NA
NA
NA
NA
NA
NA
NA
NA
NA
NA
NA
NA
NA
NA
NA
NA
NA
NA
NA
NA
NA
NA
NA
NA
NA
NA
NA
NA
NA
NA
NA
NA
NA
NA
NA
NA
NA
NA
NA
NA
NA
NA
NA
NA
NA
NA
NA
NA
NA
NA
NA
NA
NA
NA
NA
NA
NA
NA
NA
NA
NA
NA
NA
NA
NA
NA
NA
NA
NA
NA
NA
NA
NA
NA
NA
NA
NA
NA
NA
NA
NA
NA
NA
NA
NA
NA
NA
NA
NA
NA
NA
NA
NA
NA
NA
NA
NA
NA
NA
NA
NA
NA
NA
NA
NA
NA
NA
NA
NA
NA
NA
NA
NA
NA
NA
NA
NA
NA
NA
NA
NA
NA
NA
NA
NA
NA
NA
NA
NA
NA
NA
NA
NA
NA
NA
NA
NA
NA
NA
NA
NA
NA
NA
NA
NA
NA
NA
NA
NA
NA
NA
NA
NA
NA
NA
NA
NA
NA
NA
NA
NA
NA
NA
NA
NA
NA
NA
NA
NA
NA
NA
NA
NA
NA
NA
NA
NA
NA
NA
NA
NA
NA
NA
NA
NA
NA
NA
NA
NA
NA
NA
NA
NA
NA
NA
NA
NA
NA
NA
NA
NA
NA
NA
NA
NA
NA
NA
NA
NA
NA
NA
NA
NA
NA
NA
NA
NA
NA
NA
NA
NA
NA
NA
NA
NA
NA
NA
NA
NA
NA
NA
NA
NA
NA
NA
NA
NA
NA
NA
NA
NA
NA
NA
NA
NA
NA
NA
NA
NA
NA
NA
NA
NA
NA
NA
NA
NA
NA
NA
NA
NA
NA
NA
NA
NA
NA
NA
NA
NA
NA
NA
NA
NA
NA
NA
NA
NA
NA
NA
NA
NA
NA
NA
NA
NA
NA
NA
NA
NA
NA
NA
NA
NA
NA
NA
NA
NA
NA
NA
NA
NA
NA
NA
NA
NA
NA
NA
NA
NA
NA
NA
NA
NA
NA
NA
NA
NA
NA
NA
NA
NA
NA
NA
NA
NA
NA
NA
NA
NA
NA
NA
NA
NA
NA
NA
NA
NA
NA
NA
NA
NA
NA
NA
NA
NA
NA
NA
NA
NA
NA
NA
NA
NA
NA
NA
NA
NA
NA
NA
NA
NA
NA
NA
NA
NA
NA
NA
NA
NA
NA
NA
NA
NA
NA
NA
NA
NA
NA
NA
NA
NA
NA
NA
NA
NA
NA
NA
NA
NA
NA
NA
NA
NA
NA
NA
NA
NA
NA
NA
NA
NA
NA
NA
NA
NA
NA
NA
NA
NA
NA
NA
NA
NA
NA
NA
NA
NA
NA
NA
NA
NA
NA
NA
NA
NA
NA
NA
NA
NA
NA
NA
NA
NA
NA
NA
NA
NA
NA
NA
NA
NA
NA
NA
NA
NA
NA
NA
NA
NA
NA
NA
NA
NA
NA
NA
NA
NA
NA
NA
NA
NA
NA
NA
NA
NA
NA
NA
NA
NA
NA
NA
NA
NA
NA
NA
NA
NA
NA
NA
NA
NA
NA
NA
NA
NA
NA
NA
NA
NA
NA
NA
NA
NA
NA
NA
NA
NA
NA
NA
NA
NA
NA
NA
NA
NA
NA
NA
NA
NA
NA
NA
NA
NA
NA
NA
NA
NA
NA
NA
NA
NA
NA
NA
NA
NA
NA
NA
NA
NA
NA
NA
NA
NA
NA
NA
NA
NA
NA
NA
NA
NA
NA
NA
NA
NA
NA
NA
NA
NA
NA
NA
NA
NA
NA
NA
NA
NA
NA
NA
NA
NA
NA
NA
NA
NA
NA
NA
NA
NA
NA
NA
NA
NA
NA
NA
NA
NA
NA
NA
NA
NA
NA
NA
NA
NA
NA
NA
NA
NA
NA
NA
NA
NA
NA
NA
NA
NA
NA
NA
NA
NA
NA
NA
NA
NA
NA
NA
NA
NA
NA
NA
NA
NA
NA
NA
NA
NA
NA
NA
NA
NA
NA
NA
NA
NA
NA
NA
NA
NA
NA
NA
NA
NA
NA
NA
NA
NA
NA
NA
NA
NA
NA
NA
NA
NA
NA
NA
NA
NA
NA
NA
NA
NA
NA
NA
NA
NA
NA
NA
NA
NA
NA
NA
NA
NA
NA
NA
NA
NA
NA
NA
NA
NA
NA
NA
NA
NA
NA
NA
NA
NA
NA
NA
NA
NA
NA
NA
NA
NA
NA
NA
NA
NA
NA
NA
NA
NA
NA
NA
NA
NA
NA
NA
NA
NA
NA
NA
NA
NA
NA
NA
NA
NA
NA
NA
NA
NA
NA
NA
NA
NA
NA
NA
NA
NA
NA
NA
NA
NA
NA
NA
NA
NA
NA
NA
NA
NA
NA
NA
NA
NA
NA
NA
NA
NA
NA
NA
NA
NA
NA
NA
NA
NA
NA
NA
NA
NA
NA
NA
NA
NA
NA
NA
NA
NA
NA
NA
NA
NA
NA
NA
NA
NA
NA
NA
NA
NA
NA
NA
NA
NA
NA
NA
NA
NA
NA
NA
NA
NA
NA
NA
NA
NA
NA
NA
NA
NA
NA
NA
NA
NA
NA
NA
NA
NA
NA
NA
NA
NA
NA
NA
NA
NA
NA
NA
NA
NA
NA
NA
NA
NA
NA
NA
NA
NA
NA
NA
NA
NA
NA
NA
NA
NA
NA
NA
NA
NA
NA
NA
NA
NA
NA
NA
NA
NA
NA
NA
NA
NA
NA
NA
NA
NA
NA
NA
NA
NA
NA
NA
NA
NA
NA
NA
NA
NA
NA
NA
NA
NA
NA
NA
NA
NA
NA
NA
NA
NA
NA
NA
NA
NA
NA
NA
NA
NA
NA
NA
NA
NA
NA
NA
NA
NA
NA
NA
NA
NA
NA
NA
NA
NA
NA
NA
NA
NA
NA
NA
NA
NA
NA
NA
NA
NA
NA
NA
NA
NA
NA
NA
NA
NA
NA
NA
NA
NA
NA
NA
NA
NA
NA
NA
NA
NA
NA
NA
NA
NA
NA
NA
NA
NA
NA
NA
NA
NA
NA
NA
NA
NA
NA
NA
NA
NA
NA
NA
NA
NA
NA
NA
NA
NA
NA
NA
NA
NA
NA
NA
NA
NA
NA
NA
NA
NA
NA
NA
NA
NA
NA
NA
NA
NA
NA
NA
NA
NA
NA
NA
NA
NA
NA
NA
NA
NA
NA
NA
NA
NA
NA
NA
NA
NA
NA
NA
NA
NA
NA
NA
NA
NA
NA
NA
NA
NA
NA
NA
NA
NA
NA
NA
NA
NA
NA
NA
NA
NA
NA
NA
NA
NA
NA
NA
NA
NA
NA
NA
NA
NA
NA
NA
NA
NA
NA
NA
NA
NA
NA
NA
NA
NA
NA
NA
NA
NA
NA
NA
NA
NA
NA
NA
NA
NA
NA
NA
NA
NA
NA
NA
NA
NA
NA
NA
NA
NA
NA
NA
NA
NA
NA
NA
NA
NA
NA
NA
NA
NA
NA
NA
NA
NA
NA
NA
NA
NA
NA
NA
NA
NA
NA
NA
NA
NA
NA
NA
NA
NA
NA
NA
NA
NA
NA
NA
NA
NA
NA
NA
NA
NA
NA
NA
NA
NA
NA
NA
NA
NA
NA
NA
NA
NA
NA
NA
NA
NA
NA
NA
NA
NA
NA
NA
NA
NA
NA
NA
NA
NA
NA
NA
NA
NA
NA
NA
NA
NA
NA
NA
NA
NA
NA
NA
NA
NA
NA
NA
NA
NA
NA
NA
NA
NA
NA
NA
NA
NA
NA
NA
NA
NA
NA
NA
NA
NA
NA
NA
NA
NA
NA
NA
NA
NA
NA
NA
NA
NA
NA
NA
NA
NA
NA
NA
NA
NA
NA
NA
NA
NA
NA
NA
NA
NA
NA
NA
NA
NA
NA
NA
NA
NA
NA
NA
NA
NA
NA
NA
NA
NA
NA
NA
NA
NA
NA
NA
NA
NA
NA
NA
NA
NA
NA
NA
NA
NA
NA
NA
NA
NA
NA
NA
NA
NA
NA
NA
NA
NA
NA
NA
NA
NA
NA
NA
NA
NA
NA
NA
NA
NA
NA
NA
NA
NA
NA
NA
NA
NA
NA
NA
NA
NA
NA
NA
NA
NA
NA
NA
NA
NA
NA
NA
NA
NA
NA
NA
NA
NA
NA
NA
NA
NA
NA
NA
NA
NA
NA
NA
NA
NA
NA
NA
NA
NA
NA
NA
NA
NA
NA
NA
NA
NA
NA
NA
NA
NA
NA
NA
NA
NA
NA
NA
NA
NA
NA
NA
NA
NA
NA
NA
NA
NA
NA
NA
NA
NA
NA
NA
NA
NA
NA
NA
NA
NA
NA
NA
NA
NA
NA
NA
NA
NA
NA
NA
NA
NA
NA
NA
NA
NA
NA
NA
NA
NA
NA
NA
NA
NA
NA
NA
NA
NA
NA
NA
NA
NA
1.5882
0.06
0.6286
1.0588
0.6765
0.3902
0.8125
0.04
0.9286
0.2
0.6757
1.2917
0.0536
0.4286
0.6667
0.6071
0.9412
0.098
0
1.5312
0.7241
1.1071
0.6
0.4595
0.3488
1.2581
0.4571
0.9118
0.6364
0.6538
0.3721
0.8
0
0.4878
1.0556
0.2568
0.0213
0.5
0.383
0.4167
0.6333
0.4359
0.0625
0.2973
0.4419
0.8125
0.3333
0.4419
0.8519
0.5625
0.8333
1.2759
0.9259
0.6286
0.8214
0.931
0.7447
0.6286
1
0.425
0.7714
0.8276
0.8065
0.4
1.0417
1.2308
0.9667
0.2826
0.4865
0.7143
0.3939
0.8
0.8462
0.6304
0.5714
1.0625
1.2258
1.0741
0.9091
0
0.5429
0.5385
0.5897
0.6216
0.5
0.4211
0.6111
1.3214
0.5
1
0.4444
0.6765
0.4773
0.6286
1
0.92
0.0465
0.4222
0.6667
0.8
0.4103
0.5
0.7812
0.0227
0.28
0.3409
0.3542
0.7812
0
2.8235
0.7941
0.6667
0.1364
0.5208
0.5682
0.3902
0.8182
0.5238
0.1613
0.95
0.8529
0.5714
0.1892
0.5
0.5429
0.6341
0.8438
0.6
1
0.4474
0.5
0.3478
1.4615
0.9189
0.0448
0.6
0.7105
0.7895
1.375
0.1111
0.425
0.6216
0.9167
1.087
0.4
0.4103
0.5
1
0.9444
0.5854
1.1111
0.9091
0.5484
0.3889
0.8
0.4615
0.3455
0.6522
0.3871
1.2381
0.4146
0.2889
0.8065
0.4
0.6053
0.4359
0.5938
0.8333
0.0426
0.9697
1.0323
0.5789
0
0.303
0.22
0.2708
0.8889
0.6061
0.0385
0.0638
0.7667
0.8485
1.5833
1.3158
1.15
0.561
1.4
0.6129
1.8261
0.2903
0.625
0.8182
0.6
0.7143
0.7826
0.9744
0.0233
0.5
1
0.4444
0.7241
0.4634
0.0233
1.1379
1
1.0667
0.6591
0.1042
0.6047
0.425
0.1111
0.0435
1.3929
0.4722
1.12
1.5
0.4722
0.1507
0.8387
0.4242
0.4643
0.6571
0.6786
1.3846
0.4167
1.3462
0.65
0.5833
0.5556
0.5938
0.6316
0.8125
0.6429
0.8667
0.88
0.9286
0.6757
0.9
0.6389
0.75
0.0455
0.1132
0.8919
0.3333
2.0455
1.3704
0.75
0.5152
0.6667
0.6458
1.0571
0.6667
0.8421
0.8788
0.5116
0.9565
0.55
0.7143
0.5882
0.7714
0.15
0.7857
1
0.0426
0.5714
0.5312
0.0182
0.359
1
0.6774
0.6047
0.037
0.6944
0.6579
0.7273
0.7917
0.35
0.8148
0.0465
0.8125
1
0.6923
1.0435
0.55
0.4667
0.2444
0.6
0.7297
1.5833
1.0667
1.0714
0.6897
0.449
1.0769
0.7368
0.7647
0.0741
0.8214
0.8108
0.8788
0.0625
0.8929
0.875
0.4211
0.54
0.0286
0.4722
0.5263
0.5278
0.8125
0.7895
1.28
0.6
0.7059
0.5312
0.7179
1.0741
0.9706
0.35
1.3913
0.0182
0.1778
1.0357
0.3043
0.6765
0.6
0.4167
0.6383
0.5
1.0345
0.75
0.8235
0.0566
0.5455
0.6053
0.9032
0.6
0.2571
0.2571
0.4848
0.7907
0.8276
1.2917
1.16
0.6857
0.5172
0.5758
0.6154
0
0.6053
0.7273
0.2889
0.5938
0.5405
1.3462
0.449
0.5676
0.7561
0.9655
0.3043
0.5614
0.8387
1.1667
0.7576
0.0741
0.619
0.4762
1.1613
0.5946
0.5278
0.0714
1.0286
1.1
0.6571
0.5714
1.16
1
0.7273
0.5306
0.7297
0.2292
0.7368
0.0976
0.4103
0.1667
0.3571
0.04
0.75
0.76
0.7381
0.5588
0.12
1.2414
0.5455
0.3333
0.4286
0.6774
0.4359
0.209
0.8182
0.3125
0.7
0.4242
0.5278
0.3824
0.5676
0.3846
0.3611
0.3333
0.8095
1.4286
0.119
1.6786
0.2857
0.9714
0.05
0.3585
0.05
0.7742
0.3478
0.9697
1.1034
0.8857
0
0.9667
0.5366
0.0536
1.2381
0.3333
0.7143
0.6333
0.6744
0.0952
0.6452
0.4118
0.8
0.7576
1.1111
0.62
0.6818
1.5556
0.675
0.6944
0.9
0.2979
1
1.1818
0.4318
0.4
0.6389
1.037
0.4524
0.4
0.68
0.5161
0.4211
0.4082
0.5417
1.25
0.0638
0.14
0.0638
0.0833
0.963
0.3864
1.0714
0.5263
0.7353
0.3333
0.5789
0.6061
0.8125
1.0833
0.2857
0.4706
0.6364
0.4348
1.1538
0.6364
0.5143
0.7241
0.6538
0.6944
0.3696
0.7347
1.8889
0.8235
1.4545
0.2683
0.3191
0.093
0.5128
1.4
0.2667
0.5143
0.7179
1
1.08
0.64
0.4091
0.8333
0.5556
0.7027
0.5556
0.2667
0.9167
0.5806
0.9286
0.102
0.0698
0.7576
0.7222
0.2826
0.4872
0.0571
0.7857
0.425
0.6857
0.6364
0.8889
0.6176
0.1852
1.3043
1.2308
0.4483
0.7556
0.9677
0.4615
0.3636
0.3947
0.4259
0.0612
0.4419
0.9655
1
0.3871
0.575
0.3784
0.9583
0.1163
0.9688
0.9231
0.7931
1
0.7381
0.7027
0.4667
0.5333
0.8261
0.5405
0.12
0.4314
0.7419
0.8485
0.5676
0.2857
0.4706
0.9429
0.122
0.5588
0.6667
0.7812
1.0417
1.35
0.6154
0.5143
0.0556
0.7879
0.7179
0.4444
0.6857
0.4231
0.0455
0.4773
0.7273
0.6486
0.4333
0.1053
1.1515
0.5
0.7179
0.0625
0.025
0.3793
1.0645
1.4286
0.7941
0.913
0.0182
0.75
0.4898
0.8529
0.6667
1.64
0.375
0.5952
1.5652
0.0571
1.0526
0.4773
0.7667
0.8333
0.2564
1.7
0.6875
0.5556
0.5
1.6842
0.7907
0.5476
0.9032
0.5263
0.9643
0.5946
0.7714
0.525
0.1778
0.2222
0.0377
0.9615
0.6129
1.3448
0.25
0.5143
0.5
0.3171
0.4167
0.6
0.5312
0.8077
0.3158
0.5676
1
0.7297
0.4286
0.4054
0.9032
0.4706
0.3864
0.3478
0.6579
0.625
0.7027
0.8966
0.3556
0.3556
1.1852
0.0204
0.4412
0.2712
0.2051
0.6316
0.0339
0.4595
0.5128
0.5588
0.4595
0.7419
0.9677
0.2778
1
1
0.4857
0.75
0.6786
0.6042
0.4167
0.5625
0.4727
0.8261
0.4412
0.7586
0.8788
0.8462
0.6222
0.9062
0.5714
0.4651
1.8
0.6
0.6061
0.5
1
0.56
0.6286
0.119
0.5
0.5833
0.9667
0.6667
0.76
0.5938
0.4906
0.9268
0.1471
0.3243
0.8333
0.5349
0.5
0.9697
0.6857
0.0816
0.8286
0.6923
1.0345
0.7222
0.3158
0.8056
0.5789
1.3448
0.4651
1.2143
0.8214
0.5278
1.1212
0.7037
0.3243
1.04
0.5161
0.4651
0.3714
0.5806
0.2889
1.0385
0.8571
0.7
1.3704
1.1935
0.5714
0.5
1.0286
0.0652
0
0.1795
1.1667
0.6071
0.7826
0.35
1.1034
0.0667
0.6667
1.0323
0.9643
0.5
0.8
0.4737
0.925
0.3594
0.2889
0.5238
0.6
0.4118
1.2069
1.129
0.1842
0.7959
0.8205
0.6333
0.6757
0.6875
0.5312
0.0882
0.6216
0.5
0.7419
1.0357
0.3529
1.25
0.1458
0.6316
0.375
0.3784
1.2069
0.2857
0.3333
0.4407
0.5745
0.4333
1.1944
0.1613
0.3611
0.1951
0.85
0.4808
0.7027
0.6486
1.0909
1.6
0.875
0.439
0.4286
1.5
0.6667
0.1622
0.0714
0.6383
0.5333
0.8571
0.0222
0.6
0.28
0.7742
0.8182
0.8235
0.561
0.5745
0.6774
1
0.6111
1.0312
1.0882
0.3111
0.7419
0.3095
0.3333
1.4074
0.0179
0.5814
0.2292
0.8966
0.5918
0.8636
1.5333
0.9677
1.48
0.5526
0.7551
0.5854
0.5789
0.6923
0.3095
0.7143
0.7317
0.475
0.8125
0.0667
0.5
0.5278
0.381
0.5455
0.4242
0.5128
0.6818
1.7222
0.0833
0.5128
0.6585
0.5778
0.3659
1.1613
0.8667
0.9259
0.9459
0.6552
0.8387
0.8333
1.9524
0.5455
1.5417
0.5526
0.9091
0.3462
0.8214
1.0417
0.9091
0.7568
0.3243
0.7143
0.5833
0.45
0.6364
0.3778
1.0294
0.0408
1.3636
0.525
0.3721
0.5714
0.7838
0.8462
0.6667
0.5128
0.0244
0.871
0.5263
0.4211
0.0426
0.9412
0.6176
0.6207
0.8974
0.6897
0.8065
0.8214
1.28
0.0345
0.4839
0.7429
0.6857
0.7241
1.0323
0.0625
0.6538
0.075
1.28
1.4815
0.6176
0.7027
0.7568
0.02
0.8947
1.5238
0.4
0.1429
0.7742
0.5952
0.069
0.0833
0.3529
0.2667
1.5
1.04
0.4348
0.9643
0.6136
0.7742
0.5366
0.7742
0.4878
0.641
0.7429
1.125
0.5758
0.1111
0.4706
1.0417
0.2857
0.525
1.1786
0.5278
0.4211
1.4348
1.0909
0.4146
0.8438
0.4
0.8857
0.4286
0.6098
0.4848
0.0192
0.2222
0.96
0.575
0.8438
0.5667
0.0755
1.48
0.5833
1
0.3871
0.0385
0.5417
0.2895
0.5833
0.2692
0.5
0.4412
0.2857
0.8
0.7179
0.9667
1.375
0.5641
0.8636
0.9259
1
1.6538
1.16
0.9032
0.3023
0.625
1.5238
1
0.1818
0.5135
0.641
0.0169
0.3784
0.4318
0.7647
0.6739
1.16
0.8148
0.6452
0.8421
0.8056
0.5263
0.5714
0.4048
1.4118
0.8889
0.1081
0.1176
0.0698
0
0.0256
0
0
0.0556
0.0392
0.05
0.4681
0.0357
0.5641
0.0571
1.1176
0.6667
0.5357
1.6875
0.0556
0.7857
0.0784
0.4595
0
0.9355
0.4286
0.7647
0
0.0625
0.3023
0.725
0
0.4634
1.0278
0.025
0.6111
0.0233
0.3404
0.0667
0.0882
0.3846
0.0208
0.3333
0.0385
0.7812
0.1667
0.4884
0.0541
0.0161
0.0588
0.0625
0.025
0.0213
0.9286
0
0.6383
0.6
0.0364
0.0455
0.06
0.8621
0.0811
0.12
0.0294
0.025
0.9333
0.0377
0.0435
0.7857
0.0789
0.7
0.8462
0.0172
0.0222
0.875
0.06
1.1111
0.7879
0.5
0.025
0
0.2857
0.0889
0.5
0
0.0233
1.25
0
0.878
0.0244
0.0435
0.0566
0.6857
0.9688
0.0588
0.6364
0.2889
0.0392
0.0286
0.1136
0.4118
0.0682
0.8125
0.0536
0.0192
0.375
0.75
0
0.0682
0.7353
0.5556
0.1591
0.069
0.5227
0
0.6667
0.0556
0.0968
0.1111
0.0698
0.5714
0.0526
0.4
0.0732
0.0179
0.0444
0.7333
0.68
0.5526
0.5294
0.0926
1.5
0
0.0299
0.575
0
0.04
0
0.1556
0.0455
0.5676
0.875
0.0606
0
0.3846
0.5
0.0606
0.1111
0.5122
1
0.0323
0.6129
0.3611
0.7429
0.0217
0.3273
0.6304
0.0588
1.2857
0.3415
0.2667
0.1316
0.0222
0.0196
0
0.1026
0.7667
0.1064
0.7879
0.871
0.0208
0.4474
0.0541
0
0.02
0.8611
0.4848
0.7179
0.0213
0.0286
0.8485
1.3333
1.1579
0.0323
0.0204
0.075
0.5484
0.0263
0.2258
0
0.0476
0.4889
0.05
0.0161
0.8205
0.0233
0
0.0256
0.5278
0
0.1277
0.5294
1.069
0.0556
0
0.5909
0.3902
0.0351
0.5128
0.6857
0.3846
0.0208
0.0222
0.0238
0.1471
0.4722
0.0253
0.9032
0.4242
0.0312
0.0222
0.8214
0
0.0238
0.0732
0.575
0.5
0.9231
0.0488
0.0444
0
0.0263
0.0476
0.8
0.0256
0.0392
0.5152
0
0.0208
0.0682
0.0755
0.7297
0.2381
0.0244
0.9032
0.0208
0.5152
0.0213
0.0169
0.9143
0.0263
0.8158
0.7576
0.0196
0.0625
0.0638
0.0667
0
0
0.0238
0.0294
0.025
0.6486
0.4762
0.5312
0.0182
0.0667
0.0638
0.5806
0.5581
0
0
0
0
0
0
0.0278
0.0233
0.6562
1
0.6923
0.0645
0.425
0.4
0.1778
0.04
0.0192
1.4583
0.9
0.0244
0.0556
0.32
1.0769
0.7632
0.0417
0.2653
1.0357
0.0213
0.697
0.0625
0
0.8
0.0217
0.5
0.0857
0.0769
0.0909
0.5278
0.5938
0.7368
0.05
0.0417
0.5294
0
0.6667
0.963
0.9412
0.325
0.0513
0.1765
0.0208
0
0.0196
0
0.0263
0.3889
0.6596
0.0444
0.0682
0
0.0652
0.0755
0
0.5526
0.9032
0.02
0.0253
0.027
0.0769
0.7674
0.0303
1.2083
0.96
0.0682
0.4828
0.0244
0.0566
0.7419
0
0.0652
0.3111
0.025
0.0426
0
0.0167
0.0217
0.0392
1
0.0377
0.4737
0.7097
0.0444
0
0.1111
0.5952
0.5
0.0444
0.5946
0.0909
1.7391
0
0.9333
0.0417
0.3929
0.0526
0.1522
0.7273
0.5918
0.4865
0.3696
0.0204
0.075
0.4359
0.0238
0.2857
0.08
0.6786
0.0333
0.0545
0.025
0.1
0.0204
0.02
0.4333
0.3095
0.0513
0.0227
0.0139
0.0328
0.0392
0.6667
0.0256
0.0233
0.3529
0.5946
0.0476
0.0238
0.4103
0.9024
0.5676
0.7419
0
0.2653
0.0444
0.1
0.283
0.125
0.7419
0.3043
0.9091
0.0698
0.6857
0
0.0244
0.02
0.0357
1.1429
0.2821
0.5833
0.0263
0.6047
0.0476
0.6774
0.1282
0
0.697
0.1622
0.48
0.0175
0.129
0.725
0.0208
0
0.3404
0.8824
0.0303
0.3864
0
0.0889
0.1389
0.4286
0.4286
0.0312
0.4839
0.0652
0.4286
0.5833
0.0217
0.0638
0.0377
0
0
0.1081
0.3409
0.0263
0.0222
0.0238
0.0732
0.0208
0.6061
0
0
0.027
0.5294
0
0.3478
0
0.5909
0.0444
0.0256
0.0345
0.6667
0.0588
0
1.5
0.7941
1.2727
0.0227
0.1702
0
0.02
0.027
0.0588
0.093
0
1
0.0588
0.0323
0.0392
0.2128
0.0303
0.0196
0
0.1064
0.0392
0.4194
0.5517
0.8056
0.7742
0.7273
0.0222
0.0755
0.4615
0
0.0345
0
0.0455
0.0233
0
0.0233
0.037
0
0.0541
0
0.0385
0.7742
0.4872
0.3864
0.0714
0.0175
0.0204
0.0189
0.122
0.7083
0.0263
0.475
0.0455
0.0667
0
0
0.8077
0.0769
0.5312
0.0196
0.3947
0.4444
0.4889
0.6957
0.2308
0.0185
0
0.0278
0.9091
0
0.2286
0.1
0.8571
0.0244
0.5294
0.6364
0.0488
0
0.0588
0.5128
0.0476
0.64
0.0227
0.5128
0.4167
0.0667
0.4038
0.8621
0.5
0.0233
0.0204
0
0.2353
1.1212
0.0385
0.04
0.0208
0.025
0.3621
0.0667
0.0312
0
0.0303
0.4545
0.7273
0.0351
0
0.0172
0.0244
0.359
0.04
0.0256
0.6429
1
0.4091
0.075
0.0179
0.0909
0.0769
0.025
0
0.025
0.0667
0.6279
0.5116
0.0465
0.0652
0.7857
0.5405
0.5946
0.5641
0
0.1556
0.8611
0.6923
0.05
0.0465
0.0227
0.4857
0.4211
0.3902
0.0702
0.0426
0.5312
0.0588
0.0682
0
0.06
0.8378
0.1026
0.3784
0
0.0317
0.0392
0.3043
0.6316
0.1136
0.0455
0.0244
0
0.0204
1.0741
0.0612
0.5294
0.0735
0.7879
0.0408
0.4
0.0233
0.02
0.5
0.1
0.0476
0.9355
0.0526
0.0526
0
0.4571
0.1034
0.5714
0
0.075
0.5
0.0149
0.125
0.0238
0.0526
0.0889
0.8077
0.5556
0.8125
0.0909
0
0.069
0.5
0.0238
0
0.9655
0.0312
0.0435
0.0465
0.4762
0
0.2703
0.0727
0.76
0.5312
0.0161
0.9024
0.0294
0.025
0.1111
0.6905
0.0238
0.0204
0.5143
0.0204
0.7143
0.3191
0.0256
0.6944
0.0769
0.0625
0.087
0.0196
0.4419
0.8929
0.1
0.0426
1.0909
0.0606
0.3243
0.0556
0.027
0.4419
0.0244
0.0513
0
1.4231
0.0256
0.6667
0.0244
1.1935
0.0227
0.0233
0.0217
0.7647
0.0851
0.075
1.1667
0.5
0.4231
0.35
0.0244
0.0444
0.0698
0.0732
0.8571
0.1
0.0233
0.0638
0.925
0.0132
0.0196
0.5238
0.5667
0.075
0.0227
1.0645
0.0263
0.7551
0.0545
0.1081
0.7027
0.625
0.5
0.0882
0.6486
0.0227
0
0.9643
0
1.25
0.0392
0.5789
0
0.2973
0
0.7429
0.3077
0.4237
0
0.0541
1.0833
0.0312
0.2778
0.1951
0.775
0.4231
0.5676
0.0244
1.1212
0
0.0357
0.5122
0.6
0
0.7407
0.1622
0.3784
0.5745
0.4333
0.0513
0.4324
0
0.22
0.0476
0.0233
0.6471
0.0727
0.5957
0.1081
0.7742
0.0227
1.0625
0.0612
0.0196
0.7419
0.0435
0.3077
0
0.0179
0.0556
0
0.05
0.0517
0.0333
0.0769
0.7097
0.0435
0.0444
0.6939
0.0189
0.2045
0.0213
0
0
0.0345
0.35
0.5152
0.6389
0.0172
1.4231
0.4048
0.5227
0.2727
0.0435
0.0172
1.6111
0.1111
0
0.0769
0.5111
0.0435
0
0.8667
0.7778
0.8649
0
0
0.0976
0.0588
0.2857
0.0222
0.093
0.0698
0.25
0.7857
0.0938
0.7576
0.7838
0.2973
0.0233
0.6111
0.0732
0.0732
0.0577
0.8529
0.525
1.3182
0.425
0.0196
0.4
0.0192
0.0857
0.0364
0.4872
0
0.871
0.0233
0.4211
0
0.0426
0.0952
0.0556
0.6667
0.8276
0.8065
0.0263
0.0769
0.069
0.3871
0.0227
0
0.7241
0.025
0.0208
0.0882
0.05
0
1.2222
0.0238
0.5946
0.5946
0.1
0.0208
1.3333
0.0588
0.0196
0.6774
0.5
0.0345
0.0833
0.3529
0.3571
1.2
0.1053
0.037
0.025
0.5909
0.8065
0.3171
0
0
0.0612
0.0698
0.0882
0.5758
0.2093
0.05
1.0417
0.2
0
0
0.0952
0.5526
0.0833
0.0286
0.3415
0.0227
0.4444
0.0227
0.4286
0.6098
0.05
0.0385
0.037
0.96
0.55
0.7812
0.5333
0.5366
0.0426
0
1.0857
0.25
0.6098
0.0656
0
0.5556
0.0536
0.3611
0.3824
0.0732
0.0541
0.06
0.0233
1.375
0.06
0
0
1.0769
0.0698
1.2
0.5484
0.3488
0.65
1.5714
0.125
0.0606
0
0.641
0.0678
0.0233
0.0172
0.0426
0.0182
0.0263
0.4815
0.0294
0.0364
0.0196
0.5
0.0263
0.02
0.1
0.06
0.0541
0.0588
0.0698
0
0.0513
0.04
0
0
0.0392
0.05
0.0357
0.0179
0.0612
0.0857
0.037
0
0.0145
0.0196
0.0278
0.8571
0.0392
0
0.0392
0.0698
0.0233
0.0444
0.0256
0
0.0588
0.02
0.0238
0
0.0377
0
0
0.0465
0.0189
0.0222
0.0588
0.0444
0
0.025
0.0577
0.0444
0.0256
0.12
0.0541
0.0161
0.0294
0
0.025
0.0638
0.0263
0.0278
0.0667
0.0909
0.0364
0
0.06
0.1026
0.0811
0.06
0.0294
0.05
0.0889
0.0189
0.0217
0.0857
0.0526
0.1026
0.0256
0
0.0444
0.0435
0.06
0.0476
0.0952
0.4444
0.05
0.0455
0.0217
0.0444
0.0541
0.0233
0
0.0976
0.0164
0.7317
0.0244
0
0.0189
0.05
0
0.0588
0.0698
0.0377
0
0.0857
0
0.075
0.0455
0.0227
0.0179
0.0192
0.0169
0.0465
0
0.0682
0.0488
0.0435
0.0909
0.0517
0.0545
0
0.0256
0.0185
0.1613
0.0741
0.0233
0.0465
0.0526
0
0.0244
0.0179
0
0.0857
0.0625
0.0238
0.025
0.037
0.0244
0.0385
0.0448
0.0189
0.0204
0.02
0
0.0667
0.0455
0
0.0312
0
0.0571
0.4359
0.0455
0
0.1111
0.4878
0.0541
0
0.0714
0.0238
0
0.0217
0
0.0172
0.1176
1.2857
0.0851
0.04
0.0263
0.0222
0.0196
0.0455
0.5625
0.027
0
0.8182
0
0
0.0417
0
0.0377
0.04
0.0208
0
0.0577
0.0213
0.0286
0.0227
0.0857
0.0312
0.0323
0.0204
0.05
0
0.0263
0.0294
0.0769
0.0238
0.098
0.075
0.0323
0.0196
0.1163
0.0303
0
0.1087
0.0526
0.0213
0.0233
0.0222
0.0556
0
0.0345
0.0417
0.6047
0.0833
0.1111
0.4359
0
0.0444
0
0
0.0465
0.038
0
0.5152
0.0938
0.0222
0.0488
0.0238
0.0476
0.0244
0
0
0.0339
0.0488
0.0667
0.0714
0.0263
0.0714
0.0312
0.0256
0
0
0.0217
0.0833
0.0227
0.0189
0.0545
0.1111
0.0244
0.0976
0.0833
0.0541
0.0213
0.0508
0.02
0.0263
0
0.0222
0.0196
0
0.0426
0.0444
0
0.0638
0.0476
0
0
0.125
0.0392
0.1053
0.0182
0.0667
0.0426
0.5484
0
0.0741
0.0625
0
0.0172
0.0645
0.0435
0.0556
0.0233
0.0667
0.0566
0.0204
0.0645
0
0
0.2222
0.02
0.0192
0
0.0217
0.0732
0
0.0169
0
0.0385
0.0417
0.0185
0.0263
0.0638
0
0.4286
0.15
0
0.0435
0.0323
0.0286
0.0256
0.0227
0.0408
0.05
0.06
0.075
0.0625
0.025
0.027
0.0784
0.0541
0.087
0.3
1.0833
0.0943
0.0417
0.027
0
0.0238
0.0263
0.0682
0.0323
0.0444
0.0909
0.0465
0.0217
0.0189
0
0.0196
0.0455
0
0.038
0.0541
0.0256
0.7209
0
0.0732
0.027
0
0.0833
0.0244
0.0377
0.0263
0.0385
0.0217
0
0.025
0.0426
0
0.0333
0
0
0.0238
0.0377
0.0137
0.0233
0.0444
0.0476
0.0741
0.04
0.0189
0.0222
0.102
0.0455
0.0476
0.9714
0
0.0208
0.0645
0.0263
0.1522
0.0238
0.0167
0.0217
0.0185
0.0408
0.122
0.0444
0
0.0213
0.02
0.1389
0.1
0.0545
0.025
0.1
0.0408
0
0.0571
0.0204
0.0256
0.0455
0
0.0492
0.0196
0.0789
0.0256
0.0233
0.0278
0.5676
0.0476
0.119
0.3846
0.0328
0.0682
0.119
0.0233
0.0189
0.0444
0
0.0161
0.025
0.0222
0.0392
0.0714
1
0.0625
0.0238
0.0244
0.06
0.0179
0.0714
0.0465
0.0213
0
0
0.0952
0.0556
0.0769
0.06
0.0455
0.0256
0.5
0.0351
0.0323
0.0566
0.0208
0.0256
0.0182
0.8235
0.0909
0
0.0175
0.5556
0.0556
0.0204
0.0244
0.0312
0.1842
0.0217
0.0175
0.0769
0
0
0.0377
0.0638
0.0278
0.027
0.0377
0
0.0222
0.0238
0.0976
0.0208
0.0217
0
0.0294
0.0541
0.0238
0.125
0.0385
0
0
0.0222
0.0513
0.069
0.0426
0
0
0
0.7941
0.0364
0
0
0.093
0.02
0.027
0.0294
0.0698
0.0222
0
0
0.129
0.0196
0.0408
0
0
0.0217
0.0426
0.0196
0.0263
0.1053
0.0408
0.0465
0.0233
0
0.2826
0.0233
0
0.0345
0.0204
0.0682
0.0698
0
0.0698
0
1.087
0.1081
0.0526
0.6889
0.0465
0.0851
0.02
0.0714
0.0702
0.0408
0
0.0244
0.0303
0.0789
0.0426
0
0.0333
0
0
0.0312
0
0.0244
0
0.0625
0.0182
0.0189
0.0345
0.0698
0.0185
0.069
0.0556
0.0612
0
0
0.025
0
0
0.0476
0.0714
0.0244
0
0.0588
0.4872
0.0238
0.0278
0.0227
0.0213
0.0732
0.0222
0.0161
0.0227
0
0.0698
0.0408
0.3333
0
0.0204
0.0192
0.12
0.0417
0.1
0
0.0444
0.0625
0.0208
0.0909
0
0.0526
0.0351
0.0455
0.0172
0.0488
0.0208
0
0.0513
0.5714
0
0.0385
0.1
0.0179
0.1364
0.0513
0
0.0222
0.05
0
0.0172
0.0185
0.0698
0
0.6667
0.0222
0.0392
0.0204
0.0208
0.0208
0
0.0278
0.1
0
0
0
0
0
0
0
0.05
0.4138
0.0682
0.0233
0.02
0.7297
0
0.0227
0.0465
0.0159
0.0588
0
0.6579
0.1136
0.0227
0.9655
0
0.0612
0.0909
0.0204
0.025
0.0294
0.0714
0.0408
0.0339
0.0465
0.04
0.0789
0.4595
0.0714
0.0217
0
0
0
0.0244
0.1034
0.0286
0
0.05
0.0789
0.0448
0.0312
0.0476
0.0263
0.0667
0
0.0169
0.0435
0.0227
0.0204
0
0.0286
0.0238
0.0263
0.5152
0.0938
0.0217
0.0233
0
0.0667
0
0.0545
0.0312
0.0244
0.0323
0
0.0588
0
0
0.0189
0
0
0
0
0.02
0.3404
0.0513
0
0.0769
0.0417
0.0435
0.0588
0
0.9286
0.05
0.0851
0.0625
0.0909
0.0455
0.1111
0.027
0.04
0.0488
0.0513
0.02
0.0541
0.0513
0
0
0.08
0.0227
0.0465
0.0652
0.0217
0.0426
0.1
0.2222
0
0
0.0909
0
0.0667
0.0233
0.0732
0.0256
0
0
0.0426
0.0172
0.3125
0.0392
0.0182
0
0
0.0227
0.0714
0.0789
0.0282
0.0545
0.1081
0.0417
0.0476
0.1316
0.0294
0.0222
0.1136
0.0238
0.05
0.0169
0.0244
0.0392
0.0204
0.0208
0.05
0.0417
0.0426
0.0444
0.0143
0.0323
0.027
0.0185
0
0.0465
0.0455
0.0545
0.0164
0.0222
0.0976
0.0217
1.52
0.0357
0.0408
0.0204
0.0476
0.1053
0.1316
0.0476
0
0.0556
0.0513
0.4324
0.0233
0.0185
0
0
0.0952
0.0727
0
0
0.0444
0
0
0.0816
0.0392
0.0769
0.2857
0.0444
1.3333
0.0357
0
0.0392
0.05
0
0.0167
0.1538
0
0.0652
0.0222
0
0.0189
0.0208
0
0.0204
0.0217
0.0172
0.0652
0
0.0667
0.0517
0
0.0204
0.0185
0
0.0217
0.0345
0.125
0.0556
0.0204
0.0577
0
0.0435
0.0222
0.0732
0.0556
0.0364
0.0294
0
0.0488
0.1471
0.0377
0.0222
0.0233
0
0.0179
0.0556
0.0312
0.0233
0.0189
0.2973
0.093
0.0455
0
0.0244
0.3778
0.2683
0
0.1316
0.0222
0.0196
0
0.0769
0.0857
0.0182
0.0408
0.0732
0.15
0.0465
0.0222
0.0213
0.0638
0.0238
0.0278
0.0175
0.0286
0.0682
0
0.0513
0.069
0.0857
0.0682
0.0217
0.027
0.075
0.0208
0
0.075
0
0
0
0.0204
0.0213
0.04
0.0208
0.0625
0.0588
0.0588
0
0.0392
0.069
0.0556
0.1053
0.04
0.0938
0.0526
0.037
0.025
0.0588
0.0238
0.0652
0
0.0196
0.0408
0.0233
0.0294
0.0238
0.0889
0.025
0
0.0556
0.0426
0.0244
0.0714
0.0238
0.1111
0.0571
0
0
0.098
0.0227
0.0408
0.037
0.025
0.0769
0.1111
0.125
0.0652
0.1667
0.0732
0
0.0426
0
0.02
0.0556
0.0189
0.0328
0
0.0444
0.0179
0.4722
0.025
0.0244
0.027
0.1
0.0233
0.0294
0.04
0.1379
0.0732
1
0.0698
0.027
0.0278
0.0196
0.0816
0
0.0312
0.0606
0.0714
0.0417
0.0169
0.0698
0.0172
0
0
0.0789
0.0882
0.0588
0.0545
0.0392
0.0667
0.0526
0.1
