x
0.3661
0.3767
0.3786
0.3719
0.3859
0.3828
0.3831
0.3663
0.3674
0.377
0.3671
0.3855
0.3782
0.3813
0.3834
0.3847
0.3864
0.3773
0.3839
0.357
0.385
0.3815
0.3711
0.3893
0.386
0.39
0.388
0.3826
0.3378
0.3667
0.3874
0.364
0.3705
0.3683
0.3754
0.3841
0.3801
0.3875
0.3876
0.3747
0.3872
0.385
0.3798
0.3838
0.3779
0.3462
0.3723
0.3828
0.3897
0.387
0.3635
0.3886
0.3745
0.3779
0.384
0.3714
0.376
0.3825
0.3777
0.3721
0.3825
0.3812
0.3782
0.3863
0.3869
0.3914
0.3697
0.3838
0.3973
0.3661
0.3874
0.3913
0.3453
0.3623
0.3677
0.3669
0.3951
0.3419
0.3851
0.386
0.3751
0.381
0.3771
0.3689
0.3795
0.3625
0.3589
0.3722
0.3562
0.3959
0.3881
0.3838
0.3833
0.3761
0.3735
0.3798
0.3865
0.3762
0.3753
0.3817
0.3665
0.3771
0.3761
0.3717
0.3837
0.3722
0.3754
0.3673
0.3773
0.3719
0.3821
0.3794
0.385
0.3783
0.3944
0.3702
0.3689
0.3757
0.3762
0.3684
0.356
0.3872
0.3718
0.3929
0.3773
0.3775
0.3743
0.3796
0.3702
0.3907
0.3678
0.387
0.3966
0.3804
0.3759
0.3852
0.3822
0.3765
0.3755
0.3755
0.3773
0.3857
0.3854
0.3741
0.3878
0.3843
0.3795
0.3757
0.3775
0.3849
0.3773
0.38
0.3725
0.3786
0.3793
0.373
0.3912
0.3664
0.3707
0.3691
0.3769
0.3736
0.3729
0.3819
0.3803
0.3816
0.3721
0.3534
0.3844
0.3855
0.3877
0.3652
0.3735
0.3764
0.3719
0.3804
0.3672
0.3815
0.3861
0.3624
0.3823
0.3895
0.3699
0.3743
0.3852
0.38
0.3752
0.3888
0.377
0.3832
0.3715
0.3877
0.366
0.3839
0.3833
0.3675
0.3772
0.37
0.3855
0.3834
0.3907
0.3754
0.3746
0.3813
0.3681
0.3808
0.3786
0.3704
0.3781
0.375
0.369
0.388
0.3849
0.3791
0.3771
0.3825
0.3587
0.3735
0.3548
0.3814
0.364
0.3818
0.3734
0.3802
0.3879
0.3797
0.3677
0.3698
0.39
0.3588
0.3719
0.3779
0.3795
0.3665
0.3847
0.3888
0.3922
0.3773
0.382
0.3574
0.3819
0.3717
0.3961
0.3903
0.3829
0.3655
0.3855
0.3723
0.3769
0.3812
0.3847
0.3884
0.3843
0.389
0.3848
0.3706
0.3782
0.3616
0.3645
0.3789
0.3713
0.3853
0.3721
0.3866
0.3662
0.3669
0.3833
0.3827
0.3791
0.3805
0.3822
0.375
0.3824
0.364
0.3808
0.3757
0.3747
0.3794
0.3779
0.3724
0.3875
0.3819
0.3789
0.3903
0.3885
0.3756
0.3856
0.3867
0.3797
0.3838
0.3816
0.3713
0.3536
0.3832
0.3938
0.3831
0.3895
0.3856
0.383
0.3809
0.3684
0.3709
0.3914
0.3774
0.3903
0.3791
0.3641
0.3786
0.3736
0.3768
0.3823
0.3909
0.3834
0.3811
0.3782
0.372
0.3892
0.3622
0.3853
0.3786
0.3701
0.3902
0.3796
0.3865
0.3924
0.3764
0.3759
0.3877
0.3916
0.3842
0.3834
0.3569
0.3876
0.3794
0.3852
0.378
0.389
0.3431
0.3837
0.393
0.3796
0.3785
0.3841
0.3632
0.3729
0.3796
0.3838
0.3695
0.3929
0.384
0.3906
0.3794
0.3963
0.3921
0.3794
0.3789
0.3733
0.3702
0.3773
0.3774
0.3761
0.3834
0.3837
0.3944
0.3726
0.3781
0.3929
0.3852
0.3889
0.3772
0.3843
0.3792
0.3878
0.3642
0.3809
0.388
0.3772
0.3733
0.3453
0.3824
0.3913
0.3745
0.3752
0.382
0.3764
0.377
0.3846
0.3781
0.3652
0.3811
0.3828
0.3669
0.377
0.3739
0.3745
0.3825
0.3699
0.3666
0.3779
0.3741
0.3753
0.3885
0.3927
0.3727
0.3845
0.3802
0.3821
0.3763
0.3912
0.375
0.3929
0.3848
0.3714
0.3895
0.3891
0.3935
0.3871
0.3937
0.3658
0.3846
0.3718
0.3654
0.3679
0.388
0.3715
0.3721
0.3851
0.3814
0.3794
0.3915
0.3761
0.3932
0.3691
0.3905
0.3726
0.3804
0.3625
0.3829
0.3844
0.3665
0.386
0.3852
0.3827
0.3924
0.3684
0.3914
0.3747
0.3848
0.3749
0.3829
0.3892
0.3813
0.3827
0.3799
0.3816
0.3686
0.3737
0.3752
0.3843
0.3783
0.3771
0.3879
0.3953
0.3757
0.3778
0.3725
0.3755
0.3739
0.3711
0.387
0.3811
0.3687
0.3837
0.3908
0.3672
0.3744
0.3774
0.3782
0.3764
0.3796
0.3889
0.3722
0.3945
0.3792
0.3716
0.3922
0.3754
0.378
0.3848
0.3637
0.3882
0.3833
0.3837
0.3748
0.3847
0.3856
0.3821
0.3793
0.3577
0.3788
0.381
0.3847
0.38
0.387
0.3846
0.3768
0.3887
0.3724
0.3766
0.3863
0.3913
0.3766
0.3742
0.3741
0.3874
0.3948
0.3597
0.374
0.378
0.3774
0.3668
0.3746
0.3729
0.3515
0.3824
0.3742
0.3912
0.3644
0.3882
0.3758
0.3854
0.375
0.3358
0.3814
0.3782
0.3712
0.3895
0.3722
0.3793
0.3762
0.3786
0.3916
0.3845
0.3748
0.3862
0.3827
0.3625
0.3689
0.3756
0.3867
0.3685
0.3654
0.3485
0.3917
0.3905
0.3819
0.3893
0.3861
0.3677
0.3644
0.3859
0.3805
0.3774
0.3854
0.3804
0.3878
0.3832
0.385
0.39
0.3643
0.383
0.3793
0.371
0.3693
0.372
0.3857
0.3786
0.3634
0.3787
0.3852
0.3805
0.3869
0.3734
0.3747
0.383
0.3772
0.3778
0.3863
0.3878
0.3853
0.3677
0.3969
0.373
0.3782
0.3854
0.3698
0.3742
0.3909
0.3785
0.3862
0.3638
0.3772
0.3892
0.3821
0.3822
0.3925
0.3767
0.3819
0.3781
0.3917
0.3852
0.3829
0.3889
0.3942
0.3652
0.3797
0.3937
0.3766
0.3871
0.3892
0.3772
0.3762
0.3739
0.3611
0.3687
0.3847
0.3824
0.3872
0.3897
0.3762
0.3758
0.3894
0.379
0.3782
0.3666
0.3825
0.375
0.3925
0.3857
0.3902
0.3861
0.3712
0.3834
0.3876
0.3969
0.3707
0.3889
0.3804
0.3932
0.3532
0.379
0.388
0.3917
0.3895
0.3786
0.3862
0.3853
0.3828
0.3796
0.3804
0.3689
0.3698
0.3857
0.3836
0.3755
0.3769
0.3918
0.3866
0.3775
0.3853
0.3837
0.3733
0.3808
0.3814
0.3774
0.3692
0.3824
0.3911
0.3782
0.3787
0.3871
0.3805
0.3643
0.3651
0.3753
0.386
0.3675
0.3904
0.3844
0.3781
0.3832
0.3728
0.3719
0.3799
0.3668
0.3654
0.3721
0.3806
0.3908
0.3688
0.3648
0.3562
0.3796
0.3833
0.3843
0.3896
0.3725
0.3602
0.3755
0.367
0.3914
0.3655
0.3711
0.3745
0.3872
0.3736
0.389
0.3902
0.3649
0.367
0.3821
0.372
0.3766
0.3826
0.3697
0.3822
0.382
0.3906
0.3614
0.389
0.3516
0.3782
0.3799
0.3858
0.3767
0.3849
0.3825
0.3829
0.3836
0.3781
0.3699
0.3856
0.3877
0.3803
0.3945
0.3795
0.3698
0.3806
0.3794
0.3721
0.3715
0.3786
0.3774
0.3615
0.388
0.3818
0.3445
0.3866
0.3786
0.3605
0.369
0.3744
0.3839
0.3864
0.3728
0.3816
0.3835
0.3836
0.3793
0.3743
0.3787
0.3903
0.3723
0.3711
0.3598
0.3919
0.3854
0.3775
0.3859
0.381
0.3888
0.3931
0.394
0.3718
0.3905
0.37
0.3927
0.3766
0.3952
0.3665
0.3675
0.387
0.3855
0.3819
0.3823
0.3766
0.3932
0.3909
0.3778
0.3882
0.3789
0.3791
0.3641
0.3952
0.3844
0.3881
0.3904
0.3848
0.368
0.3935
0.3863
0.3784
0.3721
0.389
0.3807
0.3882
0.373
0.3776
0.3879
0.39
0.3862
0.3671
0.3814
0.3868
0.3763
0.3731
0.3595
0.3848
0.3735
0.3868
0.3746
0.3785
0.3862
0.3857
0.3627
0.3791
0.3886
0.3402
0.3731
0.3709
0.3738
0.3889
0.3776
0.3895
0.3863
0.3839
0.381
0.379
0.3631
0.3789
0.3694
0.3729
0.3859
0.3947
0.3889
0.376
0.3715
0.3924
0.3631
0.386
0.3721
0.3839
0.3677
0.3915
0.3638
0.3742
0.3778
0.3658
0.3771
0.3802
0.3766
0.3842
0.3862
0.386
0.3747
0.3834
0.3792
0.3661
0.3814
0.3489
0.3829
0.3827
0.3749
0.3832
0.3787
0.3772
0.3769
0.3724
0.3782
0.3779
0.3922
0.3786
0.3779
0.369
0.3811
0.3886
0.3702
0.3795
0.3681
0.371
0.3871
0.385
0.3832
0.3642
0.3867
0.3494
0.379
0.384
0.3822
0.3754
0.3901
0.3739
0.3767
0.3643
0.3826
0.359
0.3853
0.3756
0.3696
0.3698
0.3808
0.3883
0.372
0.3907
0.3863
0.3742
0.3861
0.3884
0.389
0.3837
0.3803
0.3621
0.3736
0.3884
0.3787
0.3847
0.3698
0.3803
0.3896
0.3759
0.3838
0.3923
0.3704
0.3894
0.3783
0.3773
0.3889
0.3803
0.3846
0.3783
0.3941
0.3893
0.3868
0.3798
0.386
0.3723
0.3779
0.3833
0.3794
0.3701
0.3812
0.3821
0.3584
0.3864
0.3796
0.3732
0.3826
0.37
0.3765
0.3682
0.3711
0.383
0.3847
0.3714
0.3841
0.3761
0.3877
0.3942
0.3819
0.3646
0.3749
0.369
0.3918
0.3867
0.3823
0.3775
0.3744
0.3858
0.3737
0.3762
0.3862
0.3633
0.3856
0.384
0.3831
0.3729
0.3756
0.3896
0.38
0.3838
0.3971
0.356
0.3854
0.3971
0.3896
0.3975
0.3976
0.3959
0.3984
0.3893
0.3871
0.3898
0.396
0.3946
0.3862
0.3982
0.397
0.3816
0.377
0.3966
0.3898
0.3892
0.3965
0.3965
0.3835
0.3907
0.3968
0.379
0.3584
0.3728
0.3964
0.3663
0.3745
0.3771
0.3961
0.3982
0.3949
0.3993
0.3951
0.3786
0.3773
0.397
0.3864
0.3855
0.3874
0.397
0.3801
0.3979
0.3969
0.3905
0.3962
0.394
0.3979
0.3854
0.3719
0.3972
0.3845
0.3978
0.3846
0.3866
0.3845
0.383
0.3912
0.3992
0.3835
0.3897
0.3796
0.38
0.3974
0.3885
0.3861
0.3958
0.3673
0.393
0.3729
0.3847
0.3854
0.3982
0.3971
0.3987
0.3986
0.3804
0.3902
0.362
0.3814
0.3667
0.3888
0.3943
0.3647
0.3964
0.3952
0.3937
0.39
0.3976
0.3952
0.3931
0.3945
0.3969
0.3966
0.3953
0.3977
0.3981
0.3956
0.3784
0.3682
0.3962
0.3863
0.3971
0.3747
0.376
0.3823
0.3941
0.3971
0.3919
0.3976
0.3955
0.383
0.3966
0.3839
0.38
0.3481
0.3772
0.3885
0.3967
0.3972
0.3956
0.3828
0.3743
0.3857
0.3753
0.3968
0.3923
0.3962
0.3937
0.3706
0.3971
0.3861
0.3983
0.3973
0.398
0.3824
0.3918
0.3994
0.3977
0.3848
0.3906
0.3702
0.3975
0.3935
0.3989
0.3913
0.3894
0.3564
0.3931
0.3899
0.3978
0.3985
0.3963
0.3982
0.3977
0.3958
0.3916
0.3795
0.3992
0.3977
0.3982
0.3944
0.392
0.3682
0.3701
0.3943
0.3977
0.3904
0.389
0.3982
0.382
0.3684
0.3977
0.3903
0.3978
0.3772
0.3801
0.3853
0.3678
0.3926
0.374
0.396
0.3906
0.3964
0.3986
0.3509
0.3785
0.3843
0.3942
0.3948
0.3919
0.397
0.3628
0.3887
0.3982
0.3978
0.3907
0.3983
0.3969
0.3905
0.3979
0.397
0.3854
0.3836
0.3972
0.3973
0.3978
0.3837
0.3845
0.3634
0.3967
0.3737
0.3959
0.3717
0.3786
0.3542
0.3987
0.3779
0.3903
0.3953
0.3971
0.3958
0.3981
0.3937
0.3671
0.3989
0.3977
0.384
0.3951
0.3971
0.3924
0.3833
0.3876
0.3978
0.3865
0.3914
0.3715
0.3977
0.3965
0.3983
0.3727
0.3854
0.3977
0.3981
0.3933
0.3921
0.3974
0.3853
0.3852
0.3892
0.3894
0.3978
0.3963
0.3822
0.3818
0.398
0.3936
0.3943
0.3965
0.3687
0.3771
0.3987
0.3982
0.3839
0.3644
0.3988
0.3899
0.3974
0.3966
0.3973
0.3956
0.3874
0.3857
0.3969
0.3727
0.3889
0.3982
0.3803
0.3955
0.3974
0.3832
0.3843
0.3833
0.3932
0.3966
0.3937
0.3557
0.3965
0.3797
0.3856
0.3975
0.3942
0.3909
0.3921
0.3646
0.3974
0.3624
0.395
0.3972
0.3975
0.3646
0.3975
0.3993
0.3989
0.3834
0.3921
0.3977
0.3875
0.3904
0.3646
0.3548
0.3961
0.3745
0.3985
0.3878
0.3965
0.3806
0.3708
0.3774
0.3834
0.3964
0.3959
0.3964
0.3851
0.3952
0.3826
0.395
0.3965
0.3968
0.3831
0.3963
0.3979
0.3972
0.3796
0.3993
0.3983
0.3914
0.3922
0.3885
0.3986
0.3725
0.3946
0.3957
0.3907
0.3982
0.3951
0.3972
0.3939
0.3963
0.3994
0.3876
0.3975
0.389
0.3911
0.3967
0.3901
0.3729
0.3985
0.398
0.3985
0.386
0.3904
0.3979
0.3881
0.3966
0.3968
0.3971
0.3945
0.3798
0.396
0.3966
0.3645
0.3675
0.3976
0.3904
0.3905
0.3984
0.3747
0.3949
0.3821
0.3947
0.3973
0.3725
0.3977
0.3967
0.3929
0.3912
0.3983
0.3975
0.3953
0.3973
0.3968
0.3975
0.3955
0.3975
0.3972
0.3964
0.3987
0.3751
0.3788
0.3935
0.3742
0.3989
0.3978
0.3952
0.3976
0.3956
0.3969
0.3967
0.3853
0.3965
0.3898
0.389
0.3634
0.3957
0.3953
0.3705
0.3675
0.3975
0.3742
0.3969
0.3967
0.3965
0.3745
0.3977
0.3976
0.3839
0.396
0.3913
0.3965
0.3933
0.3984
0.3859
0.3951
0.3808
0.3919
0.3919
0.3966
0.3888
0.3978
0.3805
0.3984
0.3984
0.3783
0.3948
0.397
0.3868
0.3965
0.3984
0.398
0.3869
0.3677
0.37
0.3989
0.36
0.3947
0.3961
0.3866
0.3832
0.3603
0.3981
0.3844
0.3985
0.3952
0.3854
0.3991
0.3933
0.3788
0.3952
0.3815
0.3856
0.3976
0.3972
0.3969
0.3975
0.3917
0.3963
0.3824
0.3948
0.376
0.3928
0.3662
0.3894
0.3822
0.3703
0.3946
0.3855
0.397
0.3731
0.3986
0.3948
0.3985
0.3971
0.3688
0.3851
0.3991
0.3975
0.3783
0.3957
0.3801
0.3786
0.3939
0.3972
0.3967
0.399
0.3928
0.3798
0.3983
0.3922
0.3979
0.3726
0.3841
0.3772
0.3598
0.3986
0.3983
0.3976
0.3738
0.3904
0.3859
0.3868
0.398
0.3977
0.3771
0.3956
0.3934
0.3943
0.3905
0.3951
0.3484
0.3943
0.3936
0.3966
0.3953
0.3797
0.3984
0.3848
0.398
0.3862
0.3968
0.3986
0.3961
0.3875
0.3985
0.3842
0.3872
0.3807
0.3934
0.3978
0.3942
0.3853
0.3899
0.3866
0.3766
0.3739
0.3896
0.3903
0.3805
0.3962
0.3986
0.3976
0.3789
0.397
0.3876
0.3895
0.379
0.378
0.3909
0.3733
0.3945
0.3943
0.3967
0.3731
0.3966
0.3729
0.3975
0.3964
0.3976
0.3976
0.3839
0.3848
0.394
0.3946
0.3931
0.3795
0.3957
0.3862
0.3905
0.3985
0.3951
0.3932
0.397
0.3976
0.395
0.3964
0.3923
0.3973
0.3906
0.3811
0.371
0.3898
0.3809
0.3869
0.3977
0.3837
0.3974
0.3955
0.3842
0.398
0.3981
0.3933
0.3977
0.3806
0.3975
0.3936
0.38
0.3969
0.3978
0.3956
0.3639
0.3941
0.3985
0.3885
0.3944
0.3904
0.3987
0.3926
0.3836
0.3941
0.3981
0.3921
0.3692
0.3894
0.3966
0.3938
0.3987
0.386
0.3984
0.3897
0.387
0.3803
0.3987
0.3776
0.3943
0.369
0.3849
0.3798
0.3945
0.3979
0.3976
0.399
0.3948
0.3805
0.3878
0.394
0.3979
0.3974
0.3975
0.3968
0.398
0.3841
0.3982
0.3816
0.397
0.378
0.3951
0.3982
0.3764
0.3966
0.3914
0.3943
0.3885
0.3941
0.3977
0.3958
0.3868
0.39
0.3977
0.3905
0.3954
0.3888
0.3924
0.3897
0.397
0.3971
0.3982
0.3893
0.3967
0.3783
0.3891
0.3985
0.3712
0.3852
0.3929
0.3961
0.3987
0.369
0.395
0.3988
0.399
0.3985
0.394
0.3573
0.3863
0.3955
0.3974
0.3696
0.3746
0.3929
0.3949
0.3801
0.3742
0.3939
0.3911
0.3701
0.3845
0.3771
0.3763
0.3893
0.3975
0.3914
0.3936
0.3814
0.385
0.3934
0.3855
0.3845
0.3973
0.3966
0.3965
0.3968
0.3979
0.3967
0.3908
0.3975
0.3854
0.3619
0.388
0.3916
0.3956
0.3892
0.3683
0.3907
0.3978
0.3929
0.3983
0.384
0.3972
0.3976
0.3953
0.3968
0.3846
0.3975
0.3973
0.3963
0.3869
0.3958
0.387
0.3856
0.3976
0.3961
0.3971
0.3959
0.3983
0.3957
0.3768
0.3913
0.3811
0.3952
0.3915
0.3964
0.3748
0.3978
0.3866
0.3923
0.3965
0.3983
0.3986
0.3672
0.3949
0.3695
0.3802
0.3975
0.3963
0.3954
0.3773
0.3952
0.3909
0.3915
0.3751
0.3984
0.3895
0.3977
0.399
0.3977
0.3957
0.3907
0.3951
0.3962
0.3916
0.3815
0.398
0.3957
0.3964
0.3793
0.3869
0.3969
0.398
0.3875
0.3914
0.3909
0.3955
0.3965
0.3793
0.3903
0.3973
0.3946
0.3853
0.3935
0.3873
0.3871
0.382
0.3985
0.3992
0.3942
0.3962
0.393
0.3974
0.3893
0.3957
0.3722
0.3972
0.3588
0.3975
0.36
0.3903
0.3768
0.397
0.3914
0.3986
0.3848
0.3952
0.3771
0.3972
0.375
0.3802
0.397
0.3839
0.3846
0.3983
0.3972
0.3875
0.3816
0.3973
0.3825
0.396
0.3637
0.3979
0.3792
0.3949
0.3822
0.375
0.3954
0.389
0.3971
0.3984
0.3975
0.3963
0.3784
0.3981
0.397
0.3945
0.3966
0.3931
0.3963
0.3986
0.3867
0.373
0.3992
0.3964
0.3965
0.3829
0.3979
0.3846
0.3951
0.3985
0.3815
0.3871
0.3853
0.3771
0.3901
0.3836
0.397
0.3967
0.3939
0.3914
0.3889
0.3974
0.3764
0.3774
0.3982
0.3979
0.3804
0.3989
0.3852
0.3973
0.3876
0.3909
0.397
0.3886
0.3989
0.3741
0.3973
0.3734
0.3894
0.3733
0.3898
0.3989
0.3902
0.3962
0.3978
0.3843
0.3927
0.3919
0.3988
0.3834
0.3891
0.3974
0.3968
0.3841
0.3955
0.3987
0.3975
0.3981
0.3963
0.3985
0.3983
0.3827
0.3965
0.3977
0.3866
0.3823
0.3941
0.3934
0.376
0.3979
0.3894
0.3805
0.3987
0.3989
0.3709
0.3812
0.3941
0.3904
0.3964
0.3972
0.3849
0.3922
0.3969
0.398
0.395
0.3808
0.3958
0.3953
0.3695
0.3615
0.3994
0.3824
0.3969
0.3809
0.3982
0.3979
0.3862
0.3974
0.3967
0.3849
0.3927
0.3968
0.3989
0.3958
0.3622
0.3778
0.3968
0.3941
0.3972
0.3985
0.3982
0.3978
0.392
0.3816
0.3789
0.368
0.3811
0.3619
0.3848
0.3974
0.398
0.3986
0.3985
0.3869
0.3984
0.3972
0.3849
0.3956
0.396
0.3967
0.3978
0.3957
0.3968
0.3985
0.3982
0.3975
0.3975
0.395
0.3987
0.3988
0.3988
0.398
0.3992
0.3981
0.3976
0.3983
0.3989
0.3959
0.396
0.3948
0.3971
0.3946
0.3945
0.3986
0.3979
0.3968
0.3983
0.3959
0.3913
0.3993
0.3987
0.3956
0.3924
0.3976
0.397
0.3967
0.3992
0.3978
0.3981
0.3966
0.3962
0.3992
0.3984
0.3992
0.3978
0.3985
0.3973
0.3965
0.3989
0.3983
0.3976
0.3984
0.3971
0.3963
0.3966
0.3973
0.3951
0.3971
0.3989
0.3982
0.3967
0.3676
0.3992
0.3978
0.3961
0.3988
0.3965
0.3972
0.3984
0.3976
0.383
0.3968
0.3961
0.3969
0.3977
0.3987
0.3964
0.3906
0.3967
0.3976
0.3977
0.3982
0.3987
0.3979
0.3987
0.3981
0.3964
0.3954
0.3984
0.3983
0.3985
0.3955
0.3974
0.3953
0.3946
0.3983
0.3967
0.3967
0.3986
0.3981
0.3983
0.3989
0.3977
0.3971
0.3985
0.399
0.395
0.3988
0.3972
0.399
0.3966
0.399
0.3975
0.3995
0.3966
0.3996
0.3962
0.3953
0.39
0.3976
0.3988
0.3972
0.3973
0.3978
0.3957
0.3979
0.3984
0.3972
0.3969
0.3962
0.3965
0.399
0.3979
0.395
0.3983
0.3944
0.3969
0.3969
0.3987
0.3967
0.3986
0.397
0.3892
0.3987
0.3986
0.398
0.3978
0.3984
0.3952
0.3991
0.3982
0.3952
0.3977
0.3955
0.3966
0.3939
0.397
0.3888
0.3951
0.3972
0.3962
0.3976
0.397
0.3974
0.3966
0.3974
0.3976
0.3966
0.3967
0.3976
0.3992
0.3923
0.3986
0.3968
0.3804
0.3955
0.3977
0.3979
0.3955
0.3964
0.398
0.3974
0.398
0.3988
0.3979
0.3986
0.3975
0.3961
0.3988
0.399
0.3967
0.3969
0.3963
0.3951
0.3982
0.3978
0.3952
0.3967
0.3985
0.3966
0.3993
0.396
0.3939
0.3979
0.3977
0.3954
0.3994
0.384
0.3952
0.398
0.3989
0.3985
0.3977
0.3959
0.3966
0.3989
0.3962
0.3856
0.3884
0.3985
0.3983
0.3981
0.392
0.3973
0.3974
0.3933
0.3939
0.3982
0.3945
0.3935
0.3983
0.3979
0.3978
0.3918
0.3902
0.3967
0.3987
0.3974
0.3861
0.395
0.3984
0.3944
0.3977
0.3951
0.3961
0.397
0.3959
0.3978
0.3991
0.398
0.3982
0.398
0.399
0.3961
0.398
0.3984
0.3971
0.3916
0.3853
0.3973
0.3964
0.3969
0.3987
0.3984
0.3977
0.3961
0.3974
0.3969
0.3964
0.3959
0.3966
0.3975
0.3956
0.3965
0.3978
0.3982
0.3949
0.3971
0.3983
0.3982
0.3979
0.3961
0.3964
0.3973
0.3961
0.3971
0.3945
0.3963
0.3969
0.397
0.3958
0.3961
0.3976
0.3977
0.3979
0.3985
0.3976
0.3987
0.3958
0.398
0.3981
0.3954
0.3982
0.393
0.3756
0.3952
0.3985
0.3984
0.3968
0.3968
0.3929
0.3973
0.3946
0.3974
0.3954
0.3974
0.3959
0.3984
0.3982
0.3965
0.3967
0.3981
0.3966
0.3953
0.3983
0.3974
0.3975
0.3977
0.399
0.3989
0.3979
0.3978
0.3813
0.3989
0.3925
0.3983
0.3989
0.3969
0.3977
0.3982
0.397
0.3984
0.3971
0.3985
0.396
0.3963
0.3976
0.3959
0.3973
0.3972
0.3979
0.3976
0.3991
0.3975
0.3983
0.3983
0.3978
0.3971
0.3959
0.3973
0.3939
0.3989
0.3971
0.3956
0.398
0.3983
0.3977
0.3859
0.3968
0.3952
0.3973
0.3984
0.3974
0.3977
0.3982
0.3966
0.3899
0.3989
0.3989
0.3963
0.3953
0.3987
0.3977
0.3979
0.3886
0.3979
0.3979
0.3977
0.3975
0.3985
0.3956
0.3987
0.3933
0.3963
0.3962
0.3955
0.3988
0.3994
0.3972
0.398
0.3958
0.3973
0.398
0.3963
0.3967
0.3987
0.3975
0.3974
0.3954
0.3958
0.3968
0.399
0.3972
0.3985
0.3979
0.3968
0.3959
0.3983
0.3985
0.3975
0.398
0.397
0.3971
0.3954
0.3844
0.3991
0.3982
0.3972
0.3986
0.3989
0.3983
0.3977
0.3986
0.3963
0.3878
0.3931
0.3967
0.3987
0.3965
0.3959
0.3981
0.3958
0.3973
0.3987
0.3979
0.3966
0.3932
0.3982
0.3979
0.3951
0.3958
0.3971
0.3943
0.39
0.3985
0.3963
0.3992
0.394
0.3968
0.399
0.3971
0.3973
0.3969
0.3931
0.3972
0.3963
0.3953
0.3888
0.3977
0.3972
0.3983
0.3983
0.3973
0.3973
0.3966
0.3948
0.3928
0.3966
0.3992
0.3978
0.3968
0.3979
0.3949
0.3977
0.3985
0.3983
0.3995
0.3959
0.398
0.3991
0.3976
0.3958
0.3962
0.3973
0.3907
0.3992
0.3966
0.3969
0.3971
0.3987
0.3957
0.3977
0.3981
0.3976
0.3973
0.3984
0.396
0.3955
0.3949
0.3991
0.3941
0.3973
0.3933
0.3991
0.3804
0.3981
0.3982
0.3973
0.3986
0.3949
0.3975
0.3919
0.3982
0.3987
0.3968
0.3972
0.3973
0.3963
0.398
0.397
0.3954
0.3989
0.386
0.3993
0.3992
0.3972
0.3972
0.3979
0.3984
0.3978
0.3988
0.3923
0.3966
0.3964
0.3983
0.3988
0.3971
0.3987
0.3934
0.3965
0.3988
0.399
0.396
0.3971
0.3936
0.3965
0.3968
0.3993
0.3966
0.3963
0.3947
0.3964
0.3949
0.3964
0.3984
0.3978
0.3978
0.3962
0.3955
0.3985
0.398
0.398
0.3983
0.3917
0.3982
0.3969
0.3977
0.3976
0.3981
0.3964
0.3971
0.3972
0.399
0.395
0.3973
0.3964
0.3968
0.3937
0.3958
0.3986
0.3976
0.3972
0.3978
0.3942
0.3974
0.3989
0.3994
0.3989
0.3994
0.3969
0.3989
0.3949
0.3959
0.3971
0.3953
0.3951
0.3957
0.3967
0.3946
0.3979
0.3988
0.3973
0.3942
0.396
0.3971
0.3978
0.3971
0.3905
0.3975
0.3972
0.396
0.3921
0.3962
0.3972
0.3982
0.3885
0.3992
0.3976
0.3969
0.3975
0.3983
0.3985
0.3973
0.3975
0.3966
0.3979
0.3971
0.3976
0.3979
0.3988
0.3984
0.3979
0.3987
0.3978
0.396
0.3995
0.395
0.3975
0.3953
0.3967
0.394
0.3932
0.3935
0.3958
0.3984
0.3971
0.3957
0.3982
0.3987
0.3975
0.3979
0.3958
0.396
0.3902
0.3971
0.3979
0.3972
0.3989
0.3931
0.3936
0.3906
0.395
0.3972
0.3994
0.3969
0.3912
0.397
0.397
0.3994
0.3984
0.3981
0.3954
0.3979
0.3973
0.3988
0.3983
0.3973
0.3936
0.3975
0.3983
0.3977
0.3957
0.3984
0.3985
0.3969
0.3975
0.3974
0.3956
0.3963
0.3967
0.3952
0.397
0.3983
0.3964
0.3982
0.3973
0.3969
0.3938
0.3868
0.3978
0.3958
0.3988
0.3965
0.3985
0.3969
0.3918
0.3974
0.3895
0.3984
0.3987
0.391
0.3972
0.3971
0.3974
0.397
0.3973
0.3973
0.3985
0.3973
0.3973
0.3944
0.3994
0.3988
0.3823
0.3987
0.3985
0.3983
0.394
0.3976
0.3986
0.3971
0.3977
0.3962
0.3977
0.3961
0.3983
0.3982
0.3981
0.3971
0.3974
0.3997
0.3966
0.3976
0.3968
0.3967
0.397
0.396
0.3951
0.3978
0.3989
0.3972
0.3977
0.399
0.3973
0.3971
0.3987
0.398
0.3977
0.3932
0.3983
0.3992
0.3985
0.3965
0.3971
0.397
0.3987
0.3977
0.398
0.3972
0.3965
0.3984
0.3982
0.3988
0.3907
0.3984
0.3978
0.3975
0.3969
0.3979
0.3939
0.3967
0.395
0.3958
0.3979
0.3937
0.3966
0.397
0.3967
0.3918
0.3968
0.3985
0.3983
0.3978
0.3941
0.3966
0.3945
0.3982
0.3957
0.3983
0.3973
0.3972
0.3906
0.3974
0.396
0.3976
0.3972
0.397
0.398
0.3974
0.398
0.3973
0.3969
0.3981
0.3953
0.3967
0.3982
0.3948
0.3975
0.3975
0.3937
0.3974
0.3971
0.3976
0.3979
0.3974
0.3983
0.3987
0.379
0.3966
0.3979
0.3962
0.3967
0.3957
0.3973
0.3982
0.3978
0.3915
0.398
0.3987
0.3979
0.3924
0.3974
0.3975
0.3973
0.396
0.3965
0.3967
0.3966
0.3981
0.3984
0.3966
0.3949
0.3966
0.397
0.3877
0.3952
0.3958
0.3977
0.3963
0.3986
0.3978
0.3834
0.3948
0.3971
0.3966
0.3975
0.3985
0.3973
0.3971
0.397
0.3966
0.3993
0.3909
0.3952
0.397
0.394
0.3957
0.398
0.3967
0.3987
0.3975
0.3958
0.3941
0.3956
0.3986
0.3979
0.3992
0.3981
0.3934
0.3962
0.3962
0.3962
0.3956
0.3986
0.3971
0.3905
0.397
0.387
0.3985
0.3984
0.3965
0.3981
0.3989
0.3952
0.3982
0.3898
0.3969
0.3962
0.3982
0.3988
0.3976
0.3985
0.3972
0.3934
0.3972
0.3984
0.3986
0.3974
0.3965
0.3976
0.3992
0.3985
0.3993
0.3972
0.3975
0.3989
0.3941
0.3979
0.3982
0.3981
0.3979
0.3992
0.3973
0.3966
0.3973
0.3955
0.399
0.3974
0.3953
0.3971
0.3976
0.3953
0.3972
0.3945
0.3976
0.3974
0.3956
0.3982
0.398
0.3988
0.3978
0.3875
0.3988
0.3968
0.3985
0.3975
0.3985
0.3975
0.397
0.3993
0.3889
0.3972
0.398
0.396
0.3983
0.3991
0.3966
0.393
0.3983
0.3985
0.3978
0.3979
0.3944
0.3952
0.3974
0.3988
0.3988
0.3929
0.3948
NA
NA
NA
NA
NA
NA
NA
NA
NA
NA
NA
NA
NA
NA
NA
NA
NA
NA
NA
NA
NA
NA
NA
NA
NA
NA
NA
NA
NA
NA
NA
NA
NA
NA
NA
NA
NA
NA
NA
NA
NA
NA
NA
NA
NA
NA
NA
NA
NA
NA
NA
NA
NA
NA
NA
NA
NA
NA
NA
NA
NA
NA
NA
NA
NA
NA
NA
NA
NA
NA
NA
NA
NA
NA
NA
NA
NA
NA
NA
NA
NA
NA
NA
NA
NA
NA
NA
NA
NA
NA
NA
NA
NA
NA
NA
NA
NA
NA
NA
NA
NA
NA
NA
NA
NA
NA
NA
NA
NA
NA
NA
NA
NA
NA
NA
NA
NA
NA
NA
NA
NA
NA
NA
NA
NA
NA
NA
NA
NA
NA
NA
NA
NA
NA
NA
NA
NA
NA
NA
NA
NA
NA
NA
NA
NA
NA
NA
NA
NA
NA
NA
NA
NA
NA
NA
NA
NA
NA
NA
NA
NA
NA
NA
NA
NA
NA
NA
NA
NA
NA
NA
NA
NA
NA
NA
NA
NA
NA
NA
NA
NA
NA
NA
NA
NA
NA
NA
NA
NA
NA
NA
NA
NA
NA
NA
NA
NA
NA
NA
NA
NA
NA
NA
NA
NA
NA
NA
NA
NA
NA
NA
NA
NA
NA
NA
NA
NA
NA
NA
NA
NA
NA
NA
NA
NA
NA
NA
NA
NA
NA
NA
NA
NA
NA
NA
NA
NA
NA
NA
NA
NA
NA
NA
NA
NA
NA
NA
NA
NA
NA
NA
NA
NA
NA
NA
NA
NA
NA
NA
NA
NA
NA
NA
NA
NA
NA
NA
NA
NA
NA
NA
NA
NA
NA
NA
NA
NA
NA
NA
NA
NA
NA
NA
NA
NA
NA
NA
NA
NA
NA
NA
NA
NA
NA
NA
NA
NA
NA
NA
NA
NA
NA
NA
NA
NA
NA
NA
NA
NA
NA
NA
NA
NA
NA
NA
NA
NA
NA
NA
NA
NA
NA
NA
NA
NA
NA
NA
NA
NA
NA
NA
NA
NA
NA
NA
NA
NA
NA
NA
NA
NA
NA
NA
NA
NA
NA
NA
NA
NA
NA
NA
NA
NA
NA
NA
NA
NA
NA
NA
NA
NA
NA
NA
NA
NA
NA
NA
NA
NA
NA
NA
NA
NA
NA
NA
NA
NA
NA
NA
NA
NA
NA
NA
NA
NA
NA
NA
NA
NA
NA
NA
NA
NA
NA
NA
NA
NA
NA
NA
NA
NA
NA
NA
NA
NA
NA
NA
NA
NA
NA
NA
NA
NA
NA
NA
NA
NA
NA
NA
NA
NA
NA
NA
NA
NA
NA
NA
NA
NA
NA
NA
NA
NA
NA
NA
NA
NA
NA
NA
NA
NA
NA
NA
NA
NA
NA
NA
NA
NA
NA
NA
NA
NA
NA
NA
NA
NA
NA
NA
NA
NA
NA
NA
NA
NA
NA
NA
NA
NA
NA
NA
NA
NA
NA
NA
NA
NA
NA
NA
NA
NA
NA
NA
NA
NA
NA
NA
NA
NA
NA
NA
NA
NA
NA
NA
NA
NA
NA
NA
NA
NA
NA
NA
NA
NA
NA
NA
NA
NA
NA
NA
NA
NA
NA
NA
NA
NA
NA
NA
NA
NA
NA
NA
NA
NA
NA
NA
NA
NA
NA
NA
NA
NA
NA
NA
NA
NA
NA
NA
NA
NA
NA
NA
NA
NA
NA
NA
NA
NA
NA
NA
NA
NA
NA
NA
NA
NA
NA
NA
NA
NA
NA
NA
NA
NA
NA
NA
NA
NA
NA
NA
NA
NA
NA
NA
NA
NA
NA
NA
NA
NA
NA
NA
NA
NA
NA
NA
NA
NA
NA
NA
NA
NA
NA
NA
NA
NA
NA
NA
NA
NA
NA
NA
NA
NA
NA
NA
NA
NA
NA
NA
NA
NA
NA
NA
NA
NA
NA
NA
NA
NA
NA
NA
NA
NA
NA
NA
NA
NA
NA
NA
NA
NA
NA
NA
NA
NA
NA
NA
NA
NA
NA
NA
NA
NA
NA
NA
NA
NA
NA
NA
NA
NA
NA
NA
NA
NA
NA
NA
NA
NA
NA
NA
NA
NA
NA
NA
NA
NA
NA
NA
NA
NA
NA
NA
NA
NA
NA
NA
NA
NA
NA
NA
NA
NA
NA
NA
NA
NA
NA
NA
NA
NA
NA
NA
NA
NA
NA
NA
NA
NA
NA
NA
NA
NA
NA
NA
NA
NA
NA
NA
NA
NA
NA
NA
NA
NA
NA
NA
NA
NA
NA
NA
NA
NA
NA
NA
NA
NA
NA
NA
NA
NA
NA
NA
NA
NA
NA
NA
NA
NA
NA
NA
NA
NA
NA
NA
NA
NA
NA
NA
NA
NA
NA
NA
NA
NA
NA
NA
NA
NA
NA
NA
NA
NA
NA
NA
NA
NA
NA
NA
NA
NA
NA
NA
NA
NA
NA
NA
NA
NA
NA
NA
NA
NA
NA
NA
NA
NA
NA
NA
NA
NA
NA
NA
NA
NA
NA
NA
NA
NA
NA
NA
NA
NA
NA
NA
NA
NA
NA
NA
NA
NA
NA
NA
NA
NA
NA
NA
NA
NA
NA
NA
NA
NA
NA
NA
NA
NA
NA
NA
NA
NA
NA
NA
NA
NA
NA
NA
NA
NA
NA
NA
NA
NA
NA
NA
NA
NA
NA
NA
NA
NA
NA
NA
NA
NA
NA
NA
NA
NA
NA
NA
NA
NA
NA
NA
NA
NA
NA
NA
NA
NA
NA
NA
NA
NA
NA
NA
NA
NA
NA
NA
NA
NA
NA
NA
NA
NA
NA
NA
NA
NA
NA
NA
NA
NA
NA
NA
NA
NA
NA
NA
NA
NA
NA
NA
NA
NA
NA
NA
NA
NA
NA
NA
NA
NA
NA
NA
NA
NA
NA
NA
NA
NA
NA
NA
NA
NA
NA
NA
NA
NA
NA
NA
NA
NA
NA
NA
NA
NA
NA
NA
NA
NA
NA
NA
NA
NA
NA
NA
NA
NA
NA
NA
NA
NA
NA
NA
NA
NA
NA
NA
NA
NA
NA
NA
NA
NA
NA
NA
NA
NA
NA
NA
NA
NA
NA
NA
NA
NA
NA
NA
NA
NA
NA
NA
NA
NA
NA
NA
NA
NA
NA
NA
NA
NA
NA
NA
NA
NA
NA
NA
NA
NA
NA
NA
NA
NA
NA
NA
NA
NA
NA
NA
NA
NA
NA
NA
NA
NA
NA
NA
NA
NA
NA
NA
NA
NA
NA
NA
NA
NA
NA
NA
NA
NA
NA
NA
NA
NA
NA
NA
NA
NA
NA
NA
NA
NA
NA
NA
NA
NA
NA
NA
NA
NA
NA
NA
NA
NA
NA
NA
NA
NA
NA
NA
NA
NA
NA
NA
NA
NA
NA
NA
NA
NA
NA
NA
NA
NA
NA
NA
NA
NA
NA
NA
NA
NA
NA
NA
NA
NA
NA
NA
NA
NA
NA
NA
NA
NA
NA
NA
NA
NA
NA
NA
NA
NA
NA
NA
NA
NA
NA
NA
NA
NA
NA
NA
NA
NA
NA
NA
NA
NA
NA
NA
NA
NA
NA
NA
NA
NA
NA
NA
NA
NA
NA
NA
NA
NA
NA
NA
NA
NA
NA
NA
NA
NA
NA
NA
NA
NA
NA
NA
NA
NA
NA
NA
NA
NA
NA
NA
NA
NA
NA
NA
NA
NA
NA
NA
NA
NA
NA
NA
NA
NA
NA
NA
NA
NA
NA
NA
NA
NA
NA
NA
NA
NA
NA
NA
NA
NA
NA
NA
NA
NA
NA
NA
NA
NA
NA
NA
NA
NA
NA
NA
NA
NA
NA
NA
NA
NA
NA
NA
NA
NA
NA
NA
NA
NA
NA
NA
NA
NA
NA
NA
NA
NA
NA
NA
NA
NA
NA
NA
NA
NA
NA
NA
NA
NA
NA
NA
NA
NA
NA
NA
NA
NA
NA
NA
NA
NA
NA
NA
NA
NA
NA
NA
NA
NA
NA
NA
NA
NA
NA
NA
NA
NA
NA
NA
NA
NA
NA
NA
NA
NA
NA
NA
NA
NA
NA
NA
NA
NA
NA
NA
NA
NA
NA
NA
NA
NA
NA
NA
NA
NA
NA
NA
NA
NA
NA
NA
NA
NA
NA
NA
NA
NA
NA
NA
NA
NA
NA
NA
NA
NA
NA
NA
NA
NA
NA
NA
NA
NA
NA
NA
NA
NA
NA
NA
NA
NA
NA
NA
NA
NA
NA
NA
NA
NA
NA
NA
NA
NA
NA
NA
NA
NA
NA
NA
NA
NA
NA
NA
NA
NA
NA
NA
NA
NA
NA
NA
NA
NA
NA
NA
NA
NA
NA
NA
NA
NA
NA
NA
NA
NA
NA
NA
NA
NA
NA
NA
NA
NA
NA
NA
NA
NA
NA
NA
NA
NA
NA
NA
NA
NA
NA
NA
NA
NA
NA
NA
NA
NA
NA
NA
NA
NA
NA
NA
NA
NA
NA
NA
NA
NA
NA
NA
NA
NA
NA
NA
NA
NA
NA
NA
NA
NA
NA
NA
NA
NA
NA
NA
NA
NA
NA
NA
NA
NA
NA
NA
NA
NA
NA
NA
NA
NA
NA
NA
NA
NA
NA
NA
NA
NA
NA
NA
NA
NA
NA
NA
NA
NA
NA
NA
NA
NA
NA
NA
NA
NA
NA
NA
NA
NA
NA
NA
NA
NA
NA
NA
NA
NA
NA
NA
NA
NA
NA
NA
NA
NA
NA
NA
NA
NA
NA
NA
NA
NA
NA
NA
NA
NA
NA
NA
NA
NA
NA
NA
NA
NA
NA
NA
NA
NA
NA
NA
NA
NA
NA
NA
NA
NA
NA
NA
NA
NA
NA
NA
NA
NA
NA
NA
NA
NA
NA
NA
NA
NA
NA
NA
NA
NA
NA
NA
NA
NA
NA
NA
NA
NA
NA
NA
NA
NA
NA
NA
NA
NA
NA
NA
NA
NA
NA
NA
NA
NA
NA
NA
NA
NA
NA
NA
NA
NA
NA
NA
NA
NA
NA
NA
NA
NA
NA
NA
NA
NA
NA
NA
NA
NA
NA
NA
NA
NA
NA
NA
NA
NA
NA
NA
NA
NA
NA
NA
NA
NA
NA
NA
NA
NA
NA
NA
NA
NA
NA
NA
NA
NA
NA
NA
NA
NA
NA
NA
NA
NA
NA
NA
NA
NA
NA
NA
NA
NA
NA
NA
NA
NA
NA
NA
NA
NA
NA
NA
NA
NA
NA
NA
NA
NA
NA
NA
NA
NA
NA
NA
NA
NA
NA
NA
NA
NA
NA
NA
NA
NA
NA
NA
NA
NA
NA
NA
NA
NA
NA
NA
NA
NA
NA
NA
NA
NA
NA
NA
NA
NA
NA
NA
NA
NA
NA
NA
NA
NA
NA
NA
NA
NA
NA
NA
NA
NA
NA
NA
NA
NA
NA
NA
NA
NA
NA
NA
NA
NA
NA
NA
NA
NA
NA
NA
NA
NA
NA
NA
NA
NA
NA
NA
NA
NA
NA
NA
NA
NA
NA
NA
NA
NA
NA
NA
NA
NA
NA
NA
NA
NA
NA
NA
NA
NA
NA
NA
NA
NA
NA
NA
NA
NA
NA
NA
NA
NA
NA
NA
NA
NA
NA
NA
NA
NA
NA
NA
NA
NA
NA
NA
NA
NA
NA
NA
NA
NA
NA
NA
NA
NA
NA
NA
NA
NA
NA
NA
NA
NA
NA
NA
NA
NA
NA
NA
NA
NA
NA
NA
NA
NA
NA
NA
NA
NA
NA
NA
NA
NA
NA
NA
NA
NA
NA
NA
NA
NA
NA
NA
NA
NA
NA
NA
NA
NA
NA
NA
NA
NA
NA
NA
NA
NA
NA
NA
NA
NA
NA
NA
NA
NA
NA
NA
NA
NA
NA
NA
NA
NA
NA
NA
NA
NA
NA
NA
NA
NA
NA
NA
NA
NA
NA
NA
NA
NA
NA
NA
NA
NA
NA
NA
NA
NA
NA
NA
NA
NA
NA
NA
NA
NA
NA
NA
NA
NA
NA
NA
NA
NA
NA
NA
NA
NA
NA
NA
NA
NA
NA
NA
NA
NA
NA
NA
NA
NA
NA
NA
NA
NA
NA
NA
NA
NA
NA
NA
NA
NA
NA
NA
NA
NA
NA
NA
NA
NA
NA
NA
NA
NA
NA
NA
NA
NA
NA
NA
NA
NA
NA
NA
NA
NA
NA
NA
NA
NA
NA
NA
NA
NA
NA
NA
NA
NA
NA
NA
NA
NA
NA
NA
NA
NA
NA
NA
NA
NA
NA
NA
NA
NA
NA
NA
NA
NA
NA
NA
NA
NA
NA
NA
NA
NA
NA
NA
NA
NA
NA
NA
NA
NA
NA
NA
NA
NA
NA
NA
NA
NA
NA
NA
NA
NA
NA
NA
NA
NA
NA
NA
NA
NA
NA
NA
NA
NA
NA
NA
NA
NA
NA
NA
NA
NA
NA
NA
NA
NA
NA
NA
NA
NA
NA
NA
NA
NA
NA
NA
NA
NA
NA
NA
NA
NA
NA
NA
NA
NA
NA
NA
NA
NA
NA
NA
NA
NA
NA
NA
NA
NA
NA
NA
NA
NA
NA
NA
NA
NA
NA
NA
NA
NA
NA
NA
NA
NA
NA
NA
NA
NA
NA
NA
NA
NA
NA
NA
NA
NA
NA
NA
NA
NA
NA
NA
NA
NA
NA
NA
NA
NA
NA
NA
NA
NA
NA
NA
NA
NA
NA
NA
NA
NA
NA
NA
NA
NA
NA
NA
NA
NA
NA
NA
NA
NA
NA
NA
NA
NA
NA
NA
NA
NA
NA
NA
NA
NA
NA
NA
NA
NA
NA
NA
NA
NA
NA
NA
NA
NA
NA
NA
NA
NA
NA
NA
NA
NA
NA
NA
NA
NA
NA
NA
NA
NA
NA
NA
NA
NA
NA
NA
NA
NA
NA
NA
NA
NA
NA
NA
NA
NA
NA
NA
NA
NA
NA
NA
NA
NA
NA
NA
NA
NA
NA
NA
NA
NA
NA
NA
NA
NA
NA
NA
NA
NA
NA
NA
NA
NA
NA
NA
NA
NA
NA
NA
NA
NA
NA
NA
NA
NA
NA
NA
NA
NA
NA
NA
NA
NA
NA
NA
NA
NA
NA
NA
NA
NA
NA
NA
NA
NA
NA
NA
NA
NA
NA
NA
NA
NA
NA
NA
NA
NA
NA
NA
NA
NA
NA
NA
NA
NA
NA
NA
NA
NA
NA
NA
NA
NA
NA
NA
NA
NA
NA
NA
NA
NA
NA
NA
NA
NA
NA
NA
NA
NA
NA
NA
NA
NA
NA
NA
NA
NA
NA
NA
NA
NA
NA
NA
NA
NA
NA
NA
NA
NA
NA
NA
NA
NA
NA
NA
NA
NA
NA
NA
NA
NA
NA
NA
NA
NA
NA
NA
NA
NA
NA
NA
NA
NA
NA
NA
NA
NA
NA
NA
NA
NA
NA
NA
NA
NA
NA
NA
NA
NA
NA
NA
NA
NA
NA
NA
NA
NA
NA
NA
NA
NA
NA
NA
NA
NA
NA
NA
NA
NA
NA
NA
NA
NA
NA
NA
NA
NA
NA
NA
NA
NA
NA
NA
NA
NA
NA
NA
NA
NA
NA
NA
NA
NA
NA
NA
NA
NA
NA
NA
NA
NA
NA
NA
NA
NA
NA
NA
NA
NA
NA
NA
NA
NA
NA
NA
NA
NA
NA
NA
NA
NA
NA
NA
NA
NA
NA
NA
NA
NA
NA
NA
NA
NA
NA
NA
NA
NA
NA
NA
NA
NA
NA
NA
NA
NA
NA
NA
NA
NA
NA
NA
NA
NA
NA
NA
NA
NA
NA
NA
NA
NA
NA
NA
NA
NA
NA
NA
NA
NA
NA
NA
NA
NA
NA
NA
NA
NA
NA
NA
NA
NA
NA
NA
NA
NA
NA
NA
NA
NA
NA
NA
NA
NA
NA
NA
NA
NA
NA
NA
NA
NA
NA
NA
NA
NA
NA
NA
NA
NA
NA
NA
NA
NA
NA
NA
NA
NA
NA
NA
NA
NA
NA
NA
NA
NA
NA
NA
NA
NA
NA
NA
NA
NA
NA
NA
NA
NA
NA
NA
NA
NA
NA
NA
NA
NA
NA
NA
NA
NA
NA
NA
NA
NA
NA
NA
NA
NA
NA
NA
NA
NA
NA
NA
NA
NA
NA
NA
NA
NA
NA
NA
NA
NA
NA
NA
NA
NA
NA
NA
NA
NA
NA
NA
NA
NA
NA
NA
NA
NA
NA
NA
NA
NA
NA
NA
NA
NA
NA
NA
NA
NA
NA
NA
NA
NA
NA
NA
NA
NA
NA
NA
NA
NA
NA
NA
NA
NA
NA
NA
NA
NA
NA
NA
NA
NA
NA
NA
NA
NA
NA
NA
NA
NA
NA
NA
NA
NA
NA
NA
NA
NA
NA
NA
NA
NA
NA
NA
NA
NA
NA
NA
NA
NA
NA
NA
NA
NA
NA
NA
NA
NA
NA
NA
NA
NA
NA
NA
NA
NA
NA
NA
NA
NA
NA
NA
NA
NA
NA
NA
NA
NA
NA
NA
NA
NA
NA
NA
NA
NA
NA
NA
NA
NA
NA
NA
NA
NA
NA
NA
NA
NA
NA
NA
NA
NA
NA
NA
NA
NA
NA
NA
NA
NA
NA
NA
NA
NA
NA
NA
NA
NA
NA
NA
NA
NA
NA
NA
NA
NA
NA
NA
NA
NA
NA
NA
NA
NA
NA
NA
NA
NA
NA
NA
NA
NA
NA
NA
NA
NA
NA
NA
NA
NA
NA
NA
NA
NA
NA
NA
NA
NA
NA
NA
NA
NA
NA
NA
NA
NA
NA
NA
NA
NA
NA
NA
NA
NA
NA
NA
NA
NA
NA
NA
NA
NA
NA
NA
NA
NA
NA
NA
NA
NA
NA
NA
NA
NA
NA
NA
NA
NA
NA
NA
NA
NA
NA
NA
NA
NA
NA
NA
NA
NA
NA
NA
NA
NA
NA
NA
NA
NA
NA
NA
NA
NA
NA
NA
NA
NA
NA
NA
NA
NA
NA
NA
NA
NA
NA
NA
NA
NA
NA
NA
NA
NA
NA
NA
NA
NA
NA
NA
NA
NA
NA
NA
NA
NA
NA
NA
NA
NA
NA
NA
NA
NA
NA
NA
NA
NA
NA
NA
NA
NA
NA
NA
NA
NA
NA
NA
NA
NA
NA
NA
NA
NA
NA
NA
NA
NA
NA
NA
NA
NA
NA
NA
NA
NA
NA
NA
NA
NA
NA
NA
NA
NA
NA
NA
NA
NA
NA
NA
NA
NA
NA
NA
NA
NA
NA
NA
NA
NA
NA
NA
NA
NA
NA
NA
NA
NA
NA
NA
NA
NA
NA
NA
NA
NA
NA
NA
NA
NA
NA
NA
NA
NA
NA
NA
NA
NA
NA
NA
NA
NA
NA
NA
NA
NA
NA
NA
NA
NA
NA
NA
NA
NA
NA
NA
NA
NA
NA
NA
NA
NA
NA
NA
NA
NA
NA
NA
NA
NA
NA
NA
NA
NA
NA
NA
NA
NA
NA
NA
NA
NA
NA
NA
NA
NA
NA
NA
NA
0.6131
0.64
0.3409
0.5379
0.3678
0.2733
0.6154
0.4
0.3933
0.6972
0.5484
0.2111
0.4615
0.381
0.2955
0.4204
0.4939
0.4868
0.3175
0.7255
0.2914
0.4295
0.5786
0.3041
0.3467
0.2486
0.3919
0.35
0.8475
0.5234
0.4753
0.4424
0.5355
0.3743
0.4485
0.5874
0.5232
0.2919
0.2951
0.3586
0.3585
0.5617
0.4919
0.4771
0.4762
0.4607
0.4932
0.2941
0.3677
0.2768
0.5677
0.2514
0.4557
0.3622
0.4503
0.381
0.4248
0.4444
0.3898
0.6051
0.4148
0.3193
0.5063
0.2568
0.4638
0.2575
0.7308
0.4051
0.125
0.562
0.3099
0.2898
0.5949
0.5814
0.5556
0.4196
0.2579
1.0192
0.3608
0.2889
0.6821
0.4221
0.5455
0.593
0.4727
0.506
0.7154
0.4204
0.6512
0.2235
0.3472
0.2638
0.4036
0.5423
0.5976
0.434
0.3195
0.3371
0.4337
0.3512
0.4929
0.864
0.5154
0.5556
0.4214
0.5524
0.4293
0.5686
0.6496
0.3532
0.3583
0.509
0.4035
0.2698
0.1902
0.4831
0.3487
0.6134
0.5
0.385
0.7969
0.4722
0.6423
0.3735
0.6053
0.6
0.4142
0.4688
0.4591
0.3051
0.5436
0.3179
0.1389
0.4329
0.5827
0.5244
0.4867
0.2857
0.39
0.7
0.4873
0.3975
0.4387
0.3506
0.3072
0.3759
0.6474
0.4437
0.4878
0.4872
0.4464
0.4294
0.5333
0.345
0.5755
0.4962
0.4371
0.5634
0.458
0.5224
0.3455
0.3353
0.3949
0.3468
0.446
0.3779
0.4892
0.6786
0.3061
0.443
0.4034
0.6513
0.5767
0.3405
0.4336
0.4565
0.5902
0.3282
0.4027
0.8455
0.3949
0.3941
0.4676
0.3729
0.2959
0.5085
0.4513
0.3779
0.4497
0.6176
0.7983
0.325
0.4579
0.2955
0.4045
0.604
0.4348
0.5674
0.3636
0.4503
0.4114
0.5755
0.4941
0.3314
0.5282
0.2704
0.3456
0.617
0.4658
0.4737
0.6266
0.4114
0.4417
0.3025
0.5119
0.4491
0.527
0.3896
0.6346
0.3439
0.5235
0.4611
0.7372
0.2798
0.3881
0.3892
0.7612
0.459
0.4326
0.5786
0.5032
0.503
0.4013
0.3949
0.6765
0.3041
0.3716
0.4096
0.358
0.5522
0.4176
0.4935
0.1485
0.3503
0.3533
0.5385
0.5772
0.5794
0.4444
0.4331
0.4333
0.3393
0.3427
0.3243
0.4329
0.6178
0.4294
0.6818
0.6194
0.5896
0.4931
0.3022
0.441
0.3533
0.625
0.4907
0.3455
0.5882
0.4967
0.6333
0.488
0.5132
0.4255
0.4129
0.5207
0.3529
0.3804
0.3532
0.5229
0.6519
0.25
0.3373
0.3851
0.2981
0.3608
0.4276
0.5062
0.3292
0.4812
0.3691
0.3254
0.6159
0.6993
0.3455
0.5441
0.4362
0.2981
0.3221
0.303
0.4744
0.4481
0.7692
0.2857
0.6272
0.4645
0.503
0.5465
0.3669
0.462
0.494
0.386
0.3758
0.4346
0.4663
0.535
0.9493
0.3425
0.6207
0.4852
0.3554
0.6014
0.3605
0.3625
0.3972
0.3729
0.3961
0.3371
0.3769
0.2581
0.2848
0.4366
0.4485
0.2527
0.3202
0.2774
0.4615
0.2704
1.0538
0.4396
0.209
0.3713
0.4228
0.3148
0.6187
0.3736
0.3918
0.625
0.6224
0.2626
0.4056
0.297
0.4304
0.1022
0.3179
0.3675
0.4493
0.4934
0.5649
0.5893
0.4211
0.5176
0.3827
0.3392
0.1958
0.436
0.3684
0.2165
0.3875
0.3554
0.5232
0.5128
0.4211
0.6967
0.5746
0.4268
0.3005
0.463
0.4345
0.7652
0.5563
0.2849
0.5519
0.366
0.4233
0.4351
0.467
0.5833
0.5152
0.5298
0.4211
0.3172
0.4745
0.3866
0.4575
0.5786
0.473
0.5973
0.5441
0.4783
0.3228
0.5312
0.4233
0.3473
0.5
0.5385
0.3567
0.5479
0.5227
0.2545
0.422
0.2532
0.3584
0.462
0.2514
0.375
0.3704
0.2781
0.2933
0.5183
0.3771
0.6136
0.6831
0.4267
0.3602
0.5467
0.4
0.3677
0.4293
0.3386
0.4648
0.5731
0.331
0.7121
0.2121
0.5039
0.4395
0.6783
0.4103
0.4393
0.4615
0.3419
0.3316
0.3471
0.2209
0.5621
0.2793
0.3278
0.3846
0.5385
0.3977
0.2711
0.3313
0.5247
0.4855
0.5096
0.6269
0.7
0.5695
0.2737
0.4908
0.3926
0.297
0.1875
0.5833
0.539
0.3688
0.2919
0.5933
0.4324
0.2484
0.5056
0.6838
0.3214
0.3258
0.6959
0.5202
0.3851
0.4357
0.5507
0.3448
0.3356
0.4462
0.2159
0.3968
0.4937
0.2821
0.4803
0.3826
0.4014
0.6319
0.3355
0.3681
0.3373
0.4
0.3067
0.2609
0.3742
0.5875
0.7188
0.4437
0.5033
0.2275
0.5172
0.2367
0.3265
0.6462
0.2607
0.5556
0.5033
0.6025
0.2166
0.5127
0.5
0.3571
0.3588
0.2566
0.427
0.5074
0.4367
0.4074
0.4444
0.4872
0.4605
1.0926
0.3046
0.5479
0.2928
0.5
0.3975
0.3314
0.3806
0.3807
0.7398
0.5226
0.8489
0.4286
0.3416
0.4571
0.3224
0.4207
0.4935
0.4254
0.3949
0.461
0.478
0.6
0.6014
0.5
0.5056
0.2993
0.4855
0.4
0.7027
0.2819
0.2131
0.426
0.276
0.3025
0.6084
0.6327
0.4268
0.2914
0.4516
0.3086
0.3432
0.3509
0.3867
0.4899
0.203
0.6133
0.3208
0.5778
0.5741
0.4783
0.5578
0.3822
0.5032
0.6099
0.4631
0.3671
0.3795
0.2604
0.4933
0.3419
0.3882
0.5462
0.4718
0.3506
0.2935
0.2981
0.5827
0.1006
0.3987
0.5263
0.3202
0.4943
0.5076
0.3171
0.4231
0.3274
0.6923
0.3816
0.2591
0.4483
0.4286
0.2203
0.4817
0.3235
0.4124
0.4057
0.3775
0.469
0.3659
0.2767
0.5556
0.4067
0.2584
0.4217
0.3742
0.2474
0.4425
0.5811
0.4511
0.7542
0.5244
0.2866
0.2791
0.4539
0.4337
0.4645
0.3018
0.2629
0.483
0.6087
0.4576
0.4
0.5359
0.3452
0.5855
0.3294
0.4275
0.5323
0.4966
0.4793
0.0952
0.4175
0.2733
0.3457
0.381
0.8992
0.3681
0.4058
0.2048
0.4231
0.5323
0.3697
0.45
0.378
0.3112
0.2704
0.3842
0.5109
0.3404
0.2941
0.3977
0.7206
0.2971
0.4067
0.3537
0.5526
0.5468
0.4899
0.4966
0.4286
0.5442
0.507
0.3
0.2292
0.437
0.481
0.5205
0.4336
0.6301
0.6028
0.4025
0.2881
0.3654
0.3046
0.5248
0.5752
0.4903
0.3298
0.5074
0.4238
0.6242
0.5473
0.4094
0.3636
0.4151
0.4337
0.3743
0.5844
0.3987
0.2908
0.3092
0.2406
0.44
0.5655
0.4797
0.4426
0.3315
0.7966
0.5522
0.5396
0.2663
0.4438
0.461
0.3485
0.6136
0.6212
0.3404
0.4934
0.4824
0.3704
0.3624
0.5252
0.3894
0.2922
0.7259
0.3672
0.5987
0.5778
0.507
0.2611
0.3512
0.3333
0.382
0.4158
0.3571
0.5033
0.6349
0.5037
0.3571
0.4741
0.3882
0.369
0.4745
0.4362
0.4309
0.4918
0.4577
0.5857
0.3787
0.5366
0.5103
0.3243
0.9913
0.3049
0.4965
0.6016
0.617
0.3916
0.3351
0.3699
0.5469
0.5175
0.3789
0.5486
0.4815
0.5625
0.2857
0.2606
0.4503
0.6107
0.6822
0.2125
0.3817
0.4335
0.3481
0.7917
0.3802
0.3051
0.1889
0.6688
0.2667
0.5455
0.4253
0.442
0.16
0.4821
0.6444
0.3697
0.2622
0.3168
0.381
0.5625
0.52
0.513
0.443
0.2778
0.4242
0.5724
0.4259
0.3248
0.3966
0.44
0.3973
0.3859
0.6084
0.1638
0.2796
0.5814
0.6184
0.2419
0.4356
0.245
0.5522
0.3136
0.3197
0.3636
0.2888
0.4805
0.5414
0.205
0.4726
0.8203
0.6454
0.3656
0.6115
0.4096
0.5362
0.413
0.3931
0.4109
0.5099
0.596
0.2994
0.864
0.4155
0.6854
0.6124
0.5315
0.3766
0.2228
0.257
0.451
0.5032
0.3801
0.7288
0.4366
0.6286
0.4286
0.3584
0.3567
0.2197
0.4875
0.4839
0.2775
0.5062
0.6691
0.5625
0.4231
0.4062
0.3931
0.5467
0.4392
0.5667
0.7431
0.4333
0.4184
0.4339
0.4733
0.4417
0.3114
0.5
0.375
0.3171
0.635
0.4653
0.7574
0.4667
0.4012
0.5603
0.8409
0.5255
0.4467
0.4221
0.3636
0.4107
0.4709
0.4933
0.4452
0.3526
0.5909
0.4211
0.3062
0.3885
0.3509
0.4551
0.6338
0.3379
0.2747
0.4845
0.6471
0.3966
0.7465
0.3882
0.3011
0.4855
0.4024
0.3038
0.3804
0.4643
0.619
0.2814
0.6513
0.3521
0.5655
0.5
0.5375
0.4722
0.3427
0.3667
0.3598
0.4065
0.4551
0.2822
0.3552
0.2765
0.3594
0.5385
0.7594
0.5294
0.2663
0.3036
0.3194
0.3784
0.4503
0.2865
0.3918
0.4024
0.2228
0.4476
0.3293
0.4162
0.3464
0.3158
0.4606
0.3642
0.5
0.3271
0.3143
0.2115
0.3861
0.2925
0.3846
0.3522
0.361
0.4444
0.5
0.3311
0.4211
0.6596
0.708
0.4013
0.4857
0.5215
0.5188
0.3353
0.5089
0.9375
0.3677
0.3834
0.6207
0.3642
0.6306
0.4487
0.2483
0.5643
0.4875
0.4744
0.426
0.2316
0.25
0.3875
0.4494
0.4277
0.3093
0.4062
0.5665
0.3312
0.6196
0.3869
0.3806
0.4061
0.4412
0.5185
0.3333
0.5956
0.3611
0.0629
0.472
0.2373
0.0802
0.1839
0.0814
0.0789
0.1698
0.0952
0.4965
0.4065
0.2077
0.0677
0.1311
0.2159
0.0526
0.0684
0.3882
0.3228
0.0635
0.2557
0.3333
0.1006
0.199
0.4067
0.2197
0.0798
0.2643
0.839
0.4766
0.0691
0.3758
0.3548
0.3296
0.259
0.0756
0.3684
0.0391
0.1263
0.3448
0.2767
0.0408
0.2903
0.3072
0.2763
0.0536
0.4658
0.0299
0.0694
0.2054
0.2346
0.191
0.108
0.3081
0.4607
0.0625
0.3268
0.0398
0.2528
0.4904
0.2784
0.3133
0.2412
0.0404
0.2899
0.1916
0.5878
0.2848
0.0625
0.3577
0.2222
0.2216
0.5696
0.5781
0.4306
0.3846
0.271
0.0803
0.0773
0.0725
0.0726
0.3419
0.4058
0.5
0.3636
0.3916
0.5077
0.2426
0.4729
0.0684
0.3056
0.2651
0.2892
0.092
0.0714
0.3121
0.2515
0.0745
0.0909
0.3095
0.0798
0.0427
0.2286
0.375
0.3648
0.0778
0.3298
0.076
0.5401
0.3383
0.2834
0.2456
0.0745
0.2275
0.0857
0.3672
0.2923
0.0956
0.3885
0.3155
0.7188
0.4167
0.4797
0.0811
0.096
0.1006
0.2663
0.4037
0.3062
0.3277
0.0852
0.2053
0.0944
0.3598
0.3944
0.0909
0.4865
0.0803
0.0529
0.0988
0.4367
0.3106
0.0398
0.0638
0.2426
0.3534
0.4172
0.0727
0.2711
0.05
0.3
0.2994
0.4267
0.2184
0.4676
0.1067
0.0579
0.0802
0.0714
0.1118
0.2727
0.2824
0.4013
0.0323
0.0952
0.067
0.1104
0.6071
0.5147
0.3375
0.3068
0.0543
0.3892
0.2742
0.0494
0.3043
0.5
0.068
0.1842
0.0897
0.3291
0.3529
0.3857
0.3506
0.1837
0.4915
0.2551
0.2791
0.0879
0.0584
0.625
0.2626
0.3455
0.25
0.3202
0.3867
0.0825
0.461
0.3269
0.0737
0.0561
0.4173
0.0714
0.1027
0.3958
0.0657
0.0592
0.4694
0.323
0.1134
0.0529
0.0625
0.2761
0.2256
0.369
0.0811
0.5203
0.2968
0.5256
0.3057
0.4588
0.0374
0.5683
0.1744
0.0828
0.073
0.1018
0.0435
0.2541
0.5
0.0595
0.1081
0.3038
0.0565
0.092
0.1788
0.2297
0.3509
0.0782
0.4776
0.3132
0.3247
0.0717
0.0714
0.082
0.3782
0.5203
0.1242
0.0741
0.1585
0.2715
0.0601
0.2736
0.2228
0.3476
0.4713
0.0934
0.1203
0.4925
0.5224
0.0667
0.2363
0.1556
0.1893
0.3562
0.3913
0.0497
0.0691
0.2903
0.4867
0.0489
0.4079
0.0664
0.0988
0.06
0.0798
0.2649
0.2587
0.0894
0.4444
0.1493
0.0684
0.2883
0.0893
0.0588
0.2925
0.3129
0.2606
0.4161
0.1069
0.2428
0.4636
0.108
0.3704
0.5
0.0719
0.1635
0.2583
0.303
0.461
0.1143
0.5923
0.244
0.0718
0.0611
0.3964
0.0591
0.0378
0.0463
0.1967
0.2222
0.0476
0.3646
0.454
0.414
0.4795
0.0988
0.4414
0.0481
0.2294
0.1235
0.255
0.3125
0.3333
0.3955
0.0964
0.1047
0.0786
0.2663
0.1617
0.3099
0.3939
0.0942
0.0876
0.2581
0.087
0.0769
0.08
0.2732
0.0435
0.0652
0.3893
0.1975
0.5468
0.0594
0.343
0.4135
0.08
0.1768
0.069
0.2545
0.0442
0.2722
0.2434
0.033
0.3453
0.0571
0.5192
0.4167
0.0809
0.3051
0.3827
0.0681
0.0761
0.035
0.2614
0.2121
0.0879
0.3675
0.0769
0.0621
0.0802
0.2808
0.403
0.0667
0.0704
0.4356
0.3136
0.0859
0.3734
0.2384
0.1038
0.2887
0.291
0.4156
0.2459
0.098
0.4574
0.0514
0.0798
0.2148
0.2741
0.0607
0.0694
0.097
0.0581
0.0889
0.092
0.1215
0.0966
0.071
0.0756
0.0722
0.408
0.4685
0.3567
0.3667
0.0446
0.0872
0.2759
0.0595
0.1016
0.0862
0.0924
0.2966
0.0904
0.2953
0.25
0.4061
0.1005
0.1203
0.4718
0.3533
0.0909
0.3355
0.1299
0.0909
0.1
0.254
0.0606
0.0441
0.2817
0.1184
0.1717
0.1575
0.1047
0.0814
0.1615
0.3793
0.3822
0.2
0.1693
0.0806
0.1718
0.0609
0.3017
0.0513
0.0433
0.3923
0.2402
0.0977
0.2349
0.0741
0.0843
0.0628
0.3852
0.55
0.5033
0.0446
0.4663
0.1033
0.2229
0.1458
0.5606
0.5
0.0632
0.262
0.0795
0.3946
0.2179
0.0408
0.5662
0.2262
0.2079
0.527
0.3086
0.0955
0.1161
0.0679
0.0777
0.2789
0.0863
0.209
0.1111
0.3396
0.2564
0.3791
0.2434
0.3688
0.4375
0.2961
0.3264
0.0802
0.5357
0.0636
0.2391
0.0702
0.0856
0.5267
0.4155
0.0447
0.065
0.4345
0.1061
0.2222
0.6462
0.218
0.0848
0.1628
0.0421
0.1592
0.4494
0.0464
0.2582
0.0861
0.7222
0.3405
0.4191
0.4051
0.0453
0.0482
0.0667
0.32
0.9259
0.1782
0.4726
0.0539
0.0505
0.3292
0.3023
0.2229
0.2557
0.2384
0.1782
0.6835
0.3243
0.2625
0.0741
0.1946
0.2828
0.0636
0.3088
0.08
0.3571
0.0757
0.0599
0.0667
0.4231
0.0583
0.2449
0.358
0.3351
0.5541
0.0566
0.1913
0.3728
0.1407
0.284
0.5455
0.4014
0.3544
0.1911
0.2848
0.1058
0.0428
0.0674
0.2983
0.0793
0.1574
0.5
0.2704
0.5704
0.4383
0.3022
0.3605
0.2911
0.0867
0.4681
0.1302
0.2468
0.0565
0.0968
0.0542
0.0671
0.3588
0.4198
0.0955
0.2571
0.1693
0.2562
0.0909
0.4267
0.3165
0.0683
0.067
0.4205
0.098
0.0769
0.1301
0.0761
0.5455
0.064
0.2021
0.3103
0.3896
0.1638
0.3373
0.25
0.058
0.2989
0.0655
0.2353
0.2303
0.0602
0.0974
0.3421
0.0681
0.3855
0.096
0.2158
0.3466
0.0819
0.0808
0.2061
0.3333
0.2256
0.0559
0.2317
0.2722
0.2581
0.0601
0.1714
0.3041
0.4049
0.0338
0.1186
0.4505
0.2647
0.092
0.1368
0.047
0.4355
0.0723
0.1263
0.4315
0.255
0.0387
0.2713
0.2925
0.6829
0.2761
0.365
0.1362
0.05
0.1067
0.0492
0.3665
0.2439
0.2347
0.2347
0.117
0.085
0.0855
0.1049
0.0628
0.587
0.087
0.3377
0.0843
0.5359
0.0788
0.0909
0.4626
0.1024
0.449
0.3497
0.193
0.2014
0.05
0.1138
0.3243
0.3287
0.0795
0.4583
0.2727
0.2542
0.3419
0.1447
0.097
0.0966
0.0625
0.2579
0.071
0.3841
0.4713
0.0542
0.3743
0.4167
0.2619
0.0934
0.0529
0.3797
0.2342
0.0581
0.0531
0.0722
0.0964
0.5862
0.3092
0.1019
0.0781
0.5583
0.4776
0.4296
0.1189
0.2229
0.4113
0.2576
0.5639
0.4848
0.338
0.3072
0.3941
0.3247
0.1198
0.4604
0.2028
0.1623
0.5704
0.3051
0.4937
0.4088
0.0947
0.1405
0.0884
0.1128
0.0615
0.0529
0.3315
0.0944
0.5397
0.5037
0.3869
0.2667
0.1265
0.3214
0.3358
0.349
0.0863
0.3934
0.0843
0.4097
0.0729
0.0909
0.1049
0.1169
0.8957
0.08
0.1098
0.0855
0.5319
0.3217
0.2629
0.2514
0.0867
0.1188
0.0437
0.0932
0.0595
0.1173
0.2686
0.1627
0.1801
0.1216
0.5
0.1111
0.3065
0.0918
0.2597
0.1111
0.0708
0.0408
0.0479
0.535
0.1294
0.4416
0.4195
0.0588
0.2202
0.1323
0.6103
0.2606
0.2561
0.3907
0.2857
0.0585
0.4686
0.0838
0.0393
0.0658
0.0929
0.3517
0.4012
0.1053
0.3296
0.485
0.075
0.2042
0.1474
0.1686
0.1658
0.1364
0.0618
0.2151
0.1333
0.17
0.1457
0.1027
0.2483
0.3102
0.0792
0.3831
0.4586
0.2547
0.2549
0.6562
0.4752
0.0394
0.0523
0.4062
0.1582
0.2246
0.0854
0.297
0.1136
0.5232
0.0829
0.736
0.0769
0.4556
0.4385
0.4276
0.0805
0.1733
0.0543
0.3007
0.1377
0.3801
0.1111
0.4085
0.5143
0.0959
0.289
0.3161
0.0645
0.0761
0.3548
0.2717
0.0794
0.4552
0.0736
0.3974
0.0811
0.2828
0.2071
0.38
0.4733
0.1156
0.35
0.0588
0.0519
0.0542
0.0815
0.2036
0.0714
0.0857
0.0862
0.1043
0.1503
0.0882
0.0688
0.2515
0.3958
0.0311
0.1026
0.1029
0.2727
0.0558
0.3452
0.2784
0.052
0.2973
0.2543
0.3961
0.2484
0.1762
0.3057
0.0585
0.064
0.1512
0.2365
0.2567
0.0824
0.5147
0.2571
0.0625
0.0819
0.2386
0.0596
0.311
0.0864
0.2609
0.3857
0.0833
0.191
0.044
0.3451
0.0482
0.3988
0.5
0.3222
0.2431
0.0503
0.1951
0.0843
0.0726
0.2147
0.2951
0.2529
0.0619
0.4077
0.5075
0.0927
0.0777
0.2081
0.1039
0.0338
0.0941
0.0726
0.0838
0.0492
0.0579
0.3776
0.2317
0.0435
0.2346
0.2105
0.3254
0.2531
0.3036
0.0596
0.1525
0.1731
0.0442
0.0377
0.3041
0.2767
0.2634
0.3827
0.0726
0.0556
0.3011
0.4965
0.1118
0.0787
0.3886
0.4479
0.0993
0.2982
0.3905
0.8571
0.0355
0.3161
0.0959
0.2644
0.0526
0.0479
0.2828
0.0659
0.0729
0.3397
0.3077
0.0798
0.04
0.0977
0.3774
0.3795
0.1159
0.1356
0.0788
0.0409
0.0591
0.0486
0.2595
0.297
0.3235
0.3171
0.2203
0.6985
0.3222
0.0692
0.0513
0.0471
0.0556
0.2299
0.0407
0.0921
0.1384
0.2865
0.0877
0.092
0.0529
0.0938
0.0753
0.0529
0.0526
0.0526
0.0751
0.101
0.0529
0.0466
0.0599
0.0629
0.0242
0.0602
0.0757
0.0613
0.0533
0.0903
0.0816
0.3395
0.1135
0.3613
0.3184
0.0484
0.0756
0.0893
0.0559
0.0733
0.2828
0.0455
0.0408
0.1022
0.2941
0.1037
0.0625
0.1071
0.0448
0.0751
0.0508
0.0667
0.1943
0.0341
0.0539
0.0324
0.0625
0.052
0.0511
0.1066
0.0538
0.0518
0.0656
0.0383
0.0606
0.0839
0.12
0.1195
0.0977
0.1094
0.0637
0.0497
0.0847
0.3295
0.0494
0.0559
0.0952
0.0473
0.1095
0.0663
0.0674
0.0726
0.2733
0.0833
0.1436
0.0591
0.0749
0.0764
0.1186
0.4341
0.0733
0.0633
0.1023
0.0535
0.0613
0.0547
0.0663
0.0757
0.0585
0.107
0.0423
0.0859
0.061
0.1284
0.0714
0.327
0.1018
0.067
0.1345
0.0838
0.0398
0.0392
0.0492
0.0585
0.07
0.0571
0.058
0.0364
0.1176
0.04
0.0563
0.0361
0.0736
0.0336
0.0486
0.0339
0.1302
0.0211
0.082
0.275
0.339
0.0284
0.0252
0.0611
0.0495
0.0952
0.0963
0.0714
0.0442
0.0661
0.0617
0.0549
0.0925
0.0398
0.0798
0.1716
0.0728
0.3988
0.1152
0.0879
0.0444
0.0838
0.0753
0.0556
0.2164
0.0599
0.0867
0.0842
0.0556
0.0779
0.3603
0.0511
0.0642
0.2675
0.1075
0.1224
0.1481
0.1299
0.0578
0.2603
0.3625
0.0518
0.1141
0.0838
0.0773
0.0556
0.0844
0.049
0.0777
0.1125
0.1103
0.0829
0.0417
0.3429
0.0462
0.1837
0.1465
0.25
0.0515
0.0604
0.0974
0.0962
0.0502
0.0822
0.0635
0.039
0.0659
0.0291
0.0578
0.1024
0.0368
0.051
0.1097
0.0714
0.0757
0.2533
0.0469
0.0789
0.119
0.0874
0.0825
0.0952
0.0455
0.105
0.0857
0.0881
0.0541
0.3733
0.0414
0.4713
0.0867
0.0435
0.0642
0.0745
0.039
0.1034
0.0843
0.0539
0.2834
0.3315
0.4929
0.0757
0.0595
0.0852
0.3694
0.0982
0.044
0.2635
0.129
0.0894
0.106
0.3242
0.0417
0.0508
0.0459
0.2235
0.1801
0.0789
0.0523
0.0926
0.2209
0.0843
0.0874
0.3005
0.068
0.1129
0.0889
0.0549
0.1278
0.0592
0.0473
0.0788
0.0663
0.0428
0.0497
0.0882
0.0714
0.0608
0.0798
0.3642
0.4667
0.0543
0.0632
0.0521
0.0523
0.06
0.0859
0.1089
0.0631
0.067
0.0617
0.1393
0.1053
0.0739
0.0893
0.1
0.0823
0.0549
0.1017
0.0579
0.0692
0.0649
0.067
0.1364
0.0615
0.0994
0.0898
0.0826
0.1
0.0795
0.071
0.0686
0.106
0.1173
0.0574
0.0722
0.0513
0.0493
0.0324
0.0556
0.1858
0.0635
0.0774
0.1121
0.0591
0.4076
0.6
0.1049
0.0663
0.0588
0.0833
0.0765
0.2925
0.0575
0.3404
0.0545
0.1084
0.0576
0.2613
0.0352
0.0694
0.0955
0.1593
0.0419
0.0928
0.2848
0.0497
0.0865
0.08
0.0697
0.038
0.0543
0.0714
0.0533
0.5683
0.0545
0.3023
0.0662
0.0457
0.0849
0.0837
0.0565
0.0497
0.0526
0.1166
0.044
0.18
0.0743
0.0749
0.3274
0.0751
0.0714
0.1027
0.0681
0.0406
0.065
0.0432
0.0327
0.0714
0.0824
0.1006
0.0678
0.3041
0.0633
0.0875
0.0833
0.0704
0.066
0.0561
0.1795
0.0852
0.1038
0.1038
0.0849
0.0519
0.0811
0.0754
0.1111
0.4848
0.0514
0.0426
0.0769
0.3112
0.0561
0.0578
0.0485
0.3289
0.05
0.0982
0.0663
0.0455
0.0328
0.0872
0.0667
0.3651
0.2061
0.0726
0.1065
0.0191
0.0291
0.0895
0.0833
0.0741
0.069
0.0543
0.0759
0.0791
0.0595
0.0479
0.0914
0.0635
0.0886
0.0756
0.0592
0.0739
0.0578
0.0565
0.0606
0.0762
0.0667
0.0545
0.0441
0.0962
0.0658
0.069
0.1096
0.3121
0.0291
0.0774
0.055
0.0615
0.0485
0.0746
0.0699
0.0783
0.0761
0.2961
0.2011
0.0606
0.0789
0.0582
0.0862
0.0385
0.0635
0.0723
0.0576
0.0823
0.0845
0.1143
0.0644
0.0714
0.0865
0.0747
0.065
0.4697
0.4545
0.0805
0.2246
0.0398
0.4162
0.2115
0.0459
0.061
0.0578
0.0789
0.5608
0.0899
0.1196
0.3214
0.4928
0.057
0.0807
0.1007
0.0476
0.0889
0.0447
0.0947
0.0843
0.3423
0.0875
0.0361
0.0588
0.0683
0.0642
0.3765
0.0867
0.0644
0.0643
0.0267
0.0839
0.0562
0.0335
0.065
0.092
0.0894
0.0721
0.6231
0.0407
0.097
0.0904
0.0895
0.0667
0.1075
0.053
0.0644
0.0728
0.071
0.0529
0.0701
0.1176
0.2785
0.0439
0.4487
0.0592
0.0952
0.0538
0.4726
0.0637
0.0404
0.0843
0.0638
0.2357
0.0808
0.0779
0.067
0.0506
0.1098
0.076
0.0926
0.0746
0.0497
0.0636
0.0867
0.0514
0.3312
0.0378
0.0299
0.0788
0.0562
0.068
0.0455
0.0683
0.0478
0.5608
0.0818
0.0677
0.0684
0.0526
0.0914
0.0659
0.4354
0.0814
0.0494
0.04
0.0847
0.0856
0.3892
0.0657
0.103
0.0437
0.0925
0.2484
0.092
0.0753
0.3841
0.0599
0.0565
0.0809
0.0893
0.0651
0.2785
0.0791
0.0638
0.0904
0.0545
0.3471
0.0909
0.0562
0.0538
0.0905
0.0621
0.0974
0.1006
0.0914
0.0497
0.1082
0.0606
0.1046
0.0659
0.0959
0.087
0.0655
0.0872
0.0728
0.0479
0.4091
0.0598
0.0582
0.0359
0.0386
0.0357
0.0952
0.0659
0.1047
0.1024
0.0909
0.0732
0.0942
0.0851
0.0847
0.2105
0.0603
0.076
0.0657
0.1493
0.1196
0.08
0.067
0.1515
0.2722
0.1037
0.0601
0.1027
0.1515
0.0821
0.0628
0.0806
0.4972
0.0486
0.046
0.1
0.1007
0.0927
0.0663
0.0995
0.0774
0.1912
0.0552
0.0788
0.0968
0.0679
0.0663
0.0774
0.1209
0.05
0.0867
0.0874
0.022
0.2439
0.0748
0.1159
0.0798
0.3869
0.227
0.142
0.0966
0.052
0.0815
0.2597
0.073
0.0383
0.097
0.0667
0.0852
0.0663
0.483
0.0943
0.0552
0.098
0.0571
0.1377
0.1333
0.1667
0.1023
0.0736
0.0326
0.0904
0.3806
0.109
0.0727
0.0341
0.0568
0.0583
0.071
0.0698
0.0824
0.0663
0.0622
0.0671
0.3036
0.0385
0.0625
0.0608
0.0783
0.0581
0.0442
0.0979
0.05
0.0909
0.0485
0.1157
0.0938
0.0676
0.0774
0.0671
0.0811
0.0726
0.0759
0.1197
0.1118
0.4394
0.0764
0.0941
0.066
0.0648
0.0479
0.1104
0.2028
0.0671
0.0974
0.0459
0.037
0.2857
0.0888
0.0895
0.0663
0.0718
0.0667
0.0721
0.0561
0.0778
0.1208
0.0897
0.0309
0.0612
0.3553
0.0476
0.0526
0.0655
0.0863
0.0338
0.0422
0.0909
0.0469
0.123
0.0864
0.0974
0.044
0.0457
0.0549
0.0724
0.0702
0.0184
0.2371
0.0476
0.0933
0.075
0.0656
0.0807
0.1189
0.0552
0.0532
0.0694
0.0465
0.0608
0.0559
0.0617
0.0249
0.0816
0.0686
0.1319
0.0613
0.0408
0.0479
0.0918
0.0819
0.0753
0.061
0.0915
0.0508
0.0688
0.097
0.0601
0.0694
0.0549
0.3353
0.0691
0.0512
0.0782
0.073
0.0855
0.3818
0.0549
0.4074
0.076
0.067
0.3955
0.0875
0.1066
0.0833
0.2326
0.0722
0.0321
0.0843
0.0979
0.1389
0.0861
0.1192
0.0541
0.0759
0.0821
0.099
0.069
0.1591
0.0983
0.2288
0.085
0.0819
0.069
0.0719
0.0749
0.0494
0.098
0.0793
0.067
0.0966
0.1129
0.0663
0.1366
0.0705
0.0476
0.1216
0.0828
0.0575
0.0465
0.0745
0.0613
0.0407
0.051
0.5424
0.1132
0.092
0.1096
0.1277
0.0909
0.0699
0.0217
0.0884
0.237
0.0952
0.0783
0.0798
0.3718
0.0486
0.075
0.0852
0.0915
0.0828
0.1156
0.1304
0.0654
0.0472
0.0723
0.1087
0.0718
0.0893
0.2812
0.0955
0.1043
0.1026
0.0941
0.0459
0.0726
0.2065
0.4493
0.0833
0.1047
0.0595
0.0605
0.087
0.1011
0.0925
0.0732
0.0212
0.4221
0.2745
0.1857
0.0739
0.0798
0.0345
0.1047
0.051
0.0725
0.0604
0.5109
0.2273
0.0568
0.0702
0.0312
0.0596
0.2622
0.0988
0.0955
0.0641
0.0893
0.0605
0.0879
0.3239
0.0783
0.1576
0.0428
0.07
0.0625
0.0402
0.069
0.1145
0.1006
0.284
0.0784
0.1111
0.0524
0.0577
0.0778
0.0464
0.0984
0.2601
0.1039
0.0435
0.0471
0.0894
0.0628
0.0874
0.0474
0.0671
0.0391
0.0531
0.0802
0.0326
0.0895
0.0559
0.0806
0.0426
0.0588
0.0307
0.0608
0.0629
0.0923
0.0702
0.0226
0.0552
0.1006
0.0617
0.0653
0.0769
0.0793
0.3312
0.0628
0.0703
0.0795
0.0591
0.0749
0.0486
0.0947
0.2437
0.0822
0.0789
0.0737
0.0659
0.0641
0.0299
0.0781
0.0387
0.1006
0.0691
0.0267
0.1034
0.0743
0.0457
0.0991
0.1299
0.064
0.0877
0.069
0.0486
0.0814
0.0874
0.0474
0.0541
0.0765
0.5474
0.2541
