ncvFD_AFR	ncvFD_EUR	ncvFD_ASN	ncv_AFR	ncv_EUR	ncv_ASN	hka_AFR	hka_EUR	hka_ASN	tajd_AFR
0.4458	0.4412	0.4418	0.345	0.2705	0.2467	0.6438	0.4558	0.4082	1.21387
0.4558	0.4534	0.4552	0.3479	0.2996	0.2842	0.4876	0.3831	0.3383	1.14709
0.4637	0.4647	0.4809	0.3793	0.2908	0.4062	0.4909	0.259	0.2831	0.358242
0.4068	0.4015	0.4819	0.2966	0.2458	0.4576	1.0909	0.8811	0.7762	2.31798
0.4472	0.4528	0.4886	0.3505	0.2893	0.4558	0.649	0.3709	0.3642	1.08478
0.4608	0.4679	0.4932	0.3648	0.3653	0.4692	0.4756	0.3636	0.2909	0.726037
0.4548	0.4543	0.4872	0.3725	0.3236	0.4551	0.6329	0.4286	0.4151	0.539041
0.443	0.4465	0.4418	0.357	0.3531	0.2687	0.781	0.6788	0.4453	0.929812
0.4666	0.4618	0.4797	0.4012	0.3132	0.4247	0.5688	0.3188	0.4	-0.22579
0.4738	0.476	0.4838	0.3902	0.3645	0.4144	0.3526	0.25	0.2548	0.0717166
0.4719	0.4727	0.4716	0.4041	0.3872	0.3338	0.4593	0.3605	0.2486	-0.304451
0.4235	0.417	0.4672	0.3232	0.2675	0.4098	0.944	0.744	0.6308	1.72942
0.4427	0.442	0.4707	0.33	0.237	0.3874	0.6203	0.3924	0.3987	1.56421
0.4458	0.4484	0.4556	0.3438	0.3465	0.3453	0.6364	0.6039	0.4805	1.24493
0.4617	0.4611	0.4688	0.3545	0.2889	0.3537	0.4217	0.2892	0.3193	0.972835
0.4516	0.4548	0.4915	0.3684	0.3423	0.4707	0.6742	0.4812	0.4211	0.639333
0.4558	0.4488	0.4556	0.3674	0.272	0.2896	0.5801	0.3812	0.3425	0.668995
0.4606	0.4591	0.4688	0.3529	0.3108	0.3732	0.4312	0.3438	0.375	1.01199
0.4343	0.4355	0.4925	0.2756	0.2754	0.4768	0.5448	0.5299	0.4851	2.66444
0.4613	0.4572	0.47	0.3697	0.3109	0.3445	0.488	0.3647	0.2849	0.604492
0.4472	0.4444	0.4746	0.3449	0.2689	0.4115	0.6168	0.4192	0.4431	1.2211
0.4598	0.4547	0.4703	0.3711	0.3063	0.3573	0.5229	0.3831	0.3077	0.569832
0.4391	0.4364	0.4634	0.3162	0.2297	0.3666	0.6159	0.4329	0.439	1.87284
0.4238	0.4195	0.4635	0.3123	0.271	0.411	0.8581	0.7226	0.7677	1.97626
0.4525	0.4478	0.4641	0.3722	0.3055	0.3856	0.6818	0.461	0.5195	0.547989
0.4602	0.4596	0.4932	0.3434	0.3447	0.4717	0.4074	0.4198	0.3252	1.23344
0.4526	0.4551	0.4911	0.3328	0.3001	0.4644	0.48	0.3667	0.3467	1.48052
0.4519	0.4497	0.447	0.37	0.3076	0.2566	0.6815	0.4438	0.375	0.602922
0.4605	0.4544	0.4505	0.3633	0.3083	0.2635	0.4744	0.391	0.3526	0.761796
0.4545	0.4511	0.4606	0.3423	0.2965	0.3377	0.486	0.4022	0.3855	1.2751
0.4608	0.4556	0.4621	0.3681	0.2858	0.3306	0.4908	0.3374	0.3497	0.644594
0.4394	0.4403	0.4367	0.3297	0.307	0.2418	0.6746	0.5635	0.4488	1.56305
0.4508	0.4426	0.4578	0.3679	0.3094	0.3446	0.6889	0.5407	0.4444	0.654062
0.4499	0.4512	0.4643	0.3259	0.2707	0.364	0.4943	0.3563	0.4138	1.6497
0.4556	0.4567	0.4571	0.3526	0.3215	0.2707	0.5091	0.3939	0.303	1.02733
0.461	0.4616	0.4616	0.3847	0.3031	0.3389	0.5817	0.3052	0.3766	0.218686
0.4465	0.4426	0.4427	0.3525	0.279	0.228	0.6736	0.4583	0.375	1.03676
0.4532	0.4515	0.4757	0.366	0.3129	0.3912	0.625	0.436	0.3237	0.705455
0.4705	0.4635	0.4758	0.3925	0.3125	0.3695	0.425	0.3	0.2625	0.0112201
0.4785	0.4733	0.4783	0.406	0.3601	0.3714	0.3289	0.2752	0.2333	-0.347262
0.4407	0.4254	0.4294	0.3642	0.2692	0.2906	0.9062	0.6357	0.6562	0.753478
0.4489	0.4456	0.4459	0.3412	0.2689	0.28	0.5698	0.407	0.4244	1.30598
0.4545	0.4531	0.4602	0.3741	0.3059	0.3408	0.6516	0.4	0.4	0.498021
0.4632	0.4637	0.487	0.3479	0.3083	0.427	0.3796	0.292	0.2336	1.11198
0.4596	0.4681	0.4826	0.3729	0.3433	0.4252	0.537	0.3054	0.3273	0.524093
0.4575	0.4496	0.4725	0.365	0.294	0.3812	0.535	0.414	0.3439	0.723963
0.4786	0.4724	0.4767	0.4302	0.3723	0.3961	0.4759	0.3172	0.3241	-1.03828
0.4511	0.448	0.4464	0.347	0.3004	0.2752	0.5595	0.4464	0.4107	1.16618
0.4582	0.4545	0.4672	0.3634	0.2918	0.3464	0.514	0.3575	0.3222	0.767471
0.4534	0.4553	0.479	0.3605	0.3138	0.4297	0.5871	0.3926	0.4581	0.838828
0.4677	0.4708	0.4749	0.3515	0.3399	0.3231	0.3289	0.2667	0.2018	1.04809
0.4564	0.4637	0.4734	0.3833	0.3809	0.3659	0.679	0.5	0.2865	0.25851
0.4608	0.4571	0.4575	0.4023	0.3802	0.2707	0.7466	0.637	0.2994	-0.257572
0.4534	0.4539	0.481	0.3533	0.3105	0.4212	0.5493	0.4014	0.3451	1.00837
0.4453	0.4377	0.4502	0.3468	0.2462	0.2404	0.6622	0.4459	0.3268	1.17303
0.4468	0.4459	0.4836	0.3675	0.3378	0.4455	0.7812	0.6047	0.4552	0.665394
0.437	0.4327	0.4306	0.3392	0.2667	0.2352	0.7778	0.5407	0.4963	1.35588
0.4616	0.4602	0.4638	0.3835	0.291	0.3247	0.5606	0.3008	0.3182	0.24765
0.4176	0.4062	0.4841	0.3199	0.1949	0.4633	1.0484	0.6694	0.7903	1.80811
0.4591	0.4532	0.4561	0.3775	0.292	0.2954	0.5755	0.3714	0.3475	0.406065
0.4665	0.4696	0.4973	0.3858	0.3505	0.4869	0.4699	0.3012	0.2619	0.1896
0.4425	0.4414	0.4465	0.3253	0.2234	0.2996	0.6027	0.381	0.4626	1.66428
0.4442	0.4393	0.4398	0.3456	0.2487	0.2316	0.6769	0.4351	0.4046	1.19704
0.4621	0.4591	0.4641	0.3756	0.3031	0.3009	0.5029	0.3295	0.2775	0.454861
0.4653	0.4687	0.4692	0.3855	0.3415	0.2934	0.4933	0.2941	0.2222	0.196153
0.4584	0.458	0.4608	0.3649	0.2944	0.3151	0.5183	0.3273	0.3333	0.727757
0.4251	0.4268	0.4918	0.3147	0.2721	0.4782	0.8475	0.6271	0.6186	1.90658
0.4576	0.4586	0.4705	0.3595	0.2973	0.3696	0.5058	0.3256	0.3372	0.861161
0.4587	0.4603	0.4799	0.3807	0.3171	0.408	0.6042	0.3425	0.3082	0.324545
0.4501	0.4455	0.4871	0.3537	0.2983	0.4533	0.6118	0.4706	0.4	1.01049
0.4462	0.4503	0.4832	0.328	0.2554	0.4407	0.5556	0.3434	0.4217	1.60558
0.4494	0.4409	0.4749	0.3573	0.2859	0.4074	0.6474	0.4936	0.4103	0.920624
0.4313	0.4262	0.4261	0.307	0.2509	0.2277	0.697	0.5758	0.5273	2.08162
0.4631	0.4622	0.482	0.3491	0.3425	0.4278	0.3836	0.3774	0.3585	1.09332
0.4526	0.4485	0.45	0.3602	0.2446	0.2552	0.6	0.3459	0.3459	0.847404
0.4534	0.4651	0.4635	0.3139	0.316	0.3412	0.4148	0.2896	0.358	1.89732
0.4596	0.4575	0.4827	0.3531	0.3223	0.4318	0.4479	0.3865	0.3659	1.00874
0.4593	0.4608	0.4578	0.3727	0.2798	0.2697	0.5427	0.2814	0.2952	0.531004
0.45	0.4474	0.4448	0.3566	0.3017	0.2482	0.6309	0.4564	0.3826	0.934911
0.4577	0.46	0.4555	0.3722	0.3433	0.2967	0.5705	0.4094	0.3557	0.543755
0.4436	0.4347	0.4642	0.3485	0.2626	0.3792	0.7066	0.509	0.4821	1.13996
0.4632	0.4686	0.4971	0.3695	0.3336	0.4489	0.4545	0.281	0.0625	0.613071
0.4457	0.4341	0.4362	0.3702	0.3123	0.2603	0.8347	0.6777	0.4878	0.596298
0.4361	0.4313	0.4619	0.334	0.2639	0.383	0.7606	0.5493	0.5493	1.47781
0.4381	0.4393	0.4564	0.3256	0.2588	0.3407	0.6753	0.4522	0.4522	1.66725
0.4488	0.4467	0.4939	0.355	0.3011	0.4759	0.6446	0.4639	0.3491	0.979289
0.4422	0.4394	0.4626	0.3232	0.2559	0.3775	0.5975	0.4465	0.5031	1.71676
0.4475	0.4448	0.4483	0.3456	0.2874	0.2778	0.6149	0.4527	0.396	1.19986
0.4663	0.4707	0.492	0.3461	0.3607	0.4536	0.3333	0.3115	0.2186	1.16415
0.4679	0.4689	0.4906	0.3886	0.3549	0.4533	0.4565	0.3207	0.2649	0.116905
0.4446	0.4407	0.4949	0.3445	0.3012	0.4646	0.6619	0.5396	0.1753	1.22661
0.4348	0.43	0.4371	0.3262	0.2359	0.2942	0.7368	0.5038	0.5639	1.65032
0.4301	0.4207	0.4384	0.315	0.2243	0.3032	0.7574	0.5766	0.5766	1.90241
0.4584	0.455	0.4639	0.3692	0.3065	0.3614	0.5399	0.3804	0.411	0.618623
0.4442	0.441	0.4432	0.3208	0.2485	0.2582	0.5581	0.4186	0.4128	1.7692
0.4536	0.4517	0.4655	0.368	0.3016	0.3778	0.6287	0.407	0.4503	0.65497
0.4549	0.4585	0.468	0.3637	0.3533	0.3754	0.5776	0.4658	0.3963	0.758837
0.4589	0.457	0.4594	0.3609	0.3509	0.3214	0.4915	0.4802	0.3616	0.825895
0.4425	0.4411	0.4949	0.359	0.2777	0.4818	0.8099	0.4718	0.3958	0.882165
0.4519	0.4501	0.4555	0.3422	0.2495	0.2856	0.5256	0.3376	0.3376	1.27368
0.4459	0.4438	0.4425	0.338	0.2846	0.2576	0.6047	0.4574	0.4186	1.36925
0.4705	0.4688	0.4956	0.3924	0.3193	0.4762	0.4241	0.2565	0.2304	0.0140054
0.4254	0.4203	0.452	0.3195	0.2354	0.3675	0.876	0.6047	0.6589	1.809
0.4581	0.4541	0.466	0.3758	0.3173	0.3856	0.5855	0.4145	0.4803	0.450518
0.454	0.4505	0.4549	0.3582	0.3192	0.2917	0.5639	0.4662	0.3534	0.88646
0.4422	0.4302	0.4496	0.3498	0.233	0.339	0.7444	0.4962	0.5489	1.10256
0.4537	0.4486	0.4758	0.3531	0.2897	0.4071	0.5436	0.4161	0.3893	1.01511
0.4395	0.4385	0.4399	0.3163	0.2438	0.2669	0.6111	0.4345	0.4621	1.86107
0.4319	0.4219	0.482	0.3338	0.246	0.4513	0.844	0.6127	0.6197	1.48762
0.4574	0.4641	0.48	0.3741	0.3129	0.3956	0.589	0.2945	0.2653	0.494316
0.4255	0.4144	0.4163	0.3125	0.1993	0.2313	0.8267	0.5933	0.64	1.96663
0.4436	0.4401	0.465	0.349	0.2665	0.3655	0.7107	0.4591	0.4088	1.12577
0.4598	0.4603	0.4921	0.3558	0.3025	0.4647	0.4556	0.3167	0.3	0.949492
0.4457	0.4418	0.4636	0.3422	0.2995	0.372	0.6299	0.5195	0.4581	1.28263
0.4507	0.4478	0.4783	0.36	0.2899	0.4304	0.637	0.4247	0.4863	0.851539
0.448	0.4427	0.4565	0.3345	0.2667	0.3407	0.5549	0.4329	0.4512	1.45699
0.4571	0.4498	0.4542	0.3587	0.3036	0.327	0.5106	0.4326	0.4397	0.874241
0.4455	0.4442	0.4378	0.3437	0.3055	0.2238	0.6419	0.5068	0.4122	1.24527
0.4371	0.4287	0.437	0.343	0.2514	0.2525	0.8039	0.549	0.4641	1.27341
0.4234	0.4225	0.4374	0.3034	0.2522	0.2927	0.811	0.622	0.5549	2.16644
0.4502	0.45	0.4574	0.3461	0.3058	0.3461	0.5714	0.4354	0.4558	1.18408
0.4571	0.4578	0.4579	0.3287	0.2867	0.2797	0.4064	0.3175	0.3069	1.5784
0.431	0.4232	0.4681	0.3237	0.2688	0.4045	0.7929	0.6643	0.5571	1.71344
0.4242	0.4188	0.4336	0.3344	0.269	0.3235	1.0286	0.7238	0.7429	1.46966
0.4228	0.4162	0.4416	0.3102	0.248	0.3336	0.8626	0.687	0.6565	2.01036
0.4589	0.458	0.4844	0.3663	0.3055	0.4371	0.515	0.3452	0.3512	0.692028
0.4309	0.4252	0.4205	0.3374	0.3141	0.2327	0.8947	0.8421	0.597	1.40473
0.4632	0.4674	0.4983	0.3905	0.3865	0.4819	0.5705	0.4564	0.1053	0.0652373
0.4536	0.4497	0.4573	0.3546	0.3111	0.3216	0.5525	0.453	0.3867	0.986269
0.4667	0.4659	0.4634	0.3714	0.3186	0.2851	0.4028	0.2847	0.2639	0.551183
0.4347	0.4653	0.4421	0.3117	0.4006	0.2804	0.6645	0.5987	0.4671	1.97142
0.4328	0.435	0.4756	0.3186	0.2773	0.4248	0.731	0.5411	0.5205	1.82354
0.4254	0.432	0.4195	0.3361	0.3058	0.2257	1.0161	0.68	0.592	1.43768
0.4519	0.4466	0.4918	0.3691	0.317	0.4748	0.6742	0.5113	0.4962	0.623313
0.4379	0.4389	0.4456	0.3108	0.2769	0.2821	0.6124	0.4944	0.4326	1.99633
0.4752	0.4679	0.4811	0.409	0.3416	0.4058	0.4138	0.3041	0.277	-0.433454
0.4482	0.4393	0.4815	0.3441	0.2433	0.4429	0.5956	0.4265	0.5074	1.22861
0.4572	0.4541	0.4686	0.3752	0.2585	0.3599	0.6	0.3143	0.3371	0.469683
0.4668	0.4667	0.4682	0.3539	0.3077	0.3143	0.3466	0.2614	0.2557	0.980284
0.4466	0.4479	0.4441	0.3401	0.3057	0.272	0.6039	0.461	0.4286	1.33034
0.4508	0.4531	0.4813	0.3256	0.2939	0.4213	0.481	0.3762	0.3381	1.66541
0.4601	0.4613	0.4653	0.3273	0.3212	0.3358	0.3661	0.3388	0.3224	1.59867
0.4581	0.4626	0.4568	0.3485	0.3195	0.3128	0.4534	0.3212	0.3727	1.11945
0.4457	0.445	0.4622	0.3589	0.3018	0.3679	0.7361	0.4861	0.4653	0.88344
0.467	0.465	0.4643	0.3799	0.2938	0.2722	0.4326	0.2597	0.2431	0.342384
0.4289	0.4202	0.4489	0.3263	0.2553	0.3564	0.8527	0.6589	0.6512	1.65612
0.45	0.449	0.4485	0.3195	0.2664	0.2705	0.4731	0.371	0.3817	1.79263
0.475	0.4754	0.4748	0.4068	0.3566	0.3422	0.4054	0.2432	0.227	-0.377636
0.4488	0.4427	0.4502	0.3681	0.2978	0.2748	0.7362	0.5031	0.372	0.653871
0.4402	0.4449	0.4699	0.3285	0.2935	0.3853	0.6547	0.4653	0.4028	1.5938
0.4462	0.4449	0.4449	0.3477	0.2925	0.2547	0.6506	0.4639	0.3916	1.15615
0.4491	0.4439	0.4528	0.355	0.2469	0.3198	0.6389	0.3889	0.4375	0.973352
0.4611	0.4614	0.4668	0.3632	0.3046	0.3482	0.4629	0.3086	0.3314	0.767591
0.4497	0.4486	0.4882	0.3699	0.3138	0.4551	0.7308	0.4741	0.375	0.603268
0.4435	0.4403	0.4501	0.3266	0.2736	0.3155	0.592	0.4713	0.4598	1.64522
0.4461	0.4407	0.4418	0.3346	0.2833	0.2209	0.585	0.4898	0.3741	1.45311
0.4422	0.4384	0.4848	0.3196	0.2699	0.4514	0.5823	0.4843	0.478	1.79393
0.4593	0.4551	0.4746	0.3917	0.3111	0.3976	0.6776	0.3882	0.3684	0.0343819
0.4382	0.4351	0.4936	0.3435	0.284	0.4807	0.7829	0.5581	0.5039	1.25317
0.4716	0.4719	0.4943	0.403	0.3386	0.4697	0.4603	0.2526	0.2368	-0.275636
0.4365	0.4428	0.4499	0.3157	0.2943	0.3275	0.6549	0.493	0.5	1.87898
0.4365	0.4359	0.4693	0.2804	0.2459	0.3951	0.5309	0.463	0.463	2.59381
0.4632	0.4671	0.4893	0.3647	0.3249	0.4473	0.4342	0.2829	0.2697	0.723915
0.4697	0.4695	0.476	0.3935	0.3005	0.3762	0.4468	0.2275	0.2751	-0.0161566
0.459	0.4615	0.4971	0.3641	0.2935	0.4868	0.5031	0.2919	0.2795	0.745044
0.4601	0.4605	0.472	0.3516	0.2872	0.3736	0.4354	0.2925	0.3265	1.03875
0.4531	0.452	0.4967	0.3349	0.258	0.4806	0.48	0.3314	0.2054	1.44422
0.4589	0.4569	0.4784	0.369	0.3215	0.4086	0.529	0.3913	0.3406	0.618153
0.4143	0.4043	0.406	0.2935	0.2401	0.2242	0.9174	0.8182	0.7438	2.35771
0.4418	0.437	0.4512	0.3156	0.2332	0.3175	0.5742	0.4323	0.4516	1.87751
0.4277	0.423	0.4262	0.3237	0.2434	0.265	0.8581	0.5935	0.6129	1.72484
0.4392	0.4413	0.4896	0.3202	0.2753	0.4623	0.6316	0.4641	0.3949	1.78224
0.4371	0.4314	0.4308	0.3316	0.2858	0.2858	0.7273	0.6116	0.6198	1.52261
0.4169	0.4138	0.4977	0.298	0.2293	0.4806	0.896	0.664	0.1346	2.26788
0.4442	0.444	0.471	0.3546	0.321	0.3978	0.7355	0.5613	0.443	0.990587
0.4544	0.4677	0.4761	0.379	0.3899	0.3734	0.6923	0.4675	0.267	0.372589
0.4623	0.4647	0.4654	0.3688	0.2993	0.3351	0.4663	0.2697	0.3202	0.627195
0.4675	0.4645	0.4882	0.3763	0.3208	0.4361	0.4084	0.3037	0.2408	0.43689
0.422	0.4237	0.4197	0.3072	0.2873	0.2336	0.8583	0.7266	0.6077	2.0723
0.4462	0.4445	0.4497	0.3346	0.3043	0.3152	0.5845	0.5	0.4648	1.45024
0.4472	0.4467	0.4522	0.3492	0.2703	0.3205	0.6408	0.3986	0.4476	1.11304
0.4404	0.438	0.4531	0.3119	0.2393	0.3387	0.5789	0.4323	0.4934	1.9575
0.431	0.4185	0.4775	0.3122	0.2314	0.4412	0.7273	0.6154	0.6573	1.96147
0.445	0.4391	0.4422	0.3205	0.2401	0.2553	0.545	0.4233	0.418	1.78031
0.4384	0.4309	0.4981	0.337	0.2723	0.4879	0.7343	0.5764	0.1882	1.40896
0.4548	0.454	0.4701	0.3471	0.2937	0.362	0.5	0.3661	0.3224	1.16213
0.4485	0.4435	0.4491	0.3481	0.2729	0.2444	0.6107	0.4362	0.3399	1.1403
0.406	0.3976	0.4062	0.2856	0.222	0.2603	1.0222	0.8444	0.8741	2.53311
0.4635	0.4656	0.4779	0.3741	0.3015	0.3748	0.4691	0.2638	0.2454	0.490401
0.459	0.4634	0.4721	0.3676	0.3396	0.3707	0.5211	0.3542	0.3172	0.654024
0.4244	0.4197	0.4226	0.2984	0.2278	0.2316	0.7669	0.594	0.5714	2.25236
0.4609	0.4582	0.4841	0.3676	0.3072	0.4306	0.4867	0.3467	0.32	0.654126
0.4547	0.4511	0.454	0.3572	0.2419	0.2885	0.5455	0.3212	0.3576	0.91986
0.421	0.4187	0.4823	0.297	0.2851	0.4544	0.8175	0.7937	0.6667	2.28179
0.467	0.4636	0.4806	0.3804	0.3416	0.4034	0.4358	0.3575	0.2793	0.329498
0.4436	0.4413	0.4478	0.3418	0.2842	0.2895	0.6667	0.4843	0.4233	1.29507
0.4345	0.4344	0.4427	0.3063	0.2487	0.2985	0.6444	0.4833	0.5056	2.09679
0.4462	0.4385	0.4633	0.3541	0.2679	0.3504	0.6909	0.4788	0.3855	1.00342
0.4672	0.4656	0.4863	0.3757	0.3267	0.4298	0.4107	0.3018	0.2619	0.447921
0.4368	0.4314	0.492	0.337	0.2952	0.4726	0.7664	0.6449	0.4214	1.40853
0.4557	0.4517	0.4538	0.3704	0.3156	0.2604	0.6	0.4397	0.3191	0.588459
0.4804	0.4768	0.4804	0.4232	0.3402	0.366	0.3711	0.203	0.198	-0.839579
0.4596	0.4561	0.4871	0.3366	0.254	0.4394	0.3963	0.2927	0.2866	1.38668
0.4397	0.4386	0.4361	0.3228	0.2889	0.2776	0.6364	0.5289	0.5289	1.70946
0.4308	0.4261	0.4499	0.3077	0.2653	0.3462	0.7086	0.6159	0.5762	2.0612
0.4613	0.4633	0.4629	0.3641	0.3196	0.3007	0.4645	0.3141	0.2885	0.740944
0.4533	0.4533	0.4901	0.3652	0.3007	0.4583	0.6174	0.3867	0.3267	0.721661
0.4503	0.4515	0.4673	0.3428	0.2749	0.3473	0.5542	0.3593	0.3234	1.26581
0.4461	0.4375	0.4624	0.359	0.2777	0.3537	0.7273	0.5124	0.408	0.875171
0.4562	0.4533	0.4817	0.3407	0.2567	0.4264	0.4554	0.3186	0.3578	1.31435
0.457	0.4545	0.4756	0.3543	0.2848	0.3966	0.4938	0.3457	0.3457	0.985903
0.4405	0.4365	0.4382	0.3371	0.2705	0.2698	0.6959	0.5068	0.4865	1.40356
0.4505	0.4458	0.4904	0.3248	0.2883	0.465	0.4831	0.4438	0.3933	1.67454
0.4556	0.4524	0.4522	0.3631	0.2391	0.2375	0.5612	0.3071	0.3071	0.767849
0.4242	0.4204	0.4611	0.3094	0.2465	0.3953	0.8312	0.6323	0.6645	2.0368
0.4558	0.4591	0.4966	0.3566	0.332	0.485	0.5247	0.3902	0.2988	0.932525
0.4343	0.4205	0.4728	0.3348	0.1718	0.4284	0.8014	0.4965	0.6596	1.46224
0.4767	0.4765	0.4743	0.4099	0.3708	0.3563	0.3851	0.2568	0.255	-0.458039
0.4492	0.4457	0.4553	0.3471	0.242	0.3199	0.593	0.3663	0.407	1.16894
0.452	0.4504	0.455	0.3513	0.325	0.2927	0.5652	0.4845	0.354	1.06298
0.4548	0.4549	0.4942	0.3443	0.3179	0.4722	0.4892	0.4064	0.2727	1.22915
0.4715	0.4682	0.4677	0.404	0.3235	0.2976	0.4678	0.2686	0.24	-0.300094
0.4556	0.4526	0.4729	0.3525	0.3032	0.4034	0.5097	0.4	0.4323	1.02859
0.4516	0.4559	0.4591	0.3539	0.2817	0.3169	0.5852	0.3278	0.3556	1.00554
0.4464	0.4511	0.4536	0.347	0.3387	0.2847	0.6443	0.5235	0.3553	1.16751
0.4133	0.4053	0.4062	0.2886	0.2235	0.2408	0.9044	0.75	0.7941	2.46555
0.4486	0.4456	0.4485	0.3211	0.2661	0.2895	0.4966	0.4027	0.4161	1.74387
0.453	0.452	0.4839	0.3485	0.3038	0.4356	0.5355	0.4076	0.3567	1.12551
0.4647	0.465	0.4666	0.3366	0.2822	0.3185	0.3317	0.2475	0.2772	1.38916
0.4473	0.4417	0.4579	0.3318	0.2675	0.3412	0.5556	0.4444	0.4321	1.51867
0.4419	0.4388	0.4528	0.3277	0.2855	0.3208	0.6224	0.5175	0.4406	1.61064
0.4617	0.4589	0.4835	0.3795	0.2938	0.4294	0.5337	0.3171	0.3293	0.354497
0.4465	0.4361	0.4887	0.3616	0.2715	0.4633	0.7376	0.5141	0.4648	0.813941
0.4413	0.438	0.4884	0.3554	0.2634	0.4637	0.8074	0.4745	0.4891	0.96886
0.4531	0.45	0.4892	0.36	0.2773	0.4609	0.5897	0.3782	0.3974	0.852039
0.4654	0.4686	0.4749	0.3653	0.3666	0.3655	0.4011	0.3571	0.2663	0.711227
0.4263	0.4237	0.477	0.3258	0.2372	0.432	0.9037	0.5714	0.55	1.67222
0.4689	0.4665	0.4958	0.3667	0.2888	0.4799	0.3527	0.2415	0.2657	0.677162
0.433	0.4281	0.4279	0.3561	0.2989	0.2479	1.0315	0.7109	0.5504	0.958145
0.4619	0.4571	0.4676	0.3973	0.3329	0.3663	0.6606	0.4182	0.3713	-0.1202
0.4585	0.4527	0.4567	0.3412	0.2791	0.2879	0.4241	0.3544	0.3291	1.28486
0.4148	0.4013	0.4038	0.3275	0.2282	0.2171	1.2034	0.8167	0.75	1.6397
0.4603	0.4579	0.4648	0.3571	0.2863	0.3262	0.4516	0.3161	0.3097	0.911958
0.4675	0.4633	0.4693	0.3834	0.3134	0.3151	0.4386	0.3041	0.2456	0.252756
0.4595	0.4573	0.4719	0.3831	0.3361	0.3867	0.6045	0.4254	0.3731	0.259666
0.4685	0.467	0.4699	0.3749	0.326	0.3228	0.3869	0.2857	0.25	0.468086
0.4471	0.4475	0.4906	0.3305	0.2537	0.4621	0.5523	0.3663	0.343	1.55269
0.4402	0.4554	0.4586	0.347	0.3411	0.2736	0.7656	0.4688	0.2932	1.16889
0.4726	0.4694	0.4777	0.3871	0.3495	0.3931	0.3618	0.3026	0.2961	0.1521
0.4652	0.4668	0.4811	0.3982	0.3232	0.4126	0.5796	0.283	0.3019	-0.142252
0.4149	0.4153	0.4395	0.2861	0.2213	0.3348	0.8634	0.6273	0.7019	2.52256
0.4383	0.442	0.4861	0.3258	0.2753	0.4521	0.6733	0.457	0.4305	1.6607
0.4576	0.4576	0.4584	0.3457	0.3046	0.2757	0.4522	0.3481	0.2975	1.18425
0.4507	0.448	0.4963	0.3489	0.3026	0.4856	0.5764	0.4514	0.3472	1.11666
0.4638	0.4662	0.4722	0.3469	0.3254	0.3281	0.3684	0.2924	0.2339	1.14861
0.4643	0.4672	0.4619	0.3671	0.3484	0.2985	0.4262	0.3279	0.2951	0.669981
0.433	0.4206	0.4364	0.3152	0.244	0.291	0.7086	0.6225	0.5629	1.90019
0.4432	0.438	0.4927	0.3223	0.2826	0.4772	0.5789	0.5197	0.4868	1.73128
0.4713	0.4713	0.4716	0.3785	0.3212	0.305	0.3542	0.2344	0.2135	0.376761
0.4631	0.4608	0.4736	0.3702	0.3103	0.3434	0.4595	0.3243	0.2419	0.594062
0.4396	0.437	0.4633	0.3307	0.2686	0.3761	0.6759	0.4966	0.4828	1.54869
0.4343	0.4333	0.4677	0.2993	0.2724	0.3738	0.6205	0.5482	0.3964	2.23294
0.4417	0.4419	0.4539	0.3403	0.2802	0.3131	0.6923	0.4692	0.4074	1.32402
0.4395	0.4366	0.4365	0.3345	0.2969	0.2676	0.6984	0.5794	0.5	1.45702
0.4417	0.4417	0.449	0.3241	0.2716	0.3313	0.6096	0.4521	0.5274	1.69139
0.4687	0.4717	0.496	0.3705	0.361	0.4783	0.3678	0.2989	0.2299	0.578388
0.4341	0.4348	0.4385	0.3191	0.256	0.2772	0.7108	0.494	0.5	1.8205
0.4367	0.4328	0.4429	0.3372	0.2952	0.3237	0.7698	0.6259	0.5899	1.40449
0.4491	0.4481	0.453	0.3645	0.3091	0.3242	0.7021	0.4681	0.4468	0.740493
0.4446	0.4373	0.4317	0.3595	0.3006	0.2687	0.7658	0.5823	0.557	0.871273
0.457	0.4536	0.4669	0.3673	0.2881	0.3654	0.5562	0.3609	0.3787	0.670318
0.4591	0.4589	0.4775	0.3699	0.325	0.4157	0.5298	0.375	0.3988	0.60117
0.4443	0.4444	0.4596	0.3231	0.2146	0.3407	0.565	0.3464	0.4068	1.72163
0.4484	0.4545	0.4538	0.3531	0.323	0.2623	0.6403	0.4245	0.3214	1.01862
0.4666	0.4634	0.4825	0.3799	0.3368	0.4052	0.4396	0.3478	0.2512	0.344084
0.4497	0.4519	0.449	0.366	0.2953	0.251	0.6993	0.3916	0.3497	0.70392
0.4442	0.4416	0.4419	0.3585	0.3153	0.3007	0.7673	0.575	0.5215	0.895624
0.444	0.4393	0.4439	0.3055	0.2774	0.262	0.5091	0.4909	0.4121	2.08799
0.4446	0.4413	0.4439	0.3497	0.3067	0.3043	0.6944	0.5486	0.5069	1.10522
0.4735	0.4664	0.4938	0.3953	0.2969	0.4663	0.3799	0.2514	0.2346	-0.0620573
0.4428	0.4371	0.4396	0.3408	0.294	0.2595	0.6755	0.5629	0.4503	1.31766
0.4439	0.4336	0.4303	0.3488	0.2692	0.2082	0.702	0.5364	0.457	1.12849
0.4283	0.4261	0.4325	0.3186	0.2643	0.2688	0.8121	0.6129	0.5484	1.83157
0.4491	0.448	0.4915	0.3175	0.2772	0.4679	0.4795	0.3977	0.3721	1.82933
0.4661	0.4684	0.4674	0.3807	0.3386	0.3249	0.4523	0.2921	0.2794	0.324059
0.4576	0.4588	0.4631	0.3467	0.3368	0.3351	0.4551	0.4072	0.3473	1.16412
0.4553	0.4516	0.4682	0.3653	0.319	0.3821	0.5786	0.45	0.4214	0.720095
0.4576	0.458	0.4929	0.3481	0.3131	0.4693	0.4596	0.3602	0.3106	1.12843
0.4715	0.4751	0.4854	0.3885	0.3218	0.4084	0.3874	0.199	0.2094	0.117598
0.432	0.4248	0.4752	0.3311	0.258	0.4332	0.8235	0.6103	0.6324	1.54786
0.47	0.4707	0.4729	0.3693	0.3474	0.3209	0.3448	0.2816	0.2184	0.606036
0.4622	0.4654	0.4685	0.3815	0.3209	0.3362	0.5352	0.2937	0.2867	0.300685
0.4525	0.4499	0.4542	0.3387	0.2403	0.2956	0.5032	0.3291	0.3671	1.35232
0.4584	0.4593	0.4781	0.3666	0.2693	0.4052	0.5256	0.2821	0.3333	0.68412
0.4687	0.4725	0.475	0.3851	0.3842	0.3774	0.4239	0.3533	0.2935	0.208736
0.4314	0.4291	0.442	0.3074	0.2836	0.3079	0.6975	0.6358	0.5432	2.0714
0.4614	0.4674	0.4653	0.3568	0.2817	0.2906	0.4333	0.227	0.2541	0.924
0.4422	0.4411	0.4433	0.3185	0.2844	0.2731	0.5793	0.4878	0.439	1.8201
0.4416	0.4392	0.454	0.3385	0.286	0.3402	0.6831	0.5141	0.4861	1.36871
0.4505	0.4461	0.4933	0.3683	0.3067	0.4769	0.7	0.4859	0.4184	0.644176
0.4565	0.4584	0.4913	0.325	0.3213	0.4618	0.4048	0.3728	0.3077	1.65085
0.4507	0.4467	0.4469	0.3394	0.2562	0.2729	0.5329	0.3772	0.4012	1.34446
0.4284	0.4283	0.4203	0.3003	0.2677	0.1541	0.7123	0.5959	0.4795	2.21289
0.4596	0.4585	0.4699	0.359	0.3047	0.3649	0.4702	0.3393	0.3333	0.870704
0.4618	0.4597	0.4703	0.3495	0.2999	0.3506	0.4025	0.3188	0.2938	1.08883
0.4313	0.4304	0.4517	0.3076	0.2572	0.3474	0.7006	0.5443	0.5506	2.06474
0.4582	0.4607	0.4563	0.3476	0.3301	0.3094	0.4487	0.3654	0.3718	1.13798
0.4431	0.4485	0.4874	0.3349	0.2776	0.4612	0.6369	0.3938	0.5032	1.45298
0.4539	0.4616	0.4579	0.3575	0.3574	0.3067	0.5621	0.432	0.3491	0.913291
0.4379	0.4467	0.4648	0.3487	0.3457	0.3924	0.8308	0.6308	0.5462	1.13317
0.455	0.4555	0.4627	0.3784	0.3345	0.3296	0.6741	0.4444	0.3407	0.383101
0.4409	0.4466	0.4613	0.3257	0.3295	0.3463	0.6296	0.5556	0.4012	1.66408
0.462	0.4618	0.4982	0.3714	0.2673	0.4803	0.4848	0.259	0.104	0.560535
0.4278	0.4201	0.4554	0.3145	0.2428	0.3776	0.7961	0.625	0.6579	1.92281
0.4574	0.4531	0.4519	0.3684	0.3066	0.2229	0.5556	0.4012	0.2963	0.641123
0.4383	0.4385	0.4684	0.3412	0.31	0.4013	0.7655	0.6	0.5241	1.31125
0.4557	0.4578	0.4853	0.3607	0.2703	0.4471	0.5466	0.2963	0.4074	0.830908
0.4489	0.4459	0.4711	0.3259	0.297	0.3966	0.5087	0.4624	0.4335	1.65007
0.4413	0.4322	0.4325	0.3473	0.2458	0.2729	0.7463	0.5	0.5597	1.16258
0.449	0.4487	0.4659	0.3209	0.2775	0.3625	0.4907	0.3913	0.3851	1.7536
0.4475	0.4393	0.4527	0.3624	0.2941	0.3626	0.7214	0.5357	0.6143	0.794761
0.4547	0.4537	0.4956	0.3615	0.3218	0.4814	0.5689	0.4311	0.3118	0.814906
0.4594	0.4707	0.4905	0.3791	0.3718	0.4469	0.5789	0.3421	0.2308	0.364684
0.4661	0.4673	0.4826	0.3963	0.3342	0.4026	0.5449	0.2963	0.2407	-0.0923636
0.4635	0.4585	0.4696	0.391	0.3253	0.3889	0.5688	0.3812	0.425	0.0514758
0.4503	0.4515	0.4867	0.3452	0.2783	0.441	0.5647	0.3647	0.3099	1.2108
0.4512	0.4498	0.4558	0.3368	0.2727	0.3041	0.5148	0.3728	0.3669	1.4027
0.4696	0.4703	0.4715	0.3923	0.3466	0.3642	0.4424	0.2848	0.3091	0.017497
0.4444	0.4389	0.4519	0.3301	0.2442	0.3178	0.5938	0.4312	0.4438	1.56101
0.4484	0.4588	0.4954	0.3409	0.3445	0.4801	0.5776	0.4303	0.3018	1.31047
0.4706	0.4703	0.4888	0.3678	0.3131	0.4392	0.3314	0.2343	0.24	0.641425
0.47	0.4669	0.4768	0.3915	0.3371	0.4052	0.4295	0.3067	0.36	0.0375754
0.4469	0.4422	0.4903	0.3387	0.2828	0.4661	0.5915	0.4718	0.4155	1.35711
0.4543	0.4504	0.4903	0.346	0.2886	0.4614	0.503	0.3939	0.3494	1.18608
0.4568	0.4512	0.4529	0.3832	0.2786	0.3072	0.6687	0.3681	0.4049	0.259506
0.4406	0.4533	0.4497	0.3328	0.3115	0.3187	0.671	0.4103	0.4744	1.50445
0.4484	0.4471	0.4452	0.3377	0.2688	0.2383	0.5621	0.3922	0.366	1.38119
0.4648	0.465	0.4609	0.3995	0.3381	0.3155	0.6028	0.331	0.3333	-0.17877
0.4396	0.4369	0.4527	0.3384	0.3061	0.3628	0.7203	0.6084	0.6154	1.37489
0.4523	0.4543	0.4689	0.3394	0.3013	0.3589	0.5087	0.3771	0.3314	1.34307
0.4741	0.4789	0.4804	0.4049	0.3283	0.3432	0.4157	0.1702	0.1702	-0.325985
0.4685	0.4646	0.4665	0.3902	0.3056	0.2907	0.4536	0.2787	0.2432	0.0736237
0.4636	0.4603	0.4649	0.3815	0.3135	0.3396	0.5063	0.3354	0.3354	0.301877
0.4308	0.4273	0.4315	0.3234	0.2696	0.2799	0.7956	0.6131	0.5912	1.71956
0.4388	0.4321	0.4319	0.3215	0.2669	0.2326	0.6438	0.5479	0.4797	1.75321
0.4588	0.4651	0.4597	0.3669	0.3488	0.2657	0.5197	0.3553	0.2745	0.675392
0.4586	0.4595	0.4942	0.372	0.3527	0.4749	0.5517	0.4483	0.3061	0.545011
0.4355	0.4372	0.4702	0.313	0.2698	0.4027	0.6581	0.4968	0.4904	1.94316
0.4506	0.4483	0.4576	0.3497	0.2642	0.3113	0.5822	0.3741	0.3605	1.09725
0.4703	0.4689	0.4746	0.4005	0.3149	0.3588	0.474	0.25	0.2564	-0.205463
0.4584	0.4585	0.4929	0.3794	0.2906	0.4729	0.603	0.3166	0.3618	0.361649
0.4663	0.4648	0.4649	0.3746	0.3224	0.3191	0.4224	0.3025	0.2963	0.475874
0.4453	0.45	0.4821	0.3383	0.2923	0.4365	0.6159	0.4061	0.4207	1.37576
0.44	0.438	0.4469	0.3382	0.268	0.2874	0.7117	0.4847	0.4294	1.38511
0.4276	0.4294	0.4747	0.3655	0.3541	0.4322	1.3644	1.1102	0.6385	0.725985
0.4709	0.4702	0.4751	0.4053	0.3278	0.3302	0.4913	0.2543	0.2081	-0.339148
0.4537	0.4509	0.4966	0.3656	0.261	0.4874	0.6121	0.3455	0.3818	0.7135
0.4323	0.4374	0.4347	0.336	0.3509	0.2934	0.8537	0.8618	0.5935	1.43169
0.4577	0.4545	0.4702	0.3559	0.2971	0.3493	0.489	0.3676	0.2919	0.949918
0.461	0.4672	0.4738	0.39	0.3591	0.3632	0.6204	0.3551	0.2754	0.0783975
0.4585	0.4581	0.4629	0.3391	0.3072	0.3449	0.4185	0.3478	0.375	1.34105
0.4385	0.4379	0.472	0.3194	0.281	0.407	0.6387	0.5161	0.4774	1.80304
0.4219	0.4201	0.4422	0.3127	0.2869	0.3383	0.8973	0.7808	0.6712	1.96663
0.4202	0.4056	0.4203	0.3042	0.1787	0.2583	0.8741	0.6444	0.6667	2.14225
0.4714	0.4641	0.4723	0.3912	0.2729	0.3408	0.4012	0.2455	0.2515	0.0471261
0.4705	0.4732	0.4737	0.3849	0.3495	0.36	0.3904	0.2567	0.2698	0.212674
0.466	0.4579	0.4579	0.3764	0.2954	0.2825	0.4348	0.3292	0.3106	0.432157
0.4519	0.4481	0.4635	0.3631	0.2725	0.3599	0.6323	0.3885	0.4129	0.775047
0.4572	0.4576	0.493	0.3747	0.3074	0.4701	0.5973	0.3533	0.3154	0.480517
0.4546	0.4518	0.4922	0.3463	0.3072	0.4715	0.5	0.4176	0.3846	1.18176
0.4367	0.4321	0.455	0.3393	0.2843	0.3605	0.7852	0.5973	0.557	1.35844
0.4641	0.466	0.4973	0.378	0.3049	0.4866	0.4775	0.2649	0.2541	0.394767
0.458	0.4517	0.4771	0.3565	0.3021	0.402	0.4877	0.4074	0.3395	0.929967
0.4702	0.4697	0.4849	0.3761	0.27	0.4152	0.3631	0.1989	0.2376	0.437433
0.4719	0.4752	0.4806	0.3917	0.3667	0.3881	0.3934	0.2649	0.2366	0.0331505
0.4434	0.4352	0.4908	0.3423	0.2788	0.4675	0.6714	0.5429	0.411	1.27876
0.4529	0.4489	0.4491	0.3389	0.2652	0.2745	0.4967	0.3694	0.3822	1.34493
0.4581	0.4525	0.4487	0.378	0.3114	0.2353	0.6	0.4194	0.3333	0.394007
0.4477	0.4431	0.4553	0.3634	0.2457	0.3398	0.7244	0.3949	0.465	0.772897
0.4355	0.4333	0.456	0.3347	0.2192	0.3332	0.7771	0.4459	0.434	1.46927
0.477	0.4755	0.4819	0.4127	0.339	0.3867	0.3926	0.2147	0.2147	-0.536241
0.4603	0.459	0.4724	0.3571	0.3012	0.3741	0.452	0.3277	0.322	0.916558
0.4567	0.4498	0.4834	0.371	0.2843	0.432	0.5846	0.3923	0.3462	0.569315
0.4105	0.4093	0.4187	0.2782	0.2439	0.2762	0.8947	0.7632	0.7544	2.65317
0.4607	0.4561	0.4693	0.3557	0.3069	0.3824	0.4413	0.3687	0.4022	0.949131
0.4505	0.4572	0.4529	0.3243	0.3045	0.2841	0.481	0.3522	0.3608	1.675
0.4549	0.4484	0.4532	0.3742	0.2907	0.2998	0.6443	0.42	0.3867	0.494485
0.4706	0.4719	0.474	0.3833	0.3108	0.3032	0.383	0.2169	0.1905	0.254292
0.4539	0.4518	0.4641	0.3622	0.2721	0.3642	0.5867	0.3529	0.4183	0.796104
0.4553	0.4546	0.4571	0.3673	0.2932	0.3133	0.5894	0.3595	0.3709	0.667369
0.4327	0.4293	0.4347	0.3316	0.248	0.2707	0.8125	0.5349	0.5271	1.53166
0.4488	0.4481	0.4549	0.3573	0.33	0.3184	0.6592	0.5363	0.4076	0.925687
0.4804	0.4835	0.4986	0.4056	0.3916	0.4851	0.2906	0.202	0.1073	-0.339264
0.4543	0.4516	0.4945	0.3626	0.2846	0.4771	0.5828	0.3742	0.3232	0.787271
0.4649	0.4663	0.4795	0.379	0.3232	0.383	0.4675	0.2882	0.2412	0.367036
0.4479	0.443	0.4427	0.3337	0.2876	0.2736	0.5541	0.473	0.4459	1.46891
0.4598	0.4562	0.4692	0.3571	0.2858	0.3332	0.4593	0.3314	0.2733	0.915205
0.4395	0.4378	0.4837	0.3266	0.2765	0.4475	0.6566	0.506	0.4759	1.64904
0.4542	0.4596	0.488	0.3491	0.3126	0.4458	0.5183	0.3415	0.3012	1.11218
0.4187	0.4113	0.4675	0.3056	0.2098	0.4122	0.9116	0.6463	0.6463	2.12098
0.4538	0.4475	0.4578	0.3563	0.2884	0.3256	0.5575	0.4253	0.3908	0.942776
0.447	0.4474	0.4767	0.3424	0.3024	0.4144	0.6084	0.4583	0.4097	1.27336
0.4486	0.4433	0.4436	0.3533	0.285	0.2628	0.6369	0.4643	0.4167	1.02161
0.4383	0.4334	0.4915	0.3359	0.2903	0.4748	0.731	0.6	0.5172	1.43346
0.4772	0.4708	0.4931	0.4213	0.3185	0.4661	0.4438	0.2353	0.2647	-0.786469
0.4595	0.4557	0.489	0.3536	0.2941	0.4511	0.4516	0.3495	0.3065	1.00392
0.4654	0.4708	0.484	0.3708	0.3459	0.4163	0.4225	0.2781	0.2579	0.577326
0.446	0.4406	0.455	0.3683	0.309	0.3521	0.8083	0.5667	0.5167	0.645181
0.4237	0.4187	0.4281	0.2859	0.2493	0.2829	0.7211	0.6599	0.6463	2.50615
0.462	0.4664	0.4683	0.3632	0.362	0.3449	0.4475	0.3757	0.306	0.76776
0.4603	0.4608	0.4616	0.3785	0.3339	0.3258	0.5563	0.3732	0.3451	0.378474
0.4405	0.441	0.435	0.3357	0.2501	0.2576	0.6875	0.4205	0.4943	1.44453
0.4368	0.4356	0.4758	0.3408	0.317	0.4229	0.7931	0.6759	0.4966	1.32368
0.456	0.4559	0.4593	0.361	0.2841	0.3341	0.5417	0.3314	0.3929	0.825219
0.43	0.4275	0.4638	0.2923	0.2683	0.3864	0.6552	0.6069	0.531	2.36958
0.441	0.4396	0.4399	0.2989	0.2574	0.2485	0.528	0.4472	0.4286	2.22485
0.4536	0.4481	0.4673	0.3592	0.3002	0.3605	0.5766	0.4453	0.3577	0.865913
0.4576	0.4526	0.4729	0.3599	0.3077	0.3943	0.5088	0.4094	0.386	0.85199
0.4601	0.4587	0.4955	0.3755	0.3239	0.483	0.5417	0.375	0.3611	0.456114
0.4425	0.4326	0.4831	0.3785	0.2931	0.452	1.0323	0.621	0.5726	0.386946
0.4527	0.4451	0.4833	0.3548	0.2914	0.44	0.5706	0.4588	0.4118	0.981208
0.4558	0.4559	0.4942	0.3322	0.2669	0.4773	0.434	0.3082	0.3522	1.49122
0.4422	0.436	0.453	0.3157	0.2347	0.329	0.568	0.4438	0.4615	1.881
0.4776	0.4842	0.4761	0.4208	0.3855	0.3632	0.4286	0.1807	0.2469	-0.768245
0.4369	0.4357	0.444	0.3203	0.286	0.3153	0.6692	0.5564	0.5414	1.77492
0.4251	0.4206	0.4776	0.3003	0.2433	0.4376	0.7652	0.6212	0.5985	2.21241
0.4449	0.4405	0.4607	0.3354	0.2523	0.3621	0.6099	0.4296	0.4648	1.43313
0.4405	0.4319	0.4368	0.3553	0.2627	0.2874	0.8248	0.5401	0.5474	0.972389
0.4328	0.43	0.4793	0.32	0.2743	0.4422	0.7379	0.5931	0.5931	1.7954
0.4633	0.4556	0.4891	0.3819	0.2622	0.4515	0.513	0.3052	0.3052	0.291457
0.4402	0.4359	0.4385	0.3246	0.242	0.2708	0.6358	0.4566	0.4855	1.69371
0.4534	0.4504	0.4907	0.3761	0.284	0.4645	0.6928	0.3856	0.366	0.445191
0.4586	0.4631	0.4674	0.3642	0.3216	0.3224	0.5114	0.3204	0.2753	0.745021
0.4352	0.4281	0.4691	0.336	0.2818	0.4164	0.7929	0.6429	0.6429	1.43365
0.46	0.4531	0.4718	0.3695	0.2464	0.3659	0.512	0.3095	0.3095	0.611931
0.4381	0.4357	0.4426	0.3037	0.2354	0.2645	0.5828	0.4479	0.4294	2.1349
0.4609	0.4582	0.468	0.3694	0.3042	0.3537	0.4943	0.3409	0.3295	0.615169
0.4518	0.4481	0.4542	0.3607	0.316	0.338	0.6203	0.4873	0.4747	0.834761
0.4495	0.4551	0.4572	0.3477	0.3379	0.3502	0.5909	0.461	0.474	1.14995
0.4735	0.4743	0.4823	0.4028	0.3549	0.403	0.4158	0.2526	0.2474	-0.267849
0.4777	0.4793	0.4722	0.4211	0.3957	0.3732	0.4295	0.2763	0.3221	-0.774329
0.4578	0.453	0.4528	0.3735	0.2803	0.2748	0.5764	0.3542	0.3472	0.508493
0.4773	0.4786	0.4795	0.411	0.4143	0.3299	0.3775	0.3642	0.1656	-0.485675
0.4658	0.4579	0.4808	0.3809	0.319	0.4157	0.4598	0.3736	0.3218	0.31868
0.443	0.4332	0.4377	0.3488	0.2277	0.231	0.7211	0.4595	0.4228	1.12898
0.4398	0.4361	0.4694	0.3221	0.2537	0.3974	0.6312	0.475	0.475	1.74326
0.4617	0.4821	0.4633	0.3818	0.3792	0.3409	0.5467	0.1988	0.359	0.294997
0.4691	0.4741	0.4679	0.4131	0.3829	0.3468	0.6069	0.3219	0.3151	-0.556122
0.4473	0.4448	0.4829	0.3316	0.2846	0.4381	0.5541	0.4459	0.4076	1.52246
0.4697	0.4689	0.4976	0.3843	0.3465	0.4804	0.4025	0.3019	0.1446	0.227424
0.4596	0.456	0.49	0.362	0.3059	0.4594	0.4839	0.3677	0.3419	0.793799
0.455	0.4557	0.4556	0.3227	0.2924	0.2661	0.4176	0.3471	0.3099	1.70603
0.4442	0.4421	0.491	0.3292	0.2479	0.4665	0.5931	0.4069	0.3793	1.57397
0.4417	0.4353	0.4462	0.3276	0.267	0.323	0.6258	0.5122	0.5366	1.62274
0.473	0.4743	0.4929	0.398	0.354	0.4611	0.4022	0.2514	0.2346	-0.137208
0.4652	0.4653	0.4686	0.3956	0.3339	0.296	0.5617	0.319	0.2303	-0.0734163
0.4535	0.4524	0.4946	0.329	0.2175	0.4806	0.4545	0.2879	0.3889	1.58313
0.4717	0.469	0.4744	0.3914	0.3392	0.3774	0.3968	0.2857	0.3016	0.0402216
0.4406	0.4364	0.449	0.3256	0.2383	0.3022	0.6341	0.4451	0.439	1.66798
0.4689	0.4786	0.4826	0.3713	0.3395	0.3668	0.3676	0.1842	0.1737	0.560004
0.4481	0.449	0.4746	0.3398	0.2443	0.3876	0.5771	0.3409	0.3295	1.34002
0.4421	0.4368	0.4663	0.3416	0.2826	0.399	0.6917	0.5333	0.5583	1.28955
0.4535	0.4407	0.4701	0.3789	0.2858	0.4063	0.7132	0.4961	0.5194	0.372384
0.4353	0.4368	0.4674	0.3366	0.2618	0.3896	0.7937	0.4841	0.4724	1.41453
0.4615	0.4597	0.4729	0.3845	0.2937	0.3916	0.5677	0.3097	0.3742	0.225549
0.4484	0.4508	0.4499	0.3485	0.3274	0.322	0.6145	0.488	0.4819	1.13472
0.456	0.4576	0.4624	0.3257	0.288	0.2829	0.413	0.3207	0.2703	1.64334
0.4596	0.4517	0.4752	0.3836	0.3159	0.4145	0.6045	0.4403	0.4478	0.247149
0.4665	0.4623	0.4712	0.3919	0.3334	0.3717	0.5057	0.3543	0.3333	0.028759
0.4523	0.4547	0.4992	0.3487	0.276	0.4875	0.5478	0.3312	0.0682	1.12295
0.4612	0.461	0.4772	0.3798	0.3467	0.398	0.5455	0.4056	0.3217	0.345489
0.4562	0.4483	0.4858	0.3615	0.263	0.4439	0.5405	0.3716	0.3581	0.808062
0.4603	0.4637	0.4719	0.3912	0.3205	0.3882	0.6478	0.3114	0.3787	0.0457588
0.4525	0.4474	0.4516	0.3439	0.2554	0.2971	0.523	0.3693	0.3977	1.24004
0.4433	0.4336	0.4341	0.3569	0.2547	0.2536	0.7744	0.5038	0.4962	0.931085
0.4461	0.445	0.4606	0.3282	0.2627	0.3439	0.5591	0.4032	0.4032	1.60904
0.4379	0.4361	0.4349	0.3226	0.2757	0.2674	0.6644	0.5235	0.5168	1.7315
0.4426	0.4398	0.4444	0.3298	0.2541	0.295	0.622	0.439	0.4756	1.57106
0.4853	0.488	0.493	0.4295	0.4114	0.4108	0.2842	0.1719	0.0938	-1.00573
0.4674	0.467	0.4827	0.3732	0.2916	0.4002	0.3977	0.2398	0.2339	0.512613
0.428	0.4207	0.4884	0.3084	0.1959	0.467	0.7584	0.5263	0.5592	2.0501
0.4476	0.4462	0.479	0.3582	0.2775	0.4316	0.6892	0.4172	0.4768	0.897564
0.4554	0.4495	0.4882	0.36	0.2718	0.4535	0.5471	0.3743	0.3567	0.851834
0.4587	0.4533	0.483	0.3751	0.2908	0.4326	0.5688	0.3688	0.3625	0.470673
0.4593	0.4559	0.4629	0.3604	0.3218	0.3177	0.4821	0.4048	0.3155	0.836118
0.4205	0.4088	0.4447	0.2971	0.2066	0.3392	0.8264	0.6667	0.6319	2.29072
0.4606	0.4613	0.4625	0.3693	0.3286	0.3157	0.5	0.3544	0.3165	0.614532
0.4621	0.4642	0.484	0.3625	0.2982	0.4141	0.4432	0.2722	0.25	0.784451
0.438	0.4403	0.4627	0.3512	0.3312	0.3959	0.8492	0.6667	0.627	1.07044
0.4508	0.4472	0.4479	0.3535	0.285	0.3023	0.5975	0.4214	0.4528	1.01186
0.4479	0.4486	0.4564	0.3361	0.2964	0.3114	0.5633	0.4304	0.375	1.42005
0.4572	0.4563	0.4557	0.3595	0.3272	0.2578	0.5133	0.4133	0.3	0.856094
0.4317	0.4332	0.4302	0.2879	0.2512	0.2523	0.6149	0.5	0.5345	2.46802
0.4389	0.4341	0.4888	0.3121	0.2414	0.4672	0.6027	0.4726	0.5342	1.95166
0.4423	0.4367	0.4403	0.3216	0.2306	0.2568	0.589	0.4315	0.4384	1.74379
0.4435	0.4484	0.4786	0.3495	0.3482	0.4251	0.7161	0.6129	0.4331	1.11348
0.451	0.4473	0.4768	0.3402	0.2891	0.4159	0.5325	0.4286	0.4156	1.31921
0.4673	0.4701	0.4804	0.3356	0.3081	0.3576	0.2989	0.2299	0.1872	1.39695
0.4489	0.4458	0.4914	0.3591	0.31	0.4681	0.6689	0.5	0.3841	0.874924
0.4547	0.457	0.4951	0.3336	0.3063	0.48	0.4526	0.3577	0.3309	1.45098
0.4484	0.4392	0.4399	0.3448	0.2532	0.2688	0.5955	0.4438	0.4663	1.22532
0.4547	0.4554	0.4694	0.367	0.3353	0.3841	0.6	0.4483	0.4069	0.674876
0.4105	0.4034	0.407	0.2643	0.1971	0.2059	0.8255	0.7047	0.6846	2.93003
0.4365	0.4309	0.4426	0.3483	0.2261	0.3014	0.8593	0.4783	0.5145	1.14486
0.4482	0.4405	0.4969	0.3683	0.3146	0.489	0.7516	0.5882	0.3961	0.649783
0.4589	0.4587	0.4612	0.3506	0.2716	0.2753	0.4495	0.29	0.2727	1.07769
0.432	0.4259	0.4438	0.3346	0.2432	0.3037	0.8476	0.561	0.5061	1.47736
0.4664	0.46	0.4573	0.3767	0.302	0.311	0.4301	0.3191	0.3632	0.425641
0.4225	0.4214	0.4188	0.31	0.2813	0.2365	0.8676	0.7353	0.625	2.0187
0.4472	0.4547	0.4885	0.332	0.3261	0.4587	0.5569	0.4311	0.4035	1.51696
0.4581	0.4627	0.4642	0.3536	0.3621	0.3281	0.4733	0.4333	0.32	0.99632
0.4384	0.433	0.436	0.3218	0.245	0.2316	0.6516	0.4903	0.4387	1.75096
0.4462	0.4483	0.4498	0.3343	0.3178	0.2357	0.5828	0.4901	0.3247	1.4604
0.4545	0.451	0.449	0.3624	0.2158	0.2332	0.5779	0.2975	0.329	0.790678
0.454	0.4496	0.4892	0.3565	0.2814	0.4567	0.5556	0.3889	0.3493	0.932252
0.4294	0.4263	0.4675	0.3323	0.2432	0.4105	0.8871	0.5565	0.629	1.5181
0.459	0.4594	0.456	0.3279	0.2381	0.2891	0.3817	0.2527	0.3387	1.58954
0.4474	0.4476	0.4463	0.3565	0.3068	0.2981	0.6809	0.4681	0.461	0.939264
0.4555	0.4587	0.487	0.3309	0.3293	0.4477	0.4342	0.3882	0.3487	1.51755
0.4522	0.4529	0.4932	0.3414	0.3173	0.4716	0.5176	0.4294	0.3235	1.29557
0.4423	0.4369	0.4824	0.3313	0.2795	0.4433	0.6327	0.5238	0.4762	1.53162
0.4332	0.4323	0.4396	0.3151	0.2919	0.2851	0.7059	0.6209	0.5065	1.90285
0.4576	0.449	0.4502	0.3834	0.2896	0.2991	0.65	0.4113	0.4184	0.253497
0.4279	0.4242	0.4256	0.2889	0.2365	0.2081	0.6718	0.5649	0.5	2.42964
0.4499	0.4472	0.4526	0.3415	0.2875	0.2815	0.5549	0.4268	0.3598	1.29625
0.4569	0.4557	0.496	0.3503	0.303	0.4825	0.479	0.3653	0.3054	1.08118
0.4744	0.4762	0.4753	0.4148	0.3615	0.3765	0.4713	0.242	0.2866	-0.60079
0.4369	0.4356	0.438	0.3227	0.2542	0.2733	0.6818	0.4812	0.4963	1.72254
0.4348	0.4301	0.4713	0.3068	0.215	0.408	0.6421	0.4684	0.5	2.089
0.4389	0.4318	0.471	0.329	0.2888	0.4077	0.679	0.6173	0.5062	1.59457
0.4634	0.4633	0.4723	0.3767	0.352	0.3909	0.485	0.3892	0.3832	0.425546
0.4822	0.4813	0.4888	0.4345	0.387	0.4194	0.4	0.2235	0.1765	-1.16425
0.4618	0.4623	0.4621	0.3874	0.3356	0.3117	0.5817	0.3595	0.3137	0.146711
0.4515	0.4452	0.463	0.3601	0.2749	0.3441	0.6229	0.4229	0.3714	0.854489
0.4529	0.4455	0.4651	0.3345	0.2462	0.3507	0.4819	0.3735	0.3614	1.44948
0.4444	0.4393	0.4668	0.3167	0.2764	0.385	0.5401	0.4891	0.4599	1.838
0.4452	0.4438	0.4481	0.3512	0.293	0.2394	0.6912	0.4779	0.3429	1.06555
0.4614	0.4614	0.4726	0.3712	0.3241	0.3522	0.4938	0.3438	0.2688	0.565758
0.4402	0.441	0.4343	0.3488	0.2859	0.253	0.7801	0.4931	0.493	1.13014
0.4713	0.4711	0.478	0.3786	0.3427	0.3387	0.3537	0.2683	0.189	0.371104
0.4649	0.4634	0.4685	0.3729	0.3112	0.3273	0.4402	0.2989	0.2717	0.523364
0.4578	0.457	0.458	0.3614	0.3277	0.3282	0.5125	0.4062	0.3938	0.811954
0.4251	0.4219	0.4664	0.3014	0.224	0.4033	0.7718	0.5638	0.5906	2.19779
0.4591	0.4547	0.4557	0.3593	0.2778	0.2532	0.4809	0.3333	0.2951	0.867541
0.4276	0.425	0.4874	0.2985	0.2474	0.4635	0.7169	0.5808	0.5449	2.26141
0.4347	0.4314	0.4787	0.3187	0.2876	0.4361	0.6985	0.6176	0.5368	1.81439
0.4591	0.458	0.4936	0.3542	0.303	0.4715	0.4602	0.3409	0.2955	0.988428
0.4623	0.4643	0.4746	0.3815	0.3466	0.3965	0.5315	0.3611	0.3636	0.301984
0.4406	0.4342	0.4825	0.3419	0.264	0.439	0.7241	0.5172	0.4276	1.29209
0.4459	0.4438	0.4551	0.336	0.2642	0.3385	0.596	0.4172	0.4636	1.42338
0.4497	0.4517	0.497	0.3384	0.3004	0.487	0.5449	0.4045	0.3115	1.3724
0.4505	0.4495	0.4979	0.3493	0.2813	0.4736	0.5819	0.3898	0.0887	1.11532
0.4554	0.4464	0.491	0.3371	0.2552	0.4675	0.4551	0.3782	0.3974	1.38212
0.4447	0.4468	0.4483	0.3277	0.2909	0.3013	0.5786	0.4383	0.4444	1.61323
0.4579	0.4616	0.4596	0.3448	0.2882	0.288	0.4444	0.284	0.3025	1.20435
0.4636	0.4612	0.4555	0.3823	0.304	0.3142	0.5099	0.3097	0.3907	0.281078
0.4705	0.4669	0.4864	0.3775	0.2205	0.4306	0.3631	0.1889	0.2611	0.401221
0.4351	0.4269	0.4563	0.3494	0.2952	0.251	0.9016	0.7131	0.2879	1.11585
0.4546	0.4595	0.4739	0.354	0.3283	0.3463	0.5325	0.3765	0.2428	0.996021
0.4591	0.4619	0.4955	0.3667	0.2823	0.4796	0.5133	0.2745	0.2885	0.67806
0.4522	0.4491	0.4934	0.3445	0.2888	0.4746	0.5305	0.4085	0.3598	1.22369
0.4365	0.4299	0.4633	0.3216	0.2645	0.3902	0.6824	0.5676	0.5676	1.75512
0.4674	0.4715	0.4875	0.3993	0.3152	0.4213	0.5338	0.2252	0.2053	-0.172372
0.4449	0.4394	0.4635	0.3338	0.2477	0.349	0.6014	0.4324	0.3784	1.47354
0.4811	0.477	0.4818	0.4256	0.3505	0.4028	0.369	0.2143	0.256	-0.899476
0.4712	0.4657	0.4736	0.4077	0.3101	0.375	0.5	0.2745	0.3072	-0.402688
0.4689	0.4647	0.4868	0.4088	0.3402	0.4423	0.5723	0.3396	0.3145	-0.437801
0.4264	0.4192	0.4154	0.3371	0.278	0.2598	1	0.7542	0.7373	1.41025
0.4654	0.4619	0.4746	0.3627	0.3245	0.3647	0.3934	0.3388	0.2678	0.774327
0.468	0.4659	0.4736	0.3799	0.2906	0.3303	0.414	0.2484	0.2229	0.339863
0.4407	0.4308	0.4325	0.3499	0.2531	0.2785	0.7761	0.5299	0.5746	1.10199
0.4266	0.4198	0.4694	0.3237	0.2709	0.4124	0.8803	0.7179	0.5897	1.71007
0.4422	0.4405	0.4813	0.3276	0.2487	0.4385	0.6176	0.4235	0.4647	1.62378
0.4684	0.4718	0.4747	0.4051	0.3138	0.3544	0.5548	0.2208	0.2468	-0.33276
0.4298	0.4228	0.4382	0.3116	0.2568	0.3089	0.744	0.632	0.6	1.96807
0.4437	0.4367	0.4941	0.3446	0.2382	0.4787	0.6795	0.4423	0.391	1.22867
0.4681	0.4685	0.468	0.3836	0.3133	0.3483	0.4293	0.2512	0.3171	0.247545
0.4634	0.4579	0.4834	0.3766	0.3066	0.4166	0.4839	0.3484	0.271	0.428644
0.4005	0.3918	0.4179	0.2863	0.2196	0.305	1.1429	0.916	0.9244	2.5187
0.4576	0.4536	0.4507	0.3566	0.303	0.3079	0.4938	0.3889	0.4321	0.929992
0.4485	0.4455	0.4653	0.3484	0.2896	0.3743	0.6124	0.4494	0.4382	1.14054
0.4426	0.4306	0.4896	0.3378	0.2353	0.4686	0.6623	0.4967	0.5099	1.38585
0.4566	0.459	0.4606	0.3834	0.3427	0.3455	0.6741	0.4222	0.4074	0.2541
0.447	0.4468	0.4644	0.3485	0.3121	0.3747	0.6397	0.4926	0.4559	1.12856
0.4631	0.4595	0.4725	0.3748	0.3383	0.3806	0.4804	0.4022	0.3408	0.476805
0.4288	0.4257	0.4315	0.2965	0.234	0.2624	0.6901	0.5439	0.5439	2.30099
0.4496	0.4467	0.4625	0.363	0.2655	0.3432	0.6797	0.3906	0.375	0.773863
0.4746	0.4776	0.4821	0.3891	0.3201	0.3253	0.3348	0.1739	0.1391	0.101206
0.4259	0.4196	0.4946	0.3155	0.2184	0.4854	0.8385	0.5758	0.5878	1.89352
0.4452	0.4424	0.4475	0.3393	0.3027	0.3103	0.6235	0.5215	0.4785	1.35196
0.4698	0.4696	0.4853	0.3736	0.3064	0.4286	0.3605	0.2326	0.2791	0.498812
0.4552	0.4562	0.4566	0.3425	0.3189	0.3015	0.4765	0.3933	0.3533	1.25802
0.483	0.4826	0.4935	0.4391	0.3887	0.4612	0.4118	0.2092	0.2092	-1.29375
0.4261	0.4251	0.4692	0.3081	0.2372	0.4001	0.7907	0.5564	0.4962	2.04797
0.4562	0.457	0.4515	0.3577	0.3114	0.2904	0.5215	0.3681	0.3865	0.90532
0.4515	0.4536	0.4685	0.3274	0.3102	0.3592	0.4768	0.404	0.3377	1.60226
0.4526	0.4453	0.4654	0.3755	0.2894	0.3803	0.7073	0.4516	0.464	0.458285
0.4543	0.4458	0.4916	0.3662	0.2961	0.4702	0.6039	0.461	0.4026	0.695447
0.4732	0.4695	0.4785	0.3965	0.3052	0.3718	0.3918	0.232	0.232	-0.0968854
0.4412	0.4329	0.4418	0.3416	0.248	0.3088	0.7097	0.4968	0.5484	1.30333
0.4596	0.4557	0.4658	0.3756	0.2889	0.3507	0.5532	0.3404	0.3511	0.458859
0.4669	0.4648	0.4815	0.3527	0.2884	0.392	0.3413	0.256	0.2321	1.0051
0.4445	0.4426	0.4498	0.3249	0.2439	0.316	0.569	0.3966	0.4655	1.68137
0.4596	0.4569	0.462	0.3643	0.3277	0.3109	0.4933	0.4067	0.3133	0.736621
0.4431	0.4402	0.4796	0.3236	0.2782	0.4309	0.5852	0.483	0.4489	1.71298
0.4643	0.4627	0.492	0.3692	0.2896	0.461	0.4337	0.2755	0.269	0.619618
0.4492	0.4515	0.4583	0.3629	0.3495	0.3168	0.6883	0.5649	0.3648	0.784204
0.4304	0.4329	0.4872	0.2883	0.2763	0.4603	0.6346	0.5641	0.4968	2.45281
0.4626	0.4623	0.4735	0.3668	0.3226	0.3743	0.453	0.3315	0.306	0.677331
0.4718	0.4632	0.4757	0.4035	0.2933	0.3885	0.4581	0.2756	0.3141	-0.287023
0.4457	0.4423	0.4656	0.3678	0.3345	0.3174	0.8092	0.6489	0.2857	0.65958
0.4573	0.4549	0.4932	0.3445	0.2658	0.4728	0.4526	0.3158	0.3421	1.22185
0.4519	0.4609	0.4865	0.3585	0.3668	0.4493	0.6056	0.4825	0.3819	0.885919
0.4549	0.4537	0.4816	0.3597	0.3123	0.4137	0.5556	0.4074	0.2976	0.856271
0.4495	0.4434	0.4961	0.3564	0.2458	0.4861	0.6392	0.3924	0.3987	0.94354
0.447	0.4481	0.4508	0.3244	0.2757	0.2938	0.5305	0.3939	0.4	1.68309
0.431	0.4306	0.4658	0.3027	0.2931	0.4026	0.6824	0.6486	0.6014	2.16105
0.4672	0.4621	0.4826	0.3847	0.3306	0.4165	0.452	0.3503	0.2881	0.218885
0.4554	0.4455	0.4559	0.3456	0.2846	0.3384	0.4839	0.4387	0.4516	1.18903
0.4474	0.4426	0.4451	0.3501	0.2829	0.2298	0.6429	0.4675	0.3571	1.09599
0.478	0.4756	0.4784	0.4206	0.3748	0.2958	0.4167	0.2778	0.1492	-0.764789
0.4771	0.4746	0.493	0.4123	0.3771	0.4678	0.3892	0.2976	0.2857	-0.526156
0.4521	0.4572	0.4685	0.3511	0.3559	0.3925	0.5629	0.497	0.4671	1.06872
0.463	0.4529	0.4757	0.3858	0.3404	0.4065	0.5436	0.5034	0.3893	0.188694
0.4348	0.4312	0.4769	0.3071	0.2563	0.429	0.6429	0.5325	0.5195	2.06815
0.4615	0.4592	0.4634	0.374	0.3372	0.3293	0.5066	0.4026	0.3312	0.494453
0.4512	0.4452	0.4836	0.3723	0.3013	0.4477	0.7153	0.4818	0.4818	0.542687
0.4261	0.4209	0.4397	0.318	0.2812	0.3321	0.8514	0.7432	0.6824	1.84803
0.456	0.4583	0.4631	0.3796	0.2972	0.3383	0.6599	0.3289	0.3557	0.353612
0.4502	0.4473	0.4934	0.3578	0.2802	0.4768	0.6335	0.4107	0.4107	0.907866
0.4713	0.4692	0.4922	0.3801	0.3247	0.4632	0.3584	0.2601	0.2775	0.334694
0.4395	0.4373	0.433	0.3358	0.3174	0.2757	0.707	0.6497	0.5605	1.43779
0.434	0.4321	0.4932	0.3293	0.2437	0.4784	0.7722	0.4969	0.4658	1.59216
0.4667	0.4636	0.4651	0.388	0.3424	0.3065	0.479	0.3593	0.2754	0.131884
0.423	0.4231	0.4256	0.2874	0.2714	0.2931	0.7376	0.6738	0.7234	2.47432
0.4342	0.4287	0.4479	0.3477	0.2495	0.316	0.9085	0.5448	0.4897	1.16233
0.4406	0.4302	0.482	0.3359	0.2044	0.4411	0.6871	0.4527	0.4662	1.43056
0.4396	0.4392	0.4416	0.2934	0.2413	0.2718	0.5291	0.4244	0.4535	2.34402
0.4344	0.4337	0.4308	0.3157	0.2648	0.2336	0.6885	0.5243	0.4919	1.89938
0.4474	0.4442	0.4466	0.34	0.266	0.2587	0.5893	0.4167	0.381	1.33516
0.4617	0.4594	0.4958	0.3691	0.3044	0.4754	0.4786	0.3286	0.2138	0.614523
0.444	0.4523	0.4529	0.3126	0.3073	0.3234	0.5316	0.4125	0.4465	1.93743
0.4465	0.4404	0.4459	0.3426	0.2643	0.2637	0.6181	0.4514	0.3958	1.26859
0.4659	0.4752	0.4727	0.3728	0.3446	0.3661	0.4216	0.2263	0.2973	0.524141
0.4495	0.4473	0.4484	0.3428	0.2933	0.206	0.5679	0.4383	0.3086	1.26477
0.4535	0.4502	0.4496	0.3491	0.2904	0.2436	0.5297	0.4	0.3351	1.11848
0.4596	0.4582	0.4629	0.355	0.2998	0.3273	0.4545	0.3333	0.3333	0.963972
0.4523	0.4448	0.4464	0.3463	0.2593	0.2686	0.5372	0.3989	0.3989	1.18742
0.4618	0.4585	0.4646	0.3981	0.2509	0.3338	0.6712	0.2703	0.3265	-0.140845
0.4621	0.4632	0.4691	0.3698	0.2683	0.3039	0.4744	0.2484	0.2342	0.600827
0.4641	0.4643	0.4637	0.3357	0.2877	0.2599	0.337	0.2597	0.2376	1.40329
0.4763	0.4748	0.4694	0.404	0.3244	0.335	0.3626	0.2047	0.2749	-0.296027
0.4555	0.4574	0.4591	0.3521	0.2992	0.2759	0.5083	0.3407	0.2912	1.04442
0.4682	0.4668	0.4939	0.3889	0.3431	0.4737	0.4533	0.32	0.3113	0.105505
0.4633	0.4438	0.4944	0.3982	0.3139	0.4788	0.6294	0.5385	0.3655	-0.142051
0.4401	0.4373	0.4407	0.313	0.2612	0.2807	0.5889	0.4778	0.4833	1.94666
0.4426	0.4421	0.4664	0.3457	0.3001	0.379	0.7092	0.5177	0.4397	1.20014
0.4679	0.4648	0.4685	0.3872	0.3422	0.3453	0.4494	0.3427	0.3039	0.152184
0.4638	0.4624	0.4834	0.3685	0.3362	0.4336	0.4402	0.3587	0.3587	0.635595
0.4459	0.4438	0.4771	0.3554	0.2886	0.4133	0.7047	0.4667	0.3947	0.968522
0.4499	0.4524	0.4507	0.3467	0.2965	0.2337	0.5792	0.388	0.3152	1.18066
0.476	0.48	0.4813	0.4001	0.3843	0.3737	0.3514	0.2366	0.1989	-0.191261
0.4571	0.4458	0.46	0.3715	0.3047	0.338	0.5796	0.4841	0.3949	0.563107
0.4405	0.431	0.4416	0.3278	0.2425	0.2917	0.6463	0.5061	0.5	1.62051
0.4556	0.4582	0.4593	0.3523	0.3257	0.3139	0.508	0.385	0.3476	1.0392
0.4401	0.4385	0.4473	0.3061	0.2742	0.3045	0.5634	0.493	0.4648	2.07086
0.4486	0.4443	0.4591	0.3428	0.2519	0.3184	0.5821	0.393	0.3582	1.27753
0.4571	0.464	0.4887	0.3785	0.3685	0.4617	0.625	0.4375	0.4375	0.383596
0.4505	0.4527	0.4506	0.3669	0.3234	0.2838	0.6886	0.4491	0.3832	0.685159
0.4522	0.4458	0.4829	0.373	0.2771	0.441	0.6957	0.4203	0.4348	0.525817
0.4661	0.4701	0.4702	0.3797	0.3738	0.3549	0.4483	0.3563	0.3046	0.348023
0.4622	0.4657	0.4819	0.3506	0.3173	0.4189	0.4012	0.2849	0.314	1.06673
0.4237	0.415	0.4187	0.2983	0.2147	0.2303	0.7784	0.6168	0.6108	2.27172
0.4529	0.4515	0.4562	0.352	0.2463	0.3163	0.5526	0.3224	0.3882	1.04259
0.472	0.4722	0.4718	0.3926	0.3303	0.3029	0.3955	0.2373	0.209	0.00955174
0.4658	0.459	0.4677	0.3851	0.3132	0.3395	0.4803	0.3487	0.3026	0.20802
0.4474	0.4435	0.4805	0.3283	0.2872	0.4311	0.5394	0.4667	0.4242	1.59766
0.4172	0.4135	0.4119	0.3249	0.2749	0.2769	1.1081	0.8288	0.8649	1.69395
0.438	0.4312	0.4778	0.3324	0.2984	0.4311	0.7143	0.6617	0.5113	1.50827
0.4559	0.4669	0.478	0.378	0.3492	0.3921	0.6486	0.3333	0.2885	0.396154
0.4435	0.4376	0.4541	0.3534	0.2905	0.3208	0.7432	0.5467	0.4238	1.01891
0.4182	0.419	0.4627	0.2736	0.2642	0.3985	0.75	0.7031	0.6484	2.73464
0.4645	0.4605	0.4715	0.3699	0.2704	0.383	0.4333	0.2733	0.3667	0.593918
0.4695	0.4693	0.4675	0.3797	0.3213	0.3048	0.3886	0.2542	0.25	0.34505
0.4518	0.4491	0.4967	0.3545	0.2975	0.4688	0.5839	0.4267	0.1214	0.983881
0.449	0.4456	0.4782	0.3513	0.3025	0.4196	0.6183	0.4809	0.406	1.05738
0.4552	0.4549	0.4819	0.3393	0.3089	0.4308	0.465	0.3861	0.3797	1.33473
0.4577	0.4669	0.4751	0.3672	0.3655	0.3793	0.5417	0.3795	0.2965	0.674938
0.4712	0.464	0.4973	0.4098	0.3284	0.4837	0.5161	0.3226	0.2013	-0.461516
0.4375	0.4347	0.4608	0.3225	0.2997	0.3719	0.6705	0.6163	0.5087	1.74299
0.4245	0.4251	0.4413	0.3103	0.2762	0.3143	0.8322	0.6643	0.5764	2.01335
0.4523	0.4493	0.4715	0.3524	0.3071	0.3909	0.5652	0.4472	0.3975	1.03565
0.4655	0.4571	0.4875	0.4005	0.3292	0.4505	0.5921	0.4079	0.3553	-0.20522
0.4524	0.4512	0.4543	0.3441	0.2341	0.2761	0.526	0.3121	0.3353	1.23337
0.4603	0.4564	0.4633	0.3639	0.3053	0.3235	0.4795	0.3626	0.3216	0.750724
0.4543	0.4548	0.4572	0.3469	0.272	0.2741	0.5062	0.325	0.3062	1.16337
0.4518	0.4568	0.4763	0.3506	0.345	0.414	0.5641	0.4615	0.4167	1.07866
0.4498	0.4476	0.4946	0.3419	0.2937	0.4793	0.5578	0.4354	0.3605	1.28122
0.4388	0.4286	0.4693	0.3566	0.2663	0.3605	0.8784	0.5878	0.3292	0.946342
0.4668	0.4686	0.467	0.3818	0.3244	0.3088	0.4451	0.2663	0.2604	0.292858
0.4513	0.4465	0.474	0.346	0.3021	0.407	0.5513	0.4679	0.4295	1.18706
0.4399	0.4371	0.465	0.3251	0.2743	0.3806	0.6424	0.5091	0.4727	1.68036
0.4742	0.4753	0.4828	0.4204	0.3424	0.3715	0.5226	0.2215	0.1772	-0.763476
0.4256	0.4228	0.418	0.3142	0.234	0.2218	0.8345	0.5743	0.6	1.92974
0.4616	0.4627	0.4707	0.3838	0.2937	0.353	0.5625	0.2812	0.2938	0.24264
0.454	0.4549	0.4589	0.3586	0.2697	0.3074	0.5669	0.3208	0.3396	0.884181
0.4345	0.4339	0.4289	0.3178	0.2998	0.2462	0.6972	0.6268	0.5352	1.83784
0.4392	0.4376	0.4779	0.3239	0.2797	0.428	0.649	0.5166	0.4768	1.70179
0.4654	0.4638	0.4621	0.3737	0.3603	0.2634	0.4337	0.4096	0.253	0.499339
0.4418	0.4444	0.4905	0.3165	0.2894	0.4677	0.5775	0.4615	0.4336	1.8527
0.429	0.4271	0.4282	0.3256	0.2709	0.2477	0.8456	0.62	0.5467	1.67713
0.4487	0.4469	0.4818	0.3603	0.3135	0.4386	0.6815	0.4963	0.4485	0.842638
0.4684	0.4634	0.4804	0.4151	0.3024	0.409	0.6503	0.2857	0.3032	-0.614202
0.4459	0.4503	0.4942	0.3252	0.3033	0.4791	0.5494	0.4259	0.3889	1.66671
0.4383	0.4366	0.459	0.3158	0.2802	0.3739	0.6275	0.5294	0.5556	1.87831
0.4471	0.4429	0.4428	0.34	0.264	0.2438	0.5938	0.4259	0.3951	1.33342
0.4395	0.4346	0.4549	0.3428	0.2692	0.3661	0.7518	0.5255	0.5912	1.27166
0.4563	0.4559	0.4669	0.3543	0.3184	0.3375	0.5061	0.3963	0.3072	0.985153
0.4366	0.4379	0.4766	0.3348	0.2615	0.4291	0.7554	0.4718	0.5324	1.45905
0.4656	0.4699	0.4685	0.3241	0.3274	0.3037	0.2971	0.2571	0.24	1.64346
0.4528	0.4488	0.45	0.344	0.2902	0.2697	0.5183	0.4146	0.3659	1.23231
0.4572	0.4579	0.4628	0.3638	0.2925	0.3071	0.534	0.3246	0.2984	0.759143
0.4504	0.4543	0.452	0.3119	0.2557	0.2528	0.4463	0.309	0.3258	1.94801
0.4584	0.4556	0.4788	0.3516	0.3112	0.4151	0.4611	0.3832	0.3653	1.04775
0.4435	0.4372	0.4488	0.3462	0.2362	0.3074	0.6948	0.4351	0.4545	1.19081
0.4304	0.4237	0.4823	0.3091	0.1991	0.4449	0.7218	0.5038	0.5038	2.02298
0.4436	0.4436	0.4497	0.3083	0.2711	0.3025	0.5229	0.4314	0.4314	2.02518
0.4325	0.4302	0.4334	0.3325	0.3036	0.2892	0.8235	0.6993	0.5962	1.52149
0.4326	0.438	0.4896	0.3105	0.3008	0.4671	0.6933	0.5733	0.48	1.99986
0.47	0.467	0.474	0.3882	0.3227	0.361	0.4146	0.2805	0.2683	0.123974
0.4418	0.4356	0.4384	0.3513	0.2688	0.2953	0.7643	0.5127	0.5506	1.07342
0.4421	0.4378	0.4885	0.3488	0.26	0.4607	0.7388	0.4701	0.4328	1.12543
0.4443	0.4429	0.4674	0.3135	0.328	0.3813	0.5308	0.6077	0.4308	1.90113
0.4209	0.4207	0.4237	0.3089	0.2314	0.2513	0.8905	0.5912	0.6058	2.04459
0.4736	0.4705	0.4902	0.367	0.362	0.4567	0.2874	0.3174	0.3054	0.652113
0.4759	0.4766	0.4963	0.3922	0.3248	0.4719	0.3228	0.1875	0.1562	0.019968
0.4513	0.4497	0.4438	0.3527	0.3125	0.236	0.5839	0.4564	0.3758	1.02706
0.4451	0.4449	0.4423	0.3293	0.2632	0.2551	0.578	0.4046	0.4162	1.58281
0.4633	0.459	0.4901	0.3742	0.3048	0.4512	0.4744	0.3333	0.2675	0.488507
0.4705	0.4689	0.4708	0.3738	0.2629	0.2687	0.3505	0.2	0.1897	0.496085
0.4343	0.4258	0.4927	0.3277	0.2402	0.4783	0.7556	0.5556	0.5185	1.62
0.459	0.4596	0.4616	0.3708	0.3168	0.3042	0.5375	0.35	0.3062	0.579243
0.4486	0.4432	0.4666	0.3414	0.2976	0.3788	0.5767	0.4969	0.4356	1.29871
0.4384	0.431	0.4884	0.3493	0.2523	0.4663	0.8235	0.526	0.5455	1.12355
0.4206	0.422	0.4226	0.2745	0.2448	0.2561	0.7193	0.6082	0.6316	2.74052
0.4555	0.4577	0.4576	0.3457	0.344	0.3174	0.4835	0.4451	0.3736	1.19525
0.4431	0.4415	0.4627	0.3161	0.2623	0.3811	0.5563	0.4366	0.5211	1.85763
0.462	0.4666	0.4641	0.3793	0.3644	0.2789	0.5251	0.3799	0.2514	0.361692
0.4342	0.4189	0.4514	0.3534	0.2554	0.3702	0.9649	0.6754	0.693	1.01929
0.466	0.4638	0.4649	0.3778	0.3278	0.2658	0.4414	0.3241	0.2329	0.394444
0.4538	0.4458	0.4787	0.3544	0.2729	0.426	0.5484	0.4129	0.4387	0.98404
0.4527	0.4431	0.4732	0.3582	0.3157	0.4042	0.5882	0.5556	0.4314	0.895171
0.4365	0.4362	0.4772	0.302	0.2724	0.4311	0.5988	0.515	0.5329	2.17468
0.4445	0.4358	0.4705	0.3546	0.2428	0.3906	0.7292	0.4583	0.4167	0.987967
0.4521	0.4561	0.4574	0.3717	0.3394	0.3133	0.6892	0.4527	0.3677	0.559077
0.4621	0.4619	0.4626	0.3581	0.2919	0.2933	0.4278	0.2857	0.2818	0.8917
0.4591	0.4507	0.4766	0.3719	0.2656	0.4078	0.5414	0.3536	0.3757	0.553043
0.4571	0.4538	0.4821	0.3631	0.2623	0.4301	0.5333	0.3212	0.3697	0.772085
0.447	0.4476	0.4436	0.3215	0.2914	0.2634	0.5198	0.4302	0.4181	1.75166
0.4481	0.4434	0.4404	0.3285	0.2904	0.1832	0.5301	0.4759	0.3494	1.59241
0.4653	0.4666	0.4883	0.3788	0.3534	0.4454	0.4581	0.3484	0.2885	0.369987
0.4516	0.451	0.4877	0.3545	0.2949	0.4528	0.5879	0.4	0.3697	0.986774
0.4603	0.4625	0.4954	0.3816	0.3715	0.4755	0.575	0.475	0.2393	0.300648
0.4677	0.4669	0.4684	0.384	0.2493	0.3291	0.4387	0.2051	0.2756	0.23603
0.4488	0.4617	0.448	0.3424	0.2929	0.2902	0.5764	0.2897	0.4236	1.26937
0.437	0.4371	0.4627	0.3344	0.237	0.3848	0.7464	0.4366	0.5435	1.46764
0.4556	0.4566	0.4533	0.3562	0.3185	0.2249	0.525	0.3875	0.2875	0.94177
0.4603	0.4592	0.4834	0.3756	0.2918	0.4276	0.5393	0.3109	0.3212	0.459779
0.4577	0.4574	0.4581	0.3429	0.306	0.2837	0.4412	0.3529	0.3099	1.25211
0.4212	0.4226	0.4687	0.318	0.2584	0.4185	0.9504	0.6389	0.6809	1.85167
0.4706	0.4701	0.4674	0.3886	0.3344	0.3199	0.4046	0.2659	0.2717	0.114065
0.4637	0.4597	0.4588	0.3767	0.3172	0.2857	0.4785	0.3495	0.3065	0.427681
0.4616	0.4599	0.4903	0.3642	0.2968	0.463	0.4586	0.3121	0.3694	0.738115
0.4503	0.4509	0.4532	0.3172	0.2965	0.3261	0.4624	0.4046	0.4503	1.83399
0.4581	0.4542	0.4538	0.3658	0.2833	0.2911	0.5284	0.3466	0.3636	0.707594
0.4582	0.4625	0.491	0.3509	0.3268	0.4648	0.4615	0.3373	0.355	1.06613
0.4627	0.4628	0.4886	0.3841	0.3267	0.4393	0.5399	0.3333	0.2456	0.236021
0.4648	0.4776	0.4816	0.3838	0.4019	0.417	0.4941	0.3294	0.3118	0.241377
0.4444	0.4423	0.4512	0.3051	0.2551	0.3002	0.5034	0.4161	0.4094	2.08574
0.4334	0.4326	0.437	0.3086	0.2649	0.2844	0.6711	0.5369	0.5369	2.03727
0.4364	0.4351	0.4496	0.3101	0.3089	0.3141	0.6319	0.6458	0.4621	1.99727
0.4162	0.4139	0.4136	0.289	0.2489	0.2624	0.8561	0.7197	0.7727	2.45104
0.4434	0.4548	0.4817	0.3252	0.3462	0.4349	0.5882	0.4967	0.4183	1.66718
0.4597	0.4609	0.4575	0.3748	0.3513	0.3239	0.5455	0.4221	0.3896	0.47518
0.4422	0.4374	0.4409	0.3356	0.2575	0.2489	0.6566	0.4699	0.4201	1.44158
0.4399	0.4407	0.4342	0.3269	0.2969	0.225	0.6514	0.5257	0.4457	1.64274
0.4489	0.4434	0.4484	0.3302	0.2766	0.2777	0.5247	0.4444	0.3951	1.55267
0.4334	0.429	0.4913	0.3084	0.2376	0.4738	0.6705	0.517	0.5114	2.05241
0.4274	0.4252	0.4276	0.273	0.2356	0.2616	0.6221	0.5523	0.5872	2.75566
0.4633	0.4608	0.4662	0.3565	0.307	0.3312	0.4031	0.3194	0.3037	0.929696
0.4461	0.4558	0.4365	0.3397	0.3504	0.2482	0.6108	0.497	0.4611	1.34347
0.4425	0.4373	0.4561	0.328	0.2759	0.3469	0.6148	0.5111	0.4779	1.59884
0.4561	0.4541	0.4932	0.3598	0.2781	0.4752	0.5346	0.3396	0.3836	0.853805
0.4446	0.4465	0.4434	0.3473	0.3316	0.3019	0.68	0.5667	0.5067	1.16373
0.4663	0.4658	0.4655	0.3646	0.3341	0.2807	0.3856	0.3137	0.2418	0.7217
0.4409	0.437	0.4728	0.3304	0.2728	0.4107	0.6524	0.5061	0.4817	1.56134
0.4536	0.4518	0.479	0.3525	0.2751	0.4194	0.543	0.3576	0.3841	1.03034
0.4665	0.4646	0.4661	0.3731	0.3196	0.3255	0.4125	0.3	0.2938	0.513959
0.4357	0.4333	0.4355	0.3157	0.257	0.2803	0.6667	0.5116	0.5426	1.87233
0.4647	0.4655	0.4971	0.3674	0.349	0.4714	0.4211	0.3506	0.1173	0.65399
0.4683	0.4682	0.4795	0.3968	0.3327	0.3618	0.4971	0.2832	0.2023	-0.103874
0.4417	0.4421	0.4858	0.2898	0.2398	0.4511	0.494	0.3952	0.4311	2.40548
0.4404	0.435	0.4452	0.3638	0.258	0.3459	0.9106	0.4959	0.6585	0.761829
0.4525	0.4487	0.4819	0.3673	0.3265	0.4391	0.6479	0.5141	0.4507	0.669734
0.4426	0.4413	0.4862	0.3465	0.269	0.4494	0.7134	0.4512	0.3963	1.18733
0.4427	0.4476	0.4462	0.3192	0.2842	0.2246	0.5745	0.4149	0.3421	1.813
0.4385	0.4369	0.4919	0.303	0.2696	0.4747	0.5743	0.5	0.4797	2.14182
0.4635	0.4557	0.4695	0.3806	0.3066	0.2917	0.5027	0.373	0.2188	0.328181
0.4494	0.4493	0.45	0.3425	0.279	0.238	0.5674	0.3876	0.3258	1.27612
0.4556	0.4531	0.4782	0.3426	0.2148	0.3993	0.4703	0.2811	0.3081	1.26825
0.4563	0.4581	0.4947	0.3598	0.3395	0.4778	0.5298	0.4238	0.3226	0.851136
0.4472	0.4478	0.4576	0.3561	0.314	0.3229	0.6826	0.4852	0.386	0.954607
0.4372	0.4349	0.4357	0.2998	0.2632	0.2448	0.581	0.5084	0.4637	2.22412
0.4501	0.4496	0.4841	0.35	0.321	0.4447	0.5918	0.483	0.4286	1.09125
0.4325	0.424	0.4757	0.3155	0.21	0.4284	0.7194	0.518	0.554	1.88933
0.4668	0.4667	0.4697	0.385	0.3152	0.3356	0.4612	0.2718	0.2718	0.211896
0.447	0.4417	0.4703	0.3383	0.2964	0.396	0.5872	0.5116	0.4477	1.37559
0.4587	0.4593	0.4597	0.3504	0.3237	0.2823	0.452	0.3672	0.2938	1.07806
0.458	0.4531	0.4653	0.3743	0.3066	0.3649	0.5782	0.4014	0.4014	0.490027
0.4712	0.4703	0.4703	0.3941	0.357	0.3487	0.419	0.3073	0.2889	-0.0315757
0.4562	0.4523	0.4549	0.3549	0.3137	0.3043	0.5098	0.4286	0.3766	0.969307
0.4745	0.4731	0.4952	0.4104	0.337	0.476	0.439	0.2378	0.2561	-0.476606
0.469	0.4672	0.487	0.3914	0.3352	0.442	0.45	0.3	0.3062	0.0417792
0.4672	0.4666	0.4721	0.3832	0.3327	0.3527	0.443	0.302	0.2752	0.256431
0.4319	0.4289	0.4314	0.2987	0.2392	0.2332	0.6527	0.521	0.485	2.24969
0.4385	0.4347	0.4314	0.3481	0.3032	0.2686	0.8108	0.6284	0.5608	1.15018
0.48	0.4797	0.4892	0.4101	0.3621	0.4219	0.3149	0.2011	0.1739	-0.46192
0.458	0.4586	0.4689	0.3542	0.2998	0.3694	0.4774	0.329	0.3613	0.983541
0.4332	0.4198	0.4742	0.327	0.2255	0.4296	0.7721	0.5882	0.625	1.63685
0.443	0.4381	0.4751	0.3351	0.2832	0.4275	0.64	0.52	0.5667	1.44818
0.4542	0.449	0.4691	0.3532	0.2759	0.3716	0.5366	0.3854	0.3659	1.02485
0.4566	0.4528	0.4719	0.357	0.3172	0.3939	0.5127	0.4304	0.4051	0.918721
0.4758	0.4784	0.4879	0.4077	0.3936	0.4299	0.3933	0.2865	0.2247	-0.400655
0.4241	0.418	0.4533	0.2993	0.2464	0.35	0.7778	0.6605	0.537	2.24808
0.4481	0.4466	0.4856	0.3345	0.2661	0.4497	0.5536	0.3929	0.4226	1.45959
0.4245	0.4152	0.4519	0.3118	0.216	0.3677	0.8408	0.6178	0.6624	1.98665
0.4395	0.4402	0.4371	0.341	0.2994	0.2201	0.7391	0.5404	0.4136	1.32095
0.4399	0.4403	0.4558	0.3407	0.2742	0.3628	0.7297	0.4733	0.5541	1.32266
0.4589	0.4599	0.4905	0.3862	0.315	0.4618	0.6429	0.3429	0.3429	0.179014
0.4572	0.4579	0.4559	0.3513	0.3469	0.3089	0.4783	0.4511	0.375	1.06137
0.4457	0.4432	0.4447	0.3326	0.2438	0.2759	0.5833	0.391	0.4295	1.50095
0.4626	0.4612	0.4641	0.3677	0.3168	0.312	0.4565	0.3315	0.2935	0.65497
0.4432	0.4507	0.4866	0.3009	0.3291	0.4487	0.506	0.494	0.3735	2.18401
0.4604	0.4634	0.4845	0.3612	0.2873	0.4394	0.4663	0.2667	0.3659	0.814387
0.4606	0.4575	0.4642	0.3817	0.3036	0.3314	0.5704	0.3472	0.3264	0.296964
0.4499	0.4479	0.4859	0.3076	0.2858	0.4465	0.4416	0.4156	0.3766	2.02356
0.4272	0.4203	0.4825	0.3098	0.2437	0.447	0.7794	0.625	0.5221	2.0155
0.4358	0.4288	0.4434	0.3155	0.2473	0.2922	0.6645	0.5395	0.4803	1.88989
0.4646	0.4571	0.498	0.3902	0.2926	0.4693	0.5374	0.3333	0.0732	0.0736569
0.4586	0.4566	0.458	0.326	0.2155	0.2921	0.3816	0.256	0.3237	1.64077
0.4722	0.4722	0.4787	0.3805	0.3303	0.3559	0.3465	0.2376	0.203	0.325125
0.4475	0.4426	0.4466	0.3516	0.2723	0.2394	0.65	0.4444	0.3556	1.06461
0.4763	0.4735	0.4768	0.3904	0.3229	0.305	0.3106	0.2152	0.1688	0.0670591
0.4436	0.443	0.4776	0.3241	0.2419	0.4266	0.58	0.3907	0.4737	1.69061
0.4375	0.4429	0.4388	0.3355	0.3013	0.297	0.7429	0.5114	0.5511	1.45172
0.4645	0.4611	0.469	0.3805	0.3268	0.3454	0.4817	0.3537	0.2988	0.328362
0.4558	0.4581	0.4899	0.3539	0.2349	0.4526	0.5123	0.2593	0.284	0.996682
0.4541	0.4516	0.4534	0.3764	0.3159	0.2575	0.6788	0.442	0.3188	0.436796
0.4685	0.4641	0.4718	0.3731	0.3134	0.2617	0.3795	0.2952	0.1775	0.511772
0.4706	0.4695	0.4766	0.3956	0.3358	0.3506	0.4396	0.2747	0.2198	-0.0709912
0.4767	0.4776	0.4789	0.4108	0.3553	0.3326	0.3882	0.2151	0.1744	-0.484662
0.4628	0.4624	0.4797	0.378	0.3411	0.4029	0.503	0.3713	0.2934	0.392307
0.4605	0.4598	0.4788	0.3613	0.2964	0.4036	0.465	0.3121	0.3121	0.811236
0.4324	0.4282	0.4735	0.3373	0.2921	0.4263	0.86	0.68	0.6067	1.4108
0.448	0.4435	0.498	0.34	0.2829	0.4808	0.5786	0.4571	0.121	1.32508
0.4496	0.4485	0.4549	0.3752	0.3268	0.3447	0.7801	0.5177	0.4894	0.470671
0.4478	0.4431	0.4935	0.3329	0.2647	0.4767	0.5517	0.4253	0.3966	1.49716
0.4521	0.4378	0.451	0.3687	0.2984	0.345	0.6667	0.5691	0.5528	0.631054
0.4566	0.459	0.4613	0.3277	0.3168	0.2909	0.4109	0.3564	0.2906	1.60683
0.4522	0.4522	0.473	0.3451	0.3228	0.3984	0.5337	0.454	0.4049	1.20858
0.4332	0.4291	0.4361	0.3131	0.2821	0.2881	0.6957	0.6304	0.558	1.93664
0.4315	0.4245	0.4955	0.3163	0.2291	0.4857	0.741	0.5468	0.4714	1.87206
0.4518	0.4485	0.4855	0.3353	0.3072	0.4413	0.5	0.4571	0.3483	1.4381
0.4632	0.4483	0.4943	0.403	0.2921	0.481	0.6788	0.4234	0.438	-0.274367
0.4307	0.4303	0.4249	0.3299	0.32	0.2442	0.8417	0.7833	0.575	1.5686
0.4508	0.4539	0.4915	0.3499	0.2892	0.467	0.5786	0.3598	0.3598	1.09761
0.456	0.4541	0.4513	0.3768	0.3148	0.3035	0.6374	0.4094	0.4152	0.427704
0.4745	0.471	0.4727	0.3987	0.3542	0.3544	0.375	0.2917	0.2708	-0.155645
0.4226	0.4219	0.4177	0.3204	0.2558	0.1917	0.9394	0.6391	0.5489	1.79504
0.4447	0.4457	0.457	0.3355	0.2912	0.3278	0.6127	0.4507	0.4056	1.43147
0.4686	0.4644	0.4713	0.3785	0.3282	0.349	0.3977	0.3182	0.2784	0.377914
0.4452	0.4512	0.4548	0.3649	0.3388	0.3125	0.7969	0.5231	0.3955	0.731479
0.4544	0.4618	0.4538	0.3447	0.3346	0.2905	0.4968	0.3631	0.3631	1.21323
0.4545	0.4522	0.4584	0.3356	0.3017	0.3082	0.4615	0.4011	0.3462	1.42867
0.4485	0.4409	0.4524	0.3792	0.291	0.3192	0.8503	0.5065	0.4416	0.3683
0.4688	0.4701	0.4691	0.3982	0.3452	0.3279	0.4938	0.2848	0.2667	-0.14345
0.4236	0.4181	0.4409	0.3193	0.2954	0.3405	0.9104	0.8582	0.709	1.81815
0.459	0.454	0.4837	0.3527	0.3078	0.4363	0.4564	0.3946	0.3673	1.01575
0.429	0.4206	0.4273	0.3028	0.2173	0.2681	0.7143	0.5639	0.609	2.154
0.4396	0.4404	0.4425	0.3246	0.3002	0.2817	0.646	0.5404	0.4658	1.69003
0.4299	0.4288	0.4264	0.3278	0.2939	0.2257	0.8425	0.6781	0.5205	1.62665
0.4448	0.4409	0.4471	0.3432	0.2732	0.2768	0.6516	0.4645	0.4065	1.26009
0.4581	0.4569	0.4612	0.3682	0.3289	0.3213	0.5398	0.4101	0.3409	0.647216
0.4601	0.4668	0.481	0.3662	0.3221	0.3898	0.4942	0.2816	0.2343	0.694353
0.4308	0.4253	0.4286	0.3224	0.2598	0.2713	0.7895	0.609	0.6015	1.73903
0.4519	0.4551	0.4565	0.3557	0.2728	0.3126	0.5893	0.3235	0.3765	0.959921
0.4652	0.4649	0.4854	0.3771	0.3575	0.4217	0.4521	0.383	0.25	0.415976
0.4541	0.452	0.4536	0.3417	0.3014	0.2996	0.4892	0.4029	0.3813	1.27416
0.4651	0.4622	0.4763	0.369	0.3566	0.3978	0.4204	0.4204	0.3376	0.61525
0.4536	0.4522	0.4665	0.3454	0.302	0.3414	0.5123	0.4012	0.321	1.19868
0.4454	0.4445	0.4777	0.342	0.2973	0.4243	0.6333	0.48	0.4533	1.28723
0.4543	0.4514	0.4807	0.3632	0.3317	0.4285	0.5857	0.4929	0.4	0.766718
0.4679	0.4676	0.4761	0.3833	0.3295	0.3481	0.4304	0.2848	0.2215	0.2542
0.4592	0.4546	0.4581	0.3732	0.3016	0.3147	0.5464	0.375	0.3622	0.520863
0.46	0.4623	0.4649	0.3446	0.3696	0.3661	0.4133	0.4698	0.4133	1.20146
0.4345	0.4225	0.4246	0.3307	0.2416	0.2483	0.7712	0.5948	0.5882	1.55966
0.4344	0.4335	0.4898	0.3005	0.2558	0.4651	0.6234	0.5065	0.4286	2.20241
0.4478	0.4529	0.4681	0.3433	0.3145	0.4006	0.5987	0.4221	0.5263	1.25358
0.4523	0.4489	0.468	0.3434	0.3024	0.3762	0.5238	0.4405	0.3988	1.24859
0.456	0.4527	0.4539	0.3535	0.3256	0.2725	0.5064	0.4551	0.3333	1.00425
0.4532	0.4493	0.4533	0.3234	0.2504	0.2929	0.4423	0.3462	0.3718	1.68702
0.4517	0.4515	0.494	0.3475	0.3047	0.4782	0.5519	0.4162	0.3838	1.15731
0.4374	0.4793	0.4703	0.3336	0.4327	0.4032	0.7324	0.4789	0.493	1.48615
0.4506	0.4487	0.495	0.327	0.281	0.4804	0.4892	0.3978	0.3441	1.62852
0.45	0.444	0.4756	0.3845	0.2859	0.4254	0.8705	0.4583	0.5278	0.226424
0.4506	0.4519	0.4784	0.3426	0.3272	0.4119	0.5484	0.471	0.3567	1.26713
0.4739	0.4771	0.4833	0.3978	0.3235	0.3608	0.3827	0.1818	0.1585	-0.128541
0.4481	0.4483	0.452	0.3444	0.3114	0.2945	0.5987	0.4713	0.3885	1.22892
0.4302	0.4229	0.4959	0.3366	0.2322	0.4788	0.9051	0.5693	0.2418	1.42474
0.4721	0.4731	0.4749	0.408	0.3045	0.3336	0.4815	0.2	0.2143	-0.410058
0.4715	0.469	0.4832	0.4047	0.3088	0.4189	0.4737	0.2408	0.2842	-0.322415
0.434	0.4364	0.4935	0.2938	0.2838	0.48	0.6042	0.5417	0.4861	2.33168
0.4309	0.4262	0.4439	0.3257	0.2532	0.3112	0.8085	0.5816	0.5282	1.67035
0.4529	0.4512	0.4541	0.3364	0.306	0.3043	0.4875	0.4224	0.3851	1.40517
0.4516	0.452	0.494	0.3356	0.3081	0.4776	0.5036	0.4173	0.3714	1.41646
0.4499	0.4537	0.4819	0.3498	0.319	0.4336	0.5946	0.4248	0.4026	1.09621
0.428	0.4286	0.4286	0.2993	0.2468	0.2438	0.7133	0.54	0.5333	2.23579
0.4656	0.4629	0.4643	0.3767	0.3087	0.2834	0.4444	0.3007	0.2549	0.42236
0.4701	0.4659	0.4762	0.3904	0.2884	0.351	0.4222	0.2459	0.224	0.0673469
0.4365	0.4329	0.4934	0.3231	0.2617	0.4795	0.6897	0.5259	0.4914	1.70609
0.462	0.4625	0.4695	0.3575	0.3191	0.3567	0.4267	0.3224	0.3179	0.89714
0.4428	0.4378	0.479	0.3425	0.2233	0.4205	0.6849	0.411	0.3904	1.2765
0.4532	0.4455	0.445	0.3851	0.2842	0.2641	0.7815	0.4379	0.4052	0.211586
0.4649	0.4585	0.4802	0.3796	0.338	0.4081	0.4713	0.4138	0.3029	0.350437
0.4295	0.4274	0.4393	0.3275	0.3021	0.3281	0.8496	0.7368	0.6692	1.62881
0.4575	0.4558	0.4574	0.3473	0.3062	0.2647	0.4586	0.3702	0.2928	1.15335
0.4587	0.4566	0.4595	0.3699	0.3046	0.3178	0.5389	0.3593	0.3533	0.602224
0.4391	0.435	0.443	0.3425	0.2897	0.2883	0.7578	0.5776	0.4753	1.28428
0.4525	0.4517	0.4605	0.3701	0.3373	0.3169	0.6667	0.5098	0.3399	0.600792
0.4726	0.4711	0.4959	0.381	0.3535	0.4814	0.341	0.289	0.289	0.310646
0.4495	0.4411	0.4595	0.3526	0.2517	0.324	0.617	0.4225	0.3662	1.02973
0.4485	0.4491	0.4902	0.3459	0.2787	0.4647	0.5987	0.3896	0.3961	1.19085
0.4598	0.4514	0.4809	0.3847	0.3061	0.4293	0.6087	0.4203	0.3986	0.219723
0.4555	0.4519	0.4537	0.3608	0.2603	0.2771	0.5503	0.3356	0.3423	0.826407
0.4578	0.4506	0.4607	0.3785	0.3525	0.3542	0.6096	0.5959	0.4354	0.380506
0.4447	0.4475	0.4643	0.3435	0.3035	0.3609	0.6547	0.4604	0.4029	1.24841
0.4479	0.4347	0.4647	0.3564	0.2619	0.3695	0.6714	0.5071	0.4296	0.939735
0.4321	0.4275	0.4368	0.3158	0.2722	0.291	0.7279	0.619	0.5578	1.88642
0.4628	0.4654	0.466	0.3542	0.3155	0.3369	0.4037	0.2857	0.3168	0.975935
0.4562	0.4573	0.4962	0.3727	0.3419	0.4847	0.6056	0.4437	0.331	0.530452
0.4464	0.4393	0.4481	0.3205	0.2173	0.2941	0.5251	0.3911	0.4302	1.77411
0.4764	0.4759	0.4765	0.4207	0.3632	0.3499	0.4615	0.2485	0.2189	-0.771032
0.4691	0.4691	0.4917	0.3865	0.3319	0.465	0.4241	0.2722	0.3228	0.170056
0.4568	0.4617	0.4711	0.3525	0.3442	0.3518	0.4889	0.3889	0.2857	1.03303
0.4631	0.461	0.4686	0.3957	0.3235	0.3524	0.6143	0.3475	0.3191	-0.0745039
0.4859	0.484	0.4918	0.4393	0.3912	0.4372	0.3226	0.1935	0.1613	-1.29802
0.4592	0.4562	0.4636	0.3667	0.2657	0.3401	0.5122	0.3049	0.3537	0.681916
0.4643	0.4593	0.4759	0.3814	0.3422	0.349	0.4907	0.4161	0.2249	0.303198
0.4581	0.4602	0.4656	0.3647	0.3046	0.3569	0.522	0.3208	0.3711	0.731898
0.4424	0.4401	0.4801	0.3343	0.2606	0.4299	0.6467	0.4474	0.4276	1.46688
0.4566	0.4551	0.4749	0.3628	0.3012	0.3914	0.5399	0.3681	0.3374	0.780299
0.4402	0.4364	0.4535	0.304	0.2566	0.343	0.5541	0.4777	0.5032	2.1217
0.4441	0.4481	0.4384	0.3193	0.301	0.2609	0.5535	0.4465	0.4654	1.79539
0.4711	0.4715	0.4722	0.3723	0.3438	0.3419	0.3371	0.2655	0.2542	0.530376
0.4568	0.4563	0.4735	0.3516	0.2974	0.3958	0.4868	0.3487	0.3816	1.04501
0.4531	0.4506	0.4588	0.3521	0.3027	0.3215	0.5489	0.4211	0.3684	1.03345
0.4397	0.4319	0.4368	0.3427	0.2812	0.2652	0.7459	0.5902	0.4918	1.26809
0.4489	0.4507	0.4658	0.3498	0.3011	0.3565	0.6135	0.4172	0.3681	1.10278
0.4545	0.4534	0.482	0.3434	0.3347	0.4279	0.4892	0.4748	0.3597	1.23503
0.4559	0.4575	0.4669	0.3514	0.3103	0.3287	0.5	0.3605	0.2907	1.05709
0.4246	0.4261	0.4915	0.3107	0.2406	0.4726	0.8333	0.553	0.4593	1.99857
0.4467	0.4459	0.4448	0.3327	0.2861	0.2595	0.5688	0.4375	0.4	1.49872
0.4629	0.4611	0.4752	0.3828	0.3502	0.3947	0.5283	0.4151	0.3459	0.26755
0.4572	0.4623	0.4874	0.3847	0.2657	0.4441	0.6713	0.2534	0.3082	0.221229
0.4537	0.4567	0.4523	0.3478	0.3194	0.2933	0.521	0.3892	0.3832	1.14407
0.4554	0.4552	0.456	0.3517	0.2538	0.2794	0.5091	0.3	0.3235	1.05037
0.458	0.4535	0.4797	0.3637	0.2799	0.4276	0.519	0.3481	0.4214	0.754514
0.468	0.4724	0.4689	0.387	0.3431	0.3358	0.4469	0.2541	0.2818	0.157472
0.4349	0.4274	0.4346	0.3293	0.2842	0.2903	0.7538	0.6615	0.5846	1.58131
0.4608	0.4561	0.456	0.3644	0.3048	0.2875	0.474	0.3642	0.3353	0.737228
0.4466	0.4391	0.4971	0.3359	0.255	0.4897	0.5828	0.4479	0.4049	1.42779
0.4737	0.4739	0.4725	0.3984	0.2893	0.2583	0.3902	0.1805	0.1707	-0.148354
0.4677	0.4695	0.4919	0.3826	0.3196	0.4632	0.4312	0.25	0.2938	0.271322
0.4525	0.4443	0.4681	0.3447	0.2407	0.3229	0.5269	0.3772	0.269	1.21783
0.4357	0.4308	0.4334	0.336	0.2363	0.2702	0.782	0.4962	0.5414	1.42986
0.4506	0.4437	0.4892	0.3646	0.3024	0.463	0.6691	0.5036	0.4317	0.737018
0.4335	0.4379	0.4282	0.3205	0.3087	0.244	0.7278	0.6036	0.5385	1.79124
0.4371	0.4339	0.4356	0.3117	0.2548	0.2707	0.6279	0.5	0.5174	1.97657
0.4459	0.4452	0.4416	0.3264	0.276	0.2781	0.554	0.4245	0.4676	1.62984
0.4557	0.4543	0.4502	0.3655	0.3413	0.2791	0.5714	0.4845	0.3789	0.713716
0.461	0.4556	0.4782	0.3635	0.2831	0.4018	0.466	0.3333	0.3177	0.762681
0.4622	0.4582	0.4885	0.3957	0.331	0.4557	0.6369	0.3987	0.3671	-0.0761648
0.4152	0.4093	0.4147	0.2919	0.2314	0.2326	0.8897	0.7241	0.6621	2.40252
0.449	0.4478	0.4568	0.3383	0.2825	0.3287	0.5548	0.4103	0.4103	1.3675
0.4501	0.4479	0.4661	0.3339	0.2426	0.3531	0.52	0.3486	0.3543	1.472
0.428	0.4286	0.438	0.3237	0.2926	0.2984	0.8529	0.6765	0.5662	1.71594
0.4637	0.4645	0.464	0.3739	0.3496	0.3159	0.4658	0.3665	0.3006	0.49577
0.4687	0.4667	0.4769	0.3574	0.3235	0.3674	0.3295	0.2841	0.2443	0.895202
0.4269	0.4243	0.4315	0.2838	0.2431	0.2733	0.6667	0.5786	0.5723	2.547
0.4697	0.4699	0.47	0.3768	0.344	0.3335	0.3734	0.2848	0.2658	0.416469
